<?xml version="1.0" encoding="UTF-8"?>
<testsuite name="tron.djed.FeeInfo" tests="1" skipped="0" failures="0" errors="0" timestamp="2020-04-10T04:38:48" hostname="zhukaideiMac.local" time="0.474">
  <properties/>
  <testcase name="feeinfo" classname="tron.djed.FeeInfo" time="0.474"/>
  <system-out><![CDATA[http://api.just.network/scan/feeInfo
12:38:48.491 [TestNG-tests-1] DEBUG org.apache.http.impl.conn.PoolingClientConnectionManager - Connection request: [route: {}->http://api.just.network:80][total kept alive: 0; route allocated: 0 of 80; total allocated: 0 of 100]
12:38:48.491 [TestNG-tests-1] DEBUG org.apache.http.impl.conn.PoolingClientConnectionManager - Connection leased: [id: 12][route: {}->http://api.just.network:80][total kept alive: 0; route allocated: 1 of 80; total allocated: 1 of 100]
12:38:48.491 [TestNG-tests-1] DEBUG org.apache.http.impl.conn.DefaultClientConnectionOperator - Connecting to api.just.network:80
12:38:48.725 [TestNG-tests-1] DEBUG org.apache.http.client.protocol.RequestAddCookies - CookieSpec selected: default
12:38:48.725 [TestNG-tests-1] DEBUG org.apache.http.client.protocol.RequestAuthCache - Auth cache not set in the context
12:38:48.725 [TestNG-tests-1] DEBUG org.apache.http.client.protocol.RequestTargetAuthentication - Target auth state: UNCHALLENGED
12:38:48.725 [TestNG-tests-1] DEBUG org.apache.http.client.protocol.RequestProxyAuthentication - Proxy auth state: UNCHALLENGED
12:38:48.725 [TestNG-tests-1] DEBUG org.apache.http.impl.client.DefaultHttpClient - Attempt 1 to execute request
12:38:48.725 [TestNG-tests-1] DEBUG org.apache.http.impl.conn.DefaultClientConnection - Sending request: GET /scan/feeInfo HTTP/1.1
12:38:48.725 [TestNG-tests-1] DEBUG org.apache.http.wire -  >> "GET /scan/feeInfo HTTP/1.1[\r][\n]"
12:38:48.725 [TestNG-tests-1] DEBUG org.apache.http.wire -  >> "Content-type: application/json; charset=utf-8[\r][\n]"
12:38:48.725 [TestNG-tests-1] DEBUG org.apache.http.wire -  >> "Connection: Close[\r][\n]"
12:38:48.726 [TestNG-tests-1] DEBUG org.apache.http.wire -  >> "Host: api.just.network[\r][\n]"
12:38:48.726 [TestNG-tests-1] DEBUG org.apache.http.wire -  >> "User-Agent: Apache-HttpClient/4.5.3 (Java/1.8.0_211)[\r][\n]"
12:38:48.726 [TestNG-tests-1] DEBUG org.apache.http.wire -  >> "[\r][\n]"
12:38:48.726 [TestNG-tests-1] DEBUG org.apache.http.headers - >> GET /scan/feeInfo HTTP/1.1
12:38:48.726 [TestNG-tests-1] DEBUG org.apache.http.headers - >> Content-type: application/json; charset=utf-8
12:38:48.726 [TestNG-tests-1] DEBUG org.apache.http.headers - >> Connection: Close
12:38:48.726 [TestNG-tests-1] DEBUG org.apache.http.headers - >> Host: api.just.network
12:38:48.726 [TestNG-tests-1] DEBUG org.apache.http.headers - >> User-Agent: Apache-HttpClient/4.5.3 (Java/1.8.0_211)
12:38:48.963 [TestNG-tests-1] DEBUG org.apache.http.wire -  << "HTTP/1.1 200 [\r][\n]"
12:38:48.963 [TestNG-tests-1] DEBUG org.apache.http.wire -  << "Server: nginx/1.16.1[\r][\n]"
12:38:48.963 [TestNG-tests-1] DEBUG org.apache.http.wire -  << "Date: Fri, 10 Apr 2020 04:38:48 GMT[\r][\n]"
12:38:48.963 [TestNG-tests-1] DEBUG org.apache.http.wire -  << "Content-Type: application/json;charset=UTF-8[\r][\n]"
12:38:48.963 [TestNG-tests-1] DEBUG org.apache.http.wire -  << "Content-Length: 263[\r][\n]"
12:38:48.963 [TestNG-tests-1] DEBUG org.apache.http.wire -  << "Connection: close[\r][\n]"
12:38:48.963 [TestNG-tests-1] DEBUG org.apache.http.wire -  << "Cache-Control: no-cache, no-store, must-revalidate[\r][\n]"
12:38:48.963 [TestNG-tests-1] DEBUG org.apache.http.wire -  << "[\r][\n]"
12:38:48.963 [TestNG-tests-1] DEBUG org.apache.http.impl.conn.DefaultClientConnection - Receiving response: HTTP/1.1 200 
12:38:48.963 [TestNG-tests-1] DEBUG org.apache.http.headers - << HTTP/1.1 200 
12:38:48.963 [TestNG-tests-1] DEBUG org.apache.http.headers - << Server: nginx/1.16.1
12:38:48.963 [TestNG-tests-1] DEBUG org.apache.http.headers - << Date: Fri, 10 Apr 2020 04:38:48 GMT
12:38:48.963 [TestNG-tests-1] DEBUG org.apache.http.headers - << Content-Type: application/json;charset=UTF-8
12:38:48.963 [TestNG-tests-1] DEBUG org.apache.http.headers - << Content-Length: 263
12:38:48.963 [TestNG-tests-1] DEBUG org.apache.http.headers - << Connection: close
12:38:48.963 [TestNG-tests-1] DEBUG org.apache.http.headers - << Cache-Control: no-cache, no-store, must-revalidate
http://api.just.network/scan/feeInfo 请求总耗时：473 毫秒
12:38:48.963 [TestNG-tests-1] DEBUG org.apache.http.wire -  << "{"code":0,"data":[{"fee":"0.00500310970192749827076188","spell":"setFee(uint256 ray 0000000000000000000000000000000000000000033b2e3ca201305ced19fb1e)","t":1585901313000,"tx":"4c3b61b24b1cbd83c0ff43cff74913c0e0336009c574f87e7a429d716e8b53cf"}],"message":"SUCCESS"}"
12:38:48.964 [TestNG-tests-1] DEBUG org.apache.http.impl.conn.DefaultClientConnection - Connection 0.0.0.0:53166<->3.12.242.83:80 closed
12:38:48.964 [TestNG-tests-1] DEBUG org.apache.http.impl.conn.PoolingClientConnectionManager - Connection released: [id: 12][route: {}->http://api.just.network:80][total kept alive: 0; route allocated: 0 of 80; total allocated: 0 of 100]
12:38:48.964 [TestNG-tests-1] INFO tron.common.TronscanApiList - ----------------------------Print JSON Start---------------------------
12:38:48.964 [TestNG-tests-1] INFO tron.common.TronscanApiList - code:0
12:38:48.964 [TestNG-tests-1] INFO tron.common.TronscanApiList - data:[{"spell":"setFee(uint256 ray 0000000000000000000000000000000000000000033b2e3ca201305ced19fb1e)","t":1585901313000,"tx":"4c3b61b24b1cbd83c0ff43cff74913c0e0336009c574f87e7a429d716e8b53cf","fee":"0.00500310970192749827076188"}]
12:38:48.964 [TestNG-tests-1] INFO tron.common.TronscanApiList - message:SUCCESS
12:38:48.964 [TestNG-tests-1] INFO tron.common.TronscanApiList - JSON content size are: 3
12:38:48.964 [TestNG-tests-1] INFO tron.common.TronscanApiList - ----------------------------Print JSON End-----------------------------
]]></system-out>
  <system-err><![CDATA[]]></system-err>
</testsuite>
