<?xml version="1.0" encoding="UTF-8"?>
<testsuite name="tron.djed.PollList" tests="1" skipped="0" failures="0" errors="0" timestamp="2020-04-13T05:32:28" hostname="zhukaideiMac" time="0.504">
  <properties/>
  <testcase name="pollList" classname="tron.djed.PollList" time="0.504"/>
  <system-out><![CDATA[http://api.just.network/gov/poll/list
13:32:28.173 [TestNG-tests-1] DEBUG org.apache.http.impl.conn.PoolingClientConnectionManager - Connection request: [route: {}->http://api.just.network:80][total kept alive: 0; route allocated: 0 of 80; total allocated: 0 of 100]
13:32:28.173 [TestNG-tests-1] DEBUG org.apache.http.impl.conn.PoolingClientConnectionManager - Connection leased: [id: 9][route: {}->http://api.just.network:80][total kept alive: 0; route allocated: 1 of 80; total allocated: 1 of 100]
13:32:28.174 [TestNG-tests-1] DEBUG org.apache.http.impl.conn.DefaultClientConnectionOperator - Connecting to api.just.network:80
13:32:28.406 [TestNG-tests-1] DEBUG org.apache.http.client.protocol.RequestAddCookies - CookieSpec selected: default
13:32:28.406 [TestNG-tests-1] DEBUG org.apache.http.client.protocol.RequestAuthCache - Auth cache not set in the context
13:32:28.406 [TestNG-tests-1] DEBUG org.apache.http.client.protocol.RequestTargetAuthentication - Target auth state: UNCHALLENGED
13:32:28.406 [TestNG-tests-1] DEBUG org.apache.http.client.protocol.RequestProxyAuthentication - Proxy auth state: UNCHALLENGED
13:32:28.406 [TestNG-tests-1] DEBUG org.apache.http.impl.client.DefaultHttpClient - Attempt 1 to execute request
13:32:28.406 [TestNG-tests-1] DEBUG org.apache.http.impl.conn.DefaultClientConnection - Sending request: GET /gov/poll/list HTTP/1.1
13:32:28.406 [TestNG-tests-1] DEBUG org.apache.http.wire -  >> "GET /gov/poll/list HTTP/1.1[\r][\n]"
13:32:28.406 [TestNG-tests-1] DEBUG org.apache.http.wire -  >> "Content-type: application/json; charset=utf-8[\r][\n]"
13:32:28.406 [TestNG-tests-1] DEBUG org.apache.http.wire -  >> "Connection: Close[\r][\n]"
13:32:28.406 [TestNG-tests-1] DEBUG org.apache.http.wire -  >> "Host: api.just.network[\r][\n]"
13:32:28.406 [TestNG-tests-1] DEBUG org.apache.http.wire -  >> "User-Agent: Apache-HttpClient/4.5.3 (Java/1.8.0_211)[\r][\n]"
13:32:28.406 [TestNG-tests-1] DEBUG org.apache.http.wire -  >> "[\r][\n]"
13:32:28.406 [TestNG-tests-1] DEBUG org.apache.http.headers - >> GET /gov/poll/list HTTP/1.1
13:32:28.406 [TestNG-tests-1] DEBUG org.apache.http.headers - >> Content-type: application/json; charset=utf-8
13:32:28.406 [TestNG-tests-1] DEBUG org.apache.http.headers - >> Connection: Close
13:32:28.406 [TestNG-tests-1] DEBUG org.apache.http.headers - >> Host: api.just.network
13:32:28.406 [TestNG-tests-1] DEBUG org.apache.http.headers - >> User-Agent: Apache-HttpClient/4.5.3 (Java/1.8.0_211)
13:32:28.676 [TestNG-tests-1] DEBUG org.apache.http.wire -  << "HTTP/1.1 200 [\r][\n]"
13:32:28.676 [TestNG-tests-1] DEBUG org.apache.http.wire -  << "Server: nginx/1.16.1[\r][\n]"
13:32:28.676 [TestNG-tests-1] DEBUG org.apache.http.wire -  << "Date: Mon, 13 Apr 2020 05:32:28 GMT[\r][\n]"
13:32:28.676 [TestNG-tests-1] DEBUG org.apache.http.wire -  << "Content-Type: application/json;charset=UTF-8[\r][\n]"
13:32:28.676 [TestNG-tests-1] DEBUG org.apache.http.wire -  << "Content-Length: 1091[\r][\n]"
13:32:28.676 [TestNG-tests-1] DEBUG org.apache.http.wire -  << "Connection: close[\r][\n]"
13:32:28.676 [TestNG-tests-1] DEBUG org.apache.http.wire -  << "Cache-Control: no-cache, no-store, must-revalidate[\r][\n]"
13:32:28.676 [TestNG-tests-1] DEBUG org.apache.http.wire -  << "[\r][\n]"
13:32:28.676 [TestNG-tests-1] DEBUG org.apache.http.impl.conn.DefaultClientConnection - Receiving response: HTTP/1.1 200 
13:32:28.676 [TestNG-tests-1] DEBUG org.apache.http.headers - << HTTP/1.1 200 
13:32:28.676 [TestNG-tests-1] DEBUG org.apache.http.headers - << Server: nginx/1.16.1
13:32:28.676 [TestNG-tests-1] DEBUG org.apache.http.headers - << Date: Mon, 13 Apr 2020 05:32:28 GMT
13:32:28.676 [TestNG-tests-1] DEBUG org.apache.http.headers - << Content-Type: application/json;charset=UTF-8
13:32:28.676 [TestNG-tests-1] DEBUG org.apache.http.headers - << Content-Length: 1091
13:32:28.676 [TestNG-tests-1] DEBUG org.apache.http.headers - << Connection: close
13:32:28.676 [TestNG-tests-1] DEBUG org.apache.http.headers - << Cache-Control: no-cache, no-store, must-revalidate
http://api.just.network/gov/poll/list 请求总耗时：503 毫秒
13:32:28.677 [TestNG-tests-1] DEBUG org.apache.http.wire -  << "{"code":0,"data":[{"content":"https://raw.githubusercontent.com/just-protocal/community/master/governance/polls/Poll-Debt-Ceiling-Initialization-March20-2020.md","endTime":1587254400000,"id":1,"pollKey":"Debt-Ceiling-Initialization-March-20-2020","startTime":1584576000000,"state":1,"summary":"The Just Foundation Interim Risk Team has placed a Governance Poll into the voting system to alter the USDJ Debt Ceilings.","title":"Poll: Debt Ceiling Initialization - March 20, 2020","votersCount":0,"votesSum":"0","winningOpt":null},{"content":"https://raw.githubusercontent.com/just-protocal/community/master/governance/polls/Poll-USDJ-Stability-Fee-Adjustment-March21-2020.md","endTime":1587254400000,"id":2,"pollKey":"USDJ-Stability-Fee-Adjustment-March21-2020","startTime":1584576000000,"state":1,"summary":"The Just Foundation Interim Risk Team has placed a Governance Poll into the voting system which presents a number of possible USDJ Stability Fee options.","title":"USDJ Stability Fee Adjustment - March 21, 2020","votersCount":0,"votesSum":"0","winningOpt":null}],"message":"SUCCESS"}"
13:32:28.677 [TestNG-tests-1] DEBUG org.apache.http.impl.conn.DefaultClientConnection - Connection 0.0.0.0:52490<->3.12.242.83:80 closed
13:32:28.677 [TestNG-tests-1] DEBUG org.apache.http.impl.conn.PoolingClientConnectionManager - Connection released: [id: 9][route: {}->http://api.just.network:80][total kept alive: 0; route allocated: 0 of 80; total allocated: 0 of 100]
13:32:28.677 [TestNG-tests-1] INFO tron.common.TronscanApiList - ----------------------------Print JSON Start---------------------------
13:32:28.677 [TestNG-tests-1] INFO tron.common.TronscanApiList - code:0
13:32:28.677 [TestNG-tests-1] INFO tron.common.TronscanApiList - data:[{"summary":"The Just Foundation Interim Risk Team has placed a Governance Poll into the voting system to alter the USDJ Debt Ceilings.","votersCount":0,"votesSum":"0","pollKey":"Debt-Ceiling-Initialization-March-20-2020","startTime":1584576000000,"endTime":1587254400000,"id":1,"state":1,"title":"Poll: Debt Ceiling Initialization - March 20, 2020","content":"https://raw.githubusercontent.com/just-protocal/community/master/governance/polls/Poll-Debt-Ceiling-Initialization-March20-2020.md"},{"summary":"The Just Foundation Interim Risk Team has placed a Governance Poll into the voting system which presents a number of possible USDJ Stability Fee options.","votersCount":0,"votesSum":"0","pollKey":"USDJ-Stability-Fee-Adjustment-March21-2020","startTime":1584576000000,"endTime":1587254400000,"id":2,"state":1,"title":"USDJ Stability Fee Adjustment - March 21, 2020","content":"https://raw.githubusercontent.com/just-protocal/community/master/governance/polls/Poll-USDJ-Stability-Fee-Adjustment-March21-2020.md"}]
13:32:28.677 [TestNG-tests-1] INFO tron.common.TronscanApiList - message:SUCCESS
13:32:28.677 [TestNG-tests-1] INFO tron.common.TronscanApiList - JSON content size are: 3
13:32:28.677 [TestNG-tests-1] INFO tron.common.TronscanApiList - ----------------------------Print JSON End-----------------------------
]]></system-out>
  <system-err><![CDATA[]]></system-err>
</testsuite>
