<?xml version="1.0" encoding="UTF-8"?>
<testsuite name="tron.djed.CollInfo" tests="1" skipped="0" failures="0" errors="0" timestamp="2020-04-10T04:38:42" hostname="zhukaideiMac.local" time="2.142">
  <properties/>
  <testcase name="tokenInfoTrx" classname="tron.djed.CollInfo" time="2.142"/>
  <system-out><![CDATA[http://api.just.network/scan/collInfo/timeLine
12:38:42.292 [TestNG-tests-1] DEBUG org.apache.http.impl.conn.PoolingClientConnectionManager - Connection request: [route: {}->http://api.just.network:80][total kept alive: 0; route allocated: 0 of 80; total allocated: 0 of 100]
12:38:42.292 [TestNG-tests-1] DEBUG org.apache.http.impl.conn.PoolingClientConnectionManager - Connection leased: [id: 8][route: {}->http://api.just.network:80][total kept alive: 0; route allocated: 1 of 80; total allocated: 1 of 100]
12:38:42.292 [TestNG-tests-1] DEBUG org.apache.http.impl.conn.DefaultClientConnectionOperator - Connecting to api.just.network:80
12:38:42.593 [TestNG-tests-1] DEBUG org.apache.http.client.protocol.RequestAddCookies - CookieSpec selected: default
12:38:42.593 [TestNG-tests-1] DEBUG org.apache.http.client.protocol.RequestAuthCache - Auth cache not set in the context
12:38:42.593 [TestNG-tests-1] DEBUG org.apache.http.client.protocol.RequestTargetAuthentication - Target auth state: UNCHALLENGED
12:38:42.593 [TestNG-tests-1] DEBUG org.apache.http.client.protocol.RequestProxyAuthentication - Proxy auth state: UNCHALLENGED
12:38:42.593 [TestNG-tests-1] DEBUG org.apache.http.impl.client.DefaultHttpClient - Attempt 1 to execute request
12:38:42.593 [TestNG-tests-1] DEBUG org.apache.http.impl.conn.DefaultClientConnection - Sending request: GET /scan/collInfo/timeLine HTTP/1.1
12:38:42.593 [TestNG-tests-1] DEBUG org.apache.http.wire -  >> "GET /scan/collInfo/timeLine HTTP/1.1[\r][\n]"
12:38:42.593 [TestNG-tests-1] DEBUG org.apache.http.wire -  >> "Content-type: application/json; charset=utf-8[\r][\n]"
12:38:42.593 [TestNG-tests-1] DEBUG org.apache.http.wire -  >> "Connection: Close[\r][\n]"
12:38:42.593 [TestNG-tests-1] DEBUG org.apache.http.wire -  >> "Host: api.just.network[\r][\n]"
12:38:42.594 [TestNG-tests-1] DEBUG org.apache.http.wire -  >> "User-Agent: Apache-HttpClient/4.5.3 (Java/1.8.0_211)[\r][\n]"
12:38:42.594 [TestNG-tests-1] DEBUG org.apache.http.wire -  >> "[\r][\n]"
12:38:42.594 [TestNG-tests-1] DEBUG org.apache.http.headers - >> GET /scan/collInfo/timeLine HTTP/1.1
12:38:42.594 [TestNG-tests-1] DEBUG org.apache.http.headers - >> Content-type: application/json; charset=utf-8
12:38:42.594 [TestNG-tests-1] DEBUG org.apache.http.headers - >> Connection: Close
12:38:42.594 [TestNG-tests-1] DEBUG org.apache.http.headers - >> Host: api.just.network
12:38:42.594 [TestNG-tests-1] DEBUG org.apache.http.headers - >> User-Agent: Apache-HttpClient/4.5.3 (Java/1.8.0_211)
12:38:42.827 [TestNG-tests-1] DEBUG org.apache.http.wire -  << "HTTP/1.1 200 [\r][\n]"
12:38:42.827 [TestNG-tests-1] DEBUG org.apache.http.wire -  << "Server: nginx/1.16.1[\r][\n]"
12:38:42.827 [TestNG-tests-1] DEBUG org.apache.http.wire -  << "Date: Fri, 10 Apr 2020 04:38:42 GMT[\r][\n]"
12:38:42.827 [TestNG-tests-1] DEBUG org.apache.http.wire -  << "Content-Type: application/json;charset=UTF-8[\r][\n]"
12:38:42.827 [TestNG-tests-1] DEBUG org.apache.http.wire -  << "Content-Length: 104338[\r][\n]"
12:38:42.827 [TestNG-tests-1] DEBUG org.apache.http.wire -  << "Connection: close[\r][\n]"
12:38:42.827 [TestNG-tests-1] DEBUG org.apache.http.wire -  << "Cache-Control: no-cache, no-store, must-revalidate[\r][\n]"
12:38:42.827 [TestNG-tests-1] DEBUG org.apache.http.wire -  << "[\r][\n]"
12:38:42.827 [TestNG-tests-1] DEBUG org.apache.http.impl.conn.DefaultClientConnection - Receiving response: HTTP/1.1 200 
12:38:42.827 [TestNG-tests-1] DEBUG org.apache.http.headers - << HTTP/1.1 200 
12:38:42.827 [TestNG-tests-1] DEBUG org.apache.http.headers - << Server: nginx/1.16.1
12:38:42.827 [TestNG-tests-1] DEBUG org.apache.http.headers - << Date: Fri, 10 Apr 2020 04:38:42 GMT
12:38:42.827 [TestNG-tests-1] DEBUG org.apache.http.headers - << Content-Type: application/json;charset=UTF-8
12:38:42.827 [TestNG-tests-1] DEBUG org.apache.http.headers - << Content-Length: 104338
12:38:42.827 [TestNG-tests-1] DEBUG org.apache.http.headers - << Connection: close
12:38:42.827 [TestNG-tests-1] DEBUG org.apache.http.headers - << Cache-Control: no-cache, no-store, must-revalidate
http://api.just.network/scan/collInfo/timeLine 请求总耗时：536 毫秒
12:38:42.827 [TestNG-tests-1] DEBUG org.apache.http.wire -  << "{"code":0,"data":[{"ptrxLocked":"0","t":1585906380000,"cRatio":"0","per":"1000000000000000000000000000","wtrxLocked":"0"},{"ptrxLocked":"0","t":1585906500000,"cRatio":"0","per":"1000000000000000000000000000","wtrxLocked":"0"},{"ptrxLocked":"0","t":1585906800001,"cRatio":"0","per":"1000000000000000000000000000","wtrxLocked":"0"},{"ptrxLocked":"0","t":1585907100000,"cRatio":"0","per":"1000000000000000000000000000","wtrxLocked":"0"},{"ptrxLocked":"0","t":1585908000001,"cRatio":"0","per":"1000000000000000000000000000","wtrxLocked":"0"},{"ptrxLocked":"0","t":1585908900000,"cRatio":"0","per":"1000000000000000000000000000","wtrxLocked":"0"},{"ptrxLocked":"101000000000000000000","t":1585909800000,"cRatio":"2435852402934100000","per":"1000000000000000000000000000","wtrxLocked":"101000000"},{"ptrxLocked":"111246912000000000000","t":1585910700001,"cRatio":"2580593563706476985","per":"1000000000000000000000000000","wtrxLocked":"111246912"},{"ptrxLocked":"211256912000000000000","t":1585911600000,"cRatio":"4113289208852627092","per":"1000000000000000000000000000","wtrxLocked":"211256912"},{"ptrxLocked":"216380368000000000000","t":1585912500000,"cRatio":"4213045737892639025","per":"1000000000000000000000000000","wtrxLocked":"216380368"},{"ptrxLocked":"216380368000000000000","t":1585913400000,"cRatio":"4152196275677714100","per":"1000000000000000000000000000","wtrxLocked":"216380368"},{"ptrxLocked":"216380368000000000000","t":1585914300000,"cRatio":"4152634608276882281","per":"1000000000000000000000000000","wtrxLocked":"216380368"},{"ptrxLocked":"428380368000000000000","t":1585915200000,"cRatio":"5573664303117522694","per":"1000000000000000000000000000","wtrxLocked":"428380368"},{"ptrxLocked":"618380368000000000000","t":1585916100000,"cRatio":"4890558514704115102","per":"1000000000000000000000000000","wtrxLocked":"618380368"},{"ptrxLocked":"819380368000000000000","t":1585917000000,"cRatio":"5432377398148148411","per":"1000000000000000000000000000","wtrxLocked":"819380368"},{"ptrxLocked":"729380368000000000000","t":1585917900000,"cRatio":"3797988258380305404","per":"1000000000000000000000000000","wtrxLocked":"729380368"},{"ptrxLocked":"879303824000000000000","t":1585918800000,"cRatio":"4383230715954402843","per":"1000000000000000000000000000","wtrxLocked":"879303824"},{"ptrxLocked":"982303824000000000000","t":1585919700000,"cRatio":"4354884332989446021","per":"1000000000000000000000000000","wtrxLocked":"982303824"},{"ptrxLocked":"933303824000000000000","t":1585920600000,"cRatio":"4093329929399843029","per":"1000000000000000000000000000","wtrxLocked":"933303824"},{"ptrxLocked":"1030427280000000000000","t":1585921500001,"cRatio":"4519111693998207664","per":"1000000000000000000000000000","wtrxLocked":"1030427280"},{"ptrxLocked":"1030427280000000000000","t":1585922400000,"cRatio":"4519111693998207664","per":"1000000000000000000000000000","wtrxLocked":"1030427280"},{"ptrxLocked":"1030427280000000000000","t":1585923300000,"cRatio":"4519111693998207664","per":"1000000000000000000000000000","wtrxLocked":"1030427280"},{"ptrxLocked":"1030427280000000000000","t":1585924200000,"cRatio":"4511000466765320609","per":"1000000000000000000000000000","wtrxLocked":"1030427280"},{"ptrxLocked":"60002030427280000000000000","t":1585925100000,"cRatio":"192179570415281115276802","per":"1000000000000000000000000000","wtrxLocked":"60002030427280"},{"ptrxLocked":"60002030427280000000000000","t":1585926000000,"cRatio":"3576257445658620824","per":"1000000000000000000000000000","wtrxLocked":"60002030427280"},{"ptrxLocked":"60002230427280000000000000","t":1585926900000,"cRatio":"3576251485189874189","per":"1000000000000000000000000000","wtrxLocked":"60002230427280"},{"ptrxLocked":"60002230427280000000000000","t":1585927800000,"cRatio":"3565643463466486803","per":"1000000000000000000000000000","wtrxLocked":"60002230427280"},{"ptrxLocked":"60002230427280000000000000","t":1585928700000,"cRatio":"3558612984394898226","per":"1000000000000000000000000000","wtrxLocked":"60002230427280"},{"ptrxLocked":"60002230427280000000000000","t":1585929600000,"cRatio":"3554968758642971265","per":"1000000000000000000000000000","wtrxLocked":"60002230427280"},{"ptrxLocked":"60002230427280000000000000","t":1585930500000,"cRatio":"3554968758642971265","per":"1000000000000000000000000000","wtrxLocked":"60002230427280"},{"ptrxLocked":"60002230427280000000000000","t":1585931400001,"cRatio":"3553371359210323513","per":"1000000000000000000000000000","wtrxLocked":"60002230427280"},{"ptrxLocked":"60002230427280000000000000","t":1585932300000,"cRatio":"3551687667902856704","per":"1000000000000000000000000000","wtrxLocked":"60002230427280"},{"ptrxLocked":"60002230427280000000000000","t":1585933200000,"cRatio":"3549598458121460312","per":"1000000000000000000000000000","wtrxLocked":"60002230427280"},{"ptrxLocked":"60002230427280000000000000","t":1585934100000,"cRatio":"3549598458121460312","per":"1000000000000000000000000000","wtrxLocked":"60002230427280"},{"ptrxLocked":"60002230427280000000000000","t":1585935000000,"cRatio":"3549598458121460312","per":"1000000000000000000000000000","wtrxLocked":"60002230427280"},{"ptrxLocked":"60002230427280000000000000","t":1585935900000,"cRatio":"3557501354579457726","per":"1000000000000000000000000000","wtrxLocked":"60002230427280"},{"ptrxLocked":"60002230427280000000000000","t":1585936800001,"cRatio":"3568505069644149211","per":"1000000000000000000000000000","wtrxLocked":"60002230427280"},{"ptrxLocked":"60002230427280000000000000","t":1585937700000,"cRatio":"3568505069644149211","per":"1000000000000000000000000000","wtrxLocked":"60002230427280"},{"ptrxLocked":"60002230427280000000000000","t":1585938600000,"cRatio":"3568503062377053925","per":"1000000000000000000000000000","wtrxLocked":"60002230427280"},{"ptrxLocked":"60002230427280000000000000","t":1585939500000,"cRatio":"3568503062377053925","per":"1000000000000000000000000000","wtrxLocked":"60002230427280"},{"ptrxLocked":"60002230427280000000000000","t":1585940400000,"cRatio":"3570450757788205168","per":"1000000000000000000000000000","wtrxLocked":"60002230427280"},{"ptrxLocked":"60002230427280000000000000","t":1585941300000,"cRatio":"3570450757788205168","per":"1000000000000000000000000000","wtrxLocked":"60002230427280"},{"ptrxLocked":"60002230427280000000000000","t":1585942200000,"cRatio":"3570450757788205168","per":"1000000000000000000000000000","wtrxLocked":"60002230427280"},{"ptrxLocked":"60002230427280000000000000","t":1585943100000,"cRatio":"3570450757788205168","per":"1000000000000000000"
12:38:42.828 [TestNG-tests-1] DEBUG org.apache.http.wire -  << "000000000","wtrxLocked":"60002230427280"},{"ptrxLocked":"60002230427280000000000000","t":1585944000000,"cRatio":"3566888117837571885","per":"1000000000000000000000000000","wtrxLocked":"60002230427280"},{"ptrxLocked":"60002230427280000000000000","t":1585944900000,"cRatio":"3566888117837571885","per":"1000000000000000000000000000","wtrxLocked":"60002230427280"},{"ptrxLocked":"60002230427280000000000000","t":1585945800000,"cRatio":"3572865231060201639","per":"1000000000000000000000000000","wtrxLocked":"60002230427280"},{"ptrxLocked":"60002230427280000000000000","t":1585946700000,"cRatio":"3576377714893797820","per":"1000000000000000000000000000","wtrxLocked":"60002230427280"},{"ptrxLocked":"60002230427280000000000000","t":1585947600000,"cRatio":"3576377714893797820","per":"1000000000000000000000000000","wtrxLocked":"60002230427280"},{"ptrxLocked":"60002230427280000000000000","t":1585948500000,"cRatio":"3576377714893797820","per":"1000000000000000000000000000","wtrxLocked":"60002230427280"},{"ptrxLocked":"60002230427280000000000000","t":1585949400000,"cRatio":"3567645248857776773","per":"1000000000000000000000000000","wtrxLocked":"60002230427280"},{"ptrxLocked":"60002230427280000000000000","t":1585950300000,"cRatio":"3560215572187581549","per":"1000000000000000000000000000","wtrxLocked":"60002230427280"},{"ptrxLocked":"60002230427280000000000000","t":1585951200000,"cRatio":"3560215572187581549","per":"1000000000000000000000000000","wtrxLocked":"60002230427280"},{"ptrxLocked":"60002230427280000000000000","t":1585952100000,"cRatio":"3560215572187581549","per":"1000000000000000000000000000","wtrxLocked":"60002230427280"},{"ptrxLocked":"60002230427280000000000000","t":1585953000000,"cRatio":"3570642857191277181","per":"1000000000000000000000000000","wtrxLocked":"60002230427280"},{"ptrxLocked":"60002230427280000000000000","t":1585953900000,"cRatio":"3574933440408121688","per":"1000000000000000000000000000","wtrxLocked":"60002230427280"},{"ptrxLocked":"60002230427280000000000000","t":1585954800000,"cRatio":"3574933440408121688","per":"1000000000000000000000000000","wtrxLocked":"60002230427280"},{"ptrxLocked":"60002230427280000000000000","t":1585955700000,"cRatio":"3574933440408121688","per":"1000000000000000000000000000","wtrxLocked":"60002230427280"},{"ptrxLocked":"60002230427280000000000000","t":1585956600000,"cRatio":"3574933440408121688","per":"1000000000000000000000000000","wtrxLocked":"60002230427280"},{"ptrxLocked":"60002230427280000000000000","t":1585957500000,"cRatio":"3577411106413131259","per":"1000000000000000000000000000","wtrxLocked":"60002230427280"},{"ptrxLocked":"60002230427280000000000000","t":1585958400000,"cRatio":"3577411106413131259","per":"1000000000000000000000000000","wtrxLocked":"60002230427280"},{"ptrxLocked":"60002230427280000000000000","t":1585959300000,"cRatio":"3577411106413131259","per":"1000000000000000000000000000","wtrxLocked":"60002230427280"},{"ptrxLocked":"60002230427280000000000000","t":1585960200000,"cRatio":"3579668590025987926","per":"1000000000000000000000000000","wtrxLocked":"60002230427280"},{"ptrxLocked":"60002230427280000000000000","t":1585961100000,"cRatio":"3593433064937058050","per":"1000000000000000000000000000","wtrxLocked":"60002230427280"},{"ptrxLocked":"60002230427280000000000000","t":1585962000000,"cRatio":"3594797421283951605","per":"1000000000000000000000000000","wtrxLocked":"60002230427280"},{"ptrxLocked":"60002230427280000000000000","t":1585962900001,"cRatio":"3594797421283951605","per":"1000000000000000000000000000","wtrxLocked":"60002230427280"},{"ptrxLocked":"60002230427280000000000000","t":1585963800000,"cRatio":"3594797421283951605","per":"1000000000000000000000000000","wtrxLocked":"60002230427280"},{"ptrxLocked":"60002230427280000000000000","t":1585964700000,"cRatio":"3594797421283951605","per":"1000000000000000000000000000","wtrxLocked":"60002230427280"},{"ptrxLocked":"60002230427280000000000000","t":1585965600000,"cRatio":"3600265789469238220","per":"1000000000000000000000000000","wtrxLocked":"60002230427280"},{"ptrxLocked":"60002230427280000000000000","t":1585966500001,"cRatio":"3600265789469238220","per":"1000000000000000000000000000","wtrxLocked":"60002230427280"},{"ptrxLocked":"60002230427280000000000000","t":1585967400000,"cRatio":"3600265789469238220","per":"1000000000000000000000000000","wtrxLocked":"60002230427280"},{"ptrxLocked":"60002230427280000000000000","t":1585968300000,"cRatio":"3591538489052945781","per":"1000000000000000000000000000","wtrxLocked":"60002230427280"},{"ptrxLocked":"60002230427280000000000000","t":1585969200000,"cRatio":"3584023313148631035","per":"1000000000000000000000000000","wtrxLocked":"60002230427280"},{"ptrxLocked":"60002230427280000000000000","t":1585970100001,"cRatio":"3584023313148631035","per":"1000000000000000000000000000","wtrxLocked":"60002230427280"},{"ptrxLocked":"60002630427280000000000000","t":1585971000000,"cRatio":"3581929895825215152","per":"1000000000000000000000000000","wtrxLocked":"60002630427280"},{"ptrxLocked":"60002630427280000000000000","t":1585971900000,"cRatio":"3559647962612286037","per":"1000000000000000000000000000","wtrxLocked":"60002630427280"},{"ptrxLocked":"60002630427280000000000000","t":1585972800000,"cRatio":"3544893289216344046","per":"1000000000000000000000000000","wtrxLocked":"60002630427280"},{"ptrxLocked":"60002830427280000000000000","t":1585973700000,"cRatio":"3544885608794978993","per":"1000000000000000000000000000","wtrxLocked":"60002830427280"},{"ptrxLocked":"60002830427280000000000000","t":1585974600000,"cRatio":"3539337866920148919","per":"1000000000000000000000000000","wtrxLocked":"60002830427280"},{"ptrxLocked":"60002830427280000000000000","t":1585975500000,"cRatio":"3544373955812410400","per":"1000000000000000000000000000","wtrxLocked":"60002830427280"},{"ptrxLocked":"60003830427280000000000000","t":1585976400000,"cRatio":"3545870319545693519","per":"1000000000000000000000000000","wtrxLocked":"60003830427280"},{"ptrxLocked":"60003970427280000000000000","t":1585977300000,"cRatio":"3545864410167462844","per":"1000000000000000000000000000","wtrxLocked":"60003970427280"},{"ptrxLocked":"60003970427280000000000000","t":1585978200000,"cRatio":"3554563298092980505","per":"1000000000000000000000000000","wtrxLocked":"60003970427280"},{"ptrxLocked":"60007970427280000000000000","t":1585979100000,"cRatio":"3554444833046657809","per":"1000000000000000000000000000","wtrxLocked":"60007970427280"},{"ptrxLocked":"60008470427280000000000000","t":1585980000000,"cRatio":"3553722555395621884","per":"1000000000000000000000000000","wtrxLocked":"60008470427280"},{"ptrxLocked":"60008470427280000000000000","t":1585980900001,"cRatio":"3553722555395621884","per":"1000000000000000000000000000","wtrxLock"
12:38:43.056 [TestNG-tests-1] DEBUG org.apache.http.wire -  << "ed":"60008470427280"},{"ptrxLocked":"60009070427280000000000000","t":1585981800000,"cRatio":"3551210667018746815","per":"1000000000000000000000000000","wtrxLocked":"60009070427280"},{"ptrxLocked":"60009070427280000000000000","t":1585982700000,"cRatio":"3548360198002924339","per":"1000000000000000000000000000","wtrxLocked":"60009070427280"},{"ptrxLocked":"60009070427280000000000000","t":1585983600000,"cRatio":"3547999105176856840","per":"1000000000000000000000000000","wtrxLocked":"60009070427280"},{"ptrxLocked":"60009070427280000000000000","t":1585984500000,"cRatio":"3547999105176856840","per":"1000000000000000000000000000","wtrxLocked":"60009070427280"},{"ptrxLocked":"60005234427280000000000000","t":1585985400000,"cRatio":"3547862863621920768","per":"1000000000000000000000000000","wtrxLocked":"60005234427280"},{"ptrxLocked":"60005434427280000000000000","t":1585986300000,"cRatio":"3547856951176642772","per":"1000000000000000000000000000","wtrxLocked":"60005434427280"},{"ptrxLocked":"5434427280000000000000","t":1585987200000,"cRatio":"3096969911281478267","per":"1000000000000000000000000000","wtrxLocked":"5434427280"},{"ptrxLocked":"30205434427280000000000000","t":1585988100000,"cRatio":"3533137291422937610","per":"1000000000000000000000000000","wtrxLocked":"30205434427280"},{"ptrxLocked":"30205434427280000000000000","t":1585989000000,"cRatio":"3533312964018623597","per":"1000000000000000000000000000","wtrxLocked":"30205434427280"},{"ptrxLocked":"30205434427280000000000000","t":1585989900000,"cRatio":"3542043572916977869","per":"1000000000000000000000000000","wtrxLocked":"30205434427280"},{"ptrxLocked":"30240434427280000000000000","t":1585990800000,"cRatio":"3557550469511571278","per":"1000000000000000000000000000","wtrxLocked":"30240434427280"},{"ptrxLocked":"30240434427280000000000000","t":1585991700000,"cRatio":"3557550469511571278","per":"1000000000000000000000000000","wtrxLocked":"30240434427280"},{"ptrxLocked":"30240434427280000000000000","t":1585992600000,"cRatio":"3565477930300570864","per":"1000000000000000000000000000","wtrxLocked":"30240434427280"},{"ptrxLocked":"30240434427280000000000000","t":1585993500000,"cRatio":"3571638662354588386","per":"1000000000000000000000000000","wtrxLocked":"30240434427280"},{"ptrxLocked":"30240434427280000000000000","t":1585994400000,"cRatio":"3573396546585029262","per":"1000000000000000000000000000","wtrxLocked":"30240434427280"},{"ptrxLocked":"30240434427280000000000000","t":1585995300000,"cRatio":"3573396546585029262","per":"1000000000000000000000000000","wtrxLocked":"30240434427280"},{"ptrxLocked":"30240434427280000000000000","t":1585996200000,"cRatio":"3588359828286732284","per":"10000000000000000000000"
12:38:43.056 [TestNG-tests-1] DEBUG org.apache.http.wire -  << "00000","wtrxLocked":"30240434427280"},{"ptrxLocked":"30241434427280000000000000","t":1585997100000,"cRatio":"3588301253389251406","per":"1000000000000000000000000000","wtrxLocked":"30241434427280"},{"ptrxLocked":"30241434427280000000000000","t":1585998000000,"cRatio":"3584422241202892743","per":"1000000000000000000000000000","wtrxLocked":"30241434427280"},{"ptrxLocked":"30241434427280000000000000","t":1585998900000,"cRatio":"3584422241202892743","per":"1000000000000000000000000000","wtrxLocked":"30241434427280"},{"ptrxLocked":"30248434427280000000000000","t":1585999800000,"cRatio":"3573027662281281723","per":"1000000000000000000000000000","wtrxLocked":"30248434427280"},{"ptrxLocked":"30240535427280000000000000","t":1586000700000,"cRatio":"3572271010941415918","per":"1000000000000000000000000000","wtrxLocked":"30240535427280"},{"ptrxLocked":"30240535427280000000000000","t":1586001600000,"cRatio":"3570894698895295548","per":"1000000000000000000000000000","wtrxLocked":"30240535427280"},{"ptrxLocked":"30240535427280000000000000","t":1586002500000,"cRatio":"3570894698895295548","per":"1000000000000000000000000000","wtrxLocked":"30240535427280"},{"ptrxLocked":"30240535427280000000000000","t":1586003400000,"cRatio":"3566541641004936651","per":"1000000000000000000000000000","wtrxLocked":"30240535427280"},{"ptrxLocked":"30240535427280000000000000","t":1586004300000,"cRatio":"3566507171147369301","per":"1000000000000000000000000000","wtrxLocked":"30240535427280"},{"ptrxLocked":"30240535427280000000000000","t":1586005200000,"cRatio":"3563500195234071070","per":"1000000000000000000000000000","wtrxLocked":"30240535427280"},{"ptrxLocked":"30240535427280000000000000","t":1586006100000,"cRatio":"3563500195234071070","per":"1000000000000000000000000000","wtrxLocked":"30240535427280"},{"ptrxLocked":"30240735427280000000000000","t":1586007000000,"cRatio":"3558332906608067727","per":"1000000000000000000000000000","wtrxLocked":"30240735427280"},{"ptrxLocked":"30240735427280000000000000","t":1586007900000,"cRatio":"3550106467875769298","per":"1000000000000000000000000000","wtrxLocked":"30240735427280"},{"ptrxLocked":"30240735427280000000000000","t":1586008800001,"cRatio":"3550106467875769298","per":"1000000000000000000000000000","wtrxLocked":"30240735427280"},{"ptrxLocked":"30240735427280000000000000","t":1586009700000,"cRatio":"3550106467875769298","per":"1000000000000000000000000000","wtrxLocked":"30240735427280"},{"ptrxLocked":"30240735427280000000000000","t":1586010600001,"cRatio":"3550216222194760429","per":"1000000000000000000000000000","wtrxLocked":"30240735427280"},{"ptrxLocked":"30240735427280000000000000","t":1586011500000,"cRatio":"3550216222194760429","per":"
12:38:43.056 [TestNG-tests-1] DEBUG org.apache.http.wire -  << ""1000000000000000000000000000","wtrxLocked":"30240735427280"},{"ptrxLocked":"30240837427280000000000000","t":1586012400000,"cRatio":"3549614941415404457","per":"1000000000000000000000000000","wtrxLocked":"30240837427280"},{"ptrxLocked":"30240837427280000000000000","t":1586013300000,"cRatio":"3549614941415404457","per":"1000000000000000000000000000","wtrxLocked":"30240837427280"},{"ptrxLocked":"30240837427280000000000000","t":1586014200000,"cRatio":"3553444979447889898","per":"1000000000000000000000000000","wtrxLocked":"30240837427280"},{"ptrxLocked":"30241138427280000000000000","t":1586015100000,"cRatio":"3554070166773280256","per":"1000000000000000000000000000","wtrxLocked":"30241138427280"},{"ptrxLocked":"30241036427280000000000000","t":1586016000000,"cRatio":"3555070303677413434","per":"1000000000000000000000000000","wtrxLocked":"30241036427280"},{"ptrxLocked":"30242045427280000000000000","t":1586016900000,"cRatio":"3555013151038418107","per":"1000000000000000000000000000","wtrxLocked":"30242045427280"},{"ptrxLocked":"30242045427280000000000000","t":1586017800000,"cRatio":"3559322854829808104","per":"1000000000000000000000000000","wtrxLocked":"30242045427280"},{"ptrxLocked":"30241975427280000000000000","t":1586018700000,"cRatio":"3559314616213791300","per":"1000000000000000000000000000","wtrxLocked":"30241975427280"},{"ptrxLocked":"30241975427280000000000000","t":1586019600000,"cRatio":"3571426586595046055","per":"1000000000000000000000000000","wtrxLocked":"30241975427280"},{"ptrxLocked":"30241975427280000000000000","t":1586020500000,"cRatio":"3571426586595046055","per":"1000000000000000000000000000","wtrxLocked":"30241975427280"},{"ptrxLocked":"30241975427280000000000000","t":1586021400000,"cRatio":"3571548548345422660","per":"1000000000000000000000000000","wtrxLocked":"30241975427280"},{"ptrxLocked":"30241975427280000000000000","t":1586022300001,"cRatio":"3571426586595046055","per":"1000000000000000000000000000","wtrxLocked":"30241975427280"},{"ptrxLocked":"30241975427280000000000000","t":1586023200000,"cRatio":"3570887948626306634","per":"1000000000000000000000000000","wtrxLocked":"30241975427280"},{"ptrxLocked":"30241975427280000000000000","t":1586024100000,"cRatio":"3570887948626306634","per":"1000000000000000000000000000","wtrxLocked":"30241975427280"},{"ptrxLocked":"30241975427280000000000000","t":1586025000000,"cRatio":"3570370366646461075","per":"1000000000000000000000000000","wtrxLocked":"30241975427280"},{"ptrxLocked":"30241975427280000000000000","t":1586025900001,"cRatio":"3570370366646461075","per":"1000000000000000000000000000","wtrxLocked":"30241975427280"},{"ptrxLocked":"30241975427280000000000000","t":1586026800000,"cRatio":"3569553869464317425","per":"1000000000000000000000000000","wtrxLocked":"30241975427280"},{"ptrxLocked":"30241975427280000000000000","t":1586027700000,"cRatio":"3569553869464317425","per":"1000000000000000000000000000","wtrxLocked":"30241975427280"},{"ptrxLocked":"30241975427280000000000000","t":1586028600000,"cRatio":"3566901489944858196","per":"1000000000000000000000000000","wtrxLocked":"30241975427280"},{"ptrxLocked":"30241975427280000000000000","t":1586029500000,"cRatio":"3566570881869555683","per":"1000000000000000000000000000","wtrxLocked":"30241975427280"},{"ptrxLocked":"30241975427280000000000000","t":1586030400000,"cRatio":"3561577034883252048","per":"1000000000000000000000000000","wtrxLocked":"30241975427280"},{"ptrxLocked":"30241975427280000000000000","t":1586031300000,"cRatio":"3561577034883252048","per":"1000000000000000000000000000","wtrxLocked":"30241975427280"},{"ptrxLocked":"30241975427280000000000000","t":1586032200000,"cRatio":"3563226315740022954","per":"1000000000000000000000000000","wtrxLocked":"30241975427280"},{"ptrxLocked":"30241975427280000000000000","t":1586033100000,"cRatio":"3571863686358019580","per":"1000000000000000000000000000","wtrxLocked":"30241975427280"},{"ptrxLocked":"30241975427280000000000000","t":1586034000000,"cRatio":"3571863686358019580","per":"1000000000000000000000000000","wtrxLocked":"30241975427280"},{"ptrxLocked":"30242175427280000000000000","t":1586034900000,"cRatio":"3571852025780332121","per":"1000000000000000000000000000","wtrxLocked":"30242175427280"},{"ptrxLocked":"30242175427280000000000000","t":1586035800000,"cRatio":"3577866909548545190","per":"1000000000000000000000000000","wtrxLocked":"30242175427280"},{"ptrxLocked":"30242175427280000000000000","t":1586036700000,"cRatio":"3577866909548545190","per":"1000000000000000000000000000","wtrxLocked":"30242175427280"},{"ptrxLocked":"30242175427280000000000000","t":1586037600000,"cRatio":"3580880826277704805","per":"1000000000000000000000000000","wtrxLocked":"30242175427280"},{"ptrxLocked":"30242175427280000000000000","t":1586038500000,"cRatio":"3580880826277704805","per":"1000000000000000000000000000","wtrxLocked":"30242175427280"},{"ptrxLocked":"30242175427280000000000000","t":1586039400000,"cRatio":"3577665250752089922","per":"1000000000000000000000000000","wtrxLocked":"30242175427280"},{"ptrxLocked":"30242175427280000000000000","t":1586040300000,"cRatio":"3573599703495369744","per":"1000000000000000000000000000","wtrxLocked":"30242175427280"},{"ptrxLocked":"30242175427280000000000000","t":1586041200000,"cRatio":"3573599703495369744","per":"1000000000000000000000000000","wtrxLocked":"30242175427280"},{"ptrxLocked":"30242175427280000000000000","t":1586042100000,"cRatio":"3573599703495369744","per":"1000000000000000000000000000","wtrxLocked":"30242175427280"},{"ptrxLocked":"30242175427280000000000000","t":1586043000000,"cRatio":"3574713936748262644","per":"1000000000000000000000000000","wtrxLocked":"30242175427280"},{"ptrxLocked":"30242175427280000000000000","t":1586043900000,"cRatio":"3574713936748262644","per":"1000000000000000000000000000","wtrxLocked":"30242175427280"},{"ptrxLocked":"30242175427280000000000000","t":1586044800000,"cRatio":"3572673833363370930","per":"1000000000000000000000000000","wtrxLocked":"30242175427280"},{"ptrxLocked":"30242175427280000000000000","t":1586045700001,"cRatio":"3572673833363370930","per":"1000000000000000000000000000","wtrxLocked":"30242175427280"},{"ptrxLocked":"30242175427280000000000000","t":1586046600000,"cRatio":"3582334389948520153","per":"1000000000000000000000000000","wtrxLocked":"30242175427280"},{"ptrxLocked":"30242175427280000000000000","t":1586047500000,"cRatio":"3584576362821925006","per":"1000000000000000000000000000","wtrxLocked":"30242175427280"},{"ptrxLocked":"30242175427280000000000000","t":1586048400000,"cRatio":"3587956534191475079","per":"1000000000000000000000000000","wtrxLocked":"30242175427280"},{"ptrxLocked":"30242175427280000000000000","t":1586049300000,"cRatio":"3587956534191475079","per":"1000000000000000000"
12:38:43.059 [TestNG-tests-1] DEBUG org.apache.http.wire -  << "000000000","wtrxLocked":"30242175427280"},{"ptrxLocked":"30242175427280000000000000","t":1586050200000,"cRatio":"3586374823506555594","per":"1000000000000000000000000000","wtrxLocked":"30242175427280"},{"ptrxLocked":"30242175427280000000000000","t":1586051100001,"cRatio":"3585111060758908171","per":"1000000000000000000000000000","wtrxLocked":"30242175427280"},{"ptrxLocked":"30242175427280000000000000","t":1586052000000,"cRatio":"3584587670380581683","per":"1000000000000000000000000000","wtrxLocked":"30242175427280"},{"ptrxLocked":"30242375427280000000000000","t":1586052900000,"cRatio":"3584611372724807150","per":"1000000000000000000000000000","wtrxLocked":"30242375427280"},{"ptrxLocked":"30242375427280000000000000","t":1586053800000,"cRatio":"3583133554191707732","per":"1000000000000000000000000000","wtrxLocked":"30242375427280"},{"ptrxLocked":"30242375427280000000000000","t":1586054700000,"cRatio":"3580953896893569932","per":"1000000000000000000000000000","wtrxLocked":"30242375427280"},{"ptrxLocked":"30242375427280000000000000","t":1586055600000,"cRatio":"3580953896893569932","per":"1000000000000000000000000000","wtrxLocked":"30242375427280"},{"ptrxLocked":"30242375427280000000000000","t":1586056500000,"cRatio":"3580953896893569932","per":"1000000000000000000000000000","wtrxLocked":"30242375427280"},{"ptrxLocked":"30244375427"
12:38:43.283 [TestNG-tests-1] DEBUG org.apache.http.wire -  << "280000000000000","t":1586057400000,"cRatio":"3582974239735629053","per":"1000000000000000000000000000","wtrxLocked":"30244375427280"},{"ptrxLocked":"30244675427280000000000000","t":1586058300000,"cRatio":"3583775879035433962","per":"1000000000000000000000000000","wtrxLocked":"30244675427280"},{"ptrxLocked":"30245075427280000000000000","t":1586059200000,"cRatio":"3583717090751759087","per":"1000000000000000000000000000","wtrxLocked":"30245075427280"},{"ptrxLocked":"30245075427280000000000000","t":1586060100000,"cRatio":"3583717090751759087","per":"1000000000000000000000000000","wtrxLocked":"30245075427280"},{"ptrxLocked":"30245075427280000000000000","t":1586061000000,"cRatio":"3578318931171210986","per":"1000000000000000000000000000","wtrxLocked":"30245075427280"},{"ptrxLocked":"30245075427280000000000000","t":1586061900000,"cRatio":"3570598573142190664","per":"1000000000000000000000000000","wtrxLocked":"30245075427280"},{"ptrxLocked":"30245075427280000000000000","t":1586062800001,"cRatio":"3561876542911802144","per":"1000000000000000000000000000","wtrxLocked":"30245075427280"},{"ptrxLocked":"30245275427280000000000000","t":1586063700000,"cRatio":"3561826222791055154","per":"1000000000000000000000000000","wtrxLocked":"30245275427280"},{"ptrxLocked":"30243376427280000000000000","t":1586064600000,"cRatio":"3562059463192120633","per":"1000000000000000000000000000","wtrxLocked":"30243376427280"},{"ptrxLocked":"30243376427280000000000000","t":1586065500000,"cRatio":"3563518826258366652","per":"1000000000000000000000000000","wtrxLocked":"30243376427280"},{"ptrxLocked":"30243376427280000000000000","t":1586066400001,"cRatio":"3566915922337444298","per":"1000000000000000000000000000","wtrxLocked":"30243376427280"},{"ptrxLocked":"30243376427280000000000000","t":1586067300000,"cRatio":"3566915922337444298","per":"1000000000000000000000000000","wtrxLocked":"30243376427280"},{"ptrxLocked":"30243376427280000000000000","t":1586068200000,"cRatio":"3566915922337444298","per":"1000000000000000000000000000","wtrxLocked":"30243376427280"},{"ptrxLocked":"30243376427280000000000000","t":1586069100000,"cRatio":"3561247776853455352","per":"1000000000000000000000000000","wtrxLocked":"30243376427280"},{"ptrxLocked":"30243376427280000000000000","t":1586070000000,"cRatio":"3559502088557293364","per":"1000000000000000000000000000","wtrxLocked":"30243376427280"},{"ptrxLocked":"30243376427280000000000000","t":1586070900000,"cRatio":"3559502088557293364","per":"1000000000000000000000000000","wtrxLocked":"30243376427280"},{"ptrxLocked":"30243376427280000000000000","t":1586071800001,"cRatio":"3557911599826536910","per":"1000000000000000000000000000","wtrxLocked":"30243376427280"},{""
12:38:43.284 [TestNG-tests-1] DEBUG org.apache.http.wire -  << "ptrxLocked":"30244477427280000000000000","t":1586072700000,"cRatio":"3558041124407921797","per":"1000000000000000000000000000","wtrxLocked":"30244477427280"},{"ptrxLocked":"30244477427280000000000000","t":1586073600000,"cRatio":"3557953792227463767","per":"1000000000000000000000000000","wtrxLocked":"30244477427280"},{"ptrxLocked":"30244477427280000000000000","t":1586074500000,"cRatio":"3565278309101650073","per":"1000000000000000000000000000","wtrxLocked":"30244477427280"},{"ptrxLocked":"30244477427280000000000000","t":1586075400000,"cRatio":"3565278309101650073","per":"1000000000000000000000000000","wtrxLocked":"30244477427280"},{"ptrxLocked":"30244477427280000000000000","t":1586076300000,"cRatio":"3565278309101650073","per":"1000000000000000000000000000","wtrxLocked":"30244477427280"},{"ptrxLocked":"30244477427280000000000000","t":1586077200000,"cRatio":"3567390068209980612","per":"1000000000000000000000000000","wtrxLocked":"30244477427280"},{"ptrxLocked":"30308477427280000000000000","t":1586078100000,"cRatio":"3574935444175413426","per":"1000000000000000000000000000","wtrxLocked":"30308477427280"},{"ptrxLocked":"30308477427280000000000000","t":1586079000000,"cRatio":"3576553159393515313","per":"1000000000000000000000000000","wtrxLocked":"30308477427280"},{"ptrxLocked":"30308477427280000000000000","t":1586079900000,"cRatio":"
12:38:43.284 [TestNG-tests-1] DEBUG org.apache.http.wire -  << ""3579661006289326156","per":"1000000000000000000000000000","wtrxLocked":"30308477427280"},{"ptrxLocked":"30308477427280000000000000","t":1586080800000,"cRatio":"3580228461674745816","per":"1000000000000000000000000000","wtrxLocked":"30308477427280"},{"ptrxLocked":"30308477427280000000000000","t":1586081700000,"cRatio":"3580228461674745816","per":"1000000000000000000000000000","wtrxLocked":"30308477427280"},{"ptrxLocked":"30308477427280000000000000","t":1586082600000,"cRatio":"3578693301314264797","per":"1000000000000000000000000000","wtrxLocked":"30308477427280"},{"ptrxLocked":"30308477427280000000000000","t":1586083500001,"cRatio":"3578693301314264797","per":"1000000000000000000000000000","wtrxLocked":"30308477427280"},{"ptrxLocked":"30308477427280000000000000","t":1586084400000,"cRatio":"3577510985590146910","per":"1000000000000000000000000000","wtrxLocked":"30308477427280"},{"ptrxLocked":"30308477427280000000000000","t":1586085300000,"cRatio":"3577510985590146910","per":"1000000000000000000000000000","wtrxLocked":"30308477427280"},{"ptrxLocked":"30308477427280000000000000","t":1586086200000,"cRatio":"3576282797985088428","per":"1000000000000000000000000000","wtrxLocked":"30308477427280"},{"ptrxLocked":"30308477427280000000000000","t":1586087100000,"cRatio":"3576089783976755458","per":"1000000000000000000000000000","wtrxLock"
12:38:43.285 [TestNG-tests-1] DEBUG org.apache.http.wire -  << "ed":"30308477427280"},{"ptrxLocked":"30308477427280000000000000","t":1586088000000,"cRatio":"3576126685763164489","per":"1000000000000000000000000000","wtrxLocked":"30308477427280"},{"ptrxLocked":"30308477427280000000000000","t":1586088900000,"cRatio":"3576126685763164489","per":"1000000000000000000000000000","wtrxLocked":"30308477427280"},{"ptrxLocked":"30308477427280000000000000","t":1586089800000,"cRatio":"3576126685763164489","per":"1000000000000000000000000000","wtrxLocked":"30308477427280"},{"ptrxLocked":"30317577427280000000000000","t":1586090700000,"cRatio":"3574641764208466059","per":"1000000000000000000000000000","wtrxLocked":"30317577427280"},{"ptrxLocked":"30318077427280000000000000","t":1586091600000,"cRatio":"3574866263566246909","per":"1000000000000000000000000000","wtrxLocked":"30318077427280"},{"ptrxLocked":"30318077427280000000000000","t":1586092500000,"cRatio":"3575573516097342123","per":"1000000000000000000000000000","wtrxLocked":"30318077427280"},{"ptrxLocked":"30318077427280000000000000","t":1586093400000,"cRatio":"3577960511210894985","per":"1000000000000000000000000000","wtrxLocked":"30318077427280"},{"ptrxLocked":"30318077427280000000000000","t":1586094300000,"cRatio":"3585214170335144643","per":"1000000000000000000000000000","wtrxLocked":"30318077427280"},{"ptrxLocked":"30318077427280000000000000","t":1586095200000,"cRatio":"3751365892475405563","per":"1000000000000000000000000000","wtrxLocked":"30318077427280"},{"ptrxLocked":"30318077427280000000000000","t":1586096100000,"cRatio":"3751365892475405563","per":"1000000000000000000000000000","wtrxLocked":"30318077427280"},{"ptrxLocked":"30318178427280000000000000","t":1586097000000,"cRatio":"3772266015158825753","per":"1000000000000000000000000000","wtrxLocked":"30318178427280"},{"ptrxLocked":"30318178427280000000000000","t":1586097900000,"cRatio":"3774038133407528278","per":"1000000000000000000000000000","wtrxLocked":"30318178427280"},{"ptrxLocked":"30318178427280000000000000","t":1586098800000,"cRatio":"3774038133407528278","per":"1000000000000000000000000000","wtrxLocked":"30318178427280"},{"ptrxLocked":"30318178427280000000000000","t":1586099700000,"cRatio":"3774038133407528278","per":"1000000000000000000000000000","wtrxLocked":"30318178427280"},{"ptrxLocked":"30318178427280000000000000","t":1586100600000,"cRatio":"3749546014677999112","per":"1000000000000000000000000000","wtrxLocked":"30318178427280"},{"ptrxLocked":"30318178427280000000000000","t":1586101500000,"cRatio":"3749546014677999112","per":"1000000000000000000000000000","wtrxLocked":"30318178427280"},{"ptrxLocked":"30318317427280000000000000","t":1586102400000,"cRatio":"3769391070183645803","per":"100000000000000"
12:38:43.285 [TestNG-tests-1] DEBUG org.apache.http.wire -  << "0000000000000","wtrxLocked":"30318317427280"},{"ptrxLocked":"30318317427280000000000000","t":1586103300000,"cRatio":"3769391070183645803","per":"1000000000000000000000000000","wtrxLocked":"30318317427280"},{"ptrxLocked":"30318317427280000000000000","t":1586104200000,"cRatio":"3775709605181468836","per":"1000000000000000000000000000","wtrxLocked":"30318317427280"},{"ptrxLocked":"30318317427280000000000000","t":1586105100000,"cRatio":"3775709605181468836","per":"1000000000000000000000000000","wtrxLocked":"30318317427280"},{"ptrxLocked":"30319418427280000000000000","t":1586106000000,"cRatio":"3768172445135609852","per":"1000000000000000000000000000","wtrxLocked":"30319418427280"},{"ptrxLocked":"30319418427280000000000000","t":1586106900000,"cRatio":"3768209354513807502","per":"1000000000000000000000000000","wtrxLocked":"30319418427280"},{"ptrxLocked":"30319418427280000000000000","t":1586107800000,"cRatio":"3756333791066925854","per":"1000000000000000000000000000","wtrxLocked":"30319418427280"},{"ptrxLocked":"30319418427280000000000000","t":1586108700000,"cRatio":"3740863072874914689","per":"1000000000000000000000000000","wtrxLocked":"30319418427280"},{"ptrxLocked":"30319418427280000000000000","t":1586109600000,"cRatio":"3724060435816559022","per":"1000000000000000000000000000","wtrxLocked":"30319418427280"},{"ptrxLocked":"3031941"
12:38:43.286 [TestNG-tests-1] DEBUG org.apache.http.wire -  << "8427280000000000000","t":1586110500001,"cRatio":"3724060435816559022","per":"1000000000000000000000000000","wtrxLocked":"30319418427280"},{"ptrxLocked":"30319518427280000000000000","t":1586111400000,"cRatio":"3741642763608411980","per":"1000000000000000000000000000","wtrxLocked":"30319518427280"},{"ptrxLocked":"30319518427280000000000000","t":1586112300000,"cRatio":"3745528356478358057","per":"1000000000000000000000000000","wtrxLocked":"30319518427280"},{"ptrxLocked":"30319518427280000000000000","t":1586113200000,"cRatio":"3754362343527380484","per":"1000000000000000000000000000","wtrxLocked":"30319518427280"},{"ptrxLocked":"30319518427280000000000000","t":1586114100000,"cRatio":"3754362343527380484","per":"1000000000000000000000000000","wtrxLocked":"30319518427280"},{"ptrxLocked":"30319518427280000000000000","t":1586115000000,"cRatio":"3751842764033803608","per":"1000000000000000000000000000","wtrxLocked":"30319518427280"},{"ptrxLocked":"30319258293830288882225627","t":1586115900000,"cRatio":"3751252929179066083","per":"1000000000000023454326206842","wtrxLocked":"30319258293831"},{"ptrxLocked":"30319258293830288882225627","t":1586116800000,"cRatio":"3750953003151991675","per":"1000000000000023454326206842","wtrxLocked":"30319258293831"},{"ptrxLocked":"30319258293830288882225627","t":1586117700000,"cRatio":"3750953003151991675"
12:38:43.388 [TestNG-tests-1] DEBUG org.apache.http.wire -  << "","per":"1000000000000023454326206842","wtrxLocked":"30319258293831"},{"ptrxLocked":"30319258293830288882225627","t":1586118600000,"cRatio":"3750953003151991675","per":"1000000000000023454326206842","wtrxLocked":"30319258293831"},{"ptrxLocked":"30321198293828288882225627","t":1586119500000,"cRatio":"3745237856328043626","per":"1000000000000023454326206847","wtrxLocked":"30321198293831"},{"ptrxLocked":"30321198293828288882225627","t":1586120400000,"cRatio":"3741791590423412182","per":"1000000000000023454326206847","wtrxLocked":"30321198293831"},{"ptrxLocked":"30321198293828288882225627","t":1586121300000,"cRatio":"3741791590423412182","per":"1000000000000023454326206847","wtrxLocked":"30321198293831"},{"ptrxLocked":"30322198293827288882225627","t":1586122200000,"cRatio":"3741729894499054230","per":"1000000000000023454326206841","wtrxLocked":"30322198293831"},{"ptrxLocked":"30322198293827288882225627","t":1586123100000,"cRatio":"3741729894499054230","per":"1000000000000023454326206841","wtrxLocked":"30322198293831"},{"ptrxLocked":"30322198293827288882225627","t":1586124000001,"cRatio":"3741563030288010331","per":"1000000000000023454326206841","wtrxLocked":"30322198293831"},{"ptrxLocked":"30322198293827288882225627","t":1586124900001,"cRatio":"3741563030288010331","per":"1000000000000023454326206841","wtrxLocked":"30322198293831""
12:38:43.388 [TestNG-tests-1] DEBUG org.apache.http.wire -  << "},{"ptrxLocked":"30322198293827288882225627","t":1586125800000,"cRatio":"3741563030288010331","per":"1000000000000023454326206841","wtrxLocked":"30322198293831"},{"ptrxLocked":"30322198293827288882225627","t":1586126700000,"cRatio":"3748981824768603696","per":"1000000000000023454326206841","wtrxLocked":"30322198293831"},{"ptrxLocked":"30322198293827288882225627","t":1586127600000,"cRatio":"3750511714239040886","per":"1000000000000023454326206841","wtrxLocked":"30322198293831"},{"ptrxLocked":"30322198293827288882225627","t":1586128500000,"cRatio":"3750511714239040886","per":"1000000000000023454326206841","wtrxLocked":"30322198293831"},{"ptrxLocked":"30322198293827288882225627","t":1586129400001,"cRatio":"3757252569171695428","per":"1000000000000023454326206841","wtrxLocked":"30322198293831"},{"ptrxLocked":"30322198293827288882225627","t":1586130300000,"cRatio":"3761389671576142243","per":"1000000000000023454326206841","wtrxLocked":"30322198293831"},{"ptrxLocked":"30322198293827288882225627","t":1586131200000,"cRatio":"3763868925302760858","per":"1000000000000023454326206841","wtrxLocked":"30322198293831"},{"ptrxLocked":"30322448293826288882225627","t":1586132100000,"cRatio":"3763862720242774176","per":"1000000000000023454326206855","wtrxLocked":"30322448293831"},{"ptrxLocked":"30322448293826288882225627","t":1586133000000,"cRat"
12:38:43.512 [TestNG-tests-1] DEBUG org.apache.http.wire -  << "io":"3782037733675615493","per":"1000000000000023454326206855","wtrxLocked":"30322448293831"},{"ptrxLocked":"30322448293826288882225627","t":1586133900000,"cRatio":"3795330016225409690","per":"1000000000000023454326206855","wtrxLocked":"30322448293831"},{"ptrxLocked":"30322448293826288882225627","t":1586134800000,"cRatio":"3807414151698855979","per":"1000000000000023454326206855","wtrxLocked":"30322448293831"},{"ptrxLocked":"30322448293826288882225627","t":1586135700000,"cRatio":"3807414151698855979","per":"1000000000000023454326206855","wtrxLocked":"30322448293831"},{"ptrxLocked":"30322448293826288882225627","t":1586136600000,"cRatio":"3818150537636608826","per":"1000000000000023454326206855","wtrxLocked":"30322448293831"},{"ptrxLocked":"30322448293826288882225627","t":1586137500000,"cRatio":"3818704243260586393","per":"1000000000000023454326206855","wtrxLocked":"30322448293831"},{"ptrxLocked":"30322448293826288882225627","t":1586138400000,"cRatio":"3826636295832574729","per":"1000000000000023454326206855","wtrxLocked":"30322448293831"},{"ptrxLocked":"30322448293826288882225627","t":1586139300000,"cRatio":"3826636295832574729","per":"1000000000000023454326206855","wtrxLocked":"30322448293831"},{"ptrxLocked":"30322448293826288882225627","t":1586140200000,"cRatio":"3839366112307257323","per":"1000000000000023454326206855","wtrx"
12:38:43.513 [TestNG-tests-1] DEBUG org.apache.http.wire -  << "Locked":"30322448293831"},{"ptrxLocked":"30322448293826288882225627","t":1586141100000,"cRatio":"3867069363731536236","per":"1000000000000023454326206855","wtrxLocked":"30322448293831"},{"ptrxLocked":"30322448293826288882225627","t":1586142000000,"cRatio":"3877029194111063158","per":"1000000000000023454326206855","wtrxLocked":"30322448293831"},{"ptrxLocked":"30322948293825288882225627","t":1586142900000,"cRatio":"3876978055935934831","per":"1000000000000023454326206852","wtrxLocked":"30322948293831"},{"ptrxLocked":"30322948293825288882225627","t":1586143800001,"cRatio":"3868997217039857311","per":"1000000000000023454326206852","wtrxLocked":"30322948293831"},{"ptrxLocked":"30332098293823288882225627","t":1586144700000,"cRatio":"3866720802190939274","per":"1000000000000023454326206859","wtrxLocked":"30332098293831"},{"ptrxLocked":"30332949293822288882225627","t":1586145600000,"cRatio":"3866549623497926638","per":"1000000000000023454326206872","wtrxLocked":"30332949293831"},{"ptrxLocked":"30333099293821288882225627","t":1586146500000,"cRatio":"3866519454051411351","per":"1000000000000023454326206874","wtrxLocked":"30333099293831"},{"ptrxLocked":"30333099293821288882225627","t":1586147400000,"cRatio":"3876623759419429406","per":"1000000000000023454326206874","wtrxLocked":"30333099293831"},{"ptrxLocked":"30333299293820288882225627","t":1586148300000,"cRatio":"3876583263440258813","per":"1000000000000023454326206866","wtrxLocked":"30333299293831"},{"ptrxLocked":"30333299293820288882225627","t":1586149200000,"cRatio":"3871414607303532697","per":"1000000000000023454326206866","wtrxLocked":"30333299293831"},{"ptrxLocked":"30333499293819288882225627","t":1586150100000,"cRatio":"3871436304500543873","per":"1000000000000023454326206858","wtrxLocked":"30333499293831"},{"ptrxLocked":"30333316293818288889261925","t":1586151000000,"cRatio":"3867327854230320802","per":"1000000000000023454326206848","wtrxLocked":"30333316293831"},{"ptrxLocked":"30333416293817288889261925","t":1586151900000,"cRatio":"3864002951310996201","per":"1000000000000023454326206861","wtrxLocked":"30333416293831"},{"ptrxLocked":"30333416293817288889261925","t":1586152800000,"cRatio":"3860515880019895652","per":"1000000000000023454326206861","wtrxLocked":"30333416293831"},{"ptrxLocked":"30333416293817288889261925","t":1586153700000,"cRatio":"3860515880019895652","per":"1000000000000023454326206861","wtrxLocked":"30333416293831"},{"ptrxLocked":"30333416293817288889261925","t":1586154600000,"cRatio":"3878956413484713380","per":"1000000000000023454326206861","wtrxLocked":"30333416293831"},{"ptrxLocked":"30333416293817288889261925","t":1586155500000,"cRatio":"3886970591953383126","per":"10000000000"
12:38:43.513 [TestNG-tests-1] DEBUG org.apache.http.wire -  << "00023454326206861","wtrxLocked":"30333416293831"},{"ptrxLocked":"30333416293817288889261925","t":1586156400000,"cRatio":"3894305968865963844","per":"1000000000000023454326206861","wtrxLocked":"30333416293831"},{"ptrxLocked":"30333416293817288889261925","t":1586157300000,"cRatio":"3894113417812439658","per":"1000000000000023454326206861","wtrxLocked":"30333416293831"},{"ptrxLocked":"30333416293817288889261925","t":1586158200000,"cRatio":"3903447003094535703","per":"1000000000000023454326206861","wtrxLocked":"30333416293831"},{"ptrxLocked":"30333416293817288889261925","t":1586159100001,"cRatio":"3903447003094535703","per":"1000000000000023454326206861","wtrxLocked":"30333416293831"},{"ptrxLocked":"30333416293817288889261925","t":1586160000000,"cRatio":"3882090543487624563","per":"1000000000000023454326206861","wtrxLocked":"30333416293831"},{"ptrxLocked":"30333416293817288889261925","t":1586160900000,"cRatio":"3882090543487624563","per":"1000000000000023454326206861","wtrxLocked":"30333416293831"},{"ptrxLocked":"30333416293817288889261925","t":1586161800000,"cRatio":"3883424265746839515","per":"1000000000000023454326206861","wtrxLocked":"30333416293831"},{"ptrxLocked":"30333416293817288889261925","t":1586162700000,"cRatio":"3890273194423032855","per":"1000000000000023454326206861","wtrxLocked":"30333416293831"},{"ptrxLocked":"30333416293817288889261925","t":1586163600000,"cRatio":"3894533431778972468","per":"1000000000000023454326206861","wtrxLocked":"30333416293831"},{"ptrxLocked":"30333416293817288889261925","t":1586164500000,"cRatio":"3894533431778972468","per":"1000000000000023454326206861","wtrxLocked":"30333416293831"},{"ptrxLocked":"30333416293817288889261925","t":1586165400000,"cRatio":"3907863011913074008","per":"1000000000000023454326206861","wtrxLocked":"30333416293831"},{"ptrxLocked":"30333411044617288889385041","t":1586166300000,"cRatio":"3910194602758839619","per":"1000000000000023454326206876","wtrxLocked":"30333411044631"},{"ptrxLocked":"30334411044616288889385041","t":1586167200000,"cRatio":"3918969130571649660","per":"1000000000000023454326206869","wtrxLocked":"30334411044631"},{"ptrxLocked":"30334411044616288889385041","t":1586168100000,"cRatio":"3918969130571649660","per":"1000000000000023454326206869","wtrxLocked":"30334411044631"},{"ptrxLocked":"30334381044616288890088671","t":1586169000000,"cRatio":"3921670969328430385","per":"1000000000000023454326206862","wtrxLocked":"30334381044631"},{"ptrxLocked":"30334381044616288890088671","t":1586169900001,"cRatio":"3928473440430189284","per":"1000000000000023454326206862","wtrxLocked":"30334381044631"},{"ptrxLocked":"30334381044616288890088671","t":1586170800000,"cRatio":"393928825491191"
12:38:43.513 [TestNG-tests-1] DEBUG org.apache.http.wire -  << "1389","per":"1000000000000023454326206862","wtrxLocked":"30334381044631"},{"ptrxLocked":"30334381044616288890088671","t":1586171700000,"cRatio":"3939288254911911389","per":"1000000000000023454326206862","wtrxLocked":"30334381044631"},{"ptrxLocked":"30334381044616288890088671","t":1586172600000,"cRatio":"3945252494068502369","per":"1000000000000023454326206862","wtrxLocked":"30334381044631"},{"ptrxLocked":"30334381044616288890088671","t":1586173500000,"cRatio":"3945684029814049605","per":"1000000000000023454326206862","wtrxLocked":"30334381044631"},{"ptrxLocked":"30334381044616288890088671","t":1586174400000,"cRatio":"3945684029814049605","per":"1000000000000023454326206862","wtrxLocked":"30334381044631"},{"ptrxLocked":"30334381044616288890088671","t":1586175300000,"cRatio":"3945684029814049605","per":"1000000000000023454326206862","wtrxLocked":"30334381044631"},{"ptrxLocked":"30334381044616288890088671","t":1586176200000,"cRatio":"3943542045567444419","per":"1000000000000023454326206862","wtrxLocked":"30334381044631"},{"ptrxLocked":"30334381044616288890088671","t":1586177100000,"cRatio":"3943542045567444419","per":"1000000000000023454326206862","wtrxLocked":"30334381044631"},{"ptrxLocked":"30334381044616288890088671","t":1586178000000,"cRatio":"3944663439484679840","per":"1000000000000023454326206862","wtrxLocked":"30334381044"
12:38:43.517 [TestNG-tests-1] DEBUG org.apache.http.wire -  << "631"},{"ptrxLocked":"30334381044616288890088671","t":1586178900000,"cRatio":"3944663439484679840","per":"1000000000000023454326206862","wtrxLocked":"30334381044631"},{"ptrxLocked":"30334381044616288890088671","t":1586179800000,"cRatio":"3964850407832123975","per":"1000000000000023454326206862","wtrxLocked":"30334381044631"},{"ptrxLocked":"30334381044616288890088671","t":1586180700000,"cRatio":"3967275307919219815","per":"1000000000000023454326206862","wtrxLocked":"30334381044631"},{"ptrxLocked":"30334381044616288890088671","t":1586181600000,"cRatio":"3962717980139823660","per":"1000000000000023454326206862","wtrxLocked":"30334381044631"},{"ptrxLocked":"30334381044616288890088671","t":1586182500000,"cRatio":"3962717980139823660","per":"1000000000000023454326206862","wtrxLocked":"30334381044631"},{"ptrxLocked":"30334381044616288890088671","t":1586183400000,"cRatio":"3947548960130194604","per":"1000000000000023454326206862","wtrxLocked":"30334381044631"},{"ptrxLocked":"30334381044616288890088671","t":1586184300000,"cRatio":"3947167097899211631","per":"1000000000000023454326206862","wtrxLocked":"30334381044631"},{"ptrxLocked":"30334381044616288890088671","t":1586185200000,"cRatio":"3940270274761852960","per":"1000000000000023454326206862","wtrxLocked":"30334381044631"},{"ptrxLocked":"30334381044616288890088671","t":1586186100000,"cRatio":"3940270274761852960","per":"1000000000000023454326206862","wtrxLocked":"30334381044631"},{"ptrxLocked":"30334381044616288890088671","t":1586187000000,"cRatio":"3947000545088173830","per":"1000000000000023454326206862","wtrxLocked":"30334381044631"},{"ptrxLocked":"30334381044616288890088671","t":1586187900000,"cRatio":"3959479254241075323","per":"1000000000000023454326206862","wtrxLocked":"30334381044631"},{"ptrxLocked":"30335381044615288890088671","t":1586188800000,"cRatio":"3964375112315474399","per":"1000000000000023454326206855","wtrxLocked":"30335381044631"},{"ptrxLocked":"30335381044615288890088671","t":1586189700000,"cRatio":"3964371190845016614","per":"1000000000000023454326206855","wtrxLocked":"30335381044631"},{"ptrxLocked":"30335381044615288890088671","t":1586190600000,"cRatio":"3979466164040756600","per":"1000000000000023454326206855","wtrxLocked":"30335381044631"},{"ptrxLocked":"30335381044615288890088671","t":1586191500000,"cRatio":"4010194255331511868","per":"1000000000000023454326206855","wtrxLocked":"30335381044631"},{"ptrxLocked":"30335381044615288890088671","t":1586192400000,"cRatio":"4012297180211441730","per":"1000000000000023454326206855","wtrxLocked":"30335381044631"},{"ptrxLocked":"30335381044615288890088671","t":1586193300000,"cRatio":"4012297180211441730","per":"1000000000000023454326206855",""
12:38:43.617 [TestNG-tests-1] DEBUG org.apache.http.wire -  << "wtrxLocked":"30335381044631"},{"ptrxLocked":"30335381044615288890088671","t":1586194200000,"cRatio":"4028713893695983172","per":"1000000000000023454326206855","wtrxLocked":"30335381044631"},{"ptrxLocked":"30335381044615288890088671","t":1586195100000,"cRatio":"4043474318524724765","per":"1000000000000023454326206855","wtrxLocked":"30335381044631"},{"ptrxLocked":"30335381044615288890088671","t":1586196000000,"cRatio":"4053584801249251188","per":"1000000000000023454326206855","wtrxLocked":"30335381044631"},{"ptrxLocked":"30335381044615288890088671","t":1586196900000,"cRatio":"4053584801249251188","per":"1000000000000023454326206855","wtrxLocked":"30335381044631"},{"ptrxLocked":"30335381044615288890088671","t":1586197800000,"cRatio":"4051326834824930829","per":"1000000000000023454326206855","wtrxLocked":"30335381044631"},{"ptrxLocked":"30335281044615288892434104","t":1586198700000,"cRatio":"4051313479703962134","per":"1000000000000023454326206842","wtrxLocked":"30335281044631"},{"ptrxLocked":"30337281044614288892434104","t":1586199600000,"cRatio":"4047986104643924460","per":"1000000000000023454326206829","wtrxLocked":"30337281044631"},{"ptrxLocked":"30337281044614288892434104","t":1586200500000,"cRatio":"4047986104643924460","per":"1000000000000023454326206829","wtrxLocked":"30337281044631"},{"ptrxLocked":"30337281044614288892434"
12:38:43.618 [TestNG-tests-1] DEBUG org.apache.http.wire -  << "104","t":1586201400001,"cRatio":"4050955624856675145","per":"1000000000000023454326206829","wtrxLocked":"30337281044631"},{"ptrxLocked":"30337281044614288892434104","t":1586202300000,"cRatio":"4061111152182038453","per":"1000000000000023454326206829","wtrxLocked":"30337281044631"},{"ptrxLocked":"30337281044614288892434104","t":1586203200000,"cRatio":"4061849284707853757","per":"1000000000000023454326206829","wtrxLocked":"30337281044631"},{"ptrxLocked":"30337281044614288892434104","t":1586204100000,"cRatio":"4061849284707853757","per":"1000000000000023454326206829","wtrxLocked":"30337281044631"},{"ptrxLocked":"30337281044614288892434104","t":1586205000000,"cRatio":"4061849284707853757","per":"1000000000000023454326206829","wtrxLocked":"30337281044631"},{"ptrxLocked":"30337281044614288892434104","t":1586205900000,"cRatio":"4054417136390612224","per":"1000000000000023454326206829","wtrxLocked":"30337281044631"},{"ptrxLocked":"30337281044614288892434104","t":1586206800000,"cRatio":"4029866973117039696","per":"1000000000000023454326206829","wtrxLocked":"30337281044631"},{"ptrxLocked":"30337982044613288892434104","t":1586207700000,"cRatio":"4029960090781210032","per":"1000000000000023454326206840","wtrxLocked":"30337982044631"},{"ptrxLocked":"30337982044613288892434104","t":1586208600000,"cRatio":"4024893603353440723","per":"1000000"
12:38:43.743 [TestNG-tests-1] DEBUG org.apache.http.wire -  << "000000023454326206840","wtrxLocked":"30337982044631"},{"ptrxLocked":"30338982044612288892434104","t":1586209500000,"cRatio":"4025026271821548863","per":"1000000000000023454326206833","wtrxLocked":"30338982044631"},{"ptrxLocked":"30338982044612288892434104","t":1586210400000,"cRatio":"4036302250822910751","per":"1000000000000023454326206833","wtrxLocked":"30338982044631"},{"ptrxLocked":"30339084044611288892434104","t":1586211300000,"cRatio":"4036279332194085144","per":"1000000000000023454326206824","wtrxLocked":"30339084044631"},{"ptrxLocked":"30339084044611288892434104","t":1586212200001,"cRatio":"4050918700873828651","per":"1000000000000023454326206824","wtrxLocked":"30339084044631"},{"ptrxLocked":"30338920044611288892434104","t":1586213100000,"cRatio":"4050900809982003248","per":"1000000000000023454452991478","wtrxLocked":"30338920044631"},{"ptrxLocked":"30339220044610288892434104","t":1586214000000,"cRatio":"4050832649174663095","per":"1000000000000023454452991482","wtrxLocked":"30339220044631"},{"ptrxLocked":"30339303405408800621477623","t":1586214900000,"cRatio":"4050807721456177090","per":"1000000000000039548143860853","wtrxLocked":"30339303405431"},{"ptrxLocked":"30339303305408800621481578","t":1586215800000,"cRatio":"4047330192274834381","per":"1000000000000039548143860847","wtrxLocked":"30339303305431"},{"ptrxLocked":"
12:38:43.744 [TestNG-tests-1] DEBUG org.apache.http.wire -  << ""30338503305408800653120093","t":1586216700000,"cRatio":"4052447852006094935","per":"1000000000000039548143860850","wtrxLocked":"30338503305431"},{"ptrxLocked":"30338503305408800653120093","t":1586217600001,"cRatio":"4084142540295659805","per":"1000000000000039548143860850","wtrxLocked":"30338503305431"},{"ptrxLocked":"30338503305408800653120093","t":1586218500000,"cRatio":"4084142540295659805","per":"1000000000000039548143860850","wtrxLocked":"30338503305431"},{"ptrxLocked":"30338503305408800653120093","t":1586219400000,"cRatio":"4101338610735719438","per":"1000000000000039548143860850","wtrxLocked":"30338503305431"},{"ptrxLocked":"30338503305408800653120093","t":1586220300000,"cRatio":"4134806350860815898","per":"1000000000000039548143860850","wtrxLocked":"30338503305431"},{"ptrxLocked":"30338503305408800653120093","t":1586221200000,"cRatio":"4163475918434094601","per":"1000000000000039548143860850","wtrxLocked":"30338503305431"},{"ptrxLocked":"30338503305408800653120093","t":1586222100000,"cRatio":"4163475918434094601","per":"1000000000000039548143860850","wtrxLocked":"30338503305431"},{"ptrxLocked":"30338503305408800653120093","t":1586223000000,"cRatio":"4149391294378787966","per":"1000000000000039548143860850","wtrxLocked":"30338503305431"},{"ptrxLocked":"30338503305408800653120093","t":1586223900000,"cRatio":"4143631736980022027","per":"1000000000000039548143860850","wtrxLocked":"30338503305431"},{"ptrxLocked":"30338503305408800653120093","t":1586224800000,"cRatio":"4137862073924635269","per":"1000000000000039548143860850","wtrxLocked":"30338503305431"},{"ptrxLocked":"30338503305408800653120093","t":1586225700000,"cRatio":"4137862073924635269","per":"1000000000000039548143860850","wtrxLocked":"30338503305431"},{"ptrxLocked":"30338503305408800653120093","t":1586226600000,"cRatio":"4133378483713713148","per":"1000000000000039548143860850","wtrxLocked":"30338503305431"},{"ptrxLocked":"30338503305408800653120093","t":1586227500000,"cRatio":"4113386063616454862","per":"1000000000000039548143860850","wtrxLocked":"30338503305431"},{"ptrxLocked":"30338503305408800653120093","t":1586228400000,"cRatio":"4066140078323682073","per":"1000000000000039548143860850","wtrxLocked":"30338503305431"},{"ptrxLocked":"30338503305408800653120093","t":1586229300000,"cRatio":"4066140078323682073","per":"1000000000000039548143860850","wtrxLocked":"30338503305431"},{"ptrxLocked":"30338503305408800653120093","t":1586230200000,"cRatio":"4057287191384429113","per":"1000000000000039548143860850","wtrxLocked":"30338503305431"},{"ptrxLocked":"30338503305408800653120093","t":1586231100000,"cRatio":"4066140078323682073","per":"1000000000000039548143860850","wtrxLocked":"30338503305431"},{"ptrxLocked":"30338503305408800653120093","t":1586232000000,"cRatio":"4073707571108139123","per":"1000000000000039548143860850","wtrxLocked":"30338503305431"},{"ptrxLocked":"30338503305408800653120093","t":1586232900000,"cRatio":"4073707571108139123","per":"1000000000000039548143860850","wtrxLocked":"30338503305431"},{"ptrxLocked":"30339503305407800653120093","t":1586233800000,"cRatio":"4076544090593748068","per":"1000000000000039548143860854","wtrxLocked":"30339503305431"},{"ptrxLocked":"30339503305407800653120093","t":1586234700000,"cRatio":"4076544090593748068","per":"1000000000000039548143860854","wtrxLocked":"30339503305431"},{"ptrxLocked":"30339503305407800653120093","t":1586235600000,"cRatio":"4060724221697883847","per":"1000000000000039548143860854","wtrxLocked":"30339503305431"},{"ptrxLocked":"30339503305407800653120093","t":1586236500000,"cRatio":"4060724221697883847","per":"1000000000000039548143860854","wtrxLocked":"30339503305431"},{"ptrxLocked":"30356903305405800653120093","t":1586237400000,"cRatio":"4062205970681816859","per":"1000000000000039548143860881","wtrxLocked":"30356903305431"},{"ptrxLocked":"30356903305405800653120093","t":1586238300000,"cRatio":"4062972719534466938","per":"1000000000000039548143860881","wtrxLocked":"30356903305431"},{"ptrxLocked":"30356903305405800653120093","t":15862392000"
12:38:43.744 [TestNG-tests-1] DEBUG org.apache.http.wire -  << "01,"cRatio":"4073174286432952435","per":"1000000000000039548143860881","wtrxLocked":"30356903305431"},{"ptrxLocked":"30356903305405800653120093","t":1586240100000,"cRatio":"4073174286432952435","per":"1000000000000039548143860881","wtrxLocked":"30356903305431"},{"ptrxLocked":"30358078305403800653120093","t":1586241000000,"cRatio":"4073150668410574240","per":"1000000000000039548143860880","wtrxLocked":"30358078305431"},{"ptrxLocked":"30360678305400800653120093","t":1586241900000,"cRatio":"4073345346151490486","per":"1000000000000039548143860912","wtrxLocked":"30360678305431"},{"ptrxLocked":"30360678305400800653120093","t":1586242800000,"cRatio":"4076294513760305518","per":"1000000000000039548143860912","wtrxLocked":"30360678305431"},{"ptrxLocked":"30360178305401800653120093","t":1586243700000,"cRatio":"4076227382610194182","per":"1000000000000039548795176978","wtrxLocked":"30360178305432"},{"ptrxLocked":"30360178305401800653120093","t":1586244600000,"cRatio":"4087505692545511536","per":"1000000000000039549707034498","wtrxLocked":"30360178305434"},{"ptrxLocked":"30360178305401800653120093","t":1586245500000,"cRatio":"4119430198072659415","per":"1000000000000039549707034498","wtrxLocked":"30360178305434"},{"ptrxLocked":"30359829305401800666922941","t":1586246400000,"cRatio":"4130588423367627909","per":"1000000000000039549707034490","wtrxLocked":"30359829305434"},{"ptrxLocked":"30354829305401800864671476","t":1586247300000,"cRatio":"4129928568435690329","per":"1000000000000039549707034496","wtrxLocked":"30354829305434"},{"ptrxLocked":"30354829305401800864671476","t":1586248200000,"cRatio":"4131438511382870686","per":"1000000000000039549707034496","wtrxLocked":"30354829305434"},{"ptrxLocked":"30354829305401800864671476","t":1586249100000,"cRatio":"4131489707135942879","per":"1000000000000039549707034496","wtrxLocked":"30354829305434"},{"ptrxLocked":"30354829305401800864671476","t":1586250000000,"cRatio":"4131489707135942879","per":"1000000000000039549707034496","wtrxLocked":"30354829305434"},{"ptrxLocked":"30354930305400800864671476","t":1586250900000,"cRatio":"4131495282215920275","per":"1000000000000039549707034482","wtrxLocked":"30354930305434"},{"ptrxLocked":"30354930305400800864671476","t":1586251800000,"cRatio":"4133003090769095381","per":"1000000000000039549707034482","wtrxLocked":"30354930305434"},{"ptrxLocked":"30355050305399800864671476","t":1586252700000,"cRatio":"4133454460571903935","per":"1000000000000039549707034488","wtrxLocked":"30355050305434"},{"ptrxLocked":"30355050305399800864671476","t":1586253600000,"cRatio":"4130950498350772000","per":"1000000000000039549707034488","wtrxLocked":"30355050305434"},{"ptrxLocked":"3035505030539980086"
12:38:43.744 [TestNG-tests-1] DEBUG org.apache.http.wire -  << "4671476","t":1586254500000,"cRatio":"4130868863644080175","per":"1000000000000039549707034488","wtrxLocked":"30355050305434"},{"ptrxLocked":"30355050305399800864671476","t":1586255400000,"cRatio":"4141743038927379087","per":"1000000000000039549707034488","wtrxLocked":"30355050305434"},{"ptrxLocked":"30355050305399800864671476","t":1586256300000,"cRatio":"4148087322902026455","per":"1000000000000039549707034488","wtrxLocked":"30355050305434"},{"ptrxLocked":"30355050305399800864671476","t":1586257200000,"cRatio":"4152180572764587261","per":"1000000000000039549707034488","wtrxLocked":"30355050305434"},{"ptrxLocked":"30355050305399800864671476","t":1586258100000,"cRatio":"4152180572764587261","per":"1000000000000039549707034488","wtrxLocked":"30355050305434"},{"ptrxLocked":"30355050305399800864671476","t":1586259000000,"cRatio":"4153161913235683341","per":"1000000000000039549707034488","wtrxLocked":"30355050305434"},{"ptrxLocked":"30355050305399800864671476","t":1586259900000,"cRatio":"4153161913235683341","per":"1000000000000039549707034488","wtrxLocked":"30355050305434"},{"ptrxLocked":"30355050305399800864671476","t":1586260800000,"cRatio":"4143000491059329632","per":"1000000000000039550619067070","wtrxLocked":"30355050305436"},{"ptrxLocked":"30355050305399800864671476","t":1586261700000,"cRatio":"4142959555046147277","per":"1000000000000039550619067070","wtrxLocked":"30355050305436"},{"ptrxLocked":"30355050305399800864671476","t":1586262600000,"cRatio":"4159834142944984299","per":"1000000000000039550619067070","wtrxLocked":"30355050305436"},{"ptrxLocked":"30355050305399800864671476","t":1586263500000,"cRatio":"4159834142944984299","per":"1000000000000039550619067070","wtrxLocked":"30355050305436"},{"ptrxLocked":"30355450305397800876536857","t":1586264400001,"cRatio":"4151888401812382840","per":"1000000000000039551270533945","wtrxLocked":"30355450305437"},{"ptrxLocked":"30355050305399800864671476","t":1586265300000,"cRatio":"4151915738110807951","per":"1000000000000039552182602574","wtrxLocked":"30355050305439"},{"ptrxLocked":"30360751305397800864671476","t":1586266200000,"cRatio":"4141114721134395554","per":"1000000000000039552182602574","wtrxLocked":"30360751305439"},{"ptrxLocked":"30360751305397800864671476","t":1586267100000,"cRatio":"4141114721134395554","per":"1000000000000039552182602574","wtrxLocked":"30360751305439"},{"ptrxLocked":"30360751305397800864671476","t":1586268000000,"cRatio":"4150590000131677416","per":"1000000000000039552182602574","wtrxLocked":"30360751305439"},{"ptrxLocked":"30360751305397800864671476","t":1586268900001,"cRatio":"4150590000131677416","per":"1000000000000039552182602574","wtrxLocked":"30360751305439"},{"ptrxLock"
12:38:43.852 [TestNG-tests-1] DEBUG org.apache.http.wire -  << "ed":"30360751305397800864671476","t":1586269800000,"cRatio":"4144652505288577126","per":"1000000000000039552182602574","wtrxLocked":"30360751305439"},{"ptrxLocked":"30360751305397800864671476","t":1586270700001,"cRatio":"4127412066294414577","per":"1000000000000039552182602574","wtrxLocked":"30360751305439"},{"ptrxLocked":"30360751305397800864671476","t":1586271600000,"cRatio":"4110185979540823691","per":"1000000000000039552182602574","wtrxLocked":"30360751305439"},{"ptrxLocked":"30360751305397800864671476","t":1586272500000,"cRatio":"4110185979540823691","per":"1000000000000039552182602574","wtrxLocked":"30360751305439"},{"ptrxLocked":"30360751305397800864671476","t":1586273400000,"cRatio":"4110185979540823691","per":"1000000000000039552182602574","wtrxLocked":"30360751305439"},{"ptrxLocked":"30360751305397800864671476","t":1586274300000,"cRatio":"4110185979540823691","per":"1000000000000039552182602574","wtrxLocked":"30360751305439"},{"ptrxLocked":"30360751305397800864671476","t":1586275200000,"cRatio":"4125868875616198619","per":"1000000000000039552182602574","wtrxLocked":"30360751305439"},{"ptrxLocked":"30360751305397800864671476","t":1586276100000,"cRatio":"4125868875616198619","per":"1000000000000039552182602574","wtrxLocked":"30360751305439"},{"ptrxLocked":"30360751305397800864671476","t":1586277000000,"cRatio":"4130623896394412929","per":"1000000000000039552182602574","wtrxLocked":"30360751305439"},{"ptrxLocked":"30360751305397800864671476","t":1586277900000,"cRatio":"4133398312198431938","per":"1000000000000039552182602574","wtrxLocked":"30360751305439"},{"ptrxLocked":"30360751305397800864671476","t":1586278800000,"cRatio":"4146310532263471335","per":"1000000000000039552182602574","wtrxLocked":"30360751305439"},{"ptrxLocked":"30357751305397800983328024","t":1586279700000,"cRatio":"4145900827922770055","per":"1000000000000039552182602567","wtrxLocked":"30357751305439"},{"ptrxLocked":"30357751305397800983328024","t":1586280600000,"cRatio":"4148975263659704492","per":"1000000000000039552182602567","wtrxLocked":"30357751305439"},{"ptrxLocked":"30357751305397800983328024","t":1586281500000,"cRatio":"4149317798177489082","per":"1000000000000039552182602567","wtrxLocked":"30357751305439"},{"ptrxLocked":"30357751305397800983328024","t":1586282400000,"cRatio":"4148975263659704492","per":"1000000000000039552182602567","wtrxLocked":"30357751305439"},{"ptrxLocked":"30357751305397800983328024","t":1586283300000,"cRatio":"4148975263659704492","per":"1000000000000039552182602567","wtrxLocked":"30357751305439"},{"ptrxLocked":"30357751305397800983328024","t":1586284200000,"cRatio":"4143201125594375617","per":"1000000000000039552182602567","wtrxLocked":"30357751305439"},{"ptrxLocked":"30357751305397800983328024","t":1586285100000,"cRatio":"4143049573975553790","per":"1000000000000039552182602567","wtrxLocked":"30357751305439"},{"ptrxLocked":"30357751305397800983328024","t":1586286000000,"cRatio":"4138536901720710979","per":"1000000000000039552182602567","wtrxLocked":"30357751305439"},{"ptrxLocked":"30357751305397800983328024","t":1586286900000,"cRatio":"4138536901720710979","per":"1000000000000039552182602567","wtrxLocked":"30357751305439"},{"ptrxLocked":"30357751305397800983328024","t":1586287800000,"cRatio":"4138536901720710979","per":"1000000000000039552182602567","wtrxLocked":"30357751305439"},{"ptrxLocked":"30358106305396800983328024","t":1586288700000,"cRatio":"4142278394418269722","per":"1000000000000039552182602573","wtrxLocked":"30358106305439"},{"ptrxLocked":"30358106305396800983328024","t":1586289600000,"cRatio":"4142544399135118304","per":"1000000000000039552182602573","wtrxLocked":"30358106305439"},{"ptrxLocked":"30358106305396800983328024","t":1586290500000,"cRatio":"4142544399135118304","per":"1000000000000039552182602573","wtrxLocked":"30358106305439"},{"ptrxLocked":"30358106305396800983328024","t":1586291400000,"cRatio":"4131387404588072667","per":"1000000000000039552182602573","wtrxLocked":"30358106305439"},{"ptrxLocked":"30358106305396800983328024","t":1586292"
12:38:43.852 [TestNG-tests-1] DEBUG org.apache.http.wire -  << "300000,"cRatio":"4076919623825742778","per":"1000000000000039552182602573","wtrxLocked":"30358106305439"},{"ptrxLocked":"30358106305396800983328024","t":1586293200000,"cRatio":"4007311337643154252","per":"1000000000000039552182602573","wtrxLocked":"30358106305439"},{"ptrxLocked":"30358106305396800983328024","t":1586294100000,"cRatio":"4007311337643154252","per":"1000000000000039552182602573","wtrxLocked":"30358106305439"},{"ptrxLocked":"30358106305396800983328024","t":1586295000000,"cRatio":"3996882154774277770","per":"1000000000000039552182602573","wtrxLocked":"30358106305439"},{"ptrxLocked":"30358106305396800983328024","t":1586295900000,"cRatio":"3996428162128781789","per":"1000000000000039552182602573","wtrxLocked":"30358106305439"},{"ptrxLocked":"30358106305396800983328024","t":1586296800000,"cRatio":"4002065506409368073","per":"1000000000000039552182602573","wtrxLocked":"30358106305439"},{"ptrxLocked":"30358106305396800983328024","t":1586297700000,"cRatio":"4002065506409368073","per":"1000000000000039552182602573","wtrxLocked":"30358106305439"},{"ptrxLocked":"30358106305396800983328024","t":1586298600000,"cRatio":"4009396370377524684","per":"1000000000000039552182602573","wtrxLocked":"30358106305439"},{"ptrxLocked":"30358106305396800983328024","t":1586299500000,"cRatio":"4009396370377524684","per":"10000000000000395521826"
12:38:43.971 [TestNG-tests-1] DEBUG org.apache.http.wire -  << "02573","wtrxLocked":"30358106305439"},{"ptrxLocked":"30358106305396800983328024","t":1586300400000,"cRatio":"4003595479184279447","per":"1000000000000039552182602573","wtrxLocked":"30358106305439"},{"ptrxLocked":"30358106305396800983328024","t":1586301300000,"cRatio":"4003595479184279447","per":"1000000000000039552182602573","wtrxLocked":"30358106305439"},{"ptrxLocked":"30358106305396800983328024","t":1586302200000,"cRatio":"3999935655661686086","per":"1000000000000039552182602573","wtrxLocked":"30358106305439"},{"ptrxLocked":"30358106305396800983328024","t":1586303100000,"cRatio":"3987298124241268599","per":"1000000000000039552182602573","wtrxLocked":"30358106305439"},{"ptrxLocked":"30358106305396800983328024","t":1586304000000,"cRatio":"3975968821844673566","per":"1000000000000039552182602573","wtrxLocked":"30358106305439"},{"ptrxLocked":"30358106305396800983328024","t":1586304900000,"cRatio":"3975968821844673566","per":"1000000000000039552182602573","wtrxLocked":"30358106305439"},{"ptrxLocked":"30358106305396800983328024","t":1586305800000,"cRatio":"3970658694221688296","per":"1000000000000039552182602573","wtrxLocked":"30358106305439"},{"ptrxLocked":"30358106305396800983328024","t":1586306700001,"cRatio":"3970628975015249979","per":"1000000000000039552182602573","wtrxLocked":"30358106305439"},{"ptrxLocked":"303581063053968"
12:38:43.972 [TestNG-tests-1] DEBUG org.apache.http.wire -  << "00983328024","t":1586307600001,"cRatio":"3970628975015249979","per":"1000000000000039552182602573","wtrxLocked":"30358106305439"},{"ptrxLocked":"30358106305396800983328024","t":1586308500000,"cRatio":"3970628975015249979","per":"1000000000000039552182602573","wtrxLocked":"30358106305439"},{"ptrxLocked":"30358106305396800983328024","t":1586309400000,"cRatio":"3968778956085907211","per":"1000000000000039552182602573","wtrxLocked":"30358106305439"},{"ptrxLocked":"30358106305396800983328024","t":1586310300000,"cRatio":"3970367664278485487","per":"1000000000000039552182602573","wtrxLocked":"30358106305439"},{"ptrxLocked":"30358106305396800983328024","t":1586311200000,"cRatio":"3965350477019965365","per":"1000000000000039552182602573","wtrxLocked":"30358106305439"},{"ptrxLocked":"30358207305395800983328024","t":1586312100000,"cRatio":"3965348005176581779","per":"1000000000000039552182602558","wtrxLocked":"30358207305439"},{"ptrxLocked":"30358207305395800983328024","t":1586313000000,"cRatio":"3963285070197565012","per":"1000000000000039552182602558","wtrxLocked":"30358207305439"},{"ptrxLocked":"30358207305395800983328024","t":1586313900000,"cRatio":"3963285070197565012","per":"1000000000000039552182602558","wtrxLocked":"30358207305439"},{"ptrxLocked":"30358207305395800983328024","t":1586314800000,"cRatio":"3996016374482971447","per":"1000000000000039552182602558","wtrxLocked":"30358207305439"},{"ptrxLocked":"30358207305395800983328024","t":1586315700000,"cRatio":"3996016374482971447","per":"1000000000000039552182602558","wtrxLocked":"30358207305439"},{"ptrxLocked":"30358207305395800983328024","t":1586316600000,"cRatio":"4004672204536167143","per":"1000000000000039552182602558","wtrxLocked":"30358207305439"},{"ptrxLocked":"30358207305395800983328024","t":1586317500000,"cRatio":"4032120133088004333","per":"1000000000000039552182602558","wtrxLocked":"30358207305439"},{"ptrxLocked":"30358207305395800983328024","t":1586318400000,"cRatio":"4044897446487411472","per":"1000000000000039552182602558","wtrxLocked":"30358207305439"},{"ptrxLocked":"30358207305395800983328024","t":1586319300000,"cRatio":"4044897446487411472","per":"1000000000000039552182602558","wtrxLocked":"30358207305439"},{"ptrxLocked":"30358207305395800983328024","t":1586320200000,"cRatio":"4058967973394420272","per":"1000000000000039552182602558","wtrxLocked":"30358207305439"},{"ptrxLocked":"30358207305395800983328024","t":1586321100000,"cRatio":"4074060358306923018","per":"1000000000000039552182602558","wtrxLocked":"30358207305439"},{"ptrxLocked":"30358207305395800983328024","t":1586322000000,"cRatio":"4075171039228097606","per":"1000000000000039552182602558","wtrxLocked":"30358207305439"},{"ptrxLocked":"30358207305395800983328024","t":1586322900000,"cRatio":"4075171039228097606","per":"1000000000000039552182602558","wtrxLocked":"30358207305439"},{"ptrxLocked":"30358207305395800983328024","t":1586323800000,"cRatio":"4088122263874094894","per":"1000000000000039552182602558","wtrxLocked":"30358207305439"},{"ptrxLocked":"30358207305395800983328024","t":1586324700000,"cRatio":"4097960655314327049","per":"1000000000000039552182602558","wtrxLocked":"30358207305439"},{"ptrxLocked":"30358207305395800983328024","t":1586325600000,"cRatio":"4097960655314327049","per":"1000000000000039552182602558","wtrxLocked":"30358207305439"},{"ptrxLocked":"30358206305395800983367576","t":1586326500000,"cRatio":"4097960641738741880","per":"1000000000000039552182602564","wtrxLocked":"30358206305439"},{"ptrxLocked":"30358206305395800983367576","t":1586327400000,"cRatio":"4096676024421163636","per":"1000000000000039552182602564","wtrxLocked":"30358206305439"},{"ptrxLocked":"30358206305395800983367576","t":1586328300000,"cRatio":"4096516593464283441","per":"1000000000000039552182602564","wtrxLocked":"30358206305439"},{"ptrxLocked":"30358706305394800983367576","t":1586329200000,"cRatio":"4090086960758946442","per":"1000000000000039552182602555","wtrxLocked":"30358706305439"},{"ptrxLocked":"30358706305394800983367576","t":1586330100000,"cRatio":"409"
12:38:43.972 [TestNG-tests-1] DEBUG org.apache.http.wire -  << "0086960758946442","per":"1000000000000039552182602555","wtrxLocked":"30358706305439"},{"ptrxLocked":"30358706305394800983367576","t":1586331000000,"cRatio":"4076866226516571298","per":"1000000000000039552182602555","wtrxLocked":"30358706305439"},{"ptrxLocked":"30358706305394800983367576","t":1586331900000,"cRatio":"4073611741051177103","per":"1000000000000039552182602555","wtrxLocked":"30358706305439"},{"ptrxLocked":"30358706305394800983367576","t":1586332800000,"cRatio":"4076866226516571298","per":"1000000000000039552182602555","wtrxLocked":"30358706305439"},{"ptrxLocked":"30358706305394800983367576","t":1586333700000,"cRatio":"4076866226516571298","per":"1000000000000039552182602555","wtrxLocked":"30358706305439"},{"ptrxLocked":"30358456305394800993255622","t":1586334600000,"cRatio":"4077545379899873563","per":"1000000000000039552182602543","wtrxLocked":"30358456305439"},{"ptrxLocked":"30358756305393800993255622","t":1586335500000,"cRatio":"4077585673899069787","per":"1000000000000039552182602550","wtrxLocked":"30358756305439"},{"ptrxLocked":"30358756305393800993255622","t":1586336400000,"cRatio":"4075405809859339243","per":"1000000000000039552182602550","wtrxLocked":"30358756305439"},{"ptrxLocked":"30358756305393800993255622","t":1586337300000,"cRatio":"4075405809859339243","per":"1000000000000039552182602550","wtrxLocked":"30358756305439"},{"ptrxLocked":"30358456305393801005121277","t":1586338200000,"cRatio":"4075365537401183941","per":"1000000000000039552182602543","wtrxLocked":"30358456305439"},{"ptrxLocked":"30358456305393801005121277","t":1586339100000,"cRatio":"4076392396208216132","per":"1000000000000039552182602543","wtrxLocked":"30358456305439"},{"ptrxLocked":"30357716306393801034389853","t":1586340000001,"cRatio":"4074694391843782368","per":"1000000000000039552182602529","wtrxLocked":"30357716306439"},{"ptrxLocked":"30357716306393801034389853","t":1586340900000,"cRatio":"4074693989449932692","per":"1000000000000039552182602529","wtrxLocked":"30357716306439"},{"ptrxLocked":"30357716306393801034389853","t":1586341800000,"cRatio":"4076323707023513231","per":"1000000000000039552182602529","wtrxLocked":"30357716306439"},{"ptrxLocked":"30357716306393801034389853","t":1586342700000,"cRatio":"4080691949076530277","per":"1000000000000039552182602529","wtrxLocked":"30357716306439"},{"ptrxLocked":"30357716306393801034389853","t":1586343600000,"cRatio":"4080691949076530277","per":"1000000000000039552182602529","wtrxLocked":"30357716306439"},{"ptrxLocked":"30357716306393801034389853","t":1586344500000,"cRatio":"4080691949076530277","per":"1000000000000039552182602529","wtrxLocked":"30357716306439"},{"ptrxLocked":"30357716306393801034389853","t":1586345400000,"cRatio":"4050672754296886137","per":"1000000000000039552182602529","wtrxLocked":"30357716306439"},{"ptrxLocked":"30357716306393801034389853","t":1586346300000,"cRatio":"4050575013975349533","per":"1000000000000039552182602529","wtrxLocked":"30357716306439"},{"ptrxLocked":"30357716306393801034389853","t":1586347200000,"cRatio":"4047574677496596514","per":"1000000000000039552182602529","wtrxLocked":"30357716306439"},{"ptrxLocked":"30357716306393801034389853","t":1586348100000,"cRatio":"4047574677496596514","per":"1000000000000039552182602529","wtrxLocked":"30357716306439"},{"ptrxLocked":"30357716306393801034389853","t":1586349000000,"cRatio":"4047574677496596514","per":"1000000000000039552182602529","wtrxLocked":"30357716306439"},{"ptrxLocked":"30357716306393801034389853","t":1586349900000,"cRatio":"4047574677496596514","per":"1000000000000039552182602529","wtrxLocked":"30357716306439"},{"ptrxLocked":"30357716306393801034389853","t":1586350800000,"cRatio":"4043712891132140779","per":"1000000000000039552182602529","wtrxLocked":"30357716306439"},{"ptrxLocked":"30357716306393801034389853","t":1586351700000,"cRatio":"4043712891132140779","per":"1000000000000039552182602529","wtrxLocked":"30357716306439"},{"ptrxLocked":"30357716306393801034389853","t":1586352600001,"cRatio":"4041030932014316470","per":"1000000000000039552182602529","wtrxLocked":"30357716306439"},{"ptrxLocked":"30357716306393801034389853","t":1586353500000,"cRatio":"4041889773497603649","per":"1000000000000039552182602529","wtrxLocked":"30357716306439"},{"ptrxLocked":"30357716306393801034389853","t":1586354400000,"cRatio":"4046413573450403921","per":"1000000000000039552182602529","wtrxLocked":"30357716306439"},{"ptrxLocked":"30357716306393801034389853","t":1586355300000,"cRatio":"4046413573450403921","per":"1000000000000039552182602529","wtrxLocked":"30357716306439"},{"ptrxLocked":"30357716306393801034389853","t":1586356200000,"cRatio":"4049762408153199952","per":"1000000000000039552182602529","wtrxLocked":"30357716306439"},{"ptrxLocked":"30357716306393801034389853","t":1586357100000,"cRatio":"4050035445552586138","per":"1000000000000039552182602529","wtrxLocked":"30357716306439"},{"ptrxLocked":"30357716306393801034389853","t":1586358000000,"cRatio":"4052594878470053206","per":"1000000000000039552182602529","wtrxLocked":"30357716306439"},{"ptrxLocked":"30357716306393801034389853","t":1586358900000,"cRatio":"4052594878470053206","per":"1000000000000039552182602529","wtrxLocked":"30357716306439"},{"ptrxLocked":"30357716306393801034389853","t":1586359800000,"cRatio":"4057346777047294902","per":"1000000000000039552182602529","wtrxLocked":"30357716306439"},{"ptrxLocked":"30357716306"
12:38:44.079 [TestNG-tests-1] DEBUG org.apache.http.wire -  << "393801034389853","t":1586360700000,"cRatio":"4078553418221050521","per":"1000000000000039552182602529","wtrxLocked":"30357716306439"},{"ptrxLocked":"30357716306393801034389853","t":1586361600000,"cRatio":"4079629298895605666","per":"1000000000000039552182602529","wtrxLocked":"30357716306439"},{"ptrxLocked":"30357716306393801034389853","t":1586362500000,"cRatio":"4079629298895605666","per":"1000000000000039552182602529","wtrxLocked":"30357716306439"},{"ptrxLocked":"30357716306393801034389853","t":1586363400000,"cRatio":"4080098585764122418","per":"1000000000000039552182602529","wtrxLocked":"30357716306439"},{"ptrxLocked":"30357716306393801034389853","t":1586364300001,"cRatio":"4082066924822585489","per":"1000000000000039552182602529","wtrxLocked":"30357716306439"},{"ptrxLocked":"30357716306393801034389853","t":1586365200000,"cRatio":"4094173970454933432","per":"1000000000000039552182602529","wtrxLocked":"30357716306439"},{"ptrxLocked":"30357716306393801034389853","t":1586366100000,"cRatio":"4094173970454933432","per":"1000000000000039552182602529","wtrxLocked":"30357716306439"},{"ptrxLocked":"30357716306393801034389853","t":1586367000000,"cRatio":"4105056397115493111","per":"1000000000000039552182602529","wtrxLocked":"30357716306439"},{"ptrxLocked":"30357716306393801034389853","t":1586367900000,"cRatio":"4105056397115493111","p"
12:38:44.079 [TestNG-tests-1] DEBUG org.apache.http.wire -  << "er":"1000000000000039552182602529","wtrxLocked":"30357716306439"},{"ptrxLocked":"30357715306392801042339842","t":1586368800000,"cRatio":"4099979474624955061","per":"1000000000000039552182602535","wtrxLocked":"30357715306439"},{"ptrxLocked":"30357715306392801042339842","t":1586369700000,"cRatio":"4099978259968322994","per":"1000000000000039552182602535","wtrxLocked":"30357715306439"},{"ptrxLocked":"30357715306392801042339842","t":1586370600000,"cRatio":"4090308303872203088","per":"1000000000000039552182602535","wtrxLocked":"30357715306439"},{"ptrxLocked":"30357715306392801042339842","t":1586371500000,"cRatio":"4090308303872203088","per":"1000000000000039552182602535","wtrxLocked":"30357715306439"},{"ptrxLocked":"30361820306390801042339842","t":1586372400000,"cRatio":"4090493312048903771","per":"1000000000000039552182602516","wtrxLocked":"30361820306439"},{"ptrxLocked":"30361820306390801042339842","t":1586373300000,"cRatio":"4090493635121760522","per":"1000000000000039552182602516","wtrxLocked":"30361820306439"},{"ptrxLocked":"30361820306390801042339842","t":1586374200000,"cRatio":"4091590349866020083","per":"1000000000000039552182602516","wtrxLocked":"30361820306439"},{"ptrxLocked":"30361820306390801042339842","t":1586375100000,"cRatio":"4091590349866020083","per":"1000000000000039552182602516","wtrxLocked":"30361820306439"},{""
12:38:44.080 [TestNG-tests-1] DEBUG org.apache.http.wire -  << "ptrxLocked":"30361820306390801042339842","t":1586376000000,"cRatio":"4083769347694564922","per":"1000000000000039552182602516","wtrxLocked":"30361820306439"},{"ptrxLocked":"30361820306390801042339842","t":1586376900000,"cRatio":"4083769347694564922","per":"1000000000000039552182602516","wtrxLocked":"30361820306439"},{"ptrxLocked":"30361726306389801050210726","t":1586377800001,"cRatio":"4083736545670813128","per":"1000000000000039552182602521","wtrxLocked":"30361726306439"},{"ptrxLocked":"30361726306389801050210726","t":1586378700000,"cRatio":"4092967936627130009","per":"1000000000000039552182602521","wtrxLocked":"30361726306439"},{"ptrxLocked":"30361726306389801050210726","t":1586379600000,"cRatio":"4098607205095972909","per":"1000000000000039552182602521","wtrxLocked":"30361726306439"},{"ptrxLocked":"30361726306389801050210726","t":1586380500000,"cRatio":"4098607205095972909","per":"1000000000000039552182602521","wtrxLocked":"30361726306439"},{"ptrxLocked":"30361726306389801050210726","t":1586381400000,"cRatio":"4103068374123545494","per":"1000000000000039552182602521","wtrxLocked":"30361726306439"},{"ptrxLocked":"30361726306389801050210726","t":1586382300000,"cRatio":"4103934164479919879","per":"1000000000000039552182602521","wtrxLocked":"30361726306439"},{"ptrxLocked":"30361726306389801050210726","t":1586383200000,"cRatio":"
12:38:44.181 [TestNG-tests-1] DEBUG org.apache.http.wire -  << ""4104243688383568525","per":"1000000000000039552182602521","wtrxLocked":"30361726306439"},{"ptrxLocked":"30362328306386801054245049","t":1586384100000,"cRatio":"4104102417814087684","per":"1000000000000039552182602524","wtrxLocked":"30362328306439"},{"ptrxLocked":"30362328306386801054245049","t":1586385000000,"cRatio":"4101714824670046120","per":"1000000000000039552182602524","wtrxLocked":"30362328306439"},{"ptrxLocked":"30362328306386801054245049","t":1586385900000,"cRatio":"4101642242215275908","per":"1000000000000039552182602524","wtrxLocked":"30362328306439"},{"ptrxLocked":"30362275306386801056341315","t":1586386800000,"cRatio":"4099913960420928385","per":"1000000000000039552182602513","wtrxLocked":"30362275306439"},{"ptrxLocked":"30362275306386801056341315","t":1586387700000,"cRatio":"4099913960420928385","per":"1000000000000039552182602513","wtrxLocked":"30362275306439"},{"ptrxLocked":"30362275306386801056341315","t":1586388600000,"cRatio":"4099913960420928385","per":"1000000000000039552182602513","wtrxLocked":"30362275306439"},{"ptrxLocked":"30362275306386801056341315","t":1586389500000,"cRatio":"4107166696025989405","per":"1000000000000039552182602513","wtrxLocked":"30362275306439"},{"ptrxLocked":"30362275306386801056341315","t":1586390400000,"cRatio":"4108871001886591251","per":"1000000000000039552182602513","wtrxLock"
12:38:44.200 [TestNG-tests-1] DEBUG org.apache.http.wire -  << "ed":"30362275306439"},{"ptrxLocked":"30362376306385801056341315","t":1586391300000,"cRatio":"4108864388394872227","per":"1000000000000039552182602498","wtrxLocked":"30362376306439"},{"ptrxLocked":"30362376306385801056341315","t":1586392200000,"cRatio":"4103932512424751828","per":"1000000000000039552182602498","wtrxLocked":"30362376306439"},{"ptrxLocked":"30362376306385801056341315","t":1586393100000,"cRatio":"4103951959517515912","per":"1000000000000039552182602498","wtrxLocked":"30362376306439"},{"ptrxLocked":"30362376306385801056341315","t":1586394000000,"cRatio":"4118289615749933072","per":"1000000000000039552182602498","wtrxLocked":"30362376306439"},{"ptrxLocked":"30362376306385801056341315","t":1586394900000,"cRatio":"4118314750551843873","per":"1000000000000039552182602498","wtrxLocked":"30362376306439"},{"ptrxLocked":"30362376306385801056341315","t":1586395800000,"cRatio":"4118314750551843873","per":"1000000000000039552182602498","wtrxLocked":"30362376306439"},{"ptrxLocked":"30362376306385801056341315","t":1586396700000,"cRatio":"4103641540493422389","per":"1000000000000039552182602498","wtrxLocked":"30362376306439"},{"ptrxLocked":"30362376306385801056341315","t":1586397600000,"cRatio":"4098601636706641992","per":"1000000000000039552182602498","wtrxLocked":"30362376306439"},{"ptrxLocked":"30362376306385801056341315","t":1586398500000,"cRatio":"4098601636706641992","per":"1000000000000039552182602498","wtrxLocked":"30362376306439"},{"ptrxLocked":"30363376306384801056341315","t":1586399400000,"cRatio":"4083054766806205166","per":"1000000000000039552182602512","wtrxLocked":"30363376306439"},{"ptrxLocked":"30363376306384801056341315","t":1586400300000,"cRatio":"4081430092090985731","per":"1000000000000039552182602512","wtrxLocked":"30363376306439"},{"ptrxLocked":"30363376306384801056341315","t":1586401200000,"cRatio":"4079341397137657169","per":"1000000000000039552182602512","wtrxLocked":"30363376306439"},{"ptrxLocked":"30363376306384801056341315","t":1586402100000,"cRatio":"4079341397137657169","per":"1000000000000039552182602512","wtrxLocked":"30363376306439"},{"ptrxLocked":"30363376306384801056341315","t":1586403000000,"cRatio":"4079556699229742693","per":"1000000000000039552182602512","wtrxLocked":"30363376306439"},{"ptrxLocked":"30363876306383801056341315","t":1586403900000,"cRatio":"4082757722942339554","per":"1000000000000039552182602502","wtrxLocked":"30363876306439"},{"ptrxLocked":"30363876306383801056341315","t":1586404800000,"cRatio":"4082757722942339554","per":"1000000000000039552182602502","wtrxLocked":"30363876306439"},{"ptrxLocked":"30363876306383801056341315","t":1586405700000,"cRatio":"4082757722942339554","per":"100000000000003"
12:38:44.200 [TestNG-tests-1] DEBUG org.apache.http.wire -  << "9552182602502","wtrxLocked":"30363876306439"},{"ptrxLocked":"30363876306383801056341315","t":1586406600000,"cRatio":"4064688105267285004","per":"1000000000000039552182602502","wtrxLocked":"30363876306439"},{"ptrxLocked":"30363876306383801056341315","t":1586407500000,"cRatio":"4058184056504044513","per":"1000000000000039552182602502","wtrxLocked":"30363876306439"},{"ptrxLocked":"30363876306383801056341315","t":1586408400000,"cRatio":"4058184056504044513","per":"1000000000000039552182602502","wtrxLocked":"30363876306439"},{"ptrxLocked":"30364026306382801056341315","t":1586409300000,"cRatio":"4058204104260870164","per":"1000000000000039552182602489","wtrxLocked":"30364026306439"},{"ptrxLocked":"30364026306382801056341315","t":1586410200001,"cRatio":"4066285813932557145","per":"1000000000000039552182602489","wtrxLocked":"30364026306439"},{"ptrxLocked":"30364026306382801056341315","t":1586411100000,"cRatio":"4067533449156138984","per":"1000000000000039552182602489","wtrxLocked":"30364026306439"},{"ptrxLocked":"30364026306382801056341315","t":1586412000000,"cRatio":"4071172100632775014","per":"1000000000000039552182602489","wtrxLocked":"30364026306439"},{"ptrxLocked":"30364026306382801056341315","t":1586412900000,"cRatio":"4071172100632775014","per":"1000000000000039552182602489","wtrxLocked":"30364026306439"},{"ptrxLocked":"30364026306382801056341315","t":1586413800000,"cRatio":"4071172100632775014","per":"1000000000000039552182602489","wtrxLocked":"30364026306439"},{"ptrxLocked":"30364026306382801056341315","t":1586414700000,"cRatio":"4072162692063093922","per":"1000000000000039552182602489","wtrxLocked":"30364026306439"},{"ptrxLocked":"30364026306382801056341315","t":1586415600000,"cRatio":"4072162692063093922","per":"1000000000000039552182602489","wtrxLocked":"30364026306439"},{"ptrxLocked":"30364026306382801056341315","t":1586416500000,"cRatio":"4072162692063093922","per":"1000000000000039552182602489","wtrxLocked":"30364026306439"},{"ptrxLocked":"30364026306382801056341315","t":1586417400000,"cRatio":"4074652471394045775","per":"1000000000000039552182602489","wtrxLocked":"30364026306439"},{"ptrxLocked":"30360127306382801210555275","t":1586418300000,"cRatio":"4074910497143523720","per":"1000000000000039552182602488","wtrxLocked":"30360127306439"},{"ptrxLocked":"30360378306380801210555275","t":1586419200000,"cRatio":"4075857164342270882","per":"1000000000000039552182602460","wtrxLocked":"30360378306439"},{"ptrxLocked":"30361378306379801210555275","t":1586420100000,"cRatio":"4075810328788756862","per":"1000000000000039552182602473","wtrxLocked":"30361378306439"},{"ptrxLocked":"30361378306379801210555275","t":1586421000000,"cRatio":"4079302140094957602"
12:38:44.203 [TestNG-tests-1] DEBUG org.apache.http.wire -  << "","per":"1000000000000039552182602473","wtrxLocked":"30361378306439"},{"ptrxLocked":"30361378306379801210555275","t":1586421900000,"cRatio":"4084946464505371472","per":"1000000000000039552182602473","wtrxLocked":"30361378306439"},{"ptrxLocked":"30361378306379801210555275","t":1586422800001,"cRatio":"4086801695159333626","per":"1000000000000039552182602473","wtrxLocked":"30361378306439"},{"ptrxLocked":"30361378306379801210555275","t":1586423700001,"cRatio":"4086801695159333626","per":"1000000000000039552182602473","wtrxLocked":"30361378306439"},{"ptrxLocked":"30361378306379801210555275","t":1586424600000,"cRatio":"4085952524293335778","per":"1000000000000039552182602473","wtrxLocked":"30361378306439"},{"ptrxLocked":"30361378306379801210555275","t":1586425500000,"cRatio":"4084838423299220648","per":"1000000000000039552182602473","wtrxLocked":"30361378306439"},{"ptrxLocked":"30361578306378801210555275","t":1586426400000,"cRatio":"4081306324523781860","per":"1000000000000039552182602489","wtrxLocked":"30361578306439"},{"ptrxLocked":"30362578306377801210555275","t":1586427300000,"cRatio":"4081601933724051948","per":"1000000000000039552182602502","wtrxLocked":"30362578306439"},{"ptrxLocked":"30362578306377801210555275","t":1586428200000,"cRatio":"4080524034629855456","per":"1000000000000039552182602502","wtrxLocked":"30362578306439"},{"ptrxLocked":"30363578306376801210555275","t":1586429100000,"cRatio":"4080537565224038411","per":"1000000000000039552182602515","wtrxLocked":"30363578306439"},{"ptrxLocked":"30363578306376801210555275","t":1586430000000,"cRatio":"4082576322037586598","per":"1000000000000039552182602515","wtrxLocked":"30363578306439"},{"ptrxLocked":"30363578306376801210555275","t":1586430900000,"cRatio":"4082576322037586598","per":"1000000000000039552182602515","wtrxLocked":"30363578306439"},{"ptrxLocked":"30364679306375801210555275","t":1586431800000,"cRatio":"4087292650389287233","per":"1000000000000039552182602514","wtrxLocked":"30364679306439"},{"ptrxLocked":"30363978306374801250147010","t":1586432700001,"cRatio":"4088726761968444538","per":"1000000000000039552182602514","wtrxLocked":"30363978306439"},{"ptrxLocked":"30363978306374801250147010","t":1586433600000,"cRatio":"4088484568380503867","per":"1000000000000039552182602514","wtrxLocked":"30363978306439"},{"ptrxLocked":"30363978306374801250147010","t":1586434500000,"cRatio":"4088484568380503867","per":"1000000000000039552182602514","wtrxLocked":"30363978306439"},{"ptrxLocked":"30366979306373801250147010","t":1586435400000,"cRatio":"4081262353734480239","per":"1000000000000039552182602514","wtrxLocked":"30366979306439"},{"ptrxLocked":"30366979306373801250147010","t":1586436300000,"cRatio":"4035725326287088909","per":"1000000000000039552182602514","wtrxLocked":"30366979306439"},{"ptrxLocked":"30366979306373801250147010","t":1586437200000,"cRatio":"4030304492747065845","per":"1000000000000039552182602514","wtrxLocked":"30366979306439"},{"ptrxLocked":"30367479306372801250147010","t":1586438100000,"cRatio":"4030237164497714372","per":"1000000000000039552182602504","wtrxLocked":"30367479306439"},{"ptrxLocked":"30365715306372801319917060","t":1586439000001,"cRatio":"4041408115299757485","per":"1000000000000039552182602508","wtrxLocked":"30365715306439"},{"ptrxLocked":"30365715306372801319917060","t":1586439900000,"cRatio":"4052346821355395851","per":"1000000000000039552182602508","wtrxLocked":"30365715306439"},{"ptrxLocked":"30365715306372801319917060","t":1586440800000,"cRatio":"4061003073928133373","per":"1000000000000039552182602508","wtrxLocked":"30365715306439"},{"ptrxLocked":"30365715306372801319917060","t":1586441700000,"cRatio":"4061003073928133373","per":"1000000000000039552182602508","wtrxLocked":"30365715306439"},{"ptrxLocked":"30365715306372801319917060","t":1586442600000,"cRatio":"4061003073928133373","per":"1000000000000039552182602508","wtrxLocked":"30365715306439"},{"ptrxLocked":"30376715306371801319917060","t":1586443500000,"cRatio":"4064277224778748760","per":"1000000000000039552182602520","wtrxLocked":"30376715306439"},{"ptrxLocked":"30376715306371801319917060","t":1586444400000,"cRatio":"4066014433986359034","per":"1000000000000039552182602520","wtrxLocked":"30376715306439"},{"ptrxLocked":"30384716306370801319917060","t":1586445300000,"cRatio":"4067085391828842713","per":"1000000000000039552182602520","wtrxLocked":"30384716306439"},{"ptrxLocked":"30384716306370801319917060","t":1586446200000,"cRatio":"4065347725053298254","per":"1000000000000039552182602520","wtrxLocked":"30384716306439"},{"ptrxLocked":"30384716306370801319917060","t":1586447100000,"cRatio":"4064387087281848743","per":"1000000000000039552182602520","wtrxLocked":"30384716306439"},{"ptrxLocked":"30384716306370801319917060","t":1586448000000,"cRatio":"4051851855801373769","per":"1000000000000039552182602520","wtrxLocked":"30384716306439"},{"ptrxLocked":"30384716306370801319917060","t":1586448900000,"cRatio":"4051851855801373769","per":"1000000000000039552182602520","wtrxLocked":"30384716306439"},{"ptrxLocked":"30384716306370801319917060","t":1586449800000,"cRatio":"4044017051401668817","per":"1000000000000039552182602520","wtrxLocked":"30384716306439"},{"ptrxLocked":"30384716306370801319917060","t":1586450700000,"cRatio":"4038866710284461764","per":"1000000000000039552182602520","wtrxLocked":"30384716306439"},{"ptrxLocked":"30386716306369801319917060""
12:38:44.307 [TestNG-tests-1] DEBUG org.apache.http.wire -  << ","t":1586451600000,"cRatio":"4030675427369362894","per":"1000000000000039552182602513","wtrxLocked":"30386716306439"},{"ptrxLocked":"30387416306367801319917060","t":1586452500000,"cRatio":"4030597322593373207","per":"1000000000000039552182602519","wtrxLocked":"30387416306439"},{"ptrxLocked":"30387916306366801319917060","t":1586453400001,"cRatio":"4026715077573627840","per":"1000000000000039552182602509","wtrxLocked":"30387916306439"},{"ptrxLocked":"30388017306365801355474472","t":1586454300000,"cRatio":"4026703715964601288","per":"1000000000000039552182602528","wtrxLocked":"30388017306439"},{"ptrxLocked":"30388017306365801355474472","t":1586455200000,"cRatio":"4026728460727363355","per":"1000000000000039552182602528","wtrxLocked":"30388017306439"},{"ptrxLocked":"30398018306364801355474472","t":1586456100000,"cRatio":"4028053697281286245","per":"1000000000000039552182602521","wtrxLocked":"30398018306439"},{"ptrxLocked":"30398018306364801355474472","t":1586457000000,"cRatio":"4031937874171494236","per":"1000000000000039552182602521","wtrxLocked":"30398018306439"},{"ptrxLocked":"30398167306363801357491633","t":1586457900000,"cRatio":"4032889099383174090","per":"1000000000000039552182602547","wtrxLocked":"30398167306439"},{"ptrxLocked":"30398167306363801357491633","t":1586458800000,"cRatio":"4032964583982590744","per":"1000000000000039552182602547","wtrxLocked":"30398167306439"},{"ptrxLocked":"30398667306362801357491633","t":1586459700000,"cRatio":"4033030919636041936","per":"1000000000000039552182602537","wtrxLocked":"30398667306439"},{"ptrxLocked":"30399567306361801357491633","t":1586460600000,"cRatio":"4028456794584098800","per":"1000000000000039552182602526","wtrxLocked":"30399567306439"},{"ptrxLocked":"30399767306360801357491633","t":1586461500000,"cRatio":"4020041352932730620","per":"1000000000000039552182602542","wtrxLocked":"30399767306439"},{"ptrxLocked":"30399868306359801357491633","t":1586462400000,"cRatio":"4017186077946521005","per":"1000000000000039552182602527","wtrxLocked":"30399868306439"},{"ptrxLocked":"30400068306358801357491633","t":1586463300000,"cRatio":"4017172893820433801","per":"1000000000000039552182602543","wtrxLocked":"30400068306439"},{"ptrxLocked":"30411069306357801357491633","t":1586464200000,"cRatio":"4006333439788714943","per":"1000000000000039552182602549","wtrxLocked":"30411069306439"},{"ptrxLocked":"30411870306356801357491633","t":1586465100001,"cRatio":"4000558861329726559","per":"1000000000000039552182602540","wtrxLocked":"30411870306439"},{"ptrxLocked":"30412210306355801357491633","t":1586466000000,"cRatio":"3996972527904290263","per":"1000000000000039552182602537","wtrxLocked":"30412210306439"},{"ptrxLocked":"30412210306355801357491633","t":1586466900000,"cRatio":"3998349909214310572","per":"1000000000000039552182602537","wtrxLocked":"30412210306439"},{"ptrxLocked":"30412710306354801357491633","t":1586467800000,"cRatio":"4001929844751399746","per":"1000000000000039552182602528","wtrxLocked":"30412710306439"},{"ptrxLocked":"30421711306353801357491633","t":1586468700000,"cRatio":"4008635636676199208","per":"1000000000000039552182602541","wtrxLocked":"30421711306439"},{"ptrxLocked":"30421711306353801357491633","t":1586469600000,"cRatio":"4026110430514731777","per":"1000000000000039552182602541","wtrxLocked":"30421711306439"},{"ptrxLocked":"30421813306352801357491633","t":1586470500000,"cRatio":"4026183429650922800","per":"1000000000000039552182602553","wtrxLocked":"30421813306439"},{"ptrxLocked":"30421813306352801357491633","t":1586471400001,"cRatio":"4024551477222019265","per":"1000000000000039552182602553","wtrxLocked":"30421813306439"},{"ptrxLocked":"30410378306351802363540950","t":1586472300000,"cRatio":"4024755544372885958","per":"1000000000000039552182602555","wtrxLocked":"30410378306439"},{"ptrxLocked":"30410378306351802363540950","t":1586473200000,"cRatio":"4025796263807190517","per":"1000000000000039552182602555","wtrxLocked":"30410378306439"},{"ptrxLocked":"30411377306348802363540950","t":1586474100000,"cRatio":"402576053737516"
12:38:44.307 [TestNG-tests-1] DEBUG org.apache.http.wire -  << "5316","per":"1000000000000039552182602541","wtrxLocked":"30411377306439"},{"ptrxLocked":"30411377306348802363540950","t":1586475000000,"cRatio":"4026948537875192798","per":"1000000000000039552182602541","wtrxLocked":"30411377306439"},{"ptrxLocked":"30411488806347802363540950","t":1586475900001,"cRatio":"4026923665769972008","per":"1000000000000039552182602529","wtrxLocked":"30411488806439"},{"ptrxLocked":"30411488806347802363540950","t":1586476800000,"cRatio":"4027955579362127621","per":"1000000000000039552182602529","wtrxLocked":"30411488806439"},{"ptrxLocked":"30411488806347802363540950","t":1586477700001,"cRatio":"4027955579362127621","per":"1000000000000039552182602529","wtrxLocked":"30411488806439"},{"ptrxLocked":"30411613806346802363540950","t":1586478600000,"cRatio":"4026905934203274597","per":"1000000000000039552182602535","wtrxLocked":"30411613806439"},{"ptrxLocked":"30411613806346802363540950","t":1586479500000,"cRatio":"4029799695899138217","per":"1000000000000039552182602535","wtrxLocked":"30411613806439"},{"ptrxLocked":"30430612806344802363540950","t":1586480400000,"cRatio":"4036512016832531205","per":"1000000000000039552182602526","wtrxLocked":"30430612806439"},{"ptrxLocked":"30430762806343802363540950","t":1586481300000,"cRatio":"4036483522545019767","per":"1000000000000039552182602513","wtrxLocked":"30430762806"
12:38:44.427 [TestNG-tests-1] DEBUG org.apache.http.wire -  << "439"},{"ptrxLocked":"30430762806343802363540950","t":1586482200000,"cRatio":"4036478405832991798","per":"1000000000000039552182602513","wtrxLocked":"30430762806439"},{"ptrxLocked":"30430762806343802363540950","t":1586483100000,"cRatio":"4028148102454411206","per":"1000000000000039552182602513","wtrxLocked":"30430762806439"},{"ptrxLocked":"30431262806342802363540950","t":1586484000000,"cRatio":"4010178144133161708","per":"1000000000000039552182602503","wtrxLocked":"30431262806439"},{"ptrxLocked":"30431262806342802363540950","t":1586484900000,"cRatio":"4010178144133161708","per":"1000000000000039552182602503","wtrxLocked":"30431262806439"},{"ptrxLocked":"30431262806342802363540950","t":1586485800001,"cRatio":"4003235669751771796","per":"1000000000000039552182602503","wtrxLocked":"30431262806439"},{"ptrxLocked":"30431262806342802363540950","t":1586486700000,"cRatio":"4002977013806861113","per":"1000000000000039552182602503","wtrxLocked":"30431262806439"},{"ptrxLocked":"30431262806342802363540950","t":1586487600001,"cRatio":"3996391070934452041","per":"1000000000000039552182602503","wtrxLocked":"30431262806439"},{"ptrxLocked":"30431262806342802363540950","t":1586488500000,"cRatio":"3996391070934452041","per":"1000000000000039552182602503","wtrxLocked":"30431262806439"},{"ptrxLocked":"30431262806342802363540950","t":1586489400000,"cRatio":"3976434838055184342","per":"1000000000000039552182602503","wtrxLocked":"30431262806439"},{"ptrxLocked":"30431262806342802363540950","t":1586490300000,"cRatio":"3970254039829408750","per":"1000000000000039552182602503","wtrxLocked":"30431262806439"},{"ptrxLocked":"30431262806342802363540950","t":1586491200000,"cRatio":"3961944230352236669","per":"1000000000000039552182602503","wtrxLocked":"30431262806439"},{"ptrxLocked":"30431262806342802363540950","t":1586492100000,"cRatio":"3961944230352236669","per":"1000000000000039552182602503","wtrxLocked":"30431262806439"},{"ptrxLocked":"30431262806342802363540950","t":1586493000000,"cRatio":"3912111062185176100","per":"1000000000000039552182602503","wtrxLocked":"30431262806439"}],"message":"SUCCESS"}"
12:38:44.427 [TestNG-tests-1] DEBUG org.apache.http.impl.conn.DefaultClientConnection - Connection 0.0.0.0:53160<->3.12.242.83:80 closed
12:38:44.427 [TestNG-tests-1] DEBUG org.apache.http.impl.conn.PoolingClientConnectionManager - Connection released: [id: 8][route: {}->http://api.just.network:80][total kept alive: 0; route allocated: 0 of 80; total allocated: 0 of 100]
12:38:44.430 [TestNG-tests-1] INFO tron.common.TronscanApiList - ----------------------------Print JSON Start---------------------------
12:38:44.430 [TestNG-tests-1] INFO tron.common.TronscanApiList - code:0
12:38:44.432 [TestNG-tests-1] INFO tron.common.TronscanApiList - data:[{"ptrxLocked":"0","t":1585906380000,"cRatio":"0","per":"1000000000000000000000000000","wtrxLocked":"0"},{"ptrxLocked":"0","t":1585906500000,"cRatio":"0","per":"1000000000000000000000000000","wtrxLocked":"0"},{"ptrxLocked":"0","t":1585906800001,"cRatio":"0","per":"1000000000000000000000000000","wtrxLocked":"0"},{"ptrxLocked":"0","t":1585907100000,"cRatio":"0","per":"1000000000000000000000000000","wtrxLocked":"0"},{"ptrxLocked":"0","t":1585908000001,"cRatio":"0","per":"1000000000000000000000000000","wtrxLocked":"0"},{"ptrxLocked":"0","t":1585908900000,"cRatio":"0","per":"1000000000000000000000000000","wtrxLocked":"0"},{"ptrxLocked":"101000000000000000000","t":1585909800000,"cRatio":"2435852402934100000","per":"1000000000000000000000000000","wtrxLocked":"101000000"},{"ptrxLocked":"111246912000000000000","t":1585910700001,"cRatio":"2580593563706476985","per":"1000000000000000000000000000","wtrxLocked":"111246912"},{"ptrxLocked":"211256912000000000000","t":1585911600000,"cRatio":"4113289208852627092","per":"1000000000000000000000000000","wtrxLocked":"211256912"},{"ptrxLocked":"216380368000000000000","t":1585912500000,"cRatio":"4213045737892639025","per":"1000000000000000000000000000","wtrxLocked":"216380368"},{"ptrxLocked":"216380368000000000000","t":1585913400000,"cRatio":"4152196275677714100","per":"1000000000000000000000000000","wtrxLocked":"216380368"},{"ptrxLocked":"216380368000000000000","t":1585914300000,"cRatio":"4152634608276882281","per":"1000000000000000000000000000","wtrxLocked":"216380368"},{"ptrxLocked":"428380368000000000000","t":1585915200000,"cRatio":"5573664303117522694","per":"1000000000000000000000000000","wtrxLocked":"428380368"},{"ptrxLocked":"618380368000000000000","t":1585916100000,"cRatio":"4890558514704115102","per":"1000000000000000000000000000","wtrxLocked":"618380368"},{"ptrxLocked":"819380368000000000000","t":1585917000000,"cRatio":"5432377398148148411","per":"1000000000000000000000000000","wtrxLocked":"819380368"},{"ptrxLocked":"729380368000000000000","t":1585917900000,"cRatio":"3797988258380305404","per":"1000000000000000000000000000","wtrxLocked":"729380368"},{"ptrxLocked":"879303824000000000000","t":1585918800000,"cRatio":"4383230715954402843","per":"1000000000000000000000000000","wtrxLocked":"879303824"},{"ptrxLocked":"982303824000000000000","t":1585919700000,"cRatio":"4354884332989446021","per":"1000000000000000000000000000","wtrxLocked":"982303824"},{"ptrxLocked":"933303824000000000000","t":1585920600000,"cRatio":"4093329929399843029","per":"1000000000000000000000000000","wtrxLocked":"933303824"},{"ptrxLocked":"1030427280000000000000","t":1585921500001,"cRatio":"4519111693998207664","per":"1000000000000000000000000000","wtrxLocked":"1030427280"},{"ptrxLocked":"1030427280000000000000","t":1585922400000,"cRatio":"4519111693998207664","per":"1000000000000000000000000000","wtrxLocked":"1030427280"},{"ptrxLocked":"1030427280000000000000","t":1585923300000,"cRatio":"4519111693998207664","per":"1000000000000000000000000000","wtrxLocked":"1030427280"},{"ptrxLocked":"1030427280000000000000","t":1585924200000,"cRatio":"4511000466765320609","per":"1000000000000000000000000000","wtrxLocked":"1030427280"},{"ptrxLocked":"60002030427280000000000000","t":1585925100000,"cRatio":"192179570415281115276802","per":"1000000000000000000000000000","wtrxLocked":"60002030427280"},{"ptrxLocked":"60002030427280000000000000","t":1585926000000,"cRatio":"3576257445658620824","per":"1000000000000000000000000000","wtrxLocked":"60002030427280"},{"ptrxLocked":"60002230427280000000000000","t":1585926900000,"cRatio":"3576251485189874189","per":"1000000000000000000000000000","wtrxLocked":"60002230427280"},{"ptrxLocked":"60002230427280000000000000","t":1585927800000,"cRatio":"3565643463466486803","per":"1000000000000000000000000000","wtrxLocked":"60002230427280"},{"ptrxLocked":"60002230427280000000000000","t":1585928700000,"cRatio":"3558612984394898226","per":"1000000000000000000000000000","wtrxLocked":"60002230427280"},{"ptrxLocked":"60002230427280000000000000","t":1585929600000,"cRatio":"3554968758642971265","per":"1000000000000000000000000000","wtrxLocked":"60002230427280"},{"ptrxLocked":"60002230427280000000000000","t":1585930500000,"cRatio":"3554968758642971265","per":"1000000000000000000000000000","wtrxLocked":"60002230427280"},{"ptrxLocked":"60002230427280000000000000","t":1585931400001,"cRatio":"3553371359210323513","per":"1000000000000000000000000000","wtrxLocked":"60002230427280"},{"ptrxLocked":"60002230427280000000000000","t":1585932300000,"cRatio":"3551687667902856704","per":"1000000000000000000000000000","wtrxLocked":"60002230427280"},{"ptrxLocked":"60002230427280000000000000","t":1585933200000,"cRatio":"3549598458121460312","per":"1000000000000000000000000000","wtrxLocked":"60002230427280"},{"ptrxLocked":"60002230427280000000000000","t":1585934100000,"cRatio":"3549598458121460312","per":"1000000000000000000000000000","wtrxLocked":"60002230427280"},{"ptrxLocked":"60002230427280000000000000","t":1585935000000,"cRatio":"3549598458121460312","per":"1000000000000000000000000000","wtrxLocked":"60002230427280"},{"ptrxLocked":"60002230427280000000000000","t":1585935900000,"cRatio":"3557501354579457726","per":"1000000000000000000000000000","wtrxLocked":"60002230427280"},{"ptrxLocked":"60002230427280000000000000","t":1585936800001,"cRatio":"3568505069644149211","per":"1000000000000000000000000000","wtrxLocked":"60002230427280"},{"ptrxLocked":"60002230427280000000000000","t":1585937700000,"cRatio":"3568505069644149211","per":"1000000000000000000000000000","wtrxLocked":"60002230427280"},{"ptrxLocked":"60002230427280000000000000","t":1585938600000,"cRatio":"3568503062377053925","per":"1000000000000000000000000000","wtrxLocked":"60002230427280"},{"ptrxLocked":"60002230427280000000000000","t":1585939500000,"cRatio":"3568503062377053925","per":"1000000000000000000000000000","wtrxLocked":"60002230427280"},{"ptrxLocked":"60002230427280000000000000","t":1585940400000,"cRatio":"3570450757788205168","per":"1000000000000000000000000000","wtrxLocked":"60002230427280"},{"ptrxLocked":"60002230427280000000000000","t":1585941300000,"cRatio":"3570450757788205168","per":"1000000000000000000000000000","wtrxLocked":"60002230427280"},{"ptrxLocked":"60002230427280000000000000","t":1585942200000,"cRatio":"3570450757788205168","per":"1000000000000000000000000000","wtrxLocked":"60002230427280"},{"ptrxLocked":"60002230427280000000000000","t":1585943100000,"cRatio":"3570450757788205168","per":"1000000000000000000000000000","wtrxLocked":"60002230427280"},{"ptrxLocked":"60002230427280000000000000","t":1585944000000,"cRatio":"3566888117837571885","per":"1000000000000000000000000000","wtrxLocked":"60002230427280"},{"ptrxLocked":"60002230427280000000000000","t":1585944900000,"cRatio":"3566888117837571885","per":"1000000000000000000000000000","wtrxLocked":"60002230427280"},{"ptrxLocked":"60002230427280000000000000","t":1585945800000,"cRatio":"3572865231060201639","per":"1000000000000000000000000000","wtrxLocked":"60002230427280"},{"ptrxLocked":"60002230427280000000000000","t":1585946700000,"cRatio":"3576377714893797820","per":"1000000000000000000000000000","wtrxLocked":"60002230427280"},{"ptrxLocked":"60002230427280000000000000","t":1585947600000,"cRatio":"3576377714893797820","per":"1000000000000000000000000000","wtrxLocked":"60002230427280"},{"ptrxLocked":"60002230427280000000000000","t":1585948500000,"cRatio":"3576377714893797820","per":"1000000000000000000000000000","wtrxLocked":"60002230427280"},{"ptrxLocked":"60002230427280000000000000","t":1585949400000,"cRatio":"3567645248857776773","per":"1000000000000000000000000000","wtrxLocked":"60002230427280"},{"ptrxLocked":"60002230427280000000000000","t":1585950300000,"cRatio":"3560215572187581549","per":"1000000000000000000000000000","wtrxLocked":"60002230427280"},{"ptrxLocked":"60002230427280000000000000","t":1585951200000,"cRatio":"3560215572187581549","per":"1000000000000000000000000000","wtrxLocked":"60002230427280"},{"ptrxLocked":"60002230427280000000000000","t":1585952100000,"cRatio":"3560215572187581549","per":"1000000000000000000000000000","wtrxLocked":"60002230427280"},{"ptrxLocked":"60002230427280000000000000","t":1585953000000,"cRatio":"3570642857191277181","per":"1000000000000000000000000000","wtrxLocked":"60002230427280"},{"ptrxLocked":"60002230427280000000000000","t":1585953900000,"cRatio":"3574933440408121688","per":"1000000000000000000000000000","wtrxLocked":"60002230427280"},{"ptrxLocked":"60002230427280000000000000","t":1585954800000,"cRatio":"3574933440408121688","per":"1000000000000000000000000000","wtrxLocked":"60002230427280"},{"ptrxLocked":"60002230427280000000000000","t":1585955700000,"cRatio":"3574933440408121688","per":"1000000000000000000000000000","wtrxLocked":"60002230427280"},{"ptrxLocked":"60002230427280000000000000","t":1585956600000,"cRatio":"3574933440408121688","per":"1000000000000000000000000000","wtrxLocked":"60002230427280"},{"ptrxLocked":"60002230427280000000000000","t":1585957500000,"cRatio":"3577411106413131259","per":"1000000000000000000000000000","wtrxLocked":"60002230427280"},{"ptrxLocked":"60002230427280000000000000","t":1585958400000,"cRatio":"3577411106413131259","per":"1000000000000000000000000000","wtrxLocked":"60002230427280"},{"ptrxLocked":"60002230427280000000000000","t":1585959300000,"cRatio":"3577411106413131259","per":"1000000000000000000000000000","wtrxLocked":"60002230427280"},{"ptrxLocked":"60002230427280000000000000","t":1585960200000,"cRatio":"3579668590025987926","per":"1000000000000000000000000000","wtrxLocked":"60002230427280"},{"ptrxLocked":"60002230427280000000000000","t":1585961100000,"cRatio":"3593433064937058050","per":"1000000000000000000000000000","wtrxLocked":"60002230427280"},{"ptrxLocked":"60002230427280000000000000","t":1585962000000,"cRatio":"3594797421283951605","per":"1000000000000000000000000000","wtrxLocked":"60002230427280"},{"ptrxLocked":"60002230427280000000000000","t":1585962900001,"cRatio":"3594797421283951605","per":"1000000000000000000000000000","wtrxLocked":"60002230427280"},{"ptrxLocked":"60002230427280000000000000","t":1585963800000,"cRatio":"3594797421283951605","per":"1000000000000000000000000000","wtrxLocked":"60002230427280"},{"ptrxLocked":"60002230427280000000000000","t":1585964700000,"cRatio":"3594797421283951605","per":"1000000000000000000000000000","wtrxLocked":"60002230427280"},{"ptrxLocked":"60002230427280000000000000","t":1585965600000,"cRatio":"3600265789469238220","per":"1000000000000000000000000000","wtrxLocked":"60002230427280"},{"ptrxLocked":"60002230427280000000000000","t":1585966500001,"cRatio":"3600265789469238220","per":"1000000000000000000000000000","wtrxLocked":"60002230427280"},{"ptrxLocked":"60002230427280000000000000","t":1585967400000,"cRatio":"3600265789469238220","per":"1000000000000000000000000000","wtrxLocked":"60002230427280"},{"ptrxLocked":"60002230427280000000000000","t":1585968300000,"cRatio":"3591538489052945781","per":"1000000000000000000000000000","wtrxLocked":"60002230427280"},{"ptrxLocked":"60002230427280000000000000","t":1585969200000,"cRatio":"3584023313148631035","per":"1000000000000000000000000000","wtrxLocked":"60002230427280"},{"ptrxLocked":"60002230427280000000000000","t":1585970100001,"cRatio":"3584023313148631035","per":"1000000000000000000000000000","wtrxLocked":"60002230427280"},{"ptrxLocked":"60002630427280000000000000","t":1585971000000,"cRatio":"3581929895825215152","per":"1000000000000000000000000000","wtrxLocked":"60002630427280"},{"ptrxLocked":"60002630427280000000000000","t":1585971900000,"cRatio":"3559647962612286037","per":"1000000000000000000000000000","wtrxLocked":"60002630427280"},{"ptrxLocked":"60002630427280000000000000","t":1585972800000,"cRatio":"3544893289216344046","per":"1000000000000000000000000000","wtrxLocked":"60002630427280"},{"ptrxLocked":"60002830427280000000000000","t":1585973700000,"cRatio":"3544885608794978993","per":"1000000000000000000000000000","wtrxLocked":"60002830427280"},{"ptrxLocked":"60002830427280000000000000","t":1585974600000,"cRatio":"3539337866920148919","per":"1000000000000000000000000000","wtrxLocked":"60002830427280"},{"ptrxLocked":"60002830427280000000000000","t":1585975500000,"cRatio":"3544373955812410400","per":"1000000000000000000000000000","wtrxLocked":"60002830427280"},{"ptrxLocked":"60003830427280000000000000","t":1585976400000,"cRatio":"3545870319545693519","per":"1000000000000000000000000000","wtrxLocked":"60003830427280"},{"ptrxLocked":"60003970427280000000000000","t":1585977300000,"cRatio":"3545864410167462844","per":"1000000000000000000000000000","wtrxLocked":"60003970427280"},{"ptrxLocked":"60003970427280000000000000","t":1585978200000,"cRatio":"3554563298092980505","per":"1000000000000000000000000000","wtrxLocked":"60003970427280"},{"ptrxLocked":"60007970427280000000000000","t":1585979100000,"cRatio":"3554444833046657809","per":"1000000000000000000000000000","wtrxLocked":"60007970427280"},{"ptrxLocked":"60008470427280000000000000","t":1585980000000,"cRatio":"3553722555395621884","per":"1000000000000000000000000000","wtrxLocked":"60008470427280"},{"ptrxLocked":"60008470427280000000000000","t":1585980900001,"cRatio":"3553722555395621884","per":"1000000000000000000000000000","wtrxLocked":"60008470427280"},{"ptrxLocked":"60009070427280000000000000","t":1585981800000,"cRatio":"3551210667018746815","per":"1000000000000000000000000000","wtrxLocked":"60009070427280"},{"ptrxLocked":"60009070427280000000000000","t":1585982700000,"cRatio":"3548360198002924339","per":"1000000000000000000000000000","wtrxLocked":"60009070427280"},{"ptrxLocked":"60009070427280000000000000","t":1585983600000,"cRatio":"3547999105176856840","per":"1000000000000000000000000000","wtrxLocked":"60009070427280"},{"ptrxLocked":"60009070427280000000000000","t":1585984500000,"cRatio":"3547999105176856840","per":"1000000000000000000000000000","wtrxLocked":"60009070427280"},{"ptrxLocked":"60005234427280000000000000","t":1585985400000,"cRatio":"3547862863621920768","per":"1000000000000000000000000000","wtrxLocked":"60005234427280"},{"ptrxLocked":"60005434427280000000000000","t":1585986300000,"cRatio":"3547856951176642772","per":"1000000000000000000000000000","wtrxLocked":"60005434427280"},{"ptrxLocked":"5434427280000000000000","t":1585987200000,"cRatio":"3096969911281478267","per":"1000000000000000000000000000","wtrxLocked":"5434427280"},{"ptrxLocked":"30205434427280000000000000","t":1585988100000,"cRatio":"3533137291422937610","per":"1000000000000000000000000000","wtrxLocked":"30205434427280"},{"ptrxLocked":"30205434427280000000000000","t":1585989000000,"cRatio":"3533312964018623597","per":"1000000000000000000000000000","wtrxLocked":"30205434427280"},{"ptrxLocked":"30205434427280000000000000","t":1585989900000,"cRatio":"3542043572916977869","per":"1000000000000000000000000000","wtrxLocked":"30205434427280"},{"ptrxLocked":"30240434427280000000000000","t":1585990800000,"cRatio":"3557550469511571278","per":"1000000000000000000000000000","wtrxLocked":"30240434427280"},{"ptrxLocked":"30240434427280000000000000","t":1585991700000,"cRatio":"3557550469511571278","per":"1000000000000000000000000000","wtrxLocked":"30240434427280"},{"ptrxLocked":"30240434427280000000000000","t":1585992600000,"cRatio":"3565477930300570864","per":"1000000000000000000000000000","wtrxLocked":"30240434427280"},{"ptrxLocked":"30240434427280000000000000","t":1585993500000,"cRatio":"3571638662354588386","per":"1000000000000000000000000000","wtrxLocked":"30240434427280"},{"ptrxLocked":"30240434427280000000000000","t":1585994400000,"cRatio":"3573396546585029262","per":"1000000000000000000000000000","wtrxLocked":"30240434427280"},{"ptrxLocked":"30240434427280000000000000","t":1585995300000,"cRatio":"3573396546585029262","per":"1000000000000000000000000000","wtrxLocked":"30240434427280"},{"ptrxLocked":"30240434427280000000000000","t":1585996200000,"cRatio":"3588359828286732284","per":"1000000000000000000000000000","wtrxLocked":"30240434427280"},{"ptrxLocked":"30241434427280000000000000","t":1585997100000,"cRatio":"3588301253389251406","per":"1000000000000000000000000000","wtrxLocked":"30241434427280"},{"ptrxLocked":"30241434427280000000000000","t":1585998000000,"cRatio":"3584422241202892743","per":"1000000000000000000000000000","wtrxLocked":"30241434427280"},{"ptrxLocked":"30241434427280000000000000","t":1585998900000,"cRatio":"3584422241202892743","per":"1000000000000000000000000000","wtrxLocked":"30241434427280"},{"ptrxLocked":"30248434427280000000000000","t":1585999800000,"cRatio":"3573027662281281723","per":"1000000000000000000000000000","wtrxLocked":"30248434427280"},{"ptrxLocked":"30240535427280000000000000","t":1586000700000,"cRatio":"3572271010941415918","per":"1000000000000000000000000000","wtrxLocked":"30240535427280"},{"ptrxLocked":"30240535427280000000000000","t":1586001600000,"cRatio":"3570894698895295548","per":"1000000000000000000000000000","wtrxLocked":"30240535427280"},{"ptrxLocked":"30240535427280000000000000","t":1586002500000,"cRatio":"3570894698895295548","per":"1000000000000000000000000000","wtrxLocked":"30240535427280"},{"ptrxLocked":"30240535427280000000000000","t":1586003400000,"cRatio":"3566541641004936651","per":"1000000000000000000000000000","wtrxLocked":"30240535427280"},{"ptrxLocked":"30240535427280000000000000","t":1586004300000,"cRatio":"3566507171147369301","per":"1000000000000000000000000000","wtrxLocked":"30240535427280"},{"ptrxLocked":"30240535427280000000000000","t":1586005200000,"cRatio":"3563500195234071070","per":"1000000000000000000000000000","wtrxLocked":"30240535427280"},{"ptrxLocked":"30240535427280000000000000","t":1586006100000,"cRatio":"3563500195234071070","per":"1000000000000000000000000000","wtrxLocked":"30240535427280"},{"ptrxLocked":"30240735427280000000000000","t":1586007000000,"cRatio":"3558332906608067727","per":"1000000000000000000000000000","wtrxLocked":"30240735427280"},{"ptrxLocked":"30240735427280000000000000","t":1586007900000,"cRatio":"3550106467875769298","per":"1000000000000000000000000000","wtrxLocked":"30240735427280"},{"ptrxLocked":"30240735427280000000000000","t":1586008800001,"cRatio":"3550106467875769298","per":"1000000000000000000000000000","wtrxLocked":"30240735427280"},{"ptrxLocked":"30240735427280000000000000","t":1586009700000,"cRatio":"3550106467875769298","per":"1000000000000000000000000000","wtrxLocked":"30240735427280"},{"ptrxLocked":"30240735427280000000000000","t":1586010600001,"cRatio":"3550216222194760429","per":"1000000000000000000000000000","wtrxLocked":"30240735427280"},{"ptrxLocked":"30240735427280000000000000","t":1586011500000,"cRatio":"3550216222194760429","per":"1000000000000000000000000000","wtrxLocked":"30240735427280"},{"ptrxLocked":"30240837427280000000000000","t":1586012400000,"cRatio":"3549614941415404457","per":"1000000000000000000000000000","wtrxLocked":"30240837427280"},{"ptrxLocked":"30240837427280000000000000","t":1586013300000,"cRatio":"3549614941415404457","per":"1000000000000000000000000000","wtrxLocked":"30240837427280"},{"ptrxLocked":"30240837427280000000000000","t":1586014200000,"cRatio":"3553444979447889898","per":"1000000000000000000000000000","wtrxLocked":"30240837427280"},{"ptrxLocked":"30241138427280000000000000","t":1586015100000,"cRatio":"3554070166773280256","per":"1000000000000000000000000000","wtrxLocked":"30241138427280"},{"ptrxLocked":"30241036427280000000000000","t":1586016000000,"cRatio":"3555070303677413434","per":"1000000000000000000000000000","wtrxLocked":"30241036427280"},{"ptrxLocked":"30242045427280000000000000","t":1586016900000,"cRatio":"3555013151038418107","per":"1000000000000000000000000000","wtrxLocked":"30242045427280"},{"ptrxLocked":"30242045427280000000000000","t":1586017800000,"cRatio":"3559322854829808104","per":"1000000000000000000000000000","wtrxLocked":"30242045427280"},{"ptrxLocked":"30241975427280000000000000","t":1586018700000,"cRatio":"3559314616213791300","per":"1000000000000000000000000000","wtrxLocked":"30241975427280"},{"ptrxLocked":"30241975427280000000000000","t":1586019600000,"cRatio":"3571426586595046055","per":"1000000000000000000000000000","wtrxLocked":"30241975427280"},{"ptrxLocked":"30241975427280000000000000","t":1586020500000,"cRatio":"3571426586595046055","per":"1000000000000000000000000000","wtrxLocked":"30241975427280"},{"ptrxLocked":"30241975427280000000000000","t":1586021400000,"cRatio":"3571548548345422660","per":"1000000000000000000000000000","wtrxLocked":"30241975427280"},{"ptrxLocked":"30241975427280000000000000","t":1586022300001,"cRatio":"3571426586595046055","per":"1000000000000000000000000000","wtrxLocked":"30241975427280"},{"ptrxLocked":"30241975427280000000000000","t":1586023200000,"cRatio":"3570887948626306634","per":"1000000000000000000000000000","wtrxLocked":"30241975427280"},{"ptrxLocked":"30241975427280000000000000","t":1586024100000,"cRatio":"3570887948626306634","per":"1000000000000000000000000000","wtrxLocked":"30241975427280"},{"ptrxLocked":"30241975427280000000000000","t":1586025000000,"cRatio":"3570370366646461075","per":"1000000000000000000000000000","wtrxLocked":"30241975427280"},{"ptrxLocked":"30241975427280000000000000","t":1586025900001,"cRatio":"3570370366646461075","per":"1000000000000000000000000000","wtrxLocked":"30241975427280"},{"ptrxLocked":"30241975427280000000000000","t":1586026800000,"cRatio":"3569553869464317425","per":"1000000000000000000000000000","wtrxLocked":"30241975427280"},{"ptrxLocked":"30241975427280000000000000","t":1586027700000,"cRatio":"3569553869464317425","per":"1000000000000000000000000000","wtrxLocked":"30241975427280"},{"ptrxLocked":"30241975427280000000000000","t":1586028600000,"cRatio":"3566901489944858196","per":"1000000000000000000000000000","wtrxLocked":"30241975427280"},{"ptrxLocked":"30241975427280000000000000","t":1586029500000,"cRatio":"3566570881869555683","per":"1000000000000000000000000000","wtrxLocked":"30241975427280"},{"ptrxLocked":"30241975427280000000000000","t":1586030400000,"cRatio":"3561577034883252048","per":"1000000000000000000000000000","wtrxLocked":"30241975427280"},{"ptrxLocked":"30241975427280000000000000","t":1586031300000,"cRatio":"3561577034883252048","per":"1000000000000000000000000000","wtrxLocked":"30241975427280"},{"ptrxLocked":"30241975427280000000000000","t":1586032200000,"cRatio":"3563226315740022954","per":"1000000000000000000000000000","wtrxLocked":"30241975427280"},{"ptrxLocked":"30241975427280000000000000","t":1586033100000,"cRatio":"3571863686358019580","per":"1000000000000000000000000000","wtrxLocked":"30241975427280"},{"ptrxLocked":"30241975427280000000000000","t":1586034000000,"cRatio":"3571863686358019580","per":"1000000000000000000000000000","wtrxLocked":"30241975427280"},{"ptrxLocked":"30242175427280000000000000","t":1586034900000,"cRatio":"3571852025780332121","per":"1000000000000000000000000000","wtrxLocked":"30242175427280"},{"ptrxLocked":"30242175427280000000000000","t":1586035800000,"cRatio":"3577866909548545190","per":"1000000000000000000000000000","wtrxLocked":"30242175427280"},{"ptrxLocked":"30242175427280000000000000","t":1586036700000,"cRatio":"3577866909548545190","per":"1000000000000000000000000000","wtrxLocked":"30242175427280"},{"ptrxLocked":"30242175427280000000000000","t":1586037600000,"cRatio":"3580880826277704805","per":"1000000000000000000000000000","wtrxLocked":"30242175427280"},{"ptrxLocked":"30242175427280000000000000","t":1586038500000,"cRatio":"3580880826277704805","per":"1000000000000000000000000000","wtrxLocked":"30242175427280"},{"ptrxLocked":"30242175427280000000000000","t":1586039400000,"cRatio":"3577665250752089922","per":"1000000000000000000000000000","wtrxLocked":"30242175427280"},{"ptrxLocked":"30242175427280000000000000","t":1586040300000,"cRatio":"3573599703495369744","per":"1000000000000000000000000000","wtrxLocked":"30242175427280"},{"ptrxLocked":"30242175427280000000000000","t":1586041200000,"cRatio":"3573599703495369744","per":"1000000000000000000000000000","wtrxLocked":"30242175427280"},{"ptrxLocked":"30242175427280000000000000","t":1586042100000,"cRatio":"3573599703495369744","per":"1000000000000000000000000000","wtrxLocked":"30242175427280"},{"ptrxLocked":"30242175427280000000000000","t":1586043000000,"cRatio":"3574713936748262644","per":"1000000000000000000000000000","wtrxLocked":"30242175427280"},{"ptrxLocked":"30242175427280000000000000","t":1586043900000,"cRatio":"3574713936748262644","per":"1000000000000000000000000000","wtrxLocked":"30242175427280"},{"ptrxLocked":"30242175427280000000000000","t":1586044800000,"cRatio":"3572673833363370930","per":"1000000000000000000000000000","wtrxLocked":"30242175427280"},{"ptrxLocked":"30242175427280000000000000","t":1586045700001,"cRatio":"3572673833363370930","per":"1000000000000000000000000000","wtrxLocked":"30242175427280"},{"ptrxLocked":"30242175427280000000000000","t":1586046600000,"cRatio":"3582334389948520153","per":"1000000000000000000000000000","wtrxLocked":"30242175427280"},{"ptrxLocked":"30242175427280000000000000","t":1586047500000,"cRatio":"3584576362821925006","per":"1000000000000000000000000000","wtrxLocked":"30242175427280"},{"ptrxLocked":"30242175427280000000000000","t":1586048400000,"cRatio":"3587956534191475079","per":"1000000000000000000000000000","wtrxLocked":"30242175427280"},{"ptrxLocked":"30242175427280000000000000","t":1586049300000,"cRatio":"3587956534191475079","per":"1000000000000000000000000000","wtrxLocked":"30242175427280"},{"ptrxLocked":"30242175427280000000000000","t":1586050200000,"cRatio":"3586374823506555594","per":"1000000000000000000000000000","wtrxLocked":"30242175427280"},{"ptrxLocked":"30242175427280000000000000","t":1586051100001,"cRatio":"3585111060758908171","per":"1000000000000000000000000000","wtrxLocked":"30242175427280"},{"ptrxLocked":"30242175427280000000000000","t":1586052000000,"cRatio":"3584587670380581683","per":"1000000000000000000000000000","wtrxLocked":"30242175427280"},{"ptrxLocked":"30242375427280000000000000","t":1586052900000,"cRatio":"3584611372724807150","per":"1000000000000000000000000000","wtrxLocked":"30242375427280"},{"ptrxLocked":"30242375427280000000000000","t":1586053800000,"cRatio":"3583133554191707732","per":"1000000000000000000000000000","wtrxLocked":"30242375427280"},{"ptrxLocked":"30242375427280000000000000","t":1586054700000,"cRatio":"3580953896893569932","per":"1000000000000000000000000000","wtrxLocked":"30242375427280"},{"ptrxLocked":"30242375427280000000000000","t":1586055600000,"cRatio":"3580953896893569932","per":"1000000000000000000000000000","wtrxLocked":"30242375427280"},{"ptrxLocked":"30242375427280000000000000","t":1586056500000,"cRatio":"3580953896893569932","per":"1000000000000000000000000000","wtrxLocked":"30242375427280"},{"ptrxLocked":"30244375427280000000000000","t":1586057400000,"cRatio":"3582974239735629053","per":"1000000000000000000000000000","wtrxLocked":"30244375427280"},{"ptrxLocked":"30244675427280000000000000","t":1586058300000,"cRatio":"3583775879035433962","per":"1000000000000000000000000000","wtrxLocked":"30244675427280"},{"ptrxLocked":"30245075427280000000000000","t":1586059200000,"cRatio":"3583717090751759087","per":"1000000000000000000000000000","wtrxLocked":"30245075427280"},{"ptrxLocked":"30245075427280000000000000","t":1586060100000,"cRatio":"3583717090751759087","per":"1000000000000000000000000000","wtrxLocked":"30245075427280"},{"ptrxLocked":"30245075427280000000000000","t":1586061000000,"cRatio":"3578318931171210986","per":"1000000000000000000000000000","wtrxLocked":"30245075427280"},{"ptrxLocked":"30245075427280000000000000","t":1586061900000,"cRatio":"3570598573142190664","per":"1000000000000000000000000000","wtrxLocked":"30245075427280"},{"ptrxLocked":"30245075427280000000000000","t":1586062800001,"cRatio":"3561876542911802144","per":"1000000000000000000000000000","wtrxLocked":"30245075427280"},{"ptrxLocked":"30245275427280000000000000","t":1586063700000,"cRatio":"3561826222791055154","per":"1000000000000000000000000000","wtrxLocked":"30245275427280"},{"ptrxLocked":"30243376427280000000000000","t":1586064600000,"cRatio":"3562059463192120633","per":"1000000000000000000000000000","wtrxLocked":"30243376427280"},{"ptrxLocked":"30243376427280000000000000","t":1586065500000,"cRatio":"3563518826258366652","per":"1000000000000000000000000000","wtrxLocked":"30243376427280"},{"ptrxLocked":"30243376427280000000000000","t":1586066400001,"cRatio":"3566915922337444298","per":"1000000000000000000000000000","wtrxLocked":"30243376427280"},{"ptrxLocked":"30243376427280000000000000","t":1586067300000,"cRatio":"3566915922337444298","per":"1000000000000000000000000000","wtrxLocked":"30243376427280"},{"ptrxLocked":"30243376427280000000000000","t":1586068200000,"cRatio":"3566915922337444298","per":"1000000000000000000000000000","wtrxLocked":"30243376427280"},{"ptrxLocked":"30243376427280000000000000","t":1586069100000,"cRatio":"3561247776853455352","per":"1000000000000000000000000000","wtrxLocked":"30243376427280"},{"ptrxLocked":"30243376427280000000000000","t":1586070000000,"cRatio":"3559502088557293364","per":"1000000000000000000000000000","wtrxLocked":"30243376427280"},{"ptrxLocked":"30243376427280000000000000","t":1586070900000,"cRatio":"3559502088557293364","per":"1000000000000000000000000000","wtrxLocked":"30243376427280"},{"ptrxLocked":"30243376427280000000000000","t":1586071800001,"cRatio":"3557911599826536910","per":"1000000000000000000000000000","wtrxLocked":"30243376427280"},{"ptrxLocked":"30244477427280000000000000","t":1586072700000,"cRatio":"3558041124407921797","per":"1000000000000000000000000000","wtrxLocked":"30244477427280"},{"ptrxLocked":"30244477427280000000000000","t":1586073600000,"cRatio":"3557953792227463767","per":"1000000000000000000000000000","wtrxLocked":"30244477427280"},{"ptrxLocked":"30244477427280000000000000","t":1586074500000,"cRatio":"3565278309101650073","per":"1000000000000000000000000000","wtrxLocked":"30244477427280"},{"ptrxLocked":"30244477427280000000000000","t":1586075400000,"cRatio":"3565278309101650073","per":"1000000000000000000000000000","wtrxLocked":"30244477427280"},{"ptrxLocked":"30244477427280000000000000","t":1586076300000,"cRatio":"3565278309101650073","per":"1000000000000000000000000000","wtrxLocked":"30244477427280"},{"ptrxLocked":"30244477427280000000000000","t":1586077200000,"cRatio":"3567390068209980612","per":"1000000000000000000000000000","wtrxLocked":"30244477427280"},{"ptrxLocked":"30308477427280000000000000","t":1586078100000,"cRatio":"3574935444175413426","per":"1000000000000000000000000000","wtrxLocked":"30308477427280"},{"ptrxLocked":"30308477427280000000000000","t":1586079000000,"cRatio":"3576553159393515313","per":"1000000000000000000000000000","wtrxLocked":"30308477427280"},{"ptrxLocked":"30308477427280000000000000","t":1586079900000,"cRatio":"3579661006289326156","per":"1000000000000000000000000000","wtrxLocked":"30308477427280"},{"ptrxLocked":"30308477427280000000000000","t":1586080800000,"cRatio":"3580228461674745816","per":"1000000000000000000000000000","wtrxLocked":"30308477427280"},{"ptrxLocked":"30308477427280000000000000","t":1586081700000,"cRatio":"3580228461674745816","per":"1000000000000000000000000000","wtrxLocked":"30308477427280"},{"ptrxLocked":"30308477427280000000000000","t":1586082600000,"cRatio":"3578693301314264797","per":"1000000000000000000000000000","wtrxLocked":"30308477427280"},{"ptrxLocked":"30308477427280000000000000","t":1586083500001,"cRatio":"3578693301314264797","per":"1000000000000000000000000000","wtrxLocked":"30308477427280"},{"ptrxLocked":"30308477427280000000000000","t":1586084400000,"cRatio":"3577510985590146910","per":"1000000000000000000000000000","wtrxLocked":"30308477427280"},{"ptrxLocked":"30308477427280000000000000","t":1586085300000,"cRatio":"3577510985590146910","per":"1000000000000000000000000000","wtrxLocked":"30308477427280"},{"ptrxLocked":"30308477427280000000000000","t":1586086200000,"cRatio":"3576282797985088428","per":"1000000000000000000000000000","wtrxLocked":"30308477427280"},{"ptrxLocked":"30308477427280000000000000","t":1586087100000,"cRatio":"3576089783976755458","per":"1000000000000000000000000000","wtrxLocked":"30308477427280"},{"ptrxLocked":"30308477427280000000000000","t":1586088000000,"cRatio":"3576126685763164489","per":"1000000000000000000000000000","wtrxLocked":"30308477427280"},{"ptrxLocked":"30308477427280000000000000","t":1586088900000,"cRatio":"3576126685763164489","per":"1000000000000000000000000000","wtrxLocked":"30308477427280"},{"ptrxLocked":"30308477427280000000000000","t":1586089800000,"cRatio":"3576126685763164489","per":"1000000000000000000000000000","wtrxLocked":"30308477427280"},{"ptrxLocked":"30317577427280000000000000","t":1586090700000,"cRatio":"3574641764208466059","per":"1000000000000000000000000000","wtrxLocked":"30317577427280"},{"ptrxLocked":"30318077427280000000000000","t":1586091600000,"cRatio":"3574866263566246909","per":"1000000000000000000000000000","wtrxLocked":"30318077427280"},{"ptrxLocked":"30318077427280000000000000","t":1586092500000,"cRatio":"3575573516097342123","per":"1000000000000000000000000000","wtrxLocked":"30318077427280"},{"ptrxLocked":"30318077427280000000000000","t":1586093400000,"cRatio":"3577960511210894985","per":"1000000000000000000000000000","wtrxLocked":"30318077427280"},{"ptrxLocked":"30318077427280000000000000","t":1586094300000,"cRatio":"3585214170335144643","per":"1000000000000000000000000000","wtrxLocked":"30318077427280"},{"ptrxLocked":"30318077427280000000000000","t":1586095200000,"cRatio":"3751365892475405563","per":"1000000000000000000000000000","wtrxLocked":"30318077427280"},{"ptrxLocked":"30318077427280000000000000","t":1586096100000,"cRatio":"3751365892475405563","per":"1000000000000000000000000000","wtrxLocked":"30318077427280"},{"ptrxLocked":"30318178427280000000000000","t":1586097000000,"cRatio":"3772266015158825753","per":"1000000000000000000000000000","wtrxLocked":"30318178427280"},{"ptrxLocked":"30318178427280000000000000","t":1586097900000,"cRatio":"3774038133407528278","per":"1000000000000000000000000000","wtrxLocked":"30318178427280"},{"ptrxLocked":"30318178427280000000000000","t":1586098800000,"cRatio":"3774038133407528278","per":"1000000000000000000000000000","wtrxLocked":"30318178427280"},{"ptrxLocked":"30318178427280000000000000","t":1586099700000,"cRatio":"3774038133407528278","per":"1000000000000000000000000000","wtrxLocked":"30318178427280"},{"ptrxLocked":"30318178427280000000000000","t":1586100600000,"cRatio":"3749546014677999112","per":"1000000000000000000000000000","wtrxLocked":"30318178427280"},{"ptrxLocked":"30318178427280000000000000","t":1586101500000,"cRatio":"3749546014677999112","per":"1000000000000000000000000000","wtrxLocked":"30318178427280"},{"ptrxLocked":"30318317427280000000000000","t":1586102400000,"cRatio":"3769391070183645803","per":"1000000000000000000000000000","wtrxLocked":"30318317427280"},{"ptrxLocked":"30318317427280000000000000","t":1586103300000,"cRatio":"3769391070183645803","per":"1000000000000000000000000000","wtrxLocked":"30318317427280"},{"ptrxLocked":"30318317427280000000000000","t":1586104200000,"cRatio":"3775709605181468836","per":"1000000000000000000000000000","wtrxLocked":"30318317427280"},{"ptrxLocked":"30318317427280000000000000","t":1586105100000,"cRatio":"3775709605181468836","per":"1000000000000000000000000000","wtrxLocked":"30318317427280"},{"ptrxLocked":"30319418427280000000000000","t":1586106000000,"cRatio":"3768172445135609852","per":"1000000000000000000000000000","wtrxLocked":"30319418427280"},{"ptrxLocked":"30319418427280000000000000","t":1586106900000,"cRatio":"3768209354513807502","per":"1000000000000000000000000000","wtrxLocked":"30319418427280"},{"ptrxLocked":"30319418427280000000000000","t":1586107800000,"cRatio":"3756333791066925854","per":"1000000000000000000000000000","wtrxLocked":"30319418427280"},{"ptrxLocked":"30319418427280000000000000","t":1586108700000,"cRatio":"3740863072874914689","per":"1000000000000000000000000000","wtrxLocked":"30319418427280"},{"ptrxLocked":"30319418427280000000000000","t":1586109600000,"cRatio":"3724060435816559022","per":"1000000000000000000000000000","wtrxLocked":"30319418427280"},{"ptrxLocked":"30319418427280000000000000","t":1586110500001,"cRatio":"3724060435816559022","per":"1000000000000000000000000000","wtrxLocked":"30319418427280"},{"ptrxLocked":"30319518427280000000000000","t":1586111400000,"cRatio":"3741642763608411980","per":"1000000000000000000000000000","wtrxLocked":"30319518427280"},{"ptrxLocked":"30319518427280000000000000","t":1586112300000,"cRatio":"3745528356478358057","per":"1000000000000000000000000000","wtrxLocked":"30319518427280"},{"ptrxLocked":"30319518427280000000000000","t":1586113200000,"cRatio":"3754362343527380484","per":"1000000000000000000000000000","wtrxLocked":"30319518427280"},{"ptrxLocked":"30319518427280000000000000","t":1586114100000,"cRatio":"3754362343527380484","per":"1000000000000000000000000000","wtrxLocked":"30319518427280"},{"ptrxLocked":"30319518427280000000000000","t":1586115000000,"cRatio":"3751842764033803608","per":"1000000000000000000000000000","wtrxLocked":"30319518427280"},{"ptrxLocked":"30319258293830288882225627","t":1586115900000,"cRatio":"3751252929179066083","per":"1000000000000023454326206842","wtrxLocked":"30319258293831"},{"ptrxLocked":"30319258293830288882225627","t":1586116800000,"cRatio":"3750953003151991675","per":"1000000000000023454326206842","wtrxLocked":"30319258293831"},{"ptrxLocked":"30319258293830288882225627","t":1586117700000,"cRatio":"3750953003151991675","per":"1000000000000023454326206842","wtrxLocked":"30319258293831"},{"ptrxLocked":"30319258293830288882225627","t":1586118600000,"cRatio":"3750953003151991675","per":"1000000000000023454326206842","wtrxLocked":"30319258293831"},{"ptrxLocked":"30321198293828288882225627","t":1586119500000,"cRatio":"3745237856328043626","per":"1000000000000023454326206847","wtrxLocked":"30321198293831"},{"ptrxLocked":"30321198293828288882225627","t":1586120400000,"cRatio":"3741791590423412182","per":"1000000000000023454326206847","wtrxLocked":"30321198293831"},{"ptrxLocked":"30321198293828288882225627","t":1586121300000,"cRatio":"3741791590423412182","per":"1000000000000023454326206847","wtrxLocked":"30321198293831"},{"ptrxLocked":"30322198293827288882225627","t":1586122200000,"cRatio":"3741729894499054230","per":"1000000000000023454326206841","wtrxLocked":"30322198293831"},{"ptrxLocked":"30322198293827288882225627","t":1586123100000,"cRatio":"3741729894499054230","per":"1000000000000023454326206841","wtrxLocked":"30322198293831"},{"ptrxLocked":"30322198293827288882225627","t":1586124000001,"cRatio":"3741563030288010331","per":"1000000000000023454326206841","wtrxLocked":"30322198293831"},{"ptrxLocked":"30322198293827288882225627","t":1586124900001,"cRatio":"3741563030288010331","per":"1000000000000023454326206841","wtrxLocked":"30322198293831"},{"ptrxLocked":"30322198293827288882225627","t":1586125800000,"cRatio":"3741563030288010331","per":"1000000000000023454326206841","wtrxLocked":"30322198293831"},{"ptrxLocked":"30322198293827288882225627","t":1586126700000,"cRatio":"3748981824768603696","per":"1000000000000023454326206841","wtrxLocked":"30322198293831"},{"ptrxLocked":"30322198293827288882225627","t":1586127600000,"cRatio":"3750511714239040886","per":"1000000000000023454326206841","wtrxLocked":"30322198293831"},{"ptrxLocked":"30322198293827288882225627","t":1586128500000,"cRatio":"3750511714239040886","per":"1000000000000023454326206841","wtrxLocked":"30322198293831"},{"ptrxLocked":"30322198293827288882225627","t":1586129400001,"cRatio":"3757252569171695428","per":"1000000000000023454326206841","wtrxLocked":"30322198293831"},{"ptrxLocked":"30322198293827288882225627","t":1586130300000,"cRatio":"3761389671576142243","per":"1000000000000023454326206841","wtrxLocked":"30322198293831"},{"ptrxLocked":"30322198293827288882225627","t":1586131200000,"cRatio":"3763868925302760858","per":"1000000000000023454326206841","wtrxLocked":"30322198293831"},{"ptrxLocked":"30322448293826288882225627","t":1586132100000,"cRatio":"3763862720242774176","per":"1000000000000023454326206855","wtrxLocked":"30322448293831"},{"ptrxLocked":"30322448293826288882225627","t":1586133000000,"cRatio":"3782037733675615493","per":"1000000000000023454326206855","wtrxLocked":"30322448293831"},{"ptrxLocked":"30322448293826288882225627","t":1586133900000,"cRatio":"3795330016225409690","per":"1000000000000023454326206855","wtrxLocked":"30322448293831"},{"ptrxLocked":"30322448293826288882225627","t":1586134800000,"cRatio":"3807414151698855979","per":"1000000000000023454326206855","wtrxLocked":"30322448293831"},{"ptrxLocked":"30322448293826288882225627","t":1586135700000,"cRatio":"3807414151698855979","per":"1000000000000023454326206855","wtrxLocked":"30322448293831"},{"ptrxLocked":"30322448293826288882225627","t":1586136600000,"cRatio":"3818150537636608826","per":"1000000000000023454326206855","wtrxLocked":"30322448293831"},{"ptrxLocked":"30322448293826288882225627","t":1586137500000,"cRatio":"3818704243260586393","per":"1000000000000023454326206855","wtrxLocked":"30322448293831"},{"ptrxLocked":"30322448293826288882225627","t":1586138400000,"cRatio":"3826636295832574729","per":"1000000000000023454326206855","wtrxLocked":"30322448293831"},{"ptrxLocked":"30322448293826288882225627","t":1586139300000,"cRatio":"3826636295832574729","per":"1000000000000023454326206855","wtrxLocked":"30322448293831"},{"ptrxLocked":"30322448293826288882225627","t":1586140200000,"cRatio":"3839366112307257323","per":"1000000000000023454326206855","wtrxLocked":"30322448293831"},{"ptrxLocked":"30322448293826288882225627","t":1586141100000,"cRatio":"3867069363731536236","per":"1000000000000023454326206855","wtrxLocked":"30322448293831"},{"ptrxLocked":"30322448293826288882225627","t":1586142000000,"cRatio":"3877029194111063158","per":"1000000000000023454326206855","wtrxLocked":"30322448293831"},{"ptrxLocked":"30322948293825288882225627","t":1586142900000,"cRatio":"3876978055935934831","per":"1000000000000023454326206852","wtrxLocked":"30322948293831"},{"ptrxLocked":"30322948293825288882225627","t":1586143800001,"cRatio":"3868997217039857311","per":"1000000000000023454326206852","wtrxLocked":"30322948293831"},{"ptrxLocked":"30332098293823288882225627","t":1586144700000,"cRatio":"3866720802190939274","per":"1000000000000023454326206859","wtrxLocked":"30332098293831"},{"ptrxLocked":"30332949293822288882225627","t":1586145600000,"cRatio":"3866549623497926638","per":"1000000000000023454326206872","wtrxLocked":"30332949293831"},{"ptrxLocked":"30333099293821288882225627","t":1586146500000,"cRatio":"3866519454051411351","per":"1000000000000023454326206874","wtrxLocked":"30333099293831"},{"ptrxLocked":"30333099293821288882225627","t":1586147400000,"cRatio":"3876623759419429406","per":"1000000000000023454326206874","wtrxLocked":"30333099293831"},{"ptrxLocked":"30333299293820288882225627","t":1586148300000,"cRatio":"3876583263440258813","per":"1000000000000023454326206866","wtrxLocked":"30333299293831"},{"ptrxLocked":"30333299293820288882225627","t":1586149200000,"cRatio":"3871414607303532697","per":"1000000000000023454326206866","wtrxLocked":"30333299293831"},{"ptrxLocked":"30333499293819288882225627","t":1586150100000,"cRatio":"3871436304500543873","per":"1000000000000023454326206858","wtrxLocked":"30333499293831"},{"ptrxLocked":"30333316293818288889261925","t":1586151000000,"cRatio":"3867327854230320802","per":"1000000000000023454326206848","wtrxLocked":"30333316293831"},{"ptrxLocked":"30333416293817288889261925","t":1586151900000,"cRatio":"3864002951310996201","per":"1000000000000023454326206861","wtrxLocked":"30333416293831"},{"ptrxLocked":"30333416293817288889261925","t":1586152800000,"cRatio":"3860515880019895652","per":"1000000000000023454326206861","wtrxLocked":"30333416293831"},{"ptrxLocked":"30333416293817288889261925","t":1586153700000,"cRatio":"3860515880019895652","per":"1000000000000023454326206861","wtrxLocked":"30333416293831"},{"ptrxLocked":"30333416293817288889261925","t":1586154600000,"cRatio":"3878956413484713380","per":"1000000000000023454326206861","wtrxLocked":"30333416293831"},{"ptrxLocked":"30333416293817288889261925","t":1586155500000,"cRatio":"3886970591953383126","per":"1000000000000023454326206861","wtrxLocked":"30333416293831"},{"ptrxLocked":"30333416293817288889261925","t":1586156400000,"cRatio":"3894305968865963844","per":"1000000000000023454326206861","wtrxLocked":"30333416293831"},{"ptrxLocked":"30333416293817288889261925","t":1586157300000,"cRatio":"3894113417812439658","per":"1000000000000023454326206861","wtrxLocked":"30333416293831"},{"ptrxLocked":"30333416293817288889261925","t":1586158200000,"cRatio":"3903447003094535703","per":"1000000000000023454326206861","wtrxLocked":"30333416293831"},{"ptrxLocked":"30333416293817288889261925","t":1586159100001,"cRatio":"3903447003094535703","per":"1000000000000023454326206861","wtrxLocked":"30333416293831"},{"ptrxLocked":"30333416293817288889261925","t":1586160000000,"cRatio":"3882090543487624563","per":"1000000000000023454326206861","wtrxLocked":"30333416293831"},{"ptrxLocked":"30333416293817288889261925","t":1586160900000,"cRatio":"3882090543487624563","per":"1000000000000023454326206861","wtrxLocked":"30333416293831"},{"ptrxLocked":"30333416293817288889261925","t":1586161800000,"cRatio":"3883424265746839515","per":"1000000000000023454326206861","wtrxLocked":"30333416293831"},{"ptrxLocked":"30333416293817288889261925","t":1586162700000,"cRatio":"3890273194423032855","per":"1000000000000023454326206861","wtrxLocked":"30333416293831"},{"ptrxLocked":"30333416293817288889261925","t":1586163600000,"cRatio":"3894533431778972468","per":"1000000000000023454326206861","wtrxLocked":"30333416293831"},{"ptrxLocked":"30333416293817288889261925","t":1586164500000,"cRatio":"3894533431778972468","per":"1000000000000023454326206861","wtrxLocked":"30333416293831"},{"ptrxLocked":"30333416293817288889261925","t":1586165400000,"cRatio":"3907863011913074008","per":"1000000000000023454326206861","wtrxLocked":"30333416293831"},{"ptrxLocked":"30333411044617288889385041","t":1586166300000,"cRatio":"3910194602758839619","per":"1000000000000023454326206876","wtrxLocked":"30333411044631"},{"ptrxLocked":"30334411044616288889385041","t":1586167200000,"cRatio":"3918969130571649660","per":"1000000000000023454326206869","wtrxLocked":"30334411044631"},{"ptrxLocked":"30334411044616288889385041","t":1586168100000,"cRatio":"3918969130571649660","per":"1000000000000023454326206869","wtrxLocked":"30334411044631"},{"ptrxLocked":"30334381044616288890088671","t":1586169000000,"cRatio":"3921670969328430385","per":"1000000000000023454326206862","wtrxLocked":"30334381044631"},{"ptrxLocked":"30334381044616288890088671","t":1586169900001,"cRatio":"3928473440430189284","per":"1000000000000023454326206862","wtrxLocked":"30334381044631"},{"ptrxLocked":"30334381044616288890088671","t":1586170800000,"cRatio":"3939288254911911389","per":"1000000000000023454326206862","wtrxLocked":"30334381044631"},{"ptrxLocked":"30334381044616288890088671","t":1586171700000,"cRatio":"3939288254911911389","per":"1000000000000023454326206862","wtrxLocked":"30334381044631"},{"ptrxLocked":"30334381044616288890088671","t":1586172600000,"cRatio":"3945252494068502369","per":"1000000000000023454326206862","wtrxLocked":"30334381044631"},{"ptrxLocked":"30334381044616288890088671","t":1586173500000,"cRatio":"3945684029814049605","per":"1000000000000023454326206862","wtrxLocked":"30334381044631"},{"ptrxLocked":"30334381044616288890088671","t":1586174400000,"cRatio":"3945684029814049605","per":"1000000000000023454326206862","wtrxLocked":"30334381044631"},{"ptrxLocked":"30334381044616288890088671","t":1586175300000,"cRatio":"3945684029814049605","per":"1000000000000023454326206862","wtrxLocked":"30334381044631"},{"ptrxLocked":"30334381044616288890088671","t":1586176200000,"cRatio":"3943542045567444419","per":"1000000000000023454326206862","wtrxLocked":"30334381044631"},{"ptrxLocked":"30334381044616288890088671","t":1586177100000,"cRatio":"3943542045567444419","per":"1000000000000023454326206862","wtrxLocked":"30334381044631"},{"ptrxLocked":"30334381044616288890088671","t":1586178000000,"cRatio":"3944663439484679840","per":"1000000000000023454326206862","wtrxLocked":"30334381044631"},{"ptrxLocked":"30334381044616288890088671","t":1586178900000,"cRatio":"3944663439484679840","per":"1000000000000023454326206862","wtrxLocked":"30334381044631"},{"ptrxLocked":"30334381044616288890088671","t":1586179800000,"cRatio":"3964850407832123975","per":"1000000000000023454326206862","wtrxLocked":"30334381044631"},{"ptrxLocked":"30334381044616288890088671","t":1586180700000,"cRatio":"3967275307919219815","per":"1000000000000023454326206862","wtrxLocked":"30334381044631"},{"ptrxLocked":"30334381044616288890088671","t":1586181600000,"cRatio":"3962717980139823660","per":"1000000000000023454326206862","wtrxLocked":"30334381044631"},{"ptrxLocked":"30334381044616288890088671","t":1586182500000,"cRatio":"3962717980139823660","per":"1000000000000023454326206862","wtrxLocked":"30334381044631"},{"ptrxLocked":"30334381044616288890088671","t":1586183400000,"cRatio":"3947548960130194604","per":"1000000000000023454326206862","wtrxLocked":"30334381044631"},{"ptrxLocked":"30334381044616288890088671","t":1586184300000,"cRatio":"3947167097899211631","per":"1000000000000023454326206862","wtrxLocked":"30334381044631"},{"ptrxLocked":"30334381044616288890088671","t":1586185200000,"cRatio":"3940270274761852960","per":"1000000000000023454326206862","wtrxLocked":"30334381044631"},{"ptrxLocked":"30334381044616288890088671","t":1586186100000,"cRatio":"3940270274761852960","per":"1000000000000023454326206862","wtrxLocked":"30334381044631"},{"ptrxLocked":"30334381044616288890088671","t":1586187000000,"cRatio":"3947000545088173830","per":"1000000000000023454326206862","wtrxLocked":"30334381044631"},{"ptrxLocked":"30334381044616288890088671","t":1586187900000,"cRatio":"3959479254241075323","per":"1000000000000023454326206862","wtrxLocked":"30334381044631"},{"ptrxLocked":"30335381044615288890088671","t":1586188800000,"cRatio":"3964375112315474399","per":"1000000000000023454326206855","wtrxLocked":"30335381044631"},{"ptrxLocked":"30335381044615288890088671","t":1586189700000,"cRatio":"3964371190845016614","per":"1000000000000023454326206855","wtrxLocked":"30335381044631"},{"ptrxLocked":"30335381044615288890088671","t":1586190600000,"cRatio":"3979466164040756600","per":"1000000000000023454326206855","wtrxLocked":"30335381044631"},{"ptrxLocked":"30335381044615288890088671","t":1586191500000,"cRatio":"4010194255331511868","per":"1000000000000023454326206855","wtrxLocked":"30335381044631"},{"ptrxLocked":"30335381044615288890088671","t":1586192400000,"cRatio":"4012297180211441730","per":"1000000000000023454326206855","wtrxLocked":"30335381044631"},{"ptrxLocked":"30335381044615288890088671","t":1586193300000,"cRatio":"4012297180211441730","per":"1000000000000023454326206855","wtrxLocked":"30335381044631"},{"ptrxLocked":"30335381044615288890088671","t":1586194200000,"cRatio":"4028713893695983172","per":"1000000000000023454326206855","wtrxLocked":"30335381044631"},{"ptrxLocked":"30335381044615288890088671","t":1586195100000,"cRatio":"4043474318524724765","per":"1000000000000023454326206855","wtrxLocked":"30335381044631"},{"ptrxLocked":"30335381044615288890088671","t":1586196000000,"cRatio":"4053584801249251188","per":"1000000000000023454326206855","wtrxLocked":"30335381044631"},{"ptrxLocked":"30335381044615288890088671","t":1586196900000,"cRatio":"4053584801249251188","per":"1000000000000023454326206855","wtrxLocked":"30335381044631"},{"ptrxLocked":"30335381044615288890088671","t":1586197800000,"cRatio":"4051326834824930829","per":"1000000000000023454326206855","wtrxLocked":"30335381044631"},{"ptrxLocked":"30335281044615288892434104","t":1586198700000,"cRatio":"4051313479703962134","per":"1000000000000023454326206842","wtrxLocked":"30335281044631"},{"ptrxLocked":"30337281044614288892434104","t":1586199600000,"cRatio":"4047986104643924460","per":"1000000000000023454326206829","wtrxLocked":"30337281044631"},{"ptrxLocked":"30337281044614288892434104","t":1586200500000,"cRatio":"4047986104643924460","per":"1000000000000023454326206829","wtrxLocked":"30337281044631"},{"ptrxLocked":"30337281044614288892434104","t":1586201400001,"cRatio":"4050955624856675145","per":"1000000000000023454326206829","wtrxLocked":"30337281044631"},{"ptrxLocked":"30337281044614288892434104","t":1586202300000,"cRatio":"4061111152182038453","per":"1000000000000023454326206829","wtrxLocked":"30337281044631"},{"ptrxLocked":"30337281044614288892434104","t":1586203200000,"cRatio":"4061849284707853757","per":"1000000000000023454326206829","wtrxLocked":"30337281044631"},{"ptrxLocked":"30337281044614288892434104","t":1586204100000,"cRatio":"4061849284707853757","per":"1000000000000023454326206829","wtrxLocked":"30337281044631"},{"ptrxLocked":"30337281044614288892434104","t":1586205000000,"cRatio":"4061849284707853757","per":"1000000000000023454326206829","wtrxLocked":"30337281044631"},{"ptrxLocked":"30337281044614288892434104","t":1586205900000,"cRatio":"4054417136390612224","per":"1000000000000023454326206829","wtrxLocked":"30337281044631"},{"ptrxLocked":"30337281044614288892434104","t":1586206800000,"cRatio":"4029866973117039696","per":"1000000000000023454326206829","wtrxLocked":"30337281044631"},{"ptrxLocked":"30337982044613288892434104","t":1586207700000,"cRatio":"4029960090781210032","per":"1000000000000023454326206840","wtrxLocked":"30337982044631"},{"ptrxLocked":"30337982044613288892434104","t":1586208600000,"cRatio":"4024893603353440723","per":"1000000000000023454326206840","wtrxLocked":"30337982044631"},{"ptrxLocked":"30338982044612288892434104","t":1586209500000,"cRatio":"4025026271821548863","per":"1000000000000023454326206833","wtrxLocked":"30338982044631"},{"ptrxLocked":"30338982044612288892434104","t":1586210400000,"cRatio":"4036302250822910751","per":"1000000000000023454326206833","wtrxLocked":"30338982044631"},{"ptrxLocked":"30339084044611288892434104","t":1586211300000,"cRatio":"4036279332194085144","per":"1000000000000023454326206824","wtrxLocked":"30339084044631"},{"ptrxLocked":"30339084044611288892434104","t":1586212200001,"cRatio":"4050918700873828651","per":"1000000000000023454326206824","wtrxLocked":"30339084044631"},{"ptrxLocked":"30338920044611288892434104","t":1586213100000,"cRatio":"4050900809982003248","per":"1000000000000023454452991478","wtrxLocked":"30338920044631"},{"ptrxLocked":"30339220044610288892434104","t":1586214000000,"cRatio":"4050832649174663095","per":"1000000000000023454452991482","wtrxLocked":"30339220044631"},{"ptrxLocked":"30339303405408800621477623","t":1586214900000,"cRatio":"4050807721456177090","per":"1000000000000039548143860853","wtrxLocked":"30339303405431"},{"ptrxLocked":"30339303305408800621481578","t":1586215800000,"cRatio":"4047330192274834381","per":"1000000000000039548143860847","wtrxLocked":"30339303305431"},{"ptrxLocked":"30338503305408800653120093","t":1586216700000,"cRatio":"4052447852006094935","per":"1000000000000039548143860850","wtrxLocked":"30338503305431"},{"ptrxLocked":"30338503305408800653120093","t":1586217600001,"cRatio":"4084142540295659805","per":"1000000000000039548143860850","wtrxLocked":"30338503305431"},{"ptrxLocked":"30338503305408800653120093","t":1586218500000,"cRatio":"4084142540295659805","per":"1000000000000039548143860850","wtrxLocked":"30338503305431"},{"ptrxLocked":"30338503305408800653120093","t":1586219400000,"cRatio":"4101338610735719438","per":"1000000000000039548143860850","wtrxLocked":"30338503305431"},{"ptrxLocked":"30338503305408800653120093","t":1586220300000,"cRatio":"4134806350860815898","per":"1000000000000039548143860850","wtrxLocked":"30338503305431"},{"ptrxLocked":"30338503305408800653120093","t":1586221200000,"cRatio":"4163475918434094601","per":"1000000000000039548143860850","wtrxLocked":"30338503305431"},{"ptrxLocked":"30338503305408800653120093","t":1586222100000,"cRatio":"4163475918434094601","per":"1000000000000039548143860850","wtrxLocked":"30338503305431"},{"ptrxLocked":"30338503305408800653120093","t":1586223000000,"cRatio":"4149391294378787966","per":"1000000000000039548143860850","wtrxLocked":"30338503305431"},{"ptrxLocked":"30338503305408800653120093","t":1586223900000,"cRatio":"4143631736980022027","per":"1000000000000039548143860850","wtrxLocked":"30338503305431"},{"ptrxLocked":"30338503305408800653120093","t":1586224800000,"cRatio":"4137862073924635269","per":"1000000000000039548143860850","wtrxLocked":"30338503305431"},{"ptrxLocked":"30338503305408800653120093","t":1586225700000,"cRatio":"4137862073924635269","per":"1000000000000039548143860850","wtrxLocked":"30338503305431"},{"ptrxLocked":"30338503305408800653120093","t":1586226600000,"cRatio":"4133378483713713148","per":"1000000000000039548143860850","wtrxLocked":"30338503305431"},{"ptrxLocked":"30338503305408800653120093","t":1586227500000,"cRatio":"4113386063616454862","per":"1000000000000039548143860850","wtrxLocked":"30338503305431"},{"ptrxLocked":"30338503305408800653120093","t":1586228400000,"cRatio":"4066140078323682073","per":"1000000000000039548143860850","wtrxLocked":"30338503305431"},{"ptrxLocked":"30338503305408800653120093","t":1586229300000,"cRatio":"4066140078323682073","per":"1000000000000039548143860850","wtrxLocked":"30338503305431"},{"ptrxLocked":"30338503305408800653120093","t":1586230200000,"cRatio":"4057287191384429113","per":"1000000000000039548143860850","wtrxLocked":"30338503305431"},{"ptrxLocked":"30338503305408800653120093","t":1586231100000,"cRatio":"4066140078323682073","per":"1000000000000039548143860850","wtrxLocked":"30338503305431"},{"ptrxLocked":"30338503305408800653120093","t":1586232000000,"cRatio":"4073707571108139123","per":"1000000000000039548143860850","wtrxLocked":"30338503305431"},{"ptrxLocked":"30338503305408800653120093","t":1586232900000,"cRatio":"4073707571108139123","per":"1000000000000039548143860850","wtrxLocked":"30338503305431"},{"ptrxLocked":"30339503305407800653120093","t":1586233800000,"cRatio":"4076544090593748068","per":"1000000000000039548143860854","wtrxLocked":"30339503305431"},{"ptrxLocked":"30339503305407800653120093","t":1586234700000,"cRatio":"4076544090593748068","per":"1000000000000039548143860854","wtrxLocked":"30339503305431"},{"ptrxLocked":"30339503305407800653120093","t":1586235600000,"cRatio":"4060724221697883847","per":"1000000000000039548143860854","wtrxLocked":"30339503305431"},{"ptrxLocked":"30339503305407800653120093","t":1586236500000,"cRatio":"4060724221697883847","per":"1000000000000039548143860854","wtrxLocked":"30339503305431"},{"ptrxLocked":"30356903305405800653120093","t":1586237400000,"cRatio":"4062205970681816859","per":"1000000000000039548143860881","wtrxLocked":"30356903305431"},{"ptrxLocked":"30356903305405800653120093","t":1586238300000,"cRatio":"4062972719534466938","per":"1000000000000039548143860881","wtrxLocked":"30356903305431"},{"ptrxLocked":"30356903305405800653120093","t":1586239200001,"cRatio":"4073174286432952435","per":"1000000000000039548143860881","wtrxLocked":"30356903305431"},{"ptrxLocked":"30356903305405800653120093","t":1586240100000,"cRatio":"4073174286432952435","per":"1000000000000039548143860881","wtrxLocked":"30356903305431"},{"ptrxLocked":"30358078305403800653120093","t":1586241000000,"cRatio":"4073150668410574240","per":"1000000000000039548143860880","wtrxLocked":"30358078305431"},{"ptrxLocked":"30360678305400800653120093","t":1586241900000,"cRatio":"4073345346151490486","per":"1000000000000039548143860912","wtrxLocked":"30360678305431"},{"ptrxLocked":"30360678305400800653120093","t":1586242800000,"cRatio":"4076294513760305518","per":"1000000000000039548143860912","wtrxLocked":"30360678305431"},{"ptrxLocked":"30360178305401800653120093","t":1586243700000,"cRatio":"4076227382610194182","per":"1000000000000039548795176978","wtrxLocked":"30360178305432"},{"ptrxLocked":"30360178305401800653120093","t":1586244600000,"cRatio":"4087505692545511536","per":"1000000000000039549707034498","wtrxLocked":"30360178305434"},{"ptrxLocked":"30360178305401800653120093","t":1586245500000,"cRatio":"4119430198072659415","per":"1000000000000039549707034498","wtrxLocked":"30360178305434"},{"ptrxLocked":"30359829305401800666922941","t":1586246400000,"cRatio":"4130588423367627909","per":"1000000000000039549707034490","wtrxLocked":"30359829305434"},{"ptrxLocked":"30354829305401800864671476","t":1586247300000,"cRatio":"4129928568435690329","per":"1000000000000039549707034496","wtrxLocked":"30354829305434"},{"ptrxLocked":"30354829305401800864671476","t":1586248200000,"cRatio":"4131438511382870686","per":"1000000000000039549707034496","wtrxLocked":"30354829305434"},{"ptrxLocked":"30354829305401800864671476","t":1586249100000,"cRatio":"4131489707135942879","per":"1000000000000039549707034496","wtrxLocked":"30354829305434"},{"ptrxLocked":"30354829305401800864671476","t":1586250000000,"cRatio":"4131489707135942879","per":"1000000000000039549707034496","wtrxLocked":"30354829305434"},{"ptrxLocked":"30354930305400800864671476","t":1586250900000,"cRatio":"4131495282215920275","per":"1000000000000039549707034482","wtrxLocked":"30354930305434"},{"ptrxLocked":"30354930305400800864671476","t":1586251800000,"cRatio":"4133003090769095381","per":"1000000000000039549707034482","wtrxLocked":"30354930305434"},{"ptrxLocked":"30355050305399800864671476","t":1586252700000,"cRatio":"4133454460571903935","per":"1000000000000039549707034488","wtrxLocked":"30355050305434"},{"ptrxLocked":"30355050305399800864671476","t":1586253600000,"cRatio":"4130950498350772000","per":"1000000000000039549707034488","wtrxLocked":"30355050305434"},{"ptrxLocked":"30355050305399800864671476","t":1586254500000,"cRatio":"4130868863644080175","per":"1000000000000039549707034488","wtrxLocked":"30355050305434"},{"ptrxLocked":"30355050305399800864671476","t":1586255400000,"cRatio":"4141743038927379087","per":"1000000000000039549707034488","wtrxLocked":"30355050305434"},{"ptrxLocked":"30355050305399800864671476","t":1586256300000,"cRatio":"4148087322902026455","per":"1000000000000039549707034488","wtrxLocked":"30355050305434"},{"ptrxLocked":"30355050305399800864671476","t":1586257200000,"cRatio":"4152180572764587261","per":"1000000000000039549707034488","wtrxLocked":"30355050305434"},{"ptrxLocked":"30355050305399800864671476","t":1586258100000,"cRatio":"4152180572764587261","per":"1000000000000039549707034488","wtrxLocked":"30355050305434"},{"ptrxLocked":"30355050305399800864671476","t":1586259000000,"cRatio":"4153161913235683341","per":"1000000000000039549707034488","wtrxLocked":"30355050305434"},{"ptrxLocked":"30355050305399800864671476","t":1586259900000,"cRatio":"4153161913235683341","per":"1000000000000039549707034488","wtrxLocked":"30355050305434"},{"ptrxLocked":"30355050305399800864671476","t":1586260800000,"cRatio":"4143000491059329632","per":"1000000000000039550619067070","wtrxLocked":"30355050305436"},{"ptrxLocked":"30355050305399800864671476","t":1586261700000,"cRatio":"4142959555046147277","per":"1000000000000039550619067070","wtrxLocked":"30355050305436"},{"ptrxLocked":"30355050305399800864671476","t":1586262600000,"cRatio":"4159834142944984299","per":"1000000000000039550619067070","wtrxLocked":"30355050305436"},{"ptrxLocked":"30355050305399800864671476","t":1586263500000,"cRatio":"4159834142944984299","per":"1000000000000039550619067070","wtrxLocked":"30355050305436"},{"ptrxLocked":"30355450305397800876536857","t":1586264400001,"cRatio":"4151888401812382840","per":"1000000000000039551270533945","wtrxLocked":"30355450305437"},{"ptrxLocked":"30355050305399800864671476","t":1586265300000,"cRatio":"4151915738110807951","per":"1000000000000039552182602574","wtrxLocked":"30355050305439"},{"ptrxLocked":"30360751305397800864671476","t":1586266200000,"cRatio":"4141114721134395554","per":"1000000000000039552182602574","wtrxLocked":"30360751305439"},{"ptrxLocked":"30360751305397800864671476","t":1586267100000,"cRatio":"4141114721134395554","per":"1000000000000039552182602574","wtrxLocked":"30360751305439"},{"ptrxLocked":"30360751305397800864671476","t":1586268000000,"cRatio":"4150590000131677416","per":"1000000000000039552182602574","wtrxLocked":"30360751305439"},{"ptrxLocked":"30360751305397800864671476","t":1586268900001,"cRatio":"4150590000131677416","per":"1000000000000039552182602574","wtrxLocked":"30360751305439"},{"ptrxLocked":"30360751305397800864671476","t":1586269800000,"cRatio":"4144652505288577126","per":"1000000000000039552182602574","wtrxLocked":"30360751305439"},{"ptrxLocked":"30360751305397800864671476","t":1586270700001,"cRatio":"4127412066294414577","per":"1000000000000039552182602574","wtrxLocked":"30360751305439"},{"ptrxLocked":"30360751305397800864671476","t":1586271600000,"cRatio":"4110185979540823691","per":"1000000000000039552182602574","wtrxLocked":"30360751305439"},{"ptrxLocked":"30360751305397800864671476","t":1586272500000,"cRatio":"4110185979540823691","per":"1000000000000039552182602574","wtrxLocked":"30360751305439"},{"ptrxLocked":"30360751305397800864671476","t":1586273400000,"cRatio":"4110185979540823691","per":"1000000000000039552182602574","wtrxLocked":"30360751305439"},{"ptrxLocked":"30360751305397800864671476","t":1586274300000,"cRatio":"4110185979540823691","per":"1000000000000039552182602574","wtrxLocked":"30360751305439"},{"ptrxLocked":"30360751305397800864671476","t":1586275200000,"cRatio":"4125868875616198619","per":"1000000000000039552182602574","wtrxLocked":"30360751305439"},{"ptrxLocked":"30360751305397800864671476","t":1586276100000,"cRatio":"4125868875616198619","per":"1000000000000039552182602574","wtrxLocked":"30360751305439"},{"ptrxLocked":"30360751305397800864671476","t":1586277000000,"cRatio":"4130623896394412929","per":"1000000000000039552182602574","wtrxLocked":"30360751305439"},{"ptrxLocked":"30360751305397800864671476","t":1586277900000,"cRatio":"4133398312198431938","per":"1000000000000039552182602574","wtrxLocked":"30360751305439"},{"ptrxLocked":"30360751305397800864671476","t":1586278800000,"cRatio":"4146310532263471335","per":"1000000000000039552182602574","wtrxLocked":"30360751305439"},{"ptrxLocked":"30357751305397800983328024","t":1586279700000,"cRatio":"4145900827922770055","per":"1000000000000039552182602567","wtrxLocked":"30357751305439"},{"ptrxLocked":"30357751305397800983328024","t":1586280600000,"cRatio":"4148975263659704492","per":"1000000000000039552182602567","wtrxLocked":"30357751305439"},{"ptrxLocked":"30357751305397800983328024","t":1586281500000,"cRatio":"4149317798177489082","per":"1000000000000039552182602567","wtrxLocked":"30357751305439"},{"ptrxLocked":"30357751305397800983328024","t":1586282400000,"cRatio":"4148975263659704492","per":"1000000000000039552182602567","wtrxLocked":"30357751305439"},{"ptrxLocked":"30357751305397800983328024","t":1586283300000,"cRatio":"4148975263659704492","per":"1000000000000039552182602567","wtrxLocked":"30357751305439"},{"ptrxLocked":"30357751305397800983328024","t":1586284200000,"cRatio":"4143201125594375617","per":"1000000000000039552182602567","wtrxLocked":"30357751305439"},{"ptrxLocked":"30357751305397800983328024","t":1586285100000,"cRatio":"4143049573975553790","per":"1000000000000039552182602567","wtrxLocked":"30357751305439"},{"ptrxLocked":"30357751305397800983328024","t":1586286000000,"cRatio":"4138536901720710979","per":"1000000000000039552182602567","wtrxLocked":"30357751305439"},{"ptrxLocked":"30357751305397800983328024","t":1586286900000,"cRatio":"4138536901720710979","per":"1000000000000039552182602567","wtrxLocked":"30357751305439"},{"ptrxLocked":"30357751305397800983328024","t":1586287800000,"cRatio":"4138536901720710979","per":"1000000000000039552182602567","wtrxLocked":"30357751305439"},{"ptrxLocked":"30358106305396800983328024","t":1586288700000,"cRatio":"4142278394418269722","per":"1000000000000039552182602573","wtrxLocked":"30358106305439"},{"ptrxLocked":"30358106305396800983328024","t":1586289600000,"cRatio":"4142544399135118304","per":"1000000000000039552182602573","wtrxLocked":"30358106305439"},{"ptrxLocked":"30358106305396800983328024","t":1586290500000,"cRatio":"4142544399135118304","per":"1000000000000039552182602573","wtrxLocked":"30358106305439"},{"ptrxLocked":"30358106305396800983328024","t":1586291400000,"cRatio":"4131387404588072667","per":"1000000000000039552182602573","wtrxLocked":"30358106305439"},{"ptrxLocked":"30358106305396800983328024","t":1586292300000,"cRatio":"4076919623825742778","per":"1000000000000039552182602573","wtrxLocked":"30358106305439"},{"ptrxLocked":"30358106305396800983328024","t":1586293200000,"cRatio":"4007311337643154252","per":"1000000000000039552182602573","wtrxLocked":"30358106305439"},{"ptrxLocked":"30358106305396800983328024","t":1586294100000,"cRatio":"4007311337643154252","per":"1000000000000039552182602573","wtrxLocked":"30358106305439"},{"ptrxLocked":"30358106305396800983328024","t":1586295000000,"cRatio":"3996882154774277770","per":"1000000000000039552182602573","wtrxLocked":"30358106305439"},{"ptrxLocked":"30358106305396800983328024","t":1586295900000,"cRatio":"3996428162128781789","per":"1000000000000039552182602573","wtrxLocked":"30358106305439"},{"ptrxLocked":"30358106305396800983328024","t":1586296800000,"cRatio":"4002065506409368073","per":"1000000000000039552182602573","wtrxLocked":"30358106305439"},{"ptrxLocked":"30358106305396800983328024","t":1586297700000,"cRatio":"4002065506409368073","per":"1000000000000039552182602573","wtrxLocked":"30358106305439"},{"ptrxLocked":"30358106305396800983328024","t":1586298600000,"cRatio":"4009396370377524684","per":"1000000000000039552182602573","wtrxLocked":"30358106305439"},{"ptrxLocked":"30358106305396800983328024","t":1586299500000,"cRatio":"4009396370377524684","per":"1000000000000039552182602573","wtrxLocked":"30358106305439"},{"ptrxLocked":"30358106305396800983328024","t":1586300400000,"cRatio":"4003595479184279447","per":"1000000000000039552182602573","wtrxLocked":"30358106305439"},{"ptrxLocked":"30358106305396800983328024","t":1586301300000,"cRatio":"4003595479184279447","per":"1000000000000039552182602573","wtrxLocked":"30358106305439"},{"ptrxLocked":"30358106305396800983328024","t":1586302200000,"cRatio":"3999935655661686086","per":"1000000000000039552182602573","wtrxLocked":"30358106305439"},{"ptrxLocked":"30358106305396800983328024","t":1586303100000,"cRatio":"3987298124241268599","per":"1000000000000039552182602573","wtrxLocked":"30358106305439"},{"ptrxLocked":"30358106305396800983328024","t":1586304000000,"cRatio":"3975968821844673566","per":"1000000000000039552182602573","wtrxLocked":"30358106305439"},{"ptrxLocked":"30358106305396800983328024","t":1586304900000,"cRatio":"3975968821844673566","per":"1000000000000039552182602573","wtrxLocked":"30358106305439"},{"ptrxLocked":"30358106305396800983328024","t":1586305800000,"cRatio":"3970658694221688296","per":"1000000000000039552182602573","wtrxLocked":"30358106305439"},{"ptrxLocked":"30358106305396800983328024","t":1586306700001,"cRatio":"3970628975015249979","per":"1000000000000039552182602573","wtrxLocked":"30358106305439"},{"ptrxLocked":"30358106305396800983328024","t":1586307600001,"cRatio":"3970628975015249979","per":"1000000000000039552182602573","wtrxLocked":"30358106305439"},{"ptrxLocked":"30358106305396800983328024","t":1586308500000,"cRatio":"3970628975015249979","per":"1000000000000039552182602573","wtrxLocked":"30358106305439"},{"ptrxLocked":"30358106305396800983328024","t":1586309400000,"cRatio":"3968778956085907211","per":"1000000000000039552182602573","wtrxLocked":"30358106305439"},{"ptrxLocked":"30358106305396800983328024","t":1586310300000,"cRatio":"3970367664278485487","per":"1000000000000039552182602573","wtrxLocked":"30358106305439"},{"ptrxLocked":"30358106305396800983328024","t":1586311200000,"cRatio":"3965350477019965365","per":"1000000000000039552182602573","wtrxLocked":"30358106305439"},{"ptrxLocked":"30358207305395800983328024","t":1586312100000,"cRatio":"3965348005176581779","per":"1000000000000039552182602558","wtrxLocked":"30358207305439"},{"ptrxLocked":"30358207305395800983328024","t":1586313000000,"cRatio":"3963285070197565012","per":"1000000000000039552182602558","wtrxLocked":"30358207305439"},{"ptrxLocked":"30358207305395800983328024","t":1586313900000,"cRatio":"3963285070197565012","per":"1000000000000039552182602558","wtrxLocked":"30358207305439"},{"ptrxLocked":"30358207305395800983328024","t":1586314800000,"cRatio":"3996016374482971447","per":"1000000000000039552182602558","wtrxLocked":"30358207305439"},{"ptrxLocked":"30358207305395800983328024","t":1586315700000,"cRatio":"3996016374482971447","per":"1000000000000039552182602558","wtrxLocked":"30358207305439"},{"ptrxLocked":"30358207305395800983328024","t":1586316600000,"cRatio":"4004672204536167143","per":"1000000000000039552182602558","wtrxLocked":"30358207305439"},{"ptrxLocked":"30358207305395800983328024","t":1586317500000,"cRatio":"4032120133088004333","per":"1000000000000039552182602558","wtrxLocked":"30358207305439"},{"ptrxLocked":"30358207305395800983328024","t":1586318400000,"cRatio":"4044897446487411472","per":"1000000000000039552182602558","wtrxLocked":"30358207305439"},{"ptrxLocked":"30358207305395800983328024","t":1586319300000,"cRatio":"4044897446487411472","per":"1000000000000039552182602558","wtrxLocked":"30358207305439"},{"ptrxLocked":"30358207305395800983328024","t":1586320200000,"cRatio":"4058967973394420272","per":"1000000000000039552182602558","wtrxLocked":"30358207305439"},{"ptrxLocked":"30358207305395800983328024","t":1586321100000,"cRatio":"4074060358306923018","per":"1000000000000039552182602558","wtrxLocked":"30358207305439"},{"ptrxLocked":"30358207305395800983328024","t":1586322000000,"cRatio":"4075171039228097606","per":"1000000000000039552182602558","wtrxLocked":"30358207305439"},{"ptrxLocked":"30358207305395800983328024","t":1586322900000,"cRatio":"4075171039228097606","per":"1000000000000039552182602558","wtrxLocked":"30358207305439"},{"ptrxLocked":"30358207305395800983328024","t":1586323800000,"cRatio":"4088122263874094894","per":"1000000000000039552182602558","wtrxLocked":"30358207305439"},{"ptrxLocked":"30358207305395800983328024","t":1586324700000,"cRatio":"4097960655314327049","per":"1000000000000039552182602558","wtrxLocked":"30358207305439"},{"ptrxLocked":"30358207305395800983328024","t":1586325600000,"cRatio":"4097960655314327049","per":"1000000000000039552182602558","wtrxLocked":"30358207305439"},{"ptrxLocked":"30358206305395800983367576","t":1586326500000,"cRatio":"4097960641738741880","per":"1000000000000039552182602564","wtrxLocked":"30358206305439"},{"ptrxLocked":"30358206305395800983367576","t":1586327400000,"cRatio":"4096676024421163636","per":"1000000000000039552182602564","wtrxLocked":"30358206305439"},{"ptrxLocked":"30358206305395800983367576","t":1586328300000,"cRatio":"4096516593464283441","per":"1000000000000039552182602564","wtrxLocked":"30358206305439"},{"ptrxLocked":"30358706305394800983367576","t":1586329200000,"cRatio":"4090086960758946442","per":"1000000000000039552182602555","wtrxLocked":"30358706305439"},{"ptrxLocked":"30358706305394800983367576","t":1586330100000,"cRatio":"4090086960758946442","per":"1000000000000039552182602555","wtrxLocked":"30358706305439"},{"ptrxLocked":"30358706305394800983367576","t":1586331000000,"cRatio":"4076866226516571298","per":"1000000000000039552182602555","wtrxLocked":"30358706305439"},{"ptrxLocked":"30358706305394800983367576","t":1586331900000,"cRatio":"4073611741051177103","per":"1000000000000039552182602555","wtrxLocked":"30358706305439"},{"ptrxLocked":"30358706305394800983367576","t":1586332800000,"cRatio":"4076866226516571298","per":"1000000000000039552182602555","wtrxLocked":"30358706305439"},{"ptrxLocked":"30358706305394800983367576","t":1586333700000,"cRatio":"4076866226516571298","per":"1000000000000039552182602555","wtrxLocked":"30358706305439"},{"ptrxLocked":"30358456305394800993255622","t":1586334600000,"cRatio":"4077545379899873563","per":"1000000000000039552182602543","wtrxLocked":"30358456305439"},{"ptrxLocked":"30358756305393800993255622","t":1586335500000,"cRatio":"4077585673899069787","per":"1000000000000039552182602550","wtrxLocked":"30358756305439"},{"ptrxLocked":"30358756305393800993255622","t":1586336400000,"cRatio":"4075405809859339243","per":"1000000000000039552182602550","wtrxLocked":"30358756305439"},{"ptrxLocked":"30358756305393800993255622","t":1586337300000,"cRatio":"4075405809859339243","per":"1000000000000039552182602550","wtrxLocked":"30358756305439"},{"ptrxLocked":"30358456305393801005121277","t":1586338200000,"cRatio":"4075365537401183941","per":"1000000000000039552182602543","wtrxLocked":"30358456305439"},{"ptrxLocked":"30358456305393801005121277","t":1586339100000,"cRatio":"4076392396208216132","per":"1000000000000039552182602543","wtrxLocked":"30358456305439"},{"ptrxLocked":"30357716306393801034389853","t":1586340000001,"cRatio":"4074694391843782368","per":"1000000000000039552182602529","wtrxLocked":"30357716306439"},{"ptrxLocked":"30357716306393801034389853","t":1586340900000,"cRatio":"4074693989449932692","per":"1000000000000039552182602529","wtrxLocked":"30357716306439"},{"ptrxLocked":"30357716306393801034389853","t":1586341800000,"cRatio":"4076323707023513231","per":"1000000000000039552182602529","wtrxLocked":"30357716306439"},{"ptrxLocked":"30357716306393801034389853","t":1586342700000,"cRatio":"4080691949076530277","per":"1000000000000039552182602529","wtrxLocked":"30357716306439"},{"ptrxLocked":"30357716306393801034389853","t":1586343600000,"cRatio":"4080691949076530277","per":"1000000000000039552182602529","wtrxLocked":"30357716306439"},{"ptrxLocked":"30357716306393801034389853","t":1586344500000,"cRatio":"4080691949076530277","per":"1000000000000039552182602529","wtrxLocked":"30357716306439"},{"ptrxLocked":"30357716306393801034389853","t":1586345400000,"cRatio":"4050672754296886137","per":"1000000000000039552182602529","wtrxLocked":"30357716306439"},{"ptrxLocked":"30357716306393801034389853","t":1586346300000,"cRatio":"4050575013975349533","per":"1000000000000039552182602529","wtrxLocked":"30357716306439"},{"ptrxLocked":"30357716306393801034389853","t":1586347200000,"cRatio":"4047574677496596514","per":"1000000000000039552182602529","wtrxLocked":"30357716306439"},{"ptrxLocked":"30357716306393801034389853","t":1586348100000,"cRatio":"4047574677496596514","per":"1000000000000039552182602529","wtrxLocked":"30357716306439"},{"ptrxLocked":"30357716306393801034389853","t":1586349000000,"cRatio":"4047574677496596514","per":"1000000000000039552182602529","wtrxLocked":"30357716306439"},{"ptrxLocked":"30357716306393801034389853","t":1586349900000,"cRatio":"4047574677496596514","per":"1000000000000039552182602529","wtrxLocked":"30357716306439"},{"ptrxLocked":"30357716306393801034389853","t":1586350800000,"cRatio":"4043712891132140779","per":"1000000000000039552182602529","wtrxLocked":"30357716306439"},{"ptrxLocked":"30357716306393801034389853","t":1586351700000,"cRatio":"4043712891132140779","per":"1000000000000039552182602529","wtrxLocked":"30357716306439"},{"ptrxLocked":"30357716306393801034389853","t":1586352600001,"cRatio":"4041030932014316470","per":"1000000000000039552182602529","wtrxLocked":"30357716306439"},{"ptrxLocked":"30357716306393801034389853","t":1586353500000,"cRatio":"4041889773497603649","per":"1000000000000039552182602529","wtrxLocked":"30357716306439"},{"ptrxLocked":"30357716306393801034389853","t":1586354400000,"cRatio":"4046413573450403921","per":"1000000000000039552182602529","wtrxLocked":"30357716306439"},{"ptrxLocked":"30357716306393801034389853","t":1586355300000,"cRatio":"4046413573450403921","per":"1000000000000039552182602529","wtrxLocked":"30357716306439"},{"ptrxLocked":"30357716306393801034389853","t":1586356200000,"cRatio":"4049762408153199952","per":"1000000000000039552182602529","wtrxLocked":"30357716306439"},{"ptrxLocked":"30357716306393801034389853","t":1586357100000,"cRatio":"4050035445552586138","per":"1000000000000039552182602529","wtrxLocked":"30357716306439"},{"ptrxLocked":"30357716306393801034389853","t":1586358000000,"cRatio":"4052594878470053206","per":"1000000000000039552182602529","wtrxLocked":"30357716306439"},{"ptrxLocked":"30357716306393801034389853","t":1586358900000,"cRatio":"4052594878470053206","per":"1000000000000039552182602529","wtrxLocked":"30357716306439"},{"ptrxLocked":"30357716306393801034389853","t":1586359800000,"cRatio":"4057346777047294902","per":"1000000000000039552182602529","wtrxLocked":"30357716306439"},{"ptrxLocked":"30357716306393801034389853","t":1586360700000,"cRatio":"4078553418221050521","per":"1000000000000039552182602529","wtrxLocked":"30357716306439"},{"ptrxLocked":"30357716306393801034389853","t":1586361600000,"cRatio":"4079629298895605666","per":"1000000000000039552182602529","wtrxLocked":"30357716306439"},{"ptrxLocked":"30357716306393801034389853","t":1586362500000,"cRatio":"4079629298895605666","per":"1000000000000039552182602529","wtrxLocked":"30357716306439"},{"ptrxLocked":"30357716306393801034389853","t":1586363400000,"cRatio":"4080098585764122418","per":"1000000000000039552182602529","wtrxLocked":"30357716306439"},{"ptrxLocked":"30357716306393801034389853","t":1586364300001,"cRatio":"4082066924822585489","per":"1000000000000039552182602529","wtrxLocked":"30357716306439"},{"ptrxLocked":"30357716306393801034389853","t":1586365200000,"cRatio":"4094173970454933432","per":"1000000000000039552182602529","wtrxLocked":"30357716306439"},{"ptrxLocked":"30357716306393801034389853","t":1586366100000,"cRatio":"4094173970454933432","per":"1000000000000039552182602529","wtrxLocked":"30357716306439"},{"ptrxLocked":"30357716306393801034389853","t":1586367000000,"cRatio":"4105056397115493111","per":"1000000000000039552182602529","wtrxLocked":"30357716306439"},{"ptrxLocked":"30357716306393801034389853","t":1586367900000,"cRatio":"4105056397115493111","per":"1000000000000039552182602529","wtrxLocked":"30357716306439"},{"ptrxLocked":"30357715306392801042339842","t":1586368800000,"cRatio":"4099979474624955061","per":"1000000000000039552182602535","wtrxLocked":"30357715306439"},{"ptrxLocked":"30357715306392801042339842","t":1586369700000,"cRatio":"4099978259968322994","per":"1000000000000039552182602535","wtrxLocked":"30357715306439"},{"ptrxLocked":"30357715306392801042339842","t":1586370600000,"cRatio":"4090308303872203088","per":"1000000000000039552182602535","wtrxLocked":"30357715306439"},{"ptrxLocked":"30357715306392801042339842","t":1586371500000,"cRatio":"4090308303872203088","per":"1000000000000039552182602535","wtrxLocked":"30357715306439"},{"ptrxLocked":"30361820306390801042339842","t":1586372400000,"cRatio":"4090493312048903771","per":"1000000000000039552182602516","wtrxLocked":"30361820306439"},{"ptrxLocked":"30361820306390801042339842","t":1586373300000,"cRatio":"4090493635121760522","per":"1000000000000039552182602516","wtrxLocked":"30361820306439"},{"ptrxLocked":"30361820306390801042339842","t":1586374200000,"cRatio":"4091590349866020083","per":"1000000000000039552182602516","wtrxLocked":"30361820306439"},{"ptrxLocked":"30361820306390801042339842","t":1586375100000,"cRatio":"4091590349866020083","per":"1000000000000039552182602516","wtrxLocked":"30361820306439"},{"ptrxLocked":"30361820306390801042339842","t":1586376000000,"cRatio":"4083769347694564922","per":"1000000000000039552182602516","wtrxLocked":"30361820306439"},{"ptrxLocked":"30361820306390801042339842","t":1586376900000,"cRatio":"4083769347694564922","per":"1000000000000039552182602516","wtrxLocked":"30361820306439"},{"ptrxLocked":"30361726306389801050210726","t":1586377800001,"cRatio":"4083736545670813128","per":"1000000000000039552182602521","wtrxLocked":"30361726306439"},{"ptrxLocked":"30361726306389801050210726","t":1586378700000,"cRatio":"4092967936627130009","per":"1000000000000039552182602521","wtrxLocked":"30361726306439"},{"ptrxLocked":"30361726306389801050210726","t":1586379600000,"cRatio":"4098607205095972909","per":"1000000000000039552182602521","wtrxLocked":"30361726306439"},{"ptrxLocked":"30361726306389801050210726","t":1586380500000,"cRatio":"4098607205095972909","per":"1000000000000039552182602521","wtrxLocked":"30361726306439"},{"ptrxLocked":"30361726306389801050210726","t":1586381400000,"cRatio":"4103068374123545494","per":"1000000000000039552182602521","wtrxLocked":"30361726306439"},{"ptrxLocked":"30361726306389801050210726","t":1586382300000,"cRatio":"4103934164479919879","per":"1000000000000039552182602521","wtrxLocked":"30361726306439"},{"ptrxLocked":"30361726306389801050210726","t":1586383200000,"cRatio":"4104243688383568525","per":"1000000000000039552182602521","wtrxLocked":"30361726306439"},{"ptrxLocked":"30362328306386801054245049","t":1586384100000,"cRatio":"4104102417814087684","per":"1000000000000039552182602524","wtrxLocked":"30362328306439"},{"ptrxLocked":"30362328306386801054245049","t":1586385000000,"cRatio":"4101714824670046120","per":"1000000000000039552182602524","wtrxLocked":"30362328306439"},{"ptrxLocked":"30362328306386801054245049","t":1586385900000,"cRatio":"4101642242215275908","per":"1000000000000039552182602524","wtrxLocked":"30362328306439"},{"ptrxLocked":"30362275306386801056341315","t":1586386800000,"cRatio":"4099913960420928385","per":"1000000000000039552182602513","wtrxLocked":"30362275306439"},{"ptrxLocked":"30362275306386801056341315","t":1586387700000,"cRatio":"4099913960420928385","per":"1000000000000039552182602513","wtrxLocked":"30362275306439"},{"ptrxLocked":"30362275306386801056341315","t":1586388600000,"cRatio":"4099913960420928385","per":"1000000000000039552182602513","wtrxLocked":"30362275306439"},{"ptrxLocked":"30362275306386801056341315","t":1586389500000,"cRatio":"4107166696025989405","per":"1000000000000039552182602513","wtrxLocked":"30362275306439"},{"ptrxLocked":"30362275306386801056341315","t":1586390400000,"cRatio":"4108871001886591251","per":"1000000000000039552182602513","wtrxLocked":"30362275306439"},{"ptrxLocked":"30362376306385801056341315","t":1586391300000,"cRatio":"4108864388394872227","per":"1000000000000039552182602498","wtrxLocked":"30362376306439"},{"ptrxLocked":"30362376306385801056341315","t":1586392200000,"cRatio":"4103932512424751828","per":"1000000000000039552182602498","wtrxLocked":"30362376306439"},{"ptrxLocked":"30362376306385801056341315","t":1586393100000,"cRatio":"4103951959517515912","per":"1000000000000039552182602498","wtrxLocked":"30362376306439"},{"ptrxLocked":"30362376306385801056341315","t":1586394000000,"cRatio":"4118289615749933072","per":"1000000000000039552182602498","wtrxLocked":"30362376306439"},{"ptrxLocked":"30362376306385801056341315","t":1586394900000,"cRatio":"4118314750551843873","per":"1000000000000039552182602498","wtrxLocked":"30362376306439"},{"ptrxLocked":"30362376306385801056341315","t":1586395800000,"cRatio":"4118314750551843873","per":"1000000000000039552182602498","wtrxLocked":"30362376306439"},{"ptrxLocked":"30362376306385801056341315","t":1586396700000,"cRatio":"4103641540493422389","per":"1000000000000039552182602498","wtrxLocked":"30362376306439"},{"ptrxLocked":"30362376306385801056341315","t":1586397600000,"cRatio":"4098601636706641992","per":"1000000000000039552182602498","wtrxLocked":"30362376306439"},{"ptrxLocked":"30362376306385801056341315","t":1586398500000,"cRatio":"4098601636706641992","per":"1000000000000039552182602498","wtrxLocked":"30362376306439"},{"ptrxLocked":"30363376306384801056341315","t":1586399400000,"cRatio":"4083054766806205166","per":"1000000000000039552182602512","wtrxLocked":"30363376306439"},{"ptrxLocked":"30363376306384801056341315","t":1586400300000,"cRatio":"4081430092090985731","per":"1000000000000039552182602512","wtrxLocked":"30363376306439"},{"ptrxLocked":"30363376306384801056341315","t":1586401200000,"cRatio":"4079341397137657169","per":"1000000000000039552182602512","wtrxLocked":"30363376306439"},{"ptrxLocked":"30363376306384801056341315","t":1586402100000,"cRatio":"4079341397137657169","per":"1000000000000039552182602512","wtrxLocked":"30363376306439"},{"ptrxLocked":"30363376306384801056341315","t":1586403000000,"cRatio":"4079556699229742693","per":"1000000000000039552182602512","wtrxLocked":"30363376306439"},{"ptrxLocked":"30363876306383801056341315","t":1586403900000,"cRatio":"4082757722942339554","per":"1000000000000039552182602502","wtrxLocked":"30363876306439"},{"ptrxLocked":"30363876306383801056341315","t":1586404800000,"cRatio":"4082757722942339554","per":"1000000000000039552182602502","wtrxLocked":"30363876306439"},{"ptrxLocked":"30363876306383801056341315","t":1586405700000,"cRatio":"4082757722942339554","per":"1000000000000039552182602502","wtrxLocked":"30363876306439"},{"ptrxLocked":"30363876306383801056341315","t":1586406600000,"cRatio":"4064688105267285004","per":"1000000000000039552182602502","wtrxLocked":"30363876306439"},{"ptrxLocked":"30363876306383801056341315","t":1586407500000,"cRatio":"4058184056504044513","per":"1000000000000039552182602502","wtrxLocked":"30363876306439"},{"ptrxLocked":"30363876306383801056341315","t":1586408400000,"cRatio":"4058184056504044513","per":"1000000000000039552182602502","wtrxLocked":"30363876306439"},{"ptrxLocked":"30364026306382801056341315","t":1586409300000,"cRatio":"4058204104260870164","per":"1000000000000039552182602489","wtrxLocked":"30364026306439"},{"ptrxLocked":"30364026306382801056341315","t":1586410200001,"cRatio":"4066285813932557145","per":"1000000000000039552182602489","wtrxLocked":"30364026306439"},{"ptrxLocked":"30364026306382801056341315","t":1586411100000,"cRatio":"4067533449156138984","per":"1000000000000039552182602489","wtrxLocked":"30364026306439"},{"ptrxLocked":"30364026306382801056341315","t":1586412000000,"cRatio":"4071172100632775014","per":"1000000000000039552182602489","wtrxLocked":"30364026306439"},{"ptrxLocked":"30364026306382801056341315","t":1586412900000,"cRatio":"4071172100632775014","per":"1000000000000039552182602489","wtrxLocked":"30364026306439"},{"ptrxLocked":"30364026306382801056341315","t":1586413800000,"cRatio":"4071172100632775014","per":"1000000000000039552182602489","wtrxLocked":"30364026306439"},{"ptrxLocked":"30364026306382801056341315","t":1586414700000,"cRatio":"4072162692063093922","per":"1000000000000039552182602489","wtrxLocked":"30364026306439"},{"ptrxLocked":"30364026306382801056341315","t":1586415600000,"cRatio":"4072162692063093922","per":"1000000000000039552182602489","wtrxLocked":"30364026306439"},{"ptrxLocked":"30364026306382801056341315","t":1586416500000,"cRatio":"4072162692063093922","per":"1000000000000039552182602489","wtrxLocked":"30364026306439"},{"ptrxLocked":"30364026306382801056341315","t":1586417400000,"cRatio":"4074652471394045775","per":"1000000000000039552182602489","wtrxLocked":"30364026306439"},{"ptrxLocked":"30360127306382801210555275","t":1586418300000,"cRatio":"4074910497143523720","per":"1000000000000039552182602488","wtrxLocked":"30360127306439"},{"ptrxLocked":"30360378306380801210555275","t":1586419200000,"cRatio":"4075857164342270882","per":"1000000000000039552182602460","wtrxLocked":"30360378306439"},{"ptrxLocked":"30361378306379801210555275","t":1586420100000,"cRatio":"4075810328788756862","per":"1000000000000039552182602473","wtrxLocked":"30361378306439"},{"ptrxLocked":"30361378306379801210555275","t":1586421000000,"cRatio":"4079302140094957602","per":"1000000000000039552182602473","wtrxLocked":"30361378306439"},{"ptrxLocked":"30361378306379801210555275","t":1586421900000,"cRatio":"4084946464505371472","per":"1000000000000039552182602473","wtrxLocked":"30361378306439"},{"ptrxLocked":"30361378306379801210555275","t":1586422800001,"cRatio":"4086801695159333626","per":"1000000000000039552182602473","wtrxLocked":"30361378306439"},{"ptrxLocked":"30361378306379801210555275","t":1586423700001,"cRatio":"4086801695159333626","per":"1000000000000039552182602473","wtrxLocked":"30361378306439"},{"ptrxLocked":"30361378306379801210555275","t":1586424600000,"cRatio":"4085952524293335778","per":"1000000000000039552182602473","wtrxLocked":"30361378306439"},{"ptrxLocked":"30361378306379801210555275","t":1586425500000,"cRatio":"4084838423299220648","per":"1000000000000039552182602473","wtrxLocked":"30361378306439"},{"ptrxLocked":"30361578306378801210555275","t":1586426400000,"cRatio":"4081306324523781860","per":"1000000000000039552182602489","wtrxLocked":"30361578306439"},{"ptrxLocked":"30362578306377801210555275","t":1586427300000,"cRatio":"4081601933724051948","per":"1000000000000039552182602502","wtrxLocked":"30362578306439"},{"ptrxLocked":"30362578306377801210555275","t":1586428200000,"cRatio":"4080524034629855456","per":"1000000000000039552182602502","wtrxLocked":"30362578306439"},{"ptrxLocked":"30363578306376801210555275","t":1586429100000,"cRatio":"4080537565224038411","per":"1000000000000039552182602515","wtrxLocked":"30363578306439"},{"ptrxLocked":"30363578306376801210555275","t":1586430000000,"cRatio":"4082576322037586598","per":"1000000000000039552182602515","wtrxLocked":"30363578306439"},{"ptrxLocked":"30363578306376801210555275","t":1586430900000,"cRatio":"4082576322037586598","per":"1000000000000039552182602515","wtrxLocked":"30363578306439"},{"ptrxLocked":"30364679306375801210555275","t":1586431800000,"cRatio":"4087292650389287233","per":"1000000000000039552182602514","wtrxLocked":"30364679306439"},{"ptrxLocked":"30363978306374801250147010","t":1586432700001,"cRatio":"4088726761968444538","per":"1000000000000039552182602514","wtrxLocked":"30363978306439"},{"ptrxLocked":"30363978306374801250147010","t":1586433600000,"cRatio":"4088484568380503867","per":"1000000000000039552182602514","wtrxLocked":"30363978306439"},{"ptrxLocked":"30363978306374801250147010","t":1586434500000,"cRatio":"4088484568380503867","per":"1000000000000039552182602514","wtrxLocked":"30363978306439"},{"ptrxLocked":"30366979306373801250147010","t":1586435400000,"cRatio":"4081262353734480239","per":"1000000000000039552182602514","wtrxLocked":"30366979306439"},{"ptrxLocked":"30366979306373801250147010","t":1586436300000,"cRatio":"4035725326287088909","per":"1000000000000039552182602514","wtrxLocked":"30366979306439"},{"ptrxLocked":"30366979306373801250147010","t":1586437200000,"cRatio":"4030304492747065845","per":"1000000000000039552182602514","wtrxLocked":"30366979306439"},{"ptrxLocked":"30367479306372801250147010","t":1586438100000,"cRatio":"4030237164497714372","per":"1000000000000039552182602504","wtrxLocked":"30367479306439"},{"ptrxLocked":"30365715306372801319917060","t":1586439000001,"cRatio":"4041408115299757485","per":"1000000000000039552182602508","wtrxLocked":"30365715306439"},{"ptrxLocked":"30365715306372801319917060","t":1586439900000,"cRatio":"4052346821355395851","per":"1000000000000039552182602508","wtrxLocked":"30365715306439"},{"ptrxLocked":"30365715306372801319917060","t":1586440800000,"cRatio":"4061003073928133373","per":"1000000000000039552182602508","wtrxLocked":"30365715306439"},{"ptrxLocked":"30365715306372801319917060","t":1586441700000,"cRatio":"4061003073928133373","per":"1000000000000039552182602508","wtrxLocked":"30365715306439"},{"ptrxLocked":"30365715306372801319917060","t":1586442600000,"cRatio":"4061003073928133373","per":"1000000000000039552182602508","wtrxLocked":"30365715306439"},{"ptrxLocked":"30376715306371801319917060","t":1586443500000,"cRatio":"4064277224778748760","per":"1000000000000039552182602520","wtrxLocked":"30376715306439"},{"ptrxLocked":"30376715306371801319917060","t":1586444400000,"cRatio":"4066014433986359034","per":"1000000000000039552182602520","wtrxLocked":"30376715306439"},{"ptrxLocked":"30384716306370801319917060","t":1586445300000,"cRatio":"4067085391828842713","per":"1000000000000039552182602520","wtrxLocked":"30384716306439"},{"ptrxLocked":"30384716306370801319917060","t":1586446200000,"cRatio":"4065347725053298254","per":"1000000000000039552182602520","wtrxLocked":"30384716306439"},{"ptrxLocked":"30384716306370801319917060","t":1586447100000,"cRatio":"4064387087281848743","per":"1000000000000039552182602520","wtrxLocked":"30384716306439"},{"ptrxLocked":"30384716306370801319917060","t":1586448000000,"cRatio":"4051851855801373769","per":"1000000000000039552182602520","wtrxLocked":"30384716306439"},{"ptrxLocked":"30384716306370801319917060","t":1586448900000,"cRatio":"4051851855801373769","per":"1000000000000039552182602520","wtrxLocked":"30384716306439"},{"ptrxLocked":"30384716306370801319917060","t":1586449800000,"cRatio":"4044017051401668817","per":"1000000000000039552182602520","wtrxLocked":"30384716306439"},{"ptrxLocked":"30384716306370801319917060","t":1586450700000,"cRatio":"4038866710284461764","per":"1000000000000039552182602520","wtrxLocked":"30384716306439"},{"ptrxLocked":"30386716306369801319917060","t":1586451600000,"cRatio":"4030675427369362894","per":"1000000000000039552182602513","wtrxLocked":"30386716306439"},{"ptrxLocked":"30387416306367801319917060","t":1586452500000,"cRatio":"4030597322593373207","per":"1000000000000039552182602519","wtrxLocked":"30387416306439"},{"ptrxLocked":"30387916306366801319917060","t":1586453400001,"cRatio":"4026715077573627840","per":"1000000000000039552182602509","wtrxLocked":"30387916306439"},{"ptrxLocked":"30388017306365801355474472","t":1586454300000,"cRatio":"4026703715964601288","per":"1000000000000039552182602528","wtrxLocked":"30388017306439"},{"ptrxLocked":"30388017306365801355474472","t":1586455200000,"cRatio":"4026728460727363355","per":"1000000000000039552182602528","wtrxLocked":"30388017306439"},{"ptrxLocked":"30398018306364801355474472","t":1586456100000,"cRatio":"4028053697281286245","per":"1000000000000039552182602521","wtrxLocked":"30398018306439"},{"ptrxLocked":"30398018306364801355474472","t":1586457000000,"cRatio":"4031937874171494236","per":"1000000000000039552182602521","wtrxLocked":"30398018306439"},{"ptrxLocked":"30398167306363801357491633","t":1586457900000,"cRatio":"4032889099383174090","per":"1000000000000039552182602547","wtrxLocked":"30398167306439"},{"ptrxLocked":"30398167306363801357491633","t":1586458800000,"cRatio":"4032964583982590744","per":"1000000000000039552182602547","wtrxLocked":"30398167306439"},{"ptrxLocked":"30398667306362801357491633","t":1586459700000,"cRatio":"4033030919636041936","per":"1000000000000039552182602537","wtrxLocked":"30398667306439"},{"ptrxLocked":"30399567306361801357491633","t":1586460600000,"cRatio":"4028456794584098800","per":"1000000000000039552182602526","wtrxLocked":"30399567306439"},{"ptrxLocked":"30399767306360801357491633","t":1586461500000,"cRatio":"4020041352932730620","per":"1000000000000039552182602542","wtrxLocked":"30399767306439"},{"ptrxLocked":"30399868306359801357491633","t":1586462400000,"cRatio":"4017186077946521005","per":"1000000000000039552182602527","wtrxLocked":"30399868306439"},{"ptrxLocked":"30400068306358801357491633","t":1586463300000,"cRatio":"4017172893820433801","per":"1000000000000039552182602543","wtrxLocked":"30400068306439"},{"ptrxLocked":"30411069306357801357491633","t":1586464200000,"cRatio":"4006333439788714943","per":"1000000000000039552182602549","wtrxLocked":"30411069306439"},{"ptrxLocked":"30411870306356801357491633","t":1586465100001,"cRatio":"4000558861329726559","per":"1000000000000039552182602540","wtrxLocked":"30411870306439"},{"ptrxLocked":"30412210306355801357491633","t":1586466000000,"cRatio":"3996972527904290263","per":"1000000000000039552182602537","wtrxLocked":"30412210306439"},{"ptrxLocked":"30412210306355801357491633","t":1586466900000,"cRatio":"3998349909214310572","per":"1000000000000039552182602537","wtrxLocked":"30412210306439"},{"ptrxLocked":"30412710306354801357491633","t":1586467800000,"cRatio":"4001929844751399746","per":"1000000000000039552182602528","wtrxLocked":"30412710306439"},{"ptrxLocked":"30421711306353801357491633","t":1586468700000,"cRatio":"4008635636676199208","per":"1000000000000039552182602541","wtrxLocked":"30421711306439"},{"ptrxLocked":"30421711306353801357491633","t":1586469600000,"cRatio":"4026110430514731777","per":"1000000000000039552182602541","wtrxLocked":"30421711306439"},{"ptrxLocked":"30421813306352801357491633","t":1586470500000,"cRatio":"4026183429650922800","per":"1000000000000039552182602553","wtrxLocked":"30421813306439"},{"ptrxLocked":"30421813306352801357491633","t":1586471400001,"cRatio":"4024551477222019265","per":"1000000000000039552182602553","wtrxLocked":"30421813306439"},{"ptrxLocked":"30410378306351802363540950","t":1586472300000,"cRatio":"4024755544372885958","per":"1000000000000039552182602555","wtrxLocked":"30410378306439"},{"ptrxLocked":"30410378306351802363540950","t":1586473200000,"cRatio":"4025796263807190517","per":"1000000000000039552182602555","wtrxLocked":"30410378306439"},{"ptrxLocked":"30411377306348802363540950","t":1586474100000,"cRatio":"4025760537375165316","per":"1000000000000039552182602541","wtrxLocked":"30411377306439"},{"ptrxLocked":"30411377306348802363540950","t":1586475000000,"cRatio":"4026948537875192798","per":"1000000000000039552182602541","wtrxLocked":"30411377306439"},{"ptrxLocked":"30411488806347802363540950","t":1586475900001,"cRatio":"4026923665769972008","per":"1000000000000039552182602529","wtrxLocked":"30411488806439"},{"ptrxLocked":"30411488806347802363540950","t":1586476800000,"cRatio":"4027955579362127621","per":"1000000000000039552182602529","wtrxLocked":"30411488806439"},{"ptrxLocked":"30411488806347802363540950","t":1586477700001,"cRatio":"4027955579362127621","per":"1000000000000039552182602529","wtrxLocked":"30411488806439"},{"ptrxLocked":"30411613806346802363540950","t":1586478600000,"cRatio":"4026905934203274597","per":"1000000000000039552182602535","wtrxLocked":"30411613806439"},{"ptrxLocked":"30411613806346802363540950","t":1586479500000,"cRatio":"4029799695899138217","per":"1000000000000039552182602535","wtrxLocked":"30411613806439"},{"ptrxLocked":"30430612806344802363540950","t":1586480400000,"cRatio":"4036512016832531205","per":"1000000000000039552182602526","wtrxLocked":"30430612806439"},{"ptrxLocked":"30430762806343802363540950","t":1586481300000,"cRatio":"4036483522545019767","per":"1000000000000039552182602513","wtrxLocked":"30430762806439"},{"ptrxLocked":"30430762806343802363540950","t":1586482200000,"cRatio":"4036478405832991798","per":"1000000000000039552182602513","wtrxLocked":"30430762806439"},{"ptrxLocked":"30430762806343802363540950","t":1586483100000,"cRatio":"4028148102454411206","per":"1000000000000039552182602513","wtrxLocked":"30430762806439"},{"ptrxLocked":"30431262806342802363540950","t":1586484000000,"cRatio":"4010178144133161708","per":"1000000000000039552182602503","wtrxLocked":"30431262806439"},{"ptrxLocked":"30431262806342802363540950","t":1586484900000,"cRatio":"4010178144133161708","per":"1000000000000039552182602503","wtrxLocked":"30431262806439"},{"ptrxLocked":"30431262806342802363540950","t":1586485800001,"cRatio":"4003235669751771796","per":"1000000000000039552182602503","wtrxLocked":"30431262806439"},{"ptrxLocked":"30431262806342802363540950","t":1586486700000,"cRatio":"4002977013806861113","per":"1000000000000039552182602503","wtrxLocked":"30431262806439"},{"ptrxLocked":"30431262806342802363540950","t":1586487600001,"cRatio":"3996391070934452041","per":"1000000000000039552182602503","wtrxLocked":"30431262806439"},{"ptrxLocked":"30431262806342802363540950","t":1586488500000,"cRatio":"3996391070934452041","per":"1000000000000039552182602503","wtrxLocked":"30431262806439"},{"ptrxLocked":"30431262806342802363540950","t":1586489400000,"cRatio":"3976434838055184342","per":"1000000000000039552182602503","wtrxLocked":"30431262806439"},{"ptrxLocked":"30431262806342802363540950","t":1586490300000,"cRatio":"3970254039829408750","per":"1000000000000039552182602503","wtrxLocked":"30431262806439"},{"ptrxLocked":"30431262806342802363540950","t":1586491200000,"cRatio":"3961944230352236669","per":"1000000000000039552182602503","wtrxLocked":"30431262806439"},{"ptrxLocked":"30431262806342802363540950","t":1586492100000,"cRatio":"3961944230352236669","per":"1000000000000039552182602503","wtrxLocked":"30431262806439"},{"ptrxLocked":"30431262806342802363540950","t":1586493000000,"cRatio":"3912111062185176100","per":"1000000000000039552182602503","wtrxLocked":"30431262806439"}]
12:38:44.433 [TestNG-tests-1] INFO tron.common.TronscanApiList - message:SUCCESS
12:38:44.433 [TestNG-tests-1] INFO tron.common.TronscanApiList - JSON content size are: 3
12:38:44.433 [TestNG-tests-1] INFO tron.common.TronscanApiList - ----------------------------Print JSON End-----------------------------
]]></system-out>
  <system-err><![CDATA[]]></system-err>
</testsuite>
