<?xml version="1.0" encoding="UTF-8"?>
<testsuite name="tron.djed.CdpInfo" tests="3" skipped="0" failures="0" errors="0" timestamp="2020-04-10T04:38:40" hostname="zhukaideiMac.local" time="1.986">
  <properties/>
  <testcase name="cdpInfoAll" classname="tron.djed.CdpInfo" time="0.718"/>
  <testcase name="cdpInfoId" classname="tron.djed.CdpInfo" time="0.503"/>
  <testcase name="cdpInfoLatest" classname="tron.djed.CdpInfo" time="0.765"/>
  <system-out><![CDATA[http://api.just.network/scan/cdpInfo/getAll
12:38:40.305 [TestNG-tests-1] DEBUG org.apache.http.impl.conn.PoolingClientConnectionManager - Connection request: [route: {}->http://api.just.network:80][total kept alive: 0; route allocated: 0 of 80; total allocated: 0 of 100]
12:38:40.305 [TestNG-tests-1] DEBUG org.apache.http.impl.conn.PoolingClientConnectionManager - Connection leased: [id: 5][route: {}->http://api.just.network:80][total kept alive: 0; route allocated: 1 of 80; total allocated: 1 of 100]
12:38:40.305 [TestNG-tests-1] DEBUG org.apache.http.impl.conn.DefaultClientConnectionOperator - Connecting to api.just.network:80
12:38:40.541 [TestNG-tests-1] DEBUG org.apache.http.client.protocol.RequestAddCookies - CookieSpec selected: default
12:38:40.541 [TestNG-tests-1] DEBUG org.apache.http.client.protocol.RequestAuthCache - Auth cache not set in the context
12:38:40.541 [TestNG-tests-1] DEBUG org.apache.http.client.protocol.RequestTargetAuthentication - Target auth state: UNCHALLENGED
12:38:40.542 [TestNG-tests-1] DEBUG org.apache.http.client.protocol.RequestProxyAuthentication - Proxy auth state: UNCHALLENGED
12:38:40.542 [TestNG-tests-1] DEBUG org.apache.http.impl.client.DefaultHttpClient - Attempt 1 to execute request
12:38:40.542 [TestNG-tests-1] DEBUG org.apache.http.impl.conn.DefaultClientConnection - Sending request: GET /scan/cdpInfo/getAll HTTP/1.1
12:38:40.542 [TestNG-tests-1] DEBUG org.apache.http.wire -  >> "GET /scan/cdpInfo/getAll HTTP/1.1[\r][\n]"
12:38:40.542 [TestNG-tests-1] DEBUG org.apache.http.wire -  >> "Content-type: application/json; charset=utf-8[\r][\n]"
12:38:40.542 [TestNG-tests-1] DEBUG org.apache.http.wire -  >> "Connection: Close[\r][\n]"
12:38:40.542 [TestNG-tests-1] DEBUG org.apache.http.wire -  >> "Host: api.just.network[\r][\n]"
12:38:40.542 [TestNG-tests-1] DEBUG org.apache.http.wire -  >> "User-Agent: Apache-HttpClient/4.5.3 (Java/1.8.0_211)[\r][\n]"
12:38:40.542 [TestNG-tests-1] DEBUG org.apache.http.wire -  >> "[\r][\n]"
12:38:40.542 [TestNG-tests-1] DEBUG org.apache.http.headers - >> GET /scan/cdpInfo/getAll HTTP/1.1
12:38:40.542 [TestNG-tests-1] DEBUG org.apache.http.headers - >> Content-type: application/json; charset=utf-8
12:38:40.542 [TestNG-tests-1] DEBUG org.apache.http.headers - >> Connection: Close
12:38:40.542 [TestNG-tests-1] DEBUG org.apache.http.headers - >> Host: api.just.network
12:38:40.542 [TestNG-tests-1] DEBUG org.apache.http.headers - >> User-Agent: Apache-HttpClient/4.5.3 (Java/1.8.0_211)
12:38:40.783 [TestNG-tests-1] DEBUG org.apache.http.wire -  << "HTTP/1.1 200 [\r][\n]"
12:38:40.784 [TestNG-tests-1] DEBUG org.apache.http.wire -  << "Server: nginx/1.16.1[\r][\n]"
12:38:40.784 [TestNG-tests-1] DEBUG org.apache.http.wire -  << "Date: Fri, 10 Apr 2020 04:38:40 GMT[\r][\n]"
12:38:40.784 [TestNG-tests-1] DEBUG org.apache.http.wire -  << "Content-Type: application/json;charset=UTF-8[\r][\n]"
12:38:40.784 [TestNG-tests-1] DEBUG org.apache.http.wire -  << "Content-Length: 20699[\r][\n]"
12:38:40.784 [TestNG-tests-1] DEBUG org.apache.http.wire -  << "Connection: close[\r][\n]"
12:38:40.784 [TestNG-tests-1] DEBUG org.apache.http.wire -  << "Cache-Control: no-cache, no-store, must-revalidate[\r][\n]"
12:38:40.784 [TestNG-tests-1] DEBUG org.apache.http.wire -  << "[\r][\n]"
12:38:40.784 [TestNG-tests-1] DEBUG org.apache.http.impl.conn.DefaultClientConnection - Receiving response: HTTP/1.1 200 
12:38:40.784 [TestNG-tests-1] DEBUG org.apache.http.headers - << HTTP/1.1 200 
12:38:40.784 [TestNG-tests-1] DEBUG org.apache.http.headers - << Server: nginx/1.16.1
12:38:40.784 [TestNG-tests-1] DEBUG org.apache.http.headers - << Date: Fri, 10 Apr 2020 04:38:40 GMT
12:38:40.784 [TestNG-tests-1] DEBUG org.apache.http.headers - << Content-Type: application/json;charset=UTF-8
12:38:40.784 [TestNG-tests-1] DEBUG org.apache.http.headers - << Content-Length: 20699
12:38:40.784 [TestNG-tests-1] DEBUG org.apache.http.headers - << Connection: close
12:38:40.784 [TestNG-tests-1] DEBUG org.apache.http.headers - << Cache-Control: no-cache, no-store, must-revalidate
http://api.just.network/scan/cdpInfo/getAll 请求总耗时：479 毫秒
12:38:40.785 [TestNG-tests-1] DEBUG org.apache.http.wire -  << "{"code":0,"data":[{"address":"TBQMnML1cE5S49vTekKK83mW29GrwzZSg4","ptrxHold":"159000000000000000000","cdpId":1,"lasteventTime":1585915410000,"liqPrice":"4716981132075285","cRatio":"4120286931060762966341072106","id":1,"state":0,"debt":"500000000000000000"},{"address":"TQhrTyYSdfWN6sS3iquHYpkrrBmzmjJR1P","ptrxHold":"0","cdpId":2,"lasteventTime":1585909866000,"liqPrice":"0","cRatio":"0","id":2,"state":0,"debt":"0"},{"address":"TPLZRCGTkdcXtQ7snqhUbay3oK2s2Q5q7L","ptrxHold":"102246912000000000000","cdpId":3,"lasteventTime":1585921128000,"liqPrice":"146703697027050","cRatio":"132480067690226382915828478500","id":3,"state":0,"debt":"10000000000000000"},{"address":"TVpiHGTAfdWnrr8x3jePgUn1LXjMTya9Pn","ptrxHold":"5123456000000000000","cdpId":4,"lasteventTime":1585910589000,"liqPrice":"2927711294875843","cRatio":"6638398993290834083169171000","id":4,"state":0,"debt":"10000000000000000"},{"address":"TNfNDUriZAT1d6wsuuJWjhTKgoxjguKh4B","ptrxHold":"100010000000000000000","cdpId":5,"lasteventTime":1585911384000,"liqPrice":"1499850014998441","cRatio":"12958172829414682524017944070","id":5,"state":0,"debt":"100000000000000000"},{"address":"TLipJxwgDbn7FaQCnECxiYdxFTBhshLiW3","ptrxHold":"5123456000000000000","cdpId":6,"lasteventTime":1585912599000,"liqPrice":"2927711294875843","cRatio":"6638398993290834083169171000","id":6,"state":0,"debt":"10000000000000000"},{"address":"TQE7vtajbSHZFnKUCjruxyaKMeYbRGPUGC","ptrxHold":"142000000000000000000","cdpId":7,"lasteventTime":1585915254000,"liqPrice":"3169014084506917","cRatio":"6132921847071575903778115713","id":7,"state":0,"debt":"300000000000000000"},{"address":"TWqX5nyCDUT1FSbGCsFsXzb3sDWcCniAxR","ptrxHold":"100800000000000000000","cdpId":8,"lasteventTime":1585918434000,"liqPrice":"7440476190475896","cRatio":"2612106431766823314510566468","id":8,"state":0,"debt":"500000000000000000"},{"address":"TWj8Si9Wb7ooPb6KxRvsW4eYDHaX2sopZD","ptrxHold":"101000000000000000000","cdpId":9,"lasteventTime":1585917087000,"liqPrice":"8910891089108558","cRatio":"2181074318852919599583062278","id":9,"state":0,"debt":"600000000000000000"},{"address":"TGJzWmynBV76eKDsri2APRhaPgM9UsMGu9","ptrxHold":"111000000000000000000","cdpId":10,"lasteventTime":1586155002000,"liqPrice":"2702702702702596","cRatio":"7191066813643784422387720185","id":10,"state":0,"debt":"200000000000000000"},{"address":"TEuA6f6s9GySY2K4Sead2L1EQcd6ZQ6oZH","ptrxHold":"100123456000000039552","cdpId":11,"lasteventTime":1586325888000,"liqPrice":"29038223977612","cRatio":"669301115919969395127549050687","id":11,"state":0,"debt":"1938271560493825"},{"address":"TJ4LQazV5KTkrd8fEuNXUavqtGCDQTM9oJ","ptrxHold":"103000000000000000000","cdpId":12,"lasteventTime":1585918812000,"liqPrice":"4368932038834779","cRatio":"4448527818650509282317929003","id":12,"state":0,"debt":"300000000000000000"},{"address":"TKYxiF4Do98XbiykBwztb6xbaFqDcAYKtD","ptrxHold":"1000000000000000000000","cdpId":13,"lasteventTime":1585987173000,"liqPrice":"2999999999999881","cRatio":"6478438570850256236385333500","id":13,"state":0,"debt":"2000000000000000000"},{"address":"TVP8tFJx9L22eAYZhq2v1DeZDQ6UzdBCX3","ptrxHold":"30200200000000000000000000","cdpId":14,"lasteventTime":1585987653000,"liqPrice":"5016572737928689","cRatio":"3874221849831029561887196142","id":14,"state":0,"debt":"101001000000000000000000"},{"address":"TH4JLQtNjpy9HfqoNJhBuF3v1vHBPxtBVT","ptrxHold":"400000000000000000000","cdpId":15,"lasteventTime":1585970253000,"liqPrice":"7499999999999703","cRatio":"2591375428340102494554133400","id":15,"state":0,"debt":"2000000000000000000"},{"address":"TXNABQX4cE4ZHEWqSPgPUxnUV1rZpxb4zx","ptrxHold":"1000000000000000000000","cdpId":16,"lasteventTime":1586015016000,"liqPrice":"8849999999999650","cRatio":"2196080871474663130978079153","id":16,"state":0,"debt":"5900000000000000000"},{"address":"TAxcic2KANbozgu3qYJigDgZK3asEHBXwH","ptrxHold":"18299999999999310974164","cdpId":17,"lasteventTime":1586403438000,"liqPrice":"11434426229508175","cRatio":"1699719366975702155043718255","id":17,"state":0,"debt":"139500000000000000000"},{"address":"TZAJyiDVhcWAaHsoSuDHp33BtAiQ87sWqz","ptrxHold":"101001000000012827093","cdpId":18,"lasteventTime":1586468955000,"liqPrice":"29702676211122","cRatio":"654328774094529829665198152000","id":18,"state":0,"debt":"2000000000000000"},{"address":"TSJF1Stf4D1gYZLNWkNNcUvqoxqdpKzR5Q","ptrxHold":"0","cdpId":19,"lasteventTime":1586213088000,"liqPrice":"0","cRatio":"0","id":19,"state":1,"debt":"0"},{"address":"TLQ7VyXu8cfoQAFo4q5qmZf33nFTc9Jxb6","ptrxHold":"222227349800611269146","cdpId":20,"lasteventTime":1586214735000,"liqPrice":"13499688506799758","cRatio":"1439686234446112045675452092","id":20,"state":0,"debt":"2000000000000000000"},{"address":"TQZLMY44jQR4pWNijs8dX3iasaVCB5AfPk","ptrxHold":"200000000000000000000","cdpId":21,"lasteventTime":1585985925000,"liqPrice":"7499999999999703","cRatio":"2591375428340102494554133400","id":21,"state":0,"debt":"1000000000000000000"},{"address":"TUKCcRWsATfHY43jbJoyDSMsGhTV93EMH2","ptrxHold":"99000000000000000000000","cdpId":22,"lasteventTime":1586079564000,"liqPrice":"757575757576","cRatio":"25654616740567014696085920660000","id":22,"state":0,"debt":"50000000000000000"},{"address":"TMz"
12:38:40.785 [TestNG-tests-1] DEBUG org.apache.http.wire -  << "ftztGnJCgzJLhhapNdG1sPwfuPKJJmq","ptrxHold":"101000000000000000000","cdpId":23,"lasteventTime":1586000571000,"liqPrice":"14851485148514","cRatio":"1308644591311751759749837367000","id":23,"state":0,"debt":"1000000000000000"},{"address":"TLtEGPfL6u1aQEtVRRWB7G7UbcCoieMhnz","ptrxHold":"130000000000018491727","cdpId":24,"lasteventTime":1586368350000,"liqPrice":"11538461538459441","cRatio":"1684394028421306216495063576","id":24,"state":0,"debt":"1000000000000000000"},{"address":"TQrSgKaHkvSXkmdt1aoEod5rRu8RBSUeRe","ptrxHold":"101000000000000000000","cdpId":25,"lasteventTime":1586015268000,"liqPrice":"14851485148514","cRatio":"1308644591311751759749837367000","id":25,"state":0,"debt":"1000000000000000"},{"address":"TMC2JnqXuUtennmup2orLVZD2UYtE2dwM9","ptrxHold":"1009000000000000000000","cdpId":26,"lasteventTime":1586022873000,"liqPrice":"5265418583858067","cRatio":"3691124533219805920306145836","id":26,"state":0,"debt":"3541871567408666660"},{"address":"TBCkWokjXYpPMV44zWQcYSscxTjQVEQEUe","ptrxHold":"3194999999999963911908","cdpId":27,"lasteventTime":1586288499000,"liqPrice":"7511737089201666","cRatio":"2587326404233291860095497418","id":27,"state":0,"debt":"16000000000000000000"},{"address":"TBjfEGquGZiofeLC8bHqyCELJHwNE5GXec","ptrxHold":"200000000000000000000","cdpId":28,"lasteventTime":1586052846000,"liqPrice":"750000000000","cRatio":"25913754283401024945541334000000","id":28,"state":0,"debt":"100000000000000"},{"address":"TH6umeFGNq4iWQ3T6wSYGZej2Emwq9TD7z","ptrxHold":"101000000000000000000","cdpId":29,"lasteventTime":1586064084000,"liqPrice":"14851485148514","cRatio":"1308644591311751759749837367000","id":29,"state":0,"debt":"1000000000000000"},{"address":"TU5skxQhjBs9mVp4JdcnbyPUE6JfkgsYYg","ptrxHold":"200000000000000000000","cdpId":30,"lasteventTime":1586077389000,"liqPrice":"8999999999999644","cRatio":"2159479523616752078795111167","id":30,"state":0,"debt":"1200000000000000000"},{"address":"TUAv4ebVubCs2JKiSDZieRGg8MsEg92NBU","ptrxHold":"9100000000000000000000","cdpId":31,"lasteventTime":1586157936000,"liqPrice":"3296703296703","cRatio":"5895379099473733175110653485000","id":31,"state":0,"debt":"20000000000000000"},{"address":"TGcQGXxrUXo1ZpBVmopq1KjywnMdio4fdh","ptrxHold":"500000000000000000000","cdpId":32,"lasteventTime":1586091135000,"liqPrice":"5999999999999763","cRatio":"3239219285425128118192666750","id":32,"state":0,"debt":"2000000000000000000"},{"address":"TNbMecHGSBebVgAe9cTtTkgkFvfudd9n9Z","ptrxHold":"101000000000000000000","cdpId":33,"lasteventTime":1586097642000,"liqPrice":"1031722871287","cRatio":"18837728864442238255751924043038","id":33,"state":0,"debt":"69469340000000"},{"address":"TFCR3gGpYEWpR8WoCJALdMjzVr2h2tgaE8","ptrxHold":"103750800000000826746","cdpId":34,"lasteventTime":1586189574000,"liqPrice":"1447217756393135","cRatio":"13429434255276246168893949151","id":34,"state":0,"debt":"100100000000000000"},{"address":"TSqm17LtNgLhfmMHiqs5VmUE6EGx7fVixT","ptrxHold":"1000000000000000000000","cdpId":35,"lasteventTime":1586106438000,"liqPrice":"14999999999999","cRatio":"1295687714170051247277066700000","id":35,"state":0,"debt":"10000000000000000"},{"address":"TAdwvb1Lo2K99QX1Y9YAqvKqTrNbrsHaJi","ptrxHold":"201000000000000000000","cdpId":36,"lasteventTime":1586111085000,"liqPrice":"5970149253731107","cRatio":"3255415381852253758783630084","id":36,"state":0,"debt":"800000000000000000"},{"address":"TQUYC4Ej6c97zazDqf2xLexmoxfurgrNpF","ptrxHold":"999999999999976545674","cdpId":37,"lasteventTime":1586119455000,"liqPrice":"1499999999999976","cRatio":"12956877141700208577950243608","id":37,"state":0,"debt":"1000000000000000000"},{"address":"TTUmEs2Cb39aunB1YWdN4AA3impAe7iTL9","ptrxHold":"999999999999976545674","cdpId":38,"lasteventTime":1586122128000,"liqPrice":"7499999999999879","cRatio":"2591375428340041715590048722","id":38,"state":0,"debt":"5000000000000000000"},{"address":"TVj5CtmAo3i9Q74XJRQiWoV1tT7RVGdtXB","ptrxHold":"249999999999994136418","cdpId":39,"lasteventTime":1586131365000,"liqPrice":"5999999999999903","cRatio":"3239219285425052144481082463","id":39,"state":0,"debt":"1000000000000000000"},{"address":"TSpydtLefoNBJojqkWqvRRjLSDJDQPtR5J","ptrxHold":"0","cdpId":40,"lasteventTime":1586243487000,"liqPrice":"0","cRatio":"0","id":40,"state":1,"debt":"0"},{"address":"TRTLspPrssGqvFQiWfcAMvixSNDp7AH8p4","ptrxHold":"8999999999999788911064","cdpId":41,"lasteventTime":1586144052000,"liqPrice":"4499999999999928","cRatio":"4318959047233402859315788101","id":41,"state":0,"debt":"27000000000000000000"},{"address":"TPycJcnHB6ZrEgPLM2gT1fgM635qMVQHxH","ptrxHold":"1150999999999973004070","cdpId":42,"lasteventTime":1586275131000,"liqPrice":"13717636837532360","cRatio":"1416812235426272095117870204","id":42,"state":0,"debt":"10526000000000000000"},{"address":"TMfSXJ6ZqD5MRcPLmQ9LpeUg4pPAmAR7WY","ptrxHold":"199999999999995309135","cdpId":43,"lasteventTime":1586147631000,"liqPrice":"12922499999999792","cRatio":"1503990382089403201156494543","id":43,"state":0,"debt":"1723000000000000000"},{"address":"TGsa93DqQ83itWz1xEGfXTriTHYZn3Krau","ptrxHold":"199999999999995309135","cdpId":44,"lasteventTime":1586149962000,"liqPrice":"749999999999988","cRatio":"25913754283400417155926400970","id":44,"state":0,"debt":"100000000000000000"},{"address":"TMM2RywX7TkBwYgsbNhHfxFf3zHDoyaM9L","ptrxHold":"216999999999994910411","cdpId":45,"lasteventTime":1586151981000,"liqPrice":"9331797235022891","cRatio":"2082698029443663156601377770","id":45,"state":0,"debt":"1350000000000000000"},{"address":"TQzzUAGmu84PFEKEEUsKTQXXJXL1ioNvHK","ptrxHold":"1550999999999954752421","cdpId":46,"lasteventTime":1586426976000,"liqPrice":"967117988394574","cRatio":"20096116446776908577945242129","id":46,"state":0,"debt":"1000000000000000000"},{"address":"TXYqqoFA8r5XGZpRQixXrodPX5FqC5Fqbg","ptrxHold":"1999999999999936993491","cdpId":47,"lasteventTime":1586403204000,"liqPrice":"7499999999999940","cRatio":"2591375428340020857794509355","id":47,"state":0,"debt":"10000000000000000000"},{"address":"THxHSqVg35yd8ZPy1x7FVwuj7uJ9iD94cz","ptrxHold":"1999999999999953091348","cdpId":48,"lasteventTime":1586198799000,"liqPrice":"7499999999999879","cRatio":"2591375428340041715590048722","id":48,"state":0,"debt":"10000000000000000000"},{"address":"TBhhGi8pfCo213GcLRSzTR8mCpc74WbwUE","ptrxHold":"601999999999982661694","cdpId":49,"lasteventTime":1586382324000,"liqPrice":"13689368770763972","cRatio":"1419737903040313771078859542","id":49,"state":0,"debt":"5494000000000000000"},{"address":"TSJF1Stf4D1gYZLNWkNNcUvqoxqdpKzR5Q","ptrxHold":"250899999999991702228","cdpId":50,"lasteventTime":1586409168000,"liqPrice":"0","cRatio":"0","id":50,"state":0,"debt":"0"},{"address":"TQ2nTYLJwPytPBwqdDCWwDrGz6wR7k25JT","ptrxHold":"399999999999984180742","cdpId":51,"lasteventTime":1586236521000,"liqPrice":"7500000000000000","cRatio":"2591375428340000010462943969","id":51,"state":0,"debt":"2000000000000000000"},{"address":"TMi8b7dZEXChEci9iL3Fa8HpQtLMwdSZZr","ptrxHold":"724999999999971327596","cdpId":52,"lasteventTime":1586240490000,"liqPrice":"5172413793103448","cRatio":"3757494371093000015177099349","id":52,"state":0,"debt":"2500000000000000000"},{"address":"TEeE66SbNUu7UZu4E5cdbbWbVXN9crAqbN","ptrxHold":"100999999999996006183","cdpId":53,"lasteventTime":1586246685000,"liqPrice":"1485148514851","cRatio":"13086445913117000123536419320000","id":53,"state":0,"debt":"100000000000000"},{"address":"TN7tWgTtrCjfm7C9AKBcHQwmBKjSq1gWiz","ptrxHold":"399999999999984180742","cdpId":54,"lasteventTime":1586241792000,"liqPrice":"7500000000000000","cRatio":"2591375428340000010462943969","id":54,"state":0,"debt":"2000000000000000000"},{"address":"TSpydtLefoNBJojqkWqvRRjLSDJDQPtR5J","ptrxHold":"0","cdpId":55,"lasteventTime":1586244201000,"liqPrice":"0","cRatio":"0","id":55,"state":1,"debt":"0"},{"address":"TLWwHPKqV6A31kECNY8A7HKfKW5ifuHiDk","ptrxHold":"100999999999996005480","cdpId":56,"lasteventTime":1586250579000,"liqPrice":"2970297029702970","cRatio":"6543222956558500016224786505","id":56,"state":0,"debt":"200000000000000000"},{"address":"TH55hzcMynjzJSFq2wNCwSCknuE6H9qFmo","ptrxHold":"119999999999995254035","cdpId":57,"last"
12:38:41.019 [TestNG-tests-1] DEBUG org.apache.http.wire -  << "eventTime":1586252550000,"liqPrice":"13762500000000000","cRatio":"1412193693918256134284338083","id":57,"state":0,"debt":"1101000000000000000"},{"address":"TSpydtLefoNBJojqkWqvRRjLSDJDQPtR5J","ptrxHold":"0","cdpId":58,"lasteventTime":1586260518000,"liqPrice":"0","cRatio":"0","id":58,"state":1,"debt":"0"},{"address":"TSpydtLefoNBJojqkWqvRRjLSDJDQPtR5J","ptrxHold":"0","cdpId":59,"lasteventTime":1586263896000,"liqPrice":"0","cRatio":"0","id":59,"state":1,"debt":"0"},{"address":"TSpydtLefoNBJojqkWqvRRjLSDJDQPtR5J","ptrxHold":"0","cdpId":60,"lasteventTime":1586264415000,"liqPrice":"0","cRatio":"0","id":60,"state":1,"debt":"0"},{"address":"TTVmShX5MBY8ot1ik3RHhHHyMDYNbRE6ry","ptrxHold":"100999999999996005230","cdpId":61,"lasteventTime":1586265681000,"liqPrice":"4997524752475248","cRatio":"3888988384284398216956130805","id":61,"state":0,"debt":"336500000000000000"},{"address":"THuXM63ckuZ3YUAXbw6envVReYMV8FsdkF","ptrxHold":"100999999999996005230","cdpId":62,"lasteventTime":1586311383000,"liqPrice":"5940594059405941","cRatio":"3271611478279250000014345040","id":62,"state":0,"debt":"400000000000000000"},{"address":"TJ5tbSznfZLRnjDiFQxzvto1UiaRV4mtVx","ptrxHold":"499999999999980223909","cdpId":63,"lasteventTime":1586328768000,"liqPrice":"12000000000000000","cRatio":"1619609642712500000000975853","id":63,"state":0,"debt":"4000000000000000000"},{"address":"TWRSxgckEoYHbsMUgVsLpG3tvwYrnf4h6g","ptrxHold":"199999999999992089563","cdpId":64,"lasteventTime":1586368569000,"liqPrice":"9750000000000000","cRatio":"1993365714107692307687528645","id":64,"state":0,"debt":"1300000000000000000"},{"address":"TRNFDwovCknjLu3m2NvWEKfgNPQT2vuUZU","ptrxHold":"104999999999995847021","cdpId":65,"lasteventTime":1586373759000,"liqPrice":"7142857142857","cRatio":"2720944199757000000004489946000","id":65,"state":0,"debt":"500000000000000"},{"address":"THRXJhXrG1Duvx7Zauji8EvkxRQUCHC8Gi","ptrxHold":"100999999999996005230","cdpId":66,"lasteventTime":1586418459000,"liqPrice":"1500000000000000","cRatio":"12956877141700000000056812040","id":66,"state":0,"debt":"101000000000000000"},{"address":"TKUzjyHfCRxUtdhtHSeKqyzZLVdwFgEgBb","ptrxHold":"104999999999995847021","cdpId":67,"lasteventTime":1586396484000,"liqPrice":"9296731884935714","cRatio":"2090553535704594836467354671","id":67,"state":0,"debt":"650771231945499999"},{"address":"TDkrw79sajkwJvSS1aQv2pdVprmQj5qfS7","ptrxHold":"548999999999978285852","cdpId":68,"lasteventTime":1586386746000,"liqPrice":"13661202185792350","cRatio":"1422665110158660000000644696","id":68,"state":0,"debt":"5000000000000000000"},{"address":"THrGXb2JWQjJae3EfxLR7f75nqDvAkyQPG","ptrxHold":"100999999999996005230","cdpId":69,"lasteventTime":1586393325000,"liqPrice":"
12:38:41.020 [TestNG-tests-1] DEBUG org.apache.http.wire -  << ""13678219306930693","cRatio":"1420895167450796150842695909","id":69,"state":0,"debt":"921000100000000000"},{"address":"TXrYjxzi8MWSWwa6C7SRcDk4n3rqE2PNgf","ptrxHold":"499999999999980223909","cdpId":70,"lasteventTime":1586403072000,"liqPrice":"13500000000000000","cRatio":"1439653015744444444445311869","id":70,"state":0,"debt":"4500000000000000000"},{"address":"TCVdEYTsHiYGv6DwncapGcB8wFrYgTF6yo","ptrxHold":"250999999999990072403","cdpId":71,"lasteventTime":1586418816000,"liqPrice":"5976095617529880","cRatio":"3252176162566700000010796102","id":71,"state":0,"debt":"1000000000000000000"},{"address":"TRMaz5sMqLn3K1dPLnjd4f34aWRvVkvwA6","ptrxHold":"3499999999999861567361","cdpId":72,"lasteventTime":1586483505000,"liqPrice":"4285714285714286","cRatio":"4534906999595000000000141012","id":72,"state":0,"debt":"10000000000000000000"},{"address":"TUqCwEdr99ZzswfsX3j7Loumzfgs3qD5r4","ptrxHold":"42706999999998310844937","cdpId":73,"lasteventTime":1586471889000,"liqPrice":"13452127285925024","cRatio":"1444776376215618537858987737","id":73,"state":0,"debt":"383000000000000000000"},{"address":"TATE35m1seDKyNeTKF8QvmPUYNskeMgrWM","ptrxHold":"499999999999980223909","cdpId":74,"lasteventTime":1586437629000,"liqPrice":"10080000000000000","cRatio":"1928106717514880952382114110","id":74,"state":0,"debt":"3360000000000000000"},{"address":"TTB615vmhCpGz3L7heSRh7L5huvjYTeHjJ","ptrxHold":"499999999999980223909","cdpId":75,"lasteventTime":1586451993000,"liqPrice":"9000000000000000","cRatio":"2159479523616666666667967804","id":75,"state":0,"debt":"3000000000000000000"},{"address":"THWhSu88iDPrDTfVB5mfLxrVoDSx6JP52w","ptrxHold":"199999999999992089563","cdpId":76,"lasteventTime":1586452260000,"liqPrice":"9750000000000000","cRatio":"1993365714107692307687528645","id":76,"state":0,"debt":"1300000000000000000"},{"address":"TLJKoqsEGTmevk9uoSQwB3NfszQn1TFdRT","ptrxHold":"19999999999999208956348","cdpId":77,"lasteventTime":1586479794000,"liqPrice":"5250000750000000","cRatio":"3701964368776518746211617026","id":77,"state":0,"debt":"70000010000000000000"},{"address":"TPKy8QmwgHrV2zCTEEKu1Qz3SbVySbQx4v","ptrxHold":"148999999999994106724","cdpId":78,"lasteventTime":1586457840000,"liqPrice":"11073825503355705","cRatio":"1755067903739363636354304774","id":78,"state":0,"debt":"1100000000000000000"},{"address":"THhuQy3rYv56XAcr1998gigFXxMM9PrcWe","ptrxHold":"199999999999992089563","cdpId":79,"lasteventTime":1586461227000,"liqPrice":"7500000000000000","cRatio":"2591375428339999999993787238","id":79,"state":0,"debt":"1000000000000000000"},{"address":"TFYG5hrKA8rguCSxJy5wfVfxMJ7EqU5D14","ptrxHold":"100999999999996005230","cdpId":80,"lasteventTime":1586461905000,"liqPrice":"8910891089108911","c"
12:38:41.021 [TestNG-tests-1] DEBUG org.apache.http.wire -  << "Ratio":"2181074318852833333342896693","id":80,"state":0,"debt":"600000000000000000"},{"address":"TESM2Kew8tnGsxnPzSvNbqSRbyGKdWJKbD","ptrxHold":"199999999999992089563","cdpId":81,"lasteventTime":1586462682000,"liqPrice":"7500000000000000","cRatio":"2591375428339999999993787238","id":81,"state":0,"debt":"1000000000000000000"},{"address":"TS5Kei7hvEcTmwYXAzS4y1fDbQ6dkv1yX8","ptrxHold":"339999999999986552258","cdpId":82,"lasteventTime":1586465655000,"liqPrice":"13235294117647059","cRatio":"1468446076059333333333699831","id":82,"state":0,"debt":"3000000000000000000"},{"address":"TJLkUzSZSw2KfbUN77QotY7d3P8XhSq3jd","ptrxHold":"101999999999995965677","cdpId":83,"lasteventTime":1586469855000,"liqPrice":"7352941176470588","cRatio":"2643202936906799999990294194","id":83,"state":0,"debt":"500000000000000000"},{"address":"TRURwQ1C6E3TyGjkis5BL4acvH53Mo8spQ","ptrxHold":"499999999999980223909","cdpId":84,"lasteventTime":1586473722000,"liqPrice":"6000000000000000","cRatio":"3239219285425000000001951706","id":84,"state":0,"debt":"2000000000000000000"},{"address":"TDj9wQMfw9zkvQ4ZC472DZfaqacS4SoCb1","ptrxHold":"498999999999980263461","cdpId":85,"lasteventTime":1586473929000,"liqPrice":"6742484969939880","cRatio":"2882515244631431119037689457","id":85,"state":0,"debt":"2243000000000000000"},{"address":"TP21aBSH3358eJF92cqVZgxidj68DpNFTz","ptrxHold":"111499999999995589932","cdpId":86,"lasteventTime":1586475108000,"liqPrice":"13465964125560538","cRatio":"1443291808245551814744364792","id":86,"state":0,"debt":"1000970000000000000"},{"address":"TXWNV8V9n78wXCniPmDRnPacXMqrDdH5br","ptrxHold":"124999999999995055977","cdpId":87,"lasteventTime":1586478516000,"liqPrice":"6000000000000000","cRatio":"3239219285424999999995473266","id":87,"state":0,"debt":"500000000000000000"},{"address":"TAXDAcdhQ5HjmtA3X2BP8CRyaMiQJpbK21","ptrxHold":"149999999999994067173","cdpId":88,"lasteventTime":1586481534000,"liqPrice":"13490000000000000","cRatio":"1440720215904373610085291391","id":88,"state":0,"debt":"1349000000000000000"}],"message":"SUCCESS"}"
12:38:41.021 [TestNG-tests-1] DEBUG org.apache.http.impl.conn.DefaultClientConnection - Connection 0.0.0.0:53157<->3.12.242.83:80 closed
12:38:41.021 [TestNG-tests-1] DEBUG org.apache.http.impl.conn.PoolingClientConnectionManager - Connection released: [id: 5][route: {}->http://api.just.network:80][total kept alive: 0; route allocated: 0 of 80; total allocated: 0 of 100]
12:38:41.022 [TestNG-tests-1] INFO tron.common.TronscanApiList - ----------------------------Print JSON Start---------------------------
12:38:41.022 [TestNG-tests-1] INFO tron.common.TronscanApiList - code:0
12:38:41.023 [TestNG-tests-1] INFO tron.common.TronscanApiList - data:[{"address":"TBQMnML1cE5S49vTekKK83mW29GrwzZSg4","ptrxHold":"159000000000000000000","cdpId":1,"lasteventTime":1585915410000,"liqPrice":"4716981132075285","cRatio":"4120286931060762966341072106","id":1,"state":0,"debt":"500000000000000000"},{"address":"TQhrTyYSdfWN6sS3iquHYpkrrBmzmjJR1P","ptrxHold":"0","cdpId":2,"lasteventTime":1585909866000,"liqPrice":"0","cRatio":"0","id":2,"state":0,"debt":"0"},{"address":"TPLZRCGTkdcXtQ7snqhUbay3oK2s2Q5q7L","ptrxHold":"102246912000000000000","cdpId":3,"lasteventTime":1585921128000,"liqPrice":"146703697027050","cRatio":"132480067690226382915828478500","id":3,"state":0,"debt":"10000000000000000"},{"address":"TVpiHGTAfdWnrr8x3jePgUn1LXjMTya9Pn","ptrxHold":"5123456000000000000","cdpId":4,"lasteventTime":1585910589000,"liqPrice":"2927711294875843","cRatio":"6638398993290834083169171000","id":4,"state":0,"debt":"10000000000000000"},{"address":"TNfNDUriZAT1d6wsuuJWjhTKgoxjguKh4B","ptrxHold":"100010000000000000000","cdpId":5,"lasteventTime":1585911384000,"liqPrice":"1499850014998441","cRatio":"12958172829414682524017944070","id":5,"state":0,"debt":"100000000000000000"},{"address":"TLipJxwgDbn7FaQCnECxiYdxFTBhshLiW3","ptrxHold":"5123456000000000000","cdpId":6,"lasteventTime":1585912599000,"liqPrice":"2927711294875843","cRatio":"6638398993290834083169171000","id":6,"state":0,"debt":"10000000000000000"},{"address":"TQE7vtajbSHZFnKUCjruxyaKMeYbRGPUGC","ptrxHold":"142000000000000000000","cdpId":7,"lasteventTime":1585915254000,"liqPrice":"3169014084506917","cRatio":"6132921847071575903778115713","id":7,"state":0,"debt":"300000000000000000"},{"address":"TWqX5nyCDUT1FSbGCsFsXzb3sDWcCniAxR","ptrxHold":"100800000000000000000","cdpId":8,"lasteventTime":1585918434000,"liqPrice":"7440476190475896","cRatio":"2612106431766823314510566468","id":8,"state":0,"debt":"500000000000000000"},{"address":"TWj8Si9Wb7ooPb6KxRvsW4eYDHaX2sopZD","ptrxHold":"101000000000000000000","cdpId":9,"lasteventTime":1585917087000,"liqPrice":"8910891089108558","cRatio":"2181074318852919599583062278","id":9,"state":0,"debt":"600000000000000000"},{"address":"TGJzWmynBV76eKDsri2APRhaPgM9UsMGu9","ptrxHold":"111000000000000000000","cdpId":10,"lasteventTime":1586155002000,"liqPrice":"2702702702702596","cRatio":"7191066813643784422387720185","id":10,"state":0,"debt":"200000000000000000"},{"address":"TEuA6f6s9GySY2K4Sead2L1EQcd6ZQ6oZH","ptrxHold":"100123456000000039552","cdpId":11,"lasteventTime":1586325888000,"liqPrice":"29038223977612","cRatio":"669301115919969395127549050687","id":11,"state":0,"debt":"1938271560493825"},{"address":"TJ4LQazV5KTkrd8fEuNXUavqtGCDQTM9oJ","ptrxHold":"103000000000000000000","cdpId":12,"lasteventTime":1585918812000,"liqPrice":"4368932038834779","cRatio":"4448527818650509282317929003","id":12,"state":0,"debt":"300000000000000000"},{"address":"TKYxiF4Do98XbiykBwztb6xbaFqDcAYKtD","ptrxHold":"1000000000000000000000","cdpId":13,"lasteventTime":1585987173000,"liqPrice":"2999999999999881","cRatio":"6478438570850256236385333500","id":13,"state":0,"debt":"2000000000000000000"},{"address":"TVP8tFJx9L22eAYZhq2v1DeZDQ6UzdBCX3","ptrxHold":"30200200000000000000000000","cdpId":14,"lasteventTime":1585987653000,"liqPrice":"5016572737928689","cRatio":"3874221849831029561887196142","id":14,"state":0,"debt":"101001000000000000000000"},{"address":"TH4JLQtNjpy9HfqoNJhBuF3v1vHBPxtBVT","ptrxHold":"400000000000000000000","cdpId":15,"lasteventTime":1585970253000,"liqPrice":"7499999999999703","cRatio":"2591375428340102494554133400","id":15,"state":0,"debt":"2000000000000000000"},{"address":"TXNABQX4cE4ZHEWqSPgPUxnUV1rZpxb4zx","ptrxHold":"1000000000000000000000","cdpId":16,"lasteventTime":1586015016000,"liqPrice":"8849999999999650","cRatio":"2196080871474663130978079153","id":16,"state":0,"debt":"5900000000000000000"},{"address":"TAxcic2KANbozgu3qYJigDgZK3asEHBXwH","ptrxHold":"18299999999999310974164","cdpId":17,"lasteventTime":1586403438000,"liqPrice":"11434426229508175","cRatio":"1699719366975702155043718255","id":17,"state":0,"debt":"139500000000000000000"},{"address":"TZAJyiDVhcWAaHsoSuDHp33BtAiQ87sWqz","ptrxHold":"101001000000012827093","cdpId":18,"lasteventTime":1586468955000,"liqPrice":"29702676211122","cRatio":"654328774094529829665198152000","id":18,"state":0,"debt":"2000000000000000"},{"address":"TSJF1Stf4D1gYZLNWkNNcUvqoxqdpKzR5Q","ptrxHold":"0","cdpId":19,"lasteventTime":1586213088000,"liqPrice":"0","cRatio":"0","id":19,"state":1,"debt":"0"},{"address":"TLQ7VyXu8cfoQAFo4q5qmZf33nFTc9Jxb6","ptrxHold":"222227349800611269146","cdpId":20,"lasteventTime":1586214735000,"liqPrice":"13499688506799758","cRatio":"1439686234446112045675452092","id":20,"state":0,"debt":"2000000000000000000"},{"address":"TQZLMY44jQR4pWNijs8dX3iasaVCB5AfPk","ptrxHold":"200000000000000000000","cdpId":21,"lasteventTime":1585985925000,"liqPrice":"7499999999999703","cRatio":"2591375428340102494554133400","id":21,"state":0,"debt":"1000000000000000000"},{"address":"TUKCcRWsATfHY43jbJoyDSMsGhTV93EMH2","ptrxHold":"99000000000000000000000","cdpId":22,"lasteventTime":1586079564000,"liqPrice":"757575757576","cRatio":"25654616740567014696085920660000","id":22,"state":0,"debt":"50000000000000000"},{"address":"TMzftztGnJCgzJLhhapNdG1sPwfuPKJJmq","ptrxHold":"101000000000000000000","cdpId":23,"lasteventTime":1586000571000,"liqPrice":"14851485148514","cRatio":"1308644591311751759749837367000","id":23,"state":0,"debt":"1000000000000000"},{"address":"TLtEGPfL6u1aQEtVRRWB7G7UbcCoieMhnz","ptrxHold":"130000000000018491727","cdpId":24,"lasteventTime":1586368350000,"liqPrice":"11538461538459441","cRatio":"1684394028421306216495063576","id":24,"state":0,"debt":"1000000000000000000"},{"address":"TQrSgKaHkvSXkmdt1aoEod5rRu8RBSUeRe","ptrxHold":"101000000000000000000","cdpId":25,"lasteventTime":1586015268000,"liqPrice":"14851485148514","cRatio":"1308644591311751759749837367000","id":25,"state":0,"debt":"1000000000000000"},{"address":"TMC2JnqXuUtennmup2orLVZD2UYtE2dwM9","ptrxHold":"1009000000000000000000","cdpId":26,"lasteventTime":1586022873000,"liqPrice":"5265418583858067","cRatio":"3691124533219805920306145836","id":26,"state":0,"debt":"3541871567408666660"},{"address":"TBCkWokjXYpPMV44zWQcYSscxTjQVEQEUe","ptrxHold":"3194999999999963911908","cdpId":27,"lasteventTime":1586288499000,"liqPrice":"7511737089201666","cRatio":"2587326404233291860095497418","id":27,"state":0,"debt":"16000000000000000000"},{"address":"TBjfEGquGZiofeLC8bHqyCELJHwNE5GXec","ptrxHold":"200000000000000000000","cdpId":28,"lasteventTime":1586052846000,"liqPrice":"750000000000","cRatio":"25913754283401024945541334000000","id":28,"state":0,"debt":"100000000000000"},{"address":"TH6umeFGNq4iWQ3T6wSYGZej2Emwq9TD7z","ptrxHold":"101000000000000000000","cdpId":29,"lasteventTime":1586064084000,"liqPrice":"14851485148514","cRatio":"1308644591311751759749837367000","id":29,"state":0,"debt":"1000000000000000"},{"address":"TU5skxQhjBs9mVp4JdcnbyPUE6JfkgsYYg","ptrxHold":"200000000000000000000","cdpId":30,"lasteventTime":1586077389000,"liqPrice":"8999999999999644","cRatio":"2159479523616752078795111167","id":30,"state":0,"debt":"1200000000000000000"},{"address":"TUAv4ebVubCs2JKiSDZieRGg8MsEg92NBU","ptrxHold":"9100000000000000000000","cdpId":31,"lasteventTime":1586157936000,"liqPrice":"3296703296703","cRatio":"5895379099473733175110653485000","id":31,"state":0,"debt":"20000000000000000"},{"address":"TGcQGXxrUXo1ZpBVmopq1KjywnMdio4fdh","ptrxHold":"500000000000000000000","cdpId":32,"lasteventTime":1586091135000,"liqPrice":"5999999999999763","cRatio":"3239219285425128118192666750","id":32,"state":0,"debt":"2000000000000000000"},{"address":"TNbMecHGSBebVgAe9cTtTkgkFvfudd9n9Z","ptrxHold":"101000000000000000000","cdpId":33,"lasteventTime":1586097642000,"liqPrice":"1031722871287","cRatio":"18837728864442238255751924043038","id":33,"state":0,"debt":"69469340000000"},{"address":"TFCR3gGpYEWpR8WoCJALdMjzVr2h2tgaE8","ptrxHold":"103750800000000826746","cdpId":34,"lasteventTime":1586189574000,"liqPrice":"1447217756393135","cRatio":"13429434255276246168893949151","id":34,"state":0,"debt":"100100000000000000"},{"address":"TSqm17LtNgLhfmMHiqs5VmUE6EGx7fVixT","ptrxHold":"1000000000000000000000","cdpId":35,"lasteventTime":1586106438000,"liqPrice":"14999999999999","cRatio":"1295687714170051247277066700000","id":35,"state":0,"debt":"10000000000000000"},{"address":"TAdwvb1Lo2K99QX1Y9YAqvKqTrNbrsHaJi","ptrxHold":"201000000000000000000","cdpId":36,"lasteventTime":1586111085000,"liqPrice":"5970149253731107","cRatio":"3255415381852253758783630084","id":36,"state":0,"debt":"800000000000000000"},{"address":"TQUYC4Ej6c97zazDqf2xLexmoxfurgrNpF","ptrxHold":"999999999999976545674","cdpId":37,"lasteventTime":1586119455000,"liqPrice":"1499999999999976","cRatio":"12956877141700208577950243608","id":37,"state":0,"debt":"1000000000000000000"},{"address":"TTUmEs2Cb39aunB1YWdN4AA3impAe7iTL9","ptrxHold":"999999999999976545674","cdpId":38,"lasteventTime":1586122128000,"liqPrice":"7499999999999879","cRatio":"2591375428340041715590048722","id":38,"state":0,"debt":"5000000000000000000"},{"address":"TVj5CtmAo3i9Q74XJRQiWoV1tT7RVGdtXB","ptrxHold":"249999999999994136418","cdpId":39,"lasteventTime":1586131365000,"liqPrice":"5999999999999903","cRatio":"3239219285425052144481082463","id":39,"state":0,"debt":"1000000000000000000"},{"address":"TSpydtLefoNBJojqkWqvRRjLSDJDQPtR5J","ptrxHold":"0","cdpId":40,"lasteventTime":1586243487000,"liqPrice":"0","cRatio":"0","id":40,"state":1,"debt":"0"},{"address":"TRTLspPrssGqvFQiWfcAMvixSNDp7AH8p4","ptrxHold":"8999999999999788911064","cdpId":41,"lasteventTime":1586144052000,"liqPrice":"4499999999999928","cRatio":"4318959047233402859315788101","id":41,"state":0,"debt":"27000000000000000000"},{"address":"TPycJcnHB6ZrEgPLM2gT1fgM635qMVQHxH","ptrxHold":"1150999999999973004070","cdpId":42,"lasteventTime":1586275131000,"liqPrice":"13717636837532360","cRatio":"1416812235426272095117870204","id":42,"state":0,"debt":"10526000000000000000"},{"address":"TMfSXJ6ZqD5MRcPLmQ9LpeUg4pPAmAR7WY","ptrxHold":"199999999999995309135","cdpId":43,"lasteventTime":1586147631000,"liqPrice":"12922499999999792","cRatio":"1503990382089403201156494543","id":43,"state":0,"debt":"1723000000000000000"},{"address":"TGsa93DqQ83itWz1xEGfXTriTHYZn3Krau","ptrxHold":"199999999999995309135","cdpId":44,"lasteventTime":1586149962000,"liqPrice":"749999999999988","cRatio":"25913754283400417155926400970","id":44,"state":0,"debt":"100000000000000000"},{"address":"TMM2RywX7TkBwYgsbNhHfxFf3zHDoyaM9L","ptrxHold":"216999999999994910411","cdpId":45,"lasteventTime":1586151981000,"liqPrice":"9331797235022891","cRatio":"2082698029443663156601377770","id":45,"state":0,"debt":"1350000000000000000"},{"address":"TQzzUAGmu84PFEKEEUsKTQXXJXL1ioNvHK","ptrxHold":"1550999999999954752421","cdpId":46,"lasteventTime":1586426976000,"liqPrice":"967117988394574","cRatio":"20096116446776908577945242129","id":46,"state":0,"debt":"1000000000000000000"},{"address":"TXYqqoFA8r5XGZpRQixXrodPX5FqC5Fqbg","ptrxHold":"1999999999999936993491","cdpId":47,"lasteventTime":1586403204000,"liqPrice":"7499999999999940","cRatio":"2591375428340020857794509355","id":47,"state":0,"debt":"10000000000000000000"},{"address":"THxHSqVg35yd8ZPy1x7FVwuj7uJ9iD94cz","ptrxHold":"1999999999999953091348","cdpId":48,"lasteventTime":1586198799000,"liqPrice":"7499999999999879","cRatio":"2591375428340041715590048722","id":48,"state":0,"debt":"10000000000000000000"},{"address":"TBhhGi8pfCo213GcLRSzTR8mCpc74WbwUE","ptrxHold":"601999999999982661694","cdpId":49,"lasteventTime":1586382324000,"liqPrice":"13689368770763972","cRatio":"1419737903040313771078859542","id":49,"state":0,"debt":"5494000000000000000"},{"address":"TSJF1Stf4D1gYZLNWkNNcUvqoxqdpKzR5Q","ptrxHold":"250899999999991702228","cdpId":50,"lasteventTime":1586409168000,"liqPrice":"0","cRatio":"0","id":50,"state":0,"debt":"0"},{"address":"TQ2nTYLJwPytPBwqdDCWwDrGz6wR7k25JT","ptrxHold":"399999999999984180742","cdpId":51,"lasteventTime":1586236521000,"liqPrice":"7500000000000000","cRatio":"2591375428340000010462943969","id":51,"state":0,"debt":"2000000000000000000"},{"address":"TMi8b7dZEXChEci9iL3Fa8HpQtLMwdSZZr","ptrxHold":"724999999999971327596","cdpId":52,"lasteventTime":1586240490000,"liqPrice":"5172413793103448","cRatio":"3757494371093000015177099349","id":52,"state":0,"debt":"2500000000000000000"},{"address":"TEeE66SbNUu7UZu4E5cdbbWbVXN9crAqbN","ptrxHold":"100999999999996006183","cdpId":53,"lasteventTime":1586246685000,"liqPrice":"1485148514851","cRatio":"13086445913117000123536419320000","id":53,"state":0,"debt":"100000000000000"},{"address":"TN7tWgTtrCjfm7C9AKBcHQwmBKjSq1gWiz","ptrxHold":"399999999999984180742","cdpId":54,"lasteventTime":1586241792000,"liqPrice":"7500000000000000","cRatio":"2591375428340000010462943969","id":54,"state":0,"debt":"2000000000000000000"},{"address":"TSpydtLefoNBJojqkWqvRRjLSDJDQPtR5J","ptrxHold":"0","cdpId":55,"lasteventTime":1586244201000,"liqPrice":"0","cRatio":"0","id":55,"state":1,"debt":"0"},{"address":"TLWwHPKqV6A31kECNY8A7HKfKW5ifuHiDk","ptrxHold":"100999999999996005480","cdpId":56,"lasteventTime":1586250579000,"liqPrice":"2970297029702970","cRatio":"6543222956558500016224786505","id":56,"state":0,"debt":"200000000000000000"},{"address":"TH55hzcMynjzJSFq2wNCwSCknuE6H9qFmo","ptrxHold":"119999999999995254035","cdpId":57,"lasteventTime":1586252550000,"liqPrice":"13762500000000000","cRatio":"1412193693918256134284338083","id":57,"state":0,"debt":"1101000000000000000"},{"address":"TSpydtLefoNBJojqkWqvRRjLSDJDQPtR5J","ptrxHold":"0","cdpId":58,"lasteventTime":1586260518000,"liqPrice":"0","cRatio":"0","id":58,"state":1,"debt":"0"},{"address":"TSpydtLefoNBJojqkWqvRRjLSDJDQPtR5J","ptrxHold":"0","cdpId":59,"lasteventTime":1586263896000,"liqPrice":"0","cRatio":"0","id":59,"state":1,"debt":"0"},{"address":"TSpydtLefoNBJojqkWqvRRjLSDJDQPtR5J","ptrxHold":"0","cdpId":60,"lasteventTime":1586264415000,"liqPrice":"0","cRatio":"0","id":60,"state":1,"debt":"0"},{"address":"TTVmShX5MBY8ot1ik3RHhHHyMDYNbRE6ry","ptrxHold":"100999999999996005230","cdpId":61,"lasteventTime":1586265681000,"liqPrice":"4997524752475248","cRatio":"3888988384284398216956130805","id":61,"state":0,"debt":"336500000000000000"},{"address":"THuXM63ckuZ3YUAXbw6envVReYMV8FsdkF","ptrxHold":"100999999999996005230","cdpId":62,"lasteventTime":1586311383000,"liqPrice":"5940594059405941","cRatio":"3271611478279250000014345040","id":62,"state":0,"debt":"400000000000000000"},{"address":"TJ5tbSznfZLRnjDiFQxzvto1UiaRV4mtVx","ptrxHold":"499999999999980223909","cdpId":63,"lasteventTime":1586328768000,"liqPrice":"12000000000000000","cRatio":"1619609642712500000000975853","id":63,"state":0,"debt":"4000000000000000000"},{"address":"TWRSxgckEoYHbsMUgVsLpG3tvwYrnf4h6g","ptrxHold":"199999999999992089563","cdpId":64,"lasteventTime":1586368569000,"liqPrice":"9750000000000000","cRatio":"1993365714107692307687528645","id":64,"state":0,"debt":"1300000000000000000"},{"address":"TRNFDwovCknjLu3m2NvWEKfgNPQT2vuUZU","ptrxHold":"104999999999995847021","cdpId":65,"lasteventTime":1586373759000,"liqPrice":"7142857142857","cRatio":"2720944199757000000004489946000","id":65,"state":0,"debt":"500000000000000"},{"address":"THRXJhXrG1Duvx7Zauji8EvkxRQUCHC8Gi","ptrxHold":"100999999999996005230","cdpId":66,"lasteventTime":1586418459000,"liqPrice":"1500000000000000","cRatio":"12956877141700000000056812040","id":66,"state":0,"debt":"101000000000000000"},{"address":"TKUzjyHfCRxUtdhtHSeKqyzZLVdwFgEgBb","ptrxHold":"104999999999995847021","cdpId":67,"lasteventTime":1586396484000,"liqPrice":"9296731884935714","cRatio":"2090553535704594836467354671","id":67,"state":0,"debt":"650771231945499999"},{"address":"TDkrw79sajkwJvSS1aQv2pdVprmQj5qfS7","ptrxHold":"548999999999978285852","cdpId":68,"lasteventTime":1586386746000,"liqPrice":"13661202185792350","cRatio":"1422665110158660000000644696","id":68,"state":0,"debt":"5000000000000000000"},{"address":"THrGXb2JWQjJae3EfxLR7f75nqDvAkyQPG","ptrxHold":"100999999999996005230","cdpId":69,"lasteventTime":1586393325000,"liqPrice":"13678219306930693","cRatio":"1420895167450796150842695909","id":69,"state":0,"debt":"921000100000000000"},{"address":"TXrYjxzi8MWSWwa6C7SRcDk4n3rqE2PNgf","ptrxHold":"499999999999980223909","cdpId":70,"lasteventTime":1586403072000,"liqPrice":"13500000000000000","cRatio":"1439653015744444444445311869","id":70,"state":0,"debt":"4500000000000000000"},{"address":"TCVdEYTsHiYGv6DwncapGcB8wFrYgTF6yo","ptrxHold":"250999999999990072403","cdpId":71,"lasteventTime":1586418816000,"liqPrice":"5976095617529880","cRatio":"3252176162566700000010796102","id":71,"state":0,"debt":"1000000000000000000"},{"address":"TRMaz5sMqLn3K1dPLnjd4f34aWRvVkvwA6","ptrxHold":"3499999999999861567361","cdpId":72,"lasteventTime":1586483505000,"liqPrice":"4285714285714286","cRatio":"4534906999595000000000141012","id":72,"state":0,"debt":"10000000000000000000"},{"address":"TUqCwEdr99ZzswfsX3j7Loumzfgs3qD5r4","ptrxHold":"42706999999998310844937","cdpId":73,"lasteventTime":1586471889000,"liqPrice":"13452127285925024","cRatio":"1444776376215618537858987737","id":73,"state":0,"debt":"383000000000000000000"},{"address":"TATE35m1seDKyNeTKF8QvmPUYNskeMgrWM","ptrxHold":"499999999999980223909","cdpId":74,"lasteventTime":1586437629000,"liqPrice":"10080000000000000","cRatio":"1928106717514880952382114110","id":74,"state":0,"debt":"3360000000000000000"},{"address":"TTB615vmhCpGz3L7heSRh7L5huvjYTeHjJ","ptrxHold":"499999999999980223909","cdpId":75,"lasteventTime":1586451993000,"liqPrice":"9000000000000000","cRatio":"2159479523616666666667967804","id":75,"state":0,"debt":"3000000000000000000"},{"address":"THWhSu88iDPrDTfVB5mfLxrVoDSx6JP52w","ptrxHold":"199999999999992089563","cdpId":76,"lasteventTime":1586452260000,"liqPrice":"9750000000000000","cRatio":"1993365714107692307687528645","id":76,"state":0,"debt":"1300000000000000000"},{"address":"TLJKoqsEGTmevk9uoSQwB3NfszQn1TFdRT","ptrxHold":"19999999999999208956348","cdpId":77,"lasteventTime":1586479794000,"liqPrice":"5250000750000000","cRatio":"3701964368776518746211617026","id":77,"state":0,"debt":"70000010000000000000"},{"address":"TPKy8QmwgHrV2zCTEEKu1Qz3SbVySbQx4v","ptrxHold":"148999999999994106724","cdpId":78,"lasteventTime":1586457840000,"liqPrice":"11073825503355705","cRatio":"1755067903739363636354304774","id":78,"state":0,"debt":"1100000000000000000"},{"address":"THhuQy3rYv56XAcr1998gigFXxMM9PrcWe","ptrxHold":"199999999999992089563","cdpId":79,"lasteventTime":1586461227000,"liqPrice":"7500000000000000","cRatio":"2591375428339999999993787238","id":79,"state":0,"debt":"1000000000000000000"},{"address":"TFYG5hrKA8rguCSxJy5wfVfxMJ7EqU5D14","ptrxHold":"100999999999996005230","cdpId":80,"lasteventTime":1586461905000,"liqPrice":"8910891089108911","cRatio":"2181074318852833333342896693","id":80,"state":0,"debt":"600000000000000000"},{"address":"TESM2Kew8tnGsxnPzSvNbqSRbyGKdWJKbD","ptrxHold":"199999999999992089563","cdpId":81,"lasteventTime":1586462682000,"liqPrice":"7500000000000000","cRatio":"2591375428339999999993787238","id":81,"state":0,"debt":"1000000000000000000"},{"address":"TS5Kei7hvEcTmwYXAzS4y1fDbQ6dkv1yX8","ptrxHold":"339999999999986552258","cdpId":82,"lasteventTime":1586465655000,"liqPrice":"13235294117647059","cRatio":"1468446076059333333333699831","id":82,"state":0,"debt":"3000000000000000000"},{"address":"TJLkUzSZSw2KfbUN77QotY7d3P8XhSq3jd","ptrxHold":"101999999999995965677","cdpId":83,"lasteventTime":1586469855000,"liqPrice":"7352941176470588","cRatio":"2643202936906799999990294194","id":83,"state":0,"debt":"500000000000000000"},{"address":"TRURwQ1C6E3TyGjkis5BL4acvH53Mo8spQ","ptrxHold":"499999999999980223909","cdpId":84,"lasteventTime":1586473722000,"liqPrice":"6000000000000000","cRatio":"3239219285425000000001951706","id":84,"state":0,"debt":"2000000000000000000"},{"address":"TDj9wQMfw9zkvQ4ZC472DZfaqacS4SoCb1","ptrxHold":"498999999999980263461","cdpId":85,"lasteventTime":1586473929000,"liqPrice":"6742484969939880","cRatio":"2882515244631431119037689457","id":85,"state":0,"debt":"2243000000000000000"},{"address":"TP21aBSH3358eJF92cqVZgxidj68DpNFTz","ptrxHold":"111499999999995589932","cdpId":86,"lasteventTime":1586475108000,"liqPrice":"13465964125560538","cRatio":"1443291808245551814744364792","id":86,"state":0,"debt":"1000970000000000000"},{"address":"TXWNV8V9n78wXCniPmDRnPacXMqrDdH5br","ptrxHold":"124999999999995055977","cdpId":87,"lasteventTime":1586478516000,"liqPrice":"6000000000000000","cRatio":"3239219285424999999995473266","id":87,"state":0,"debt":"500000000000000000"},{"address":"TAXDAcdhQ5HjmtA3X2BP8CRyaMiQJpbK21","ptrxHold":"149999999999994067173","cdpId":88,"lasteventTime":1586481534000,"liqPrice":"13490000000000000","cRatio":"1440720215904373610085291391","id":88,"state":0,"debt":"1349000000000000000"}]
12:38:41.023 [TestNG-tests-1] INFO tron.common.TronscanApiList - message:SUCCESS
12:38:41.023 [TestNG-tests-1] INFO tron.common.TronscanApiList - JSON content size are: 3
12:38:41.023 [TestNG-tests-1] INFO tron.common.TronscanApiList - ----------------------------Print JSON End-----------------------------
http://api.just.network/scan/cdpInfo/getBrief/
12:38:41.024 [TestNG-tests-1] DEBUG org.apache.http.impl.conn.PoolingClientConnectionManager - Connection request: [route: {}->http://api.just.network:80][total kept alive: 0; route allocated: 0 of 80; total allocated: 0 of 100]
12:38:41.024 [TestNG-tests-1] DEBUG org.apache.http.impl.conn.PoolingClientConnectionManager - Connection leased: [id: 6][route: {}->http://api.just.network:80][total kept alive: 0; route allocated: 1 of 80; total allocated: 1 of 100]
12:38:41.024 [TestNG-tests-1] DEBUG org.apache.http.impl.conn.DefaultClientConnectionOperator - Connecting to api.just.network:80
12:38:41.283 [TestNG-tests-1] DEBUG org.apache.http.client.protocol.RequestAddCookies - CookieSpec selected: default
12:38:41.283 [TestNG-tests-1] DEBUG org.apache.http.client.protocol.RequestAuthCache - Auth cache not set in the context
12:38:41.283 [TestNG-tests-1] DEBUG org.apache.http.client.protocol.RequestTargetAuthentication - Target auth state: UNCHALLENGED
12:38:41.283 [TestNG-tests-1] DEBUG org.apache.http.client.protocol.RequestProxyAuthentication - Proxy auth state: UNCHALLENGED
12:38:41.283 [TestNG-tests-1] DEBUG org.apache.http.impl.client.DefaultHttpClient - Attempt 1 to execute request
12:38:41.284 [TestNG-tests-1] DEBUG org.apache.http.impl.conn.DefaultClientConnection - Sending request: GET /scan/cdpInfo/getBrief/?cdpId=62 HTTP/1.1
12:38:41.284 [TestNG-tests-1] DEBUG org.apache.http.wire -  >> "GET /scan/cdpInfo/getBrief/?cdpId=62 HTTP/1.1[\r][\n]"
12:38:41.284 [TestNG-tests-1] DEBUG org.apache.http.wire -  >> "Content-type: application/json; charset=utf-8[\r][\n]"
12:38:41.284 [TestNG-tests-1] DEBUG org.apache.http.wire -  >> "Connection: Close[\r][\n]"
12:38:41.284 [TestNG-tests-1] DEBUG org.apache.http.wire -  >> "Host: api.just.network[\r][\n]"
12:38:41.284 [TestNG-tests-1] DEBUG org.apache.http.wire -  >> "User-Agent: Apache-HttpClient/4.5.3 (Java/1.8.0_211)[\r][\n]"
12:38:41.284 [TestNG-tests-1] DEBUG org.apache.http.wire -  >> "[\r][\n]"
12:38:41.284 [TestNG-tests-1] DEBUG org.apache.http.headers - >> GET /scan/cdpInfo/getBrief/?cdpId=62 HTTP/1.1
12:38:41.284 [TestNG-tests-1] DEBUG org.apache.http.headers - >> Content-type: application/json; charset=utf-8
12:38:41.284 [TestNG-tests-1] DEBUG org.apache.http.headers - >> Connection: Close
12:38:41.284 [TestNG-tests-1] DEBUG org.apache.http.headers - >> Host: api.just.network
12:38:41.284 [TestNG-tests-1] DEBUG org.apache.http.headers - >> User-Agent: Apache-HttpClient/4.5.3 (Java/1.8.0_211)
12:38:41.524 [TestNG-tests-1] DEBUG org.apache.http.wire -  << "HTTP/1.1 200 [\r][\n]"
12:38:41.524 [TestNG-tests-1] DEBUG org.apache.http.wire -  << "Server: nginx/1.16.1[\r][\n]"
12:38:41.524 [TestNG-tests-1] DEBUG org.apache.http.wire -  << "Date: Fri, 10 Apr 2020 04:38:41 GMT[\r][\n]"
12:38:41.524 [TestNG-tests-1] DEBUG org.apache.http.wire -  << "Content-Type: application/json;charset=UTF-8[\r][\n]"
12:38:41.524 [TestNG-tests-1] DEBUG org.apache.http.wire -  << "Content-Length: 278[\r][\n]"
12:38:41.524 [TestNG-tests-1] DEBUG org.apache.http.wire -  << "Connection: close[\r][\n]"
12:38:41.524 [TestNG-tests-1] DEBUG org.apache.http.wire -  << "Cache-Control: no-cache, no-store, must-revalidate[\r][\n]"
12:38:41.525 [TestNG-tests-1] DEBUG org.apache.http.wire -  << "[\r][\n]"
12:38:41.525 [TestNG-tests-1] DEBUG org.apache.http.impl.conn.DefaultClientConnection - Receiving response: HTTP/1.1 200 
12:38:41.525 [TestNG-tests-1] DEBUG org.apache.http.headers - << HTTP/1.1 200 
12:38:41.525 [TestNG-tests-1] DEBUG org.apache.http.headers - << Server: nginx/1.16.1
12:38:41.525 [TestNG-tests-1] DEBUG org.apache.http.headers - << Date: Fri, 10 Apr 2020 04:38:41 GMT
12:38:41.525 [TestNG-tests-1] DEBUG org.apache.http.headers - << Content-Type: application/json;charset=UTF-8
12:38:41.525 [TestNG-tests-1] DEBUG org.apache.http.headers - << Content-Length: 278
12:38:41.525 [TestNG-tests-1] DEBUG org.apache.http.headers - << Connection: close
12:38:41.525 [TestNG-tests-1] DEBUG org.apache.http.headers - << Cache-Control: no-cache, no-store, must-revalidate
http://api.just.network/scan/cdpInfo/getBrief/?cdpId=62 请求总耗时：501 毫秒
12:38:41.525 [TestNG-tests-1] DEBUG org.apache.http.wire -  << "{"code":0,"data":{"address":"THuXM63ckuZ3YUAXbw6envVReYMV8FsdkF","ptrxHold":"100999999999996005230","cdpId":62,"lasteventTime":1586311383000,"liqPrice":"5940594059405941","cRatio":"3271611478279250000014345040","id":62,"state":0,"debt":"400000000000000000"},"message":"SUCCESS"}"
12:38:41.526 [TestNG-tests-1] DEBUG org.apache.http.impl.conn.DefaultClientConnection - Connection 0.0.0.0:53158<->3.12.242.83:80 closed
12:38:41.526 [TestNG-tests-1] DEBUG org.apache.http.impl.conn.PoolingClientConnectionManager - Connection released: [id: 6][route: {}->http://api.just.network:80][total kept alive: 0; route allocated: 0 of 80; total allocated: 0 of 100]
12:38:41.526 [TestNG-tests-1] INFO tron.common.TronscanApiList - ----------------------------Print JSON Start---------------------------
12:38:41.526 [TestNG-tests-1] INFO tron.common.TronscanApiList - code:0
12:38:41.526 [TestNG-tests-1] INFO tron.common.TronscanApiList - data:{"address":"THuXM63ckuZ3YUAXbw6envVReYMV8FsdkF","ptrxHold":"100999999999996005230","cdpId":62,"lasteventTime":1586311383000,"liqPrice":"5940594059405941","cRatio":"3271611478279250000014345040","id":62,"state":0,"debt":"400000000000000000"}
12:38:41.526 [TestNG-tests-1] INFO tron.common.TronscanApiList - message:SUCCESS
12:38:41.526 [TestNG-tests-1] INFO tron.common.TronscanApiList - JSON content size are: 3
12:38:41.526 [TestNG-tests-1] INFO tron.common.TronscanApiList - ----------------------------Print JSON End-----------------------------
http://api.just.network/scan/cdpHistory/latest
12:38:41.527 [TestNG-tests-1] DEBUG org.apache.http.impl.conn.PoolingClientConnectionManager - Connection request: [route: {}->http://api.just.network:80][total kept alive: 0; route allocated: 0 of 80; total allocated: 0 of 100]
12:38:41.527 [TestNG-tests-1] DEBUG org.apache.http.impl.conn.PoolingClientConnectionManager - Connection leased: [id: 7][route: {}->http://api.just.network:80][total kept alive: 0; route allocated: 1 of 80; total allocated: 1 of 100]
12:38:41.527 [TestNG-tests-1] DEBUG org.apache.http.impl.conn.DefaultClientConnectionOperator - Connecting to api.just.network:80
12:38:41.777 [TestNG-tests-1] DEBUG org.apache.http.client.protocol.RequestAddCookies - CookieSpec selected: default
12:38:41.777 [TestNG-tests-1] DEBUG org.apache.http.client.protocol.RequestAuthCache - Auth cache not set in the context
12:38:41.777 [TestNG-tests-1] DEBUG org.apache.http.client.protocol.RequestTargetAuthentication - Target auth state: UNCHALLENGED
12:38:41.777 [TestNG-tests-1] DEBUG org.apache.http.client.protocol.RequestProxyAuthentication - Proxy auth state: UNCHALLENGED
12:38:41.777 [TestNG-tests-1] DEBUG org.apache.http.impl.client.DefaultHttpClient - Attempt 1 to execute request
12:38:41.777 [TestNG-tests-1] DEBUG org.apache.http.impl.conn.DefaultClientConnection - Sending request: GET /scan/cdpHistory/latest HTTP/1.1
12:38:41.777 [TestNG-tests-1] DEBUG org.apache.http.wire -  >> "GET /scan/cdpHistory/latest HTTP/1.1[\r][\n]"
12:38:41.778 [TestNG-tests-1] DEBUG org.apache.http.wire -  >> "Content-type: application/json; charset=utf-8[\r][\n]"
12:38:41.778 [TestNG-tests-1] DEBUG org.apache.http.wire -  >> "Connection: Close[\r][\n]"
12:38:41.778 [TestNG-tests-1] DEBUG org.apache.http.wire -  >> "Host: api.just.network[\r][\n]"
12:38:41.778 [TestNG-tests-1] DEBUG org.apache.http.wire -  >> "User-Agent: Apache-HttpClient/4.5.3 (Java/1.8.0_211)[\r][\n]"
12:38:41.778 [TestNG-tests-1] DEBUG org.apache.http.wire -  >> "[\r][\n]"
12:38:41.778 [TestNG-tests-1] DEBUG org.apache.http.headers - >> GET /scan/cdpHistory/latest HTTP/1.1
12:38:41.778 [TestNG-tests-1] DEBUG org.apache.http.headers - >> Content-type: application/json; charset=utf-8
12:38:41.778 [TestNG-tests-1] DEBUG org.apache.http.headers - >> Connection: Close
12:38:41.778 [TestNG-tests-1] DEBUG org.apache.http.headers - >> Host: api.just.network
12:38:41.778 [TestNG-tests-1] DEBUG org.apache.http.headers - >> User-Agent: Apache-HttpClient/4.5.3 (Java/1.8.0_211)
12:38:42.017 [TestNG-tests-1] DEBUG org.apache.http.wire -  << "HTTP/1.1 200 [\r][\n]"
12:38:42.017 [TestNG-tests-1] DEBUG org.apache.http.wire -  << "Server: nginx/1.16.1[\r][\n]"
12:38:42.017 [TestNG-tests-1] DEBUG org.apache.http.wire -  << "Date: Fri, 10 Apr 2020 04:38:41 GMT[\r][\n]"
12:38:42.017 [TestNG-tests-1] DEBUG org.apache.http.wire -  << "Content-Type: application/json;charset=UTF-8[\r][\n]"
12:38:42.017 [TestNG-tests-1] DEBUG org.apache.http.wire -  << "Content-Length: 17681[\r][\n]"
12:38:42.017 [TestNG-tests-1] DEBUG org.apache.http.wire -  << "Connection: close[\r][\n]"
12:38:42.017 [TestNG-tests-1] DEBUG org.apache.http.wire -  << "Cache-Control: no-cache, no-store, must-revalidate[\r][\n]"
12:38:42.017 [TestNG-tests-1] DEBUG org.apache.http.wire -  << "[\r][\n]"
12:38:42.017 [TestNG-tests-1] DEBUG org.apache.http.impl.conn.DefaultClientConnection - Receiving response: HTTP/1.1 200 
12:38:42.017 [TestNG-tests-1] DEBUG org.apache.http.headers - << HTTP/1.1 200 
12:38:42.017 [TestNG-tests-1] DEBUG org.apache.http.headers - << Server: nginx/1.16.1
12:38:42.017 [TestNG-tests-1] DEBUG org.apache.http.headers - << Date: Fri, 10 Apr 2020 04:38:41 GMT
12:38:42.017 [TestNG-tests-1] DEBUG org.apache.http.headers - << Content-Type: application/json;charset=UTF-8
12:38:42.017 [TestNG-tests-1] DEBUG org.apache.http.headers - << Content-Length: 17681
12:38:42.017 [TestNG-tests-1] DEBUG org.apache.http.headers - << Connection: close
12:38:42.017 [TestNG-tests-1] DEBUG org.apache.http.headers - << Cache-Control: no-cache, no-store, must-revalidate
http://api.just.network/scan/cdpHistory/latest 请求总耗时：490 毫秒
12:38:42.017 [TestNG-tests-1] DEBUG org.apache.http.wire -  << "{"code":0,"data":[{"curPip":"13428218126300000","afterPtrxhold":"3499999999999861567361","opParameter":"499999999999980223909","afterDebt":"10000000000000000000","opType":3,"cdpId":72,"curPer":"1000000000000039552182602503","eventTime":1586483505000,"liqPrice":"4285714285714286","txId":"70ac64e5263debc52128eaf2e2aa1d2476ad110ec248f1293d63eaaec81d6f2b","cRatio":"4699876344205000000000146158","id":627},{"curPip":"13498692788900000","afterPtrxhold":"149999999999994067173","opParameter":"129000000000000000","afterDebt":"1349000000000000000","opType":4,"cdpId":88,"curPer":"1000000000000039552182602513","eventTime":1586481534000,"liqPrice":"13490000000000000","txId":"18d64e607e9417189add7874432a515acf6c0667c71eac4ce346f7688a900eb9","cRatio":"1500966581419570051894195408","id":626},{"curPip":"13498692788900000","afterPtrxhold":"149999999999994067173","opParameter":"1220000000000000000","afterDebt":"1220000000000000000","opType":4,"cdpId":88,"curPer":"1000000000000039552182602513","eventTime":1586481111000,"liqPrice":"12200000000000000","txId":"d4dffe72564de308c044e3d571e1795db15a21c3d95a513854637072b3279c6f","cRatio":"1659675342897540983610876726","id":625},{"curPip":"13498692788900000","afterPtrxhold":"149999999999994067173","opParameter":"149999999999994067173","afterDebt":"0","opType":3,"cdpId":88,"curPer":"1000000000000039552182602513","eventTime":1586481111000,"liqPrice":"0","txId":"d4dffe72564de308c044e3d571e1795db15a21c3d95a513854637072b3279c6f","cRatio":"0","id":624},{"curPip":"13498692788900000","afterPtrxhold":"0","opParameter":"TCBLTVx7dJWcFBBNE7e3QEPHXEtigsbpth","afterDebt":"0","opType":2,"cdpId":88,"curPer":"1000000000000039552182602526","eventTime":1586481111000,"liqPrice":"0","txId":"d4dffe72564de308c044e3d571e1795db15a21c3d95a513854637072b3279c6f","cRatio":"0","id":623},{"curPip":"13498692788900000","afterPtrxhold":"0","opParameter":"","afterDebt":"0","opType":1,"cdpId":88,"curPer":"1000000000000039552182602526","eventTime":1586481111000,"liqPrice":"0","txId":"d4dffe72564de308c044e3d571e1795db15a21c3d95a513854637072b3279c6f","cRatio":"0","id":622},{"curPip":"13503894728000000","afterPtrxhold":"19999999999999208956348","opParameter":"68000000000000000000","afterDebt":"70000010000000000000","opType":4,"cdpId":77,"curPer":"1000000000000039552182602526","eventTime":1586479794000,"liqPrice":"5250000750000000","txId":"943da1a4460f921dc957e930de770b8e62d3d6a5fe41198b0ba0c416857e55ef","cRatio":"3858255085392130658267058518","id":621},{"curPip":"13503894728000000","afterPtrxhold":"19999999999999208956348","opParameter":"8999999999999644030357","afterDebt":"2000010000000000000","opType":3,"cdpId":77,"curPer":"1000000000000039552182602526","eventTime":1586479698000,"liqPrice":"150000750000000","txId":"bbe0dcaf05ab7131adb8abf6fb6ef2e8ab3fde940eaa3b4f3dfee6ec9a49edd0","cRatio":"135038272088639556802216328374","id":620},{"curPip":"13503894728000000","afterPtrxhold":"10999999999999564925991","opParameter":"9998999999999604517726","afterDebt":"2000010000000000000","opType":3,"cdpId":77,"curPer":"1000000000000039552182602540","eventTime":1586479623000,"liqPrice":"272728636363636","txId":"43c695e7db8e7150d12c72f6a74dd04dbb9ed41adc303a5fe406fcabe632fc02","cRatio":"74271049648751756241216279840","id":619},{"curPip":"13465977464300000","afterPtrxhold":"124999999999995055977","opParameter":"500000000000000000","afterDebt":"500000000000000000","opType":4,"cdpId":87,"curPer":"1000000000000039552182602535","eventTime":1586478516000,"liqPrice":"6000000000000000","txId":"85ea855b5ae2d8d40eeff35ad633e200f47b7067f1d096d78b14e17ea6bd286f","cRatio":"3366494366074999999995295532","id":618},{"curPip":"13465977464300000","afterPtrxhold":"124999999999995055977","opParameter":"124999999999995055977","afterDebt":"0","opType":3,"cdpId":87,"curPer":"1000000000000039552182602535","eventTime":1586478516000,"liqPrice":"0","txId":"85ea855b5ae2d8d40eeff35ad633e200f47b7067f1d096d78b14e17ea6bd286f","cRatio":"0","id":617},{"curPip":"13465977464300000","afterPtrxhold":"0","opParameter":"TCBLTVx7dJWcFBBNE7e3QEPHXEtigsbpth","afterDebt":"0","opType":2,"cdpId":87,"curPer":"1000000000000039552182602529","eventTime":1586478516000,"liqPrice":"0","txId":"85ea855b5ae2d8d40eeff35ad633e200f47b7067f1d096d78b14e17ea6bd286f","cRatio":"0","id":616},{"curPip":"13465977464300000","afterPtrxhold":"0","opParameter":"","afterDebt":"0","opType":1,"cdpId":87,"curPer":"1000000000000039552182602529","eventTime":1586478516000,"liqPrice":"0","txId":"85ea855b5ae2d8d40eeff35ad633e200f47b7067f1d096d78b14e17ea6bd286f","cRatio":"0","id":615},{"curPip":"13466025900700000","afterPtrxhold":"111499999999995589932","opParameter":"1000970000000000000","afterDebt":"1000970000000000000","opType":4,"cdpId":86,"curPer":"1000000000000039552182602529","eventTime":1586475108000,"liqPrice":"13465964125560538","txId":"13cd5f0ad4322f651287e4d86a99c3ce4da3066ff24f6e06fa62633f90e74950","cRatio":"1500006881253234362673057366","id":614},{"curPip":"13466025900700000","afterPtrxhold":"111499999999995589932","opParameter":"111499999999995589932","afterDebt":"0","opType":3,"cdpId":86,"curPer":"1000000000000039552182602529","eventTime":1586475108000,"liqPrice":"0","txId":""
12:38:42.018 [TestNG-tests-1] DEBUG org.apache.http.wire -  << "13cd5f0ad4322f651287e4d86a99c3ce4da3066ff24f6e06fa62633f90e74950","cRatio":"0","id":613},{"curPip":"13466025900700000","afterPtrxhold":"0","opParameter":"TCBLTVx7dJWcFBBNE7e3QEPHXEtigsbpth","afterDebt":"0","opType":2,"cdpId":86,"curPer":"1000000000000039552182602541","eventTime":1586475108000,"liqPrice":"0","txId":"13cd5f0ad4322f651287e4d86a99c3ce4da3066ff24f6e06fa62633f90e74950","cRatio":"0","id":612},{"curPip":"13466025900700000","afterPtrxhold":"0","opParameter":"","afterDebt":"0","opType":1,"cdpId":86,"curPer":"1000000000000039552182602541","eventTime":1586475108000,"liqPrice":"0","txId":"13cd5f0ad4322f651287e4d86a99c3ce4da3066ff24f6e06fa62633f90e74950","cRatio":"0","id":611},{"curPip":"13461788500000000","afterPtrxhold":"1000999999999960408265","opParameter":"2000000000000000000","afterDebt":"2000010000000000000","opType":4,"cdpId":77,"curPer":"1000000000000039552182602541","eventTime":1586474454000,"liqPrice":"2997017982017982","txId":"c62cb9e94bf23f48d328c418fc25e841caf8ebcb8e55a7bd28af6a7e3dd51fe2","cRatio":"6737591456292718536405871891","id":610},{"curPip":"13461788500000000","afterPtrxhold":"498999999999980263461","opParameter":"248999999999990151507","afterDebt":"2243000000000000000","opType":3,"cdpId":85,"curPer":"1000000000000039552182602541","eventTime":1586473929000,"liqPrice":"6742484969939880","txId":"050b9101b6c6cf0673b5a3466b7298318664ac2a3276490a8bc77603a638f5a7","cRatio":"2994842827240303165404189737","id":609},{"curPip":"13461788500000000","afterPtrxhold":"249999999999990111954","opParameter":"2243000000000000000","afterDebt":"2243000000000000000","opType":4,"cdpId":85,"curPer":"1000000000000039552182602556","eventTime":1586473905000,"liqPrice":"13458000000000000","txId":"997b6ebb29586664993f8746a93f01bd8c7242db0c84358cf46ad5d6a0a7ea06","cRatio":"1500422258136424431562771723","id":608},{"curPip":"13461788500000000","afterPtrxhold":"249999999999990111954","opParameter":"249999999999990111954","afterDebt":"0","opType":3,"cdpId":85,"curPer":"1000000000000039552182602556","eventTime":1586473905000,"liqPrice":"0","txId":"997b6ebb29586664993f8746a93f01bd8c7242db0c84358cf46ad5d6a0a7ea06","cRatio":"0","id":607},{"curPip":"13461788500000000","afterPtrxhold":"0","opParameter":"TCBLTVx7dJWcFBBNE7e3QEPHXEtigsbpth","afterDebt":"0","opType":2,"cdpId":85,"curPer":"1000000000000039552182602545","eventTime":1586473905000,"liqPrice":"0","txId":"997b6ebb29586664993f8746a93f01bd8c7242db0c84358cf46ad5d6a0a7ea06","cRatio":"0","id":606},{"curPip":"13461788500000000","afterPtrxhold":"0","opParameter":"","afterDebt":"0","opType":1,"cdpId":85,"curPer":"1000000000000039552182602545","eventTime":1586473905000,"liqPrice":"0","txId":"997b6ebb29586664993f8746a93f01bd8c7242db0c84358cf46ad5d6a0a7ea06","cRatio":"0","id":605},{"curPip":"13461788500000000","afterPtrxhold":"499999999999980223909","opParameter":"2000000000000000000","afterDebt":"2000000000000000000","opType":4,"cdpId":84,"curPer":"1000000000000039552182602545","eventTime":1586473722000,"liqPrice":"6000000000000000","txId":"53fb335d56c440cff3e3358a7a6785bf2c8d9f581b86e6a39fd0c9a9da613e6a","cRatio":"3365447125000000000002027868","id":604},{"curPip":"13461788500000000","afterPtrxhold":"499999999999980223909","opParameter":"499999999999980223909","afterDebt":"0","opType":3,"cdpId":84,"curPer":"1000000000000039552182602545","eventTime":1586473722000,"liqPrice":"0","txId":"53fb335d56c440cff3e3358a7a6785bf2c8d9f581b86e6a39fd0c9a9da613e6a","cRatio":"0","id":603},{"curPip":"13461788500000000","afterPtrxhold":"0","opParameter":"TCBLTVx7dJWcFBBNE7e3QEPHXEtigsbpth","afterDebt":"0","opType":2,"cdpId":84,"curPer":"1000000000000039552182602555","eventTime":1586473722000,"liqPrice":"0","txId":"53fb335d56c440cff3e3358a7a6785bf2c8d9f581b86e6a39fd0c9a9da613e6a","cRatio":"0","id":602},{"curPip":"13461788500000000","afterPtrxhold":"0","opParameter":"","afterDebt":"0","opType":1,"cdpId":84,"curPer":"1000000000000039552182602555","eventTime":1586473722000,"liqPrice":"0","txId":"53fb335d56c440cff3e3358a7a6785bf2c8d9f581b86e6a39fd0c9a9da613e6a","cRatio":"0","id":601},{"curPip":"13458308456800000","afterPtrxhold":"42706999999998310844937","opParameter":"25435999999998993950683","afterDebt":"383000000000000000000","opType":6,"cdpId":73,"curPer":"1000000000000039552182602555","eventTime":1586471889000,"liqPrice":"13452127285925024","txId":"56bdca173a077baa9112236556deade46954d33fe3a37c35df9bc46038a4934b","cRatio":"1500689240899628198433399552","id":600},{"curPip":"13452567606200000","afterPtrxhold":"68142999999997304795620","opParameter":"14000999999999446229891","afterDebt":"383000000000000000000","opType":3,"cdpId":73,"curPer":"1000000000000039552182602565","eventTime":1586471712000,"liqPrice":"8430799935429905","txId":"7c18c056d54e53151cbf297cbd3fd65113f5c14de12449230ff608b3d52ed92d","cRatio":"2393468183784038120104406596","id":599},{"curPip":"13452567606200000","afterPtrxhold":"54141999999997858565729","opParameter":"190000000000000000000","afterDebt":"383000000000000000000","opType":4,"cdpId":73,"curPer":"1000000000000039552182602553","eventTime":1586471310000,"liqPrice":"10610985925898563","txId":"2912736d8bc04974a4b6beea1bbb961fb202a0f852703fa5c08b0df2d483e8bf","cRatio":"1901694295913525848563950014","id":598},{"curPip":"13432877008300000","afterPtrxhold":"54141999999997858565729","opParameter":"11000000000000000000","afterDebt":"193000000000000000000","opType":5,"cdpId":73,"curPer":"1000000000000039552182602553","eventTime":1586470323000,"liqPrice":"5347050349082044","txId":"1891c9c575eaa6fdbc33a79aa3b15abff0fea2bc489700143b40a397a4ea46fc","cRatio":"3768304803022687046632087302","id":597},{"curPip":"13432877008300000","afterPtrxhold":"54141999999997858565729","opParameter":"9000000000000000000","afterDebt":"204000000000000000000","opType":4,"cdpId":73,"curPer":"1000000000000039552182602553","eventTime":1586470260000,"liqPrice":"5651804514055631","txId":"92f3edce5e22bbaa2c8f73a962e226876a3f7c5bf5ad553f75c8d0ff1a6ff383","cRatio":"3565111896977346078431337497","id":596},{"curPip":"13432877008300000","afterPtrxhold":"101999999999995965677","opParameter":"500000000000000000","afterDebt":"500000000000000000","opType":4,"cdpId":83,"curPer":"1000000000000039552182602553","eventTime":1586469855000,"liqPrice":"7352941176470588","txId":"877ede2dd532f2d8eb0c0a28c8cfb34028812552701e4f86dca977e7aa1a4cee","cRatio":"2740306909693199999989937724","id":595},{"curPip":"13432877008300000","afterPtrxhold":"101999999999995965677","opParameter":"101999999999995965677","afterDebt":"0","opType":3,"cdpId":83,"curPer":"1000000000000039552182602553","eventTime":1586469855000,"liqPrice":"0","txId":"877ede2dd532f2d8eb0c0a28c8cfb34028812552701e4f86dca977e7aa1a4cee","cRatio":"0","id":594},{"curPip":"13432877008300000","afterPtrxhold":"0","opParameter":"TCBLTVx7dJWcFBBNE7e3QEPHXEtigsbpth","afterDebt":"0","opType":2,"cdpId":83,"curPer":"1000000000000039552182602541","eventTime":1586469855000,"liqPrice":"0","txId":"877ede2dd532f2d8eb0c0a28c8cfb34028812552701e4f86dca977e7aa1a4cee","cRatio":"0","id":593},{"curPip":"13432877008300000","afterPtrxhold":"0","opParameter":"","afterDebt":"0","opType":1,"cdpId":83,"curPer":"1000000000000039552182602541","eventTime":1586469855000,"liqPrice":"0","txId":"877ede2dd532f2d8eb0c0a28c8cfb34028812552701e4f86dca977e7aa1a4cee","cRatio":"0","id":592},{"curPip":"13416703988200000","afterPtrxhold":"101001000000012827093","opParameter":"1000000000000000","afterDebt":"2000000000000000","opType":4,"cdpId":18,"curPer":"1000000000000039552182602541","eventTime":1586468955000,"liqPrice":"29702676211122","txId":"459222cf36e618b7ed963c8c075a72aaddf4d300d97711331e43ab28d818ed15","cRatio":"677550259756206947246501355500","id":591},{"curPip":"13374573270500000","afterPtrxhold":"54141999999997858565729","opParameter":"65000000000000000000","afterDebt":"195000000000000000000","opType":5,"cdpId":73,"curPer":"1000000000000039552182602541","eventTime":1586468541000,"liqPrice":"5402460197259060","txId":"39d06b91623d6515134dfb34fc4ba5a9005aefb9a2a501b7c06b251ab3ea3c17","cRatio":"3713467415443133333333296788","id":590},{"curPip""
12:38:42.289 [TestNG-tests-1] DEBUG org.apache.http.wire -  << ":"13374573270500000","afterPtrxhold":"54141999999997858565729","opParameter":"9000999999999643990804","afterDebt":"260000000000000000000","opType":3,"cdpId":73,"curPer":"1000000000000039552182602541","eventTime":1586468505000,"liqPrice":"7203280263012079","txId":"773739b010e0c9102751dd2560f7955df98202956416f0be626146abd11679c0","cRatio":"2785100561582349999999972591","id":589},{"curPip":"13362522375200000","afterPtrxhold":"2999999999999881343452","opParameter":"499999999999980223909","afterDebt":"10000000000000000000","opType":3,"cdpId":72,"curPer":"1000000000000039552182602528","eventTime":1586467434000,"liqPrice":"5000000000000000","txId":"5e9069717799fa16e30c045dce6ae0d12e6fda84538a7476c6dc186bef29d3cc","cRatio":"4008756712559999999999742794","id":588},{"curPip":"13352968821200000","afterPtrxhold":"45140999999998214574925","opParameter":"35000000000000000000","afterDebt":"260000000000000000000","opType":5,"cdpId":73,"curPer":"1000000000000039552182602537","eventTime":1586466423000,"liqPrice":"8639595932744069","txId":"2376e51bcbb74bf911e132757c640464b7fdfac5863853c7e61c318419147d93","cRatio":"2318332175222266153846146695","id":587},{"curPip":"13362522375200000","afterPtrxhold":"339999999999986552258","opParameter":"3000000000000000000","afterDebt":"3000000000000000000","opType":4,"cdpId":82,"curPer":"1000000000000039552182602537","eventTime":1586465655000,"liqPrice":"13235294117647059","txId":"ebe5134f7b12f0cd0e39e9e4e77357afaf33e6ce09cb4acaa72377405660c3c2","cRatio":"1514419202522666666667044612","id":586},{"curPip":"13362522375200000","afterPtrxhold":"339999999999986552258","opParameter":"339999999999986552258","afterDebt":"0","opType":3,"cdpId":82,"curPer":"1000000000000039552182602537","eventTime":1586465655000,"liqPrice":"0","txId":"ebe5134f7b12f0cd0e39e9e4e77357afaf33e6ce09cb4acaa72377405660c3c2","cRatio":"0","id":585},{"curPip":"13362522375200000","afterPtrxhold":"0","opParameter":"TCBLTVx7dJWcFBBNE7e3QEPHXEtigsbpth","afterDebt":"0","opType":2,"cdpId":82,"curPer":"1000000000000039552182602540","eventTime":1586465655000,"liqPrice":"0","txId":"ebe5134f7b12f0cd0e39e9e4e77357afaf33e6ce09cb4acaa72377405660c3c2","cRatio":"0","id":584},{"curPip":"13362522375200000","afterPtrxhold":"0","opParameter":"","afterDebt":"0","opType":1,"cdpId":82,"curPer":"1000000000000039552182602540","eventTime":1586465655000,"liqPrice":"0","txId":"ebe5134f7b12f0cd0e39e9e4e77357afaf33e6ce09cb4acaa72377405660c3c2","cRatio":"0","id":583},{"curPip":"13364704719100000","afterPtrxhold":"45140999999998214574925","opParameter":"800999999999968318702","afterDebt":"295000000000000000000","opType":3,"cdpId":73,"curPer":"1000000000000039552182602540","eventTime":1586465019000,"l"
12:38:42.289 [TestNG-tests-1] DEBUG org.apache.http.wire -  << "iqPrice":"9802618462151924","txId":"5104ddfa92879056c6c4064ee1160cd411f13df722bcce1d96472f8fce1703ba","cRatio":"2045071646525061355932197121","id":582},{"curPip":"13379605814800000","afterPtrxhold":"44339999999998246256223","opParameter":"36000000000000000000","afterDebt":"295000000000000000000","opType":4,"cdpId":73,"curPer":"1000000000000039552182602549","eventTime":1586464536000,"liqPrice":"9979702300405954","txId":"c44fb746d446be5ce584601f85cb8a3907f8921db212776e208bdb4c60e10947","cRatio":"2011022785858413559322015604","id":581},{"curPip":"13399317202700000","afterPtrxhold":"44339999999998246256223","opParameter":"11000999999999564886439","afterDebt":"259000000000000000000","opType":3,"cdpId":73,"curPer":"1000000000000039552182602549","eventTime":1586463873000,"liqPrice":"8761840324763194","txId":"ac7e738c3aaa92d9b4d36e284d1a8d1de845387dd27dea8a58991048ff55dc3e","cRatio":"2293921717249876447876427082","id":580},{"curPip":"13399317202700000","afterPtrxhold":"33338999999998681369784","opParameter":"150000000000000000000","afterDebt":"259000000000000000000","opType":4,"cdpId":73,"curPer":"1000000000000039552182602543","eventTime":1586463465000,"liqPrice":"11653018986772249","txId":"330ed18f882ff3592948a73f4297e98a1a17ab8599057dff6f872d78b5368769","cRatio":"1724787012435580308880297869","id":579},{"curPip":"13400838704800000","afterPtrxhold":"199999999999992089563","opParameter":"1000000000000000000","afterDebt":"1000000000000000000","opType":4,"cdpId":81,"curPer":"1000000000000039552182602543","eventTime":1586462682000,"liqPrice":"7500000000000000","txId":"239b689a495dcc5e133d8aeb2b08ce7f2deac21efd0581f8c51d137fe17f10a4","cRatio":"2680167740959999999993574314","id":578}],"message":"SUCCESS"}"
12:38:42.289 [TestNG-tests-1] DEBUG org.apache.http.impl.conn.DefaultClientConnection - Connection 0.0.0.0:53159<->3.12.242.83:80 closed
12:38:42.289 [TestNG-tests-1] DEBUG org.apache.http.impl.conn.PoolingClientConnectionManager - Connection released: [id: 7][route: {}->http://api.just.network:80][total kept alive: 0; route allocated: 0 of 80; total allocated: 0 of 100]
12:38:42.290 [TestNG-tests-1] INFO tron.common.TronscanApiList - ----------------------------Print JSON Start---------------------------
12:38:42.290 [TestNG-tests-1] INFO tron.common.TronscanApiList - code:0
12:38:42.290 [TestNG-tests-1] INFO tron.common.TronscanApiList - data:[{"curPip":"13428218126300000","afterPtrxhold":"3499999999999861567361","opParameter":"499999999999980223909","afterDebt":"10000000000000000000","opType":3,"cdpId":72,"curPer":"1000000000000039552182602503","eventTime":1586483505000,"liqPrice":"4285714285714286","txId":"70ac64e5263debc52128eaf2e2aa1d2476ad110ec248f1293d63eaaec81d6f2b","cRatio":"4699876344205000000000146158","id":627},{"curPip":"13498692788900000","afterPtrxhold":"149999999999994067173","opParameter":"129000000000000000","afterDebt":"1349000000000000000","opType":4,"cdpId":88,"curPer":"1000000000000039552182602513","eventTime":1586481534000,"liqPrice":"13490000000000000","txId":"18d64e607e9417189add7874432a515acf6c0667c71eac4ce346f7688a900eb9","cRatio":"1500966581419570051894195408","id":626},{"curPip":"13498692788900000","afterPtrxhold":"149999999999994067173","opParameter":"1220000000000000000","afterDebt":"1220000000000000000","opType":4,"cdpId":88,"curPer":"1000000000000039552182602513","eventTime":1586481111000,"liqPrice":"12200000000000000","txId":"d4dffe72564de308c044e3d571e1795db15a21c3d95a513854637072b3279c6f","cRatio":"1659675342897540983610876726","id":625},{"curPip":"13498692788900000","afterPtrxhold":"149999999999994067173","opParameter":"149999999999994067173","afterDebt":"0","opType":3,"cdpId":88,"curPer":"1000000000000039552182602513","eventTime":1586481111000,"liqPrice":"0","txId":"d4dffe72564de308c044e3d571e1795db15a21c3d95a513854637072b3279c6f","cRatio":"0","id":624},{"curPip":"13498692788900000","afterPtrxhold":"0","opParameter":"TCBLTVx7dJWcFBBNE7e3QEPHXEtigsbpth","afterDebt":"0","opType":2,"cdpId":88,"curPer":"1000000000000039552182602526","eventTime":1586481111000,"liqPrice":"0","txId":"d4dffe72564de308c044e3d571e1795db15a21c3d95a513854637072b3279c6f","cRatio":"0","id":623},{"curPip":"13498692788900000","afterPtrxhold":"0","opParameter":"","afterDebt":"0","opType":1,"cdpId":88,"curPer":"1000000000000039552182602526","eventTime":1586481111000,"liqPrice":"0","txId":"d4dffe72564de308c044e3d571e1795db15a21c3d95a513854637072b3279c6f","cRatio":"0","id":622},{"curPip":"13503894728000000","afterPtrxhold":"19999999999999208956348","opParameter":"68000000000000000000","afterDebt":"70000010000000000000","opType":4,"cdpId":77,"curPer":"1000000000000039552182602526","eventTime":1586479794000,"liqPrice":"5250000750000000","txId":"943da1a4460f921dc957e930de770b8e62d3d6a5fe41198b0ba0c416857e55ef","cRatio":"3858255085392130658267058518","id":621},{"curPip":"13503894728000000","afterPtrxhold":"19999999999999208956348","opParameter":"8999999999999644030357","afterDebt":"2000010000000000000","opType":3,"cdpId":77,"curPer":"1000000000000039552182602526","eventTime":1586479698000,"liqPrice":"150000750000000","txId":"bbe0dcaf05ab7131adb8abf6fb6ef2e8ab3fde940eaa3b4f3dfee6ec9a49edd0","cRatio":"135038272088639556802216328374","id":620},{"curPip":"13503894728000000","afterPtrxhold":"10999999999999564925991","opParameter":"9998999999999604517726","afterDebt":"2000010000000000000","opType":3,"cdpId":77,"curPer":"1000000000000039552182602540","eventTime":1586479623000,"liqPrice":"272728636363636","txId":"43c695e7db8e7150d12c72f6a74dd04dbb9ed41adc303a5fe406fcabe632fc02","cRatio":"74271049648751756241216279840","id":619},{"curPip":"13465977464300000","afterPtrxhold":"124999999999995055977","opParameter":"500000000000000000","afterDebt":"500000000000000000","opType":4,"cdpId":87,"curPer":"1000000000000039552182602535","eventTime":1586478516000,"liqPrice":"6000000000000000","txId":"85ea855b5ae2d8d40eeff35ad633e200f47b7067f1d096d78b14e17ea6bd286f","cRatio":"3366494366074999999995295532","id":618},{"curPip":"13465977464300000","afterPtrxhold":"124999999999995055977","opParameter":"124999999999995055977","afterDebt":"0","opType":3,"cdpId":87,"curPer":"1000000000000039552182602535","eventTime":1586478516000,"liqPrice":"0","txId":"85ea855b5ae2d8d40eeff35ad633e200f47b7067f1d096d78b14e17ea6bd286f","cRatio":"0","id":617},{"curPip":"13465977464300000","afterPtrxhold":"0","opParameter":"TCBLTVx7dJWcFBBNE7e3QEPHXEtigsbpth","afterDebt":"0","opType":2,"cdpId":87,"curPer":"1000000000000039552182602529","eventTime":1586478516000,"liqPrice":"0","txId":"85ea855b5ae2d8d40eeff35ad633e200f47b7067f1d096d78b14e17ea6bd286f","cRatio":"0","id":616},{"curPip":"13465977464300000","afterPtrxhold":"0","opParameter":"","afterDebt":"0","opType":1,"cdpId":87,"curPer":"1000000000000039552182602529","eventTime":1586478516000,"liqPrice":"0","txId":"85ea855b5ae2d8d40eeff35ad633e200f47b7067f1d096d78b14e17ea6bd286f","cRatio":"0","id":615},{"curPip":"13466025900700000","afterPtrxhold":"111499999999995589932","opParameter":"1000970000000000000","afterDebt":"1000970000000000000","opType":4,"cdpId":86,"curPer":"1000000000000039552182602529","eventTime":1586475108000,"liqPrice":"13465964125560538","txId":"13cd5f0ad4322f651287e4d86a99c3ce4da3066ff24f6e06fa62633f90e74950","cRatio":"1500006881253234362673057366","id":614},{"curPip":"13466025900700000","afterPtrxhold":"111499999999995589932","opParameter":"111499999999995589932","afterDebt":"0","opType":3,"cdpId":86,"curPer":"1000000000000039552182602529","eventTime":1586475108000,"liqPrice":"0","txId":"13cd5f0ad4322f651287e4d86a99c3ce4da3066ff24f6e06fa62633f90e74950","cRatio":"0","id":613},{"curPip":"13466025900700000","afterPtrxhold":"0","opParameter":"TCBLTVx7dJWcFBBNE7e3QEPHXEtigsbpth","afterDebt":"0","opType":2,"cdpId":86,"curPer":"1000000000000039552182602541","eventTime":1586475108000,"liqPrice":"0","txId":"13cd5f0ad4322f651287e4d86a99c3ce4da3066ff24f6e06fa62633f90e74950","cRatio":"0","id":612},{"curPip":"13466025900700000","afterPtrxhold":"0","opParameter":"","afterDebt":"0","opType":1,"cdpId":86,"curPer":"1000000000000039552182602541","eventTime":1586475108000,"liqPrice":"0","txId":"13cd5f0ad4322f651287e4d86a99c3ce4da3066ff24f6e06fa62633f90e74950","cRatio":"0","id":611},{"curPip":"13461788500000000","afterPtrxhold":"1000999999999960408265","opParameter":"2000000000000000000","afterDebt":"2000010000000000000","opType":4,"cdpId":77,"curPer":"1000000000000039552182602541","eventTime":1586474454000,"liqPrice":"2997017982017982","txId":"c62cb9e94bf23f48d328c418fc25e841caf8ebcb8e55a7bd28af6a7e3dd51fe2","cRatio":"6737591456292718536405871891","id":610},{"curPip":"13461788500000000","afterPtrxhold":"498999999999980263461","opParameter":"248999999999990151507","afterDebt":"2243000000000000000","opType":3,"cdpId":85,"curPer":"1000000000000039552182602541","eventTime":1586473929000,"liqPrice":"6742484969939880","txId":"050b9101b6c6cf0673b5a3466b7298318664ac2a3276490a8bc77603a638f5a7","cRatio":"2994842827240303165404189737","id":609},{"curPip":"13461788500000000","afterPtrxhold":"249999999999990111954","opParameter":"2243000000000000000","afterDebt":"2243000000000000000","opType":4,"cdpId":85,"curPer":"1000000000000039552182602556","eventTime":1586473905000,"liqPrice":"13458000000000000","txId":"997b6ebb29586664993f8746a93f01bd8c7242db0c84358cf46ad5d6a0a7ea06","cRatio":"1500422258136424431562771723","id":608},{"curPip":"13461788500000000","afterPtrxhold":"249999999999990111954","opParameter":"249999999999990111954","afterDebt":"0","opType":3,"cdpId":85,"curPer":"1000000000000039552182602556","eventTime":1586473905000,"liqPrice":"0","txId":"997b6ebb29586664993f8746a93f01bd8c7242db0c84358cf46ad5d6a0a7ea06","cRatio":"0","id":607},{"curPip":"13461788500000000","afterPtrxhold":"0","opParameter":"TCBLTVx7dJWcFBBNE7e3QEPHXEtigsbpth","afterDebt":"0","opType":2,"cdpId":85,"curPer":"1000000000000039552182602545","eventTime":1586473905000,"liqPrice":"0","txId":"997b6ebb29586664993f8746a93f01bd8c7242db0c84358cf46ad5d6a0a7ea06","cRatio":"0","id":606},{"curPip":"13461788500000000","afterPtrxhold":"0","opParameter":"","afterDebt":"0","opType":1,"cdpId":85,"curPer":"1000000000000039552182602545","eventTime":1586473905000,"liqPrice":"0","txId":"997b6ebb29586664993f8746a93f01bd8c7242db0c84358cf46ad5d6a0a7ea06","cRatio":"0","id":605},{"curPip":"13461788500000000","afterPtrxhold":"499999999999980223909","opParameter":"2000000000000000000","afterDebt":"2000000000000000000","opType":4,"cdpId":84,"curPer":"1000000000000039552182602545","eventTime":1586473722000,"liqPrice":"6000000000000000","txId":"53fb335d56c440cff3e3358a7a6785bf2c8d9f581b86e6a39fd0c9a9da613e6a","cRatio":"3365447125000000000002027868","id":604},{"curPip":"13461788500000000","afterPtrxhold":"499999999999980223909","opParameter":"499999999999980223909","afterDebt":"0","opType":3,"cdpId":84,"curPer":"1000000000000039552182602545","eventTime":1586473722000,"liqPrice":"0","txId":"53fb335d56c440cff3e3358a7a6785bf2c8d9f581b86e6a39fd0c9a9da613e6a","cRatio":"0","id":603},{"curPip":"13461788500000000","afterPtrxhold":"0","opParameter":"TCBLTVx7dJWcFBBNE7e3QEPHXEtigsbpth","afterDebt":"0","opType":2,"cdpId":84,"curPer":"1000000000000039552182602555","eventTime":1586473722000,"liqPrice":"0","txId":"53fb335d56c440cff3e3358a7a6785bf2c8d9f581b86e6a39fd0c9a9da613e6a","cRatio":"0","id":602},{"curPip":"13461788500000000","afterPtrxhold":"0","opParameter":"","afterDebt":"0","opType":1,"cdpId":84,"curPer":"1000000000000039552182602555","eventTime":1586473722000,"liqPrice":"0","txId":"53fb335d56c440cff3e3358a7a6785bf2c8d9f581b86e6a39fd0c9a9da613e6a","cRatio":"0","id":601},{"curPip":"13458308456800000","afterPtrxhold":"42706999999998310844937","opParameter":"25435999999998993950683","afterDebt":"383000000000000000000","opType":6,"cdpId":73,"curPer":"1000000000000039552182602555","eventTime":1586471889000,"liqPrice":"13452127285925024","txId":"56bdca173a077baa9112236556deade46954d33fe3a37c35df9bc46038a4934b","cRatio":"1500689240899628198433399552","id":600},{"curPip":"13452567606200000","afterPtrxhold":"68142999999997304795620","opParameter":"14000999999999446229891","afterDebt":"383000000000000000000","opType":3,"cdpId":73,"curPer":"1000000000000039552182602565","eventTime":1586471712000,"liqPrice":"8430799935429905","txId":"7c18c056d54e53151cbf297cbd3fd65113f5c14de12449230ff608b3d52ed92d","cRatio":"2393468183784038120104406596","id":599},{"curPip":"13452567606200000","afterPtrxhold":"54141999999997858565729","opParameter":"190000000000000000000","afterDebt":"383000000000000000000","opType":4,"cdpId":73,"curPer":"1000000000000039552182602553","eventTime":1586471310000,"liqPrice":"10610985925898563","txId":"2912736d8bc04974a4b6beea1bbb961fb202a0f852703fa5c08b0df2d483e8bf","cRatio":"1901694295913525848563950014","id":598},{"curPip":"13432877008300000","afterPtrxhold":"54141999999997858565729","opParameter":"11000000000000000000","afterDebt":"193000000000000000000","opType":5,"cdpId":73,"curPer":"1000000000000039552182602553","eventTime":1586470323000,"liqPrice":"5347050349082044","txId":"1891c9c575eaa6fdbc33a79aa3b15abff0fea2bc489700143b40a397a4ea46fc","cRatio":"3768304803022687046632087302","id":597},{"curPip":"13432877008300000","afterPtrxhold":"54141999999997858565729","opParameter":"9000000000000000000","afterDebt":"204000000000000000000","opType":4,"cdpId":73,"curPer":"1000000000000039552182602553","eventTime":1586470260000,"liqPrice":"5651804514055631","txId":"92f3edce5e22bbaa2c8f73a962e226876a3f7c5bf5ad553f75c8d0ff1a6ff383","cRatio":"3565111896977346078431337497","id":596},{"curPip":"13432877008300000","afterPtrxhold":"101999999999995965677","opParameter":"500000000000000000","afterDebt":"500000000000000000","opType":4,"cdpId":83,"curPer":"1000000000000039552182602553","eventTime":1586469855000,"liqPrice":"7352941176470588","txId":"877ede2dd532f2d8eb0c0a28c8cfb34028812552701e4f86dca977e7aa1a4cee","cRatio":"2740306909693199999989937724","id":595},{"curPip":"13432877008300000","afterPtrxhold":"101999999999995965677","opParameter":"101999999999995965677","afterDebt":"0","opType":3,"cdpId":83,"curPer":"1000000000000039552182602553","eventTime":1586469855000,"liqPrice":"0","txId":"877ede2dd532f2d8eb0c0a28c8cfb34028812552701e4f86dca977e7aa1a4cee","cRatio":"0","id":594},{"curPip":"13432877008300000","afterPtrxhold":"0","opParameter":"TCBLTVx7dJWcFBBNE7e3QEPHXEtigsbpth","afterDebt":"0","opType":2,"cdpId":83,"curPer":"1000000000000039552182602541","eventTime":1586469855000,"liqPrice":"0","txId":"877ede2dd532f2d8eb0c0a28c8cfb34028812552701e4f86dca977e7aa1a4cee","cRatio":"0","id":593},{"curPip":"13432877008300000","afterPtrxhold":"0","opParameter":"","afterDebt":"0","opType":1,"cdpId":83,"curPer":"1000000000000039552182602541","eventTime":1586469855000,"liqPrice":"0","txId":"877ede2dd532f2d8eb0c0a28c8cfb34028812552701e4f86dca977e7aa1a4cee","cRatio":"0","id":592},{"curPip":"13416703988200000","afterPtrxhold":"101001000000012827093","opParameter":"1000000000000000","afterDebt":"2000000000000000","opType":4,"cdpId":18,"curPer":"1000000000000039552182602541","eventTime":1586468955000,"liqPrice":"29702676211122","txId":"459222cf36e618b7ed963c8c075a72aaddf4d300d97711331e43ab28d818ed15","cRatio":"677550259756206947246501355500","id":591},{"curPip":"13374573270500000","afterPtrxhold":"54141999999997858565729","opParameter":"65000000000000000000","afterDebt":"195000000000000000000","opType":5,"cdpId":73,"curPer":"1000000000000039552182602541","eventTime":1586468541000,"liqPrice":"5402460197259060","txId":"39d06b91623d6515134dfb34fc4ba5a9005aefb9a2a501b7c06b251ab3ea3c17","cRatio":"3713467415443133333333296788","id":590},{"curPip":"13374573270500000","afterPtrxhold":"54141999999997858565729","opParameter":"9000999999999643990804","afterDebt":"260000000000000000000","opType":3,"cdpId":73,"curPer":"1000000000000039552182602541","eventTime":1586468505000,"liqPrice":"7203280263012079","txId":"773739b010e0c9102751dd2560f7955df98202956416f0be626146abd11679c0","cRatio":"2785100561582349999999972591","id":589},{"curPip":"13362522375200000","afterPtrxhold":"2999999999999881343452","opParameter":"499999999999980223909","afterDebt":"10000000000000000000","opType":3,"cdpId":72,"curPer":"1000000000000039552182602528","eventTime":1586467434000,"liqPrice":"5000000000000000","txId":"5e9069717799fa16e30c045dce6ae0d12e6fda84538a7476c6dc186bef29d3cc","cRatio":"4008756712559999999999742794","id":588},{"curPip":"13352968821200000","afterPtrxhold":"45140999999998214574925","opParameter":"35000000000000000000","afterDebt":"260000000000000000000","opType":5,"cdpId":73,"curPer":"1000000000000039552182602537","eventTime":1586466423000,"liqPrice":"8639595932744069","txId":"2376e51bcbb74bf911e132757c640464b7fdfac5863853c7e61c318419147d93","cRatio":"2318332175222266153846146695","id":587},{"curPip":"13362522375200000","afterPtrxhold":"339999999999986552258","opParameter":"3000000000000000000","afterDebt":"3000000000000000000","opType":4,"cdpId":82,"curPer":"1000000000000039552182602537","eventTime":1586465655000,"liqPrice":"13235294117647059","txId":"ebe5134f7b12f0cd0e39e9e4e77357afaf33e6ce09cb4acaa72377405660c3c2","cRatio":"1514419202522666666667044612","id":586},{"curPip":"13362522375200000","afterPtrxhold":"339999999999986552258","opParameter":"339999999999986552258","afterDebt":"0","opType":3,"cdpId":82,"curPer":"1000000000000039552182602537","eventTime":1586465655000,"liqPrice":"0","txId":"ebe5134f7b12f0cd0e39e9e4e77357afaf33e6ce09cb4acaa72377405660c3c2","cRatio":"0","id":585},{"curPip":"13362522375200000","afterPtrxhold":"0","opParameter":"TCBLTVx7dJWcFBBNE7e3QEPHXEtigsbpth","afterDebt":"0","opType":2,"cdpId":82,"curPer":"1000000000000039552182602540","eventTime":1586465655000,"liqPrice":"0","txId":"ebe5134f7b12f0cd0e39e9e4e77357afaf33e6ce09cb4acaa72377405660c3c2","cRatio":"0","id":584},{"curPip":"13362522375200000","afterPtrxhold":"0","opParameter":"","afterDebt":"0","opType":1,"cdpId":82,"curPer":"1000000000000039552182602540","eventTime":1586465655000,"liqPrice":"0","txId":"ebe5134f7b12f0cd0e39e9e4e77357afaf33e6ce09cb4acaa72377405660c3c2","cRatio":"0","id":583},{"curPip":"13364704719100000","afterPtrxhold":"45140999999998214574925","opParameter":"800999999999968318702","afterDebt":"295000000000000000000","opType":3,"cdpId":73,"curPer":"1000000000000039552182602540","eventTime":1586465019000,"liqPrice":"9802618462151924","txId":"5104ddfa92879056c6c4064ee1160cd411f13df722bcce1d96472f8fce1703ba","cRatio":"2045071646525061355932197121","id":582},{"curPip":"13379605814800000","afterPtrxhold":"44339999999998246256223","opParameter":"36000000000000000000","afterDebt":"295000000000000000000","opType":4,"cdpId":73,"curPer":"1000000000000039552182602549","eventTime":1586464536000,"liqPrice":"9979702300405954","txId":"c44fb746d446be5ce584601f85cb8a3907f8921db212776e208bdb4c60e10947","cRatio":"2011022785858413559322015604","id":581},{"curPip":"13399317202700000","afterPtrxhold":"44339999999998246256223","opParameter":"11000999999999564886439","afterDebt":"259000000000000000000","opType":3,"cdpId":73,"curPer":"1000000000000039552182602549","eventTime":1586463873000,"liqPrice":"8761840324763194","txId":"ac7e738c3aaa92d9b4d36e284d1a8d1de845387dd27dea8a58991048ff55dc3e","cRatio":"2293921717249876447876427082","id":580},{"curPip":"13399317202700000","afterPtrxhold":"33338999999998681369784","opParameter":"150000000000000000000","afterDebt":"259000000000000000000","opType":4,"cdpId":73,"curPer":"1000000000000039552182602543","eventTime":1586463465000,"liqPrice":"11653018986772249","txId":"330ed18f882ff3592948a73f4297e98a1a17ab8599057dff6f872d78b5368769","cRatio":"1724787012435580308880297869","id":579},{"curPip":"13400838704800000","afterPtrxhold":"199999999999992089563","opParameter":"1000000000000000000","afterDebt":"1000000000000000000","opType":4,"cdpId":81,"curPer":"1000000000000039552182602543","eventTime":1586462682000,"liqPrice":"7500000000000000","txId":"239b689a495dcc5e133d8aeb2b08ce7f2deac21efd0581f8c51d137fe17f10a4","cRatio":"2680167740959999999993574314","id":578}]
12:38:42.291 [TestNG-tests-1] INFO tron.common.TronscanApiList - message:SUCCESS
12:38:42.291 [TestNG-tests-1] INFO tron.common.TronscanApiList - JSON content size are: 3
12:38:42.291 [TestNG-tests-1] INFO tron.common.TronscanApiList - ----------------------------Print JSON End-----------------------------
]]></system-out>
  <system-err><![CDATA[]]></system-err>
</testsuite>
