<?xml version="1.0" encoding="UTF-8"?>
<testsuite name="tron.djed.TokenInfo" tests="3" skipped="0" failures="0" errors="0" timestamp="2020-04-13T05:31:55" hostname="zhukaideiMac" time="25.331">
  <properties/>
  <testcase name="tokenInfoDai" classname="tron.djed.TokenInfo" time="5.949"/>
  <testcase name="tokenInfoMkr" classname="tron.djed.TokenInfo" time="9.857"/>
  <testcase name="tokenInfoTrx" classname="tron.djed.TokenInfo" time="9.523"/>
  <system-out><![CDATA[http://api.just.network/scan/tokenInfo/timeLine/DAI
13:31:55.398 [TestNG-tests-1] DEBUG org.apache.http.impl.conn.PoolingClientConnectionManager - Connection request: [route: {}->http://api.just.network:80][total kept alive: 0; route allocated: 0 of 80; total allocated: 0 of 100]
13:31:55.403 [TestNG-tests-1] DEBUG org.apache.http.impl.conn.PoolingClientConnectionManager - Connection leased: [id: 0][route: {}->http://api.just.network:80][total kept alive: 0; route allocated: 1 of 80; total allocated: 1 of 100]
13:31:55.992 [TestNG-tests-1] DEBUG org.apache.http.impl.conn.DefaultClientConnectionOperator - Connecting to api.just.network:80
13:31:56.328 [TestNG-tests-1] DEBUG org.apache.http.client.protocol.RequestAddCookies - CookieSpec selected: default
13:31:56.328 [TestNG-tests-1] DEBUG org.apache.http.client.protocol.RequestAuthCache - Auth cache not set in the context
13:31:56.328 [TestNG-tests-1] DEBUG org.apache.http.client.protocol.RequestTargetAuthentication - Target auth state: UNCHALLENGED
13:31:56.328 [TestNG-tests-1] DEBUG org.apache.http.client.protocol.RequestProxyAuthentication - Proxy auth state: UNCHALLENGED
13:31:56.329 [TestNG-tests-1] DEBUG org.apache.http.impl.client.DefaultHttpClient - Attempt 1 to execute request
13:31:56.329 [TestNG-tests-1] DEBUG org.apache.http.impl.conn.DefaultClientConnection - Sending request: GET /scan/tokenInfo/timeLine/DAI HTTP/1.1
13:31:56.329 [TestNG-tests-1] DEBUG org.apache.http.wire -  >> "GET /scan/tokenInfo/timeLine/DAI HTTP/1.1[\r][\n]"
13:31:56.329 [TestNG-tests-1] DEBUG org.apache.http.wire -  >> "Content-type: application/json; charset=utf-8[\r][\n]"
13:31:56.329 [TestNG-tests-1] DEBUG org.apache.http.wire -  >> "Connection: Close[\r][\n]"
13:31:56.329 [TestNG-tests-1] DEBUG org.apache.http.wire -  >> "Host: api.just.network[\r][\n]"
13:31:56.329 [TestNG-tests-1] DEBUG org.apache.http.wire -  >> "User-Agent: Apache-HttpClient/4.5.3 (Java/1.8.0_211)[\r][\n]"
13:31:56.329 [TestNG-tests-1] DEBUG org.apache.http.wire -  >> "[\r][\n]"
13:31:56.330 [TestNG-tests-1] DEBUG org.apache.http.headers - >> GET /scan/tokenInfo/timeLine/DAI HTTP/1.1
13:31:56.330 [TestNG-tests-1] DEBUG org.apache.http.headers - >> Content-type: application/json; charset=utf-8
13:31:56.330 [TestNG-tests-1] DEBUG org.apache.http.headers - >> Connection: Close
13:31:56.330 [TestNG-tests-1] DEBUG org.apache.http.headers - >> Host: api.just.network
13:31:56.330 [TestNG-tests-1] DEBUG org.apache.http.headers - >> User-Agent: Apache-HttpClient/4.5.3 (Java/1.8.0_211)
13:31:56.622 [TestNG-tests-1] DEBUG org.apache.http.wire -  << "HTTP/1.1 200 [\r][\n]"
13:31:56.623 [TestNG-tests-1] DEBUG org.apache.http.wire -  << "Server: nginx/1.16.1[\r][\n]"
13:31:56.624 [TestNG-tests-1] DEBUG org.apache.http.wire -  << "Date: Mon, 13 Apr 2020 05:31:56 GMT[\r][\n]"
13:31:56.624 [TestNG-tests-1] DEBUG org.apache.http.wire -  << "Content-Type: application/json;charset=UTF-8[\r][\n]"
13:31:56.624 [TestNG-tests-1] DEBUG org.apache.http.wire -  << "Content-Length: 80295[\r][\n]"
13:31:56.624 [TestNG-tests-1] DEBUG org.apache.http.wire -  << "Connection: close[\r][\n]"
13:31:56.624 [TestNG-tests-1] DEBUG org.apache.http.wire -  << "Cache-Control: no-cache, no-store, must-revalidate[\r][\n]"
13:31:56.624 [TestNG-tests-1] DEBUG org.apache.http.wire -  << "[\r][\n]"
13:31:56.624 [TestNG-tests-1] DEBUG org.apache.http.impl.conn.DefaultClientConnection - Receiving response: HTTP/1.1 200 
13:31:56.624 [TestNG-tests-1] DEBUG org.apache.http.headers - << HTTP/1.1 200 
13:31:56.625 [TestNG-tests-1] DEBUG org.apache.http.headers - << Server: nginx/1.16.1
13:31:56.625 [TestNG-tests-1] DEBUG org.apache.http.headers - << Date: Mon, 13 Apr 2020 05:31:56 GMT
13:31:56.625 [TestNG-tests-1] DEBUG org.apache.http.headers - << Content-Type: application/json;charset=UTF-8
13:31:56.625 [TestNG-tests-1] DEBUG org.apache.http.headers - << Content-Length: 80295
13:31:56.625 [TestNG-tests-1] DEBUG org.apache.http.headers - << Connection: close
13:31:56.625 [TestNG-tests-1] DEBUG org.apache.http.headers - << Cache-Control: no-cache, no-store, must-revalidate
http://api.just.network/scan/tokenInfo/timeLine/DAI 请求总耗时：1254 毫秒
13:31:56.641 [TestNG-tests-1] DEBUG org.apache.http.wire -  << "{"code":0,"data":[{"t":1585906380000,"price":"100000000000000000","supply":"0"},{"t":1585906500000,"price":"100000000000000000","supply":"0"},{"t":1585906800001,"price":"100000000000000000","supply":"0"},{"t":1585907100000,"price":"100000000000000000","supply":"0"},{"t":1585908000001,"price":"100000000000000000","supply":"0"},{"t":1585908900000,"price":"100000000000000000","supply":"0"},{"t":1585909800000,"price":"100000000000000000","supply":"500000000000000000"},{"t":1585910700001,"price":"100000000000000000","supply":"520000000000000000"},{"t":1585911600000,"price":"100000000000000000","supply":"620000000000000000"},{"t":1585912500000,"price":"100000000000000000","supply":"620000000000000000"},{"t":1585913400000,"price":"100000000000000000","supply":"630000000000000000"},{"t":1585914300000,"price":"100000000000000000","supply":"630000000000000000"},{"t":1585915200000,"price":"100000000000000000","supply":"930000000000000000"},{"t":1585916100000,"price":"100000000000000000","supply":"1530000000000000000"},{"t":1585917000000,"price":"100000000000000000","supply":"1830000000000000000"},{"t":1585917900000,"price":"100000000000000000","supply":"2330000000000000000"},{"t":1585918800000,"price":"1000000000000"
13:31:56.642 [TestNG-tests-1] DEBUG org.apache.http.wire -  << "00000","supply":"2431234567890123457"},{"t":1585919700000,"price":"100000000000000000","supply":"2733703703670370369"},{"t":1585920600000,"price":"100000000000000000","supply":"2734938271560493825"},{"t":1585921500001,"price":"100000000000000000","supply":"2734938271560493825"},{"t":1585922400000,"price":"100000000000000000","supply":"2734938271560493825"},{"t":1585923300000,"price":"100000000000000000","supply":"2734938271560493825"},{"t":1585924200000,"price":"100000000000000000","supply":"2734938271560493825"},{"t":1585925100000,"price":"100000000000000000","supply":"3734938271560493825"},{"t":1585926000000,"price":"100000000000000000","supply":"200003734938271560493825"},{"t":1585926900000,"price":"100000000000000000","supply":"200004734938271560493825"},{"t":1585927800000,"price":"100000000000000000","supply":"200004734938271560493825"},{"t":1585928700000,"price":"100000000000000000","supply":"200004734938271560493825"},{"t":1585929600000,"price":"100000000000000000","supply":"200004734938271560493825"},{"t":1585930500000,"price":"100000000000000000","supply":"200004734938271560493825"},{"t":1585931400001,"price":"100000000000000000","supply":"200004734938271560493825"},{"t":1585932300000,"price":"100000000000000000","supply":"200004734938271560493825"},{"t":1585933200000,"price":"100000000000000000","supply":"200004734938271560493825"},{"t":1585934100000,"price":"100000000000000000","supply":"200004734938271560493825"},{"t":1585935000000,"price":"100000000000000000","supply":"200004734938271560493825"},{"t":1585935900000,"price":"100000000000000000","supply":"200004734938271560493825"},{"t":1585936800001,"price":"100000000000000000","supply":"200004734938271560493825"},{"t":1585937700000,"price":"100000000000000000","supply":"200004734938271560493825"},{"t":1585938600000,"price":"100000000000000000","supply":"200004734938271560493825"},{"t":1585939500000,"price":"100000000000000000","supply":"200004734938271560493825"},{"t":1585940400000,"price":"100000000000000000","supply":"200004734938271560493825"},{"t":1585941300000,"price":"100000000000000000","supply":"200004734938271560493825"},{"t":1585942200000,"price":"100000000000000000","supply":"200004734938271560493825"},{"t":1585943100000,"price":"100000000000000000","supply":"200004734938271560493825"},{"t":1585944000000,"price":"100000000000000000","supply":"200004734938271560493825"},{"t":1585944900000,"price":"100000000000000000","supply":"200004734938271560493825"},{"t":1585945800000,"price":"100000000000000000","supply":"200004734938271560493825"},{"t":1585946700000,"price":"100000000000000000","supply":"200004734938271560493825"},{"t":1585947600000,"price":"100000000000000000","supply":"200004734938271560493825"},{"t":1585948500000,"price":"100000000000000000","supply":"200004734938271560493825"},{"t":1585949400000,"price":"100000000000000000","supply":"200004734938271560493825"},{"t":1585950300000,"price":"100000000000000000","supply":"200004734938271560493825"},{"t":1585951200000,"price":"100000000000000000","supply":"200004734938271560493825"},{"t":1585952100000,"price":"100000000000000000","supply":"200004734938271560493825"},{"t":1585953000000,"price":"100000000000000000","supply":"200004734938271560493825"},{"t":1585953900000,"price":"100000000000000000","supply":"200004734938271560493825"},{"t":1585954800000,"price":"100000000000000000","supply":"200004734938271560493825"},{"t":1585955700000,"price":"100000000000000000","supply":"200004734938271560493825"},{"t":1585956600000,"price":"100000000000000000","supply":"200004734938271560493825"},{"t":1585957500000,"price":"100000000000000000","supply":"200004734938271560493825"},{"t":1585958400000,"price":"100000000000000000","supply":"200004734938271560493825"},{"t":1585959300000,"price":"100000000000000000","supply":"200004734938271560493825"},{"t":1585960200000,"price":"100000000000000000","supply":"200004734938271560493825"},{"t":1585961100000,"price":"100000000000000000","supply":"200004734938271560493825"},{"t":1585962000000,"price":"100000000000000000","supply":"200004734938271560493825"},{"t":1585962900001,"price":"100000000000000000","supply":"200004734938271560493825"},{"t":1585963800000,"price":"100000000000000000","supply":"200004734938271560493825"},{"t":1585964700000,"price":"100000000000000000","supply":"200004734938271560493825"},{"t":1585965600000,"price":"100000000000000000","supply":"200004734938271560493825"},{"t":1585966500001,"price":"100000000000000000","supply":"200004734938271560493825"},{"t":1585967400000,"price":"100000000000000000","supply":"200004734938271560493825"},{"t":1585968300000,"price":"100000000000000000","supply":"200004734938271560493825"},{"t":1585969200000,"price":"100000000000000000","supply":"200004734938271560493825"},{"t":1585970100001,"price":"100000000000000000","supply":"200004734938271560493825"},{"t":1585971000000,"price":"100000000000000000","supply":"200006734938271560493825"},{"t":1585971900000,"price":"100000000000000000","supply":"200006734938271560493825"},{"t":1585972800000,"price":"100000000000000000","supply":"200006734938271560493825"},{"t":1585973700000,"price":"100000000000000000","supply":"200007834938271560493825"},{"t":1585974600000,"price":"100000000000000000","supply":"200007834938271560493825"},{"t":1585975500000,"price":"100000000000000000","supply":"200007834938271560493825"},{"t":1585976400000,"price":"100000000000000000","supply":"200012834938271560493825"},{"t":1585977300000,"price":"100000000000000000","supply":"200013634938271560493825"},{"t":1585978200000,"price":"100000000000000000","supply":"200013634938271560493825"},{"t":1585979100000,"price":"100000000000000000","supply":"200033634938271560493825"},{"t":1585980000000,"price":"100000000000000000","supply":"200035634938271560493825"},{"t":1585980900001,"price":"100000000000000000","supply":"200035634938271560493825"},{"t":1585981800000,"price":"100000000000000000","supply":"200038634938271560493825"},{"t":1585982700000,"price":"100000000000000000","supply":"200038634938271560493825"},{"t":1585983600000,"price":"100000000000000000","supply":"200038634938271560493825"},{"t":1585984500000,"price":"100000000000000000","supply":"200038634938271560493825"},{"t":1585985400000,"price":"100000000000000000","supply":"200018734938271560493825"},{"t":1585986300000,"price":"100000000000000000","supply":"200019734938271560493825"},{"t":1585987200000,"price":"100000000000000000","supply":"20734938271560493825"},{"t":1585988100000,"price":"100000000000000000","supply":"101020734938271560493825"},{"t":1585989000000,"price":"100000000000000000","supply":"101020734938271560493825"},{"t":1585989900000,"price":"100000000000000000","supply":"101020734938271560493825"},{"t":1585990800000,"price":"100000000000000000","supply":"101227734938271560493825"},{"t":1585991700000,"price":"100000000000000000","supply":"101227734938271560493825"},{"t":1585992600000,"price":"100000000000000000","supply":"101229534938271560493825"},{"t":1585993500000,"price":"100000000000000000","supply":"101229534938271560493825"},{"t":1585994400000,"price":"100000000000000000","supply":"101229534938271560493825"},{"t":1585995300000,"price":"100000000000000000","supply":"101229534938271560493825"},{"t":1585996200000,"price":"100000000000000000","supply":"101229534938271560493825"},{"t":1585997100000,"price":"100000000000000000","supply":"101234534938271560493825"},{"t":1585998000000,"price":"100000000000000000","supply":"101234534938271560493825"},{"t":1585998900000,"price":"100000000000000000","supply":"101234534938271560493825"},{"t":1585999800000,"price":"100000000000000000","supply":"101234534938271560493825"},{"t":1586000700000,"price":"100000000000000000","supply":"101229535938271560493825"},{"t":1586001600000,"price":"100000000000000000","supply":"101229535938271560493825"},{"t":1586002500000,"price":"100000000000000000","supply":"101229535938271560493825"},{"t":1586003400000,"price":"100000000000000000","supply":"101229535938271560493825"},{"t":1586004300000,"price":"100000000000000000","supply":"101229535938271560493825"},{"t":1586005200000,"price":"100000000000000000","supply":"101229535938271560493825"},{"t":1586006100000,"price":"1000"
13:31:56.642 [TestNG-tests-1] DEBUG org.apache.http.wire -  << "00000000000000","supply":"101229535938271560493825"},{"t":1586007000000,"price":"100000000000000000","supply":"101230535938271560493825"},{"t":1586007900000,"price":"100000000000000000","supply":"101230535938271560493825"},{"t":1586008800001,"price":"100000000000000000","supply":"101230535938271560493825"},{"t":1586009700000,"price":"100000000000000000","supply":"101230535938271560493825"},{"t":1586010600001,"price":"100000000000000000","supply":"101230535938271560493825"},{"t":1586011500000,"price":"100000000000000000","supply":"101230535938271560493825"},{"t":1586012400000,"price":"100000000000000000","supply":"101231035938271560493825"},{"t":1586013300000,"price":"100000000000000000","supply":"101231035938271560493825"},{"t":1586014200000,"price":"100000000000000000","supply":"101230536938271560493825"},{"t":1586015100000,"price":"100000000000000000","supply":"101232436938271560493825"},{"t":1586016000000,"price":"100000000000000000","supply":"101232336938271560493825"},{"t":1586016900000,"price":"100000000000000000","supply":"101237342110721424760485"},{"t":1586017800000,"price":"100000000000000000","supply":"101237342110721424760485"},{"t":1586018700000,"price":"100000000000000000","supply":"101237342110721424760485"},{"t":1586019600000,"price":"100000000000000000","supply":"101240378809838969160485"},{"t":1586020500000,"price":"100000000000000000","supply":"101240378809838969160485"},{"t":1586021400000,"price":"100000000000000000","supply":"101240378809838969160485"},{"t":1586022300001,"price":"100000000000000000","supply":"101240378809838969160485"},{"t":1586023200000,"price":"100000000000000000","supply":"101235878809838969160485"},{"t":1586024100000,"price":"100000000000000000","supply":"101235878809838969160485"},{"t":1586025000000,"price":"100000000000000000","supply":"101235878809838969160485"},{"t":1586025900001,"price":"100000000000000000","supply":"101235878809838969160485"},{"t":1586026800000,"price":"100000000000000000","supply":"101235878809838969160485"},{"t":1586027700000,"price":"100000000000000000","supply":"101235878809838969160485"},{"t":1586028600000,"price":"100000000000000000","supply":"101235878809838969160485"},{"t":1586029500000,"price":"100000000000000000","supply":"101235878809838969160485"},{"t":1586030400000,"price":"100000000000000000","supply":"101235878809838969160485"},{"t":1586031300000,"price":"100000000000000000","supply":"101235878809838969160485"},{"t":1586032200000,"price":"100000000000000000","supply":"101235878809838969160485"},{"t":1586033100000,"price":"100000000000000000","supply":"101235878809838969160485"},{"t":1586034000000,"price":"100000000000000000","supply":"101235878809838969160485"},{"t":1586034900000,"price":"100000000000000000","supply":"101236878809838969160485"},{"t":1586035800000,"price":"100000000000000000","supply":"101236878809838969160485"},{"t":1586036700000,"price":"100000000000000000","supply":"101236878809838969160485"},{"t":1586037600000,"price":"100000000000000000","supply":"101236878809838969160485"},{"t":1586038500000,"price":"100000000000000000","supply":"101236878809838969160485"},{"t":1586039400000,"price":"100000000000000000","supply":"101236878809838969160485"},{"t":1586040300000,"price":"100000000000000000","supply":"101236878809838969160485"},{"t":1586041200000,"price":"100000000000000000","supply":"101236878809838969160485"},{"t":1586042100000,"price":"100000000000000000","supply":"101236878809838969160485"},{"t":1586043000000,"price":"100000000000000000","supply":"101236878809838969160485"},{"t":1586043900000,"price":"100000000000000000","supply":"101236878809838969160485"},{"t":1586044800000,"price":"100000000000000000","supply":"101236878809838969160485"},{"t":1586045700001,"price":"100000000000000000","supply":"101236878809838969160485"},{"t":1586046600000,"price":"100000000000000000","supply":"101236878809838969160485"},{"t":1586047500000,"price":"100000000000000000","supply":"101236878809838969160485"},{"t":1586048400000,"price":"100000000000000000","supply":"101236878809838969160485"},{"t":1586049300000,"price":"100000000000000000","supply":"101236878809838969160485"},{"t":1586050200000,"price":"100000000000000000","supply":"101236878809838969160485"},{"t":1586051100001,"price":"100000000000000000","supply":"101236878809838969160485"},{"t":1586052000000,"price":"100000000000000000","supply":"101236878809838969160485"},{"t":1586052900000,"price":"100000000000000000","supply":"101236878909838969160485"},{"t":1586053800000,"price":"100000000000000000","supply":"101236878909838969160485"},{"t":1586054700000,"price":"100000000000000000","supply":"101236878909838969160485"},{"t":1586055600000,"price":"100000000000000000","supply":"101236878909838969160485"},{"t":1586056500000,"price":"100000000000"
13:31:56.900 [TestNG-tests-1] DEBUG org.apache.http.wire -  << "000000","supply":"101236878909838969160485"},{"t":1586057400000,"price":"100000000000000000","supply":"101248866909838969160485"},{"t":1586058300000,"price":"100000000000000000","supply":"101248866909838969160485"},{"t":1586059200000,"price":"100000000000000000","supply":"101251866909838969160485"},{"t":1586060100000,"price":"100000000000000000","supply":"101251866909838969160485"},{"t":1586061000000,"price":"100000000000000000","supply":"101251866909838969160485"},{"t":1586061900000,"price":"100000000000000000","supply":"101251866909838969160485"},{"t":1586062800001,"price":"100000000000000000","supply":"101251866909838969160485"},{"t":1586063700000,"price":"100000000000000000","supply":"101253966909838969160485"},{"t":1586064600000,"price":"100000000000000000","supply":"101240979909838969160485"},{"t":1586065500000,"price":"100000000000000000","supply":"101240979909838969160485"},{"t":1586066400001,"price":"100000000000000000","supply":"101240979909838969160485"},{"t":1586067300000,"price":"100000000000000000","supply":"101240979909838969160485"},{"t":1586068200000,"price":"100000000000000000","supply":"101240979909838969160485"},{"t":1586069100000,"price":"100000000000000000","supply":"101240979909838969160485"},{"t":1586070000000,"price":"100000000000000000","supply":"101240979909838969160485"},{"t":1586070900000,"price":"100000000000000000","supply":"101240979909838969160485"},{"t":1586071800001,"price":"1000000"
13:31:56.902 [TestNG-tests-1] DEBUG org.apache.http.wire -  << "00000000000","supply":"101240979909838969160485"},{"t":1586072700000,"price":"100000000000000000","supply":"101240979909838969160485"},{"t":1586073600000,"price":"100000000000000000","supply":"101245979909838969160485"},{"t":1586074500000,"price":"100000000000000000","supply":"101037979909838969160485"},{"t":1586075400000,"price":"100000000000000000","supply":"101037979909838969160485"},{"t":1586076300000,"price":"100000000000000000","supply":"101037979909838969160485"},{"t":1586077200000,"price":"100000000000000000","supply":"101037979909838969160485"},{"t":1586078100000,"price":"100000000000000000","supply":"101038079909838969160485"},{"t":1586079000000,"price":"100000000000000000","supply":"101038079909838969160485"},{"t":1586079900000,"price":"100000000000000000","supply":"101037329909838969160485"},{"t":1586080800000,"price":"100000000000000000","supply":"101037329909838969160485"},{"t":1586081700000,"price":"100000000000000000","supply":"101037329909838969160485"},{"t":1586082600000,"price":"100000000000000000","supply":"101037329909838969160485"},{"t":1586083500001,"price":"100000000000000000","supply":"101037329909838969160485"},{"t":1586084400000,"price":"100000000000000000","supply":"101037329909838969160485"},{"t":1586085300000,"price":"100000000000000000","supply":"101037329909838969160485"},{"t":1586086200000,"price":"100000000000000000","supply":"101037329909838969160485"},{"t":1586087100000,"price":"10"
13:31:56.903 [TestNG-tests-1] DEBUG org.apache.http.wire -  << "0000000000000000","supply":"101037329909838969160485"},{"t":1586088000000,"price":"100000000000000000","supply":"101037329909838969160485"},{"t":1586088900000,"price":"100000000000000000","supply":"101037329909838969160485"},{"t":1586089800000,"price":"100000000000000000","supply":"101037329909838969160485"},{"t":1586090700000,"price":"100000000000000000","supply":"101109649909838969160485"},{"t":1586091600000,"price":"100000000000000000","supply":"101111649909838969160485"},{"t":1586092500000,"price":"100000000000000000","supply":"101091649909838969160485"},{"t":1586093400000,"price":"100000000000000000","supply":"101039649909838969160485"},{"t":1586094300000,"price":"100000000000000000","supply":"101039649909838969160485"},{"t":1586095200000,"price":"100000000000000000","supply":"101069649909838969160485"},{"t":1586096100000,"price":"100000000000000000","supply":"101069649909838969160485"},{"t":1586097000000,"price":"100000000000000000","supply":"101069654979308309160485"},{"t":1586097900000,"price":"100000000000000000","supply":"101069649979308309160485"},{"t":1586098800000,"price":"100000000000000000","supply":"101069649979308309160485"},{"t":1586099700000,"price":"100000000000000000","supply":"101069649979308309160485"},{"t":1586100600000,"price":"100000000000000000","supply":"101069649979308309160485"},{"t":1586101500000,"price":"100000000000000000","supply":"101069649979308309160485"},{"t":1586102400000,"price":"100000000000000000","supply":"101070811979308309160485"},{"t":1586103300000,"price":"100000000000000000","supply":"101070811979308309160485"},{"t":1586104200000,"price":"100000000000000000","supply":"101070811979308309160485"},{"t":1586105100000,"price":"100000000000000000","supply":"101070811979308309160485"},{"t":1586106000000,"price":"100000000000000000","supply":"101072611979308309160485"},{"t":1586106900000,"price":"100000000000000000","supply":"101071621979308309160485"},{"t":1586107800000,"price":"100000000000000000","supply":"101071621979308309160485"},{"t":1586108700000,"price":"100000000000000000","supply":"101071621979308309160485"},{"t":1586109600000,"price":"100000000000000000","supply":"101071621979308309160485"},{"t":1586110500001,"price":"100000000000000000","supply":"101071621979308309160485"},{"t":1586111400000,"price":"100000000000000000","supply":"101071621979308309160485"},{"t":1586112300000,"price":"100000000000000000","supply":"101071621979308309160485"},{"t":1586113200000,"price":"100000000000000000","supply":"101071621979308309160485"},{"t":1586114100000,"price":"100000000000000000","supply":"101071621979308309160485"},{"t":1586115000000,"price":"100000000000000000","supply":"101071621979308309160485"},{"t":1586115900000,"price":"100000000000000000","supply":"101071621979308309160485"},{"t":1586116800000,"price":"100000000000000000","supply":"101071621979308309160485"},{"t":1586117700000,"price":"100000000000000000","supply":"101071621979308309160485"},{"t":1586118600000,"price":"100000000000000000","supply":"101071621979308309160485"},{"t":1586119500000,"price":"100000000000000000","supply":"101072621979308309160485"},{"t":1586120400000,"price":"100000000000000000","supply":"101072621979308309160485"},{"t":1586121300000,"price":"100000000000000000","supply":"101072621979308309160485"},{"t":1586122200000,"price":"100000000000000000","supply":"101077621979308309160485"},{"t":1586123100000,"price":"100000000000000000","supply":"101077621979308309160485"},{"t":1586124000001,"price":"100000000000000000","supply":"101077621979308309160485"},{"t":1586124900001,"price":"100000000000000000","supply":"101077621979308309160485"},{"t":1586125800000,"price":"100000000000000000","supply":"101077621979308309160485"},{"t":1586126700000,"price":"100000000000000000","supply":"101077621979308309160485"},{"t":1586127600000,"price":"100000000000000000","supply":"101077621979308309160485"},{"t":1586128500000,"price":"100000000000000000","supply":"101077621979308309160485"},{"t":1586129400001,"price":"100000000000000000","supply":"101077621979308309160485"},{"t":1586130300000,"price":"100000000000000000","supply":"101077621979308309160485"},{"t":1586131200000,"price":"100000000000000000","supply":"101077621979308309160485"},{"t":1586132100000,"price":"100000000000000000","supply":"101078621979308309160485"},{"t":1586133000"
13:31:56.904 [TestNG-tests-1] DEBUG org.apache.http.wire -  << "000,"price":"100000000000000000","supply":"101078621979308309160485"},{"t":1586133900000,"price":"100000000000000000","supply":"101078621979308309160485"},{"t":1586134800000,"price":"100000000000000000","supply":"101078621979308309160485"},{"t":1586135700000,"price":"100000000000000000","supply":"101078621979308309160485"},{"t":1586136600000,"price":"100000000000000000","supply":"101078621979308309160485"},{"t":1586137500000,"price":"100000000000000000","supply":"101078621979308309160485"},{"t":1586138400000,"price":"100000000000000000","supply":"101078621979308309160485"},{"t":1586139300000,"price":"100000000000000000","supply":"101078621979308309160485"},{"t":1586140200000,"price":"100000000000000000","supply":"101078621979308309160485"},{"t":1586141100000,"price":"100000000000000000","supply":"101078621979308309160485"},{"t":1586142000000,"price":"100000000000000000","supply":"101078621979308309160485"},{"t":1586142900000,"price":"100000000000000000","supply":"101081621979308309160485"},{"t":1586143800001,"price":"100000000000000000","supply":"101079121979308309160485"},{"t":1586144700000,"price":"100000000000000000","supply":"101107409979308309160485"},{"t":1586145600000,"price":"100000000000000000","supply":"101114722979308309160485"},{"t":1586146500000,"price":"100000000000000000","supply":"101116011979308309160485"},{"t":1586147400000,"price":"100000000000000000","supply":"101116011979308309160485"},{"t":1586148300000,"price":"100000000000000000","supply":"101117734979308309160485"},{"t":1586149200000,"price":"100000000000000000","supply":"101117734979308309160485"},{"t":1586150100000,"price":"100000000000000000","supply":"101117834979308309160485"},{"t":1586151000000,"price":"100000000000000000","supply":"101118534979308309160485"},{"t":1586151900000,"price":"100000000000000000","supply":"101118534979308309160485"},{"t":1586152800000,"price":"100000000000000000","supply":"101119184979308309160485"},{"t":1586153700000,"price":"100000000000000000","supply":"101119184979308309160485"},{"t":1586154600000,"price":"100000000000000000","supply":"101119184979308309160485"},{"t":1586155500000,"price":"100000000000000000","supply":"101118984979308309160485"},{"t":1586156400000,"price":"100000000000000000","supply":"101118984979308309160485"},{"t":1586157300000,"price":"100000000000000000","supply":"101123984979308309160485"},{"t":1586158200000,"price":"100000000000000000","supply":"101093684979308309160485"},{"t":1586159100001,"price":"100000000000000000","supply":"101093684979308309160485"},{"t":1586160000000,"price":"100000000000000000","supply":"101093684979308309160485"},{"t":1586160900000,"price":"100000000000000000","supply":"101093684979308309160485"},{"t":1586161800000,"price":"100000000000000000","supply":"101093684979308309160485"},{"t":1586162700000,"price":"100000000000000000","supply":"101093684979308309160485"},{"t":1586163600000,"price":"100000000000000000","supply":"101093684979308309160485"},{"t":1586164500000,"price":"100000000000000000","supply":"101093684979308309160485"},{"t":1586165400000,"price":"100000000000000000","supply":"101093684979308309160485"},{"t":1586166300000,"price":"100000000000000000","supply":"101093684979308309160485"},{"t":1586167200000,"price":"100000000000000000","supply":"101097523079308309160485"},{"t":1586168100000,"price":"100000000000000000","supply":"101097523079308309160485"},{"t":1586169000000,"price":"100000000000000000","supply":"101097523079308309160485"},{"t":1586169900001,"price":"100000000000000000","supply":"101097523079308309160485"},{"t":1586170800000,"price":"100000000000000000","supply":"101097523079308309160485"},{"t":1586171700000,"price":"100000000000000000","supply":"101097523079308309160485"},{"t":1586172600000,"price":"100000000000000000","supply":"101097523079308309160485"},{"t":1586173500000,"price":"100000000000000000","supply":"101097523079308309160485"},{"t":1586174400000,"price":"100000000000000000","supply":"101097523079308309160485"},{"t":1586175300000,"price":"100000000000000000","supply":"101097523079308309160485"},{"t":1586176200000,"price":"100000000000000000","supply":"101097523079308309160485"},{"t":1586177100000,"price":"100000000000000000","supply":"101097523079308309160485"},{"t":1586178000000,"price":"100000000000000000","supply":"101097523079308309160485"},"
13:31:57.470 [TestNG-tests-1] DEBUG org.apache.http.wire -  << "{"t":1586178900000,"price":"100000000000000000","supply":"101097523079308309160485"},{"t":1586179800000,"price":"100000000000000000","supply":"101097523079308309160485"},{"t":1586180700000,"price":"100000000000000000","supply":"101097523079308309160485"},{"t":1586181600000,"price":"100000000000000000","supply":"101097523079308309160485"},{"t":1586182500000,"price":"100000000000000000","supply":"101097523079308309160485"},{"t":1586183400000,"price":"100000000000000000","supply":"101092996079308309160485"},{"t":1586184300000,"price":"100000000000000000","supply":"101092996079308309160485"},{"t":1586185200000,"price":"100000000000000000","supply":"101092996079308309160485"},{"t":1586186100000,"price":"100000000000000000","supply":"101092996079308309160485"},{"t":1586187000000,"price":"100000000000000000","supply":"101092996079308309160485"},{"t":1586187900000,"price":"100000000000000000","supply":"101092996079308309160485"},{"t":1586188800000,"price":"100000000000000000","supply":"101093996079308309160485"},{"t":1586189700000,"price":"100000000000000000","supply":"101094096079308309160485"},{"t":1586190600000,"price":"100000000000000000","supply":"101094096079308309160485"},{"t":1586191500000,"price":"100000000000000000","supply":"101094096079308309160485"},{"t":1586192400000,"price":"100000000000000000","supply":"101094096079308309160485"},{"t":1586193300000,"price":"100000000000000000","supply":"101094096079308309160485"},{"t":1586194200000,"price":"100000000000000000","supply":"101094096079308309160485"},{"t":1586195100000,"price":"100000000000000000","supply":"101094096079308309160485"},{"t":1586196000000,"price":"100000000000000000","supply":"101094096079308309160485"},{"t":1586196900000,"price":"100000000000000000","supply":"101094096079308309160485"},{"t":1586197800000,"price":"100000000000000000","supply":"101094096079308309160485"},{"t":1586198700000,"price":"100000000000000000","supply":"101094096079308309160485"},{"t":1586199600000,"price":"100000000000000000","supply":"101104096079308309160485"},{"t":1586200500000,"price":"100000000000000000","supply":"101104096079308309160485"},{"t":1586201400001,"price":"100000000000000000","supply":"101104096079308309160485"},{"t":1586202300000,"price":"100000000000000000","supply":"101104096079308309160485"},{"t":1586203200000,"price":"100000000000000000","supply":"101104096079308309160485"},{"t":1586204100000,"price":"100000000000000000","supply":"101104096079308309160485"},{"t":1586205000000,"price":"100000000000000000","supply":"101104096079308309160485"},{"t":1586205900000,"price":"100000000000000000","supply":"101104096079308309160485"},{"t":1586206800000,"price":"100000000000000000","supply":"101104096079308309160485"},{"t":1586207700000,"price":"100000000000000000","supply":"101104096079308309160485"},{"t":1586208600000,"price":"100000000000000000","supply":"101104096079308309160485"},{"t":1586209500000,"price":"100000000000000000","supply":"101104096079308309160485"},{"t":1586210400000,"price":"100000000000000000","supply":"101104096079308309160485"},{"t":1586211300000,"price":"100000000000000000","supply":"101105010079308309160485"},{"t":1586212200001,"price":"100000000000000000","supply":"101105012079308309160485"},{"t":1586213100000,"price":"100000000000000000","supply":"101104912079308309160485"},{"t":1586214000000,"price":"100000000000000000","supply":"101107613079308309160485"},{"t":1586214900000,"price":"100000000000000000","supply":"101108513079308309160485"},{"t":1586215800000,"price":"100000000000000000","supply":"101108513079308309160485"},{"t":1586216700000,"price":"100000000000000000","supply":"101108513079308309160485"},{"t":1586217600001,"price":"100000000000000000","supply":"101108513079308309160485"},{"t":1586218500000,"price":"100000000000000000","supply":"101108513079308309160485"},{"t":1586219400000,"price":"100000000000000000","supply":"101108513079308309160485"},{"t":1586220300000,"price":"100000000000000000","supply":"101108513079308309160485"},{"t":1586221200000,"price":"100000000000000000","supply":"101108513079308309160485"},{"t":1586222100000,"price":"100000000000000000","supply":"101108513079308309160485"},{"t":1586223000000,"price":"100000000000000000","supply":"101108513079308309160485"},{"t":1586223900000,"price":"100000000000000000","supply":"101110513079308309160485"},{"t":1586224800000,"price":"100000000000000000","supply":"101110513079308309160485"},{"t":1586225700000,"price":"100000000000000000","supply":"101110513079308309160485"},{"t":1586226600000,"price":"100000000000000000","supply":"101110513079308309160485"},{"t":1586227500000,"price":"100000000000000000","supply":"101110513079308309160485"},{"t":1586228400000,"price":"100000000000000000","supply":"101110513079308309160485"},{"t":1586229300000,"price":"100000000000000000","supply":"101110513079308309160485"},{"t":1586230200000,"price":"100000000000000000","supply":"101110513079308309160485"},{"t":1586231100000,"price":"100000000000000000","supply":"101110513079308309160485"},{"t":1586232000000,"price":"100000000000000000","supply":"101110513079308309160485"},{"t":1586232900000,"price":"100000000000000000","supply":"101110513079308309160485"},{"t":1586233800000,"price":"100000000000000000","supply":"101110513079308309160485"},{"t":1586234700000,"price":"100000000000000000","supply":"101110513079308309160485"},{"t":1586235600000,"price":"100000000000000000","supply":"101110513079308309160485"},{"t":1586236500000,"price":"100000000000000000","supply":"101110513079308309160485"},{"t":1586237400000,"price":"100000000000000000","supply":"101112513079308309160485"},{"t":1586238300000,"price":"100000000000000000","supply":"101112513079308309160485"},{"t":1586239200001,"price":"100000000000000000","supply":"101112513079308309160485"},{"t":1586240100000,"price":"100000000000000000","supply":"101112513079308309160485"},{"t":1586241000000,"price":"100000000000000000","supply":"101117013079308309160485"},{"t":1586241900000,"price":"100000000000000000","supply":"101120840079308309160485"},{"t":1586242800000,"price":"100000000000000000","supply":"101120340079308309160485"},{"t":1586243700000,"price":"100000000000000000","supply":"101120340079308309160485"},{"t":1586244600000,"price":"100000000000000000","supply":"101120340079308309160485"},{"t":1586245500000,"price":"100000000000000000","supply":"101120340079308309160485"},{"t":1586246400000,"price":"100000000000000000","supply":"101118840079308309160485"},{"t":1586247300000,"price":"100000000000000000","supply":"101118340179308309160485"},{"t":1586248200000,"price":"100000000000000000","supply":"101118340179308309160485"},{"t":1586249100000,"price":"100000000000000000","supply":"101117440179308309160485"},{"t":1586250000000,"price":"100000000000000000","supply":"101117440179308309160485"},{"t":1586250900000,"price":"100000000000000000","supply":"101117640179308309160485"},{"t":1586251800000,"price":"100000000000000000","supply":"101117640179308309160485"},{"t":1586252700000,"price":"100000000000000000","supply":"101118741179308309160485"},{"t":1586253600000,"price":"100000000000000000","supply":"101203741179308309160485"},{"t":1586254500000,"price":"100000000000000000","supply":"101205741179308309160485"},{"t":1586255400000,"price":"100000000000000000","supply":"101205741179308309160485"},{"t":1586256300000,"price":"100000000000000000","supply":"101205741179308309160485"},{"t":1586257200000,"price":"100000000000000000","supply":"101205741179308309160485"},{"t":1586258100000,"price":"100000000000000000","supply":"101205741179308309160485"},{"t":1586259000000,"price":"100000000000000000","supply":"101205741179308309160485"},{"t":1586259900000,"price":"100000000000000000","supply":"101205741179308309160485"},{"t":1586260800000,"price":"100000000000000000","supply":"101205741179308309160485"},{"t":1586261700000,"price":"100000000000000000","supply":"101206741179308309160485"},{"t":1586262600000,"price":"100000000000000000","supply":"101206741179308309160485"},{"t":1586263500000,"price":"100000000000000000","supply":"101206741179308309160485"},{"t":1586264400001,"price":"100000000000000000","supply":"101208741179308309160485"},{"t":1586265300000,"price":"1000"
13:31:57.470 [TestNG-tests-1] DEBUG org.apache.http.wire -  << "00000000000000","supply":"101206741179308309160485"},{"t":1586266200000,"price":"100000000000000000","supply":"101257077679308309160485"},{"t":1586267100000,"price":"100000000000000000","supply":"101257077679308309160485"},{"t":1586268000000,"price":"100000000000000000","supply":"101257077679308309160485"},{"t":1586268900001,"price":"100000000000000000","supply":"101257077679308309160485"},{"t":1586269800000,"price":"100000000000000000","supply":"101257077679308309160485"},{"t":1586270700001,"price":"100000000000000000","supply":"101257077679308309160485"},{"t":1586271600000,"price":"100000000000000000","supply":"101257077679308309160485"},{"t":1586272500000,"price":"100000000000000000","supply":"101257077679308309160485"},{"t":1586273400000,"price":"100000000000000000","supply":"101257077679308309160485"},{"t":1586274300000,"price":"100000000000000000","supply":"101257077679308309160485"},{"t":1586275200000,"price":"100000000000000000","supply":"101257713679308309160485"},{"t":1586276100000,"price":"100000000000000000","supply":"101257713679308309160485"},{"t":1586277000000,"price":"100000000000000000","supply":"101257713679308309160485"},{"t":1586277900000,"price":"100000000000000000","supply":"101257713679308309160485"},{"t":1586278800000,"price":"100000000000000000","supply":"101257713679308309160485"},{"t":1586279700000,"price":"100000000000000000","supply":"101257713679308309160485"},{"t":1586280600000,"price":"100000000000000000","supply":"101257713679308309160485"},{"t":1586281500000,"price":"100000000000000000","supply":"101257713679308309160485"},{"t":1586282400000,"price":"100000000000000000","supply":"101257713679308309160485"},{"t":1586283300000,"price":"100000000000000000","supply":"101257713679308309160485"},{"t":1586284200000,"price":"100000000000000000","supply":"101257713679308309160485"},{"t":1586285100000,"price":"100000000000000000","supply":"101257713679308309160485"},{"t":1586286000000,"price":"100000000000000000","supply":"101257713679308309160485"},{"t":1586286900000,"price":"100000000000000000","supply":"101257713679308309160485"},{"t":1586287800000,"price":"100000000000000000","supply":"101257713679308309160485"},{"t":1586288700000,"price":"100000000000000000","supply":"101257713679308309160485"},{"t":1586289600000,"price":"100000000000000000","supply":"101257713679308309160485"},{"t":1586290500000,"price":"100000000000000000","supply":"101257713679308309160485"},{"t":1586291400000,"price":"100000000000000000","supply":"101257713679308309160485"},{"t":1586292300000,"price":"100000000000000000","supply":"101257713679308309160485"},{"t":1586293200000,"price":"100000000000000000","supply":"101257713679308309160485"},{"t":1586294100000,"price":"100000000000000000","supply":"101257713679308309160485"},{"t":1586295000000,"price":"100000000000000000","supply":"101257713679308309160485"},{"t":1586295900000,"price":"100000000000000000","supply":"101257713679308309160485"},{"t":1586296800000,"price":"100000000000000000","supply":"101257713679308309160485"},{"t":1586297700000,"price":"100000000000000000","supply":"101257713679308309160485"},{"t":1586298600000,"price":"100000000000000000","supply":"101257713679308309160485"},{"t":1586299500000,"price":"100000000000000000","supply":"101257713679308309160485"},{"t":1586300400000,"price":"100000000000000000","supply":"101257713679308309160485"},{"t":1586301300000,"price":"100000000000000000","supply":"101257713679308309160485"},{"t":1586302200000,"price":"100000000000000000","supply":"101257713679308309160485"},{"t":1586303100000,"price":"100000000000000000","supply":"101257713679308309160485"},{"t":1586304000000,"price":"100000000000000000","supply":"101257713679308309160485"},{"t":1586304900000,"price":"100000000000000000","supply":"101257713679308309160485"},{"t":1586305800000,"price":"100000000000000000","supply":"101257713679308309160485"},{"t":1586306700001,"price":"100000000000000000","supply":"101257713679308309160485"},{"t":1586307600001,"price":"100000000000000000","supply":"101257713679308309160485"},{"t":1586308500000,"price":"100000000000000000","supply":"101257713679308309160485"},{"t":1586309400000,"price":"100000000000000000","supply":"101257713679308309160485"},{"t":1586310300000,"price":"100000000000000000","supply":"101257713679308309160485"},{"t":1586311200000,"price":"100000000000000000","supply":"101257713679308309160485"},{"t":1586312100000,"price":"100000000000000000","supply":"101258113679308309160485"},{"t":1586313000000,"price":"100000000000000000","supply":"101258113679308309160485"},{"t":1586313900000,"price":"100000000000000000","supply":"101258113679308309160485"},{"t":1586314800000,"price":"100000000000000000","supply":"101258113679308309160485"},{"t":1586315700000,"price":"100000000000000000","supply":"101258113679308309160485"},{"t":1586316600000,"price":"100000000000000000","supply":"101258113679308309160485"},{"t":1586317500000,"price":"100000000000000000","supply":"101258113679308309160485"},{"t":1586318400000,"price":"100000000000000000","supply":"101258113679308309160485"},{"t":1586319300000,"price":"100000000000000000","supply":"101258113679308309160485"},{"t":1586320200000,"price":"100000000000000000","supply":"101258113679308309160485"},{"t":1586321100000,"price":"100000000000000000","supply":"101258113679308309160485"},{"t":1586322000000,"price":"100000000000000000","supply":"101258113679308309160485"},{"t":1586322900000,"price":"100000000000000000","supply":"101258113679308309160485"},{"t":1586323800000,"price":"100000000000000000","supply":"101258113679308309160485"},{"t":1586324700000,"price":"100000000000000000","supply":"101258113679308309160485"},{"t":1586325600000,"price":"100000000000000000","supply":"101258113679308309160485"},{"t":1586326500000,"price":"100000000000000000","supply":"101258110679308309160485"},{"t":1586327400000,"price":"100000000000000000","supply":"101258110679308309160485"},{"t":1586328300000,"price":"100000000000000000","supply":"101258110679308309160485"},{"t":1586329200000,"price":"100000000000000000","supply":"101262110679308309160485"},{"t":1586330100000,"price":"100000000000000000","supply":"101262110679308309160485"},{"t":1586331000000,"price":"100000000000000000","supply":"101262110679308309160485"},{"t":1586331900000,"price":"100000000000000000","supply":"101262110679308309160485"},{"t":1586332800000,"price":"100000000000000000","supply":"101262110679308309160485"},{"t":1586333700000,"price":"100000000000000000","supply":"101262110679308309160485"},{"t":1586334600000,"price":"100000000000000000","supply":"101262110679308309160485"},{"t":1586335500000,"price":"100000000000000000","supply":"101262110679308309160485"},{"t":1586336400000,"price":"100000000000000000","supply":"101262110679308309160485"},{"t":1586337300000,"price":"100000000000000000","supply":"101262110679308309160485"},{"t":1586338200000,"price":"100000000000000000","supply":"101262110679308309160485"},{"t":1586339100000,"price":"100000000000000000","supply":"101262110679308309160485"},{"t":1586340000001,"price":"100000000000000000","supply":"101261338679308309160485"},{"t":1586340900000,"price":"100000000000000000","supply":"101261348679308309160485"},{"t":1586341800000,"price":"100000000000000000","supply":"101261348679308309160485"},{"t":1586342700000,"price":"100000000000000000","supply":"101261348679308309160485"},{"t":1586343600000,"price":"100000000000000000","supply":"101261348679308309160485"},{"t":1586344500000,"price":"100000000000000000","supply":"101261348679308309160485"},{"t":1586345400000,"price":"100000000000000000","supply":"101261348679308309160485"},{"t":1586346300000,"price":"100000000000000000","supply":"101261348679308309160485"},{"t":1586347200000,"price":"100000000000000000","supply":"101261348679308309160485"},{"t":1586348100000,"price":"100000000000000000","supply":"101261348679308309160485"},{"t":1586349000000,"price":"100000000000000000","supply":"101261348679308309160485"},{"t":1586349900000,"price":"100000000000000000","supply":"101261348679308309160485"},{"t":1586350800000,"price":"100000000000000000","supply":"101261348679308309160485"},{"t":1586351700000,"price":"100000000000000000","supply":"101261"
13:31:57.471 [TestNG-tests-1] DEBUG org.apache.http.wire -  << "348679308309160485"},{"t":1586352600001,"price":"100000000000000000","supply":"101261348679308309160485"},{"t":1586353500000,"price":"100000000000000000","supply":"101261348679308309160485"},{"t":1586354400000,"price":"100000000000000000","supply":"101261348679308309160485"},{"t":1586355300000,"price":"100000000000000000","supply":"101261348679308309160485"},{"t":1586356200000,"price":"100000000000000000","supply":"101261348679308309160485"},{"t":1586357100000,"price":"100000000000000000","supply":"101261348679308309160485"},{"t":1586358000000,"price":"100000000000000000","supply":"101261348679308309160485"},{"t":1586358900000,"price":"100000000000000000","supply":"101261348679308309160485"},{"t":1586359800000,"price":"100000000000000000","supply":"101261348679308309160485"},{"t":1586360700000,"price":"100000000000000000","supply":"101261348679308309160485"},{"t":1586361600000,"price"
13:31:58.060 [TestNG-tests-1] DEBUG org.apache.http.wire -  << "":"100000000000000000","supply":"101261348679308309160485"},{"t":1586362500000,"price":"100000000000000000","supply":"101261348679308309160485"},{"t":1586363400000,"price":"100000000000000000","supply":"101261348679308309160485"},{"t":1586364300001,"price":"100000000000000000","supply":"101261348679308309160485"},{"t":1586365200000,"price":"100000000000000000","supply":"101261348679308309160485"},{"t":1586366100000,"price":"100000000000000000","supply":"101261348679308309160485"},{"t":1586367000000,"price":"100000000000000000","supply":"101261348679308309160485"},{"t":1586367900000,"price":"100000000000000000","supply":"101261348679308309160485"},{"t":1586368800000,"price":"100000000000000000","supply":"101262648679308309160485"},{"t":1586369700000,"price":"100000000000000000","supply":"101262678679308309160485"},{"t":1586370600000,"price":"100000000000000000","supply":"101262678679308309160485"},{"t":1586371500000,"price":"100000000000000000","supply":"101262678679308309160485"},{"t":1586372400000,"price":"100000000000000000","supply":"101289688679308309160485"},{"t":1586373300000,"price":"100000000000000000","supply":"101289680679308309160485"},{"t":1586374200000,"price":"100000000000000000","supply":"101289679179308309160485"},{"t":1586375100000,"price":"100000000000000000","supply":"101289679179308309160485"},{"t":1586376000000,"price":"100000000000000000","supply":"101289679179308309160485"},{"t":1586376900000,"price":"100000000000000000","supply":"101289679179308309160485"},{"t":1586377800001,"price":"100000000000000000","supply":"101290179179308309160485"},{"t":1586378700000,"price":"100000000000000000","supply":"101290179179308309160485"},{"t":1586379600000,"price":"100000000000000000","supply":"101290179179308309160485"},{"t":1586380500000,"price":"100000000000000000","supply":"101290179179308309160485"},{"t":1586381400000,"price":"100000000000000000","supply":"101290179179308309160485"},{"t":1586382300000,"price":"100000000000000000","supply":"101290179179308309160485"},{"t":1586383200000,"price":"100000000000000000","supply":"101290189179308309160485"},{"t":1586384100000,"price":"100000000000000000","supply":"101295684179308309160485"},{"t":1586385000000,"price":"100000000000000000","supply":"101295684179308309160485"},{"t":1586385900000,"price":"100000000000000000","supply":"101295684179308309160485"},{"t":1586386800000,"price":"100000000000000000","supply":"101295189179308309160485"},{"t":1586387700000,"price":"100000000000000000","supply":"101295189179308309160485"},{"t":1586388600000,"price":"100000000000000000","supply":"101295189179308309160485"},{"t":1586389500000,"price":"100000000000000000","supply":"101295189179308309160485"},{"t":1586390400000,"price":"100000000000000000","supply":"101295189179308309160485"},{"t":1586391300000,"price":"100000000000000000","supply":"101295689179308309160485"},{"t":1586392200000,"price":"100000000000000000","supply":"101295189179408309160485"},{"t":1586393100000,"price":"100000000000000000","supply":"101294709179408319160485"},{"t":1586394000000,"price":"100000000000000000","supply":"101296229179408319160485"},{"t":1586394900000,"price":"100000000000000000","supply":"101295610950640254660484"},{"t":1586395800000,"price":"100000000000000000","supply":"101295610950640254660484"},{"t":1586396700000,"price":"100000000000000000","supply":"101296260950640254660484"},{"t":1586397600000,"price":"100000000000000000","supply":"101297260950640254660484"},{"t":1586398500000,"price":"100000000000000000","supply":"101297260950640254660484"},{"t":1586399400000,"price":"100000000000000000","supply":"101297260950640254660484"},{"t":1586400300000,"price":"100000000000000000","supply":"101297260950640254660484"},{"t":1586401200000,"price":"100000000000000000","supply":"101297260950640254660484"},{"t":1586402100000,"price":"100000000000000000","supply":"101297260950640254660484"},{"t":1586403000000,"price":"100000000000000000","supply":"101297260950640254660484"},{"t":1586403900000,"price":"100000000000000000","supply":"101310760950640254660484"},{"t":1586404800000,"price":"100000000000000000","supply":"101310760950640254660484"},{"t":1586405700000,"price":"100000000000000000","supply":"101310760950640254660484"},{"t":1586406600000,"price":"100000000000000000","supply":"101310760950640254660484"},{"t":1586407500000,"price":"100000000000000000","supply":"101310760950640254660484"},{"t":1586408400000,"price":"100000000000000000","supply":"101310760950640254660484"},{"t":1586409300000,"price":"100000000000000000","supply":"101310760950640254660484"},{"t":1586410200001,"price":"100000000000000000","supply":"101310760950640254660484"},{"t":1586411100000,"price":"100000000000000000","supply":"101310860950640254660484"},{"t":1586412000000,"price":"100000000000000000","supply":"101310860950640254660484"},{"t":1586412900000,"price":"100000000000000000","supply":"101310860950640254660484"},{"t":1586413800000,"price":"100000000000000000","supply":"101310860950640254660484"},{"t":1586414700000,"price":"100000000000000000","supply":"101310860950640254660484"},{"t":1586415600000,"price":"100000000000000000","supply":"101310860950640254660484"},{"t":1586416500000,"price":"100000000000000000","supply":"101310860950640254660484"},{"t":1586417400000,"price":"100000000000000000","supply":"101283860950640254660484"},{"t":1586418300000,"price":"100000000000000000","supply":"101283761950640254660484"},{"t":1586419200000,"price":"100000000000000000","supply":"101284861950640254660484"},{"t":1586420100000,"price":"100000000000000000","supply":"101289361950640254660484"},{"t":1586421000000,"price":"100000000000000000","supply":"101289361950640254660484"},{"t":1586421900000,"price":"100000000000000000","supply":"101289361950640254660484"},{"t":1586422800001,"price":"100000000000000000","supply":"101289361950640254660484"},{"t":1586423700001,"price":"100000000000000000","supply":"101289361950640254660484"},{"t":1586424600000,"price":"100000000000000000","supply":"101289361950640254660484"},{"t":1586425500000,"price":"100000000000000000","supply":"101289361950640254660484"},{"t":1586426400000,"price":"100000000000000000","supply":"101289361950640254660484"},{"t":1586427300000,"price":"100000000000000000","supply":"101285361950640254660484"},{"t":1586428200000,"price":"100000000000000000","supply":"101285361950640254660484"},{"t":1586429100000,"price":"100000000000000000","supply":"101288361950640254660484"},{"t":1586430000000,"price":"100000000000000000","supply":"101291361950640254660484"},{"t":1586430900000,"price":"100000000000000000","supply":"101291361950640254660484"},{"t":1586431800000,"price":"100000000000000000","supply":"101291361950640254660484"},{"t":1586432700001,"price":"100000000000000000","supply":"101286361950640254660484"},{"t":1586433600000,"price":"100000000000000000","supply":"101292361950640254660484"},{"t":1586434500000,"price":"100000000000000000","supply":"101292361950640254660484"},{"t":1586435400000,"price":"100000000000000000","supply":"101292361950640254660484"},{"t":1586436300000,"price":"100000000000000000","supply":"101292361950640254660484"},{"t":1586437200000,"price":"100000000000000000","supply":"101292361950640254660484"},"
13:31:58.060 [TestNG-tests-1] DEBUG org.apache.http.wire -  << "{"t":1586438100000,"price":"100000000000000000","supply":"101295721950640254660484"},{"t":1586439000001,"price":"100000000000000000","supply":"101309721950640254660484"},{"t":1586439900000,"price":"100000000000000000","supply":"101309721950640254660484"},{"t":1586440800000,"price":"100000000000000000","supply":"101309721950640254660484"},{"t":1586441700000,"price":"100000000000000000","supply":"101309721950640254660484"},{"t":1586442600000,"price":"100000000000000000","supply":"101309721950640254660484"},{"t":1586443500000,"price":"100000000000000000","supply":"101309721950640254660484"},{"t":1586444400000,"price":"100000000000000000","supply":"101309721950640254660484"},{"t":1586445300000,"price":"100000000000000000","supply":"101309721950640254660484"},{"t":1586446200000,"price":"100000000000000000","supply":"101309721950640254660484"},{"t":1586447100000,"price":"100000000000000000","supply":"101309721950640254660484"},{"t":1586448000000,"price":"100000000000000000","supply":"101309721950640254660484"},{"t":1586448900000,"price":"100000000000000000","supply":"101309721950640254660484"},{"t":1586449800000,"price":"100000000000000000","supply":"101309721950640254660484"},{"t":1586450700000,"price":"100000000000000000","supply":"101309721950640254660484"},{"t":1586451600000,"price":"100000000000000000","supply":"101379721950640254660484"},{"t":1586452500000,"price":"100000000000000000","supply":"1013840219506402546604"
13:31:59.048 [TestNG-tests-1] DEBUG org.apache.http.wire -  << "84"},{"t":1586453400001,"price":"100000000000000000","supply":"101402021950640254660484"},{"t":1586454300000,"price":"100000000000000000","supply":"101402021960640254660484"},{"t":1586455200000,"price":"100000000000000000","supply":"101402021960640254660484"},{"t":1586456100000,"price":"100000000000000000","supply":"101402021960640254660484"},{"t":1586457000000,"price":"100000000000000000","supply":"101402021960640254660484"},{"t":1586457900000,"price":"100000000000000000","supply":"101403121960640254660484"},{"t":1586458800000,"price":"100000000000000000","supply":"101403121960640254660484"},{"t":1586459700000,"price":"100000000000000000","supply":"101403121960640254660484"},{"t":1586460600000,"price":"100000000000000000","supply":"101403121960640254660484"},{"t":1586461500000,"price":"100000000000000000","supply":"101404121960640254660484"},{"t":1586462400000,"price":"100000000000000000","supply":"101410221960640254660484"},{"t":1586463300000,"price":"100000000000000000","supply":"101411221960640254660484"},{"t":1586464200000,"price":"100000000000000000","supply":"101561221960640254660484"},{"t":1586465100001,"price":"100000000000000000","supply":"101597221960640254660484"},{"t":1586466000000,"price":"100000000000000000","supply":"101600221960640254660484"},{"t":1586466900000,"price":"100000000000000000","supply":"101565221960640254660484"},{"t":1586467800000,"price":"100000000000000000","supply":"101565221960640254660484"},{"t":1586468700000,"price":"100000000000000000","supply":"101500221960640254660484"},{"t":1586469600000,"price":"100000000000000000","supply":"101500222960640254660484"},{"t":1586470500000,"price":"100000000000000000","supply":"101498722960640254660484"},{"t":1586471400001,"price":"100000000000000000","supply":"101688722960640254660484"},{"t":1586472300000,"price":"100000000000000000","supply":"101688722960640254660484"},{"t":1586473200000,"price":"100000000000000000","supply":"101688722960640254660484"},{"t":1586474100000,"price":"100000000000000000","supply":"101692965960640254660484"},{"t":1586475000000,"price":"100000000000000000","supply":"101694965960640254660484"},{"t":1586475900001,"price":"100000000000000000","supply":"101695966930640254660484"},{"t":1586476800000,"price":"100000000000000000","supply":"101695966930640254660484"},{"t":1586477700001,"price":"100000000000000000","supply":"101695966930640254660484"},{"t":1586478600000,"price":"100000000000000000","supply":"101696466930640254660484"},{"t":1586479500000,"price":"100000000000000000","supply":"101696466930640254660484"},{"t":1586480400000,"price":"100000000000000000","supply":"101764466930640254660484"},{"t":1586481300000,"price":"100000000000000000","supply":"101765686930640254660484"},{"t":1586482200000,"price":"100000000000000000","supply":"101765815930640254660484"},{"t":1586483100000,"price":"100000000000000000","supply":"101765815930640254660484"},{"t":1586484000000,"price":"100000000000000000","supply":"101765815930640254660484"},{"t":1586484900000,"price":"100000000000000000","supply":"101765815930640254660484"},{"t":1586485800001,"price":"100000000000000000","supply":"101765815930640254660484"},{"t":1586486700000,"price":"100000000000000000","supply":"101765815930640254660484"},{"t":1586487600001,"price":"100000000000000000","supply":"101765815930640254660484"},{"t":1586488500000,"price":"100000000000000000","supply":"101765815930640254660484"},{"t":1586489400000,"price":"100000000000000000","supply":"101765815930640254660484"},{"t":1586490300000,"price":"100000000000000000","supply":"101765815930640254660484"},{"t":1586491200000,"price":"100000000000000000","supply":"101765815930640254660484"},{"t":1586492100000,"price":"100000000000000000","supply":"101765815930640254660484"},{"t":1586493000000,"price":"100000000000000000","supply":"101765815930640254660484"},{"t":1586493900000,"price":"100000000000000000","supply":"101765815930640254660484"},{"t":1586494800000,"price":"100000000000000000","supply":"101765815930640254660484"},{"t":1586495700000,"price":"100000000000000000","supply":"101765815930640254660484"},{"t":1586496600000,"price":"100000000000000000","supply":"101428815930640254660484"},{"t":1586497500001,"price":"100000000000000000","supply":"101428815930640254660484"},{"t":1586498400000,"price":"100000000000000000","supply":"101428815930640254660484"},{"t":1586499300001,"price":"100000000000000000","supply":"101428815930640254660484"},{"t":1586500200000,"price":"100000000000000000","supply":"101428815930640254660484"},{"t":1586501100000,"price":"100000000000000000","supply":"101428815930640254660484"},{"t":1586502000000,"price":"100000000000000000","supply":"101428815930640254660484"},{"t":1586502900000,"price":"100000000000000000","supply":"102859901574909854660484"},{"t":1586503800000,"price":"100000000000000000","supply":"102813901574909854660484"},{"t":1586504700000,"price":"100000000000000000","supply":"102814901574909854660484"},{"t":1586505600000,"price":"100000000000000000","supply":"102814901574909854660484"},{"t":1586506500000,"price":"100000000000000000","supply":"102815901574909854660484"},{"t":1586507400000,"price":"100000000000000000","supply":"102815565574909854660484"},{"t":1586508300001,"price":"100000000000000000","supply":"102816565574909854660484"},{"t":1586509200000,"price":"100000000000000000","supply":"102816404574909854660484"},{"t":1586510100000,"price":"100000000000000000","supply":"102816404574909854660484"},{"t":1586511000001,"price":"100000000000000000","supply":"102816404574909854660484"},{"t":1586511900000,"price":"100000000000000000","supply":"102816404574909854660484"},{"t":1586512800000,"price":"100000000000000000","supply":"102816404574909854660484"},{"t":1586513700000,"price":"100000000000000000","supply":"102816404574909854660484"},{"t":1586514600000,"price":"100000000000000000","supply":"102816404574909854660484"},{"t":1586515500000,"price":"100000000000000000","supply":"102816404574909854660484"},{"t":1586516400000,"price":"100000000000000000","supply":"102817904574909854660484"},{"t":1586517300000,"price":"100000000000000000","supply":"102817904574909854660484"},{"t":1586518200000,"price":"100000000000000000","supply":"102817904574909854660484"},{"t":1586519100000,"price":"100000000000000000","supply":"102817904574909854660484"},{"t":1586520000001,"price":"100000000000000000","supply":"102817904574909854660484"},{"t":1586520900001,"price":"100000000000000000","supply":"102817904574909854660484"},{"t":1586521800000,"price":"100000000000000000","supply":"102817904574909854660484"},{"t":1586522700001,"price":"100000000000000000","supply":"102817904574909854660484"},{"t":1586523600000,"price":"100000000000000000","supply":"102817904574909854660484"},{"t":1586524500000,"price":"100000000000000000","supply":"102819090574909854660484"},{"t":1586525400000,"price":"100000000000000000","supply":"102819090574909854660484"},{"t":1586526300000,"price":"100000000000000000","supply":"102819840574909854660484"},{"t":1586527200000,"price":"100000000000000000","supply":"102819840574909854660484"},{"t":1586528100000,"price":"100000000000000000","supply":"102828167574909854660484"},{"t":1586529000000,"price":"100000000000000000","supply"
13:31:59.490 [TestNG-tests-1] DEBUG org.apache.http.wire -  << "":"102828167574909854660484"},{"t":1586529900000,"price":"100000000000000000","supply":"102828167574909854660484"},{"t":1586530800000,"price":"100000000000000000","supply":"102828167574909854660484"},{"t":1586531700001,"price":"100000000000000000","supply":"102828167574909854660484"},{"t":1586532600000,"price":"100000000000000000","supply":"102828167574909854660484"},{"t":1586533500000,"price":"100000000000000000","supply":"102828167574909854660484"},{"t":1586534400000,"price":"100000000000000000","supply":"102828167574909854660484"},{"t":1586535300000,"price":"100000000000000000","supply":"102828167574909854660484"},{"t":1586536200000,"price":"100000000000000000","supply":"102828167574909854660484"},{"t":1586537100000,"price":"100000000000000000","supply":"102828167574909854660484"},{"t":1586538000000,"price":"100000000000000000","supply":"102828167574909854660484"},{"t":1586538900000,"price":"100000000000000000","supply":"102833167574909854660484"},{"t":1586539800000,"price":"100000000000000000","supply":"102833167574909854660484"},{"t":1586540700000,"price":"100000000000000000","supply":"102836167574909854660484"},{"t":1586541600000,"price":"100000000000000000","supply":"102836167574909854660484"},{"t":1586542500001,"price":"100000000000000000","supply":"102836167574909854660484"},{"t":1586543400000,"price":"100000000000000000","supply":"102836167574909854660484"},{"t":1586544300000,"price":"100000000000000000","s"
13:31:59.492 [TestNG-tests-1] DEBUG org.apache.http.wire -  << "upply":"102838167574909854660484"},{"t":1586545200000,"price":"100000000000000000","supply":"102838567574909854660484"},{"t":1586546100000,"price":"100000000000000000","supply":"102838567574909854660484"},{"t":1586547000000,"price":"100000000000000000","supply":"102838567574909854660484"},{"t":1586547900000,"price":"100000000000000000","supply":"102838567574909854660484"},{"t":1586548800000,"price":"100000000000000000","supply":"102838567574909854660484"},{"t":1586549700000,"price":"100000000000000000","supply":"102838567574909854660484"},{"t":1586550600000,"price":"100000000000000000","supply":"102838567574909854660484"},{"t":1586551500000,"price":"100000000000000000","supply":"102838567574909854660484"},{"t":1586552400001,"price":"100000000000000000","supply":"102838567574909854660484"},{"t":1586553300000,"price":"100000000000000000","supply":"102838567574909854660484"},{"t":1586554200000,"price":"100000000000000000","supply":"102838567574909854660484"},{"t":1586555100000,"price":"100000000000000000","supply":"102838567574909854660484"},{"t":1586556000000,"price":"100000000000000000","supply":"102843567574909854660484"},{"t":1586556900000,"price":"100000000000000000","supply":"102843567574909854660484"},{"t":1586557800000,"price":"100000000000000000","supply":"102843567574909854660484"},{"t":1586558700000,"price":"100000000000000000","supply":"102842916824909854660485"},{"t":1586559600000,"price":"100000000000000000","supply":"102842916824909854660485"},{"t":1586560500000,"price":"100000000000000000","supply":"102842916824909854660485"},{"t":1586561400000,"price":"100000000000000000","supply":"102840916824909854660485"},{"t":1586562300000,"price":"100000000000000000","supply":"102840916824909854660485"},{"t":1586563200000,"price":"100000000000000000","supply":"102841536824909854660485"},{"t":1586564100000,"price":"100000000000000000","supply":"102841536824909854660485"},{"t":1586565000000,"price":"100000000000000000","supply":"102841536824909854660485"},{"t":1586565900000,"price":"100000000000000000","supply":"102841536824909854660485"},{"t":1586566800000,"price":"100000000000000000","supply":"102841536824909854660485"},{"t":1586567700000,"price":"100000000000000000","supply":"102841536824909854660485"},{"t":1586568600000,"price":"100000000000000000","supply":"102851536824909854660485"},{"t":1586569500000,"price":"100000000000000000","supply":"102851536824909854660485"},{"t":1586570400000,"price":"100000000000000000","supply":"102851536824909854660485"},{"t":1586571300000,"price":"100000000000000000","supply":"102851536824909854660485"},{"t":1586572200000,"price":"100000000000000000","supply":"102851536824909854660485"},{"t":1586573100001,"price":"100000000000000000","supply":"102851536824909854660485"},{"t":1586574000000,"price":"100000000000000000","supply":"102851536824909854660485"},{"t":1586574900000,"price":"100000000000000000","supply":"102851536824909854660485"},{"t":1586575800001,"price":"100000000000000000","supply":"102851536824909854660485"},{"t":1586576700000,"price":"100000000000000000","supply":"102895936824909854660485"},{"t":1586577600001,"price":"100000000000000000","supply":"102895936824909854660485"},{"t":1586578500000,"price":"100000000000000000","supply":"102887936824909854660485"},{"t":1586579400000,"price":"100000000000000000","supply":"102906566824909854660485"},{"t":1586580300000,"price":"100000000000000000","supply":"102906566824909854660485"},{"t":1586581200000,"price":"100000000000000000","supply":"102906566824909854660485"},{"t":1586582100000,"price":"100000000000000000","supply":"102917566824909854660485"},{"t":1586583000000,"price":"100000000000000000","supply":"102917566824909854660485"},{"t":1586583900000,"price":"100000000000000000","supply":"102917566824909854660485"},{"t":1586584800000,"price":"100000000000000000","supply":"102917566824909854660485"},{"t":1586585700000,"price":"100000000000000000","supply":"102917566824909854660485"},{"t":1586586600000,"price":"100000000000000000","supply":"102917566824909854660485"},{"t":1586587500000,"price":"100000000000000000","supply":"102917566824909854660485"},{"t":1586588400000,"price":"100000000000000000","supply":"102917566824909854660485"},{"t":1586589300000,"price":"100000000000000000","supply":"102917566824909854660485"},{"t":1586590200000,"price":"100000000000000000","supply":"102917566824909854660485"},{"t":1586591100000,"price":"100000000000000000","supply":"102917566824909854660485"},{"t":1586592000000,"price":"100000000000000000","supply":"102917566824909854660485"},{"t":1586592900000,"price":"100000000000000000","supply":"102917566824909854660485"},{"t":1586593800000,"price":"100000000000000000","supply":"102917566824909854660485"},{"t":1586594700000,"price":"100000000000000000","supply":"102917566824909854660485"},{"t":1586595600000,"price":"100000000000000000","supply":"102917566824909854660485"},{"t":1586596500000,"price":"100000000000000000","supply":"102917566824909854660485"},{"t":1586597400000,"price":"100000000000000000","supply":"102917566824909854660485"},{"t":1586598300000,"price":"100000000000000000","supply":"102917566824909854660485"},{"t":1586599200000,"price":"100000000000000000","supply":"102926566824909854660485"},{"t":1586600100001,"price":"100000000000000000","supply":"102926566824909854660485"},{"t":1586601000000,"price":"100000000000000000","supply":"102926566824909854660485"},{"t":1586601900000,"price":"100000000000000000","supply":"102926566824909854660485"},{"t":1586602800000,"price":"100000000000000000","supply":"102932566824909854660485"},{"t":1586603700000,"price":"100000000000000000","supply":"102932566824909854660485"},{"t":1586604600000,"price":"100000000000000000","supply":"102932566824909854660485"},{"t":1586605500001,"price":"100000000000000000","supply":"102922620824909854660485"},{"t":1586606400000,"price":"100000000000000000","supply":"102922620824909854660485"},{"t":1586607300001,"price":"100000000000000000","supply":"102922620824909854660485"},{"t":1586608200000,"price":"100000000000000000","supply":"102922620824909854660485"},{"t":1586609100000,"price":"100000000000000000","supply":"103122620824909854660485"},{"t":1586610000000,"price":"100000000000000000","supply":"103023475824909854660485"},{"t":1586610900000,"price":"100000000000000000","supply":"103023475824909854660485"},{"t":1586611800000,"price":"100000000000000000","supply":"103023475824909854660485"},{"t":1586612700000,"price":"100000000000000000","supply":"103173475824909854660485"},{"t":1586613600000,"price":"100000000000000000","supply":"103173475824909854660485"},{"t":1586614500000,"price":"100000000000000000","supply":"103183475824909854660485"},{"t":1586615400000,"price":"100000000000000000","supply":"103183475824909854660485"},{"t":1586616300000,"price":"100000000000000000","supply":"103183475824909854660485"},{"t":1586617200000,"price":"100000000000000000","supply":"103183475824909854660485"},{"t":1586618100000,"price":"100000000000000000","supply":"103183475824909854660485"},{"t":1586619000000,"price":"100000000000000000","supply":"103177576409725854660485"},{"t":1586619900000,"price":"100000000000000000","supply":"103177576409725854660485"},{"t":1586620800001,"price"
13:31:59.774 [TestNG-tests-1] DEBUG org.apache.http.wire -  << "":"100000000000000000","supply":"103177576409725854660485"},{"t":1586621700000,"price":"100000000000000000","supply":"103177576409725854660485"},{"t":1586622600000,"price":"100000000000000000","supply":"103177576409725854660485"},{"t":1586623500000,"price":"100000000000000000","supply":"103188076409725854660485"},{"t":1586624400000,"price":"100000000000000000","supply":"102937077409725854660485"},{"t":1586625300000,"price":"100000000000000000","supply":"102938577409725854660485"},{"t":1586626200000,"price":"100000000000000000","supply":"103138577409725854660485"},{"t":1586627100000,"price":"100000000000000000","supply":"103138577409725854660485"},{"t":1586628000001,"price":"100000000000000000","supply":"103138577409725854660485"},{"t":1586628900000,"price":"100000000000000000","supply":"103138577409725854660485"},{"t":1586629800000,"price":"100000000000000000","supply":"103138577409725854660485"},{"t":1586630700000,"price":"100000000000000000","supply":"103138577409725854660485"},{"t":1586631600000,"price":"100000000000000000","supply":"103219577409725854660485"},{"t":1586632500000,"price":"100000000000000000","supply":"103219577409725854660485"},{"t":1586633400000,"price":"100000000000000000","supply":"103217247409725854660485"},{"t":1586634300000,"price":"100000000000000000","supply":"103217247409725854660485"},{"t":1586635200000,"price":"100000000000000000","supply":"103258839409725854660485"},{"t":1586636100000,"price":"100000000000000000","supply":"103258839409725854660485"},{"t":1586637000001,"price":"100000000000000000","supply":"103258839409725854660485"},{"t":1586637900000,"price":"100000000000000000","supply":"103258839409725854660485"},{"t":1586638800000,"price":"100000000000000000","supply":"103264839409725854660485"},{"t":1586639700000,"price":"100000000000000000","supply":"103267109409725854660485"},{"t":1586640600000,"price":"100000000000000000","supply":"103267109409725854660485"},{"t":1586641500000,"price":"100000000000000000","supply":"103267109409725854660485"},{"t":1586642400000,"price":"100000000000000000","supply":"103267109409725854660485"},{"t":1586643300000,"price":"100000000000000000","supply":"103267559409725854660485"},{"t":1586644200000,"price":"100000000000000000","supply":"103270035409725854660485"},{"t":1586645100000,"price":"100000000000000000","supply":"103270035409725854660485"},{"t":1586646000000,"price":"100000000000000000","supply":"103270035409725854660485"},{"t":1586646900000,"price":"100000000000000000","supply":"103270035409725854660485"},{"t":1586647800000,"price":"100000000000000000","supply":"103270035409725854660485"},{"t":1586648700000,"price":"100000000000000000","supply":"103270035409725854660485"},{"t":1586649600001,"price":"100000000000000000","supply":"103270035409725854660485"},{"t":1586650500000,"price":"100000000000000000","supply":"103270035409725854660485"},{"t":1586651400"
13:31:59.775 [TestNG-tests-1] DEBUG org.apache.http.wire -  << "000,"price":"100000000000000000","supply":"103270035409725854660485"},{"t":1586652300000,"price":"100000000000000000","supply":"103270035409725854660485"},{"t":1586653200000,"price":"100000000000000000","supply":"103278404472807654660115"},{"t":1586654100000,"price":"100000000000000000","supply":"103278404472807654660115"},{"t":1586655000000,"price":"100000000000000000","supply":"103278404472807654660115"},{"t":1586655900000,"price":"100000000000000000","supply":"103278404472807654660115"},{"t":1586656800000,"price":"100000000000000000","supply":"103278404472807654660115"},{"t":1586657700000,"price":"100000000000000000","supply":"103278404472807654660115"},{"t":1586658600000,"price":"100000000000000000","supply":"103278404472807654660115"},{"t":1586659500000,"price":"100000000000000000","supply":"103278404472807654660115"},{"t":1586660400000,"price":"100000000000000000","supply":"103278404472807654660115"},{"t":1586661300000,"price":"100000000000000000","supply":"103278404472807654660115"},{"t":1586662200000,"price":"100000000000000000","supply":"103278404472807654660115"},{"t":1586663100000,"price":"100000000000000000","supply":"103278404472807654660115"},{"t":1586664000000,"price":"100000000000000000","supply":"103278404472807654660115"},{"t":1586664900000,"price":"100000000000000000","supply":"103278404472807654660115"},{"t":1586665800000,"price":"100000000000000000","supply":"103278404472807654660115"},{"t":15866"
13:32:01.131 [TestNG-tests-1] DEBUG org.apache.http.wire -  << "66700000,"price":"100000000000000000","supply":"103278404472807654660115"},{"t":1586667600001,"price":"100000000000000000","supply":"103278404472807654660115"},{"t":1586668500000,"price":"100000000000000000","supply":"103278404472807654660115"},{"t":1586669400000,"price":"100000000000000000","supply":"103278404472807654660115"},{"t":1586670300000,"price":"100000000000000000","supply":"103278404472807654660115"},{"t":1586671200001,"price":"100000000000000000","supply":"103288404472807654660115"},{"t":1586672100001,"price":"100000000000000000","supply":"103288404472807654660115"},{"t":1586673000000,"price":"100000000000000000","supply":"103278504472807654660115"},{"t":1586673900000,"price":"100000000000000000","supply":"103278504472807654660115"},{"t":1586674800000,"price":"100000000000000000","supply":"103278504472807654660115"},{"t":1586675700000,"price":"100000000000000000","supply":"103278504472807654660115"},{"t":1586676600000,"price":"100000000000000000","supply":"103278504472807654660115"},{"t":1586677500000,"price":"100000000000000000","supply":"103278504472807654660115"},{"t":1586678400000,"price":"100000000000000000","supply":"103278504472807654660115"},{"t":1586679300000,"price":"100000000000000000","supply":"103278504472807654660115"},{"t":1586680200000,"price":"100000000000000000","supply":"103278504472807654660115"},{"t":1586681100000,"price":"100000000000000000","supply":"103281504472807654660115"},{"t":1586682000001,"price":"100000000000000000","supply":"103281504472807654660115"},{"t":1586682900000,"price":"100000000000000000","supply":"103282504472807654660115"},{"t":1586683800000,"price":"100000000000000000","supply":"103289504472807654660115"},{"t":1586684700000,"price":"100000000000000000","supply":"103289504472807654660115"},{"t":1586685600000,"price":"100000000000000000","supply":"103289504472807654660115"},{"t":1586686500000,"price":"100000000000000000","supply":"103289504472807654660115"},{"t":1586687400000,"price":"100000000000000000","supply":"103289504472807654660115"},{"t":1586688300000,"price":"100000000000000000","supply":"103289504472807654660115"},{"t":1586689200000,"price":"100000000000000000","supply":"103289504472807654660115"},{"t":1586690100000,"price":"100000000000000000","supply":"103284504472807654660115"},{"t":1586691000000,"price":"100000000000000000","supply":"103284504472807654660115"},{"t":1586691900000,"price":"100000000000000000","supply":"103284504472807654660115"},{"t":1586692800000,"price":"100000000000000000","supply":"103284504472807654660115"},{"t":1586693700000,"price":"100000000000000000","supply":"103299504472807654660115"},{"t":1586694600000,"price":"100000000000000000","supply":"103299504472807654660115"},{"t":1586695500000,"price":"100000000000000000","supply":"103299504472807654660115"},{"t":1586696400000,"price":"100000000000000000","supply":"103299504472807654660115"},{"t":1586697300000,"price":"100000000000000000","supply":"103299504472807654660115"},{"t":1586698200000,"price":"100000000000000000","supply":"103299504472807654660115"},{"t":1586699100000,"price":"100000000000000000","supply":"103299512472807654660115"},{"t":1586700000000,"price":"100000000000000000","supply":"103299512472807654660115"},{"t":1586700900000,"price":"100000000000000000","supply":"103299512472807654660115"},{"t":1586701800000,"price":"100000000000000000","supply":"103239512472807654660115"},{"t":1586702700000,"price":"100000000000000000","supply":"103219512472807654660115"},{"t":1586703600001,"price":"100000000000000000","supply":"103219512472807654660115"},{"t":1586704500000,"price":"100000000000000000","supply":"103219512472807654660115"},{"t":1586705400000,"price":"100000000000000000","supply":"103219512472807654660115"},{"t":1586706300000,"price":"100000000000000000","supply":"103219512472807654660115"},{"t":1586707200000,"price":"100000000000000000","supply":"103219512472807654660115"},{"t":1586708100000,"price":"100000000000000000","supply":"103095512472807654660115"},{"t":1586709000000,"price":"100000000000000000","supply":"103095512472807654660115"},{"t":1586709900000,"price":"100000000000000000","supply":"103096512472807654660115"},{"t":1586710800000,"price":"100000000000000000","supply":"103096512472807654660115"},{"t":1586711700000,"price":"100000000000000000","supply":"103030512472807654660115"},{"t":1586712600000,"price":"100000000000000000","supply":"103030512472807654660115"},{"t":1586713500000,"price":"100000000000000000","supply":"103030512472807654660115"},{"t":1586714400000,"price":"100000000000000000","supply":"103030512472807654660115"},{"t":1586715300000,"price":"100000000000000000","supply":"103030512472807654660115"},{"t":1586716200000,"price":"100000000000000000","supply":"103030512472807654660115"},{"t":1586717100000,"price":"100000000000000000","supply":"103030512472807654660115"},{"t":1586718000000,"price":"100000000000000000","supply":"103030512472807654660115"},{"t":1586718900000,"price":"100000000000000000","supply":"103030512472807654660115"},{"t":1586719800000,"price":"100000000000000000","supply":"103030512472807654660115"},{"t":1586720700000,"price":"100000000000000000","supply":"103030512472807654660115"},{"t":1586721600000,"price":"100000000000000000","supply":"103031522472807654660115"},{"t":1586722500000,"price":"100000000000000000","supply":"103031522472807654660115"},{"t":1586723400000,"price":"100000000000000000","supply":"103037522472807654660115"},{"t":1586724300000,"price":"100000000000000000","supply":"103037522472807654660115"},{"t":1586725200000,"price":"100000000000000000","supply":"103037522472807654660115"},{"t":1586726100000,"price":"100000000000000000","supply":"103037522472807654660115"},{"t":1586727000000,"price":"100000000000000000","supply":"103037522472807654660115"},{"t":1586727900000,"price":"100000000000000000","supply":"103037522472807654660115"},{"t":1586728800001,"price":"100000000000000000","supply":"103037522472807654660115"},{"t":1586729700000,"price":"100000000000000000","supply":"103037522472807654660115"},{"t":1586730600000,"price":"100000000000000000","supply":"103037522472807654660115"},{"t":1586731500000,"price":"100000000000000000","supply":"103037522472807654660115"},{"t":1586732400000,"price":"100000000000000000","supply":"103037522472807654660115"},{"t":1586733300000,"price":"100000000000000000","supply":"103037522472807654660115"},{"t":1586734200000,"price":"100000000000000000","supply":"103037522472807654660115"},{"t":1586735100000,"price":"100000000000000000","supply":"103037522472807654660115"},{"t":1586736000000,"price":"100000000000000000","supply":"103037522472807654660115"},{"t":1586736900000,"price":"100000000000000000","supply":"103037522472807654660115"},{"t":1586737800000,"price":"100000000000000000","supply":"103037522472807654660115"},{"t":1586738700000,"price":"100000000000000000","supply":"103037522472807654660115"},{"t":1586739600000,"price":"100000000000000000","supply":"103037522472807654660115"},{"t":1586740500000,"price":"100000000000000000","supply":"103037522472807654660115"},{"t":1586741400000,"price":"100000000000000000","supply":"103037522472807654660115"},{"t":1586742300000,"price":"100000000000000000","supply":"103037522472807654660115"},{"t":1586743200000,"price":"100000000000000000","supply":"103047522472807654660115"},{"t":1586744100000,"price":"100000000000000000","supply":"103047522472807654660115"},{"t":1586745000000,"price":"100000000000000000","supply":"103047522472807654660115"},{"t":1586745900000,"price":"100000000000000000","supply":"103047522472807654660115"},{"t":1586746800000,"price":"100000000000000000","supply":"103052522472807654660115"},{"t":1586747700000,"price":"100000000000000000","supply":"103052522472807654660115"},{"t":1586748600000,"price":"100000000000000000","supply":"103052522472807654660115"},{"t":1586749500000,"price":"100000000000000000","supply":"103052522472807654660115"},{"t":1586750400000,"price":"100000000000000000","supply":"103052522472807654660115"},{"t":1586751300000,"price":"100000000000000000","supply":"103052522472807654660115"},{"t":1586752200000,"price":"100000000000000000","supply":"103052522472807654660115"},{"t":1586753100000,"price":"10000000000000"
13:32:01.132 [TestNG-tests-1] DEBUG org.apache.http.wire -  << "0000","supply":"103052522472807654660115"},{"t":1586754000000,"price":"100000000000000000","supply":"103038522472807654660115"},{"t":1586754900000,"price":"100000000000000000","supply":"103038522472807654660115"},{"t":1586755800000,"price":"100000000000000000","supply":"103038522472807654660115"}],"message":"SUCCESS"}"
13:32:01.132 [TestNG-tests-1] DEBUG org.apache.http.impl.conn.DefaultClientConnection - Connection 0.0.0.0:52477<->3.12.242.83:80 closed
13:32:01.132 [TestNG-tests-1] DEBUG org.apache.http.impl.conn.PoolingClientConnectionManager - Connection released: [id: 0][route: {}->http://api.just.network:80][total kept alive: 0; route allocated: 0 of 80; total allocated: 0 of 100]
13:32:01.191 [TestNG-tests-1] INFO tron.common.TronscanApiList - ----------------------------Print JSON Start---------------------------
13:32:01.192 [TestNG-tests-1] INFO tron.common.TronscanApiList - code:0
13:32:01.208 [TestNG-tests-1] INFO tron.common.TronscanApiList - data:[{"t":1585906380000,"price":"100000000000000000","supply":"0"},{"t":1585906500000,"price":"100000000000000000","supply":"0"},{"t":1585906800001,"price":"100000000000000000","supply":"0"},{"t":1585907100000,"price":"100000000000000000","supply":"0"},{"t":1585908000001,"price":"100000000000000000","supply":"0"},{"t":1585908900000,"price":"100000000000000000","supply":"0"},{"t":1585909800000,"price":"100000000000000000","supply":"500000000000000000"},{"t":1585910700001,"price":"100000000000000000","supply":"520000000000000000"},{"t":1585911600000,"price":"100000000000000000","supply":"620000000000000000"},{"t":1585912500000,"price":"100000000000000000","supply":"620000000000000000"},{"t":1585913400000,"price":"100000000000000000","supply":"630000000000000000"},{"t":1585914300000,"price":"100000000000000000","supply":"630000000000000000"},{"t":1585915200000,"price":"100000000000000000","supply":"930000000000000000"},{"t":1585916100000,"price":"100000000000000000","supply":"1530000000000000000"},{"t":1585917000000,"price":"100000000000000000","supply":"1830000000000000000"},{"t":1585917900000,"price":"100000000000000000","supply":"2330000000000000000"},{"t":1585918800000,"price":"100000000000000000","supply":"2431234567890123457"},{"t":1585919700000,"price":"100000000000000000","supply":"2733703703670370369"},{"t":1585920600000,"price":"100000000000000000","supply":"2734938271560493825"},{"t":1585921500001,"price":"100000000000000000","supply":"2734938271560493825"},{"t":1585922400000,"price":"100000000000000000","supply":"2734938271560493825"},{"t":1585923300000,"price":"100000000000000000","supply":"2734938271560493825"},{"t":1585924200000,"price":"100000000000000000","supply":"2734938271560493825"},{"t":1585925100000,"price":"100000000000000000","supply":"3734938271560493825"},{"t":1585926000000,"price":"100000000000000000","supply":"200003734938271560493825"},{"t":1585926900000,"price":"100000000000000000","supply":"200004734938271560493825"},{"t":1585927800000,"price":"100000000000000000","supply":"200004734938271560493825"},{"t":1585928700000,"price":"100000000000000000","supply":"200004734938271560493825"},{"t":1585929600000,"price":"100000000000000000","supply":"200004734938271560493825"},{"t":1585930500000,"price":"100000000000000000","supply":"200004734938271560493825"},{"t":1585931400001,"price":"100000000000000000","supply":"200004734938271560493825"},{"t":1585932300000,"price":"100000000000000000","supply":"200004734938271560493825"},{"t":1585933200000,"price":"100000000000000000","supply":"200004734938271560493825"},{"t":1585934100000,"price":"100000000000000000","supply":"200004734938271560493825"},{"t":1585935000000,"price":"100000000000000000","supply":"200004734938271560493825"},{"t":1585935900000,"price":"100000000000000000","supply":"200004734938271560493825"},{"t":1585936800001,"price":"100000000000000000","supply":"200004734938271560493825"},{"t":1585937700000,"price":"100000000000000000","supply":"200004734938271560493825"},{"t":1585938600000,"price":"100000000000000000","supply":"200004734938271560493825"},{"t":1585939500000,"price":"100000000000000000","supply":"200004734938271560493825"},{"t":1585940400000,"price":"100000000000000000","supply":"200004734938271560493825"},{"t":1585941300000,"price":"100000000000000000","supply":"200004734938271560493825"},{"t":1585942200000,"price":"100000000000000000","supply":"200004734938271560493825"},{"t":1585943100000,"price":"100000000000000000","supply":"200004734938271560493825"},{"t":1585944000000,"price":"100000000000000000","supply":"200004734938271560493825"},{"t":1585944900000,"price":"100000000000000000","supply":"200004734938271560493825"},{"t":1585945800000,"price":"100000000000000000","supply":"200004734938271560493825"},{"t":1585946700000,"price":"100000000000000000","supply":"200004734938271560493825"},{"t":1585947600000,"price":"100000000000000000","supply":"200004734938271560493825"},{"t":1585948500000,"price":"100000000000000000","supply":"200004734938271560493825"},{"t":1585949400000,"price":"100000000000000000","supply":"200004734938271560493825"},{"t":1585950300000,"price":"100000000000000000","supply":"200004734938271560493825"},{"t":1585951200000,"price":"100000000000000000","supply":"200004734938271560493825"},{"t":1585952100000,"price":"100000000000000000","supply":"200004734938271560493825"},{"t":1585953000000,"price":"100000000000000000","supply":"200004734938271560493825"},{"t":1585953900000,"price":"100000000000000000","supply":"200004734938271560493825"},{"t":1585954800000,"price":"100000000000000000","supply":"200004734938271560493825"},{"t":1585955700000,"price":"100000000000000000","supply":"200004734938271560493825"},{"t":1585956600000,"price":"100000000000000000","supply":"200004734938271560493825"},{"t":1585957500000,"price":"100000000000000000","supply":"200004734938271560493825"},{"t":1585958400000,"price":"100000000000000000","supply":"200004734938271560493825"},{"t":1585959300000,"price":"100000000000000000","supply":"200004734938271560493825"},{"t":1585960200000,"price":"100000000000000000","supply":"200004734938271560493825"},{"t":1585961100000,"price":"100000000000000000","supply":"200004734938271560493825"},{"t":1585962000000,"price":"100000000000000000","supply":"200004734938271560493825"},{"t":1585962900001,"price":"100000000000000000","supply":"200004734938271560493825"},{"t":1585963800000,"price":"100000000000000000","supply":"200004734938271560493825"},{"t":1585964700000,"price":"100000000000000000","supply":"200004734938271560493825"},{"t":1585965600000,"price":"100000000000000000","supply":"200004734938271560493825"},{"t":1585966500001,"price":"100000000000000000","supply":"200004734938271560493825"},{"t":1585967400000,"price":"100000000000000000","supply":"200004734938271560493825"},{"t":1585968300000,"price":"100000000000000000","supply":"200004734938271560493825"},{"t":1585969200000,"price":"100000000000000000","supply":"200004734938271560493825"},{"t":1585970100001,"price":"100000000000000000","supply":"200004734938271560493825"},{"t":1585971000000,"price":"100000000000000000","supply":"200006734938271560493825"},{"t":1585971900000,"price":"100000000000000000","supply":"200006734938271560493825"},{"t":1585972800000,"price":"100000000000000000","supply":"200006734938271560493825"},{"t":1585973700000,"price":"100000000000000000","supply":"200007834938271560493825"},{"t":1585974600000,"price":"100000000000000000","supply":"200007834938271560493825"},{"t":1585975500000,"price":"100000000000000000","supply":"200007834938271560493825"},{"t":1585976400000,"price":"100000000000000000","supply":"200012834938271560493825"},{"t":1585977300000,"price":"100000000000000000","supply":"200013634938271560493825"},{"t":1585978200000,"price":"100000000000000000","supply":"200013634938271560493825"},{"t":1585979100000,"price":"100000000000000000","supply":"200033634938271560493825"},{"t":1585980000000,"price":"100000000000000000","supply":"200035634938271560493825"},{"t":1585980900001,"price":"100000000000000000","supply":"200035634938271560493825"},{"t":1585981800000,"price":"100000000000000000","supply":"200038634938271560493825"},{"t":1585982700000,"price":"100000000000000000","supply":"200038634938271560493825"},{"t":1585983600000,"price":"100000000000000000","supply":"200038634938271560493825"},{"t":1585984500000,"price":"100000000000000000","supply":"200038634938271560493825"},{"t":1585985400000,"price":"100000000000000000","supply":"200018734938271560493825"},{"t":1585986300000,"price":"100000000000000000","supply":"200019734938271560493825"},{"t":1585987200000,"price":"100000000000000000","supply":"20734938271560493825"},{"t":1585988100000,"price":"100000000000000000","supply":"101020734938271560493825"},{"t":1585989000000,"price":"100000000000000000","supply":"101020734938271560493825"},{"t":1585989900000,"price":"100000000000000000","supply":"101020734938271560493825"},{"t":1585990800000,"price":"100000000000000000","supply":"101227734938271560493825"},{"t":1585991700000,"price":"100000000000000000","supply":"101227734938271560493825"},{"t":1585992600000,"price":"100000000000000000","supply":"101229534938271560493825"},{"t":1585993500000,"price":"100000000000000000","supply":"101229534938271560493825"},{"t":1585994400000,"price":"100000000000000000","supply":"101229534938271560493825"},{"t":1585995300000,"price":"100000000000000000","supply":"101229534938271560493825"},{"t":1585996200000,"price":"100000000000000000","supply":"101229534938271560493825"},{"t":1585997100000,"price":"100000000000000000","supply":"101234534938271560493825"},{"t":1585998000000,"price":"100000000000000000","supply":"101234534938271560493825"},{"t":1585998900000,"price":"100000000000000000","supply":"101234534938271560493825"},{"t":1585999800000,"price":"100000000000000000","supply":"101234534938271560493825"},{"t":1586000700000,"price":"100000000000000000","supply":"101229535938271560493825"},{"t":1586001600000,"price":"100000000000000000","supply":"101229535938271560493825"},{"t":1586002500000,"price":"100000000000000000","supply":"101229535938271560493825"},{"t":1586003400000,"price":"100000000000000000","supply":"101229535938271560493825"},{"t":1586004300000,"price":"100000000000000000","supply":"101229535938271560493825"},{"t":1586005200000,"price":"100000000000000000","supply":"101229535938271560493825"},{"t":1586006100000,"price":"100000000000000000","supply":"101229535938271560493825"},{"t":1586007000000,"price":"100000000000000000","supply":"101230535938271560493825"},{"t":1586007900000,"price":"100000000000000000","supply":"101230535938271560493825"},{"t":1586008800001,"price":"100000000000000000","supply":"101230535938271560493825"},{"t":1586009700000,"price":"100000000000000000","supply":"101230535938271560493825"},{"t":1586010600001,"price":"100000000000000000","supply":"101230535938271560493825"},{"t":1586011500000,"price":"100000000000000000","supply":"101230535938271560493825"},{"t":1586012400000,"price":"100000000000000000","supply":"101231035938271560493825"},{"t":1586013300000,"price":"100000000000000000","supply":"101231035938271560493825"},{"t":1586014200000,"price":"100000000000000000","supply":"101230536938271560493825"},{"t":1586015100000,"price":"100000000000000000","supply":"101232436938271560493825"},{"t":1586016000000,"price":"100000000000000000","supply":"101232336938271560493825"},{"t":1586016900000,"price":"100000000000000000","supply":"101237342110721424760485"},{"t":1586017800000,"price":"100000000000000000","supply":"101237342110721424760485"},{"t":1586018700000,"price":"100000000000000000","supply":"101237342110721424760485"},{"t":1586019600000,"price":"100000000000000000","supply":"101240378809838969160485"},{"t":1586020500000,"price":"100000000000000000","supply":"101240378809838969160485"},{"t":1586021400000,"price":"100000000000000000","supply":"101240378809838969160485"},{"t":1586022300001,"price":"100000000000000000","supply":"101240378809838969160485"},{"t":1586023200000,"price":"100000000000000000","supply":"101235878809838969160485"},{"t":1586024100000,"price":"100000000000000000","supply":"101235878809838969160485"},{"t":1586025000000,"price":"100000000000000000","supply":"101235878809838969160485"},{"t":1586025900001,"price":"100000000000000000","supply":"101235878809838969160485"},{"t":1586026800000,"price":"100000000000000000","supply":"101235878809838969160485"},{"t":1586027700000,"price":"100000000000000000","supply":"101235878809838969160485"},{"t":1586028600000,"price":"100000000000000000","supply":"101235878809838969160485"},{"t":1586029500000,"price":"100000000000000000","supply":"101235878809838969160485"},{"t":1586030400000,"price":"100000000000000000","supply":"101235878809838969160485"},{"t":1586031300000,"price":"100000000000000000","supply":"101235878809838969160485"},{"t":1586032200000,"price":"100000000000000000","supply":"101235878809838969160485"},{"t":1586033100000,"price":"100000000000000000","supply":"101235878809838969160485"},{"t":1586034000000,"price":"100000000000000000","supply":"101235878809838969160485"},{"t":1586034900000,"price":"100000000000000000","supply":"101236878809838969160485"},{"t":1586035800000,"price":"100000000000000000","supply":"101236878809838969160485"},{"t":1586036700000,"price":"100000000000000000","supply":"101236878809838969160485"},{"t":1586037600000,"price":"100000000000000000","supply":"101236878809838969160485"},{"t":1586038500000,"price":"100000000000000000","supply":"101236878809838969160485"},{"t":1586039400000,"price":"100000000000000000","supply":"101236878809838969160485"},{"t":1586040300000,"price":"100000000000000000","supply":"101236878809838969160485"},{"t":1586041200000,"price":"100000000000000000","supply":"101236878809838969160485"},{"t":1586042100000,"price":"100000000000000000","supply":"101236878809838969160485"},{"t":1586043000000,"price":"100000000000000000","supply":"101236878809838969160485"},{"t":1586043900000,"price":"100000000000000000","supply":"101236878809838969160485"},{"t":1586044800000,"price":"100000000000000000","supply":"101236878809838969160485"},{"t":1586045700001,"price":"100000000000000000","supply":"101236878809838969160485"},{"t":1586046600000,"price":"100000000000000000","supply":"101236878809838969160485"},{"t":1586047500000,"price":"100000000000000000","supply":"101236878809838969160485"},{"t":1586048400000,"price":"100000000000000000","supply":"101236878809838969160485"},{"t":1586049300000,"price":"100000000000000000","supply":"101236878809838969160485"},{"t":1586050200000,"price":"100000000000000000","supply":"101236878809838969160485"},{"t":1586051100001,"price":"100000000000000000","supply":"101236878809838969160485"},{"t":1586052000000,"price":"100000000000000000","supply":"101236878809838969160485"},{"t":1586052900000,"price":"100000000000000000","supply":"101236878909838969160485"},{"t":1586053800000,"price":"100000000000000000","supply":"101236878909838969160485"},{"t":1586054700000,"price":"100000000000000000","supply":"101236878909838969160485"},{"t":1586055600000,"price":"100000000000000000","supply":"101236878909838969160485"},{"t":1586056500000,"price":"100000000000000000","supply":"101236878909838969160485"},{"t":1586057400000,"price":"100000000000000000","supply":"101248866909838969160485"},{"t":1586058300000,"price":"100000000000000000","supply":"101248866909838969160485"},{"t":1586059200000,"price":"100000000000000000","supply":"101251866909838969160485"},{"t":1586060100000,"price":"100000000000000000","supply":"101251866909838969160485"},{"t":1586061000000,"price":"100000000000000000","supply":"101251866909838969160485"},{"t":1586061900000,"price":"100000000000000000","supply":"101251866909838969160485"},{"t":1586062800001,"price":"100000000000000000","supply":"101251866909838969160485"},{"t":1586063700000,"price":"100000000000000000","supply":"101253966909838969160485"},{"t":1586064600000,"price":"100000000000000000","supply":"101240979909838969160485"},{"t":1586065500000,"price":"100000000000000000","supply":"101240979909838969160485"},{"t":1586066400001,"price":"100000000000000000","supply":"101240979909838969160485"},{"t":1586067300000,"price":"100000000000000000","supply":"101240979909838969160485"},{"t":1586068200000,"price":"100000000000000000","supply":"101240979909838969160485"},{"t":1586069100000,"price":"100000000000000000","supply":"101240979909838969160485"},{"t":1586070000000,"price":"100000000000000000","supply":"101240979909838969160485"},{"t":1586070900000,"price":"100000000000000000","supply":"101240979909838969160485"},{"t":1586071800001,"price":"100000000000000000","supply":"101240979909838969160485"},{"t":1586072700000,"price":"100000000000000000","supply":"101240979909838969160485"},{"t":1586073600000,"price":"100000000000000000","supply":"101245979909838969160485"},{"t":1586074500000,"price":"100000000000000000","supply":"101037979909838969160485"},{"t":1586075400000,"price":"100000000000000000","supply":"101037979909838969160485"},{"t":1586076300000,"price":"100000000000000000","supply":"101037979909838969160485"},{"t":1586077200000,"price":"100000000000000000","supply":"101037979909838969160485"},{"t":1586078100000,"price":"100000000000000000","supply":"101038079909838969160485"},{"t":1586079000000,"price":"100000000000000000","supply":"101038079909838969160485"},{"t":1586079900000,"price":"100000000000000000","supply":"101037329909838969160485"},{"t":1586080800000,"price":"100000000000000000","supply":"101037329909838969160485"},{"t":1586081700000,"price":"100000000000000000","supply":"101037329909838969160485"},{"t":1586082600000,"price":"100000000000000000","supply":"101037329909838969160485"},{"t":1586083500001,"price":"100000000000000000","supply":"101037329909838969160485"},{"t":1586084400000,"price":"100000000000000000","supply":"101037329909838969160485"},{"t":1586085300000,"price":"100000000000000000","supply":"101037329909838969160485"},{"t":1586086200000,"price":"100000000000000000","supply":"101037329909838969160485"},{"t":1586087100000,"price":"100000000000000000","supply":"101037329909838969160485"},{"t":1586088000000,"price":"100000000000000000","supply":"101037329909838969160485"},{"t":1586088900000,"price":"100000000000000000","supply":"101037329909838969160485"},{"t":1586089800000,"price":"100000000000000000","supply":"101037329909838969160485"},{"t":1586090700000,"price":"100000000000000000","supply":"101109649909838969160485"},{"t":1586091600000,"price":"100000000000000000","supply":"101111649909838969160485"},{"t":1586092500000,"price":"100000000000000000","supply":"101091649909838969160485"},{"t":1586093400000,"price":"100000000000000000","supply":"101039649909838969160485"},{"t":1586094300000,"price":"100000000000000000","supply":"101039649909838969160485"},{"t":1586095200000,"price":"100000000000000000","supply":"101069649909838969160485"},{"t":1586096100000,"price":"100000000000000000","supply":"101069649909838969160485"},{"t":1586097000000,"price":"100000000000000000","supply":"101069654979308309160485"},{"t":1586097900000,"price":"100000000000000000","supply":"101069649979308309160485"},{"t":1586098800000,"price":"100000000000000000","supply":"101069649979308309160485"},{"t":1586099700000,"price":"100000000000000000","supply":"101069649979308309160485"},{"t":1586100600000,"price":"100000000000000000","supply":"101069649979308309160485"},{"t":1586101500000,"price":"100000000000000000","supply":"101069649979308309160485"},{"t":1586102400000,"price":"100000000000000000","supply":"101070811979308309160485"},{"t":1586103300000,"price":"100000000000000000","supply":"101070811979308309160485"},{"t":1586104200000,"price":"100000000000000000","supply":"101070811979308309160485"},{"t":1586105100000,"price":"100000000000000000","supply":"101070811979308309160485"},{"t":1586106000000,"price":"100000000000000000","supply":"101072611979308309160485"},{"t":1586106900000,"price":"100000000000000000","supply":"101071621979308309160485"},{"t":1586107800000,"price":"100000000000000000","supply":"101071621979308309160485"},{"t":1586108700000,"price":"100000000000000000","supply":"101071621979308309160485"},{"t":1586109600000,"price":"100000000000000000","supply":"101071621979308309160485"},{"t":1586110500001,"price":"100000000000000000","supply":"101071621979308309160485"},{"t":1586111400000,"price":"100000000000000000","supply":"101071621979308309160485"},{"t":1586112300000,"price":"100000000000000000","supply":"101071621979308309160485"},{"t":1586113200000,"price":"100000000000000000","supply":"101071621979308309160485"},{"t":1586114100000,"price":"100000000000000000","supply":"101071621979308309160485"},{"t":1586115000000,"price":"100000000000000000","supply":"101071621979308309160485"},{"t":1586115900000,"price":"100000000000000000","supply":"101071621979308309160485"},{"t":1586116800000,"price":"100000000000000000","supply":"101071621979308309160485"},{"t":1586117700000,"price":"100000000000000000","supply":"101071621979308309160485"},{"t":1586118600000,"price":"100000000000000000","supply":"101071621979308309160485"},{"t":1586119500000,"price":"100000000000000000","supply":"101072621979308309160485"},{"t":1586120400000,"price":"100000000000000000","supply":"101072621979308309160485"},{"t":1586121300000,"price":"100000000000000000","supply":"101072621979308309160485"},{"t":1586122200000,"price":"100000000000000000","supply":"101077621979308309160485"},{"t":1586123100000,"price":"100000000000000000","supply":"101077621979308309160485"},{"t":1586124000001,"price":"100000000000000000","supply":"101077621979308309160485"},{"t":1586124900001,"price":"100000000000000000","supply":"101077621979308309160485"},{"t":1586125800000,"price":"100000000000000000","supply":"101077621979308309160485"},{"t":1586126700000,"price":"100000000000000000","supply":"101077621979308309160485"},{"t":1586127600000,"price":"100000000000000000","supply":"101077621979308309160485"},{"t":1586128500000,"price":"100000000000000000","supply":"101077621979308309160485"},{"t":1586129400001,"price":"100000000000000000","supply":"101077621979308309160485"},{"t":1586130300000,"price":"100000000000000000","supply":"101077621979308309160485"},{"t":1586131200000,"price":"100000000000000000","supply":"101077621979308309160485"},{"t":1586132100000,"price":"100000000000000000","supply":"101078621979308309160485"},{"t":1586133000000,"price":"100000000000000000","supply":"101078621979308309160485"},{"t":1586133900000,"price":"100000000000000000","supply":"101078621979308309160485"},{"t":1586134800000,"price":"100000000000000000","supply":"101078621979308309160485"},{"t":1586135700000,"price":"100000000000000000","supply":"101078621979308309160485"},{"t":1586136600000,"price":"100000000000000000","supply":"101078621979308309160485"},{"t":1586137500000,"price":"100000000000000000","supply":"101078621979308309160485"},{"t":1586138400000,"price":"100000000000000000","supply":"101078621979308309160485"},{"t":1586139300000,"price":"100000000000000000","supply":"101078621979308309160485"},{"t":1586140200000,"price":"100000000000000000","supply":"101078621979308309160485"},{"t":1586141100000,"price":"100000000000000000","supply":"101078621979308309160485"},{"t":1586142000000,"price":"100000000000000000","supply":"101078621979308309160485"},{"t":1586142900000,"price":"100000000000000000","supply":"101081621979308309160485"},{"t":1586143800001,"price":"100000000000000000","supply":"101079121979308309160485"},{"t":1586144700000,"price":"100000000000000000","supply":"101107409979308309160485"},{"t":1586145600000,"price":"100000000000000000","supply":"101114722979308309160485"},{"t":1586146500000,"price":"100000000000000000","supply":"101116011979308309160485"},{"t":1586147400000,"price":"100000000000000000","supply":"101116011979308309160485"},{"t":1586148300000,"price":"100000000000000000","supply":"101117734979308309160485"},{"t":1586149200000,"price":"100000000000000000","supply":"101117734979308309160485"},{"t":1586150100000,"price":"100000000000000000","supply":"101117834979308309160485"},{"t":1586151000000,"price":"100000000000000000","supply":"101118534979308309160485"},{"t":1586151900000,"price":"100000000000000000","supply":"101118534979308309160485"},{"t":1586152800000,"price":"100000000000000000","supply":"101119184979308309160485"},{"t":1586153700000,"price":"100000000000000000","supply":"101119184979308309160485"},{"t":1586154600000,"price":"100000000000000000","supply":"101119184979308309160485"},{"t":1586155500000,"price":"100000000000000000","supply":"101118984979308309160485"},{"t":1586156400000,"price":"100000000000000000","supply":"101118984979308309160485"},{"t":1586157300000,"price":"100000000000000000","supply":"101123984979308309160485"},{"t":1586158200000,"price":"100000000000000000","supply":"101093684979308309160485"},{"t":1586159100001,"price":"100000000000000000","supply":"101093684979308309160485"},{"t":1586160000000,"price":"100000000000000000","supply":"101093684979308309160485"},{"t":1586160900000,"price":"100000000000000000","supply":"101093684979308309160485"},{"t":1586161800000,"price":"100000000000000000","supply":"101093684979308309160485"},{"t":1586162700000,"price":"100000000000000000","supply":"101093684979308309160485"},{"t":1586163600000,"price":"100000000000000000","supply":"101093684979308309160485"},{"t":1586164500000,"price":"100000000000000000","supply":"101093684979308309160485"},{"t":1586165400000,"price":"100000000000000000","supply":"101093684979308309160485"},{"t":1586166300000,"price":"100000000000000000","supply":"101093684979308309160485"},{"t":1586167200000,"price":"100000000000000000","supply":"101097523079308309160485"},{"t":1586168100000,"price":"100000000000000000","supply":"101097523079308309160485"},{"t":1586169000000,"price":"100000000000000000","supply":"101097523079308309160485"},{"t":1586169900001,"price":"100000000000000000","supply":"101097523079308309160485"},{"t":1586170800000,"price":"100000000000000000","supply":"101097523079308309160485"},{"t":1586171700000,"price":"100000000000000000","supply":"101097523079308309160485"},{"t":1586172600000,"price":"100000000000000000","supply":"101097523079308309160485"},{"t":1586173500000,"price":"100000000000000000","supply":"101097523079308309160485"},{"t":1586174400000,"price":"100000000000000000","supply":"101097523079308309160485"},{"t":1586175300000,"price":"100000000000000000","supply":"101097523079308309160485"},{"t":1586176200000,"price":"100000000000000000","supply":"101097523079308309160485"},{"t":1586177100000,"price":"100000000000000000","supply":"101097523079308309160485"},{"t":1586178000000,"price":"100000000000000000","supply":"101097523079308309160485"},{"t":1586178900000,"price":"100000000000000000","supply":"101097523079308309160485"},{"t":1586179800000,"price":"100000000000000000","supply":"101097523079308309160485"},{"t":1586180700000,"price":"100000000000000000","supply":"101097523079308309160485"},{"t":1586181600000,"price":"100000000000000000","supply":"101097523079308309160485"},{"t":1586182500000,"price":"100000000000000000","supply":"101097523079308309160485"},{"t":1586183400000,"price":"100000000000000000","supply":"101092996079308309160485"},{"t":1586184300000,"price":"100000000000000000","supply":"101092996079308309160485"},{"t":1586185200000,"price":"100000000000000000","supply":"101092996079308309160485"},{"t":1586186100000,"price":"100000000000000000","supply":"101092996079308309160485"},{"t":1586187000000,"price":"100000000000000000","supply":"101092996079308309160485"},{"t":1586187900000,"price":"100000000000000000","supply":"101092996079308309160485"},{"t":1586188800000,"price":"100000000000000000","supply":"101093996079308309160485"},{"t":1586189700000,"price":"100000000000000000","supply":"101094096079308309160485"},{"t":1586190600000,"price":"100000000000000000","supply":"101094096079308309160485"},{"t":1586191500000,"price":"100000000000000000","supply":"101094096079308309160485"},{"t":1586192400000,"price":"100000000000000000","supply":"101094096079308309160485"},{"t":1586193300000,"price":"100000000000000000","supply":"101094096079308309160485"},{"t":1586194200000,"price":"100000000000000000","supply":"101094096079308309160485"},{"t":1586195100000,"price":"100000000000000000","supply":"101094096079308309160485"},{"t":1586196000000,"price":"100000000000000000","supply":"101094096079308309160485"},{"t":1586196900000,"price":"100000000000000000","supply":"101094096079308309160485"},{"t":1586197800000,"price":"100000000000000000","supply":"101094096079308309160485"},{"t":1586198700000,"price":"100000000000000000","supply":"101094096079308309160485"},{"t":1586199600000,"price":"100000000000000000","supply":"101104096079308309160485"},{"t":1586200500000,"price":"100000000000000000","supply":"101104096079308309160485"},{"t":1586201400001,"price":"100000000000000000","supply":"101104096079308309160485"},{"t":1586202300000,"price":"100000000000000000","supply":"101104096079308309160485"},{"t":1586203200000,"price":"100000000000000000","supply":"101104096079308309160485"},{"t":1586204100000,"price":"100000000000000000","supply":"101104096079308309160485"},{"t":1586205000000,"price":"100000000000000000","supply":"101104096079308309160485"},{"t":1586205900000,"price":"100000000000000000","supply":"101104096079308309160485"},{"t":1586206800000,"price":"100000000000000000","supply":"101104096079308309160485"},{"t":1586207700000,"price":"100000000000000000","supply":"101104096079308309160485"},{"t":1586208600000,"price":"100000000000000000","supply":"101104096079308309160485"},{"t":1586209500000,"price":"100000000000000000","supply":"101104096079308309160485"},{"t":1586210400000,"price":"100000000000000000","supply":"101104096079308309160485"},{"t":1586211300000,"price":"100000000000000000","supply":"101105010079308309160485"},{"t":1586212200001,"price":"100000000000000000","supply":"101105012079308309160485"},{"t":1586213100000,"price":"100000000000000000","supply":"101104912079308309160485"},{"t":1586214000000,"price":"100000000000000000","supply":"101107613079308309160485"},{"t":1586214900000,"price":"100000000000000000","supply":"101108513079308309160485"},{"t":1586215800000,"price":"100000000000000000","supply":"101108513079308309160485"},{"t":1586216700000,"price":"100000000000000000","supply":"101108513079308309160485"},{"t":1586217600001,"price":"100000000000000000","supply":"101108513079308309160485"},{"t":1586218500000,"price":"100000000000000000","supply":"101108513079308309160485"},{"t":1586219400000,"price":"100000000000000000","supply":"101108513079308309160485"},{"t":1586220300000,"price":"100000000000000000","supply":"101108513079308309160485"},{"t":1586221200000,"price":"100000000000000000","supply":"101108513079308309160485"},{"t":1586222100000,"price":"100000000000000000","supply":"101108513079308309160485"},{"t":1586223000000,"price":"100000000000000000","supply":"101108513079308309160485"},{"t":1586223900000,"price":"100000000000000000","supply":"101110513079308309160485"},{"t":1586224800000,"price":"100000000000000000","supply":"101110513079308309160485"},{"t":1586225700000,"price":"100000000000000000","supply":"101110513079308309160485"},{"t":1586226600000,"price":"100000000000000000","supply":"101110513079308309160485"},{"t":1586227500000,"price":"100000000000000000","supply":"101110513079308309160485"},{"t":1586228400000,"price":"100000000000000000","supply":"101110513079308309160485"},{"t":1586229300000,"price":"100000000000000000","supply":"101110513079308309160485"},{"t":1586230200000,"price":"100000000000000000","supply":"101110513079308309160485"},{"t":1586231100000,"price":"100000000000000000","supply":"101110513079308309160485"},{"t":1586232000000,"price":"100000000000000000","supply":"101110513079308309160485"},{"t":1586232900000,"price":"100000000000000000","supply":"101110513079308309160485"},{"t":1586233800000,"price":"100000000000000000","supply":"101110513079308309160485"},{"t":1586234700000,"price":"100000000000000000","supply":"101110513079308309160485"},{"t":1586235600000,"price":"100000000000000000","supply":"101110513079308309160485"},{"t":1586236500000,"price":"100000000000000000","supply":"101110513079308309160485"},{"t":1586237400000,"price":"100000000000000000","supply":"101112513079308309160485"},{"t":1586238300000,"price":"100000000000000000","supply":"101112513079308309160485"},{"t":1586239200001,"price":"100000000000000000","supply":"101112513079308309160485"},{"t":1586240100000,"price":"100000000000000000","supply":"101112513079308309160485"},{"t":1586241000000,"price":"100000000000000000","supply":"101117013079308309160485"},{"t":1586241900000,"price":"100000000000000000","supply":"101120840079308309160485"},{"t":1586242800000,"price":"100000000000000000","supply":"101120340079308309160485"},{"t":1586243700000,"price":"100000000000000000","supply":"101120340079308309160485"},{"t":1586244600000,"price":"100000000000000000","supply":"101120340079308309160485"},{"t":1586245500000,"price":"100000000000000000","supply":"101120340079308309160485"},{"t":1586246400000,"price":"100000000000000000","supply":"101118840079308309160485"},{"t":1586247300000,"price":"100000000000000000","supply":"101118340179308309160485"},{"t":1586248200000,"price":"100000000000000000","supply":"101118340179308309160485"},{"t":1586249100000,"price":"100000000000000000","supply":"101117440179308309160485"},{"t":1586250000000,"price":"100000000000000000","supply":"101117440179308309160485"},{"t":1586250900000,"price":"100000000000000000","supply":"101117640179308309160485"},{"t":1586251800000,"price":"100000000000000000","supply":"101117640179308309160485"},{"t":1586252700000,"price":"100000000000000000","supply":"101118741179308309160485"},{"t":1586253600000,"price":"100000000000000000","supply":"101203741179308309160485"},{"t":1586254500000,"price":"100000000000000000","supply":"101205741179308309160485"},{"t":1586255400000,"price":"100000000000000000","supply":"101205741179308309160485"},{"t":1586256300000,"price":"100000000000000000","supply":"101205741179308309160485"},{"t":1586257200000,"price":"100000000000000000","supply":"101205741179308309160485"},{"t":1586258100000,"price":"100000000000000000","supply":"101205741179308309160485"},{"t":1586259000000,"price":"100000000000000000","supply":"101205741179308309160485"},{"t":1586259900000,"price":"100000000000000000","supply":"101205741179308309160485"},{"t":1586260800000,"price":"100000000000000000","supply":"101205741179308309160485"},{"t":1586261700000,"price":"100000000000000000","supply":"101206741179308309160485"},{"t":1586262600000,"price":"100000000000000000","supply":"101206741179308309160485"},{"t":1586263500000,"price":"100000000000000000","supply":"101206741179308309160485"},{"t":1586264400001,"price":"100000000000000000","supply":"101208741179308309160485"},{"t":1586265300000,"price":"100000000000000000","supply":"101206741179308309160485"},{"t":1586266200000,"price":"100000000000000000","supply":"101257077679308309160485"},{"t":1586267100000,"price":"100000000000000000","supply":"101257077679308309160485"},{"t":1586268000000,"price":"100000000000000000","supply":"101257077679308309160485"},{"t":1586268900001,"price":"100000000000000000","supply":"101257077679308309160485"},{"t":1586269800000,"price":"100000000000000000","supply":"101257077679308309160485"},{"t":1586270700001,"price":"100000000000000000","supply":"101257077679308309160485"},{"t":1586271600000,"price":"100000000000000000","supply":"101257077679308309160485"},{"t":1586272500000,"price":"100000000000000000","supply":"101257077679308309160485"},{"t":1586273400000,"price":"100000000000000000","supply":"101257077679308309160485"},{"t":1586274300000,"price":"100000000000000000","supply":"101257077679308309160485"},{"t":1586275200000,"price":"100000000000000000","supply":"101257713679308309160485"},{"t":1586276100000,"price":"100000000000000000","supply":"101257713679308309160485"},{"t":1586277000000,"price":"100000000000000000","supply":"101257713679308309160485"},{"t":1586277900000,"price":"100000000000000000","supply":"101257713679308309160485"},{"t":1586278800000,"price":"100000000000000000","supply":"101257713679308309160485"},{"t":1586279700000,"price":"100000000000000000","supply":"101257713679308309160485"},{"t":1586280600000,"price":"100000000000000000","supply":"101257713679308309160485"},{"t":1586281500000,"price":"100000000000000000","supply":"101257713679308309160485"},{"t":1586282400000,"price":"100000000000000000","supply":"101257713679308309160485"},{"t":1586283300000,"price":"100000000000000000","supply":"101257713679308309160485"},{"t":1586284200000,"price":"100000000000000000","supply":"101257713679308309160485"},{"t":1586285100000,"price":"100000000000000000","supply":"101257713679308309160485"},{"t":1586286000000,"price":"100000000000000000","supply":"101257713679308309160485"},{"t":1586286900000,"price":"100000000000000000","supply":"101257713679308309160485"},{"t":1586287800000,"price":"100000000000000000","supply":"101257713679308309160485"},{"t":1586288700000,"price":"100000000000000000","supply":"101257713679308309160485"},{"t":1586289600000,"price":"100000000000000000","supply":"101257713679308309160485"},{"t":1586290500000,"price":"100000000000000000","supply":"101257713679308309160485"},{"t":1586291400000,"price":"100000000000000000","supply":"101257713679308309160485"},{"t":1586292300000,"price":"100000000000000000","supply":"101257713679308309160485"},{"t":1586293200000,"price":"100000000000000000","supply":"101257713679308309160485"},{"t":1586294100000,"price":"100000000000000000","supply":"101257713679308309160485"},{"t":1586295000000,"price":"100000000000000000","supply":"101257713679308309160485"},{"t":1586295900000,"price":"100000000000000000","supply":"101257713679308309160485"},{"t":1586296800000,"price":"100000000000000000","supply":"101257713679308309160485"},{"t":1586297700000,"price":"100000000000000000","supply":"101257713679308309160485"},{"t":1586298600000,"price":"100000000000000000","supply":"101257713679308309160485"},{"t":1586299500000,"price":"100000000000000000","supply":"101257713679308309160485"},{"t":1586300400000,"price":"100000000000000000","supply":"101257713679308309160485"},{"t":1586301300000,"price":"100000000000000000","supply":"101257713679308309160485"},{"t":1586302200000,"price":"100000000000000000","supply":"101257713679308309160485"},{"t":1586303100000,"price":"100000000000000000","supply":"101257713679308309160485"},{"t":1586304000000,"price":"100000000000000000","supply":"101257713679308309160485"},{"t":1586304900000,"price":"100000000000000000","supply":"101257713679308309160485"},{"t":1586305800000,"price":"100000000000000000","supply":"101257713679308309160485"},{"t":1586306700001,"price":"100000000000000000","supply":"101257713679308309160485"},{"t":1586307600001,"price":"100000000000000000","supply":"101257713679308309160485"},{"t":1586308500000,"price":"100000000000000000","supply":"101257713679308309160485"},{"t":1586309400000,"price":"100000000000000000","supply":"101257713679308309160485"},{"t":1586310300000,"price":"100000000000000000","supply":"101257713679308309160485"},{"t":1586311200000,"price":"100000000000000000","supply":"101257713679308309160485"},{"t":1586312100000,"price":"100000000000000000","supply":"101258113679308309160485"},{"t":1586313000000,"price":"100000000000000000","supply":"101258113679308309160485"},{"t":1586313900000,"price":"100000000000000000","supply":"101258113679308309160485"},{"t":1586314800000,"price":"100000000000000000","supply":"101258113679308309160485"},{"t":1586315700000,"price":"100000000000000000","supply":"101258113679308309160485"},{"t":1586316600000,"price":"100000000000000000","supply":"101258113679308309160485"},{"t":1586317500000,"price":"100000000000000000","supply":"101258113679308309160485"},{"t":1586318400000,"price":"100000000000000000","supply":"101258113679308309160485"},{"t":1586319300000,"price":"100000000000000000","supply":"101258113679308309160485"},{"t":1586320200000,"price":"100000000000000000","supply":"101258113679308309160485"},{"t":1586321100000,"price":"100000000000000000","supply":"101258113679308309160485"},{"t":1586322000000,"price":"100000000000000000","supply":"101258113679308309160485"},{"t":1586322900000,"price":"100000000000000000","supply":"101258113679308309160485"},{"t":1586323800000,"price":"100000000000000000","supply":"101258113679308309160485"},{"t":1586324700000,"price":"100000000000000000","supply":"101258113679308309160485"},{"t":1586325600000,"price":"100000000000000000","supply":"101258113679308309160485"},{"t":1586326500000,"price":"100000000000000000","supply":"101258110679308309160485"},{"t":1586327400000,"price":"100000000000000000","supply":"101258110679308309160485"},{"t":1586328300000,"price":"100000000000000000","supply":"101258110679308309160485"},{"t":1586329200000,"price":"100000000000000000","supply":"101262110679308309160485"},{"t":1586330100000,"price":"100000000000000000","supply":"101262110679308309160485"},{"t":1586331000000,"price":"100000000000000000","supply":"101262110679308309160485"},{"t":1586331900000,"price":"100000000000000000","supply":"101262110679308309160485"},{"t":1586332800000,"price":"100000000000000000","supply":"101262110679308309160485"},{"t":1586333700000,"price":"100000000000000000","supply":"101262110679308309160485"},{"t":1586334600000,"price":"100000000000000000","supply":"101262110679308309160485"},{"t":1586335500000,"price":"100000000000000000","supply":"101262110679308309160485"},{"t":1586336400000,"price":"100000000000000000","supply":"101262110679308309160485"},{"t":1586337300000,"price":"100000000000000000","supply":"101262110679308309160485"},{"t":1586338200000,"price":"100000000000000000","supply":"101262110679308309160485"},{"t":1586339100000,"price":"100000000000000000","supply":"101262110679308309160485"},{"t":1586340000001,"price":"100000000000000000","supply":"101261338679308309160485"},{"t":1586340900000,"price":"100000000000000000","supply":"101261348679308309160485"},{"t":1586341800000,"price":"100000000000000000","supply":"101261348679308309160485"},{"t":1586342700000,"price":"100000000000000000","supply":"101261348679308309160485"},{"t":1586343600000,"price":"100000000000000000","supply":"101261348679308309160485"},{"t":1586344500000,"price":"100000000000000000","supply":"101261348679308309160485"},{"t":1586345400000,"price":"100000000000000000","supply":"101261348679308309160485"},{"t":1586346300000,"price":"100000000000000000","supply":"101261348679308309160485"},{"t":1586347200000,"price":"100000000000000000","supply":"101261348679308309160485"},{"t":1586348100000,"price":"100000000000000000","supply":"101261348679308309160485"},{"t":1586349000000,"price":"100000000000000000","supply":"101261348679308309160485"},{"t":1586349900000,"price":"100000000000000000","supply":"101261348679308309160485"},{"t":1586350800000,"price":"100000000000000000","supply":"101261348679308309160485"},{"t":1586351700000,"price":"100000000000000000","supply":"101261348679308309160485"},{"t":1586352600001,"price":"100000000000000000","supply":"101261348679308309160485"},{"t":1586353500000,"price":"100000000000000000","supply":"101261348679308309160485"},{"t":1586354400000,"price":"100000000000000000","supply":"101261348679308309160485"},{"t":1586355300000,"price":"100000000000000000","supply":"101261348679308309160485"},{"t":1586356200000,"price":"100000000000000000","supply":"101261348679308309160485"},{"t":1586357100000,"price":"100000000000000000","supply":"101261348679308309160485"},{"t":1586358000000,"price":"100000000000000000","supply":"101261348679308309160485"},{"t":1586358900000,"price":"100000000000000000","supply":"101261348679308309160485"},{"t":1586359800000,"price":"100000000000000000","supply":"101261348679308309160485"},{"t":1586360700000,"price":"100000000000000000","supply":"101261348679308309160485"},{"t":1586361600000,"price":"100000000000000000","supply":"101261348679308309160485"},{"t":1586362500000,"price":"100000000000000000","supply":"101261348679308309160485"},{"t":1586363400000,"price":"100000000000000000","supply":"101261348679308309160485"},{"t":1586364300001,"price":"100000000000000000","supply":"101261348679308309160485"},{"t":1586365200000,"price":"100000000000000000","supply":"101261348679308309160485"},{"t":1586366100000,"price":"100000000000000000","supply":"101261348679308309160485"},{"t":1586367000000,"price":"100000000000000000","supply":"101261348679308309160485"},{"t":1586367900000,"price":"100000000000000000","supply":"101261348679308309160485"},{"t":1586368800000,"price":"100000000000000000","supply":"101262648679308309160485"},{"t":1586369700000,"price":"100000000000000000","supply":"101262678679308309160485"},{"t":1586370600000,"price":"100000000000000000","supply":"101262678679308309160485"},{"t":1586371500000,"price":"100000000000000000","supply":"101262678679308309160485"},{"t":1586372400000,"price":"100000000000000000","supply":"101289688679308309160485"},{"t":1586373300000,"price":"100000000000000000","supply":"101289680679308309160485"},{"t":1586374200000,"price":"100000000000000000","supply":"101289679179308309160485"},{"t":1586375100000,"price":"100000000000000000","supply":"101289679179308309160485"},{"t":1586376000000,"price":"100000000000000000","supply":"101289679179308309160485"},{"t":1586376900000,"price":"100000000000000000","supply":"101289679179308309160485"},{"t":1586377800001,"price":"100000000000000000","supply":"101290179179308309160485"},{"t":1586378700000,"price":"100000000000000000","supply":"101290179179308309160485"},{"t":1586379600000,"price":"100000000000000000","supply":"101290179179308309160485"},{"t":1586380500000,"price":"100000000000000000","supply":"101290179179308309160485"},{"t":1586381400000,"price":"100000000000000000","supply":"101290179179308309160485"},{"t":1586382300000,"price":"100000000000000000","supply":"101290179179308309160485"},{"t":1586383200000,"price":"100000000000000000","supply":"101290189179308309160485"},{"t":1586384100000,"price":"100000000000000000","supply":"101295684179308309160485"},{"t":1586385000000,"price":"100000000000000000","supply":"101295684179308309160485"},{"t":1586385900000,"price":"100000000000000000","supply":"101295684179308309160485"},{"t":1586386800000,"price":"100000000000000000","supply":"101295189179308309160485"},{"t":1586387700000,"price":"100000000000000000","supply":"101295189179308309160485"},{"t":1586388600000,"price":"100000000000000000","supply":"101295189179308309160485"},{"t":1586389500000,"price":"100000000000000000","supply":"101295189179308309160485"},{"t":1586390400000,"price":"100000000000000000","supply":"101295189179308309160485"},{"t":1586391300000,"price":"100000000000000000","supply":"101295689179308309160485"},{"t":1586392200000,"price":"100000000000000000","supply":"101295189179408309160485"},{"t":1586393100000,"price":"100000000000000000","supply":"101294709179408319160485"},{"t":1586394000000,"price":"100000000000000000","supply":"101296229179408319160485"},{"t":1586394900000,"price":"100000000000000000","supply":"101295610950640254660484"},{"t":1586395800000,"price":"100000000000000000","supply":"101295610950640254660484"},{"t":1586396700000,"price":"100000000000000000","supply":"101296260950640254660484"},{"t":1586397600000,"price":"100000000000000000","supply":"101297260950640254660484"},{"t":1586398500000,"price":"100000000000000000","supply":"101297260950640254660484"},{"t":1586399400000,"price":"100000000000000000","supply":"101297260950640254660484"},{"t":1586400300000,"price":"100000000000000000","supply":"101297260950640254660484"},{"t":1586401200000,"price":"100000000000000000","supply":"101297260950640254660484"},{"t":1586402100000,"price":"100000000000000000","supply":"101297260950640254660484"},{"t":1586403000000,"price":"100000000000000000","supply":"101297260950640254660484"},{"t":1586403900000,"price":"100000000000000000","supply":"101310760950640254660484"},{"t":1586404800000,"price":"100000000000000000","supply":"101310760950640254660484"},{"t":1586405700000,"price":"100000000000000000","supply":"101310760950640254660484"},{"t":1586406600000,"price":"100000000000000000","supply":"101310760950640254660484"},{"t":1586407500000,"price":"100000000000000000","supply":"101310760950640254660484"},{"t":1586408400000,"price":"100000000000000000","supply":"101310760950640254660484"},{"t":1586409300000,"price":"100000000000000000","supply":"101310760950640254660484"},{"t":1586410200001,"price":"100000000000000000","supply":"101310760950640254660484"},{"t":1586411100000,"price":"100000000000000000","supply":"101310860950640254660484"},{"t":1586412000000,"price":"100000000000000000","supply":"101310860950640254660484"},{"t":1586412900000,"price":"100000000000000000","supply":"101310860950640254660484"},{"t":1586413800000,"price":"100000000000000000","supply":"101310860950640254660484"},{"t":1586414700000,"price":"100000000000000000","supply":"101310860950640254660484"},{"t":1586415600000,"price":"100000000000000000","supply":"101310860950640254660484"},{"t":1586416500000,"price":"100000000000000000","supply":"101310860950640254660484"},{"t":1586417400000,"price":"100000000000000000","supply":"101283860950640254660484"},{"t":1586418300000,"price":"100000000000000000","supply":"101283761950640254660484"},{"t":1586419200000,"price":"100000000000000000","supply":"101284861950640254660484"},{"t":1586420100000,"price":"100000000000000000","supply":"101289361950640254660484"},{"t":1586421000000,"price":"100000000000000000","supply":"101289361950640254660484"},{"t":1586421900000,"price":"100000000000000000","supply":"101289361950640254660484"},{"t":1586422800001,"price":"100000000000000000","supply":"101289361950640254660484"},{"t":1586423700001,"price":"100000000000000000","supply":"101289361950640254660484"},{"t":1586424600000,"price":"100000000000000000","supply":"101289361950640254660484"},{"t":1586425500000,"price":"100000000000000000","supply":"101289361950640254660484"},{"t":1586426400000,"price":"100000000000000000","supply":"101289361950640254660484"},{"t":1586427300000,"price":"100000000000000000","supply":"101285361950640254660484"},{"t":1586428200000,"price":"100000000000000000","supply":"101285361950640254660484"},{"t":1586429100000,"price":"100000000000000000","supply":"101288361950640254660484"},{"t":1586430000000,"price":"100000000000000000","supply":"101291361950640254660484"},{"t":1586430900000,"price":"100000000000000000","supply":"101291361950640254660484"},{"t":1586431800000,"price":"100000000000000000","supply":"101291361950640254660484"},{"t":1586432700001,"price":"100000000000000000","supply":"101286361950640254660484"},{"t":1586433600000,"price":"100000000000000000","supply":"101292361950640254660484"},{"t":1586434500000,"price":"100000000000000000","supply":"101292361950640254660484"},{"t":1586435400000,"price":"100000000000000000","supply":"101292361950640254660484"},{"t":1586436300000,"price":"100000000000000000","supply":"101292361950640254660484"},{"t":1586437200000,"price":"100000000000000000","supply":"101292361950640254660484"},{"t":1586438100000,"price":"100000000000000000","supply":"101295721950640254660484"},{"t":1586439000001,"price":"100000000000000000","supply":"101309721950640254660484"},{"t":1586439900000,"price":"100000000000000000","supply":"101309721950640254660484"},{"t":1586440800000,"price":"100000000000000000","supply":"101309721950640254660484"},{"t":1586441700000,"price":"100000000000000000","supply":"101309721950640254660484"},{"t":1586442600000,"price":"100000000000000000","supply":"101309721950640254660484"},{"t":1586443500000,"price":"100000000000000000","supply":"101309721950640254660484"},{"t":1586444400000,"price":"100000000000000000","supply":"101309721950640254660484"},{"t":1586445300000,"price":"100000000000000000","supply":"101309721950640254660484"},{"t":1586446200000,"price":"100000000000000000","supply":"101309721950640254660484"},{"t":1586447100000,"price":"100000000000000000","supply":"101309721950640254660484"},{"t":1586448000000,"price":"100000000000000000","supply":"101309721950640254660484"},{"t":1586448900000,"price":"100000000000000000","supply":"101309721950640254660484"},{"t":1586449800000,"price":"100000000000000000","supply":"101309721950640254660484"},{"t":1586450700000,"price":"100000000000000000","supply":"101309721950640254660484"},{"t":1586451600000,"price":"100000000000000000","supply":"101379721950640254660484"},{"t":1586452500000,"price":"100000000000000000","supply":"101384021950640254660484"},{"t":1586453400001,"price":"100000000000000000","supply":"101402021950640254660484"},{"t":1586454300000,"price":"100000000000000000","supply":"101402021960640254660484"},{"t":1586455200000,"price":"100000000000000000","supply":"101402021960640254660484"},{"t":1586456100000,"price":"100000000000000000","supply":"101402021960640254660484"},{"t":1586457000000,"price":"100000000000000000","supply":"101402021960640254660484"},{"t":1586457900000,"price":"100000000000000000","supply":"101403121960640254660484"},{"t":1586458800000,"price":"100000000000000000","supply":"101403121960640254660484"},{"t":1586459700000,"price":"100000000000000000","supply":"101403121960640254660484"},{"t":1586460600000,"price":"100000000000000000","supply":"101403121960640254660484"},{"t":1586461500000,"price":"100000000000000000","supply":"101404121960640254660484"},{"t":1586462400000,"price":"100000000000000000","supply":"101410221960640254660484"},{"t":1586463300000,"price":"100000000000000000","supply":"101411221960640254660484"},{"t":1586464200000,"price":"100000000000000000","supply":"101561221960640254660484"},{"t":1586465100001,"price":"100000000000000000","supply":"101597221960640254660484"},{"t":1586466000000,"price":"100000000000000000","supply":"101600221960640254660484"},{"t":1586466900000,"price":"100000000000000000","supply":"101565221960640254660484"},{"t":1586467800000,"price":"100000000000000000","supply":"101565221960640254660484"},{"t":1586468700000,"price":"100000000000000000","supply":"101500221960640254660484"},{"t":1586469600000,"price":"100000000000000000","supply":"101500222960640254660484"},{"t":1586470500000,"price":"100000000000000000","supply":"101498722960640254660484"},{"t":1586471400001,"price":"100000000000000000","supply":"101688722960640254660484"},{"t":1586472300000,"price":"100000000000000000","supply":"101688722960640254660484"},{"t":1586473200000,"price":"100000000000000000","supply":"101688722960640254660484"},{"t":1586474100000,"price":"100000000000000000","supply":"101692965960640254660484"},{"t":1586475000000,"price":"100000000000000000","supply":"101694965960640254660484"},{"t":1586475900001,"price":"100000000000000000","supply":"101695966930640254660484"},{"t":1586476800000,"price":"100000000000000000","supply":"101695966930640254660484"},{"t":1586477700001,"price":"100000000000000000","supply":"101695966930640254660484"},{"t":1586478600000,"price":"100000000000000000","supply":"101696466930640254660484"},{"t":1586479500000,"price":"100000000000000000","supply":"101696466930640254660484"},{"t":1586480400000,"price":"100000000000000000","supply":"101764466930640254660484"},{"t":1586481300000,"price":"100000000000000000","supply":"101765686930640254660484"},{"t":1586482200000,"price":"100000000000000000","supply":"101765815930640254660484"},{"t":1586483100000,"price":"100000000000000000","supply":"101765815930640254660484"},{"t":1586484000000,"price":"100000000000000000","supply":"101765815930640254660484"},{"t":1586484900000,"price":"100000000000000000","supply":"101765815930640254660484"},{"t":1586485800001,"price":"100000000000000000","supply":"101765815930640254660484"},{"t":1586486700000,"price":"100000000000000000","supply":"101765815930640254660484"},{"t":1586487600001,"price":"100000000000000000","supply":"101765815930640254660484"},{"t":1586488500000,"price":"100000000000000000","supply":"101765815930640254660484"},{"t":1586489400000,"price":"100000000000000000","supply":"101765815930640254660484"},{"t":1586490300000,"price":"100000000000000000","supply":"101765815930640254660484"},{"t":1586491200000,"price":"100000000000000000","supply":"101765815930640254660484"},{"t":1586492100000,"price":"100000000000000000","supply":"101765815930640254660484"},{"t":1586493000000,"price":"100000000000000000","supply":"101765815930640254660484"},{"t":1586493900000,"price":"100000000000000000","supply":"101765815930640254660484"},{"t":1586494800000,"price":"100000000000000000","supply":"101765815930640254660484"},{"t":1586495700000,"price":"100000000000000000","supply":"101765815930640254660484"},{"t":1586496600000,"price":"100000000000000000","supply":"101428815930640254660484"},{"t":1586497500001,"price":"100000000000000000","supply":"101428815930640254660484"},{"t":1586498400000,"price":"100000000000000000","supply":"101428815930640254660484"},{"t":1586499300001,"price":"100000000000000000","supply":"101428815930640254660484"},{"t":1586500200000,"price":"100000000000000000","supply":"101428815930640254660484"},{"t":1586501100000,"price":"100000000000000000","supply":"101428815930640254660484"},{"t":1586502000000,"price":"100000000000000000","supply":"101428815930640254660484"},{"t":1586502900000,"price":"100000000000000000","supply":"102859901574909854660484"},{"t":1586503800000,"price":"100000000000000000","supply":"102813901574909854660484"},{"t":1586504700000,"price":"100000000000000000","supply":"102814901574909854660484"},{"t":1586505600000,"price":"100000000000000000","supply":"102814901574909854660484"},{"t":1586506500000,"price":"100000000000000000","supply":"102815901574909854660484"},{"t":1586507400000,"price":"100000000000000000","supply":"102815565574909854660484"},{"t":1586508300001,"price":"100000000000000000","supply":"102816565574909854660484"},{"t":1586509200000,"price":"100000000000000000","supply":"102816404574909854660484"},{"t":1586510100000,"price":"100000000000000000","supply":"102816404574909854660484"},{"t":1586511000001,"price":"100000000000000000","supply":"102816404574909854660484"},{"t":1586511900000,"price":"100000000000000000","supply":"102816404574909854660484"},{"t":1586512800000,"price":"100000000000000000","supply":"102816404574909854660484"},{"t":1586513700000,"price":"100000000000000000","supply":"102816404574909854660484"},{"t":1586514600000,"price":"100000000000000000","supply":"102816404574909854660484"},{"t":1586515500000,"price":"100000000000000000","supply":"102816404574909854660484"},{"t":1586516400000,"price":"100000000000000000","supply":"102817904574909854660484"},{"t":1586517300000,"price":"100000000000000000","supply":"102817904574909854660484"},{"t":1586518200000,"price":"100000000000000000","supply":"102817904574909854660484"},{"t":1586519100000,"price":"100000000000000000","supply":"102817904574909854660484"},{"t":1586520000001,"price":"100000000000000000","supply":"102817904574909854660484"},{"t":1586520900001,"price":"100000000000000000","supply":"102817904574909854660484"},{"t":1586521800000,"price":"100000000000000000","supply":"102817904574909854660484"},{"t":1586522700001,"price":"100000000000000000","supply":"102817904574909854660484"},{"t":1586523600000,"price":"100000000000000000","supply":"102817904574909854660484"},{"t":1586524500000,"price":"100000000000000000","supply":"102819090574909854660484"},{"t":1586525400000,"price":"100000000000000000","supply":"102819090574909854660484"},{"t":1586526300000,"price":"100000000000000000","supply":"102819840574909854660484"},{"t":1586527200000,"price":"100000000000000000","supply":"102819840574909854660484"},{"t":1586528100000,"price":"100000000000000000","supply":"102828167574909854660484"},{"t":1586529000000,"price":"100000000000000000","supply":"102828167574909854660484"},{"t":1586529900000,"price":"100000000000000000","supply":"102828167574909854660484"},{"t":1586530800000,"price":"100000000000000000","supply":"102828167574909854660484"},{"t":1586531700001,"price":"100000000000000000","supply":"102828167574909854660484"},{"t":1586532600000,"price":"100000000000000000","supply":"102828167574909854660484"},{"t":1586533500000,"price":"100000000000000000","supply":"102828167574909854660484"},{"t":1586534400000,"price":"100000000000000000","supply":"102828167574909854660484"},{"t":1586535300000,"price":"100000000000000000","supply":"102828167574909854660484"},{"t":1586536200000,"price":"100000000000000000","supply":"102828167574909854660484"},{"t":1586537100000,"price":"100000000000000000","supply":"102828167574909854660484"},{"t":1586538000000,"price":"100000000000000000","supply":"102828167574909854660484"},{"t":1586538900000,"price":"100000000000000000","supply":"102833167574909854660484"},{"t":1586539800000,"price":"100000000000000000","supply":"102833167574909854660484"},{"t":1586540700000,"price":"100000000000000000","supply":"102836167574909854660484"},{"t":1586541600000,"price":"100000000000000000","supply":"102836167574909854660484"},{"t":1586542500001,"price":"100000000000000000","supply":"102836167574909854660484"},{"t":1586543400000,"price":"100000000000000000","supply":"102836167574909854660484"},{"t":1586544300000,"price":"100000000000000000","supply":"102838167574909854660484"},{"t":1586545200000,"price":"100000000000000000","supply":"102838567574909854660484"},{"t":1586546100000,"price":"100000000000000000","supply":"102838567574909854660484"},{"t":1586547000000,"price":"100000000000000000","supply":"102838567574909854660484"},{"t":1586547900000,"price":"100000000000000000","supply":"102838567574909854660484"},{"t":1586548800000,"price":"100000000000000000","supply":"102838567574909854660484"},{"t":1586549700000,"price":"100000000000000000","supply":"102838567574909854660484"},{"t":1586550600000,"price":"100000000000000000","supply":"102838567574909854660484"},{"t":1586551500000,"price":"100000000000000000","supply":"102838567574909854660484"},{"t":1586552400001,"price":"100000000000000000","supply":"102838567574909854660484"},{"t":1586553300000,"price":"100000000000000000","supply":"102838567574909854660484"},{"t":1586554200000,"price":"100000000000000000","supply":"102838567574909854660484"},{"t":1586555100000,"price":"100000000000000000","supply":"102838567574909854660484"},{"t":1586556000000,"price":"100000000000000000","supply":"102843567574909854660484"},{"t":1586556900000,"price":"100000000000000000","supply":"102843567574909854660484"},{"t":1586557800000,"price":"100000000000000000","supply":"102843567574909854660484"},{"t":1586558700000,"price":"100000000000000000","supply":"102842916824909854660485"},{"t":1586559600000,"price":"100000000000000000","supply":"102842916824909854660485"},{"t":1586560500000,"price":"100000000000000000","supply":"102842916824909854660485"},{"t":1586561400000,"price":"100000000000000000","supply":"102840916824909854660485"},{"t":1586562300000,"price":"100000000000000000","supply":"102840916824909854660485"},{"t":1586563200000,"price":"100000000000000000","supply":"102841536824909854660485"},{"t":1586564100000,"price":"100000000000000000","supply":"102841536824909854660485"},{"t":1586565000000,"price":"100000000000000000","supply":"102841536824909854660485"},{"t":1586565900000,"price":"100000000000000000","supply":"102841536824909854660485"},{"t":1586566800000,"price":"100000000000000000","supply":"102841536824909854660485"},{"t":1586567700000,"price":"100000000000000000","supply":"102841536824909854660485"},{"t":1586568600000,"price":"100000000000000000","supply":"102851536824909854660485"},{"t":1586569500000,"price":"100000000000000000","supply":"102851536824909854660485"},{"t":1586570400000,"price":"100000000000000000","supply":"102851536824909854660485"},{"t":1586571300000,"price":"100000000000000000","supply":"102851536824909854660485"},{"t":1586572200000,"price":"100000000000000000","supply":"102851536824909854660485"},{"t":1586573100001,"price":"100000000000000000","supply":"102851536824909854660485"},{"t":1586574000000,"price":"100000000000000000","supply":"102851536824909854660485"},{"t":1586574900000,"price":"100000000000000000","supply":"102851536824909854660485"},{"t":1586575800001,"price":"100000000000000000","supply":"102851536824909854660485"},{"t":1586576700000,"price":"100000000000000000","supply":"102895936824909854660485"},{"t":1586577600001,"price":"100000000000000000","supply":"102895936824909854660485"},{"t":1586578500000,"price":"100000000000000000","supply":"102887936824909854660485"},{"t":1586579400000,"price":"100000000000000000","supply":"102906566824909854660485"},{"t":1586580300000,"price":"100000000000000000","supply":"102906566824909854660485"},{"t":1586581200000,"price":"100000000000000000","supply":"102906566824909854660485"},{"t":1586582100000,"price":"100000000000000000","supply":"102917566824909854660485"},{"t":1586583000000,"price":"100000000000000000","supply":"102917566824909854660485"},{"t":1586583900000,"price":"100000000000000000","supply":"102917566824909854660485"},{"t":1586584800000,"price":"100000000000000000","supply":"102917566824909854660485"},{"t":1586585700000,"price":"100000000000000000","supply":"102917566824909854660485"},{"t":1586586600000,"price":"100000000000000000","supply":"102917566824909854660485"},{"t":1586587500000,"price":"100000000000000000","supply":"102917566824909854660485"},{"t":1586588400000,"price":"100000000000000000","supply":"102917566824909854660485"},{"t":1586589300000,"price":"100000000000000000","supply":"102917566824909854660485"},{"t":1586590200000,"price":"100000000000000000","supply":"102917566824909854660485"},{"t":1586591100000,"price":"100000000000000000","supply":"102917566824909854660485"},{"t":1586592000000,"price":"100000000000000000","supply":"102917566824909854660485"},{"t":1586592900000,"price":"100000000000000000","supply":"102917566824909854660485"},{"t":1586593800000,"price":"100000000000000000","supply":"102917566824909854660485"},{"t":1586594700000,"price":"100000000000000000","supply":"102917566824909854660485"},{"t":1586595600000,"price":"100000000000000000","supply":"102917566824909854660485"},{"t":1586596500000,"price":"100000000000000000","supply":"102917566824909854660485"},{"t":1586597400000,"price":"100000000000000000","supply":"102917566824909854660485"},{"t":1586598300000,"price":"100000000000000000","supply":"102917566824909854660485"},{"t":1586599200000,"price":"100000000000000000","supply":"102926566824909854660485"},{"t":1586600100001,"price":"100000000000000000","supply":"102926566824909854660485"},{"t":1586601000000,"price":"100000000000000000","supply":"102926566824909854660485"},{"t":1586601900000,"price":"100000000000000000","supply":"102926566824909854660485"},{"t":1586602800000,"price":"100000000000000000","supply":"102932566824909854660485"},{"t":1586603700000,"price":"100000000000000000","supply":"102932566824909854660485"},{"t":1586604600000,"price":"100000000000000000","supply":"102932566824909854660485"},{"t":1586605500001,"price":"100000000000000000","supply":"102922620824909854660485"},{"t":1586606400000,"price":"100000000000000000","supply":"102922620824909854660485"},{"t":1586607300001,"price":"100000000000000000","supply":"102922620824909854660485"},{"t":1586608200000,"price":"100000000000000000","supply":"102922620824909854660485"},{"t":1586609100000,"price":"100000000000000000","supply":"103122620824909854660485"},{"t":1586610000000,"price":"100000000000000000","supply":"103023475824909854660485"},{"t":1586610900000,"price":"100000000000000000","supply":"103023475824909854660485"},{"t":1586611800000,"price":"100000000000000000","supply":"103023475824909854660485"},{"t":1586612700000,"price":"100000000000000000","supply":"103173475824909854660485"},{"t":1586613600000,"price":"100000000000000000","supply":"103173475824909854660485"},{"t":1586614500000,"price":"100000000000000000","supply":"103183475824909854660485"},{"t":1586615400000,"price":"100000000000000000","supply":"103183475824909854660485"},{"t":1586616300000,"price":"100000000000000000","supply":"103183475824909854660485"},{"t":1586617200000,"price":"100000000000000000","supply":"103183475824909854660485"},{"t":1586618100000,"price":"100000000000000000","supply":"103183475824909854660485"},{"t":1586619000000,"price":"100000000000000000","supply":"103177576409725854660485"},{"t":1586619900000,"price":"100000000000000000","supply":"103177576409725854660485"},{"t":1586620800001,"price":"100000000000000000","supply":"103177576409725854660485"},{"t":1586621700000,"price":"100000000000000000","supply":"103177576409725854660485"},{"t":1586622600000,"price":"100000000000000000","supply":"103177576409725854660485"},{"t":1586623500000,"price":"100000000000000000","supply":"103188076409725854660485"},{"t":1586624400000,"price":"100000000000000000","supply":"102937077409725854660485"},{"t":1586625300000,"price":"100000000000000000","supply":"102938577409725854660485"},{"t":1586626200000,"price":"100000000000000000","supply":"103138577409725854660485"},{"t":1586627100000,"price":"100000000000000000","supply":"103138577409725854660485"},{"t":1586628000001,"price":"100000000000000000","supply":"103138577409725854660485"},{"t":1586628900000,"price":"100000000000000000","supply":"103138577409725854660485"},{"t":1586629800000,"price":"100000000000000000","supply":"103138577409725854660485"},{"t":1586630700000,"price":"100000000000000000","supply":"103138577409725854660485"},{"t":1586631600000,"price":"100000000000000000","supply":"103219577409725854660485"},{"t":1586632500000,"price":"100000000000000000","supply":"103219577409725854660485"},{"t":1586633400000,"price":"100000000000000000","supply":"103217247409725854660485"},{"t":1586634300000,"price":"100000000000000000","supply":"103217247409725854660485"},{"t":1586635200000,"price":"100000000000000000","supply":"103258839409725854660485"},{"t":1586636100000,"price":"100000000000000000","supply":"103258839409725854660485"},{"t":1586637000001,"price":"100000000000000000","supply":"103258839409725854660485"},{"t":1586637900000,"price":"100000000000000000","supply":"103258839409725854660485"},{"t":1586638800000,"price":"100000000000000000","supply":"103264839409725854660485"},{"t":1586639700000,"price":"100000000000000000","supply":"103267109409725854660485"},{"t":1586640600000,"price":"100000000000000000","supply":"103267109409725854660485"},{"t":1586641500000,"price":"100000000000000000","supply":"103267109409725854660485"},{"t":1586642400000,"price":"100000000000000000","supply":"103267109409725854660485"},{"t":1586643300000,"price":"100000000000000000","supply":"103267559409725854660485"},{"t":1586644200000,"price":"100000000000000000","supply":"103270035409725854660485"},{"t":1586645100000,"price":"100000000000000000","supply":"103270035409725854660485"},{"t":1586646000000,"price":"100000000000000000","supply":"103270035409725854660485"},{"t":1586646900000,"price":"100000000000000000","supply":"103270035409725854660485"},{"t":1586647800000,"price":"100000000000000000","supply":"103270035409725854660485"},{"t":1586648700000,"price":"100000000000000000","supply":"103270035409725854660485"},{"t":1586649600001,"price":"100000000000000000","supply":"103270035409725854660485"},{"t":1586650500000,"price":"100000000000000000","supply":"103270035409725854660485"},{"t":1586651400000,"price":"100000000000000000","supply":"103270035409725854660485"},{"t":1586652300000,"price":"100000000000000000","supply":"103270035409725854660485"},{"t":1586653200000,"price":"100000000000000000","supply":"103278404472807654660115"},{"t":1586654100000,"price":"100000000000000000","supply":"103278404472807654660115"},{"t":1586655000000,"price":"100000000000000000","supply":"103278404472807654660115"},{"t":1586655900000,"price":"100000000000000000","supply":"103278404472807654660115"},{"t":1586656800000,"price":"100000000000000000","supply":"103278404472807654660115"},{"t":1586657700000,"price":"100000000000000000","supply":"103278404472807654660115"},{"t":1586658600000,"price":"100000000000000000","supply":"103278404472807654660115"},{"t":1586659500000,"price":"100000000000000000","supply":"103278404472807654660115"},{"t":1586660400000,"price":"100000000000000000","supply":"103278404472807654660115"},{"t":1586661300000,"price":"100000000000000000","supply":"103278404472807654660115"},{"t":1586662200000,"price":"100000000000000000","supply":"103278404472807654660115"},{"t":1586663100000,"price":"100000000000000000","supply":"103278404472807654660115"},{"t":1586664000000,"price":"100000000000000000","supply":"103278404472807654660115"},{"t":1586664900000,"price":"100000000000000000","supply":"103278404472807654660115"},{"t":1586665800000,"price":"100000000000000000","supply":"103278404472807654660115"},{"t":1586666700000,"price":"100000000000000000","supply":"103278404472807654660115"},{"t":1586667600001,"price":"100000000000000000","supply":"103278404472807654660115"},{"t":1586668500000,"price":"100000000000000000","supply":"103278404472807654660115"},{"t":1586669400000,"price":"100000000000000000","supply":"103278404472807654660115"},{"t":1586670300000,"price":"100000000000000000","supply":"103278404472807654660115"},{"t":1586671200001,"price":"100000000000000000","supply":"103288404472807654660115"},{"t":1586672100001,"price":"100000000000000000","supply":"103288404472807654660115"},{"t":1586673000000,"price":"100000000000000000","supply":"103278504472807654660115"},{"t":1586673900000,"price":"100000000000000000","supply":"103278504472807654660115"},{"t":1586674800000,"price":"100000000000000000","supply":"103278504472807654660115"},{"t":1586675700000,"price":"100000000000000000","supply":"103278504472807654660115"},{"t":1586676600000,"price":"100000000000000000","supply":"103278504472807654660115"},{"t":1586677500000,"price":"100000000000000000","supply":"103278504472807654660115"},{"t":1586678400000,"price":"100000000000000000","supply":"103278504472807654660115"},{"t":1586679300000,"price":"100000000000000000","supply":"103278504472807654660115"},{"t":1586680200000,"price":"100000000000000000","supply":"103278504472807654660115"},{"t":1586681100000,"price":"100000000000000000","supply":"103281504472807654660115"},{"t":1586682000001,"price":"100000000000000000","supply":"103281504472807654660115"},{"t":1586682900000,"price":"100000000000000000","supply":"103282504472807654660115"},{"t":1586683800000,"price":"100000000000000000","supply":"103289504472807654660115"},{"t":1586684700000,"price":"100000000000000000","supply":"103289504472807654660115"},{"t":1586685600000,"price":"100000000000000000","supply":"103289504472807654660115"},{"t":1586686500000,"price":"100000000000000000","supply":"103289504472807654660115"},{"t":1586687400000,"price":"100000000000000000","supply":"103289504472807654660115"},{"t":1586688300000,"price":"100000000000000000","supply":"103289504472807654660115"},{"t":1586689200000,"price":"100000000000000000","supply":"103289504472807654660115"},{"t":1586690100000,"price":"100000000000000000","supply":"103284504472807654660115"},{"t":1586691000000,"price":"100000000000000000","supply":"103284504472807654660115"},{"t":1586691900000,"price":"100000000000000000","supply":"103284504472807654660115"},{"t":1586692800000,"price":"100000000000000000","supply":"103284504472807654660115"},{"t":1586693700000,"price":"100000000000000000","supply":"103299504472807654660115"},{"t":1586694600000,"price":"100000000000000000","supply":"103299504472807654660115"},{"t":1586695500000,"price":"100000000000000000","supply":"103299504472807654660115"},{"t":1586696400000,"price":"100000000000000000","supply":"103299504472807654660115"},{"t":1586697300000,"price":"100000000000000000","supply":"103299504472807654660115"},{"t":1586698200000,"price":"100000000000000000","supply":"103299504472807654660115"},{"t":1586699100000,"price":"100000000000000000","supply":"103299512472807654660115"},{"t":1586700000000,"price":"100000000000000000","supply":"103299512472807654660115"},{"t":1586700900000,"price":"100000000000000000","supply":"103299512472807654660115"},{"t":1586701800000,"price":"100000000000000000","supply":"103239512472807654660115"},{"t":1586702700000,"price":"100000000000000000","supply":"103219512472807654660115"},{"t":1586703600001,"price":"100000000000000000","supply":"103219512472807654660115"},{"t":1586704500000,"price":"100000000000000000","supply":"103219512472807654660115"},{"t":1586705400000,"price":"100000000000000000","supply":"103219512472807654660115"},{"t":1586706300000,"price":"100000000000000000","supply":"103219512472807654660115"},{"t":1586707200000,"price":"100000000000000000","supply":"103219512472807654660115"},{"t":1586708100000,"price":"100000000000000000","supply":"103095512472807654660115"},{"t":1586709000000,"price":"100000000000000000","supply":"103095512472807654660115"},{"t":1586709900000,"price":"100000000000000000","supply":"103096512472807654660115"},{"t":1586710800000,"price":"100000000000000000","supply":"103096512472807654660115"},{"t":1586711700000,"price":"100000000000000000","supply":"103030512472807654660115"},{"t":1586712600000,"price":"100000000000000000","supply":"103030512472807654660115"},{"t":1586713500000,"price":"100000000000000000","supply":"103030512472807654660115"},{"t":1586714400000,"price":"100000000000000000","supply":"103030512472807654660115"},{"t":1586715300000,"price":"100000000000000000","supply":"103030512472807654660115"},{"t":1586716200000,"price":"100000000000000000","supply":"103030512472807654660115"},{"t":1586717100000,"price":"100000000000000000","supply":"103030512472807654660115"},{"t":1586718000000,"price":"100000000000000000","supply":"103030512472807654660115"},{"t":1586718900000,"price":"100000000000000000","supply":"103030512472807654660115"},{"t":1586719800000,"price":"100000000000000000","supply":"103030512472807654660115"},{"t":1586720700000,"price":"100000000000000000","supply":"103030512472807654660115"},{"t":1586721600000,"price":"100000000000000000","supply":"103031522472807654660115"},{"t":1586722500000,"price":"100000000000000000","supply":"103031522472807654660115"},{"t":1586723400000,"price":"100000000000000000","supply":"103037522472807654660115"},{"t":1586724300000,"price":"100000000000000000","supply":"103037522472807654660115"},{"t":1586725200000,"price":"100000000000000000","supply":"103037522472807654660115"},{"t":1586726100000,"price":"100000000000000000","supply":"103037522472807654660115"},{"t":1586727000000,"price":"100000000000000000","supply":"103037522472807654660115"},{"t":1586727900000,"price":"100000000000000000","supply":"103037522472807654660115"},{"t":1586728800001,"price":"100000000000000000","supply":"103037522472807654660115"},{"t":1586729700000,"price":"100000000000000000","supply":"103037522472807654660115"},{"t":1586730600000,"price":"100000000000000000","supply":"103037522472807654660115"},{"t":1586731500000,"price":"100000000000000000","supply":"103037522472807654660115"},{"t":1586732400000,"price":"100000000000000000","supply":"103037522472807654660115"},{"t":1586733300000,"price":"100000000000000000","supply":"103037522472807654660115"},{"t":1586734200000,"price":"100000000000000000","supply":"103037522472807654660115"},{"t":1586735100000,"price":"100000000000000000","supply":"103037522472807654660115"},{"t":1586736000000,"price":"100000000000000000","supply":"103037522472807654660115"},{"t":1586736900000,"price":"100000000000000000","supply":"103037522472807654660115"},{"t":1586737800000,"price":"100000000000000000","supply":"103037522472807654660115"},{"t":1586738700000,"price":"100000000000000000","supply":"103037522472807654660115"},{"t":1586739600000,"price":"100000000000000000","supply":"103037522472807654660115"},{"t":1586740500000,"price":"100000000000000000","supply":"103037522472807654660115"},{"t":1586741400000,"price":"100000000000000000","supply":"103037522472807654660115"},{"t":1586742300000,"price":"100000000000000000","supply":"103037522472807654660115"},{"t":1586743200000,"price":"100000000000000000","supply":"103047522472807654660115"},{"t":1586744100000,"price":"100000000000000000","supply":"103047522472807654660115"},{"t":1586745000000,"price":"100000000000000000","supply":"103047522472807654660115"},{"t":1586745900000,"price":"100000000000000000","supply":"103047522472807654660115"},{"t":1586746800000,"price":"100000000000000000","supply":"103052522472807654660115"},{"t":1586747700000,"price":"100000000000000000","supply":"103052522472807654660115"},{"t":1586748600000,"price":"100000000000000000","supply":"103052522472807654660115"},{"t":1586749500000,"price":"100000000000000000","supply":"103052522472807654660115"},{"t":1586750400000,"price":"100000000000000000","supply":"103052522472807654660115"},{"t":1586751300000,"price":"100000000000000000","supply":"103052522472807654660115"},{"t":1586752200000,"price":"100000000000000000","supply":"103052522472807654660115"},{"t":1586753100000,"price":"100000000000000000","supply":"103052522472807654660115"},{"t":1586754000000,"price":"100000000000000000","supply":"103038522472807654660115"},{"t":1586754900000,"price":"100000000000000000","supply":"103038522472807654660115"},{"t":1586755800000,"price":"100000000000000000","supply":"103038522472807654660115"}]
13:32:01.209 [TestNG-tests-1] INFO tron.common.TronscanApiList - message:SUCCESS
13:32:01.209 [TestNG-tests-1] INFO tron.common.TronscanApiList - JSON content size are: 3
13:32:01.209 [TestNG-tests-1] INFO tron.common.TronscanApiList - ----------------------------Print JSON End-----------------------------
http://api.just.network/scan/tokenInfo/timeLine/MKR
13:32:01.210 [TestNG-tests-1] DEBUG org.apache.http.impl.conn.PoolingClientConnectionManager - Connection request: [route: {}->http://api.just.network:80][total kept alive: 0; route allocated: 0 of 80; total allocated: 0 of 100]
13:32:01.210 [TestNG-tests-1] DEBUG org.apache.http.impl.conn.PoolingClientConnectionManager - Connection leased: [id: 1][route: {}->http://api.just.network:80][total kept alive: 0; route allocated: 1 of 80; total allocated: 1 of 100]
13:32:01.211 [TestNG-tests-1] DEBUG org.apache.http.impl.conn.DefaultClientConnectionOperator - Connecting to api.just.network:80
13:32:01.493 [TestNG-tests-1] DEBUG org.apache.http.client.protocol.RequestAddCookies - CookieSpec selected: default
13:32:01.493 [TestNG-tests-1] DEBUG org.apache.http.client.protocol.RequestAuthCache - Auth cache not set in the context
13:32:01.493 [TestNG-tests-1] DEBUG org.apache.http.client.protocol.RequestTargetAuthentication - Target auth state: UNCHALLENGED
13:32:01.493 [TestNG-tests-1] DEBUG org.apache.http.client.protocol.RequestProxyAuthentication - Proxy auth state: UNCHALLENGED
13:32:01.493 [TestNG-tests-1] DEBUG org.apache.http.impl.client.DefaultHttpClient - Attempt 1 to execute request
13:32:01.493 [TestNG-tests-1] DEBUG org.apache.http.impl.conn.DefaultClientConnection - Sending request: GET /scan/tokenInfo/timeLine/MKR HTTP/1.1
13:32:01.493 [TestNG-tests-1] DEBUG org.apache.http.wire -  >> "GET /scan/tokenInfo/timeLine/MKR HTTP/1.1[\r][\n]"
13:32:01.493 [TestNG-tests-1] DEBUG org.apache.http.wire -  >> "Content-type: application/json; charset=utf-8[\r][\n]"
13:32:01.493 [TestNG-tests-1] DEBUG org.apache.http.wire -  >> "Connection: Close[\r][\n]"
13:32:01.493 [TestNG-tests-1] DEBUG org.apache.http.wire -  >> "Host: api.just.network[\r][\n]"
13:32:01.493 [TestNG-tests-1] DEBUG org.apache.http.wire -  >> "User-Agent: Apache-HttpClient/4.5.3 (Java/1.8.0_211)[\r][\n]"
13:32:01.493 [TestNG-tests-1] DEBUG org.apache.http.wire -  >> "[\r][\n]"
13:32:01.493 [TestNG-tests-1] DEBUG org.apache.http.headers - >> GET /scan/tokenInfo/timeLine/MKR HTTP/1.1
13:32:01.493 [TestNG-tests-1] DEBUG org.apache.http.headers - >> Content-type: application/json; charset=utf-8
13:32:01.493 [TestNG-tests-1] DEBUG org.apache.http.headers - >> Connection: Close
13:32:01.493 [TestNG-tests-1] DEBUG org.apache.http.headers - >> Host: api.just.network
13:32:01.493 [TestNG-tests-1] DEBUG org.apache.http.headers - >> User-Agent: Apache-HttpClient/4.5.3 (Java/1.8.0_211)
13:32:01.783 [TestNG-tests-1] DEBUG org.apache.http.wire -  << "HTTP/1.1 200 [\r][\n]"
13:32:01.783 [TestNG-tests-1] DEBUG org.apache.http.wire -  << "Server: nginx/1.16.1[\r][\n]"
13:32:01.783 [TestNG-tests-1] DEBUG org.apache.http.wire -  << "Date: Mon, 13 Apr 2020 05:32:01 GMT[\r][\n]"
13:32:01.784 [TestNG-tests-1] DEBUG org.apache.http.wire -  << "Content-Type: application/json;charset=UTF-8[\r][\n]"
13:32:01.784 [TestNG-tests-1] DEBUG org.apache.http.wire -  << "Content-Length: 83375[\r][\n]"
13:32:01.784 [TestNG-tests-1] DEBUG org.apache.http.wire -  << "Connection: close[\r][\n]"
13:32:01.784 [TestNG-tests-1] DEBUG org.apache.http.wire -  << "Cache-Control: no-cache, no-store, must-revalidate[\r][\n]"
13:32:01.784 [TestNG-tests-1] DEBUG org.apache.http.wire -  << "[\r][\n]"
13:32:01.784 [TestNG-tests-1] DEBUG org.apache.http.impl.conn.DefaultClientConnection - Receiving response: HTTP/1.1 200 
13:32:01.784 [TestNG-tests-1] DEBUG org.apache.http.headers - << HTTP/1.1 200 
13:32:01.784 [TestNG-tests-1] DEBUG org.apache.http.headers - << Server: nginx/1.16.1
13:32:01.784 [TestNG-tests-1] DEBUG org.apache.http.headers - << Date: Mon, 13 Apr 2020 05:32:01 GMT
13:32:01.784 [TestNG-tests-1] DEBUG org.apache.http.headers - << Content-Type: application/json;charset=UTF-8
13:32:01.784 [TestNG-tests-1] DEBUG org.apache.http.headers - << Content-Length: 83375
13:32:01.784 [TestNG-tests-1] DEBUG org.apache.http.headers - << Connection: close
13:32:01.784 [TestNG-tests-1] DEBUG org.apache.http.headers - << Cache-Control: no-cache, no-store, must-revalidate
http://api.just.network/scan/tokenInfo/timeLine/MKR 请求总耗时：576 毫秒
13:32:01.786 [TestNG-tests-1] DEBUG org.apache.http.wire -  << "{"code":0,"data":[{"t":1585906380000,"price":"10000000000000000","supply":"9900000000000000000000000000"},{"t":1585906500000,"price":"10000000000000000","supply":"9900000000000000000000000000"},{"t":1585906800001,"price":"10000000000000000","supply":"9900000000000000000000000000"},{"t":1585907100000,"price":"10000000000000000","supply":"9900000000000000000000000000"},{"t":1585908000001,"price":"10000000000000000","supply":"9900000000000000000000000000"},{"t":1585908900000,"price":"10000000000000000","supply":"9900000000000000000000000000"},{"t":1585909800000,"price":"10000000000000000","supply":"9900000000000000000000000000"},{"t":1585910700001,"price":"10000000000000000","supply":"9900000000000000000000000000"},{"t":1585911600000,"price":"10000000000000000","supply":"9900000000000000000000000000"},{"t":1585912500000,"price":"10000000000000000","supply":"9900000000000000000000000000"},{"t":1585913400000,"price":"10000000000000000","supply":"9900000000000000000000000000"},{"t":1585914300000,"price":"10000000000000000","supply":"9900000000000000000000000000"},{"t":1585915200000,"price":"10000000000000000","supply":"9900000000000000000000000000"},{"t":1585916100000,"price":"10000000000000000","supply":"99000"
13:32:01.786 [TestNG-tests-1] DEBUG org.apache.http.wire -  << "00000000000000000000000"},{"t":1585917000000,"price":"10000000000000000","supply":"9900000000000000000000000000"},{"t":1585917900000,"price":"10000000000000000","supply":"9900000000000000000000000000"},{"t":1585918800000,"price":"10000000000000000","supply":"9900000000000000000000000000"},{"t":1585919700000,"price":"10000000000000000","supply":"9900000000000000000000000000"},{"t":1585920600000,"price":"10000000000000000","supply":"9900000000000000000000000000"},{"t":1585921500001,"price":"10000000000000000","supply":"9900000000000000000000000000"},{"t":1585922400000,"price":"10000000000000000","supply":"9900000000000000000000000000"},{"t":1585923300000,"price":"10000000000000000","supply":"9900000000000000000000000000"},{"t":1585924200000,"price":"10000000000000000","supply":"9900000000000000000000000000"},{"t":1585925100000,"price":"10000000000000000","supply":"9900000000000000000000000000"},{"t":1585926000000,"price":"10000000000000000","supply":"9900000000000000000000000000"},{"t":1585926900000,"price":"10000000000000000","supply":"9900000000000000000000000000"},{"t":1585927800000,"price":"10000000000000000","supply":"9900000000000000000000000000"},{"t":1585928700000,"price":"10000000000000000","supply":"9900000000000000000000000000"},{"t":1585929600000,"price":"10000000000000000","supply":"9900000000000000000000000000"},{"t":1585930500000,"price":"10000000000000000","supply":"9900000000000000000000000000"},{"t":1585931400001,"price":"10000000000000000","supply":"9900000000000000000000000000"},{"t":1585932300000,"price":"10000000000000000","supply":"9900000000000000000000000000"},{"t":1585933200000,"price":"10000000000000000","supply":"9900000000000000000000000000"},{"t":1585934100000,"price":"10000000000000000","supply":"9900000000000000000000000000"},{"t":1585935000000,"price":"10000000000000000","supply":"9900000000000000000000000000"},{"t":1585935900000,"price":"10000000000000000","supply":"9900000000000000000000000000"},{"t":1585936800001,"price":"10000000000000000","supply":"9900000000000000000000000000"},{"t":1585937700000,"price":"10000000000000000","supply":"9900000000000000000000000000"},{"t":1585938600000,"price":"10000000000000000","supply":"9900000000000000000000000000"},{"t":1585939500000,"price":"10000000000000000","supply":"9900000000000000000000000000"},{"t":1585940400000,"price":"10000000000000000","supply":"9900000000000000000000000000"},{"t":1585941300000,"price":"10000000000000000","supply":"9900000000000000000000000000"},{"t":1585942200000,"price":"10000000000000000","supply":"9900000000000000000000000000"},{"t":1585943100000,"price":"10000000000000000","supply":"9900000000000000000000000000"},{"t":1585944000000,"price":"10000000000000000","supply":"9900000000000000000000000000"},{"t":1585944900000,"price":"10000000000000000","supply":"9900000000000000000000000000"},{"t":1585945800000,"price":"10000000000000000","supply":"9900000000000000000000000000"},{"t":1585946700000,"price":"10000000000000000","supply":"9900000000000000000000000000"},{"t":1585947600000,"price":"10000000000000000","supply":"9900000000000000000000000000"},{"t":1585948500000,"price":"10000000000000000","supply":"9900000000000000000000000000"},{"t":1585949400000,"price":"10000000000000000","supply":"9900000000000000000000000000"},{"t":1585950300000,"price":"10000000000000000","supply":"9900000000000000000000000000"},{"t":1585951200000,"price":"10000000000000000","supply":"9900000000000000000000000000"},{"t":1585952100000,"price":"10000000000000000","supply":"9900000000000000000000000000"},{"t":1585953000000,"price":"10000000000000000","supply":"9900000000000000000000000000"},{"t":1585953900000,"price":"10000000000000000","supply":"9900000000000000000000000000"},{"t":1585954800000,"price":"10000000000000000","supply":"9900000000000000000000000000"},{"t":1585955700000,"price":"10000000000000000","supply":"9900000000000000000000000000"},{"t":1585956600000,"price":"10000000000000000","supply":"9900000000000000000000000000"},{"t":1585957500000,"price":"10000000000000000","supply":"9900000000000000000000000000"},{"t":1585958400000,"price":"10000000000000000","supply":"9900000000000000000000000000"},{"t":1585959300000,"price":"10000000000000000","supply":"9900000000000000000000000000"},{"t":1585960200000,"price":"10000000000000000","supply":"9900000000000000000000000000"},{"t":1585961100000,"price":"10000000000000000","supply":"9900000000000000000000000000"},{"t":1585962000000,"price":"10000000000000000","supply":"9900000000000000000000000000"},{"t":1585962900001,"price":"10000000000000000","supply":"9900000000000000000000000000"},{"t":1585963800000,"price":"10000000000000000","supply":"9900000000000000000000000000"},{"t":1585964700000,"price":"10000000000000000","supply":"9900000000000000000000000000"},{"t":1585965600000,"price":"10000000000000000","supply":"9900000000000000000000000000"},{"t":1585966500001,"price":"10000000000000000","supply":"9900000000000000000000000000"},{"t":1585967400000,"price":"10000000000000000","supply":"9900000000000000000000000000"},{"t":1585968300000,"price":"10000000000000000","supply":"9900000000000000000000000000"},{"t":1585969200000,"price":"10000000000000000","supply":"9900000000000000000000000000"},{"t":1585970100001,"price":"10000000000000000","supply":"9900000000000000000000000000"},{"t":1585971000000,"price":"10000000000000000","supply":"9900000000000000000000000000"},{"t":1585971900000,"price":"10000000000000000","supply":"9900000000000000000000000000"},{"t":1585972800000,"price":"10000000000000000","supply":"9900000000000000000000000000"},{"t":1585973700000,"price":"10000000000000000","supply":"9900000000000000000000000000"},{"t":1585974600000,"price":"10000000000000000","supply":"9900000000000000000000000000"},{"t":1585975500000,"price":"10000000000000000","supply":"9900000000000000000000000000"},{"t":1585976400000,"price":"10000000000000000","supply":"9900000000000000000000000000"},{"t":1585977300000,"price":"10000000000000000","supply":"9900000000000000000000000000"},{"t":1585978200000,"price":"10000000000000000","supply":"9900000000000000000000000000"},{"t":1585979100000,"price":"10000000000000000","supply":"9900000000000000000000000000"},{"t":1585980000000,"price":"10000000000000000","supply":"9900000000000000000000000000"},{"t":1585980900001,"price":"10000000000000000","supply":"9900000000000000000000000000"},{"t":1585981800000,"price":"10000000000000000","supply":"9900000000000000000000000000"},{"t":1585982700000,"price":"10000000000000000","supply":"9900000000000000000000000000"},{"t":1585983600000,"price":"10000000000000000","supply":"9900000000000000000000000000"},{"t":1585984500000,"price":"10000000000000000","supply":"9900000000000000000000000000"},{"t":1585985400000,"price":"10000000000000000","supply":"9900000000000000000000000000"},{"t":1585986300000,"price":"10000000000000000","supply":"9900000000000000000000000000"},{"t":1585987200000,"price":"10000000000000000","supply":"9900000000000000000000000000"},{"t":1585988100000,"price":"10000000000000000","supply":"9900000000000000000000000000"},{"t":1585989000000,"price":"10000000000000000","supply":"9900000000000000000000000000"},{"t":1585989900000,"price":"10000000000000000","supply":"9900000000000000000000000000"},{"t":1585990800000,"price":"10000000000000000","supply":"9900000000000000000000000000"},{"t":1585991700000,"price":"10000000000000000","supply":"9900000000000000000000000000"},{"t":1585992600000,"price":"10000000000000000","supply":"9900000000000000000000000000"},{"t":1585993500000,"price":"10000000000000000","supply":"9900000000000000000000000000"},{"t":1585994400000,"price":"10000000000000000","supply":"9900000000000000000000000000"},{"t":1585995300000,"price":"10000000000000000","supply":"9900000000000000000000000000"},{"t":1585996200000,"price":"10000000000000000","supply":"9900000000000000000000000000"},{"t":1585997100000,"price":"10000000000000000","supply":"9900000000000000000000000000"},{"t":1585998000000,"price":"10000000000000000","supply":"9900000000000000000000000000"},{"t":1585998900000,"price":"10000000000000000","supply":"9900000000000000000000000000"},{"t":1585999800000,"price":"10000000000000000","supply":"9900000000000"
13:32:01.787 [TestNG-tests-1] DEBUG org.apache.http.wire -  << "000000000000000"},{"t":1586000700000,"price":"10000000000000000","supply":"9900000000000000000000000000"},{"t":1586001600000,"price":"10000000000000000","supply":"9900000000000000000000000000"},{"t":1586002500000,"price":"10000000000000000","supply":"9900000000000000000000000000"},{"t":1586003400000,"price":"10000000000000000","supply":"9900000000000000000000000000"},{"t":1586004300000,"price":"10000000000000000","supply":"9900000000000000000000000000"},{"t":1586005200000,"price":"10000000000000000","supply":"9900000000000000000000000000"},{"t":1586006100000,"price":"10000000000000000","supply":"9900000000000000000000000000"},{"t":1586007000000,"price":"10000000000000000","supply":"9900000000000000000000000000"},{"t":1586007900000,"price":"10000000000000000","supply":"9900000000000000000000000000"},{"t":1586008800001,"price":"10000000000000000","supply":"9900000000000000000000000000"},{"t":1586009700000,"price":"10000000000000000","supply":"9900000000000000000000000000"},{"t":1586010600001,"price":"10000000000000000","supply":"9900000000000000000000000000"},{"t":1586011500000,"price":"10000000000000000","supply":"9900000000000000000000000000"},{"t":1586012400000,"price":"10000000000000000","supply":"9900000000000000000000000000"},{"t":1586013300000,"price":"10000000000000000","supply":"9900000000000000000000000000"},{"t":1586014200000,"price":"10000000000000000","supply":"9900000000000000000000000000"},{"t":1586015100000,"price":"10000000000000000","supply":"9900000000000000000000000000"},{"t":1586016000000,"price":"10000000000000000","supply":"9900000000000000000000000000"},{"t":1586016900000,"price":"10000000000000000","supply":"9900000000000000000000000000"},{"t":1586017800000,"price":"10000000000000000","supply":"9900000000000000000000000000"},{"t":1586018700000,"price":"10000000000000000","supply":"9900000000000000000000000000"},{"t":1586019600000,"price":"10000000000000000","supply":"9900000000000000000000000000"},{"t":1586020500000,"price":"10000000000000000","supply":"9900000000000000000000000000"},{"t":1586021400000,"price":"10000000000000000","supply":"9900000000000000000000000000"},{"t":1586022300001,"price":"10000000000000000","supply":"9900000000000000000000000000"},{"t":1586023200000,"price":"10000000000000000","supply":"9900000000000000000000000000"},{"t":1586024100000,"price":"10000000000000000","supply":"9900000000000000000000000000"},{"t":1586025000000,"price":"10000000000000000","supply":"9900000000000000000000000000"},{"t":1586025900001,"price":"10000000000000000","supply":"9900000000000000000000000000"},{"t":1586026800000,"price":"10000000000000000","supply":"9900000000000000000000000000"},{"t":1586027700000,"price":"10000000000000000","supply":"9900000000000000000000000000"},{"t":1586028600000,"price":"10000000000000000","supply":"9900000000000000000000000000"},{"t":1586029500000,"price":"10000000000000000","supply":"9900000000000000000000000000"},{"t":1586030400000,"price":"10000000000000000","supply":"9900000000000000000000000000"},{"t":1586031300000,"price":"10000000000000000","supply":"9900000000000000000000000000"},{"t":1586032200000,"price":"10000000000000000","supply":"9900000000000000000000000000"},{"t":1586033100000,"price":"10000000000000000","supply":"9900000000000000000000000000"},{"t":1586034000000,"price":"10000000000000000","supply":"9900000000000000000000000000"},{"t":1586034900000,"price":"10000000000000000","supply":"9900000000000000000000000000"},{"t":1586035800000,"price":"10000000000000000","supply":"9900000000000000000000000000"},{"t":1586036700000,"price":"10000000000000000","supply":"9900000000000000000000000000"},{"t":1586037600000,"price":"10000000000000000","supply":"9900000000000000000000000000"},{"t":1586038500000,"price":"10000000000000000","supply":"9900000000000000000000000000"},{"t":1586039400000,"price":"10000000000000000","supply":"9900000000000000000000000000"},{"t":1586040300000,"price":"10000000000000000","supply":"9900000000000000000000000000"},{"t":1586041200000,"price":"10000000000000000","supply":"9900000000000000000000000000"},{"t":1586042100000,"price":"10000000000000000","supply":"9900000000000000000000000000"},{"t":1586043000000,"price":"10000000000000000","supply":"9900000000000000000000000000"},{"t":1586043900000,"price":"10000000000000000","supply":"9900000000000000000000000000"},{"t":1586044800000,"price":"10000000000000000","supply":"9900000000000000000000000000"},{"t":1586045700001,"price":"10000000000000000","supply":"9900000000000000000000000000"},{"t":1586046600000,"price":"10000000000000000","supply":"9900000000000000000000000000"},{"t":1586047500000,"price":"10000000000000000","supply":"9900000000000000000000000000"},{"t":1586048400000,"price":"10000000000000000","supply":"9900000000000000000000000000""
13:32:02.089 [TestNG-tests-1] DEBUG org.apache.http.wire -  << "},{"t":1586049300000,"price":"10000000000000000","supply":"9900000000000000000000000000"},{"t":1586050200000,"price":"10000000000000000","supply":"9900000000000000000000000000"},{"t":1586051100001,"price":"10000000000000000","supply":"9900000000000000000000000000"},{"t":1586052000000,"price":"10000000000000000","supply":"9900000000000000000000000000"},{"t":1586052900000,"price":"10000000000000000","supply":"9900000000000000000000000000"},{"t":1586053800000,"price":"10000000000000000","supply":"9900000000000000000000000000"},{"t":1586054700000,"price":"10000000000000000","supply":"9900000000000000000000000000"},{"t":1586055600000,"price":"10000000000000000","supply":"9900000000000000000000000000"},{"t":1586056500000,"price":"10000000000000000","supply":"9900000000000000000000000000"},{"t":1586057400000,"price":"10000000000000000","supply":"9900000000000000000000000000"},{"t":1586058300000,"price":"10000000000000000","supply":"9900000000000000000000000000"},{"t":1586059200000,"price":"10000000000000000","supply":"9900000000000000000000000000"},{"t":1586060100000,"price":"10000000000000000","supply":"9900000000000000000000000000"},{"t":1586061000000,"price":"10000000000000000","supply":"9900000000000000000000000000"},{"t":1586061900000,"price":"10000000000000000","supply":"9900000000000000000000000000"},{"t":1586062800001,"price":"10000000000000000","supply":"9900000000000000000000000000"},{"t":1586063700000,"price":"10000000000000000","supply":"9900000000000000000000000000"},{"t":1586064600000,"price":"10000000000000000","supply":"9900000000000000000000000000"},{"t":1586065500000,"price":"10000000000000000","supply":"9900000000000000000000000000"},{"t":1586066400001,"price":"10000000000000000","supply":"9900000000000000000000000000"},{"t":1586067300000,"price":"10000000000000000","supply":"9900000000000000000000000000"},{"t":1586068200000,"price":"10000000000000000","supply":"9900000000000000000000000000"},{"t":1586069100000,"price":"10000000000000000","supply":"9900000000000000000000000000"},{"t":1586070000000,"price":"10000000000000000","supply":"9900000000000000000000000000"},{"t":1586070900000,"price":"10000000000000000","supply":"9900000000000000000000000000"},{"t":1586071800001,"price":"10000000000000000","supply":"9900000000000000000000000000"},{"t":1586072700000,"price":"10000000000000000","supply":"9900000000000000000000000000"},{"t":1586073600000,"price":"10000000000000000","supply":"9900000000000000000000000000"},{"t":1586074500000,"price":"10000000000000000","supply":"9900000000000000000000000000"},{"t":1586075400000,"price":"10000000000000000","supply":"9900000000000000000000000000"},{"t":1586076300000,"price":"10000000000000000","supply":"9900000000000000000000000000"},{"t":1586077200000,"price":"10000000000000000","supply":"9900000000000000000000000000"},{"t":1586078100000,"price":"10000000000000000","supply":"9900000000000000000000000000"},{"t":1586079000000,"price":"10000000000000000","supply":"9900000000000000000000000000"},{"t":1586079900000,"price":"10000000000000000","supply":"9900000000000000000000000000"},{"t":1586080800000,"price":"10000000000000000","supply":"9900000000000000000000000000"},{"t":1586081700000,"price":"10000000000000000","supply":"9900000000000000000000000000"},{"t":1586082600000,"price":"10000000000000000","supply":"9900000000000000000000000000"},{"t":1586083500001,"price":"10000000000000000","supply":"9900000000000000000000000000"},{"t":1586084400000,"price":"10000000000000000","supply":"9900000000000000000000000000"},{"t":1586085300000,"price":"10000000000000000","supply":"9900000000000000000000000000"},{"t":1586086200000,"price":"10000000000000000","supply":"9900000000000000000000000000"},{"t":1586087100000,"price":"10000000000000000","supply":"9900000000000000000000000000"},{"t":1586088000000,"price":"10000000000000000","supply":"9900000000000000000000000000"},{"t":1586088900000,"price":"10000000000000000","supply":"9900000000000000000000000000"},{"t":1586089800000,"price":"10000000000000000","supply":"9900000000000000000000000000"},{"t":1586090700000,"price":"10000000000000000","supply":"9900000000000000000000000000"},{"t":1586091600000,"price":"10000000000000000","supply":"9900000000000000000000000000"},{"t":1586092500000,"price":"10000000000000000","supply":"9900000000000000000000000000"},{"t":1"
13:32:02.090 [TestNG-tests-1] DEBUG org.apache.http.wire -  << "586093400000,"price":"10000000000000000","supply":"9900000000000000000000000000"},{"t":1586094300000,"price":"10000000000000000","supply":"9900000000000000000000000000"},{"t":1586095200000,"price":"10000000000000000","supply":"9900000000000000000000000000"},{"t":1586096100000,"price":"10000000000000000","supply":"9900000000000000000000000000"},{"t":1586097000000,"price":"10000000000000000","supply":"9900000000000000000000000000"},{"t":1586097900000,"price":"10000000000000000","supply":"9900000000000000000000000000"},{"t":1586098800000,"price":"10000000000000000","supply":"9900000000000000000000000000"},{"t":1586099700000,"price":"10000000000000000","supply":"9900000000000000000000000000"},{"t":1586100600000,"price":"10000000000000000","supply":"9900000000000000000000000000"},{"t":1586101500000,"price":"10000000000000000","supply":"9900000000000000000000000000"},{"t":1586102400000,"price":"10000000000000000","supply":"9900000000000000000000000000"},{"t":1586103300000,"price":"10000000000000000","supply":"9900000000000000000000000000"},{"t":1586104200000,"price":"10000000000000000","supply":"9900000000000000000000000000"},{"t":1586105100000,"price":"10000000000000000","supply":"9900000000000000000000000000"},{"t":1586106000000,"price":"10000000000000000","supply":"9900000000000000000000000000"},{"t":1586106900000,"price":"10000000000000000","supply":"9900000000000000000000000000"},{"t":1586107800000,"price":"1000000000"
13:32:02.090 [TestNG-tests-1] DEBUG org.apache.http.wire -  << "0000000","supply":"9900000000000000000000000000"},{"t":1586108700000,"price":"10000000000000000","supply":"9900000000000000000000000000"},{"t":1586109600000,"price":"10000000000000000","supply":"9900000000000000000000000000"},{"t":1586110500001,"price":"10000000000000000","supply":"9900000000000000000000000000"},{"t":1586111400000,"price":"10000000000000000","supply":"9900000000000000000000000000"},{"t":1586112300000,"price":"10000000000000000","supply":"9900000000000000000000000000"},{"t":1586113200000,"price":"10000000000000000","supply":"9900000000000000000000000000"},{"t":1586114100000,"price":"10000000000000000","supply":"9900000000000000000000000000"},{"t":1586115000000,"price":"10000000000000000","supply":"9900000000000000000000000000"},{"t":1586115900000,"price":"10000000000000000","supply":"9900000000000000000000000000"},{"t":1586116800000,"price":"10000000000000000","supply":"9900000000000000000000000000"},{"t":1586117700000,"price":"10000000000000000","supply":"9900000000000000000000000000"},{"t":1586118600000,"price":"10000000000000000","supply":"9900000000000000000000000000"},{"t":1586119500000,"price":"10000000000000000","supply":"9900000000000000000000000000"},{"t":1586120400000,"price":"10000000000000000","supply":"9900000000000000000000000000"},{"t":1586121300000,"price":"10000000000000000","supply":"9900000000000000000000000000"},{"t":1586122200000,"price":"10000000000000000","supply":"9900000000000000000000000000"},{"t":1586123100000,"price":"10000000000000000","supply":"9900000000000000000000000000"},{"t":1586124000001,"price":"10000000000000000","supply":"9900000000000000000000000000"},{"t":1586124900001,"price":"10000000000000000","supply":"9900000000000000000000000000"},{"t":1586125800000,"price":"10000000000000000","supply":"9900000000000000000000000000"},{"t":1586126700000,"price":"10000000000000000","supply":"9900000000000000000000000000"},{"t":1586127600000,"price":"10000000000000000","supply":"9900000000000000000000000000"},{"t":1586128500000,"price":"10000000000000000","supply":"9900000000000000000000000000"},{"t":1586129400001,"price":"10000000000000000","supply":"9900000000000000000000000000"},{"t":1586130300000,"price":"10000000000000000","supply":"9900000000000000000000000000"},{"t":1586131200000,"price":"10000000000000000","supply":"9900000000000000000000000000"},{"t":1586132100000,"price":"10000000000000000","supply":"9900000000000000000000000000"},{"t":1586133000000,"price":"10000000000000000","supply":"9900000000000000000000000000"},{"t":1586133900000,"price":"10000000000000000","supply":"9900000000000000000000000000"},{"t":1586134800000,"price":"10000000000000000","supply":"9900000000000000000000000000"},{"t":1586135700000,"price":"10000000000000000","supply":"9900000000000000000000000000"},{"t":1586136600000,"price":"10000000000000000","supply":"9900000000000000000000000000"},{"t":1586137500000,"price":"10000000000000000","supply":"9900000000000000000000000000"},{"t":1586138400000,"price":"10000000000000000","supply":"9900000000000000000000000000"},{"t":1586139300000,"price":"10000000000000000","supply":"9900000000000000000000000000"},{"t":1586140200000,"price":"10000000000000000","supply":"9900000000000000000000000000"},{"t":1586141100000,"price":"10000000000000000","supply":"9900000000000000000000000000"},{"t":1586142000000,"price":"10000000000000000","supply":"9900000000000000000000000000"},{"t":1586142900000,"price":"10000000000000000","supply":"9900000000000000000000000000"},{"t":1586143800001,"price":"10000000000000000","supply":"9900000000000000000000000000"},{"t":1586144700000,"price":"10000000000000000","supply":"9900000000000000000000000000"},{"t":1586145600000,"price":"10000000000000000","supply":"9900000000000000000000000000"},{"t":1586146500000,"price":"10000000000000000","supply":"9900000000000000000000000000"},{"t":1586147400000,"price":"10000000000000000","supply":"9900000000000000000000000000"},{"t":1586148300000,"price":"10000000000000000","supply":"9900000000000000000000000000"},{"t":1586149200000,"price":"10000000000000000","supply":"9900000000000000000000000000"},{"t":1586150100000,"price":"10000000000000000","supply":"9900000000000000000000000000"},{"t":1586151000000,"price":"10000000000000000","supply":"9900000000000000000000000000"},{"t":1586151900000,"price":"10000000000000000","supply":"9900000000000000000000000000"},{"t":1586152800000,"price":"10000000000000000","supply":"9900000000000000000000000000"},{"t":1586153700000,"price":"10000000000000000","supply":"9900000000000000000000000000"},{"t":1586154600000,"price":"10000000000000000","supply":"9900000000000000000000000000"},{"t":1586155500000,"price":"10000000000000000","supply":"9900000000000000000000000000"},{"t":1586156400000,"price":"10000000000000000","supply":"9900000000000000000000000000"},{"t":1586157300000,"price":"10000000000000000","supply":"9900000000000000000000000000"},{"t":1586158200000,"price":"10000000000000000","supply":"9900000000000000000000000000"},{"t":1586159100001,"price":"10000000000000000","supply":"9900000000000000000000000000"},{"t":1586160000000,"price":"10000000000000000","supply":"9900000000000000000000000000"},{"t":1586160900000,"price":"10000000000000000","supply":"9900000000000000000000000000"},{"t":1586161800000,"price":"10000000000000000","supply":"9900000000000000000000000000"},{"t":1586162700000,"price":"10000000000000000","supply":"9900000000000000000000000000"},{"t":1586163600000,"price":"10000000000000000","supply":"9900000000000000000000000000"},{"t":1586164500000,"price":"10000000000000000","supply":"9900000000000000000000000000"},{"t":1586165400000,"price":"10000000000000000","supply":"9900000000000000000000000000"},{"t":1586166300000,"price":"10000000000000000","supply":"9900000000000000000000000000"},{"t":1586167200000,"price":"10000000000000000","supply":"9900000000000000000000000000"},{"t":1586168100000,"price":"10000000000000000","supply":"9900000000000000000000000000"},{"t":1586169000000,"price":"10000000000000000","supply":"9900000000000000000000000000"},{"t":1586169900001,"price":"10000000000000000","supply":"9900000000000000000000000000"},{"t":1586170800000,"price":"10000000000000000","supply":"9900000000000000000000000000"},{"t":1586171700000,"price":"10000000000000000","supply":"9900000000000000000000000000"},{"t":1586172600000,"price":"10000000000000000","supply":"9900000000000000000000000000"},{"t":1586173500000,"price":"10000000000000000","supply":"9900000000000000000000000000"},{"t":1586174400000,"price":"10000000000000000","supply":"9900000000000000000000000000"},{"t":1586175300000,"price":"10000000000000000","supply":"9900000000000000000000000000"},{"t":1586176200000,"price":"10000000000000000","supply":"9900000000000000000000000000"},{"t":1586177100000,"price":"10000000000000000","supply":"9900000000000000000000000000"},{"t":1586178000000,"price":"10000000000000000","supply":"9900000000000000000000000000"},{"t":1586178900000,"price":"10000000000000000","supply":"9900000000000000000000000000"},{"t":1586179800000,"price":"10000000000000000","supply":"9900000000000000000000000000"},{"t":1586180700000,"price":"10000000000000000","supply":"9900000000000000000000000000"},{"t":1586181600000,"price":"10000000000000000","supply":"9900000000000000000000000000"},{"t":1586182500000,"price":"10000000000000000","supply":"9900000000000000000000000000"},{"t":1586183400000,"price":"10000000000000000","supply":"9900000000000000000000000000"},{"t":1586184300000,"price":"10000000000000000","supply":"9900000000000000000000000000"},{"t":1586185200000,"price":"10000000000000000","supply":"9900000000000000000000000000"},{"t":1586186100000,"price":"10000000000000000","supply":"9900000000000000000000000000"},{"t":1586187000000,"price":"10000000000000000","supply":"9900000000000000000000000000"},{"t":1586187900000,"price":"10000000000000000","supply":"9900000000000000000000000000"},{"t":1586188800000,"price":"10000000000000000","supply":"9900000000000000000000000000"},{"t":1586189700000,"price":"10000000000000000","supply":"9900000000000000000000000000"},{"t":1586190600000,"price":"10000000000000000","supply":"9900000000000000000000000000"},{"t":1586191500000,"price":"10000000000000000""
13:32:02.090 [TestNG-tests-1] DEBUG org.apache.http.wire -  << ","supply":"9900000000000000000000000000"},{"t":1586192400000,"price":"10000000000000000","supply":"9900000000000000000000000000"},{"t":1586193300000,"price":"10000000000000000","supply":"9900000000000000000000000000"},{"t":1586194200000,"price":"10000000000000000","supply":"9900000000000000000000000000"},{"t":1586195100000,"price":"10000000000000000","supply":"9900000000000000000000000000"},{"t":1586196000000,"price":"10000000000000000","supply"
13:32:02.463 [TestNG-tests-1] DEBUG org.apache.http.wire -  << "":"9900000000000000000000000000"},{"t":1586196900000,"price":"10000000000000000","supply":"9900000000000000000000000000"},{"t":1586197800000,"price":"10000000000000000","supply":"9900000000000000000000000000"},{"t":1586198700000,"price":"10000000000000000","supply":"9900000000000000000000000000"},{"t":1586199600000,"price":"10000000000000000","supply":"9900000000000000000000000000"},{"t":1586200500000,"price":"10000000000000000","supply":"9900000000000000000000000000"},{"t":1586201400001,"price":"10000000000000000","supply":"9900000000000000000000000000"},{"t":1586202300000,"price":"10000000000000000","supply":"9900000000000000000000000000"},{"t":1586203200000,"price":"10000000000000000","supply":"9900000000000000000000000000"},{"t":1586204100000,"price":"10000000000000000","supply":"9900000000000000000000000000"},{"t":1586205000000,"price":"10000000000000000","supply":"9900000000000000000000000000"},{"t":1586205900000,"price":"10000000000000000","supply":"9900000000000000000000000000"},{"t":1586206800000,"price":"10000000000000000","supply":"9900000000000000000000000000"},{"t":1586207700000,"price":"10000000000000000","supply":"9900000000000000000000000000"},{"t":1586208600000,"price":"10000000000000000","supply":"9900000000000000000000000000"},{"t":1586209500000,"price":"10000000000000000","supply":"9900000000000000000000000000"},{"t":1586210400000,"price":"10000000000000000","supply":"9900000000000000000000000000"},{"t":1586211300000,"price":"10000000000000000","supply":"9900000000000000000000000000"},{"t":1586212200001,"price":"10000000000000000","supply":"9900000000000000000000000000"},{"t":1586213100000,"price":"10000000000000000","supply":"9900000000000000000000000000"},{"t":1586214000000,"price":"10000000000000000","supply":"9900000000000000000000000000"},{"t":1586214900000,"price":"10000000000000000","supply":"9900000000000000000000000000"},{"t":1586215800000,"price":"10000000000000000","supply":"9900000000000000000000000000"},{"t":1586216700000,"price":"10000000000000000","supply":"9900000000000000000000000000"},{"t":1586217600001,"price":"10000000000000000","supply":"9900000000000000000000000000"},{"t":1586218500000,"price":"10000000000000000","supply":"9900000000000000000000000000"},{"t":1586219400000,"price":"10000000000000000","supply":"9900000000000000000000000000"},{"t":1586220300000,"price":"10000000000000000","supply":"9900000000000000000000000000"},{"t":1586221200000,"price":"10000000000000000","supply":"9900000000000000000000000000"},{"t":1586222100000,"price":"10000000000000000","supply":"9900000000000000000000000000"},{"t":1586223000000,"price":"10000000000000000","supply":"9900000000000000000000000000"},{"t":1586223900000,"price":"10000000000000000","supply":"9900000000000000000000000000"},{"t":1586224800000,"price":"10000000000000000","supply":"9900000000000000000000000000"},{"t":1586225700000,"price":"10000000000000000","supply":"9900000000000000000000000000"},{"t":1586226600000,"price":"10000000000000000","supply":"9900000000000000000000000000"},{"t":1586227500000,"price":"10000000000000000","supply":"9900000000000000000000000000"},{"t":1586228400000,"price":"10000000000000000","supply":"9900000000000000000000000000"},{"t":1586229300000,"price":"10000000000000000","supply":"9900000000000000000000000000"},{"t":1586230200000,"price":"10000000000000000","supply":"9900000000000000000000000000"},{"t":1586231100000,"price":"10000000000000000","supply":"9900000000000000000000000000"},{"t":1586232000000,"price":"10000000000000000","supply":"9900000000000000000000000000"},{"t":1586232900000,"price":"10000000000000000","supply":"9900000000000000000000000000"},{"t":1586233800000,"price":"10000000000000000","supply":"9900000000000000000000000000"},{"t":1586234700000,"price":"10000000000000000","supply":"9900000000000000000000000000"},{"t":1586235600000,"price":"10000000000000000","supply":"9900000000000000000000000000"},{"t":1586236500000,"price":"10000000000000000","supply":"9900000000000000000000000000"},{"t":1586237400000,"price":"10000000000000000","supply":"9900000000000000000000000000"},{"t":1586238300000,"price":"10000000000000000","supply":"9900000000000000000000000000"},{"t":1586239200001,"price":"10000000000000000","supply":"9900000000000000000000000000"},{"t":1586240100000,"price":"10000000000000000","supply":"99000"
13:32:02.465 [TestNG-tests-1] DEBUG org.apache.http.wire -  << "00000000000000000000000"},{"t":1586241000000,"price":"10000000000000000","supply":"9900000000000000000000000000"},{"t":1586241900000,"price":"10000000000000000","supply":"9900000000000000000000000000"},{"t":1586242800000,"price":"10000000000000000","supply":"9900000000000000000000000000"},{"t":1586243700000,"price":"10000000000000000","supply":"9900000000000000000000000000"},{"t":1586244600000,"price":"10000000000000000","supply":"9900000000000000000000000000"},{"t":1586245500000,"price":"10000000000000000","supply":"9900000000000000000000000000"},{"t":1586246400000,"price":"10000000000000000","supply":"9900000000000000000000000000"},{"t":1586247300000,"price":"10000000000000000","supply":"9900000000000000000000000000"},{"t":1586248200000,"price":"10000000000000000","supply":"9900000000000000000000000000"},{"t":1586249100000,"price":"10000000000000000","supply":"9900000000000000000000000000"},{"t":1586250000000,"price":"10000000000000000","supply":"9900000000000000000000000000"},{"t":1586250900000,"price":"10000000000000000","supply":"9900000000000000000000000000"},{"t":1586251800000,"price":"10000000000000000","supply":"9900000000000000000000000000"},{"t":1586252700000,"price":"10000000000000000","supply":"9900000000000000000000000000"},{"t":1586253600000,"price":"10000000000000000","supply":"9900000000000000000000000000"},{"t":1586254500000,"price":"10000000000000000","supply":"9900000000000000000000000000"},{"t":1586255400000,"price":"10000000000000000","supply":"9900000000000000000000000000"},{"t":1586256300000,"price":"10000000000000000","supply":"9900000000000000000000000000"},{"t":1586257200000,"price":"10000000000000000","supply":"9900000000000000000000000000"},{"t":1586258100000,"price":"10000000000000000","supply":"9900000000000000000000000000"},{"t":1586259000000,"price":"10000000000000000","supply":"9900000000000000000000000000"},{"t":1586259900000,"price":"10000000000000000","supply":"9900000000000000000000000000"},{"t":1586260800000,"price":"10000000000000000","supply":"9900000000000000000000000000"},{"t":1586261700000,"price":"10000000000000000","supply":"9900000000000000000000000000"},{"t":1586262600000,"price":"10000000000000000","supply":"9900000000000000000000000000"},{"t":1586263500000,"price":"10000000000000000","supply":"9900000000000000000000000000"},{"t":1586264400001,"price":"10000000000000000","supply":"9900000000000000000000000000"},{"t":1586265300000,"price":"10000000000000000","supply":"9900000000000000000000000000"},{"t":1586266200000,"price":"10000000000000000","supply":"9900000000000000000000000000"},{"t":1586267100000,"price":"10000000000000000","supply":"9900000000000000000000000000"},{"t":1586268000000,"price":"10000000000000000","supply":"9900000000000000000000000000"},{"t":1586268900001,"price":"10000000000000000","supply":"9900000000000000000000000000"},{"t":1586269800000,"price":"10000000000000000","supply":"9900000000000000000000000000"},{"t":1586270700001,"price":"10000000000000000","supply":"9900000000000000000000000000"},{"t":1586271600000,"price":"10000000000000000","supply":"9900000000000000000000000000"},{"t":1586272500000,"price":"10000000000000000","supply":"9900000000000000000000000000"},{"t":1586273400000,"price":"10000000000000000","supply":"9900000000000000000000000000"},{"t":1586274300000,"price":"10000000000000000","supply":"9900000000000000000000000000"},{"t":1586275200000,"price":"10000000000000000","supply":"9900000000000000000000000000"},{"t":1586276100000,"price":"10000000000000000","supply":"9900000000000000000000000000"},{"t":1586277000000,"price":"10000000000000000","supply":"9900000000000000000000000000"},{"t":1586277900000,"price":"10000000000000000","supply":"9900000000000000000000000000"},{"t":1586278800000,"price":"10000000000000000","supply":"9900000000000000000000000000"},{"t":1586279700000,"price":"10000000000000000","supply":"9900000000000000000000000000"},{"t":1586280600000,"price":"10000000000000000","supply":"9900000000000000000000000000"},{"t":1586281500000,"price":"10000000000000000","supply":"9900000000000000000000000000"},{"t":1586282400000,"price":"10000000000000000","supply":"9900000000000000000000000000"},{"t":1586283300000,"price":"10000000000000000","supply":"9900000000000000000000000000"},{"t":1586284200000,"price":"10000000000000000","supply":"9900000000000000000000000000"},{"t":1586285100000,"price":"10000000000000000","supply":"9900000000000000000000000000"},{"t":1586286000000,"price":"10000000000000000","supply":"9900000000000000000000000000"},{"t":1586286900000,"price":"10000000000000000","supply":"9900000000000000000000000000"},{"t":1586287800000,"price":"10000000000000000","supply":"9900000000000000000000000000"},{"t":1586288700000,"price":"10000000000000000","supply":"9900000000000000000000000000"},{"t":1586289600000,"price":"10000000000000000","supply":"9900000000000000000000000000"},{"t":1586290500000,"price":"10000000000000000","supply":"9900000000000000000000000000"},{"t":1586291400000,"price":"10000000000000000","supply":"9900000000000000000000000000"},{"t":1586292300000,"price":"10000000000000000","supply":"9900000000000000000000000000"},{"t":1586293200000,"price":"10000000000000000","supply":"9900000000000000000000000000"},{"t":1586294100000,"price":"10000000000000000","supply":"9900000000000000000000000000"},{"t":1586295000000,"price":"10000000000000000","supply":"9900000000000000000000000000"},{"t":1586295900000,"price":"10000000000000000","supply":"9900000000000000000000000000"},{"t":1586296800000,"price":"10000000000000000","supply":"9900000000000000000000000000"},{"t":1586297700000,"price":"10000000000000000","supply":"9900000000000000000000000000"},{"t":1586298600000,"price":"10000000000000000","supply":"9900000000000000000000000000"},{"t":158629950"
13:32:02.465 [TestNG-tests-1] DEBUG org.apache.http.wire -  << "0000,"price":"10000000000000000","supply":"9900000000000000000000000000"},{"t":1586300400000,"price":"10000000000000000","supply":"9900000000000000000000000000"},{"t":1586301300000,"price":"10000000000000000","supply":"9900000000000000000000000000"},{"t":1586302200000,"price":"10000000000000000","supply":"9900000000000000000000000000"},{"t":1586303100000,"price":"10000000000000000","supply":"9900000000000000000000000000"},{"t":1586304000000,"price":"10000000000000000","supply":"9900000000000000000000000000"},{"t":1586304900000,"price":"10000000000000000","supply":"9900000000000000000000000000"},{"t":1586305800000,"price":"10000000000000000","supply":"9900000000000000000000000000"},{"t":1586306700001,"price":"10000000000000000","supply":"9900000000000000000000000000"},{"t":1586307600001,"price":"10000000000000000","supply":"9900000000000000000000000000"},{"t":1586308500000,"price":"10000000000000000","supply":"9900000000000000000000000000"},{"t":1586309400000,"price":"10000000000000000","supply":"9900000000000000000000000000"},{"t":1586310300000,"price":"10000000000000000","supply":"9900000000000000000000000000"},{"t":1586311200000,"price":"10000000000000000","supply":"9900000000000000000000000000"},{"t":1586312100000,"price":"10000000000000000","supply":"9900000000000000000000000000"},{"t":1586313000000,"price":"10000000000000000","supply":"9900000000000000000000000000"},{"t":1586313900000,"price":"10000000000000000","supply":"9900000000000000000000000000"},{"t":1586314800000,"price":"10000000000000000","supply":"9900000000000000000000000000"},{"t":1586315700000,"price":"10000000000000000","supply":"9900000000000000000000000000"},{"t":1586316600000,"price":"10000000000000000","supply":"9900000000000000000000000000"},{"t":1586317500000,"price":"10000000000000000","supply":"9900000000000000000000000000"},{"t":1586318400000,"price":"10000000000000000","supply":"9900000000000000000000000000"},{"t":1586319300000,"price":"10000000000000000","supply":"9900000000000000000000000000"},{"t":1586320200000,"price":"10000000000000000","supply":"9900000000000000000000000000"},{"t":1586321100000,"price":"10000000000000000","supply":"9900000000000000000000000000"},{"t":1586322000000,"price":"10000000000000000","supply":"9900000000000000000000000000"},{"t":1586322900000,"price":"10000000000000000","supply":"9900000000000000000000000000"},{"t":1586323800000,"price":"10000000000000000","supply":"9900000000000000000000000000"},{"t":1586324700000,"price":"10000000000000000","supply":"9900000000000000000000000000"},{"t":1586325600000,"price":"10000000000000000","supply":"9900000000000000000000000000"},{"t":1586326500000,"price":"10000000000000000","supply":"9900000000000000000000000000"},{"t":1586327400000,"price":"10000000000000000","supply":"9900000000000000000000000000"},{"t":1586328300000,"price":"10000000000000000","supply":"990000000000000000000"
13:32:02.743 [TestNG-tests-1] DEBUG org.apache.http.wire -  << "0000000"},{"t":1586329200000,"price":"10000000000000000","supply":"9900000000000000000000000000"},{"t":1586330100000,"price":"10000000000000000","supply":"9900000000000000000000000000"},{"t":1586331000000,"price":"10000000000000000","supply":"9900000000000000000000000000"},{"t":1586331900000,"price":"10000000000000000","supply":"9900000000000000000000000000"},{"t":1586332800000,"price":"10000000000000000","supply":"9900000000000000000000000000"},{"t":1586333700000,"price":"10000000000000000","supply":"9900000000000000000000000000"},{"t":1586334600000,"price":"10000000000000000","supply":"9900000000000000000000000000"},{"t":1586335500000,"price":"10000000000000000","supply":"9900000000000000000000000000"},{"t":1586336400000,"price":"10000000000000000","supply":"9900000000000000000000000000"},{"t":1586337300000,"price":"10000000000000000","supply":"9900000000000000000000000000"},{"t":1586338200000,"price":"10000000000000000","supply":"9900000000000000000000000000"},{"t":1586339100000,"price":"10000000000000000","supply":"9900000000000000000000000000"},{"t":1586340000001,"price":"10000000000000000","supply":"9900000000000000000000000000"},{"t":1586340900000,"price":"10000000000000000","supply":"9900000000000000000000000000"},{"t":1586341800000,"price":"10000000000000000","supply":"9900000000000000000000000000"},{"t":1586342700000,"price":"10000000000000000","supply":"9900000000000000000000000000"},{"t":1586343600000,"price":"10000000000000000","supply":"9900000000000000000000000000"},{"t":1586344500000,"price":"10000000000000000","supply":"9900000000000000000000000000"},{"t":1586345400000,"price":"10000000000000000","supply":"9900000000000000000000000000"},{"t":1586346300000,"price":"10000000000000000","supply":"9900000000000000000000000000"},{"t":1586347200000,"price":"10000000000000000","supply":"9900000000000000000000000000"},{"t":1586348100000,"price":"10000000000000000","supply":"9900000000000000000000000000"},{"t":1586349000000,"price":"10000000000000000","supply":"9900000000000000000000000000"},{"t":1586349900000,"price":"10000000000000000","supply":"9900000000000000000000000000"},{"t":1586350800000,"price":"10000000000000000","supply":"9900000000000000000000000000"},{"t":1586351700000,"price":"10000000000000000","supply":"9900000000000000000000000000"},{"t":1586352600001,"price":"10000000000000000","supply":"9900000000000000000000000000"},{"t":1586353500000,"price":"10000000000000000","supply":"9900000000000000000000000000"},{"t":1586354400000,"price":"10000000000000000","supply":"9900000000000000000000000000"},{"t":1586355300000,"price":"10000000000000000","supply":"9900000000000000000000000000"},{"t":1586356200000,"price":"10000000000000000","supply":"9900000000000000000000000000"},{"t":1586357100000,"price":"10000000000000000","supply":"9900000000000000000000000000"},{"t":1586358000000,"price":"10000000000000000","supply":"9900000000000000000000000000"},{"t":1586358900000,"price":"10000000000000000","supply":"9900000000000000000000000000"},{"t":1586359800000,"price":"10000000000000000","supply":"9900000000000000000000000000"},{"t":1586360700000,"price":"10000000000000000","supply":"9900000000000000000000000000"},{"t":1586361600000,"price":"10000000000000000","supply":"9900000000000000000000000000"},{"t":1586362500000,"price":"10000000000000000","supply":"9900000000000000000000000000"},{"t":1586363400000,"price":"10000000000000000","supply":"9900000000000000000000000000"},{"t":1586364300001,"price":"10000000000000000","supply":"9900000000000000000000000000"},{"t":1586365200000,"price":"10000000000000000","supply":"9900000000000000000000000000"},{"t":1586366100000,"price":"10000000000000000","supply":"9900000000000000000000000000"},{"t":1586367000000,"price":"10000000000000000","supply":"9900000000000000000000000000"},{"t":1586367900000,"price":"10000000000000000","supply":"9900000000000000000000000000"},{"t":1586368800000,"price":"10000000000000000","supply":"9900000000000000000000000000"},{"t":1586369700000,"price":"10000000000000000","supply":"9900000000000000000000000000"},{"t":1586370600000,"price":"10000000000000000","supply":"9900000000000000000000000000"},{"t":1586371500000,"price":"10000000000000000","supply":"9900000000000000000000000000"},{"t":1586372400000,"price":"10000000000000000","supply":"9900000000000000000000000000"},{"t":1586373300000,"price":"10000000000000000","supply":"9900000000000000000000000000"},{"t":1586374200000,"price":"10000000000000000","supply":"9900000000000000000000000000"},{"t":1586375100000,"price":"10000000000000000","supply":"9900000000000000000000000000"},{"t":1586376000000,"price":"10000000000000000","supply":"9900000000000000000000000000"},{"t":1586376900000,"price":"10000000000000000","supply":"9900000000000000000000000000"},{"t":1586377800001,"price":"10000000000000000","supply":"9900000000000000000000000000"},{"t":1586378700000,"price":"10000000000000000","supply":"9900000000000000000000000000"},{"t":1586379600000,"price":"10000000000000000","supply":"9900000000000000000000000000"},{"t":1586380500000,"price":"10000000000000000","supply":"9900000000000000000000000000"},{"t":1586381400000,"price":"10000000000000000","supply":"9900000000000000000000000000"},{"t":1586382300000,"price":"10000000000000000","supply":"9900000000000000000000000000"},{"t":1586383200000,"price":"10000000000000000","supply":"9900000000000000000000000000"},{"t":1586384100000,"price":"10000000000000000","supply":"9900000000000000000000000000"},{"t":1586385000000,"price":"10000000000000000","supply":"9900000000000000000000000000"},{"t":1586385900000,"price":"10000000000000000","supply":"9900000000000000000000000000"},{"t":1586386800000,"price":"10000000000000000","supply":"9900000000000000000000000000"},{"t":1586387700000,"price":"10"
13:32:02.746 [TestNG-tests-1] DEBUG org.apache.http.wire -  << "000000000000000","supply":"9900000000000000000000000000"},{"t":1586388600000,"price":"10000000000000000","supply":"9900000000000000000000000000"},{"t":1586389500000,"price":"10000000000000000","supply":"9900000000000000000000000000"},{"t":1586390400000,"price":"10000000000000000","supply":"9900000000000000000000000000"},{"t":1586391300000,"price":"10000000000000000","supply":"9900000000000000000000000000"},{"t":1586392200000,"price":"10000000000000000","supply":"9900000000000000000000000000"},{"t":1586393100000,"price":"10000000000000000","supply":"9900000000000000000000000000"},{"t":1586394000000,"price":"10000000000000000","supply":"9900000000000000000000000000"},{"t":1586394900000,"price":"10000000000000000","supply":"9900000000000000000000000000"},{"t":1586395800000,"price":"10000000000000000","supply":"9900000000000000000000000000"},{"t":1586396700000,"price":"10000000000000000","supply":"9900000000000000000000000000"},{"t":1586397600000,"price":"10000000000000000","supply":"9900000000000000000000000000"},{"t":1586398500000,"price":"10000000000000000","supply":"9900000000000000000000000000"},{"t":1586399400000,"price":"10000000000000000","supply":"9900000000000000000000000000"},{"t":1586400300000,"price":"10000000000000000","supply":"9900000000000000000000000000"},{"t":1586401200000,"price":"10000000000000000","supply":"9900000000000000000000000000"},{"t":1586402100000,"price":"10000000000000000","supply":"9900000000000000000000000000"},{"t":1586403000000,"price":"10000000000000000","supply":"9900000000000000000000000000"},{"t":1586403900000,"price":"10000000000000000","supply":"9900000000000000000000000000"},{"t":1586404800000,"price":"10000000000000000","supply":"9900000000000000000000000000"},{"t":1586405700000,"price":"10000000000000000","supply":"9900000000000000000000000000"},{"t":1586406600000,"price":"10000000000000000","supply":"9900000000000000000000000000"},{"t":1586407500000,"price":"10000000000000000","supply":"9900000000000000000000000000"},{"t":1586408400000,"price":"10000000000000000","supply":"9900000000000000000000000000"},{"t":1586409300000,"price":"10000000000000000","supply":"9900000000000000000000000000"},{"t":1586410200001,"price":"10000000000000000","supply":"9900000000000000000000000000"},{"t":1586411100000,"price":"10000000000000000","supply":"9900000000000000000000000000"},{"t":1586412000000,"price":"10000000000000000","supply":"9900000000000000000000000000"},{"t":1586412900000,"price":"10000000000000000","supply":"9900000000000000000000000000"},{"t":1586413800000,"price":"10000000000000000","supply":"9900000000000000000000000000"},{"t":1586414700000,"price":"10000000000000000","supply":"9900000000000000000000000000"},{"t":1586415600000,"price":"10000000000000000","supply":"9900000000000000000000000000"},{"t":1586416500000,"price":"10000000000000000","supply":"9900000000000000000000000000"},{"t":1"
13:32:02.747 [TestNG-tests-1] DEBUG org.apache.http.wire -  << "586417400000,"price":"10000000000000000","supply":"9900000000000000000000000000"},{"t":1586418300000,"price":"10000000000000000","supply":"9900000000000000000000000000"},{"t":1586419200000,"price":"10000000000000000","supply":"9900000000000000000000000000"},{"t":1586420100000,"price":"10000000000000000","supply":"9900000000000000000000000000"},{"t":1586421000000,"price":"10000000000000000","supply":"9900000000000000000000000000"},{"t":1586421900000,"price":"10000000000000000","supply":"9900000000000000000000000000"},{"t":1586422800001,"price":"10000000000000000","supply":"9900000000000000000000000000"},{"t":1586423700001,"price":"10000000000000000","supply":"9900000000000000000000000000"},{"t":1586424600000,"price":"10000000000000000","supply":"9900000000000000000000000000"},{"t":1586425500000,"price":"10000000000000000","supply":"9900000000000000000000000000"},{"t":1586426400000,"price":"10000000000000000","supply":"9900000000000000000000000000"},{"t":1586427300000,"price":"10000000000000000","supply":"9900000000000000000000000000"},{"t":1586428200000,"price":"10000000000000000","supply":"9900000000000000000000000000"},{"t":1586429100000,"price":"10000000000000000","supply":"9900000000000000000000000000"},{"t":1586430000000,"price":"10000000000000000","supply":"9900000000000000000000000000"},{"t":1586430900000,"price":"10000000000000000","supply":"9900000000000000000000000000"},{"t":1586431800000,"price":"10000000000000000","supply":"9900000000000000000000000000"},{"t":1586432700001,"price":"10000000000000000","supply":"9900000000000000000000000000"},{"t":1586433600000,"price":"10000000000000000","supply":"9900000000000000000000000000"},{"t":1586434500000,"price":"10000000000000000","supply":"9900000000000000000000000000"},{"t":1586435400000,"price":"10000000000000000","supply":"9900000000000000000000000000"},{"t":1586436300000,"price":"10000000000000000","supply":"9900000000000000000000000000"},{"t":1586437200000,"price":"10000000000000000","supply":"9900000000000000000000000000"},{"t":1586438100000,"price":"10000000000000000","supply":"9900000000000000000000000000"},{"t":1586439000001,"price":"10000000000000000","supply":"9900000000000000000000000000"},{"t":1586439900000,"price":"10000000000000000","supply":"9900000000000000000000000000"},{"t":1586440800000,"price":"10000000000000000","supply":"9900000000000000000000000000"},{"t":1586441700000,"price":"10000000000000000","supply":"9900000000000000000000000000"},{"t":1586442600000,"price":"10000000000000000","supply":"9900000000000000000000000000"},{"t":1586443500000,"price":"10000000000000000","supply":"9900000000000000000000000000"},{"t":1586444400000,"price":"10000000000000000","supply":"9900000000000000000000000000"},{"t":1586445300000,"price":"10000000000000000","supply":"9900000000000000000000000000"},{"t":1586446200000,"price":"10000000000000000","supply":"9900000000000"
13:32:02.748 [TestNG-tests-1] DEBUG org.apache.http.wire -  << "000000000000000"},{"t":1586447100000,"price":"10000000000000000","supply":"9900000000000000000000000000"},{"t":1586448000000,"price":"10000000000000000","supply":"9900000000000000000000000000"},{"t":1586448900000,"price":"10000000000000000","supply":"9900000000000000000000000000"},{"t":1586449800000,"price":"10000000000000000","supply":"9900000000000000000000000000"},{"t":1586450700000,"price":"10000000000000000","supply":"9900000000000000000000000000"},{"t":1586451600000,"price":"10000000000000000","supply":"9900000000000000000000000000"},{"t":1586452500000,"price":"10000000000000000","supply":"9900000000000000000000000000"},{"t":1586453400001,"price":"10000000000000000","supply":"9900000000000000000000000000"},{"t":1586454300000,"price":"10000000000000000","supply":"9900000000000000000000000000"},{"t":1586455200000,"price":"10000000000000000","supply":"9900000000000000000000000000"},{"t":1586456100000,"price":"10000000000000000","supply":"9900000000000000000000000000"},{"t":1586457000000,"price":"10000000000000000","supply":"9900000000000000000000000000"},{"t":1586457900000,"price":"10000000000000000","supply":"9900000000000000000000000000"},{"t":1586458800000,"price":"10000000000000000","supply":"9900000000000000000000000000"},{"t":1586459700000,"price":"10000000000000000","supply":"9900000000000000000000000000"},{"t":1586460600000,"price":"10000000000000000","supply":"9900000000000000000000000000"},{"t":1586461500000,"price":"10000000000000000","supply":"9900000000000000000000000000"},{"t":1586462400000,"price":"10000000000000000","supply":"9900000000000000000000000000"},{"t":1586463300000,"price":"10000000000000000","supply":"9900000000000000000000000000"},{"t":1586464200000,"price":"10000000000000000","supply":"9900000000000000000000000000"},{"t":1586465100001,"price":"10000000000000000","supply":"9900000000000000000000000000"},{"t":1586466000000,"price":"10000000000000000","supply":"9900000000000000000000000000"},{"t":1586466900000,"price":"10000000000000000","supply":"9900000000000000000000000000"},{"t":1586467800000,"price":"10000000000000000","supply":"9900000000000000000000000000"},{"t":1586468700000,"price":"10000000000000000","supply":"9900000000000000000000000000"},{"t":1586469600000,"price":"10000000000000000","supply":"9900000000000000000000000000"},{"t":1586470500000,"price":"10000000000000000","supply":"9900000000000000000000000000"},{"t":1586471400001,"price":"10000000000000000","supply":"9900000000000000000000000000"},{"t":1586472300000,"price":"10000000000000000","supply":"9900000000000000000000000000"},{"t":1586473200000,"price":"10000000000000000","supply":"9900000000000000000000000000"},{"t":1586474100000,"price":"10000000000000000","supply":"9900000000000000000000000000"},{"t":1586475000000,"price":"10000000000000000","supply":"9900000000000000000000000000"},{"t":1586475900001,"price":"10000000000000000""
13:32:03.076 [TestNG-tests-1] DEBUG org.apache.http.wire -  << ","supply":"9900000000000000000000000000"},{"t":1586476800000,"price":"10000000000000000","supply":"9900000000000000000000000000"},{"t":1586477700001,"price":"10000000000000000","supply":"9900000000000000000000000000"},{"t":1586478600000,"price":"10000000000000000","supply":"9900000000000000000000000000"},{"t":1586479500000,"price":"10000000000000000","supply":"9900000000000000000000000000"},{"t":1586480400000,"price":"10000000000000000","supply":"9900000000000000000000000000"},{"t":1586481300000,"price":"10000000000000000","supply":"9900000000000000000000000000"},{"t":1586482200000,"price":"10000000000000000","supply":"9900000000000000000000000000"},{"t":1586483100000,"price":"10000000000000000","supply":"9900000000000000000000000000"},{"t":1586484000000,"price":"10000000000000000","supply":"9900000000000000000000000000"},{"t":1586484900000,"price":"10000000000000000","supply":"9900000000000000000000000000"},{"t":1586485800001,"price":"10000000000000000","supply":"9900000000000000000000000000"},{"t":1586486700000,"price":"10000000000000000","supply":"9900000000000000000000000000"},{"t":1586487600001,"price":"10000000000000000","supply":"9900000000000000000000000000"},{"t":1586488500000,"price":"10000000000000000","supply":"9900000000000000000000000000"},{"t":1586489400000,"price":"10000000000000000","supply":"9900000000000000000000000000"},{"t":1586490300000,"price":"10000000000000000","supply":"9900000000000000000000000000"},{"t":1586491200000,"price":"10000000000000000","supply":"9900000000000000000000000000"},{"t":1586492100000,"price":"10000000000000000","supply":"9900000000000000000000000000"},{"t":1586493000000,"price":"10000000000000000","supply":"9900000000000000000000000000"},{"t":1586493900000,"price":"10000000000000000","supply":"9900000000000000000000000000"},{"t":1586494800000,"price":"10000000000000000","supply":"9900000000000000000000000000"},{"t":1586495700000,"price":"10000000000000000","supply":"9900000000000000000000000000"},{"t":1586496600000,"price":"10000000000000000","supply":"9900000000000000000000000000"},{"t":1586497500001,"price":"10000000000000000","supply":"9900000000000000000000000000"},{"t":1586498400000,"price":"10000000000000000","supply":"9900000000000000000000000000"},{"t":1586499300001,"price":"10000000000000000","supply":"9900000000000000000000000000"},{"t":1586500200000,"price":"10000000000000000","supply":"9900000000000000000000000000"},{"t":1586501100000,"price":"10000000000000000","supply":"9900000000000000000000000000"},{"t":1586502000000,"price":"10000000000000000","supply":"9900000000000000000000000000"},{"t":1586502900000,"price":"10000000000000000","supply":"9900000000000000000000000000"},{"t":1586503800000,"price":"10000000000000000","supply":"9900000000000000000000000000"},{"t":1586504700000,"price":"10000000000000000","supply":"9900000000000000000000000000"},{"t":1586505600000,"pr"
13:32:03.361 [TestNG-tests-1] DEBUG org.apache.http.wire -  << "ice":"10000000000000000","supply":"9900000000000000000000000000"},{"t":1586506500000,"price":"10000000000000000","supply":"9900000000000000000000000000"},{"t":1586507400000,"price":"10000000000000000","supply":"9900000000000000000000000000"},{"t":1586508300001,"price":"10000000000000000","supply":"9900000000000000000000000000"},{"t":1586509200000,"price":"10000000000000000","supply":"9900000000000000000000000000"},{"t":1586510100000,"price":"10000000000000000","supply":"9900000000000000000000000000"},{"t":1586511000001,"price":"10000000000000000","supply":"9900000000000000000000000000"},{"t":1586511900000,"price":"10000000000000000","supply":"9900000000000000000000000000"},{"t":1586512800000,"price":"10000000000000000","supply":"9900000000000000000000000000"},{"t":1586513700000,"price":"10000000000000000","supply":"9900000000000000000000000000"},{"t":1586514600000,"price":"10000000000000000","supply":"9900000000000000000000000000"},{"t":1586515500000,"price":"10000000000000000","supply":"9900000000000000000000000000"},{"t":1586516400000,"price":"10000000000000000","supply":"9900000000000000000000000000"},{"t":1586517300000,"price":"10000000000000000","supply":"9900000000000000000000000000"},{"t":1586518200000,"price":"10000000000000000","supply":"9900000000000000000000000000"},{"t":1586519100000,"price":"10000000000000000","supply":"9900000000000000000000000000"},{"t":1586520000001,"price":"10000000000000000","supply":"9900000000000000000000000000"},{"t":1586520900001,"price":"10000000000000000","supply":"9900000000000000000000000000"},{"t":1586521800000,"price":"10000000000000000","supply":"9900000000000000000000000000"},{"t":1586522700001,"price":"10000000000000000","supply":"9900000000000000000000000000"},{"t":1586523600000,"price":"10000000000000000","supply":"9900000000000000000000000000"},{"t":1586524500000,"price":"10000000000000000","supply":"9900000000000000000000000000"},{"t":1586525400000,"price":"10000000000000000","supply":"9900000000000000000000000000"},{"t":1586526300000,"price":"10000000000000000","supply":"9900000000000000000000000000"},{"t":1586527200000,"price":"10000000000000000","supply":"9900000000000000000000000000"},{"t":1586528100000,"price":"10000000000000000","supply":"9900000000000000000000000000"},{"t":1586529000000,"price":"10000000000000000","supply":"9900000000000000000000000000"},{"t":1586529900000,"price":"10000000000000000","supply":"9900000000000000000000000000"},{"t":1586530800000,"price":"10000000000000000","supply":"9900000000000000000000000000"},{"t":1586531700001,"price":"10000000000000000","supply":"9900000000000000000000000000"},{"t":1586532600000,"price":"10000000000000000","supply":"9900000000000000000000000000"},{"t":1586533500000,"price":"10000000000000000","supply":"9900000000000000000000000000"},{"t":1586534400000,"price":"10000000000000000","supply":"9900000000000000000000000000"},{"t":1586535300000,"price":"10000000000000000","supply":"9900000000000000000000000000"},{"t":1586536200000,"price":"10000000000000000","supply":"9900000000000000000000000000"},{"t":1586537100000,"price":"10000000000000000","supply":"9900000000000000000000000000"},{"t":1586538000000,"price":"10000000000000000","supply":"9900000000000000000000000000"},{"t":1586538900000,"price":"10000000000000000","supply":"9900000000000000000000000000"},{"t":1586539800000,"price":"10000000000000000","supply":"9900000000000000000000000000"},{"t":1586540700000,"price":"10000000000000000","supply":"9900000000000000000000000000"},{"t":1586541600000,"price":"10000000000000000","supply":"9900000000000000000000000000"},{"t":1586542500001,"price":"10000000000000000","supply":"9900000000000000000000000000"},{"t":1586543400000,"price":"10000000000000000","supply":"9900000000000000000000000000"},{"t":1586544300000,"price":"10000000000000000","supply":"9900000000000000000000000000"},{"t":1586545200000,"price":"10000000000000000","supply":"9900000000000000000000000000"},{"t":1586546100000,"price":"10000000000000000","supply":"9900000000000000000000000000"},{"t":1586547000000,"price":"10000000000000000","supply":"9900000000000000000000000000"},{"t":1586547900000,"price":"10000000000000000","supply":"9900000000000000000000000000"},{"t":1586548800000,"price":"10000000000000000","supply":"9900000000000000000000000000"},{"t":1586549700000,"price":"10000000000000000","supply":"9900000000000000000000000000"},{"t":1586550600000,"price":"10000000000000000","supply":"9900000000000000000000000000"},{"t":1586551500000,"price":"10000000000000000","supply":"9900000000000000000000000000"},{"t":1586552400001,"price":"10000000000000000","supply":"9900000000000000000000000000"},{"t":1586553300000,"price":"10000000000000000","supply":"9900000000000000000000000000"},{"t":1586554200000,"price":"10000000000000000","supply":"9900000000000000000000000000"},{"t":1586555100000,"price":"10000000000000000","supply":"9900000000000000000000000000"},{"t":1586556000000,"price":"10000000000000000","supply":"9900000000000000000000000000"},{"t":1586556900000,"price":"10000000000000000","supply":"9900000000000000000000000000"},{"t":1586557800000,"price":"10000000000000000","supply":"9900000000000000000000000000"},{"t":1586558700000,"price":"10000000000000000","supply":"9900000000000000000000000000"},{"t":1586559600000,"price":"10000000000000000","supply":"9900000000000000000000000000"},{"t":1586560500000,"price":"10000000000000000","supply":"9900000000000000000000000000"},{"t":1586561400000,"price":"10000000000000000","supply":"9900000000000000000000000000"},{"t":1586562300000,"price":"10000000000000000","supply":"9900000000000000000000000000"},{"t":1586563200000,"price":"10000000000000000","supply":"9900000000000000000000000000"},{"t":1586564100000,"price":"10000000000000000","supply":"9900000000000000000000000000"},{"t":1586565000000,"price":"10000000000000000","supply":"9900000000000000000000000000"},{"t":1586565900000,"price":"10000000000000000","supply":"9900000000000000000000000000"},{"t":1586566800000,"price":"10000000000000000","supply":"9900000000000000000000000000"},{"t":1586567700000,"price":"10000000000000000","supply":"9900000000000000000000000000"},{"t":1586568600000,"price":"10000000000000000","supply":"9900000000000000000000000000"},{"t":1586569500000,"price":"10000000000000000","supply":"9900000000000000000000000000"},{"t":1586570400000,"price":"10000000000000000","supply":"9900000000000000000000000000"},{"t":1586571300000,"price":"10000000000000000","supply":"9900000000000000000000000000"},{"t":1586572200000,"price":"10000000000000000","supply":"9900000000000000000000000000"},{"t":1586573100001,"price":"10000000000000000","supply":"9900000000000000000000000000"},{"t":1586574000000,"price":"10000000000000000","supply":"9900000000000000000000000000"},{"t":1586574900000,"price":"10000000000000000","supply":"9900000000000000000000000000"},{"t":1586575800001,"price":"10000000000000000","supply":"9900000000000000000000000000"},{"t":1586576700000,"price":"10000000000000000","supply":"9900000000000000000000000000"},{"t":1586577600001,"price":"10000000000000000","supply":"9900000000000000000000000000"},{"t":1586578500000,"price":"10000000000000000","supply":"9900000000000000000000000000"},{"t":1586579400000,"price":"10000000000000000","supply":"9900000000000000000000000000"},{"t":1586580300000,"price":"10000000000000000","supply":"9900000000000000000000000000"},{"t":1586581200000,"price":"10000000000000000","supply":"9900000000000000000000000000"},{"t":1586582100000,"price":"10000000000000000","supply":"9900000000000000000000000000"},{"t":1586583000000,"price":"10000000000000000","supply":"9900000000000000000000000000"},{"t":1586583900000,"price":"10000000000000000","supply":"9900000000000000000000000000"},{"t":1586584800000,"price":"10000000000000000","supply":"9900000000000000000000000000"},{"t":1586585700000,"price":"10000000000000000","supply":"9900000000000000000000000000"},{"t":1586586600000,"price":"10000000000000000","supply":"9900000000000000000000000000"},{"t":1586587500000,"price":"10000000000000000","supply":"9900000000000000000000000000"},{"t":1586588400000,"price":"10000000000000000","supply":"9900000000000000000000000000"},{"t":1586589300000,"price":"10"
13:32:03.361 [TestNG-tests-1] DEBUG org.apache.http.wire -  << "000000000000000","supply":"9900000000000000000000000000"},{"t":1586590200000,"price":"10000000000000000","supply":"9900000000000000000000000000"},{"t":1586591100000,"price":"10000000000000000","supply":"9900000000000000000000000000"},{"t":1586592000000,"price":"10000000000000000","supply":"9900000000000000000000000000"},{"t":1586592900000,"price":"10000000000000000","supply":"9900000000000000000000000000"},{"t":1586593800000,"price":"10000000000000000","supply":"9900000000000000000000000000"},{"t":1586594700000,"price":"10000000000000000","supply":"9900000000000000000000000000"},{"t":1586595600000,"price":"10000000000000000","supply":"9900000000000000000000000000"},{"t":1586596500000,"price":"10000000000000000","supply":"9900000000000000000000000000"},{"t":1586597400000,"price":"10000000000000000","supply":"9900000000000000000000000000"},{"t":1586598300000,"price":"10000000000000000","supply":"9900000000000000000000000000"},{"t":1586599200000,"price":"10000000000000000","supply":"9900000000000000000000000000"},{"t":1586600100001,"price":"10000000000000000","supply":"9900000000000000000000000000"},{"t":1586601000000,"price":"10000000000000000","supply":"9900000000000000000000000000"},{"t":1586601900000,"price":"10000000000000000","supply":"9900000000000000000000000000"},{"t":1586602800000,"price":"10000000000000000","supply":"9900000000000000000000000000"},{"t":1586603700000,"price":"10000000000000000","supply":"9900000000000000000000000000"},{"t":1586604600000,"price":"10000000000000000","supply":"9900000000000000000000000000"},{"t":1586605500001,"price":"10000000000000000","supply":"9900000000000000000000000000"},{"t":1586606400000,"price":"10000000000000000","supply":"9900000000000000000000000000"},{"t":1586607300001,"price":"10000000000000000","supply":"9900000000000000000000000000"},{"t":1586608200000,"price":"10000000000000000","supply":"9900000000000000000000000000"},{"t":1586609100000,"price":"10000000000000000","supply":"9900000000000000000000000000"},{"t":1586610000000,"price":"10000000000000000","supply":"9900000000000000000000000000"},{"t":1586610900000,"price":"10000000000000000","supply":"9900000000000000000000000000"},{"t":1586611800000,"price":"10000000000000000","supply":"9900000000000000000000000000"},{"t":1586612700000,"price":"10000000000000000","supply":"9900000000000000000000000000"},{"t":1586613600000,"price":"10000000000000000","supply":"9900000000000000000000000000"},{"t":1586614500000,"price":"10000000000000000","supply":"9900000000000000000000000000"},{"t":1586615400000,"price":"10000000000000000","supply":"9900000000000000000000000000"},{"t":1586616300000,"price":"10000000000000000","supply":"9900000000000000000000000000"},{"t":1586617200000,"price":"10000000000000000","supply":"9900000000000000000000000000"},{"t":1586618100000,"price":"10000000000000000","supply":"9900000000000000000000000000"},{"t":1586619000000,"price":"10000000000000000","supply":"9900000000000000000000000000"},{"t":1586619900000,"price":"10000000000000000","supply":"9900000000000000000000000000"},{"t":1586620800001,"price":"10000000000000000","supply":"9900000000000000000000000000"},{"t":1586621700000,"price":"10000000000000000","supply":"9900000000000000000000000000"},{"t":1586622600000,"price":"10000000000000000","supply":"9900000000000000000000000000"},{"t":1586623500000,"price":"10000000000000000","supply":"9900000000000000000000000000"},{"t":1586624400000,"price":"10000000000000000","supply":"9900000000000000000000000000"},{"t":1586625300000,"price":"10000000000000000","supply":"9900000000000000000000000000"},{"t":1586626200000,"price":"10000000000000000","supply":"9900000000000000000000000000"},{"t":1586627100000,"price":"10000000000000000","supply":"9900000000000000000000000000"},{"t":1586628000001,"price":"10000000000000000","supply":"9900000000000000000000000000"},{"t":1586628900000,"price":"10000000000000000","supply":"9900000000000000000000000000"},{"t":1586629800000,"price":"10000000000000000","supply":"9900000000000000000000000000"},{"t":1586630700000,"price":"10000000000000000","supply":"9900000000000000000000000000"},{"t":1586631600000,"price":"10000000000000000","supply":"9900000000000000000000000000"},{"t":1586632500000,"price":"10000000000000000","supply":"9900000000000000000000000000"},{"t":1586633400000,"price":"10000000000000000","supply":"9900000000000000000000000000"},{"t":1586634300000,"price":"10000000000000000","supply":"9900000000000000000000000000"},{"t":1586635200000,"price":"10000000000000000","supply":"9900000000000000000000000000"},{"t":1586636100000,"price":"10000000000000000","supply":"9900000000000000000000000000"},{"t":1586637000001,"price":"10000000000000000","supply":"9900000000000000000000000000"},{"t":1586637900000,"price":"10000000000000000","supply":"9900000000000000000000000000"},{"t":1586638800000,"price":"10000000000000000","supply":"9900000000000000000000000000"},{"t":1586639700000,"price":"10000000000000000","supply":"9900000000000000000000000000"},{"t":1586640600000,"price":"10000000000000000","supply":"9900000000000000000000000000"},{"t":1586641500000,"price":"10000000000000000","supply":"9900000000000000000000000000"},{"t":1586642400000,"price":"10000000000000000","supply":"9900000000000000000000000000"},{"t":1586643300000,"price":"10000000000000000","supply":"9900000000000000000000000000"},{"t":1586644200000,"price":"10000000000000000","supply":"9900000000000000000000000000"},{"t":1586645100000,"price":"10000000000000000","supply":"9900000000000000000000000000"},{"t":1586646000000,"price":"10000000000000000","supply":"9900000000000000000000000000"},{"t":1586646900000,"price":"10000000000000000","supply":"9900000000000000000000000000"},{"t":1586647800000,"price":"10000000000000000","supply":"9900000000000000000000000000"},{"t":1586648700000,"price":"10000000000000000","supply":"9900000000000000000000000000"},{"t":1586649600001,"price":"10000000000000000","supply":"9900000000000000000000000000"},{"t":1586650500000,"price":"10000000000000000","supply":"9900000000000000000000000000"},{"t":1586651400000,"price":"10000000000000000","supply":"9900000000000000000000000000"},{"t":1586652300000,"price":"10000000000000000","supply":"9900000000000000000000000000"},{"t":1586653200000,"price":"10000000000000000","supply":"9900000000000000000000000000"},{"t":1586654100000,"price":"10000000000000000","supply":"9900000000000000000000000000"},{"t":1586655000000,"price":"10000000000000000","supply":"9900000000000000000000000000"},{"t":1586655900000,"price":"10000000000000000","supply":"9900000000000000000000000000"},{"t":1586656800000,"price":"10000000000000000","supply":"9900000000000000000000000000"},{"t":1586657700000,"price":"10000000000000000","supply":"9900000000000000000000000000"},{"t":1586658600000,"price":"10000000000000000","supply":"9900000000000000000000000000"},{"t":1586659500000,"price":"10000000000000000","supply":"9900000000000000000000000000"},{"t":1586660400000,"price":"10000000000000000","supply":"9900000000000000000000000000"},{"t":1586661300000,"price":"10000000000000000","supply":"9900000000000000000000000000"},{"t":1586662200000,"price":"10000000000000000","supply":"9900000000000000000000000000"},{"t":1586663100000,"price":"10000000000000000","supply":"9900000000000000000000000000"},{"t":1586664000000,"price":"10000000000000000","supply":"9900000000000000000000000000"},{"t":1586664900000,"price":"10000000000000000","supply":"9900000000000000000000000000"},{"t":1586665800000,"price":"10000000000000000","supply":"9900000000000000000000000000"},{"t":1586666700000,"price":"10000000000000000","supply":"9900000000000000000000000000"},{"t":1586667600001,"price":"10000000000000000","supply":"9900000000000000000000000000"},{"t":1586668500000,"price":"10000000000000000","supply":"9900000000000000000000000000"},{"t":1586669400000,"price":"10000000000000000","supply":"9900000000000000000000000000"},{"t":1586670300000,"price":"10000000000000000","supply":"9900000000000000000000000000"},{"t":1586671200001,"price":"10000000000000000","supply":"9900000000000000000000000000"},{"t":1586672100001,"price":"10000000000000000","supply":"9900000000000000000000000000"},{"t":1586673000000,"price":"1000000000"
13:32:03.361 [TestNG-tests-1] DEBUG org.apache.http.wire -  << "0000000","supply":"9900000000000000000000000000"},{"t":1586673900000,"price":"10000000000000000","supply":"9900000000000000000000000000"},{"t":1586674800000,"price":"10000000000000000","supply":"9900000000000000000000000000"},{"t":1586675700000,"price":"10000000000000000","supply":"9900000000000000000000000000"},{"t":1586676600000,"price":"10000000000000000","supply":"9900000000000000000000000000"},{"t":1586677500000,"price":"10000000000000000","supply":"9900000000000000000000000000"},{"t":1586678400000,"price":"10000000000000000","supply":"9900000000000000000000000000"},{"t":1586679300000,"price":"10000000000000000","supply":"9900000000000000000000000000"},{"t":1586680200000,"price":"10000000000000000","supply":"9900000000000000000000000000"},{"t":1586681100000,"price":"10000000000000000","supply":"9900000000000000000000000000"},{"t":1586682000001,"price":"10000000000000000","supply":"9900000000000000000000000000"},{"t":1586682900000,"price":"10000000000000000","supply":"9900000000000000000000000000"},{"t":1586683800000,"price":"10000000000000000","supply":"9900000000000000000000000000"},{"t":1586684700000,"price":"10000000000000000","supply":"9900000000000000000000000000"},{"t":1586685600000,"price":"10000000000000000","supply":"9900000000000000000000000000"},{"t":1586686500000,"price":"10000000000000000","supply":"9900000000000000000000000000"},{"t":1586687400000,"price":"10000000000000000","supply":"9900000000000000000000000000"},{"t":1586688300000,"price":"10000000000000000","supply":"9900000000000000000000000000"},{"t":1586689200000,"price":"10000000000000000","supply":"9900000000000000000000000000"},{"t":1586690100000,"price":"10000000000000000","supply":"9900000000000000000000000000"},{"t":1586691000000,"price":"10000000000000000","supply":"9900000000000000000000000000"},{"t":1586691900000,"price":"10000000000000000","supply":"9900000000000000000000000000"},{"t":1586692800000,"price":"10000000000000000","supply":"9900000000000000000000000000"},{"t":1586693700000,"price":"10000000000000000","supply":"9900000000000000000000000000"},{"t":1586694600000,"price":"10000000000000000","supply":"9900000000000000000000000000"},{"t":1586695500000,"price":"10000000000000000","supply":"9900000000000000000000000000"},{"t":1586696400000,"price":"10000000000000000","supply":"9900000000000000000000000000"},{"t":1586697300000,"price":"10000000000000000","supply":"9900000000000000000000000000"},{"t":1586698200000,"price":"10000000000000000","supply":"9900000000000000000000000000"},{"t":1586699100000,"price":"10000000000000000","supply":"9900000000000000000000000000"},{"t":1586700000000,"price":"10000000000000000","supply":"9900000000000000000000000000"},{"t":1586700900000,"price":"10000000000000000","supply":"9900000000000000000000000000"},{"t":1586701800000,"price":"10000000000000000","supply":"9900000000000000000000000000"},{"t":1586702700000,"price":"10000000000000000","supply":"9900000000000000000000000000"},{"t":1586703600001,"price":"10000000000000000","supply":"9900000000000000000000000000"},{"t":1586704500000,"price":"10000000000000000","supply":"9900000000000000000000000000"},{"t":1586705400000,"price":"10000000000000000","supply":"9900000000000000000000000000"},{"t":1586706300000,"price":"10000000000000000","supply":"9900000000000000000000000000"},{"t":1586707200000,"price":"10000000000000000","supply":"9900000000000000000000000000"},{"t":1586708100000,"price":"10000000000000000","supply":"9900000000000000000000000000"},{"t":1586709000000,"price":"10000000000000000","supply":"9900000000000000000000000000"},{"t":1586709900000,"price":"10000000000000000","supply":"9900000000000000000000000000"},{"t":1586710800000,"price":"10000000000000000","supply":"9900000000000000000000000000"},{"t":1586711700000,"price":"10"
13:32:08.504 [TestNG-tests-1] DEBUG org.apache.http.wire -  << "000000000000000","supply":"9900000000000000000000000000"},{"t":1586712600000,"price":"10000000000000000","supply":"9900000000000000000000000000"},{"t":1586713500000,"price":"10000000000000000","supply":"9900000000000000000000000000"},{"t":1586714400000,"price":"10000000000000000","supply":"9900000000000000000000000000"},{"t":1586715300000,"price":"10000000000000000","supply":"9900000000000000000000000000"},{"t":1586716200000,"price":"10000000000000000","supply":"9900000000000000000000000000"},{"t":1586717100000,"price":"10000000000000000","supply":"9900000000000000000000000000"},{"t":1586718000000,"price":"10000000000000000","supply":"9900000000000000000000000000"},{"t":1586718900000,"price":"10000000000000000","supply":"9900000000000000000000000000"},{"t":1586719800000,"price":"10000000000000000","supply":"9900000000000000000000000000"},{"t":1586720700000,"price":"10000000000000000","supply":"9900000000000000000000000000"},{"t":1586721600000,"price":"10000000000000000","supply":"9900000000000000000000000000"},{"t":1586722500000,"price":"10000000000000000","supply":"9900000000000000000000000000"},{"t":1586723400000,"price":"10000000000000000","supply":"9900000000000000000000000000"},{"t":1586724300000,"price":"10000000000000000","supply":"9900000000000000000000000000"},{"t":1586725200000,"price":"10000000000000000","supply":"9900000000000000000000000000"},{"t":1586726100000,"price":"10000000000000000","supply":"99000"
13:32:09.538 [TestNG-tests-1] DEBUG org.apache.http.wire -  << "00000000000000000000000"},{"t":1586727000000,"price":"10000000000000000","supply":"9900000000000000000000000000"},{"t":1586727900000,"price":"10000000000000000","supply":"9900000000000000000000000000"},{"t":1586728800001,"price":"10000000000000000","supply":"9900000000000000000000000000"},{"t":1586729700000,"price":"10000000000000000","supply":"9900000000000000000000000000"},{"t":1586730600000,"price":"10000000000000000","supply":"9900000000000000000000000000"},{"t":1586731500000,"price":"10000000000000000","supply":"9900000000000000000000000000"},{"t":1586732400000,"price":"10000000000000000","supply":"9900000000000000000000000000"},{"t":1586733300000,"price":"10000000000000000","supply":"9900000000000000000000000000"},{"t":1586734200000,"price":"10000000000000000","supply":"9900000000000000000000000000"},{"t":1586735100000,"price":"10000000000000000","supply":"9900000000000000000000000000"},{"t":1586736000000,"price":"10000000000000000","supply":"9900000000000000000000000000"},{"t":1586736900000,"price":"10000000000000000","supply":"9900000000000000000000000000"},{"t":1586737800000,"price":"10000000000000000","supply":"9900000000000000000000000000"},{"t":1586738700000,"price":"10000000000000000","supply":"9900000000000000000000000000"},{"t":1586739600000,"price":"10000000000000000","supply":"9900000000000000000000000000"},{"t":1586740500000,"price":"10000000000000000","supply":"9900000000000000000000000000"},{"t":1"
13:32:10.654 [TestNG-tests-1] DEBUG org.apache.http.wire -  << "586741400000,"price":"10000000000000000","supply":"9900000000000000000000000000"},{"t":1586742300000,"price":"10000000000000000","supply":"9900000000000000000000000000"},{"t":1586743200000,"price":"10000000000000000","supply":"9900000000000000000000000000"},{"t":1586744100000,"price":"10000000000000000","supply":"9900000000000000000000000000"},{"t":1586745000000,"price":"10000000000000000","supply":"9900000000000000000000000000"},{"t":1586745900000,"price":"10000000000000000","supply":"9900000000000000000000000000"},{"t":1586746800000,"price":"10000000000000000","supply":"9900000000000000000000000000"},{"t":1586747700000,"price":"10000000000000000","supply":"9900000000000000000000000000"},{"t":1586748600000,"price":"10000000000000000","supply":"9900000000000000000000000000"},{"t":1586749500000,"price":"10000000000000000","supply":"9900000000000000000000000000"},{"t":1586750400000,"price":"10000000000000000","supply":"9900000000000000000000000000"},{"t":1586751300000,"price":"10000000000000000","supply":"9900000000000000000000000000"},{"t":1586752200000,"price":"10000000000000000","supply":"9900000000000000000000000000"},{"t":1586753100000,"price":"10000000000000000","supply":"9900000000000000000000000000"},{"t":1586754000000,"price":"10000000000000000","supply":"9900000000000000000000000000"},{"t":1586754900000,"price":"10000000000000000","supply":"9900000000000000000000000000"},{"t":1586755800000,"price":"1000000000"
13:32:11.061 [TestNG-tests-1] DEBUG org.apache.http.wire -  << "0000000","supply":"9900000000000000000000000000"}],"message":"SUCCESS"}"
13:32:11.061 [TestNG-tests-1] DEBUG org.apache.http.impl.conn.DefaultClientConnection - Connection 0.0.0.0:52479<->3.12.242.83:80 closed
13:32:11.061 [TestNG-tests-1] DEBUG org.apache.http.impl.conn.PoolingClientConnectionManager - Connection released: [id: 1][route: {}->http://api.just.network:80][total kept alive: 0; route allocated: 0 of 80; total allocated: 0 of 100]
13:32:11.064 [TestNG-tests-1] INFO tron.common.TronscanApiList - ----------------------------Print JSON Start---------------------------
13:32:11.064 [TestNG-tests-1] INFO tron.common.TronscanApiList - code:0
13:32:11.066 [TestNG-tests-1] INFO tron.common.TronscanApiList - data:[{"t":1585906380000,"price":"10000000000000000","supply":"9900000000000000000000000000"},{"t":1585906500000,"price":"10000000000000000","supply":"9900000000000000000000000000"},{"t":1585906800001,"price":"10000000000000000","supply":"9900000000000000000000000000"},{"t":1585907100000,"price":"10000000000000000","supply":"9900000000000000000000000000"},{"t":1585908000001,"price":"10000000000000000","supply":"9900000000000000000000000000"},{"t":1585908900000,"price":"10000000000000000","supply":"9900000000000000000000000000"},{"t":1585909800000,"price":"10000000000000000","supply":"9900000000000000000000000000"},{"t":1585910700001,"price":"10000000000000000","supply":"9900000000000000000000000000"},{"t":1585911600000,"price":"10000000000000000","supply":"9900000000000000000000000000"},{"t":1585912500000,"price":"10000000000000000","supply":"9900000000000000000000000000"},{"t":1585913400000,"price":"10000000000000000","supply":"9900000000000000000000000000"},{"t":1585914300000,"price":"10000000000000000","supply":"9900000000000000000000000000"},{"t":1585915200000,"price":"10000000000000000","supply":"9900000000000000000000000000"},{"t":1585916100000,"price":"10000000000000000","supply":"9900000000000000000000000000"},{"t":1585917000000,"price":"10000000000000000","supply":"9900000000000000000000000000"},{"t":1585917900000,"price":"10000000000000000","supply":"9900000000000000000000000000"},{"t":1585918800000,"price":"10000000000000000","supply":"9900000000000000000000000000"},{"t":1585919700000,"price":"10000000000000000","supply":"9900000000000000000000000000"},{"t":1585920600000,"price":"10000000000000000","supply":"9900000000000000000000000000"},{"t":1585921500001,"price":"10000000000000000","supply":"9900000000000000000000000000"},{"t":1585922400000,"price":"10000000000000000","supply":"9900000000000000000000000000"},{"t":1585923300000,"price":"10000000000000000","supply":"9900000000000000000000000000"},{"t":1585924200000,"price":"10000000000000000","supply":"9900000000000000000000000000"},{"t":1585925100000,"price":"10000000000000000","supply":"9900000000000000000000000000"},{"t":1585926000000,"price":"10000000000000000","supply":"9900000000000000000000000000"},{"t":1585926900000,"price":"10000000000000000","supply":"9900000000000000000000000000"},{"t":1585927800000,"price":"10000000000000000","supply":"9900000000000000000000000000"},{"t":1585928700000,"price":"10000000000000000","supply":"9900000000000000000000000000"},{"t":1585929600000,"price":"10000000000000000","supply":"9900000000000000000000000000"},{"t":1585930500000,"price":"10000000000000000","supply":"9900000000000000000000000000"},{"t":1585931400001,"price":"10000000000000000","supply":"9900000000000000000000000000"},{"t":1585932300000,"price":"10000000000000000","supply":"9900000000000000000000000000"},{"t":1585933200000,"price":"10000000000000000","supply":"9900000000000000000000000000"},{"t":1585934100000,"price":"10000000000000000","supply":"9900000000000000000000000000"},{"t":1585935000000,"price":"10000000000000000","supply":"9900000000000000000000000000"},{"t":1585935900000,"price":"10000000000000000","supply":"9900000000000000000000000000"},{"t":1585936800001,"price":"10000000000000000","supply":"9900000000000000000000000000"},{"t":1585937700000,"price":"10000000000000000","supply":"9900000000000000000000000000"},{"t":1585938600000,"price":"10000000000000000","supply":"9900000000000000000000000000"},{"t":1585939500000,"price":"10000000000000000","supply":"9900000000000000000000000000"},{"t":1585940400000,"price":"10000000000000000","supply":"9900000000000000000000000000"},{"t":1585941300000,"price":"10000000000000000","supply":"9900000000000000000000000000"},{"t":1585942200000,"price":"10000000000000000","supply":"9900000000000000000000000000"},{"t":1585943100000,"price":"10000000000000000","supply":"9900000000000000000000000000"},{"t":1585944000000,"price":"10000000000000000","supply":"9900000000000000000000000000"},{"t":1585944900000,"price":"10000000000000000","supply":"9900000000000000000000000000"},{"t":1585945800000,"price":"10000000000000000","supply":"9900000000000000000000000000"},{"t":1585946700000,"price":"10000000000000000","supply":"9900000000000000000000000000"},{"t":1585947600000,"price":"10000000000000000","supply":"9900000000000000000000000000"},{"t":1585948500000,"price":"10000000000000000","supply":"9900000000000000000000000000"},{"t":1585949400000,"price":"10000000000000000","supply":"9900000000000000000000000000"},{"t":1585950300000,"price":"10000000000000000","supply":"9900000000000000000000000000"},{"t":1585951200000,"price":"10000000000000000","supply":"9900000000000000000000000000"},{"t":1585952100000,"price":"10000000000000000","supply":"9900000000000000000000000000"},{"t":1585953000000,"price":"10000000000000000","supply":"9900000000000000000000000000"},{"t":1585953900000,"price":"10000000000000000","supply":"9900000000000000000000000000"},{"t":1585954800000,"price":"10000000000000000","supply":"9900000000000000000000000000"},{"t":1585955700000,"price":"10000000000000000","supply":"9900000000000000000000000000"},{"t":1585956600000,"price":"10000000000000000","supply":"9900000000000000000000000000"},{"t":1585957500000,"price":"10000000000000000","supply":"9900000000000000000000000000"},{"t":1585958400000,"price":"10000000000000000","supply":"9900000000000000000000000000"},{"t":1585959300000,"price":"10000000000000000","supply":"9900000000000000000000000000"},{"t":1585960200000,"price":"10000000000000000","supply":"9900000000000000000000000000"},{"t":1585961100000,"price":"10000000000000000","supply":"9900000000000000000000000000"},{"t":1585962000000,"price":"10000000000000000","supply":"9900000000000000000000000000"},{"t":1585962900001,"price":"10000000000000000","supply":"9900000000000000000000000000"},{"t":1585963800000,"price":"10000000000000000","supply":"9900000000000000000000000000"},{"t":1585964700000,"price":"10000000000000000","supply":"9900000000000000000000000000"},{"t":1585965600000,"price":"10000000000000000","supply":"9900000000000000000000000000"},{"t":1585966500001,"price":"10000000000000000","supply":"9900000000000000000000000000"},{"t":1585967400000,"price":"10000000000000000","supply":"9900000000000000000000000000"},{"t":1585968300000,"price":"10000000000000000","supply":"9900000000000000000000000000"},{"t":1585969200000,"price":"10000000000000000","supply":"9900000000000000000000000000"},{"t":1585970100001,"price":"10000000000000000","supply":"9900000000000000000000000000"},{"t":1585971000000,"price":"10000000000000000","supply":"9900000000000000000000000000"},{"t":1585971900000,"price":"10000000000000000","supply":"9900000000000000000000000000"},{"t":1585972800000,"price":"10000000000000000","supply":"9900000000000000000000000000"},{"t":1585973700000,"price":"10000000000000000","supply":"9900000000000000000000000000"},{"t":1585974600000,"price":"10000000000000000","supply":"9900000000000000000000000000"},{"t":1585975500000,"price":"10000000000000000","supply":"9900000000000000000000000000"},{"t":1585976400000,"price":"10000000000000000","supply":"9900000000000000000000000000"},{"t":1585977300000,"price":"10000000000000000","supply":"9900000000000000000000000000"},{"t":1585978200000,"price":"10000000000000000","supply":"9900000000000000000000000000"},{"t":1585979100000,"price":"10000000000000000","supply":"9900000000000000000000000000"},{"t":1585980000000,"price":"10000000000000000","supply":"9900000000000000000000000000"},{"t":1585980900001,"price":"10000000000000000","supply":"9900000000000000000000000000"},{"t":1585981800000,"price":"10000000000000000","supply":"9900000000000000000000000000"},{"t":1585982700000,"price":"10000000000000000","supply":"9900000000000000000000000000"},{"t":1585983600000,"price":"10000000000000000","supply":"9900000000000000000000000000"},{"t":1585984500000,"price":"10000000000000000","supply":"9900000000000000000000000000"},{"t":1585985400000,"price":"10000000000000000","supply":"9900000000000000000000000000"},{"t":1585986300000,"price":"10000000000000000","supply":"9900000000000000000000000000"},{"t":1585987200000,"price":"10000000000000000","supply":"9900000000000000000000000000"},{"t":1585988100000,"price":"10000000000000000","supply":"9900000000000000000000000000"},{"t":1585989000000,"price":"10000000000000000","supply":"9900000000000000000000000000"},{"t":1585989900000,"price":"10000000000000000","supply":"9900000000000000000000000000"},{"t":1585990800000,"price":"10000000000000000","supply":"9900000000000000000000000000"},{"t":1585991700000,"price":"10000000000000000","supply":"9900000000000000000000000000"},{"t":1585992600000,"price":"10000000000000000","supply":"9900000000000000000000000000"},{"t":1585993500000,"price":"10000000000000000","supply":"9900000000000000000000000000"},{"t":1585994400000,"price":"10000000000000000","supply":"9900000000000000000000000000"},{"t":1585995300000,"price":"10000000000000000","supply":"9900000000000000000000000000"},{"t":1585996200000,"price":"10000000000000000","supply":"9900000000000000000000000000"},{"t":1585997100000,"price":"10000000000000000","supply":"9900000000000000000000000000"},{"t":1585998000000,"price":"10000000000000000","supply":"9900000000000000000000000000"},{"t":1585998900000,"price":"10000000000000000","supply":"9900000000000000000000000000"},{"t":1585999800000,"price":"10000000000000000","supply":"9900000000000000000000000000"},{"t":1586000700000,"price":"10000000000000000","supply":"9900000000000000000000000000"},{"t":1586001600000,"price":"10000000000000000","supply":"9900000000000000000000000000"},{"t":1586002500000,"price":"10000000000000000","supply":"9900000000000000000000000000"},{"t":1586003400000,"price":"10000000000000000","supply":"9900000000000000000000000000"},{"t":1586004300000,"price":"10000000000000000","supply":"9900000000000000000000000000"},{"t":1586005200000,"price":"10000000000000000","supply":"9900000000000000000000000000"},{"t":1586006100000,"price":"10000000000000000","supply":"9900000000000000000000000000"},{"t":1586007000000,"price":"10000000000000000","supply":"9900000000000000000000000000"},{"t":1586007900000,"price":"10000000000000000","supply":"9900000000000000000000000000"},{"t":1586008800001,"price":"10000000000000000","supply":"9900000000000000000000000000"},{"t":1586009700000,"price":"10000000000000000","supply":"9900000000000000000000000000"},{"t":1586010600001,"price":"10000000000000000","supply":"9900000000000000000000000000"},{"t":1586011500000,"price":"10000000000000000","supply":"9900000000000000000000000000"},{"t":1586012400000,"price":"10000000000000000","supply":"9900000000000000000000000000"},{"t":1586013300000,"price":"10000000000000000","supply":"9900000000000000000000000000"},{"t":1586014200000,"price":"10000000000000000","supply":"9900000000000000000000000000"},{"t":1586015100000,"price":"10000000000000000","supply":"9900000000000000000000000000"},{"t":1586016000000,"price":"10000000000000000","supply":"9900000000000000000000000000"},{"t":1586016900000,"price":"10000000000000000","supply":"9900000000000000000000000000"},{"t":1586017800000,"price":"10000000000000000","supply":"9900000000000000000000000000"},{"t":1586018700000,"price":"10000000000000000","supply":"9900000000000000000000000000"},{"t":1586019600000,"price":"10000000000000000","supply":"9900000000000000000000000000"},{"t":1586020500000,"price":"10000000000000000","supply":"9900000000000000000000000000"},{"t":1586021400000,"price":"10000000000000000","supply":"9900000000000000000000000000"},{"t":1586022300001,"price":"10000000000000000","supply":"9900000000000000000000000000"},{"t":1586023200000,"price":"10000000000000000","supply":"9900000000000000000000000000"},{"t":1586024100000,"price":"10000000000000000","supply":"9900000000000000000000000000"},{"t":1586025000000,"price":"10000000000000000","supply":"9900000000000000000000000000"},{"t":1586025900001,"price":"10000000000000000","supply":"9900000000000000000000000000"},{"t":1586026800000,"price":"10000000000000000","supply":"9900000000000000000000000000"},{"t":1586027700000,"price":"10000000000000000","supply":"9900000000000000000000000000"},{"t":1586028600000,"price":"10000000000000000","supply":"9900000000000000000000000000"},{"t":1586029500000,"price":"10000000000000000","supply":"9900000000000000000000000000"},{"t":1586030400000,"price":"10000000000000000","supply":"9900000000000000000000000000"},{"t":1586031300000,"price":"10000000000000000","supply":"9900000000000000000000000000"},{"t":1586032200000,"price":"10000000000000000","supply":"9900000000000000000000000000"},{"t":1586033100000,"price":"10000000000000000","supply":"9900000000000000000000000000"},{"t":1586034000000,"price":"10000000000000000","supply":"9900000000000000000000000000"},{"t":1586034900000,"price":"10000000000000000","supply":"9900000000000000000000000000"},{"t":1586035800000,"price":"10000000000000000","supply":"9900000000000000000000000000"},{"t":1586036700000,"price":"10000000000000000","supply":"9900000000000000000000000000"},{"t":1586037600000,"price":"10000000000000000","supply":"9900000000000000000000000000"},{"t":1586038500000,"price":"10000000000000000","supply":"9900000000000000000000000000"},{"t":1586039400000,"price":"10000000000000000","supply":"9900000000000000000000000000"},{"t":1586040300000,"price":"10000000000000000","supply":"9900000000000000000000000000"},{"t":1586041200000,"price":"10000000000000000","supply":"9900000000000000000000000000"},{"t":1586042100000,"price":"10000000000000000","supply":"9900000000000000000000000000"},{"t":1586043000000,"price":"10000000000000000","supply":"9900000000000000000000000000"},{"t":1586043900000,"price":"10000000000000000","supply":"9900000000000000000000000000"},{"t":1586044800000,"price":"10000000000000000","supply":"9900000000000000000000000000"},{"t":1586045700001,"price":"10000000000000000","supply":"9900000000000000000000000000"},{"t":1586046600000,"price":"10000000000000000","supply":"9900000000000000000000000000"},{"t":1586047500000,"price":"10000000000000000","supply":"9900000000000000000000000000"},{"t":1586048400000,"price":"10000000000000000","supply":"9900000000000000000000000000"},{"t":1586049300000,"price":"10000000000000000","supply":"9900000000000000000000000000"},{"t":1586050200000,"price":"10000000000000000","supply":"9900000000000000000000000000"},{"t":1586051100001,"price":"10000000000000000","supply":"9900000000000000000000000000"},{"t":1586052000000,"price":"10000000000000000","supply":"9900000000000000000000000000"},{"t":1586052900000,"price":"10000000000000000","supply":"9900000000000000000000000000"},{"t":1586053800000,"price":"10000000000000000","supply":"9900000000000000000000000000"},{"t":1586054700000,"price":"10000000000000000","supply":"9900000000000000000000000000"},{"t":1586055600000,"price":"10000000000000000","supply":"9900000000000000000000000000"},{"t":1586056500000,"price":"10000000000000000","supply":"9900000000000000000000000000"},{"t":1586057400000,"price":"10000000000000000","supply":"9900000000000000000000000000"},{"t":1586058300000,"price":"10000000000000000","supply":"9900000000000000000000000000"},{"t":1586059200000,"price":"10000000000000000","supply":"9900000000000000000000000000"},{"t":1586060100000,"price":"10000000000000000","supply":"9900000000000000000000000000"},{"t":1586061000000,"price":"10000000000000000","supply":"9900000000000000000000000000"},{"t":1586061900000,"price":"10000000000000000","supply":"9900000000000000000000000000"},{"t":1586062800001,"price":"10000000000000000","supply":"9900000000000000000000000000"},{"t":1586063700000,"price":"10000000000000000","supply":"9900000000000000000000000000"},{"t":1586064600000,"price":"10000000000000000","supply":"9900000000000000000000000000"},{"t":1586065500000,"price":"10000000000000000","supply":"9900000000000000000000000000"},{"t":1586066400001,"price":"10000000000000000","supply":"9900000000000000000000000000"},{"t":1586067300000,"price":"10000000000000000","supply":"9900000000000000000000000000"},{"t":1586068200000,"price":"10000000000000000","supply":"9900000000000000000000000000"},{"t":1586069100000,"price":"10000000000000000","supply":"9900000000000000000000000000"},{"t":1586070000000,"price":"10000000000000000","supply":"9900000000000000000000000000"},{"t":1586070900000,"price":"10000000000000000","supply":"9900000000000000000000000000"},{"t":1586071800001,"price":"10000000000000000","supply":"9900000000000000000000000000"},{"t":1586072700000,"price":"10000000000000000","supply":"9900000000000000000000000000"},{"t":1586073600000,"price":"10000000000000000","supply":"9900000000000000000000000000"},{"t":1586074500000,"price":"10000000000000000","supply":"9900000000000000000000000000"},{"t":1586075400000,"price":"10000000000000000","supply":"9900000000000000000000000000"},{"t":1586076300000,"price":"10000000000000000","supply":"9900000000000000000000000000"},{"t":1586077200000,"price":"10000000000000000","supply":"9900000000000000000000000000"},{"t":1586078100000,"price":"10000000000000000","supply":"9900000000000000000000000000"},{"t":1586079000000,"price":"10000000000000000","supply":"9900000000000000000000000000"},{"t":1586079900000,"price":"10000000000000000","supply":"9900000000000000000000000000"},{"t":1586080800000,"price":"10000000000000000","supply":"9900000000000000000000000000"},{"t":1586081700000,"price":"10000000000000000","supply":"9900000000000000000000000000"},{"t":1586082600000,"price":"10000000000000000","supply":"9900000000000000000000000000"},{"t":1586083500001,"price":"10000000000000000","supply":"9900000000000000000000000000"},{"t":1586084400000,"price":"10000000000000000","supply":"9900000000000000000000000000"},{"t":1586085300000,"price":"10000000000000000","supply":"9900000000000000000000000000"},{"t":1586086200000,"price":"10000000000000000","supply":"9900000000000000000000000000"},{"t":1586087100000,"price":"10000000000000000","supply":"9900000000000000000000000000"},{"t":1586088000000,"price":"10000000000000000","supply":"9900000000000000000000000000"},{"t":1586088900000,"price":"10000000000000000","supply":"9900000000000000000000000000"},{"t":1586089800000,"price":"10000000000000000","supply":"9900000000000000000000000000"},{"t":1586090700000,"price":"10000000000000000","supply":"9900000000000000000000000000"},{"t":1586091600000,"price":"10000000000000000","supply":"9900000000000000000000000000"},{"t":1586092500000,"price":"10000000000000000","supply":"9900000000000000000000000000"},{"t":1586093400000,"price":"10000000000000000","supply":"9900000000000000000000000000"},{"t":1586094300000,"price":"10000000000000000","supply":"9900000000000000000000000000"},{"t":1586095200000,"price":"10000000000000000","supply":"9900000000000000000000000000"},{"t":1586096100000,"price":"10000000000000000","supply":"9900000000000000000000000000"},{"t":1586097000000,"price":"10000000000000000","supply":"9900000000000000000000000000"},{"t":1586097900000,"price":"10000000000000000","supply":"9900000000000000000000000000"},{"t":1586098800000,"price":"10000000000000000","supply":"9900000000000000000000000000"},{"t":1586099700000,"price":"10000000000000000","supply":"9900000000000000000000000000"},{"t":1586100600000,"price":"10000000000000000","supply":"9900000000000000000000000000"},{"t":1586101500000,"price":"10000000000000000","supply":"9900000000000000000000000000"},{"t":1586102400000,"price":"10000000000000000","supply":"9900000000000000000000000000"},{"t":1586103300000,"price":"10000000000000000","supply":"9900000000000000000000000000"},{"t":1586104200000,"price":"10000000000000000","supply":"9900000000000000000000000000"},{"t":1586105100000,"price":"10000000000000000","supply":"9900000000000000000000000000"},{"t":1586106000000,"price":"10000000000000000","supply":"9900000000000000000000000000"},{"t":1586106900000,"price":"10000000000000000","supply":"9900000000000000000000000000"},{"t":1586107800000,"price":"10000000000000000","supply":"9900000000000000000000000000"},{"t":1586108700000,"price":"10000000000000000","supply":"9900000000000000000000000000"},{"t":1586109600000,"price":"10000000000000000","supply":"9900000000000000000000000000"},{"t":1586110500001,"price":"10000000000000000","supply":"9900000000000000000000000000"},{"t":1586111400000,"price":"10000000000000000","supply":"9900000000000000000000000000"},{"t":1586112300000,"price":"10000000000000000","supply":"9900000000000000000000000000"},{"t":1586113200000,"price":"10000000000000000","supply":"9900000000000000000000000000"},{"t":1586114100000,"price":"10000000000000000","supply":"9900000000000000000000000000"},{"t":1586115000000,"price":"10000000000000000","supply":"9900000000000000000000000000"},{"t":1586115900000,"price":"10000000000000000","supply":"9900000000000000000000000000"},{"t":1586116800000,"price":"10000000000000000","supply":"9900000000000000000000000000"},{"t":1586117700000,"price":"10000000000000000","supply":"9900000000000000000000000000"},{"t":1586118600000,"price":"10000000000000000","supply":"9900000000000000000000000000"},{"t":1586119500000,"price":"10000000000000000","supply":"9900000000000000000000000000"},{"t":1586120400000,"price":"10000000000000000","supply":"9900000000000000000000000000"},{"t":1586121300000,"price":"10000000000000000","supply":"9900000000000000000000000000"},{"t":1586122200000,"price":"10000000000000000","supply":"9900000000000000000000000000"},{"t":1586123100000,"price":"10000000000000000","supply":"9900000000000000000000000000"},{"t":1586124000001,"price":"10000000000000000","supply":"9900000000000000000000000000"},{"t":1586124900001,"price":"10000000000000000","supply":"9900000000000000000000000000"},{"t":1586125800000,"price":"10000000000000000","supply":"9900000000000000000000000000"},{"t":1586126700000,"price":"10000000000000000","supply":"9900000000000000000000000000"},{"t":1586127600000,"price":"10000000000000000","supply":"9900000000000000000000000000"},{"t":1586128500000,"price":"10000000000000000","supply":"9900000000000000000000000000"},{"t":1586129400001,"price":"10000000000000000","supply":"9900000000000000000000000000"},{"t":1586130300000,"price":"10000000000000000","supply":"9900000000000000000000000000"},{"t":1586131200000,"price":"10000000000000000","supply":"9900000000000000000000000000"},{"t":1586132100000,"price":"10000000000000000","supply":"9900000000000000000000000000"},{"t":1586133000000,"price":"10000000000000000","supply":"9900000000000000000000000000"},{"t":1586133900000,"price":"10000000000000000","supply":"9900000000000000000000000000"},{"t":1586134800000,"price":"10000000000000000","supply":"9900000000000000000000000000"},{"t":1586135700000,"price":"10000000000000000","supply":"9900000000000000000000000000"},{"t":1586136600000,"price":"10000000000000000","supply":"9900000000000000000000000000"},{"t":1586137500000,"price":"10000000000000000","supply":"9900000000000000000000000000"},{"t":1586138400000,"price":"10000000000000000","supply":"9900000000000000000000000000"},{"t":1586139300000,"price":"10000000000000000","supply":"9900000000000000000000000000"},{"t":1586140200000,"price":"10000000000000000","supply":"9900000000000000000000000000"},{"t":1586141100000,"price":"10000000000000000","supply":"9900000000000000000000000000"},{"t":1586142000000,"price":"10000000000000000","supply":"9900000000000000000000000000"},{"t":1586142900000,"price":"10000000000000000","supply":"9900000000000000000000000000"},{"t":1586143800001,"price":"10000000000000000","supply":"9900000000000000000000000000"},{"t":1586144700000,"price":"10000000000000000","supply":"9900000000000000000000000000"},{"t":1586145600000,"price":"10000000000000000","supply":"9900000000000000000000000000"},{"t":1586146500000,"price":"10000000000000000","supply":"9900000000000000000000000000"},{"t":1586147400000,"price":"10000000000000000","supply":"9900000000000000000000000000"},{"t":1586148300000,"price":"10000000000000000","supply":"9900000000000000000000000000"},{"t":1586149200000,"price":"10000000000000000","supply":"9900000000000000000000000000"},{"t":1586150100000,"price":"10000000000000000","supply":"9900000000000000000000000000"},{"t":1586151000000,"price":"10000000000000000","supply":"9900000000000000000000000000"},{"t":1586151900000,"price":"10000000000000000","supply":"9900000000000000000000000000"},{"t":1586152800000,"price":"10000000000000000","supply":"9900000000000000000000000000"},{"t":1586153700000,"price":"10000000000000000","supply":"9900000000000000000000000000"},{"t":1586154600000,"price":"10000000000000000","supply":"9900000000000000000000000000"},{"t":1586155500000,"price":"10000000000000000","supply":"9900000000000000000000000000"},{"t":1586156400000,"price":"10000000000000000","supply":"9900000000000000000000000000"},{"t":1586157300000,"price":"10000000000000000","supply":"9900000000000000000000000000"},{"t":1586158200000,"price":"10000000000000000","supply":"9900000000000000000000000000"},{"t":1586159100001,"price":"10000000000000000","supply":"9900000000000000000000000000"},{"t":1586160000000,"price":"10000000000000000","supply":"9900000000000000000000000000"},{"t":1586160900000,"price":"10000000000000000","supply":"9900000000000000000000000000"},{"t":1586161800000,"price":"10000000000000000","supply":"9900000000000000000000000000"},{"t":1586162700000,"price":"10000000000000000","supply":"9900000000000000000000000000"},{"t":1586163600000,"price":"10000000000000000","supply":"9900000000000000000000000000"},{"t":1586164500000,"price":"10000000000000000","supply":"9900000000000000000000000000"},{"t":1586165400000,"price":"10000000000000000","supply":"9900000000000000000000000000"},{"t":1586166300000,"price":"10000000000000000","supply":"9900000000000000000000000000"},{"t":1586167200000,"price":"10000000000000000","supply":"9900000000000000000000000000"},{"t":1586168100000,"price":"10000000000000000","supply":"9900000000000000000000000000"},{"t":1586169000000,"price":"10000000000000000","supply":"9900000000000000000000000000"},{"t":1586169900001,"price":"10000000000000000","supply":"9900000000000000000000000000"},{"t":1586170800000,"price":"10000000000000000","supply":"9900000000000000000000000000"},{"t":1586171700000,"price":"10000000000000000","supply":"9900000000000000000000000000"},{"t":1586172600000,"price":"10000000000000000","supply":"9900000000000000000000000000"},{"t":1586173500000,"price":"10000000000000000","supply":"9900000000000000000000000000"},{"t":1586174400000,"price":"10000000000000000","supply":"9900000000000000000000000000"},{"t":1586175300000,"price":"10000000000000000","supply":"9900000000000000000000000000"},{"t":1586176200000,"price":"10000000000000000","supply":"9900000000000000000000000000"},{"t":1586177100000,"price":"10000000000000000","supply":"9900000000000000000000000000"},{"t":1586178000000,"price":"10000000000000000","supply":"9900000000000000000000000000"},{"t":1586178900000,"price":"10000000000000000","supply":"9900000000000000000000000000"},{"t":1586179800000,"price":"10000000000000000","supply":"9900000000000000000000000000"},{"t":1586180700000,"price":"10000000000000000","supply":"9900000000000000000000000000"},{"t":1586181600000,"price":"10000000000000000","supply":"9900000000000000000000000000"},{"t":1586182500000,"price":"10000000000000000","supply":"9900000000000000000000000000"},{"t":1586183400000,"price":"10000000000000000","supply":"9900000000000000000000000000"},{"t":1586184300000,"price":"10000000000000000","supply":"9900000000000000000000000000"},{"t":1586185200000,"price":"10000000000000000","supply":"9900000000000000000000000000"},{"t":1586186100000,"price":"10000000000000000","supply":"9900000000000000000000000000"},{"t":1586187000000,"price":"10000000000000000","supply":"9900000000000000000000000000"},{"t":1586187900000,"price":"10000000000000000","supply":"9900000000000000000000000000"},{"t":1586188800000,"price":"10000000000000000","supply":"9900000000000000000000000000"},{"t":1586189700000,"price":"10000000000000000","supply":"9900000000000000000000000000"},{"t":1586190600000,"price":"10000000000000000","supply":"9900000000000000000000000000"},{"t":1586191500000,"price":"10000000000000000","supply":"9900000000000000000000000000"},{"t":1586192400000,"price":"10000000000000000","supply":"9900000000000000000000000000"},{"t":1586193300000,"price":"10000000000000000","supply":"9900000000000000000000000000"},{"t":1586194200000,"price":"10000000000000000","supply":"9900000000000000000000000000"},{"t":1586195100000,"price":"10000000000000000","supply":"9900000000000000000000000000"},{"t":1586196000000,"price":"10000000000000000","supply":"9900000000000000000000000000"},{"t":1586196900000,"price":"10000000000000000","supply":"9900000000000000000000000000"},{"t":1586197800000,"price":"10000000000000000","supply":"9900000000000000000000000000"},{"t":1586198700000,"price":"10000000000000000","supply":"9900000000000000000000000000"},{"t":1586199600000,"price":"10000000000000000","supply":"9900000000000000000000000000"},{"t":1586200500000,"price":"10000000000000000","supply":"9900000000000000000000000000"},{"t":1586201400001,"price":"10000000000000000","supply":"9900000000000000000000000000"},{"t":1586202300000,"price":"10000000000000000","supply":"9900000000000000000000000000"},{"t":1586203200000,"price":"10000000000000000","supply":"9900000000000000000000000000"},{"t":1586204100000,"price":"10000000000000000","supply":"9900000000000000000000000000"},{"t":1586205000000,"price":"10000000000000000","supply":"9900000000000000000000000000"},{"t":1586205900000,"price":"10000000000000000","supply":"9900000000000000000000000000"},{"t":1586206800000,"price":"10000000000000000","supply":"9900000000000000000000000000"},{"t":1586207700000,"price":"10000000000000000","supply":"9900000000000000000000000000"},{"t":1586208600000,"price":"10000000000000000","supply":"9900000000000000000000000000"},{"t":1586209500000,"price":"10000000000000000","supply":"9900000000000000000000000000"},{"t":1586210400000,"price":"10000000000000000","supply":"9900000000000000000000000000"},{"t":1586211300000,"price":"10000000000000000","supply":"9900000000000000000000000000"},{"t":1586212200001,"price":"10000000000000000","supply":"9900000000000000000000000000"},{"t":1586213100000,"price":"10000000000000000","supply":"9900000000000000000000000000"},{"t":1586214000000,"price":"10000000000000000","supply":"9900000000000000000000000000"},{"t":1586214900000,"price":"10000000000000000","supply":"9900000000000000000000000000"},{"t":1586215800000,"price":"10000000000000000","supply":"9900000000000000000000000000"},{"t":1586216700000,"price":"10000000000000000","supply":"9900000000000000000000000000"},{"t":1586217600001,"price":"10000000000000000","supply":"9900000000000000000000000000"},{"t":1586218500000,"price":"10000000000000000","supply":"9900000000000000000000000000"},{"t":1586219400000,"price":"10000000000000000","supply":"9900000000000000000000000000"},{"t":1586220300000,"price":"10000000000000000","supply":"9900000000000000000000000000"},{"t":1586221200000,"price":"10000000000000000","supply":"9900000000000000000000000000"},{"t":1586222100000,"price":"10000000000000000","supply":"9900000000000000000000000000"},{"t":1586223000000,"price":"10000000000000000","supply":"9900000000000000000000000000"},{"t":1586223900000,"price":"10000000000000000","supply":"9900000000000000000000000000"},{"t":1586224800000,"price":"10000000000000000","supply":"9900000000000000000000000000"},{"t":1586225700000,"price":"10000000000000000","supply":"9900000000000000000000000000"},{"t":1586226600000,"price":"10000000000000000","supply":"9900000000000000000000000000"},{"t":1586227500000,"price":"10000000000000000","supply":"9900000000000000000000000000"},{"t":1586228400000,"price":"10000000000000000","supply":"9900000000000000000000000000"},{"t":1586229300000,"price":"10000000000000000","supply":"9900000000000000000000000000"},{"t":1586230200000,"price":"10000000000000000","supply":"9900000000000000000000000000"},{"t":1586231100000,"price":"10000000000000000","supply":"9900000000000000000000000000"},{"t":1586232000000,"price":"10000000000000000","supply":"9900000000000000000000000000"},{"t":1586232900000,"price":"10000000000000000","supply":"9900000000000000000000000000"},{"t":1586233800000,"price":"10000000000000000","supply":"9900000000000000000000000000"},{"t":1586234700000,"price":"10000000000000000","supply":"9900000000000000000000000000"},{"t":1586235600000,"price":"10000000000000000","supply":"9900000000000000000000000000"},{"t":1586236500000,"price":"10000000000000000","supply":"9900000000000000000000000000"},{"t":1586237400000,"price":"10000000000000000","supply":"9900000000000000000000000000"},{"t":1586238300000,"price":"10000000000000000","supply":"9900000000000000000000000000"},{"t":1586239200001,"price":"10000000000000000","supply":"9900000000000000000000000000"},{"t":1586240100000,"price":"10000000000000000","supply":"9900000000000000000000000000"},{"t":1586241000000,"price":"10000000000000000","supply":"9900000000000000000000000000"},{"t":1586241900000,"price":"10000000000000000","supply":"9900000000000000000000000000"},{"t":1586242800000,"price":"10000000000000000","supply":"9900000000000000000000000000"},{"t":1586243700000,"price":"10000000000000000","supply":"9900000000000000000000000000"},{"t":1586244600000,"price":"10000000000000000","supply":"9900000000000000000000000000"},{"t":1586245500000,"price":"10000000000000000","supply":"9900000000000000000000000000"},{"t":1586246400000,"price":"10000000000000000","supply":"9900000000000000000000000000"},{"t":1586247300000,"price":"10000000000000000","supply":"9900000000000000000000000000"},{"t":1586248200000,"price":"10000000000000000","supply":"9900000000000000000000000000"},{"t":1586249100000,"price":"10000000000000000","supply":"9900000000000000000000000000"},{"t":1586250000000,"price":"10000000000000000","supply":"9900000000000000000000000000"},{"t":1586250900000,"price":"10000000000000000","supply":"9900000000000000000000000000"},{"t":1586251800000,"price":"10000000000000000","supply":"9900000000000000000000000000"},{"t":1586252700000,"price":"10000000000000000","supply":"9900000000000000000000000000"},{"t":1586253600000,"price":"10000000000000000","supply":"9900000000000000000000000000"},{"t":1586254500000,"price":"10000000000000000","supply":"9900000000000000000000000000"},{"t":1586255400000,"price":"10000000000000000","supply":"9900000000000000000000000000"},{"t":1586256300000,"price":"10000000000000000","supply":"9900000000000000000000000000"},{"t":1586257200000,"price":"10000000000000000","supply":"9900000000000000000000000000"},{"t":1586258100000,"price":"10000000000000000","supply":"9900000000000000000000000000"},{"t":1586259000000,"price":"10000000000000000","supply":"9900000000000000000000000000"},{"t":1586259900000,"price":"10000000000000000","supply":"9900000000000000000000000000"},{"t":1586260800000,"price":"10000000000000000","supply":"9900000000000000000000000000"},{"t":1586261700000,"price":"10000000000000000","supply":"9900000000000000000000000000"},{"t":1586262600000,"price":"10000000000000000","supply":"9900000000000000000000000000"},{"t":1586263500000,"price":"10000000000000000","supply":"9900000000000000000000000000"},{"t":1586264400001,"price":"10000000000000000","supply":"9900000000000000000000000000"},{"t":1586265300000,"price":"10000000000000000","supply":"9900000000000000000000000000"},{"t":1586266200000,"price":"10000000000000000","supply":"9900000000000000000000000000"},{"t":1586267100000,"price":"10000000000000000","supply":"9900000000000000000000000000"},{"t":1586268000000,"price":"10000000000000000","supply":"9900000000000000000000000000"},{"t":1586268900001,"price":"10000000000000000","supply":"9900000000000000000000000000"},{"t":1586269800000,"price":"10000000000000000","supply":"9900000000000000000000000000"},{"t":1586270700001,"price":"10000000000000000","supply":"9900000000000000000000000000"},{"t":1586271600000,"price":"10000000000000000","supply":"9900000000000000000000000000"},{"t":1586272500000,"price":"10000000000000000","supply":"9900000000000000000000000000"},{"t":1586273400000,"price":"10000000000000000","supply":"9900000000000000000000000000"},{"t":1586274300000,"price":"10000000000000000","supply":"9900000000000000000000000000"},{"t":1586275200000,"price":"10000000000000000","supply":"9900000000000000000000000000"},{"t":1586276100000,"price":"10000000000000000","supply":"9900000000000000000000000000"},{"t":1586277000000,"price":"10000000000000000","supply":"9900000000000000000000000000"},{"t":1586277900000,"price":"10000000000000000","supply":"9900000000000000000000000000"},{"t":1586278800000,"price":"10000000000000000","supply":"9900000000000000000000000000"},{"t":1586279700000,"price":"10000000000000000","supply":"9900000000000000000000000000"},{"t":1586280600000,"price":"10000000000000000","supply":"9900000000000000000000000000"},{"t":1586281500000,"price":"10000000000000000","supply":"9900000000000000000000000000"},{"t":1586282400000,"price":"10000000000000000","supply":"9900000000000000000000000000"},{"t":1586283300000,"price":"10000000000000000","supply":"9900000000000000000000000000"},{"t":1586284200000,"price":"10000000000000000","supply":"9900000000000000000000000000"},{"t":1586285100000,"price":"10000000000000000","supply":"9900000000000000000000000000"},{"t":1586286000000,"price":"10000000000000000","supply":"9900000000000000000000000000"},{"t":1586286900000,"price":"10000000000000000","supply":"9900000000000000000000000000"},{"t":1586287800000,"price":"10000000000000000","supply":"9900000000000000000000000000"},{"t":1586288700000,"price":"10000000000000000","supply":"9900000000000000000000000000"},{"t":1586289600000,"price":"10000000000000000","supply":"9900000000000000000000000000"},{"t":1586290500000,"price":"10000000000000000","supply":"9900000000000000000000000000"},{"t":1586291400000,"price":"10000000000000000","supply":"9900000000000000000000000000"},{"t":1586292300000,"price":"10000000000000000","supply":"9900000000000000000000000000"},{"t":1586293200000,"price":"10000000000000000","supply":"9900000000000000000000000000"},{"t":1586294100000,"price":"10000000000000000","supply":"9900000000000000000000000000"},{"t":1586295000000,"price":"10000000000000000","supply":"9900000000000000000000000000"},{"t":1586295900000,"price":"10000000000000000","supply":"9900000000000000000000000000"},{"t":1586296800000,"price":"10000000000000000","supply":"9900000000000000000000000000"},{"t":1586297700000,"price":"10000000000000000","supply":"9900000000000000000000000000"},{"t":1586298600000,"price":"10000000000000000","supply":"9900000000000000000000000000"},{"t":1586299500000,"price":"10000000000000000","supply":"9900000000000000000000000000"},{"t":1586300400000,"price":"10000000000000000","supply":"9900000000000000000000000000"},{"t":1586301300000,"price":"10000000000000000","supply":"9900000000000000000000000000"},{"t":1586302200000,"price":"10000000000000000","supply":"9900000000000000000000000000"},{"t":1586303100000,"price":"10000000000000000","supply":"9900000000000000000000000000"},{"t":1586304000000,"price":"10000000000000000","supply":"9900000000000000000000000000"},{"t":1586304900000,"price":"10000000000000000","supply":"9900000000000000000000000000"},{"t":1586305800000,"price":"10000000000000000","supply":"9900000000000000000000000000"},{"t":1586306700001,"price":"10000000000000000","supply":"9900000000000000000000000000"},{"t":1586307600001,"price":"10000000000000000","supply":"9900000000000000000000000000"},{"t":1586308500000,"price":"10000000000000000","supply":"9900000000000000000000000000"},{"t":1586309400000,"price":"10000000000000000","supply":"9900000000000000000000000000"},{"t":1586310300000,"price":"10000000000000000","supply":"9900000000000000000000000000"},{"t":1586311200000,"price":"10000000000000000","supply":"9900000000000000000000000000"},{"t":1586312100000,"price":"10000000000000000","supply":"9900000000000000000000000000"},{"t":1586313000000,"price":"10000000000000000","supply":"9900000000000000000000000000"},{"t":1586313900000,"price":"10000000000000000","supply":"9900000000000000000000000000"},{"t":1586314800000,"price":"10000000000000000","supply":"9900000000000000000000000000"},{"t":1586315700000,"price":"10000000000000000","supply":"9900000000000000000000000000"},{"t":1586316600000,"price":"10000000000000000","supply":"9900000000000000000000000000"},{"t":1586317500000,"price":"10000000000000000","supply":"9900000000000000000000000000"},{"t":1586318400000,"price":"10000000000000000","supply":"9900000000000000000000000000"},{"t":1586319300000,"price":"10000000000000000","supply":"9900000000000000000000000000"},{"t":1586320200000,"price":"10000000000000000","supply":"9900000000000000000000000000"},{"t":1586321100000,"price":"10000000000000000","supply":"9900000000000000000000000000"},{"t":1586322000000,"price":"10000000000000000","supply":"9900000000000000000000000000"},{"t":1586322900000,"price":"10000000000000000","supply":"9900000000000000000000000000"},{"t":1586323800000,"price":"10000000000000000","supply":"9900000000000000000000000000"},{"t":1586324700000,"price":"10000000000000000","supply":"9900000000000000000000000000"},{"t":1586325600000,"price":"10000000000000000","supply":"9900000000000000000000000000"},{"t":1586326500000,"price":"10000000000000000","supply":"9900000000000000000000000000"},{"t":1586327400000,"price":"10000000000000000","supply":"9900000000000000000000000000"},{"t":1586328300000,"price":"10000000000000000","supply":"9900000000000000000000000000"},{"t":1586329200000,"price":"10000000000000000","supply":"9900000000000000000000000000"},{"t":1586330100000,"price":"10000000000000000","supply":"9900000000000000000000000000"},{"t":1586331000000,"price":"10000000000000000","supply":"9900000000000000000000000000"},{"t":1586331900000,"price":"10000000000000000","supply":"9900000000000000000000000000"},{"t":1586332800000,"price":"10000000000000000","supply":"9900000000000000000000000000"},{"t":1586333700000,"price":"10000000000000000","supply":"9900000000000000000000000000"},{"t":1586334600000,"price":"10000000000000000","supply":"9900000000000000000000000000"},{"t":1586335500000,"price":"10000000000000000","supply":"9900000000000000000000000000"},{"t":1586336400000,"price":"10000000000000000","supply":"9900000000000000000000000000"},{"t":1586337300000,"price":"10000000000000000","supply":"9900000000000000000000000000"},{"t":1586338200000,"price":"10000000000000000","supply":"9900000000000000000000000000"},{"t":1586339100000,"price":"10000000000000000","supply":"9900000000000000000000000000"},{"t":1586340000001,"price":"10000000000000000","supply":"9900000000000000000000000000"},{"t":1586340900000,"price":"10000000000000000","supply":"9900000000000000000000000000"},{"t":1586341800000,"price":"10000000000000000","supply":"9900000000000000000000000000"},{"t":1586342700000,"price":"10000000000000000","supply":"9900000000000000000000000000"},{"t":1586343600000,"price":"10000000000000000","supply":"9900000000000000000000000000"},{"t":1586344500000,"price":"10000000000000000","supply":"9900000000000000000000000000"},{"t":1586345400000,"price":"10000000000000000","supply":"9900000000000000000000000000"},{"t":1586346300000,"price":"10000000000000000","supply":"9900000000000000000000000000"},{"t":1586347200000,"price":"10000000000000000","supply":"9900000000000000000000000000"},{"t":1586348100000,"price":"10000000000000000","supply":"9900000000000000000000000000"},{"t":1586349000000,"price":"10000000000000000","supply":"9900000000000000000000000000"},{"t":1586349900000,"price":"10000000000000000","supply":"9900000000000000000000000000"},{"t":1586350800000,"price":"10000000000000000","supply":"9900000000000000000000000000"},{"t":1586351700000,"price":"10000000000000000","supply":"9900000000000000000000000000"},{"t":1586352600001,"price":"10000000000000000","supply":"9900000000000000000000000000"},{"t":1586353500000,"price":"10000000000000000","supply":"9900000000000000000000000000"},{"t":1586354400000,"price":"10000000000000000","supply":"9900000000000000000000000000"},{"t":1586355300000,"price":"10000000000000000","supply":"9900000000000000000000000000"},{"t":1586356200000,"price":"10000000000000000","supply":"9900000000000000000000000000"},{"t":1586357100000,"price":"10000000000000000","supply":"9900000000000000000000000000"},{"t":1586358000000,"price":"10000000000000000","supply":"9900000000000000000000000000"},{"t":1586358900000,"price":"10000000000000000","supply":"9900000000000000000000000000"},{"t":1586359800000,"price":"10000000000000000","supply":"9900000000000000000000000000"},{"t":1586360700000,"price":"10000000000000000","supply":"9900000000000000000000000000"},{"t":1586361600000,"price":"10000000000000000","supply":"9900000000000000000000000000"},{"t":1586362500000,"price":"10000000000000000","supply":"9900000000000000000000000000"},{"t":1586363400000,"price":"10000000000000000","supply":"9900000000000000000000000000"},{"t":1586364300001,"price":"10000000000000000","supply":"9900000000000000000000000000"},{"t":1586365200000,"price":"10000000000000000","supply":"9900000000000000000000000000"},{"t":1586366100000,"price":"10000000000000000","supply":"9900000000000000000000000000"},{"t":1586367000000,"price":"10000000000000000","supply":"9900000000000000000000000000"},{"t":1586367900000,"price":"10000000000000000","supply":"9900000000000000000000000000"},{"t":1586368800000,"price":"10000000000000000","supply":"9900000000000000000000000000"},{"t":1586369700000,"price":"10000000000000000","supply":"9900000000000000000000000000"},{"t":1586370600000,"price":"10000000000000000","supply":"9900000000000000000000000000"},{"t":1586371500000,"price":"10000000000000000","supply":"9900000000000000000000000000"},{"t":1586372400000,"price":"10000000000000000","supply":"9900000000000000000000000000"},{"t":1586373300000,"price":"10000000000000000","supply":"9900000000000000000000000000"},{"t":1586374200000,"price":"10000000000000000","supply":"9900000000000000000000000000"},{"t":1586375100000,"price":"10000000000000000","supply":"9900000000000000000000000000"},{"t":1586376000000,"price":"10000000000000000","supply":"9900000000000000000000000000"},{"t":1586376900000,"price":"10000000000000000","supply":"9900000000000000000000000000"},{"t":1586377800001,"price":"10000000000000000","supply":"9900000000000000000000000000"},{"t":1586378700000,"price":"10000000000000000","supply":"9900000000000000000000000000"},{"t":1586379600000,"price":"10000000000000000","supply":"9900000000000000000000000000"},{"t":1586380500000,"price":"10000000000000000","supply":"9900000000000000000000000000"},{"t":1586381400000,"price":"10000000000000000","supply":"9900000000000000000000000000"},{"t":1586382300000,"price":"10000000000000000","supply":"9900000000000000000000000000"},{"t":1586383200000,"price":"10000000000000000","supply":"9900000000000000000000000000"},{"t":1586384100000,"price":"10000000000000000","supply":"9900000000000000000000000000"},{"t":1586385000000,"price":"10000000000000000","supply":"9900000000000000000000000000"},{"t":1586385900000,"price":"10000000000000000","supply":"9900000000000000000000000000"},{"t":1586386800000,"price":"10000000000000000","supply":"9900000000000000000000000000"},{"t":1586387700000,"price":"10000000000000000","supply":"9900000000000000000000000000"},{"t":1586388600000,"price":"10000000000000000","supply":"9900000000000000000000000000"},{"t":1586389500000,"price":"10000000000000000","supply":"9900000000000000000000000000"},{"t":1586390400000,"price":"10000000000000000","supply":"9900000000000000000000000000"},{"t":1586391300000,"price":"10000000000000000","supply":"9900000000000000000000000000"},{"t":1586392200000,"price":"10000000000000000","supply":"9900000000000000000000000000"},{"t":1586393100000,"price":"10000000000000000","supply":"9900000000000000000000000000"},{"t":1586394000000,"price":"10000000000000000","supply":"9900000000000000000000000000"},{"t":1586394900000,"price":"10000000000000000","supply":"9900000000000000000000000000"},{"t":1586395800000,"price":"10000000000000000","supply":"9900000000000000000000000000"},{"t":1586396700000,"price":"10000000000000000","supply":"9900000000000000000000000000"},{"t":1586397600000,"price":"10000000000000000","supply":"9900000000000000000000000000"},{"t":1586398500000,"price":"10000000000000000","supply":"9900000000000000000000000000"},{"t":1586399400000,"price":"10000000000000000","supply":"9900000000000000000000000000"},{"t":1586400300000,"price":"10000000000000000","supply":"9900000000000000000000000000"},{"t":1586401200000,"price":"10000000000000000","supply":"9900000000000000000000000000"},{"t":1586402100000,"price":"10000000000000000","supply":"9900000000000000000000000000"},{"t":1586403000000,"price":"10000000000000000","supply":"9900000000000000000000000000"},{"t":1586403900000,"price":"10000000000000000","supply":"9900000000000000000000000000"},{"t":1586404800000,"price":"10000000000000000","supply":"9900000000000000000000000000"},{"t":1586405700000,"price":"10000000000000000","supply":"9900000000000000000000000000"},{"t":1586406600000,"price":"10000000000000000","supply":"9900000000000000000000000000"},{"t":1586407500000,"price":"10000000000000000","supply":"9900000000000000000000000000"},{"t":1586408400000,"price":"10000000000000000","supply":"9900000000000000000000000000"},{"t":1586409300000,"price":"10000000000000000","supply":"9900000000000000000000000000"},{"t":1586410200001,"price":"10000000000000000","supply":"9900000000000000000000000000"},{"t":1586411100000,"price":"10000000000000000","supply":"9900000000000000000000000000"},{"t":1586412000000,"price":"10000000000000000","supply":"9900000000000000000000000000"},{"t":1586412900000,"price":"10000000000000000","supply":"9900000000000000000000000000"},{"t":1586413800000,"price":"10000000000000000","supply":"9900000000000000000000000000"},{"t":1586414700000,"price":"10000000000000000","supply":"9900000000000000000000000000"},{"t":1586415600000,"price":"10000000000000000","supply":"9900000000000000000000000000"},{"t":1586416500000,"price":"10000000000000000","supply":"9900000000000000000000000000"},{"t":1586417400000,"price":"10000000000000000","supply":"9900000000000000000000000000"},{"t":1586418300000,"price":"10000000000000000","supply":"9900000000000000000000000000"},{"t":1586419200000,"price":"10000000000000000","supply":"9900000000000000000000000000"},{"t":1586420100000,"price":"10000000000000000","supply":"9900000000000000000000000000"},{"t":1586421000000,"price":"10000000000000000","supply":"9900000000000000000000000000"},{"t":1586421900000,"price":"10000000000000000","supply":"9900000000000000000000000000"},{"t":1586422800001,"price":"10000000000000000","supply":"9900000000000000000000000000"},{"t":1586423700001,"price":"10000000000000000","supply":"9900000000000000000000000000"},{"t":1586424600000,"price":"10000000000000000","supply":"9900000000000000000000000000"},{"t":1586425500000,"price":"10000000000000000","supply":"9900000000000000000000000000"},{"t":1586426400000,"price":"10000000000000000","supply":"9900000000000000000000000000"},{"t":1586427300000,"price":"10000000000000000","supply":"9900000000000000000000000000"},{"t":1586428200000,"price":"10000000000000000","supply":"9900000000000000000000000000"},{"t":1586429100000,"price":"10000000000000000","supply":"9900000000000000000000000000"},{"t":1586430000000,"price":"10000000000000000","supply":"9900000000000000000000000000"},{"t":1586430900000,"price":"10000000000000000","supply":"9900000000000000000000000000"},{"t":1586431800000,"price":"10000000000000000","supply":"9900000000000000000000000000"},{"t":1586432700001,"price":"10000000000000000","supply":"9900000000000000000000000000"},{"t":1586433600000,"price":"10000000000000000","supply":"9900000000000000000000000000"},{"t":1586434500000,"price":"10000000000000000","supply":"9900000000000000000000000000"},{"t":1586435400000,"price":"10000000000000000","supply":"9900000000000000000000000000"},{"t":1586436300000,"price":"10000000000000000","supply":"9900000000000000000000000000"},{"t":1586437200000,"price":"10000000000000000","supply":"9900000000000000000000000000"},{"t":1586438100000,"price":"10000000000000000","supply":"9900000000000000000000000000"},{"t":1586439000001,"price":"10000000000000000","supply":"9900000000000000000000000000"},{"t":1586439900000,"price":"10000000000000000","supply":"9900000000000000000000000000"},{"t":1586440800000,"price":"10000000000000000","supply":"9900000000000000000000000000"},{"t":1586441700000,"price":"10000000000000000","supply":"9900000000000000000000000000"},{"t":1586442600000,"price":"10000000000000000","supply":"9900000000000000000000000000"},{"t":1586443500000,"price":"10000000000000000","supply":"9900000000000000000000000000"},{"t":1586444400000,"price":"10000000000000000","supply":"9900000000000000000000000000"},{"t":1586445300000,"price":"10000000000000000","supply":"9900000000000000000000000000"},{"t":1586446200000,"price":"10000000000000000","supply":"9900000000000000000000000000"},{"t":1586447100000,"price":"10000000000000000","supply":"9900000000000000000000000000"},{"t":1586448000000,"price":"10000000000000000","supply":"9900000000000000000000000000"},{"t":1586448900000,"price":"10000000000000000","supply":"9900000000000000000000000000"},{"t":1586449800000,"price":"10000000000000000","supply":"9900000000000000000000000000"},{"t":1586450700000,"price":"10000000000000000","supply":"9900000000000000000000000000"},{"t":1586451600000,"price":"10000000000000000","supply":"9900000000000000000000000000"},{"t":1586452500000,"price":"10000000000000000","supply":"9900000000000000000000000000"},{"t":1586453400001,"price":"10000000000000000","supply":"9900000000000000000000000000"},{"t":1586454300000,"price":"10000000000000000","supply":"9900000000000000000000000000"},{"t":1586455200000,"price":"10000000000000000","supply":"9900000000000000000000000000"},{"t":1586456100000,"price":"10000000000000000","supply":"9900000000000000000000000000"},{"t":1586457000000,"price":"10000000000000000","supply":"9900000000000000000000000000"},{"t":1586457900000,"price":"10000000000000000","supply":"9900000000000000000000000000"},{"t":1586458800000,"price":"10000000000000000","supply":"9900000000000000000000000000"},{"t":1586459700000,"price":"10000000000000000","supply":"9900000000000000000000000000"},{"t":1586460600000,"price":"10000000000000000","supply":"9900000000000000000000000000"},{"t":1586461500000,"price":"10000000000000000","supply":"9900000000000000000000000000"},{"t":1586462400000,"price":"10000000000000000","supply":"9900000000000000000000000000"},{"t":1586463300000,"price":"10000000000000000","supply":"9900000000000000000000000000"},{"t":1586464200000,"price":"10000000000000000","supply":"9900000000000000000000000000"},{"t":1586465100001,"price":"10000000000000000","supply":"9900000000000000000000000000"},{"t":1586466000000,"price":"10000000000000000","supply":"9900000000000000000000000000"},{"t":1586466900000,"price":"10000000000000000","supply":"9900000000000000000000000000"},{"t":1586467800000,"price":"10000000000000000","supply":"9900000000000000000000000000"},{"t":1586468700000,"price":"10000000000000000","supply":"9900000000000000000000000000"},{"t":1586469600000,"price":"10000000000000000","supply":"9900000000000000000000000000"},{"t":1586470500000,"price":"10000000000000000","supply":"9900000000000000000000000000"},{"t":1586471400001,"price":"10000000000000000","supply":"9900000000000000000000000000"},{"t":1586472300000,"price":"10000000000000000","supply":"9900000000000000000000000000"},{"t":1586473200000,"price":"10000000000000000","supply":"9900000000000000000000000000"},{"t":1586474100000,"price":"10000000000000000","supply":"9900000000000000000000000000"},{"t":1586475000000,"price":"10000000000000000","supply":"9900000000000000000000000000"},{"t":1586475900001,"price":"10000000000000000","supply":"9900000000000000000000000000"},{"t":1586476800000,"price":"10000000000000000","supply":"9900000000000000000000000000"},{"t":1586477700001,"price":"10000000000000000","supply":"9900000000000000000000000000"},{"t":1586478600000,"price":"10000000000000000","supply":"9900000000000000000000000000"},{"t":1586479500000,"price":"10000000000000000","supply":"9900000000000000000000000000"},{"t":1586480400000,"price":"10000000000000000","supply":"9900000000000000000000000000"},{"t":1586481300000,"price":"10000000000000000","supply":"9900000000000000000000000000"},{"t":1586482200000,"price":"10000000000000000","supply":"9900000000000000000000000000"},{"t":1586483100000,"price":"10000000000000000","supply":"9900000000000000000000000000"},{"t":1586484000000,"price":"10000000000000000","supply":"9900000000000000000000000000"},{"t":1586484900000,"price":"10000000000000000","supply":"9900000000000000000000000000"},{"t":1586485800001,"price":"10000000000000000","supply":"9900000000000000000000000000"},{"t":1586486700000,"price":"10000000000000000","supply":"9900000000000000000000000000"},{"t":1586487600001,"price":"10000000000000000","supply":"9900000000000000000000000000"},{"t":1586488500000,"price":"10000000000000000","supply":"9900000000000000000000000000"},{"t":1586489400000,"price":"10000000000000000","supply":"9900000000000000000000000000"},{"t":1586490300000,"price":"10000000000000000","supply":"9900000000000000000000000000"},{"t":1586491200000,"price":"10000000000000000","supply":"9900000000000000000000000000"},{"t":1586492100000,"price":"10000000000000000","supply":"9900000000000000000000000000"},{"t":1586493000000,"price":"10000000000000000","supply":"9900000000000000000000000000"},{"t":1586493900000,"price":"10000000000000000","supply":"9900000000000000000000000000"},{"t":1586494800000,"price":"10000000000000000","supply":"9900000000000000000000000000"},{"t":1586495700000,"price":"10000000000000000","supply":"9900000000000000000000000000"},{"t":1586496600000,"price":"10000000000000000","supply":"9900000000000000000000000000"},{"t":1586497500001,"price":"10000000000000000","supply":"9900000000000000000000000000"},{"t":1586498400000,"price":"10000000000000000","supply":"9900000000000000000000000000"},{"t":1586499300001,"price":"10000000000000000","supply":"9900000000000000000000000000"},{"t":1586500200000,"price":"10000000000000000","supply":"9900000000000000000000000000"},{"t":1586501100000,"price":"10000000000000000","supply":"9900000000000000000000000000"},{"t":1586502000000,"price":"10000000000000000","supply":"9900000000000000000000000000"},{"t":1586502900000,"price":"10000000000000000","supply":"9900000000000000000000000000"},{"t":1586503800000,"price":"10000000000000000","supply":"9900000000000000000000000000"},{"t":1586504700000,"price":"10000000000000000","supply":"9900000000000000000000000000"},{"t":1586505600000,"price":"10000000000000000","supply":"9900000000000000000000000000"},{"t":1586506500000,"price":"10000000000000000","supply":"9900000000000000000000000000"},{"t":1586507400000,"price":"10000000000000000","supply":"9900000000000000000000000000"},{"t":1586508300001,"price":"10000000000000000","supply":"9900000000000000000000000000"},{"t":1586509200000,"price":"10000000000000000","supply":"9900000000000000000000000000"},{"t":1586510100000,"price":"10000000000000000","supply":"9900000000000000000000000000"},{"t":1586511000001,"price":"10000000000000000","supply":"9900000000000000000000000000"},{"t":1586511900000,"price":"10000000000000000","supply":"9900000000000000000000000000"},{"t":1586512800000,"price":"10000000000000000","supply":"9900000000000000000000000000"},{"t":1586513700000,"price":"10000000000000000","supply":"9900000000000000000000000000"},{"t":1586514600000,"price":"10000000000000000","supply":"9900000000000000000000000000"},{"t":1586515500000,"price":"10000000000000000","supply":"9900000000000000000000000000"},{"t":1586516400000,"price":"10000000000000000","supply":"9900000000000000000000000000"},{"t":1586517300000,"price":"10000000000000000","supply":"9900000000000000000000000000"},{"t":1586518200000,"price":"10000000000000000","supply":"9900000000000000000000000000"},{"t":1586519100000,"price":"10000000000000000","supply":"9900000000000000000000000000"},{"t":1586520000001,"price":"10000000000000000","supply":"9900000000000000000000000000"},{"t":1586520900001,"price":"10000000000000000","supply":"9900000000000000000000000000"},{"t":1586521800000,"price":"10000000000000000","supply":"9900000000000000000000000000"},{"t":1586522700001,"price":"10000000000000000","supply":"9900000000000000000000000000"},{"t":1586523600000,"price":"10000000000000000","supply":"9900000000000000000000000000"},{"t":1586524500000,"price":"10000000000000000","supply":"9900000000000000000000000000"},{"t":1586525400000,"price":"10000000000000000","supply":"9900000000000000000000000000"},{"t":1586526300000,"price":"10000000000000000","supply":"9900000000000000000000000000"},{"t":1586527200000,"price":"10000000000000000","supply":"9900000000000000000000000000"},{"t":1586528100000,"price":"10000000000000000","supply":"9900000000000000000000000000"},{"t":1586529000000,"price":"10000000000000000","supply":"9900000000000000000000000000"},{"t":1586529900000,"price":"10000000000000000","supply":"9900000000000000000000000000"},{"t":1586530800000,"price":"10000000000000000","supply":"9900000000000000000000000000"},{"t":1586531700001,"price":"10000000000000000","supply":"9900000000000000000000000000"},{"t":1586532600000,"price":"10000000000000000","supply":"9900000000000000000000000000"},{"t":1586533500000,"price":"10000000000000000","supply":"9900000000000000000000000000"},{"t":1586534400000,"price":"10000000000000000","supply":"9900000000000000000000000000"},{"t":1586535300000,"price":"10000000000000000","supply":"9900000000000000000000000000"},{"t":1586536200000,"price":"10000000000000000","supply":"9900000000000000000000000000"},{"t":1586537100000,"price":"10000000000000000","supply":"9900000000000000000000000000"},{"t":1586538000000,"price":"10000000000000000","supply":"9900000000000000000000000000"},{"t":1586538900000,"price":"10000000000000000","supply":"9900000000000000000000000000"},{"t":1586539800000,"price":"10000000000000000","supply":"9900000000000000000000000000"},{"t":1586540700000,"price":"10000000000000000","supply":"9900000000000000000000000000"},{"t":1586541600000,"price":"10000000000000000","supply":"9900000000000000000000000000"},{"t":1586542500001,"price":"10000000000000000","supply":"9900000000000000000000000000"},{"t":1586543400000,"price":"10000000000000000","supply":"9900000000000000000000000000"},{"t":1586544300000,"price":"10000000000000000","supply":"9900000000000000000000000000"},{"t":1586545200000,"price":"10000000000000000","supply":"9900000000000000000000000000"},{"t":1586546100000,"price":"10000000000000000","supply":"9900000000000000000000000000"},{"t":1586547000000,"price":"10000000000000000","supply":"9900000000000000000000000000"},{"t":1586547900000,"price":"10000000000000000","supply":"9900000000000000000000000000"},{"t":1586548800000,"price":"10000000000000000","supply":"9900000000000000000000000000"},{"t":1586549700000,"price":"10000000000000000","supply":"9900000000000000000000000000"},{"t":1586550600000,"price":"10000000000000000","supply":"9900000000000000000000000000"},{"t":1586551500000,"price":"10000000000000000","supply":"9900000000000000000000000000"},{"t":1586552400001,"price":"10000000000000000","supply":"9900000000000000000000000000"},{"t":1586553300000,"price":"10000000000000000","supply":"9900000000000000000000000000"},{"t":1586554200000,"price":"10000000000000000","supply":"9900000000000000000000000000"},{"t":1586555100000,"price":"10000000000000000","supply":"9900000000000000000000000000"},{"t":1586556000000,"price":"10000000000000000","supply":"9900000000000000000000000000"},{"t":1586556900000,"price":"10000000000000000","supply":"9900000000000000000000000000"},{"t":1586557800000,"price":"10000000000000000","supply":"9900000000000000000000000000"},{"t":1586558700000,"price":"10000000000000000","supply":"9900000000000000000000000000"},{"t":1586559600000,"price":"10000000000000000","supply":"9900000000000000000000000000"},{"t":1586560500000,"price":"10000000000000000","supply":"9900000000000000000000000000"},{"t":1586561400000,"price":"10000000000000000","supply":"9900000000000000000000000000"},{"t":1586562300000,"price":"10000000000000000","supply":"9900000000000000000000000000"},{"t":1586563200000,"price":"10000000000000000","supply":"9900000000000000000000000000"},{"t":1586564100000,"price":"10000000000000000","supply":"9900000000000000000000000000"},{"t":1586565000000,"price":"10000000000000000","supply":"9900000000000000000000000000"},{"t":1586565900000,"price":"10000000000000000","supply":"9900000000000000000000000000"},{"t":1586566800000,"price":"10000000000000000","supply":"9900000000000000000000000000"},{"t":1586567700000,"price":"10000000000000000","supply":"9900000000000000000000000000"},{"t":1586568600000,"price":"10000000000000000","supply":"9900000000000000000000000000"},{"t":1586569500000,"price":"10000000000000000","supply":"9900000000000000000000000000"},{"t":1586570400000,"price":"10000000000000000","supply":"9900000000000000000000000000"},{"t":1586571300000,"price":"10000000000000000","supply":"9900000000000000000000000000"},{"t":1586572200000,"price":"10000000000000000","supply":"9900000000000000000000000000"},{"t":1586573100001,"price":"10000000000000000","supply":"9900000000000000000000000000"},{"t":1586574000000,"price":"10000000000000000","supply":"9900000000000000000000000000"},{"t":1586574900000,"price":"10000000000000000","supply":"9900000000000000000000000000"},{"t":1586575800001,"price":"10000000000000000","supply":"9900000000000000000000000000"},{"t":1586576700000,"price":"10000000000000000","supply":"9900000000000000000000000000"},{"t":1586577600001,"price":"10000000000000000","supply":"9900000000000000000000000000"},{"t":1586578500000,"price":"10000000000000000","supply":"9900000000000000000000000000"},{"t":1586579400000,"price":"10000000000000000","supply":"9900000000000000000000000000"},{"t":1586580300000,"price":"10000000000000000","supply":"9900000000000000000000000000"},{"t":1586581200000,"price":"10000000000000000","supply":"9900000000000000000000000000"},{"t":1586582100000,"price":"10000000000000000","supply":"9900000000000000000000000000"},{"t":1586583000000,"price":"10000000000000000","supply":"9900000000000000000000000000"},{"t":1586583900000,"price":"10000000000000000","supply":"9900000000000000000000000000"},{"t":1586584800000,"price":"10000000000000000","supply":"9900000000000000000000000000"},{"t":1586585700000,"price":"10000000000000000","supply":"9900000000000000000000000000"},{"t":1586586600000,"price":"10000000000000000","supply":"9900000000000000000000000000"},{"t":1586587500000,"price":"10000000000000000","supply":"9900000000000000000000000000"},{"t":1586588400000,"price":"10000000000000000","supply":"9900000000000000000000000000"},{"t":1586589300000,"price":"10000000000000000","supply":"9900000000000000000000000000"},{"t":1586590200000,"price":"10000000000000000","supply":"9900000000000000000000000000"},{"t":1586591100000,"price":"10000000000000000","supply":"9900000000000000000000000000"},{"t":1586592000000,"price":"10000000000000000","supply":"9900000000000000000000000000"},{"t":1586592900000,"price":"10000000000000000","supply":"9900000000000000000000000000"},{"t":1586593800000,"price":"10000000000000000","supply":"9900000000000000000000000000"},{"t":1586594700000,"price":"10000000000000000","supply":"9900000000000000000000000000"},{"t":1586595600000,"price":"10000000000000000","supply":"9900000000000000000000000000"},{"t":1586596500000,"price":"10000000000000000","supply":"9900000000000000000000000000"},{"t":1586597400000,"price":"10000000000000000","supply":"9900000000000000000000000000"},{"t":1586598300000,"price":"10000000000000000","supply":"9900000000000000000000000000"},{"t":1586599200000,"price":"10000000000000000","supply":"9900000000000000000000000000"},{"t":1586600100001,"price":"10000000000000000","supply":"9900000000000000000000000000"},{"t":1586601000000,"price":"10000000000000000","supply":"9900000000000000000000000000"},{"t":1586601900000,"price":"10000000000000000","supply":"9900000000000000000000000000"},{"t":1586602800000,"price":"10000000000000000","supply":"9900000000000000000000000000"},{"t":1586603700000,"price":"10000000000000000","supply":"9900000000000000000000000000"},{"t":1586604600000,"price":"10000000000000000","supply":"9900000000000000000000000000"},{"t":1586605500001,"price":"10000000000000000","supply":"9900000000000000000000000000"},{"t":1586606400000,"price":"10000000000000000","supply":"9900000000000000000000000000"},{"t":1586607300001,"price":"10000000000000000","supply":"9900000000000000000000000000"},{"t":1586608200000,"price":"10000000000000000","supply":"9900000000000000000000000000"},{"t":1586609100000,"price":"10000000000000000","supply":"9900000000000000000000000000"},{"t":1586610000000,"price":"10000000000000000","supply":"9900000000000000000000000000"},{"t":1586610900000,"price":"10000000000000000","supply":"9900000000000000000000000000"},{"t":1586611800000,"price":"10000000000000000","supply":"9900000000000000000000000000"},{"t":1586612700000,"price":"10000000000000000","supply":"9900000000000000000000000000"},{"t":1586613600000,"price":"10000000000000000","supply":"9900000000000000000000000000"},{"t":1586614500000,"price":"10000000000000000","supply":"9900000000000000000000000000"},{"t":1586615400000,"price":"10000000000000000","supply":"9900000000000000000000000000"},{"t":1586616300000,"price":"10000000000000000","supply":"9900000000000000000000000000"},{"t":1586617200000,"price":"10000000000000000","supply":"9900000000000000000000000000"},{"t":1586618100000,"price":"10000000000000000","supply":"9900000000000000000000000000"},{"t":1586619000000,"price":"10000000000000000","supply":"9900000000000000000000000000"},{"t":1586619900000,"price":"10000000000000000","supply":"9900000000000000000000000000"},{"t":1586620800001,"price":"10000000000000000","supply":"9900000000000000000000000000"},{"t":1586621700000,"price":"10000000000000000","supply":"9900000000000000000000000000"},{"t":1586622600000,"price":"10000000000000000","supply":"9900000000000000000000000000"},{"t":1586623500000,"price":"10000000000000000","supply":"9900000000000000000000000000"},{"t":1586624400000,"price":"10000000000000000","supply":"9900000000000000000000000000"},{"t":1586625300000,"price":"10000000000000000","supply":"9900000000000000000000000000"},{"t":1586626200000,"price":"10000000000000000","supply":"9900000000000000000000000000"},{"t":1586627100000,"price":"10000000000000000","supply":"9900000000000000000000000000"},{"t":1586628000001,"price":"10000000000000000","supply":"9900000000000000000000000000"},{"t":1586628900000,"price":"10000000000000000","supply":"9900000000000000000000000000"},{"t":1586629800000,"price":"10000000000000000","supply":"9900000000000000000000000000"},{"t":1586630700000,"price":"10000000000000000","supply":"9900000000000000000000000000"},{"t":1586631600000,"price":"10000000000000000","supply":"9900000000000000000000000000"},{"t":1586632500000,"price":"10000000000000000","supply":"9900000000000000000000000000"},{"t":1586633400000,"price":"10000000000000000","supply":"9900000000000000000000000000"},{"t":1586634300000,"price":"10000000000000000","supply":"9900000000000000000000000000"},{"t":1586635200000,"price":"10000000000000000","supply":"9900000000000000000000000000"},{"t":1586636100000,"price":"10000000000000000","supply":"9900000000000000000000000000"},{"t":1586637000001,"price":"10000000000000000","supply":"9900000000000000000000000000"},{"t":1586637900000,"price":"10000000000000000","supply":"9900000000000000000000000000"},{"t":1586638800000,"price":"10000000000000000","supply":"9900000000000000000000000000"},{"t":1586639700000,"price":"10000000000000000","supply":"9900000000000000000000000000"},{"t":1586640600000,"price":"10000000000000000","supply":"9900000000000000000000000000"},{"t":1586641500000,"price":"10000000000000000","supply":"9900000000000000000000000000"},{"t":1586642400000,"price":"10000000000000000","supply":"9900000000000000000000000000"},{"t":1586643300000,"price":"10000000000000000","supply":"9900000000000000000000000000"},{"t":1586644200000,"price":"10000000000000000","supply":"9900000000000000000000000000"},{"t":1586645100000,"price":"10000000000000000","supply":"9900000000000000000000000000"},{"t":1586646000000,"price":"10000000000000000","supply":"9900000000000000000000000000"},{"t":1586646900000,"price":"10000000000000000","supply":"9900000000000000000000000000"},{"t":1586647800000,"price":"10000000000000000","supply":"9900000000000000000000000000"},{"t":1586648700000,"price":"10000000000000000","supply":"9900000000000000000000000000"},{"t":1586649600001,"price":"10000000000000000","supply":"9900000000000000000000000000"},{"t":1586650500000,"price":"10000000000000000","supply":"9900000000000000000000000000"},{"t":1586651400000,"price":"10000000000000000","supply":"9900000000000000000000000000"},{"t":1586652300000,"price":"10000000000000000","supply":"9900000000000000000000000000"},{"t":1586653200000,"price":"10000000000000000","supply":"9900000000000000000000000000"},{"t":1586654100000,"price":"10000000000000000","supply":"9900000000000000000000000000"},{"t":1586655000000,"price":"10000000000000000","supply":"9900000000000000000000000000"},{"t":1586655900000,"price":"10000000000000000","supply":"9900000000000000000000000000"},{"t":1586656800000,"price":"10000000000000000","supply":"9900000000000000000000000000"},{"t":1586657700000,"price":"10000000000000000","supply":"9900000000000000000000000000"},{"t":1586658600000,"price":"10000000000000000","supply":"9900000000000000000000000000"},{"t":1586659500000,"price":"10000000000000000","supply":"9900000000000000000000000000"},{"t":1586660400000,"price":"10000000000000000","supply":"9900000000000000000000000000"},{"t":1586661300000,"price":"10000000000000000","supply":"9900000000000000000000000000"},{"t":1586662200000,"price":"10000000000000000","supply":"9900000000000000000000000000"},{"t":1586663100000,"price":"10000000000000000","supply":"9900000000000000000000000000"},{"t":1586664000000,"price":"10000000000000000","supply":"9900000000000000000000000000"},{"t":1586664900000,"price":"10000000000000000","supply":"9900000000000000000000000000"},{"t":1586665800000,"price":"10000000000000000","supply":"9900000000000000000000000000"},{"t":1586666700000,"price":"10000000000000000","supply":"9900000000000000000000000000"},{"t":1586667600001,"price":"10000000000000000","supply":"9900000000000000000000000000"},{"t":1586668500000,"price":"10000000000000000","supply":"9900000000000000000000000000"},{"t":1586669400000,"price":"10000000000000000","supply":"9900000000000000000000000000"},{"t":1586670300000,"price":"10000000000000000","supply":"9900000000000000000000000000"},{"t":1586671200001,"price":"10000000000000000","supply":"9900000000000000000000000000"},{"t":1586672100001,"price":"10000000000000000","supply":"9900000000000000000000000000"},{"t":1586673000000,"price":"10000000000000000","supply":"9900000000000000000000000000"},{"t":1586673900000,"price":"10000000000000000","supply":"9900000000000000000000000000"},{"t":1586674800000,"price":"10000000000000000","supply":"9900000000000000000000000000"},{"t":1586675700000,"price":"10000000000000000","supply":"9900000000000000000000000000"},{"t":1586676600000,"price":"10000000000000000","supply":"9900000000000000000000000000"},{"t":1586677500000,"price":"10000000000000000","supply":"9900000000000000000000000000"},{"t":1586678400000,"price":"10000000000000000","supply":"9900000000000000000000000000"},{"t":1586679300000,"price":"10000000000000000","supply":"9900000000000000000000000000"},{"t":1586680200000,"price":"10000000000000000","supply":"9900000000000000000000000000"},{"t":1586681100000,"price":"10000000000000000","supply":"9900000000000000000000000000"},{"t":1586682000001,"price":"10000000000000000","supply":"9900000000000000000000000000"},{"t":1586682900000,"price":"10000000000000000","supply":"9900000000000000000000000000"},{"t":1586683800000,"price":"10000000000000000","supply":"9900000000000000000000000000"},{"t":1586684700000,"price":"10000000000000000","supply":"9900000000000000000000000000"},{"t":1586685600000,"price":"10000000000000000","supply":"9900000000000000000000000000"},{"t":1586686500000,"price":"10000000000000000","supply":"9900000000000000000000000000"},{"t":1586687400000,"price":"10000000000000000","supply":"9900000000000000000000000000"},{"t":1586688300000,"price":"10000000000000000","supply":"9900000000000000000000000000"},{"t":1586689200000,"price":"10000000000000000","supply":"9900000000000000000000000000"},{"t":1586690100000,"price":"10000000000000000","supply":"9900000000000000000000000000"},{"t":1586691000000,"price":"10000000000000000","supply":"9900000000000000000000000000"},{"t":1586691900000,"price":"10000000000000000","supply":"9900000000000000000000000000"},{"t":1586692800000,"price":"10000000000000000","supply":"9900000000000000000000000000"},{"t":1586693700000,"price":"10000000000000000","supply":"9900000000000000000000000000"},{"t":1586694600000,"price":"10000000000000000","supply":"9900000000000000000000000000"},{"t":1586695500000,"price":"10000000000000000","supply":"9900000000000000000000000000"},{"t":1586696400000,"price":"10000000000000000","supply":"9900000000000000000000000000"},{"t":1586697300000,"price":"10000000000000000","supply":"9900000000000000000000000000"},{"t":1586698200000,"price":"10000000000000000","supply":"9900000000000000000000000000"},{"t":1586699100000,"price":"10000000000000000","supply":"9900000000000000000000000000"},{"t":1586700000000,"price":"10000000000000000","supply":"9900000000000000000000000000"},{"t":1586700900000,"price":"10000000000000000","supply":"9900000000000000000000000000"},{"t":1586701800000,"price":"10000000000000000","supply":"9900000000000000000000000000"},{"t":1586702700000,"price":"10000000000000000","supply":"9900000000000000000000000000"},{"t":1586703600001,"price":"10000000000000000","supply":"9900000000000000000000000000"},{"t":1586704500000,"price":"10000000000000000","supply":"9900000000000000000000000000"},{"t":1586705400000,"price":"10000000000000000","supply":"9900000000000000000000000000"},{"t":1586706300000,"price":"10000000000000000","supply":"9900000000000000000000000000"},{"t":1586707200000,"price":"10000000000000000","supply":"9900000000000000000000000000"},{"t":1586708100000,"price":"10000000000000000","supply":"9900000000000000000000000000"},{"t":1586709000000,"price":"10000000000000000","supply":"9900000000000000000000000000"},{"t":1586709900000,"price":"10000000000000000","supply":"9900000000000000000000000000"},{"t":1586710800000,"price":"10000000000000000","supply":"9900000000000000000000000000"},{"t":1586711700000,"price":"10000000000000000","supply":"9900000000000000000000000000"},{"t":1586712600000,"price":"10000000000000000","supply":"9900000000000000000000000000"},{"t":1586713500000,"price":"10000000000000000","supply":"9900000000000000000000000000"},{"t":1586714400000,"price":"10000000000000000","supply":"9900000000000000000000000000"},{"t":1586715300000,"price":"10000000000000000","supply":"9900000000000000000000000000"},{"t":1586716200000,"price":"10000000000000000","supply":"9900000000000000000000000000"},{"t":1586717100000,"price":"10000000000000000","supply":"9900000000000000000000000000"},{"t":1586718000000,"price":"10000000000000000","supply":"9900000000000000000000000000"},{"t":1586718900000,"price":"10000000000000000","supply":"9900000000000000000000000000"},{"t":1586719800000,"price":"10000000000000000","supply":"9900000000000000000000000000"},{"t":1586720700000,"price":"10000000000000000","supply":"9900000000000000000000000000"},{"t":1586721600000,"price":"10000000000000000","supply":"9900000000000000000000000000"},{"t":1586722500000,"price":"10000000000000000","supply":"9900000000000000000000000000"},{"t":1586723400000,"price":"10000000000000000","supply":"9900000000000000000000000000"},{"t":1586724300000,"price":"10000000000000000","supply":"9900000000000000000000000000"},{"t":1586725200000,"price":"10000000000000000","supply":"9900000000000000000000000000"},{"t":1586726100000,"price":"10000000000000000","supply":"9900000000000000000000000000"},{"t":1586727000000,"price":"10000000000000000","supply":"9900000000000000000000000000"},{"t":1586727900000,"price":"10000000000000000","supply":"9900000000000000000000000000"},{"t":1586728800001,"price":"10000000000000000","supply":"9900000000000000000000000000"},{"t":1586729700000,"price":"10000000000000000","supply":"9900000000000000000000000000"},{"t":1586730600000,"price":"10000000000000000","supply":"9900000000000000000000000000"},{"t":1586731500000,"price":"10000000000000000","supply":"9900000000000000000000000000"},{"t":1586732400000,"price":"10000000000000000","supply":"9900000000000000000000000000"},{"t":1586733300000,"price":"10000000000000000","supply":"9900000000000000000000000000"},{"t":1586734200000,"price":"10000000000000000","supply":"9900000000000000000000000000"},{"t":1586735100000,"price":"10000000000000000","supply":"9900000000000000000000000000"},{"t":1586736000000,"price":"10000000000000000","supply":"9900000000000000000000000000"},{"t":1586736900000,"price":"10000000000000000","supply":"9900000000000000000000000000"},{"t":1586737800000,"price":"10000000000000000","supply":"9900000000000000000000000000"},{"t":1586738700000,"price":"10000000000000000","supply":"9900000000000000000000000000"},{"t":1586739600000,"price":"10000000000000000","supply":"9900000000000000000000000000"},{"t":1586740500000,"price":"10000000000000000","supply":"9900000000000000000000000000"},{"t":1586741400000,"price":"10000000000000000","supply":"9900000000000000000000000000"},{"t":1586742300000,"price":"10000000000000000","supply":"9900000000000000000000000000"},{"t":1586743200000,"price":"10000000000000000","supply":"9900000000000000000000000000"},{"t":1586744100000,"price":"10000000000000000","supply":"9900000000000000000000000000"},{"t":1586745000000,"price":"10000000000000000","supply":"9900000000000000000000000000"},{"t":1586745900000,"price":"10000000000000000","supply":"9900000000000000000000000000"},{"t":1586746800000,"price":"10000000000000000","supply":"9900000000000000000000000000"},{"t":1586747700000,"price":"10000000000000000","supply":"9900000000000000000000000000"},{"t":1586748600000,"price":"10000000000000000","supply":"9900000000000000000000000000"},{"t":1586749500000,"price":"10000000000000000","supply":"9900000000000000000000000000"},{"t":1586750400000,"price":"10000000000000000","supply":"9900000000000000000000000000"},{"t":1586751300000,"price":"10000000000000000","supply":"9900000000000000000000000000"},{"t":1586752200000,"price":"10000000000000000","supply":"9900000000000000000000000000"},{"t":1586753100000,"price":"10000000000000000","supply":"9900000000000000000000000000"},{"t":1586754000000,"price":"10000000000000000","supply":"9900000000000000000000000000"},{"t":1586754900000,"price":"10000000000000000","supply":"9900000000000000000000000000"},{"t":1586755800000,"price":"10000000000000000","supply":"9900000000000000000000000000"}]
13:32:11.067 [TestNG-tests-1] INFO tron.common.TronscanApiList - message:SUCCESS
13:32:11.067 [TestNG-tests-1] INFO tron.common.TronscanApiList - JSON content size are: 3
13:32:11.067 [TestNG-tests-1] INFO tron.common.TronscanApiList - ----------------------------Print JSON End-----------------------------
http://api.just.network/scan/tokenInfo/timeLine/TRX
13:32:11.068 [TestNG-tests-1] DEBUG org.apache.http.impl.conn.PoolingClientConnectionManager - Connection request: [route: {}->http://api.just.network:80][total kept alive: 0; route allocated: 0 of 80; total allocated: 0 of 100]
13:32:11.068 [TestNG-tests-1] DEBUG org.apache.http.impl.conn.PoolingClientConnectionManager - Connection leased: [id: 2][route: {}->http://api.just.network:80][total kept alive: 0; route allocated: 1 of 80; total allocated: 1 of 100]
13:32:11.068 [TestNG-tests-1] DEBUG org.apache.http.impl.conn.DefaultClientConnectionOperator - Connecting to api.just.network:80
13:32:12.395 [TestNG-tests-1] DEBUG org.apache.http.client.protocol.RequestAddCookies - CookieSpec selected: default
13:32:12.395 [TestNG-tests-1] DEBUG org.apache.http.client.protocol.RequestAuthCache - Auth cache not set in the context
13:32:12.396 [TestNG-tests-1] DEBUG org.apache.http.client.protocol.RequestTargetAuthentication - Target auth state: UNCHALLENGED
13:32:12.396 [TestNG-tests-1] DEBUG org.apache.http.client.protocol.RequestProxyAuthentication - Proxy auth state: UNCHALLENGED
13:32:12.396 [TestNG-tests-1] DEBUG org.apache.http.impl.client.DefaultHttpClient - Attempt 1 to execute request
13:32:12.396 [TestNG-tests-1] DEBUG org.apache.http.impl.conn.DefaultClientConnection - Sending request: GET /scan/tokenInfo/timeLine/TRX HTTP/1.1
13:32:12.396 [TestNG-tests-1] DEBUG org.apache.http.wire -  >> "GET /scan/tokenInfo/timeLine/TRX HTTP/1.1[\r][\n]"
13:32:12.396 [TestNG-tests-1] DEBUG org.apache.http.wire -  >> "Content-type: application/json; charset=utf-8[\r][\n]"
13:32:12.396 [TestNG-tests-1] DEBUG org.apache.http.wire -  >> "Connection: Close[\r][\n]"
13:32:12.396 [TestNG-tests-1] DEBUG org.apache.http.wire -  >> "Host: api.just.network[\r][\n]"
13:32:12.396 [TestNG-tests-1] DEBUG org.apache.http.wire -  >> "User-Agent: Apache-HttpClient/4.5.3 (Java/1.8.0_211)[\r][\n]"
13:32:12.396 [TestNG-tests-1] DEBUG org.apache.http.wire -  >> "[\r][\n]"
13:32:12.396 [TestNG-tests-1] DEBUG org.apache.http.headers - >> GET /scan/tokenInfo/timeLine/TRX HTTP/1.1
13:32:12.396 [TestNG-tests-1] DEBUG org.apache.http.headers - >> Content-type: application/json; charset=utf-8
13:32:12.396 [TestNG-tests-1] DEBUG org.apache.http.headers - >> Connection: Close
13:32:12.396 [TestNG-tests-1] DEBUG org.apache.http.headers - >> Host: api.just.network
13:32:12.396 [TestNG-tests-1] DEBUG org.apache.http.headers - >> User-Agent: Apache-HttpClient/4.5.3 (Java/1.8.0_211)
13:32:12.685 [TestNG-tests-1] DEBUG org.apache.http.wire -  << "HTTP/1.1 200 [\r][\n]"
13:32:12.686 [TestNG-tests-1] DEBUG org.apache.http.wire -  << "Server: nginx/1.16.1[\r][\n]"
13:32:12.686 [TestNG-tests-1] DEBUG org.apache.http.wire -  << "Date: Mon, 13 Apr 2020 05:32:12 GMT[\r][\n]"
13:32:12.686 [TestNG-tests-1] DEBUG org.apache.http.wire -  << "Content-Type: application/json;charset=UTF-8[\r][\n]"
13:32:12.686 [TestNG-tests-1] DEBUG org.apache.http.wire -  << "Content-Length: 88624[\r][\n]"
13:32:12.686 [TestNG-tests-1] DEBUG org.apache.http.wire -  << "Connection: close[\r][\n]"
13:32:12.686 [TestNG-tests-1] DEBUG org.apache.http.wire -  << "Cache-Control: no-cache, no-store, must-revalidate[\r][\n]"
13:32:12.686 [TestNG-tests-1] DEBUG org.apache.http.wire -  << "[\r][\n]"
13:32:12.686 [TestNG-tests-1] DEBUG org.apache.http.impl.conn.DefaultClientConnection - Receiving response: HTTP/1.1 200 
13:32:12.686 [TestNG-tests-1] DEBUG org.apache.http.headers - << HTTP/1.1 200 
13:32:12.686 [TestNG-tests-1] DEBUG org.apache.http.headers - << Server: nginx/1.16.1
13:32:12.686 [TestNG-tests-1] DEBUG org.apache.http.headers - << Date: Mon, 13 Apr 2020 05:32:12 GMT
13:32:12.686 [TestNG-tests-1] DEBUG org.apache.http.headers - << Content-Type: application/json;charset=UTF-8
13:32:12.686 [TestNG-tests-1] DEBUG org.apache.http.headers - << Content-Length: 88624
13:32:12.686 [TestNG-tests-1] DEBUG org.apache.http.headers - << Connection: close
13:32:12.686 [TestNG-tests-1] DEBUG org.apache.http.headers - << Cache-Control: no-cache, no-store, must-revalidate
http://api.just.network/scan/tokenInfo/timeLine/TRX 请求总耗时：1618 毫秒
13:32:12.687 [TestNG-tests-1] DEBUG org.apache.http.wire -  << "{"code":0,"data":[{"t":1585906380000,"supply":"100304798946388748.1689453125000000"},{"t":1585906500000,"supply":"100304805540147232.0556640625000000"},{"t":1585906800001,"supply":"100304823090540634.1552734375000000"},{"t":1585907100000,"supply":"100304840285392807.0068359375000000"},{"t":1585908000001,"price":"12040948997700000","supply":"100304880892956588.7451171875000000"},{"t":1585908900000,"price":"12040948997700000","supply":"100304945018367889.404296875000000"},{"t":1585909800000,"price":"12058675262050000","supply":"100304987266628433.2275390625000000"},{"t":1585910700001,"price":"12062435073500000","supply":"100305049259978012.0849609375000000"},{"t":1585911600000,"price":"12071743761400000","supply":"100305083297276062.01171875000000"},{"t":1585912500000,"price":"12071743761400000","supply":"100305152768472183.2275390625000000"},{"t":1585913400000,"price":"12089283689900000","supply":"100305205131164611.81640625000000"},{"t":1585914300000,"price":"12090559912600000","supply":"100305256931887252.8076171875000000"},{"t":1585915200000,"price":"12100245924200000","supply":"100305301888053863.525390625000000"},{"t":1585916100000,"price":"12100245924200000","supply":"100305361046335128.7841796875000"
13:32:13.112 [TestNG-tests-1] DEBUG org.apache.http.wire -  << "000"},{"t":1585917000000,"price":"12132644406500000","supply":"100305403343485671.9970703125000000"},{"t":1585917900000,"price":"12132644406500000","supply":"100305465287601898.193359375000000"},{"t":1585918800000,"price":"12119431014400000","supply":"100305465287601898.193359375000000"},{"t":1585919700000,"price":"12119431014400000","supply":"100305569798091461.181640625000000"},{"t":1585920600000,"price":"11995027122100000","supply":"100305572398677368.1640625000000"},{"t":1585921500001,"price":"11994530584800000","supply":"100305674167469848.6328125000000"},{"t":1585922400000,"price":"11994530584800000","supply":"100305668959320892.333984375000000"},{"t":1585923300000,"price":"11994530584800000","supply":"100305778225080947.8759765625000000"},{"t":1585924200000,"price":"11973001937200000","supply":"100305823668145202.63671875000000"},{"t":1585925100000,"price":"11962575723600000","supply":"100305882064426101.6845703125000000"},{"t":1585926000000,"price":"11920677369400000","supply":"100305838491210601.806640625000000"},{"t":1585926900000,"price":"11920677369400000","supply":"100305986685537750.244140625000000"},{"t":1585927800000,"price":"11885317774300000","supply":"100306039068664306.640625000000"},{"t":1585928700000,"price":"11861883160400000","supply":"100306091421677108.7646484375000000"},{"t":1585929600000,"price":"11849735905200000","supply":"100306143779764419.5556640625000000"},{"t":1585930500000,"price":"11849735905200000"},{"t":1585931400001,"price":"11844411312300000","supply":"100306247042812210.0830078125000000"},{"t":1585932300000,"price":"11838799083700000","supply":"100306299304565902.7099609375000000"},{"t":1585933200000,"price":"11831835145100000","supply":"100306351603585083.0078125000000"},{"t":1585934100000,"price":"11831835145100000","supply":"100306403997533309.9365234375000000"},{"t":1585935000000,"price":"11831835145100000","supply":"100306454951560073.8525390625000000"},{"t":1585935900000,"price":"11858177777700000","supply":"100306507115197418.212890625000000"},{"t":1585936800001,"price":"11894856332800000","supply":"100306559392340591.4306640625000000"},{"t":1585937700000,"price":"11894856332800000","supply":"100306611331410827.63671875000000"},{"t":1585938600000,"price":"11894849642000000","supply":"100306663430174972.5341796875000000"},{"t":1585939500000,"price":"11894849642000000","supply":"100306715415057159.423828125000000"},{"t":1585940400000,"price":"11901341872400000","supply":"100306747582278350.830078125000000"},{"t":1585941300000,"price":"11901341872400000","supply":"100306819704346282.958984375000000"},{"t":1585942200000,"price":"11901341872400000","supply":"100306871893256942.7490234375000000"},{"t":1585943100000,"price":"11901341872400000","supply":"100306924095655548.095703125000000"},{"t":1585944000000,"price":"11889466566200000","supply":"100306976229382156.3720703125000000"},{"t""
13:32:13.419 [TestNG-tests-1] DEBUG org.apache.http.wire -  << ":1585944900000,"price":"11889466566200000","supply":"100307028378903747.55859375000000"},{"t":1585945800000,"price":"11909390008000000","supply":"100307078487778747.55859375000000"},{"t":1585946700000,"price":"11921098129400000","supply":"100307132609145050.048828125000000"},{"t":1585947600000,"price":"11921098129400000","supply":"100307184519115463.2568359375000000"},{"t":1585948500000,"price":"11921098129400000","supply":"100307236672223815.91796875000000"},{"t":1585949400000,"price":"11891990302200000","supply":"100307249897880920.41015625000000"},{"t":1585950300000,"price":"11867225047600000","supply":"100307341085805114.74609375000000"},{"t":1585951200000,"price":"11867225047600000","supply":"100307370701899520.8740234375000000"},{"t":1585952100000,"price":"11867225047600000","supply":"100307445342391220.0927734375000000"},{"t":1585953000000,"price":"11901982195100000","supply":"100307497382109832.763671875000000"},{"t":1585953900000,"price":"11916283946100000","supply":"100307549329598648.0712890625000000"},{"t":1585954800000,"price":"11916283946100000","supply":"100307601720606140.13671875000000"},{"t":1585955700000,"price":"11916283946100000","supply":"100307653795190048.2177734375000000"},{"t":1585956600000,"price":"11916283946100000","supply":"100307696009672073.3642578125000000"},{"t":1585957500000,"price":"11924542721300000","supply":"100307757889142837.5244140625000000"},{"t":1585958400000,"price":"11924542721300000","supply":"100307803449886169.43359375000000"},{"t":1585959300000,"price":"11924542721300000","supply":"100307861819809936.5234375000000"},{"t":1585960200000,"price":"11932067565100000","supply":"100307884281008941.650390625000000"},{"t":1585961100000,"price":"11977948528800000","supply":"100307966212913543.701171875000000"},{"t":1585962000000,"price":"11982496321900000","supply":"100308018501422546.38671875000000"},{"t":1585962900001,"price":"11982496321900000","supply":"100308070978349807.7392578125000000"},{"t":1585963800000,"price":"11982496321900000","supply":"100308078136523941.0400390625000000"},{"t":1585964700000,"price":"11982496321900000","supply":"100308175321245391.845703125000000"},{"t":1585965600000,"price":"12000723969800000","supply":"100308227524520019.53125000000"},{"t":1585966500001,"price":"12000723969800000","supply":"100308279524562438.96484375000000"},{"t":1585967400000,"price":"12000723969800000","supply":"100308331719882461.5478515625000000"},{"t":1585968300000,"price":"11971633361100000","supply":"100308383903183670.0439453125000000"},{"t":1585969200000,"price":"11946583112900000","supply":"100308436140946899.4140625000000"},{"t":1585970100001,"price":"11946583112900000","supply":"100308488048433609.0087890625000000"},{"t":1585971000000,"price":"11939644947900000","supply":"100308540095326492.3095703125000000"},{"t":1585971900000,"price":"11865372592200000","supply":"100308591975927520.751953125000000"},{"t":1585972800000,"price":"11816190847500000","supply":"100308644272344451.904296875000000"},{"t":1585973700000,"price":"11816190847500000","supply":"100308694801828430.17578125000000"},{"t":1585974600000,"price":"11797698522500000","supply":"100308745661813720.703125000000"},{"t":1585975500000,"price":"11814485351200000","supply":"100308798204559478.759765625000000"},{"t":1585976400000,"price":"11819571682100000","supply":"100308798204559478.759765625000000"},{"t":1585977300000,"price":"11819571682100000","supply":"100308901320106109.619140625000000"},{"t":1585978200000,"price":"11848568033200000","supply":"100308953502015319.82421875000000"},{"t":1585979100000,"price":"11848568033200000","supply":"100309005711390762.3291015625000000"},{"t":1585980000000,"price":"11846180092600000","supply":"100309057983953506.4697265625000000"},{"t":1585980900001,"price":"11846180092600000","supply":"100309109516261611.9384765625000000"},{"t":1585981800000,"price":"11837865995100000","supply":"100309161846918670.654296875000000"},{"t":1585982700000,"price":"11828364032700000","supply":"100309214051528015.13671875000000"},{"t":1585983600000,"price":"11827160339400000","supply":"100309260910765121.4599609375000000"},{"t":1585984500000,"price":"11827160339400000","supply":"100309318378819381.7138671875000000"},{"t":1585985400000,"price":"11826285631400000","supply":"100309370333123153.6865234375000000"},{"t""
13:32:13.700 [TestNG-tests-1] DEBUG org.apache.http.wire -  << ":1585986300000,"price":"11826285631400000","supply":"100309422502057403.564453125000000"},{"t":1585987200000,"price":"11816420872100000","supply":"100309469992424407.958984375000000"},{"t":1585988100000,"price":"11816420872100000","supply":"100309525512868637.0849609375000000"},{"t":1585989000000,"price":"11817008401300000","supply":"100309576902345260.6201171875000000"},{"t":1585989900000,"price":"11846207535300000","supply":"100309629954889358.5205078125000000"},{"t":1585990800000,"price":"11908650876800000","supply":"100309681985336715.6982421875000000"},{"t":1585991700000,"price":"11908650876800000","supply":"100309734427519973.7548828125000000"},{"t":1585992600000,"price":"11935399724000000","supply":"100309786695774246.2158203125000000"},{"t":1585993500000,"price":"11956022709500000","supply":"100309838717552780.1513671875000000"},{"t":1585994400000,"price":"11961907208400000","supply":"100309890944332763.671875000000"},{"t":1585995300000,"price":"11961907208400000","supply":"100309943083768035.888671875000000"},{"t":1585996200000,"price":"12011996635900000","supply":"100309995158407180.7861328125000000"},{"t":1585997100000,"price":"12011996635900000","supply":"100310047330880355.8349609375000000"},{"t":1585998000000,"price":"11999011471600000","supply":"100310095360990905.76171875000000"},{"t":1585998900000,"price":"11999011471600000","supply":"100310151759411987.3046875000000"},{"t":1585999800000,"price":"11958099669000000","supply":"100310203566214141.845703125000000"},{"t":1586000700000,"price":"11958099669000000","supply":"100310255696404327.392578125000000"},{"t":1586001600000,"price":"11953492494300000","supply":"100310307122271896.3623046875000000"},{"t":1586002500000,"price":"11953492494300000","supply":"100310359505441421.5087890625000000"},{"t":1586003400000,"price":"11938920727500000","supply":"100310407439010040.283203125000000"},{"t":1586004300000,"price":"11938805340400000","supply":"100310463834311294.5556640625000000"},{"t":1586005200000,"price":"11928739553800000","supply":"100310511411331100.4638671875000000"},{"t":1586006100000,"price":"11928739553800000","supply":"100310567937190811.1572265625000000"},{"t":1586007000000,"price":"11911481056700000","supply":"100310619711786880.4931640625000000"},{"t":1586007900000,"price":"11883943141700000","supply":"100310672050100677.490234375000000"},{"t":1586008800001,"price":"11883943141700000","supply":"100310723532754196.1669921875000000"},{"t":1586009700000,"price":"11883943141700000","supply":"100310776403131210.3271484375000000"},{"t":1586010600001,"price":"11884310543100000","supply":"100310802452747497.55859375000000"},{"t":1586011500000,"price":"11884310543100000","supply":"100310880068958923.33984375000000"},{"t":1586012400000,"price":"11882316373200000","supply":"100310932086383468.6279296875000000"},{"t":1586013300000,"price":"11882316373200000","supply"
13:32:13.701 [TestNG-tests-1] DEBUG org.apache.http.wire -  << "":"100310984064906188.96484375000000"},{"t":1586014200000,"price":"11895078769400000","supply":"100311036102063796.9970703125000000"},{"t":1586015100000,"price":"11897276450000000","supply":"100311088290161956.787109375000000"},{"t":1586016000000,"price":"11900652799600000","supply":"100311140479401199.3408203125000000"},{"t":1586016900000,"price":"11900652799600000","supply":"100311192548626708.984375000000"},{"t":1586017800000,"price":"11915079831600000","supply":"100311244299171051.025390625000000"},{"t":1586018700000,"price":"11915079831600000","supply":"100311296552924331.6650390625000000"},{"t":1586019600000,"price":"11955984204400000","supply":"100311348580988632.2021484375000000"},{"t":1586020500000,"price":"11955984204400000","supply":"100311400757228027.34375000000"},{"t":1586021400000,"price":"11956392493000000","supply":"100311429075493453.9794921875000000"},{"t":1586022300001,"price":"11955984204400000","supply":"100311505100698516.845703125000000"},{"t":1586023200000,"price":"11953649670800000","supply":"100311557489834320.068359375000000"},{"t":1586024100000,"price":"11953649670800000","supply":"100311609187693511.962890625000000"},{"t":1586025000000,"price":"11951917050300000","supply":"100311653000410583.49609375000000"},{"t":1586025900001,"price":"11951917050300000"},{"t":1586026800000,"price":"11949183802600000","supply":"100311739842571289.0625000000"},{"t":1586027700000,"price":"11949183802600000"
13:32:13.980 [TestNG-tests-1] DEBUG org.apache.http.wire -  << "","supply":"100311817839899353.02734375000000"},{"t":1586028600000,"price":"11940304886200000","supply":"100311864438299240.1123046875000000"},{"t":1586029500000,"price":"11939198166200000","supply":"100311922189050338.7451171875000000"},{"t":1586030400000,"price":"11922481120400000","supply":"100311949767329833.984375000000"},{"t":1586031300000,"price":"11922481120400000","supply":"100312025903583847.0458984375000000"},{"t":1586032200000,"price":"11928002135300000","supply":"100312078282621810.9130859375000000"},{"t":1586033100000,"price":"11956915980800000","supply":"100312129595060424.8046875000000"},{"t":1586034000000,"price":"11956915980800000","supply":"100312181762098602.294921875000000"},{"t":1586034900000,"price":"11956915980800000","supply":"100312233824621551.513671875000000"},{"t":1586035800000,"price":"11977051042200000","supply":"100312285970167953.4912109375000000"},{"t":1586036700000,"price":"11977051042200000","supply":"100312338197570953.369140625000000"},{"t":1586037600000,"price":"11987140247700000","supply":"100312390299009460.44921875000000"},{"t":1586038500000,"price":"11987140247700000","supply":"100312442373089599.609375000000"},{"t":1586039400000,"price":"11976375981400000","supply":"100312494420220214.84375000000"},{"t":1586040300000,"price":"11962766401100000","supply":"100312546620977920.5322265625000000"},{"t":1586041200000,"price":"11962766401100000","supply":"100312598594963867.1875000000"},{"t":1586042100000,"price":"11962766401100000","supply":"100312650694645278.9306640625000000"},{"t":1586043000000,"price":"11966496341000000","supply":"100312695376571487.4267578125000000"},{"t":1586043900000,"price":"11966496341000000","supply":"100312754790756393.4326171875000000"},{"t":1586044800000,"price":"11959667014200000","supply":"100312806175589141.845703125000000"},{"t":1586045700001,"price":"11959667014200000","supply":"100312857808391220.0927734375000000"},{"t":1586046600000,"price":"11992006109600000","supply":"100312909713341018.6767578125000000"},{"t":1586047500000,"price":"11999511202500000","supply":"100312961785494659.423828125000000"},{"t":1586048400000,"price":"12010826459900000","supply":"100312992559336166.3818359375000000"},{"t":1586049300000,"price":"12010826459900000","supply":"100313066057818389.892578125000000"},{"t":1586050200000,"price":"12005531620800000","supply":"100313101793150970.458984375000000"},{"t":1586051100001,"price":"12001301125000000","supply":"100313170800903747.55859375000000"},{"t":1586052000000,"price":"11999549055000000","supply":"100313222926452743.5302734375000000"},{"t":1586052900000,"price":"11999549055000000","supply":"100313273803257919.3115234375000000"},{"t":1586053800000,"price":"11994602031700000","supply":"100313325848816467.28515625000000"},{"t":1586054700000,"price":"11987305590900000","supply":"100313378067131179.8095703125000000"},{"t":158605560000"
13:32:14.083 [TestNG-tests-1] DEBUG org.apache.http.wire -  << "0,"price":"11987305590900000","supply":"100313413007436370.849609375000000"},{"t":1586056500000,"price":"11987305590900000","supply":"100313482561207550.048828125000000"},{"t":1586057400000,"price":"11994695767900000","supply":"100313534631094299.31640625000000"},{"t":1586058300000,"price":"11997260406500000","supply":"100313586763851013.18359375000000"},{"t":1586059200000,"price":"11997260406500000","supply":"100313622395180709.8388671875000000"},{"t":1586060100000,"price":"11997260406500000","supply":"100313690354781585.693359375000000"},{"t":1586061000000,"price":"11979188911300000","supply":"100313674788114257.8125000000"},{"t":1586061900000,"price":"11953343359500000","supply":"100313794328161712.646484375000000"},{"t":1586062800001,"price":"11924144495500000","supply":"100313846172759109.4970703125000000"},{"t":1586063700000,"price":"11924144495500000","supply":"100313897714728805.5419921875000000"},{"t":1586064600000,"price":"11924144495500000","supply":"100313949742281127.9296875000000"},{"t":1586065500000,"price":"11929029775000000","supply":"100314001712570602.4169921875000000"},{"t":1586066400001,"price":"11940401697600000","supply":"100314021250833236.6943359375000000"},{"t":1586067300000,"price":"11940401697600000","supply":"100314105139599288.9404296875000000"},{"t":1586068200000,"price":"11940401697600000","supply":"100314156904743057.2509765625000000"},{"t":1586069100000,"price":"11921427341200000","supply":"100314208753865203.857421875000000"},{"t":1586070000000,"price":"11915583575900000","supply":"100314261069627441.40625000000"},{"t":1586070900000,"price":"11915583575900000","supply":"100314312719300811.767578125000000"},{"t":1586071800001,"price":"11910259347700000","supply":"100314345899695648.193359375000000"},{"t":1586072700000,"price":"11910259347700000","supply":"100314416467177337.646484375000000"},{"t":1586073600000,"price":"11910555209100000","supply":"100314468177894409.1796875000000"},{"t":1586074500000,"price":"11910555209100000","supply":"100314520225389480.5908203125000000"},{"t":1586075400000,"price":"11910555209100000","supply":"100314572275462432.861328125000000"},{"t":1586076300000,"price":"11910555209100000","supply":"100314624007604873.6572265625000000"},{"t":1586077200000,"price":"11917609980500000","supply":"100314676327944976.806640625000000"},{"t":1586078100000,"price":"11917609980500000","supply":"100314728268420806.884765625000000"},{"t":1586079000000,"price":"11923002888800000","supply":"100314780299133300.78125000000"},{"t":1586079900000,"price":"11933274804900000","supply":"100314832428788482.666015625000000"},{"t":1586080800000,"price":"11935166492700000","supply":"100314884664011672.9736328125000000"},{"t":1586081700000,"price":"11935166492700000","supply":"100314936314510589.599609375000000"},{"t":1586082600000,"price":"11930048832000000","supply":"100314988963922760.0097656250"
13:32:14.261 [TestNG-tests-1] DEBUG org.apache.http.wire -  << "00000"},{"t":1586083500001,"price":"11930048832000000","supply":"100315040757683212.2802734375000000"},{"t":1586084400000,"price":"11926107425700000","supply":"100315092830026519.775390625000000"},{"t":1586085300000,"price":"11926107425700000","supply":"100315144500111968.994140625000000"},{"t":1586086200000,"price":"11922013099400000","supply":"100315196694442977.9052734375000000"},{"t":1586087100000,"price":"11921369661600000","supply":"100315248856104064.94140625000000"},{"t":1586088000000,"price":"11921492678600000","supply":"100315300402948013.3056640625000000"},{"t":1586088900000,"price":"11921492678600000","supply":"100315352505391006.4697265625000000"},{"t":1586089800000,"price":"11921492678600000","supply":"100315397139648239.1357421875000000"},{"t":1586090700000,"price":"11921492678600000"},{"t":1586091600000,"price":"11922280592600000","supply":"100315501428923492.431640625000000"},{"t":1586092500000,"price":"11922280592600000","supply":"100315560304713256.8359375000000"},{"t":1586093400000,"price":"11924102981500000","supply":"100315599424293792.724609375000000"},{"t":1586094300000,"price":"11948276914700000","supply":"100315664275417419.43359375000000"},{"t":1586095200000,"price":"12505715058800000","supply":"100315709891391235.3515625000000"},{"t":1586096100000,"price":"12505715058800000","supply":"100315768286453170.7763671875000000"},{"t":1586097000000,"price":"12575347346700000","supply":"100315819514332550.048828125000000"},{"t":1586097900000,"price":"12581254314700000","supply":"100315871555115753.173828125000000"},{"t":1586098800000,"price":"12581254314700000","supply":"100315923049496658.3251953125000000"},{"t":1586099700000,"price":"12581254314700000","supply":"100315975054072036.7431640625000000"},{"t":1586100600000,"price":"12499606603800000","supply":"100316027241688034.0576171875000000"},{"t":1586101500000,"price":"12499606603800000","supply":"100316079381783508.30078125000000"},{"t":1586102400000,"price":"12565849574100000","supply":"100316089262702865.6005859375000000"},{"t":1586103300000,"price":"12565849574100000","supply":"100316183687912002.5634765625000000"},{"t":1586104200000,"price":"12586913390200000","supply":"100316235673634506.2255859375000000"},{"t":1586105100000,"price":"12586913390200000","supply":"100316286477597061.1572265625000000"},{"t":1586106000000,"price":"12561554646300000","supply":"100316338391951950.0732421875000000"},{"t":1586106900000,"price":"12561554646300000","supply":"100316390403788452.1484375000000"},{"t":1586107800000,"price":"12521966734600000","supply":"100316442536784912.109375000000"},{"t":1586108700000,"price":"12470394156300000","supply":"100316494662387390.13671875000000"},{"t":1586109600000,"price":"12414381545600000","supply":"100316546399307861.328125000000"},{"t":1586110500001,"price":"12414381545600000","supply":"100316597947410919.189453125000000"},{"t":1"
13:32:14.363 [TestNG-tests-1] DEBUG org.apache.http.wire -  << "586111400000,"price":"12472952164200000","supply":"100316649945184585.5712890625000000"},{"t":1586112300000,"price":"12485904981200000","supply":"100316702122912628.173828125000000"},{"t":1586113200000,"price":"12515353516200000","supply":"100316754597112380.9814453125000000"},{"t":1586114100000,"price":"12515353516200000","supply":"100316806778027160.64453125000000"},{"t":1586115000000,"price":"12506954372700000","supply":"100316859265676116.943359375000000"},{"t":1586115900000,"price":"12505095419300000","supply":"100316911317251617.431640625000000"},{"t":1586116800000,"price":"12504095592400000","supply":"100316963288179748.53515625000000"},{"t":1586117700000,"price":"12504095592400000","supply":"100317015549511642.4560546875000000"},{"t":1586118600000,"price":"12504095592400000","supply":"100317067699728851.318359375000000"},{"t":1586119500000,"price":"12484368408100000","supply":"100317119487920867.919921875000000"},{"t":1586120400000,"price":"12472880632200000","supply":"100317171684672531.1279296875000000"},{"t":1586121300000,"price":"12472880632200000","supply":"100317224190461837.7685546875000000"},{"t":1586122200000,"price":"12472880632200000","supply":"100317271907672714.2333984375000000"},{"t":1586123100000,"price":"12472880632200000","supply":"100317328532430358.88671875000000"},{"t":1586124000001,"price":"12472324398200000","supply":"100317316917388122.55859375000000"},{"t":1586124900001,"price":"124723"
13:32:14.363 [TestNG-tests-1] DEBUG org.apache.http.wire -  << "24398200000","supply":"100317432286250930.7861328125000000"},{"t":1586125800000,"price":"12472324398200000","supply":"100317483426825057.9833984375000000"},{"t":1586126700000,"price":"12497054600700000","supply":"100317534492734863.28125000000"},{"t":1586127600000,"price":"12502154415300000","supply":"100317586845056457.51953125000000"},{"t":1586128500000,"price":"12502154415300000","supply":"100317638664056030.2734375000000"},{"t":1586129400001,"price":"12524624738200000","supply":"100317690644751434.326171875000000"},{"t":1586130300000,"price":"12538415574500000","supply":"100317742640791992.1875000000"},{"t":1586131200000,"price":"12546680050200000","supply":"100317794942695281.982421875000000"},{"t":1586132100000,"price":"12546680050200000"},{"t":1586133000000,"price":"12607265702600000","supply":"100317899168048553.466796875000000"},{"t":1586133900000,"price":"12651574974400000","supply":"100317951695917800.9033203125000000"},{"t":1586134800000,"price":"12691856938100000","supply":"100318003937915023.8037109375000000"},{"t":1586135700000,"price":"12691856938100000","supply":"100318056034075332.6416015625000000"},{"t":1586136600000,"price":"12727646234700000","supply":"100318107841717300.4150390625000000"},{"t":1586137500000,"price":"12729491989400000","supply":"100318160426237594.6044921875000000"},{"t":1586138400000,"price":"12755933157200000","supply":"100318212472811172.4853515625000000"},{"t":1586139300000,""
13:32:14.923 [TestNG-tests-1] DEBUG org.apache.http.wire -  << "price":"12755933157200000","supply":"100318264644229110.7177734375000000"},{"t":1586140200000,"price":"12798367471700000","supply":"100318316913475967.4072265625000000"},{"t":1586141100000,"price":"12890715109700000","supply":"100318369173372253.41796875000000"},{"t":1586142000000,"price":"12923915790600000","supply":"100318369173372253.41796875000000"},{"t":1586142900000,"price":"12923915790600000","supply":"100318472932886032.1044921875000000"},{"t":1586143800001,"price":"12896992662100000","supply":"100318524682366806.0302734375000000"},{"t":1586144700000,"price":"12889122329600000","supply":"100318577078766601.5625000000"},{"t":1586145600000,"price":"12889122329600000","supply":"100318629204764083.8623046875000000"},{"t":1586146500000,"price":"12889122329600000","supply":"100318681008968170.166015625000000"},{"t":1586147400000,"price":"12922805239900000","supply":"100318728029144271.8505859375000000"},{"t":1586148300000,"price":"12922805239900000","supply":"100318785872006927.490234375000000"},{"t":1586149200000,"price":"12905575238100000","supply":"100318838363102401.7333984375000000"},{"t":1586150100000,"price":"12905575238100000","supply":"100318889913106277.4658203125000000"},{"t":1586151000000,"price":"12892046590500000","supply":"100318924116891799.9267578125000000"},{"t":1586151900000,"price":"12880920296200000","supply":"100318995386869369.5068359375000000"},{"t":1586152800000,"price":"12869378628700000","
13:32:15.204 [TestNG-tests-1] DEBUG org.apache.http.wire -  << ""supply":"100319048023305801.3916015625000000"},{"t":1586153700000,"price":"12869378628700000","supply":"100319100097695022.5830078125000000"},{"t":1586154600000,"price":"12930851813800000","supply":"100319152445869338.9892578125000000"},{"t":1586155500000,"price":"12957542173800000","supply":"100319204612303482.0556640625000000"},{"t":1586156400000,"price":"12981995267400000","supply":"100319256859948120.1171875000000"},{"t":1586157300000,"price":"12981995267400000","supply":"100319308797977478.02734375000000"},{"t":1586158200000,"price":"13009211947700000","supply":"100319340833555709.8388671875000000"},{"t":1586159100001,"price":"13009211947700000","supply":"100319413340786209.1064453125000000"},{"t":1586160000000,"price":"12938036212700000","supply":"100319465588390625.000000"},{"t":1586160900000,"price":"12938036212700000","supply":"100319517482381240.8447265625000000"},{"t":1586161800000,"price":"12942481175200000","supply":"100319569767769409.1796875000000"},{"t":1586162700000,"price":"12965306940400000","supply":"100319622115961624.1455078125000000"},{"t":1586163600000,"price":"12979505245300000","supply":"100319673868727798.4619140625000000"},{"t":1586164500000,"price":"12979505245300000","supply":"100319726167701110.83984375000000"},{"t":1586165400000,"price":"13023929399900000","supply":"100319690735713775.634765625000000"},{"t":1586166300000,"price":"13031702263800000","supply":"100319830448781341.552734375000000"},{"t":1586167200000,"price":"13061010861300000","supply":"100319882734723281.8603515625000000"},{"t":1586168100000,"price":"13061010861300000","supply":"100319934647953155.517578125000000"},{"t":1586169000000,"price":"13070028386200000","supply":"100319934647953155.517578125000000"},{"t":1586169900001,"price":"13092699459600000","supply":"100320037890865280.1513671875000000"},{"t":1586170800000,"price":"13128742751700000","supply":"100320072277722885.1318359375000000"},{"t":1586171700000,"price":"13128742751700000","supply":"100320071548577804.5654296875000000"},{"t":1586172600000,"price":"13148620190600000","supply":"100320070898613739.013671875000000"},{"t":1586173500000,"price":"13150058400100000","supply":"100320070201015518.1884765625000000"},{"t":1586174400000,"price":"13150058400100000","supply":"100320283239524871.826171875000000"},{"t":1586175300000,"price":"13150058400100000","supply":"100320350546690155.029296875000000"},{"t":1586176200000,"price":"13142919658700000","supply":"100320317394848266.6015625000000"},{"t":1586177100000,"price":"13142919658700000","supply":"100320454762406555.17578125000000"},{"t":1586178000000,"price":"13146657007000000","supply":"100320506727552993.7744140625000000"},{"t":1586178900000,"price":"13146657007000000","supply":"100320559168817733.7646484375000000"},{"t":1586179800000,"price":"13213935534800000","supply":"100320559168817733.7646484375000000"},{"t":1586180700000,"price":"13222017169700000","supply":"100320663692034454.345703125000000"},{"t":1586181600000,"price":"13206828643200000","supply":"100320611330420806.884765625000000"},{"t":1586182500000,"price":"13206828643200000","supply":"100320768076379959.1064453125000000"},{"t":1586183400000,"price":"13155684665600000","supply":"100320773133177688.5986328125000000"},{"t":1586184300000,"price":"13154412063500000","supply":"100320872595064834.5947265625000000"},{"t":1586185200000,"price":"13131427565700000","supply":"100320843075931961.0595703125000000"},{"t":1586186100000,"price":"13131427565700000","supply":"100320977270091659.5458984375000000"},{"t":1586187000000,"price":"13153857006100000","supply":"100320977270091659.5458984375000000"},{"t":1586187900000,"price":"13195443814600000","supply":"100321081852048858.642578125000000"},{"t":1586188800000,"price":"13211455015900000","supply":"100321132813796829.2236328125000000"},{"t":1586189700000,"price":"13211455015900000","supply":"100321186451403091.4306640625000000"},{"t":1586190600000,"price":"13261759730000000","supply":"100321192035093597.412109375000000"},{"t":1586191500000,"price":"13364162551600000","supply":"100321290059149429.3212890625000000"},{"t":1586192400000,"price":"13371170648500000","supply":"100321342432571563.720703125000000"},{"t":1586193300000,"price":"13371170648500000","supply":"100321394600466690.0634765625000000"},{"t":1586194200000,"price":"13425880124800000","supply":"100321447110033660.888671875000000"},{"t":1586195100000,"price":"13475069940600000","supply":"100321499295249588.0126953125000000"},{"t":1586196000000,"price":"13508763603800000","supply":"100321551706603179.931640625000000"},{"t":1586196900000,"price":"13508763603800000","supply":"100321603660328552.24609375000000"},{"t":1586197800000,"price":"13501238823600000","supply":"100321655803915893.5546875000000"},{"t":1586198700000,"price":"13501238823600000","supply":"100321707927286941.5283203125000000"},{"t":1586199600000,"price":"13490595134400000","supply":"100321655803915893.5546875000000"},{"t":1586200500000,"price":"13490595134400000","supply":"100321811712080474.853515625000000"},{"t":1586201400001,"price":"13500491560400000","supply":"100321862822672698.974609375000000"},{"t":1586202300000,"price":"13534336564800000","supply":"100321914822062500.0000"},{"t":1586203200000,"price":"13536796515700000","supply":"100321966742365509.033203125000000"},{"t":1586204100000,"price":"13536796515700000","supply":"100322018769546997.0703125000000"},{"t":1586205000000,"price":"13536796515700000","supply":"100322018769546997.0703125000000"},{"t":1586205900000,"price":"13512027630300000","supply":"100322122721496948.2421875000000"},{"t":1586206800000,"price":"13430210078400000","supply":"100322174875294311.5234375000000"},{"t":1586207700000,"price":"13430210078400000","supply":"100322226765765518.1884765625000000"},{"t":1586208600000,"price":"13413325546300000","supply":"100322278828712203.9794921875000000"},{"t":1586209500000,"price":"13413325546300000","supply":"100322331081781524.658203125000000"},{"t":1586210400000,"price":"13450902537600000","supply":"100322331081781524.658203125000000"},{"t":1586211300000,"price":"13450902537600000","supply":"100322434958328125.000000"},{"t":1586212200001,"price":"13499688506800000","supply":"100322486972499725.341796875000000"},{"t":1586213100000,"price":"13499688506800000","supply":"100322538845599868.7744140625000000"},{"t":1586214000000,"price":"13499688506800000","supply":"100322557815698287.9638671875000000"},{"t":1586214900000,"price":"13499688506800000","supply":"100322640668741638.18359375000000"},{"t":1586215800000,"price":"13488099366100000","supply":"100322686134713241.5771484375000000"},{"t":1586216700000,"price":"13505510556100000","supply":"100322744915542160.0341796875000000"},{"t":1586217600001,"price":"13611138799300000","supply":"100322795277529022.216796875000000"},{"t":1586218500000,"price":"13611138799300000","supply":"100322848802027954.1015625000000"},{"t":1586219400000,"price":"13668447793600000","supply":"100322850548263488.76953125000000"},{"t":1586220300000,"price":"13779985050600000","supply":"100322952839278656.005859375000000"},{"t":1586221200000,"price":"13875531535500000","supply":"100323004902362319.9462890625000000"},{"t":1586222100000,"price":""
13:32:15.204 [TestNG-tests-1] DEBUG org.apache.http.wire -  << "13875531535500000","supply":"100323057374555145.263671875000000"},{"t":1586223000000,"price":"13828591995300000","supply":"100323068123687042.236328125000000"},{"t":1586223900000,"price":"13809670395400000","supply":"100323161503192001.3427734375000000"},{"t":1586224800000,"price":"13790441576300000","supply":"100323213494768020.6298828125000000"},{"t":1586225700000,"price":"13790441576300000","supply":"100323265607131454.4677734375000000"},{"t":1586226600000,"price":"13775498910800000","supply":"100323315551734878.5400390625000000"},{"t":1586227500000,"price":"13708869260900000","supply":"100323369853485260.009765625000000"},{"t":1586228400000,"price":"13551410411800000","supply":"100323422254085449.21875000000"},{"t":1586229300000,"price":"13551410411800000","supply":"100323474246059951.7822265625000000"},{"t":1586230200000,"price":"13521905991900000","supply":"100323526387437805.17578125000000"},{"t":1586231100000,"price":"13551410411800000","supply":"100323578545226699.8291015625000000"},{"t":1586232000000,"price":"13576630940000000","supply":"100323630918555709.8388671875000000"},{"t":1586232900000,"price":"13576630940000000","supply":"100323683161330825.8056640625000000"},{"t":1586233800000,"price":"13585636536000000","supply":"100323683161330825.8056640625000000"},{"t":1586234700000,"price":"13585636536000000","supply":"100323787704338760.3759765625000000"},{"t":1586235600000,"price":"13532914675500000","suppl"
13:32:15.483 [TestNG-tests-1] DEBUG org.apache.http.wire -  << "y":"100323839872638946.533203125000000"},{"t":1586236500000,"price":"13532914675500000","supply":"100323891872474411.0107421875000000"},{"t":1586237400000,"price":"13530360795000000","supply":"100323943878066452.0263671875000000"},{"t":1586238300000,"price":"13532914675500000","supply":"100323996184441802.978515625000000"},{"t":1586239200001,"price":"13566893967000000","supply":"100324045817098281.8603515625000000"},{"t":1586240100000,"price":"13566893967000000","supply":"100324099435200531.005859375000000"},{"t":1586241000000,"price":"13566893967000000","supply":"100324151716521102.9052734375000000"},{"t":1586241900000,"price":"13566893967000000","supply":"100324204110983459.47265625000000"},{"t":1586242800000,"price":"13576649485500000","supply":"100324255211084350.5859375000000"},{"t":1586243700000,"price":"13576649485500000","supply":"100324307411278488.1591796875000000"},{"t":1586244600000,"price":"13614214038800000","supply":"100324350149445281.982421875000000"},{"t":1586245500000,"price":"13720544667800000","supply":"100324411952426651.0009765625000000"},{"t":1586246400000,"price":"13757663325900000","supply":"100324462494533966.064453125000000"},{"t":1586247300000,"price":"13757663325900000","supply":"100324516507987258.9111328125000000"},{"t":1586248200000,"price":"13762693264400000","supply":"100324568773021041.8701171875000000"},{"t":1586249100000,"price":"13762741312400000","supply":"100324621064632492.06"
13:32:15.485 [TestNG-tests-1] DEBUG org.apache.http.wire -  << "54296875000000"},{"t":1586250000000,"price":"13762741312400000","supply":"100324658361699264.5263671875000000"},{"t":1586250900000,"price":"13762741312400000","supply":"100324725641056106.5673828125000000"},{"t":1586251800000,"price":"13767764089300000","supply":"100324768550197647.0947265625000000"},{"t":1586252700000,"price":"13769363172500000","supply":"100324830170315399.169921875000000"},{"t":1586253600000,"price":"13772589432500000","supply":"100324823579298782.3486328125000000"},{"t":1586254500000,"price":"13772589432500000","supply":"100324934586587341.30859375000000"},{"t":1586255400000,"price":"13808844650600000","supply":"100324986748640930.17578125000000"},{"t":1586256300000,"price":"13829996912100000","supply":"100325038909855087.2802734375000000"},{"t":1586257200000,"price":"13843644077300000","supply":"100325091070679000.8544921875000000"},{"t":1586258100000,"price":"13843644077300000","supply":"100325143168180313.1103515625000000"},{"t":1586259000000,"price":"13846915931200000","supply":"100325195376891067.5048828125000000"},{"t":1586259900000,"price":"13846915931200000","supply":"100325247657194229.1259765625000000"},{"t":1586260800000,"price":"13813037079000000","supply":"100325299896826553.3447265625000000"},{"t":1586261700000,"price":"13813037079000000","supply":"100325351739738998.4130859375000000"},{"t":1586262600000,"price":"13869298624700000","supply":"100325403865156341.552734375000000"},{"t""
13:32:15.586 [TestNG-tests-1] DEBUG org.apache.http.wire -  << ":1586263500000,"price":"13869298624700000","supply":"100325456065117431.640625000000"},{"t":1586264400001,"price":"13842897879500000","supply":"100325508094532562.255859375000000"},{"t":1586265300000,"price":"13842897879500000","supply":"100325560314805450.439453125000000"},{"t":1586266200000,"price":"13811159374100000","supply":"100325585810216491.69921875000000"},{"t":1586267100000,"price":"13811159374100000","supply":"100325664241049774.169921875000000"},{"t":1586268000000,"price":"13842760669200000","supply":"100325716692577972.412109375000000"},{"t":1586268900001,"price":"13842760669200000","supply":"100325768567227386.474609375000000"},{"t":1586269800000,"price":"13822958347100000","supply":"100325821030475784.3017578125000000"},{"t":1586270700001,"price":"13765459227500000","supply":"100325873347074584.9609375000000"},{"t":1586271600000,"price":"13708007974500000","supply":"100325918319916564.94140625000000"},{"t":1586272500000,"price":"13708007974500000","supply":"100325977848513610.83984375000000"},{"t":1586273400000,"price":"13708007974500000","supply":"100326027816814544.677734375000000"},{"t":1586274300000,"price":"13708007974500000","supply":"100326082072759033.203125000000"},{"t":1586275200000,"price":"13760398913800000","supply":"100326109538259109.4970703125000000"},{"t":1586276100000,"price":"13760398913800000","supply":"100326186312696029.6630859375000000"},{"t":1586277000000,"price":"13776257629800000","supply":"100326192059475234.9853515625000000"},{"t":1586277900000,"price":"13785510727600000","supply":"100326290559544677.734375000000"},{"t":1586278800000,"price":"13828574941300000","supply":"100326330091527313.232421875000000"},{"t":1586279700000,"price":"13828574941300000","supply":"100326394539969100.9521484375000000"},{"t":1586280600000,"price":"13838829664400000","supply":"100326446771478759.765625000000"},{"t":1586281500000,"price":"13839972181900000","supply":"100326496989966308.59375000000"},{"t":1586282400000,"price":"13838829664400000","supply":"100326548932964492.7978515625000000"},{"t":1586283300000,"price":"13838829664400000","supply":"100326600977585998.53515625000000"},{"t":1586284200000,"price":"13819570134500000","supply":"100326652976560501.0986328125000000"},{"t":1586285100000,"price":"13819064636900000","supply":"100326705127681320.1904296875000000"},{"t":1586286000000,"price":"13804012702700000","supply":"100326739918638320.9228515625000000"},{"t":1586286900000,"price":"13804012702700000","supply":"100326809511084030.1513671875000000"},{"t":1586287800000,"price":"13804012702700000","supply":"100326861705563522.3388671875000000"},{"t":1586288700000,"price":"13816330815300000","supply":"100326913359795578.0029296875000000"},{"t":1586289600000,"price":"13817218058700000","supply":"100326965115593627.9296875000000"},{"t":1586290500000,"price":"13817218058700000","supply":"100327016933228668."
13:32:15.765 [TestNG-tests-1] DEBUG org.apache.http.wire -  << "212890625000000"},{"t":1586291400000,"price":"13780004546500000","supply":"100327068877118469.23828125000000"},{"t":1586292300000,"price":"13598330403400000"},{"t":1586293200000,"price":"13366155977200000","supply":"100327172690356430.0537109375000000"},{"t":1586294100000,"price":"13366155977200000","supply":"100327224530310607.91015625000000"},{"t":1586295000000,"price":"13331370038900000","supply":"100327254494558074.951171875000000"},{"t":1586295900000,"price":"13329855772600000","supply":"100327329074376739.501953125000000"},{"t":1586296800000,"price":"13348658809500000","supply":"100327381167638214.111328125000000"},{"t":1586297700000,"price":"13348658809500000","supply":"100327433406514419.5556640625000000"},{"t":1586298600000,"price":"13373110483700000","supply":"100327485588652648.92578125000000"},{"t":1586299500000,"price":"13373110483700000","supply":"100327537794697311.4013671875000000"},{"t":1586300400000,"price":"13353761945500000","supply":"100327557606901489.2578125000000"},{"t":1586301300000,"price":"13353761945500000","supply":"100327642422517684.9365234375000000"},{"t":1586302200000,"price":"13341554815100000","supply":"100327694182838470.458984375000000"},{"t":1586303100000,"price":"13299403057500000","supply":"100327746318788238.525390625000000"},{"t":1586304000000,"price":"13261614822400000","supply":"100327798844736221.3134765625000000"},{"t":1586304900000,"price":"13261614822400000","supply":"100327850526668563.8427734375000000"},{"t":1586305800000,"price":"13243903197800000","supply":"100327891681629684.4482421875000000"},{"t":1586306700001,"price":"13243804071100000","supply":"100327954947757568.359375000000"},{"t":1586307600001,"price":"13243804071100000","supply":"100328006523784637.451171875000000"},{"t":1586308500000,"price":"13243804071100000","supply":"100328057964331680.2978515625000000"},{"t":1586309400000,"price":"13237633439600000","supply":"100328088916085601.806640625000000"},{"t":1586310300000,"price":"13242932484200000","supply":"100328162302191711.42578125000000"},{"t":1586311200000,"price":"13226197945300000","supply":"100328201118693145.751953125000000"},{"t":1586312100000,"price":"13226197945300000","supply":"100328266688722518.9208984375000000"},{"t":1586313000000,"price":"13219317140300000","supply":"100328318894130905.1513671875000000"},{"t":1586313900000,"price":"13219317140300000","supply":"100328371169820541.3818359375000000"},{"t":1586314800000,"price":"13328490587100000","supply":"100328423638718948.3642578125000000"},{"t":1586315700000,"price":"13328490587100000","supply":"100328475632241134.6435546875000000"},{"t":1586316600000,"price":"13357361627300000","supply":"100328527839051452.63671875000000"},{"t":1586317500000,"price":"13448912667900000","supply":"100328580251010070.80078125000000"},{"t":1586318400000,"price":"13491530686800000","supply":"100328619265673202.5146484375"
13:32:15.867 [TestNG-tests-1] DEBUG org.apache.http.wire -  << "000000"},{"t":1586319300000,"price":"13491530686800000","supply":"100328684058406982.421875000000"},{"t":1586320200000,"price":"13538462147500000","supply":"100328735014158111.572265625000000"},{"t":1586321100000,"price":"13588801958800000","supply":"100328787258521987.9150390625000000"},{"t":1586322000000,"price":"13592506573300000","supply":"100328839341339721.6796875000000"},{"t":1586322900000,"price":"13592506573300000","supply":"100328891113867355.3466796875000000"},{"t":1586323800000,"price":"13635704663500000","supply":"100328943127493988.037109375000000"},{"t":1586324700000,"price":"13668520071500000","supply":"100328995460789428.7109375000000"},{"t":1586325600000,"price":"13668520071500000","supply":"100329019624282501.220703125000000"},{"t":1586326500000,"price":"13668520071500000","supply":"100329099475525192.2607421875000000"},{"t":1586327400000,"price":"13664235301800000","supply":"100329151385424041.748046875000000"},{"t":1586328300000,"price":"13663703528700000","supply":"100329202727747421.2646484375000000"},{"t":1586329200000,"price":"13642572062900000","supply":"100329254939431945.80078125000000"},{"t":1586330100000,"price":"13642572062900000","supply":"100329306796348556.5185546875000000"},{"t":1586331000000,"price":"13598474022600000","supply":"100329359331051681.5185546875000000"},{"t":1586331900000,"price":"13587618617100000","supply":"100329411804485504.150390625000000"},{"t":1586332800000,"price":"13598474022600000","supply":"100329463664117630.0048828125000000"},{"t":1586333700000,"price":"13598474022600000","supply":"100329515842779098.5107421875000000"},{"t":1586334600000,"price":"13600851354400000","supply":"100329568024689239.501953125000000"},{"t":1586335500000,"price":"13600851354400000","supply":"100329619650309616.0888671875000000"},{"t":1586336400000,"price":"13593580383500000","supply":"100329671955067916.8701171875000000"},{"t":1586337300000,"price":"13593580383500000","supply":"100329724145355453.4912109375000000"},{"t":1586338200000,"price":"13593580383500000","supply":"100329776248985290.52734375000000"},{"t":1586339100000,"price":"13597005521100000","supply":"100329828122045272.8271484375000000"},{"t":1586340000001,"price":"13591569427100000","supply":"100329880188599319.4580078125000000"},{"t":1586340900000,"price":"13591569427100000","supply":"100329932254569183.349609375000000"},{"t":1586341800000,"price":"13597005521100000","supply":"100329984351127365.1123046875000000"},{"t":1586342700000,"price":"13611576250900000","supply":"100330035931844284.0576171875000000"},{"t":1586343600000,"price":"13611576250900000","supply":"100330088883126281.73828125000000"},{"t":1586344500000,"price":"13611576250900000","supply":"100330140771494949.3408203125000000"},{"t":1586345400000,"price":"13511444076300000","supply":"100330191652825805.6640625000000"},{"t":1586346300000,"price":"13511118053200000","
13:32:16.046 [TestNG-tests-1] DEBUG org.apache.http.wire -  << ""supply":"100330245092076354.98046875000000"},{"t":1586347200000,"price":"13501110116000000","supply":"100330297400539871.2158203125000000"},{"t":1586348100000,"price":"13501110116000000","supply":"100330349377208847.0458984375000000"},{"t":1586349000000,"price":"13501110116000000","supply":"100330389491183273.3154296875000000"},{"t":1586349900000,"price":"13501110116000000","supply":"100330453597738357.5439453125000000"},{"t":1586350800000,"price":"13488228722300000","supply":"100330505827569763.18359375000000"},{"t":1586351700000,"price":"13488228722300000","supply":"100330557729037078.857421875000000"},{"t":1586352600001,"price":"13479282766200000","supply":"100330606804513275.146484375000000"},{"t":1586353500000,"price":"13482147522100000","supply":"100330661447994476.318359375000000"},{"t":1586354400000,"price":"13497237131600000","supply":"100330713426279647.8271484375000000"},{"t":1586355300000,"price":"13497237131600000","supply":"100330765606053985.595703125000000"},{"t":1586356200000,"price":"13508407521200000","supply":"100330810667635742.1875000000"},{"t":1586357100000,"price":"13509318266100000","supply":"100330869149835250.8544921875000000"},{"t":1586358000000,"price":"13517855523200000","supply":"100330918137538391.11328125000000"},{"t":1586358900000,"price":"13517855523200000","supply":"100330972856476684.5703125000000"},{"t":1586359800000,"price":"13533705979600000","supply":"100331024681305969.23828125000000"},{"t":1586360700000,"price":"13604442956800000","supply":"100331076894886535.64453125000000"},{"t":1586361600000,"price":"13608031669700000","supply":"100331123526036392.2119140625000000"},{"t":1586362500000,"price":"13608031669700000","supply":"100331179996579071.044921875000000"},{"t":1586363400000,"price":"13609597025300000","supply":"100331178781452011.1083984375000000"},{"t":1586364300001,"price":"13616162626800000","supply":"100331284062129287.7197265625000000"},{"t":1586365200000,"price":"13656546948100000","supply":"100331335753434478.759765625000000"},{"t":1586366100000,"price":"13656546948100000","supply":"100331388173542663.57421875000000"},{"t":1586367000000,"price":"13692846424300000","supply":"100331440330227340.6982421875000000"},{"t":1586367900000,"price":"13692846424300000","supply":"100331492390607742.3095703125000000"},{"t":1586368800000,"price":"13676087839300000","supply":"100331542462201095.5810546875000000"},{"t":1586369700000,"price":"13676087839300000","supply":"100331596471665817.2607421875000000"},{"t":1586370600000,"price":"13643832261200000","supply":"100331646350297409.0576171875000000"},{"t":1586371500000,"price":"13643832261200000","supply":"100331700852456329.345703125000000"},{"t":1586372400000,"price":"13646243536800000","supply":"100331752875990295.41015625000000"},{"t":1586373300000,"price":"13646243536800000","supply":"100331805061837768.5546875000000"},{"t":1586374200"
13:32:16.046 [TestNG-tests-1] DEBUG org.apache.http.wire -  << "000,"price":"13649902070700000","supply":"100331854987752807.6171875000000"},{"t":1586375100000,"price":"13649902070700000","supply":"100331908292220230.1025390625000000"},{"t":1586376000000,"price":"13623810525700000","supply":"100331960088271148.681640625000000"},{"t":1586376900000,"price":"13623810525700000","supply":"100332012287380798.33984375000000"},{"t":1586377800001,"price":"13623810525700000","supply":"100332009176707336.42578125000000"},{"t":1586378700000,"price":"13654607498000000","supply":"100332116336540679.931640625000000"},{"t":1586379600000,"price":"13673420740300000","supply":"100332168677161071.77734375000000"},{"t":1586380500000,"price":"13673420740300000","supply":"100332220427092910.7666015625000000"},{"t":1586381400000,"price":"13688303708600000","supply":"100332272685635330.2001953125000000"},{"t":1586382300000,"price":"13691192083900000","supply":"100332324920717971.8017578125000000"},{"t":1586383200000,"price":"13692226042700000","supply":"100332377199364181.5185546875000000"},{"t":1586384100000,"price":"13692226042700000","supply":"100332429092254302.978515625000000"},{"t":1586385000000,"price":"13684260484900000","supply":"100332481472472778.3203125000000"},{"t":1586385900000,"price":"13684018333200000","supply":"100332533709208618.1640625000000"},{"t":1586386800000,"price":"13678209424300000","supply":"100332585192910339.35546875000000"},{"t":1586387700000,"price":"13678209424300000","su"
13:32:16.148 [TestNG-tests-1] DEBUG org.apache.http.wire -  << "pply":"100332637369600631.7138671875000000"},{"t":1586388600000,"price":"13678209424300000","supply":"100332687239487014.7705078125000000"},{"t":1586389500000,"price":"13702406136100000","supply":"100332741299509124.755859375000000"},{"t":1586390400000,"price":"13708092073100000","supply":"100332793333992034.912109375000000"},{"t":1586391300000,"price":"13708092073100000","supply":"100332845098637451.171875000000"},{"t":1586392200000,"price":"13691570647500000","supply":"100332872710110351.5625000000"},{"t":1586393100000,"price":"13691570647500000","supply":"100332949547190460.205078125000000"},{"t":1586394000000,"price":"13739609987500000","supply":"100332999955744552.6123046875000000"},{"t":1586394900000,"price":"13739609987500000","supply":"100333053496313385.009765625000000"},{"t":1586395800000,"price":"13739609987500000","supply":"100333104352150634.765625000000"},{"t":1586396700000,"price":"13690744760500000","supply":"100333157998637359.619140625000000"},{"t":1586397600000,"price":"13674065407000000","supply":"100333157998637359.619140625000000"},{"t":1586398500000,"price":"13674065407000000","supply":"100333262833769226.07421875000000"},{"t":1586399400000,"price":"13621748122300000","supply":"100333315089058883.6669921875000000"},{"t":1586400300000,"price":"13616327937900000","supply":"100333367586432647.705078125000000"},{"t":1586401200000,"price":"13609359705000000","supply":"100333419825135848.9990234375000000"},{"t":1586402100000,"price":"13609359705000000","supply":"100333471883207977.294921875000000"},{"t":1586403000000,"price":"13610077988500000","supply":"100333524123375289.9169921875000000"},{"t":1586403900000,"price":"13622348066300000","supply":"100333576155772216.796875000000"},{"t":1586404800000,"price":"13622348066300000","supply":"100333628326847747.802734375000000"},{"t":1586405700000,"price":"13622348066300000","supply":"100333680607954330.4443359375000000"},{"t":1586406600000,"price":"13562057782600000","supply":"100333732133162490.8447265625000000"},{"t":1586407500000,"price":"13540356662400000","supply":"100333784650451553.3447265625000000"},{"t":1586408400000,"price":"13540356662400000","supply":"100333837250830657.958984375000000"},{"t":1586409300000,"price":"13540356662400000","supply":"100333889743852340.6982421875000000"},{"t":1586410200001,"price":"13567321602700000","supply":"100333941714109603.8818359375000000"},{"t":1586411100000,"price":"13571497782300000","supply":"100333993861912490.8447265625000000"},{"t":1586412000000,"price":"13583638297200000","supply":"100334046261940734.86328125000000"},{"t":1586412900000,"price":"13583638297200000","supply":"100334098114116073.6083984375000000"},{"t":1586413800000,"price":"13583638297200000","supply":"100334148732185211.181640625000000"},{"t":1586414700000,"price":"13586943447500000","supply":"100334202374598312.3779296875000000"},{"t":1586415600000"
13:32:16.325 [TestNG-tests-1] DEBUG org.apache.http.wire -  << ","price":"13586943447500000","supply":"100334254482230072.021484375000000"},{"t":1586416500000,"price":"13586943447500000","supply":"100334306628744766.2353515625000000"},{"t":1586417400000,"price":"13591627479500000","supply":"100334358813043609.619140625000000"},{"t":1586418300000,"price":"13594220491800000","supply":"100334410758035903.9306640625000000"},{"t":1586419200000,"price":"13597413907500000","supply":"100334462213916336.0595703125000000"},{"t":1586420100000,"price":"13597413907500000","supply":"100334515326424407.958984375000000"},{"t":1586421000000,"price":"13609063027500000","supply":"100334567468891998.291015625000000"},{"t":1586421900000,"price":"13627893200900000","supply":"100334618942989120.4833984375000000"},{"t":1586422800001,"price":"13634082482800000","supply":"100334671129123001.0986328125000000"},{"t":1586423700001,"price":"13634082482800000","supply":"100334723188936264.0380859375000000"},{"t":1586424600000,"price":"13631249542400000","supply":"100334775623014328.0029296875000000"},{"t":1586425500000,"price":"13627532761900000","supply":"100334827917950500.48828125000000"},{"t":1586426400000,"price":"13615659547200000","supply":"100334879798017745.9716796875000000"},{"t":1586427300000,"price":"13615659547200000","supply":"100334932276436767.578125000000"},{"t":1586428200000,"price":"13612063824900000","supply":"100334984591862854.00390625000000"},{"t":1586429100000,"price":"13612063824900000","supply":"100335036967684402.4658203125000000"},{"t":1586430000000,"price":"13619268182200000","supply":"100335046723512420.654296875000000"},{"t":1586430900000,"price":"13619268182200000","supply":"100335141494336288.4521484375000000"},{"t":1586431800000,"price":"13634507220400000","supply":"100335193822075347.900390625000000"},{"t":1586432700001,"price":"13638932769300000","supply":"100335246260026168.8232421875000000"},{"t":1586433600000,"price":"13638932769300000","supply":"100335298401021682.7392578125000000"},{"t":1586434500000,"price":"13638932769300000","supply":"100335350069839431.7626953125000000"},{"t":1586435400000,"price":"13613494426900000","supply":"100335402598120559.6923828125000000"},{"t":1586436300000,"price":"13461600719600000","supply":"100335454802412948.6083984375000000"},{"t":1586437200000,"price":"13443518939800000","supply":"100335506910947937.01171875000000"},{"t":1586438100000,"price":"13443518939800000","supply":"100335559303181732.177734375000000"},{"t":1586439000001,"price":"13483427883000000","supply":"100335550746249679.5654296875000000"},{"t":1586439900000,"price":"13519922899100000","supply":"100335664049017517.08984375000000"},{"t":1586440800000,"price":"13548802921600000","supply":"100335716292374206.54296875000000"},{"t":1586441700000,"price":"13548802921600000","supply":"100335768433439605.712890625000000"},{"t":1586442600000,"price":"13548802921600000","supply":"1003358193647"
13:32:16.427 [TestNG-tests-1] DEBUG org.apache.http.wire -  << "33642.578125000000"},{"t":1586443500000,"price":"13554816293300000","supply":"100335871691601562.5000000"},{"t":1586444400000,"price":"13560610079100000","supply":"100335923860691894.53125000000"},{"t":1586445300000,"price":"13560610079100000","supply":"100335975851953369.140625000000"},{"t":1586446200000,"price":"13554816293300000","supply":"100336027746058288.57421875000000"},{"t":1586447100000,"price":"13551613303200000","supply":"100336079782266479.4921875000000"},{"t":1586448000000,"price":"13509817921500000","supply":"100336131689676971.435546875000000"},{"t":1586448900000,"price":"13509817921500000","supply":"100336183753774856.5673828125000000"},{"t":1586449800000,"price":"13483694858600000","supply":"100336236289800308.2275390625000000"},{"t":1586450700000,"price":"13466522421600000","supply":"100336288559247528.076171875000000"},{"t":1586451600000,"price":"13447611449000000","supply":"100336340601110748.291015625000000"},{"t":1586452500000,"price":"13447611449000000","supply":"100336392934501556.396484375000000"},{"t":1586453400001,"price":"13436822932100000","supply":"100336445113054977.4169921875000000"},{"t":1586454300000,"price":"13436740361100000","supply":"100336497401941879.2724609375000000"},{"t":1586455200000,"price":"13436822932100000","supply":"100336549828684936.5234375000000"},{"t":1586456100000,"price":"13436822932100000","supply":"100336601667633087.158203125000000"},{"t":1586457000000,"price"
13:32:17.719 [TestNG-tests-1] DEBUG org.apache.http.wire -  << "":"13449779809300000","supply":"100336654016728668.212890625000000"},{"t":1586457900000,"price":"13453032910700000","supply":"100336706267501327.5146484375000000"},{"t":1586458800000,"price":"13453284714500000","supply":"100336758750049499.51171875000000"},{"t":1586459700000,"price":"13453284714500000","supply":"100336810803855606.0791015625000000"},{"t":1586460600000,"price":"13437628619400000","supply":"100336863076557342.529296875000000"},{"t":1586461500000,"price":"13409601446300000","supply":"100336915228023132.32421875000000"},{"t":1586462400000,"price":"13400838704800000","supply":"100336967392624969.482421875000000"},{"t":1586463300000,"price":"13400838704800000","supply":"100337019734066726.6845703125000000"},{"t":1586464200000,"price":"13379605814800000","supply":"100337072013340332.03125000000"},{"t":1586465100001,"price":"13364704719100000","supply":"100337124296328765.869140625000000"},{"t":1586466000000,"price":"13352968821200000","supply":"100337176528783279.4189453125000000"},{"t":1586466900000,"price":"13352968821200000","supply":"100337227570248291.015625000000"},{"t":1586467800000,"price":"13364704719100000","supply":"100337279999641677.8564453125000000"},{"t":1586468700000,"price":"13374573270500000","supply":"100337332327856430.0537109375000000"},{"t":1586469600000,"price":"13432877008300000","supply":"100337363354446197.509765625000000"},{"t":1586470500000,"price":"13432877008300000","supply":"1"
13:32:18.000 [TestNG-tests-1] DEBUG org.apache.http.wire -  << "00337436656866256.7138671875000000"},{"t":1586471400001,"price":"13452567606200000","supply":"100337488974758071.8994140625000000"},{"t":1586472300000,"price":"13458308456800000","supply":"100337541087876739.501953125000000"},{"t":1586473200000,"price":"13461788500000000","supply":"100337593103146041.8701171875000000"},{"t":1586474100000,"price":"13461788500000000","supply":"100337645100909378.0517578125000000"},{"t":1586475000000,"price":"13466025900700000","supply":"100337697343633666.9921875000000"},{"t":1586475900001,"price":"13466025900700000","supply":"100337749613169540.4052734375000000"},{"t":1586476800000,"price":"13469476618000000","supply":"100337801786765823.3642578125000000"},{"t":1586477700001,"price":"13469476618000000"},{"t":1586478600000,"price":"13465977464300000","supply":"100337816756141738.8916015625000000"},{"t":1586479500000,"price":"13475654206300000","supply":"100337957371730758.6669921875000000"},{"t":1586480400000,"price":"13498692788900000","supply":"100338009434102279.6630859375000000"},{"t":1586481300000,"price":"13498692788900000","supply":"100338061375230072.021484375000000"},{"t":1586482200000,"price":"13498692788900000","supply":"100338090545960006.7138671875000000"},{"t":1586483100000,"price":"13470834791200000","supply":"100338165778907089.2333984375000000"},{"t":1586484000000,"price":"13410519749400000","supply":"100338210473585159.3017578125000000"},{"t":1586484900000,"price":"13410519749400000","supply":"100338268980205749.51171875000000"},{"t":1586485800001,"price":"13387303277100000","supply":"100338320689287155.1513671875000000"},{"t":1586486700000,"price":"13386438300400000","supply":"100338372629573120.1171875000000"},{"t":1586487600001,"price":"13364414112500000","supply":"100338424548553329.4677734375000000"},{"t":1586488500000,"price":"13364414112500000","supply":"100338476606011428.8330078125000000"},{"t":1586489400000,"price":"13297678061000000","supply":"100338528909021011.3525390625000000"},{"t":1586490300000,"price":"13277008725700000","supply":"100338580872055999.755859375000000"},{"t":1586491200000,"price":"13249219719800000","supply":"100338633310246170.0439453125000000"},{"t":1586492100000,"price":"13249219719800000","supply":"100338685347479400.634765625000000"},{"t":1586493000000,"price":"13082571590500000","supply":"100338737116184951.7822265625000000"},{"t":1586493900000,"price":"12956877141700000","supply":"100338789192397903.4423828125000000"},{"t":1586494800000,"price":"12956877141700000","supply":"100338841592494812.01171875000000"},{"t":1586495700000,"price":"12956877141700000","supply":"100338893355266876.220703125000000"},{"t":1586496600000,"price":"12956877141700000","supply":"100338893355266876.220703125000000"},{"t":1586497500001,"price":"12823242200600000","supply":"100338997895712997.4365234375000000"},{"t":1586498400000,"price":"12621431289000000","supply":"
13:32:18.281 [TestNG-tests-1] DEBUG org.apache.http.wire -  << ""100339050131422653.1982421875000000"},{"t":1586499300001,"price":"12621431289000000","supply":"100339102167059005.7373046875000000"},{"t":1586500200000,"price":"12621431289000000","supply":"100339153902278549.1943359375000000"},{"t":1586501100000,"price":"12693488735800000","supply":"100339206104704132.080078125000000"},{"t":1586502000000,"price":"12707198712300000","supply":"100339243885064956.6650390625000000"},{"t":1586502900000,"price":"12707198712300000","supply":"100339309989116210.9375000000"},{"t":1586503800000,"price":"12700961277400000","supply":"100339362175179809.5703125000000"},{"t":1586504700000,"price":"12599644245000000","supply":"100339413923894241.3330078125000000"},{"t":1586505600000,"price":"12574978936500000","supply":"100339466171937927.24609375000000"},{"t":1586506500000,"price":"12574978936500000","supply":"100339518345602569.580078125000000"},{"t":1586507400000,"price":"12582228043400000","supply":"100339550429591445.9228515625000000"},{"t":1586508300001,"price":"12582228043400000","supply":"100339621966699325.5615234375000000"},{"t":1586509200000,"price":"12576443674200000","supply":"100339672953477096.5576171875000000"},{"t":1586510100000,"price":"12576443674200000","supply":"100339725121361999.51171875000000"},{"t":1586511000001,"price":"12566009307900000","supply":"100339763758751998.9013671875000000"},{"t":1586511900000,"price":"12558824280000000","supply":"100339829136865951.5380859375000000"},{"t":1586512800000,"price":"12516638056500000","supply":"100339881062919387.8173828125000000"},{"t":1586513700000,"price":"12516638056500000","supply":"100339933275165954.58984375000000"},{"t":1586514600000,"price":"12470507626200000","supply":"100339972042787780.76171875000000"},{"t":1586515500000,"price":"12470507626200000","supply":"100340037642820358.2763671875000000"},{"t":1586516400000,"price":"12497900828900000","supply":"100340089869575561.5234375000000"},{"t":1586517300000,"price":"12497900828900000","supply":"100340142097239364.6240234375000000"},{"t":1586518200000,"price":"12506122005900000","supply":"100340194111275436.4013671875000000"},{"t":1586519100000,"price":"12509846697900000","supply":"100340246223565643.310546875000000"},{"t":1586520000001,"price":"12506122005900000","supply":"100340298456738952.63671875000000"},{"t":1586520900001,"price":"12506122005900000","supply":"100340349929121627.8076171875000000"},{"t":1586521800000,"price":"12497507314100000","supply":"100340401960900131.2255859375000000"},{"t":1586522700001,"price":"12497507314100000","supply":"100340454175864868.1640625000000"},{"t":1586523600000,"price":"12517481724700000","supply":"100340506118074356.0791015625000000"},{"t":1586524500000,"price":"12517481724700000","supply":"100340558331897521.97265625000000"},{"t":1586525400000,"price":"12523088640400000","supply":"100340610565092376.708984375000000"},{"t":1586526300000,"price":"12523088640400000","supply":"100340662931354797.36328125000000"},{"t":1586527200000,"price":"12490822562700000","supply":"100340715255084167.48046875000000"},{"t":1586528100000,"price":"12490822562700000","supply":"100340767082317047.119140625000000"},{"t":1586529000000,"price":"12435538260800000","supply":"100340819142804000.8544921875000000"},{"t":1586529900000,"price":"12413280342600000","supply":"100340867918484771.728515625000000"},{"t":1586530800000,"price":"12382436180600000","supply":"100340907899602584.8388671875000000"},{"t":1586531700001,"price":"12382436180600000","supply":"100340971843669784.5458984375000000"},{"t":1586532600000,"price":"12342235659600000","supply":"100341022825470489.501953125000000"},{"t":1586533500000,"price":"12328758657100000","supply":"100341074518248214.7216796875000000"},{"t":1586534400000,"price":"12218726224300000","supply":"100341126575999938.96484375000000"},{"t":1586535300000,"price":"12218726224300000","supply":"100341178781472549.4384765625000000"},{"t":1586536200000,"price":"12190782381000000","supply":"100341230808977340.6982421875000000"},{"t":1586537100000,"price":"12218726224300000","supply":"100341282912859970.0927734375000000"},{"t":1586538000000,"price":"12257343414400000","supply":"100341335046514892.578125000000"},{"t":1586538900000,"price":"12257343414400000","supply":"100341387221622817.9931640625000000"},{"t":1586539800000,"price":"12328254903200000","su"
13:32:18.282 [TestNG-tests-1] DEBUG org.apache.http.wire -  << "pply":"100341404955032089.2333984375000000"},{"t":1586540700000,"price":"12353761172800000","supply":"100341491506476242.0654296875000000"},{"t":1586541600000,"price":"12382514051500000","supply":"100341543826165832.51953125000000"},{"t":1586542500001,"price":"12382514051500000","supply":"100341595499306991.5771484375000000"},{"t":1586543400000,"price":"12390225756300000","supply":"100341638361734634.3994140625000000"},{"t":1586544300000,"price":"12396228387300000","supply":"100341699626608169.5556640625000000"},{"t":1586545200000,"price":"12397173909500000","supply":"100341751653234939.5751953125000000"},{"t":1586546100000,"price":"12397173909500000","supply":"100341803869491958.6181640625000000"},{"t":1586547000000,"price":"12427961530100000","supply":"100341751653234939.5751953125000000"},{"t":1586547900000,"price":"12427961530100000","supply":"100341907858195602.4169921875000000"},{"t":1586548800000,"price":"12439587080300000","supply":"100341957030574737.548828125000000"},{"t":1586549700000,"price":"12439587080300000","supply":"100342012255467025.7568359375000000"},{"t":1586550600000,"price":"12439587080300000","supply":"100342064431022445.6787109375000000"},{"t":1586551500000,"price":"12426829239600000","supply":"100342116685785034.1796875000000"},{"t":1586552400001,"price":"12414087947400000","supply":"100342138134014297.4853515625000000"},{"t":1586553300000,"price":"12414087947400000","supply":"100342220928616882.32421875000000"},{"t":1586554200000,"price":"12414087947400000","supply":"100342221970841033.935546875000000"},{"t":1586555100000,"price":"12409040758400000","supply":"100342324855566192.626953125000000"},{"t":1586556000000,"price":"12417834616300000","supply":"100342376820338211.0595703125000000"},{"t":1586556900000,"price":"12417834616300000","supply":"100342429137816314.697265625000000"},{"t":1586557800000,"price":"12421432404600000","supply":"100342481254566116.3330078125000000"},{"t":1586558700000,"price":"12436445766900000","supply":"100342533284537979.1259765625000000"},{"t":1586559600000,"price":"12438150647200000","supply":"100342585268394592.28515625000000"},{"t":1586560500000,"price":"12438150647200000","supply":"100342637532086090.087890625000000"},{"t":1586561400000,"price":"12440726455700000","supply":"100342689621894592.28515625000000"},{"t":1586562300000,"price":"12440726455700000","supply":"100342741438840698.2421875000000"},{"t":1586563200000,"price":"12440726455700000","supply":"100342790168370040.8935546875000000"},{"t":1586564100000,"price":"12440726455700000","supply":"100342845446152999.8779296875000000"},{"t":1586565000000,"price":"12486362083000000","supply":"100342897730063415.52734375000000"},{"t":1586565900000,"price":"12486362083000000","supply":"100342949979225219.7265625000000"},{"t":1586566800000,"price":"12524452560900000","supply":"100343001938636596.6796875000000"},{"t":1586567"
13:32:18.642 [TestNG-tests-1] DEBUG org.apache.http.wire -  << "700000,"price":"12524452560900000","supply":"100343054293071380.615234375000000"},{"t":1586568600000,"price":"12540400042900000","supply":"100343106493104537.9638671875000000"},{"t":1586569500000,"price":"12555491909200000","supply":"100343158469247329.7119140625000000"},{"t":1586570400000,"price":"12566787440200000","supply":"100343196150724319.4580078125000000"},{"t":1586571300000,"price":"12566787440200000","supply":"100343262690752288.818359375000000"},{"t":1586572200000,"price":"12599163666500000","supply":"100343314907355621.337890625000000"},{"t":1586573100001,"price":"12614073158400000","supply":"100343367072527770.99609375000000"},{"t":1586574000000,"price":"12637252305100000","supply":"100343395175625213.623046875000000"},{"t":1586574900000,"price":"12637252305100000","supply":"100343470056994018.5546875000000"},{"t":1586575800001,"price":"12669014340000000","supply":"100343501358215972.900390625000000"},{"t":1586576700000,"price":"12669014340000000","supply":"100343572350507537.841796875000000"},{"t":1586577600001,"price":"12671507659900000","supply":"100343566605598129.2724609375000000"},{"t":1586578500000,"price":"12671507659900000","supply":"100343676616749710.0830078125000000"},{"t":1586579400000,"price":"12742254536000000","supply":"100343711911897781.3720703125000000"},{"t":1586580300000,"price":"12758305528000000","supply":"100343779756834579.4677734375000000"},{"t":1586581200000,"price":"12758305528000000","supply":"100343832058870910.64453125000000"},{"t":1586582100000,"price":"12758305528000000","supply":"100343884193456390.380859375000000"},{"t":1586583000000,"price":"12727533530400000","supply":"100343924545954421.9970703125000000"},{"t":1586583900000,"price":"12727533530400000","supply":"100343988595361999.51171875000000"},{"t":1586584800000,"price":"12742288730800000","supply":"100344020337521148.681640625000000"},{"t":1586585700000,"price":"12742288730800000","supply":"100344092851734619.140625000000"},{"t":1586586600000,"price":"12760228278600000","supply":"100344144620017028.80859375000000"},{"t":1586587500000,"price":"12760228278600000","supply":"100344196524009262.0849609375000000"},{"t":1586588400000,"price":"12767212282600000","supply":"100344247690725433.349609375000000"},{"t":1586589300000,"price":"12767212282600000","supply":"100344299393608428.955078125000000"},{"t":1586590200000,"price":"12767212282600000","supply":"100344350812839477.5390625000000"},{"t":1586591100000,"price":"12712666099500000","supply":"100344401998850936.8896484375000000"},{"t":1586592000000,"price":"12666901330900000","supply":"100344453543295639.0380859375000000"},{"t":1586592900000,"price":"12666901330900000","supply":"100344505209358154.296875000000"},{"t":1586593800000,"price":"12661348788100000","supply":"100344494479866760.25390625000000"},{"t":1586594700000,"price":"12661692058800000","supply":"100344609497840652.4658203125000000"},{"t":1586595600000,"price":"12661692058800000","supply":"100344662006071228.02734375000000"},{"t":1586596500000,"price":"12661692058800000","supply":"100344713080682662.9638671875000000"},{"t":1586597400000,"price":"12671929183300000","supply":"100344765394367691.0400390625000000"},{"t":1586598300000,"price":"12667571578600000","supply":"100344817393225051.8798828125000000"},{"t":1586599200000,"price":"12665228377200000","supply":"100344860754471939.0869140625000000"},{"t":1586600100001,"price":"12665228377200000","supply":"100344921916082962.0361328125000000"},{"t":1586601000000,"price":"12645709344500000","supply":"100344974225023330.6884765625000000"},{"t":1586601900000,"price":"12645709344500000","supply":"100345026555819396.97265625000000"},{"t":1586602800000,"price":"12637973766100000","supply":"100345078942652130.126953125000000"},{"t":1586603700000,"price":"12637973766100000","supply":"100345131277521759.033203125000000"},{"t":1586604600000,"price":"12648087256400000","supply":"100345183624691879.2724609375000000"},{"t":1586605500001,"price":"12663113288100000","supply":"100345235898550598.14453125000000"},{"t":1586606400000,"price":"12699918142800000","supply":"100345288173420181.2744140625000000"},{"t":1586607300001,"price":"12699918142800000","supply":"100345339737157073.974609375000000"},{"t":1586608200000,"price":"12700859727900000","supply":"100345391763468841.552734375000000"},{"t":1"
13:32:18.642 [TestNG-tests-1] DEBUG org.apache.http.wire -  << "586609100000,"price":"12699918142800000","supply":"100345444070085632.32421875000000"},{"t":1586610000000,"price":"12691808922300000","supply":"100345496018650451.66015625000000"},{"t":1586610900000,"price":"12691808922300000","supply":"100345548084590301.513671875000000"},{"t":1586611800000,"price":"12683948359100000","supply":"100345577781138580.322265625000000"},{"t":1586612700000,"price":"12683948359100000","supply":"100345651906575759.8876953125000000"},{"t":1586613600000,"price":"12676871551700000","supply":"100345704003123306.2744140625000000"},{"t":1586614500000,"price":"12676871551700000","supply":"100345755917316284.1796875000000"},{"t":1586615400000,"price":"12655966175400000","supply":"100345807787463699.3408203125000000"},{"t":1586616300000,"price":"12610256923000000","supply":"100345859986721069.3359375000000"},{"t":1586617200000,"price":"12610256923000000","supply":"100345902013008651.7333984375000000"},{"t":1586618100000,"price":"12610256923000000","supply":"100345964072479522.705078125000000"},{"t":1586619000000,"price":"12610256923000000","supply":"100346016085811874.3896484375000000"},{"t":1586619900000,"price":"12600601577000000","supply":"100346068470804122.9248046875000000"},{"t":1586620800001,"price":"12600601577000000","supply":"100346120717665420.5322265625000000"},{"t":1586621700000,"price":"12600601577000000","supply":"100346172468387008.6669921875000000"},{"t":1586622600000,"price":"12633938941200000","supply":"100346224640674346.923828125000000"},{"t":1586623500000,"price":"12633938941200000","supply":"100346276853634658.8134765625000000"},{"t":1586624400000,"price":"12619873749600000","supply":"100346320859856445.3125000000"},{"t":1586625300000,"price":"12619873749600000","supply":"100346381096653930.6640625000000"},{"t":1586626200000,"price":"12537076405800000","supply":"100346433174207626.3427734375000000"},{"t":1586627100000,"price":"12526622418400000","supply":"100346485390173171.9970703125000000"},{"t":1586628000001,"price":"12515336715900000","supply":"100346530659793136.5966796875000000"},{"t":1586628900000,"price":"12515336715900000","supply":"100346589674530044.5556640625000000"},{"t":1586629800000,"price":"12512540897900000","supply":"100346641833194961.5478515625000000"},{"t":1586630700000,"price":"12470920599100000","supply":"100346694157781738.28125000000"},{"t":1586631600000,"price":"12470920599100000"},{"t":1586632500000,"price":"12470920599100000","supply":"100346798405853591.9189453125000000"},{"t":1586633400000,"price":"12477748004700000","supply":"100346840878980651.85546875000000"},{"t":1586634300000,"price":"12477748004700000","supply":"100346902767088088.9892578125000000"},{"t":1586635200000,"price":"12466052882400000","supply":"100346954998252334.5947265625000000"},{"t":1586636100000,"price":"12466052882400000","supply":"100347007083602859.4970703125000000"},{"t":1586637000001"
13:32:18.923 [TestNG-tests-1] DEBUG org.apache.http.wire -  << ","price":"12451091701300000","supply":"100347056318397399.90234375000000"},{"t":1586637900000,"price":"12429882385300000","supply":"100347111014409439.0869140625000000"},{"t":1586638800000,"price":"12404550610600000","supply":"100347163201193237.3046875000000"},{"t":1586639700000,"price":"12404550610600000","supply":"100347215263454681.396484375000000"},{"t":1586640600000,"price":"12404550610600000","supply":"100347264144810577.392578125000000"},{"t":1586641500000,"price":"12392016689200000","supply":"100347318496208709.716796875000000"},{"t":1586642400000,"price":"12381945140200000","supply":"100347370282855545.0439453125000000"},{"t":1586643300000,"price":"12381945140200000","supply":"100347422597991363.525390625000000"},{"t":1586644200000,"price":"12419288774900000","supply":"100347474544696563.720703125000000"},{"t":1586645100000,"price":"12455336037300000","supply":"100347526679270690.91796875000000"},{"t":1586646000000,"price":"12490238636500000","supply":"100347579057812179.5654296875000000"},{"t":1586646900000,"price":"12490238636500000","supply":"100347631235969253.5400390625000000"},{"t":1586647800000,"price":"12499930317400000","supply":"100347683451487777.7099609375000000"},{"t":1586648700000,"price":"12499930317400000","supply":"100347735489362884.521484375000000"},{"t":1586649600001,"price":"12487819395900000","supply":"100347787294375350.9521484375000000"},{"t":1586650500000,"price":"12487819395900000","supply":"100347837995271270.751953125000000"},{"t":1586651400000,"price":"12493173808300000","supply":"100347890092058120.7275390625000000"},{"t":1586652300000,"price":"12537305304300000","supply":"100347942279338302.6123046875000000"},{"t":1586653200000,"price":"12561703679700000","supply":"100347982703091812.1337890625000000"},{"t":1586654100000,"price":"12561703679700000","supply":"100348046821866790.771484375000000"},{"t":1586655000000,"price":"12561791795500000","supply":"100348099106649276.7333984375000000"},{"t":1586655900000,"price":"12561791795500000","supply":"100348151482093017.578125000000"},{"t":1586656800000,"price":"12564034755200000","supply":"100348203714349594.1162109375000000"},{"t":1586657700000,"price":"12564034755200000","supply":"100348255726279678.3447265625000000"},{"t":1586658600000,"price":"12563977356300000","supply":"100348308037108657.8369140625000000"},{"t":1586659500000,"price":"12457216898200000","supply":"100348360431502227.783203125000000"},{"t":1586660400000,"price":"12452579837400000","supply":"100348412662414077.7587890625000000"},{"t":1586661300000,"price":"12452579837400000","supply":"100348464664935379.0283203125000000"},{"t":1586662200000,"price":"12454018181700000","supply":"100348516817840515.13671875000000"},{"t":1586663100000,"price":"12465551187500000","supply":"100348569218503509.521484375000000"},{"t":1586664000000,"price":"12468108619500000","supply":"10034862148518"
13:32:18.923 [TestNG-tests-1] DEBUG org.apache.http.wire -  << "7637.3291015625000000"},{"t":1586664900000,"price":"12468108619500000","supply":"100348673404170242.3095703125000000"},{"t":1586665800000,"price":"12435004553700000","supply":"100348725638824661.2548828125000000"},{"t":1586666700000,"price":"12424849824900000","supply":"100348777767537322.998046875000000"},{"t":1586667600001,"price":"12424849824900000","supply":"100348829833358810.4248046875000000"},{"t":1586668500000,"price":"12424849824900000","supply":"100348882110241592.4072265625000000"},{"t":1586669400000,"price":"12427644493500000","supply":"100348934271676269.53125000000"},{"t":1586670300000,"price":"12435027437100000","supply":"100348986223696258.544921875000000"},{"t":1586671200001,"price":"12441261005800000","supply":"100349038154918777.4658203125000000"},{"t":1586672100001,"price":"12441261005800000","supply":"100349089724923690.7958984375000000"},{"t":1586673000000,"price":"12449457335800000","supply":"100349141871877685.546875000000"},{"t":1586673900000,"price":"12453410818100000","supply":"100349194198881744.384765625000000"},{"t":1586674800000,"price":"12453410818100000","supply":"100349244939402221.6796875000000"},{"t":1586675700000,"price":"12453410818100000","supply":"100349298527807922.36328125000000"},{"t":1586676600000,"price":"12455179346000000","supply":"100349337678627792.3583984375000000"},{"t":1586677500000,"price":"12451687326300000","supply":"100349402832301010.1318359375000000"},{"t":158"
13:32:18.924 [TestNG-tests-1] DEBUG org.apache.http.wire -  << "6678400000,"price":"12451687326300000","supply":"100349455025296371.4599609375000000"},{"t":1586679300000,"price":"12451687326300000","supply":"100349507027029693.603515625000000"},{"t":1586680200000,"price":"12451687326300000","supply":"100349546239645278.9306640625000000"},{"t":1586681100000,"price":"12452905034700000","supply":"100349611061608047.4853515625000000"},{"t":1586682000001,"price":"12455074181300000","supply":"100349663275565505.9814453125000000"},{"t":1586682900000,"price":"12455074181300000","supply":"100349715306248123.1689453125000000"},{"t":1586683800000,"price":"12466547993000000","supply":"100349765766469894.4091796875000000"},{"t":1586684700000,"price":"12466547993000000","supply":"100349819719442825.3173828125000000"},{"t":1586685600000,"price":"12510914412500000","supply":"100349871928630508.4228515625000000"},{"t":1586686500000,"price":"12510914412500000","supply":"100349924096019027.7099609375000000"},{"t":1586687400000,"price":"12559899481600000","supply":"100349975262433959.9609375000000"},{"t":1586688300000,"price":"12559899481600000","supply":"100350027605298599.2431640625000000"},{"t":1586689200000,"price":"12543523277200000","supply":"100350079820040756.2255859375000000"},{"t":1586690100000,"price":"12543523277200000","supply":"100350131874696899.4140625000000"},{"t":1586691000000,"price":"12543523277200000","supply":"100350183963968124.3896484375000000"},{"t":1586691900000,"price":"12"
13:32:18.924 [TestNG-tests-1] DEBUG org.apache.http.wire -  << "550484342900000","supply":"100350236081589965.8203125000000"},{"t":1586692800000,"price":"12561081083200000","supply":"100350288387606460.5712890625000000"},{"t":1586693700000,"price":"12561081083200000","supply":"100350339018939102.1728515625000000"},{"t":1586694600000,"price":"12597474273100000","supply":"100350390279299987.79296875000000"},{"t":1586695500000,"price":"12603646052300000","supply":"100350442159362289.4287109375000000"},{"t":1586696400000,"price":"12649580414100000","supply":"100350405406970489.501953125000000"},{"t":1586697300000,"price":"12649580414100000","supply":"100350546529715759.27734375000000"},{"t":1586698200000,"price":"12652681841500000","supply":"100350598658721420.2880859375000000"},{"t":1586699100000,"price":"12652681841500000","supply":"100350650609407577.5146484375000000"},{"t":1586700000000,"price":"12655416801000000","supply":"100350665245705108.642578125000000"},{"t":1586700900000,"price":"12655416801000000","supply":"100350754685967895.5078125000000"},{"t":1586701800000,"price":"12668514035900000","supply":"100350805983908325.1953125000000"},{"t":1586702700000,"price":"12711305100200000","supply":"100350858560552917.48046875000000"},{"t":1586703600001,"price":"12780965353500000","supply":"100350909895595046.9970703125000000"},{"t":1586704500000,"price":"12780965353500000","supply":"100350962242720443.7255859375000000"},{"t":1586705400000,"price":"12801942366800000","supply":"100351014570306503.2958984375000000"},{"t":1586706300000,"price":"12813241439800000","supply":"100351066701254730.224609375000000"},{"t":1586707200000,"price":"12819083287300000","supply":"100351118566822235.107421875000000"},{"t":1586708100000,"price":"12819083287300000","supply":"100351171130321777.34375000000"},{"t":1586709000000,"price":"12829543778100000","supply":"100351222086481567.3828125000000"},{"t":1586709900000,"price":"12927504807200000","supply":"100351274017199142.4560546875000000"},{"t":1586710800000,"price":"12991667121900000","supply":"100351324921991317.7490234375000000"},{"t":1586711700000,"price":"12991667121900000","supply":"100351378342873489.3798828125000000"},{"t":1586712600000,"price":"13043224780900000","supply":"100351428999966644.287109375000000"},{"t":1586713500000,"price":"13043224780900000","supply":"100351481364674758.9111328125000000"},{"t":1586714400000,"price":"12990982297200000","supply":"100351529499162765.5029296875000000"},{"t":1586715300000,"price":"12990982297200000","supply":"100351584801382675.1708984375000000"},{"t":1586716200000,"price":"12964886075000000","supply":"100351637634157272.3388671875000000"},{"t":1586717100000,"price":"12938586483200000","supply":"100351689547950378.41796875000000"},{"t":1586718000000,"price":"12923963825100000","supply":"100351740067131027.2216796875000000"},{"t":1586718900000,"price":"12923963825100000","supply":"100351793579844558.71582031250000"
13:32:20.239 [TestNG-tests-1] DEBUG org.apache.http.wire -  << "00"},{"t":1586719800000,"price":"12939331183600000","supply":"100351845068772918.701171875000000"},{"t":1586720700000,"price":"12940850586300000","supply":"100351897704811767.578125000000"},{"t":1586721600000,"price":"13025016673100000","supply":"100351949930732681.2744140625000000"},{"t":1586722500000,"price":"13025016673100000","supply":"100352002139036422.7294921875000000"},{"t":1586723400000,"price":"13030909166300000","supply":"100352053737334945.6787109375000000"},{"t":1586724300000,"price":"13120061823000000","supply":"100352106300869796.7529296875000000"},{"t":1586725200000,"price":"13125433167500000","supply":"100352158037932479.8583984375000000"},{"t":1586726100000,"price":"13125433167500000","supply":"100352210793978134.1552734375000000"},{"t":1586727000000,"price":"13105184077800000","supply":"100352262901196807.861328125000000"},{"t":1586727900000,"price":"13077896592100000","supply":"100352315127252288.818359375000000"},{"t":1586728800001,"price":"13060284458200000","supply":"100352366831171020.5078125000000"},{"t":1586729700000,"price":"13060284458200000","supply":"100352418781960037.2314453125000000"},{"t":1586730600000,"price":"13039537910500000","supply":"100352470769368759.1552734375000000"},{"t":1586731500000,"price":"13036145471500000","supply":"100352522578933319.091796875000000"},{"t":1586732400000,"price":"12929463138600000","supply":"100352574474278564.453125000000"},{"t":1586733300000,"price"
13:32:20.586 [TestNG-tests-1] DEBUG org.apache.http.wire -  << "":"12929463138600000","supply":"100352626551424621.58203125000000"},{"t":1586734200000,"price":"12941360191000000","supply":"100352678693798690.7958984375000000"},{"t":1586735100000,"price":"12943873041900000","supply":"100352731364037307.7392578125000000"},{"t":1586736000000,"price":"12943873041900000","supply":"100352783623183532.71484375000000"},{"t":1586736900000,"price":"12943873041900000","supply":"100352834746731918.3349609375000000"},{"t":1586737800000,"price":"12925359793800000","supply":"100352887452753219.6044921875000000"},{"t":1586738700000,"price":"12795260268800000","supply":"100352939840869812.01171875000000"},{"t":1586739600000,"price":"12598206441500000","supply":"100352991472319488.525390625000000"},{"t":1586740500000,"price":"12598206441500000","supply":"100353044059705978.3935546875000000"},{"t":1586741400000,"price":"12568137359700000","supply":"100353095850056610.107421875000000"},{"t":1586742300000,"price":"12553959008100000","supply":"100353148136777496.337890625000000"},{"t":1586743200000,"price":"12504383214400000","supply":"100353200870487976.07421875000000"},{"t":1586744100000,"price":"12504383214400000","supply":"100353252696610870.361328125000000"},{"t":1586745000000,"price":"12449451224700000","supply":"100353305028136581.4208984375000000"},{"t":1586745900000,"price":"12434781549300000","supply":"100353354872721496.58203125000000"},{"t":1586746800000,"price":"12438278854100000","supply":"100353407556411758.4228515625000000"},{"t":1586747700000,"price":"12438278854100000","supply":"100353448066468292.236328125000000"},{"t":1586748600000,"price":"12438278854100000","supply":"100353509787633987.4267578125000000"},{"t":1586749500000,"price":"12438278854100000","supply":"100353561331808410.64453125000000"},{"t":1586750400000,"price":"12409646476200000","supply":"100353613328718078.61328125000000"},{"t":1586751300000,"price":"12409646476200000","supply":"100353664422614776.611328125000000"},{"t":1586752200000,"price":"12362252808000000","supply":"100353716475069915.771484375000000"},{"t":1586753100000,"price":"12334269391200000","supply":"100353767883315322.8759765625000000"},{"t":1586754000000,"price":"12334269391200000","supply":"100353819783678070.068359375000000"},{"t":1586754900000,"price":"12334269391200000","supply":"100353871009782623.291015625000000"},{"t":1586755800000,"price":"12342063504000000","supply":"100353921888514282.2265625000000"}],"message":"SUCCESS"}"
13:32:20.587 [TestNG-tests-1] DEBUG org.apache.http.impl.conn.DefaultClientConnection - Connection 0.0.0.0:52482<->3.12.242.83:80 closed
13:32:20.587 [TestNG-tests-1] DEBUG org.apache.http.impl.conn.PoolingClientConnectionManager - Connection released: [id: 2][route: {}->http://api.just.network:80][total kept alive: 0; route allocated: 0 of 80; total allocated: 0 of 100]
13:32:20.588 [TestNG-tests-1] INFO tron.common.TronscanApiList - ----------------------------Print JSON Start---------------------------
13:32:20.588 [TestNG-tests-1] INFO tron.common.TronscanApiList - code:0
13:32:20.590 [TestNG-tests-1] INFO tron.common.TronscanApiList - data:[{"t":1585906380000,"supply":"100304798946388748.1689453125000000"},{"t":1585906500000,"supply":"100304805540147232.0556640625000000"},{"t":1585906800001,"supply":"100304823090540634.1552734375000000"},{"t":1585907100000,"supply":"100304840285392807.0068359375000000"},{"t":1585908000001,"price":"12040948997700000","supply":"100304880892956588.7451171875000000"},{"t":1585908900000,"price":"12040948997700000","supply":"100304945018367889.404296875000000"},{"t":1585909800000,"price":"12058675262050000","supply":"100304987266628433.2275390625000000"},{"t":1585910700001,"price":"12062435073500000","supply":"100305049259978012.0849609375000000"},{"t":1585911600000,"price":"12071743761400000","supply":"100305083297276062.01171875000000"},{"t":1585912500000,"price":"12071743761400000","supply":"100305152768472183.2275390625000000"},{"t":1585913400000,"price":"12089283689900000","supply":"100305205131164611.81640625000000"},{"t":1585914300000,"price":"12090559912600000","supply":"100305256931887252.8076171875000000"},{"t":1585915200000,"price":"12100245924200000","supply":"100305301888053863.525390625000000"},{"t":1585916100000,"price":"12100245924200000","supply":"100305361046335128.7841796875000000"},{"t":1585917000000,"price":"12132644406500000","supply":"100305403343485671.9970703125000000"},{"t":1585917900000,"price":"12132644406500000","supply":"100305465287601898.193359375000000"},{"t":1585918800000,"price":"12119431014400000","supply":"100305465287601898.193359375000000"},{"t":1585919700000,"price":"12119431014400000","supply":"100305569798091461.181640625000000"},{"t":1585920600000,"price":"11995027122100000","supply":"100305572398677368.1640625000000"},{"t":1585921500001,"price":"11994530584800000","supply":"100305674167469848.6328125000000"},{"t":1585922400000,"price":"11994530584800000","supply":"100305668959320892.333984375000000"},{"t":1585923300000,"price":"11994530584800000","supply":"100305778225080947.8759765625000000"},{"t":1585924200000,"price":"11973001937200000","supply":"100305823668145202.63671875000000"},{"t":1585925100000,"price":"11962575723600000","supply":"100305882064426101.6845703125000000"},{"t":1585926000000,"price":"11920677369400000","supply":"100305838491210601.806640625000000"},{"t":1585926900000,"price":"11920677369400000","supply":"100305986685537750.244140625000000"},{"t":1585927800000,"price":"11885317774300000","supply":"100306039068664306.640625000000"},{"t":1585928700000,"price":"11861883160400000","supply":"100306091421677108.7646484375000000"},{"t":1585929600000,"price":"11849735905200000","supply":"100306143779764419.5556640625000000"},{"t":1585930500000,"price":"11849735905200000"},{"t":1585931400001,"price":"11844411312300000","supply":"100306247042812210.0830078125000000"},{"t":1585932300000,"price":"11838799083700000","supply":"100306299304565902.7099609375000000"},{"t":1585933200000,"price":"11831835145100000","supply":"100306351603585083.0078125000000"},{"t":1585934100000,"price":"11831835145100000","supply":"100306403997533309.9365234375000000"},{"t":1585935000000,"price":"11831835145100000","supply":"100306454951560073.8525390625000000"},{"t":1585935900000,"price":"11858177777700000","supply":"100306507115197418.212890625000000"},{"t":1585936800001,"price":"11894856332800000","supply":"100306559392340591.4306640625000000"},{"t":1585937700000,"price":"11894856332800000","supply":"100306611331410827.63671875000000"},{"t":1585938600000,"price":"11894849642000000","supply":"100306663430174972.5341796875000000"},{"t":1585939500000,"price":"11894849642000000","supply":"100306715415057159.423828125000000"},{"t":1585940400000,"price":"11901341872400000","supply":"100306747582278350.830078125000000"},{"t":1585941300000,"price":"11901341872400000","supply":"100306819704346282.958984375000000"},{"t":1585942200000,"price":"11901341872400000","supply":"100306871893256942.7490234375000000"},{"t":1585943100000,"price":"11901341872400000","supply":"100306924095655548.095703125000000"},{"t":1585944000000,"price":"11889466566200000","supply":"100306976229382156.3720703125000000"},{"t":1585944900000,"price":"11889466566200000","supply":"100307028378903747.55859375000000"},{"t":1585945800000,"price":"11909390008000000","supply":"100307078487778747.55859375000000"},{"t":1585946700000,"price":"11921098129400000","supply":"100307132609145050.048828125000000"},{"t":1585947600000,"price":"11921098129400000","supply":"100307184519115463.2568359375000000"},{"t":1585948500000,"price":"11921098129400000","supply":"100307236672223815.91796875000000"},{"t":1585949400000,"price":"11891990302200000","supply":"100307249897880920.41015625000000"},{"t":1585950300000,"price":"11867225047600000","supply":"100307341085805114.74609375000000"},{"t":1585951200000,"price":"11867225047600000","supply":"100307370701899520.8740234375000000"},{"t":1585952100000,"price":"11867225047600000","supply":"100307445342391220.0927734375000000"},{"t":1585953000000,"price":"11901982195100000","supply":"100307497382109832.763671875000000"},{"t":1585953900000,"price":"11916283946100000","supply":"100307549329598648.0712890625000000"},{"t":1585954800000,"price":"11916283946100000","supply":"100307601720606140.13671875000000"},{"t":1585955700000,"price":"11916283946100000","supply":"100307653795190048.2177734375000000"},{"t":1585956600000,"price":"11916283946100000","supply":"100307696009672073.3642578125000000"},{"t":1585957500000,"price":"11924542721300000","supply":"100307757889142837.5244140625000000"},{"t":1585958400000,"price":"11924542721300000","supply":"100307803449886169.43359375000000"},{"t":1585959300000,"price":"11924542721300000","supply":"100307861819809936.5234375000000"},{"t":1585960200000,"price":"11932067565100000","supply":"100307884281008941.650390625000000"},{"t":1585961100000,"price":"11977948528800000","supply":"100307966212913543.701171875000000"},{"t":1585962000000,"price":"11982496321900000","supply":"100308018501422546.38671875000000"},{"t":1585962900001,"price":"11982496321900000","supply":"100308070978349807.7392578125000000"},{"t":1585963800000,"price":"11982496321900000","supply":"100308078136523941.0400390625000000"},{"t":1585964700000,"price":"11982496321900000","supply":"100308175321245391.845703125000000"},{"t":1585965600000,"price":"12000723969800000","supply":"100308227524520019.53125000000"},{"t":1585966500001,"price":"12000723969800000","supply":"100308279524562438.96484375000000"},{"t":1585967400000,"price":"12000723969800000","supply":"100308331719882461.5478515625000000"},{"t":1585968300000,"price":"11971633361100000","supply":"100308383903183670.0439453125000000"},{"t":1585969200000,"price":"11946583112900000","supply":"100308436140946899.4140625000000"},{"t":1585970100001,"price":"11946583112900000","supply":"100308488048433609.0087890625000000"},{"t":1585971000000,"price":"11939644947900000","supply":"100308540095326492.3095703125000000"},{"t":1585971900000,"price":"11865372592200000","supply":"100308591975927520.751953125000000"},{"t":1585972800000,"price":"11816190847500000","supply":"100308644272344451.904296875000000"},{"t":1585973700000,"price":"11816190847500000","supply":"100308694801828430.17578125000000"},{"t":1585974600000,"price":"11797698522500000","supply":"100308745661813720.703125000000"},{"t":1585975500000,"price":"11814485351200000","supply":"100308798204559478.759765625000000"},{"t":1585976400000,"price":"11819571682100000","supply":"100308798204559478.759765625000000"},{"t":1585977300000,"price":"11819571682100000","supply":"100308901320106109.619140625000000"},{"t":1585978200000,"price":"11848568033200000","supply":"100308953502015319.82421875000000"},{"t":1585979100000,"price":"11848568033200000","supply":"100309005711390762.3291015625000000"},{"t":1585980000000,"price":"11846180092600000","supply":"100309057983953506.4697265625000000"},{"t":1585980900001,"price":"11846180092600000","supply":"100309109516261611.9384765625000000"},{"t":1585981800000,"price":"11837865995100000","supply":"100309161846918670.654296875000000"},{"t":1585982700000,"price":"11828364032700000","supply":"100309214051528015.13671875000000"},{"t":1585983600000,"price":"11827160339400000","supply":"100309260910765121.4599609375000000"},{"t":1585984500000,"price":"11827160339400000","supply":"100309318378819381.7138671875000000"},{"t":1585985400000,"price":"11826285631400000","supply":"100309370333123153.6865234375000000"},{"t":1585986300000,"price":"11826285631400000","supply":"100309422502057403.564453125000000"},{"t":1585987200000,"price":"11816420872100000","supply":"100309469992424407.958984375000000"},{"t":1585988100000,"price":"11816420872100000","supply":"100309525512868637.0849609375000000"},{"t":1585989000000,"price":"11817008401300000","supply":"100309576902345260.6201171875000000"},{"t":1585989900000,"price":"11846207535300000","supply":"100309629954889358.5205078125000000"},{"t":1585990800000,"price":"11908650876800000","supply":"100309681985336715.6982421875000000"},{"t":1585991700000,"price":"11908650876800000","supply":"100309734427519973.7548828125000000"},{"t":1585992600000,"price":"11935399724000000","supply":"100309786695774246.2158203125000000"},{"t":1585993500000,"price":"11956022709500000","supply":"100309838717552780.1513671875000000"},{"t":1585994400000,"price":"11961907208400000","supply":"100309890944332763.671875000000"},{"t":1585995300000,"price":"11961907208400000","supply":"100309943083768035.888671875000000"},{"t":1585996200000,"price":"12011996635900000","supply":"100309995158407180.7861328125000000"},{"t":1585997100000,"price":"12011996635900000","supply":"100310047330880355.8349609375000000"},{"t":1585998000000,"price":"11999011471600000","supply":"100310095360990905.76171875000000"},{"t":1585998900000,"price":"11999011471600000","supply":"100310151759411987.3046875000000"},{"t":1585999800000,"price":"11958099669000000","supply":"100310203566214141.845703125000000"},{"t":1586000700000,"price":"11958099669000000","supply":"100310255696404327.392578125000000"},{"t":1586001600000,"price":"11953492494300000","supply":"100310307122271896.3623046875000000"},{"t":1586002500000,"price":"11953492494300000","supply":"100310359505441421.5087890625000000"},{"t":1586003400000,"price":"11938920727500000","supply":"100310407439010040.283203125000000"},{"t":1586004300000,"price":"11938805340400000","supply":"100310463834311294.5556640625000000"},{"t":1586005200000,"price":"11928739553800000","supply":"100310511411331100.4638671875000000"},{"t":1586006100000,"price":"11928739553800000","supply":"100310567937190811.1572265625000000"},{"t":1586007000000,"price":"11911481056700000","supply":"100310619711786880.4931640625000000"},{"t":1586007900000,"price":"11883943141700000","supply":"100310672050100677.490234375000000"},{"t":1586008800001,"price":"11883943141700000","supply":"100310723532754196.1669921875000000"},{"t":1586009700000,"price":"11883943141700000","supply":"100310776403131210.3271484375000000"},{"t":1586010600001,"price":"11884310543100000","supply":"100310802452747497.55859375000000"},{"t":1586011500000,"price":"11884310543100000","supply":"100310880068958923.33984375000000"},{"t":1586012400000,"price":"11882316373200000","supply":"100310932086383468.6279296875000000"},{"t":1586013300000,"price":"11882316373200000","supply":"100310984064906188.96484375000000"},{"t":1586014200000,"price":"11895078769400000","supply":"100311036102063796.9970703125000000"},{"t":1586015100000,"price":"11897276450000000","supply":"100311088290161956.787109375000000"},{"t":1586016000000,"price":"11900652799600000","supply":"100311140479401199.3408203125000000"},{"t":1586016900000,"price":"11900652799600000","supply":"100311192548626708.984375000000"},{"t":1586017800000,"price":"11915079831600000","supply":"100311244299171051.025390625000000"},{"t":1586018700000,"price":"11915079831600000","supply":"100311296552924331.6650390625000000"},{"t":1586019600000,"price":"11955984204400000","supply":"100311348580988632.2021484375000000"},{"t":1586020500000,"price":"11955984204400000","supply":"100311400757228027.34375000000"},{"t":1586021400000,"price":"11956392493000000","supply":"100311429075493453.9794921875000000"},{"t":1586022300001,"price":"11955984204400000","supply":"100311505100698516.845703125000000"},{"t":1586023200000,"price":"11953649670800000","supply":"100311557489834320.068359375000000"},{"t":1586024100000,"price":"11953649670800000","supply":"100311609187693511.962890625000000"},{"t":1586025000000,"price":"11951917050300000","supply":"100311653000410583.49609375000000"},{"t":1586025900001,"price":"11951917050300000"},{"t":1586026800000,"price":"11949183802600000","supply":"100311739842571289.0625000000"},{"t":1586027700000,"price":"11949183802600000","supply":"100311817839899353.02734375000000"},{"t":1586028600000,"price":"11940304886200000","supply":"100311864438299240.1123046875000000"},{"t":1586029500000,"price":"11939198166200000","supply":"100311922189050338.7451171875000000"},{"t":1586030400000,"price":"11922481120400000","supply":"100311949767329833.984375000000"},{"t":1586031300000,"price":"11922481120400000","supply":"100312025903583847.0458984375000000"},{"t":1586032200000,"price":"11928002135300000","supply":"100312078282621810.9130859375000000"},{"t":1586033100000,"price":"11956915980800000","supply":"100312129595060424.8046875000000"},{"t":1586034000000,"price":"11956915980800000","supply":"100312181762098602.294921875000000"},{"t":1586034900000,"price":"11956915980800000","supply":"100312233824621551.513671875000000"},{"t":1586035800000,"price":"11977051042200000","supply":"100312285970167953.4912109375000000"},{"t":1586036700000,"price":"11977051042200000","supply":"100312338197570953.369140625000000"},{"t":1586037600000,"price":"11987140247700000","supply":"100312390299009460.44921875000000"},{"t":1586038500000,"price":"11987140247700000","supply":"100312442373089599.609375000000"},{"t":1586039400000,"price":"11976375981400000","supply":"100312494420220214.84375000000"},{"t":1586040300000,"price":"11962766401100000","supply":"100312546620977920.5322265625000000"},{"t":1586041200000,"price":"11962766401100000","supply":"100312598594963867.1875000000"},{"t":1586042100000,"price":"11962766401100000","supply":"100312650694645278.9306640625000000"},{"t":1586043000000,"price":"11966496341000000","supply":"100312695376571487.4267578125000000"},{"t":1586043900000,"price":"11966496341000000","supply":"100312754790756393.4326171875000000"},{"t":1586044800000,"price":"11959667014200000","supply":"100312806175589141.845703125000000"},{"t":1586045700001,"price":"11959667014200000","supply":"100312857808391220.0927734375000000"},{"t":1586046600000,"price":"11992006109600000","supply":"100312909713341018.6767578125000000"},{"t":1586047500000,"price":"11999511202500000","supply":"100312961785494659.423828125000000"},{"t":1586048400000,"price":"12010826459900000","supply":"100312992559336166.3818359375000000"},{"t":1586049300000,"price":"12010826459900000","supply":"100313066057818389.892578125000000"},{"t":1586050200000,"price":"12005531620800000","supply":"100313101793150970.458984375000000"},{"t":1586051100001,"price":"12001301125000000","supply":"100313170800903747.55859375000000"},{"t":1586052000000,"price":"11999549055000000","supply":"100313222926452743.5302734375000000"},{"t":1586052900000,"price":"11999549055000000","supply":"100313273803257919.3115234375000000"},{"t":1586053800000,"price":"11994602031700000","supply":"100313325848816467.28515625000000"},{"t":1586054700000,"price":"11987305590900000","supply":"100313378067131179.8095703125000000"},{"t":1586055600000,"price":"11987305590900000","supply":"100313413007436370.849609375000000"},{"t":1586056500000,"price":"11987305590900000","supply":"100313482561207550.048828125000000"},{"t":1586057400000,"price":"11994695767900000","supply":"100313534631094299.31640625000000"},{"t":1586058300000,"price":"11997260406500000","supply":"100313586763851013.18359375000000"},{"t":1586059200000,"price":"11997260406500000","supply":"100313622395180709.8388671875000000"},{"t":1586060100000,"price":"11997260406500000","supply":"100313690354781585.693359375000000"},{"t":1586061000000,"price":"11979188911300000","supply":"100313674788114257.8125000000"},{"t":1586061900000,"price":"11953343359500000","supply":"100313794328161712.646484375000000"},{"t":1586062800001,"price":"11924144495500000","supply":"100313846172759109.4970703125000000"},{"t":1586063700000,"price":"11924144495500000","supply":"100313897714728805.5419921875000000"},{"t":1586064600000,"price":"11924144495500000","supply":"100313949742281127.9296875000000"},{"t":1586065500000,"price":"11929029775000000","supply":"100314001712570602.4169921875000000"},{"t":1586066400001,"price":"11940401697600000","supply":"100314021250833236.6943359375000000"},{"t":1586067300000,"price":"11940401697600000","supply":"100314105139599288.9404296875000000"},{"t":1586068200000,"price":"11940401697600000","supply":"100314156904743057.2509765625000000"},{"t":1586069100000,"price":"11921427341200000","supply":"100314208753865203.857421875000000"},{"t":1586070000000,"price":"11915583575900000","supply":"100314261069627441.40625000000"},{"t":1586070900000,"price":"11915583575900000","supply":"100314312719300811.767578125000000"},{"t":1586071800001,"price":"11910259347700000","supply":"100314345899695648.193359375000000"},{"t":1586072700000,"price":"11910259347700000","supply":"100314416467177337.646484375000000"},{"t":1586073600000,"price":"11910555209100000","supply":"100314468177894409.1796875000000"},{"t":1586074500000,"price":"11910555209100000","supply":"100314520225389480.5908203125000000"},{"t":1586075400000,"price":"11910555209100000","supply":"100314572275462432.861328125000000"},{"t":1586076300000,"price":"11910555209100000","supply":"100314624007604873.6572265625000000"},{"t":1586077200000,"price":"11917609980500000","supply":"100314676327944976.806640625000000"},{"t":1586078100000,"price":"11917609980500000","supply":"100314728268420806.884765625000000"},{"t":1586079000000,"price":"11923002888800000","supply":"100314780299133300.78125000000"},{"t":1586079900000,"price":"11933274804900000","supply":"100314832428788482.666015625000000"},{"t":1586080800000,"price":"11935166492700000","supply":"100314884664011672.9736328125000000"},{"t":1586081700000,"price":"11935166492700000","supply":"100314936314510589.599609375000000"},{"t":1586082600000,"price":"11930048832000000","supply":"100314988963922760.009765625000000"},{"t":1586083500001,"price":"11930048832000000","supply":"100315040757683212.2802734375000000"},{"t":1586084400000,"price":"11926107425700000","supply":"100315092830026519.775390625000000"},{"t":1586085300000,"price":"11926107425700000","supply":"100315144500111968.994140625000000"},{"t":1586086200000,"price":"11922013099400000","supply":"100315196694442977.9052734375000000"},{"t":1586087100000,"price":"11921369661600000","supply":"100315248856104064.94140625000000"},{"t":1586088000000,"price":"11921492678600000","supply":"100315300402948013.3056640625000000"},{"t":1586088900000,"price":"11921492678600000","supply":"100315352505391006.4697265625000000"},{"t":1586089800000,"price":"11921492678600000","supply":"100315397139648239.1357421875000000"},{"t":1586090700000,"price":"11921492678600000"},{"t":1586091600000,"price":"11922280592600000","supply":"100315501428923492.431640625000000"},{"t":1586092500000,"price":"11922280592600000","supply":"100315560304713256.8359375000000"},{"t":1586093400000,"price":"11924102981500000","supply":"100315599424293792.724609375000000"},{"t":1586094300000,"price":"11948276914700000","supply":"100315664275417419.43359375000000"},{"t":1586095200000,"price":"12505715058800000","supply":"100315709891391235.3515625000000"},{"t":1586096100000,"price":"12505715058800000","supply":"100315768286453170.7763671875000000"},{"t":1586097000000,"price":"12575347346700000","supply":"100315819514332550.048828125000000"},{"t":1586097900000,"price":"12581254314700000","supply":"100315871555115753.173828125000000"},{"t":1586098800000,"price":"12581254314700000","supply":"100315923049496658.3251953125000000"},{"t":1586099700000,"price":"12581254314700000","supply":"100315975054072036.7431640625000000"},{"t":1586100600000,"price":"12499606603800000","supply":"100316027241688034.0576171875000000"},{"t":1586101500000,"price":"12499606603800000","supply":"100316079381783508.30078125000000"},{"t":1586102400000,"price":"12565849574100000","supply":"100316089262702865.6005859375000000"},{"t":1586103300000,"price":"12565849574100000","supply":"100316183687912002.5634765625000000"},{"t":1586104200000,"price":"12586913390200000","supply":"100316235673634506.2255859375000000"},{"t":1586105100000,"price":"12586913390200000","supply":"100316286477597061.1572265625000000"},{"t":1586106000000,"price":"12561554646300000","supply":"100316338391951950.0732421875000000"},{"t":1586106900000,"price":"12561554646300000","supply":"100316390403788452.1484375000000"},{"t":1586107800000,"price":"12521966734600000","supply":"100316442536784912.109375000000"},{"t":1586108700000,"price":"12470394156300000","supply":"100316494662387390.13671875000000"},{"t":1586109600000,"price":"12414381545600000","supply":"100316546399307861.328125000000"},{"t":1586110500001,"price":"12414381545600000","supply":"100316597947410919.189453125000000"},{"t":1586111400000,"price":"12472952164200000","supply":"100316649945184585.5712890625000000"},{"t":1586112300000,"price":"12485904981200000","supply":"100316702122912628.173828125000000"},{"t":1586113200000,"price":"12515353516200000","supply":"100316754597112380.9814453125000000"},{"t":1586114100000,"price":"12515353516200000","supply":"100316806778027160.64453125000000"},{"t":1586115000000,"price":"12506954372700000","supply":"100316859265676116.943359375000000"},{"t":1586115900000,"price":"12505095419300000","supply":"100316911317251617.431640625000000"},{"t":1586116800000,"price":"12504095592400000","supply":"100316963288179748.53515625000000"},{"t":1586117700000,"price":"12504095592400000","supply":"100317015549511642.4560546875000000"},{"t":1586118600000,"price":"12504095592400000","supply":"100317067699728851.318359375000000"},{"t":1586119500000,"price":"12484368408100000","supply":"100317119487920867.919921875000000"},{"t":1586120400000,"price":"12472880632200000","supply":"100317171684672531.1279296875000000"},{"t":1586121300000,"price":"12472880632200000","supply":"100317224190461837.7685546875000000"},{"t":1586122200000,"price":"12472880632200000","supply":"100317271907672714.2333984375000000"},{"t":1586123100000,"price":"12472880632200000","supply":"100317328532430358.88671875000000"},{"t":1586124000001,"price":"12472324398200000","supply":"100317316917388122.55859375000000"},{"t":1586124900001,"price":"12472324398200000","supply":"100317432286250930.7861328125000000"},{"t":1586125800000,"price":"12472324398200000","supply":"100317483426825057.9833984375000000"},{"t":1586126700000,"price":"12497054600700000","supply":"100317534492734863.28125000000"},{"t":1586127600000,"price":"12502154415300000","supply":"100317586845056457.51953125000000"},{"t":1586128500000,"price":"12502154415300000","supply":"100317638664056030.2734375000000"},{"t":1586129400001,"price":"12524624738200000","supply":"100317690644751434.326171875000000"},{"t":1586130300000,"price":"12538415574500000","supply":"100317742640791992.1875000000"},{"t":1586131200000,"price":"12546680050200000","supply":"100317794942695281.982421875000000"},{"t":1586132100000,"price":"12546680050200000"},{"t":1586133000000,"price":"12607265702600000","supply":"100317899168048553.466796875000000"},{"t":1586133900000,"price":"12651574974400000","supply":"100317951695917800.9033203125000000"},{"t":1586134800000,"price":"12691856938100000","supply":"100318003937915023.8037109375000000"},{"t":1586135700000,"price":"12691856938100000","supply":"100318056034075332.6416015625000000"},{"t":1586136600000,"price":"12727646234700000","supply":"100318107841717300.4150390625000000"},{"t":1586137500000,"price":"12729491989400000","supply":"100318160426237594.6044921875000000"},{"t":1586138400000,"price":"12755933157200000","supply":"100318212472811172.4853515625000000"},{"t":1586139300000,"price":"12755933157200000","supply":"100318264644229110.7177734375000000"},{"t":1586140200000,"price":"12798367471700000","supply":"100318316913475967.4072265625000000"},{"t":1586141100000,"price":"12890715109700000","supply":"100318369173372253.41796875000000"},{"t":1586142000000,"price":"12923915790600000","supply":"100318369173372253.41796875000000"},{"t":1586142900000,"price":"12923915790600000","supply":"100318472932886032.1044921875000000"},{"t":1586143800001,"price":"12896992662100000","supply":"100318524682366806.0302734375000000"},{"t":1586144700000,"price":"12889122329600000","supply":"100318577078766601.5625000000"},{"t":1586145600000,"price":"12889122329600000","supply":"100318629204764083.8623046875000000"},{"t":1586146500000,"price":"12889122329600000","supply":"100318681008968170.166015625000000"},{"t":1586147400000,"price":"12922805239900000","supply":"100318728029144271.8505859375000000"},{"t":1586148300000,"price":"12922805239900000","supply":"100318785872006927.490234375000000"},{"t":1586149200000,"price":"12905575238100000","supply":"100318838363102401.7333984375000000"},{"t":1586150100000,"price":"12905575238100000","supply":"100318889913106277.4658203125000000"},{"t":1586151000000,"price":"12892046590500000","supply":"100318924116891799.9267578125000000"},{"t":1586151900000,"price":"12880920296200000","supply":"100318995386869369.5068359375000000"},{"t":1586152800000,"price":"12869378628700000","supply":"100319048023305801.3916015625000000"},{"t":1586153700000,"price":"12869378628700000","supply":"100319100097695022.5830078125000000"},{"t":1586154600000,"price":"12930851813800000","supply":"100319152445869338.9892578125000000"},{"t":1586155500000,"price":"12957542173800000","supply":"100319204612303482.0556640625000000"},{"t":1586156400000,"price":"12981995267400000","supply":"100319256859948120.1171875000000"},{"t":1586157300000,"price":"12981995267400000","supply":"100319308797977478.02734375000000"},{"t":1586158200000,"price":"13009211947700000","supply":"100319340833555709.8388671875000000"},{"t":1586159100001,"price":"13009211947700000","supply":"100319413340786209.1064453125000000"},{"t":1586160000000,"price":"12938036212700000","supply":"100319465588390625.000000"},{"t":1586160900000,"price":"12938036212700000","supply":"100319517482381240.8447265625000000"},{"t":1586161800000,"price":"12942481175200000","supply":"100319569767769409.1796875000000"},{"t":1586162700000,"price":"12965306940400000","supply":"100319622115961624.1455078125000000"},{"t":1586163600000,"price":"12979505245300000","supply":"100319673868727798.4619140625000000"},{"t":1586164500000,"price":"12979505245300000","supply":"100319726167701110.83984375000000"},{"t":1586165400000,"price":"13023929399900000","supply":"100319690735713775.634765625000000"},{"t":1586166300000,"price":"13031702263800000","supply":"100319830448781341.552734375000000"},{"t":1586167200000,"price":"13061010861300000","supply":"100319882734723281.8603515625000000"},{"t":1586168100000,"price":"13061010861300000","supply":"100319934647953155.517578125000000"},{"t":1586169000000,"price":"13070028386200000","supply":"100319934647953155.517578125000000"},{"t":1586169900001,"price":"13092699459600000","supply":"100320037890865280.1513671875000000"},{"t":1586170800000,"price":"13128742751700000","supply":"100320072277722885.1318359375000000"},{"t":1586171700000,"price":"13128742751700000","supply":"100320071548577804.5654296875000000"},{"t":1586172600000,"price":"13148620190600000","supply":"100320070898613739.013671875000000"},{"t":1586173500000,"price":"13150058400100000","supply":"100320070201015518.1884765625000000"},{"t":1586174400000,"price":"13150058400100000","supply":"100320283239524871.826171875000000"},{"t":1586175300000,"price":"13150058400100000","supply":"100320350546690155.029296875000000"},{"t":1586176200000,"price":"13142919658700000","supply":"100320317394848266.6015625000000"},{"t":1586177100000,"price":"13142919658700000","supply":"100320454762406555.17578125000000"},{"t":1586178000000,"price":"13146657007000000","supply":"100320506727552993.7744140625000000"},{"t":1586178900000,"price":"13146657007000000","supply":"100320559168817733.7646484375000000"},{"t":1586179800000,"price":"13213935534800000","supply":"100320559168817733.7646484375000000"},{"t":1586180700000,"price":"13222017169700000","supply":"100320663692034454.345703125000000"},{"t":1586181600000,"price":"13206828643200000","supply":"100320611330420806.884765625000000"},{"t":1586182500000,"price":"13206828643200000","supply":"100320768076379959.1064453125000000"},{"t":1586183400000,"price":"13155684665600000","supply":"100320773133177688.5986328125000000"},{"t":1586184300000,"price":"13154412063500000","supply":"100320872595064834.5947265625000000"},{"t":1586185200000,"price":"13131427565700000","supply":"100320843075931961.0595703125000000"},{"t":1586186100000,"price":"13131427565700000","supply":"100320977270091659.5458984375000000"},{"t":1586187000000,"price":"13153857006100000","supply":"100320977270091659.5458984375000000"},{"t":1586187900000,"price":"13195443814600000","supply":"100321081852048858.642578125000000"},{"t":1586188800000,"price":"13211455015900000","supply":"100321132813796829.2236328125000000"},{"t":1586189700000,"price":"13211455015900000","supply":"100321186451403091.4306640625000000"},{"t":1586190600000,"price":"13261759730000000","supply":"100321192035093597.412109375000000"},{"t":1586191500000,"price":"13364162551600000","supply":"100321290059149429.3212890625000000"},{"t":1586192400000,"price":"13371170648500000","supply":"100321342432571563.720703125000000"},{"t":1586193300000,"price":"13371170648500000","supply":"100321394600466690.0634765625000000"},{"t":1586194200000,"price":"13425880124800000","supply":"100321447110033660.888671875000000"},{"t":1586195100000,"price":"13475069940600000","supply":"100321499295249588.0126953125000000"},{"t":1586196000000,"price":"13508763603800000","supply":"100321551706603179.931640625000000"},{"t":1586196900000,"price":"13508763603800000","supply":"100321603660328552.24609375000000"},{"t":1586197800000,"price":"13501238823600000","supply":"100321655803915893.5546875000000"},{"t":1586198700000,"price":"13501238823600000","supply":"100321707927286941.5283203125000000"},{"t":1586199600000,"price":"13490595134400000","supply":"100321655803915893.5546875000000"},{"t":1586200500000,"price":"13490595134400000","supply":"100321811712080474.853515625000000"},{"t":1586201400001,"price":"13500491560400000","supply":"100321862822672698.974609375000000"},{"t":1586202300000,"price":"13534336564800000","supply":"100321914822062500.0000"},{"t":1586203200000,"price":"13536796515700000","supply":"100321966742365509.033203125000000"},{"t":1586204100000,"price":"13536796515700000","supply":"100322018769546997.0703125000000"},{"t":1586205000000,"price":"13536796515700000","supply":"100322018769546997.0703125000000"},{"t":1586205900000,"price":"13512027630300000","supply":"100322122721496948.2421875000000"},{"t":1586206800000,"price":"13430210078400000","supply":"100322174875294311.5234375000000"},{"t":1586207700000,"price":"13430210078400000","supply":"100322226765765518.1884765625000000"},{"t":1586208600000,"price":"13413325546300000","supply":"100322278828712203.9794921875000000"},{"t":1586209500000,"price":"13413325546300000","supply":"100322331081781524.658203125000000"},{"t":1586210400000,"price":"13450902537600000","supply":"100322331081781524.658203125000000"},{"t":1586211300000,"price":"13450902537600000","supply":"100322434958328125.000000"},{"t":1586212200001,"price":"13499688506800000","supply":"100322486972499725.341796875000000"},{"t":1586213100000,"price":"13499688506800000","supply":"100322538845599868.7744140625000000"},{"t":1586214000000,"price":"13499688506800000","supply":"100322557815698287.9638671875000000"},{"t":1586214900000,"price":"13499688506800000","supply":"100322640668741638.18359375000000"},{"t":1586215800000,"price":"13488099366100000","supply":"100322686134713241.5771484375000000"},{"t":1586216700000,"price":"13505510556100000","supply":"100322744915542160.0341796875000000"},{"t":1586217600001,"price":"13611138799300000","supply":"100322795277529022.216796875000000"},{"t":1586218500000,"price":"13611138799300000","supply":"100322848802027954.1015625000000"},{"t":1586219400000,"price":"13668447793600000","supply":"100322850548263488.76953125000000"},{"t":1586220300000,"price":"13779985050600000","supply":"100322952839278656.005859375000000"},{"t":1586221200000,"price":"13875531535500000","supply":"100323004902362319.9462890625000000"},{"t":1586222100000,"price":"13875531535500000","supply":"100323057374555145.263671875000000"},{"t":1586223000000,"price":"13828591995300000","supply":"100323068123687042.236328125000000"},{"t":1586223900000,"price":"13809670395400000","supply":"100323161503192001.3427734375000000"},{"t":1586224800000,"price":"13790441576300000","supply":"100323213494768020.6298828125000000"},{"t":1586225700000,"price":"13790441576300000","supply":"100323265607131454.4677734375000000"},{"t":1586226600000,"price":"13775498910800000","supply":"100323315551734878.5400390625000000"},{"t":1586227500000,"price":"13708869260900000","supply":"100323369853485260.009765625000000"},{"t":1586228400000,"price":"13551410411800000","supply":"100323422254085449.21875000000"},{"t":1586229300000,"price":"13551410411800000","supply":"100323474246059951.7822265625000000"},{"t":1586230200000,"price":"13521905991900000","supply":"100323526387437805.17578125000000"},{"t":1586231100000,"price":"13551410411800000","supply":"100323578545226699.8291015625000000"},{"t":1586232000000,"price":"13576630940000000","supply":"100323630918555709.8388671875000000"},{"t":1586232900000,"price":"13576630940000000","supply":"100323683161330825.8056640625000000"},{"t":1586233800000,"price":"13585636536000000","supply":"100323683161330825.8056640625000000"},{"t":1586234700000,"price":"13585636536000000","supply":"100323787704338760.3759765625000000"},{"t":1586235600000,"price":"13532914675500000","supply":"100323839872638946.533203125000000"},{"t":1586236500000,"price":"13532914675500000","supply":"100323891872474411.0107421875000000"},{"t":1586237400000,"price":"13530360795000000","supply":"100323943878066452.0263671875000000"},{"t":1586238300000,"price":"13532914675500000","supply":"100323996184441802.978515625000000"},{"t":1586239200001,"price":"13566893967000000","supply":"100324045817098281.8603515625000000"},{"t":1586240100000,"price":"13566893967000000","supply":"100324099435200531.005859375000000"},{"t":1586241000000,"price":"13566893967000000","supply":"100324151716521102.9052734375000000"},{"t":1586241900000,"price":"13566893967000000","supply":"100324204110983459.47265625000000"},{"t":1586242800000,"price":"13576649485500000","supply":"100324255211084350.5859375000000"},{"t":1586243700000,"price":"13576649485500000","supply":"100324307411278488.1591796875000000"},{"t":1586244600000,"price":"13614214038800000","supply":"100324350149445281.982421875000000"},{"t":1586245500000,"price":"13720544667800000","supply":"100324411952426651.0009765625000000"},{"t":1586246400000,"price":"13757663325900000","supply":"100324462494533966.064453125000000"},{"t":1586247300000,"price":"13757663325900000","supply":"100324516507987258.9111328125000000"},{"t":1586248200000,"price":"13762693264400000","supply":"100324568773021041.8701171875000000"},{"t":1586249100000,"price":"13762741312400000","supply":"100324621064632492.0654296875000000"},{"t":1586250000000,"price":"13762741312400000","supply":"100324658361699264.5263671875000000"},{"t":1586250900000,"price":"13762741312400000","supply":"100324725641056106.5673828125000000"},{"t":1586251800000,"price":"13767764089300000","supply":"100324768550197647.0947265625000000"},{"t":1586252700000,"price":"13769363172500000","supply":"100324830170315399.169921875000000"},{"t":1586253600000,"price":"13772589432500000","supply":"100324823579298782.3486328125000000"},{"t":1586254500000,"price":"13772589432500000","supply":"100324934586587341.30859375000000"},{"t":1586255400000,"price":"13808844650600000","supply":"100324986748640930.17578125000000"},{"t":1586256300000,"price":"13829996912100000","supply":"100325038909855087.2802734375000000"},{"t":1586257200000,"price":"13843644077300000","supply":"100325091070679000.8544921875000000"},{"t":1586258100000,"price":"13843644077300000","supply":"100325143168180313.1103515625000000"},{"t":1586259000000,"price":"13846915931200000","supply":"100325195376891067.5048828125000000"},{"t":1586259900000,"price":"13846915931200000","supply":"100325247657194229.1259765625000000"},{"t":1586260800000,"price":"13813037079000000","supply":"100325299896826553.3447265625000000"},{"t":1586261700000,"price":"13813037079000000","supply":"100325351739738998.4130859375000000"},{"t":1586262600000,"price":"13869298624700000","supply":"100325403865156341.552734375000000"},{"t":1586263500000,"price":"13869298624700000","supply":"100325456065117431.640625000000"},{"t":1586264400001,"price":"13842897879500000","supply":"100325508094532562.255859375000000"},{"t":1586265300000,"price":"13842897879500000","supply":"100325560314805450.439453125000000"},{"t":1586266200000,"price":"13811159374100000","supply":"100325585810216491.69921875000000"},{"t":1586267100000,"price":"13811159374100000","supply":"100325664241049774.169921875000000"},{"t":1586268000000,"price":"13842760669200000","supply":"100325716692577972.412109375000000"},{"t":1586268900001,"price":"13842760669200000","supply":"100325768567227386.474609375000000"},{"t":1586269800000,"price":"13822958347100000","supply":"100325821030475784.3017578125000000"},{"t":1586270700001,"price":"13765459227500000","supply":"100325873347074584.9609375000000"},{"t":1586271600000,"price":"13708007974500000","supply":"100325918319916564.94140625000000"},{"t":1586272500000,"price":"13708007974500000","supply":"100325977848513610.83984375000000"},{"t":1586273400000,"price":"13708007974500000","supply":"100326027816814544.677734375000000"},{"t":1586274300000,"price":"13708007974500000","supply":"100326082072759033.203125000000"},{"t":1586275200000,"price":"13760398913800000","supply":"100326109538259109.4970703125000000"},{"t":1586276100000,"price":"13760398913800000","supply":"100326186312696029.6630859375000000"},{"t":1586277000000,"price":"13776257629800000","supply":"100326192059475234.9853515625000000"},{"t":1586277900000,"price":"13785510727600000","supply":"100326290559544677.734375000000"},{"t":1586278800000,"price":"13828574941300000","supply":"100326330091527313.232421875000000"},{"t":1586279700000,"price":"13828574941300000","supply":"100326394539969100.9521484375000000"},{"t":1586280600000,"price":"13838829664400000","supply":"100326446771478759.765625000000"},{"t":1586281500000,"price":"13839972181900000","supply":"100326496989966308.59375000000"},{"t":1586282400000,"price":"13838829664400000","supply":"100326548932964492.7978515625000000"},{"t":1586283300000,"price":"13838829664400000","supply":"100326600977585998.53515625000000"},{"t":1586284200000,"price":"13819570134500000","supply":"100326652976560501.0986328125000000"},{"t":1586285100000,"price":"13819064636900000","supply":"100326705127681320.1904296875000000"},{"t":1586286000000,"price":"13804012702700000","supply":"100326739918638320.9228515625000000"},{"t":1586286900000,"price":"13804012702700000","supply":"100326809511084030.1513671875000000"},{"t":1586287800000,"price":"13804012702700000","supply":"100326861705563522.3388671875000000"},{"t":1586288700000,"price":"13816330815300000","supply":"100326913359795578.0029296875000000"},{"t":1586289600000,"price":"13817218058700000","supply":"100326965115593627.9296875000000"},{"t":1586290500000,"price":"13817218058700000","supply":"100327016933228668.212890625000000"},{"t":1586291400000,"price":"13780004546500000","supply":"100327068877118469.23828125000000"},{"t":1586292300000,"price":"13598330403400000"},{"t":1586293200000,"price":"13366155977200000","supply":"100327172690356430.0537109375000000"},{"t":1586294100000,"price":"13366155977200000","supply":"100327224530310607.91015625000000"},{"t":1586295000000,"price":"13331370038900000","supply":"100327254494558074.951171875000000"},{"t":1586295900000,"price":"13329855772600000","supply":"100327329074376739.501953125000000"},{"t":1586296800000,"price":"13348658809500000","supply":"100327381167638214.111328125000000"},{"t":1586297700000,"price":"13348658809500000","supply":"100327433406514419.5556640625000000"},{"t":1586298600000,"price":"13373110483700000","supply":"100327485588652648.92578125000000"},{"t":1586299500000,"price":"13373110483700000","supply":"100327537794697311.4013671875000000"},{"t":1586300400000,"price":"13353761945500000","supply":"100327557606901489.2578125000000"},{"t":1586301300000,"price":"13353761945500000","supply":"100327642422517684.9365234375000000"},{"t":1586302200000,"price":"13341554815100000","supply":"100327694182838470.458984375000000"},{"t":1586303100000,"price":"13299403057500000","supply":"100327746318788238.525390625000000"},{"t":1586304000000,"price":"13261614822400000","supply":"100327798844736221.3134765625000000"},{"t":1586304900000,"price":"13261614822400000","supply":"100327850526668563.8427734375000000"},{"t":1586305800000,"price":"13243903197800000","supply":"100327891681629684.4482421875000000"},{"t":1586306700001,"price":"13243804071100000","supply":"100327954947757568.359375000000"},{"t":1586307600001,"price":"13243804071100000","supply":"100328006523784637.451171875000000"},{"t":1586308500000,"price":"13243804071100000","supply":"100328057964331680.2978515625000000"},{"t":1586309400000,"price":"13237633439600000","supply":"100328088916085601.806640625000000"},{"t":1586310300000,"price":"13242932484200000","supply":"100328162302191711.42578125000000"},{"t":1586311200000,"price":"13226197945300000","supply":"100328201118693145.751953125000000"},{"t":1586312100000,"price":"13226197945300000","supply":"100328266688722518.9208984375000000"},{"t":1586313000000,"price":"13219317140300000","supply":"100328318894130905.1513671875000000"},{"t":1586313900000,"price":"13219317140300000","supply":"100328371169820541.3818359375000000"},{"t":1586314800000,"price":"13328490587100000","supply":"100328423638718948.3642578125000000"},{"t":1586315700000,"price":"13328490587100000","supply":"100328475632241134.6435546875000000"},{"t":1586316600000,"price":"13357361627300000","supply":"100328527839051452.63671875000000"},{"t":1586317500000,"price":"13448912667900000","supply":"100328580251010070.80078125000000"},{"t":1586318400000,"price":"13491530686800000","supply":"100328619265673202.5146484375000000"},{"t":1586319300000,"price":"13491530686800000","supply":"100328684058406982.421875000000"},{"t":1586320200000,"price":"13538462147500000","supply":"100328735014158111.572265625000000"},{"t":1586321100000,"price":"13588801958800000","supply":"100328787258521987.9150390625000000"},{"t":1586322000000,"price":"13592506573300000","supply":"100328839341339721.6796875000000"},{"t":1586322900000,"price":"13592506573300000","supply":"100328891113867355.3466796875000000"},{"t":1586323800000,"price":"13635704663500000","supply":"100328943127493988.037109375000000"},{"t":1586324700000,"price":"13668520071500000","supply":"100328995460789428.7109375000000"},{"t":1586325600000,"price":"13668520071500000","supply":"100329019624282501.220703125000000"},{"t":1586326500000,"price":"13668520071500000","supply":"100329099475525192.2607421875000000"},{"t":1586327400000,"price":"13664235301800000","supply":"100329151385424041.748046875000000"},{"t":1586328300000,"price":"13663703528700000","supply":"100329202727747421.2646484375000000"},{"t":1586329200000,"price":"13642572062900000","supply":"100329254939431945.80078125000000"},{"t":1586330100000,"price":"13642572062900000","supply":"100329306796348556.5185546875000000"},{"t":1586331000000,"price":"13598474022600000","supply":"100329359331051681.5185546875000000"},{"t":1586331900000,"price":"13587618617100000","supply":"100329411804485504.150390625000000"},{"t":1586332800000,"price":"13598474022600000","supply":"100329463664117630.0048828125000000"},{"t":1586333700000,"price":"13598474022600000","supply":"100329515842779098.5107421875000000"},{"t":1586334600000,"price":"13600851354400000","supply":"100329568024689239.501953125000000"},{"t":1586335500000,"price":"13600851354400000","supply":"100329619650309616.0888671875000000"},{"t":1586336400000,"price":"13593580383500000","supply":"100329671955067916.8701171875000000"},{"t":1586337300000,"price":"13593580383500000","supply":"100329724145355453.4912109375000000"},{"t":1586338200000,"price":"13593580383500000","supply":"100329776248985290.52734375000000"},{"t":1586339100000,"price":"13597005521100000","supply":"100329828122045272.8271484375000000"},{"t":1586340000001,"price":"13591569427100000","supply":"100329880188599319.4580078125000000"},{"t":1586340900000,"price":"13591569427100000","supply":"100329932254569183.349609375000000"},{"t":1586341800000,"price":"13597005521100000","supply":"100329984351127365.1123046875000000"},{"t":1586342700000,"price":"13611576250900000","supply":"100330035931844284.0576171875000000"},{"t":1586343600000,"price":"13611576250900000","supply":"100330088883126281.73828125000000"},{"t":1586344500000,"price":"13611576250900000","supply":"100330140771494949.3408203125000000"},{"t":1586345400000,"price":"13511444076300000","supply":"100330191652825805.6640625000000"},{"t":1586346300000,"price":"13511118053200000","supply":"100330245092076354.98046875000000"},{"t":1586347200000,"price":"13501110116000000","supply":"100330297400539871.2158203125000000"},{"t":1586348100000,"price":"13501110116000000","supply":"100330349377208847.0458984375000000"},{"t":1586349000000,"price":"13501110116000000","supply":"100330389491183273.3154296875000000"},{"t":1586349900000,"price":"13501110116000000","supply":"100330453597738357.5439453125000000"},{"t":1586350800000,"price":"13488228722300000","supply":"100330505827569763.18359375000000"},{"t":1586351700000,"price":"13488228722300000","supply":"100330557729037078.857421875000000"},{"t":1586352600001,"price":"13479282766200000","supply":"100330606804513275.146484375000000"},{"t":1586353500000,"price":"13482147522100000","supply":"100330661447994476.318359375000000"},{"t":1586354400000,"price":"13497237131600000","supply":"100330713426279647.8271484375000000"},{"t":1586355300000,"price":"13497237131600000","supply":"100330765606053985.595703125000000"},{"t":1586356200000,"price":"13508407521200000","supply":"100330810667635742.1875000000"},{"t":1586357100000,"price":"13509318266100000","supply":"100330869149835250.8544921875000000"},{"t":1586358000000,"price":"13517855523200000","supply":"100330918137538391.11328125000000"},{"t":1586358900000,"price":"13517855523200000","supply":"100330972856476684.5703125000000"},{"t":1586359800000,"price":"13533705979600000","supply":"100331024681305969.23828125000000"},{"t":1586360700000,"price":"13604442956800000","supply":"100331076894886535.64453125000000"},{"t":1586361600000,"price":"13608031669700000","supply":"100331123526036392.2119140625000000"},{"t":1586362500000,"price":"13608031669700000","supply":"100331179996579071.044921875000000"},{"t":1586363400000,"price":"13609597025300000","supply":"100331178781452011.1083984375000000"},{"t":1586364300001,"price":"13616162626800000","supply":"100331284062129287.7197265625000000"},{"t":1586365200000,"price":"13656546948100000","supply":"100331335753434478.759765625000000"},{"t":1586366100000,"price":"13656546948100000","supply":"100331388173542663.57421875000000"},{"t":1586367000000,"price":"13692846424300000","supply":"100331440330227340.6982421875000000"},{"t":1586367900000,"price":"13692846424300000","supply":"100331492390607742.3095703125000000"},{"t":1586368800000,"price":"13676087839300000","supply":"100331542462201095.5810546875000000"},{"t":1586369700000,"price":"13676087839300000","supply":"100331596471665817.2607421875000000"},{"t":1586370600000,"price":"13643832261200000","supply":"100331646350297409.0576171875000000"},{"t":1586371500000,"price":"13643832261200000","supply":"100331700852456329.345703125000000"},{"t":1586372400000,"price":"13646243536800000","supply":"100331752875990295.41015625000000"},{"t":1586373300000,"price":"13646243536800000","supply":"100331805061837768.5546875000000"},{"t":1586374200000,"price":"13649902070700000","supply":"100331854987752807.6171875000000"},{"t":1586375100000,"price":"13649902070700000","supply":"100331908292220230.1025390625000000"},{"t":1586376000000,"price":"13623810525700000","supply":"100331960088271148.681640625000000"},{"t":1586376900000,"price":"13623810525700000","supply":"100332012287380798.33984375000000"},{"t":1586377800001,"price":"13623810525700000","supply":"100332009176707336.42578125000000"},{"t":1586378700000,"price":"13654607498000000","supply":"100332116336540679.931640625000000"},{"t":1586379600000,"price":"13673420740300000","supply":"100332168677161071.77734375000000"},{"t":1586380500000,"price":"13673420740300000","supply":"100332220427092910.7666015625000000"},{"t":1586381400000,"price":"13688303708600000","supply":"100332272685635330.2001953125000000"},{"t":1586382300000,"price":"13691192083900000","supply":"100332324920717971.8017578125000000"},{"t":1586383200000,"price":"13692226042700000","supply":"100332377199364181.5185546875000000"},{"t":1586384100000,"price":"13692226042700000","supply":"100332429092254302.978515625000000"},{"t":1586385000000,"price":"13684260484900000","supply":"100332481472472778.3203125000000"},{"t":1586385900000,"price":"13684018333200000","supply":"100332533709208618.1640625000000"},{"t":1586386800000,"price":"13678209424300000","supply":"100332585192910339.35546875000000"},{"t":1586387700000,"price":"13678209424300000","supply":"100332637369600631.7138671875000000"},{"t":1586388600000,"price":"13678209424300000","supply":"100332687239487014.7705078125000000"},{"t":1586389500000,"price":"13702406136100000","supply":"100332741299509124.755859375000000"},{"t":1586390400000,"price":"13708092073100000","supply":"100332793333992034.912109375000000"},{"t":1586391300000,"price":"13708092073100000","supply":"100332845098637451.171875000000"},{"t":1586392200000,"price":"13691570647500000","supply":"100332872710110351.5625000000"},{"t":1586393100000,"price":"13691570647500000","supply":"100332949547190460.205078125000000"},{"t":1586394000000,"price":"13739609987500000","supply":"100332999955744552.6123046875000000"},{"t":1586394900000,"price":"13739609987500000","supply":"100333053496313385.009765625000000"},{"t":1586395800000,"price":"13739609987500000","supply":"100333104352150634.765625000000"},{"t":1586396700000,"price":"13690744760500000","supply":"100333157998637359.619140625000000"},{"t":1586397600000,"price":"13674065407000000","supply":"100333157998637359.619140625000000"},{"t":1586398500000,"price":"13674065407000000","supply":"100333262833769226.07421875000000"},{"t":1586399400000,"price":"13621748122300000","supply":"100333315089058883.6669921875000000"},{"t":1586400300000,"price":"13616327937900000","supply":"100333367586432647.705078125000000"},{"t":1586401200000,"price":"13609359705000000","supply":"100333419825135848.9990234375000000"},{"t":1586402100000,"price":"13609359705000000","supply":"100333471883207977.294921875000000"},{"t":1586403000000,"price":"13610077988500000","supply":"100333524123375289.9169921875000000"},{"t":1586403900000,"price":"13622348066300000","supply":"100333576155772216.796875000000"},{"t":1586404800000,"price":"13622348066300000","supply":"100333628326847747.802734375000000"},{"t":1586405700000,"price":"13622348066300000","supply":"100333680607954330.4443359375000000"},{"t":1586406600000,"price":"13562057782600000","supply":"100333732133162490.8447265625000000"},{"t":1586407500000,"price":"13540356662400000","supply":"100333784650451553.3447265625000000"},{"t":1586408400000,"price":"13540356662400000","supply":"100333837250830657.958984375000000"},{"t":1586409300000,"price":"13540356662400000","supply":"100333889743852340.6982421875000000"},{"t":1586410200001,"price":"13567321602700000","supply":"100333941714109603.8818359375000000"},{"t":1586411100000,"price":"13571497782300000","supply":"100333993861912490.8447265625000000"},{"t":1586412000000,"price":"13583638297200000","supply":"100334046261940734.86328125000000"},{"t":1586412900000,"price":"13583638297200000","supply":"100334098114116073.6083984375000000"},{"t":1586413800000,"price":"13583638297200000","supply":"100334148732185211.181640625000000"},{"t":1586414700000,"price":"13586943447500000","supply":"100334202374598312.3779296875000000"},{"t":1586415600000,"price":"13586943447500000","supply":"100334254482230072.021484375000000"},{"t":1586416500000,"price":"13586943447500000","supply":"100334306628744766.2353515625000000"},{"t":1586417400000,"price":"13591627479500000","supply":"100334358813043609.619140625000000"},{"t":1586418300000,"price":"13594220491800000","supply":"100334410758035903.9306640625000000"},{"t":1586419200000,"price":"13597413907500000","supply":"100334462213916336.0595703125000000"},{"t":1586420100000,"price":"13597413907500000","supply":"100334515326424407.958984375000000"},{"t":1586421000000,"price":"13609063027500000","supply":"100334567468891998.291015625000000"},{"t":1586421900000,"price":"13627893200900000","supply":"100334618942989120.4833984375000000"},{"t":1586422800001,"price":"13634082482800000","supply":"100334671129123001.0986328125000000"},{"t":1586423700001,"price":"13634082482800000","supply":"100334723188936264.0380859375000000"},{"t":1586424600000,"price":"13631249542400000","supply":"100334775623014328.0029296875000000"},{"t":1586425500000,"price":"13627532761900000","supply":"100334827917950500.48828125000000"},{"t":1586426400000,"price":"13615659547200000","supply":"100334879798017745.9716796875000000"},{"t":1586427300000,"price":"13615659547200000","supply":"100334932276436767.578125000000"},{"t":1586428200000,"price":"13612063824900000","supply":"100334984591862854.00390625000000"},{"t":1586429100000,"price":"13612063824900000","supply":"100335036967684402.4658203125000000"},{"t":1586430000000,"price":"13619268182200000","supply":"100335046723512420.654296875000000"},{"t":1586430900000,"price":"13619268182200000","supply":"100335141494336288.4521484375000000"},{"t":1586431800000,"price":"13634507220400000","supply":"100335193822075347.900390625000000"},{"t":1586432700001,"price":"13638932769300000","supply":"100335246260026168.8232421875000000"},{"t":1586433600000,"price":"13638932769300000","supply":"100335298401021682.7392578125000000"},{"t":1586434500000,"price":"13638932769300000","supply":"100335350069839431.7626953125000000"},{"t":1586435400000,"price":"13613494426900000","supply":"100335402598120559.6923828125000000"},{"t":1586436300000,"price":"13461600719600000","supply":"100335454802412948.6083984375000000"},{"t":1586437200000,"price":"13443518939800000","supply":"100335506910947937.01171875000000"},{"t":1586438100000,"price":"13443518939800000","supply":"100335559303181732.177734375000000"},{"t":1586439000001,"price":"13483427883000000","supply":"100335550746249679.5654296875000000"},{"t":1586439900000,"price":"13519922899100000","supply":"100335664049017517.08984375000000"},{"t":1586440800000,"price":"13548802921600000","supply":"100335716292374206.54296875000000"},{"t":1586441700000,"price":"13548802921600000","supply":"100335768433439605.712890625000000"},{"t":1586442600000,"price":"13548802921600000","supply":"100335819364733642.578125000000"},{"t":1586443500000,"price":"13554816293300000","supply":"100335871691601562.5000000"},{"t":1586444400000,"price":"13560610079100000","supply":"100335923860691894.53125000000"},{"t":1586445300000,"price":"13560610079100000","supply":"100335975851953369.140625000000"},{"t":1586446200000,"price":"13554816293300000","supply":"100336027746058288.57421875000000"},{"t":1586447100000,"price":"13551613303200000","supply":"100336079782266479.4921875000000"},{"t":1586448000000,"price":"13509817921500000","supply":"100336131689676971.435546875000000"},{"t":1586448900000,"price":"13509817921500000","supply":"100336183753774856.5673828125000000"},{"t":1586449800000,"price":"13483694858600000","supply":"100336236289800308.2275390625000000"},{"t":1586450700000,"price":"13466522421600000","supply":"100336288559247528.076171875000000"},{"t":1586451600000,"price":"13447611449000000","supply":"100336340601110748.291015625000000"},{"t":1586452500000,"price":"13447611449000000","supply":"100336392934501556.396484375000000"},{"t":1586453400001,"price":"13436822932100000","supply":"100336445113054977.4169921875000000"},{"t":1586454300000,"price":"13436740361100000","supply":"100336497401941879.2724609375000000"},{"t":1586455200000,"price":"13436822932100000","supply":"100336549828684936.5234375000000"},{"t":1586456100000,"price":"13436822932100000","supply":"100336601667633087.158203125000000"},{"t":1586457000000,"price":"13449779809300000","supply":"100336654016728668.212890625000000"},{"t":1586457900000,"price":"13453032910700000","supply":"100336706267501327.5146484375000000"},{"t":1586458800000,"price":"13453284714500000","supply":"100336758750049499.51171875000000"},{"t":1586459700000,"price":"13453284714500000","supply":"100336810803855606.0791015625000000"},{"t":1586460600000,"price":"13437628619400000","supply":"100336863076557342.529296875000000"},{"t":1586461500000,"price":"13409601446300000","supply":"100336915228023132.32421875000000"},{"t":1586462400000,"price":"13400838704800000","supply":"100336967392624969.482421875000000"},{"t":1586463300000,"price":"13400838704800000","supply":"100337019734066726.6845703125000000"},{"t":1586464200000,"price":"13379605814800000","supply":"100337072013340332.03125000000"},{"t":1586465100001,"price":"13364704719100000","supply":"100337124296328765.869140625000000"},{"t":1586466000000,"price":"13352968821200000","supply":"100337176528783279.4189453125000000"},{"t":1586466900000,"price":"13352968821200000","supply":"100337227570248291.015625000000"},{"t":1586467800000,"price":"13364704719100000","supply":"100337279999641677.8564453125000000"},{"t":1586468700000,"price":"13374573270500000","supply":"100337332327856430.0537109375000000"},{"t":1586469600000,"price":"13432877008300000","supply":"100337363354446197.509765625000000"},{"t":1586470500000,"price":"13432877008300000","supply":"100337436656866256.7138671875000000"},{"t":1586471400001,"price":"13452567606200000","supply":"100337488974758071.8994140625000000"},{"t":1586472300000,"price":"13458308456800000","supply":"100337541087876739.501953125000000"},{"t":1586473200000,"price":"13461788500000000","supply":"100337593103146041.8701171875000000"},{"t":1586474100000,"price":"13461788500000000","supply":"100337645100909378.0517578125000000"},{"t":1586475000000,"price":"13466025900700000","supply":"100337697343633666.9921875000000"},{"t":1586475900001,"price":"13466025900700000","supply":"100337749613169540.4052734375000000"},{"t":1586476800000,"price":"13469476618000000","supply":"100337801786765823.3642578125000000"},{"t":1586477700001,"price":"13469476618000000"},{"t":1586478600000,"price":"13465977464300000","supply":"100337816756141738.8916015625000000"},{"t":1586479500000,"price":"13475654206300000","supply":"100337957371730758.6669921875000000"},{"t":1586480400000,"price":"13498692788900000","supply":"100338009434102279.6630859375000000"},{"t":1586481300000,"price":"13498692788900000","supply":"100338061375230072.021484375000000"},{"t":1586482200000,"price":"13498692788900000","supply":"100338090545960006.7138671875000000"},{"t":1586483100000,"price":"13470834791200000","supply":"100338165778907089.2333984375000000"},{"t":1586484000000,"price":"13410519749400000","supply":"100338210473585159.3017578125000000"},{"t":1586484900000,"price":"13410519749400000","supply":"100338268980205749.51171875000000"},{"t":1586485800001,"price":"13387303277100000","supply":"100338320689287155.1513671875000000"},{"t":1586486700000,"price":"13386438300400000","supply":"100338372629573120.1171875000000"},{"t":1586487600001,"price":"13364414112500000","supply":"100338424548553329.4677734375000000"},{"t":1586488500000,"price":"13364414112500000","supply":"100338476606011428.8330078125000000"},{"t":1586489400000,"price":"13297678061000000","supply":"100338528909021011.3525390625000000"},{"t":1586490300000,"price":"13277008725700000","supply":"100338580872055999.755859375000000"},{"t":1586491200000,"price":"13249219719800000","supply":"100338633310246170.0439453125000000"},{"t":1586492100000,"price":"13249219719800000","supply":"100338685347479400.634765625000000"},{"t":1586493000000,"price":"13082571590500000","supply":"100338737116184951.7822265625000000"},{"t":1586493900000,"price":"12956877141700000","supply":"100338789192397903.4423828125000000"},{"t":1586494800000,"price":"12956877141700000","supply":"100338841592494812.01171875000000"},{"t":1586495700000,"price":"12956877141700000","supply":"100338893355266876.220703125000000"},{"t":1586496600000,"price":"12956877141700000","supply":"100338893355266876.220703125000000"},{"t":1586497500001,"price":"12823242200600000","supply":"100338997895712997.4365234375000000"},{"t":1586498400000,"price":"12621431289000000","supply":"100339050131422653.1982421875000000"},{"t":1586499300001,"price":"12621431289000000","supply":"100339102167059005.7373046875000000"},{"t":1586500200000,"price":"12621431289000000","supply":"100339153902278549.1943359375000000"},{"t":1586501100000,"price":"12693488735800000","supply":"100339206104704132.080078125000000"},{"t":1586502000000,"price":"12707198712300000","supply":"100339243885064956.6650390625000000"},{"t":1586502900000,"price":"12707198712300000","supply":"100339309989116210.9375000000"},{"t":1586503800000,"price":"12700961277400000","supply":"100339362175179809.5703125000000"},{"t":1586504700000,"price":"12599644245000000","supply":"100339413923894241.3330078125000000"},{"t":1586505600000,"price":"12574978936500000","supply":"100339466171937927.24609375000000"},{"t":1586506500000,"price":"12574978936500000","supply":"100339518345602569.580078125000000"},{"t":1586507400000,"price":"12582228043400000","supply":"100339550429591445.9228515625000000"},{"t":1586508300001,"price":"12582228043400000","supply":"100339621966699325.5615234375000000"},{"t":1586509200000,"price":"12576443674200000","supply":"100339672953477096.5576171875000000"},{"t":1586510100000,"price":"12576443674200000","supply":"100339725121361999.51171875000000"},{"t":1586511000001,"price":"12566009307900000","supply":"100339763758751998.9013671875000000"},{"t":1586511900000,"price":"12558824280000000","supply":"100339829136865951.5380859375000000"},{"t":1586512800000,"price":"12516638056500000","supply":"100339881062919387.8173828125000000"},{"t":1586513700000,"price":"12516638056500000","supply":"100339933275165954.58984375000000"},{"t":1586514600000,"price":"12470507626200000","supply":"100339972042787780.76171875000000"},{"t":1586515500000,"price":"12470507626200000","supply":"100340037642820358.2763671875000000"},{"t":1586516400000,"price":"12497900828900000","supply":"100340089869575561.5234375000000"},{"t":1586517300000,"price":"12497900828900000","supply":"100340142097239364.6240234375000000"},{"t":1586518200000,"price":"12506122005900000","supply":"100340194111275436.4013671875000000"},{"t":1586519100000,"price":"12509846697900000","supply":"100340246223565643.310546875000000"},{"t":1586520000001,"price":"12506122005900000","supply":"100340298456738952.63671875000000"},{"t":1586520900001,"price":"12506122005900000","supply":"100340349929121627.8076171875000000"},{"t":1586521800000,"price":"12497507314100000","supply":"100340401960900131.2255859375000000"},{"t":1586522700001,"price":"12497507314100000","supply":"100340454175864868.1640625000000"},{"t":1586523600000,"price":"12517481724700000","supply":"100340506118074356.0791015625000000"},{"t":1586524500000,"price":"12517481724700000","supply":"100340558331897521.97265625000000"},{"t":1586525400000,"price":"12523088640400000","supply":"100340610565092376.708984375000000"},{"t":1586526300000,"price":"12523088640400000","supply":"100340662931354797.36328125000000"},{"t":1586527200000,"price":"12490822562700000","supply":"100340715255084167.48046875000000"},{"t":1586528100000,"price":"12490822562700000","supply":"100340767082317047.119140625000000"},{"t":1586529000000,"price":"12435538260800000","supply":"100340819142804000.8544921875000000"},{"t":1586529900000,"price":"12413280342600000","supply":"100340867918484771.728515625000000"},{"t":1586530800000,"price":"12382436180600000","supply":"100340907899602584.8388671875000000"},{"t":1586531700001,"price":"12382436180600000","supply":"100340971843669784.5458984375000000"},{"t":1586532600000,"price":"12342235659600000","supply":"100341022825470489.501953125000000"},{"t":1586533500000,"price":"12328758657100000","supply":"100341074518248214.7216796875000000"},{"t":1586534400000,"price":"12218726224300000","supply":"100341126575999938.96484375000000"},{"t":1586535300000,"price":"12218726224300000","supply":"100341178781472549.4384765625000000"},{"t":1586536200000,"price":"12190782381000000","supply":"100341230808977340.6982421875000000"},{"t":1586537100000,"price":"12218726224300000","supply":"100341282912859970.0927734375000000"},{"t":1586538000000,"price":"12257343414400000","supply":"100341335046514892.578125000000"},{"t":1586538900000,"price":"12257343414400000","supply":"100341387221622817.9931640625000000"},{"t":1586539800000,"price":"12328254903200000","supply":"100341404955032089.2333984375000000"},{"t":1586540700000,"price":"12353761172800000","supply":"100341491506476242.0654296875000000"},{"t":1586541600000,"price":"12382514051500000","supply":"100341543826165832.51953125000000"},{"t":1586542500001,"price":"12382514051500000","supply":"100341595499306991.5771484375000000"},{"t":1586543400000,"price":"12390225756300000","supply":"100341638361734634.3994140625000000"},{"t":1586544300000,"price":"12396228387300000","supply":"100341699626608169.5556640625000000"},{"t":1586545200000,"price":"12397173909500000","supply":"100341751653234939.5751953125000000"},{"t":1586546100000,"price":"12397173909500000","supply":"100341803869491958.6181640625000000"},{"t":1586547000000,"price":"12427961530100000","supply":"100341751653234939.5751953125000000"},{"t":1586547900000,"price":"12427961530100000","supply":"100341907858195602.4169921875000000"},{"t":1586548800000,"price":"12439587080300000","supply":"100341957030574737.548828125000000"},{"t":1586549700000,"price":"12439587080300000","supply":"100342012255467025.7568359375000000"},{"t":1586550600000,"price":"12439587080300000","supply":"100342064431022445.6787109375000000"},{"t":1586551500000,"price":"12426829239600000","supply":"100342116685785034.1796875000000"},{"t":1586552400001,"price":"12414087947400000","supply":"100342138134014297.4853515625000000"},{"t":1586553300000,"price":"12414087947400000","supply":"100342220928616882.32421875000000"},{"t":1586554200000,"price":"12414087947400000","supply":"100342221970841033.935546875000000"},{"t":1586555100000,"price":"12409040758400000","supply":"100342324855566192.626953125000000"},{"t":1586556000000,"price":"12417834616300000","supply":"100342376820338211.0595703125000000"},{"t":1586556900000,"price":"12417834616300000","supply":"100342429137816314.697265625000000"},{"t":1586557800000,"price":"12421432404600000","supply":"100342481254566116.3330078125000000"},{"t":1586558700000,"price":"12436445766900000","supply":"100342533284537979.1259765625000000"},{"t":1586559600000,"price":"12438150647200000","supply":"100342585268394592.28515625000000"},{"t":1586560500000,"price":"12438150647200000","supply":"100342637532086090.087890625000000"},{"t":1586561400000,"price":"12440726455700000","supply":"100342689621894592.28515625000000"},{"t":1586562300000,"price":"12440726455700000","supply":"100342741438840698.2421875000000"},{"t":1586563200000,"price":"12440726455700000","supply":"100342790168370040.8935546875000000"},{"t":1586564100000,"price":"12440726455700000","supply":"100342845446152999.8779296875000000"},{"t":1586565000000,"price":"12486362083000000","supply":"100342897730063415.52734375000000"},{"t":1586565900000,"price":"12486362083000000","supply":"100342949979225219.7265625000000"},{"t":1586566800000,"price":"12524452560900000","supply":"100343001938636596.6796875000000"},{"t":1586567700000,"price":"12524452560900000","supply":"100343054293071380.615234375000000"},{"t":1586568600000,"price":"12540400042900000","supply":"100343106493104537.9638671875000000"},{"t":1586569500000,"price":"12555491909200000","supply":"100343158469247329.7119140625000000"},{"t":1586570400000,"price":"12566787440200000","supply":"100343196150724319.4580078125000000"},{"t":1586571300000,"price":"12566787440200000","supply":"100343262690752288.818359375000000"},{"t":1586572200000,"price":"12599163666500000","supply":"100343314907355621.337890625000000"},{"t":1586573100001,"price":"12614073158400000","supply":"100343367072527770.99609375000000"},{"t":1586574000000,"price":"12637252305100000","supply":"100343395175625213.623046875000000"},{"t":1586574900000,"price":"12637252305100000","supply":"100343470056994018.5546875000000"},{"t":1586575800001,"price":"12669014340000000","supply":"100343501358215972.900390625000000"},{"t":1586576700000,"price":"12669014340000000","supply":"100343572350507537.841796875000000"},{"t":1586577600001,"price":"12671507659900000","supply":"100343566605598129.2724609375000000"},{"t":1586578500000,"price":"12671507659900000","supply":"100343676616749710.0830078125000000"},{"t":1586579400000,"price":"12742254536000000","supply":"100343711911897781.3720703125000000"},{"t":1586580300000,"price":"12758305528000000","supply":"100343779756834579.4677734375000000"},{"t":1586581200000,"price":"12758305528000000","supply":"100343832058870910.64453125000000"},{"t":1586582100000,"price":"12758305528000000","supply":"100343884193456390.380859375000000"},{"t":1586583000000,"price":"12727533530400000","supply":"100343924545954421.9970703125000000"},{"t":1586583900000,"price":"12727533530400000","supply":"100343988595361999.51171875000000"},{"t":1586584800000,"price":"12742288730800000","supply":"100344020337521148.681640625000000"},{"t":1586585700000,"price":"12742288730800000","supply":"100344092851734619.140625000000"},{"t":1586586600000,"price":"12760228278600000","supply":"100344144620017028.80859375000000"},{"t":1586587500000,"price":"12760228278600000","supply":"100344196524009262.0849609375000000"},{"t":1586588400000,"price":"12767212282600000","supply":"100344247690725433.349609375000000"},{"t":1586589300000,"price":"12767212282600000","supply":"100344299393608428.955078125000000"},{"t":1586590200000,"price":"12767212282600000","supply":"100344350812839477.5390625000000"},{"t":1586591100000,"price":"12712666099500000","supply":"100344401998850936.8896484375000000"},{"t":1586592000000,"price":"12666901330900000","supply":"100344453543295639.0380859375000000"},{"t":1586592900000,"price":"12666901330900000","supply":"100344505209358154.296875000000"},{"t":1586593800000,"price":"12661348788100000","supply":"100344494479866760.25390625000000"},{"t":1586594700000,"price":"12661692058800000","supply":"100344609497840652.4658203125000000"},{"t":1586595600000,"price":"12661692058800000","supply":"100344662006071228.02734375000000"},{"t":1586596500000,"price":"12661692058800000","supply":"100344713080682662.9638671875000000"},{"t":1586597400000,"price":"12671929183300000","supply":"100344765394367691.0400390625000000"},{"t":1586598300000,"price":"12667571578600000","supply":"100344817393225051.8798828125000000"},{"t":1586599200000,"price":"12665228377200000","supply":"100344860754471939.0869140625000000"},{"t":1586600100001,"price":"12665228377200000","supply":"100344921916082962.0361328125000000"},{"t":1586601000000,"price":"12645709344500000","supply":"100344974225023330.6884765625000000"},{"t":1586601900000,"price":"12645709344500000","supply":"100345026555819396.97265625000000"},{"t":1586602800000,"price":"12637973766100000","supply":"100345078942652130.126953125000000"},{"t":1586603700000,"price":"12637973766100000","supply":"100345131277521759.033203125000000"},{"t":1586604600000,"price":"12648087256400000","supply":"100345183624691879.2724609375000000"},{"t":1586605500001,"price":"12663113288100000","supply":"100345235898550598.14453125000000"},{"t":1586606400000,"price":"12699918142800000","supply":"100345288173420181.2744140625000000"},{"t":1586607300001,"price":"12699918142800000","supply":"100345339737157073.974609375000000"},{"t":1586608200000,"price":"12700859727900000","supply":"100345391763468841.552734375000000"},{"t":1586609100000,"price":"12699918142800000","supply":"100345444070085632.32421875000000"},{"t":1586610000000,"price":"12691808922300000","supply":"100345496018650451.66015625000000"},{"t":1586610900000,"price":"12691808922300000","supply":"100345548084590301.513671875000000"},{"t":1586611800000,"price":"12683948359100000","supply":"100345577781138580.322265625000000"},{"t":1586612700000,"price":"12683948359100000","supply":"100345651906575759.8876953125000000"},{"t":1586613600000,"price":"12676871551700000","supply":"100345704003123306.2744140625000000"},{"t":1586614500000,"price":"12676871551700000","supply":"100345755917316284.1796875000000"},{"t":1586615400000,"price":"12655966175400000","supply":"100345807787463699.3408203125000000"},{"t":1586616300000,"price":"12610256923000000","supply":"100345859986721069.3359375000000"},{"t":1586617200000,"price":"12610256923000000","supply":"100345902013008651.7333984375000000"},{"t":1586618100000,"price":"12610256923000000","supply":"100345964072479522.705078125000000"},{"t":1586619000000,"price":"12610256923000000","supply":"100346016085811874.3896484375000000"},{"t":1586619900000,"price":"12600601577000000","supply":"100346068470804122.9248046875000000"},{"t":1586620800001,"price":"12600601577000000","supply":"100346120717665420.5322265625000000"},{"t":1586621700000,"price":"12600601577000000","supply":"100346172468387008.6669921875000000"},{"t":1586622600000,"price":"12633938941200000","supply":"100346224640674346.923828125000000"},{"t":1586623500000,"price":"12633938941200000","supply":"100346276853634658.8134765625000000"},{"t":1586624400000,"price":"12619873749600000","supply":"100346320859856445.3125000000"},{"t":1586625300000,"price":"12619873749600000","supply":"100346381096653930.6640625000000"},{"t":1586626200000,"price":"12537076405800000","supply":"100346433174207626.3427734375000000"},{"t":1586627100000,"price":"12526622418400000","supply":"100346485390173171.9970703125000000"},{"t":1586628000001,"price":"12515336715900000","supply":"100346530659793136.5966796875000000"},{"t":1586628900000,"price":"12515336715900000","supply":"100346589674530044.5556640625000000"},{"t":1586629800000,"price":"12512540897900000","supply":"100346641833194961.5478515625000000"},{"t":1586630700000,"price":"12470920599100000","supply":"100346694157781738.28125000000"},{"t":1586631600000,"price":"12470920599100000"},{"t":1586632500000,"price":"12470920599100000","supply":"100346798405853591.9189453125000000"},{"t":1586633400000,"price":"12477748004700000","supply":"100346840878980651.85546875000000"},{"t":1586634300000,"price":"12477748004700000","supply":"100346902767088088.9892578125000000"},{"t":1586635200000,"price":"12466052882400000","supply":"100346954998252334.5947265625000000"},{"t":1586636100000,"price":"12466052882400000","supply":"100347007083602859.4970703125000000"},{"t":1586637000001,"price":"12451091701300000","supply":"100347056318397399.90234375000000"},{"t":1586637900000,"price":"12429882385300000","supply":"100347111014409439.0869140625000000"},{"t":1586638800000,"price":"12404550610600000","supply":"100347163201193237.3046875000000"},{"t":1586639700000,"price":"12404550610600000","supply":"100347215263454681.396484375000000"},{"t":1586640600000,"price":"12404550610600000","supply":"100347264144810577.392578125000000"},{"t":1586641500000,"price":"12392016689200000","supply":"100347318496208709.716796875000000"},{"t":1586642400000,"price":"12381945140200000","supply":"100347370282855545.0439453125000000"},{"t":1586643300000,"price":"12381945140200000","supply":"100347422597991363.525390625000000"},{"t":1586644200000,"price":"12419288774900000","supply":"100347474544696563.720703125000000"},{"t":1586645100000,"price":"12455336037300000","supply":"100347526679270690.91796875000000"},{"t":1586646000000,"price":"12490238636500000","supply":"100347579057812179.5654296875000000"},{"t":1586646900000,"price":"12490238636500000","supply":"100347631235969253.5400390625000000"},{"t":1586647800000,"price":"12499930317400000","supply":"100347683451487777.7099609375000000"},{"t":1586648700000,"price":"12499930317400000","supply":"100347735489362884.521484375000000"},{"t":1586649600001,"price":"12487819395900000","supply":"100347787294375350.9521484375000000"},{"t":1586650500000,"price":"12487819395900000","supply":"100347837995271270.751953125000000"},{"t":1586651400000,"price":"12493173808300000","supply":"100347890092058120.7275390625000000"},{"t":1586652300000,"price":"12537305304300000","supply":"100347942279338302.6123046875000000"},{"t":1586653200000,"price":"12561703679700000","supply":"100347982703091812.1337890625000000"},{"t":1586654100000,"price":"12561703679700000","supply":"100348046821866790.771484375000000"},{"t":1586655000000,"price":"12561791795500000","supply":"100348099106649276.7333984375000000"},{"t":1586655900000,"price":"12561791795500000","supply":"100348151482093017.578125000000"},{"t":1586656800000,"price":"12564034755200000","supply":"100348203714349594.1162109375000000"},{"t":1586657700000,"price":"12564034755200000","supply":"100348255726279678.3447265625000000"},{"t":1586658600000,"price":"12563977356300000","supply":"100348308037108657.8369140625000000"},{"t":1586659500000,"price":"12457216898200000","supply":"100348360431502227.783203125000000"},{"t":1586660400000,"price":"12452579837400000","supply":"100348412662414077.7587890625000000"},{"t":1586661300000,"price":"12452579837400000","supply":"100348464664935379.0283203125000000"},{"t":1586662200000,"price":"12454018181700000","supply":"100348516817840515.13671875000000"},{"t":1586663100000,"price":"12465551187500000","supply":"100348569218503509.521484375000000"},{"t":1586664000000,"price":"12468108619500000","supply":"100348621485187637.3291015625000000"},{"t":1586664900000,"price":"12468108619500000","supply":"100348673404170242.3095703125000000"},{"t":1586665800000,"price":"12435004553700000","supply":"100348725638824661.2548828125000000"},{"t":1586666700000,"price":"12424849824900000","supply":"100348777767537322.998046875000000"},{"t":1586667600001,"price":"12424849824900000","supply":"100348829833358810.4248046875000000"},{"t":1586668500000,"price":"12424849824900000","supply":"100348882110241592.4072265625000000"},{"t":1586669400000,"price":"12427644493500000","supply":"100348934271676269.53125000000"},{"t":1586670300000,"price":"12435027437100000","supply":"100348986223696258.544921875000000"},{"t":1586671200001,"price":"12441261005800000","supply":"100349038154918777.4658203125000000"},{"t":1586672100001,"price":"12441261005800000","supply":"100349089724923690.7958984375000000"},{"t":1586673000000,"price":"12449457335800000","supply":"100349141871877685.546875000000"},{"t":1586673900000,"price":"12453410818100000","supply":"100349194198881744.384765625000000"},{"t":1586674800000,"price":"12453410818100000","supply":"100349244939402221.6796875000000"},{"t":1586675700000,"price":"12453410818100000","supply":"100349298527807922.36328125000000"},{"t":1586676600000,"price":"12455179346000000","supply":"100349337678627792.3583984375000000"},{"t":1586677500000,"price":"12451687326300000","supply":"100349402832301010.1318359375000000"},{"t":1586678400000,"price":"12451687326300000","supply":"100349455025296371.4599609375000000"},{"t":1586679300000,"price":"12451687326300000","supply":"100349507027029693.603515625000000"},{"t":1586680200000,"price":"12451687326300000","supply":"100349546239645278.9306640625000000"},{"t":1586681100000,"price":"12452905034700000","supply":"100349611061608047.4853515625000000"},{"t":1586682000001,"price":"12455074181300000","supply":"100349663275565505.9814453125000000"},{"t":1586682900000,"price":"12455074181300000","supply":"100349715306248123.1689453125000000"},{"t":1586683800000,"price":"12466547993000000","supply":"100349765766469894.4091796875000000"},{"t":1586684700000,"price":"12466547993000000","supply":"100349819719442825.3173828125000000"},{"t":1586685600000,"price":"12510914412500000","supply":"100349871928630508.4228515625000000"},{"t":1586686500000,"price":"12510914412500000","supply":"100349924096019027.7099609375000000"},{"t":1586687400000,"price":"12559899481600000","supply":"100349975262433959.9609375000000"},{"t":1586688300000,"price":"12559899481600000","supply":"100350027605298599.2431640625000000"},{"t":1586689200000,"price":"12543523277200000","supply":"100350079820040756.2255859375000000"},{"t":1586690100000,"price":"12543523277200000","supply":"100350131874696899.4140625000000"},{"t":1586691000000,"price":"12543523277200000","supply":"100350183963968124.3896484375000000"},{"t":1586691900000,"price":"12550484342900000","supply":"100350236081589965.8203125000000"},{"t":1586692800000,"price":"12561081083200000","supply":"100350288387606460.5712890625000000"},{"t":1586693700000,"price":"12561081083200000","supply":"100350339018939102.1728515625000000"},{"t":1586694600000,"price":"12597474273100000","supply":"100350390279299987.79296875000000"},{"t":1586695500000,"price":"12603646052300000","supply":"100350442159362289.4287109375000000"},{"t":1586696400000,"price":"12649580414100000","supply":"100350405406970489.501953125000000"},{"t":1586697300000,"price":"12649580414100000","supply":"100350546529715759.27734375000000"},{"t":1586698200000,"price":"12652681841500000","supply":"100350598658721420.2880859375000000"},{"t":1586699100000,"price":"12652681841500000","supply":"100350650609407577.5146484375000000"},{"t":1586700000000,"price":"12655416801000000","supply":"100350665245705108.642578125000000"},{"t":1586700900000,"price":"12655416801000000","supply":"100350754685967895.5078125000000"},{"t":1586701800000,"price":"12668514035900000","supply":"100350805983908325.1953125000000"},{"t":1586702700000,"price":"12711305100200000","supply":"100350858560552917.48046875000000"},{"t":1586703600001,"price":"12780965353500000","supply":"100350909895595046.9970703125000000"},{"t":1586704500000,"price":"12780965353500000","supply":"100350962242720443.7255859375000000"},{"t":1586705400000,"price":"12801942366800000","supply":"100351014570306503.2958984375000000"},{"t":1586706300000,"price":"12813241439800000","supply":"100351066701254730.224609375000000"},{"t":1586707200000,"price":"12819083287300000","supply":"100351118566822235.107421875000000"},{"t":1586708100000,"price":"12819083287300000","supply":"100351171130321777.34375000000"},{"t":1586709000000,"price":"12829543778100000","supply":"100351222086481567.3828125000000"},{"t":1586709900000,"price":"12927504807200000","supply":"100351274017199142.4560546875000000"},{"t":1586710800000,"price":"12991667121900000","supply":"100351324921991317.7490234375000000"},{"t":1586711700000,"price":"12991667121900000","supply":"100351378342873489.3798828125000000"},{"t":1586712600000,"price":"13043224780900000","supply":"100351428999966644.287109375000000"},{"t":1586713500000,"price":"13043224780900000","supply":"100351481364674758.9111328125000000"},{"t":1586714400000,"price":"12990982297200000","supply":"100351529499162765.5029296875000000"},{"t":1586715300000,"price":"12990982297200000","supply":"100351584801382675.1708984375000000"},{"t":1586716200000,"price":"12964886075000000","supply":"100351637634157272.3388671875000000"},{"t":1586717100000,"price":"12938586483200000","supply":"100351689547950378.41796875000000"},{"t":1586718000000,"price":"12923963825100000","supply":"100351740067131027.2216796875000000"},{"t":1586718900000,"price":"12923963825100000","supply":"100351793579844558.7158203125000000"},{"t":1586719800000,"price":"12939331183600000","supply":"100351845068772918.701171875000000"},{"t":1586720700000,"price":"12940850586300000","supply":"100351897704811767.578125000000"},{"t":1586721600000,"price":"13025016673100000","supply":"100351949930732681.2744140625000000"},{"t":1586722500000,"price":"13025016673100000","supply":"100352002139036422.7294921875000000"},{"t":1586723400000,"price":"13030909166300000","supply":"100352053737334945.6787109375000000"},{"t":1586724300000,"price":"13120061823000000","supply":"100352106300869796.7529296875000000"},{"t":1586725200000,"price":"13125433167500000","supply":"100352158037932479.8583984375000000"},{"t":1586726100000,"price":"13125433167500000","supply":"100352210793978134.1552734375000000"},{"t":1586727000000,"price":"13105184077800000","supply":"100352262901196807.861328125000000"},{"t":1586727900000,"price":"13077896592100000","supply":"100352315127252288.818359375000000"},{"t":1586728800001,"price":"13060284458200000","supply":"100352366831171020.5078125000000"},{"t":1586729700000,"price":"13060284458200000","supply":"100352418781960037.2314453125000000"},{"t":1586730600000,"price":"13039537910500000","supply":"100352470769368759.1552734375000000"},{"t":1586731500000,"price":"13036145471500000","supply":"100352522578933319.091796875000000"},{"t":1586732400000,"price":"12929463138600000","supply":"100352574474278564.453125000000"},{"t":1586733300000,"price":"12929463138600000","supply":"100352626551424621.58203125000000"},{"t":1586734200000,"price":"12941360191000000","supply":"100352678693798690.7958984375000000"},{"t":1586735100000,"price":"12943873041900000","supply":"100352731364037307.7392578125000000"},{"t":1586736000000,"price":"12943873041900000","supply":"100352783623183532.71484375000000"},{"t":1586736900000,"price":"12943873041900000","supply":"100352834746731918.3349609375000000"},{"t":1586737800000,"price":"12925359793800000","supply":"100352887452753219.6044921875000000"},{"t":1586738700000,"price":"12795260268800000","supply":"100352939840869812.01171875000000"},{"t":1586739600000,"price":"12598206441500000","supply":"100352991472319488.525390625000000"},{"t":1586740500000,"price":"12598206441500000","supply":"100353044059705978.3935546875000000"},{"t":1586741400000,"price":"12568137359700000","supply":"100353095850056610.107421875000000"},{"t":1586742300000,"price":"12553959008100000","supply":"100353148136777496.337890625000000"},{"t":1586743200000,"price":"12504383214400000","supply":"100353200870487976.07421875000000"},{"t":1586744100000,"price":"12504383214400000","supply":"100353252696610870.361328125000000"},{"t":1586745000000,"price":"12449451224700000","supply":"100353305028136581.4208984375000000"},{"t":1586745900000,"price":"12434781549300000","supply":"100353354872721496.58203125000000"},{"t":1586746800000,"price":"12438278854100000","supply":"100353407556411758.4228515625000000"},{"t":1586747700000,"price":"12438278854100000","supply":"100353448066468292.236328125000000"},{"t":1586748600000,"price":"12438278854100000","supply":"100353509787633987.4267578125000000"},{"t":1586749500000,"price":"12438278854100000","supply":"100353561331808410.64453125000000"},{"t":1586750400000,"price":"12409646476200000","supply":"100353613328718078.61328125000000"},{"t":1586751300000,"price":"12409646476200000","supply":"100353664422614776.611328125000000"},{"t":1586752200000,"price":"12362252808000000","supply":"100353716475069915.771484375000000"},{"t":1586753100000,"price":"12334269391200000","supply":"100353767883315322.8759765625000000"},{"t":1586754000000,"price":"12334269391200000","supply":"100353819783678070.068359375000000"},{"t":1586754900000,"price":"12334269391200000","supply":"100353871009782623.291015625000000"},{"t":1586755800000,"price":"12342063504000000","supply":"100353921888514282.2265625000000"}]
13:32:20.591 [TestNG-tests-1] INFO tron.common.TronscanApiList - message:SUCCESS
13:32:20.591 [TestNG-tests-1] INFO tron.common.TronscanApiList - JSON content size are: 3
13:32:20.591 [TestNG-tests-1] INFO tron.common.TronscanApiList - ----------------------------Print JSON End-----------------------------
]]></system-out>
  <system-err><![CDATA[]]></system-err>
</testsuite>
