<?xml version="1.0" encoding="UTF-8"?>
<testsuite name="tron.djed.FeedInfo" tests="1" skipped="0" failures="0" errors="0" timestamp="2020-04-10T04:38:45" hostname="zhukaideiMac.local" time="2.82">
  <properties/>
  <testcase name="feedInfoTimeLine" classname="tron.djed.FeedInfo" time="2.82"/>
  <system-out><![CDATA[http://api.just.network/scan/feedInfo/timeLine
12:38:45.670 [TestNG-tests-1] DEBUG org.apache.http.impl.conn.PoolingClientConnectionManager - Connection request: [route: {}->http://api.just.network:80][total kept alive: 0; route allocated: 0 of 80; total allocated: 0 of 100]
12:38:45.670 [TestNG-tests-1] DEBUG org.apache.http.impl.conn.PoolingClientConnectionManager - Connection leased: [id: 11][route: {}->http://api.just.network:80][total kept alive: 0; route allocated: 1 of 80; total allocated: 1 of 100]
12:38:45.670 [TestNG-tests-1] DEBUG org.apache.http.impl.conn.DefaultClientConnectionOperator - Connecting to api.just.network:80
12:38:45.974 [TestNG-tests-1] DEBUG org.apache.http.client.protocol.RequestAddCookies - CookieSpec selected: default
12:38:45.974 [TestNG-tests-1] DEBUG org.apache.http.client.protocol.RequestAuthCache - Auth cache not set in the context
12:38:45.974 [TestNG-tests-1] DEBUG org.apache.http.client.protocol.RequestTargetAuthentication - Target auth state: UNCHALLENGED
12:38:45.974 [TestNG-tests-1] DEBUG org.apache.http.client.protocol.RequestProxyAuthentication - Proxy auth state: UNCHALLENGED
12:38:45.974 [TestNG-tests-1] DEBUG org.apache.http.impl.client.DefaultHttpClient - Attempt 1 to execute request
12:38:45.974 [TestNG-tests-1] DEBUG org.apache.http.impl.conn.DefaultClientConnection - Sending request: GET /scan/feedInfo/timeLine HTTP/1.1
12:38:45.974 [TestNG-tests-1] DEBUG org.apache.http.wire -  >> "GET /scan/feedInfo/timeLine HTTP/1.1[\r][\n]"
12:38:45.974 [TestNG-tests-1] DEBUG org.apache.http.wire -  >> "Content-type: application/json; charset=utf-8[\r][\n]"
12:38:45.974 [TestNG-tests-1] DEBUG org.apache.http.wire -  >> "Connection: Close[\r][\n]"
12:38:45.974 [TestNG-tests-1] DEBUG org.apache.http.wire -  >> "Host: api.just.network[\r][\n]"
12:38:45.974 [TestNG-tests-1] DEBUG org.apache.http.wire -  >> "User-Agent: Apache-HttpClient/4.5.3 (Java/1.8.0_211)[\r][\n]"
12:38:45.974 [TestNG-tests-1] DEBUG org.apache.http.wire -  >> "[\r][\n]"
12:38:45.975 [TestNG-tests-1] DEBUG org.apache.http.headers - >> GET /scan/feedInfo/timeLine HTTP/1.1
12:38:45.975 [TestNG-tests-1] DEBUG org.apache.http.headers - >> Content-type: application/json; charset=utf-8
12:38:45.975 [TestNG-tests-1] DEBUG org.apache.http.headers - >> Connection: Close
12:38:45.975 [TestNG-tests-1] DEBUG org.apache.http.headers - >> Host: api.just.network
12:38:45.975 [TestNG-tests-1] DEBUG org.apache.http.headers - >> User-Agent: Apache-HttpClient/4.5.3 (Java/1.8.0_211)
12:38:46.209 [TestNG-tests-1] DEBUG org.apache.http.wire -  << "HTTP/1.1 200 [\r][\n]"
12:38:46.209 [TestNG-tests-1] DEBUG org.apache.http.wire -  << "Server: nginx/1.16.1[\r][\n]"
12:38:46.209 [TestNG-tests-1] DEBUG org.apache.http.wire -  << "Date: Fri, 10 Apr 2020 04:38:46 GMT[\r][\n]"
12:38:46.209 [TestNG-tests-1] DEBUG org.apache.http.wire -  << "Content-Type: application/json;charset=UTF-8[\r][\n]"
12:38:46.209 [TestNG-tests-1] DEBUG org.apache.http.wire -  << "Content-Length: 133091[\r][\n]"
12:38:46.209 [TestNG-tests-1] DEBUG org.apache.http.wire -  << "Connection: close[\r][\n]"
12:38:46.209 [TestNG-tests-1] DEBUG org.apache.http.wire -  << "Cache-Control: no-cache, no-store, must-revalidate[\r][\n]"
12:38:46.209 [TestNG-tests-1] DEBUG org.apache.http.wire -  << "[\r][\n]"
12:38:46.209 [TestNG-tests-1] DEBUG org.apache.http.impl.conn.DefaultClientConnection - Receiving response: HTTP/1.1 200 
12:38:46.209 [TestNG-tests-1] DEBUG org.apache.http.headers - << HTTP/1.1 200 
12:38:46.209 [TestNG-tests-1] DEBUG org.apache.http.headers - << Server: nginx/1.16.1
12:38:46.209 [TestNG-tests-1] DEBUG org.apache.http.headers - << Date: Fri, 10 Apr 2020 04:38:46 GMT
12:38:46.209 [TestNG-tests-1] DEBUG org.apache.http.headers - << Content-Type: application/json;charset=UTF-8
12:38:46.209 [TestNG-tests-1] DEBUG org.apache.http.headers - << Content-Length: 133091
12:38:46.209 [TestNG-tests-1] DEBUG org.apache.http.headers - << Connection: close
12:38:46.209 [TestNG-tests-1] DEBUG org.apache.http.headers - << Cache-Control: no-cache, no-store, must-revalidate
http://api.just.network/scan/feedInfo/timeLine 请求总耗时：539 毫秒
12:38:46.209 [TestNG-tests-1] DEBUG org.apache.http.wire -  << "{"code":0,"data":[{"feedEventDTOList":[{"address":"TUvDoufTvAQcb8ATHCk2HroKUZ1ohYoX2j","price":"000000000000000000000000000000000000000000000000002aba7a164d7900","lu":1585907103000,"exp":1586511900000},{"address":"TUvDoufTvAQcb8ATHCk2HroKUZ1ohYoX2j","price":"000000000000000000000000000000000000000000000000002ae32fdeb7c0c0","lu":1585910703000,"exp":1586515500000},{"address":"TUvDoufTvAQcb8ATHCk2HroKUZ1ohYoX2j","price":"000000000000000000000000000000000000000000000000002b0537c1d72200","lu":1585914303000,"exp":1586519100000},{"address":"TUvDoufTvAQcb8ATHCk2HroKUZ1ohYoX2j","price":"000000000000000000000000000000000000000000000000002ad5ae51920f40","lu":1585917903000,"exp":1586522700000},{"address":"TUvDoufTvAQcb8ATHCk2HroKUZ1ohYoX2j","price":"000000000000000000000000000000000000000000000000002aa618b72aa9e0","lu":1585921503000,"exp":1586526300000},{"address":"TUvDoufTvAQcb8ATHCk2HroKUZ1ohYoX2j","price":"000000000000000000000000000000000000000000000000002a3bef2da10f40","lu":1585925103000,"exp":1586529900000},{"address":"TUvDoufTvAQcb8ATHCk2HroKUZ1ohYoX2j","price":"000000000000000000000000000000000000000000000000002a146de"
12:38:46.210 [TestNG-tests-1] DEBUG org.apache.http.wire -  << "8d7dfe0","lu":1585928703000,"exp":1586533500000},{"address":"TUvDoufTvAQcb8ATHCk2HroKUZ1ohYoX2j","price":"000000000000000000000000000000000000000000000000002a08fdcadd5ae0","lu":1585932303000,"exp":1586537100000},{"address":"TUvDoufTvAQcb8ATHCk2HroKUZ1ohYoX2j","price":"000000000000000000000000000000000000000000000000002a51f9943ed5a0","lu":1585935903000,"exp":1586540700000},{"address":"TUvDoufTvAQcb8ATHCk2HroKUZ1ohYoX2j","price":"000000000000000000000000000000000000000000000000002a54f68ed59ea0","lu":1585939503000,"exp":1586544300000},{"address":"TUvDoufTvAQcb8ATHCk2HroKUZ1ohYoX2j","price":"000000000000000000000000000000000000000000000000002a3ae5b0bf5ae0","lu":1585943103000,"exp":1586547900000},{"address":"TUvDoufTvAQcb8ATHCk2HroKUZ1ohYoX2j","price":"000000000000000000000000000000000000000000000000002a4e20742eed40","lu":1585946703000,"exp":1586551500000},{"address":"TUvDoufTvAQcb8ATHCk2HroKUZ1ohYoX2j","price":"000000000000000000000000000000000000000000000000002a48ca2cdca960","lu":1585950303000,"exp":1586555100000},{"address":"TUvDoufTvAQcb8ATHCk2HroKUZ1ohYoX2j","price":"000000000000000000000000000000000000000000000000002a492c533ad200","lu":1585953903000,"exp":1586558700000},{"address":"TUvDoufTvAQcb8ATHCk2HroKUZ1ohYoX2j","price":"000000000000000000000000000000000000000000000000002a514f39c007c0","lu":1585957503000,"exp":1586562300000},{"address":"TUvDoufTvAQcb8ATHCk2HroKUZ1ohYoX2j","price":"000000000000000000000000000000000000000000000000002a920454ca0de0","lu":1585961103000,"exp":1586565900000},{"address":"TUvDoufTvAQcb8ATHCk2HroKUZ1ohYoX2j","price":"000000000000000000000000000000000000000000000000002aa29849447740","lu":1585964703000,"exp":1586569500000},{"address":"TUvDoufTvAQcb8ATHCk2HroKUZ1ohYoX2j","price":"000000000000000000000000000000000000000000000000002a715aa2b95da0","lu":1585968303000,"exp":1586573100000},{"address":"TUvDoufTvAQcb8ATHCk2HroKUZ1ohYoX2j","price":"0000000000000000000000000000000000000000000000000029e67c5236e780","lu":1585971903000,"exp":1586576700000},{"address":"TUvDoufTvAQcb8ATHCk2HroKUZ1ohYoX2j","price":"000000000000000000000000000000000000000000000000002a018a24a2a100","lu":1585975503000,"exp":1586580300000},{"address":"TUvDoufTvAQcb8ATHCk2HroKUZ1ohYoX2j","price":"000000000000000000000000000000000000000000000000002a0e79f5895f60","lu":1585979103000,"exp":1586583900000},{"address":"TUvDoufTvAQcb8ATHCk2HroKUZ1ohYoX2j","price":"000000000000000000000000000000000000000000000000002a03f1b2126840","lu":1585982703000,"exp":1586587500000},{"address":"TUvDoufTvAQcb8ATHCk2HroKUZ1ohYoX2j","price":"0000000000000000000000000000000000000000000000000029f186d8c15f00","lu":1585986303000,"exp":1586591100000},{"address":"TUvDoufTvAQcb8ATHCk2HroKUZ1ohYoX2j","price":"000000000000000000000000000000000000000000000000002a672ecccd2300","lu":1585989903000,"exp":1586594700000},{"address":"TUvDoufTvAQcb8ATHCk2HroKUZ1ohYoX2j","price":"000000000000000000000000000000000000000000000000002a84b19b27c440","lu":1585993503000,"exp":1586598300000},{"address":"TUvDoufTvAQcb8ATHCk2HroKUZ1ohYoX2j","price":"000000000000000000000000000000000000000000000000002a905ae3aa6920","lu":1585997103000,"exp":1586601900000},{"address":"TUvDoufTvAQcb8ATHCk2HroKUZ1ohYoX2j","price":"000000000000000000000000000000000000000000000000002a7002c2375820","lu":1586000703000,"exp":1586605500000},{"address":"TUvDoufTvAQcb8ATHCk2HroKUZ1ohYoX2j","price":"000000000000000000000000000000000000000000000000002a58a6ee4ebac0","lu":1586004303000,"exp":1586609100000},{"address":"TUvDoufTvAQcb8ATHCk2HroKUZ1ohYoX2j","price":"000000000000000000000000000000000000000000000000002a38b7ac526860","lu":1586007903000,"exp":1586612700000},{"address":"TUvDoufTvAQcb8ATHCk2HroKUZ1ohYoX2j","price":"000000000000000000000000000000000000000000000000002a3491f0f5f240","lu":1586011503000,"exp":1586616300000},{"address":"TUvDoufTvAQcb8ATHCk2HroKUZ1ohYoX2j","price":"000000000000000000000000000000000000000000000000002a5296fdfaed60","lu":1586015103000,"exp":1586619900000},{"address":"TUvDoufTvAQcb8ATHCk2HroKUZ1ohYoX2j","price":"000000000000000000000000000000000000000000000000002a793358812840","lu":1586018703000,"exp":1586623500000},{"address":"TUvDoufTvAQcb8ATHCk2HroKUZ1ohYoX2j","price":"000000000000000000000000000000000000000000000000002a77c7f265c280","lu":1586022303000,"exp":1586627100000},{"address":"TUvDoufTvAQcb8ATHCk2HroKUZ1ohYoX2j","price":"000000000000000000000000000000000000000000000000002a6aa331996ec0","lu":1586025903000,"exp":1586630700000},{"address":"TUvDoufTvAQcb8ATHCk2HroKUZ1ohYoX2j","price":"000000000000000000000000000000000000000000000000002a60746a2797a0","lu":1586029503000,"exp":1586634300000},{"address":"TUvDoufTvAQcb8ATHCk2HroKUZ1ohYoX2j","price":"000000000000000000000000000000000000000000000000002a695f5bc38f40","lu":1586033103000,"exp":1586637900000},{"address":"TUvDoufTvAQcb8ATHCk2HroKUZ1ohYoX2j","price":"000000000000000000000000000000000000000000000000002a963d94564220","lu":1586036703000,"exp":1586641500000},{"address":"TUvDoufTvAQcb8ATHCk2HroKUZ1ohYoX2j","price":"000000000000000000000000000000000000000000000000002aa063d468ec20","lu":1586040303000,"exp":1586645100000},{"address":"TUvDoufTvAQcb8ATHCk2HroKUZ1ohYoX2j","price":"000000000000000000000000000000000000000000000000002a79c4119b7840","lu":1586043903000,"exp":1586648700000},{"address":"TUvDoufTvAQcb8ATHCk2HroKUZ1ohYoX2j","price":"000000000000000000000000000000000000000000000000002aabc87499e860","lu":1586047503000,"exp":1586652300000},{"address":"TUvDoufTvAQcb8ATHCk2HroKUZ1ohYoX2j","price":"000000000000000000000000000000000000000000000000002aab2bbfb1ede0","lu":1586051103000,"exp":1586655900000},{"address":"TUvDoufTvAQcb8ATHCk2HroKUZ1ohYoX2j","price":"000000000000000000000000000000000000000000000000002a9d1cbc6f3f60","lu":1586054703000,"exp":1586659500000},{"address":"TUvDoufTvAQcb8ATHCk2HroKUZ1ohYoX2j","price":"000000000000000000000000000000000000000000000000002a9ac4e93e76a0","lu":1586058303000,"exp":1586663100000},{"address":"TUvDoufTvAQcb8ATHCk2HroKUZ1ohYoX2j","price":"000000000000000000000000000000000000000000000000002a6163ae4101c0","lu":1586061903000,"exp":1586666700000},{"address":"TUvDoufTvAQcb8ATHCk2HroKUZ1ohYoX2j","price":"000000000000000000000000000000000000000000000000002a83b122b3b420","lu":1586065503000,"exp":1586670300000},{"address":"TUvDoufTvAQcb8ATHCk2HroKUZ1ohYoX2j","price":"000000000000000000000000000000000000000000000000002a5051599a3920","lu":1586069103000,"exp":1586673900000},{"address":"TUvDoufTvAQcb8ATHCk2HroKUZ1ohYoX2j","price":"000000000000000000000000000000000000000000000000002a50963c50eae0","lu":1586072703000,"exp":1586677500000},{"address":"TUvDoufTvAQcb8ATHCk2HroKUZ1ohYoX2j","price":"000000000000000000000000000000000000000000000000002a5be86fd7c700","lu":1586076303000,"exp":1586681100000},{"address":"TUvDoufTvAQcb8ATHCk2HroKUZ1ohYoX2j","price":"000000000000000000000000000000000000000000000000002a66f87f21ed60","lu":1586079903000,"exp":1586684700000},{"address":"TUvDoufTvAQcb8ATHCk2HroKUZ1ohYoX2j","price":"000000000000000000000000000000000000000000000000002a674a9f6e62e0","lu":1586083503000,"exp":1586688300000},{"address":"TUvDoufTvAQcb8ATHCk2HroKUZ1ohYoX2j","price":"000000000000000000000000000000000000000000000000002a5a88d04ce540","lu":1586087103000,"exp":1586691900000},{"address":"TUvDoufTvAQcb8ATHCk2HroKUZ1ohYoX2j","price":"000000000000000000000000000000000000000000000000002a5ce8927a3c60","lu":1586090703000,"exp":1586695500000},{"address":"TUvDoufTvAQcb8ATHCk2HroKUZ1ohYoX2j","price":"000000000000000000000000000000000000000000000000002cad363786f6e0","lu":1586094303000,"exp":1586699100000},{"address":"TUvDoufTvAQcb8ATHCk2HroKUZ1ohYoX2j","price":"000000000000000000000000000000000000000000000000002c685373739dc0","lu":1586097903000,"exp":1586702700000},{"address":"TUvDoufTvAQcb8ATHCk2HroKUZ1ohYoX2j","price":"000000000000000000000000000000000000000000000000002cb224797beb80","lu":1586101503000,"exp":1586706300000},{"address":"TUvDoufTvAQcb8ATHCk2HroKUZ1ohYoX2j","price":"000000000000000000000000000000000000000000000000002c7ca9931ae740","lu":1586105103000,"exp":1586709900000},{"address":"TUvDoufTvAQcb8ATHCk2HroKUZ1ohYoX2j","price":"000000000000000000000000000000000000000000000000002c1ad07221b400","lu":1586108703000,"exp":15867135"
12:38:46.210 [TestNG-tests-1] DEBUG org.apache.http.wire -  << "00000},{"address":"TUvDoufTvAQcb8ATHCk2HroKUZ1ohYoX2j","price":"000000000000000000000000000000000000000000000000002c8e1343b61c80","lu":1586112303000,"exp":1586717100000},{"address":"TUvDoufTvAQcb8ATHCk2HroKUZ1ohYoX2j","price":"000000000000000000000000000000000000000000000000002c5a778835bca0","lu":1586115903000,"exp":1586720700000},{"address":"TUvDoufTvAQcb8ATHCk2HroKUZ1ohYoX2j","price":"000000000000000000000000000000000000000000000000002c3f68cf9d2580","lu":1586119503000,"exp":1586724300000},{"address":"TUvDoufTvAQcb8ATHCk2HroKUZ1ohYoX2j","price":"000000000000000000000000000000000000000000000000002c4f127c870d20","lu":1586123103000,"exp":1586727900000},{"address":"TUvDoufTvAQcb8ATHCk2HroKUZ1ohYoX2j","price":"000000000000000000000000000000000000000000000000002c62e82ccf80c0","lu":1586126703000,"exp":1586731500000},{"address":"TUvDoufTvAQcb8ATHCk2HroKUZ1ohYoX2j","price":"000000000000000000000000000000000000000000000000002ca5c1dcac0100","lu":1586130303000,"exp":1586735100000},{"address":"TUvDoufTvAQcb8ATHCk2HroKUZ1ohYoX2j","price":"000000000000000000000000000000000000000000000000002d255ad255c420","lu":1586133903000,"exp":1586738700000},{"address":"TUvDoufTvAQcb8ATHCk2HroKUZ1ohYoX2j","price":"000000000000000000000000000000000000000000000000002d74ab0abd7e80","lu":1586137503000,"exp":1586742300000},{"address":"TUvDoufTvAQcb8ATHCk2HroKUZ1ohYoX2j","price":"000000000000000000000000000000000000000000000000002dea3ba1ce4740","lu":1586141103000,"exp":1586745900000},{"address":"TUvDoufTvAQcb8ATHCk2HroKUZ1ohYoX2j","price":"000000000000000000000000000000000000000000000000002dd9c1d08e9420","lu":1586144703000,"exp":1586749500000},{"address":"TUvDoufTvAQcb8ATHCk2HroKUZ1ohYoX2j","price":"000000000000000000000000000000000000000000000000002dd8770dcb13a0","lu":1586148303000,"exp":1586753100000},{"address":"TUvDoufTvAQcb8ATHCk2HroKUZ1ohYoX2j","price":"000000000000000000000000000000000000000000000000002db7a0dfb65b60","lu":1586151903000,"exp":1586756700000},{"address":"TUvDoufTvAQcb8ATHCk2HroKUZ1ohYoX2j","price":"000000000000000000000000000000000000000000000000002e4b32eef56dc0","lu":1586155503000,"exp":1586760300000},{"address":"TUvDoufTvAQcb8ATHCk2HroKUZ1ohYoX2j","price":"000000000000000000000000000000000000000000000000002e27a1f19ce760","lu":1586159103000,"exp":1586763900000},{"address":"TUvDoufTvAQcb8ATHCk2HroKUZ1ohYoX2j","price":"000000000000000000000000000000000000000000000000002e2bf02be714c0","lu":1586162703000,"exp":1586767500000},{"address":"TUvDoufTvAQcb8ATHCk2HroKUZ1ohYoX2j","price":"000000000000000000000000000000000000000000000000002e66eb90cb9920","lu":1586166303000,"exp":1586771100000},{"address":"TUvDoufTvAQcb8ATHCk2HroKUZ1ohYoX2j","price":"000000000000000000000000000000000000000000000000002eb699b3bf4b40","lu":1586169903000,"exp":1586774700000},{"address":"TUvDoufTvAQcb8ATHCk2HroKUZ1ohYoX2j","price":"000000000000000000000000000000000000000000000000002eb16a71917ce0","lu":1586173503000,"exp":1586778300000},{"address":"TUvDoufTvAQcb8ATHCk2HroKUZ1ohYoX2j","price":"000000000000000000000000000000000000000000000000002ef2011da2fc80","lu":1586177103000,"exp":1586781900000},{"address":"TUvDoufTvAQcb8ATHCk2HroKUZ1ohYoX2j","price":"000000000000000000000000000000000000000000000000002ebd0687452800","lu":1586180703000,"exp":1586785500000},{"address":"TUvDoufTvAQcb8ATHCk2HroKUZ1ohYoX2j","price":"000000000000000000000000000000000000000000000000002ea6f6bb7283a0","lu":1586184303000,"exp":1586789100000},{"address":"TUvDoufTvAQcb8ATHCk2HroKUZ1ohYoX2j","price":"000000000000000000000000000000000000000000000000002ef2d883f4b3c0","lu":1586187903000,"exp":1586792700000},{"address":"TUvDoufTvAQcb8ATHCk2HroKUZ1ohYoX2j","price":"000000000000000000000000000000000000000000000000002fa81b97c42b80","lu":1586191503000,"exp":1586796300000},{"address":"TUvDoufTvAQcb8ATHCk2HroKUZ1ohYoX2j","price":"00000000000000000000000000000000000000000000000000300b2f860a4560","lu":1586195103000,"exp":1586799900000},{"address":"TUvDoufTv"
12:38:46.441 [TestNG-tests-1] DEBUG org.apache.http.wire -  << "AQcb8ATHCk2HroKUZ1ohYoX2j","price":"000000000000000000000000000000000000000000000000002fd92754b809a0","lu":1586198703000,"exp":1586803500000},{"address":"TUvDoufTvAQcb8ATHCk2HroKUZ1ohYoX2j","price":"000000000000000000000000000000000000000000000000003017a50bb70d20","lu":1586202303000,"exp":1586807100000},{"address":"TUvDoufTvAQcb8ATHCk2HroKUZ1ohYoX2j","price":"000000000000000000000000000000000000000000000000002fa7593871a260","lu":1586205903000,"exp":1586810700000},{"address":"TUvDoufTvAQcb8ATHCk2HroKUZ1ohYoX2j","price":"000000000000000000000000000000000000000000000000002fe49b5a33aa40","lu":1586209503000,"exp":1586814300000},{"address":"TUvDoufTvAQcb8ATHCk2HroKUZ1ohYoX2j","price":"000000000000000000000000000000000000000000000000002fe04b47286700","lu":1586213103000,"exp":1586817900000},{"address":"TUvDoufTvAQcb8ATHCk2HroKUZ1ohYoX2j","price":"00000000000000000000000000000000000000000000000000308f617f5e5600","lu":1586216703000,"exp":1586821500000},{"address":"TUvDoufTvAQcb8ATHCk2HroKUZ1ohYoX2j","price":"00000000000000000000000000000000000000000000000000314bb8f03e42e0","lu":1586220303000,"exp":1586825100000},{"address":"TUvDoufTvAQcb8ATHCk2HroKUZ1ohYoX2j","price":"00000000000000000000000000000000000000000000000000311e170a6cb680","lu":1586223903000,"exp":1586828700000},{"address":"TUvDoufTvAQcb8ATHCk2HroKUZ1ohYoX2j","price":"000000000000000000000000000000000000000000000000002ffc46832437e0","lu":1586227503000,"exp":1586832300000},{"address":"TUvDoufTvAQcb8ATHCk2HroKUZ1ohYoX2j","price":"00000000000000000000000000000000000000000000000000304060d6e6cec0","lu":1586231103000,"exp":1586835900000},{"address":"TUvDoufTvAQcb8ATHCk2HroKUZ1ohYoX2j","price":"0000000000000000000000000000000000000000000000000030141d3c0243e0","lu":1586234703000,"exp":1586839500000},{"address":"TUvDoufTvAQcb8ATHCk2HroKUZ1ohYoX2j","price":"00000000000000000000000000000000000000000000000000303304a79bc1c0","lu":1586238303000,"exp":1586843100000},{"address":"TUvDoufTvAQcb8ATHCk2HroKUZ1ohYoX2j","price":"00000000000000000000000000000000000000000000000000303be409d2be60","lu":1586241903000,"exp":1586846700000},{"address":"TUvDoufTvAQcb8ATHCk2HroKUZ1ohYoX2j","price":"0000000000000000000000000000000000000000000000000030f65cff0edde0","lu":1586245503000,"exp":1586850300000},{"address":"TUvDoufTvAQcb8ATHCk2HroKUZ1ohYoX2j","price":"0000000000000000000000000000000000000000000000000030ee67fecb73e0","lu":1586249103000,"exp":1586853900000},{"address":"TUvDoufTvAQcb8ATHCk2HroKUZ1ohYoX2j","price":"0000000000000000000000000000000000000000000000000030fde99d17c720","lu":1586252703000,"exp":1586857500000},{"address":"TUvDoufTvAQcb8ATHCk2HroKUZ1ohYoX2j","price":"00000000000000000000000000000000000000000000000000313d35f5f11280","lu":1586256303000,"exp":1586861100000},{"address":"TUvDoufTvAQcb8ATHCk2HroKUZ1ohYoX2j","price":"000000000000000000000000000000000000000000000000003102be2b3111a0","lu":1586259903000,"exp":1586864700000},{"address":"TUvDoufTvAQcb8ATHCk2HroKUZ1ohYoX2j","price":"0000000000000000000000000000000000000000000000000031112d206df620","lu":1586263503000,"exp":1586868300000},{"address":"TUvDoufTvAQcb8ATHCk2HroKUZ1ohYoX2j","price":"000000000000000000000000000000000000000000000000003130441d7f1800","lu":1586267103000,"exp":1586871900000},{"address":"TUvDoufTvAQcb8ATHCk2HroKUZ1ohYoX2j","price":"0000000000000000000000000000000000000000000000000030b35c51e5f6a0","lu":1586270703000,"exp":1586875500000},{"address":"TUvDoufTvAQcb8ATHCk2HroKUZ1ohYoX2j","price":"0000000000000000000000000000000000000000000000000030f16eee5bc640","lu":1586274303000,"exp":1586879100000},{"address":"TUvDoufTvAQcb8ATHCk2HroKUZ1ohYoX2j","price":"00000000000000000000000000000000000000000000000000312f9ebf1e62c0","lu":1586277903000,"exp":1586882700000},{"address":"TUvDoufTvAQcb8ATHCk2HroKUZ1ohYoX2j","price":"000000000000000000000000000000000000000000000000003118d368d0c2a0","lu":1586281503000,"exp":1586886300000},{"address":"TUvDoufTvAQcb8ATHCk2HroKUZ1ohYoX2j","price":"00000000000000000000000000000000000000000000000000310aad299e91e0","lu":1586285103000,"exp":15868"
12:38:46.442 [TestNG-tests-1] DEBUG org.apache.http.wire -  << "89900000},{"address":"TUvDoufTvAQcb8ATHCk2HroKUZ1ohYoX2j","price":"00000000000000000000000000000000000000000000000000311e4e27182bc0","lu":1586288703000,"exp":1586893500000},{"address":"TUvDoufTvAQcb8ATHCk2HroKUZ1ohYoX2j","price":"000000000000000000000000000000000000000000000000002f5ccf7789b520","lu":1586292303000,"exp":1586897100000},{"address":"TUvDoufTvAQcb8ATHCk2HroKUZ1ohYoX2j","price":"000000000000000000000000000000000000000000000000002f82c5ebec4920","lu":1586295903000,"exp":1586900700000},{"address":"TUvDoufTvAQcb8ATHCk2HroKUZ1ohYoX2j","price":"000000000000000000000000000000000000000000000000002f6612cb816460","lu":1586299503000,"exp":1586904300000},{"address":"TUvDoufTvAQcb8ATHCk2HroKUZ1ohYoX2j","price":"000000000000000000000000000000000000000000000000002ef9e5bd19c5a0","lu":1586303103000,"exp":1586907900000},{"address":"TUvDoufTvAQcb8ATHCk2HroKUZ1ohYoX2j","price":"000000000000000000000000000000000000000000000000002f1429f7bbde60","lu":1586306703000,"exp":1586911500000},{"address":"TUvDoufTvAQcb8ATHCk2HroKUZ1ohYoX2j","price":"000000000000000000000000000000000000000000000000002f16f61ccf14a0","lu":1586310303000,"exp":1586915100000},{"address":"TUvDoufTvAQcb8ATHCk2HroKUZ1ohYoX2j","price":"000000000000000000000000000000000000000000000000002f68eeee1d3ec0","lu":1586313903000,"exp":1586918700000},{"address":"TUvDoufTvAQcb8ATHCk2HroKUZ1ohYoX2j","price":"00000000000000000000000000000000000000000000000000300a9954746620","lu":1586317503000,"exp":1586922300000},{"address":"TUvDoufTvAQcb8ATHCk2HroKUZ1ohYoX2j","price":"00000000000000000000000000000000000000000000000000307199e4bae4e0","lu":1586321103000,"exp":1586925900000},{"address":"TUvDoufTvAQcb8ATHCk2HroKUZ1ohYoX2j","price":"00000000000000000000000000000000000000000000000000308d64b6eddf40","lu":1586324703000,"exp":1586929500000},{"address":"TUvDoufTvAQcb8ATHCk2HroKUZ1ohYoX2j","price":"000000000000000000000000000000000000000000000000003058ae518f2180","lu":1586328303000,"exp":1586933100000},{"address":"TUvDoufTvAQcb8ATHCk2HroKUZ1ohYoX2j","price":"00000000000000000000000000000000000000000000000000305dfc59569620","lu":1586331903000,"exp":1586936700000},{"address":"TUvDoufTvAQcb8ATHCk2HroKUZ1ohYoX2j","price":"00000000000000000000000000000000000000000000000000304a159eacb9c0","lu":1586335503000,"exp":1586940300000},{"address":"TUvDoufTvAQcb8ATHCk2HroKUZ1ohYoX2j","price":"000000000000000000000000000000000000000000000000003033dae5eb4640","lu":1586339103000,"exp":1586943900000},{"address":"TUvDoufTvAQcb8ATHCk2HroKUZ1ohYoX2j","price":"000000000000000000000000000000000000000000000000003044d0bfa10a40","lu":1586342703000,"exp":1586947500000},{"address":"TUvDoufTvAQcb8ATHCk2HroKUZ1ohYoX2j","price":"000000000000000000000000000000000000000000000000002fec340bc1b6e0","lu":1586346303000,"exp":1586951100000},{"address":"TUvDoufTvAQcb8ATHCk2HroKUZ1ohYoX2j","price":"000000000000000000000000000000000000000000000000002feb78f9a45460","lu":1586349903000,"exp":1586954700000},{"address":"TUvDoufTvAQcb8ATHCk2HroKUZ1ohYoX2j","price":"000000000000000000000000000000000000000000000000002ffea744689920","lu":1586353503000,"exp":1586958300000},{"address":"TUvDoufTvAQcb8ATHCk2HroKUZ1ohYoX2j","price":"0000000000000000000000000000000000000000000000000030066b0095dc00","lu":1586357103000,"exp":1586961900000},{"address":"TUvDoufTvAQcb8ATHCk2HroKUZ1ohYoX2j","price":"0000000000000000000000000000000000000000000000000030425f4d159d60","lu":1586360703000,"exp":1586965500000},{"address":"TUvDoufTvAQcb8ATHCk2HroKUZ1ohYoX2j","price":"0000000000000000000000000000000000000000000000000030a5923f1599e0","lu":1586364303000,"exp":1586969100000},{"address":"TUvDoufTvAQcb8ATHCk2HroKUZ1ohYoX2j","price":"00000000000000000000000000000000000000000000000000308d62251731e0","lu":1586367903000,"exp":1586972700000},{"address":"TUvDoufTvAQcb8ATHCk2HroKUZ1ohYoX2j","price":"00000000000000000000000000000000000000000000000000307e837c2497e0","lu":1586371503000,"exp":1586976300000},{"address":"TUvDoufTvAQcb8ATHCk2HroKUZ1ohYoX2j","price":"00000000000000000000000000000000000000000000000000304884777a53e0","lu":1586375103000,"exp":1586979900000},{"address":"TUvDoufTvAQcb8ATHCk2HroKUZ1ohYoX2j","price":"00000000000000000000000000000000000000000000000000308f33e4ac1b60","lu":1586378703000,"exp":1586983500000},{"address":"TUvDoufTvAQcb8ATHCk2HroKUZ1ohYoX2j","price":"0000000000000000000000000000000000000000000000000030b41ab0d1cb80","lu":1586382303000,"exp":1586987100000},{"address":"TUvDoufTvAQcb8ATHCk2HroKUZ1ohYoX2j","price":"0000000000000000000000000000000000000000000000000030939801e66560","lu":1586385903000,"exp":1586990700000},{"address":"TUvDoufTvAQcb8ATHCk2HroKUZ1ohYoX2j","price":"0000000000000000000000000000000000000000000000000030b3f8010e7ee0","lu":1586389503000,"exp":1586994300000},{"address":"TUvDoufTvAQcb8ATHCk2HroKUZ1ohYoX2j","price":"0000000000000000000000000000000000000000000000000030e05c565f2300","lu":1586393103000,"exp":1586997900000},{"address":"TUvDoufTvAQcb8ATHCk2HroKUZ1ohYoX2j","price":"00000000000000000000000000000000000000000000000000306bf39fe32540","lu":1586396703000,"exp":1587001500000},{"address":"TUvDoufTvAQcb8ATHCk2HroKUZ1ohYoX2j","price":"00000000000000000000000000000000000000000000000000305a4b37deb220","lu":1586400303000,"exp":1587005100000},{"address":"TUvDoufTvAQcb8ATHCk2HroKUZ1ohYoX2j","price":"00000000000000000000000000000000000000000000000000303c5f4bc3e300","lu":1586403903000,"exp":1587008700000},{"address":"TUvDoufTvAQcb8ATHCk2HroKUZ1ohYoX2j","price":"000000000000000000000000000000000000000000000000003020245e3d5220","lu":1586407503000,"exp":1587012300000},{"address":"TUvDoufTvAQcb8ATHCk2HroKUZ1ohYoX2j","price":"0000000000000000000000000000000000000000000000000030423f3f764580","lu":1586411103000,"exp":1587015900000},{"address":"TUvDoufTvAQcb8ATHCk2HroKUZ1ohYoX2j","price":"000000000000000000000000000000000000000000000000003055b4e59912c0","lu":1586414703000,"exp":1587019500000},{"address":"TUvDoufTvAQcb8ATHCk2HroKUZ1ohYoX2j","price":"00000000000000000000000000000000000000000000000000305529a4664f60","lu":1586418303000,"exp":1587023100000},{"address":"TUvDoufTvAQcb8ATHCk2HroKUZ1ohYoX2j","price":"000000000000000000000000000000000000000000000000003070203339c580","lu":1586421903000,"exp":1587026700000},{"address":"TUvDoufTvAQcb8ATHCk2HroKUZ1ohYoX2j","price":"000000000000000000000000000000000000000000000000003057138d0ac580","lu":1586425503000,"exp":1587030300000},{"address":"TUvDoufTvAQcb8ATHCk2HroKUZ1ohYoX2j","price":"000000000000000000000000000000000000000000000000003065e31a7a0f60","lu":1586429103000,"exp":1587033900000},{"address":"TUvDoufTvAQcb8ATHCk2HroKUZ1ohYoX2j","price":"000000000000000000000000000000000000000000000000003073e4287e1200","lu":1586432703000,"exp":1587037500000},{"address":"TUvDoufTvAQcb8ATHCk2HroKUZ1ohYoX2j""
12:38:46.442 [TestNG-tests-1] DEBUG org.apache.http.wire -  << ","price":"000000000000000000000000000000000000000000000000002fbf974f2b3740","lu":1586436303000,"exp":1587041100000},{"address":"TUvDoufTvAQcb8ATHCk2HroKUZ1ohYoX2j","price":"0000000000000000000000000000000000000000000000000030229081461400","lu":1586439903000,"exp":1587044700000},{"address":"TUvDoufTvAQcb8ATHCk2HroKUZ1ohYoX2j","price":"000000000000000000000000000000000000000000000000003047b15381a3e0","lu":1586443503000,"exp":1587048300000},{"address":"TUvDoufTvAQcb8ATHCk2HroKUZ1ohYoX2j","price":"000000000000000000000000000000000000000000000000002fe7595a4e7e40","lu":1586447103000,"exp":1587051900000},{"address":"TUvDoufTvAQcb8ATHCk2HroKUZ1ohYoX2j","price":"000000000000000000000000000000000000000000000000002fc688077ec040","lu":1586450703000,"exp":1587055500000},{"address":"TUvDoufTvAQcb8ATHCk2HroKUZ1ohYoX2j","price":"000000000000000000000000000000000000000000000000002fc880e3d72e20","lu":1586454303000,"exp":1587059100000},{"address":"TUvDoufTvAQcb8ATHCk2HroKUZ1ohYoX2j","price":"000000000000000000000000000000000000000000000000002fcbb0f0784fa0","lu":1586457903000,"exp":1587062700000},{"address":"TUvDoufTvAQcb8ATHCk2HroKUZ1ohYoX2j","price":"000000000000000000000000000000000000000000000000002f88ae3bd36e80","lu":1586461503000,"exp":1587066300000},{"address":"TUvDoufTvAQcb8ATHCk2HroKUZ1ohYoX2j","price":"000000000000000000000000000000000000000000000000002f6c7c48e03ac0","lu":1586465103000,"exp":1587069900000},{"address":"TUvDoufTvAQcb8ATHCk2HroKUZ1ohYoX2j","price":"000000000000000000000000000000000000000000000000002fba0c624a2100","lu":1586468703000,"exp":1587073500000},{"address":"TUvDoufTvAQcb8ATHCk2HroKUZ1ohYoX2j","price":"000000000000000000000000000000000000000000000000002fc79f88197ca0","lu":1586472303000,"exp":1587077100000},{"address":"TUvDoufTvAQcb8ATHCk2HroKUZ1ohYoX2j","price":"000000000000000000000000000000000000000000000000002fd73c335021e0","lu":1586475903000,"exp":1587080700000},{"address":"TUvDoufTvAQcb8ATHCk2HroKUZ1ohYoX2j","price":"00000000000000000000000000000000000000000000000000300f00acb87d60","lu":1586479503000,"exp":1587084300000},{"address":"TUvDoufTvAQcb8ATHCk2HroKUZ1ohYoX2j","price":"000000000000000000000000000000000000000000000000002f8a4ebfe5ee40","lu":1586483103000,"exp":1587087900000},{"address":"TUvDoufTvAQcb8ATHCk2HroKUZ1ohYoX2j","price":"000000000000000000000000000000000000000000000000002f4ef03be546c0","lu":1586486703000,"exp":1587091500000},{"address":"TUvDoufTvAQcb8ATHCk2HroKUZ1ohYoX2j","price":"000000000000000000000000000000000000000000000000002ed2deb8238b40","lu":1586490303000,"exp":1587095100000}],"feedAddress":"TUvDoufTvAQcb8ATHCk2HroKUZ1ohYoX2j"},{"feedEventDTOList":[{"address":"TV3WrUtgQMGRbUxHtbYWS4SnoQJNpDdLfn","price":"0000"
12:38:46.671 [TestNG-tests-1] DEBUG org.apache.http.wire -  << "00000000000000000000000000000000000000000000002ad3e1b93afa40","lu":1585907883000,"exp":1586512680000},{"address":"TV3WrUtgQMGRbUxHtbYWS4SnoQJNpDdLfn","price":"000000000000000000000000000000000000000000000000002b024703c90f00","lu":1585911483000,"exp":1586516280000},{"address":"TV3WrUtgQMGRbUxHtbYWS4SnoQJNpDdLfn","price":"000000000000000000000000000000000000000000000000002b1a9368091aa0","lu":1585915083000,"exp":1586519880000},{"address":"TV3WrUtgQMGRbUxHtbYWS4SnoQJNpDdLfn","price":"000000000000000000000000000000000000000000000000002a9d69e2af1720","lu":1585918683000,"exp":1586523480000},{"address":"TV3WrUtgQMGRbUxHtbYWS4SnoQJNpDdLfn","price":"000000000000000000000000000000000000000000000000002aa8e552424720","lu":1585922283000,"exp":1586527080000},{"address":"TV3WrUtgQMGRbUxHtbYWS4SnoQJNpDdLfn","price":"000000000000000000000000000000000000000000000000002a05aeeb31b7c0","lu":1585925883000,"exp":1586530680000},{"address":"TV3WrUtgQMGRbUxHtbYWS4SnoQJNpDdLfn","price":"000000000000000000000000000000000000000000000000002a09eb4e11c700","lu":1585929483000,"exp":1586534280000},{"address":"TV3WrUtgQMGRbUxHtbYWS4SnoQJNpDdLfn","price":"0000000000000000000000000000000000000000000000000029f6b4587bee40","lu":1585933083000,"exp":1586537880000},{"address":"TV3WrUtgQMGRbUxHtbYWS4SnoQJNpDdLfn","price":"000000000000000000000000000000000000000000000000002a424d7f916e80","lu":1585936683000,"exp":1586541480000},{"address":"TV3WrUtgQMGRbUxHtbYWS4SnoQJNpDdLfn","price":"000000000000000000000000000000000000000000000000002a483516a7a680","lu":1585940283000,"exp":1586545080000},{"address":"TV3WrUtgQMGRbUxHtbYWS4SnoQJNpDdLfn","price":"000000000000000000000000000000000000000000000000002a3d68273f4ac0","lu":1585943883000,"exp":1586548680000},{"address":"TV3WrUtgQMGRbUxHtbYWS4SnoQJNpDdLfn","price":"000000000000000000000000000000000000000000000000002a3fb3c1a290c0","lu":1585947483000,"exp":1586552280000},{"address":"TV3WrUtgQMGRbUxHtbYWS4SnoQJNpDdLfn","price":"000000000000000000000000000000000000000000000000002a45cd55414280","lu":1585951083000,"exp":1586555880000},{"address":"TV3WrUtgQMGRbUxHtbYWS4SnoQJNpDdLfn","price":"000000000000000000000000000000000000000000000000002a51b9eb78a700","lu":1585954683000,"exp":1586559480000},{"address":"TV3WrUtgQMGRbUxHtbYWS4SnoQJNpDdLfn","price":"000000000000000000000000000000000000000000000000002a4a95cc35ada0","lu":1585958283000,"exp":1586563080000},{"address":"TV3WrUtgQMGRbUxHtbYWS4SnoQJNpDdLfn","price":"000000000000000000000000000000000000000000000000002a9115032eff80","lu":1585961883000,"exp":1586566680000},{"address":"TV3WrUtgQMGRbUxHtbYWS4SnoQJNpDdLfn","price":"000000000000000000000000000000000000000000000000002aaaba643e6fe0","lu":1585965483000,"exp":1"
12:38:46.672 [TestNG-tests-1] DEBUG org.apache.http.wire -  << "586570280000},{"address":"TV3WrUtgQMGRbUxHtbYWS4SnoQJNpDdLfn","price":"000000000000000000000000000000000000000000000000002a6b6c449b0e60","lu":1585969083000,"exp":1586573880000},{"address":"TV3WrUtgQMGRbUxHtbYWS4SnoQJNpDdLfn","price":"0000000000000000000000000000000000000000000000000029fac352103ee0","lu":1585972683000,"exp":1586577480000},{"address":"TV3WrUtgQMGRbUxHtbYWS4SnoQJNpDdLfn","price":"000000000000000000000000000000000000000000000000002a19ccb6fe7600","lu":1585976283000,"exp":1586581080000},{"address":"TV3WrUtgQMGRbUxHtbYWS4SnoQJNpDdLfn","price":"000000000000000000000000000000000000000000000000002a13dc45555280","lu":1585979883000,"exp":1586584680000},{"address":"TV3WrUtgQMGRbUxHtbYWS4SnoQJNpDdLfn","price":"000000000000000000000000000000000000000000000000002a06ba8488f760","lu":1585983483000,"exp":1586588280000},{"address":"TV3WrUtgQMGRbUxHtbYWS4SnoQJNpDdLfn","price":"0000000000000000000000000000000000000000000000000029fb81ac113a20","lu":1585987083000,"exp":1586591880000},{"address":"TV3WrUtgQMGRbUxHtbYWS4SnoQJNpDdLfn","price":"000000000000000000000000000000000000000000000000002a7d52c45f0780","lu":1585990683000,"exp":1586595480000},{"address":"TV3WrUtgQMGRbUxHtbYWS4SnoQJNpDdLfn","price":"000000000000000000000000000000000000000000000000002abfb7eb7855e0","lu":1585994283000,"exp":1586599080000},{"address":"TV3WrUtgQMGRbUxHtb"
12:38:46.672 [TestNG-tests-1] DEBUG org.apache.http.wire -  << "YWS4SnoQJNpDdLfn","price":"000000000000000000000000000000000000000000000000002a7a688f5a6120","lu":1585997883000,"exp":1586602680000},{"address":"TV3WrUtgQMGRbUxHtbYWS4SnoQJNpDdLfn","price":"000000000000000000000000000000000000000000000000002a519b32064520","lu":1586001483000,"exp":1586606280000},{"address":"TV3WrUtgQMGRbUxHtbYWS4SnoQJNpDdLfn","price":"000000000000000000000000000000000000000000000000002a516dcd222660","lu":1586005083000,"exp":1586609880000},{"address":"TV3WrUtgQMGRbUxHtbYWS4SnoQJNpDdLfn","price":"000000000000000000000000000000000000000000000000002a486ab495d8a0","lu":1586008683000,"exp":1586613480000},{"address":"TV3WrUtgQMGRbUxHtbYWS4SnoQJNpDdLfn","price":"000000000000000000000000000000000000000000000000002a4282d8a018c0","lu":1586012283000,"exp":1586617080000},{"address":"TV3WrUtgQMGRbUxHtbYWS4SnoQJNpDdLfn","price":"000000000000000000000000000000000000000000000000002a420371491e80","lu":1586015883000,"exp":1586620680000},{"address":"TV3WrUtgQMGRbUxHtbYWS4SnoQJNpDdLfn","price":"000000000000000000000000000000000000000000000000002a79e77f718580","lu":1586019483000,"exp":1586624280000},{"address":"TV3WrUtgQMGRbUxHtbYWS4SnoQJNpDdLfn","price":"000000000000000000000000000000000000000000000000002a6694f6ffcdc0","lu":1586023083000,"exp":1586627880000},{"address":"TV3WrUtgQMGRbUxHtbYWS4SnoQJNpDdLfn","price":"00000000000000000"
12:38:46.674 [TestNG-tests-1] DEBUG org.apache.http.wire -  << "0000000000000000000000000000000002a6ba4df4076c0","lu":1586026683000,"exp":1586631480000},{"address":"TV3WrUtgQMGRbUxHtbYWS4SnoQJNpDdLfn","price":"000000000000000000000000000000000000000000000000002a5b6ef405d280","lu":1586030283000,"exp":1586635080000},{"address":"TV3WrUtgQMGRbUxHtbYWS4SnoQJNpDdLfn","price":"000000000000000000000000000000000000000000000000002a65c0e88f9e20","lu":1586033883000,"exp":1586638680000},{"address":"TV3WrUtgQMGRbUxHtbYWS4SnoQJNpDdLfn","price":"000000000000000000000000000000000000000000000000002a8c7354115fc0","lu":1586037483000,"exp":1586642280000},{"address":"TV3WrUtgQMGRbUxHtbYWS4SnoQJNpDdLfn","price":"000000000000000000000000000000000000000000000000002a918772bc40c0","lu":1586041083000,"exp":1586645880000},{"address":"TV3WrUtgQMGRbUxHtbYWS4SnoQJNpDdLfn","price":"000000000000000000000000000000000000000000000000002a9aaa804e9900","lu":1586044683000,"exp":1586649480000},{"address":"TV3WrUtgQMGRbUxHtbYWS4SnoQJNpDdLfn","price":"000000000000000000000000000000000000000000000000002aa6f7a798f600","lu":1586048283000,"exp":1586653080000},{"address":"TV3WrUtgQMGRbUxHtbYWS4SnoQJNpDdLfn","price":"000000000000000000000000000000000000000000000000002a9d06e9525820","lu":1586051883000,"exp":1586656680000},{"address":"TV3WrUtgQMGRbUxHtbYWS4SnoQJNpDdLfn","price":"000000000000000000000000000000000000000000000000002a97bcbbd08ba0","lu":1586055483000,"exp":1586660280000},{"address":"TV3WrUtgQMGRbUxHtbYWS4SnoQJNpDdLfn","price":"000000000000000000000000000000000000000000000000002a8f0243c15da0","lu":1586059083000,"exp":1586663880000},{"address":"TV3WrUtgQMGRbUxHtbYWS4SnoQJNpDdLfn","price":"000000000000000000000000000000000000000000000000002a5cf23ce79ae0","lu":1586062683000,"exp":1586667480000},{"address":"TV3WrUtgQMGRbUxHtbYWS4SnoQJNpDdLfn","price":"000000000000000000000000000000000000000000000000002a6bbb69a93200","lu":1586066283000,"exp":1586671080000},{"address":"TV3WrUtgQMGRbUxHtbYWS4SnoQJNpDdLfn","price":"000000000000000000000000000000000000000000000000002a4aca873cb740","lu":1586069883000,"exp":1586674680000},{"address":"TV3WrUtgQMGRbUxHtbYWS4SnoQJNpDdLfn","price":"000000000000000000000000000000000000000000000000002a460841b967c0","lu":1586073483000,"exp":1586678280000},{"address":"TV3WrUtgQMGRbUxHtbYWS4SnoQJNpDdLfn","price":"000000000000000000000000000000000000000000000000002a51907dfb28c0","lu":1586077083000,"exp":1586681880000},{"address":"TV3WrUtgQMGRbUxHtbYWS4SnoQJNpDdLfn","price":"000000000000000000000000000000000000000000000000002a6250f2c8d000","lu":1586080683000,"exp":1586685480000},{"address":"TV3WrUtgQMGRbUxHtbYWS4SnoQJNpDdLfn","price":"000000000000000000000000000000000000000000000000002a5a6c2bea7100","lu":1586084283000,"exp":1586689080000}"
12:38:46.674 [TestNG-tests-1] DEBUG org.apache.http.wire -  << ",{"address":"TV3WrUtgQMGRbUxHtbYWS4SnoQJNpDdLfn","price":"000000000000000000000000000000000000000000000000002a605e937bbd40","lu":1586087883000,"exp":1586692680000},{"address":"TV3WrUtgQMGRbUxHtbYWS4SnoQJNpDdLfn","price":"000000000000000000000000000000000000000000000000002a5b4043a26bc0","lu":1586091483000,"exp":1586696280000},{"address":"TV3WrUtgQMGRbUxHtbYWS4SnoQJNpDdLfn","price":"000000000000000000000000000000000000000000000000002c6de1afbdf580","lu":1586095083000,"exp":1586699880000},{"address":"TV3WrUtgQMGRbUxHtbYWS4SnoQJNpDdLfn","price":"000000000000000000000000000000000000000000000000002c502b8cbed000","lu":1586098683000,"exp":1586703480000},{"address":"TV3WrUtgQMGRbUxHtbYWS4SnoQJNpDdLfn","price":"000000000000000000000000000000000000000000000000002cc6d9962244e0","lu":1586102283000,"exp":1586707080000},{"address":"TV3WrUtgQMGRbUxHtbYWS4SnoQJNpDdLfn","price":"000000000000000000000000000000000000000000000000002c8a6ee3b82280","lu":1586105883000,"exp":1586710680000},{"address":"TV3WrUtgQMGRbUxHtbYWS4SnoQJNpDdLfn","price":"000000000000000000000000000000000000000000000000002c50157b0c2e40","lu":1586109483000,"exp":1586714280000},{"address":"TV3WrUtgQMGRbUxHtbYWS4SnoQJNpDdLfn","price":"000000000000000000000000000000000000000000000000002c6d516a5988a0","lu":1586113083000,"exp":1586717880000},{"address":"TV3WrUtgQMGRbUxHtbYWS4SnoQJNpDdLfn","price":"000000000000000000000000000000000000000000000000002c6c68a005c480","lu":1586116683000,"exp":1586721480000},{"address":"TV3WrUtgQMGRbUxHtbYWS4SnoQJNpDdLfn","price":"000000000000000000000000000000000000000000000000002c5004d3687b40","lu":1586120283000,"exp":1586725080000},{"address":"TV3WrUtgQMGRbUxHtbYWS4SnoQJNpDdLfn","price":"000000000000000000000000000000000000000000000000002c4f83514734c0","lu":1586123883000,"exp":1586728680000},{"address":"TV3WrUtgQMGRbUxHtbYWS4SnoQJNpDdLfn","price":"000000000000000000000000000000000000000000000000002c7f14707729c0","lu":1586127483000,"exp":1586732280000},{"address":"TV3WrUtgQMGRbUxHtbYWS4SnoQJNpDdLfn","price":"000000000000000000000000000000000000000000000000002cca3dc9cadd40","lu":1586131083000,"exp":1586735880000},{"address":"TV3WrUtgQMGRbUxHtbYWS4SnoQJNpDdLfn","price":"000000000000000000000000000000000000000000000000002d37ba10a568e0","lu":1586134683000,"exp":1586739480000},{"address":"TV3WrUtgQMGRbUxHtbYWS4SnoQJNpDdLfn","price":"000000000000000000000000000000000000000000000000002d780c22db0820","lu":1586138283000,"exp":1586743080000},{"address":"TV3WrUtgQMGRbUxHtbYWS4SnoQJNpDdLfn","price":"000000000000000000000000000000000000000000000000002dd1bf1a4b9820","lu":1586141883000,"exp":1586746680000},{"address":"TV3WrUtgQMGRbUxHtbYWS4SnoQJNpDdLfn","price":"000000000000000000000000000000000000000000000000002de9390fd36760","lu":1586145483000,"exp":1586750280000},{"address":"TV3WrUtgQMGRbUxHtbYWS4SnoQJNpDdLfn","price":"000000000000000000000000000000000000000000000000002dcd3f81745ca0","lu":1586149083000,"exp":1586753880000},{"address":"TV3WrUtgQMGRbUxHtbYWS4SnoQJNpDdLfn","price":"000000000000000000000000000000000000000000000000002df08a8d013840","lu":1586152683000,"exp":1586757480000},{"address":"TV3WrUtgQMGRbUxHtbYWS4SnoQJNpDdLfn","price":"000000000000000000000000000000000000000000000000002e4ee3debd97c0","lu":1586156283000,"exp":1586761080000},{"address":"TV3WrUtgQMGRbUxHtbYWS4SnoQJNpDdLfn","price":"000000000000000000000000000000000000000000000000002df7134c8c9360","lu":1586159883000,"exp":1586764680000},{"address":"TV3WrUtgQMGRbUxHtbYWS4SnoQJNpDdLfn","price":"000000000000000000000000000000000000000000000000002e4531dd75f760","lu":1586163483000,"exp":1586768280000},{"address":"TV3WrUtgQMGRbUxHtbYWS4SnoQJNpDdLfn","price":"000000000000000000000000000000000000000000000000002e6d33f5bf3a00","lu":1586167083000,"exp":1586771880000},{"address":"TV3WrUtgQMGRbUxHtbYWS4SnoQJNpDdLfn","price":"000000000000000000000000000000000000000000000000002ecf00291853e0","lu":1586170683000,"exp":1586775480000},{"address":"TV3WrUtgQMGRbUxHtbYWS4SnoQJNpDdLfn","price":"000000000000000000000000000000000000000000000000002eb9e002b32d40","lu":158"
12:38:46.907 [TestNG-tests-1] DEBUG org.apache.http.wire -  << "6174283000,"exp":1586779080000},{"address":"TV3WrUtgQMGRbUxHtbYWS4SnoQJNpDdLfn","price":"000000000000000000000000000000000000000000000000002ef95ac49d34a0","lu":1586177883000,"exp":1586782680000},{"address":"TV3WrUtgQMGRbUxHtbYWS4SnoQJNpDdLfn","price":"000000000000000000000000000000000000000000000000002ebbde3a4626e0","lu":1586181483000,"exp":1586786280000},{"address":"TV3WrUtgQMGRbUxHtbYWS4SnoQJNpDdLfn","price":"000000000000000000000000000000000000000000000000002ebb5cfe465e20","lu":1586185083000,"exp":1586789880000},{"address":"TV3WrUtgQMGRbUxHtbYWS4SnoQJNpDdLfn","price":"000000000000000000000000000000000000000000000000002f1d800dcda080","lu":1586188683000,"exp":1586793480000},{"address":"TV3WrUtgQMGRbUxHtbYWS4SnoQJNpDdLfn","price":"000000000000000000000000000000000000000000000000002fb2c44fa2bc00","lu":1586192283000,"exp":1586797080000},{"address":"TV3WrUtgQMGRbUxHtbYWS4SnoQJNpDdLfn","price":"0000000000000000000000000000000000000000000000000030096b470d0de0","lu":1586195883000,"exp":1586800680000},{"address":"TV3WrUtgQMGRbUxHtbYWS4SnoQJNpDdLfn","price":"000000000000000000000000000000000000000000000000002ff6a023c03480","lu":1586199483000,"exp":1586804280000},{"address":"TV3WrUtgQMGRbUxHtbYWS4SnoQJNpDdLfn","price":"0000000000000000000000000000000000000000000000000030011e17196b60","lu":1586203083000,"exp":1586807880000},{"address":"TV3WrUtgQMGRbUxHtbYWS4SnoQJNpDdLfn","price":"000000000000000000000000000000000000000000000000002fb6b474fb5e00","lu":1586206683000,"exp":1586811480000},{"address":"TV3WrUtgQMGRbUxHtbYWS4SnoQJNpDdLfn","price":"000000000000000000000000000000000000000000000000002ffa673d55a7c0","lu":1586210283000,"exp":1586815080000},{"address":"TV3WrUtgQMGRbUxHtbYWS4SnoQJNpDdLfn","price":"000000000000000000000000000000000000000000000000003000dc6b3d5c20","lu":1586213883000,"exp":1586818680000},{"address":"TV3WrUtgQMGRbUxHtbYWS4SnoQJNpDdLfn","price":"00000000000000000000000000000000000000000000000000307cd850e86860","lu":1586217483000,"exp":1586822280000},{"address":"TV3WrUtgQMGRbUxHtbYWS4SnoQJNpDdLfn","price":"00000000000000000000000000000000000000000000000000312107f99fa8a0","lu":1586221083000,"exp":1586825880000},{"address":"TV3WrUtgQMGRbUxHtbYWS4SnoQJNpDdLfn","price":"0000000000000000000000000000000000000000000000000030f0be472e9880","lu":1586224683000,"exp":1586829480000},{"address":"TV3WrUtgQMGRbUxHtbYWS4SnoQJNpDdLfn","price":"000000000000000000000000000000000000000000000000003024ef9bcd05c0","lu":1586228283000,"exp":1586833080000},{"address":"TV3WrUtgQMGRbUxHtbYWS4SnoQJNpDdLfn","price":"00000000000000000000000000000000000000000000000000304bc1ec017000","lu":1586231883000,"exp":1586836680000},{"address":"TV3WrUtgQMGRbUxHtbYWS4SnoQJNpDdLfn","price":"00000000000000000000000000000000000000000000000000300b5a0475c260","lu":1586235483000,"exp":1586840280000},{"address":"TV3WrUtgQMGRbUxHtbYWS4SnoQJNpDdLfn","price":"00000000000000000000000000000000000000000000000000303eb47c68f480","lu":1586239083000,"exp":1586843880000},{"address":"TV3WrUtgQMGRbUxHtbYWS4SnoQJNpDdLfn","price":"00000000000000000000000000000000000000000000000000305e0e37adc680","lu":1586242683000,"exp":1586847480000},{"address":"TV3WrUtgQMGRbUxHtbYWS4SnoQJNpDdLfn","price":"00000000000000000000000000000000000000000000000000310851c6b75920","lu":1586246283000,"exp":1586851080000},{"address":"TV3WrUtgQMGRbUxHtbYWS4SnoQJNpDdLfn","price":"0000000000000000000000000000000000000000000000000030e9b55fe4e420","lu":1586249883000,"exp":1586854680000},{"address":"TV3WrUtgQMGRbUxHtbYWS4SnoQJNpDdLfn","price":"00000000000000000000000000000000000000000000000000310f1230285640","lu":1586253483000,"exp":1586858280000},{"address":"TV3WrUtgQMGRbUxHtbYWS4SnoQJNpDdLfn","price":"000000000000000000000000000000000000000000000000003158a7e10f9660","lu":1586257083000,"exp":1586861880000},{"address":"TV3WrUtgQMGRbUxHtbYWS4SnoQJNpDdLfn","price":"0000000000000000000000000000000000000000000000000031460db9cf1e60","lu":1586260683000,"exp":1586865480000},{"address":"TV3WrUtgQMGRbUxHtbYWS4SnoQJNpDdLfn","price":"00000000000000000000000000000000000000000000000000310a7124913360","lu":1586264283000,"exp":1586869080000},{"address":"TV3WrUtgQMGRbUxHtbYWS4SnoQJNpDdLfn","price":"00000000000000000000000000000000000000000000000000311be84a061f60","lu":1586267883000,"exp":1586872680000},{"address":"TV3WrUtgQMGRbUxHtbYWS4SnoQJNpDdLfn","price":"0000000000000000000000000000000000000000000000000030957a2437d8e0","lu":1586271483000,"exp":1586876280000},{"address":"TV3WrUtgQMGRbUxHtbYWS4SnoQJNpDdLfn","price":"0000000000000000000000000000000000000000000000000030f06bdea90fe0","lu":1586275083000,"exp":1586879880000},{"address":"TV3WrUtgQMGRbUxHtbYWS4SnoQJNpDdLfn","price":"00000000000000000000000000000000000000000000000000311f48cca08380","lu":1586282283000,"exp":1586887080000},{"address":"TV3WrUtgQMGRbUxHtbYWS4SnoQJNpDdLfn","price":"0000000000000000000000000000000000000000000000000030e46357aa8640","lu":1586285883000,"exp":1586890680000},{"address":"TV3WrUtgQMGRbUxHtbYWS4SnoQJNpDdLfn","price":"0000000000000000000000000000000000000000000000000030f4d753ff55a0","lu":1586289483000,"exp":1586894280000},{"address":"TV3WrUtgQMGRbUxHtbYWS4SnoQJNpDdLfn","price":"000000000000000000000000000000000000000000000000002f470d8454d5a0","lu":1586293083000,"exp":1586897880000},{"address":"TV3WrUtgQMGRbUxHtbYWS4SnoQJNpDdLfn","price":"000000000000000000000000000000000000000000000000002f91f7dbad05e0","lu":1586296683000,"e"
12:38:46.907 [TestNG-tests-1] DEBUG org.apache.http.wire -  << "xp":1586901480000},{"address":"TV3WrUtgQMGRbUxHtbYWS4SnoQJNpDdLfn","price":"000000000000000000000000000000000000000000000000002f6f3c748fc1a0","lu":1586300283000,"exp":1586905080000},{"address":"TV3WrUtgQMGRbUxHtbYWS4SnoQJNpDdLfn","price":"000000000000000000000000000000000000000000000000002f1d5e50a32000","lu":1586303883000,"exp":1586908680000},{"address":"TV3WrUtgQMGRbUxHtbYWS4SnoQJNpDdLfn","price":"000000000000000000000000000000000000000000000000002f0c607e815640","lu":1586307483000,"exp":1586912280000},{"address":"TV3WrUtgQMGRbUxHtbYWS4SnoQJNpDdLfn","price":"000000000000000000000000000000000000000000000000002eed24cafd65a0","lu":1586311083000,"exp":1586915880000},{"address":"TV3WrUtgQMGRbUxHtbYWS4SnoQJNpDdLfn","price":"000000000000000000000000000000000000000000000000002f74731aee80a0","lu":1586314683000,"exp":1586919480000},{"address":"TV3WrUtgQMGRbUxHtbYWS4SnoQJNpDdLfn","price":"00000000000000000000000000000000000000000000000000301928db1b57e0","lu":1586318283000,"exp":1586923080000},{"address":"TV3WrUtgQMGRbUxHtbYWS4SnoQJNpDdLfn","price":"000000000000000000000000000000000000000000000000003045596701f960","lu":1586321883000,"exp":1586926680000},{"address":"TV3WrUtgQMGRbUxHtbYWS4SnoQJNpDdLfn","price":"00000000000000000000000000000000000000000000000000308b8cb34a8840","lu":1586325483000,"exp":1586930280000},{"address":"TV3WrUtgQMGRbUxHtbYWS4SnoQJNpDdLfn","price":"0000000000000000000000000000000000000000000000000030284fdae6d5c0","lu":1586329083000,"exp":1586933880000},{"address":"TV3WrUtgQMGRbUxHtbYWS4SnoQJNpDdLfn","price":"000000000000000000000000000000000000000000000000003095ebce1be7e0","lu":1586332683000,"exp":1586937480000},{"address":"TV3WrUtgQMGRbUxHtbYWS4SnoQJNpDdLfn","price":"000000000000000000000000000000000000000000000000003055a52c66a240","lu":1586336283000,"exp":1586941080000},{"address":"TV3WrUtgQMGRbUxHtbYWS4SnoQJNpDdLfn","price":"00000000000000000000000000000000000000000000000000304975dba47160","lu":1586339883000,"exp":1586944680000},{"address":"TV3WrUtgQMGRbUxHtbYWS4SnoQJNpDdLfn","price":"000000000000000000000000000000000000000000000000002ffba25b56f4e0","lu":1586343483000,"exp":1586948280000},{"address":"TV3WrUtgQMGRbUxHtbYWS4SnoQJNpDdLfn","price":"000000000000000000000000000000000000000000000000002ff7302889a100","lu":1586347083000,"exp":1586951880000},{"address":"TV3WrUtgQMGRbUxHtbYWS4SnoQJNpDdLfn","price":"000000000000000000000000000000000000000000000000002fe5f115dd3b20","lu":1586350683000,"exp":1586955480000},{"address":"TV3WrUtgQMGRbUxHtbYWS4SnoQJNpDdLfn","price":"000000000000000000000000000000000000000000000000002ff3aa68ada080","lu":1586354283000,"exp":1586959080000},{"address":"TV3WrUtgQMGRbUxHtbYWS4SnoQJNpDdLfn","price":"000000000000000000000000000000000000000000000000003014d579689c80","lu":1586357883000,"exp":1586962680000},{"address":"TV3WrUtgQMGRbUxHtbYWS4SnoQJNpDdLfn","price":"000000000000000000000000000000000000000000000000003059db3c3aae20","lu":1586361483000,"exp":1586966280000},{"address":"TV3WrUtgQMGRbUxHtbYWS4SnoQJNpDdLfn","price":"0000000000000000000000000000000000000000000000000030a7d318091d20","lu":1586365083000,"exp":1586969880000},{"address":"TV3WrUtgQMGRbUxHtbYWS4SnoQJNpDdLfn","price":"00000000000000000000000000000000000000000000000000306c284a553020","lu":1586368683000,"exp":1586973480000},{"address":"TV3WrUtgQMGRbUxHtbYWS4SnoQJNpDdLfn","price":"00000000000000000000000000000000000000000000000000307fb6d2e96cc0","lu":1586372283000,"exp":1586977080000},{"address":"TV3WrUtgQMGRbUxHtbYWS4SnoQJNpDdLfn","price":"000000000000000000000000000000000000000000000000003066c892df1fa0","lu":1586375883000,"exp":1586980680000},{"address":"TV3WrUtgQMGRbUxHtbYWS4SnoQJNpDdLfn","price":"0000000000000000000000000000000000000000000000000030a1709020f6c0","lu":1586379483000,"exp":1586984280000},{"address":"TV3WrUtgQMGRbUxHtbYWS4SnoQJNpDdLfn","price":"00000000000000000000000000000000000000000000000000309d8acbd9ae80","lu":1586383083000,"exp":1586987880000},{"address":"TV3WrUtgQMGRbUxHtbYWS4SnoQJNpDdLfn","price":"000000000000000000000000000000000000000000000000003098424de617e0","lu":1586386683000,"exp":1586991480000},{"address":"TV3WrUtgQMGRbUxHtbYWS4SnoQJNpDdLfn","price":"0000000000000000000000000000000000000000000000000030a46934dc84e0","lu":1586390283000,"exp":1586995080000},{"address":"TV3WrUtgQMGRbUxHtbYWS4SnoQJNpDdLfn","price":"0000000000000000000000000000000000000000000000000030d7c835c75b40","lu":1586393883000,"exp":1586998680000},{"address":"TV3WrUtgQMGRbUxHtbYWS4SnoQJNpDdLfn","price":"00000000000000000000000000000000000000000000000000305ffa65e23de0","lu":1586397483000,"exp":1587002280000},{"address":"TV3WrUtgQMGRbUxHtbYWS4SnoQJNpDdLfn","price":"000000000000000000000000000000000000000000000000003057af63a59200","lu":1586401083000,"exp":1587005880000},{"address":"TV3WrUtgQMGRbUxHtbYWS4SnoQJNpDdLfn","price":"00000000000000000000000000000000000000000000000000302e9ea48e2140","lu":1586404683000,"exp":1587009480000},{"address":"TV3WrUtgQMGRbUxHtbYWS4SnoQJNpDdLfn","price":"0000000000000000000000000000000000000000000000000030336838aeb2e0","lu":1586408283000,"exp":1587013080000},{"address":"TV3WrUtgQMGRbUxHtbYWS4SnoQJNpDdLfn","price":"000000000000000000000000000000000000000000000000003058f75fa31080","lu":1586411883000,"exp":1587016680000},{"address":"TV3WrUtgQMGRbUxHtbYWS4SnoQJNpDdLfn","price":"00000000000000000000000000000000000000000000000000303e6b17e025e0","lu":1586415483000,"exp":1587020280000},{"address":"TV3WrUtgQMGRbUxHtbYWS4SnoQJNpDdLfn","price":"0000000000000000000000000000000000000000000000000030595ee77ae3e0","lu":1586419083000,"exp":1587023880000},{"address":"TV3WrUtgQMGRbUxHtbYWS4SnoQJNpDdLfn","price":"00000000000000000000000000000000000000000000000000307fe0dcc7e080","lu":1586422683000,"exp":1587027480000},{"address":"TV3WrUtgQMGRbUxHtbYWS4SnoQJNpDdLfn","price":"00000000000000000000000000000000000000000000000000305e3dfb755c20","lu":1586426283000,"exp":1587031080000},{"address":"TV3WrUtgQMGRbUxHtbYWS4SnoQJNpDdLfn","price":"00000000000000000000000000000000000000000000000000307083178f3780","lu":1586429883000,"exp":1587034680000},{"address":"TV3WrUtgQMGRbUxHtbYWS4SnoQJNpDdLfn","price":"00000000000000000000000000000000000000000000000000305d66ab779620","lu":1586433483000,"exp":1587038280000},{"address":"TV3WrUtgQMGRbUxHtbYWS4SnoQJNpDdLfn","price":"000000000000000000000000000000000000000000000000002fe71b315220c0","lu":1586437083000,"exp":1587041880000},{"address":"TV3WrUtgQMGRbUxHtbYWS4SnoQJNpDdLfn","price":"000000000000000000000000000000000000000000000000003036dfe32b8ac0","lu":1586440683000,"exp":1587045480000},{"address":"TV3WrUtgQMGRbUxHtbYWS4SnoQJNpDdLfn","price":"0000000000000000000000000000000000000000000000000030391ec988cf60","lu":1586444283000,"exp":1587049080000},{"address":"TV3WrUtgQMGRbUxHtbYWS4SnoQJNpDdLfn","price":"000000000000000000000000000000000000000000000000002fd0ddc3d58120","lu":1586447883000,"exp":1587052680000},{"address":"TV3WrUtgQMGRbUxHtbYWS4SnoQJNpDdLfn","price":"000000000000000000000000000000000000000000000000002fb52d023cdde0","lu":1586451483000,"exp":1587056280000},{"address":"TV3WrUtgQMGRbUxHtbYWS4SnoQJNpDdLfn","price":"000000000000000000000000000000000000000000000000002fbef1cb037cc0","lu":1586455083000,"exp":1587059880000},{"address":"TV3WrUtgQMGRbUxHtbYWS4SnoQJNpDdLfn","price":"000000000000000000000000000000000000000000000000002f935a95a10ba0","lu":1586458683000,"exp":1587063480000},{"address":"TV3WrUtgQMGRbUxHtbYWS4SnoQJNpDdLfn","price":"000000000000000000000000000000000000000000000000002f9a9ba61986e0","lu":1586462283000,"exp":1587067080000},{"address":"TV3WrUtgQMGRbUxHtbYWS4SnoQJNpDdLfn","price":"000000000000000000000000000000000000000000000000002f6060add141e0","lu":1586465883000,"exp":1587070680000},{"address":"TV3WrUtgQMGRbUxHtbYWS4SnoQJNpDdLfn","price":"000000000000000000000000000000000000000000000000002fcb09f97c06c0","lu":1586469483000,"exp":1587074280000},{"address":"TV3WrUtgQMGRbUxHtbYWS4SnoQJNpDdLfn","price":"000000000000000000000000000000000000000000000000002fd7477a58f160","lu":1586473083000,"exp":1587077880000},{"address":"TV3WrUtgQMGRbUxHtbYWS4SnoQJNpDdLfn","price":"0000000000000000000000000"
12:38:47.139 [TestNG-tests-1] DEBUG org.apache.http.wire -  << "00000000000000000000000002ffc6adbb1db00","lu":1586476683000,"exp":1587081480000},{"address":"TV3WrUtgQMGRbUxHtbYWS4SnoQJNpDdLfn","price":"000000000000000000000000000000000000000000000000002ff4fd549d50a0","lu":1586480283000,"exp":1587085080000},{"address":"TV3WrUtgQMGRbUxHtbYWS4SnoQJNpDdLfn","price":"000000000000000000000000000000000000000000000000002f975738cb5740","lu":1586483883000,"exp":1587088680000},{"address":"TV3WrUtgQMGRbUxHtbYWS4SnoQJNpDdLfn","price":"000000000000000000000000000000000000000000000000002f2b1b0641fca0","lu":1586487483000,"exp":1587092280000},{"address":"TV3WrUtgQMGRbUxHtbYWS4SnoQJNpDdLfn","price":"000000000000000000000000000000000000000000000000002e7a8790667ea0","lu":1586491083000,"exp":1587095880000}],"feedAddress":"TV3WrUtgQMGRbUxHtbYWS4SnoQJNpDdLfn"},{"feedEventDTOList":[{"address":"TF3s4vcrVTUVpRseYJWiP3xh7DE4u4duU4","price":"000000000000000000000000000000000000000000000000002adab885aea360","lu":1585908903000,"exp":1586513700000},{"address":"TF3s4vcrVTUVpRseYJWiP3xh7DE4u4duU4","price":"000000000000000000000000000000000000000000000000002af323b3ece7e0","lu":1585912503000,"exp":1586517300000},{"address":"TF3s4vcrVTUVpRseYJWiP3xh7DE4u4duU4","price":"000000000000000000000000000000000000000000000000002b1d8580b29000","lu":1585916103000,"exp":1586520900000},{"address":"TF3s4vcrVTUVpRseYJWiP3xh7DE4u4duU4","price":"000000000000000000000000000000000000000000000000002a9cf646c12b00","lu":1585919703000,"exp":1586524500000},{"address":"TF3s4vcrVTUVpRseYJWiP3xh7DE4u4duU4","price":"000000000000000000000000000000000000000000000000002a7fe6349a9880","lu":1585923303000,"exp":1586528100000},{"address":"TF3s4vcrVTUVpRseYJWiP3xh7DE4u4duU4","price":"000000000000000000000000000000000000000000000000002a1945a34fc780","lu":1585926903000,"exp":1586531700000},{"address":"TF3s4vcrVTUVpRseYJWiP3xh7DE4u4duU4","price":"000000000000000000000000000000000000000000000000002a18fde4cbc6c0","lu":1585930503000,"exp":1586535300000},{"address":"TF3s4vcrVTUVpRseYJWiP3xh7DE4u4duU4","price":"000000000000000000000000000000000000000000000000002a20f32a1f8ca0","lu":1585934103000,"exp":1586538900000},{"address":"TF3s4vcrVTUVpRseYJWiP3xh7DE4u4duU4","price":"000000000000000000000000000000000000000000000000002a31c278a763e0","lu":1585937703000,"exp":1586542500000},{"address":"TF3s4vcrVTUVpRseYJWiP3xh7DE4u4duU4","price":"000000000000000000000000000000000000000000000000002a434efdfa58c0","lu":1585941303000,"exp":1586546100000},{"address":"TF3s4vcrVTUVpRseYJWiP3xh7DE4u4duU4","price":"000000000000000000000000000000000000000000000000002a65d16ae350a0","lu":1585944903000,"exp":1586549700000},{"address":"TF3s4vcrVTUVpRseYJWiP3xh7DE4u4duU4","price":"000000000000000000000000000000000000000000000000002a20dcb051eaa0","lu":1585948503000,"exp":1586553300000},{"address":"TF3s4vcrVTUVpRseYJWiP3xh7DE4u4duU4","price":"000000000000000000000000000000000000000000000000002a62dea614f2a0","lu":1585952103000,"exp":1586556900000},{"address":"TF3s4vcrVTUVpRseYJWiP3xh7DE4u4duU4","price":"000000000000000000000000000000000000000000000000002a5d4ef5031620","lu":1585955703000,"exp":1586560500000},{"address":"TF3s4vcrVTUVpRseYJWiP3xh7DE4u4duU4","price":"000000000000000000000000000000000000000000000000002a8de177327100","lu":1585959303000,"exp":1586564100000},{"address":"TF3s4vcrVTUVpRseYJWiP3xh7DE4u4duU4","price":"000000000000000000000000000000000000000000000000002aa1a229d13d40","lu":1585962903000,"exp":1586567700000},{"address":"TF3s4vcrVTUVpRseYJWiP3xh7DE4u4duU4","price":"000000000000000000000000000000000000000000000000002a882319de9ce0","lu":1585966503000,"exp":1586571300000},{"address":"TF3s4vcrVTUVpRseYJWiP3xh7DE4u4duU4","price":"000000000000000000000000000000000000000000000000002a277e567c5940","lu":1585970103000,"exp":1586574900000},{"address":"TF3s4vcrVTUVpRseYJWiP3xh7DE4u4duU4","price":"0000000000000000000000000000000000000000000000000029e9f1bd99cba0","lu":1585973703000,"exp":1586578500000},{"address":"TF3s4vcrVTUVpRseYJWiP3xh7DE4u4duU4","price":"000000000000000000000000000000000000000000000000002a1835b8b74780","lu":158597730300"
12:38:47.139 [TestNG-tests-1] DEBUG org.apache.http.wire -  << "0,"exp":1586582100000},{"address":"TF3s4vcrVTUVpRseYJWiP3xh7DE4u4duU4","price":"000000000000000000000000000000000000000000000000002a05d59c716e60","lu":1585980903000,"exp":1586585700000},{"address":"TF3s4vcrVTUVpRseYJWiP3xh7DE4u4duU4","price":"000000000000000000000000000000000000000000000000002a0a2542122280","lu":1585984503000,"exp":1586589300000},{"address":"TF3s4vcrVTUVpRseYJWiP3xh7DE4u4duU4","price":"000000000000000000000000000000000000000000000000002a16102013bda0","lu":1585988103000,"exp":1586592900000},{"address":"TF3s4vcrVTUVpRseYJWiP3xh7DE4u4duU4","price":"000000000000000000000000000000000000000000000000002a64a5ce3af7c0","lu":1585991703000,"exp":1586596500000},{"address":"TF3s4vcrVTUVpRseYJWiP3xh7DE4u4duU4","price":"000000000000000000000000000000000000000000000000002aacd8e886a860","lu":1585995303000,"exp":1586600100000},{"address":"TF3s4vcrVTUVpRseYJWiP3xh7DE4u4duU4","price":"000000000000000000000000000000000000000000000000002a77a359f2b360","lu":1585998903000,"exp":1586603700000},{"address":"TF3s4vcrVTUVpRseYJWiP3xh7DE4u4duU4","price":"000000000000000000000000000000000000000000000000002a6a6298f6d4e0","lu":1586002503000,"exp":1586607300000},{"address":"TF3s4vcrVTUVpRseYJWiP3xh7DE4u4duU4","price":"000000000000000000000000000000000000000000000000002a3862217df1a0","lu":1586006103000,"exp":1586610900000},{"address":"TF3s4vcrVTUVpRseYJWiP3xh7DE4u4duU4","price":"000000000000000000000000000000000000000000000000002a45718e241d40","lu":1586009703000,"exp":1586614500000},{"address":"TF3s4vcrVTUVpRseYJWiP3xh7DE4u4duU4","price":"000000000000000000000000000000000000000000000000002a44828898cc80","lu":1586013303000,"exp":1586618100000},{"address":"TF3s4vcrVTUVpRseYJWiP3xh7DE4u4duU4","price":"000000000000000000000000000000000000000000000000002a54b3b4d53b80","lu":1586016903000,"exp":1586621700000},{"address":"TF3s4vcrVTUVpRseYJWiP3xh7DE4u4duU4","price":"000000000000000000000000000000000000000000000000002a7ed741472ea0","lu":1586020503000,"exp":1586625300000},{"address":"TF3s4vcrVTUVpRseYJWiP3xh7DE4u4duU4","price":"000000000000000000000000000000000000000000000000002a76348a2b0660","lu":1586024103000,"exp":1586628900000},{"address":"TF3s4vcrVTUVpRseYJWiP3xh7DE4u4duU4","price":"000000000000000000000000000000000000000000000000002a73b11a23b180","lu":1586027703000,"exp":1586632500000},{"address":"TF3s4vcrVTUVpRseYJWiP3xh7DE4u4duU4","price":"000000000000000000000000000000000000000000000000002a7ba676f801c0","lu":1586031303000,"exp":1586636100000},{"address":"TF3s4vcrVTUVpRseYJWiP3xh7DE4u4duU4","price":"000000000000000000000000000000000000000000000000002a989d8d2ef5c0","lu":1586034903000,"exp":1586639700000},{"address":"TF3s4vcrVTUVpRseYJWiP3xh7DE4u4duU4","price":"000000000000000000000000000000000000000000000000002a70c04150e5a0","lu":1586038503000,"exp":1586643300000},{"address":"TF3s4vcrVTUVpRseYJWiP3xh7DE4u4duU4","price":"000000000000000000000000000000000000000000000000002a7d40f8036ac0","lu":1586042103000,"exp":1586646900000},{"address":"TF3s4vcrVTUVpRseYJWiP3xh7DE4u4duU4","price":"000000000000000000000000000000000000000000000000002aa17deab40da0","lu":1586045703000,"exp":1586650500000},{"address":"TF3s4vcrVTUVpRseYJWiP3xh7DE4u4duU4","price":"000000000000000000000000000000000000000000000000002aa0d1939b8720","lu":1586049303000,"exp":1586654100000},{"address":"TF3s4vcrVTUVpRseYJWiP3xh7DE4u4duU4","price":"000000000000000000000000000000000000000000000000002a8d6686c0a400","lu":1586052903000,"exp":1586657700000},{"address":"TF3s4vcrVTUVpRseYJWiP3xh7DE4u4duU4","price":"000000000000000000000000000000000000000000000000002aab92c96d3580","lu":1586056503000,"exp":1586661300000},{"address":"TF3s4vcrVTUVpRseYJWiP3xh7DE4u4duU4","price":"000000000000000000000000000000000000000000000000002a7780a0d23ee0","lu":1586060103000,"exp":1586664900000},{"address":"TF3s4vcrVTUVpRseYJWiP3xh7DE4u4duU4","price":"000000000000000000000000000000000000000000000000002a4c1d58d58b80","lu":1586063703000,"exp":1586668500000},{"address":"TF3s4vcrVTUVpRseYJWiP3xh7DE4u4duU4","price":"000000000000000000000000000000000000000000000000002a59028d57dd80","lu":1586067303000,"exp":1586672100000},{"address":"TF3s4vcrVTUVpRseYJWiP3xh7DE4u4duU4","price":"000000000000000000000000000000000000000000000000002a43762a5716c0","lu":1586070903000,"exp":1586675700000},{"address":"TF3s4vcrVTUVpRseYJWiP3xh7DE4u4duU4","price":"000000000000000000000000000000000000000000000000002a47fe0f281d40","lu":1586074503000,"exp":1586679300000},{"address":"TF3s4vcrVTUVpRseYJWiP3xh7DE4u4duU4","price":"000000000000000000000000000000000000000000000000002a65400dc0d0a0","lu":1586078103000,"exp":1586682900000},{"address":"TF3s4vcrVTUVpRseYJWiP3xh7DE4u4duU4","price":"000000000000000000000000000000000000000000000000002a5ebb44a978a0","lu":1586081703000,"exp":1586686500000},{"address":"TF3s4vcrVTUVpRseYJWiP3xh7DE4u4duU4","price":"000000000000000000000000000000000000000000000000002a577cb595c460","lu":1586085303000,"exp":1586690100000},{"address":"TF3s4vcrVTUVpRseYJWiP3xh7DE4u4duU4","price":"000000000000000000000000000000000000000000000000002a58da623060a0","lu":1586088903000,"exp":1586693700000},{"address":"TF3s4vcrVTUVpRseYJWiP3xh7DE4u4duU4","price":"000000000000000000000000000000000000000000000000002a72e5012dbee0","lu":1586092503000,"exp":1586697300000},{"address":"TF3s4vcrVTUVpRseYJWiP3xh7DE4u4duU4","price":"000000000000000000000000000000000000000000000000002cc4b6fdb728c0","lu":1586096103000,"exp":1586700900000},{"address":"TF3s4vcrVTUVpRseYJWiP3xh7DE4u4duU4","price":"000000000000000000000000000000000000000000000000002c5e8712a70340","lu":1586099703000,"exp":1586704500000},{"address":"TF3s4vcrVTUVpRseYJWiP3xh7DE4u4duU4","price":"000000000000000000000000000000000000000000000000002cc2608a3a62c0","lu":1586103303000,"exp":1586708100000},{"address":"TF3s4vcrVTUVpRseYJWiP3xh7DE4u4duU4","price":"000000000000000000000000000000000000000000000000002c4dc1e5e536e0","lu":1586106903000,"exp":1586711700000},{"address":"TF3s4vcrVTUVpRseYJWiP3xh7DE4u4duU4","price":"000000000000000000000000000000000000000000000000002c5bdd4b1a8c80","lu":1586110503000,"exp":1586715300000},{"address":"TF3s4vcrVTUVpRseYJWiP3xh7DE4u4duU4","price":"000000000000000000000000000000000000000000000000002c6f023c9b5760","lu":1586114103000,"exp":1586718900000},{"address":"TF3s4vcrVTUVpRseYJWiP3xh7DE4u4duU4","price":"000000000000000000000000000000000000000000000000002c85c02d1477c0","lu":1586117703000,"exp":1586722500000},{"address":"TF3s4vcrVTUVpRseYJWiP3xh7DE4u4duU4","price":"000000000000000000000000000000000000000000000000002c63c62564b420","lu":1586121303000,"exp":1586726100000},{"address":"TF3s4vcrVTUVpRseYJWiP3xh7DE4u4duU4","price":"000000000000000000000000000000000000000000000000002c66014436a060","lu":1586124903000,"exp":1586729700000},{"address":"TF3s4vcrVTUVpRseYJWiP3xh7DE4u4duU4","price":"000000000000000000000000000000000000000000000000002c93239780adc0","lu":1586128503000,"exp":1586733300000},{"address":"TF3s4vcrVTUVpRseYJWiP3xh7DE4u4duU4","price":"000000000000000000000000000000000000000000000000002cf28a5832c600","lu":1586132103000,"exp":1586736900000},{"address":"TF3s4vcrVTUVpRseYJWiP3xh7DE4u4duU4","price":"000000000000000000000000000000000000000000000000002d471505e72820","lu":1586135703000,"exp":1586740500000},{"address":"TF3s4vcrVTUVpRseYJWiP3xh7DE4u4duU4","price":"000000000000000000000000000000000000000000000000002df5cb0ab54e80","lu":1586139303000,"exp":1586744100000},{"address":"TF3s4vcrVTUVpRseYJWiP3xh7DE4u4duU4","price":"000000000000000000000000000000000000000000000000002dc8bb8d7e8c60","lu":1586142903000,"exp":1586747700000},{"address":"TF3s4vcrVTUVpRseYJWiP3xh7DE4u4duU4","price":"000000000000000000000000000000000000000000000000002df622dc4e00c0","lu":1586146506000,"exp":1586751300000},{"address":"TF3s4vcrVTUVpRseYJWiP3xh7DE4u4duU4","price":"000000000000000000000000000000000000000000000000002dc320f6a29740","lu":1586150103000,"exp":1586754900000},{"address":"TF3s4vcrVTUVpRseYJWiP3xh7DE4u4duU4","price":"000000000000000000000000000000000000000000000000002e08d0e26e7640","lu":1586153703000,"exp":1586758500000},{"address":"TF3s4vcrVTUVpRseYJWiP3xh7DE4u4duU4","price":"000000000000000000000000000000000000000000000000002e37cf30f34f20","lu":1586157303000,"exp":1586762100000},{"address":"TF3s4vc"
12:38:47.139 [TestNG-tests-1] DEBUG org.apache.http.wire -  << "rVTUVpRseYJWiP3xh7DE4u4duU4","price":"000000000000000000000000000000000000000000000000002dfb1e38f5c100","lu":1586160903000,"exp":1586765700000},{"address":"TF3s4vcrVTUVpRseYJWiP3xh7DE4u4duU4","price":"000000000000000000000000000000000000000000000000002e4c43a040a0c0","lu":1586164503000,"exp":1586769300000},{"address":"TF3s4vcrVTUVpRseYJWiP3xh7DE4u4duU4","price":"000000000000000000000000000000000000000000000000002e83bda470be80","lu":1586168103000,"exp":1586772900000},{"address":"TF3s4vcrVTUVpRseYJWiP3xh7DE4u4duU4","price":"000000000000000000000000000000000000000000000000002ead4b1a0b70c0","lu":1586171703000,"exp":1586776500000},{"address":"TF3s4vcrVTUVpRseYJWiP3xh7DE4u4duU4","price":"000000000000000000000000000000000000000000000000002eb1005d711aa0","lu":1586175303000,"exp":1586780100000},{"address":"TF3s4vcrVTUVpRseYJWiP3xh7DE4u4duU4","price":"000000000000000000000000000000000000000000000000002eeb8a69e32c00","lu":1586178903000,"exp":1586783700000},{"address":"TF3s4vcrVTUVpRseYJWiP3xh7DE4u4duU4","price":"000000000000000000000000000000000000000000000000002ebf72f044ae20","lu":1586182503000,"exp":1586787300000},{"address":"TF3s4vcrVTUVpRseYJWiP3xh7DE4u4duU4","price":"000000000000000000000000000000000000000000000000002eefbf93305360","lu":1586186103000,"exp":1586790900000},{"address":"TF3s4vcrVTUVpRseYJWiP3xh7DE4u4duU4","price":"000000000000000000000000000000000000000000000000002f810244bc2720","lu":1586189703000,"exp":1586794500000},{"address":"TF3s4vcrVTUVpRseYJWiP3xh7DE4u4duU4","price":"000000000000000000000000000000000000000000000000002fdf8135220cc0","lu":1586193303000,"exp":1586798100000},{"address":"TF3s4vcrVTUVpRseYJWiP3xh7DE4u4duU4","price":"000000000000000000000000000000000000000000000000002ff74e201bbf80","lu":1586196903000,"exp":1586801700000},{"address":"TF3s4vcrVTUVpRseYJWiP3xh7DE4u4duU4","price":"00000000000000000000000000000000000000000000000000302512289676e0","lu":1586200503000,"exp":1586805300000},{"address":"TF3s4vcrVTUVpRseYJWiP3xh7DE4u4duU4","price":"00000000000000000000000000000000000000000000000000301a051db0dbc0","lu":1586204103000,"exp":1586808900000},{"address":"TF3s4vcrVTUVpRseYJWiP3xh7DE4u4duU4","price":"000000000000000000000000000000000000000000000000002fa3d6ecaa1860","lu":1586207703000,"exp":1586812500000},{"address":"TF3s4vcrVTUVpRseYJWiP3xh7DE4u4duU4","price":"000000000000000000000000000000000000000000000000002ff6e754ed0aa0","lu":1586211303000,"exp":1586816100000},{"address":"TF3s4vcrVTUVpRseYJWiP3xh7DE4u4duU4","price":"000000000000000000000000000000000000000000000000002feb5adb695c20","lu":1586214903000,"exp":1586819700000},{"a"
12:38:47.409 [TestNG-tests-1] DEBUG org.apache.http.wire -  << "ddress":"TF3s4vcrVTUVpRseYJWiP3xh7DE4u4duU4","price":"0000000000000000000000000000000000000000000000000030f4d2c9f38240","lu":1586218503000,"exp":1586823300000},{"address":"TF3s4vcrVTUVpRseYJWiP3xh7DE4u4duU4","price":"0000000000000000000000000000000000000000000000000030cef306149b20","lu":1586222103000,"exp":1586826900000},{"address":"TF3s4vcrVTUVpRseYJWiP3xh7DE4u4duU4","price":"0000000000000000000000000000000000000000000000000030b424da9176a0","lu":1586225703000,"exp":1586830500000},{"address":"TF3s4vcrVTUVpRseYJWiP3xh7DE4u4duU4","price":"000000000000000000000000000000000000000000000000002fff8d3782ee40","lu":1586229303000,"exp":1586834100000},{"address":"TF3s4vcrVTUVpRseYJWiP3xh7DE4u4duU4","price":"000000000000000000000000000000000000000000000000003055edfd391c20","lu":1586232903000,"exp":1586837700000},{"address":"TF3s4vcrVTUVpRseYJWiP3xh7DE4u4duU4","price":"00000000000000000000000000000000000000000000000000300cedbc79e8c0","lu":1586236503000,"exp":1586841300000},{"address":"TF3s4vcrVTUVpRseYJWiP3xh7DE4u4duU4","price":"00000000000000000000000000000000000000000000000000302bf6bd0b6020","lu":1586240103000,"exp":1586844900000},{"address":"TF3s4vcrVTUVpRseYJWiP3xh7DE4u4duU4","price":"0000000000000000000000000000000000000000000000000030bec33f0c91c0","lu":1586243703000,"exp":1586848500000},{"address":"TF3s4vcrVTUVpRseYJWiP3xh7DE4u4duU4","price":"0000000000000000000000000000000000000000000000000030dad0c9636aa0","lu":1586247303000,"exp":1586852100000},{"address":"TF3s4vcrVTUVpRseYJWiP3xh7DE4u4duU4","price":"0000000000000000000000000000000000000000000000000030df54e639b520","lu":1586250903000,"exp":1586855700000},{"address":"TF3s4vcrVTUVpRseYJWiP3xh7DE4u4duU4","price":"00000000000000000000000000000000000000000000000000312eb88f9fd920","lu":1586254503000,"exp":1586859300000},{"address":"TF3s4vcrVTUVpRseYJWiP3xh7DE4u4duU4","price":"000000000000000000000000000000000000000000000000003131b259505a00","lu":1586258103000,"exp":1586862900000},{"address":"TF3s4vcrVTUVpRseYJWiP3xh7DE4u4duU4","price":"00000000000000000000000000000000000000000000000000314cc473c4cb00","lu":1586261703000,"exp":1586866500000},{"address":"TF3s4vcrVTUVpRseYJWiP3xh7DE4u4duU4","price":"00000000000000000000000000000000000000000000000000310e4f85bd40c0","lu":1586265303000,"exp":1586870100000},{"address":"TF3s4vcrVTUVpRseYJWiP3xh7DE4u4duU4","price":"0000000000000000000000000000000000000000000000000030e79cbb6cdde0","lu":1586268903000,"exp":1586873700000},{"address":"TF3s4vcrVTUVpRseYJWiP3xh7DE4u4duU4","price":"0000000000000000000000000000000000000000000000000030a21c9b1a7d60","lu":1586272503000,"exp":1586877300000},{"address":"TF3s4vcrVTUVpRseYJWiP3xh7DE4u4duU4","price":"0000000000000000000000000000000000000000000000000030f9d955f74780","lu":1586276103000,"exp":1586880900000},{"address":"TF3s4vcrVTUVpRseYJWiP3xh7DE4u4duU4","price":"000000000000000000000000000000000000000000000000003143ee56d80fe0","lu":1586279703000,"exp":1586884500000},{"address":"TF3s4vcrVTUVpRseYJWiP3xh7DE4u4duU4","price":"0000000000000000000000000000000000000000000000000031185db6cf82a0","lu":1586283303000,"exp":1586888100000},{"address":"TF3s4vcrVTUVpRseYJWiP3xh7DE4u4duU4","price":"000000000000000000000000000000000000000000000000003115e1325861a0","lu":1586286903000,"exp":1586891700000},{"address":"TF3s4vcrVTUVpRseYJWiP3xh7DE4u4duU4","price":"00000000000000000000000000000000000000000000000000304f9c053ba940","lu":1586290503000,"exp":1586895300000},{"address":"TF3s4vcrVTUVpRseYJWiP3xh7DE4u4duU4","price":"000000000000000000000000000000000000000000000000002f6c88d2917160","lu":1586294103000,"exp":1586898900000},{"address":"TF3s4vcrVTUVpRseYJWiP3xh7DE4u4duU4","price":"000000000000000000000000000000000000000000000000002f712cfd2d3960","lu":1586297703000,"exp":1586902500000},{"address":"TF3s4vcrVTUVpRseYJWiP3xh7DE4u4duU4","price":"000000000000000000000000000000000000000000000000002f3fbc92f78f60","lu":1586301303000,"exp":1586906100000},{"address":"TF3s4vcrVTUVpRseYJWiP3xh7DE4u4duU4","price":"000000000000000000000000000000000000000000000000002f0d2b6d21fe60","lu":1586304"
12:38:47.409 [TestNG-tests-1] DEBUG org.apache.http.wire -  << "903000,"exp":1586909700000},{"address":"TF3s4vcrVTUVpRseYJWiP3xh7DE4u4duU4","price":"000000000000000000000000000000000000000000000000002efd282e423420","lu":1586308503000,"exp":1586913300000},{"address":"TF3s4vcrVTUVpRseYJWiP3xh7DE4u4duU4","price":"000000000000000000000000000000000000000000000000002ef6e61e5220e0","lu":1586312103000,"exp":1586916900000},{"address":"TF3s4vcrVTUVpRseYJWiP3xh7DE4u4duU4","price":"000000000000000000000000000000000000000000000000002fee79c6102080","lu":1586315703000,"exp":1586920500000},{"address":"TF3s4vcrVTUVpRseYJWiP3xh7DE4u4duU4","price":"000000000000000000000000000000000000000000000000003046f181ad6a80","lu":1586319303000,"exp":1586924100000},{"address":"TF3s4vcrVTUVpRseYJWiP3xh7DE4u4duU4","price":"00000000000000000000000000000000000000000000000000308f72537790e0","lu":1586322903000,"exp":1586927700000},{"address":"TF3s4vcrVTUVpRseYJWiP3xh7DE4u4duU4","price":"00000000000000000000000000000000000000000000000000308b10e324f860","lu":1586326503000,"exp":1586931300000},{"address":"TF3s4vcrVTUVpRseYJWiP3xh7DE4u4duU4","price":"00000000000000000000000000000000000000000000000000304fbd759abd40","lu":1586330103000,"exp":1586934900000},{"address":"TF3s4vcrVTUVpRseYJWiP3xh7DE4u4duU4","price":"00000000000000000000000000000000000000000000000000303feb8463a9e0","lu":1586333703000,"exp":1586938500000},{"address":"TF3s4vcrVTUVpRseYJWiP3xh7DE4u4duU4","price":"00000000000000000000000000000000000000000000000000303dc98cbb08a0","lu":1586337303000,"exp":1586942100000},{"address":"TF3s4vcrVTUVpRseYJWiP3xh7DE4u4duU4","price":"00000000000000000000000000000000000000000000000000305ba80f449e20","lu":1586340903000,"exp":1586945700000},{"address":"TF3s4vcrVTUVpRseYJWiP3xh7DE4u4duU4","price":"00000000000000000000000000000000000000000000000000300096389206e0","lu":1586344503000,"exp":1586949300000},{"address":"TF3s4vcrVTUVpRseYJWiP3xh7DE4u4duU4","price":"00000000000000000000000000000000000000000000000000301569b3bbf320","lu":1586348103000,"exp":1586952900000},{"address":"TF3s4vcrVTUVpRseYJWiP3xh7DE4u4duU4","price":"000000000000000000000000000000000000000000000000002fe029b2f6cac0","lu":1586351703000,"exp":1586956500000},{"address":"TF3s4vcrVTUVpRseYJWiP3xh7DE4u4duU4","price":"000000000000000000000000000000000000000000000000002fe99382ade6a0","lu":1586355303000,"exp":1586960100000},{"address":"TF3s4vcrVTUVpRseYJWiP3xh7DE4u4duU4","price":"0000000000000000000000000000000000000000000000000030552b35cea000","lu":1586358903000,"exp":1586963700000},{"address":"TF3s4vcrVTUVpRseYJWiP3xh7DE4u4duU4","price":"00000000000000000000000000000000000000000000000000305fd3e8930980","lu":1586362503000,"exp":1586967300000},{"address":"TF3s4vcrVTUVpRseYJWiP3xh7DE4u4duU4","price":"000"
12:38:47.410 [TestNG-tests-1] DEBUG org.apache.http.wire -  << "0000000000000000000000000000000000000000000000030b3efb9593b60","lu":1586366103000,"exp":1586970900000},{"address":"TF3s4vcrVTUVpRseYJWiP3xh7DE4u4duU4","price":"00000000000000000000000000000000000000000000000000306d7d93adec20","lu":1586369703000,"exp":1586974500000},{"address":"TF3s4vcrVTUVpRseYJWiP3xh7DE4u4duU4","price":"000000000000000000000000000000000000000000000000003082bc00ccdd40","lu":1586373303000,"exp":1586978100000},{"address":"TF3s4vcrVTUVpRseYJWiP3xh7DE4u4duU4","price":"000000000000000000000000000000000000000000000000003082cb0d773680","lu":1586376903000,"exp":1586981700000},{"address":"TF3s4vcrVTUVpRseYJWiP3xh7DE4u4duU4","price":"0000000000000000000000000000000000000000000000000030a41110b66660","lu":1586380503000,"exp":1586985300000},{"address":"TF3s4vcrVTUVpRseYJWiP3xh7DE4u4duU4","price":"00000000000000000000000000000000000000000000000000309dc32d3764a0","lu":1586384103000,"exp":1586988900000},{"address":"TF3s4vcrVTUVpRseYJWiP3xh7DE4u4duU4","price":"0000000000000000000000000000000000000000000000000030ae440a4f74a0","lu":1586387703000,"exp":1586992500000},{"address":"TF3s4vcrVTUVpRseYJWiP3xh7DE4u4duU4","price":"00000000000000000000000000000000000000000000000000309328728c8c60","lu":1586391303000,"exp":1586996100000},{"address":"TF3s4vcrVTUVpRseYJWiP3xh7DE4u4duU4","price":"0000000000000000000000000000000000000000000000000030a3a8ea28ff20","lu":1586394903000,"exp":1586999700000},{"address":"TF3s4vcrVTUVpRseYJWiP3xh7DE4u4duU4","price":"000000000000000000000000000000000000000000000000003055edf8250fa0","lu":1586398503000,"exp":1587003300000},{"address":"TF3s4vcrVTUVpRseYJWiP3xh7DE4u4duU4","price":"00000000000000000000000000000000000000000000000000306ebfa603fe80","lu":1586402103000,"exp":1587006900000},{"address":"TF3s4vcrVTUVpRseYJWiP3xh7DE4u4duU4","price":"000000000000000000000000000000000000000000000000002ffa8f2c06a0a0","lu":1586405703000,"exp":1587010500000},{"address":"TF3s4vcrVTUVpRseYJWiP3xh7DE4u4duU4","price":"0000000000000000000000000000000000000000000000000030373490624d60","lu":1586409303000,"exp":1587014100000},{"address":"TF3s4vcrVTUVpRseYJWiP3xh7DE4u4duU4","price":"000000000000000000000000000000000000000000000000003040744928b4e0","lu":1586412903000,"exp":1587017700000},{"address":"TF3s4vcrVTUVpRseYJWiP3xh7DE4u4duU4","price":"00000000000000000000000000000000000000000000000000304ec6a1d20be0","lu":1586416503000,"exp":1587021300000},{"address":"TF3s4vcrVTUVpRseYJWiP3xh7DE4u4duU4","price":"00000000000000000000000000000000000000000000000000306a7f2546cfa0","lu":1586420103000,"exp":1587024900000},{"address":"TF3s4vcrVTUVpRseYJWiP3xh7DE4u4duU4","price":"00000000000000000000000000000000000000000000000000306a2b397023e0","lu":1586423703000,"exp":1587028500000},{"address":"TF3s4vcrVTUVpRseYJWiP3xh7DE4u4duU4","price":"00000000000000000000000000000000000000000000000000304b67771b3d20","lu":1586427303000,"exp":1587032100000},{"address":"TF3s4vcrVTUVpRseYJWiP3xh7DE4u4duU4","price":"000000000000000000000000000000000000000000000000003074897ed45e20","lu":1586430903000,"exp":1587035700000},{"address":"TF3s4vcrVTUVpRseYJWiP3xh7DE4u4duU4","price":"000000000000000000000000000000000000000000000000002f71084b376740","lu":1586434503000,"exp":1587039300000},{"address":"TF3s4vcrVTUVpRseYJWiP3xh7DE4u4duU4","price":"0000000000000000000000000000000000000000000000000030084c59caa160","lu":1586438103000,"exp":1587042900000},{"address":"TF3s4vcrVTUVpRseYJWiP3xh7DE4u4duU4","price":"00000000000000000000000000000000000000000000000000302d4d92b3cc60","lu":1586441703000,"exp":1587046500000},{"address":"TF3s4vcrVTUVpRseYJWiP3xh7DE4u4duU4","price":"0000000000000000000000000000000000000000000000000030251ed9121900","lu":1586445303000,"exp":1587050100000},{"address":"TF3s4vcrVTUVpRseYJWiP3xh7DE4u4duU4","price":"000000000000000000000000000000000000000000000000002fd7bb154c9f00","lu":1586448903000,"exp":1587053700000},{"address":"TF3s4vcrVTUVpRseYJWiP3xh7DE4u4duU4","price":"000000000000000000000000000000000000000000000000002fb9dab2ad1ee0","lu":1586452503000,"exp":1587057300000},{"address":"TF3s4vcrVTUVpRseYJWiP3xh7DE4u4duU4","price":"000000000000000000000000000000000000000000000000002fd92164f496e0","lu":1586456103000,"exp":1587060900000},{"address":"TF3s4vcrVTUVpRseYJWiP3xh7DE4u4duU4","price":"000000000000000000000000000000000000000000000000002f9bfde6b12100","lu":1586459703000,"exp":1587064500000},{"address":"TF3s4vcrVTUVpRseYJWiP3xh7DE4u4duU4","price":"000000000000000000000000000000000000000000000000002f70745348d480","lu":1586463303000,"exp":1587068100000},{"address":"TF3s4vcrVTUVpRseYJWiP3xh7DE4u4duU4","price":"000000000000000000000000000000000000000000000000002f841a80cf82a0","lu":1586466903000,"exp":1587071700000},{"address":"TF3s4vcrVTUVpRseYJWiP3xh7DE4u4duU4","price":"000000000000000000000000000000000000000000000000002fd5d1c990ec00","lu":1586470503000,"exp":1587075300000},{"address":"TF3s4vcrVTUVpRseYJWiP3xh7DE4u4duU4","price":"000000000000000000000000000000000000000000000000002ff89f6e64f740","lu":1586474103000,"exp":1587078900000},{"address":"TF3s4vcrVTUVpRseYJWiP3xh7DE4u4duU4","price":"000000000000000000000000000000000000000000000000002fe0093e151f60","lu":1586477703000,"exp":1587082500000},{"address":"TF3s4vcrVTUVpRseYJWiP3xh7DE4u4duU4","price":"000000000000000000000000000000000000000000000000002fdba7228eb500","lu":1586481303000,"exp":1587086100000},{"address":"TF3s4vcrVTUVpRseYJWiP3xh7DE4u4duU4","price":"000000000000000000000000000000000000000000000000002f8ee50bb3f980","lu":1586484903000,"exp":1587089700000},{"address":"TF3s4vcrVTUVpRseYJWiP3xh7DE4u4duU4","price":"000000000000000000000000000000000000000000000000002f3e2af129d540","lu":1586488503000,"exp":1587093300000},{"address":"TF3s4vcrVTUVpRseYJWiP3xh7DE4u4duU4","price":"000000000000000000000000000000000000000000000000002dbd4bc842d700","lu":1586492103000,"exp":1587096900000}],"feedAddress":"TF3s4vcrVTUVpRseYJWiP3xh7DE4u4duU4"},{"feedEventDTOList":[{"address":"TCy1KL3UgDvDwA7j5tDimU6tszrbrAGdse","price":"000000000000000000000000000000000000000000000000002ae2c6006a0e40","lu":1585909623000,"exp":1586514420000},{"address":"TCy1KL3UgDvDwA7j5tDimU6tszrbrAGdse","price":"000000000000000000000000000000000000000000000000002af44cd8b9e1c0","lu":1585913223000,"exp":1586518020000},{"address":"TCy1KL3UgDvDwA7j5tDimU6tszrbrAGdse","price":"000000000000000000000000000000000000000000000000002b1c054e464340","lu":1585916823000,"exp":1586521620000},{"address":"TCy1KL3UgDvDwA7j5tDimU6tszrbrAGdse","price":"000000000000000000000000000000000000000000000000002a791fcc658580","lu":1585920423000,"exp":1586525220000},{"address":"TCy1KL3UgDvDwA7j5tDimU6tszrbrAGdse","price":"000000000000000000000000000000000000000000000000002a5fa885c56c20","lu":1585924023000,"exp":1586528820000},{"address":"TCy1KL3UgDvDwA7j5tDimU6tszrbrAG"
12:38:47.716 [TestNG-tests-1] DEBUG org.apache.http.wire -  << "dse","price":"000000000000000000000000000000000000000000000000002a39a22ffad360","lu":1585927623000,"exp":1586532420000},{"address":"TCy1KL3UgDvDwA7j5tDimU6tszrbrAGdse","price":"000000000000000000000000000000000000000000000000002a0f5335f37f20","lu":1585931223000,"exp":1586536020000},{"address":"TCy1KL3UgDvDwA7j5tDimU6tszrbrAGdse","price":"000000000000000000000000000000000000000000000000002a424f0e5ef000","lu":1585934823000,"exp":1586539620000},{"address":"TCy1KL3UgDvDwA7j5tDimU6tszrbrAGdse","price":"000000000000000000000000000000000000000000000000002a32e463ea9da0","lu":1585938423000,"exp":1586543220000},{"address":"TCy1KL3UgDvDwA7j5tDimU6tszrbrAGdse","price":"000000000000000000000000000000000000000000000000002a3b82da376be0","lu":1585942023000,"exp":1586546820000},{"address":"TCy1KL3UgDvDwA7j5tDimU6tszrbrAGdse","price":"000000000000000000000000000000000000000000000000002a64a01bb46640","lu":1585945623000,"exp":1586550420000},{"address":"TCy1KL3UgDvDwA7j5tDimU6tszrbrAGdse","price":"000000000000000000000000000000000000000000000000002a27cff0ce1a00","lu":1585949223000,"exp":1586554020000},{"address":"TCy1KL3UgDvDwA7j5tDimU6tszrbrAGdse","price":"000000000000000000000000000000000000000000000000002a56b4813ce040","lu":1585952823000,"exp":1586557620000},{"address":"TCy1KL3UgDvDwA7j5tDimU6tszrbrAGdse","price":"000000000000000000000000000000000000000000000000002a68f4d0339d40","lu":1585956423000,"exp":1586561220000},{"address":"TCy1KL3UgDvDwA7j5tDimU6tszrbrAGdse","price":"000000000000000000000000000000000000000000000000002a927355addec0","lu":1585960023000,"exp":1586564820000},{"address":"TCy1KL3UgDvDwA7j5tDimU6tszrbrAGdse","price":"000000000000000000000000000000000000000000000000002a904a7481f0a0","lu":1585963623000,"exp":1586568420000},{"address":"TCy1KL3UgDvDwA7j5tDimU6tszrbrAGdse","price":"000000000000000000000000000000000000000000000000002a83fbe2c8fbe0","lu":1585967223000,"exp":1586572020000},{"address":"TCy1KL3UgDvDwA7j5tDimU6tszrbrAGdse","price":"000000000000000000000000000000000000000000000000002a025e29fd6020","lu":1585970823000,"exp":1586575620000},{"address":"TCy1KL3UgDvDwA7j5tDimU6tszrbrAGdse","price":"0000000000000000000000000000000000000000000000000029f9363a8ff500","lu":1585974423000,"exp":1586579220000},{"address":"TCy1KL3UgDvDwA7j5tDimU6tszrbrAGdse","price":"000000000000000000000000000000000000000000000000002a1ae1973bf3e0","lu":1585978023000,"exp":1586582820000},{"address":"TCy1KL3UgDvDwA7j5tDimU6tszrbrAGdse","price":"000000000000000000000000000000000000000000000000002a04bd5abb4540","lu":1585981623000,"exp":1586586420000},{"address":"TCy1KL3UgDvDwA7j5tDimU6tszrbrAGdse","price":"0000000000000000000000000000000000000000000000000029faf8e09918a0","lu":1585985223000,"exp":1586590020000},{"address":"TCy1KL3UgDvDwA7j5tDimU6tszrbrAGdse","price":"000000000000000000000000000000000000000000000000002a3486395b6300","lu":1585988823000,"exp":1586593620000},{"address":"TCy1KL3UgDvDwA7j5tDimU6tszrbrAGdse","price":"000000000000000000000000000000000000000000000000002a7f4a8dfe2c80","lu":1585992423000,"exp":1586597220000},{"address":"TCy1KL3UgDvDwA7j5tDimU6tszrbrAGdse","price":"000000000000000000000000000000000000000000000000002ab22aa983b840","lu":1585996023000,"exp":1586600820000},{"address":"TCy1KL3UgDvDwA7j5tDimU6tszrbrAGdse","price":"000000000000000000000000000000000000000000000000002a7bd40af59f40","lu":1585999623000,"exp":1586604420000},{"address":"TCy1KL3UgDvDwA7j5tDimU6tszrbrAGdse","price":"000000000000000000000000000000000000000000000000002a6a47bb5b6980","lu":1586003223000,"exp":1586608020000},{"address":"TCy1KL3UgDvDwA7j5tDimU6tszrbrAGdse","price":"000000000000000000000000000000000000000000000000002a30e5ec076840","lu":1586006823000,"exp":1586611620000},{"address":"TCy1KL3UgDvDwA7j5tDimU6tszrbrAGdse","price":"000000000000000000000000000000000000000000000000002a2d1c45290d20","lu":1586010423000,"exp":1586615220000},{"address":"TCy1KL3UgDvDwA7j5tDimU6tszrbrAGdse","price":"000000000000000000000000000000000000000000000000002a4794a6b72580","lu":1586014023000,"exp":1586618820000},{"address":""
12:38:47.717 [TestNG-tests-1] DEBUG org.apache.http.wire -  << "TCy1KL3UgDvDwA7j5tDimU6tszrbrAGdse","price":"000000000000000000000000000000000000000000000000002a82a039136c40","lu":1586017623000,"exp":1586622420000},{"address":"TCy1KL3UgDvDwA7j5tDimU6tszrbrAGdse","price":"000000000000000000000000000000000000000000000000002a7a468f572540","lu":1586021223000,"exp":1586626020000},{"address":"TCy1KL3UgDvDwA7j5tDimU6tszrbrAGdse","price":"000000000000000000000000000000000000000000000000002a7fc6fc7c3c20","lu":1586024823000,"exp":1586629620000},{"address":"TCy1KL3UgDvDwA7j5tDimU6tszrbrAGdse","price":"000000000000000000000000000000000000000000000000002a51d7aeec7c80","lu":1586028423000,"exp":1586633220000},{"address":"TCy1KL3UgDvDwA7j5tDimU6tszrbrAGdse","price":"000000000000000000000000000000000000000000000000002a7ac071a51000","lu":1586032023000,"exp":1586636820000},{"address":"TCy1KL3UgDvDwA7j5tDimU6tszrbrAGdse","price":"000000000000000000000000000000000000000000000000002a8d1080d3b9c0","lu":1586035623000,"exp":1586640420000},{"address":"TCy1KL3UgDvDwA7j5tDimU6tszrbrAGdse","price":"000000000000000000000000000000000000000000000000002a661a82609c80","lu":1586039223000,"exp":1586644020000},{"address":"TCy1KL3UgDvDwA7j5tDimU6tszrbrAGdse","price":"000000000000000000000000000000000000000000000000002a83770b9c7f40","lu":1586042823000,"exp":1586647620000},{"address":"TCy1KL3UgDvDwA7j5tDimU6tszrbrAGdse","price":"000000000000000000000000000000000000000000000000002aabf596421d20","lu":1586046423000,"exp":1586651220000},{"address":"TCy1KL3UgDvDwA7j5tDimU6tszrbrAGdse","price":"000000000000000000000000000000000000000000000000002aa31eaa65eb40","lu":1586050023000,"exp":1586654820000},{"address":"TCy1KL3UgDvDwA7j5tDimU6tszrbrAGdse","price":"000000000000000000000000000000000000000000000000002a872dca1ca300","lu":1586053623000,"exp":1586658420000},{"address":"TCy1KL3UgDvDwA7j5tDimU6tszrbrAGdse","price":"000000000000000000000000000000000000000000000000002aacfb1f6f3c80","lu":1586057223000,"exp":1586662020000},{"address":"TCy1KL3UgDvDwA7j5tDimU6tszrbrAGdse","price":"000000000000000000000000000000000000000000000000002a579e2de243a0","lu":1586060823000,"exp":1586665620000},{"address":"TCy1KL3UgDvDwA7j5tDimU6tszrbrAGdse","price":"000000000000000000000000000000000000000000000000002a65e8efde7840","lu":1586064423000,"exp":1586669220000},{"address":"TCy1KL3UgDvDwA7j5tDimU6tszrbrAGdse","price":"000000000000000000000000000000000000000000000000002a5528fe553f60","lu":1586068023000,"exp":1586672820000},{"address":"TCy1KL3UgDvDwA7j5tDimU6tszrbrAGdse","price":"000000000000000000000000000000000000000000000000002a557a79f332c0","lu":1586071623000,"exp":1586676420000},{"address":"TCy1KL3UgDvDwA7j5tDimU6tszrbrAGdse","price":"000000000000000000000000000000000000000000000000002a59e445a36800","lu":1586075223000,"exp":1586680020000},{"address":"TCy1KL3UgDvDwA7j5tDimU6tszrbrAGdse","price":"000000000000000000000000000000000000000000000000002a6ad49acec260","lu":1586078823000,"exp":1586683620000},{"address":"TCy1KL3UgDvDwA7j5tDimU6tszrbrAGdse","price":"000000000000000000000000000000000000000000000000002a5c4bd6c0a6e0","lu":1586082423000,"exp":1586687220000},{"address":"TCy1KL3UgDvDwA7j5tDimU6tszrbrAGdse","price":"000000000000000000000000000000000000000000000000002a5b01fbcc1b40","lu":1586086023000,"exp":1586690820000},{"address":"TCy1KL3UgDvDwA7j5tDimU6tszrbrAGdse","price":"000000000000000000000000000000000000000000000000002a5d9b8ec162c0","lu":1586089623000,"exp":1586694420000},{"address":"TCy1KL3UgDvDwA7j5tDimU6tszrbrAGdse","price":"000000000000000000000000000000000000000000000000002be528999b42e0","lu":1586093223000,"exp":1586698020000},{"address":"TCy1KL3UgDvDwA7j5tDimU6tszrbrAGdse","price":"000000000000000000000000000000000000000000000000002cff22ad7d2660","lu":1586096823000,"exp":1586701620000},{"address":"TCy1KL3UgDvDwA7j5tDimU6tszrbrAGdse","price":"000000000000000000000000000000000000000000000000002c961f4682d200","lu":1586100423000,"exp":1586705220000},{"address":"TCy1KL3UgDvDwA7j5tDimU6tszrbrAGdse","price":"000000000000000000000000000000000000000000000000002cb7bb257104c0","lu":1586104023000,"exp":1586708820000},{"address":"TCy1KL3UgDvDwA7j5tDimU6tszrbrAGdse","price":"000000000000000000000000000000000000000000000000002befd304bea8a0","lu":1586107623000,"exp":1586712420000},{"address":"TCy1KL3UgDvDwA7j5tDimU6tszrbrAGdse","price":"000000000000000000000000000000000000000000000000002c76a5d0925040","lu":1586111223000,"exp":1586716020000},{"address":"TCy1KL3UgDvDwA7j5tDimU6tszrbrAGdse","price":"000000000000000000000000000000000000000000000000002c6addcb6cf120","lu":1586114823000,"exp":1586719620000},{"address":"TCy1KL3UgDvDwA7j5tDimU6tszrbrAGdse","price":"000000000000000000000000000000000000000000000000002c514d27ac3e00","lu":1586118423000,"exp":1586723220000},{"address":"TCy1KL3UgDvDwA7j5tDimU6tszrbrAGdse","price":"000000000000000000000000000000000000000000000000002c52d1202c8560","lu":1586122023000,"exp":1586726820000},{"address":"TCy1KL3UgDvDwA7j5tDimU6tszrbrAGdse","price":"000000000000000000000000000000000000000000000000002c73a3e4ed76a0","lu":1586125623000,"exp":1586730420000},{"address":"TCy1KL3UgDvDwA7j5tDimU6tszrbrAGdse","price":"000000000000000000000000000000000000000000000000002c8b9f5e5d42a0","lu":1586129223000,"exp":1586734020000},{"address":"TCy1KL3UgDvDwA7j5tDimU6tszrbrAGdse","price":"000000000000000000000000000000000000000000000000002d0a7404977b60","lu":1586132823000,"exp":1586737620000},{"address":"TCy1KL3UgDvDwA7j5tDimU6tszrbrAGdse","price":"000000000000000000000000000000000000000000000000002d3967d03309c0","lu":1586136423000,"exp":1586741220000},{"address":"TCy1KL3UgDvDwA7j5tDimU6tszrbrAGdse","price":"000000000000000000000000000000000000000000000000002dcc097f03b1a0","lu":1586140023000,"exp":1586744820000},{"address":"TCy1KL3UgDvDwA7j5tDimU6tszrbrAGdse","price":"000000000000000000000000000000000000000000000000002dc4adc8bb8ba0","lu":1586143623000,"exp":1586748420000},{"address":"TCy1KL3UgDvDwA7j5tDimU6tszrbrAGdse","price":"000000000000000000000000000000000000000000000000002e12197621d020","lu":1586147223000,"exp":1586752020000},{"address":"TCy1KL3UgDvDwA7j5tDimU6tszrbrAGdse","price":"000000000000000000000000000000000000000000000000002db14d8100f020","lu":1586150823000,"exp":1586755620000},{"address":"TCy1KL3UgDvDwA7j5tDimU6tszrbrAGdse","price":"000000000000000000000000000000000000000000000000002e0ee8927a99c0","lu":1586154423000,"exp":1586759220000},{"address":"TCy1KL3UgDvDwA7j5tDimU6tszrbrAGdse","price":"000000000000000000000000000000000000000000000000002ddc7d58eb0700","lu":1586158023000,"exp":1586762820000},{"address":"TCy1KL3UgDvDwA7j5tDimU6tszrbrAGdse","price":"000000000000000000000000000000000000000000000000002e0fe0c2962180","lu":1586161623000,"exp":1586766420000},{"address":"TCy1KL3UgDvDwA7j5tDimU6tszrbrAGdse","price":"000000000000"
12:38:47.717 [TestNG-tests-1] DEBUG org.apache.http.wire -  << "000000000000000000000000000000000000002e57a839f88240","lu":1586165223000,"exp":1586770020000},{"address":"TCy1KL3UgDvDwA7j5tDimU6tszrbrAGdse","price":"000000000000000000000000000000000000000000000000002e857f7796c300","lu":1586168823000,"exp":1586773620000},{"address":"TCy1KL3UgDvDwA7j5tDimU6tszrbrAGdse","price":"000000000000000000000000000000000000000000000000002ed4d76e7049c0","lu":1586172423000,"exp":1586777220000},{"address":"TCy1KL3UgDvDwA7j5tDimU6tszrbrAGdse","price":"000000000000000000000000000000000000000000000000002e9928b962ed60","lu":1586176023000,"exp":1586780820000},{"address":"TCy1KL3UgDvDwA7j5tDimU6tszrbrAGdse","price":"000000000000000000000000000000000000000000000000002f2c1cb0e7f9a0","lu":1586179623000,"exp":1586784420000},{"address":"TCy1KL3UgDvDwA7j5tDimU6tszrbrAGdse","price":"000000000000000000000000000000000000000000000000002e9d954dd9d6a0","lu":1586183223000,"exp":1586788020000},{"address":"TCy1KL3UgDvDwA7j5tDimU6tszrbrAGdse","price":"000000000000000000000000000000000000000000000000002ee80af3a6c4c0","lu":1586186823000,"exp":1586791620000},{"address":"TCy1KL3UgDvDwA7j5tDimU6tszrbrAGdse","price":"000000000000000000000000000000000000000000000000002f7fcd430c3ea0","lu":1586190423000,"exp":1586795220000},{"address":"TCy1KL3UgDvDwA7j5tDimU6tszrbrAGdse","price":"000000000000000000000000000000000000000000000000002ffe261ff58fc0","lu":1586194023000,"exp":1586798820000},{"address":"TCy1KL3UgDvDwA7j5tDimU6tszrbrAGdse","price":"000000000000000000000000000000000000000000000000002fed9ff2cb6600","lu":1586197623000,"exp":1586802420000},{"address":"TCy1KL3UgDvDwA7j5tDimU6tszrbrAGdse","price":"000000000000000000000000000000000000000000000000003015684b372a00","lu":1586201223000,"exp":1586806020000},{"address":"TCy1KL3UgDvDwA7j5tDimU6tszrbrAGdse","price":"000000000000000000000000000000000000000000000000002fc26707284320","lu":1586204823000,"exp":1586809620000},{"address":"TCy1KL3UgDvDwA7j5tDimU6tszrbrAGdse","price":"000000000000000000000000000000000000000000000000002fa36538ed48e0","lu":1586208423000,"exp":1586813220000},{"address":"TCy1KL3UgDvDwA7j5tDimU6tszrbrAGdse","price":"000000000000000000000000000000000000000000000000002ff5e52a06b780","lu":1586212023000,"exp":1586816820000},{"address":"TCy1KL3UgDvDwA7j5tDimU6tszrbrAGdse","price":"000000000000000000000000000000000000000000000000002ffb30b734e5a0","lu":1586215623000,"exp":1586820420000},{"address":"TCy1KL3UgDvDwA7j5tDimU6tszrbrAGdse","price":"00000000000000000000000000000000000000000000000000317f412ba72c00","lu":1586219223000,"exp":1586824020000},{"address":"TCy1KL3UgDvDwA7j5tDimU6tszrbrAGdse","price":"0000000000000000000000000000000000000000000000000030fe5563737de0","lu":1586222823000,"exp":1586827620000},{"address":"TCy1KL3UgDvDwA7j5tDimU6tszrbrAGdse","price":"00000000000000000000000000000000000000000000000000303af8ee04bda0","lu":1586226423000,"exp":1586831220000},{"address":"TCy1KL3UgDvDwA7j5tDimU6tszrbrAGdse","price":"00000000000000000000000000000000000000000000000000303bdfb86cdf00","lu":1586230023000,"exp":1586834820000},{"address":"TCy1KL3UgDvDwA7j5tDimU6tszrbrAGdse","price":"000000000000000000000000000000000000000000000000003044107fc69e00","lu":1586233623000,"exp":1586838420000},{"address":"TCy1KL3UgDvDwA7j5tDimU6tszrbrAGdse","price":"000000000000000000000000000000000000000000000000003026c5951b0420","lu":1586237223000,"exp":1586842020000},{"address":"TCy1KL3UgDvDwA7j5tDimU6tszrbrAGdse","price":"00000000000000000000000000000000000000000000000000302ec0daf80f80","lu":1586240823000,"exp":1586845620000},{"address":"TCy1KL3UgDvDwA7j5tDimU6tszrbrAGdse","price":"0000000000000000000000000000000000000000000000000030e03328054760","lu":1586244423000,"exp":1586849220000},{"address":"TCy1KL3UgDvDwA7j5tDimU6tszrbrAGdse","price":"0000000000000000000000000000000000000000000000000030e518bb2d5e80","lu":1586248023000,"exp":1586852820000},{"address":"TCy1KL3UgDvDwA7j5tDimU6tszrbrAGdse","price":"0000000000000000000000000000000000000000000000000030eb29b0ae2220","lu":1586251623000,"exp":1586856420000},{"address":"TCy1KL3UgDvDwA7j5tDimU6tszrbrAGdse","price":"0000000000000000000000000000000000000000000000000031224f1530c2a0","lu":1586255223000,"exp":1586860020000},{"address":"TCy1KL3UgDvDwA7j5tDimU6tszrbrAGdse","price":"000000000000000000000000000000000000000000000000003112e2505cf3c0","lu":1586258823000,"exp":1586863620000},{"address":"TCy1KL3UgDvDwA7j5tDimU6tszrbrAGdse","price":"0000000000000000000000000000000000000000000000000031857ad5469860","lu":1586262423000,"exp":1586867220000},{"address":"TCy1KL3UgDvDwA7j5tDimU6tszrbrAGdse","price":"00000000000000000000000000000000000000000000000000312deae065fe80","lu":1586266023000,"exp":1586870820000},{"address":"TCy1KL3UgDvDwA7j5tDimU6tszrbrAGdse","price":"0000000000000000000000000000000000000000000000000030a1324d032540","lu":1586269623000,"exp":1586874420000},{"address":"TCy1KL3UgDvDwA7j5tDimU6tszrbrAGdse","price":"0000000000000000000000000000000000000000000000000030c8237a85a160","lu":1586273223000,"exp":1586878020000},{"address":"TCy1KL3UgDvDwA7j5tDimU6tszrbrAGdse","price":"0000000000000000000000000000000000000000000000000031244d51b01c80","lu":1586276823000,"exp":1586881620000},{"address":"TCy1KL3UgDvDwA7j5tDimU6tszrbrAGdse","price":"00000000000000000000000000000000000000000000000000312a579e40f280","lu":1586280423000,"exp":1586885220000},{"address":"TCy1KL3UgDvDwA7j5tDimU6tszrbrAGdse","price":"0000000000000000000000000"
12:38:48.023 [TestNG-tests-1] DEBUG org.apache.http.wire -  << "0000000000000000000000000310abb1851d380","lu":1586284023000,"exp":1586888820000},{"address":"TCy1KL3UgDvDwA7j5tDimU6tszrbrAGdse","price":"000000000000000000000000000000000000000000000000003118759dab1f60","lu":1586287623000,"exp":1586892420000},{"address":"TCy1KL3UgDvDwA7j5tDimU6tszrbrAGdse","price":"000000000000000000000000000000000000000000000000002f7ddf2b5a0660","lu":1586291223000,"exp":1586896020000},{"address":"TCy1KL3UgDvDwA7j5tDimU6tszrbrAGdse","price":"000000000000000000000000000000000000000000000000002f5b6ee63ba6c0","lu":1586294823000,"exp":1586899620000},{"address":"TCy1KL3UgDvDwA7j5tDimU6tszrbrAGdse","price":"000000000000000000000000000000000000000000000000002f838e55700440","lu":1586298423000,"exp":1586903220000},{"address":"TCy1KL3UgDvDwA7j5tDimU6tszrbrAGdse","price":"000000000000000000000000000000000000000000000000002f25a18744db80","lu":1586302023000,"exp":1586906820000},{"address":"TCy1KL3UgDvDwA7j5tDimU6tszrbrAGdse","price":"000000000000000000000000000000000000000000000000002f14cf658fa7a0","lu":1586305623000,"exp":1586910420000},{"address":"TCy1KL3UgDvDwA7j5tDimU6tszrbrAGdse","price":"000000000000000000000000000000000000000000000000002efc8962c3ac00","lu":1586309223000,"exp":1586914020000},{"address":"TCy1KL3UgDvDwA7j5tDimU6tszrbrAGdse","price":"000000000000000000000000000000000000000000000000002ef051cff446c0","lu":1586312823000,"exp":1586917620000},{"address":"TCy1KL3UgDvDwA7j5tDimU6tszrbrAGdse","price":"000000000000000000000000000000000000000000000000002fd905fff040c0","lu":1586316423000,"exp":1586921220000},{"address":"TCy1KL3UgDvDwA7j5tDimU6tszrbrAGdse","price":"00000000000000000000000000000000000000000000000000304a500de8a120","lu":1586320023000,"exp":1586924820000},{"address":"TCy1KL3UgDvDwA7j5tDimU6tszrbrAGdse","price":"0000000000000000000000000000000000000000000000000030a776e447c600","lu":1586323623000,"exp":1586928420000},{"address":"TCy1KL3UgDvDwA7j5tDimU6tszrbrAGdse","price":"000000000000000000000000000000000000000000000000003077d8d5a1bf20","lu":1586327223000,"exp":1586932020000},{"address":"TCy1KL3UgDvDwA7j5tDimU6tszrbrAGdse","price":"000000000000000000000000000000000000000000000000003045ddfd0406e0","lu":1586330823000,"exp":1586935620000},{"address":"TCy1KL3UgDvDwA7j5tDimU6tszrbrAGdse","price":"000000000000000000000000000000000000000000000000003051e6f99f3500","lu":1586334423000,"exp":1586939220000},{"address":"TCy1KL3UgDvDwA7j5tDimU6tszrbrAGdse","price":"00000000000000000000000000000000000000000000000000305dec19c027c0","lu":1586338023000,"exp":1586942820000},{"address":"TCy1KL3UgDvDwA7j5tDimU6tszrbrAGdse","price":"0000000000000000000000000000000000000000000000000030795d4583daa0","lu":1586341623000,"exp":1586946420000},{"addre"
12:38:48.024 [TestNG-tests-1] DEBUG org.apache.http.wire -  << "ss":"TCy1KL3UgDvDwA7j5tDimU6tszrbrAGdse","price":"0000000000000000000000000000000000000000000000000030004a50145080","lu":1586345223000,"exp":1586950020000},{"address":"TCy1KL3UgDvDwA7j5tDimU6tszrbrAGdse","price":"00000000000000000000000000000000000000000000000000300a7e7dd9e320","lu":1586348823000,"exp":1586953620000},{"address":"TCy1KL3UgDvDwA7j5tDimU6tszrbrAGdse","price":"000000000000000000000000000000000000000000000000002fe356151b3cc0","lu":1586352423000,"exp":1586957220000},{"address":"TCy1KL3UgDvDwA7j5tDimU6tszrbrAGdse","price":"00000000000000000000000000000000000000000000000000302bc047c32cc0","lu":1586356023000,"exp":1586960820000},{"address":"TCy1KL3UgDvDwA7j5tDimU6tszrbrAGdse","price":"000000000000000000000000000000000000000000000000003061dbad30cc60","lu":1586359623000,"exp":1586964420000},{"address":"TCy1KL3UgDvDwA7j5tDimU6tszrbrAGdse","price":"00000000000000000000000000000000000000000000000000307f923685c280","lu":1586363223000,"exp":1586968020000},{"address":"TCy1KL3UgDvDwA7j5tDimU6tszrbrAGdse","price":"0000000000000000000000000000000000000000000000000030a430b785dba0","lu":1586366823000,"exp":1586971620000},{"address":"TCy1KL3UgDvDwA7j5tDimU6tszrbrAGdse","price":"000000000000000000000000000000000000000000000000003078fe3f4dc880","lu":1586370423000,"exp":1586975220000},{"address":"TCy1KL3UgDvDwA7j5tDimU6tszrbrAGdse","price":"00000000000000000000000000000000000000000000000000306c3ffe09b520","lu":1586374023000,"exp":1586978820000},{"address":"TCy1KL3UgDvDwA7j5tDimU6tszrbrAGdse","price":"000000000000000000000000000000000000000000000000003093e75a170ce0","lu":1586377623000,"exp":1586982420000},{"address":"TCy1KL3UgDvDwA7j5tDimU6tszrbrAGdse","price":"0000000000000000000000000000000000000000000000000030bbe35baac500","lu":1586381223000,"exp":1586986020000},{"address":"TCy1KL3UgDvDwA7j5tDimU6tszrbrAGdse","price":"00000000000000000000000000000000000000000000000000309865afaa3d80","lu":1586384823000,"exp":1586989620000},{"address":"TCy1KL3UgDvDwA7j5tDimU6tszrbrAGdse","price":"0000000000000000000000000000000000000000000000000030b36fe690c2e0","lu":1586388423000,"exp":1586993220000},{"address":"TCy1KL3UgDvDwA7j5tDimU6tszrbrAGdse","price":"00000000000000000000000000000000000000000000000000308efb7b3de1a0","lu":1586392023000,"exp":1586996820000},{"address":"TCy1KL3UgDvDwA7j5tDimU6tszrbrAGdse","price":"00000000000000000000000000000000000000000000000000309f316f5b9bc0","lu":1586395623000,"exp":1587000420000},{"address":"TCy1KL3UgDvDwA7j5tDimU6tszrbrAGdse","price":"000000000000000000000000000000000000000000000000003064e8620cae60","lu":1586399223000,"exp":1587004020000},{"address":"TCy1KL3UgDvDwA7j5tDimU6tszrbrAGdse","price":"000000000000000000000000000000000000000000000000003076f9628180a0","lu":1586402823000,"exp":1587007620000},{"address":"TCy1KL3UgDvDwA7j5tDimU6tszrbrAGdse","price":"000000000000000000000000000000000000000000000000002ffe6f4858b980","lu":1586406423000,"exp":1587011220000},{"address":"TCy1KL3UgDvDwA7j5tDimU6tszrbrAGdse","price":"00000000000000000000000000000000000000000000000000304bf966e5fd40","lu":1586410023000,"exp":1587014820000},{"address":"TCy1KL3UgDvDwA7j5tDimU6tszrbrAGdse","price":"00000000000000000000000000000000000000000000000000304540c9c584e0","lu":1586413623000,"exp":1587018420000},{"address":"TCy1KL3UgDvDwA7j5tDimU6tszrbrAGdse","price":"000000000000000000000000000000000000000000000000003045c066b6b9c0","lu":1586417223000,"exp":1587022020000},{"address":"TCy1KL3UgDvDwA7j5tDimU6tszrbrAGdse","price":"000000000000000000000000000000000000000000000000003081c276b93800","lu":1586420823000,"exp":1587025620000},{"address":"TCy1KL3UgDvDwA7j5tDimU6tszrbrAGdse","price":"00000000000000000000000000000000000000000000000000305f5ec6b18a00","lu":1586424423000,"exp":1587029220000},{"address":"TCy1KL3UgDvDwA7j5tDimU6tszrbrAGdse","price":"00000000000000000000000000000000000000000000000000305c1994f16fa0","lu":1586428023000,"exp":1587032820000},{"address":"TCy1KL3UgDvDwA7j5tDimU6tszrbrAGdse","price":"0000000000000000000000000000000000000000000000000030922737bb19a0","lu":1586431623000,"exp":1587036420000},{"address":"TCy1KL3UgDvDwA7j5tDimU6tszrbrAGdse","price":"000000000000000000000000000000000000000000000000002fc2cf2af021c0","lu":1586435226000,"exp":1587040020000},{"address":"TCy1KL3UgDvDwA7j5tDimU6tszrbrAGdse","price":"00000000000000000000000000000000000000000000000000303354447ca3c0","lu":1586438823000,"exp":1587043620000},{"address":"TCy1KL3UgDvDwA7j5tDimU6tszrbrAGdse","price":"00000000000000000000000000000000000000000000000000301a053407da40","lu":1586442423000,"exp":1587047220000},{"address":"TCy1KL3UgDvDwA7j5tDimU6tszrbrAGdse","price":"00000000000000000000000000000000000000000000000000300c1597352300","lu":1586446023000,"exp":1587050820000},{"address":"TCy1KL3UgDvDwA7j5tDimU6tszrbrAGdse","price":"000000000000000000000000000000000000000000000000002ff77e68bf2c60","lu":1586449623000,"exp":1587054420000},{"address":"TCy1KL3UgDvDwA7j5tDimU6tszrbrAGdse","price":"000000000000000000000000000000000000000000000000002fbcb821c713a0","lu":1586453223000,"exp":1587058020000},{"address":"TCy1KL3UgDvDwA7j5tDimU6tszrbrAGdse","price":"000000000000000000000000000000000000000000000000002fd778d25c1be0","lu":1586456823000,"exp":1587061620000},{"address":"TCy1KL3UgDvDwA7j5tDimU6tszrbrAGdse","price":"000000000000000000000000000000000000000000000000002fbd73b87ba340","lu":1586460423000,"exp":1587065220000},{"address":"TCy1KL3UgDvDwA7j5tDimU6tszrbrAGdse","price":"000000000000000000000000000000000000000000000000002f7924af7a1d00","lu":1586464023000,"exp":1587068820000},{"address":"TCy1KL3UgDvDwA7j5tDimU6tszrbrAGdse","price":"000000000000000000000000000000000000000000000000002faa6bd345f240","lu":1586467623000,"exp":1587072420000},{"address":"TCy1KL3UgDvDwA7j5tDimU6tszrbrAGdse","price":"000000000000000000000000000000000000000000000000002fd36ce1957d00","lu":1586471223000,"exp":1587076020000},{"address":"TCy1KL3UgDvDwA7j5tDimU6tszrbrAGdse","price":"000000000000000000000000000000000000000000000000002fda6ae9205680","lu":1586474823000,"exp":1587079620000},{"address":"TCy1KL3UgDvDwA7j5tDimU6tszrbrAGdse","price":"000000000000000000000000000000000000000000000000002fd3c1b62dbb00","lu":1586478423000,"exp":1587083220000},{"address":"TCy1KL3UgDvDwA7j5tDimU6tszrbrAGdse","price":"000000000000000000000000000000000000000000000000002fb4e4ab627360","lu":1586482023000,"exp":1587086820000},{"address":"TCy1KL3UgDvDwA7j5tDimU6tszrbrAGdse","price":"000000000000000000000000000000000000000000000000002f8fae7054fbe0","lu":1586485623000,"exp":1587090420000},{"address":"TCy1KL3UgDvDwA7j5tDimU6tszrbrAGdse","price":"000000000000000000000000000000000000000000000000002f2b5e7cc66da0","lu":1586489223000,"exp":1587094020000},{"address":"TCy1KL3UgDvDwA7j5tDimU6tszrbrAGdse","price":"000000000000000000000000000000000000000000000000002dfa9fdfdc99a0","lu":1586492823000,"exp":1587097620000}],"feedAddress":"TCy1KL3UgDvDwA7j5tDimU6tszrbrAGdse"},{"feedEventDTOList":[{"address":"TDfmrJYeunddm8Nt8kVVLotX4Vhj8igXiM","price":"000000000000000000000000000000000000000000000000002ae6300aeefa20","lu":1585910223000,"exp":1586515020000},{"address":"TDfmrJYeunddm8Nt8kVVLotX4Vhj8igXiM","price":"000000000000000000000000000000000000000000000000002afd1c0c01be40","lu":1585913823000,"exp":1586518620000},{"address":"TDfmrJYeunddm8Nt8kVVLotX4Vhj8igXiM","price":"000000000000000000000000000000000000000000000000002b0e8eec7e4000","lu":1585917423000,"exp":1586522220000},{"address":"TDfmrJYeunddm8Nt8kVVLotX4Vhj8igXiM","price":"000000000000000000000000000000000000000000000000002a8961bf5ca380","lu":1585921023000,"exp":1586525820000},{"address":"TDfmrJYeunddm8Nt8kVVLotX4Vhj8igXiM","price":"000000000000000000000000000000000000000000000000002a59cafc15cac0","lu":1585924623000,"exp":1586529420000},{"address":"TDfmrJYeunddm8Nt8kVVLotX4Vhj8igXiM","price":"000000000000000000000000000000000000000000000000002a2451e4249080","lu":1585928223000,"exp":1586533020000},{"address":"TDfmrJYeunddm8Nt8kVVLotX4Vhj8igXiM","price":"000000000000000000000000000000000000000000000000002a00917e1f83a0","lu":1585931823000,"exp":1586536620000},{"address":"TDfmrJYeunddm8Nt8kVVLotX4Vhj8igXiM","price":"000000000000000000000000000000000000000000000000002a481d9efbc880","lu":1585935423"
12:38:48.024 [TestNG-tests-1] DEBUG org.apache.http.wire -  << "000,"exp":1586540220000},{"address":"TDfmrJYeunddm8Nt8kVVLotX4Vhj8igXiM","price":"000000000000000000000000000000000000000000000000002a4a71c3a9e9e0","lu":1585939023000,"exp":1586543820000},{"address":"TDfmrJYeunddm8Nt8kVVLotX4Vhj8igXiM","price":"000000000000000000000000000000000000000000000000002a4f86f0eb1e00","lu":1585942623000,"exp":1586547420000},{"address":"TDfmrJYeunddm8Nt8kVVLotX4Vhj8igXiM","price":"000000000000000000000000000000000000000000000000002a5a2cf355e0c0","lu":1585946223000,"exp":1586551020000},{"address":"TDfmrJYeunddm8Nt8kVVLotX4Vhj8igXiM","price":"000000000000000000000000000000000000000000000000002a292da56e8b80","lu":1585949823000,"exp":1586554620000},{"address":"TDfmrJYeunddm8Nt8kVVLotX4Vhj8igXiM","price":"000000000000000000000000000000000000000000000000002a55cc0fa66520","lu":1585953423000,"exp":1586558220000},{"address":"TDfmrJYeunddm8Nt8kVVLotX4Vhj8igXiM","price":"000000000000000000000000000000000000000000000000002a6426f8a75be0","lu":1585957023000,"exp":1586561820000},{"address":"TDfmrJYeunddm8Nt8kVVLotX4Vhj8igXiM","price":"000000000000000000000000000000000000000000000000002a93887c5925a0","lu":1585960623000,"exp":1586565420000},{"address":"TDfmrJYeunddm8Nt8kVVLotX4Vhj8igXiM","price":"000000000000000000000000000000000000000000000000002aa428f5f0e5a0","lu":1585964223000,"exp":1586569020000},{"address":"TDfmrJYeunddm8Nt8kVVLotX4Vhj8igXiM","price":"000000000000000000000000000000000000000000000000002a6b0b37dd2660","lu":1585967823000,"exp":1586572620000},{"address":"TDfmrJYeunddm8Nt8kVVLotX4Vhj8igXiM","price":"0000000000000000000000000000000000000000000000000029e662aee71460","lu":1585971423000,"exp":1586576220000},{"address":"TDfmrJYeunddm8Nt8kVVLotX4Vhj8igXiM","price":"0000000000000000000000000000000000000000000000000029fdd67b824320","lu":1585975023000,"exp":1586579820000},{"address":"TDfmrJYeunddm8Nt8kVVLotX4Vhj8igXiM","price":"000000000000000000000000000000000000000000000000002a1609bc5d5ec0","lu":1585978623000,"exp":1586583420000},{"address":"TDfmrJYeunddm8Nt8kVVLotX4Vhj8igXiM","price":"0000000000000000000000000000000000000000000000000029fd7d0cc1be60","lu":1585982223000,"exp":1586587020000},{"address":"TDfmrJYeunddm8Nt8kVVLotX4Vhj8igXiM","price":"0000000000000000000000000000000000000000000000000029e6903a5d2980","lu":1585985823000,"exp":1586590620000},{"address":"TDfmrJYeunddm8Nt8kVVLotX4Vhj8igXiM","price":"000000000000000000000000000000000000000000000000002a4edad9440c00","lu":1585989423000,"exp":1586594220000},{"address":"TDfmrJYeunddm8Nt8kVVLotX4Vhj8igXiM","price":"000000000000000000000000000000000000000000000000002a79f07686b860","lu":1585993023000,"exp":1586597820000},{"address":"TDfmrJYeunddm8Nt8kVVLotX4Vhj8igXiM","price":"000000000000000000000000000000000000000000000000002aa109906ba980","lu":1585996623000,"exp":1586601420000},{"address":"TDfmrJYeunddm8Nt8kVVLotX4Vhj8igXiM","price":"000000000000000000000000000000000000000000000000002a87f4c6f89f40","lu":1586000223000,"exp":1586605020000},{"address":"TDfmrJYeunddm8Nt8kVVLotX4Vhj8igXiM","price":"000000000000000000000000000000000000000000000000002a61201bb8ef40","lu":1586003823000,"exp":1586608620000},{"address":"TDfmrJYeunddm8Nt8kVVLotX4Vhj8igXiM","price":"000000000000000000000000000000000000000000000000002a356d4a8fe820","lu":1586007423000,"exp":1586612220000},{"address":"TDfmrJYeunddm8Nt8kVVLotX4Vhj8igXiM","price":"000000000000000000000000000000000000000000000000002a36e75e888c80","lu":1586011023000,"exp":1586615820000},{"address":"TDfmrJYeunddm8Nt8kVVLotX4Vhj8igXiM","price":"000000000000000000000000000000000000000000000000002a583c255ecf20","lu":1586014623000,"exp":1586619420000},{"address":"TDfmrJYeunddm8Nt8kVVLotX4Vhj8igXiM","price":"000000000000000000000000000000000000000000000000002a7eca11486be0","lu":1586018223000,"exp":1586623020000},{"address":"TDfmrJYeunddm8Nt8kVVLotX4Vhj8igXiM","price":"000000000000000000000000000000000000000000000000002a762365d469c0","lu":1586021823000,"exp":1586626620000},{"address":"TDfmrJYeunddm8Nt8kVVLotX4Vhj8igXiM","price":"000000000000000000000000000000000000000000000000002a73b827e8ea40","lu":1586025423000,"exp":1586630220000},{"address":"TDfmrJYeunddm8Nt8kVVLotX4Vhj8igXiM","price":"000000000000000000000000000000000000000000000000002a5557bbc4cc40","lu":1586029023000,"exp":1586633820000},{"address":"TDfmrJYeunddm8Nt8kVVLotX4Vhj8igXiM","price":"000000000000000000000000000000000000000000000000002aa873d17ec8a0","lu":1586032623000,"exp":1586637420000},{"address":"TDfmrJYeunddm8Nt8kVVLotX4Vhj8igXiM","price":"000000000000000000000000000000000000000000000000002a9f00de8dd120","lu":1586036223000,"exp":1586641020000},{"address":"TDfmrJYeunddm8Nt8kVVLotX4Vhj8igXiM","price":"000000000000000000000000000000000000000000000000002a801299de58e0","lu":1586039823000,"exp":1586644620000},{"address":"TDfmrJYeunddm8Nt8kVVLotX4Vhj8igXiM","price":"000000000000000000000000000000000000000000000000002a797acfc34720","lu":1586043423000,"exp":1586648220000},{"address":"TDfmrJYeunddm8Nt8kVVLotX4Vhj8igXiM","price":"000000000000000000000000000000000000000000000000002ab952f39c2140","lu":1586047023000,"exp":1586651820000},{"address":"TDfmrJYeunddm8Nt8kVVLotX4Vhj8igXiM","price":"000000000000000000000000000000000000000000000000002aa186bae35dc0","lu":1586050623000,"exp":1586655420000},{"address":"TDfmrJYeunddm8Nt8kVVLotX4Vhj8igXiM""
12:38:48.253 [TestNG-tests-1] DEBUG org.apache.http.wire -  << ","price":"000000000000000000000000000000000000000000000000002a9664138f4520","lu":1586054223000,"exp":1586659020000},{"address":"TDfmrJYeunddm8Nt8kVVLotX4Vhj8igXiM","price":"000000000000000000000000000000000000000000000000002a9f71dcceaaa0","lu":1586057823000,"exp":1586662620000},{"address":"TDfmrJYeunddm8Nt8kVVLotX4Vhj8igXiM","price":"000000000000000000000000000000000000000000000000002a58a17ae2a420","lu":1586061423000,"exp":1586666220000},{"address":"TDfmrJYeunddm8Nt8kVVLotX4Vhj8igXiM","price":"000000000000000000000000000000000000000000000000002a726b52025800","lu":1586065023000,"exp":1586669820000},{"address":"TDfmrJYeunddm8Nt8kVVLotX4Vhj8igXiM","price":"000000000000000000000000000000000000000000000000002a5a7999e34a80","lu":1586068623000,"exp":1586673420000},{"address":"TDfmrJYeunddm8Nt8kVVLotX4Vhj8igXiM","price":"000000000000000000000000000000000000000000000000002a536ba4139380","lu":1586072223000,"exp":1586677020000},{"address":"TDfmrJYeunddm8Nt8kVVLotX4Vhj8igXiM","price":"000000000000000000000000000000000000000000000000002a5700cd759820","lu":1586075823000,"exp":1586680620000},{"address":"TDfmrJYeunddm8Nt8kVVLotX4Vhj8igXiM","price":"000000000000000000000000000000000000000000000000002a8021458a1180","lu":1586079423000,"exp":1586684220000},{"address":"TDfmrJYeunddm8Nt8kVVLotX4Vhj8igXiM","price":"000000000000000000000000000000000000000000000000002a695a98ae9940","lu":1586083023000,"exp":1586687820000},{"address":"TDfmrJYeunddm8Nt8kVVLotX4Vhj8igXiM","price":"000000000000000000000000000000000000000000000000002a543080c36520","lu":1586086623000,"exp":1586691420000},{"address":"TDfmrJYeunddm8Nt8kVVLotX4Vhj8igXiM","price":"000000000000000000000000000000000000000000000000002a539278b1dae0","lu":1586090223000,"exp":1586695020000},{"address":"TDfmrJYeunddm8Nt8kVVLotX4Vhj8igXiM","price":"000000000000000000000000000000000000000000000000002c8603125bd160","lu":1586093823000,"exp":1586698620000},{"address":"TDfmrJYeunddm8Nt8kVVLotX4Vhj8igXiM","price":"000000000000000000000000000000000000000000000000002cb2958a41ace0","lu":1586097423000,"exp":1586702220000},{"address":"TDfmrJYeunddm8Nt8kVVLotX4Vhj8igXiM","price":"000000000000000000000000000000000000000000000000002ca492d82a4c20","lu":1586101023000,"exp":1586705820000},{"address":"TDfmrJYeunddm8Nt8kVVLotX4Vhj8igXiM","price":"000000000000000000000000000000000000000000000000002ca0aada84f560","lu":1586104623000,"exp":1586709420000},{"address":"TDfmrJYeunddm8Nt8kVVLotX4Vhj8igXiM","price":"000000000000000000000000000000000000000000000000002c112273430080","lu":1586108223000,"exp":1586713020000},{"address":"TDfmrJYeunddm8Nt8kVVLotX4Vhj8igXiM","price":"000000000000000000000000000000000000000000000000002c8a534d010520","lu":1586111"
12:38:48.255 [TestNG-tests-1] DEBUG org.apache.http.wire -  << "823000,"exp":1586716620000},{"address":"TDfmrJYeunddm8Nt8kVVLotX4Vhj8igXiM","price":"000000000000000000000000000000000000000000000000002c6d3d7c3d65a0","lu":1586115423000,"exp":1586720220000},{"address":"TDfmrJYeunddm8Nt8kVVLotX4Vhj8igXiM","price":"000000000000000000000000000000000000000000000000002c32d02871c580","lu":1586119023000,"exp":1586723820000},{"address":"TDfmrJYeunddm8Nt8kVVLotX4Vhj8igXiM","price":"000000000000000000000000000000000000000000000000002c4c89ab757120","lu":1586122623000,"exp":1586727420000},{"address":"TDfmrJYeunddm8Nt8kVVLotX4Vhj8igXiM","price":"000000000000000000000000000000000000000000000000002c6aa4a8d9dda0","lu":1586126223000,"exp":1586731020000},{"address":"TDfmrJYeunddm8Nt8kVVLotX4Vhj8igXiM","price":"000000000000000000000000000000000000000000000000002c8d9731d3a180","lu":1586129823000,"exp":1586734620000},{"address":"TDfmrJYeunddm8Nt8kVVLotX4Vhj8igXiM","price":"000000000000000000000000000000000000000000000000002d172d3855e520","lu":1586133423000,"exp":1586738220000},{"address":"TDfmrJYeunddm8Nt8kVVLotX4Vhj8igXiM","price":"000000000000000000000000000000000000000000000000002d5174209d1080","lu":1586137023000,"exp":1586741820000},{"address":"TDfmrJYeunddm8Nt8kVVLotX4Vhj8igXiM","price":"000000000000000000000000000000000000000000000000002ded32069d4f60","lu":1586140623000,"exp":1586745420000},{"address":"TDfmrJYeunddm8Nt8kVVLotX4Vhj8igXiM","price":"000000000000000000000000000000000000000000000000002dca96a5ec2000","lu":1586144223000,"exp":1586749020000},{"address":"TDfmrJYeunddm8Nt8kVVLotX4Vhj8igXiM","price":"000000000000000000000000000000000000000000000000002dd98d63b06420","lu":1586147823000,"exp":1586752620000},{"address":"TDfmrJYeunddm8Nt8kVVLotX4Vhj8igXiM","price":"000000000000000000000000000000000000000000000000002db8a1b5a4c760","lu":1586151423000,"exp":1586756220000},{"address":"TDfmrJYeunddm8Nt8kVVLotX4Vhj8igXiM","price":"000000000000000000000000000000000000000000000000002e1f0e5063a140","lu":1586155023000,"exp":1586759820000},{"address":"TDfmrJYeunddm8Nt8kVVLotX4Vhj8igXiM","price":"000000000000000000000000000000000000000000000000002def9d04063880","lu":1586158623000,"exp":1586763420000},{"address":"TDfmrJYeunddm8Nt8kVVLotX4Vhj8igXiM","price":"000000000000000000000000000000000000000000000000002e1cca8f81a520","lu":1586162223000,"exp":1586767020000},{"address":"TDfmrJYeunddm8Nt8kVVLotX4Vhj8igXiM","price":"000000000000000000000000000000000000000000000000002e6f1f1f29e9c0","lu":1586165823000,"exp":1586770620000},{"address":"TDfmrJYeunddm8Nt8kVVLotX4Vhj8igXiM","price":"000000000000000000000000000000000000000000000000002ea485a0100420","lu":1586169423000,"exp":1586774220000},{"address":"TDfmrJYeunddm8Nt8kVVLotX4Vhj8igXiM","price":"000"
12:38:48.255 [TestNG-tests-1] DEBUG org.apache.http.wire -  << "000000000000000000000000000000000000000000000002eb7e88fb6aea0","lu":1586173023000,"exp":1586777820000},{"address":"TDfmrJYeunddm8Nt8kVVLotX4Vhj8igXiM","price":"000000000000000000000000000000000000000000000000002eb4d09ce2d9c0","lu":1586176623000,"exp":1586781420000},{"address":"TDfmrJYeunddm8Nt8kVVLotX4Vhj8igXiM","price":"000000000000000000000000000000000000000000000000002f105cca5c8ee0","lu":1586180223000,"exp":1586785020000},{"address":"TDfmrJYeunddm8Nt8kVVLotX4Vhj8igXiM","price":"000000000000000000000000000000000000000000000000002ea3ea0fc47c20","lu":1586183823000,"exp":1586788620000},{"address":"TDfmrJYeunddm8Nt8kVVLotX4Vhj8igXiM","price":"000000000000000000000000000000000000000000000000002ee12fad390d40","lu":1586187423000,"exp":1586792220000},{"address":"TDfmrJYeunddm8Nt8kVVLotX4Vhj8igXiM","price":"000000000000000000000000000000000000000000000000002f7aa2919bd380","lu":1586191023000,"exp":1586795820000},{"address":"TDfmrJYeunddm8Nt8kVVLotX4Vhj8igXiM","price":"000000000000000000000000000000000000000000000000002ff02d0b4274a0","lu":1586194623000,"exp":1586799420000},{"address":"TDfmrJYeunddm8Nt8kVVLotX4Vhj8igXiM","price":"000000000000000000000000000000000000000000000000002fdb840eeed520","lu":1586198223000,"exp":1586803020000},{"address":"TDfmrJYeunddm8Nt8kVVLotX4Vhj8igXiM","price":"0000000000000000000000000000000000000000000000000030182f83e405c0","lu":1586201823000,"exp":1586806620000},{"address":"TDfmrJYeunddm8Nt8kVVLotX4Vhj8igXiM","price":"000000000000000000000000000000000000000000000000002fb1793563e860","lu":1586205423000,"exp":1586810220000},{"address":"TDfmrJYeunddm8Nt8kVVLotX4Vhj8igXiM","price":"000000000000000000000000000000000000000000000000002fc9864ba97c00","lu":1586209023000,"exp":1586813820000},{"address":"TDfmrJYeunddm8Nt8kVVLotX4Vhj8igXiM","price":"000000000000000000000000000000000000000000000000002fdbcfbe5d4e60","lu":1586212623000,"exp":1586817420000},{"address":"TDfmrJYeunddm8Nt8kVVLotX4Vhj8igXiM","price":"00000000000000000000000000000000000000000000000000305b42351eeda0","lu":1586216223000,"exp":1586821020000},{"address":"TDfmrJYeunddm8Nt8kVVLotX4Vhj8igXiM","price":"00000000000000000000000000000000000000000000000000317f70ad488d60","lu":1586219823000,"exp":1586824620000},{"address":"TDfmrJYeunddm8Nt8kVVLotX4Vhj8igXiM","price":"00000000000000000000000000000000000000000000000000310fd272620f40","lu":1586223423000,"exp":1586828220000},{"address":"TDfmrJYeunddm8Nt8kVVLotX4Vhj8igXiM","price":"00000000000000000000000000000000000000000000000000300a1a13555b60","lu":1586227023000,"exp":1586831820000},{"address":"TDfmrJYeunddm8Nt8kVVLotX4Vhj8igXiM","price":"000000000000000000000000000000000000000000000000003030b326ad91e0","lu":1586230623000,"exp":1586835420000},{"address":"TDfmrJYeunddm8Nt8kVVLotX4Vhj8igXiM","price":"000000000000000000000000000000000000000000000000003011ca9cde6cc0","lu":1586234223000,"exp":1586839020000},{"address":"TDfmrJYeunddm8Nt8kVVLotX4Vhj8igXiM","price":"0000000000000000000000000000000000000000000000000030352610b77780","lu":1586237823000,"exp":1586842620000},{"address":"TDfmrJYeunddm8Nt8kVVLotX4Vhj8igXiM","price":"00000000000000000000000000000000000000000000000000303c5d88259160","lu":1586241423000,"exp":1586846220000},{"address":"TDfmrJYeunddm8Nt8kVVLotX4Vhj8igXiM","price":"0000000000000000000000000000000000000000000000000030e0859b7acce0","lu":1586245023000,"exp":1586849820000},{"address":"TDfmrJYeunddm8Nt8kVVLotX4Vhj8igXiM","price":"0000000000000000000000000000000000000000000000000030e523eb0faa80","lu":1586248623000,"exp":1586853420000},{"address":"TDfmrJYeunddm8Nt8kVVLotX4Vhj8igXiM","price":"0000000000000000000000000000000000000000000000000030ee18dcc2ef20","lu":1586252223000,"exp":1586857020000},{"address":"TDfmrJYeunddm8Nt8kVVLotX4Vhj8igXiM","price":"00000000000000000000000000000000000000000000000000312c4374861f40","lu":1586255823000,"exp":1586860620000},{"address":"TDfmrJYeunddm8Nt8kVVLotX4Vhj8igXiM","price":"00000000000000000000000000000000000000000000000000310d643ff47c20","lu":1586259423000,"exp":1586864220000},{"address":"TDfmrJYeunddm8Nt8"
12:38:48.255 [TestNG-tests-1] DEBUG org.apache.http.wire -  << "kVVLotX4Vhj8igXiM","price":"00000000000000000000000000000000000000000000000000312e0ad2c504e0","lu":1586263023000,"exp":1586867820000},{"address":"TDfmrJYeunddm8Nt8kVVLotX4Vhj8igXiM","price":"0000000000000000000000000000000000000000000000000031494513718540","lu":1586266623000,"exp":1586871420000},{"address":"TDfmrJYeunddm8Nt8kVVLotX4Vhj8igXiM","price":"0000000000000000000000000000000000000000000000000030b623b2778780","lu":1586270223000,"exp":1586875020000},{"address":"TDfmrJYeunddm8Nt8kVVLotX4Vhj8igXiM","price":"0000000000000000000000000000000000000000000000000030e30289398740","lu":1586273823000,"exp":1586878620000},{"address":"TDfmrJYeunddm8Nt8kVVLotX4Vhj8igXiM","price":"0000000000000000000000000000000000000000000000000031210401204520","lu":1586277423000,"exp":1586882220000},{"address":"TDfmrJYeunddm8Nt8kVVLotX4Vhj8igXiM","price":"00000000000000000000000000000000000000000000000000312b61a19a7ae0","lu":1586281023000,"exp":1586885820000},{"address":"TDfmrJYeunddm8Nt8kVVLotX4Vhj8igXiM","price":"0000000000000000000000000000000000000000000000000031068b5c74c740","lu":1586284623000,"exp":1586889420000},{"address":"TDfmrJYeunddm8Nt8kVVLotX4Vhj8igXiM","price":"000000000000000000000000000000000000000000000000003116afc62c44e0","lu":1586288223000,"exp":1586893020000},{"address":"TDfmrJYeunddm8Nt8kVVLotX4Vhj8igXiM","price":"000000000000000000000000000000000000000000000000002f7c72b3089180","lu":1586291823000,"exp":1586896620000},{"address":"TDfmrJYeunddm8Nt8kVVLotX4Vhj8igXiM","price":"000000000000000000000000000000000000000000000000002f597a6d44abe0","lu":1586295423000,"exp":1586900220000},{"address":"TDfmrJYeunddm8Nt8kVVLotX4Vhj8igXiM","price":"000000000000000000000000000000000000000000000000002f7e29b0a40920","lu":1586299023000,"exp":1586903820000},{"address":"TDfmrJYeunddm8Nt8kVVLotX4Vhj8igXiM","price":"000000000000000000000000000000000000000000000000002f0d42818b6640","lu":1586302623000,"exp":1586907420000},{"address":"TDfmrJYeunddm8Nt8kVVLotX4Vhj8igXiM","price":"000000000000000000000000000000000000000000000000002f078eb6d58d80","lu":1586306223000,"exp":1586911020000},{"address":"TDfmrJYeunddm8Nt8kVVLotX4Vhj8igXiM","price":"000000000000000000000000000000000000000000000000002f1a768c1d62c0","lu":1586309823000,"exp":1586914620000},{"address":"TDfmrJYeunddm8Nt8kVVLotX4Vhj8igXiM","price":"000000000000000000000000000000000000000000000000002f5a310ad61360","lu":1586313423000,"exp":1586918220000},{"address":"TDfmrJYeunddm8Nt8kVVLotX4Vhj8igXiM","price":"000000000000000000000000000000000000000000000000002fc7b6fe2f7860","lu":1586317023000,"exp":1586921820000},{"address":"TDfmrJYeunddm8Nt8kVVLotX4Vhj8igXiM","price":"00000000000000000000000000000000000000000000000000306e3c5313"
12:38:48.255 [TestNG-tests-1] DEBUG org.apache.http.wire -  << "a140","lu":1586320623000,"exp":1586925420000},{"address":"TDfmrJYeunddm8Nt8kVVLotX4Vhj8igXiM","price":"000000000000000000000000000000000000000000000000003094fd1c73cf60","lu":1586324223000,"exp":1586929020000},{"address":"TDfmrJYeunddm8Nt8kVVLotX4Vhj8igXiM","price":"00000000000000000000000000000000000000000000000000307afdbcea55a0","lu":1586327823000,"exp":1586932620000},{"address":"TDfmrJYeunddm8Nt8kVVLotX4Vhj8igXiM","price":"00000000000000000000000000000000000000000000000000304240c16d08c0","lu":1586331423000,"exp":1586936220000},{"address":"TDfmrJYeunddm8Nt8kVVLotX4Vhj8igXiM","price":"00000000000000000000000000000000000000000000000000304b4a11fbf6e0","lu":1586335023000,"exp":1586939820000},{"address":"TDfmrJYeunddm8Nt8kVVLotX4Vhj8igXiM","price":"00000000000000000000000000000000000000000000000000304e678c181ce0","lu":1586338623000,"exp":1586943420000},{"address":"TDfmrJYeunddm8Nt8kVVLotX4Vhj8igXiM","price":"000000000000000000000000000000000000000000000000003066af0daa8360","lu":1586342223000,"exp":1586947020000},{"address":"TDfmrJYeunddm8Nt8kVVLotX4Vhj8igXiM","price":"000000000000000000000000000000000000000000000000002fd649242ebbc0","lu":1586345823000,"exp":1586950620000},{"address":"TDfmrJYeunddm8Nt8kVVLotX4Vhj8igXiM","price":"000000000000000000000000000000000000000000000000002fe2087e57cd60","lu":1586349423000,"exp":1586954220000},{"address":"TDfmrJYeunddm8Nt8kVVLotX4Vhj8igXiM","price":"000000000000000000000000000000000000000000000000002ffdd337c84780","lu":1586353023000,"exp":1586957820000},{"address":"TDfmrJYeunddm8Nt8kVVLotX4Vhj8igXiM","price":"00000000000000000000000000000000000000000000000000300544b6efdf00","lu":1586356623000,"exp":1586961420000},{"address":"TDfmrJYeunddm8Nt8kVVLotX4Vhj8igXiM","price":"0000000000000000000000000000000000000000000000000030586ec5c3c5a0","lu":1586360223000,"exp":1586965020000},{"address":"TDfmrJYeunddm8Nt8kVVLotX4Vhj8igXiM","price":"0000000000000000000000000000000000000000000000000030848e9db32fa0","lu":1586363823000,"exp":1586968620000},{"address":"TDfmrJYeunddm8Nt8kVVLotX4Vhj8igXiM","price":"00000000000000000000000000000000000000000000000000309654559419a0","lu":1586367423000,"exp":1586972220000},{"address":"TDfmrJYeunddm8Nt8kVVLotX4Vhj8igXiM","price":"00000000000000000000000000000000000000000000000000307b2faa878900","lu":1586371023000,"exp":1586975820000},{"address":"TDfmrJYeunddm8Nt8kVVLotX4Vhj8igXiM","price":"000000000000000000000000000000000000000000000000003058f6512cc880","lu":1586374623000,"exp":1586979420000},{"address":"TDfmrJYeunddm8Nt8kVVLotX4Vhj8igXiM","price":"00000000000000000000000000000000000000000000000000309a3876747060","lu":1586378223000,"exp":1586983020000},{"address":"TDfmrJYeunddm8Nt8kVVLotX4Vhj8i"
12:38:48.256 [TestNG-tests-1] DEBUG org.apache.http.wire -  << "gXiM","price":"0000000000000000000000000000000000000000000000000030a501cd75a0e0","lu":1586381823000,"exp":1586986620000},{"address":"TDfmrJYeunddm8Nt8kVVLotX4Vhj8igXiM","price":"000000000000000000000000000000000000000000000000003093c86da9d360","lu":1586385423000,"exp":1586990220000},{"address":"TDfmrJYeunddm8Nt8kVVLotX4Vhj8igXiM","price":"0000000000000000000000000000000000000000000000000030b49ac6b622e0","lu":1586389023000,"exp":1586993820000},{"address":"TDfmrJYeunddm8Nt8kVVLotX4Vhj8igXiM","price":"0000000000000000000000000000000000000000000000000030d01a3ca847e0","lu":1586392623000,"exp":1586997420000},{"address":"TDfmrJYeunddm8Nt8kVVLotX4Vhj8igXiM","price":"0000000000000000000000000000000000000000000000000030947d73383dc0","lu":1586396223000,"exp":1587001020000},{"address":"TDfmrJYeunddm8Nt8kVVLotX4Vhj8igXiM","price":"000000000000000000000000000000000000000000000000003059a3fad64840","lu":1586399823000,"exp":1587004620000},{"address":"TDfmrJYeunddm8Nt8kVVLotX4Vhj8igXiM","price":"00000000000000000000000000000000000000000000000000306574117fa060","lu":1586403423000,"exp":1587008220000},{"address":"TDfmrJYeunddm8Nt8kVVLotX4Vhj8igXiM","price":"00000000000000000000000000000000000000000000000000301ae1f4fe9400","lu":1586407023000,"exp":1587011820000},{"address":"TDfmrJYeunddm8Nt8kVVLotX4Vhj8igXiM","price":"0000000000000000000000000000000000000000000000000030405b0eb29e20","lu":1586410623000,"exp":1587015420000},{"address":"TDfmrJYeunddm8Nt8kVVLotX4Vhj8igXiM","price":"000000000000000000000000000000000000000000000000003049835fd5c4e0","lu":1586414223000,"exp":1587019020000},{"address":"TDfmrJYeunddm8Nt8kVVLotX4Vhj8igXiM","price":"00000000000000000000000000000000000000000000000000304bdf1b697dc0","lu":1586417823000,"exp":1587022620000},{"address":"TDfmrJYeunddm8Nt8kVVLotX4Vhj8igXiM","price":"00000000000000000000000000000000000000000000000000306d8c9ad1c800","lu":1586421423000,"exp":1587026220000},{"address":"TDfmrJYeunddm8Nt8kVVLotX4Vhj8igXiM","price":"000000000000000000000000000000000000000000000000003064fe20179a40","lu":1586425023000,"exp":1587029820000},{"address":"TDfmrJYeunddm8Nt8kVVLotX4Vhj8igXiM","price":"000000000000000000000000000000000000000000000000003062a6fa19cec0","lu":1586428623000,"exp":1587033420000},{"address":"TDfmrJYeunddm8Nt8kVVLotX4Vhj8igXiM","price":"000000000000000000000000000000000000000000000000003086120c1d6da0","lu":1586432223000,"exp":1587037020000},{"address":"TDfmrJYeunddm8Nt8kVVLotX4Vhj8igXiM","price":"000000000000000000000000000000000000000000000000002fd34128fff980","lu":1586435823000,"exp":1587040620000},{"address":"TDfmrJYeunddm8Nt8kVVLotX4Vhj8igXiM","price":"000000000000000000000000000000000000000000000000003020f917813240","lu":15"
12:38:48.484 [TestNG-tests-1] DEBUG org.apache.http.wire -  << "86439423000,"exp":1587044220000},{"address":"TDfmrJYeunddm8Nt8kVVLotX4Vhj8igXiM","price":"000000000000000000000000000000000000000000000000003028089a286720","lu":1586443023000,"exp":1587047820000},{"address":"TDfmrJYeunddm8Nt8kVVLotX4Vhj8igXiM","price":"000000000000000000000000000000000000000000000000002fff1b9a30f360","lu":1586446623000,"exp":1587051420000},{"address":"TDfmrJYeunddm8Nt8kVVLotX4Vhj8igXiM","price":"000000000000000000000000000000000000000000000000002fbfa596001e20","lu":1586450223000,"exp":1587055020000},{"address":"TDfmrJYeunddm8Nt8kVVLotX4Vhj8igXiM","price":"000000000000000000000000000000000000000000000000002fbca4e8299ae0","lu":1586453823000,"exp":1587058620000},{"address":"TDfmrJYeunddm8Nt8kVVLotX4Vhj8igXiM","price":"000000000000000000000000000000000000000000000000002fcb764fcb3de0","lu":1586457423000,"exp":1587062220000},{"address":"TDfmrJYeunddm8Nt8kVVLotX4Vhj8igXiM","price":"000000000000000000000000000000000000000000000000002fa3f622c94960","lu":1586461023000,"exp":1587065820000},{"address":"TDfmrJYeunddm8Nt8kVVLotX4Vhj8igXiM","price":"000000000000000000000000000000000000000000000000002f7b20cd4f5860","lu":1586464623000,"exp":1587069420000},{"address":"TDfmrJYeunddm8Nt8kVVLotX4Vhj8igXiM","price":"000000000000000000000000000000000000000000000000002fb921666427e0","lu":1586468223000,"exp":1587073020000},{"address":"TDfmrJYeunddm8Nt8kVVLotX4Vhj8igXiM","price":"000000000000000000000000000000000000000000000000002fd0429ed85f00","lu":1586471823000,"exp":1587076620000},{"address":"TDfmrJYeunddm8Nt8kVVLotX4Vhj8igXiM","price":"000000000000000000000000000000000000000000000000002fcaacbd9bf0a0","lu":1586475423000,"exp":1587080220000},{"address":"TDfmrJYeunddm8Nt8kVVLotX4Vhj8igXiM","price":"000000000000000000000000000000000000000000000000002ff9b88058c200","lu":1586479023000,"exp":1587083820000},{"address":"TDfmrJYeunddm8Nt8kVVLotX4Vhj8igXiM","price":"000000000000000000000000000000000000000000000000002fa4cbf1ea95c0","lu":1586482623000,"exp":1587087420000},{"address":"TDfmrJYeunddm8Nt8kVVLotX4Vhj8igXiM","price":"000000000000000000000000000000000000000000000000002f7add23ce8920","lu":1586486223000,"exp":1587091020000},{"address":"TDfmrJYeunddm8Nt8kVVLotX4Vhj8igXiM","price":"000000000000000000000000000000000000000000000000002f12185af324c0","lu":1586489823000,"exp":1587094620000},{"address":"TDfmrJYeunddm8Nt8kVVLotX4Vhj8igXiM","price":"000000000000000000000000000000000000000000000000002e08360b6deda0","lu":1586493423000,"exp":1587098220000}],"feedAddress":"TDfmrJYeunddm8Nt8kVVLotX4Vhj8igXiM"}],"message":"SUCCESS"}"
12:38:48.484 [TestNG-tests-1] DEBUG org.apache.http.impl.conn.DefaultClientConnection - Connection 0.0.0.0:53163<->3.12.242.83:80 closed
12:38:48.484 [TestNG-tests-1] DEBUG org.apache.http.impl.conn.PoolingClientConnectionManager - Connection released: [id: 11][route: {}->http://api.just.network:80][total kept alive: 0; route allocated: 0 of 80; total allocated: 0 of 100]
12:38:48.486 [TestNG-tests-1] INFO tron.common.TronscanApiList - ----------------------------Print JSON Start---------------------------
12:38:48.486 [TestNG-tests-1] INFO tron.common.TronscanApiList - code:0
12:38:48.489 [TestNG-tests-1] INFO tron.common.TronscanApiList - data:[{"feedEventDTOList":[{"address":"TUvDoufTvAQcb8ATHCk2HroKUZ1ohYoX2j","price":"000000000000000000000000000000000000000000000000002aba7a164d7900","lu":1585907103000,"exp":1586511900000},{"address":"TUvDoufTvAQcb8ATHCk2HroKUZ1ohYoX2j","price":"000000000000000000000000000000000000000000000000002ae32fdeb7c0c0","lu":1585910703000,"exp":1586515500000},{"address":"TUvDoufTvAQcb8ATHCk2HroKUZ1ohYoX2j","price":"000000000000000000000000000000000000000000000000002b0537c1d72200","lu":1585914303000,"exp":1586519100000},{"address":"TUvDoufTvAQcb8ATHCk2HroKUZ1ohYoX2j","price":"000000000000000000000000000000000000000000000000002ad5ae51920f40","lu":1585917903000,"exp":1586522700000},{"address":"TUvDoufTvAQcb8ATHCk2HroKUZ1ohYoX2j","price":"000000000000000000000000000000000000000000000000002aa618b72aa9e0","lu":1585921503000,"exp":1586526300000},{"address":"TUvDoufTvAQcb8ATHCk2HroKUZ1ohYoX2j","price":"000000000000000000000000000000000000000000000000002a3bef2da10f40","lu":1585925103000,"exp":1586529900000},{"address":"TUvDoufTvAQcb8ATHCk2HroKUZ1ohYoX2j","price":"000000000000000000000000000000000000000000000000002a146de8d7dfe0","lu":1585928703000,"exp":1586533500000},{"address":"TUvDoufTvAQcb8ATHCk2HroKUZ1ohYoX2j","price":"000000000000000000000000000000000000000000000000002a08fdcadd5ae0","lu":1585932303000,"exp":1586537100000},{"address":"TUvDoufTvAQcb8ATHCk2HroKUZ1ohYoX2j","price":"000000000000000000000000000000000000000000000000002a51f9943ed5a0","lu":1585935903000,"exp":1586540700000},{"address":"TUvDoufTvAQcb8ATHCk2HroKUZ1ohYoX2j","price":"000000000000000000000000000000000000000000000000002a54f68ed59ea0","lu":1585939503000,"exp":1586544300000},{"address":"TUvDoufTvAQcb8ATHCk2HroKUZ1ohYoX2j","price":"000000000000000000000000000000000000000000000000002a3ae5b0bf5ae0","lu":1585943103000,"exp":1586547900000},{"address":"TUvDoufTvAQcb8ATHCk2HroKUZ1ohYoX2j","price":"000000000000000000000000000000000000000000000000002a4e20742eed40","lu":1585946703000,"exp":1586551500000},{"address":"TUvDoufTvAQcb8ATHCk2HroKUZ1ohYoX2j","price":"000000000000000000000000000000000000000000000000002a48ca2cdca960","lu":1585950303000,"exp":1586555100000},{"address":"TUvDoufTvAQcb8ATHCk2HroKUZ1ohYoX2j","price":"000000000000000000000000000000000000000000000000002a492c533ad200","lu":1585953903000,"exp":1586558700000},{"address":"TUvDoufTvAQcb8ATHCk2HroKUZ1ohYoX2j","price":"000000000000000000000000000000000000000000000000002a514f39c007c0","lu":1585957503000,"exp":1586562300000},{"address":"TUvDoufTvAQcb8ATHCk2HroKUZ1ohYoX2j","price":"000000000000000000000000000000000000000000000000002a920454ca0de0","lu":1585961103000,"exp":1586565900000},{"address":"TUvDoufTvAQcb8ATHCk2HroKUZ1ohYoX2j","price":"000000000000000000000000000000000000000000000000002aa29849447740","lu":1585964703000,"exp":1586569500000},{"address":"TUvDoufTvAQcb8ATHCk2HroKUZ1ohYoX2j","price":"000000000000000000000000000000000000000000000000002a715aa2b95da0","lu":1585968303000,"exp":1586573100000},{"address":"TUvDoufTvAQcb8ATHCk2HroKUZ1ohYoX2j","price":"0000000000000000000000000000000000000000000000000029e67c5236e780","lu":1585971903000,"exp":1586576700000},{"address":"TUvDoufTvAQcb8ATHCk2HroKUZ1ohYoX2j","price":"000000000000000000000000000000000000000000000000002a018a24a2a100","lu":1585975503000,"exp":1586580300000},{"address":"TUvDoufTvAQcb8ATHCk2HroKUZ1ohYoX2j","price":"000000000000000000000000000000000000000000000000002a0e79f5895f60","lu":1585979103000,"exp":1586583900000},{"address":"TUvDoufTvAQcb8ATHCk2HroKUZ1ohYoX2j","price":"000000000000000000000000000000000000000000000000002a03f1b2126840","lu":1585982703000,"exp":1586587500000},{"address":"TUvDoufTvAQcb8ATHCk2HroKUZ1ohYoX2j","price":"0000000000000000000000000000000000000000000000000029f186d8c15f00","lu":1585986303000,"exp":1586591100000},{"address":"TUvDoufTvAQcb8ATHCk2HroKUZ1ohYoX2j","price":"000000000000000000000000000000000000000000000000002a672ecccd2300","lu":1585989903000,"exp":1586594700000},{"address":"TUvDoufTvAQcb8ATHCk2HroKUZ1ohYoX2j","price":"000000000000000000000000000000000000000000000000002a84b19b27c440","lu":1585993503000,"exp":1586598300000},{"address":"TUvDoufTvAQcb8ATHCk2HroKUZ1ohYoX2j","price":"000000000000000000000000000000000000000000000000002a905ae3aa6920","lu":1585997103000,"exp":1586601900000},{"address":"TUvDoufTvAQcb8ATHCk2HroKUZ1ohYoX2j","price":"000000000000000000000000000000000000000000000000002a7002c2375820","lu":1586000703000,"exp":1586605500000},{"address":"TUvDoufTvAQcb8ATHCk2HroKUZ1ohYoX2j","price":"000000000000000000000000000000000000000000000000002a58a6ee4ebac0","lu":1586004303000,"exp":1586609100000},{"address":"TUvDoufTvAQcb8ATHCk2HroKUZ1ohYoX2j","price":"000000000000000000000000000000000000000000000000002a38b7ac526860","lu":1586007903000,"exp":1586612700000},{"address":"TUvDoufTvAQcb8ATHCk2HroKUZ1ohYoX2j","price":"000000000000000000000000000000000000000000000000002a3491f0f5f240","lu":1586011503000,"exp":1586616300000},{"address":"TUvDoufTvAQcb8ATHCk2HroKUZ1ohYoX2j","price":"000000000000000000000000000000000000000000000000002a5296fdfaed60","lu":1586015103000,"exp":1586619900000},{"address":"TUvDoufTvAQcb8ATHCk2HroKUZ1ohYoX2j","price":"000000000000000000000000000000000000000000000000002a793358812840","lu":1586018703000,"exp":1586623500000},{"address":"TUvDoufTvAQcb8ATHCk2HroKUZ1ohYoX2j","price":"000000000000000000000000000000000000000000000000002a77c7f265c280","lu":1586022303000,"exp":1586627100000},{"address":"TUvDoufTvAQcb8ATHCk2HroKUZ1ohYoX2j","price":"000000000000000000000000000000000000000000000000002a6aa331996ec0","lu":1586025903000,"exp":1586630700000},{"address":"TUvDoufTvAQcb8ATHCk2HroKUZ1ohYoX2j","price":"000000000000000000000000000000000000000000000000002a60746a2797a0","lu":1586029503000,"exp":1586634300000},{"address":"TUvDoufTvAQcb8ATHCk2HroKUZ1ohYoX2j","price":"000000000000000000000000000000000000000000000000002a695f5bc38f40","lu":1586033103000,"exp":1586637900000},{"address":"TUvDoufTvAQcb8ATHCk2HroKUZ1ohYoX2j","price":"000000000000000000000000000000000000000000000000002a963d94564220","lu":1586036703000,"exp":1586641500000},{"address":"TUvDoufTvAQcb8ATHCk2HroKUZ1ohYoX2j","price":"000000000000000000000000000000000000000000000000002aa063d468ec20","lu":1586040303000,"exp":1586645100000},{"address":"TUvDoufTvAQcb8ATHCk2HroKUZ1ohYoX2j","price":"000000000000000000000000000000000000000000000000002a79c4119b7840","lu":1586043903000,"exp":1586648700000},{"address":"TUvDoufTvAQcb8ATHCk2HroKUZ1ohYoX2j","price":"000000000000000000000000000000000000000000000000002aabc87499e860","lu":1586047503000,"exp":1586652300000},{"address":"TUvDoufTvAQcb8ATHCk2HroKUZ1ohYoX2j","price":"000000000000000000000000000000000000000000000000002aab2bbfb1ede0","lu":1586051103000,"exp":1586655900000},{"address":"TUvDoufTvAQcb8ATHCk2HroKUZ1ohYoX2j","price":"000000000000000000000000000000000000000000000000002a9d1cbc6f3f60","lu":1586054703000,"exp":1586659500000},{"address":"TUvDoufTvAQcb8ATHCk2HroKUZ1ohYoX2j","price":"000000000000000000000000000000000000000000000000002a9ac4e93e76a0","lu":1586058303000,"exp":1586663100000},{"address":"TUvDoufTvAQcb8ATHCk2HroKUZ1ohYoX2j","price":"000000000000000000000000000000000000000000000000002a6163ae4101c0","lu":1586061903000,"exp":1586666700000},{"address":"TUvDoufTvAQcb8ATHCk2HroKUZ1ohYoX2j","price":"000000000000000000000000000000000000000000000000002a83b122b3b420","lu":1586065503000,"exp":1586670300000},{"address":"TUvDoufTvAQcb8ATHCk2HroKUZ1ohYoX2j","price":"000000000000000000000000000000000000000000000000002a5051599a3920","lu":1586069103000,"exp":1586673900000},{"address":"TUvDoufTvAQcb8ATHCk2HroKUZ1ohYoX2j","price":"000000000000000000000000000000000000000000000000002a50963c50eae0","lu":1586072703000,"exp":1586677500000},{"address":"TUvDoufTvAQcb8ATHCk2HroKUZ1ohYoX2j","price":"000000000000000000000000000000000000000000000000002a5be86fd7c700","lu":1586076303000,"exp":1586681100000},{"address":"TUvDoufTvAQcb8ATHCk2HroKUZ1ohYoX2j","price":"000000000000000000000000000000000000000000000000002a66f87f21ed60","lu":1586079903000,"exp":1586684700000},{"address":"TUvDoufTvAQcb8ATHCk2HroKUZ1ohYoX2j","price":"000000000000000000000000000000000000000000000000002a674a9f6e62e0","lu":1586083503000,"exp":1586688300000},{"address":"TUvDoufTvAQcb8ATHCk2HroKUZ1ohYoX2j","price":"000000000000000000000000000000000000000000000000002a5a88d04ce540","lu":1586087103000,"exp":1586691900000},{"address":"TUvDoufTvAQcb8ATHCk2HroKUZ1ohYoX2j","price":"000000000000000000000000000000000000000000000000002a5ce8927a3c60","lu":1586090703000,"exp":1586695500000},{"address":"TUvDoufTvAQcb8ATHCk2HroKUZ1ohYoX2j","price":"000000000000000000000000000000000000000000000000002cad363786f6e0","lu":1586094303000,"exp":1586699100000},{"address":"TUvDoufTvAQcb8ATHCk2HroKUZ1ohYoX2j","price":"000000000000000000000000000000000000000000000000002c685373739dc0","lu":1586097903000,"exp":1586702700000},{"address":"TUvDoufTvAQcb8ATHCk2HroKUZ1ohYoX2j","price":"000000000000000000000000000000000000000000000000002cb224797beb80","lu":1586101503000,"exp":1586706300000},{"address":"TUvDoufTvAQcb8ATHCk2HroKUZ1ohYoX2j","price":"000000000000000000000000000000000000000000000000002c7ca9931ae740","lu":1586105103000,"exp":1586709900000},{"address":"TUvDoufTvAQcb8ATHCk2HroKUZ1ohYoX2j","price":"000000000000000000000000000000000000000000000000002c1ad07221b400","lu":1586108703000,"exp":1586713500000},{"address":"TUvDoufTvAQcb8ATHCk2HroKUZ1ohYoX2j","price":"000000000000000000000000000000000000000000000000002c8e1343b61c80","lu":1586112303000,"exp":1586717100000},{"address":"TUvDoufTvAQcb8ATHCk2HroKUZ1ohYoX2j","price":"000000000000000000000000000000000000000000000000002c5a778835bca0","lu":1586115903000,"exp":1586720700000},{"address":"TUvDoufTvAQcb8ATHCk2HroKUZ1ohYoX2j","price":"000000000000000000000000000000000000000000000000002c3f68cf9d2580","lu":1586119503000,"exp":1586724300000},{"address":"TUvDoufTvAQcb8ATHCk2HroKUZ1ohYoX2j","price":"000000000000000000000000000000000000000000000000002c4f127c870d20","lu":1586123103000,"exp":1586727900000},{"address":"TUvDoufTvAQcb8ATHCk2HroKUZ1ohYoX2j","price":"000000000000000000000000000000000000000000000000002c62e82ccf80c0","lu":1586126703000,"exp":1586731500000},{"address":"TUvDoufTvAQcb8ATHCk2HroKUZ1ohYoX2j","price":"000000000000000000000000000000000000000000000000002ca5c1dcac0100","lu":1586130303000,"exp":1586735100000},{"address":"TUvDoufTvAQcb8ATHCk2HroKUZ1ohYoX2j","price":"000000000000000000000000000000000000000000000000002d255ad255c420","lu":1586133903000,"exp":1586738700000},{"address":"TUvDoufTvAQcb8ATHCk2HroKUZ1ohYoX2j","price":"000000000000000000000000000000000000000000000000002d74ab0abd7e80","lu":1586137503000,"exp":1586742300000},{"address":"TUvDoufTvAQcb8ATHCk2HroKUZ1ohYoX2j","price":"000000000000000000000000000000000000000000000000002dea3ba1ce4740","lu":1586141103000,"exp":1586745900000},{"address":"TUvDoufTvAQcb8ATHCk2HroKUZ1ohYoX2j","price":"000000000000000000000000000000000000000000000000002dd9c1d08e9420","lu":1586144703000,"exp":1586749500000},{"address":"TUvDoufTvAQcb8ATHCk2HroKUZ1ohYoX2j","price":"000000000000000000000000000000000000000000000000002dd8770dcb13a0","lu":1586148303000,"exp":1586753100000},{"address":"TUvDoufTvAQcb8ATHCk2HroKUZ1ohYoX2j","price":"000000000000000000000000000000000000000000000000002db7a0dfb65b60","lu":1586151903000,"exp":1586756700000},{"address":"TUvDoufTvAQcb8ATHCk2HroKUZ1ohYoX2j","price":"000000000000000000000000000000000000000000000000002e4b32eef56dc0","lu":1586155503000,"exp":1586760300000},{"address":"TUvDoufTvAQcb8ATHCk2HroKUZ1ohYoX2j","price":"000000000000000000000000000000000000000000000000002e27a1f19ce760","lu":1586159103000,"exp":1586763900000},{"address":"TUvDoufTvAQcb8ATHCk2HroKUZ1ohYoX2j","price":"000000000000000000000000000000000000000000000000002e2bf02be714c0","lu":1586162703000,"exp":1586767500000},{"address":"TUvDoufTvAQcb8ATHCk2HroKUZ1ohYoX2j","price":"000000000000000000000000000000000000000000000000002e66eb90cb9920","lu":1586166303000,"exp":1586771100000},{"address":"TUvDoufTvAQcb8ATHCk2HroKUZ1ohYoX2j","price":"000000000000000000000000000000000000000000000000002eb699b3bf4b40","lu":1586169903000,"exp":1586774700000},{"address":"TUvDoufTvAQcb8ATHCk2HroKUZ1ohYoX2j","price":"000000000000000000000000000000000000000000000000002eb16a71917ce0","lu":1586173503000,"exp":1586778300000},{"address":"TUvDoufTvAQcb8ATHCk2HroKUZ1ohYoX2j","price":"000000000000000000000000000000000000000000000000002ef2011da2fc80","lu":1586177103000,"exp":1586781900000},{"address":"TUvDoufTvAQcb8ATHCk2HroKUZ1ohYoX2j","price":"000000000000000000000000000000000000000000000000002ebd0687452800","lu":1586180703000,"exp":1586785500000},{"address":"TUvDoufTvAQcb8ATHCk2HroKUZ1ohYoX2j","price":"000000000000000000000000000000000000000000000000002ea6f6bb7283a0","lu":1586184303000,"exp":1586789100000},{"address":"TUvDoufTvAQcb8ATHCk2HroKUZ1ohYoX2j","price":"000000000000000000000000000000000000000000000000002ef2d883f4b3c0","lu":1586187903000,"exp":1586792700000},{"address":"TUvDoufTvAQcb8ATHCk2HroKUZ1ohYoX2j","price":"000000000000000000000000000000000000000000000000002fa81b97c42b80","lu":1586191503000,"exp":1586796300000},{"address":"TUvDoufTvAQcb8ATHCk2HroKUZ1ohYoX2j","price":"00000000000000000000000000000000000000000000000000300b2f860a4560","lu":1586195103000,"exp":1586799900000},{"address":"TUvDoufTvAQcb8ATHCk2HroKUZ1ohYoX2j","price":"000000000000000000000000000000000000000000000000002fd92754b809a0","lu":1586198703000,"exp":1586803500000},{"address":"TUvDoufTvAQcb8ATHCk2HroKUZ1ohYoX2j","price":"000000000000000000000000000000000000000000000000003017a50bb70d20","lu":1586202303000,"exp":1586807100000},{"address":"TUvDoufTvAQcb8ATHCk2HroKUZ1ohYoX2j","price":"000000000000000000000000000000000000000000000000002fa7593871a260","lu":1586205903000,"exp":1586810700000},{"address":"TUvDoufTvAQcb8ATHCk2HroKUZ1ohYoX2j","price":"000000000000000000000000000000000000000000000000002fe49b5a33aa40","lu":1586209503000,"exp":1586814300000},{"address":"TUvDoufTvAQcb8ATHCk2HroKUZ1ohYoX2j","price":"000000000000000000000000000000000000000000000000002fe04b47286700","lu":1586213103000,"exp":1586817900000},{"address":"TUvDoufTvAQcb8ATHCk2HroKUZ1ohYoX2j","price":"00000000000000000000000000000000000000000000000000308f617f5e5600","lu":1586216703000,"exp":1586821500000},{"address":"TUvDoufTvAQcb8ATHCk2HroKUZ1ohYoX2j","price":"00000000000000000000000000000000000000000000000000314bb8f03e42e0","lu":1586220303000,"exp":1586825100000},{"address":"TUvDoufTvAQcb8ATHCk2HroKUZ1ohYoX2j","price":"00000000000000000000000000000000000000000000000000311e170a6cb680","lu":1586223903000,"exp":1586828700000},{"address":"TUvDoufTvAQcb8ATHCk2HroKUZ1ohYoX2j","price":"000000000000000000000000000000000000000000000000002ffc46832437e0","lu":1586227503000,"exp":1586832300000},{"address":"TUvDoufTvAQcb8ATHCk2HroKUZ1ohYoX2j","price":"00000000000000000000000000000000000000000000000000304060d6e6cec0","lu":1586231103000,"exp":1586835900000},{"address":"TUvDoufTvAQcb8ATHCk2HroKUZ1ohYoX2j","price":"0000000000000000000000000000000000000000000000000030141d3c0243e0","lu":1586234703000,"exp":1586839500000},{"address":"TUvDoufTvAQcb8ATHCk2HroKUZ1ohYoX2j","price":"00000000000000000000000000000000000000000000000000303304a79bc1c0","lu":1586238303000,"exp":1586843100000},{"address":"TUvDoufTvAQcb8ATHCk2HroKUZ1ohYoX2j","price":"00000000000000000000000000000000000000000000000000303be409d2be60","lu":1586241903000,"exp":1586846700000},{"address":"TUvDoufTvAQcb8ATHCk2HroKUZ1ohYoX2j","price":"0000000000000000000000000000000000000000000000000030f65cff0edde0","lu":1586245503000,"exp":1586850300000},{"address":"TUvDoufTvAQcb8ATHCk2HroKUZ1ohYoX2j","price":"0000000000000000000000000000000000000000000000000030ee67fecb73e0","lu":1586249103000,"exp":1586853900000},{"address":"TUvDoufTvAQcb8ATHCk2HroKUZ1ohYoX2j","price":"0000000000000000000000000000000000000000000000000030fde99d17c720","lu":1586252703000,"exp":1586857500000},{"address":"TUvDoufTvAQcb8ATHCk2HroKUZ1ohYoX2j","price":"00000000000000000000000000000000000000000000000000313d35f5f11280","lu":1586256303000,"exp":1586861100000},{"address":"TUvDoufTvAQcb8ATHCk2HroKUZ1ohYoX2j","price":"000000000000000000000000000000000000000000000000003102be2b3111a0","lu":1586259903000,"exp":1586864700000},{"address":"TUvDoufTvAQcb8ATHCk2HroKUZ1ohYoX2j","price":"0000000000000000000000000000000000000000000000000031112d206df620","lu":1586263503000,"exp":1586868300000},{"address":"TUvDoufTvAQcb8ATHCk2HroKUZ1ohYoX2j","price":"000000000000000000000000000000000000000000000000003130441d7f1800","lu":1586267103000,"exp":1586871900000},{"address":"TUvDoufTvAQcb8ATHCk2HroKUZ1ohYoX2j","price":"0000000000000000000000000000000000000000000000000030b35c51e5f6a0","lu":1586270703000,"exp":1586875500000},{"address":"TUvDoufTvAQcb8ATHCk2HroKUZ1ohYoX2j","price":"0000000000000000000000000000000000000000000000000030f16eee5bc640","lu":1586274303000,"exp":1586879100000},{"address":"TUvDoufTvAQcb8ATHCk2HroKUZ1ohYoX2j","price":"00000000000000000000000000000000000000000000000000312f9ebf1e62c0","lu":1586277903000,"exp":1586882700000},{"address":"TUvDoufTvAQcb8ATHCk2HroKUZ1ohYoX2j","price":"000000000000000000000000000000000000000000000000003118d368d0c2a0","lu":1586281503000,"exp":1586886300000},{"address":"TUvDoufTvAQcb8ATHCk2HroKUZ1ohYoX2j","price":"00000000000000000000000000000000000000000000000000310aad299e91e0","lu":1586285103000,"exp":1586889900000},{"address":"TUvDoufTvAQcb8ATHCk2HroKUZ1ohYoX2j","price":"00000000000000000000000000000000000000000000000000311e4e27182bc0","lu":1586288703000,"exp":1586893500000},{"address":"TUvDoufTvAQcb8ATHCk2HroKUZ1ohYoX2j","price":"000000000000000000000000000000000000000000000000002f5ccf7789b520","lu":1586292303000,"exp":1586897100000},{"address":"TUvDoufTvAQcb8ATHCk2HroKUZ1ohYoX2j","price":"000000000000000000000000000000000000000000000000002f82c5ebec4920","lu":1586295903000,"exp":1586900700000},{"address":"TUvDoufTvAQcb8ATHCk2HroKUZ1ohYoX2j","price":"000000000000000000000000000000000000000000000000002f6612cb816460","lu":1586299503000,"exp":1586904300000},{"address":"TUvDoufTvAQcb8ATHCk2HroKUZ1ohYoX2j","price":"000000000000000000000000000000000000000000000000002ef9e5bd19c5a0","lu":1586303103000,"exp":1586907900000},{"address":"TUvDoufTvAQcb8ATHCk2HroKUZ1ohYoX2j","price":"000000000000000000000000000000000000000000000000002f1429f7bbde60","lu":1586306703000,"exp":1586911500000},{"address":"TUvDoufTvAQcb8ATHCk2HroKUZ1ohYoX2j","price":"000000000000000000000000000000000000000000000000002f16f61ccf14a0","lu":1586310303000,"exp":1586915100000},{"address":"TUvDoufTvAQcb8ATHCk2HroKUZ1ohYoX2j","price":"000000000000000000000000000000000000000000000000002f68eeee1d3ec0","lu":1586313903000,"exp":1586918700000},{"address":"TUvDoufTvAQcb8ATHCk2HroKUZ1ohYoX2j","price":"00000000000000000000000000000000000000000000000000300a9954746620","lu":1586317503000,"exp":1586922300000},{"address":"TUvDoufTvAQcb8ATHCk2HroKUZ1ohYoX2j","price":"00000000000000000000000000000000000000000000000000307199e4bae4e0","lu":1586321103000,"exp":1586925900000},{"address":"TUvDoufTvAQcb8ATHCk2HroKUZ1ohYoX2j","price":"00000000000000000000000000000000000000000000000000308d64b6eddf40","lu":1586324703000,"exp":1586929500000},{"address":"TUvDoufTvAQcb8ATHCk2HroKUZ1ohYoX2j","price":"000000000000000000000000000000000000000000000000003058ae518f2180","lu":1586328303000,"exp":1586933100000},{"address":"TUvDoufTvAQcb8ATHCk2HroKUZ1ohYoX2j","price":"00000000000000000000000000000000000000000000000000305dfc59569620","lu":1586331903000,"exp":1586936700000},{"address":"TUvDoufTvAQcb8ATHCk2HroKUZ1ohYoX2j","price":"00000000000000000000000000000000000000000000000000304a159eacb9c0","lu":1586335503000,"exp":1586940300000},{"address":"TUvDoufTvAQcb8ATHCk2HroKUZ1ohYoX2j","price":"000000000000000000000000000000000000000000000000003033dae5eb4640","lu":1586339103000,"exp":1586943900000},{"address":"TUvDoufTvAQcb8ATHCk2HroKUZ1ohYoX2j","price":"000000000000000000000000000000000000000000000000003044d0bfa10a40","lu":1586342703000,"exp":1586947500000},{"address":"TUvDoufTvAQcb8ATHCk2HroKUZ1ohYoX2j","price":"000000000000000000000000000000000000000000000000002fec340bc1b6e0","lu":1586346303000,"exp":1586951100000},{"address":"TUvDoufTvAQcb8ATHCk2HroKUZ1ohYoX2j","price":"000000000000000000000000000000000000000000000000002feb78f9a45460","lu":1586349903000,"exp":1586954700000},{"address":"TUvDoufTvAQcb8ATHCk2HroKUZ1ohYoX2j","price":"000000000000000000000000000000000000000000000000002ffea744689920","lu":1586353503000,"exp":1586958300000},{"address":"TUvDoufTvAQcb8ATHCk2HroKUZ1ohYoX2j","price":"0000000000000000000000000000000000000000000000000030066b0095dc00","lu":1586357103000,"exp":1586961900000},{"address":"TUvDoufTvAQcb8ATHCk2HroKUZ1ohYoX2j","price":"0000000000000000000000000000000000000000000000000030425f4d159d60","lu":1586360703000,"exp":1586965500000},{"address":"TUvDoufTvAQcb8ATHCk2HroKUZ1ohYoX2j","price":"0000000000000000000000000000000000000000000000000030a5923f1599e0","lu":1586364303000,"exp":1586969100000},{"address":"TUvDoufTvAQcb8ATHCk2HroKUZ1ohYoX2j","price":"00000000000000000000000000000000000000000000000000308d62251731e0","lu":1586367903000,"exp":1586972700000},{"address":"TUvDoufTvAQcb8ATHCk2HroKUZ1ohYoX2j","price":"00000000000000000000000000000000000000000000000000307e837c2497e0","lu":1586371503000,"exp":1586976300000},{"address":"TUvDoufTvAQcb8ATHCk2HroKUZ1ohYoX2j","price":"00000000000000000000000000000000000000000000000000304884777a53e0","lu":1586375103000,"exp":1586979900000},{"address":"TUvDoufTvAQcb8ATHCk2HroKUZ1ohYoX2j","price":"00000000000000000000000000000000000000000000000000308f33e4ac1b60","lu":1586378703000,"exp":1586983500000},{"address":"TUvDoufTvAQcb8ATHCk2HroKUZ1ohYoX2j","price":"0000000000000000000000000000000000000000000000000030b41ab0d1cb80","lu":1586382303000,"exp":1586987100000},{"address":"TUvDoufTvAQcb8ATHCk2HroKUZ1ohYoX2j","price":"0000000000000000000000000000000000000000000000000030939801e66560","lu":1586385903000,"exp":1586990700000},{"address":"TUvDoufTvAQcb8ATHCk2HroKUZ1ohYoX2j","price":"0000000000000000000000000000000000000000000000000030b3f8010e7ee0","lu":1586389503000,"exp":1586994300000},{"address":"TUvDoufTvAQcb8ATHCk2HroKUZ1ohYoX2j","price":"0000000000000000000000000000000000000000000000000030e05c565f2300","lu":1586393103000,"exp":1586997900000},{"address":"TUvDoufTvAQcb8ATHCk2HroKUZ1ohYoX2j","price":"00000000000000000000000000000000000000000000000000306bf39fe32540","lu":1586396703000,"exp":1587001500000},{"address":"TUvDoufTvAQcb8ATHCk2HroKUZ1ohYoX2j","price":"00000000000000000000000000000000000000000000000000305a4b37deb220","lu":1586400303000,"exp":1587005100000},{"address":"TUvDoufTvAQcb8ATHCk2HroKUZ1ohYoX2j","price":"00000000000000000000000000000000000000000000000000303c5f4bc3e300","lu":1586403903000,"exp":1587008700000},{"address":"TUvDoufTvAQcb8ATHCk2HroKUZ1ohYoX2j","price":"000000000000000000000000000000000000000000000000003020245e3d5220","lu":1586407503000,"exp":1587012300000},{"address":"TUvDoufTvAQcb8ATHCk2HroKUZ1ohYoX2j","price":"0000000000000000000000000000000000000000000000000030423f3f764580","lu":1586411103000,"exp":1587015900000},{"address":"TUvDoufTvAQcb8ATHCk2HroKUZ1ohYoX2j","price":"000000000000000000000000000000000000000000000000003055b4e59912c0","lu":1586414703000,"exp":1587019500000},{"address":"TUvDoufTvAQcb8ATHCk2HroKUZ1ohYoX2j","price":"00000000000000000000000000000000000000000000000000305529a4664f60","lu":1586418303000,"exp":1587023100000},{"address":"TUvDoufTvAQcb8ATHCk2HroKUZ1ohYoX2j","price":"000000000000000000000000000000000000000000000000003070203339c580","lu":1586421903000,"exp":1587026700000},{"address":"TUvDoufTvAQcb8ATHCk2HroKUZ1ohYoX2j","price":"000000000000000000000000000000000000000000000000003057138d0ac580","lu":1586425503000,"exp":1587030300000},{"address":"TUvDoufTvAQcb8ATHCk2HroKUZ1ohYoX2j","price":"000000000000000000000000000000000000000000000000003065e31a7a0f60","lu":1586429103000,"exp":1587033900000},{"address":"TUvDoufTvAQcb8ATHCk2HroKUZ1ohYoX2j","price":"000000000000000000000000000000000000000000000000003073e4287e1200","lu":1586432703000,"exp":1587037500000},{"address":"TUvDoufTvAQcb8ATHCk2HroKUZ1ohYoX2j","price":"000000000000000000000000000000000000000000000000002fbf974f2b3740","lu":1586436303000,"exp":1587041100000},{"address":"TUvDoufTvAQcb8ATHCk2HroKUZ1ohYoX2j","price":"0000000000000000000000000000000000000000000000000030229081461400","lu":1586439903000,"exp":1587044700000},{"address":"TUvDoufTvAQcb8ATHCk2HroKUZ1ohYoX2j","price":"000000000000000000000000000000000000000000000000003047b15381a3e0","lu":1586443503000,"exp":1587048300000},{"address":"TUvDoufTvAQcb8ATHCk2HroKUZ1ohYoX2j","price":"000000000000000000000000000000000000000000000000002fe7595a4e7e40","lu":1586447103000,"exp":1587051900000},{"address":"TUvDoufTvAQcb8ATHCk2HroKUZ1ohYoX2j","price":"000000000000000000000000000000000000000000000000002fc688077ec040","lu":1586450703000,"exp":1587055500000},{"address":"TUvDoufTvAQcb8ATHCk2HroKUZ1ohYoX2j","price":"000000000000000000000000000000000000000000000000002fc880e3d72e20","lu":1586454303000,"exp":1587059100000},{"address":"TUvDoufTvAQcb8ATHCk2HroKUZ1ohYoX2j","price":"000000000000000000000000000000000000000000000000002fcbb0f0784fa0","lu":1586457903000,"exp":1587062700000},{"address":"TUvDoufTvAQcb8ATHCk2HroKUZ1ohYoX2j","price":"000000000000000000000000000000000000000000000000002f88ae3bd36e80","lu":1586461503000,"exp":1587066300000},{"address":"TUvDoufTvAQcb8ATHCk2HroKUZ1ohYoX2j","price":"000000000000000000000000000000000000000000000000002f6c7c48e03ac0","lu":1586465103000,"exp":1587069900000},{"address":"TUvDoufTvAQcb8ATHCk2HroKUZ1ohYoX2j","price":"000000000000000000000000000000000000000000000000002fba0c624a2100","lu":1586468703000,"exp":1587073500000},{"address":"TUvDoufTvAQcb8ATHCk2HroKUZ1ohYoX2j","price":"000000000000000000000000000000000000000000000000002fc79f88197ca0","lu":1586472303000,"exp":1587077100000},{"address":"TUvDoufTvAQcb8ATHCk2HroKUZ1ohYoX2j","price":"000000000000000000000000000000000000000000000000002fd73c335021e0","lu":1586475903000,"exp":1587080700000},{"address":"TUvDoufTvAQcb8ATHCk2HroKUZ1ohYoX2j","price":"00000000000000000000000000000000000000000000000000300f00acb87d60","lu":1586479503000,"exp":1587084300000},{"address":"TUvDoufTvAQcb8ATHCk2HroKUZ1ohYoX2j","price":"000000000000000000000000000000000000000000000000002f8a4ebfe5ee40","lu":1586483103000,"exp":1587087900000},{"address":"TUvDoufTvAQcb8ATHCk2HroKUZ1ohYoX2j","price":"000000000000000000000000000000000000000000000000002f4ef03be546c0","lu":1586486703000,"exp":1587091500000},{"address":"TUvDoufTvAQcb8ATHCk2HroKUZ1ohYoX2j","price":"000000000000000000000000000000000000000000000000002ed2deb8238b40","lu":1586490303000,"exp":1587095100000}],"feedAddress":"TUvDoufTvAQcb8ATHCk2HroKUZ1ohYoX2j"},{"feedEventDTOList":[{"address":"TV3WrUtgQMGRbUxHtbYWS4SnoQJNpDdLfn","price":"000000000000000000000000000000000000000000000000002ad3e1b93afa40","lu":1585907883000,"exp":1586512680000},{"address":"TV3WrUtgQMGRbUxHtbYWS4SnoQJNpDdLfn","price":"000000000000000000000000000000000000000000000000002b024703c90f00","lu":1585911483000,"exp":1586516280000},{"address":"TV3WrUtgQMGRbUxHtbYWS4SnoQJNpDdLfn","price":"000000000000000000000000000000000000000000000000002b1a9368091aa0","lu":1585915083000,"exp":1586519880000},{"address":"TV3WrUtgQMGRbUxHtbYWS4SnoQJNpDdLfn","price":"000000000000000000000000000000000000000000000000002a9d69e2af1720","lu":1585918683000,"exp":1586523480000},{"address":"TV3WrUtgQMGRbUxHtbYWS4SnoQJNpDdLfn","price":"000000000000000000000000000000000000000000000000002aa8e552424720","lu":1585922283000,"exp":1586527080000},{"address":"TV3WrUtgQMGRbUxHtbYWS4SnoQJNpDdLfn","price":"000000000000000000000000000000000000000000000000002a05aeeb31b7c0","lu":1585925883000,"exp":1586530680000},{"address":"TV3WrUtgQMGRbUxHtbYWS4SnoQJNpDdLfn","price":"000000000000000000000000000000000000000000000000002a09eb4e11c700","lu":1585929483000,"exp":1586534280000},{"address":"TV3WrUtgQMGRbUxHtbYWS4SnoQJNpDdLfn","price":"0000000000000000000000000000000000000000000000000029f6b4587bee40","lu":1585933083000,"exp":1586537880000},{"address":"TV3WrUtgQMGRbUxHtbYWS4SnoQJNpDdLfn","price":"000000000000000000000000000000000000000000000000002a424d7f916e80","lu":1585936683000,"exp":1586541480000},{"address":"TV3WrUtgQMGRbUxHtbYWS4SnoQJNpDdLfn","price":"000000000000000000000000000000000000000000000000002a483516a7a680","lu":1585940283000,"exp":1586545080000},{"address":"TV3WrUtgQMGRbUxHtbYWS4SnoQJNpDdLfn","price":"000000000000000000000000000000000000000000000000002a3d68273f4ac0","lu":1585943883000,"exp":1586548680000},{"address":"TV3WrUtgQMGRbUxHtbYWS4SnoQJNpDdLfn","price":"000000000000000000000000000000000000000000000000002a3fb3c1a290c0","lu":1585947483000,"exp":1586552280000},{"address":"TV3WrUtgQMGRbUxHtbYWS4SnoQJNpDdLfn","price":"000000000000000000000000000000000000000000000000002a45cd55414280","lu":1585951083000,"exp":1586555880000},{"address":"TV3WrUtgQMGRbUxHtbYWS4SnoQJNpDdLfn","price":"000000000000000000000000000000000000000000000000002a51b9eb78a700","lu":1585954683000,"exp":1586559480000},{"address":"TV3WrUtgQMGRbUxHtbYWS4SnoQJNpDdLfn","price":"000000000000000000000000000000000000000000000000002a4a95cc35ada0","lu":1585958283000,"exp":1586563080000},{"address":"TV3WrUtgQMGRbUxHtbYWS4SnoQJNpDdLfn","price":"000000000000000000000000000000000000000000000000002a9115032eff80","lu":1585961883000,"exp":1586566680000},{"address":"TV3WrUtgQMGRbUxHtbYWS4SnoQJNpDdLfn","price":"000000000000000000000000000000000000000000000000002aaaba643e6fe0","lu":1585965483000,"exp":1586570280000},{"address":"TV3WrUtgQMGRbUxHtbYWS4SnoQJNpDdLfn","price":"000000000000000000000000000000000000000000000000002a6b6c449b0e60","lu":1585969083000,"exp":1586573880000},{"address":"TV3WrUtgQMGRbUxHtbYWS4SnoQJNpDdLfn","price":"0000000000000000000000000000000000000000000000000029fac352103ee0","lu":1585972683000,"exp":1586577480000},{"address":"TV3WrUtgQMGRbUxHtbYWS4SnoQJNpDdLfn","price":"000000000000000000000000000000000000000000000000002a19ccb6fe7600","lu":1585976283000,"exp":1586581080000},{"address":"TV3WrUtgQMGRbUxHtbYWS4SnoQJNpDdLfn","price":"000000000000000000000000000000000000000000000000002a13dc45555280","lu":1585979883000,"exp":1586584680000},{"address":"TV3WrUtgQMGRbUxHtbYWS4SnoQJNpDdLfn","price":"000000000000000000000000000000000000000000000000002a06ba8488f760","lu":1585983483000,"exp":1586588280000},{"address":"TV3WrUtgQMGRbUxHtbYWS4SnoQJNpDdLfn","price":"0000000000000000000000000000000000000000000000000029fb81ac113a20","lu":1585987083000,"exp":1586591880000},{"address":"TV3WrUtgQMGRbUxHtbYWS4SnoQJNpDdLfn","price":"000000000000000000000000000000000000000000000000002a7d52c45f0780","lu":1585990683000,"exp":1586595480000},{"address":"TV3WrUtgQMGRbUxHtbYWS4SnoQJNpDdLfn","price":"000000000000000000000000000000000000000000000000002abfb7eb7855e0","lu":1585994283000,"exp":1586599080000},{"address":"TV3WrUtgQMGRbUxHtbYWS4SnoQJNpDdLfn","price":"000000000000000000000000000000000000000000000000002a7a688f5a6120","lu":1585997883000,"exp":1586602680000},{"address":"TV3WrUtgQMGRbUxHtbYWS4SnoQJNpDdLfn","price":"000000000000000000000000000000000000000000000000002a519b32064520","lu":1586001483000,"exp":1586606280000},{"address":"TV3WrUtgQMGRbUxHtbYWS4SnoQJNpDdLfn","price":"000000000000000000000000000000000000000000000000002a516dcd222660","lu":1586005083000,"exp":1586609880000},{"address":"TV3WrUtgQMGRbUxHtbYWS4SnoQJNpDdLfn","price":"000000000000000000000000000000000000000000000000002a486ab495d8a0","lu":1586008683000,"exp":1586613480000},{"address":"TV3WrUtgQMGRbUxHtbYWS4SnoQJNpDdLfn","price":"000000000000000000000000000000000000000000000000002a4282d8a018c0","lu":1586012283000,"exp":1586617080000},{"address":"TV3WrUtgQMGRbUxHtbYWS4SnoQJNpDdLfn","price":"000000000000000000000000000000000000000000000000002a420371491e80","lu":1586015883000,"exp":1586620680000},{"address":"TV3WrUtgQMGRbUxHtbYWS4SnoQJNpDdLfn","price":"000000000000000000000000000000000000000000000000002a79e77f718580","lu":1586019483000,"exp":1586624280000},{"address":"TV3WrUtgQMGRbUxHtbYWS4SnoQJNpDdLfn","price":"000000000000000000000000000000000000000000000000002a6694f6ffcdc0","lu":1586023083000,"exp":1586627880000},{"address":"TV3WrUtgQMGRbUxHtbYWS4SnoQJNpDdLfn","price":"000000000000000000000000000000000000000000000000002a6ba4df4076c0","lu":1586026683000,"exp":1586631480000},{"address":"TV3WrUtgQMGRbUxHtbYWS4SnoQJNpDdLfn","price":"000000000000000000000000000000000000000000000000002a5b6ef405d280","lu":1586030283000,"exp":1586635080000},{"address":"TV3WrUtgQMGRbUxHtbYWS4SnoQJNpDdLfn","price":"000000000000000000000000000000000000000000000000002a65c0e88f9e20","lu":1586033883000,"exp":1586638680000},{"address":"TV3WrUtgQMGRbUxHtbYWS4SnoQJNpDdLfn","price":"000000000000000000000000000000000000000000000000002a8c7354115fc0","lu":1586037483000,"exp":1586642280000},{"address":"TV3WrUtgQMGRbUxHtbYWS4SnoQJNpDdLfn","price":"000000000000000000000000000000000000000000000000002a918772bc40c0","lu":1586041083000,"exp":1586645880000},{"address":"TV3WrUtgQMGRbUxHtbYWS4SnoQJNpDdLfn","price":"000000000000000000000000000000000000000000000000002a9aaa804e9900","lu":1586044683000,"exp":1586649480000},{"address":"TV3WrUtgQMGRbUxHtbYWS4SnoQJNpDdLfn","price":"000000000000000000000000000000000000000000000000002aa6f7a798f600","lu":1586048283000,"exp":1586653080000},{"address":"TV3WrUtgQMGRbUxHtbYWS4SnoQJNpDdLfn","price":"000000000000000000000000000000000000000000000000002a9d06e9525820","lu":1586051883000,"exp":1586656680000},{"address":"TV3WrUtgQMGRbUxHtbYWS4SnoQJNpDdLfn","price":"000000000000000000000000000000000000000000000000002a97bcbbd08ba0","lu":1586055483000,"exp":1586660280000},{"address":"TV3WrUtgQMGRbUxHtbYWS4SnoQJNpDdLfn","price":"000000000000000000000000000000000000000000000000002a8f0243c15da0","lu":1586059083000,"exp":1586663880000},{"address":"TV3WrUtgQMGRbUxHtbYWS4SnoQJNpDdLfn","price":"000000000000000000000000000000000000000000000000002a5cf23ce79ae0","lu":1586062683000,"exp":1586667480000},{"address":"TV3WrUtgQMGRbUxHtbYWS4SnoQJNpDdLfn","price":"000000000000000000000000000000000000000000000000002a6bbb69a93200","lu":1586066283000,"exp":1586671080000},{"address":"TV3WrUtgQMGRbUxHtbYWS4SnoQJNpDdLfn","price":"000000000000000000000000000000000000000000000000002a4aca873cb740","lu":1586069883000,"exp":1586674680000},{"address":"TV3WrUtgQMGRbUxHtbYWS4SnoQJNpDdLfn","price":"000000000000000000000000000000000000000000000000002a460841b967c0","lu":1586073483000,"exp":1586678280000},{"address":"TV3WrUtgQMGRbUxHtbYWS4SnoQJNpDdLfn","price":"000000000000000000000000000000000000000000000000002a51907dfb28c0","lu":1586077083000,"exp":1586681880000},{"address":"TV3WrUtgQMGRbUxHtbYWS4SnoQJNpDdLfn","price":"000000000000000000000000000000000000000000000000002a6250f2c8d000","lu":1586080683000,"exp":1586685480000},{"address":"TV3WrUtgQMGRbUxHtbYWS4SnoQJNpDdLfn","price":"000000000000000000000000000000000000000000000000002a5a6c2bea7100","lu":1586084283000,"exp":1586689080000},{"address":"TV3WrUtgQMGRbUxHtbYWS4SnoQJNpDdLfn","price":"000000000000000000000000000000000000000000000000002a605e937bbd40","lu":1586087883000,"exp":1586692680000},{"address":"TV3WrUtgQMGRbUxHtbYWS4SnoQJNpDdLfn","price":"000000000000000000000000000000000000000000000000002a5b4043a26bc0","lu":1586091483000,"exp":1586696280000},{"address":"TV3WrUtgQMGRbUxHtbYWS4SnoQJNpDdLfn","price":"000000000000000000000000000000000000000000000000002c6de1afbdf580","lu":1586095083000,"exp":1586699880000},{"address":"TV3WrUtgQMGRbUxHtbYWS4SnoQJNpDdLfn","price":"000000000000000000000000000000000000000000000000002c502b8cbed000","lu":1586098683000,"exp":1586703480000},{"address":"TV3WrUtgQMGRbUxHtbYWS4SnoQJNpDdLfn","price":"000000000000000000000000000000000000000000000000002cc6d9962244e0","lu":1586102283000,"exp":1586707080000},{"address":"TV3WrUtgQMGRbUxHtbYWS4SnoQJNpDdLfn","price":"000000000000000000000000000000000000000000000000002c8a6ee3b82280","lu":1586105883000,"exp":1586710680000},{"address":"TV3WrUtgQMGRbUxHtbYWS4SnoQJNpDdLfn","price":"000000000000000000000000000000000000000000000000002c50157b0c2e40","lu":1586109483000,"exp":1586714280000},{"address":"TV3WrUtgQMGRbUxHtbYWS4SnoQJNpDdLfn","price":"000000000000000000000000000000000000000000000000002c6d516a5988a0","lu":1586113083000,"exp":1586717880000},{"address":"TV3WrUtgQMGRbUxHtbYWS4SnoQJNpDdLfn","price":"000000000000000000000000000000000000000000000000002c6c68a005c480","lu":1586116683000,"exp":1586721480000},{"address":"TV3WrUtgQMGRbUxHtbYWS4SnoQJNpDdLfn","price":"000000000000000000000000000000000000000000000000002c5004d3687b40","lu":1586120283000,"exp":1586725080000},{"address":"TV3WrUtgQMGRbUxHtbYWS4SnoQJNpDdLfn","price":"000000000000000000000000000000000000000000000000002c4f83514734c0","lu":1586123883000,"exp":1586728680000},{"address":"TV3WrUtgQMGRbUxHtbYWS4SnoQJNpDdLfn","price":"000000000000000000000000000000000000000000000000002c7f14707729c0","lu":1586127483000,"exp":1586732280000},{"address":"TV3WrUtgQMGRbUxHtbYWS4SnoQJNpDdLfn","price":"000000000000000000000000000000000000000000000000002cca3dc9cadd40","lu":1586131083000,"exp":1586735880000},{"address":"TV3WrUtgQMGRbUxHtbYWS4SnoQJNpDdLfn","price":"000000000000000000000000000000000000000000000000002d37ba10a568e0","lu":1586134683000,"exp":1586739480000},{"address":"TV3WrUtgQMGRbUxHtbYWS4SnoQJNpDdLfn","price":"000000000000000000000000000000000000000000000000002d780c22db0820","lu":1586138283000,"exp":1586743080000},{"address":"TV3WrUtgQMGRbUxHtbYWS4SnoQJNpDdLfn","price":"000000000000000000000000000000000000000000000000002dd1bf1a4b9820","lu":1586141883000,"exp":1586746680000},{"address":"TV3WrUtgQMGRbUxHtbYWS4SnoQJNpDdLfn","price":"000000000000000000000000000000000000000000000000002de9390fd36760","lu":1586145483000,"exp":1586750280000},{"address":"TV3WrUtgQMGRbUxHtbYWS4SnoQJNpDdLfn","price":"000000000000000000000000000000000000000000000000002dcd3f81745ca0","lu":1586149083000,"exp":1586753880000},{"address":"TV3WrUtgQMGRbUxHtbYWS4SnoQJNpDdLfn","price":"000000000000000000000000000000000000000000000000002df08a8d013840","lu":1586152683000,"exp":1586757480000},{"address":"TV3WrUtgQMGRbUxHtbYWS4SnoQJNpDdLfn","price":"000000000000000000000000000000000000000000000000002e4ee3debd97c0","lu":1586156283000,"exp":1586761080000},{"address":"TV3WrUtgQMGRbUxHtbYWS4SnoQJNpDdLfn","price":"000000000000000000000000000000000000000000000000002df7134c8c9360","lu":1586159883000,"exp":1586764680000},{"address":"TV3WrUtgQMGRbUxHtbYWS4SnoQJNpDdLfn","price":"000000000000000000000000000000000000000000000000002e4531dd75f760","lu":1586163483000,"exp":1586768280000},{"address":"TV3WrUtgQMGRbUxHtbYWS4SnoQJNpDdLfn","price":"000000000000000000000000000000000000000000000000002e6d33f5bf3a00","lu":1586167083000,"exp":1586771880000},{"address":"TV3WrUtgQMGRbUxHtbYWS4SnoQJNpDdLfn","price":"000000000000000000000000000000000000000000000000002ecf00291853e0","lu":1586170683000,"exp":1586775480000},{"address":"TV3WrUtgQMGRbUxHtbYWS4SnoQJNpDdLfn","price":"000000000000000000000000000000000000000000000000002eb9e002b32d40","lu":1586174283000,"exp":1586779080000},{"address":"TV3WrUtgQMGRbUxHtbYWS4SnoQJNpDdLfn","price":"000000000000000000000000000000000000000000000000002ef95ac49d34a0","lu":1586177883000,"exp":1586782680000},{"address":"TV3WrUtgQMGRbUxHtbYWS4SnoQJNpDdLfn","price":"000000000000000000000000000000000000000000000000002ebbde3a4626e0","lu":1586181483000,"exp":1586786280000},{"address":"TV3WrUtgQMGRbUxHtbYWS4SnoQJNpDdLfn","price":"000000000000000000000000000000000000000000000000002ebb5cfe465e20","lu":1586185083000,"exp":1586789880000},{"address":"TV3WrUtgQMGRbUxHtbYWS4SnoQJNpDdLfn","price":"000000000000000000000000000000000000000000000000002f1d800dcda080","lu":1586188683000,"exp":1586793480000},{"address":"TV3WrUtgQMGRbUxHtbYWS4SnoQJNpDdLfn","price":"000000000000000000000000000000000000000000000000002fb2c44fa2bc00","lu":1586192283000,"exp":1586797080000},{"address":"TV3WrUtgQMGRbUxHtbYWS4SnoQJNpDdLfn","price":"0000000000000000000000000000000000000000000000000030096b470d0de0","lu":1586195883000,"exp":1586800680000},{"address":"TV3WrUtgQMGRbUxHtbYWS4SnoQJNpDdLfn","price":"000000000000000000000000000000000000000000000000002ff6a023c03480","lu":1586199483000,"exp":1586804280000},{"address":"TV3WrUtgQMGRbUxHtbYWS4SnoQJNpDdLfn","price":"0000000000000000000000000000000000000000000000000030011e17196b60","lu":1586203083000,"exp":1586807880000},{"address":"TV3WrUtgQMGRbUxHtbYWS4SnoQJNpDdLfn","price":"000000000000000000000000000000000000000000000000002fb6b474fb5e00","lu":1586206683000,"exp":1586811480000},{"address":"TV3WrUtgQMGRbUxHtbYWS4SnoQJNpDdLfn","price":"000000000000000000000000000000000000000000000000002ffa673d55a7c0","lu":1586210283000,"exp":1586815080000},{"address":"TV3WrUtgQMGRbUxHtbYWS4SnoQJNpDdLfn","price":"000000000000000000000000000000000000000000000000003000dc6b3d5c20","lu":1586213883000,"exp":1586818680000},{"address":"TV3WrUtgQMGRbUxHtbYWS4SnoQJNpDdLfn","price":"00000000000000000000000000000000000000000000000000307cd850e86860","lu":1586217483000,"exp":1586822280000},{"address":"TV3WrUtgQMGRbUxHtbYWS4SnoQJNpDdLfn","price":"00000000000000000000000000000000000000000000000000312107f99fa8a0","lu":1586221083000,"exp":1586825880000},{"address":"TV3WrUtgQMGRbUxHtbYWS4SnoQJNpDdLfn","price":"0000000000000000000000000000000000000000000000000030f0be472e9880","lu":1586224683000,"exp":1586829480000},{"address":"TV3WrUtgQMGRbUxHtbYWS4SnoQJNpDdLfn","price":"000000000000000000000000000000000000000000000000003024ef9bcd05c0","lu":1586228283000,"exp":1586833080000},{"address":"TV3WrUtgQMGRbUxHtbYWS4SnoQJNpDdLfn","price":"00000000000000000000000000000000000000000000000000304bc1ec017000","lu":1586231883000,"exp":1586836680000},{"address":"TV3WrUtgQMGRbUxHtbYWS4SnoQJNpDdLfn","price":"00000000000000000000000000000000000000000000000000300b5a0475c260","lu":1586235483000,"exp":1586840280000},{"address":"TV3WrUtgQMGRbUxHtbYWS4SnoQJNpDdLfn","price":"00000000000000000000000000000000000000000000000000303eb47c68f480","lu":1586239083000,"exp":1586843880000},{"address":"TV3WrUtgQMGRbUxHtbYWS4SnoQJNpDdLfn","price":"00000000000000000000000000000000000000000000000000305e0e37adc680","lu":1586242683000,"exp":1586847480000},{"address":"TV3WrUtgQMGRbUxHtbYWS4SnoQJNpDdLfn","price":"00000000000000000000000000000000000000000000000000310851c6b75920","lu":1586246283000,"exp":1586851080000},{"address":"TV3WrUtgQMGRbUxHtbYWS4SnoQJNpDdLfn","price":"0000000000000000000000000000000000000000000000000030e9b55fe4e420","lu":1586249883000,"exp":1586854680000},{"address":"TV3WrUtgQMGRbUxHtbYWS4SnoQJNpDdLfn","price":"00000000000000000000000000000000000000000000000000310f1230285640","lu":1586253483000,"exp":1586858280000},{"address":"TV3WrUtgQMGRbUxHtbYWS4SnoQJNpDdLfn","price":"000000000000000000000000000000000000000000000000003158a7e10f9660","lu":1586257083000,"exp":1586861880000},{"address":"TV3WrUtgQMGRbUxHtbYWS4SnoQJNpDdLfn","price":"0000000000000000000000000000000000000000000000000031460db9cf1e60","lu":1586260683000,"exp":1586865480000},{"address":"TV3WrUtgQMGRbUxHtbYWS4SnoQJNpDdLfn","price":"00000000000000000000000000000000000000000000000000310a7124913360","lu":1586264283000,"exp":1586869080000},{"address":"TV3WrUtgQMGRbUxHtbYWS4SnoQJNpDdLfn","price":"00000000000000000000000000000000000000000000000000311be84a061f60","lu":1586267883000,"exp":1586872680000},{"address":"TV3WrUtgQMGRbUxHtbYWS4SnoQJNpDdLfn","price":"0000000000000000000000000000000000000000000000000030957a2437d8e0","lu":1586271483000,"exp":1586876280000},{"address":"TV3WrUtgQMGRbUxHtbYWS4SnoQJNpDdLfn","price":"0000000000000000000000000000000000000000000000000030f06bdea90fe0","lu":1586275083000,"exp":1586879880000},{"address":"TV3WrUtgQMGRbUxHtbYWS4SnoQJNpDdLfn","price":"00000000000000000000000000000000000000000000000000311f48cca08380","lu":1586282283000,"exp":1586887080000},{"address":"TV3WrUtgQMGRbUxHtbYWS4SnoQJNpDdLfn","price":"0000000000000000000000000000000000000000000000000030e46357aa8640","lu":1586285883000,"exp":1586890680000},{"address":"TV3WrUtgQMGRbUxHtbYWS4SnoQJNpDdLfn","price":"0000000000000000000000000000000000000000000000000030f4d753ff55a0","lu":1586289483000,"exp":1586894280000},{"address":"TV3WrUtgQMGRbUxHtbYWS4SnoQJNpDdLfn","price":"000000000000000000000000000000000000000000000000002f470d8454d5a0","lu":1586293083000,"exp":1586897880000},{"address":"TV3WrUtgQMGRbUxHtbYWS4SnoQJNpDdLfn","price":"000000000000000000000000000000000000000000000000002f91f7dbad05e0","lu":1586296683000,"exp":1586901480000},{"address":"TV3WrUtgQMGRbUxHtbYWS4SnoQJNpDdLfn","price":"000000000000000000000000000000000000000000000000002f6f3c748fc1a0","lu":1586300283000,"exp":1586905080000},{"address":"TV3WrUtgQMGRbUxHtbYWS4SnoQJNpDdLfn","price":"000000000000000000000000000000000000000000000000002f1d5e50a32000","lu":1586303883000,"exp":1586908680000},{"address":"TV3WrUtgQMGRbUxHtbYWS4SnoQJNpDdLfn","price":"000000000000000000000000000000000000000000000000002f0c607e815640","lu":1586307483000,"exp":1586912280000},{"address":"TV3WrUtgQMGRbUxHtbYWS4SnoQJNpDdLfn","price":"000000000000000000000000000000000000000000000000002eed24cafd65a0","lu":1586311083000,"exp":1586915880000},{"address":"TV3WrUtgQMGRbUxHtbYWS4SnoQJNpDdLfn","price":"000000000000000000000000000000000000000000000000002f74731aee80a0","lu":1586314683000,"exp":1586919480000},{"address":"TV3WrUtgQMGRbUxHtbYWS4SnoQJNpDdLfn","price":"00000000000000000000000000000000000000000000000000301928db1b57e0","lu":1586318283000,"exp":1586923080000},{"address":"TV3WrUtgQMGRbUxHtbYWS4SnoQJNpDdLfn","price":"000000000000000000000000000000000000000000000000003045596701f960","lu":1586321883000,"exp":1586926680000},{"address":"TV3WrUtgQMGRbUxHtbYWS4SnoQJNpDdLfn","price":"00000000000000000000000000000000000000000000000000308b8cb34a8840","lu":1586325483000,"exp":1586930280000},{"address":"TV3WrUtgQMGRbUxHtbYWS4SnoQJNpDdLfn","price":"0000000000000000000000000000000000000000000000000030284fdae6d5c0","lu":1586329083000,"exp":1586933880000},{"address":"TV3WrUtgQMGRbUxHtbYWS4SnoQJNpDdLfn","price":"000000000000000000000000000000000000000000000000003095ebce1be7e0","lu":1586332683000,"exp":1586937480000},{"address":"TV3WrUtgQMGRbUxHtbYWS4SnoQJNpDdLfn","price":"000000000000000000000000000000000000000000000000003055a52c66a240","lu":1586336283000,"exp":1586941080000},{"address":"TV3WrUtgQMGRbUxHtbYWS4SnoQJNpDdLfn","price":"00000000000000000000000000000000000000000000000000304975dba47160","lu":1586339883000,"exp":1586944680000},{"address":"TV3WrUtgQMGRbUxHtbYWS4SnoQJNpDdLfn","price":"000000000000000000000000000000000000000000000000002ffba25b56f4e0","lu":1586343483000,"exp":1586948280000},{"address":"TV3WrUtgQMGRbUxHtbYWS4SnoQJNpDdLfn","price":"000000000000000000000000000000000000000000000000002ff7302889a100","lu":1586347083000,"exp":1586951880000},{"address":"TV3WrUtgQMGRbUxHtbYWS4SnoQJNpDdLfn","price":"000000000000000000000000000000000000000000000000002fe5f115dd3b20","lu":1586350683000,"exp":1586955480000},{"address":"TV3WrUtgQMGRbUxHtbYWS4SnoQJNpDdLfn","price":"000000000000000000000000000000000000000000000000002ff3aa68ada080","lu":1586354283000,"exp":1586959080000},{"address":"TV3WrUtgQMGRbUxHtbYWS4SnoQJNpDdLfn","price":"000000000000000000000000000000000000000000000000003014d579689c80","lu":1586357883000,"exp":1586962680000},{"address":"TV3WrUtgQMGRbUxHtbYWS4SnoQJNpDdLfn","price":"000000000000000000000000000000000000000000000000003059db3c3aae20","lu":1586361483000,"exp":1586966280000},{"address":"TV3WrUtgQMGRbUxHtbYWS4SnoQJNpDdLfn","price":"0000000000000000000000000000000000000000000000000030a7d318091d20","lu":1586365083000,"exp":1586969880000},{"address":"TV3WrUtgQMGRbUxHtbYWS4SnoQJNpDdLfn","price":"00000000000000000000000000000000000000000000000000306c284a553020","lu":1586368683000,"exp":1586973480000},{"address":"TV3WrUtgQMGRbUxHtbYWS4SnoQJNpDdLfn","price":"00000000000000000000000000000000000000000000000000307fb6d2e96cc0","lu":1586372283000,"exp":1586977080000},{"address":"TV3WrUtgQMGRbUxHtbYWS4SnoQJNpDdLfn","price":"000000000000000000000000000000000000000000000000003066c892df1fa0","lu":1586375883000,"exp":1586980680000},{"address":"TV3WrUtgQMGRbUxHtbYWS4SnoQJNpDdLfn","price":"0000000000000000000000000000000000000000000000000030a1709020f6c0","lu":1586379483000,"exp":1586984280000},{"address":"TV3WrUtgQMGRbUxHtbYWS4SnoQJNpDdLfn","price":"00000000000000000000000000000000000000000000000000309d8acbd9ae80","lu":1586383083000,"exp":1586987880000},{"address":"TV3WrUtgQMGRbUxHtbYWS4SnoQJNpDdLfn","price":"000000000000000000000000000000000000000000000000003098424de617e0","lu":1586386683000,"exp":1586991480000},{"address":"TV3WrUtgQMGRbUxHtbYWS4SnoQJNpDdLfn","price":"0000000000000000000000000000000000000000000000000030a46934dc84e0","lu":1586390283000,"exp":1586995080000},{"address":"TV3WrUtgQMGRbUxHtbYWS4SnoQJNpDdLfn","price":"0000000000000000000000000000000000000000000000000030d7c835c75b40","lu":1586393883000,"exp":1586998680000},{"address":"TV3WrUtgQMGRbUxHtbYWS4SnoQJNpDdLfn","price":"00000000000000000000000000000000000000000000000000305ffa65e23de0","lu":1586397483000,"exp":1587002280000},{"address":"TV3WrUtgQMGRbUxHtbYWS4SnoQJNpDdLfn","price":"000000000000000000000000000000000000000000000000003057af63a59200","lu":1586401083000,"exp":1587005880000},{"address":"TV3WrUtgQMGRbUxHtbYWS4SnoQJNpDdLfn","price":"00000000000000000000000000000000000000000000000000302e9ea48e2140","lu":1586404683000,"exp":1587009480000},{"address":"TV3WrUtgQMGRbUxHtbYWS4SnoQJNpDdLfn","price":"0000000000000000000000000000000000000000000000000030336838aeb2e0","lu":1586408283000,"exp":1587013080000},{"address":"TV3WrUtgQMGRbUxHtbYWS4SnoQJNpDdLfn","price":"000000000000000000000000000000000000000000000000003058f75fa31080","lu":1586411883000,"exp":1587016680000},{"address":"TV3WrUtgQMGRbUxHtbYWS4SnoQJNpDdLfn","price":"00000000000000000000000000000000000000000000000000303e6b17e025e0","lu":1586415483000,"exp":1587020280000},{"address":"TV3WrUtgQMGRbUxHtbYWS4SnoQJNpDdLfn","price":"0000000000000000000000000000000000000000000000000030595ee77ae3e0","lu":1586419083000,"exp":1587023880000},{"address":"TV3WrUtgQMGRbUxHtbYWS4SnoQJNpDdLfn","price":"00000000000000000000000000000000000000000000000000307fe0dcc7e080","lu":1586422683000,"exp":1587027480000},{"address":"TV3WrUtgQMGRbUxHtbYWS4SnoQJNpDdLfn","price":"00000000000000000000000000000000000000000000000000305e3dfb755c20","lu":1586426283000,"exp":1587031080000},{"address":"TV3WrUtgQMGRbUxHtbYWS4SnoQJNpDdLfn","price":"00000000000000000000000000000000000000000000000000307083178f3780","lu":1586429883000,"exp":1587034680000},{"address":"TV3WrUtgQMGRbUxHtbYWS4SnoQJNpDdLfn","price":"00000000000000000000000000000000000000000000000000305d66ab779620","lu":1586433483000,"exp":1587038280000},{"address":"TV3WrUtgQMGRbUxHtbYWS4SnoQJNpDdLfn","price":"000000000000000000000000000000000000000000000000002fe71b315220c0","lu":1586437083000,"exp":1587041880000},{"address":"TV3WrUtgQMGRbUxHtbYWS4SnoQJNpDdLfn","price":"000000000000000000000000000000000000000000000000003036dfe32b8ac0","lu":1586440683000,"exp":1587045480000},{"address":"TV3WrUtgQMGRbUxHtbYWS4SnoQJNpDdLfn","price":"0000000000000000000000000000000000000000000000000030391ec988cf60","lu":1586444283000,"exp":1587049080000},{"address":"TV3WrUtgQMGRbUxHtbYWS4SnoQJNpDdLfn","price":"000000000000000000000000000000000000000000000000002fd0ddc3d58120","lu":1586447883000,"exp":1587052680000},{"address":"TV3WrUtgQMGRbUxHtbYWS4SnoQJNpDdLfn","price":"000000000000000000000000000000000000000000000000002fb52d023cdde0","lu":1586451483000,"exp":1587056280000},{"address":"TV3WrUtgQMGRbUxHtbYWS4SnoQJNpDdLfn","price":"000000000000000000000000000000000000000000000000002fbef1cb037cc0","lu":1586455083000,"exp":1587059880000},{"address":"TV3WrUtgQMGRbUxHtbYWS4SnoQJNpDdLfn","price":"000000000000000000000000000000000000000000000000002f935a95a10ba0","lu":1586458683000,"exp":1587063480000},{"address":"TV3WrUtgQMGRbUxHtbYWS4SnoQJNpDdLfn","price":"000000000000000000000000000000000000000000000000002f9a9ba61986e0","lu":1586462283000,"exp":1587067080000},{"address":"TV3WrUtgQMGRbUxHtbYWS4SnoQJNpDdLfn","price":"000000000000000000000000000000000000000000000000002f6060add141e0","lu":1586465883000,"exp":1587070680000},{"address":"TV3WrUtgQMGRbUxHtbYWS4SnoQJNpDdLfn","price":"000000000000000000000000000000000000000000000000002fcb09f97c06c0","lu":1586469483000,"exp":1587074280000},{"address":"TV3WrUtgQMGRbUxHtbYWS4SnoQJNpDdLfn","price":"000000000000000000000000000000000000000000000000002fd7477a58f160","lu":1586473083000,"exp":1587077880000},{"address":"TV3WrUtgQMGRbUxHtbYWS4SnoQJNpDdLfn","price":"000000000000000000000000000000000000000000000000002ffc6adbb1db00","lu":1586476683000,"exp":1587081480000},{"address":"TV3WrUtgQMGRbUxHtbYWS4SnoQJNpDdLfn","price":"000000000000000000000000000000000000000000000000002ff4fd549d50a0","lu":1586480283000,"exp":1587085080000},{"address":"TV3WrUtgQMGRbUxHtbYWS4SnoQJNpDdLfn","price":"000000000000000000000000000000000000000000000000002f975738cb5740","lu":1586483883000,"exp":1587088680000},{"address":"TV3WrUtgQMGRbUxHtbYWS4SnoQJNpDdLfn","price":"000000000000000000000000000000000000000000000000002f2b1b0641fca0","lu":1586487483000,"exp":1587092280000},{"address":"TV3WrUtgQMGRbUxHtbYWS4SnoQJNpDdLfn","price":"000000000000000000000000000000000000000000000000002e7a8790667ea0","lu":1586491083000,"exp":1587095880000}],"feedAddress":"TV3WrUtgQMGRbUxHtbYWS4SnoQJNpDdLfn"},{"feedEventDTOList":[{"address":"TF3s4vcrVTUVpRseYJWiP3xh7DE4u4duU4","price":"000000000000000000000000000000000000000000000000002adab885aea360","lu":1585908903000,"exp":1586513700000},{"address":"TF3s4vcrVTUVpRseYJWiP3xh7DE4u4duU4","price":"000000000000000000000000000000000000000000000000002af323b3ece7e0","lu":1585912503000,"exp":1586517300000},{"address":"TF3s4vcrVTUVpRseYJWiP3xh7DE4u4duU4","price":"000000000000000000000000000000000000000000000000002b1d8580b29000","lu":1585916103000,"exp":1586520900000},{"address":"TF3s4vcrVTUVpRseYJWiP3xh7DE4u4duU4","price":"000000000000000000000000000000000000000000000000002a9cf646c12b00","lu":1585919703000,"exp":1586524500000},{"address":"TF3s4vcrVTUVpRseYJWiP3xh7DE4u4duU4","price":"000000000000000000000000000000000000000000000000002a7fe6349a9880","lu":1585923303000,"exp":1586528100000},{"address":"TF3s4vcrVTUVpRseYJWiP3xh7DE4u4duU4","price":"000000000000000000000000000000000000000000000000002a1945a34fc780","lu":1585926903000,"exp":1586531700000},{"address":"TF3s4vcrVTUVpRseYJWiP3xh7DE4u4duU4","price":"000000000000000000000000000000000000000000000000002a18fde4cbc6c0","lu":1585930503000,"exp":1586535300000},{"address":"TF3s4vcrVTUVpRseYJWiP3xh7DE4u4duU4","price":"000000000000000000000000000000000000000000000000002a20f32a1f8ca0","lu":1585934103000,"exp":1586538900000},{"address":"TF3s4vcrVTUVpRseYJWiP3xh7DE4u4duU4","price":"000000000000000000000000000000000000000000000000002a31c278a763e0","lu":1585937703000,"exp":1586542500000},{"address":"TF3s4vcrVTUVpRseYJWiP3xh7DE4u4duU4","price":"000000000000000000000000000000000000000000000000002a434efdfa58c0","lu":1585941303000,"exp":1586546100000},{"address":"TF3s4vcrVTUVpRseYJWiP3xh7DE4u4duU4","price":"000000000000000000000000000000000000000000000000002a65d16ae350a0","lu":1585944903000,"exp":1586549700000},{"address":"TF3s4vcrVTUVpRseYJWiP3xh7DE4u4duU4","price":"000000000000000000000000000000000000000000000000002a20dcb051eaa0","lu":1585948503000,"exp":1586553300000},{"address":"TF3s4vcrVTUVpRseYJWiP3xh7DE4u4duU4","price":"000000000000000000000000000000000000000000000000002a62dea614f2a0","lu":1585952103000,"exp":1586556900000},{"address":"TF3s4vcrVTUVpRseYJWiP3xh7DE4u4duU4","price":"000000000000000000000000000000000000000000000000002a5d4ef5031620","lu":1585955703000,"exp":1586560500000},{"address":"TF3s4vcrVTUVpRseYJWiP3xh7DE4u4duU4","price":"000000000000000000000000000000000000000000000000002a8de177327100","lu":1585959303000,"exp":1586564100000},{"address":"TF3s4vcrVTUVpRseYJWiP3xh7DE4u4duU4","price":"000000000000000000000000000000000000000000000000002aa1a229d13d40","lu":1585962903000,"exp":1586567700000},{"address":"TF3s4vcrVTUVpRseYJWiP3xh7DE4u4duU4","price":"000000000000000000000000000000000000000000000000002a882319de9ce0","lu":1585966503000,"exp":1586571300000},{"address":"TF3s4vcrVTUVpRseYJWiP3xh7DE4u4duU4","price":"000000000000000000000000000000000000000000000000002a277e567c5940","lu":1585970103000,"exp":1586574900000},{"address":"TF3s4vcrVTUVpRseYJWiP3xh7DE4u4duU4","price":"0000000000000000000000000000000000000000000000000029e9f1bd99cba0","lu":1585973703000,"exp":1586578500000},{"address":"TF3s4vcrVTUVpRseYJWiP3xh7DE4u4duU4","price":"000000000000000000000000000000000000000000000000002a1835b8b74780","lu":1585977303000,"exp":1586582100000},{"address":"TF3s4vcrVTUVpRseYJWiP3xh7DE4u4duU4","price":"000000000000000000000000000000000000000000000000002a05d59c716e60","lu":1585980903000,"exp":1586585700000},{"address":"TF3s4vcrVTUVpRseYJWiP3xh7DE4u4duU4","price":"000000000000000000000000000000000000000000000000002a0a2542122280","lu":1585984503000,"exp":1586589300000},{"address":"TF3s4vcrVTUVpRseYJWiP3xh7DE4u4duU4","price":"000000000000000000000000000000000000000000000000002a16102013bda0","lu":1585988103000,"exp":1586592900000},{"address":"TF3s4vcrVTUVpRseYJWiP3xh7DE4u4duU4","price":"000000000000000000000000000000000000000000000000002a64a5ce3af7c0","lu":1585991703000,"exp":1586596500000},{"address":"TF3s4vcrVTUVpRseYJWiP3xh7DE4u4duU4","price":"000000000000000000000000000000000000000000000000002aacd8e886a860","lu":1585995303000,"exp":1586600100000},{"address":"TF3s4vcrVTUVpRseYJWiP3xh7DE4u4duU4","price":"000000000000000000000000000000000000000000000000002a77a359f2b360","lu":1585998903000,"exp":1586603700000},{"address":"TF3s4vcrVTUVpRseYJWiP3xh7DE4u4duU4","price":"000000000000000000000000000000000000000000000000002a6a6298f6d4e0","lu":1586002503000,"exp":1586607300000},{"address":"TF3s4vcrVTUVpRseYJWiP3xh7DE4u4duU4","price":"000000000000000000000000000000000000000000000000002a3862217df1a0","lu":1586006103000,"exp":1586610900000},{"address":"TF3s4vcrVTUVpRseYJWiP3xh7DE4u4duU4","price":"000000000000000000000000000000000000000000000000002a45718e241d40","lu":1586009703000,"exp":1586614500000},{"address":"TF3s4vcrVTUVpRseYJWiP3xh7DE4u4duU4","price":"000000000000000000000000000000000000000000000000002a44828898cc80","lu":1586013303000,"exp":1586618100000},{"address":"TF3s4vcrVTUVpRseYJWiP3xh7DE4u4duU4","price":"000000000000000000000000000000000000000000000000002a54b3b4d53b80","lu":1586016903000,"exp":1586621700000},{"address":"TF3s4vcrVTUVpRseYJWiP3xh7DE4u4duU4","price":"000000000000000000000000000000000000000000000000002a7ed741472ea0","lu":1586020503000,"exp":1586625300000},{"address":"TF3s4vcrVTUVpRseYJWiP3xh7DE4u4duU4","price":"000000000000000000000000000000000000000000000000002a76348a2b0660","lu":1586024103000,"exp":1586628900000},{"address":"TF3s4vcrVTUVpRseYJWiP3xh7DE4u4duU4","price":"000000000000000000000000000000000000000000000000002a73b11a23b180","lu":1586027703000,"exp":1586632500000},{"address":"TF3s4vcrVTUVpRseYJWiP3xh7DE4u4duU4","price":"000000000000000000000000000000000000000000000000002a7ba676f801c0","lu":1586031303000,"exp":1586636100000},{"address":"TF3s4vcrVTUVpRseYJWiP3xh7DE4u4duU4","price":"000000000000000000000000000000000000000000000000002a989d8d2ef5c0","lu":1586034903000,"exp":1586639700000},{"address":"TF3s4vcrVTUVpRseYJWiP3xh7DE4u4duU4","price":"000000000000000000000000000000000000000000000000002a70c04150e5a0","lu":1586038503000,"exp":1586643300000},{"address":"TF3s4vcrVTUVpRseYJWiP3xh7DE4u4duU4","price":"000000000000000000000000000000000000000000000000002a7d40f8036ac0","lu":1586042103000,"exp":1586646900000},{"address":"TF3s4vcrVTUVpRseYJWiP3xh7DE4u4duU4","price":"000000000000000000000000000000000000000000000000002aa17deab40da0","lu":1586045703000,"exp":1586650500000},{"address":"TF3s4vcrVTUVpRseYJWiP3xh7DE4u4duU4","price":"000000000000000000000000000000000000000000000000002aa0d1939b8720","lu":1586049303000,"exp":1586654100000},{"address":"TF3s4vcrVTUVpRseYJWiP3xh7DE4u4duU4","price":"000000000000000000000000000000000000000000000000002a8d6686c0a400","lu":1586052903000,"exp":1586657700000},{"address":"TF3s4vcrVTUVpRseYJWiP3xh7DE4u4duU4","price":"000000000000000000000000000000000000000000000000002aab92c96d3580","lu":1586056503000,"exp":1586661300000},{"address":"TF3s4vcrVTUVpRseYJWiP3xh7DE4u4duU4","price":"000000000000000000000000000000000000000000000000002a7780a0d23ee0","lu":1586060103000,"exp":1586664900000},{"address":"TF3s4vcrVTUVpRseYJWiP3xh7DE4u4duU4","price":"000000000000000000000000000000000000000000000000002a4c1d58d58b80","lu":1586063703000,"exp":1586668500000},{"address":"TF3s4vcrVTUVpRseYJWiP3xh7DE4u4duU4","price":"000000000000000000000000000000000000000000000000002a59028d57dd80","lu":1586067303000,"exp":1586672100000},{"address":"TF3s4vcrVTUVpRseYJWiP3xh7DE4u4duU4","price":"000000000000000000000000000000000000000000000000002a43762a5716c0","lu":1586070903000,"exp":1586675700000},{"address":"TF3s4vcrVTUVpRseYJWiP3xh7DE4u4duU4","price":"000000000000000000000000000000000000000000000000002a47fe0f281d40","lu":1586074503000,"exp":1586679300000},{"address":"TF3s4vcrVTUVpRseYJWiP3xh7DE4u4duU4","price":"000000000000000000000000000000000000000000000000002a65400dc0d0a0","lu":1586078103000,"exp":1586682900000},{"address":"TF3s4vcrVTUVpRseYJWiP3xh7DE4u4duU4","price":"000000000000000000000000000000000000000000000000002a5ebb44a978a0","lu":1586081703000,"exp":1586686500000},{"address":"TF3s4vcrVTUVpRseYJWiP3xh7DE4u4duU4","price":"000000000000000000000000000000000000000000000000002a577cb595c460","lu":1586085303000,"exp":1586690100000},{"address":"TF3s4vcrVTUVpRseYJWiP3xh7DE4u4duU4","price":"000000000000000000000000000000000000000000000000002a58da623060a0","lu":1586088903000,"exp":1586693700000},{"address":"TF3s4vcrVTUVpRseYJWiP3xh7DE4u4duU4","price":"000000000000000000000000000000000000000000000000002a72e5012dbee0","lu":1586092503000,"exp":1586697300000},{"address":"TF3s4vcrVTUVpRseYJWiP3xh7DE4u4duU4","price":"000000000000000000000000000000000000000000000000002cc4b6fdb728c0","lu":1586096103000,"exp":1586700900000},{"address":"TF3s4vcrVTUVpRseYJWiP3xh7DE4u4duU4","price":"000000000000000000000000000000000000000000000000002c5e8712a70340","lu":1586099703000,"exp":1586704500000},{"address":"TF3s4vcrVTUVpRseYJWiP3xh7DE4u4duU4","price":"000000000000000000000000000000000000000000000000002cc2608a3a62c0","lu":1586103303000,"exp":1586708100000},{"address":"TF3s4vcrVTUVpRseYJWiP3xh7DE4u4duU4","price":"000000000000000000000000000000000000000000000000002c4dc1e5e536e0","lu":1586106903000,"exp":1586711700000},{"address":"TF3s4vcrVTUVpRseYJWiP3xh7DE4u4duU4","price":"000000000000000000000000000000000000000000000000002c5bdd4b1a8c80","lu":1586110503000,"exp":1586715300000},{"address":"TF3s4vcrVTUVpRseYJWiP3xh7DE4u4duU4","price":"000000000000000000000000000000000000000000000000002c6f023c9b5760","lu":1586114103000,"exp":1586718900000},{"address":"TF3s4vcrVTUVpRseYJWiP3xh7DE4u4duU4","price":"000000000000000000000000000000000000000000000000002c85c02d1477c0","lu":1586117703000,"exp":1586722500000},{"address":"TF3s4vcrVTUVpRseYJWiP3xh7DE4u4duU4","price":"000000000000000000000000000000000000000000000000002c63c62564b420","lu":1586121303000,"exp":1586726100000},{"address":"TF3s4vcrVTUVpRseYJWiP3xh7DE4u4duU4","price":"000000000000000000000000000000000000000000000000002c66014436a060","lu":1586124903000,"exp":1586729700000},{"address":"TF3s4vcrVTUVpRseYJWiP3xh7DE4u4duU4","price":"000000000000000000000000000000000000000000000000002c93239780adc0","lu":1586128503000,"exp":1586733300000},{"address":"TF3s4vcrVTUVpRseYJWiP3xh7DE4u4duU4","price":"000000000000000000000000000000000000000000000000002cf28a5832c600","lu":1586132103000,"exp":1586736900000},{"address":"TF3s4vcrVTUVpRseYJWiP3xh7DE4u4duU4","price":"000000000000000000000000000000000000000000000000002d471505e72820","lu":1586135703000,"exp":1586740500000},{"address":"TF3s4vcrVTUVpRseYJWiP3xh7DE4u4duU4","price":"000000000000000000000000000000000000000000000000002df5cb0ab54e80","lu":1586139303000,"exp":1586744100000},{"address":"TF3s4vcrVTUVpRseYJWiP3xh7DE4u4duU4","price":"000000000000000000000000000000000000000000000000002dc8bb8d7e8c60","lu":1586142903000,"exp":1586747700000},{"address":"TF3s4vcrVTUVpRseYJWiP3xh7DE4u4duU4","price":"000000000000000000000000000000000000000000000000002df622dc4e00c0","lu":1586146506000,"exp":1586751300000},{"address":"TF3s4vcrVTUVpRseYJWiP3xh7DE4u4duU4","price":"000000000000000000000000000000000000000000000000002dc320f6a29740","lu":1586150103000,"exp":1586754900000},{"address":"TF3s4vcrVTUVpRseYJWiP3xh7DE4u4duU4","price":"000000000000000000000000000000000000000000000000002e08d0e26e7640","lu":1586153703000,"exp":1586758500000},{"address":"TF3s4vcrVTUVpRseYJWiP3xh7DE4u4duU4","price":"000000000000000000000000000000000000000000000000002e37cf30f34f20","lu":1586157303000,"exp":1586762100000},{"address":"TF3s4vcrVTUVpRseYJWiP3xh7DE4u4duU4","price":"000000000000000000000000000000000000000000000000002dfb1e38f5c100","lu":1586160903000,"exp":1586765700000},{"address":"TF3s4vcrVTUVpRseYJWiP3xh7DE4u4duU4","price":"000000000000000000000000000000000000000000000000002e4c43a040a0c0","lu":1586164503000,"exp":1586769300000},{"address":"TF3s4vcrVTUVpRseYJWiP3xh7DE4u4duU4","price":"000000000000000000000000000000000000000000000000002e83bda470be80","lu":1586168103000,"exp":1586772900000},{"address":"TF3s4vcrVTUVpRseYJWiP3xh7DE4u4duU4","price":"000000000000000000000000000000000000000000000000002ead4b1a0b70c0","lu":1586171703000,"exp":1586776500000},{"address":"TF3s4vcrVTUVpRseYJWiP3xh7DE4u4duU4","price":"000000000000000000000000000000000000000000000000002eb1005d711aa0","lu":1586175303000,"exp":1586780100000},{"address":"TF3s4vcrVTUVpRseYJWiP3xh7DE4u4duU4","price":"000000000000000000000000000000000000000000000000002eeb8a69e32c00","lu":1586178903000,"exp":1586783700000},{"address":"TF3s4vcrVTUVpRseYJWiP3xh7DE4u4duU4","price":"000000000000000000000000000000000000000000000000002ebf72f044ae20","lu":1586182503000,"exp":1586787300000},{"address":"TF3s4vcrVTUVpRseYJWiP3xh7DE4u4duU4","price":"000000000000000000000000000000000000000000000000002eefbf93305360","lu":1586186103000,"exp":1586790900000},{"address":"TF3s4vcrVTUVpRseYJWiP3xh7DE4u4duU4","price":"000000000000000000000000000000000000000000000000002f810244bc2720","lu":1586189703000,"exp":1586794500000},{"address":"TF3s4vcrVTUVpRseYJWiP3xh7DE4u4duU4","price":"000000000000000000000000000000000000000000000000002fdf8135220cc0","lu":1586193303000,"exp":1586798100000},{"address":"TF3s4vcrVTUVpRseYJWiP3xh7DE4u4duU4","price":"000000000000000000000000000000000000000000000000002ff74e201bbf80","lu":1586196903000,"exp":1586801700000},{"address":"TF3s4vcrVTUVpRseYJWiP3xh7DE4u4duU4","price":"00000000000000000000000000000000000000000000000000302512289676e0","lu":1586200503000,"exp":1586805300000},{"address":"TF3s4vcrVTUVpRseYJWiP3xh7DE4u4duU4","price":"00000000000000000000000000000000000000000000000000301a051db0dbc0","lu":1586204103000,"exp":1586808900000},{"address":"TF3s4vcrVTUVpRseYJWiP3xh7DE4u4duU4","price":"000000000000000000000000000000000000000000000000002fa3d6ecaa1860","lu":1586207703000,"exp":1586812500000},{"address":"TF3s4vcrVTUVpRseYJWiP3xh7DE4u4duU4","price":"000000000000000000000000000000000000000000000000002ff6e754ed0aa0","lu":1586211303000,"exp":1586816100000},{"address":"TF3s4vcrVTUVpRseYJWiP3xh7DE4u4duU4","price":"000000000000000000000000000000000000000000000000002feb5adb695c20","lu":1586214903000,"exp":1586819700000},{"address":"TF3s4vcrVTUVpRseYJWiP3xh7DE4u4duU4","price":"0000000000000000000000000000000000000000000000000030f4d2c9f38240","lu":1586218503000,"exp":1586823300000},{"address":"TF3s4vcrVTUVpRseYJWiP3xh7DE4u4duU4","price":"0000000000000000000000000000000000000000000000000030cef306149b20","lu":1586222103000,"exp":1586826900000},{"address":"TF3s4vcrVTUVpRseYJWiP3xh7DE4u4duU4","price":"0000000000000000000000000000000000000000000000000030b424da9176a0","lu":1586225703000,"exp":1586830500000},{"address":"TF3s4vcrVTUVpRseYJWiP3xh7DE4u4duU4","price":"000000000000000000000000000000000000000000000000002fff8d3782ee40","lu":1586229303000,"exp":1586834100000},{"address":"TF3s4vcrVTUVpRseYJWiP3xh7DE4u4duU4","price":"000000000000000000000000000000000000000000000000003055edfd391c20","lu":1586232903000,"exp":1586837700000},{"address":"TF3s4vcrVTUVpRseYJWiP3xh7DE4u4duU4","price":"00000000000000000000000000000000000000000000000000300cedbc79e8c0","lu":1586236503000,"exp":1586841300000},{"address":"TF3s4vcrVTUVpRseYJWiP3xh7DE4u4duU4","price":"00000000000000000000000000000000000000000000000000302bf6bd0b6020","lu":1586240103000,"exp":1586844900000},{"address":"TF3s4vcrVTUVpRseYJWiP3xh7DE4u4duU4","price":"0000000000000000000000000000000000000000000000000030bec33f0c91c0","lu":1586243703000,"exp":1586848500000},{"address":"TF3s4vcrVTUVpRseYJWiP3xh7DE4u4duU4","price":"0000000000000000000000000000000000000000000000000030dad0c9636aa0","lu":1586247303000,"exp":1586852100000},{"address":"TF3s4vcrVTUVpRseYJWiP3xh7DE4u4duU4","price":"0000000000000000000000000000000000000000000000000030df54e639b520","lu":1586250903000,"exp":1586855700000},{"address":"TF3s4vcrVTUVpRseYJWiP3xh7DE4u4duU4","price":"00000000000000000000000000000000000000000000000000312eb88f9fd920","lu":1586254503000,"exp":1586859300000},{"address":"TF3s4vcrVTUVpRseYJWiP3xh7DE4u4duU4","price":"000000000000000000000000000000000000000000000000003131b259505a00","lu":1586258103000,"exp":1586862900000},{"address":"TF3s4vcrVTUVpRseYJWiP3xh7DE4u4duU4","price":"00000000000000000000000000000000000000000000000000314cc473c4cb00","lu":1586261703000,"exp":1586866500000},{"address":"TF3s4vcrVTUVpRseYJWiP3xh7DE4u4duU4","price":"00000000000000000000000000000000000000000000000000310e4f85bd40c0","lu":1586265303000,"exp":1586870100000},{"address":"TF3s4vcrVTUVpRseYJWiP3xh7DE4u4duU4","price":"0000000000000000000000000000000000000000000000000030e79cbb6cdde0","lu":1586268903000,"exp":1586873700000},{"address":"TF3s4vcrVTUVpRseYJWiP3xh7DE4u4duU4","price":"0000000000000000000000000000000000000000000000000030a21c9b1a7d60","lu":1586272503000,"exp":1586877300000},{"address":"TF3s4vcrVTUVpRseYJWiP3xh7DE4u4duU4","price":"0000000000000000000000000000000000000000000000000030f9d955f74780","lu":1586276103000,"exp":1586880900000},{"address":"TF3s4vcrVTUVpRseYJWiP3xh7DE4u4duU4","price":"000000000000000000000000000000000000000000000000003143ee56d80fe0","lu":1586279703000,"exp":1586884500000},{"address":"TF3s4vcrVTUVpRseYJWiP3xh7DE4u4duU4","price":"0000000000000000000000000000000000000000000000000031185db6cf82a0","lu":1586283303000,"exp":1586888100000},{"address":"TF3s4vcrVTUVpRseYJWiP3xh7DE4u4duU4","price":"000000000000000000000000000000000000000000000000003115e1325861a0","lu":1586286903000,"exp":1586891700000},{"address":"TF3s4vcrVTUVpRseYJWiP3xh7DE4u4duU4","price":"00000000000000000000000000000000000000000000000000304f9c053ba940","lu":1586290503000,"exp":1586895300000},{"address":"TF3s4vcrVTUVpRseYJWiP3xh7DE4u4duU4","price":"000000000000000000000000000000000000000000000000002f6c88d2917160","lu":1586294103000,"exp":1586898900000},{"address":"TF3s4vcrVTUVpRseYJWiP3xh7DE4u4duU4","price":"000000000000000000000000000000000000000000000000002f712cfd2d3960","lu":1586297703000,"exp":1586902500000},{"address":"TF3s4vcrVTUVpRseYJWiP3xh7DE4u4duU4","price":"000000000000000000000000000000000000000000000000002f3fbc92f78f60","lu":1586301303000,"exp":1586906100000},{"address":"TF3s4vcrVTUVpRseYJWiP3xh7DE4u4duU4","price":"000000000000000000000000000000000000000000000000002f0d2b6d21fe60","lu":1586304903000,"exp":1586909700000},{"address":"TF3s4vcrVTUVpRseYJWiP3xh7DE4u4duU4","price":"000000000000000000000000000000000000000000000000002efd282e423420","lu":1586308503000,"exp":1586913300000},{"address":"TF3s4vcrVTUVpRseYJWiP3xh7DE4u4duU4","price":"000000000000000000000000000000000000000000000000002ef6e61e5220e0","lu":1586312103000,"exp":1586916900000},{"address":"TF3s4vcrVTUVpRseYJWiP3xh7DE4u4duU4","price":"000000000000000000000000000000000000000000000000002fee79c6102080","lu":1586315703000,"exp":1586920500000},{"address":"TF3s4vcrVTUVpRseYJWiP3xh7DE4u4duU4","price":"000000000000000000000000000000000000000000000000003046f181ad6a80","lu":1586319303000,"exp":1586924100000},{"address":"TF3s4vcrVTUVpRseYJWiP3xh7DE4u4duU4","price":"00000000000000000000000000000000000000000000000000308f72537790e0","lu":1586322903000,"exp":1586927700000},{"address":"TF3s4vcrVTUVpRseYJWiP3xh7DE4u4duU4","price":"00000000000000000000000000000000000000000000000000308b10e324f860","lu":1586326503000,"exp":1586931300000},{"address":"TF3s4vcrVTUVpRseYJWiP3xh7DE4u4duU4","price":"00000000000000000000000000000000000000000000000000304fbd759abd40","lu":1586330103000,"exp":1586934900000},{"address":"TF3s4vcrVTUVpRseYJWiP3xh7DE4u4duU4","price":"00000000000000000000000000000000000000000000000000303feb8463a9e0","lu":1586333703000,"exp":1586938500000},{"address":"TF3s4vcrVTUVpRseYJWiP3xh7DE4u4duU4","price":"00000000000000000000000000000000000000000000000000303dc98cbb08a0","lu":1586337303000,"exp":1586942100000},{"address":"TF3s4vcrVTUVpRseYJWiP3xh7DE4u4duU4","price":"00000000000000000000000000000000000000000000000000305ba80f449e20","lu":1586340903000,"exp":1586945700000},{"address":"TF3s4vcrVTUVpRseYJWiP3xh7DE4u4duU4","price":"00000000000000000000000000000000000000000000000000300096389206e0","lu":1586344503000,"exp":1586949300000},{"address":"TF3s4vcrVTUVpRseYJWiP3xh7DE4u4duU4","price":"00000000000000000000000000000000000000000000000000301569b3bbf320","lu":1586348103000,"exp":1586952900000},{"address":"TF3s4vcrVTUVpRseYJWiP3xh7DE4u4duU4","price":"000000000000000000000000000000000000000000000000002fe029b2f6cac0","lu":1586351703000,"exp":1586956500000},{"address":"TF3s4vcrVTUVpRseYJWiP3xh7DE4u4duU4","price":"000000000000000000000000000000000000000000000000002fe99382ade6a0","lu":1586355303000,"exp":1586960100000},{"address":"TF3s4vcrVTUVpRseYJWiP3xh7DE4u4duU4","price":"0000000000000000000000000000000000000000000000000030552b35cea000","lu":1586358903000,"exp":1586963700000},{"address":"TF3s4vcrVTUVpRseYJWiP3xh7DE4u4duU4","price":"00000000000000000000000000000000000000000000000000305fd3e8930980","lu":1586362503000,"exp":1586967300000},{"address":"TF3s4vcrVTUVpRseYJWiP3xh7DE4u4duU4","price":"0000000000000000000000000000000000000000000000000030b3efb9593b60","lu":1586366103000,"exp":1586970900000},{"address":"TF3s4vcrVTUVpRseYJWiP3xh7DE4u4duU4","price":"00000000000000000000000000000000000000000000000000306d7d93adec20","lu":1586369703000,"exp":1586974500000},{"address":"TF3s4vcrVTUVpRseYJWiP3xh7DE4u4duU4","price":"000000000000000000000000000000000000000000000000003082bc00ccdd40","lu":1586373303000,"exp":1586978100000},{"address":"TF3s4vcrVTUVpRseYJWiP3xh7DE4u4duU4","price":"000000000000000000000000000000000000000000000000003082cb0d773680","lu":1586376903000,"exp":1586981700000},{"address":"TF3s4vcrVTUVpRseYJWiP3xh7DE4u4duU4","price":"0000000000000000000000000000000000000000000000000030a41110b66660","lu":1586380503000,"exp":1586985300000},{"address":"TF3s4vcrVTUVpRseYJWiP3xh7DE4u4duU4","price":"00000000000000000000000000000000000000000000000000309dc32d3764a0","lu":1586384103000,"exp":1586988900000},{"address":"TF3s4vcrVTUVpRseYJWiP3xh7DE4u4duU4","price":"0000000000000000000000000000000000000000000000000030ae440a4f74a0","lu":1586387703000,"exp":1586992500000},{"address":"TF3s4vcrVTUVpRseYJWiP3xh7DE4u4duU4","price":"00000000000000000000000000000000000000000000000000309328728c8c60","lu":1586391303000,"exp":1586996100000},{"address":"TF3s4vcrVTUVpRseYJWiP3xh7DE4u4duU4","price":"0000000000000000000000000000000000000000000000000030a3a8ea28ff20","lu":1586394903000,"exp":1586999700000},{"address":"TF3s4vcrVTUVpRseYJWiP3xh7DE4u4duU4","price":"000000000000000000000000000000000000000000000000003055edf8250fa0","lu":1586398503000,"exp":1587003300000},{"address":"TF3s4vcrVTUVpRseYJWiP3xh7DE4u4duU4","price":"00000000000000000000000000000000000000000000000000306ebfa603fe80","lu":1586402103000,"exp":1587006900000},{"address":"TF3s4vcrVTUVpRseYJWiP3xh7DE4u4duU4","price":"000000000000000000000000000000000000000000000000002ffa8f2c06a0a0","lu":1586405703000,"exp":1587010500000},{"address":"TF3s4vcrVTUVpRseYJWiP3xh7DE4u4duU4","price":"0000000000000000000000000000000000000000000000000030373490624d60","lu":1586409303000,"exp":1587014100000},{"address":"TF3s4vcrVTUVpRseYJWiP3xh7DE4u4duU4","price":"000000000000000000000000000000000000000000000000003040744928b4e0","lu":1586412903000,"exp":1587017700000},{"address":"TF3s4vcrVTUVpRseYJWiP3xh7DE4u4duU4","price":"00000000000000000000000000000000000000000000000000304ec6a1d20be0","lu":1586416503000,"exp":1587021300000},{"address":"TF3s4vcrVTUVpRseYJWiP3xh7DE4u4duU4","price":"00000000000000000000000000000000000000000000000000306a7f2546cfa0","lu":1586420103000,"exp":1587024900000},{"address":"TF3s4vcrVTUVpRseYJWiP3xh7DE4u4duU4","price":"00000000000000000000000000000000000000000000000000306a2b397023e0","lu":1586423703000,"exp":1587028500000},{"address":"TF3s4vcrVTUVpRseYJWiP3xh7DE4u4duU4","price":"00000000000000000000000000000000000000000000000000304b67771b3d20","lu":1586427303000,"exp":1587032100000},{"address":"TF3s4vcrVTUVpRseYJWiP3xh7DE4u4duU4","price":"000000000000000000000000000000000000000000000000003074897ed45e20","lu":1586430903000,"exp":1587035700000},{"address":"TF3s4vcrVTUVpRseYJWiP3xh7DE4u4duU4","price":"000000000000000000000000000000000000000000000000002f71084b376740","lu":1586434503000,"exp":1587039300000},{"address":"TF3s4vcrVTUVpRseYJWiP3xh7DE4u4duU4","price":"0000000000000000000000000000000000000000000000000030084c59caa160","lu":1586438103000,"exp":1587042900000},{"address":"TF3s4vcrVTUVpRseYJWiP3xh7DE4u4duU4","price":"00000000000000000000000000000000000000000000000000302d4d92b3cc60","lu":1586441703000,"exp":1587046500000},{"address":"TF3s4vcrVTUVpRseYJWiP3xh7DE4u4duU4","price":"0000000000000000000000000000000000000000000000000030251ed9121900","lu":1586445303000,"exp":1587050100000},{"address":"TF3s4vcrVTUVpRseYJWiP3xh7DE4u4duU4","price":"000000000000000000000000000000000000000000000000002fd7bb154c9f00","lu":1586448903000,"exp":1587053700000},{"address":"TF3s4vcrVTUVpRseYJWiP3xh7DE4u4duU4","price":"000000000000000000000000000000000000000000000000002fb9dab2ad1ee0","lu":1586452503000,"exp":1587057300000},{"address":"TF3s4vcrVTUVpRseYJWiP3xh7DE4u4duU4","price":"000000000000000000000000000000000000000000000000002fd92164f496e0","lu":1586456103000,"exp":1587060900000},{"address":"TF3s4vcrVTUVpRseYJWiP3xh7DE4u4duU4","price":"000000000000000000000000000000000000000000000000002f9bfde6b12100","lu":1586459703000,"exp":1587064500000},{"address":"TF3s4vcrVTUVpRseYJWiP3xh7DE4u4duU4","price":"000000000000000000000000000000000000000000000000002f70745348d480","lu":1586463303000,"exp":1587068100000},{"address":"TF3s4vcrVTUVpRseYJWiP3xh7DE4u4duU4","price":"000000000000000000000000000000000000000000000000002f841a80cf82a0","lu":1586466903000,"exp":1587071700000},{"address":"TF3s4vcrVTUVpRseYJWiP3xh7DE4u4duU4","price":"000000000000000000000000000000000000000000000000002fd5d1c990ec00","lu":1586470503000,"exp":1587075300000},{"address":"TF3s4vcrVTUVpRseYJWiP3xh7DE4u4duU4","price":"000000000000000000000000000000000000000000000000002ff89f6e64f740","lu":1586474103000,"exp":1587078900000},{"address":"TF3s4vcrVTUVpRseYJWiP3xh7DE4u4duU4","price":"000000000000000000000000000000000000000000000000002fe0093e151f60","lu":1586477703000,"exp":1587082500000},{"address":"TF3s4vcrVTUVpRseYJWiP3xh7DE4u4duU4","price":"000000000000000000000000000000000000000000000000002fdba7228eb500","lu":1586481303000,"exp":1587086100000},{"address":"TF3s4vcrVTUVpRseYJWiP3xh7DE4u4duU4","price":"000000000000000000000000000000000000000000000000002f8ee50bb3f980","lu":1586484903000,"exp":1587089700000},{"address":"TF3s4vcrVTUVpRseYJWiP3xh7DE4u4duU4","price":"000000000000000000000000000000000000000000000000002f3e2af129d540","lu":1586488503000,"exp":1587093300000},{"address":"TF3s4vcrVTUVpRseYJWiP3xh7DE4u4duU4","price":"000000000000000000000000000000000000000000000000002dbd4bc842d700","lu":1586492103000,"exp":1587096900000}],"feedAddress":"TF3s4vcrVTUVpRseYJWiP3xh7DE4u4duU4"},{"feedEventDTOList":[{"address":"TCy1KL3UgDvDwA7j5tDimU6tszrbrAGdse","price":"000000000000000000000000000000000000000000000000002ae2c6006a0e40","lu":1585909623000,"exp":1586514420000},{"address":"TCy1KL3UgDvDwA7j5tDimU6tszrbrAGdse","price":"000000000000000000000000000000000000000000000000002af44cd8b9e1c0","lu":1585913223000,"exp":1586518020000},{"address":"TCy1KL3UgDvDwA7j5tDimU6tszrbrAGdse","price":"000000000000000000000000000000000000000000000000002b1c054e464340","lu":1585916823000,"exp":1586521620000},{"address":"TCy1KL3UgDvDwA7j5tDimU6tszrbrAGdse","price":"000000000000000000000000000000000000000000000000002a791fcc658580","lu":1585920423000,"exp":1586525220000},{"address":"TCy1KL3UgDvDwA7j5tDimU6tszrbrAGdse","price":"000000000000000000000000000000000000000000000000002a5fa885c56c20","lu":1585924023000,"exp":1586528820000},{"address":"TCy1KL3UgDvDwA7j5tDimU6tszrbrAGdse","price":"000000000000000000000000000000000000000000000000002a39a22ffad360","lu":1585927623000,"exp":1586532420000},{"address":"TCy1KL3UgDvDwA7j5tDimU6tszrbrAGdse","price":"000000000000000000000000000000000000000000000000002a0f5335f37f20","lu":1585931223000,"exp":1586536020000},{"address":"TCy1KL3UgDvDwA7j5tDimU6tszrbrAGdse","price":"000000000000000000000000000000000000000000000000002a424f0e5ef000","lu":1585934823000,"exp":1586539620000},{"address":"TCy1KL3UgDvDwA7j5tDimU6tszrbrAGdse","price":"000000000000000000000000000000000000000000000000002a32e463ea9da0","lu":1585938423000,"exp":1586543220000},{"address":"TCy1KL3UgDvDwA7j5tDimU6tszrbrAGdse","price":"000000000000000000000000000000000000000000000000002a3b82da376be0","lu":1585942023000,"exp":1586546820000},{"address":"TCy1KL3UgDvDwA7j5tDimU6tszrbrAGdse","price":"000000000000000000000000000000000000000000000000002a64a01bb46640","lu":1585945623000,"exp":1586550420000},{"address":"TCy1KL3UgDvDwA7j5tDimU6tszrbrAGdse","price":"000000000000000000000000000000000000000000000000002a27cff0ce1a00","lu":1585949223000,"exp":1586554020000},{"address":"TCy1KL3UgDvDwA7j5tDimU6tszrbrAGdse","price":"000000000000000000000000000000000000000000000000002a56b4813ce040","lu":1585952823000,"exp":1586557620000},{"address":"TCy1KL3UgDvDwA7j5tDimU6tszrbrAGdse","price":"000000000000000000000000000000000000000000000000002a68f4d0339d40","lu":1585956423000,"exp":1586561220000},{"address":"TCy1KL3UgDvDwA7j5tDimU6tszrbrAGdse","price":"000000000000000000000000000000000000000000000000002a927355addec0","lu":1585960023000,"exp":1586564820000},{"address":"TCy1KL3UgDvDwA7j5tDimU6tszrbrAGdse","price":"000000000000000000000000000000000000000000000000002a904a7481f0a0","lu":1585963623000,"exp":1586568420000},{"address":"TCy1KL3UgDvDwA7j5tDimU6tszrbrAGdse","price":"000000000000000000000000000000000000000000000000002a83fbe2c8fbe0","lu":1585967223000,"exp":1586572020000},{"address":"TCy1KL3UgDvDwA7j5tDimU6tszrbrAGdse","price":"000000000000000000000000000000000000000000000000002a025e29fd6020","lu":1585970823000,"exp":1586575620000},{"address":"TCy1KL3UgDvDwA7j5tDimU6tszrbrAGdse","price":"0000000000000000000000000000000000000000000000000029f9363a8ff500","lu":1585974423000,"exp":1586579220000},{"address":"TCy1KL3UgDvDwA7j5tDimU6tszrbrAGdse","price":"000000000000000000000000000000000000000000000000002a1ae1973bf3e0","lu":1585978023000,"exp":1586582820000},{"address":"TCy1KL3UgDvDwA7j5tDimU6tszrbrAGdse","price":"000000000000000000000000000000000000000000000000002a04bd5abb4540","lu":1585981623000,"exp":1586586420000},{"address":"TCy1KL3UgDvDwA7j5tDimU6tszrbrAGdse","price":"0000000000000000000000000000000000000000000000000029faf8e09918a0","lu":1585985223000,"exp":1586590020000},{"address":"TCy1KL3UgDvDwA7j5tDimU6tszrbrAGdse","price":"000000000000000000000000000000000000000000000000002a3486395b6300","lu":1585988823000,"exp":1586593620000},{"address":"TCy1KL3UgDvDwA7j5tDimU6tszrbrAGdse","price":"000000000000000000000000000000000000000000000000002a7f4a8dfe2c80","lu":1585992423000,"exp":1586597220000},{"address":"TCy1KL3UgDvDwA7j5tDimU6tszrbrAGdse","price":"000000000000000000000000000000000000000000000000002ab22aa983b840","lu":1585996023000,"exp":1586600820000},{"address":"TCy1KL3UgDvDwA7j5tDimU6tszrbrAGdse","price":"000000000000000000000000000000000000000000000000002a7bd40af59f40","lu":1585999623000,"exp":1586604420000},{"address":"TCy1KL3UgDvDwA7j5tDimU6tszrbrAGdse","price":"000000000000000000000000000000000000000000000000002a6a47bb5b6980","lu":1586003223000,"exp":1586608020000},{"address":"TCy1KL3UgDvDwA7j5tDimU6tszrbrAGdse","price":"000000000000000000000000000000000000000000000000002a30e5ec076840","lu":1586006823000,"exp":1586611620000},{"address":"TCy1KL3UgDvDwA7j5tDimU6tszrbrAGdse","price":"000000000000000000000000000000000000000000000000002a2d1c45290d20","lu":1586010423000,"exp":1586615220000},{"address":"TCy1KL3UgDvDwA7j5tDimU6tszrbrAGdse","price":"000000000000000000000000000000000000000000000000002a4794a6b72580","lu":1586014023000,"exp":1586618820000},{"address":"TCy1KL3UgDvDwA7j5tDimU6tszrbrAGdse","price":"000000000000000000000000000000000000000000000000002a82a039136c40","lu":1586017623000,"exp":1586622420000},{"address":"TCy1KL3UgDvDwA7j5tDimU6tszrbrAGdse","price":"000000000000000000000000000000000000000000000000002a7a468f572540","lu":1586021223000,"exp":1586626020000},{"address":"TCy1KL3UgDvDwA7j5tDimU6tszrbrAGdse","price":"000000000000000000000000000000000000000000000000002a7fc6fc7c3c20","lu":1586024823000,"exp":1586629620000},{"address":"TCy1KL3UgDvDwA7j5tDimU6tszrbrAGdse","price":"000000000000000000000000000000000000000000000000002a51d7aeec7c80","lu":1586028423000,"exp":1586633220000},{"address":"TCy1KL3UgDvDwA7j5tDimU6tszrbrAGdse","price":"000000000000000000000000000000000000000000000000002a7ac071a51000","lu":1586032023000,"exp":1586636820000},{"address":"TCy1KL3UgDvDwA7j5tDimU6tszrbrAGdse","price":"000000000000000000000000000000000000000000000000002a8d1080d3b9c0","lu":1586035623000,"exp":1586640420000},{"address":"TCy1KL3UgDvDwA7j5tDimU6tszrbrAGdse","price":"000000000000000000000000000000000000000000000000002a661a82609c80","lu":1586039223000,"exp":1586644020000},{"address":"TCy1KL3UgDvDwA7j5tDimU6tszrbrAGdse","price":"000000000000000000000000000000000000000000000000002a83770b9c7f40","lu":1586042823000,"exp":1586647620000},{"address":"TCy1KL3UgDvDwA7j5tDimU6tszrbrAGdse","price":"000000000000000000000000000000000000000000000000002aabf596421d20","lu":1586046423000,"exp":1586651220000},{"address":"TCy1KL3UgDvDwA7j5tDimU6tszrbrAGdse","price":"000000000000000000000000000000000000000000000000002aa31eaa65eb40","lu":1586050023000,"exp":1586654820000},{"address":"TCy1KL3UgDvDwA7j5tDimU6tszrbrAGdse","price":"000000000000000000000000000000000000000000000000002a872dca1ca300","lu":1586053623000,"exp":1586658420000},{"address":"TCy1KL3UgDvDwA7j5tDimU6tszrbrAGdse","price":"000000000000000000000000000000000000000000000000002aacfb1f6f3c80","lu":1586057223000,"exp":1586662020000},{"address":"TCy1KL3UgDvDwA7j5tDimU6tszrbrAGdse","price":"000000000000000000000000000000000000000000000000002a579e2de243a0","lu":1586060823000,"exp":1586665620000},{"address":"TCy1KL3UgDvDwA7j5tDimU6tszrbrAGdse","price":"000000000000000000000000000000000000000000000000002a65e8efde7840","lu":1586064423000,"exp":1586669220000},{"address":"TCy1KL3UgDvDwA7j5tDimU6tszrbrAGdse","price":"000000000000000000000000000000000000000000000000002a5528fe553f60","lu":1586068023000,"exp":1586672820000},{"address":"TCy1KL3UgDvDwA7j5tDimU6tszrbrAGdse","price":"000000000000000000000000000000000000000000000000002a557a79f332c0","lu":1586071623000,"exp":1586676420000},{"address":"TCy1KL3UgDvDwA7j5tDimU6tszrbrAGdse","price":"000000000000000000000000000000000000000000000000002a59e445a36800","lu":1586075223000,"exp":1586680020000},{"address":"TCy1KL3UgDvDwA7j5tDimU6tszrbrAGdse","price":"000000000000000000000000000000000000000000000000002a6ad49acec260","lu":1586078823000,"exp":1586683620000},{"address":"TCy1KL3UgDvDwA7j5tDimU6tszrbrAGdse","price":"000000000000000000000000000000000000000000000000002a5c4bd6c0a6e0","lu":1586082423000,"exp":1586687220000},{"address":"TCy1KL3UgDvDwA7j5tDimU6tszrbrAGdse","price":"000000000000000000000000000000000000000000000000002a5b01fbcc1b40","lu":1586086023000,"exp":1586690820000},{"address":"TCy1KL3UgDvDwA7j5tDimU6tszrbrAGdse","price":"000000000000000000000000000000000000000000000000002a5d9b8ec162c0","lu":1586089623000,"exp":1586694420000},{"address":"TCy1KL3UgDvDwA7j5tDimU6tszrbrAGdse","price":"000000000000000000000000000000000000000000000000002be528999b42e0","lu":1586093223000,"exp":1586698020000},{"address":"TCy1KL3UgDvDwA7j5tDimU6tszrbrAGdse","price":"000000000000000000000000000000000000000000000000002cff22ad7d2660","lu":1586096823000,"exp":1586701620000},{"address":"TCy1KL3UgDvDwA7j5tDimU6tszrbrAGdse","price":"000000000000000000000000000000000000000000000000002c961f4682d200","lu":1586100423000,"exp":1586705220000},{"address":"TCy1KL3UgDvDwA7j5tDimU6tszrbrAGdse","price":"000000000000000000000000000000000000000000000000002cb7bb257104c0","lu":1586104023000,"exp":1586708820000},{"address":"TCy1KL3UgDvDwA7j5tDimU6tszrbrAGdse","price":"000000000000000000000000000000000000000000000000002befd304bea8a0","lu":1586107623000,"exp":1586712420000},{"address":"TCy1KL3UgDvDwA7j5tDimU6tszrbrAGdse","price":"000000000000000000000000000000000000000000000000002c76a5d0925040","lu":1586111223000,"exp":1586716020000},{"address":"TCy1KL3UgDvDwA7j5tDimU6tszrbrAGdse","price":"000000000000000000000000000000000000000000000000002c6addcb6cf120","lu":1586114823000,"exp":1586719620000},{"address":"TCy1KL3UgDvDwA7j5tDimU6tszrbrAGdse","price":"000000000000000000000000000000000000000000000000002c514d27ac3e00","lu":1586118423000,"exp":1586723220000},{"address":"TCy1KL3UgDvDwA7j5tDimU6tszrbrAGdse","price":"000000000000000000000000000000000000000000000000002c52d1202c8560","lu":1586122023000,"exp":1586726820000},{"address":"TCy1KL3UgDvDwA7j5tDimU6tszrbrAGdse","price":"000000000000000000000000000000000000000000000000002c73a3e4ed76a0","lu":1586125623000,"exp":1586730420000},{"address":"TCy1KL3UgDvDwA7j5tDimU6tszrbrAGdse","price":"000000000000000000000000000000000000000000000000002c8b9f5e5d42a0","lu":1586129223000,"exp":1586734020000},{"address":"TCy1KL3UgDvDwA7j5tDimU6tszrbrAGdse","price":"000000000000000000000000000000000000000000000000002d0a7404977b60","lu":1586132823000,"exp":1586737620000},{"address":"TCy1KL3UgDvDwA7j5tDimU6tszrbrAGdse","price":"000000000000000000000000000000000000000000000000002d3967d03309c0","lu":1586136423000,"exp":1586741220000},{"address":"TCy1KL3UgDvDwA7j5tDimU6tszrbrAGdse","price":"000000000000000000000000000000000000000000000000002dcc097f03b1a0","lu":1586140023000,"exp":1586744820000},{"address":"TCy1KL3UgDvDwA7j5tDimU6tszrbrAGdse","price":"000000000000000000000000000000000000000000000000002dc4adc8bb8ba0","lu":1586143623000,"exp":1586748420000},{"address":"TCy1KL3UgDvDwA7j5tDimU6tszrbrAGdse","price":"000000000000000000000000000000000000000000000000002e12197621d020","lu":1586147223000,"exp":1586752020000},{"address":"TCy1KL3UgDvDwA7j5tDimU6tszrbrAGdse","price":"000000000000000000000000000000000000000000000000002db14d8100f020","lu":1586150823000,"exp":1586755620000},{"address":"TCy1KL3UgDvDwA7j5tDimU6tszrbrAGdse","price":"000000000000000000000000000000000000000000000000002e0ee8927a99c0","lu":1586154423000,"exp":1586759220000},{"address":"TCy1KL3UgDvDwA7j5tDimU6tszrbrAGdse","price":"000000000000000000000000000000000000000000000000002ddc7d58eb0700","lu":1586158023000,"exp":1586762820000},{"address":"TCy1KL3UgDvDwA7j5tDimU6tszrbrAGdse","price":"000000000000000000000000000000000000000000000000002e0fe0c2962180","lu":1586161623000,"exp":1586766420000},{"address":"TCy1KL3UgDvDwA7j5tDimU6tszrbrAGdse","price":"000000000000000000000000000000000000000000000000002e57a839f88240","lu":1586165223000,"exp":1586770020000},{"address":"TCy1KL3UgDvDwA7j5tDimU6tszrbrAGdse","price":"000000000000000000000000000000000000000000000000002e857f7796c300","lu":1586168823000,"exp":1586773620000},{"address":"TCy1KL3UgDvDwA7j5tDimU6tszrbrAGdse","price":"000000000000000000000000000000000000000000000000002ed4d76e7049c0","lu":1586172423000,"exp":1586777220000},{"address":"TCy1KL3UgDvDwA7j5tDimU6tszrbrAGdse","price":"000000000000000000000000000000000000000000000000002e9928b962ed60","lu":1586176023000,"exp":1586780820000},{"address":"TCy1KL3UgDvDwA7j5tDimU6tszrbrAGdse","price":"000000000000000000000000000000000000000000000000002f2c1cb0e7f9a0","lu":1586179623000,"exp":1586784420000},{"address":"TCy1KL3UgDvDwA7j5tDimU6tszrbrAGdse","price":"000000000000000000000000000000000000000000000000002e9d954dd9d6a0","lu":1586183223000,"exp":1586788020000},{"address":"TCy1KL3UgDvDwA7j5tDimU6tszrbrAGdse","price":"000000000000000000000000000000000000000000000000002ee80af3a6c4c0","lu":1586186823000,"exp":1586791620000},{"address":"TCy1KL3UgDvDwA7j5tDimU6tszrbrAGdse","price":"000000000000000000000000000000000000000000000000002f7fcd430c3ea0","lu":1586190423000,"exp":1586795220000},{"address":"TCy1KL3UgDvDwA7j5tDimU6tszrbrAGdse","price":"000000000000000000000000000000000000000000000000002ffe261ff58fc0","lu":1586194023000,"exp":1586798820000},{"address":"TCy1KL3UgDvDwA7j5tDimU6tszrbrAGdse","price":"000000000000000000000000000000000000000000000000002fed9ff2cb6600","lu":1586197623000,"exp":1586802420000},{"address":"TCy1KL3UgDvDwA7j5tDimU6tszrbrAGdse","price":"000000000000000000000000000000000000000000000000003015684b372a00","lu":1586201223000,"exp":1586806020000},{"address":"TCy1KL3UgDvDwA7j5tDimU6tszrbrAGdse","price":"000000000000000000000000000000000000000000000000002fc26707284320","lu":1586204823000,"exp":1586809620000},{"address":"TCy1KL3UgDvDwA7j5tDimU6tszrbrAGdse","price":"000000000000000000000000000000000000000000000000002fa36538ed48e0","lu":1586208423000,"exp":1586813220000},{"address":"TCy1KL3UgDvDwA7j5tDimU6tszrbrAGdse","price":"000000000000000000000000000000000000000000000000002ff5e52a06b780","lu":1586212023000,"exp":1586816820000},{"address":"TCy1KL3UgDvDwA7j5tDimU6tszrbrAGdse","price":"000000000000000000000000000000000000000000000000002ffb30b734e5a0","lu":1586215623000,"exp":1586820420000},{"address":"TCy1KL3UgDvDwA7j5tDimU6tszrbrAGdse","price":"00000000000000000000000000000000000000000000000000317f412ba72c00","lu":1586219223000,"exp":1586824020000},{"address":"TCy1KL3UgDvDwA7j5tDimU6tszrbrAGdse","price":"0000000000000000000000000000000000000000000000000030fe5563737de0","lu":1586222823000,"exp":1586827620000},{"address":"TCy1KL3UgDvDwA7j5tDimU6tszrbrAGdse","price":"00000000000000000000000000000000000000000000000000303af8ee04bda0","lu":1586226423000,"exp":1586831220000},{"address":"TCy1KL3UgDvDwA7j5tDimU6tszrbrAGdse","price":"00000000000000000000000000000000000000000000000000303bdfb86cdf00","lu":1586230023000,"exp":1586834820000},{"address":"TCy1KL3UgDvDwA7j5tDimU6tszrbrAGdse","price":"000000000000000000000000000000000000000000000000003044107fc69e00","lu":1586233623000,"exp":1586838420000},{"address":"TCy1KL3UgDvDwA7j5tDimU6tszrbrAGdse","price":"000000000000000000000000000000000000000000000000003026c5951b0420","lu":1586237223000,"exp":1586842020000},{"address":"TCy1KL3UgDvDwA7j5tDimU6tszrbrAGdse","price":"00000000000000000000000000000000000000000000000000302ec0daf80f80","lu":1586240823000,"exp":1586845620000},{"address":"TCy1KL3UgDvDwA7j5tDimU6tszrbrAGdse","price":"0000000000000000000000000000000000000000000000000030e03328054760","lu":1586244423000,"exp":1586849220000},{"address":"TCy1KL3UgDvDwA7j5tDimU6tszrbrAGdse","price":"0000000000000000000000000000000000000000000000000030e518bb2d5e80","lu":1586248023000,"exp":1586852820000},{"address":"TCy1KL3UgDvDwA7j5tDimU6tszrbrAGdse","price":"0000000000000000000000000000000000000000000000000030eb29b0ae2220","lu":1586251623000,"exp":1586856420000},{"address":"TCy1KL3UgDvDwA7j5tDimU6tszrbrAGdse","price":"0000000000000000000000000000000000000000000000000031224f1530c2a0","lu":1586255223000,"exp":1586860020000},{"address":"TCy1KL3UgDvDwA7j5tDimU6tszrbrAGdse","price":"000000000000000000000000000000000000000000000000003112e2505cf3c0","lu":1586258823000,"exp":1586863620000},{"address":"TCy1KL3UgDvDwA7j5tDimU6tszrbrAGdse","price":"0000000000000000000000000000000000000000000000000031857ad5469860","lu":1586262423000,"exp":1586867220000},{"address":"TCy1KL3UgDvDwA7j5tDimU6tszrbrAGdse","price":"00000000000000000000000000000000000000000000000000312deae065fe80","lu":1586266023000,"exp":1586870820000},{"address":"TCy1KL3UgDvDwA7j5tDimU6tszrbrAGdse","price":"0000000000000000000000000000000000000000000000000030a1324d032540","lu":1586269623000,"exp":1586874420000},{"address":"TCy1KL3UgDvDwA7j5tDimU6tszrbrAGdse","price":"0000000000000000000000000000000000000000000000000030c8237a85a160","lu":1586273223000,"exp":1586878020000},{"address":"TCy1KL3UgDvDwA7j5tDimU6tszrbrAGdse","price":"0000000000000000000000000000000000000000000000000031244d51b01c80","lu":1586276823000,"exp":1586881620000},{"address":"TCy1KL3UgDvDwA7j5tDimU6tszrbrAGdse","price":"00000000000000000000000000000000000000000000000000312a579e40f280","lu":1586280423000,"exp":1586885220000},{"address":"TCy1KL3UgDvDwA7j5tDimU6tszrbrAGdse","price":"00000000000000000000000000000000000000000000000000310abb1851d380","lu":1586284023000,"exp":1586888820000},{"address":"TCy1KL3UgDvDwA7j5tDimU6tszrbrAGdse","price":"000000000000000000000000000000000000000000000000003118759dab1f60","lu":1586287623000,"exp":1586892420000},{"address":"TCy1KL3UgDvDwA7j5tDimU6tszrbrAGdse","price":"000000000000000000000000000000000000000000000000002f7ddf2b5a0660","lu":1586291223000,"exp":1586896020000},{"address":"TCy1KL3UgDvDwA7j5tDimU6tszrbrAGdse","price":"000000000000000000000000000000000000000000000000002f5b6ee63ba6c0","lu":1586294823000,"exp":1586899620000},{"address":"TCy1KL3UgDvDwA7j5tDimU6tszrbrAGdse","price":"000000000000000000000000000000000000000000000000002f838e55700440","lu":1586298423000,"exp":1586903220000},{"address":"TCy1KL3UgDvDwA7j5tDimU6tszrbrAGdse","price":"000000000000000000000000000000000000000000000000002f25a18744db80","lu":1586302023000,"exp":1586906820000},{"address":"TCy1KL3UgDvDwA7j5tDimU6tszrbrAGdse","price":"000000000000000000000000000000000000000000000000002f14cf658fa7a0","lu":1586305623000,"exp":1586910420000},{"address":"TCy1KL3UgDvDwA7j5tDimU6tszrbrAGdse","price":"000000000000000000000000000000000000000000000000002efc8962c3ac00","lu":1586309223000,"exp":1586914020000},{"address":"TCy1KL3UgDvDwA7j5tDimU6tszrbrAGdse","price":"000000000000000000000000000000000000000000000000002ef051cff446c0","lu":1586312823000,"exp":1586917620000},{"address":"TCy1KL3UgDvDwA7j5tDimU6tszrbrAGdse","price":"000000000000000000000000000000000000000000000000002fd905fff040c0","lu":1586316423000,"exp":1586921220000},{"address":"TCy1KL3UgDvDwA7j5tDimU6tszrbrAGdse","price":"00000000000000000000000000000000000000000000000000304a500de8a120","lu":1586320023000,"exp":1586924820000},{"address":"TCy1KL3UgDvDwA7j5tDimU6tszrbrAGdse","price":"0000000000000000000000000000000000000000000000000030a776e447c600","lu":1586323623000,"exp":1586928420000},{"address":"TCy1KL3UgDvDwA7j5tDimU6tszrbrAGdse","price":"000000000000000000000000000000000000000000000000003077d8d5a1bf20","lu":1586327223000,"exp":1586932020000},{"address":"TCy1KL3UgDvDwA7j5tDimU6tszrbrAGdse","price":"000000000000000000000000000000000000000000000000003045ddfd0406e0","lu":1586330823000,"exp":1586935620000},{"address":"TCy1KL3UgDvDwA7j5tDimU6tszrbrAGdse","price":"000000000000000000000000000000000000000000000000003051e6f99f3500","lu":1586334423000,"exp":1586939220000},{"address":"TCy1KL3UgDvDwA7j5tDimU6tszrbrAGdse","price":"00000000000000000000000000000000000000000000000000305dec19c027c0","lu":1586338023000,"exp":1586942820000},{"address":"TCy1KL3UgDvDwA7j5tDimU6tszrbrAGdse","price":"0000000000000000000000000000000000000000000000000030795d4583daa0","lu":1586341623000,"exp":1586946420000},{"address":"TCy1KL3UgDvDwA7j5tDimU6tszrbrAGdse","price":"0000000000000000000000000000000000000000000000000030004a50145080","lu":1586345223000,"exp":1586950020000},{"address":"TCy1KL3UgDvDwA7j5tDimU6tszrbrAGdse","price":"00000000000000000000000000000000000000000000000000300a7e7dd9e320","lu":1586348823000,"exp":1586953620000},{"address":"TCy1KL3UgDvDwA7j5tDimU6tszrbrAGdse","price":"000000000000000000000000000000000000000000000000002fe356151b3cc0","lu":1586352423000,"exp":1586957220000},{"address":"TCy1KL3UgDvDwA7j5tDimU6tszrbrAGdse","price":"00000000000000000000000000000000000000000000000000302bc047c32cc0","lu":1586356023000,"exp":1586960820000},{"address":"TCy1KL3UgDvDwA7j5tDimU6tszrbrAGdse","price":"000000000000000000000000000000000000000000000000003061dbad30cc60","lu":1586359623000,"exp":1586964420000},{"address":"TCy1KL3UgDvDwA7j5tDimU6tszrbrAGdse","price":"00000000000000000000000000000000000000000000000000307f923685c280","lu":1586363223000,"exp":1586968020000},{"address":"TCy1KL3UgDvDwA7j5tDimU6tszrbrAGdse","price":"0000000000000000000000000000000000000000000000000030a430b785dba0","lu":1586366823000,"exp":1586971620000},{"address":"TCy1KL3UgDvDwA7j5tDimU6tszrbrAGdse","price":"000000000000000000000000000000000000000000000000003078fe3f4dc880","lu":1586370423000,"exp":1586975220000},{"address":"TCy1KL3UgDvDwA7j5tDimU6tszrbrAGdse","price":"00000000000000000000000000000000000000000000000000306c3ffe09b520","lu":1586374023000,"exp":1586978820000},{"address":"TCy1KL3UgDvDwA7j5tDimU6tszrbrAGdse","price":"000000000000000000000000000000000000000000000000003093e75a170ce0","lu":1586377623000,"exp":1586982420000},{"address":"TCy1KL3UgDvDwA7j5tDimU6tszrbrAGdse","price":"0000000000000000000000000000000000000000000000000030bbe35baac500","lu":1586381223000,"exp":1586986020000},{"address":"TCy1KL3UgDvDwA7j5tDimU6tszrbrAGdse","price":"00000000000000000000000000000000000000000000000000309865afaa3d80","lu":1586384823000,"exp":1586989620000},{"address":"TCy1KL3UgDvDwA7j5tDimU6tszrbrAGdse","price":"0000000000000000000000000000000000000000000000000030b36fe690c2e0","lu":1586388423000,"exp":1586993220000},{"address":"TCy1KL3UgDvDwA7j5tDimU6tszrbrAGdse","price":"00000000000000000000000000000000000000000000000000308efb7b3de1a0","lu":1586392023000,"exp":1586996820000},{"address":"TCy1KL3UgDvDwA7j5tDimU6tszrbrAGdse","price":"00000000000000000000000000000000000000000000000000309f316f5b9bc0","lu":1586395623000,"exp":1587000420000},{"address":"TCy1KL3UgDvDwA7j5tDimU6tszrbrAGdse","price":"000000000000000000000000000000000000000000000000003064e8620cae60","lu":1586399223000,"exp":1587004020000},{"address":"TCy1KL3UgDvDwA7j5tDimU6tszrbrAGdse","price":"000000000000000000000000000000000000000000000000003076f9628180a0","lu":1586402823000,"exp":1587007620000},{"address":"TCy1KL3UgDvDwA7j5tDimU6tszrbrAGdse","price":"000000000000000000000000000000000000000000000000002ffe6f4858b980","lu":1586406423000,"exp":1587011220000},{"address":"TCy1KL3UgDvDwA7j5tDimU6tszrbrAGdse","price":"00000000000000000000000000000000000000000000000000304bf966e5fd40","lu":1586410023000,"exp":1587014820000},{"address":"TCy1KL3UgDvDwA7j5tDimU6tszrbrAGdse","price":"00000000000000000000000000000000000000000000000000304540c9c584e0","lu":1586413623000,"exp":1587018420000},{"address":"TCy1KL3UgDvDwA7j5tDimU6tszrbrAGdse","price":"000000000000000000000000000000000000000000000000003045c066b6b9c0","lu":1586417223000,"exp":1587022020000},{"address":"TCy1KL3UgDvDwA7j5tDimU6tszrbrAGdse","price":"000000000000000000000000000000000000000000000000003081c276b93800","lu":1586420823000,"exp":1587025620000},{"address":"TCy1KL3UgDvDwA7j5tDimU6tszrbrAGdse","price":"00000000000000000000000000000000000000000000000000305f5ec6b18a00","lu":1586424423000,"exp":1587029220000},{"address":"TCy1KL3UgDvDwA7j5tDimU6tszrbrAGdse","price":"00000000000000000000000000000000000000000000000000305c1994f16fa0","lu":1586428023000,"exp":1587032820000},{"address":"TCy1KL3UgDvDwA7j5tDimU6tszrbrAGdse","price":"0000000000000000000000000000000000000000000000000030922737bb19a0","lu":1586431623000,"exp":1587036420000},{"address":"TCy1KL3UgDvDwA7j5tDimU6tszrbrAGdse","price":"000000000000000000000000000000000000000000000000002fc2cf2af021c0","lu":1586435226000,"exp":1587040020000},{"address":"TCy1KL3UgDvDwA7j5tDimU6tszrbrAGdse","price":"00000000000000000000000000000000000000000000000000303354447ca3c0","lu":1586438823000,"exp":1587043620000},{"address":"TCy1KL3UgDvDwA7j5tDimU6tszrbrAGdse","price":"00000000000000000000000000000000000000000000000000301a053407da40","lu":1586442423000,"exp":1587047220000},{"address":"TCy1KL3UgDvDwA7j5tDimU6tszrbrAGdse","price":"00000000000000000000000000000000000000000000000000300c1597352300","lu":1586446023000,"exp":1587050820000},{"address":"TCy1KL3UgDvDwA7j5tDimU6tszrbrAGdse","price":"000000000000000000000000000000000000000000000000002ff77e68bf2c60","lu":1586449623000,"exp":1587054420000},{"address":"TCy1KL3UgDvDwA7j5tDimU6tszrbrAGdse","price":"000000000000000000000000000000000000000000000000002fbcb821c713a0","lu":1586453223000,"exp":1587058020000},{"address":"TCy1KL3UgDvDwA7j5tDimU6tszrbrAGdse","price":"000000000000000000000000000000000000000000000000002fd778d25c1be0","lu":1586456823000,"exp":1587061620000},{"address":"TCy1KL3UgDvDwA7j5tDimU6tszrbrAGdse","price":"000000000000000000000000000000000000000000000000002fbd73b87ba340","lu":1586460423000,"exp":1587065220000},{"address":"TCy1KL3UgDvDwA7j5tDimU6tszrbrAGdse","price":"000000000000000000000000000000000000000000000000002f7924af7a1d00","lu":1586464023000,"exp":1587068820000},{"address":"TCy1KL3UgDvDwA7j5tDimU6tszrbrAGdse","price":"000000000000000000000000000000000000000000000000002faa6bd345f240","lu":1586467623000,"exp":1587072420000},{"address":"TCy1KL3UgDvDwA7j5tDimU6tszrbrAGdse","price":"000000000000000000000000000000000000000000000000002fd36ce1957d00","lu":1586471223000,"exp":1587076020000},{"address":"TCy1KL3UgDvDwA7j5tDimU6tszrbrAGdse","price":"000000000000000000000000000000000000000000000000002fda6ae9205680","lu":1586474823000,"exp":1587079620000},{"address":"TCy1KL3UgDvDwA7j5tDimU6tszrbrAGdse","price":"000000000000000000000000000000000000000000000000002fd3c1b62dbb00","lu":1586478423000,"exp":1587083220000},{"address":"TCy1KL3UgDvDwA7j5tDimU6tszrbrAGdse","price":"000000000000000000000000000000000000000000000000002fb4e4ab627360","lu":1586482023000,"exp":1587086820000},{"address":"TCy1KL3UgDvDwA7j5tDimU6tszrbrAGdse","price":"000000000000000000000000000000000000000000000000002f8fae7054fbe0","lu":1586485623000,"exp":1587090420000},{"address":"TCy1KL3UgDvDwA7j5tDimU6tszrbrAGdse","price":"000000000000000000000000000000000000000000000000002f2b5e7cc66da0","lu":1586489223000,"exp":1587094020000},{"address":"TCy1KL3UgDvDwA7j5tDimU6tszrbrAGdse","price":"000000000000000000000000000000000000000000000000002dfa9fdfdc99a0","lu":1586492823000,"exp":1587097620000}],"feedAddress":"TCy1KL3UgDvDwA7j5tDimU6tszrbrAGdse"},{"feedEventDTOList":[{"address":"TDfmrJYeunddm8Nt8kVVLotX4Vhj8igXiM","price":"000000000000000000000000000000000000000000000000002ae6300aeefa20","lu":1585910223000,"exp":1586515020000},{"address":"TDfmrJYeunddm8Nt8kVVLotX4Vhj8igXiM","price":"000000000000000000000000000000000000000000000000002afd1c0c01be40","lu":1585913823000,"exp":1586518620000},{"address":"TDfmrJYeunddm8Nt8kVVLotX4Vhj8igXiM","price":"000000000000000000000000000000000000000000000000002b0e8eec7e4000","lu":1585917423000,"exp":1586522220000},{"address":"TDfmrJYeunddm8Nt8kVVLotX4Vhj8igXiM","price":"000000000000000000000000000000000000000000000000002a8961bf5ca380","lu":1585921023000,"exp":1586525820000},{"address":"TDfmrJYeunddm8Nt8kVVLotX4Vhj8igXiM","price":"000000000000000000000000000000000000000000000000002a59cafc15cac0","lu":1585924623000,"exp":1586529420000},{"address":"TDfmrJYeunddm8Nt8kVVLotX4Vhj8igXiM","price":"000000000000000000000000000000000000000000000000002a2451e4249080","lu":1585928223000,"exp":1586533020000},{"address":"TDfmrJYeunddm8Nt8kVVLotX4Vhj8igXiM","price":"000000000000000000000000000000000000000000000000002a00917e1f83a0","lu":1585931823000,"exp":1586536620000},{"address":"TDfmrJYeunddm8Nt8kVVLotX4Vhj8igXiM","price":"000000000000000000000000000000000000000000000000002a481d9efbc880","lu":1585935423000,"exp":1586540220000},{"address":"TDfmrJYeunddm8Nt8kVVLotX4Vhj8igXiM","price":"000000000000000000000000000000000000000000000000002a4a71c3a9e9e0","lu":1585939023000,"exp":1586543820000},{"address":"TDfmrJYeunddm8Nt8kVVLotX4Vhj8igXiM","price":"000000000000000000000000000000000000000000000000002a4f86f0eb1e00","lu":1585942623000,"exp":1586547420000},{"address":"TDfmrJYeunddm8Nt8kVVLotX4Vhj8igXiM","price":"000000000000000000000000000000000000000000000000002a5a2cf355e0c0","lu":1585946223000,"exp":1586551020000},{"address":"TDfmrJYeunddm8Nt8kVVLotX4Vhj8igXiM","price":"000000000000000000000000000000000000000000000000002a292da56e8b80","lu":1585949823000,"exp":1586554620000},{"address":"TDfmrJYeunddm8Nt8kVVLotX4Vhj8igXiM","price":"000000000000000000000000000000000000000000000000002a55cc0fa66520","lu":1585953423000,"exp":1586558220000},{"address":"TDfmrJYeunddm8Nt8kVVLotX4Vhj8igXiM","price":"000000000000000000000000000000000000000000000000002a6426f8a75be0","lu":1585957023000,"exp":1586561820000},{"address":"TDfmrJYeunddm8Nt8kVVLotX4Vhj8igXiM","price":"000000000000000000000000000000000000000000000000002a93887c5925a0","lu":1585960623000,"exp":1586565420000},{"address":"TDfmrJYeunddm8Nt8kVVLotX4Vhj8igXiM","price":"000000000000000000000000000000000000000000000000002aa428f5f0e5a0","lu":1585964223000,"exp":1586569020000},{"address":"TDfmrJYeunddm8Nt8kVVLotX4Vhj8igXiM","price":"000000000000000000000000000000000000000000000000002a6b0b37dd2660","lu":1585967823000,"exp":1586572620000},{"address":"TDfmrJYeunddm8Nt8kVVLotX4Vhj8igXiM","price":"0000000000000000000000000000000000000000000000000029e662aee71460","lu":1585971423000,"exp":1586576220000},{"address":"TDfmrJYeunddm8Nt8kVVLotX4Vhj8igXiM","price":"0000000000000000000000000000000000000000000000000029fdd67b824320","lu":1585975023000,"exp":1586579820000},{"address":"TDfmrJYeunddm8Nt8kVVLotX4Vhj8igXiM","price":"000000000000000000000000000000000000000000000000002a1609bc5d5ec0","lu":1585978623000,"exp":1586583420000},{"address":"TDfmrJYeunddm8Nt8kVVLotX4Vhj8igXiM","price":"0000000000000000000000000000000000000000000000000029fd7d0cc1be60","lu":1585982223000,"exp":1586587020000},{"address":"TDfmrJYeunddm8Nt8kVVLotX4Vhj8igXiM","price":"0000000000000000000000000000000000000000000000000029e6903a5d2980","lu":1585985823000,"exp":1586590620000},{"address":"TDfmrJYeunddm8Nt8kVVLotX4Vhj8igXiM","price":"000000000000000000000000000000000000000000000000002a4edad9440c00","lu":1585989423000,"exp":1586594220000},{"address":"TDfmrJYeunddm8Nt8kVVLotX4Vhj8igXiM","price":"000000000000000000000000000000000000000000000000002a79f07686b860","lu":1585993023000,"exp":1586597820000},{"address":"TDfmrJYeunddm8Nt8kVVLotX4Vhj8igXiM","price":"000000000000000000000000000000000000000000000000002aa109906ba980","lu":1585996623000,"exp":1586601420000},{"address":"TDfmrJYeunddm8Nt8kVVLotX4Vhj8igXiM","price":"000000000000000000000000000000000000000000000000002a87f4c6f89f40","lu":1586000223000,"exp":1586605020000},{"address":"TDfmrJYeunddm8Nt8kVVLotX4Vhj8igXiM","price":"000000000000000000000000000000000000000000000000002a61201bb8ef40","lu":1586003823000,"exp":1586608620000},{"address":"TDfmrJYeunddm8Nt8kVVLotX4Vhj8igXiM","price":"000000000000000000000000000000000000000000000000002a356d4a8fe820","lu":1586007423000,"exp":1586612220000},{"address":"TDfmrJYeunddm8Nt8kVVLotX4Vhj8igXiM","price":"000000000000000000000000000000000000000000000000002a36e75e888c80","lu":1586011023000,"exp":1586615820000},{"address":"TDfmrJYeunddm8Nt8kVVLotX4Vhj8igXiM","price":"000000000000000000000000000000000000000000000000002a583c255ecf20","lu":1586014623000,"exp":1586619420000},{"address":"TDfmrJYeunddm8Nt8kVVLotX4Vhj8igXiM","price":"000000000000000000000000000000000000000000000000002a7eca11486be0","lu":1586018223000,"exp":1586623020000},{"address":"TDfmrJYeunddm8Nt8kVVLotX4Vhj8igXiM","price":"000000000000000000000000000000000000000000000000002a762365d469c0","lu":1586021823000,"exp":1586626620000},{"address":"TDfmrJYeunddm8Nt8kVVLotX4Vhj8igXiM","price":"000000000000000000000000000000000000000000000000002a73b827e8ea40","lu":1586025423000,"exp":1586630220000},{"address":"TDfmrJYeunddm8Nt8kVVLotX4Vhj8igXiM","price":"000000000000000000000000000000000000000000000000002a5557bbc4cc40","lu":1586029023000,"exp":1586633820000},{"address":"TDfmrJYeunddm8Nt8kVVLotX4Vhj8igXiM","price":"000000000000000000000000000000000000000000000000002aa873d17ec8a0","lu":1586032623000,"exp":1586637420000},{"address":"TDfmrJYeunddm8Nt8kVVLotX4Vhj8igXiM","price":"000000000000000000000000000000000000000000000000002a9f00de8dd120","lu":1586036223000,"exp":1586641020000},{"address":"TDfmrJYeunddm8Nt8kVVLotX4Vhj8igXiM","price":"000000000000000000000000000000000000000000000000002a801299de58e0","lu":1586039823000,"exp":1586644620000},{"address":"TDfmrJYeunddm8Nt8kVVLotX4Vhj8igXiM","price":"000000000000000000000000000000000000000000000000002a797acfc34720","lu":1586043423000,"exp":1586648220000},{"address":"TDfmrJYeunddm8Nt8kVVLotX4Vhj8igXiM","price":"000000000000000000000000000000000000000000000000002ab952f39c2140","lu":1586047023000,"exp":1586651820000},{"address":"TDfmrJYeunddm8Nt8kVVLotX4Vhj8igXiM","price":"000000000000000000000000000000000000000000000000002aa186bae35dc0","lu":1586050623000,"exp":1586655420000},{"address":"TDfmrJYeunddm8Nt8kVVLotX4Vhj8igXiM","price":"000000000000000000000000000000000000000000000000002a9664138f4520","lu":1586054223000,"exp":1586659020000},{"address":"TDfmrJYeunddm8Nt8kVVLotX4Vhj8igXiM","price":"000000000000000000000000000000000000000000000000002a9f71dcceaaa0","lu":1586057823000,"exp":1586662620000},{"address":"TDfmrJYeunddm8Nt8kVVLotX4Vhj8igXiM","price":"000000000000000000000000000000000000000000000000002a58a17ae2a420","lu":1586061423000,"exp":1586666220000},{"address":"TDfmrJYeunddm8Nt8kVVLotX4Vhj8igXiM","price":"000000000000000000000000000000000000000000000000002a726b52025800","lu":1586065023000,"exp":1586669820000},{"address":"TDfmrJYeunddm8Nt8kVVLotX4Vhj8igXiM","price":"000000000000000000000000000000000000000000000000002a5a7999e34a80","lu":1586068623000,"exp":1586673420000},{"address":"TDfmrJYeunddm8Nt8kVVLotX4Vhj8igXiM","price":"000000000000000000000000000000000000000000000000002a536ba4139380","lu":1586072223000,"exp":1586677020000},{"address":"TDfmrJYeunddm8Nt8kVVLotX4Vhj8igXiM","price":"000000000000000000000000000000000000000000000000002a5700cd759820","lu":1586075823000,"exp":1586680620000},{"address":"TDfmrJYeunddm8Nt8kVVLotX4Vhj8igXiM","price":"000000000000000000000000000000000000000000000000002a8021458a1180","lu":1586079423000,"exp":1586684220000},{"address":"TDfmrJYeunddm8Nt8kVVLotX4Vhj8igXiM","price":"000000000000000000000000000000000000000000000000002a695a98ae9940","lu":1586083023000,"exp":1586687820000},{"address":"TDfmrJYeunddm8Nt8kVVLotX4Vhj8igXiM","price":"000000000000000000000000000000000000000000000000002a543080c36520","lu":1586086623000,"exp":1586691420000},{"address":"TDfmrJYeunddm8Nt8kVVLotX4Vhj8igXiM","price":"000000000000000000000000000000000000000000000000002a539278b1dae0","lu":1586090223000,"exp":1586695020000},{"address":"TDfmrJYeunddm8Nt8kVVLotX4Vhj8igXiM","price":"000000000000000000000000000000000000000000000000002c8603125bd160","lu":1586093823000,"exp":1586698620000},{"address":"TDfmrJYeunddm8Nt8kVVLotX4Vhj8igXiM","price":"000000000000000000000000000000000000000000000000002cb2958a41ace0","lu":1586097423000,"exp":1586702220000},{"address":"TDfmrJYeunddm8Nt8kVVLotX4Vhj8igXiM","price":"000000000000000000000000000000000000000000000000002ca492d82a4c20","lu":1586101023000,"exp":1586705820000},{"address":"TDfmrJYeunddm8Nt8kVVLotX4Vhj8igXiM","price":"000000000000000000000000000000000000000000000000002ca0aada84f560","lu":1586104623000,"exp":1586709420000},{"address":"TDfmrJYeunddm8Nt8kVVLotX4Vhj8igXiM","price":"000000000000000000000000000000000000000000000000002c112273430080","lu":1586108223000,"exp":1586713020000},{"address":"TDfmrJYeunddm8Nt8kVVLotX4Vhj8igXiM","price":"000000000000000000000000000000000000000000000000002c8a534d010520","lu":1586111823000,"exp":1586716620000},{"address":"TDfmrJYeunddm8Nt8kVVLotX4Vhj8igXiM","price":"000000000000000000000000000000000000000000000000002c6d3d7c3d65a0","lu":1586115423000,"exp":1586720220000},{"address":"TDfmrJYeunddm8Nt8kVVLotX4Vhj8igXiM","price":"000000000000000000000000000000000000000000000000002c32d02871c580","lu":1586119023000,"exp":1586723820000},{"address":"TDfmrJYeunddm8Nt8kVVLotX4Vhj8igXiM","price":"000000000000000000000000000000000000000000000000002c4c89ab757120","lu":1586122623000,"exp":1586727420000},{"address":"TDfmrJYeunddm8Nt8kVVLotX4Vhj8igXiM","price":"000000000000000000000000000000000000000000000000002c6aa4a8d9dda0","lu":1586126223000,"exp":1586731020000},{"address":"TDfmrJYeunddm8Nt8kVVLotX4Vhj8igXiM","price":"000000000000000000000000000000000000000000000000002c8d9731d3a180","lu":1586129823000,"exp":1586734620000},{"address":"TDfmrJYeunddm8Nt8kVVLotX4Vhj8igXiM","price":"000000000000000000000000000000000000000000000000002d172d3855e520","lu":1586133423000,"exp":1586738220000},{"address":"TDfmrJYeunddm8Nt8kVVLotX4Vhj8igXiM","price":"000000000000000000000000000000000000000000000000002d5174209d1080","lu":1586137023000,"exp":1586741820000},{"address":"TDfmrJYeunddm8Nt8kVVLotX4Vhj8igXiM","price":"000000000000000000000000000000000000000000000000002ded32069d4f60","lu":1586140623000,"exp":1586745420000},{"address":"TDfmrJYeunddm8Nt8kVVLotX4Vhj8igXiM","price":"000000000000000000000000000000000000000000000000002dca96a5ec2000","lu":1586144223000,"exp":1586749020000},{"address":"TDfmrJYeunddm8Nt8kVVLotX4Vhj8igXiM","price":"000000000000000000000000000000000000000000000000002dd98d63b06420","lu":1586147823000,"exp":1586752620000},{"address":"TDfmrJYeunddm8Nt8kVVLotX4Vhj8igXiM","price":"000000000000000000000000000000000000000000000000002db8a1b5a4c760","lu":1586151423000,"exp":1586756220000},{"address":"TDfmrJYeunddm8Nt8kVVLotX4Vhj8igXiM","price":"000000000000000000000000000000000000000000000000002e1f0e5063a140","lu":1586155023000,"exp":1586759820000},{"address":"TDfmrJYeunddm8Nt8kVVLotX4Vhj8igXiM","price":"000000000000000000000000000000000000000000000000002def9d04063880","lu":1586158623000,"exp":1586763420000},{"address":"TDfmrJYeunddm8Nt8kVVLotX4Vhj8igXiM","price":"000000000000000000000000000000000000000000000000002e1cca8f81a520","lu":1586162223000,"exp":1586767020000},{"address":"TDfmrJYeunddm8Nt8kVVLotX4Vhj8igXiM","price":"000000000000000000000000000000000000000000000000002e6f1f1f29e9c0","lu":1586165823000,"exp":1586770620000},{"address":"TDfmrJYeunddm8Nt8kVVLotX4Vhj8igXiM","price":"000000000000000000000000000000000000000000000000002ea485a0100420","lu":1586169423000,"exp":1586774220000},{"address":"TDfmrJYeunddm8Nt8kVVLotX4Vhj8igXiM","price":"000000000000000000000000000000000000000000000000002eb7e88fb6aea0","lu":1586173023000,"exp":1586777820000},{"address":"TDfmrJYeunddm8Nt8kVVLotX4Vhj8igXiM","price":"000000000000000000000000000000000000000000000000002eb4d09ce2d9c0","lu":1586176623000,"exp":1586781420000},{"address":"TDfmrJYeunddm8Nt8kVVLotX4Vhj8igXiM","price":"000000000000000000000000000000000000000000000000002f105cca5c8ee0","lu":1586180223000,"exp":1586785020000},{"address":"TDfmrJYeunddm8Nt8kVVLotX4Vhj8igXiM","price":"000000000000000000000000000000000000000000000000002ea3ea0fc47c20","lu":1586183823000,"exp":1586788620000},{"address":"TDfmrJYeunddm8Nt8kVVLotX4Vhj8igXiM","price":"000000000000000000000000000000000000000000000000002ee12fad390d40","lu":1586187423000,"exp":1586792220000},{"address":"TDfmrJYeunddm8Nt8kVVLotX4Vhj8igXiM","price":"000000000000000000000000000000000000000000000000002f7aa2919bd380","lu":1586191023000,"exp":1586795820000},{"address":"TDfmrJYeunddm8Nt8kVVLotX4Vhj8igXiM","price":"000000000000000000000000000000000000000000000000002ff02d0b4274a0","lu":1586194623000,"exp":1586799420000},{"address":"TDfmrJYeunddm8Nt8kVVLotX4Vhj8igXiM","price":"000000000000000000000000000000000000000000000000002fdb840eeed520","lu":1586198223000,"exp":1586803020000},{"address":"TDfmrJYeunddm8Nt8kVVLotX4Vhj8igXiM","price":"0000000000000000000000000000000000000000000000000030182f83e405c0","lu":1586201823000,"exp":1586806620000},{"address":"TDfmrJYeunddm8Nt8kVVLotX4Vhj8igXiM","price":"000000000000000000000000000000000000000000000000002fb1793563e860","lu":1586205423000,"exp":1586810220000},{"address":"TDfmrJYeunddm8Nt8kVVLotX4Vhj8igXiM","price":"000000000000000000000000000000000000000000000000002fc9864ba97c00","lu":1586209023000,"exp":1586813820000},{"address":"TDfmrJYeunddm8Nt8kVVLotX4Vhj8igXiM","price":"000000000000000000000000000000000000000000000000002fdbcfbe5d4e60","lu":1586212623000,"exp":1586817420000},{"address":"TDfmrJYeunddm8Nt8kVVLotX4Vhj8igXiM","price":"00000000000000000000000000000000000000000000000000305b42351eeda0","lu":1586216223000,"exp":1586821020000},{"address":"TDfmrJYeunddm8Nt8kVVLotX4Vhj8igXiM","price":"00000000000000000000000000000000000000000000000000317f70ad488d60","lu":1586219823000,"exp":1586824620000},{"address":"TDfmrJYeunddm8Nt8kVVLotX4Vhj8igXiM","price":"00000000000000000000000000000000000000000000000000310fd272620f40","lu":1586223423000,"exp":1586828220000},{"address":"TDfmrJYeunddm8Nt8kVVLotX4Vhj8igXiM","price":"00000000000000000000000000000000000000000000000000300a1a13555b60","lu":1586227023000,"exp":1586831820000},{"address":"TDfmrJYeunddm8Nt8kVVLotX4Vhj8igXiM","price":"000000000000000000000000000000000000000000000000003030b326ad91e0","lu":1586230623000,"exp":1586835420000},{"address":"TDfmrJYeunddm8Nt8kVVLotX4Vhj8igXiM","price":"000000000000000000000000000000000000000000000000003011ca9cde6cc0","lu":1586234223000,"exp":1586839020000},{"address":"TDfmrJYeunddm8Nt8kVVLotX4Vhj8igXiM","price":"0000000000000000000000000000000000000000000000000030352610b77780","lu":1586237823000,"exp":1586842620000},{"address":"TDfmrJYeunddm8Nt8kVVLotX4Vhj8igXiM","price":"00000000000000000000000000000000000000000000000000303c5d88259160","lu":1586241423000,"exp":1586846220000},{"address":"TDfmrJYeunddm8Nt8kVVLotX4Vhj8igXiM","price":"0000000000000000000000000000000000000000000000000030e0859b7acce0","lu":1586245023000,"exp":1586849820000},{"address":"TDfmrJYeunddm8Nt8kVVLotX4Vhj8igXiM","price":"0000000000000000000000000000000000000000000000000030e523eb0faa80","lu":1586248623000,"exp":1586853420000},{"address":"TDfmrJYeunddm8Nt8kVVLotX4Vhj8igXiM","price":"0000000000000000000000000000000000000000000000000030ee18dcc2ef20","lu":1586252223000,"exp":1586857020000},{"address":"TDfmrJYeunddm8Nt8kVVLotX4Vhj8igXiM","price":"00000000000000000000000000000000000000000000000000312c4374861f40","lu":1586255823000,"exp":1586860620000},{"address":"TDfmrJYeunddm8Nt8kVVLotX4Vhj8igXiM","price":"00000000000000000000000000000000000000000000000000310d643ff47c20","lu":1586259423000,"exp":1586864220000},{"address":"TDfmrJYeunddm8Nt8kVVLotX4Vhj8igXiM","price":"00000000000000000000000000000000000000000000000000312e0ad2c504e0","lu":1586263023000,"exp":1586867820000},{"address":"TDfmrJYeunddm8Nt8kVVLotX4Vhj8igXiM","price":"0000000000000000000000000000000000000000000000000031494513718540","lu":1586266623000,"exp":1586871420000},{"address":"TDfmrJYeunddm8Nt8kVVLotX4Vhj8igXiM","price":"0000000000000000000000000000000000000000000000000030b623b2778780","lu":1586270223000,"exp":1586875020000},{"address":"TDfmrJYeunddm8Nt8kVVLotX4Vhj8igXiM","price":"0000000000000000000000000000000000000000000000000030e30289398740","lu":1586273823000,"exp":1586878620000},{"address":"TDfmrJYeunddm8Nt8kVVLotX4Vhj8igXiM","price":"0000000000000000000000000000000000000000000000000031210401204520","lu":1586277423000,"exp":1586882220000},{"address":"TDfmrJYeunddm8Nt8kVVLotX4Vhj8igXiM","price":"00000000000000000000000000000000000000000000000000312b61a19a7ae0","lu":1586281023000,"exp":1586885820000},{"address":"TDfmrJYeunddm8Nt8kVVLotX4Vhj8igXiM","price":"0000000000000000000000000000000000000000000000000031068b5c74c740","lu":1586284623000,"exp":1586889420000},{"address":"TDfmrJYeunddm8Nt8kVVLotX4Vhj8igXiM","price":"000000000000000000000000000000000000000000000000003116afc62c44e0","lu":1586288223000,"exp":1586893020000},{"address":"TDfmrJYeunddm8Nt8kVVLotX4Vhj8igXiM","price":"000000000000000000000000000000000000000000000000002f7c72b3089180","lu":1586291823000,"exp":1586896620000},{"address":"TDfmrJYeunddm8Nt8kVVLotX4Vhj8igXiM","price":"000000000000000000000000000000000000000000000000002f597a6d44abe0","lu":1586295423000,"exp":1586900220000},{"address":"TDfmrJYeunddm8Nt8kVVLotX4Vhj8igXiM","price":"000000000000000000000000000000000000000000000000002f7e29b0a40920","lu":1586299023000,"exp":1586903820000},{"address":"TDfmrJYeunddm8Nt8kVVLotX4Vhj8igXiM","price":"000000000000000000000000000000000000000000000000002f0d42818b6640","lu":1586302623000,"exp":1586907420000},{"address":"TDfmrJYeunddm8Nt8kVVLotX4Vhj8igXiM","price":"000000000000000000000000000000000000000000000000002f078eb6d58d80","lu":1586306223000,"exp":1586911020000},{"address":"TDfmrJYeunddm8Nt8kVVLotX4Vhj8igXiM","price":"000000000000000000000000000000000000000000000000002f1a768c1d62c0","lu":1586309823000,"exp":1586914620000},{"address":"TDfmrJYeunddm8Nt8kVVLotX4Vhj8igXiM","price":"000000000000000000000000000000000000000000000000002f5a310ad61360","lu":1586313423000,"exp":1586918220000},{"address":"TDfmrJYeunddm8Nt8kVVLotX4Vhj8igXiM","price":"000000000000000000000000000000000000000000000000002fc7b6fe2f7860","lu":1586317023000,"exp":1586921820000},{"address":"TDfmrJYeunddm8Nt8kVVLotX4Vhj8igXiM","price":"00000000000000000000000000000000000000000000000000306e3c5313a140","lu":1586320623000,"exp":1586925420000},{"address":"TDfmrJYeunddm8Nt8kVVLotX4Vhj8igXiM","price":"000000000000000000000000000000000000000000000000003094fd1c73cf60","lu":1586324223000,"exp":1586929020000},{"address":"TDfmrJYeunddm8Nt8kVVLotX4Vhj8igXiM","price":"00000000000000000000000000000000000000000000000000307afdbcea55a0","lu":1586327823000,"exp":1586932620000},{"address":"TDfmrJYeunddm8Nt8kVVLotX4Vhj8igXiM","price":"00000000000000000000000000000000000000000000000000304240c16d08c0","lu":1586331423000,"exp":1586936220000},{"address":"TDfmrJYeunddm8Nt8kVVLotX4Vhj8igXiM","price":"00000000000000000000000000000000000000000000000000304b4a11fbf6e0","lu":1586335023000,"exp":1586939820000},{"address":"TDfmrJYeunddm8Nt8kVVLotX4Vhj8igXiM","price":"00000000000000000000000000000000000000000000000000304e678c181ce0","lu":1586338623000,"exp":1586943420000},{"address":"TDfmrJYeunddm8Nt8kVVLotX4Vhj8igXiM","price":"000000000000000000000000000000000000000000000000003066af0daa8360","lu":1586342223000,"exp":1586947020000},{"address":"TDfmrJYeunddm8Nt8kVVLotX4Vhj8igXiM","price":"000000000000000000000000000000000000000000000000002fd649242ebbc0","lu":1586345823000,"exp":1586950620000},{"address":"TDfmrJYeunddm8Nt8kVVLotX4Vhj8igXiM","price":"000000000000000000000000000000000000000000000000002fe2087e57cd60","lu":1586349423000,"exp":1586954220000},{"address":"TDfmrJYeunddm8Nt8kVVLotX4Vhj8igXiM","price":"000000000000000000000000000000000000000000000000002ffdd337c84780","lu":1586353023000,"exp":1586957820000},{"address":"TDfmrJYeunddm8Nt8kVVLotX4Vhj8igXiM","price":"00000000000000000000000000000000000000000000000000300544b6efdf00","lu":1586356623000,"exp":1586961420000},{"address":"TDfmrJYeunddm8Nt8kVVLotX4Vhj8igXiM","price":"0000000000000000000000000000000000000000000000000030586ec5c3c5a0","lu":1586360223000,"exp":1586965020000},{"address":"TDfmrJYeunddm8Nt8kVVLotX4Vhj8igXiM","price":"0000000000000000000000000000000000000000000000000030848e9db32fa0","lu":1586363823000,"exp":1586968620000},{"address":"TDfmrJYeunddm8Nt8kVVLotX4Vhj8igXiM","price":"00000000000000000000000000000000000000000000000000309654559419a0","lu":1586367423000,"exp":1586972220000},{"address":"TDfmrJYeunddm8Nt8kVVLotX4Vhj8igXiM","price":"00000000000000000000000000000000000000000000000000307b2faa878900","lu":1586371023000,"exp":1586975820000},{"address":"TDfmrJYeunddm8Nt8kVVLotX4Vhj8igXiM","price":"000000000000000000000000000000000000000000000000003058f6512cc880","lu":1586374623000,"exp":1586979420000},{"address":"TDfmrJYeunddm8Nt8kVVLotX4Vhj8igXiM","price":"00000000000000000000000000000000000000000000000000309a3876747060","lu":1586378223000,"exp":1586983020000},{"address":"TDfmrJYeunddm8Nt8kVVLotX4Vhj8igXiM","price":"0000000000000000000000000000000000000000000000000030a501cd75a0e0","lu":1586381823000,"exp":1586986620000},{"address":"TDfmrJYeunddm8Nt8kVVLotX4Vhj8igXiM","price":"000000000000000000000000000000000000000000000000003093c86da9d360","lu":1586385423000,"exp":1586990220000},{"address":"TDfmrJYeunddm8Nt8kVVLotX4Vhj8igXiM","price":"0000000000000000000000000000000000000000000000000030b49ac6b622e0","lu":1586389023000,"exp":1586993820000},{"address":"TDfmrJYeunddm8Nt8kVVLotX4Vhj8igXiM","price":"0000000000000000000000000000000000000000000000000030d01a3ca847e0","lu":1586392623000,"exp":1586997420000},{"address":"TDfmrJYeunddm8Nt8kVVLotX4Vhj8igXiM","price":"0000000000000000000000000000000000000000000000000030947d73383dc0","lu":1586396223000,"exp":1587001020000},{"address":"TDfmrJYeunddm8Nt8kVVLotX4Vhj8igXiM","price":"000000000000000000000000000000000000000000000000003059a3fad64840","lu":1586399823000,"exp":1587004620000},{"address":"TDfmrJYeunddm8Nt8kVVLotX4Vhj8igXiM","price":"00000000000000000000000000000000000000000000000000306574117fa060","lu":1586403423000,"exp":1587008220000},{"address":"TDfmrJYeunddm8Nt8kVVLotX4Vhj8igXiM","price":"00000000000000000000000000000000000000000000000000301ae1f4fe9400","lu":1586407023000,"exp":1587011820000},{"address":"TDfmrJYeunddm8Nt8kVVLotX4Vhj8igXiM","price":"0000000000000000000000000000000000000000000000000030405b0eb29e20","lu":1586410623000,"exp":1587015420000},{"address":"TDfmrJYeunddm8Nt8kVVLotX4Vhj8igXiM","price":"000000000000000000000000000000000000000000000000003049835fd5c4e0","lu":1586414223000,"exp":1587019020000},{"address":"TDfmrJYeunddm8Nt8kVVLotX4Vhj8igXiM","price":"00000000000000000000000000000000000000000000000000304bdf1b697dc0","lu":1586417823000,"exp":1587022620000},{"address":"TDfmrJYeunddm8Nt8kVVLotX4Vhj8igXiM","price":"00000000000000000000000000000000000000000000000000306d8c9ad1c800","lu":1586421423000,"exp":1587026220000},{"address":"TDfmrJYeunddm8Nt8kVVLotX4Vhj8igXiM","price":"000000000000000000000000000000000000000000000000003064fe20179a40","lu":1586425023000,"exp":1587029820000},{"address":"TDfmrJYeunddm8Nt8kVVLotX4Vhj8igXiM","price":"000000000000000000000000000000000000000000000000003062a6fa19cec0","lu":1586428623000,"exp":1587033420000},{"address":"TDfmrJYeunddm8Nt8kVVLotX4Vhj8igXiM","price":"000000000000000000000000000000000000000000000000003086120c1d6da0","lu":1586432223000,"exp":1587037020000},{"address":"TDfmrJYeunddm8Nt8kVVLotX4Vhj8igXiM","price":"000000000000000000000000000000000000000000000000002fd34128fff980","lu":1586435823000,"exp":1587040620000},{"address":"TDfmrJYeunddm8Nt8kVVLotX4Vhj8igXiM","price":"000000000000000000000000000000000000000000000000003020f917813240","lu":1586439423000,"exp":1587044220000},{"address":"TDfmrJYeunddm8Nt8kVVLotX4Vhj8igXiM","price":"000000000000000000000000000000000000000000000000003028089a286720","lu":1586443023000,"exp":1587047820000},{"address":"TDfmrJYeunddm8Nt8kVVLotX4Vhj8igXiM","price":"000000000000000000000000000000000000000000000000002fff1b9a30f360","lu":1586446623000,"exp":1587051420000},{"address":"TDfmrJYeunddm8Nt8kVVLotX4Vhj8igXiM","price":"000000000000000000000000000000000000000000000000002fbfa596001e20","lu":1586450223000,"exp":1587055020000},{"address":"TDfmrJYeunddm8Nt8kVVLotX4Vhj8igXiM","price":"000000000000000000000000000000000000000000000000002fbca4e8299ae0","lu":1586453823000,"exp":1587058620000},{"address":"TDfmrJYeunddm8Nt8kVVLotX4Vhj8igXiM","price":"000000000000000000000000000000000000000000000000002fcb764fcb3de0","lu":1586457423000,"exp":1587062220000},{"address":"TDfmrJYeunddm8Nt8kVVLotX4Vhj8igXiM","price":"000000000000000000000000000000000000000000000000002fa3f622c94960","lu":1586461023000,"exp":1587065820000},{"address":"TDfmrJYeunddm8Nt8kVVLotX4Vhj8igXiM","price":"000000000000000000000000000000000000000000000000002f7b20cd4f5860","lu":1586464623000,"exp":1587069420000},{"address":"TDfmrJYeunddm8Nt8kVVLotX4Vhj8igXiM","price":"000000000000000000000000000000000000000000000000002fb921666427e0","lu":1586468223000,"exp":1587073020000},{"address":"TDfmrJYeunddm8Nt8kVVLotX4Vhj8igXiM","price":"000000000000000000000000000000000000000000000000002fd0429ed85f00","lu":1586471823000,"exp":1587076620000},{"address":"TDfmrJYeunddm8Nt8kVVLotX4Vhj8igXiM","price":"000000000000000000000000000000000000000000000000002fcaacbd9bf0a0","lu":1586475423000,"exp":1587080220000},{"address":"TDfmrJYeunddm8Nt8kVVLotX4Vhj8igXiM","price":"000000000000000000000000000000000000000000000000002ff9b88058c200","lu":1586479023000,"exp":1587083820000},{"address":"TDfmrJYeunddm8Nt8kVVLotX4Vhj8igXiM","price":"000000000000000000000000000000000000000000000000002fa4cbf1ea95c0","lu":1586482623000,"exp":1587087420000},{"address":"TDfmrJYeunddm8Nt8kVVLotX4Vhj8igXiM","price":"000000000000000000000000000000000000000000000000002f7add23ce8920","lu":1586486223000,"exp":1587091020000},{"address":"TDfmrJYeunddm8Nt8kVVLotX4Vhj8igXiM","price":"000000000000000000000000000000000000000000000000002f12185af324c0","lu":1586489823000,"exp":1587094620000},{"address":"TDfmrJYeunddm8Nt8kVVLotX4Vhj8igXiM","price":"000000000000000000000000000000000000000000000000002e08360b6deda0","lu":1586493423000,"exp":1587098220000}],"feedAddress":"TDfmrJYeunddm8Nt8kVVLotX4Vhj8igXiM"}]
12:38:48.490 [TestNG-tests-1] INFO tron.common.TronscanApiList - message:SUCCESS
12:38:48.490 [TestNG-tests-1] INFO tron.common.TronscanApiList - JSON content size are: 3
12:38:48.490 [TestNG-tests-1] INFO tron.common.TronscanApiList - ----------------------------Print JSON End-----------------------------
]]></system-out>
  <system-err><![CDATA[]]></system-err>
</testsuite>
