<?xml version="1.0" encoding="UTF-8"?>
<testsuite name="tron.djed.CdpHistory" tests="2" skipped="0" failures="0" errors="0" timestamp="2020-04-13T05:32:20" hostname="zhukaideiMac" time="2.148">
  <properties/>
  <testcase name="cdpHistoryDay" classname="tron.djed.CdpHistory" time="1.56"/>
  <testcase name="cdpHistoryWeek" classname="tron.djed.CdpHistory" time="0.588"/>
  <system-out><![CDATA[http://api.just.network/scan/cdpHistory/interactions
13:32:20.592 [TestNG-tests-1] DEBUG org.apache.http.impl.conn.PoolingClientConnectionManager - Connection request: [route: {}->http://api.just.network:80][total kept alive: 0; route allocated: 0 of 80; total allocated: 0 of 100]
13:32:20.592 [TestNG-tests-1] DEBUG org.apache.http.impl.conn.PoolingClientConnectionManager - Connection leased: [id: 3][route: {}->http://api.just.network:80][total kept alive: 0; route allocated: 1 of 80; total allocated: 1 of 100]
13:32:20.592 [TestNG-tests-1] DEBUG org.apache.http.impl.conn.DefaultClientConnectionOperator - Connecting to api.just.network:80
13:32:20.895 [TestNG-tests-1] DEBUG org.apache.http.client.protocol.RequestAddCookies - CookieSpec selected: default
13:32:20.895 [TestNG-tests-1] DEBUG org.apache.http.client.protocol.RequestAuthCache - Auth cache not set in the context
13:32:20.895 [TestNG-tests-1] DEBUG org.apache.http.client.protocol.RequestTargetAuthentication - Target auth state: UNCHALLENGED
13:32:20.895 [TestNG-tests-1] DEBUG org.apache.http.client.protocol.RequestProxyAuthentication - Proxy auth state: UNCHALLENGED
13:32:20.895 [TestNG-tests-1] DEBUG org.apache.http.impl.client.DefaultHttpClient - Attempt 1 to execute request
13:32:20.896 [TestNG-tests-1] DEBUG org.apache.http.impl.conn.DefaultClientConnection - Sending request: GET /scan/cdpHistory/interactions HTTP/1.1
13:32:20.896 [TestNG-tests-1] DEBUG org.apache.http.wire -  >> "GET /scan/cdpHistory/interactions HTTP/1.1[\r][\n]"
13:32:20.896 [TestNG-tests-1] DEBUG org.apache.http.wire -  >> "Content-type: application/json; charset=utf-8[\r][\n]"
13:32:20.896 [TestNG-tests-1] DEBUG org.apache.http.wire -  >> "Connection: Close[\r][\n]"
13:32:20.896 [TestNG-tests-1] DEBUG org.apache.http.wire -  >> "Host: api.just.network[\r][\n]"
13:32:20.896 [TestNG-tests-1] DEBUG org.apache.http.wire -  >> "User-Agent: Apache-HttpClient/4.5.3 (Java/1.8.0_211)[\r][\n]"
13:32:20.896 [TestNG-tests-1] DEBUG org.apache.http.wire -  >> "[\r][\n]"
13:32:20.896 [TestNG-tests-1] DEBUG org.apache.http.headers - >> GET /scan/cdpHistory/interactions HTTP/1.1
13:32:20.896 [TestNG-tests-1] DEBUG org.apache.http.headers - >> Content-type: application/json; charset=utf-8
13:32:20.896 [TestNG-tests-1] DEBUG org.apache.http.headers - >> Connection: Close
13:32:20.896 [TestNG-tests-1] DEBUG org.apache.http.headers - >> Host: api.just.network
13:32:20.896 [TestNG-tests-1] DEBUG org.apache.http.headers - >> User-Agent: Apache-HttpClient/4.5.3 (Java/1.8.0_211)
13:32:22.150 [TestNG-tests-1] DEBUG org.apache.http.wire -  << "HTTP/1.1 200 [\r][\n]"
13:32:22.150 [TestNG-tests-1] DEBUG org.apache.http.wire -  << "Server: nginx/1.16.1[\r][\n]"
13:32:22.150 [TestNG-tests-1] DEBUG org.apache.http.wire -  << "Date: Mon, 13 Apr 2020 05:32:21 GMT[\r][\n]"
13:32:22.150 [TestNG-tests-1] DEBUG org.apache.http.wire -  << "Content-Type: application/json;charset=UTF-8[\r][\n]"
13:32:22.150 [TestNG-tests-1] DEBUG org.apache.http.wire -  << "Content-Length: 1103[\r][\n]"
13:32:22.150 [TestNG-tests-1] DEBUG org.apache.http.wire -  << "Connection: close[\r][\n]"
13:32:22.150 [TestNG-tests-1] DEBUG org.apache.http.wire -  << "Cache-Control: no-cache, no-store, must-revalidate[\r][\n]"
13:32:22.150 [TestNG-tests-1] DEBUG org.apache.http.wire -  << "[\r][\n]"
13:32:22.150 [TestNG-tests-1] DEBUG org.apache.http.impl.conn.DefaultClientConnection - Receiving response: HTTP/1.1 200 
13:32:22.150 [TestNG-tests-1] DEBUG org.apache.http.headers - << HTTP/1.1 200 
13:32:22.150 [TestNG-tests-1] DEBUG org.apache.http.headers - << Server: nginx/1.16.1
13:32:22.151 [TestNG-tests-1] DEBUG org.apache.http.headers - << Date: Mon, 13 Apr 2020 05:32:21 GMT
13:32:22.151 [TestNG-tests-1] DEBUG org.apache.http.headers - << Content-Type: application/json;charset=UTF-8
13:32:22.151 [TestNG-tests-1] DEBUG org.apache.http.headers - << Content-Length: 1103
13:32:22.151 [TestNG-tests-1] DEBUG org.apache.http.headers - << Connection: close
13:32:22.151 [TestNG-tests-1] DEBUG org.apache.http.headers - << Cache-Control: no-cache, no-store, must-revalidate
http://api.just.network/scan/cdpHistory/interactions 请求总耗时：1559 毫秒
13:32:22.151 [TestNG-tests-1] DEBUG org.apache.http.wire -  << "{"code":0,"data":[{"bite":0,"close":0,"draw":20,"free":15,"give":13,"lock":25,"open":14,"t":1585872000000,"wipe":0},{"bite":0,"close":0,"draw":22,"free":7,"give":13,"lock":18,"open":13,"t":1585958400000,"wipe":8},{"bite":0,"close":0,"draw":24,"free":5,"give":11,"lock":23,"open":11,"t":1586044800000,"wipe":13},{"bite":0,"close":1,"draw":20,"free":9,"give":11,"lock":18,"open":12,"t":1586131200000,"wipe":9},{"bite":0,"close":5,"draw":21,"free":11,"give":7,"lock":20,"open":11,"t":1586217600000,"wipe":11},{"bite":0,"close":0,"draw":11,"free":8,"give":7,"lock":10,"open":7,"t":1586304000000,"wipe":7},{"bite":0,"close":0,"draw":46,"free":6,"give":18,"lock":39,"open":18,"t":1586390400000,"wipe":16},{"bite":13,"close":1,"draw":19,"free":7,"give":8,"lock":17,"open":8,"t":1586476800000,"wipe":7},{"bite":4,"close":0,"draw":33,"free":5,"give":10,"lock":21,"open":10,"t":1586563200000,"wipe":11},{"bite":1,"close":2,"draw":16,"free":8,"give":6,"lock":16,"open":6,"t":1586649600000,"wipe":11},{"bite":1,"close":0,"draw":2,"free":1,"give":2,"lock":3,"open":2,"t":1586736000000,"wipe":2}],"message":"SUCCESS"}"
13:32:22.151 [TestNG-tests-1] DEBUG org.apache.http.impl.conn.DefaultClientConnection - Connection 0.0.0.0:52484<->3.12.242.83:80 closed
13:32:22.151 [TestNG-tests-1] DEBUG org.apache.http.impl.conn.PoolingClientConnectionManager - Connection released: [id: 3][route: {}->http://api.just.network:80][total kept alive: 0; route allocated: 0 of 80; total allocated: 0 of 100]
13:32:22.151 [TestNG-tests-1] INFO tron.common.TronscanApiList - ----------------------------Print JSON Start---------------------------
13:32:22.151 [TestNG-tests-1] INFO tron.common.TronscanApiList - code:0
13:32:22.151 [TestNG-tests-1] INFO tron.common.TronscanApiList - data:[{"wipe":0,"give":13,"t":1585872000000,"bite":0,"lock":25,"draw":20,"free":15,"close":0,"open":14},{"wipe":8,"give":13,"t":1585958400000,"bite":0,"lock":18,"draw":22,"free":7,"close":0,"open":13},{"wipe":13,"give":11,"t":1586044800000,"bite":0,"lock":23,"draw":24,"free":5,"close":0,"open":11},{"wipe":9,"give":11,"t":1586131200000,"bite":0,"lock":18,"draw":20,"free":9,"close":1,"open":12},{"wipe":11,"give":7,"t":1586217600000,"bite":0,"lock":20,"draw":21,"free":11,"close":5,"open":11},{"wipe":7,"give":7,"t":1586304000000,"bite":0,"lock":10,"draw":11,"free":8,"close":0,"open":7},{"wipe":16,"give":18,"t":1586390400000,"bite":0,"lock":39,"draw":46,"free":6,"close":0,"open":18},{"wipe":7,"give":8,"t":1586476800000,"bite":13,"lock":17,"draw":19,"free":7,"close":1,"open":8},{"wipe":11,"give":10,"t":1586563200000,"bite":4,"lock":21,"draw":33,"free":5,"close":0,"open":10},{"wipe":11,"give":6,"t":1586649600000,"bite":1,"lock":16,"draw":16,"free":8,"close":2,"open":6},{"wipe":2,"give":2,"t":1586736000000,"bite":1,"lock":3,"draw":2,"free":1,"close":0,"open":2}]
13:32:22.152 [TestNG-tests-1] INFO tron.common.TronscanApiList - message:SUCCESS
13:32:22.152 [TestNG-tests-1] INFO tron.common.TronscanApiList - JSON content size are: 3
13:32:22.152 [TestNG-tests-1] INFO tron.common.TronscanApiList - ----------------------------Print JSON End-----------------------------
http://api.just.network/scan/cdpHistory/week
13:32:22.152 [TestNG-tests-1] DEBUG org.apache.http.impl.conn.PoolingClientConnectionManager - Connection request: [route: {}->http://api.just.network:80][total kept alive: 0; route allocated: 0 of 80; total allocated: 0 of 100]
13:32:22.152 [TestNG-tests-1] DEBUG org.apache.http.impl.conn.PoolingClientConnectionManager - Connection leased: [id: 4][route: {}->http://api.just.network:80][total kept alive: 0; route allocated: 1 of 80; total allocated: 1 of 100]
13:32:22.152 [TestNG-tests-1] DEBUG org.apache.http.impl.conn.DefaultClientConnectionOperator - Connecting to api.just.network:80
13:32:22.431 [TestNG-tests-1] DEBUG org.apache.http.client.protocol.RequestAddCookies - CookieSpec selected: default
13:32:22.431 [TestNG-tests-1] DEBUG org.apache.http.client.protocol.RequestAuthCache - Auth cache not set in the context
13:32:22.431 [TestNG-tests-1] DEBUG org.apache.http.client.protocol.RequestTargetAuthentication - Target auth state: UNCHALLENGED
13:32:22.431 [TestNG-tests-1] DEBUG org.apache.http.client.protocol.RequestProxyAuthentication - Proxy auth state: UNCHALLENGED
13:32:22.431 [TestNG-tests-1] DEBUG org.apache.http.impl.client.DefaultHttpClient - Attempt 1 to execute request
13:32:22.431 [TestNG-tests-1] DEBUG org.apache.http.impl.conn.DefaultClientConnection - Sending request: GET /scan/cdpHistory/week HTTP/1.1
13:32:22.431 [TestNG-tests-1] DEBUG org.apache.http.wire -  >> "GET /scan/cdpHistory/week HTTP/1.1[\r][\n]"
13:32:22.431 [TestNG-tests-1] DEBUG org.apache.http.wire -  >> "Content-type: application/json; charset=utf-8[\r][\n]"
13:32:22.431 [TestNG-tests-1] DEBUG org.apache.http.wire -  >> "Connection: Close[\r][\n]"
13:32:22.431 [TestNG-tests-1] DEBUG org.apache.http.wire -  >> "Host: api.just.network[\r][\n]"
13:32:22.431 [TestNG-tests-1] DEBUG org.apache.http.wire -  >> "User-Agent: Apache-HttpClient/4.5.3 (Java/1.8.0_211)[\r][\n]"
13:32:22.431 [TestNG-tests-1] DEBUG org.apache.http.wire -  >> "[\r][\n]"
13:32:22.431 [TestNG-tests-1] DEBUG org.apache.http.headers - >> GET /scan/cdpHistory/week HTTP/1.1
13:32:22.431 [TestNG-tests-1] DEBUG org.apache.http.headers - >> Content-type: application/json; charset=utf-8
13:32:22.431 [TestNG-tests-1] DEBUG org.apache.http.headers - >> Connection: Close
13:32:22.431 [TestNG-tests-1] DEBUG org.apache.http.headers - >> Host: api.just.network
13:32:22.431 [TestNG-tests-1] DEBUG org.apache.http.headers - >> User-Agent: Apache-HttpClient/4.5.3 (Java/1.8.0_211)
13:32:22.738 [TestNG-tests-1] DEBUG org.apache.http.wire -  << "HTTP/1.1 200 [\r][\n]"
13:32:22.738 [TestNG-tests-1] DEBUG org.apache.http.wire -  << "Server: nginx/1.16.1[\r][\n]"
13:32:22.738 [TestNG-tests-1] DEBUG org.apache.http.wire -  << "Date: Mon, 13 Apr 2020 05:32:22 GMT[\r][\n]"
13:32:22.738 [TestNG-tests-1] DEBUG org.apache.http.wire -  << "Content-Type: application/json;charset=UTF-8[\r][\n]"
13:32:22.738 [TestNG-tests-1] DEBUG org.apache.http.wire -  << "Content-Length: 292[\r][\n]"
13:32:22.738 [TestNG-tests-1] DEBUG org.apache.http.wire -  << "Connection: close[\r][\n]"
13:32:22.738 [TestNG-tests-1] DEBUG org.apache.http.wire -  << "Cache-Control: no-cache, no-store, must-revalidate[\r][\n]"
13:32:22.738 [TestNG-tests-1] DEBUG org.apache.http.wire -  << "[\r][\n]"
13:32:22.739 [TestNG-tests-1] DEBUG org.apache.http.impl.conn.DefaultClientConnection - Receiving response: HTTP/1.1 200 
13:32:22.739 [TestNG-tests-1] DEBUG org.apache.http.headers - << HTTP/1.1 200 
13:32:22.739 [TestNG-tests-1] DEBUG org.apache.http.headers - << Server: nginx/1.16.1
13:32:22.739 [TestNG-tests-1] DEBUG org.apache.http.headers - << Date: Mon, 13 Apr 2020 05:32:22 GMT
13:32:22.739 [TestNG-tests-1] DEBUG org.apache.http.headers - << Content-Type: application/json;charset=UTF-8
13:32:22.739 [TestNG-tests-1] DEBUG org.apache.http.headers - << Content-Length: 292
13:32:22.739 [TestNG-tests-1] DEBUG org.apache.http.headers - << Connection: close
13:32:22.739 [TestNG-tests-1] DEBUG org.apache.http.headers - << Cache-Control: no-cache, no-store, must-revalidate
http://api.just.network/scan/cdpHistory/week 请求总耗时：587 毫秒
13:32:22.739 [TestNG-tests-1] DEBUG org.apache.http.wire -  << "{"code":0,"data":{"wipe":"73","wipeNum":"2218016455083989899999","lockNum":"535208500000009731050376","bite":"19","drawNum":"4138003948583335399629","freeNum":"256308471509195109986772","lock":"135","draw":"159","free":"54","open":"67","biteNum":"9912430825405416284630"},"message":"SUCCESS"}"
13:32:22.739 [TestNG-tests-1] DEBUG org.apache.http.impl.conn.DefaultClientConnection - Connection 0.0.0.0:52485<->3.12.242.83:80 closed
13:32:22.739 [TestNG-tests-1] DEBUG org.apache.http.impl.conn.PoolingClientConnectionManager - Connection released: [id: 4][route: {}->http://api.just.network:80][total kept alive: 0; route allocated: 0 of 80; total allocated: 0 of 100]
13:32:22.740 [TestNG-tests-1] INFO tron.common.TronscanApiList - ----------------------------Print JSON Start---------------------------
13:32:22.740 [TestNG-tests-1] INFO tron.common.TronscanApiList - code:0
13:32:22.740 [TestNG-tests-1] INFO tron.common.TronscanApiList - data:{"wipe":"73","wipeNum":"2218016455083989899999","lockNum":"535208500000009731050376","bite":"19","drawNum":"4138003948583335399629","freeNum":"256308471509195109986772","lock":"135","draw":"159","free":"54","open":"67","biteNum":"9912430825405416284630"}
13:32:22.740 [TestNG-tests-1] INFO tron.common.TronscanApiList - message:SUCCESS
13:32:22.740 [TestNG-tests-1] INFO tron.common.TronscanApiList - JSON content size are: 3
13:32:22.740 [TestNG-tests-1] INFO tron.common.TronscanApiList - ----------------------------Print JSON End-----------------------------
]]></system-out>
  <system-err><![CDATA[]]></system-err>
</testsuite>
