<?xml version="1.0" encoding="UTF-8"?>
<testsuite name="tron.djed.CdpInfo" tests="3" skipped="0" failures="0" errors="0" timestamp="2020-04-13T05:32:22" hostname="zhukaideiMac" time="2.278">
  <properties/>
  <testcase name="cdpInfoAll" classname="tron.djed.CdpInfo" time="0.821"/>
  <testcase name="cdpInfoId" classname="tron.djed.CdpInfo" time="0.586"/>
  <testcase name="cdpInfoLatest" classname="tron.djed.CdpInfo" time="0.871"/>
  <system-out><![CDATA[http://api.just.network/scan/cdpInfo/getAll
13:32:22.741 [TestNG-tests-1] DEBUG org.apache.http.impl.conn.PoolingClientConnectionManager - Connection request: [route: {}->http://api.just.network:80][total kept alive: 0; route allocated: 0 of 80; total allocated: 0 of 100]
13:32:22.741 [TestNG-tests-1] DEBUG org.apache.http.impl.conn.PoolingClientConnectionManager - Connection leased: [id: 5][route: {}->http://api.just.network:80][total kept alive: 0; route allocated: 1 of 80; total allocated: 1 of 100]
13:32:22.741 [TestNG-tests-1] DEBUG org.apache.http.impl.conn.DefaultClientConnectionOperator - Connecting to api.just.network:80
13:32:23.045 [TestNG-tests-1] DEBUG org.apache.http.client.protocol.RequestAddCookies - CookieSpec selected: default
13:32:23.045 [TestNG-tests-1] DEBUG org.apache.http.client.protocol.RequestAuthCache - Auth cache not set in the context
13:32:23.045 [TestNG-tests-1] DEBUG org.apache.http.client.protocol.RequestTargetAuthentication - Target auth state: UNCHALLENGED
13:32:23.045 [TestNG-tests-1] DEBUG org.apache.http.client.protocol.RequestProxyAuthentication - Proxy auth state: UNCHALLENGED
13:32:23.045 [TestNG-tests-1] DEBUG org.apache.http.impl.client.DefaultHttpClient - Attempt 1 to execute request
13:32:23.045 [TestNG-tests-1] DEBUG org.apache.http.impl.conn.DefaultClientConnection - Sending request: GET /scan/cdpInfo/getAll HTTP/1.1
13:32:23.046 [TestNG-tests-1] DEBUG org.apache.http.wire -  >> "GET /scan/cdpInfo/getAll HTTP/1.1[\r][\n]"
13:32:23.046 [TestNG-tests-1] DEBUG org.apache.http.wire -  >> "Content-type: application/json; charset=utf-8[\r][\n]"
13:32:23.046 [TestNG-tests-1] DEBUG org.apache.http.wire -  >> "Connection: Close[\r][\n]"
13:32:23.046 [TestNG-tests-1] DEBUG org.apache.http.wire -  >> "Host: api.just.network[\r][\n]"
13:32:23.046 [TestNG-tests-1] DEBUG org.apache.http.wire -  >> "User-Agent: Apache-HttpClient/4.5.3 (Java/1.8.0_211)[\r][\n]"
13:32:23.046 [TestNG-tests-1] DEBUG org.apache.http.wire -  >> "[\r][\n]"
13:32:23.046 [TestNG-tests-1] DEBUG org.apache.http.headers - >> GET /scan/cdpInfo/getAll HTTP/1.1
13:32:23.046 [TestNG-tests-1] DEBUG org.apache.http.headers - >> Content-type: application/json; charset=utf-8
13:32:23.046 [TestNG-tests-1] DEBUG org.apache.http.headers - >> Connection: Close
13:32:23.046 [TestNG-tests-1] DEBUG org.apache.http.headers - >> Host: api.just.network
13:32:23.046 [TestNG-tests-1] DEBUG org.apache.http.headers - >> User-Agent: Apache-HttpClient/4.5.3 (Java/1.8.0_211)
13:32:23.287 [TestNG-tests-1] DEBUG org.apache.http.wire -  << "HTTP/1.1 200 [\r][\n]"
13:32:23.287 [TestNG-tests-1] DEBUG org.apache.http.wire -  << "Server: nginx/1.16.1[\r][\n]"
13:32:23.287 [TestNG-tests-1] DEBUG org.apache.http.wire -  << "Date: Mon, 13 Apr 2020 05:32:23 GMT[\r][\n]"
13:32:23.287 [TestNG-tests-1] DEBUG org.apache.http.wire -  << "Content-Type: application/json;charset=UTF-8[\r][\n]"
13:32:23.287 [TestNG-tests-1] DEBUG org.apache.http.wire -  << "Content-Length: 25420[\r][\n]"
13:32:23.287 [TestNG-tests-1] DEBUG org.apache.http.wire -  << "Connection: close[\r][\n]"
13:32:23.287 [TestNG-tests-1] DEBUG org.apache.http.wire -  << "Cache-Control: no-cache, no-store, must-revalidate[\r][\n]"
13:32:23.287 [TestNG-tests-1] DEBUG org.apache.http.wire -  << "[\r][\n]"
13:32:23.287 [TestNG-tests-1] DEBUG org.apache.http.impl.conn.DefaultClientConnection - Receiving response: HTTP/1.1 200 
13:32:23.287 [TestNG-tests-1] DEBUG org.apache.http.headers - << HTTP/1.1 200 
13:32:23.287 [TestNG-tests-1] DEBUG org.apache.http.headers - << Server: nginx/1.16.1
13:32:23.287 [TestNG-tests-1] DEBUG org.apache.http.headers - << Date: Mon, 13 Apr 2020 05:32:23 GMT
13:32:23.287 [TestNG-tests-1] DEBUG org.apache.http.headers - << Content-Type: application/json;charset=UTF-8
13:32:23.287 [TestNG-tests-1] DEBUG org.apache.http.headers - << Content-Length: 25420
13:32:23.287 [TestNG-tests-1] DEBUG org.apache.http.headers - << Connection: close
13:32:23.287 [TestNG-tests-1] DEBUG org.apache.http.headers - << Cache-Control: no-cache, no-store, must-revalidate
http://api.just.network/scan/cdpInfo/getAll 请求总耗时：547 毫秒
13:32:23.288 [TestNG-tests-1] DEBUG org.apache.http.wire -  << "{"code":0,"data":[{"address":"TBQMnML1cE5S49vTekKK83mW29GrwzZSg4","ptrxHold":"159000000000000000000","cdpId":1,"lasteventTime":1586699070000,"liqPrice":"4792452830188380","cRatio":"3862968695149847861363428175","id":1,"state":0,"debt":"508000000000000000"},{"address":"TQhrTyYSdfWN6sS3iquHYpkrrBmzmjJR1P","ptrxHold":"0","cdpId":2,"lasteventTime":1585909866000,"liqPrice":"0","cRatio":"0","id":2,"state":0,"debt":"0"},{"address":"TPLZRCGTkdcXtQ7snqhUbay3oK2s2Q5q7L","ptrxHold":"102246912000000000000","cdpId":3,"lasteventTime":1585921128000,"liqPrice":"146703697027046","cRatio":"126193788099197856047711344300","id":3,"state":0,"debt":"10000000000000000"},{"address":"TVpiHGTAfdWnrr8x3jePgUn1LXjMTya9Pn","ptrxHold":"5123456000000000000","cdpId":4,"lasteventTime":1585910589000,"liqPrice":"2927711294875776","cRatio":"6323401931195377819867880000","id":4,"state":0,"debt":"10000000000000000"},{"address":"TNfNDUriZAT1d6wsuuJWjhTKgoxjguKh4B","ptrxHold":"100010000000000000000","cdpId":5,"lasteventTime":1585911384000,"liqPrice":"1499850014998406","cRatio":"12343297710351171860653954560","id":5,"state":0,"debt":"100000000000000000"},{"address":"TLipJxwgDbn7FaQCnECxiYdxFTBhshLiW3","ptrxHold":"5123456000000000000","cdpId":6,""
13:32:23.288 [TestNG-tests-1] DEBUG org.apache.http.wire -  << "lasteventTime":1585912599000,"liqPrice":"2927711294875776","cRatio":"6323401931195377819867880000","id":6,"state":0,"debt":"10000000000000000"},{"address":"TQE7vtajbSHZFnKUCjruxyaKMeYbRGPUGC","ptrxHold":"142000000000000000000","cdpId":7,"lasteventTime":1585915254000,"liqPrice":"3169014084506844","cRatio":"5841910058560365310845120647","id":7,"state":0,"debt":"300000000000000000"},{"address":"TWqX5nyCDUT1FSbGCsFsXzb3sDWcCniAxR","ptrxHold":"100800000000000000000","cdpId":8,"lasteventTime":1585918434000,"liqPrice":"7440476190475725","cRatio":"2488160002406555591548682372","id":8,"state":0,"debt":"500000000000000000"},{"address":"TWj8Si9Wb7ooPb6KxRvsW4eYDHaX2sopZD","ptrxHold":"101000000000000000000","cdpId":9,"lasteventTime":1585917087000,"liqPrice":"8910891089108354","cRatio":"2077580689840129916885060512","id":9,"state":0,"debt":"600000000000000000"},{"address":"TGJzWmynBV76eKDsri2APRhaPgM9UsMGu9","ptrxHold":"111000000000000000000","cdpId":10,"lasteventTime":1586155002000,"liqPrice":"2702702702702534","cRatio":"6849845244720428339828961885","id":10,"state":0,"debt":"200000000000000000"},{"address":"TEuA6f6s9GySY2K4Sead2L1EQcd6ZQ6oZH","ptrxHold":"100123456000000039552","cdpId":11,"lasteventTime":1586325888000,"liqPrice":"29038223977612","cRatio":"637542270845264465357988562962","id":11,"state":0,"debt":"1938271560493825"},{"address":"TJ4LQazV5KTkrd8fEuNXUavqtGCDQTM9oJ","ptrxHold":"103000000000000000000","cdpId":12,"lasteventTime":1585918812000,"liqPrice":"4368932038834678","cRatio":"4237441803040264978993291737","id":12,"state":0,"debt":"300000000000000000"},{"address":"TKYxiF4Do98XbiykBwztb6xbaFqDcAYKtD","ptrxHold":"1000000000000000000000","cdpId":13,"lasteventTime":1585987173000,"liqPrice":"2999999999999812","cRatio":"6171031752000385891737803500","id":13,"state":0,"debt":"2000000000000000000"},{"address":"TVP8tFJx9L22eAYZhq2v1DeZDQ6UzdBCX3","ptrxHold":"30200200000000000000000000","cdpId":14,"lasteventTime":1585987653000,"liqPrice":"5016572737928574","cRatio":"3690387087588480391434936550","id":14,"state":0,"debt":"101001000000000000000000"},{"address":"TH4JLQtNjpy9HfqoNJhBuF3v1vHBPxtBVT","ptrxHold":"499999999999995711899","cdpId":15,"lasteventTime":1586600661000,"liqPrice":"5999999999999676","cRatio":"3085515876000166483861474966","id":15,"state":0,"debt":"2000000000000000000"},{"address":"TXNABQX4cE4ZHEWqSPgPUxnUV1rZpxb4zx","ptrxHold":"100000000000038592912","cdpId":16,"lasteventTime":1586618514000,"liqPrice":"8772239999996","cRatio":"2110418234796164083264255788145","id":16,"state":0,"debt":"584816000000000"},{"address":"TAxcic2KANbozgu3qYJigDgZK3asEHBXwH","ptrxHold":"23299999999999113213251","cdpId":17,"lasteventTime":1586498970000,"liqPrice":"8980686695278750","cRatio":"2061434262675319267215849310","id":17,"state":0,"debt":"139500000000000000000"},{"address":"TZAJyiDVhcWAaHsoSuDHp33BtAiQ87sWqz","ptrxHold":"101001000000012827093","cdpId":18,"lasteventTime":1586468955000,"liqPrice":"29702676211121","cRatio":"623280377983870131849598753000","id":18,"state":0,"debt":"2000000000000000"},{"address":"TSJF1Stf4D1gYZLNWkNNcUvqoxqdpKzR5Q","ptrxHold":"0","cdpId":19,"lasteventTime":1586213088000,"liqPrice":"0","cRatio":"0","id":19,"state":1,"debt":"0"},{"address":"TLQ7VyXu8cfoQAFo4q5qmZf33nFTc9Jxb6","ptrxHold":"42526310417260200818","cdpId":20,"lasteventTime":1586509203000,"liqPrice":"0","cRatio":"0","id":20,"state":0,"debt":"0"},{"address":"TQZLMY44jQR4pWNijs8dX3iasaVCB5AfPk","ptrxHold":"200000000000000000000","cdpId":21,"lasteventTime":1585985925000,"liqPrice":"7499999999999531","cRatio":"2468412700800154356695121400","id":21,"state":0,"debt":"1000000000000000000"},{"address":"TUKCcRWsATfHY43jbJoyDSMsGhTV93EMH2","ptrxHold":"106000000003911473546","cdpId":22,"lasteventTime":1586499474000,"liqPrice":"707547169785168","cRatio":"26165174629447149278947308520","id":22,"state":0,"debt":"50000000000000000"},{"address":"TMzftztGnJCgzJLhhapNdG1sPwfuPKJJmq","ptrxHold":"101000000000000000000","cdpId":23,"lasteventTime":1586000571000,"liqPrice":"14851485148514","cRatio":"1246548413904077950131036307000","id":23,"state":0,"debt":"1000000000000000"},{"address":"TLtEGPfL6u1aQEtVRRWB7G7UbcCoieMhnz","ptrxHold":"130000000000018491727","cdpId":24,"lasteventTime":1586368350000,"liqPrice":"11538461538459176","cRatio":"1604468255520328557920761556","id":24,"state":0,"debt":"1000000000000000000"},{"address":"TQrSgKaHkvSXkmdt1aoEod5rRu8RBSUeRe","ptrxHold":"101000000000000000000","cdpId":25,"lasteventTime":1586015268000,"liqPrice":"14851485148514","cRatio":"1246548413904077950131036307000","id":25,"state":0,"debt":"1000000000000000"},{"address":"TMC2JnqXuUtennmup2orLVZD2UYtE2dwM9","ptrxHold":"226008999999991100758914","cdpId":26,"lasteventTime":1586502642000,"liqPrice":"9521484868989568","cRatio":"1944349595754242265700410271","id":26,"state":0,"debt":"1434627515837008666660"},{"address":"TBCkWokjXYpPMV44zWQcYSscxTjQVEQEUe","ptrxHold":"11114999999999632816086","cdpId":27,"lasteventTime":1586672745000,"liqPrice":"7422402159244046","cRatio":"2494218833581164483020857023","id":27,"state":0,"debt":"55000000000000000000"},{"address":"TBjfEGquGZiofeLC8bHqyCELJHwNE5GXec","ptrxHold":"200000000000000000000","cdpId":28,"lasteventTime":1586052846000,"liqPrice":"750000000000","cRatio":"24684127008001543566951214000000","id":28,"state":0,"debt":"100000000000000"},{"address":"TH6umeFGNq4iWQ3T6wSYGZej2Emwq9TD7z","ptrxHold":"101000000000000000000","cdpId":29,"lasteventTime":1586064084000,"liqPrice":"14851485148514","cRatio":"1246548413904077950131036307000","id":29,"state":0,"debt":"1000000000000000"},{"address":"TU5skxQhjBs9mVp4JdcnbyPUE6JfkgsYYg","ptrxHold":"200000000000000000000","cdpId":30,"lasteventTime":1586077389000,"liqPrice":"8999999999999437","cRatio":"2057010584000128630579267833","id":30,"state":0,"debt":"1200000000000000000"},{"address":"TUAv4ebVubCs2JKiSDZieRGg8MsEg92NBU","ptrxHold":"9100000000000000000000","cdpId":31,"lasteventTime":1586157936000,"liqPrice":"3296703296703","cRatio":"5615638894320351161481401185000","id":31,"state":0,"debt":"20000000000000000"},{"address":"TGcQGXxrUXo1ZpBVmopq1KjywnMdio4fdh","ptrxHold":"500000000000000000000","cdpId":32,"lasteventTime":1586091135000,"liqPrice":"5999999999999625","cRatio":"3085515876000192945868901750","id":32,"state":0,"debt":"2000000000000000000"},{"address":"TNbMecHGSBebVgAe9cTtTkgkFvfudd9n9Z","ptrxHold":"101000000000000000000","cdpId":33,"lasteventTime":1586097642000,"liqPrice":"1031722871287","cRatio":"17943864356622330802783448165766","id":33,"state":0,"debt":"69469340000000"},{"address":"TFCR3gGpYEWpR8WoCJALdMjzVr2h2tgaE8","ptrxHold":"103750800000000826746","cdpId":34,"lasteventTime":1586189574000,"liqPrice":"1447217756393102","cRatio":"12792197424484450318727819031","id":34,"state":0,"debt":"100100000000000000"},{"address":"TSqm17LtNgLhfmMHiqs5VmUE6EGx7fVixT","ptrxHold":"1000000000000000000000","cdpId":35,"lasteventTime":1586106438000,"liqPrice":"14999999999999","cRatio":"1234206350400077178347560700000","id":35,"state":0,"debt":"10000000000000000"},{"address":"TAdwvb1Lo2K99QX1Y9YAqvKqTrNbrsHaJi","ptrxHold":"201000000000000000000","cdpId":36,"lasteventTime":1586111085000,"liqPrice":"5970149253730970","cRatio":"3100943455380193910598246259"
13:32:23.288 [TestNG-tests-1] DEBUG org.apache.http.wire -  << "","id":36,"state":0,"debt":"800000000000000000"},{"address":"TQUYC4Ej6c97zazDqf2xLexmoxfurgrNpF","ptrxHold":"999999999999976545674","cdpId":37,"lasteventTime":1586119455000,"liqPrice":"1499999999999941","cRatio":"12342063504000482308694671464","id":37,"state":0,"debt":"1000000000000000000"},{"address":"TTUmEs2Cb39aunB1YWdN4AA3impAe7iTL9","ptrxHold":"999999999999976545674","cdpId":38,"lasteventTime":1586122128000,"liqPrice":"7499999999999707","cRatio":"2468412700800096461738934293","id":38,"state":0,"debt":"5000000000000000000"},{"address":"TVj5CtmAo3i9Q74XJRQiWoV1tT7RVGdtXB","ptrxHold":"249999999999994136418","cdpId":39,"lasteventTime":1586131365000,"liqPrice":"5999999999999766","cRatio":"3085515876000120577167496834","id":39,"state":0,"debt":"1000000000000000000"},{"address":"TSpydtLefoNBJojqkWqvRRjLSDJDQPtR5J","ptrxHold":"0","cdpId":40,"lasteventTime":1586243487000,"liqPrice":"0","cRatio":"0","id":40,"state":1,"debt":"0"},{"address":"TRTLspPrssGqvFQiWfcAMvixSNDp7AH8p4","ptrxHold":"8999999999999788911064","cdpId":41,"lasteventTime":1586144052000,"liqPrice":"4499999999999824","cRatio":"4114021168000160769563976261","id":41,"state":0,"debt":"27000000000000000000"},{"address":"TPycJcnHB6ZrEgPLM2gT1fgM635qMVQHxH","ptrxHold":"100233429725400833967","cdpId":42,"lasteventTime":1586676177000,"liqPrice":"0","cRatio":"0","id":42,"state":0,"debt":"0"},{"address":"TMfSXJ6ZqD5MRcPLmQ9LpeUg4pPAmAR7WY","ptrxHold":"45187554571238363771","cdpId":43,"lasteventTime":1586509203000,"liqPrice":"0","cRatio":"0","id":43,"state":0,"debt":"0"},{"address":"TGsa93DqQ83itWz1xEGfXTriTHYZn3Krau","ptrxHold":"199999999999995309135","cdpId":44,"lasteventTime":1586149962000,"liqPrice":"749999999999971","cRatio":"24684127008000964617414027050","id":44,"state":0,"debt":"100000000000000000"},{"address":"TMM2RywX7TkBwYgsbNhHfxFf3zHDoyaM9L","ptrxHold":"216999999999994910411","cdpId":45,"lasteventTime":1586151981000,"liqPrice":"9331797235022677","cRatio":"1983872429902299748876710707","id":45,"state":0,"debt":"1350000000000000000"},{"address":"TQzzUAGmu84PFEKEEUsKTQXXJXL1ioNvHK","ptrxHold":"59476174025164745209","cdpId":46,"lasteventTime":1586642403000,"liqPrice":"0","cRatio":"0","id":46,"state":0,"debt":"0"},{"address":"TXYqqoFA8r5XGZpRQixXrodPX5FqC5Fqbg","ptrxHold":"4599999999999825502855","cdpId":47,"lasteventTime":1586622972000,"liqPrice":"8152173913043278","cRatio":"2270939684736055861965717415","id":47,"state":0,"debt":"25000000000000000000"},{"address":"THxHSqVg35yd8ZPy1x7FVwuj7uJ9iD94cz","ptrxHold":"1999999999999953091348","cdpId":48,"lasteventTime":1586198799000,"liqPrice":"7499999999999707","cRatio":"2468412700800096461738934293","id":48,"state":0,"debt":"10000000000000000000"},{"address":"TBhhGi8pfCo213GcLRSzTR8mCpc74WbwUE","ptrxHold":"108361244813917276998","cdpId":49,"lasteventTime":1586643132000,"liqPrice":"6229164321239551","cRatio":"2972003033035425171400484593","id":49,"state":0,"debt":"450000000000000000"},{"address":"TSJF1Stf4D1gYZLNWkNNcUvqoxqdpKzR5Q","ptrxHold":"100899999999998134380","cdpId":50,"lasteventTime":1586556822000,"liqPrice":"0","cRatio":"0","id":50,"state":0,"debt":"0"},{"address":"TQ2nTYLJwPytPBwqdDCWwDrGz6wR7k25JT","ptrxHold":"399999999999984180742","cdpId":51,"lasteventTime":1586236521000,"liqPrice":"7499999999999828","cRatio":"2468412700800056735551710314","id":51,"state":0,"debt":"2000000000000000000"},{"address":"TMi8b7dZEXChEci9iL3Fa8HpQtLMwdSZZr","ptrxHold":"724999999999971327596","cdpId":52,"lasteventTime":1586240490000,"liqPrice":"5172413793103329","cRatio":"3579198416160082266555533884","id":52,"state":0,"debt":"2500000000000000000"},{"address":"TEeE66SbNUu7UZu4E5cdbbWbVXN9crAqbN","ptrxHold":"100999999999996006183","cdpId":53,"lasteventTime":1586246685000,"liqPrice":"1485148514851","cRatio":"12465484139040286581879989490000","id":53,"state":0,"debt":"100000000000000"},{"address":"TN7tWgTtrCjfm7C9AKBcHQwmBKjSq1gWiz","ptrxHold":"399999999999984180742","cdpId":54,"lasteventTime":1586241792000,"liqPrice":"7499999999999828","cRatio":"2468412700800056735551710314","id":54,"state":0,"debt":"2000000000000000000"},{"address":"TSpydtLefoNBJojqkWqvRRjLSDJDQPtR5J","ptrxHold":"0","cdpId":55,"lasteventTime":1586244201000,"liqPrice":"0","cRatio":"0","id":55,"state":1,"debt":"0"},{"address":"TLWwHPKqV6A31kECNY8A7HKfKW5ifuHiDk","ptrxHold":"100999999999996005480","cdpId":56,"lasteventTime":1586250579000,"liqPrice":"2970297029702902","cRatio":"6232742069520143247557641530","id":56,"state":0,"debt":"200000000000000000"},{"address":"TH55hzcMynjzJSFq2wNCwSCknuE6H9qFmo","ptrxHold":"21074577819460490921","cdpId":57,"lasteventTime":1586509203000,"liqPrice":"0","cRatio":"0","id":57,"state":0,"debt":"0"},{"address":"TSpydtLefoNBJojqkWqvRRjLSDJDQPtR5J","ptrxHold":"0","cdpId":58,"lasteventTime":1586260518000,"liqPrice":"0","cRatio":"0","id":58,"state":1,"debt":"0"},{"address":"TSpydtLefoNBJojqkWqvRRjLSDJDQPtR5J","ptrxHold":"0","cdpId":59,"lasteventTime":1586263896000,"liqPrice":"0","cRatio":"0","id":59,"state":1,"debt":"0"},{"address":"TSpydtLefoNBJojqkWqvRRjLSDJDQPtR5J","ptrxHold":"0","cdpId":60,"lasteventTime":1586264415000,"liqPrice":"0","cRatio":"0","id":60,"state":1,"debt":"0"},{"address":"TTVmShX5MBY8ot1ik3RHhHHyMDYNbRE6ry","ptrxHold":"100999999999996005230","cdpId":61,"lasteventTime":1586506755000,"liqPrice":"7425742574257","cRatio":"2493096827808057292852024860000","id":61,"state":0,"debt":"500000000000000"},{"address":"THuXM63ckuZ3YUAXbw6envVReYMV8FsdkF","ptrxHold":"100999999999996005230","cdpId":62,"lasteventTime":1586311383000,"liqPrice":"5940594059405804","cRatio":"3116371034760071616065031075","id":62,"state":0,"debt":"400000000000000000"},{"address":"TJ5tbSznfZLRnjDiFQxzvto1UiaRV4mtVx","ptrxHold":"499999999999980223909","cdpId":63,"lasteventTime":1586328768000,"l"
13:32:23.557 [TestNG-tests-1] DEBUG org.apache.http.wire -  << "iqPrice":"11999999999999724","cRatio":"1542757938000035453491705151","id":63,"state":0,"debt":"4000000000000000000"},{"address":"TWRSxgckEoYHbsMUgVsLpG3tvwYrnf4h6g","ptrxHold":"199999999999992089563","cdpId":64,"lasteventTime":1586368569000,"liqPrice":"9749999999999776","cRatio":"1898779000615428250445633079","id":64,"state":0,"debt":"1300000000000000000"},{"address":"TRNFDwovCknjLu3m2NvWEKfgNPQT2vuUZU","ptrxHold":"104999999999995847021","cdpId":65,"lasteventTime":1586373759000,"liqPrice":"7142857142857","cRatio":"2591833335840059561868779906000","id":65,"state":0,"debt":"500000000000000"},{"address":"THRXJhXrG1Duvx7Zauji8EvkxRQUCHC8Gi","ptrxHold":"100999999999996005230","cdpId":66,"lasteventTime":1586418459000,"liqPrice":"1499999999999966","cRatio":"12342063504000283627980321089","id":66,"state":0,"debt":"101000000000000000"},{"address":"TKUzjyHfCRxUtdhtHSeKqyzZLVdwFgEgBb","ptrxHold":"104999999999995847021","cdpId":67,"lasteventTime":1586558697000,"liqPrice":"303313507143","cRatio":"61036171551967754482715206338487","id":67,"state":0,"debt":"21231945500000"},{"address":"TDkrw79sajkwJvSS1aQv2pdVprmQj5qfS7","ptrxHold":"0","cdpId":68,"lasteventTime":1586552190000,"liqPrice":"0","cRatio":"0","id":68,"state":1,"debt":"0"},{"address":"THrGXb2JWQjJae3EfxLR7f75nqDvAkyQPG","ptrxHold":"18247662378910869098","cdpId":69,"lasteventTime":1586509203000,"liqPrice":"0","cRatio":"0","id":69,"state":0,"debt":"0"},{"address":"TXrYjxzi8MWSWwa6C7SRcDk4n3rqE2PNgf","ptrxHold":"95672661387440320172","cdpId":70,"lasteventTime":1586509203000,"liqPrice":"0","cRatio":"0","id":70,"state":0,"debt":"0"},{"address":"TCVdEYTsHiYGv6DwncapGcB8wFrYgTF6yo","ptrxHold":"250999999999990072403","cdpId":71,"lasteventTime":1586418816000,"liqPrice":"5976095617529743","cRatio":"3097857939504071190619761229","id":71,"state":0,"debt":"1000000000000000000"},{"address":"TRMaz5sMqLn3K1dPLnjd4f34aWRvVkvwA6","ptrxHold":"2999999999999883007868","cdpId":72,"lasteventTime":1586593443000,"liqPrice":"4999999999999882","cRatio":"3702619051200087142610420856","id":72,"state":0,"debt":"10000000000000000000"},{"address":"TUqCwEdr99ZzswfsX3j7Loumzfgs3qD5r4","ptrxHold":"0","cdpId":73,"lasteventTime":1586716680000,"liqPrice":"0","cRatio":"0","id":73,"state":1,"debt":"0"},{"address":"TATE35m1seDKyNeTKF8QvmPUYNskeMgrWM","ptrxHold":"499999999999980223909","cdpId":74,"lasteventTime":1586437629000,"liqPrice":"10079999999999768","cRatio":"1836616592857185063680601370","id":74,"state":0,"debt":"3360000000000000000"},{"address":"TTB615vmhCpGz3L7heSRh7L5huvjYTeHjJ","ptrxHold":"100999999999997333434","cdpId":75,"lasteventTime":1586624754000,"liqPrice":"7440594059405672","cRatio":"2488120586634820437533187022","id":75,"state":0,"debt":"501000000000000000"},{"address":"THWhSu88iDPrDTfVB5mfLxrVoDSx6JP52w","ptrxHold":"199999999999992089563","cdpId":76,"lasteventTime":1586452260000,"liqPrice":"974999999999"
13:32:23.557 [TestNG-tests-1] DEBUG org.apache.http.wire -  << "9776","cRatio":"1898779000615428250445633079","id":76,"state":0,"debt":"1300000000000000000"},{"address":"TLJKoqsEGTmevk9uoSQwB3NfszQn1TFdRT","ptrxHold":"19999999999999208956348","cdpId":77,"lasteventTime":1586479794000,"liqPrice":"5250000749999879","cRatio":"3526303354528173246811317874","id":77,"state":0,"debt":"70000010000000000000"},{"address":"TPKy8QmwgHrV2zCTEEKu1Qz3SbVySbQx4v","ptrxHold":"148999999999994106724","cdpId":78,"lasteventTime":1586457840000,"liqPrice":"11073825503355450","cRatio":"1671788601905492964137478945","id":78,"state":0,"debt":"1100000000000000000"},{"address":"THhuQy3rYv56XAcr1998gigFXxMM9PrcWe","ptrxHold":"199999999999992089563","cdpId":79,"lasteventTime":1586461227000,"liqPrice":"7499999999999828","cRatio":"2468412700800056725579323003","id":79,"state":0,"debt":"1000000000000000000"},{"address":"TFYG5hrKA8rguCSxJy5wfVfxMJ7EqU5D14","ptrxHold":"100999999999996005230","cdpId":80,"lasteventTime":1586461905000,"liqPrice":"8910891089108706","cRatio":"2077580689840047744043354050","id":80,"state":0,"debt":"600000000000000000"},{"address":"TESM2Kew8tnGsxnPzSvNbqSRbyGKdWJKbD","ptrxHold":"199999999999992089563","cdpId":81,"lasteventTime":1586462682000,"liqPrice":"7499999999999828","cRatio":"2468412700800056725579323003","id":81,"state":0,"debt":"1000000000000000000"},{"address":"TS5Kei7hvEcTmwYXAzS4y1fDbQ6dkv1yX8","ptrxHold":"70448440924959949766","cdpId":82,"lasteventTime":1586509203000,"liqPrice""
13:32:23.558 [TestNG-tests-1] DEBUG org.apache.http.wire -  << ":"0","cRatio":"0","id":82,"state":0,"debt":"0"},{"address":"TJLkUzSZSw2KfbUN77QotY7d3P8XhSq3jd","ptrxHold":"101999999999995965677","cdpId":83,"lasteventTime":1586469855000,"liqPrice":"7352941176470419","cRatio":"2517780954816057860087700526","id":83,"state":0,"debt":"500000000000000000"},{"address":"TRURwQ1C6E3TyGjkis5BL4acvH53Mo8spQ","ptrxHold":"499999999999980223909","cdpId":84,"lasteventTime":1586473722000,"liqPrice":"5999999999999862","cRatio":"3085515876000070906983410301","id":84,"state":0,"debt":"2000000000000000000"},{"address":"TDj9wQMfw9zkvQ4ZC472DZfaqacS4SoCb1","ptrxHold":"498999999999980263461","cdpId":85,"lasteventTime":1586473929000,"liqPrice":"6742484969939725","cRatio":"2745737712214062207015889748","id":85,"state":0,"debt":"2243000000000000000"},{"address":"TP21aBSH3358eJF92cqVZgxidj68DpNFTz","ptrxHold":"21562325304219130500","cdpId":86,"lasteventTime":1586509203000,"liqPrice":"0","cRatio":"0","id":86,"state":0,"debt":"0"},{"address":"TXWNV8V9n78wXCniPmDRnPacXMqrDdH5br","ptrxHold":"124999999999995055977","cdpId":87,"lasteventTime":1586478516000,"liqPrice":"5999999999999862","cRatio":"3085515876000070906977239270","id":87,"state":0,"debt":"500000000000000000"},{"address":"TAXDAcdhQ5HjmtA3X2BP8CRyaMiQJpbK21","ptrxHold":"28791648935923771586","cdpId":88,"lasteventTime":1586509203000,"liqPrice":"0","cRatio":"0","id":88,"state":0,"debt":"0"},{"address":"TVbqcGhBNcjrJEgKajh3zwAwzkbfg3CgrS","ptrxHold":"199999999999992089563","cdpId":89,"lasteventTime":1586505999000,"liqPrice":"7499999999999828","cRatio":"2468412700800056725579323003","id":89,"state":0,"debt":"1000000000000000000"},{"address":"TBER7A6P6e91iN8378KSzusC75dqFxxF8n","ptrxHold":"199999999999992089563","cdpId":90,"lasteventTime":1586516373000,"liqPrice":"11249999999999741","cRatio":"1645608467200037817052882002","id":90,"state":0,"debt":"1500000000000000000"},{"address":"TMziknyJV6J4Swkx6hCqjxeBiiEJVmzbyf","ptrxHold":"119999999999995253738","cdpId":91,"lasteventTime":1586526294000,"liqPrice":"9374999999999785","cRatio":"1974730160640045380466749619","id":91,"state":0,"debt":"750000000000000000"},{"address":"TWBFttHgkrk5HHqwGdCQwynAL4Ppeq6PAB","ptrxHold":"240092186807122078152","cdpId":92,"lasteventTime":1586530803000,"liqPrice":"0","cRatio":"0","id":92,"state":0,"debt":"0"},{"address":"TXnV398AxR2aae1xChs5jHWFTgH4VFQtnk","ptrxHold":"108999999999996637529","cdpId":93,"lasteventTime":1586632881000,"liqPrice":"963302752293547","cRatio":"19218356027657751779546125743","id":93,"state":0,"debt":"70000000000000000"},{"address":"TD2DYC1LfktNPkecotTkSx5BoxNMW8vx7N","ptrxHold":"100999999999995669018","cdpId":94,"lasteventTime":1586562657000,"liqPrice":"9207920792079027","cRatio":"2010561957909716930445415521","id":94,"state":0,"debt":"620000000000000000"},{"address":"TPZeSTbPkHHPEs65Yx4rPGaFByV4SDH99k","ptrxHold":"10000999999999571146981","cdpId":95,"lasteventTime":1586578785000,"liqPrice":"8253674632536584","cRatio":"2243012485980491108038254864","id":95,"state":0,"debt":"55030000000000000000"},{"address":"TQMVmfF13Gb5NhmApRKqVzfdS9Wc6f2Nwh","ptrxHold":"1149999999999950686834","cdpId":96,"lasteventTime":1586605449000,"liqPrice":"7896521739130280","cRatio":"2344462013478737846840203620","id":96,"state":0,"debt":"6054000000000000000"},{"address":"TFj6AVqtuL7RQA6phUe2gMexfvBZuRP1UR","ptrxHold":"24876099465817630094","cdpId":97,"lasteventTime":1586610003000,"liqPrice":"0","cRatio":"0","id":97,"state":0,"debt":"0"},{"address":"TRqyLg1yfgCF6rJKNFrHL3CAVbcW6XrcoG","ptrxHold":"112999999999995154446","cdpId":98,"lasteventTime":1586672412000,"liqPrice":"1327433628318558","cRatio":"13946531759520274073975635260","id":98,"state":0,"debt":"100000000000000000"},{"address":"TUpyi7G7Hj4J8mfY4bKtPU3HHUjTzsMpyo","ptrxHold":"119999999999994854278","cdpId":99,"lasteventTime":1586623332000,"liqPrice":"6249999999999877","cRatio":"2962095240960058210378749812","id":99,"state":0,"debt":"500000000000000000"},{"address":"TYq2JDihUsR9UcPwcKyd8jqduCiLxjJzXW","ptrxHold":"199999999999991423797","cdpId":100,"lasteventTime":1586625042000,"liqPrice":"7499999999999853","cRatio":"2468412700800048508653072198","id":100,"state":0,"debt":"1000000000000000000"},{"address":"TChZCzmfoDVSd5sSULsLx9sA5XALBUa74v","ptrxHold":"999999999999957118986","cdpId":101,"lasteventTime":1586631384000,"liqPrice":"8999999999999823","cRatio":"2057010584000040423879617176","id":101,"state":0,"debt":"6000000000000000000"},{"address":"TQvC8ozdSj4LbeYmxrX3EjhK6jCjr4v2nX","ptrxHold":"1729844326558586513436","cdpId":102,"lasteventTime":1586683047000,"liqPrice":"8671300515139760","cRatio":"2134984853042152359057167168","id":102,"state":0,"debt":"10000000000000000000"},{"address":"TYwoS5FjG2Cf7UwsTwSBwYVMgxbLTCZgVh","ptrxHold":"0","cdpId":103,"lasteventTime":1586679807000,"liqPrice":"0","cRatio":"0","id":103,"state":1,"debt":"0"},{"address":"TUEZNDjAN3UeFs3YXhBb8q4SwbTfvMU8uZ","ptrxHold":"73162081087984230422","cdpId":104,"lasteventTime":1586754003000,"liqPrice":"0","cRatio":"0","id":104,"state":0,"debt":"0"},{"address":"TUUAZqcA6V7webVP891WkS1RabssEo1U96","ptrxHold":"240555659476206713556","cdpId":105,"lasteventTime":1586660403000,"liqPrice":"0","cRatio":"0","id":105,"state":0,"debt":"0"},{"address":"TQQdNNY7miAyJMbzohXYPiwSPpre7UYyG2","ptrxHold":"199999999999987540568","cdpId":106,"lasteventTime":1586682012000,"liqPrice":"7499999999999998","cRatio":"2468412700800000581594153621","id":106,"state":0,"debt":"1000000000000000000"},{"address":"TRrUpXFKpk4h1pkLhbBDn16g1kMUoXT3TD","ptrxHold":"199699999999988101247","cdpId":107,"lasteventTime":1586753550000,"liqPrice":"7511266900350504","cRatio":"2464710081748807269994934298","id":107,"state":0,"debt":"1000000000000000000"},{"address":"TEmk1TGeoic7gAPQYzp95m82FBewPJXZeN","ptrxHold":"299999999999981310852","cdpId":108,"lasteventTime":1586710137000,"liqPrice":"4999999999999999","cRatio":"3702619051200000872391230431","id":108,"state":0,"debt":"1000000000000000000"},{"address":"TDJFPoifbsnktChB1XTqsTuPiN1VGde2Fw","ptrxHold":"199999999999987493445","cdpId":109,"lasteventTime":1586721000000,"liqPrice":"7575000000000000","cRatio":"2443972971089108910890193190","id":109,"state":0,"debt":"1010000000000000000"},{"address":"TT9kcb8JX37LiVcnRgS7hWTzvncT5GZWjQ","ptrxHold":"1199999999999924960670","cdpId":110,"lasteventTime":1586723190000,"liqPrice":"7500000000000000","cRatio":"2468412700799999999999095122","id":110,"state":0,"debt":"6000000000000000000"},{"address":"TD52pKi7MP7B66BuhnmEZsye5YEYNXA6sr","ptrxHold":"59999999999996248033522","cdpId":111,"lasteventTime":1586749272000,"liqPrice":"250000000000000","cRatio":"74052381024000000000000006189","id":111,"state":0,"debt":"10000000000000000000"},{"address":"TUnh1Y7sNaStVkijbbNKgPYSwo1wsWCFSw","ptrxHold":"1234999999999922772023","cdpId":112,"lasteventTime":1586746617000,"liqPrice":"6072874493927126","cRatio":"3048489685487999999999191027","id":112,"state":0,"debt":"5000000000000000000"}],"message":"SUCCESS"}"
13:32:23.558 [TestNG-tests-1] DEBUG org.apache.http.impl.conn.DefaultClientConnection - Connection 0.0.0.0:52486<->3.12.242.83:80 closed
13:32:23.558 [TestNG-tests-1] DEBUG org.apache.http.impl.conn.PoolingClientConnectionManager - Connection released: [id: 5][route: {}->http://api.just.network:80][total kept alive: 0; route allocated: 0 of 80; total allocated: 0 of 100]
13:32:23.559 [TestNG-tests-1] INFO tron.common.TronscanApiList - ----------------------------Print JSON Start---------------------------
13:32:23.559 [TestNG-tests-1] INFO tron.common.TronscanApiList - code:0
13:32:23.560 [TestNG-tests-1] INFO tron.common.TronscanApiList - data:[{"address":"TBQMnML1cE5S49vTekKK83mW29GrwzZSg4","ptrxHold":"159000000000000000000","cdpId":1,"lasteventTime":1586699070000,"liqPrice":"4792452830188380","cRatio":"3862968695149847861363428175","id":1,"state":0,"debt":"508000000000000000"},{"address":"TQhrTyYSdfWN6sS3iquHYpkrrBmzmjJR1P","ptrxHold":"0","cdpId":2,"lasteventTime":1585909866000,"liqPrice":"0","cRatio":"0","id":2,"state":0,"debt":"0"},{"address":"TPLZRCGTkdcXtQ7snqhUbay3oK2s2Q5q7L","ptrxHold":"102246912000000000000","cdpId":3,"lasteventTime":1585921128000,"liqPrice":"146703697027046","cRatio":"126193788099197856047711344300","id":3,"state":0,"debt":"10000000000000000"},{"address":"TVpiHGTAfdWnrr8x3jePgUn1LXjMTya9Pn","ptrxHold":"5123456000000000000","cdpId":4,"lasteventTime":1585910589000,"liqPrice":"2927711294875776","cRatio":"6323401931195377819867880000","id":4,"state":0,"debt":"10000000000000000"},{"address":"TNfNDUriZAT1d6wsuuJWjhTKgoxjguKh4B","ptrxHold":"100010000000000000000","cdpId":5,"lasteventTime":1585911384000,"liqPrice":"1499850014998406","cRatio":"12343297710351171860653954560","id":5,"state":0,"debt":"100000000000000000"},{"address":"TLipJxwgDbn7FaQCnECxiYdxFTBhshLiW3","ptrxHold":"5123456000000000000","cdpId":6,"lasteventTime":1585912599000,"liqPrice":"2927711294875776","cRatio":"6323401931195377819867880000","id":6,"state":0,"debt":"10000000000000000"},{"address":"TQE7vtajbSHZFnKUCjruxyaKMeYbRGPUGC","ptrxHold":"142000000000000000000","cdpId":7,"lasteventTime":1585915254000,"liqPrice":"3169014084506844","cRatio":"5841910058560365310845120647","id":7,"state":0,"debt":"300000000000000000"},{"address":"TWqX5nyCDUT1FSbGCsFsXzb3sDWcCniAxR","ptrxHold":"100800000000000000000","cdpId":8,"lasteventTime":1585918434000,"liqPrice":"7440476190475725","cRatio":"2488160002406555591548682372","id":8,"state":0,"debt":"500000000000000000"},{"address":"TWj8Si9Wb7ooPb6KxRvsW4eYDHaX2sopZD","ptrxHold":"101000000000000000000","cdpId":9,"lasteventTime":1585917087000,"liqPrice":"8910891089108354","cRatio":"2077580689840129916885060512","id":9,"state":0,"debt":"600000000000000000"},{"address":"TGJzWmynBV76eKDsri2APRhaPgM9UsMGu9","ptrxHold":"111000000000000000000","cdpId":10,"lasteventTime":1586155002000,"liqPrice":"2702702702702534","cRatio":"6849845244720428339828961885","id":10,"state":0,"debt":"200000000000000000"},{"address":"TEuA6f6s9GySY2K4Sead2L1EQcd6ZQ6oZH","ptrxHold":"100123456000000039552","cdpId":11,"lasteventTime":1586325888000,"liqPrice":"29038223977612","cRatio":"637542270845264465357988562962","id":11,"state":0,"debt":"1938271560493825"},{"address":"TJ4LQazV5KTkrd8fEuNXUavqtGCDQTM9oJ","ptrxHold":"103000000000000000000","cdpId":12,"lasteventTime":1585918812000,"liqPrice":"4368932038834678","cRatio":"4237441803040264978993291737","id":12,"state":0,"debt":"300000000000000000"},{"address":"TKYxiF4Do98XbiykBwztb6xbaFqDcAYKtD","ptrxHold":"1000000000000000000000","cdpId":13,"lasteventTime":1585987173000,"liqPrice":"2999999999999812","cRatio":"6171031752000385891737803500","id":13,"state":0,"debt":"2000000000000000000"},{"address":"TVP8tFJx9L22eAYZhq2v1DeZDQ6UzdBCX3","ptrxHold":"30200200000000000000000000","cdpId":14,"lasteventTime":1585987653000,"liqPrice":"5016572737928574","cRatio":"3690387087588480391434936550","id":14,"state":0,"debt":"101001000000000000000000"},{"address":"TH4JLQtNjpy9HfqoNJhBuF3v1vHBPxtBVT","ptrxHold":"499999999999995711899","cdpId":15,"lasteventTime":1586600661000,"liqPrice":"5999999999999676","cRatio":"3085515876000166483861474966","id":15,"state":0,"debt":"2000000000000000000"},{"address":"TXNABQX4cE4ZHEWqSPgPUxnUV1rZpxb4zx","ptrxHold":"100000000000038592912","cdpId":16,"lasteventTime":1586618514000,"liqPrice":"8772239999996","cRatio":"2110418234796164083264255788145","id":16,"state":0,"debt":"584816000000000"},{"address":"TAxcic2KANbozgu3qYJigDgZK3asEHBXwH","ptrxHold":"23299999999999113213251","cdpId":17,"lasteventTime":1586498970000,"liqPrice":"8980686695278750","cRatio":"2061434262675319267215849310","id":17,"state":0,"debt":"139500000000000000000"},{"address":"TZAJyiDVhcWAaHsoSuDHp33BtAiQ87sWqz","ptrxHold":"101001000000012827093","cdpId":18,"lasteventTime":1586468955000,"liqPrice":"29702676211121","cRatio":"623280377983870131849598753000","id":18,"state":0,"debt":"2000000000000000"},{"address":"TSJF1Stf4D1gYZLNWkNNcUvqoxqdpKzR5Q","ptrxHold":"0","cdpId":19,"lasteventTime":1586213088000,"liqPrice":"0","cRatio":"0","id":19,"state":1,"debt":"0"},{"address":"TLQ7VyXu8cfoQAFo4q5qmZf33nFTc9Jxb6","ptrxHold":"42526310417260200818","cdpId":20,"lasteventTime":1586509203000,"liqPrice":"0","cRatio":"0","id":20,"state":0,"debt":"0"},{"address":"TQZLMY44jQR4pWNijs8dX3iasaVCB5AfPk","ptrxHold":"200000000000000000000","cdpId":21,"lasteventTime":1585985925000,"liqPrice":"7499999999999531","cRatio":"2468412700800154356695121400","id":21,"state":0,"debt":"1000000000000000000"},{"address":"TUKCcRWsATfHY43jbJoyDSMsGhTV93EMH2","ptrxHold":"106000000003911473546","cdpId":22,"lasteventTime":1586499474000,"liqPrice":"707547169785168","cRatio":"26165174629447149278947308520","id":22,"state":0,"debt":"50000000000000000"},{"address":"TMzftztGnJCgzJLhhapNdG1sPwfuPKJJmq","ptrxHold":"101000000000000000000","cdpId":23,"lasteventTime":1586000571000,"liqPrice":"14851485148514","cRatio":"1246548413904077950131036307000","id":23,"state":0,"debt":"1000000000000000"},{"address":"TLtEGPfL6u1aQEtVRRWB7G7UbcCoieMhnz","ptrxHold":"130000000000018491727","cdpId":24,"lasteventTime":1586368350000,"liqPrice":"11538461538459176","cRatio":"1604468255520328557920761556","id":24,"state":0,"debt":"1000000000000000000"},{"address":"TQrSgKaHkvSXkmdt1aoEod5rRu8RBSUeRe","ptrxHold":"101000000000000000000","cdpId":25,"lasteventTime":1586015268000,"liqPrice":"14851485148514","cRatio":"1246548413904077950131036307000","id":25,"state":0,"debt":"1000000000000000"},{"address":"TMC2JnqXuUtennmup2orLVZD2UYtE2dwM9","ptrxHold":"226008999999991100758914","cdpId":26,"lasteventTime":1586502642000,"liqPrice":"9521484868989568","cRatio":"1944349595754242265700410271","id":26,"state":0,"debt":"1434627515837008666660"},{"address":"TBCkWokjXYpPMV44zWQcYSscxTjQVEQEUe","ptrxHold":"11114999999999632816086","cdpId":27,"lasteventTime":1586672745000,"liqPrice":"7422402159244046","cRatio":"2494218833581164483020857023","id":27,"state":0,"debt":"55000000000000000000"},{"address":"TBjfEGquGZiofeLC8bHqyCELJHwNE5GXec","ptrxHold":"200000000000000000000","cdpId":28,"lasteventTime":1586052846000,"liqPrice":"750000000000","cRatio":"24684127008001543566951214000000","id":28,"state":0,"debt":"100000000000000"},{"address":"TH6umeFGNq4iWQ3T6wSYGZej2Emwq9TD7z","ptrxHold":"101000000000000000000","cdpId":29,"lasteventTime":1586064084000,"liqPrice":"14851485148514","cRatio":"1246548413904077950131036307000","id":29,"state":0,"debt":"1000000000000000"},{"address":"TU5skxQhjBs9mVp4JdcnbyPUE6JfkgsYYg","ptrxHold":"200000000000000000000","cdpId":30,"lasteventTime":1586077389000,"liqPrice":"8999999999999437","cRatio":"2057010584000128630579267833","id":30,"state":0,"debt":"1200000000000000000"},{"address":"TUAv4ebVubCs2JKiSDZieRGg8MsEg92NBU","ptrxHold":"9100000000000000000000","cdpId":31,"lasteventTime":1586157936000,"liqPrice":"3296703296703","cRatio":"5615638894320351161481401185000","id":31,"state":0,"debt":"20000000000000000"},{"address":"TGcQGXxrUXo1ZpBVmopq1KjywnMdio4fdh","ptrxHold":"500000000000000000000","cdpId":32,"lasteventTime":1586091135000,"liqPrice":"5999999999999625","cRatio":"3085515876000192945868901750","id":32,"state":0,"debt":"2000000000000000000"},{"address":"TNbMecHGSBebVgAe9cTtTkgkFvfudd9n9Z","ptrxHold":"101000000000000000000","cdpId":33,"lasteventTime":1586097642000,"liqPrice":"1031722871287","cRatio":"17943864356622330802783448165766","id":33,"state":0,"debt":"69469340000000"},{"address":"TFCR3gGpYEWpR8WoCJALdMjzVr2h2tgaE8","ptrxHold":"103750800000000826746","cdpId":34,"lasteventTime":1586189574000,"liqPrice":"1447217756393102","cRatio":"12792197424484450318727819031","id":34,"state":0,"debt":"100100000000000000"},{"address":"TSqm17LtNgLhfmMHiqs5VmUE6EGx7fVixT","ptrxHold":"1000000000000000000000","cdpId":35,"lasteventTime":1586106438000,"liqPrice":"14999999999999","cRatio":"1234206350400077178347560700000","id":35,"state":0,"debt":"10000000000000000"},{"address":"TAdwvb1Lo2K99QX1Y9YAqvKqTrNbrsHaJi","ptrxHold":"201000000000000000000","cdpId":36,"lasteventTime":1586111085000,"liqPrice":"5970149253730970","cRatio":"3100943455380193910598246259","id":36,"state":0,"debt":"800000000000000000"},{"address":"TQUYC4Ej6c97zazDqf2xLexmoxfurgrNpF","ptrxHold":"999999999999976545674","cdpId":37,"lasteventTime":1586119455000,"liqPrice":"1499999999999941","cRatio":"12342063504000482308694671464","id":37,"state":0,"debt":"1000000000000000000"},{"address":"TTUmEs2Cb39aunB1YWdN4AA3impAe7iTL9","ptrxHold":"999999999999976545674","cdpId":38,"lasteventTime":1586122128000,"liqPrice":"7499999999999707","cRatio":"2468412700800096461738934293","id":38,"state":0,"debt":"5000000000000000000"},{"address":"TVj5CtmAo3i9Q74XJRQiWoV1tT7RVGdtXB","ptrxHold":"249999999999994136418","cdpId":39,"lasteventTime":1586131365000,"liqPrice":"5999999999999766","cRatio":"3085515876000120577167496834","id":39,"state":0,"debt":"1000000000000000000"},{"address":"TSpydtLefoNBJojqkWqvRRjLSDJDQPtR5J","ptrxHold":"0","cdpId":40,"lasteventTime":1586243487000,"liqPrice":"0","cRatio":"0","id":40,"state":1,"debt":"0"},{"address":"TRTLspPrssGqvFQiWfcAMvixSNDp7AH8p4","ptrxHold":"8999999999999788911064","cdpId":41,"lasteventTime":1586144052000,"liqPrice":"4499999999999824","cRatio":"4114021168000160769563976261","id":41,"state":0,"debt":"27000000000000000000"},{"address":"TPycJcnHB6ZrEgPLM2gT1fgM635qMVQHxH","ptrxHold":"100233429725400833967","cdpId":42,"lasteventTime":1586676177000,"liqPrice":"0","cRatio":"0","id":42,"state":0,"debt":"0"},{"address":"TMfSXJ6ZqD5MRcPLmQ9LpeUg4pPAmAR7WY","ptrxHold":"45187554571238363771","cdpId":43,"lasteventTime":1586509203000,"liqPrice":"0","cRatio":"0","id":43,"state":0,"debt":"0"},{"address":"TGsa93DqQ83itWz1xEGfXTriTHYZn3Krau","ptrxHold":"199999999999995309135","cdpId":44,"lasteventTime":1586149962000,"liqPrice":"749999999999971","cRatio":"24684127008000964617414027050","id":44,"state":0,"debt":"100000000000000000"},{"address":"TMM2RywX7TkBwYgsbNhHfxFf3zHDoyaM9L","ptrxHold":"216999999999994910411","cdpId":45,"lasteventTime":1586151981000,"liqPrice":"9331797235022677","cRatio":"1983872429902299748876710707","id":45,"state":0,"debt":"1350000000000000000"},{"address":"TQzzUAGmu84PFEKEEUsKTQXXJXL1ioNvHK","ptrxHold":"59476174025164745209","cdpId":46,"lasteventTime":1586642403000,"liqPrice":"0","cRatio":"0","id":46,"state":0,"debt":"0"},{"address":"TXYqqoFA8r5XGZpRQixXrodPX5FqC5Fqbg","ptrxHold":"4599999999999825502855","cdpId":47,"lasteventTime":1586622972000,"liqPrice":"8152173913043278","cRatio":"2270939684736055861965717415","id":47,"state":0,"debt":"25000000000000000000"},{"address":"THxHSqVg35yd8ZPy1x7FVwuj7uJ9iD94cz","ptrxHold":"1999999999999953091348","cdpId":48,"lasteventTime":1586198799000,"liqPrice":"7499999999999707","cRatio":"2468412700800096461738934293","id":48,"state":0,"debt":"10000000000000000000"},{"address":"TBhhGi8pfCo213GcLRSzTR8mCpc74WbwUE","ptrxHold":"108361244813917276998","cdpId":49,"lasteventTime":1586643132000,"liqPrice":"6229164321239551","cRatio":"2972003033035425171400484593","id":49,"state":0,"debt":"450000000000000000"},{"address":"TSJF1Stf4D1gYZLNWkNNcUvqoxqdpKzR5Q","ptrxHold":"100899999999998134380","cdpId":50,"lasteventTime":1586556822000,"liqPrice":"0","cRatio":"0","id":50,"state":0,"debt":"0"},{"address":"TQ2nTYLJwPytPBwqdDCWwDrGz6wR7k25JT","ptrxHold":"399999999999984180742","cdpId":51,"lasteventTime":1586236521000,"liqPrice":"7499999999999828","cRatio":"2468412700800056735551710314","id":51,"state":0,"debt":"2000000000000000000"},{"address":"TMi8b7dZEXChEci9iL3Fa8HpQtLMwdSZZr","ptrxHold":"724999999999971327596","cdpId":52,"lasteventTime":1586240490000,"liqPrice":"5172413793103329","cRatio":"3579198416160082266555533884","id":52,"state":0,"debt":"2500000000000000000"},{"address":"TEeE66SbNUu7UZu4E5cdbbWbVXN9crAqbN","ptrxHold":"100999999999996006183","cdpId":53,"lasteventTime":1586246685000,"liqPrice":"1485148514851","cRatio":"12465484139040286581879989490000","id":53,"state":0,"debt":"100000000000000"},{"address":"TN7tWgTtrCjfm7C9AKBcHQwmBKjSq1gWiz","ptrxHold":"399999999999984180742","cdpId":54,"lasteventTime":1586241792000,"liqPrice":"7499999999999828","cRatio":"2468412700800056735551710314","id":54,"state":0,"debt":"2000000000000000000"},{"address":"TSpydtLefoNBJojqkWqvRRjLSDJDQPtR5J","ptrxHold":"0","cdpId":55,"lasteventTime":1586244201000,"liqPrice":"0","cRatio":"0","id":55,"state":1,"debt":"0"},{"address":"TLWwHPKqV6A31kECNY8A7HKfKW5ifuHiDk","ptrxHold":"100999999999996005480","cdpId":56,"lasteventTime":1586250579000,"liqPrice":"2970297029702902","cRatio":"6232742069520143247557641530","id":56,"state":0,"debt":"200000000000000000"},{"address":"TH55hzcMynjzJSFq2wNCwSCknuE6H9qFmo","ptrxHold":"21074577819460490921","cdpId":57,"lasteventTime":1586509203000,"liqPrice":"0","cRatio":"0","id":57,"state":0,"debt":"0"},{"address":"TSpydtLefoNBJojqkWqvRRjLSDJDQPtR5J","ptrxHold":"0","cdpId":58,"lasteventTime":1586260518000,"liqPrice":"0","cRatio":"0","id":58,"state":1,"debt":"0"},{"address":"TSpydtLefoNBJojqkWqvRRjLSDJDQPtR5J","ptrxHold":"0","cdpId":59,"lasteventTime":1586263896000,"liqPrice":"0","cRatio":"0","id":59,"state":1,"debt":"0"},{"address":"TSpydtLefoNBJojqkWqvRRjLSDJDQPtR5J","ptrxHold":"0","cdpId":60,"lasteventTime":1586264415000,"liqPrice":"0","cRatio":"0","id":60,"state":1,"debt":"0"},{"address":"TTVmShX5MBY8ot1ik3RHhHHyMDYNbRE6ry","ptrxHold":"100999999999996005230","cdpId":61,"lasteventTime":1586506755000,"liqPrice":"7425742574257","cRatio":"2493096827808057292852024860000","id":61,"state":0,"debt":"500000000000000"},{"address":"THuXM63ckuZ3YUAXbw6envVReYMV8FsdkF","ptrxHold":"100999999999996005230","cdpId":62,"lasteventTime":1586311383000,"liqPrice":"5940594059405804","cRatio":"3116371034760071616065031075","id":62,"state":0,"debt":"400000000000000000"},{"address":"TJ5tbSznfZLRnjDiFQxzvto1UiaRV4mtVx","ptrxHold":"499999999999980223909","cdpId":63,"lasteventTime":1586328768000,"liqPrice":"11999999999999724","cRatio":"1542757938000035453491705151","id":63,"state":0,"debt":"4000000000000000000"},{"address":"TWRSxgckEoYHbsMUgVsLpG3tvwYrnf4h6g","ptrxHold":"199999999999992089563","cdpId":64,"lasteventTime":1586368569000,"liqPrice":"9749999999999776","cRatio":"1898779000615428250445633079","id":64,"state":0,"debt":"1300000000000000000"},{"address":"TRNFDwovCknjLu3m2NvWEKfgNPQT2vuUZU","ptrxHold":"104999999999995847021","cdpId":65,"lasteventTime":1586373759000,"liqPrice":"7142857142857","cRatio":"2591833335840059561868779906000","id":65,"state":0,"debt":"500000000000000"},{"address":"THRXJhXrG1Duvx7Zauji8EvkxRQUCHC8Gi","ptrxHold":"100999999999996005230","cdpId":66,"lasteventTime":1586418459000,"liqPrice":"1499999999999966","cRatio":"12342063504000283627980321089","id":66,"state":0,"debt":"101000000000000000"},{"address":"TKUzjyHfCRxUtdhtHSeKqyzZLVdwFgEgBb","ptrxHold":"104999999999995847021","cdpId":67,"lasteventTime":1586558697000,"liqPrice":"303313507143","cRatio":"61036171551967754482715206338487","id":67,"state":0,"debt":"21231945500000"},{"address":"TDkrw79sajkwJvSS1aQv2pdVprmQj5qfS7","ptrxHold":"0","cdpId":68,"lasteventTime":1586552190000,"liqPrice":"0","cRatio":"0","id":68,"state":1,"debt":"0"},{"address":"THrGXb2JWQjJae3EfxLR7f75nqDvAkyQPG","ptrxHold":"18247662378910869098","cdpId":69,"lasteventTime":1586509203000,"liqPrice":"0","cRatio":"0","id":69,"state":0,"debt":"0"},{"address":"TXrYjxzi8MWSWwa6C7SRcDk4n3rqE2PNgf","ptrxHold":"95672661387440320172","cdpId":70,"lasteventTime":1586509203000,"liqPrice":"0","cRatio":"0","id":70,"state":0,"debt":"0"},{"address":"TCVdEYTsHiYGv6DwncapGcB8wFrYgTF6yo","ptrxHold":"250999999999990072403","cdpId":71,"lasteventTime":1586418816000,"liqPrice":"5976095617529743","cRatio":"3097857939504071190619761229","id":71,"state":0,"debt":"1000000000000000000"},{"address":"TRMaz5sMqLn3K1dPLnjd4f34aWRvVkvwA6","ptrxHold":"2999999999999883007868","cdpId":72,"lasteventTime":1586593443000,"liqPrice":"4999999999999882","cRatio":"3702619051200087142610420856","id":72,"state":0,"debt":"10000000000000000000"},{"address":"TUqCwEdr99ZzswfsX3j7Loumzfgs3qD5r4","ptrxHold":"0","cdpId":73,"lasteventTime":1586716680000,"liqPrice":"0","cRatio":"0","id":73,"state":1,"debt":"0"},{"address":"TATE35m1seDKyNeTKF8QvmPUYNskeMgrWM","ptrxHold":"499999999999980223909","cdpId":74,"lasteventTime":1586437629000,"liqPrice":"10079999999999768","cRatio":"1836616592857185063680601370","id":74,"state":0,"debt":"3360000000000000000"},{"address":"TTB615vmhCpGz3L7heSRh7L5huvjYTeHjJ","ptrxHold":"100999999999997333434","cdpId":75,"lasteventTime":1586624754000,"liqPrice":"7440594059405672","cRatio":"2488120586634820437533187022","id":75,"state":0,"debt":"501000000000000000"},{"address":"THWhSu88iDPrDTfVB5mfLxrVoDSx6JP52w","ptrxHold":"199999999999992089563","cdpId":76,"lasteventTime":1586452260000,"liqPrice":"9749999999999776","cRatio":"1898779000615428250445633079","id":76,"state":0,"debt":"1300000000000000000"},{"address":"TLJKoqsEGTmevk9uoSQwB3NfszQn1TFdRT","ptrxHold":"19999999999999208956348","cdpId":77,"lasteventTime":1586479794000,"liqPrice":"5250000749999879","cRatio":"3526303354528173246811317874","id":77,"state":0,"debt":"70000010000000000000"},{"address":"TPKy8QmwgHrV2zCTEEKu1Qz3SbVySbQx4v","ptrxHold":"148999999999994106724","cdpId":78,"lasteventTime":1586457840000,"liqPrice":"11073825503355450","cRatio":"1671788601905492964137478945","id":78,"state":0,"debt":"1100000000000000000"},{"address":"THhuQy3rYv56XAcr1998gigFXxMM9PrcWe","ptrxHold":"199999999999992089563","cdpId":79,"lasteventTime":1586461227000,"liqPrice":"7499999999999828","cRatio":"2468412700800056725579323003","id":79,"state":0,"debt":"1000000000000000000"},{"address":"TFYG5hrKA8rguCSxJy5wfVfxMJ7EqU5D14","ptrxHold":"100999999999996005230","cdpId":80,"lasteventTime":1586461905000,"liqPrice":"8910891089108706","cRatio":"2077580689840047744043354050","id":80,"state":0,"debt":"600000000000000000"},{"address":"TESM2Kew8tnGsxnPzSvNbqSRbyGKdWJKbD","ptrxHold":"199999999999992089563","cdpId":81,"lasteventTime":1586462682000,"liqPrice":"7499999999999828","cRatio":"2468412700800056725579323003","id":81,"state":0,"debt":"1000000000000000000"},{"address":"TS5Kei7hvEcTmwYXAzS4y1fDbQ6dkv1yX8","ptrxHold":"70448440924959949766","cdpId":82,"lasteventTime":1586509203000,"liqPrice":"0","cRatio":"0","id":82,"state":0,"debt":"0"},{"address":"TJLkUzSZSw2KfbUN77QotY7d3P8XhSq3jd","ptrxHold":"101999999999995965677","cdpId":83,"lasteventTime":1586469855000,"liqPrice":"7352941176470419","cRatio":"2517780954816057860087700526","id":83,"state":0,"debt":"500000000000000000"},{"address":"TRURwQ1C6E3TyGjkis5BL4acvH53Mo8spQ","ptrxHold":"499999999999980223909","cdpId":84,"lasteventTime":1586473722000,"liqPrice":"5999999999999862","cRatio":"3085515876000070906983410301","id":84,"state":0,"debt":"2000000000000000000"},{"address":"TDj9wQMfw9zkvQ4ZC472DZfaqacS4SoCb1","ptrxHold":"498999999999980263461","cdpId":85,"lasteventTime":1586473929000,"liqPrice":"6742484969939725","cRatio":"2745737712214062207015889748","id":85,"state":0,"debt":"2243000000000000000"},{"address":"TP21aBSH3358eJF92cqVZgxidj68DpNFTz","ptrxHold":"21562325304219130500","cdpId":86,"lasteventTime":1586509203000,"liqPrice":"0","cRatio":"0","id":86,"state":0,"debt":"0"},{"address":"TXWNV8V9n78wXCniPmDRnPacXMqrDdH5br","ptrxHold":"124999999999995055977","cdpId":87,"lasteventTime":1586478516000,"liqPrice":"5999999999999862","cRatio":"3085515876000070906977239270","id":87,"state":0,"debt":"500000000000000000"},{"address":"TAXDAcdhQ5HjmtA3X2BP8CRyaMiQJpbK21","ptrxHold":"28791648935923771586","cdpId":88,"lasteventTime":1586509203000,"liqPrice":"0","cRatio":"0","id":88,"state":0,"debt":"0"},{"address":"TVbqcGhBNcjrJEgKajh3zwAwzkbfg3CgrS","ptrxHold":"199999999999992089563","cdpId":89,"lasteventTime":1586505999000,"liqPrice":"7499999999999828","cRatio":"2468412700800056725579323003","id":89,"state":0,"debt":"1000000000000000000"},{"address":"TBER7A6P6e91iN8378KSzusC75dqFxxF8n","ptrxHold":"199999999999992089563","cdpId":90,"lasteventTime":1586516373000,"liqPrice":"11249999999999741","cRatio":"1645608467200037817052882002","id":90,"state":0,"debt":"1500000000000000000"},{"address":"TMziknyJV6J4Swkx6hCqjxeBiiEJVmzbyf","ptrxHold":"119999999999995253738","cdpId":91,"lasteventTime":1586526294000,"liqPrice":"9374999999999785","cRatio":"1974730160640045380466749619","id":91,"state":0,"debt":"750000000000000000"},{"address":"TWBFttHgkrk5HHqwGdCQwynAL4Ppeq6PAB","ptrxHold":"240092186807122078152","cdpId":92,"lasteventTime":1586530803000,"liqPrice":"0","cRatio":"0","id":92,"state":0,"debt":"0"},{"address":"TXnV398AxR2aae1xChs5jHWFTgH4VFQtnk","ptrxHold":"108999999999996637529","cdpId":93,"lasteventTime":1586632881000,"liqPrice":"963302752293547","cRatio":"19218356027657751779546125743","id":93,"state":0,"debt":"70000000000000000"},{"address":"TD2DYC1LfktNPkecotTkSx5BoxNMW8vx7N","ptrxHold":"100999999999995669018","cdpId":94,"lasteventTime":1586562657000,"liqPrice":"9207920792079027","cRatio":"2010561957909716930445415521","id":94,"state":0,"debt":"620000000000000000"},{"address":"TPZeSTbPkHHPEs65Yx4rPGaFByV4SDH99k","ptrxHold":"10000999999999571146981","cdpId":95,"lasteventTime":1586578785000,"liqPrice":"8253674632536584","cRatio":"2243012485980491108038254864","id":95,"state":0,"debt":"55030000000000000000"},{"address":"TQMVmfF13Gb5NhmApRKqVzfdS9Wc6f2Nwh","ptrxHold":"1149999999999950686834","cdpId":96,"lasteventTime":1586605449000,"liqPrice":"7896521739130280","cRatio":"2344462013478737846840203620","id":96,"state":0,"debt":"6054000000000000000"},{"address":"TFj6AVqtuL7RQA6phUe2gMexfvBZuRP1UR","ptrxHold":"24876099465817630094","cdpId":97,"lasteventTime":1586610003000,"liqPrice":"0","cRatio":"0","id":97,"state":0,"debt":"0"},{"address":"TRqyLg1yfgCF6rJKNFrHL3CAVbcW6XrcoG","ptrxHold":"112999999999995154446","cdpId":98,"lasteventTime":1586672412000,"liqPrice":"1327433628318558","cRatio":"13946531759520274073975635260","id":98,"state":0,"debt":"100000000000000000"},{"address":"TUpyi7G7Hj4J8mfY4bKtPU3HHUjTzsMpyo","ptrxHold":"119999999999994854278","cdpId":99,"lasteventTime":1586623332000,"liqPrice":"6249999999999877","cRatio":"2962095240960058210378749812","id":99,"state":0,"debt":"500000000000000000"},{"address":"TYq2JDihUsR9UcPwcKyd8jqduCiLxjJzXW","ptrxHold":"199999999999991423797","cdpId":100,"lasteventTime":1586625042000,"liqPrice":"7499999999999853","cRatio":"2468412700800048508653072198","id":100,"state":0,"debt":"1000000000000000000"},{"address":"TChZCzmfoDVSd5sSULsLx9sA5XALBUa74v","ptrxHold":"999999999999957118986","cdpId":101,"lasteventTime":1586631384000,"liqPrice":"8999999999999823","cRatio":"2057010584000040423879617176","id":101,"state":0,"debt":"6000000000000000000"},{"address":"TQvC8ozdSj4LbeYmxrX3EjhK6jCjr4v2nX","ptrxHold":"1729844326558586513436","cdpId":102,"lasteventTime":1586683047000,"liqPrice":"8671300515139760","cRatio":"2134984853042152359057167168","id":102,"state":0,"debt":"10000000000000000000"},{"address":"TYwoS5FjG2Cf7UwsTwSBwYVMgxbLTCZgVh","ptrxHold":"0","cdpId":103,"lasteventTime":1586679807000,"liqPrice":"0","cRatio":"0","id":103,"state":1,"debt":"0"},{"address":"TUEZNDjAN3UeFs3YXhBb8q4SwbTfvMU8uZ","ptrxHold":"73162081087984230422","cdpId":104,"lasteventTime":1586754003000,"liqPrice":"0","cRatio":"0","id":104,"state":0,"debt":"0"},{"address":"TUUAZqcA6V7webVP891WkS1RabssEo1U96","ptrxHold":"240555659476206713556","cdpId":105,"lasteventTime":1586660403000,"liqPrice":"0","cRatio":"0","id":105,"state":0,"debt":"0"},{"address":"TQQdNNY7miAyJMbzohXYPiwSPpre7UYyG2","ptrxHold":"199999999999987540568","cdpId":106,"lasteventTime":1586682012000,"liqPrice":"7499999999999998","cRatio":"2468412700800000581594153621","id":106,"state":0,"debt":"1000000000000000000"},{"address":"TRrUpXFKpk4h1pkLhbBDn16g1kMUoXT3TD","ptrxHold":"199699999999988101247","cdpId":107,"lasteventTime":1586753550000,"liqPrice":"7511266900350504","cRatio":"2464710081748807269994934298","id":107,"state":0,"debt":"1000000000000000000"},{"address":"TEmk1TGeoic7gAPQYzp95m82FBewPJXZeN","ptrxHold":"299999999999981310852","cdpId":108,"lasteventTime":1586710137000,"liqPrice":"4999999999999999","cRatio":"3702619051200000872391230431","id":108,"state":0,"debt":"1000000000000000000"},{"address":"TDJFPoifbsnktChB1XTqsTuPiN1VGde2Fw","ptrxHold":"199999999999987493445","cdpId":109,"lasteventTime":1586721000000,"liqPrice":"7575000000000000","cRatio":"2443972971089108910890193190","id":109,"state":0,"debt":"1010000000000000000"},{"address":"TT9kcb8JX37LiVcnRgS7hWTzvncT5GZWjQ","ptrxHold":"1199999999999924960670","cdpId":110,"lasteventTime":1586723190000,"liqPrice":"7500000000000000","cRatio":"2468412700799999999999095122","id":110,"state":0,"debt":"6000000000000000000"},{"address":"TD52pKi7MP7B66BuhnmEZsye5YEYNXA6sr","ptrxHold":"59999999999996248033522","cdpId":111,"lasteventTime":1586749272000,"liqPrice":"250000000000000","cRatio":"74052381024000000000000006189","id":111,"state":0,"debt":"10000000000000000000"},{"address":"TUnh1Y7sNaStVkijbbNKgPYSwo1wsWCFSw","ptrxHold":"1234999999999922772023","cdpId":112,"lasteventTime":1586746617000,"liqPrice":"6072874493927126","cRatio":"3048489685487999999999191027","id":112,"state":0,"debt":"5000000000000000000"}]
13:32:23.561 [TestNG-tests-1] INFO tron.common.TronscanApiList - message:SUCCESS
13:32:23.561 [TestNG-tests-1] INFO tron.common.TronscanApiList - JSON content size are: 3
13:32:23.561 [TestNG-tests-1] INFO tron.common.TronscanApiList - ----------------------------Print JSON End-----------------------------
http://api.just.network/scan/cdpInfo/getBrief/
13:32:23.561 [TestNG-tests-1] DEBUG org.apache.http.impl.conn.PoolingClientConnectionManager - Connection request: [route: {}->http://api.just.network:80][total kept alive: 0; route allocated: 0 of 80; total allocated: 0 of 100]
13:32:23.561 [TestNG-tests-1] DEBUG org.apache.http.impl.conn.PoolingClientConnectionManager - Connection leased: [id: 6][route: {}->http://api.just.network:80][total kept alive: 0; route allocated: 1 of 80; total allocated: 1 of 100]
13:32:23.561 [TestNG-tests-1] DEBUG org.apache.http.impl.conn.DefaultClientConnectionOperator - Connecting to api.just.network:80
13:32:23.866 [TestNG-tests-1] DEBUG org.apache.http.client.protocol.RequestAddCookies - CookieSpec selected: default
13:32:23.866 [TestNG-tests-1] DEBUG org.apache.http.client.protocol.RequestAuthCache - Auth cache not set in the context
13:32:23.866 [TestNG-tests-1] DEBUG org.apache.http.client.protocol.RequestTargetAuthentication - Target auth state: UNCHALLENGED
13:32:23.866 [TestNG-tests-1] DEBUG org.apache.http.client.protocol.RequestProxyAuthentication - Proxy auth state: UNCHALLENGED
13:32:23.866 [TestNG-tests-1] DEBUG org.apache.http.impl.client.DefaultHttpClient - Attempt 1 to execute request
13:32:23.866 [TestNG-tests-1] DEBUG org.apache.http.impl.conn.DefaultClientConnection - Sending request: GET /scan/cdpInfo/getBrief/?cdpId=62 HTTP/1.1
13:32:23.866 [TestNG-tests-1] DEBUG org.apache.http.wire -  >> "GET /scan/cdpInfo/getBrief/?cdpId=62 HTTP/1.1[\r][\n]"
13:32:23.866 [TestNG-tests-1] DEBUG org.apache.http.wire -  >> "Content-type: application/json; charset=utf-8[\r][\n]"
13:32:23.866 [TestNG-tests-1] DEBUG org.apache.http.wire -  >> "Connection: Close[\r][\n]"
13:32:23.866 [TestNG-tests-1] DEBUG org.apache.http.wire -  >> "Host: api.just.network[\r][\n]"
13:32:23.866 [TestNG-tests-1] DEBUG org.apache.http.wire -  >> "User-Agent: Apache-HttpClient/4.5.3 (Java/1.8.0_211)[\r][\n]"
13:32:23.866 [TestNG-tests-1] DEBUG org.apache.http.wire -  >> "[\r][\n]"
13:32:23.866 [TestNG-tests-1] DEBUG org.apache.http.headers - >> GET /scan/cdpInfo/getBrief/?cdpId=62 HTTP/1.1
13:32:23.866 [TestNG-tests-1] DEBUG org.apache.http.headers - >> Content-type: application/json; charset=utf-8
13:32:23.866 [TestNG-tests-1] DEBUG org.apache.http.headers - >> Connection: Close
13:32:23.866 [TestNG-tests-1] DEBUG org.apache.http.headers - >> Host: api.just.network
13:32:23.866 [TestNG-tests-1] DEBUG org.apache.http.headers - >> User-Agent: Apache-HttpClient/4.5.3 (Java/1.8.0_211)
13:32:24.146 [TestNG-tests-1] DEBUG org.apache.http.wire -  << "HTTP/1.1 200 [\r][\n]"
13:32:24.146 [TestNG-tests-1] DEBUG org.apache.http.wire -  << "Server: nginx/1.16.1[\r][\n]"
13:32:24.146 [TestNG-tests-1] DEBUG org.apache.http.wire -  << "Date: Mon, 13 Apr 2020 05:32:23 GMT[\r][\n]"
13:32:24.146 [TestNG-tests-1] DEBUG org.apache.http.wire -  << "Content-Type: application/json;charset=UTF-8[\r][\n]"
13:32:24.146 [TestNG-tests-1] DEBUG org.apache.http.wire -  << "Content-Length: 278[\r][\n]"
13:32:24.146 [TestNG-tests-1] DEBUG org.apache.http.wire -  << "Connection: close[\r][\n]"
13:32:24.146 [TestNG-tests-1] DEBUG org.apache.http.wire -  << "Cache-Control: no-cache, no-store, must-revalidate[\r][\n]"
13:32:24.146 [TestNG-tests-1] DEBUG org.apache.http.wire -  << "[\r][\n]"
13:32:24.146 [TestNG-tests-1] DEBUG org.apache.http.impl.conn.DefaultClientConnection - Receiving response: HTTP/1.1 200 
13:32:24.146 [TestNG-tests-1] DEBUG org.apache.http.headers - << HTTP/1.1 200 
13:32:24.146 [TestNG-tests-1] DEBUG org.apache.http.headers - << Server: nginx/1.16.1
13:32:24.146 [TestNG-tests-1] DEBUG org.apache.http.headers - << Date: Mon, 13 Apr 2020 05:32:23 GMT
13:32:24.146 [TestNG-tests-1] DEBUG org.apache.http.headers - << Content-Type: application/json;charset=UTF-8
13:32:24.146 [TestNG-tests-1] DEBUG org.apache.http.headers - << Content-Length: 278
13:32:24.146 [TestNG-tests-1] DEBUG org.apache.http.headers - << Connection: close
13:32:24.146 [TestNG-tests-1] DEBUG org.apache.http.headers - << Cache-Control: no-cache, no-store, must-revalidate
http://api.just.network/scan/cdpInfo/getBrief/?cdpId=62 请求总耗时：585 毫秒
13:32:24.147 [TestNG-tests-1] DEBUG org.apache.http.wire -  << "{"code":0,"data":{"address":"THuXM63ckuZ3YUAXbw6envVReYMV8FsdkF","ptrxHold":"100999999999996005230","cdpId":62,"lasteventTime":1586311383000,"liqPrice":"5940594059405804","cRatio":"3116371034760071616065031075","id":62,"state":0,"debt":"400000000000000000"},"message":"SUCCESS"}"
13:32:24.147 [TestNG-tests-1] DEBUG org.apache.http.impl.conn.DefaultClientConnection - Connection 0.0.0.0:52487<->3.12.242.83:80 closed
13:32:24.147 [TestNG-tests-1] DEBUG org.apache.http.impl.conn.PoolingClientConnectionManager - Connection released: [id: 6][route: {}->http://api.just.network:80][total kept alive: 0; route allocated: 0 of 80; total allocated: 0 of 100]
13:32:24.147 [TestNG-tests-1] INFO tron.common.TronscanApiList - ----------------------------Print JSON Start---------------------------
13:32:24.147 [TestNG-tests-1] INFO tron.common.TronscanApiList - code:0
13:32:24.147 [TestNG-tests-1] INFO tron.common.TronscanApiList - data:{"address":"THuXM63ckuZ3YUAXbw6envVReYMV8FsdkF","ptrxHold":"100999999999996005230","cdpId":62,"lasteventTime":1586311383000,"liqPrice":"5940594059405804","cRatio":"3116371034760071616065031075","id":62,"state":0,"debt":"400000000000000000"}
13:32:24.147 [TestNG-tests-1] INFO tron.common.TronscanApiList - message:SUCCESS
13:32:24.147 [TestNG-tests-1] INFO tron.common.TronscanApiList - JSON content size are: 3
13:32:24.147 [TestNG-tests-1] INFO tron.common.TronscanApiList - ----------------------------Print JSON End-----------------------------
http://api.just.network/scan/cdpHistory/latest
13:32:24.147 [TestNG-tests-1] DEBUG org.apache.http.impl.conn.PoolingClientConnectionManager - Connection request: [route: {}->http://api.just.network:80][total kept alive: 0; route allocated: 0 of 80; total allocated: 0 of 100]
13:32:24.148 [TestNG-tests-1] DEBUG org.apache.http.impl.conn.PoolingClientConnectionManager - Connection leased: [id: 7][route: {}->http://api.just.network:80][total kept alive: 0; route allocated: 1 of 80; total allocated: 1 of 100]
13:32:24.148 [TestNG-tests-1] DEBUG org.apache.http.impl.conn.DefaultClientConnectionOperator - Connecting to api.just.network:80
13:32:24.479 [TestNG-tests-1] DEBUG org.apache.http.client.protocol.RequestAddCookies - CookieSpec selected: default
13:32:24.479 [TestNG-tests-1] DEBUG org.apache.http.client.protocol.RequestAuthCache - Auth cache not set in the context
13:32:24.479 [TestNG-tests-1] DEBUG org.apache.http.client.protocol.RequestTargetAuthentication - Target auth state: UNCHALLENGED
13:32:24.479 [TestNG-tests-1] DEBUG org.apache.http.client.protocol.RequestProxyAuthentication - Proxy auth state: UNCHALLENGED
13:32:24.479 [TestNG-tests-1] DEBUG org.apache.http.impl.client.DefaultHttpClient - Attempt 1 to execute request
13:32:24.479 [TestNG-tests-1] DEBUG org.apache.http.impl.conn.DefaultClientConnection - Sending request: GET /scan/cdpHistory/latest HTTP/1.1
13:32:24.479 [TestNG-tests-1] DEBUG org.apache.http.wire -  >> "GET /scan/cdpHistory/latest HTTP/1.1[\r][\n]"
13:32:24.479 [TestNG-tests-1] DEBUG org.apache.http.wire -  >> "Content-type: application/json; charset=utf-8[\r][\n]"
13:32:24.479 [TestNG-tests-1] DEBUG org.apache.http.wire -  >> "Connection: Close[\r][\n]"
13:32:24.479 [TestNG-tests-1] DEBUG org.apache.http.wire -  >> "Host: api.just.network[\r][\n]"
13:32:24.479 [TestNG-tests-1] DEBUG org.apache.http.wire -  >> "User-Agent: Apache-HttpClient/4.5.3 (Java/1.8.0_211)[\r][\n]"
13:32:24.479 [TestNG-tests-1] DEBUG org.apache.http.wire -  >> "[\r][\n]"
13:32:24.479 [TestNG-tests-1] DEBUG org.apache.http.headers - >> GET /scan/cdpHistory/latest HTTP/1.1
13:32:24.479 [TestNG-tests-1] DEBUG org.apache.http.headers - >> Content-type: application/json; charset=utf-8
13:32:24.479 [TestNG-tests-1] DEBUG org.apache.http.headers - >> Connection: Close
13:32:24.479 [TestNG-tests-1] DEBUG org.apache.http.headers - >> Host: api.just.network
13:32:24.479 [TestNG-tests-1] DEBUG org.apache.http.headers - >> User-Agent: Apache-HttpClient/4.5.3 (Java/1.8.0_211)
13:32:24.786 [TestNG-tests-1] DEBUG org.apache.http.wire -  << "HTTP/1.1 200 [\r][\n]"
13:32:24.786 [TestNG-tests-1] DEBUG org.apache.http.wire -  << "Server: nginx/1.16.1[\r][\n]"
13:32:24.786 [TestNG-tests-1] DEBUG org.apache.http.wire -  << "Date: Mon, 13 Apr 2020 05:32:24 GMT[\r][\n]"
13:32:24.786 [TestNG-tests-1] DEBUG org.apache.http.wire -  << "Content-Type: application/json;charset=UTF-8[\r][\n]"
13:32:24.786 [TestNG-tests-1] DEBUG org.apache.http.wire -  << "Content-Length: 17464[\r][\n]"
13:32:24.786 [TestNG-tests-1] DEBUG org.apache.http.wire -  << "Connection: close[\r][\n]"
13:32:24.786 [TestNG-tests-1] DEBUG org.apache.http.wire -  << "Cache-Control: no-cache, no-store, must-revalidate[\r][\n]"
13:32:24.786 [TestNG-tests-1] DEBUG org.apache.http.wire -  << "[\r][\n]"
13:32:24.786 [TestNG-tests-1] DEBUG org.apache.http.impl.conn.DefaultClientConnection - Receiving response: HTTP/1.1 200 
13:32:24.786 [TestNG-tests-1] DEBUG org.apache.http.headers - << HTTP/1.1 200 
13:32:24.786 [TestNG-tests-1] DEBUG org.apache.http.headers - << Server: nginx/1.16.1
13:32:24.786 [TestNG-tests-1] DEBUG org.apache.http.headers - << Date: Mon, 13 Apr 2020 05:32:24 GMT
13:32:24.786 [TestNG-tests-1] DEBUG org.apache.http.headers - << Content-Type: application/json;charset=UTF-8
13:32:24.786 [TestNG-tests-1] DEBUG org.apache.http.headers - << Content-Length: 17464
13:32:24.786 [TestNG-tests-1] DEBUG org.apache.http.headers - << Connection: close
13:32:24.786 [TestNG-tests-1] DEBUG org.apache.http.headers - << Cache-Control: no-cache, no-store, must-revalidate
http://api.just.network/scan/cdpHistory/latest 请求总耗时：640 毫秒
13:32:24.787 [TestNG-tests-1] DEBUG org.apache.http.wire -  << "{"code":0,"data":[{"curPip":"12334269391200000","afterPtrxhold":"73162081087984230422","opParameter":"226837918912002905274","afterDebt":"0","opType":7,"cdpId":104,"curPer":"1000000000000062532774633413","eventTime":1586754003000,"liqPrice":"0","txId":"7feaad5252a8494e2fe6ff2763cf26e7bdc9215eb0a627ce3607eaed6ce64287","cRatio":"0","id":867},{"curPip":"12334269391200000","afterPtrxhold":"199699999999988101247","opParameter":"2300299999999856155859","afterDebt":"1000000000000000000","opType":6,"cdpId":107,"curPer":"1000000000000062532774633413","eventTime":1586753550000,"liqPrice":"7511266900350504","txId":"9551baa6eb8f87ba00429f357cf25411bfdf28d8abd6f0037e7f914a52d8729b","cRatio":"2463153597422647265403873809","id":866},{"curPip":"12334269391200000","afterPtrxhold":"2499999999999844257106","opParameter":"2000000000000000000","afterDebt":"1000000000000000000","opType":5,"cdpId":107,"curPer":"1000000000000062532774633397","eventTime":1586753502000,"liqPrice":"600000000000000","txId":"723b982e4c34f7c26d9e8d2a08543547c218dff15a275ff0ba9d24f6f8246e96","cRatio":"30835673478000007265409908774","id":865},{"curPip":"12334269391200000","afterPtrxhold":"2499999999999844257106","opParameter":"12000000000000000000","afterDebt":"3000000000000000000","opType":5,"cdpId":107,"curPer":"1000000000000062532774633397","eventTime":1586753457000,"liqPrice":"1800000000000000","txId":"c991bcdb7fe221a153ddb5e356a3a01d43b5d1194f0b52d2cc600a17c2816706","cRatio":"10278557826000002421803302925","id":864},{"curPip":"12438278854100000","afterPtrxhold":"59999999999996248033522","opParameter":"49999999999996873361268","afterDebt":"10000000000000000000","opType":3,"cdpId":111,"curPer":"1000000000000062532774633397","eventTime":1586749272000,"liqPrice":"250000000000000","txId":"0d139895826dfa5bfbfe4c5f52e4462e239aa2385a06e86a1150913ebf0ac46b","cRatio":"74629673124600000000000005763","id":863},{"curPip":"12434781549300000","afterPtrxhold":"1234999999999922772023","opParameter":"5000000000000000000","afterDebt":"5000000000000000000","opType":4,"cdpId":112,"curPer":"1000000000000062532774633386","eventTime":1586746617000,"liqPrice":"6072874493927126","txId":"b3fa38bcd3df51253bbc43ffa9bfcbb21516968bdc66c72d428b0fd2c7ce8c72","cRatio":"3071391042677099999999184901","id":862},{"curPip":"12434781549300000","afterPtrxhold":"1234999999999922772023","opParameter":"1234999999999922772023","afterDebt":"0","opType":3,"cdpId":112,"curPer":"1000000000000062532774633386","eventTime":1586746617000,"liqPrice":"0","txId":"b3fa38bcd3df51253bbc43ffa9bfcbb21516968bdc66c72d428b0fd2c7ce8c72","cRatio":"0","id":861},{"curPip":"12434781549300000","afterPtrxhold":"0","opParameter":""
13:32:24.787 [TestNG-tests-1] DEBUG org.apache.http.wire -  << "TCBLTVx7dJWcFBBNE7e3QEPHXEtigsbpth","afterDebt":"0","opType":2,"cdpId":112,"curPer":"1000000000000062532774633376","eventTime":1586746617000,"liqPrice":"0","txId":"b3fa38bcd3df51253bbc43ffa9bfcbb21516968bdc66c72d428b0fd2c7ce8c72","cRatio":"0","id":860},{"curPip":"12434781549300000","afterPtrxhold":"0","opParameter":"","afterDebt":"0","opType":1,"cdpId":112,"curPer":"1000000000000062532774633376","eventTime":1586746617000,"liqPrice":"0","txId":"b3fa38bcd3df51253bbc43ffa9bfcbb21516968bdc66c72d428b0fd2c7ce8c72","cRatio":"0","id":859},{"curPip":"12504383214400000","afterPtrxhold":"9999999999999374672254","opParameter":"10000000000000000000","afterDebt":"10000000000000000000","opType":4,"cdpId":111,"curPer":"1000000000000062532774633376","eventTime":1586743140000,"liqPrice":"1500000000000000","txId":"e0f85b319dc24de174267f064103bd5d539c1f95c1a23bcc530bf9687c6fd4f1","cRatio":"12504383214400000000000416852","id":858},{"curPip":"12504383214400000","afterPtrxhold":"9999999999999374672254","opParameter":"9999999999999374672254","afterDebt":"0","opType":3,"cdpId":111,"curPer":"1000000000000062532774633376","eventTime":1586743140000,"liqPrice":"0","txId":"e0f85b319dc24de174267f064103bd5d539c1f95c1a23bcc530bf9687c6fd4f1","cRatio":"0","id":857},{"curPip":"12504383214400000","afterPtrxhold":"0","opParameter":"TCBLTVx7dJWcFBBNE7e3QEPHXEtigsbpth","afterDebt":"0","opType":2,"cdpId":111,"curPer":"1000000000000062532774633387","eventTime":1586743140000,"liqPrice":"0","txId":"e0f85b319dc24de174267f064103bd5d539c1f95c1a23bcc530bf9687c6fd4f1","cRatio":"0","id":856},{"curPip":"12504383214400000","afterPtrxhold":"0","opParameter":"","afterDebt":"0","opType":1,"cdpId":111,"curPer":"1000000000000062532774633387","eventTime":1586743140000,"liqPrice":"0","txId":"e0f85b319dc24de174267f064103bd5d539c1f95c1a23bcc530bf9687c6fd4f1","cRatio":"0","id":855},{"curPip":"13026105703300000","afterPtrxhold":"1199999999999924960670","opParameter":"5000000000000000000","afterDebt":"6000000000000000000","opType":4,"cdpId":110,"curPer":"1000000000000062532774633387","eventTime":1586723190000,"liqPrice":"7500000000000000","txId":"e38fe4bbc8c0cfd8c572e1e5374be815388f312d66d1ebacb2f5284c06fad083","cRatio":"2605221140659999999999044855","id":854},{"curPip":"13026105703300000","afterPtrxhold":"1199999999999924960670","opParameter":"999999999999937467225","afterDebt":"1000000000000000000","opType":3,"cdpId":110,"curPer":"1000000000000062532774633387","eventTime":1586723076000,"liqPrice":"1250000000000000","txId":"099ec79d715b0dcb891a2224f5127494e43977960f18fc23d996e7c361840bd8","cRatio":"15631326843959999999994269128","id":853},{"curPip":"13026105703300000","afterPtrxhold":"199999999999987493445","opParameter":"1000000000000000000","afterDebt":"1000000000000000000","opType":4,"cdpId":110,"curPer":"1000000000000062532774633375","eventTime":1586722662000,"liqPrice":"7500000000000000","txId":"e1289036b3313490d83fead90949fc2abc6dad2b1d8af0f2a2629945af31ded9","cRatio":"2605221140659999999999044855","id":852},{"curPip":"13026105703300000","afterPtrxhold":"199999999999987493445","opParameter":"199999999999987493445","afterDebt":"0","opType":3,"cdpId":110,"curPer":"1000000000000062532774633375","eventTime":1586722662000,"liqPrice":"0","txId":"e1289036b3313490d83fead90949fc2abc6dad2b1d8af0f2a2629945af31ded9","cRatio":"0","id":851},{"curPip":"13026105703300000","afterPtrxhold":"0","opParameter":"TCBLTVx7dJWcFBBNE7e3QEPHXEtigsbpth","afterDebt":"0","opType":2,"cdpId":110,"curPer":"1000000000000062532774633372","eventTime":1586722662000,"liqPrice":"0","txId":"e1289036b3313490d83fead90949fc2abc6dad2b1d8af0f2a2629945af31ded9","cRatio":"0","id":850},{"curPip":"13026105703300000","afterPtrxhold":"0","opParameter":"","afterDebt":"0","opType":1,"cdpId":110,"curPer":"1000000000000062532774633372","eventTime":1586722662000,"liqPrice":"0","txId":"e1289036b3313490d83fead90949fc2abc6dad2b1d8af0f2a2629945af31ded9","cRatio":"0","id":849},{"curPip":"12965599813000000","afterPtrxhold":"199999999999987493445","opParameter":"1010000000000000000","afterDebt":"1010000000000000000","opType":4,"cdpId":109,"curPer":"1000000000000062532774633372","eventTime":1586721000000,"liqPrice":"7575000000000000","txId":"26b32ff4b0537d21dd4fb206117dee64a319065f80a30aa07b778ec916f753ea","cRatio":"2567445507524752475246583481","id":848},{"curPip":"12965599813000000","afterPtrxhold":"199999999999987493445","opParameter":"199999999999987493445","afterDebt":"0","opType":3,"cdpId":109,"curPer":"1000000000000062532774633372","eventTime":1586721000000,"liqPrice":"0","txId":"26b32ff4b0537d21dd4fb206117dee64a319065f80a30aa07b778ec916f753ea","cRatio":"0","id":847},{"curPip":"12965599813000000","afterPtrxhold":"0","opParameter":"TCBLTVx7dJWcFBBNE7e3QEPHXEtigsbpth","afterDebt":"0","opType":2,"cdpId":109,"curPer":"1000000000000062532774633370","eventTime":1586721000000,"liqPrice":"0","txId":"26b32ff4b0537d21dd4fb206117dee64a319065f80a30aa07b778ec916f753ea","cRatio":"0","id":846},{"curPip":"12965599813000000","afterPtrxhold":"0","opParameter":"","afterDebt":"0","opType":1,"cdpId":109,"curPer":"1000000000000062532774633370","eventTime":1586721000000,"liqPrice":"0","txId":"26b32ff4b0537d21dd4fb206117dee64a319065f80a30aa07b778ec916f753ea","cRatio":"0","id":845},{"curPip":"12938586483200000","afterPtrxhold":"0","opParameter":"","afterDebt":"0","opType":8,"cdpId":73,"curPer":"1000000000000062532774633370","eventTime":1586716680000,"liqPrice":"0","txId":"cb5528bbb9fceb668f20fbc63c7f302092c4d5b89375f357cdaabb94e65e575c","cRatio":"0","id":844},{"curPip":"12938586483200000","afterPtrxhold":"18993851522237","opParameter":"36761999981004908372934","afterDebt":"0","opType":6,"cdpId":73,"curPer":"1000000000000062532774633370","eventTime":1586716680000,"liqPrice":"0","txId":"cb5528bbb9fceb668f20fbc63c7f302092c4d5b89375f357cdaabb94e65e575c","cRatio":"0","id":843},{"curPip":"12964886075000000","afterPtrxhold":"36761999999998759895171","opParameter":"200000000000000000000","afterDebt":"0","opType":5,"cdpId":73,"curPer":"1000000000000062297157687327","eventTime":1586716593000,"liqPrice":"0","txId":"d61f6ae3d8b9c4ee4796defaad0ffaf8261641927f587f6361e37ed70902b15d","cRatio":"0","id":842},{"curPip":"12964886075000000","afterPtrxhold":"36761999999998759895171","opParameter":"200000000000000000000","afterDebt":"200000000000000000000","opType":4,"cdpId":73,"curPer":"1000000000000062297157687327","eventTime":1586716410000,"liqPrice":"8160600620205414","txId":"53a4418ff1c49ee55dbe211817750a2d42c21a10795aa2e4ed81d7551205a369","cRatio":"2383075709445818069754107055","id":841},{"curPip":"12964886075000000","afterPtrxhold":"36761999999998759895171","opParameter":"20000999999998753994549","afterDebt":"0","opType":3,"cdpId":73,"curPer":"1000000000000062297157687327","eventTime":1586716386000,"liqPrice":"0","txId":"ce571342839f43b95c625a739c3554c4de69819cda3356e2b4ca79dd19f3dd10","cRatio":"0","id":840},{"curPip":"12964886075000000","afterPtrxhold":"16761000000000005900622","opParameter":"30000999999998131022972","afterDebt":"0","opType":6,"cdpId":73,"curPer":"1000000000000062297157687324","eventTime":1586716245000,"liqPrice":"0","txId":"758b933284f5dad20826b840992e42b656c6a308b59467755c8fe03fe2d63ce4","cRatio":"0","id":839},{"curPip":"12964886075000000","afterPtrxhold":"46761999999998136923594","opParameter":"300000000000000000000","afterDebt":"0","opType":5,"cdpId":73,"curPer":"1000000000000062297157687331","eventTime":1586716134000,"liqPrice":"0","txId":"62bc9730db2cf9d5d3a7c240867ec5cf3174ec398bb600e896aceabfda5a9505","cRatio":"0","id":838},{"curPip":"12964886075000000","afterPtrxhold":"46761999999998136923594","opParameter":"300000000000000000000","afterDebt":"300000000000000000000","opType":4,"cdpId":73,"curPer":"1000000000000062297157687331","eventTime":1586716041000,"liqPrice":"9623198323424787","txId":"421a976572456a6b84ab0fcf1b1b284e1ecfa86eff78b5350d7c7cfe8ed379fe","cRatio":"2020880008797212046502732575","id":837},{"curPip":"12989542432000000","afterPtrxhold":"46761999999998136923594","opParameter":"1000000000000000000","afterDebt":"0","opType":5,"cdpId":73,"curPer":"1000000000000062297157687331","eventTime":1586716014000,"liqPrice":"0","txId":"347add0d3332cba9c3317229a5b"
13:32:24.787 [TestNG-tests-1] DEBUG org.apache.http.wire -  << "8485521e583e927286e8faac6373f1c25b411","cRatio":"0","id":836},{"curPip":"12989542432000000","afterPtrxhold":"46761999999998136923594","opParameter":"2999999999999813108527","afterDebt":"1000000000000000000","opType":6,"cdpId":73,"curPer":"1000000000000062297157687331","eventTime":1586715927000,"liqPrice":"32077327744749","txId":"c90593303a8595df52885c4a3042365d42d9a4109ec742471941d13c88498395","cRatio":"607416983205197639841554919259","id":835},{"curPip":"12989542432000000","afterPtrxhold":"49761999999997950032121","opParameter":"999999999999937702842","afterDebt":"1000000000000000000","opType":6,"cdpId":73,"curPer":"1000000000000062297157687329","eventTime":1586715885000,"liqPrice":"30143482978979","txId":"15db628f929c72b7039a05b8374bff9750f4307534b7b2e6d07deea222ce1bde","cRatio":"646385610501197639841555725625","id":834},{"curPip":"12989542432000000","afterPtrxhold":"50761999999997887734963","opParameter":"1000000000000000000","afterDebt":"1000000000000000000","opType":4,"cdpId":73,"curPer":"1000000000000062297157687339","eventTime":1586715693000,"liqPrice":"29549663133840","txId":"e3cce43e040b629a6cc9d4c7b7a05b82856a139589c5d4e2b88408714988d101","cRatio":"659375152933197639841551664567","id":833},{"curPip":"13043224780900000","afterPtrxhold":"50761999999997887734963","opParameter":"1000000000000000000","afterDebt":"0","opType":5,"cdpId":73,"curPer":"1000000000000062297157687339","eventTime":1586713302000,"liqPrice":"0","txId":"e0766208b27f46c3185eb220e0c3702046a715a7ade0f7c843837506a8d5f47b","cRatio":"0","id":832},{"curPip":"13043224780900000","afterPtrxhold":"50761999999997887734963","opParameter":"300000000000000000000","afterDebt":"1000000000000000000","opType":5,"cdpId":73,"curPer":"1000000000000062297157687339","eventTime":1586713119000,"liqPrice":"29549663133840","txId":"663b2ce1fe83cd6025de5d1ea5487f87fb22d2ade2e6d0f96df819ed3b71cd8f","cRatio":"662100176328059496211415087602","id":831},{"curPip":"13043224780900000","afterPtrxhold":"50761999999997887734963","opParameter":"1000000000000000000","afterDebt":"301000000000000000000","opType":4,"cdpId":73,"curPer":"1000000000000062297157687339","eventTime":1586713068000,"liqPrice":"8894448603285739","txId":"ee80d647d5ed9d3d1f2ce41a38803b531de76be82cd9ecdccba420093c80619b","cRatio":"2199668359893885369473139826","id":830},{"curPip":"13043224780900000","afterPtrxhold":"50761999999997887734963","opParameter":"300000000000000000000","afterDebt":"300000000000000000000","opType":4,"cdpId":73,"curPer":"1000000000000062297157687339","eventTime":1586712897000,"liqPrice":"8864898940151899","txId":"2d662e3b38fbe154743bc8b430c6f23a4b316a054cf762e580faf6aa2ec534b6","cRatio":"2207000587760198320704716959","id":829},{"curPip":"12991667121900000","afterPtrxhold":"50761999999997887734963","opParameter":"4000999999999750749072","afterDebt":"0","opType":3,"cdpId":73,"curPer":"1000000000000062297157687339","eventTime":1586711568000,"liqPrice":"0","txId":"fcd21daa9402068095d64a4f40ff4b8e6aa482e34d106816d0f67b7f96df882a","cRatio":"0","id":828},{"curPip":"12991667121900000","afterPtrxhold":"46760999999998136985891","opParameter":"66000000000000000000","afterDebt":"0","opType":5,"cdpId":73,"curPer":"1000000000000062297157687336","eventTime":1586711091000,"liqPrice":"0","txId":"4c41ac12efce8f10e558daf47234cfa2e18a26aa0500e56cdbdbf6e7409352"
13:32:25.017 [TestNG-tests-1] DEBUG org.apache.http.wire -  << "0c","cRatio":"0","id":827},{"curPip":"12971741479300000","afterPtrxhold":"299999999999981310852","opParameter":"99999999999993770284","afterDebt":"1000000000000000000","opType":3,"cdpId":108,"curPer":"1000000000000062297157687336","eventTime":1586710137000,"liqPrice":"5000000000000000","txId":"117edd31596cb9916bcce001b25238fd93f0248ebb07f5f2d74e92d5f2e63042","cRatio":"3891522443789999999991000108","id":826},{"curPip":"12927504807200000","afterPtrxhold":"199999999999987540568","opParameter":"1000000000000000000","afterDebt":"1000000000000000000","opType":4,"cdpId":108,"curPer":"1000000000000062297157687329","eventTime":1586709786000,"liqPrice":"7500000000000000","txId":"7e37b66eeff8345f041107c0d12f4e9ebfaab56eea707d17932af61940fcf9de","cRatio":"2585500961439999999994020608","id":825},{"curPip":"12927504807200000","afterPtrxhold":"199999999999987540568","opParameter":"199999999999987540568","afterDebt":"0","opType":3,"cdpId":108,"curPer":"1000000000000062297157687329","eventTime":1586709786000,"liqPrice":"0","txId":"7e37b66eeff8345f041107c0d12f4e9ebfaab56eea707d17932af61940fcf9de","cRatio":"0","id":824},{"curPip":"12927504807200000","afterPtrxhold":"0","opParameter":"TCBLTVx7dJWcFBBNE7e3QEPHXEtigsbpth","afterDebt":"0","opType":2,"cdpId":108,"curPer":"1000000000000062297157687314","eventTime":1586709786000,"liqPrice":"0","txId":"7e37b66eeff8345f041107c0d12f4e9ebfaab56eea707d17932af61940fcf9de","cRatio":"0","id":823},{"curPip":"12927504807200000","afterPtrxhold":"0","opParameter":"","afterDebt":"0","opType":1,"cdpId":108,"curPer":"1000000000000062297157687314","eventTime":1586709786000,"liqPrice":"0","txId":"7e37b66eeff8345f041107c0d12f4e9ebfaab56eea707d17932af61940fcf9de","cRatio":"0","id":822},{"curPip":"12819083287300000","afterPtrxhold":"46760999999998136985891","opParameter":"124000000000000000000","afterDebt":"66000000000000000000","opType":5,"cdpId":73,"curPer":"1000000000000062297157687314","eventTime":1586707359000,"liqPrice":"2117148906139684","txId":"e4bc34ce10d6cdaccff9ce8e94a706e6f1dce0c36799aaeb4ab15a38a87419eb","cRatio":"9082320509052253952252484667","id":821},{"curPip":"12711305100200000","afterPtrxhold":"46760999999998136985891","opParameter":"20000000000000000000","afterDebt":"190000000000000000000","opType":5,"cdpId":73,"curPer":"1000000000000062297157687314","eventTime":1586702454000,"liqPrice":"6094822608583940","txId":"fb50a28c9bedefae02589474e09eb00c4864cd19d22781987eb2f234b878333c","cRatio":"3128385988370871303551300822","id":820},{"curPip":"12657044013900000","afterPtrxhold":"46760999999998136985891","opParameter":"60000000000000000000","afterDebt":"210000000000000000000","opType":5,"cdpId":73,"curPer":"1000000000000062297157687314","eventTime":1586700915000,"liqPrice":"6736382883171723","txId":"63e961754223d478dfd3dd171b1dbbc15070eab42e2064d365f1d4d6aa6b4e04","cRatio":"2818362072066624717605584711","id":819},{"curPip":"12652681841500000","afterPtrxhold":"159000000000000000000","opParameter":"8000000000000000","afterDebt":"508000000000000000","opType":4,"cdpId":1,"curPer":"1000000000000062297157687314","eventTime":1586699070000,"liqPrice":"4792452830188381","txId":"cd0559dc530e0a6102bdcbe278aafc56cee7e017a4d3b98e7eaac90472faa17b","cRatio":"3960189788973671905418148963","id":818}],"message":"SUCCESS"}"
13:32:25.018 [TestNG-tests-1] DEBUG org.apache.http.impl.conn.DefaultClientConnection - Connection 0.0.0.0:52488<->3.12.242.83:80 closed
13:32:25.018 [TestNG-tests-1] DEBUG org.apache.http.impl.conn.PoolingClientConnectionManager - Connection released: [id: 7][route: {}->http://api.just.network:80][total kept alive: 0; route allocated: 0 of 80; total allocated: 0 of 100]
13:32:25.018 [TestNG-tests-1] INFO tron.common.TronscanApiList - ----------------------------Print JSON Start---------------------------
13:32:25.018 [TestNG-tests-1] INFO tron.common.TronscanApiList - code:0
13:32:25.018 [TestNG-tests-1] INFO tron.common.TronscanApiList - data:[{"curPip":"12334269391200000","afterPtrxhold":"73162081087984230422","opParameter":"226837918912002905274","afterDebt":"0","opType":7,"cdpId":104,"curPer":"1000000000000062532774633413","eventTime":1586754003000,"liqPrice":"0","txId":"7feaad5252a8494e2fe6ff2763cf26e7bdc9215eb0a627ce3607eaed6ce64287","cRatio":"0","id":867},{"curPip":"12334269391200000","afterPtrxhold":"199699999999988101247","opParameter":"2300299999999856155859","afterDebt":"1000000000000000000","opType":6,"cdpId":107,"curPer":"1000000000000062532774633413","eventTime":1586753550000,"liqPrice":"7511266900350504","txId":"9551baa6eb8f87ba00429f357cf25411bfdf28d8abd6f0037e7f914a52d8729b","cRatio":"2463153597422647265403873809","id":866},{"curPip":"12334269391200000","afterPtrxhold":"2499999999999844257106","opParameter":"2000000000000000000","afterDebt":"1000000000000000000","opType":5,"cdpId":107,"curPer":"1000000000000062532774633397","eventTime":1586753502000,"liqPrice":"600000000000000","txId":"723b982e4c34f7c26d9e8d2a08543547c218dff15a275ff0ba9d24f6f8246e96","cRatio":"30835673478000007265409908774","id":865},{"curPip":"12334269391200000","afterPtrxhold":"2499999999999844257106","opParameter":"12000000000000000000","afterDebt":"3000000000000000000","opType":5,"cdpId":107,"curPer":"1000000000000062532774633397","eventTime":1586753457000,"liqPrice":"1800000000000000","txId":"c991bcdb7fe221a153ddb5e356a3a01d43b5d1194f0b52d2cc600a17c2816706","cRatio":"10278557826000002421803302925","id":864},{"curPip":"12438278854100000","afterPtrxhold":"59999999999996248033522","opParameter":"49999999999996873361268","afterDebt":"10000000000000000000","opType":3,"cdpId":111,"curPer":"1000000000000062532774633397","eventTime":1586749272000,"liqPrice":"250000000000000","txId":"0d139895826dfa5bfbfe4c5f52e4462e239aa2385a06e86a1150913ebf0ac46b","cRatio":"74629673124600000000000005763","id":863},{"curPip":"12434781549300000","afterPtrxhold":"1234999999999922772023","opParameter":"5000000000000000000","afterDebt":"5000000000000000000","opType":4,"cdpId":112,"curPer":"1000000000000062532774633386","eventTime":1586746617000,"liqPrice":"6072874493927126","txId":"b3fa38bcd3df51253bbc43ffa9bfcbb21516968bdc66c72d428b0fd2c7ce8c72","cRatio":"3071391042677099999999184901","id":862},{"curPip":"12434781549300000","afterPtrxhold":"1234999999999922772023","opParameter":"1234999999999922772023","afterDebt":"0","opType":3,"cdpId":112,"curPer":"1000000000000062532774633386","eventTime":1586746617000,"liqPrice":"0","txId":"b3fa38bcd3df51253bbc43ffa9bfcbb21516968bdc66c72d428b0fd2c7ce8c72","cRatio":"0","id":861},{"curPip":"12434781549300000","afterPtrxhold":"0","opParameter":"TCBLTVx7dJWcFBBNE7e3QEPHXEtigsbpth","afterDebt":"0","opType":2,"cdpId":112,"curPer":"1000000000000062532774633376","eventTime":1586746617000,"liqPrice":"0","txId":"b3fa38bcd3df51253bbc43ffa9bfcbb21516968bdc66c72d428b0fd2c7ce8c72","cRatio":"0","id":860},{"curPip":"12434781549300000","afterPtrxhold":"0","opParameter":"","afterDebt":"0","opType":1,"cdpId":112,"curPer":"1000000000000062532774633376","eventTime":1586746617000,"liqPrice":"0","txId":"b3fa38bcd3df51253bbc43ffa9bfcbb21516968bdc66c72d428b0fd2c7ce8c72","cRatio":"0","id":859},{"curPip":"12504383214400000","afterPtrxhold":"9999999999999374672254","opParameter":"10000000000000000000","afterDebt":"10000000000000000000","opType":4,"cdpId":111,"curPer":"1000000000000062532774633376","eventTime":1586743140000,"liqPrice":"1500000000000000","txId":"e0f85b319dc24de174267f064103bd5d539c1f95c1a23bcc530bf9687c6fd4f1","cRatio":"12504383214400000000000416852","id":858},{"curPip":"12504383214400000","afterPtrxhold":"9999999999999374672254","opParameter":"9999999999999374672254","afterDebt":"0","opType":3,"cdpId":111,"curPer":"1000000000000062532774633376","eventTime":1586743140000,"liqPrice":"0","txId":"e0f85b319dc24de174267f064103bd5d539c1f95c1a23bcc530bf9687c6fd4f1","cRatio":"0","id":857},{"curPip":"12504383214400000","afterPtrxhold":"0","opParameter":"TCBLTVx7dJWcFBBNE7e3QEPHXEtigsbpth","afterDebt":"0","opType":2,"cdpId":111,"curPer":"1000000000000062532774633387","eventTime":1586743140000,"liqPrice":"0","txId":"e0f85b319dc24de174267f064103bd5d539c1f95c1a23bcc530bf9687c6fd4f1","cRatio":"0","id":856},{"curPip":"12504383214400000","afterPtrxhold":"0","opParameter":"","afterDebt":"0","opType":1,"cdpId":111,"curPer":"1000000000000062532774633387","eventTime":1586743140000,"liqPrice":"0","txId":"e0f85b319dc24de174267f064103bd5d539c1f95c1a23bcc530bf9687c6fd4f1","cRatio":"0","id":855},{"curPip":"13026105703300000","afterPtrxhold":"1199999999999924960670","opParameter":"5000000000000000000","afterDebt":"6000000000000000000","opType":4,"cdpId":110,"curPer":"1000000000000062532774633387","eventTime":1586723190000,"liqPrice":"7500000000000000","txId":"e38fe4bbc8c0cfd8c572e1e5374be815388f312d66d1ebacb2f5284c06fad083","cRatio":"2605221140659999999999044855","id":854},{"curPip":"13026105703300000","afterPtrxhold":"1199999999999924960670","opParameter":"999999999999937467225","afterDebt":"1000000000000000000","opType":3,"cdpId":110,"curPer":"1000000000000062532774633387","eventTime":1586723076000,"liqPrice":"1250000000000000","txId":"099ec79d715b0dcb891a2224f5127494e43977960f18fc23d996e7c361840bd8","cRatio":"15631326843959999999994269128","id":853},{"curPip":"13026105703300000","afterPtrxhold":"199999999999987493445","opParameter":"1000000000000000000","afterDebt":"1000000000000000000","opType":4,"cdpId":110,"curPer":"1000000000000062532774633375","eventTime":1586722662000,"liqPrice":"7500000000000000","txId":"e1289036b3313490d83fead90949fc2abc6dad2b1d8af0f2a2629945af31ded9","cRatio":"2605221140659999999999044855","id":852},{"curPip":"13026105703300000","afterPtrxhold":"199999999999987493445","opParameter":"199999999999987493445","afterDebt":"0","opType":3,"cdpId":110,"curPer":"1000000000000062532774633375","eventTime":1586722662000,"liqPrice":"0","txId":"e1289036b3313490d83fead90949fc2abc6dad2b1d8af0f2a2629945af31ded9","cRatio":"0","id":851},{"curPip":"13026105703300000","afterPtrxhold":"0","opParameter":"TCBLTVx7dJWcFBBNE7e3QEPHXEtigsbpth","afterDebt":"0","opType":2,"cdpId":110,"curPer":"1000000000000062532774633372","eventTime":1586722662000,"liqPrice":"0","txId":"e1289036b3313490d83fead90949fc2abc6dad2b1d8af0f2a2629945af31ded9","cRatio":"0","id":850},{"curPip":"13026105703300000","afterPtrxhold":"0","opParameter":"","afterDebt":"0","opType":1,"cdpId":110,"curPer":"1000000000000062532774633372","eventTime":1586722662000,"liqPrice":"0","txId":"e1289036b3313490d83fead90949fc2abc6dad2b1d8af0f2a2629945af31ded9","cRatio":"0","id":849},{"curPip":"12965599813000000","afterPtrxhold":"199999999999987493445","opParameter":"1010000000000000000","afterDebt":"1010000000000000000","opType":4,"cdpId":109,"curPer":"1000000000000062532774633372","eventTime":1586721000000,"liqPrice":"7575000000000000","txId":"26b32ff4b0537d21dd4fb206117dee64a319065f80a30aa07b778ec916f753ea","cRatio":"2567445507524752475246583481","id":848},{"curPip":"12965599813000000","afterPtrxhold":"199999999999987493445","opParameter":"199999999999987493445","afterDebt":"0","opType":3,"cdpId":109,"curPer":"1000000000000062532774633372","eventTime":1586721000000,"liqPrice":"0","txId":"26b32ff4b0537d21dd4fb206117dee64a319065f80a30aa07b778ec916f753ea","cRatio":"0","id":847},{"curPip":"12965599813000000","afterPtrxhold":"0","opParameter":"TCBLTVx7dJWcFBBNE7e3QEPHXEtigsbpth","afterDebt":"0","opType":2,"cdpId":109,"curPer":"1000000000000062532774633370","eventTime":1586721000000,"liqPrice":"0","txId":"26b32ff4b0537d21dd4fb206117dee64a319065f80a30aa07b778ec916f753ea","cRatio":"0","id":846},{"curPip":"12965599813000000","afterPtrxhold":"0","opParameter":"","afterDebt":"0","opType":1,"cdpId":109,"curPer":"1000000000000062532774633370","eventTime":1586721000000,"liqPrice":"0","txId":"26b32ff4b0537d21dd4fb206117dee64a319065f80a30aa07b778ec916f753ea","cRatio":"0","id":845},{"curPip":"12938586483200000","afterPtrxhold":"0","opParameter":"","afterDebt":"0","opType":8,"cdpId":73,"curPer":"1000000000000062532774633370","eventTime":1586716680000,"liqPrice":"0","txId":"cb5528bbb9fceb668f20fbc63c7f302092c4d5b89375f357cdaabb94e65e575c","cRatio":"0","id":844},{"curPip":"12938586483200000","afterPtrxhold":"18993851522237","opParameter":"36761999981004908372934","afterDebt":"0","opType":6,"cdpId":73,"curPer":"1000000000000062532774633370","eventTime":1586716680000,"liqPrice":"0","txId":"cb5528bbb9fceb668f20fbc63c7f302092c4d5b89375f357cdaabb94e65e575c","cRatio":"0","id":843},{"curPip":"12964886075000000","afterPtrxhold":"36761999999998759895171","opParameter":"200000000000000000000","afterDebt":"0","opType":5,"cdpId":73,"curPer":"1000000000000062297157687327","eventTime":1586716593000,"liqPrice":"0","txId":"d61f6ae3d8b9c4ee4796defaad0ffaf8261641927f587f6361e37ed70902b15d","cRatio":"0","id":842},{"curPip":"12964886075000000","afterPtrxhold":"36761999999998759895171","opParameter":"200000000000000000000","afterDebt":"200000000000000000000","opType":4,"cdpId":73,"curPer":"1000000000000062297157687327","eventTime":1586716410000,"liqPrice":"8160600620205414","txId":"53a4418ff1c49ee55dbe211817750a2d42c21a10795aa2e4ed81d7551205a369","cRatio":"2383075709445818069754107055","id":841},{"curPip":"12964886075000000","afterPtrxhold":"36761999999998759895171","opParameter":"20000999999998753994549","afterDebt":"0","opType":3,"cdpId":73,"curPer":"1000000000000062297157687327","eventTime":1586716386000,"liqPrice":"0","txId":"ce571342839f43b95c625a739c3554c4de69819cda3356e2b4ca79dd19f3dd10","cRatio":"0","id":840},{"curPip":"12964886075000000","afterPtrxhold":"16761000000000005900622","opParameter":"30000999999998131022972","afterDebt":"0","opType":6,"cdpId":73,"curPer":"1000000000000062297157687324","eventTime":1586716245000,"liqPrice":"0","txId":"758b933284f5dad20826b840992e42b656c6a308b59467755c8fe03fe2d63ce4","cRatio":"0","id":839},{"curPip":"12964886075000000","afterPtrxhold":"46761999999998136923594","opParameter":"300000000000000000000","afterDebt":"0","opType":5,"cdpId":73,"curPer":"1000000000000062297157687331","eventTime":1586716134000,"liqPrice":"0","txId":"62bc9730db2cf9d5d3a7c240867ec5cf3174ec398bb600e896aceabfda5a9505","cRatio":"0","id":838},{"curPip":"12964886075000000","afterPtrxhold":"46761999999998136923594","opParameter":"300000000000000000000","afterDebt":"300000000000000000000","opType":4,"cdpId":73,"curPer":"1000000000000062297157687331","eventTime":1586716041000,"liqPrice":"9623198323424787","txId":"421a976572456a6b84ab0fcf1b1b284e1ecfa86eff78b5350d7c7cfe8ed379fe","cRatio":"2020880008797212046502732575","id":837},{"curPip":"12989542432000000","afterPtrxhold":"46761999999998136923594","opParameter":"1000000000000000000","afterDebt":"0","opType":5,"cdpId":73,"curPer":"1000000000000062297157687331","eventTime":1586716014000,"liqPrice":"0","txId":"347add0d3332cba9c3317229a5b8485521e583e927286e8faac6373f1c25b411","cRatio":"0","id":836},{"curPip":"12989542432000000","afterPtrxhold":"46761999999998136923594","opParameter":"2999999999999813108527","afterDebt":"1000000000000000000","opType":6,"cdpId":73,"curPer":"1000000000000062297157687331","eventTime":1586715927000,"liqPrice":"32077327744749","txId":"c90593303a8595df52885c4a3042365d42d9a4109ec742471941d13c88498395","cRatio":"607416983205197639841554919259","id":835},{"curPip":"12989542432000000","afterPtrxhold":"49761999999997950032121","opParameter":"999999999999937702842","afterDebt":"1000000000000000000","opType":6,"cdpId":73,"curPer":"1000000000000062297157687329","eventTime":1586715885000,"liqPrice":"30143482978979","txId":"15db628f929c72b7039a05b8374bff9750f4307534b7b2e6d07deea222ce1bde","cRatio":"646385610501197639841555725625","id":834},{"curPip":"12989542432000000","afterPtrxhold":"50761999999997887734963","opParameter":"1000000000000000000","afterDebt":"1000000000000000000","opType":4,"cdpId":73,"curPer":"1000000000000062297157687339","eventTime":1586715693000,"liqPrice":"29549663133840","txId":"e3cce43e040b629a6cc9d4c7b7a05b82856a139589c5d4e2b88408714988d101","cRatio":"659375152933197639841551664567","id":833},{"curPip":"13043224780900000","afterPtrxhold":"50761999999997887734963","opParameter":"1000000000000000000","afterDebt":"0","opType":5,"cdpId":73,"curPer":"1000000000000062297157687339","eventTime":1586713302000,"liqPrice":"0","txId":"e0766208b27f46c3185eb220e0c3702046a715a7ade0f7c843837506a8d5f47b","cRatio":"0","id":832},{"curPip":"13043224780900000","afterPtrxhold":"50761999999997887734963","opParameter":"300000000000000000000","afterDebt":"1000000000000000000","opType":5,"cdpId":73,"curPer":"1000000000000062297157687339","eventTime":1586713119000,"liqPrice":"29549663133840","txId":"663b2ce1fe83cd6025de5d1ea5487f87fb22d2ade2e6d0f96df819ed3b71cd8f","cRatio":"662100176328059496211415087602","id":831},{"curPip":"13043224780900000","afterPtrxhold":"50761999999997887734963","opParameter":"1000000000000000000","afterDebt":"301000000000000000000","opType":4,"cdpId":73,"curPer":"1000000000000062297157687339","eventTime":1586713068000,"liqPrice":"8894448603285739","txId":"ee80d647d5ed9d3d1f2ce41a38803b531de76be82cd9ecdccba420093c80619b","cRatio":"2199668359893885369473139826","id":830},{"curPip":"13043224780900000","afterPtrxhold":"50761999999997887734963","opParameter":"300000000000000000000","afterDebt":"300000000000000000000","opType":4,"cdpId":73,"curPer":"1000000000000062297157687339","eventTime":1586712897000,"liqPrice":"8864898940151899","txId":"2d662e3b38fbe154743bc8b430c6f23a4b316a054cf762e580faf6aa2ec534b6","cRatio":"2207000587760198320704716959","id":829},{"curPip":"12991667121900000","afterPtrxhold":"50761999999997887734963","opParameter":"4000999999999750749072","afterDebt":"0","opType":3,"cdpId":73,"curPer":"1000000000000062297157687339","eventTime":1586711568000,"liqPrice":"0","txId":"fcd21daa9402068095d64a4f40ff4b8e6aa482e34d106816d0f67b7f96df882a","cRatio":"0","id":828},{"curPip":"12991667121900000","afterPtrxhold":"46760999999998136985891","opParameter":"66000000000000000000","afterDebt":"0","opType":5,"cdpId":73,"curPer":"1000000000000062297157687336","eventTime":1586711091000,"liqPrice":"0","txId":"4c41ac12efce8f10e558daf47234cfa2e18a26aa0500e56cdbdbf6e74093520c","cRatio":"0","id":827},{"curPip":"12971741479300000","afterPtrxhold":"299999999999981310852","opParameter":"99999999999993770284","afterDebt":"1000000000000000000","opType":3,"cdpId":108,"curPer":"1000000000000062297157687336","eventTime":1586710137000,"liqPrice":"5000000000000000","txId":"117edd31596cb9916bcce001b25238fd93f0248ebb07f5f2d74e92d5f2e63042","cRatio":"3891522443789999999991000108","id":826},{"curPip":"12927504807200000","afterPtrxhold":"199999999999987540568","opParameter":"1000000000000000000","afterDebt":"1000000000000000000","opType":4,"cdpId":108,"curPer":"1000000000000062297157687329","eventTime":1586709786000,"liqPrice":"7500000000000000","txId":"7e37b66eeff8345f041107c0d12f4e9ebfaab56eea707d17932af61940fcf9de","cRatio":"2585500961439999999994020608","id":825},{"curPip":"12927504807200000","afterPtrxhold":"199999999999987540568","opParameter":"199999999999987540568","afterDebt":"0","opType":3,"cdpId":108,"curPer":"1000000000000062297157687329","eventTime":1586709786000,"liqPrice":"0","txId":"7e37b66eeff8345f041107c0d12f4e9ebfaab56eea707d17932af61940fcf9de","cRatio":"0","id":824},{"curPip":"12927504807200000","afterPtrxhold":"0","opParameter":"TCBLTVx7dJWcFBBNE7e3QEPHXEtigsbpth","afterDebt":"0","opType":2,"cdpId":108,"curPer":"1000000000000062297157687314","eventTime":1586709786000,"liqPrice":"0","txId":"7e37b66eeff8345f041107c0d12f4e9ebfaab56eea707d17932af61940fcf9de","cRatio":"0","id":823},{"curPip":"12927504807200000","afterPtrxhold":"0","opParameter":"","afterDebt":"0","opType":1,"cdpId":108,"curPer":"1000000000000062297157687314","eventTime":1586709786000,"liqPrice":"0","txId":"7e37b66eeff8345f041107c0d12f4e9ebfaab56eea707d17932af61940fcf9de","cRatio":"0","id":822},{"curPip":"12819083287300000","afterPtrxhold":"46760999999998136985891","opParameter":"124000000000000000000","afterDebt":"66000000000000000000","opType":5,"cdpId":73,"curPer":"1000000000000062297157687314","eventTime":1586707359000,"liqPrice":"2117148906139684","txId":"e4bc34ce10d6cdaccff9ce8e94a706e6f1dce0c36799aaeb4ab15a38a87419eb","cRatio":"9082320509052253952252484667","id":821},{"curPip":"12711305100200000","afterPtrxhold":"46760999999998136985891","opParameter":"20000000000000000000","afterDebt":"190000000000000000000","opType":5,"cdpId":73,"curPer":"1000000000000062297157687314","eventTime":1586702454000,"liqPrice":"6094822608583940","txId":"fb50a28c9bedefae02589474e09eb00c4864cd19d22781987eb2f234b878333c","cRatio":"3128385988370871303551300822","id":820},{"curPip":"12657044013900000","afterPtrxhold":"46760999999998136985891","opParameter":"60000000000000000000","afterDebt":"210000000000000000000","opType":5,"cdpId":73,"curPer":"1000000000000062297157687314","eventTime":1586700915000,"liqPrice":"6736382883171723","txId":"63e961754223d478dfd3dd171b1dbbc15070eab42e2064d365f1d4d6aa6b4e04","cRatio":"2818362072066624717605584711","id":819},{"curPip":"12652681841500000","afterPtrxhold":"159000000000000000000","opParameter":"8000000000000000","afterDebt":"508000000000000000","opType":4,"cdpId":1,"curPer":"1000000000000062297157687314","eventTime":1586699070000,"liqPrice":"4792452830188381","txId":"cd0559dc530e0a6102bdcbe278aafc56cee7e017a4d3b98e7eaac90472faa17b","cRatio":"3960189788973671905418148963","id":818}]
13:32:25.018 [TestNG-tests-1] INFO tron.common.TronscanApiList - message:SUCCESS
13:32:25.018 [TestNG-tests-1] INFO tron.common.TronscanApiList - JSON content size are: 3
13:32:25.018 [TestNG-tests-1] INFO tron.common.TronscanApiList - ----------------------------Print JSON End-----------------------------
]]></system-out>
  <system-err><![CDATA[]]></system-err>
</testsuite>
