<?xml version="1.0" encoding="UTF-8"?>
<testsuite name="tron.tronscan.tronscanUI.LoginTest" tests="1" skipped="0" failures="0" errors="0" timestamp="2020-03-20T04:52:57" hostname="zhukaideiMac.local" time="3.373">
  <properties/>
  <testcase name="test" classname="tron.tronscan.tronscanUI.LoginTest" time="3.373"/>
  <system-out><![CDATA[12:52:53.680 [Forwarding newSession on session null to remote] DEBUG org.apache.http.client.protocol.RequestAddCookies - CookieSpec selected: default
12:52:53.680 [Forwarding newSession on session null to remote] DEBUG org.apache.http.client.protocol.RequestAuthCache - Auth cache not set in the context
12:52:53.680 [Forwarding newSession on session null to remote] DEBUG org.apache.http.impl.conn.PoolingHttpClientConnectionManager - Connection request: [route: {}->http://localhost:27873][total kept alive: 4; route allocated: 0 of 2000; total allocated: 4 of 2000]
12:52:53.680 [Forwarding newSession on session null to remote] DEBUG org.apache.http.impl.conn.PoolingHttpClientConnectionManager - Connection leased: [id: 22][route: {}->http://localhost:27873][total kept alive: 4; route allocated: 1 of 2000; total allocated: 5 of 2000]
12:52:53.680 [Forwarding newSession on session null to remote] DEBUG org.apache.http.impl.execchain.MainClientExec - Opening connection {}->http://localhost:27873
12:52:53.680 [Forwarding newSession on session null to remote] DEBUG org.apache.http.impl.conn.DefaultHttpClientConnectionOperator - Connecting to localhost/127.0.0.1:27873
12:52:53.680 [Forwarding newSession on session null to remote] DEBUG org.apache.http.impl.conn.DefaultHttpClientConnectionOperator - Connection established 127.0.0.1:61135<->127.0.0.1:27873
12:52:53.680 [Forwarding newSession on session null to remote] DEBUG org.apache.http.impl.conn.DefaultManagedHttpClientConnection - http-outgoing-22: set socket timeout to 10800000
12:52:53.680 [Forwarding newSession on session null to remote] DEBUG org.apache.http.impl.execchain.MainClientExec - Executing request POST /session HTTP/1.1
12:52:53.680 [Forwarding newSession on session null to remote] DEBUG org.apache.http.impl.execchain.MainClientExec - Target auth state: UNCHALLENGED
12:52:53.680 [Forwarding newSession on session null to remote] DEBUG org.apache.http.impl.execchain.MainClientExec - Proxy auth state: UNCHALLENGED
12:52:53.680 [Forwarding newSession on session null to remote] DEBUG org.apache.http.headers - http-outgoing-22 >> POST /session HTTP/1.1
12:52:53.680 [Forwarding newSession on session null to remote] DEBUG org.apache.http.headers - http-outgoing-22 >> Content-Type: application/json; charset=utf-8
12:52:53.680 [Forwarding newSession on session null to remote] DEBUG org.apache.http.headers - http-outgoing-22 >> Content-Length: 560
12:52:53.680 [Forwarding newSession on session null to remote] DEBUG org.apache.http.headers - http-outgoing-22 >> Host: localhost:27873
12:52:53.680 [Forwarding newSession on session null to remote] DEBUG org.apache.http.headers - http-outgoing-22 >> Connection: Keep-Alive
12:52:53.680 [Forwarding newSession on session null to remote] DEBUG org.apache.http.headers - http-outgoing-22 >> User-Agent: Apache-HttpClient/4.5.3 (Java/1.8.0_211)
12:52:53.680 [Forwarding newSession on session null to remote] DEBUG org.apache.http.headers - http-outgoing-22 >> Accept-Encoding: gzip,deflate
12:52:53.680 [Forwarding newSession on session null to remote] DEBUG org.apache.http.wire - http-outgoing-22 >> "POST /session HTTP/1.1[\r][\n]"
12:52:53.680 [Forwarding newSession on session null to remote] DEBUG org.apache.http.wire - http-outgoing-22 >> "Content-Type: application/json; charset=utf-8[\r][\n]"
12:52:53.680 [Forwarding newSession on session null to remote] DEBUG org.apache.http.wire - http-outgoing-22 >> "Content-Length: 560[\r][\n]"
12:52:53.680 [Forwarding newSession on session null to remote] DEBUG org.apache.http.wire - http-outgoing-22 >> "Host: localhost:27873[\r][\n]"
12:52:53.680 [Forwarding newSession on session null to remote] DEBUG org.apache.http.wire - http-outgoing-22 >> "Connection: Keep-Alive[\r][\n]"
12:52:53.680 [Forwarding newSession on session null to remote] DEBUG org.apache.http.wire - http-outgoing-22 >> "User-Agent: Apache-HttpClient/4.5.3 (Java/1.8.0_211)[\r][\n]"
12:52:53.680 [Forwarding newSession on session null to remote] DEBUG org.apache.http.wire - http-outgoing-22 >> "Accept-Encoding: gzip,deflate[\r][\n]"
12:52:53.680 [Forwarding newSession on session null to remote] DEBUG org.apache.http.wire - http-outgoing-22 >> "[\r][\n]"
12:52:53.680 [Forwarding newSession on session null to remote] DEBUG org.apache.http.wire - http-outgoing-22 >> "{[\n]"
12:52:53.680 [Forwarding newSession on session null to remote] DEBUG org.apache.http.wire - http-outgoing-22 >> "  "desiredCapabilities": {[\n]"
12:52:53.680 [Forwarding newSession on session null to remote] DEBUG org.apache.http.wire - http-outgoing-22 >> "    "browserName": "chrome",[\n]"
12:52:53.680 [Forwarding newSession on session null to remote] DEBUG org.apache.http.wire - http-outgoing-22 >> "    "goog:chromeOptions": {[\n]"
12:52:53.680 [Forwarding newSession on session null to remote] DEBUG org.apache.http.wire - http-outgoing-22 >> "      "args": [],[\n]"
12:52:53.680 [Forwarding newSession on session null to remote] DEBUG org.apache.http.wire - http-outgoing-22 >> "      "extensions": [][\n]"
12:52:53.680 [Forwarding newSession on session null to remote] DEBUG org.apache.http.wire - http-outgoing-22 >> "    }[\n]"
12:52:53.680 [Forwarding newSession on session null to remote] DEBUG org.apache.http.wire - http-outgoing-22 >> "  },[\n]"
12:52:53.680 [Forwarding newSession on session null to remote] DEBUG org.apache.http.wire - http-outgoing-22 >> "  "requiredCapabilities": {},[\n]"
12:52:53.680 [Forwarding newSession on session null to remote] DEBUG org.apache.http.wire - http-outgoing-22 >> "  "capabilities": {[\n]"
12:52:53.680 [Forwarding newSession on session null to remote] DEBUG org.apache.http.wire - http-outgoing-22 >> "    "desiredCapabilities": {[\n]"
12:52:53.680 [Forwarding newSession on session null to remote] DEBUG org.apache.http.wire - http-outgoing-22 >> "      "browserName": "chrome",[\n]"
12:52:53.680 [Forwarding newSession on session null to remote] DEBUG org.apache.http.wire - http-outgoing-22 >> "      "goog:chromeOptions": {[\n]"
12:52:53.680 [Forwarding newSession on session null to remote] DEBUG org.apache.http.wire - http-outgoing-22 >> "        "args": [],[\n]"
12:52:53.680 [Forwarding newSession on session null to remote] DEBUG org.apache.http.wire - http-outgoing-22 >> "        "extensions": [][\n]"
12:52:53.680 [Forwarding newSession on session null to remote] DEBUG org.apache.http.wire - http-outgoing-22 >> "      }[\n]"
12:52:53.680 [Forwarding newSession on session null to remote] DEBUG org.apache.http.wire - http-outgoing-22 >> "    },[\n]"
12:52:53.680 [Forwarding newSession on session null to remote] DEBUG org.apache.http.wire - http-outgoing-22 >> "    "requiredCapabilities": {},[\n]"
12:52:53.680 [Forwarding newSession on session null to remote] DEBUG org.apache.http.wire - http-outgoing-22 >> "    "alwaysMatch": {[\n]"
12:52:53.680 [Forwarding newSession on session null to remote] DEBUG org.apache.http.wire - http-outgoing-22 >> "      "goog:chromeOptions": {[\n]"
12:52:53.680 [Forwarding newSession on session null to remote] DEBUG org.apache.http.wire - http-outgoing-22 >> "        "args": [],[\n]"
12:52:53.680 [Forwarding newSession on session null to remote] DEBUG org.apache.http.wire - http-outgoing-22 >> "        "extensions": [][\n]"
12:52:53.680 [Forwarding newSession on session null to remote] DEBUG org.apache.http.wire - http-outgoing-22 >> "      }[\n]"
12:52:53.680 [Forwarding newSession on session null to remote] DEBUG org.apache.http.wire - http-outgoing-22 >> "    },[\n]"
12:52:53.680 [Forwarding newSession on session null to remote] DEBUG org.apache.http.wire - http-outgoing-22 >> "    "firstMatch": [[\n]"
12:52:53.680 [Forwarding newSession on session null to remote] DEBUG org.apache.http.wire - http-outgoing-22 >> "      {[\n]"
12:52:53.680 [Forwarding newSession on session null to remote] DEBUG org.apache.http.wire - http-outgoing-22 >> "        "browserName": "chrome"[\n]"
12:52:53.680 [Forwarding newSession on session null to remote] DEBUG org.apache.http.wire - http-outgoing-22 >> "      }[\n]"
12:52:53.680 [Forwarding newSession on session null to remote] DEBUG org.apache.http.wire - http-outgoing-22 >> "    ][\n]"
12:52:53.680 [Forwarding newSession on session null to remote] DEBUG org.apache.http.wire - http-outgoing-22 >> "  }[\n]"
12:52:53.680 [Forwarding newSession on session null to remote] DEBUG org.apache.http.wire - http-outgoing-22 >> "}"
12:52:54.333 [Forwarding newSession on session null to remote] DEBUG org.apache.http.wire - http-outgoing-22 << "HTTP/1.1 200 OK[\r][\n]"
12:52:54.333 [Forwarding newSession on session null to remote] DEBUG org.apache.http.wire - http-outgoing-22 << "Content-Length:690[\r][\n]"
12:52:54.333 [Forwarding newSession on session null to remote] DEBUG org.apache.http.wire - http-outgoing-22 << "Content-Type:application/json; charset=utf-8[\r][\n]"
12:52:54.333 [Forwarding newSession on session null to remote] DEBUG org.apache.http.wire - http-outgoing-22 << "cache-control:no-cache[\r][\n]"
12:52:54.333 [Forwarding newSession on session null to remote] DEBUG org.apache.http.wire - http-outgoing-22 << "[\r][\n]"
12:52:54.333 [Forwarding newSession on session null to remote] DEBUG org.apache.http.wire - http-outgoing-22 << "{"value":{"capabilities":{"acceptInsecureCerts":false,"browserName":"chrome","browserVersion":"80.0.3987.149","chrome":{"chromedriverVersion":"80.0.3987.106 (f68069574609230cf9b635cd784cfb1bf81bb53a-refs/branch-heads/3987@{#882})","userDataDir":"/var/folders/fs/0qxrqb5x7zg5dtqrhc9t0clm0000gn/T/.com.google.Chrome.LCf6xz"},"goog:chromeOptions":{"debuggerAddress":"localhost:61136"},"networkConnectionEnabled":false,"pageLoadStrategy":"normal","platformName":"mac os x","proxy":{},"setWindowRect":true,"strictFileInteractability":false,"timeouts":{"implicit":0,"pageLoad":300000,"script":30000},"unhandledPromptBehavior":"dismiss and notify"},"sessionId":"26291947382dabd69fa0e56bc6d49c56"}}"
12:52:54.333 [Forwarding newSession on session null to remote] DEBUG org.apache.http.headers - http-outgoing-22 << HTTP/1.1 200 OK
12:52:54.333 [Forwarding newSession on session null to remote] DEBUG org.apache.http.headers - http-outgoing-22 << Content-Length:690
12:52:54.333 [Forwarding newSession on session null to remote] DEBUG org.apache.http.headers - http-outgoing-22 << Content-Type:application/json; charset=utf-8
12:52:54.333 [Forwarding newSession on session null to remote] DEBUG org.apache.http.headers - http-outgoing-22 << cache-control:no-cache
12:52:54.333 [Forwarding newSession on session null to remote] DEBUG org.apache.http.impl.execchain.MainClientExec - Connection can be kept alive indefinitely
12:52:54.333 [Forwarding newSession on session null to remote] DEBUG org.apache.http.impl.conn.PoolingHttpClientConnectionManager - Connection [id: 22][route: {}->http://localhost:27873] can be kept alive indefinitely
12:52:54.333 [Forwarding newSession on session null to remote] DEBUG org.apache.http.impl.conn.PoolingHttpClientConnectionManager - Connection released: [id: 22][route: {}->http://localhost:27873][total kept alive: 5; route allocated: 1 of 2000; total allocated: 5 of 2000]
12:52:54.335 [Forwarding get on session 26291947382dabd69fa0e56bc6d49c56 to remote] DEBUG org.apache.http.client.protocol.RequestAddCookies - CookieSpec selected: default
12:52:54.335 [Forwarding get on session 26291947382dabd69fa0e56bc6d49c56 to remote] DEBUG org.apache.http.client.protocol.RequestAuthCache - Auth cache not set in the context
12:52:54.335 [Forwarding get on session 26291947382dabd69fa0e56bc6d49c56 to remote] DEBUG org.apache.http.impl.conn.PoolingHttpClientConnectionManager - Connection request: [route: {}->http://localhost:27873][total kept alive: 5; route allocated: 1 of 2000; total allocated: 5 of 2000]
12:52:54.335 [Forwarding get on session 26291947382dabd69fa0e56bc6d49c56 to remote] DEBUG org.apache.http.impl.conn.PoolingHttpClientConnectionManager - Connection leased: [id: 22][route: {}->http://localhost:27873][total kept alive: 4; route allocated: 1 of 2000; total allocated: 5 of 2000]
12:52:54.335 [Forwarding get on session 26291947382dabd69fa0e56bc6d49c56 to remote] DEBUG org.apache.http.impl.execchain.MainClientExec - Stale connection check
12:52:54.336 [Forwarding get on session 26291947382dabd69fa0e56bc6d49c56 to remote] DEBUG org.apache.http.wire - http-outgoing-22 << "[read] I/O error: Read timed out"
12:52:54.336 [Forwarding get on session 26291947382dabd69fa0e56bc6d49c56 to remote] DEBUG org.apache.http.impl.conn.DefaultManagedHttpClientConnection - http-outgoing-22: set socket timeout to 10800000
12:52:54.336 [Forwarding get on session 26291947382dabd69fa0e56bc6d49c56 to remote] DEBUG org.apache.http.impl.execchain.MainClientExec - Executing request POST /session/26291947382dabd69fa0e56bc6d49c56/url HTTP/1.1
12:52:54.336 [Forwarding get on session 26291947382dabd69fa0e56bc6d49c56 to remote] DEBUG org.apache.http.impl.execchain.MainClientExec - Target auth state: UNCHALLENGED
12:52:54.336 [Forwarding get on session 26291947382dabd69fa0e56bc6d49c56 to remote] DEBUG org.apache.http.impl.execchain.MainClientExec - Proxy auth state: UNCHALLENGED
12:52:54.336 [Forwarding get on session 26291947382dabd69fa0e56bc6d49c56 to remote] DEBUG org.apache.http.headers - http-outgoing-22 >> POST /session/26291947382dabd69fa0e56bc6d49c56/url HTTP/1.1
12:52:54.336 [Forwarding get on session 26291947382dabd69fa0e56bc6d49c56 to remote] DEBUG org.apache.http.headers - http-outgoing-22 >> Content-Type: application/json; charset=utf-8
12:52:54.336 [Forwarding get on session 26291947382dabd69fa0e56bc6d49c56 to remote] DEBUG org.apache.http.headers - http-outgoing-22 >> Content-Length: 33
12:52:54.336 [Forwarding get on session 26291947382dabd69fa0e56bc6d49c56 to remote] DEBUG org.apache.http.headers - http-outgoing-22 >> Host: localhost:27873
12:52:54.336 [Forwarding get on session 26291947382dabd69fa0e56bc6d49c56 to remote] DEBUG org.apache.http.headers - http-outgoing-22 >> Connection: Keep-Alive
12:52:54.336 [Forwarding get on session 26291947382dabd69fa0e56bc6d49c56 to remote] DEBUG org.apache.http.headers - http-outgoing-22 >> User-Agent: Apache-HttpClient/4.5.3 (Java/1.8.0_211)
12:52:54.336 [Forwarding get on session 26291947382dabd69fa0e56bc6d49c56 to remote] DEBUG org.apache.http.headers - http-outgoing-22 >> Accept-Encoding: gzip,deflate
12:52:54.336 [Forwarding get on session 26291947382dabd69fa0e56bc6d49c56 to remote] DEBUG org.apache.http.wire - http-outgoing-22 >> "POST /session/26291947382dabd69fa0e56bc6d49c56/url HTTP/1.1[\r][\n]"
12:52:54.336 [Forwarding get on session 26291947382dabd69fa0e56bc6d49c56 to remote] DEBUG org.apache.http.wire - http-outgoing-22 >> "Content-Type: application/json; charset=utf-8[\r][\n]"
12:52:54.336 [Forwarding get on session 26291947382dabd69fa0e56bc6d49c56 to remote] DEBUG org.apache.http.wire - http-outgoing-22 >> "Content-Length: 33[\r][\n]"
12:52:54.336 [Forwarding get on session 26291947382dabd69fa0e56bc6d49c56 to remote] DEBUG org.apache.http.wire - http-outgoing-22 >> "Host: localhost:27873[\r][\n]"
12:52:54.336 [Forwarding get on session 26291947382dabd69fa0e56bc6d49c56 to remote] DEBUG org.apache.http.wire - http-outgoing-22 >> "Connection: Keep-Alive[\r][\n]"
12:52:54.336 [Forwarding get on session 26291947382dabd69fa0e56bc6d49c56 to remote] DEBUG org.apache.http.wire - http-outgoing-22 >> "User-Agent: Apache-HttpClient/4.5.3 (Java/1.8.0_211)[\r][\n]"
12:52:54.336 [Forwarding get on session 26291947382dabd69fa0e56bc6d49c56 to remote] DEBUG org.apache.http.wire - http-outgoing-22 >> "Accept-Encoding: gzip,deflate[\r][\n]"
12:52:54.336 [Forwarding get on session 26291947382dabd69fa0e56bc6d49c56 to remote] DEBUG org.apache.http.wire - http-outgoing-22 >> "[\r][\n]"
12:52:54.336 [Forwarding get on session 26291947382dabd69fa0e56bc6d49c56 to remote] DEBUG org.apache.http.wire - http-outgoing-22 >> "{"url":"https://tronscan.org/#/"}"
12:52:57.393 [Forwarding get on session 26291947382dabd69fa0e56bc6d49c56 to remote] DEBUG org.apache.http.wire - http-outgoing-22 << "HTTP/1.1 200 OK[\r][\n]"
12:52:57.394 [Forwarding get on session 26291947382dabd69fa0e56bc6d49c56 to remote] DEBUG org.apache.http.wire - http-outgoing-22 << "Content-Length:14[\r][\n]"
12:52:57.394 [Forwarding get on session 26291947382dabd69fa0e56bc6d49c56 to remote] DEBUG org.apache.http.wire - http-outgoing-22 << "Content-Type:application/json; charset=utf-8[\r][\n]"
12:52:57.394 [Forwarding get on session 26291947382dabd69fa0e56bc6d49c56 to remote] DEBUG org.apache.http.wire - http-outgoing-22 << "cache-control:no-cache[\r][\n]"
12:52:57.394 [Forwarding get on session 26291947382dabd69fa0e56bc6d49c56 to remote] DEBUG org.apache.http.wire - http-outgoing-22 << "[\r][\n]"
12:52:57.394 [Forwarding get on session 26291947382dabd69fa0e56bc6d49c56 to remote] DEBUG org.apache.http.wire - http-outgoing-22 << "{"value":null}"
12:52:57.394 [Forwarding get on session 26291947382dabd69fa0e56bc6d49c56 to remote] DEBUG org.apache.http.headers - http-outgoing-22 << HTTP/1.1 200 OK
12:52:57.394 [Forwarding get on session 26291947382dabd69fa0e56bc6d49c56 to remote] DEBUG org.apache.http.headers - http-outgoing-22 << Content-Length:14
12:52:57.394 [Forwarding get on session 26291947382dabd69fa0e56bc6d49c56 to remote] DEBUG org.apache.http.headers - http-outgoing-22 << Content-Type:application/json; charset=utf-8
12:52:57.394 [Forwarding get on session 26291947382dabd69fa0e56bc6d49c56 to remote] DEBUG org.apache.http.headers - http-outgoing-22 << cache-control:no-cache
12:52:57.394 [Forwarding get on session 26291947382dabd69fa0e56bc6d49c56 to remote] DEBUG org.apache.http.impl.execchain.MainClientExec - Connection can be kept alive indefinitely
12:52:57.394 [Forwarding get on session 26291947382dabd69fa0e56bc6d49c56 to remote] DEBUG org.apache.http.impl.conn.PoolingHttpClientConnectionManager - Connection [id: 22][route: {}->http://localhost:27873] can be kept alive indefinitely
12:52:57.394 [Forwarding get on session 26291947382dabd69fa0e56bc6d49c56 to remote] DEBUG org.apache.http.impl.conn.PoolingHttpClientConnectionManager - Connection released: [id: 22][route: {}->http://localhost:27873][total kept alive: 5; route allocated: 1 of 2000; total allocated: 5 of 2000]
成功打开谷歌浏览器！
12:52:57.394 [Forwarding setTimeout on session 26291947382dabd69fa0e56bc6d49c56 to remote] DEBUG org.apache.http.client.protocol.RequestAddCookies - CookieSpec selected: default
12:52:57.394 [Forwarding setTimeout on session 26291947382dabd69fa0e56bc6d49c56 to remote] DEBUG org.apache.http.client.protocol.RequestAuthCache - Auth cache not set in the context
12:52:57.394 [Forwarding setTimeout on session 26291947382dabd69fa0e56bc6d49c56 to remote] DEBUG org.apache.http.impl.conn.PoolingHttpClientConnectionManager - Connection request: [route: {}->http://localhost:27873][total kept alive: 5; route allocated: 1 of 2000; total allocated: 5 of 2000]
12:52:57.394 [Forwarding setTimeout on session 26291947382dabd69fa0e56bc6d49c56 to remote] DEBUG org.apache.http.impl.conn.PoolingHttpClientConnectionManager - Connection leased: [id: 22][route: {}->http://localhost:27873][total kept alive: 4; route allocated: 1 of 2000; total allocated: 5 of 2000]
12:52:57.394 [Forwarding setTimeout on session 26291947382dabd69fa0e56bc6d49c56 to remote] DEBUG org.apache.http.impl.execchain.MainClientExec - Stale connection check
12:52:57.396 [Forwarding setTimeout on session 26291947382dabd69fa0e56bc6d49c56 to remote] DEBUG org.apache.http.wire - http-outgoing-22 << "[read] I/O error: Read timed out"
12:52:57.396 [Forwarding setTimeout on session 26291947382dabd69fa0e56bc6d49c56 to remote] DEBUG org.apache.http.impl.conn.DefaultManagedHttpClientConnection - http-outgoing-22: set socket timeout to 10800000
12:52:57.396 [Forwarding setTimeout on session 26291947382dabd69fa0e56bc6d49c56 to remote] DEBUG org.apache.http.impl.execchain.MainClientExec - Executing request POST /session/26291947382dabd69fa0e56bc6d49c56/timeouts HTTP/1.1
12:52:57.396 [Forwarding setTimeout on session 26291947382dabd69fa0e56bc6d49c56 to remote] DEBUG org.apache.http.impl.execchain.MainClientExec - Target auth state: UNCHALLENGED
12:52:57.396 [Forwarding setTimeout on session 26291947382dabd69fa0e56bc6d49c56 to remote] DEBUG org.apache.http.impl.execchain.MainClientExec - Proxy auth state: UNCHALLENGED
12:52:57.396 [Forwarding setTimeout on session 26291947382dabd69fa0e56bc6d49c56 to remote] DEBUG org.apache.http.headers - http-outgoing-22 >> POST /session/26291947382dabd69fa0e56bc6d49c56/timeouts HTTP/1.1
12:52:57.396 [Forwarding setTimeout on session 26291947382dabd69fa0e56bc6d49c56 to remote] DEBUG org.apache.http.headers - http-outgoing-22 >> Content-Type: application/json; charset=utf-8
12:52:57.396 [Forwarding setTimeout on session 26291947382dabd69fa0e56bc6d49c56 to remote] DEBUG org.apache.http.headers - http-outgoing-22 >> Content-Length: 18
12:52:57.396 [Forwarding setTimeout on session 26291947382dabd69fa0e56bc6d49c56 to remote] DEBUG org.apache.http.headers - http-outgoing-22 >> Host: localhost:27873
12:52:57.396 [Forwarding setTimeout on session 26291947382dabd69fa0e56bc6d49c56 to remote] DEBUG org.apache.http.headers - http-outgoing-22 >> Connection: Keep-Alive
12:52:57.396 [Forwarding setTimeout on session 26291947382dabd69fa0e56bc6d49c56 to remote] DEBUG org.apache.http.headers - http-outgoing-22 >> User-Agent: Apache-HttpClient/4.5.3 (Java/1.8.0_211)
12:52:57.396 [Forwarding setTimeout on session 26291947382dabd69fa0e56bc6d49c56 to remote] DEBUG org.apache.http.headers - http-outgoing-22 >> Accept-Encoding: gzip,deflate
12:52:57.396 [Forwarding setTimeout on session 26291947382dabd69fa0e56bc6d49c56 to remote] DEBUG org.apache.http.wire - http-outgoing-22 >> "POST /session/26291947382dabd69fa0e56bc6d49c56/timeouts HTTP/1.1[\r][\n]"
12:52:57.396 [Forwarding setTimeout on session 26291947382dabd69fa0e56bc6d49c56 to remote] DEBUG org.apache.http.wire - http-outgoing-22 >> "Content-Type: application/json; charset=utf-8[\r][\n]"
12:52:57.396 [Forwarding setTimeout on session 26291947382dabd69fa0e56bc6d49c56 to remote] DEBUG org.apache.http.wire - http-outgoing-22 >> "Content-Length: 18[\r][\n]"
12:52:57.396 [Forwarding setTimeout on session 26291947382dabd69fa0e56bc6d49c56 to remote] DEBUG org.apache.http.wire - http-outgoing-22 >> "Host: localhost:27873[\r][\n]"
12:52:57.396 [Forwarding setTimeout on session 26291947382dabd69fa0e56bc6d49c56 to remote] DEBUG org.apache.http.wire - http-outgoing-22 >> "Connection: Keep-Alive[\r][\n]"
12:52:57.396 [Forwarding setTimeout on session 26291947382dabd69fa0e56bc6d49c56 to remote] DEBUG org.apache.http.wire - http-outgoing-22 >> "User-Agent: Apache-HttpClient/4.5.3 (Java/1.8.0_211)[\r][\n]"
12:52:57.396 [Forwarding setTimeout on session 26291947382dabd69fa0e56bc6d49c56 to remote] DEBUG org.apache.http.wire - http-outgoing-22 >> "Accept-Encoding: gzip,deflate[\r][\n]"
12:52:57.396 [Forwarding setTimeout on session 26291947382dabd69fa0e56bc6d49c56 to remote] DEBUG org.apache.http.wire - http-outgoing-22 >> "[\r][\n]"
12:52:57.396 [Forwarding setTimeout on session 26291947382dabd69fa0e56bc6d49c56 to remote] DEBUG org.apache.http.wire - http-outgoing-22 >> "{"implicit":10000}"
12:52:57.396 [Forwarding setTimeout on session 26291947382dabd69fa0e56bc6d49c56 to remote] DEBUG org.apache.http.wire - http-outgoing-22 << "HTTP/1.1 200 OK[\r][\n]"
12:52:57.396 [Forwarding setTimeout on session 26291947382dabd69fa0e56bc6d49c56 to remote] DEBUG org.apache.http.wire - http-outgoing-22 << "Content-Length:14[\r][\n]"
12:52:57.396 [Forwarding setTimeout on session 26291947382dabd69fa0e56bc6d49c56 to remote] DEBUG org.apache.http.wire - http-outgoing-22 << "Content-Type:application/json; charset=utf-8[\r][\n]"
12:52:57.396 [Forwarding setTimeout on session 26291947382dabd69fa0e56bc6d49c56 to remote] DEBUG org.apache.http.wire - http-outgoing-22 << "cache-control:no-cache[\r][\n]"
12:52:57.396 [Forwarding setTimeout on session 26291947382dabd69fa0e56bc6d49c56 to remote] DEBUG org.apache.http.wire - http-outgoing-22 << "[\r][\n]"
12:52:57.396 [Forwarding setTimeout on session 26291947382dabd69fa0e56bc6d49c56 to remote] DEBUG org.apache.http.wire - http-outgoing-22 << "{"value":null}"
12:52:57.396 [Forwarding setTimeout on session 26291947382dabd69fa0e56bc6d49c56 to remote] DEBUG org.apache.http.headers - http-outgoing-22 << HTTP/1.1 200 OK
12:52:57.396 [Forwarding setTimeout on session 26291947382dabd69fa0e56bc6d49c56 to remote] DEBUG org.apache.http.headers - http-outgoing-22 << Content-Length:14
12:52:57.396 [Forwarding setTimeout on session 26291947382dabd69fa0e56bc6d49c56 to remote] DEBUG org.apache.http.headers - http-outgoing-22 << Content-Type:application/json; charset=utf-8
12:52:57.396 [Forwarding setTimeout on session 26291947382dabd69fa0e56bc6d49c56 to remote] DEBUG org.apache.http.headers - http-outgoing-22 << cache-control:no-cache
12:52:57.396 [Forwarding setTimeout on session 26291947382dabd69fa0e56bc6d49c56 to remote] DEBUG org.apache.http.impl.execchain.MainClientExec - Connection can be kept alive indefinitely
12:52:57.396 [Forwarding setTimeout on session 26291947382dabd69fa0e56bc6d49c56 to remote] DEBUG org.apache.http.impl.conn.PoolingHttpClientConnectionManager - Connection [id: 22][route: {}->http://localhost:27873] can be kept alive indefinitely
12:52:57.396 [Forwarding setTimeout on session 26291947382dabd69fa0e56bc6d49c56 to remote] DEBUG org.apache.http.impl.conn.PoolingHttpClientConnectionManager - Connection released: [id: 22][route: {}->http://localhost:27873][total kept alive: 5; route allocated: 1 of 2000; total allocated: 5 of 2000]
LOGIN
12:52:57.398 [Forwarding setCurrentWindowSize on session 26291947382dabd69fa0e56bc6d49c56 to remote] DEBUG org.apache.http.client.protocol.RequestAddCookies - CookieSpec selected: default
12:52:57.398 [Forwarding setCurrentWindowSize on session 26291947382dabd69fa0e56bc6d49c56 to remote] DEBUG org.apache.http.client.protocol.RequestAuthCache - Auth cache not set in the context
12:52:57.398 [Forwarding setCurrentWindowSize on session 26291947382dabd69fa0e56bc6d49c56 to remote] DEBUG org.apache.http.impl.conn.PoolingHttpClientConnectionManager - Connection request: [route: {}->http://localhost:27873][total kept alive: 5; route allocated: 1 of 2000; total allocated: 5 of 2000]
12:52:57.398 [Forwarding setCurrentWindowSize on session 26291947382dabd69fa0e56bc6d49c56 to remote] DEBUG org.apache.http.impl.conn.PoolingHttpClientConnectionManager - Connection leased: [id: 22][route: {}->http://localhost:27873][total kept alive: 4; route allocated: 1 of 2000; total allocated: 5 of 2000]
12:52:57.398 [Forwarding setCurrentWindowSize on session 26291947382dabd69fa0e56bc6d49c56 to remote] DEBUG org.apache.http.impl.execchain.MainClientExec - Stale connection check
12:52:57.399 [Forwarding setCurrentWindowSize on session 26291947382dabd69fa0e56bc6d49c56 to remote] DEBUG org.apache.http.wire - http-outgoing-22 << "[read] I/O error: Read timed out"
12:52:57.399 [Forwarding setCurrentWindowSize on session 26291947382dabd69fa0e56bc6d49c56 to remote] DEBUG org.apache.http.impl.conn.DefaultManagedHttpClientConnection - http-outgoing-22: set socket timeout to 10800000
12:52:57.399 [Forwarding setCurrentWindowSize on session 26291947382dabd69fa0e56bc6d49c56 to remote] DEBUG org.apache.http.impl.execchain.MainClientExec - Executing request POST /session/26291947382dabd69fa0e56bc6d49c56/window/rect HTTP/1.1
12:52:57.399 [Forwarding setCurrentWindowSize on session 26291947382dabd69fa0e56bc6d49c56 to remote] DEBUG org.apache.http.impl.execchain.MainClientExec - Target auth state: UNCHALLENGED
12:52:57.399 [Forwarding setCurrentWindowSize on session 26291947382dabd69fa0e56bc6d49c56 to remote] DEBUG org.apache.http.impl.execchain.MainClientExec - Proxy auth state: UNCHALLENGED
12:52:57.399 [Forwarding setCurrentWindowSize on session 26291947382dabd69fa0e56bc6d49c56 to remote] DEBUG org.apache.http.headers - http-outgoing-22 >> POST /session/26291947382dabd69fa0e56bc6d49c56/window/rect HTTP/1.1
12:52:57.399 [Forwarding setCurrentWindowSize on session 26291947382dabd69fa0e56bc6d49c56 to remote] DEBUG org.apache.http.headers - http-outgoing-22 >> Content-Type: application/json; charset=utf-8
12:52:57.399 [Forwarding setCurrentWindowSize on session 26291947382dabd69fa0e56bc6d49c56 to remote] DEBUG org.apache.http.headers - http-outgoing-22 >> Content-Length: 28
12:52:57.399 [Forwarding setCurrentWindowSize on session 26291947382dabd69fa0e56bc6d49c56 to remote] DEBUG org.apache.http.headers - http-outgoing-22 >> Host: localhost:27873
12:52:57.399 [Forwarding setCurrentWindowSize on session 26291947382dabd69fa0e56bc6d49c56 to remote] DEBUG org.apache.http.headers - http-outgoing-22 >> Connection: Keep-Alive
12:52:57.399 [Forwarding setCurrentWindowSize on session 26291947382dabd69fa0e56bc6d49c56 to remote] DEBUG org.apache.http.headers - http-outgoing-22 >> User-Agent: Apache-HttpClient/4.5.3 (Java/1.8.0_211)
12:52:57.399 [Forwarding setCurrentWindowSize on session 26291947382dabd69fa0e56bc6d49c56 to remote] DEBUG org.apache.http.headers - http-outgoing-22 >> Accept-Encoding: gzip,deflate
12:52:57.399 [Forwarding setCurrentWindowSize on session 26291947382dabd69fa0e56bc6d49c56 to remote] DEBUG org.apache.http.wire - http-outgoing-22 >> "POST /session/26291947382dabd69fa0e56bc6d49c56/window/rect HTTP/1.1[\r][\n]"
12:52:57.399 [Forwarding setCurrentWindowSize on session 26291947382dabd69fa0e56bc6d49c56 to remote] DEBUG org.apache.http.wire - http-outgoing-22 >> "Content-Type: application/json; charset=utf-8[\r][\n]"
12:52:57.399 [Forwarding setCurrentWindowSize on session 26291947382dabd69fa0e56bc6d49c56 to remote] DEBUG org.apache.http.wire - http-outgoing-22 >> "Content-Length: 28[\r][\n]"
12:52:57.399 [Forwarding setCurrentWindowSize on session 26291947382dabd69fa0e56bc6d49c56 to remote] DEBUG org.apache.http.wire - http-outgoing-22 >> "Host: localhost:27873[\r][\n]"
12:52:57.399 [Forwarding setCurrentWindowSize on session 26291947382dabd69fa0e56bc6d49c56 to remote] DEBUG org.apache.http.wire - http-outgoing-22 >> "Connection: Keep-Alive[\r][\n]"
12:52:57.399 [Forwarding setCurrentWindowSize on session 26291947382dabd69fa0e56bc6d49c56 to remote] DEBUG org.apache.http.wire - http-outgoing-22 >> "User-Agent: Apache-HttpClient/4.5.3 (Java/1.8.0_211)[\r][\n]"
12:52:57.399 [Forwarding setCurrentWindowSize on session 26291947382dabd69fa0e56bc6d49c56 to remote] DEBUG org.apache.http.wire - http-outgoing-22 >> "Accept-Encoding: gzip,deflate[\r][\n]"
12:52:57.399 [Forwarding setCurrentWindowSize on session 26291947382dabd69fa0e56bc6d49c56 to remote] DEBUG org.apache.http.wire - http-outgoing-22 >> "[\r][\n]"
12:52:57.399 [Forwarding setCurrentWindowSize on session 26291947382dabd69fa0e56bc6d49c56 to remote] DEBUG org.apache.http.wire - http-outgoing-22 >> "{"width":2560,"height":1440}"
12:52:57.555 [Forwarding setCurrentWindowSize on session 26291947382dabd69fa0e56bc6d49c56 to remote] DEBUG org.apache.http.wire - http-outgoing-22 << "HTTP/1.1 200 OK[\r][\n]"
12:52:57.555 [Forwarding setCurrentWindowSize on session 26291947382dabd69fa0e56bc6d49c56 to remote] DEBUG org.apache.http.wire - http-outgoing-22 << "Content-Length:52[\r][\n]"
12:52:57.555 [Forwarding setCurrentWindowSize on session 26291947382dabd69fa0e56bc6d49c56 to remote] DEBUG org.apache.http.wire - http-outgoing-22 << "Content-Type:application/json; charset=utf-8[\r][\n]"
12:52:57.555 [Forwarding setCurrentWindowSize on session 26291947382dabd69fa0e56bc6d49c56 to remote] DEBUG org.apache.http.wire - http-outgoing-22 << "cache-control:no-cache[\r][\n]"
12:52:57.555 [Forwarding setCurrentWindowSize on session 26291947382dabd69fa0e56bc6d49c56 to remote] DEBUG org.apache.http.wire - http-outgoing-22 << "[\r][\n]"
12:52:57.555 [Forwarding setCurrentWindowSize on session 26291947382dabd69fa0e56bc6d49c56 to remote] DEBUG org.apache.http.wire - http-outgoing-22 << "{"value":{"height":1366,"width":2560,"x":22,"y":23}}"
12:52:57.555 [Forwarding setCurrentWindowSize on session 26291947382dabd69fa0e56bc6d49c56 to remote] DEBUG org.apache.http.headers - http-outgoing-22 << HTTP/1.1 200 OK
12:52:57.555 [Forwarding setCurrentWindowSize on session 26291947382dabd69fa0e56bc6d49c56 to remote] DEBUG org.apache.http.headers - http-outgoing-22 << Content-Length:52
12:52:57.555 [Forwarding setCurrentWindowSize on session 26291947382dabd69fa0e56bc6d49c56 to remote] DEBUG org.apache.http.headers - http-outgoing-22 << Content-Type:application/json; charset=utf-8
12:52:57.555 [Forwarding setCurrentWindowSize on session 26291947382dabd69fa0e56bc6d49c56 to remote] DEBUG org.apache.http.headers - http-outgoing-22 << cache-control:no-cache
12:52:57.555 [Forwarding setCurrentWindowSize on session 26291947382dabd69fa0e56bc6d49c56 to remote] DEBUG org.apache.http.impl.execchain.MainClientExec - Connection can be kept alive indefinitely
12:52:57.555 [Forwarding setCurrentWindowSize on session 26291947382dabd69fa0e56bc6d49c56 to remote] DEBUG org.apache.http.impl.conn.PoolingHttpClientConnectionManager - Connection [id: 22][route: {}->http://localhost:27873] can be kept alive indefinitely
12:52:57.555 [Forwarding setCurrentWindowSize on session 26291947382dabd69fa0e56bc6d49c56 to remote] DEBUG org.apache.http.impl.conn.PoolingHttpClientConnectionManager - Connection released: [id: 22][route: {}->http://localhost:27873][total kept alive: 5; route allocated: 1 of 2000; total allocated: 5 of 2000]
12:52:57.760 [Forwarding findElement on session 26291947382dabd69fa0e56bc6d49c56 to remote] DEBUG org.apache.http.client.protocol.RequestAddCookies - CookieSpec selected: default
12:52:57.760 [Forwarding findElement on session 26291947382dabd69fa0e56bc6d49c56 to remote] DEBUG org.apache.http.client.protocol.RequestAuthCache - Auth cache not set in the context
12:52:57.760 [Forwarding findElement on session 26291947382dabd69fa0e56bc6d49c56 to remote] DEBUG org.apache.http.impl.conn.PoolingHttpClientConnectionManager - Connection request: [route: {}->http://localhost:27873][total kept alive: 5; route allocated: 1 of 2000; total allocated: 5 of 2000]
12:52:57.760 [Forwarding findElement on session 26291947382dabd69fa0e56bc6d49c56 to remote] DEBUG org.apache.http.impl.conn.PoolingHttpClientConnectionManager - Connection leased: [id: 22][route: {}->http://localhost:27873][total kept alive: 4; route allocated: 1 of 2000; total allocated: 5 of 2000]
12:52:57.760 [Forwarding findElement on session 26291947382dabd69fa0e56bc6d49c56 to remote] DEBUG org.apache.http.impl.execchain.MainClientExec - Stale connection check
12:52:57.761 [Forwarding findElement on session 26291947382dabd69fa0e56bc6d49c56 to remote] DEBUG org.apache.http.wire - http-outgoing-22 << "[read] I/O error: Read timed out"
12:52:57.761 [Forwarding findElement on session 26291947382dabd69fa0e56bc6d49c56 to remote] DEBUG org.apache.http.impl.conn.DefaultManagedHttpClientConnection - http-outgoing-22: set socket timeout to 10800000
12:52:57.761 [Forwarding findElement on session 26291947382dabd69fa0e56bc6d49c56 to remote] DEBUG org.apache.http.impl.execchain.MainClientExec - Executing request POST /session/26291947382dabd69fa0e56bc6d49c56/element HTTP/1.1
12:52:57.761 [Forwarding findElement on session 26291947382dabd69fa0e56bc6d49c56 to remote] DEBUG org.apache.http.impl.execchain.MainClientExec - Target auth state: UNCHALLENGED
12:52:57.761 [Forwarding findElement on session 26291947382dabd69fa0e56bc6d49c56 to remote] DEBUG org.apache.http.impl.execchain.MainClientExec - Proxy auth state: UNCHALLENGED
12:52:57.761 [Forwarding findElement on session 26291947382dabd69fa0e56bc6d49c56 to remote] DEBUG org.apache.http.headers - http-outgoing-22 >> POST /session/26291947382dabd69fa0e56bc6d49c56/element HTTP/1.1
12:52:57.761 [Forwarding findElement on session 26291947382dabd69fa0e56bc6d49c56 to remote] DEBUG org.apache.http.headers - http-outgoing-22 >> Content-Type: application/json; charset=utf-8
12:52:57.761 [Forwarding findElement on session 26291947382dabd69fa0e56bc6d49c56 to remote] DEBUG org.apache.http.headers - http-outgoing-22 >> Content-Length: 58
12:52:57.761 [Forwarding findElement on session 26291947382dabd69fa0e56bc6d49c56 to remote] DEBUG org.apache.http.headers - http-outgoing-22 >> Host: localhost:27873
12:52:57.762 [Forwarding findElement on session 26291947382dabd69fa0e56bc6d49c56 to remote] DEBUG org.apache.http.headers - http-outgoing-22 >> Connection: Keep-Alive
12:52:57.762 [Forwarding findElement on session 26291947382dabd69fa0e56bc6d49c56 to remote] DEBUG org.apache.http.headers - http-outgoing-22 >> User-Agent: Apache-HttpClient/4.5.3 (Java/1.8.0_211)
12:52:57.762 [Forwarding findElement on session 26291947382dabd69fa0e56bc6d49c56 to remote] DEBUG org.apache.http.headers - http-outgoing-22 >> Accept-Encoding: gzip,deflate
12:52:57.762 [Forwarding findElement on session 26291947382dabd69fa0e56bc6d49c56 to remote] DEBUG org.apache.http.wire - http-outgoing-22 >> "POST /session/26291947382dabd69fa0e56bc6d49c56/element HTTP/1.1[\r][\n]"
12:52:57.762 [Forwarding findElement on session 26291947382dabd69fa0e56bc6d49c56 to remote] DEBUG org.apache.http.wire - http-outgoing-22 >> "Content-Type: application/json; charset=utf-8[\r][\n]"
12:52:57.762 [Forwarding findElement on session 26291947382dabd69fa0e56bc6d49c56 to remote] DEBUG org.apache.http.wire - http-outgoing-22 >> "Content-Length: 58[\r][\n]"
12:52:57.762 [Forwarding findElement on session 26291947382dabd69fa0e56bc6d49c56 to remote] DEBUG org.apache.http.wire - http-outgoing-22 >> "Host: localhost:27873[\r][\n]"
12:52:57.762 [Forwarding findElement on session 26291947382dabd69fa0e56bc6d49c56 to remote] DEBUG org.apache.http.wire - http-outgoing-22 >> "Connection: Keep-Alive[\r][\n]"
12:52:57.762 [Forwarding findElement on session 26291947382dabd69fa0e56bc6d49c56 to remote] DEBUG org.apache.http.wire - http-outgoing-22 >> "User-Agent: Apache-HttpClient/4.5.3 (Java/1.8.0_211)[\r][\n]"
12:52:57.762 [Forwarding findElement on session 26291947382dabd69fa0e56bc6d49c56 to remote] DEBUG org.apache.http.wire - http-outgoing-22 >> "Accept-Encoding: gzip,deflate[\r][\n]"
12:52:57.762 [Forwarding findElement on session 26291947382dabd69fa0e56bc6d49c56 to remote] DEBUG org.apache.http.wire - http-outgoing-22 >> "[\r][\n]"
12:52:57.762 [Forwarding findElement on session 26291947382dabd69fa0e56bc6d49c56 to remote] DEBUG org.apache.http.wire - http-outgoing-22 >> "{"value":".dropdown-toggle > span","using":"css selector"}"
12:52:57.767 [Forwarding findElement on session 26291947382dabd69fa0e56bc6d49c56 to remote] DEBUG org.apache.http.wire - http-outgoing-22 << "HTTP/1.1 200 OK[\r][\n]"
12:52:57.767 [Forwarding findElement on session 26291947382dabd69fa0e56bc6d49c56 to remote] DEBUG org.apache.http.wire - http-outgoing-22 << "Content-Length:88[\r][\n]"
12:52:57.767 [Forwarding findElement on session 26291947382dabd69fa0e56bc6d49c56 to remote] DEBUG org.apache.http.wire - http-outgoing-22 << "Content-Type:application/json; charset=utf-8[\r][\n]"
12:52:57.767 [Forwarding findElement on session 26291947382dabd69fa0e56bc6d49c56 to remote] DEBUG org.apache.http.wire - http-outgoing-22 << "cache-control:no-cache[\r][\n]"
12:52:57.768 [Forwarding findElement on session 26291947382dabd69fa0e56bc6d49c56 to remote] DEBUG org.apache.http.wire - http-outgoing-22 << "[\r][\n]"
12:52:57.768 [Forwarding findElement on session 26291947382dabd69fa0e56bc6d49c56 to remote] DEBUG org.apache.http.wire - http-outgoing-22 << "{"value":{"element-6066-11e4-a52e-4f735466cecf":"5d1a2efb-dbd6-41cb-918b-122fdc5bade0"}}"
12:52:57.768 [Forwarding findElement on session 26291947382dabd69fa0e56bc6d49c56 to remote] DEBUG org.apache.http.headers - http-outgoing-22 << HTTP/1.1 200 OK
12:52:57.768 [Forwarding findElement on session 26291947382dabd69fa0e56bc6d49c56 to remote] DEBUG org.apache.http.headers - http-outgoing-22 << Content-Length:88
12:52:57.768 [Forwarding findElement on session 26291947382dabd69fa0e56bc6d49c56 to remote] DEBUG org.apache.http.headers - http-outgoing-22 << Content-Type:application/json; charset=utf-8
12:52:57.768 [Forwarding findElement on session 26291947382dabd69fa0e56bc6d49c56 to remote] DEBUG org.apache.http.headers - http-outgoing-22 << cache-control:no-cache
12:52:57.768 [Forwarding findElement on session 26291947382dabd69fa0e56bc6d49c56 to remote] DEBUG org.apache.http.impl.execchain.MainClientExec - Connection can be kept alive indefinitely
12:52:57.768 [Forwarding findElement on session 26291947382dabd69fa0e56bc6d49c56 to remote] DEBUG org.apache.http.impl.conn.PoolingHttpClientConnectionManager - Connection [id: 22][route: {}->http://localhost:27873] can be kept alive indefinitely
12:52:57.768 [Forwarding findElement on session 26291947382dabd69fa0e56bc6d49c56 to remote] DEBUG org.apache.http.impl.conn.PoolingHttpClientConnectionManager - Connection released: [id: 22][route: {}->http://localhost:27873][total kept alive: 5; route allocated: 1 of 2000; total allocated: 5 of 2000]
12:52:57.769 [Forwarding actions on session 26291947382dabd69fa0e56bc6d49c56 to remote] DEBUG org.apache.http.client.protocol.RequestAddCookies - CookieSpec selected: default
12:52:57.769 [Forwarding actions on session 26291947382dabd69fa0e56bc6d49c56 to remote] DEBUG org.apache.http.client.protocol.RequestAuthCache - Auth cache not set in the context
12:52:57.769 [Forwarding actions on session 26291947382dabd69fa0e56bc6d49c56 to remote] DEBUG org.apache.http.impl.conn.PoolingHttpClientConnectionManager - Connection request: [route: {}->http://localhost:27873][total kept alive: 5; route allocated: 1 of 2000; total allocated: 5 of 2000]
12:52:57.769 [Forwarding actions on session 26291947382dabd69fa0e56bc6d49c56 to remote] DEBUG org.apache.http.impl.conn.PoolingHttpClientConnectionManager - Connection leased: [id: 22][route: {}->http://localhost:27873][total kept alive: 4; route allocated: 1 of 2000; total allocated: 5 of 2000]
12:52:57.769 [Forwarding actions on session 26291947382dabd69fa0e56bc6d49c56 to remote] DEBUG org.apache.http.impl.execchain.MainClientExec - Stale connection check
12:52:57.770 [Forwarding actions on session 26291947382dabd69fa0e56bc6d49c56 to remote] DEBUG org.apache.http.wire - http-outgoing-22 << "[read] I/O error: Read timed out"
12:52:57.770 [Forwarding actions on session 26291947382dabd69fa0e56bc6d49c56 to remote] DEBUG org.apache.http.impl.conn.DefaultManagedHttpClientConnection - http-outgoing-22: set socket timeout to 10800000
12:52:57.770 [Forwarding actions on session 26291947382dabd69fa0e56bc6d49c56 to remote] DEBUG org.apache.http.impl.execchain.MainClientExec - Executing request POST /session/26291947382dabd69fa0e56bc6d49c56/actions HTTP/1.1
12:52:57.770 [Forwarding actions on session 26291947382dabd69fa0e56bc6d49c56 to remote] DEBUG org.apache.http.impl.execchain.MainClientExec - Target auth state: UNCHALLENGED
12:52:57.770 [Forwarding actions on session 26291947382dabd69fa0e56bc6d49c56 to remote] DEBUG org.apache.http.impl.execchain.MainClientExec - Proxy auth state: UNCHALLENGED
12:52:57.770 [Forwarding actions on session 26291947382dabd69fa0e56bc6d49c56 to remote] DEBUG org.apache.http.headers - http-outgoing-22 >> POST /session/26291947382dabd69fa0e56bc6d49c56/actions HTTP/1.1
12:52:57.770 [Forwarding actions on session 26291947382dabd69fa0e56bc6d49c56 to remote] DEBUG org.apache.http.headers - http-outgoing-22 >> Content-Type: application/json; charset=utf-8
12:52:57.770 [Forwarding actions on session 26291947382dabd69fa0e56bc6d49c56 to remote] DEBUG org.apache.http.headers - http-outgoing-22 >> Content-Length: 289
12:52:57.770 [Forwarding actions on session 26291947382dabd69fa0e56bc6d49c56 to remote] DEBUG org.apache.http.headers - http-outgoing-22 >> Host: localhost:27873
12:52:57.770 [Forwarding actions on session 26291947382dabd69fa0e56bc6d49c56 to remote] DEBUG org.apache.http.headers - http-outgoing-22 >> Connection: Keep-Alive
12:52:57.770 [Forwarding actions on session 26291947382dabd69fa0e56bc6d49c56 to remote] DEBUG org.apache.http.headers - http-outgoing-22 >> User-Agent: Apache-HttpClient/4.5.3 (Java/1.8.0_211)
12:52:57.770 [Forwarding actions on session 26291947382dabd69fa0e56bc6d49c56 to remote] DEBUG org.apache.http.headers - http-outgoing-22 >> Accept-Encoding: gzip,deflate
12:52:57.770 [Forwarding actions on session 26291947382dabd69fa0e56bc6d49c56 to remote] DEBUG org.apache.http.wire - http-outgoing-22 >> "POST /session/26291947382dabd69fa0e56bc6d49c56/actions HTTP/1.1[\r][\n]"
12:52:57.770 [Forwarding actions on session 26291947382dabd69fa0e56bc6d49c56 to remote] DEBUG org.apache.http.wire - http-outgoing-22 >> "Content-Type: application/json; charset=utf-8[\r][\n]"
12:52:57.770 [Forwarding actions on session 26291947382dabd69fa0e56bc6d49c56 to remote] DEBUG org.apache.http.wire - http-outgoing-22 >> "Content-Length: 289[\r][\n]"
12:52:57.770 [Forwarding actions on session 26291947382dabd69fa0e56bc6d49c56 to remote] DEBUG org.apache.http.wire - http-outgoing-22 >> "Host: localhost:27873[\r][\n]"
12:52:57.770 [Forwarding actions on session 26291947382dabd69fa0e56bc6d49c56 to remote] DEBUG org.apache.http.wire - http-outgoing-22 >> "Connection: Keep-Alive[\r][\n]"
12:52:57.770 [Forwarding actions on session 26291947382dabd69fa0e56bc6d49c56 to remote] DEBUG org.apache.http.wire - http-outgoing-22 >> "User-Agent: Apache-HttpClient/4.5.3 (Java/1.8.0_211)[\r][\n]"
12:52:57.770 [Forwarding actions on session 26291947382dabd69fa0e56bc6d49c56 to remote] DEBUG org.apache.http.wire - http-outgoing-22 >> "Accept-Encoding: gzip,deflate[\r][\n]"
12:52:57.770 [Forwarding actions on session 26291947382dabd69fa0e56bc6d49c56 to remote] DEBUG org.apache.http.wire - http-outgoing-22 >> "[\r][\n]"
12:52:57.770 [Forwarding actions on session 26291947382dabd69fa0e56bc6d49c56 to remote] DEBUG org.apache.http.wire - http-outgoing-22 >> "{"actions":[{"id":"default mouse","type":"pointer","parameters":{"pointerType":"mouse"},"actions":[{"duration":100,"x":0,"y":0,"type":"pointerMove","origin":{"ELEMENT":"5d1a2efb-dbd6-41cb-918b-122fdc5bade0","element-6066-11e4-a52e-4f735466cecf":"5d1a2efb-dbd6-41cb-918b-122fdc5bade0"}}]}]}"
12:52:57.889 [Forwarding actions on session 26291947382dabd69fa0e56bc6d49c56 to remote] DEBUG org.apache.http.wire - http-outgoing-22 << "HTTP/1.1 200 OK[\r][\n]"
12:52:57.889 [Forwarding actions on session 26291947382dabd69fa0e56bc6d49c56 to remote] DEBUG org.apache.http.wire - http-outgoing-22 << "Content-Length:14[\r][\n]"
12:52:57.889 [Forwarding actions on session 26291947382dabd69fa0e56bc6d49c56 to remote] DEBUG org.apache.http.wire - http-outgoing-22 << "Content-Type:application/json; charset=utf-8[\r][\n]"
12:52:57.889 [Forwarding actions on session 26291947382dabd69fa0e56bc6d49c56 to remote] DEBUG org.apache.http.wire - http-outgoing-22 << "cache-control:no-cache[\r][\n]"
12:52:57.889 [Forwarding actions on session 26291947382dabd69fa0e56bc6d49c56 to remote] DEBUG org.apache.http.wire - http-outgoing-22 << "[\r][\n]"
12:52:57.889 [Forwarding actions on session 26291947382dabd69fa0e56bc6d49c56 to remote] DEBUG org.apache.http.wire - http-outgoing-22 << "{"value":null}"
12:52:57.889 [Forwarding actions on session 26291947382dabd69fa0e56bc6d49c56 to remote] DEBUG org.apache.http.headers - http-outgoing-22 << HTTP/1.1 200 OK
12:52:57.889 [Forwarding actions on session 26291947382dabd69fa0e56bc6d49c56 to remote] DEBUG org.apache.http.headers - http-outgoing-22 << Content-Length:14
12:52:57.889 [Forwarding actions on session 26291947382dabd69fa0e56bc6d49c56 to remote] DEBUG org.apache.http.headers - http-outgoing-22 << Content-Type:application/json; charset=utf-8
12:52:57.889 [Forwarding actions on session 26291947382dabd69fa0e56bc6d49c56 to remote] DEBUG org.apache.http.headers - http-outgoing-22 << cache-control:no-cache
12:52:57.889 [Forwarding actions on session 26291947382dabd69fa0e56bc6d49c56 to remote] DEBUG org.apache.http.impl.execchain.MainClientExec - Connection can be kept alive indefinitely
12:52:57.889 [Forwarding actions on session 26291947382dabd69fa0e56bc6d49c56 to remote] DEBUG org.apache.http.impl.conn.PoolingHttpClientConnectionManager - Connection [id: 22][route: {}->http://localhost:27873] can be kept alive indefinitely
12:52:57.889 [Forwarding actions on session 26291947382dabd69fa0e56bc6d49c56 to remote] DEBUG org.apache.http.impl.conn.PoolingHttpClientConnectionManager - Connection released: [id: 22][route: {}->http://localhost:27873][total kept alive: 5; route allocated: 1 of 2000; total allocated: 5 of 2000]
12:52:57.890 [Forwarding findElement on session 26291947382dabd69fa0e56bc6d49c56 to remote] DEBUG org.apache.http.client.protocol.RequestAddCookies - CookieSpec selected: default
12:52:57.890 [Forwarding findElement on session 26291947382dabd69fa0e56bc6d49c56 to remote] DEBUG org.apache.http.client.protocol.RequestAuthCache - Auth cache not set in the context
12:52:57.890 [Forwarding findElement on session 26291947382dabd69fa0e56bc6d49c56 to remote] DEBUG org.apache.http.impl.conn.PoolingHttpClientConnectionManager - Connection request: [route: {}->http://localhost:27873][total kept alive: 5; route allocated: 1 of 2000; total allocated: 5 of 2000]
12:52:57.890 [Forwarding findElement on session 26291947382dabd69fa0e56bc6d49c56 to remote] DEBUG org.apache.http.impl.conn.PoolingHttpClientConnectionManager - Connection leased: [id: 22][route: {}->http://localhost:27873][total kept alive: 4; route allocated: 1 of 2000; total allocated: 5 of 2000]
12:52:57.890 [Forwarding findElement on session 26291947382dabd69fa0e56bc6d49c56 to remote] DEBUG org.apache.http.impl.execchain.MainClientExec - Stale connection check
12:52:57.891 [Forwarding findElement on session 26291947382dabd69fa0e56bc6d49c56 to remote] DEBUG org.apache.http.wire - http-outgoing-22 << "[read] I/O error: Read timed out"
12:52:57.891 [Forwarding findElement on session 26291947382dabd69fa0e56bc6d49c56 to remote] DEBUG org.apache.http.impl.conn.DefaultManagedHttpClientConnection - http-outgoing-22: set socket timeout to 10800000
12:52:57.891 [Forwarding findElement on session 26291947382dabd69fa0e56bc6d49c56 to remote] DEBUG org.apache.http.impl.execchain.MainClientExec - Executing request POST /session/26291947382dabd69fa0e56bc6d49c56/element HTTP/1.1
12:52:57.891 [Forwarding findElement on session 26291947382dabd69fa0e56bc6d49c56 to remote] DEBUG org.apache.http.impl.execchain.MainClientExec - Target auth state: UNCHALLENGED
12:52:57.891 [Forwarding findElement on session 26291947382dabd69fa0e56bc6d49c56 to remote] DEBUG org.apache.http.impl.execchain.MainClientExec - Proxy auth state: UNCHALLENGED
12:52:57.891 [Forwarding findElement on session 26291947382dabd69fa0e56bc6d49c56 to remote] DEBUG org.apache.http.headers - http-outgoing-22 >> POST /session/26291947382dabd69fa0e56bc6d49c56/element HTTP/1.1
12:52:57.891 [Forwarding findElement on session 26291947382dabd69fa0e56bc6d49c56 to remote] DEBUG org.apache.http.headers - http-outgoing-22 >> Content-Type: application/json; charset=utf-8
12:52:57.891 [Forwarding findElement on session 26291947382dabd69fa0e56bc6d49c56 to remote] DEBUG org.apache.http.headers - http-outgoing-22 >> Content-Length: 58
12:52:57.891 [Forwarding findElement on session 26291947382dabd69fa0e56bc6d49c56 to remote] DEBUG org.apache.http.headers - http-outgoing-22 >> Host: localhost:27873
12:52:57.891 [Forwarding findElement on session 26291947382dabd69fa0e56bc6d49c56 to remote] DEBUG org.apache.http.headers - http-outgoing-22 >> Connection: Keep-Alive
12:52:57.891 [Forwarding findElement on session 26291947382dabd69fa0e56bc6d49c56 to remote] DEBUG org.apache.http.headers - http-outgoing-22 >> User-Agent: Apache-HttpClient/4.5.3 (Java/1.8.0_211)
12:52:57.891 [Forwarding findElement on session 26291947382dabd69fa0e56bc6d49c56 to remote] DEBUG org.apache.http.headers - http-outgoing-22 >> Accept-Encoding: gzip,deflate
12:52:57.891 [Forwarding findElement on session 26291947382dabd69fa0e56bc6d49c56 to remote] DEBUG org.apache.http.wire - http-outgoing-22 >> "POST /session/26291947382dabd69fa0e56bc6d49c56/element HTTP/1.1[\r][\n]"
12:52:57.891 [Forwarding findElement on session 26291947382dabd69fa0e56bc6d49c56 to remote] DEBUG org.apache.http.wire - http-outgoing-22 >> "Content-Type: application/json; charset=utf-8[\r][\n]"
12:52:57.891 [Forwarding findElement on session 26291947382dabd69fa0e56bc6d49c56 to remote] DEBUG org.apache.http.wire - http-outgoing-22 >> "Content-Length: 58[\r][\n]"
12:52:57.891 [Forwarding findElement on session 26291947382dabd69fa0e56bc6d49c56 to remote] DEBUG org.apache.http.wire - http-outgoing-22 >> "Host: localhost:27873[\r][\n]"
12:52:57.891 [Forwarding findElement on session 26291947382dabd69fa0e56bc6d49c56 to remote] DEBUG org.apache.http.wire - http-outgoing-22 >> "Connection: Keep-Alive[\r][\n]"
12:52:57.891 [Forwarding findElement on session 26291947382dabd69fa0e56bc6d49c56 to remote] DEBUG org.apache.http.wire - http-outgoing-22 >> "User-Agent: Apache-HttpClient/4.5.3 (Java/1.8.0_211)[\r][\n]"
12:52:57.891 [Forwarding findElement on session 26291947382dabd69fa0e56bc6d49c56 to remote] DEBUG org.apache.http.wire - http-outgoing-22 >> "Accept-Encoding: gzip,deflate[\r][\n]"
12:52:57.891 [Forwarding findElement on session 26291947382dabd69fa0e56bc6d49c56 to remote] DEBUG org.apache.http.wire - http-outgoing-22 >> "[\r][\n]"
12:52:57.891 [Forwarding findElement on session 26291947382dabd69fa0e56bc6d49c56 to remote] DEBUG org.apache.http.wire - http-outgoing-22 >> "{"value":".px-2:nth-child(3) span","using":"css selector"}"
12:52:57.897 [Forwarding findElement on session 26291947382dabd69fa0e56bc6d49c56 to remote] DEBUG org.apache.http.wire - http-outgoing-22 << "HTTP/1.1 200 OK[\r][\n]"
12:52:57.897 [Forwarding findElement on session 26291947382dabd69fa0e56bc6d49c56 to remote] DEBUG org.apache.http.wire - http-outgoing-22 << "Content-Length:88[\r][\n]"
12:52:57.897 [Forwarding findElement on session 26291947382dabd69fa0e56bc6d49c56 to remote] DEBUG org.apache.http.wire - http-outgoing-22 << "Content-Type:application/json; charset=utf-8[\r][\n]"
12:52:57.897 [Forwarding findElement on session 26291947382dabd69fa0e56bc6d49c56 to remote] DEBUG org.apache.http.wire - http-outgoing-22 << "cache-control:no-cache[\r][\n]"
12:52:57.897 [Forwarding findElement on session 26291947382dabd69fa0e56bc6d49c56 to remote] DEBUG org.apache.http.wire - http-outgoing-22 << "[\r][\n]"
12:52:57.897 [Forwarding findElement on session 26291947382dabd69fa0e56bc6d49c56 to remote] DEBUG org.apache.http.wire - http-outgoing-22 << "{"value":{"element-6066-11e4-a52e-4f735466cecf":"f7d7cb74-eba6-4e9b-836b-f6b9cc514669"}}"
12:52:57.897 [Forwarding findElement on session 26291947382dabd69fa0e56bc6d49c56 to remote] DEBUG org.apache.http.headers - http-outgoing-22 << HTTP/1.1 200 OK
12:52:57.897 [Forwarding findElement on session 26291947382dabd69fa0e56bc6d49c56 to remote] DEBUG org.apache.http.headers - http-outgoing-22 << Content-Length:88
12:52:57.897 [Forwarding findElement on session 26291947382dabd69fa0e56bc6d49c56 to remote] DEBUG org.apache.http.headers - http-outgoing-22 << Content-Type:application/json; charset=utf-8
12:52:57.897 [Forwarding findElement on session 26291947382dabd69fa0e56bc6d49c56 to remote] DEBUG org.apache.http.headers - http-outgoing-22 << cache-control:no-cache
12:52:57.897 [Forwarding findElement on session 26291947382dabd69fa0e56bc6d49c56 to remote] DEBUG org.apache.http.impl.execchain.MainClientExec - Connection can be kept alive indefinitely
12:52:57.897 [Forwarding findElement on session 26291947382dabd69fa0e56bc6d49c56 to remote] DEBUG org.apache.http.impl.conn.PoolingHttpClientConnectionManager - Connection [id: 22][route: {}->http://localhost:27873] can be kept alive indefinitely
12:52:57.897 [Forwarding findElement on session 26291947382dabd69fa0e56bc6d49c56 to remote] DEBUG org.apache.http.impl.conn.PoolingHttpClientConnectionManager - Connection released: [id: 22][route: {}->http://localhost:27873][total kept alive: 5; route allocated: 1 of 2000; total allocated: 5 of 2000]
12:52:57.897 [Forwarding clickElement on session 26291947382dabd69fa0e56bc6d49c56 to remote] DEBUG org.apache.http.client.protocol.RequestAddCookies - CookieSpec selected: default
12:52:57.897 [Forwarding clickElement on session 26291947382dabd69fa0e56bc6d49c56 to remote] DEBUG org.apache.http.client.protocol.RequestAuthCache - Auth cache not set in the context
12:52:57.897 [Forwarding clickElement on session 26291947382dabd69fa0e56bc6d49c56 to remote] DEBUG org.apache.http.impl.conn.PoolingHttpClientConnectionManager - Connection request: [route: {}->http://localhost:27873][total kept alive: 5; route allocated: 1 of 2000; total allocated: 5 of 2000]
12:52:57.897 [Forwarding clickElement on session 26291947382dabd69fa0e56bc6d49c56 to remote] DEBUG org.apache.http.impl.conn.PoolingHttpClientConnectionManager - Connection leased: [id: 22][route: {}->http://localhost:27873][total kept alive: 4; route allocated: 1 of 2000; total allocated: 5 of 2000]
12:52:57.897 [Forwarding clickElement on session 26291947382dabd69fa0e56bc6d49c56 to remote] DEBUG org.apache.http.impl.execchain.MainClientExec - Stale connection check
12:52:57.899 [Forwarding clickElement on session 26291947382dabd69fa0e56bc6d49c56 to remote] DEBUG org.apache.http.wire - http-outgoing-22 << "[read] I/O error: Read timed out"
12:52:57.899 [Forwarding clickElement on session 26291947382dabd69fa0e56bc6d49c56 to remote] DEBUG org.apache.http.impl.conn.DefaultManagedHttpClientConnection - http-outgoing-22: set socket timeout to 10800000
12:52:57.899 [Forwarding clickElement on session 26291947382dabd69fa0e56bc6d49c56 to remote] DEBUG org.apache.http.impl.execchain.MainClientExec - Executing request POST /session/26291947382dabd69fa0e56bc6d49c56/element/f7d7cb74-eba6-4e9b-836b-f6b9cc514669/click HTTP/1.1
12:52:57.899 [Forwarding clickElement on session 26291947382dabd69fa0e56bc6d49c56 to remote] DEBUG org.apache.http.impl.execchain.MainClientExec - Target auth state: UNCHALLENGED
12:52:57.899 [Forwarding clickElement on session 26291947382dabd69fa0e56bc6d49c56 to remote] DEBUG org.apache.http.impl.execchain.MainClientExec - Proxy auth state: UNCHALLENGED
12:52:57.899 [Forwarding clickElement on session 26291947382dabd69fa0e56bc6d49c56 to remote] DEBUG org.apache.http.headers - http-outgoing-22 >> POST /session/26291947382dabd69fa0e56bc6d49c56/element/f7d7cb74-eba6-4e9b-836b-f6b9cc514669/click HTTP/1.1
12:52:57.899 [Forwarding clickElement on session 26291947382dabd69fa0e56bc6d49c56 to remote] DEBUG org.apache.http.headers - http-outgoing-22 >> Content-Type: application/json; charset=utf-8
12:52:57.899 [Forwarding clickElement on session 26291947382dabd69fa0e56bc6d49c56 to remote] DEBUG org.apache.http.headers - http-outgoing-22 >> Content-Length: 45
12:52:57.899 [Forwarding clickElement on session 26291947382dabd69fa0e56bc6d49c56 to remote] DEBUG org.apache.http.headers - http-outgoing-22 >> Host: localhost:27873
12:52:57.899 [Forwarding clickElement on session 26291947382dabd69fa0e56bc6d49c56 to remote] DEBUG org.apache.http.headers - http-outgoing-22 >> Connection: Keep-Alive
12:52:57.899 [Forwarding clickElement on session 26291947382dabd69fa0e56bc6d49c56 to remote] DEBUG org.apache.http.headers - http-outgoing-22 >> User-Agent: Apache-HttpClient/4.5.3 (Java/1.8.0_211)
12:52:57.899 [Forwarding clickElement on session 26291947382dabd69fa0e56bc6d49c56 to remote] DEBUG org.apache.http.headers - http-outgoing-22 >> Accept-Encoding: gzip,deflate
12:52:57.899 [Forwarding clickElement on session 26291947382dabd69fa0e56bc6d49c56 to remote] DEBUG org.apache.http.wire - http-outgoing-22 >> "POST /session/26291947382dabd69fa0e56bc6d49c56/element/f7d7cb74-eba6-4e9b-836b-f6b9cc514669/click HTTP/1.1[\r][\n]"
12:52:57.899 [Forwarding clickElement on session 26291947382dabd69fa0e56bc6d49c56 to remote] DEBUG org.apache.http.wire - http-outgoing-22 >> "Content-Type: application/json; charset=utf-8[\r][\n]"
12:52:57.899 [Forwarding clickElement on session 26291947382dabd69fa0e56bc6d49c56 to remote] DEBUG org.apache.http.wire - http-outgoing-22 >> "Content-Length: 45[\r][\n]"
12:52:57.899 [Forwarding clickElement on session 26291947382dabd69fa0e56bc6d49c56 to remote] DEBUG org.apache.http.wire - http-outgoing-22 >> "Host: localhost:27873[\r][\n]"
12:52:57.899 [Forwarding clickElement on session 26291947382dabd69fa0e56bc6d49c56 to remote] DEBUG org.apache.http.wire - http-outgoing-22 >> "Connection: Keep-Alive[\r][\n]"
12:52:57.899 [Forwarding clickElement on session 26291947382dabd69fa0e56bc6d49c56 to remote] DEBUG org.apache.http.wire - http-outgoing-22 >> "User-Agent: Apache-HttpClient/4.5.3 (Java/1.8.0_211)[\r][\n]"
12:52:57.899 [Forwarding clickElement on session 26291947382dabd69fa0e56bc6d49c56 to remote] DEBUG org.apache.http.wire - http-outgoing-22 >> "Accept-Encoding: gzip,deflate[\r][\n]"
12:52:57.899 [Forwarding clickElement on session 26291947382dabd69fa0e56bc6d49c56 to remote] DEBUG org.apache.http.wire - http-outgoing-22 >> "[\r][\n]"
12:52:57.899 [Forwarding clickElement on session 26291947382dabd69fa0e56bc6d49c56 to remote] DEBUG org.apache.http.wire - http-outgoing-22 >> "{"id":"f7d7cb74-eba6-4e9b-836b-f6b9cc514669"}"
12:52:57.958 [Forwarding clickElement on session 26291947382dabd69fa0e56bc6d49c56 to remote] DEBUG org.apache.http.wire - http-outgoing-22 << "HTTP/1.1 200 OK[\r][\n]"
12:52:57.958 [Forwarding clickElement on session 26291947382dabd69fa0e56bc6d49c56 to remote] DEBUG org.apache.http.wire - http-outgoing-22 << "Content-Length:14[\r][\n]"
12:52:57.958 [Forwarding clickElement on session 26291947382dabd69fa0e56bc6d49c56 to remote] DEBUG org.apache.http.wire - http-outgoing-22 << "Content-Type:application/json; charset=utf-8[\r][\n]"
12:52:57.958 [Forwarding clickElement on session 26291947382dabd69fa0e56bc6d49c56 to remote] DEBUG org.apache.http.wire - http-outgoing-22 << "cache-control:no-cache[\r][\n]"
12:52:57.958 [Forwarding clickElement on session 26291947382dabd69fa0e56bc6d49c56 to remote] DEBUG org.apache.http.wire - http-outgoing-22 << "[\r][\n]"
12:52:57.958 [Forwarding clickElement on session 26291947382dabd69fa0e56bc6d49c56 to remote] DEBUG org.apache.http.wire - http-outgoing-22 << "{"value":null}"
12:52:57.958 [Forwarding clickElement on session 26291947382dabd69fa0e56bc6d49c56 to remote] DEBUG org.apache.http.headers - http-outgoing-22 << HTTP/1.1 200 OK
12:52:57.958 [Forwarding clickElement on session 26291947382dabd69fa0e56bc6d49c56 to remote] DEBUG org.apache.http.headers - http-outgoing-22 << Content-Length:14
12:52:57.958 [Forwarding clickElement on session 26291947382dabd69fa0e56bc6d49c56 to remote] DEBUG org.apache.http.headers - http-outgoing-22 << Content-Type:application/json; charset=utf-8
12:52:57.958 [Forwarding clickElement on session 26291947382dabd69fa0e56bc6d49c56 to remote] DEBUG org.apache.http.headers - http-outgoing-22 << cache-control:no-cache
12:52:57.958 [Forwarding clickElement on session 26291947382dabd69fa0e56bc6d49c56 to remote] DEBUG org.apache.http.impl.execchain.MainClientExec - Connection can be kept alive indefinitely
12:52:57.958 [Forwarding clickElement on session 26291947382dabd69fa0e56bc6d49c56 to remote] DEBUG org.apache.http.impl.conn.PoolingHttpClientConnectionManager - Connection [id: 22][route: {}->http://localhost:27873] can be kept alive indefinitely
12:52:57.958 [Forwarding clickElement on session 26291947382dabd69fa0e56bc6d49c56 to remote] DEBUG org.apache.http.impl.conn.PoolingHttpClientConnectionManager - Connection released: [id: 22][route: {}->http://localhost:27873][total kept alive: 5; route allocated: 1 of 2000; total allocated: 5 of 2000]
12:52:57.959 [Forwarding findElement on session 26291947382dabd69fa0e56bc6d49c56 to remote] DEBUG org.apache.http.client.protocol.RequestAddCookies - CookieSpec selected: default
12:52:57.959 [Forwarding findElement on session 26291947382dabd69fa0e56bc6d49c56 to remote] DEBUG org.apache.http.client.protocol.RequestAuthCache - Auth cache not set in the context
12:52:57.959 [Forwarding findElement on session 26291947382dabd69fa0e56bc6d49c56 to remote] DEBUG org.apache.http.impl.conn.PoolingHttpClientConnectionManager - Connection request: [route: {}->http://localhost:27873][total kept alive: 5; route allocated: 1 of 2000; total allocated: 5 of 2000]
12:52:57.959 [Forwarding findElement on session 26291947382dabd69fa0e56bc6d49c56 to remote] DEBUG org.apache.http.impl.conn.PoolingHttpClientConnectionManager - Connection leased: [id: 22][route: {}->http://localhost:27873][total kept alive: 4; route allocated: 1 of 2000; total allocated: 5 of 2000]
12:52:57.959 [Forwarding findElement on session 26291947382dabd69fa0e56bc6d49c56 to remote] DEBUG org.apache.http.impl.execchain.MainClientExec - Stale connection check
12:52:57.960 [Forwarding findElement on session 26291947382dabd69fa0e56bc6d49c56 to remote] DEBUG org.apache.http.wire - http-outgoing-22 << "[read] I/O error: Read timed out"
12:52:57.960 [Forwarding findElement on session 26291947382dabd69fa0e56bc6d49c56 to remote] DEBUG org.apache.http.impl.conn.DefaultManagedHttpClientConnection - http-outgoing-22: set socket timeout to 10800000
12:52:57.960 [Forwarding findElement on session 26291947382dabd69fa0e56bc6d49c56 to remote] DEBUG org.apache.http.impl.execchain.MainClientExec - Executing request POST /session/26291947382dabd69fa0e56bc6d49c56/element HTTP/1.1
12:52:57.960 [Forwarding findElement on session 26291947382dabd69fa0e56bc6d49c56 to remote] DEBUG org.apache.http.impl.execchain.MainClientExec - Target auth state: UNCHALLENGED
12:52:57.960 [Forwarding findElement on session 26291947382dabd69fa0e56bc6d49c56 to remote] DEBUG org.apache.http.impl.execchain.MainClientExec - Proxy auth state: UNCHALLENGED
12:52:57.960 [Forwarding findElement on session 26291947382dabd69fa0e56bc6d49c56 to remote] DEBUG org.apache.http.headers - http-outgoing-22 >> POST /session/26291947382dabd69fa0e56bc6d49c56/element HTTP/1.1
12:52:57.960 [Forwarding findElement on session 26291947382dabd69fa0e56bc6d49c56 to remote] DEBUG org.apache.http.headers - http-outgoing-22 >> Content-Type: application/json; charset=utf-8
12:52:57.960 [Forwarding findElement on session 26291947382dabd69fa0e56bc6d49c56 to remote] DEBUG org.apache.http.headers - http-outgoing-22 >> Content-Length: 61
12:52:57.960 [Forwarding findElement on session 26291947382dabd69fa0e56bc6d49c56 to remote] DEBUG org.apache.http.headers - http-outgoing-22 >> Host: localhost:27873
12:52:57.960 [Forwarding findElement on session 26291947382dabd69fa0e56bc6d49c56 to remote] DEBUG org.apache.http.headers - http-outgoing-22 >> Connection: Keep-Alive
12:52:57.960 [Forwarding findElement on session 26291947382dabd69fa0e56bc6d49c56 to remote] DEBUG org.apache.http.headers - http-outgoing-22 >> User-Agent: Apache-HttpClient/4.5.3 (Java/1.8.0_211)
12:52:57.960 [Forwarding findElement on session 26291947382dabd69fa0e56bc6d49c56 to remote] DEBUG org.apache.http.headers - http-outgoing-22 >> Accept-Encoding: gzip,deflate
12:52:57.960 [Forwarding findElement on session 26291947382dabd69fa0e56bc6d49c56 to remote] DEBUG org.apache.http.wire - http-outgoing-22 >> "POST /session/26291947382dabd69fa0e56bc6d49c56/element HTTP/1.1[\r][\n]"
12:52:57.960 [Forwarding findElement on session 26291947382dabd69fa0e56bc6d49c56 to remote] DEBUG org.apache.http.wire - http-outgoing-22 >> "Content-Type: application/json; charset=utf-8[\r][\n]"
12:52:57.960 [Forwarding findElement on session 26291947382dabd69fa0e56bc6d49c56 to remote] DEBUG org.apache.http.wire - http-outgoing-22 >> "Content-Length: 61[\r][\n]"
12:52:57.960 [Forwarding findElement on session 26291947382dabd69fa0e56bc6d49c56 to remote] DEBUG org.apache.http.wire - http-outgoing-22 >> "Host: localhost:27873[\r][\n]"
12:52:57.960 [Forwarding findElement on session 26291947382dabd69fa0e56bc6d49c56 to remote] DEBUG org.apache.http.wire - http-outgoing-22 >> "Connection: Keep-Alive[\r][\n]"
12:52:57.960 [Forwarding findElement on session 26291947382dabd69fa0e56bc6d49c56 to remote] DEBUG org.apache.http.wire - http-outgoing-22 >> "User-Agent: Apache-HttpClient/4.5.3 (Java/1.8.0_211)[\r][\n]"
12:52:57.960 [Forwarding findElement on session 26291947382dabd69fa0e56bc6d49c56 to remote] DEBUG org.apache.http.wire - http-outgoing-22 >> "Accept-Encoding: gzip,deflate[\r][\n]"
12:52:57.960 [Forwarding findElement on session 26291947382dabd69fa0e56bc6d49c56 to remote] DEBUG org.apache.http.wire - http-outgoing-22 >> "[\r][\n]"
12:52:57.960 [Forwarding findElement on session 26291947382dabd69fa0e56bc6d49c56 to remote] DEBUG org.apache.http.wire - http-outgoing-22 >> "{"value":".form-control:nth-child(2)","using":"css selector"}"
12:52:57.966 [Forwarding findElement on session 26291947382dabd69fa0e56bc6d49c56 to remote] DEBUG org.apache.http.wire - http-outgoing-22 << "HTTP/1.1 200 OK[\r][\n]"
12:52:57.966 [Forwarding findElement on session 26291947382dabd69fa0e56bc6d49c56 to remote] DEBUG org.apache.http.wire - http-outgoing-22 << "Content-Length:88[\r][\n]"
12:52:57.966 [Forwarding findElement on session 26291947382dabd69fa0e56bc6d49c56 to remote] DEBUG org.apache.http.wire - http-outgoing-22 << "Content-Type:application/json; charset=utf-8[\r][\n]"
12:52:57.966 [Forwarding findElement on session 26291947382dabd69fa0e56bc6d49c56 to remote] DEBUG org.apache.http.wire - http-outgoing-22 << "cache-control:no-cache[\r][\n]"
12:52:57.966 [Forwarding findElement on session 26291947382dabd69fa0e56bc6d49c56 to remote] DEBUG org.apache.http.wire - http-outgoing-22 << "[\r][\n]"
12:52:57.966 [Forwarding findElement on session 26291947382dabd69fa0e56bc6d49c56 to remote] DEBUG org.apache.http.wire - http-outgoing-22 << "{"value":{"element-6066-11e4-a52e-4f735466cecf":"b8b9b254-968d-45fb-a39c-fedb6b7b53de"}}"
12:52:57.966 [Forwarding findElement on session 26291947382dabd69fa0e56bc6d49c56 to remote] DEBUG org.apache.http.headers - http-outgoing-22 << HTTP/1.1 200 OK
12:52:57.966 [Forwarding findElement on session 26291947382dabd69fa0e56bc6d49c56 to remote] DEBUG org.apache.http.headers - http-outgoing-22 << Content-Length:88
12:52:57.966 [Forwarding findElement on session 26291947382dabd69fa0e56bc6d49c56 to remote] DEBUG org.apache.http.headers - http-outgoing-22 << Content-Type:application/json; charset=utf-8
12:52:57.966 [Forwarding findElement on session 26291947382dabd69fa0e56bc6d49c56 to remote] DEBUG org.apache.http.headers - http-outgoing-22 << cache-control:no-cache
12:52:57.966 [Forwarding findElement on session 26291947382dabd69fa0e56bc6d49c56 to remote] DEBUG org.apache.http.impl.execchain.MainClientExec - Connection can be kept alive indefinitely
12:52:57.966 [Forwarding findElement on session 26291947382dabd69fa0e56bc6d49c56 to remote] DEBUG org.apache.http.impl.conn.PoolingHttpClientConnectionManager - Connection [id: 22][route: {}->http://localhost:27873] can be kept alive indefinitely
12:52:57.966 [Forwarding findElement on session 26291947382dabd69fa0e56bc6d49c56 to remote] DEBUG org.apache.http.impl.conn.PoolingHttpClientConnectionManager - Connection released: [id: 22][route: {}->http://localhost:27873][total kept alive: 5; route allocated: 1 of 2000; total allocated: 5 of 2000]
12:52:57.967 [Forwarding clickElement on session 26291947382dabd69fa0e56bc6d49c56 to remote] DEBUG org.apache.http.client.protocol.RequestAddCookies - CookieSpec selected: default
12:52:57.967 [Forwarding clickElement on session 26291947382dabd69fa0e56bc6d49c56 to remote] DEBUG org.apache.http.client.protocol.RequestAuthCache - Auth cache not set in the context
12:52:57.967 [Forwarding clickElement on session 26291947382dabd69fa0e56bc6d49c56 to remote] DEBUG org.apache.http.impl.conn.PoolingHttpClientConnectionManager - Connection request: [route: {}->http://localhost:27873][total kept alive: 5; route allocated: 1 of 2000; total allocated: 5 of 2000]
12:52:57.967 [Forwarding clickElement on session 26291947382dabd69fa0e56bc6d49c56 to remote] DEBUG org.apache.http.impl.conn.PoolingHttpClientConnectionManager - Connection leased: [id: 22][route: {}->http://localhost:27873][total kept alive: 4; route allocated: 1 of 2000; total allocated: 5 of 2000]
12:52:57.967 [Forwarding clickElement on session 26291947382dabd69fa0e56bc6d49c56 to remote] DEBUG org.apache.http.impl.execchain.MainClientExec - Stale connection check
12:52:57.968 [Forwarding clickElement on session 26291947382dabd69fa0e56bc6d49c56 to remote] DEBUG org.apache.http.wire - http-outgoing-22 << "[read] I/O error: Read timed out"
12:52:57.968 [Forwarding clickElement on session 26291947382dabd69fa0e56bc6d49c56 to remote] DEBUG org.apache.http.impl.conn.DefaultManagedHttpClientConnection - http-outgoing-22: set socket timeout to 10800000
12:52:57.968 [Forwarding clickElement on session 26291947382dabd69fa0e56bc6d49c56 to remote] DEBUG org.apache.http.impl.execchain.MainClientExec - Executing request POST /session/26291947382dabd69fa0e56bc6d49c56/element/b8b9b254-968d-45fb-a39c-fedb6b7b53de/click HTTP/1.1
12:52:57.968 [Forwarding clickElement on session 26291947382dabd69fa0e56bc6d49c56 to remote] DEBUG org.apache.http.impl.execchain.MainClientExec - Target auth state: UNCHALLENGED
12:52:57.968 [Forwarding clickElement on session 26291947382dabd69fa0e56bc6d49c56 to remote] DEBUG org.apache.http.impl.execchain.MainClientExec - Proxy auth state: UNCHALLENGED
12:52:57.968 [Forwarding clickElement on session 26291947382dabd69fa0e56bc6d49c56 to remote] DEBUG org.apache.http.headers - http-outgoing-22 >> POST /session/26291947382dabd69fa0e56bc6d49c56/element/b8b9b254-968d-45fb-a39c-fedb6b7b53de/click HTTP/1.1
12:52:57.968 [Forwarding clickElement on session 26291947382dabd69fa0e56bc6d49c56 to remote] DEBUG org.apache.http.headers - http-outgoing-22 >> Content-Type: application/json; charset=utf-8
12:52:57.968 [Forwarding clickElement on session 26291947382dabd69fa0e56bc6d49c56 to remote] DEBUG org.apache.http.headers - http-outgoing-22 >> Content-Length: 45
12:52:57.968 [Forwarding clickElement on session 26291947382dabd69fa0e56bc6d49c56 to remote] DEBUG org.apache.http.headers - http-outgoing-22 >> Host: localhost:27873
12:52:57.968 [Forwarding clickElement on session 26291947382dabd69fa0e56bc6d49c56 to remote] DEBUG org.apache.http.headers - http-outgoing-22 >> Connection: Keep-Alive
12:52:57.968 [Forwarding clickElement on session 26291947382dabd69fa0e56bc6d49c56 to remote] DEBUG org.apache.http.headers - http-outgoing-22 >> User-Agent: Apache-HttpClient/4.5.3 (Java/1.8.0_211)
12:52:57.968 [Forwarding clickElement on session 26291947382dabd69fa0e56bc6d49c56 to remote] DEBUG org.apache.http.headers - http-outgoing-22 >> Accept-Encoding: gzip,deflate
12:52:57.968 [Forwarding clickElement on session 26291947382dabd69fa0e56bc6d49c56 to remote] DEBUG org.apache.http.wire - http-outgoing-22 >> "POST /session/26291947382dabd69fa0e56bc6d49c56/element/b8b9b254-968d-45fb-a39c-fedb6b7b53de/click HTTP/1.1[\r][\n]"
12:52:57.968 [Forwarding clickElement on session 26291947382dabd69fa0e56bc6d49c56 to remote] DEBUG org.apache.http.wire - http-outgoing-22 >> "Content-Type: application/json; charset=utf-8[\r][\n]"
12:52:57.968 [Forwarding clickElement on session 26291947382dabd69fa0e56bc6d49c56 to remote] DEBUG org.apache.http.wire - http-outgoing-22 >> "Content-Length: 45[\r][\n]"
12:52:57.968 [Forwarding clickElement on session 26291947382dabd69fa0e56bc6d49c56 to remote] DEBUG org.apache.http.wire - http-outgoing-22 >> "Host: localhost:27873[\r][\n]"
12:52:57.968 [Forwarding clickElement on session 26291947382dabd69fa0e56bc6d49c56 to remote] DEBUG org.apache.http.wire - http-outgoing-22 >> "Connection: Keep-Alive[\r][\n]"
12:52:57.968 [Forwarding clickElement on session 26291947382dabd69fa0e56bc6d49c56 to remote] DEBUG org.apache.http.wire - http-outgoing-22 >> "User-Agent: Apache-HttpClient/4.5.3 (Java/1.8.0_211)[\r][\n]"
12:52:57.968 [Forwarding clickElement on session 26291947382dabd69fa0e56bc6d49c56 to remote] DEBUG org.apache.http.wire - http-outgoing-22 >> "Accept-Encoding: gzip,deflate[\r][\n]"
12:52:57.968 [Forwarding clickElement on session 26291947382dabd69fa0e56bc6d49c56 to remote] DEBUG org.apache.http.wire - http-outgoing-22 >> "[\r][\n]"
12:52:57.968 [Forwarding clickElement on session 26291947382dabd69fa0e56bc6d49c56 to remote] DEBUG org.apache.http.wire - http-outgoing-22 >> "{"id":"b8b9b254-968d-45fb-a39c-fedb6b7b53de"}"
12:52:58.009 [Forwarding clickElement on session 26291947382dabd69fa0e56bc6d49c56 to remote] DEBUG org.apache.http.wire - http-outgoing-22 << "HTTP/1.1 200 OK[\r][\n]"
12:52:58.009 [Forwarding clickElement on session 26291947382dabd69fa0e56bc6d49c56 to remote] DEBUG org.apache.http.wire - http-outgoing-22 << "Content-Length:14[\r][\n]"
12:52:58.009 [Forwarding clickElement on session 26291947382dabd69fa0e56bc6d49c56 to remote] DEBUG org.apache.http.wire - http-outgoing-22 << "Content-Type:application/json; charset=utf-8[\r][\n]"
12:52:58.009 [Forwarding clickElement on session 26291947382dabd69fa0e56bc6d49c56 to remote] DEBUG org.apache.http.wire - http-outgoing-22 << "cache-control:no-cache[\r][\n]"
12:52:58.009 [Forwarding clickElement on session 26291947382dabd69fa0e56bc6d49c56 to remote] DEBUG org.apache.http.wire - http-outgoing-22 << "[\r][\n]"
12:52:58.009 [Forwarding clickElement on session 26291947382dabd69fa0e56bc6d49c56 to remote] DEBUG org.apache.http.wire - http-outgoing-22 << "{"value":null}"
12:52:58.009 [Forwarding clickElement on session 26291947382dabd69fa0e56bc6d49c56 to remote] DEBUG org.apache.http.headers - http-outgoing-22 << HTTP/1.1 200 OK
12:52:58.009 [Forwarding clickElement on session 26291947382dabd69fa0e56bc6d49c56 to remote] DEBUG org.apache.http.headers - http-outgoing-22 << Content-Length:14
12:52:58.009 [Forwarding clickElement on session 26291947382dabd69fa0e56bc6d49c56 to remote] DEBUG org.apache.http.headers - http-outgoing-22 << Content-Type:application/json; charset=utf-8
12:52:58.009 [Forwarding clickElement on session 26291947382dabd69fa0e56bc6d49c56 to remote] DEBUG org.apache.http.headers - http-outgoing-22 << cache-control:no-cache
12:52:58.009 [Forwarding clickElement on session 26291947382dabd69fa0e56bc6d49c56 to remote] DEBUG org.apache.http.impl.execchain.MainClientExec - Connection can be kept alive indefinitely
12:52:58.009 [Forwarding clickElement on session 26291947382dabd69fa0e56bc6d49c56 to remote] DEBUG org.apache.http.impl.conn.PoolingHttpClientConnectionManager - Connection [id: 22][route: {}->http://localhost:27873] can be kept alive indefinitely
12:52:58.009 [Forwarding clickElement on session 26291947382dabd69fa0e56bc6d49c56 to remote] DEBUG org.apache.http.impl.conn.PoolingHttpClientConnectionManager - Connection released: [id: 22][route: {}->http://localhost:27873][total kept alive: 5; route allocated: 1 of 2000; total allocated: 5 of 2000]
12:52:58.010 [Forwarding findElement on session 26291947382dabd69fa0e56bc6d49c56 to remote] DEBUG org.apache.http.client.protocol.RequestAddCookies - CookieSpec selected: default
12:52:58.010 [Forwarding findElement on session 26291947382dabd69fa0e56bc6d49c56 to remote] DEBUG org.apache.http.client.protocol.RequestAuthCache - Auth cache not set in the context
12:52:58.010 [Forwarding findElement on session 26291947382dabd69fa0e56bc6d49c56 to remote] DEBUG org.apache.http.impl.conn.PoolingHttpClientConnectionManager - Connection request: [route: {}->http://localhost:27873][total kept alive: 5; route allocated: 1 of 2000; total allocated: 5 of 2000]
12:52:58.010 [Forwarding findElement on session 26291947382dabd69fa0e56bc6d49c56 to remote] DEBUG org.apache.http.impl.conn.PoolingHttpClientConnectionManager - Connection leased: [id: 22][route: {}->http://localhost:27873][total kept alive: 4; route allocated: 1 of 2000; total allocated: 5 of 2000]
12:52:58.010 [Forwarding findElement on session 26291947382dabd69fa0e56bc6d49c56 to remote] DEBUG org.apache.http.impl.execchain.MainClientExec - Stale connection check
12:52:58.011 [Forwarding findElement on session 26291947382dabd69fa0e56bc6d49c56 to remote] DEBUG org.apache.http.wire - http-outgoing-22 << "[read] I/O error: Read timed out"
12:52:58.011 [Forwarding findElement on session 26291947382dabd69fa0e56bc6d49c56 to remote] DEBUG org.apache.http.impl.conn.DefaultManagedHttpClientConnection - http-outgoing-22: set socket timeout to 10800000
12:52:58.011 [Forwarding findElement on session 26291947382dabd69fa0e56bc6d49c56 to remote] DEBUG org.apache.http.impl.execchain.MainClientExec - Executing request POST /session/26291947382dabd69fa0e56bc6d49c56/element HTTP/1.1
12:52:58.011 [Forwarding findElement on session 26291947382dabd69fa0e56bc6d49c56 to remote] DEBUG org.apache.http.impl.execchain.MainClientExec - Target auth state: UNCHALLENGED
12:52:58.011 [Forwarding findElement on session 26291947382dabd69fa0e56bc6d49c56 to remote] DEBUG org.apache.http.impl.execchain.MainClientExec - Proxy auth state: UNCHALLENGED
12:52:58.011 [Forwarding findElement on session 26291947382dabd69fa0e56bc6d49c56 to remote] DEBUG org.apache.http.headers - http-outgoing-22 >> POST /session/26291947382dabd69fa0e56bc6d49c56/element HTTP/1.1
12:52:58.011 [Forwarding findElement on session 26291947382dabd69fa0e56bc6d49c56 to remote] DEBUG org.apache.http.headers - http-outgoing-22 >> Content-Type: application/json; charset=utf-8
12:52:58.011 [Forwarding findElement on session 26291947382dabd69fa0e56bc6d49c56 to remote] DEBUG org.apache.http.headers - http-outgoing-22 >> Content-Length: 61
12:52:58.011 [Forwarding findElement on session 26291947382dabd69fa0e56bc6d49c56 to remote] DEBUG org.apache.http.headers - http-outgoing-22 >> Host: localhost:27873
12:52:58.011 [Forwarding findElement on session 26291947382dabd69fa0e56bc6d49c56 to remote] DEBUG org.apache.http.headers - http-outgoing-22 >> Connection: Keep-Alive
12:52:58.011 [Forwarding findElement on session 26291947382dabd69fa0e56bc6d49c56 to remote] DEBUG org.apache.http.headers - http-outgoing-22 >> User-Agent: Apache-HttpClient/4.5.3 (Java/1.8.0_211)
12:52:58.011 [Forwarding findElement on session 26291947382dabd69fa0e56bc6d49c56 to remote] DEBUG org.apache.http.headers - http-outgoing-22 >> Accept-Encoding: gzip,deflate
12:52:58.011 [Forwarding findElement on session 26291947382dabd69fa0e56bc6d49c56 to remote] DEBUG org.apache.http.wire - http-outgoing-22 >> "POST /session/26291947382dabd69fa0e56bc6d49c56/element HTTP/1.1[\r][\n]"
12:52:58.011 [Forwarding findElement on session 26291947382dabd69fa0e56bc6d49c56 to remote] DEBUG org.apache.http.wire - http-outgoing-22 >> "Content-Type: application/json; charset=utf-8[\r][\n]"
12:52:58.011 [Forwarding findElement on session 26291947382dabd69fa0e56bc6d49c56 to remote] DEBUG org.apache.http.wire - http-outgoing-22 >> "Content-Length: 61[\r][\n]"
12:52:58.011 [Forwarding findElement on session 26291947382dabd69fa0e56bc6d49c56 to remote] DEBUG org.apache.http.wire - http-outgoing-22 >> "Host: localhost:27873[\r][\n]"
12:52:58.011 [Forwarding findElement on session 26291947382dabd69fa0e56bc6d49c56 to remote] DEBUG org.apache.http.wire - http-outgoing-22 >> "Connection: Keep-Alive[\r][\n]"
12:52:58.011 [Forwarding findElement on session 26291947382dabd69fa0e56bc6d49c56 to remote] DEBUG org.apache.http.wire - http-outgoing-22 >> "User-Agent: Apache-HttpClient/4.5.3 (Java/1.8.0_211)[\r][\n]"
12:52:58.011 [Forwarding findElement on session 26291947382dabd69fa0e56bc6d49c56 to remote] DEBUG org.apache.http.wire - http-outgoing-22 >> "Accept-Encoding: gzip,deflate[\r][\n]"
12:52:58.011 [Forwarding findElement on session 26291947382dabd69fa0e56bc6d49c56 to remote] DEBUG org.apache.http.wire - http-outgoing-22 >> "[\r][\n]"
12:52:58.011 [Forwarding findElement on session 26291947382dabd69fa0e56bc6d49c56 to remote] DEBUG org.apache.http.wire - http-outgoing-22 >> "{"value":".form-control:nth-child(2)","using":"css selector"}"
12:52:58.014 [Forwarding findElement on session 26291947382dabd69fa0e56bc6d49c56 to remote] DEBUG org.apache.http.wire - http-outgoing-22 << "HTTP/1.1 200 OK[\r][\n]"
12:52:58.014 [Forwarding findElement on session 26291947382dabd69fa0e56bc6d49c56 to remote] DEBUG org.apache.http.wire - http-outgoing-22 << "Content-Length:88[\r][\n]"
12:52:58.014 [Forwarding findElement on session 26291947382dabd69fa0e56bc6d49c56 to remote] DEBUG org.apache.http.wire - http-outgoing-22 << "Content-Type:application/json; charset=utf-8[\r][\n]"
12:52:58.014 [Forwarding findElement on session 26291947382dabd69fa0e56bc6d49c56 to remote] DEBUG org.apache.http.wire - http-outgoing-22 << "cache-control:no-cache[\r][\n]"
12:52:58.014 [Forwarding findElement on session 26291947382dabd69fa0e56bc6d49c56 to remote] DEBUG org.apache.http.wire - http-outgoing-22 << "[\r][\n]"
12:52:58.014 [Forwarding findElement on session 26291947382dabd69fa0e56bc6d49c56 to remote] DEBUG org.apache.http.wire - http-outgoing-22 << "{"value":{"element-6066-11e4-a52e-4f735466cecf":"b8b9b254-968d-45fb-a39c-fedb6b7b53de"}}"
12:52:58.014 [Forwarding findElement on session 26291947382dabd69fa0e56bc6d49c56 to remote] DEBUG org.apache.http.headers - http-outgoing-22 << HTTP/1.1 200 OK
12:52:58.014 [Forwarding findElement on session 26291947382dabd69fa0e56bc6d49c56 to remote] DEBUG org.apache.http.headers - http-outgoing-22 << Content-Length:88
12:52:58.014 [Forwarding findElement on session 26291947382dabd69fa0e56bc6d49c56 to remote] DEBUG org.apache.http.headers - http-outgoing-22 << Content-Type:application/json; charset=utf-8
12:52:58.014 [Forwarding findElement on session 26291947382dabd69fa0e56bc6d49c56 to remote] DEBUG org.apache.http.headers - http-outgoing-22 << cache-control:no-cache
12:52:58.014 [Forwarding findElement on session 26291947382dabd69fa0e56bc6d49c56 to remote] DEBUG org.apache.http.impl.execchain.MainClientExec - Connection can be kept alive indefinitely
12:52:58.014 [Forwarding findElement on session 26291947382dabd69fa0e56bc6d49c56 to remote] DEBUG org.apache.http.impl.conn.PoolingHttpClientConnectionManager - Connection [id: 22][route: {}->http://localhost:27873] can be kept alive indefinitely
12:52:58.014 [Forwarding findElement on session 26291947382dabd69fa0e56bc6d49c56 to remote] DEBUG org.apache.http.impl.conn.PoolingHttpClientConnectionManager - Connection released: [id: 22][route: {}->http://localhost:27873][total kept alive: 5; route allocated: 1 of 2000; total allocated: 5 of 2000]
12:52:58.015 [Forwarding sendKeysToElement on session 26291947382dabd69fa0e56bc6d49c56 to remote] DEBUG org.apache.http.client.protocol.RequestAddCookies - CookieSpec selected: default
12:52:58.015 [Forwarding sendKeysToElement on session 26291947382dabd69fa0e56bc6d49c56 to remote] DEBUG org.apache.http.client.protocol.RequestAuthCache - Auth cache not set in the context
12:52:58.015 [Forwarding sendKeysToElement on session 26291947382dabd69fa0e56bc6d49c56 to remote] DEBUG org.apache.http.impl.conn.PoolingHttpClientConnectionManager - Connection request: [route: {}->http://localhost:27873][total kept alive: 5; route allocated: 1 of 2000; total allocated: 5 of 2000]
12:52:58.015 [Forwarding sendKeysToElement on session 26291947382dabd69fa0e56bc6d49c56 to remote] DEBUG org.apache.http.impl.conn.PoolingHttpClientConnectionManager - Connection leased: [id: 22][route: {}->http://localhost:27873][total kept alive: 4; route allocated: 1 of 2000; total allocated: 5 of 2000]
12:52:58.015 [Forwarding sendKeysToElement on session 26291947382dabd69fa0e56bc6d49c56 to remote] DEBUG org.apache.http.impl.execchain.MainClientExec - Stale connection check
12:52:58.016 [Forwarding sendKeysToElement on session 26291947382dabd69fa0e56bc6d49c56 to remote] DEBUG org.apache.http.wire - http-outgoing-22 << "[read] I/O error: Read timed out"
12:52:58.016 [Forwarding sendKeysToElement on session 26291947382dabd69fa0e56bc6d49c56 to remote] DEBUG org.apache.http.impl.conn.DefaultManagedHttpClientConnection - http-outgoing-22: set socket timeout to 10800000
12:52:58.016 [Forwarding sendKeysToElement on session 26291947382dabd69fa0e56bc6d49c56 to remote] DEBUG org.apache.http.impl.execchain.MainClientExec - Executing request POST /session/26291947382dabd69fa0e56bc6d49c56/element/b8b9b254-968d-45fb-a39c-fedb6b7b53de/value HTTP/1.1
12:52:58.016 [Forwarding sendKeysToElement on session 26291947382dabd69fa0e56bc6d49c56 to remote] DEBUG org.apache.http.impl.execchain.MainClientExec - Target auth state: UNCHALLENGED
12:52:58.016 [Forwarding sendKeysToElement on session 26291947382dabd69fa0e56bc6d49c56 to remote] DEBUG org.apache.http.impl.execchain.MainClientExec - Proxy auth state: UNCHALLENGED
12:52:58.016 [Forwarding sendKeysToElement on session 26291947382dabd69fa0e56bc6d49c56 to remote] DEBUG org.apache.http.headers - http-outgoing-22 >> POST /session/26291947382dabd69fa0e56bc6d49c56/element/b8b9b254-968d-45fb-a39c-fedb6b7b53de/value HTTP/1.1
12:52:58.016 [Forwarding sendKeysToElement on session 26291947382dabd69fa0e56bc6d49c56 to remote] DEBUG org.apache.http.headers - http-outgoing-22 >> Content-Type: application/json; charset=utf-8
12:52:58.016 [Forwarding sendKeysToElement on session 26291947382dabd69fa0e56bc6d49c56 to remote] DEBUG org.apache.http.headers - http-outgoing-22 >> Content-Length: 385
12:52:58.016 [Forwarding sendKeysToElement on session 26291947382dabd69fa0e56bc6d49c56 to remote] DEBUG org.apache.http.headers - http-outgoing-22 >> Host: localhost:27873
12:52:58.016 [Forwarding sendKeysToElement on session 26291947382dabd69fa0e56bc6d49c56 to remote] DEBUG org.apache.http.headers - http-outgoing-22 >> Connection: Keep-Alive
12:52:58.016 [Forwarding sendKeysToElement on session 26291947382dabd69fa0e56bc6d49c56 to remote] DEBUG org.apache.http.headers - http-outgoing-22 >> User-Agent: Apache-HttpClient/4.5.3 (Java/1.8.0_211)
12:52:58.016 [Forwarding sendKeysToElement on session 26291947382dabd69fa0e56bc6d49c56 to remote] DEBUG org.apache.http.headers - http-outgoing-22 >> Accept-Encoding: gzip,deflate
12:52:58.016 [Forwarding sendKeysToElement on session 26291947382dabd69fa0e56bc6d49c56 to remote] DEBUG org.apache.http.wire - http-outgoing-22 >> "POST /session/26291947382dabd69fa0e56bc6d49c56/element/b8b9b254-968d-45fb-a39c-fedb6b7b53de/value HTTP/1.1[\r][\n]"
12:52:58.016 [Forwarding sendKeysToElement on session 26291947382dabd69fa0e56bc6d49c56 to remote] DEBUG org.apache.http.wire - http-outgoing-22 >> "Content-Type: application/json; charset=utf-8[\r][\n]"
12:52:58.016 [Forwarding sendKeysToElement on session 26291947382dabd69fa0e56bc6d49c56 to remote] DEBUG org.apache.http.wire - http-outgoing-22 >> "Content-Length: 385[\r][\n]"
12:52:58.016 [Forwarding sendKeysToElement on session 26291947382dabd69fa0e56bc6d49c56 to remote] DEBUG org.apache.http.wire - http-outgoing-22 >> "Host: localhost:27873[\r][\n]"
12:52:58.016 [Forwarding sendKeysToElement on session 26291947382dabd69fa0e56bc6d49c56 to remote] DEBUG org.apache.http.wire - http-outgoing-22 >> "Connection: Keep-Alive[\r][\n]"
12:52:58.016 [Forwarding sendKeysToElement on session 26291947382dabd69fa0e56bc6d49c56 to remote] DEBUG org.apache.http.wire - http-outgoing-22 >> "User-Agent: Apache-HttpClient/4.5.3 (Java/1.8.0_211)[\r][\n]"
12:52:58.016 [Forwarding sendKeysToElement on session 26291947382dabd69fa0e56bc6d49c56 to remote] DEBUG org.apache.http.wire - http-outgoing-22 >> "Accept-Encoding: gzip,deflate[\r][\n]"
12:52:58.016 [Forwarding sendKeysToElement on session 26291947382dabd69fa0e56bc6d49c56 to remote] DEBUG org.apache.http.wire - http-outgoing-22 >> "[\r][\n]"
12:52:58.016 [Forwarding sendKeysToElement on session 26291947382dabd69fa0e56bc6d49c56 to remote] DEBUG org.apache.http.wire - http-outgoing-22 >> "{"id":"b8b9b254-968d-45fb-a39c-fedb6b7b53de","text":"de164ddc64b1783c3ebced73b32c479b3daa203cf323bd738a9ecfc4674d6017","value":["d","e","1","6","4","d","d","c","6","4","b","1","7","8","3","c","3","e","b","c","e","d","7","3","b","3","2","c","4","7","9","b","3","d","a","a","2","0","3","c","f","3","2","3","b","d","7","3","8","a","9","e","c","f","c","4","6","7","4","d","6","0","1","7"]}"
12:52:58.515 [Forwarding sendKeysToElement on session 26291947382dabd69fa0e56bc6d49c56 to remote] DEBUG org.apache.http.wire - http-outgoing-22 << "HTTP/1.1 200 OK[\r][\n]"
12:52:58.515 [Forwarding sendKeysToElement on session 26291947382dabd69fa0e56bc6d49c56 to remote] DEBUG org.apache.http.wire - http-outgoing-22 << "Content-Length:14[\r][\n]"
12:52:58.515 [Forwarding sendKeysToElement on session 26291947382dabd69fa0e56bc6d49c56 to remote] DEBUG org.apache.http.wire - http-outgoing-22 << "Content-Type:application/json; charset=utf-8[\r][\n]"
12:52:58.515 [Forwarding sendKeysToElement on session 26291947382dabd69fa0e56bc6d49c56 to remote] DEBUG org.apache.http.wire - http-outgoing-22 << "cache-control:no-cache[\r][\n]"
12:52:58.515 [Forwarding sendKeysToElement on session 26291947382dabd69fa0e56bc6d49c56 to remote] DEBUG org.apache.http.wire - http-outgoing-22 << "[\r][\n]"
12:52:58.515 [Forwarding sendKeysToElement on session 26291947382dabd69fa0e56bc6d49c56 to remote] DEBUG org.apache.http.wire - http-outgoing-22 << "{"value":null}"
12:52:58.515 [Forwarding sendKeysToElement on session 26291947382dabd69fa0e56bc6d49c56 to remote] DEBUG org.apache.http.headers - http-outgoing-22 << HTTP/1.1 200 OK
12:52:58.515 [Forwarding sendKeysToElement on session 26291947382dabd69fa0e56bc6d49c56 to remote] DEBUG org.apache.http.headers - http-outgoing-22 << Content-Length:14
12:52:58.515 [Forwarding sendKeysToElement on session 26291947382dabd69fa0e56bc6d49c56 to remote] DEBUG org.apache.http.headers - http-outgoing-22 << Content-Type:application/json; charset=utf-8
12:52:58.515 [Forwarding sendKeysToElement on session 26291947382dabd69fa0e56bc6d49c56 to remote] DEBUG org.apache.http.headers - http-outgoing-22 << cache-control:no-cache
12:52:58.515 [Forwarding sendKeysToElement on session 26291947382dabd69fa0e56bc6d49c56 to remote] DEBUG org.apache.http.impl.execchain.MainClientExec - Connection can be kept alive indefinitely
12:52:58.515 [Forwarding sendKeysToElement on session 26291947382dabd69fa0e56bc6d49c56 to remote] DEBUG org.apache.http.impl.conn.PoolingHttpClientConnectionManager - Connection [id: 22][route: {}->http://localhost:27873] can be kept alive indefinitely
12:52:58.515 [Forwarding sendKeysToElement on session 26291947382dabd69fa0e56bc6d49c56 to remote] DEBUG org.apache.http.impl.conn.PoolingHttpClientConnectionManager - Connection released: [id: 22][route: {}->http://localhost:27873][total kept alive: 5; route allocated: 1 of 2000; total allocated: 5 of 2000]
12:52:58.516 [Forwarding findElement on session 26291947382dabd69fa0e56bc6d49c56 to remote] DEBUG org.apache.http.client.protocol.RequestAddCookies - CookieSpec selected: default
12:52:58.516 [Forwarding findElement on session 26291947382dabd69fa0e56bc6d49c56 to remote] DEBUG org.apache.http.client.protocol.RequestAuthCache - Auth cache not set in the context
12:52:58.516 [Forwarding findElement on session 26291947382dabd69fa0e56bc6d49c56 to remote] DEBUG org.apache.http.impl.conn.PoolingHttpClientConnectionManager - Connection request: [route: {}->http://localhost:27873][total kept alive: 5; route allocated: 1 of 2000; total allocated: 5 of 2000]
12:52:58.516 [Forwarding findElement on session 26291947382dabd69fa0e56bc6d49c56 to remote] DEBUG org.apache.http.impl.conn.PoolingHttpClientConnectionManager - Connection leased: [id: 22][route: {}->http://localhost:27873][total kept alive: 4; route allocated: 1 of 2000; total allocated: 5 of 2000]
12:52:58.516 [Forwarding findElement on session 26291947382dabd69fa0e56bc6d49c56 to remote] DEBUG org.apache.http.impl.execchain.MainClientExec - Stale connection check
12:52:58.517 [Forwarding findElement on session 26291947382dabd69fa0e56bc6d49c56 to remote] DEBUG org.apache.http.wire - http-outgoing-22 << "[read] I/O error: Read timed out"
12:52:58.517 [Forwarding findElement on session 26291947382dabd69fa0e56bc6d49c56 to remote] DEBUG org.apache.http.impl.conn.DefaultManagedHttpClientConnection - http-outgoing-22: set socket timeout to 10800000
12:52:58.517 [Forwarding findElement on session 26291947382dabd69fa0e56bc6d49c56 to remote] DEBUG org.apache.http.impl.execchain.MainClientExec - Executing request POST /session/26291947382dabd69fa0e56bc6d49c56/element HTTP/1.1
12:52:58.517 [Forwarding findElement on session 26291947382dabd69fa0e56bc6d49c56 to remote] DEBUG org.apache.http.impl.execchain.MainClientExec - Target auth state: UNCHALLENGED
12:52:58.517 [Forwarding findElement on session 26291947382dabd69fa0e56bc6d49c56 to remote] DEBUG org.apache.http.impl.execchain.MainClientExec - Proxy auth state: UNCHALLENGED
12:52:58.517 [Forwarding findElement on session 26291947382dabd69fa0e56bc6d49c56 to remote] DEBUG org.apache.http.headers - http-outgoing-22 >> POST /session/26291947382dabd69fa0e56bc6d49c56/element HTTP/1.1
12:52:58.517 [Forwarding findElement on session 26291947382dabd69fa0e56bc6d49c56 to remote] DEBUG org.apache.http.headers - http-outgoing-22 >> Content-Type: application/json; charset=utf-8
12:52:58.517 [Forwarding findElement on session 26291947382dabd69fa0e56bc6d49c56 to remote] DEBUG org.apache.http.headers - http-outgoing-22 >> Content-Length: 59
12:52:58.517 [Forwarding findElement on session 26291947382dabd69fa0e56bc6d49c56 to remote] DEBUG org.apache.http.headers - http-outgoing-22 >> Host: localhost:27873
12:52:58.517 [Forwarding findElement on session 26291947382dabd69fa0e56bc6d49c56 to remote] DEBUG org.apache.http.headers - http-outgoing-22 >> Connection: Keep-Alive
12:52:58.517 [Forwarding findElement on session 26291947382dabd69fa0e56bc6d49c56 to remote] DEBUG org.apache.http.headers - http-outgoing-22 >> User-Agent: Apache-HttpClient/4.5.3 (Java/1.8.0_211)
12:52:58.517 [Forwarding findElement on session 26291947382dabd69fa0e56bc6d49c56 to remote] DEBUG org.apache.http.headers - http-outgoing-22 >> Accept-Encoding: gzip,deflate
12:52:58.517 [Forwarding findElement on session 26291947382dabd69fa0e56bc6d49c56 to remote] DEBUG org.apache.http.wire - http-outgoing-22 >> "POST /session/26291947382dabd69fa0e56bc6d49c56/element HTTP/1.1[\r][\n]"
12:52:58.517 [Forwarding findElement on session 26291947382dabd69fa0e56bc6d49c56 to remote] DEBUG org.apache.http.wire - http-outgoing-22 >> "Content-Type: application/json; charset=utf-8[\r][\n]"
12:52:58.517 [Forwarding findElement on session 26291947382dabd69fa0e56bc6d49c56 to remote] DEBUG org.apache.http.wire - http-outgoing-22 >> "Content-Length: 59[\r][\n]"
12:52:58.517 [Forwarding findElement on session 26291947382dabd69fa0e56bc6d49c56 to remote] DEBUG org.apache.http.wire - http-outgoing-22 >> "Host: localhost:27873[\r][\n]"
12:52:58.517 [Forwarding findElement on session 26291947382dabd69fa0e56bc6d49c56 to remote] DEBUG org.apache.http.wire - http-outgoing-22 >> "Connection: Keep-Alive[\r][\n]"
12:52:58.517 [Forwarding findElement on session 26291947382dabd69fa0e56bc6d49c56 to remote] DEBUG org.apache.http.wire - http-outgoing-22 >> "User-Agent: Apache-HttpClient/4.5.3 (Java/1.8.0_211)[\r][\n]"
12:52:58.517 [Forwarding findElement on session 26291947382dabd69fa0e56bc6d49c56 to remote] DEBUG org.apache.http.wire - http-outgoing-22 >> "Accept-Encoding: gzip,deflate[\r][\n]"
12:52:58.517 [Forwarding findElement on session 26291947382dabd69fa0e56bc6d49c56 to remote] DEBUG org.apache.http.wire - http-outgoing-22 >> "[\r][\n]"
12:52:58.517 [Forwarding findElement on session 26291947382dabd69fa0e56bc6d49c56 to remote] DEBUG org.apache.http.wire - http-outgoing-22 >> "{"value":".btn-danger:nth-child(3)","using":"css selector"}"
12:52:58.527 [Forwarding findElement on session 26291947382dabd69fa0e56bc6d49c56 to remote] DEBUG org.apache.http.wire - http-outgoing-22 << "HTTP/1.1 200 OK[\r][\n]"
12:52:58.527 [Forwarding findElement on session 26291947382dabd69fa0e56bc6d49c56 to remote] DEBUG org.apache.http.wire - http-outgoing-22 << "Content-Length:88[\r][\n]"
12:52:58.527 [Forwarding findElement on session 26291947382dabd69fa0e56bc6d49c56 to remote] DEBUG org.apache.http.wire - http-outgoing-22 << "Content-Type:application/json; charset=utf-8[\r][\n]"
12:52:58.527 [Forwarding findElement on session 26291947382dabd69fa0e56bc6d49c56 to remote] DEBUG org.apache.http.wire - http-outgoing-22 << "cache-control:no-cache[\r][\n]"
12:52:58.527 [Forwarding findElement on session 26291947382dabd69fa0e56bc6d49c56 to remote] DEBUG org.apache.http.wire - http-outgoing-22 << "[\r][\n]"
12:52:58.527 [Forwarding findElement on session 26291947382dabd69fa0e56bc6d49c56 to remote] DEBUG org.apache.http.wire - http-outgoing-22 << "{"value":{"element-6066-11e4-a52e-4f735466cecf":"4539c4b3-bcd4-47f2-996a-320f3fdf577e"}}"
12:52:58.527 [Forwarding findElement on session 26291947382dabd69fa0e56bc6d49c56 to remote] DEBUG org.apache.http.headers - http-outgoing-22 << HTTP/1.1 200 OK
12:52:58.527 [Forwarding findElement on session 26291947382dabd69fa0e56bc6d49c56 to remote] DEBUG org.apache.http.headers - http-outgoing-22 << Content-Length:88
12:52:58.527 [Forwarding findElement on session 26291947382dabd69fa0e56bc6d49c56 to remote] DEBUG org.apache.http.headers - http-outgoing-22 << Content-Type:application/json; charset=utf-8
12:52:58.527 [Forwarding findElement on session 26291947382dabd69fa0e56bc6d49c56 to remote] DEBUG org.apache.http.headers - http-outgoing-22 << cache-control:no-cache
12:52:58.527 [Forwarding findElement on session 26291947382dabd69fa0e56bc6d49c56 to remote] DEBUG org.apache.http.impl.execchain.MainClientExec - Connection can be kept alive indefinitely
12:52:58.527 [Forwarding findElement on session 26291947382dabd69fa0e56bc6d49c56 to remote] DEBUG org.apache.http.impl.conn.PoolingHttpClientConnectionManager - Connection [id: 22][route: {}->http://localhost:27873] can be kept alive indefinitely
12:52:58.527 [Forwarding findElement on session 26291947382dabd69fa0e56bc6d49c56 to remote] DEBUG org.apache.http.impl.conn.PoolingHttpClientConnectionManager - Connection released: [id: 22][route: {}->http://localhost:27873][total kept alive: 5; route allocated: 1 of 2000; total allocated: 5 of 2000]
12:52:58.528 [Forwarding clickElement on session 26291947382dabd69fa0e56bc6d49c56 to remote] DEBUG org.apache.http.client.protocol.RequestAddCookies - CookieSpec selected: default
12:52:58.528 [Forwarding clickElement on session 26291947382dabd69fa0e56bc6d49c56 to remote] DEBUG org.apache.http.client.protocol.RequestAuthCache - Auth cache not set in the context
12:52:58.528 [Forwarding clickElement on session 26291947382dabd69fa0e56bc6d49c56 to remote] DEBUG org.apache.http.impl.conn.PoolingHttpClientConnectionManager - Connection request: [route: {}->http://localhost:27873][total kept alive: 5; route allocated: 1 of 2000; total allocated: 5 of 2000]
12:52:58.528 [Forwarding clickElement on session 26291947382dabd69fa0e56bc6d49c56 to remote] DEBUG org.apache.http.impl.conn.PoolingHttpClientConnectionManager - Connection leased: [id: 22][route: {}->http://localhost:27873][total kept alive: 4; route allocated: 1 of 2000; total allocated: 5 of 2000]
12:52:58.528 [Forwarding clickElement on session 26291947382dabd69fa0e56bc6d49c56 to remote] DEBUG org.apache.http.impl.execchain.MainClientExec - Stale connection check
12:52:58.529 [Forwarding clickElement on session 26291947382dabd69fa0e56bc6d49c56 to remote] DEBUG org.apache.http.wire - http-outgoing-22 << "[read] I/O error: Read timed out"
12:52:58.529 [Forwarding clickElement on session 26291947382dabd69fa0e56bc6d49c56 to remote] DEBUG org.apache.http.impl.conn.DefaultManagedHttpClientConnection - http-outgoing-22: set socket timeout to 10800000
12:52:58.529 [Forwarding clickElement on session 26291947382dabd69fa0e56bc6d49c56 to remote] DEBUG org.apache.http.impl.execchain.MainClientExec - Executing request POST /session/26291947382dabd69fa0e56bc6d49c56/element/4539c4b3-bcd4-47f2-996a-320f3fdf577e/click HTTP/1.1
12:52:58.529 [Forwarding clickElement on session 26291947382dabd69fa0e56bc6d49c56 to remote] DEBUG org.apache.http.impl.execchain.MainClientExec - Target auth state: UNCHALLENGED
12:52:58.529 [Forwarding clickElement on session 26291947382dabd69fa0e56bc6d49c56 to remote] DEBUG org.apache.http.impl.execchain.MainClientExec - Proxy auth state: UNCHALLENGED
12:52:58.529 [Forwarding clickElement on session 26291947382dabd69fa0e56bc6d49c56 to remote] DEBUG org.apache.http.headers - http-outgoing-22 >> POST /session/26291947382dabd69fa0e56bc6d49c56/element/4539c4b3-bcd4-47f2-996a-320f3fdf577e/click HTTP/1.1
12:52:58.529 [Forwarding clickElement on session 26291947382dabd69fa0e56bc6d49c56 to remote] DEBUG org.apache.http.headers - http-outgoing-22 >> Content-Type: application/json; charset=utf-8
12:52:58.529 [Forwarding clickElement on session 26291947382dabd69fa0e56bc6d49c56 to remote] DEBUG org.apache.http.headers - http-outgoing-22 >> Content-Length: 45
12:52:58.529 [Forwarding clickElement on session 26291947382dabd69fa0e56bc6d49c56 to remote] DEBUG org.apache.http.headers - http-outgoing-22 >> Host: localhost:27873
12:52:58.529 [Forwarding clickElement on session 26291947382dabd69fa0e56bc6d49c56 to remote] DEBUG org.apache.http.headers - http-outgoing-22 >> Connection: Keep-Alive
12:52:58.529 [Forwarding clickElement on session 26291947382dabd69fa0e56bc6d49c56 to remote] DEBUG org.apache.http.headers - http-outgoing-22 >> User-Agent: Apache-HttpClient/4.5.3 (Java/1.8.0_211)
12:52:58.529 [Forwarding clickElement on session 26291947382dabd69fa0e56bc6d49c56 to remote] DEBUG org.apache.http.headers - http-outgoing-22 >> Accept-Encoding: gzip,deflate
12:52:58.529 [Forwarding clickElement on session 26291947382dabd69fa0e56bc6d49c56 to remote] DEBUG org.apache.http.wire - http-outgoing-22 >> "POST /session/26291947382dabd69fa0e56bc6d49c56/element/4539c4b3-bcd4-47f2-996a-320f3fdf577e/click HTTP/1.1[\r][\n]"
12:52:58.529 [Forwarding clickElement on session 26291947382dabd69fa0e56bc6d49c56 to remote] DEBUG org.apache.http.wire - http-outgoing-22 >> "Content-Type: application/json; charset=utf-8[\r][\n]"
12:52:58.529 [Forwarding clickElement on session 26291947382dabd69fa0e56bc6d49c56 to remote] DEBUG org.apache.http.wire - http-outgoing-22 >> "Content-Length: 45[\r][\n]"
12:52:58.529 [Forwarding clickElement on session 26291947382dabd69fa0e56bc6d49c56 to remote] DEBUG org.apache.http.wire - http-outgoing-22 >> "Host: localhost:27873[\r][\n]"
12:52:58.529 [Forwarding clickElement on session 26291947382dabd69fa0e56bc6d49c56 to remote] DEBUG org.apache.http.wire - http-outgoing-22 >> "Connection: Keep-Alive[\r][\n]"
12:52:58.529 [Forwarding clickElement on session 26291947382dabd69fa0e56bc6d49c56 to remote] DEBUG org.apache.http.wire - http-outgoing-22 >> "User-Agent: Apache-HttpClient/4.5.3 (Java/1.8.0_211)[\r][\n]"
12:52:58.529 [Forwarding clickElement on session 26291947382dabd69fa0e56bc6d49c56 to remote] DEBUG org.apache.http.wire - http-outgoing-22 >> "Accept-Encoding: gzip,deflate[\r][\n]"
12:52:58.529 [Forwarding clickElement on session 26291947382dabd69fa0e56bc6d49c56 to remote] DEBUG org.apache.http.wire - http-outgoing-22 >> "[\r][\n]"
12:52:58.529 [Forwarding clickElement on session 26291947382dabd69fa0e56bc6d49c56 to remote] DEBUG org.apache.http.wire - http-outgoing-22 >> "{"id":"4539c4b3-bcd4-47f2-996a-320f3fdf577e"}"
12:52:58.679 [Forwarding clickElement on session 26291947382dabd69fa0e56bc6d49c56 to remote] DEBUG org.apache.http.wire - http-outgoing-22 << "HTTP/1.1 200 OK[\r][\n]"
12:52:58.679 [Forwarding clickElement on session 26291947382dabd69fa0e56bc6d49c56 to remote] DEBUG org.apache.http.wire - http-outgoing-22 << "Content-Length:14[\r][\n]"
12:52:58.679 [Forwarding clickElement on session 26291947382dabd69fa0e56bc6d49c56 to remote] DEBUG org.apache.http.wire - http-outgoing-22 << "Content-Type:application/json; charset=utf-8[\r][\n]"
12:52:58.679 [Forwarding clickElement on session 26291947382dabd69fa0e56bc6d49c56 to remote] DEBUG org.apache.http.wire - http-outgoing-22 << "cache-control:no-cache[\r][\n]"
12:52:58.679 [Forwarding clickElement on session 26291947382dabd69fa0e56bc6d49c56 to remote] DEBUG org.apache.http.wire - http-outgoing-22 << "[\r][\n]"
12:52:58.679 [Forwarding clickElement on session 26291947382dabd69fa0e56bc6d49c56 to remote] DEBUG org.apache.http.wire - http-outgoing-22 << "{"value":null}"
12:52:58.679 [Forwarding clickElement on session 26291947382dabd69fa0e56bc6d49c56 to remote] DEBUG org.apache.http.headers - http-outgoing-22 << HTTP/1.1 200 OK
12:52:58.679 [Forwarding clickElement on session 26291947382dabd69fa0e56bc6d49c56 to remote] DEBUG org.apache.http.headers - http-outgoing-22 << Content-Length:14
12:52:58.679 [Forwarding clickElement on session 26291947382dabd69fa0e56bc6d49c56 to remote] DEBUG org.apache.http.headers - http-outgoing-22 << Content-Type:application/json; charset=utf-8
12:52:58.679 [Forwarding clickElement on session 26291947382dabd69fa0e56bc6d49c56 to remote] DEBUG org.apache.http.headers - http-outgoing-22 << cache-control:no-cache
12:52:58.679 [Forwarding clickElement on session 26291947382dabd69fa0e56bc6d49c56 to remote] DEBUG org.apache.http.impl.execchain.MainClientExec - Connection can be kept alive indefinitely
12:52:58.679 [Forwarding clickElement on session 26291947382dabd69fa0e56bc6d49c56 to remote] DEBUG org.apache.http.impl.conn.PoolingHttpClientConnectionManager - Connection [id: 22][route: {}->http://localhost:27873] can be kept alive indefinitely
12:52:58.679 [Forwarding clickElement on session 26291947382dabd69fa0e56bc6d49c56 to remote] DEBUG org.apache.http.impl.conn.PoolingHttpClientConnectionManager - Connection released: [id: 22][route: {}->http://localhost:27873][total kept alive: 5; route allocated: 1 of 2000; total allocated: 5 of 2000]
12:52:58.885 [Forwarding findElement on session 26291947382dabd69fa0e56bc6d49c56 to remote] DEBUG org.apache.http.client.protocol.RequestAddCookies - CookieSpec selected: default
12:52:58.885 [Forwarding findElement on session 26291947382dabd69fa0e56bc6d49c56 to remote] DEBUG org.apache.http.client.protocol.RequestAuthCache - Auth cache not set in the context
12:52:58.885 [Forwarding findElement on session 26291947382dabd69fa0e56bc6d49c56 to remote] DEBUG org.apache.http.impl.conn.PoolingHttpClientConnectionManager - Connection request: [route: {}->http://localhost:27873][total kept alive: 5; route allocated: 1 of 2000; total allocated: 5 of 2000]
12:52:58.885 [Forwarding findElement on session 26291947382dabd69fa0e56bc6d49c56 to remote] DEBUG org.apache.http.impl.conn.PoolingHttpClientConnectionManager - Connection leased: [id: 22][route: {}->http://localhost:27873][total kept alive: 4; route allocated: 1 of 2000; total allocated: 5 of 2000]
12:52:58.885 [Forwarding findElement on session 26291947382dabd69fa0e56bc6d49c56 to remote] DEBUG org.apache.http.impl.execchain.MainClientExec - Stale connection check
12:52:58.886 [Forwarding findElement on session 26291947382dabd69fa0e56bc6d49c56 to remote] DEBUG org.apache.http.wire - http-outgoing-22 << "[read] I/O error: Read timed out"
12:52:58.886 [Forwarding findElement on session 26291947382dabd69fa0e56bc6d49c56 to remote] DEBUG org.apache.http.impl.conn.DefaultManagedHttpClientConnection - http-outgoing-22: set socket timeout to 10800000
12:52:58.886 [Forwarding findElement on session 26291947382dabd69fa0e56bc6d49c56 to remote] DEBUG org.apache.http.impl.execchain.MainClientExec - Executing request POST /session/26291947382dabd69fa0e56bc6d49c56/element HTTP/1.1
12:52:58.886 [Forwarding findElement on session 26291947382dabd69fa0e56bc6d49c56 to remote] DEBUG org.apache.http.impl.execchain.MainClientExec - Target auth state: UNCHALLENGED
12:52:58.886 [Forwarding findElement on session 26291947382dabd69fa0e56bc6d49c56 to remote] DEBUG org.apache.http.impl.execchain.MainClientExec - Proxy auth state: UNCHALLENGED
12:52:58.886 [Forwarding findElement on session 26291947382dabd69fa0e56bc6d49c56 to remote] DEBUG org.apache.http.headers - http-outgoing-22 >> POST /session/26291947382dabd69fa0e56bc6d49c56/element HTTP/1.1
12:52:58.886 [Forwarding findElement on session 26291947382dabd69fa0e56bc6d49c56 to remote] DEBUG org.apache.http.headers - http-outgoing-22 >> Content-Type: application/json; charset=utf-8
12:52:58.886 [Forwarding findElement on session 26291947382dabd69fa0e56bc6d49c56 to remote] DEBUG org.apache.http.headers - http-outgoing-22 >> Content-Length: 71
12:52:58.886 [Forwarding findElement on session 26291947382dabd69fa0e56bc6d49c56 to remote] DEBUG org.apache.http.headers - http-outgoing-22 >> Host: localhost:27873
12:52:58.886 [Forwarding findElement on session 26291947382dabd69fa0e56bc6d49c56 to remote] DEBUG org.apache.http.headers - http-outgoing-22 >> Connection: Keep-Alive
12:52:58.886 [Forwarding findElement on session 26291947382dabd69fa0e56bc6d49c56 to remote] DEBUG org.apache.http.headers - http-outgoing-22 >> User-Agent: Apache-HttpClient/4.5.3 (Java/1.8.0_211)
12:52:58.886 [Forwarding findElement on session 26291947382dabd69fa0e56bc6d49c56 to remote] DEBUG org.apache.http.headers - http-outgoing-22 >> Accept-Encoding: gzip,deflate
12:52:58.886 [Forwarding findElement on session 26291947382dabd69fa0e56bc6d49c56 to remote] DEBUG org.apache.http.wire - http-outgoing-22 >> "POST /session/26291947382dabd69fa0e56bc6d49c56/element HTTP/1.1[\r][\n]"
12:52:58.886 [Forwarding findElement on session 26291947382dabd69fa0e56bc6d49c56 to remote] DEBUG org.apache.http.wire - http-outgoing-22 >> "Content-Type: application/json; charset=utf-8[\r][\n]"
12:52:58.886 [Forwarding findElement on session 26291947382dabd69fa0e56bc6d49c56 to remote] DEBUG org.apache.http.wire - http-outgoing-22 >> "Content-Length: 71[\r][\n]"
12:52:58.886 [Forwarding findElement on session 26291947382dabd69fa0e56bc6d49c56 to remote] DEBUG org.apache.http.wire - http-outgoing-22 >> "Host: localhost:27873[\r][\n]"
12:52:58.886 [Forwarding findElement on session 26291947382dabd69fa0e56bc6d49c56 to remote] DEBUG org.apache.http.wire - http-outgoing-22 >> "Connection: Keep-Alive[\r][\n]"
12:52:58.886 [Forwarding findElement on session 26291947382dabd69fa0e56bc6d49c56 to remote] DEBUG org.apache.http.wire - http-outgoing-22 >> "User-Agent: Apache-HttpClient/4.5.3 (Java/1.8.0_211)[\r][\n]"
12:52:58.886 [Forwarding findElement on session 26291947382dabd69fa0e56bc6d49c56 to remote] DEBUG org.apache.http.wire - http-outgoing-22 >> "Accept-Encoding: gzip,deflate[\r][\n]"
12:52:58.886 [Forwarding findElement on session 26291947382dabd69fa0e56bc6d49c56 to remote] DEBUG org.apache.http.wire - http-outgoing-22 >> "[\r][\n]"
12:52:58.886 [Forwarding findElement on session 26291947382dabd69fa0e56bc6d49c56 to remote] DEBUG org.apache.http.wire - http-outgoing-22 >> "{"value":".dropdown-toggle > span:nth-child(1)","using":"css selector"}"
12:53:00.061 [Forwarding findElement on session 26291947382dabd69fa0e56bc6d49c56 to remote] DEBUG org.apache.http.wire - http-outgoing-22 << "HTTP/1.1 200 OK[\r][\n]"
12:53:00.061 [Forwarding findElement on session 26291947382dabd69fa0e56bc6d49c56 to remote] DEBUG org.apache.http.wire - http-outgoing-22 << "Content-Length:88[\r][\n]"
12:53:00.061 [Forwarding findElement on session 26291947382dabd69fa0e56bc6d49c56 to remote] DEBUG org.apache.http.wire - http-outgoing-22 << "Content-Type:application/json; charset=utf-8[\r][\n]"
12:53:00.061 [Forwarding findElement on session 26291947382dabd69fa0e56bc6d49c56 to remote] DEBUG org.apache.http.wire - http-outgoing-22 << "cache-control:no-cache[\r][\n]"
12:53:00.061 [Forwarding findElement on session 26291947382dabd69fa0e56bc6d49c56 to remote] DEBUG org.apache.http.wire - http-outgoing-22 << "[\r][\n]"
12:53:00.061 [Forwarding findElement on session 26291947382dabd69fa0e56bc6d49c56 to remote] DEBUG org.apache.http.wire - http-outgoing-22 << "{"value":{"element-6066-11e4-a52e-4f735466cecf":"a9640eb9-882c-49b6-8af8-4a607ae1ec41"}}"
12:53:00.061 [Forwarding findElement on session 26291947382dabd69fa0e56bc6d49c56 to remote] DEBUG org.apache.http.headers - http-outgoing-22 << HTTP/1.1 200 OK
12:53:00.061 [Forwarding findElement on session 26291947382dabd69fa0e56bc6d49c56 to remote] DEBUG org.apache.http.headers - http-outgoing-22 << Content-Length:88
12:53:00.061 [Forwarding findElement on session 26291947382dabd69fa0e56bc6d49c56 to remote] DEBUG org.apache.http.headers - http-outgoing-22 << Content-Type:application/json; charset=utf-8
12:53:00.061 [Forwarding findElement on session 26291947382dabd69fa0e56bc6d49c56 to remote] DEBUG org.apache.http.headers - http-outgoing-22 << cache-control:no-cache
12:53:00.061 [Forwarding findElement on session 26291947382dabd69fa0e56bc6d49c56 to remote] DEBUG org.apache.http.impl.execchain.MainClientExec - Connection can be kept alive indefinitely
12:53:00.061 [Forwarding findElement on session 26291947382dabd69fa0e56bc6d49c56 to remote] DEBUG org.apache.http.impl.conn.PoolingHttpClientConnectionManager - Connection [id: 22][route: {}->http://localhost:27873] can be kept alive indefinitely
12:53:00.061 [Forwarding findElement on session 26291947382dabd69fa0e56bc6d49c56 to remote] DEBUG org.apache.http.impl.conn.PoolingHttpClientConnectionManager - Connection released: [id: 22][route: {}->http://localhost:27873][total kept alive: 5; route allocated: 1 of 2000; total allocated: 5 of 2000]
12:53:00.062 [Forwarding clickElement on session 26291947382dabd69fa0e56bc6d49c56 to remote] DEBUG org.apache.http.client.protocol.RequestAddCookies - CookieSpec selected: default
12:53:00.062 [Forwarding clickElement on session 26291947382dabd69fa0e56bc6d49c56 to remote] DEBUG org.apache.http.client.protocol.RequestAuthCache - Auth cache not set in the context
12:53:00.062 [Forwarding clickElement on session 26291947382dabd69fa0e56bc6d49c56 to remote] DEBUG org.apache.http.impl.conn.PoolingHttpClientConnectionManager - Connection request: [route: {}->http://localhost:27873][total kept alive: 5; route allocated: 1 of 2000; total allocated: 5 of 2000]
12:53:00.062 [Forwarding clickElement on session 26291947382dabd69fa0e56bc6d49c56 to remote] DEBUG org.apache.http.impl.conn.PoolingHttpClientConnectionManager - Connection leased: [id: 22][route: {}->http://localhost:27873][total kept alive: 4; route allocated: 1 of 2000; total allocated: 5 of 2000]
12:53:00.062 [Forwarding clickElement on session 26291947382dabd69fa0e56bc6d49c56 to remote] DEBUG org.apache.http.impl.execchain.MainClientExec - Stale connection check
12:53:00.063 [Forwarding clickElement on session 26291947382dabd69fa0e56bc6d49c56 to remote] DEBUG org.apache.http.wire - http-outgoing-22 << "[read] I/O error: Read timed out"
12:53:00.063 [Forwarding clickElement on session 26291947382dabd69fa0e56bc6d49c56 to remote] DEBUG org.apache.http.impl.conn.DefaultManagedHttpClientConnection - http-outgoing-22: set socket timeout to 10800000
12:53:00.063 [Forwarding clickElement on session 26291947382dabd69fa0e56bc6d49c56 to remote] DEBUG org.apache.http.impl.execchain.MainClientExec - Executing request POST /session/26291947382dabd69fa0e56bc6d49c56/element/a9640eb9-882c-49b6-8af8-4a607ae1ec41/click HTTP/1.1
12:53:00.063 [Forwarding clickElement on session 26291947382dabd69fa0e56bc6d49c56 to remote] DEBUG org.apache.http.impl.execchain.MainClientExec - Target auth state: UNCHALLENGED
12:53:00.063 [Forwarding clickElement on session 26291947382dabd69fa0e56bc6d49c56 to remote] DEBUG org.apache.http.impl.execchain.MainClientExec - Proxy auth state: UNCHALLENGED
12:53:00.063 [Forwarding clickElement on session 26291947382dabd69fa0e56bc6d49c56 to remote] DEBUG org.apache.http.headers - http-outgoing-22 >> POST /session/26291947382dabd69fa0e56bc6d49c56/element/a9640eb9-882c-49b6-8af8-4a607ae1ec41/click HTTP/1.1
12:53:00.063 [Forwarding clickElement on session 26291947382dabd69fa0e56bc6d49c56 to remote] DEBUG org.apache.http.headers - http-outgoing-22 >> Content-Type: application/json; charset=utf-8
12:53:00.063 [Forwarding clickElement on session 26291947382dabd69fa0e56bc6d49c56 to remote] DEBUG org.apache.http.headers - http-outgoing-22 >> Content-Length: 45
12:53:00.063 [Forwarding clickElement on session 26291947382dabd69fa0e56bc6d49c56 to remote] DEBUG org.apache.http.headers - http-outgoing-22 >> Host: localhost:27873
12:53:00.063 [Forwarding clickElement on session 26291947382dabd69fa0e56bc6d49c56 to remote] DEBUG org.apache.http.headers - http-outgoing-22 >> Connection: Keep-Alive
12:53:00.063 [Forwarding clickElement on session 26291947382dabd69fa0e56bc6d49c56 to remote] DEBUG org.apache.http.headers - http-outgoing-22 >> User-Agent: Apache-HttpClient/4.5.3 (Java/1.8.0_211)
12:53:00.063 [Forwarding clickElement on session 26291947382dabd69fa0e56bc6d49c56 to remote] DEBUG org.apache.http.headers - http-outgoing-22 >> Accept-Encoding: gzip,deflate
12:53:00.063 [Forwarding clickElement on session 26291947382dabd69fa0e56bc6d49c56 to remote] DEBUG org.apache.http.wire - http-outgoing-22 >> "POST /session/26291947382dabd69fa0e56bc6d49c56/element/a9640eb9-882c-49b6-8af8-4a607ae1ec41/click HTTP/1.1[\r][\n]"
12:53:00.063 [Forwarding clickElement on session 26291947382dabd69fa0e56bc6d49c56 to remote] DEBUG org.apache.http.wire - http-outgoing-22 >> "Content-Type: application/json; charset=utf-8[\r][\n]"
12:53:00.063 [Forwarding clickElement on session 26291947382dabd69fa0e56bc6d49c56 to remote] DEBUG org.apache.http.wire - http-outgoing-22 >> "Content-Length: 45[\r][\n]"
12:53:00.063 [Forwarding clickElement on session 26291947382dabd69fa0e56bc6d49c56 to remote] DEBUG org.apache.http.wire - http-outgoing-22 >> "Host: localhost:27873[\r][\n]"
12:53:00.063 [Forwarding clickElement on session 26291947382dabd69fa0e56bc6d49c56 to remote] DEBUG org.apache.http.wire - http-outgoing-22 >> "Connection: Keep-Alive[\r][\n]"
12:53:00.063 [Forwarding clickElement on session 26291947382dabd69fa0e56bc6d49c56 to remote] DEBUG org.apache.http.wire - http-outgoing-22 >> "User-Agent: Apache-HttpClient/4.5.3 (Java/1.8.0_211)[\r][\n]"
12:53:00.063 [Forwarding clickElement on session 26291947382dabd69fa0e56bc6d49c56 to remote] DEBUG org.apache.http.wire - http-outgoing-22 >> "Accept-Encoding: gzip,deflate[\r][\n]"
12:53:00.063 [Forwarding clickElement on session 26291947382dabd69fa0e56bc6d49c56 to remote] DEBUG org.apache.http.wire - http-outgoing-22 >> "[\r][\n]"
12:53:00.063 [Forwarding clickElement on session 26291947382dabd69fa0e56bc6d49c56 to remote] DEBUG org.apache.http.wire - http-outgoing-22 >> "{"id":"a9640eb9-882c-49b6-8af8-4a607ae1ec41"}"
12:53:00.102 [Forwarding clickElement on session 26291947382dabd69fa0e56bc6d49c56 to remote] DEBUG org.apache.http.wire - http-outgoing-22 << "HTTP/1.1 200 OK[\r][\n]"
12:53:00.102 [Forwarding clickElement on session 26291947382dabd69fa0e56bc6d49c56 to remote] DEBUG org.apache.http.wire - http-outgoing-22 << "Content-Length:14[\r][\n]"
12:53:00.102 [Forwarding clickElement on session 26291947382dabd69fa0e56bc6d49c56 to remote] DEBUG org.apache.http.wire - http-outgoing-22 << "Content-Type:application/json; charset=utf-8[\r][\n]"
12:53:00.102 [Forwarding clickElement on session 26291947382dabd69fa0e56bc6d49c56 to remote] DEBUG org.apache.http.wire - http-outgoing-22 << "cache-control:no-cache[\r][\n]"
12:53:00.102 [Forwarding clickElement on session 26291947382dabd69fa0e56bc6d49c56 to remote] DEBUG org.apache.http.wire - http-outgoing-22 << "[\r][\n]"
12:53:00.102 [Forwarding clickElement on session 26291947382dabd69fa0e56bc6d49c56 to remote] DEBUG org.apache.http.wire - http-outgoing-22 << "{"value":null}"
12:53:00.102 [Forwarding clickElement on session 26291947382dabd69fa0e56bc6d49c56 to remote] DEBUG org.apache.http.headers - http-outgoing-22 << HTTP/1.1 200 OK
12:53:00.102 [Forwarding clickElement on session 26291947382dabd69fa0e56bc6d49c56 to remote] DEBUG org.apache.http.headers - http-outgoing-22 << Content-Length:14
12:53:00.102 [Forwarding clickElement on session 26291947382dabd69fa0e56bc6d49c56 to remote] DEBUG org.apache.http.headers - http-outgoing-22 << Content-Type:application/json; charset=utf-8
12:53:00.102 [Forwarding clickElement on session 26291947382dabd69fa0e56bc6d49c56 to remote] DEBUG org.apache.http.headers - http-outgoing-22 << cache-control:no-cache
12:53:00.102 [Forwarding clickElement on session 26291947382dabd69fa0e56bc6d49c56 to remote] DEBUG org.apache.http.impl.execchain.MainClientExec - Connection can be kept alive indefinitely
12:53:00.102 [Forwarding clickElement on session 26291947382dabd69fa0e56bc6d49c56 to remote] DEBUG org.apache.http.impl.conn.PoolingHttpClientConnectionManager - Connection [id: 22][route: {}->http://localhost:27873] can be kept alive indefinitely
12:53:00.102 [Forwarding clickElement on session 26291947382dabd69fa0e56bc6d49c56 to remote] DEBUG org.apache.http.impl.conn.PoolingHttpClientConnectionManager - Connection released: [id: 22][route: {}->http://localhost:27873][total kept alive: 5; route allocated: 1 of 2000; total allocated: 5 of 2000]
12:53:00.103 [Forwarding findElement on session 26291947382dabd69fa0e56bc6d49c56 to remote] DEBUG org.apache.http.client.protocol.RequestAddCookies - CookieSpec selected: default
12:53:00.103 [Forwarding findElement on session 26291947382dabd69fa0e56bc6d49c56 to remote] DEBUG org.apache.http.client.protocol.RequestAuthCache - Auth cache not set in the context
12:53:00.103 [Forwarding findElement on session 26291947382dabd69fa0e56bc6d49c56 to remote] DEBUG org.apache.http.impl.conn.PoolingHttpClientConnectionManager - Connection request: [route: {}->http://localhost:27873][total kept alive: 5; route allocated: 1 of 2000; total allocated: 5 of 2000]
12:53:00.103 [Forwarding findElement on session 26291947382dabd69fa0e56bc6d49c56 to remote] DEBUG org.apache.http.impl.conn.PoolingHttpClientConnectionManager - Connection leased: [id: 22][route: {}->http://localhost:27873][total kept alive: 4; route allocated: 1 of 2000; total allocated: 5 of 2000]
12:53:00.103 [Forwarding findElement on session 26291947382dabd69fa0e56bc6d49c56 to remote] DEBUG org.apache.http.impl.execchain.MainClientExec - Stale connection check
12:53:00.104 [Forwarding findElement on session 26291947382dabd69fa0e56bc6d49c56 to remote] DEBUG org.apache.http.wire - http-outgoing-22 << "[read] I/O error: Read timed out"
12:53:00.104 [Forwarding findElement on session 26291947382dabd69fa0e56bc6d49c56 to remote] DEBUG org.apache.http.impl.conn.DefaultManagedHttpClientConnection - http-outgoing-22: set socket timeout to 10800000
12:53:00.104 [Forwarding findElement on session 26291947382dabd69fa0e56bc6d49c56 to remote] DEBUG org.apache.http.impl.execchain.MainClientExec - Executing request POST /session/26291947382dabd69fa0e56bc6d49c56/element HTTP/1.1
12:53:00.104 [Forwarding findElement on session 26291947382dabd69fa0e56bc6d49c56 to remote] DEBUG org.apache.http.impl.execchain.MainClientExec - Target auth state: UNCHALLENGED
12:53:00.104 [Forwarding findElement on session 26291947382dabd69fa0e56bc6d49c56 to remote] DEBUG org.apache.http.impl.execchain.MainClientExec - Proxy auth state: UNCHALLENGED
12:53:00.104 [Forwarding findElement on session 26291947382dabd69fa0e56bc6d49c56 to remote] DEBUG org.apache.http.headers - http-outgoing-22 >> POST /session/26291947382dabd69fa0e56bc6d49c56/element HTTP/1.1
12:53:00.104 [Forwarding findElement on session 26291947382dabd69fa0e56bc6d49c56 to remote] DEBUG org.apache.http.headers - http-outgoing-22 >> Content-Type: application/json; charset=utf-8
12:53:00.104 [Forwarding findElement on session 26291947382dabd69fa0e56bc6d49c56 to remote] DEBUG org.apache.http.headers - http-outgoing-22 >> Content-Length: 61
12:53:00.104 [Forwarding findElement on session 26291947382dabd69fa0e56bc6d49c56 to remote] DEBUG org.apache.http.headers - http-outgoing-22 >> Host: localhost:27873
12:53:00.104 [Forwarding findElement on session 26291947382dabd69fa0e56bc6d49c56 to remote] DEBUG org.apache.http.headers - http-outgoing-22 >> Connection: Keep-Alive
12:53:00.104 [Forwarding findElement on session 26291947382dabd69fa0e56bc6d49c56 to remote] DEBUG org.apache.http.headers - http-outgoing-22 >> User-Agent: Apache-HttpClient/4.5.3 (Java/1.8.0_211)
12:53:00.104 [Forwarding findElement on session 26291947382dabd69fa0e56bc6d49c56 to remote] DEBUG org.apache.http.headers - http-outgoing-22 >> Accept-Encoding: gzip,deflate
12:53:00.104 [Forwarding findElement on session 26291947382dabd69fa0e56bc6d49c56 to remote] DEBUG org.apache.http.wire - http-outgoing-22 >> "POST /session/26291947382dabd69fa0e56bc6d49c56/element HTTP/1.1[\r][\n]"
12:53:00.104 [Forwarding findElement on session 26291947382dabd69fa0e56bc6d49c56 to remote] DEBUG org.apache.http.wire - http-outgoing-22 >> "Content-Type: application/json; charset=utf-8[\r][\n]"
12:53:00.104 [Forwarding findElement on session 26291947382dabd69fa0e56bc6d49c56 to remote] DEBUG org.apache.http.wire - http-outgoing-22 >> "Content-Length: 61[\r][\n]"
12:53:00.104 [Forwarding findElement on session 26291947382dabd69fa0e56bc6d49c56 to remote] DEBUG org.apache.http.wire - http-outgoing-22 >> "Host: localhost:27873[\r][\n]"
12:53:00.104 [Forwarding findElement on session 26291947382dabd69fa0e56bc6d49c56 to remote] DEBUG org.apache.http.wire - http-outgoing-22 >> "Connection: Keep-Alive[\r][\n]"
12:53:00.104 [Forwarding findElement on session 26291947382dabd69fa0e56bc6d49c56 to remote] DEBUG org.apache.http.wire - http-outgoing-22 >> "User-Agent: Apache-HttpClient/4.5.3 (Java/1.8.0_211)[\r][\n]"
12:53:00.104 [Forwarding findElement on session 26291947382dabd69fa0e56bc6d49c56 to remote] DEBUG org.apache.http.wire - http-outgoing-22 >> "Accept-Encoding: gzip,deflate[\r][\n]"
12:53:00.104 [Forwarding findElement on session 26291947382dabd69fa0e56bc6d49c56 to remote] DEBUG org.apache.http.wire - http-outgoing-22 >> "[\r][\n]"
12:53:00.104 [Forwarding findElement on session 26291947382dabd69fa0e56bc6d49c56 to remote] DEBUG org.apache.http.wire - http-outgoing-22 >> "{"value":".justify-content-end > div","using":"css selector"}"
12:53:00.109 [Forwarding findElement on session 26291947382dabd69fa0e56bc6d49c56 to remote] DEBUG org.apache.http.wire - http-outgoing-22 << "HTTP/1.1 200 OK[\r][\n]"
12:53:00.109 [Forwarding findElement on session 26291947382dabd69fa0e56bc6d49c56 to remote] DEBUG org.apache.http.wire - http-outgoing-22 << "Content-Length:88[\r][\n]"
12:53:00.109 [Forwarding findElement on session 26291947382dabd69fa0e56bc6d49c56 to remote] DEBUG org.apache.http.wire - http-outgoing-22 << "Content-Type:application/json; charset=utf-8[\r][\n]"
12:53:00.109 [Forwarding findElement on session 26291947382dabd69fa0e56bc6d49c56 to remote] DEBUG org.apache.http.wire - http-outgoing-22 << "cache-control:no-cache[\r][\n]"
12:53:00.109 [Forwarding findElement on session 26291947382dabd69fa0e56bc6d49c56 to remote] DEBUG org.apache.http.wire - http-outgoing-22 << "[\r][\n]"
12:53:00.109 [Forwarding findElement on session 26291947382dabd69fa0e56bc6d49c56 to remote] DEBUG org.apache.http.wire - http-outgoing-22 << "{"value":{"element-6066-11e4-a52e-4f735466cecf":"d7f85be6-b8bd-4da3-a927-7822be93028c"}}"
12:53:00.110 [Forwarding findElement on session 26291947382dabd69fa0e56bc6d49c56 to remote] DEBUG org.apache.http.headers - http-outgoing-22 << HTTP/1.1 200 OK
12:53:00.110 [Forwarding findElement on session 26291947382dabd69fa0e56bc6d49c56 to remote] DEBUG org.apache.http.headers - http-outgoing-22 << Content-Length:88
12:53:00.110 [Forwarding findElement on session 26291947382dabd69fa0e56bc6d49c56 to remote] DEBUG org.apache.http.headers - http-outgoing-22 << Content-Type:application/json; charset=utf-8
12:53:00.110 [Forwarding findElement on session 26291947382dabd69fa0e56bc6d49c56 to remote] DEBUG org.apache.http.headers - http-outgoing-22 << cache-control:no-cache
12:53:00.110 [Forwarding findElement on session 26291947382dabd69fa0e56bc6d49c56 to remote] DEBUG org.apache.http.impl.execchain.MainClientExec - Connection can be kept alive indefinitely
12:53:00.110 [Forwarding findElement on session 26291947382dabd69fa0e56bc6d49c56 to remote] DEBUG org.apache.http.impl.conn.PoolingHttpClientConnectionManager - Connection [id: 22][route: {}->http://localhost:27873] can be kept alive indefinitely
12:53:00.110 [Forwarding findElement on session 26291947382dabd69fa0e56bc6d49c56 to remote] DEBUG org.apache.http.impl.conn.PoolingHttpClientConnectionManager - Connection released: [id: 22][route: {}->http://localhost:27873][total kept alive: 5; route allocated: 1 of 2000; total allocated: 5 of 2000]
12:53:00.110 [Forwarding clickElement on session 26291947382dabd69fa0e56bc6d49c56 to remote] DEBUG org.apache.http.client.protocol.RequestAddCookies - CookieSpec selected: default
12:53:00.110 [Forwarding clickElement on session 26291947382dabd69fa0e56bc6d49c56 to remote] DEBUG org.apache.http.client.protocol.RequestAuthCache - Auth cache not set in the context
12:53:00.110 [Forwarding clickElement on session 26291947382dabd69fa0e56bc6d49c56 to remote] DEBUG org.apache.http.impl.conn.PoolingHttpClientConnectionManager - Connection request: [route: {}->http://localhost:27873][total kept alive: 5; route allocated: 1 of 2000; total allocated: 5 of 2000]
12:53:00.110 [Forwarding clickElement on session 26291947382dabd69fa0e56bc6d49c56 to remote] DEBUG org.apache.http.impl.conn.PoolingHttpClientConnectionManager - Connection leased: [id: 22][route: {}->http://localhost:27873][total kept alive: 4; route allocated: 1 of 2000; total allocated: 5 of 2000]
12:53:00.110 [Forwarding clickElement on session 26291947382dabd69fa0e56bc6d49c56 to remote] DEBUG org.apache.http.impl.execchain.MainClientExec - Stale connection check
12:53:00.112 [Forwarding clickElement on session 26291947382dabd69fa0e56bc6d49c56 to remote] DEBUG org.apache.http.wire - http-outgoing-22 << "[read] I/O error: Read timed out"
12:53:00.112 [Forwarding clickElement on session 26291947382dabd69fa0e56bc6d49c56 to remote] DEBUG org.apache.http.impl.conn.DefaultManagedHttpClientConnection - http-outgoing-22: set socket timeout to 10800000
12:53:00.112 [Forwarding clickElement on session 26291947382dabd69fa0e56bc6d49c56 to remote] DEBUG org.apache.http.impl.execchain.MainClientExec - Executing request POST /session/26291947382dabd69fa0e56bc6d49c56/element/d7f85be6-b8bd-4da3-a927-7822be93028c/click HTTP/1.1
12:53:00.112 [Forwarding clickElement on session 26291947382dabd69fa0e56bc6d49c56 to remote] DEBUG org.apache.http.impl.execchain.MainClientExec - Target auth state: UNCHALLENGED
12:53:00.112 [Forwarding clickElement on session 26291947382dabd69fa0e56bc6d49c56 to remote] DEBUG org.apache.http.impl.execchain.MainClientExec - Proxy auth state: UNCHALLENGED
12:53:00.112 [Forwarding clickElement on session 26291947382dabd69fa0e56bc6d49c56 to remote] DEBUG org.apache.http.headers - http-outgoing-22 >> POST /session/26291947382dabd69fa0e56bc6d49c56/element/d7f85be6-b8bd-4da3-a927-7822be93028c/click HTTP/1.1
12:53:00.112 [Forwarding clickElement on session 26291947382dabd69fa0e56bc6d49c56 to remote] DEBUG org.apache.http.headers - http-outgoing-22 >> Content-Type: application/json; charset=utf-8
12:53:00.112 [Forwarding clickElement on session 26291947382dabd69fa0e56bc6d49c56 to remote] DEBUG org.apache.http.headers - http-outgoing-22 >> Content-Length: 45
12:53:00.112 [Forwarding clickElement on session 26291947382dabd69fa0e56bc6d49c56 to remote] DEBUG org.apache.http.headers - http-outgoing-22 >> Host: localhost:27873
12:53:00.112 [Forwarding clickElement on session 26291947382dabd69fa0e56bc6d49c56 to remote] DEBUG org.apache.http.headers - http-outgoing-22 >> Connection: Keep-Alive
12:53:00.112 [Forwarding clickElement on session 26291947382dabd69fa0e56bc6d49c56 to remote] DEBUG org.apache.http.headers - http-outgoing-22 >> User-Agent: Apache-HttpClient/4.5.3 (Java/1.8.0_211)
12:53:00.112 [Forwarding clickElement on session 26291947382dabd69fa0e56bc6d49c56 to remote] DEBUG org.apache.http.headers - http-outgoing-22 >> Accept-Encoding: gzip,deflate
12:53:00.112 [Forwarding clickElement on session 26291947382dabd69fa0e56bc6d49c56 to remote] DEBUG org.apache.http.wire - http-outgoing-22 >> "POST /session/26291947382dabd69fa0e56bc6d49c56/element/d7f85be6-b8bd-4da3-a927-7822be93028c/click HTTP/1.1[\r][\n]"
12:53:00.112 [Forwarding clickElement on session 26291947382dabd69fa0e56bc6d49c56 to remote] DEBUG org.apache.http.wire - http-outgoing-22 >> "Content-Type: application/json; charset=utf-8[\r][\n]"
12:53:00.112 [Forwarding clickElement on session 26291947382dabd69fa0e56bc6d49c56 to remote] DEBUG org.apache.http.wire - http-outgoing-22 >> "Content-Length: 45[\r][\n]"
12:53:00.112 [Forwarding clickElement on session 26291947382dabd69fa0e56bc6d49c56 to remote] DEBUG org.apache.http.wire - http-outgoing-22 >> "Host: localhost:27873[\r][\n]"
12:53:00.112 [Forwarding clickElement on session 26291947382dabd69fa0e56bc6d49c56 to remote] DEBUG org.apache.http.wire - http-outgoing-22 >> "Connection: Keep-Alive[\r][\n]"
12:53:00.112 [Forwarding clickElement on session 26291947382dabd69fa0e56bc6d49c56 to remote] DEBUG org.apache.http.wire - http-outgoing-22 >> "User-Agent: Apache-HttpClient/4.5.3 (Java/1.8.0_211)[\r][\n]"
12:53:00.112 [Forwarding clickElement on session 26291947382dabd69fa0e56bc6d49c56 to remote] DEBUG org.apache.http.wire - http-outgoing-22 >> "Accept-Encoding: gzip,deflate[\r][\n]"
12:53:00.112 [Forwarding clickElement on session 26291947382dabd69fa0e56bc6d49c56 to remote] DEBUG org.apache.http.wire - http-outgoing-22 >> "[\r][\n]"
12:53:00.112 [Forwarding clickElement on session 26291947382dabd69fa0e56bc6d49c56 to remote] DEBUG org.apache.http.wire - http-outgoing-22 >> "{"id":"d7f85be6-b8bd-4da3-a927-7822be93028c"}"
12:53:00.173 [Forwarding clickElement on session 26291947382dabd69fa0e56bc6d49c56 to remote] DEBUG org.apache.http.wire - http-outgoing-22 << "HTTP/1.1 200 OK[\r][\n]"
12:53:00.173 [Forwarding clickElement on session 26291947382dabd69fa0e56bc6d49c56 to remote] DEBUG org.apache.http.wire - http-outgoing-22 << "Content-Length:14[\r][\n]"
12:53:00.173 [Forwarding clickElement on session 26291947382dabd69fa0e56bc6d49c56 to remote] DEBUG org.apache.http.wire - http-outgoing-22 << "Content-Type:application/json; charset=utf-8[\r][\n]"
12:53:00.173 [Forwarding clickElement on session 26291947382dabd69fa0e56bc6d49c56 to remote] DEBUG org.apache.http.wire - http-outgoing-22 << "cache-control:no-cache[\r][\n]"
12:53:00.173 [Forwarding clickElement on session 26291947382dabd69fa0e56bc6d49c56 to remote] DEBUG org.apache.http.wire - http-outgoing-22 << "[\r][\n]"
12:53:00.173 [Forwarding clickElement on session 26291947382dabd69fa0e56bc6d49c56 to remote] DEBUG org.apache.http.wire - http-outgoing-22 << "{"value":null}"
12:53:00.173 [Forwarding clickElement on session 26291947382dabd69fa0e56bc6d49c56 to remote] DEBUG org.apache.http.headers - http-outgoing-22 << HTTP/1.1 200 OK
12:53:00.173 [Forwarding clickElement on session 26291947382dabd69fa0e56bc6d49c56 to remote] DEBUG org.apache.http.headers - http-outgoing-22 << Content-Length:14
12:53:00.173 [Forwarding clickElement on session 26291947382dabd69fa0e56bc6d49c56 to remote] DEBUG org.apache.http.headers - http-outgoing-22 << Content-Type:application/json; charset=utf-8
12:53:00.173 [Forwarding clickElement on session 26291947382dabd69fa0e56bc6d49c56 to remote] DEBUG org.apache.http.headers - http-outgoing-22 << cache-control:no-cache
12:53:00.173 [Forwarding clickElement on session 26291947382dabd69fa0e56bc6d49c56 to remote] DEBUG org.apache.http.impl.execchain.MainClientExec - Connection can be kept alive indefinitely
12:53:00.173 [Forwarding clickElement on session 26291947382dabd69fa0e56bc6d49c56 to remote] DEBUG org.apache.http.impl.conn.PoolingHttpClientConnectionManager - Connection [id: 22][route: {}->http://localhost:27873] can be kept alive indefinitely
12:53:00.173 [Forwarding clickElement on session 26291947382dabd69fa0e56bc6d49c56 to remote] DEBUG org.apache.http.impl.conn.PoolingHttpClientConnectionManager - Connection released: [id: 22][route: {}->http://localhost:27873][total kept alive: 5; route allocated: 1 of 2000; total allocated: 5 of 2000]
12:53:00.174 [Forwarding findElement on session 26291947382dabd69fa0e56bc6d49c56 to remote] DEBUG org.apache.http.client.protocol.RequestAddCookies - CookieSpec selected: default
12:53:00.174 [Forwarding findElement on session 26291947382dabd69fa0e56bc6d49c56 to remote] DEBUG org.apache.http.client.protocol.RequestAuthCache - Auth cache not set in the context
12:53:00.174 [Forwarding findElement on session 26291947382dabd69fa0e56bc6d49c56 to remote] DEBUG org.apache.http.impl.conn.PoolingHttpClientConnectionManager - Connection request: [route: {}->http://localhost:27873][total kept alive: 5; route allocated: 1 of 2000; total allocated: 5 of 2000]
12:53:00.174 [Forwarding findElement on session 26291947382dabd69fa0e56bc6d49c56 to remote] DEBUG org.apache.http.impl.conn.PoolingHttpClientConnectionManager - Connection leased: [id: 22][route: {}->http://localhost:27873][total kept alive: 4; route allocated: 1 of 2000; total allocated: 5 of 2000]
12:53:00.174 [Forwarding findElement on session 26291947382dabd69fa0e56bc6d49c56 to remote] DEBUG org.apache.http.impl.execchain.MainClientExec - Stale connection check
12:53:00.175 [Forwarding findElement on session 26291947382dabd69fa0e56bc6d49c56 to remote] DEBUG org.apache.http.wire - http-outgoing-22 << "[read] I/O error: Read timed out"
12:53:00.175 [Forwarding findElement on session 26291947382dabd69fa0e56bc6d49c56 to remote] DEBUG org.apache.http.impl.conn.DefaultManagedHttpClientConnection - http-outgoing-22: set socket timeout to 10800000
12:53:00.175 [Forwarding findElement on session 26291947382dabd69fa0e56bc6d49c56 to remote] DEBUG org.apache.http.impl.execchain.MainClientExec - Executing request POST /session/26291947382dabd69fa0e56bc6d49c56/element HTTP/1.1
12:53:00.175 [Forwarding findElement on session 26291947382dabd69fa0e56bc6d49c56 to remote] DEBUG org.apache.http.impl.execchain.MainClientExec - Target auth state: UNCHALLENGED
12:53:00.175 [Forwarding findElement on session 26291947382dabd69fa0e56bc6d49c56 to remote] DEBUG org.apache.http.impl.execchain.MainClientExec - Proxy auth state: UNCHALLENGED
12:53:00.175 [Forwarding findElement on session 26291947382dabd69fa0e56bc6d49c56 to remote] DEBUG org.apache.http.headers - http-outgoing-22 >> POST /session/26291947382dabd69fa0e56bc6d49c56/element HTTP/1.1
12:53:00.175 [Forwarding findElement on session 26291947382dabd69fa0e56bc6d49c56 to remote] DEBUG org.apache.http.headers - http-outgoing-22 >> Content-Type: application/json; charset=utf-8
12:53:00.175 [Forwarding findElement on session 26291947382dabd69fa0e56bc6d49c56 to remote] DEBUG org.apache.http.headers - http-outgoing-22 >> Content-Length: 53
12:53:00.175 [Forwarding findElement on session 26291947382dabd69fa0e56bc6d49c56 to remote] DEBUG org.apache.http.headers - http-outgoing-22 >> Host: localhost:27873
12:53:00.175 [Forwarding findElement on session 26291947382dabd69fa0e56bc6d49c56 to remote] DEBUG org.apache.http.headers - http-outgoing-22 >> Connection: Keep-Alive
12:53:00.175 [Forwarding findElement on session 26291947382dabd69fa0e56bc6d49c56 to remote] DEBUG org.apache.http.headers - http-outgoing-22 >> User-Agent: Apache-HttpClient/4.5.3 (Java/1.8.0_211)
12:53:00.175 [Forwarding findElement on session 26291947382dabd69fa0e56bc6d49c56 to remote] DEBUG org.apache.http.headers - http-outgoing-22 >> Accept-Encoding: gzip,deflate
12:53:00.175 [Forwarding findElement on session 26291947382dabd69fa0e56bc6d49c56 to remote] DEBUG org.apache.http.wire - http-outgoing-22 >> "POST /session/26291947382dabd69fa0e56bc6d49c56/element HTTP/1.1[\r][\n]"
12:53:00.175 [Forwarding findElement on session 26291947382dabd69fa0e56bc6d49c56 to remote] DEBUG org.apache.http.wire - http-outgoing-22 >> "Content-Type: application/json; charset=utf-8[\r][\n]"
12:53:00.175 [Forwarding findElement on session 26291947382dabd69fa0e56bc6d49c56 to remote] DEBUG org.apache.http.wire - http-outgoing-22 >> "Content-Length: 53[\r][\n]"
12:53:00.175 [Forwarding findElement on session 26291947382dabd69fa0e56bc6d49c56 to remote] DEBUG org.apache.http.wire - http-outgoing-22 >> "Host: localhost:27873[\r][\n]"
12:53:00.175 [Forwarding findElement on session 26291947382dabd69fa0e56bc6d49c56 to remote] DEBUG org.apache.http.wire - http-outgoing-22 >> "Connection: Keep-Alive[\r][\n]"
12:53:00.175 [Forwarding findElement on session 26291947382dabd69fa0e56bc6d49c56 to remote] DEBUG org.apache.http.wire - http-outgoing-22 >> "User-Agent: Apache-HttpClient/4.5.3 (Java/1.8.0_211)[\r][\n]"
12:53:00.175 [Forwarding findElement on session 26291947382dabd69fa0e56bc6d49c56 to remote] DEBUG org.apache.http.wire - http-outgoing-22 >> "Accept-Encoding: gzip,deflate[\r][\n]"
12:53:00.175 [Forwarding findElement on session 26291947382dabd69fa0e56bc6d49c56 to remote] DEBUG org.apache.http.wire - http-outgoing-22 >> "[\r][\n]"
12:53:00.175 [Forwarding findElement on session 26291947382dabd69fa0e56bc6d49c56 to remote] DEBUG org.apache.http.wire - http-outgoing-22 >> "{"value":"span > .d-flex div","using":"css selector"}"
12:53:00.558 [Forwarding findElement on session 26291947382dabd69fa0e56bc6d49c56 to remote] DEBUG org.apache.http.wire - http-outgoing-22 << "HTTP/1.1 200 OK[\r][\n]"
12:53:00.558 [Forwarding findElement on session 26291947382dabd69fa0e56bc6d49c56 to remote] DEBUG org.apache.http.wire - http-outgoing-22 << "Content-Length:88[\r][\n]"
12:53:00.558 [Forwarding findElement on session 26291947382dabd69fa0e56bc6d49c56 to remote] DEBUG org.apache.http.wire - http-outgoing-22 << "Content-Type:application/json; charset=utf-8[\r][\n]"
12:53:00.558 [Forwarding findElement on session 26291947382dabd69fa0e56bc6d49c56 to remote] DEBUG org.apache.http.wire - http-outgoing-22 << "cache-control:no-cache[\r][\n]"
12:53:00.558 [Forwarding findElement on session 26291947382dabd69fa0e56bc6d49c56 to remote] DEBUG org.apache.http.wire - http-outgoing-22 << "[\r][\n]"
12:53:00.558 [Forwarding findElement on session 26291947382dabd69fa0e56bc6d49c56 to remote] DEBUG org.apache.http.wire - http-outgoing-22 << "{"value":{"element-6066-11e4-a52e-4f735466cecf":"f9413922-0673-4ddc-b85f-378c347b1c1f"}}"
12:53:00.558 [Forwarding findElement on session 26291947382dabd69fa0e56bc6d49c56 to remote] DEBUG org.apache.http.headers - http-outgoing-22 << HTTP/1.1 200 OK
12:53:00.558 [Forwarding findElement on session 26291947382dabd69fa0e56bc6d49c56 to remote] DEBUG org.apache.http.headers - http-outgoing-22 << Content-Length:88
12:53:00.558 [Forwarding findElement on session 26291947382dabd69fa0e56bc6d49c56 to remote] DEBUG org.apache.http.headers - http-outgoing-22 << Content-Type:application/json; charset=utf-8
12:53:00.558 [Forwarding findElement on session 26291947382dabd69fa0e56bc6d49c56 to remote] DEBUG org.apache.http.headers - http-outgoing-22 << cache-control:no-cache
12:53:00.558 [Forwarding findElement on session 26291947382dabd69fa0e56bc6d49c56 to remote] DEBUG org.apache.http.impl.execchain.MainClientExec - Connection can be kept alive indefinitely
12:53:00.558 [Forwarding findElement on session 26291947382dabd69fa0e56bc6d49c56 to remote] DEBUG org.apache.http.impl.conn.PoolingHttpClientConnectionManager - Connection [id: 22][route: {}->http://localhost:27873] can be kept alive indefinitely
12:53:00.558 [Forwarding findElement on session 26291947382dabd69fa0e56bc6d49c56 to remote] DEBUG org.apache.http.impl.conn.PoolingHttpClientConnectionManager - Connection released: [id: 22][route: {}->http://localhost:27873][total kept alive: 5; route allocated: 1 of 2000; total allocated: 5 of 2000]
12:53:00.558 [Forwarding getElementText on session 26291947382dabd69fa0e56bc6d49c56 to remote] DEBUG org.apache.http.client.protocol.RequestAddCookies - CookieSpec selected: default
12:53:00.558 [Forwarding getElementText on session 26291947382dabd69fa0e56bc6d49c56 to remote] DEBUG org.apache.http.client.protocol.RequestAuthCache - Auth cache not set in the context
12:53:00.558 [Forwarding getElementText on session 26291947382dabd69fa0e56bc6d49c56 to remote] DEBUG org.apache.http.impl.conn.PoolingHttpClientConnectionManager - Connection request: [route: {}->http://localhost:27873][total kept alive: 5; route allocated: 1 of 2000; total allocated: 5 of 2000]
12:53:00.558 [Forwarding getElementText on session 26291947382dabd69fa0e56bc6d49c56 to remote] DEBUG org.apache.http.impl.conn.PoolingHttpClientConnectionManager - Connection leased: [id: 22][route: {}->http://localhost:27873][total kept alive: 4; route allocated: 1 of 2000; total allocated: 5 of 2000]
12:53:00.558 [Forwarding getElementText on session 26291947382dabd69fa0e56bc6d49c56 to remote] DEBUG org.apache.http.impl.execchain.MainClientExec - Stale connection check
12:53:00.560 [Forwarding getElementText on session 26291947382dabd69fa0e56bc6d49c56 to remote] DEBUG org.apache.http.wire - http-outgoing-22 << "[read] I/O error: Read timed out"
12:53:00.560 [Forwarding getElementText on session 26291947382dabd69fa0e56bc6d49c56 to remote] DEBUG org.apache.http.impl.conn.DefaultManagedHttpClientConnection - http-outgoing-22: set socket timeout to 10800000
12:53:00.560 [Forwarding getElementText on session 26291947382dabd69fa0e56bc6d49c56 to remote] DEBUG org.apache.http.impl.execchain.MainClientExec - Executing request GET /session/26291947382dabd69fa0e56bc6d49c56/element/f9413922-0673-4ddc-b85f-378c347b1c1f/text HTTP/1.1
12:53:00.560 [Forwarding getElementText on session 26291947382dabd69fa0e56bc6d49c56 to remote] DEBUG org.apache.http.impl.execchain.MainClientExec - Target auth state: UNCHALLENGED
12:53:00.560 [Forwarding getElementText on session 26291947382dabd69fa0e56bc6d49c56 to remote] DEBUG org.apache.http.impl.execchain.MainClientExec - Proxy auth state: UNCHALLENGED
12:53:00.560 [Forwarding getElementText on session 26291947382dabd69fa0e56bc6d49c56 to remote] DEBUG org.apache.http.headers - http-outgoing-22 >> GET /session/26291947382dabd69fa0e56bc6d49c56/element/f9413922-0673-4ddc-b85f-378c347b1c1f/text HTTP/1.1
12:53:00.560 [Forwarding getElementText on session 26291947382dabd69fa0e56bc6d49c56 to remote] DEBUG org.apache.http.headers - http-outgoing-22 >> Cache-Control: no-cache
12:53:00.560 [Forwarding getElementText on session 26291947382dabd69fa0e56bc6d49c56 to remote] DEBUG org.apache.http.headers - http-outgoing-22 >> Host: localhost:27873
12:53:00.560 [Forwarding getElementText on session 26291947382dabd69fa0e56bc6d49c56 to remote] DEBUG org.apache.http.headers - http-outgoing-22 >> Connection: Keep-Alive
12:53:00.560 [Forwarding getElementText on session 26291947382dabd69fa0e56bc6d49c56 to remote] DEBUG org.apache.http.headers - http-outgoing-22 >> User-Agent: Apache-HttpClient/4.5.3 (Java/1.8.0_211)
12:53:00.560 [Forwarding getElementText on session 26291947382dabd69fa0e56bc6d49c56 to remote] DEBUG org.apache.http.headers - http-outgoing-22 >> Accept-Encoding: gzip,deflate
12:53:00.560 [Forwarding getElementText on session 26291947382dabd69fa0e56bc6d49c56 to remote] DEBUG org.apache.http.wire - http-outgoing-22 >> "GET /session/26291947382dabd69fa0e56bc6d49c56/element/f9413922-0673-4ddc-b85f-378c347b1c1f/text HTTP/1.1[\r][\n]"
12:53:00.560 [Forwarding getElementText on session 26291947382dabd69fa0e56bc6d49c56 to remote] DEBUG org.apache.http.wire - http-outgoing-22 >> "Cache-Control: no-cache[\r][\n]"
12:53:00.560 [Forwarding getElementText on session 26291947382dabd69fa0e56bc6d49c56 to remote] DEBUG org.apache.http.wire - http-outgoing-22 >> "Host: localhost:27873[\r][\n]"
12:53:00.560 [Forwarding getElementText on session 26291947382dabd69fa0e56bc6d49c56 to remote] DEBUG org.apache.http.wire - http-outgoing-22 >> "Connection: Keep-Alive[\r][\n]"
12:53:00.560 [Forwarding getElementText on session 26291947382dabd69fa0e56bc6d49c56 to remote] DEBUG org.apache.http.wire - http-outgoing-22 >> "User-Agent: Apache-HttpClient/4.5.3 (Java/1.8.0_211)[\r][\n]"
12:53:00.560 [Forwarding getElementText on session 26291947382dabd69fa0e56bc6d49c56 to remote] DEBUG org.apache.http.wire - http-outgoing-22 >> "Accept-Encoding: gzip,deflate[\r][\n]"
12:53:00.560 [Forwarding getElementText on session 26291947382dabd69fa0e56bc6d49c56 to remote] DEBUG org.apache.http.wire - http-outgoing-22 >> "[\r][\n]"
12:53:00.569 [Forwarding getElementText on session 26291947382dabd69fa0e56bc6d49c56 to remote] DEBUG org.apache.http.wire - http-outgoing-22 << "HTTP/1.1 200 OK[\r][\n]"
12:53:00.569 [Forwarding getElementText on session 26291947382dabd69fa0e56bc6d49c56 to remote] DEBUG org.apache.http.wire - http-outgoing-22 << "Content-Length:46[\r][\n]"
12:53:00.569 [Forwarding getElementText on session 26291947382dabd69fa0e56bc6d49c56 to remote] DEBUG org.apache.http.wire - http-outgoing-22 << "Content-Type:application/json; charset=utf-8[\r][\n]"
12:53:00.569 [Forwarding getElementText on session 26291947382dabd69fa0e56bc6d49c56 to remote] DEBUG org.apache.http.wire - http-outgoing-22 << "cache-control:no-cache[\r][\n]"
12:53:00.569 [Forwarding getElementText on session 26291947382dabd69fa0e56bc6d49c56 to remote] DEBUG org.apache.http.wire - http-outgoing-22 << "[\r][\n]"
12:53:00.569 [Forwarding getElementText on session 26291947382dabd69fa0e56bc6d49c56 to remote] DEBUG org.apache.http.wire - http-outgoing-22 << "{"value":"TN2jfdYCX9vvozqjwVvPjMd7vRj8HKyxUe"}"
12:53:00.569 [Forwarding getElementText on session 26291947382dabd69fa0e56bc6d49c56 to remote] DEBUG org.apache.http.headers - http-outgoing-22 << HTTP/1.1 200 OK
12:53:00.569 [Forwarding getElementText on session 26291947382dabd69fa0e56bc6d49c56 to remote] DEBUG org.apache.http.headers - http-outgoing-22 << Content-Length:46
12:53:00.569 [Forwarding getElementText on session 26291947382dabd69fa0e56bc6d49c56 to remote] DEBUG org.apache.http.headers - http-outgoing-22 << Content-Type:application/json; charset=utf-8
12:53:00.569 [Forwarding getElementText on session 26291947382dabd69fa0e56bc6d49c56 to remote] DEBUG org.apache.http.headers - http-outgoing-22 << cache-control:no-cache
12:53:00.569 [Forwarding getElementText on session 26291947382dabd69fa0e56bc6d49c56 to remote] DEBUG org.apache.http.impl.execchain.MainClientExec - Connection can be kept alive indefinitely
12:53:00.569 [Forwarding getElementText on session 26291947382dabd69fa0e56bc6d49c56 to remote] DEBUG org.apache.http.impl.conn.PoolingHttpClientConnectionManager - Connection [id: 22][route: {}->http://localhost:27873] can be kept alive indefinitely
12:53:00.569 [Forwarding getElementText on session 26291947382dabd69fa0e56bc6d49c56 to remote] DEBUG org.apache.http.impl.conn.PoolingHttpClientConnectionManager - Connection released: [id: 22][route: {}->http://localhost:27873][total kept alive: 5; route allocated: 1 of 2000; total allocated: 5 of 2000]
]]></system-out>
  <system-err><![CDATA[Starting ChromeDriver 80.0.3987.106 (f68069574609230cf9b635cd784cfb1bf81bb53a-refs/branch-heads/3987@{#882}) on port 27873
Only local connections are allowed.
Please protect ports used by ChromeDriver and related test frameworks to prevent access by malicious code.
[1584679973.659][WARNING]: FromSockAddr failed on netmask
三月 20, 2020 12:52:54 下午 org.openqa.selenium.remote.ProtocolHandshake createSession
信息: Detected dialect: W3C
[1584679975.023][SEVERE]: Timed out receiving message from renderer: 0.100
[1584679975.124][SEVERE]: Timed out receiving message from renderer: 0.100
[1584679975.253][SEVERE]: Timed out receiving message from renderer: 0.100
[1584679975.354][SEVERE]: Timed out receiving message from renderer: 0.100
[1584679975.454][SEVERE]: Timed out receiving message from renderer: 0.100
[1584679975.555][SEVERE]: Timed out receiving message from renderer: 0.100
[1584679975.655][SEVERE]: Timed out receiving message from renderer: 0.100
[1584679975.756][SEVERE]: Timed out receiving message from renderer: 0.100
[1584679975.857][SEVERE]: Timed out receiving message from renderer: 0.100
[1584679976.365][SEVERE]: Timed out receiving message from renderer: 0.100
[1584679976.466][SEVERE]: Timed out receiving message from renderer: 0.100
[1584679976.691][SEVERE]: Timed out receiving message from renderer: 0.100
[1584679976.835][SEVERE]: Timed out receiving message from renderer: 0.100
[1584679976.936][SEVERE]: Timed out receiving message from renderer: 0.100
[1584679977.037][SEVERE]: Timed out receiving message from renderer: 0.100
[1584679977.138][SEVERE]: Timed out receiving message from renderer: 0.100
[1584679977.239][SEVERE]: Timed out receiving message from renderer: 0.100
]]></system-err>
</testsuite>
