<?xml version="1.0" encoding="UTF-8"?>
<testsuite name="tron.tronscan.tronscanUI.Contract_deplymentTest" tests="1" skipped="0" failures="1" errors="0" timestamp="2020-03-20T04:51:27" hostname="zhukaideiMac.local" time="16.077">
  <properties/>
  <testcase name="test" classname="tron.tronscan.tronscanUI.Contract_deplymentTest" time="16.077">
    <failure message="org.openqa.selenium.NoSuchElementException: no such element: Unable to locate element: {&quot;method&quot;:&quot;xpath&quot;,&quot;selector&quot;:&quot;/html/body/div[3]/div/div[1]/div/div/div[2]/div[7]/button&quot;}&#10;  (Session info: chrome=80.0.3987.149)&#10;For documentation on this error, please visit: http://seleniumhq.org/exceptions/no_such_element.html&#10;Build info: version: '3.6.0', revision: '6fbf3ec767', time: '2017-09-27T15:28:36.4Z'&#10;System info: host: 'zhukaideiMac.local', ip: '127.0.0.1', os.name: 'Mac OS X', os.arch: 'x86_64', os.version: '10.15.3', java.version: '1.8.0_211'&#10;Driver info: org.openqa.selenium.chrome.ChromeDriver&#10;Capabilities [{networkConnectionEnabled=false, chrome={chromedriverVersion=80.0.3987.106 (f68069574609230cf9b635cd784cfb1bf81bb53a-refs/branch-heads/3987@{#882}), userDataDir=/var/folders/fs/0qxrqb5x7zg5dtqrhc9t0clm0000gn/T/.com.google.Chrome.RwMU5W}, timeouts={implicit=0, pageLoad=300000, script=30000}, pageLoadStrategy=normal, unhandledPromptBehavior=dismiss and notify, strictFileInteractability=false, platform=MAC, proxy=Proxy(), goog:chromeOptions={debuggerAddress=localhost:60410}, acceptInsecureCerts=false, browserVersion=80.0.3987.149, browserName=chrome, javascriptEnabled=true, platformName=MAC, setWindowRect=true}]&#10;Session ID: 02cef0f58a09e14fa89266f735ae910f&#10;*** Element info: {Using=xpath, value=/html/body/div[3]/div/div[1]/div/div/div[2]/div[7]/button}" type="org.openqa.selenium.NoSuchElementException">org.openqa.selenium.NoSuchElementException: no such element: Unable to locate element: {&quot;method&quot;:&quot;xpath&quot;,&quot;selector&quot;:&quot;/html/body/div[3]/div/div[1]/div/div/div[2]/div[7]/button&quot;}
  (Session info: chrome=80.0.3987.149)
For documentation on this error, please visit: http://seleniumhq.org/exceptions/no_such_element.html
Build info: version: '3.6.0', revision: '6fbf3ec767', time: '2017-09-27T15:28:36.4Z'
System info: host: 'zhukaideiMac.local', ip: '127.0.0.1', os.name: 'Mac OS X', os.arch: 'x86_64', os.version: '10.15.3', java.version: '1.8.0_211'
Driver info: org.openqa.selenium.chrome.ChromeDriver
Capabilities [{networkConnectionEnabled=false, chrome={chromedriverVersion=80.0.3987.106 (f68069574609230cf9b635cd784cfb1bf81bb53a-refs/branch-heads/3987@{#882}), userDataDir=/var/folders/fs/0qxrqb5x7zg5dtqrhc9t0clm0000gn/T/.com.google.Chrome.RwMU5W}, timeouts={implicit=0, pageLoad=300000, script=30000}, pageLoadStrategy=normal, unhandledPromptBehavior=dismiss and notify, strictFileInteractability=false, platform=MAC, proxy=Proxy(), goog:chromeOptions={debuggerAddress=localhost:60410}, acceptInsecureCerts=false, browserVersion=80.0.3987.149, browserName=chrome, javascriptEnabled=true, platformName=MAC, setWindowRect=true}]
Session ID: 02cef0f58a09e14fa89266f735ae910f
*** Element info: {Using=xpath, value=/html/body/div[3]/div/div[1]/div/div/div[2]/div[7]/button}
	at sun.reflect.NativeConstructorAccessorImpl.newInstance0(Native Method)
	at sun.reflect.NativeConstructorAccessorImpl.newInstance(NativeConstructorAccessorImpl.java:62)
	at sun.reflect.DelegatingConstructorAccessorImpl.newInstance(DelegatingConstructorAccessorImpl.java:45)
	at java.lang.reflect.Constructor.newInstance(Constructor.java:423)
	at org.openqa.selenium.remote.http.W3CHttpResponseCodec.createException(W3CHttpResponseCodec.java:185)
	at org.openqa.selenium.remote.http.W3CHttpResponseCodec.decode(W3CHttpResponseCodec.java:120)
	at org.openqa.selenium.remote.http.W3CHttpResponseCodec.decode(W3CHttpResponseCodec.java:49)
	at org.openqa.selenium.remote.HttpCommandExecutor.execute(HttpCommandExecutor.java:164)
	at org.openqa.selenium.remote.service.DriverCommandExecutor.execute(DriverCommandExecutor.java:83)
	at org.openqa.selenium.remote.RemoteWebDriver.execute(RemoteWebDriver.java:586)
	at org.openqa.selenium.remote.RemoteWebDriver.findElement(RemoteWebDriver.java:356)
	at org.openqa.selenium.remote.RemoteWebDriver.findElementByXPath(RemoteWebDriver.java:458)
	at org.openqa.selenium.By$ByXPath.findElement(By.java:361)
	at org.openqa.selenium.remote.RemoteWebDriver.findElement(RemoteWebDriver.java:348)
	at tron.tronscan.tronscanUI.Contract_deplymentTest.test(Contract_deplymentTest.java:61)
	at sun.reflect.NativeMethodAccessorImpl.invoke0(Native Method)
	at sun.reflect.NativeMethodAccessorImpl.invoke(NativeMethodAccessorImpl.java:62)
	at sun.reflect.DelegatingMethodAccessorImpl.invoke(DelegatingMethodAccessorImpl.java:43)
	at java.lang.reflect.Method.invoke(Method.java:498)
	at org.testng.internal.MethodInvocationHelper.invokeMethod(MethodInvocationHelper.java:124)
	at org.testng.internal.Invoker.invokeMethod(Invoker.java:583)
	at org.testng.internal.Invoker.invokeTestMethod(Invoker.java:719)
	at org.testng.internal.Invoker.invokeTestMethods(Invoker.java:989)
	at org.testng.internal.TestMethodWorker.invokeTestMethods(TestMethodWorker.java:125)
	at org.testng.internal.TestMethodWorker.run(TestMethodWorker.java:109)
	at org.testng.TestRunner.privateRun(TestRunner.java:648)
	at org.testng.TestRunner.run(TestRunner.java:505)
	at org.testng.SuiteRunner.runTest(SuiteRunner.java:455)
	at org.testng.SuiteRunner.runSequentially(SuiteRunner.java:450)
	at org.testng.SuiteRunner.privateRun(SuiteRunner.java:415)
	at org.testng.SuiteRunner.run(SuiteRunner.java:364)
	at org.testng.SuiteRunnerWorker.runSuite(SuiteRunnerWorker.java:52)
	at org.testng.SuiteRunnerWorker.run(SuiteRunnerWorker.java:84)
	at org.testng.TestNG.runSuitesSequentially(TestNG.java:1208)
	at org.testng.TestNG.runSuitesLocally(TestNG.java:1137)
	at org.testng.TestNG.runSuites(TestNG.java:1049)
	at org.testng.TestNG.run(TestNG.java:1017)
	at org.gradle.api.internal.tasks.testing.testng.TestNGTestClassProcessor.runTests(TestNGTestClassProcessor.java:139)
	at org.gradle.api.internal.tasks.testing.testng.TestNGTestClassProcessor.stop(TestNGTestClassProcessor.java:89)
	at org.gradle.api.internal.tasks.testing.SuiteTestClassProcessor.stop(SuiteTestClassProcessor.java:61)
	at sun.reflect.NativeMethodAccessorImpl.invoke0(Native Method)
	at sun.reflect.NativeMethodAccessorImpl.invoke(NativeMethodAccessorImpl.java:62)
	at sun.reflect.DelegatingMethodAccessorImpl.invoke(DelegatingMethodAccessorImpl.java:43)
	at java.lang.reflect.Method.invoke(Method.java:498)
	at org.gradle.internal.dispatch.ReflectionDispatch.dispatch(ReflectionDispatch.java:35)
	at org.gradle.internal.dispatch.ReflectionDispatch.dispatch(ReflectionDispatch.java:24)
	at org.gradle.internal.dispatch.ContextClassLoaderDispatch.dispatch(ContextClassLoaderDispatch.java:32)
	at org.gradle.internal.dispatch.ProxyDispatchAdapter$DispatchingInvocationHandler.invoke(ProxyDispatchAdapter.java:93)
	at com.sun.proxy.$Proxy2.stop(Unknown Source)
	at org.gradle.api.internal.tasks.testing.worker.TestWorker.stop(TestWorker.java:131)
	at sun.reflect.NativeMethodAccessorImpl.invoke0(Native Method)
	at sun.reflect.NativeMethodAccessorImpl.invoke(NativeMethodAccessorImpl.java:62)
	at sun.reflect.DelegatingMethodAccessorImpl.invoke(DelegatingMethodAccessorImpl.java:43)
	at java.lang.reflect.Method.invoke(Method.java:498)
	at org.gradle.internal.dispatch.ReflectionDispatch.dispatch(ReflectionDispatch.java:35)
	at org.gradle.internal.dispatch.ReflectionDispatch.dispatch(ReflectionDispatch.java:24)
	at org.gradle.internal.remote.internal.hub.MessageHubBackedObjectConnection$DispatchWrapper.dispatch(MessageHubBackedObjectConnection.java:155)
	at org.gradle.internal.remote.internal.hub.MessageHubBackedObjectConnection$DispatchWrapper.dispatch(MessageHubBackedObjectConnection.java:137)
	at org.gradle.internal.remote.internal.hub.MessageHub$Handler.run(MessageHub.java:404)
	at org.gradle.internal.concurrent.ExecutorPolicy$CatchAndRecordFailures.onExecute(ExecutorPolicy.java:63)
	at org.gradle.internal.concurrent.ManagedExecutorImpl$1.run(ManagedExecutorImpl.java:46)
	at java.util.concurrent.ThreadPoolExecutor.runWorker(ThreadPoolExecutor.java:1149)
	at java.util.concurrent.ThreadPoolExecutor$Worker.run(ThreadPoolExecutor.java:624)
	at org.gradle.internal.concurrent.ThreadFactoryImpl$ManagedThreadRunnable.run(ThreadFactoryImpl.java:55)
	at java.lang.Thread.run(Thread.java:748)
</failure>
  </testcase>
  <system-out><![CDATA[12:51:24.221 [Forwarding newSession on session null to remote] DEBUG org.apache.http.client.protocol.RequestAddCookies - CookieSpec selected: default
12:51:24.221 [Forwarding newSession on session null to remote] DEBUG org.apache.http.client.protocol.RequestAuthCache - Auth cache not set in the context
12:51:24.221 [Forwarding newSession on session null to remote] DEBUG org.apache.http.impl.conn.PoolingHttpClientConnectionManager - Connection request: [route: {}->http://localhost:43405][total kept alive: 0; route allocated: 0 of 2000; total allocated: 0 of 2000]
12:51:24.221 [Forwarding newSession on session null to remote] DEBUG org.apache.http.impl.conn.PoolingHttpClientConnectionManager - Connection leased: [id: 18][route: {}->http://localhost:43405][total kept alive: 0; route allocated: 1 of 2000; total allocated: 1 of 2000]
12:51:24.221 [Forwarding newSession on session null to remote] DEBUG org.apache.http.impl.execchain.MainClientExec - Opening connection {}->http://localhost:43405
12:51:24.221 [Forwarding newSession on session null to remote] DEBUG org.apache.http.impl.conn.DefaultHttpClientConnectionOperator - Connecting to localhost/127.0.0.1:43405
12:51:24.221 [Forwarding newSession on session null to remote] DEBUG org.apache.http.impl.conn.DefaultHttpClientConnectionOperator - Connection established 127.0.0.1:60409<->127.0.0.1:43405
12:51:24.221 [Forwarding newSession on session null to remote] DEBUG org.apache.http.impl.conn.DefaultManagedHttpClientConnection - http-outgoing-18: set socket timeout to 10800000
12:51:24.221 [Forwarding newSession on session null to remote] DEBUG org.apache.http.impl.execchain.MainClientExec - Executing request POST /session HTTP/1.1
12:51:24.221 [Forwarding newSession on session null to remote] DEBUG org.apache.http.impl.execchain.MainClientExec - Target auth state: UNCHALLENGED
12:51:24.221 [Forwarding newSession on session null to remote] DEBUG org.apache.http.impl.execchain.MainClientExec - Proxy auth state: UNCHALLENGED
12:51:24.221 [Forwarding newSession on session null to remote] DEBUG org.apache.http.headers - http-outgoing-18 >> POST /session HTTP/1.1
12:51:24.221 [Forwarding newSession on session null to remote] DEBUG org.apache.http.headers - http-outgoing-18 >> Content-Type: application/json; charset=utf-8
12:51:24.221 [Forwarding newSession on session null to remote] DEBUG org.apache.http.headers - http-outgoing-18 >> Content-Length: 560
12:51:24.221 [Forwarding newSession on session null to remote] DEBUG org.apache.http.headers - http-outgoing-18 >> Host: localhost:43405
12:51:24.221 [Forwarding newSession on session null to remote] DEBUG org.apache.http.headers - http-outgoing-18 >> Connection: Keep-Alive
12:51:24.221 [Forwarding newSession on session null to remote] DEBUG org.apache.http.headers - http-outgoing-18 >> User-Agent: Apache-HttpClient/4.5.3 (Java/1.8.0_211)
12:51:24.221 [Forwarding newSession on session null to remote] DEBUG org.apache.http.headers - http-outgoing-18 >> Accept-Encoding: gzip,deflate
12:51:24.221 [Forwarding newSession on session null to remote] DEBUG org.apache.http.wire - http-outgoing-18 >> "POST /session HTTP/1.1[\r][\n]"
12:51:24.221 [Forwarding newSession on session null to remote] DEBUG org.apache.http.wire - http-outgoing-18 >> "Content-Type: application/json; charset=utf-8[\r][\n]"
12:51:24.221 [Forwarding newSession on session null to remote] DEBUG org.apache.http.wire - http-outgoing-18 >> "Content-Length: 560[\r][\n]"
12:51:24.221 [Forwarding newSession on session null to remote] DEBUG org.apache.http.wire - http-outgoing-18 >> "Host: localhost:43405[\r][\n]"
12:51:24.221 [Forwarding newSession on session null to remote] DEBUG org.apache.http.wire - http-outgoing-18 >> "Connection: Keep-Alive[\r][\n]"
12:51:24.221 [Forwarding newSession on session null to remote] DEBUG org.apache.http.wire - http-outgoing-18 >> "User-Agent: Apache-HttpClient/4.5.3 (Java/1.8.0_211)[\r][\n]"
12:51:24.221 [Forwarding newSession on session null to remote] DEBUG org.apache.http.wire - http-outgoing-18 >> "Accept-Encoding: gzip,deflate[\r][\n]"
12:51:24.221 [Forwarding newSession on session null to remote] DEBUG org.apache.http.wire - http-outgoing-18 >> "[\r][\n]"
12:51:24.221 [Forwarding newSession on session null to remote] DEBUG org.apache.http.wire - http-outgoing-18 >> "{[\n]"
12:51:24.221 [Forwarding newSession on session null to remote] DEBUG org.apache.http.wire - http-outgoing-18 >> "  "desiredCapabilities": {[\n]"
12:51:24.221 [Forwarding newSession on session null to remote] DEBUG org.apache.http.wire - http-outgoing-18 >> "    "browserName": "chrome",[\n]"
12:51:24.221 [Forwarding newSession on session null to remote] DEBUG org.apache.http.wire - http-outgoing-18 >> "    "goog:chromeOptions": {[\n]"
12:51:24.221 [Forwarding newSession on session null to remote] DEBUG org.apache.http.wire - http-outgoing-18 >> "      "args": [],[\n]"
12:51:24.221 [Forwarding newSession on session null to remote] DEBUG org.apache.http.wire - http-outgoing-18 >> "      "extensions": [][\n]"
12:51:24.221 [Forwarding newSession on session null to remote] DEBUG org.apache.http.wire - http-outgoing-18 >> "    }[\n]"
12:51:24.221 [Forwarding newSession on session null to remote] DEBUG org.apache.http.wire - http-outgoing-18 >> "  },[\n]"
12:51:24.222 [Forwarding newSession on session null to remote] DEBUG org.apache.http.wire - http-outgoing-18 >> "  "requiredCapabilities": {},[\n]"
12:51:24.222 [Forwarding newSession on session null to remote] DEBUG org.apache.http.wire - http-outgoing-18 >> "  "capabilities": {[\n]"
12:51:24.222 [Forwarding newSession on session null to remote] DEBUG org.apache.http.wire - http-outgoing-18 >> "    "desiredCapabilities": {[\n]"
12:51:24.222 [Forwarding newSession on session null to remote] DEBUG org.apache.http.wire - http-outgoing-18 >> "      "browserName": "chrome",[\n]"
12:51:24.222 [Forwarding newSession on session null to remote] DEBUG org.apache.http.wire - http-outgoing-18 >> "      "goog:chromeOptions": {[\n]"
12:51:24.222 [Forwarding newSession on session null to remote] DEBUG org.apache.http.wire - http-outgoing-18 >> "        "args": [],[\n]"
12:51:24.222 [Forwarding newSession on session null to remote] DEBUG org.apache.http.wire - http-outgoing-18 >> "        "extensions": [][\n]"
12:51:24.222 [Forwarding newSession on session null to remote] DEBUG org.apache.http.wire - http-outgoing-18 >> "      }[\n]"
12:51:24.222 [Forwarding newSession on session null to remote] DEBUG org.apache.http.wire - http-outgoing-18 >> "    },[\n]"
12:51:24.222 [Forwarding newSession on session null to remote] DEBUG org.apache.http.wire - http-outgoing-18 >> "    "requiredCapabilities": {},[\n]"
12:51:24.222 [Forwarding newSession on session null to remote] DEBUG org.apache.http.wire - http-outgoing-18 >> "    "alwaysMatch": {[\n]"
12:51:24.222 [Forwarding newSession on session null to remote] DEBUG org.apache.http.wire - http-outgoing-18 >> "      "goog:chromeOptions": {[\n]"
12:51:24.222 [Forwarding newSession on session null to remote] DEBUG org.apache.http.wire - http-outgoing-18 >> "        "args": [],[\n]"
12:51:24.222 [Forwarding newSession on session null to remote] DEBUG org.apache.http.wire - http-outgoing-18 >> "        "extensions": [][\n]"
12:51:24.222 [Forwarding newSession on session null to remote] DEBUG org.apache.http.wire - http-outgoing-18 >> "      }[\n]"
12:51:24.222 [Forwarding newSession on session null to remote] DEBUG org.apache.http.wire - http-outgoing-18 >> "    },[\n]"
12:51:24.222 [Forwarding newSession on session null to remote] DEBUG org.apache.http.wire - http-outgoing-18 >> "    "firstMatch": [[\n]"
12:51:24.222 [Forwarding newSession on session null to remote] DEBUG org.apache.http.wire - http-outgoing-18 >> "      {[\n]"
12:51:24.222 [Forwarding newSession on session null to remote] DEBUG org.apache.http.wire - http-outgoing-18 >> "        "browserName": "chrome"[\n]"
12:51:24.222 [Forwarding newSession on session null to remote] DEBUG org.apache.http.wire - http-outgoing-18 >> "      }[\n]"
12:51:24.222 [Forwarding newSession on session null to remote] DEBUG org.apache.http.wire - http-outgoing-18 >> "    ][\n]"
12:51:24.222 [Forwarding newSession on session null to remote] DEBUG org.apache.http.wire - http-outgoing-18 >> "  }[\n]"
12:51:24.222 [Forwarding newSession on session null to remote] DEBUG org.apache.http.wire - http-outgoing-18 >> "}"
12:51:24.822 [Forwarding newSession on session null to remote] DEBUG org.apache.http.wire - http-outgoing-18 << "HTTP/1.1 200 OK[\r][\n]"
12:51:24.822 [Forwarding newSession on session null to remote] DEBUG org.apache.http.wire - http-outgoing-18 << "Content-Length:690[\r][\n]"
12:51:24.822 [Forwarding newSession on session null to remote] DEBUG org.apache.http.wire - http-outgoing-18 << "Content-Type:application/json; charset=utf-8[\r][\n]"
12:51:24.822 [Forwarding newSession on session null to remote] DEBUG org.apache.http.wire - http-outgoing-18 << "cache-control:no-cache[\r][\n]"
12:51:24.822 [Forwarding newSession on session null to remote] DEBUG org.apache.http.wire - http-outgoing-18 << "[\r][\n]"
12:51:24.822 [Forwarding newSession on session null to remote] DEBUG org.apache.http.wire - http-outgoing-18 << "{"value":{"capabilities":{"acceptInsecureCerts":false,"browserName":"chrome","browserVersion":"80.0.3987.149","chrome":{"chromedriverVersion":"80.0.3987.106 (f68069574609230cf9b635cd784cfb1bf81bb53a-refs/branch-heads/3987@{#882})","userDataDir":"/var/folders/fs/0qxrqb5x7zg5dtqrhc9t0clm0000gn/T/.com.google.Chrome.RwMU5W"},"goog:chromeOptions":{"debuggerAddress":"localhost:60410"},"networkConnectionEnabled":false,"pageLoadStrategy":"normal","platformName":"mac os x","proxy":{},"setWindowRect":true,"strictFileInteractability":false,"timeouts":{"implicit":0,"pageLoad":300000,"script":30000},"unhandledPromptBehavior":"dismiss and notify"},"sessionId":"02cef0f58a09e14fa89266f735ae910f"}}"
12:51:24.822 [Forwarding newSession on session null to remote] DEBUG org.apache.http.headers - http-outgoing-18 << HTTP/1.1 200 OK
12:51:24.822 [Forwarding newSession on session null to remote] DEBUG org.apache.http.headers - http-outgoing-18 << Content-Length:690
12:51:24.822 [Forwarding newSession on session null to remote] DEBUG org.apache.http.headers - http-outgoing-18 << Content-Type:application/json; charset=utf-8
12:51:24.822 [Forwarding newSession on session null to remote] DEBUG org.apache.http.headers - http-outgoing-18 << cache-control:no-cache
12:51:24.822 [Forwarding newSession on session null to remote] DEBUG org.apache.http.impl.execchain.MainClientExec - Connection can be kept alive indefinitely
12:51:24.822 [Forwarding newSession on session null to remote] DEBUG org.apache.http.impl.conn.PoolingHttpClientConnectionManager - Connection [id: 18][route: {}->http://localhost:43405] can be kept alive indefinitely
12:51:24.822 [Forwarding newSession on session null to remote] DEBUG org.apache.http.impl.conn.PoolingHttpClientConnectionManager - Connection released: [id: 18][route: {}->http://localhost:43405][total kept alive: 1; route allocated: 1 of 2000; total allocated: 1 of 2000]
12:51:24.824 [Forwarding get on session 02cef0f58a09e14fa89266f735ae910f to remote] DEBUG org.apache.http.client.protocol.RequestAddCookies - CookieSpec selected: default
12:51:24.824 [Forwarding get on session 02cef0f58a09e14fa89266f735ae910f to remote] DEBUG org.apache.http.client.protocol.RequestAuthCache - Auth cache not set in the context
12:51:24.824 [Forwarding get on session 02cef0f58a09e14fa89266f735ae910f to remote] DEBUG org.apache.http.impl.conn.PoolingHttpClientConnectionManager - Connection request: [route: {}->http://localhost:43405][total kept alive: 1; route allocated: 1 of 2000; total allocated: 1 of 2000]
12:51:24.824 [Forwarding get on session 02cef0f58a09e14fa89266f735ae910f to remote] DEBUG org.apache.http.impl.conn.PoolingHttpClientConnectionManager - Connection leased: [id: 18][route: {}->http://localhost:43405][total kept alive: 0; route allocated: 1 of 2000; total allocated: 1 of 2000]
12:51:24.825 [Forwarding get on session 02cef0f58a09e14fa89266f735ae910f to remote] DEBUG org.apache.http.impl.execchain.MainClientExec - Stale connection check
12:51:24.826 [Forwarding get on session 02cef0f58a09e14fa89266f735ae910f to remote] DEBUG org.apache.http.wire - http-outgoing-18 << "[read] I/O error: Read timed out"
12:51:24.826 [Forwarding get on session 02cef0f58a09e14fa89266f735ae910f to remote] DEBUG org.apache.http.impl.conn.DefaultManagedHttpClientConnection - http-outgoing-18: set socket timeout to 10800000
12:51:24.826 [Forwarding get on session 02cef0f58a09e14fa89266f735ae910f to remote] DEBUG org.apache.http.impl.execchain.MainClientExec - Executing request POST /session/02cef0f58a09e14fa89266f735ae910f/url HTTP/1.1
12:51:24.826 [Forwarding get on session 02cef0f58a09e14fa89266f735ae910f to remote] DEBUG org.apache.http.impl.execchain.MainClientExec - Target auth state: UNCHALLENGED
12:51:24.826 [Forwarding get on session 02cef0f58a09e14fa89266f735ae910f to remote] DEBUG org.apache.http.impl.execchain.MainClientExec - Proxy auth state: UNCHALLENGED
12:51:24.826 [Forwarding get on session 02cef0f58a09e14fa89266f735ae910f to remote] DEBUG org.apache.http.headers - http-outgoing-18 >> POST /session/02cef0f58a09e14fa89266f735ae910f/url HTTP/1.1
12:51:24.826 [Forwarding get on session 02cef0f58a09e14fa89266f735ae910f to remote] DEBUG org.apache.http.headers - http-outgoing-18 >> Content-Type: application/json; charset=utf-8
12:51:24.826 [Forwarding get on session 02cef0f58a09e14fa89266f735ae910f to remote] DEBUG org.apache.http.headers - http-outgoing-18 >> Content-Length: 33
12:51:24.826 [Forwarding get on session 02cef0f58a09e14fa89266f735ae910f to remote] DEBUG org.apache.http.headers - http-outgoing-18 >> Host: localhost:43405
12:51:24.826 [Forwarding get on session 02cef0f58a09e14fa89266f735ae910f to remote] DEBUG org.apache.http.headers - http-outgoing-18 >> Connection: Keep-Alive
12:51:24.826 [Forwarding get on session 02cef0f58a09e14fa89266f735ae910f to remote] DEBUG org.apache.http.headers - http-outgoing-18 >> User-Agent: Apache-HttpClient/4.5.3 (Java/1.8.0_211)
12:51:24.826 [Forwarding get on session 02cef0f58a09e14fa89266f735ae910f to remote] DEBUG org.apache.http.headers - http-outgoing-18 >> Accept-Encoding: gzip,deflate
12:51:24.826 [Forwarding get on session 02cef0f58a09e14fa89266f735ae910f to remote] DEBUG org.apache.http.wire - http-outgoing-18 >> "POST /session/02cef0f58a09e14fa89266f735ae910f/url HTTP/1.1[\r][\n]"
12:51:24.826 [Forwarding get on session 02cef0f58a09e14fa89266f735ae910f to remote] DEBUG org.apache.http.wire - http-outgoing-18 >> "Content-Type: application/json; charset=utf-8[\r][\n]"
12:51:24.826 [Forwarding get on session 02cef0f58a09e14fa89266f735ae910f to remote] DEBUG org.apache.http.wire - http-outgoing-18 >> "Content-Length: 33[\r][\n]"
12:51:24.826 [Forwarding get on session 02cef0f58a09e14fa89266f735ae910f to remote] DEBUG org.apache.http.wire - http-outgoing-18 >> "Host: localhost:43405[\r][\n]"
12:51:24.826 [Forwarding get on session 02cef0f58a09e14fa89266f735ae910f to remote] DEBUG org.apache.http.wire - http-outgoing-18 >> "Connection: Keep-Alive[\r][\n]"
12:51:24.826 [Forwarding get on session 02cef0f58a09e14fa89266f735ae910f to remote] DEBUG org.apache.http.wire - http-outgoing-18 >> "User-Agent: Apache-HttpClient/4.5.3 (Java/1.8.0_211)[\r][\n]"
12:51:24.826 [Forwarding get on session 02cef0f58a09e14fa89266f735ae910f to remote] DEBUG org.apache.http.wire - http-outgoing-18 >> "Accept-Encoding: gzip,deflate[\r][\n]"
12:51:24.826 [Forwarding get on session 02cef0f58a09e14fa89266f735ae910f to remote] DEBUG org.apache.http.wire - http-outgoing-18 >> "[\r][\n]"
12:51:24.826 [Forwarding get on session 02cef0f58a09e14fa89266f735ae910f to remote] DEBUG org.apache.http.wire - http-outgoing-18 >> "{"url":"https://tronscan.org/#/"}"
12:51:27.530 [Forwarding get on session 02cef0f58a09e14fa89266f735ae910f to remote] DEBUG org.apache.http.wire - http-outgoing-18 << "HTTP/1.1 200 OK[\r][\n]"
12:51:27.530 [Forwarding get on session 02cef0f58a09e14fa89266f735ae910f to remote] DEBUG org.apache.http.wire - http-outgoing-18 << "Content-Length:14[\r][\n]"
12:51:27.530 [Forwarding get on session 02cef0f58a09e14fa89266f735ae910f to remote] DEBUG org.apache.http.wire - http-outgoing-18 << "Content-Type:application/json; charset=utf-8[\r][\n]"
12:51:27.530 [Forwarding get on session 02cef0f58a09e14fa89266f735ae910f to remote] DEBUG org.apache.http.wire - http-outgoing-18 << "cache-control:no-cache[\r][\n]"
12:51:27.530 [Forwarding get on session 02cef0f58a09e14fa89266f735ae910f to remote] DEBUG org.apache.http.wire - http-outgoing-18 << "[\r][\n]"
12:51:27.530 [Forwarding get on session 02cef0f58a09e14fa89266f735ae910f to remote] DEBUG org.apache.http.wire - http-outgoing-18 << "{"value":null}"
12:51:27.530 [Forwarding get on session 02cef0f58a09e14fa89266f735ae910f to remote] DEBUG org.apache.http.headers - http-outgoing-18 << HTTP/1.1 200 OK
12:51:27.530 [Forwarding get on session 02cef0f58a09e14fa89266f735ae910f to remote] DEBUG org.apache.http.headers - http-outgoing-18 << Content-Length:14
12:51:27.530 [Forwarding get on session 02cef0f58a09e14fa89266f735ae910f to remote] DEBUG org.apache.http.headers - http-outgoing-18 << Content-Type:application/json; charset=utf-8
12:51:27.530 [Forwarding get on session 02cef0f58a09e14fa89266f735ae910f to remote] DEBUG org.apache.http.headers - http-outgoing-18 << cache-control:no-cache
12:51:27.530 [Forwarding get on session 02cef0f58a09e14fa89266f735ae910f to remote] DEBUG org.apache.http.impl.execchain.MainClientExec - Connection can be kept alive indefinitely
12:51:27.530 [Forwarding get on session 02cef0f58a09e14fa89266f735ae910f to remote] DEBUG org.apache.http.impl.conn.PoolingHttpClientConnectionManager - Connection [id: 18][route: {}->http://localhost:43405] can be kept alive indefinitely
12:51:27.530 [Forwarding get on session 02cef0f58a09e14fa89266f735ae910f to remote] DEBUG org.apache.http.impl.conn.PoolingHttpClientConnectionManager - Connection released: [id: 18][route: {}->http://localhost:43405][total kept alive: 1; route allocated: 1 of 2000; total allocated: 1 of 2000]
成功打开谷歌浏览器！
12:51:27.531 [Forwarding setTimeout on session 02cef0f58a09e14fa89266f735ae910f to remote] DEBUG org.apache.http.client.protocol.RequestAddCookies - CookieSpec selected: default
12:51:27.531 [Forwarding setTimeout on session 02cef0f58a09e14fa89266f735ae910f to remote] DEBUG org.apache.http.client.protocol.RequestAuthCache - Auth cache not set in the context
12:51:27.531 [Forwarding setTimeout on session 02cef0f58a09e14fa89266f735ae910f to remote] DEBUG org.apache.http.impl.conn.PoolingHttpClientConnectionManager - Connection request: [route: {}->http://localhost:43405][total kept alive: 1; route allocated: 1 of 2000; total allocated: 1 of 2000]
12:51:27.531 [Forwarding setTimeout on session 02cef0f58a09e14fa89266f735ae910f to remote] DEBUG org.apache.http.impl.conn.PoolingHttpClientConnectionManager - Connection leased: [id: 18][route: {}->http://localhost:43405][total kept alive: 0; route allocated: 1 of 2000; total allocated: 1 of 2000]
12:51:27.531 [Forwarding setTimeout on session 02cef0f58a09e14fa89266f735ae910f to remote] DEBUG org.apache.http.impl.execchain.MainClientExec - Stale connection check
12:51:27.532 [Forwarding setTimeout on session 02cef0f58a09e14fa89266f735ae910f to remote] DEBUG org.apache.http.wire - http-outgoing-18 << "[read] I/O error: Read timed out"
12:51:27.532 [Forwarding setTimeout on session 02cef0f58a09e14fa89266f735ae910f to remote] DEBUG org.apache.http.impl.conn.DefaultManagedHttpClientConnection - http-outgoing-18: set socket timeout to 10800000
12:51:27.532 [Forwarding setTimeout on session 02cef0f58a09e14fa89266f735ae910f to remote] DEBUG org.apache.http.impl.execchain.MainClientExec - Executing request POST /session/02cef0f58a09e14fa89266f735ae910f/timeouts HTTP/1.1
12:51:27.532 [Forwarding setTimeout on session 02cef0f58a09e14fa89266f735ae910f to remote] DEBUG org.apache.http.impl.execchain.MainClientExec - Target auth state: UNCHALLENGED
12:51:27.532 [Forwarding setTimeout on session 02cef0f58a09e14fa89266f735ae910f to remote] DEBUG org.apache.http.impl.execchain.MainClientExec - Proxy auth state: UNCHALLENGED
12:51:27.533 [Forwarding setTimeout on session 02cef0f58a09e14fa89266f735ae910f to remote] DEBUG org.apache.http.headers - http-outgoing-18 >> POST /session/02cef0f58a09e14fa89266f735ae910f/timeouts HTTP/1.1
12:51:27.533 [Forwarding setTimeout on session 02cef0f58a09e14fa89266f735ae910f to remote] DEBUG org.apache.http.headers - http-outgoing-18 >> Content-Type: application/json; charset=utf-8
12:51:27.533 [Forwarding setTimeout on session 02cef0f58a09e14fa89266f735ae910f to remote] DEBUG org.apache.http.headers - http-outgoing-18 >> Content-Length: 18
12:51:27.533 [Forwarding setTimeout on session 02cef0f58a09e14fa89266f735ae910f to remote] DEBUG org.apache.http.headers - http-outgoing-18 >> Host: localhost:43405
12:51:27.533 [Forwarding setTimeout on session 02cef0f58a09e14fa89266f735ae910f to remote] DEBUG org.apache.http.headers - http-outgoing-18 >> Connection: Keep-Alive
12:51:27.533 [Forwarding setTimeout on session 02cef0f58a09e14fa89266f735ae910f to remote] DEBUG org.apache.http.headers - http-outgoing-18 >> User-Agent: Apache-HttpClient/4.5.3 (Java/1.8.0_211)
12:51:27.533 [Forwarding setTimeout on session 02cef0f58a09e14fa89266f735ae910f to remote] DEBUG org.apache.http.headers - http-outgoing-18 >> Accept-Encoding: gzip,deflate
12:51:27.533 [Forwarding setTimeout on session 02cef0f58a09e14fa89266f735ae910f to remote] DEBUG org.apache.http.wire - http-outgoing-18 >> "POST /session/02cef0f58a09e14fa89266f735ae910f/timeouts HTTP/1.1[\r][\n]"
12:51:27.533 [Forwarding setTimeout on session 02cef0f58a09e14fa89266f735ae910f to remote] DEBUG org.apache.http.wire - http-outgoing-18 >> "Content-Type: application/json; charset=utf-8[\r][\n]"
12:51:27.533 [Forwarding setTimeout on session 02cef0f58a09e14fa89266f735ae910f to remote] DEBUG org.apache.http.wire - http-outgoing-18 >> "Content-Length: 18[\r][\n]"
12:51:27.533 [Forwarding setTimeout on session 02cef0f58a09e14fa89266f735ae910f to remote] DEBUG org.apache.http.wire - http-outgoing-18 >> "Host: localhost:43405[\r][\n]"
12:51:27.533 [Forwarding setTimeout on session 02cef0f58a09e14fa89266f735ae910f to remote] DEBUG org.apache.http.wire - http-outgoing-18 >> "Connection: Keep-Alive[\r][\n]"
12:51:27.533 [Forwarding setTimeout on session 02cef0f58a09e14fa89266f735ae910f to remote] DEBUG org.apache.http.wire - http-outgoing-18 >> "User-Agent: Apache-HttpClient/4.5.3 (Java/1.8.0_211)[\r][\n]"
12:51:27.533 [Forwarding setTimeout on session 02cef0f58a09e14fa89266f735ae910f to remote] DEBUG org.apache.http.wire - http-outgoing-18 >> "Accept-Encoding: gzip,deflate[\r][\n]"
12:51:27.533 [Forwarding setTimeout on session 02cef0f58a09e14fa89266f735ae910f to remote] DEBUG org.apache.http.wire - http-outgoing-18 >> "[\r][\n]"
12:51:27.533 [Forwarding setTimeout on session 02cef0f58a09e14fa89266f735ae910f to remote] DEBUG org.apache.http.wire - http-outgoing-18 >> "{"implicit":10000}"
12:51:27.533 [Forwarding setTimeout on session 02cef0f58a09e14fa89266f735ae910f to remote] DEBUG org.apache.http.wire - http-outgoing-18 << "HTTP/1.1 200 OK[\r][\n]"
12:51:27.533 [Forwarding setTimeout on session 02cef0f58a09e14fa89266f735ae910f to remote] DEBUG org.apache.http.wire - http-outgoing-18 << "Content-Length:14[\r][\n]"
12:51:27.533 [Forwarding setTimeout on session 02cef0f58a09e14fa89266f735ae910f to remote] DEBUG org.apache.http.wire - http-outgoing-18 << "Content-Type:application/json; charset=utf-8[\r][\n]"
12:51:27.533 [Forwarding setTimeout on session 02cef0f58a09e14fa89266f735ae910f to remote] DEBUG org.apache.http.wire - http-outgoing-18 << "cache-control:no-cache[\r][\n]"
12:51:27.533 [Forwarding setTimeout on session 02cef0f58a09e14fa89266f735ae910f to remote] DEBUG org.apache.http.wire - http-outgoing-18 << "[\r][\n]"
12:51:27.533 [Forwarding setTimeout on session 02cef0f58a09e14fa89266f735ae910f to remote] DEBUG org.apache.http.wire - http-outgoing-18 << "{"value":null}"
12:51:27.533 [Forwarding setTimeout on session 02cef0f58a09e14fa89266f735ae910f to remote] DEBUG org.apache.http.headers - http-outgoing-18 << HTTP/1.1 200 OK
12:51:27.533 [Forwarding setTimeout on session 02cef0f58a09e14fa89266f735ae910f to remote] DEBUG org.apache.http.headers - http-outgoing-18 << Content-Length:14
12:51:27.533 [Forwarding setTimeout on session 02cef0f58a09e14fa89266f735ae910f to remote] DEBUG org.apache.http.headers - http-outgoing-18 << Content-Type:application/json; charset=utf-8
12:51:27.533 [Forwarding setTimeout on session 02cef0f58a09e14fa89266f735ae910f to remote] DEBUG org.apache.http.headers - http-outgoing-18 << cache-control:no-cache
12:51:27.533 [Forwarding setTimeout on session 02cef0f58a09e14fa89266f735ae910f to remote] DEBUG org.apache.http.impl.execchain.MainClientExec - Connection can be kept alive indefinitely
12:51:27.533 [Forwarding setTimeout on session 02cef0f58a09e14fa89266f735ae910f to remote] DEBUG org.apache.http.impl.conn.PoolingHttpClientConnectionManager - Connection [id: 18][route: {}->http://localhost:43405] can be kept alive indefinitely
12:51:27.533 [Forwarding setTimeout on session 02cef0f58a09e14fa89266f735ae910f to remote] DEBUG org.apache.http.impl.conn.PoolingHttpClientConnectionManager - Connection released: [id: 18][route: {}->http://localhost:43405][total kept alive: 1; route allocated: 1 of 2000; total allocated: 1 of 2000]
LOGIN
12:51:27.535 [Forwarding setCurrentWindowSize on session 02cef0f58a09e14fa89266f735ae910f to remote] DEBUG org.apache.http.client.protocol.RequestAddCookies - CookieSpec selected: default
12:51:27.535 [Forwarding setCurrentWindowSize on session 02cef0f58a09e14fa89266f735ae910f to remote] DEBUG org.apache.http.client.protocol.RequestAuthCache - Auth cache not set in the context
12:51:27.535 [Forwarding setCurrentWindowSize on session 02cef0f58a09e14fa89266f735ae910f to remote] DEBUG org.apache.http.impl.conn.PoolingHttpClientConnectionManager - Connection request: [route: {}->http://localhost:43405][total kept alive: 1; route allocated: 1 of 2000; total allocated: 1 of 2000]
12:51:27.535 [Forwarding setCurrentWindowSize on session 02cef0f58a09e14fa89266f735ae910f to remote] DEBUG org.apache.http.impl.conn.PoolingHttpClientConnectionManager - Connection leased: [id: 18][route: {}->http://localhost:43405][total kept alive: 0; route allocated: 1 of 2000; total allocated: 1 of 2000]
12:51:27.535 [Forwarding setCurrentWindowSize on session 02cef0f58a09e14fa89266f735ae910f to remote] DEBUG org.apache.http.impl.execchain.MainClientExec - Stale connection check
12:51:27.536 [Forwarding setCurrentWindowSize on session 02cef0f58a09e14fa89266f735ae910f to remote] DEBUG org.apache.http.wire - http-outgoing-18 << "[read] I/O error: Read timed out"
12:51:27.536 [Forwarding setCurrentWindowSize on session 02cef0f58a09e14fa89266f735ae910f to remote] DEBUG org.apache.http.impl.conn.DefaultManagedHttpClientConnection - http-outgoing-18: set socket timeout to 10800000
12:51:27.536 [Forwarding setCurrentWindowSize on session 02cef0f58a09e14fa89266f735ae910f to remote] DEBUG org.apache.http.impl.execchain.MainClientExec - Executing request POST /session/02cef0f58a09e14fa89266f735ae910f/window/rect HTTP/1.1
12:51:27.536 [Forwarding setCurrentWindowSize on session 02cef0f58a09e14fa89266f735ae910f to remote] DEBUG org.apache.http.impl.execchain.MainClientExec - Target auth state: UNCHALLENGED
12:51:27.536 [Forwarding setCurrentWindowSize on session 02cef0f58a09e14fa89266f735ae910f to remote] DEBUG org.apache.http.impl.execchain.MainClientExec - Proxy auth state: UNCHALLENGED
12:51:27.536 [Forwarding setCurrentWindowSize on session 02cef0f58a09e14fa89266f735ae910f to remote] DEBUG org.apache.http.headers - http-outgoing-18 >> POST /session/02cef0f58a09e14fa89266f735ae910f/window/rect HTTP/1.1
12:51:27.536 [Forwarding setCurrentWindowSize on session 02cef0f58a09e14fa89266f735ae910f to remote] DEBUG org.apache.http.headers - http-outgoing-18 >> Content-Type: application/json; charset=utf-8
12:51:27.536 [Forwarding setCurrentWindowSize on session 02cef0f58a09e14fa89266f735ae910f to remote] DEBUG org.apache.http.headers - http-outgoing-18 >> Content-Length: 28
12:51:27.536 [Forwarding setCurrentWindowSize on session 02cef0f58a09e14fa89266f735ae910f to remote] DEBUG org.apache.http.headers - http-outgoing-18 >> Host: localhost:43405
12:51:27.536 [Forwarding setCurrentWindowSize on session 02cef0f58a09e14fa89266f735ae910f to remote] DEBUG org.apache.http.headers - http-outgoing-18 >> Connection: Keep-Alive
12:51:27.536 [Forwarding setCurrentWindowSize on session 02cef0f58a09e14fa89266f735ae910f to remote] DEBUG org.apache.http.headers - http-outgoing-18 >> User-Agent: Apache-HttpClient/4.5.3 (Java/1.8.0_211)
12:51:27.536 [Forwarding setCurrentWindowSize on session 02cef0f58a09e14fa89266f735ae910f to remote] DEBUG org.apache.http.headers - http-outgoing-18 >> Accept-Encoding: gzip,deflate
12:51:27.536 [Forwarding setCurrentWindowSize on session 02cef0f58a09e14fa89266f735ae910f to remote] DEBUG org.apache.http.wire - http-outgoing-18 >> "POST /session/02cef0f58a09e14fa89266f735ae910f/window/rect HTTP/1.1[\r][\n]"
12:51:27.536 [Forwarding setCurrentWindowSize on session 02cef0f58a09e14fa89266f735ae910f to remote] DEBUG org.apache.http.wire - http-outgoing-18 >> "Content-Type: application/json; charset=utf-8[\r][\n]"
12:51:27.536 [Forwarding setCurrentWindowSize on session 02cef0f58a09e14fa89266f735ae910f to remote] DEBUG org.apache.http.wire - http-outgoing-18 >> "Content-Length: 28[\r][\n]"
12:51:27.536 [Forwarding setCurrentWindowSize on session 02cef0f58a09e14fa89266f735ae910f to remote] DEBUG org.apache.http.wire - http-outgoing-18 >> "Host: localhost:43405[\r][\n]"
12:51:27.536 [Forwarding setCurrentWindowSize on session 02cef0f58a09e14fa89266f735ae910f to remote] DEBUG org.apache.http.wire - http-outgoing-18 >> "Connection: Keep-Alive[\r][\n]"
12:51:27.536 [Forwarding setCurrentWindowSize on session 02cef0f58a09e14fa89266f735ae910f to remote] DEBUG org.apache.http.wire - http-outgoing-18 >> "User-Agent: Apache-HttpClient/4.5.3 (Java/1.8.0_211)[\r][\n]"
12:51:27.537 [Forwarding setCurrentWindowSize on session 02cef0f58a09e14fa89266f735ae910f to remote] DEBUG org.apache.http.wire - http-outgoing-18 >> "Accept-Encoding: gzip,deflate[\r][\n]"
12:51:27.537 [Forwarding setCurrentWindowSize on session 02cef0f58a09e14fa89266f735ae910f to remote] DEBUG org.apache.http.wire - http-outgoing-18 >> "[\r][\n]"
12:51:27.537 [Forwarding setCurrentWindowSize on session 02cef0f58a09e14fa89266f735ae910f to remote] DEBUG org.apache.http.wire - http-outgoing-18 >> "{"width":2560,"height":1440}"
12:51:27.685 [Forwarding setCurrentWindowSize on session 02cef0f58a09e14fa89266f735ae910f to remote] DEBUG org.apache.http.wire - http-outgoing-18 << "HTTP/1.1 200 OK[\r][\n]"
12:51:27.685 [Forwarding setCurrentWindowSize on session 02cef0f58a09e14fa89266f735ae910f to remote] DEBUG org.apache.http.wire - http-outgoing-18 << "Content-Length:52[\r][\n]"
12:51:27.685 [Forwarding setCurrentWindowSize on session 02cef0f58a09e14fa89266f735ae910f to remote] DEBUG org.apache.http.wire - http-outgoing-18 << "Content-Type:application/json; charset=utf-8[\r][\n]"
12:51:27.685 [Forwarding setCurrentWindowSize on session 02cef0f58a09e14fa89266f735ae910f to remote] DEBUG org.apache.http.wire - http-outgoing-18 << "cache-control:no-cache[\r][\n]"
12:51:27.685 [Forwarding setCurrentWindowSize on session 02cef0f58a09e14fa89266f735ae910f to remote] DEBUG org.apache.http.wire - http-outgoing-18 << "[\r][\n]"
12:51:27.685 [Forwarding setCurrentWindowSize on session 02cef0f58a09e14fa89266f735ae910f to remote] DEBUG org.apache.http.wire - http-outgoing-18 << "{"value":{"height":1365,"width":2560,"x":22,"y":23}}"
12:51:27.685 [Forwarding setCurrentWindowSize on session 02cef0f58a09e14fa89266f735ae910f to remote] DEBUG org.apache.http.headers - http-outgoing-18 << HTTP/1.1 200 OK
12:51:27.685 [Forwarding setCurrentWindowSize on session 02cef0f58a09e14fa89266f735ae910f to remote] DEBUG org.apache.http.headers - http-outgoing-18 << Content-Length:52
12:51:27.685 [Forwarding setCurrentWindowSize on session 02cef0f58a09e14fa89266f735ae910f to remote] DEBUG org.apache.http.headers - http-outgoing-18 << Content-Type:application/json; charset=utf-8
12:51:27.685 [Forwarding setCurrentWindowSize on session 02cef0f58a09e14fa89266f735ae910f to remote] DEBUG org.apache.http.headers - http-outgoing-18 << cache-control:no-cache
12:51:27.685 [Forwarding setCurrentWindowSize on session 02cef0f58a09e14fa89266f735ae910f to remote] DEBUG org.apache.http.impl.execchain.MainClientExec - Connection can be kept alive indefinitely
12:51:27.685 [Forwarding setCurrentWindowSize on session 02cef0f58a09e14fa89266f735ae910f to remote] DEBUG org.apache.http.impl.conn.PoolingHttpClientConnectionManager - Connection [id: 18][route: {}->http://localhost:43405] can be kept alive indefinitely
12:51:27.685 [Forwarding setCurrentWindowSize on session 02cef0f58a09e14fa89266f735ae910f to remote] DEBUG org.apache.http.impl.conn.PoolingHttpClientConnectionManager - Connection released: [id: 18][route: {}->http://localhost:43405][total kept alive: 1; route allocated: 1 of 2000; total allocated: 1 of 2000]
12:51:27.890 [Forwarding findElement on session 02cef0f58a09e14fa89266f735ae910f to remote] DEBUG org.apache.http.client.protocol.RequestAddCookies - CookieSpec selected: default
12:51:27.890 [Forwarding findElement on session 02cef0f58a09e14fa89266f735ae910f to remote] DEBUG org.apache.http.client.protocol.RequestAuthCache - Auth cache not set in the context
12:51:27.890 [Forwarding findElement on session 02cef0f58a09e14fa89266f735ae910f to remote] DEBUG org.apache.http.impl.conn.PoolingHttpClientConnectionManager - Connection request: [route: {}->http://localhost:43405][total kept alive: 1; route allocated: 1 of 2000; total allocated: 1 of 2000]
12:51:27.890 [Forwarding findElement on session 02cef0f58a09e14fa89266f735ae910f to remote] DEBUG org.apache.http.impl.conn.PoolingHttpClientConnectionManager - Connection leased: [id: 18][route: {}->http://localhost:43405][total kept alive: 0; route allocated: 1 of 2000; total allocated: 1 of 2000]
12:51:27.890 [Forwarding findElement on session 02cef0f58a09e14fa89266f735ae910f to remote] DEBUG org.apache.http.impl.execchain.MainClientExec - Stale connection check
12:51:27.892 [Forwarding findElement on session 02cef0f58a09e14fa89266f735ae910f to remote] DEBUG org.apache.http.wire - http-outgoing-18 << "[read] I/O error: Read timed out"
12:51:27.892 [Forwarding findElement on session 02cef0f58a09e14fa89266f735ae910f to remote] DEBUG org.apache.http.impl.conn.DefaultManagedHttpClientConnection - http-outgoing-18: set socket timeout to 10800000
12:51:27.892 [Forwarding findElement on session 02cef0f58a09e14fa89266f735ae910f to remote] DEBUG org.apache.http.impl.execchain.MainClientExec - Executing request POST /session/02cef0f58a09e14fa89266f735ae910f/element HTTP/1.1
12:51:27.892 [Forwarding findElement on session 02cef0f58a09e14fa89266f735ae910f to remote] DEBUG org.apache.http.impl.execchain.MainClientExec - Target auth state: UNCHALLENGED
12:51:27.892 [Forwarding findElement on session 02cef0f58a09e14fa89266f735ae910f to remote] DEBUG org.apache.http.impl.execchain.MainClientExec - Proxy auth state: UNCHALLENGED
12:51:27.892 [Forwarding findElement on session 02cef0f58a09e14fa89266f735ae910f to remote] DEBUG org.apache.http.headers - http-outgoing-18 >> POST /session/02cef0f58a09e14fa89266f735ae910f/element HTTP/1.1
12:51:27.892 [Forwarding findElement on session 02cef0f58a09e14fa89266f735ae910f to remote] DEBUG org.apache.http.headers - http-outgoing-18 >> Content-Type: application/json; charset=utf-8
12:51:27.892 [Forwarding findElement on session 02cef0f58a09e14fa89266f735ae910f to remote] DEBUG org.apache.http.headers - http-outgoing-18 >> Content-Length: 58
12:51:27.892 [Forwarding findElement on session 02cef0f58a09e14fa89266f735ae910f to remote] DEBUG org.apache.http.headers - http-outgoing-18 >> Host: localhost:43405
12:51:27.892 [Forwarding findElement on session 02cef0f58a09e14fa89266f735ae910f to remote] DEBUG org.apache.http.headers - http-outgoing-18 >> Connection: Keep-Alive
12:51:27.892 [Forwarding findElement on session 02cef0f58a09e14fa89266f735ae910f to remote] DEBUG org.apache.http.headers - http-outgoing-18 >> User-Agent: Apache-HttpClient/4.5.3 (Java/1.8.0_211)
12:51:27.892 [Forwarding findElement on session 02cef0f58a09e14fa89266f735ae910f to remote] DEBUG org.apache.http.headers - http-outgoing-18 >> Accept-Encoding: gzip,deflate
12:51:27.892 [Forwarding findElement on session 02cef0f58a09e14fa89266f735ae910f to remote] DEBUG org.apache.http.wire - http-outgoing-18 >> "POST /session/02cef0f58a09e14fa89266f735ae910f/element HTTP/1.1[\r][\n]"
12:51:27.892 [Forwarding findElement on session 02cef0f58a09e14fa89266f735ae910f to remote] DEBUG org.apache.http.wire - http-outgoing-18 >> "Content-Type: application/json; charset=utf-8[\r][\n]"
12:51:27.892 [Forwarding findElement on session 02cef0f58a09e14fa89266f735ae910f to remote] DEBUG org.apache.http.wire - http-outgoing-18 >> "Content-Length: 58[\r][\n]"
12:51:27.892 [Forwarding findElement on session 02cef0f58a09e14fa89266f735ae910f to remote] DEBUG org.apache.http.wire - http-outgoing-18 >> "Host: localhost:43405[\r][\n]"
12:51:27.892 [Forwarding findElement on session 02cef0f58a09e14fa89266f735ae910f to remote] DEBUG org.apache.http.wire - http-outgoing-18 >> "Connection: Keep-Alive[\r][\n]"
12:51:27.892 [Forwarding findElement on session 02cef0f58a09e14fa89266f735ae910f to remote] DEBUG org.apache.http.wire - http-outgoing-18 >> "User-Agent: Apache-HttpClient/4.5.3 (Java/1.8.0_211)[\r][\n]"
12:51:27.892 [Forwarding findElement on session 02cef0f58a09e14fa89266f735ae910f to remote] DEBUG org.apache.http.wire - http-outgoing-18 >> "Accept-Encoding: gzip,deflate[\r][\n]"
12:51:27.892 [Forwarding findElement on session 02cef0f58a09e14fa89266f735ae910f to remote] DEBUG org.apache.http.wire - http-outgoing-18 >> "[\r][\n]"
12:51:27.892 [Forwarding findElement on session 02cef0f58a09e14fa89266f735ae910f to remote] DEBUG org.apache.http.wire - http-outgoing-18 >> "{"value":".dropdown-toggle > span","using":"css selector"}"
12:51:27.901 [Forwarding findElement on session 02cef0f58a09e14fa89266f735ae910f to remote] DEBUG org.apache.http.wire - http-outgoing-18 << "HTTP/1.1 200 OK[\r][\n]"
12:51:27.901 [Forwarding findElement on session 02cef0f58a09e14fa89266f735ae910f to remote] DEBUG org.apache.http.wire - http-outgoing-18 << "Content-Length:88[\r][\n]"
12:51:27.901 [Forwarding findElement on session 02cef0f58a09e14fa89266f735ae910f to remote] DEBUG org.apache.http.wire - http-outgoing-18 << "Content-Type:application/json; charset=utf-8[\r][\n]"
12:51:27.901 [Forwarding findElement on session 02cef0f58a09e14fa89266f735ae910f to remote] DEBUG org.apache.http.wire - http-outgoing-18 << "cache-control:no-cache[\r][\n]"
12:51:27.901 [Forwarding findElement on session 02cef0f58a09e14fa89266f735ae910f to remote] DEBUG org.apache.http.wire - http-outgoing-18 << "[\r][\n]"
12:51:27.901 [Forwarding findElement on session 02cef0f58a09e14fa89266f735ae910f to remote] DEBUG org.apache.http.wire - http-outgoing-18 << "{"value":{"element-6066-11e4-a52e-4f735466cecf":"5d8deb5d-483e-4528-84e1-3abe00681b6e"}}"
12:51:27.901 [Forwarding findElement on session 02cef0f58a09e14fa89266f735ae910f to remote] DEBUG org.apache.http.headers - http-outgoing-18 << HTTP/1.1 200 OK
12:51:27.901 [Forwarding findElement on session 02cef0f58a09e14fa89266f735ae910f to remote] DEBUG org.apache.http.headers - http-outgoing-18 << Content-Length:88
12:51:27.901 [Forwarding findElement on session 02cef0f58a09e14fa89266f735ae910f to remote] DEBUG org.apache.http.headers - http-outgoing-18 << Content-Type:application/json; charset=utf-8
12:51:27.901 [Forwarding findElement on session 02cef0f58a09e14fa89266f735ae910f to remote] DEBUG org.apache.http.headers - http-outgoing-18 << cache-control:no-cache
12:51:27.901 [Forwarding findElement on session 02cef0f58a09e14fa89266f735ae910f to remote] DEBUG org.apache.http.impl.execchain.MainClientExec - Connection can be kept alive indefinitely
12:51:27.901 [Forwarding findElement on session 02cef0f58a09e14fa89266f735ae910f to remote] DEBUG org.apache.http.impl.conn.PoolingHttpClientConnectionManager - Connection [id: 18][route: {}->http://localhost:43405] can be kept alive indefinitely
12:51:27.901 [Forwarding findElement on session 02cef0f58a09e14fa89266f735ae910f to remote] DEBUG org.apache.http.impl.conn.PoolingHttpClientConnectionManager - Connection released: [id: 18][route: {}->http://localhost:43405][total kept alive: 1; route allocated: 1 of 2000; total allocated: 1 of 2000]
12:51:27.908 [Forwarding actions on session 02cef0f58a09e14fa89266f735ae910f to remote] DEBUG org.apache.http.client.protocol.RequestAddCookies - CookieSpec selected: default
12:51:27.908 [Forwarding actions on session 02cef0f58a09e14fa89266f735ae910f to remote] DEBUG org.apache.http.client.protocol.RequestAuthCache - Auth cache not set in the context
12:51:27.908 [Forwarding actions on session 02cef0f58a09e14fa89266f735ae910f to remote] DEBUG org.apache.http.impl.conn.PoolingHttpClientConnectionManager - Connection request: [route: {}->http://localhost:43405][total kept alive: 1; route allocated: 1 of 2000; total allocated: 1 of 2000]
12:51:27.908 [Forwarding actions on session 02cef0f58a09e14fa89266f735ae910f to remote] DEBUG org.apache.http.impl.conn.PoolingHttpClientConnectionManager - Connection leased: [id: 18][route: {}->http://localhost:43405][total kept alive: 0; route allocated: 1 of 2000; total allocated: 1 of 2000]
12:51:27.908 [Forwarding actions on session 02cef0f58a09e14fa89266f735ae910f to remote] DEBUG org.apache.http.impl.execchain.MainClientExec - Stale connection check
12:51:27.910 [Forwarding actions on session 02cef0f58a09e14fa89266f735ae910f to remote] DEBUG org.apache.http.wire - http-outgoing-18 << "[read] I/O error: Read timed out"
12:51:27.910 [Forwarding actions on session 02cef0f58a09e14fa89266f735ae910f to remote] DEBUG org.apache.http.impl.conn.DefaultManagedHttpClientConnection - http-outgoing-18: set socket timeout to 10800000
12:51:27.910 [Forwarding actions on session 02cef0f58a09e14fa89266f735ae910f to remote] DEBUG org.apache.http.impl.execchain.MainClientExec - Executing request POST /session/02cef0f58a09e14fa89266f735ae910f/actions HTTP/1.1
12:51:27.910 [Forwarding actions on session 02cef0f58a09e14fa89266f735ae910f to remote] DEBUG org.apache.http.impl.execchain.MainClientExec - Target auth state: UNCHALLENGED
12:51:27.910 [Forwarding actions on session 02cef0f58a09e14fa89266f735ae910f to remote] DEBUG org.apache.http.impl.execchain.MainClientExec - Proxy auth state: UNCHALLENGED
12:51:27.910 [Forwarding actions on session 02cef0f58a09e14fa89266f735ae910f to remote] DEBUG org.apache.http.headers - http-outgoing-18 >> POST /session/02cef0f58a09e14fa89266f735ae910f/actions HTTP/1.1
12:51:27.910 [Forwarding actions on session 02cef0f58a09e14fa89266f735ae910f to remote] DEBUG org.apache.http.headers - http-outgoing-18 >> Content-Type: application/json; charset=utf-8
12:51:27.910 [Forwarding actions on session 02cef0f58a09e14fa89266f735ae910f to remote] DEBUG org.apache.http.headers - http-outgoing-18 >> Content-Length: 289
12:51:27.910 [Forwarding actions on session 02cef0f58a09e14fa89266f735ae910f to remote] DEBUG org.apache.http.headers - http-outgoing-18 >> Host: localhost:43405
12:51:27.910 [Forwarding actions on session 02cef0f58a09e14fa89266f735ae910f to remote] DEBUG org.apache.http.headers - http-outgoing-18 >> Connection: Keep-Alive
12:51:27.910 [Forwarding actions on session 02cef0f58a09e14fa89266f735ae910f to remote] DEBUG org.apache.http.headers - http-outgoing-18 >> User-Agent: Apache-HttpClient/4.5.3 (Java/1.8.0_211)
12:51:27.910 [Forwarding actions on session 02cef0f58a09e14fa89266f735ae910f to remote] DEBUG org.apache.http.headers - http-outgoing-18 >> Accept-Encoding: gzip,deflate
12:51:27.910 [Forwarding actions on session 02cef0f58a09e14fa89266f735ae910f to remote] DEBUG org.apache.http.wire - http-outgoing-18 >> "POST /session/02cef0f58a09e14fa89266f735ae910f/actions HTTP/1.1[\r][\n]"
12:51:27.910 [Forwarding actions on session 02cef0f58a09e14fa89266f735ae910f to remote] DEBUG org.apache.http.wire - http-outgoing-18 >> "Content-Type: application/json; charset=utf-8[\r][\n]"
12:51:27.910 [Forwarding actions on session 02cef0f58a09e14fa89266f735ae910f to remote] DEBUG org.apache.http.wire - http-outgoing-18 >> "Content-Length: 289[\r][\n]"
12:51:27.910 [Forwarding actions on session 02cef0f58a09e14fa89266f735ae910f to remote] DEBUG org.apache.http.wire - http-outgoing-18 >> "Host: localhost:43405[\r][\n]"
12:51:27.910 [Forwarding actions on session 02cef0f58a09e14fa89266f735ae910f to remote] DEBUG org.apache.http.wire - http-outgoing-18 >> "Connection: Keep-Alive[\r][\n]"
12:51:27.910 [Forwarding actions on session 02cef0f58a09e14fa89266f735ae910f to remote] DEBUG org.apache.http.wire - http-outgoing-18 >> "User-Agent: Apache-HttpClient/4.5.3 (Java/1.8.0_211)[\r][\n]"
12:51:27.910 [Forwarding actions on session 02cef0f58a09e14fa89266f735ae910f to remote] DEBUG org.apache.http.wire - http-outgoing-18 >> "Accept-Encoding: gzip,deflate[\r][\n]"
12:51:27.910 [Forwarding actions on session 02cef0f58a09e14fa89266f735ae910f to remote] DEBUG org.apache.http.wire - http-outgoing-18 >> "[\r][\n]"
12:51:27.910 [Forwarding actions on session 02cef0f58a09e14fa89266f735ae910f to remote] DEBUG org.apache.http.wire - http-outgoing-18 >> "{"actions":[{"id":"default mouse","type":"pointer","parameters":{"pointerType":"mouse"},"actions":[{"duration":100,"x":0,"y":0,"type":"pointerMove","origin":{"ELEMENT":"5d8deb5d-483e-4528-84e1-3abe00681b6e","element-6066-11e4-a52e-4f735466cecf":"5d8deb5d-483e-4528-84e1-3abe00681b6e"}}]}]}"
12:51:28.031 [Forwarding actions on session 02cef0f58a09e14fa89266f735ae910f to remote] DEBUG org.apache.http.wire - http-outgoing-18 << "HTTP/1.1 200 OK[\r][\n]"
12:51:28.031 [Forwarding actions on session 02cef0f58a09e14fa89266f735ae910f to remote] DEBUG org.apache.http.wire - http-outgoing-18 << "Content-Length:14[\r][\n]"
12:51:28.031 [Forwarding actions on session 02cef0f58a09e14fa89266f735ae910f to remote] DEBUG org.apache.http.wire - http-outgoing-18 << "Content-Type:application/json; charset=utf-8[\r][\n]"
12:51:28.031 [Forwarding actions on session 02cef0f58a09e14fa89266f735ae910f to remote] DEBUG org.apache.http.wire - http-outgoing-18 << "cache-control:no-cache[\r][\n]"
12:51:28.031 [Forwarding actions on session 02cef0f58a09e14fa89266f735ae910f to remote] DEBUG org.apache.http.wire - http-outgoing-18 << "[\r][\n]"
12:51:28.031 [Forwarding actions on session 02cef0f58a09e14fa89266f735ae910f to remote] DEBUG org.apache.http.wire - http-outgoing-18 << "{"value":null}"
12:51:28.031 [Forwarding actions on session 02cef0f58a09e14fa89266f735ae910f to remote] DEBUG org.apache.http.headers - http-outgoing-18 << HTTP/1.1 200 OK
12:51:28.031 [Forwarding actions on session 02cef0f58a09e14fa89266f735ae910f to remote] DEBUG org.apache.http.headers - http-outgoing-18 << Content-Length:14
12:51:28.031 [Forwarding actions on session 02cef0f58a09e14fa89266f735ae910f to remote] DEBUG org.apache.http.headers - http-outgoing-18 << Content-Type:application/json; charset=utf-8
12:51:28.031 [Forwarding actions on session 02cef0f58a09e14fa89266f735ae910f to remote] DEBUG org.apache.http.headers - http-outgoing-18 << cache-control:no-cache
12:51:28.031 [Forwarding actions on session 02cef0f58a09e14fa89266f735ae910f to remote] DEBUG org.apache.http.impl.execchain.MainClientExec - Connection can be kept alive indefinitely
12:51:28.032 [Forwarding actions on session 02cef0f58a09e14fa89266f735ae910f to remote] DEBUG org.apache.http.impl.conn.PoolingHttpClientConnectionManager - Connection [id: 18][route: {}->http://localhost:43405] can be kept alive indefinitely
12:51:28.032 [Forwarding actions on session 02cef0f58a09e14fa89266f735ae910f to remote] DEBUG org.apache.http.impl.conn.PoolingHttpClientConnectionManager - Connection released: [id: 18][route: {}->http://localhost:43405][total kept alive: 1; route allocated: 1 of 2000; total allocated: 1 of 2000]
12:51:28.032 [Forwarding findElement on session 02cef0f58a09e14fa89266f735ae910f to remote] DEBUG org.apache.http.client.protocol.RequestAddCookies - CookieSpec selected: default
12:51:28.032 [Forwarding findElement on session 02cef0f58a09e14fa89266f735ae910f to remote] DEBUG org.apache.http.client.protocol.RequestAuthCache - Auth cache not set in the context
12:51:28.032 [Forwarding findElement on session 02cef0f58a09e14fa89266f735ae910f to remote] DEBUG org.apache.http.impl.conn.PoolingHttpClientConnectionManager - Connection request: [route: {}->http://localhost:43405][total kept alive: 1; route allocated: 1 of 2000; total allocated: 1 of 2000]
12:51:28.032 [Forwarding findElement on session 02cef0f58a09e14fa89266f735ae910f to remote] DEBUG org.apache.http.impl.conn.PoolingHttpClientConnectionManager - Connection leased: [id: 18][route: {}->http://localhost:43405][total kept alive: 0; route allocated: 1 of 2000; total allocated: 1 of 2000]
12:51:28.032 [Forwarding findElement on session 02cef0f58a09e14fa89266f735ae910f to remote] DEBUG org.apache.http.impl.execchain.MainClientExec - Stale connection check
12:51:28.034 [Forwarding findElement on session 02cef0f58a09e14fa89266f735ae910f to remote] DEBUG org.apache.http.wire - http-outgoing-18 << "[read] I/O error: Read timed out"
12:51:28.034 [Forwarding findElement on session 02cef0f58a09e14fa89266f735ae910f to remote] DEBUG org.apache.http.impl.conn.DefaultManagedHttpClientConnection - http-outgoing-18: set socket timeout to 10800000
12:51:28.034 [Forwarding findElement on session 02cef0f58a09e14fa89266f735ae910f to remote] DEBUG org.apache.http.impl.execchain.MainClientExec - Executing request POST /session/02cef0f58a09e14fa89266f735ae910f/element HTTP/1.1
12:51:28.034 [Forwarding findElement on session 02cef0f58a09e14fa89266f735ae910f to remote] DEBUG org.apache.http.impl.execchain.MainClientExec - Target auth state: UNCHALLENGED
12:51:28.034 [Forwarding findElement on session 02cef0f58a09e14fa89266f735ae910f to remote] DEBUG org.apache.http.impl.execchain.MainClientExec - Proxy auth state: UNCHALLENGED
12:51:28.034 [Forwarding findElement on session 02cef0f58a09e14fa89266f735ae910f to remote] DEBUG org.apache.http.headers - http-outgoing-18 >> POST /session/02cef0f58a09e14fa89266f735ae910f/element HTTP/1.1
12:51:28.034 [Forwarding findElement on session 02cef0f58a09e14fa89266f735ae910f to remote] DEBUG org.apache.http.headers - http-outgoing-18 >> Content-Type: application/json; charset=utf-8
12:51:28.034 [Forwarding findElement on session 02cef0f58a09e14fa89266f735ae910f to remote] DEBUG org.apache.http.headers - http-outgoing-18 >> Content-Length: 58
12:51:28.034 [Forwarding findElement on session 02cef0f58a09e14fa89266f735ae910f to remote] DEBUG org.apache.http.headers - http-outgoing-18 >> Host: localhost:43405
12:51:28.034 [Forwarding findElement on session 02cef0f58a09e14fa89266f735ae910f to remote] DEBUG org.apache.http.headers - http-outgoing-18 >> Connection: Keep-Alive
12:51:28.034 [Forwarding findElement on session 02cef0f58a09e14fa89266f735ae910f to remote] DEBUG org.apache.http.headers - http-outgoing-18 >> User-Agent: Apache-HttpClient/4.5.3 (Java/1.8.0_211)
12:51:28.034 [Forwarding findElement on session 02cef0f58a09e14fa89266f735ae910f to remote] DEBUG org.apache.http.headers - http-outgoing-18 >> Accept-Encoding: gzip,deflate
12:51:28.034 [Forwarding findElement on session 02cef0f58a09e14fa89266f735ae910f to remote] DEBUG org.apache.http.wire - http-outgoing-18 >> "POST /session/02cef0f58a09e14fa89266f735ae910f/element HTTP/1.1[\r][\n]"
12:51:28.034 [Forwarding findElement on session 02cef0f58a09e14fa89266f735ae910f to remote] DEBUG org.apache.http.wire - http-outgoing-18 >> "Content-Type: application/json; charset=utf-8[\r][\n]"
12:51:28.034 [Forwarding findElement on session 02cef0f58a09e14fa89266f735ae910f to remote] DEBUG org.apache.http.wire - http-outgoing-18 >> "Content-Length: 58[\r][\n]"
12:51:28.034 [Forwarding findElement on session 02cef0f58a09e14fa89266f735ae910f to remote] DEBUG org.apache.http.wire - http-outgoing-18 >> "Host: localhost:43405[\r][\n]"
12:51:28.034 [Forwarding findElement on session 02cef0f58a09e14fa89266f735ae910f to remote] DEBUG org.apache.http.wire - http-outgoing-18 >> "Connection: Keep-Alive[\r][\n]"
12:51:28.034 [Forwarding findElement on session 02cef0f58a09e14fa89266f735ae910f to remote] DEBUG org.apache.http.wire - http-outgoing-18 >> "User-Agent: Apache-HttpClient/4.5.3 (Java/1.8.0_211)[\r][\n]"
12:51:28.034 [Forwarding findElement on session 02cef0f58a09e14fa89266f735ae910f to remote] DEBUG org.apache.http.wire - http-outgoing-18 >> "Accept-Encoding: gzip,deflate[\r][\n]"
12:51:28.034 [Forwarding findElement on session 02cef0f58a09e14fa89266f735ae910f to remote] DEBUG org.apache.http.wire - http-outgoing-18 >> "[\r][\n]"
12:51:28.034 [Forwarding findElement on session 02cef0f58a09e14fa89266f735ae910f to remote] DEBUG org.apache.http.wire - http-outgoing-18 >> "{"value":".px-2:nth-child(3) span","using":"css selector"}"
12:51:28.039 [Forwarding findElement on session 02cef0f58a09e14fa89266f735ae910f to remote] DEBUG org.apache.http.wire - http-outgoing-18 << "HTTP/1.1 200 OK[\r][\n]"
12:51:28.040 [Forwarding findElement on session 02cef0f58a09e14fa89266f735ae910f to remote] DEBUG org.apache.http.wire - http-outgoing-18 << "Content-Length:88[\r][\n]"
12:51:28.040 [Forwarding findElement on session 02cef0f58a09e14fa89266f735ae910f to remote] DEBUG org.apache.http.wire - http-outgoing-18 << "Content-Type:application/json; charset=utf-8[\r][\n]"
12:51:28.040 [Forwarding findElement on session 02cef0f58a09e14fa89266f735ae910f to remote] DEBUG org.apache.http.wire - http-outgoing-18 << "cache-control:no-cache[\r][\n]"
12:51:28.040 [Forwarding findElement on session 02cef0f58a09e14fa89266f735ae910f to remote] DEBUG org.apache.http.wire - http-outgoing-18 << "[\r][\n]"
12:51:28.040 [Forwarding findElement on session 02cef0f58a09e14fa89266f735ae910f to remote] DEBUG org.apache.http.wire - http-outgoing-18 << "{"value":{"element-6066-11e4-a52e-4f735466cecf":"2f7466e0-8c42-40f6-9627-600912784646"}}"
12:51:28.040 [Forwarding findElement on session 02cef0f58a09e14fa89266f735ae910f to remote] DEBUG org.apache.http.headers - http-outgoing-18 << HTTP/1.1 200 OK
12:51:28.040 [Forwarding findElement on session 02cef0f58a09e14fa89266f735ae910f to remote] DEBUG org.apache.http.headers - http-outgoing-18 << Content-Length:88
12:51:28.040 [Forwarding findElement on session 02cef0f58a09e14fa89266f735ae910f to remote] DEBUG org.apache.http.headers - http-outgoing-18 << Content-Type:application/json; charset=utf-8
12:51:28.040 [Forwarding findElement on session 02cef0f58a09e14fa89266f735ae910f to remote] DEBUG org.apache.http.headers - http-outgoing-18 << cache-control:no-cache
12:51:28.040 [Forwarding findElement on session 02cef0f58a09e14fa89266f735ae910f to remote] DEBUG org.apache.http.impl.execchain.MainClientExec - Connection can be kept alive indefinitely
12:51:28.040 [Forwarding findElement on session 02cef0f58a09e14fa89266f735ae910f to remote] DEBUG org.apache.http.impl.conn.PoolingHttpClientConnectionManager - Connection [id: 18][route: {}->http://localhost:43405] can be kept alive indefinitely
12:51:28.040 [Forwarding findElement on session 02cef0f58a09e14fa89266f735ae910f to remote] DEBUG org.apache.http.impl.conn.PoolingHttpClientConnectionManager - Connection released: [id: 18][route: {}->http://localhost:43405][total kept alive: 1; route allocated: 1 of 2000; total allocated: 1 of 2000]
12:51:28.041 [Forwarding clickElement on session 02cef0f58a09e14fa89266f735ae910f to remote] DEBUG org.apache.http.client.protocol.RequestAddCookies - CookieSpec selected: default
12:51:28.041 [Forwarding clickElement on session 02cef0f58a09e14fa89266f735ae910f to remote] DEBUG org.apache.http.client.protocol.RequestAuthCache - Auth cache not set in the context
12:51:28.041 [Forwarding clickElement on session 02cef0f58a09e14fa89266f735ae910f to remote] DEBUG org.apache.http.impl.conn.PoolingHttpClientConnectionManager - Connection request: [route: {}->http://localhost:43405][total kept alive: 1; route allocated: 1 of 2000; total allocated: 1 of 2000]
12:51:28.041 [Forwarding clickElement on session 02cef0f58a09e14fa89266f735ae910f to remote] DEBUG org.apache.http.impl.conn.PoolingHttpClientConnectionManager - Connection leased: [id: 18][route: {}->http://localhost:43405][total kept alive: 0; route allocated: 1 of 2000; total allocated: 1 of 2000]
12:51:28.041 [Forwarding clickElement on session 02cef0f58a09e14fa89266f735ae910f to remote] DEBUG org.apache.http.impl.execchain.MainClientExec - Stale connection check
12:51:28.042 [Forwarding clickElement on session 02cef0f58a09e14fa89266f735ae910f to remote] DEBUG org.apache.http.wire - http-outgoing-18 << "[read] I/O error: Read timed out"
12:51:28.042 [Forwarding clickElement on session 02cef0f58a09e14fa89266f735ae910f to remote] DEBUG org.apache.http.impl.conn.DefaultManagedHttpClientConnection - http-outgoing-18: set socket timeout to 10800000
12:51:28.042 [Forwarding clickElement on session 02cef0f58a09e14fa89266f735ae910f to remote] DEBUG org.apache.http.impl.execchain.MainClientExec - Executing request POST /session/02cef0f58a09e14fa89266f735ae910f/element/2f7466e0-8c42-40f6-9627-600912784646/click HTTP/1.1
12:51:28.042 [Forwarding clickElement on session 02cef0f58a09e14fa89266f735ae910f to remote] DEBUG org.apache.http.impl.execchain.MainClientExec - Target auth state: UNCHALLENGED
12:51:28.042 [Forwarding clickElement on session 02cef0f58a09e14fa89266f735ae910f to remote] DEBUG org.apache.http.impl.execchain.MainClientExec - Proxy auth state: UNCHALLENGED
12:51:28.043 [Forwarding clickElement on session 02cef0f58a09e14fa89266f735ae910f to remote] DEBUG org.apache.http.headers - http-outgoing-18 >> POST /session/02cef0f58a09e14fa89266f735ae910f/element/2f7466e0-8c42-40f6-9627-600912784646/click HTTP/1.1
12:51:28.043 [Forwarding clickElement on session 02cef0f58a09e14fa89266f735ae910f to remote] DEBUG org.apache.http.headers - http-outgoing-18 >> Content-Type: application/json; charset=utf-8
12:51:28.043 [Forwarding clickElement on session 02cef0f58a09e14fa89266f735ae910f to remote] DEBUG org.apache.http.headers - http-outgoing-18 >> Content-Length: 45
12:51:28.043 [Forwarding clickElement on session 02cef0f58a09e14fa89266f735ae910f to remote] DEBUG org.apache.http.headers - http-outgoing-18 >> Host: localhost:43405
12:51:28.043 [Forwarding clickElement on session 02cef0f58a09e14fa89266f735ae910f to remote] DEBUG org.apache.http.headers - http-outgoing-18 >> Connection: Keep-Alive
12:51:28.043 [Forwarding clickElement on session 02cef0f58a09e14fa89266f735ae910f to remote] DEBUG org.apache.http.headers - http-outgoing-18 >> User-Agent: Apache-HttpClient/4.5.3 (Java/1.8.0_211)
12:51:28.043 [Forwarding clickElement on session 02cef0f58a09e14fa89266f735ae910f to remote] DEBUG org.apache.http.headers - http-outgoing-18 >> Accept-Encoding: gzip,deflate
12:51:28.043 [Forwarding clickElement on session 02cef0f58a09e14fa89266f735ae910f to remote] DEBUG org.apache.http.wire - http-outgoing-18 >> "POST /session/02cef0f58a09e14fa89266f735ae910f/element/2f7466e0-8c42-40f6-9627-600912784646/click HTTP/1.1[\r][\n]"
12:51:28.043 [Forwarding clickElement on session 02cef0f58a09e14fa89266f735ae910f to remote] DEBUG org.apache.http.wire - http-outgoing-18 >> "Content-Type: application/json; charset=utf-8[\r][\n]"
12:51:28.043 [Forwarding clickElement on session 02cef0f58a09e14fa89266f735ae910f to remote] DEBUG org.apache.http.wire - http-outgoing-18 >> "Content-Length: 45[\r][\n]"
12:51:28.043 [Forwarding clickElement on session 02cef0f58a09e14fa89266f735ae910f to remote] DEBUG org.apache.http.wire - http-outgoing-18 >> "Host: localhost:43405[\r][\n]"
12:51:28.043 [Forwarding clickElement on session 02cef0f58a09e14fa89266f735ae910f to remote] DEBUG org.apache.http.wire - http-outgoing-18 >> "Connection: Keep-Alive[\r][\n]"
12:51:28.043 [Forwarding clickElement on session 02cef0f58a09e14fa89266f735ae910f to remote] DEBUG org.apache.http.wire - http-outgoing-18 >> "User-Agent: Apache-HttpClient/4.5.3 (Java/1.8.0_211)[\r][\n]"
12:51:28.043 [Forwarding clickElement on session 02cef0f58a09e14fa89266f735ae910f to remote] DEBUG org.apache.http.wire - http-outgoing-18 >> "Accept-Encoding: gzip,deflate[\r][\n]"
12:51:28.043 [Forwarding clickElement on session 02cef0f58a09e14fa89266f735ae910f to remote] DEBUG org.apache.http.wire - http-outgoing-18 >> "[\r][\n]"
12:51:28.043 [Forwarding clickElement on session 02cef0f58a09e14fa89266f735ae910f to remote] DEBUG org.apache.http.wire - http-outgoing-18 >> "{"id":"2f7466e0-8c42-40f6-9627-600912784646"}"
12:51:28.093 [Forwarding clickElement on session 02cef0f58a09e14fa89266f735ae910f to remote] DEBUG org.apache.http.wire - http-outgoing-18 << "HTTP/1.1 200 OK[\r][\n]"
12:51:28.093 [Forwarding clickElement on session 02cef0f58a09e14fa89266f735ae910f to remote] DEBUG org.apache.http.wire - http-outgoing-18 << "Content-Length:14[\r][\n]"
12:51:28.093 [Forwarding clickElement on session 02cef0f58a09e14fa89266f735ae910f to remote] DEBUG org.apache.http.wire - http-outgoing-18 << "Content-Type:application/json; charset=utf-8[\r][\n]"
12:51:28.093 [Forwarding clickElement on session 02cef0f58a09e14fa89266f735ae910f to remote] DEBUG org.apache.http.wire - http-outgoing-18 << "cache-control:no-cache[\r][\n]"
12:51:28.093 [Forwarding clickElement on session 02cef0f58a09e14fa89266f735ae910f to remote] DEBUG org.apache.http.wire - http-outgoing-18 << "[\r][\n]"
12:51:28.093 [Forwarding clickElement on session 02cef0f58a09e14fa89266f735ae910f to remote] DEBUG org.apache.http.wire - http-outgoing-18 << "{"value":null}"
12:51:28.093 [Forwarding clickElement on session 02cef0f58a09e14fa89266f735ae910f to remote] DEBUG org.apache.http.headers - http-outgoing-18 << HTTP/1.1 200 OK
12:51:28.093 [Forwarding clickElement on session 02cef0f58a09e14fa89266f735ae910f to remote] DEBUG org.apache.http.headers - http-outgoing-18 << Content-Length:14
12:51:28.093 [Forwarding clickElement on session 02cef0f58a09e14fa89266f735ae910f to remote] DEBUG org.apache.http.headers - http-outgoing-18 << Content-Type:application/json; charset=utf-8
12:51:28.093 [Forwarding clickElement on session 02cef0f58a09e14fa89266f735ae910f to remote] DEBUG org.apache.http.headers - http-outgoing-18 << cache-control:no-cache
12:51:28.093 [Forwarding clickElement on session 02cef0f58a09e14fa89266f735ae910f to remote] DEBUG org.apache.http.impl.execchain.MainClientExec - Connection can be kept alive indefinitely
12:51:28.093 [Forwarding clickElement on session 02cef0f58a09e14fa89266f735ae910f to remote] DEBUG org.apache.http.impl.conn.PoolingHttpClientConnectionManager - Connection [id: 18][route: {}->http://localhost:43405] can be kept alive indefinitely
12:51:28.094 [Forwarding clickElement on session 02cef0f58a09e14fa89266f735ae910f to remote] DEBUG org.apache.http.impl.conn.PoolingHttpClientConnectionManager - Connection released: [id: 18][route: {}->http://localhost:43405][total kept alive: 1; route allocated: 1 of 2000; total allocated: 1 of 2000]
12:51:28.094 [Forwarding findElement on session 02cef0f58a09e14fa89266f735ae910f to remote] DEBUG org.apache.http.client.protocol.RequestAddCookies - CookieSpec selected: default
12:51:28.094 [Forwarding findElement on session 02cef0f58a09e14fa89266f735ae910f to remote] DEBUG org.apache.http.client.protocol.RequestAuthCache - Auth cache not set in the context
12:51:28.095 [Forwarding findElement on session 02cef0f58a09e14fa89266f735ae910f to remote] DEBUG org.apache.http.impl.conn.PoolingHttpClientConnectionManager - Connection request: [route: {}->http://localhost:43405][total kept alive: 1; route allocated: 1 of 2000; total allocated: 1 of 2000]
12:51:28.095 [Forwarding findElement on session 02cef0f58a09e14fa89266f735ae910f to remote] DEBUG org.apache.http.impl.conn.PoolingHttpClientConnectionManager - Connection leased: [id: 18][route: {}->http://localhost:43405][total kept alive: 0; route allocated: 1 of 2000; total allocated: 1 of 2000]
12:51:28.095 [Forwarding findElement on session 02cef0f58a09e14fa89266f735ae910f to remote] DEBUG org.apache.http.impl.execchain.MainClientExec - Stale connection check
12:51:28.096 [Forwarding findElement on session 02cef0f58a09e14fa89266f735ae910f to remote] DEBUG org.apache.http.wire - http-outgoing-18 << "[read] I/O error: Read timed out"
12:51:28.096 [Forwarding findElement on session 02cef0f58a09e14fa89266f735ae910f to remote] DEBUG org.apache.http.impl.conn.DefaultManagedHttpClientConnection - http-outgoing-18: set socket timeout to 10800000
12:51:28.096 [Forwarding findElement on session 02cef0f58a09e14fa89266f735ae910f to remote] DEBUG org.apache.http.impl.execchain.MainClientExec - Executing request POST /session/02cef0f58a09e14fa89266f735ae910f/element HTTP/1.1
12:51:28.096 [Forwarding findElement on session 02cef0f58a09e14fa89266f735ae910f to remote] DEBUG org.apache.http.impl.execchain.MainClientExec - Target auth state: UNCHALLENGED
12:51:28.096 [Forwarding findElement on session 02cef0f58a09e14fa89266f735ae910f to remote] DEBUG org.apache.http.impl.execchain.MainClientExec - Proxy auth state: UNCHALLENGED
12:51:28.096 [Forwarding findElement on session 02cef0f58a09e14fa89266f735ae910f to remote] DEBUG org.apache.http.headers - http-outgoing-18 >> POST /session/02cef0f58a09e14fa89266f735ae910f/element HTTP/1.1
12:51:28.096 [Forwarding findElement on session 02cef0f58a09e14fa89266f735ae910f to remote] DEBUG org.apache.http.headers - http-outgoing-18 >> Content-Type: application/json; charset=utf-8
12:51:28.096 [Forwarding findElement on session 02cef0f58a09e14fa89266f735ae910f to remote] DEBUG org.apache.http.headers - http-outgoing-18 >> Content-Length: 61
12:51:28.096 [Forwarding findElement on session 02cef0f58a09e14fa89266f735ae910f to remote] DEBUG org.apache.http.headers - http-outgoing-18 >> Host: localhost:43405
12:51:28.096 [Forwarding findElement on session 02cef0f58a09e14fa89266f735ae910f to remote] DEBUG org.apache.http.headers - http-outgoing-18 >> Connection: Keep-Alive
12:51:28.096 [Forwarding findElement on session 02cef0f58a09e14fa89266f735ae910f to remote] DEBUG org.apache.http.headers - http-outgoing-18 >> User-Agent: Apache-HttpClient/4.5.3 (Java/1.8.0_211)
12:51:28.096 [Forwarding findElement on session 02cef0f58a09e14fa89266f735ae910f to remote] DEBUG org.apache.http.headers - http-outgoing-18 >> Accept-Encoding: gzip,deflate
12:51:28.096 [Forwarding findElement on session 02cef0f58a09e14fa89266f735ae910f to remote] DEBUG org.apache.http.wire - http-outgoing-18 >> "POST /session/02cef0f58a09e14fa89266f735ae910f/element HTTP/1.1[\r][\n]"
12:51:28.096 [Forwarding findElement on session 02cef0f58a09e14fa89266f735ae910f to remote] DEBUG org.apache.http.wire - http-outgoing-18 >> "Content-Type: application/json; charset=utf-8[\r][\n]"
12:51:28.096 [Forwarding findElement on session 02cef0f58a09e14fa89266f735ae910f to remote] DEBUG org.apache.http.wire - http-outgoing-18 >> "Content-Length: 61[\r][\n]"
12:51:28.096 [Forwarding findElement on session 02cef0f58a09e14fa89266f735ae910f to remote] DEBUG org.apache.http.wire - http-outgoing-18 >> "Host: localhost:43405[\r][\n]"
12:51:28.096 [Forwarding findElement on session 02cef0f58a09e14fa89266f735ae910f to remote] DEBUG org.apache.http.wire - http-outgoing-18 >> "Connection: Keep-Alive[\r][\n]"
12:51:28.096 [Forwarding findElement on session 02cef0f58a09e14fa89266f735ae910f to remote] DEBUG org.apache.http.wire - http-outgoing-18 >> "User-Agent: Apache-HttpClient/4.5.3 (Java/1.8.0_211)[\r][\n]"
12:51:28.096 [Forwarding findElement on session 02cef0f58a09e14fa89266f735ae910f to remote] DEBUG org.apache.http.wire - http-outgoing-18 >> "Accept-Encoding: gzip,deflate[\r][\n]"
12:51:28.096 [Forwarding findElement on session 02cef0f58a09e14fa89266f735ae910f to remote] DEBUG org.apache.http.wire - http-outgoing-18 >> "[\r][\n]"
12:51:28.096 [Forwarding findElement on session 02cef0f58a09e14fa89266f735ae910f to remote] DEBUG org.apache.http.wire - http-outgoing-18 >> "{"value":".form-control:nth-child(2)","using":"css selector"}"
12:51:28.103 [Forwarding findElement on session 02cef0f58a09e14fa89266f735ae910f to remote] DEBUG org.apache.http.wire - http-outgoing-18 << "HTTP/1.1 200 OK[\r][\n]"
12:51:28.103 [Forwarding findElement on session 02cef0f58a09e14fa89266f735ae910f to remote] DEBUG org.apache.http.wire - http-outgoing-18 << "Content-Length:88[\r][\n]"
12:51:28.103 [Forwarding findElement on session 02cef0f58a09e14fa89266f735ae910f to remote] DEBUG org.apache.http.wire - http-outgoing-18 << "Content-Type:application/json; charset=utf-8[\r][\n]"
12:51:28.103 [Forwarding findElement on session 02cef0f58a09e14fa89266f735ae910f to remote] DEBUG org.apache.http.wire - http-outgoing-18 << "cache-control:no-cache[\r][\n]"
12:51:28.103 [Forwarding findElement on session 02cef0f58a09e14fa89266f735ae910f to remote] DEBUG org.apache.http.wire - http-outgoing-18 << "[\r][\n]"
12:51:28.103 [Forwarding findElement on session 02cef0f58a09e14fa89266f735ae910f to remote] DEBUG org.apache.http.wire - http-outgoing-18 << "{"value":{"element-6066-11e4-a52e-4f735466cecf":"ef98b979-7368-420e-93f6-f4cffbac84c3"}}"
12:51:28.103 [Forwarding findElement on session 02cef0f58a09e14fa89266f735ae910f to remote] DEBUG org.apache.http.headers - http-outgoing-18 << HTTP/1.1 200 OK
12:51:28.103 [Forwarding findElement on session 02cef0f58a09e14fa89266f735ae910f to remote] DEBUG org.apache.http.headers - http-outgoing-18 << Content-Length:88
12:51:28.103 [Forwarding findElement on session 02cef0f58a09e14fa89266f735ae910f to remote] DEBUG org.apache.http.headers - http-outgoing-18 << Content-Type:application/json; charset=utf-8
12:51:28.103 [Forwarding findElement on session 02cef0f58a09e14fa89266f735ae910f to remote] DEBUG org.apache.http.headers - http-outgoing-18 << cache-control:no-cache
12:51:28.103 [Forwarding findElement on session 02cef0f58a09e14fa89266f735ae910f to remote] DEBUG org.apache.http.impl.execchain.MainClientExec - Connection can be kept alive indefinitely
12:51:28.103 [Forwarding findElement on session 02cef0f58a09e14fa89266f735ae910f to remote] DEBUG org.apache.http.impl.conn.PoolingHttpClientConnectionManager - Connection [id: 18][route: {}->http://localhost:43405] can be kept alive indefinitely
12:51:28.103 [Forwarding findElement on session 02cef0f58a09e14fa89266f735ae910f to remote] DEBUG org.apache.http.impl.conn.PoolingHttpClientConnectionManager - Connection released: [id: 18][route: {}->http://localhost:43405][total kept alive: 1; route allocated: 1 of 2000; total allocated: 1 of 2000]
12:51:28.104 [Forwarding clickElement on session 02cef0f58a09e14fa89266f735ae910f to remote] DEBUG org.apache.http.client.protocol.RequestAddCookies - CookieSpec selected: default
12:51:28.104 [Forwarding clickElement on session 02cef0f58a09e14fa89266f735ae910f to remote] DEBUG org.apache.http.client.protocol.RequestAuthCache - Auth cache not set in the context
12:51:28.104 [Forwarding clickElement on session 02cef0f58a09e14fa89266f735ae910f to remote] DEBUG org.apache.http.impl.conn.PoolingHttpClientConnectionManager - Connection request: [route: {}->http://localhost:43405][total kept alive: 1; route allocated: 1 of 2000; total allocated: 1 of 2000]
12:51:28.104 [Forwarding clickElement on session 02cef0f58a09e14fa89266f735ae910f to remote] DEBUG org.apache.http.impl.conn.PoolingHttpClientConnectionManager - Connection leased: [id: 18][route: {}->http://localhost:43405][total kept alive: 0; route allocated: 1 of 2000; total allocated: 1 of 2000]
12:51:28.105 [Forwarding clickElement on session 02cef0f58a09e14fa89266f735ae910f to remote] DEBUG org.apache.http.impl.execchain.MainClientExec - Stale connection check
12:51:28.106 [Forwarding clickElement on session 02cef0f58a09e14fa89266f735ae910f to remote] DEBUG org.apache.http.wire - http-outgoing-18 << "[read] I/O error: Read timed out"
12:51:28.106 [Forwarding clickElement on session 02cef0f58a09e14fa89266f735ae910f to remote] DEBUG org.apache.http.impl.conn.DefaultManagedHttpClientConnection - http-outgoing-18: set socket timeout to 10800000
12:51:28.106 [Forwarding clickElement on session 02cef0f58a09e14fa89266f735ae910f to remote] DEBUG org.apache.http.impl.execchain.MainClientExec - Executing request POST /session/02cef0f58a09e14fa89266f735ae910f/element/ef98b979-7368-420e-93f6-f4cffbac84c3/click HTTP/1.1
12:51:28.106 [Forwarding clickElement on session 02cef0f58a09e14fa89266f735ae910f to remote] DEBUG org.apache.http.impl.execchain.MainClientExec - Target auth state: UNCHALLENGED
12:51:28.106 [Forwarding clickElement on session 02cef0f58a09e14fa89266f735ae910f to remote] DEBUG org.apache.http.impl.execchain.MainClientExec - Proxy auth state: UNCHALLENGED
12:51:28.106 [Forwarding clickElement on session 02cef0f58a09e14fa89266f735ae910f to remote] DEBUG org.apache.http.headers - http-outgoing-18 >> POST /session/02cef0f58a09e14fa89266f735ae910f/element/ef98b979-7368-420e-93f6-f4cffbac84c3/click HTTP/1.1
12:51:28.106 [Forwarding clickElement on session 02cef0f58a09e14fa89266f735ae910f to remote] DEBUG org.apache.http.headers - http-outgoing-18 >> Content-Type: application/json; charset=utf-8
12:51:28.106 [Forwarding clickElement on session 02cef0f58a09e14fa89266f735ae910f to remote] DEBUG org.apache.http.headers - http-outgoing-18 >> Content-Length: 45
12:51:28.106 [Forwarding clickElement on session 02cef0f58a09e14fa89266f735ae910f to remote] DEBUG org.apache.http.headers - http-outgoing-18 >> Host: localhost:43405
12:51:28.106 [Forwarding clickElement on session 02cef0f58a09e14fa89266f735ae910f to remote] DEBUG org.apache.http.headers - http-outgoing-18 >> Connection: Keep-Alive
12:51:28.106 [Forwarding clickElement on session 02cef0f58a09e14fa89266f735ae910f to remote] DEBUG org.apache.http.headers - http-outgoing-18 >> User-Agent: Apache-HttpClient/4.5.3 (Java/1.8.0_211)
12:51:28.106 [Forwarding clickElement on session 02cef0f58a09e14fa89266f735ae910f to remote] DEBUG org.apache.http.headers - http-outgoing-18 >> Accept-Encoding: gzip,deflate
12:51:28.106 [Forwarding clickElement on session 02cef0f58a09e14fa89266f735ae910f to remote] DEBUG org.apache.http.wire - http-outgoing-18 >> "POST /session/02cef0f58a09e14fa89266f735ae910f/element/ef98b979-7368-420e-93f6-f4cffbac84c3/click HTTP/1.1[\r][\n]"
12:51:28.106 [Forwarding clickElement on session 02cef0f58a09e14fa89266f735ae910f to remote] DEBUG org.apache.http.wire - http-outgoing-18 >> "Content-Type: application/json; charset=utf-8[\r][\n]"
12:51:28.106 [Forwarding clickElement on session 02cef0f58a09e14fa89266f735ae910f to remote] DEBUG org.apache.http.wire - http-outgoing-18 >> "Content-Length: 45[\r][\n]"
12:51:28.106 [Forwarding clickElement on session 02cef0f58a09e14fa89266f735ae910f to remote] DEBUG org.apache.http.wire - http-outgoing-18 >> "Host: localhost:43405[\r][\n]"
12:51:28.106 [Forwarding clickElement on session 02cef0f58a09e14fa89266f735ae910f to remote] DEBUG org.apache.http.wire - http-outgoing-18 >> "Connection: Keep-Alive[\r][\n]"
12:51:28.106 [Forwarding clickElement on session 02cef0f58a09e14fa89266f735ae910f to remote] DEBUG org.apache.http.wire - http-outgoing-18 >> "User-Agent: Apache-HttpClient/4.5.3 (Java/1.8.0_211)[\r][\n]"
12:51:28.106 [Forwarding clickElement on session 02cef0f58a09e14fa89266f735ae910f to remote] DEBUG org.apache.http.wire - http-outgoing-18 >> "Accept-Encoding: gzip,deflate[\r][\n]"
12:51:28.106 [Forwarding clickElement on session 02cef0f58a09e14fa89266f735ae910f to remote] DEBUG org.apache.http.wire - http-outgoing-18 >> "[\r][\n]"
12:51:28.106 [Forwarding clickElement on session 02cef0f58a09e14fa89266f735ae910f to remote] DEBUG org.apache.http.wire - http-outgoing-18 >> "{"id":"ef98b979-7368-420e-93f6-f4cffbac84c3"}"
12:51:28.168 [Forwarding clickElement on session 02cef0f58a09e14fa89266f735ae910f to remote] DEBUG org.apache.http.wire - http-outgoing-18 << "HTTP/1.1 200 OK[\r][\n]"
12:51:28.168 [Forwarding clickElement on session 02cef0f58a09e14fa89266f735ae910f to remote] DEBUG org.apache.http.wire - http-outgoing-18 << "Content-Length:14[\r][\n]"
12:51:28.168 [Forwarding clickElement on session 02cef0f58a09e14fa89266f735ae910f to remote] DEBUG org.apache.http.wire - http-outgoing-18 << "Content-Type:application/json; charset=utf-8[\r][\n]"
12:51:28.168 [Forwarding clickElement on session 02cef0f58a09e14fa89266f735ae910f to remote] DEBUG org.apache.http.wire - http-outgoing-18 << "cache-control:no-cache[\r][\n]"
12:51:28.168 [Forwarding clickElement on session 02cef0f58a09e14fa89266f735ae910f to remote] DEBUG org.apache.http.wire - http-outgoing-18 << "[\r][\n]"
12:51:28.168 [Forwarding clickElement on session 02cef0f58a09e14fa89266f735ae910f to remote] DEBUG org.apache.http.wire - http-outgoing-18 << "{"value":null}"
12:51:28.168 [Forwarding clickElement on session 02cef0f58a09e14fa89266f735ae910f to remote] DEBUG org.apache.http.headers - http-outgoing-18 << HTTP/1.1 200 OK
12:51:28.168 [Forwarding clickElement on session 02cef0f58a09e14fa89266f735ae910f to remote] DEBUG org.apache.http.headers - http-outgoing-18 << Content-Length:14
12:51:28.168 [Forwarding clickElement on session 02cef0f58a09e14fa89266f735ae910f to remote] DEBUG org.apache.http.headers - http-outgoing-18 << Content-Type:application/json; charset=utf-8
12:51:28.168 [Forwarding clickElement on session 02cef0f58a09e14fa89266f735ae910f to remote] DEBUG org.apache.http.headers - http-outgoing-18 << cache-control:no-cache
12:51:28.168 [Forwarding clickElement on session 02cef0f58a09e14fa89266f735ae910f to remote] DEBUG org.apache.http.impl.execchain.MainClientExec - Connection can be kept alive indefinitely
12:51:28.168 [Forwarding clickElement on session 02cef0f58a09e14fa89266f735ae910f to remote] DEBUG org.apache.http.impl.conn.PoolingHttpClientConnectionManager - Connection [id: 18][route: {}->http://localhost:43405] can be kept alive indefinitely
12:51:28.168 [Forwarding clickElement on session 02cef0f58a09e14fa89266f735ae910f to remote] DEBUG org.apache.http.impl.conn.PoolingHttpClientConnectionManager - Connection released: [id: 18][route: {}->http://localhost:43405][total kept alive: 1; route allocated: 1 of 2000; total allocated: 1 of 2000]
12:51:28.169 [Forwarding findElement on session 02cef0f58a09e14fa89266f735ae910f to remote] DEBUG org.apache.http.client.protocol.RequestAddCookies - CookieSpec selected: default
12:51:28.169 [Forwarding findElement on session 02cef0f58a09e14fa89266f735ae910f to remote] DEBUG org.apache.http.client.protocol.RequestAuthCache - Auth cache not set in the context
12:51:28.169 [Forwarding findElement on session 02cef0f58a09e14fa89266f735ae910f to remote] DEBUG org.apache.http.impl.conn.PoolingHttpClientConnectionManager - Connection request: [route: {}->http://localhost:43405][total kept alive: 1; route allocated: 1 of 2000; total allocated: 1 of 2000]
12:51:28.169 [Forwarding findElement on session 02cef0f58a09e14fa89266f735ae910f to remote] DEBUG org.apache.http.impl.conn.PoolingHttpClientConnectionManager - Connection leased: [id: 18][route: {}->http://localhost:43405][total kept alive: 0; route allocated: 1 of 2000; total allocated: 1 of 2000]
12:51:28.169 [Forwarding findElement on session 02cef0f58a09e14fa89266f735ae910f to remote] DEBUG org.apache.http.impl.execchain.MainClientExec - Stale connection check
12:51:28.170 [Forwarding findElement on session 02cef0f58a09e14fa89266f735ae910f to remote] DEBUG org.apache.http.wire - http-outgoing-18 << "[read] I/O error: Read timed out"
12:51:28.170 [Forwarding findElement on session 02cef0f58a09e14fa89266f735ae910f to remote] DEBUG org.apache.http.impl.conn.DefaultManagedHttpClientConnection - http-outgoing-18: set socket timeout to 10800000
12:51:28.170 [Forwarding findElement on session 02cef0f58a09e14fa89266f735ae910f to remote] DEBUG org.apache.http.impl.execchain.MainClientExec - Executing request POST /session/02cef0f58a09e14fa89266f735ae910f/element HTTP/1.1
12:51:28.170 [Forwarding findElement on session 02cef0f58a09e14fa89266f735ae910f to remote] DEBUG org.apache.http.impl.execchain.MainClientExec - Target auth state: UNCHALLENGED
12:51:28.170 [Forwarding findElement on session 02cef0f58a09e14fa89266f735ae910f to remote] DEBUG org.apache.http.impl.execchain.MainClientExec - Proxy auth state: UNCHALLENGED
12:51:28.170 [Forwarding findElement on session 02cef0f58a09e14fa89266f735ae910f to remote] DEBUG org.apache.http.headers - http-outgoing-18 >> POST /session/02cef0f58a09e14fa89266f735ae910f/element HTTP/1.1
12:51:28.170 [Forwarding findElement on session 02cef0f58a09e14fa89266f735ae910f to remote] DEBUG org.apache.http.headers - http-outgoing-18 >> Content-Type: application/json; charset=utf-8
12:51:28.170 [Forwarding findElement on session 02cef0f58a09e14fa89266f735ae910f to remote] DEBUG org.apache.http.headers - http-outgoing-18 >> Content-Length: 61
12:51:28.170 [Forwarding findElement on session 02cef0f58a09e14fa89266f735ae910f to remote] DEBUG org.apache.http.headers - http-outgoing-18 >> Host: localhost:43405
12:51:28.170 [Forwarding findElement on session 02cef0f58a09e14fa89266f735ae910f to remote] DEBUG org.apache.http.headers - http-outgoing-18 >> Connection: Keep-Alive
12:51:28.170 [Forwarding findElement on session 02cef0f58a09e14fa89266f735ae910f to remote] DEBUG org.apache.http.headers - http-outgoing-18 >> User-Agent: Apache-HttpClient/4.5.3 (Java/1.8.0_211)
12:51:28.170 [Forwarding findElement on session 02cef0f58a09e14fa89266f735ae910f to remote] DEBUG org.apache.http.headers - http-outgoing-18 >> Accept-Encoding: gzip,deflate
12:51:28.170 [Forwarding findElement on session 02cef0f58a09e14fa89266f735ae910f to remote] DEBUG org.apache.http.wire - http-outgoing-18 >> "POST /session/02cef0f58a09e14fa89266f735ae910f/element HTTP/1.1[\r][\n]"
12:51:28.170 [Forwarding findElement on session 02cef0f58a09e14fa89266f735ae910f to remote] DEBUG org.apache.http.wire - http-outgoing-18 >> "Content-Type: application/json; charset=utf-8[\r][\n]"
12:51:28.170 [Forwarding findElement on session 02cef0f58a09e14fa89266f735ae910f to remote] DEBUG org.apache.http.wire - http-outgoing-18 >> "Content-Length: 61[\r][\n]"
12:51:28.170 [Forwarding findElement on session 02cef0f58a09e14fa89266f735ae910f to remote] DEBUG org.apache.http.wire - http-outgoing-18 >> "Host: localhost:43405[\r][\n]"
12:51:28.170 [Forwarding findElement on session 02cef0f58a09e14fa89266f735ae910f to remote] DEBUG org.apache.http.wire - http-outgoing-18 >> "Connection: Keep-Alive[\r][\n]"
12:51:28.170 [Forwarding findElement on session 02cef0f58a09e14fa89266f735ae910f to remote] DEBUG org.apache.http.wire - http-outgoing-18 >> "User-Agent: Apache-HttpClient/4.5.3 (Java/1.8.0_211)[\r][\n]"
12:51:28.170 [Forwarding findElement on session 02cef0f58a09e14fa89266f735ae910f to remote] DEBUG org.apache.http.wire - http-outgoing-18 >> "Accept-Encoding: gzip,deflate[\r][\n]"
12:51:28.170 [Forwarding findElement on session 02cef0f58a09e14fa89266f735ae910f to remote] DEBUG org.apache.http.wire - http-outgoing-18 >> "[\r][\n]"
12:51:28.170 [Forwarding findElement on session 02cef0f58a09e14fa89266f735ae910f to remote] DEBUG org.apache.http.wire - http-outgoing-18 >> "{"value":".form-control:nth-child(2)","using":"css selector"}"
12:51:28.173 [Forwarding findElement on session 02cef0f58a09e14fa89266f735ae910f to remote] DEBUG org.apache.http.wire - http-outgoing-18 << "HTTP/1.1 200 OK[\r][\n]"
12:51:28.173 [Forwarding findElement on session 02cef0f58a09e14fa89266f735ae910f to remote] DEBUG org.apache.http.wire - http-outgoing-18 << "Content-Length:88[\r][\n]"
12:51:28.173 [Forwarding findElement on session 02cef0f58a09e14fa89266f735ae910f to remote] DEBUG org.apache.http.wire - http-outgoing-18 << "Content-Type:application/json; charset=utf-8[\r][\n]"
12:51:28.173 [Forwarding findElement on session 02cef0f58a09e14fa89266f735ae910f to remote] DEBUG org.apache.http.wire - http-outgoing-18 << "cache-control:no-cache[\r][\n]"
12:51:28.173 [Forwarding findElement on session 02cef0f58a09e14fa89266f735ae910f to remote] DEBUG org.apache.http.wire - http-outgoing-18 << "[\r][\n]"
12:51:28.173 [Forwarding findElement on session 02cef0f58a09e14fa89266f735ae910f to remote] DEBUG org.apache.http.wire - http-outgoing-18 << "{"value":{"element-6066-11e4-a52e-4f735466cecf":"ef98b979-7368-420e-93f6-f4cffbac84c3"}}"
12:51:28.173 [Forwarding findElement on session 02cef0f58a09e14fa89266f735ae910f to remote] DEBUG org.apache.http.headers - http-outgoing-18 << HTTP/1.1 200 OK
12:51:28.173 [Forwarding findElement on session 02cef0f58a09e14fa89266f735ae910f to remote] DEBUG org.apache.http.headers - http-outgoing-18 << Content-Length:88
12:51:28.173 [Forwarding findElement on session 02cef0f58a09e14fa89266f735ae910f to remote] DEBUG org.apache.http.headers - http-outgoing-18 << Content-Type:application/json; charset=utf-8
12:51:28.173 [Forwarding findElement on session 02cef0f58a09e14fa89266f735ae910f to remote] DEBUG org.apache.http.headers - http-outgoing-18 << cache-control:no-cache
12:51:28.173 [Forwarding findElement on session 02cef0f58a09e14fa89266f735ae910f to remote] DEBUG org.apache.http.impl.execchain.MainClientExec - Connection can be kept alive indefinitely
12:51:28.173 [Forwarding findElement on session 02cef0f58a09e14fa89266f735ae910f to remote] DEBUG org.apache.http.impl.conn.PoolingHttpClientConnectionManager - Connection [id: 18][route: {}->http://localhost:43405] can be kept alive indefinitely
12:51:28.173 [Forwarding findElement on session 02cef0f58a09e14fa89266f735ae910f to remote] DEBUG org.apache.http.impl.conn.PoolingHttpClientConnectionManager - Connection released: [id: 18][route: {}->http://localhost:43405][total kept alive: 1; route allocated: 1 of 2000; total allocated: 1 of 2000]
12:51:28.176 [Forwarding sendKeysToElement on session 02cef0f58a09e14fa89266f735ae910f to remote] DEBUG org.apache.http.client.protocol.RequestAddCookies - CookieSpec selected: default
12:51:28.176 [Forwarding sendKeysToElement on session 02cef0f58a09e14fa89266f735ae910f to remote] DEBUG org.apache.http.client.protocol.RequestAuthCache - Auth cache not set in the context
12:51:28.176 [Forwarding sendKeysToElement on session 02cef0f58a09e14fa89266f735ae910f to remote] DEBUG org.apache.http.impl.conn.PoolingHttpClientConnectionManager - Connection request: [route: {}->http://localhost:43405][total kept alive: 1; route allocated: 1 of 2000; total allocated: 1 of 2000]
12:51:28.176 [Forwarding sendKeysToElement on session 02cef0f58a09e14fa89266f735ae910f to remote] DEBUG org.apache.http.impl.conn.PoolingHttpClientConnectionManager - Connection leased: [id: 18][route: {}->http://localhost:43405][total kept alive: 0; route allocated: 1 of 2000; total allocated: 1 of 2000]
12:51:28.176 [Forwarding sendKeysToElement on session 02cef0f58a09e14fa89266f735ae910f to remote] DEBUG org.apache.http.impl.execchain.MainClientExec - Stale connection check
12:51:28.178 [Forwarding sendKeysToElement on session 02cef0f58a09e14fa89266f735ae910f to remote] DEBUG org.apache.http.wire - http-outgoing-18 << "[read] I/O error: Read timed out"
12:51:28.178 [Forwarding sendKeysToElement on session 02cef0f58a09e14fa89266f735ae910f to remote] DEBUG org.apache.http.impl.conn.DefaultManagedHttpClientConnection - http-outgoing-18: set socket timeout to 10800000
12:51:28.178 [Forwarding sendKeysToElement on session 02cef0f58a09e14fa89266f735ae910f to remote] DEBUG org.apache.http.impl.execchain.MainClientExec - Executing request POST /session/02cef0f58a09e14fa89266f735ae910f/element/ef98b979-7368-420e-93f6-f4cffbac84c3/value HTTP/1.1
12:51:28.178 [Forwarding sendKeysToElement on session 02cef0f58a09e14fa89266f735ae910f to remote] DEBUG org.apache.http.impl.execchain.MainClientExec - Target auth state: UNCHALLENGED
12:51:28.178 [Forwarding sendKeysToElement on session 02cef0f58a09e14fa89266f735ae910f to remote] DEBUG org.apache.http.impl.execchain.MainClientExec - Proxy auth state: UNCHALLENGED
12:51:28.178 [Forwarding sendKeysToElement on session 02cef0f58a09e14fa89266f735ae910f to remote] DEBUG org.apache.http.headers - http-outgoing-18 >> POST /session/02cef0f58a09e14fa89266f735ae910f/element/ef98b979-7368-420e-93f6-f4cffbac84c3/value HTTP/1.1
12:51:28.178 [Forwarding sendKeysToElement on session 02cef0f58a09e14fa89266f735ae910f to remote] DEBUG org.apache.http.headers - http-outgoing-18 >> Content-Type: application/json; charset=utf-8
12:51:28.178 [Forwarding sendKeysToElement on session 02cef0f58a09e14fa89266f735ae910f to remote] DEBUG org.apache.http.headers - http-outgoing-18 >> Content-Length: 385
12:51:28.178 [Forwarding sendKeysToElement on session 02cef0f58a09e14fa89266f735ae910f to remote] DEBUG org.apache.http.headers - http-outgoing-18 >> Host: localhost:43405
12:51:28.178 [Forwarding sendKeysToElement on session 02cef0f58a09e14fa89266f735ae910f to remote] DEBUG org.apache.http.headers - http-outgoing-18 >> Connection: Keep-Alive
12:51:28.178 [Forwarding sendKeysToElement on session 02cef0f58a09e14fa89266f735ae910f to remote] DEBUG org.apache.http.headers - http-outgoing-18 >> User-Agent: Apache-HttpClient/4.5.3 (Java/1.8.0_211)
12:51:28.178 [Forwarding sendKeysToElement on session 02cef0f58a09e14fa89266f735ae910f to remote] DEBUG org.apache.http.headers - http-outgoing-18 >> Accept-Encoding: gzip,deflate
12:51:28.178 [Forwarding sendKeysToElement on session 02cef0f58a09e14fa89266f735ae910f to remote] DEBUG org.apache.http.wire - http-outgoing-18 >> "POST /session/02cef0f58a09e14fa89266f735ae910f/element/ef98b979-7368-420e-93f6-f4cffbac84c3/value HTTP/1.1[\r][\n]"
12:51:28.178 [Forwarding sendKeysToElement on session 02cef0f58a09e14fa89266f735ae910f to remote] DEBUG org.apache.http.wire - http-outgoing-18 >> "Content-Type: application/json; charset=utf-8[\r][\n]"
12:51:28.178 [Forwarding sendKeysToElement on session 02cef0f58a09e14fa89266f735ae910f to remote] DEBUG org.apache.http.wire - http-outgoing-18 >> "Content-Length: 385[\r][\n]"
12:51:28.178 [Forwarding sendKeysToElement on session 02cef0f58a09e14fa89266f735ae910f to remote] DEBUG org.apache.http.wire - http-outgoing-18 >> "Host: localhost:43405[\r][\n]"
12:51:28.178 [Forwarding sendKeysToElement on session 02cef0f58a09e14fa89266f735ae910f to remote] DEBUG org.apache.http.wire - http-outgoing-18 >> "Connection: Keep-Alive[\r][\n]"
12:51:28.178 [Forwarding sendKeysToElement on session 02cef0f58a09e14fa89266f735ae910f to remote] DEBUG org.apache.http.wire - http-outgoing-18 >> "User-Agent: Apache-HttpClient/4.5.3 (Java/1.8.0_211)[\r][\n]"
12:51:28.178 [Forwarding sendKeysToElement on session 02cef0f58a09e14fa89266f735ae910f to remote] DEBUG org.apache.http.wire - http-outgoing-18 >> "Accept-Encoding: gzip,deflate[\r][\n]"
12:51:28.178 [Forwarding sendKeysToElement on session 02cef0f58a09e14fa89266f735ae910f to remote] DEBUG org.apache.http.wire - http-outgoing-18 >> "[\r][\n]"
12:51:28.178 [Forwarding sendKeysToElement on session 02cef0f58a09e14fa89266f735ae910f to remote] DEBUG org.apache.http.wire - http-outgoing-18 >> "{"id":"ef98b979-7368-420e-93f6-f4cffbac84c3","text":"de164ddc64b1783c3ebced73b32c479b3daa203cf323bd738a9ecfc4674d6017","value":["d","e","1","6","4","d","d","c","6","4","b","1","7","8","3","c","3","e","b","c","e","d","7","3","b","3","2","c","4","7","9","b","3","d","a","a","2","0","3","c","f","3","2","3","b","d","7","3","8","a","9","e","c","f","c","4","6","7","4","d","6","0","1","7"]}"
12:51:28.671 [Forwarding sendKeysToElement on session 02cef0f58a09e14fa89266f735ae910f to remote] DEBUG org.apache.http.wire - http-outgoing-18 << "HTTP/1.1 200 OK[\r][\n]"
12:51:28.671 [Forwarding sendKeysToElement on session 02cef0f58a09e14fa89266f735ae910f to remote] DEBUG org.apache.http.wire - http-outgoing-18 << "Content-Length:14[\r][\n]"
12:51:28.671 [Forwarding sendKeysToElement on session 02cef0f58a09e14fa89266f735ae910f to remote] DEBUG org.apache.http.wire - http-outgoing-18 << "Content-Type:application/json; charset=utf-8[\r][\n]"
12:51:28.671 [Forwarding sendKeysToElement on session 02cef0f58a09e14fa89266f735ae910f to remote] DEBUG org.apache.http.wire - http-outgoing-18 << "cache-control:no-cache[\r][\n]"
12:51:28.671 [Forwarding sendKeysToElement on session 02cef0f58a09e14fa89266f735ae910f to remote] DEBUG org.apache.http.wire - http-outgoing-18 << "[\r][\n]"
12:51:28.671 [Forwarding sendKeysToElement on session 02cef0f58a09e14fa89266f735ae910f to remote] DEBUG org.apache.http.wire - http-outgoing-18 << "{"value":null}"
12:51:28.671 [Forwarding sendKeysToElement on session 02cef0f58a09e14fa89266f735ae910f to remote] DEBUG org.apache.http.headers - http-outgoing-18 << HTTP/1.1 200 OK
12:51:28.671 [Forwarding sendKeysToElement on session 02cef0f58a09e14fa89266f735ae910f to remote] DEBUG org.apache.http.headers - http-outgoing-18 << Content-Length:14
12:51:28.671 [Forwarding sendKeysToElement on session 02cef0f58a09e14fa89266f735ae910f to remote] DEBUG org.apache.http.headers - http-outgoing-18 << Content-Type:application/json; charset=utf-8
12:51:28.671 [Forwarding sendKeysToElement on session 02cef0f58a09e14fa89266f735ae910f to remote] DEBUG org.apache.http.headers - http-outgoing-18 << cache-control:no-cache
12:51:28.671 [Forwarding sendKeysToElement on session 02cef0f58a09e14fa89266f735ae910f to remote] DEBUG org.apache.http.impl.execchain.MainClientExec - Connection can be kept alive indefinitely
12:51:28.671 [Forwarding sendKeysToElement on session 02cef0f58a09e14fa89266f735ae910f to remote] DEBUG org.apache.http.impl.conn.PoolingHttpClientConnectionManager - Connection [id: 18][route: {}->http://localhost:43405] can be kept alive indefinitely
12:51:28.671 [Forwarding sendKeysToElement on session 02cef0f58a09e14fa89266f735ae910f to remote] DEBUG org.apache.http.impl.conn.PoolingHttpClientConnectionManager - Connection released: [id: 18][route: {}->http://localhost:43405][total kept alive: 1; route allocated: 1 of 2000; total allocated: 1 of 2000]
12:51:28.672 [Forwarding findElement on session 02cef0f58a09e14fa89266f735ae910f to remote] DEBUG org.apache.http.client.protocol.RequestAddCookies - CookieSpec selected: default
12:51:28.672 [Forwarding findElement on session 02cef0f58a09e14fa89266f735ae910f to remote] DEBUG org.apache.http.client.protocol.RequestAuthCache - Auth cache not set in the context
12:51:28.672 [Forwarding findElement on session 02cef0f58a09e14fa89266f735ae910f to remote] DEBUG org.apache.http.impl.conn.PoolingHttpClientConnectionManager - Connection request: [route: {}->http://localhost:43405][total kept alive: 1; route allocated: 1 of 2000; total allocated: 1 of 2000]
12:51:28.672 [Forwarding findElement on session 02cef0f58a09e14fa89266f735ae910f to remote] DEBUG org.apache.http.impl.conn.PoolingHttpClientConnectionManager - Connection leased: [id: 18][route: {}->http://localhost:43405][total kept alive: 0; route allocated: 1 of 2000; total allocated: 1 of 2000]
12:51:28.672 [Forwarding findElement on session 02cef0f58a09e14fa89266f735ae910f to remote] DEBUG org.apache.http.impl.execchain.MainClientExec - Stale connection check
12:51:28.673 [Forwarding findElement on session 02cef0f58a09e14fa89266f735ae910f to remote] DEBUG org.apache.http.wire - http-outgoing-18 << "[read] I/O error: Read timed out"
12:51:28.673 [Forwarding findElement on session 02cef0f58a09e14fa89266f735ae910f to remote] DEBUG org.apache.http.impl.conn.DefaultManagedHttpClientConnection - http-outgoing-18: set socket timeout to 10800000
12:51:28.673 [Forwarding findElement on session 02cef0f58a09e14fa89266f735ae910f to remote] DEBUG org.apache.http.impl.execchain.MainClientExec - Executing request POST /session/02cef0f58a09e14fa89266f735ae910f/element HTTP/1.1
12:51:28.673 [Forwarding findElement on session 02cef0f58a09e14fa89266f735ae910f to remote] DEBUG org.apache.http.impl.execchain.MainClientExec - Target auth state: UNCHALLENGED
12:51:28.673 [Forwarding findElement on session 02cef0f58a09e14fa89266f735ae910f to remote] DEBUG org.apache.http.impl.execchain.MainClientExec - Proxy auth state: UNCHALLENGED
12:51:28.673 [Forwarding findElement on session 02cef0f58a09e14fa89266f735ae910f to remote] DEBUG org.apache.http.headers - http-outgoing-18 >> POST /session/02cef0f58a09e14fa89266f735ae910f/element HTTP/1.1
12:51:28.673 [Forwarding findElement on session 02cef0f58a09e14fa89266f735ae910f to remote] DEBUG org.apache.http.headers - http-outgoing-18 >> Content-Type: application/json; charset=utf-8
12:51:28.673 [Forwarding findElement on session 02cef0f58a09e14fa89266f735ae910f to remote] DEBUG org.apache.http.headers - http-outgoing-18 >> Content-Length: 59
12:51:28.673 [Forwarding findElement on session 02cef0f58a09e14fa89266f735ae910f to remote] DEBUG org.apache.http.headers - http-outgoing-18 >> Host: localhost:43405
12:51:28.673 [Forwarding findElement on session 02cef0f58a09e14fa89266f735ae910f to remote] DEBUG org.apache.http.headers - http-outgoing-18 >> Connection: Keep-Alive
12:51:28.673 [Forwarding findElement on session 02cef0f58a09e14fa89266f735ae910f to remote] DEBUG org.apache.http.headers - http-outgoing-18 >> User-Agent: Apache-HttpClient/4.5.3 (Java/1.8.0_211)
12:51:28.673 [Forwarding findElement on session 02cef0f58a09e14fa89266f735ae910f to remote] DEBUG org.apache.http.headers - http-outgoing-18 >> Accept-Encoding: gzip,deflate
12:51:28.673 [Forwarding findElement on session 02cef0f58a09e14fa89266f735ae910f to remote] DEBUG org.apache.http.wire - http-outgoing-18 >> "POST /session/02cef0f58a09e14fa89266f735ae910f/element HTTP/1.1[\r][\n]"
12:51:28.673 [Forwarding findElement on session 02cef0f58a09e14fa89266f735ae910f to remote] DEBUG org.apache.http.wire - http-outgoing-18 >> "Content-Type: application/json; charset=utf-8[\r][\n]"
12:51:28.673 [Forwarding findElement on session 02cef0f58a09e14fa89266f735ae910f to remote] DEBUG org.apache.http.wire - http-outgoing-18 >> "Content-Length: 59[\r][\n]"
12:51:28.673 [Forwarding findElement on session 02cef0f58a09e14fa89266f735ae910f to remote] DEBUG org.apache.http.wire - http-outgoing-18 >> "Host: localhost:43405[\r][\n]"
12:51:28.673 [Forwarding findElement on session 02cef0f58a09e14fa89266f735ae910f to remote] DEBUG org.apache.http.wire - http-outgoing-18 >> "Connection: Keep-Alive[\r][\n]"
12:51:28.673 [Forwarding findElement on session 02cef0f58a09e14fa89266f735ae910f to remote] DEBUG org.apache.http.wire - http-outgoing-18 >> "User-Agent: Apache-HttpClient/4.5.3 (Java/1.8.0_211)[\r][\n]"
12:51:28.673 [Forwarding findElement on session 02cef0f58a09e14fa89266f735ae910f to remote] DEBUG org.apache.http.wire - http-outgoing-18 >> "Accept-Encoding: gzip,deflate[\r][\n]"
12:51:28.673 [Forwarding findElement on session 02cef0f58a09e14fa89266f735ae910f to remote] DEBUG org.apache.http.wire - http-outgoing-18 >> "[\r][\n]"
12:51:28.673 [Forwarding findElement on session 02cef0f58a09e14fa89266f735ae910f to remote] DEBUG org.apache.http.wire - http-outgoing-18 >> "{"value":".btn-danger:nth-child(3)","using":"css selector"}"
12:51:28.682 [Forwarding findElement on session 02cef0f58a09e14fa89266f735ae910f to remote] DEBUG org.apache.http.wire - http-outgoing-18 << "HTTP/1.1 200 OK[\r][\n]"
12:51:28.682 [Forwarding findElement on session 02cef0f58a09e14fa89266f735ae910f to remote] DEBUG org.apache.http.wire - http-outgoing-18 << "Content-Length:88[\r][\n]"
12:51:28.682 [Forwarding findElement on session 02cef0f58a09e14fa89266f735ae910f to remote] DEBUG org.apache.http.wire - http-outgoing-18 << "Content-Type:application/json; charset=utf-8[\r][\n]"
12:51:28.682 [Forwarding findElement on session 02cef0f58a09e14fa89266f735ae910f to remote] DEBUG org.apache.http.wire - http-outgoing-18 << "cache-control:no-cache[\r][\n]"
12:51:28.682 [Forwarding findElement on session 02cef0f58a09e14fa89266f735ae910f to remote] DEBUG org.apache.http.wire - http-outgoing-18 << "[\r][\n]"
12:51:28.682 [Forwarding findElement on session 02cef0f58a09e14fa89266f735ae910f to remote] DEBUG org.apache.http.wire - http-outgoing-18 << "{"value":{"element-6066-11e4-a52e-4f735466cecf":"f76ec896-5c95-4e6f-baed-b464189bb6ec"}}"
12:51:28.683 [Forwarding findElement on session 02cef0f58a09e14fa89266f735ae910f to remote] DEBUG org.apache.http.headers - http-outgoing-18 << HTTP/1.1 200 OK
12:51:28.683 [Forwarding findElement on session 02cef0f58a09e14fa89266f735ae910f to remote] DEBUG org.apache.http.headers - http-outgoing-18 << Content-Length:88
12:51:28.683 [Forwarding findElement on session 02cef0f58a09e14fa89266f735ae910f to remote] DEBUG org.apache.http.headers - http-outgoing-18 << Content-Type:application/json; charset=utf-8
12:51:28.683 [Forwarding findElement on session 02cef0f58a09e14fa89266f735ae910f to remote] DEBUG org.apache.http.headers - http-outgoing-18 << cache-control:no-cache
12:51:28.683 [Forwarding findElement on session 02cef0f58a09e14fa89266f735ae910f to remote] DEBUG org.apache.http.impl.execchain.MainClientExec - Connection can be kept alive indefinitely
12:51:28.683 [Forwarding findElement on session 02cef0f58a09e14fa89266f735ae910f to remote] DEBUG org.apache.http.impl.conn.PoolingHttpClientConnectionManager - Connection [id: 18][route: {}->http://localhost:43405] can be kept alive indefinitely
12:51:28.683 [Forwarding findElement on session 02cef0f58a09e14fa89266f735ae910f to remote] DEBUG org.apache.http.impl.conn.PoolingHttpClientConnectionManager - Connection released: [id: 18][route: {}->http://localhost:43405][total kept alive: 1; route allocated: 1 of 2000; total allocated: 1 of 2000]
12:51:28.684 [Forwarding clickElement on session 02cef0f58a09e14fa89266f735ae910f to remote] DEBUG org.apache.http.client.protocol.RequestAddCookies - CookieSpec selected: default
12:51:28.684 [Forwarding clickElement on session 02cef0f58a09e14fa89266f735ae910f to remote] DEBUG org.apache.http.client.protocol.RequestAuthCache - Auth cache not set in the context
12:51:28.684 [Forwarding clickElement on session 02cef0f58a09e14fa89266f735ae910f to remote] DEBUG org.apache.http.impl.conn.PoolingHttpClientConnectionManager - Connection request: [route: {}->http://localhost:43405][total kept alive: 1; route allocated: 1 of 2000; total allocated: 1 of 2000]
12:51:28.684 [Forwarding clickElement on session 02cef0f58a09e14fa89266f735ae910f to remote] DEBUG org.apache.http.impl.conn.PoolingHttpClientConnectionManager - Connection leased: [id: 18][route: {}->http://localhost:43405][total kept alive: 0; route allocated: 1 of 2000; total allocated: 1 of 2000]
12:51:28.684 [Forwarding clickElement on session 02cef0f58a09e14fa89266f735ae910f to remote] DEBUG org.apache.http.impl.execchain.MainClientExec - Stale connection check
12:51:28.685 [Forwarding clickElement on session 02cef0f58a09e14fa89266f735ae910f to remote] DEBUG org.apache.http.wire - http-outgoing-18 << "[read] I/O error: Read timed out"
12:51:28.685 [Forwarding clickElement on session 02cef0f58a09e14fa89266f735ae910f to remote] DEBUG org.apache.http.impl.conn.DefaultManagedHttpClientConnection - http-outgoing-18: set socket timeout to 10800000
12:51:28.685 [Forwarding clickElement on session 02cef0f58a09e14fa89266f735ae910f to remote] DEBUG org.apache.http.impl.execchain.MainClientExec - Executing request POST /session/02cef0f58a09e14fa89266f735ae910f/element/f76ec896-5c95-4e6f-baed-b464189bb6ec/click HTTP/1.1
12:51:28.685 [Forwarding clickElement on session 02cef0f58a09e14fa89266f735ae910f to remote] DEBUG org.apache.http.impl.execchain.MainClientExec - Target auth state: UNCHALLENGED
12:51:28.685 [Forwarding clickElement on session 02cef0f58a09e14fa89266f735ae910f to remote] DEBUG org.apache.http.impl.execchain.MainClientExec - Proxy auth state: UNCHALLENGED
12:51:28.685 [Forwarding clickElement on session 02cef0f58a09e14fa89266f735ae910f to remote] DEBUG org.apache.http.headers - http-outgoing-18 >> POST /session/02cef0f58a09e14fa89266f735ae910f/element/f76ec896-5c95-4e6f-baed-b464189bb6ec/click HTTP/1.1
12:51:28.685 [Forwarding clickElement on session 02cef0f58a09e14fa89266f735ae910f to remote] DEBUG org.apache.http.headers - http-outgoing-18 >> Content-Type: application/json; charset=utf-8
12:51:28.685 [Forwarding clickElement on session 02cef0f58a09e14fa89266f735ae910f to remote] DEBUG org.apache.http.headers - http-outgoing-18 >> Content-Length: 45
12:51:28.685 [Forwarding clickElement on session 02cef0f58a09e14fa89266f735ae910f to remote] DEBUG org.apache.http.headers - http-outgoing-18 >> Host: localhost:43405
12:51:28.685 [Forwarding clickElement on session 02cef0f58a09e14fa89266f735ae910f to remote] DEBUG org.apache.http.headers - http-outgoing-18 >> Connection: Keep-Alive
12:51:28.685 [Forwarding clickElement on session 02cef0f58a09e14fa89266f735ae910f to remote] DEBUG org.apache.http.headers - http-outgoing-18 >> User-Agent: Apache-HttpClient/4.5.3 (Java/1.8.0_211)
12:51:28.685 [Forwarding clickElement on session 02cef0f58a09e14fa89266f735ae910f to remote] DEBUG org.apache.http.headers - http-outgoing-18 >> Accept-Encoding: gzip,deflate
12:51:28.685 [Forwarding clickElement on session 02cef0f58a09e14fa89266f735ae910f to remote] DEBUG org.apache.http.wire - http-outgoing-18 >> "POST /session/02cef0f58a09e14fa89266f735ae910f/element/f76ec896-5c95-4e6f-baed-b464189bb6ec/click HTTP/1.1[\r][\n]"
12:51:28.685 [Forwarding clickElement on session 02cef0f58a09e14fa89266f735ae910f to remote] DEBUG org.apache.http.wire - http-outgoing-18 >> "Content-Type: application/json; charset=utf-8[\r][\n]"
12:51:28.685 [Forwarding clickElement on session 02cef0f58a09e14fa89266f735ae910f to remote] DEBUG org.apache.http.wire - http-outgoing-18 >> "Content-Length: 45[\r][\n]"
12:51:28.685 [Forwarding clickElement on session 02cef0f58a09e14fa89266f735ae910f to remote] DEBUG org.apache.http.wire - http-outgoing-18 >> "Host: localhost:43405[\r][\n]"
12:51:28.685 [Forwarding clickElement on session 02cef0f58a09e14fa89266f735ae910f to remote] DEBUG org.apache.http.wire - http-outgoing-18 >> "Connection: Keep-Alive[\r][\n]"
12:51:28.685 [Forwarding clickElement on session 02cef0f58a09e14fa89266f735ae910f to remote] DEBUG org.apache.http.wire - http-outgoing-18 >> "User-Agent: Apache-HttpClient/4.5.3 (Java/1.8.0_211)[\r][\n]"
12:51:28.685 [Forwarding clickElement on session 02cef0f58a09e14fa89266f735ae910f to remote] DEBUG org.apache.http.wire - http-outgoing-18 >> "Accept-Encoding: gzip,deflate[\r][\n]"
12:51:28.685 [Forwarding clickElement on session 02cef0f58a09e14fa89266f735ae910f to remote] DEBUG org.apache.http.wire - http-outgoing-18 >> "[\r][\n]"
12:51:28.685 [Forwarding clickElement on session 02cef0f58a09e14fa89266f735ae910f to remote] DEBUG org.apache.http.wire - http-outgoing-18 >> "{"id":"f76ec896-5c95-4e6f-baed-b464189bb6ec"}"
12:51:28.819 [Forwarding clickElement on session 02cef0f58a09e14fa89266f735ae910f to remote] DEBUG org.apache.http.wire - http-outgoing-18 << "HTTP/1.1 200 OK[\r][\n]"
12:51:28.819 [Forwarding clickElement on session 02cef0f58a09e14fa89266f735ae910f to remote] DEBUG org.apache.http.wire - http-outgoing-18 << "Content-Length:14[\r][\n]"
12:51:28.819 [Forwarding clickElement on session 02cef0f58a09e14fa89266f735ae910f to remote] DEBUG org.apache.http.wire - http-outgoing-18 << "Content-Type:application/json; charset=utf-8[\r][\n]"
12:51:28.819 [Forwarding clickElement on session 02cef0f58a09e14fa89266f735ae910f to remote] DEBUG org.apache.http.wire - http-outgoing-18 << "cache-control:no-cache[\r][\n]"
12:51:28.819 [Forwarding clickElement on session 02cef0f58a09e14fa89266f735ae910f to remote] DEBUG org.apache.http.wire - http-outgoing-18 << "[\r][\n]"
12:51:28.819 [Forwarding clickElement on session 02cef0f58a09e14fa89266f735ae910f to remote] DEBUG org.apache.http.wire - http-outgoing-18 << "{"value":null}"
12:51:28.819 [Forwarding clickElement on session 02cef0f58a09e14fa89266f735ae910f to remote] DEBUG org.apache.http.headers - http-outgoing-18 << HTTP/1.1 200 OK
12:51:28.819 [Forwarding clickElement on session 02cef0f58a09e14fa89266f735ae910f to remote] DEBUG org.apache.http.headers - http-outgoing-18 << Content-Length:14
12:51:28.819 [Forwarding clickElement on session 02cef0f58a09e14fa89266f735ae910f to remote] DEBUG org.apache.http.headers - http-outgoing-18 << Content-Type:application/json; charset=utf-8
12:51:28.819 [Forwarding clickElement on session 02cef0f58a09e14fa89266f735ae910f to remote] DEBUG org.apache.http.headers - http-outgoing-18 << cache-control:no-cache
12:51:28.819 [Forwarding clickElement on session 02cef0f58a09e14fa89266f735ae910f to remote] DEBUG org.apache.http.impl.execchain.MainClientExec - Connection can be kept alive indefinitely
12:51:28.819 [Forwarding clickElement on session 02cef0f58a09e14fa89266f735ae910f to remote] DEBUG org.apache.http.impl.conn.PoolingHttpClientConnectionManager - Connection [id: 18][route: {}->http://localhost:43405] can be kept alive indefinitely
12:51:28.819 [Forwarding clickElement on session 02cef0f58a09e14fa89266f735ae910f to remote] DEBUG org.apache.http.impl.conn.PoolingHttpClientConnectionManager - Connection released: [id: 18][route: {}->http://localhost:43405][total kept alive: 1; route allocated: 1 of 2000; total allocated: 1 of 2000]
12:51:29.025 [Forwarding findElement on session 02cef0f58a09e14fa89266f735ae910f to remote] DEBUG org.apache.http.client.protocol.RequestAddCookies - CookieSpec selected: default
12:51:29.025 [Forwarding findElement on session 02cef0f58a09e14fa89266f735ae910f to remote] DEBUG org.apache.http.client.protocol.RequestAuthCache - Auth cache not set in the context
12:51:29.025 [Forwarding findElement on session 02cef0f58a09e14fa89266f735ae910f to remote] DEBUG org.apache.http.impl.conn.PoolingHttpClientConnectionManager - Connection request: [route: {}->http://localhost:43405][total kept alive: 1; route allocated: 1 of 2000; total allocated: 1 of 2000]
12:51:29.025 [Forwarding findElement on session 02cef0f58a09e14fa89266f735ae910f to remote] DEBUG org.apache.http.impl.conn.PoolingHttpClientConnectionManager - Connection leased: [id: 18][route: {}->http://localhost:43405][total kept alive: 0; route allocated: 1 of 2000; total allocated: 1 of 2000]
12:51:29.025 [Forwarding findElement on session 02cef0f58a09e14fa89266f735ae910f to remote] DEBUG org.apache.http.impl.execchain.MainClientExec - Stale connection check
12:51:29.026 [Forwarding findElement on session 02cef0f58a09e14fa89266f735ae910f to remote] DEBUG org.apache.http.wire - http-outgoing-18 << "[read] I/O error: Read timed out"
12:51:29.026 [Forwarding findElement on session 02cef0f58a09e14fa89266f735ae910f to remote] DEBUG org.apache.http.impl.conn.DefaultManagedHttpClientConnection - http-outgoing-18: set socket timeout to 10800000
12:51:29.026 [Forwarding findElement on session 02cef0f58a09e14fa89266f735ae910f to remote] DEBUG org.apache.http.impl.execchain.MainClientExec - Executing request POST /session/02cef0f58a09e14fa89266f735ae910f/element HTTP/1.1
12:51:29.026 [Forwarding findElement on session 02cef0f58a09e14fa89266f735ae910f to remote] DEBUG org.apache.http.impl.execchain.MainClientExec - Target auth state: UNCHALLENGED
12:51:29.026 [Forwarding findElement on session 02cef0f58a09e14fa89266f735ae910f to remote] DEBUG org.apache.http.impl.execchain.MainClientExec - Proxy auth state: UNCHALLENGED
12:51:29.027 [Forwarding findElement on session 02cef0f58a09e14fa89266f735ae910f to remote] DEBUG org.apache.http.headers - http-outgoing-18 >> POST /session/02cef0f58a09e14fa89266f735ae910f/element HTTP/1.1
12:51:29.027 [Forwarding findElement on session 02cef0f58a09e14fa89266f735ae910f to remote] DEBUG org.apache.http.headers - http-outgoing-18 >> Content-Type: application/json; charset=utf-8
12:51:29.027 [Forwarding findElement on session 02cef0f58a09e14fa89266f735ae910f to remote] DEBUG org.apache.http.headers - http-outgoing-18 >> Content-Length: 71
12:51:29.027 [Forwarding findElement on session 02cef0f58a09e14fa89266f735ae910f to remote] DEBUG org.apache.http.headers - http-outgoing-18 >> Host: localhost:43405
12:51:29.027 [Forwarding findElement on session 02cef0f58a09e14fa89266f735ae910f to remote] DEBUG org.apache.http.headers - http-outgoing-18 >> Connection: Keep-Alive
12:51:29.027 [Forwarding findElement on session 02cef0f58a09e14fa89266f735ae910f to remote] DEBUG org.apache.http.headers - http-outgoing-18 >> User-Agent: Apache-HttpClient/4.5.3 (Java/1.8.0_211)
12:51:29.027 [Forwarding findElement on session 02cef0f58a09e14fa89266f735ae910f to remote] DEBUG org.apache.http.headers - http-outgoing-18 >> Accept-Encoding: gzip,deflate
12:51:29.027 [Forwarding findElement on session 02cef0f58a09e14fa89266f735ae910f to remote] DEBUG org.apache.http.wire - http-outgoing-18 >> "POST /session/02cef0f58a09e14fa89266f735ae910f/element HTTP/1.1[\r][\n]"
12:51:29.027 [Forwarding findElement on session 02cef0f58a09e14fa89266f735ae910f to remote] DEBUG org.apache.http.wire - http-outgoing-18 >> "Content-Type: application/json; charset=utf-8[\r][\n]"
12:51:29.027 [Forwarding findElement on session 02cef0f58a09e14fa89266f735ae910f to remote] DEBUG org.apache.http.wire - http-outgoing-18 >> "Content-Length: 71[\r][\n]"
12:51:29.027 [Forwarding findElement on session 02cef0f58a09e14fa89266f735ae910f to remote] DEBUG org.apache.http.wire - http-outgoing-18 >> "Host: localhost:43405[\r][\n]"
12:51:29.027 [Forwarding findElement on session 02cef0f58a09e14fa89266f735ae910f to remote] DEBUG org.apache.http.wire - http-outgoing-18 >> "Connection: Keep-Alive[\r][\n]"
12:51:29.027 [Forwarding findElement on session 02cef0f58a09e14fa89266f735ae910f to remote] DEBUG org.apache.http.wire - http-outgoing-18 >> "User-Agent: Apache-HttpClient/4.5.3 (Java/1.8.0_211)[\r][\n]"
12:51:29.027 [Forwarding findElement on session 02cef0f58a09e14fa89266f735ae910f to remote] DEBUG org.apache.http.wire - http-outgoing-18 >> "Accept-Encoding: gzip,deflate[\r][\n]"
12:51:29.027 [Forwarding findElement on session 02cef0f58a09e14fa89266f735ae910f to remote] DEBUG org.apache.http.wire - http-outgoing-18 >> "[\r][\n]"
12:51:29.027 [Forwarding findElement on session 02cef0f58a09e14fa89266f735ae910f to remote] DEBUG org.apache.http.wire - http-outgoing-18 >> "{"value":".dropdown-toggle > span:nth-child(1)","using":"css selector"}"
12:51:30.379 [Forwarding findElement on session 02cef0f58a09e14fa89266f735ae910f to remote] DEBUG org.apache.http.wire - http-outgoing-18 << "HTTP/1.1 200 OK[\r][\n]"
12:51:30.379 [Forwarding findElement on session 02cef0f58a09e14fa89266f735ae910f to remote] DEBUG org.apache.http.wire - http-outgoing-18 << "Content-Length:88[\r][\n]"
12:51:30.379 [Forwarding findElement on session 02cef0f58a09e14fa89266f735ae910f to remote] DEBUG org.apache.http.wire - http-outgoing-18 << "Content-Type:application/json; charset=utf-8[\r][\n]"
12:51:30.379 [Forwarding findElement on session 02cef0f58a09e14fa89266f735ae910f to remote] DEBUG org.apache.http.wire - http-outgoing-18 << "cache-control:no-cache[\r][\n]"
12:51:30.379 [Forwarding findElement on session 02cef0f58a09e14fa89266f735ae910f to remote] DEBUG org.apache.http.wire - http-outgoing-18 << "[\r][\n]"
12:51:30.379 [Forwarding findElement on session 02cef0f58a09e14fa89266f735ae910f to remote] DEBUG org.apache.http.wire - http-outgoing-18 << "{"value":{"element-6066-11e4-a52e-4f735466cecf":"77c97944-e84c-45f7-acc1-baf29eca31ea"}}"
12:51:30.379 [Forwarding findElement on session 02cef0f58a09e14fa89266f735ae910f to remote] DEBUG org.apache.http.headers - http-outgoing-18 << HTTP/1.1 200 OK
12:51:30.379 [Forwarding findElement on session 02cef0f58a09e14fa89266f735ae910f to remote] DEBUG org.apache.http.headers - http-outgoing-18 << Content-Length:88
12:51:30.379 [Forwarding findElement on session 02cef0f58a09e14fa89266f735ae910f to remote] DEBUG org.apache.http.headers - http-outgoing-18 << Content-Type:application/json; charset=utf-8
12:51:30.379 [Forwarding findElement on session 02cef0f58a09e14fa89266f735ae910f to remote] DEBUG org.apache.http.headers - http-outgoing-18 << cache-control:no-cache
12:51:30.379 [Forwarding findElement on session 02cef0f58a09e14fa89266f735ae910f to remote] DEBUG org.apache.http.impl.execchain.MainClientExec - Connection can be kept alive indefinitely
12:51:30.379 [Forwarding findElement on session 02cef0f58a09e14fa89266f735ae910f to remote] DEBUG org.apache.http.impl.conn.PoolingHttpClientConnectionManager - Connection [id: 18][route: {}->http://localhost:43405] can be kept alive indefinitely
12:51:30.379 [Forwarding findElement on session 02cef0f58a09e14fa89266f735ae910f to remote] DEBUG org.apache.http.impl.conn.PoolingHttpClientConnectionManager - Connection released: [id: 18][route: {}->http://localhost:43405][total kept alive: 1; route allocated: 1 of 2000; total allocated: 1 of 2000]
12:51:30.380 [Forwarding clickElement on session 02cef0f58a09e14fa89266f735ae910f to remote] DEBUG org.apache.http.client.protocol.RequestAddCookies - CookieSpec selected: default
12:51:30.380 [Forwarding clickElement on session 02cef0f58a09e14fa89266f735ae910f to remote] DEBUG org.apache.http.client.protocol.RequestAuthCache - Auth cache not set in the context
12:51:30.380 [Forwarding clickElement on session 02cef0f58a09e14fa89266f735ae910f to remote] DEBUG org.apache.http.impl.conn.PoolingHttpClientConnectionManager - Connection request: [route: {}->http://localhost:43405][total kept alive: 1; route allocated: 1 of 2000; total allocated: 1 of 2000]
12:51:30.380 [Forwarding clickElement on session 02cef0f58a09e14fa89266f735ae910f to remote] DEBUG org.apache.http.impl.conn.PoolingHttpClientConnectionManager - Connection leased: [id: 18][route: {}->http://localhost:43405][total kept alive: 0; route allocated: 1 of 2000; total allocated: 1 of 2000]
12:51:30.380 [Forwarding clickElement on session 02cef0f58a09e14fa89266f735ae910f to remote] DEBUG org.apache.http.impl.execchain.MainClientExec - Stale connection check
12:51:30.382 [Forwarding clickElement on session 02cef0f58a09e14fa89266f735ae910f to remote] DEBUG org.apache.http.wire - http-outgoing-18 << "[read] I/O error: Read timed out"
12:51:30.382 [Forwarding clickElement on session 02cef0f58a09e14fa89266f735ae910f to remote] DEBUG org.apache.http.impl.conn.DefaultManagedHttpClientConnection - http-outgoing-18: set socket timeout to 10800000
12:51:30.382 [Forwarding clickElement on session 02cef0f58a09e14fa89266f735ae910f to remote] DEBUG org.apache.http.impl.execchain.MainClientExec - Executing request POST /session/02cef0f58a09e14fa89266f735ae910f/element/77c97944-e84c-45f7-acc1-baf29eca31ea/click HTTP/1.1
12:51:30.382 [Forwarding clickElement on session 02cef0f58a09e14fa89266f735ae910f to remote] DEBUG org.apache.http.impl.execchain.MainClientExec - Target auth state: UNCHALLENGED
12:51:30.382 [Forwarding clickElement on session 02cef0f58a09e14fa89266f735ae910f to remote] DEBUG org.apache.http.impl.execchain.MainClientExec - Proxy auth state: UNCHALLENGED
12:51:30.382 [Forwarding clickElement on session 02cef0f58a09e14fa89266f735ae910f to remote] DEBUG org.apache.http.headers - http-outgoing-18 >> POST /session/02cef0f58a09e14fa89266f735ae910f/element/77c97944-e84c-45f7-acc1-baf29eca31ea/click HTTP/1.1
12:51:30.382 [Forwarding clickElement on session 02cef0f58a09e14fa89266f735ae910f to remote] DEBUG org.apache.http.headers - http-outgoing-18 >> Content-Type: application/json; charset=utf-8
12:51:30.382 [Forwarding clickElement on session 02cef0f58a09e14fa89266f735ae910f to remote] DEBUG org.apache.http.headers - http-outgoing-18 >> Content-Length: 45
12:51:30.382 [Forwarding clickElement on session 02cef0f58a09e14fa89266f735ae910f to remote] DEBUG org.apache.http.headers - http-outgoing-18 >> Host: localhost:43405
12:51:30.382 [Forwarding clickElement on session 02cef0f58a09e14fa89266f735ae910f to remote] DEBUG org.apache.http.headers - http-outgoing-18 >> Connection: Keep-Alive
12:51:30.382 [Forwarding clickElement on session 02cef0f58a09e14fa89266f735ae910f to remote] DEBUG org.apache.http.headers - http-outgoing-18 >> User-Agent: Apache-HttpClient/4.5.3 (Java/1.8.0_211)
12:51:30.382 [Forwarding clickElement on session 02cef0f58a09e14fa89266f735ae910f to remote] DEBUG org.apache.http.headers - http-outgoing-18 >> Accept-Encoding: gzip,deflate
12:51:30.382 [Forwarding clickElement on session 02cef0f58a09e14fa89266f735ae910f to remote] DEBUG org.apache.http.wire - http-outgoing-18 >> "POST /session/02cef0f58a09e14fa89266f735ae910f/element/77c97944-e84c-45f7-acc1-baf29eca31ea/click HTTP/1.1[\r][\n]"
12:51:30.382 [Forwarding clickElement on session 02cef0f58a09e14fa89266f735ae910f to remote] DEBUG org.apache.http.wire - http-outgoing-18 >> "Content-Type: application/json; charset=utf-8[\r][\n]"
12:51:30.382 [Forwarding clickElement on session 02cef0f58a09e14fa89266f735ae910f to remote] DEBUG org.apache.http.wire - http-outgoing-18 >> "Content-Length: 45[\r][\n]"
12:51:30.382 [Forwarding clickElement on session 02cef0f58a09e14fa89266f735ae910f to remote] DEBUG org.apache.http.wire - http-outgoing-18 >> "Host: localhost:43405[\r][\n]"
12:51:30.382 [Forwarding clickElement on session 02cef0f58a09e14fa89266f735ae910f to remote] DEBUG org.apache.http.wire - http-outgoing-18 >> "Connection: Keep-Alive[\r][\n]"
12:51:30.382 [Forwarding clickElement on session 02cef0f58a09e14fa89266f735ae910f to remote] DEBUG org.apache.http.wire - http-outgoing-18 >> "User-Agent: Apache-HttpClient/4.5.3 (Java/1.8.0_211)[\r][\n]"
12:51:30.382 [Forwarding clickElement on session 02cef0f58a09e14fa89266f735ae910f to remote] DEBUG org.apache.http.wire - http-outgoing-18 >> "Accept-Encoding: gzip,deflate[\r][\n]"
12:51:30.382 [Forwarding clickElement on session 02cef0f58a09e14fa89266f735ae910f to remote] DEBUG org.apache.http.wire - http-outgoing-18 >> "[\r][\n]"
12:51:30.382 [Forwarding clickElement on session 02cef0f58a09e14fa89266f735ae910f to remote] DEBUG org.apache.http.wire - http-outgoing-18 >> "{"id":"77c97944-e84c-45f7-acc1-baf29eca31ea"}"
12:51:30.427 [Forwarding clickElement on session 02cef0f58a09e14fa89266f735ae910f to remote] DEBUG org.apache.http.wire - http-outgoing-18 << "HTTP/1.1 200 OK[\r][\n]"
12:51:30.427 [Forwarding clickElement on session 02cef0f58a09e14fa89266f735ae910f to remote] DEBUG org.apache.http.wire - http-outgoing-18 << "Content-Length:14[\r][\n]"
12:51:30.427 [Forwarding clickElement on session 02cef0f58a09e14fa89266f735ae910f to remote] DEBUG org.apache.http.wire - http-outgoing-18 << "Content-Type:application/json; charset=utf-8[\r][\n]"
12:51:30.427 [Forwarding clickElement on session 02cef0f58a09e14fa89266f735ae910f to remote] DEBUG org.apache.http.wire - http-outgoing-18 << "cache-control:no-cache[\r][\n]"
12:51:30.427 [Forwarding clickElement on session 02cef0f58a09e14fa89266f735ae910f to remote] DEBUG org.apache.http.wire - http-outgoing-18 << "[\r][\n]"
12:51:30.427 [Forwarding clickElement on session 02cef0f58a09e14fa89266f735ae910f to remote] DEBUG org.apache.http.wire - http-outgoing-18 << "{"value":null}"
12:51:30.427 [Forwarding clickElement on session 02cef0f58a09e14fa89266f735ae910f to remote] DEBUG org.apache.http.headers - http-outgoing-18 << HTTP/1.1 200 OK
12:51:30.427 [Forwarding clickElement on session 02cef0f58a09e14fa89266f735ae910f to remote] DEBUG org.apache.http.headers - http-outgoing-18 << Content-Length:14
12:51:30.427 [Forwarding clickElement on session 02cef0f58a09e14fa89266f735ae910f to remote] DEBUG org.apache.http.headers - http-outgoing-18 << Content-Type:application/json; charset=utf-8
12:51:30.427 [Forwarding clickElement on session 02cef0f58a09e14fa89266f735ae910f to remote] DEBUG org.apache.http.headers - http-outgoing-18 << cache-control:no-cache
12:51:30.427 [Forwarding clickElement on session 02cef0f58a09e14fa89266f735ae910f to remote] DEBUG org.apache.http.impl.execchain.MainClientExec - Connection can be kept alive indefinitely
12:51:30.427 [Forwarding clickElement on session 02cef0f58a09e14fa89266f735ae910f to remote] DEBUG org.apache.http.impl.conn.PoolingHttpClientConnectionManager - Connection [id: 18][route: {}->http://localhost:43405] can be kept alive indefinitely
12:51:30.427 [Forwarding clickElement on session 02cef0f58a09e14fa89266f735ae910f to remote] DEBUG org.apache.http.impl.conn.PoolingHttpClientConnectionManager - Connection released: [id: 18][route: {}->http://localhost:43405][total kept alive: 1; route allocated: 1 of 2000; total allocated: 1 of 2000]
12:51:30.428 [Forwarding findElement on session 02cef0f58a09e14fa89266f735ae910f to remote] DEBUG org.apache.http.client.protocol.RequestAddCookies - CookieSpec selected: default
12:51:30.428 [Forwarding findElement on session 02cef0f58a09e14fa89266f735ae910f to remote] DEBUG org.apache.http.client.protocol.RequestAuthCache - Auth cache not set in the context
12:51:30.428 [Forwarding findElement on session 02cef0f58a09e14fa89266f735ae910f to remote] DEBUG org.apache.http.impl.conn.PoolingHttpClientConnectionManager - Connection request: [route: {}->http://localhost:43405][total kept alive: 1; route allocated: 1 of 2000; total allocated: 1 of 2000]
12:51:30.428 [Forwarding findElement on session 02cef0f58a09e14fa89266f735ae910f to remote] DEBUG org.apache.http.impl.conn.PoolingHttpClientConnectionManager - Connection leased: [id: 18][route: {}->http://localhost:43405][total kept alive: 0; route allocated: 1 of 2000; total allocated: 1 of 2000]
12:51:30.428 [Forwarding findElement on session 02cef0f58a09e14fa89266f735ae910f to remote] DEBUG org.apache.http.impl.execchain.MainClientExec - Stale connection check
12:51:30.429 [Forwarding findElement on session 02cef0f58a09e14fa89266f735ae910f to remote] DEBUG org.apache.http.wire - http-outgoing-18 << "[read] I/O error: Read timed out"
12:51:30.429 [Forwarding findElement on session 02cef0f58a09e14fa89266f735ae910f to remote] DEBUG org.apache.http.impl.conn.DefaultManagedHttpClientConnection - http-outgoing-18: set socket timeout to 10800000
12:51:30.429 [Forwarding findElement on session 02cef0f58a09e14fa89266f735ae910f to remote] DEBUG org.apache.http.impl.execchain.MainClientExec - Executing request POST /session/02cef0f58a09e14fa89266f735ae910f/element HTTP/1.1
12:51:30.429 [Forwarding findElement on session 02cef0f58a09e14fa89266f735ae910f to remote] DEBUG org.apache.http.impl.execchain.MainClientExec - Target auth state: UNCHALLENGED
12:51:30.429 [Forwarding findElement on session 02cef0f58a09e14fa89266f735ae910f to remote] DEBUG org.apache.http.impl.execchain.MainClientExec - Proxy auth state: UNCHALLENGED
12:51:30.429 [Forwarding findElement on session 02cef0f58a09e14fa89266f735ae910f to remote] DEBUG org.apache.http.headers - http-outgoing-18 >> POST /session/02cef0f58a09e14fa89266f735ae910f/element HTTP/1.1
12:51:30.429 [Forwarding findElement on session 02cef0f58a09e14fa89266f735ae910f to remote] DEBUG org.apache.http.headers - http-outgoing-18 >> Content-Type: application/json; charset=utf-8
12:51:30.429 [Forwarding findElement on session 02cef0f58a09e14fa89266f735ae910f to remote] DEBUG org.apache.http.headers - http-outgoing-18 >> Content-Length: 61
12:51:30.429 [Forwarding findElement on session 02cef0f58a09e14fa89266f735ae910f to remote] DEBUG org.apache.http.headers - http-outgoing-18 >> Host: localhost:43405
12:51:30.429 [Forwarding findElement on session 02cef0f58a09e14fa89266f735ae910f to remote] DEBUG org.apache.http.headers - http-outgoing-18 >> Connection: Keep-Alive
12:51:30.429 [Forwarding findElement on session 02cef0f58a09e14fa89266f735ae910f to remote] DEBUG org.apache.http.headers - http-outgoing-18 >> User-Agent: Apache-HttpClient/4.5.3 (Java/1.8.0_211)
12:51:30.429 [Forwarding findElement on session 02cef0f58a09e14fa89266f735ae910f to remote] DEBUG org.apache.http.headers - http-outgoing-18 >> Accept-Encoding: gzip,deflate
12:51:30.430 [Forwarding findElement on session 02cef0f58a09e14fa89266f735ae910f to remote] DEBUG org.apache.http.wire - http-outgoing-18 >> "POST /session/02cef0f58a09e14fa89266f735ae910f/element HTTP/1.1[\r][\n]"
12:51:30.430 [Forwarding findElement on session 02cef0f58a09e14fa89266f735ae910f to remote] DEBUG org.apache.http.wire - http-outgoing-18 >> "Content-Type: application/json; charset=utf-8[\r][\n]"
12:51:30.430 [Forwarding findElement on session 02cef0f58a09e14fa89266f735ae910f to remote] DEBUG org.apache.http.wire - http-outgoing-18 >> "Content-Length: 61[\r][\n]"
12:51:30.430 [Forwarding findElement on session 02cef0f58a09e14fa89266f735ae910f to remote] DEBUG org.apache.http.wire - http-outgoing-18 >> "Host: localhost:43405[\r][\n]"
12:51:30.430 [Forwarding findElement on session 02cef0f58a09e14fa89266f735ae910f to remote] DEBUG org.apache.http.wire - http-outgoing-18 >> "Connection: Keep-Alive[\r][\n]"
12:51:30.430 [Forwarding findElement on session 02cef0f58a09e14fa89266f735ae910f to remote] DEBUG org.apache.http.wire - http-outgoing-18 >> "User-Agent: Apache-HttpClient/4.5.3 (Java/1.8.0_211)[\r][\n]"
12:51:30.430 [Forwarding findElement on session 02cef0f58a09e14fa89266f735ae910f to remote] DEBUG org.apache.http.wire - http-outgoing-18 >> "Accept-Encoding: gzip,deflate[\r][\n]"
12:51:30.430 [Forwarding findElement on session 02cef0f58a09e14fa89266f735ae910f to remote] DEBUG org.apache.http.wire - http-outgoing-18 >> "[\r][\n]"
12:51:30.430 [Forwarding findElement on session 02cef0f58a09e14fa89266f735ae910f to remote] DEBUG org.apache.http.wire - http-outgoing-18 >> "{"value":".justify-content-end > div","using":"css selector"}"
12:51:30.435 [Forwarding findElement on session 02cef0f58a09e14fa89266f735ae910f to remote] DEBUG org.apache.http.wire - http-outgoing-18 << "HTTP/1.1 200 OK[\r][\n]"
12:51:30.435 [Forwarding findElement on session 02cef0f58a09e14fa89266f735ae910f to remote] DEBUG org.apache.http.wire - http-outgoing-18 << "Content-Length:88[\r][\n]"
12:51:30.435 [Forwarding findElement on session 02cef0f58a09e14fa89266f735ae910f to remote] DEBUG org.apache.http.wire - http-outgoing-18 << "Content-Type:application/json; charset=utf-8[\r][\n]"
12:51:30.435 [Forwarding findElement on session 02cef0f58a09e14fa89266f735ae910f to remote] DEBUG org.apache.http.wire - http-outgoing-18 << "cache-control:no-cache[\r][\n]"
12:51:30.435 [Forwarding findElement on session 02cef0f58a09e14fa89266f735ae910f to remote] DEBUG org.apache.http.wire - http-outgoing-18 << "[\r][\n]"
12:51:30.435 [Forwarding findElement on session 02cef0f58a09e14fa89266f735ae910f to remote] DEBUG org.apache.http.wire - http-outgoing-18 << "{"value":{"element-6066-11e4-a52e-4f735466cecf":"6666ad7b-6de5-45be-819b-6de6291ba1ac"}}"
12:51:30.435 [Forwarding findElement on session 02cef0f58a09e14fa89266f735ae910f to remote] DEBUG org.apache.http.headers - http-outgoing-18 << HTTP/1.1 200 OK
12:51:30.435 [Forwarding findElement on session 02cef0f58a09e14fa89266f735ae910f to remote] DEBUG org.apache.http.headers - http-outgoing-18 << Content-Length:88
12:51:30.435 [Forwarding findElement on session 02cef0f58a09e14fa89266f735ae910f to remote] DEBUG org.apache.http.headers - http-outgoing-18 << Content-Type:application/json; charset=utf-8
12:51:30.435 [Forwarding findElement on session 02cef0f58a09e14fa89266f735ae910f to remote] DEBUG org.apache.http.headers - http-outgoing-18 << cache-control:no-cache
12:51:30.435 [Forwarding findElement on session 02cef0f58a09e14fa89266f735ae910f to remote] DEBUG org.apache.http.impl.execchain.MainClientExec - Connection can be kept alive indefinitely
12:51:30.435 [Forwarding findElement on session 02cef0f58a09e14fa89266f735ae910f to remote] DEBUG org.apache.http.impl.conn.PoolingHttpClientConnectionManager - Connection [id: 18][route: {}->http://localhost:43405] can be kept alive indefinitely
12:51:30.435 [Forwarding findElement on session 02cef0f58a09e14fa89266f735ae910f to remote] DEBUG org.apache.http.impl.conn.PoolingHttpClientConnectionManager - Connection released: [id: 18][route: {}->http://localhost:43405][total kept alive: 1; route allocated: 1 of 2000; total allocated: 1 of 2000]
12:51:30.435 [Forwarding clickElement on session 02cef0f58a09e14fa89266f735ae910f to remote] DEBUG org.apache.http.client.protocol.RequestAddCookies - CookieSpec selected: default
12:51:30.435 [Forwarding clickElement on session 02cef0f58a09e14fa89266f735ae910f to remote] DEBUG org.apache.http.client.protocol.RequestAuthCache - Auth cache not set in the context
12:51:30.435 [Forwarding clickElement on session 02cef0f58a09e14fa89266f735ae910f to remote] DEBUG org.apache.http.impl.conn.PoolingHttpClientConnectionManager - Connection request: [route: {}->http://localhost:43405][total kept alive: 1; route allocated: 1 of 2000; total allocated: 1 of 2000]
12:51:30.435 [Forwarding clickElement on session 02cef0f58a09e14fa89266f735ae910f to remote] DEBUG org.apache.http.impl.conn.PoolingHttpClientConnectionManager - Connection leased: [id: 18][route: {}->http://localhost:43405][total kept alive: 0; route allocated: 1 of 2000; total allocated: 1 of 2000]
12:51:30.435 [Forwarding clickElement on session 02cef0f58a09e14fa89266f735ae910f to remote] DEBUG org.apache.http.impl.execchain.MainClientExec - Stale connection check
12:51:30.437 [Forwarding clickElement on session 02cef0f58a09e14fa89266f735ae910f to remote] DEBUG org.apache.http.wire - http-outgoing-18 << "[read] I/O error: Read timed out"
12:51:30.437 [Forwarding clickElement on session 02cef0f58a09e14fa89266f735ae910f to remote] DEBUG org.apache.http.impl.conn.DefaultManagedHttpClientConnection - http-outgoing-18: set socket timeout to 10800000
12:51:30.437 [Forwarding clickElement on session 02cef0f58a09e14fa89266f735ae910f to remote] DEBUG org.apache.http.impl.execchain.MainClientExec - Executing request POST /session/02cef0f58a09e14fa89266f735ae910f/element/6666ad7b-6de5-45be-819b-6de6291ba1ac/click HTTP/1.1
12:51:30.437 [Forwarding clickElement on session 02cef0f58a09e14fa89266f735ae910f to remote] DEBUG org.apache.http.impl.execchain.MainClientExec - Target auth state: UNCHALLENGED
12:51:30.437 [Forwarding clickElement on session 02cef0f58a09e14fa89266f735ae910f to remote] DEBUG org.apache.http.impl.execchain.MainClientExec - Proxy auth state: UNCHALLENGED
12:51:30.437 [Forwarding clickElement on session 02cef0f58a09e14fa89266f735ae910f to remote] DEBUG org.apache.http.headers - http-outgoing-18 >> POST /session/02cef0f58a09e14fa89266f735ae910f/element/6666ad7b-6de5-45be-819b-6de6291ba1ac/click HTTP/1.1
12:51:30.437 [Forwarding clickElement on session 02cef0f58a09e14fa89266f735ae910f to remote] DEBUG org.apache.http.headers - http-outgoing-18 >> Content-Type: application/json; charset=utf-8
12:51:30.437 [Forwarding clickElement on session 02cef0f58a09e14fa89266f735ae910f to remote] DEBUG org.apache.http.headers - http-outgoing-18 >> Content-Length: 45
12:51:30.437 [Forwarding clickElement on session 02cef0f58a09e14fa89266f735ae910f to remote] DEBUG org.apache.http.headers - http-outgoing-18 >> Host: localhost:43405
12:51:30.437 [Forwarding clickElement on session 02cef0f58a09e14fa89266f735ae910f to remote] DEBUG org.apache.http.headers - http-outgoing-18 >> Connection: Keep-Alive
12:51:30.437 [Forwarding clickElement on session 02cef0f58a09e14fa89266f735ae910f to remote] DEBUG org.apache.http.headers - http-outgoing-18 >> User-Agent: Apache-HttpClient/4.5.3 (Java/1.8.0_211)
12:51:30.437 [Forwarding clickElement on session 02cef0f58a09e14fa89266f735ae910f to remote] DEBUG org.apache.http.headers - http-outgoing-18 >> Accept-Encoding: gzip,deflate
12:51:30.437 [Forwarding clickElement on session 02cef0f58a09e14fa89266f735ae910f to remote] DEBUG org.apache.http.wire - http-outgoing-18 >> "POST /session/02cef0f58a09e14fa89266f735ae910f/element/6666ad7b-6de5-45be-819b-6de6291ba1ac/click HTTP/1.1[\r][\n]"
12:51:30.437 [Forwarding clickElement on session 02cef0f58a09e14fa89266f735ae910f to remote] DEBUG org.apache.http.wire - http-outgoing-18 >> "Content-Type: application/json; charset=utf-8[\r][\n]"
12:51:30.437 [Forwarding clickElement on session 02cef0f58a09e14fa89266f735ae910f to remote] DEBUG org.apache.http.wire - http-outgoing-18 >> "Content-Length: 45[\r][\n]"
12:51:30.437 [Forwarding clickElement on session 02cef0f58a09e14fa89266f735ae910f to remote] DEBUG org.apache.http.wire - http-outgoing-18 >> "Host: localhost:43405[\r][\n]"
12:51:30.437 [Forwarding clickElement on session 02cef0f58a09e14fa89266f735ae910f to remote] DEBUG org.apache.http.wire - http-outgoing-18 >> "Connection: Keep-Alive[\r][\n]"
12:51:30.437 [Forwarding clickElement on session 02cef0f58a09e14fa89266f735ae910f to remote] DEBUG org.apache.http.wire - http-outgoing-18 >> "User-Agent: Apache-HttpClient/4.5.3 (Java/1.8.0_211)[\r][\n]"
12:51:30.437 [Forwarding clickElement on session 02cef0f58a09e14fa89266f735ae910f to remote] DEBUG org.apache.http.wire - http-outgoing-18 >> "Accept-Encoding: gzip,deflate[\r][\n]"
12:51:30.437 [Forwarding clickElement on session 02cef0f58a09e14fa89266f735ae910f to remote] DEBUG org.apache.http.wire - http-outgoing-18 >> "[\r][\n]"
12:51:30.437 [Forwarding clickElement on session 02cef0f58a09e14fa89266f735ae910f to remote] DEBUG org.apache.http.wire - http-outgoing-18 >> "{"id":"6666ad7b-6de5-45be-819b-6de6291ba1ac"}"
12:51:30.499 [Forwarding clickElement on session 02cef0f58a09e14fa89266f735ae910f to remote] DEBUG org.apache.http.wire - http-outgoing-18 << "HTTP/1.1 200 OK[\r][\n]"
12:51:30.499 [Forwarding clickElement on session 02cef0f58a09e14fa89266f735ae910f to remote] DEBUG org.apache.http.wire - http-outgoing-18 << "Content-Length:14[\r][\n]"
12:51:30.499 [Forwarding clickElement on session 02cef0f58a09e14fa89266f735ae910f to remote] DEBUG org.apache.http.wire - http-outgoing-18 << "Content-Type:application/json; charset=utf-8[\r][\n]"
12:51:30.499 [Forwarding clickElement on session 02cef0f58a09e14fa89266f735ae910f to remote] DEBUG org.apache.http.wire - http-outgoing-18 << "cache-control:no-cache[\r][\n]"
12:51:30.499 [Forwarding clickElement on session 02cef0f58a09e14fa89266f735ae910f to remote] DEBUG org.apache.http.wire - http-outgoing-18 << "[\r][\n]"
12:51:30.499 [Forwarding clickElement on session 02cef0f58a09e14fa89266f735ae910f to remote] DEBUG org.apache.http.wire - http-outgoing-18 << "{"value":null}"
12:51:30.499 [Forwarding clickElement on session 02cef0f58a09e14fa89266f735ae910f to remote] DEBUG org.apache.http.headers - http-outgoing-18 << HTTP/1.1 200 OK
12:51:30.499 [Forwarding clickElement on session 02cef0f58a09e14fa89266f735ae910f to remote] DEBUG org.apache.http.headers - http-outgoing-18 << Content-Length:14
12:51:30.499 [Forwarding clickElement on session 02cef0f58a09e14fa89266f735ae910f to remote] DEBUG org.apache.http.headers - http-outgoing-18 << Content-Type:application/json; charset=utf-8
12:51:30.499 [Forwarding clickElement on session 02cef0f58a09e14fa89266f735ae910f to remote] DEBUG org.apache.http.headers - http-outgoing-18 << cache-control:no-cache
12:51:30.499 [Forwarding clickElement on session 02cef0f58a09e14fa89266f735ae910f to remote] DEBUG org.apache.http.impl.execchain.MainClientExec - Connection can be kept alive indefinitely
12:51:30.500 [Forwarding clickElement on session 02cef0f58a09e14fa89266f735ae910f to remote] DEBUG org.apache.http.impl.conn.PoolingHttpClientConnectionManager - Connection [id: 18][route: {}->http://localhost:43405] can be kept alive indefinitely
12:51:30.500 [Forwarding clickElement on session 02cef0f58a09e14fa89266f735ae910f to remote] DEBUG org.apache.http.impl.conn.PoolingHttpClientConnectionManager - Connection released: [id: 18][route: {}->http://localhost:43405][total kept alive: 1; route allocated: 1 of 2000; total allocated: 1 of 2000]
12:51:30.500 [Forwarding findElement on session 02cef0f58a09e14fa89266f735ae910f to remote] DEBUG org.apache.http.client.protocol.RequestAddCookies - CookieSpec selected: default
12:51:30.500 [Forwarding findElement on session 02cef0f58a09e14fa89266f735ae910f to remote] DEBUG org.apache.http.client.protocol.RequestAuthCache - Auth cache not set in the context
12:51:30.500 [Forwarding findElement on session 02cef0f58a09e14fa89266f735ae910f to remote] DEBUG org.apache.http.impl.conn.PoolingHttpClientConnectionManager - Connection request: [route: {}->http://localhost:43405][total kept alive: 1; route allocated: 1 of 2000; total allocated: 1 of 2000]
12:51:30.500 [Forwarding findElement on session 02cef0f58a09e14fa89266f735ae910f to remote] DEBUG org.apache.http.impl.conn.PoolingHttpClientConnectionManager - Connection leased: [id: 18][route: {}->http://localhost:43405][total kept alive: 0; route allocated: 1 of 2000; total allocated: 1 of 2000]
12:51:30.500 [Forwarding findElement on session 02cef0f58a09e14fa89266f735ae910f to remote] DEBUG org.apache.http.impl.execchain.MainClientExec - Stale connection check
12:51:30.502 [Forwarding findElement on session 02cef0f58a09e14fa89266f735ae910f to remote] DEBUG org.apache.http.wire - http-outgoing-18 << "[read] I/O error: Read timed out"
12:51:30.502 [Forwarding findElement on session 02cef0f58a09e14fa89266f735ae910f to remote] DEBUG org.apache.http.impl.conn.DefaultManagedHttpClientConnection - http-outgoing-18: set socket timeout to 10800000
12:51:30.502 [Forwarding findElement on session 02cef0f58a09e14fa89266f735ae910f to remote] DEBUG org.apache.http.impl.execchain.MainClientExec - Executing request POST /session/02cef0f58a09e14fa89266f735ae910f/element HTTP/1.1
12:51:30.502 [Forwarding findElement on session 02cef0f58a09e14fa89266f735ae910f to remote] DEBUG org.apache.http.impl.execchain.MainClientExec - Target auth state: UNCHALLENGED
12:51:30.502 [Forwarding findElement on session 02cef0f58a09e14fa89266f735ae910f to remote] DEBUG org.apache.http.impl.execchain.MainClientExec - Proxy auth state: UNCHALLENGED
12:51:30.502 [Forwarding findElement on session 02cef0f58a09e14fa89266f735ae910f to remote] DEBUG org.apache.http.headers - http-outgoing-18 >> POST /session/02cef0f58a09e14fa89266f735ae910f/element HTTP/1.1
12:51:30.502 [Forwarding findElement on session 02cef0f58a09e14fa89266f735ae910f to remote] DEBUG org.apache.http.headers - http-outgoing-18 >> Content-Type: application/json; charset=utf-8
12:51:30.502 [Forwarding findElement on session 02cef0f58a09e14fa89266f735ae910f to remote] DEBUG org.apache.http.headers - http-outgoing-18 >> Content-Length: 53
12:51:30.502 [Forwarding findElement on session 02cef0f58a09e14fa89266f735ae910f to remote] DEBUG org.apache.http.headers - http-outgoing-18 >> Host: localhost:43405
12:51:30.502 [Forwarding findElement on session 02cef0f58a09e14fa89266f735ae910f to remote] DEBUG org.apache.http.headers - http-outgoing-18 >> Connection: Keep-Alive
12:51:30.502 [Forwarding findElement on session 02cef0f58a09e14fa89266f735ae910f to remote] DEBUG org.apache.http.headers - http-outgoing-18 >> User-Agent: Apache-HttpClient/4.5.3 (Java/1.8.0_211)
12:51:30.502 [Forwarding findElement on session 02cef0f58a09e14fa89266f735ae910f to remote] DEBUG org.apache.http.headers - http-outgoing-18 >> Accept-Encoding: gzip,deflate
12:51:30.502 [Forwarding findElement on session 02cef0f58a09e14fa89266f735ae910f to remote] DEBUG org.apache.http.wire - http-outgoing-18 >> "POST /session/02cef0f58a09e14fa89266f735ae910f/element HTTP/1.1[\r][\n]"
12:51:30.502 [Forwarding findElement on session 02cef0f58a09e14fa89266f735ae910f to remote] DEBUG org.apache.http.wire - http-outgoing-18 >> "Content-Type: application/json; charset=utf-8[\r][\n]"
12:51:30.502 [Forwarding findElement on session 02cef0f58a09e14fa89266f735ae910f to remote] DEBUG org.apache.http.wire - http-outgoing-18 >> "Content-Length: 53[\r][\n]"
12:51:30.502 [Forwarding findElement on session 02cef0f58a09e14fa89266f735ae910f to remote] DEBUG org.apache.http.wire - http-outgoing-18 >> "Host: localhost:43405[\r][\n]"
12:51:30.502 [Forwarding findElement on session 02cef0f58a09e14fa89266f735ae910f to remote] DEBUG org.apache.http.wire - http-outgoing-18 >> "Connection: Keep-Alive[\r][\n]"
12:51:30.502 [Forwarding findElement on session 02cef0f58a09e14fa89266f735ae910f to remote] DEBUG org.apache.http.wire - http-outgoing-18 >> "User-Agent: Apache-HttpClient/4.5.3 (Java/1.8.0_211)[\r][\n]"
12:51:30.502 [Forwarding findElement on session 02cef0f58a09e14fa89266f735ae910f to remote] DEBUG org.apache.http.wire - http-outgoing-18 >> "Accept-Encoding: gzip,deflate[\r][\n]"
12:51:30.502 [Forwarding findElement on session 02cef0f58a09e14fa89266f735ae910f to remote] DEBUG org.apache.http.wire - http-outgoing-18 >> "[\r][\n]"
12:51:30.502 [Forwarding findElement on session 02cef0f58a09e14fa89266f735ae910f to remote] DEBUG org.apache.http.wire - http-outgoing-18 >> "{"value":"span > .d-flex div","using":"css selector"}"
12:51:30.793 [Forwarding findElement on session 02cef0f58a09e14fa89266f735ae910f to remote] DEBUG org.apache.http.wire - http-outgoing-18 << "HTTP/1.1 200 OK[\r][\n]"
12:51:30.793 [Forwarding findElement on session 02cef0f58a09e14fa89266f735ae910f to remote] DEBUG org.apache.http.wire - http-outgoing-18 << "Content-Length:88[\r][\n]"
12:51:30.793 [Forwarding findElement on session 02cef0f58a09e14fa89266f735ae910f to remote] DEBUG org.apache.http.wire - http-outgoing-18 << "Content-Type:application/json; charset=utf-8[\r][\n]"
12:51:30.793 [Forwarding findElement on session 02cef0f58a09e14fa89266f735ae910f to remote] DEBUG org.apache.http.wire - http-outgoing-18 << "cache-control:no-cache[\r][\n]"
12:51:30.793 [Forwarding findElement on session 02cef0f58a09e14fa89266f735ae910f to remote] DEBUG org.apache.http.wire - http-outgoing-18 << "[\r][\n]"
12:51:30.793 [Forwarding findElement on session 02cef0f58a09e14fa89266f735ae910f to remote] DEBUG org.apache.http.wire - http-outgoing-18 << "{"value":{"element-6066-11e4-a52e-4f735466cecf":"5c77f7e9-e323-4eff-932a-560fdecbbd60"}}"
12:51:30.793 [Forwarding findElement on session 02cef0f58a09e14fa89266f735ae910f to remote] DEBUG org.apache.http.headers - http-outgoing-18 << HTTP/1.1 200 OK
12:51:30.793 [Forwarding findElement on session 02cef0f58a09e14fa89266f735ae910f to remote] DEBUG org.apache.http.headers - http-outgoing-18 << Content-Length:88
12:51:30.793 [Forwarding findElement on session 02cef0f58a09e14fa89266f735ae910f to remote] DEBUG org.apache.http.headers - http-outgoing-18 << Content-Type:application/json; charset=utf-8
12:51:30.793 [Forwarding findElement on session 02cef0f58a09e14fa89266f735ae910f to remote] DEBUG org.apache.http.headers - http-outgoing-18 << cache-control:no-cache
12:51:30.793 [Forwarding findElement on session 02cef0f58a09e14fa89266f735ae910f to remote] DEBUG org.apache.http.impl.execchain.MainClientExec - Connection can be kept alive indefinitely
12:51:30.793 [Forwarding findElement on session 02cef0f58a09e14fa89266f735ae910f to remote] DEBUG org.apache.http.impl.conn.PoolingHttpClientConnectionManager - Connection [id: 18][route: {}->http://localhost:43405] can be kept alive indefinitely
12:51:30.794 [Forwarding findElement on session 02cef0f58a09e14fa89266f735ae910f to remote] DEBUG org.apache.http.impl.conn.PoolingHttpClientConnectionManager - Connection released: [id: 18][route: {}->http://localhost:43405][total kept alive: 1; route allocated: 1 of 2000; total allocated: 1 of 2000]
12:51:30.795 [Forwarding getElementText on session 02cef0f58a09e14fa89266f735ae910f to remote] DEBUG org.apache.http.client.protocol.RequestAddCookies - CookieSpec selected: default
12:51:30.795 [Forwarding getElementText on session 02cef0f58a09e14fa89266f735ae910f to remote] DEBUG org.apache.http.client.protocol.RequestAuthCache - Auth cache not set in the context
12:51:30.795 [Forwarding getElementText on session 02cef0f58a09e14fa89266f735ae910f to remote] DEBUG org.apache.http.impl.conn.PoolingHttpClientConnectionManager - Connection request: [route: {}->http://localhost:43405][total kept alive: 1; route allocated: 1 of 2000; total allocated: 1 of 2000]
12:51:30.795 [Forwarding getElementText on session 02cef0f58a09e14fa89266f735ae910f to remote] DEBUG org.apache.http.impl.conn.PoolingHttpClientConnectionManager - Connection leased: [id: 18][route: {}->http://localhost:43405][total kept alive: 0; route allocated: 1 of 2000; total allocated: 1 of 2000]
12:51:30.795 [Forwarding getElementText on session 02cef0f58a09e14fa89266f735ae910f to remote] DEBUG org.apache.http.impl.execchain.MainClientExec - Stale connection check
12:51:30.796 [Forwarding getElementText on session 02cef0f58a09e14fa89266f735ae910f to remote] DEBUG org.apache.http.wire - http-outgoing-18 << "[read] I/O error: Read timed out"
12:51:30.796 [Forwarding getElementText on session 02cef0f58a09e14fa89266f735ae910f to remote] DEBUG org.apache.http.impl.conn.DefaultManagedHttpClientConnection - http-outgoing-18: set socket timeout to 10800000
12:51:30.796 [Forwarding getElementText on session 02cef0f58a09e14fa89266f735ae910f to remote] DEBUG org.apache.http.impl.execchain.MainClientExec - Executing request GET /session/02cef0f58a09e14fa89266f735ae910f/element/5c77f7e9-e323-4eff-932a-560fdecbbd60/text HTTP/1.1
12:51:30.796 [Forwarding getElementText on session 02cef0f58a09e14fa89266f735ae910f to remote] DEBUG org.apache.http.impl.execchain.MainClientExec - Target auth state: UNCHALLENGED
12:51:30.796 [Forwarding getElementText on session 02cef0f58a09e14fa89266f735ae910f to remote] DEBUG org.apache.http.impl.execchain.MainClientExec - Proxy auth state: UNCHALLENGED
12:51:30.796 [Forwarding getElementText on session 02cef0f58a09e14fa89266f735ae910f to remote] DEBUG org.apache.http.headers - http-outgoing-18 >> GET /session/02cef0f58a09e14fa89266f735ae910f/element/5c77f7e9-e323-4eff-932a-560fdecbbd60/text HTTP/1.1
12:51:30.796 [Forwarding getElementText on session 02cef0f58a09e14fa89266f735ae910f to remote] DEBUG org.apache.http.headers - http-outgoing-18 >> Cache-Control: no-cache
12:51:30.796 [Forwarding getElementText on session 02cef0f58a09e14fa89266f735ae910f to remote] DEBUG org.apache.http.headers - http-outgoing-18 >> Host: localhost:43405
12:51:30.796 [Forwarding getElementText on session 02cef0f58a09e14fa89266f735ae910f to remote] DEBUG org.apache.http.headers - http-outgoing-18 >> Connection: Keep-Alive
12:51:30.796 [Forwarding getElementText on session 02cef0f58a09e14fa89266f735ae910f to remote] DEBUG org.apache.http.headers - http-outgoing-18 >> User-Agent: Apache-HttpClient/4.5.3 (Java/1.8.0_211)
12:51:30.796 [Forwarding getElementText on session 02cef0f58a09e14fa89266f735ae910f to remote] DEBUG org.apache.http.headers - http-outgoing-18 >> Accept-Encoding: gzip,deflate
12:51:30.796 [Forwarding getElementText on session 02cef0f58a09e14fa89266f735ae910f to remote] DEBUG org.apache.http.wire - http-outgoing-18 >> "GET /session/02cef0f58a09e14fa89266f735ae910f/element/5c77f7e9-e323-4eff-932a-560fdecbbd60/text HTTP/1.1[\r][\n]"
12:51:30.796 [Forwarding getElementText on session 02cef0f58a09e14fa89266f735ae910f to remote] DEBUG org.apache.http.wire - http-outgoing-18 >> "Cache-Control: no-cache[\r][\n]"
12:51:30.796 [Forwarding getElementText on session 02cef0f58a09e14fa89266f735ae910f to remote] DEBUG org.apache.http.wire - http-outgoing-18 >> "Host: localhost:43405[\r][\n]"
12:51:30.796 [Forwarding getElementText on session 02cef0f58a09e14fa89266f735ae910f to remote] DEBUG org.apache.http.wire - http-outgoing-18 >> "Connection: Keep-Alive[\r][\n]"
12:51:30.796 [Forwarding getElementText on session 02cef0f58a09e14fa89266f735ae910f to remote] DEBUG org.apache.http.wire - http-outgoing-18 >> "User-Agent: Apache-HttpClient/4.5.3 (Java/1.8.0_211)[\r][\n]"
12:51:30.796 [Forwarding getElementText on session 02cef0f58a09e14fa89266f735ae910f to remote] DEBUG org.apache.http.wire - http-outgoing-18 >> "Accept-Encoding: gzip,deflate[\r][\n]"
12:51:30.796 [Forwarding getElementText on session 02cef0f58a09e14fa89266f735ae910f to remote] DEBUG org.apache.http.wire - http-outgoing-18 >> "[\r][\n]"
12:51:30.803 [Forwarding getElementText on session 02cef0f58a09e14fa89266f735ae910f to remote] DEBUG org.apache.http.wire - http-outgoing-18 << "HTTP/1.1 200 OK[\r][\n]"
12:51:30.803 [Forwarding getElementText on session 02cef0f58a09e14fa89266f735ae910f to remote] DEBUG org.apache.http.wire - http-outgoing-18 << "Content-Length:46[\r][\n]"
12:51:30.803 [Forwarding getElementText on session 02cef0f58a09e14fa89266f735ae910f to remote] DEBUG org.apache.http.wire - http-outgoing-18 << "Content-Type:application/json; charset=utf-8[\r][\n]"
12:51:30.803 [Forwarding getElementText on session 02cef0f58a09e14fa89266f735ae910f to remote] DEBUG org.apache.http.wire - http-outgoing-18 << "cache-control:no-cache[\r][\n]"
12:51:30.803 [Forwarding getElementText on session 02cef0f58a09e14fa89266f735ae910f to remote] DEBUG org.apache.http.wire - http-outgoing-18 << "[\r][\n]"
12:51:30.803 [Forwarding getElementText on session 02cef0f58a09e14fa89266f735ae910f to remote] DEBUG org.apache.http.wire - http-outgoing-18 << "{"value":"TN2jfdYCX9vvozqjwVvPjMd7vRj8HKyxUe"}"
12:51:30.803 [Forwarding getElementText on session 02cef0f58a09e14fa89266f735ae910f to remote] DEBUG org.apache.http.headers - http-outgoing-18 << HTTP/1.1 200 OK
12:51:30.803 [Forwarding getElementText on session 02cef0f58a09e14fa89266f735ae910f to remote] DEBUG org.apache.http.headers - http-outgoing-18 << Content-Length:46
12:51:30.803 [Forwarding getElementText on session 02cef0f58a09e14fa89266f735ae910f to remote] DEBUG org.apache.http.headers - http-outgoing-18 << Content-Type:application/json; charset=utf-8
12:51:30.803 [Forwarding getElementText on session 02cef0f58a09e14fa89266f735ae910f to remote] DEBUG org.apache.http.headers - http-outgoing-18 << cache-control:no-cache
12:51:30.803 [Forwarding getElementText on session 02cef0f58a09e14fa89266f735ae910f to remote] DEBUG org.apache.http.impl.execchain.MainClientExec - Connection can be kept alive indefinitely
12:51:30.803 [Forwarding getElementText on session 02cef0f58a09e14fa89266f735ae910f to remote] DEBUG org.apache.http.impl.conn.PoolingHttpClientConnectionManager - Connection [id: 18][route: {}->http://localhost:43405] can be kept alive indefinitely
12:51:30.803 [Forwarding getElementText on session 02cef0f58a09e14fa89266f735ae910f to remote] DEBUG org.apache.http.impl.conn.PoolingHttpClientConnectionManager - Connection released: [id: 18][route: {}->http://localhost:43405][total kept alive: 1; route allocated: 1 of 2000; total allocated: 1 of 2000]
12:51:31.008 [Forwarding findElement on session 02cef0f58a09e14fa89266f735ae910f to remote] DEBUG org.apache.http.client.protocol.RequestAddCookies - CookieSpec selected: default
12:51:31.008 [Forwarding findElement on session 02cef0f58a09e14fa89266f735ae910f to remote] DEBUG org.apache.http.client.protocol.RequestAuthCache - Auth cache not set in the context
12:51:31.008 [Forwarding findElement on session 02cef0f58a09e14fa89266f735ae910f to remote] DEBUG org.apache.http.impl.conn.PoolingHttpClientConnectionManager - Connection request: [route: {}->http://localhost:43405][total kept alive: 1; route allocated: 1 of 2000; total allocated: 1 of 2000]
12:51:31.008 [Forwarding findElement on session 02cef0f58a09e14fa89266f735ae910f to remote] DEBUG org.apache.http.impl.conn.PoolingHttpClientConnectionManager - Connection leased: [id: 18][route: {}->http://localhost:43405][total kept alive: 0; route allocated: 1 of 2000; total allocated: 1 of 2000]
12:51:31.008 [Forwarding findElement on session 02cef0f58a09e14fa89266f735ae910f to remote] DEBUG org.apache.http.impl.execchain.MainClientExec - Stale connection check
12:51:31.009 [Forwarding findElement on session 02cef0f58a09e14fa89266f735ae910f to remote] DEBUG org.apache.http.wire - http-outgoing-18 << "[read] I/O error: Read timed out"
12:51:31.009 [Forwarding findElement on session 02cef0f58a09e14fa89266f735ae910f to remote] DEBUG org.apache.http.impl.conn.DefaultManagedHttpClientConnection - http-outgoing-18: set socket timeout to 10800000
12:51:31.009 [Forwarding findElement on session 02cef0f58a09e14fa89266f735ae910f to remote] DEBUG org.apache.http.impl.execchain.MainClientExec - Executing request POST /session/02cef0f58a09e14fa89266f735ae910f/element HTTP/1.1
12:51:31.009 [Forwarding findElement on session 02cef0f58a09e14fa89266f735ae910f to remote] DEBUG org.apache.http.impl.execchain.MainClientExec - Target auth state: UNCHALLENGED
12:51:31.009 [Forwarding findElement on session 02cef0f58a09e14fa89266f735ae910f to remote] DEBUG org.apache.http.impl.execchain.MainClientExec - Proxy auth state: UNCHALLENGED
12:51:31.009 [Forwarding findElement on session 02cef0f58a09e14fa89266f735ae910f to remote] DEBUG org.apache.http.headers - http-outgoing-18 >> POST /session/02cef0f58a09e14fa89266f735ae910f/element HTTP/1.1
12:51:31.009 [Forwarding findElement on session 02cef0f58a09e14fa89266f735ae910f to remote] DEBUG org.apache.http.headers - http-outgoing-18 >> Content-Type: application/json; charset=utf-8
12:51:31.009 [Forwarding findElement on session 02cef0f58a09e14fa89266f735ae910f to remote] DEBUG org.apache.http.headers - http-outgoing-18 >> Content-Length: 58
12:51:31.009 [Forwarding findElement on session 02cef0f58a09e14fa89266f735ae910f to remote] DEBUG org.apache.http.headers - http-outgoing-18 >> Host: localhost:43405
12:51:31.009 [Forwarding findElement on session 02cef0f58a09e14fa89266f735ae910f to remote] DEBUG org.apache.http.headers - http-outgoing-18 >> Connection: Keep-Alive
12:51:31.009 [Forwarding findElement on session 02cef0f58a09e14fa89266f735ae910f to remote] DEBUG org.apache.http.headers - http-outgoing-18 >> User-Agent: Apache-HttpClient/4.5.3 (Java/1.8.0_211)
12:51:31.009 [Forwarding findElement on session 02cef0f58a09e14fa89266f735ae910f to remote] DEBUG org.apache.http.headers - http-outgoing-18 >> Accept-Encoding: gzip,deflate
12:51:31.009 [Forwarding findElement on session 02cef0f58a09e14fa89266f735ae910f to remote] DEBUG org.apache.http.wire - http-outgoing-18 >> "POST /session/02cef0f58a09e14fa89266f735ae910f/element HTTP/1.1[\r][\n]"
12:51:31.009 [Forwarding findElement on session 02cef0f58a09e14fa89266f735ae910f to remote] DEBUG org.apache.http.wire - http-outgoing-18 >> "Content-Type: application/json; charset=utf-8[\r][\n]"
12:51:31.009 [Forwarding findElement on session 02cef0f58a09e14fa89266f735ae910f to remote] DEBUG org.apache.http.wire - http-outgoing-18 >> "Content-Length: 58[\r][\n]"
12:51:31.009 [Forwarding findElement on session 02cef0f58a09e14fa89266f735ae910f to remote] DEBUG org.apache.http.wire - http-outgoing-18 >> "Host: localhost:43405[\r][\n]"
12:51:31.009 [Forwarding findElement on session 02cef0f58a09e14fa89266f735ae910f to remote] DEBUG org.apache.http.wire - http-outgoing-18 >> "Connection: Keep-Alive[\r][\n]"
12:51:31.009 [Forwarding findElement on session 02cef0f58a09e14fa89266f735ae910f to remote] DEBUG org.apache.http.wire - http-outgoing-18 >> "User-Agent: Apache-HttpClient/4.5.3 (Java/1.8.0_211)[\r][\n]"
12:51:31.009 [Forwarding findElement on session 02cef0f58a09e14fa89266f735ae910f to remote] DEBUG org.apache.http.wire - http-outgoing-18 >> "Accept-Encoding: gzip,deflate[\r][\n]"
12:51:31.009 [Forwarding findElement on session 02cef0f58a09e14fa89266f735ae910f to remote] DEBUG org.apache.http.wire - http-outgoing-18 >> "[\r][\n]"
12:51:31.009 [Forwarding findElement on session 02cef0f58a09e14fa89266f735ae910f to remote] DEBUG org.apache.http.wire - http-outgoing-18 >> "{"value":".dropdown-toggle > span","using":"css selector"}"
12:51:31.013 [Forwarding findElement on session 02cef0f58a09e14fa89266f735ae910f to remote] DEBUG org.apache.http.wire - http-outgoing-18 << "HTTP/1.1 200 OK[\r][\n]"
12:51:31.014 [Forwarding findElement on session 02cef0f58a09e14fa89266f735ae910f to remote] DEBUG org.apache.http.wire - http-outgoing-18 << "Content-Length:88[\r][\n]"
12:51:31.014 [Forwarding findElement on session 02cef0f58a09e14fa89266f735ae910f to remote] DEBUG org.apache.http.wire - http-outgoing-18 << "Content-Type:application/json; charset=utf-8[\r][\n]"
12:51:31.014 [Forwarding findElement on session 02cef0f58a09e14fa89266f735ae910f to remote] DEBUG org.apache.http.wire - http-outgoing-18 << "cache-control:no-cache[\r][\n]"
12:51:31.014 [Forwarding findElement on session 02cef0f58a09e14fa89266f735ae910f to remote] DEBUG org.apache.http.wire - http-outgoing-18 << "[\r][\n]"
12:51:31.014 [Forwarding findElement on session 02cef0f58a09e14fa89266f735ae910f to remote] DEBUG org.apache.http.wire - http-outgoing-18 << "{"value":{"element-6066-11e4-a52e-4f735466cecf":"77c97944-e84c-45f7-acc1-baf29eca31ea"}}"
12:51:31.014 [Forwarding findElement on session 02cef0f58a09e14fa89266f735ae910f to remote] DEBUG org.apache.http.headers - http-outgoing-18 << HTTP/1.1 200 OK
12:51:31.014 [Forwarding findElement on session 02cef0f58a09e14fa89266f735ae910f to remote] DEBUG org.apache.http.headers - http-outgoing-18 << Content-Length:88
12:51:31.014 [Forwarding findElement on session 02cef0f58a09e14fa89266f735ae910f to remote] DEBUG org.apache.http.headers - http-outgoing-18 << Content-Type:application/json; charset=utf-8
12:51:31.014 [Forwarding findElement on session 02cef0f58a09e14fa89266f735ae910f to remote] DEBUG org.apache.http.headers - http-outgoing-18 << cache-control:no-cache
12:51:31.014 [Forwarding findElement on session 02cef0f58a09e14fa89266f735ae910f to remote] DEBUG org.apache.http.impl.execchain.MainClientExec - Connection can be kept alive indefinitely
12:51:31.014 [Forwarding findElement on session 02cef0f58a09e14fa89266f735ae910f to remote] DEBUG org.apache.http.impl.conn.PoolingHttpClientConnectionManager - Connection [id: 18][route: {}->http://localhost:43405] can be kept alive indefinitely
12:51:31.014 [Forwarding findElement on session 02cef0f58a09e14fa89266f735ae910f to remote] DEBUG org.apache.http.impl.conn.PoolingHttpClientConnectionManager - Connection released: [id: 18][route: {}->http://localhost:43405][total kept alive: 1; route allocated: 1 of 2000; total allocated: 1 of 2000]
12:51:31.015 [Forwarding actions on session 02cef0f58a09e14fa89266f735ae910f to remote] DEBUG org.apache.http.client.protocol.RequestAddCookies - CookieSpec selected: default
12:51:31.015 [Forwarding actions on session 02cef0f58a09e14fa89266f735ae910f to remote] DEBUG org.apache.http.client.protocol.RequestAuthCache - Auth cache not set in the context
12:51:31.015 [Forwarding actions on session 02cef0f58a09e14fa89266f735ae910f to remote] DEBUG org.apache.http.impl.conn.PoolingHttpClientConnectionManager - Connection request: [route: {}->http://localhost:43405][total kept alive: 1; route allocated: 1 of 2000; total allocated: 1 of 2000]
12:51:31.015 [Forwarding actions on session 02cef0f58a09e14fa89266f735ae910f to remote] DEBUG org.apache.http.impl.conn.PoolingHttpClientConnectionManager - Connection leased: [id: 18][route: {}->http://localhost:43405][total kept alive: 0; route allocated: 1 of 2000; total allocated: 1 of 2000]
12:51:31.015 [Forwarding actions on session 02cef0f58a09e14fa89266f735ae910f to remote] DEBUG org.apache.http.impl.execchain.MainClientExec - Stale connection check
12:51:31.016 [Forwarding actions on session 02cef0f58a09e14fa89266f735ae910f to remote] DEBUG org.apache.http.wire - http-outgoing-18 << "[read] I/O error: Read timed out"
12:51:31.016 [Forwarding actions on session 02cef0f58a09e14fa89266f735ae910f to remote] DEBUG org.apache.http.impl.conn.DefaultManagedHttpClientConnection - http-outgoing-18: set socket timeout to 10800000
12:51:31.016 [Forwarding actions on session 02cef0f58a09e14fa89266f735ae910f to remote] DEBUG org.apache.http.impl.execchain.MainClientExec - Executing request POST /session/02cef0f58a09e14fa89266f735ae910f/actions HTTP/1.1
12:51:31.016 [Forwarding actions on session 02cef0f58a09e14fa89266f735ae910f to remote] DEBUG org.apache.http.impl.execchain.MainClientExec - Target auth state: UNCHALLENGED
12:51:31.016 [Forwarding actions on session 02cef0f58a09e14fa89266f735ae910f to remote] DEBUG org.apache.http.impl.execchain.MainClientExec - Proxy auth state: UNCHALLENGED
12:51:31.016 [Forwarding actions on session 02cef0f58a09e14fa89266f735ae910f to remote] DEBUG org.apache.http.headers - http-outgoing-18 >> POST /session/02cef0f58a09e14fa89266f735ae910f/actions HTTP/1.1
12:51:31.016 [Forwarding actions on session 02cef0f58a09e14fa89266f735ae910f to remote] DEBUG org.apache.http.headers - http-outgoing-18 >> Content-Type: application/json; charset=utf-8
12:51:31.016 [Forwarding actions on session 02cef0f58a09e14fa89266f735ae910f to remote] DEBUG org.apache.http.headers - http-outgoing-18 >> Content-Length: 289
12:51:31.016 [Forwarding actions on session 02cef0f58a09e14fa89266f735ae910f to remote] DEBUG org.apache.http.headers - http-outgoing-18 >> Host: localhost:43405
12:51:31.016 [Forwarding actions on session 02cef0f58a09e14fa89266f735ae910f to remote] DEBUG org.apache.http.headers - http-outgoing-18 >> Connection: Keep-Alive
12:51:31.016 [Forwarding actions on session 02cef0f58a09e14fa89266f735ae910f to remote] DEBUG org.apache.http.headers - http-outgoing-18 >> User-Agent: Apache-HttpClient/4.5.3 (Java/1.8.0_211)
12:51:31.016 [Forwarding actions on session 02cef0f58a09e14fa89266f735ae910f to remote] DEBUG org.apache.http.headers - http-outgoing-18 >> Accept-Encoding: gzip,deflate
12:51:31.016 [Forwarding actions on session 02cef0f58a09e14fa89266f735ae910f to remote] DEBUG org.apache.http.wire - http-outgoing-18 >> "POST /session/02cef0f58a09e14fa89266f735ae910f/actions HTTP/1.1[\r][\n]"
12:51:31.016 [Forwarding actions on session 02cef0f58a09e14fa89266f735ae910f to remote] DEBUG org.apache.http.wire - http-outgoing-18 >> "Content-Type: application/json; charset=utf-8[\r][\n]"
12:51:31.016 [Forwarding actions on session 02cef0f58a09e14fa89266f735ae910f to remote] DEBUG org.apache.http.wire - http-outgoing-18 >> "Content-Length: 289[\r][\n]"
12:51:31.016 [Forwarding actions on session 02cef0f58a09e14fa89266f735ae910f to remote] DEBUG org.apache.http.wire - http-outgoing-18 >> "Host: localhost:43405[\r][\n]"
12:51:31.016 [Forwarding actions on session 02cef0f58a09e14fa89266f735ae910f to remote] DEBUG org.apache.http.wire - http-outgoing-18 >> "Connection: Keep-Alive[\r][\n]"
12:51:31.016 [Forwarding actions on session 02cef0f58a09e14fa89266f735ae910f to remote] DEBUG org.apache.http.wire - http-outgoing-18 >> "User-Agent: Apache-HttpClient/4.5.3 (Java/1.8.0_211)[\r][\n]"
12:51:31.016 [Forwarding actions on session 02cef0f58a09e14fa89266f735ae910f to remote] DEBUG org.apache.http.wire - http-outgoing-18 >> "Accept-Encoding: gzip,deflate[\r][\n]"
12:51:31.016 [Forwarding actions on session 02cef0f58a09e14fa89266f735ae910f to remote] DEBUG org.apache.http.wire - http-outgoing-18 >> "[\r][\n]"
12:51:31.016 [Forwarding actions on session 02cef0f58a09e14fa89266f735ae910f to remote] DEBUG org.apache.http.wire - http-outgoing-18 >> "{"actions":[{"id":"default mouse","type":"pointer","parameters":{"pointerType":"mouse"},"actions":[{"duration":100,"x":0,"y":0,"type":"pointerMove","origin":{"ELEMENT":"77c97944-e84c-45f7-acc1-baf29eca31ea","element-6066-11e4-a52e-4f735466cecf":"77c97944-e84c-45f7-acc1-baf29eca31ea"}}]}]}"
12:51:31.129 [Forwarding actions on session 02cef0f58a09e14fa89266f735ae910f to remote] DEBUG org.apache.http.wire - http-outgoing-18 << "HTTP/1.1 200 OK[\r][\n]"
12:51:31.129 [Forwarding actions on session 02cef0f58a09e14fa89266f735ae910f to remote] DEBUG org.apache.http.wire - http-outgoing-18 << "Content-Length:14[\r][\n]"
12:51:31.129 [Forwarding actions on session 02cef0f58a09e14fa89266f735ae910f to remote] DEBUG org.apache.http.wire - http-outgoing-18 << "Content-Type:application/json; charset=utf-8[\r][\n]"
12:51:31.129 [Forwarding actions on session 02cef0f58a09e14fa89266f735ae910f to remote] DEBUG org.apache.http.wire - http-outgoing-18 << "cache-control:no-cache[\r][\n]"
12:51:31.129 [Forwarding actions on session 02cef0f58a09e14fa89266f735ae910f to remote] DEBUG org.apache.http.wire - http-outgoing-18 << "[\r][\n]"
12:51:31.129 [Forwarding actions on session 02cef0f58a09e14fa89266f735ae910f to remote] DEBUG org.apache.http.wire - http-outgoing-18 << "{"value":null}"
12:51:31.129 [Forwarding actions on session 02cef0f58a09e14fa89266f735ae910f to remote] DEBUG org.apache.http.headers - http-outgoing-18 << HTTP/1.1 200 OK
12:51:31.129 [Forwarding actions on session 02cef0f58a09e14fa89266f735ae910f to remote] DEBUG org.apache.http.headers - http-outgoing-18 << Content-Length:14
12:51:31.129 [Forwarding actions on session 02cef0f58a09e14fa89266f735ae910f to remote] DEBUG org.apache.http.headers - http-outgoing-18 << Content-Type:application/json; charset=utf-8
12:51:31.129 [Forwarding actions on session 02cef0f58a09e14fa89266f735ae910f to remote] DEBUG org.apache.http.headers - http-outgoing-18 << cache-control:no-cache
12:51:31.129 [Forwarding actions on session 02cef0f58a09e14fa89266f735ae910f to remote] DEBUG org.apache.http.impl.execchain.MainClientExec - Connection can be kept alive indefinitely
12:51:31.129 [Forwarding actions on session 02cef0f58a09e14fa89266f735ae910f to remote] DEBUG org.apache.http.impl.conn.PoolingHttpClientConnectionManager - Connection [id: 18][route: {}->http://localhost:43405] can be kept alive indefinitely
12:51:31.129 [Forwarding actions on session 02cef0f58a09e14fa89266f735ae910f to remote] DEBUG org.apache.http.impl.conn.PoolingHttpClientConnectionManager - Connection released: [id: 18][route: {}->http://localhost:43405][total kept alive: 1; route allocated: 1 of 2000; total allocated: 1 of 2000]
12:51:31.334 [Forwarding findElement on session 02cef0f58a09e14fa89266f735ae910f to remote] DEBUG org.apache.http.client.protocol.RequestAddCookies - CookieSpec selected: default
12:51:31.334 [Forwarding findElement on session 02cef0f58a09e14fa89266f735ae910f to remote] DEBUG org.apache.http.client.protocol.RequestAuthCache - Auth cache not set in the context
12:51:31.334 [Forwarding findElement on session 02cef0f58a09e14fa89266f735ae910f to remote] DEBUG org.apache.http.impl.conn.PoolingHttpClientConnectionManager - Connection request: [route: {}->http://localhost:43405][total kept alive: 1; route allocated: 1 of 2000; total allocated: 1 of 2000]
12:51:31.334 [Forwarding findElement on session 02cef0f58a09e14fa89266f735ae910f to remote] DEBUG org.apache.http.impl.conn.PoolingHttpClientConnectionManager - Connection leased: [id: 18][route: {}->http://localhost:43405][total kept alive: 0; route allocated: 1 of 2000; total allocated: 1 of 2000]
12:51:31.334 [Forwarding findElement on session 02cef0f58a09e14fa89266f735ae910f to remote] DEBUG org.apache.http.impl.execchain.MainClientExec - Stale connection check
12:51:31.335 [Forwarding findElement on session 02cef0f58a09e14fa89266f735ae910f to remote] DEBUG org.apache.http.wire - http-outgoing-18 << "[read] I/O error: Read timed out"
12:51:31.335 [Forwarding findElement on session 02cef0f58a09e14fa89266f735ae910f to remote] DEBUG org.apache.http.impl.conn.DefaultManagedHttpClientConnection - http-outgoing-18: set socket timeout to 10800000
12:51:31.335 [Forwarding findElement on session 02cef0f58a09e14fa89266f735ae910f to remote] DEBUG org.apache.http.impl.execchain.MainClientExec - Executing request POST /session/02cef0f58a09e14fa89266f735ae910f/element HTTP/1.1
12:51:31.335 [Forwarding findElement on session 02cef0f58a09e14fa89266f735ae910f to remote] DEBUG org.apache.http.impl.execchain.MainClientExec - Target auth state: UNCHALLENGED
12:51:31.335 [Forwarding findElement on session 02cef0f58a09e14fa89266f735ae910f to remote] DEBUG org.apache.http.impl.execchain.MainClientExec - Proxy auth state: UNCHALLENGED
12:51:31.335 [Forwarding findElement on session 02cef0f58a09e14fa89266f735ae910f to remote] DEBUG org.apache.http.headers - http-outgoing-18 >> POST /session/02cef0f58a09e14fa89266f735ae910f/element HTTP/1.1
12:51:31.335 [Forwarding findElement on session 02cef0f58a09e14fa89266f735ae910f to remote] DEBUG org.apache.http.headers - http-outgoing-18 >> Content-Type: application/json; charset=utf-8
12:51:31.335 [Forwarding findElement on session 02cef0f58a09e14fa89266f735ae910f to remote] DEBUG org.apache.http.headers - http-outgoing-18 >> Content-Length: 87
12:51:31.335 [Forwarding findElement on session 02cef0f58a09e14fa89266f735ae910f to remote] DEBUG org.apache.http.headers - http-outgoing-18 >> Host: localhost:43405
12:51:31.335 [Forwarding findElement on session 02cef0f58a09e14fa89266f735ae910f to remote] DEBUG org.apache.http.headers - http-outgoing-18 >> Connection: Keep-Alive
12:51:31.335 [Forwarding findElement on session 02cef0f58a09e14fa89266f735ae910f to remote] DEBUG org.apache.http.headers - http-outgoing-18 >> User-Agent: Apache-HttpClient/4.5.3 (Java/1.8.0_211)
12:51:31.335 [Forwarding findElement on session 02cef0f58a09e14fa89266f735ae910f to remote] DEBUG org.apache.http.headers - http-outgoing-18 >> Accept-Encoding: gzip,deflate
12:51:31.335 [Forwarding findElement on session 02cef0f58a09e14fa89266f735ae910f to remote] DEBUG org.apache.http.wire - http-outgoing-18 >> "POST /session/02cef0f58a09e14fa89266f735ae910f/element HTTP/1.1[\r][\n]"
12:51:31.335 [Forwarding findElement on session 02cef0f58a09e14fa89266f735ae910f to remote] DEBUG org.apache.http.wire - http-outgoing-18 >> "Content-Type: application/json; charset=utf-8[\r][\n]"
12:51:31.335 [Forwarding findElement on session 02cef0f58a09e14fa89266f735ae910f to remote] DEBUG org.apache.http.wire - http-outgoing-18 >> "Content-Length: 87[\r][\n]"
12:51:31.335 [Forwarding findElement on session 02cef0f58a09e14fa89266f735ae910f to remote] DEBUG org.apache.http.wire - http-outgoing-18 >> "Host: localhost:43405[\r][\n]"
12:51:31.335 [Forwarding findElement on session 02cef0f58a09e14fa89266f735ae910f to remote] DEBUG org.apache.http.wire - http-outgoing-18 >> "Connection: Keep-Alive[\r][\n]"
12:51:31.335 [Forwarding findElement on session 02cef0f58a09e14fa89266f735ae910f to remote] DEBUG org.apache.http.wire - http-outgoing-18 >> "User-Agent: Apache-HttpClient/4.5.3 (Java/1.8.0_211)[\r][\n]"
12:51:31.335 [Forwarding findElement on session 02cef0f58a09e14fa89266f735ae910f to remote] DEBUG org.apache.http.wire - http-outgoing-18 >> "Accept-Encoding: gzip,deflate[\r][\n]"
12:51:31.335 [Forwarding findElement on session 02cef0f58a09e14fa89266f735ae910f to remote] DEBUG org.apache.http.wire - http-outgoing-18 >> "[\r][\n]"
12:51:31.335 [Forwarding findElement on session 02cef0f58a09e14fa89266f735ae910f to remote] DEBUG org.apache.http.wire - http-outgoing-18 >> "{"value":"#navbar-top > ul > li:nth-child(2) > span > a > span","using":"css selector"}"
12:51:31.340 [Forwarding findElement on session 02cef0f58a09e14fa89266f735ae910f to remote] DEBUG org.apache.http.wire - http-outgoing-18 << "HTTP/1.1 200 OK[\r][\n]"
12:51:31.340 [Forwarding findElement on session 02cef0f58a09e14fa89266f735ae910f to remote] DEBUG org.apache.http.wire - http-outgoing-18 << "Content-Length:88[\r][\n]"
12:51:31.340 [Forwarding findElement on session 02cef0f58a09e14fa89266f735ae910f to remote] DEBUG org.apache.http.wire - http-outgoing-18 << "Content-Type:application/json; charset=utf-8[\r][\n]"
12:51:31.340 [Forwarding findElement on session 02cef0f58a09e14fa89266f735ae910f to remote] DEBUG org.apache.http.wire - http-outgoing-18 << "cache-control:no-cache[\r][\n]"
12:51:31.340 [Forwarding findElement on session 02cef0f58a09e14fa89266f735ae910f to remote] DEBUG org.apache.http.wire - http-outgoing-18 << "[\r][\n]"
12:51:31.340 [Forwarding findElement on session 02cef0f58a09e14fa89266f735ae910f to remote] DEBUG org.apache.http.wire - http-outgoing-18 << "{"value":{"element-6066-11e4-a52e-4f735466cecf":"4106176f-3e60-4bf8-b3ea-a2fa00ec91e8"}}"
12:51:31.340 [Forwarding findElement on session 02cef0f58a09e14fa89266f735ae910f to remote] DEBUG org.apache.http.headers - http-outgoing-18 << HTTP/1.1 200 OK
12:51:31.340 [Forwarding findElement on session 02cef0f58a09e14fa89266f735ae910f to remote] DEBUG org.apache.http.headers - http-outgoing-18 << Content-Length:88
12:51:31.340 [Forwarding findElement on session 02cef0f58a09e14fa89266f735ae910f to remote] DEBUG org.apache.http.headers - http-outgoing-18 << Content-Type:application/json; charset=utf-8
12:51:31.340 [Forwarding findElement on session 02cef0f58a09e14fa89266f735ae910f to remote] DEBUG org.apache.http.headers - http-outgoing-18 << cache-control:no-cache
12:51:31.340 [Forwarding findElement on session 02cef0f58a09e14fa89266f735ae910f to remote] DEBUG org.apache.http.impl.execchain.MainClientExec - Connection can be kept alive indefinitely
12:51:31.341 [Forwarding findElement on session 02cef0f58a09e14fa89266f735ae910f to remote] DEBUG org.apache.http.impl.conn.PoolingHttpClientConnectionManager - Connection [id: 18][route: {}->http://localhost:43405] can be kept alive indefinitely
12:51:31.341 [Forwarding findElement on session 02cef0f58a09e14fa89266f735ae910f to remote] DEBUG org.apache.http.impl.conn.PoolingHttpClientConnectionManager - Connection released: [id: 18][route: {}->http://localhost:43405][total kept alive: 1; route allocated: 1 of 2000; total allocated: 1 of 2000]
12:51:31.341 [Forwarding clickElement on session 02cef0f58a09e14fa89266f735ae910f to remote] DEBUG org.apache.http.client.protocol.RequestAddCookies - CookieSpec selected: default
12:51:31.341 [Forwarding clickElement on session 02cef0f58a09e14fa89266f735ae910f to remote] DEBUG org.apache.http.client.protocol.RequestAuthCache - Auth cache not set in the context
12:51:31.341 [Forwarding clickElement on session 02cef0f58a09e14fa89266f735ae910f to remote] DEBUG org.apache.http.impl.conn.PoolingHttpClientConnectionManager - Connection request: [route: {}->http://localhost:43405][total kept alive: 1; route allocated: 1 of 2000; total allocated: 1 of 2000]
12:51:31.341 [Forwarding clickElement on session 02cef0f58a09e14fa89266f735ae910f to remote] DEBUG org.apache.http.impl.conn.PoolingHttpClientConnectionManager - Connection leased: [id: 18][route: {}->http://localhost:43405][total kept alive: 0; route allocated: 1 of 2000; total allocated: 1 of 2000]
12:51:31.341 [Forwarding clickElement on session 02cef0f58a09e14fa89266f735ae910f to remote] DEBUG org.apache.http.impl.execchain.MainClientExec - Stale connection check
12:51:31.343 [Forwarding clickElement on session 02cef0f58a09e14fa89266f735ae910f to remote] DEBUG org.apache.http.wire - http-outgoing-18 << "[read] I/O error: Read timed out"
12:51:31.343 [Forwarding clickElement on session 02cef0f58a09e14fa89266f735ae910f to remote] DEBUG org.apache.http.impl.conn.DefaultManagedHttpClientConnection - http-outgoing-18: set socket timeout to 10800000
12:51:31.343 [Forwarding clickElement on session 02cef0f58a09e14fa89266f735ae910f to remote] DEBUG org.apache.http.impl.execchain.MainClientExec - Executing request POST /session/02cef0f58a09e14fa89266f735ae910f/element/4106176f-3e60-4bf8-b3ea-a2fa00ec91e8/click HTTP/1.1
12:51:31.343 [Forwarding clickElement on session 02cef0f58a09e14fa89266f735ae910f to remote] DEBUG org.apache.http.impl.execchain.MainClientExec - Target auth state: UNCHALLENGED
12:51:31.343 [Forwarding clickElement on session 02cef0f58a09e14fa89266f735ae910f to remote] DEBUG org.apache.http.impl.execchain.MainClientExec - Proxy auth state: UNCHALLENGED
12:51:31.343 [Forwarding clickElement on session 02cef0f58a09e14fa89266f735ae910f to remote] DEBUG org.apache.http.headers - http-outgoing-18 >> POST /session/02cef0f58a09e14fa89266f735ae910f/element/4106176f-3e60-4bf8-b3ea-a2fa00ec91e8/click HTTP/1.1
12:51:31.343 [Forwarding clickElement on session 02cef0f58a09e14fa89266f735ae910f to remote] DEBUG org.apache.http.headers - http-outgoing-18 >> Content-Type: application/json; charset=utf-8
12:51:31.343 [Forwarding clickElement on session 02cef0f58a09e14fa89266f735ae910f to remote] DEBUG org.apache.http.headers - http-outgoing-18 >> Content-Length: 45
12:51:31.343 [Forwarding clickElement on session 02cef0f58a09e14fa89266f735ae910f to remote] DEBUG org.apache.http.headers - http-outgoing-18 >> Host: localhost:43405
12:51:31.343 [Forwarding clickElement on session 02cef0f58a09e14fa89266f735ae910f to remote] DEBUG org.apache.http.headers - http-outgoing-18 >> Connection: Keep-Alive
12:51:31.343 [Forwarding clickElement on session 02cef0f58a09e14fa89266f735ae910f to remote] DEBUG org.apache.http.headers - http-outgoing-18 >> User-Agent: Apache-HttpClient/4.5.3 (Java/1.8.0_211)
12:51:31.343 [Forwarding clickElement on session 02cef0f58a09e14fa89266f735ae910f to remote] DEBUG org.apache.http.headers - http-outgoing-18 >> Accept-Encoding: gzip,deflate
12:51:31.343 [Forwarding clickElement on session 02cef0f58a09e14fa89266f735ae910f to remote] DEBUG org.apache.http.wire - http-outgoing-18 >> "POST /session/02cef0f58a09e14fa89266f735ae910f/element/4106176f-3e60-4bf8-b3ea-a2fa00ec91e8/click HTTP/1.1[\r][\n]"
12:51:31.343 [Forwarding clickElement on session 02cef0f58a09e14fa89266f735ae910f to remote] DEBUG org.apache.http.wire - http-outgoing-18 >> "Content-Type: application/json; charset=utf-8[\r][\n]"
12:51:31.343 [Forwarding clickElement on session 02cef0f58a09e14fa89266f735ae910f to remote] DEBUG org.apache.http.wire - http-outgoing-18 >> "Content-Length: 45[\r][\n]"
12:51:31.343 [Forwarding clickElement on session 02cef0f58a09e14fa89266f735ae910f to remote] DEBUG org.apache.http.wire - http-outgoing-18 >> "Host: localhost:43405[\r][\n]"
12:51:31.343 [Forwarding clickElement on session 02cef0f58a09e14fa89266f735ae910f to remote] DEBUG org.apache.http.wire - http-outgoing-18 >> "Connection: Keep-Alive[\r][\n]"
12:51:31.343 [Forwarding clickElement on session 02cef0f58a09e14fa89266f735ae910f to remote] DEBUG org.apache.http.wire - http-outgoing-18 >> "User-Agent: Apache-HttpClient/4.5.3 (Java/1.8.0_211)[\r][\n]"
12:51:31.343 [Forwarding clickElement on session 02cef0f58a09e14fa89266f735ae910f to remote] DEBUG org.apache.http.wire - http-outgoing-18 >> "Accept-Encoding: gzip,deflate[\r][\n]"
12:51:31.343 [Forwarding clickElement on session 02cef0f58a09e14fa89266f735ae910f to remote] DEBUG org.apache.http.wire - http-outgoing-18 >> "[\r][\n]"
12:51:31.343 [Forwarding clickElement on session 02cef0f58a09e14fa89266f735ae910f to remote] DEBUG org.apache.http.wire - http-outgoing-18 >> "{"id":"4106176f-3e60-4bf8-b3ea-a2fa00ec91e8"}"
12:51:31.369 [Forwarding clickElement on session 02cef0f58a09e14fa89266f735ae910f to remote] DEBUG org.apache.http.wire - http-outgoing-18 << "HTTP/1.1 200 OK[\r][\n]"
12:51:31.369 [Forwarding clickElement on session 02cef0f58a09e14fa89266f735ae910f to remote] DEBUG org.apache.http.wire - http-outgoing-18 << "Content-Length:14[\r][\n]"
12:51:31.369 [Forwarding clickElement on session 02cef0f58a09e14fa89266f735ae910f to remote] DEBUG org.apache.http.wire - http-outgoing-18 << "Content-Type:application/json; charset=utf-8[\r][\n]"
12:51:31.369 [Forwarding clickElement on session 02cef0f58a09e14fa89266f735ae910f to remote] DEBUG org.apache.http.wire - http-outgoing-18 << "cache-control:no-cache[\r][\n]"
12:51:31.369 [Forwarding clickElement on session 02cef0f58a09e14fa89266f735ae910f to remote] DEBUG org.apache.http.wire - http-outgoing-18 << "[\r][\n]"
12:51:31.369 [Forwarding clickElement on session 02cef0f58a09e14fa89266f735ae910f to remote] DEBUG org.apache.http.wire - http-outgoing-18 << "{"value":null}"
12:51:31.369 [Forwarding clickElement on session 02cef0f58a09e14fa89266f735ae910f to remote] DEBUG org.apache.http.headers - http-outgoing-18 << HTTP/1.1 200 OK
12:51:31.369 [Forwarding clickElement on session 02cef0f58a09e14fa89266f735ae910f to remote] DEBUG org.apache.http.headers - http-outgoing-18 << Content-Length:14
12:51:31.369 [Forwarding clickElement on session 02cef0f58a09e14fa89266f735ae910f to remote] DEBUG org.apache.http.headers - http-outgoing-18 << Content-Type:application/json; charset=utf-8
12:51:31.369 [Forwarding clickElement on session 02cef0f58a09e14fa89266f735ae910f to remote] DEBUG org.apache.http.headers - http-outgoing-18 << cache-control:no-cache
12:51:31.369 [Forwarding clickElement on session 02cef0f58a09e14fa89266f735ae910f to remote] DEBUG org.apache.http.impl.execchain.MainClientExec - Connection can be kept alive indefinitely
12:51:31.369 [Forwarding clickElement on session 02cef0f58a09e14fa89266f735ae910f to remote] DEBUG org.apache.http.impl.conn.PoolingHttpClientConnectionManager - Connection [id: 18][route: {}->http://localhost:43405] can be kept alive indefinitely
12:51:31.369 [Forwarding clickElement on session 02cef0f58a09e14fa89266f735ae910f to remote] DEBUG org.apache.http.impl.conn.PoolingHttpClientConnectionManager - Connection released: [id: 18][route: {}->http://localhost:43405][total kept alive: 1; route allocated: 1 of 2000; total allocated: 1 of 2000]
12:51:31.670 [Forwarding findElement on session 02cef0f58a09e14fa89266f735ae910f to remote] DEBUG org.apache.http.client.protocol.RequestAddCookies - CookieSpec selected: default
12:51:31.670 [Forwarding findElement on session 02cef0f58a09e14fa89266f735ae910f to remote] DEBUG org.apache.http.client.protocol.RequestAuthCache - Auth cache not set in the context
12:51:31.670 [Forwarding findElement on session 02cef0f58a09e14fa89266f735ae910f to remote] DEBUG org.apache.http.impl.conn.PoolingHttpClientConnectionManager - Connection request: [route: {}->http://localhost:43405][total kept alive: 1; route allocated: 1 of 2000; total allocated: 1 of 2000]
12:51:31.670 [Forwarding findElement on session 02cef0f58a09e14fa89266f735ae910f to remote] DEBUG org.apache.http.impl.conn.PoolingHttpClientConnectionManager - Connection leased: [id: 18][route: {}->http://localhost:43405][total kept alive: 0; route allocated: 1 of 2000; total allocated: 1 of 2000]
12:51:31.670 [Forwarding findElement on session 02cef0f58a09e14fa89266f735ae910f to remote] DEBUG org.apache.http.impl.execchain.MainClientExec - Stale connection check
12:51:31.672 [Forwarding findElement on session 02cef0f58a09e14fa89266f735ae910f to remote] DEBUG org.apache.http.wire - http-outgoing-18 << "[read] I/O error: Read timed out"
12:51:31.672 [Forwarding findElement on session 02cef0f58a09e14fa89266f735ae910f to remote] DEBUG org.apache.http.impl.conn.DefaultManagedHttpClientConnection - http-outgoing-18: set socket timeout to 10800000
12:51:31.672 [Forwarding findElement on session 02cef0f58a09e14fa89266f735ae910f to remote] DEBUG org.apache.http.impl.execchain.MainClientExec - Executing request POST /session/02cef0f58a09e14fa89266f735ae910f/element HTTP/1.1
12:51:31.672 [Forwarding findElement on session 02cef0f58a09e14fa89266f735ae910f to remote] DEBUG org.apache.http.impl.execchain.MainClientExec - Target auth state: UNCHALLENGED
12:51:31.672 [Forwarding findElement on session 02cef0f58a09e14fa89266f735ae910f to remote] DEBUG org.apache.http.impl.execchain.MainClientExec - Proxy auth state: UNCHALLENGED
12:51:31.672 [Forwarding findElement on session 02cef0f58a09e14fa89266f735ae910f to remote] DEBUG org.apache.http.headers - http-outgoing-18 >> POST /session/02cef0f58a09e14fa89266f735ae910f/element HTTP/1.1
12:51:31.672 [Forwarding findElement on session 02cef0f58a09e14fa89266f735ae910f to remote] DEBUG org.apache.http.headers - http-outgoing-18 >> Content-Type: application/json; charset=utf-8
12:51:31.672 [Forwarding findElement on session 02cef0f58a09e14fa89266f735ae910f to remote] DEBUG org.apache.http.headers - http-outgoing-18 >> Content-Length: 59
12:51:31.672 [Forwarding findElement on session 02cef0f58a09e14fa89266f735ae910f to remote] DEBUG org.apache.http.headers - http-outgoing-18 >> Host: localhost:43405
12:51:31.672 [Forwarding findElement on session 02cef0f58a09e14fa89266f735ae910f to remote] DEBUG org.apache.http.headers - http-outgoing-18 >> Connection: Keep-Alive
12:51:31.672 [Forwarding findElement on session 02cef0f58a09e14fa89266f735ae910f to remote] DEBUG org.apache.http.headers - http-outgoing-18 >> User-Agent: Apache-HttpClient/4.5.3 (Java/1.8.0_211)
12:51:31.672 [Forwarding findElement on session 02cef0f58a09e14fa89266f735ae910f to remote] DEBUG org.apache.http.headers - http-outgoing-18 >> Accept-Encoding: gzip,deflate
12:51:31.672 [Forwarding findElement on session 02cef0f58a09e14fa89266f735ae910f to remote] DEBUG org.apache.http.wire - http-outgoing-18 >> "POST /session/02cef0f58a09e14fa89266f735ae910f/element HTTP/1.1[\r][\n]"
12:51:31.672 [Forwarding findElement on session 02cef0f58a09e14fa89266f735ae910f to remote] DEBUG org.apache.http.wire - http-outgoing-18 >> "Content-Type: application/json; charset=utf-8[\r][\n]"
12:51:31.672 [Forwarding findElement on session 02cef0f58a09e14fa89266f735ae910f to remote] DEBUG org.apache.http.wire - http-outgoing-18 >> "Content-Length: 59[\r][\n]"
12:51:31.672 [Forwarding findElement on session 02cef0f58a09e14fa89266f735ae910f to remote] DEBUG org.apache.http.wire - http-outgoing-18 >> "Host: localhost:43405[\r][\n]"
12:51:31.672 [Forwarding findElement on session 02cef0f58a09e14fa89266f735ae910f to remote] DEBUG org.apache.http.wire - http-outgoing-18 >> "Connection: Keep-Alive[\r][\n]"
12:51:31.672 [Forwarding findElement on session 02cef0f58a09e14fa89266f735ae910f to remote] DEBUG org.apache.http.wire - http-outgoing-18 >> "User-Agent: Apache-HttpClient/4.5.3 (Java/1.8.0_211)[\r][\n]"
12:51:31.672 [Forwarding findElement on session 02cef0f58a09e14fa89266f735ae910f to remote] DEBUG org.apache.http.wire - http-outgoing-18 >> "Accept-Encoding: gzip,deflate[\r][\n]"
12:51:31.672 [Forwarding findElement on session 02cef0f58a09e14fa89266f735ae910f to remote] DEBUG org.apache.http.wire - http-outgoing-18 >> "[\r][\n]"
12:51:31.672 [Forwarding findElement on session 02cef0f58a09e14fa89266f735ae910f to remote] DEBUG org.apache.http.wire - http-outgoing-18 >> "{"value":"//ul/li[2]/div/div[2]/a[3]/span","using":"xpath"}"
12:51:31.679 [Forwarding findElement on session 02cef0f58a09e14fa89266f735ae910f to remote] DEBUG org.apache.http.wire - http-outgoing-18 << "HTTP/1.1 200 OK[\r][\n]"
12:51:31.680 [Forwarding findElement on session 02cef0f58a09e14fa89266f735ae910f to remote] DEBUG org.apache.http.wire - http-outgoing-18 << "Content-Length:88[\r][\n]"
12:51:31.680 [Forwarding findElement on session 02cef0f58a09e14fa89266f735ae910f to remote] DEBUG org.apache.http.wire - http-outgoing-18 << "Content-Type:application/json; charset=utf-8[\r][\n]"
12:51:31.680 [Forwarding findElement on session 02cef0f58a09e14fa89266f735ae910f to remote] DEBUG org.apache.http.wire - http-outgoing-18 << "cache-control:no-cache[\r][\n]"
12:51:31.680 [Forwarding findElement on session 02cef0f58a09e14fa89266f735ae910f to remote] DEBUG org.apache.http.wire - http-outgoing-18 << "[\r][\n]"
12:51:31.680 [Forwarding findElement on session 02cef0f58a09e14fa89266f735ae910f to remote] DEBUG org.apache.http.wire - http-outgoing-18 << "{"value":{"element-6066-11e4-a52e-4f735466cecf":"b0fbcaec-4a5d-4a8d-a857-c886a41cba41"}}"
12:51:31.680 [Forwarding findElement on session 02cef0f58a09e14fa89266f735ae910f to remote] DEBUG org.apache.http.headers - http-outgoing-18 << HTTP/1.1 200 OK
12:51:31.680 [Forwarding findElement on session 02cef0f58a09e14fa89266f735ae910f to remote] DEBUG org.apache.http.headers - http-outgoing-18 << Content-Length:88
12:51:31.680 [Forwarding findElement on session 02cef0f58a09e14fa89266f735ae910f to remote] DEBUG org.apache.http.headers - http-outgoing-18 << Content-Type:application/json; charset=utf-8
12:51:31.680 [Forwarding findElement on session 02cef0f58a09e14fa89266f735ae910f to remote] DEBUG org.apache.http.headers - http-outgoing-18 << cache-control:no-cache
12:51:31.680 [Forwarding findElement on session 02cef0f58a09e14fa89266f735ae910f to remote] DEBUG org.apache.http.impl.execchain.MainClientExec - Connection can be kept alive indefinitely
12:51:31.680 [Forwarding findElement on session 02cef0f58a09e14fa89266f735ae910f to remote] DEBUG org.apache.http.impl.conn.PoolingHttpClientConnectionManager - Connection [id: 18][route: {}->http://localhost:43405] can be kept alive indefinitely
12:51:31.680 [Forwarding findElement on session 02cef0f58a09e14fa89266f735ae910f to remote] DEBUG org.apache.http.impl.conn.PoolingHttpClientConnectionManager - Connection released: [id: 18][route: {}->http://localhost:43405][total kept alive: 1; route allocated: 1 of 2000; total allocated: 1 of 2000]
12:51:31.681 [Forwarding clickElement on session 02cef0f58a09e14fa89266f735ae910f to remote] DEBUG org.apache.http.client.protocol.RequestAddCookies - CookieSpec selected: default
12:51:31.681 [Forwarding clickElement on session 02cef0f58a09e14fa89266f735ae910f to remote] DEBUG org.apache.http.client.protocol.RequestAuthCache - Auth cache not set in the context
12:51:31.681 [Forwarding clickElement on session 02cef0f58a09e14fa89266f735ae910f to remote] DEBUG org.apache.http.impl.conn.PoolingHttpClientConnectionManager - Connection request: [route: {}->http://localhost:43405][total kept alive: 1; route allocated: 1 of 2000; total allocated: 1 of 2000]
12:51:31.681 [Forwarding clickElement on session 02cef0f58a09e14fa89266f735ae910f to remote] DEBUG org.apache.http.impl.conn.PoolingHttpClientConnectionManager - Connection leased: [id: 18][route: {}->http://localhost:43405][total kept alive: 0; route allocated: 1 of 2000; total allocated: 1 of 2000]
12:51:31.681 [Forwarding clickElement on session 02cef0f58a09e14fa89266f735ae910f to remote] DEBUG org.apache.http.impl.execchain.MainClientExec - Stale connection check
12:51:31.682 [Forwarding clickElement on session 02cef0f58a09e14fa89266f735ae910f to remote] DEBUG org.apache.http.wire - http-outgoing-18 << "[read] I/O error: Read timed out"
12:51:31.682 [Forwarding clickElement on session 02cef0f58a09e14fa89266f735ae910f to remote] DEBUG org.apache.http.impl.conn.DefaultManagedHttpClientConnection - http-outgoing-18: set socket timeout to 10800000
12:51:31.682 [Forwarding clickElement on session 02cef0f58a09e14fa89266f735ae910f to remote] DEBUG org.apache.http.impl.execchain.MainClientExec - Executing request POST /session/02cef0f58a09e14fa89266f735ae910f/element/b0fbcaec-4a5d-4a8d-a857-c886a41cba41/click HTTP/1.1
12:51:31.682 [Forwarding clickElement on session 02cef0f58a09e14fa89266f735ae910f to remote] DEBUG org.apache.http.impl.execchain.MainClientExec - Target auth state: UNCHALLENGED
12:51:31.682 [Forwarding clickElement on session 02cef0f58a09e14fa89266f735ae910f to remote] DEBUG org.apache.http.impl.execchain.MainClientExec - Proxy auth state: UNCHALLENGED
12:51:31.682 [Forwarding clickElement on session 02cef0f58a09e14fa89266f735ae910f to remote] DEBUG org.apache.http.headers - http-outgoing-18 >> POST /session/02cef0f58a09e14fa89266f735ae910f/element/b0fbcaec-4a5d-4a8d-a857-c886a41cba41/click HTTP/1.1
12:51:31.682 [Forwarding clickElement on session 02cef0f58a09e14fa89266f735ae910f to remote] DEBUG org.apache.http.headers - http-outgoing-18 >> Content-Type: application/json; charset=utf-8
12:51:31.682 [Forwarding clickElement on session 02cef0f58a09e14fa89266f735ae910f to remote] DEBUG org.apache.http.headers - http-outgoing-18 >> Content-Length: 45
12:51:31.682 [Forwarding clickElement on session 02cef0f58a09e14fa89266f735ae910f to remote] DEBUG org.apache.http.headers - http-outgoing-18 >> Host: localhost:43405
12:51:31.682 [Forwarding clickElement on session 02cef0f58a09e14fa89266f735ae910f to remote] DEBUG org.apache.http.headers - http-outgoing-18 >> Connection: Keep-Alive
12:51:31.682 [Forwarding clickElement on session 02cef0f58a09e14fa89266f735ae910f to remote] DEBUG org.apache.http.headers - http-outgoing-18 >> User-Agent: Apache-HttpClient/4.5.3 (Java/1.8.0_211)
12:51:31.682 [Forwarding clickElement on session 02cef0f58a09e14fa89266f735ae910f to remote] DEBUG org.apache.http.headers - http-outgoing-18 >> Accept-Encoding: gzip,deflate
12:51:31.682 [Forwarding clickElement on session 02cef0f58a09e14fa89266f735ae910f to remote] DEBUG org.apache.http.wire - http-outgoing-18 >> "POST /session/02cef0f58a09e14fa89266f735ae910f/element/b0fbcaec-4a5d-4a8d-a857-c886a41cba41/click HTTP/1.1[\r][\n]"
12:51:31.682 [Forwarding clickElement on session 02cef0f58a09e14fa89266f735ae910f to remote] DEBUG org.apache.http.wire - http-outgoing-18 >> "Content-Type: application/json; charset=utf-8[\r][\n]"
12:51:31.682 [Forwarding clickElement on session 02cef0f58a09e14fa89266f735ae910f to remote] DEBUG org.apache.http.wire - http-outgoing-18 >> "Content-Length: 45[\r][\n]"
12:51:31.682 [Forwarding clickElement on session 02cef0f58a09e14fa89266f735ae910f to remote] DEBUG org.apache.http.wire - http-outgoing-18 >> "Host: localhost:43405[\r][\n]"
12:51:31.682 [Forwarding clickElement on session 02cef0f58a09e14fa89266f735ae910f to remote] DEBUG org.apache.http.wire - http-outgoing-18 >> "Connection: Keep-Alive[\r][\n]"
12:51:31.682 [Forwarding clickElement on session 02cef0f58a09e14fa89266f735ae910f to remote] DEBUG org.apache.http.wire - http-outgoing-18 >> "User-Agent: Apache-HttpClient/4.5.3 (Java/1.8.0_211)[\r][\n]"
12:51:31.682 [Forwarding clickElement on session 02cef0f58a09e14fa89266f735ae910f to remote] DEBUG org.apache.http.wire - http-outgoing-18 >> "Accept-Encoding: gzip,deflate[\r][\n]"
12:51:31.682 [Forwarding clickElement on session 02cef0f58a09e14fa89266f735ae910f to remote] DEBUG org.apache.http.wire - http-outgoing-18 >> "[\r][\n]"
12:51:31.682 [Forwarding clickElement on session 02cef0f58a09e14fa89266f735ae910f to remote] DEBUG org.apache.http.wire - http-outgoing-18 >> "{"id":"b0fbcaec-4a5d-4a8d-a857-c886a41cba41"}"
12:51:31.732 [Forwarding clickElement on session 02cef0f58a09e14fa89266f735ae910f to remote] DEBUG org.apache.http.wire - http-outgoing-18 << "HTTP/1.1 200 OK[\r][\n]"
12:51:31.732 [Forwarding clickElement on session 02cef0f58a09e14fa89266f735ae910f to remote] DEBUG org.apache.http.wire - http-outgoing-18 << "Content-Length:14[\r][\n]"
12:51:31.732 [Forwarding clickElement on session 02cef0f58a09e14fa89266f735ae910f to remote] DEBUG org.apache.http.wire - http-outgoing-18 << "Content-Type:application/json; charset=utf-8[\r][\n]"
12:51:31.732 [Forwarding clickElement on session 02cef0f58a09e14fa89266f735ae910f to remote] DEBUG org.apache.http.wire - http-outgoing-18 << "cache-control:no-cache[\r][\n]"
12:51:31.732 [Forwarding clickElement on session 02cef0f58a09e14fa89266f735ae910f to remote] DEBUG org.apache.http.wire - http-outgoing-18 << "[\r][\n]"
12:51:31.732 [Forwarding clickElement on session 02cef0f58a09e14fa89266f735ae910f to remote] DEBUG org.apache.http.wire - http-outgoing-18 << "{"value":null}"
12:51:31.732 [Forwarding clickElement on session 02cef0f58a09e14fa89266f735ae910f to remote] DEBUG org.apache.http.headers - http-outgoing-18 << HTTP/1.1 200 OK
12:51:31.732 [Forwarding clickElement on session 02cef0f58a09e14fa89266f735ae910f to remote] DEBUG org.apache.http.headers - http-outgoing-18 << Content-Length:14
12:51:31.732 [Forwarding clickElement on session 02cef0f58a09e14fa89266f735ae910f to remote] DEBUG org.apache.http.headers - http-outgoing-18 << Content-Type:application/json; charset=utf-8
12:51:31.732 [Forwarding clickElement on session 02cef0f58a09e14fa89266f735ae910f to remote] DEBUG org.apache.http.headers - http-outgoing-18 << cache-control:no-cache
12:51:31.732 [Forwarding clickElement on session 02cef0f58a09e14fa89266f735ae910f to remote] DEBUG org.apache.http.impl.execchain.MainClientExec - Connection can be kept alive indefinitely
12:51:31.732 [Forwarding clickElement on session 02cef0f58a09e14fa89266f735ae910f to remote] DEBUG org.apache.http.impl.conn.PoolingHttpClientConnectionManager - Connection [id: 18][route: {}->http://localhost:43405] can be kept alive indefinitely
12:51:31.732 [Forwarding clickElement on session 02cef0f58a09e14fa89266f735ae910f to remote] DEBUG org.apache.http.impl.conn.PoolingHttpClientConnectionManager - Connection released: [id: 18][route: {}->http://localhost:43405][total kept alive: 1; route allocated: 1 of 2000; total allocated: 1 of 2000]
12:51:31.733 [Forwarding findElement on session 02cef0f58a09e14fa89266f735ae910f to remote] DEBUG org.apache.http.client.protocol.RequestAddCookies - CookieSpec selected: default
12:51:31.733 [Forwarding findElement on session 02cef0f58a09e14fa89266f735ae910f to remote] DEBUG org.apache.http.client.protocol.RequestAuthCache - Auth cache not set in the context
12:51:31.733 [Forwarding findElement on session 02cef0f58a09e14fa89266f735ae910f to remote] DEBUG org.apache.http.impl.conn.PoolingHttpClientConnectionManager - Connection request: [route: {}->http://localhost:43405][total kept alive: 1; route allocated: 1 of 2000; total allocated: 1 of 2000]
12:51:31.733 [Forwarding findElement on session 02cef0f58a09e14fa89266f735ae910f to remote] DEBUG org.apache.http.impl.conn.PoolingHttpClientConnectionManager - Connection leased: [id: 18][route: {}->http://localhost:43405][total kept alive: 0; route allocated: 1 of 2000; total allocated: 1 of 2000]
12:51:31.733 [Forwarding findElement on session 02cef0f58a09e14fa89266f735ae910f to remote] DEBUG org.apache.http.impl.execchain.MainClientExec - Stale connection check
12:51:31.734 [Forwarding findElement on session 02cef0f58a09e14fa89266f735ae910f to remote] DEBUG org.apache.http.wire - http-outgoing-18 << "[read] I/O error: Read timed out"
12:51:31.734 [Forwarding findElement on session 02cef0f58a09e14fa89266f735ae910f to remote] DEBUG org.apache.http.impl.conn.DefaultManagedHttpClientConnection - http-outgoing-18: set socket timeout to 10800000
12:51:31.734 [Forwarding findElement on session 02cef0f58a09e14fa89266f735ae910f to remote] DEBUG org.apache.http.impl.execchain.MainClientExec - Executing request POST /session/02cef0f58a09e14fa89266f735ae910f/element HTTP/1.1
12:51:31.734 [Forwarding findElement on session 02cef0f58a09e14fa89266f735ae910f to remote] DEBUG org.apache.http.impl.execchain.MainClientExec - Target auth state: UNCHALLENGED
12:51:31.734 [Forwarding findElement on session 02cef0f58a09e14fa89266f735ae910f to remote] DEBUG org.apache.http.impl.execchain.MainClientExec - Proxy auth state: UNCHALLENGED
12:51:31.734 [Forwarding findElement on session 02cef0f58a09e14fa89266f735ae910f to remote] DEBUG org.apache.http.headers - http-outgoing-18 >> POST /session/02cef0f58a09e14fa89266f735ae910f/element HTTP/1.1
12:51:31.734 [Forwarding findElement on session 02cef0f58a09e14fa89266f735ae910f to remote] DEBUG org.apache.http.headers - http-outgoing-18 >> Content-Type: application/json; charset=utf-8
12:51:31.734 [Forwarding findElement on session 02cef0f58a09e14fa89266f735ae910f to remote] DEBUG org.apache.http.headers - http-outgoing-18 >> Content-Length: 96
12:51:31.734 [Forwarding findElement on session 02cef0f58a09e14fa89266f735ae910f to remote] DEBUG org.apache.http.headers - http-outgoing-18 >> Host: localhost:43405
12:51:31.734 [Forwarding findElement on session 02cef0f58a09e14fa89266f735ae910f to remote] DEBUG org.apache.http.headers - http-outgoing-18 >> Connection: Keep-Alive
12:51:31.734 [Forwarding findElement on session 02cef0f58a09e14fa89266f735ae910f to remote] DEBUG org.apache.http.headers - http-outgoing-18 >> User-Agent: Apache-HttpClient/4.5.3 (Java/1.8.0_211)
12:51:31.734 [Forwarding findElement on session 02cef0f58a09e14fa89266f735ae910f to remote] DEBUG org.apache.http.headers - http-outgoing-18 >> Accept-Encoding: gzip,deflate
12:51:31.734 [Forwarding findElement on session 02cef0f58a09e14fa89266f735ae910f to remote] DEBUG org.apache.http.wire - http-outgoing-18 >> "POST /session/02cef0f58a09e14fa89266f735ae910f/element HTTP/1.1[\r][\n]"
12:51:31.734 [Forwarding findElement on session 02cef0f58a09e14fa89266f735ae910f to remote] DEBUG org.apache.http.wire - http-outgoing-18 >> "Content-Type: application/json; charset=utf-8[\r][\n]"
12:51:31.734 [Forwarding findElement on session 02cef0f58a09e14fa89266f735ae910f to remote] DEBUG org.apache.http.wire - http-outgoing-18 >> "Content-Length: 96[\r][\n]"
12:51:31.734 [Forwarding findElement on session 02cef0f58a09e14fa89266f735ae910f to remote] DEBUG org.apache.http.wire - http-outgoing-18 >> "Host: localhost:43405[\r][\n]"
12:51:31.735 [Forwarding findElement on session 02cef0f58a09e14fa89266f735ae910f to remote] DEBUG org.apache.http.wire - http-outgoing-18 >> "Connection: Keep-Alive[\r][\n]"
12:51:31.735 [Forwarding findElement on session 02cef0f58a09e14fa89266f735ae910f to remote] DEBUG org.apache.http.wire - http-outgoing-18 >> "User-Agent: Apache-HttpClient/4.5.3 (Java/1.8.0_211)[\r][\n]"
12:51:31.735 [Forwarding findElement on session 02cef0f58a09e14fa89266f735ae910f to remote] DEBUG org.apache.http.wire - http-outgoing-18 >> "Accept-Encoding: gzip,deflate[\r][\n]"
12:51:31.735 [Forwarding findElement on session 02cef0f58a09e14fa89266f735ae910f to remote] DEBUG org.apache.http.wire - http-outgoing-18 >> "[\r][\n]"
12:51:31.735 [Forwarding findElement on session 02cef0f58a09e14fa89266f735ae910f to remote] DEBUG org.apache.http.wire - http-outgoing-18 >> "{"value":"//*[@id=\"root\"]/main/div/div/div[3]/div/div[2]/span/div/span/input","using":"xpath"}"
12:51:32.056 [Forwarding findElement on session 02cef0f58a09e14fa89266f735ae910f to remote] DEBUG org.apache.http.wire - http-outgoing-18 << "HTTP/1.1 200 OK[\r][\n]"
12:51:32.056 [Forwarding findElement on session 02cef0f58a09e14fa89266f735ae910f to remote] DEBUG org.apache.http.wire - http-outgoing-18 << "Content-Length:88[\r][\n]"
12:51:32.056 [Forwarding findElement on session 02cef0f58a09e14fa89266f735ae910f to remote] DEBUG org.apache.http.wire - http-outgoing-18 << "Content-Type:application/json; charset=utf-8[\r][\n]"
12:51:32.056 [Forwarding findElement on session 02cef0f58a09e14fa89266f735ae910f to remote] DEBUG org.apache.http.wire - http-outgoing-18 << "cache-control:no-cache[\r][\n]"
12:51:32.056 [Forwarding findElement on session 02cef0f58a09e14fa89266f735ae910f to remote] DEBUG org.apache.http.wire - http-outgoing-18 << "[\r][\n]"
12:51:32.056 [Forwarding findElement on session 02cef0f58a09e14fa89266f735ae910f to remote] DEBUG org.apache.http.wire - http-outgoing-18 << "{"value":{"element-6066-11e4-a52e-4f735466cecf":"a51f0be1-1bcf-4f9a-8de9-f07ea3205fee"}}"
12:51:32.056 [Forwarding findElement on session 02cef0f58a09e14fa89266f735ae910f to remote] DEBUG org.apache.http.headers - http-outgoing-18 << HTTP/1.1 200 OK
12:51:32.056 [Forwarding findElement on session 02cef0f58a09e14fa89266f735ae910f to remote] DEBUG org.apache.http.headers - http-outgoing-18 << Content-Length:88
12:51:32.056 [Forwarding findElement on session 02cef0f58a09e14fa89266f735ae910f to remote] DEBUG org.apache.http.headers - http-outgoing-18 << Content-Type:application/json; charset=utf-8
12:51:32.056 [Forwarding findElement on session 02cef0f58a09e14fa89266f735ae910f to remote] DEBUG org.apache.http.headers - http-outgoing-18 << cache-control:no-cache
12:51:32.056 [Forwarding findElement on session 02cef0f58a09e14fa89266f735ae910f to remote] DEBUG org.apache.http.impl.execchain.MainClientExec - Connection can be kept alive indefinitely
12:51:32.056 [Forwarding findElement on session 02cef0f58a09e14fa89266f735ae910f to remote] DEBUG org.apache.http.impl.conn.PoolingHttpClientConnectionManager - Connection [id: 18][route: {}->http://localhost:43405] can be kept alive indefinitely
12:51:32.056 [Forwarding findElement on session 02cef0f58a09e14fa89266f735ae910f to remote] DEBUG org.apache.http.impl.conn.PoolingHttpClientConnectionManager - Connection released: [id: 18][route: {}->http://localhost:43405][total kept alive: 1; route allocated: 1 of 2000; total allocated: 1 of 2000]
12:51:32.057 [Forwarding sendKeysToElement on session 02cef0f58a09e14fa89266f735ae910f to remote] DEBUG org.apache.http.client.protocol.RequestAddCookies - CookieSpec selected: default
12:51:32.057 [Forwarding sendKeysToElement on session 02cef0f58a09e14fa89266f735ae910f to remote] DEBUG org.apache.http.client.protocol.RequestAuthCache - Auth cache not set in the context
12:51:32.057 [Forwarding sendKeysToElement on session 02cef0f58a09e14fa89266f735ae910f to remote] DEBUG org.apache.http.impl.conn.PoolingHttpClientConnectionManager - Connection request: [route: {}->http://localhost:43405][total kept alive: 1; route allocated: 1 of 2000; total allocated: 1 of 2000]
12:51:32.057 [Forwarding sendKeysToElement on session 02cef0f58a09e14fa89266f735ae910f to remote] DEBUG org.apache.http.impl.conn.PoolingHttpClientConnectionManager - Connection leased: [id: 18][route: {}->http://localhost:43405][total kept alive: 0; route allocated: 1 of 2000; total allocated: 1 of 2000]
12:51:32.057 [Forwarding sendKeysToElement on session 02cef0f58a09e14fa89266f735ae910f to remote] DEBUG org.apache.http.impl.execchain.MainClientExec - Stale connection check
12:51:32.058 [Forwarding sendKeysToElement on session 02cef0f58a09e14fa89266f735ae910f to remote] DEBUG org.apache.http.wire - http-outgoing-18 << "[read] I/O error: Read timed out"
12:51:32.058 [Forwarding sendKeysToElement on session 02cef0f58a09e14fa89266f735ae910f to remote] DEBUG org.apache.http.impl.conn.DefaultManagedHttpClientConnection - http-outgoing-18: set socket timeout to 10800000
12:51:32.058 [Forwarding sendKeysToElement on session 02cef0f58a09e14fa89266f735ae910f to remote] DEBUG org.apache.http.impl.execchain.MainClientExec - Executing request POST /session/02cef0f58a09e14fa89266f735ae910f/element/a51f0be1-1bcf-4f9a-8de9-f07ea3205fee/value HTTP/1.1
12:51:32.058 [Forwarding sendKeysToElement on session 02cef0f58a09e14fa89266f735ae910f to remote] DEBUG org.apache.http.impl.execchain.MainClientExec - Target auth state: UNCHALLENGED
12:51:32.058 [Forwarding sendKeysToElement on session 02cef0f58a09e14fa89266f735ae910f to remote] DEBUG org.apache.http.impl.execchain.MainClientExec - Proxy auth state: UNCHALLENGED
12:51:32.058 [Forwarding sendKeysToElement on session 02cef0f58a09e14fa89266f735ae910f to remote] DEBUG org.apache.http.headers - http-outgoing-18 >> POST /session/02cef0f58a09e14fa89266f735ae910f/element/a51f0be1-1bcf-4f9a-8de9-f07ea3205fee/value HTTP/1.1
12:51:32.058 [Forwarding sendKeysToElement on session 02cef0f58a09e14fa89266f735ae910f to remote] DEBUG org.apache.http.headers - http-outgoing-18 >> Content-Type: application/json; charset=utf-8
12:51:32.058 [Forwarding sendKeysToElement on session 02cef0f58a09e14fa89266f735ae910f to remote] DEBUG org.apache.http.headers - http-outgoing-18 >> Content-Length: 405
12:51:32.058 [Forwarding sendKeysToElement on session 02cef0f58a09e14fa89266f735ae910f to remote] DEBUG org.apache.http.headers - http-outgoing-18 >> Host: localhost:43405
12:51:32.058 [Forwarding sendKeysToElement on session 02cef0f58a09e14fa89266f735ae910f to remote] DEBUG org.apache.http.headers - http-outgoing-18 >> Connection: Keep-Alive
12:51:32.058 [Forwarding sendKeysToElement on session 02cef0f58a09e14fa89266f735ae910f to remote] DEBUG org.apache.http.headers - http-outgoing-18 >> User-Agent: Apache-HttpClient/4.5.3 (Java/1.8.0_211)
12:51:32.058 [Forwarding sendKeysToElement on session 02cef0f58a09e14fa89266f735ae910f to remote] DEBUG org.apache.http.headers - http-outgoing-18 >> Accept-Encoding: gzip,deflate
12:51:32.059 [Forwarding sendKeysToElement on session 02cef0f58a09e14fa89266f735ae910f to remote] DEBUG org.apache.http.wire - http-outgoing-18 >> "POST /session/02cef0f58a09e14fa89266f735ae910f/element/a51f0be1-1bcf-4f9a-8de9-f07ea3205fee/value HTTP/1.1[\r][\n]"
12:51:32.059 [Forwarding sendKeysToElement on session 02cef0f58a09e14fa89266f735ae910f to remote] DEBUG org.apache.http.wire - http-outgoing-18 >> "Content-Type: application/json; charset=utf-8[\r][\n]"
12:51:32.059 [Forwarding sendKeysToElement on session 02cef0f58a09e14fa89266f735ae910f to remote] DEBUG org.apache.http.wire - http-outgoing-18 >> "Content-Length: 405[\r][\n]"
12:51:32.059 [Forwarding sendKeysToElement on session 02cef0f58a09e14fa89266f735ae910f to remote] DEBUG org.apache.http.wire - http-outgoing-18 >> "Host: localhost:43405[\r][\n]"
12:51:32.059 [Forwarding sendKeysToElement on session 02cef0f58a09e14fa89266f735ae910f to remote] DEBUG org.apache.http.wire - http-outgoing-18 >> "Connection: Keep-Alive[\r][\n]"
12:51:32.059 [Forwarding sendKeysToElement on session 02cef0f58a09e14fa89266f735ae910f to remote] DEBUG org.apache.http.wire - http-outgoing-18 >> "User-Agent: Apache-HttpClient/4.5.3 (Java/1.8.0_211)[\r][\n]"
12:51:32.059 [Forwarding sendKeysToElement on session 02cef0f58a09e14fa89266f735ae910f to remote] DEBUG org.apache.http.wire - http-outgoing-18 >> "Accept-Encoding: gzip,deflate[\r][\n]"
12:51:32.059 [Forwarding sendKeysToElement on session 02cef0f58a09e14fa89266f735ae910f to remote] DEBUG org.apache.http.wire - http-outgoing-18 >> "[\r][\n]"
12:51:32.059 [Forwarding sendKeysToElement on session 02cef0f58a09e14fa89266f735ae910f to remote] DEBUG org.apache.http.wire - http-outgoing-18 >> "{"id":"a51f0be1-1bcf-4f9a-8de9-f07ea3205fee","text":"/Users/zhukai/Desktop/Tronscan_AutoTest/src/test/resources/right.sol","value":["/","U","s","e","r","s","/","z","h","u","k","a","i","/","D","e","s","k","t","o","p","/","T","r","o","n","s","c","a","n","_","A","u","t","o","T","e","s","t","/","s","r","c","/","t","e","s","t","/","r","e","s","o","u","r","c","e","s","/","r","i","g","h","t",".","s","o","l"]}"
12:51:32.069 [Forwarding sendKeysToElement on session 02cef0f58a09e14fa89266f735ae910f to remote] DEBUG org.apache.http.wire - http-outgoing-18 << "HTTP/1.1 200 OK[\r][\n]"
12:51:32.069 [Forwarding sendKeysToElement on session 02cef0f58a09e14fa89266f735ae910f to remote] DEBUG org.apache.http.wire - http-outgoing-18 << "Content-Length:14[\r][\n]"
12:51:32.069 [Forwarding sendKeysToElement on session 02cef0f58a09e14fa89266f735ae910f to remote] DEBUG org.apache.http.wire - http-outgoing-18 << "Content-Type:application/json; charset=utf-8[\r][\n]"
12:51:32.069 [Forwarding sendKeysToElement on session 02cef0f58a09e14fa89266f735ae910f to remote] DEBUG org.apache.http.wire - http-outgoing-18 << "cache-control:no-cache[\r][\n]"
12:51:32.069 [Forwarding sendKeysToElement on session 02cef0f58a09e14fa89266f735ae910f to remote] DEBUG org.apache.http.wire - http-outgoing-18 << "[\r][\n]"
12:51:32.069 [Forwarding sendKeysToElement on session 02cef0f58a09e14fa89266f735ae910f to remote] DEBUG org.apache.http.wire - http-outgoing-18 << "{"value":null}"
12:51:32.069 [Forwarding sendKeysToElement on session 02cef0f58a09e14fa89266f735ae910f to remote] DEBUG org.apache.http.headers - http-outgoing-18 << HTTP/1.1 200 OK
12:51:32.069 [Forwarding sendKeysToElement on session 02cef0f58a09e14fa89266f735ae910f to remote] DEBUG org.apache.http.headers - http-outgoing-18 << Content-Length:14
12:51:32.069 [Forwarding sendKeysToElement on session 02cef0f58a09e14fa89266f735ae910f to remote] DEBUG org.apache.http.headers - http-outgoing-18 << Content-Type:application/json; charset=utf-8
12:51:32.069 [Forwarding sendKeysToElement on session 02cef0f58a09e14fa89266f735ae910f to remote] DEBUG org.apache.http.headers - http-outgoing-18 << cache-control:no-cache
12:51:32.069 [Forwarding sendKeysToElement on session 02cef0f58a09e14fa89266f735ae910f to remote] DEBUG org.apache.http.impl.execchain.MainClientExec - Connection can be kept alive indefinitely
12:51:32.069 [Forwarding sendKeysToElement on session 02cef0f58a09e14fa89266f735ae910f to remote] DEBUG org.apache.http.impl.conn.PoolingHttpClientConnectionManager - Connection [id: 18][route: {}->http://localhost:43405] can be kept alive indefinitely
12:51:32.069 [Forwarding sendKeysToElement on session 02cef0f58a09e14fa89266f735ae910f to remote] DEBUG org.apache.http.impl.conn.PoolingHttpClientConnectionManager - Connection released: [id: 18][route: {}->http://localhost:43405][total kept alive: 1; route allocated: 1 of 2000; total allocated: 1 of 2000]
已上传sol文件！
12:51:32.374 [Forwarding findElement on session 02cef0f58a09e14fa89266f735ae910f to remote] DEBUG org.apache.http.client.protocol.RequestAddCookies - CookieSpec selected: default
12:51:32.374 [Forwarding findElement on session 02cef0f58a09e14fa89266f735ae910f to remote] DEBUG org.apache.http.client.protocol.RequestAuthCache - Auth cache not set in the context
12:51:32.374 [Forwarding findElement on session 02cef0f58a09e14fa89266f735ae910f to remote] DEBUG org.apache.http.impl.conn.PoolingHttpClientConnectionManager - Connection request: [route: {}->http://localhost:43405][total kept alive: 1; route allocated: 1 of 2000; total allocated: 1 of 2000]
12:51:32.374 [Forwarding findElement on session 02cef0f58a09e14fa89266f735ae910f to remote] DEBUG org.apache.http.impl.conn.PoolingHttpClientConnectionManager - Connection leased: [id: 18][route: {}->http://localhost:43405][total kept alive: 0; route allocated: 1 of 2000; total allocated: 1 of 2000]
12:51:32.374 [Forwarding findElement on session 02cef0f58a09e14fa89266f735ae910f to remote] DEBUG org.apache.http.impl.execchain.MainClientExec - Stale connection check
12:51:32.375 [Forwarding findElement on session 02cef0f58a09e14fa89266f735ae910f to remote] DEBUG org.apache.http.wire - http-outgoing-18 << "[read] I/O error: Read timed out"
12:51:32.375 [Forwarding findElement on session 02cef0f58a09e14fa89266f735ae910f to remote] DEBUG org.apache.http.impl.conn.DefaultManagedHttpClientConnection - http-outgoing-18: set socket timeout to 10800000
12:51:32.375 [Forwarding findElement on session 02cef0f58a09e14fa89266f735ae910f to remote] DEBUG org.apache.http.impl.execchain.MainClientExec - Executing request POST /session/02cef0f58a09e14fa89266f735ae910f/element HTTP/1.1
12:51:32.375 [Forwarding findElement on session 02cef0f58a09e14fa89266f735ae910f to remote] DEBUG org.apache.http.impl.execchain.MainClientExec - Target auth state: UNCHALLENGED
12:51:32.375 [Forwarding findElement on session 02cef0f58a09e14fa89266f735ae910f to remote] DEBUG org.apache.http.impl.execchain.MainClientExec - Proxy auth state: UNCHALLENGED
12:51:32.375 [Forwarding findElement on session 02cef0f58a09e14fa89266f735ae910f to remote] DEBUG org.apache.http.headers - http-outgoing-18 >> POST /session/02cef0f58a09e14fa89266f735ae910f/element HTTP/1.1
12:51:32.375 [Forwarding findElement on session 02cef0f58a09e14fa89266f735ae910f to remote] DEBUG org.apache.http.headers - http-outgoing-18 >> Content-Type: application/json; charset=utf-8
12:51:32.375 [Forwarding findElement on session 02cef0f58a09e14fa89266f735ae910f to remote] DEBUG org.apache.http.headers - http-outgoing-18 >> Content-Length: 97
12:51:32.375 [Forwarding findElement on session 02cef0f58a09e14fa89266f735ae910f to remote] DEBUG org.apache.http.headers - http-outgoing-18 >> Host: localhost:43405
12:51:32.375 [Forwarding findElement on session 02cef0f58a09e14fa89266f735ae910f to remote] DEBUG org.apache.http.headers - http-outgoing-18 >> Connection: Keep-Alive
12:51:32.375 [Forwarding findElement on session 02cef0f58a09e14fa89266f735ae910f to remote] DEBUG org.apache.http.headers - http-outgoing-18 >> User-Agent: Apache-HttpClient/4.5.3 (Java/1.8.0_211)
12:51:32.376 [Forwarding findElement on session 02cef0f58a09e14fa89266f735ae910f to remote] DEBUG org.apache.http.headers - http-outgoing-18 >> Accept-Encoding: gzip,deflate
12:51:32.376 [Forwarding findElement on session 02cef0f58a09e14fa89266f735ae910f to remote] DEBUG org.apache.http.wire - http-outgoing-18 >> "POST /session/02cef0f58a09e14fa89266f735ae910f/element HTTP/1.1[\r][\n]"
12:51:32.376 [Forwarding findElement on session 02cef0f58a09e14fa89266f735ae910f to remote] DEBUG org.apache.http.wire - http-outgoing-18 >> "Content-Type: application/json; charset=utf-8[\r][\n]"
12:51:32.376 [Forwarding findElement on session 02cef0f58a09e14fa89266f735ae910f to remote] DEBUG org.apache.http.wire - http-outgoing-18 >> "Content-Length: 97[\r][\n]"
12:51:32.376 [Forwarding findElement on session 02cef0f58a09e14fa89266f735ae910f to remote] DEBUG org.apache.http.wire - http-outgoing-18 >> "Host: localhost:43405[\r][\n]"
12:51:32.376 [Forwarding findElement on session 02cef0f58a09e14fa89266f735ae910f to remote] DEBUG org.apache.http.wire - http-outgoing-18 >> "Connection: Keep-Alive[\r][\n]"
12:51:32.376 [Forwarding findElement on session 02cef0f58a09e14fa89266f735ae910f to remote] DEBUG org.apache.http.wire - http-outgoing-18 >> "User-Agent: Apache-HttpClient/4.5.3 (Java/1.8.0_211)[\r][\n]"
12:51:32.376 [Forwarding findElement on session 02cef0f58a09e14fa89266f735ae910f to remote] DEBUG org.apache.http.wire - http-outgoing-18 >> "Accept-Encoding: gzip,deflate[\r][\n]"
12:51:32.376 [Forwarding findElement on session 02cef0f58a09e14fa89266f735ae910f to remote] DEBUG org.apache.http.wire - http-outgoing-18 >> "[\r][\n]"
12:51:32.376 [Forwarding findElement on session 02cef0f58a09e14fa89266f735ae910f to remote] DEBUG org.apache.http.wire - http-outgoing-18 >> "{"value":".contract-compiler-button > button.compile-button:nth-child(1)","using":"css selector"}"
12:51:32.381 [Forwarding findElement on session 02cef0f58a09e14fa89266f735ae910f to remote] DEBUG org.apache.http.wire - http-outgoing-18 << "HTTP/1.1 200 OK[\r][\n]"
12:51:32.381 [Forwarding findElement on session 02cef0f58a09e14fa89266f735ae910f to remote] DEBUG org.apache.http.wire - http-outgoing-18 << "Content-Length:88[\r][\n]"
12:51:32.381 [Forwarding findElement on session 02cef0f58a09e14fa89266f735ae910f to remote] DEBUG org.apache.http.wire - http-outgoing-18 << "Content-Type:application/json; charset=utf-8[\r][\n]"
12:51:32.381 [Forwarding findElement on session 02cef0f58a09e14fa89266f735ae910f to remote] DEBUG org.apache.http.wire - http-outgoing-18 << "cache-control:no-cache[\r][\n]"
12:51:32.381 [Forwarding findElement on session 02cef0f58a09e14fa89266f735ae910f to remote] DEBUG org.apache.http.wire - http-outgoing-18 << "[\r][\n]"
12:51:32.381 [Forwarding findElement on session 02cef0f58a09e14fa89266f735ae910f to remote] DEBUG org.apache.http.wire - http-outgoing-18 << "{"value":{"element-6066-11e4-a52e-4f735466cecf":"afae5984-db85-4510-bc18-7b9c4f8a38a3"}}"
12:51:32.381 [Forwarding findElement on session 02cef0f58a09e14fa89266f735ae910f to remote] DEBUG org.apache.http.headers - http-outgoing-18 << HTTP/1.1 200 OK
12:51:32.381 [Forwarding findElement on session 02cef0f58a09e14fa89266f735ae910f to remote] DEBUG org.apache.http.headers - http-outgoing-18 << Content-Length:88
12:51:32.381 [Forwarding findElement on session 02cef0f58a09e14fa89266f735ae910f to remote] DEBUG org.apache.http.headers - http-outgoing-18 << Content-Type:application/json; charset=utf-8
12:51:32.381 [Forwarding findElement on session 02cef0f58a09e14fa89266f735ae910f to remote] DEBUG org.apache.http.headers - http-outgoing-18 << cache-control:no-cache
12:51:32.381 [Forwarding findElement on session 02cef0f58a09e14fa89266f735ae910f to remote] DEBUG org.apache.http.impl.execchain.MainClientExec - Connection can be kept alive indefinitely
12:51:32.381 [Forwarding findElement on session 02cef0f58a09e14fa89266f735ae910f to remote] DEBUG org.apache.http.impl.conn.PoolingHttpClientConnectionManager - Connection [id: 18][route: {}->http://localhost:43405] can be kept alive indefinitely
12:51:32.381 [Forwarding findElement on session 02cef0f58a09e14fa89266f735ae910f to remote] DEBUG org.apache.http.impl.conn.PoolingHttpClientConnectionManager - Connection released: [id: 18][route: {}->http://localhost:43405][total kept alive: 1; route allocated: 1 of 2000; total allocated: 1 of 2000]
12:51:32.382 [Forwarding clickElement on session 02cef0f58a09e14fa89266f735ae910f to remote] DEBUG org.apache.http.client.protocol.RequestAddCookies - CookieSpec selected: default
12:51:32.382 [Forwarding clickElement on session 02cef0f58a09e14fa89266f735ae910f to remote] DEBUG org.apache.http.client.protocol.RequestAuthCache - Auth cache not set in the context
12:51:32.382 [Forwarding clickElement on session 02cef0f58a09e14fa89266f735ae910f to remote] DEBUG org.apache.http.impl.conn.PoolingHttpClientConnectionManager - Connection request: [route: {}->http://localhost:43405][total kept alive: 1; route allocated: 1 of 2000; total allocated: 1 of 2000]
12:51:32.382 [Forwarding clickElement on session 02cef0f58a09e14fa89266f735ae910f to remote] DEBUG org.apache.http.impl.conn.PoolingHttpClientConnectionManager - Connection leased: [id: 18][route: {}->http://localhost:43405][total kept alive: 0; route allocated: 1 of 2000; total allocated: 1 of 2000]
12:51:32.382 [Forwarding clickElement on session 02cef0f58a09e14fa89266f735ae910f to remote] DEBUG org.apache.http.impl.execchain.MainClientExec - Stale connection check
12:51:32.384 [Forwarding clickElement on session 02cef0f58a09e14fa89266f735ae910f to remote] DEBUG org.apache.http.wire - http-outgoing-18 << "[read] I/O error: Read timed out"
12:51:32.384 [Forwarding clickElement on session 02cef0f58a09e14fa89266f735ae910f to remote] DEBUG org.apache.http.impl.conn.DefaultManagedHttpClientConnection - http-outgoing-18: set socket timeout to 10800000
12:51:32.384 [Forwarding clickElement on session 02cef0f58a09e14fa89266f735ae910f to remote] DEBUG org.apache.http.impl.execchain.MainClientExec - Executing request POST /session/02cef0f58a09e14fa89266f735ae910f/element/afae5984-db85-4510-bc18-7b9c4f8a38a3/click HTTP/1.1
12:51:32.384 [Forwarding clickElement on session 02cef0f58a09e14fa89266f735ae910f to remote] DEBUG org.apache.http.impl.execchain.MainClientExec - Target auth state: UNCHALLENGED
12:51:32.384 [Forwarding clickElement on session 02cef0f58a09e14fa89266f735ae910f to remote] DEBUG org.apache.http.impl.execchain.MainClientExec - Proxy auth state: UNCHALLENGED
12:51:32.384 [Forwarding clickElement on session 02cef0f58a09e14fa89266f735ae910f to remote] DEBUG org.apache.http.headers - http-outgoing-18 >> POST /session/02cef0f58a09e14fa89266f735ae910f/element/afae5984-db85-4510-bc18-7b9c4f8a38a3/click HTTP/1.1
12:51:32.384 [Forwarding clickElement on session 02cef0f58a09e14fa89266f735ae910f to remote] DEBUG org.apache.http.headers - http-outgoing-18 >> Content-Type: application/json; charset=utf-8
12:51:32.384 [Forwarding clickElement on session 02cef0f58a09e14fa89266f735ae910f to remote] DEBUG org.apache.http.headers - http-outgoing-18 >> Content-Length: 45
12:51:32.384 [Forwarding clickElement on session 02cef0f58a09e14fa89266f735ae910f to remote] DEBUG org.apache.http.headers - http-outgoing-18 >> Host: localhost:43405
12:51:32.384 [Forwarding clickElement on session 02cef0f58a09e14fa89266f735ae910f to remote] DEBUG org.apache.http.headers - http-outgoing-18 >> Connection: Keep-Alive
12:51:32.384 [Forwarding clickElement on session 02cef0f58a09e14fa89266f735ae910f to remote] DEBUG org.apache.http.headers - http-outgoing-18 >> User-Agent: Apache-HttpClient/4.5.3 (Java/1.8.0_211)
12:51:32.384 [Forwarding clickElement on session 02cef0f58a09e14fa89266f735ae910f to remote] DEBUG org.apache.http.headers - http-outgoing-18 >> Accept-Encoding: gzip,deflate
12:51:32.384 [Forwarding clickElement on session 02cef0f58a09e14fa89266f735ae910f to remote] DEBUG org.apache.http.wire - http-outgoing-18 >> "POST /session/02cef0f58a09e14fa89266f735ae910f/element/afae5984-db85-4510-bc18-7b9c4f8a38a3/click HTTP/1.1[\r][\n]"
12:51:32.384 [Forwarding clickElement on session 02cef0f58a09e14fa89266f735ae910f to remote] DEBUG org.apache.http.wire - http-outgoing-18 >> "Content-Type: application/json; charset=utf-8[\r][\n]"
12:51:32.384 [Forwarding clickElement on session 02cef0f58a09e14fa89266f735ae910f to remote] DEBUG org.apache.http.wire - http-outgoing-18 >> "Content-Length: 45[\r][\n]"
12:51:32.384 [Forwarding clickElement on session 02cef0f58a09e14fa89266f735ae910f to remote] DEBUG org.apache.http.wire - http-outgoing-18 >> "Host: localhost:43405[\r][\n]"
12:51:32.384 [Forwarding clickElement on session 02cef0f58a09e14fa89266f735ae910f to remote] DEBUG org.apache.http.wire - http-outgoing-18 >> "Connection: Keep-Alive[\r][\n]"
12:51:32.384 [Forwarding clickElement on session 02cef0f58a09e14fa89266f735ae910f to remote] DEBUG org.apache.http.wire - http-outgoing-18 >> "User-Agent: Apache-HttpClient/4.5.3 (Java/1.8.0_211)[\r][\n]"
12:51:32.384 [Forwarding clickElement on session 02cef0f58a09e14fa89266f735ae910f to remote] DEBUG org.apache.http.wire - http-outgoing-18 >> "Accept-Encoding: gzip,deflate[\r][\n]"
12:51:32.384 [Forwarding clickElement on session 02cef0f58a09e14fa89266f735ae910f to remote] DEBUG org.apache.http.wire - http-outgoing-18 >> "[\r][\n]"
12:51:32.384 [Forwarding clickElement on session 02cef0f58a09e14fa89266f735ae910f to remote] DEBUG org.apache.http.wire - http-outgoing-18 >> "{"id":"afae5984-db85-4510-bc18-7b9c4f8a38a3"}"
12:51:32.456 [Forwarding clickElement on session 02cef0f58a09e14fa89266f735ae910f to remote] DEBUG org.apache.http.wire - http-outgoing-18 << "HTTP/1.1 200 OK[\r][\n]"
12:51:32.456 [Forwarding clickElement on session 02cef0f58a09e14fa89266f735ae910f to remote] DEBUG org.apache.http.wire - http-outgoing-18 << "Content-Length:14[\r][\n]"
12:51:32.456 [Forwarding clickElement on session 02cef0f58a09e14fa89266f735ae910f to remote] DEBUG org.apache.http.wire - http-outgoing-18 << "Content-Type:application/json; charset=utf-8[\r][\n]"
12:51:32.456 [Forwarding clickElement on session 02cef0f58a09e14fa89266f735ae910f to remote] DEBUG org.apache.http.wire - http-outgoing-18 << "cache-control:no-cache[\r][\n]"
12:51:32.456 [Forwarding clickElement on session 02cef0f58a09e14fa89266f735ae910f to remote] DEBUG org.apache.http.wire - http-outgoing-18 << "[\r][\n]"
12:51:32.456 [Forwarding clickElement on session 02cef0f58a09e14fa89266f735ae910f to remote] DEBUG org.apache.http.wire - http-outgoing-18 << "{"value":null}"
12:51:32.456 [Forwarding clickElement on session 02cef0f58a09e14fa89266f735ae910f to remote] DEBUG org.apache.http.headers - http-outgoing-18 << HTTP/1.1 200 OK
12:51:32.456 [Forwarding clickElement on session 02cef0f58a09e14fa89266f735ae910f to remote] DEBUG org.apache.http.headers - http-outgoing-18 << Content-Length:14
12:51:32.456 [Forwarding clickElement on session 02cef0f58a09e14fa89266f735ae910f to remote] DEBUG org.apache.http.headers - http-outgoing-18 << Content-Type:application/json; charset=utf-8
12:51:32.456 [Forwarding clickElement on session 02cef0f58a09e14fa89266f735ae910f to remote] DEBUG org.apache.http.headers - http-outgoing-18 << cache-control:no-cache
12:51:32.456 [Forwarding clickElement on session 02cef0f58a09e14fa89266f735ae910f to remote] DEBUG org.apache.http.impl.execchain.MainClientExec - Connection can be kept alive indefinitely
12:51:32.457 [Forwarding clickElement on session 02cef0f58a09e14fa89266f735ae910f to remote] DEBUG org.apache.http.impl.conn.PoolingHttpClientConnectionManager - Connection [id: 18][route: {}->http://localhost:43405] can be kept alive indefinitely
12:51:32.457 [Forwarding clickElement on session 02cef0f58a09e14fa89266f735ae910f to remote] DEBUG org.apache.http.impl.conn.PoolingHttpClientConnectionManager - Connection released: [id: 18][route: {}->http://localhost:43405][total kept alive: 1; route allocated: 1 of 2000; total allocated: 1 of 2000]
12:51:32.457 [Forwarding findElement on session 02cef0f58a09e14fa89266f735ae910f to remote] DEBUG org.apache.http.client.protocol.RequestAddCookies - CookieSpec selected: default
12:51:32.457 [Forwarding findElement on session 02cef0f58a09e14fa89266f735ae910f to remote] DEBUG org.apache.http.client.protocol.RequestAuthCache - Auth cache not set in the context
12:51:32.457 [Forwarding findElement on session 02cef0f58a09e14fa89266f735ae910f to remote] DEBUG org.apache.http.impl.conn.PoolingHttpClientConnectionManager - Connection request: [route: {}->http://localhost:43405][total kept alive: 1; route allocated: 1 of 2000; total allocated: 1 of 2000]
12:51:32.457 [Forwarding findElement on session 02cef0f58a09e14fa89266f735ae910f to remote] DEBUG org.apache.http.impl.conn.PoolingHttpClientConnectionManager - Connection leased: [id: 18][route: {}->http://localhost:43405][total kept alive: 0; route allocated: 1 of 2000; total allocated: 1 of 2000]
12:51:32.457 [Forwarding findElement on session 02cef0f58a09e14fa89266f735ae910f to remote] DEBUG org.apache.http.impl.execchain.MainClientExec - Stale connection check
12:51:32.459 [Forwarding findElement on session 02cef0f58a09e14fa89266f735ae910f to remote] DEBUG org.apache.http.wire - http-outgoing-18 << "[read] I/O error: Read timed out"
12:51:32.459 [Forwarding findElement on session 02cef0f58a09e14fa89266f735ae910f to remote] DEBUG org.apache.http.impl.conn.DefaultManagedHttpClientConnection - http-outgoing-18: set socket timeout to 10800000
12:51:32.459 [Forwarding findElement on session 02cef0f58a09e14fa89266f735ae910f to remote] DEBUG org.apache.http.impl.execchain.MainClientExec - Executing request POST /session/02cef0f58a09e14fa89266f735ae910f/element HTTP/1.1
12:51:32.459 [Forwarding findElement on session 02cef0f58a09e14fa89266f735ae910f to remote] DEBUG org.apache.http.impl.execchain.MainClientExec - Target auth state: UNCHALLENGED
12:51:32.459 [Forwarding findElement on session 02cef0f58a09e14fa89266f735ae910f to remote] DEBUG org.apache.http.impl.execchain.MainClientExec - Proxy auth state: UNCHALLENGED
12:51:32.459 [Forwarding findElement on session 02cef0f58a09e14fa89266f735ae910f to remote] DEBUG org.apache.http.headers - http-outgoing-18 >> POST /session/02cef0f58a09e14fa89266f735ae910f/element HTTP/1.1
12:51:32.459 [Forwarding findElement on session 02cef0f58a09e14fa89266f735ae910f to remote] DEBUG org.apache.http.headers - http-outgoing-18 >> Content-Type: application/json; charset=utf-8
12:51:32.459 [Forwarding findElement on session 02cef0f58a09e14fa89266f735ae910f to remote] DEBUG org.apache.http.headers - http-outgoing-18 >> Content-Length: 85
12:51:32.459 [Forwarding findElement on session 02cef0f58a09e14fa89266f735ae910f to remote] DEBUG org.apache.http.headers - http-outgoing-18 >> Host: localhost:43405
12:51:32.459 [Forwarding findElement on session 02cef0f58a09e14fa89266f735ae910f to remote] DEBUG org.apache.http.headers - http-outgoing-18 >> Connection: Keep-Alive
12:51:32.459 [Forwarding findElement on session 02cef0f58a09e14fa89266f735ae910f to remote] DEBUG org.apache.http.headers - http-outgoing-18 >> User-Agent: Apache-HttpClient/4.5.3 (Java/1.8.0_211)
12:51:32.459 [Forwarding findElement on session 02cef0f58a09e14fa89266f735ae910f to remote] DEBUG org.apache.http.headers - http-outgoing-18 >> Accept-Encoding: gzip,deflate
12:51:32.459 [Forwarding findElement on session 02cef0f58a09e14fa89266f735ae910f to remote] DEBUG org.apache.http.wire - http-outgoing-18 >> "POST /session/02cef0f58a09e14fa89266f735ae910f/element HTTP/1.1[\r][\n]"
12:51:32.459 [Forwarding findElement on session 02cef0f58a09e14fa89266f735ae910f to remote] DEBUG org.apache.http.wire - http-outgoing-18 >> "Content-Type: application/json; charset=utf-8[\r][\n]"
12:51:32.459 [Forwarding findElement on session 02cef0f58a09e14fa89266f735ae910f to remote] DEBUG org.apache.http.wire - http-outgoing-18 >> "Content-Length: 85[\r][\n]"
12:51:32.459 [Forwarding findElement on session 02cef0f58a09e14fa89266f735ae910f to remote] DEBUG org.apache.http.wire - http-outgoing-18 >> "Host: localhost:43405[\r][\n]"
12:51:32.459 [Forwarding findElement on session 02cef0f58a09e14fa89266f735ae910f to remote] DEBUG org.apache.http.wire - http-outgoing-18 >> "Connection: Keep-Alive[\r][\n]"
12:51:32.459 [Forwarding findElement on session 02cef0f58a09e14fa89266f735ae910f to remote] DEBUG org.apache.http.wire - http-outgoing-18 >> "User-Agent: Apache-HttpClient/4.5.3 (Java/1.8.0_211)[\r][\n]"
12:51:32.459 [Forwarding findElement on session 02cef0f58a09e14fa89266f735ae910f to remote] DEBUG org.apache.http.wire - http-outgoing-18 >> "Accept-Encoding: gzip,deflate[\r][\n]"
12:51:32.459 [Forwarding findElement on session 02cef0f58a09e14fa89266f735ae910f to remote] DEBUG org.apache.http.wire - http-outgoing-18 >> "[\r][\n]"
12:51:32.459 [Forwarding findElement on session 02cef0f58a09e14fa89266f735ae910f to remote] DEBUG org.apache.http.wire - http-outgoing-18 >> "{"value":"/html/body/div[3]/div/div[1]/div/div/div[2]/div[4]/button","using":"xpath"}"
12:51:32.478 [Forwarding findElement on session 02cef0f58a09e14fa89266f735ae910f to remote] DEBUG org.apache.http.wire - http-outgoing-18 << "HTTP/1.1 200 OK[\r][\n]"
12:51:32.478 [Forwarding findElement on session 02cef0f58a09e14fa89266f735ae910f to remote] DEBUG org.apache.http.wire - http-outgoing-18 << "Content-Length:88[\r][\n]"
12:51:32.478 [Forwarding findElement on session 02cef0f58a09e14fa89266f735ae910f to remote] DEBUG org.apache.http.wire - http-outgoing-18 << "Content-Type:application/json; charset=utf-8[\r][\n]"
12:51:32.478 [Forwarding findElement on session 02cef0f58a09e14fa89266f735ae910f to remote] DEBUG org.apache.http.wire - http-outgoing-18 << "cache-control:no-cache[\r][\n]"
12:51:32.478 [Forwarding findElement on session 02cef0f58a09e14fa89266f735ae910f to remote] DEBUG org.apache.http.wire - http-outgoing-18 << "[\r][\n]"
12:51:32.478 [Forwarding findElement on session 02cef0f58a09e14fa89266f735ae910f to remote] DEBUG org.apache.http.wire - http-outgoing-18 << "{"value":{"element-6066-11e4-a52e-4f735466cecf":"6298cae8-e1ad-43f6-9e37-2f6f1d79c0bb"}}"
12:51:32.478 [Forwarding findElement on session 02cef0f58a09e14fa89266f735ae910f to remote] DEBUG org.apache.http.headers - http-outgoing-18 << HTTP/1.1 200 OK
12:51:32.478 [Forwarding findElement on session 02cef0f58a09e14fa89266f735ae910f to remote] DEBUG org.apache.http.headers - http-outgoing-18 << Content-Length:88
12:51:32.478 [Forwarding findElement on session 02cef0f58a09e14fa89266f735ae910f to remote] DEBUG org.apache.http.headers - http-outgoing-18 << Content-Type:application/json; charset=utf-8
12:51:32.478 [Forwarding findElement on session 02cef0f58a09e14fa89266f735ae910f to remote] DEBUG org.apache.http.headers - http-outgoing-18 << cache-control:no-cache
12:51:32.478 [Forwarding findElement on session 02cef0f58a09e14fa89266f735ae910f to remote] DEBUG org.apache.http.impl.execchain.MainClientExec - Connection can be kept alive indefinitely
12:51:32.478 [Forwarding findElement on session 02cef0f58a09e14fa89266f735ae910f to remote] DEBUG org.apache.http.impl.conn.PoolingHttpClientConnectionManager - Connection [id: 18][route: {}->http://localhost:43405] can be kept alive indefinitely
12:51:32.478 [Forwarding findElement on session 02cef0f58a09e14fa89266f735ae910f to remote] DEBUG org.apache.http.impl.conn.PoolingHttpClientConnectionManager - Connection released: [id: 18][route: {}->http://localhost:43405][total kept alive: 1; route allocated: 1 of 2000; total allocated: 1 of 2000]
12:51:32.479 [Forwarding clickElement on session 02cef0f58a09e14fa89266f735ae910f to remote] DEBUG org.apache.http.client.protocol.RequestAddCookies - CookieSpec selected: default
12:51:32.479 [Forwarding clickElement on session 02cef0f58a09e14fa89266f735ae910f to remote] DEBUG org.apache.http.client.protocol.RequestAuthCache - Auth cache not set in the context
12:51:32.479 [Forwarding clickElement on session 02cef0f58a09e14fa89266f735ae910f to remote] DEBUG org.apache.http.impl.conn.PoolingHttpClientConnectionManager - Connection request: [route: {}->http://localhost:43405][total kept alive: 1; route allocated: 1 of 2000; total allocated: 1 of 2000]
12:51:32.479 [Forwarding clickElement on session 02cef0f58a09e14fa89266f735ae910f to remote] DEBUG org.apache.http.impl.conn.PoolingHttpClientConnectionManager - Connection leased: [id: 18][route: {}->http://localhost:43405][total kept alive: 0; route allocated: 1 of 2000; total allocated: 1 of 2000]
12:51:32.479 [Forwarding clickElement on session 02cef0f58a09e14fa89266f735ae910f to remote] DEBUG org.apache.http.impl.execchain.MainClientExec - Stale connection check
12:51:32.481 [Forwarding clickElement on session 02cef0f58a09e14fa89266f735ae910f to remote] DEBUG org.apache.http.wire - http-outgoing-18 << "[read] I/O error: Read timed out"
12:51:32.481 [Forwarding clickElement on session 02cef0f58a09e14fa89266f735ae910f to remote] DEBUG org.apache.http.impl.conn.DefaultManagedHttpClientConnection - http-outgoing-18: set socket timeout to 10800000
12:51:32.481 [Forwarding clickElement on session 02cef0f58a09e14fa89266f735ae910f to remote] DEBUG org.apache.http.impl.execchain.MainClientExec - Executing request POST /session/02cef0f58a09e14fa89266f735ae910f/element/6298cae8-e1ad-43f6-9e37-2f6f1d79c0bb/click HTTP/1.1
12:51:32.481 [Forwarding clickElement on session 02cef0f58a09e14fa89266f735ae910f to remote] DEBUG org.apache.http.impl.execchain.MainClientExec - Target auth state: UNCHALLENGED
12:51:32.481 [Forwarding clickElement on session 02cef0f58a09e14fa89266f735ae910f to remote] DEBUG org.apache.http.impl.execchain.MainClientExec - Proxy auth state: UNCHALLENGED
12:51:32.481 [Forwarding clickElement on session 02cef0f58a09e14fa89266f735ae910f to remote] DEBUG org.apache.http.headers - http-outgoing-18 >> POST /session/02cef0f58a09e14fa89266f735ae910f/element/6298cae8-e1ad-43f6-9e37-2f6f1d79c0bb/click HTTP/1.1
12:51:32.481 [Forwarding clickElement on session 02cef0f58a09e14fa89266f735ae910f to remote] DEBUG org.apache.http.headers - http-outgoing-18 >> Content-Type: application/json; charset=utf-8
12:51:32.481 [Forwarding clickElement on session 02cef0f58a09e14fa89266f735ae910f to remote] DEBUG org.apache.http.headers - http-outgoing-18 >> Content-Length: 45
12:51:32.481 [Forwarding clickElement on session 02cef0f58a09e14fa89266f735ae910f to remote] DEBUG org.apache.http.headers - http-outgoing-18 >> Host: localhost:43405
12:51:32.481 [Forwarding clickElement on session 02cef0f58a09e14fa89266f735ae910f to remote] DEBUG org.apache.http.headers - http-outgoing-18 >> Connection: Keep-Alive
12:51:32.481 [Forwarding clickElement on session 02cef0f58a09e14fa89266f735ae910f to remote] DEBUG org.apache.http.headers - http-outgoing-18 >> User-Agent: Apache-HttpClient/4.5.3 (Java/1.8.0_211)
12:51:32.481 [Forwarding clickElement on session 02cef0f58a09e14fa89266f735ae910f to remote] DEBUG org.apache.http.headers - http-outgoing-18 >> Accept-Encoding: gzip,deflate
12:51:32.481 [Forwarding clickElement on session 02cef0f58a09e14fa89266f735ae910f to remote] DEBUG org.apache.http.wire - http-outgoing-18 >> "POST /session/02cef0f58a09e14fa89266f735ae910f/element/6298cae8-e1ad-43f6-9e37-2f6f1d79c0bb/click HTTP/1.1[\r][\n]"
12:51:32.481 [Forwarding clickElement on session 02cef0f58a09e14fa89266f735ae910f to remote] DEBUG org.apache.http.wire - http-outgoing-18 >> "Content-Type: application/json; charset=utf-8[\r][\n]"
12:51:32.481 [Forwarding clickElement on session 02cef0f58a09e14fa89266f735ae910f to remote] DEBUG org.apache.http.wire - http-outgoing-18 >> "Content-Length: 45[\r][\n]"
12:51:32.481 [Forwarding clickElement on session 02cef0f58a09e14fa89266f735ae910f to remote] DEBUG org.apache.http.wire - http-outgoing-18 >> "Host: localhost:43405[\r][\n]"
12:51:32.481 [Forwarding clickElement on session 02cef0f58a09e14fa89266f735ae910f to remote] DEBUG org.apache.http.wire - http-outgoing-18 >> "Connection: Keep-Alive[\r][\n]"
12:51:32.481 [Forwarding clickElement on session 02cef0f58a09e14fa89266f735ae910f to remote] DEBUG org.apache.http.wire - http-outgoing-18 >> "User-Agent: Apache-HttpClient/4.5.3 (Java/1.8.0_211)[\r][\n]"
12:51:32.481 [Forwarding clickElement on session 02cef0f58a09e14fa89266f735ae910f to remote] DEBUG org.apache.http.wire - http-outgoing-18 >> "Accept-Encoding: gzip,deflate[\r][\n]"
12:51:32.481 [Forwarding clickElement on session 02cef0f58a09e14fa89266f735ae910f to remote] DEBUG org.apache.http.wire - http-outgoing-18 >> "[\r][\n]"
12:51:32.481 [Forwarding clickElement on session 02cef0f58a09e14fa89266f735ae910f to remote] DEBUG org.apache.http.wire - http-outgoing-18 >> "{"id":"6298cae8-e1ad-43f6-9e37-2f6f1d79c0bb"}"
12:51:32.530 [Forwarding clickElement on session 02cef0f58a09e14fa89266f735ae910f to remote] DEBUG org.apache.http.wire - http-outgoing-18 << "HTTP/1.1 200 OK[\r][\n]"
12:51:32.530 [Forwarding clickElement on session 02cef0f58a09e14fa89266f735ae910f to remote] DEBUG org.apache.http.wire - http-outgoing-18 << "Content-Length:14[\r][\n]"
12:51:32.530 [Forwarding clickElement on session 02cef0f58a09e14fa89266f735ae910f to remote] DEBUG org.apache.http.wire - http-outgoing-18 << "Content-Type:application/json; charset=utf-8[\r][\n]"
12:51:32.530 [Forwarding clickElement on session 02cef0f58a09e14fa89266f735ae910f to remote] DEBUG org.apache.http.wire - http-outgoing-18 << "cache-control:no-cache[\r][\n]"
12:51:32.530 [Forwarding clickElement on session 02cef0f58a09e14fa89266f735ae910f to remote] DEBUG org.apache.http.wire - http-outgoing-18 << "[\r][\n]"
12:51:32.530 [Forwarding clickElement on session 02cef0f58a09e14fa89266f735ae910f to remote] DEBUG org.apache.http.wire - http-outgoing-18 << "{"value":null}"
12:51:32.530 [Forwarding clickElement on session 02cef0f58a09e14fa89266f735ae910f to remote] DEBUG org.apache.http.headers - http-outgoing-18 << HTTP/1.1 200 OK
12:51:32.530 [Forwarding clickElement on session 02cef0f58a09e14fa89266f735ae910f to remote] DEBUG org.apache.http.headers - http-outgoing-18 << Content-Length:14
12:51:32.530 [Forwarding clickElement on session 02cef0f58a09e14fa89266f735ae910f to remote] DEBUG org.apache.http.headers - http-outgoing-18 << Content-Type:application/json; charset=utf-8
12:51:32.530 [Forwarding clickElement on session 02cef0f58a09e14fa89266f735ae910f to remote] DEBUG org.apache.http.headers - http-outgoing-18 << cache-control:no-cache
12:51:32.530 [Forwarding clickElement on session 02cef0f58a09e14fa89266f735ae910f to remote] DEBUG org.apache.http.impl.execchain.MainClientExec - Connection can be kept alive indefinitely
12:51:32.530 [Forwarding clickElement on session 02cef0f58a09e14fa89266f735ae910f to remote] DEBUG org.apache.http.impl.conn.PoolingHttpClientConnectionManager - Connection [id: 18][route: {}->http://localhost:43405] can be kept alive indefinitely
12:51:32.530 [Forwarding clickElement on session 02cef0f58a09e14fa89266f735ae910f to remote] DEBUG org.apache.http.impl.conn.PoolingHttpClientConnectionManager - Connection released: [id: 18][route: {}->http://localhost:43405][total kept alive: 1; route allocated: 1 of 2000; total allocated: 1 of 2000]
已编译成功！
12:51:33.536 [Forwarding findElement on session 02cef0f58a09e14fa89266f735ae910f to remote] DEBUG org.apache.http.client.protocol.RequestAddCookies - CookieSpec selected: default
12:51:33.536 [Forwarding findElement on session 02cef0f58a09e14fa89266f735ae910f to remote] DEBUG org.apache.http.client.protocol.RequestAuthCache - Auth cache not set in the context
12:51:33.536 [Forwarding findElement on session 02cef0f58a09e14fa89266f735ae910f to remote] DEBUG org.apache.http.impl.conn.PoolingHttpClientConnectionManager - Connection request: [route: {}->http://localhost:43405][total kept alive: 1; route allocated: 1 of 2000; total allocated: 1 of 2000]
12:51:33.536 [Forwarding findElement on session 02cef0f58a09e14fa89266f735ae910f to remote] DEBUG org.apache.http.impl.conn.PoolingHttpClientConnectionManager - Connection leased: [id: 18][route: {}->http://localhost:43405][total kept alive: 0; route allocated: 1 of 2000; total allocated: 1 of 2000]
12:51:33.536 [Forwarding findElement on session 02cef0f58a09e14fa89266f735ae910f to remote] DEBUG org.apache.http.impl.execchain.MainClientExec - Stale connection check
12:51:33.538 [Forwarding findElement on session 02cef0f58a09e14fa89266f735ae910f to remote] DEBUG org.apache.http.wire - http-outgoing-18 << "[read] I/O error: Read timed out"
12:51:33.538 [Forwarding findElement on session 02cef0f58a09e14fa89266f735ae910f to remote] DEBUG org.apache.http.impl.conn.DefaultManagedHttpClientConnection - http-outgoing-18: set socket timeout to 10800000
12:51:33.538 [Forwarding findElement on session 02cef0f58a09e14fa89266f735ae910f to remote] DEBUG org.apache.http.impl.execchain.MainClientExec - Executing request POST /session/02cef0f58a09e14fa89266f735ae910f/element HTTP/1.1
12:51:33.538 [Forwarding findElement on session 02cef0f58a09e14fa89266f735ae910f to remote] DEBUG org.apache.http.impl.execchain.MainClientExec - Target auth state: UNCHALLENGED
12:51:33.538 [Forwarding findElement on session 02cef0f58a09e14fa89266f735ae910f to remote] DEBUG org.apache.http.impl.execchain.MainClientExec - Proxy auth state: UNCHALLENGED
12:51:33.538 [Forwarding findElement on session 02cef0f58a09e14fa89266f735ae910f to remote] DEBUG org.apache.http.headers - http-outgoing-18 >> POST /session/02cef0f58a09e14fa89266f735ae910f/element HTTP/1.1
12:51:33.538 [Forwarding findElement on session 02cef0f58a09e14fa89266f735ae910f to remote] DEBUG org.apache.http.headers - http-outgoing-18 >> Content-Type: application/json; charset=utf-8
12:51:33.538 [Forwarding findElement on session 02cef0f58a09e14fa89266f735ae910f to remote] DEBUG org.apache.http.headers - http-outgoing-18 >> Content-Length: 55
12:51:33.538 [Forwarding findElement on session 02cef0f58a09e14fa89266f735ae910f to remote] DEBUG org.apache.http.headers - http-outgoing-18 >> Host: localhost:43405
12:51:33.538 [Forwarding findElement on session 02cef0f58a09e14fa89266f735ae910f to remote] DEBUG org.apache.http.headers - http-outgoing-18 >> Connection: Keep-Alive
12:51:33.538 [Forwarding findElement on session 02cef0f58a09e14fa89266f735ae910f to remote] DEBUG org.apache.http.headers - http-outgoing-18 >> User-Agent: Apache-HttpClient/4.5.3 (Java/1.8.0_211)
12:51:33.538 [Forwarding findElement on session 02cef0f58a09e14fa89266f735ae910f to remote] DEBUG org.apache.http.headers - http-outgoing-18 >> Accept-Encoding: gzip,deflate
12:51:33.538 [Forwarding findElement on session 02cef0f58a09e14fa89266f735ae910f to remote] DEBUG org.apache.http.wire - http-outgoing-18 >> "POST /session/02cef0f58a09e14fa89266f735ae910f/element HTTP/1.1[\r][\n]"
12:51:33.538 [Forwarding findElement on session 02cef0f58a09e14fa89266f735ae910f to remote] DEBUG org.apache.http.wire - http-outgoing-18 >> "Content-Type: application/json; charset=utf-8[\r][\n]"
12:51:33.538 [Forwarding findElement on session 02cef0f58a09e14fa89266f735ae910f to remote] DEBUG org.apache.http.wire - http-outgoing-18 >> "Content-Length: 55[\r][\n]"
12:51:33.538 [Forwarding findElement on session 02cef0f58a09e14fa89266f735ae910f to remote] DEBUG org.apache.http.wire - http-outgoing-18 >> "Host: localhost:43405[\r][\n]"
12:51:33.538 [Forwarding findElement on session 02cef0f58a09e14fa89266f735ae910f to remote] DEBUG org.apache.http.wire - http-outgoing-18 >> "Connection: Keep-Alive[\r][\n]"
12:51:33.538 [Forwarding findElement on session 02cef0f58a09e14fa89266f735ae910f to remote] DEBUG org.apache.http.wire - http-outgoing-18 >> "User-Agent: Apache-HttpClient/4.5.3 (Java/1.8.0_211)[\r][\n]"
12:51:33.538 [Forwarding findElement on session 02cef0f58a09e14fa89266f735ae910f to remote] DEBUG org.apache.http.wire - http-outgoing-18 >> "Accept-Encoding: gzip,deflate[\r][\n]"
12:51:33.538 [Forwarding findElement on session 02cef0f58a09e14fa89266f735ae910f to remote] DEBUG org.apache.http.wire - http-outgoing-18 >> "[\r][\n]"
12:51:33.538 [Forwarding findElement on session 02cef0f58a09e14fa89266f735ae910f to remote] DEBUG org.apache.http.wire - http-outgoing-18 >> "{"value":".compile-button.ml-5","using":"css selector"}"
12:51:33.545 [Forwarding findElement on session 02cef0f58a09e14fa89266f735ae910f to remote] DEBUG org.apache.http.wire - http-outgoing-18 << "HTTP/1.1 200 OK[\r][\n]"
12:51:33.545 [Forwarding findElement on session 02cef0f58a09e14fa89266f735ae910f to remote] DEBUG org.apache.http.wire - http-outgoing-18 << "Content-Length:88[\r][\n]"
12:51:33.545 [Forwarding findElement on session 02cef0f58a09e14fa89266f735ae910f to remote] DEBUG org.apache.http.wire - http-outgoing-18 << "Content-Type:application/json; charset=utf-8[\r][\n]"
12:51:33.545 [Forwarding findElement on session 02cef0f58a09e14fa89266f735ae910f to remote] DEBUG org.apache.http.wire - http-outgoing-18 << "cache-control:no-cache[\r][\n]"
12:51:33.545 [Forwarding findElement on session 02cef0f58a09e14fa89266f735ae910f to remote] DEBUG org.apache.http.wire - http-outgoing-18 << "[\r][\n]"
12:51:33.545 [Forwarding findElement on session 02cef0f58a09e14fa89266f735ae910f to remote] DEBUG org.apache.http.wire - http-outgoing-18 << "{"value":{"element-6066-11e4-a52e-4f735466cecf":"88728a82-1b50-4a5e-b715-25c9683fb533"}}"
12:51:33.545 [Forwarding findElement on session 02cef0f58a09e14fa89266f735ae910f to remote] DEBUG org.apache.http.headers - http-outgoing-18 << HTTP/1.1 200 OK
12:51:33.545 [Forwarding findElement on session 02cef0f58a09e14fa89266f735ae910f to remote] DEBUG org.apache.http.headers - http-outgoing-18 << Content-Length:88
12:51:33.545 [Forwarding findElement on session 02cef0f58a09e14fa89266f735ae910f to remote] DEBUG org.apache.http.headers - http-outgoing-18 << Content-Type:application/json; charset=utf-8
12:51:33.545 [Forwarding findElement on session 02cef0f58a09e14fa89266f735ae910f to remote] DEBUG org.apache.http.headers - http-outgoing-18 << cache-control:no-cache
12:51:33.545 [Forwarding findElement on session 02cef0f58a09e14fa89266f735ae910f to remote] DEBUG org.apache.http.impl.execchain.MainClientExec - Connection can be kept alive indefinitely
12:51:33.545 [Forwarding findElement on session 02cef0f58a09e14fa89266f735ae910f to remote] DEBUG org.apache.http.impl.conn.PoolingHttpClientConnectionManager - Connection [id: 18][route: {}->http://localhost:43405] can be kept alive indefinitely
12:51:33.545 [Forwarding findElement on session 02cef0f58a09e14fa89266f735ae910f to remote] DEBUG org.apache.http.impl.conn.PoolingHttpClientConnectionManager - Connection released: [id: 18][route: {}->http://localhost:43405][total kept alive: 1; route allocated: 1 of 2000; total allocated: 1 of 2000]
12:51:33.546 [Forwarding clickElement on session 02cef0f58a09e14fa89266f735ae910f to remote] DEBUG org.apache.http.client.protocol.RequestAddCookies - CookieSpec selected: default
12:51:33.546 [Forwarding clickElement on session 02cef0f58a09e14fa89266f735ae910f to remote] DEBUG org.apache.http.client.protocol.RequestAuthCache - Auth cache not set in the context
12:51:33.546 [Forwarding clickElement on session 02cef0f58a09e14fa89266f735ae910f to remote] DEBUG org.apache.http.impl.conn.PoolingHttpClientConnectionManager - Connection request: [route: {}->http://localhost:43405][total kept alive: 1; route allocated: 1 of 2000; total allocated: 1 of 2000]
12:51:33.546 [Forwarding clickElement on session 02cef0f58a09e14fa89266f735ae910f to remote] DEBUG org.apache.http.impl.conn.PoolingHttpClientConnectionManager - Connection leased: [id: 18][route: {}->http://localhost:43405][total kept alive: 0; route allocated: 1 of 2000; total allocated: 1 of 2000]
12:51:33.546 [Forwarding clickElement on session 02cef0f58a09e14fa89266f735ae910f to remote] DEBUG org.apache.http.impl.execchain.MainClientExec - Stale connection check
12:51:33.547 [Forwarding clickElement on session 02cef0f58a09e14fa89266f735ae910f to remote] DEBUG org.apache.http.wire - http-outgoing-18 << "[read] I/O error: Read timed out"
12:51:33.547 [Forwarding clickElement on session 02cef0f58a09e14fa89266f735ae910f to remote] DEBUG org.apache.http.impl.conn.DefaultManagedHttpClientConnection - http-outgoing-18: set socket timeout to 10800000
12:51:33.547 [Forwarding clickElement on session 02cef0f58a09e14fa89266f735ae910f to remote] DEBUG org.apache.http.impl.execchain.MainClientExec - Executing request POST /session/02cef0f58a09e14fa89266f735ae910f/element/88728a82-1b50-4a5e-b715-25c9683fb533/click HTTP/1.1
12:51:33.547 [Forwarding clickElement on session 02cef0f58a09e14fa89266f735ae910f to remote] DEBUG org.apache.http.impl.execchain.MainClientExec - Target auth state: UNCHALLENGED
12:51:33.547 [Forwarding clickElement on session 02cef0f58a09e14fa89266f735ae910f to remote] DEBUG org.apache.http.impl.execchain.MainClientExec - Proxy auth state: UNCHALLENGED
12:51:33.547 [Forwarding clickElement on session 02cef0f58a09e14fa89266f735ae910f to remote] DEBUG org.apache.http.headers - http-outgoing-18 >> POST /session/02cef0f58a09e14fa89266f735ae910f/element/88728a82-1b50-4a5e-b715-25c9683fb533/click HTTP/1.1
12:51:33.547 [Forwarding clickElement on session 02cef0f58a09e14fa89266f735ae910f to remote] DEBUG org.apache.http.headers - http-outgoing-18 >> Content-Type: application/json; charset=utf-8
12:51:33.547 [Forwarding clickElement on session 02cef0f58a09e14fa89266f735ae910f to remote] DEBUG org.apache.http.headers - http-outgoing-18 >> Content-Length: 45
12:51:33.547 [Forwarding clickElement on session 02cef0f58a09e14fa89266f735ae910f to remote] DEBUG org.apache.http.headers - http-outgoing-18 >> Host: localhost:43405
12:51:33.547 [Forwarding clickElement on session 02cef0f58a09e14fa89266f735ae910f to remote] DEBUG org.apache.http.headers - http-outgoing-18 >> Connection: Keep-Alive
12:51:33.547 [Forwarding clickElement on session 02cef0f58a09e14fa89266f735ae910f to remote] DEBUG org.apache.http.headers - http-outgoing-18 >> User-Agent: Apache-HttpClient/4.5.3 (Java/1.8.0_211)
12:51:33.547 [Forwarding clickElement on session 02cef0f58a09e14fa89266f735ae910f to remote] DEBUG org.apache.http.headers - http-outgoing-18 >> Accept-Encoding: gzip,deflate
12:51:33.547 [Forwarding clickElement on session 02cef0f58a09e14fa89266f735ae910f to remote] DEBUG org.apache.http.wire - http-outgoing-18 >> "POST /session/02cef0f58a09e14fa89266f735ae910f/element/88728a82-1b50-4a5e-b715-25c9683fb533/click HTTP/1.1[\r][\n]"
12:51:33.547 [Forwarding clickElement on session 02cef0f58a09e14fa89266f735ae910f to remote] DEBUG org.apache.http.wire - http-outgoing-18 >> "Content-Type: application/json; charset=utf-8[\r][\n]"
12:51:33.547 [Forwarding clickElement on session 02cef0f58a09e14fa89266f735ae910f to remote] DEBUG org.apache.http.wire - http-outgoing-18 >> "Content-Length: 45[\r][\n]"
12:51:33.547 [Forwarding clickElement on session 02cef0f58a09e14fa89266f735ae910f to remote] DEBUG org.apache.http.wire - http-outgoing-18 >> "Host: localhost:43405[\r][\n]"
12:51:33.547 [Forwarding clickElement on session 02cef0f58a09e14fa89266f735ae910f to remote] DEBUG org.apache.http.wire - http-outgoing-18 >> "Connection: Keep-Alive[\r][\n]"
12:51:33.547 [Forwarding clickElement on session 02cef0f58a09e14fa89266f735ae910f to remote] DEBUG org.apache.http.wire - http-outgoing-18 >> "User-Agent: Apache-HttpClient/4.5.3 (Java/1.8.0_211)[\r][\n]"
12:51:33.547 [Forwarding clickElement on session 02cef0f58a09e14fa89266f735ae910f to remote] DEBUG org.apache.http.wire - http-outgoing-18 >> "Accept-Encoding: gzip,deflate[\r][\n]"
12:51:33.547 [Forwarding clickElement on session 02cef0f58a09e14fa89266f735ae910f to remote] DEBUG org.apache.http.wire - http-outgoing-18 >> "[\r][\n]"
12:51:33.547 [Forwarding clickElement on session 02cef0f58a09e14fa89266f735ae910f to remote] DEBUG org.apache.http.wire - http-outgoing-18 >> "{"id":"88728a82-1b50-4a5e-b715-25c9683fb533"}"
12:51:33.598 [Forwarding clickElement on session 02cef0f58a09e14fa89266f735ae910f to remote] DEBUG org.apache.http.wire - http-outgoing-18 << "HTTP/1.1 200 OK[\r][\n]"
12:51:33.598 [Forwarding clickElement on session 02cef0f58a09e14fa89266f735ae910f to remote] DEBUG org.apache.http.wire - http-outgoing-18 << "Content-Length:14[\r][\n]"
12:51:33.598 [Forwarding clickElement on session 02cef0f58a09e14fa89266f735ae910f to remote] DEBUG org.apache.http.wire - http-outgoing-18 << "Content-Type:application/json; charset=utf-8[\r][\n]"
12:51:33.598 [Forwarding clickElement on session 02cef0f58a09e14fa89266f735ae910f to remote] DEBUG org.apache.http.wire - http-outgoing-18 << "cache-control:no-cache[\r][\n]"
12:51:33.598 [Forwarding clickElement on session 02cef0f58a09e14fa89266f735ae910f to remote] DEBUG org.apache.http.wire - http-outgoing-18 << "[\r][\n]"
12:51:33.598 [Forwarding clickElement on session 02cef0f58a09e14fa89266f735ae910f to remote] DEBUG org.apache.http.wire - http-outgoing-18 << "{"value":null}"
12:51:33.598 [Forwarding clickElement on session 02cef0f58a09e14fa89266f735ae910f to remote] DEBUG org.apache.http.headers - http-outgoing-18 << HTTP/1.1 200 OK
12:51:33.598 [Forwarding clickElement on session 02cef0f58a09e14fa89266f735ae910f to remote] DEBUG org.apache.http.headers - http-outgoing-18 << Content-Length:14
12:51:33.598 [Forwarding clickElement on session 02cef0f58a09e14fa89266f735ae910f to remote] DEBUG org.apache.http.headers - http-outgoing-18 << Content-Type:application/json; charset=utf-8
12:51:33.598 [Forwarding clickElement on session 02cef0f58a09e14fa89266f735ae910f to remote] DEBUG org.apache.http.headers - http-outgoing-18 << cache-control:no-cache
12:51:33.598 [Forwarding clickElement on session 02cef0f58a09e14fa89266f735ae910f to remote] DEBUG org.apache.http.impl.execchain.MainClientExec - Connection can be kept alive indefinitely
12:51:33.599 [Forwarding clickElement on session 02cef0f58a09e14fa89266f735ae910f to remote] DEBUG org.apache.http.impl.conn.PoolingHttpClientConnectionManager - Connection [id: 18][route: {}->http://localhost:43405] can be kept alive indefinitely
12:51:33.599 [Forwarding clickElement on session 02cef0f58a09e14fa89266f735ae910f to remote] DEBUG org.apache.http.impl.conn.PoolingHttpClientConnectionManager - Connection released: [id: 18][route: {}->http://localhost:43405][total kept alive: 1; route allocated: 1 of 2000; total allocated: 1 of 2000]
12:51:33.599 [Forwarding findElement on session 02cef0f58a09e14fa89266f735ae910f to remote] DEBUG org.apache.http.client.protocol.RequestAddCookies - CookieSpec selected: default
12:51:33.599 [Forwarding findElement on session 02cef0f58a09e14fa89266f735ae910f to remote] DEBUG org.apache.http.client.protocol.RequestAuthCache - Auth cache not set in the context
12:51:33.599 [Forwarding findElement on session 02cef0f58a09e14fa89266f735ae910f to remote] DEBUG org.apache.http.impl.conn.PoolingHttpClientConnectionManager - Connection request: [route: {}->http://localhost:43405][total kept alive: 1; route allocated: 1 of 2000; total allocated: 1 of 2000]
12:51:33.599 [Forwarding findElement on session 02cef0f58a09e14fa89266f735ae910f to remote] DEBUG org.apache.http.impl.conn.PoolingHttpClientConnectionManager - Connection leased: [id: 18][route: {}->http://localhost:43405][total kept alive: 0; route allocated: 1 of 2000; total allocated: 1 of 2000]
12:51:33.599 [Forwarding findElement on session 02cef0f58a09e14fa89266f735ae910f to remote] DEBUG org.apache.http.impl.execchain.MainClientExec - Stale connection check
12:51:33.601 [Forwarding findElement on session 02cef0f58a09e14fa89266f735ae910f to remote] DEBUG org.apache.http.wire - http-outgoing-18 << "[read] I/O error: Read timed out"
12:51:33.601 [Forwarding findElement on session 02cef0f58a09e14fa89266f735ae910f to remote] DEBUG org.apache.http.impl.conn.DefaultManagedHttpClientConnection - http-outgoing-18: set socket timeout to 10800000
12:51:33.601 [Forwarding findElement on session 02cef0f58a09e14fa89266f735ae910f to remote] DEBUG org.apache.http.impl.execchain.MainClientExec - Executing request POST /session/02cef0f58a09e14fa89266f735ae910f/element HTTP/1.1
12:51:33.601 [Forwarding findElement on session 02cef0f58a09e14fa89266f735ae910f to remote] DEBUG org.apache.http.impl.execchain.MainClientExec - Target auth state: UNCHALLENGED
12:51:33.601 [Forwarding findElement on session 02cef0f58a09e14fa89266f735ae910f to remote] DEBUG org.apache.http.impl.execchain.MainClientExec - Proxy auth state: UNCHALLENGED
12:51:33.601 [Forwarding findElement on session 02cef0f58a09e14fa89266f735ae910f to remote] DEBUG org.apache.http.headers - http-outgoing-18 >> POST /session/02cef0f58a09e14fa89266f735ae910f/element HTTP/1.1
12:51:33.601 [Forwarding findElement on session 02cef0f58a09e14fa89266f735ae910f to remote] DEBUG org.apache.http.headers - http-outgoing-18 >> Content-Type: application/json; charset=utf-8
12:51:33.601 [Forwarding findElement on session 02cef0f58a09e14fa89266f735ae910f to remote] DEBUG org.apache.http.headers - http-outgoing-18 >> Content-Length: 85
12:51:33.601 [Forwarding findElement on session 02cef0f58a09e14fa89266f735ae910f to remote] DEBUG org.apache.http.headers - http-outgoing-18 >> Host: localhost:43405
12:51:33.601 [Forwarding findElement on session 02cef0f58a09e14fa89266f735ae910f to remote] DEBUG org.apache.http.headers - http-outgoing-18 >> Connection: Keep-Alive
12:51:33.601 [Forwarding findElement on session 02cef0f58a09e14fa89266f735ae910f to remote] DEBUG org.apache.http.headers - http-outgoing-18 >> User-Agent: Apache-HttpClient/4.5.3 (Java/1.8.0_211)
12:51:33.601 [Forwarding findElement on session 02cef0f58a09e14fa89266f735ae910f to remote] DEBUG org.apache.http.headers - http-outgoing-18 >> Accept-Encoding: gzip,deflate
12:51:33.601 [Forwarding findElement on session 02cef0f58a09e14fa89266f735ae910f to remote] DEBUG org.apache.http.wire - http-outgoing-18 >> "POST /session/02cef0f58a09e14fa89266f735ae910f/element HTTP/1.1[\r][\n]"
12:51:33.601 [Forwarding findElement on session 02cef0f58a09e14fa89266f735ae910f to remote] DEBUG org.apache.http.wire - http-outgoing-18 >> "Content-Type: application/json; charset=utf-8[\r][\n]"
12:51:33.601 [Forwarding findElement on session 02cef0f58a09e14fa89266f735ae910f to remote] DEBUG org.apache.http.wire - http-outgoing-18 >> "Content-Length: 85[\r][\n]"
12:51:33.601 [Forwarding findElement on session 02cef0f58a09e14fa89266f735ae910f to remote] DEBUG org.apache.http.wire - http-outgoing-18 >> "Host: localhost:43405[\r][\n]"
12:51:33.601 [Forwarding findElement on session 02cef0f58a09e14fa89266f735ae910f to remote] DEBUG org.apache.http.wire - http-outgoing-18 >> "Connection: Keep-Alive[\r][\n]"
12:51:33.601 [Forwarding findElement on session 02cef0f58a09e14fa89266f735ae910f to remote] DEBUG org.apache.http.wire - http-outgoing-18 >> "User-Agent: Apache-HttpClient/4.5.3 (Java/1.8.0_211)[\r][\n]"
12:51:33.601 [Forwarding findElement on session 02cef0f58a09e14fa89266f735ae910f to remote] DEBUG org.apache.http.wire - http-outgoing-18 >> "Accept-Encoding: gzip,deflate[\r][\n]"
12:51:33.601 [Forwarding findElement on session 02cef0f58a09e14fa89266f735ae910f to remote] DEBUG org.apache.http.wire - http-outgoing-18 >> "[\r][\n]"
12:51:33.601 [Forwarding findElement on session 02cef0f58a09e14fa89266f735ae910f to remote] DEBUG org.apache.http.wire - http-outgoing-18 >> "{"value":"/html/body/div[3]/div/div[1]/div/div/div[2]/div[7]/button","using":"xpath"}"
12:51:43.610 [Forwarding findElement on session 02cef0f58a09e14fa89266f735ae910f to remote] DEBUG org.apache.http.wire - http-outgoing-18 << "HTTP/1.1 404 Not Found[\r][\n]"
12:51:43.610 [Forwarding findElement on session 02cef0f58a09e14fa89266f735ae910f to remote] DEBUG org.apache.http.wire - http-outgoing-18 << "Content-Length:1891[\r][\n]"
12:51:43.610 [Forwarding findElement on session 02cef0f58a09e14fa89266f735ae910f to remote] DEBUG org.apache.http.wire - http-outgoing-18 << "Content-Type:application/json; charset=utf-8[\r][\n]"
12:51:43.610 [Forwarding findElement on session 02cef0f58a09e14fa89266f735ae910f to remote] DEBUG org.apache.http.wire - http-outgoing-18 << "cache-control:no-cache[\r][\n]"
12:51:43.610 [Forwarding findElement on session 02cef0f58a09e14fa89266f735ae910f to remote] DEBUG org.apache.http.wire - http-outgoing-18 << "[\r][\n]"
12:51:43.611 [Forwarding findElement on session 02cef0f58a09e14fa89266f735ae910f to remote] DEBUG org.apache.http.wire - http-outgoing-18 << "{"value":{"error":"no such element","message":"no such element: Unable to locate element: {\"method\":\"xpath\",\"selector\":\"/html/body/div[3]/div/div[1]/div/div/div[2]/div[7]/button\"}\n  (Session info: chrome=80.0.3987.149)","stacktrace":"0   chromedriver                        0x0000000104c19329 chromedriver + 3838761\n1   chromedriver                        0x0000000104bb3123 chromedriver + 3420451\n2   chromedriver                        0x000000010492762f chromedriver + 751151\n3   chromedriver                        0x0000000104895081 chromedriver + 151681\n4   chromedriver                        0x00000001048c0297 chromedriver + 328343\n5   chromedriver                        0x00000001048b14ed chromedriver + 267501\n6   chromedriver                        0x00000001048be38b chromedriver + 320395\n7   chromedriver                        0x00000001048b17b3 chromedriver + 268211\n8   chromedriver                        0x000000010488b0bd chromedriver + 110781\n9   chromedriver                        0x000000010488c055 chromedriver + 114773\n10  chromedriver                        0x0000000104bdaebf chromedriver + 3583679\n11  chromedriver                        0x0000000104be7e4a chromedriver + 3636810\n12  chromedriver                        0x0000000104be7be7 chromedriver + 3636199\n13  chromedriver                        0x0000000104bbe839 chromedriver + 3467321\n14  chromedriver                        0x0000000104be8707 chromedriver + 3639047\n15  chromedriver                        0x0000000104bd0cc7 chromedriver + 3542215\n16  chromedriver                        0x0000000104bfe324 chromedriver + 3728164\n17  chromedriver                        0x0000000104c1f387 chromedriver + 3863431\n18  libsystem_pthread.dylib             0x00007fff6e23ee65 _pthread_start + 148\n19  libsystem_pthread.dylib             0x00007fff6e23a83b thread_start + 15\n"}}"
12:51:43.611 [Forwarding findElement on session 02cef0f58a09e14fa89266f735ae910f to remote] DEBUG org.apache.http.headers - http-outgoing-18 << HTTP/1.1 404 Not Found
12:51:43.611 [Forwarding findElement on session 02cef0f58a09e14fa89266f735ae910f to remote] DEBUG org.apache.http.headers - http-outgoing-18 << Content-Length:1891
12:51:43.611 [Forwarding findElement on session 02cef0f58a09e14fa89266f735ae910f to remote] DEBUG org.apache.http.headers - http-outgoing-18 << Content-Type:application/json; charset=utf-8
12:51:43.611 [Forwarding findElement on session 02cef0f58a09e14fa89266f735ae910f to remote] DEBUG org.apache.http.headers - http-outgoing-18 << cache-control:no-cache
12:51:43.611 [Forwarding findElement on session 02cef0f58a09e14fa89266f735ae910f to remote] DEBUG org.apache.http.impl.execchain.MainClientExec - Connection can be kept alive indefinitely
12:51:43.611 [Forwarding findElement on session 02cef0f58a09e14fa89266f735ae910f to remote] DEBUG org.apache.http.impl.conn.PoolingHttpClientConnectionManager - Connection [id: 18][route: {}->http://localhost:43405] can be kept alive indefinitely
12:51:43.611 [Forwarding findElement on session 02cef0f58a09e14fa89266f735ae910f to remote] DEBUG org.apache.http.impl.conn.PoolingHttpClientConnectionManager - Connection released: [id: 18][route: {}->http://localhost:43405][total kept alive: 1; route allocated: 1 of 2000; total allocated: 1 of 2000]
]]></system-out>
  <system-err><![CDATA[Starting ChromeDriver 80.0.3987.106 (f68069574609230cf9b635cd784cfb1bf81bb53a-refs/branch-heads/3987@{#882}) on port 43405
Only local connections are allowed.
Please protect ports used by ChromeDriver and related test frameworks to prevent access by malicious code.
[1584679884.193][WARNING]: FromSockAddr failed on netmask
三月 20, 2020 12:51:24 下午 org.openqa.selenium.remote.ProtocolHandshake createSession
信息: Detected dialect: W3C
[1584679885.521][SEVERE]: Timed out receiving message from renderer: 0.100
[1584679885.622][SEVERE]: Timed out receiving message from renderer: 0.100
[1584679885.767][SEVERE]: Timed out receiving message from renderer: 0.100
[1584679885.868][SEVERE]: Timed out receiving message from renderer: 0.100
[1584679885.968][SEVERE]: Timed out receiving message from renderer: 0.100
[1584679886.069][SEVERE]: Timed out receiving message from renderer: 0.100
[1584679886.169][SEVERE]: Timed out receiving message from renderer: 0.100
[1584679886.271][SEVERE]: Timed out receiving message from renderer: 0.100
[1584679886.372][SEVERE]: Timed out receiving message from renderer: 0.100
[1584679886.642][SEVERE]: Timed out receiving message from renderer: 0.100
[1584679886.743][SEVERE]: Timed out receiving message from renderer: 0.100
[1584679886.966][SEVERE]: Timed out receiving message from renderer: 0.100
[1584679887.118][SEVERE]: Timed out receiving message from renderer: 0.100
[1584679887.219][SEVERE]: Timed out receiving message from renderer: 0.100
[1584679887.320][SEVERE]: Timed out receiving message from renderer: 0.100
[1584679887.424][SEVERE]: Timed out receiving message from renderer: 0.100
[1584679887.524][SEVERE]: Timed out receiving message from renderer: 0.100
]]></system-err>
</testsuite>
