<?xml version="1.0" encoding="UTF-8"?>
<testsuite name="tron.tronscan.tronscanUI.MtoS_TRX" tests="1" skipped="0" failures="1" errors="0" timestamp="2020-03-20T04:53:15" hostname="zhukaideiMac.local" time="10.598">
  <properties/>
  <testcase name="test" classname="tron.tronscan.tronscanUI.MtoS_TRX" time="10.598">
    <failure message="org.openqa.selenium.ElementNotInteractableException: element not interactable&#10;  (Session info: chrome=80.0.3987.149)&#10;Build info: version: '3.6.0', revision: '6fbf3ec767', time: '2017-09-27T15:28:36.4Z'&#10;System info: host: 'zhukaideiMac.local', ip: '127.0.0.1', os.name: 'Mac OS X', os.arch: 'x86_64', os.version: '10.15.3', java.version: '1.8.0_211'&#10;Driver info: org.openqa.selenium.chrome.ChromeDriver&#10;Capabilities [{networkConnectionEnabled=false, chrome={chromedriverVersion=80.0.3987.106 (f68069574609230cf9b635cd784cfb1bf81bb53a-refs/branch-heads/3987@{#882}), userDataDir=/var/folders/fs/0qxrqb5x7zg5dtqrhc9t0clm0000gn/T/.com.google.Chrome.fKU3I0}, timeouts={implicit=0, pageLoad=300000, script=30000}, pageLoadStrategy=normal, unhandledPromptBehavior=dismiss and notify, strictFileInteractability=false, platform=MAC, proxy=Proxy(), goog:chromeOptions={debuggerAddress=localhost:61333}, acceptInsecureCerts=false, browserVersion=80.0.3987.149, browserName=chrome, javascriptEnabled=true, platformName=MAC, setWindowRect=true}]&#10;Session ID: f065e6ddf4f6f11e56fefdd794c7af7f" type="org.openqa.selenium.ElementNotInteractableException">org.openqa.selenium.ElementNotInteractableException: element not interactable
  (Session info: chrome=80.0.3987.149)
Build info: version: '3.6.0', revision: '6fbf3ec767', time: '2017-09-27T15:28:36.4Z'
System info: host: 'zhukaideiMac.local', ip: '127.0.0.1', os.name: 'Mac OS X', os.arch: 'x86_64', os.version: '10.15.3', java.version: '1.8.0_211'
Driver info: org.openqa.selenium.chrome.ChromeDriver
Capabilities [{networkConnectionEnabled=false, chrome={chromedriverVersion=80.0.3987.106 (f68069574609230cf9b635cd784cfb1bf81bb53a-refs/branch-heads/3987@{#882}), userDataDir=/var/folders/fs/0qxrqb5x7zg5dtqrhc9t0clm0000gn/T/.com.google.Chrome.fKU3I0}, timeouts={implicit=0, pageLoad=300000, script=30000}, pageLoadStrategy=normal, unhandledPromptBehavior=dismiss and notify, strictFileInteractability=false, platform=MAC, proxy=Proxy(), goog:chromeOptions={debuggerAddress=localhost:61333}, acceptInsecureCerts=false, browserVersion=80.0.3987.149, browserName=chrome, javascriptEnabled=true, platformName=MAC, setWindowRect=true}]
Session ID: f065e6ddf4f6f11e56fefdd794c7af7f
	at sun.reflect.NativeConstructorAccessorImpl.newInstance0(Native Method)
	at sun.reflect.NativeConstructorAccessorImpl.newInstance(NativeConstructorAccessorImpl.java:62)
	at sun.reflect.DelegatingConstructorAccessorImpl.newInstance(DelegatingConstructorAccessorImpl.java:45)
	at java.lang.reflect.Constructor.newInstance(Constructor.java:423)
	at org.openqa.selenium.remote.http.W3CHttpResponseCodec.createException(W3CHttpResponseCodec.java:185)
	at org.openqa.selenium.remote.http.W3CHttpResponseCodec.decode(W3CHttpResponseCodec.java:120)
	at org.openqa.selenium.remote.http.W3CHttpResponseCodec.decode(W3CHttpResponseCodec.java:49)
	at org.openqa.selenium.remote.HttpCommandExecutor.execute(HttpCommandExecutor.java:164)
	at org.openqa.selenium.remote.service.DriverCommandExecutor.execute(DriverCommandExecutor.java:83)
	at org.openqa.selenium.remote.RemoteWebDriver.execute(RemoteWebDriver.java:586)
	at org.openqa.selenium.remote.RemoteWebElement.execute(RemoteWebElement.java:279)
	at org.openqa.selenium.remote.RemoteWebElement.click(RemoteWebElement.java:83)
	at tron.common.utils.Step.login(Step.java:27)
	at tron.tronscan.tronscanUI.MtoS_TRX.test(MtoS_TRX.java:32)
	at sun.reflect.NativeMethodAccessorImpl.invoke0(Native Method)
	at sun.reflect.NativeMethodAccessorImpl.invoke(NativeMethodAccessorImpl.java:62)
	at sun.reflect.DelegatingMethodAccessorImpl.invoke(DelegatingMethodAccessorImpl.java:43)
	at java.lang.reflect.Method.invoke(Method.java:498)
	at org.testng.internal.MethodInvocationHelper.invokeMethod(MethodInvocationHelper.java:124)
	at org.testng.internal.Invoker.invokeMethod(Invoker.java:583)
	at org.testng.internal.Invoker.invokeTestMethod(Invoker.java:719)
	at org.testng.internal.Invoker.invokeTestMethods(Invoker.java:989)
	at org.testng.internal.TestMethodWorker.invokeTestMethods(TestMethodWorker.java:125)
	at org.testng.internal.TestMethodWorker.run(TestMethodWorker.java:109)
	at org.testng.TestRunner.privateRun(TestRunner.java:648)
	at org.testng.TestRunner.run(TestRunner.java:505)
	at org.testng.SuiteRunner.runTest(SuiteRunner.java:455)
	at org.testng.SuiteRunner.runSequentially(SuiteRunner.java:450)
	at org.testng.SuiteRunner.privateRun(SuiteRunner.java:415)
	at org.testng.SuiteRunner.run(SuiteRunner.java:364)
	at org.testng.SuiteRunnerWorker.runSuite(SuiteRunnerWorker.java:52)
	at org.testng.SuiteRunnerWorker.run(SuiteRunnerWorker.java:84)
	at org.testng.TestNG.runSuitesSequentially(TestNG.java:1208)
	at org.testng.TestNG.runSuitesLocally(TestNG.java:1137)
	at org.testng.TestNG.runSuites(TestNG.java:1049)
	at org.testng.TestNG.run(TestNG.java:1017)
	at org.gradle.api.internal.tasks.testing.testng.TestNGTestClassProcessor.runTests(TestNGTestClassProcessor.java:139)
	at org.gradle.api.internal.tasks.testing.testng.TestNGTestClassProcessor.stop(TestNGTestClassProcessor.java:89)
	at org.gradle.api.internal.tasks.testing.SuiteTestClassProcessor.stop(SuiteTestClassProcessor.java:61)
	at sun.reflect.NativeMethodAccessorImpl.invoke0(Native Method)
	at sun.reflect.NativeMethodAccessorImpl.invoke(NativeMethodAccessorImpl.java:62)
	at sun.reflect.DelegatingMethodAccessorImpl.invoke(DelegatingMethodAccessorImpl.java:43)
	at java.lang.reflect.Method.invoke(Method.java:498)
	at org.gradle.internal.dispatch.ReflectionDispatch.dispatch(ReflectionDispatch.java:35)
	at org.gradle.internal.dispatch.ReflectionDispatch.dispatch(ReflectionDispatch.java:24)
	at org.gradle.internal.dispatch.ContextClassLoaderDispatch.dispatch(ContextClassLoaderDispatch.java:32)
	at org.gradle.internal.dispatch.ProxyDispatchAdapter$DispatchingInvocationHandler.invoke(ProxyDispatchAdapter.java:93)
	at com.sun.proxy.$Proxy2.stop(Unknown Source)
	at org.gradle.api.internal.tasks.testing.worker.TestWorker.stop(TestWorker.java:131)
	at sun.reflect.NativeMethodAccessorImpl.invoke0(Native Method)
	at sun.reflect.NativeMethodAccessorImpl.invoke(NativeMethodAccessorImpl.java:62)
	at sun.reflect.DelegatingMethodAccessorImpl.invoke(DelegatingMethodAccessorImpl.java:43)
	at java.lang.reflect.Method.invoke(Method.java:498)
	at org.gradle.internal.dispatch.ReflectionDispatch.dispatch(ReflectionDispatch.java:35)
	at org.gradle.internal.dispatch.ReflectionDispatch.dispatch(ReflectionDispatch.java:24)
	at org.gradle.internal.remote.internal.hub.MessageHubBackedObjectConnection$DispatchWrapper.dispatch(MessageHubBackedObjectConnection.java:155)
	at org.gradle.internal.remote.internal.hub.MessageHubBackedObjectConnection$DispatchWrapper.dispatch(MessageHubBackedObjectConnection.java:137)
	at org.gradle.internal.remote.internal.hub.MessageHub$Handler.run(MessageHub.java:404)
	at org.gradle.internal.concurrent.ExecutorPolicy$CatchAndRecordFailures.onExecute(ExecutorPolicy.java:63)
	at org.gradle.internal.concurrent.ManagedExecutorImpl$1.run(ManagedExecutorImpl.java:46)
	at java.util.concurrent.ThreadPoolExecutor.runWorker(ThreadPoolExecutor.java:1149)
	at java.util.concurrent.ThreadPoolExecutor$Worker.run(ThreadPoolExecutor.java:624)
	at org.gradle.internal.concurrent.ThreadFactoryImpl$ManagedThreadRunnable.run(ThreadFactoryImpl.java:55)
	at java.lang.Thread.run(Thread.java:748)
</failure>
  </testcase>
  <system-out><![CDATA[12:53:12.499 [Forwarding newSession on session null to remote] DEBUG org.apache.http.client.protocol.RequestAddCookies - CookieSpec selected: default
12:53:12.499 [Forwarding newSession on session null to remote] DEBUG org.apache.http.client.protocol.RequestAuthCache - Auth cache not set in the context
12:53:12.499 [Forwarding newSession on session null to remote] DEBUG org.apache.http.impl.conn.PoolingHttpClientConnectionManager - Connection request: [route: {}->http://localhost:36222][total kept alive: 6; route allocated: 0 of 2000; total allocated: 6 of 2000]
12:53:12.499 [Forwarding newSession on session null to remote] DEBUG org.apache.http.impl.conn.PoolingHttpClientConnectionManager - Connection leased: [id: 24][route: {}->http://localhost:36222][total kept alive: 6; route allocated: 1 of 2000; total allocated: 7 of 2000]
12:53:12.499 [Forwarding newSession on session null to remote] DEBUG org.apache.http.impl.execchain.MainClientExec - Opening connection {}->http://localhost:36222
12:53:12.499 [Forwarding newSession on session null to remote] DEBUG org.apache.http.impl.conn.DefaultHttpClientConnectionOperator - Connecting to localhost/127.0.0.1:36222
12:53:12.499 [Forwarding newSession on session null to remote] DEBUG org.apache.http.impl.conn.DefaultHttpClientConnectionOperator - Connection established 127.0.0.1:61324<->127.0.0.1:36222
12:53:12.499 [Forwarding newSession on session null to remote] DEBUG org.apache.http.impl.conn.DefaultManagedHttpClientConnection - http-outgoing-24: set socket timeout to 10800000
12:53:12.499 [Forwarding newSession on session null to remote] DEBUG org.apache.http.impl.execchain.MainClientExec - Executing request POST /session HTTP/1.1
12:53:12.499 [Forwarding newSession on session null to remote] DEBUG org.apache.http.impl.execchain.MainClientExec - Target auth state: UNCHALLENGED
12:53:12.499 [Forwarding newSession on session null to remote] DEBUG org.apache.http.impl.execchain.MainClientExec - Proxy auth state: UNCHALLENGED
12:53:12.500 [Forwarding newSession on session null to remote] DEBUG org.apache.http.headers - http-outgoing-24 >> POST /session HTTP/1.1
12:53:12.500 [Forwarding newSession on session null to remote] DEBUG org.apache.http.headers - http-outgoing-24 >> Content-Type: application/json; charset=utf-8
12:53:12.500 [Forwarding newSession on session null to remote] DEBUG org.apache.http.headers - http-outgoing-24 >> Content-Length: 560
12:53:12.500 [Forwarding newSession on session null to remote] DEBUG org.apache.http.headers - http-outgoing-24 >> Host: localhost:36222
12:53:12.500 [Forwarding newSession on session null to remote] DEBUG org.apache.http.headers - http-outgoing-24 >> Connection: Keep-Alive
12:53:12.500 [Forwarding newSession on session null to remote] DEBUG org.apache.http.headers - http-outgoing-24 >> User-Agent: Apache-HttpClient/4.5.3 (Java/1.8.0_211)
12:53:12.500 [Forwarding newSession on session null to remote] DEBUG org.apache.http.headers - http-outgoing-24 >> Accept-Encoding: gzip,deflate
12:53:12.500 [Forwarding newSession on session null to remote] DEBUG org.apache.http.wire - http-outgoing-24 >> "POST /session HTTP/1.1[\r][\n]"
12:53:12.500 [Forwarding newSession on session null to remote] DEBUG org.apache.http.wire - http-outgoing-24 >> "Content-Type: application/json; charset=utf-8[\r][\n]"
12:53:12.500 [Forwarding newSession on session null to remote] DEBUG org.apache.http.wire - http-outgoing-24 >> "Content-Length: 560[\r][\n]"
12:53:12.500 [Forwarding newSession on session null to remote] DEBUG org.apache.http.wire - http-outgoing-24 >> "Host: localhost:36222[\r][\n]"
12:53:12.500 [Forwarding newSession on session null to remote] DEBUG org.apache.http.wire - http-outgoing-24 >> "Connection: Keep-Alive[\r][\n]"
12:53:12.500 [Forwarding newSession on session null to remote] DEBUG org.apache.http.wire - http-outgoing-24 >> "User-Agent: Apache-HttpClient/4.5.3 (Java/1.8.0_211)[\r][\n]"
12:53:12.500 [Forwarding newSession on session null to remote] DEBUG org.apache.http.wire - http-outgoing-24 >> "Accept-Encoding: gzip,deflate[\r][\n]"
12:53:12.500 [Forwarding newSession on session null to remote] DEBUG org.apache.http.wire - http-outgoing-24 >> "[\r][\n]"
12:53:12.500 [Forwarding newSession on session null to remote] DEBUG org.apache.http.wire - http-outgoing-24 >> "{[\n]"
12:53:12.500 [Forwarding newSession on session null to remote] DEBUG org.apache.http.wire - http-outgoing-24 >> "  "desiredCapabilities": {[\n]"
12:53:12.500 [Forwarding newSession on session null to remote] DEBUG org.apache.http.wire - http-outgoing-24 >> "    "browserName": "chrome",[\n]"
12:53:12.500 [Forwarding newSession on session null to remote] DEBUG org.apache.http.wire - http-outgoing-24 >> "    "goog:chromeOptions": {[\n]"
12:53:12.500 [Forwarding newSession on session null to remote] DEBUG org.apache.http.wire - http-outgoing-24 >> "      "args": [],[\n]"
12:53:12.500 [Forwarding newSession on session null to remote] DEBUG org.apache.http.wire - http-outgoing-24 >> "      "extensions": [][\n]"
12:53:12.500 [Forwarding newSession on session null to remote] DEBUG org.apache.http.wire - http-outgoing-24 >> "    }[\n]"
12:53:12.500 [Forwarding newSession on session null to remote] DEBUG org.apache.http.wire - http-outgoing-24 >> "  },[\n]"
12:53:12.500 [Forwarding newSession on session null to remote] DEBUG org.apache.http.wire - http-outgoing-24 >> "  "requiredCapabilities": {},[\n]"
12:53:12.500 [Forwarding newSession on session null to remote] DEBUG org.apache.http.wire - http-outgoing-24 >> "  "capabilities": {[\n]"
12:53:12.500 [Forwarding newSession on session null to remote] DEBUG org.apache.http.wire - http-outgoing-24 >> "    "desiredCapabilities": {[\n]"
12:53:12.500 [Forwarding newSession on session null to remote] DEBUG org.apache.http.wire - http-outgoing-24 >> "      "browserName": "chrome",[\n]"
12:53:12.500 [Forwarding newSession on session null to remote] DEBUG org.apache.http.wire - http-outgoing-24 >> "      "goog:chromeOptions": {[\n]"
12:53:12.500 [Forwarding newSession on session null to remote] DEBUG org.apache.http.wire - http-outgoing-24 >> "        "args": [],[\n]"
12:53:12.500 [Forwarding newSession on session null to remote] DEBUG org.apache.http.wire - http-outgoing-24 >> "        "extensions": [][\n]"
12:53:12.500 [Forwarding newSession on session null to remote] DEBUG org.apache.http.wire - http-outgoing-24 >> "      }[\n]"
12:53:12.500 [Forwarding newSession on session null to remote] DEBUG org.apache.http.wire - http-outgoing-24 >> "    },[\n]"
12:53:12.500 [Forwarding newSession on session null to remote] DEBUG org.apache.http.wire - http-outgoing-24 >> "    "requiredCapabilities": {},[\n]"
12:53:12.500 [Forwarding newSession on session null to remote] DEBUG org.apache.http.wire - http-outgoing-24 >> "    "alwaysMatch": {[\n]"
12:53:12.500 [Forwarding newSession on session null to remote] DEBUG org.apache.http.wire - http-outgoing-24 >> "      "goog:chromeOptions": {[\n]"
12:53:12.500 [Forwarding newSession on session null to remote] DEBUG org.apache.http.wire - http-outgoing-24 >> "        "args": [],[\n]"
12:53:12.500 [Forwarding newSession on session null to remote] DEBUG org.apache.http.wire - http-outgoing-24 >> "        "extensions": [][\n]"
12:53:12.500 [Forwarding newSession on session null to remote] DEBUG org.apache.http.wire - http-outgoing-24 >> "      }[\n]"
12:53:12.500 [Forwarding newSession on session null to remote] DEBUG org.apache.http.wire - http-outgoing-24 >> "    },[\n]"
12:53:12.500 [Forwarding newSession on session null to remote] DEBUG org.apache.http.wire - http-outgoing-24 >> "    "firstMatch": [[\n]"
12:53:12.500 [Forwarding newSession on session null to remote] DEBUG org.apache.http.wire - http-outgoing-24 >> "      {[\n]"
12:53:12.500 [Forwarding newSession on session null to remote] DEBUG org.apache.http.wire - http-outgoing-24 >> "        "browserName": "chrome"[\n]"
12:53:12.500 [Forwarding newSession on session null to remote] DEBUG org.apache.http.wire - http-outgoing-24 >> "      }[\n]"
12:53:12.500 [Forwarding newSession on session null to remote] DEBUG org.apache.http.wire - http-outgoing-24 >> "    ][\n]"
12:53:12.500 [Forwarding newSession on session null to remote] DEBUG org.apache.http.wire - http-outgoing-24 >> "  }[\n]"
12:53:12.500 [Forwarding newSession on session null to remote] DEBUG org.apache.http.wire - http-outgoing-24 >> "}"
12:53:13.065 [Forwarding newSession on session null to remote] DEBUG org.apache.http.wire - http-outgoing-24 << "HTTP/1.1 200 OK[\r][\n]"
12:53:13.065 [Forwarding newSession on session null to remote] DEBUG org.apache.http.wire - http-outgoing-24 << "Content-Length:690[\r][\n]"
12:53:13.065 [Forwarding newSession on session null to remote] DEBUG org.apache.http.wire - http-outgoing-24 << "Content-Type:application/json; charset=utf-8[\r][\n]"
12:53:13.065 [Forwarding newSession on session null to remote] DEBUG org.apache.http.wire - http-outgoing-24 << "cache-control:no-cache[\r][\n]"
12:53:13.065 [Forwarding newSession on session null to remote] DEBUG org.apache.http.wire - http-outgoing-24 << "[\r][\n]"
12:53:13.065 [Forwarding newSession on session null to remote] DEBUG org.apache.http.wire - http-outgoing-24 << "{"value":{"capabilities":{"acceptInsecureCerts":false,"browserName":"chrome","browserVersion":"80.0.3987.149","chrome":{"chromedriverVersion":"80.0.3987.106 (f68069574609230cf9b635cd784cfb1bf81bb53a-refs/branch-heads/3987@{#882})","userDataDir":"/var/folders/fs/0qxrqb5x7zg5dtqrhc9t0clm0000gn/T/.com.google.Chrome.fKU3I0"},"goog:chromeOptions":{"debuggerAddress":"localhost:61333"},"networkConnectionEnabled":false,"pageLoadStrategy":"normal","platformName":"mac os x","proxy":{},"setWindowRect":true,"strictFileInteractability":false,"timeouts":{"implicit":0,"pageLoad":300000,"script":30000},"unhandledPromptBehavior":"dismiss and notify"},"sessionId":"f065e6ddf4f6f11e56fefdd794c7af7f"}}"
12:53:13.065 [Forwarding newSession on session null to remote] DEBUG org.apache.http.headers - http-outgoing-24 << HTTP/1.1 200 OK
12:53:13.065 [Forwarding newSession on session null to remote] DEBUG org.apache.http.headers - http-outgoing-24 << Content-Length:690
12:53:13.065 [Forwarding newSession on session null to remote] DEBUG org.apache.http.headers - http-outgoing-24 << Content-Type:application/json; charset=utf-8
12:53:13.065 [Forwarding newSession on session null to remote] DEBUG org.apache.http.headers - http-outgoing-24 << cache-control:no-cache
12:53:13.065 [Forwarding newSession on session null to remote] DEBUG org.apache.http.impl.execchain.MainClientExec - Connection can be kept alive indefinitely
12:53:13.065 [Forwarding newSession on session null to remote] DEBUG org.apache.http.impl.conn.PoolingHttpClientConnectionManager - Connection [id: 24][route: {}->http://localhost:36222] can be kept alive indefinitely
12:53:13.065 [Forwarding newSession on session null to remote] DEBUG org.apache.http.impl.conn.PoolingHttpClientConnectionManager - Connection released: [id: 24][route: {}->http://localhost:36222][total kept alive: 7; route allocated: 1 of 2000; total allocated: 7 of 2000]
12:53:13.067 [Forwarding get on session f065e6ddf4f6f11e56fefdd794c7af7f to remote] DEBUG org.apache.http.client.protocol.RequestAddCookies - CookieSpec selected: default
12:53:13.067 [Forwarding get on session f065e6ddf4f6f11e56fefdd794c7af7f to remote] DEBUG org.apache.http.client.protocol.RequestAuthCache - Auth cache not set in the context
12:53:13.067 [Forwarding get on session f065e6ddf4f6f11e56fefdd794c7af7f to remote] DEBUG org.apache.http.impl.conn.PoolingHttpClientConnectionManager - Connection request: [route: {}->http://localhost:36222][total kept alive: 7; route allocated: 1 of 2000; total allocated: 7 of 2000]
12:53:13.067 [Forwarding get on session f065e6ddf4f6f11e56fefdd794c7af7f to remote] DEBUG org.apache.http.impl.conn.PoolingHttpClientConnectionManager - Connection leased: [id: 24][route: {}->http://localhost:36222][total kept alive: 6; route allocated: 1 of 2000; total allocated: 7 of 2000]
12:53:13.067 [Forwarding get on session f065e6ddf4f6f11e56fefdd794c7af7f to remote] DEBUG org.apache.http.impl.execchain.MainClientExec - Stale connection check
12:53:13.068 [Forwarding get on session f065e6ddf4f6f11e56fefdd794c7af7f to remote] DEBUG org.apache.http.wire - http-outgoing-24 << "[read] I/O error: Read timed out"
12:53:13.068 [Forwarding get on session f065e6ddf4f6f11e56fefdd794c7af7f to remote] DEBUG org.apache.http.impl.conn.DefaultManagedHttpClientConnection - http-outgoing-24: set socket timeout to 10800000
12:53:13.068 [Forwarding get on session f065e6ddf4f6f11e56fefdd794c7af7f to remote] DEBUG org.apache.http.impl.execchain.MainClientExec - Executing request POST /session/f065e6ddf4f6f11e56fefdd794c7af7f/url HTTP/1.1
12:53:13.068 [Forwarding get on session f065e6ddf4f6f11e56fefdd794c7af7f to remote] DEBUG org.apache.http.impl.execchain.MainClientExec - Target auth state: UNCHALLENGED
12:53:13.068 [Forwarding get on session f065e6ddf4f6f11e56fefdd794c7af7f to remote] DEBUG org.apache.http.impl.execchain.MainClientExec - Proxy auth state: UNCHALLENGED
12:53:13.068 [Forwarding get on session f065e6ddf4f6f11e56fefdd794c7af7f to remote] DEBUG org.apache.http.headers - http-outgoing-24 >> POST /session/f065e6ddf4f6f11e56fefdd794c7af7f/url HTTP/1.1
12:53:13.068 [Forwarding get on session f065e6ddf4f6f11e56fefdd794c7af7f to remote] DEBUG org.apache.http.headers - http-outgoing-24 >> Content-Type: application/json; charset=utf-8
12:53:13.068 [Forwarding get on session f065e6ddf4f6f11e56fefdd794c7af7f to remote] DEBUG org.apache.http.headers - http-outgoing-24 >> Content-Length: 33
12:53:13.068 [Forwarding get on session f065e6ddf4f6f11e56fefdd794c7af7f to remote] DEBUG org.apache.http.headers - http-outgoing-24 >> Host: localhost:36222
12:53:13.068 [Forwarding get on session f065e6ddf4f6f11e56fefdd794c7af7f to remote] DEBUG org.apache.http.headers - http-outgoing-24 >> Connection: Keep-Alive
12:53:13.068 [Forwarding get on session f065e6ddf4f6f11e56fefdd794c7af7f to remote] DEBUG org.apache.http.headers - http-outgoing-24 >> User-Agent: Apache-HttpClient/4.5.3 (Java/1.8.0_211)
12:53:13.068 [Forwarding get on session f065e6ddf4f6f11e56fefdd794c7af7f to remote] DEBUG org.apache.http.headers - http-outgoing-24 >> Accept-Encoding: gzip,deflate
12:53:13.068 [Forwarding get on session f065e6ddf4f6f11e56fefdd794c7af7f to remote] DEBUG org.apache.http.wire - http-outgoing-24 >> "POST /session/f065e6ddf4f6f11e56fefdd794c7af7f/url HTTP/1.1[\r][\n]"
12:53:13.068 [Forwarding get on session f065e6ddf4f6f11e56fefdd794c7af7f to remote] DEBUG org.apache.http.wire - http-outgoing-24 >> "Content-Type: application/json; charset=utf-8[\r][\n]"
12:53:13.068 [Forwarding get on session f065e6ddf4f6f11e56fefdd794c7af7f to remote] DEBUG org.apache.http.wire - http-outgoing-24 >> "Content-Length: 33[\r][\n]"
12:53:13.068 [Forwarding get on session f065e6ddf4f6f11e56fefdd794c7af7f to remote] DEBUG org.apache.http.wire - http-outgoing-24 >> "Host: localhost:36222[\r][\n]"
12:53:13.068 [Forwarding get on session f065e6ddf4f6f11e56fefdd794c7af7f to remote] DEBUG org.apache.http.wire - http-outgoing-24 >> "Connection: Keep-Alive[\r][\n]"
12:53:13.068 [Forwarding get on session f065e6ddf4f6f11e56fefdd794c7af7f to remote] DEBUG org.apache.http.wire - http-outgoing-24 >> "User-Agent: Apache-HttpClient/4.5.3 (Java/1.8.0_211)[\r][\n]"
12:53:13.068 [Forwarding get on session f065e6ddf4f6f11e56fefdd794c7af7f to remote] DEBUG org.apache.http.wire - http-outgoing-24 >> "Accept-Encoding: gzip,deflate[\r][\n]"
12:53:13.068 [Forwarding get on session f065e6ddf4f6f11e56fefdd794c7af7f to remote] DEBUG org.apache.http.wire - http-outgoing-24 >> "[\r][\n]"
12:53:13.068 [Forwarding get on session f065e6ddf4f6f11e56fefdd794c7af7f to remote] DEBUG org.apache.http.wire - http-outgoing-24 >> "{"url":"https://tronscan.org/#/"}"
12:53:15.873 [Forwarding get on session f065e6ddf4f6f11e56fefdd794c7af7f to remote] DEBUG org.apache.http.wire - http-outgoing-24 << "HTTP/1.1 200 OK[\r][\n]"
12:53:15.873 [Forwarding get on session f065e6ddf4f6f11e56fefdd794c7af7f to remote] DEBUG org.apache.http.wire - http-outgoing-24 << "Content-Length:14[\r][\n]"
12:53:15.873 [Forwarding get on session f065e6ddf4f6f11e56fefdd794c7af7f to remote] DEBUG org.apache.http.wire - http-outgoing-24 << "Content-Type:application/json; charset=utf-8[\r][\n]"
12:53:15.873 [Forwarding get on session f065e6ddf4f6f11e56fefdd794c7af7f to remote] DEBUG org.apache.http.wire - http-outgoing-24 << "cache-control:no-cache[\r][\n]"
12:53:15.873 [Forwarding get on session f065e6ddf4f6f11e56fefdd794c7af7f to remote] DEBUG org.apache.http.wire - http-outgoing-24 << "[\r][\n]"
12:53:15.873 [Forwarding get on session f065e6ddf4f6f11e56fefdd794c7af7f to remote] DEBUG org.apache.http.wire - http-outgoing-24 << "{"value":null}"
12:53:15.873 [Forwarding get on session f065e6ddf4f6f11e56fefdd794c7af7f to remote] DEBUG org.apache.http.headers - http-outgoing-24 << HTTP/1.1 200 OK
12:53:15.873 [Forwarding get on session f065e6ddf4f6f11e56fefdd794c7af7f to remote] DEBUG org.apache.http.headers - http-outgoing-24 << Content-Length:14
12:53:15.873 [Forwarding get on session f065e6ddf4f6f11e56fefdd794c7af7f to remote] DEBUG org.apache.http.headers - http-outgoing-24 << Content-Type:application/json; charset=utf-8
12:53:15.873 [Forwarding get on session f065e6ddf4f6f11e56fefdd794c7af7f to remote] DEBUG org.apache.http.headers - http-outgoing-24 << cache-control:no-cache
12:53:15.873 [Forwarding get on session f065e6ddf4f6f11e56fefdd794c7af7f to remote] DEBUG org.apache.http.impl.execchain.MainClientExec - Connection can be kept alive indefinitely
12:53:15.873 [Forwarding get on session f065e6ddf4f6f11e56fefdd794c7af7f to remote] DEBUG org.apache.http.impl.conn.PoolingHttpClientConnectionManager - Connection [id: 24][route: {}->http://localhost:36222] can be kept alive indefinitely
12:53:15.873 [Forwarding get on session f065e6ddf4f6f11e56fefdd794c7af7f to remote] DEBUG org.apache.http.impl.conn.PoolingHttpClientConnectionManager - Connection released: [id: 24][route: {}->http://localhost:36222][total kept alive: 7; route allocated: 1 of 2000; total allocated: 7 of 2000]
成功打开谷歌浏览器！
12:53:15.874 [Forwarding setTimeout on session f065e6ddf4f6f11e56fefdd794c7af7f to remote] DEBUG org.apache.http.client.protocol.RequestAddCookies - CookieSpec selected: default
12:53:15.874 [Forwarding setTimeout on session f065e6ddf4f6f11e56fefdd794c7af7f to remote] DEBUG org.apache.http.client.protocol.RequestAuthCache - Auth cache not set in the context
12:53:15.874 [Forwarding setTimeout on session f065e6ddf4f6f11e56fefdd794c7af7f to remote] DEBUG org.apache.http.impl.conn.PoolingHttpClientConnectionManager - Connection request: [route: {}->http://localhost:36222][total kept alive: 7; route allocated: 1 of 2000; total allocated: 7 of 2000]
12:53:15.874 [Forwarding setTimeout on session f065e6ddf4f6f11e56fefdd794c7af7f to remote] DEBUG org.apache.http.impl.conn.PoolingHttpClientConnectionManager - Connection leased: [id: 24][route: {}->http://localhost:36222][total kept alive: 6; route allocated: 1 of 2000; total allocated: 7 of 2000]
12:53:15.874 [Forwarding setTimeout on session f065e6ddf4f6f11e56fefdd794c7af7f to remote] DEBUG org.apache.http.impl.execchain.MainClientExec - Stale connection check
12:53:15.875 [Forwarding setTimeout on session f065e6ddf4f6f11e56fefdd794c7af7f to remote] DEBUG org.apache.http.wire - http-outgoing-24 << "[read] I/O error: Read timed out"
12:53:15.875 [Forwarding setTimeout on session f065e6ddf4f6f11e56fefdd794c7af7f to remote] DEBUG org.apache.http.impl.conn.DefaultManagedHttpClientConnection - http-outgoing-24: set socket timeout to 10800000
12:53:15.875 [Forwarding setTimeout on session f065e6ddf4f6f11e56fefdd794c7af7f to remote] DEBUG org.apache.http.impl.execchain.MainClientExec - Executing request POST /session/f065e6ddf4f6f11e56fefdd794c7af7f/timeouts HTTP/1.1
12:53:15.875 [Forwarding setTimeout on session f065e6ddf4f6f11e56fefdd794c7af7f to remote] DEBUG org.apache.http.impl.execchain.MainClientExec - Target auth state: UNCHALLENGED
12:53:15.875 [Forwarding setTimeout on session f065e6ddf4f6f11e56fefdd794c7af7f to remote] DEBUG org.apache.http.impl.execchain.MainClientExec - Proxy auth state: UNCHALLENGED
12:53:15.875 [Forwarding setTimeout on session f065e6ddf4f6f11e56fefdd794c7af7f to remote] DEBUG org.apache.http.headers - http-outgoing-24 >> POST /session/f065e6ddf4f6f11e56fefdd794c7af7f/timeouts HTTP/1.1
12:53:15.875 [Forwarding setTimeout on session f065e6ddf4f6f11e56fefdd794c7af7f to remote] DEBUG org.apache.http.headers - http-outgoing-24 >> Content-Type: application/json; charset=utf-8
12:53:15.875 [Forwarding setTimeout on session f065e6ddf4f6f11e56fefdd794c7af7f to remote] DEBUG org.apache.http.headers - http-outgoing-24 >> Content-Length: 18
12:53:15.875 [Forwarding setTimeout on session f065e6ddf4f6f11e56fefdd794c7af7f to remote] DEBUG org.apache.http.headers - http-outgoing-24 >> Host: localhost:36222
12:53:15.875 [Forwarding setTimeout on session f065e6ddf4f6f11e56fefdd794c7af7f to remote] DEBUG org.apache.http.headers - http-outgoing-24 >> Connection: Keep-Alive
12:53:15.875 [Forwarding setTimeout on session f065e6ddf4f6f11e56fefdd794c7af7f to remote] DEBUG org.apache.http.headers - http-outgoing-24 >> User-Agent: Apache-HttpClient/4.5.3 (Java/1.8.0_211)
12:53:15.875 [Forwarding setTimeout on session f065e6ddf4f6f11e56fefdd794c7af7f to remote] DEBUG org.apache.http.headers - http-outgoing-24 >> Accept-Encoding: gzip,deflate
12:53:15.875 [Forwarding setTimeout on session f065e6ddf4f6f11e56fefdd794c7af7f to remote] DEBUG org.apache.http.wire - http-outgoing-24 >> "POST /session/f065e6ddf4f6f11e56fefdd794c7af7f/timeouts HTTP/1.1[\r][\n]"
12:53:15.875 [Forwarding setTimeout on session f065e6ddf4f6f11e56fefdd794c7af7f to remote] DEBUG org.apache.http.wire - http-outgoing-24 >> "Content-Type: application/json; charset=utf-8[\r][\n]"
12:53:15.875 [Forwarding setTimeout on session f065e6ddf4f6f11e56fefdd794c7af7f to remote] DEBUG org.apache.http.wire - http-outgoing-24 >> "Content-Length: 18[\r][\n]"
12:53:15.875 [Forwarding setTimeout on session f065e6ddf4f6f11e56fefdd794c7af7f to remote] DEBUG org.apache.http.wire - http-outgoing-24 >> "Host: localhost:36222[\r][\n]"
12:53:15.875 [Forwarding setTimeout on session f065e6ddf4f6f11e56fefdd794c7af7f to remote] DEBUG org.apache.http.wire - http-outgoing-24 >> "Connection: Keep-Alive[\r][\n]"
12:53:15.875 [Forwarding setTimeout on session f065e6ddf4f6f11e56fefdd794c7af7f to remote] DEBUG org.apache.http.wire - http-outgoing-24 >> "User-Agent: Apache-HttpClient/4.5.3 (Java/1.8.0_211)[\r][\n]"
12:53:15.875 [Forwarding setTimeout on session f065e6ddf4f6f11e56fefdd794c7af7f to remote] DEBUG org.apache.http.wire - http-outgoing-24 >> "Accept-Encoding: gzip,deflate[\r][\n]"
12:53:15.875 [Forwarding setTimeout on session f065e6ddf4f6f11e56fefdd794c7af7f to remote] DEBUG org.apache.http.wire - http-outgoing-24 >> "[\r][\n]"
12:53:15.875 [Forwarding setTimeout on session f065e6ddf4f6f11e56fefdd794c7af7f to remote] DEBUG org.apache.http.wire - http-outgoing-24 >> "{"implicit":10000}"
12:53:15.875 [Forwarding setTimeout on session f065e6ddf4f6f11e56fefdd794c7af7f to remote] DEBUG org.apache.http.wire - http-outgoing-24 << "HTTP/1.1 200 OK[\r][\n]"
12:53:15.875 [Forwarding setTimeout on session f065e6ddf4f6f11e56fefdd794c7af7f to remote] DEBUG org.apache.http.wire - http-outgoing-24 << "Content-Length:14[\r][\n]"
12:53:15.875 [Forwarding setTimeout on session f065e6ddf4f6f11e56fefdd794c7af7f to remote] DEBUG org.apache.http.wire - http-outgoing-24 << "Content-Type:application/json; charset=utf-8[\r][\n]"
12:53:15.875 [Forwarding setTimeout on session f065e6ddf4f6f11e56fefdd794c7af7f to remote] DEBUG org.apache.http.wire - http-outgoing-24 << "cache-control:no-cache[\r][\n]"
12:53:15.875 [Forwarding setTimeout on session f065e6ddf4f6f11e56fefdd794c7af7f to remote] DEBUG org.apache.http.wire - http-outgoing-24 << "[\r][\n]"
12:53:15.875 [Forwarding setTimeout on session f065e6ddf4f6f11e56fefdd794c7af7f to remote] DEBUG org.apache.http.wire - http-outgoing-24 << "{"value":null}"
12:53:15.875 [Forwarding setTimeout on session f065e6ddf4f6f11e56fefdd794c7af7f to remote] DEBUG org.apache.http.headers - http-outgoing-24 << HTTP/1.1 200 OK
12:53:15.875 [Forwarding setTimeout on session f065e6ddf4f6f11e56fefdd794c7af7f to remote] DEBUG org.apache.http.headers - http-outgoing-24 << Content-Length:14
12:53:15.875 [Forwarding setTimeout on session f065e6ddf4f6f11e56fefdd794c7af7f to remote] DEBUG org.apache.http.headers - http-outgoing-24 << Content-Type:application/json; charset=utf-8
12:53:15.875 [Forwarding setTimeout on session f065e6ddf4f6f11e56fefdd794c7af7f to remote] DEBUG org.apache.http.headers - http-outgoing-24 << cache-control:no-cache
12:53:15.875 [Forwarding setTimeout on session f065e6ddf4f6f11e56fefdd794c7af7f to remote] DEBUG org.apache.http.impl.execchain.MainClientExec - Connection can be kept alive indefinitely
12:53:15.875 [Forwarding setTimeout on session f065e6ddf4f6f11e56fefdd794c7af7f to remote] DEBUG org.apache.http.impl.conn.PoolingHttpClientConnectionManager - Connection [id: 24][route: {}->http://localhost:36222] can be kept alive indefinitely
12:53:15.875 [Forwarding setTimeout on session f065e6ddf4f6f11e56fefdd794c7af7f to remote] DEBUG org.apache.http.impl.conn.PoolingHttpClientConnectionManager - Connection released: [id: 24][route: {}->http://localhost:36222][total kept alive: 7; route allocated: 1 of 2000; total allocated: 7 of 2000]
LOGIN
12:53:15.876 [Forwarding setCurrentWindowSize on session f065e6ddf4f6f11e56fefdd794c7af7f to remote] DEBUG org.apache.http.client.protocol.RequestAddCookies - CookieSpec selected: default
12:53:15.876 [Forwarding setCurrentWindowSize on session f065e6ddf4f6f11e56fefdd794c7af7f to remote] DEBUG org.apache.http.client.protocol.RequestAuthCache - Auth cache not set in the context
12:53:15.876 [Forwarding setCurrentWindowSize on session f065e6ddf4f6f11e56fefdd794c7af7f to remote] DEBUG org.apache.http.impl.conn.PoolingHttpClientConnectionManager - Connection request: [route: {}->http://localhost:36222][total kept alive: 7; route allocated: 1 of 2000; total allocated: 7 of 2000]
12:53:15.876 [Forwarding setCurrentWindowSize on session f065e6ddf4f6f11e56fefdd794c7af7f to remote] DEBUG org.apache.http.impl.conn.PoolingHttpClientConnectionManager - Connection leased: [id: 24][route: {}->http://localhost:36222][total kept alive: 6; route allocated: 1 of 2000; total allocated: 7 of 2000]
12:53:15.876 [Forwarding setCurrentWindowSize on session f065e6ddf4f6f11e56fefdd794c7af7f to remote] DEBUG org.apache.http.impl.execchain.MainClientExec - Stale connection check
12:53:15.877 [Forwarding setCurrentWindowSize on session f065e6ddf4f6f11e56fefdd794c7af7f to remote] DEBUG org.apache.http.wire - http-outgoing-24 << "[read] I/O error: Read timed out"
12:53:15.878 [Forwarding setCurrentWindowSize on session f065e6ddf4f6f11e56fefdd794c7af7f to remote] DEBUG org.apache.http.impl.conn.DefaultManagedHttpClientConnection - http-outgoing-24: set socket timeout to 10800000
12:53:15.878 [Forwarding setCurrentWindowSize on session f065e6ddf4f6f11e56fefdd794c7af7f to remote] DEBUG org.apache.http.impl.execchain.MainClientExec - Executing request POST /session/f065e6ddf4f6f11e56fefdd794c7af7f/window/rect HTTP/1.1
12:53:15.878 [Forwarding setCurrentWindowSize on session f065e6ddf4f6f11e56fefdd794c7af7f to remote] DEBUG org.apache.http.impl.execchain.MainClientExec - Target auth state: UNCHALLENGED
12:53:15.878 [Forwarding setCurrentWindowSize on session f065e6ddf4f6f11e56fefdd794c7af7f to remote] DEBUG org.apache.http.impl.execchain.MainClientExec - Proxy auth state: UNCHALLENGED
12:53:15.878 [Forwarding setCurrentWindowSize on session f065e6ddf4f6f11e56fefdd794c7af7f to remote] DEBUG org.apache.http.headers - http-outgoing-24 >> POST /session/f065e6ddf4f6f11e56fefdd794c7af7f/window/rect HTTP/1.1
12:53:15.878 [Forwarding setCurrentWindowSize on session f065e6ddf4f6f11e56fefdd794c7af7f to remote] DEBUG org.apache.http.headers - http-outgoing-24 >> Content-Type: application/json; charset=utf-8
12:53:15.878 [Forwarding setCurrentWindowSize on session f065e6ddf4f6f11e56fefdd794c7af7f to remote] DEBUG org.apache.http.headers - http-outgoing-24 >> Content-Length: 28
12:53:15.878 [Forwarding setCurrentWindowSize on session f065e6ddf4f6f11e56fefdd794c7af7f to remote] DEBUG org.apache.http.headers - http-outgoing-24 >> Host: localhost:36222
12:53:15.878 [Forwarding setCurrentWindowSize on session f065e6ddf4f6f11e56fefdd794c7af7f to remote] DEBUG org.apache.http.headers - http-outgoing-24 >> Connection: Keep-Alive
12:53:15.878 [Forwarding setCurrentWindowSize on session f065e6ddf4f6f11e56fefdd794c7af7f to remote] DEBUG org.apache.http.headers - http-outgoing-24 >> User-Agent: Apache-HttpClient/4.5.3 (Java/1.8.0_211)
12:53:15.878 [Forwarding setCurrentWindowSize on session f065e6ddf4f6f11e56fefdd794c7af7f to remote] DEBUG org.apache.http.headers - http-outgoing-24 >> Accept-Encoding: gzip,deflate
12:53:15.878 [Forwarding setCurrentWindowSize on session f065e6ddf4f6f11e56fefdd794c7af7f to remote] DEBUG org.apache.http.wire - http-outgoing-24 >> "POST /session/f065e6ddf4f6f11e56fefdd794c7af7f/window/rect HTTP/1.1[\r][\n]"
12:53:15.878 [Forwarding setCurrentWindowSize on session f065e6ddf4f6f11e56fefdd794c7af7f to remote] DEBUG org.apache.http.wire - http-outgoing-24 >> "Content-Type: application/json; charset=utf-8[\r][\n]"
12:53:15.878 [Forwarding setCurrentWindowSize on session f065e6ddf4f6f11e56fefdd794c7af7f to remote] DEBUG org.apache.http.wire - http-outgoing-24 >> "Content-Length: 28[\r][\n]"
12:53:15.878 [Forwarding setCurrentWindowSize on session f065e6ddf4f6f11e56fefdd794c7af7f to remote] DEBUG org.apache.http.wire - http-outgoing-24 >> "Host: localhost:36222[\r][\n]"
12:53:15.878 [Forwarding setCurrentWindowSize on session f065e6ddf4f6f11e56fefdd794c7af7f to remote] DEBUG org.apache.http.wire - http-outgoing-24 >> "Connection: Keep-Alive[\r][\n]"
12:53:15.878 [Forwarding setCurrentWindowSize on session f065e6ddf4f6f11e56fefdd794c7af7f to remote] DEBUG org.apache.http.wire - http-outgoing-24 >> "User-Agent: Apache-HttpClient/4.5.3 (Java/1.8.0_211)[\r][\n]"
12:53:15.878 [Forwarding setCurrentWindowSize on session f065e6ddf4f6f11e56fefdd794c7af7f to remote] DEBUG org.apache.http.wire - http-outgoing-24 >> "Accept-Encoding: gzip,deflate[\r][\n]"
12:53:15.878 [Forwarding setCurrentWindowSize on session f065e6ddf4f6f11e56fefdd794c7af7f to remote] DEBUG org.apache.http.wire - http-outgoing-24 >> "[\r][\n]"
12:53:15.878 [Forwarding setCurrentWindowSize on session f065e6ddf4f6f11e56fefdd794c7af7f to remote] DEBUG org.apache.http.wire - http-outgoing-24 >> "{"width":2560,"height":1440}"
12:53:16.084 [Forwarding setCurrentWindowSize on session f065e6ddf4f6f11e56fefdd794c7af7f to remote] DEBUG org.apache.http.wire - http-outgoing-24 << "HTTP/1.1 200 OK[\r][\n]"
12:53:16.084 [Forwarding setCurrentWindowSize on session f065e6ddf4f6f11e56fefdd794c7af7f to remote] DEBUG org.apache.http.wire - http-outgoing-24 << "Content-Length:52[\r][\n]"
12:53:16.084 [Forwarding setCurrentWindowSize on session f065e6ddf4f6f11e56fefdd794c7af7f to remote] DEBUG org.apache.http.wire - http-outgoing-24 << "Content-Type:application/json; charset=utf-8[\r][\n]"
12:53:16.084 [Forwarding setCurrentWindowSize on session f065e6ddf4f6f11e56fefdd794c7af7f to remote] DEBUG org.apache.http.wire - http-outgoing-24 << "cache-control:no-cache[\r][\n]"
12:53:16.084 [Forwarding setCurrentWindowSize on session f065e6ddf4f6f11e56fefdd794c7af7f to remote] DEBUG org.apache.http.wire - http-outgoing-24 << "[\r][\n]"
12:53:16.084 [Forwarding setCurrentWindowSize on session f065e6ddf4f6f11e56fefdd794c7af7f to remote] DEBUG org.apache.http.wire - http-outgoing-24 << "{"value":{"height":1366,"width":2560,"x":22,"y":23}}"
12:53:16.084 [Forwarding setCurrentWindowSize on session f065e6ddf4f6f11e56fefdd794c7af7f to remote] DEBUG org.apache.http.headers - http-outgoing-24 << HTTP/1.1 200 OK
12:53:16.084 [Forwarding setCurrentWindowSize on session f065e6ddf4f6f11e56fefdd794c7af7f to remote] DEBUG org.apache.http.headers - http-outgoing-24 << Content-Length:52
12:53:16.084 [Forwarding setCurrentWindowSize on session f065e6ddf4f6f11e56fefdd794c7af7f to remote] DEBUG org.apache.http.headers - http-outgoing-24 << Content-Type:application/json; charset=utf-8
12:53:16.084 [Forwarding setCurrentWindowSize on session f065e6ddf4f6f11e56fefdd794c7af7f to remote] DEBUG org.apache.http.headers - http-outgoing-24 << cache-control:no-cache
12:53:16.084 [Forwarding setCurrentWindowSize on session f065e6ddf4f6f11e56fefdd794c7af7f to remote] DEBUG org.apache.http.impl.execchain.MainClientExec - Connection can be kept alive indefinitely
12:53:16.084 [Forwarding setCurrentWindowSize on session f065e6ddf4f6f11e56fefdd794c7af7f to remote] DEBUG org.apache.http.impl.conn.PoolingHttpClientConnectionManager - Connection [id: 24][route: {}->http://localhost:36222] can be kept alive indefinitely
12:53:16.084 [Forwarding setCurrentWindowSize on session f065e6ddf4f6f11e56fefdd794c7af7f to remote] DEBUG org.apache.http.impl.conn.PoolingHttpClientConnectionManager - Connection released: [id: 24][route: {}->http://localhost:36222][total kept alive: 7; route allocated: 1 of 2000; total allocated: 7 of 2000]
12:53:16.286 [Forwarding findElement on session f065e6ddf4f6f11e56fefdd794c7af7f to remote] DEBUG org.apache.http.client.protocol.RequestAddCookies - CookieSpec selected: default
12:53:16.287 [Forwarding findElement on session f065e6ddf4f6f11e56fefdd794c7af7f to remote] DEBUG org.apache.http.client.protocol.RequestAuthCache - Auth cache not set in the context
12:53:16.287 [Forwarding findElement on session f065e6ddf4f6f11e56fefdd794c7af7f to remote] DEBUG org.apache.http.impl.conn.PoolingHttpClientConnectionManager - Connection request: [route: {}->http://localhost:36222][total kept alive: 7; route allocated: 1 of 2000; total allocated: 7 of 2000]
12:53:16.287 [Forwarding findElement on session f065e6ddf4f6f11e56fefdd794c7af7f to remote] DEBUG org.apache.http.impl.conn.PoolingHttpClientConnectionManager - Connection leased: [id: 24][route: {}->http://localhost:36222][total kept alive: 6; route allocated: 1 of 2000; total allocated: 7 of 2000]
12:53:16.287 [Forwarding findElement on session f065e6ddf4f6f11e56fefdd794c7af7f to remote] DEBUG org.apache.http.impl.execchain.MainClientExec - Stale connection check
12:53:16.288 [Forwarding findElement on session f065e6ddf4f6f11e56fefdd794c7af7f to remote] DEBUG org.apache.http.wire - http-outgoing-24 << "[read] I/O error: Read timed out"
12:53:16.288 [Forwarding findElement on session f065e6ddf4f6f11e56fefdd794c7af7f to remote] DEBUG org.apache.http.impl.conn.DefaultManagedHttpClientConnection - http-outgoing-24: set socket timeout to 10800000
12:53:16.288 [Forwarding findElement on session f065e6ddf4f6f11e56fefdd794c7af7f to remote] DEBUG org.apache.http.impl.execchain.MainClientExec - Executing request POST /session/f065e6ddf4f6f11e56fefdd794c7af7f/element HTTP/1.1
12:53:16.288 [Forwarding findElement on session f065e6ddf4f6f11e56fefdd794c7af7f to remote] DEBUG org.apache.http.impl.execchain.MainClientExec - Target auth state: UNCHALLENGED
12:53:16.288 [Forwarding findElement on session f065e6ddf4f6f11e56fefdd794c7af7f to remote] DEBUG org.apache.http.impl.execchain.MainClientExec - Proxy auth state: UNCHALLENGED
12:53:16.288 [Forwarding findElement on session f065e6ddf4f6f11e56fefdd794c7af7f to remote] DEBUG org.apache.http.headers - http-outgoing-24 >> POST /session/f065e6ddf4f6f11e56fefdd794c7af7f/element HTTP/1.1
12:53:16.288 [Forwarding findElement on session f065e6ddf4f6f11e56fefdd794c7af7f to remote] DEBUG org.apache.http.headers - http-outgoing-24 >> Content-Type: application/json; charset=utf-8
12:53:16.288 [Forwarding findElement on session f065e6ddf4f6f11e56fefdd794c7af7f to remote] DEBUG org.apache.http.headers - http-outgoing-24 >> Content-Length: 58
12:53:16.288 [Forwarding findElement on session f065e6ddf4f6f11e56fefdd794c7af7f to remote] DEBUG org.apache.http.headers - http-outgoing-24 >> Host: localhost:36222
12:53:16.288 [Forwarding findElement on session f065e6ddf4f6f11e56fefdd794c7af7f to remote] DEBUG org.apache.http.headers - http-outgoing-24 >> Connection: Keep-Alive
12:53:16.288 [Forwarding findElement on session f065e6ddf4f6f11e56fefdd794c7af7f to remote] DEBUG org.apache.http.headers - http-outgoing-24 >> User-Agent: Apache-HttpClient/4.5.3 (Java/1.8.0_211)
12:53:16.288 [Forwarding findElement on session f065e6ddf4f6f11e56fefdd794c7af7f to remote] DEBUG org.apache.http.headers - http-outgoing-24 >> Accept-Encoding: gzip,deflate
12:53:16.288 [Forwarding findElement on session f065e6ddf4f6f11e56fefdd794c7af7f to remote] DEBUG org.apache.http.wire - http-outgoing-24 >> "POST /session/f065e6ddf4f6f11e56fefdd794c7af7f/element HTTP/1.1[\r][\n]"
12:53:16.288 [Forwarding findElement on session f065e6ddf4f6f11e56fefdd794c7af7f to remote] DEBUG org.apache.http.wire - http-outgoing-24 >> "Content-Type: application/json; charset=utf-8[\r][\n]"
12:53:16.288 [Forwarding findElement on session f065e6ddf4f6f11e56fefdd794c7af7f to remote] DEBUG org.apache.http.wire - http-outgoing-24 >> "Content-Length: 58[\r][\n]"
12:53:16.288 [Forwarding findElement on session f065e6ddf4f6f11e56fefdd794c7af7f to remote] DEBUG org.apache.http.wire - http-outgoing-24 >> "Host: localhost:36222[\r][\n]"
12:53:16.288 [Forwarding findElement on session f065e6ddf4f6f11e56fefdd794c7af7f to remote] DEBUG org.apache.http.wire - http-outgoing-24 >> "Connection: Keep-Alive[\r][\n]"
12:53:16.288 [Forwarding findElement on session f065e6ddf4f6f11e56fefdd794c7af7f to remote] DEBUG org.apache.http.wire - http-outgoing-24 >> "User-Agent: Apache-HttpClient/4.5.3 (Java/1.8.0_211)[\r][\n]"
12:53:16.288 [Forwarding findElement on session f065e6ddf4f6f11e56fefdd794c7af7f to remote] DEBUG org.apache.http.wire - http-outgoing-24 >> "Accept-Encoding: gzip,deflate[\r][\n]"
12:53:16.288 [Forwarding findElement on session f065e6ddf4f6f11e56fefdd794c7af7f to remote] DEBUG org.apache.http.wire - http-outgoing-24 >> "[\r][\n]"
12:53:16.288 [Forwarding findElement on session f065e6ddf4f6f11e56fefdd794c7af7f to remote] DEBUG org.apache.http.wire - http-outgoing-24 >> "{"value":".dropdown-toggle > span","using":"css selector"}"
12:53:16.301 [Forwarding findElement on session f065e6ddf4f6f11e56fefdd794c7af7f to remote] DEBUG org.apache.http.wire - http-outgoing-24 << "HTTP/1.1 200 OK[\r][\n]"
12:53:16.301 [Forwarding findElement on session f065e6ddf4f6f11e56fefdd794c7af7f to remote] DEBUG org.apache.http.wire - http-outgoing-24 << "Content-Length:88[\r][\n]"
12:53:16.301 [Forwarding findElement on session f065e6ddf4f6f11e56fefdd794c7af7f to remote] DEBUG org.apache.http.wire - http-outgoing-24 << "Content-Type:application/json; charset=utf-8[\r][\n]"
12:53:16.301 [Forwarding findElement on session f065e6ddf4f6f11e56fefdd794c7af7f to remote] DEBUG org.apache.http.wire - http-outgoing-24 << "cache-control:no-cache[\r][\n]"
12:53:16.301 [Forwarding findElement on session f065e6ddf4f6f11e56fefdd794c7af7f to remote] DEBUG org.apache.http.wire - http-outgoing-24 << "[\r][\n]"
12:53:16.301 [Forwarding findElement on session f065e6ddf4f6f11e56fefdd794c7af7f to remote] DEBUG org.apache.http.wire - http-outgoing-24 << "{"value":{"element-6066-11e4-a52e-4f735466cecf":"4ec42e5f-96cc-49f4-9bec-42f90b173f4c"}}"
12:53:16.302 [Forwarding findElement on session f065e6ddf4f6f11e56fefdd794c7af7f to remote] DEBUG org.apache.http.headers - http-outgoing-24 << HTTP/1.1 200 OK
12:53:16.302 [Forwarding findElement on session f065e6ddf4f6f11e56fefdd794c7af7f to remote] DEBUG org.apache.http.headers - http-outgoing-24 << Content-Length:88
12:53:16.302 [Forwarding findElement on session f065e6ddf4f6f11e56fefdd794c7af7f to remote] DEBUG org.apache.http.headers - http-outgoing-24 << Content-Type:application/json; charset=utf-8
12:53:16.302 [Forwarding findElement on session f065e6ddf4f6f11e56fefdd794c7af7f to remote] DEBUG org.apache.http.headers - http-outgoing-24 << cache-control:no-cache
12:53:16.302 [Forwarding findElement on session f065e6ddf4f6f11e56fefdd794c7af7f to remote] DEBUG org.apache.http.impl.execchain.MainClientExec - Connection can be kept alive indefinitely
12:53:16.302 [Forwarding findElement on session f065e6ddf4f6f11e56fefdd794c7af7f to remote] DEBUG org.apache.http.impl.conn.PoolingHttpClientConnectionManager - Connection [id: 24][route: {}->http://localhost:36222] can be kept alive indefinitely
12:53:16.302 [Forwarding findElement on session f065e6ddf4f6f11e56fefdd794c7af7f to remote] DEBUG org.apache.http.impl.conn.PoolingHttpClientConnectionManager - Connection released: [id: 24][route: {}->http://localhost:36222][total kept alive: 7; route allocated: 1 of 2000; total allocated: 7 of 2000]
12:53:16.302 [Forwarding actions on session f065e6ddf4f6f11e56fefdd794c7af7f to remote] DEBUG org.apache.http.client.protocol.RequestAddCookies - CookieSpec selected: default
12:53:16.302 [Forwarding actions on session f065e6ddf4f6f11e56fefdd794c7af7f to remote] DEBUG org.apache.http.client.protocol.RequestAuthCache - Auth cache not set in the context
12:53:16.302 [Forwarding actions on session f065e6ddf4f6f11e56fefdd794c7af7f to remote] DEBUG org.apache.http.impl.conn.PoolingHttpClientConnectionManager - Connection request: [route: {}->http://localhost:36222][total kept alive: 7; route allocated: 1 of 2000; total allocated: 7 of 2000]
12:53:16.302 [Forwarding actions on session f065e6ddf4f6f11e56fefdd794c7af7f to remote] DEBUG org.apache.http.impl.conn.PoolingHttpClientConnectionManager - Connection leased: [id: 24][route: {}->http://localhost:36222][total kept alive: 6; route allocated: 1 of 2000; total allocated: 7 of 2000]
12:53:16.302 [Forwarding actions on session f065e6ddf4f6f11e56fefdd794c7af7f to remote] DEBUG org.apache.http.impl.execchain.MainClientExec - Stale connection check
12:53:16.304 [Forwarding actions on session f065e6ddf4f6f11e56fefdd794c7af7f to remote] DEBUG org.apache.http.wire - http-outgoing-24 << "[read] I/O error: Read timed out"
12:53:16.304 [Forwarding actions on session f065e6ddf4f6f11e56fefdd794c7af7f to remote] DEBUG org.apache.http.impl.conn.DefaultManagedHttpClientConnection - http-outgoing-24: set socket timeout to 10800000
12:53:16.304 [Forwarding actions on session f065e6ddf4f6f11e56fefdd794c7af7f to remote] DEBUG org.apache.http.impl.execchain.MainClientExec - Executing request POST /session/f065e6ddf4f6f11e56fefdd794c7af7f/actions HTTP/1.1
12:53:16.304 [Forwarding actions on session f065e6ddf4f6f11e56fefdd794c7af7f to remote] DEBUG org.apache.http.impl.execchain.MainClientExec - Target auth state: UNCHALLENGED
12:53:16.304 [Forwarding actions on session f065e6ddf4f6f11e56fefdd794c7af7f to remote] DEBUG org.apache.http.impl.execchain.MainClientExec - Proxy auth state: UNCHALLENGED
12:53:16.304 [Forwarding actions on session f065e6ddf4f6f11e56fefdd794c7af7f to remote] DEBUG org.apache.http.headers - http-outgoing-24 >> POST /session/f065e6ddf4f6f11e56fefdd794c7af7f/actions HTTP/1.1
12:53:16.304 [Forwarding actions on session f065e6ddf4f6f11e56fefdd794c7af7f to remote] DEBUG org.apache.http.headers - http-outgoing-24 >> Content-Type: application/json; charset=utf-8
12:53:16.304 [Forwarding actions on session f065e6ddf4f6f11e56fefdd794c7af7f to remote] DEBUG org.apache.http.headers - http-outgoing-24 >> Content-Length: 289
12:53:16.304 [Forwarding actions on session f065e6ddf4f6f11e56fefdd794c7af7f to remote] DEBUG org.apache.http.headers - http-outgoing-24 >> Host: localhost:36222
12:53:16.304 [Forwarding actions on session f065e6ddf4f6f11e56fefdd794c7af7f to remote] DEBUG org.apache.http.headers - http-outgoing-24 >> Connection: Keep-Alive
12:53:16.304 [Forwarding actions on session f065e6ddf4f6f11e56fefdd794c7af7f to remote] DEBUG org.apache.http.headers - http-outgoing-24 >> User-Agent: Apache-HttpClient/4.5.3 (Java/1.8.0_211)
12:53:16.304 [Forwarding actions on session f065e6ddf4f6f11e56fefdd794c7af7f to remote] DEBUG org.apache.http.headers - http-outgoing-24 >> Accept-Encoding: gzip,deflate
12:53:16.304 [Forwarding actions on session f065e6ddf4f6f11e56fefdd794c7af7f to remote] DEBUG org.apache.http.wire - http-outgoing-24 >> "POST /session/f065e6ddf4f6f11e56fefdd794c7af7f/actions HTTP/1.1[\r][\n]"
12:53:16.304 [Forwarding actions on session f065e6ddf4f6f11e56fefdd794c7af7f to remote] DEBUG org.apache.http.wire - http-outgoing-24 >> "Content-Type: application/json; charset=utf-8[\r][\n]"
12:53:16.304 [Forwarding actions on session f065e6ddf4f6f11e56fefdd794c7af7f to remote] DEBUG org.apache.http.wire - http-outgoing-24 >> "Content-Length: 289[\r][\n]"
12:53:16.304 [Forwarding actions on session f065e6ddf4f6f11e56fefdd794c7af7f to remote] DEBUG org.apache.http.wire - http-outgoing-24 >> "Host: localhost:36222[\r][\n]"
12:53:16.304 [Forwarding actions on session f065e6ddf4f6f11e56fefdd794c7af7f to remote] DEBUG org.apache.http.wire - http-outgoing-24 >> "Connection: Keep-Alive[\r][\n]"
12:53:16.304 [Forwarding actions on session f065e6ddf4f6f11e56fefdd794c7af7f to remote] DEBUG org.apache.http.wire - http-outgoing-24 >> "User-Agent: Apache-HttpClient/4.5.3 (Java/1.8.0_211)[\r][\n]"
12:53:16.304 [Forwarding actions on session f065e6ddf4f6f11e56fefdd794c7af7f to remote] DEBUG org.apache.http.wire - http-outgoing-24 >> "Accept-Encoding: gzip,deflate[\r][\n]"
12:53:16.304 [Forwarding actions on session f065e6ddf4f6f11e56fefdd794c7af7f to remote] DEBUG org.apache.http.wire - http-outgoing-24 >> "[\r][\n]"
12:53:16.304 [Forwarding actions on session f065e6ddf4f6f11e56fefdd794c7af7f to remote] DEBUG org.apache.http.wire - http-outgoing-24 >> "{"actions":[{"id":"default mouse","type":"pointer","parameters":{"pointerType":"mouse"},"actions":[{"duration":100,"x":0,"y":0,"type":"pointerMove","origin":{"ELEMENT":"4ec42e5f-96cc-49f4-9bec-42f90b173f4c","element-6066-11e4-a52e-4f735466cecf":"4ec42e5f-96cc-49f4-9bec-42f90b173f4c"}}]}]}"
12:53:16.431 [Forwarding actions on session f065e6ddf4f6f11e56fefdd794c7af7f to remote] DEBUG org.apache.http.wire - http-outgoing-24 << "HTTP/1.1 200 OK[\r][\n]"
12:53:16.431 [Forwarding actions on session f065e6ddf4f6f11e56fefdd794c7af7f to remote] DEBUG org.apache.http.wire - http-outgoing-24 << "Content-Length:14[\r][\n]"
12:53:16.431 [Forwarding actions on session f065e6ddf4f6f11e56fefdd794c7af7f to remote] DEBUG org.apache.http.wire - http-outgoing-24 << "Content-Type:application/json; charset=utf-8[\r][\n]"
12:53:16.431 [Forwarding actions on session f065e6ddf4f6f11e56fefdd794c7af7f to remote] DEBUG org.apache.http.wire - http-outgoing-24 << "cache-control:no-cache[\r][\n]"
12:53:16.431 [Forwarding actions on session f065e6ddf4f6f11e56fefdd794c7af7f to remote] DEBUG org.apache.http.wire - http-outgoing-24 << "[\r][\n]"
12:53:16.431 [Forwarding actions on session f065e6ddf4f6f11e56fefdd794c7af7f to remote] DEBUG org.apache.http.wire - http-outgoing-24 << "{"value":null}"
12:53:16.431 [Forwarding actions on session f065e6ddf4f6f11e56fefdd794c7af7f to remote] DEBUG org.apache.http.headers - http-outgoing-24 << HTTP/1.1 200 OK
12:53:16.431 [Forwarding actions on session f065e6ddf4f6f11e56fefdd794c7af7f to remote] DEBUG org.apache.http.headers - http-outgoing-24 << Content-Length:14
12:53:16.431 [Forwarding actions on session f065e6ddf4f6f11e56fefdd794c7af7f to remote] DEBUG org.apache.http.headers - http-outgoing-24 << Content-Type:application/json; charset=utf-8
12:53:16.431 [Forwarding actions on session f065e6ddf4f6f11e56fefdd794c7af7f to remote] DEBUG org.apache.http.headers - http-outgoing-24 << cache-control:no-cache
12:53:16.431 [Forwarding actions on session f065e6ddf4f6f11e56fefdd794c7af7f to remote] DEBUG org.apache.http.impl.execchain.MainClientExec - Connection can be kept alive indefinitely
12:53:16.431 [Forwarding actions on session f065e6ddf4f6f11e56fefdd794c7af7f to remote] DEBUG org.apache.http.impl.conn.PoolingHttpClientConnectionManager - Connection [id: 24][route: {}->http://localhost:36222] can be kept alive indefinitely
12:53:16.431 [Forwarding actions on session f065e6ddf4f6f11e56fefdd794c7af7f to remote] DEBUG org.apache.http.impl.conn.PoolingHttpClientConnectionManager - Connection released: [id: 24][route: {}->http://localhost:36222][total kept alive: 7; route allocated: 1 of 2000; total allocated: 7 of 2000]
12:53:16.432 [Forwarding findElement on session f065e6ddf4f6f11e56fefdd794c7af7f to remote] DEBUG org.apache.http.client.protocol.RequestAddCookies - CookieSpec selected: default
12:53:16.432 [Forwarding findElement on session f065e6ddf4f6f11e56fefdd794c7af7f to remote] DEBUG org.apache.http.client.protocol.RequestAuthCache - Auth cache not set in the context
12:53:16.432 [Forwarding findElement on session f065e6ddf4f6f11e56fefdd794c7af7f to remote] DEBUG org.apache.http.impl.conn.PoolingHttpClientConnectionManager - Connection request: [route: {}->http://localhost:36222][total kept alive: 7; route allocated: 1 of 2000; total allocated: 7 of 2000]
12:53:16.432 [Forwarding findElement on session f065e6ddf4f6f11e56fefdd794c7af7f to remote] DEBUG org.apache.http.impl.conn.PoolingHttpClientConnectionManager - Connection leased: [id: 24][route: {}->http://localhost:36222][total kept alive: 6; route allocated: 1 of 2000; total allocated: 7 of 2000]
12:53:16.432 [Forwarding findElement on session f065e6ddf4f6f11e56fefdd794c7af7f to remote] DEBUG org.apache.http.impl.execchain.MainClientExec - Stale connection check
12:53:16.433 [Forwarding findElement on session f065e6ddf4f6f11e56fefdd794c7af7f to remote] DEBUG org.apache.http.wire - http-outgoing-24 << "[read] I/O error: Read timed out"
12:53:16.433 [Forwarding findElement on session f065e6ddf4f6f11e56fefdd794c7af7f to remote] DEBUG org.apache.http.impl.conn.DefaultManagedHttpClientConnection - http-outgoing-24: set socket timeout to 10800000
12:53:16.433 [Forwarding findElement on session f065e6ddf4f6f11e56fefdd794c7af7f to remote] DEBUG org.apache.http.impl.execchain.MainClientExec - Executing request POST /session/f065e6ddf4f6f11e56fefdd794c7af7f/element HTTP/1.1
12:53:16.433 [Forwarding findElement on session f065e6ddf4f6f11e56fefdd794c7af7f to remote] DEBUG org.apache.http.impl.execchain.MainClientExec - Target auth state: UNCHALLENGED
12:53:16.433 [Forwarding findElement on session f065e6ddf4f6f11e56fefdd794c7af7f to remote] DEBUG org.apache.http.impl.execchain.MainClientExec - Proxy auth state: UNCHALLENGED
12:53:16.433 [Forwarding findElement on session f065e6ddf4f6f11e56fefdd794c7af7f to remote] DEBUG org.apache.http.headers - http-outgoing-24 >> POST /session/f065e6ddf4f6f11e56fefdd794c7af7f/element HTTP/1.1
12:53:16.433 [Forwarding findElement on session f065e6ddf4f6f11e56fefdd794c7af7f to remote] DEBUG org.apache.http.headers - http-outgoing-24 >> Content-Type: application/json; charset=utf-8
12:53:16.433 [Forwarding findElement on session f065e6ddf4f6f11e56fefdd794c7af7f to remote] DEBUG org.apache.http.headers - http-outgoing-24 >> Content-Length: 58
12:53:16.433 [Forwarding findElement on session f065e6ddf4f6f11e56fefdd794c7af7f to remote] DEBUG org.apache.http.headers - http-outgoing-24 >> Host: localhost:36222
12:53:16.433 [Forwarding findElement on session f065e6ddf4f6f11e56fefdd794c7af7f to remote] DEBUG org.apache.http.headers - http-outgoing-24 >> Connection: Keep-Alive
12:53:16.433 [Forwarding findElement on session f065e6ddf4f6f11e56fefdd794c7af7f to remote] DEBUG org.apache.http.headers - http-outgoing-24 >> User-Agent: Apache-HttpClient/4.5.3 (Java/1.8.0_211)
12:53:16.433 [Forwarding findElement on session f065e6ddf4f6f11e56fefdd794c7af7f to remote] DEBUG org.apache.http.headers - http-outgoing-24 >> Accept-Encoding: gzip,deflate
12:53:16.433 [Forwarding findElement on session f065e6ddf4f6f11e56fefdd794c7af7f to remote] DEBUG org.apache.http.wire - http-outgoing-24 >> "POST /session/f065e6ddf4f6f11e56fefdd794c7af7f/element HTTP/1.1[\r][\n]"
12:53:16.433 [Forwarding findElement on session f065e6ddf4f6f11e56fefdd794c7af7f to remote] DEBUG org.apache.http.wire - http-outgoing-24 >> "Content-Type: application/json; charset=utf-8[\r][\n]"
12:53:16.433 [Forwarding findElement on session f065e6ddf4f6f11e56fefdd794c7af7f to remote] DEBUG org.apache.http.wire - http-outgoing-24 >> "Content-Length: 58[\r][\n]"
12:53:16.433 [Forwarding findElement on session f065e6ddf4f6f11e56fefdd794c7af7f to remote] DEBUG org.apache.http.wire - http-outgoing-24 >> "Host: localhost:36222[\r][\n]"
12:53:16.433 [Forwarding findElement on session f065e6ddf4f6f11e56fefdd794c7af7f to remote] DEBUG org.apache.http.wire - http-outgoing-24 >> "Connection: Keep-Alive[\r][\n]"
12:53:16.433 [Forwarding findElement on session f065e6ddf4f6f11e56fefdd794c7af7f to remote] DEBUG org.apache.http.wire - http-outgoing-24 >> "User-Agent: Apache-HttpClient/4.5.3 (Java/1.8.0_211)[\r][\n]"
12:53:16.433 [Forwarding findElement on session f065e6ddf4f6f11e56fefdd794c7af7f to remote] DEBUG org.apache.http.wire - http-outgoing-24 >> "Accept-Encoding: gzip,deflate[\r][\n]"
12:53:16.433 [Forwarding findElement on session f065e6ddf4f6f11e56fefdd794c7af7f to remote] DEBUG org.apache.http.wire - http-outgoing-24 >> "[\r][\n]"
12:53:16.433 [Forwarding findElement on session f065e6ddf4f6f11e56fefdd794c7af7f to remote] DEBUG org.apache.http.wire - http-outgoing-24 >> "{"value":".px-2:nth-child(3) span","using":"css selector"}"
12:53:16.439 [Forwarding findElement on session f065e6ddf4f6f11e56fefdd794c7af7f to remote] DEBUG org.apache.http.wire - http-outgoing-24 << "HTTP/1.1 200 OK[\r][\n]"
12:53:16.439 [Forwarding findElement on session f065e6ddf4f6f11e56fefdd794c7af7f to remote] DEBUG org.apache.http.wire - http-outgoing-24 << "Content-Length:88[\r][\n]"
12:53:16.439 [Forwarding findElement on session f065e6ddf4f6f11e56fefdd794c7af7f to remote] DEBUG org.apache.http.wire - http-outgoing-24 << "Content-Type:application/json; charset=utf-8[\r][\n]"
12:53:16.439 [Forwarding findElement on session f065e6ddf4f6f11e56fefdd794c7af7f to remote] DEBUG org.apache.http.wire - http-outgoing-24 << "cache-control:no-cache[\r][\n]"
12:53:16.439 [Forwarding findElement on session f065e6ddf4f6f11e56fefdd794c7af7f to remote] DEBUG org.apache.http.wire - http-outgoing-24 << "[\r][\n]"
12:53:16.439 [Forwarding findElement on session f065e6ddf4f6f11e56fefdd794c7af7f to remote] DEBUG org.apache.http.wire - http-outgoing-24 << "{"value":{"element-6066-11e4-a52e-4f735466cecf":"bac0d7f9-52bc-4041-af0d-a59808a21a5b"}}"
12:53:16.439 [Forwarding findElement on session f065e6ddf4f6f11e56fefdd794c7af7f to remote] DEBUG org.apache.http.headers - http-outgoing-24 << HTTP/1.1 200 OK
12:53:16.439 [Forwarding findElement on session f065e6ddf4f6f11e56fefdd794c7af7f to remote] DEBUG org.apache.http.headers - http-outgoing-24 << Content-Length:88
12:53:16.439 [Forwarding findElement on session f065e6ddf4f6f11e56fefdd794c7af7f to remote] DEBUG org.apache.http.headers - http-outgoing-24 << Content-Type:application/json; charset=utf-8
12:53:16.439 [Forwarding findElement on session f065e6ddf4f6f11e56fefdd794c7af7f to remote] DEBUG org.apache.http.headers - http-outgoing-24 << cache-control:no-cache
12:53:16.439 [Forwarding findElement on session f065e6ddf4f6f11e56fefdd794c7af7f to remote] DEBUG org.apache.http.impl.execchain.MainClientExec - Connection can be kept alive indefinitely
12:53:16.439 [Forwarding findElement on session f065e6ddf4f6f11e56fefdd794c7af7f to remote] DEBUG org.apache.http.impl.conn.PoolingHttpClientConnectionManager - Connection [id: 24][route: {}->http://localhost:36222] can be kept alive indefinitely
12:53:16.439 [Forwarding findElement on session f065e6ddf4f6f11e56fefdd794c7af7f to remote] DEBUG org.apache.http.impl.conn.PoolingHttpClientConnectionManager - Connection released: [id: 24][route: {}->http://localhost:36222][total kept alive: 7; route allocated: 1 of 2000; total allocated: 7 of 2000]
12:53:16.439 [Forwarding clickElement on session f065e6ddf4f6f11e56fefdd794c7af7f to remote] DEBUG org.apache.http.client.protocol.RequestAddCookies - CookieSpec selected: default
12:53:16.439 [Forwarding clickElement on session f065e6ddf4f6f11e56fefdd794c7af7f to remote] DEBUG org.apache.http.client.protocol.RequestAuthCache - Auth cache not set in the context
12:53:16.439 [Forwarding clickElement on session f065e6ddf4f6f11e56fefdd794c7af7f to remote] DEBUG org.apache.http.impl.conn.PoolingHttpClientConnectionManager - Connection request: [route: {}->http://localhost:36222][total kept alive: 7; route allocated: 1 of 2000; total allocated: 7 of 2000]
12:53:16.439 [Forwarding clickElement on session f065e6ddf4f6f11e56fefdd794c7af7f to remote] DEBUG org.apache.http.impl.conn.PoolingHttpClientConnectionManager - Connection leased: [id: 24][route: {}->http://localhost:36222][total kept alive: 6; route allocated: 1 of 2000; total allocated: 7 of 2000]
12:53:16.439 [Forwarding clickElement on session f065e6ddf4f6f11e56fefdd794c7af7f to remote] DEBUG org.apache.http.impl.execchain.MainClientExec - Stale connection check
12:53:16.441 [Forwarding clickElement on session f065e6ddf4f6f11e56fefdd794c7af7f to remote] DEBUG org.apache.http.wire - http-outgoing-24 << "[read] I/O error: Read timed out"
12:53:16.441 [Forwarding clickElement on session f065e6ddf4f6f11e56fefdd794c7af7f to remote] DEBUG org.apache.http.impl.conn.DefaultManagedHttpClientConnection - http-outgoing-24: set socket timeout to 10800000
12:53:16.441 [Forwarding clickElement on session f065e6ddf4f6f11e56fefdd794c7af7f to remote] DEBUG org.apache.http.impl.execchain.MainClientExec - Executing request POST /session/f065e6ddf4f6f11e56fefdd794c7af7f/element/bac0d7f9-52bc-4041-af0d-a59808a21a5b/click HTTP/1.1
12:53:16.441 [Forwarding clickElement on session f065e6ddf4f6f11e56fefdd794c7af7f to remote] DEBUG org.apache.http.impl.execchain.MainClientExec - Target auth state: UNCHALLENGED
12:53:16.441 [Forwarding clickElement on session f065e6ddf4f6f11e56fefdd794c7af7f to remote] DEBUG org.apache.http.impl.execchain.MainClientExec - Proxy auth state: UNCHALLENGED
12:53:16.441 [Forwarding clickElement on session f065e6ddf4f6f11e56fefdd794c7af7f to remote] DEBUG org.apache.http.headers - http-outgoing-24 >> POST /session/f065e6ddf4f6f11e56fefdd794c7af7f/element/bac0d7f9-52bc-4041-af0d-a59808a21a5b/click HTTP/1.1
12:53:16.441 [Forwarding clickElement on session f065e6ddf4f6f11e56fefdd794c7af7f to remote] DEBUG org.apache.http.headers - http-outgoing-24 >> Content-Type: application/json; charset=utf-8
12:53:16.441 [Forwarding clickElement on session f065e6ddf4f6f11e56fefdd794c7af7f to remote] DEBUG org.apache.http.headers - http-outgoing-24 >> Content-Length: 45
12:53:16.441 [Forwarding clickElement on session f065e6ddf4f6f11e56fefdd794c7af7f to remote] DEBUG org.apache.http.headers - http-outgoing-24 >> Host: localhost:36222
12:53:16.441 [Forwarding clickElement on session f065e6ddf4f6f11e56fefdd794c7af7f to remote] DEBUG org.apache.http.headers - http-outgoing-24 >> Connection: Keep-Alive
12:53:16.441 [Forwarding clickElement on session f065e6ddf4f6f11e56fefdd794c7af7f to remote] DEBUG org.apache.http.headers - http-outgoing-24 >> User-Agent: Apache-HttpClient/4.5.3 (Java/1.8.0_211)
12:53:16.441 [Forwarding clickElement on session f065e6ddf4f6f11e56fefdd794c7af7f to remote] DEBUG org.apache.http.headers - http-outgoing-24 >> Accept-Encoding: gzip,deflate
12:53:16.441 [Forwarding clickElement on session f065e6ddf4f6f11e56fefdd794c7af7f to remote] DEBUG org.apache.http.wire - http-outgoing-24 >> "POST /session/f065e6ddf4f6f11e56fefdd794c7af7f/element/bac0d7f9-52bc-4041-af0d-a59808a21a5b/click HTTP/1.1[\r][\n]"
12:53:16.441 [Forwarding clickElement on session f065e6ddf4f6f11e56fefdd794c7af7f to remote] DEBUG org.apache.http.wire - http-outgoing-24 >> "Content-Type: application/json; charset=utf-8[\r][\n]"
12:53:16.441 [Forwarding clickElement on session f065e6ddf4f6f11e56fefdd794c7af7f to remote] DEBUG org.apache.http.wire - http-outgoing-24 >> "Content-Length: 45[\r][\n]"
12:53:16.441 [Forwarding clickElement on session f065e6ddf4f6f11e56fefdd794c7af7f to remote] DEBUG org.apache.http.wire - http-outgoing-24 >> "Host: localhost:36222[\r][\n]"
12:53:16.441 [Forwarding clickElement on session f065e6ddf4f6f11e56fefdd794c7af7f to remote] DEBUG org.apache.http.wire - http-outgoing-24 >> "Connection: Keep-Alive[\r][\n]"
12:53:16.441 [Forwarding clickElement on session f065e6ddf4f6f11e56fefdd794c7af7f to remote] DEBUG org.apache.http.wire - http-outgoing-24 >> "User-Agent: Apache-HttpClient/4.5.3 (Java/1.8.0_211)[\r][\n]"
12:53:16.441 [Forwarding clickElement on session f065e6ddf4f6f11e56fefdd794c7af7f to remote] DEBUG org.apache.http.wire - http-outgoing-24 >> "Accept-Encoding: gzip,deflate[\r][\n]"
12:53:16.441 [Forwarding clickElement on session f065e6ddf4f6f11e56fefdd794c7af7f to remote] DEBUG org.apache.http.wire - http-outgoing-24 >> "[\r][\n]"
12:53:16.441 [Forwarding clickElement on session f065e6ddf4f6f11e56fefdd794c7af7f to remote] DEBUG org.apache.http.wire - http-outgoing-24 >> "{"id":"bac0d7f9-52bc-4041-af0d-a59808a21a5b"}"
12:53:26.473 [Forwarding clickElement on session f065e6ddf4f6f11e56fefdd794c7af7f to remote] DEBUG org.apache.http.wire - http-outgoing-24 << "HTTP/1.1 400 Bad Request[\r][\n]"
12:53:26.473 [Forwarding clickElement on session f065e6ddf4f6f11e56fefdd794c7af7f to remote] DEBUG org.apache.http.wire - http-outgoing-24 << "Content-Length:1948[\r][\n]"
12:53:26.473 [Forwarding clickElement on session f065e6ddf4f6f11e56fefdd794c7af7f to remote] DEBUG org.apache.http.wire - http-outgoing-24 << "Content-Type:application/json; charset=utf-8[\r][\n]"
12:53:26.473 [Forwarding clickElement on session f065e6ddf4f6f11e56fefdd794c7af7f to remote] DEBUG org.apache.http.wire - http-outgoing-24 << "cache-control:no-cache[\r][\n]"
12:53:26.473 [Forwarding clickElement on session f065e6ddf4f6f11e56fefdd794c7af7f to remote] DEBUG org.apache.http.wire - http-outgoing-24 << "[\r][\n]"
12:53:26.473 [Forwarding clickElement on session f065e6ddf4f6f11e56fefdd794c7af7f to remote] DEBUG org.apache.http.wire - http-outgoing-24 << "{"value":{"error":"element not interactable","message":"element not interactable\n  (Session info: chrome=80.0.3987.149)","stacktrace":"0   chromedriver                        0x00000001019b4329 chromedriver + 3838761\n1   chromedriver                        0x000000010194e123 chromedriver + 3420451\n2   chromedriver                        0x00000001016c2482 chromedriver + 750722\n3   chromedriver                        0x0000000101630c86 chromedriver + 154758\n4   chromedriver                        0x0000000101628656 chromedriver + 120406\n5   chromedriver                        0x000000010164c592 chromedriver + 267666\n6   chromedriver                        0x00000001016283c6 chromedriver + 119750\n7   chromedriver                        0x000000010164c80e chromedriver + 268302\n8   chromedriver                        0x000000010165938b chromedriver + 320395\n9   chromedriver                        0x000000010164c7b3 chromedriver + 268211\n10  chromedriver                        0x00000001016260bd chromedriver + 110781\n11  chromedriver                        0x0000000101627055 chromedriver + 114773\n12  chromedriver                        0x0000000101975ebf chromedriver + 3583679\n13  chromedriver                        0x0000000101982e4a chromedriver + 3636810\n14  chromedriver                        0x0000000101982be7 chromedriver + 3636199\n15  chromedriver                        0x0000000101959839 chromedriver + 3467321\n16  chromedriver                        0x0000000101983707 chromedriver + 3639047\n17  chromedriver                        0x000000010196bcc7 chromedriver + 3542215\n18  chromedriver                        0x0000000101999324 chromedriver + 3728164\n19  chromedriver                        0x00000001019ba387 chromedriver + 3863431\n20  libsystem_pthread.dylib             0x00007fff6e23ee65 _pthread_start + 148\n21  libsystem_pthread.dylib             0x00007fff6e23a83b thread_start + 15\n"}}"
12:53:26.473 [Forwarding clickElement on session f065e6ddf4f6f11e56fefdd794c7af7f to remote] DEBUG org.apache.http.headers - http-outgoing-24 << HTTP/1.1 400 Bad Request
12:53:26.473 [Forwarding clickElement on session f065e6ddf4f6f11e56fefdd794c7af7f to remote] DEBUG org.apache.http.headers - http-outgoing-24 << Content-Length:1948
12:53:26.473 [Forwarding clickElement on session f065e6ddf4f6f11e56fefdd794c7af7f to remote] DEBUG org.apache.http.headers - http-outgoing-24 << Content-Type:application/json; charset=utf-8
12:53:26.473 [Forwarding clickElement on session f065e6ddf4f6f11e56fefdd794c7af7f to remote] DEBUG org.apache.http.headers - http-outgoing-24 << cache-control:no-cache
12:53:26.473 [Forwarding clickElement on session f065e6ddf4f6f11e56fefdd794c7af7f to remote] DEBUG org.apache.http.impl.execchain.MainClientExec - Connection can be kept alive indefinitely
12:53:26.473 [Forwarding clickElement on session f065e6ddf4f6f11e56fefdd794c7af7f to remote] DEBUG org.apache.http.impl.conn.PoolingHttpClientConnectionManager - Connection [id: 24][route: {}->http://localhost:36222] can be kept alive indefinitely
12:53:26.473 [Forwarding clickElement on session f065e6ddf4f6f11e56fefdd794c7af7f to remote] DEBUG org.apache.http.impl.conn.PoolingHttpClientConnectionManager - Connection released: [id: 24][route: {}->http://localhost:36222][total kept alive: 7; route allocated: 1 of 2000; total allocated: 7 of 2000]
]]></system-out>
  <system-err><![CDATA[Starting ChromeDriver 80.0.3987.106 (f68069574609230cf9b635cd784cfb1bf81bb53a-refs/branch-heads/3987@{#882}) on port 36222
Only local connections are allowed.
Please protect ports used by ChromeDriver and related test frameworks to prevent access by malicious code.
[1584679992.475][WARNING]: FromSockAddr failed on netmask
三月 20, 2020 12:53:13 下午 org.openqa.selenium.remote.ProtocolHandshake createSession
信息: Detected dialect: W3C
[1584679993.750][SEVERE]: Timed out receiving message from renderer: 0.100
[1584679993.851][SEVERE]: Timed out receiving message from renderer: 0.100
[1584679993.991][SEVERE]: Timed out receiving message from renderer: 0.100
[1584679994.091][SEVERE]: Timed out receiving message from renderer: 0.100
[1584679994.198][SEVERE]: Timed out receiving message from renderer: 0.100
[1584679994.299][SEVERE]: Timed out receiving message from renderer: 0.100
[1584679994.399][SEVERE]: Timed out receiving message from renderer: 0.100
[1584679994.500][SEVERE]: Timed out receiving message from renderer: 0.100
[1584679994.600][SEVERE]: Timed out receiving message from renderer: 0.100
[1584679994.938][SEVERE]: Timed out receiving message from renderer: 0.100
[1584679995.038][SEVERE]: Timed out receiving message from renderer: 0.100
[1584679995.247][SEVERE]: Timed out receiving message from renderer: 0.100
[1584679995.348][SEVERE]: Timed out receiving message from renderer: 0.100
[1584679995.471][SEVERE]: Timed out receiving message from renderer: 0.100
[1584679995.573][SEVERE]: Timed out receiving message from renderer: 0.100
[1584679995.674][SEVERE]: Timed out receiving message from renderer: 0.100
[1584679995.776][SEVERE]: Timed out receiving message from renderer: 0.100
]]></system-err>
</testsuite>
