<?xml version="1.0" encoding="UTF-8"?>
<testsuite name="tron.tronscan.tronscanUI.SearchTest" tests="4" skipped="0" failures="3" errors="0" timestamp="2020-03-20T04:53:45" hostname="zhukaideiMac.local" time="34.673">
  <properties/>
  <testcase name="testSearchAddressText" classname="tron.tronscan.tronscanUI.SearchTest" time="3.386"/>
  <testcase name="testSearchContractText" classname="tron.tronscan.tronscanUI.SearchTest" time="10.544">
    <failure message="org.openqa.selenium.NoSuchElementException: no such element: Unable to locate element: {&quot;method&quot;:&quot;xpath&quot;,&quot;selector&quot;:&quot;//*[@id=&quot;_searchBox&quot;]/a/div/span/strong&quot;}&#10;  (Session info: chrome=80.0.3987.149)&#10;For documentation on this error, please visit: http://seleniumhq.org/exceptions/no_such_element.html&#10;Build info: version: '3.6.0', revision: '6fbf3ec767', time: '2017-09-27T15:28:36.4Z'&#10;System info: host: 'zhukaideiMac.local', ip: '127.0.0.1', os.name: 'Mac OS X', os.arch: 'x86_64', os.version: '10.15.3', java.version: '1.8.0_211'&#10;Driver info: org.openqa.selenium.chrome.ChromeDriver&#10;Capabilities [{networkConnectionEnabled=false, chrome={chromedriverVersion=80.0.3987.106 (f68069574609230cf9b635cd784cfb1bf81bb53a-refs/branch-heads/3987@{#882}), userDataDir=/var/folders/fs/0qxrqb5x7zg5dtqrhc9t0clm0000gn/T/.com.google.Chrome.n5N0Ub}, timeouts={implicit=0, pageLoad=300000, script=30000}, pageLoadStrategy=normal, unhandledPromptBehavior=dismiss and notify, strictFileInteractability=false, platform=MAC, proxy=Proxy(), goog:chromeOptions={debuggerAddress=localhost:61572}, acceptInsecureCerts=false, browserVersion=80.0.3987.149, browserName=chrome, javascriptEnabled=true, platformName=MAC, setWindowRect=true}]&#10;Session ID: 352fcbe0a9b96f08df50ee9297de9bf4&#10;*** Element info: {Using=xpath, value=//*[@id=&quot;_searchBox&quot;]/a/div/span/strong}" type="org.openqa.selenium.NoSuchElementException">org.openqa.selenium.NoSuchElementException: no such element: Unable to locate element: {&quot;method&quot;:&quot;xpath&quot;,&quot;selector&quot;:&quot;//*[@id=&quot;_searchBox&quot;]/a/div/span/strong&quot;}
  (Session info: chrome=80.0.3987.149)
For documentation on this error, please visit: http://seleniumhq.org/exceptions/no_such_element.html
Build info: version: '3.6.0', revision: '6fbf3ec767', time: '2017-09-27T15:28:36.4Z'
System info: host: 'zhukaideiMac.local', ip: '127.0.0.1', os.name: 'Mac OS X', os.arch: 'x86_64', os.version: '10.15.3', java.version: '1.8.0_211'
Driver info: org.openqa.selenium.chrome.ChromeDriver
Capabilities [{networkConnectionEnabled=false, chrome={chromedriverVersion=80.0.3987.106 (f68069574609230cf9b635cd784cfb1bf81bb53a-refs/branch-heads/3987@{#882}), userDataDir=/var/folders/fs/0qxrqb5x7zg5dtqrhc9t0clm0000gn/T/.com.google.Chrome.n5N0Ub}, timeouts={implicit=0, pageLoad=300000, script=30000}, pageLoadStrategy=normal, unhandledPromptBehavior=dismiss and notify, strictFileInteractability=false, platform=MAC, proxy=Proxy(), goog:chromeOptions={debuggerAddress=localhost:61572}, acceptInsecureCerts=false, browserVersion=80.0.3987.149, browserName=chrome, javascriptEnabled=true, platformName=MAC, setWindowRect=true}]
Session ID: 352fcbe0a9b96f08df50ee9297de9bf4
*** Element info: {Using=xpath, value=//*[@id=&quot;_searchBox&quot;]/a/div/span/strong}
	at sun.reflect.NativeConstructorAccessorImpl.newInstance0(Native Method)
	at sun.reflect.NativeConstructorAccessorImpl.newInstance(NativeConstructorAccessorImpl.java:62)
	at sun.reflect.DelegatingConstructorAccessorImpl.newInstance(DelegatingConstructorAccessorImpl.java:45)
	at java.lang.reflect.Constructor.newInstance(Constructor.java:423)
	at org.openqa.selenium.remote.http.W3CHttpResponseCodec.createException(W3CHttpResponseCodec.java:185)
	at org.openqa.selenium.remote.http.W3CHttpResponseCodec.decode(W3CHttpResponseCodec.java:120)
	at org.openqa.selenium.remote.http.W3CHttpResponseCodec.decode(W3CHttpResponseCodec.java:49)
	at org.openqa.selenium.remote.HttpCommandExecutor.execute(HttpCommandExecutor.java:164)
	at org.openqa.selenium.remote.service.DriverCommandExecutor.execute(DriverCommandExecutor.java:83)
	at org.openqa.selenium.remote.RemoteWebDriver.execute(RemoteWebDriver.java:586)
	at org.openqa.selenium.remote.RemoteWebDriver.findElement(RemoteWebDriver.java:356)
	at org.openqa.selenium.remote.RemoteWebDriver.findElementByXPath(RemoteWebDriver.java:458)
	at org.openqa.selenium.By$ByXPath.findElement(By.java:361)
	at org.openqa.selenium.remote.RemoteWebDriver.findElement(RemoteWebDriver.java:348)
	at tron.tronscan.tronscanUI.SearchTest.testSearchContractText(SearchTest.java:41)
	at sun.reflect.NativeMethodAccessorImpl.invoke0(Native Method)
	at sun.reflect.NativeMethodAccessorImpl.invoke(NativeMethodAccessorImpl.java:62)
	at sun.reflect.DelegatingMethodAccessorImpl.invoke(DelegatingMethodAccessorImpl.java:43)
	at java.lang.reflect.Method.invoke(Method.java:498)
	at org.testng.internal.MethodInvocationHelper.invokeMethod(MethodInvocationHelper.java:124)
	at org.testng.internal.Invoker.invokeMethod(Invoker.java:583)
	at org.testng.internal.Invoker.invokeTestMethod(Invoker.java:719)
	at org.testng.internal.Invoker.invokeTestMethods(Invoker.java:989)
	at org.testng.internal.TestMethodWorker.invokeTestMethods(TestMethodWorker.java:125)
	at org.testng.internal.TestMethodWorker.run(TestMethodWorker.java:109)
	at org.testng.TestRunner.privateRun(TestRunner.java:648)
	at org.testng.TestRunner.run(TestRunner.java:505)
	at org.testng.SuiteRunner.runTest(SuiteRunner.java:455)
	at org.testng.SuiteRunner.runSequentially(SuiteRunner.java:450)
	at org.testng.SuiteRunner.privateRun(SuiteRunner.java:415)
	at org.testng.SuiteRunner.run(SuiteRunner.java:364)
	at org.testng.SuiteRunnerWorker.runSuite(SuiteRunnerWorker.java:52)
	at org.testng.SuiteRunnerWorker.run(SuiteRunnerWorker.java:84)
	at org.testng.TestNG.runSuitesSequentially(TestNG.java:1208)
	at org.testng.TestNG.runSuitesLocally(TestNG.java:1137)
	at org.testng.TestNG.runSuites(TestNG.java:1049)
	at org.testng.TestNG.run(TestNG.java:1017)
	at org.gradle.api.internal.tasks.testing.testng.TestNGTestClassProcessor.runTests(TestNGTestClassProcessor.java:139)
	at org.gradle.api.internal.tasks.testing.testng.TestNGTestClassProcessor.stop(TestNGTestClassProcessor.java:89)
	at org.gradle.api.internal.tasks.testing.SuiteTestClassProcessor.stop(SuiteTestClassProcessor.java:61)
	at sun.reflect.NativeMethodAccessorImpl.invoke0(Native Method)
	at sun.reflect.NativeMethodAccessorImpl.invoke(NativeMethodAccessorImpl.java:62)
	at sun.reflect.DelegatingMethodAccessorImpl.invoke(DelegatingMethodAccessorImpl.java:43)
	at java.lang.reflect.Method.invoke(Method.java:498)
	at org.gradle.internal.dispatch.ReflectionDispatch.dispatch(ReflectionDispatch.java:35)
	at org.gradle.internal.dispatch.ReflectionDispatch.dispatch(ReflectionDispatch.java:24)
	at org.gradle.internal.dispatch.ContextClassLoaderDispatch.dispatch(ContextClassLoaderDispatch.java:32)
	at org.gradle.internal.dispatch.ProxyDispatchAdapter$DispatchingInvocationHandler.invoke(ProxyDispatchAdapter.java:93)
	at com.sun.proxy.$Proxy2.stop(Unknown Source)
	at org.gradle.api.internal.tasks.testing.worker.TestWorker.stop(TestWorker.java:131)
	at sun.reflect.NativeMethodAccessorImpl.invoke0(Native Method)
	at sun.reflect.NativeMethodAccessorImpl.invoke(NativeMethodAccessorImpl.java:62)
	at sun.reflect.DelegatingMethodAccessorImpl.invoke(DelegatingMethodAccessorImpl.java:43)
	at java.lang.reflect.Method.invoke(Method.java:498)
	at org.gradle.internal.dispatch.ReflectionDispatch.dispatch(ReflectionDispatch.java:35)
	at org.gradle.internal.dispatch.ReflectionDispatch.dispatch(ReflectionDispatch.java:24)
	at org.gradle.internal.remote.internal.hub.MessageHubBackedObjectConnection$DispatchWrapper.dispatch(MessageHubBackedObjectConnection.java:155)
	at org.gradle.internal.remote.internal.hub.MessageHubBackedObjectConnection$DispatchWrapper.dispatch(MessageHubBackedObjectConnection.java:137)
	at org.gradle.internal.remote.internal.hub.MessageHub$Handler.run(MessageHub.java:404)
	at org.gradle.internal.concurrent.ExecutorPolicy$CatchAndRecordFailures.onExecute(ExecutorPolicy.java:63)
	at org.gradle.internal.concurrent.ManagedExecutorImpl$1.run(ManagedExecutorImpl.java:46)
	at java.util.concurrent.ThreadPoolExecutor.runWorker(ThreadPoolExecutor.java:1149)
	at java.util.concurrent.ThreadPoolExecutor$Worker.run(ThreadPoolExecutor.java:624)
	at org.gradle.internal.concurrent.ThreadFactoryImpl$ManagedThreadRunnable.run(ThreadFactoryImpl.java:55)
	at java.lang.Thread.run(Thread.java:748)
</failure>
  </testcase>
  <testcase name="testSearchTrc10Text" classname="tron.tronscan.tronscanUI.SearchTest" time="10.362">
    <failure message="org.openqa.selenium.NoSuchElementException: no such element: Unable to locate element: {&quot;method&quot;:&quot;xpath&quot;,&quot;selector&quot;:&quot;//*[@id=&quot;_searchBox&quot;]/a/div/span/strong&quot;}&#10;  (Session info: chrome=80.0.3987.149)&#10;For documentation on this error, please visit: http://seleniumhq.org/exceptions/no_such_element.html&#10;Build info: version: '3.6.0', revision: '6fbf3ec767', time: '2017-09-27T15:28:36.4Z'&#10;System info: host: 'zhukaideiMac.local', ip: '127.0.0.1', os.name: 'Mac OS X', os.arch: 'x86_64', os.version: '10.15.3', java.version: '1.8.0_211'&#10;Driver info: org.openqa.selenium.chrome.ChromeDriver&#10;Capabilities [{networkConnectionEnabled=false, chrome={chromedriverVersion=80.0.3987.106 (f68069574609230cf9b635cd784cfb1bf81bb53a-refs/branch-heads/3987@{#882}), userDataDir=/var/folders/fs/0qxrqb5x7zg5dtqrhc9t0clm0000gn/T/.com.google.Chrome.n5N0Ub}, timeouts={implicit=0, pageLoad=300000, script=30000}, pageLoadStrategy=normal, unhandledPromptBehavior=dismiss and notify, strictFileInteractability=false, platform=MAC, proxy=Proxy(), goog:chromeOptions={debuggerAddress=localhost:61572}, acceptInsecureCerts=false, browserVersion=80.0.3987.149, browserName=chrome, javascriptEnabled=true, platformName=MAC, setWindowRect=true}]&#10;Session ID: 352fcbe0a9b96f08df50ee9297de9bf4&#10;*** Element info: {Using=xpath, value=//*[@id=&quot;_searchBox&quot;]/a/div/span/strong}" type="org.openqa.selenium.NoSuchElementException">org.openqa.selenium.NoSuchElementException: no such element: Unable to locate element: {&quot;method&quot;:&quot;xpath&quot;,&quot;selector&quot;:&quot;//*[@id=&quot;_searchBox&quot;]/a/div/span/strong&quot;}
  (Session info: chrome=80.0.3987.149)
For documentation on this error, please visit: http://seleniumhq.org/exceptions/no_such_element.html
Build info: version: '3.6.0', revision: '6fbf3ec767', time: '2017-09-27T15:28:36.4Z'
System info: host: 'zhukaideiMac.local', ip: '127.0.0.1', os.name: 'Mac OS X', os.arch: 'x86_64', os.version: '10.15.3', java.version: '1.8.0_211'
Driver info: org.openqa.selenium.chrome.ChromeDriver
Capabilities [{networkConnectionEnabled=false, chrome={chromedriverVersion=80.0.3987.106 (f68069574609230cf9b635cd784cfb1bf81bb53a-refs/branch-heads/3987@{#882}), userDataDir=/var/folders/fs/0qxrqb5x7zg5dtqrhc9t0clm0000gn/T/.com.google.Chrome.n5N0Ub}, timeouts={implicit=0, pageLoad=300000, script=30000}, pageLoadStrategy=normal, unhandledPromptBehavior=dismiss and notify, strictFileInteractability=false, platform=MAC, proxy=Proxy(), goog:chromeOptions={debuggerAddress=localhost:61572}, acceptInsecureCerts=false, browserVersion=80.0.3987.149, browserName=chrome, javascriptEnabled=true, platformName=MAC, setWindowRect=true}]
Session ID: 352fcbe0a9b96f08df50ee9297de9bf4
*** Element info: {Using=xpath, value=//*[@id=&quot;_searchBox&quot;]/a/div/span/strong}
	at sun.reflect.NativeConstructorAccessorImpl.newInstance0(Native Method)
	at sun.reflect.NativeConstructorAccessorImpl.newInstance(NativeConstructorAccessorImpl.java:62)
	at sun.reflect.DelegatingConstructorAccessorImpl.newInstance(DelegatingConstructorAccessorImpl.java:45)
	at java.lang.reflect.Constructor.newInstance(Constructor.java:423)
	at org.openqa.selenium.remote.http.W3CHttpResponseCodec.createException(W3CHttpResponseCodec.java:185)
	at org.openqa.selenium.remote.http.W3CHttpResponseCodec.decode(W3CHttpResponseCodec.java:120)
	at org.openqa.selenium.remote.http.W3CHttpResponseCodec.decode(W3CHttpResponseCodec.java:49)
	at org.openqa.selenium.remote.HttpCommandExecutor.execute(HttpCommandExecutor.java:164)
	at org.openqa.selenium.remote.service.DriverCommandExecutor.execute(DriverCommandExecutor.java:83)
	at org.openqa.selenium.remote.RemoteWebDriver.execute(RemoteWebDriver.java:586)
	at org.openqa.selenium.remote.RemoteWebDriver.findElement(RemoteWebDriver.java:356)
	at org.openqa.selenium.remote.RemoteWebDriver.findElementByXPath(RemoteWebDriver.java:458)
	at org.openqa.selenium.By$ByXPath.findElement(By.java:361)
	at org.openqa.selenium.remote.RemoteWebDriver.findElement(RemoteWebDriver.java:348)
	at tron.tronscan.tronscanUI.SearchTest.testSearchTrc10Text(SearchTest.java:51)
	at sun.reflect.NativeMethodAccessorImpl.invoke0(Native Method)
	at sun.reflect.NativeMethodAccessorImpl.invoke(NativeMethodAccessorImpl.java:62)
	at sun.reflect.DelegatingMethodAccessorImpl.invoke(DelegatingMethodAccessorImpl.java:43)
	at java.lang.reflect.Method.invoke(Method.java:498)
	at org.testng.internal.MethodInvocationHelper.invokeMethod(MethodInvocationHelper.java:124)
	at org.testng.internal.Invoker.invokeMethod(Invoker.java:583)
	at org.testng.internal.Invoker.invokeTestMethod(Invoker.java:719)
	at org.testng.internal.Invoker.invokeTestMethods(Invoker.java:989)
	at org.testng.internal.TestMethodWorker.invokeTestMethods(TestMethodWorker.java:125)
	at org.testng.internal.TestMethodWorker.run(TestMethodWorker.java:109)
	at org.testng.TestRunner.privateRun(TestRunner.java:648)
	at org.testng.TestRunner.run(TestRunner.java:505)
	at org.testng.SuiteRunner.runTest(SuiteRunner.java:455)
	at org.testng.SuiteRunner.runSequentially(SuiteRunner.java:450)
	at org.testng.SuiteRunner.privateRun(SuiteRunner.java:415)
	at org.testng.SuiteRunner.run(SuiteRunner.java:364)
	at org.testng.SuiteRunnerWorker.runSuite(SuiteRunnerWorker.java:52)
	at org.testng.SuiteRunnerWorker.run(SuiteRunnerWorker.java:84)
	at org.testng.TestNG.runSuitesSequentially(TestNG.java:1208)
	at org.testng.TestNG.runSuitesLocally(TestNG.java:1137)
	at org.testng.TestNG.runSuites(TestNG.java:1049)
	at org.testng.TestNG.run(TestNG.java:1017)
	at org.gradle.api.internal.tasks.testing.testng.TestNGTestClassProcessor.runTests(TestNGTestClassProcessor.java:139)
	at org.gradle.api.internal.tasks.testing.testng.TestNGTestClassProcessor.stop(TestNGTestClassProcessor.java:89)
	at org.gradle.api.internal.tasks.testing.SuiteTestClassProcessor.stop(SuiteTestClassProcessor.java:61)
	at sun.reflect.NativeMethodAccessorImpl.invoke0(Native Method)
	at sun.reflect.NativeMethodAccessorImpl.invoke(NativeMethodAccessorImpl.java:62)
	at sun.reflect.DelegatingMethodAccessorImpl.invoke(DelegatingMethodAccessorImpl.java:43)
	at java.lang.reflect.Method.invoke(Method.java:498)
	at org.gradle.internal.dispatch.ReflectionDispatch.dispatch(ReflectionDispatch.java:35)
	at org.gradle.internal.dispatch.ReflectionDispatch.dispatch(ReflectionDispatch.java:24)
	at org.gradle.internal.dispatch.ContextClassLoaderDispatch.dispatch(ContextClassLoaderDispatch.java:32)
	at org.gradle.internal.dispatch.ProxyDispatchAdapter$DispatchingInvocationHandler.invoke(ProxyDispatchAdapter.java:93)
	at com.sun.proxy.$Proxy2.stop(Unknown Source)
	at org.gradle.api.internal.tasks.testing.worker.TestWorker.stop(TestWorker.java:131)
	at sun.reflect.NativeMethodAccessorImpl.invoke0(Native Method)
	at sun.reflect.NativeMethodAccessorImpl.invoke(NativeMethodAccessorImpl.java:62)
	at sun.reflect.DelegatingMethodAccessorImpl.invoke(DelegatingMethodAccessorImpl.java:43)
	at java.lang.reflect.Method.invoke(Method.java:498)
	at org.gradle.internal.dispatch.ReflectionDispatch.dispatch(ReflectionDispatch.java:35)
	at org.gradle.internal.dispatch.ReflectionDispatch.dispatch(ReflectionDispatch.java:24)
	at org.gradle.internal.remote.internal.hub.MessageHubBackedObjectConnection$DispatchWrapper.dispatch(MessageHubBackedObjectConnection.java:155)
	at org.gradle.internal.remote.internal.hub.MessageHubBackedObjectConnection$DispatchWrapper.dispatch(MessageHubBackedObjectConnection.java:137)
	at org.gradle.internal.remote.internal.hub.MessageHub$Handler.run(MessageHub.java:404)
	at org.gradle.internal.concurrent.ExecutorPolicy$CatchAndRecordFailures.onExecute(ExecutorPolicy.java:63)
	at org.gradle.internal.concurrent.ManagedExecutorImpl$1.run(ManagedExecutorImpl.java:46)
	at java.util.concurrent.ThreadPoolExecutor.runWorker(ThreadPoolExecutor.java:1149)
	at java.util.concurrent.ThreadPoolExecutor$Worker.run(ThreadPoolExecutor.java:624)
	at org.gradle.internal.concurrent.ThreadFactoryImpl$ManagedThreadRunnable.run(ThreadFactoryImpl.java:55)
	at java.lang.Thread.run(Thread.java:748)
</failure>
  </testcase>
  <testcase name="testSearchTrc20Text" classname="tron.tronscan.tronscanUI.SearchTest" time="10.38">
    <failure message="org.openqa.selenium.NoSuchElementException: no such element: Unable to locate element: {&quot;method&quot;:&quot;xpath&quot;,&quot;selector&quot;:&quot;//*[@id=&quot;_searchBox&quot;]/a/div/span/strong&quot;}&#10;  (Session info: chrome=80.0.3987.149)&#10;For documentation on this error, please visit: http://seleniumhq.org/exceptions/no_such_element.html&#10;Build info: version: '3.6.0', revision: '6fbf3ec767', time: '2017-09-27T15:28:36.4Z'&#10;System info: host: 'zhukaideiMac.local', ip: '127.0.0.1', os.name: 'Mac OS X', os.arch: 'x86_64', os.version: '10.15.3', java.version: '1.8.0_211'&#10;Driver info: org.openqa.selenium.chrome.ChromeDriver&#10;Capabilities [{networkConnectionEnabled=false, chrome={chromedriverVersion=80.0.3987.106 (f68069574609230cf9b635cd784cfb1bf81bb53a-refs/branch-heads/3987@{#882}), userDataDir=/var/folders/fs/0qxrqb5x7zg5dtqrhc9t0clm0000gn/T/.com.google.Chrome.n5N0Ub}, timeouts={implicit=0, pageLoad=300000, script=30000}, pageLoadStrategy=normal, unhandledPromptBehavior=dismiss and notify, strictFileInteractability=false, platform=MAC, proxy=Proxy(), goog:chromeOptions={debuggerAddress=localhost:61572}, acceptInsecureCerts=false, browserVersion=80.0.3987.149, browserName=chrome, javascriptEnabled=true, platformName=MAC, setWindowRect=true}]&#10;Session ID: 352fcbe0a9b96f08df50ee9297de9bf4&#10;*** Element info: {Using=xpath, value=//*[@id=&quot;_searchBox&quot;]/a/div/span/strong}" type="org.openqa.selenium.NoSuchElementException">org.openqa.selenium.NoSuchElementException: no such element: Unable to locate element: {&quot;method&quot;:&quot;xpath&quot;,&quot;selector&quot;:&quot;//*[@id=&quot;_searchBox&quot;]/a/div/span/strong&quot;}
  (Session info: chrome=80.0.3987.149)
For documentation on this error, please visit: http://seleniumhq.org/exceptions/no_such_element.html
Build info: version: '3.6.0', revision: '6fbf3ec767', time: '2017-09-27T15:28:36.4Z'
System info: host: 'zhukaideiMac.local', ip: '127.0.0.1', os.name: 'Mac OS X', os.arch: 'x86_64', os.version: '10.15.3', java.version: '1.8.0_211'
Driver info: org.openqa.selenium.chrome.ChromeDriver
Capabilities [{networkConnectionEnabled=false, chrome={chromedriverVersion=80.0.3987.106 (f68069574609230cf9b635cd784cfb1bf81bb53a-refs/branch-heads/3987@{#882}), userDataDir=/var/folders/fs/0qxrqb5x7zg5dtqrhc9t0clm0000gn/T/.com.google.Chrome.n5N0Ub}, timeouts={implicit=0, pageLoad=300000, script=30000}, pageLoadStrategy=normal, unhandledPromptBehavior=dismiss and notify, strictFileInteractability=false, platform=MAC, proxy=Proxy(), goog:chromeOptions={debuggerAddress=localhost:61572}, acceptInsecureCerts=false, browserVersion=80.0.3987.149, browserName=chrome, javascriptEnabled=true, platformName=MAC, setWindowRect=true}]
Session ID: 352fcbe0a9b96f08df50ee9297de9bf4
*** Element info: {Using=xpath, value=//*[@id=&quot;_searchBox&quot;]/a/div/span/strong}
	at sun.reflect.NativeConstructorAccessorImpl.newInstance0(Native Method)
	at sun.reflect.NativeConstructorAccessorImpl.newInstance(NativeConstructorAccessorImpl.java:62)
	at sun.reflect.DelegatingConstructorAccessorImpl.newInstance(DelegatingConstructorAccessorImpl.java:45)
	at java.lang.reflect.Constructor.newInstance(Constructor.java:423)
	at org.openqa.selenium.remote.http.W3CHttpResponseCodec.createException(W3CHttpResponseCodec.java:185)
	at org.openqa.selenium.remote.http.W3CHttpResponseCodec.decode(W3CHttpResponseCodec.java:120)
	at org.openqa.selenium.remote.http.W3CHttpResponseCodec.decode(W3CHttpResponseCodec.java:49)
	at org.openqa.selenium.remote.HttpCommandExecutor.execute(HttpCommandExecutor.java:164)
	at org.openqa.selenium.remote.service.DriverCommandExecutor.execute(DriverCommandExecutor.java:83)
	at org.openqa.selenium.remote.RemoteWebDriver.execute(RemoteWebDriver.java:586)
	at org.openqa.selenium.remote.RemoteWebDriver.findElement(RemoteWebDriver.java:356)
	at org.openqa.selenium.remote.RemoteWebDriver.findElementByXPath(RemoteWebDriver.java:458)
	at org.openqa.selenium.By$ByXPath.findElement(By.java:361)
	at org.openqa.selenium.remote.RemoteWebDriver.findElement(RemoteWebDriver.java:348)
	at tron.tronscan.tronscanUI.SearchTest.testSearchTrc20Text(SearchTest.java:61)
	at sun.reflect.NativeMethodAccessorImpl.invoke0(Native Method)
	at sun.reflect.NativeMethodAccessorImpl.invoke(NativeMethodAccessorImpl.java:62)
	at sun.reflect.DelegatingMethodAccessorImpl.invoke(DelegatingMethodAccessorImpl.java:43)
	at java.lang.reflect.Method.invoke(Method.java:498)
	at org.testng.internal.MethodInvocationHelper.invokeMethod(MethodInvocationHelper.java:124)
	at org.testng.internal.Invoker.invokeMethod(Invoker.java:583)
	at org.testng.internal.Invoker.invokeTestMethod(Invoker.java:719)
	at org.testng.internal.Invoker.invokeTestMethods(Invoker.java:989)
	at org.testng.internal.TestMethodWorker.invokeTestMethods(TestMethodWorker.java:125)
	at org.testng.internal.TestMethodWorker.run(TestMethodWorker.java:109)
	at org.testng.TestRunner.privateRun(TestRunner.java:648)
	at org.testng.TestRunner.run(TestRunner.java:505)
	at org.testng.SuiteRunner.runTest(SuiteRunner.java:455)
	at org.testng.SuiteRunner.runSequentially(SuiteRunner.java:450)
	at org.testng.SuiteRunner.privateRun(SuiteRunner.java:415)
	at org.testng.SuiteRunner.run(SuiteRunner.java:364)
	at org.testng.SuiteRunnerWorker.runSuite(SuiteRunnerWorker.java:52)
	at org.testng.SuiteRunnerWorker.run(SuiteRunnerWorker.java:84)
	at org.testng.TestNG.runSuitesSequentially(TestNG.java:1208)
	at org.testng.TestNG.runSuitesLocally(TestNG.java:1137)
	at org.testng.TestNG.runSuites(TestNG.java:1049)
	at org.testng.TestNG.run(TestNG.java:1017)
	at org.gradle.api.internal.tasks.testing.testng.TestNGTestClassProcessor.runTests(TestNGTestClassProcessor.java:139)
	at org.gradle.api.internal.tasks.testing.testng.TestNGTestClassProcessor.stop(TestNGTestClassProcessor.java:89)
	at org.gradle.api.internal.tasks.testing.SuiteTestClassProcessor.stop(SuiteTestClassProcessor.java:61)
	at sun.reflect.NativeMethodAccessorImpl.invoke0(Native Method)
	at sun.reflect.NativeMethodAccessorImpl.invoke(NativeMethodAccessorImpl.java:62)
	at sun.reflect.DelegatingMethodAccessorImpl.invoke(DelegatingMethodAccessorImpl.java:43)
	at java.lang.reflect.Method.invoke(Method.java:498)
	at org.gradle.internal.dispatch.ReflectionDispatch.dispatch(ReflectionDispatch.java:35)
	at org.gradle.internal.dispatch.ReflectionDispatch.dispatch(ReflectionDispatch.java:24)
	at org.gradle.internal.dispatch.ContextClassLoaderDispatch.dispatch(ContextClassLoaderDispatch.java:32)
	at org.gradle.internal.dispatch.ProxyDispatchAdapter$DispatchingInvocationHandler.invoke(ProxyDispatchAdapter.java:93)
	at com.sun.proxy.$Proxy2.stop(Unknown Source)
	at org.gradle.api.internal.tasks.testing.worker.TestWorker.stop(TestWorker.java:131)
	at sun.reflect.NativeMethodAccessorImpl.invoke0(Native Method)
	at sun.reflect.NativeMethodAccessorImpl.invoke(NativeMethodAccessorImpl.java:62)
	at sun.reflect.DelegatingMethodAccessorImpl.invoke(DelegatingMethodAccessorImpl.java:43)
	at java.lang.reflect.Method.invoke(Method.java:498)
	at org.gradle.internal.dispatch.ReflectionDispatch.dispatch(ReflectionDispatch.java:35)
	at org.gradle.internal.dispatch.ReflectionDispatch.dispatch(ReflectionDispatch.java:24)
	at org.gradle.internal.remote.internal.hub.MessageHubBackedObjectConnection$DispatchWrapper.dispatch(MessageHubBackedObjectConnection.java:155)
	at org.gradle.internal.remote.internal.hub.MessageHubBackedObjectConnection$DispatchWrapper.dispatch(MessageHubBackedObjectConnection.java:137)
	at org.gradle.internal.remote.internal.hub.MessageHub$Handler.run(MessageHub.java:404)
	at org.gradle.internal.concurrent.ExecutorPolicy$CatchAndRecordFailures.onExecute(ExecutorPolicy.java:63)
	at org.gradle.internal.concurrent.ManagedExecutorImpl$1.run(ManagedExecutorImpl.java:46)
	at java.util.concurrent.ThreadPoolExecutor.runWorker(ThreadPoolExecutor.java:1149)
	at java.util.concurrent.ThreadPoolExecutor$Worker.run(ThreadPoolExecutor.java:624)
	at org.gradle.internal.concurrent.ThreadFactoryImpl$ManagedThreadRunnable.run(ThreadFactoryImpl.java:55)
	at java.lang.Thread.run(Thread.java:748)
</failure>
  </testcase>
  <system-out><![CDATA[12:53:41.731 [Forwarding newSession on session null to remote] DEBUG org.apache.http.client.protocol.RequestAddCookies - CookieSpec selected: default
12:53:41.731 [Forwarding newSession on session null to remote] DEBUG org.apache.http.client.protocol.RequestAuthCache - Auth cache not set in the context
12:53:41.731 [Forwarding newSession on session null to remote] DEBUG org.apache.http.impl.conn.PoolingHttpClientConnectionManager - Connection request: [route: {}->http://localhost:20663][total kept alive: 9; route allocated: 0 of 2000; total allocated: 9 of 2000]
12:53:41.731 [Forwarding newSession on session null to remote] DEBUG org.apache.http.impl.conn.PoolingHttpClientConnectionManager - Connection leased: [id: 27][route: {}->http://localhost:20663][total kept alive: 9; route allocated: 1 of 2000; total allocated: 10 of 2000]
12:53:41.731 [Forwarding newSession on session null to remote] DEBUG org.apache.http.impl.execchain.MainClientExec - Opening connection {}->http://localhost:20663
12:53:41.731 [Forwarding newSession on session null to remote] DEBUG org.apache.http.impl.conn.DefaultHttpClientConnectionOperator - Connecting to localhost/127.0.0.1:20663
12:53:41.731 [Forwarding newSession on session null to remote] DEBUG org.apache.http.impl.conn.DefaultHttpClientConnectionOperator - Connection established 127.0.0.1:61571<->127.0.0.1:20663
12:53:41.731 [Forwarding newSession on session null to remote] DEBUG org.apache.http.impl.conn.DefaultManagedHttpClientConnection - http-outgoing-27: set socket timeout to 10800000
12:53:41.731 [Forwarding newSession on session null to remote] DEBUG org.apache.http.impl.execchain.MainClientExec - Executing request POST /session HTTP/1.1
12:53:41.731 [Forwarding newSession on session null to remote] DEBUG org.apache.http.impl.execchain.MainClientExec - Target auth state: UNCHALLENGED
12:53:41.731 [Forwarding newSession on session null to remote] DEBUG org.apache.http.impl.execchain.MainClientExec - Proxy auth state: UNCHALLENGED
12:53:41.731 [Forwarding newSession on session null to remote] DEBUG org.apache.http.headers - http-outgoing-27 >> POST /session HTTP/1.1
12:53:41.731 [Forwarding newSession on session null to remote] DEBUG org.apache.http.headers - http-outgoing-27 >> Content-Type: application/json; charset=utf-8
12:53:41.731 [Forwarding newSession on session null to remote] DEBUG org.apache.http.headers - http-outgoing-27 >> Content-Length: 560
12:53:41.731 [Forwarding newSession on session null to remote] DEBUG org.apache.http.headers - http-outgoing-27 >> Host: localhost:20663
12:53:41.731 [Forwarding newSession on session null to remote] DEBUG org.apache.http.headers - http-outgoing-27 >> Connection: Keep-Alive
12:53:41.731 [Forwarding newSession on session null to remote] DEBUG org.apache.http.headers - http-outgoing-27 >> User-Agent: Apache-HttpClient/4.5.3 (Java/1.8.0_211)
12:53:41.731 [Forwarding newSession on session null to remote] DEBUG org.apache.http.headers - http-outgoing-27 >> Accept-Encoding: gzip,deflate
12:53:41.731 [Forwarding newSession on session null to remote] DEBUG org.apache.http.wire - http-outgoing-27 >> "POST /session HTTP/1.1[\r][\n]"
12:53:41.731 [Forwarding newSession on session null to remote] DEBUG org.apache.http.wire - http-outgoing-27 >> "Content-Type: application/json; charset=utf-8[\r][\n]"
12:53:41.731 [Forwarding newSession on session null to remote] DEBUG org.apache.http.wire - http-outgoing-27 >> "Content-Length: 560[\r][\n]"
12:53:41.731 [Forwarding newSession on session null to remote] DEBUG org.apache.http.wire - http-outgoing-27 >> "Host: localhost:20663[\r][\n]"
12:53:41.731 [Forwarding newSession on session null to remote] DEBUG org.apache.http.wire - http-outgoing-27 >> "Connection: Keep-Alive[\r][\n]"
12:53:41.731 [Forwarding newSession on session null to remote] DEBUG org.apache.http.wire - http-outgoing-27 >> "User-Agent: Apache-HttpClient/4.5.3 (Java/1.8.0_211)[\r][\n]"
12:53:41.731 [Forwarding newSession on session null to remote] DEBUG org.apache.http.wire - http-outgoing-27 >> "Accept-Encoding: gzip,deflate[\r][\n]"
12:53:41.731 [Forwarding newSession on session null to remote] DEBUG org.apache.http.wire - http-outgoing-27 >> "[\r][\n]"
12:53:41.731 [Forwarding newSession on session null to remote] DEBUG org.apache.http.wire - http-outgoing-27 >> "{[\n]"
12:53:41.731 [Forwarding newSession on session null to remote] DEBUG org.apache.http.wire - http-outgoing-27 >> "  "desiredCapabilities": {[\n]"
12:53:41.731 [Forwarding newSession on session null to remote] DEBUG org.apache.http.wire - http-outgoing-27 >> "    "browserName": "chrome",[\n]"
12:53:41.731 [Forwarding newSession on session null to remote] DEBUG org.apache.http.wire - http-outgoing-27 >> "    "goog:chromeOptions": {[\n]"
12:53:41.731 [Forwarding newSession on session null to remote] DEBUG org.apache.http.wire - http-outgoing-27 >> "      "args": [],[\n]"
12:53:41.731 [Forwarding newSession on session null to remote] DEBUG org.apache.http.wire - http-outgoing-27 >> "      "extensions": [][\n]"
12:53:41.731 [Forwarding newSession on session null to remote] DEBUG org.apache.http.wire - http-outgoing-27 >> "    }[\n]"
12:53:41.732 [Forwarding newSession on session null to remote] DEBUG org.apache.http.wire - http-outgoing-27 >> "  },[\n]"
12:53:41.732 [Forwarding newSession on session null to remote] DEBUG org.apache.http.wire - http-outgoing-27 >> "  "requiredCapabilities": {},[\n]"
12:53:41.732 [Forwarding newSession on session null to remote] DEBUG org.apache.http.wire - http-outgoing-27 >> "  "capabilities": {[\n]"
12:53:41.732 [Forwarding newSession on session null to remote] DEBUG org.apache.http.wire - http-outgoing-27 >> "    "desiredCapabilities": {[\n]"
12:53:41.732 [Forwarding newSession on session null to remote] DEBUG org.apache.http.wire - http-outgoing-27 >> "      "browserName": "chrome",[\n]"
12:53:41.732 [Forwarding newSession on session null to remote] DEBUG org.apache.http.wire - http-outgoing-27 >> "      "goog:chromeOptions": {[\n]"
12:53:41.732 [Forwarding newSession on session null to remote] DEBUG org.apache.http.wire - http-outgoing-27 >> "        "args": [],[\n]"
12:53:41.732 [Forwarding newSession on session null to remote] DEBUG org.apache.http.wire - http-outgoing-27 >> "        "extensions": [][\n]"
12:53:41.732 [Forwarding newSession on session null to remote] DEBUG org.apache.http.wire - http-outgoing-27 >> "      }[\n]"
12:53:41.732 [Forwarding newSession on session null to remote] DEBUG org.apache.http.wire - http-outgoing-27 >> "    },[\n]"
12:53:41.732 [Forwarding newSession on session null to remote] DEBUG org.apache.http.wire - http-outgoing-27 >> "    "requiredCapabilities": {},[\n]"
12:53:41.732 [Forwarding newSession on session null to remote] DEBUG org.apache.http.wire - http-outgoing-27 >> "    "alwaysMatch": {[\n]"
12:53:41.732 [Forwarding newSession on session null to remote] DEBUG org.apache.http.wire - http-outgoing-27 >> "      "goog:chromeOptions": {[\n]"
12:53:41.732 [Forwarding newSession on session null to remote] DEBUG org.apache.http.wire - http-outgoing-27 >> "        "args": [],[\n]"
12:53:41.732 [Forwarding newSession on session null to remote] DEBUG org.apache.http.wire - http-outgoing-27 >> "        "extensions": [][\n]"
12:53:41.732 [Forwarding newSession on session null to remote] DEBUG org.apache.http.wire - http-outgoing-27 >> "      }[\n]"
12:53:41.732 [Forwarding newSession on session null to remote] DEBUG org.apache.http.wire - http-outgoing-27 >> "    },[\n]"
12:53:41.732 [Forwarding newSession on session null to remote] DEBUG org.apache.http.wire - http-outgoing-27 >> "    "firstMatch": [[\n]"
12:53:41.732 [Forwarding newSession on session null to remote] DEBUG org.apache.http.wire - http-outgoing-27 >> "      {[\n]"
12:53:41.732 [Forwarding newSession on session null to remote] DEBUG org.apache.http.wire - http-outgoing-27 >> "        "browserName": "chrome"[\n]"
12:53:41.732 [Forwarding newSession on session null to remote] DEBUG org.apache.http.wire - http-outgoing-27 >> "      }[\n]"
12:53:41.732 [Forwarding newSession on session null to remote] DEBUG org.apache.http.wire - http-outgoing-27 >> "    ][\n]"
12:53:41.732 [Forwarding newSession on session null to remote] DEBUG org.apache.http.wire - http-outgoing-27 >> "  }[\n]"
12:53:41.732 [Forwarding newSession on session null to remote] DEBUG org.apache.http.wire - http-outgoing-27 >> "}"
12:53:42.272 [Forwarding newSession on session null to remote] DEBUG org.apache.http.wire - http-outgoing-27 << "HTTP/1.1 200 OK[\r][\n]"
12:53:42.272 [Forwarding newSession on session null to remote] DEBUG org.apache.http.wire - http-outgoing-27 << "Content-Length:690[\r][\n]"
12:53:42.272 [Forwarding newSession on session null to remote] DEBUG org.apache.http.wire - http-outgoing-27 << "Content-Type:application/json; charset=utf-8[\r][\n]"
12:53:42.272 [Forwarding newSession on session null to remote] DEBUG org.apache.http.wire - http-outgoing-27 << "cache-control:no-cache[\r][\n]"
12:53:42.272 [Forwarding newSession on session null to remote] DEBUG org.apache.http.wire - http-outgoing-27 << "[\r][\n]"
12:53:42.272 [Forwarding newSession on session null to remote] DEBUG org.apache.http.wire - http-outgoing-27 << "{"value":{"capabilities":{"acceptInsecureCerts":false,"browserName":"chrome","browserVersion":"80.0.3987.149","chrome":{"chromedriverVersion":"80.0.3987.106 (f68069574609230cf9b635cd784cfb1bf81bb53a-refs/branch-heads/3987@{#882})","userDataDir":"/var/folders/fs/0qxrqb5x7zg5dtqrhc9t0clm0000gn/T/.com.google.Chrome.n5N0Ub"},"goog:chromeOptions":{"debuggerAddress":"localhost:61572"},"networkConnectionEnabled":false,"pageLoadStrategy":"normal","platformName":"mac os x","proxy":{},"setWindowRect":true,"strictFileInteractability":false,"timeouts":{"implicit":0,"pageLoad":300000,"script":30000},"unhandledPromptBehavior":"dismiss and notify"},"sessionId":"352fcbe0a9b96f08df50ee9297de9bf4"}}"
12:53:42.272 [Forwarding newSession on session null to remote] DEBUG org.apache.http.headers - http-outgoing-27 << HTTP/1.1 200 OK
12:53:42.272 [Forwarding newSession on session null to remote] DEBUG org.apache.http.headers - http-outgoing-27 << Content-Length:690
12:53:42.272 [Forwarding newSession on session null to remote] DEBUG org.apache.http.headers - http-outgoing-27 << Content-Type:application/json; charset=utf-8
12:53:42.272 [Forwarding newSession on session null to remote] DEBUG org.apache.http.headers - http-outgoing-27 << cache-control:no-cache
12:53:42.272 [Forwarding newSession on session null to remote] DEBUG org.apache.http.impl.execchain.MainClientExec - Connection can be kept alive indefinitely
12:53:42.272 [Forwarding newSession on session null to remote] DEBUG org.apache.http.impl.conn.PoolingHttpClientConnectionManager - Connection [id: 27][route: {}->http://localhost:20663] can be kept alive indefinitely
12:53:42.272 [Forwarding newSession on session null to remote] DEBUG org.apache.http.impl.conn.PoolingHttpClientConnectionManager - Connection released: [id: 27][route: {}->http://localhost:20663][total kept alive: 10; route allocated: 1 of 2000; total allocated: 10 of 2000]
12:53:42.275 [Forwarding get on session 352fcbe0a9b96f08df50ee9297de9bf4 to remote] DEBUG org.apache.http.client.protocol.RequestAddCookies - CookieSpec selected: default
12:53:42.275 [Forwarding get on session 352fcbe0a9b96f08df50ee9297de9bf4 to remote] DEBUG org.apache.http.client.protocol.RequestAuthCache - Auth cache not set in the context
12:53:42.275 [Forwarding get on session 352fcbe0a9b96f08df50ee9297de9bf4 to remote] DEBUG org.apache.http.impl.conn.PoolingHttpClientConnectionManager - Connection request: [route: {}->http://localhost:20663][total kept alive: 10; route allocated: 1 of 2000; total allocated: 10 of 2000]
12:53:42.275 [Forwarding get on session 352fcbe0a9b96f08df50ee9297de9bf4 to remote] DEBUG org.apache.http.impl.conn.PoolingHttpClientConnectionManager - Connection leased: [id: 27][route: {}->http://localhost:20663][total kept alive: 9; route allocated: 1 of 2000; total allocated: 10 of 2000]
12:53:42.275 [Forwarding get on session 352fcbe0a9b96f08df50ee9297de9bf4 to remote] DEBUG org.apache.http.impl.execchain.MainClientExec - Stale connection check
12:53:42.276 [Forwarding get on session 352fcbe0a9b96f08df50ee9297de9bf4 to remote] DEBUG org.apache.http.wire - http-outgoing-27 << "[read] I/O error: Read timed out"
12:53:42.276 [Forwarding get on session 352fcbe0a9b96f08df50ee9297de9bf4 to remote] DEBUG org.apache.http.impl.conn.DefaultManagedHttpClientConnection - http-outgoing-27: set socket timeout to 10800000
12:53:42.276 [Forwarding get on session 352fcbe0a9b96f08df50ee9297de9bf4 to remote] DEBUG org.apache.http.impl.execchain.MainClientExec - Executing request POST /session/352fcbe0a9b96f08df50ee9297de9bf4/url HTTP/1.1
12:53:42.276 [Forwarding get on session 352fcbe0a9b96f08df50ee9297de9bf4 to remote] DEBUG org.apache.http.impl.execchain.MainClientExec - Target auth state: UNCHALLENGED
12:53:42.276 [Forwarding get on session 352fcbe0a9b96f08df50ee9297de9bf4 to remote] DEBUG org.apache.http.impl.execchain.MainClientExec - Proxy auth state: UNCHALLENGED
12:53:42.276 [Forwarding get on session 352fcbe0a9b96f08df50ee9297de9bf4 to remote] DEBUG org.apache.http.headers - http-outgoing-27 >> POST /session/352fcbe0a9b96f08df50ee9297de9bf4/url HTTP/1.1
12:53:42.276 [Forwarding get on session 352fcbe0a9b96f08df50ee9297de9bf4 to remote] DEBUG org.apache.http.headers - http-outgoing-27 >> Content-Type: application/json; charset=utf-8
12:53:42.276 [Forwarding get on session 352fcbe0a9b96f08df50ee9297de9bf4 to remote] DEBUG org.apache.http.headers - http-outgoing-27 >> Content-Length: 33
12:53:42.276 [Forwarding get on session 352fcbe0a9b96f08df50ee9297de9bf4 to remote] DEBUG org.apache.http.headers - http-outgoing-27 >> Host: localhost:20663
12:53:42.276 [Forwarding get on session 352fcbe0a9b96f08df50ee9297de9bf4 to remote] DEBUG org.apache.http.headers - http-outgoing-27 >> Connection: Keep-Alive
12:53:42.276 [Forwarding get on session 352fcbe0a9b96f08df50ee9297de9bf4 to remote] DEBUG org.apache.http.headers - http-outgoing-27 >> User-Agent: Apache-HttpClient/4.5.3 (Java/1.8.0_211)
12:53:42.276 [Forwarding get on session 352fcbe0a9b96f08df50ee9297de9bf4 to remote] DEBUG org.apache.http.headers - http-outgoing-27 >> Accept-Encoding: gzip,deflate
12:53:42.276 [Forwarding get on session 352fcbe0a9b96f08df50ee9297de9bf4 to remote] DEBUG org.apache.http.wire - http-outgoing-27 >> "POST /session/352fcbe0a9b96f08df50ee9297de9bf4/url HTTP/1.1[\r][\n]"
12:53:42.276 [Forwarding get on session 352fcbe0a9b96f08df50ee9297de9bf4 to remote] DEBUG org.apache.http.wire - http-outgoing-27 >> "Content-Type: application/json; charset=utf-8[\r][\n]"
12:53:42.276 [Forwarding get on session 352fcbe0a9b96f08df50ee9297de9bf4 to remote] DEBUG org.apache.http.wire - http-outgoing-27 >> "Content-Length: 33[\r][\n]"
12:53:42.276 [Forwarding get on session 352fcbe0a9b96f08df50ee9297de9bf4 to remote] DEBUG org.apache.http.wire - http-outgoing-27 >> "Host: localhost:20663[\r][\n]"
12:53:42.276 [Forwarding get on session 352fcbe0a9b96f08df50ee9297de9bf4 to remote] DEBUG org.apache.http.wire - http-outgoing-27 >> "Connection: Keep-Alive[\r][\n]"
12:53:42.276 [Forwarding get on session 352fcbe0a9b96f08df50ee9297de9bf4 to remote] DEBUG org.apache.http.wire - http-outgoing-27 >> "User-Agent: Apache-HttpClient/4.5.3 (Java/1.8.0_211)[\r][\n]"
12:53:42.276 [Forwarding get on session 352fcbe0a9b96f08df50ee9297de9bf4 to remote] DEBUG org.apache.http.wire - http-outgoing-27 >> "Accept-Encoding: gzip,deflate[\r][\n]"
12:53:42.276 [Forwarding get on session 352fcbe0a9b96f08df50ee9297de9bf4 to remote] DEBUG org.apache.http.wire - http-outgoing-27 >> "[\r][\n]"
12:53:42.276 [Forwarding get on session 352fcbe0a9b96f08df50ee9297de9bf4 to remote] DEBUG org.apache.http.wire - http-outgoing-27 >> "{"url":"https://tronscan.org/#/"}"
12:53:45.018 [Forwarding get on session 352fcbe0a9b96f08df50ee9297de9bf4 to remote] DEBUG org.apache.http.wire - http-outgoing-27 << "HTTP/1.1 200 OK[\r][\n]"
12:53:45.018 [Forwarding get on session 352fcbe0a9b96f08df50ee9297de9bf4 to remote] DEBUG org.apache.http.wire - http-outgoing-27 << "Content-Length:14[\r][\n]"
12:53:45.018 [Forwarding get on session 352fcbe0a9b96f08df50ee9297de9bf4 to remote] DEBUG org.apache.http.wire - http-outgoing-27 << "Content-Type:application/json; charset=utf-8[\r][\n]"
12:53:45.018 [Forwarding get on session 352fcbe0a9b96f08df50ee9297de9bf4 to remote] DEBUG org.apache.http.wire - http-outgoing-27 << "cache-control:no-cache[\r][\n]"
12:53:45.018 [Forwarding get on session 352fcbe0a9b96f08df50ee9297de9bf4 to remote] DEBUG org.apache.http.wire - http-outgoing-27 << "[\r][\n]"
12:53:45.018 [Forwarding get on session 352fcbe0a9b96f08df50ee9297de9bf4 to remote] DEBUG org.apache.http.wire - http-outgoing-27 << "{"value":null}"
12:53:45.018 [Forwarding get on session 352fcbe0a9b96f08df50ee9297de9bf4 to remote] DEBUG org.apache.http.headers - http-outgoing-27 << HTTP/1.1 200 OK
12:53:45.018 [Forwarding get on session 352fcbe0a9b96f08df50ee9297de9bf4 to remote] DEBUG org.apache.http.headers - http-outgoing-27 << Content-Length:14
12:53:45.018 [Forwarding get on session 352fcbe0a9b96f08df50ee9297de9bf4 to remote] DEBUG org.apache.http.headers - http-outgoing-27 << Content-Type:application/json; charset=utf-8
12:53:45.018 [Forwarding get on session 352fcbe0a9b96f08df50ee9297de9bf4 to remote] DEBUG org.apache.http.headers - http-outgoing-27 << cache-control:no-cache
12:53:45.018 [Forwarding get on session 352fcbe0a9b96f08df50ee9297de9bf4 to remote] DEBUG org.apache.http.impl.execchain.MainClientExec - Connection can be kept alive indefinitely
12:53:45.018 [Forwarding get on session 352fcbe0a9b96f08df50ee9297de9bf4 to remote] DEBUG org.apache.http.impl.conn.PoolingHttpClientConnectionManager - Connection [id: 27][route: {}->http://localhost:20663] can be kept alive indefinitely
12:53:45.018 [Forwarding get on session 352fcbe0a9b96f08df50ee9297de9bf4 to remote] DEBUG org.apache.http.impl.conn.PoolingHttpClientConnectionManager - Connection released: [id: 27][route: {}->http://localhost:20663][total kept alive: 10; route allocated: 1 of 2000; total allocated: 10 of 2000]
成功打开谷歌浏览器！
12:53:45.019 [Forwarding setTimeout on session 352fcbe0a9b96f08df50ee9297de9bf4 to remote] DEBUG org.apache.http.client.protocol.RequestAddCookies - CookieSpec selected: default
12:53:45.019 [Forwarding setTimeout on session 352fcbe0a9b96f08df50ee9297de9bf4 to remote] DEBUG org.apache.http.client.protocol.RequestAuthCache - Auth cache not set in the context
12:53:45.019 [Forwarding setTimeout on session 352fcbe0a9b96f08df50ee9297de9bf4 to remote] DEBUG org.apache.http.impl.conn.PoolingHttpClientConnectionManager - Connection request: [route: {}->http://localhost:20663][total kept alive: 10; route allocated: 1 of 2000; total allocated: 10 of 2000]
12:53:45.019 [Forwarding setTimeout on session 352fcbe0a9b96f08df50ee9297de9bf4 to remote] DEBUG org.apache.http.impl.conn.PoolingHttpClientConnectionManager - Connection leased: [id: 27][route: {}->http://localhost:20663][total kept alive: 9; route allocated: 1 of 2000; total allocated: 10 of 2000]
12:53:45.019 [Forwarding setTimeout on session 352fcbe0a9b96f08df50ee9297de9bf4 to remote] DEBUG org.apache.http.impl.execchain.MainClientExec - Stale connection check
12:53:45.020 [Forwarding setTimeout on session 352fcbe0a9b96f08df50ee9297de9bf4 to remote] DEBUG org.apache.http.wire - http-outgoing-27 << "[read] I/O error: Read timed out"
12:53:45.020 [Forwarding setTimeout on session 352fcbe0a9b96f08df50ee9297de9bf4 to remote] DEBUG org.apache.http.impl.conn.DefaultManagedHttpClientConnection - http-outgoing-27: set socket timeout to 10800000
12:53:45.020 [Forwarding setTimeout on session 352fcbe0a9b96f08df50ee9297de9bf4 to remote] DEBUG org.apache.http.impl.execchain.MainClientExec - Executing request POST /session/352fcbe0a9b96f08df50ee9297de9bf4/timeouts HTTP/1.1
12:53:45.020 [Forwarding setTimeout on session 352fcbe0a9b96f08df50ee9297de9bf4 to remote] DEBUG org.apache.http.impl.execchain.MainClientExec - Target auth state: UNCHALLENGED
12:53:45.020 [Forwarding setTimeout on session 352fcbe0a9b96f08df50ee9297de9bf4 to remote] DEBUG org.apache.http.impl.execchain.MainClientExec - Proxy auth state: UNCHALLENGED
12:53:45.020 [Forwarding setTimeout on session 352fcbe0a9b96f08df50ee9297de9bf4 to remote] DEBUG org.apache.http.headers - http-outgoing-27 >> POST /session/352fcbe0a9b96f08df50ee9297de9bf4/timeouts HTTP/1.1
12:53:45.020 [Forwarding setTimeout on session 352fcbe0a9b96f08df50ee9297de9bf4 to remote] DEBUG org.apache.http.headers - http-outgoing-27 >> Content-Type: application/json; charset=utf-8
12:53:45.020 [Forwarding setTimeout on session 352fcbe0a9b96f08df50ee9297de9bf4 to remote] DEBUG org.apache.http.headers - http-outgoing-27 >> Content-Length: 18
12:53:45.020 [Forwarding setTimeout on session 352fcbe0a9b96f08df50ee9297de9bf4 to remote] DEBUG org.apache.http.headers - http-outgoing-27 >> Host: localhost:20663
12:53:45.020 [Forwarding setTimeout on session 352fcbe0a9b96f08df50ee9297de9bf4 to remote] DEBUG org.apache.http.headers - http-outgoing-27 >> Connection: Keep-Alive
12:53:45.020 [Forwarding setTimeout on session 352fcbe0a9b96f08df50ee9297de9bf4 to remote] DEBUG org.apache.http.headers - http-outgoing-27 >> User-Agent: Apache-HttpClient/4.5.3 (Java/1.8.0_211)
12:53:45.020 [Forwarding setTimeout on session 352fcbe0a9b96f08df50ee9297de9bf4 to remote] DEBUG org.apache.http.headers - http-outgoing-27 >> Accept-Encoding: gzip,deflate
12:53:45.020 [Forwarding setTimeout on session 352fcbe0a9b96f08df50ee9297de9bf4 to remote] DEBUG org.apache.http.wire - http-outgoing-27 >> "POST /session/352fcbe0a9b96f08df50ee9297de9bf4/timeouts HTTP/1.1[\r][\n]"
12:53:45.020 [Forwarding setTimeout on session 352fcbe0a9b96f08df50ee9297de9bf4 to remote] DEBUG org.apache.http.wire - http-outgoing-27 >> "Content-Type: application/json; charset=utf-8[\r][\n]"
12:53:45.020 [Forwarding setTimeout on session 352fcbe0a9b96f08df50ee9297de9bf4 to remote] DEBUG org.apache.http.wire - http-outgoing-27 >> "Content-Length: 18[\r][\n]"
12:53:45.020 [Forwarding setTimeout on session 352fcbe0a9b96f08df50ee9297de9bf4 to remote] DEBUG org.apache.http.wire - http-outgoing-27 >> "Host: localhost:20663[\r][\n]"
12:53:45.020 [Forwarding setTimeout on session 352fcbe0a9b96f08df50ee9297de9bf4 to remote] DEBUG org.apache.http.wire - http-outgoing-27 >> "Connection: Keep-Alive[\r][\n]"
12:53:45.020 [Forwarding setTimeout on session 352fcbe0a9b96f08df50ee9297de9bf4 to remote] DEBUG org.apache.http.wire - http-outgoing-27 >> "User-Agent: Apache-HttpClient/4.5.3 (Java/1.8.0_211)[\r][\n]"
12:53:45.020 [Forwarding setTimeout on session 352fcbe0a9b96f08df50ee9297de9bf4 to remote] DEBUG org.apache.http.wire - http-outgoing-27 >> "Accept-Encoding: gzip,deflate[\r][\n]"
12:53:45.020 [Forwarding setTimeout on session 352fcbe0a9b96f08df50ee9297de9bf4 to remote] DEBUG org.apache.http.wire - http-outgoing-27 >> "[\r][\n]"
12:53:45.020 [Forwarding setTimeout on session 352fcbe0a9b96f08df50ee9297de9bf4 to remote] DEBUG org.apache.http.wire - http-outgoing-27 >> "{"implicit":10000}"
12:53:45.020 [Forwarding setTimeout on session 352fcbe0a9b96f08df50ee9297de9bf4 to remote] DEBUG org.apache.http.wire - http-outgoing-27 << "HTTP/1.1 200 OK[\r][\n]"
12:53:45.020 [Forwarding setTimeout on session 352fcbe0a9b96f08df50ee9297de9bf4 to remote] DEBUG org.apache.http.wire - http-outgoing-27 << "Content-Length:14[\r][\n]"
12:53:45.020 [Forwarding setTimeout on session 352fcbe0a9b96f08df50ee9297de9bf4 to remote] DEBUG org.apache.http.wire - http-outgoing-27 << "Content-Type:application/json; charset=utf-8[\r][\n]"
12:53:45.020 [Forwarding setTimeout on session 352fcbe0a9b96f08df50ee9297de9bf4 to remote] DEBUG org.apache.http.wire - http-outgoing-27 << "cache-control:no-cache[\r][\n]"
12:53:45.020 [Forwarding setTimeout on session 352fcbe0a9b96f08df50ee9297de9bf4 to remote] DEBUG org.apache.http.wire - http-outgoing-27 << "[\r][\n]"
12:53:45.020 [Forwarding setTimeout on session 352fcbe0a9b96f08df50ee9297de9bf4 to remote] DEBUG org.apache.http.wire - http-outgoing-27 << "{"value":null}"
12:53:45.020 [Forwarding setTimeout on session 352fcbe0a9b96f08df50ee9297de9bf4 to remote] DEBUG org.apache.http.headers - http-outgoing-27 << HTTP/1.1 200 OK
12:53:45.020 [Forwarding setTimeout on session 352fcbe0a9b96f08df50ee9297de9bf4 to remote] DEBUG org.apache.http.headers - http-outgoing-27 << Content-Length:14
12:53:45.020 [Forwarding setTimeout on session 352fcbe0a9b96f08df50ee9297de9bf4 to remote] DEBUG org.apache.http.headers - http-outgoing-27 << Content-Type:application/json; charset=utf-8
12:53:45.020 [Forwarding setTimeout on session 352fcbe0a9b96f08df50ee9297de9bf4 to remote] DEBUG org.apache.http.headers - http-outgoing-27 << cache-control:no-cache
12:53:45.020 [Forwarding setTimeout on session 352fcbe0a9b96f08df50ee9297de9bf4 to remote] DEBUG org.apache.http.impl.execchain.MainClientExec - Connection can be kept alive indefinitely
12:53:45.020 [Forwarding setTimeout on session 352fcbe0a9b96f08df50ee9297de9bf4 to remote] DEBUG org.apache.http.impl.conn.PoolingHttpClientConnectionManager - Connection [id: 27][route: {}->http://localhost:20663] can be kept alive indefinitely
12:53:45.020 [Forwarding setTimeout on session 352fcbe0a9b96f08df50ee9297de9bf4 to remote] DEBUG org.apache.http.impl.conn.PoolingHttpClientConnectionManager - Connection released: [id: 27][route: {}->http://localhost:20663][total kept alive: 10; route allocated: 1 of 2000; total allocated: 10 of 2000]
12:53:45.021 [Forwarding findElement on session 352fcbe0a9b96f08df50ee9297de9bf4 to remote] DEBUG org.apache.http.client.protocol.RequestAddCookies - CookieSpec selected: default
12:53:45.021 [Forwarding findElement on session 352fcbe0a9b96f08df50ee9297de9bf4 to remote] DEBUG org.apache.http.client.protocol.RequestAuthCache - Auth cache not set in the context
12:53:45.021 [Forwarding findElement on session 352fcbe0a9b96f08df50ee9297de9bf4 to remote] DEBUG org.apache.http.impl.conn.PoolingHttpClientConnectionManager - Connection request: [route: {}->http://localhost:20663][total kept alive: 10; route allocated: 1 of 2000; total allocated: 10 of 2000]
12:53:45.021 [Forwarding findElement on session 352fcbe0a9b96f08df50ee9297de9bf4 to remote] DEBUG org.apache.http.impl.conn.PoolingHttpClientConnectionManager - Connection leased: [id: 27][route: {}->http://localhost:20663][total kept alive: 9; route allocated: 1 of 2000; total allocated: 10 of 2000]
12:53:45.021 [Forwarding findElement on session 352fcbe0a9b96f08df50ee9297de9bf4 to remote] DEBUG org.apache.http.impl.execchain.MainClientExec - Stale connection check
12:53:45.022 [Forwarding findElement on session 352fcbe0a9b96f08df50ee9297de9bf4 to remote] DEBUG org.apache.http.wire - http-outgoing-27 << "[read] I/O error: Read timed out"
12:53:45.022 [Forwarding findElement on session 352fcbe0a9b96f08df50ee9297de9bf4 to remote] DEBUG org.apache.http.impl.conn.DefaultManagedHttpClientConnection - http-outgoing-27: set socket timeout to 10800000
12:53:45.022 [Forwarding findElement on session 352fcbe0a9b96f08df50ee9297de9bf4 to remote] DEBUG org.apache.http.impl.execchain.MainClientExec - Executing request POST /session/352fcbe0a9b96f08df50ee9297de9bf4/element HTTP/1.1
12:53:45.022 [Forwarding findElement on session 352fcbe0a9b96f08df50ee9297de9bf4 to remote] DEBUG org.apache.http.impl.execchain.MainClientExec - Target auth state: UNCHALLENGED
12:53:45.022 [Forwarding findElement on session 352fcbe0a9b96f08df50ee9297de9bf4 to remote] DEBUG org.apache.http.impl.execchain.MainClientExec - Proxy auth state: UNCHALLENGED
12:53:45.022 [Forwarding findElement on session 352fcbe0a9b96f08df50ee9297de9bf4 to remote] DEBUG org.apache.http.headers - http-outgoing-27 >> POST /session/352fcbe0a9b96f08df50ee9297de9bf4/element HTTP/1.1
12:53:45.022 [Forwarding findElement on session 352fcbe0a9b96f08df50ee9297de9bf4 to remote] DEBUG org.apache.http.headers - http-outgoing-27 >> Content-Type: application/json; charset=utf-8
12:53:45.022 [Forwarding findElement on session 352fcbe0a9b96f08df50ee9297de9bf4 to remote] DEBUG org.apache.http.headers - http-outgoing-27 >> Content-Length: 85
12:53:45.022 [Forwarding findElement on session 352fcbe0a9b96f08df50ee9297de9bf4 to remote] DEBUG org.apache.http.headers - http-outgoing-27 >> Host: localhost:20663
12:53:45.022 [Forwarding findElement on session 352fcbe0a9b96f08df50ee9297de9bf4 to remote] DEBUG org.apache.http.headers - http-outgoing-27 >> Connection: Keep-Alive
12:53:45.022 [Forwarding findElement on session 352fcbe0a9b96f08df50ee9297de9bf4 to remote] DEBUG org.apache.http.headers - http-outgoing-27 >> User-Agent: Apache-HttpClient/4.5.3 (Java/1.8.0_211)
12:53:45.022 [Forwarding findElement on session 352fcbe0a9b96f08df50ee9297de9bf4 to remote] DEBUG org.apache.http.headers - http-outgoing-27 >> Accept-Encoding: gzip,deflate
12:53:45.022 [Forwarding findElement on session 352fcbe0a9b96f08df50ee9297de9bf4 to remote] DEBUG org.apache.http.wire - http-outgoing-27 >> "POST /session/352fcbe0a9b96f08df50ee9297de9bf4/element HTTP/1.1[\r][\n]"
12:53:45.022 [Forwarding findElement on session 352fcbe0a9b96f08df50ee9297de9bf4 to remote] DEBUG org.apache.http.wire - http-outgoing-27 >> "Content-Type: application/json; charset=utf-8[\r][\n]"
12:53:45.022 [Forwarding findElement on session 352fcbe0a9b96f08df50ee9297de9bf4 to remote] DEBUG org.apache.http.wire - http-outgoing-27 >> "Content-Length: 85[\r][\n]"
12:53:45.022 [Forwarding findElement on session 352fcbe0a9b96f08df50ee9297de9bf4 to remote] DEBUG org.apache.http.wire - http-outgoing-27 >> "Host: localhost:20663[\r][\n]"
12:53:45.022 [Forwarding findElement on session 352fcbe0a9b96f08df50ee9297de9bf4 to remote] DEBUG org.apache.http.wire - http-outgoing-27 >> "Connection: Keep-Alive[\r][\n]"
12:53:45.022 [Forwarding findElement on session 352fcbe0a9b96f08df50ee9297de9bf4 to remote] DEBUG org.apache.http.wire - http-outgoing-27 >> "User-Agent: Apache-HttpClient/4.5.3 (Java/1.8.0_211)[\r][\n]"
12:53:45.022 [Forwarding findElement on session 352fcbe0a9b96f08df50ee9297de9bf4 to remote] DEBUG org.apache.http.wire - http-outgoing-27 >> "Accept-Encoding: gzip,deflate[\r][\n]"
12:53:45.022 [Forwarding findElement on session 352fcbe0a9b96f08df50ee9297de9bf4 to remote] DEBUG org.apache.http.wire - http-outgoing-27 >> "[\r][\n]"
12:53:45.022 [Forwarding findElement on session 352fcbe0a9b96f08df50ee9297de9bf4 to remote] DEBUG org.apache.http.wire - http-outgoing-27 >> "{"value":"//*[@id=\"root\"]/div[1]/div[2]/div/div/div/div/div/input","using":"xpath"}"
12:53:45.094 [Forwarding findElement on session 352fcbe0a9b96f08df50ee9297de9bf4 to remote] DEBUG org.apache.http.wire - http-outgoing-27 << "HTTP/1.1 200 OK[\r][\n]"
12:53:45.094 [Forwarding findElement on session 352fcbe0a9b96f08df50ee9297de9bf4 to remote] DEBUG org.apache.http.wire - http-outgoing-27 << "Content-Length:88[\r][\n]"
12:53:45.094 [Forwarding findElement on session 352fcbe0a9b96f08df50ee9297de9bf4 to remote] DEBUG org.apache.http.wire - http-outgoing-27 << "Content-Type:application/json; charset=utf-8[\r][\n]"
12:53:45.094 [Forwarding findElement on session 352fcbe0a9b96f08df50ee9297de9bf4 to remote] DEBUG org.apache.http.wire - http-outgoing-27 << "cache-control:no-cache[\r][\n]"
12:53:45.094 [Forwarding findElement on session 352fcbe0a9b96f08df50ee9297de9bf4 to remote] DEBUG org.apache.http.wire - http-outgoing-27 << "[\r][\n]"
12:53:45.094 [Forwarding findElement on session 352fcbe0a9b96f08df50ee9297de9bf4 to remote] DEBUG org.apache.http.wire - http-outgoing-27 << "{"value":{"element-6066-11e4-a52e-4f735466cecf":"c9710efc-b28c-4859-817c-9219caf06ad1"}}"
12:53:45.094 [Forwarding findElement on session 352fcbe0a9b96f08df50ee9297de9bf4 to remote] DEBUG org.apache.http.headers - http-outgoing-27 << HTTP/1.1 200 OK
12:53:45.094 [Forwarding findElement on session 352fcbe0a9b96f08df50ee9297de9bf4 to remote] DEBUG org.apache.http.headers - http-outgoing-27 << Content-Length:88
12:53:45.094 [Forwarding findElement on session 352fcbe0a9b96f08df50ee9297de9bf4 to remote] DEBUG org.apache.http.headers - http-outgoing-27 << Content-Type:application/json; charset=utf-8
12:53:45.094 [Forwarding findElement on session 352fcbe0a9b96f08df50ee9297de9bf4 to remote] DEBUG org.apache.http.headers - http-outgoing-27 << cache-control:no-cache
12:53:45.094 [Forwarding findElement on session 352fcbe0a9b96f08df50ee9297de9bf4 to remote] DEBUG org.apache.http.impl.execchain.MainClientExec - Connection can be kept alive indefinitely
12:53:45.094 [Forwarding findElement on session 352fcbe0a9b96f08df50ee9297de9bf4 to remote] DEBUG org.apache.http.impl.conn.PoolingHttpClientConnectionManager - Connection [id: 27][route: {}->http://localhost:20663] can be kept alive indefinitely
12:53:45.094 [Forwarding findElement on session 352fcbe0a9b96f08df50ee9297de9bf4 to remote] DEBUG org.apache.http.impl.conn.PoolingHttpClientConnectionManager - Connection released: [id: 27][route: {}->http://localhost:20663][total kept alive: 10; route allocated: 1 of 2000; total allocated: 10 of 2000]
12:53:45.095 [Forwarding sendKeysToElement on session 352fcbe0a9b96f08df50ee9297de9bf4 to remote] DEBUG org.apache.http.client.protocol.RequestAddCookies - CookieSpec selected: default
12:53:45.095 [Forwarding sendKeysToElement on session 352fcbe0a9b96f08df50ee9297de9bf4 to remote] DEBUG org.apache.http.client.protocol.RequestAuthCache - Auth cache not set in the context
12:53:45.095 [Forwarding sendKeysToElement on session 352fcbe0a9b96f08df50ee9297de9bf4 to remote] DEBUG org.apache.http.impl.conn.PoolingHttpClientConnectionManager - Connection request: [route: {}->http://localhost:20663][total kept alive: 10; route allocated: 1 of 2000; total allocated: 10 of 2000]
12:53:45.095 [Forwarding sendKeysToElement on session 352fcbe0a9b96f08df50ee9297de9bf4 to remote] DEBUG org.apache.http.impl.conn.PoolingHttpClientConnectionManager - Connection leased: [id: 27][route: {}->http://localhost:20663][total kept alive: 9; route allocated: 1 of 2000; total allocated: 10 of 2000]
12:53:45.095 [Forwarding sendKeysToElement on session 352fcbe0a9b96f08df50ee9297de9bf4 to remote] DEBUG org.apache.http.impl.execchain.MainClientExec - Stale connection check
12:53:45.096 [Forwarding sendKeysToElement on session 352fcbe0a9b96f08df50ee9297de9bf4 to remote] DEBUG org.apache.http.wire - http-outgoing-27 << "[read] I/O error: Read timed out"
12:53:45.097 [Forwarding sendKeysToElement on session 352fcbe0a9b96f08df50ee9297de9bf4 to remote] DEBUG org.apache.http.impl.conn.DefaultManagedHttpClientConnection - http-outgoing-27: set socket timeout to 10800000
12:53:45.097 [Forwarding sendKeysToElement on session 352fcbe0a9b96f08df50ee9297de9bf4 to remote] DEBUG org.apache.http.impl.execchain.MainClientExec - Executing request POST /session/352fcbe0a9b96f08df50ee9297de9bf4/element/c9710efc-b28c-4859-817c-9219caf06ad1/value HTTP/1.1
12:53:45.097 [Forwarding sendKeysToElement on session 352fcbe0a9b96f08df50ee9297de9bf4 to remote] DEBUG org.apache.http.impl.execchain.MainClientExec - Target auth state: UNCHALLENGED
12:53:45.097 [Forwarding sendKeysToElement on session 352fcbe0a9b96f08df50ee9297de9bf4 to remote] DEBUG org.apache.http.impl.execchain.MainClientExec - Proxy auth state: UNCHALLENGED
12:53:45.097 [Forwarding sendKeysToElement on session 352fcbe0a9b96f08df50ee9297de9bf4 to remote] DEBUG org.apache.http.headers - http-outgoing-27 >> POST /session/352fcbe0a9b96f08df50ee9297de9bf4/element/c9710efc-b28c-4859-817c-9219caf06ad1/value HTTP/1.1
12:53:45.097 [Forwarding sendKeysToElement on session 352fcbe0a9b96f08df50ee9297de9bf4 to remote] DEBUG org.apache.http.headers - http-outgoing-27 >> Content-Type: application/json; charset=utf-8
12:53:45.097 [Forwarding sendKeysToElement on session 352fcbe0a9b96f08df50ee9297de9bf4 to remote] DEBUG org.apache.http.headers - http-outgoing-27 >> Content-Length: 235
12:53:45.097 [Forwarding sendKeysToElement on session 352fcbe0a9b96f08df50ee9297de9bf4 to remote] DEBUG org.apache.http.headers - http-outgoing-27 >> Host: localhost:20663
12:53:45.097 [Forwarding sendKeysToElement on session 352fcbe0a9b96f08df50ee9297de9bf4 to remote] DEBUG org.apache.http.headers - http-outgoing-27 >> Connection: Keep-Alive
12:53:45.097 [Forwarding sendKeysToElement on session 352fcbe0a9b96f08df50ee9297de9bf4 to remote] DEBUG org.apache.http.headers - http-outgoing-27 >> User-Agent: Apache-HttpClient/4.5.3 (Java/1.8.0_211)
12:53:45.097 [Forwarding sendKeysToElement on session 352fcbe0a9b96f08df50ee9297de9bf4 to remote] DEBUG org.apache.http.headers - http-outgoing-27 >> Accept-Encoding: gzip,deflate
12:53:45.097 [Forwarding sendKeysToElement on session 352fcbe0a9b96f08df50ee9297de9bf4 to remote] DEBUG org.apache.http.wire - http-outgoing-27 >> "POST /session/352fcbe0a9b96f08df50ee9297de9bf4/element/c9710efc-b28c-4859-817c-9219caf06ad1/value HTTP/1.1[\r][\n]"
12:53:45.097 [Forwarding sendKeysToElement on session 352fcbe0a9b96f08df50ee9297de9bf4 to remote] DEBUG org.apache.http.wire - http-outgoing-27 >> "Content-Type: application/json; charset=utf-8[\r][\n]"
12:53:45.097 [Forwarding sendKeysToElement on session 352fcbe0a9b96f08df50ee9297de9bf4 to remote] DEBUG org.apache.http.wire - http-outgoing-27 >> "Content-Length: 235[\r][\n]"
12:53:45.097 [Forwarding sendKeysToElement on session 352fcbe0a9b96f08df50ee9297de9bf4 to remote] DEBUG org.apache.http.wire - http-outgoing-27 >> "Host: localhost:20663[\r][\n]"
12:53:45.097 [Forwarding sendKeysToElement on session 352fcbe0a9b96f08df50ee9297de9bf4 to remote] DEBUG org.apache.http.wire - http-outgoing-27 >> "Connection: Keep-Alive[\r][\n]"
12:53:45.097 [Forwarding sendKeysToElement on session 352fcbe0a9b96f08df50ee9297de9bf4 to remote] DEBUG org.apache.http.wire - http-outgoing-27 >> "User-Agent: Apache-HttpClient/4.5.3 (Java/1.8.0_211)[\r][\n]"
12:53:45.097 [Forwarding sendKeysToElement on session 352fcbe0a9b96f08df50ee9297de9bf4 to remote] DEBUG org.apache.http.wire - http-outgoing-27 >> "Accept-Encoding: gzip,deflate[\r][\n]"
12:53:45.097 [Forwarding sendKeysToElement on session 352fcbe0a9b96f08df50ee9297de9bf4 to remote] DEBUG org.apache.http.wire - http-outgoing-27 >> "[\r][\n]"
12:53:45.097 [Forwarding sendKeysToElement on session 352fcbe0a9b96f08df50ee9297de9bf4 to remote] DEBUG org.apache.http.wire - http-outgoing-27 >> "{"id":"c9710efc-b28c-4859-817c-9219caf06ad1","text":"TN2jfdYCX9vvozqjwVvPjMd7vRj8HKyxUe","value":["T","N","2","j","f","d","Y","C","X","9","v","v","o","z","q","j","w","V","v","P","j","M","d","7","v","R","j","8","H","K","y","x","U","e"]}"
12:53:45.474 [Forwarding sendKeysToElement on session 352fcbe0a9b96f08df50ee9297de9bf4 to remote] DEBUG org.apache.http.wire - http-outgoing-27 << "HTTP/1.1 200 OK[\r][\n]"
12:53:45.474 [Forwarding sendKeysToElement on session 352fcbe0a9b96f08df50ee9297de9bf4 to remote] DEBUG org.apache.http.wire - http-outgoing-27 << "Content-Length:14[\r][\n]"
12:53:45.474 [Forwarding sendKeysToElement on session 352fcbe0a9b96f08df50ee9297de9bf4 to remote] DEBUG org.apache.http.wire - http-outgoing-27 << "Content-Type:application/json; charset=utf-8[\r][\n]"
12:53:45.474 [Forwarding sendKeysToElement on session 352fcbe0a9b96f08df50ee9297de9bf4 to remote] DEBUG org.apache.http.wire - http-outgoing-27 << "cache-control:no-cache[\r][\n]"
12:53:45.474 [Forwarding sendKeysToElement on session 352fcbe0a9b96f08df50ee9297de9bf4 to remote] DEBUG org.apache.http.wire - http-outgoing-27 << "[\r][\n]"
12:53:45.474 [Forwarding sendKeysToElement on session 352fcbe0a9b96f08df50ee9297de9bf4 to remote] DEBUG org.apache.http.wire - http-outgoing-27 << "{"value":null}"
12:53:45.474 [Forwarding sendKeysToElement on session 352fcbe0a9b96f08df50ee9297de9bf4 to remote] DEBUG org.apache.http.headers - http-outgoing-27 << HTTP/1.1 200 OK
12:53:45.474 [Forwarding sendKeysToElement on session 352fcbe0a9b96f08df50ee9297de9bf4 to remote] DEBUG org.apache.http.headers - http-outgoing-27 << Content-Length:14
12:53:45.474 [Forwarding sendKeysToElement on session 352fcbe0a9b96f08df50ee9297de9bf4 to remote] DEBUG org.apache.http.headers - http-outgoing-27 << Content-Type:application/json; charset=utf-8
12:53:45.474 [Forwarding sendKeysToElement on session 352fcbe0a9b96f08df50ee9297de9bf4 to remote] DEBUG org.apache.http.headers - http-outgoing-27 << cache-control:no-cache
12:53:45.474 [Forwarding sendKeysToElement on session 352fcbe0a9b96f08df50ee9297de9bf4 to remote] DEBUG org.apache.http.impl.execchain.MainClientExec - Connection can be kept alive indefinitely
12:53:45.474 [Forwarding sendKeysToElement on session 352fcbe0a9b96f08df50ee9297de9bf4 to remote] DEBUG org.apache.http.impl.conn.PoolingHttpClientConnectionManager - Connection [id: 27][route: {}->http://localhost:20663] can be kept alive indefinitely
12:53:45.474 [Forwarding sendKeysToElement on session 352fcbe0a9b96f08df50ee9297de9bf4 to remote] DEBUG org.apache.http.impl.conn.PoolingHttpClientConnectionManager - Connection released: [id: 27][route: {}->http://localhost:20663][total kept alive: 10; route allocated: 1 of 2000; total allocated: 10 of 2000]
12:53:45.777 [Forwarding findElement on session 352fcbe0a9b96f08df50ee9297de9bf4 to remote] DEBUG org.apache.http.client.protocol.RequestAddCookies - CookieSpec selected: default
12:53:45.777 [Forwarding findElement on session 352fcbe0a9b96f08df50ee9297de9bf4 to remote] DEBUG org.apache.http.client.protocol.RequestAuthCache - Auth cache not set in the context
12:53:45.777 [Forwarding findElement on session 352fcbe0a9b96f08df50ee9297de9bf4 to remote] DEBUG org.apache.http.impl.conn.PoolingHttpClientConnectionManager - Connection request: [route: {}->http://localhost:20663][total kept alive: 10; route allocated: 1 of 2000; total allocated: 10 of 2000]
12:53:45.777 [Forwarding findElement on session 352fcbe0a9b96f08df50ee9297de9bf4 to remote] DEBUG org.apache.http.impl.conn.PoolingHttpClientConnectionManager - Connection leased: [id: 27][route: {}->http://localhost:20663][total kept alive: 9; route allocated: 1 of 2000; total allocated: 10 of 2000]
12:53:45.777 [Forwarding findElement on session 352fcbe0a9b96f08df50ee9297de9bf4 to remote] DEBUG org.apache.http.impl.execchain.MainClientExec - Stale connection check
12:53:45.778 [Forwarding findElement on session 352fcbe0a9b96f08df50ee9297de9bf4 to remote] DEBUG org.apache.http.wire - http-outgoing-27 << "[read] I/O error: Read timed out"
12:53:45.778 [Forwarding findElement on session 352fcbe0a9b96f08df50ee9297de9bf4 to remote] DEBUG org.apache.http.impl.conn.DefaultManagedHttpClientConnection - http-outgoing-27: set socket timeout to 10800000
12:53:45.778 [Forwarding findElement on session 352fcbe0a9b96f08df50ee9297de9bf4 to remote] DEBUG org.apache.http.impl.execchain.MainClientExec - Executing request POST /session/352fcbe0a9b96f08df50ee9297de9bf4/element HTTP/1.1
12:53:45.778 [Forwarding findElement on session 352fcbe0a9b96f08df50ee9297de9bf4 to remote] DEBUG org.apache.http.impl.execchain.MainClientExec - Target auth state: UNCHALLENGED
12:53:45.778 [Forwarding findElement on session 352fcbe0a9b96f08df50ee9297de9bf4 to remote] DEBUG org.apache.http.impl.execchain.MainClientExec - Proxy auth state: UNCHALLENGED
12:53:45.778 [Forwarding findElement on session 352fcbe0a9b96f08df50ee9297de9bf4 to remote] DEBUG org.apache.http.headers - http-outgoing-27 >> POST /session/352fcbe0a9b96f08df50ee9297de9bf4/element HTTP/1.1
12:53:45.778 [Forwarding findElement on session 352fcbe0a9b96f08df50ee9297de9bf4 to remote] DEBUG org.apache.http.headers - http-outgoing-27 >> Content-Type: application/json; charset=utf-8
12:53:45.778 [Forwarding findElement on session 352fcbe0a9b96f08df50ee9297de9bf4 to remote] DEBUG org.apache.http.headers - http-outgoing-27 >> Content-Length: 69
12:53:45.778 [Forwarding findElement on session 352fcbe0a9b96f08df50ee9297de9bf4 to remote] DEBUG org.apache.http.headers - http-outgoing-27 >> Host: localhost:20663
12:53:45.778 [Forwarding findElement on session 352fcbe0a9b96f08df50ee9297de9bf4 to remote] DEBUG org.apache.http.headers - http-outgoing-27 >> Connection: Keep-Alive
12:53:45.778 [Forwarding findElement on session 352fcbe0a9b96f08df50ee9297de9bf4 to remote] DEBUG org.apache.http.headers - http-outgoing-27 >> User-Agent: Apache-HttpClient/4.5.3 (Java/1.8.0_211)
12:53:45.778 [Forwarding findElement on session 352fcbe0a9b96f08df50ee9297de9bf4 to remote] DEBUG org.apache.http.headers - http-outgoing-27 >> Accept-Encoding: gzip,deflate
12:53:45.778 [Forwarding findElement on session 352fcbe0a9b96f08df50ee9297de9bf4 to remote] DEBUG org.apache.http.wire - http-outgoing-27 >> "POST /session/352fcbe0a9b96f08df50ee9297de9bf4/element HTTP/1.1[\r][\n]"
12:53:45.778 [Forwarding findElement on session 352fcbe0a9b96f08df50ee9297de9bf4 to remote] DEBUG org.apache.http.wire - http-outgoing-27 >> "Content-Type: application/json; charset=utf-8[\r][\n]"
12:53:45.778 [Forwarding findElement on session 352fcbe0a9b96f08df50ee9297de9bf4 to remote] DEBUG org.apache.http.wire - http-outgoing-27 >> "Content-Length: 69[\r][\n]"
12:53:45.778 [Forwarding findElement on session 352fcbe0a9b96f08df50ee9297de9bf4 to remote] DEBUG org.apache.http.wire - http-outgoing-27 >> "Host: localhost:20663[\r][\n]"
12:53:45.779 [Forwarding findElement on session 352fcbe0a9b96f08df50ee9297de9bf4 to remote] DEBUG org.apache.http.wire - http-outgoing-27 >> "Connection: Keep-Alive[\r][\n]"
12:53:45.779 [Forwarding findElement on session 352fcbe0a9b96f08df50ee9297de9bf4 to remote] DEBUG org.apache.http.wire - http-outgoing-27 >> "User-Agent: Apache-HttpClient/4.5.3 (Java/1.8.0_211)[\r][\n]"
12:53:45.779 [Forwarding findElement on session 352fcbe0a9b96f08df50ee9297de9bf4 to remote] DEBUG org.apache.http.wire - http-outgoing-27 >> "Accept-Encoding: gzip,deflate[\r][\n]"
12:53:45.779 [Forwarding findElement on session 352fcbe0a9b96f08df50ee9297de9bf4 to remote] DEBUG org.apache.http.wire - http-outgoing-27 >> "[\r][\n]"
12:53:45.779 [Forwarding findElement on session 352fcbe0a9b96f08df50ee9297de9bf4 to remote] DEBUG org.apache.http.wire - http-outgoing-27 >> "{"value":"//*[@id=\"_searchBox\"]/a/div/span/strong","using":"xpath"}"
12:53:46.820 [Forwarding findElement on session 352fcbe0a9b96f08df50ee9297de9bf4 to remote] DEBUG org.apache.http.wire - http-outgoing-27 << "HTTP/1.1 200 OK[\r][\n]"
12:53:46.820 [Forwarding findElement on session 352fcbe0a9b96f08df50ee9297de9bf4 to remote] DEBUG org.apache.http.wire - http-outgoing-27 << "Content-Length:88[\r][\n]"
12:53:46.820 [Forwarding findElement on session 352fcbe0a9b96f08df50ee9297de9bf4 to remote] DEBUG org.apache.http.wire - http-outgoing-27 << "Content-Type:application/json; charset=utf-8[\r][\n]"
12:53:46.820 [Forwarding findElement on session 352fcbe0a9b96f08df50ee9297de9bf4 to remote] DEBUG org.apache.http.wire - http-outgoing-27 << "cache-control:no-cache[\r][\n]"
12:53:46.820 [Forwarding findElement on session 352fcbe0a9b96f08df50ee9297de9bf4 to remote] DEBUG org.apache.http.wire - http-outgoing-27 << "[\r][\n]"
12:53:46.820 [Forwarding findElement on session 352fcbe0a9b96f08df50ee9297de9bf4 to remote] DEBUG org.apache.http.wire - http-outgoing-27 << "{"value":{"element-6066-11e4-a52e-4f735466cecf":"058e4805-b73f-46ca-b16b-0831255a457b"}}"
12:53:46.820 [Forwarding findElement on session 352fcbe0a9b96f08df50ee9297de9bf4 to remote] DEBUG org.apache.http.headers - http-outgoing-27 << HTTP/1.1 200 OK
12:53:46.820 [Forwarding findElement on session 352fcbe0a9b96f08df50ee9297de9bf4 to remote] DEBUG org.apache.http.headers - http-outgoing-27 << Content-Length:88
12:53:46.820 [Forwarding findElement on session 352fcbe0a9b96f08df50ee9297de9bf4 to remote] DEBUG org.apache.http.headers - http-outgoing-27 << Content-Type:application/json; charset=utf-8
12:53:46.820 [Forwarding findElement on session 352fcbe0a9b96f08df50ee9297de9bf4 to remote] DEBUG org.apache.http.headers - http-outgoing-27 << cache-control:no-cache
12:53:46.820 [Forwarding findElement on session 352fcbe0a9b96f08df50ee9297de9bf4 to remote] DEBUG org.apache.http.impl.execchain.MainClientExec - Connection can be kept alive indefinitely
12:53:46.820 [Forwarding findElement on session 352fcbe0a9b96f08df50ee9297de9bf4 to remote] DEBUG org.apache.http.impl.conn.PoolingHttpClientConnectionManager - Connection [id: 27][route: {}->http://localhost:20663] can be kept alive indefinitely
12:53:46.820 [Forwarding findElement on session 352fcbe0a9b96f08df50ee9297de9bf4 to remote] DEBUG org.apache.http.impl.conn.PoolingHttpClientConnectionManager - Connection released: [id: 27][route: {}->http://localhost:20663][total kept alive: 10; route allocated: 1 of 2000; total allocated: 10 of 2000]
12:53:46.821 [Forwarding getElementText on session 352fcbe0a9b96f08df50ee9297de9bf4 to remote] DEBUG org.apache.http.client.protocol.RequestAddCookies - CookieSpec selected: default
12:53:46.821 [Forwarding getElementText on session 352fcbe0a9b96f08df50ee9297de9bf4 to remote] DEBUG org.apache.http.client.protocol.RequestAuthCache - Auth cache not set in the context
12:53:46.821 [Forwarding getElementText on session 352fcbe0a9b96f08df50ee9297de9bf4 to remote] DEBUG org.apache.http.impl.conn.PoolingHttpClientConnectionManager - Connection request: [route: {}->http://localhost:20663][total kept alive: 10; route allocated: 1 of 2000; total allocated: 10 of 2000]
12:53:46.821 [Forwarding getElementText on session 352fcbe0a9b96f08df50ee9297de9bf4 to remote] DEBUG org.apache.http.impl.conn.PoolingHttpClientConnectionManager - Connection leased: [id: 27][route: {}->http://localhost:20663][total kept alive: 9; route allocated: 1 of 2000; total allocated: 10 of 2000]
12:53:46.821 [Forwarding getElementText on session 352fcbe0a9b96f08df50ee9297de9bf4 to remote] DEBUG org.apache.http.impl.execchain.MainClientExec - Stale connection check
12:53:46.822 [Forwarding getElementText on session 352fcbe0a9b96f08df50ee9297de9bf4 to remote] DEBUG org.apache.http.wire - http-outgoing-27 << "[read] I/O error: Read timed out"
12:53:46.822 [Forwarding getElementText on session 352fcbe0a9b96f08df50ee9297de9bf4 to remote] DEBUG org.apache.http.impl.conn.DefaultManagedHttpClientConnection - http-outgoing-27: set socket timeout to 10800000
12:53:46.822 [Forwarding getElementText on session 352fcbe0a9b96f08df50ee9297de9bf4 to remote] DEBUG org.apache.http.impl.execchain.MainClientExec - Executing request GET /session/352fcbe0a9b96f08df50ee9297de9bf4/element/058e4805-b73f-46ca-b16b-0831255a457b/text HTTP/1.1
12:53:46.822 [Forwarding getElementText on session 352fcbe0a9b96f08df50ee9297de9bf4 to remote] DEBUG org.apache.http.impl.execchain.MainClientExec - Target auth state: UNCHALLENGED
12:53:46.822 [Forwarding getElementText on session 352fcbe0a9b96f08df50ee9297de9bf4 to remote] DEBUG org.apache.http.impl.execchain.MainClientExec - Proxy auth state: UNCHALLENGED
12:53:46.822 [Forwarding getElementText on session 352fcbe0a9b96f08df50ee9297de9bf4 to remote] DEBUG org.apache.http.headers - http-outgoing-27 >> GET /session/352fcbe0a9b96f08df50ee9297de9bf4/element/058e4805-b73f-46ca-b16b-0831255a457b/text HTTP/1.1
12:53:46.822 [Forwarding getElementText on session 352fcbe0a9b96f08df50ee9297de9bf4 to remote] DEBUG org.apache.http.headers - http-outgoing-27 >> Cache-Control: no-cache
12:53:46.822 [Forwarding getElementText on session 352fcbe0a9b96f08df50ee9297de9bf4 to remote] DEBUG org.apache.http.headers - http-outgoing-27 >> Host: localhost:20663
12:53:46.822 [Forwarding getElementText on session 352fcbe0a9b96f08df50ee9297de9bf4 to remote] DEBUG org.apache.http.headers - http-outgoing-27 >> Connection: Keep-Alive
12:53:46.822 [Forwarding getElementText on session 352fcbe0a9b96f08df50ee9297de9bf4 to remote] DEBUG org.apache.http.headers - http-outgoing-27 >> User-Agent: Apache-HttpClient/4.5.3 (Java/1.8.0_211)
12:53:46.822 [Forwarding getElementText on session 352fcbe0a9b96f08df50ee9297de9bf4 to remote] DEBUG org.apache.http.headers - http-outgoing-27 >> Accept-Encoding: gzip,deflate
12:53:46.822 [Forwarding getElementText on session 352fcbe0a9b96f08df50ee9297de9bf4 to remote] DEBUG org.apache.http.wire - http-outgoing-27 >> "GET /session/352fcbe0a9b96f08df50ee9297de9bf4/element/058e4805-b73f-46ca-b16b-0831255a457b/text HTTP/1.1[\r][\n]"
12:53:46.822 [Forwarding getElementText on session 352fcbe0a9b96f08df50ee9297de9bf4 to remote] DEBUG org.apache.http.wire - http-outgoing-27 >> "Cache-Control: no-cache[\r][\n]"
12:53:46.822 [Forwarding getElementText on session 352fcbe0a9b96f08df50ee9297de9bf4 to remote] DEBUG org.apache.http.wire - http-outgoing-27 >> "Host: localhost:20663[\r][\n]"
12:53:46.822 [Forwarding getElementText on session 352fcbe0a9b96f08df50ee9297de9bf4 to remote] DEBUG org.apache.http.wire - http-outgoing-27 >> "Connection: Keep-Alive[\r][\n]"
12:53:46.822 [Forwarding getElementText on session 352fcbe0a9b96f08df50ee9297de9bf4 to remote] DEBUG org.apache.http.wire - http-outgoing-27 >> "User-Agent: Apache-HttpClient/4.5.3 (Java/1.8.0_211)[\r][\n]"
12:53:46.822 [Forwarding getElementText on session 352fcbe0a9b96f08df50ee9297de9bf4 to remote] DEBUG org.apache.http.wire - http-outgoing-27 >> "Accept-Encoding: gzip,deflate[\r][\n]"
12:53:46.822 [Forwarding getElementText on session 352fcbe0a9b96f08df50ee9297de9bf4 to remote] DEBUG org.apache.http.wire - http-outgoing-27 >> "[\r][\n]"
12:53:46.829 [Forwarding getElementText on session 352fcbe0a9b96f08df50ee9297de9bf4 to remote] DEBUG org.apache.http.wire - http-outgoing-27 << "HTTP/1.1 200 OK[\r][\n]"
12:53:46.829 [Forwarding getElementText on session 352fcbe0a9b96f08df50ee9297de9bf4 to remote] DEBUG org.apache.http.wire - http-outgoing-27 << "Content-Length:46[\r][\n]"
12:53:46.829 [Forwarding getElementText on session 352fcbe0a9b96f08df50ee9297de9bf4 to remote] DEBUG org.apache.http.wire - http-outgoing-27 << "Content-Type:application/json; charset=utf-8[\r][\n]"
12:53:46.829 [Forwarding getElementText on session 352fcbe0a9b96f08df50ee9297de9bf4 to remote] DEBUG org.apache.http.wire - http-outgoing-27 << "cache-control:no-cache[\r][\n]"
12:53:46.829 [Forwarding getElementText on session 352fcbe0a9b96f08df50ee9297de9bf4 to remote] DEBUG org.apache.http.wire - http-outgoing-27 << "[\r][\n]"
12:53:46.829 [Forwarding getElementText on session 352fcbe0a9b96f08df50ee9297de9bf4 to remote] DEBUG org.apache.http.wire - http-outgoing-27 << "{"value":"TN2jfdYCX9vvozqjwVvPjMd7vRj8HKyxUe"}"
12:53:46.829 [Forwarding getElementText on session 352fcbe0a9b96f08df50ee9297de9bf4 to remote] DEBUG org.apache.http.headers - http-outgoing-27 << HTTP/1.1 200 OK
12:53:46.829 [Forwarding getElementText on session 352fcbe0a9b96f08df50ee9297de9bf4 to remote] DEBUG org.apache.http.headers - http-outgoing-27 << Content-Length:46
12:53:46.829 [Forwarding getElementText on session 352fcbe0a9b96f08df50ee9297de9bf4 to remote] DEBUG org.apache.http.headers - http-outgoing-27 << Content-Type:application/json; charset=utf-8
12:53:46.829 [Forwarding getElementText on session 352fcbe0a9b96f08df50ee9297de9bf4 to remote] DEBUG org.apache.http.headers - http-outgoing-27 << cache-control:no-cache
12:53:46.829 [Forwarding getElementText on session 352fcbe0a9b96f08df50ee9297de9bf4 to remote] DEBUG org.apache.http.impl.execchain.MainClientExec - Connection can be kept alive indefinitely
12:53:46.829 [Forwarding getElementText on session 352fcbe0a9b96f08df50ee9297de9bf4 to remote] DEBUG org.apache.http.impl.conn.PoolingHttpClientConnectionManager - Connection [id: 27][route: {}->http://localhost:20663] can be kept alive indefinitely
12:53:46.829 [Forwarding getElementText on session 352fcbe0a9b96f08df50ee9297de9bf4 to remote] DEBUG org.apache.http.impl.conn.PoolingHttpClientConnectionManager - Connection released: [id: 27][route: {}->http://localhost:20663][total kept alive: 10; route allocated: 1 of 2000; total allocated: 10 of 2000]
12:53:46.830 [Forwarding findElement on session 352fcbe0a9b96f08df50ee9297de9bf4 to remote] DEBUG org.apache.http.client.protocol.RequestAddCookies - CookieSpec selected: default
12:53:46.830 [Forwarding findElement on session 352fcbe0a9b96f08df50ee9297de9bf4 to remote] DEBUG org.apache.http.client.protocol.RequestAuthCache - Auth cache not set in the context
12:53:46.830 [Forwarding findElement on session 352fcbe0a9b96f08df50ee9297de9bf4 to remote] DEBUG org.apache.http.impl.conn.PoolingHttpClientConnectionManager - Connection request: [route: {}->http://localhost:20663][total kept alive: 10; route allocated: 1 of 2000; total allocated: 10 of 2000]
12:53:46.830 [Forwarding findElement on session 352fcbe0a9b96f08df50ee9297de9bf4 to remote] DEBUG org.apache.http.impl.conn.PoolingHttpClientConnectionManager - Connection leased: [id: 27][route: {}->http://localhost:20663][total kept alive: 9; route allocated: 1 of 2000; total allocated: 10 of 2000]
12:53:46.830 [Forwarding findElement on session 352fcbe0a9b96f08df50ee9297de9bf4 to remote] DEBUG org.apache.http.impl.execchain.MainClientExec - Stale connection check
12:53:46.831 [Forwarding findElement on session 352fcbe0a9b96f08df50ee9297de9bf4 to remote] DEBUG org.apache.http.wire - http-outgoing-27 << "[read] I/O error: Read timed out"
12:53:46.831 [Forwarding findElement on session 352fcbe0a9b96f08df50ee9297de9bf4 to remote] DEBUG org.apache.http.impl.conn.DefaultManagedHttpClientConnection - http-outgoing-27: set socket timeout to 10800000
12:53:46.831 [Forwarding findElement on session 352fcbe0a9b96f08df50ee9297de9bf4 to remote] DEBUG org.apache.http.impl.execchain.MainClientExec - Executing request POST /session/352fcbe0a9b96f08df50ee9297de9bf4/element HTTP/1.1
12:53:46.831 [Forwarding findElement on session 352fcbe0a9b96f08df50ee9297de9bf4 to remote] DEBUG org.apache.http.impl.execchain.MainClientExec - Target auth state: UNCHALLENGED
12:53:46.831 [Forwarding findElement on session 352fcbe0a9b96f08df50ee9297de9bf4 to remote] DEBUG org.apache.http.impl.execchain.MainClientExec - Proxy auth state: UNCHALLENGED
12:53:46.831 [Forwarding findElement on session 352fcbe0a9b96f08df50ee9297de9bf4 to remote] DEBUG org.apache.http.headers - http-outgoing-27 >> POST /session/352fcbe0a9b96f08df50ee9297de9bf4/element HTTP/1.1
12:53:46.831 [Forwarding findElement on session 352fcbe0a9b96f08df50ee9297de9bf4 to remote] DEBUG org.apache.http.headers - http-outgoing-27 >> Content-Type: application/json; charset=utf-8
12:53:46.831 [Forwarding findElement on session 352fcbe0a9b96f08df50ee9297de9bf4 to remote] DEBUG org.apache.http.headers - http-outgoing-27 >> Content-Length: 53
12:53:46.831 [Forwarding findElement on session 352fcbe0a9b96f08df50ee9297de9bf4 to remote] DEBUG org.apache.http.headers - http-outgoing-27 >> Host: localhost:20663
12:53:46.831 [Forwarding findElement on session 352fcbe0a9b96f08df50ee9297de9bf4 to remote] DEBUG org.apache.http.headers - http-outgoing-27 >> Connection: Keep-Alive
12:53:46.831 [Forwarding findElement on session 352fcbe0a9b96f08df50ee9297de9bf4 to remote] DEBUG org.apache.http.headers - http-outgoing-27 >> User-Agent: Apache-HttpClient/4.5.3 (Java/1.8.0_211)
12:53:46.831 [Forwarding findElement on session 352fcbe0a9b96f08df50ee9297de9bf4 to remote] DEBUG org.apache.http.headers - http-outgoing-27 >> Accept-Encoding: gzip,deflate
12:53:46.831 [Forwarding findElement on session 352fcbe0a9b96f08df50ee9297de9bf4 to remote] DEBUG org.apache.http.wire - http-outgoing-27 >> "POST /session/352fcbe0a9b96f08df50ee9297de9bf4/element HTTP/1.1[\r][\n]"
12:53:46.831 [Forwarding findElement on session 352fcbe0a9b96f08df50ee9297de9bf4 to remote] DEBUG org.apache.http.wire - http-outgoing-27 >> "Content-Type: application/json; charset=utf-8[\r][\n]"
12:53:46.831 [Forwarding findElement on session 352fcbe0a9b96f08df50ee9297de9bf4 to remote] DEBUG org.apache.http.wire - http-outgoing-27 >> "Content-Length: 53[\r][\n]"
12:53:46.831 [Forwarding findElement on session 352fcbe0a9b96f08df50ee9297de9bf4 to remote] DEBUG org.apache.http.wire - http-outgoing-27 >> "Host: localhost:20663[\r][\n]"
12:53:46.831 [Forwarding findElement on session 352fcbe0a9b96f08df50ee9297de9bf4 to remote] DEBUG org.apache.http.wire - http-outgoing-27 >> "Connection: Keep-Alive[\r][\n]"
12:53:46.831 [Forwarding findElement on session 352fcbe0a9b96f08df50ee9297de9bf4 to remote] DEBUG org.apache.http.wire - http-outgoing-27 >> "User-Agent: Apache-HttpClient/4.5.3 (Java/1.8.0_211)[\r][\n]"
12:53:46.831 [Forwarding findElement on session 352fcbe0a9b96f08df50ee9297de9bf4 to remote] DEBUG org.apache.http.wire - http-outgoing-27 >> "Accept-Encoding: gzip,deflate[\r][\n]"
12:53:46.831 [Forwarding findElement on session 352fcbe0a9b96f08df50ee9297de9bf4 to remote] DEBUG org.apache.http.wire - http-outgoing-27 >> "[\r][\n]"
12:53:46.831 [Forwarding findElement on session 352fcbe0a9b96f08df50ee9297de9bf4 to remote] DEBUG org.apache.http.wire - http-outgoing-27 >> "{"value":"//*[@id=\"_searchBox\"]/a","using":"xpath"}"
12:53:46.840 [Forwarding findElement on session 352fcbe0a9b96f08df50ee9297de9bf4 to remote] DEBUG org.apache.http.wire - http-outgoing-27 << "HTTP/1.1 200 OK[\r][\n]"
12:53:46.840 [Forwarding findElement on session 352fcbe0a9b96f08df50ee9297de9bf4 to remote] DEBUG org.apache.http.wire - http-outgoing-27 << "Content-Length:88[\r][\n]"
12:53:46.840 [Forwarding findElement on session 352fcbe0a9b96f08df50ee9297de9bf4 to remote] DEBUG org.apache.http.wire - http-outgoing-27 << "Content-Type:application/json; charset=utf-8[\r][\n]"
12:53:46.840 [Forwarding findElement on session 352fcbe0a9b96f08df50ee9297de9bf4 to remote] DEBUG org.apache.http.wire - http-outgoing-27 << "cache-control:no-cache[\r][\n]"
12:53:46.840 [Forwarding findElement on session 352fcbe0a9b96f08df50ee9297de9bf4 to remote] DEBUG org.apache.http.wire - http-outgoing-27 << "[\r][\n]"
12:53:46.840 [Forwarding findElement on session 352fcbe0a9b96f08df50ee9297de9bf4 to remote] DEBUG org.apache.http.wire - http-outgoing-27 << "{"value":{"element-6066-11e4-a52e-4f735466cecf":"15ce9390-cfc8-43ef-9641-f0a5ec7cd26b"}}"
12:53:46.840 [Forwarding findElement on session 352fcbe0a9b96f08df50ee9297de9bf4 to remote] DEBUG org.apache.http.headers - http-outgoing-27 << HTTP/1.1 200 OK
12:53:46.840 [Forwarding findElement on session 352fcbe0a9b96f08df50ee9297de9bf4 to remote] DEBUG org.apache.http.headers - http-outgoing-27 << Content-Length:88
12:53:46.840 [Forwarding findElement on session 352fcbe0a9b96f08df50ee9297de9bf4 to remote] DEBUG org.apache.http.headers - http-outgoing-27 << Content-Type:application/json; charset=utf-8
12:53:46.840 [Forwarding findElement on session 352fcbe0a9b96f08df50ee9297de9bf4 to remote] DEBUG org.apache.http.headers - http-outgoing-27 << cache-control:no-cache
12:53:46.840 [Forwarding findElement on session 352fcbe0a9b96f08df50ee9297de9bf4 to remote] DEBUG org.apache.http.impl.execchain.MainClientExec - Connection can be kept alive indefinitely
12:53:46.840 [Forwarding findElement on session 352fcbe0a9b96f08df50ee9297de9bf4 to remote] DEBUG org.apache.http.impl.conn.PoolingHttpClientConnectionManager - Connection [id: 27][route: {}->http://localhost:20663] can be kept alive indefinitely
12:53:46.840 [Forwarding findElement on session 352fcbe0a9b96f08df50ee9297de9bf4 to remote] DEBUG org.apache.http.impl.conn.PoolingHttpClientConnectionManager - Connection released: [id: 27][route: {}->http://localhost:20663][total kept alive: 10; route allocated: 1 of 2000; total allocated: 10 of 2000]
12:53:46.840 [Forwarding clickElement on session 352fcbe0a9b96f08df50ee9297de9bf4 to remote] DEBUG org.apache.http.client.protocol.RequestAddCookies - CookieSpec selected: default
12:53:46.841 [Forwarding clickElement on session 352fcbe0a9b96f08df50ee9297de9bf4 to remote] DEBUG org.apache.http.client.protocol.RequestAuthCache - Auth cache not set in the context
12:53:46.841 [Forwarding clickElement on session 352fcbe0a9b96f08df50ee9297de9bf4 to remote] DEBUG org.apache.http.impl.conn.PoolingHttpClientConnectionManager - Connection request: [route: {}->http://localhost:20663][total kept alive: 10; route allocated: 1 of 2000; total allocated: 10 of 2000]
12:53:46.841 [Forwarding clickElement on session 352fcbe0a9b96f08df50ee9297de9bf4 to remote] DEBUG org.apache.http.impl.conn.PoolingHttpClientConnectionManager - Connection leased: [id: 27][route: {}->http://localhost:20663][total kept alive: 9; route allocated: 1 of 2000; total allocated: 10 of 2000]
12:53:46.841 [Forwarding clickElement on session 352fcbe0a9b96f08df50ee9297de9bf4 to remote] DEBUG org.apache.http.impl.execchain.MainClientExec - Stale connection check
12:53:46.842 [Forwarding clickElement on session 352fcbe0a9b96f08df50ee9297de9bf4 to remote] DEBUG org.apache.http.wire - http-outgoing-27 << "[read] I/O error: Read timed out"
12:53:46.842 [Forwarding clickElement on session 352fcbe0a9b96f08df50ee9297de9bf4 to remote] DEBUG org.apache.http.impl.conn.DefaultManagedHttpClientConnection - http-outgoing-27: set socket timeout to 10800000
12:53:46.842 [Forwarding clickElement on session 352fcbe0a9b96f08df50ee9297de9bf4 to remote] DEBUG org.apache.http.impl.execchain.MainClientExec - Executing request POST /session/352fcbe0a9b96f08df50ee9297de9bf4/element/15ce9390-cfc8-43ef-9641-f0a5ec7cd26b/click HTTP/1.1
12:53:46.842 [Forwarding clickElement on session 352fcbe0a9b96f08df50ee9297de9bf4 to remote] DEBUG org.apache.http.impl.execchain.MainClientExec - Target auth state: UNCHALLENGED
12:53:46.842 [Forwarding clickElement on session 352fcbe0a9b96f08df50ee9297de9bf4 to remote] DEBUG org.apache.http.impl.execchain.MainClientExec - Proxy auth state: UNCHALLENGED
12:53:46.842 [Forwarding clickElement on session 352fcbe0a9b96f08df50ee9297de9bf4 to remote] DEBUG org.apache.http.headers - http-outgoing-27 >> POST /session/352fcbe0a9b96f08df50ee9297de9bf4/element/15ce9390-cfc8-43ef-9641-f0a5ec7cd26b/click HTTP/1.1
12:53:46.842 [Forwarding clickElement on session 352fcbe0a9b96f08df50ee9297de9bf4 to remote] DEBUG org.apache.http.headers - http-outgoing-27 >> Content-Type: application/json; charset=utf-8
12:53:46.842 [Forwarding clickElement on session 352fcbe0a9b96f08df50ee9297de9bf4 to remote] DEBUG org.apache.http.headers - http-outgoing-27 >> Content-Length: 45
12:53:46.842 [Forwarding clickElement on session 352fcbe0a9b96f08df50ee9297de9bf4 to remote] DEBUG org.apache.http.headers - http-outgoing-27 >> Host: localhost:20663
12:53:46.842 [Forwarding clickElement on session 352fcbe0a9b96f08df50ee9297de9bf4 to remote] DEBUG org.apache.http.headers - http-outgoing-27 >> Connection: Keep-Alive
12:53:46.842 [Forwarding clickElement on session 352fcbe0a9b96f08df50ee9297de9bf4 to remote] DEBUG org.apache.http.headers - http-outgoing-27 >> User-Agent: Apache-HttpClient/4.5.3 (Java/1.8.0_211)
12:53:46.842 [Forwarding clickElement on session 352fcbe0a9b96f08df50ee9297de9bf4 to remote] DEBUG org.apache.http.headers - http-outgoing-27 >> Accept-Encoding: gzip,deflate
12:53:46.842 [Forwarding clickElement on session 352fcbe0a9b96f08df50ee9297de9bf4 to remote] DEBUG org.apache.http.wire - http-outgoing-27 >> "POST /session/352fcbe0a9b96f08df50ee9297de9bf4/element/15ce9390-cfc8-43ef-9641-f0a5ec7cd26b/click HTTP/1.1[\r][\n]"
12:53:46.842 [Forwarding clickElement on session 352fcbe0a9b96f08df50ee9297de9bf4 to remote] DEBUG org.apache.http.wire - http-outgoing-27 >> "Content-Type: application/json; charset=utf-8[\r][\n]"
12:53:46.842 [Forwarding clickElement on session 352fcbe0a9b96f08df50ee9297de9bf4 to remote] DEBUG org.apache.http.wire - http-outgoing-27 >> "Content-Length: 45[\r][\n]"
12:53:46.842 [Forwarding clickElement on session 352fcbe0a9b96f08df50ee9297de9bf4 to remote] DEBUG org.apache.http.wire - http-outgoing-27 >> "Host: localhost:20663[\r][\n]"
12:53:46.842 [Forwarding clickElement on session 352fcbe0a9b96f08df50ee9297de9bf4 to remote] DEBUG org.apache.http.wire - http-outgoing-27 >> "Connection: Keep-Alive[\r][\n]"
12:53:46.842 [Forwarding clickElement on session 352fcbe0a9b96f08df50ee9297de9bf4 to remote] DEBUG org.apache.http.wire - http-outgoing-27 >> "User-Agent: Apache-HttpClient/4.5.3 (Java/1.8.0_211)[\r][\n]"
12:53:46.842 [Forwarding clickElement on session 352fcbe0a9b96f08df50ee9297de9bf4 to remote] DEBUG org.apache.http.wire - http-outgoing-27 >> "Accept-Encoding: gzip,deflate[\r][\n]"
12:53:46.842 [Forwarding clickElement on session 352fcbe0a9b96f08df50ee9297de9bf4 to remote] DEBUG org.apache.http.wire - http-outgoing-27 >> "[\r][\n]"
12:53:46.842 [Forwarding clickElement on session 352fcbe0a9b96f08df50ee9297de9bf4 to remote] DEBUG org.apache.http.wire - http-outgoing-27 >> "{"id":"15ce9390-cfc8-43ef-9641-f0a5ec7cd26b"}"
12:53:46.905 [Forwarding clickElement on session 352fcbe0a9b96f08df50ee9297de9bf4 to remote] DEBUG org.apache.http.wire - http-outgoing-27 << "HTTP/1.1 200 OK[\r][\n]"
12:53:46.905 [Forwarding clickElement on session 352fcbe0a9b96f08df50ee9297de9bf4 to remote] DEBUG org.apache.http.wire - http-outgoing-27 << "Content-Length:14[\r][\n]"
12:53:46.905 [Forwarding clickElement on session 352fcbe0a9b96f08df50ee9297de9bf4 to remote] DEBUG org.apache.http.wire - http-outgoing-27 << "Content-Type:application/json; charset=utf-8[\r][\n]"
12:53:46.905 [Forwarding clickElement on session 352fcbe0a9b96f08df50ee9297de9bf4 to remote] DEBUG org.apache.http.wire - http-outgoing-27 << "cache-control:no-cache[\r][\n]"
12:53:46.905 [Forwarding clickElement on session 352fcbe0a9b96f08df50ee9297de9bf4 to remote] DEBUG org.apache.http.wire - http-outgoing-27 << "[\r][\n]"
12:53:46.905 [Forwarding clickElement on session 352fcbe0a9b96f08df50ee9297de9bf4 to remote] DEBUG org.apache.http.wire - http-outgoing-27 << "{"value":null}"
12:53:46.905 [Forwarding clickElement on session 352fcbe0a9b96f08df50ee9297de9bf4 to remote] DEBUG org.apache.http.headers - http-outgoing-27 << HTTP/1.1 200 OK
12:53:46.905 [Forwarding clickElement on session 352fcbe0a9b96f08df50ee9297de9bf4 to remote] DEBUG org.apache.http.headers - http-outgoing-27 << Content-Length:14
12:53:46.905 [Forwarding clickElement on session 352fcbe0a9b96f08df50ee9297de9bf4 to remote] DEBUG org.apache.http.headers - http-outgoing-27 << Content-Type:application/json; charset=utf-8
12:53:46.905 [Forwarding clickElement on session 352fcbe0a9b96f08df50ee9297de9bf4 to remote] DEBUG org.apache.http.headers - http-outgoing-27 << cache-control:no-cache
12:53:46.905 [Forwarding clickElement on session 352fcbe0a9b96f08df50ee9297de9bf4 to remote] DEBUG org.apache.http.impl.execchain.MainClientExec - Connection can be kept alive indefinitely
12:53:46.905 [Forwarding clickElement on session 352fcbe0a9b96f08df50ee9297de9bf4 to remote] DEBUG org.apache.http.impl.conn.PoolingHttpClientConnectionManager - Connection [id: 27][route: {}->http://localhost:20663] can be kept alive indefinitely
12:53:46.905 [Forwarding clickElement on session 352fcbe0a9b96f08df50ee9297de9bf4 to remote] DEBUG org.apache.http.impl.conn.PoolingHttpClientConnectionManager - Connection released: [id: 27][route: {}->http://localhost:20663][total kept alive: 10; route allocated: 1 of 2000; total allocated: 10 of 2000]
12:53:46.905 [Forwarding findElement on session 352fcbe0a9b96f08df50ee9297de9bf4 to remote] DEBUG org.apache.http.client.protocol.RequestAddCookies - CookieSpec selected: default
12:53:46.905 [Forwarding findElement on session 352fcbe0a9b96f08df50ee9297de9bf4 to remote] DEBUG org.apache.http.client.protocol.RequestAuthCache - Auth cache not set in the context
12:53:46.905 [Forwarding findElement on session 352fcbe0a9b96f08df50ee9297de9bf4 to remote] DEBUG org.apache.http.impl.conn.PoolingHttpClientConnectionManager - Connection request: [route: {}->http://localhost:20663][total kept alive: 10; route allocated: 1 of 2000; total allocated: 10 of 2000]
12:53:46.905 [Forwarding findElement on session 352fcbe0a9b96f08df50ee9297de9bf4 to remote] DEBUG org.apache.http.impl.conn.PoolingHttpClientConnectionManager - Connection leased: [id: 27][route: {}->http://localhost:20663][total kept alive: 9; route allocated: 1 of 2000; total allocated: 10 of 2000]
12:53:46.905 [Forwarding findElement on session 352fcbe0a9b96f08df50ee9297de9bf4 to remote] DEBUG org.apache.http.impl.execchain.MainClientExec - Stale connection check
12:53:46.907 [Forwarding findElement on session 352fcbe0a9b96f08df50ee9297de9bf4 to remote] DEBUG org.apache.http.wire - http-outgoing-27 << "[read] I/O error: Read timed out"
12:53:46.907 [Forwarding findElement on session 352fcbe0a9b96f08df50ee9297de9bf4 to remote] DEBUG org.apache.http.impl.conn.DefaultManagedHttpClientConnection - http-outgoing-27: set socket timeout to 10800000
12:53:46.907 [Forwarding findElement on session 352fcbe0a9b96f08df50ee9297de9bf4 to remote] DEBUG org.apache.http.impl.execchain.MainClientExec - Executing request POST /session/352fcbe0a9b96f08df50ee9297de9bf4/element HTTP/1.1
12:53:46.907 [Forwarding findElement on session 352fcbe0a9b96f08df50ee9297de9bf4 to remote] DEBUG org.apache.http.impl.execchain.MainClientExec - Target auth state: UNCHALLENGED
12:53:46.907 [Forwarding findElement on session 352fcbe0a9b96f08df50ee9297de9bf4 to remote] DEBUG org.apache.http.impl.execchain.MainClientExec - Proxy auth state: UNCHALLENGED
12:53:46.907 [Forwarding findElement on session 352fcbe0a9b96f08df50ee9297de9bf4 to remote] DEBUG org.apache.http.headers - http-outgoing-27 >> POST /session/352fcbe0a9b96f08df50ee9297de9bf4/element HTTP/1.1
12:53:46.907 [Forwarding findElement on session 352fcbe0a9b96f08df50ee9297de9bf4 to remote] DEBUG org.apache.http.headers - http-outgoing-27 >> Content-Type: application/json; charset=utf-8
12:53:46.907 [Forwarding findElement on session 352fcbe0a9b96f08df50ee9297de9bf4 to remote] DEBUG org.apache.http.headers - http-outgoing-27 >> Content-Length: 125
12:53:46.907 [Forwarding findElement on session 352fcbe0a9b96f08df50ee9297de9bf4 to remote] DEBUG org.apache.http.headers - http-outgoing-27 >> Host: localhost:20663
12:53:46.907 [Forwarding findElement on session 352fcbe0a9b96f08df50ee9297de9bf4 to remote] DEBUG org.apache.http.headers - http-outgoing-27 >> Connection: Keep-Alive
12:53:46.907 [Forwarding findElement on session 352fcbe0a9b96f08df50ee9297de9bf4 to remote] DEBUG org.apache.http.headers - http-outgoing-27 >> User-Agent: Apache-HttpClient/4.5.3 (Java/1.8.0_211)
12:53:46.907 [Forwarding findElement on session 352fcbe0a9b96f08df50ee9297de9bf4 to remote] DEBUG org.apache.http.headers - http-outgoing-27 >> Accept-Encoding: gzip,deflate
12:53:46.907 [Forwarding findElement on session 352fcbe0a9b96f08df50ee9297de9bf4 to remote] DEBUG org.apache.http.wire - http-outgoing-27 >> "POST /session/352fcbe0a9b96f08df50ee9297de9bf4/element HTTP/1.1[\r][\n]"
12:53:46.907 [Forwarding findElement on session 352fcbe0a9b96f08df50ee9297de9bf4 to remote] DEBUG org.apache.http.wire - http-outgoing-27 >> "Content-Type: application/json; charset=utf-8[\r][\n]"
12:53:46.907 [Forwarding findElement on session 352fcbe0a9b96f08df50ee9297de9bf4 to remote] DEBUG org.apache.http.wire - http-outgoing-27 >> "Content-Length: 125[\r][\n]"
12:53:46.907 [Forwarding findElement on session 352fcbe0a9b96f08df50ee9297de9bf4 to remote] DEBUG org.apache.http.wire - http-outgoing-27 >> "Host: localhost:20663[\r][\n]"
12:53:46.907 [Forwarding findElement on session 352fcbe0a9b96f08df50ee9297de9bf4 to remote] DEBUG org.apache.http.wire - http-outgoing-27 >> "Connection: Keep-Alive[\r][\n]"
12:53:46.907 [Forwarding findElement on session 352fcbe0a9b96f08df50ee9297de9bf4 to remote] DEBUG org.apache.http.wire - http-outgoing-27 >> "User-Agent: Apache-HttpClient/4.5.3 (Java/1.8.0_211)[\r][\n]"
12:53:46.907 [Forwarding findElement on session 352fcbe0a9b96f08df50ee9297de9bf4 to remote] DEBUG org.apache.http.wire - http-outgoing-27 >> "Accept-Encoding: gzip,deflate[\r][\n]"
12:53:46.907 [Forwarding findElement on session 352fcbe0a9b96f08df50ee9297de9bf4 to remote] DEBUG org.apache.http.wire - http-outgoing-27 >> "[\r][\n]"
12:53:46.907 [Forwarding findElement on session 352fcbe0a9b96f08df50ee9297de9bf4 to remote] DEBUG org.apache.http.wire - http-outgoing-27 >> "{"value":"//*[@id=\"root\"]/main/div/div/div[1]/div/div[1]/table/tbody/tr[1]/td/span/div/div/span/div/a/div","using":"xpath"}"
12:53:48.396 [Forwarding findElement on session 352fcbe0a9b96f08df50ee9297de9bf4 to remote] DEBUG org.apache.http.wire - http-outgoing-27 << "HTTP/1.1 200 OK[\r][\n]"
12:53:48.396 [Forwarding findElement on session 352fcbe0a9b96f08df50ee9297de9bf4 to remote] DEBUG org.apache.http.wire - http-outgoing-27 << "Content-Length:88[\r][\n]"
12:53:48.396 [Forwarding findElement on session 352fcbe0a9b96f08df50ee9297de9bf4 to remote] DEBUG org.apache.http.wire - http-outgoing-27 << "Content-Type:application/json; charset=utf-8[\r][\n]"
12:53:48.396 [Forwarding findElement on session 352fcbe0a9b96f08df50ee9297de9bf4 to remote] DEBUG org.apache.http.wire - http-outgoing-27 << "cache-control:no-cache[\r][\n]"
12:53:48.396 [Forwarding findElement on session 352fcbe0a9b96f08df50ee9297de9bf4 to remote] DEBUG org.apache.http.wire - http-outgoing-27 << "[\r][\n]"
12:53:48.396 [Forwarding findElement on session 352fcbe0a9b96f08df50ee9297de9bf4 to remote] DEBUG org.apache.http.wire - http-outgoing-27 << "{"value":{"element-6066-11e4-a52e-4f735466cecf":"382c28b2-2fa4-42d9-8869-088fbab9f58a"}}"
12:53:48.396 [Forwarding findElement on session 352fcbe0a9b96f08df50ee9297de9bf4 to remote] DEBUG org.apache.http.headers - http-outgoing-27 << HTTP/1.1 200 OK
12:53:48.396 [Forwarding findElement on session 352fcbe0a9b96f08df50ee9297de9bf4 to remote] DEBUG org.apache.http.headers - http-outgoing-27 << Content-Length:88
12:53:48.396 [Forwarding findElement on session 352fcbe0a9b96f08df50ee9297de9bf4 to remote] DEBUG org.apache.http.headers - http-outgoing-27 << Content-Type:application/json; charset=utf-8
12:53:48.396 [Forwarding findElement on session 352fcbe0a9b96f08df50ee9297de9bf4 to remote] DEBUG org.apache.http.headers - http-outgoing-27 << cache-control:no-cache
12:53:48.396 [Forwarding findElement on session 352fcbe0a9b96f08df50ee9297de9bf4 to remote] DEBUG org.apache.http.impl.execchain.MainClientExec - Connection can be kept alive indefinitely
12:53:48.396 [Forwarding findElement on session 352fcbe0a9b96f08df50ee9297de9bf4 to remote] DEBUG org.apache.http.impl.conn.PoolingHttpClientConnectionManager - Connection [id: 27][route: {}->http://localhost:20663] can be kept alive indefinitely
12:53:48.397 [Forwarding findElement on session 352fcbe0a9b96f08df50ee9297de9bf4 to remote] DEBUG org.apache.http.impl.conn.PoolingHttpClientConnectionManager - Connection released: [id: 27][route: {}->http://localhost:20663][total kept alive: 10; route allocated: 1 of 2000; total allocated: 10 of 2000]
12:53:48.397 [Forwarding getElementText on session 352fcbe0a9b96f08df50ee9297de9bf4 to remote] DEBUG org.apache.http.client.protocol.RequestAddCookies - CookieSpec selected: default
12:53:48.397 [Forwarding getElementText on session 352fcbe0a9b96f08df50ee9297de9bf4 to remote] DEBUG org.apache.http.client.protocol.RequestAuthCache - Auth cache not set in the context
12:53:48.397 [Forwarding getElementText on session 352fcbe0a9b96f08df50ee9297de9bf4 to remote] DEBUG org.apache.http.impl.conn.PoolingHttpClientConnectionManager - Connection request: [route: {}->http://localhost:20663][total kept alive: 10; route allocated: 1 of 2000; total allocated: 10 of 2000]
12:53:48.397 [Forwarding getElementText on session 352fcbe0a9b96f08df50ee9297de9bf4 to remote] DEBUG org.apache.http.impl.conn.PoolingHttpClientConnectionManager - Connection leased: [id: 27][route: {}->http://localhost:20663][total kept alive: 9; route allocated: 1 of 2000; total allocated: 10 of 2000]
12:53:48.397 [Forwarding getElementText on session 352fcbe0a9b96f08df50ee9297de9bf4 to remote] DEBUG org.apache.http.impl.execchain.MainClientExec - Stale connection check
12:53:48.399 [Forwarding getElementText on session 352fcbe0a9b96f08df50ee9297de9bf4 to remote] DEBUG org.apache.http.wire - http-outgoing-27 << "[read] I/O error: Read timed out"
12:53:48.399 [Forwarding getElementText on session 352fcbe0a9b96f08df50ee9297de9bf4 to remote] DEBUG org.apache.http.impl.conn.DefaultManagedHttpClientConnection - http-outgoing-27: set socket timeout to 10800000
12:53:48.399 [Forwarding getElementText on session 352fcbe0a9b96f08df50ee9297de9bf4 to remote] DEBUG org.apache.http.impl.execchain.MainClientExec - Executing request GET /session/352fcbe0a9b96f08df50ee9297de9bf4/element/382c28b2-2fa4-42d9-8869-088fbab9f58a/text HTTP/1.1
12:53:48.399 [Forwarding getElementText on session 352fcbe0a9b96f08df50ee9297de9bf4 to remote] DEBUG org.apache.http.impl.execchain.MainClientExec - Target auth state: UNCHALLENGED
12:53:48.399 [Forwarding getElementText on session 352fcbe0a9b96f08df50ee9297de9bf4 to remote] DEBUG org.apache.http.impl.execchain.MainClientExec - Proxy auth state: UNCHALLENGED
12:53:48.399 [Forwarding getElementText on session 352fcbe0a9b96f08df50ee9297de9bf4 to remote] DEBUG org.apache.http.headers - http-outgoing-27 >> GET /session/352fcbe0a9b96f08df50ee9297de9bf4/element/382c28b2-2fa4-42d9-8869-088fbab9f58a/text HTTP/1.1
12:53:48.399 [Forwarding getElementText on session 352fcbe0a9b96f08df50ee9297de9bf4 to remote] DEBUG org.apache.http.headers - http-outgoing-27 >> Cache-Control: no-cache
12:53:48.399 [Forwarding getElementText on session 352fcbe0a9b96f08df50ee9297de9bf4 to remote] DEBUG org.apache.http.headers - http-outgoing-27 >> Host: localhost:20663
12:53:48.399 [Forwarding getElementText on session 352fcbe0a9b96f08df50ee9297de9bf4 to remote] DEBUG org.apache.http.headers - http-outgoing-27 >> Connection: Keep-Alive
12:53:48.399 [Forwarding getElementText on session 352fcbe0a9b96f08df50ee9297de9bf4 to remote] DEBUG org.apache.http.headers - http-outgoing-27 >> User-Agent: Apache-HttpClient/4.5.3 (Java/1.8.0_211)
12:53:48.399 [Forwarding getElementText on session 352fcbe0a9b96f08df50ee9297de9bf4 to remote] DEBUG org.apache.http.headers - http-outgoing-27 >> Accept-Encoding: gzip,deflate
12:53:48.399 [Forwarding getElementText on session 352fcbe0a9b96f08df50ee9297de9bf4 to remote] DEBUG org.apache.http.wire - http-outgoing-27 >> "GET /session/352fcbe0a9b96f08df50ee9297de9bf4/element/382c28b2-2fa4-42d9-8869-088fbab9f58a/text HTTP/1.1[\r][\n]"
12:53:48.399 [Forwarding getElementText on session 352fcbe0a9b96f08df50ee9297de9bf4 to remote] DEBUG org.apache.http.wire - http-outgoing-27 >> "Cache-Control: no-cache[\r][\n]"
12:53:48.399 [Forwarding getElementText on session 352fcbe0a9b96f08df50ee9297de9bf4 to remote] DEBUG org.apache.http.wire - http-outgoing-27 >> "Host: localhost:20663[\r][\n]"
12:53:48.399 [Forwarding getElementText on session 352fcbe0a9b96f08df50ee9297de9bf4 to remote] DEBUG org.apache.http.wire - http-outgoing-27 >> "Connection: Keep-Alive[\r][\n]"
12:53:48.399 [Forwarding getElementText on session 352fcbe0a9b96f08df50ee9297de9bf4 to remote] DEBUG org.apache.http.wire - http-outgoing-27 >> "User-Agent: Apache-HttpClient/4.5.3 (Java/1.8.0_211)[\r][\n]"
12:53:48.399 [Forwarding getElementText on session 352fcbe0a9b96f08df50ee9297de9bf4 to remote] DEBUG org.apache.http.wire - http-outgoing-27 >> "Accept-Encoding: gzip,deflate[\r][\n]"
12:53:48.399 [Forwarding getElementText on session 352fcbe0a9b96f08df50ee9297de9bf4 to remote] DEBUG org.apache.http.wire - http-outgoing-27 >> "[\r][\n]"
12:53:48.407 [Forwarding getElementText on session 352fcbe0a9b96f08df50ee9297de9bf4 to remote] DEBUG org.apache.http.wire - http-outgoing-27 << "HTTP/1.1 200 OK[\r][\n]"
12:53:48.407 [Forwarding getElementText on session 352fcbe0a9b96f08df50ee9297de9bf4 to remote] DEBUG org.apache.http.wire - http-outgoing-27 << "Content-Length:46[\r][\n]"
12:53:48.407 [Forwarding getElementText on session 352fcbe0a9b96f08df50ee9297de9bf4 to remote] DEBUG org.apache.http.wire - http-outgoing-27 << "Content-Type:application/json; charset=utf-8[\r][\n]"
12:53:48.407 [Forwarding getElementText on session 352fcbe0a9b96f08df50ee9297de9bf4 to remote] DEBUG org.apache.http.wire - http-outgoing-27 << "cache-control:no-cache[\r][\n]"
12:53:48.407 [Forwarding getElementText on session 352fcbe0a9b96f08df50ee9297de9bf4 to remote] DEBUG org.apache.http.wire - http-outgoing-27 << "[\r][\n]"
12:53:48.407 [Forwarding getElementText on session 352fcbe0a9b96f08df50ee9297de9bf4 to remote] DEBUG org.apache.http.wire - http-outgoing-27 << "{"value":"TN2jfdYCX9vvozqjwVvPjMd7vRj8HKyxUe"}"
12:53:48.407 [Forwarding getElementText on session 352fcbe0a9b96f08df50ee9297de9bf4 to remote] DEBUG org.apache.http.headers - http-outgoing-27 << HTTP/1.1 200 OK
12:53:48.407 [Forwarding getElementText on session 352fcbe0a9b96f08df50ee9297de9bf4 to remote] DEBUG org.apache.http.headers - http-outgoing-27 << Content-Length:46
12:53:48.407 [Forwarding getElementText on session 352fcbe0a9b96f08df50ee9297de9bf4 to remote] DEBUG org.apache.http.headers - http-outgoing-27 << Content-Type:application/json; charset=utf-8
12:53:48.407 [Forwarding getElementText on session 352fcbe0a9b96f08df50ee9297de9bf4 to remote] DEBUG org.apache.http.headers - http-outgoing-27 << cache-control:no-cache
12:53:48.407 [Forwarding getElementText on session 352fcbe0a9b96f08df50ee9297de9bf4 to remote] DEBUG org.apache.http.impl.execchain.MainClientExec - Connection can be kept alive indefinitely
12:53:48.407 [Forwarding getElementText on session 352fcbe0a9b96f08df50ee9297de9bf4 to remote] DEBUG org.apache.http.impl.conn.PoolingHttpClientConnectionManager - Connection [id: 27][route: {}->http://localhost:20663] can be kept alive indefinitely
12:53:48.407 [Forwarding getElementText on session 352fcbe0a9b96f08df50ee9297de9bf4 to remote] DEBUG org.apache.http.impl.conn.PoolingHttpClientConnectionManager - Connection released: [id: 27][route: {}->http://localhost:20663][total kept alive: 10; route allocated: 1 of 2000; total allocated: 10 of 2000]
12:53:48.408 [Forwarding findElement on session 352fcbe0a9b96f08df50ee9297de9bf4 to remote] DEBUG org.apache.http.client.protocol.RequestAddCookies - CookieSpec selected: default
12:53:48.408 [Forwarding findElement on session 352fcbe0a9b96f08df50ee9297de9bf4 to remote] DEBUG org.apache.http.client.protocol.RequestAuthCache - Auth cache not set in the context
12:53:48.408 [Forwarding findElement on session 352fcbe0a9b96f08df50ee9297de9bf4 to remote] DEBUG org.apache.http.impl.conn.PoolingHttpClientConnectionManager - Connection request: [route: {}->http://localhost:20663][total kept alive: 10; route allocated: 1 of 2000; total allocated: 10 of 2000]
12:53:48.408 [Forwarding findElement on session 352fcbe0a9b96f08df50ee9297de9bf4 to remote] DEBUG org.apache.http.impl.conn.PoolingHttpClientConnectionManager - Connection leased: [id: 27][route: {}->http://localhost:20663][total kept alive: 9; route allocated: 1 of 2000; total allocated: 10 of 2000]
12:53:48.408 [Forwarding findElement on session 352fcbe0a9b96f08df50ee9297de9bf4 to remote] DEBUG org.apache.http.impl.execchain.MainClientExec - Stale connection check
12:53:48.409 [Forwarding findElement on session 352fcbe0a9b96f08df50ee9297de9bf4 to remote] DEBUG org.apache.http.wire - http-outgoing-27 << "[read] I/O error: Read timed out"
12:53:48.409 [Forwarding findElement on session 352fcbe0a9b96f08df50ee9297de9bf4 to remote] DEBUG org.apache.http.impl.conn.DefaultManagedHttpClientConnection - http-outgoing-27: set socket timeout to 10800000
12:53:48.409 [Forwarding findElement on session 352fcbe0a9b96f08df50ee9297de9bf4 to remote] DEBUG org.apache.http.impl.execchain.MainClientExec - Executing request POST /session/352fcbe0a9b96f08df50ee9297de9bf4/element HTTP/1.1
12:53:48.409 [Forwarding findElement on session 352fcbe0a9b96f08df50ee9297de9bf4 to remote] DEBUG org.apache.http.impl.execchain.MainClientExec - Target auth state: UNCHALLENGED
12:53:48.409 [Forwarding findElement on session 352fcbe0a9b96f08df50ee9297de9bf4 to remote] DEBUG org.apache.http.impl.execchain.MainClientExec - Proxy auth state: UNCHALLENGED
12:53:48.409 [Forwarding findElement on session 352fcbe0a9b96f08df50ee9297de9bf4 to remote] DEBUG org.apache.http.headers - http-outgoing-27 >> POST /session/352fcbe0a9b96f08df50ee9297de9bf4/element HTTP/1.1
12:53:48.409 [Forwarding findElement on session 352fcbe0a9b96f08df50ee9297de9bf4 to remote] DEBUG org.apache.http.headers - http-outgoing-27 >> Content-Type: application/json; charset=utf-8
12:53:48.409 [Forwarding findElement on session 352fcbe0a9b96f08df50ee9297de9bf4 to remote] DEBUG org.apache.http.headers - http-outgoing-27 >> Content-Length: 85
12:53:48.409 [Forwarding findElement on session 352fcbe0a9b96f08df50ee9297de9bf4 to remote] DEBUG org.apache.http.headers - http-outgoing-27 >> Host: localhost:20663
12:53:48.409 [Forwarding findElement on session 352fcbe0a9b96f08df50ee9297de9bf4 to remote] DEBUG org.apache.http.headers - http-outgoing-27 >> Connection: Keep-Alive
12:53:48.409 [Forwarding findElement on session 352fcbe0a9b96f08df50ee9297de9bf4 to remote] DEBUG org.apache.http.headers - http-outgoing-27 >> User-Agent: Apache-HttpClient/4.5.3 (Java/1.8.0_211)
12:53:48.409 [Forwarding findElement on session 352fcbe0a9b96f08df50ee9297de9bf4 to remote] DEBUG org.apache.http.headers - http-outgoing-27 >> Accept-Encoding: gzip,deflate
12:53:48.409 [Forwarding findElement on session 352fcbe0a9b96f08df50ee9297de9bf4 to remote] DEBUG org.apache.http.wire - http-outgoing-27 >> "POST /session/352fcbe0a9b96f08df50ee9297de9bf4/element HTTP/1.1[\r][\n]"
12:53:48.409 [Forwarding findElement on session 352fcbe0a9b96f08df50ee9297de9bf4 to remote] DEBUG org.apache.http.wire - http-outgoing-27 >> "Content-Type: application/json; charset=utf-8[\r][\n]"
12:53:48.409 [Forwarding findElement on session 352fcbe0a9b96f08df50ee9297de9bf4 to remote] DEBUG org.apache.http.wire - http-outgoing-27 >> "Content-Length: 85[\r][\n]"
12:53:48.409 [Forwarding findElement on session 352fcbe0a9b96f08df50ee9297de9bf4 to remote] DEBUG org.apache.http.wire - http-outgoing-27 >> "Host: localhost:20663[\r][\n]"
12:53:48.409 [Forwarding findElement on session 352fcbe0a9b96f08df50ee9297de9bf4 to remote] DEBUG org.apache.http.wire - http-outgoing-27 >> "Connection: Keep-Alive[\r][\n]"
12:53:48.409 [Forwarding findElement on session 352fcbe0a9b96f08df50ee9297de9bf4 to remote] DEBUG org.apache.http.wire - http-outgoing-27 >> "User-Agent: Apache-HttpClient/4.5.3 (Java/1.8.0_211)[\r][\n]"
12:53:48.409 [Forwarding findElement on session 352fcbe0a9b96f08df50ee9297de9bf4 to remote] DEBUG org.apache.http.wire - http-outgoing-27 >> "Accept-Encoding: gzip,deflate[\r][\n]"
12:53:48.409 [Forwarding findElement on session 352fcbe0a9b96f08df50ee9297de9bf4 to remote] DEBUG org.apache.http.wire - http-outgoing-27 >> "[\r][\n]"
12:53:48.409 [Forwarding findElement on session 352fcbe0a9b96f08df50ee9297de9bf4 to remote] DEBUG org.apache.http.wire - http-outgoing-27 >> "{"value":"//*[@id=\"root\"]/div[1]/div[2]/div/div/div/div/div/input","using":"xpath"}"
12:53:48.412 [Forwarding findElement on session 352fcbe0a9b96f08df50ee9297de9bf4 to remote] DEBUG org.apache.http.wire - http-outgoing-27 << "HTTP/1.1 200 OK[\r][\n]"
12:53:48.412 [Forwarding findElement on session 352fcbe0a9b96f08df50ee9297de9bf4 to remote] DEBUG org.apache.http.wire - http-outgoing-27 << "Content-Length:88[\r][\n]"
12:53:48.412 [Forwarding findElement on session 352fcbe0a9b96f08df50ee9297de9bf4 to remote] DEBUG org.apache.http.wire - http-outgoing-27 << "Content-Type:application/json; charset=utf-8[\r][\n]"
12:53:48.412 [Forwarding findElement on session 352fcbe0a9b96f08df50ee9297de9bf4 to remote] DEBUG org.apache.http.wire - http-outgoing-27 << "cache-control:no-cache[\r][\n]"
12:53:48.412 [Forwarding findElement on session 352fcbe0a9b96f08df50ee9297de9bf4 to remote] DEBUG org.apache.http.wire - http-outgoing-27 << "[\r][\n]"
12:53:48.412 [Forwarding findElement on session 352fcbe0a9b96f08df50ee9297de9bf4 to remote] DEBUG org.apache.http.wire - http-outgoing-27 << "{"value":{"element-6066-11e4-a52e-4f735466cecf":"c9710efc-b28c-4859-817c-9219caf06ad1"}}"
12:53:48.413 [Forwarding findElement on session 352fcbe0a9b96f08df50ee9297de9bf4 to remote] DEBUG org.apache.http.headers - http-outgoing-27 << HTTP/1.1 200 OK
12:53:48.413 [Forwarding findElement on session 352fcbe0a9b96f08df50ee9297de9bf4 to remote] DEBUG org.apache.http.headers - http-outgoing-27 << Content-Length:88
12:53:48.413 [Forwarding findElement on session 352fcbe0a9b96f08df50ee9297de9bf4 to remote] DEBUG org.apache.http.headers - http-outgoing-27 << Content-Type:application/json; charset=utf-8
12:53:48.413 [Forwarding findElement on session 352fcbe0a9b96f08df50ee9297de9bf4 to remote] DEBUG org.apache.http.headers - http-outgoing-27 << cache-control:no-cache
12:53:48.413 [Forwarding findElement on session 352fcbe0a9b96f08df50ee9297de9bf4 to remote] DEBUG org.apache.http.impl.execchain.MainClientExec - Connection can be kept alive indefinitely
12:53:48.413 [Forwarding findElement on session 352fcbe0a9b96f08df50ee9297de9bf4 to remote] DEBUG org.apache.http.impl.conn.PoolingHttpClientConnectionManager - Connection [id: 27][route: {}->http://localhost:20663] can be kept alive indefinitely
12:53:48.413 [Forwarding findElement on session 352fcbe0a9b96f08df50ee9297de9bf4 to remote] DEBUG org.apache.http.impl.conn.PoolingHttpClientConnectionManager - Connection released: [id: 27][route: {}->http://localhost:20663][total kept alive: 10; route allocated: 1 of 2000; total allocated: 10 of 2000]
12:53:48.413 [Forwarding sendKeysToElement on session 352fcbe0a9b96f08df50ee9297de9bf4 to remote] DEBUG org.apache.http.client.protocol.RequestAddCookies - CookieSpec selected: default
12:53:48.413 [Forwarding sendKeysToElement on session 352fcbe0a9b96f08df50ee9297de9bf4 to remote] DEBUG org.apache.http.client.protocol.RequestAuthCache - Auth cache not set in the context
12:53:48.413 [Forwarding sendKeysToElement on session 352fcbe0a9b96f08df50ee9297de9bf4 to remote] DEBUG org.apache.http.impl.conn.PoolingHttpClientConnectionManager - Connection request: [route: {}->http://localhost:20663][total kept alive: 10; route allocated: 1 of 2000; total allocated: 10 of 2000]
12:53:48.413 [Forwarding sendKeysToElement on session 352fcbe0a9b96f08df50ee9297de9bf4 to remote] DEBUG org.apache.http.impl.conn.PoolingHttpClientConnectionManager - Connection leased: [id: 27][route: {}->http://localhost:20663][total kept alive: 9; route allocated: 1 of 2000; total allocated: 10 of 2000]
12:53:48.413 [Forwarding sendKeysToElement on session 352fcbe0a9b96f08df50ee9297de9bf4 to remote] DEBUG org.apache.http.impl.execchain.MainClientExec - Stale connection check
12:53:48.415 [Forwarding sendKeysToElement on session 352fcbe0a9b96f08df50ee9297de9bf4 to remote] DEBUG org.apache.http.wire - http-outgoing-27 << "[read] I/O error: Read timed out"
12:53:48.415 [Forwarding sendKeysToElement on session 352fcbe0a9b96f08df50ee9297de9bf4 to remote] DEBUG org.apache.http.impl.conn.DefaultManagedHttpClientConnection - http-outgoing-27: set socket timeout to 10800000
12:53:48.415 [Forwarding sendKeysToElement on session 352fcbe0a9b96f08df50ee9297de9bf4 to remote] DEBUG org.apache.http.impl.execchain.MainClientExec - Executing request POST /session/352fcbe0a9b96f08df50ee9297de9bf4/element/c9710efc-b28c-4859-817c-9219caf06ad1/value HTTP/1.1
12:53:48.415 [Forwarding sendKeysToElement on session 352fcbe0a9b96f08df50ee9297de9bf4 to remote] DEBUG org.apache.http.impl.execchain.MainClientExec - Target auth state: UNCHALLENGED
12:53:48.415 [Forwarding sendKeysToElement on session 352fcbe0a9b96f08df50ee9297de9bf4 to remote] DEBUG org.apache.http.impl.execchain.MainClientExec - Proxy auth state: UNCHALLENGED
12:53:48.415 [Forwarding sendKeysToElement on session 352fcbe0a9b96f08df50ee9297de9bf4 to remote] DEBUG org.apache.http.headers - http-outgoing-27 >> POST /session/352fcbe0a9b96f08df50ee9297de9bf4/element/c9710efc-b28c-4859-817c-9219caf06ad1/value HTTP/1.1
12:53:48.415 [Forwarding sendKeysToElement on session 352fcbe0a9b96f08df50ee9297de9bf4 to remote] DEBUG org.apache.http.headers - http-outgoing-27 >> Content-Type: application/json; charset=utf-8
12:53:48.415 [Forwarding sendKeysToElement on session 352fcbe0a9b96f08df50ee9297de9bf4 to remote] DEBUG org.apache.http.headers - http-outgoing-27 >> Content-Length: 235
12:53:48.415 [Forwarding sendKeysToElement on session 352fcbe0a9b96f08df50ee9297de9bf4 to remote] DEBUG org.apache.http.headers - http-outgoing-27 >> Host: localhost:20663
12:53:48.415 [Forwarding sendKeysToElement on session 352fcbe0a9b96f08df50ee9297de9bf4 to remote] DEBUG org.apache.http.headers - http-outgoing-27 >> Connection: Keep-Alive
12:53:48.415 [Forwarding sendKeysToElement on session 352fcbe0a9b96f08df50ee9297de9bf4 to remote] DEBUG org.apache.http.headers - http-outgoing-27 >> User-Agent: Apache-HttpClient/4.5.3 (Java/1.8.0_211)
12:53:48.415 [Forwarding sendKeysToElement on session 352fcbe0a9b96f08df50ee9297de9bf4 to remote] DEBUG org.apache.http.headers - http-outgoing-27 >> Accept-Encoding: gzip,deflate
12:53:48.415 [Forwarding sendKeysToElement on session 352fcbe0a9b96f08df50ee9297de9bf4 to remote] DEBUG org.apache.http.wire - http-outgoing-27 >> "POST /session/352fcbe0a9b96f08df50ee9297de9bf4/element/c9710efc-b28c-4859-817c-9219caf06ad1/value HTTP/1.1[\r][\n]"
12:53:48.415 [Forwarding sendKeysToElement on session 352fcbe0a9b96f08df50ee9297de9bf4 to remote] DEBUG org.apache.http.wire - http-outgoing-27 >> "Content-Type: application/json; charset=utf-8[\r][\n]"
12:53:48.415 [Forwarding sendKeysToElement on session 352fcbe0a9b96f08df50ee9297de9bf4 to remote] DEBUG org.apache.http.wire - http-outgoing-27 >> "Content-Length: 235[\r][\n]"
12:53:48.415 [Forwarding sendKeysToElement on session 352fcbe0a9b96f08df50ee9297de9bf4 to remote] DEBUG org.apache.http.wire - http-outgoing-27 >> "Host: localhost:20663[\r][\n]"
12:53:48.415 [Forwarding sendKeysToElement on session 352fcbe0a9b96f08df50ee9297de9bf4 to remote] DEBUG org.apache.http.wire - http-outgoing-27 >> "Connection: Keep-Alive[\r][\n]"
12:53:48.415 [Forwarding sendKeysToElement on session 352fcbe0a9b96f08df50ee9297de9bf4 to remote] DEBUG org.apache.http.wire - http-outgoing-27 >> "User-Agent: Apache-HttpClient/4.5.3 (Java/1.8.0_211)[\r][\n]"
12:53:48.415 [Forwarding sendKeysToElement on session 352fcbe0a9b96f08df50ee9297de9bf4 to remote] DEBUG org.apache.http.wire - http-outgoing-27 >> "Accept-Encoding: gzip,deflate[\r][\n]"
12:53:48.415 [Forwarding sendKeysToElement on session 352fcbe0a9b96f08df50ee9297de9bf4 to remote] DEBUG org.apache.http.wire - http-outgoing-27 >> "[\r][\n]"
12:53:48.415 [Forwarding sendKeysToElement on session 352fcbe0a9b96f08df50ee9297de9bf4 to remote] DEBUG org.apache.http.wire - http-outgoing-27 >> "{"id":"c9710efc-b28c-4859-817c-9219caf06ad1","text":"TVRqMwBZU13c4wx6Hi6jqroCnYv2nrqQU1","value":["T","V","R","q","M","w","B","Z","U","1","3","c","4","w","x","6","H","i","6","j","q","r","o","C","n","Y","v","2","n","r","q","Q","U","1"]}"
12:53:48.622 [Forwarding sendKeysToElement on session 352fcbe0a9b96f08df50ee9297de9bf4 to remote] DEBUG org.apache.http.wire - http-outgoing-27 << "HTTP/1.1 200 OK[\r][\n]"
12:53:48.622 [Forwarding sendKeysToElement on session 352fcbe0a9b96f08df50ee9297de9bf4 to remote] DEBUG org.apache.http.wire - http-outgoing-27 << "Content-Length:14[\r][\n]"
12:53:48.622 [Forwarding sendKeysToElement on session 352fcbe0a9b96f08df50ee9297de9bf4 to remote] DEBUG org.apache.http.wire - http-outgoing-27 << "Content-Type:application/json; charset=utf-8[\r][\n]"
12:53:48.622 [Forwarding sendKeysToElement on session 352fcbe0a9b96f08df50ee9297de9bf4 to remote] DEBUG org.apache.http.wire - http-outgoing-27 << "cache-control:no-cache[\r][\n]"
12:53:48.622 [Forwarding sendKeysToElement on session 352fcbe0a9b96f08df50ee9297de9bf4 to remote] DEBUG org.apache.http.wire - http-outgoing-27 << "[\r][\n]"
12:53:48.622 [Forwarding sendKeysToElement on session 352fcbe0a9b96f08df50ee9297de9bf4 to remote] DEBUG org.apache.http.wire - http-outgoing-27 << "{"value":null}"
12:53:48.622 [Forwarding sendKeysToElement on session 352fcbe0a9b96f08df50ee9297de9bf4 to remote] DEBUG org.apache.http.headers - http-outgoing-27 << HTTP/1.1 200 OK
12:53:48.622 [Forwarding sendKeysToElement on session 352fcbe0a9b96f08df50ee9297de9bf4 to remote] DEBUG org.apache.http.headers - http-outgoing-27 << Content-Length:14
12:53:48.622 [Forwarding sendKeysToElement on session 352fcbe0a9b96f08df50ee9297de9bf4 to remote] DEBUG org.apache.http.headers - http-outgoing-27 << Content-Type:application/json; charset=utf-8
12:53:48.622 [Forwarding sendKeysToElement on session 352fcbe0a9b96f08df50ee9297de9bf4 to remote] DEBUG org.apache.http.headers - http-outgoing-27 << cache-control:no-cache
12:53:48.622 [Forwarding sendKeysToElement on session 352fcbe0a9b96f08df50ee9297de9bf4 to remote] DEBUG org.apache.http.impl.execchain.MainClientExec - Connection can be kept alive indefinitely
12:53:48.622 [Forwarding sendKeysToElement on session 352fcbe0a9b96f08df50ee9297de9bf4 to remote] DEBUG org.apache.http.impl.conn.PoolingHttpClientConnectionManager - Connection [id: 27][route: {}->http://localhost:20663] can be kept alive indefinitely
12:53:48.622 [Forwarding sendKeysToElement on session 352fcbe0a9b96f08df50ee9297de9bf4 to remote] DEBUG org.apache.http.impl.conn.PoolingHttpClientConnectionManager - Connection released: [id: 27][route: {}->http://localhost:20663][total kept alive: 10; route allocated: 1 of 2000; total allocated: 10 of 2000]
12:53:48.926 [Forwarding findElement on session 352fcbe0a9b96f08df50ee9297de9bf4 to remote] DEBUG org.apache.http.client.protocol.RequestAddCookies - CookieSpec selected: default
12:53:48.927 [Forwarding findElement on session 352fcbe0a9b96f08df50ee9297de9bf4 to remote] DEBUG org.apache.http.client.protocol.RequestAuthCache - Auth cache not set in the context
12:53:48.927 [Forwarding findElement on session 352fcbe0a9b96f08df50ee9297de9bf4 to remote] DEBUG org.apache.http.impl.conn.PoolingHttpClientConnectionManager - Connection request: [route: {}->http://localhost:20663][total kept alive: 10; route allocated: 1 of 2000; total allocated: 10 of 2000]
12:53:48.927 [Forwarding findElement on session 352fcbe0a9b96f08df50ee9297de9bf4 to remote] DEBUG org.apache.http.impl.conn.PoolingHttpClientConnectionManager - Connection leased: [id: 27][route: {}->http://localhost:20663][total kept alive: 9; route allocated: 1 of 2000; total allocated: 10 of 2000]
12:53:48.927 [Forwarding findElement on session 352fcbe0a9b96f08df50ee9297de9bf4 to remote] DEBUG org.apache.http.impl.execchain.MainClientExec - Stale connection check
12:53:48.928 [Forwarding findElement on session 352fcbe0a9b96f08df50ee9297de9bf4 to remote] DEBUG org.apache.http.wire - http-outgoing-27 << "[read] I/O error: Read timed out"
12:53:48.928 [Forwarding findElement on session 352fcbe0a9b96f08df50ee9297de9bf4 to remote] DEBUG org.apache.http.impl.conn.DefaultManagedHttpClientConnection - http-outgoing-27: set socket timeout to 10800000
12:53:48.928 [Forwarding findElement on session 352fcbe0a9b96f08df50ee9297de9bf4 to remote] DEBUG org.apache.http.impl.execchain.MainClientExec - Executing request POST /session/352fcbe0a9b96f08df50ee9297de9bf4/element HTTP/1.1
12:53:48.928 [Forwarding findElement on session 352fcbe0a9b96f08df50ee9297de9bf4 to remote] DEBUG org.apache.http.impl.execchain.MainClientExec - Target auth state: UNCHALLENGED
12:53:48.928 [Forwarding findElement on session 352fcbe0a9b96f08df50ee9297de9bf4 to remote] DEBUG org.apache.http.impl.execchain.MainClientExec - Proxy auth state: UNCHALLENGED
12:53:48.928 [Forwarding findElement on session 352fcbe0a9b96f08df50ee9297de9bf4 to remote] DEBUG org.apache.http.headers - http-outgoing-27 >> POST /session/352fcbe0a9b96f08df50ee9297de9bf4/element HTTP/1.1
12:53:48.928 [Forwarding findElement on session 352fcbe0a9b96f08df50ee9297de9bf4 to remote] DEBUG org.apache.http.headers - http-outgoing-27 >> Content-Type: application/json; charset=utf-8
12:53:48.928 [Forwarding findElement on session 352fcbe0a9b96f08df50ee9297de9bf4 to remote] DEBUG org.apache.http.headers - http-outgoing-27 >> Content-Length: 69
12:53:48.928 [Forwarding findElement on session 352fcbe0a9b96f08df50ee9297de9bf4 to remote] DEBUG org.apache.http.headers - http-outgoing-27 >> Host: localhost:20663
12:53:48.928 [Forwarding findElement on session 352fcbe0a9b96f08df50ee9297de9bf4 to remote] DEBUG org.apache.http.headers - http-outgoing-27 >> Connection: Keep-Alive
12:53:48.928 [Forwarding findElement on session 352fcbe0a9b96f08df50ee9297de9bf4 to remote] DEBUG org.apache.http.headers - http-outgoing-27 >> User-Agent: Apache-HttpClient/4.5.3 (Java/1.8.0_211)
12:53:48.928 [Forwarding findElement on session 352fcbe0a9b96f08df50ee9297de9bf4 to remote] DEBUG org.apache.http.headers - http-outgoing-27 >> Accept-Encoding: gzip,deflate
12:53:48.928 [Forwarding findElement on session 352fcbe0a9b96f08df50ee9297de9bf4 to remote] DEBUG org.apache.http.wire - http-outgoing-27 >> "POST /session/352fcbe0a9b96f08df50ee9297de9bf4/element HTTP/1.1[\r][\n]"
12:53:48.928 [Forwarding findElement on session 352fcbe0a9b96f08df50ee9297de9bf4 to remote] DEBUG org.apache.http.wire - http-outgoing-27 >> "Content-Type: application/json; charset=utf-8[\r][\n]"
12:53:48.928 [Forwarding findElement on session 352fcbe0a9b96f08df50ee9297de9bf4 to remote] DEBUG org.apache.http.wire - http-outgoing-27 >> "Content-Length: 69[\r][\n]"
12:53:48.928 [Forwarding findElement on session 352fcbe0a9b96f08df50ee9297de9bf4 to remote] DEBUG org.apache.http.wire - http-outgoing-27 >> "Host: localhost:20663[\r][\n]"
12:53:48.928 [Forwarding findElement on session 352fcbe0a9b96f08df50ee9297de9bf4 to remote] DEBUG org.apache.http.wire - http-outgoing-27 >> "Connection: Keep-Alive[\r][\n]"
12:53:48.928 [Forwarding findElement on session 352fcbe0a9b96f08df50ee9297de9bf4 to remote] DEBUG org.apache.http.wire - http-outgoing-27 >> "User-Agent: Apache-HttpClient/4.5.3 (Java/1.8.0_211)[\r][\n]"
12:53:48.928 [Forwarding findElement on session 352fcbe0a9b96f08df50ee9297de9bf4 to remote] DEBUG org.apache.http.wire - http-outgoing-27 >> "Accept-Encoding: gzip,deflate[\r][\n]"
12:53:48.928 [Forwarding findElement on session 352fcbe0a9b96f08df50ee9297de9bf4 to remote] DEBUG org.apache.http.wire - http-outgoing-27 >> "[\r][\n]"
12:53:48.928 [Forwarding findElement on session 352fcbe0a9b96f08df50ee9297de9bf4 to remote] DEBUG org.apache.http.wire - http-outgoing-27 >> "{"value":"//*[@id=\"_searchBox\"]/a/div/span/strong","using":"xpath"}"
12:53:58.951 [Forwarding findElement on session 352fcbe0a9b96f08df50ee9297de9bf4 to remote] DEBUG org.apache.http.wire - http-outgoing-27 << "HTTP/1.1 404 Not Found[\r][\n]"
12:53:58.951 [Forwarding findElement on session 352fcbe0a9b96f08df50ee9297de9bf4 to remote] DEBUG org.apache.http.wire - http-outgoing-27 << "Content-Length:1875[\r][\n]"
12:53:58.951 [Forwarding findElement on session 352fcbe0a9b96f08df50ee9297de9bf4 to remote] DEBUG org.apache.http.wire - http-outgoing-27 << "Content-Type:application/json; charset=utf-8[\r][\n]"
12:53:58.951 [Forwarding findElement on session 352fcbe0a9b96f08df50ee9297de9bf4 to remote] DEBUG org.apache.http.wire - http-outgoing-27 << "cache-control:no-cache[\r][\n]"
12:53:58.951 [Forwarding findElement on session 352fcbe0a9b96f08df50ee9297de9bf4 to remote] DEBUG org.apache.http.wire - http-outgoing-27 << "[\r][\n]"
12:53:58.951 [Forwarding findElement on session 352fcbe0a9b96f08df50ee9297de9bf4 to remote] DEBUG org.apache.http.wire - http-outgoing-27 << "{"value":{"error":"no such element","message":"no such element: Unable to locate element: {\"method\":\"xpath\",\"selector\":\"//*[@id=\"_searchBox\"]/a/div/span/strong\"}\n  (Session info: chrome=80.0.3987.149)","stacktrace":"0   chromedriver                        0x00000001069b7329 chromedriver + 3838761\n1   chromedriver                        0x0000000106951123 chromedriver + 3420451\n2   chromedriver                        0x00000001066c562f chromedriver + 751151\n3   chromedriver                        0x0000000106633081 chromedriver + 151681\n4   chromedriver                        0x000000010665e297 chromedriver + 328343\n5   chromedriver                        0x000000010664f4ed chromedriver + 267501\n6   chromedriver                        0x000000010665c38b chromedriver + 320395\n7   chromedriver                        0x000000010664f7b3 chromedriver + 268211\n8   chromedriver                        0x00000001066290bd chromedriver + 110781\n9   chromedriver                        0x000000010662a055 chromedriver + 114773\n10  chromedriver                        0x0000000106978ebf chromedriver + 3583679\n11  chromedriver                        0x0000000106985e4a chromedriver + 3636810\n12  chromedriver                        0x0000000106985be7 chromedriver + 3636199\n13  chromedriver                        0x000000010695c839 chromedriver + 3467321\n14  chromedriver                        0x0000000106986707 chromedriver + 3639047\n15  chromedriver                        0x000000010696ecc7 chromedriver + 3542215\n16  chromedriver                        0x000000010699c324 chromedriver + 3728164\n17  chromedriver                        0x00000001069bd387 chromedriver + 3863431\n18  libsystem_pthread.dylib             0x00007fff6e23ee65 _pthread_start + 148\n19  libsystem_pthread.dylib             0x00007fff6e23a83b thread_start + 15\n"}}"
12:53:58.951 [Forwarding findElement on session 352fcbe0a9b96f08df50ee9297de9bf4 to remote] DEBUG org.apache.http.headers - http-outgoing-27 << HTTP/1.1 404 Not Found
12:53:58.951 [Forwarding findElement on session 352fcbe0a9b96f08df50ee9297de9bf4 to remote] DEBUG org.apache.http.headers - http-outgoing-27 << Content-Length:1875
12:53:58.951 [Forwarding findElement on session 352fcbe0a9b96f08df50ee9297de9bf4 to remote] DEBUG org.apache.http.headers - http-outgoing-27 << Content-Type:application/json; charset=utf-8
12:53:58.951 [Forwarding findElement on session 352fcbe0a9b96f08df50ee9297de9bf4 to remote] DEBUG org.apache.http.headers - http-outgoing-27 << cache-control:no-cache
12:53:58.951 [Forwarding findElement on session 352fcbe0a9b96f08df50ee9297de9bf4 to remote] DEBUG org.apache.http.impl.execchain.MainClientExec - Connection can be kept alive indefinitely
12:53:58.951 [Forwarding findElement on session 352fcbe0a9b96f08df50ee9297de9bf4 to remote] DEBUG org.apache.http.impl.conn.PoolingHttpClientConnectionManager - Connection [id: 27][route: {}->http://localhost:20663] can be kept alive indefinitely
12:53:58.951 [Forwarding findElement on session 352fcbe0a9b96f08df50ee9297de9bf4 to remote] DEBUG org.apache.http.impl.conn.PoolingHttpClientConnectionManager - Connection released: [id: 27][route: {}->http://localhost:20663][total kept alive: 10; route allocated: 1 of 2000; total allocated: 10 of 2000]
12:53:58.953 [Forwarding findElement on session 352fcbe0a9b96f08df50ee9297de9bf4 to remote] DEBUG org.apache.http.client.protocol.RequestAddCookies - CookieSpec selected: default
12:53:58.953 [Forwarding findElement on session 352fcbe0a9b96f08df50ee9297de9bf4 to remote] DEBUG org.apache.http.client.protocol.RequestAuthCache - Auth cache not set in the context
12:53:58.953 [Forwarding findElement on session 352fcbe0a9b96f08df50ee9297de9bf4 to remote] DEBUG org.apache.http.impl.conn.PoolingHttpClientConnectionManager - Connection request: [route: {}->http://localhost:20663][total kept alive: 10; route allocated: 1 of 2000; total allocated: 10 of 2000]
12:53:58.953 [Forwarding findElement on session 352fcbe0a9b96f08df50ee9297de9bf4 to remote] DEBUG org.apache.http.impl.conn.PoolingHttpClientConnectionManager - Connection leased: [id: 27][route: {}->http://localhost:20663][total kept alive: 9; route allocated: 1 of 2000; total allocated: 10 of 2000]
12:53:58.953 [Forwarding findElement on session 352fcbe0a9b96f08df50ee9297de9bf4 to remote] DEBUG org.apache.http.impl.execchain.MainClientExec - Stale connection check
12:53:58.954 [Forwarding findElement on session 352fcbe0a9b96f08df50ee9297de9bf4 to remote] DEBUG org.apache.http.wire - http-outgoing-27 << "[read] I/O error: Read timed out"
12:53:58.954 [Forwarding findElement on session 352fcbe0a9b96f08df50ee9297de9bf4 to remote] DEBUG org.apache.http.impl.conn.DefaultManagedHttpClientConnection - http-outgoing-27: set socket timeout to 10800000
12:53:58.954 [Forwarding findElement on session 352fcbe0a9b96f08df50ee9297de9bf4 to remote] DEBUG org.apache.http.impl.execchain.MainClientExec - Executing request POST /session/352fcbe0a9b96f08df50ee9297de9bf4/element HTTP/1.1
12:53:58.954 [Forwarding findElement on session 352fcbe0a9b96f08df50ee9297de9bf4 to remote] DEBUG org.apache.http.impl.execchain.MainClientExec - Target auth state: UNCHALLENGED
12:53:58.954 [Forwarding findElement on session 352fcbe0a9b96f08df50ee9297de9bf4 to remote] DEBUG org.apache.http.impl.execchain.MainClientExec - Proxy auth state: UNCHALLENGED
12:53:58.954 [Forwarding findElement on session 352fcbe0a9b96f08df50ee9297de9bf4 to remote] DEBUG org.apache.http.headers - http-outgoing-27 >> POST /session/352fcbe0a9b96f08df50ee9297de9bf4/element HTTP/1.1
12:53:58.954 [Forwarding findElement on session 352fcbe0a9b96f08df50ee9297de9bf4 to remote] DEBUG org.apache.http.headers - http-outgoing-27 >> Content-Type: application/json; charset=utf-8
12:53:58.954 [Forwarding findElement on session 352fcbe0a9b96f08df50ee9297de9bf4 to remote] DEBUG org.apache.http.headers - http-outgoing-27 >> Content-Length: 85
12:53:58.954 [Forwarding findElement on session 352fcbe0a9b96f08df50ee9297de9bf4 to remote] DEBUG org.apache.http.headers - http-outgoing-27 >> Host: localhost:20663
12:53:58.954 [Forwarding findElement on session 352fcbe0a9b96f08df50ee9297de9bf4 to remote] DEBUG org.apache.http.headers - http-outgoing-27 >> Connection: Keep-Alive
12:53:58.954 [Forwarding findElement on session 352fcbe0a9b96f08df50ee9297de9bf4 to remote] DEBUG org.apache.http.headers - http-outgoing-27 >> User-Agent: Apache-HttpClient/4.5.3 (Java/1.8.0_211)
12:53:58.954 [Forwarding findElement on session 352fcbe0a9b96f08df50ee9297de9bf4 to remote] DEBUG org.apache.http.headers - http-outgoing-27 >> Accept-Encoding: gzip,deflate
12:53:58.954 [Forwarding findElement on session 352fcbe0a9b96f08df50ee9297de9bf4 to remote] DEBUG org.apache.http.wire - http-outgoing-27 >> "POST /session/352fcbe0a9b96f08df50ee9297de9bf4/element HTTP/1.1[\r][\n]"
12:53:58.954 [Forwarding findElement on session 352fcbe0a9b96f08df50ee9297de9bf4 to remote] DEBUG org.apache.http.wire - http-outgoing-27 >> "Content-Type: application/json; charset=utf-8[\r][\n]"
12:53:58.954 [Forwarding findElement on session 352fcbe0a9b96f08df50ee9297de9bf4 to remote] DEBUG org.apache.http.wire - http-outgoing-27 >> "Content-Length: 85[\r][\n]"
12:53:58.954 [Forwarding findElement on session 352fcbe0a9b96f08df50ee9297de9bf4 to remote] DEBUG org.apache.http.wire - http-outgoing-27 >> "Host: localhost:20663[\r][\n]"
12:53:58.954 [Forwarding findElement on session 352fcbe0a9b96f08df50ee9297de9bf4 to remote] DEBUG org.apache.http.wire - http-outgoing-27 >> "Connection: Keep-Alive[\r][\n]"
12:53:58.954 [Forwarding findElement on session 352fcbe0a9b96f08df50ee9297de9bf4 to remote] DEBUG org.apache.http.wire - http-outgoing-27 >> "User-Agent: Apache-HttpClient/4.5.3 (Java/1.8.0_211)[\r][\n]"
12:53:58.954 [Forwarding findElement on session 352fcbe0a9b96f08df50ee9297de9bf4 to remote] DEBUG org.apache.http.wire - http-outgoing-27 >> "Accept-Encoding: gzip,deflate[\r][\n]"
12:53:58.954 [Forwarding findElement on session 352fcbe0a9b96f08df50ee9297de9bf4 to remote] DEBUG org.apache.http.wire - http-outgoing-27 >> "[\r][\n]"
12:53:58.954 [Forwarding findElement on session 352fcbe0a9b96f08df50ee9297de9bf4 to remote] DEBUG org.apache.http.wire - http-outgoing-27 >> "{"value":"//*[@id=\"root\"]/div[1]/div[2]/div/div/div/div/div/input","using":"xpath"}"
12:53:58.960 [Forwarding findElement on session 352fcbe0a9b96f08df50ee9297de9bf4 to remote] DEBUG org.apache.http.wire - http-outgoing-27 << "HTTP/1.1 200 OK[\r][\n]"
12:53:58.960 [Forwarding findElement on session 352fcbe0a9b96f08df50ee9297de9bf4 to remote] DEBUG org.apache.http.wire - http-outgoing-27 << "Content-Length:88[\r][\n]"
12:53:58.960 [Forwarding findElement on session 352fcbe0a9b96f08df50ee9297de9bf4 to remote] DEBUG org.apache.http.wire - http-outgoing-27 << "Content-Type:application/json; charset=utf-8[\r][\n]"
12:53:58.960 [Forwarding findElement on session 352fcbe0a9b96f08df50ee9297de9bf4 to remote] DEBUG org.apache.http.wire - http-outgoing-27 << "cache-control:no-cache[\r][\n]"
12:53:58.960 [Forwarding findElement on session 352fcbe0a9b96f08df50ee9297de9bf4 to remote] DEBUG org.apache.http.wire - http-outgoing-27 << "[\r][\n]"
12:53:58.960 [Forwarding findElement on session 352fcbe0a9b96f08df50ee9297de9bf4 to remote] DEBUG org.apache.http.wire - http-outgoing-27 << "{"value":{"element-6066-11e4-a52e-4f735466cecf":"c9710efc-b28c-4859-817c-9219caf06ad1"}}"
12:53:58.960 [Forwarding findElement on session 352fcbe0a9b96f08df50ee9297de9bf4 to remote] DEBUG org.apache.http.headers - http-outgoing-27 << HTTP/1.1 200 OK
12:53:58.960 [Forwarding findElement on session 352fcbe0a9b96f08df50ee9297de9bf4 to remote] DEBUG org.apache.http.headers - http-outgoing-27 << Content-Length:88
12:53:58.960 [Forwarding findElement on session 352fcbe0a9b96f08df50ee9297de9bf4 to remote] DEBUG org.apache.http.headers - http-outgoing-27 << Content-Type:application/json; charset=utf-8
12:53:58.960 [Forwarding findElement on session 352fcbe0a9b96f08df50ee9297de9bf4 to remote] DEBUG org.apache.http.headers - http-outgoing-27 << cache-control:no-cache
12:53:58.960 [Forwarding findElement on session 352fcbe0a9b96f08df50ee9297de9bf4 to remote] DEBUG org.apache.http.impl.execchain.MainClientExec - Connection can be kept alive indefinitely
12:53:58.960 [Forwarding findElement on session 352fcbe0a9b96f08df50ee9297de9bf4 to remote] DEBUG org.apache.http.impl.conn.PoolingHttpClientConnectionManager - Connection [id: 27][route: {}->http://localhost:20663] can be kept alive indefinitely
12:53:58.960 [Forwarding findElement on session 352fcbe0a9b96f08df50ee9297de9bf4 to remote] DEBUG org.apache.http.impl.conn.PoolingHttpClientConnectionManager - Connection released: [id: 27][route: {}->http://localhost:20663][total kept alive: 10; route allocated: 1 of 2000; total allocated: 10 of 2000]
12:53:58.960 [Forwarding sendKeysToElement on session 352fcbe0a9b96f08df50ee9297de9bf4 to remote] DEBUG org.apache.http.client.protocol.RequestAddCookies - CookieSpec selected: default
12:53:58.960 [Forwarding sendKeysToElement on session 352fcbe0a9b96f08df50ee9297de9bf4 to remote] DEBUG org.apache.http.client.protocol.RequestAuthCache - Auth cache not set in the context
12:53:58.960 [Forwarding sendKeysToElement on session 352fcbe0a9b96f08df50ee9297de9bf4 to remote] DEBUG org.apache.http.impl.conn.PoolingHttpClientConnectionManager - Connection request: [route: {}->http://localhost:20663][total kept alive: 10; route allocated: 1 of 2000; total allocated: 10 of 2000]
12:53:58.960 [Forwarding sendKeysToElement on session 352fcbe0a9b96f08df50ee9297de9bf4 to remote] DEBUG org.apache.http.impl.conn.PoolingHttpClientConnectionManager - Connection leased: [id: 27][route: {}->http://localhost:20663][total kept alive: 9; route allocated: 1 of 2000; total allocated: 10 of 2000]
12:53:58.960 [Forwarding sendKeysToElement on session 352fcbe0a9b96f08df50ee9297de9bf4 to remote] DEBUG org.apache.http.impl.execchain.MainClientExec - Stale connection check
12:53:58.962 [Forwarding sendKeysToElement on session 352fcbe0a9b96f08df50ee9297de9bf4 to remote] DEBUG org.apache.http.wire - http-outgoing-27 << "[read] I/O error: Read timed out"
12:53:58.962 [Forwarding sendKeysToElement on session 352fcbe0a9b96f08df50ee9297de9bf4 to remote] DEBUG org.apache.http.impl.conn.DefaultManagedHttpClientConnection - http-outgoing-27: set socket timeout to 10800000
12:53:58.962 [Forwarding sendKeysToElement on session 352fcbe0a9b96f08df50ee9297de9bf4 to remote] DEBUG org.apache.http.impl.execchain.MainClientExec - Executing request POST /session/352fcbe0a9b96f08df50ee9297de9bf4/element/c9710efc-b28c-4859-817c-9219caf06ad1/value HTTP/1.1
12:53:58.962 [Forwarding sendKeysToElement on session 352fcbe0a9b96f08df50ee9297de9bf4 to remote] DEBUG org.apache.http.impl.execchain.MainClientExec - Target auth state: UNCHALLENGED
12:53:58.962 [Forwarding sendKeysToElement on session 352fcbe0a9b96f08df50ee9297de9bf4 to remote] DEBUG org.apache.http.impl.execchain.MainClientExec - Proxy auth state: UNCHALLENGED
12:53:58.962 [Forwarding sendKeysToElement on session 352fcbe0a9b96f08df50ee9297de9bf4 to remote] DEBUG org.apache.http.headers - http-outgoing-27 >> POST /session/352fcbe0a9b96f08df50ee9297de9bf4/element/c9710efc-b28c-4859-817c-9219caf06ad1/value HTTP/1.1
12:53:58.962 [Forwarding sendKeysToElement on session 352fcbe0a9b96f08df50ee9297de9bf4 to remote] DEBUG org.apache.http.headers - http-outgoing-27 >> Content-Type: application/json; charset=utf-8
12:53:58.962 [Forwarding sendKeysToElement on session 352fcbe0a9b96f08df50ee9297de9bf4 to remote] DEBUG org.apache.http.headers - http-outgoing-27 >> Content-Length: 80
12:53:58.962 [Forwarding sendKeysToElement on session 352fcbe0a9b96f08df50ee9297de9bf4 to remote] DEBUG org.apache.http.headers - http-outgoing-27 >> Host: localhost:20663
12:53:58.962 [Forwarding sendKeysToElement on session 352fcbe0a9b96f08df50ee9297de9bf4 to remote] DEBUG org.apache.http.headers - http-outgoing-27 >> Connection: Keep-Alive
12:53:58.962 [Forwarding sendKeysToElement on session 352fcbe0a9b96f08df50ee9297de9bf4 to remote] DEBUG org.apache.http.headers - http-outgoing-27 >> User-Agent: Apache-HttpClient/4.5.3 (Java/1.8.0_211)
12:53:58.962 [Forwarding sendKeysToElement on session 352fcbe0a9b96f08df50ee9297de9bf4 to remote] DEBUG org.apache.http.headers - http-outgoing-27 >> Accept-Encoding: gzip,deflate
12:53:58.962 [Forwarding sendKeysToElement on session 352fcbe0a9b96f08df50ee9297de9bf4 to remote] DEBUG org.apache.http.wire - http-outgoing-27 >> "POST /session/352fcbe0a9b96f08df50ee9297de9bf4/element/c9710efc-b28c-4859-817c-9219caf06ad1/value HTTP/1.1[\r][\n]"
12:53:58.962 [Forwarding sendKeysToElement on session 352fcbe0a9b96f08df50ee9297de9bf4 to remote] DEBUG org.apache.http.wire - http-outgoing-27 >> "Content-Type: application/json; charset=utf-8[\r][\n]"
12:53:58.962 [Forwarding sendKeysToElement on session 352fcbe0a9b96f08df50ee9297de9bf4 to remote] DEBUG org.apache.http.wire - http-outgoing-27 >> "Content-Length: 80[\r][\n]"
12:53:58.962 [Forwarding sendKeysToElement on session 352fcbe0a9b96f08df50ee9297de9bf4 to remote] DEBUG org.apache.http.wire - http-outgoing-27 >> "Host: localhost:20663[\r][\n]"
12:53:58.962 [Forwarding sendKeysToElement on session 352fcbe0a9b96f08df50ee9297de9bf4 to remote] DEBUG org.apache.http.wire - http-outgoing-27 >> "Connection: Keep-Alive[\r][\n]"
12:53:58.962 [Forwarding sendKeysToElement on session 352fcbe0a9b96f08df50ee9297de9bf4 to remote] DEBUG org.apache.http.wire - http-outgoing-27 >> "User-Agent: Apache-HttpClient/4.5.3 (Java/1.8.0_211)[\r][\n]"
12:53:58.962 [Forwarding sendKeysToElement on session 352fcbe0a9b96f08df50ee9297de9bf4 to remote] DEBUG org.apache.http.wire - http-outgoing-27 >> "Accept-Encoding: gzip,deflate[\r][\n]"
12:53:58.962 [Forwarding sendKeysToElement on session 352fcbe0a9b96f08df50ee9297de9bf4 to remote] DEBUG org.apache.http.wire - http-outgoing-27 >> "[\r][\n]"
12:53:58.962 [Forwarding sendKeysToElement on session 352fcbe0a9b96f08df50ee9297de9bf4 to remote] DEBUG org.apache.http.wire - http-outgoing-27 >> "{"id":"c9710efc-b28c-4859-817c-9219caf06ad1","text":"BTT","value":["B","T","T"]}"
12:53:58.990 [Forwarding sendKeysToElement on session 352fcbe0a9b96f08df50ee9297de9bf4 to remote] DEBUG org.apache.http.wire - http-outgoing-27 << "HTTP/1.1 200 OK[\r][\n]"
12:53:58.990 [Forwarding sendKeysToElement on session 352fcbe0a9b96f08df50ee9297de9bf4 to remote] DEBUG org.apache.http.wire - http-outgoing-27 << "Content-Length:14[\r][\n]"
12:53:58.990 [Forwarding sendKeysToElement on session 352fcbe0a9b96f08df50ee9297de9bf4 to remote] DEBUG org.apache.http.wire - http-outgoing-27 << "Content-Type:application/json; charset=utf-8[\r][\n]"
12:53:58.990 [Forwarding sendKeysToElement on session 352fcbe0a9b96f08df50ee9297de9bf4 to remote] DEBUG org.apache.http.wire - http-outgoing-27 << "cache-control:no-cache[\r][\n]"
12:53:58.990 [Forwarding sendKeysToElement on session 352fcbe0a9b96f08df50ee9297de9bf4 to remote] DEBUG org.apache.http.wire - http-outgoing-27 << "[\r][\n]"
12:53:58.990 [Forwarding sendKeysToElement on session 352fcbe0a9b96f08df50ee9297de9bf4 to remote] DEBUG org.apache.http.wire - http-outgoing-27 << "{"value":null}"
12:53:58.990 [Forwarding sendKeysToElement on session 352fcbe0a9b96f08df50ee9297de9bf4 to remote] DEBUG org.apache.http.headers - http-outgoing-27 << HTTP/1.1 200 OK
12:53:58.990 [Forwarding sendKeysToElement on session 352fcbe0a9b96f08df50ee9297de9bf4 to remote] DEBUG org.apache.http.headers - http-outgoing-27 << Content-Length:14
12:53:58.990 [Forwarding sendKeysToElement on session 352fcbe0a9b96f08df50ee9297de9bf4 to remote] DEBUG org.apache.http.headers - http-outgoing-27 << Content-Type:application/json; charset=utf-8
12:53:58.990 [Forwarding sendKeysToElement on session 352fcbe0a9b96f08df50ee9297de9bf4 to remote] DEBUG org.apache.http.headers - http-outgoing-27 << cache-control:no-cache
12:53:58.991 [Forwarding sendKeysToElement on session 352fcbe0a9b96f08df50ee9297de9bf4 to remote] DEBUG org.apache.http.impl.execchain.MainClientExec - Connection can be kept alive indefinitely
12:53:58.991 [Forwarding sendKeysToElement on session 352fcbe0a9b96f08df50ee9297de9bf4 to remote] DEBUG org.apache.http.impl.conn.PoolingHttpClientConnectionManager - Connection [id: 27][route: {}->http://localhost:20663] can be kept alive indefinitely
12:53:58.991 [Forwarding sendKeysToElement on session 352fcbe0a9b96f08df50ee9297de9bf4 to remote] DEBUG org.apache.http.impl.conn.PoolingHttpClientConnectionManager - Connection released: [id: 27][route: {}->http://localhost:20663][total kept alive: 10; route allocated: 1 of 2000; total allocated: 10 of 2000]
12:53:59.294 [Forwarding findElement on session 352fcbe0a9b96f08df50ee9297de9bf4 to remote] DEBUG org.apache.http.client.protocol.RequestAddCookies - CookieSpec selected: default
12:53:59.294 [Forwarding findElement on session 352fcbe0a9b96f08df50ee9297de9bf4 to remote] DEBUG org.apache.http.client.protocol.RequestAuthCache - Auth cache not set in the context
12:53:59.294 [Forwarding findElement on session 352fcbe0a9b96f08df50ee9297de9bf4 to remote] DEBUG org.apache.http.impl.conn.PoolingHttpClientConnectionManager - Connection request: [route: {}->http://localhost:20663][total kept alive: 10; route allocated: 1 of 2000; total allocated: 10 of 2000]
12:53:59.294 [Forwarding findElement on session 352fcbe0a9b96f08df50ee9297de9bf4 to remote] DEBUG org.apache.http.impl.conn.PoolingHttpClientConnectionManager - Connection leased: [id: 27][route: {}->http://localhost:20663][total kept alive: 9; route allocated: 1 of 2000; total allocated: 10 of 2000]
12:53:59.294 [Forwarding findElement on session 352fcbe0a9b96f08df50ee9297de9bf4 to remote] DEBUG org.apache.http.impl.execchain.MainClientExec - Stale connection check
12:53:59.295 [Forwarding findElement on session 352fcbe0a9b96f08df50ee9297de9bf4 to remote] DEBUG org.apache.http.wire - http-outgoing-27 << "[read] I/O error: Read timed out"
12:53:59.295 [Forwarding findElement on session 352fcbe0a9b96f08df50ee9297de9bf4 to remote] DEBUG org.apache.http.impl.conn.DefaultManagedHttpClientConnection - http-outgoing-27: set socket timeout to 10800000
12:53:59.295 [Forwarding findElement on session 352fcbe0a9b96f08df50ee9297de9bf4 to remote] DEBUG org.apache.http.impl.execchain.MainClientExec - Executing request POST /session/352fcbe0a9b96f08df50ee9297de9bf4/element HTTP/1.1
12:53:59.295 [Forwarding findElement on session 352fcbe0a9b96f08df50ee9297de9bf4 to remote] DEBUG org.apache.http.impl.execchain.MainClientExec - Target auth state: UNCHALLENGED
12:53:59.295 [Forwarding findElement on session 352fcbe0a9b96f08df50ee9297de9bf4 to remote] DEBUG org.apache.http.impl.execchain.MainClientExec - Proxy auth state: UNCHALLENGED
12:53:59.295 [Forwarding findElement on session 352fcbe0a9b96f08df50ee9297de9bf4 to remote] DEBUG org.apache.http.headers - http-outgoing-27 >> POST /session/352fcbe0a9b96f08df50ee9297de9bf4/element HTTP/1.1
12:53:59.295 [Forwarding findElement on session 352fcbe0a9b96f08df50ee9297de9bf4 to remote] DEBUG org.apache.http.headers - http-outgoing-27 >> Content-Type: application/json; charset=utf-8
12:53:59.295 [Forwarding findElement on session 352fcbe0a9b96f08df50ee9297de9bf4 to remote] DEBUG org.apache.http.headers - http-outgoing-27 >> Content-Length: 69
12:53:59.295 [Forwarding findElement on session 352fcbe0a9b96f08df50ee9297de9bf4 to remote] DEBUG org.apache.http.headers - http-outgoing-27 >> Host: localhost:20663
12:53:59.295 [Forwarding findElement on session 352fcbe0a9b96f08df50ee9297de9bf4 to remote] DEBUG org.apache.http.headers - http-outgoing-27 >> Connection: Keep-Alive
12:53:59.296 [Forwarding findElement on session 352fcbe0a9b96f08df50ee9297de9bf4 to remote] DEBUG org.apache.http.headers - http-outgoing-27 >> User-Agent: Apache-HttpClient/4.5.3 (Java/1.8.0_211)
12:53:59.296 [Forwarding findElement on session 352fcbe0a9b96f08df50ee9297de9bf4 to remote] DEBUG org.apache.http.headers - http-outgoing-27 >> Accept-Encoding: gzip,deflate
12:53:59.296 [Forwarding findElement on session 352fcbe0a9b96f08df50ee9297de9bf4 to remote] DEBUG org.apache.http.wire - http-outgoing-27 >> "POST /session/352fcbe0a9b96f08df50ee9297de9bf4/element HTTP/1.1[\r][\n]"
12:53:59.296 [Forwarding findElement on session 352fcbe0a9b96f08df50ee9297de9bf4 to remote] DEBUG org.apache.http.wire - http-outgoing-27 >> "Content-Type: application/json; charset=utf-8[\r][\n]"
12:53:59.296 [Forwarding findElement on session 352fcbe0a9b96f08df50ee9297de9bf4 to remote] DEBUG org.apache.http.wire - http-outgoing-27 >> "Content-Length: 69[\r][\n]"
12:53:59.296 [Forwarding findElement on session 352fcbe0a9b96f08df50ee9297de9bf4 to remote] DEBUG org.apache.http.wire - http-outgoing-27 >> "Host: localhost:20663[\r][\n]"
12:53:59.296 [Forwarding findElement on session 352fcbe0a9b96f08df50ee9297de9bf4 to remote] DEBUG org.apache.http.wire - http-outgoing-27 >> "Connection: Keep-Alive[\r][\n]"
12:53:59.296 [Forwarding findElement on session 352fcbe0a9b96f08df50ee9297de9bf4 to remote] DEBUG org.apache.http.wire - http-outgoing-27 >> "User-Agent: Apache-HttpClient/4.5.3 (Java/1.8.0_211)[\r][\n]"
12:53:59.296 [Forwarding findElement on session 352fcbe0a9b96f08df50ee9297de9bf4 to remote] DEBUG org.apache.http.wire - http-outgoing-27 >> "Accept-Encoding: gzip,deflate[\r][\n]"
12:53:59.296 [Forwarding findElement on session 352fcbe0a9b96f08df50ee9297de9bf4 to remote] DEBUG org.apache.http.wire - http-outgoing-27 >> "[\r][\n]"
12:53:59.296 [Forwarding findElement on session 352fcbe0a9b96f08df50ee9297de9bf4 to remote] DEBUG org.apache.http.wire - http-outgoing-27 >> "{"value":"//*[@id=\"_searchBox\"]/a/div/span/strong","using":"xpath"}"
12:54:09.313 [Forwarding findElement on session 352fcbe0a9b96f08df50ee9297de9bf4 to remote] DEBUG org.apache.http.wire - http-outgoing-27 << "HTTP/1.1 404 Not Found[\r][\n]"
12:54:09.313 [Forwarding findElement on session 352fcbe0a9b96f08df50ee9297de9bf4 to remote] DEBUG org.apache.http.wire - http-outgoing-27 << "Content-Length:1875[\r][\n]"
12:54:09.313 [Forwarding findElement on session 352fcbe0a9b96f08df50ee9297de9bf4 to remote] DEBUG org.apache.http.wire - http-outgoing-27 << "Content-Type:application/json; charset=utf-8[\r][\n]"
12:54:09.313 [Forwarding findElement on session 352fcbe0a9b96f08df50ee9297de9bf4 to remote] DEBUG org.apache.http.wire - http-outgoing-27 << "cache-control:no-cache[\r][\n]"
12:54:09.313 [Forwarding findElement on session 352fcbe0a9b96f08df50ee9297de9bf4 to remote] DEBUG org.apache.http.wire - http-outgoing-27 << "[\r][\n]"
12:54:09.313 [Forwarding findElement on session 352fcbe0a9b96f08df50ee9297de9bf4 to remote] DEBUG org.apache.http.wire - http-outgoing-27 << "{"value":{"error":"no such element","message":"no such element: Unable to locate element: {\"method\":\"xpath\",\"selector\":\"//*[@id=\"_searchBox\"]/a/div/span/strong\"}\n  (Session info: chrome=80.0.3987.149)","stacktrace":"0   chromedriver                        0x00000001069b7329 chromedriver + 3838761\n1   chromedriver                        0x0000000106951123 chromedriver + 3420451\n2   chromedriver                        0x00000001066c562f chromedriver + 751151\n3   chromedriver                        0x0000000106633081 chromedriver + 151681\n4   chromedriver                        0x000000010665e297 chromedriver + 328343\n5   chromedriver                        0x000000010664f4ed chromedriver + 267501\n6   chromedriver                        0x000000010665c38b chromedriver + 320395\n7   chromedriver                        0x000000010664f7b3 chromedriver + 268211\n8   chromedriver                        0x00000001066290bd chromedriver + 110781\n9   chromedriver                        0x000000010662a055 chromedriver + 114773\n10  chromedriver                        0x0000000106978ebf chromedriver + 3583679\n11  chromedriver                        0x0000000106985e4a chromedriver + 3636810\n12  chromedriver                        0x0000000106985be7 chromedriver + 3636199\n13  chromedriver                        0x000000010695c839 chromedriver + 3467321\n14  chromedriver                        0x0000000106986707 chromedriver + 3639047\n15  chromedriver                        0x000000010696ecc7 chromedriver + 3542215\n16  chromedriver                        0x000000010699c324 chromedriver + 3728164\n17  chromedriver                        0x00000001069bd387 chromedriver + 3863431\n18  libsystem_pthread.dylib             0x00007fff6e23ee65 _pthread_start + 148\n19  libsystem_pthread.dylib             0x00007fff6e23a83b thread_start + 15\n"}}"
12:54:09.313 [Forwarding findElement on session 352fcbe0a9b96f08df50ee9297de9bf4 to remote] DEBUG org.apache.http.headers - http-outgoing-27 << HTTP/1.1 404 Not Found
12:54:09.313 [Forwarding findElement on session 352fcbe0a9b96f08df50ee9297de9bf4 to remote] DEBUG org.apache.http.headers - http-outgoing-27 << Content-Length:1875
12:54:09.313 [Forwarding findElement on session 352fcbe0a9b96f08df50ee9297de9bf4 to remote] DEBUG org.apache.http.headers - http-outgoing-27 << Content-Type:application/json; charset=utf-8
12:54:09.313 [Forwarding findElement on session 352fcbe0a9b96f08df50ee9297de9bf4 to remote] DEBUG org.apache.http.headers - http-outgoing-27 << cache-control:no-cache
12:54:09.313 [Forwarding findElement on session 352fcbe0a9b96f08df50ee9297de9bf4 to remote] DEBUG org.apache.http.impl.execchain.MainClientExec - Connection can be kept alive indefinitely
12:54:09.313 [Forwarding findElement on session 352fcbe0a9b96f08df50ee9297de9bf4 to remote] DEBUG org.apache.http.impl.conn.PoolingHttpClientConnectionManager - Connection [id: 27][route: {}->http://localhost:20663] can be kept alive indefinitely
12:54:09.313 [Forwarding findElement on session 352fcbe0a9b96f08df50ee9297de9bf4 to remote] DEBUG org.apache.http.impl.conn.PoolingHttpClientConnectionManager - Connection released: [id: 27][route: {}->http://localhost:20663][total kept alive: 10; route allocated: 1 of 2000; total allocated: 10 of 2000]
12:54:09.315 [Forwarding findElement on session 352fcbe0a9b96f08df50ee9297de9bf4 to remote] DEBUG org.apache.http.client.protocol.RequestAddCookies - CookieSpec selected: default
12:54:09.315 [Forwarding findElement on session 352fcbe0a9b96f08df50ee9297de9bf4 to remote] DEBUG org.apache.http.client.protocol.RequestAuthCache - Auth cache not set in the context
12:54:09.315 [Forwarding findElement on session 352fcbe0a9b96f08df50ee9297de9bf4 to remote] DEBUG org.apache.http.impl.conn.PoolingHttpClientConnectionManager - Connection request: [route: {}->http://localhost:20663][total kept alive: 10; route allocated: 1 of 2000; total allocated: 10 of 2000]
12:54:09.315 [Forwarding findElement on session 352fcbe0a9b96f08df50ee9297de9bf4 to remote] DEBUG org.apache.http.impl.conn.PoolingHttpClientConnectionManager - Connection leased: [id: 27][route: {}->http://localhost:20663][total kept alive: 9; route allocated: 1 of 2000; total allocated: 10 of 2000]
12:54:09.315 [Forwarding findElement on session 352fcbe0a9b96f08df50ee9297de9bf4 to remote] DEBUG org.apache.http.impl.execchain.MainClientExec - Stale connection check
12:54:09.316 [Forwarding findElement on session 352fcbe0a9b96f08df50ee9297de9bf4 to remote] DEBUG org.apache.http.wire - http-outgoing-27 << "[read] I/O error: Read timed out"
12:54:09.316 [Forwarding findElement on session 352fcbe0a9b96f08df50ee9297de9bf4 to remote] DEBUG org.apache.http.impl.conn.DefaultManagedHttpClientConnection - http-outgoing-27: set socket timeout to 10800000
12:54:09.316 [Forwarding findElement on session 352fcbe0a9b96f08df50ee9297de9bf4 to remote] DEBUG org.apache.http.impl.execchain.MainClientExec - Executing request POST /session/352fcbe0a9b96f08df50ee9297de9bf4/element HTTP/1.1
12:54:09.316 [Forwarding findElement on session 352fcbe0a9b96f08df50ee9297de9bf4 to remote] DEBUG org.apache.http.impl.execchain.MainClientExec - Target auth state: UNCHALLENGED
12:54:09.316 [Forwarding findElement on session 352fcbe0a9b96f08df50ee9297de9bf4 to remote] DEBUG org.apache.http.impl.execchain.MainClientExec - Proxy auth state: UNCHALLENGED
12:54:09.316 [Forwarding findElement on session 352fcbe0a9b96f08df50ee9297de9bf4 to remote] DEBUG org.apache.http.headers - http-outgoing-27 >> POST /session/352fcbe0a9b96f08df50ee9297de9bf4/element HTTP/1.1
12:54:09.316 [Forwarding findElement on session 352fcbe0a9b96f08df50ee9297de9bf4 to remote] DEBUG org.apache.http.headers - http-outgoing-27 >> Content-Type: application/json; charset=utf-8
12:54:09.316 [Forwarding findElement on session 352fcbe0a9b96f08df50ee9297de9bf4 to remote] DEBUG org.apache.http.headers - http-outgoing-27 >> Content-Length: 85
12:54:09.316 [Forwarding findElement on session 352fcbe0a9b96f08df50ee9297de9bf4 to remote] DEBUG org.apache.http.headers - http-outgoing-27 >> Host: localhost:20663
12:54:09.316 [Forwarding findElement on session 352fcbe0a9b96f08df50ee9297de9bf4 to remote] DEBUG org.apache.http.headers - http-outgoing-27 >> Connection: Keep-Alive
12:54:09.316 [Forwarding findElement on session 352fcbe0a9b96f08df50ee9297de9bf4 to remote] DEBUG org.apache.http.headers - http-outgoing-27 >> User-Agent: Apache-HttpClient/4.5.3 (Java/1.8.0_211)
12:54:09.316 [Forwarding findElement on session 352fcbe0a9b96f08df50ee9297de9bf4 to remote] DEBUG org.apache.http.headers - http-outgoing-27 >> Accept-Encoding: gzip,deflate
12:54:09.316 [Forwarding findElement on session 352fcbe0a9b96f08df50ee9297de9bf4 to remote] DEBUG org.apache.http.wire - http-outgoing-27 >> "POST /session/352fcbe0a9b96f08df50ee9297de9bf4/element HTTP/1.1[\r][\n]"
12:54:09.316 [Forwarding findElement on session 352fcbe0a9b96f08df50ee9297de9bf4 to remote] DEBUG org.apache.http.wire - http-outgoing-27 >> "Content-Type: application/json; charset=utf-8[\r][\n]"
12:54:09.316 [Forwarding findElement on session 352fcbe0a9b96f08df50ee9297de9bf4 to remote] DEBUG org.apache.http.wire - http-outgoing-27 >> "Content-Length: 85[\r][\n]"
12:54:09.316 [Forwarding findElement on session 352fcbe0a9b96f08df50ee9297de9bf4 to remote] DEBUG org.apache.http.wire - http-outgoing-27 >> "Host: localhost:20663[\r][\n]"
12:54:09.316 [Forwarding findElement on session 352fcbe0a9b96f08df50ee9297de9bf4 to remote] DEBUG org.apache.http.wire - http-outgoing-27 >> "Connection: Keep-Alive[\r][\n]"
12:54:09.316 [Forwarding findElement on session 352fcbe0a9b96f08df50ee9297de9bf4 to remote] DEBUG org.apache.http.wire - http-outgoing-27 >> "User-Agent: Apache-HttpClient/4.5.3 (Java/1.8.0_211)[\r][\n]"
12:54:09.316 [Forwarding findElement on session 352fcbe0a9b96f08df50ee9297de9bf4 to remote] DEBUG org.apache.http.wire - http-outgoing-27 >> "Accept-Encoding: gzip,deflate[\r][\n]"
12:54:09.316 [Forwarding findElement on session 352fcbe0a9b96f08df50ee9297de9bf4 to remote] DEBUG org.apache.http.wire - http-outgoing-27 >> "[\r][\n]"
12:54:09.316 [Forwarding findElement on session 352fcbe0a9b96f08df50ee9297de9bf4 to remote] DEBUG org.apache.http.wire - http-outgoing-27 >> "{"value":"//*[@id=\"root\"]/div[1]/div[2]/div/div/div/div/div/input","using":"xpath"}"
12:54:09.322 [Forwarding findElement on session 352fcbe0a9b96f08df50ee9297de9bf4 to remote] DEBUG org.apache.http.wire - http-outgoing-27 << "HTTP/1.1 200 OK[\r][\n]"
12:54:09.323 [Forwarding findElement on session 352fcbe0a9b96f08df50ee9297de9bf4 to remote] DEBUG org.apache.http.wire - http-outgoing-27 << "Content-Length:88[\r][\n]"
12:54:09.323 [Forwarding findElement on session 352fcbe0a9b96f08df50ee9297de9bf4 to remote] DEBUG org.apache.http.wire - http-outgoing-27 << "Content-Type:application/json; charset=utf-8[\r][\n]"
12:54:09.323 [Forwarding findElement on session 352fcbe0a9b96f08df50ee9297de9bf4 to remote] DEBUG org.apache.http.wire - http-outgoing-27 << "cache-control:no-cache[\r][\n]"
12:54:09.323 [Forwarding findElement on session 352fcbe0a9b96f08df50ee9297de9bf4 to remote] DEBUG org.apache.http.wire - http-outgoing-27 << "[\r][\n]"
12:54:09.323 [Forwarding findElement on session 352fcbe0a9b96f08df50ee9297de9bf4 to remote] DEBUG org.apache.http.wire - http-outgoing-27 << "{"value":{"element-6066-11e4-a52e-4f735466cecf":"c9710efc-b28c-4859-817c-9219caf06ad1"}}"
12:54:09.323 [Forwarding findElement on session 352fcbe0a9b96f08df50ee9297de9bf4 to remote] DEBUG org.apache.http.headers - http-outgoing-27 << HTTP/1.1 200 OK
12:54:09.323 [Forwarding findElement on session 352fcbe0a9b96f08df50ee9297de9bf4 to remote] DEBUG org.apache.http.headers - http-outgoing-27 << Content-Length:88
12:54:09.323 [Forwarding findElement on session 352fcbe0a9b96f08df50ee9297de9bf4 to remote] DEBUG org.apache.http.headers - http-outgoing-27 << Content-Type:application/json; charset=utf-8
12:54:09.323 [Forwarding findElement on session 352fcbe0a9b96f08df50ee9297de9bf4 to remote] DEBUG org.apache.http.headers - http-outgoing-27 << cache-control:no-cache
12:54:09.323 [Forwarding findElement on session 352fcbe0a9b96f08df50ee9297de9bf4 to remote] DEBUG org.apache.http.impl.execchain.MainClientExec - Connection can be kept alive indefinitely
12:54:09.323 [Forwarding findElement on session 352fcbe0a9b96f08df50ee9297de9bf4 to remote] DEBUG org.apache.http.impl.conn.PoolingHttpClientConnectionManager - Connection [id: 27][route: {}->http://localhost:20663] can be kept alive indefinitely
12:54:09.323 [Forwarding findElement on session 352fcbe0a9b96f08df50ee9297de9bf4 to remote] DEBUG org.apache.http.impl.conn.PoolingHttpClientConnectionManager - Connection released: [id: 27][route: {}->http://localhost:20663][total kept alive: 10; route allocated: 1 of 2000; total allocated: 10 of 2000]
12:54:09.324 [Forwarding sendKeysToElement on session 352fcbe0a9b96f08df50ee9297de9bf4 to remote] DEBUG org.apache.http.client.protocol.RequestAddCookies - CookieSpec selected: default
12:54:09.324 [Forwarding sendKeysToElement on session 352fcbe0a9b96f08df50ee9297de9bf4 to remote] DEBUG org.apache.http.client.protocol.RequestAuthCache - Auth cache not set in the context
12:54:09.324 [Forwarding sendKeysToElement on session 352fcbe0a9b96f08df50ee9297de9bf4 to remote] DEBUG org.apache.http.impl.conn.PoolingHttpClientConnectionManager - Connection request: [route: {}->http://localhost:20663][total kept alive: 10; route allocated: 1 of 2000; total allocated: 10 of 2000]
12:54:09.324 [Forwarding sendKeysToElement on session 352fcbe0a9b96f08df50ee9297de9bf4 to remote] DEBUG org.apache.http.impl.conn.PoolingHttpClientConnectionManager - Connection leased: [id: 27][route: {}->http://localhost:20663][total kept alive: 9; route allocated: 1 of 2000; total allocated: 10 of 2000]
12:54:09.324 [Forwarding sendKeysToElement on session 352fcbe0a9b96f08df50ee9297de9bf4 to remote] DEBUG org.apache.http.impl.execchain.MainClientExec - Stale connection check
12:54:09.325 [Forwarding sendKeysToElement on session 352fcbe0a9b96f08df50ee9297de9bf4 to remote] DEBUG org.apache.http.wire - http-outgoing-27 << "[read] I/O error: Read timed out"
12:54:09.325 [Forwarding sendKeysToElement on session 352fcbe0a9b96f08df50ee9297de9bf4 to remote] DEBUG org.apache.http.impl.conn.DefaultManagedHttpClientConnection - http-outgoing-27: set socket timeout to 10800000
12:54:09.325 [Forwarding sendKeysToElement on session 352fcbe0a9b96f08df50ee9297de9bf4 to remote] DEBUG org.apache.http.impl.execchain.MainClientExec - Executing request POST /session/352fcbe0a9b96f08df50ee9297de9bf4/element/c9710efc-b28c-4859-817c-9219caf06ad1/value HTTP/1.1
12:54:09.325 [Forwarding sendKeysToElement on session 352fcbe0a9b96f08df50ee9297de9bf4 to remote] DEBUG org.apache.http.impl.execchain.MainClientExec - Target auth state: UNCHALLENGED
12:54:09.325 [Forwarding sendKeysToElement on session 352fcbe0a9b96f08df50ee9297de9bf4 to remote] DEBUG org.apache.http.impl.execchain.MainClientExec - Proxy auth state: UNCHALLENGED
12:54:09.325 [Forwarding sendKeysToElement on session 352fcbe0a9b96f08df50ee9297de9bf4 to remote] DEBUG org.apache.http.headers - http-outgoing-27 >> POST /session/352fcbe0a9b96f08df50ee9297de9bf4/element/c9710efc-b28c-4859-817c-9219caf06ad1/value HTTP/1.1
12:54:09.325 [Forwarding sendKeysToElement on session 352fcbe0a9b96f08df50ee9297de9bf4 to remote] DEBUG org.apache.http.headers - http-outgoing-27 >> Content-Type: application/json; charset=utf-8
12:54:09.325 [Forwarding sendKeysToElement on session 352fcbe0a9b96f08df50ee9297de9bf4 to remote] DEBUG org.apache.http.headers - http-outgoing-27 >> Content-Length: 85
12:54:09.325 [Forwarding sendKeysToElement on session 352fcbe0a9b96f08df50ee9297de9bf4 to remote] DEBUG org.apache.http.headers - http-outgoing-27 >> Host: localhost:20663
12:54:09.325 [Forwarding sendKeysToElement on session 352fcbe0a9b96f08df50ee9297de9bf4 to remote] DEBUG org.apache.http.headers - http-outgoing-27 >> Connection: Keep-Alive
12:54:09.325 [Forwarding sendKeysToElement on session 352fcbe0a9b96f08df50ee9297de9bf4 to remote] DEBUG org.apache.http.headers - http-outgoing-27 >> User-Agent: Apache-HttpClient/4.5.3 (Java/1.8.0_211)
12:54:09.326 [Forwarding sendKeysToElement on session 352fcbe0a9b96f08df50ee9297de9bf4 to remote] DEBUG org.apache.http.headers - http-outgoing-27 >> Accept-Encoding: gzip,deflate
12:54:09.326 [Forwarding sendKeysToElement on session 352fcbe0a9b96f08df50ee9297de9bf4 to remote] DEBUG org.apache.http.wire - http-outgoing-27 >> "POST /session/352fcbe0a9b96f08df50ee9297de9bf4/element/c9710efc-b28c-4859-817c-9219caf06ad1/value HTTP/1.1[\r][\n]"
12:54:09.326 [Forwarding sendKeysToElement on session 352fcbe0a9b96f08df50ee9297de9bf4 to remote] DEBUG org.apache.http.wire - http-outgoing-27 >> "Content-Type: application/json; charset=utf-8[\r][\n]"
12:54:09.326 [Forwarding sendKeysToElement on session 352fcbe0a9b96f08df50ee9297de9bf4 to remote] DEBUG org.apache.http.wire - http-outgoing-27 >> "Content-Length: 85[\r][\n]"
12:54:09.326 [Forwarding sendKeysToElement on session 352fcbe0a9b96f08df50ee9297de9bf4 to remote] DEBUG org.apache.http.wire - http-outgoing-27 >> "Host: localhost:20663[\r][\n]"
12:54:09.326 [Forwarding sendKeysToElement on session 352fcbe0a9b96f08df50ee9297de9bf4 to remote] DEBUG org.apache.http.wire - http-outgoing-27 >> "Connection: Keep-Alive[\r][\n]"
12:54:09.326 [Forwarding sendKeysToElement on session 352fcbe0a9b96f08df50ee9297de9bf4 to remote] DEBUG org.apache.http.wire - http-outgoing-27 >> "User-Agent: Apache-HttpClient/4.5.3 (Java/1.8.0_211)[\r][\n]"
12:54:09.326 [Forwarding sendKeysToElement on session 352fcbe0a9b96f08df50ee9297de9bf4 to remote] DEBUG org.apache.http.wire - http-outgoing-27 >> "Accept-Encoding: gzip,deflate[\r][\n]"
12:54:09.326 [Forwarding sendKeysToElement on session 352fcbe0a9b96f08df50ee9297de9bf4 to remote] DEBUG org.apache.http.wire - http-outgoing-27 >> "[\r][\n]"
12:54:09.326 [Forwarding sendKeysToElement on session 352fcbe0a9b96f08df50ee9297de9bf4 to remote] DEBUG org.apache.http.wire - http-outgoing-27 >> "{"id":"c9710efc-b28c-4859-817c-9219caf06ad1","text":"USDT","value":["U","S","D","T"]}"
12:54:09.370 [Forwarding sendKeysToElement on session 352fcbe0a9b96f08df50ee9297de9bf4 to remote] DEBUG org.apache.http.wire - http-outgoing-27 << "HTTP/1.1 200 OK[\r][\n]"
12:54:09.371 [Forwarding sendKeysToElement on session 352fcbe0a9b96f08df50ee9297de9bf4 to remote] DEBUG org.apache.http.wire - http-outgoing-27 << "Content-Length:14[\r][\n]"
12:54:09.371 [Forwarding sendKeysToElement on session 352fcbe0a9b96f08df50ee9297de9bf4 to remote] DEBUG org.apache.http.wire - http-outgoing-27 << "Content-Type:application/json; charset=utf-8[\r][\n]"
12:54:09.371 [Forwarding sendKeysToElement on session 352fcbe0a9b96f08df50ee9297de9bf4 to remote] DEBUG org.apache.http.wire - http-outgoing-27 << "cache-control:no-cache[\r][\n]"
12:54:09.371 [Forwarding sendKeysToElement on session 352fcbe0a9b96f08df50ee9297de9bf4 to remote] DEBUG org.apache.http.wire - http-outgoing-27 << "[\r][\n]"
12:54:09.371 [Forwarding sendKeysToElement on session 352fcbe0a9b96f08df50ee9297de9bf4 to remote] DEBUG org.apache.http.wire - http-outgoing-27 << "{"value":null}"
12:54:09.371 [Forwarding sendKeysToElement on session 352fcbe0a9b96f08df50ee9297de9bf4 to remote] DEBUG org.apache.http.headers - http-outgoing-27 << HTTP/1.1 200 OK
12:54:09.371 [Forwarding sendKeysToElement on session 352fcbe0a9b96f08df50ee9297de9bf4 to remote] DEBUG org.apache.http.headers - http-outgoing-27 << Content-Length:14
12:54:09.371 [Forwarding sendKeysToElement on session 352fcbe0a9b96f08df50ee9297de9bf4 to remote] DEBUG org.apache.http.headers - http-outgoing-27 << Content-Type:application/json; charset=utf-8
12:54:09.371 [Forwarding sendKeysToElement on session 352fcbe0a9b96f08df50ee9297de9bf4 to remote] DEBUG org.apache.http.headers - http-outgoing-27 << cache-control:no-cache
12:54:09.371 [Forwarding sendKeysToElement on session 352fcbe0a9b96f08df50ee9297de9bf4 to remote] DEBUG org.apache.http.impl.execchain.MainClientExec - Connection can be kept alive indefinitely
12:54:09.371 [Forwarding sendKeysToElement on session 352fcbe0a9b96f08df50ee9297de9bf4 to remote] DEBUG org.apache.http.impl.conn.PoolingHttpClientConnectionManager - Connection [id: 27][route: {}->http://localhost:20663] can be kept alive indefinitely
12:54:09.371 [Forwarding sendKeysToElement on session 352fcbe0a9b96f08df50ee9297de9bf4 to remote] DEBUG org.apache.http.impl.conn.PoolingHttpClientConnectionManager - Connection released: [id: 27][route: {}->http://localhost:20663][total kept alive: 10; route allocated: 1 of 2000; total allocated: 10 of 2000]
12:54:09.677 [Forwarding findElement on session 352fcbe0a9b96f08df50ee9297de9bf4 to remote] DEBUG org.apache.http.client.protocol.RequestAddCookies - CookieSpec selected: default
12:54:09.677 [Forwarding findElement on session 352fcbe0a9b96f08df50ee9297de9bf4 to remote] DEBUG org.apache.http.client.protocol.RequestAuthCache - Auth cache not set in the context
12:54:09.677 [Forwarding findElement on session 352fcbe0a9b96f08df50ee9297de9bf4 to remote] DEBUG org.apache.http.impl.conn.PoolingHttpClientConnectionManager - Connection request: [route: {}->http://localhost:20663][total kept alive: 10; route allocated: 1 of 2000; total allocated: 10 of 2000]
12:54:09.677 [Forwarding findElement on session 352fcbe0a9b96f08df50ee9297de9bf4 to remote] DEBUG org.apache.http.impl.conn.PoolingHttpClientConnectionManager - Connection leased: [id: 27][route: {}->http://localhost:20663][total kept alive: 9; route allocated: 1 of 2000; total allocated: 10 of 2000]
12:54:09.677 [Forwarding findElement on session 352fcbe0a9b96f08df50ee9297de9bf4 to remote] DEBUG org.apache.http.impl.execchain.MainClientExec - Stale connection check
12:54:09.678 [Forwarding findElement on session 352fcbe0a9b96f08df50ee9297de9bf4 to remote] DEBUG org.apache.http.wire - http-outgoing-27 << "[read] I/O error: Read timed out"
12:54:09.678 [Forwarding findElement on session 352fcbe0a9b96f08df50ee9297de9bf4 to remote] DEBUG org.apache.http.impl.conn.DefaultManagedHttpClientConnection - http-outgoing-27: set socket timeout to 10800000
12:54:09.678 [Forwarding findElement on session 352fcbe0a9b96f08df50ee9297de9bf4 to remote] DEBUG org.apache.http.impl.execchain.MainClientExec - Executing request POST /session/352fcbe0a9b96f08df50ee9297de9bf4/element HTTP/1.1
12:54:09.678 [Forwarding findElement on session 352fcbe0a9b96f08df50ee9297de9bf4 to remote] DEBUG org.apache.http.impl.execchain.MainClientExec - Target auth state: UNCHALLENGED
12:54:09.678 [Forwarding findElement on session 352fcbe0a9b96f08df50ee9297de9bf4 to remote] DEBUG org.apache.http.impl.execchain.MainClientExec - Proxy auth state: UNCHALLENGED
12:54:09.678 [Forwarding findElement on session 352fcbe0a9b96f08df50ee9297de9bf4 to remote] DEBUG org.apache.http.headers - http-outgoing-27 >> POST /session/352fcbe0a9b96f08df50ee9297de9bf4/element HTTP/1.1
12:54:09.678 [Forwarding findElement on session 352fcbe0a9b96f08df50ee9297de9bf4 to remote] DEBUG org.apache.http.headers - http-outgoing-27 >> Content-Type: application/json; charset=utf-8
12:54:09.678 [Forwarding findElement on session 352fcbe0a9b96f08df50ee9297de9bf4 to remote] DEBUG org.apache.http.headers - http-outgoing-27 >> Content-Length: 69
12:54:09.678 [Forwarding findElement on session 352fcbe0a9b96f08df50ee9297de9bf4 to remote] DEBUG org.apache.http.headers - http-outgoing-27 >> Host: localhost:20663
12:54:09.678 [Forwarding findElement on session 352fcbe0a9b96f08df50ee9297de9bf4 to remote] DEBUG org.apache.http.headers - http-outgoing-27 >> Connection: Keep-Alive
12:54:09.678 [Forwarding findElement on session 352fcbe0a9b96f08df50ee9297de9bf4 to remote] DEBUG org.apache.http.headers - http-outgoing-27 >> User-Agent: Apache-HttpClient/4.5.3 (Java/1.8.0_211)
12:54:09.678 [Forwarding findElement on session 352fcbe0a9b96f08df50ee9297de9bf4 to remote] DEBUG org.apache.http.headers - http-outgoing-27 >> Accept-Encoding: gzip,deflate
12:54:09.678 [Forwarding findElement on session 352fcbe0a9b96f08df50ee9297de9bf4 to remote] DEBUG org.apache.http.wire - http-outgoing-27 >> "POST /session/352fcbe0a9b96f08df50ee9297de9bf4/element HTTP/1.1[\r][\n]"
12:54:09.679 [Forwarding findElement on session 352fcbe0a9b96f08df50ee9297de9bf4 to remote] DEBUG org.apache.http.wire - http-outgoing-27 >> "Content-Type: application/json; charset=utf-8[\r][\n]"
12:54:09.679 [Forwarding findElement on session 352fcbe0a9b96f08df50ee9297de9bf4 to remote] DEBUG org.apache.http.wire - http-outgoing-27 >> "Content-Length: 69[\r][\n]"
12:54:09.679 [Forwarding findElement on session 352fcbe0a9b96f08df50ee9297de9bf4 to remote] DEBUG org.apache.http.wire - http-outgoing-27 >> "Host: localhost:20663[\r][\n]"
12:54:09.679 [Forwarding findElement on session 352fcbe0a9b96f08df50ee9297de9bf4 to remote] DEBUG org.apache.http.wire - http-outgoing-27 >> "Connection: Keep-Alive[\r][\n]"
12:54:09.679 [Forwarding findElement on session 352fcbe0a9b96f08df50ee9297de9bf4 to remote] DEBUG org.apache.http.wire - http-outgoing-27 >> "User-Agent: Apache-HttpClient/4.5.3 (Java/1.8.0_211)[\r][\n]"
12:54:09.679 [Forwarding findElement on session 352fcbe0a9b96f08df50ee9297de9bf4 to remote] DEBUG org.apache.http.wire - http-outgoing-27 >> "Accept-Encoding: gzip,deflate[\r][\n]"
12:54:09.679 [Forwarding findElement on session 352fcbe0a9b96f08df50ee9297de9bf4 to remote] DEBUG org.apache.http.wire - http-outgoing-27 >> "[\r][\n]"
12:54:09.679 [Forwarding findElement on session 352fcbe0a9b96f08df50ee9297de9bf4 to remote] DEBUG org.apache.http.wire - http-outgoing-27 >> "{"value":"//*[@id=\"_searchBox\"]/a/div/span/strong","using":"xpath"}"
12:54:19.693 [Forwarding findElement on session 352fcbe0a9b96f08df50ee9297de9bf4 to remote] DEBUG org.apache.http.wire - http-outgoing-27 << "HTTP/1.1 404 Not Found[\r][\n]"
12:54:19.693 [Forwarding findElement on session 352fcbe0a9b96f08df50ee9297de9bf4 to remote] DEBUG org.apache.http.wire - http-outgoing-27 << "Content-Length:1875[\r][\n]"
12:54:19.693 [Forwarding findElement on session 352fcbe0a9b96f08df50ee9297de9bf4 to remote] DEBUG org.apache.http.wire - http-outgoing-27 << "Content-Type:application/json; charset=utf-8[\r][\n]"
12:54:19.693 [Forwarding findElement on session 352fcbe0a9b96f08df50ee9297de9bf4 to remote] DEBUG org.apache.http.wire - http-outgoing-27 << "cache-control:no-cache[\r][\n]"
12:54:19.693 [Forwarding findElement on session 352fcbe0a9b96f08df50ee9297de9bf4 to remote] DEBUG org.apache.http.wire - http-outgoing-27 << "[\r][\n]"
12:54:19.693 [Forwarding findElement on session 352fcbe0a9b96f08df50ee9297de9bf4 to remote] DEBUG org.apache.http.wire - http-outgoing-27 << "{"value":{"error":"no such element","message":"no such element: Unable to locate element: {\"method\":\"xpath\",\"selector\":\"//*[@id=\"_searchBox\"]/a/div/span/strong\"}\n  (Session info: chrome=80.0.3987.149)","stacktrace":"0   chromedriver                        0x00000001069b7329 chromedriver + 3838761\n1   chromedriver                        0x0000000106951123 chromedriver + 3420451\n2   chromedriver                        0x00000001066c562f chromedriver + 751151\n3   chromedriver                        0x0000000106633081 chromedriver + 151681\n4   chromedriver                        0x000000010665e297 chromedriver + 328343\n5   chromedriver                        0x000000010664f4ed chromedriver + 267501\n6   chromedriver                        0x000000010665c38b chromedriver + 320395\n7   chromedriver                        0x000000010664f7b3 chromedriver + 268211\n8   chromedriver                        0x00000001066290bd chromedriver + 110781\n9   chromedriver                        0x000000010662a055 chromedriver + 114773\n10  chromedriver                        0x0000000106978ebf chromedriver + 3583679\n11  chromedriver                        0x0000000106985e4a chromedriver + 3636810\n12  chromedriver                        0x0000000106985be7 chromedriver + 3636199\n13  chromedriver                        0x000000010695c839 chromedriver + 3467321\n14  chromedriver                        0x0000000106986707 chromedriver + 3639047\n15  chromedriver                        0x000000010696ecc7 chromedriver + 3542215\n16  chromedriver                        0x000000010699c324 chromedriver + 3728164\n17  chromedriver                        0x00000001069bd387 chromedriver + 3863431\n18  libsystem_pthread.dylib             0x00007fff6e23ee65 _pthread_start + 148\n19  libsystem_pthread.dylib             0x00007fff6e23a83b thread_start + 15\n"}}"
12:54:19.693 [Forwarding findElement on session 352fcbe0a9b96f08df50ee9297de9bf4 to remote] DEBUG org.apache.http.headers - http-outgoing-27 << HTTP/1.1 404 Not Found
12:54:19.693 [Forwarding findElement on session 352fcbe0a9b96f08df50ee9297de9bf4 to remote] DEBUG org.apache.http.headers - http-outgoing-27 << Content-Length:1875
12:54:19.693 [Forwarding findElement on session 352fcbe0a9b96f08df50ee9297de9bf4 to remote] DEBUG org.apache.http.headers - http-outgoing-27 << Content-Type:application/json; charset=utf-8
12:54:19.693 [Forwarding findElement on session 352fcbe0a9b96f08df50ee9297de9bf4 to remote] DEBUG org.apache.http.headers - http-outgoing-27 << cache-control:no-cache
12:54:19.693 [Forwarding findElement on session 352fcbe0a9b96f08df50ee9297de9bf4 to remote] DEBUG org.apache.http.impl.execchain.MainClientExec - Connection can be kept alive indefinitely
12:54:19.693 [Forwarding findElement on session 352fcbe0a9b96f08df50ee9297de9bf4 to remote] DEBUG org.apache.http.impl.conn.PoolingHttpClientConnectionManager - Connection [id: 27][route: {}->http://localhost:20663] can be kept alive indefinitely
12:54:19.693 [Forwarding findElement on session 352fcbe0a9b96f08df50ee9297de9bf4 to remote] DEBUG org.apache.http.impl.conn.PoolingHttpClientConnectionManager - Connection released: [id: 27][route: {}->http://localhost:20663][total kept alive: 10; route allocated: 1 of 2000; total allocated: 10 of 2000]
]]></system-out>
  <system-err><![CDATA[Starting ChromeDriver 80.0.3987.106 (f68069574609230cf9b635cd784cfb1bf81bb53a-refs/branch-heads/3987@{#882}) on port 20663
Only local connections are allowed.
Please protect ports used by ChromeDriver and related test frameworks to prevent access by malicious code.
[1584680021.700][WARNING]: FromSockAddr failed on netmask
三月 20, 2020 12:53:42 下午 org.openqa.selenium.remote.ProtocolHandshake createSession
信息: Detected dialect: W3C
[1584680022.947][SEVERE]: Timed out receiving message from renderer: 0.100
[1584680023.048][SEVERE]: Timed out receiving message from renderer: 0.100
[1584680023.189][SEVERE]: Timed out receiving message from renderer: 0.100
[1584680023.290][SEVERE]: Timed out receiving message from renderer: 0.100
[1584680023.391][SEVERE]: Timed out receiving message from renderer: 0.100
[1584680023.492][SEVERE]: Timed out receiving message from renderer: 0.100
[1584680023.594][SEVERE]: Timed out receiving message from renderer: 0.100
[1584680023.696][SEVERE]: Timed out receiving message from renderer: 0.100
[1584680023.798][SEVERE]: Timed out receiving message from renderer: 0.100
[1584680024.088][SEVERE]: Timed out receiving message from renderer: 0.100
[1584680024.189][SEVERE]: Timed out receiving message from renderer: 0.100
[1584680024.405][SEVERE]: Timed out receiving message from renderer: 0.100
[1584680024.545][SEVERE]: Timed out receiving message from renderer: 0.100
[1584680024.646][SEVERE]: Timed out receiving message from renderer: 0.100
[1584680024.747][SEVERE]: Timed out receiving message from renderer: 0.100
[1584680024.847][SEVERE]: Timed out receiving message from renderer: 0.100
[1584680024.949][SEVERE]: Timed out receiving message from renderer: 0.100
]]></system-err>
</testsuite>
