<?xml version="1.0" encoding="UTF-8"?>
<testsuite name="tron.tronscan.tronscanUI.SendTrc10" tests="1" skipped="0" failures="1" errors="0" timestamp="2020-03-20T04:54:25" hostname="zhukaideiMac.local" time="13.835">
  <properties/>
  <testcase name="testTrc10" classname="tron.tronscan.tronscanUI.SendTrc10" time="13.835">
    <failure message="org.openqa.selenium.NoSuchElementException: no such element: Unable to locate element: {&quot;method&quot;:&quot;css selector&quot;,&quot;selector&quot;:&quot;.ant-select-open svg&quot;}&#10;  (Session info: chrome=80.0.3987.149)&#10;For documentation on this error, please visit: http://seleniumhq.org/exceptions/no_such_element.html&#10;Build info: version: '3.6.0', revision: '6fbf3ec767', time: '2017-09-27T15:28:36.4Z'&#10;System info: host: 'zhukaideiMac.local', ip: '127.0.0.1', os.name: 'Mac OS X', os.arch: 'x86_64', os.version: '10.15.3', java.version: '1.8.0_211'&#10;Driver info: org.openqa.selenium.chrome.ChromeDriver&#10;Capabilities [{networkConnectionEnabled=false, chrome={chromedriverVersion=80.0.3987.106 (f68069574609230cf9b635cd784cfb1bf81bb53a-refs/branch-heads/3987@{#882}), userDataDir=/var/folders/fs/0qxrqb5x7zg5dtqrhc9t0clm0000gn/T/.com.google.Chrome.BqAMBM}, timeouts={implicit=0, pageLoad=300000, script=30000}, pageLoadStrategy=normal, unhandledPromptBehavior=dismiss and notify, strictFileInteractability=false, platform=MAC, proxy=Proxy(), goog:chromeOptions={debuggerAddress=localhost:61794}, acceptInsecureCerts=false, browserVersion=80.0.3987.149, browserName=chrome, javascriptEnabled=true, platformName=MAC, setWindowRect=true}]&#10;Session ID: 47dcb4f2e91f23e8099fbb6d462139ca&#10;*** Element info: {Using=css selector, value=.ant-select-open svg}" type="org.openqa.selenium.NoSuchElementException">org.openqa.selenium.NoSuchElementException: no such element: Unable to locate element: {&quot;method&quot;:&quot;css selector&quot;,&quot;selector&quot;:&quot;.ant-select-open svg&quot;}
  (Session info: chrome=80.0.3987.149)
For documentation on this error, please visit: http://seleniumhq.org/exceptions/no_such_element.html
Build info: version: '3.6.0', revision: '6fbf3ec767', time: '2017-09-27T15:28:36.4Z'
System info: host: 'zhukaideiMac.local', ip: '127.0.0.1', os.name: 'Mac OS X', os.arch: 'x86_64', os.version: '10.15.3', java.version: '1.8.0_211'
Driver info: org.openqa.selenium.chrome.ChromeDriver
Capabilities [{networkConnectionEnabled=false, chrome={chromedriverVersion=80.0.3987.106 (f68069574609230cf9b635cd784cfb1bf81bb53a-refs/branch-heads/3987@{#882}), userDataDir=/var/folders/fs/0qxrqb5x7zg5dtqrhc9t0clm0000gn/T/.com.google.Chrome.BqAMBM}, timeouts={implicit=0, pageLoad=300000, script=30000}, pageLoadStrategy=normal, unhandledPromptBehavior=dismiss and notify, strictFileInteractability=false, platform=MAC, proxy=Proxy(), goog:chromeOptions={debuggerAddress=localhost:61794}, acceptInsecureCerts=false, browserVersion=80.0.3987.149, browserName=chrome, javascriptEnabled=true, platformName=MAC, setWindowRect=true}]
Session ID: 47dcb4f2e91f23e8099fbb6d462139ca
*** Element info: {Using=css selector, value=.ant-select-open svg}
	at sun.reflect.NativeConstructorAccessorImpl.newInstance0(Native Method)
	at sun.reflect.NativeConstructorAccessorImpl.newInstance(NativeConstructorAccessorImpl.java:62)
	at sun.reflect.DelegatingConstructorAccessorImpl.newInstance(DelegatingConstructorAccessorImpl.java:45)
	at java.lang.reflect.Constructor.newInstance(Constructor.java:423)
	at org.openqa.selenium.remote.http.W3CHttpResponseCodec.createException(W3CHttpResponseCodec.java:185)
	at org.openqa.selenium.remote.http.W3CHttpResponseCodec.decode(W3CHttpResponseCodec.java:120)
	at org.openqa.selenium.remote.http.W3CHttpResponseCodec.decode(W3CHttpResponseCodec.java:49)
	at org.openqa.selenium.remote.HttpCommandExecutor.execute(HttpCommandExecutor.java:164)
	at org.openqa.selenium.remote.service.DriverCommandExecutor.execute(DriverCommandExecutor.java:83)
	at org.openqa.selenium.remote.RemoteWebDriver.execute(RemoteWebDriver.java:586)
	at org.openqa.selenium.remote.RemoteWebDriver.findElement(RemoteWebDriver.java:356)
	at org.openqa.selenium.remote.RemoteWebDriver.findElementByCssSelector(RemoteWebDriver.java:450)
	at org.openqa.selenium.By$ByCssSelector.findElement(By.java:430)
	at org.openqa.selenium.remote.RemoteWebDriver.findElement(RemoteWebDriver.java:348)
	at tron.tronscan.tronscanUI.SendTrc10.testTrc10(SendTrc10.java:42)
	at sun.reflect.NativeMethodAccessorImpl.invoke0(Native Method)
	at sun.reflect.NativeMethodAccessorImpl.invoke(NativeMethodAccessorImpl.java:62)
	at sun.reflect.DelegatingMethodAccessorImpl.invoke(DelegatingMethodAccessorImpl.java:43)
	at java.lang.reflect.Method.invoke(Method.java:498)
	at org.testng.internal.MethodInvocationHelper.invokeMethod(MethodInvocationHelper.java:124)
	at org.testng.internal.Invoker.invokeMethod(Invoker.java:583)
	at org.testng.internal.Invoker.invokeTestMethod(Invoker.java:719)
	at org.testng.internal.Invoker.invokeTestMethods(Invoker.java:989)
	at org.testng.internal.TestMethodWorker.invokeTestMethods(TestMethodWorker.java:125)
	at org.testng.internal.TestMethodWorker.run(TestMethodWorker.java:109)
	at org.testng.TestRunner.privateRun(TestRunner.java:648)
	at org.testng.TestRunner.run(TestRunner.java:505)
	at org.testng.SuiteRunner.runTest(SuiteRunner.java:455)
	at org.testng.SuiteRunner.runSequentially(SuiteRunner.java:450)
	at org.testng.SuiteRunner.privateRun(SuiteRunner.java:415)
	at org.testng.SuiteRunner.run(SuiteRunner.java:364)
	at org.testng.SuiteRunnerWorker.runSuite(SuiteRunnerWorker.java:52)
	at org.testng.SuiteRunnerWorker.run(SuiteRunnerWorker.java:84)
	at org.testng.TestNG.runSuitesSequentially(TestNG.java:1208)
	at org.testng.TestNG.runSuitesLocally(TestNG.java:1137)
	at org.testng.TestNG.runSuites(TestNG.java:1049)
	at org.testng.TestNG.run(TestNG.java:1017)
	at org.gradle.api.internal.tasks.testing.testng.TestNGTestClassProcessor.runTests(TestNGTestClassProcessor.java:139)
	at org.gradle.api.internal.tasks.testing.testng.TestNGTestClassProcessor.stop(TestNGTestClassProcessor.java:89)
	at org.gradle.api.internal.tasks.testing.SuiteTestClassProcessor.stop(SuiteTestClassProcessor.java:61)
	at sun.reflect.NativeMethodAccessorImpl.invoke0(Native Method)
	at sun.reflect.NativeMethodAccessorImpl.invoke(NativeMethodAccessorImpl.java:62)
	at sun.reflect.DelegatingMethodAccessorImpl.invoke(DelegatingMethodAccessorImpl.java:43)
	at java.lang.reflect.Method.invoke(Method.java:498)
	at org.gradle.internal.dispatch.ReflectionDispatch.dispatch(ReflectionDispatch.java:35)
	at org.gradle.internal.dispatch.ReflectionDispatch.dispatch(ReflectionDispatch.java:24)
	at org.gradle.internal.dispatch.ContextClassLoaderDispatch.dispatch(ContextClassLoaderDispatch.java:32)
	at org.gradle.internal.dispatch.ProxyDispatchAdapter$DispatchingInvocationHandler.invoke(ProxyDispatchAdapter.java:93)
	at com.sun.proxy.$Proxy2.stop(Unknown Source)
	at org.gradle.api.internal.tasks.testing.worker.TestWorker.stop(TestWorker.java:131)
	at sun.reflect.NativeMethodAccessorImpl.invoke0(Native Method)
	at sun.reflect.NativeMethodAccessorImpl.invoke(NativeMethodAccessorImpl.java:62)
	at sun.reflect.DelegatingMethodAccessorImpl.invoke(DelegatingMethodAccessorImpl.java:43)
	at java.lang.reflect.Method.invoke(Method.java:498)
	at org.gradle.internal.dispatch.ReflectionDispatch.dispatch(ReflectionDispatch.java:35)
	at org.gradle.internal.dispatch.ReflectionDispatch.dispatch(ReflectionDispatch.java:24)
	at org.gradle.internal.remote.internal.hub.MessageHubBackedObjectConnection$DispatchWrapper.dispatch(MessageHubBackedObjectConnection.java:155)
	at org.gradle.internal.remote.internal.hub.MessageHubBackedObjectConnection$DispatchWrapper.dispatch(MessageHubBackedObjectConnection.java:137)
	at org.gradle.internal.remote.internal.hub.MessageHub$Handler.run(MessageHub.java:404)
	at org.gradle.internal.concurrent.ExecutorPolicy$CatchAndRecordFailures.onExecute(ExecutorPolicy.java:63)
	at org.gradle.internal.concurrent.ManagedExecutorImpl$1.run(ManagedExecutorImpl.java:46)
	at java.util.concurrent.ThreadPoolExecutor.runWorker(ThreadPoolExecutor.java:1149)
	at java.util.concurrent.ThreadPoolExecutor$Worker.run(ThreadPoolExecutor.java:624)
	at org.gradle.internal.concurrent.ThreadFactoryImpl$ManagedThreadRunnable.run(ThreadFactoryImpl.java:55)
	at java.lang.Thread.run(Thread.java:748)
</failure>
  </testcase>
  <system-out><![CDATA[12:54:21.847 [Forwarding newSession on session null to remote] DEBUG org.apache.http.client.protocol.RequestAddCookies - CookieSpec selected: default
12:54:21.847 [Forwarding newSession on session null to remote] DEBUG org.apache.http.client.protocol.RequestAuthCache - Auth cache not set in the context
12:54:21.847 [Forwarding newSession on session null to remote] DEBUG org.apache.http.impl.conn.PoolingHttpClientConnectionManager - Connection request: [route: {}->http://localhost:16622][total kept alive: 10; route allocated: 0 of 2000; total allocated: 10 of 2000]
12:54:21.847 [Forwarding newSession on session null to remote] DEBUG org.apache.http.impl.conn.PoolingHttpClientConnectionManager - Connection leased: [id: 28][route: {}->http://localhost:16622][total kept alive: 10; route allocated: 1 of 2000; total allocated: 11 of 2000]
12:54:21.847 [Forwarding newSession on session null to remote] DEBUG org.apache.http.impl.execchain.MainClientExec - Opening connection {}->http://localhost:16622
12:54:21.847 [Forwarding newSession on session null to remote] DEBUG org.apache.http.impl.conn.DefaultHttpClientConnectionOperator - Connecting to localhost/127.0.0.1:16622
12:54:21.847 [Forwarding newSession on session null to remote] DEBUG org.apache.http.impl.conn.DefaultHttpClientConnectionOperator - Connection established 127.0.0.1:61793<->127.0.0.1:16622
12:54:21.847 [Forwarding newSession on session null to remote] DEBUG org.apache.http.impl.conn.DefaultManagedHttpClientConnection - http-outgoing-28: set socket timeout to 10800000
12:54:21.847 [Forwarding newSession on session null to remote] DEBUG org.apache.http.impl.execchain.MainClientExec - Executing request POST /session HTTP/1.1
12:54:21.847 [Forwarding newSession on session null to remote] DEBUG org.apache.http.impl.execchain.MainClientExec - Target auth state: UNCHALLENGED
12:54:21.847 [Forwarding newSession on session null to remote] DEBUG org.apache.http.impl.execchain.MainClientExec - Proxy auth state: UNCHALLENGED
12:54:21.847 [Forwarding newSession on session null to remote] DEBUG org.apache.http.headers - http-outgoing-28 >> POST /session HTTP/1.1
12:54:21.847 [Forwarding newSession on session null to remote] DEBUG org.apache.http.headers - http-outgoing-28 >> Content-Type: application/json; charset=utf-8
12:54:21.847 [Forwarding newSession on session null to remote] DEBUG org.apache.http.headers - http-outgoing-28 >> Content-Length: 560
12:54:21.847 [Forwarding newSession on session null to remote] DEBUG org.apache.http.headers - http-outgoing-28 >> Host: localhost:16622
12:54:21.847 [Forwarding newSession on session null to remote] DEBUG org.apache.http.headers - http-outgoing-28 >> Connection: Keep-Alive
12:54:21.847 [Forwarding newSession on session null to remote] DEBUG org.apache.http.headers - http-outgoing-28 >> User-Agent: Apache-HttpClient/4.5.3 (Java/1.8.0_211)
12:54:21.847 [Forwarding newSession on session null to remote] DEBUG org.apache.http.headers - http-outgoing-28 >> Accept-Encoding: gzip,deflate
12:54:21.847 [Forwarding newSession on session null to remote] DEBUG org.apache.http.wire - http-outgoing-28 >> "POST /session HTTP/1.1[\r][\n]"
12:54:21.847 [Forwarding newSession on session null to remote] DEBUG org.apache.http.wire - http-outgoing-28 >> "Content-Type: application/json; charset=utf-8[\r][\n]"
12:54:21.847 [Forwarding newSession on session null to remote] DEBUG org.apache.http.wire - http-outgoing-28 >> "Content-Length: 560[\r][\n]"
12:54:21.847 [Forwarding newSession on session null to remote] DEBUG org.apache.http.wire - http-outgoing-28 >> "Host: localhost:16622[\r][\n]"
12:54:21.847 [Forwarding newSession on session null to remote] DEBUG org.apache.http.wire - http-outgoing-28 >> "Connection: Keep-Alive[\r][\n]"
12:54:21.847 [Forwarding newSession on session null to remote] DEBUG org.apache.http.wire - http-outgoing-28 >> "User-Agent: Apache-HttpClient/4.5.3 (Java/1.8.0_211)[\r][\n]"
12:54:21.847 [Forwarding newSession on session null to remote] DEBUG org.apache.http.wire - http-outgoing-28 >> "Accept-Encoding: gzip,deflate[\r][\n]"
12:54:21.847 [Forwarding newSession on session null to remote] DEBUG org.apache.http.wire - http-outgoing-28 >> "[\r][\n]"
12:54:21.847 [Forwarding newSession on session null to remote] DEBUG org.apache.http.wire - http-outgoing-28 >> "{[\n]"
12:54:21.847 [Forwarding newSession on session null to remote] DEBUG org.apache.http.wire - http-outgoing-28 >> "  "desiredCapabilities": {[\n]"
12:54:21.847 [Forwarding newSession on session null to remote] DEBUG org.apache.http.wire - http-outgoing-28 >> "    "browserName": "chrome",[\n]"
12:54:21.847 [Forwarding newSession on session null to remote] DEBUG org.apache.http.wire - http-outgoing-28 >> "    "goog:chromeOptions": {[\n]"
12:54:21.847 [Forwarding newSession on session null to remote] DEBUG org.apache.http.wire - http-outgoing-28 >> "      "args": [],[\n]"
12:54:21.847 [Forwarding newSession on session null to remote] DEBUG org.apache.http.wire - http-outgoing-28 >> "      "extensions": [][\n]"
12:54:21.847 [Forwarding newSession on session null to remote] DEBUG org.apache.http.wire - http-outgoing-28 >> "    }[\n]"
12:54:21.847 [Forwarding newSession on session null to remote] DEBUG org.apache.http.wire - http-outgoing-28 >> "  },[\n]"
12:54:21.847 [Forwarding newSession on session null to remote] DEBUG org.apache.http.wire - http-outgoing-28 >> "  "requiredCapabilities": {},[\n]"
12:54:21.847 [Forwarding newSession on session null to remote] DEBUG org.apache.http.wire - http-outgoing-28 >> "  "capabilities": {[\n]"
12:54:21.847 [Forwarding newSession on session null to remote] DEBUG org.apache.http.wire - http-outgoing-28 >> "    "desiredCapabilities": {[\n]"
12:54:21.847 [Forwarding newSession on session null to remote] DEBUG org.apache.http.wire - http-outgoing-28 >> "      "browserName": "chrome",[\n]"
12:54:21.847 [Forwarding newSession on session null to remote] DEBUG org.apache.http.wire - http-outgoing-28 >> "      "goog:chromeOptions": {[\n]"
12:54:21.847 [Forwarding newSession on session null to remote] DEBUG org.apache.http.wire - http-outgoing-28 >> "        "args": [],[\n]"
12:54:21.847 [Forwarding newSession on session null to remote] DEBUG org.apache.http.wire - http-outgoing-28 >> "        "extensions": [][\n]"
12:54:21.847 [Forwarding newSession on session null to remote] DEBUG org.apache.http.wire - http-outgoing-28 >> "      }[\n]"
12:54:21.847 [Forwarding newSession on session null to remote] DEBUG org.apache.http.wire - http-outgoing-28 >> "    },[\n]"
12:54:21.848 [Forwarding newSession on session null to remote] DEBUG org.apache.http.wire - http-outgoing-28 >> "    "requiredCapabilities": {},[\n]"
12:54:21.848 [Forwarding newSession on session null to remote] DEBUG org.apache.http.wire - http-outgoing-28 >> "    "alwaysMatch": {[\n]"
12:54:21.848 [Forwarding newSession on session null to remote] DEBUG org.apache.http.wire - http-outgoing-28 >> "      "goog:chromeOptions": {[\n]"
12:54:21.848 [Forwarding newSession on session null to remote] DEBUG org.apache.http.wire - http-outgoing-28 >> "        "args": [],[\n]"
12:54:21.848 [Forwarding newSession on session null to remote] DEBUG org.apache.http.wire - http-outgoing-28 >> "        "extensions": [][\n]"
12:54:21.848 [Forwarding newSession on session null to remote] DEBUG org.apache.http.wire - http-outgoing-28 >> "      }[\n]"
12:54:21.848 [Forwarding newSession on session null to remote] DEBUG org.apache.http.wire - http-outgoing-28 >> "    },[\n]"
12:54:21.848 [Forwarding newSession on session null to remote] DEBUG org.apache.http.wire - http-outgoing-28 >> "    "firstMatch": [[\n]"
12:54:21.848 [Forwarding newSession on session null to remote] DEBUG org.apache.http.wire - http-outgoing-28 >> "      {[\n]"
12:54:21.848 [Forwarding newSession on session null to remote] DEBUG org.apache.http.wire - http-outgoing-28 >> "        "browserName": "chrome"[\n]"
12:54:21.848 [Forwarding newSession on session null to remote] DEBUG org.apache.http.wire - http-outgoing-28 >> "      }[\n]"
12:54:21.848 [Forwarding newSession on session null to remote] DEBUG org.apache.http.wire - http-outgoing-28 >> "    ][\n]"
12:54:21.848 [Forwarding newSession on session null to remote] DEBUG org.apache.http.wire - http-outgoing-28 >> "  }[\n]"
12:54:21.848 [Forwarding newSession on session null to remote] DEBUG org.apache.http.wire - http-outgoing-28 >> "}"
12:54:22.384 [Forwarding newSession on session null to remote] DEBUG org.apache.http.wire - http-outgoing-28 << "HTTP/1.1 200 OK[\r][\n]"
12:54:22.384 [Forwarding newSession on session null to remote] DEBUG org.apache.http.wire - http-outgoing-28 << "Content-Length:690[\r][\n]"
12:54:22.384 [Forwarding newSession on session null to remote] DEBUG org.apache.http.wire - http-outgoing-28 << "Content-Type:application/json; charset=utf-8[\r][\n]"
12:54:22.384 [Forwarding newSession on session null to remote] DEBUG org.apache.http.wire - http-outgoing-28 << "cache-control:no-cache[\r][\n]"
12:54:22.384 [Forwarding newSession on session null to remote] DEBUG org.apache.http.wire - http-outgoing-28 << "[\r][\n]"
12:54:22.384 [Forwarding newSession on session null to remote] DEBUG org.apache.http.wire - http-outgoing-28 << "{"value":{"capabilities":{"acceptInsecureCerts":false,"browserName":"chrome","browserVersion":"80.0.3987.149","chrome":{"chromedriverVersion":"80.0.3987.106 (f68069574609230cf9b635cd784cfb1bf81bb53a-refs/branch-heads/3987@{#882})","userDataDir":"/var/folders/fs/0qxrqb5x7zg5dtqrhc9t0clm0000gn/T/.com.google.Chrome.BqAMBM"},"goog:chromeOptions":{"debuggerAddress":"localhost:61794"},"networkConnectionEnabled":false,"pageLoadStrategy":"normal","platformName":"mac os x","proxy":{},"setWindowRect":true,"strictFileInteractability":false,"timeouts":{"implicit":0,"pageLoad":300000,"script":30000},"unhandledPromptBehavior":"dismiss and notify"},"sessionId":"47dcb4f2e91f23e8099fbb6d462139ca"}}"
12:54:22.384 [Forwarding newSession on session null to remote] DEBUG org.apache.http.headers - http-outgoing-28 << HTTP/1.1 200 OK
12:54:22.384 [Forwarding newSession on session null to remote] DEBUG org.apache.http.headers - http-outgoing-28 << Content-Length:690
12:54:22.384 [Forwarding newSession on session null to remote] DEBUG org.apache.http.headers - http-outgoing-28 << Content-Type:application/json; charset=utf-8
12:54:22.384 [Forwarding newSession on session null to remote] DEBUG org.apache.http.headers - http-outgoing-28 << cache-control:no-cache
12:54:22.384 [Forwarding newSession on session null to remote] DEBUG org.apache.http.impl.execchain.MainClientExec - Connection can be kept alive indefinitely
12:54:22.384 [Forwarding newSession on session null to remote] DEBUG org.apache.http.impl.conn.PoolingHttpClientConnectionManager - Connection [id: 28][route: {}->http://localhost:16622] can be kept alive indefinitely
12:54:22.384 [Forwarding newSession on session null to remote] DEBUG org.apache.http.impl.conn.PoolingHttpClientConnectionManager - Connection released: [id: 28][route: {}->http://localhost:16622][total kept alive: 11; route allocated: 1 of 2000; total allocated: 11 of 2000]
12:54:22.387 [Forwarding get on session 47dcb4f2e91f23e8099fbb6d462139ca to remote] DEBUG org.apache.http.client.protocol.RequestAddCookies - CookieSpec selected: default
12:54:22.387 [Forwarding get on session 47dcb4f2e91f23e8099fbb6d462139ca to remote] DEBUG org.apache.http.client.protocol.RequestAuthCache - Auth cache not set in the context
12:54:22.387 [Forwarding get on session 47dcb4f2e91f23e8099fbb6d462139ca to remote] DEBUG org.apache.http.impl.conn.PoolingHttpClientConnectionManager - Connection request: [route: {}->http://localhost:16622][total kept alive: 11; route allocated: 1 of 2000; total allocated: 11 of 2000]
12:54:22.387 [Forwarding get on session 47dcb4f2e91f23e8099fbb6d462139ca to remote] DEBUG org.apache.http.impl.conn.PoolingHttpClientConnectionManager - Connection leased: [id: 28][route: {}->http://localhost:16622][total kept alive: 10; route allocated: 1 of 2000; total allocated: 11 of 2000]
12:54:22.387 [Forwarding get on session 47dcb4f2e91f23e8099fbb6d462139ca to remote] DEBUG org.apache.http.impl.execchain.MainClientExec - Stale connection check
12:54:22.388 [Forwarding get on session 47dcb4f2e91f23e8099fbb6d462139ca to remote] DEBUG org.apache.http.wire - http-outgoing-28 << "[read] I/O error: Read timed out"
12:54:22.388 [Forwarding get on session 47dcb4f2e91f23e8099fbb6d462139ca to remote] DEBUG org.apache.http.impl.conn.DefaultManagedHttpClientConnection - http-outgoing-28: set socket timeout to 10800000
12:54:22.388 [Forwarding get on session 47dcb4f2e91f23e8099fbb6d462139ca to remote] DEBUG org.apache.http.impl.execchain.MainClientExec - Executing request POST /session/47dcb4f2e91f23e8099fbb6d462139ca/url HTTP/1.1
12:54:22.388 [Forwarding get on session 47dcb4f2e91f23e8099fbb6d462139ca to remote] DEBUG org.apache.http.impl.execchain.MainClientExec - Target auth state: UNCHALLENGED
12:54:22.388 [Forwarding get on session 47dcb4f2e91f23e8099fbb6d462139ca to remote] DEBUG org.apache.http.impl.execchain.MainClientExec - Proxy auth state: UNCHALLENGED
12:54:22.388 [Forwarding get on session 47dcb4f2e91f23e8099fbb6d462139ca to remote] DEBUG org.apache.http.headers - http-outgoing-28 >> POST /session/47dcb4f2e91f23e8099fbb6d462139ca/url HTTP/1.1
12:54:22.388 [Forwarding get on session 47dcb4f2e91f23e8099fbb6d462139ca to remote] DEBUG org.apache.http.headers - http-outgoing-28 >> Content-Type: application/json; charset=utf-8
12:54:22.388 [Forwarding get on session 47dcb4f2e91f23e8099fbb6d462139ca to remote] DEBUG org.apache.http.headers - http-outgoing-28 >> Content-Length: 33
12:54:22.388 [Forwarding get on session 47dcb4f2e91f23e8099fbb6d462139ca to remote] DEBUG org.apache.http.headers - http-outgoing-28 >> Host: localhost:16622
12:54:22.388 [Forwarding get on session 47dcb4f2e91f23e8099fbb6d462139ca to remote] DEBUG org.apache.http.headers - http-outgoing-28 >> Connection: Keep-Alive
12:54:22.388 [Forwarding get on session 47dcb4f2e91f23e8099fbb6d462139ca to remote] DEBUG org.apache.http.headers - http-outgoing-28 >> User-Agent: Apache-HttpClient/4.5.3 (Java/1.8.0_211)
12:54:22.388 [Forwarding get on session 47dcb4f2e91f23e8099fbb6d462139ca to remote] DEBUG org.apache.http.headers - http-outgoing-28 >> Accept-Encoding: gzip,deflate
12:54:22.388 [Forwarding get on session 47dcb4f2e91f23e8099fbb6d462139ca to remote] DEBUG org.apache.http.wire - http-outgoing-28 >> "POST /session/47dcb4f2e91f23e8099fbb6d462139ca/url HTTP/1.1[\r][\n]"
12:54:22.388 [Forwarding get on session 47dcb4f2e91f23e8099fbb6d462139ca to remote] DEBUG org.apache.http.wire - http-outgoing-28 >> "Content-Type: application/json; charset=utf-8[\r][\n]"
12:54:22.388 [Forwarding get on session 47dcb4f2e91f23e8099fbb6d462139ca to remote] DEBUG org.apache.http.wire - http-outgoing-28 >> "Content-Length: 33[\r][\n]"
12:54:22.388 [Forwarding get on session 47dcb4f2e91f23e8099fbb6d462139ca to remote] DEBUG org.apache.http.wire - http-outgoing-28 >> "Host: localhost:16622[\r][\n]"
12:54:22.388 [Forwarding get on session 47dcb4f2e91f23e8099fbb6d462139ca to remote] DEBUG org.apache.http.wire - http-outgoing-28 >> "Connection: Keep-Alive[\r][\n]"
12:54:22.388 [Forwarding get on session 47dcb4f2e91f23e8099fbb6d462139ca to remote] DEBUG org.apache.http.wire - http-outgoing-28 >> "User-Agent: Apache-HttpClient/4.5.3 (Java/1.8.0_211)[\r][\n]"
12:54:22.388 [Forwarding get on session 47dcb4f2e91f23e8099fbb6d462139ca to remote] DEBUG org.apache.http.wire - http-outgoing-28 >> "Accept-Encoding: gzip,deflate[\r][\n]"
12:54:22.388 [Forwarding get on session 47dcb4f2e91f23e8099fbb6d462139ca to remote] DEBUG org.apache.http.wire - http-outgoing-28 >> "[\r][\n]"
12:54:22.388 [Forwarding get on session 47dcb4f2e91f23e8099fbb6d462139ca to remote] DEBUG org.apache.http.wire - http-outgoing-28 >> "{"url":"https://tronscan.org/#/"}"
12:54:25.263 [Forwarding get on session 47dcb4f2e91f23e8099fbb6d462139ca to remote] DEBUG org.apache.http.wire - http-outgoing-28 << "HTTP/1.1 200 OK[\r][\n]"
12:54:25.263 [Forwarding get on session 47dcb4f2e91f23e8099fbb6d462139ca to remote] DEBUG org.apache.http.wire - http-outgoing-28 << "Content-Length:14[\r][\n]"
12:54:25.263 [Forwarding get on session 47dcb4f2e91f23e8099fbb6d462139ca to remote] DEBUG org.apache.http.wire - http-outgoing-28 << "Content-Type:application/json; charset=utf-8[\r][\n]"
12:54:25.263 [Forwarding get on session 47dcb4f2e91f23e8099fbb6d462139ca to remote] DEBUG org.apache.http.wire - http-outgoing-28 << "cache-control:no-cache[\r][\n]"
12:54:25.263 [Forwarding get on session 47dcb4f2e91f23e8099fbb6d462139ca to remote] DEBUG org.apache.http.wire - http-outgoing-28 << "[\r][\n]"
12:54:25.264 [Forwarding get on session 47dcb4f2e91f23e8099fbb6d462139ca to remote] DEBUG org.apache.http.wire - http-outgoing-28 << "{"value":null}"
12:54:25.264 [Forwarding get on session 47dcb4f2e91f23e8099fbb6d462139ca to remote] DEBUG org.apache.http.headers - http-outgoing-28 << HTTP/1.1 200 OK
12:54:25.264 [Forwarding get on session 47dcb4f2e91f23e8099fbb6d462139ca to remote] DEBUG org.apache.http.headers - http-outgoing-28 << Content-Length:14
12:54:25.264 [Forwarding get on session 47dcb4f2e91f23e8099fbb6d462139ca to remote] DEBUG org.apache.http.headers - http-outgoing-28 << Content-Type:application/json; charset=utf-8
12:54:25.264 [Forwarding get on session 47dcb4f2e91f23e8099fbb6d462139ca to remote] DEBUG org.apache.http.headers - http-outgoing-28 << cache-control:no-cache
12:54:25.264 [Forwarding get on session 47dcb4f2e91f23e8099fbb6d462139ca to remote] DEBUG org.apache.http.impl.execchain.MainClientExec - Connection can be kept alive indefinitely
12:54:25.264 [Forwarding get on session 47dcb4f2e91f23e8099fbb6d462139ca to remote] DEBUG org.apache.http.impl.conn.PoolingHttpClientConnectionManager - Connection [id: 28][route: {}->http://localhost:16622] can be kept alive indefinitely
12:54:25.264 [Forwarding get on session 47dcb4f2e91f23e8099fbb6d462139ca to remote] DEBUG org.apache.http.impl.conn.PoolingHttpClientConnectionManager - Connection released: [id: 28][route: {}->http://localhost:16622][total kept alive: 11; route allocated: 1 of 2000; total allocated: 11 of 2000]
成功打开谷歌浏览器！
12:54:25.264 [Forwarding setTimeout on session 47dcb4f2e91f23e8099fbb6d462139ca to remote] DEBUG org.apache.http.client.protocol.RequestAddCookies - CookieSpec selected: default
12:54:25.264 [Forwarding setTimeout on session 47dcb4f2e91f23e8099fbb6d462139ca to remote] DEBUG org.apache.http.client.protocol.RequestAuthCache - Auth cache not set in the context
12:54:25.264 [Forwarding setTimeout on session 47dcb4f2e91f23e8099fbb6d462139ca to remote] DEBUG org.apache.http.impl.conn.PoolingHttpClientConnectionManager - Connection request: [route: {}->http://localhost:16622][total kept alive: 11; route allocated: 1 of 2000; total allocated: 11 of 2000]
12:54:25.264 [Forwarding setTimeout on session 47dcb4f2e91f23e8099fbb6d462139ca to remote] DEBUG org.apache.http.impl.conn.PoolingHttpClientConnectionManager - Connection leased: [id: 28][route: {}->http://localhost:16622][total kept alive: 10; route allocated: 1 of 2000; total allocated: 11 of 2000]
12:54:25.264 [Forwarding setTimeout on session 47dcb4f2e91f23e8099fbb6d462139ca to remote] DEBUG org.apache.http.impl.execchain.MainClientExec - Stale connection check
12:54:25.266 [Forwarding setTimeout on session 47dcb4f2e91f23e8099fbb6d462139ca to remote] DEBUG org.apache.http.wire - http-outgoing-28 << "[read] I/O error: Read timed out"
12:54:25.266 [Forwarding setTimeout on session 47dcb4f2e91f23e8099fbb6d462139ca to remote] DEBUG org.apache.http.impl.conn.DefaultManagedHttpClientConnection - http-outgoing-28: set socket timeout to 10800000
12:54:25.266 [Forwarding setTimeout on session 47dcb4f2e91f23e8099fbb6d462139ca to remote] DEBUG org.apache.http.impl.execchain.MainClientExec - Executing request POST /session/47dcb4f2e91f23e8099fbb6d462139ca/timeouts HTTP/1.1
12:54:25.266 [Forwarding setTimeout on session 47dcb4f2e91f23e8099fbb6d462139ca to remote] DEBUG org.apache.http.impl.execchain.MainClientExec - Target auth state: UNCHALLENGED
12:54:25.266 [Forwarding setTimeout on session 47dcb4f2e91f23e8099fbb6d462139ca to remote] DEBUG org.apache.http.impl.execchain.MainClientExec - Proxy auth state: UNCHALLENGED
12:54:25.266 [Forwarding setTimeout on session 47dcb4f2e91f23e8099fbb6d462139ca to remote] DEBUG org.apache.http.headers - http-outgoing-28 >> POST /session/47dcb4f2e91f23e8099fbb6d462139ca/timeouts HTTP/1.1
12:54:25.266 [Forwarding setTimeout on session 47dcb4f2e91f23e8099fbb6d462139ca to remote] DEBUG org.apache.http.headers - http-outgoing-28 >> Content-Type: application/json; charset=utf-8
12:54:25.266 [Forwarding setTimeout on session 47dcb4f2e91f23e8099fbb6d462139ca to remote] DEBUG org.apache.http.headers - http-outgoing-28 >> Content-Length: 18
12:54:25.266 [Forwarding setTimeout on session 47dcb4f2e91f23e8099fbb6d462139ca to remote] DEBUG org.apache.http.headers - http-outgoing-28 >> Host: localhost:16622
12:54:25.266 [Forwarding setTimeout on session 47dcb4f2e91f23e8099fbb6d462139ca to remote] DEBUG org.apache.http.headers - http-outgoing-28 >> Connection: Keep-Alive
12:54:25.266 [Forwarding setTimeout on session 47dcb4f2e91f23e8099fbb6d462139ca to remote] DEBUG org.apache.http.headers - http-outgoing-28 >> User-Agent: Apache-HttpClient/4.5.3 (Java/1.8.0_211)
12:54:25.266 [Forwarding setTimeout on session 47dcb4f2e91f23e8099fbb6d462139ca to remote] DEBUG org.apache.http.headers - http-outgoing-28 >> Accept-Encoding: gzip,deflate
12:54:25.266 [Forwarding setTimeout on session 47dcb4f2e91f23e8099fbb6d462139ca to remote] DEBUG org.apache.http.wire - http-outgoing-28 >> "POST /session/47dcb4f2e91f23e8099fbb6d462139ca/timeouts HTTP/1.1[\r][\n]"
12:54:25.266 [Forwarding setTimeout on session 47dcb4f2e91f23e8099fbb6d462139ca to remote] DEBUG org.apache.http.wire - http-outgoing-28 >> "Content-Type: application/json; charset=utf-8[\r][\n]"
12:54:25.266 [Forwarding setTimeout on session 47dcb4f2e91f23e8099fbb6d462139ca to remote] DEBUG org.apache.http.wire - http-outgoing-28 >> "Content-Length: 18[\r][\n]"
12:54:25.266 [Forwarding setTimeout on session 47dcb4f2e91f23e8099fbb6d462139ca to remote] DEBUG org.apache.http.wire - http-outgoing-28 >> "Host: localhost:16622[\r][\n]"
12:54:25.266 [Forwarding setTimeout on session 47dcb4f2e91f23e8099fbb6d462139ca to remote] DEBUG org.apache.http.wire - http-outgoing-28 >> "Connection: Keep-Alive[\r][\n]"
12:54:25.266 [Forwarding setTimeout on session 47dcb4f2e91f23e8099fbb6d462139ca to remote] DEBUG org.apache.http.wire - http-outgoing-28 >> "User-Agent: Apache-HttpClient/4.5.3 (Java/1.8.0_211)[\r][\n]"
12:54:25.266 [Forwarding setTimeout on session 47dcb4f2e91f23e8099fbb6d462139ca to remote] DEBUG org.apache.http.wire - http-outgoing-28 >> "Accept-Encoding: gzip,deflate[\r][\n]"
12:54:25.266 [Forwarding setTimeout on session 47dcb4f2e91f23e8099fbb6d462139ca to remote] DEBUG org.apache.http.wire - http-outgoing-28 >> "[\r][\n]"
12:54:25.266 [Forwarding setTimeout on session 47dcb4f2e91f23e8099fbb6d462139ca to remote] DEBUG org.apache.http.wire - http-outgoing-28 >> "{"implicit":10000}"
12:54:25.266 [Forwarding setTimeout on session 47dcb4f2e91f23e8099fbb6d462139ca to remote] DEBUG org.apache.http.wire - http-outgoing-28 << "HTTP/1.1 200 OK[\r][\n]"
12:54:25.266 [Forwarding setTimeout on session 47dcb4f2e91f23e8099fbb6d462139ca to remote] DEBUG org.apache.http.wire - http-outgoing-28 << "Content-Length:14[\r][\n]"
12:54:25.266 [Forwarding setTimeout on session 47dcb4f2e91f23e8099fbb6d462139ca to remote] DEBUG org.apache.http.wire - http-outgoing-28 << "Content-Type:application/json; charset=utf-8[\r][\n]"
12:54:25.266 [Forwarding setTimeout on session 47dcb4f2e91f23e8099fbb6d462139ca to remote] DEBUG org.apache.http.wire - http-outgoing-28 << "cache-control:no-cache[\r][\n]"
12:54:25.266 [Forwarding setTimeout on session 47dcb4f2e91f23e8099fbb6d462139ca to remote] DEBUG org.apache.http.wire - http-outgoing-28 << "[\r][\n]"
12:54:25.266 [Forwarding setTimeout on session 47dcb4f2e91f23e8099fbb6d462139ca to remote] DEBUG org.apache.http.wire - http-outgoing-28 << "{"value":null}"
12:54:25.266 [Forwarding setTimeout on session 47dcb4f2e91f23e8099fbb6d462139ca to remote] DEBUG org.apache.http.headers - http-outgoing-28 << HTTP/1.1 200 OK
12:54:25.266 [Forwarding setTimeout on session 47dcb4f2e91f23e8099fbb6d462139ca to remote] DEBUG org.apache.http.headers - http-outgoing-28 << Content-Length:14
12:54:25.266 [Forwarding setTimeout on session 47dcb4f2e91f23e8099fbb6d462139ca to remote] DEBUG org.apache.http.headers - http-outgoing-28 << Content-Type:application/json; charset=utf-8
12:54:25.266 [Forwarding setTimeout on session 47dcb4f2e91f23e8099fbb6d462139ca to remote] DEBUG org.apache.http.headers - http-outgoing-28 << cache-control:no-cache
12:54:25.266 [Forwarding setTimeout on session 47dcb4f2e91f23e8099fbb6d462139ca to remote] DEBUG org.apache.http.impl.execchain.MainClientExec - Connection can be kept alive indefinitely
12:54:25.266 [Forwarding setTimeout on session 47dcb4f2e91f23e8099fbb6d462139ca to remote] DEBUG org.apache.http.impl.conn.PoolingHttpClientConnectionManager - Connection [id: 28][route: {}->http://localhost:16622] can be kept alive indefinitely
12:54:25.266 [Forwarding setTimeout on session 47dcb4f2e91f23e8099fbb6d462139ca to remote] DEBUG org.apache.http.impl.conn.PoolingHttpClientConnectionManager - Connection released: [id: 28][route: {}->http://localhost:16622][total kept alive: 11; route allocated: 1 of 2000; total allocated: 11 of 2000]
LOGIN
12:54:25.267 [Forwarding setCurrentWindowSize on session 47dcb4f2e91f23e8099fbb6d462139ca to remote] DEBUG org.apache.http.client.protocol.RequestAddCookies - CookieSpec selected: default
12:54:25.267 [Forwarding setCurrentWindowSize on session 47dcb4f2e91f23e8099fbb6d462139ca to remote] DEBUG org.apache.http.client.protocol.RequestAuthCache - Auth cache not set in the context
12:54:25.267 [Forwarding setCurrentWindowSize on session 47dcb4f2e91f23e8099fbb6d462139ca to remote] DEBUG org.apache.http.impl.conn.PoolingHttpClientConnectionManager - Connection request: [route: {}->http://localhost:16622][total kept alive: 11; route allocated: 1 of 2000; total allocated: 11 of 2000]
12:54:25.267 [Forwarding setCurrentWindowSize on session 47dcb4f2e91f23e8099fbb6d462139ca to remote] DEBUG org.apache.http.impl.conn.PoolingHttpClientConnectionManager - Connection leased: [id: 28][route: {}->http://localhost:16622][total kept alive: 10; route allocated: 1 of 2000; total allocated: 11 of 2000]
12:54:25.267 [Forwarding setCurrentWindowSize on session 47dcb4f2e91f23e8099fbb6d462139ca to remote] DEBUG org.apache.http.impl.execchain.MainClientExec - Stale connection check
12:54:25.268 [Forwarding setCurrentWindowSize on session 47dcb4f2e91f23e8099fbb6d462139ca to remote] DEBUG org.apache.http.wire - http-outgoing-28 << "[read] I/O error: Read timed out"
12:54:25.268 [Forwarding setCurrentWindowSize on session 47dcb4f2e91f23e8099fbb6d462139ca to remote] DEBUG org.apache.http.impl.conn.DefaultManagedHttpClientConnection - http-outgoing-28: set socket timeout to 10800000
12:54:25.268 [Forwarding setCurrentWindowSize on session 47dcb4f2e91f23e8099fbb6d462139ca to remote] DEBUG org.apache.http.impl.execchain.MainClientExec - Executing request POST /session/47dcb4f2e91f23e8099fbb6d462139ca/window/rect HTTP/1.1
12:54:25.268 [Forwarding setCurrentWindowSize on session 47dcb4f2e91f23e8099fbb6d462139ca to remote] DEBUG org.apache.http.impl.execchain.MainClientExec - Target auth state: UNCHALLENGED
12:54:25.268 [Forwarding setCurrentWindowSize on session 47dcb4f2e91f23e8099fbb6d462139ca to remote] DEBUG org.apache.http.impl.execchain.MainClientExec - Proxy auth state: UNCHALLENGED
12:54:25.268 [Forwarding setCurrentWindowSize on session 47dcb4f2e91f23e8099fbb6d462139ca to remote] DEBUG org.apache.http.headers - http-outgoing-28 >> POST /session/47dcb4f2e91f23e8099fbb6d462139ca/window/rect HTTP/1.1
12:54:25.268 [Forwarding setCurrentWindowSize on session 47dcb4f2e91f23e8099fbb6d462139ca to remote] DEBUG org.apache.http.headers - http-outgoing-28 >> Content-Type: application/json; charset=utf-8
12:54:25.268 [Forwarding setCurrentWindowSize on session 47dcb4f2e91f23e8099fbb6d462139ca to remote] DEBUG org.apache.http.headers - http-outgoing-28 >> Content-Length: 28
12:54:25.268 [Forwarding setCurrentWindowSize on session 47dcb4f2e91f23e8099fbb6d462139ca to remote] DEBUG org.apache.http.headers - http-outgoing-28 >> Host: localhost:16622
12:54:25.268 [Forwarding setCurrentWindowSize on session 47dcb4f2e91f23e8099fbb6d462139ca to remote] DEBUG org.apache.http.headers - http-outgoing-28 >> Connection: Keep-Alive
12:54:25.268 [Forwarding setCurrentWindowSize on session 47dcb4f2e91f23e8099fbb6d462139ca to remote] DEBUG org.apache.http.headers - http-outgoing-28 >> User-Agent: Apache-HttpClient/4.5.3 (Java/1.8.0_211)
12:54:25.268 [Forwarding setCurrentWindowSize on session 47dcb4f2e91f23e8099fbb6d462139ca to remote] DEBUG org.apache.http.headers - http-outgoing-28 >> Accept-Encoding: gzip,deflate
12:54:25.268 [Forwarding setCurrentWindowSize on session 47dcb4f2e91f23e8099fbb6d462139ca to remote] DEBUG org.apache.http.wire - http-outgoing-28 >> "POST /session/47dcb4f2e91f23e8099fbb6d462139ca/window/rect HTTP/1.1[\r][\n]"
12:54:25.268 [Forwarding setCurrentWindowSize on session 47dcb4f2e91f23e8099fbb6d462139ca to remote] DEBUG org.apache.http.wire - http-outgoing-28 >> "Content-Type: application/json; charset=utf-8[\r][\n]"
12:54:25.268 [Forwarding setCurrentWindowSize on session 47dcb4f2e91f23e8099fbb6d462139ca to remote] DEBUG org.apache.http.wire - http-outgoing-28 >> "Content-Length: 28[\r][\n]"
12:54:25.268 [Forwarding setCurrentWindowSize on session 47dcb4f2e91f23e8099fbb6d462139ca to remote] DEBUG org.apache.http.wire - http-outgoing-28 >> "Host: localhost:16622[\r][\n]"
12:54:25.268 [Forwarding setCurrentWindowSize on session 47dcb4f2e91f23e8099fbb6d462139ca to remote] DEBUG org.apache.http.wire - http-outgoing-28 >> "Connection: Keep-Alive[\r][\n]"
12:54:25.268 [Forwarding setCurrentWindowSize on session 47dcb4f2e91f23e8099fbb6d462139ca to remote] DEBUG org.apache.http.wire - http-outgoing-28 >> "User-Agent: Apache-HttpClient/4.5.3 (Java/1.8.0_211)[\r][\n]"
12:54:25.268 [Forwarding setCurrentWindowSize on session 47dcb4f2e91f23e8099fbb6d462139ca to remote] DEBUG org.apache.http.wire - http-outgoing-28 >> "Accept-Encoding: gzip,deflate[\r][\n]"
12:54:25.268 [Forwarding setCurrentWindowSize on session 47dcb4f2e91f23e8099fbb6d462139ca to remote] DEBUG org.apache.http.wire - http-outgoing-28 >> "[\r][\n]"
12:54:25.268 [Forwarding setCurrentWindowSize on session 47dcb4f2e91f23e8099fbb6d462139ca to remote] DEBUG org.apache.http.wire - http-outgoing-28 >> "{"width":2560,"height":1440}"
12:54:25.419 [Forwarding setCurrentWindowSize on session 47dcb4f2e91f23e8099fbb6d462139ca to remote] DEBUG org.apache.http.wire - http-outgoing-28 << "HTTP/1.1 200 OK[\r][\n]"
12:54:25.419 [Forwarding setCurrentWindowSize on session 47dcb4f2e91f23e8099fbb6d462139ca to remote] DEBUG org.apache.http.wire - http-outgoing-28 << "Content-Length:52[\r][\n]"
12:54:25.419 [Forwarding setCurrentWindowSize on session 47dcb4f2e91f23e8099fbb6d462139ca to remote] DEBUG org.apache.http.wire - http-outgoing-28 << "Content-Type:application/json; charset=utf-8[\r][\n]"
12:54:25.419 [Forwarding setCurrentWindowSize on session 47dcb4f2e91f23e8099fbb6d462139ca to remote] DEBUG org.apache.http.wire - http-outgoing-28 << "cache-control:no-cache[\r][\n]"
12:54:25.419 [Forwarding setCurrentWindowSize on session 47dcb4f2e91f23e8099fbb6d462139ca to remote] DEBUG org.apache.http.wire - http-outgoing-28 << "[\r][\n]"
12:54:25.419 [Forwarding setCurrentWindowSize on session 47dcb4f2e91f23e8099fbb6d462139ca to remote] DEBUG org.apache.http.wire - http-outgoing-28 << "{"value":{"height":1366,"width":2560,"x":22,"y":23}}"
12:54:25.419 [Forwarding setCurrentWindowSize on session 47dcb4f2e91f23e8099fbb6d462139ca to remote] DEBUG org.apache.http.headers - http-outgoing-28 << HTTP/1.1 200 OK
12:54:25.419 [Forwarding setCurrentWindowSize on session 47dcb4f2e91f23e8099fbb6d462139ca to remote] DEBUG org.apache.http.headers - http-outgoing-28 << Content-Length:52
12:54:25.419 [Forwarding setCurrentWindowSize on session 47dcb4f2e91f23e8099fbb6d462139ca to remote] DEBUG org.apache.http.headers - http-outgoing-28 << Content-Type:application/json; charset=utf-8
12:54:25.419 [Forwarding setCurrentWindowSize on session 47dcb4f2e91f23e8099fbb6d462139ca to remote] DEBUG org.apache.http.headers - http-outgoing-28 << cache-control:no-cache
12:54:25.419 [Forwarding setCurrentWindowSize on session 47dcb4f2e91f23e8099fbb6d462139ca to remote] DEBUG org.apache.http.impl.execchain.MainClientExec - Connection can be kept alive indefinitely
12:54:25.419 [Forwarding setCurrentWindowSize on session 47dcb4f2e91f23e8099fbb6d462139ca to remote] DEBUG org.apache.http.impl.conn.PoolingHttpClientConnectionManager - Connection [id: 28][route: {}->http://localhost:16622] can be kept alive indefinitely
12:54:25.419 [Forwarding setCurrentWindowSize on session 47dcb4f2e91f23e8099fbb6d462139ca to remote] DEBUG org.apache.http.impl.conn.PoolingHttpClientConnectionManager - Connection released: [id: 28][route: {}->http://localhost:16622][total kept alive: 11; route allocated: 1 of 2000; total allocated: 11 of 2000]
12:54:25.623 [Forwarding findElement on session 47dcb4f2e91f23e8099fbb6d462139ca to remote] DEBUG org.apache.http.client.protocol.RequestAddCookies - CookieSpec selected: default
12:54:25.623 [Forwarding findElement on session 47dcb4f2e91f23e8099fbb6d462139ca to remote] DEBUG org.apache.http.client.protocol.RequestAuthCache - Auth cache not set in the context
12:54:25.623 [Forwarding findElement on session 47dcb4f2e91f23e8099fbb6d462139ca to remote] DEBUG org.apache.http.impl.conn.PoolingHttpClientConnectionManager - Connection request: [route: {}->http://localhost:16622][total kept alive: 11; route allocated: 1 of 2000; total allocated: 11 of 2000]
12:54:25.623 [Forwarding findElement on session 47dcb4f2e91f23e8099fbb6d462139ca to remote] DEBUG org.apache.http.impl.conn.PoolingHttpClientConnectionManager - Connection leased: [id: 28][route: {}->http://localhost:16622][total kept alive: 10; route allocated: 1 of 2000; total allocated: 11 of 2000]
12:54:25.623 [Forwarding findElement on session 47dcb4f2e91f23e8099fbb6d462139ca to remote] DEBUG org.apache.http.impl.execchain.MainClientExec - Stale connection check
12:54:25.624 [Forwarding findElement on session 47dcb4f2e91f23e8099fbb6d462139ca to remote] DEBUG org.apache.http.wire - http-outgoing-28 << "[read] I/O error: Read timed out"
12:54:25.624 [Forwarding findElement on session 47dcb4f2e91f23e8099fbb6d462139ca to remote] DEBUG org.apache.http.impl.conn.DefaultManagedHttpClientConnection - http-outgoing-28: set socket timeout to 10800000
12:54:25.624 [Forwarding findElement on session 47dcb4f2e91f23e8099fbb6d462139ca to remote] DEBUG org.apache.http.impl.execchain.MainClientExec - Executing request POST /session/47dcb4f2e91f23e8099fbb6d462139ca/element HTTP/1.1
12:54:25.624 [Forwarding findElement on session 47dcb4f2e91f23e8099fbb6d462139ca to remote] DEBUG org.apache.http.impl.execchain.MainClientExec - Target auth state: UNCHALLENGED
12:54:25.624 [Forwarding findElement on session 47dcb4f2e91f23e8099fbb6d462139ca to remote] DEBUG org.apache.http.impl.execchain.MainClientExec - Proxy auth state: UNCHALLENGED
12:54:25.624 [Forwarding findElement on session 47dcb4f2e91f23e8099fbb6d462139ca to remote] DEBUG org.apache.http.headers - http-outgoing-28 >> POST /session/47dcb4f2e91f23e8099fbb6d462139ca/element HTTP/1.1
12:54:25.624 [Forwarding findElement on session 47dcb4f2e91f23e8099fbb6d462139ca to remote] DEBUG org.apache.http.headers - http-outgoing-28 >> Content-Type: application/json; charset=utf-8
12:54:25.624 [Forwarding findElement on session 47dcb4f2e91f23e8099fbb6d462139ca to remote] DEBUG org.apache.http.headers - http-outgoing-28 >> Content-Length: 58
12:54:25.624 [Forwarding findElement on session 47dcb4f2e91f23e8099fbb6d462139ca to remote] DEBUG org.apache.http.headers - http-outgoing-28 >> Host: localhost:16622
12:54:25.624 [Forwarding findElement on session 47dcb4f2e91f23e8099fbb6d462139ca to remote] DEBUG org.apache.http.headers - http-outgoing-28 >> Connection: Keep-Alive
12:54:25.624 [Forwarding findElement on session 47dcb4f2e91f23e8099fbb6d462139ca to remote] DEBUG org.apache.http.headers - http-outgoing-28 >> User-Agent: Apache-HttpClient/4.5.3 (Java/1.8.0_211)
12:54:25.624 [Forwarding findElement on session 47dcb4f2e91f23e8099fbb6d462139ca to remote] DEBUG org.apache.http.headers - http-outgoing-28 >> Accept-Encoding: gzip,deflate
12:54:25.624 [Forwarding findElement on session 47dcb4f2e91f23e8099fbb6d462139ca to remote] DEBUG org.apache.http.wire - http-outgoing-28 >> "POST /session/47dcb4f2e91f23e8099fbb6d462139ca/element HTTP/1.1[\r][\n]"
12:54:25.624 [Forwarding findElement on session 47dcb4f2e91f23e8099fbb6d462139ca to remote] DEBUG org.apache.http.wire - http-outgoing-28 >> "Content-Type: application/json; charset=utf-8[\r][\n]"
12:54:25.624 [Forwarding findElement on session 47dcb4f2e91f23e8099fbb6d462139ca to remote] DEBUG org.apache.http.wire - http-outgoing-28 >> "Content-Length: 58[\r][\n]"
12:54:25.624 [Forwarding findElement on session 47dcb4f2e91f23e8099fbb6d462139ca to remote] DEBUG org.apache.http.wire - http-outgoing-28 >> "Host: localhost:16622[\r][\n]"
12:54:25.624 [Forwarding findElement on session 47dcb4f2e91f23e8099fbb6d462139ca to remote] DEBUG org.apache.http.wire - http-outgoing-28 >> "Connection: Keep-Alive[\r][\n]"
12:54:25.624 [Forwarding findElement on session 47dcb4f2e91f23e8099fbb6d462139ca to remote] DEBUG org.apache.http.wire - http-outgoing-28 >> "User-Agent: Apache-HttpClient/4.5.3 (Java/1.8.0_211)[\r][\n]"
12:54:25.624 [Forwarding findElement on session 47dcb4f2e91f23e8099fbb6d462139ca to remote] DEBUG org.apache.http.wire - http-outgoing-28 >> "Accept-Encoding: gzip,deflate[\r][\n]"
12:54:25.624 [Forwarding findElement on session 47dcb4f2e91f23e8099fbb6d462139ca to remote] DEBUG org.apache.http.wire - http-outgoing-28 >> "[\r][\n]"
12:54:25.624 [Forwarding findElement on session 47dcb4f2e91f23e8099fbb6d462139ca to remote] DEBUG org.apache.http.wire - http-outgoing-28 >> "{"value":".dropdown-toggle > span","using":"css selector"}"
12:54:25.633 [Forwarding findElement on session 47dcb4f2e91f23e8099fbb6d462139ca to remote] DEBUG org.apache.http.wire - http-outgoing-28 << "HTTP/1.1 200 OK[\r][\n]"
12:54:25.633 [Forwarding findElement on session 47dcb4f2e91f23e8099fbb6d462139ca to remote] DEBUG org.apache.http.wire - http-outgoing-28 << "Content-Length:88[\r][\n]"
12:54:25.633 [Forwarding findElement on session 47dcb4f2e91f23e8099fbb6d462139ca to remote] DEBUG org.apache.http.wire - http-outgoing-28 << "Content-Type:application/json; charset=utf-8[\r][\n]"
12:54:25.633 [Forwarding findElement on session 47dcb4f2e91f23e8099fbb6d462139ca to remote] DEBUG org.apache.http.wire - http-outgoing-28 << "cache-control:no-cache[\r][\n]"
12:54:25.633 [Forwarding findElement on session 47dcb4f2e91f23e8099fbb6d462139ca to remote] DEBUG org.apache.http.wire - http-outgoing-28 << "[\r][\n]"
12:54:25.633 [Forwarding findElement on session 47dcb4f2e91f23e8099fbb6d462139ca to remote] DEBUG org.apache.http.wire - http-outgoing-28 << "{"value":{"element-6066-11e4-a52e-4f735466cecf":"d68c65e8-a923-411a-b3e4-93b556bd5e62"}}"
12:54:25.633 [Forwarding findElement on session 47dcb4f2e91f23e8099fbb6d462139ca to remote] DEBUG org.apache.http.headers - http-outgoing-28 << HTTP/1.1 200 OK
12:54:25.633 [Forwarding findElement on session 47dcb4f2e91f23e8099fbb6d462139ca to remote] DEBUG org.apache.http.headers - http-outgoing-28 << Content-Length:88
12:54:25.633 [Forwarding findElement on session 47dcb4f2e91f23e8099fbb6d462139ca to remote] DEBUG org.apache.http.headers - http-outgoing-28 << Content-Type:application/json; charset=utf-8
12:54:25.633 [Forwarding findElement on session 47dcb4f2e91f23e8099fbb6d462139ca to remote] DEBUG org.apache.http.headers - http-outgoing-28 << cache-control:no-cache
12:54:25.633 [Forwarding findElement on session 47dcb4f2e91f23e8099fbb6d462139ca to remote] DEBUG org.apache.http.impl.execchain.MainClientExec - Connection can be kept alive indefinitely
12:54:25.633 [Forwarding findElement on session 47dcb4f2e91f23e8099fbb6d462139ca to remote] DEBUG org.apache.http.impl.conn.PoolingHttpClientConnectionManager - Connection [id: 28][route: {}->http://localhost:16622] can be kept alive indefinitely
12:54:25.633 [Forwarding findElement on session 47dcb4f2e91f23e8099fbb6d462139ca to remote] DEBUG org.apache.http.impl.conn.PoolingHttpClientConnectionManager - Connection released: [id: 28][route: {}->http://localhost:16622][total kept alive: 11; route allocated: 1 of 2000; total allocated: 11 of 2000]
12:54:25.634 [Forwarding actions on session 47dcb4f2e91f23e8099fbb6d462139ca to remote] DEBUG org.apache.http.client.protocol.RequestAddCookies - CookieSpec selected: default
12:54:25.634 [Forwarding actions on session 47dcb4f2e91f23e8099fbb6d462139ca to remote] DEBUG org.apache.http.client.protocol.RequestAuthCache - Auth cache not set in the context
12:54:25.634 [Forwarding actions on session 47dcb4f2e91f23e8099fbb6d462139ca to remote] DEBUG org.apache.http.impl.conn.PoolingHttpClientConnectionManager - Connection request: [route: {}->http://localhost:16622][total kept alive: 11; route allocated: 1 of 2000; total allocated: 11 of 2000]
12:54:25.634 [Forwarding actions on session 47dcb4f2e91f23e8099fbb6d462139ca to remote] DEBUG org.apache.http.impl.conn.PoolingHttpClientConnectionManager - Connection leased: [id: 28][route: {}->http://localhost:16622][total kept alive: 10; route allocated: 1 of 2000; total allocated: 11 of 2000]
12:54:25.634 [Forwarding actions on session 47dcb4f2e91f23e8099fbb6d462139ca to remote] DEBUG org.apache.http.impl.execchain.MainClientExec - Stale connection check
12:54:25.635 [Forwarding actions on session 47dcb4f2e91f23e8099fbb6d462139ca to remote] DEBUG org.apache.http.wire - http-outgoing-28 << "[read] I/O error: Read timed out"
12:54:25.635 [Forwarding actions on session 47dcb4f2e91f23e8099fbb6d462139ca to remote] DEBUG org.apache.http.impl.conn.DefaultManagedHttpClientConnection - http-outgoing-28: set socket timeout to 10800000
12:54:25.635 [Forwarding actions on session 47dcb4f2e91f23e8099fbb6d462139ca to remote] DEBUG org.apache.http.impl.execchain.MainClientExec - Executing request POST /session/47dcb4f2e91f23e8099fbb6d462139ca/actions HTTP/1.1
12:54:25.635 [Forwarding actions on session 47dcb4f2e91f23e8099fbb6d462139ca to remote] DEBUG org.apache.http.impl.execchain.MainClientExec - Target auth state: UNCHALLENGED
12:54:25.635 [Forwarding actions on session 47dcb4f2e91f23e8099fbb6d462139ca to remote] DEBUG org.apache.http.impl.execchain.MainClientExec - Proxy auth state: UNCHALLENGED
12:54:25.635 [Forwarding actions on session 47dcb4f2e91f23e8099fbb6d462139ca to remote] DEBUG org.apache.http.headers - http-outgoing-28 >> POST /session/47dcb4f2e91f23e8099fbb6d462139ca/actions HTTP/1.1
12:54:25.635 [Forwarding actions on session 47dcb4f2e91f23e8099fbb6d462139ca to remote] DEBUG org.apache.http.headers - http-outgoing-28 >> Content-Type: application/json; charset=utf-8
12:54:25.635 [Forwarding actions on session 47dcb4f2e91f23e8099fbb6d462139ca to remote] DEBUG org.apache.http.headers - http-outgoing-28 >> Content-Length: 289
12:54:25.635 [Forwarding actions on session 47dcb4f2e91f23e8099fbb6d462139ca to remote] DEBUG org.apache.http.headers - http-outgoing-28 >> Host: localhost:16622
12:54:25.635 [Forwarding actions on session 47dcb4f2e91f23e8099fbb6d462139ca to remote] DEBUG org.apache.http.headers - http-outgoing-28 >> Connection: Keep-Alive
12:54:25.635 [Forwarding actions on session 47dcb4f2e91f23e8099fbb6d462139ca to remote] DEBUG org.apache.http.headers - http-outgoing-28 >> User-Agent: Apache-HttpClient/4.5.3 (Java/1.8.0_211)
12:54:25.635 [Forwarding actions on session 47dcb4f2e91f23e8099fbb6d462139ca to remote] DEBUG org.apache.http.headers - http-outgoing-28 >> Accept-Encoding: gzip,deflate
12:54:25.635 [Forwarding actions on session 47dcb4f2e91f23e8099fbb6d462139ca to remote] DEBUG org.apache.http.wire - http-outgoing-28 >> "POST /session/47dcb4f2e91f23e8099fbb6d462139ca/actions HTTP/1.1[\r][\n]"
12:54:25.635 [Forwarding actions on session 47dcb4f2e91f23e8099fbb6d462139ca to remote] DEBUG org.apache.http.wire - http-outgoing-28 >> "Content-Type: application/json; charset=utf-8[\r][\n]"
12:54:25.635 [Forwarding actions on session 47dcb4f2e91f23e8099fbb6d462139ca to remote] DEBUG org.apache.http.wire - http-outgoing-28 >> "Content-Length: 289[\r][\n]"
12:54:25.635 [Forwarding actions on session 47dcb4f2e91f23e8099fbb6d462139ca to remote] DEBUG org.apache.http.wire - http-outgoing-28 >> "Host: localhost:16622[\r][\n]"
12:54:25.635 [Forwarding actions on session 47dcb4f2e91f23e8099fbb6d462139ca to remote] DEBUG org.apache.http.wire - http-outgoing-28 >> "Connection: Keep-Alive[\r][\n]"
12:54:25.635 [Forwarding actions on session 47dcb4f2e91f23e8099fbb6d462139ca to remote] DEBUG org.apache.http.wire - http-outgoing-28 >> "User-Agent: Apache-HttpClient/4.5.3 (Java/1.8.0_211)[\r][\n]"
12:54:25.635 [Forwarding actions on session 47dcb4f2e91f23e8099fbb6d462139ca to remote] DEBUG org.apache.http.wire - http-outgoing-28 >> "Accept-Encoding: gzip,deflate[\r][\n]"
12:54:25.635 [Forwarding actions on session 47dcb4f2e91f23e8099fbb6d462139ca to remote] DEBUG org.apache.http.wire - http-outgoing-28 >> "[\r][\n]"
12:54:25.635 [Forwarding actions on session 47dcb4f2e91f23e8099fbb6d462139ca to remote] DEBUG org.apache.http.wire - http-outgoing-28 >> "{"actions":[{"id":"default mouse","type":"pointer","parameters":{"pointerType":"mouse"},"actions":[{"duration":100,"x":0,"y":0,"type":"pointerMove","origin":{"ELEMENT":"d68c65e8-a923-411a-b3e4-93b556bd5e62","element-6066-11e4-a52e-4f735466cecf":"d68c65e8-a923-411a-b3e4-93b556bd5e62"}}]}]}"
12:54:25.749 [Forwarding actions on session 47dcb4f2e91f23e8099fbb6d462139ca to remote] DEBUG org.apache.http.wire - http-outgoing-28 << "HTTP/1.1 200 OK[\r][\n]"
12:54:25.749 [Forwarding actions on session 47dcb4f2e91f23e8099fbb6d462139ca to remote] DEBUG org.apache.http.wire - http-outgoing-28 << "Content-Length:14[\r][\n]"
12:54:25.749 [Forwarding actions on session 47dcb4f2e91f23e8099fbb6d462139ca to remote] DEBUG org.apache.http.wire - http-outgoing-28 << "Content-Type:application/json; charset=utf-8[\r][\n]"
12:54:25.749 [Forwarding actions on session 47dcb4f2e91f23e8099fbb6d462139ca to remote] DEBUG org.apache.http.wire - http-outgoing-28 << "cache-control:no-cache[\r][\n]"
12:54:25.749 [Forwarding actions on session 47dcb4f2e91f23e8099fbb6d462139ca to remote] DEBUG org.apache.http.wire - http-outgoing-28 << "[\r][\n]"
12:54:25.749 [Forwarding actions on session 47dcb4f2e91f23e8099fbb6d462139ca to remote] DEBUG org.apache.http.wire - http-outgoing-28 << "{"value":null}"
12:54:25.749 [Forwarding actions on session 47dcb4f2e91f23e8099fbb6d462139ca to remote] DEBUG org.apache.http.headers - http-outgoing-28 << HTTP/1.1 200 OK
12:54:25.749 [Forwarding actions on session 47dcb4f2e91f23e8099fbb6d462139ca to remote] DEBUG org.apache.http.headers - http-outgoing-28 << Content-Length:14
12:54:25.749 [Forwarding actions on session 47dcb4f2e91f23e8099fbb6d462139ca to remote] DEBUG org.apache.http.headers - http-outgoing-28 << Content-Type:application/json; charset=utf-8
12:54:25.749 [Forwarding actions on session 47dcb4f2e91f23e8099fbb6d462139ca to remote] DEBUG org.apache.http.headers - http-outgoing-28 << cache-control:no-cache
12:54:25.749 [Forwarding actions on session 47dcb4f2e91f23e8099fbb6d462139ca to remote] DEBUG org.apache.http.impl.execchain.MainClientExec - Connection can be kept alive indefinitely
12:54:25.749 [Forwarding actions on session 47dcb4f2e91f23e8099fbb6d462139ca to remote] DEBUG org.apache.http.impl.conn.PoolingHttpClientConnectionManager - Connection [id: 28][route: {}->http://localhost:16622] can be kept alive indefinitely
12:54:25.749 [Forwarding actions on session 47dcb4f2e91f23e8099fbb6d462139ca to remote] DEBUG org.apache.http.impl.conn.PoolingHttpClientConnectionManager - Connection released: [id: 28][route: {}->http://localhost:16622][total kept alive: 11; route allocated: 1 of 2000; total allocated: 11 of 2000]
12:54:25.750 [Forwarding findElement on session 47dcb4f2e91f23e8099fbb6d462139ca to remote] DEBUG org.apache.http.client.protocol.RequestAddCookies - CookieSpec selected: default
12:54:25.750 [Forwarding findElement on session 47dcb4f2e91f23e8099fbb6d462139ca to remote] DEBUG org.apache.http.client.protocol.RequestAuthCache - Auth cache not set in the context
12:54:25.750 [Forwarding findElement on session 47dcb4f2e91f23e8099fbb6d462139ca to remote] DEBUG org.apache.http.impl.conn.PoolingHttpClientConnectionManager - Connection request: [route: {}->http://localhost:16622][total kept alive: 11; route allocated: 1 of 2000; total allocated: 11 of 2000]
12:54:25.750 [Forwarding findElement on session 47dcb4f2e91f23e8099fbb6d462139ca to remote] DEBUG org.apache.http.impl.conn.PoolingHttpClientConnectionManager - Connection leased: [id: 28][route: {}->http://localhost:16622][total kept alive: 10; route allocated: 1 of 2000; total allocated: 11 of 2000]
12:54:25.750 [Forwarding findElement on session 47dcb4f2e91f23e8099fbb6d462139ca to remote] DEBUG org.apache.http.impl.execchain.MainClientExec - Stale connection check
12:54:25.751 [Forwarding findElement on session 47dcb4f2e91f23e8099fbb6d462139ca to remote] DEBUG org.apache.http.wire - http-outgoing-28 << "[read] I/O error: Read timed out"
12:54:25.751 [Forwarding findElement on session 47dcb4f2e91f23e8099fbb6d462139ca to remote] DEBUG org.apache.http.impl.conn.DefaultManagedHttpClientConnection - http-outgoing-28: set socket timeout to 10800000
12:54:25.751 [Forwarding findElement on session 47dcb4f2e91f23e8099fbb6d462139ca to remote] DEBUG org.apache.http.impl.execchain.MainClientExec - Executing request POST /session/47dcb4f2e91f23e8099fbb6d462139ca/element HTTP/1.1
12:54:25.751 [Forwarding findElement on session 47dcb4f2e91f23e8099fbb6d462139ca to remote] DEBUG org.apache.http.impl.execchain.MainClientExec - Target auth state: UNCHALLENGED
12:54:25.751 [Forwarding findElement on session 47dcb4f2e91f23e8099fbb6d462139ca to remote] DEBUG org.apache.http.impl.execchain.MainClientExec - Proxy auth state: UNCHALLENGED
12:54:25.751 [Forwarding findElement on session 47dcb4f2e91f23e8099fbb6d462139ca to remote] DEBUG org.apache.http.headers - http-outgoing-28 >> POST /session/47dcb4f2e91f23e8099fbb6d462139ca/element HTTP/1.1
12:54:25.751 [Forwarding findElement on session 47dcb4f2e91f23e8099fbb6d462139ca to remote] DEBUG org.apache.http.headers - http-outgoing-28 >> Content-Type: application/json; charset=utf-8
12:54:25.751 [Forwarding findElement on session 47dcb4f2e91f23e8099fbb6d462139ca to remote] DEBUG org.apache.http.headers - http-outgoing-28 >> Content-Length: 58
12:54:25.751 [Forwarding findElement on session 47dcb4f2e91f23e8099fbb6d462139ca to remote] DEBUG org.apache.http.headers - http-outgoing-28 >> Host: localhost:16622
12:54:25.751 [Forwarding findElement on session 47dcb4f2e91f23e8099fbb6d462139ca to remote] DEBUG org.apache.http.headers - http-outgoing-28 >> Connection: Keep-Alive
12:54:25.751 [Forwarding findElement on session 47dcb4f2e91f23e8099fbb6d462139ca to remote] DEBUG org.apache.http.headers - http-outgoing-28 >> User-Agent: Apache-HttpClient/4.5.3 (Java/1.8.0_211)
12:54:25.751 [Forwarding findElement on session 47dcb4f2e91f23e8099fbb6d462139ca to remote] DEBUG org.apache.http.headers - http-outgoing-28 >> Accept-Encoding: gzip,deflate
12:54:25.751 [Forwarding findElement on session 47dcb4f2e91f23e8099fbb6d462139ca to remote] DEBUG org.apache.http.wire - http-outgoing-28 >> "POST /session/47dcb4f2e91f23e8099fbb6d462139ca/element HTTP/1.1[\r][\n]"
12:54:25.751 [Forwarding findElement on session 47dcb4f2e91f23e8099fbb6d462139ca to remote] DEBUG org.apache.http.wire - http-outgoing-28 >> "Content-Type: application/json; charset=utf-8[\r][\n]"
12:54:25.751 [Forwarding findElement on session 47dcb4f2e91f23e8099fbb6d462139ca to remote] DEBUG org.apache.http.wire - http-outgoing-28 >> "Content-Length: 58[\r][\n]"
12:54:25.751 [Forwarding findElement on session 47dcb4f2e91f23e8099fbb6d462139ca to remote] DEBUG org.apache.http.wire - http-outgoing-28 >> "Host: localhost:16622[\r][\n]"
12:54:25.751 [Forwarding findElement on session 47dcb4f2e91f23e8099fbb6d462139ca to remote] DEBUG org.apache.http.wire - http-outgoing-28 >> "Connection: Keep-Alive[\r][\n]"
12:54:25.751 [Forwarding findElement on session 47dcb4f2e91f23e8099fbb6d462139ca to remote] DEBUG org.apache.http.wire - http-outgoing-28 >> "User-Agent: Apache-HttpClient/4.5.3 (Java/1.8.0_211)[\r][\n]"
12:54:25.751 [Forwarding findElement on session 47dcb4f2e91f23e8099fbb6d462139ca to remote] DEBUG org.apache.http.wire - http-outgoing-28 >> "Accept-Encoding: gzip,deflate[\r][\n]"
12:54:25.751 [Forwarding findElement on session 47dcb4f2e91f23e8099fbb6d462139ca to remote] DEBUG org.apache.http.wire - http-outgoing-28 >> "[\r][\n]"
12:54:25.751 [Forwarding findElement on session 47dcb4f2e91f23e8099fbb6d462139ca to remote] DEBUG org.apache.http.wire - http-outgoing-28 >> "{"value":".px-2:nth-child(3) span","using":"css selector"}"
12:54:25.757 [Forwarding findElement on session 47dcb4f2e91f23e8099fbb6d462139ca to remote] DEBUG org.apache.http.wire - http-outgoing-28 << "HTTP/1.1 200 OK[\r][\n]"
12:54:25.757 [Forwarding findElement on session 47dcb4f2e91f23e8099fbb6d462139ca to remote] DEBUG org.apache.http.wire - http-outgoing-28 << "Content-Length:88[\r][\n]"
12:54:25.757 [Forwarding findElement on session 47dcb4f2e91f23e8099fbb6d462139ca to remote] DEBUG org.apache.http.wire - http-outgoing-28 << "Content-Type:application/json; charset=utf-8[\r][\n]"
12:54:25.757 [Forwarding findElement on session 47dcb4f2e91f23e8099fbb6d462139ca to remote] DEBUG org.apache.http.wire - http-outgoing-28 << "cache-control:no-cache[\r][\n]"
12:54:25.757 [Forwarding findElement on session 47dcb4f2e91f23e8099fbb6d462139ca to remote] DEBUG org.apache.http.wire - http-outgoing-28 << "[\r][\n]"
12:54:25.757 [Forwarding findElement on session 47dcb4f2e91f23e8099fbb6d462139ca to remote] DEBUG org.apache.http.wire - http-outgoing-28 << "{"value":{"element-6066-11e4-a52e-4f735466cecf":"21dc811c-9f7a-4de8-b9b2-06eec1031231"}}"
12:54:25.757 [Forwarding findElement on session 47dcb4f2e91f23e8099fbb6d462139ca to remote] DEBUG org.apache.http.headers - http-outgoing-28 << HTTP/1.1 200 OK
12:54:25.757 [Forwarding findElement on session 47dcb4f2e91f23e8099fbb6d462139ca to remote] DEBUG org.apache.http.headers - http-outgoing-28 << Content-Length:88
12:54:25.757 [Forwarding findElement on session 47dcb4f2e91f23e8099fbb6d462139ca to remote] DEBUG org.apache.http.headers - http-outgoing-28 << Content-Type:application/json; charset=utf-8
12:54:25.757 [Forwarding findElement on session 47dcb4f2e91f23e8099fbb6d462139ca to remote] DEBUG org.apache.http.headers - http-outgoing-28 << cache-control:no-cache
12:54:25.757 [Forwarding findElement on session 47dcb4f2e91f23e8099fbb6d462139ca to remote] DEBUG org.apache.http.impl.execchain.MainClientExec - Connection can be kept alive indefinitely
12:54:25.757 [Forwarding findElement on session 47dcb4f2e91f23e8099fbb6d462139ca to remote] DEBUG org.apache.http.impl.conn.PoolingHttpClientConnectionManager - Connection [id: 28][route: {}->http://localhost:16622] can be kept alive indefinitely
12:54:25.757 [Forwarding findElement on session 47dcb4f2e91f23e8099fbb6d462139ca to remote] DEBUG org.apache.http.impl.conn.PoolingHttpClientConnectionManager - Connection released: [id: 28][route: {}->http://localhost:16622][total kept alive: 11; route allocated: 1 of 2000; total allocated: 11 of 2000]
12:54:25.757 [Forwarding clickElement on session 47dcb4f2e91f23e8099fbb6d462139ca to remote] DEBUG org.apache.http.client.protocol.RequestAddCookies - CookieSpec selected: default
12:54:25.757 [Forwarding clickElement on session 47dcb4f2e91f23e8099fbb6d462139ca to remote] DEBUG org.apache.http.client.protocol.RequestAuthCache - Auth cache not set in the context
12:54:25.757 [Forwarding clickElement on session 47dcb4f2e91f23e8099fbb6d462139ca to remote] DEBUG org.apache.http.impl.conn.PoolingHttpClientConnectionManager - Connection request: [route: {}->http://localhost:16622][total kept alive: 11; route allocated: 1 of 2000; total allocated: 11 of 2000]
12:54:25.757 [Forwarding clickElement on session 47dcb4f2e91f23e8099fbb6d462139ca to remote] DEBUG org.apache.http.impl.conn.PoolingHttpClientConnectionManager - Connection leased: [id: 28][route: {}->http://localhost:16622][total kept alive: 10; route allocated: 1 of 2000; total allocated: 11 of 2000]
12:54:25.757 [Forwarding clickElement on session 47dcb4f2e91f23e8099fbb6d462139ca to remote] DEBUG org.apache.http.impl.execchain.MainClientExec - Stale connection check
12:54:25.759 [Forwarding clickElement on session 47dcb4f2e91f23e8099fbb6d462139ca to remote] DEBUG org.apache.http.wire - http-outgoing-28 << "[read] I/O error: Read timed out"
12:54:25.759 [Forwarding clickElement on session 47dcb4f2e91f23e8099fbb6d462139ca to remote] DEBUG org.apache.http.impl.conn.DefaultManagedHttpClientConnection - http-outgoing-28: set socket timeout to 10800000
12:54:25.759 [Forwarding clickElement on session 47dcb4f2e91f23e8099fbb6d462139ca to remote] DEBUG org.apache.http.impl.execchain.MainClientExec - Executing request POST /session/47dcb4f2e91f23e8099fbb6d462139ca/element/21dc811c-9f7a-4de8-b9b2-06eec1031231/click HTTP/1.1
12:54:25.759 [Forwarding clickElement on session 47dcb4f2e91f23e8099fbb6d462139ca to remote] DEBUG org.apache.http.impl.execchain.MainClientExec - Target auth state: UNCHALLENGED
12:54:25.759 [Forwarding clickElement on session 47dcb4f2e91f23e8099fbb6d462139ca to remote] DEBUG org.apache.http.impl.execchain.MainClientExec - Proxy auth state: UNCHALLENGED
12:54:25.759 [Forwarding clickElement on session 47dcb4f2e91f23e8099fbb6d462139ca to remote] DEBUG org.apache.http.headers - http-outgoing-28 >> POST /session/47dcb4f2e91f23e8099fbb6d462139ca/element/21dc811c-9f7a-4de8-b9b2-06eec1031231/click HTTP/1.1
12:54:25.759 [Forwarding clickElement on session 47dcb4f2e91f23e8099fbb6d462139ca to remote] DEBUG org.apache.http.headers - http-outgoing-28 >> Content-Type: application/json; charset=utf-8
12:54:25.759 [Forwarding clickElement on session 47dcb4f2e91f23e8099fbb6d462139ca to remote] DEBUG org.apache.http.headers - http-outgoing-28 >> Content-Length: 45
12:54:25.759 [Forwarding clickElement on session 47dcb4f2e91f23e8099fbb6d462139ca to remote] DEBUG org.apache.http.headers - http-outgoing-28 >> Host: localhost:16622
12:54:25.759 [Forwarding clickElement on session 47dcb4f2e91f23e8099fbb6d462139ca to remote] DEBUG org.apache.http.headers - http-outgoing-28 >> Connection: Keep-Alive
12:54:25.759 [Forwarding clickElement on session 47dcb4f2e91f23e8099fbb6d462139ca to remote] DEBUG org.apache.http.headers - http-outgoing-28 >> User-Agent: Apache-HttpClient/4.5.3 (Java/1.8.0_211)
12:54:25.759 [Forwarding clickElement on session 47dcb4f2e91f23e8099fbb6d462139ca to remote] DEBUG org.apache.http.headers - http-outgoing-28 >> Accept-Encoding: gzip,deflate
12:54:25.759 [Forwarding clickElement on session 47dcb4f2e91f23e8099fbb6d462139ca to remote] DEBUG org.apache.http.wire - http-outgoing-28 >> "POST /session/47dcb4f2e91f23e8099fbb6d462139ca/element/21dc811c-9f7a-4de8-b9b2-06eec1031231/click HTTP/1.1[\r][\n]"
12:54:25.759 [Forwarding clickElement on session 47dcb4f2e91f23e8099fbb6d462139ca to remote] DEBUG org.apache.http.wire - http-outgoing-28 >> "Content-Type: application/json; charset=utf-8[\r][\n]"
12:54:25.759 [Forwarding clickElement on session 47dcb4f2e91f23e8099fbb6d462139ca to remote] DEBUG org.apache.http.wire - http-outgoing-28 >> "Content-Length: 45[\r][\n]"
12:54:25.759 [Forwarding clickElement on session 47dcb4f2e91f23e8099fbb6d462139ca to remote] DEBUG org.apache.http.wire - http-outgoing-28 >> "Host: localhost:16622[\r][\n]"
12:54:25.759 [Forwarding clickElement on session 47dcb4f2e91f23e8099fbb6d462139ca to remote] DEBUG org.apache.http.wire - http-outgoing-28 >> "Connection: Keep-Alive[\r][\n]"
12:54:25.759 [Forwarding clickElement on session 47dcb4f2e91f23e8099fbb6d462139ca to remote] DEBUG org.apache.http.wire - http-outgoing-28 >> "User-Agent: Apache-HttpClient/4.5.3 (Java/1.8.0_211)[\r][\n]"
12:54:25.759 [Forwarding clickElement on session 47dcb4f2e91f23e8099fbb6d462139ca to remote] DEBUG org.apache.http.wire - http-outgoing-28 >> "Accept-Encoding: gzip,deflate[\r][\n]"
12:54:25.759 [Forwarding clickElement on session 47dcb4f2e91f23e8099fbb6d462139ca to remote] DEBUG org.apache.http.wire - http-outgoing-28 >> "[\r][\n]"
12:54:25.759 [Forwarding clickElement on session 47dcb4f2e91f23e8099fbb6d462139ca to remote] DEBUG org.apache.http.wire - http-outgoing-28 >> "{"id":"21dc811c-9f7a-4de8-b9b2-06eec1031231"}"
12:54:25.818 [Forwarding clickElement on session 47dcb4f2e91f23e8099fbb6d462139ca to remote] DEBUG org.apache.http.wire - http-outgoing-28 << "HTTP/1.1 200 OK[\r][\n]"
12:54:25.818 [Forwarding clickElement on session 47dcb4f2e91f23e8099fbb6d462139ca to remote] DEBUG org.apache.http.wire - http-outgoing-28 << "Content-Length:14[\r][\n]"
12:54:25.818 [Forwarding clickElement on session 47dcb4f2e91f23e8099fbb6d462139ca to remote] DEBUG org.apache.http.wire - http-outgoing-28 << "Content-Type:application/json; charset=utf-8[\r][\n]"
12:54:25.818 [Forwarding clickElement on session 47dcb4f2e91f23e8099fbb6d462139ca to remote] DEBUG org.apache.http.wire - http-outgoing-28 << "cache-control:no-cache[\r][\n]"
12:54:25.818 [Forwarding clickElement on session 47dcb4f2e91f23e8099fbb6d462139ca to remote] DEBUG org.apache.http.wire - http-outgoing-28 << "[\r][\n]"
12:54:25.818 [Forwarding clickElement on session 47dcb4f2e91f23e8099fbb6d462139ca to remote] DEBUG org.apache.http.wire - http-outgoing-28 << "{"value":null}"
12:54:25.818 [Forwarding clickElement on session 47dcb4f2e91f23e8099fbb6d462139ca to remote] DEBUG org.apache.http.headers - http-outgoing-28 << HTTP/1.1 200 OK
12:54:25.818 [Forwarding clickElement on session 47dcb4f2e91f23e8099fbb6d462139ca to remote] DEBUG org.apache.http.headers - http-outgoing-28 << Content-Length:14
12:54:25.818 [Forwarding clickElement on session 47dcb4f2e91f23e8099fbb6d462139ca to remote] DEBUG org.apache.http.headers - http-outgoing-28 << Content-Type:application/json; charset=utf-8
12:54:25.818 [Forwarding clickElement on session 47dcb4f2e91f23e8099fbb6d462139ca to remote] DEBUG org.apache.http.headers - http-outgoing-28 << cache-control:no-cache
12:54:25.818 [Forwarding clickElement on session 47dcb4f2e91f23e8099fbb6d462139ca to remote] DEBUG org.apache.http.impl.execchain.MainClientExec - Connection can be kept alive indefinitely
12:54:25.818 [Forwarding clickElement on session 47dcb4f2e91f23e8099fbb6d462139ca to remote] DEBUG org.apache.http.impl.conn.PoolingHttpClientConnectionManager - Connection [id: 28][route: {}->http://localhost:16622] can be kept alive indefinitely
12:54:25.818 [Forwarding clickElement on session 47dcb4f2e91f23e8099fbb6d462139ca to remote] DEBUG org.apache.http.impl.conn.PoolingHttpClientConnectionManager - Connection released: [id: 28][route: {}->http://localhost:16622][total kept alive: 11; route allocated: 1 of 2000; total allocated: 11 of 2000]
12:54:25.819 [Forwarding findElement on session 47dcb4f2e91f23e8099fbb6d462139ca to remote] DEBUG org.apache.http.client.protocol.RequestAddCookies - CookieSpec selected: default
12:54:25.819 [Forwarding findElement on session 47dcb4f2e91f23e8099fbb6d462139ca to remote] DEBUG org.apache.http.client.protocol.RequestAuthCache - Auth cache not set in the context
12:54:25.819 [Forwarding findElement on session 47dcb4f2e91f23e8099fbb6d462139ca to remote] DEBUG org.apache.http.impl.conn.PoolingHttpClientConnectionManager - Connection request: [route: {}->http://localhost:16622][total kept alive: 11; route allocated: 1 of 2000; total allocated: 11 of 2000]
12:54:25.819 [Forwarding findElement on session 47dcb4f2e91f23e8099fbb6d462139ca to remote] DEBUG org.apache.http.impl.conn.PoolingHttpClientConnectionManager - Connection leased: [id: 28][route: {}->http://localhost:16622][total kept alive: 10; route allocated: 1 of 2000; total allocated: 11 of 2000]
12:54:25.819 [Forwarding findElement on session 47dcb4f2e91f23e8099fbb6d462139ca to remote] DEBUG org.apache.http.impl.execchain.MainClientExec - Stale connection check
12:54:25.820 [Forwarding findElement on session 47dcb4f2e91f23e8099fbb6d462139ca to remote] DEBUG org.apache.http.wire - http-outgoing-28 << "[read] I/O error: Read timed out"
12:54:25.820 [Forwarding findElement on session 47dcb4f2e91f23e8099fbb6d462139ca to remote] DEBUG org.apache.http.impl.conn.DefaultManagedHttpClientConnection - http-outgoing-28: set socket timeout to 10800000
12:54:25.820 [Forwarding findElement on session 47dcb4f2e91f23e8099fbb6d462139ca to remote] DEBUG org.apache.http.impl.execchain.MainClientExec - Executing request POST /session/47dcb4f2e91f23e8099fbb6d462139ca/element HTTP/1.1
12:54:25.820 [Forwarding findElement on session 47dcb4f2e91f23e8099fbb6d462139ca to remote] DEBUG org.apache.http.impl.execchain.MainClientExec - Target auth state: UNCHALLENGED
12:54:25.820 [Forwarding findElement on session 47dcb4f2e91f23e8099fbb6d462139ca to remote] DEBUG org.apache.http.impl.execchain.MainClientExec - Proxy auth state: UNCHALLENGED
12:54:25.820 [Forwarding findElement on session 47dcb4f2e91f23e8099fbb6d462139ca to remote] DEBUG org.apache.http.headers - http-outgoing-28 >> POST /session/47dcb4f2e91f23e8099fbb6d462139ca/element HTTP/1.1
12:54:25.820 [Forwarding findElement on session 47dcb4f2e91f23e8099fbb6d462139ca to remote] DEBUG org.apache.http.headers - http-outgoing-28 >> Content-Type: application/json; charset=utf-8
12:54:25.820 [Forwarding findElement on session 47dcb4f2e91f23e8099fbb6d462139ca to remote] DEBUG org.apache.http.headers - http-outgoing-28 >> Content-Length: 61
12:54:25.820 [Forwarding findElement on session 47dcb4f2e91f23e8099fbb6d462139ca to remote] DEBUG org.apache.http.headers - http-outgoing-28 >> Host: localhost:16622
12:54:25.820 [Forwarding findElement on session 47dcb4f2e91f23e8099fbb6d462139ca to remote] DEBUG org.apache.http.headers - http-outgoing-28 >> Connection: Keep-Alive
12:54:25.820 [Forwarding findElement on session 47dcb4f2e91f23e8099fbb6d462139ca to remote] DEBUG org.apache.http.headers - http-outgoing-28 >> User-Agent: Apache-HttpClient/4.5.3 (Java/1.8.0_211)
12:54:25.820 [Forwarding findElement on session 47dcb4f2e91f23e8099fbb6d462139ca to remote] DEBUG org.apache.http.headers - http-outgoing-28 >> Accept-Encoding: gzip,deflate
12:54:25.820 [Forwarding findElement on session 47dcb4f2e91f23e8099fbb6d462139ca to remote] DEBUG org.apache.http.wire - http-outgoing-28 >> "POST /session/47dcb4f2e91f23e8099fbb6d462139ca/element HTTP/1.1[\r][\n]"
12:54:25.820 [Forwarding findElement on session 47dcb4f2e91f23e8099fbb6d462139ca to remote] DEBUG org.apache.http.wire - http-outgoing-28 >> "Content-Type: application/json; charset=utf-8[\r][\n]"
12:54:25.820 [Forwarding findElement on session 47dcb4f2e91f23e8099fbb6d462139ca to remote] DEBUG org.apache.http.wire - http-outgoing-28 >> "Content-Length: 61[\r][\n]"
12:54:25.820 [Forwarding findElement on session 47dcb4f2e91f23e8099fbb6d462139ca to remote] DEBUG org.apache.http.wire - http-outgoing-28 >> "Host: localhost:16622[\r][\n]"
12:54:25.820 [Forwarding findElement on session 47dcb4f2e91f23e8099fbb6d462139ca to remote] DEBUG org.apache.http.wire - http-outgoing-28 >> "Connection: Keep-Alive[\r][\n]"
12:54:25.820 [Forwarding findElement on session 47dcb4f2e91f23e8099fbb6d462139ca to remote] DEBUG org.apache.http.wire - http-outgoing-28 >> "User-Agent: Apache-HttpClient/4.5.3 (Java/1.8.0_211)[\r][\n]"
12:54:25.820 [Forwarding findElement on session 47dcb4f2e91f23e8099fbb6d462139ca to remote] DEBUG org.apache.http.wire - http-outgoing-28 >> "Accept-Encoding: gzip,deflate[\r][\n]"
12:54:25.820 [Forwarding findElement on session 47dcb4f2e91f23e8099fbb6d462139ca to remote] DEBUG org.apache.http.wire - http-outgoing-28 >> "[\r][\n]"
12:54:25.820 [Forwarding findElement on session 47dcb4f2e91f23e8099fbb6d462139ca to remote] DEBUG org.apache.http.wire - http-outgoing-28 >> "{"value":".form-control:nth-child(2)","using":"css selector"}"
12:54:25.825 [Forwarding findElement on session 47dcb4f2e91f23e8099fbb6d462139ca to remote] DEBUG org.apache.http.wire - http-outgoing-28 << "HTTP/1.1 200 OK[\r][\n]"
12:54:25.825 [Forwarding findElement on session 47dcb4f2e91f23e8099fbb6d462139ca to remote] DEBUG org.apache.http.wire - http-outgoing-28 << "Content-Length:88[\r][\n]"
12:54:25.825 [Forwarding findElement on session 47dcb4f2e91f23e8099fbb6d462139ca to remote] DEBUG org.apache.http.wire - http-outgoing-28 << "Content-Type:application/json; charset=utf-8[\r][\n]"
12:54:25.825 [Forwarding findElement on session 47dcb4f2e91f23e8099fbb6d462139ca to remote] DEBUG org.apache.http.wire - http-outgoing-28 << "cache-control:no-cache[\r][\n]"
12:54:25.825 [Forwarding findElement on session 47dcb4f2e91f23e8099fbb6d462139ca to remote] DEBUG org.apache.http.wire - http-outgoing-28 << "[\r][\n]"
12:54:25.825 [Forwarding findElement on session 47dcb4f2e91f23e8099fbb6d462139ca to remote] DEBUG org.apache.http.wire - http-outgoing-28 << "{"value":{"element-6066-11e4-a52e-4f735466cecf":"a60653f3-66aa-4747-8850-01b11f8226f2"}}"
12:54:25.825 [Forwarding findElement on session 47dcb4f2e91f23e8099fbb6d462139ca to remote] DEBUG org.apache.http.headers - http-outgoing-28 << HTTP/1.1 200 OK
12:54:25.825 [Forwarding findElement on session 47dcb4f2e91f23e8099fbb6d462139ca to remote] DEBUG org.apache.http.headers - http-outgoing-28 << Content-Length:88
12:54:25.825 [Forwarding findElement on session 47dcb4f2e91f23e8099fbb6d462139ca to remote] DEBUG org.apache.http.headers - http-outgoing-28 << Content-Type:application/json; charset=utf-8
12:54:25.825 [Forwarding findElement on session 47dcb4f2e91f23e8099fbb6d462139ca to remote] DEBUG org.apache.http.headers - http-outgoing-28 << cache-control:no-cache
12:54:25.825 [Forwarding findElement on session 47dcb4f2e91f23e8099fbb6d462139ca to remote] DEBUG org.apache.http.impl.execchain.MainClientExec - Connection can be kept alive indefinitely
12:54:25.826 [Forwarding findElement on session 47dcb4f2e91f23e8099fbb6d462139ca to remote] DEBUG org.apache.http.impl.conn.PoolingHttpClientConnectionManager - Connection [id: 28][route: {}->http://localhost:16622] can be kept alive indefinitely
12:54:25.826 [Forwarding findElement on session 47dcb4f2e91f23e8099fbb6d462139ca to remote] DEBUG org.apache.http.impl.conn.PoolingHttpClientConnectionManager - Connection released: [id: 28][route: {}->http://localhost:16622][total kept alive: 11; route allocated: 1 of 2000; total allocated: 11 of 2000]
12:54:25.826 [Forwarding clickElement on session 47dcb4f2e91f23e8099fbb6d462139ca to remote] DEBUG org.apache.http.client.protocol.RequestAddCookies - CookieSpec selected: default
12:54:25.826 [Forwarding clickElement on session 47dcb4f2e91f23e8099fbb6d462139ca to remote] DEBUG org.apache.http.client.protocol.RequestAuthCache - Auth cache not set in the context
12:54:25.826 [Forwarding clickElement on session 47dcb4f2e91f23e8099fbb6d462139ca to remote] DEBUG org.apache.http.impl.conn.PoolingHttpClientConnectionManager - Connection request: [route: {}->http://localhost:16622][total kept alive: 11; route allocated: 1 of 2000; total allocated: 11 of 2000]
12:54:25.826 [Forwarding clickElement on session 47dcb4f2e91f23e8099fbb6d462139ca to remote] DEBUG org.apache.http.impl.conn.PoolingHttpClientConnectionManager - Connection leased: [id: 28][route: {}->http://localhost:16622][total kept alive: 10; route allocated: 1 of 2000; total allocated: 11 of 2000]
12:54:25.826 [Forwarding clickElement on session 47dcb4f2e91f23e8099fbb6d462139ca to remote] DEBUG org.apache.http.impl.execchain.MainClientExec - Stale connection check
12:54:25.827 [Forwarding clickElement on session 47dcb4f2e91f23e8099fbb6d462139ca to remote] DEBUG org.apache.http.wire - http-outgoing-28 << "[read] I/O error: Read timed out"
12:54:25.827 [Forwarding clickElement on session 47dcb4f2e91f23e8099fbb6d462139ca to remote] DEBUG org.apache.http.impl.conn.DefaultManagedHttpClientConnection - http-outgoing-28: set socket timeout to 10800000
12:54:25.827 [Forwarding clickElement on session 47dcb4f2e91f23e8099fbb6d462139ca to remote] DEBUG org.apache.http.impl.execchain.MainClientExec - Executing request POST /session/47dcb4f2e91f23e8099fbb6d462139ca/element/a60653f3-66aa-4747-8850-01b11f8226f2/click HTTP/1.1
12:54:25.827 [Forwarding clickElement on session 47dcb4f2e91f23e8099fbb6d462139ca to remote] DEBUG org.apache.http.impl.execchain.MainClientExec - Target auth state: UNCHALLENGED
12:54:25.827 [Forwarding clickElement on session 47dcb4f2e91f23e8099fbb6d462139ca to remote] DEBUG org.apache.http.impl.execchain.MainClientExec - Proxy auth state: UNCHALLENGED
12:54:25.827 [Forwarding clickElement on session 47dcb4f2e91f23e8099fbb6d462139ca to remote] DEBUG org.apache.http.headers - http-outgoing-28 >> POST /session/47dcb4f2e91f23e8099fbb6d462139ca/element/a60653f3-66aa-4747-8850-01b11f8226f2/click HTTP/1.1
12:54:25.827 [Forwarding clickElement on session 47dcb4f2e91f23e8099fbb6d462139ca to remote] DEBUG org.apache.http.headers - http-outgoing-28 >> Content-Type: application/json; charset=utf-8
12:54:25.827 [Forwarding clickElement on session 47dcb4f2e91f23e8099fbb6d462139ca to remote] DEBUG org.apache.http.headers - http-outgoing-28 >> Content-Length: 45
12:54:25.827 [Forwarding clickElement on session 47dcb4f2e91f23e8099fbb6d462139ca to remote] DEBUG org.apache.http.headers - http-outgoing-28 >> Host: localhost:16622
12:54:25.827 [Forwarding clickElement on session 47dcb4f2e91f23e8099fbb6d462139ca to remote] DEBUG org.apache.http.headers - http-outgoing-28 >> Connection: Keep-Alive
12:54:25.827 [Forwarding clickElement on session 47dcb4f2e91f23e8099fbb6d462139ca to remote] DEBUG org.apache.http.headers - http-outgoing-28 >> User-Agent: Apache-HttpClient/4.5.3 (Java/1.8.0_211)
12:54:25.827 [Forwarding clickElement on session 47dcb4f2e91f23e8099fbb6d462139ca to remote] DEBUG org.apache.http.headers - http-outgoing-28 >> Accept-Encoding: gzip,deflate
12:54:25.827 [Forwarding clickElement on session 47dcb4f2e91f23e8099fbb6d462139ca to remote] DEBUG org.apache.http.wire - http-outgoing-28 >> "POST /session/47dcb4f2e91f23e8099fbb6d462139ca/element/a60653f3-66aa-4747-8850-01b11f8226f2/click HTTP/1.1[\r][\n]"
12:54:25.827 [Forwarding clickElement on session 47dcb4f2e91f23e8099fbb6d462139ca to remote] DEBUG org.apache.http.wire - http-outgoing-28 >> "Content-Type: application/json; charset=utf-8[\r][\n]"
12:54:25.827 [Forwarding clickElement on session 47dcb4f2e91f23e8099fbb6d462139ca to remote] DEBUG org.apache.http.wire - http-outgoing-28 >> "Content-Length: 45[\r][\n]"
12:54:25.827 [Forwarding clickElement on session 47dcb4f2e91f23e8099fbb6d462139ca to remote] DEBUG org.apache.http.wire - http-outgoing-28 >> "Host: localhost:16622[\r][\n]"
12:54:25.827 [Forwarding clickElement on session 47dcb4f2e91f23e8099fbb6d462139ca to remote] DEBUG org.apache.http.wire - http-outgoing-28 >> "Connection: Keep-Alive[\r][\n]"
12:54:25.827 [Forwarding clickElement on session 47dcb4f2e91f23e8099fbb6d462139ca to remote] DEBUG org.apache.http.wire - http-outgoing-28 >> "User-Agent: Apache-HttpClient/4.5.3 (Java/1.8.0_211)[\r][\n]"
12:54:25.827 [Forwarding clickElement on session 47dcb4f2e91f23e8099fbb6d462139ca to remote] DEBUG org.apache.http.wire - http-outgoing-28 >> "Accept-Encoding: gzip,deflate[\r][\n]"
12:54:25.827 [Forwarding clickElement on session 47dcb4f2e91f23e8099fbb6d462139ca to remote] DEBUG org.apache.http.wire - http-outgoing-28 >> "[\r][\n]"
12:54:25.827 [Forwarding clickElement on session 47dcb4f2e91f23e8099fbb6d462139ca to remote] DEBUG org.apache.http.wire - http-outgoing-28 >> "{"id":"a60653f3-66aa-4747-8850-01b11f8226f2"}"
12:54:25.923 [Forwarding clickElement on session 47dcb4f2e91f23e8099fbb6d462139ca to remote] DEBUG org.apache.http.wire - http-outgoing-28 << "HTTP/1.1 200 OK[\r][\n]"
12:54:25.923 [Forwarding clickElement on session 47dcb4f2e91f23e8099fbb6d462139ca to remote] DEBUG org.apache.http.wire - http-outgoing-28 << "Content-Length:14[\r][\n]"
12:54:25.923 [Forwarding clickElement on session 47dcb4f2e91f23e8099fbb6d462139ca to remote] DEBUG org.apache.http.wire - http-outgoing-28 << "Content-Type:application/json; charset=utf-8[\r][\n]"
12:54:25.923 [Forwarding clickElement on session 47dcb4f2e91f23e8099fbb6d462139ca to remote] DEBUG org.apache.http.wire - http-outgoing-28 << "cache-control:no-cache[\r][\n]"
12:54:25.923 [Forwarding clickElement on session 47dcb4f2e91f23e8099fbb6d462139ca to remote] DEBUG org.apache.http.wire - http-outgoing-28 << "[\r][\n]"
12:54:25.923 [Forwarding clickElement on session 47dcb4f2e91f23e8099fbb6d462139ca to remote] DEBUG org.apache.http.wire - http-outgoing-28 << "{"value":null}"
12:54:25.923 [Forwarding clickElement on session 47dcb4f2e91f23e8099fbb6d462139ca to remote] DEBUG org.apache.http.headers - http-outgoing-28 << HTTP/1.1 200 OK
12:54:25.923 [Forwarding clickElement on session 47dcb4f2e91f23e8099fbb6d462139ca to remote] DEBUG org.apache.http.headers - http-outgoing-28 << Content-Length:14
12:54:25.923 [Forwarding clickElement on session 47dcb4f2e91f23e8099fbb6d462139ca to remote] DEBUG org.apache.http.headers - http-outgoing-28 << Content-Type:application/json; charset=utf-8
12:54:25.923 [Forwarding clickElement on session 47dcb4f2e91f23e8099fbb6d462139ca to remote] DEBUG org.apache.http.headers - http-outgoing-28 << cache-control:no-cache
12:54:25.923 [Forwarding clickElement on session 47dcb4f2e91f23e8099fbb6d462139ca to remote] DEBUG org.apache.http.impl.execchain.MainClientExec - Connection can be kept alive indefinitely
12:54:25.923 [Forwarding clickElement on session 47dcb4f2e91f23e8099fbb6d462139ca to remote] DEBUG org.apache.http.impl.conn.PoolingHttpClientConnectionManager - Connection [id: 28][route: {}->http://localhost:16622] can be kept alive indefinitely
12:54:25.923 [Forwarding clickElement on session 47dcb4f2e91f23e8099fbb6d462139ca to remote] DEBUG org.apache.http.impl.conn.PoolingHttpClientConnectionManager - Connection released: [id: 28][route: {}->http://localhost:16622][total kept alive: 11; route allocated: 1 of 2000; total allocated: 11 of 2000]
12:54:25.924 [Forwarding findElement on session 47dcb4f2e91f23e8099fbb6d462139ca to remote] DEBUG org.apache.http.client.protocol.RequestAddCookies - CookieSpec selected: default
12:54:25.924 [Forwarding findElement on session 47dcb4f2e91f23e8099fbb6d462139ca to remote] DEBUG org.apache.http.client.protocol.RequestAuthCache - Auth cache not set in the context
12:54:25.924 [Forwarding findElement on session 47dcb4f2e91f23e8099fbb6d462139ca to remote] DEBUG org.apache.http.impl.conn.PoolingHttpClientConnectionManager - Connection request: [route: {}->http://localhost:16622][total kept alive: 11; route allocated: 1 of 2000; total allocated: 11 of 2000]
12:54:25.924 [Forwarding findElement on session 47dcb4f2e91f23e8099fbb6d462139ca to remote] DEBUG org.apache.http.impl.conn.PoolingHttpClientConnectionManager - Connection leased: [id: 28][route: {}->http://localhost:16622][total kept alive: 10; route allocated: 1 of 2000; total allocated: 11 of 2000]
12:54:25.924 [Forwarding findElement on session 47dcb4f2e91f23e8099fbb6d462139ca to remote] DEBUG org.apache.http.impl.execchain.MainClientExec - Stale connection check
12:54:25.925 [Forwarding findElement on session 47dcb4f2e91f23e8099fbb6d462139ca to remote] DEBUG org.apache.http.wire - http-outgoing-28 << "[read] I/O error: Read timed out"
12:54:25.925 [Forwarding findElement on session 47dcb4f2e91f23e8099fbb6d462139ca to remote] DEBUG org.apache.http.impl.conn.DefaultManagedHttpClientConnection - http-outgoing-28: set socket timeout to 10800000
12:54:25.925 [Forwarding findElement on session 47dcb4f2e91f23e8099fbb6d462139ca to remote] DEBUG org.apache.http.impl.execchain.MainClientExec - Executing request POST /session/47dcb4f2e91f23e8099fbb6d462139ca/element HTTP/1.1
12:54:25.925 [Forwarding findElement on session 47dcb4f2e91f23e8099fbb6d462139ca to remote] DEBUG org.apache.http.impl.execchain.MainClientExec - Target auth state: UNCHALLENGED
12:54:25.925 [Forwarding findElement on session 47dcb4f2e91f23e8099fbb6d462139ca to remote] DEBUG org.apache.http.impl.execchain.MainClientExec - Proxy auth state: UNCHALLENGED
12:54:25.925 [Forwarding findElement on session 47dcb4f2e91f23e8099fbb6d462139ca to remote] DEBUG org.apache.http.headers - http-outgoing-28 >> POST /session/47dcb4f2e91f23e8099fbb6d462139ca/element HTTP/1.1
12:54:25.925 [Forwarding findElement on session 47dcb4f2e91f23e8099fbb6d462139ca to remote] DEBUG org.apache.http.headers - http-outgoing-28 >> Content-Type: application/json; charset=utf-8
12:54:25.925 [Forwarding findElement on session 47dcb4f2e91f23e8099fbb6d462139ca to remote] DEBUG org.apache.http.headers - http-outgoing-28 >> Content-Length: 61
12:54:25.925 [Forwarding findElement on session 47dcb4f2e91f23e8099fbb6d462139ca to remote] DEBUG org.apache.http.headers - http-outgoing-28 >> Host: localhost:16622
12:54:25.925 [Forwarding findElement on session 47dcb4f2e91f23e8099fbb6d462139ca to remote] DEBUG org.apache.http.headers - http-outgoing-28 >> Connection: Keep-Alive
12:54:25.925 [Forwarding findElement on session 47dcb4f2e91f23e8099fbb6d462139ca to remote] DEBUG org.apache.http.headers - http-outgoing-28 >> User-Agent: Apache-HttpClient/4.5.3 (Java/1.8.0_211)
12:54:25.925 [Forwarding findElement on session 47dcb4f2e91f23e8099fbb6d462139ca to remote] DEBUG org.apache.http.headers - http-outgoing-28 >> Accept-Encoding: gzip,deflate
12:54:25.925 [Forwarding findElement on session 47dcb4f2e91f23e8099fbb6d462139ca to remote] DEBUG org.apache.http.wire - http-outgoing-28 >> "POST /session/47dcb4f2e91f23e8099fbb6d462139ca/element HTTP/1.1[\r][\n]"
12:54:25.925 [Forwarding findElement on session 47dcb4f2e91f23e8099fbb6d462139ca to remote] DEBUG org.apache.http.wire - http-outgoing-28 >> "Content-Type: application/json; charset=utf-8[\r][\n]"
12:54:25.925 [Forwarding findElement on session 47dcb4f2e91f23e8099fbb6d462139ca to remote] DEBUG org.apache.http.wire - http-outgoing-28 >> "Content-Length: 61[\r][\n]"
12:54:25.925 [Forwarding findElement on session 47dcb4f2e91f23e8099fbb6d462139ca to remote] DEBUG org.apache.http.wire - http-outgoing-28 >> "Host: localhost:16622[\r][\n]"
12:54:25.925 [Forwarding findElement on session 47dcb4f2e91f23e8099fbb6d462139ca to remote] DEBUG org.apache.http.wire - http-outgoing-28 >> "Connection: Keep-Alive[\r][\n]"
12:54:25.925 [Forwarding findElement on session 47dcb4f2e91f23e8099fbb6d462139ca to remote] DEBUG org.apache.http.wire - http-outgoing-28 >> "User-Agent: Apache-HttpClient/4.5.3 (Java/1.8.0_211)[\r][\n]"
12:54:25.925 [Forwarding findElement on session 47dcb4f2e91f23e8099fbb6d462139ca to remote] DEBUG org.apache.http.wire - http-outgoing-28 >> "Accept-Encoding: gzip,deflate[\r][\n]"
12:54:25.925 [Forwarding findElement on session 47dcb4f2e91f23e8099fbb6d462139ca to remote] DEBUG org.apache.http.wire - http-outgoing-28 >> "[\r][\n]"
12:54:25.925 [Forwarding findElement on session 47dcb4f2e91f23e8099fbb6d462139ca to remote] DEBUG org.apache.http.wire - http-outgoing-28 >> "{"value":".form-control:nth-child(2)","using":"css selector"}"
12:54:25.931 [Forwarding findElement on session 47dcb4f2e91f23e8099fbb6d462139ca to remote] DEBUG org.apache.http.wire - http-outgoing-28 << "HTTP/1.1 200 OK[\r][\n]"
12:54:25.931 [Forwarding findElement on session 47dcb4f2e91f23e8099fbb6d462139ca to remote] DEBUG org.apache.http.wire - http-outgoing-28 << "Content-Length:88[\r][\n]"
12:54:25.931 [Forwarding findElement on session 47dcb4f2e91f23e8099fbb6d462139ca to remote] DEBUG org.apache.http.wire - http-outgoing-28 << "Content-Type:application/json; charset=utf-8[\r][\n]"
12:54:25.931 [Forwarding findElement on session 47dcb4f2e91f23e8099fbb6d462139ca to remote] DEBUG org.apache.http.wire - http-outgoing-28 << "cache-control:no-cache[\r][\n]"
12:54:25.931 [Forwarding findElement on session 47dcb4f2e91f23e8099fbb6d462139ca to remote] DEBUG org.apache.http.wire - http-outgoing-28 << "[\r][\n]"
12:54:25.931 [Forwarding findElement on session 47dcb4f2e91f23e8099fbb6d462139ca to remote] DEBUG org.apache.http.wire - http-outgoing-28 << "{"value":{"element-6066-11e4-a52e-4f735466cecf":"a60653f3-66aa-4747-8850-01b11f8226f2"}}"
12:54:25.931 [Forwarding findElement on session 47dcb4f2e91f23e8099fbb6d462139ca to remote] DEBUG org.apache.http.headers - http-outgoing-28 << HTTP/1.1 200 OK
12:54:25.931 [Forwarding findElement on session 47dcb4f2e91f23e8099fbb6d462139ca to remote] DEBUG org.apache.http.headers - http-outgoing-28 << Content-Length:88
12:54:25.931 [Forwarding findElement on session 47dcb4f2e91f23e8099fbb6d462139ca to remote] DEBUG org.apache.http.headers - http-outgoing-28 << Content-Type:application/json; charset=utf-8
12:54:25.931 [Forwarding findElement on session 47dcb4f2e91f23e8099fbb6d462139ca to remote] DEBUG org.apache.http.headers - http-outgoing-28 << cache-control:no-cache
12:54:25.931 [Forwarding findElement on session 47dcb4f2e91f23e8099fbb6d462139ca to remote] DEBUG org.apache.http.impl.execchain.MainClientExec - Connection can be kept alive indefinitely
12:54:25.932 [Forwarding findElement on session 47dcb4f2e91f23e8099fbb6d462139ca to remote] DEBUG org.apache.http.impl.conn.PoolingHttpClientConnectionManager - Connection [id: 28][route: {}->http://localhost:16622] can be kept alive indefinitely
12:54:25.932 [Forwarding findElement on session 47dcb4f2e91f23e8099fbb6d462139ca to remote] DEBUG org.apache.http.impl.conn.PoolingHttpClientConnectionManager - Connection released: [id: 28][route: {}->http://localhost:16622][total kept alive: 11; route allocated: 1 of 2000; total allocated: 11 of 2000]
12:54:25.932 [Forwarding sendKeysToElement on session 47dcb4f2e91f23e8099fbb6d462139ca to remote] DEBUG org.apache.http.client.protocol.RequestAddCookies - CookieSpec selected: default
12:54:25.932 [Forwarding sendKeysToElement on session 47dcb4f2e91f23e8099fbb6d462139ca to remote] DEBUG org.apache.http.client.protocol.RequestAuthCache - Auth cache not set in the context
12:54:25.932 [Forwarding sendKeysToElement on session 47dcb4f2e91f23e8099fbb6d462139ca to remote] DEBUG org.apache.http.impl.conn.PoolingHttpClientConnectionManager - Connection request: [route: {}->http://localhost:16622][total kept alive: 11; route allocated: 1 of 2000; total allocated: 11 of 2000]
12:54:25.932 [Forwarding sendKeysToElement on session 47dcb4f2e91f23e8099fbb6d462139ca to remote] DEBUG org.apache.http.impl.conn.PoolingHttpClientConnectionManager - Connection leased: [id: 28][route: {}->http://localhost:16622][total kept alive: 10; route allocated: 1 of 2000; total allocated: 11 of 2000]
12:54:25.932 [Forwarding sendKeysToElement on session 47dcb4f2e91f23e8099fbb6d462139ca to remote] DEBUG org.apache.http.impl.execchain.MainClientExec - Stale connection check
12:54:25.933 [Forwarding sendKeysToElement on session 47dcb4f2e91f23e8099fbb6d462139ca to remote] DEBUG org.apache.http.wire - http-outgoing-28 << "[read] I/O error: Read timed out"
12:54:25.934 [Forwarding sendKeysToElement on session 47dcb4f2e91f23e8099fbb6d462139ca to remote] DEBUG org.apache.http.impl.conn.DefaultManagedHttpClientConnection - http-outgoing-28: set socket timeout to 10800000
12:54:25.934 [Forwarding sendKeysToElement on session 47dcb4f2e91f23e8099fbb6d462139ca to remote] DEBUG org.apache.http.impl.execchain.MainClientExec - Executing request POST /session/47dcb4f2e91f23e8099fbb6d462139ca/element/a60653f3-66aa-4747-8850-01b11f8226f2/value HTTP/1.1
12:54:25.934 [Forwarding sendKeysToElement on session 47dcb4f2e91f23e8099fbb6d462139ca to remote] DEBUG org.apache.http.impl.execchain.MainClientExec - Target auth state: UNCHALLENGED
12:54:25.934 [Forwarding sendKeysToElement on session 47dcb4f2e91f23e8099fbb6d462139ca to remote] DEBUG org.apache.http.impl.execchain.MainClientExec - Proxy auth state: UNCHALLENGED
12:54:25.934 [Forwarding sendKeysToElement on session 47dcb4f2e91f23e8099fbb6d462139ca to remote] DEBUG org.apache.http.headers - http-outgoing-28 >> POST /session/47dcb4f2e91f23e8099fbb6d462139ca/element/a60653f3-66aa-4747-8850-01b11f8226f2/value HTTP/1.1
12:54:25.934 [Forwarding sendKeysToElement on session 47dcb4f2e91f23e8099fbb6d462139ca to remote] DEBUG org.apache.http.headers - http-outgoing-28 >> Content-Type: application/json; charset=utf-8
12:54:25.934 [Forwarding sendKeysToElement on session 47dcb4f2e91f23e8099fbb6d462139ca to remote] DEBUG org.apache.http.headers - http-outgoing-28 >> Content-Length: 385
12:54:25.934 [Forwarding sendKeysToElement on session 47dcb4f2e91f23e8099fbb6d462139ca to remote] DEBUG org.apache.http.headers - http-outgoing-28 >> Host: localhost:16622
12:54:25.934 [Forwarding sendKeysToElement on session 47dcb4f2e91f23e8099fbb6d462139ca to remote] DEBUG org.apache.http.headers - http-outgoing-28 >> Connection: Keep-Alive
12:54:25.934 [Forwarding sendKeysToElement on session 47dcb4f2e91f23e8099fbb6d462139ca to remote] DEBUG org.apache.http.headers - http-outgoing-28 >> User-Agent: Apache-HttpClient/4.5.3 (Java/1.8.0_211)
12:54:25.934 [Forwarding sendKeysToElement on session 47dcb4f2e91f23e8099fbb6d462139ca to remote] DEBUG org.apache.http.headers - http-outgoing-28 >> Accept-Encoding: gzip,deflate
12:54:25.934 [Forwarding sendKeysToElement on session 47dcb4f2e91f23e8099fbb6d462139ca to remote] DEBUG org.apache.http.wire - http-outgoing-28 >> "POST /session/47dcb4f2e91f23e8099fbb6d462139ca/element/a60653f3-66aa-4747-8850-01b11f8226f2/value HTTP/1.1[\r][\n]"
12:54:25.934 [Forwarding sendKeysToElement on session 47dcb4f2e91f23e8099fbb6d462139ca to remote] DEBUG org.apache.http.wire - http-outgoing-28 >> "Content-Type: application/json; charset=utf-8[\r][\n]"
12:54:25.934 [Forwarding sendKeysToElement on session 47dcb4f2e91f23e8099fbb6d462139ca to remote] DEBUG org.apache.http.wire - http-outgoing-28 >> "Content-Length: 385[\r][\n]"
12:54:25.934 [Forwarding sendKeysToElement on session 47dcb4f2e91f23e8099fbb6d462139ca to remote] DEBUG org.apache.http.wire - http-outgoing-28 >> "Host: localhost:16622[\r][\n]"
12:54:25.934 [Forwarding sendKeysToElement on session 47dcb4f2e91f23e8099fbb6d462139ca to remote] DEBUG org.apache.http.wire - http-outgoing-28 >> "Connection: Keep-Alive[\r][\n]"
12:54:25.934 [Forwarding sendKeysToElement on session 47dcb4f2e91f23e8099fbb6d462139ca to remote] DEBUG org.apache.http.wire - http-outgoing-28 >> "User-Agent: Apache-HttpClient/4.5.3 (Java/1.8.0_211)[\r][\n]"
12:54:25.934 [Forwarding sendKeysToElement on session 47dcb4f2e91f23e8099fbb6d462139ca to remote] DEBUG org.apache.http.wire - http-outgoing-28 >> "Accept-Encoding: gzip,deflate[\r][\n]"
12:54:25.934 [Forwarding sendKeysToElement on session 47dcb4f2e91f23e8099fbb6d462139ca to remote] DEBUG org.apache.http.wire - http-outgoing-28 >> "[\r][\n]"
12:54:25.934 [Forwarding sendKeysToElement on session 47dcb4f2e91f23e8099fbb6d462139ca to remote] DEBUG org.apache.http.wire - http-outgoing-28 >> "{"id":"a60653f3-66aa-4747-8850-01b11f8226f2","text":"de164ddc64b1783c3ebced73b32c479b3daa203cf323bd738a9ecfc4674d6017","value":["d","e","1","6","4","d","d","c","6","4","b","1","7","8","3","c","3","e","b","c","e","d","7","3","b","3","2","c","4","7","9","b","3","d","a","a","2","0","3","c","f","3","2","3","b","d","7","3","8","a","9","e","c","f","c","4","6","7","4","d","6","0","1","7"]}"
12:54:26.438 [Forwarding sendKeysToElement on session 47dcb4f2e91f23e8099fbb6d462139ca to remote] DEBUG org.apache.http.wire - http-outgoing-28 << "HTTP/1.1 200 OK[\r][\n]"
12:54:26.438 [Forwarding sendKeysToElement on session 47dcb4f2e91f23e8099fbb6d462139ca to remote] DEBUG org.apache.http.wire - http-outgoing-28 << "Content-Length:14[\r][\n]"
12:54:26.438 [Forwarding sendKeysToElement on session 47dcb4f2e91f23e8099fbb6d462139ca to remote] DEBUG org.apache.http.wire - http-outgoing-28 << "Content-Type:application/json; charset=utf-8[\r][\n]"
12:54:26.438 [Forwarding sendKeysToElement on session 47dcb4f2e91f23e8099fbb6d462139ca to remote] DEBUG org.apache.http.wire - http-outgoing-28 << "cache-control:no-cache[\r][\n]"
12:54:26.438 [Forwarding sendKeysToElement on session 47dcb4f2e91f23e8099fbb6d462139ca to remote] DEBUG org.apache.http.wire - http-outgoing-28 << "[\r][\n]"
12:54:26.438 [Forwarding sendKeysToElement on session 47dcb4f2e91f23e8099fbb6d462139ca to remote] DEBUG org.apache.http.wire - http-outgoing-28 << "{"value":null}"
12:54:26.438 [Forwarding sendKeysToElement on session 47dcb4f2e91f23e8099fbb6d462139ca to remote] DEBUG org.apache.http.headers - http-outgoing-28 << HTTP/1.1 200 OK
12:54:26.438 [Forwarding sendKeysToElement on session 47dcb4f2e91f23e8099fbb6d462139ca to remote] DEBUG org.apache.http.headers - http-outgoing-28 << Content-Length:14
12:54:26.438 [Forwarding sendKeysToElement on session 47dcb4f2e91f23e8099fbb6d462139ca to remote] DEBUG org.apache.http.headers - http-outgoing-28 << Content-Type:application/json; charset=utf-8
12:54:26.438 [Forwarding sendKeysToElement on session 47dcb4f2e91f23e8099fbb6d462139ca to remote] DEBUG org.apache.http.headers - http-outgoing-28 << cache-control:no-cache
12:54:26.438 [Forwarding sendKeysToElement on session 47dcb4f2e91f23e8099fbb6d462139ca to remote] DEBUG org.apache.http.impl.execchain.MainClientExec - Connection can be kept alive indefinitely
12:54:26.438 [Forwarding sendKeysToElement on session 47dcb4f2e91f23e8099fbb6d462139ca to remote] DEBUG org.apache.http.impl.conn.PoolingHttpClientConnectionManager - Connection [id: 28][route: {}->http://localhost:16622] can be kept alive indefinitely
12:54:26.438 [Forwarding sendKeysToElement on session 47dcb4f2e91f23e8099fbb6d462139ca to remote] DEBUG org.apache.http.impl.conn.PoolingHttpClientConnectionManager - Connection released: [id: 28][route: {}->http://localhost:16622][total kept alive: 11; route allocated: 1 of 2000; total allocated: 11 of 2000]
12:54:26.438 [Forwarding findElement on session 47dcb4f2e91f23e8099fbb6d462139ca to remote] DEBUG org.apache.http.client.protocol.RequestAddCookies - CookieSpec selected: default
12:54:26.438 [Forwarding findElement on session 47dcb4f2e91f23e8099fbb6d462139ca to remote] DEBUG org.apache.http.client.protocol.RequestAuthCache - Auth cache not set in the context
12:54:26.438 [Forwarding findElement on session 47dcb4f2e91f23e8099fbb6d462139ca to remote] DEBUG org.apache.http.impl.conn.PoolingHttpClientConnectionManager - Connection request: [route: {}->http://localhost:16622][total kept alive: 11; route allocated: 1 of 2000; total allocated: 11 of 2000]
12:54:26.438 [Forwarding findElement on session 47dcb4f2e91f23e8099fbb6d462139ca to remote] DEBUG org.apache.http.impl.conn.PoolingHttpClientConnectionManager - Connection leased: [id: 28][route: {}->http://localhost:16622][total kept alive: 10; route allocated: 1 of 2000; total allocated: 11 of 2000]
12:54:26.438 [Forwarding findElement on session 47dcb4f2e91f23e8099fbb6d462139ca to remote] DEBUG org.apache.http.impl.execchain.MainClientExec - Stale connection check
12:54:26.439 [Forwarding findElement on session 47dcb4f2e91f23e8099fbb6d462139ca to remote] DEBUG org.apache.http.wire - http-outgoing-28 << "[read] I/O error: Read timed out"
12:54:26.440 [Forwarding findElement on session 47dcb4f2e91f23e8099fbb6d462139ca to remote] DEBUG org.apache.http.impl.conn.DefaultManagedHttpClientConnection - http-outgoing-28: set socket timeout to 10800000
12:54:26.440 [Forwarding findElement on session 47dcb4f2e91f23e8099fbb6d462139ca to remote] DEBUG org.apache.http.impl.execchain.MainClientExec - Executing request POST /session/47dcb4f2e91f23e8099fbb6d462139ca/element HTTP/1.1
12:54:26.440 [Forwarding findElement on session 47dcb4f2e91f23e8099fbb6d462139ca to remote] DEBUG org.apache.http.impl.execchain.MainClientExec - Target auth state: UNCHALLENGED
12:54:26.440 [Forwarding findElement on session 47dcb4f2e91f23e8099fbb6d462139ca to remote] DEBUG org.apache.http.impl.execchain.MainClientExec - Proxy auth state: UNCHALLENGED
12:54:26.440 [Forwarding findElement on session 47dcb4f2e91f23e8099fbb6d462139ca to remote] DEBUG org.apache.http.headers - http-outgoing-28 >> POST /session/47dcb4f2e91f23e8099fbb6d462139ca/element HTTP/1.1
12:54:26.440 [Forwarding findElement on session 47dcb4f2e91f23e8099fbb6d462139ca to remote] DEBUG org.apache.http.headers - http-outgoing-28 >> Content-Type: application/json; charset=utf-8
12:54:26.440 [Forwarding findElement on session 47dcb4f2e91f23e8099fbb6d462139ca to remote] DEBUG org.apache.http.headers - http-outgoing-28 >> Content-Length: 59
12:54:26.440 [Forwarding findElement on session 47dcb4f2e91f23e8099fbb6d462139ca to remote] DEBUG org.apache.http.headers - http-outgoing-28 >> Host: localhost:16622
12:54:26.440 [Forwarding findElement on session 47dcb4f2e91f23e8099fbb6d462139ca to remote] DEBUG org.apache.http.headers - http-outgoing-28 >> Connection: Keep-Alive
12:54:26.440 [Forwarding findElement on session 47dcb4f2e91f23e8099fbb6d462139ca to remote] DEBUG org.apache.http.headers - http-outgoing-28 >> User-Agent: Apache-HttpClient/4.5.3 (Java/1.8.0_211)
12:54:26.440 [Forwarding findElement on session 47dcb4f2e91f23e8099fbb6d462139ca to remote] DEBUG org.apache.http.headers - http-outgoing-28 >> Accept-Encoding: gzip,deflate
12:54:26.440 [Forwarding findElement on session 47dcb4f2e91f23e8099fbb6d462139ca to remote] DEBUG org.apache.http.wire - http-outgoing-28 >> "POST /session/47dcb4f2e91f23e8099fbb6d462139ca/element HTTP/1.1[\r][\n]"
12:54:26.440 [Forwarding findElement on session 47dcb4f2e91f23e8099fbb6d462139ca to remote] DEBUG org.apache.http.wire - http-outgoing-28 >> "Content-Type: application/json; charset=utf-8[\r][\n]"
12:54:26.440 [Forwarding findElement on session 47dcb4f2e91f23e8099fbb6d462139ca to remote] DEBUG org.apache.http.wire - http-outgoing-28 >> "Content-Length: 59[\r][\n]"
12:54:26.440 [Forwarding findElement on session 47dcb4f2e91f23e8099fbb6d462139ca to remote] DEBUG org.apache.http.wire - http-outgoing-28 >> "Host: localhost:16622[\r][\n]"
12:54:26.440 [Forwarding findElement on session 47dcb4f2e91f23e8099fbb6d462139ca to remote] DEBUG org.apache.http.wire - http-outgoing-28 >> "Connection: Keep-Alive[\r][\n]"
12:54:26.440 [Forwarding findElement on session 47dcb4f2e91f23e8099fbb6d462139ca to remote] DEBUG org.apache.http.wire - http-outgoing-28 >> "User-Agent: Apache-HttpClient/4.5.3 (Java/1.8.0_211)[\r][\n]"
12:54:26.440 [Forwarding findElement on session 47dcb4f2e91f23e8099fbb6d462139ca to remote] DEBUG org.apache.http.wire - http-outgoing-28 >> "Accept-Encoding: gzip,deflate[\r][\n]"
12:54:26.440 [Forwarding findElement on session 47dcb4f2e91f23e8099fbb6d462139ca to remote] DEBUG org.apache.http.wire - http-outgoing-28 >> "[\r][\n]"
12:54:26.440 [Forwarding findElement on session 47dcb4f2e91f23e8099fbb6d462139ca to remote] DEBUG org.apache.http.wire - http-outgoing-28 >> "{"value":".btn-danger:nth-child(3)","using":"css selector"}"
12:54:26.449 [Forwarding findElement on session 47dcb4f2e91f23e8099fbb6d462139ca to remote] DEBUG org.apache.http.wire - http-outgoing-28 << "HTTP/1.1 200 OK[\r][\n]"
12:54:26.449 [Forwarding findElement on session 47dcb4f2e91f23e8099fbb6d462139ca to remote] DEBUG org.apache.http.wire - http-outgoing-28 << "Content-Length:88[\r][\n]"
12:54:26.449 [Forwarding findElement on session 47dcb4f2e91f23e8099fbb6d462139ca to remote] DEBUG org.apache.http.wire - http-outgoing-28 << "Content-Type:application/json; charset=utf-8[\r][\n]"
12:54:26.449 [Forwarding findElement on session 47dcb4f2e91f23e8099fbb6d462139ca to remote] DEBUG org.apache.http.wire - http-outgoing-28 << "cache-control:no-cache[\r][\n]"
12:54:26.449 [Forwarding findElement on session 47dcb4f2e91f23e8099fbb6d462139ca to remote] DEBUG org.apache.http.wire - http-outgoing-28 << "[\r][\n]"
12:54:26.449 [Forwarding findElement on session 47dcb4f2e91f23e8099fbb6d462139ca to remote] DEBUG org.apache.http.wire - http-outgoing-28 << "{"value":{"element-6066-11e4-a52e-4f735466cecf":"1cd373c2-474e-472c-b967-a574c7f74356"}}"
12:54:26.449 [Forwarding findElement on session 47dcb4f2e91f23e8099fbb6d462139ca to remote] DEBUG org.apache.http.headers - http-outgoing-28 << HTTP/1.1 200 OK
12:54:26.449 [Forwarding findElement on session 47dcb4f2e91f23e8099fbb6d462139ca to remote] DEBUG org.apache.http.headers - http-outgoing-28 << Content-Length:88
12:54:26.449 [Forwarding findElement on session 47dcb4f2e91f23e8099fbb6d462139ca to remote] DEBUG org.apache.http.headers - http-outgoing-28 << Content-Type:application/json; charset=utf-8
12:54:26.449 [Forwarding findElement on session 47dcb4f2e91f23e8099fbb6d462139ca to remote] DEBUG org.apache.http.headers - http-outgoing-28 << cache-control:no-cache
12:54:26.449 [Forwarding findElement on session 47dcb4f2e91f23e8099fbb6d462139ca to remote] DEBUG org.apache.http.impl.execchain.MainClientExec - Connection can be kept alive indefinitely
12:54:26.449 [Forwarding findElement on session 47dcb4f2e91f23e8099fbb6d462139ca to remote] DEBUG org.apache.http.impl.conn.PoolingHttpClientConnectionManager - Connection [id: 28][route: {}->http://localhost:16622] can be kept alive indefinitely
12:54:26.449 [Forwarding findElement on session 47dcb4f2e91f23e8099fbb6d462139ca to remote] DEBUG org.apache.http.impl.conn.PoolingHttpClientConnectionManager - Connection released: [id: 28][route: {}->http://localhost:16622][total kept alive: 11; route allocated: 1 of 2000; total allocated: 11 of 2000]
12:54:26.449 [Forwarding clickElement on session 47dcb4f2e91f23e8099fbb6d462139ca to remote] DEBUG org.apache.http.client.protocol.RequestAddCookies - CookieSpec selected: default
12:54:26.449 [Forwarding clickElement on session 47dcb4f2e91f23e8099fbb6d462139ca to remote] DEBUG org.apache.http.client.protocol.RequestAuthCache - Auth cache not set in the context
12:54:26.449 [Forwarding clickElement on session 47dcb4f2e91f23e8099fbb6d462139ca to remote] DEBUG org.apache.http.impl.conn.PoolingHttpClientConnectionManager - Connection request: [route: {}->http://localhost:16622][total kept alive: 11; route allocated: 1 of 2000; total allocated: 11 of 2000]
12:54:26.449 [Forwarding clickElement on session 47dcb4f2e91f23e8099fbb6d462139ca to remote] DEBUG org.apache.http.impl.conn.PoolingHttpClientConnectionManager - Connection leased: [id: 28][route: {}->http://localhost:16622][total kept alive: 10; route allocated: 1 of 2000; total allocated: 11 of 2000]
12:54:26.449 [Forwarding clickElement on session 47dcb4f2e91f23e8099fbb6d462139ca to remote] DEBUG org.apache.http.impl.execchain.MainClientExec - Stale connection check
12:54:26.451 [Forwarding clickElement on session 47dcb4f2e91f23e8099fbb6d462139ca to remote] DEBUG org.apache.http.wire - http-outgoing-28 << "[read] I/O error: Read timed out"
12:54:26.451 [Forwarding clickElement on session 47dcb4f2e91f23e8099fbb6d462139ca to remote] DEBUG org.apache.http.impl.conn.DefaultManagedHttpClientConnection - http-outgoing-28: set socket timeout to 10800000
12:54:26.451 [Forwarding clickElement on session 47dcb4f2e91f23e8099fbb6d462139ca to remote] DEBUG org.apache.http.impl.execchain.MainClientExec - Executing request POST /session/47dcb4f2e91f23e8099fbb6d462139ca/element/1cd373c2-474e-472c-b967-a574c7f74356/click HTTP/1.1
12:54:26.451 [Forwarding clickElement on session 47dcb4f2e91f23e8099fbb6d462139ca to remote] DEBUG org.apache.http.impl.execchain.MainClientExec - Target auth state: UNCHALLENGED
12:54:26.451 [Forwarding clickElement on session 47dcb4f2e91f23e8099fbb6d462139ca to remote] DEBUG org.apache.http.impl.execchain.MainClientExec - Proxy auth state: UNCHALLENGED
12:54:26.451 [Forwarding clickElement on session 47dcb4f2e91f23e8099fbb6d462139ca to remote] DEBUG org.apache.http.headers - http-outgoing-28 >> POST /session/47dcb4f2e91f23e8099fbb6d462139ca/element/1cd373c2-474e-472c-b967-a574c7f74356/click HTTP/1.1
12:54:26.451 [Forwarding clickElement on session 47dcb4f2e91f23e8099fbb6d462139ca to remote] DEBUG org.apache.http.headers - http-outgoing-28 >> Content-Type: application/json; charset=utf-8
12:54:26.451 [Forwarding clickElement on session 47dcb4f2e91f23e8099fbb6d462139ca to remote] DEBUG org.apache.http.headers - http-outgoing-28 >> Content-Length: 45
12:54:26.451 [Forwarding clickElement on session 47dcb4f2e91f23e8099fbb6d462139ca to remote] DEBUG org.apache.http.headers - http-outgoing-28 >> Host: localhost:16622
12:54:26.451 [Forwarding clickElement on session 47dcb4f2e91f23e8099fbb6d462139ca to remote] DEBUG org.apache.http.headers - http-outgoing-28 >> Connection: Keep-Alive
12:54:26.451 [Forwarding clickElement on session 47dcb4f2e91f23e8099fbb6d462139ca to remote] DEBUG org.apache.http.headers - http-outgoing-28 >> User-Agent: Apache-HttpClient/4.5.3 (Java/1.8.0_211)
12:54:26.451 [Forwarding clickElement on session 47dcb4f2e91f23e8099fbb6d462139ca to remote] DEBUG org.apache.http.headers - http-outgoing-28 >> Accept-Encoding: gzip,deflate
12:54:26.451 [Forwarding clickElement on session 47dcb4f2e91f23e8099fbb6d462139ca to remote] DEBUG org.apache.http.wire - http-outgoing-28 >> "POST /session/47dcb4f2e91f23e8099fbb6d462139ca/element/1cd373c2-474e-472c-b967-a574c7f74356/click HTTP/1.1[\r][\n]"
12:54:26.451 [Forwarding clickElement on session 47dcb4f2e91f23e8099fbb6d462139ca to remote] DEBUG org.apache.http.wire - http-outgoing-28 >> "Content-Type: application/json; charset=utf-8[\r][\n]"
12:54:26.451 [Forwarding clickElement on session 47dcb4f2e91f23e8099fbb6d462139ca to remote] DEBUG org.apache.http.wire - http-outgoing-28 >> "Content-Length: 45[\r][\n]"
12:54:26.451 [Forwarding clickElement on session 47dcb4f2e91f23e8099fbb6d462139ca to remote] DEBUG org.apache.http.wire - http-outgoing-28 >> "Host: localhost:16622[\r][\n]"
12:54:26.451 [Forwarding clickElement on session 47dcb4f2e91f23e8099fbb6d462139ca to remote] DEBUG org.apache.http.wire - http-outgoing-28 >> "Connection: Keep-Alive[\r][\n]"
12:54:26.451 [Forwarding clickElement on session 47dcb4f2e91f23e8099fbb6d462139ca to remote] DEBUG org.apache.http.wire - http-outgoing-28 >> "User-Agent: Apache-HttpClient/4.5.3 (Java/1.8.0_211)[\r][\n]"
12:54:26.451 [Forwarding clickElement on session 47dcb4f2e91f23e8099fbb6d462139ca to remote] DEBUG org.apache.http.wire - http-outgoing-28 >> "Accept-Encoding: gzip,deflate[\r][\n]"
12:54:26.451 [Forwarding clickElement on session 47dcb4f2e91f23e8099fbb6d462139ca to remote] DEBUG org.apache.http.wire - http-outgoing-28 >> "[\r][\n]"
12:54:26.451 [Forwarding clickElement on session 47dcb4f2e91f23e8099fbb6d462139ca to remote] DEBUG org.apache.http.wire - http-outgoing-28 >> "{"id":"1cd373c2-474e-472c-b967-a574c7f74356"}"
12:54:26.590 [Forwarding clickElement on session 47dcb4f2e91f23e8099fbb6d462139ca to remote] DEBUG org.apache.http.wire - http-outgoing-28 << "HTTP/1.1 200 OK[\r][\n]"
12:54:26.590 [Forwarding clickElement on session 47dcb4f2e91f23e8099fbb6d462139ca to remote] DEBUG org.apache.http.wire - http-outgoing-28 << "Content-Length:14[\r][\n]"
12:54:26.590 [Forwarding clickElement on session 47dcb4f2e91f23e8099fbb6d462139ca to remote] DEBUG org.apache.http.wire - http-outgoing-28 << "Content-Type:application/json; charset=utf-8[\r][\n]"
12:54:26.590 [Forwarding clickElement on session 47dcb4f2e91f23e8099fbb6d462139ca to remote] DEBUG org.apache.http.wire - http-outgoing-28 << "cache-control:no-cache[\r][\n]"
12:54:26.590 [Forwarding clickElement on session 47dcb4f2e91f23e8099fbb6d462139ca to remote] DEBUG org.apache.http.wire - http-outgoing-28 << "[\r][\n]"
12:54:26.590 [Forwarding clickElement on session 47dcb4f2e91f23e8099fbb6d462139ca to remote] DEBUG org.apache.http.wire - http-outgoing-28 << "{"value":null}"
12:54:26.591 [Forwarding clickElement on session 47dcb4f2e91f23e8099fbb6d462139ca to remote] DEBUG org.apache.http.headers - http-outgoing-28 << HTTP/1.1 200 OK
12:54:26.591 [Forwarding clickElement on session 47dcb4f2e91f23e8099fbb6d462139ca to remote] DEBUG org.apache.http.headers - http-outgoing-28 << Content-Length:14
12:54:26.591 [Forwarding clickElement on session 47dcb4f2e91f23e8099fbb6d462139ca to remote] DEBUG org.apache.http.headers - http-outgoing-28 << Content-Type:application/json; charset=utf-8
12:54:26.591 [Forwarding clickElement on session 47dcb4f2e91f23e8099fbb6d462139ca to remote] DEBUG org.apache.http.headers - http-outgoing-28 << cache-control:no-cache
12:54:26.591 [Forwarding clickElement on session 47dcb4f2e91f23e8099fbb6d462139ca to remote] DEBUG org.apache.http.impl.execchain.MainClientExec - Connection can be kept alive indefinitely
12:54:26.591 [Forwarding clickElement on session 47dcb4f2e91f23e8099fbb6d462139ca to remote] DEBUG org.apache.http.impl.conn.PoolingHttpClientConnectionManager - Connection [id: 28][route: {}->http://localhost:16622] can be kept alive indefinitely
12:54:26.591 [Forwarding clickElement on session 47dcb4f2e91f23e8099fbb6d462139ca to remote] DEBUG org.apache.http.impl.conn.PoolingHttpClientConnectionManager - Connection released: [id: 28][route: {}->http://localhost:16622][total kept alive: 11; route allocated: 1 of 2000; total allocated: 11 of 2000]
12:54:26.794 [Forwarding findElement on session 47dcb4f2e91f23e8099fbb6d462139ca to remote] DEBUG org.apache.http.client.protocol.RequestAddCookies - CookieSpec selected: default
12:54:26.794 [Forwarding findElement on session 47dcb4f2e91f23e8099fbb6d462139ca to remote] DEBUG org.apache.http.client.protocol.RequestAuthCache - Auth cache not set in the context
12:54:26.794 [Forwarding findElement on session 47dcb4f2e91f23e8099fbb6d462139ca to remote] DEBUG org.apache.http.impl.conn.PoolingHttpClientConnectionManager - Connection request: [route: {}->http://localhost:16622][total kept alive: 11; route allocated: 1 of 2000; total allocated: 11 of 2000]
12:54:26.794 [Forwarding findElement on session 47dcb4f2e91f23e8099fbb6d462139ca to remote] DEBUG org.apache.http.impl.conn.PoolingHttpClientConnectionManager - Connection leased: [id: 28][route: {}->http://localhost:16622][total kept alive: 10; route allocated: 1 of 2000; total allocated: 11 of 2000]
12:54:26.794 [Forwarding findElement on session 47dcb4f2e91f23e8099fbb6d462139ca to remote] DEBUG org.apache.http.impl.execchain.MainClientExec - Stale connection check
12:54:26.795 [Forwarding findElement on session 47dcb4f2e91f23e8099fbb6d462139ca to remote] DEBUG org.apache.http.wire - http-outgoing-28 << "[read] I/O error: Read timed out"
12:54:26.796 [Forwarding findElement on session 47dcb4f2e91f23e8099fbb6d462139ca to remote] DEBUG org.apache.http.impl.conn.DefaultManagedHttpClientConnection - http-outgoing-28: set socket timeout to 10800000
12:54:26.796 [Forwarding findElement on session 47dcb4f2e91f23e8099fbb6d462139ca to remote] DEBUG org.apache.http.impl.execchain.MainClientExec - Executing request POST /session/47dcb4f2e91f23e8099fbb6d462139ca/element HTTP/1.1
12:54:26.796 [Forwarding findElement on session 47dcb4f2e91f23e8099fbb6d462139ca to remote] DEBUG org.apache.http.impl.execchain.MainClientExec - Target auth state: UNCHALLENGED
12:54:26.796 [Forwarding findElement on session 47dcb4f2e91f23e8099fbb6d462139ca to remote] DEBUG org.apache.http.impl.execchain.MainClientExec - Proxy auth state: UNCHALLENGED
12:54:26.796 [Forwarding findElement on session 47dcb4f2e91f23e8099fbb6d462139ca to remote] DEBUG org.apache.http.headers - http-outgoing-28 >> POST /session/47dcb4f2e91f23e8099fbb6d462139ca/element HTTP/1.1
12:54:26.796 [Forwarding findElement on session 47dcb4f2e91f23e8099fbb6d462139ca to remote] DEBUG org.apache.http.headers - http-outgoing-28 >> Content-Type: application/json; charset=utf-8
12:54:26.796 [Forwarding findElement on session 47dcb4f2e91f23e8099fbb6d462139ca to remote] DEBUG org.apache.http.headers - http-outgoing-28 >> Content-Length: 71
12:54:26.796 [Forwarding findElement on session 47dcb4f2e91f23e8099fbb6d462139ca to remote] DEBUG org.apache.http.headers - http-outgoing-28 >> Host: localhost:16622
12:54:26.796 [Forwarding findElement on session 47dcb4f2e91f23e8099fbb6d462139ca to remote] DEBUG org.apache.http.headers - http-outgoing-28 >> Connection: Keep-Alive
12:54:26.796 [Forwarding findElement on session 47dcb4f2e91f23e8099fbb6d462139ca to remote] DEBUG org.apache.http.headers - http-outgoing-28 >> User-Agent: Apache-HttpClient/4.5.3 (Java/1.8.0_211)
12:54:26.796 [Forwarding findElement on session 47dcb4f2e91f23e8099fbb6d462139ca to remote] DEBUG org.apache.http.headers - http-outgoing-28 >> Accept-Encoding: gzip,deflate
12:54:26.796 [Forwarding findElement on session 47dcb4f2e91f23e8099fbb6d462139ca to remote] DEBUG org.apache.http.wire - http-outgoing-28 >> "POST /session/47dcb4f2e91f23e8099fbb6d462139ca/element HTTP/1.1[\r][\n]"
12:54:26.796 [Forwarding findElement on session 47dcb4f2e91f23e8099fbb6d462139ca to remote] DEBUG org.apache.http.wire - http-outgoing-28 >> "Content-Type: application/json; charset=utf-8[\r][\n]"
12:54:26.796 [Forwarding findElement on session 47dcb4f2e91f23e8099fbb6d462139ca to remote] DEBUG org.apache.http.wire - http-outgoing-28 >> "Content-Length: 71[\r][\n]"
12:54:26.796 [Forwarding findElement on session 47dcb4f2e91f23e8099fbb6d462139ca to remote] DEBUG org.apache.http.wire - http-outgoing-28 >> "Host: localhost:16622[\r][\n]"
12:54:26.796 [Forwarding findElement on session 47dcb4f2e91f23e8099fbb6d462139ca to remote] DEBUG org.apache.http.wire - http-outgoing-28 >> "Connection: Keep-Alive[\r][\n]"
12:54:26.796 [Forwarding findElement on session 47dcb4f2e91f23e8099fbb6d462139ca to remote] DEBUG org.apache.http.wire - http-outgoing-28 >> "User-Agent: Apache-HttpClient/4.5.3 (Java/1.8.0_211)[\r][\n]"
12:54:26.796 [Forwarding findElement on session 47dcb4f2e91f23e8099fbb6d462139ca to remote] DEBUG org.apache.http.wire - http-outgoing-28 >> "Accept-Encoding: gzip,deflate[\r][\n]"
12:54:26.796 [Forwarding findElement on session 47dcb4f2e91f23e8099fbb6d462139ca to remote] DEBUG org.apache.http.wire - http-outgoing-28 >> "[\r][\n]"
12:54:26.796 [Forwarding findElement on session 47dcb4f2e91f23e8099fbb6d462139ca to remote] DEBUG org.apache.http.wire - http-outgoing-28 >> "{"value":".dropdown-toggle > span:nth-child(1)","using":"css selector"}"
12:54:28.002 [Forwarding findElement on session 47dcb4f2e91f23e8099fbb6d462139ca to remote] DEBUG org.apache.http.wire - http-outgoing-28 << "HTTP/1.1 200 OK[\r][\n]"
12:54:28.003 [Forwarding findElement on session 47dcb4f2e91f23e8099fbb6d462139ca to remote] DEBUG org.apache.http.wire - http-outgoing-28 << "Content-Length:88[\r][\n]"
12:54:28.003 [Forwarding findElement on session 47dcb4f2e91f23e8099fbb6d462139ca to remote] DEBUG org.apache.http.wire - http-outgoing-28 << "Content-Type:application/json; charset=utf-8[\r][\n]"
12:54:28.003 [Forwarding findElement on session 47dcb4f2e91f23e8099fbb6d462139ca to remote] DEBUG org.apache.http.wire - http-outgoing-28 << "cache-control:no-cache[\r][\n]"
12:54:28.003 [Forwarding findElement on session 47dcb4f2e91f23e8099fbb6d462139ca to remote] DEBUG org.apache.http.wire - http-outgoing-28 << "[\r][\n]"
12:54:28.003 [Forwarding findElement on session 47dcb4f2e91f23e8099fbb6d462139ca to remote] DEBUG org.apache.http.wire - http-outgoing-28 << "{"value":{"element-6066-11e4-a52e-4f735466cecf":"888a637a-f6bb-406b-84f3-9b64f30fa486"}}"
12:54:28.003 [Forwarding findElement on session 47dcb4f2e91f23e8099fbb6d462139ca to remote] DEBUG org.apache.http.headers - http-outgoing-28 << HTTP/1.1 200 OK
12:54:28.003 [Forwarding findElement on session 47dcb4f2e91f23e8099fbb6d462139ca to remote] DEBUG org.apache.http.headers - http-outgoing-28 << Content-Length:88
12:54:28.003 [Forwarding findElement on session 47dcb4f2e91f23e8099fbb6d462139ca to remote] DEBUG org.apache.http.headers - http-outgoing-28 << Content-Type:application/json; charset=utf-8
12:54:28.003 [Forwarding findElement on session 47dcb4f2e91f23e8099fbb6d462139ca to remote] DEBUG org.apache.http.headers - http-outgoing-28 << cache-control:no-cache
12:54:28.003 [Forwarding findElement on session 47dcb4f2e91f23e8099fbb6d462139ca to remote] DEBUG org.apache.http.impl.execchain.MainClientExec - Connection can be kept alive indefinitely
12:54:28.003 [Forwarding findElement on session 47dcb4f2e91f23e8099fbb6d462139ca to remote] DEBUG org.apache.http.impl.conn.PoolingHttpClientConnectionManager - Connection [id: 28][route: {}->http://localhost:16622] can be kept alive indefinitely
12:54:28.003 [Forwarding findElement on session 47dcb4f2e91f23e8099fbb6d462139ca to remote] DEBUG org.apache.http.impl.conn.PoolingHttpClientConnectionManager - Connection released: [id: 28][route: {}->http://localhost:16622][total kept alive: 11; route allocated: 1 of 2000; total allocated: 11 of 2000]
12:54:28.003 [Forwarding clickElement on session 47dcb4f2e91f23e8099fbb6d462139ca to remote] DEBUG org.apache.http.client.protocol.RequestAddCookies - CookieSpec selected: default
12:54:28.003 [Forwarding clickElement on session 47dcb4f2e91f23e8099fbb6d462139ca to remote] DEBUG org.apache.http.client.protocol.RequestAuthCache - Auth cache not set in the context
12:54:28.003 [Forwarding clickElement on session 47dcb4f2e91f23e8099fbb6d462139ca to remote] DEBUG org.apache.http.impl.conn.PoolingHttpClientConnectionManager - Connection request: [route: {}->http://localhost:16622][total kept alive: 11; route allocated: 1 of 2000; total allocated: 11 of 2000]
12:54:28.003 [Forwarding clickElement on session 47dcb4f2e91f23e8099fbb6d462139ca to remote] DEBUG org.apache.http.impl.conn.PoolingHttpClientConnectionManager - Connection leased: [id: 28][route: {}->http://localhost:16622][total kept alive: 10; route allocated: 1 of 2000; total allocated: 11 of 2000]
12:54:28.003 [Forwarding clickElement on session 47dcb4f2e91f23e8099fbb6d462139ca to remote] DEBUG org.apache.http.impl.execchain.MainClientExec - Stale connection check
12:54:28.004 [Forwarding clickElement on session 47dcb4f2e91f23e8099fbb6d462139ca to remote] DEBUG org.apache.http.wire - http-outgoing-28 << "[read] I/O error: Read timed out"
12:54:28.004 [Forwarding clickElement on session 47dcb4f2e91f23e8099fbb6d462139ca to remote] DEBUG org.apache.http.impl.conn.DefaultManagedHttpClientConnection - http-outgoing-28: set socket timeout to 10800000
12:54:28.004 [Forwarding clickElement on session 47dcb4f2e91f23e8099fbb6d462139ca to remote] DEBUG org.apache.http.impl.execchain.MainClientExec - Executing request POST /session/47dcb4f2e91f23e8099fbb6d462139ca/element/888a637a-f6bb-406b-84f3-9b64f30fa486/click HTTP/1.1
12:54:28.004 [Forwarding clickElement on session 47dcb4f2e91f23e8099fbb6d462139ca to remote] DEBUG org.apache.http.impl.execchain.MainClientExec - Target auth state: UNCHALLENGED
12:54:28.004 [Forwarding clickElement on session 47dcb4f2e91f23e8099fbb6d462139ca to remote] DEBUG org.apache.http.impl.execchain.MainClientExec - Proxy auth state: UNCHALLENGED
12:54:28.004 [Forwarding clickElement on session 47dcb4f2e91f23e8099fbb6d462139ca to remote] DEBUG org.apache.http.headers - http-outgoing-28 >> POST /session/47dcb4f2e91f23e8099fbb6d462139ca/element/888a637a-f6bb-406b-84f3-9b64f30fa486/click HTTP/1.1
12:54:28.004 [Forwarding clickElement on session 47dcb4f2e91f23e8099fbb6d462139ca to remote] DEBUG org.apache.http.headers - http-outgoing-28 >> Content-Type: application/json; charset=utf-8
12:54:28.004 [Forwarding clickElement on session 47dcb4f2e91f23e8099fbb6d462139ca to remote] DEBUG org.apache.http.headers - http-outgoing-28 >> Content-Length: 45
12:54:28.004 [Forwarding clickElement on session 47dcb4f2e91f23e8099fbb6d462139ca to remote] DEBUG org.apache.http.headers - http-outgoing-28 >> Host: localhost:16622
12:54:28.004 [Forwarding clickElement on session 47dcb4f2e91f23e8099fbb6d462139ca to remote] DEBUG org.apache.http.headers - http-outgoing-28 >> Connection: Keep-Alive
12:54:28.004 [Forwarding clickElement on session 47dcb4f2e91f23e8099fbb6d462139ca to remote] DEBUG org.apache.http.headers - http-outgoing-28 >> User-Agent: Apache-HttpClient/4.5.3 (Java/1.8.0_211)
12:54:28.004 [Forwarding clickElement on session 47dcb4f2e91f23e8099fbb6d462139ca to remote] DEBUG org.apache.http.headers - http-outgoing-28 >> Accept-Encoding: gzip,deflate
12:54:28.004 [Forwarding clickElement on session 47dcb4f2e91f23e8099fbb6d462139ca to remote] DEBUG org.apache.http.wire - http-outgoing-28 >> "POST /session/47dcb4f2e91f23e8099fbb6d462139ca/element/888a637a-f6bb-406b-84f3-9b64f30fa486/click HTTP/1.1[\r][\n]"
12:54:28.004 [Forwarding clickElement on session 47dcb4f2e91f23e8099fbb6d462139ca to remote] DEBUG org.apache.http.wire - http-outgoing-28 >> "Content-Type: application/json; charset=utf-8[\r][\n]"
12:54:28.004 [Forwarding clickElement on session 47dcb4f2e91f23e8099fbb6d462139ca to remote] DEBUG org.apache.http.wire - http-outgoing-28 >> "Content-Length: 45[\r][\n]"
12:54:28.004 [Forwarding clickElement on session 47dcb4f2e91f23e8099fbb6d462139ca to remote] DEBUG org.apache.http.wire - http-outgoing-28 >> "Host: localhost:16622[\r][\n]"
12:54:28.004 [Forwarding clickElement on session 47dcb4f2e91f23e8099fbb6d462139ca to remote] DEBUG org.apache.http.wire - http-outgoing-28 >> "Connection: Keep-Alive[\r][\n]"
12:54:28.004 [Forwarding clickElement on session 47dcb4f2e91f23e8099fbb6d462139ca to remote] DEBUG org.apache.http.wire - http-outgoing-28 >> "User-Agent: Apache-HttpClient/4.5.3 (Java/1.8.0_211)[\r][\n]"
12:54:28.004 [Forwarding clickElement on session 47dcb4f2e91f23e8099fbb6d462139ca to remote] DEBUG org.apache.http.wire - http-outgoing-28 >> "Accept-Encoding: gzip,deflate[\r][\n]"
12:54:28.004 [Forwarding clickElement on session 47dcb4f2e91f23e8099fbb6d462139ca to remote] DEBUG org.apache.http.wire - http-outgoing-28 >> "[\r][\n]"
12:54:28.004 [Forwarding clickElement on session 47dcb4f2e91f23e8099fbb6d462139ca to remote] DEBUG org.apache.http.wire - http-outgoing-28 >> "{"id":"888a637a-f6bb-406b-84f3-9b64f30fa486"}"
12:54:28.045 [Forwarding clickElement on session 47dcb4f2e91f23e8099fbb6d462139ca to remote] DEBUG org.apache.http.wire - http-outgoing-28 << "HTTP/1.1 200 OK[\r][\n]"
12:54:28.045 [Forwarding clickElement on session 47dcb4f2e91f23e8099fbb6d462139ca to remote] DEBUG org.apache.http.wire - http-outgoing-28 << "Content-Length:14[\r][\n]"
12:54:28.045 [Forwarding clickElement on session 47dcb4f2e91f23e8099fbb6d462139ca to remote] DEBUG org.apache.http.wire - http-outgoing-28 << "Content-Type:application/json; charset=utf-8[\r][\n]"
12:54:28.045 [Forwarding clickElement on session 47dcb4f2e91f23e8099fbb6d462139ca to remote] DEBUG org.apache.http.wire - http-outgoing-28 << "cache-control:no-cache[\r][\n]"
12:54:28.045 [Forwarding clickElement on session 47dcb4f2e91f23e8099fbb6d462139ca to remote] DEBUG org.apache.http.wire - http-outgoing-28 << "[\r][\n]"
12:54:28.045 [Forwarding clickElement on session 47dcb4f2e91f23e8099fbb6d462139ca to remote] DEBUG org.apache.http.wire - http-outgoing-28 << "{"value":null}"
12:54:28.045 [Forwarding clickElement on session 47dcb4f2e91f23e8099fbb6d462139ca to remote] DEBUG org.apache.http.headers - http-outgoing-28 << HTTP/1.1 200 OK
12:54:28.045 [Forwarding clickElement on session 47dcb4f2e91f23e8099fbb6d462139ca to remote] DEBUG org.apache.http.headers - http-outgoing-28 << Content-Length:14
12:54:28.045 [Forwarding clickElement on session 47dcb4f2e91f23e8099fbb6d462139ca to remote] DEBUG org.apache.http.headers - http-outgoing-28 << Content-Type:application/json; charset=utf-8
12:54:28.045 [Forwarding clickElement on session 47dcb4f2e91f23e8099fbb6d462139ca to remote] DEBUG org.apache.http.headers - http-outgoing-28 << cache-control:no-cache
12:54:28.045 [Forwarding clickElement on session 47dcb4f2e91f23e8099fbb6d462139ca to remote] DEBUG org.apache.http.impl.execchain.MainClientExec - Connection can be kept alive indefinitely
12:54:28.045 [Forwarding clickElement on session 47dcb4f2e91f23e8099fbb6d462139ca to remote] DEBUG org.apache.http.impl.conn.PoolingHttpClientConnectionManager - Connection [id: 28][route: {}->http://localhost:16622] can be kept alive indefinitely
12:54:28.045 [Forwarding clickElement on session 47dcb4f2e91f23e8099fbb6d462139ca to remote] DEBUG org.apache.http.impl.conn.PoolingHttpClientConnectionManager - Connection released: [id: 28][route: {}->http://localhost:16622][total kept alive: 11; route allocated: 1 of 2000; total allocated: 11 of 2000]
12:54:28.046 [Forwarding findElement on session 47dcb4f2e91f23e8099fbb6d462139ca to remote] DEBUG org.apache.http.client.protocol.RequestAddCookies - CookieSpec selected: default
12:54:28.046 [Forwarding findElement on session 47dcb4f2e91f23e8099fbb6d462139ca to remote] DEBUG org.apache.http.client.protocol.RequestAuthCache - Auth cache not set in the context
12:54:28.046 [Forwarding findElement on session 47dcb4f2e91f23e8099fbb6d462139ca to remote] DEBUG org.apache.http.impl.conn.PoolingHttpClientConnectionManager - Connection request: [route: {}->http://localhost:16622][total kept alive: 11; route allocated: 1 of 2000; total allocated: 11 of 2000]
12:54:28.046 [Forwarding findElement on session 47dcb4f2e91f23e8099fbb6d462139ca to remote] DEBUG org.apache.http.impl.conn.PoolingHttpClientConnectionManager - Connection leased: [id: 28][route: {}->http://localhost:16622][total kept alive: 10; route allocated: 1 of 2000; total allocated: 11 of 2000]
12:54:28.046 [Forwarding findElement on session 47dcb4f2e91f23e8099fbb6d462139ca to remote] DEBUG org.apache.http.impl.execchain.MainClientExec - Stale connection check
12:54:28.047 [Forwarding findElement on session 47dcb4f2e91f23e8099fbb6d462139ca to remote] DEBUG org.apache.http.wire - http-outgoing-28 << "[read] I/O error: Read timed out"
12:54:28.047 [Forwarding findElement on session 47dcb4f2e91f23e8099fbb6d462139ca to remote] DEBUG org.apache.http.impl.conn.DefaultManagedHttpClientConnection - http-outgoing-28: set socket timeout to 10800000
12:54:28.047 [Forwarding findElement on session 47dcb4f2e91f23e8099fbb6d462139ca to remote] DEBUG org.apache.http.impl.execchain.MainClientExec - Executing request POST /session/47dcb4f2e91f23e8099fbb6d462139ca/element HTTP/1.1
12:54:28.047 [Forwarding findElement on session 47dcb4f2e91f23e8099fbb6d462139ca to remote] DEBUG org.apache.http.impl.execchain.MainClientExec - Target auth state: UNCHALLENGED
12:54:28.047 [Forwarding findElement on session 47dcb4f2e91f23e8099fbb6d462139ca to remote] DEBUG org.apache.http.impl.execchain.MainClientExec - Proxy auth state: UNCHALLENGED
12:54:28.047 [Forwarding findElement on session 47dcb4f2e91f23e8099fbb6d462139ca to remote] DEBUG org.apache.http.headers - http-outgoing-28 >> POST /session/47dcb4f2e91f23e8099fbb6d462139ca/element HTTP/1.1
12:54:28.047 [Forwarding findElement on session 47dcb4f2e91f23e8099fbb6d462139ca to remote] DEBUG org.apache.http.headers - http-outgoing-28 >> Content-Type: application/json; charset=utf-8
12:54:28.047 [Forwarding findElement on session 47dcb4f2e91f23e8099fbb6d462139ca to remote] DEBUG org.apache.http.headers - http-outgoing-28 >> Content-Length: 61
12:54:28.047 [Forwarding findElement on session 47dcb4f2e91f23e8099fbb6d462139ca to remote] DEBUG org.apache.http.headers - http-outgoing-28 >> Host: localhost:16622
12:54:28.047 [Forwarding findElement on session 47dcb4f2e91f23e8099fbb6d462139ca to remote] DEBUG org.apache.http.headers - http-outgoing-28 >> Connection: Keep-Alive
12:54:28.047 [Forwarding findElement on session 47dcb4f2e91f23e8099fbb6d462139ca to remote] DEBUG org.apache.http.headers - http-outgoing-28 >> User-Agent: Apache-HttpClient/4.5.3 (Java/1.8.0_211)
12:54:28.047 [Forwarding findElement on session 47dcb4f2e91f23e8099fbb6d462139ca to remote] DEBUG org.apache.http.headers - http-outgoing-28 >> Accept-Encoding: gzip,deflate
12:54:28.047 [Forwarding findElement on session 47dcb4f2e91f23e8099fbb6d462139ca to remote] DEBUG org.apache.http.wire - http-outgoing-28 >> "POST /session/47dcb4f2e91f23e8099fbb6d462139ca/element HTTP/1.1[\r][\n]"
12:54:28.047 [Forwarding findElement on session 47dcb4f2e91f23e8099fbb6d462139ca to remote] DEBUG org.apache.http.wire - http-outgoing-28 >> "Content-Type: application/json; charset=utf-8[\r][\n]"
12:54:28.047 [Forwarding findElement on session 47dcb4f2e91f23e8099fbb6d462139ca to remote] DEBUG org.apache.http.wire - http-outgoing-28 >> "Content-Length: 61[\r][\n]"
12:54:28.047 [Forwarding findElement on session 47dcb4f2e91f23e8099fbb6d462139ca to remote] DEBUG org.apache.http.wire - http-outgoing-28 >> "Host: localhost:16622[\r][\n]"
12:54:28.047 [Forwarding findElement on session 47dcb4f2e91f23e8099fbb6d462139ca to remote] DEBUG org.apache.http.wire - http-outgoing-28 >> "Connection: Keep-Alive[\r][\n]"
12:54:28.047 [Forwarding findElement on session 47dcb4f2e91f23e8099fbb6d462139ca to remote] DEBUG org.apache.http.wire - http-outgoing-28 >> "User-Agent: Apache-HttpClient/4.5.3 (Java/1.8.0_211)[\r][\n]"
12:54:28.047 [Forwarding findElement on session 47dcb4f2e91f23e8099fbb6d462139ca to remote] DEBUG org.apache.http.wire - http-outgoing-28 >> "Accept-Encoding: gzip,deflate[\r][\n]"
12:54:28.047 [Forwarding findElement on session 47dcb4f2e91f23e8099fbb6d462139ca to remote] DEBUG org.apache.http.wire - http-outgoing-28 >> "[\r][\n]"
12:54:28.047 [Forwarding findElement on session 47dcb4f2e91f23e8099fbb6d462139ca to remote] DEBUG org.apache.http.wire - http-outgoing-28 >> "{"value":".justify-content-end > div","using":"css selector"}"
12:54:28.052 [Forwarding findElement on session 47dcb4f2e91f23e8099fbb6d462139ca to remote] DEBUG org.apache.http.wire - http-outgoing-28 << "HTTP/1.1 200 OK[\r][\n]"
12:54:28.052 [Forwarding findElement on session 47dcb4f2e91f23e8099fbb6d462139ca to remote] DEBUG org.apache.http.wire - http-outgoing-28 << "Content-Length:88[\r][\n]"
12:54:28.052 [Forwarding findElement on session 47dcb4f2e91f23e8099fbb6d462139ca to remote] DEBUG org.apache.http.wire - http-outgoing-28 << "Content-Type:application/json; charset=utf-8[\r][\n]"
12:54:28.052 [Forwarding findElement on session 47dcb4f2e91f23e8099fbb6d462139ca to remote] DEBUG org.apache.http.wire - http-outgoing-28 << "cache-control:no-cache[\r][\n]"
12:54:28.052 [Forwarding findElement on session 47dcb4f2e91f23e8099fbb6d462139ca to remote] DEBUG org.apache.http.wire - http-outgoing-28 << "[\r][\n]"
12:54:28.052 [Forwarding findElement on session 47dcb4f2e91f23e8099fbb6d462139ca to remote] DEBUG org.apache.http.wire - http-outgoing-28 << "{"value":{"element-6066-11e4-a52e-4f735466cecf":"15622798-16f4-403e-8d14-5fa1a361e5d8"}}"
12:54:28.052 [Forwarding findElement on session 47dcb4f2e91f23e8099fbb6d462139ca to remote] DEBUG org.apache.http.headers - http-outgoing-28 << HTTP/1.1 200 OK
12:54:28.052 [Forwarding findElement on session 47dcb4f2e91f23e8099fbb6d462139ca to remote] DEBUG org.apache.http.headers - http-outgoing-28 << Content-Length:88
12:54:28.052 [Forwarding findElement on session 47dcb4f2e91f23e8099fbb6d462139ca to remote] DEBUG org.apache.http.headers - http-outgoing-28 << Content-Type:application/json; charset=utf-8
12:54:28.052 [Forwarding findElement on session 47dcb4f2e91f23e8099fbb6d462139ca to remote] DEBUG org.apache.http.headers - http-outgoing-28 << cache-control:no-cache
12:54:28.052 [Forwarding findElement on session 47dcb4f2e91f23e8099fbb6d462139ca to remote] DEBUG org.apache.http.impl.execchain.MainClientExec - Connection can be kept alive indefinitely
12:54:28.052 [Forwarding findElement on session 47dcb4f2e91f23e8099fbb6d462139ca to remote] DEBUG org.apache.http.impl.conn.PoolingHttpClientConnectionManager - Connection [id: 28][route: {}->http://localhost:16622] can be kept alive indefinitely
12:54:28.052 [Forwarding findElement on session 47dcb4f2e91f23e8099fbb6d462139ca to remote] DEBUG org.apache.http.impl.conn.PoolingHttpClientConnectionManager - Connection released: [id: 28][route: {}->http://localhost:16622][total kept alive: 11; route allocated: 1 of 2000; total allocated: 11 of 2000]
12:54:28.052 [Forwarding clickElement on session 47dcb4f2e91f23e8099fbb6d462139ca to remote] DEBUG org.apache.http.client.protocol.RequestAddCookies - CookieSpec selected: default
12:54:28.052 [Forwarding clickElement on session 47dcb4f2e91f23e8099fbb6d462139ca to remote] DEBUG org.apache.http.client.protocol.RequestAuthCache - Auth cache not set in the context
12:54:28.052 [Forwarding clickElement on session 47dcb4f2e91f23e8099fbb6d462139ca to remote] DEBUG org.apache.http.impl.conn.PoolingHttpClientConnectionManager - Connection request: [route: {}->http://localhost:16622][total kept alive: 11; route allocated: 1 of 2000; total allocated: 11 of 2000]
12:54:28.052 [Forwarding clickElement on session 47dcb4f2e91f23e8099fbb6d462139ca to remote] DEBUG org.apache.http.impl.conn.PoolingHttpClientConnectionManager - Connection leased: [id: 28][route: {}->http://localhost:16622][total kept alive: 10; route allocated: 1 of 2000; total allocated: 11 of 2000]
12:54:28.052 [Forwarding clickElement on session 47dcb4f2e91f23e8099fbb6d462139ca to remote] DEBUG org.apache.http.impl.execchain.MainClientExec - Stale connection check
12:54:28.054 [Forwarding clickElement on session 47dcb4f2e91f23e8099fbb6d462139ca to remote] DEBUG org.apache.http.wire - http-outgoing-28 << "[read] I/O error: Read timed out"
12:54:28.054 [Forwarding clickElement on session 47dcb4f2e91f23e8099fbb6d462139ca to remote] DEBUG org.apache.http.impl.conn.DefaultManagedHttpClientConnection - http-outgoing-28: set socket timeout to 10800000
12:54:28.054 [Forwarding clickElement on session 47dcb4f2e91f23e8099fbb6d462139ca to remote] DEBUG org.apache.http.impl.execchain.MainClientExec - Executing request POST /session/47dcb4f2e91f23e8099fbb6d462139ca/element/15622798-16f4-403e-8d14-5fa1a361e5d8/click HTTP/1.1
12:54:28.054 [Forwarding clickElement on session 47dcb4f2e91f23e8099fbb6d462139ca to remote] DEBUG org.apache.http.impl.execchain.MainClientExec - Target auth state: UNCHALLENGED
12:54:28.054 [Forwarding clickElement on session 47dcb4f2e91f23e8099fbb6d462139ca to remote] DEBUG org.apache.http.impl.execchain.MainClientExec - Proxy auth state: UNCHALLENGED
12:54:28.054 [Forwarding clickElement on session 47dcb4f2e91f23e8099fbb6d462139ca to remote] DEBUG org.apache.http.headers - http-outgoing-28 >> POST /session/47dcb4f2e91f23e8099fbb6d462139ca/element/15622798-16f4-403e-8d14-5fa1a361e5d8/click HTTP/1.1
12:54:28.054 [Forwarding clickElement on session 47dcb4f2e91f23e8099fbb6d462139ca to remote] DEBUG org.apache.http.headers - http-outgoing-28 >> Content-Type: application/json; charset=utf-8
12:54:28.054 [Forwarding clickElement on session 47dcb4f2e91f23e8099fbb6d462139ca to remote] DEBUG org.apache.http.headers - http-outgoing-28 >> Content-Length: 45
12:54:28.054 [Forwarding clickElement on session 47dcb4f2e91f23e8099fbb6d462139ca to remote] DEBUG org.apache.http.headers - http-outgoing-28 >> Host: localhost:16622
12:54:28.054 [Forwarding clickElement on session 47dcb4f2e91f23e8099fbb6d462139ca to remote] DEBUG org.apache.http.headers - http-outgoing-28 >> Connection: Keep-Alive
12:54:28.054 [Forwarding clickElement on session 47dcb4f2e91f23e8099fbb6d462139ca to remote] DEBUG org.apache.http.headers - http-outgoing-28 >> User-Agent: Apache-HttpClient/4.5.3 (Java/1.8.0_211)
12:54:28.054 [Forwarding clickElement on session 47dcb4f2e91f23e8099fbb6d462139ca to remote] DEBUG org.apache.http.headers - http-outgoing-28 >> Accept-Encoding: gzip,deflate
12:54:28.054 [Forwarding clickElement on session 47dcb4f2e91f23e8099fbb6d462139ca to remote] DEBUG org.apache.http.wire - http-outgoing-28 >> "POST /session/47dcb4f2e91f23e8099fbb6d462139ca/element/15622798-16f4-403e-8d14-5fa1a361e5d8/click HTTP/1.1[\r][\n]"
12:54:28.054 [Forwarding clickElement on session 47dcb4f2e91f23e8099fbb6d462139ca to remote] DEBUG org.apache.http.wire - http-outgoing-28 >> "Content-Type: application/json; charset=utf-8[\r][\n]"
12:54:28.054 [Forwarding clickElement on session 47dcb4f2e91f23e8099fbb6d462139ca to remote] DEBUG org.apache.http.wire - http-outgoing-28 >> "Content-Length: 45[\r][\n]"
12:54:28.054 [Forwarding clickElement on session 47dcb4f2e91f23e8099fbb6d462139ca to remote] DEBUG org.apache.http.wire - http-outgoing-28 >> "Host: localhost:16622[\r][\n]"
12:54:28.054 [Forwarding clickElement on session 47dcb4f2e91f23e8099fbb6d462139ca to remote] DEBUG org.apache.http.wire - http-outgoing-28 >> "Connection: Keep-Alive[\r][\n]"
12:54:28.054 [Forwarding clickElement on session 47dcb4f2e91f23e8099fbb6d462139ca to remote] DEBUG org.apache.http.wire - http-outgoing-28 >> "User-Agent: Apache-HttpClient/4.5.3 (Java/1.8.0_211)[\r][\n]"
12:54:28.054 [Forwarding clickElement on session 47dcb4f2e91f23e8099fbb6d462139ca to remote] DEBUG org.apache.http.wire - http-outgoing-28 >> "Accept-Encoding: gzip,deflate[\r][\n]"
12:54:28.054 [Forwarding clickElement on session 47dcb4f2e91f23e8099fbb6d462139ca to remote] DEBUG org.apache.http.wire - http-outgoing-28 >> "[\r][\n]"
12:54:28.054 [Forwarding clickElement on session 47dcb4f2e91f23e8099fbb6d462139ca to remote] DEBUG org.apache.http.wire - http-outgoing-28 >> "{"id":"15622798-16f4-403e-8d14-5fa1a361e5d8"}"
12:54:28.114 [Forwarding clickElement on session 47dcb4f2e91f23e8099fbb6d462139ca to remote] DEBUG org.apache.http.wire - http-outgoing-28 << "HTTP/1.1 200 OK[\r][\n]"
12:54:28.114 [Forwarding clickElement on session 47dcb4f2e91f23e8099fbb6d462139ca to remote] DEBUG org.apache.http.wire - http-outgoing-28 << "Content-Length:14[\r][\n]"
12:54:28.114 [Forwarding clickElement on session 47dcb4f2e91f23e8099fbb6d462139ca to remote] DEBUG org.apache.http.wire - http-outgoing-28 << "Content-Type:application/json; charset=utf-8[\r][\n]"
12:54:28.114 [Forwarding clickElement on session 47dcb4f2e91f23e8099fbb6d462139ca to remote] DEBUG org.apache.http.wire - http-outgoing-28 << "cache-control:no-cache[\r][\n]"
12:54:28.114 [Forwarding clickElement on session 47dcb4f2e91f23e8099fbb6d462139ca to remote] DEBUG org.apache.http.wire - http-outgoing-28 << "[\r][\n]"
12:54:28.114 [Forwarding clickElement on session 47dcb4f2e91f23e8099fbb6d462139ca to remote] DEBUG org.apache.http.wire - http-outgoing-28 << "{"value":null}"
12:54:28.114 [Forwarding clickElement on session 47dcb4f2e91f23e8099fbb6d462139ca to remote] DEBUG org.apache.http.headers - http-outgoing-28 << HTTP/1.1 200 OK
12:54:28.114 [Forwarding clickElement on session 47dcb4f2e91f23e8099fbb6d462139ca to remote] DEBUG org.apache.http.headers - http-outgoing-28 << Content-Length:14
12:54:28.114 [Forwarding clickElement on session 47dcb4f2e91f23e8099fbb6d462139ca to remote] DEBUG org.apache.http.headers - http-outgoing-28 << Content-Type:application/json; charset=utf-8
12:54:28.114 [Forwarding clickElement on session 47dcb4f2e91f23e8099fbb6d462139ca to remote] DEBUG org.apache.http.headers - http-outgoing-28 << cache-control:no-cache
12:54:28.114 [Forwarding clickElement on session 47dcb4f2e91f23e8099fbb6d462139ca to remote] DEBUG org.apache.http.impl.execchain.MainClientExec - Connection can be kept alive indefinitely
12:54:28.114 [Forwarding clickElement on session 47dcb4f2e91f23e8099fbb6d462139ca to remote] DEBUG org.apache.http.impl.conn.PoolingHttpClientConnectionManager - Connection [id: 28][route: {}->http://localhost:16622] can be kept alive indefinitely
12:54:28.114 [Forwarding clickElement on session 47dcb4f2e91f23e8099fbb6d462139ca to remote] DEBUG org.apache.http.impl.conn.PoolingHttpClientConnectionManager - Connection released: [id: 28][route: {}->http://localhost:16622][total kept alive: 11; route allocated: 1 of 2000; total allocated: 11 of 2000]
12:54:28.115 [Forwarding findElement on session 47dcb4f2e91f23e8099fbb6d462139ca to remote] DEBUG org.apache.http.client.protocol.RequestAddCookies - CookieSpec selected: default
12:54:28.115 [Forwarding findElement on session 47dcb4f2e91f23e8099fbb6d462139ca to remote] DEBUG org.apache.http.client.protocol.RequestAuthCache - Auth cache not set in the context
12:54:28.115 [Forwarding findElement on session 47dcb4f2e91f23e8099fbb6d462139ca to remote] DEBUG org.apache.http.impl.conn.PoolingHttpClientConnectionManager - Connection request: [route: {}->http://localhost:16622][total kept alive: 11; route allocated: 1 of 2000; total allocated: 11 of 2000]
12:54:28.115 [Forwarding findElement on session 47dcb4f2e91f23e8099fbb6d462139ca to remote] DEBUG org.apache.http.impl.conn.PoolingHttpClientConnectionManager - Connection leased: [id: 28][route: {}->http://localhost:16622][total kept alive: 10; route allocated: 1 of 2000; total allocated: 11 of 2000]
12:54:28.115 [Forwarding findElement on session 47dcb4f2e91f23e8099fbb6d462139ca to remote] DEBUG org.apache.http.impl.execchain.MainClientExec - Stale connection check
12:54:28.116 [Forwarding findElement on session 47dcb4f2e91f23e8099fbb6d462139ca to remote] DEBUG org.apache.http.wire - http-outgoing-28 << "[read] I/O error: Read timed out"
12:54:28.116 [Forwarding findElement on session 47dcb4f2e91f23e8099fbb6d462139ca to remote] DEBUG org.apache.http.impl.conn.DefaultManagedHttpClientConnection - http-outgoing-28: set socket timeout to 10800000
12:54:28.116 [Forwarding findElement on session 47dcb4f2e91f23e8099fbb6d462139ca to remote] DEBUG org.apache.http.impl.execchain.MainClientExec - Executing request POST /session/47dcb4f2e91f23e8099fbb6d462139ca/element HTTP/1.1
12:54:28.116 [Forwarding findElement on session 47dcb4f2e91f23e8099fbb6d462139ca to remote] DEBUG org.apache.http.impl.execchain.MainClientExec - Target auth state: UNCHALLENGED
12:54:28.116 [Forwarding findElement on session 47dcb4f2e91f23e8099fbb6d462139ca to remote] DEBUG org.apache.http.impl.execchain.MainClientExec - Proxy auth state: UNCHALLENGED
12:54:28.116 [Forwarding findElement on session 47dcb4f2e91f23e8099fbb6d462139ca to remote] DEBUG org.apache.http.headers - http-outgoing-28 >> POST /session/47dcb4f2e91f23e8099fbb6d462139ca/element HTTP/1.1
12:54:28.116 [Forwarding findElement on session 47dcb4f2e91f23e8099fbb6d462139ca to remote] DEBUG org.apache.http.headers - http-outgoing-28 >> Content-Type: application/json; charset=utf-8
12:54:28.116 [Forwarding findElement on session 47dcb4f2e91f23e8099fbb6d462139ca to remote] DEBUG org.apache.http.headers - http-outgoing-28 >> Content-Length: 53
12:54:28.116 [Forwarding findElement on session 47dcb4f2e91f23e8099fbb6d462139ca to remote] DEBUG org.apache.http.headers - http-outgoing-28 >> Host: localhost:16622
12:54:28.116 [Forwarding findElement on session 47dcb4f2e91f23e8099fbb6d462139ca to remote] DEBUG org.apache.http.headers - http-outgoing-28 >> Connection: Keep-Alive
12:54:28.116 [Forwarding findElement on session 47dcb4f2e91f23e8099fbb6d462139ca to remote] DEBUG org.apache.http.headers - http-outgoing-28 >> User-Agent: Apache-HttpClient/4.5.3 (Java/1.8.0_211)
12:54:28.116 [Forwarding findElement on session 47dcb4f2e91f23e8099fbb6d462139ca to remote] DEBUG org.apache.http.headers - http-outgoing-28 >> Accept-Encoding: gzip,deflate
12:54:28.116 [Forwarding findElement on session 47dcb4f2e91f23e8099fbb6d462139ca to remote] DEBUG org.apache.http.wire - http-outgoing-28 >> "POST /session/47dcb4f2e91f23e8099fbb6d462139ca/element HTTP/1.1[\r][\n]"
12:54:28.116 [Forwarding findElement on session 47dcb4f2e91f23e8099fbb6d462139ca to remote] DEBUG org.apache.http.wire - http-outgoing-28 >> "Content-Type: application/json; charset=utf-8[\r][\n]"
12:54:28.116 [Forwarding findElement on session 47dcb4f2e91f23e8099fbb6d462139ca to remote] DEBUG org.apache.http.wire - http-outgoing-28 >> "Content-Length: 53[\r][\n]"
12:54:28.116 [Forwarding findElement on session 47dcb4f2e91f23e8099fbb6d462139ca to remote] DEBUG org.apache.http.wire - http-outgoing-28 >> "Host: localhost:16622[\r][\n]"
12:54:28.116 [Forwarding findElement on session 47dcb4f2e91f23e8099fbb6d462139ca to remote] DEBUG org.apache.http.wire - http-outgoing-28 >> "Connection: Keep-Alive[\r][\n]"
12:54:28.116 [Forwarding findElement on session 47dcb4f2e91f23e8099fbb6d462139ca to remote] DEBUG org.apache.http.wire - http-outgoing-28 >> "User-Agent: Apache-HttpClient/4.5.3 (Java/1.8.0_211)[\r][\n]"
12:54:28.116 [Forwarding findElement on session 47dcb4f2e91f23e8099fbb6d462139ca to remote] DEBUG org.apache.http.wire - http-outgoing-28 >> "Accept-Encoding: gzip,deflate[\r][\n]"
12:54:28.116 [Forwarding findElement on session 47dcb4f2e91f23e8099fbb6d462139ca to remote] DEBUG org.apache.http.wire - http-outgoing-28 >> "[\r][\n]"
12:54:28.116 [Forwarding findElement on session 47dcb4f2e91f23e8099fbb6d462139ca to remote] DEBUG org.apache.http.wire - http-outgoing-28 >> "{"value":"span > .d-flex div","using":"css selector"}"
12:54:28.412 [Forwarding findElement on session 47dcb4f2e91f23e8099fbb6d462139ca to remote] DEBUG org.apache.http.wire - http-outgoing-28 << "HTTP/1.1 200 OK[\r][\n]"
12:54:28.412 [Forwarding findElement on session 47dcb4f2e91f23e8099fbb6d462139ca to remote] DEBUG org.apache.http.wire - http-outgoing-28 << "Content-Length:88[\r][\n]"
12:54:28.412 [Forwarding findElement on session 47dcb4f2e91f23e8099fbb6d462139ca to remote] DEBUG org.apache.http.wire - http-outgoing-28 << "Content-Type:application/json; charset=utf-8[\r][\n]"
12:54:28.412 [Forwarding findElement on session 47dcb4f2e91f23e8099fbb6d462139ca to remote] DEBUG org.apache.http.wire - http-outgoing-28 << "cache-control:no-cache[\r][\n]"
12:54:28.412 [Forwarding findElement on session 47dcb4f2e91f23e8099fbb6d462139ca to remote] DEBUG org.apache.http.wire - http-outgoing-28 << "[\r][\n]"
12:54:28.412 [Forwarding findElement on session 47dcb4f2e91f23e8099fbb6d462139ca to remote] DEBUG org.apache.http.wire - http-outgoing-28 << "{"value":{"element-6066-11e4-a52e-4f735466cecf":"8e016461-376a-4ec8-b908-62eef8848eef"}}"
12:54:28.412 [Forwarding findElement on session 47dcb4f2e91f23e8099fbb6d462139ca to remote] DEBUG org.apache.http.headers - http-outgoing-28 << HTTP/1.1 200 OK
12:54:28.412 [Forwarding findElement on session 47dcb4f2e91f23e8099fbb6d462139ca to remote] DEBUG org.apache.http.headers - http-outgoing-28 << Content-Length:88
12:54:28.412 [Forwarding findElement on session 47dcb4f2e91f23e8099fbb6d462139ca to remote] DEBUG org.apache.http.headers - http-outgoing-28 << Content-Type:application/json; charset=utf-8
12:54:28.412 [Forwarding findElement on session 47dcb4f2e91f23e8099fbb6d462139ca to remote] DEBUG org.apache.http.headers - http-outgoing-28 << cache-control:no-cache
12:54:28.412 [Forwarding findElement on session 47dcb4f2e91f23e8099fbb6d462139ca to remote] DEBUG org.apache.http.impl.execchain.MainClientExec - Connection can be kept alive indefinitely
12:54:28.412 [Forwarding findElement on session 47dcb4f2e91f23e8099fbb6d462139ca to remote] DEBUG org.apache.http.impl.conn.PoolingHttpClientConnectionManager - Connection [id: 28][route: {}->http://localhost:16622] can be kept alive indefinitely
12:54:28.412 [Forwarding findElement on session 47dcb4f2e91f23e8099fbb6d462139ca to remote] DEBUG org.apache.http.impl.conn.PoolingHttpClientConnectionManager - Connection released: [id: 28][route: {}->http://localhost:16622][total kept alive: 11; route allocated: 1 of 2000; total allocated: 11 of 2000]
12:54:28.413 [Forwarding getElementText on session 47dcb4f2e91f23e8099fbb6d462139ca to remote] DEBUG org.apache.http.client.protocol.RequestAddCookies - CookieSpec selected: default
12:54:28.413 [Forwarding getElementText on session 47dcb4f2e91f23e8099fbb6d462139ca to remote] DEBUG org.apache.http.client.protocol.RequestAuthCache - Auth cache not set in the context
12:54:28.413 [Forwarding getElementText on session 47dcb4f2e91f23e8099fbb6d462139ca to remote] DEBUG org.apache.http.impl.conn.PoolingHttpClientConnectionManager - Connection request: [route: {}->http://localhost:16622][total kept alive: 11; route allocated: 1 of 2000; total allocated: 11 of 2000]
12:54:28.413 [Forwarding getElementText on session 47dcb4f2e91f23e8099fbb6d462139ca to remote] DEBUG org.apache.http.impl.conn.PoolingHttpClientConnectionManager - Connection leased: [id: 28][route: {}->http://localhost:16622][total kept alive: 10; route allocated: 1 of 2000; total allocated: 11 of 2000]
12:54:28.413 [Forwarding getElementText on session 47dcb4f2e91f23e8099fbb6d462139ca to remote] DEBUG org.apache.http.impl.execchain.MainClientExec - Stale connection check
12:54:28.414 [Forwarding getElementText on session 47dcb4f2e91f23e8099fbb6d462139ca to remote] DEBUG org.apache.http.wire - http-outgoing-28 << "[read] I/O error: Read timed out"
12:54:28.414 [Forwarding getElementText on session 47dcb4f2e91f23e8099fbb6d462139ca to remote] DEBUG org.apache.http.impl.conn.DefaultManagedHttpClientConnection - http-outgoing-28: set socket timeout to 10800000
12:54:28.414 [Forwarding getElementText on session 47dcb4f2e91f23e8099fbb6d462139ca to remote] DEBUG org.apache.http.impl.execchain.MainClientExec - Executing request GET /session/47dcb4f2e91f23e8099fbb6d462139ca/element/8e016461-376a-4ec8-b908-62eef8848eef/text HTTP/1.1
12:54:28.414 [Forwarding getElementText on session 47dcb4f2e91f23e8099fbb6d462139ca to remote] DEBUG org.apache.http.impl.execchain.MainClientExec - Target auth state: UNCHALLENGED
12:54:28.414 [Forwarding getElementText on session 47dcb4f2e91f23e8099fbb6d462139ca to remote] DEBUG org.apache.http.impl.execchain.MainClientExec - Proxy auth state: UNCHALLENGED
12:54:28.414 [Forwarding getElementText on session 47dcb4f2e91f23e8099fbb6d462139ca to remote] DEBUG org.apache.http.headers - http-outgoing-28 >> GET /session/47dcb4f2e91f23e8099fbb6d462139ca/element/8e016461-376a-4ec8-b908-62eef8848eef/text HTTP/1.1
12:54:28.414 [Forwarding getElementText on session 47dcb4f2e91f23e8099fbb6d462139ca to remote] DEBUG org.apache.http.headers - http-outgoing-28 >> Cache-Control: no-cache
12:54:28.414 [Forwarding getElementText on session 47dcb4f2e91f23e8099fbb6d462139ca to remote] DEBUG org.apache.http.headers - http-outgoing-28 >> Host: localhost:16622
12:54:28.414 [Forwarding getElementText on session 47dcb4f2e91f23e8099fbb6d462139ca to remote] DEBUG org.apache.http.headers - http-outgoing-28 >> Connection: Keep-Alive
12:54:28.414 [Forwarding getElementText on session 47dcb4f2e91f23e8099fbb6d462139ca to remote] DEBUG org.apache.http.headers - http-outgoing-28 >> User-Agent: Apache-HttpClient/4.5.3 (Java/1.8.0_211)
12:54:28.414 [Forwarding getElementText on session 47dcb4f2e91f23e8099fbb6d462139ca to remote] DEBUG org.apache.http.headers - http-outgoing-28 >> Accept-Encoding: gzip,deflate
12:54:28.414 [Forwarding getElementText on session 47dcb4f2e91f23e8099fbb6d462139ca to remote] DEBUG org.apache.http.wire - http-outgoing-28 >> "GET /session/47dcb4f2e91f23e8099fbb6d462139ca/element/8e016461-376a-4ec8-b908-62eef8848eef/text HTTP/1.1[\r][\n]"
12:54:28.414 [Forwarding getElementText on session 47dcb4f2e91f23e8099fbb6d462139ca to remote] DEBUG org.apache.http.wire - http-outgoing-28 >> "Cache-Control: no-cache[\r][\n]"
12:54:28.414 [Forwarding getElementText on session 47dcb4f2e91f23e8099fbb6d462139ca to remote] DEBUG org.apache.http.wire - http-outgoing-28 >> "Host: localhost:16622[\r][\n]"
12:54:28.414 [Forwarding getElementText on session 47dcb4f2e91f23e8099fbb6d462139ca to remote] DEBUG org.apache.http.wire - http-outgoing-28 >> "Connection: Keep-Alive[\r][\n]"
12:54:28.414 [Forwarding getElementText on session 47dcb4f2e91f23e8099fbb6d462139ca to remote] DEBUG org.apache.http.wire - http-outgoing-28 >> "User-Agent: Apache-HttpClient/4.5.3 (Java/1.8.0_211)[\r][\n]"
12:54:28.414 [Forwarding getElementText on session 47dcb4f2e91f23e8099fbb6d462139ca to remote] DEBUG org.apache.http.wire - http-outgoing-28 >> "Accept-Encoding: gzip,deflate[\r][\n]"
12:54:28.414 [Forwarding getElementText on session 47dcb4f2e91f23e8099fbb6d462139ca to remote] DEBUG org.apache.http.wire - http-outgoing-28 >> "[\r][\n]"
12:54:28.421 [Forwarding getElementText on session 47dcb4f2e91f23e8099fbb6d462139ca to remote] DEBUG org.apache.http.wire - http-outgoing-28 << "HTTP/1.1 200 OK[\r][\n]"
12:54:28.421 [Forwarding getElementText on session 47dcb4f2e91f23e8099fbb6d462139ca to remote] DEBUG org.apache.http.wire - http-outgoing-28 << "Content-Length:46[\r][\n]"
12:54:28.421 [Forwarding getElementText on session 47dcb4f2e91f23e8099fbb6d462139ca to remote] DEBUG org.apache.http.wire - http-outgoing-28 << "Content-Type:application/json; charset=utf-8[\r][\n]"
12:54:28.421 [Forwarding getElementText on session 47dcb4f2e91f23e8099fbb6d462139ca to remote] DEBUG org.apache.http.wire - http-outgoing-28 << "cache-control:no-cache[\r][\n]"
12:54:28.421 [Forwarding getElementText on session 47dcb4f2e91f23e8099fbb6d462139ca to remote] DEBUG org.apache.http.wire - http-outgoing-28 << "[\r][\n]"
12:54:28.421 [Forwarding getElementText on session 47dcb4f2e91f23e8099fbb6d462139ca to remote] DEBUG org.apache.http.wire - http-outgoing-28 << "{"value":"TN2jfdYCX9vvozqjwVvPjMd7vRj8HKyxUe"}"
12:54:28.421 [Forwarding getElementText on session 47dcb4f2e91f23e8099fbb6d462139ca to remote] DEBUG org.apache.http.headers - http-outgoing-28 << HTTP/1.1 200 OK
12:54:28.421 [Forwarding getElementText on session 47dcb4f2e91f23e8099fbb6d462139ca to remote] DEBUG org.apache.http.headers - http-outgoing-28 << Content-Length:46
12:54:28.421 [Forwarding getElementText on session 47dcb4f2e91f23e8099fbb6d462139ca to remote] DEBUG org.apache.http.headers - http-outgoing-28 << Content-Type:application/json; charset=utf-8
12:54:28.421 [Forwarding getElementText on session 47dcb4f2e91f23e8099fbb6d462139ca to remote] DEBUG org.apache.http.headers - http-outgoing-28 << cache-control:no-cache
12:54:28.422 [Forwarding getElementText on session 47dcb4f2e91f23e8099fbb6d462139ca to remote] DEBUG org.apache.http.impl.execchain.MainClientExec - Connection can be kept alive indefinitely
12:54:28.422 [Forwarding getElementText on session 47dcb4f2e91f23e8099fbb6d462139ca to remote] DEBUG org.apache.http.impl.conn.PoolingHttpClientConnectionManager - Connection [id: 28][route: {}->http://localhost:16622] can be kept alive indefinitely
12:54:28.422 [Forwarding getElementText on session 47dcb4f2e91f23e8099fbb6d462139ca to remote] DEBUG org.apache.http.impl.conn.PoolingHttpClientConnectionManager - Connection released: [id: 28][route: {}->http://localhost:16622][total kept alive: 11; route allocated: 1 of 2000; total allocated: 11 of 2000]
12:54:28.626 [Forwarding findElement on session 47dcb4f2e91f23e8099fbb6d462139ca to remote] DEBUG org.apache.http.client.protocol.RequestAddCookies - CookieSpec selected: default
12:54:28.626 [Forwarding findElement on session 47dcb4f2e91f23e8099fbb6d462139ca to remote] DEBUG org.apache.http.client.protocol.RequestAuthCache - Auth cache not set in the context
12:54:28.626 [Forwarding findElement on session 47dcb4f2e91f23e8099fbb6d462139ca to remote] DEBUG org.apache.http.impl.conn.PoolingHttpClientConnectionManager - Connection request: [route: {}->http://localhost:16622][total kept alive: 11; route allocated: 1 of 2000; total allocated: 11 of 2000]
12:54:28.626 [Forwarding findElement on session 47dcb4f2e91f23e8099fbb6d462139ca to remote] DEBUG org.apache.http.impl.conn.PoolingHttpClientConnectionManager - Connection leased: [id: 28][route: {}->http://localhost:16622][total kept alive: 10; route allocated: 1 of 2000; total allocated: 11 of 2000]
12:54:28.626 [Forwarding findElement on session 47dcb4f2e91f23e8099fbb6d462139ca to remote] DEBUG org.apache.http.impl.execchain.MainClientExec - Stale connection check
12:54:28.627 [Forwarding findElement on session 47dcb4f2e91f23e8099fbb6d462139ca to remote] DEBUG org.apache.http.wire - http-outgoing-28 << "[read] I/O error: Read timed out"
12:54:28.627 [Forwarding findElement on session 47dcb4f2e91f23e8099fbb6d462139ca to remote] DEBUG org.apache.http.impl.conn.DefaultManagedHttpClientConnection - http-outgoing-28: set socket timeout to 10800000
12:54:28.627 [Forwarding findElement on session 47dcb4f2e91f23e8099fbb6d462139ca to remote] DEBUG org.apache.http.impl.execchain.MainClientExec - Executing request POST /session/47dcb4f2e91f23e8099fbb6d462139ca/element HTTP/1.1
12:54:28.627 [Forwarding findElement on session 47dcb4f2e91f23e8099fbb6d462139ca to remote] DEBUG org.apache.http.impl.execchain.MainClientExec - Target auth state: UNCHALLENGED
12:54:28.627 [Forwarding findElement on session 47dcb4f2e91f23e8099fbb6d462139ca to remote] DEBUG org.apache.http.impl.execchain.MainClientExec - Proxy auth state: UNCHALLENGED
12:54:28.627 [Forwarding findElement on session 47dcb4f2e91f23e8099fbb6d462139ca to remote] DEBUG org.apache.http.headers - http-outgoing-28 >> POST /session/47dcb4f2e91f23e8099fbb6d462139ca/element HTTP/1.1
12:54:28.627 [Forwarding findElement on session 47dcb4f2e91f23e8099fbb6d462139ca to remote] DEBUG org.apache.http.headers - http-outgoing-28 >> Content-Type: application/json; charset=utf-8
12:54:28.627 [Forwarding findElement on session 47dcb4f2e91f23e8099fbb6d462139ca to remote] DEBUG org.apache.http.headers - http-outgoing-28 >> Content-Length: 58
12:54:28.627 [Forwarding findElement on session 47dcb4f2e91f23e8099fbb6d462139ca to remote] DEBUG org.apache.http.headers - http-outgoing-28 >> Host: localhost:16622
12:54:28.627 [Forwarding findElement on session 47dcb4f2e91f23e8099fbb6d462139ca to remote] DEBUG org.apache.http.headers - http-outgoing-28 >> Connection: Keep-Alive
12:54:28.627 [Forwarding findElement on session 47dcb4f2e91f23e8099fbb6d462139ca to remote] DEBUG org.apache.http.headers - http-outgoing-28 >> User-Agent: Apache-HttpClient/4.5.3 (Java/1.8.0_211)
12:54:28.627 [Forwarding findElement on session 47dcb4f2e91f23e8099fbb6d462139ca to remote] DEBUG org.apache.http.headers - http-outgoing-28 >> Accept-Encoding: gzip,deflate
12:54:28.627 [Forwarding findElement on session 47dcb4f2e91f23e8099fbb6d462139ca to remote] DEBUG org.apache.http.wire - http-outgoing-28 >> "POST /session/47dcb4f2e91f23e8099fbb6d462139ca/element HTTP/1.1[\r][\n]"
12:54:28.627 [Forwarding findElement on session 47dcb4f2e91f23e8099fbb6d462139ca to remote] DEBUG org.apache.http.wire - http-outgoing-28 >> "Content-Type: application/json; charset=utf-8[\r][\n]"
12:54:28.627 [Forwarding findElement on session 47dcb4f2e91f23e8099fbb6d462139ca to remote] DEBUG org.apache.http.wire - http-outgoing-28 >> "Content-Length: 58[\r][\n]"
12:54:28.627 [Forwarding findElement on session 47dcb4f2e91f23e8099fbb6d462139ca to remote] DEBUG org.apache.http.wire - http-outgoing-28 >> "Host: localhost:16622[\r][\n]"
12:54:28.627 [Forwarding findElement on session 47dcb4f2e91f23e8099fbb6d462139ca to remote] DEBUG org.apache.http.wire - http-outgoing-28 >> "Connection: Keep-Alive[\r][\n]"
12:54:28.627 [Forwarding findElement on session 47dcb4f2e91f23e8099fbb6d462139ca to remote] DEBUG org.apache.http.wire - http-outgoing-28 >> "User-Agent: Apache-HttpClient/4.5.3 (Java/1.8.0_211)[\r][\n]"
12:54:28.627 [Forwarding findElement on session 47dcb4f2e91f23e8099fbb6d462139ca to remote] DEBUG org.apache.http.wire - http-outgoing-28 >> "Accept-Encoding: gzip,deflate[\r][\n]"
12:54:28.627 [Forwarding findElement on session 47dcb4f2e91f23e8099fbb6d462139ca to remote] DEBUG org.apache.http.wire - http-outgoing-28 >> "[\r][\n]"
12:54:28.627 [Forwarding findElement on session 47dcb4f2e91f23e8099fbb6d462139ca to remote] DEBUG org.apache.http.wire - http-outgoing-28 >> "{"value":".dropdown-toggle > span","using":"css selector"}"
12:54:28.631 [Forwarding findElement on session 47dcb4f2e91f23e8099fbb6d462139ca to remote] DEBUG org.apache.http.wire - http-outgoing-28 << "HTTP/1.1 200 OK[\r][\n]"
12:54:28.631 [Forwarding findElement on session 47dcb4f2e91f23e8099fbb6d462139ca to remote] DEBUG org.apache.http.wire - http-outgoing-28 << "Content-Length:88[\r][\n]"
12:54:28.631 [Forwarding findElement on session 47dcb4f2e91f23e8099fbb6d462139ca to remote] DEBUG org.apache.http.wire - http-outgoing-28 << "Content-Type:application/json; charset=utf-8[\r][\n]"
12:54:28.631 [Forwarding findElement on session 47dcb4f2e91f23e8099fbb6d462139ca to remote] DEBUG org.apache.http.wire - http-outgoing-28 << "cache-control:no-cache[\r][\n]"
12:54:28.631 [Forwarding findElement on session 47dcb4f2e91f23e8099fbb6d462139ca to remote] DEBUG org.apache.http.wire - http-outgoing-28 << "[\r][\n]"
12:54:28.631 [Forwarding findElement on session 47dcb4f2e91f23e8099fbb6d462139ca to remote] DEBUG org.apache.http.wire - http-outgoing-28 << "{"value":{"element-6066-11e4-a52e-4f735466cecf":"888a637a-f6bb-406b-84f3-9b64f30fa486"}}"
12:54:28.631 [Forwarding findElement on session 47dcb4f2e91f23e8099fbb6d462139ca to remote] DEBUG org.apache.http.headers - http-outgoing-28 << HTTP/1.1 200 OK
12:54:28.631 [Forwarding findElement on session 47dcb4f2e91f23e8099fbb6d462139ca to remote] DEBUG org.apache.http.headers - http-outgoing-28 << Content-Length:88
12:54:28.631 [Forwarding findElement on session 47dcb4f2e91f23e8099fbb6d462139ca to remote] DEBUG org.apache.http.headers - http-outgoing-28 << Content-Type:application/json; charset=utf-8
12:54:28.631 [Forwarding findElement on session 47dcb4f2e91f23e8099fbb6d462139ca to remote] DEBUG org.apache.http.headers - http-outgoing-28 << cache-control:no-cache
12:54:28.631 [Forwarding findElement on session 47dcb4f2e91f23e8099fbb6d462139ca to remote] DEBUG org.apache.http.impl.execchain.MainClientExec - Connection can be kept alive indefinitely
12:54:28.631 [Forwarding findElement on session 47dcb4f2e91f23e8099fbb6d462139ca to remote] DEBUG org.apache.http.impl.conn.PoolingHttpClientConnectionManager - Connection [id: 28][route: {}->http://localhost:16622] can be kept alive indefinitely
12:54:28.631 [Forwarding findElement on session 47dcb4f2e91f23e8099fbb6d462139ca to remote] DEBUG org.apache.http.impl.conn.PoolingHttpClientConnectionManager - Connection released: [id: 28][route: {}->http://localhost:16622][total kept alive: 11; route allocated: 1 of 2000; total allocated: 11 of 2000]
12:54:28.632 [Forwarding actions on session 47dcb4f2e91f23e8099fbb6d462139ca to remote] DEBUG org.apache.http.client.protocol.RequestAddCookies - CookieSpec selected: default
12:54:28.632 [Forwarding actions on session 47dcb4f2e91f23e8099fbb6d462139ca to remote] DEBUG org.apache.http.client.protocol.RequestAuthCache - Auth cache not set in the context
12:54:28.632 [Forwarding actions on session 47dcb4f2e91f23e8099fbb6d462139ca to remote] DEBUG org.apache.http.impl.conn.PoolingHttpClientConnectionManager - Connection request: [route: {}->http://localhost:16622][total kept alive: 11; route allocated: 1 of 2000; total allocated: 11 of 2000]
12:54:28.632 [Forwarding actions on session 47dcb4f2e91f23e8099fbb6d462139ca to remote] DEBUG org.apache.http.impl.conn.PoolingHttpClientConnectionManager - Connection leased: [id: 28][route: {}->http://localhost:16622][total kept alive: 10; route allocated: 1 of 2000; total allocated: 11 of 2000]
12:54:28.632 [Forwarding actions on session 47dcb4f2e91f23e8099fbb6d462139ca to remote] DEBUG org.apache.http.impl.execchain.MainClientExec - Stale connection check
12:54:28.633 [Forwarding actions on session 47dcb4f2e91f23e8099fbb6d462139ca to remote] DEBUG org.apache.http.wire - http-outgoing-28 << "[read] I/O error: Read timed out"
12:54:28.633 [Forwarding actions on session 47dcb4f2e91f23e8099fbb6d462139ca to remote] DEBUG org.apache.http.impl.conn.DefaultManagedHttpClientConnection - http-outgoing-28: set socket timeout to 10800000
12:54:28.633 [Forwarding actions on session 47dcb4f2e91f23e8099fbb6d462139ca to remote] DEBUG org.apache.http.impl.execchain.MainClientExec - Executing request POST /session/47dcb4f2e91f23e8099fbb6d462139ca/actions HTTP/1.1
12:54:28.633 [Forwarding actions on session 47dcb4f2e91f23e8099fbb6d462139ca to remote] DEBUG org.apache.http.impl.execchain.MainClientExec - Target auth state: UNCHALLENGED
12:54:28.633 [Forwarding actions on session 47dcb4f2e91f23e8099fbb6d462139ca to remote] DEBUG org.apache.http.impl.execchain.MainClientExec - Proxy auth state: UNCHALLENGED
12:54:28.633 [Forwarding actions on session 47dcb4f2e91f23e8099fbb6d462139ca to remote] DEBUG org.apache.http.headers - http-outgoing-28 >> POST /session/47dcb4f2e91f23e8099fbb6d462139ca/actions HTTP/1.1
12:54:28.633 [Forwarding actions on session 47dcb4f2e91f23e8099fbb6d462139ca to remote] DEBUG org.apache.http.headers - http-outgoing-28 >> Content-Type: application/json; charset=utf-8
12:54:28.633 [Forwarding actions on session 47dcb4f2e91f23e8099fbb6d462139ca to remote] DEBUG org.apache.http.headers - http-outgoing-28 >> Content-Length: 289
12:54:28.633 [Forwarding actions on session 47dcb4f2e91f23e8099fbb6d462139ca to remote] DEBUG org.apache.http.headers - http-outgoing-28 >> Host: localhost:16622
12:54:28.633 [Forwarding actions on session 47dcb4f2e91f23e8099fbb6d462139ca to remote] DEBUG org.apache.http.headers - http-outgoing-28 >> Connection: Keep-Alive
12:54:28.633 [Forwarding actions on session 47dcb4f2e91f23e8099fbb6d462139ca to remote] DEBUG org.apache.http.headers - http-outgoing-28 >> User-Agent: Apache-HttpClient/4.5.3 (Java/1.8.0_211)
12:54:28.633 [Forwarding actions on session 47dcb4f2e91f23e8099fbb6d462139ca to remote] DEBUG org.apache.http.headers - http-outgoing-28 >> Accept-Encoding: gzip,deflate
12:54:28.633 [Forwarding actions on session 47dcb4f2e91f23e8099fbb6d462139ca to remote] DEBUG org.apache.http.wire - http-outgoing-28 >> "POST /session/47dcb4f2e91f23e8099fbb6d462139ca/actions HTTP/1.1[\r][\n]"
12:54:28.633 [Forwarding actions on session 47dcb4f2e91f23e8099fbb6d462139ca to remote] DEBUG org.apache.http.wire - http-outgoing-28 >> "Content-Type: application/json; charset=utf-8[\r][\n]"
12:54:28.633 [Forwarding actions on session 47dcb4f2e91f23e8099fbb6d462139ca to remote] DEBUG org.apache.http.wire - http-outgoing-28 >> "Content-Length: 289[\r][\n]"
12:54:28.633 [Forwarding actions on session 47dcb4f2e91f23e8099fbb6d462139ca to remote] DEBUG org.apache.http.wire - http-outgoing-28 >> "Host: localhost:16622[\r][\n]"
12:54:28.633 [Forwarding actions on session 47dcb4f2e91f23e8099fbb6d462139ca to remote] DEBUG org.apache.http.wire - http-outgoing-28 >> "Connection: Keep-Alive[\r][\n]"
12:54:28.633 [Forwarding actions on session 47dcb4f2e91f23e8099fbb6d462139ca to remote] DEBUG org.apache.http.wire - http-outgoing-28 >> "User-Agent: Apache-HttpClient/4.5.3 (Java/1.8.0_211)[\r][\n]"
12:54:28.633 [Forwarding actions on session 47dcb4f2e91f23e8099fbb6d462139ca to remote] DEBUG org.apache.http.wire - http-outgoing-28 >> "Accept-Encoding: gzip,deflate[\r][\n]"
12:54:28.633 [Forwarding actions on session 47dcb4f2e91f23e8099fbb6d462139ca to remote] DEBUG org.apache.http.wire - http-outgoing-28 >> "[\r][\n]"
12:54:28.633 [Forwarding actions on session 47dcb4f2e91f23e8099fbb6d462139ca to remote] DEBUG org.apache.http.wire - http-outgoing-28 >> "{"actions":[{"id":"default mouse","type":"pointer","parameters":{"pointerType":"mouse"},"actions":[{"duration":100,"x":0,"y":0,"type":"pointerMove","origin":{"ELEMENT":"888a637a-f6bb-406b-84f3-9b64f30fa486","element-6066-11e4-a52e-4f735466cecf":"888a637a-f6bb-406b-84f3-9b64f30fa486"}}]}]}"
12:54:28.745 [Forwarding actions on session 47dcb4f2e91f23e8099fbb6d462139ca to remote] DEBUG org.apache.http.wire - http-outgoing-28 << "HTTP/1.1 200 OK[\r][\n]"
12:54:28.746 [Forwarding actions on session 47dcb4f2e91f23e8099fbb6d462139ca to remote] DEBUG org.apache.http.wire - http-outgoing-28 << "Content-Length:14[\r][\n]"
12:54:28.746 [Forwarding actions on session 47dcb4f2e91f23e8099fbb6d462139ca to remote] DEBUG org.apache.http.wire - http-outgoing-28 << "Content-Type:application/json; charset=utf-8[\r][\n]"
12:54:28.746 [Forwarding actions on session 47dcb4f2e91f23e8099fbb6d462139ca to remote] DEBUG org.apache.http.wire - http-outgoing-28 << "cache-control:no-cache[\r][\n]"
12:54:28.746 [Forwarding actions on session 47dcb4f2e91f23e8099fbb6d462139ca to remote] DEBUG org.apache.http.wire - http-outgoing-28 << "[\r][\n]"
12:54:28.746 [Forwarding actions on session 47dcb4f2e91f23e8099fbb6d462139ca to remote] DEBUG org.apache.http.wire - http-outgoing-28 << "{"value":null}"
12:54:28.746 [Forwarding actions on session 47dcb4f2e91f23e8099fbb6d462139ca to remote] DEBUG org.apache.http.headers - http-outgoing-28 << HTTP/1.1 200 OK
12:54:28.746 [Forwarding actions on session 47dcb4f2e91f23e8099fbb6d462139ca to remote] DEBUG org.apache.http.headers - http-outgoing-28 << Content-Length:14
12:54:28.746 [Forwarding actions on session 47dcb4f2e91f23e8099fbb6d462139ca to remote] DEBUG org.apache.http.headers - http-outgoing-28 << Content-Type:application/json; charset=utf-8
12:54:28.746 [Forwarding actions on session 47dcb4f2e91f23e8099fbb6d462139ca to remote] DEBUG org.apache.http.headers - http-outgoing-28 << cache-control:no-cache
12:54:28.746 [Forwarding actions on session 47dcb4f2e91f23e8099fbb6d462139ca to remote] DEBUG org.apache.http.impl.execchain.MainClientExec - Connection can be kept alive indefinitely
12:54:28.746 [Forwarding actions on session 47dcb4f2e91f23e8099fbb6d462139ca to remote] DEBUG org.apache.http.impl.conn.PoolingHttpClientConnectionManager - Connection [id: 28][route: {}->http://localhost:16622] can be kept alive indefinitely
12:54:28.746 [Forwarding actions on session 47dcb4f2e91f23e8099fbb6d462139ca to remote] DEBUG org.apache.http.impl.conn.PoolingHttpClientConnectionManager - Connection released: [id: 28][route: {}->http://localhost:16622][total kept alive: 11; route allocated: 1 of 2000; total allocated: 11 of 2000]
12:54:28.746 [Forwarding findElement on session 47dcb4f2e91f23e8099fbb6d462139ca to remote] DEBUG org.apache.http.client.protocol.RequestAddCookies - CookieSpec selected: default
12:54:28.747 [Forwarding findElement on session 47dcb4f2e91f23e8099fbb6d462139ca to remote] DEBUG org.apache.http.client.protocol.RequestAuthCache - Auth cache not set in the context
12:54:28.747 [Forwarding findElement on session 47dcb4f2e91f23e8099fbb6d462139ca to remote] DEBUG org.apache.http.impl.conn.PoolingHttpClientConnectionManager - Connection request: [route: {}->http://localhost:16622][total kept alive: 11; route allocated: 1 of 2000; total allocated: 11 of 2000]
12:54:28.747 [Forwarding findElement on session 47dcb4f2e91f23e8099fbb6d462139ca to remote] DEBUG org.apache.http.impl.conn.PoolingHttpClientConnectionManager - Connection leased: [id: 28][route: {}->http://localhost:16622][total kept alive: 10; route allocated: 1 of 2000; total allocated: 11 of 2000]
12:54:28.747 [Forwarding findElement on session 47dcb4f2e91f23e8099fbb6d462139ca to remote] DEBUG org.apache.http.impl.execchain.MainClientExec - Stale connection check
12:54:28.748 [Forwarding findElement on session 47dcb4f2e91f23e8099fbb6d462139ca to remote] DEBUG org.apache.http.wire - http-outgoing-28 << "[read] I/O error: Read timed out"
12:54:28.748 [Forwarding findElement on session 47dcb4f2e91f23e8099fbb6d462139ca to remote] DEBUG org.apache.http.impl.conn.DefaultManagedHttpClientConnection - http-outgoing-28: set socket timeout to 10800000
12:54:28.748 [Forwarding findElement on session 47dcb4f2e91f23e8099fbb6d462139ca to remote] DEBUG org.apache.http.impl.execchain.MainClientExec - Executing request POST /session/47dcb4f2e91f23e8099fbb6d462139ca/element HTTP/1.1
12:54:28.748 [Forwarding findElement on session 47dcb4f2e91f23e8099fbb6d462139ca to remote] DEBUG org.apache.http.impl.execchain.MainClientExec - Target auth state: UNCHALLENGED
12:54:28.748 [Forwarding findElement on session 47dcb4f2e91f23e8099fbb6d462139ca to remote] DEBUG org.apache.http.impl.execchain.MainClientExec - Proxy auth state: UNCHALLENGED
12:54:28.748 [Forwarding findElement on session 47dcb4f2e91f23e8099fbb6d462139ca to remote] DEBUG org.apache.http.headers - http-outgoing-28 >> POST /session/47dcb4f2e91f23e8099fbb6d462139ca/element HTTP/1.1
12:54:28.748 [Forwarding findElement on session 47dcb4f2e91f23e8099fbb6d462139ca to remote] DEBUG org.apache.http.headers - http-outgoing-28 >> Content-Type: application/json; charset=utf-8
12:54:28.748 [Forwarding findElement on session 47dcb4f2e91f23e8099fbb6d462139ca to remote] DEBUG org.apache.http.headers - http-outgoing-28 >> Content-Length: 63
12:54:28.748 [Forwarding findElement on session 47dcb4f2e91f23e8099fbb6d462139ca to remote] DEBUG org.apache.http.headers - http-outgoing-28 >> Host: localhost:16622
12:54:28.748 [Forwarding findElement on session 47dcb4f2e91f23e8099fbb6d462139ca to remote] DEBUG org.apache.http.headers - http-outgoing-28 >> Connection: Keep-Alive
12:54:28.748 [Forwarding findElement on session 47dcb4f2e91f23e8099fbb6d462139ca to remote] DEBUG org.apache.http.headers - http-outgoing-28 >> User-Agent: Apache-HttpClient/4.5.3 (Java/1.8.0_211)
12:54:28.748 [Forwarding findElement on session 47dcb4f2e91f23e8099fbb6d462139ca to remote] DEBUG org.apache.http.headers - http-outgoing-28 >> Accept-Encoding: gzip,deflate
12:54:28.748 [Forwarding findElement on session 47dcb4f2e91f23e8099fbb6d462139ca to remote] DEBUG org.apache.http.wire - http-outgoing-28 >> "POST /session/47dcb4f2e91f23e8099fbb6d462139ca/element HTTP/1.1[\r][\n]"
12:54:28.748 [Forwarding findElement on session 47dcb4f2e91f23e8099fbb6d462139ca to remote] DEBUG org.apache.http.wire - http-outgoing-28 >> "Content-Type: application/json; charset=utf-8[\r][\n]"
12:54:28.748 [Forwarding findElement on session 47dcb4f2e91f23e8099fbb6d462139ca to remote] DEBUG org.apache.http.wire - http-outgoing-28 >> "Content-Length: 63[\r][\n]"
12:54:28.748 [Forwarding findElement on session 47dcb4f2e91f23e8099fbb6d462139ca to remote] DEBUG org.apache.http.wire - http-outgoing-28 >> "Host: localhost:16622[\r][\n]"
12:54:28.748 [Forwarding findElement on session 47dcb4f2e91f23e8099fbb6d462139ca to remote] DEBUG org.apache.http.wire - http-outgoing-28 >> "Connection: Keep-Alive[\r][\n]"
12:54:28.748 [Forwarding findElement on session 47dcb4f2e91f23e8099fbb6d462139ca to remote] DEBUG org.apache.http.wire - http-outgoing-28 >> "User-Agent: Apache-HttpClient/4.5.3 (Java/1.8.0_211)[\r][\n]"
12:54:28.748 [Forwarding findElement on session 47dcb4f2e91f23e8099fbb6d462139ca to remote] DEBUG org.apache.http.wire - http-outgoing-28 >> "Accept-Encoding: gzip,deflate[\r][\n]"
12:54:28.748 [Forwarding findElement on session 47dcb4f2e91f23e8099fbb6d462139ca to remote] DEBUG org.apache.http.wire - http-outgoing-28 >> "[\r][\n]"
12:54:28.748 [Forwarding findElement on session 47dcb4f2e91f23e8099fbb6d462139ca to remote] DEBUG org.apache.http.wire - http-outgoing-28 >> "{"value":".dropdown-item:nth-child(10)","using":"css selector"}"
12:54:28.753 [Forwarding findElement on session 47dcb4f2e91f23e8099fbb6d462139ca to remote] DEBUG org.apache.http.wire - http-outgoing-28 << "HTTP/1.1 200 OK[\r][\n]"
12:54:28.753 [Forwarding findElement on session 47dcb4f2e91f23e8099fbb6d462139ca to remote] DEBUG org.apache.http.wire - http-outgoing-28 << "Content-Length:88[\r][\n]"
12:54:28.753 [Forwarding findElement on session 47dcb4f2e91f23e8099fbb6d462139ca to remote] DEBUG org.apache.http.wire - http-outgoing-28 << "Content-Type:application/json; charset=utf-8[\r][\n]"
12:54:28.753 [Forwarding findElement on session 47dcb4f2e91f23e8099fbb6d462139ca to remote] DEBUG org.apache.http.wire - http-outgoing-28 << "cache-control:no-cache[\r][\n]"
12:54:28.753 [Forwarding findElement on session 47dcb4f2e91f23e8099fbb6d462139ca to remote] DEBUG org.apache.http.wire - http-outgoing-28 << "[\r][\n]"
12:54:28.753 [Forwarding findElement on session 47dcb4f2e91f23e8099fbb6d462139ca to remote] DEBUG org.apache.http.wire - http-outgoing-28 << "{"value":{"element-6066-11e4-a52e-4f735466cecf":"4c085976-588f-4ea4-ad9e-350e047a61b4"}}"
12:54:28.753 [Forwarding findElement on session 47dcb4f2e91f23e8099fbb6d462139ca to remote] DEBUG org.apache.http.headers - http-outgoing-28 << HTTP/1.1 200 OK
12:54:28.753 [Forwarding findElement on session 47dcb4f2e91f23e8099fbb6d462139ca to remote] DEBUG org.apache.http.headers - http-outgoing-28 << Content-Length:88
12:54:28.753 [Forwarding findElement on session 47dcb4f2e91f23e8099fbb6d462139ca to remote] DEBUG org.apache.http.headers - http-outgoing-28 << Content-Type:application/json; charset=utf-8
12:54:28.753 [Forwarding findElement on session 47dcb4f2e91f23e8099fbb6d462139ca to remote] DEBUG org.apache.http.headers - http-outgoing-28 << cache-control:no-cache
12:54:28.753 [Forwarding findElement on session 47dcb4f2e91f23e8099fbb6d462139ca to remote] DEBUG org.apache.http.impl.execchain.MainClientExec - Connection can be kept alive indefinitely
12:54:28.753 [Forwarding findElement on session 47dcb4f2e91f23e8099fbb6d462139ca to remote] DEBUG org.apache.http.impl.conn.PoolingHttpClientConnectionManager - Connection [id: 28][route: {}->http://localhost:16622] can be kept alive indefinitely
12:54:28.753 [Forwarding findElement on session 47dcb4f2e91f23e8099fbb6d462139ca to remote] DEBUG org.apache.http.impl.conn.PoolingHttpClientConnectionManager - Connection released: [id: 28][route: {}->http://localhost:16622][total kept alive: 11; route allocated: 1 of 2000; total allocated: 11 of 2000]
12:54:28.753 [Forwarding clickElement on session 47dcb4f2e91f23e8099fbb6d462139ca to remote] DEBUG org.apache.http.client.protocol.RequestAddCookies - CookieSpec selected: default
12:54:28.754 [Forwarding clickElement on session 47dcb4f2e91f23e8099fbb6d462139ca to remote] DEBUG org.apache.http.client.protocol.RequestAuthCache - Auth cache not set in the context
12:54:28.754 [Forwarding clickElement on session 47dcb4f2e91f23e8099fbb6d462139ca to remote] DEBUG org.apache.http.impl.conn.PoolingHttpClientConnectionManager - Connection request: [route: {}->http://localhost:16622][total kept alive: 11; route allocated: 1 of 2000; total allocated: 11 of 2000]
12:54:28.754 [Forwarding clickElement on session 47dcb4f2e91f23e8099fbb6d462139ca to remote] DEBUG org.apache.http.impl.conn.PoolingHttpClientConnectionManager - Connection leased: [id: 28][route: {}->http://localhost:16622][total kept alive: 10; route allocated: 1 of 2000; total allocated: 11 of 2000]
12:54:28.754 [Forwarding clickElement on session 47dcb4f2e91f23e8099fbb6d462139ca to remote] DEBUG org.apache.http.impl.execchain.MainClientExec - Stale connection check
12:54:28.755 [Forwarding clickElement on session 47dcb4f2e91f23e8099fbb6d462139ca to remote] DEBUG org.apache.http.wire - http-outgoing-28 << "[read] I/O error: Read timed out"
12:54:28.755 [Forwarding clickElement on session 47dcb4f2e91f23e8099fbb6d462139ca to remote] DEBUG org.apache.http.impl.conn.DefaultManagedHttpClientConnection - http-outgoing-28: set socket timeout to 10800000
12:54:28.755 [Forwarding clickElement on session 47dcb4f2e91f23e8099fbb6d462139ca to remote] DEBUG org.apache.http.impl.execchain.MainClientExec - Executing request POST /session/47dcb4f2e91f23e8099fbb6d462139ca/element/4c085976-588f-4ea4-ad9e-350e047a61b4/click HTTP/1.1
12:54:28.755 [Forwarding clickElement on session 47dcb4f2e91f23e8099fbb6d462139ca to remote] DEBUG org.apache.http.impl.execchain.MainClientExec - Target auth state: UNCHALLENGED
12:54:28.755 [Forwarding clickElement on session 47dcb4f2e91f23e8099fbb6d462139ca to remote] DEBUG org.apache.http.impl.execchain.MainClientExec - Proxy auth state: UNCHALLENGED
12:54:28.755 [Forwarding clickElement on session 47dcb4f2e91f23e8099fbb6d462139ca to remote] DEBUG org.apache.http.headers - http-outgoing-28 >> POST /session/47dcb4f2e91f23e8099fbb6d462139ca/element/4c085976-588f-4ea4-ad9e-350e047a61b4/click HTTP/1.1
12:54:28.755 [Forwarding clickElement on session 47dcb4f2e91f23e8099fbb6d462139ca to remote] DEBUG org.apache.http.headers - http-outgoing-28 >> Content-Type: application/json; charset=utf-8
12:54:28.755 [Forwarding clickElement on session 47dcb4f2e91f23e8099fbb6d462139ca to remote] DEBUG org.apache.http.headers - http-outgoing-28 >> Content-Length: 45
12:54:28.755 [Forwarding clickElement on session 47dcb4f2e91f23e8099fbb6d462139ca to remote] DEBUG org.apache.http.headers - http-outgoing-28 >> Host: localhost:16622
12:54:28.755 [Forwarding clickElement on session 47dcb4f2e91f23e8099fbb6d462139ca to remote] DEBUG org.apache.http.headers - http-outgoing-28 >> Connection: Keep-Alive
12:54:28.755 [Forwarding clickElement on session 47dcb4f2e91f23e8099fbb6d462139ca to remote] DEBUG org.apache.http.headers - http-outgoing-28 >> User-Agent: Apache-HttpClient/4.5.3 (Java/1.8.0_211)
12:54:28.755 [Forwarding clickElement on session 47dcb4f2e91f23e8099fbb6d462139ca to remote] DEBUG org.apache.http.headers - http-outgoing-28 >> Accept-Encoding: gzip,deflate
12:54:28.755 [Forwarding clickElement on session 47dcb4f2e91f23e8099fbb6d462139ca to remote] DEBUG org.apache.http.wire - http-outgoing-28 >> "POST /session/47dcb4f2e91f23e8099fbb6d462139ca/element/4c085976-588f-4ea4-ad9e-350e047a61b4/click HTTP/1.1[\r][\n]"
12:54:28.755 [Forwarding clickElement on session 47dcb4f2e91f23e8099fbb6d462139ca to remote] DEBUG org.apache.http.wire - http-outgoing-28 >> "Content-Type: application/json; charset=utf-8[\r][\n]"
12:54:28.755 [Forwarding clickElement on session 47dcb4f2e91f23e8099fbb6d462139ca to remote] DEBUG org.apache.http.wire - http-outgoing-28 >> "Content-Length: 45[\r][\n]"
12:54:28.755 [Forwarding clickElement on session 47dcb4f2e91f23e8099fbb6d462139ca to remote] DEBUG org.apache.http.wire - http-outgoing-28 >> "Host: localhost:16622[\r][\n]"
12:54:28.755 [Forwarding clickElement on session 47dcb4f2e91f23e8099fbb6d462139ca to remote] DEBUG org.apache.http.wire - http-outgoing-28 >> "Connection: Keep-Alive[\r][\n]"
12:54:28.755 [Forwarding clickElement on session 47dcb4f2e91f23e8099fbb6d462139ca to remote] DEBUG org.apache.http.wire - http-outgoing-28 >> "User-Agent: Apache-HttpClient/4.5.3 (Java/1.8.0_211)[\r][\n]"
12:54:28.755 [Forwarding clickElement on session 47dcb4f2e91f23e8099fbb6d462139ca to remote] DEBUG org.apache.http.wire - http-outgoing-28 >> "Accept-Encoding: gzip,deflate[\r][\n]"
12:54:28.755 [Forwarding clickElement on session 47dcb4f2e91f23e8099fbb6d462139ca to remote] DEBUG org.apache.http.wire - http-outgoing-28 >> "[\r][\n]"
12:54:28.755 [Forwarding clickElement on session 47dcb4f2e91f23e8099fbb6d462139ca to remote] DEBUG org.apache.http.wire - http-outgoing-28 >> "{"id":"4c085976-588f-4ea4-ad9e-350e047a61b4"}"
12:54:28.817 [Forwarding clickElement on session 47dcb4f2e91f23e8099fbb6d462139ca to remote] DEBUG org.apache.http.wire - http-outgoing-28 << "HTTP/1.1 200 OK[\r][\n]"
12:54:28.817 [Forwarding clickElement on session 47dcb4f2e91f23e8099fbb6d462139ca to remote] DEBUG org.apache.http.wire - http-outgoing-28 << "Content-Length:14[\r][\n]"
12:54:28.817 [Forwarding clickElement on session 47dcb4f2e91f23e8099fbb6d462139ca to remote] DEBUG org.apache.http.wire - http-outgoing-28 << "Content-Type:application/json; charset=utf-8[\r][\n]"
12:54:28.817 [Forwarding clickElement on session 47dcb4f2e91f23e8099fbb6d462139ca to remote] DEBUG org.apache.http.wire - http-outgoing-28 << "cache-control:no-cache[\r][\n]"
12:54:28.817 [Forwarding clickElement on session 47dcb4f2e91f23e8099fbb6d462139ca to remote] DEBUG org.apache.http.wire - http-outgoing-28 << "[\r][\n]"
12:54:28.817 [Forwarding clickElement on session 47dcb4f2e91f23e8099fbb6d462139ca to remote] DEBUG org.apache.http.wire - http-outgoing-28 << "{"value":null}"
12:54:28.817 [Forwarding clickElement on session 47dcb4f2e91f23e8099fbb6d462139ca to remote] DEBUG org.apache.http.headers - http-outgoing-28 << HTTP/1.1 200 OK
12:54:28.817 [Forwarding clickElement on session 47dcb4f2e91f23e8099fbb6d462139ca to remote] DEBUG org.apache.http.headers - http-outgoing-28 << Content-Length:14
12:54:28.817 [Forwarding clickElement on session 47dcb4f2e91f23e8099fbb6d462139ca to remote] DEBUG org.apache.http.headers - http-outgoing-28 << Content-Type:application/json; charset=utf-8
12:54:28.817 [Forwarding clickElement on session 47dcb4f2e91f23e8099fbb6d462139ca to remote] DEBUG org.apache.http.headers - http-outgoing-28 << cache-control:no-cache
12:54:28.817 [Forwarding clickElement on session 47dcb4f2e91f23e8099fbb6d462139ca to remote] DEBUG org.apache.http.impl.execchain.MainClientExec - Connection can be kept alive indefinitely
12:54:28.817 [Forwarding clickElement on session 47dcb4f2e91f23e8099fbb6d462139ca to remote] DEBUG org.apache.http.impl.conn.PoolingHttpClientConnectionManager - Connection [id: 28][route: {}->http://localhost:16622] can be kept alive indefinitely
12:54:28.817 [Forwarding clickElement on session 47dcb4f2e91f23e8099fbb6d462139ca to remote] DEBUG org.apache.http.impl.conn.PoolingHttpClientConnectionManager - Connection released: [id: 28][route: {}->http://localhost:16622][total kept alive: 11; route allocated: 1 of 2000; total allocated: 11 of 2000]
12:54:28.818 [Forwarding findElement on session 47dcb4f2e91f23e8099fbb6d462139ca to remote] DEBUG org.apache.http.client.protocol.RequestAddCookies - CookieSpec selected: default
12:54:28.818 [Forwarding findElement on session 47dcb4f2e91f23e8099fbb6d462139ca to remote] DEBUG org.apache.http.client.protocol.RequestAuthCache - Auth cache not set in the context
12:54:28.818 [Forwarding findElement on session 47dcb4f2e91f23e8099fbb6d462139ca to remote] DEBUG org.apache.http.impl.conn.PoolingHttpClientConnectionManager - Connection request: [route: {}->http://localhost:16622][total kept alive: 11; route allocated: 1 of 2000; total allocated: 11 of 2000]
12:54:28.818 [Forwarding findElement on session 47dcb4f2e91f23e8099fbb6d462139ca to remote] DEBUG org.apache.http.impl.conn.PoolingHttpClientConnectionManager - Connection leased: [id: 28][route: {}->http://localhost:16622][total kept alive: 10; route allocated: 1 of 2000; total allocated: 11 of 2000]
12:54:28.818 [Forwarding findElement on session 47dcb4f2e91f23e8099fbb6d462139ca to remote] DEBUG org.apache.http.impl.execchain.MainClientExec - Stale connection check
12:54:28.819 [Forwarding findElement on session 47dcb4f2e91f23e8099fbb6d462139ca to remote] DEBUG org.apache.http.wire - http-outgoing-28 << "[read] I/O error: Read timed out"
12:54:28.819 [Forwarding findElement on session 47dcb4f2e91f23e8099fbb6d462139ca to remote] DEBUG org.apache.http.impl.conn.DefaultManagedHttpClientConnection - http-outgoing-28: set socket timeout to 10800000
12:54:28.819 [Forwarding findElement on session 47dcb4f2e91f23e8099fbb6d462139ca to remote] DEBUG org.apache.http.impl.execchain.MainClientExec - Executing request POST /session/47dcb4f2e91f23e8099fbb6d462139ca/element HTTP/1.1
12:54:28.819 [Forwarding findElement on session 47dcb4f2e91f23e8099fbb6d462139ca to remote] DEBUG org.apache.http.impl.execchain.MainClientExec - Target auth state: UNCHALLENGED
12:54:28.819 [Forwarding findElement on session 47dcb4f2e91f23e8099fbb6d462139ca to remote] DEBUG org.apache.http.impl.execchain.MainClientExec - Proxy auth state: UNCHALLENGED
12:54:28.819 [Forwarding findElement on session 47dcb4f2e91f23e8099fbb6d462139ca to remote] DEBUG org.apache.http.headers - http-outgoing-28 >> POST /session/47dcb4f2e91f23e8099fbb6d462139ca/element HTTP/1.1
12:54:28.819 [Forwarding findElement on session 47dcb4f2e91f23e8099fbb6d462139ca to remote] DEBUG org.apache.http.headers - http-outgoing-28 >> Content-Type: application/json; charset=utf-8
12:54:28.819 [Forwarding findElement on session 47dcb4f2e91f23e8099fbb6d462139ca to remote] DEBUG org.apache.http.headers - http-outgoing-28 >> Content-Length: 73
12:54:28.819 [Forwarding findElement on session 47dcb4f2e91f23e8099fbb6d462139ca to remote] DEBUG org.apache.http.headers - http-outgoing-28 >> Host: localhost:16622
12:54:28.819 [Forwarding findElement on session 47dcb4f2e91f23e8099fbb6d462139ca to remote] DEBUG org.apache.http.headers - http-outgoing-28 >> Connection: Keep-Alive
12:54:28.819 [Forwarding findElement on session 47dcb4f2e91f23e8099fbb6d462139ca to remote] DEBUG org.apache.http.headers - http-outgoing-28 >> User-Agent: Apache-HttpClient/4.5.3 (Java/1.8.0_211)
12:54:28.819 [Forwarding findElement on session 47dcb4f2e91f23e8099fbb6d462139ca to remote] DEBUG org.apache.http.headers - http-outgoing-28 >> Accept-Encoding: gzip,deflate
12:54:28.819 [Forwarding findElement on session 47dcb4f2e91f23e8099fbb6d462139ca to remote] DEBUG org.apache.http.wire - http-outgoing-28 >> "POST /session/47dcb4f2e91f23e8099fbb6d462139ca/element HTTP/1.1[\r][\n]"
12:54:28.819 [Forwarding findElement on session 47dcb4f2e91f23e8099fbb6d462139ca to remote] DEBUG org.apache.http.wire - http-outgoing-28 >> "Content-Type: application/json; charset=utf-8[\r][\n]"
12:54:28.819 [Forwarding findElement on session 47dcb4f2e91f23e8099fbb6d462139ca to remote] DEBUG org.apache.http.wire - http-outgoing-28 >> "Content-Length: 73[\r][\n]"
12:54:28.819 [Forwarding findElement on session 47dcb4f2e91f23e8099fbb6d462139ca to remote] DEBUG org.apache.http.wire - http-outgoing-28 >> "Host: localhost:16622[\r][\n]"
12:54:28.819 [Forwarding findElement on session 47dcb4f2e91f23e8099fbb6d462139ca to remote] DEBUG org.apache.http.wire - http-outgoing-28 >> "Connection: Keep-Alive[\r][\n]"
12:54:28.819 [Forwarding findElement on session 47dcb4f2e91f23e8099fbb6d462139ca to remote] DEBUG org.apache.http.wire - http-outgoing-28 >> "User-Agent: Apache-HttpClient/4.5.3 (Java/1.8.0_211)[\r][\n]"
12:54:28.819 [Forwarding findElement on session 47dcb4f2e91f23e8099fbb6d462139ca to remote] DEBUG org.apache.http.wire - http-outgoing-28 >> "Accept-Encoding: gzip,deflate[\r][\n]"
12:54:28.819 [Forwarding findElement on session 47dcb4f2e91f23e8099fbb6d462139ca to remote] DEBUG org.apache.http.wire - http-outgoing-28 >> "[\r][\n]"
12:54:28.819 [Forwarding findElement on session 47dcb4f2e91f23e8099fbb6d462139ca to remote] DEBUG org.apache.http.wire - http-outgoing-28 >> "{"value":".form-group:nth-child(1) .form-control","using":"css selector"}"
12:54:28.825 [Forwarding findElement on session 47dcb4f2e91f23e8099fbb6d462139ca to remote] DEBUG org.apache.http.wire - http-outgoing-28 << "HTTP/1.1 200 OK[\r][\n]"
12:54:28.825 [Forwarding findElement on session 47dcb4f2e91f23e8099fbb6d462139ca to remote] DEBUG org.apache.http.wire - http-outgoing-28 << "Content-Length:88[\r][\n]"
12:54:28.825 [Forwarding findElement on session 47dcb4f2e91f23e8099fbb6d462139ca to remote] DEBUG org.apache.http.wire - http-outgoing-28 << "Content-Type:application/json; charset=utf-8[\r][\n]"
12:54:28.825 [Forwarding findElement on session 47dcb4f2e91f23e8099fbb6d462139ca to remote] DEBUG org.apache.http.wire - http-outgoing-28 << "cache-control:no-cache[\r][\n]"
12:54:28.825 [Forwarding findElement on session 47dcb4f2e91f23e8099fbb6d462139ca to remote] DEBUG org.apache.http.wire - http-outgoing-28 << "[\r][\n]"
12:54:28.825 [Forwarding findElement on session 47dcb4f2e91f23e8099fbb6d462139ca to remote] DEBUG org.apache.http.wire - http-outgoing-28 << "{"value":{"element-6066-11e4-a52e-4f735466cecf":"6263b6d1-594d-407e-9ea0-d3da68830125"}}"
12:54:28.825 [Forwarding findElement on session 47dcb4f2e91f23e8099fbb6d462139ca to remote] DEBUG org.apache.http.headers - http-outgoing-28 << HTTP/1.1 200 OK
12:54:28.825 [Forwarding findElement on session 47dcb4f2e91f23e8099fbb6d462139ca to remote] DEBUG org.apache.http.headers - http-outgoing-28 << Content-Length:88
12:54:28.825 [Forwarding findElement on session 47dcb4f2e91f23e8099fbb6d462139ca to remote] DEBUG org.apache.http.headers - http-outgoing-28 << Content-Type:application/json; charset=utf-8
12:54:28.825 [Forwarding findElement on session 47dcb4f2e91f23e8099fbb6d462139ca to remote] DEBUG org.apache.http.headers - http-outgoing-28 << cache-control:no-cache
12:54:28.825 [Forwarding findElement on session 47dcb4f2e91f23e8099fbb6d462139ca to remote] DEBUG org.apache.http.impl.execchain.MainClientExec - Connection can be kept alive indefinitely
12:54:28.825 [Forwarding findElement on session 47dcb4f2e91f23e8099fbb6d462139ca to remote] DEBUG org.apache.http.impl.conn.PoolingHttpClientConnectionManager - Connection [id: 28][route: {}->http://localhost:16622] can be kept alive indefinitely
12:54:28.825 [Forwarding findElement on session 47dcb4f2e91f23e8099fbb6d462139ca to remote] DEBUG org.apache.http.impl.conn.PoolingHttpClientConnectionManager - Connection released: [id: 28][route: {}->http://localhost:16622][total kept alive: 11; route allocated: 1 of 2000; total allocated: 11 of 2000]
12:54:28.825 [Forwarding clickElement on session 47dcb4f2e91f23e8099fbb6d462139ca to remote] DEBUG org.apache.http.client.protocol.RequestAddCookies - CookieSpec selected: default
12:54:28.825 [Forwarding clickElement on session 47dcb4f2e91f23e8099fbb6d462139ca to remote] DEBUG org.apache.http.client.protocol.RequestAuthCache - Auth cache not set in the context
12:54:28.825 [Forwarding clickElement on session 47dcb4f2e91f23e8099fbb6d462139ca to remote] DEBUG org.apache.http.impl.conn.PoolingHttpClientConnectionManager - Connection request: [route: {}->http://localhost:16622][total kept alive: 11; route allocated: 1 of 2000; total allocated: 11 of 2000]
12:54:28.825 [Forwarding clickElement on session 47dcb4f2e91f23e8099fbb6d462139ca to remote] DEBUG org.apache.http.impl.conn.PoolingHttpClientConnectionManager - Connection leased: [id: 28][route: {}->http://localhost:16622][total kept alive: 10; route allocated: 1 of 2000; total allocated: 11 of 2000]
12:54:28.825 [Forwarding clickElement on session 47dcb4f2e91f23e8099fbb6d462139ca to remote] DEBUG org.apache.http.impl.execchain.MainClientExec - Stale connection check
12:54:28.827 [Forwarding clickElement on session 47dcb4f2e91f23e8099fbb6d462139ca to remote] DEBUG org.apache.http.wire - http-outgoing-28 << "[read] I/O error: Read timed out"
12:54:28.827 [Forwarding clickElement on session 47dcb4f2e91f23e8099fbb6d462139ca to remote] DEBUG org.apache.http.impl.conn.DefaultManagedHttpClientConnection - http-outgoing-28: set socket timeout to 10800000
12:54:28.827 [Forwarding clickElement on session 47dcb4f2e91f23e8099fbb6d462139ca to remote] DEBUG org.apache.http.impl.execchain.MainClientExec - Executing request POST /session/47dcb4f2e91f23e8099fbb6d462139ca/element/6263b6d1-594d-407e-9ea0-d3da68830125/click HTTP/1.1
12:54:28.827 [Forwarding clickElement on session 47dcb4f2e91f23e8099fbb6d462139ca to remote] DEBUG org.apache.http.impl.execchain.MainClientExec - Target auth state: UNCHALLENGED
12:54:28.827 [Forwarding clickElement on session 47dcb4f2e91f23e8099fbb6d462139ca to remote] DEBUG org.apache.http.impl.execchain.MainClientExec - Proxy auth state: UNCHALLENGED
12:54:28.827 [Forwarding clickElement on session 47dcb4f2e91f23e8099fbb6d462139ca to remote] DEBUG org.apache.http.headers - http-outgoing-28 >> POST /session/47dcb4f2e91f23e8099fbb6d462139ca/element/6263b6d1-594d-407e-9ea0-d3da68830125/click HTTP/1.1
12:54:28.827 [Forwarding clickElement on session 47dcb4f2e91f23e8099fbb6d462139ca to remote] DEBUG org.apache.http.headers - http-outgoing-28 >> Content-Type: application/json; charset=utf-8
12:54:28.827 [Forwarding clickElement on session 47dcb4f2e91f23e8099fbb6d462139ca to remote] DEBUG org.apache.http.headers - http-outgoing-28 >> Content-Length: 45
12:54:28.827 [Forwarding clickElement on session 47dcb4f2e91f23e8099fbb6d462139ca to remote] DEBUG org.apache.http.headers - http-outgoing-28 >> Host: localhost:16622
12:54:28.827 [Forwarding clickElement on session 47dcb4f2e91f23e8099fbb6d462139ca to remote] DEBUG org.apache.http.headers - http-outgoing-28 >> Connection: Keep-Alive
12:54:28.827 [Forwarding clickElement on session 47dcb4f2e91f23e8099fbb6d462139ca to remote] DEBUG org.apache.http.headers - http-outgoing-28 >> User-Agent: Apache-HttpClient/4.5.3 (Java/1.8.0_211)
12:54:28.827 [Forwarding clickElement on session 47dcb4f2e91f23e8099fbb6d462139ca to remote] DEBUG org.apache.http.headers - http-outgoing-28 >> Accept-Encoding: gzip,deflate
12:54:28.827 [Forwarding clickElement on session 47dcb4f2e91f23e8099fbb6d462139ca to remote] DEBUG org.apache.http.wire - http-outgoing-28 >> "POST /session/47dcb4f2e91f23e8099fbb6d462139ca/element/6263b6d1-594d-407e-9ea0-d3da68830125/click HTTP/1.1[\r][\n]"
12:54:28.827 [Forwarding clickElement on session 47dcb4f2e91f23e8099fbb6d462139ca to remote] DEBUG org.apache.http.wire - http-outgoing-28 >> "Content-Type: application/json; charset=utf-8[\r][\n]"
12:54:28.827 [Forwarding clickElement on session 47dcb4f2e91f23e8099fbb6d462139ca to remote] DEBUG org.apache.http.wire - http-outgoing-28 >> "Content-Length: 45[\r][\n]"
12:54:28.827 [Forwarding clickElement on session 47dcb4f2e91f23e8099fbb6d462139ca to remote] DEBUG org.apache.http.wire - http-outgoing-28 >> "Host: localhost:16622[\r][\n]"
12:54:28.827 [Forwarding clickElement on session 47dcb4f2e91f23e8099fbb6d462139ca to remote] DEBUG org.apache.http.wire - http-outgoing-28 >> "Connection: Keep-Alive[\r][\n]"
12:54:28.827 [Forwarding clickElement on session 47dcb4f2e91f23e8099fbb6d462139ca to remote] DEBUG org.apache.http.wire - http-outgoing-28 >> "User-Agent: Apache-HttpClient/4.5.3 (Java/1.8.0_211)[\r][\n]"
12:54:28.827 [Forwarding clickElement on session 47dcb4f2e91f23e8099fbb6d462139ca to remote] DEBUG org.apache.http.wire - http-outgoing-28 >> "Accept-Encoding: gzip,deflate[\r][\n]"
12:54:28.827 [Forwarding clickElement on session 47dcb4f2e91f23e8099fbb6d462139ca to remote] DEBUG org.apache.http.wire - http-outgoing-28 >> "[\r][\n]"
12:54:28.827 [Forwarding clickElement on session 47dcb4f2e91f23e8099fbb6d462139ca to remote] DEBUG org.apache.http.wire - http-outgoing-28 >> "{"id":"6263b6d1-594d-407e-9ea0-d3da68830125"}"
12:54:28.930 [Forwarding clickElement on session 47dcb4f2e91f23e8099fbb6d462139ca to remote] DEBUG org.apache.http.wire - http-outgoing-28 << "HTTP/1.1 200 OK[\r][\n]"
12:54:28.930 [Forwarding clickElement on session 47dcb4f2e91f23e8099fbb6d462139ca to remote] DEBUG org.apache.http.wire - http-outgoing-28 << "Content-Length:14[\r][\n]"
12:54:28.930 [Forwarding clickElement on session 47dcb4f2e91f23e8099fbb6d462139ca to remote] DEBUG org.apache.http.wire - http-outgoing-28 << "Content-Type:application/json; charset=utf-8[\r][\n]"
12:54:28.930 [Forwarding clickElement on session 47dcb4f2e91f23e8099fbb6d462139ca to remote] DEBUG org.apache.http.wire - http-outgoing-28 << "cache-control:no-cache[\r][\n]"
12:54:28.930 [Forwarding clickElement on session 47dcb4f2e91f23e8099fbb6d462139ca to remote] DEBUG org.apache.http.wire - http-outgoing-28 << "[\r][\n]"
12:54:28.930 [Forwarding clickElement on session 47dcb4f2e91f23e8099fbb6d462139ca to remote] DEBUG org.apache.http.wire - http-outgoing-28 << "{"value":null}"
12:54:28.930 [Forwarding clickElement on session 47dcb4f2e91f23e8099fbb6d462139ca to remote] DEBUG org.apache.http.headers - http-outgoing-28 << HTTP/1.1 200 OK
12:54:28.930 [Forwarding clickElement on session 47dcb4f2e91f23e8099fbb6d462139ca to remote] DEBUG org.apache.http.headers - http-outgoing-28 << Content-Length:14
12:54:28.930 [Forwarding clickElement on session 47dcb4f2e91f23e8099fbb6d462139ca to remote] DEBUG org.apache.http.headers - http-outgoing-28 << Content-Type:application/json; charset=utf-8
12:54:28.930 [Forwarding clickElement on session 47dcb4f2e91f23e8099fbb6d462139ca to remote] DEBUG org.apache.http.headers - http-outgoing-28 << cache-control:no-cache
12:54:28.930 [Forwarding clickElement on session 47dcb4f2e91f23e8099fbb6d462139ca to remote] DEBUG org.apache.http.impl.execchain.MainClientExec - Connection can be kept alive indefinitely
12:54:28.930 [Forwarding clickElement on session 47dcb4f2e91f23e8099fbb6d462139ca to remote] DEBUG org.apache.http.impl.conn.PoolingHttpClientConnectionManager - Connection [id: 28][route: {}->http://localhost:16622] can be kept alive indefinitely
12:54:28.930 [Forwarding clickElement on session 47dcb4f2e91f23e8099fbb6d462139ca to remote] DEBUG org.apache.http.impl.conn.PoolingHttpClientConnectionManager - Connection released: [id: 28][route: {}->http://localhost:16622][total kept alive: 11; route allocated: 1 of 2000; total allocated: 11 of 2000]
12:54:28.931 [Forwarding findElement on session 47dcb4f2e91f23e8099fbb6d462139ca to remote] DEBUG org.apache.http.client.protocol.RequestAddCookies - CookieSpec selected: default
12:54:28.931 [Forwarding findElement on session 47dcb4f2e91f23e8099fbb6d462139ca to remote] DEBUG org.apache.http.client.protocol.RequestAuthCache - Auth cache not set in the context
12:54:28.931 [Forwarding findElement on session 47dcb4f2e91f23e8099fbb6d462139ca to remote] DEBUG org.apache.http.impl.conn.PoolingHttpClientConnectionManager - Connection request: [route: {}->http://localhost:16622][total kept alive: 11; route allocated: 1 of 2000; total allocated: 11 of 2000]
12:54:28.931 [Forwarding findElement on session 47dcb4f2e91f23e8099fbb6d462139ca to remote] DEBUG org.apache.http.impl.conn.PoolingHttpClientConnectionManager - Connection leased: [id: 28][route: {}->http://localhost:16622][total kept alive: 10; route allocated: 1 of 2000; total allocated: 11 of 2000]
12:54:28.931 [Forwarding findElement on session 47dcb4f2e91f23e8099fbb6d462139ca to remote] DEBUG org.apache.http.impl.execchain.MainClientExec - Stale connection check
12:54:28.932 [Forwarding findElement on session 47dcb4f2e91f23e8099fbb6d462139ca to remote] DEBUG org.apache.http.wire - http-outgoing-28 << "[read] I/O error: Read timed out"
12:54:28.932 [Forwarding findElement on session 47dcb4f2e91f23e8099fbb6d462139ca to remote] DEBUG org.apache.http.impl.conn.DefaultManagedHttpClientConnection - http-outgoing-28: set socket timeout to 10800000
12:54:28.932 [Forwarding findElement on session 47dcb4f2e91f23e8099fbb6d462139ca to remote] DEBUG org.apache.http.impl.execchain.MainClientExec - Executing request POST /session/47dcb4f2e91f23e8099fbb6d462139ca/element HTTP/1.1
12:54:28.932 [Forwarding findElement on session 47dcb4f2e91f23e8099fbb6d462139ca to remote] DEBUG org.apache.http.impl.execchain.MainClientExec - Target auth state: UNCHALLENGED
12:54:28.932 [Forwarding findElement on session 47dcb4f2e91f23e8099fbb6d462139ca to remote] DEBUG org.apache.http.impl.execchain.MainClientExec - Proxy auth state: UNCHALLENGED
12:54:28.932 [Forwarding findElement on session 47dcb4f2e91f23e8099fbb6d462139ca to remote] DEBUG org.apache.http.headers - http-outgoing-28 >> POST /session/47dcb4f2e91f23e8099fbb6d462139ca/element HTTP/1.1
12:54:28.932 [Forwarding findElement on session 47dcb4f2e91f23e8099fbb6d462139ca to remote] DEBUG org.apache.http.headers - http-outgoing-28 >> Content-Type: application/json; charset=utf-8
12:54:28.932 [Forwarding findElement on session 47dcb4f2e91f23e8099fbb6d462139ca to remote] DEBUG org.apache.http.headers - http-outgoing-28 >> Content-Length: 73
12:54:28.932 [Forwarding findElement on session 47dcb4f2e91f23e8099fbb6d462139ca to remote] DEBUG org.apache.http.headers - http-outgoing-28 >> Host: localhost:16622
12:54:28.932 [Forwarding findElement on session 47dcb4f2e91f23e8099fbb6d462139ca to remote] DEBUG org.apache.http.headers - http-outgoing-28 >> Connection: Keep-Alive
12:54:28.932 [Forwarding findElement on session 47dcb4f2e91f23e8099fbb6d462139ca to remote] DEBUG org.apache.http.headers - http-outgoing-28 >> User-Agent: Apache-HttpClient/4.5.3 (Java/1.8.0_211)
12:54:28.932 [Forwarding findElement on session 47dcb4f2e91f23e8099fbb6d462139ca to remote] DEBUG org.apache.http.headers - http-outgoing-28 >> Accept-Encoding: gzip,deflate
12:54:28.932 [Forwarding findElement on session 47dcb4f2e91f23e8099fbb6d462139ca to remote] DEBUG org.apache.http.wire - http-outgoing-28 >> "POST /session/47dcb4f2e91f23e8099fbb6d462139ca/element HTTP/1.1[\r][\n]"
12:54:28.932 [Forwarding findElement on session 47dcb4f2e91f23e8099fbb6d462139ca to remote] DEBUG org.apache.http.wire - http-outgoing-28 >> "Content-Type: application/json; charset=utf-8[\r][\n]"
12:54:28.932 [Forwarding findElement on session 47dcb4f2e91f23e8099fbb6d462139ca to remote] DEBUG org.apache.http.wire - http-outgoing-28 >> "Content-Length: 73[\r][\n]"
12:54:28.932 [Forwarding findElement on session 47dcb4f2e91f23e8099fbb6d462139ca to remote] DEBUG org.apache.http.wire - http-outgoing-28 >> "Host: localhost:16622[\r][\n]"
12:54:28.932 [Forwarding findElement on session 47dcb4f2e91f23e8099fbb6d462139ca to remote] DEBUG org.apache.http.wire - http-outgoing-28 >> "Connection: Keep-Alive[\r][\n]"
12:54:28.932 [Forwarding findElement on session 47dcb4f2e91f23e8099fbb6d462139ca to remote] DEBUG org.apache.http.wire - http-outgoing-28 >> "User-Agent: Apache-HttpClient/4.5.3 (Java/1.8.0_211)[\r][\n]"
12:54:28.932 [Forwarding findElement on session 47dcb4f2e91f23e8099fbb6d462139ca to remote] DEBUG org.apache.http.wire - http-outgoing-28 >> "Accept-Encoding: gzip,deflate[\r][\n]"
12:54:28.932 [Forwarding findElement on session 47dcb4f2e91f23e8099fbb6d462139ca to remote] DEBUG org.apache.http.wire - http-outgoing-28 >> "[\r][\n]"
12:54:28.932 [Forwarding findElement on session 47dcb4f2e91f23e8099fbb6d462139ca to remote] DEBUG org.apache.http.wire - http-outgoing-28 >> "{"value":".form-group:nth-child(1) .form-control","using":"css selector"}"
12:54:28.935 [Forwarding findElement on session 47dcb4f2e91f23e8099fbb6d462139ca to remote] DEBUG org.apache.http.wire - http-outgoing-28 << "HTTP/1.1 200 OK[\r][\n]"
12:54:28.935 [Forwarding findElement on session 47dcb4f2e91f23e8099fbb6d462139ca to remote] DEBUG org.apache.http.wire - http-outgoing-28 << "Content-Length:88[\r][\n]"
12:54:28.935 [Forwarding findElement on session 47dcb4f2e91f23e8099fbb6d462139ca to remote] DEBUG org.apache.http.wire - http-outgoing-28 << "Content-Type:application/json; charset=utf-8[\r][\n]"
12:54:28.935 [Forwarding findElement on session 47dcb4f2e91f23e8099fbb6d462139ca to remote] DEBUG org.apache.http.wire - http-outgoing-28 << "cache-control:no-cache[\r][\n]"
12:54:28.935 [Forwarding findElement on session 47dcb4f2e91f23e8099fbb6d462139ca to remote] DEBUG org.apache.http.wire - http-outgoing-28 << "[\r][\n]"
12:54:28.935 [Forwarding findElement on session 47dcb4f2e91f23e8099fbb6d462139ca to remote] DEBUG org.apache.http.wire - http-outgoing-28 << "{"value":{"element-6066-11e4-a52e-4f735466cecf":"6263b6d1-594d-407e-9ea0-d3da68830125"}}"
12:54:28.935 [Forwarding findElement on session 47dcb4f2e91f23e8099fbb6d462139ca to remote] DEBUG org.apache.http.headers - http-outgoing-28 << HTTP/1.1 200 OK
12:54:28.935 [Forwarding findElement on session 47dcb4f2e91f23e8099fbb6d462139ca to remote] DEBUG org.apache.http.headers - http-outgoing-28 << Content-Length:88
12:54:28.935 [Forwarding findElement on session 47dcb4f2e91f23e8099fbb6d462139ca to remote] DEBUG org.apache.http.headers - http-outgoing-28 << Content-Type:application/json; charset=utf-8
12:54:28.935 [Forwarding findElement on session 47dcb4f2e91f23e8099fbb6d462139ca to remote] DEBUG org.apache.http.headers - http-outgoing-28 << cache-control:no-cache
12:54:28.935 [Forwarding findElement on session 47dcb4f2e91f23e8099fbb6d462139ca to remote] DEBUG org.apache.http.impl.execchain.MainClientExec - Connection can be kept alive indefinitely
12:54:28.935 [Forwarding findElement on session 47dcb4f2e91f23e8099fbb6d462139ca to remote] DEBUG org.apache.http.impl.conn.PoolingHttpClientConnectionManager - Connection [id: 28][route: {}->http://localhost:16622] can be kept alive indefinitely
12:54:28.935 [Forwarding findElement on session 47dcb4f2e91f23e8099fbb6d462139ca to remote] DEBUG org.apache.http.impl.conn.PoolingHttpClientConnectionManager - Connection released: [id: 28][route: {}->http://localhost:16622][total kept alive: 11; route allocated: 1 of 2000; total allocated: 11 of 2000]
12:54:28.936 [Forwarding sendKeysToElement on session 47dcb4f2e91f23e8099fbb6d462139ca to remote] DEBUG org.apache.http.client.protocol.RequestAddCookies - CookieSpec selected: default
12:54:28.936 [Forwarding sendKeysToElement on session 47dcb4f2e91f23e8099fbb6d462139ca to remote] DEBUG org.apache.http.client.protocol.RequestAuthCache - Auth cache not set in the context
12:54:28.936 [Forwarding sendKeysToElement on session 47dcb4f2e91f23e8099fbb6d462139ca to remote] DEBUG org.apache.http.impl.conn.PoolingHttpClientConnectionManager - Connection request: [route: {}->http://localhost:16622][total kept alive: 11; route allocated: 1 of 2000; total allocated: 11 of 2000]
12:54:28.936 [Forwarding sendKeysToElement on session 47dcb4f2e91f23e8099fbb6d462139ca to remote] DEBUG org.apache.http.impl.conn.PoolingHttpClientConnectionManager - Connection leased: [id: 28][route: {}->http://localhost:16622][total kept alive: 10; route allocated: 1 of 2000; total allocated: 11 of 2000]
12:54:28.936 [Forwarding sendKeysToElement on session 47dcb4f2e91f23e8099fbb6d462139ca to remote] DEBUG org.apache.http.impl.execchain.MainClientExec - Stale connection check
12:54:28.937 [Forwarding sendKeysToElement on session 47dcb4f2e91f23e8099fbb6d462139ca to remote] DEBUG org.apache.http.wire - http-outgoing-28 << "[read] I/O error: Read timed out"
12:54:28.937 [Forwarding sendKeysToElement on session 47dcb4f2e91f23e8099fbb6d462139ca to remote] DEBUG org.apache.http.impl.conn.DefaultManagedHttpClientConnection - http-outgoing-28: set socket timeout to 10800000
12:54:28.937 [Forwarding sendKeysToElement on session 47dcb4f2e91f23e8099fbb6d462139ca to remote] DEBUG org.apache.http.impl.execchain.MainClientExec - Executing request POST /session/47dcb4f2e91f23e8099fbb6d462139ca/element/6263b6d1-594d-407e-9ea0-d3da68830125/value HTTP/1.1
12:54:28.937 [Forwarding sendKeysToElement on session 47dcb4f2e91f23e8099fbb6d462139ca to remote] DEBUG org.apache.http.impl.execchain.MainClientExec - Target auth state: UNCHALLENGED
12:54:28.937 [Forwarding sendKeysToElement on session 47dcb4f2e91f23e8099fbb6d462139ca to remote] DEBUG org.apache.http.impl.execchain.MainClientExec - Proxy auth state: UNCHALLENGED
12:54:28.937 [Forwarding sendKeysToElement on session 47dcb4f2e91f23e8099fbb6d462139ca to remote] DEBUG org.apache.http.headers - http-outgoing-28 >> POST /session/47dcb4f2e91f23e8099fbb6d462139ca/element/6263b6d1-594d-407e-9ea0-d3da68830125/value HTTP/1.1
12:54:28.937 [Forwarding sendKeysToElement on session 47dcb4f2e91f23e8099fbb6d462139ca to remote] DEBUG org.apache.http.headers - http-outgoing-28 >> Content-Type: application/json; charset=utf-8
12:54:28.937 [Forwarding sendKeysToElement on session 47dcb4f2e91f23e8099fbb6d462139ca to remote] DEBUG org.apache.http.headers - http-outgoing-28 >> Content-Length: 235
12:54:28.937 [Forwarding sendKeysToElement on session 47dcb4f2e91f23e8099fbb6d462139ca to remote] DEBUG org.apache.http.headers - http-outgoing-28 >> Host: localhost:16622
12:54:28.937 [Forwarding sendKeysToElement on session 47dcb4f2e91f23e8099fbb6d462139ca to remote] DEBUG org.apache.http.headers - http-outgoing-28 >> Connection: Keep-Alive
12:54:28.937 [Forwarding sendKeysToElement on session 47dcb4f2e91f23e8099fbb6d462139ca to remote] DEBUG org.apache.http.headers - http-outgoing-28 >> User-Agent: Apache-HttpClient/4.5.3 (Java/1.8.0_211)
12:54:28.937 [Forwarding sendKeysToElement on session 47dcb4f2e91f23e8099fbb6d462139ca to remote] DEBUG org.apache.http.headers - http-outgoing-28 >> Accept-Encoding: gzip,deflate
12:54:28.937 [Forwarding sendKeysToElement on session 47dcb4f2e91f23e8099fbb6d462139ca to remote] DEBUG org.apache.http.wire - http-outgoing-28 >> "POST /session/47dcb4f2e91f23e8099fbb6d462139ca/element/6263b6d1-594d-407e-9ea0-d3da68830125/value HTTP/1.1[\r][\n]"
12:54:28.937 [Forwarding sendKeysToElement on session 47dcb4f2e91f23e8099fbb6d462139ca to remote] DEBUG org.apache.http.wire - http-outgoing-28 >> "Content-Type: application/json; charset=utf-8[\r][\n]"
12:54:28.937 [Forwarding sendKeysToElement on session 47dcb4f2e91f23e8099fbb6d462139ca to remote] DEBUG org.apache.http.wire - http-outgoing-28 >> "Content-Length: 235[\r][\n]"
12:54:28.937 [Forwarding sendKeysToElement on session 47dcb4f2e91f23e8099fbb6d462139ca to remote] DEBUG org.apache.http.wire - http-outgoing-28 >> "Host: localhost:16622[\r][\n]"
12:54:28.937 [Forwarding sendKeysToElement on session 47dcb4f2e91f23e8099fbb6d462139ca to remote] DEBUG org.apache.http.wire - http-outgoing-28 >> "Connection: Keep-Alive[\r][\n]"
12:54:28.937 [Forwarding sendKeysToElement on session 47dcb4f2e91f23e8099fbb6d462139ca to remote] DEBUG org.apache.http.wire - http-outgoing-28 >> "User-Agent: Apache-HttpClient/4.5.3 (Java/1.8.0_211)[\r][\n]"
12:54:28.937 [Forwarding sendKeysToElement on session 47dcb4f2e91f23e8099fbb6d462139ca to remote] DEBUG org.apache.http.wire - http-outgoing-28 >> "Accept-Encoding: gzip,deflate[\r][\n]"
12:54:28.937 [Forwarding sendKeysToElement on session 47dcb4f2e91f23e8099fbb6d462139ca to remote] DEBUG org.apache.http.wire - http-outgoing-28 >> "[\r][\n]"
12:54:28.937 [Forwarding sendKeysToElement on session 47dcb4f2e91f23e8099fbb6d462139ca to remote] DEBUG org.apache.http.wire - http-outgoing-28 >> "{"id":"6263b6d1-594d-407e-9ea0-d3da68830125","text":"TYvBUrZp7QboQzKhFVMYYkD4jDYsU33aQh","value":["T","Y","v","B","U","r","Z","p","7","Q","b","o","Q","z","K","h","F","V","M","Y","Y","k","D","4","j","D","Y","s","U","3","3","a","Q","h"]}"
12:54:29.073 [Forwarding sendKeysToElement on session 47dcb4f2e91f23e8099fbb6d462139ca to remote] DEBUG org.apache.http.wire - http-outgoing-28 << "HTTP/1.1 200 OK[\r][\n]"
12:54:29.073 [Forwarding sendKeysToElement on session 47dcb4f2e91f23e8099fbb6d462139ca to remote] DEBUG org.apache.http.wire - http-outgoing-28 << "Content-Length:14[\r][\n]"
12:54:29.073 [Forwarding sendKeysToElement on session 47dcb4f2e91f23e8099fbb6d462139ca to remote] DEBUG org.apache.http.wire - http-outgoing-28 << "Content-Type:application/json; charset=utf-8[\r][\n]"
12:54:29.073 [Forwarding sendKeysToElement on session 47dcb4f2e91f23e8099fbb6d462139ca to remote] DEBUG org.apache.http.wire - http-outgoing-28 << "cache-control:no-cache[\r][\n]"
12:54:29.073 [Forwarding sendKeysToElement on session 47dcb4f2e91f23e8099fbb6d462139ca to remote] DEBUG org.apache.http.wire - http-outgoing-28 << "[\r][\n]"
12:54:29.073 [Forwarding sendKeysToElement on session 47dcb4f2e91f23e8099fbb6d462139ca to remote] DEBUG org.apache.http.wire - http-outgoing-28 << "{"value":null}"
12:54:29.074 [Forwarding sendKeysToElement on session 47dcb4f2e91f23e8099fbb6d462139ca to remote] DEBUG org.apache.http.headers - http-outgoing-28 << HTTP/1.1 200 OK
12:54:29.074 [Forwarding sendKeysToElement on session 47dcb4f2e91f23e8099fbb6d462139ca to remote] DEBUG org.apache.http.headers - http-outgoing-28 << Content-Length:14
12:54:29.074 [Forwarding sendKeysToElement on session 47dcb4f2e91f23e8099fbb6d462139ca to remote] DEBUG org.apache.http.headers - http-outgoing-28 << Content-Type:application/json; charset=utf-8
12:54:29.074 [Forwarding sendKeysToElement on session 47dcb4f2e91f23e8099fbb6d462139ca to remote] DEBUG org.apache.http.headers - http-outgoing-28 << cache-control:no-cache
12:54:29.074 [Forwarding sendKeysToElement on session 47dcb4f2e91f23e8099fbb6d462139ca to remote] DEBUG org.apache.http.impl.execchain.MainClientExec - Connection can be kept alive indefinitely
12:54:29.074 [Forwarding sendKeysToElement on session 47dcb4f2e91f23e8099fbb6d462139ca to remote] DEBUG org.apache.http.impl.conn.PoolingHttpClientConnectionManager - Connection [id: 28][route: {}->http://localhost:16622] can be kept alive indefinitely
12:54:29.074 [Forwarding sendKeysToElement on session 47dcb4f2e91f23e8099fbb6d462139ca to remote] DEBUG org.apache.http.impl.conn.PoolingHttpClientConnectionManager - Connection released: [id: 28][route: {}->http://localhost:16622][total kept alive: 11; route allocated: 1 of 2000; total allocated: 11 of 2000]
12:54:29.074 [Forwarding findElement on session 47dcb4f2e91f23e8099fbb6d462139ca to remote] DEBUG org.apache.http.client.protocol.RequestAddCookies - CookieSpec selected: default
12:54:29.074 [Forwarding findElement on session 47dcb4f2e91f23e8099fbb6d462139ca to remote] DEBUG org.apache.http.client.protocol.RequestAuthCache - Auth cache not set in the context
12:54:29.074 [Forwarding findElement on session 47dcb4f2e91f23e8099fbb6d462139ca to remote] DEBUG org.apache.http.impl.conn.PoolingHttpClientConnectionManager - Connection request: [route: {}->http://localhost:16622][total kept alive: 11; route allocated: 1 of 2000; total allocated: 11 of 2000]
12:54:29.074 [Forwarding findElement on session 47dcb4f2e91f23e8099fbb6d462139ca to remote] DEBUG org.apache.http.impl.conn.PoolingHttpClientConnectionManager - Connection leased: [id: 28][route: {}->http://localhost:16622][total kept alive: 10; route allocated: 1 of 2000; total allocated: 11 of 2000]
12:54:29.074 [Forwarding findElement on session 47dcb4f2e91f23e8099fbb6d462139ca to remote] DEBUG org.apache.http.impl.execchain.MainClientExec - Stale connection check
12:54:29.076 [Forwarding findElement on session 47dcb4f2e91f23e8099fbb6d462139ca to remote] DEBUG org.apache.http.wire - http-outgoing-28 << "[read] I/O error: Read timed out"
12:54:29.076 [Forwarding findElement on session 47dcb4f2e91f23e8099fbb6d462139ca to remote] DEBUG org.apache.http.impl.conn.DefaultManagedHttpClientConnection - http-outgoing-28: set socket timeout to 10800000
12:54:29.076 [Forwarding findElement on session 47dcb4f2e91f23e8099fbb6d462139ca to remote] DEBUG org.apache.http.impl.execchain.MainClientExec - Executing request POST /session/47dcb4f2e91f23e8099fbb6d462139ca/element HTTP/1.1
12:54:29.076 [Forwarding findElement on session 47dcb4f2e91f23e8099fbb6d462139ca to remote] DEBUG org.apache.http.impl.execchain.MainClientExec - Target auth state: UNCHALLENGED
12:54:29.076 [Forwarding findElement on session 47dcb4f2e91f23e8099fbb6d462139ca to remote] DEBUG org.apache.http.impl.execchain.MainClientExec - Proxy auth state: UNCHALLENGED
12:54:29.076 [Forwarding findElement on session 47dcb4f2e91f23e8099fbb6d462139ca to remote] DEBUG org.apache.http.headers - http-outgoing-28 >> POST /session/47dcb4f2e91f23e8099fbb6d462139ca/element HTTP/1.1
12:54:29.076 [Forwarding findElement on session 47dcb4f2e91f23e8099fbb6d462139ca to remote] DEBUG org.apache.http.headers - http-outgoing-28 >> Content-Type: application/json; charset=utf-8
12:54:29.076 [Forwarding findElement on session 47dcb4f2e91f23e8099fbb6d462139ca to remote] DEBUG org.apache.http.headers - http-outgoing-28 >> Content-Length: 55
12:54:29.076 [Forwarding findElement on session 47dcb4f2e91f23e8099fbb6d462139ca to remote] DEBUG org.apache.http.headers - http-outgoing-28 >> Host: localhost:16622
12:54:29.076 [Forwarding findElement on session 47dcb4f2e91f23e8099fbb6d462139ca to remote] DEBUG org.apache.http.headers - http-outgoing-28 >> Connection: Keep-Alive
12:54:29.076 [Forwarding findElement on session 47dcb4f2e91f23e8099fbb6d462139ca to remote] DEBUG org.apache.http.headers - http-outgoing-28 >> User-Agent: Apache-HttpClient/4.5.3 (Java/1.8.0_211)
12:54:29.076 [Forwarding findElement on session 47dcb4f2e91f23e8099fbb6d462139ca to remote] DEBUG org.apache.http.headers - http-outgoing-28 >> Accept-Encoding: gzip,deflate
12:54:29.076 [Forwarding findElement on session 47dcb4f2e91f23e8099fbb6d462139ca to remote] DEBUG org.apache.http.wire - http-outgoing-28 >> "POST /session/47dcb4f2e91f23e8099fbb6d462139ca/element HTTP/1.1[\r][\n]"
12:54:29.076 [Forwarding findElement on session 47dcb4f2e91f23e8099fbb6d462139ca to remote] DEBUG org.apache.http.wire - http-outgoing-28 >> "Content-Type: application/json; charset=utf-8[\r][\n]"
12:54:29.076 [Forwarding findElement on session 47dcb4f2e91f23e8099fbb6d462139ca to remote] DEBUG org.apache.http.wire - http-outgoing-28 >> "Content-Length: 55[\r][\n]"
12:54:29.076 [Forwarding findElement on session 47dcb4f2e91f23e8099fbb6d462139ca to remote] DEBUG org.apache.http.wire - http-outgoing-28 >> "Host: localhost:16622[\r][\n]"
12:54:29.076 [Forwarding findElement on session 47dcb4f2e91f23e8099fbb6d462139ca to remote] DEBUG org.apache.http.wire - http-outgoing-28 >> "Connection: Keep-Alive[\r][\n]"
12:54:29.076 [Forwarding findElement on session 47dcb4f2e91f23e8099fbb6d462139ca to remote] DEBUG org.apache.http.wire - http-outgoing-28 >> "User-Agent: Apache-HttpClient/4.5.3 (Java/1.8.0_211)[\r][\n]"
12:54:29.076 [Forwarding findElement on session 47dcb4f2e91f23e8099fbb6d462139ca to remote] DEBUG org.apache.http.wire - http-outgoing-28 >> "Accept-Encoding: gzip,deflate[\r][\n]"
12:54:29.076 [Forwarding findElement on session 47dcb4f2e91f23e8099fbb6d462139ca to remote] DEBUG org.apache.http.wire - http-outgoing-28 >> "[\r][\n]"
12:54:29.076 [Forwarding findElement on session 47dcb4f2e91f23e8099fbb6d462139ca to remote] DEBUG org.apache.http.wire - http-outgoing-28 >> "{"value":".ant-select-open svg","using":"css selector"}"
12:54:39.100 [Forwarding findElement on session 47dcb4f2e91f23e8099fbb6d462139ca to remote] DEBUG org.apache.http.wire - http-outgoing-28 << "HTTP/1.1 404 Not Found[\r][\n]"
12:54:39.100 [Forwarding findElement on session 47dcb4f2e91f23e8099fbb6d462139ca to remote] DEBUG org.apache.http.wire - http-outgoing-28 << "Content-Length:1861[\r][\n]"
12:54:39.100 [Forwarding findElement on session 47dcb4f2e91f23e8099fbb6d462139ca to remote] DEBUG org.apache.http.wire - http-outgoing-28 << "Content-Type:application/json; charset=utf-8[\r][\n]"
12:54:39.100 [Forwarding findElement on session 47dcb4f2e91f23e8099fbb6d462139ca to remote] DEBUG org.apache.http.wire - http-outgoing-28 << "cache-control:no-cache[\r][\n]"
12:54:39.100 [Forwarding findElement on session 47dcb4f2e91f23e8099fbb6d462139ca to remote] DEBUG org.apache.http.wire - http-outgoing-28 << "[\r][\n]"
12:54:39.100 [Forwarding findElement on session 47dcb4f2e91f23e8099fbb6d462139ca to remote] DEBUG org.apache.http.wire - http-outgoing-28 << "{"value":{"error":"no such element","message":"no such element: Unable to locate element: {\"method\":\"css selector\",\"selector\":\".ant-select-open svg\"}\n  (Session info: chrome=80.0.3987.149)","stacktrace":"0   chromedriver                        0x000000010cda5329 chromedriver + 3838761\n1   chromedriver                        0x000000010cd3f123 chromedriver + 3420451\n2   chromedriver                        0x000000010cab362f chromedriver + 751151\n3   chromedriver                        0x000000010ca21081 chromedriver + 151681\n4   chromedriver                        0x000000010ca4c297 chromedriver + 328343\n5   chromedriver                        0x000000010ca3d4ed chromedriver + 267501\n6   chromedriver                        0x000000010ca4a38b chromedriver + 320395\n7   chromedriver                        0x000000010ca3d7b3 chromedriver + 268211\n8   chromedriver                        0x000000010ca170bd chromedriver + 110781\n9   chromedriver                        0x000000010ca18055 chromedriver + 114773\n10  chromedriver                        0x000000010cd66ebf chromedriver + 3583679\n11  chromedriver                        0x000000010cd73e4a chromedriver + 3636810\n12  chromedriver                        0x000000010cd73be7 chromedriver + 3636199\n13  chromedriver                        0x000000010cd4a839 chromedriver + 3467321\n14  chromedriver                        0x000000010cd74707 chromedriver + 3639047\n15  chromedriver                        0x000000010cd5ccc7 chromedriver + 3542215\n16  chromedriver                        0x000000010cd8a324 chromedriver + 3728164\n17  chromedriver                        0x000000010cdab387 chromedriver + 3863431\n18  libsystem_pthread.dylib             0x00007fff6e23ee65 _pthread_start + 148\n19  libsystem_pthread.dylib             0x00007fff6e23a83b thread_start + 15\n"}}"
12:54:39.100 [Forwarding findElement on session 47dcb4f2e91f23e8099fbb6d462139ca to remote] DEBUG org.apache.http.headers - http-outgoing-28 << HTTP/1.1 404 Not Found
12:54:39.100 [Forwarding findElement on session 47dcb4f2e91f23e8099fbb6d462139ca to remote] DEBUG org.apache.http.headers - http-outgoing-28 << Content-Length:1861
12:54:39.100 [Forwarding findElement on session 47dcb4f2e91f23e8099fbb6d462139ca to remote] DEBUG org.apache.http.headers - http-outgoing-28 << Content-Type:application/json; charset=utf-8
12:54:39.100 [Forwarding findElement on session 47dcb4f2e91f23e8099fbb6d462139ca to remote] DEBUG org.apache.http.headers - http-outgoing-28 << cache-control:no-cache
12:54:39.100 [Forwarding findElement on session 47dcb4f2e91f23e8099fbb6d462139ca to remote] DEBUG org.apache.http.impl.execchain.MainClientExec - Connection can be kept alive indefinitely
12:54:39.101 [Forwarding findElement on session 47dcb4f2e91f23e8099fbb6d462139ca to remote] DEBUG org.apache.http.impl.conn.PoolingHttpClientConnectionManager - Connection [id: 28][route: {}->http://localhost:16622] can be kept alive indefinitely
12:54:39.101 [Forwarding findElement on session 47dcb4f2e91f23e8099fbb6d462139ca to remote] DEBUG org.apache.http.impl.conn.PoolingHttpClientConnectionManager - Connection released: [id: 28][route: {}->http://localhost:16622][total kept alive: 11; route allocated: 1 of 2000; total allocated: 11 of 2000]
]]></system-out>
  <system-err><![CDATA[Starting ChromeDriver 80.0.3987.106 (f68069574609230cf9b635cd784cfb1bf81bb53a-refs/branch-heads/3987@{#882}) on port 16622
Only local connections are allowed.
Please protect ports used by ChromeDriver and related test frameworks to prevent access by malicious code.
[1584680061.820][WARNING]: FromSockAddr failed on netmask
三月 20, 2020 12:54:22 下午 org.openqa.selenium.remote.ProtocolHandshake createSession
信息: Detected dialect: W3C
[1584680063.081][SEVERE]: Timed out receiving message from renderer: 0.100
[1584680063.183][SEVERE]: Timed out receiving message from renderer: 0.100
[1584680063.324][SEVERE]: Timed out receiving message from renderer: 0.100
[1584680063.424][SEVERE]: Timed out receiving message from renderer: 0.100
[1584680063.525][SEVERE]: Timed out receiving message from renderer: 0.100
[1584680063.626][SEVERE]: Timed out receiving message from renderer: 0.100
[1584680063.726][SEVERE]: Timed out receiving message from renderer: 0.100
[1584680063.828][SEVERE]: Timed out receiving message from renderer: 0.100
[1584680063.930][SEVERE]: Timed out receiving message from renderer: 0.100
[1584680064.031][SEVERE]: Timed out receiving message from renderer: 0.100
[1584680064.147][SEVERE]: Timed out receiving message from renderer: 0.100
[1584680064.396][SEVERE]: Timed out receiving message from renderer: 0.100
[1584680064.497][SEVERE]: Timed out receiving message from renderer: 0.100
[1584680064.716][SEVERE]: Timed out receiving message from renderer: 0.100
[1584680064.861][SEVERE]: Timed out receiving message from renderer: 0.100
[1584680064.963][SEVERE]: Timed out receiving message from renderer: 0.100
[1584680065.064][SEVERE]: Timed out receiving message from renderer: 0.100
[1584680065.171][SEVERE]: Timed out receiving message from renderer: 0.100
]]></system-err>
</testsuite>
