<?xml version="1.0" encoding="UTF-8"?>
<testsuite name="tron.tronscan.tronscanUI.Votes" tests="1" skipped="0" failures="0" errors="0" timestamp="2020-03-20T04:55:49" hostname="zhukaideiMac.local" time="3.334">
  <properties/>
  <testcase name="testVoteText" classname="tron.tronscan.tronscanUI.Votes" time="3.334"/>
  <system-out><![CDATA[12:55:46.658 [Forwarding newSession on session null to remote] DEBUG org.apache.http.client.protocol.RequestAddCookies - CookieSpec selected: default
12:55:46.658 [Forwarding newSession on session null to remote] DEBUG org.apache.http.client.protocol.RequestAuthCache - Auth cache not set in the context
12:55:46.658 [Forwarding newSession on session null to remote] DEBUG org.apache.http.impl.conn.PoolingHttpClientConnectionManager - Connection request: [route: {}->http://localhost:17010][total kept alive: 15; route allocated: 0 of 2000; total allocated: 15 of 2000]
12:55:46.658 [Forwarding newSession on session null to remote] DEBUG org.apache.http.impl.conn.PoolingHttpClientConnectionManager - Connection leased: [id: 33][route: {}->http://localhost:17010][total kept alive: 15; route allocated: 1 of 2000; total allocated: 16 of 2000]
12:55:46.658 [Forwarding newSession on session null to remote] DEBUG org.apache.http.impl.execchain.MainClientExec - Opening connection {}->http://localhost:17010
12:55:46.658 [Forwarding newSession on session null to remote] DEBUG org.apache.http.impl.conn.DefaultHttpClientConnectionOperator - Connecting to localhost/127.0.0.1:17010
12:55:46.658 [Forwarding newSession on session null to remote] DEBUG org.apache.http.impl.conn.DefaultHttpClientConnectionOperator - Connection established 127.0.0.1:62352<->127.0.0.1:17010
12:55:46.658 [Forwarding newSession on session null to remote] DEBUG org.apache.http.impl.conn.DefaultManagedHttpClientConnection - http-outgoing-33: set socket timeout to 10800000
12:55:46.658 [Forwarding newSession on session null to remote] DEBUG org.apache.http.impl.execchain.MainClientExec - Executing request POST /session HTTP/1.1
12:55:46.658 [Forwarding newSession on session null to remote] DEBUG org.apache.http.impl.execchain.MainClientExec - Target auth state: UNCHALLENGED
12:55:46.658 [Forwarding newSession on session null to remote] DEBUG org.apache.http.impl.execchain.MainClientExec - Proxy auth state: UNCHALLENGED
12:55:46.659 [Forwarding newSession on session null to remote] DEBUG org.apache.http.headers - http-outgoing-33 >> POST /session HTTP/1.1
12:55:46.659 [Forwarding newSession on session null to remote] DEBUG org.apache.http.headers - http-outgoing-33 >> Content-Type: application/json; charset=utf-8
12:55:46.659 [Forwarding newSession on session null to remote] DEBUG org.apache.http.headers - http-outgoing-33 >> Content-Length: 560
12:55:46.659 [Forwarding newSession on session null to remote] DEBUG org.apache.http.headers - http-outgoing-33 >> Host: localhost:17010
12:55:46.659 [Forwarding newSession on session null to remote] DEBUG org.apache.http.headers - http-outgoing-33 >> Connection: Keep-Alive
12:55:46.659 [Forwarding newSession on session null to remote] DEBUG org.apache.http.headers - http-outgoing-33 >> User-Agent: Apache-HttpClient/4.5.3 (Java/1.8.0_211)
12:55:46.659 [Forwarding newSession on session null to remote] DEBUG org.apache.http.headers - http-outgoing-33 >> Accept-Encoding: gzip,deflate
12:55:46.659 [Forwarding newSession on session null to remote] DEBUG org.apache.http.wire - http-outgoing-33 >> "POST /session HTTP/1.1[\r][\n]"
12:55:46.659 [Forwarding newSession on session null to remote] DEBUG org.apache.http.wire - http-outgoing-33 >> "Content-Type: application/json; charset=utf-8[\r][\n]"
12:55:46.659 [Forwarding newSession on session null to remote] DEBUG org.apache.http.wire - http-outgoing-33 >> "Content-Length: 560[\r][\n]"
12:55:46.659 [Forwarding newSession on session null to remote] DEBUG org.apache.http.wire - http-outgoing-33 >> "Host: localhost:17010[\r][\n]"
12:55:46.659 [Forwarding newSession on session null to remote] DEBUG org.apache.http.wire - http-outgoing-33 >> "Connection: Keep-Alive[\r][\n]"
12:55:46.659 [Forwarding newSession on session null to remote] DEBUG org.apache.http.wire - http-outgoing-33 >> "User-Agent: Apache-HttpClient/4.5.3 (Java/1.8.0_211)[\r][\n]"
12:55:46.659 [Forwarding newSession on session null to remote] DEBUG org.apache.http.wire - http-outgoing-33 >> "Accept-Encoding: gzip,deflate[\r][\n]"
12:55:46.659 [Forwarding newSession on session null to remote] DEBUG org.apache.http.wire - http-outgoing-33 >> "[\r][\n]"
12:55:46.659 [Forwarding newSession on session null to remote] DEBUG org.apache.http.wire - http-outgoing-33 >> "{[\n]"
12:55:46.659 [Forwarding newSession on session null to remote] DEBUG org.apache.http.wire - http-outgoing-33 >> "  "desiredCapabilities": {[\n]"
12:55:46.659 [Forwarding newSession on session null to remote] DEBUG org.apache.http.wire - http-outgoing-33 >> "    "browserName": "chrome",[\n]"
12:55:46.659 [Forwarding newSession on session null to remote] DEBUG org.apache.http.wire - http-outgoing-33 >> "    "goog:chromeOptions": {[\n]"
12:55:46.659 [Forwarding newSession on session null to remote] DEBUG org.apache.http.wire - http-outgoing-33 >> "      "args": [],[\n]"
12:55:46.659 [Forwarding newSession on session null to remote] DEBUG org.apache.http.wire - http-outgoing-33 >> "      "extensions": [][\n]"
12:55:46.659 [Forwarding newSession on session null to remote] DEBUG org.apache.http.wire - http-outgoing-33 >> "    }[\n]"
12:55:46.659 [Forwarding newSession on session null to remote] DEBUG org.apache.http.wire - http-outgoing-33 >> "  },[\n]"
12:55:46.659 [Forwarding newSession on session null to remote] DEBUG org.apache.http.wire - http-outgoing-33 >> "  "requiredCapabilities": {},[\n]"
12:55:46.659 [Forwarding newSession on session null to remote] DEBUG org.apache.http.wire - http-outgoing-33 >> "  "capabilities": {[\n]"
12:55:46.659 [Forwarding newSession on session null to remote] DEBUG org.apache.http.wire - http-outgoing-33 >> "    "desiredCapabilities": {[\n]"
12:55:46.659 [Forwarding newSession on session null to remote] DEBUG org.apache.http.wire - http-outgoing-33 >> "      "browserName": "chrome",[\n]"
12:55:46.659 [Forwarding newSession on session null to remote] DEBUG org.apache.http.wire - http-outgoing-33 >> "      "goog:chromeOptions": {[\n]"
12:55:46.659 [Forwarding newSession on session null to remote] DEBUG org.apache.http.wire - http-outgoing-33 >> "        "args": [],[\n]"
12:55:46.659 [Forwarding newSession on session null to remote] DEBUG org.apache.http.wire - http-outgoing-33 >> "        "extensions": [][\n]"
12:55:46.659 [Forwarding newSession on session null to remote] DEBUG org.apache.http.wire - http-outgoing-33 >> "      }[\n]"
12:55:46.659 [Forwarding newSession on session null to remote] DEBUG org.apache.http.wire - http-outgoing-33 >> "    },[\n]"
12:55:46.659 [Forwarding newSession on session null to remote] DEBUG org.apache.http.wire - http-outgoing-33 >> "    "requiredCapabilities": {},[\n]"
12:55:46.659 [Forwarding newSession on session null to remote] DEBUG org.apache.http.wire - http-outgoing-33 >> "    "alwaysMatch": {[\n]"
12:55:46.659 [Forwarding newSession on session null to remote] DEBUG org.apache.http.wire - http-outgoing-33 >> "      "goog:chromeOptions": {[\n]"
12:55:46.659 [Forwarding newSession on session null to remote] DEBUG org.apache.http.wire - http-outgoing-33 >> "        "args": [],[\n]"
12:55:46.659 [Forwarding newSession on session null to remote] DEBUG org.apache.http.wire - http-outgoing-33 >> "        "extensions": [][\n]"
12:55:46.659 [Forwarding newSession on session null to remote] DEBUG org.apache.http.wire - http-outgoing-33 >> "      }[\n]"
12:55:46.659 [Forwarding newSession on session null to remote] DEBUG org.apache.http.wire - http-outgoing-33 >> "    },[\n]"
12:55:46.659 [Forwarding newSession on session null to remote] DEBUG org.apache.http.wire - http-outgoing-33 >> "    "firstMatch": [[\n]"
12:55:46.659 [Forwarding newSession on session null to remote] DEBUG org.apache.http.wire - http-outgoing-33 >> "      {[\n]"
12:55:46.659 [Forwarding newSession on session null to remote] DEBUG org.apache.http.wire - http-outgoing-33 >> "        "browserName": "chrome"[\n]"
12:55:46.659 [Forwarding newSession on session null to remote] DEBUG org.apache.http.wire - http-outgoing-33 >> "      }[\n]"
12:55:46.659 [Forwarding newSession on session null to remote] DEBUG org.apache.http.wire - http-outgoing-33 >> "    ][\n]"
12:55:46.659 [Forwarding newSession on session null to remote] DEBUG org.apache.http.wire - http-outgoing-33 >> "  }[\n]"
12:55:46.659 [Forwarding newSession on session null to remote] DEBUG org.apache.http.wire - http-outgoing-33 >> "}"
12:55:47.242 [Forwarding newSession on session null to remote] DEBUG org.apache.http.wire - http-outgoing-33 << "HTTP/1.1 200 OK[\r][\n]"
12:55:47.242 [Forwarding newSession on session null to remote] DEBUG org.apache.http.wire - http-outgoing-33 << "Content-Length:690[\r][\n]"
12:55:47.242 [Forwarding newSession on session null to remote] DEBUG org.apache.http.wire - http-outgoing-33 << "Content-Type:application/json; charset=utf-8[\r][\n]"
12:55:47.242 [Forwarding newSession on session null to remote] DEBUG org.apache.http.wire - http-outgoing-33 << "cache-control:no-cache[\r][\n]"
12:55:47.242 [Forwarding newSession on session null to remote] DEBUG org.apache.http.wire - http-outgoing-33 << "[\r][\n]"
12:55:47.242 [Forwarding newSession on session null to remote] DEBUG org.apache.http.wire - http-outgoing-33 << "{"value":{"capabilities":{"acceptInsecureCerts":false,"browserName":"chrome","browserVersion":"80.0.3987.149","chrome":{"chromedriverVersion":"80.0.3987.106 (f68069574609230cf9b635cd784cfb1bf81bb53a-refs/branch-heads/3987@{#882})","userDataDir":"/var/folders/fs/0qxrqb5x7zg5dtqrhc9t0clm0000gn/T/.com.google.Chrome.h0dIfN"},"goog:chromeOptions":{"debuggerAddress":"localhost:62353"},"networkConnectionEnabled":false,"pageLoadStrategy":"normal","platformName":"mac os x","proxy":{},"setWindowRect":true,"strictFileInteractability":false,"timeouts":{"implicit":0,"pageLoad":300000,"script":30000},"unhandledPromptBehavior":"dismiss and notify"},"sessionId":"da881b5523fb3c2b9186ef48618dc572"}}"
12:55:47.242 [Forwarding newSession on session null to remote] DEBUG org.apache.http.headers - http-outgoing-33 << HTTP/1.1 200 OK
12:55:47.242 [Forwarding newSession on session null to remote] DEBUG org.apache.http.headers - http-outgoing-33 << Content-Length:690
12:55:47.242 [Forwarding newSession on session null to remote] DEBUG org.apache.http.headers - http-outgoing-33 << Content-Type:application/json; charset=utf-8
12:55:47.242 [Forwarding newSession on session null to remote] DEBUG org.apache.http.headers - http-outgoing-33 << cache-control:no-cache
12:55:47.242 [Forwarding newSession on session null to remote] DEBUG org.apache.http.impl.execchain.MainClientExec - Connection can be kept alive indefinitely
12:55:47.242 [Forwarding newSession on session null to remote] DEBUG org.apache.http.impl.conn.PoolingHttpClientConnectionManager - Connection [id: 33][route: {}->http://localhost:17010] can be kept alive indefinitely
12:55:47.242 [Forwarding newSession on session null to remote] DEBUG org.apache.http.impl.conn.PoolingHttpClientConnectionManager - Connection released: [id: 33][route: {}->http://localhost:17010][total kept alive: 16; route allocated: 1 of 2000; total allocated: 16 of 2000]
12:55:47.244 [Forwarding get on session da881b5523fb3c2b9186ef48618dc572 to remote] DEBUG org.apache.http.client.protocol.RequestAddCookies - CookieSpec selected: default
12:55:47.244 [Forwarding get on session da881b5523fb3c2b9186ef48618dc572 to remote] DEBUG org.apache.http.client.protocol.RequestAuthCache - Auth cache not set in the context
12:55:47.244 [Forwarding get on session da881b5523fb3c2b9186ef48618dc572 to remote] DEBUG org.apache.http.impl.conn.PoolingHttpClientConnectionManager - Connection request: [route: {}->http://localhost:17010][total kept alive: 16; route allocated: 1 of 2000; total allocated: 16 of 2000]
12:55:47.244 [Forwarding get on session da881b5523fb3c2b9186ef48618dc572 to remote] DEBUG org.apache.http.impl.conn.PoolingHttpClientConnectionManager - Connection leased: [id: 33][route: {}->http://localhost:17010][total kept alive: 15; route allocated: 1 of 2000; total allocated: 16 of 2000]
12:55:47.244 [Forwarding get on session da881b5523fb3c2b9186ef48618dc572 to remote] DEBUG org.apache.http.impl.execchain.MainClientExec - Stale connection check
12:55:47.246 [Forwarding get on session da881b5523fb3c2b9186ef48618dc572 to remote] DEBUG org.apache.http.wire - http-outgoing-33 << "[read] I/O error: Read timed out"
12:55:47.246 [Forwarding get on session da881b5523fb3c2b9186ef48618dc572 to remote] DEBUG org.apache.http.impl.conn.DefaultManagedHttpClientConnection - http-outgoing-33: set socket timeout to 10800000
12:55:47.246 [Forwarding get on session da881b5523fb3c2b9186ef48618dc572 to remote] DEBUG org.apache.http.impl.execchain.MainClientExec - Executing request POST /session/da881b5523fb3c2b9186ef48618dc572/url HTTP/1.1
12:55:47.246 [Forwarding get on session da881b5523fb3c2b9186ef48618dc572 to remote] DEBUG org.apache.http.impl.execchain.MainClientExec - Target auth state: UNCHALLENGED
12:55:47.246 [Forwarding get on session da881b5523fb3c2b9186ef48618dc572 to remote] DEBUG org.apache.http.impl.execchain.MainClientExec - Proxy auth state: UNCHALLENGED
12:55:47.246 [Forwarding get on session da881b5523fb3c2b9186ef48618dc572 to remote] DEBUG org.apache.http.headers - http-outgoing-33 >> POST /session/da881b5523fb3c2b9186ef48618dc572/url HTTP/1.1
12:55:47.246 [Forwarding get on session da881b5523fb3c2b9186ef48618dc572 to remote] DEBUG org.apache.http.headers - http-outgoing-33 >> Content-Type: application/json; charset=utf-8
12:55:47.246 [Forwarding get on session da881b5523fb3c2b9186ef48618dc572 to remote] DEBUG org.apache.http.headers - http-outgoing-33 >> Content-Length: 41
12:55:47.246 [Forwarding get on session da881b5523fb3c2b9186ef48618dc572 to remote] DEBUG org.apache.http.headers - http-outgoing-33 >> Host: localhost:17010
12:55:47.246 [Forwarding get on session da881b5523fb3c2b9186ef48618dc572 to remote] DEBUG org.apache.http.headers - http-outgoing-33 >> Connection: Keep-Alive
12:55:47.246 [Forwarding get on session da881b5523fb3c2b9186ef48618dc572 to remote] DEBUG org.apache.http.headers - http-outgoing-33 >> User-Agent: Apache-HttpClient/4.5.3 (Java/1.8.0_211)
12:55:47.246 [Forwarding get on session da881b5523fb3c2b9186ef48618dc572 to remote] DEBUG org.apache.http.headers - http-outgoing-33 >> Accept-Encoding: gzip,deflate
12:55:47.246 [Forwarding get on session da881b5523fb3c2b9186ef48618dc572 to remote] DEBUG org.apache.http.wire - http-outgoing-33 >> "POST /session/da881b5523fb3c2b9186ef48618dc572/url HTTP/1.1[\r][\n]"
12:55:47.246 [Forwarding get on session da881b5523fb3c2b9186ef48618dc572 to remote] DEBUG org.apache.http.wire - http-outgoing-33 >> "Content-Type: application/json; charset=utf-8[\r][\n]"
12:55:47.246 [Forwarding get on session da881b5523fb3c2b9186ef48618dc572 to remote] DEBUG org.apache.http.wire - http-outgoing-33 >> "Content-Length: 41[\r][\n]"
12:55:47.246 [Forwarding get on session da881b5523fb3c2b9186ef48618dc572 to remote] DEBUG org.apache.http.wire - http-outgoing-33 >> "Host: localhost:17010[\r][\n]"
12:55:47.246 [Forwarding get on session da881b5523fb3c2b9186ef48618dc572 to remote] DEBUG org.apache.http.wire - http-outgoing-33 >> "Connection: Keep-Alive[\r][\n]"
12:55:47.246 [Forwarding get on session da881b5523fb3c2b9186ef48618dc572 to remote] DEBUG org.apache.http.wire - http-outgoing-33 >> "User-Agent: Apache-HttpClient/4.5.3 (Java/1.8.0_211)[\r][\n]"
12:55:47.246 [Forwarding get on session da881b5523fb3c2b9186ef48618dc572 to remote] DEBUG org.apache.http.wire - http-outgoing-33 >> "Accept-Encoding: gzip,deflate[\r][\n]"
12:55:47.246 [Forwarding get on session da881b5523fb3c2b9186ef48618dc572 to remote] DEBUG org.apache.http.wire - http-outgoing-33 >> "[\r][\n]"
12:55:47.246 [Forwarding get on session da881b5523fb3c2b9186ef48618dc572 to remote] DEBUG org.apache.http.wire - http-outgoing-33 >> "{"url":"https://tronscan.org/#/sr/votes"}"
12:55:49.844 [Forwarding get on session da881b5523fb3c2b9186ef48618dc572 to remote] DEBUG org.apache.http.wire - http-outgoing-33 << "HTTP/1.1 200 OK[\r][\n]"
12:55:49.844 [Forwarding get on session da881b5523fb3c2b9186ef48618dc572 to remote] DEBUG org.apache.http.wire - http-outgoing-33 << "Content-Length:14[\r][\n]"
12:55:49.844 [Forwarding get on session da881b5523fb3c2b9186ef48618dc572 to remote] DEBUG org.apache.http.wire - http-outgoing-33 << "Content-Type:application/json; charset=utf-8[\r][\n]"
12:55:49.844 [Forwarding get on session da881b5523fb3c2b9186ef48618dc572 to remote] DEBUG org.apache.http.wire - http-outgoing-33 << "cache-control:no-cache[\r][\n]"
12:55:49.844 [Forwarding get on session da881b5523fb3c2b9186ef48618dc572 to remote] DEBUG org.apache.http.wire - http-outgoing-33 << "[\r][\n]"
12:55:49.844 [Forwarding get on session da881b5523fb3c2b9186ef48618dc572 to remote] DEBUG org.apache.http.wire - http-outgoing-33 << "{"value":null}"
12:55:49.844 [Forwarding get on session da881b5523fb3c2b9186ef48618dc572 to remote] DEBUG org.apache.http.headers - http-outgoing-33 << HTTP/1.1 200 OK
12:55:49.844 [Forwarding get on session da881b5523fb3c2b9186ef48618dc572 to remote] DEBUG org.apache.http.headers - http-outgoing-33 << Content-Length:14
12:55:49.844 [Forwarding get on session da881b5523fb3c2b9186ef48618dc572 to remote] DEBUG org.apache.http.headers - http-outgoing-33 << Content-Type:application/json; charset=utf-8
12:55:49.844 [Forwarding get on session da881b5523fb3c2b9186ef48618dc572 to remote] DEBUG org.apache.http.headers - http-outgoing-33 << cache-control:no-cache
12:55:49.845 [Forwarding get on session da881b5523fb3c2b9186ef48618dc572 to remote] DEBUG org.apache.http.impl.execchain.MainClientExec - Connection can be kept alive indefinitely
12:55:49.845 [Forwarding get on session da881b5523fb3c2b9186ef48618dc572 to remote] DEBUG org.apache.http.impl.conn.PoolingHttpClientConnectionManager - Connection [id: 33][route: {}->http://localhost:17010] can be kept alive indefinitely
12:55:49.845 [Forwarding get on session da881b5523fb3c2b9186ef48618dc572 to remote] DEBUG org.apache.http.impl.conn.PoolingHttpClientConnectionManager - Connection released: [id: 33][route: {}->http://localhost:17010][total kept alive: 16; route allocated: 1 of 2000; total allocated: 16 of 2000]
成功打开谷歌浏览器！
12:55:49.845 [Forwarding setTimeout on session da881b5523fb3c2b9186ef48618dc572 to remote] DEBUG org.apache.http.client.protocol.RequestAddCookies - CookieSpec selected: default
12:55:49.845 [Forwarding setTimeout on session da881b5523fb3c2b9186ef48618dc572 to remote] DEBUG org.apache.http.client.protocol.RequestAuthCache - Auth cache not set in the context
12:55:49.845 [Forwarding setTimeout on session da881b5523fb3c2b9186ef48618dc572 to remote] DEBUG org.apache.http.impl.conn.PoolingHttpClientConnectionManager - Connection request: [route: {}->http://localhost:17010][total kept alive: 16; route allocated: 1 of 2000; total allocated: 16 of 2000]
12:55:49.845 [Forwarding setTimeout on session da881b5523fb3c2b9186ef48618dc572 to remote] DEBUG org.apache.http.impl.conn.PoolingHttpClientConnectionManager - Connection leased: [id: 33][route: {}->http://localhost:17010][total kept alive: 15; route allocated: 1 of 2000; total allocated: 16 of 2000]
12:55:49.845 [Forwarding setTimeout on session da881b5523fb3c2b9186ef48618dc572 to remote] DEBUG org.apache.http.impl.execchain.MainClientExec - Stale connection check
12:55:49.846 [Forwarding setTimeout on session da881b5523fb3c2b9186ef48618dc572 to remote] DEBUG org.apache.http.wire - http-outgoing-33 << "[read] I/O error: Read timed out"
12:55:49.846 [Forwarding setTimeout on session da881b5523fb3c2b9186ef48618dc572 to remote] DEBUG org.apache.http.impl.conn.DefaultManagedHttpClientConnection - http-outgoing-33: set socket timeout to 10800000
12:55:49.846 [Forwarding setTimeout on session da881b5523fb3c2b9186ef48618dc572 to remote] DEBUG org.apache.http.impl.execchain.MainClientExec - Executing request POST /session/da881b5523fb3c2b9186ef48618dc572/timeouts HTTP/1.1
12:55:49.846 [Forwarding setTimeout on session da881b5523fb3c2b9186ef48618dc572 to remote] DEBUG org.apache.http.impl.execchain.MainClientExec - Target auth state: UNCHALLENGED
12:55:49.846 [Forwarding setTimeout on session da881b5523fb3c2b9186ef48618dc572 to remote] DEBUG org.apache.http.impl.execchain.MainClientExec - Proxy auth state: UNCHALLENGED
12:55:49.846 [Forwarding setTimeout on session da881b5523fb3c2b9186ef48618dc572 to remote] DEBUG org.apache.http.headers - http-outgoing-33 >> POST /session/da881b5523fb3c2b9186ef48618dc572/timeouts HTTP/1.1
12:55:49.846 [Forwarding setTimeout on session da881b5523fb3c2b9186ef48618dc572 to remote] DEBUG org.apache.http.headers - http-outgoing-33 >> Content-Type: application/json; charset=utf-8
12:55:49.846 [Forwarding setTimeout on session da881b5523fb3c2b9186ef48618dc572 to remote] DEBUG org.apache.http.headers - http-outgoing-33 >> Content-Length: 18
12:55:49.846 [Forwarding setTimeout on session da881b5523fb3c2b9186ef48618dc572 to remote] DEBUG org.apache.http.headers - http-outgoing-33 >> Host: localhost:17010
12:55:49.846 [Forwarding setTimeout on session da881b5523fb3c2b9186ef48618dc572 to remote] DEBUG org.apache.http.headers - http-outgoing-33 >> Connection: Keep-Alive
12:55:49.846 [Forwarding setTimeout on session da881b5523fb3c2b9186ef48618dc572 to remote] DEBUG org.apache.http.headers - http-outgoing-33 >> User-Agent: Apache-HttpClient/4.5.3 (Java/1.8.0_211)
12:55:49.846 [Forwarding setTimeout on session da881b5523fb3c2b9186ef48618dc572 to remote] DEBUG org.apache.http.headers - http-outgoing-33 >> Accept-Encoding: gzip,deflate
12:55:49.846 [Forwarding setTimeout on session da881b5523fb3c2b9186ef48618dc572 to remote] DEBUG org.apache.http.wire - http-outgoing-33 >> "POST /session/da881b5523fb3c2b9186ef48618dc572/timeouts HTTP/1.1[\r][\n]"
12:55:49.846 [Forwarding setTimeout on session da881b5523fb3c2b9186ef48618dc572 to remote] DEBUG org.apache.http.wire - http-outgoing-33 >> "Content-Type: application/json; charset=utf-8[\r][\n]"
12:55:49.846 [Forwarding setTimeout on session da881b5523fb3c2b9186ef48618dc572 to remote] DEBUG org.apache.http.wire - http-outgoing-33 >> "Content-Length: 18[\r][\n]"
12:55:49.846 [Forwarding setTimeout on session da881b5523fb3c2b9186ef48618dc572 to remote] DEBUG org.apache.http.wire - http-outgoing-33 >> "Host: localhost:17010[\r][\n]"
12:55:49.846 [Forwarding setTimeout on session da881b5523fb3c2b9186ef48618dc572 to remote] DEBUG org.apache.http.wire - http-outgoing-33 >> "Connection: Keep-Alive[\r][\n]"
12:55:49.846 [Forwarding setTimeout on session da881b5523fb3c2b9186ef48618dc572 to remote] DEBUG org.apache.http.wire - http-outgoing-33 >> "User-Agent: Apache-HttpClient/4.5.3 (Java/1.8.0_211)[\r][\n]"
12:55:49.846 [Forwarding setTimeout on session da881b5523fb3c2b9186ef48618dc572 to remote] DEBUG org.apache.http.wire - http-outgoing-33 >> "Accept-Encoding: gzip,deflate[\r][\n]"
12:55:49.846 [Forwarding setTimeout on session da881b5523fb3c2b9186ef48618dc572 to remote] DEBUG org.apache.http.wire - http-outgoing-33 >> "[\r][\n]"
12:55:49.846 [Forwarding setTimeout on session da881b5523fb3c2b9186ef48618dc572 to remote] DEBUG org.apache.http.wire - http-outgoing-33 >> "{"implicit":10000}"
12:55:49.847 [Forwarding setTimeout on session da881b5523fb3c2b9186ef48618dc572 to remote] DEBUG org.apache.http.wire - http-outgoing-33 << "HTTP/1.1 200 OK[\r][\n]"
12:55:49.847 [Forwarding setTimeout on session da881b5523fb3c2b9186ef48618dc572 to remote] DEBUG org.apache.http.wire - http-outgoing-33 << "Content-Length:14[\r][\n]"
12:55:49.847 [Forwarding setTimeout on session da881b5523fb3c2b9186ef48618dc572 to remote] DEBUG org.apache.http.wire - http-outgoing-33 << "Content-Type:application/json; charset=utf-8[\r][\n]"
12:55:49.847 [Forwarding setTimeout on session da881b5523fb3c2b9186ef48618dc572 to remote] DEBUG org.apache.http.wire - http-outgoing-33 << "cache-control:no-cache[\r][\n]"
12:55:49.847 [Forwarding setTimeout on session da881b5523fb3c2b9186ef48618dc572 to remote] DEBUG org.apache.http.wire - http-outgoing-33 << "[\r][\n]"
12:55:49.847 [Forwarding setTimeout on session da881b5523fb3c2b9186ef48618dc572 to remote] DEBUG org.apache.http.wire - http-outgoing-33 << "{"value":null}"
12:55:49.847 [Forwarding setTimeout on session da881b5523fb3c2b9186ef48618dc572 to remote] DEBUG org.apache.http.headers - http-outgoing-33 << HTTP/1.1 200 OK
12:55:49.847 [Forwarding setTimeout on session da881b5523fb3c2b9186ef48618dc572 to remote] DEBUG org.apache.http.headers - http-outgoing-33 << Content-Length:14
12:55:49.847 [Forwarding setTimeout on session da881b5523fb3c2b9186ef48618dc572 to remote] DEBUG org.apache.http.headers - http-outgoing-33 << Content-Type:application/json; charset=utf-8
12:55:49.847 [Forwarding setTimeout on session da881b5523fb3c2b9186ef48618dc572 to remote] DEBUG org.apache.http.headers - http-outgoing-33 << cache-control:no-cache
12:55:49.847 [Forwarding setTimeout on session da881b5523fb3c2b9186ef48618dc572 to remote] DEBUG org.apache.http.impl.execchain.MainClientExec - Connection can be kept alive indefinitely
12:55:49.847 [Forwarding setTimeout on session da881b5523fb3c2b9186ef48618dc572 to remote] DEBUG org.apache.http.impl.conn.PoolingHttpClientConnectionManager - Connection [id: 33][route: {}->http://localhost:17010] can be kept alive indefinitely
12:55:49.847 [Forwarding setTimeout on session da881b5523fb3c2b9186ef48618dc572 to remote] DEBUG org.apache.http.impl.conn.PoolingHttpClientConnectionManager - Connection released: [id: 33][route: {}->http://localhost:17010][total kept alive: 16; route allocated: 1 of 2000; total allocated: 16 of 2000]
LOGIN
12:55:49.847 [Forwarding setCurrentWindowSize on session da881b5523fb3c2b9186ef48618dc572 to remote] DEBUG org.apache.http.client.protocol.RequestAddCookies - CookieSpec selected: default
12:55:49.848 [Forwarding setCurrentWindowSize on session da881b5523fb3c2b9186ef48618dc572 to remote] DEBUG org.apache.http.client.protocol.RequestAuthCache - Auth cache not set in the context
12:55:49.848 [Forwarding setCurrentWindowSize on session da881b5523fb3c2b9186ef48618dc572 to remote] DEBUG org.apache.http.impl.conn.PoolingHttpClientConnectionManager - Connection request: [route: {}->http://localhost:17010][total kept alive: 16; route allocated: 1 of 2000; total allocated: 16 of 2000]
12:55:49.848 [Forwarding setCurrentWindowSize on session da881b5523fb3c2b9186ef48618dc572 to remote] DEBUG org.apache.http.impl.conn.PoolingHttpClientConnectionManager - Connection leased: [id: 33][route: {}->http://localhost:17010][total kept alive: 15; route allocated: 1 of 2000; total allocated: 16 of 2000]
12:55:49.848 [Forwarding setCurrentWindowSize on session da881b5523fb3c2b9186ef48618dc572 to remote] DEBUG org.apache.http.impl.execchain.MainClientExec - Stale connection check
12:55:49.849 [Forwarding setCurrentWindowSize on session da881b5523fb3c2b9186ef48618dc572 to remote] DEBUG org.apache.http.wire - http-outgoing-33 << "[read] I/O error: Read timed out"
12:55:49.849 [Forwarding setCurrentWindowSize on session da881b5523fb3c2b9186ef48618dc572 to remote] DEBUG org.apache.http.impl.conn.DefaultManagedHttpClientConnection - http-outgoing-33: set socket timeout to 10800000
12:55:49.849 [Forwarding setCurrentWindowSize on session da881b5523fb3c2b9186ef48618dc572 to remote] DEBUG org.apache.http.impl.execchain.MainClientExec - Executing request POST /session/da881b5523fb3c2b9186ef48618dc572/window/rect HTTP/1.1
12:55:49.849 [Forwarding setCurrentWindowSize on session da881b5523fb3c2b9186ef48618dc572 to remote] DEBUG org.apache.http.impl.execchain.MainClientExec - Target auth state: UNCHALLENGED
12:55:49.849 [Forwarding setCurrentWindowSize on session da881b5523fb3c2b9186ef48618dc572 to remote] DEBUG org.apache.http.impl.execchain.MainClientExec - Proxy auth state: UNCHALLENGED
12:55:49.849 [Forwarding setCurrentWindowSize on session da881b5523fb3c2b9186ef48618dc572 to remote] DEBUG org.apache.http.headers - http-outgoing-33 >> POST /session/da881b5523fb3c2b9186ef48618dc572/window/rect HTTP/1.1
12:55:49.849 [Forwarding setCurrentWindowSize on session da881b5523fb3c2b9186ef48618dc572 to remote] DEBUG org.apache.http.headers - http-outgoing-33 >> Content-Type: application/json; charset=utf-8
12:55:49.849 [Forwarding setCurrentWindowSize on session da881b5523fb3c2b9186ef48618dc572 to remote] DEBUG org.apache.http.headers - http-outgoing-33 >> Content-Length: 28
12:55:49.849 [Forwarding setCurrentWindowSize on session da881b5523fb3c2b9186ef48618dc572 to remote] DEBUG org.apache.http.headers - http-outgoing-33 >> Host: localhost:17010
12:55:49.849 [Forwarding setCurrentWindowSize on session da881b5523fb3c2b9186ef48618dc572 to remote] DEBUG org.apache.http.headers - http-outgoing-33 >> Connection: Keep-Alive
12:55:49.849 [Forwarding setCurrentWindowSize on session da881b5523fb3c2b9186ef48618dc572 to remote] DEBUG org.apache.http.headers - http-outgoing-33 >> User-Agent: Apache-HttpClient/4.5.3 (Java/1.8.0_211)
12:55:49.849 [Forwarding setCurrentWindowSize on session da881b5523fb3c2b9186ef48618dc572 to remote] DEBUG org.apache.http.headers - http-outgoing-33 >> Accept-Encoding: gzip,deflate
12:55:49.849 [Forwarding setCurrentWindowSize on session da881b5523fb3c2b9186ef48618dc572 to remote] DEBUG org.apache.http.wire - http-outgoing-33 >> "POST /session/da881b5523fb3c2b9186ef48618dc572/window/rect HTTP/1.1[\r][\n]"
12:55:49.849 [Forwarding setCurrentWindowSize on session da881b5523fb3c2b9186ef48618dc572 to remote] DEBUG org.apache.http.wire - http-outgoing-33 >> "Content-Type: application/json; charset=utf-8[\r][\n]"
12:55:49.849 [Forwarding setCurrentWindowSize on session da881b5523fb3c2b9186ef48618dc572 to remote] DEBUG org.apache.http.wire - http-outgoing-33 >> "Content-Length: 28[\r][\n]"
12:55:49.849 [Forwarding setCurrentWindowSize on session da881b5523fb3c2b9186ef48618dc572 to remote] DEBUG org.apache.http.wire - http-outgoing-33 >> "Host: localhost:17010[\r][\n]"
12:55:49.849 [Forwarding setCurrentWindowSize on session da881b5523fb3c2b9186ef48618dc572 to remote] DEBUG org.apache.http.wire - http-outgoing-33 >> "Connection: Keep-Alive[\r][\n]"
12:55:49.849 [Forwarding setCurrentWindowSize on session da881b5523fb3c2b9186ef48618dc572 to remote] DEBUG org.apache.http.wire - http-outgoing-33 >> "User-Agent: Apache-HttpClient/4.5.3 (Java/1.8.0_211)[\r][\n]"
12:55:49.849 [Forwarding setCurrentWindowSize on session da881b5523fb3c2b9186ef48618dc572 to remote] DEBUG org.apache.http.wire - http-outgoing-33 >> "Accept-Encoding: gzip,deflate[\r][\n]"
12:55:49.849 [Forwarding setCurrentWindowSize on session da881b5523fb3c2b9186ef48618dc572 to remote] DEBUG org.apache.http.wire - http-outgoing-33 >> "[\r][\n]"
12:55:49.849 [Forwarding setCurrentWindowSize on session da881b5523fb3c2b9186ef48618dc572 to remote] DEBUG org.apache.http.wire - http-outgoing-33 >> "{"width":2560,"height":1440}"
12:55:49.994 [Forwarding setCurrentWindowSize on session da881b5523fb3c2b9186ef48618dc572 to remote] DEBUG org.apache.http.wire - http-outgoing-33 << "HTTP/1.1 200 OK[\r][\n]"
12:55:49.994 [Forwarding setCurrentWindowSize on session da881b5523fb3c2b9186ef48618dc572 to remote] DEBUG org.apache.http.wire - http-outgoing-33 << "Content-Length:52[\r][\n]"
12:55:49.994 [Forwarding setCurrentWindowSize on session da881b5523fb3c2b9186ef48618dc572 to remote] DEBUG org.apache.http.wire - http-outgoing-33 << "Content-Type:application/json; charset=utf-8[\r][\n]"
12:55:49.994 [Forwarding setCurrentWindowSize on session da881b5523fb3c2b9186ef48618dc572 to remote] DEBUG org.apache.http.wire - http-outgoing-33 << "cache-control:no-cache[\r][\n]"
12:55:49.994 [Forwarding setCurrentWindowSize on session da881b5523fb3c2b9186ef48618dc572 to remote] DEBUG org.apache.http.wire - http-outgoing-33 << "[\r][\n]"
12:55:49.994 [Forwarding setCurrentWindowSize on session da881b5523fb3c2b9186ef48618dc572 to remote] DEBUG org.apache.http.wire - http-outgoing-33 << "{"value":{"height":1367,"width":2560,"x":22,"y":23}}"
12:55:49.994 [Forwarding setCurrentWindowSize on session da881b5523fb3c2b9186ef48618dc572 to remote] DEBUG org.apache.http.headers - http-outgoing-33 << HTTP/1.1 200 OK
12:55:49.994 [Forwarding setCurrentWindowSize on session da881b5523fb3c2b9186ef48618dc572 to remote] DEBUG org.apache.http.headers - http-outgoing-33 << Content-Length:52
12:55:49.994 [Forwarding setCurrentWindowSize on session da881b5523fb3c2b9186ef48618dc572 to remote] DEBUG org.apache.http.headers - http-outgoing-33 << Content-Type:application/json; charset=utf-8
12:55:49.994 [Forwarding setCurrentWindowSize on session da881b5523fb3c2b9186ef48618dc572 to remote] DEBUG org.apache.http.headers - http-outgoing-33 << cache-control:no-cache
12:55:49.994 [Forwarding setCurrentWindowSize on session da881b5523fb3c2b9186ef48618dc572 to remote] DEBUG org.apache.http.impl.execchain.MainClientExec - Connection can be kept alive indefinitely
12:55:49.994 [Forwarding setCurrentWindowSize on session da881b5523fb3c2b9186ef48618dc572 to remote] DEBUG org.apache.http.impl.conn.PoolingHttpClientConnectionManager - Connection [id: 33][route: {}->http://localhost:17010] can be kept alive indefinitely
12:55:49.994 [Forwarding setCurrentWindowSize on session da881b5523fb3c2b9186ef48618dc572 to remote] DEBUG org.apache.http.impl.conn.PoolingHttpClientConnectionManager - Connection released: [id: 33][route: {}->http://localhost:17010][total kept alive: 16; route allocated: 1 of 2000; total allocated: 16 of 2000]
12:55:50.199 [Forwarding findElement on session da881b5523fb3c2b9186ef48618dc572 to remote] DEBUG org.apache.http.client.protocol.RequestAddCookies - CookieSpec selected: default
12:55:50.199 [Forwarding findElement on session da881b5523fb3c2b9186ef48618dc572 to remote] DEBUG org.apache.http.client.protocol.RequestAuthCache - Auth cache not set in the context
12:55:50.199 [Forwarding findElement on session da881b5523fb3c2b9186ef48618dc572 to remote] DEBUG org.apache.http.impl.conn.PoolingHttpClientConnectionManager - Connection request: [route: {}->http://localhost:17010][total kept alive: 16; route allocated: 1 of 2000; total allocated: 16 of 2000]
12:55:50.199 [Forwarding findElement on session da881b5523fb3c2b9186ef48618dc572 to remote] DEBUG org.apache.http.impl.conn.PoolingHttpClientConnectionManager - Connection leased: [id: 33][route: {}->http://localhost:17010][total kept alive: 15; route allocated: 1 of 2000; total allocated: 16 of 2000]
12:55:50.199 [Forwarding findElement on session da881b5523fb3c2b9186ef48618dc572 to remote] DEBUG org.apache.http.impl.execchain.MainClientExec - Stale connection check
12:55:50.200 [Forwarding findElement on session da881b5523fb3c2b9186ef48618dc572 to remote] DEBUG org.apache.http.wire - http-outgoing-33 << "[read] I/O error: Read timed out"
12:55:50.201 [Forwarding findElement on session da881b5523fb3c2b9186ef48618dc572 to remote] DEBUG org.apache.http.impl.conn.DefaultManagedHttpClientConnection - http-outgoing-33: set socket timeout to 10800000
12:55:50.201 [Forwarding findElement on session da881b5523fb3c2b9186ef48618dc572 to remote] DEBUG org.apache.http.impl.execchain.MainClientExec - Executing request POST /session/da881b5523fb3c2b9186ef48618dc572/element HTTP/1.1
12:55:50.201 [Forwarding findElement on session da881b5523fb3c2b9186ef48618dc572 to remote] DEBUG org.apache.http.impl.execchain.MainClientExec - Target auth state: UNCHALLENGED
12:55:50.201 [Forwarding findElement on session da881b5523fb3c2b9186ef48618dc572 to remote] DEBUG org.apache.http.impl.execchain.MainClientExec - Proxy auth state: UNCHALLENGED
12:55:50.201 [Forwarding findElement on session da881b5523fb3c2b9186ef48618dc572 to remote] DEBUG org.apache.http.headers - http-outgoing-33 >> POST /session/da881b5523fb3c2b9186ef48618dc572/element HTTP/1.1
12:55:50.201 [Forwarding findElement on session da881b5523fb3c2b9186ef48618dc572 to remote] DEBUG org.apache.http.headers - http-outgoing-33 >> Content-Type: application/json; charset=utf-8
12:55:50.201 [Forwarding findElement on session da881b5523fb3c2b9186ef48618dc572 to remote] DEBUG org.apache.http.headers - http-outgoing-33 >> Content-Length: 58
12:55:50.201 [Forwarding findElement on session da881b5523fb3c2b9186ef48618dc572 to remote] DEBUG org.apache.http.headers - http-outgoing-33 >> Host: localhost:17010
12:55:50.201 [Forwarding findElement on session da881b5523fb3c2b9186ef48618dc572 to remote] DEBUG org.apache.http.headers - http-outgoing-33 >> Connection: Keep-Alive
12:55:50.201 [Forwarding findElement on session da881b5523fb3c2b9186ef48618dc572 to remote] DEBUG org.apache.http.headers - http-outgoing-33 >> User-Agent: Apache-HttpClient/4.5.3 (Java/1.8.0_211)
12:55:50.201 [Forwarding findElement on session da881b5523fb3c2b9186ef48618dc572 to remote] DEBUG org.apache.http.headers - http-outgoing-33 >> Accept-Encoding: gzip,deflate
12:55:50.201 [Forwarding findElement on session da881b5523fb3c2b9186ef48618dc572 to remote] DEBUG org.apache.http.wire - http-outgoing-33 >> "POST /session/da881b5523fb3c2b9186ef48618dc572/element HTTP/1.1[\r][\n]"
12:55:50.201 [Forwarding findElement on session da881b5523fb3c2b9186ef48618dc572 to remote] DEBUG org.apache.http.wire - http-outgoing-33 >> "Content-Type: application/json; charset=utf-8[\r][\n]"
12:55:50.201 [Forwarding findElement on session da881b5523fb3c2b9186ef48618dc572 to remote] DEBUG org.apache.http.wire - http-outgoing-33 >> "Content-Length: 58[\r][\n]"
12:55:50.201 [Forwarding findElement on session da881b5523fb3c2b9186ef48618dc572 to remote] DEBUG org.apache.http.wire - http-outgoing-33 >> "Host: localhost:17010[\r][\n]"
12:55:50.201 [Forwarding findElement on session da881b5523fb3c2b9186ef48618dc572 to remote] DEBUG org.apache.http.wire - http-outgoing-33 >> "Connection: Keep-Alive[\r][\n]"
12:55:50.201 [Forwarding findElement on session da881b5523fb3c2b9186ef48618dc572 to remote] DEBUG org.apache.http.wire - http-outgoing-33 >> "User-Agent: Apache-HttpClient/4.5.3 (Java/1.8.0_211)[\r][\n]"
12:55:50.201 [Forwarding findElement on session da881b5523fb3c2b9186ef48618dc572 to remote] DEBUG org.apache.http.wire - http-outgoing-33 >> "Accept-Encoding: gzip,deflate[\r][\n]"
12:55:50.201 [Forwarding findElement on session da881b5523fb3c2b9186ef48618dc572 to remote] DEBUG org.apache.http.wire - http-outgoing-33 >> "[\r][\n]"
12:55:50.201 [Forwarding findElement on session da881b5523fb3c2b9186ef48618dc572 to remote] DEBUG org.apache.http.wire - http-outgoing-33 >> "{"value":".dropdown-toggle > span","using":"css selector"}"
12:55:50.208 [Forwarding findElement on session da881b5523fb3c2b9186ef48618dc572 to remote] DEBUG org.apache.http.wire - http-outgoing-33 << "HTTP/1.1 200 OK[\r][\n]"
12:55:50.208 [Forwarding findElement on session da881b5523fb3c2b9186ef48618dc572 to remote] DEBUG org.apache.http.wire - http-outgoing-33 << "Content-Length:88[\r][\n]"
12:55:50.208 [Forwarding findElement on session da881b5523fb3c2b9186ef48618dc572 to remote] DEBUG org.apache.http.wire - http-outgoing-33 << "Content-Type:application/json; charset=utf-8[\r][\n]"
12:55:50.208 [Forwarding findElement on session da881b5523fb3c2b9186ef48618dc572 to remote] DEBUG org.apache.http.wire - http-outgoing-33 << "cache-control:no-cache[\r][\n]"
12:55:50.208 [Forwarding findElement on session da881b5523fb3c2b9186ef48618dc572 to remote] DEBUG org.apache.http.wire - http-outgoing-33 << "[\r][\n]"
12:55:50.208 [Forwarding findElement on session da881b5523fb3c2b9186ef48618dc572 to remote] DEBUG org.apache.http.wire - http-outgoing-33 << "{"value":{"element-6066-11e4-a52e-4f735466cecf":"76a264b3-ab8f-4771-91f5-47016d4d5992"}}"
12:55:50.208 [Forwarding findElement on session da881b5523fb3c2b9186ef48618dc572 to remote] DEBUG org.apache.http.headers - http-outgoing-33 << HTTP/1.1 200 OK
12:55:50.208 [Forwarding findElement on session da881b5523fb3c2b9186ef48618dc572 to remote] DEBUG org.apache.http.headers - http-outgoing-33 << Content-Length:88
12:55:50.208 [Forwarding findElement on session da881b5523fb3c2b9186ef48618dc572 to remote] DEBUG org.apache.http.headers - http-outgoing-33 << Content-Type:application/json; charset=utf-8
12:55:50.208 [Forwarding findElement on session da881b5523fb3c2b9186ef48618dc572 to remote] DEBUG org.apache.http.headers - http-outgoing-33 << cache-control:no-cache
12:55:50.208 [Forwarding findElement on session da881b5523fb3c2b9186ef48618dc572 to remote] DEBUG org.apache.http.impl.execchain.MainClientExec - Connection can be kept alive indefinitely
12:55:50.208 [Forwarding findElement on session da881b5523fb3c2b9186ef48618dc572 to remote] DEBUG org.apache.http.impl.conn.PoolingHttpClientConnectionManager - Connection [id: 33][route: {}->http://localhost:17010] can be kept alive indefinitely
12:55:50.208 [Forwarding findElement on session da881b5523fb3c2b9186ef48618dc572 to remote] DEBUG org.apache.http.impl.conn.PoolingHttpClientConnectionManager - Connection released: [id: 33][route: {}->http://localhost:17010][total kept alive: 16; route allocated: 1 of 2000; total allocated: 16 of 2000]
12:55:50.209 [Forwarding actions on session da881b5523fb3c2b9186ef48618dc572 to remote] DEBUG org.apache.http.client.protocol.RequestAddCookies - CookieSpec selected: default
12:55:50.209 [Forwarding actions on session da881b5523fb3c2b9186ef48618dc572 to remote] DEBUG org.apache.http.client.protocol.RequestAuthCache - Auth cache not set in the context
12:55:50.209 [Forwarding actions on session da881b5523fb3c2b9186ef48618dc572 to remote] DEBUG org.apache.http.impl.conn.PoolingHttpClientConnectionManager - Connection request: [route: {}->http://localhost:17010][total kept alive: 16; route allocated: 1 of 2000; total allocated: 16 of 2000]
12:55:50.209 [Forwarding actions on session da881b5523fb3c2b9186ef48618dc572 to remote] DEBUG org.apache.http.impl.conn.PoolingHttpClientConnectionManager - Connection leased: [id: 33][route: {}->http://localhost:17010][total kept alive: 15; route allocated: 1 of 2000; total allocated: 16 of 2000]
12:55:50.209 [Forwarding actions on session da881b5523fb3c2b9186ef48618dc572 to remote] DEBUG org.apache.http.impl.execchain.MainClientExec - Stale connection check
12:55:50.210 [Forwarding actions on session da881b5523fb3c2b9186ef48618dc572 to remote] DEBUG org.apache.http.wire - http-outgoing-33 << "[read] I/O error: Read timed out"
12:55:50.210 [Forwarding actions on session da881b5523fb3c2b9186ef48618dc572 to remote] DEBUG org.apache.http.impl.conn.DefaultManagedHttpClientConnection - http-outgoing-33: set socket timeout to 10800000
12:55:50.210 [Forwarding actions on session da881b5523fb3c2b9186ef48618dc572 to remote] DEBUG org.apache.http.impl.execchain.MainClientExec - Executing request POST /session/da881b5523fb3c2b9186ef48618dc572/actions HTTP/1.1
12:55:50.210 [Forwarding actions on session da881b5523fb3c2b9186ef48618dc572 to remote] DEBUG org.apache.http.impl.execchain.MainClientExec - Target auth state: UNCHALLENGED
12:55:50.210 [Forwarding actions on session da881b5523fb3c2b9186ef48618dc572 to remote] DEBUG org.apache.http.impl.execchain.MainClientExec - Proxy auth state: UNCHALLENGED
12:55:50.210 [Forwarding actions on session da881b5523fb3c2b9186ef48618dc572 to remote] DEBUG org.apache.http.headers - http-outgoing-33 >> POST /session/da881b5523fb3c2b9186ef48618dc572/actions HTTP/1.1
12:55:50.210 [Forwarding actions on session da881b5523fb3c2b9186ef48618dc572 to remote] DEBUG org.apache.http.headers - http-outgoing-33 >> Content-Type: application/json; charset=utf-8
12:55:50.210 [Forwarding actions on session da881b5523fb3c2b9186ef48618dc572 to remote] DEBUG org.apache.http.headers - http-outgoing-33 >> Content-Length: 289
12:55:50.210 [Forwarding actions on session da881b5523fb3c2b9186ef48618dc572 to remote] DEBUG org.apache.http.headers - http-outgoing-33 >> Host: localhost:17010
12:55:50.210 [Forwarding actions on session da881b5523fb3c2b9186ef48618dc572 to remote] DEBUG org.apache.http.headers - http-outgoing-33 >> Connection: Keep-Alive
12:55:50.210 [Forwarding actions on session da881b5523fb3c2b9186ef48618dc572 to remote] DEBUG org.apache.http.headers - http-outgoing-33 >> User-Agent: Apache-HttpClient/4.5.3 (Java/1.8.0_211)
12:55:50.210 [Forwarding actions on session da881b5523fb3c2b9186ef48618dc572 to remote] DEBUG org.apache.http.headers - http-outgoing-33 >> Accept-Encoding: gzip,deflate
12:55:50.210 [Forwarding actions on session da881b5523fb3c2b9186ef48618dc572 to remote] DEBUG org.apache.http.wire - http-outgoing-33 >> "POST /session/da881b5523fb3c2b9186ef48618dc572/actions HTTP/1.1[\r][\n]"
12:55:50.210 [Forwarding actions on session da881b5523fb3c2b9186ef48618dc572 to remote] DEBUG org.apache.http.wire - http-outgoing-33 >> "Content-Type: application/json; charset=utf-8[\r][\n]"
12:55:50.210 [Forwarding actions on session da881b5523fb3c2b9186ef48618dc572 to remote] DEBUG org.apache.http.wire - http-outgoing-33 >> "Content-Length: 289[\r][\n]"
12:55:50.210 [Forwarding actions on session da881b5523fb3c2b9186ef48618dc572 to remote] DEBUG org.apache.http.wire - http-outgoing-33 >> "Host: localhost:17010[\r][\n]"
12:55:50.210 [Forwarding actions on session da881b5523fb3c2b9186ef48618dc572 to remote] DEBUG org.apache.http.wire - http-outgoing-33 >> "Connection: Keep-Alive[\r][\n]"
12:55:50.210 [Forwarding actions on session da881b5523fb3c2b9186ef48618dc572 to remote] DEBUG org.apache.http.wire - http-outgoing-33 >> "User-Agent: Apache-HttpClient/4.5.3 (Java/1.8.0_211)[\r][\n]"
12:55:50.210 [Forwarding actions on session da881b5523fb3c2b9186ef48618dc572 to remote] DEBUG org.apache.http.wire - http-outgoing-33 >> "Accept-Encoding: gzip,deflate[\r][\n]"
12:55:50.210 [Forwarding actions on session da881b5523fb3c2b9186ef48618dc572 to remote] DEBUG org.apache.http.wire - http-outgoing-33 >> "[\r][\n]"
12:55:50.210 [Forwarding actions on session da881b5523fb3c2b9186ef48618dc572 to remote] DEBUG org.apache.http.wire - http-outgoing-33 >> "{"actions":[{"id":"default mouse","type":"pointer","parameters":{"pointerType":"mouse"},"actions":[{"duration":100,"x":0,"y":0,"type":"pointerMove","origin":{"ELEMENT":"76a264b3-ab8f-4771-91f5-47016d4d5992","element-6066-11e4-a52e-4f735466cecf":"76a264b3-ab8f-4771-91f5-47016d4d5992"}}]}]}"
12:55:50.327 [Forwarding actions on session da881b5523fb3c2b9186ef48618dc572 to remote] DEBUG org.apache.http.wire - http-outgoing-33 << "HTTP/1.1 200 OK[\r][\n]"
12:55:50.327 [Forwarding actions on session da881b5523fb3c2b9186ef48618dc572 to remote] DEBUG org.apache.http.wire - http-outgoing-33 << "Content-Length:14[\r][\n]"
12:55:50.327 [Forwarding actions on session da881b5523fb3c2b9186ef48618dc572 to remote] DEBUG org.apache.http.wire - http-outgoing-33 << "Content-Type:application/json; charset=utf-8[\r][\n]"
12:55:50.327 [Forwarding actions on session da881b5523fb3c2b9186ef48618dc572 to remote] DEBUG org.apache.http.wire - http-outgoing-33 << "cache-control:no-cache[\r][\n]"
12:55:50.327 [Forwarding actions on session da881b5523fb3c2b9186ef48618dc572 to remote] DEBUG org.apache.http.wire - http-outgoing-33 << "[\r][\n]"
12:55:50.327 [Forwarding actions on session da881b5523fb3c2b9186ef48618dc572 to remote] DEBUG org.apache.http.wire - http-outgoing-33 << "{"value":null}"
12:55:50.327 [Forwarding actions on session da881b5523fb3c2b9186ef48618dc572 to remote] DEBUG org.apache.http.headers - http-outgoing-33 << HTTP/1.1 200 OK
12:55:50.327 [Forwarding actions on session da881b5523fb3c2b9186ef48618dc572 to remote] DEBUG org.apache.http.headers - http-outgoing-33 << Content-Length:14
12:55:50.327 [Forwarding actions on session da881b5523fb3c2b9186ef48618dc572 to remote] DEBUG org.apache.http.headers - http-outgoing-33 << Content-Type:application/json; charset=utf-8
12:55:50.327 [Forwarding actions on session da881b5523fb3c2b9186ef48618dc572 to remote] DEBUG org.apache.http.headers - http-outgoing-33 << cache-control:no-cache
12:55:50.327 [Forwarding actions on session da881b5523fb3c2b9186ef48618dc572 to remote] DEBUG org.apache.http.impl.execchain.MainClientExec - Connection can be kept alive indefinitely
12:55:50.327 [Forwarding actions on session da881b5523fb3c2b9186ef48618dc572 to remote] DEBUG org.apache.http.impl.conn.PoolingHttpClientConnectionManager - Connection [id: 33][route: {}->http://localhost:17010] can be kept alive indefinitely
12:55:50.327 [Forwarding actions on session da881b5523fb3c2b9186ef48618dc572 to remote] DEBUG org.apache.http.impl.conn.PoolingHttpClientConnectionManager - Connection released: [id: 33][route: {}->http://localhost:17010][total kept alive: 16; route allocated: 1 of 2000; total allocated: 16 of 2000]
12:55:50.328 [Forwarding findElement on session da881b5523fb3c2b9186ef48618dc572 to remote] DEBUG org.apache.http.client.protocol.RequestAddCookies - CookieSpec selected: default
12:55:50.328 [Forwarding findElement on session da881b5523fb3c2b9186ef48618dc572 to remote] DEBUG org.apache.http.client.protocol.RequestAuthCache - Auth cache not set in the context
12:55:50.328 [Forwarding findElement on session da881b5523fb3c2b9186ef48618dc572 to remote] DEBUG org.apache.http.impl.conn.PoolingHttpClientConnectionManager - Connection request: [route: {}->http://localhost:17010][total kept alive: 16; route allocated: 1 of 2000; total allocated: 16 of 2000]
12:55:50.328 [Forwarding findElement on session da881b5523fb3c2b9186ef48618dc572 to remote] DEBUG org.apache.http.impl.conn.PoolingHttpClientConnectionManager - Connection leased: [id: 33][route: {}->http://localhost:17010][total kept alive: 15; route allocated: 1 of 2000; total allocated: 16 of 2000]
12:55:50.328 [Forwarding findElement on session da881b5523fb3c2b9186ef48618dc572 to remote] DEBUG org.apache.http.impl.execchain.MainClientExec - Stale connection check
12:55:50.329 [Forwarding findElement on session da881b5523fb3c2b9186ef48618dc572 to remote] DEBUG org.apache.http.wire - http-outgoing-33 << "[read] I/O error: Read timed out"
12:55:50.329 [Forwarding findElement on session da881b5523fb3c2b9186ef48618dc572 to remote] DEBUG org.apache.http.impl.conn.DefaultManagedHttpClientConnection - http-outgoing-33: set socket timeout to 10800000
12:55:50.329 [Forwarding findElement on session da881b5523fb3c2b9186ef48618dc572 to remote] DEBUG org.apache.http.impl.execchain.MainClientExec - Executing request POST /session/da881b5523fb3c2b9186ef48618dc572/element HTTP/1.1
12:55:50.329 [Forwarding findElement on session da881b5523fb3c2b9186ef48618dc572 to remote] DEBUG org.apache.http.impl.execchain.MainClientExec - Target auth state: UNCHALLENGED
12:55:50.329 [Forwarding findElement on session da881b5523fb3c2b9186ef48618dc572 to remote] DEBUG org.apache.http.impl.execchain.MainClientExec - Proxy auth state: UNCHALLENGED
12:55:50.329 [Forwarding findElement on session da881b5523fb3c2b9186ef48618dc572 to remote] DEBUG org.apache.http.headers - http-outgoing-33 >> POST /session/da881b5523fb3c2b9186ef48618dc572/element HTTP/1.1
12:55:50.329 [Forwarding findElement on session da881b5523fb3c2b9186ef48618dc572 to remote] DEBUG org.apache.http.headers - http-outgoing-33 >> Content-Type: application/json; charset=utf-8
12:55:50.329 [Forwarding findElement on session da881b5523fb3c2b9186ef48618dc572 to remote] DEBUG org.apache.http.headers - http-outgoing-33 >> Content-Length: 58
12:55:50.329 [Forwarding findElement on session da881b5523fb3c2b9186ef48618dc572 to remote] DEBUG org.apache.http.headers - http-outgoing-33 >> Host: localhost:17010
12:55:50.329 [Forwarding findElement on session da881b5523fb3c2b9186ef48618dc572 to remote] DEBUG org.apache.http.headers - http-outgoing-33 >> Connection: Keep-Alive
12:55:50.329 [Forwarding findElement on session da881b5523fb3c2b9186ef48618dc572 to remote] DEBUG org.apache.http.headers - http-outgoing-33 >> User-Agent: Apache-HttpClient/4.5.3 (Java/1.8.0_211)
12:55:50.329 [Forwarding findElement on session da881b5523fb3c2b9186ef48618dc572 to remote] DEBUG org.apache.http.headers - http-outgoing-33 >> Accept-Encoding: gzip,deflate
12:55:50.329 [Forwarding findElement on session da881b5523fb3c2b9186ef48618dc572 to remote] DEBUG org.apache.http.wire - http-outgoing-33 >> "POST /session/da881b5523fb3c2b9186ef48618dc572/element HTTP/1.1[\r][\n]"
12:55:50.329 [Forwarding findElement on session da881b5523fb3c2b9186ef48618dc572 to remote] DEBUG org.apache.http.wire - http-outgoing-33 >> "Content-Type: application/json; charset=utf-8[\r][\n]"
12:55:50.329 [Forwarding findElement on session da881b5523fb3c2b9186ef48618dc572 to remote] DEBUG org.apache.http.wire - http-outgoing-33 >> "Content-Length: 58[\r][\n]"
12:55:50.329 [Forwarding findElement on session da881b5523fb3c2b9186ef48618dc572 to remote] DEBUG org.apache.http.wire - http-outgoing-33 >> "Host: localhost:17010[\r][\n]"
12:55:50.329 [Forwarding findElement on session da881b5523fb3c2b9186ef48618dc572 to remote] DEBUG org.apache.http.wire - http-outgoing-33 >> "Connection: Keep-Alive[\r][\n]"
12:55:50.329 [Forwarding findElement on session da881b5523fb3c2b9186ef48618dc572 to remote] DEBUG org.apache.http.wire - http-outgoing-33 >> "User-Agent: Apache-HttpClient/4.5.3 (Java/1.8.0_211)[\r][\n]"
12:55:50.329 [Forwarding findElement on session da881b5523fb3c2b9186ef48618dc572 to remote] DEBUG org.apache.http.wire - http-outgoing-33 >> "Accept-Encoding: gzip,deflate[\r][\n]"
12:55:50.329 [Forwarding findElement on session da881b5523fb3c2b9186ef48618dc572 to remote] DEBUG org.apache.http.wire - http-outgoing-33 >> "[\r][\n]"
12:55:50.329 [Forwarding findElement on session da881b5523fb3c2b9186ef48618dc572 to remote] DEBUG org.apache.http.wire - http-outgoing-33 >> "{"value":".px-2:nth-child(3) span","using":"css selector"}"
12:55:50.336 [Forwarding findElement on session da881b5523fb3c2b9186ef48618dc572 to remote] DEBUG org.apache.http.wire - http-outgoing-33 << "HTTP/1.1 200 OK[\r][\n]"
12:55:50.336 [Forwarding findElement on session da881b5523fb3c2b9186ef48618dc572 to remote] DEBUG org.apache.http.wire - http-outgoing-33 << "Content-Length:88[\r][\n]"
12:55:50.336 [Forwarding findElement on session da881b5523fb3c2b9186ef48618dc572 to remote] DEBUG org.apache.http.wire - http-outgoing-33 << "Content-Type:application/json; charset=utf-8[\r][\n]"
12:55:50.336 [Forwarding findElement on session da881b5523fb3c2b9186ef48618dc572 to remote] DEBUG org.apache.http.wire - http-outgoing-33 << "cache-control:no-cache[\r][\n]"
12:55:50.336 [Forwarding findElement on session da881b5523fb3c2b9186ef48618dc572 to remote] DEBUG org.apache.http.wire - http-outgoing-33 << "[\r][\n]"
12:55:50.336 [Forwarding findElement on session da881b5523fb3c2b9186ef48618dc572 to remote] DEBUG org.apache.http.wire - http-outgoing-33 << "{"value":{"element-6066-11e4-a52e-4f735466cecf":"5cb9099d-8b84-4ea0-95b5-bda179deca24"}}"
12:55:50.336 [Forwarding findElement on session da881b5523fb3c2b9186ef48618dc572 to remote] DEBUG org.apache.http.headers - http-outgoing-33 << HTTP/1.1 200 OK
12:55:50.336 [Forwarding findElement on session da881b5523fb3c2b9186ef48618dc572 to remote] DEBUG org.apache.http.headers - http-outgoing-33 << Content-Length:88
12:55:50.336 [Forwarding findElement on session da881b5523fb3c2b9186ef48618dc572 to remote] DEBUG org.apache.http.headers - http-outgoing-33 << Content-Type:application/json; charset=utf-8
12:55:50.336 [Forwarding findElement on session da881b5523fb3c2b9186ef48618dc572 to remote] DEBUG org.apache.http.headers - http-outgoing-33 << cache-control:no-cache
12:55:50.336 [Forwarding findElement on session da881b5523fb3c2b9186ef48618dc572 to remote] DEBUG org.apache.http.impl.execchain.MainClientExec - Connection can be kept alive indefinitely
12:55:50.336 [Forwarding findElement on session da881b5523fb3c2b9186ef48618dc572 to remote] DEBUG org.apache.http.impl.conn.PoolingHttpClientConnectionManager - Connection [id: 33][route: {}->http://localhost:17010] can be kept alive indefinitely
12:55:50.336 [Forwarding findElement on session da881b5523fb3c2b9186ef48618dc572 to remote] DEBUG org.apache.http.impl.conn.PoolingHttpClientConnectionManager - Connection released: [id: 33][route: {}->http://localhost:17010][total kept alive: 16; route allocated: 1 of 2000; total allocated: 16 of 2000]
12:55:50.337 [Forwarding clickElement on session da881b5523fb3c2b9186ef48618dc572 to remote] DEBUG org.apache.http.client.protocol.RequestAddCookies - CookieSpec selected: default
12:55:50.337 [Forwarding clickElement on session da881b5523fb3c2b9186ef48618dc572 to remote] DEBUG org.apache.http.client.protocol.RequestAuthCache - Auth cache not set in the context
12:55:50.337 [Forwarding clickElement on session da881b5523fb3c2b9186ef48618dc572 to remote] DEBUG org.apache.http.impl.conn.PoolingHttpClientConnectionManager - Connection request: [route: {}->http://localhost:17010][total kept alive: 16; route allocated: 1 of 2000; total allocated: 16 of 2000]
12:55:50.337 [Forwarding clickElement on session da881b5523fb3c2b9186ef48618dc572 to remote] DEBUG org.apache.http.impl.conn.PoolingHttpClientConnectionManager - Connection leased: [id: 33][route: {}->http://localhost:17010][total kept alive: 15; route allocated: 1 of 2000; total allocated: 16 of 2000]
12:55:50.337 [Forwarding clickElement on session da881b5523fb3c2b9186ef48618dc572 to remote] DEBUG org.apache.http.impl.execchain.MainClientExec - Stale connection check
12:55:50.338 [Forwarding clickElement on session da881b5523fb3c2b9186ef48618dc572 to remote] DEBUG org.apache.http.wire - http-outgoing-33 << "[read] I/O error: Read timed out"
12:55:50.338 [Forwarding clickElement on session da881b5523fb3c2b9186ef48618dc572 to remote] DEBUG org.apache.http.impl.conn.DefaultManagedHttpClientConnection - http-outgoing-33: set socket timeout to 10800000
12:55:50.338 [Forwarding clickElement on session da881b5523fb3c2b9186ef48618dc572 to remote] DEBUG org.apache.http.impl.execchain.MainClientExec - Executing request POST /session/da881b5523fb3c2b9186ef48618dc572/element/5cb9099d-8b84-4ea0-95b5-bda179deca24/click HTTP/1.1
12:55:50.338 [Forwarding clickElement on session da881b5523fb3c2b9186ef48618dc572 to remote] DEBUG org.apache.http.impl.execchain.MainClientExec - Target auth state: UNCHALLENGED
12:55:50.338 [Forwarding clickElement on session da881b5523fb3c2b9186ef48618dc572 to remote] DEBUG org.apache.http.impl.execchain.MainClientExec - Proxy auth state: UNCHALLENGED
12:55:50.338 [Forwarding clickElement on session da881b5523fb3c2b9186ef48618dc572 to remote] DEBUG org.apache.http.headers - http-outgoing-33 >> POST /session/da881b5523fb3c2b9186ef48618dc572/element/5cb9099d-8b84-4ea0-95b5-bda179deca24/click HTTP/1.1
12:55:50.338 [Forwarding clickElement on session da881b5523fb3c2b9186ef48618dc572 to remote] DEBUG org.apache.http.headers - http-outgoing-33 >> Content-Type: application/json; charset=utf-8
12:55:50.338 [Forwarding clickElement on session da881b5523fb3c2b9186ef48618dc572 to remote] DEBUG org.apache.http.headers - http-outgoing-33 >> Content-Length: 45
12:55:50.338 [Forwarding clickElement on session da881b5523fb3c2b9186ef48618dc572 to remote] DEBUG org.apache.http.headers - http-outgoing-33 >> Host: localhost:17010
12:55:50.338 [Forwarding clickElement on session da881b5523fb3c2b9186ef48618dc572 to remote] DEBUG org.apache.http.headers - http-outgoing-33 >> Connection: Keep-Alive
12:55:50.338 [Forwarding clickElement on session da881b5523fb3c2b9186ef48618dc572 to remote] DEBUG org.apache.http.headers - http-outgoing-33 >> User-Agent: Apache-HttpClient/4.5.3 (Java/1.8.0_211)
12:55:50.338 [Forwarding clickElement on session da881b5523fb3c2b9186ef48618dc572 to remote] DEBUG org.apache.http.headers - http-outgoing-33 >> Accept-Encoding: gzip,deflate
12:55:50.338 [Forwarding clickElement on session da881b5523fb3c2b9186ef48618dc572 to remote] DEBUG org.apache.http.wire - http-outgoing-33 >> "POST /session/da881b5523fb3c2b9186ef48618dc572/element/5cb9099d-8b84-4ea0-95b5-bda179deca24/click HTTP/1.1[\r][\n]"
12:55:50.338 [Forwarding clickElement on session da881b5523fb3c2b9186ef48618dc572 to remote] DEBUG org.apache.http.wire - http-outgoing-33 >> "Content-Type: application/json; charset=utf-8[\r][\n]"
12:55:50.338 [Forwarding clickElement on session da881b5523fb3c2b9186ef48618dc572 to remote] DEBUG org.apache.http.wire - http-outgoing-33 >> "Content-Length: 45[\r][\n]"
12:55:50.338 [Forwarding clickElement on session da881b5523fb3c2b9186ef48618dc572 to remote] DEBUG org.apache.http.wire - http-outgoing-33 >> "Host: localhost:17010[\r][\n]"
12:55:50.338 [Forwarding clickElement on session da881b5523fb3c2b9186ef48618dc572 to remote] DEBUG org.apache.http.wire - http-outgoing-33 >> "Connection: Keep-Alive[\r][\n]"
12:55:50.338 [Forwarding clickElement on session da881b5523fb3c2b9186ef48618dc572 to remote] DEBUG org.apache.http.wire - http-outgoing-33 >> "User-Agent: Apache-HttpClient/4.5.3 (Java/1.8.0_211)[\r][\n]"
12:55:50.338 [Forwarding clickElement on session da881b5523fb3c2b9186ef48618dc572 to remote] DEBUG org.apache.http.wire - http-outgoing-33 >> "Accept-Encoding: gzip,deflate[\r][\n]"
12:55:50.338 [Forwarding clickElement on session da881b5523fb3c2b9186ef48618dc572 to remote] DEBUG org.apache.http.wire - http-outgoing-33 >> "[\r][\n]"
12:55:50.338 [Forwarding clickElement on session da881b5523fb3c2b9186ef48618dc572 to remote] DEBUG org.apache.http.wire - http-outgoing-33 >> "{"id":"5cb9099d-8b84-4ea0-95b5-bda179deca24"}"
12:55:50.944 [Forwarding clickElement on session da881b5523fb3c2b9186ef48618dc572 to remote] DEBUG org.apache.http.wire - http-outgoing-33 << "HTTP/1.1 200 OK[\r][\n]"
12:55:50.944 [Forwarding clickElement on session da881b5523fb3c2b9186ef48618dc572 to remote] DEBUG org.apache.http.wire - http-outgoing-33 << "Content-Length:14[\r][\n]"
12:55:50.944 [Forwarding clickElement on session da881b5523fb3c2b9186ef48618dc572 to remote] DEBUG org.apache.http.wire - http-outgoing-33 << "Content-Type:application/json; charset=utf-8[\r][\n]"
12:55:50.944 [Forwarding clickElement on session da881b5523fb3c2b9186ef48618dc572 to remote] DEBUG org.apache.http.wire - http-outgoing-33 << "cache-control:no-cache[\r][\n]"
12:55:50.944 [Forwarding clickElement on session da881b5523fb3c2b9186ef48618dc572 to remote] DEBUG org.apache.http.wire - http-outgoing-33 << "[\r][\n]"
12:55:50.944 [Forwarding clickElement on session da881b5523fb3c2b9186ef48618dc572 to remote] DEBUG org.apache.http.wire - http-outgoing-33 << "{"value":null}"
12:55:50.944 [Forwarding clickElement on session da881b5523fb3c2b9186ef48618dc572 to remote] DEBUG org.apache.http.headers - http-outgoing-33 << HTTP/1.1 200 OK
12:55:50.944 [Forwarding clickElement on session da881b5523fb3c2b9186ef48618dc572 to remote] DEBUG org.apache.http.headers - http-outgoing-33 << Content-Length:14
12:55:50.944 [Forwarding clickElement on session da881b5523fb3c2b9186ef48618dc572 to remote] DEBUG org.apache.http.headers - http-outgoing-33 << Content-Type:application/json; charset=utf-8
12:55:50.944 [Forwarding clickElement on session da881b5523fb3c2b9186ef48618dc572 to remote] DEBUG org.apache.http.headers - http-outgoing-33 << cache-control:no-cache
12:55:50.944 [Forwarding clickElement on session da881b5523fb3c2b9186ef48618dc572 to remote] DEBUG org.apache.http.impl.execchain.MainClientExec - Connection can be kept alive indefinitely
12:55:50.944 [Forwarding clickElement on session da881b5523fb3c2b9186ef48618dc572 to remote] DEBUG org.apache.http.impl.conn.PoolingHttpClientConnectionManager - Connection [id: 33][route: {}->http://localhost:17010] can be kept alive indefinitely
12:55:50.944 [Forwarding clickElement on session da881b5523fb3c2b9186ef48618dc572 to remote] DEBUG org.apache.http.impl.conn.PoolingHttpClientConnectionManager - Connection released: [id: 33][route: {}->http://localhost:17010][total kept alive: 16; route allocated: 1 of 2000; total allocated: 16 of 2000]
12:55:50.944 [Forwarding findElement on session da881b5523fb3c2b9186ef48618dc572 to remote] DEBUG org.apache.http.client.protocol.RequestAddCookies - CookieSpec selected: default
12:55:50.944 [Forwarding findElement on session da881b5523fb3c2b9186ef48618dc572 to remote] DEBUG org.apache.http.client.protocol.RequestAuthCache - Auth cache not set in the context
12:55:50.944 [Forwarding findElement on session da881b5523fb3c2b9186ef48618dc572 to remote] DEBUG org.apache.http.impl.conn.PoolingHttpClientConnectionManager - Connection request: [route: {}->http://localhost:17010][total kept alive: 16; route allocated: 1 of 2000; total allocated: 16 of 2000]
12:55:50.944 [Forwarding findElement on session da881b5523fb3c2b9186ef48618dc572 to remote] DEBUG org.apache.http.impl.conn.PoolingHttpClientConnectionManager - Connection leased: [id: 33][route: {}->http://localhost:17010][total kept alive: 15; route allocated: 1 of 2000; total allocated: 16 of 2000]
12:55:50.944 [Forwarding findElement on session da881b5523fb3c2b9186ef48618dc572 to remote] DEBUG org.apache.http.impl.execchain.MainClientExec - Stale connection check
12:55:50.946 [Forwarding findElement on session da881b5523fb3c2b9186ef48618dc572 to remote] DEBUG org.apache.http.wire - http-outgoing-33 << "[read] I/O error: Read timed out"
12:55:50.946 [Forwarding findElement on session da881b5523fb3c2b9186ef48618dc572 to remote] DEBUG org.apache.http.impl.conn.DefaultManagedHttpClientConnection - http-outgoing-33: set socket timeout to 10800000
12:55:50.946 [Forwarding findElement on session da881b5523fb3c2b9186ef48618dc572 to remote] DEBUG org.apache.http.impl.execchain.MainClientExec - Executing request POST /session/da881b5523fb3c2b9186ef48618dc572/element HTTP/1.1
12:55:50.946 [Forwarding findElement on session da881b5523fb3c2b9186ef48618dc572 to remote] DEBUG org.apache.http.impl.execchain.MainClientExec - Target auth state: UNCHALLENGED
12:55:50.946 [Forwarding findElement on session da881b5523fb3c2b9186ef48618dc572 to remote] DEBUG org.apache.http.impl.execchain.MainClientExec - Proxy auth state: UNCHALLENGED
12:55:50.946 [Forwarding findElement on session da881b5523fb3c2b9186ef48618dc572 to remote] DEBUG org.apache.http.headers - http-outgoing-33 >> POST /session/da881b5523fb3c2b9186ef48618dc572/element HTTP/1.1
12:55:50.946 [Forwarding findElement on session da881b5523fb3c2b9186ef48618dc572 to remote] DEBUG org.apache.http.headers - http-outgoing-33 >> Content-Type: application/json; charset=utf-8
12:55:50.946 [Forwarding findElement on session da881b5523fb3c2b9186ef48618dc572 to remote] DEBUG org.apache.http.headers - http-outgoing-33 >> Content-Length: 61
12:55:50.946 [Forwarding findElement on session da881b5523fb3c2b9186ef48618dc572 to remote] DEBUG org.apache.http.headers - http-outgoing-33 >> Host: localhost:17010
12:55:50.946 [Forwarding findElement on session da881b5523fb3c2b9186ef48618dc572 to remote] DEBUG org.apache.http.headers - http-outgoing-33 >> Connection: Keep-Alive
12:55:50.946 [Forwarding findElement on session da881b5523fb3c2b9186ef48618dc572 to remote] DEBUG org.apache.http.headers - http-outgoing-33 >> User-Agent: Apache-HttpClient/4.5.3 (Java/1.8.0_211)
12:55:50.946 [Forwarding findElement on session da881b5523fb3c2b9186ef48618dc572 to remote] DEBUG org.apache.http.headers - http-outgoing-33 >> Accept-Encoding: gzip,deflate
12:55:50.946 [Forwarding findElement on session da881b5523fb3c2b9186ef48618dc572 to remote] DEBUG org.apache.http.wire - http-outgoing-33 >> "POST /session/da881b5523fb3c2b9186ef48618dc572/element HTTP/1.1[\r][\n]"
12:55:50.946 [Forwarding findElement on session da881b5523fb3c2b9186ef48618dc572 to remote] DEBUG org.apache.http.wire - http-outgoing-33 >> "Content-Type: application/json; charset=utf-8[\r][\n]"
12:55:50.946 [Forwarding findElement on session da881b5523fb3c2b9186ef48618dc572 to remote] DEBUG org.apache.http.wire - http-outgoing-33 >> "Content-Length: 61[\r][\n]"
12:55:50.946 [Forwarding findElement on session da881b5523fb3c2b9186ef48618dc572 to remote] DEBUG org.apache.http.wire - http-outgoing-33 >> "Host: localhost:17010[\r][\n]"
12:55:50.946 [Forwarding findElement on session da881b5523fb3c2b9186ef48618dc572 to remote] DEBUG org.apache.http.wire - http-outgoing-33 >> "Connection: Keep-Alive[\r][\n]"
12:55:50.946 [Forwarding findElement on session da881b5523fb3c2b9186ef48618dc572 to remote] DEBUG org.apache.http.wire - http-outgoing-33 >> "User-Agent: Apache-HttpClient/4.5.3 (Java/1.8.0_211)[\r][\n]"
12:55:50.946 [Forwarding findElement on session da881b5523fb3c2b9186ef48618dc572 to remote] DEBUG org.apache.http.wire - http-outgoing-33 >> "Accept-Encoding: gzip,deflate[\r][\n]"
12:55:50.946 [Forwarding findElement on session da881b5523fb3c2b9186ef48618dc572 to remote] DEBUG org.apache.http.wire - http-outgoing-33 >> "[\r][\n]"
12:55:50.946 [Forwarding findElement on session da881b5523fb3c2b9186ef48618dc572 to remote] DEBUG org.apache.http.wire - http-outgoing-33 >> "{"value":".form-control:nth-child(2)","using":"css selector"}"
12:55:50.951 [Forwarding findElement on session da881b5523fb3c2b9186ef48618dc572 to remote] DEBUG org.apache.http.wire - http-outgoing-33 << "HTTP/1.1 200 OK[\r][\n]"
12:55:50.951 [Forwarding findElement on session da881b5523fb3c2b9186ef48618dc572 to remote] DEBUG org.apache.http.wire - http-outgoing-33 << "Content-Length:88[\r][\n]"
12:55:50.951 [Forwarding findElement on session da881b5523fb3c2b9186ef48618dc572 to remote] DEBUG org.apache.http.wire - http-outgoing-33 << "Content-Type:application/json; charset=utf-8[\r][\n]"
12:55:50.951 [Forwarding findElement on session da881b5523fb3c2b9186ef48618dc572 to remote] DEBUG org.apache.http.wire - http-outgoing-33 << "cache-control:no-cache[\r][\n]"
12:55:50.951 [Forwarding findElement on session da881b5523fb3c2b9186ef48618dc572 to remote] DEBUG org.apache.http.wire - http-outgoing-33 << "[\r][\n]"
12:55:50.951 [Forwarding findElement on session da881b5523fb3c2b9186ef48618dc572 to remote] DEBUG org.apache.http.wire - http-outgoing-33 << "{"value":{"element-6066-11e4-a52e-4f735466cecf":"3e9a7e19-ca46-4050-8837-d640030d97fe"}}"
12:55:50.951 [Forwarding findElement on session da881b5523fb3c2b9186ef48618dc572 to remote] DEBUG org.apache.http.headers - http-outgoing-33 << HTTP/1.1 200 OK
12:55:50.951 [Forwarding findElement on session da881b5523fb3c2b9186ef48618dc572 to remote] DEBUG org.apache.http.headers - http-outgoing-33 << Content-Length:88
12:55:50.951 [Forwarding findElement on session da881b5523fb3c2b9186ef48618dc572 to remote] DEBUG org.apache.http.headers - http-outgoing-33 << Content-Type:application/json; charset=utf-8
12:55:50.951 [Forwarding findElement on session da881b5523fb3c2b9186ef48618dc572 to remote] DEBUG org.apache.http.headers - http-outgoing-33 << cache-control:no-cache
12:55:50.951 [Forwarding findElement on session da881b5523fb3c2b9186ef48618dc572 to remote] DEBUG org.apache.http.impl.execchain.MainClientExec - Connection can be kept alive indefinitely
12:55:50.951 [Forwarding findElement on session da881b5523fb3c2b9186ef48618dc572 to remote] DEBUG org.apache.http.impl.conn.PoolingHttpClientConnectionManager - Connection [id: 33][route: {}->http://localhost:17010] can be kept alive indefinitely
12:55:50.951 [Forwarding findElement on session da881b5523fb3c2b9186ef48618dc572 to remote] DEBUG org.apache.http.impl.conn.PoolingHttpClientConnectionManager - Connection released: [id: 33][route: {}->http://localhost:17010][total kept alive: 16; route allocated: 1 of 2000; total allocated: 16 of 2000]
12:55:50.952 [Forwarding clickElement on session da881b5523fb3c2b9186ef48618dc572 to remote] DEBUG org.apache.http.client.protocol.RequestAddCookies - CookieSpec selected: default
12:55:50.952 [Forwarding clickElement on session da881b5523fb3c2b9186ef48618dc572 to remote] DEBUG org.apache.http.client.protocol.RequestAuthCache - Auth cache not set in the context
12:55:50.952 [Forwarding clickElement on session da881b5523fb3c2b9186ef48618dc572 to remote] DEBUG org.apache.http.impl.conn.PoolingHttpClientConnectionManager - Connection request: [route: {}->http://localhost:17010][total kept alive: 16; route allocated: 1 of 2000; total allocated: 16 of 2000]
12:55:50.952 [Forwarding clickElement on session da881b5523fb3c2b9186ef48618dc572 to remote] DEBUG org.apache.http.impl.conn.PoolingHttpClientConnectionManager - Connection leased: [id: 33][route: {}->http://localhost:17010][total kept alive: 15; route allocated: 1 of 2000; total allocated: 16 of 2000]
12:55:50.952 [Forwarding clickElement on session da881b5523fb3c2b9186ef48618dc572 to remote] DEBUG org.apache.http.impl.execchain.MainClientExec - Stale connection check
12:55:50.953 [Forwarding clickElement on session da881b5523fb3c2b9186ef48618dc572 to remote] DEBUG org.apache.http.wire - http-outgoing-33 << "[read] I/O error: Read timed out"
12:55:50.953 [Forwarding clickElement on session da881b5523fb3c2b9186ef48618dc572 to remote] DEBUG org.apache.http.impl.conn.DefaultManagedHttpClientConnection - http-outgoing-33: set socket timeout to 10800000
12:55:50.953 [Forwarding clickElement on session da881b5523fb3c2b9186ef48618dc572 to remote] DEBUG org.apache.http.impl.execchain.MainClientExec - Executing request POST /session/da881b5523fb3c2b9186ef48618dc572/element/3e9a7e19-ca46-4050-8837-d640030d97fe/click HTTP/1.1
12:55:50.953 [Forwarding clickElement on session da881b5523fb3c2b9186ef48618dc572 to remote] DEBUG org.apache.http.impl.execchain.MainClientExec - Target auth state: UNCHALLENGED
12:55:50.953 [Forwarding clickElement on session da881b5523fb3c2b9186ef48618dc572 to remote] DEBUG org.apache.http.impl.execchain.MainClientExec - Proxy auth state: UNCHALLENGED
12:55:50.953 [Forwarding clickElement on session da881b5523fb3c2b9186ef48618dc572 to remote] DEBUG org.apache.http.headers - http-outgoing-33 >> POST /session/da881b5523fb3c2b9186ef48618dc572/element/3e9a7e19-ca46-4050-8837-d640030d97fe/click HTTP/1.1
12:55:50.953 [Forwarding clickElement on session da881b5523fb3c2b9186ef48618dc572 to remote] DEBUG org.apache.http.headers - http-outgoing-33 >> Content-Type: application/json; charset=utf-8
12:55:50.953 [Forwarding clickElement on session da881b5523fb3c2b9186ef48618dc572 to remote] DEBUG org.apache.http.headers - http-outgoing-33 >> Content-Length: 45
12:55:50.953 [Forwarding clickElement on session da881b5523fb3c2b9186ef48618dc572 to remote] DEBUG org.apache.http.headers - http-outgoing-33 >> Host: localhost:17010
12:55:50.953 [Forwarding clickElement on session da881b5523fb3c2b9186ef48618dc572 to remote] DEBUG org.apache.http.headers - http-outgoing-33 >> Connection: Keep-Alive
12:55:50.953 [Forwarding clickElement on session da881b5523fb3c2b9186ef48618dc572 to remote] DEBUG org.apache.http.headers - http-outgoing-33 >> User-Agent: Apache-HttpClient/4.5.3 (Java/1.8.0_211)
12:55:50.953 [Forwarding clickElement on session da881b5523fb3c2b9186ef48618dc572 to remote] DEBUG org.apache.http.headers - http-outgoing-33 >> Accept-Encoding: gzip,deflate
12:55:50.953 [Forwarding clickElement on session da881b5523fb3c2b9186ef48618dc572 to remote] DEBUG org.apache.http.wire - http-outgoing-33 >> "POST /session/da881b5523fb3c2b9186ef48618dc572/element/3e9a7e19-ca46-4050-8837-d640030d97fe/click HTTP/1.1[\r][\n]"
12:55:50.953 [Forwarding clickElement on session da881b5523fb3c2b9186ef48618dc572 to remote] DEBUG org.apache.http.wire - http-outgoing-33 >> "Content-Type: application/json; charset=utf-8[\r][\n]"
12:55:50.953 [Forwarding clickElement on session da881b5523fb3c2b9186ef48618dc572 to remote] DEBUG org.apache.http.wire - http-outgoing-33 >> "Content-Length: 45[\r][\n]"
12:55:50.953 [Forwarding clickElement on session da881b5523fb3c2b9186ef48618dc572 to remote] DEBUG org.apache.http.wire - http-outgoing-33 >> "Host: localhost:17010[\r][\n]"
12:55:50.953 [Forwarding clickElement on session da881b5523fb3c2b9186ef48618dc572 to remote] DEBUG org.apache.http.wire - http-outgoing-33 >> "Connection: Keep-Alive[\r][\n]"
12:55:50.953 [Forwarding clickElement on session da881b5523fb3c2b9186ef48618dc572 to remote] DEBUG org.apache.http.wire - http-outgoing-33 >> "User-Agent: Apache-HttpClient/4.5.3 (Java/1.8.0_211)[\r][\n]"
12:55:50.953 [Forwarding clickElement on session da881b5523fb3c2b9186ef48618dc572 to remote] DEBUG org.apache.http.wire - http-outgoing-33 >> "Accept-Encoding: gzip,deflate[\r][\n]"
12:55:50.953 [Forwarding clickElement on session da881b5523fb3c2b9186ef48618dc572 to remote] DEBUG org.apache.http.wire - http-outgoing-33 >> "[\r][\n]"
12:55:50.953 [Forwarding clickElement on session da881b5523fb3c2b9186ef48618dc572 to remote] DEBUG org.apache.http.wire - http-outgoing-33 >> "{"id":"3e9a7e19-ca46-4050-8837-d640030d97fe"}"
12:55:50.999 [Forwarding clickElement on session da881b5523fb3c2b9186ef48618dc572 to remote] DEBUG org.apache.http.wire - http-outgoing-33 << "HTTP/1.1 200 OK[\r][\n]"
12:55:50.999 [Forwarding clickElement on session da881b5523fb3c2b9186ef48618dc572 to remote] DEBUG org.apache.http.wire - http-outgoing-33 << "Content-Length:14[\r][\n]"
12:55:50.999 [Forwarding clickElement on session da881b5523fb3c2b9186ef48618dc572 to remote] DEBUG org.apache.http.wire - http-outgoing-33 << "Content-Type:application/json; charset=utf-8[\r][\n]"
12:55:50.999 [Forwarding clickElement on session da881b5523fb3c2b9186ef48618dc572 to remote] DEBUG org.apache.http.wire - http-outgoing-33 << "cache-control:no-cache[\r][\n]"
12:55:50.999 [Forwarding clickElement on session da881b5523fb3c2b9186ef48618dc572 to remote] DEBUG org.apache.http.wire - http-outgoing-33 << "[\r][\n]"
12:55:50.999 [Forwarding clickElement on session da881b5523fb3c2b9186ef48618dc572 to remote] DEBUG org.apache.http.wire - http-outgoing-33 << "{"value":null}"
12:55:50.999 [Forwarding clickElement on session da881b5523fb3c2b9186ef48618dc572 to remote] DEBUG org.apache.http.headers - http-outgoing-33 << HTTP/1.1 200 OK
12:55:50.999 [Forwarding clickElement on session da881b5523fb3c2b9186ef48618dc572 to remote] DEBUG org.apache.http.headers - http-outgoing-33 << Content-Length:14
12:55:50.999 [Forwarding clickElement on session da881b5523fb3c2b9186ef48618dc572 to remote] DEBUG org.apache.http.headers - http-outgoing-33 << Content-Type:application/json; charset=utf-8
12:55:50.999 [Forwarding clickElement on session da881b5523fb3c2b9186ef48618dc572 to remote] DEBUG org.apache.http.headers - http-outgoing-33 << cache-control:no-cache
12:55:50.999 [Forwarding clickElement on session da881b5523fb3c2b9186ef48618dc572 to remote] DEBUG org.apache.http.impl.execchain.MainClientExec - Connection can be kept alive indefinitely
12:55:50.999 [Forwarding clickElement on session da881b5523fb3c2b9186ef48618dc572 to remote] DEBUG org.apache.http.impl.conn.PoolingHttpClientConnectionManager - Connection [id: 33][route: {}->http://localhost:17010] can be kept alive indefinitely
12:55:50.999 [Forwarding clickElement on session da881b5523fb3c2b9186ef48618dc572 to remote] DEBUG org.apache.http.impl.conn.PoolingHttpClientConnectionManager - Connection released: [id: 33][route: {}->http://localhost:17010][total kept alive: 16; route allocated: 1 of 2000; total allocated: 16 of 2000]
12:55:50.999 [Forwarding findElement on session da881b5523fb3c2b9186ef48618dc572 to remote] DEBUG org.apache.http.client.protocol.RequestAddCookies - CookieSpec selected: default
12:55:50.999 [Forwarding findElement on session da881b5523fb3c2b9186ef48618dc572 to remote] DEBUG org.apache.http.client.protocol.RequestAuthCache - Auth cache not set in the context
12:55:50.999 [Forwarding findElement on session da881b5523fb3c2b9186ef48618dc572 to remote] DEBUG org.apache.http.impl.conn.PoolingHttpClientConnectionManager - Connection request: [route: {}->http://localhost:17010][total kept alive: 16; route allocated: 1 of 2000; total allocated: 16 of 2000]
12:55:50.999 [Forwarding findElement on session da881b5523fb3c2b9186ef48618dc572 to remote] DEBUG org.apache.http.impl.conn.PoolingHttpClientConnectionManager - Connection leased: [id: 33][route: {}->http://localhost:17010][total kept alive: 15; route allocated: 1 of 2000; total allocated: 16 of 2000]
12:55:50.999 [Forwarding findElement on session da881b5523fb3c2b9186ef48618dc572 to remote] DEBUG org.apache.http.impl.execchain.MainClientExec - Stale connection check
12:55:51.001 [Forwarding findElement on session da881b5523fb3c2b9186ef48618dc572 to remote] DEBUG org.apache.http.wire - http-outgoing-33 << "[read] I/O error: Read timed out"
12:55:51.001 [Forwarding findElement on session da881b5523fb3c2b9186ef48618dc572 to remote] DEBUG org.apache.http.impl.conn.DefaultManagedHttpClientConnection - http-outgoing-33: set socket timeout to 10800000
12:55:51.001 [Forwarding findElement on session da881b5523fb3c2b9186ef48618dc572 to remote] DEBUG org.apache.http.impl.execchain.MainClientExec - Executing request POST /session/da881b5523fb3c2b9186ef48618dc572/element HTTP/1.1
12:55:51.001 [Forwarding findElement on session da881b5523fb3c2b9186ef48618dc572 to remote] DEBUG org.apache.http.impl.execchain.MainClientExec - Target auth state: UNCHALLENGED
12:55:51.001 [Forwarding findElement on session da881b5523fb3c2b9186ef48618dc572 to remote] DEBUG org.apache.http.impl.execchain.MainClientExec - Proxy auth state: UNCHALLENGED
12:55:51.001 [Forwarding findElement on session da881b5523fb3c2b9186ef48618dc572 to remote] DEBUG org.apache.http.headers - http-outgoing-33 >> POST /session/da881b5523fb3c2b9186ef48618dc572/element HTTP/1.1
12:55:51.001 [Forwarding findElement on session da881b5523fb3c2b9186ef48618dc572 to remote] DEBUG org.apache.http.headers - http-outgoing-33 >> Content-Type: application/json; charset=utf-8
12:55:51.001 [Forwarding findElement on session da881b5523fb3c2b9186ef48618dc572 to remote] DEBUG org.apache.http.headers - http-outgoing-33 >> Content-Length: 61
12:55:51.001 [Forwarding findElement on session da881b5523fb3c2b9186ef48618dc572 to remote] DEBUG org.apache.http.headers - http-outgoing-33 >> Host: localhost:17010
12:55:51.001 [Forwarding findElement on session da881b5523fb3c2b9186ef48618dc572 to remote] DEBUG org.apache.http.headers - http-outgoing-33 >> Connection: Keep-Alive
12:55:51.001 [Forwarding findElement on session da881b5523fb3c2b9186ef48618dc572 to remote] DEBUG org.apache.http.headers - http-outgoing-33 >> User-Agent: Apache-HttpClient/4.5.3 (Java/1.8.0_211)
12:55:51.001 [Forwarding findElement on session da881b5523fb3c2b9186ef48618dc572 to remote] DEBUG org.apache.http.headers - http-outgoing-33 >> Accept-Encoding: gzip,deflate
12:55:51.001 [Forwarding findElement on session da881b5523fb3c2b9186ef48618dc572 to remote] DEBUG org.apache.http.wire - http-outgoing-33 >> "POST /session/da881b5523fb3c2b9186ef48618dc572/element HTTP/1.1[\r][\n]"
12:55:51.001 [Forwarding findElement on session da881b5523fb3c2b9186ef48618dc572 to remote] DEBUG org.apache.http.wire - http-outgoing-33 >> "Content-Type: application/json; charset=utf-8[\r][\n]"
12:55:51.001 [Forwarding findElement on session da881b5523fb3c2b9186ef48618dc572 to remote] DEBUG org.apache.http.wire - http-outgoing-33 >> "Content-Length: 61[\r][\n]"
12:55:51.001 [Forwarding findElement on session da881b5523fb3c2b9186ef48618dc572 to remote] DEBUG org.apache.http.wire - http-outgoing-33 >> "Host: localhost:17010[\r][\n]"
12:55:51.001 [Forwarding findElement on session da881b5523fb3c2b9186ef48618dc572 to remote] DEBUG org.apache.http.wire - http-outgoing-33 >> "Connection: Keep-Alive[\r][\n]"
12:55:51.001 [Forwarding findElement on session da881b5523fb3c2b9186ef48618dc572 to remote] DEBUG org.apache.http.wire - http-outgoing-33 >> "User-Agent: Apache-HttpClient/4.5.3 (Java/1.8.0_211)[\r][\n]"
12:55:51.001 [Forwarding findElement on session da881b5523fb3c2b9186ef48618dc572 to remote] DEBUG org.apache.http.wire - http-outgoing-33 >> "Accept-Encoding: gzip,deflate[\r][\n]"
12:55:51.001 [Forwarding findElement on session da881b5523fb3c2b9186ef48618dc572 to remote] DEBUG org.apache.http.wire - http-outgoing-33 >> "[\r][\n]"
12:55:51.001 [Forwarding findElement on session da881b5523fb3c2b9186ef48618dc572 to remote] DEBUG org.apache.http.wire - http-outgoing-33 >> "{"value":".form-control:nth-child(2)","using":"css selector"}"
12:55:51.008 [Forwarding findElement on session da881b5523fb3c2b9186ef48618dc572 to remote] DEBUG org.apache.http.wire - http-outgoing-33 << "HTTP/1.1 200 OK[\r][\n]"
12:55:51.008 [Forwarding findElement on session da881b5523fb3c2b9186ef48618dc572 to remote] DEBUG org.apache.http.wire - http-outgoing-33 << "Content-Length:88[\r][\n]"
12:55:51.008 [Forwarding findElement on session da881b5523fb3c2b9186ef48618dc572 to remote] DEBUG org.apache.http.wire - http-outgoing-33 << "Content-Type:application/json; charset=utf-8[\r][\n]"
12:55:51.008 [Forwarding findElement on session da881b5523fb3c2b9186ef48618dc572 to remote] DEBUG org.apache.http.wire - http-outgoing-33 << "cache-control:no-cache[\r][\n]"
12:55:51.008 [Forwarding findElement on session da881b5523fb3c2b9186ef48618dc572 to remote] DEBUG org.apache.http.wire - http-outgoing-33 << "[\r][\n]"
12:55:51.008 [Forwarding findElement on session da881b5523fb3c2b9186ef48618dc572 to remote] DEBUG org.apache.http.wire - http-outgoing-33 << "{"value":{"element-6066-11e4-a52e-4f735466cecf":"3e9a7e19-ca46-4050-8837-d640030d97fe"}}"
12:55:51.008 [Forwarding findElement on session da881b5523fb3c2b9186ef48618dc572 to remote] DEBUG org.apache.http.headers - http-outgoing-33 << HTTP/1.1 200 OK
12:55:51.008 [Forwarding findElement on session da881b5523fb3c2b9186ef48618dc572 to remote] DEBUG org.apache.http.headers - http-outgoing-33 << Content-Length:88
12:55:51.008 [Forwarding findElement on session da881b5523fb3c2b9186ef48618dc572 to remote] DEBUG org.apache.http.headers - http-outgoing-33 << Content-Type:application/json; charset=utf-8
12:55:51.008 [Forwarding findElement on session da881b5523fb3c2b9186ef48618dc572 to remote] DEBUG org.apache.http.headers - http-outgoing-33 << cache-control:no-cache
12:55:51.008 [Forwarding findElement on session da881b5523fb3c2b9186ef48618dc572 to remote] DEBUG org.apache.http.impl.execchain.MainClientExec - Connection can be kept alive indefinitely
12:55:51.008 [Forwarding findElement on session da881b5523fb3c2b9186ef48618dc572 to remote] DEBUG org.apache.http.impl.conn.PoolingHttpClientConnectionManager - Connection [id: 33][route: {}->http://localhost:17010] can be kept alive indefinitely
12:55:51.008 [Forwarding findElement on session da881b5523fb3c2b9186ef48618dc572 to remote] DEBUG org.apache.http.impl.conn.PoolingHttpClientConnectionManager - Connection released: [id: 33][route: {}->http://localhost:17010][total kept alive: 16; route allocated: 1 of 2000; total allocated: 16 of 2000]
12:55:51.008 [Forwarding sendKeysToElement on session da881b5523fb3c2b9186ef48618dc572 to remote] DEBUG org.apache.http.client.protocol.RequestAddCookies - CookieSpec selected: default
12:55:51.008 [Forwarding sendKeysToElement on session da881b5523fb3c2b9186ef48618dc572 to remote] DEBUG org.apache.http.client.protocol.RequestAuthCache - Auth cache not set in the context
12:55:51.008 [Forwarding sendKeysToElement on session da881b5523fb3c2b9186ef48618dc572 to remote] DEBUG org.apache.http.impl.conn.PoolingHttpClientConnectionManager - Connection request: [route: {}->http://localhost:17010][total kept alive: 16; route allocated: 1 of 2000; total allocated: 16 of 2000]
12:55:51.008 [Forwarding sendKeysToElement on session da881b5523fb3c2b9186ef48618dc572 to remote] DEBUG org.apache.http.impl.conn.PoolingHttpClientConnectionManager - Connection leased: [id: 33][route: {}->http://localhost:17010][total kept alive: 15; route allocated: 1 of 2000; total allocated: 16 of 2000]
12:55:51.008 [Forwarding sendKeysToElement on session da881b5523fb3c2b9186ef48618dc572 to remote] DEBUG org.apache.http.impl.execchain.MainClientExec - Stale connection check
12:55:51.010 [Forwarding sendKeysToElement on session da881b5523fb3c2b9186ef48618dc572 to remote] DEBUG org.apache.http.wire - http-outgoing-33 << "[read] I/O error: Read timed out"
12:55:51.010 [Forwarding sendKeysToElement on session da881b5523fb3c2b9186ef48618dc572 to remote] DEBUG org.apache.http.impl.conn.DefaultManagedHttpClientConnection - http-outgoing-33: set socket timeout to 10800000
12:55:51.010 [Forwarding sendKeysToElement on session da881b5523fb3c2b9186ef48618dc572 to remote] DEBUG org.apache.http.impl.execchain.MainClientExec - Executing request POST /session/da881b5523fb3c2b9186ef48618dc572/element/3e9a7e19-ca46-4050-8837-d640030d97fe/value HTTP/1.1
12:55:51.010 [Forwarding sendKeysToElement on session da881b5523fb3c2b9186ef48618dc572 to remote] DEBUG org.apache.http.impl.execchain.MainClientExec - Target auth state: UNCHALLENGED
12:55:51.010 [Forwarding sendKeysToElement on session da881b5523fb3c2b9186ef48618dc572 to remote] DEBUG org.apache.http.impl.execchain.MainClientExec - Proxy auth state: UNCHALLENGED
12:55:51.010 [Forwarding sendKeysToElement on session da881b5523fb3c2b9186ef48618dc572 to remote] DEBUG org.apache.http.headers - http-outgoing-33 >> POST /session/da881b5523fb3c2b9186ef48618dc572/element/3e9a7e19-ca46-4050-8837-d640030d97fe/value HTTP/1.1
12:55:51.010 [Forwarding sendKeysToElement on session da881b5523fb3c2b9186ef48618dc572 to remote] DEBUG org.apache.http.headers - http-outgoing-33 >> Content-Type: application/json; charset=utf-8
12:55:51.010 [Forwarding sendKeysToElement on session da881b5523fb3c2b9186ef48618dc572 to remote] DEBUG org.apache.http.headers - http-outgoing-33 >> Content-Length: 385
12:55:51.010 [Forwarding sendKeysToElement on session da881b5523fb3c2b9186ef48618dc572 to remote] DEBUG org.apache.http.headers - http-outgoing-33 >> Host: localhost:17010
12:55:51.010 [Forwarding sendKeysToElement on session da881b5523fb3c2b9186ef48618dc572 to remote] DEBUG org.apache.http.headers - http-outgoing-33 >> Connection: Keep-Alive
12:55:51.010 [Forwarding sendKeysToElement on session da881b5523fb3c2b9186ef48618dc572 to remote] DEBUG org.apache.http.headers - http-outgoing-33 >> User-Agent: Apache-HttpClient/4.5.3 (Java/1.8.0_211)
12:55:51.010 [Forwarding sendKeysToElement on session da881b5523fb3c2b9186ef48618dc572 to remote] DEBUG org.apache.http.headers - http-outgoing-33 >> Accept-Encoding: gzip,deflate
12:55:51.010 [Forwarding sendKeysToElement on session da881b5523fb3c2b9186ef48618dc572 to remote] DEBUG org.apache.http.wire - http-outgoing-33 >> "POST /session/da881b5523fb3c2b9186ef48618dc572/element/3e9a7e19-ca46-4050-8837-d640030d97fe/value HTTP/1.1[\r][\n]"
12:55:51.010 [Forwarding sendKeysToElement on session da881b5523fb3c2b9186ef48618dc572 to remote] DEBUG org.apache.http.wire - http-outgoing-33 >> "Content-Type: application/json; charset=utf-8[\r][\n]"
12:55:51.010 [Forwarding sendKeysToElement on session da881b5523fb3c2b9186ef48618dc572 to remote] DEBUG org.apache.http.wire - http-outgoing-33 >> "Content-Length: 385[\r][\n]"
12:55:51.010 [Forwarding sendKeysToElement on session da881b5523fb3c2b9186ef48618dc572 to remote] DEBUG org.apache.http.wire - http-outgoing-33 >> "Host: localhost:17010[\r][\n]"
12:55:51.010 [Forwarding sendKeysToElement on session da881b5523fb3c2b9186ef48618dc572 to remote] DEBUG org.apache.http.wire - http-outgoing-33 >> "Connection: Keep-Alive[\r][\n]"
12:55:51.010 [Forwarding sendKeysToElement on session da881b5523fb3c2b9186ef48618dc572 to remote] DEBUG org.apache.http.wire - http-outgoing-33 >> "User-Agent: Apache-HttpClient/4.5.3 (Java/1.8.0_211)[\r][\n]"
12:55:51.010 [Forwarding sendKeysToElement on session da881b5523fb3c2b9186ef48618dc572 to remote] DEBUG org.apache.http.wire - http-outgoing-33 >> "Accept-Encoding: gzip,deflate[\r][\n]"
12:55:51.010 [Forwarding sendKeysToElement on session da881b5523fb3c2b9186ef48618dc572 to remote] DEBUG org.apache.http.wire - http-outgoing-33 >> "[\r][\n]"
12:55:51.010 [Forwarding sendKeysToElement on session da881b5523fb3c2b9186ef48618dc572 to remote] DEBUG org.apache.http.wire - http-outgoing-33 >> "{"id":"3e9a7e19-ca46-4050-8837-d640030d97fe","text":"de164ddc64b1783c3ebced73b32c479b3daa203cf323bd738a9ecfc4674d6017","value":["d","e","1","6","4","d","d","c","6","4","b","1","7","8","3","c","3","e","b","c","e","d","7","3","b","3","2","c","4","7","9","b","3","d","a","a","2","0","3","c","f","3","2","3","b","d","7","3","8","a","9","e","c","f","c","4","6","7","4","d","6","0","1","7"]}"
12:55:52.495 [Forwarding sendKeysToElement on session da881b5523fb3c2b9186ef48618dc572 to remote] DEBUG org.apache.http.wire - http-outgoing-33 << "HTTP/1.1 200 OK[\r][\n]"
12:55:52.495 [Forwarding sendKeysToElement on session da881b5523fb3c2b9186ef48618dc572 to remote] DEBUG org.apache.http.wire - http-outgoing-33 << "Content-Length:14[\r][\n]"
12:55:52.495 [Forwarding sendKeysToElement on session da881b5523fb3c2b9186ef48618dc572 to remote] DEBUG org.apache.http.wire - http-outgoing-33 << "Content-Type:application/json; charset=utf-8[\r][\n]"
12:55:52.495 [Forwarding sendKeysToElement on session da881b5523fb3c2b9186ef48618dc572 to remote] DEBUG org.apache.http.wire - http-outgoing-33 << "cache-control:no-cache[\r][\n]"
12:55:52.495 [Forwarding sendKeysToElement on session da881b5523fb3c2b9186ef48618dc572 to remote] DEBUG org.apache.http.wire - http-outgoing-33 << "[\r][\n]"
12:55:52.495 [Forwarding sendKeysToElement on session da881b5523fb3c2b9186ef48618dc572 to remote] DEBUG org.apache.http.wire - http-outgoing-33 << "{"value":null}"
12:55:52.496 [Forwarding sendKeysToElement on session da881b5523fb3c2b9186ef48618dc572 to remote] DEBUG org.apache.http.headers - http-outgoing-33 << HTTP/1.1 200 OK
12:55:52.496 [Forwarding sendKeysToElement on session da881b5523fb3c2b9186ef48618dc572 to remote] DEBUG org.apache.http.headers - http-outgoing-33 << Content-Length:14
12:55:52.496 [Forwarding sendKeysToElement on session da881b5523fb3c2b9186ef48618dc572 to remote] DEBUG org.apache.http.headers - http-outgoing-33 << Content-Type:application/json; charset=utf-8
12:55:52.496 [Forwarding sendKeysToElement on session da881b5523fb3c2b9186ef48618dc572 to remote] DEBUG org.apache.http.headers - http-outgoing-33 << cache-control:no-cache
12:55:52.496 [Forwarding sendKeysToElement on session da881b5523fb3c2b9186ef48618dc572 to remote] DEBUG org.apache.http.impl.execchain.MainClientExec - Connection can be kept alive indefinitely
12:55:52.496 [Forwarding sendKeysToElement on session da881b5523fb3c2b9186ef48618dc572 to remote] DEBUG org.apache.http.impl.conn.PoolingHttpClientConnectionManager - Connection [id: 33][route: {}->http://localhost:17010] can be kept alive indefinitely
12:55:52.496 [Forwarding sendKeysToElement on session da881b5523fb3c2b9186ef48618dc572 to remote] DEBUG org.apache.http.impl.conn.PoolingHttpClientConnectionManager - Connection released: [id: 33][route: {}->http://localhost:17010][total kept alive: 16; route allocated: 1 of 2000; total allocated: 16 of 2000]
12:55:52.496 [Forwarding findElement on session da881b5523fb3c2b9186ef48618dc572 to remote] DEBUG org.apache.http.client.protocol.RequestAddCookies - CookieSpec selected: default
12:55:52.496 [Forwarding findElement on session da881b5523fb3c2b9186ef48618dc572 to remote] DEBUG org.apache.http.client.protocol.RequestAuthCache - Auth cache not set in the context
12:55:52.496 [Forwarding findElement on session da881b5523fb3c2b9186ef48618dc572 to remote] DEBUG org.apache.http.impl.conn.PoolingHttpClientConnectionManager - Connection request: [route: {}->http://localhost:17010][total kept alive: 16; route allocated: 1 of 2000; total allocated: 16 of 2000]
12:55:52.496 [Forwarding findElement on session da881b5523fb3c2b9186ef48618dc572 to remote] DEBUG org.apache.http.impl.conn.PoolingHttpClientConnectionManager - Connection leased: [id: 33][route: {}->http://localhost:17010][total kept alive: 15; route allocated: 1 of 2000; total allocated: 16 of 2000]
12:55:52.496 [Forwarding findElement on session da881b5523fb3c2b9186ef48618dc572 to remote] DEBUG org.apache.http.impl.execchain.MainClientExec - Stale connection check
12:55:52.498 [Forwarding findElement on session da881b5523fb3c2b9186ef48618dc572 to remote] DEBUG org.apache.http.wire - http-outgoing-33 << "[read] I/O error: Read timed out"
12:55:52.498 [Forwarding findElement on session da881b5523fb3c2b9186ef48618dc572 to remote] DEBUG org.apache.http.impl.conn.DefaultManagedHttpClientConnection - http-outgoing-33: set socket timeout to 10800000
12:55:52.498 [Forwarding findElement on session da881b5523fb3c2b9186ef48618dc572 to remote] DEBUG org.apache.http.impl.execchain.MainClientExec - Executing request POST /session/da881b5523fb3c2b9186ef48618dc572/element HTTP/1.1
12:55:52.498 [Forwarding findElement on session da881b5523fb3c2b9186ef48618dc572 to remote] DEBUG org.apache.http.impl.execchain.MainClientExec - Target auth state: UNCHALLENGED
12:55:52.498 [Forwarding findElement on session da881b5523fb3c2b9186ef48618dc572 to remote] DEBUG org.apache.http.impl.execchain.MainClientExec - Proxy auth state: UNCHALLENGED
12:55:52.498 [Forwarding findElement on session da881b5523fb3c2b9186ef48618dc572 to remote] DEBUG org.apache.http.headers - http-outgoing-33 >> POST /session/da881b5523fb3c2b9186ef48618dc572/element HTTP/1.1
12:55:52.498 [Forwarding findElement on session da881b5523fb3c2b9186ef48618dc572 to remote] DEBUG org.apache.http.headers - http-outgoing-33 >> Content-Type: application/json; charset=utf-8
12:55:52.498 [Forwarding findElement on session da881b5523fb3c2b9186ef48618dc572 to remote] DEBUG org.apache.http.headers - http-outgoing-33 >> Content-Length: 59
12:55:52.498 [Forwarding findElement on session da881b5523fb3c2b9186ef48618dc572 to remote] DEBUG org.apache.http.headers - http-outgoing-33 >> Host: localhost:17010
12:55:52.498 [Forwarding findElement on session da881b5523fb3c2b9186ef48618dc572 to remote] DEBUG org.apache.http.headers - http-outgoing-33 >> Connection: Keep-Alive
12:55:52.498 [Forwarding findElement on session da881b5523fb3c2b9186ef48618dc572 to remote] DEBUG org.apache.http.headers - http-outgoing-33 >> User-Agent: Apache-HttpClient/4.5.3 (Java/1.8.0_211)
12:55:52.498 [Forwarding findElement on session da881b5523fb3c2b9186ef48618dc572 to remote] DEBUG org.apache.http.headers - http-outgoing-33 >> Accept-Encoding: gzip,deflate
12:55:52.498 [Forwarding findElement on session da881b5523fb3c2b9186ef48618dc572 to remote] DEBUG org.apache.http.wire - http-outgoing-33 >> "POST /session/da881b5523fb3c2b9186ef48618dc572/element HTTP/1.1[\r][\n]"
12:55:52.498 [Forwarding findElement on session da881b5523fb3c2b9186ef48618dc572 to remote] DEBUG org.apache.http.wire - http-outgoing-33 >> "Content-Type: application/json; charset=utf-8[\r][\n]"
12:55:52.498 [Forwarding findElement on session da881b5523fb3c2b9186ef48618dc572 to remote] DEBUG org.apache.http.wire - http-outgoing-33 >> "Content-Length: 59[\r][\n]"
12:55:52.498 [Forwarding findElement on session da881b5523fb3c2b9186ef48618dc572 to remote] DEBUG org.apache.http.wire - http-outgoing-33 >> "Host: localhost:17010[\r][\n]"
12:55:52.498 [Forwarding findElement on session da881b5523fb3c2b9186ef48618dc572 to remote] DEBUG org.apache.http.wire - http-outgoing-33 >> "Connection: Keep-Alive[\r][\n]"
12:55:52.498 [Forwarding findElement on session da881b5523fb3c2b9186ef48618dc572 to remote] DEBUG org.apache.http.wire - http-outgoing-33 >> "User-Agent: Apache-HttpClient/4.5.3 (Java/1.8.0_211)[\r][\n]"
12:55:52.498 [Forwarding findElement on session da881b5523fb3c2b9186ef48618dc572 to remote] DEBUG org.apache.http.wire - http-outgoing-33 >> "Accept-Encoding: gzip,deflate[\r][\n]"
12:55:52.498 [Forwarding findElement on session da881b5523fb3c2b9186ef48618dc572 to remote] DEBUG org.apache.http.wire - http-outgoing-33 >> "[\r][\n]"
12:55:52.498 [Forwarding findElement on session da881b5523fb3c2b9186ef48618dc572 to remote] DEBUG org.apache.http.wire - http-outgoing-33 >> "{"value":".btn-danger:nth-child(3)","using":"css selector"}"
12:55:52.506 [Forwarding findElement on session da881b5523fb3c2b9186ef48618dc572 to remote] DEBUG org.apache.http.wire - http-outgoing-33 << "HTTP/1.1 200 OK[\r][\n]"
12:55:52.507 [Forwarding findElement on session da881b5523fb3c2b9186ef48618dc572 to remote] DEBUG org.apache.http.wire - http-outgoing-33 << "Content-Length:88[\r][\n]"
12:55:52.507 [Forwarding findElement on session da881b5523fb3c2b9186ef48618dc572 to remote] DEBUG org.apache.http.wire - http-outgoing-33 << "Content-Type:application/json; charset=utf-8[\r][\n]"
12:55:52.507 [Forwarding findElement on session da881b5523fb3c2b9186ef48618dc572 to remote] DEBUG org.apache.http.wire - http-outgoing-33 << "cache-control:no-cache[\r][\n]"
12:55:52.507 [Forwarding findElement on session da881b5523fb3c2b9186ef48618dc572 to remote] DEBUG org.apache.http.wire - http-outgoing-33 << "[\r][\n]"
12:55:52.507 [Forwarding findElement on session da881b5523fb3c2b9186ef48618dc572 to remote] DEBUG org.apache.http.wire - http-outgoing-33 << "{"value":{"element-6066-11e4-a52e-4f735466cecf":"74a464f6-92a9-4729-9a62-34f7a91a1a8b"}}"
12:55:52.507 [Forwarding findElement on session da881b5523fb3c2b9186ef48618dc572 to remote] DEBUG org.apache.http.headers - http-outgoing-33 << HTTP/1.1 200 OK
12:55:52.507 [Forwarding findElement on session da881b5523fb3c2b9186ef48618dc572 to remote] DEBUG org.apache.http.headers - http-outgoing-33 << Content-Length:88
12:55:52.507 [Forwarding findElement on session da881b5523fb3c2b9186ef48618dc572 to remote] DEBUG org.apache.http.headers - http-outgoing-33 << Content-Type:application/json; charset=utf-8
12:55:52.507 [Forwarding findElement on session da881b5523fb3c2b9186ef48618dc572 to remote] DEBUG org.apache.http.headers - http-outgoing-33 << cache-control:no-cache
12:55:52.507 [Forwarding findElement on session da881b5523fb3c2b9186ef48618dc572 to remote] DEBUG org.apache.http.impl.execchain.MainClientExec - Connection can be kept alive indefinitely
12:55:52.507 [Forwarding findElement on session da881b5523fb3c2b9186ef48618dc572 to remote] DEBUG org.apache.http.impl.conn.PoolingHttpClientConnectionManager - Connection [id: 33][route: {}->http://localhost:17010] can be kept alive indefinitely
12:55:52.507 [Forwarding findElement on session da881b5523fb3c2b9186ef48618dc572 to remote] DEBUG org.apache.http.impl.conn.PoolingHttpClientConnectionManager - Connection released: [id: 33][route: {}->http://localhost:17010][total kept alive: 16; route allocated: 1 of 2000; total allocated: 16 of 2000]
12:55:52.507 [Forwarding clickElement on session da881b5523fb3c2b9186ef48618dc572 to remote] DEBUG org.apache.http.client.protocol.RequestAddCookies - CookieSpec selected: default
12:55:52.507 [Forwarding clickElement on session da881b5523fb3c2b9186ef48618dc572 to remote] DEBUG org.apache.http.client.protocol.RequestAuthCache - Auth cache not set in the context
12:55:52.507 [Forwarding clickElement on session da881b5523fb3c2b9186ef48618dc572 to remote] DEBUG org.apache.http.impl.conn.PoolingHttpClientConnectionManager - Connection request: [route: {}->http://localhost:17010][total kept alive: 16; route allocated: 1 of 2000; total allocated: 16 of 2000]
12:55:52.507 [Forwarding clickElement on session da881b5523fb3c2b9186ef48618dc572 to remote] DEBUG org.apache.http.impl.conn.PoolingHttpClientConnectionManager - Connection leased: [id: 33][route: {}->http://localhost:17010][total kept alive: 15; route allocated: 1 of 2000; total allocated: 16 of 2000]
12:55:52.507 [Forwarding clickElement on session da881b5523fb3c2b9186ef48618dc572 to remote] DEBUG org.apache.http.impl.execchain.MainClientExec - Stale connection check
12:55:52.509 [Forwarding clickElement on session da881b5523fb3c2b9186ef48618dc572 to remote] DEBUG org.apache.http.wire - http-outgoing-33 << "[read] I/O error: Read timed out"
12:55:52.509 [Forwarding clickElement on session da881b5523fb3c2b9186ef48618dc572 to remote] DEBUG org.apache.http.impl.conn.DefaultManagedHttpClientConnection - http-outgoing-33: set socket timeout to 10800000
12:55:52.509 [Forwarding clickElement on session da881b5523fb3c2b9186ef48618dc572 to remote] DEBUG org.apache.http.impl.execchain.MainClientExec - Executing request POST /session/da881b5523fb3c2b9186ef48618dc572/element/74a464f6-92a9-4729-9a62-34f7a91a1a8b/click HTTP/1.1
12:55:52.509 [Forwarding clickElement on session da881b5523fb3c2b9186ef48618dc572 to remote] DEBUG org.apache.http.impl.execchain.MainClientExec - Target auth state: UNCHALLENGED
12:55:52.509 [Forwarding clickElement on session da881b5523fb3c2b9186ef48618dc572 to remote] DEBUG org.apache.http.impl.execchain.MainClientExec - Proxy auth state: UNCHALLENGED
12:55:52.509 [Forwarding clickElement on session da881b5523fb3c2b9186ef48618dc572 to remote] DEBUG org.apache.http.headers - http-outgoing-33 >> POST /session/da881b5523fb3c2b9186ef48618dc572/element/74a464f6-92a9-4729-9a62-34f7a91a1a8b/click HTTP/1.1
12:55:52.509 [Forwarding clickElement on session da881b5523fb3c2b9186ef48618dc572 to remote] DEBUG org.apache.http.headers - http-outgoing-33 >> Content-Type: application/json; charset=utf-8
12:55:52.509 [Forwarding clickElement on session da881b5523fb3c2b9186ef48618dc572 to remote] DEBUG org.apache.http.headers - http-outgoing-33 >> Content-Length: 45
12:55:52.509 [Forwarding clickElement on session da881b5523fb3c2b9186ef48618dc572 to remote] DEBUG org.apache.http.headers - http-outgoing-33 >> Host: localhost:17010
12:55:52.509 [Forwarding clickElement on session da881b5523fb3c2b9186ef48618dc572 to remote] DEBUG org.apache.http.headers - http-outgoing-33 >> Connection: Keep-Alive
12:55:52.509 [Forwarding clickElement on session da881b5523fb3c2b9186ef48618dc572 to remote] DEBUG org.apache.http.headers - http-outgoing-33 >> User-Agent: Apache-HttpClient/4.5.3 (Java/1.8.0_211)
12:55:52.509 [Forwarding clickElement on session da881b5523fb3c2b9186ef48618dc572 to remote] DEBUG org.apache.http.headers - http-outgoing-33 >> Accept-Encoding: gzip,deflate
12:55:52.509 [Forwarding clickElement on session da881b5523fb3c2b9186ef48618dc572 to remote] DEBUG org.apache.http.wire - http-outgoing-33 >> "POST /session/da881b5523fb3c2b9186ef48618dc572/element/74a464f6-92a9-4729-9a62-34f7a91a1a8b/click HTTP/1.1[\r][\n]"
12:55:52.509 [Forwarding clickElement on session da881b5523fb3c2b9186ef48618dc572 to remote] DEBUG org.apache.http.wire - http-outgoing-33 >> "Content-Type: application/json; charset=utf-8[\r][\n]"
12:55:52.509 [Forwarding clickElement on session da881b5523fb3c2b9186ef48618dc572 to remote] DEBUG org.apache.http.wire - http-outgoing-33 >> "Content-Length: 45[\r][\n]"
12:55:52.509 [Forwarding clickElement on session da881b5523fb3c2b9186ef48618dc572 to remote] DEBUG org.apache.http.wire - http-outgoing-33 >> "Host: localhost:17010[\r][\n]"
12:55:52.509 [Forwarding clickElement on session da881b5523fb3c2b9186ef48618dc572 to remote] DEBUG org.apache.http.wire - http-outgoing-33 >> "Connection: Keep-Alive[\r][\n]"
12:55:52.509 [Forwarding clickElement on session da881b5523fb3c2b9186ef48618dc572 to remote] DEBUG org.apache.http.wire - http-outgoing-33 >> "User-Agent: Apache-HttpClient/4.5.3 (Java/1.8.0_211)[\r][\n]"
12:55:52.509 [Forwarding clickElement on session da881b5523fb3c2b9186ef48618dc572 to remote] DEBUG org.apache.http.wire - http-outgoing-33 >> "Accept-Encoding: gzip,deflate[\r][\n]"
12:55:52.509 [Forwarding clickElement on session da881b5523fb3c2b9186ef48618dc572 to remote] DEBUG org.apache.http.wire - http-outgoing-33 >> "[\r][\n]"
12:55:52.509 [Forwarding clickElement on session da881b5523fb3c2b9186ef48618dc572 to remote] DEBUG org.apache.http.wire - http-outgoing-33 >> "{"id":"74a464f6-92a9-4729-9a62-34f7a91a1a8b"}"
12:55:52.919 [Forwarding clickElement on session da881b5523fb3c2b9186ef48618dc572 to remote] DEBUG org.apache.http.wire - http-outgoing-33 << "HTTP/1.1 200 OK[\r][\n]"
12:55:52.919 [Forwarding clickElement on session da881b5523fb3c2b9186ef48618dc572 to remote] DEBUG org.apache.http.wire - http-outgoing-33 << "Content-Length:14[\r][\n]"
12:55:52.919 [Forwarding clickElement on session da881b5523fb3c2b9186ef48618dc572 to remote] DEBUG org.apache.http.wire - http-outgoing-33 << "Content-Type:application/json; charset=utf-8[\r][\n]"
12:55:52.919 [Forwarding clickElement on session da881b5523fb3c2b9186ef48618dc572 to remote] DEBUG org.apache.http.wire - http-outgoing-33 << "cache-control:no-cache[\r][\n]"
12:55:52.919 [Forwarding clickElement on session da881b5523fb3c2b9186ef48618dc572 to remote] DEBUG org.apache.http.wire - http-outgoing-33 << "[\r][\n]"
12:55:52.919 [Forwarding clickElement on session da881b5523fb3c2b9186ef48618dc572 to remote] DEBUG org.apache.http.wire - http-outgoing-33 << "{"value":null}"
12:55:52.919 [Forwarding clickElement on session da881b5523fb3c2b9186ef48618dc572 to remote] DEBUG org.apache.http.headers - http-outgoing-33 << HTTP/1.1 200 OK
12:55:52.919 [Forwarding clickElement on session da881b5523fb3c2b9186ef48618dc572 to remote] DEBUG org.apache.http.headers - http-outgoing-33 << Content-Length:14
12:55:52.919 [Forwarding clickElement on session da881b5523fb3c2b9186ef48618dc572 to remote] DEBUG org.apache.http.headers - http-outgoing-33 << Content-Type:application/json; charset=utf-8
12:55:52.919 [Forwarding clickElement on session da881b5523fb3c2b9186ef48618dc572 to remote] DEBUG org.apache.http.headers - http-outgoing-33 << cache-control:no-cache
12:55:52.919 [Forwarding clickElement on session da881b5523fb3c2b9186ef48618dc572 to remote] DEBUG org.apache.http.impl.execchain.MainClientExec - Connection can be kept alive indefinitely
12:55:52.919 [Forwarding clickElement on session da881b5523fb3c2b9186ef48618dc572 to remote] DEBUG org.apache.http.impl.conn.PoolingHttpClientConnectionManager - Connection [id: 33][route: {}->http://localhost:17010] can be kept alive indefinitely
12:55:52.919 [Forwarding clickElement on session da881b5523fb3c2b9186ef48618dc572 to remote] DEBUG org.apache.http.impl.conn.PoolingHttpClientConnectionManager - Connection released: [id: 33][route: {}->http://localhost:17010][total kept alive: 16; route allocated: 1 of 2000; total allocated: 16 of 2000]
12:55:53.121 [Forwarding findElement on session da881b5523fb3c2b9186ef48618dc572 to remote] DEBUG org.apache.http.client.protocol.RequestAddCookies - CookieSpec selected: default
12:55:53.121 [Forwarding findElement on session da881b5523fb3c2b9186ef48618dc572 to remote] DEBUG org.apache.http.client.protocol.RequestAuthCache - Auth cache not set in the context
12:55:53.121 [Forwarding findElement on session da881b5523fb3c2b9186ef48618dc572 to remote] DEBUG org.apache.http.impl.conn.PoolingHttpClientConnectionManager - Connection request: [route: {}->http://localhost:17010][total kept alive: 16; route allocated: 1 of 2000; total allocated: 16 of 2000]
12:55:53.121 [Forwarding findElement on session da881b5523fb3c2b9186ef48618dc572 to remote] DEBUG org.apache.http.impl.conn.PoolingHttpClientConnectionManager - Connection leased: [id: 33][route: {}->http://localhost:17010][total kept alive: 15; route allocated: 1 of 2000; total allocated: 16 of 2000]
12:55:53.121 [Forwarding findElement on session da881b5523fb3c2b9186ef48618dc572 to remote] DEBUG org.apache.http.impl.execchain.MainClientExec - Stale connection check
12:55:53.123 [Forwarding findElement on session da881b5523fb3c2b9186ef48618dc572 to remote] DEBUG org.apache.http.wire - http-outgoing-33 << "[read] I/O error: Read timed out"
12:55:53.123 [Forwarding findElement on session da881b5523fb3c2b9186ef48618dc572 to remote] DEBUG org.apache.http.impl.conn.DefaultManagedHttpClientConnection - http-outgoing-33: set socket timeout to 10800000
12:55:53.123 [Forwarding findElement on session da881b5523fb3c2b9186ef48618dc572 to remote] DEBUG org.apache.http.impl.execchain.MainClientExec - Executing request POST /session/da881b5523fb3c2b9186ef48618dc572/element HTTP/1.1
12:55:53.123 [Forwarding findElement on session da881b5523fb3c2b9186ef48618dc572 to remote] DEBUG org.apache.http.impl.execchain.MainClientExec - Target auth state: UNCHALLENGED
12:55:53.123 [Forwarding findElement on session da881b5523fb3c2b9186ef48618dc572 to remote] DEBUG org.apache.http.impl.execchain.MainClientExec - Proxy auth state: UNCHALLENGED
12:55:53.123 [Forwarding findElement on session da881b5523fb3c2b9186ef48618dc572 to remote] DEBUG org.apache.http.headers - http-outgoing-33 >> POST /session/da881b5523fb3c2b9186ef48618dc572/element HTTP/1.1
12:55:53.123 [Forwarding findElement on session da881b5523fb3c2b9186ef48618dc572 to remote] DEBUG org.apache.http.headers - http-outgoing-33 >> Content-Type: application/json; charset=utf-8
12:55:53.123 [Forwarding findElement on session da881b5523fb3c2b9186ef48618dc572 to remote] DEBUG org.apache.http.headers - http-outgoing-33 >> Content-Length: 80
12:55:53.123 [Forwarding findElement on session da881b5523fb3c2b9186ef48618dc572 to remote] DEBUG org.apache.http.headers - http-outgoing-33 >> Host: localhost:17010
12:55:53.123 [Forwarding findElement on session da881b5523fb3c2b9186ef48618dc572 to remote] DEBUG org.apache.http.headers - http-outgoing-33 >> Connection: Keep-Alive
12:55:53.123 [Forwarding findElement on session da881b5523fb3c2b9186ef48618dc572 to remote] DEBUG org.apache.http.headers - http-outgoing-33 >> User-Agent: Apache-HttpClient/4.5.3 (Java/1.8.0_211)
12:55:53.123 [Forwarding findElement on session da881b5523fb3c2b9186ef48618dc572 to remote] DEBUG org.apache.http.headers - http-outgoing-33 >> Accept-Encoding: gzip,deflate
12:55:53.123 [Forwarding findElement on session da881b5523fb3c2b9186ef48618dc572 to remote] DEBUG org.apache.http.wire - http-outgoing-33 >> "POST /session/da881b5523fb3c2b9186ef48618dc572/element HTTP/1.1[\r][\n]"
12:55:53.123 [Forwarding findElement on session da881b5523fb3c2b9186ef48618dc572 to remote] DEBUG org.apache.http.wire - http-outgoing-33 >> "Content-Type: application/json; charset=utf-8[\r][\n]"
12:55:53.123 [Forwarding findElement on session da881b5523fb3c2b9186ef48618dc572 to remote] DEBUG org.apache.http.wire - http-outgoing-33 >> "Content-Length: 80[\r][\n]"
12:55:53.123 [Forwarding findElement on session da881b5523fb3c2b9186ef48618dc572 to remote] DEBUG org.apache.http.wire - http-outgoing-33 >> "Host: localhost:17010[\r][\n]"
12:55:53.123 [Forwarding findElement on session da881b5523fb3c2b9186ef48618dc572 to remote] DEBUG org.apache.http.wire - http-outgoing-33 >> "Connection: Keep-Alive[\r][\n]"
12:55:53.123 [Forwarding findElement on session da881b5523fb3c2b9186ef48618dc572 to remote] DEBUG org.apache.http.wire - http-outgoing-33 >> "User-Agent: Apache-HttpClient/4.5.3 (Java/1.8.0_211)[\r][\n]"
12:55:53.123 [Forwarding findElement on session da881b5523fb3c2b9186ef48618dc572 to remote] DEBUG org.apache.http.wire - http-outgoing-33 >> "Accept-Encoding: gzip,deflate[\r][\n]"
12:55:53.123 [Forwarding findElement on session da881b5523fb3c2b9186ef48618dc572 to remote] DEBUG org.apache.http.wire - http-outgoing-33 >> "[\r][\n]"
12:55:53.123 [Forwarding findElement on session da881b5523fb3c2b9186ef48618dc572 to remote] DEBUG org.apache.http.wire - http-outgoing-33 >> "{"value":"//*[@id=\"root\"]/main/div[1]/div[1]/div/div/h3/span","using":"xpath"}"
12:55:53.151 [Forwarding findElement on session da881b5523fb3c2b9186ef48618dc572 to remote] DEBUG org.apache.http.wire - http-outgoing-33 << "HTTP/1.1 200 OK[\r][\n]"
12:55:53.151 [Forwarding findElement on session da881b5523fb3c2b9186ef48618dc572 to remote] DEBUG org.apache.http.wire - http-outgoing-33 << "Content-Length:88[\r][\n]"
12:55:53.151 [Forwarding findElement on session da881b5523fb3c2b9186ef48618dc572 to remote] DEBUG org.apache.http.wire - http-outgoing-33 << "Content-Type:application/json; charset=utf-8[\r][\n]"
12:55:53.151 [Forwarding findElement on session da881b5523fb3c2b9186ef48618dc572 to remote] DEBUG org.apache.http.wire - http-outgoing-33 << "cache-control:no-cache[\r][\n]"
12:55:53.151 [Forwarding findElement on session da881b5523fb3c2b9186ef48618dc572 to remote] DEBUG org.apache.http.wire - http-outgoing-33 << "[\r][\n]"
12:55:53.151 [Forwarding findElement on session da881b5523fb3c2b9186ef48618dc572 to remote] DEBUG org.apache.http.wire - http-outgoing-33 << "{"value":{"element-6066-11e4-a52e-4f735466cecf":"e72b0a3c-bf88-4581-845d-b67938f39b4a"}}"
12:55:53.151 [Forwarding findElement on session da881b5523fb3c2b9186ef48618dc572 to remote] DEBUG org.apache.http.headers - http-outgoing-33 << HTTP/1.1 200 OK
12:55:53.151 [Forwarding findElement on session da881b5523fb3c2b9186ef48618dc572 to remote] DEBUG org.apache.http.headers - http-outgoing-33 << Content-Length:88
12:55:53.151 [Forwarding findElement on session da881b5523fb3c2b9186ef48618dc572 to remote] DEBUG org.apache.http.headers - http-outgoing-33 << Content-Type:application/json; charset=utf-8
12:55:53.151 [Forwarding findElement on session da881b5523fb3c2b9186ef48618dc572 to remote] DEBUG org.apache.http.headers - http-outgoing-33 << cache-control:no-cache
12:55:53.151 [Forwarding findElement on session da881b5523fb3c2b9186ef48618dc572 to remote] DEBUG org.apache.http.impl.execchain.MainClientExec - Connection can be kept alive indefinitely
12:55:53.151 [Forwarding findElement on session da881b5523fb3c2b9186ef48618dc572 to remote] DEBUG org.apache.http.impl.conn.PoolingHttpClientConnectionManager - Connection [id: 33][route: {}->http://localhost:17010] can be kept alive indefinitely
12:55:53.151 [Forwarding findElement on session da881b5523fb3c2b9186ef48618dc572 to remote] DEBUG org.apache.http.impl.conn.PoolingHttpClientConnectionManager - Connection released: [id: 33][route: {}->http://localhost:17010][total kept alive: 16; route allocated: 1 of 2000; total allocated: 16 of 2000]
12:55:53.152 [Forwarding getElementText on session da881b5523fb3c2b9186ef48618dc572 to remote] DEBUG org.apache.http.client.protocol.RequestAddCookies - CookieSpec selected: default
12:55:53.152 [Forwarding getElementText on session da881b5523fb3c2b9186ef48618dc572 to remote] DEBUG org.apache.http.client.protocol.RequestAuthCache - Auth cache not set in the context
12:55:53.152 [Forwarding getElementText on session da881b5523fb3c2b9186ef48618dc572 to remote] DEBUG org.apache.http.impl.conn.PoolingHttpClientConnectionManager - Connection request: [route: {}->http://localhost:17010][total kept alive: 16; route allocated: 1 of 2000; total allocated: 16 of 2000]
12:55:53.152 [Forwarding getElementText on session da881b5523fb3c2b9186ef48618dc572 to remote] DEBUG org.apache.http.impl.conn.PoolingHttpClientConnectionManager - Connection leased: [id: 33][route: {}->http://localhost:17010][total kept alive: 15; route allocated: 1 of 2000; total allocated: 16 of 2000]
12:55:53.152 [Forwarding getElementText on session da881b5523fb3c2b9186ef48618dc572 to remote] DEBUG org.apache.http.impl.execchain.MainClientExec - Stale connection check
12:55:53.153 [Forwarding getElementText on session da881b5523fb3c2b9186ef48618dc572 to remote] DEBUG org.apache.http.wire - http-outgoing-33 << "[read] I/O error: Read timed out"
12:55:53.153 [Forwarding getElementText on session da881b5523fb3c2b9186ef48618dc572 to remote] DEBUG org.apache.http.impl.conn.DefaultManagedHttpClientConnection - http-outgoing-33: set socket timeout to 10800000
12:55:53.153 [Forwarding getElementText on session da881b5523fb3c2b9186ef48618dc572 to remote] DEBUG org.apache.http.impl.execchain.MainClientExec - Executing request GET /session/da881b5523fb3c2b9186ef48618dc572/element/e72b0a3c-bf88-4581-845d-b67938f39b4a/text HTTP/1.1
12:55:53.153 [Forwarding getElementText on session da881b5523fb3c2b9186ef48618dc572 to remote] DEBUG org.apache.http.impl.execchain.MainClientExec - Target auth state: UNCHALLENGED
12:55:53.153 [Forwarding getElementText on session da881b5523fb3c2b9186ef48618dc572 to remote] DEBUG org.apache.http.impl.execchain.MainClientExec - Proxy auth state: UNCHALLENGED
12:55:53.153 [Forwarding getElementText on session da881b5523fb3c2b9186ef48618dc572 to remote] DEBUG org.apache.http.headers - http-outgoing-33 >> GET /session/da881b5523fb3c2b9186ef48618dc572/element/e72b0a3c-bf88-4581-845d-b67938f39b4a/text HTTP/1.1
12:55:53.153 [Forwarding getElementText on session da881b5523fb3c2b9186ef48618dc572 to remote] DEBUG org.apache.http.headers - http-outgoing-33 >> Cache-Control: no-cache
12:55:53.153 [Forwarding getElementText on session da881b5523fb3c2b9186ef48618dc572 to remote] DEBUG org.apache.http.headers - http-outgoing-33 >> Host: localhost:17010
12:55:53.153 [Forwarding getElementText on session da881b5523fb3c2b9186ef48618dc572 to remote] DEBUG org.apache.http.headers - http-outgoing-33 >> Connection: Keep-Alive
12:55:53.153 [Forwarding getElementText on session da881b5523fb3c2b9186ef48618dc572 to remote] DEBUG org.apache.http.headers - http-outgoing-33 >> User-Agent: Apache-HttpClient/4.5.3 (Java/1.8.0_211)
12:55:53.153 [Forwarding getElementText on session da881b5523fb3c2b9186ef48618dc572 to remote] DEBUG org.apache.http.headers - http-outgoing-33 >> Accept-Encoding: gzip,deflate
12:55:53.153 [Forwarding getElementText on session da881b5523fb3c2b9186ef48618dc572 to remote] DEBUG org.apache.http.wire - http-outgoing-33 >> "GET /session/da881b5523fb3c2b9186ef48618dc572/element/e72b0a3c-bf88-4581-845d-b67938f39b4a/text HTTP/1.1[\r][\n]"
12:55:53.153 [Forwarding getElementText on session da881b5523fb3c2b9186ef48618dc572 to remote] DEBUG org.apache.http.wire - http-outgoing-33 >> "Cache-Control: no-cache[\r][\n]"
12:55:53.153 [Forwarding getElementText on session da881b5523fb3c2b9186ef48618dc572 to remote] DEBUG org.apache.http.wire - http-outgoing-33 >> "Host: localhost:17010[\r][\n]"
12:55:53.153 [Forwarding getElementText on session da881b5523fb3c2b9186ef48618dc572 to remote] DEBUG org.apache.http.wire - http-outgoing-33 >> "Connection: Keep-Alive[\r][\n]"
12:55:53.153 [Forwarding getElementText on session da881b5523fb3c2b9186ef48618dc572 to remote] DEBUG org.apache.http.wire - http-outgoing-33 >> "User-Agent: Apache-HttpClient/4.5.3 (Java/1.8.0_211)[\r][\n]"
12:55:53.153 [Forwarding getElementText on session da881b5523fb3c2b9186ef48618dc572 to remote] DEBUG org.apache.http.wire - http-outgoing-33 >> "Accept-Encoding: gzip,deflate[\r][\n]"
12:55:53.153 [Forwarding getElementText on session da881b5523fb3c2b9186ef48618dc572 to remote] DEBUG org.apache.http.wire - http-outgoing-33 >> "[\r][\n]"
12:55:53.160 [Forwarding getElementText on session da881b5523fb3c2b9186ef48618dc572 to remote] DEBUG org.apache.http.wire - http-outgoing-33 << "HTTP/1.1 200 OK[\r][\n]"
12:55:53.160 [Forwarding getElementText on session da881b5523fb3c2b9186ef48618dc572 to remote] DEBUG org.apache.http.wire - http-outgoing-33 << "Content-Length:20[\r][\n]"
12:55:53.160 [Forwarding getElementText on session da881b5523fb3c2b9186ef48618dc572 to remote] DEBUG org.apache.http.wire - http-outgoing-33 << "Content-Type:application/json; charset=utf-8[\r][\n]"
12:55:53.160 [Forwarding getElementText on session da881b5523fb3c2b9186ef48618dc572 to remote] DEBUG org.apache.http.wire - http-outgoing-33 << "cache-control:no-cache[\r][\n]"
12:55:53.160 [Forwarding getElementText on session da881b5523fb3c2b9186ef48618dc572 to remote] DEBUG org.apache.http.wire - http-outgoing-33 << "[\r][\n]"
12:55:53.160 [Forwarding getElementText on session da881b5523fb3c2b9186ef48618dc572 to remote] DEBUG org.apache.http.wire - http-outgoing-33 << "{"value":"01:04:08"}"
12:55:53.160 [Forwarding getElementText on session da881b5523fb3c2b9186ef48618dc572 to remote] DEBUG org.apache.http.headers - http-outgoing-33 << HTTP/1.1 200 OK
12:55:53.160 [Forwarding getElementText on session da881b5523fb3c2b9186ef48618dc572 to remote] DEBUG org.apache.http.headers - http-outgoing-33 << Content-Length:20
12:55:53.160 [Forwarding getElementText on session da881b5523fb3c2b9186ef48618dc572 to remote] DEBUG org.apache.http.headers - http-outgoing-33 << Content-Type:application/json; charset=utf-8
12:55:53.160 [Forwarding getElementText on session da881b5523fb3c2b9186ef48618dc572 to remote] DEBUG org.apache.http.headers - http-outgoing-33 << cache-control:no-cache
12:55:53.160 [Forwarding getElementText on session da881b5523fb3c2b9186ef48618dc572 to remote] DEBUG org.apache.http.impl.execchain.MainClientExec - Connection can be kept alive indefinitely
12:55:53.160 [Forwarding getElementText on session da881b5523fb3c2b9186ef48618dc572 to remote] DEBUG org.apache.http.impl.conn.PoolingHttpClientConnectionManager - Connection [id: 33][route: {}->http://localhost:17010] can be kept alive indefinitely
12:55:53.160 [Forwarding getElementText on session da881b5523fb3c2b9186ef48618dc572 to remote] DEBUG org.apache.http.impl.conn.PoolingHttpClientConnectionManager - Connection released: [id: 33][route: {}->http://localhost:17010][total kept alive: 16; route allocated: 1 of 2000; total allocated: 16 of 2000]
12:55:53.160 [Forwarding findElement on session da881b5523fb3c2b9186ef48618dc572 to remote] DEBUG org.apache.http.client.protocol.RequestAddCookies - CookieSpec selected: default
12:55:53.160 [Forwarding findElement on session da881b5523fb3c2b9186ef48618dc572 to remote] DEBUG org.apache.http.client.protocol.RequestAuthCache - Auth cache not set in the context
12:55:53.160 [Forwarding findElement on session da881b5523fb3c2b9186ef48618dc572 to remote] DEBUG org.apache.http.impl.conn.PoolingHttpClientConnectionManager - Connection request: [route: {}->http://localhost:17010][total kept alive: 16; route allocated: 1 of 2000; total allocated: 16 of 2000]
12:55:53.161 [Forwarding findElement on session da881b5523fb3c2b9186ef48618dc572 to remote] DEBUG org.apache.http.impl.conn.PoolingHttpClientConnectionManager - Connection leased: [id: 33][route: {}->http://localhost:17010][total kept alive: 15; route allocated: 1 of 2000; total allocated: 16 of 2000]
12:55:53.161 [Forwarding findElement on session da881b5523fb3c2b9186ef48618dc572 to remote] DEBUG org.apache.http.impl.execchain.MainClientExec - Stale connection check
12:55:53.162 [Forwarding findElement on session da881b5523fb3c2b9186ef48618dc572 to remote] DEBUG org.apache.http.wire - http-outgoing-33 << "[read] I/O error: Read timed out"
12:55:53.162 [Forwarding findElement on session da881b5523fb3c2b9186ef48618dc572 to remote] DEBUG org.apache.http.impl.conn.DefaultManagedHttpClientConnection - http-outgoing-33: set socket timeout to 10800000
12:55:53.162 [Forwarding findElement on session da881b5523fb3c2b9186ef48618dc572 to remote] DEBUG org.apache.http.impl.execchain.MainClientExec - Executing request POST /session/da881b5523fb3c2b9186ef48618dc572/element HTTP/1.1
12:55:53.162 [Forwarding findElement on session da881b5523fb3c2b9186ef48618dc572 to remote] DEBUG org.apache.http.impl.execchain.MainClientExec - Target auth state: UNCHALLENGED
12:55:53.162 [Forwarding findElement on session da881b5523fb3c2b9186ef48618dc572 to remote] DEBUG org.apache.http.impl.execchain.MainClientExec - Proxy auth state: UNCHALLENGED
12:55:53.162 [Forwarding findElement on session da881b5523fb3c2b9186ef48618dc572 to remote] DEBUG org.apache.http.headers - http-outgoing-33 >> POST /session/da881b5523fb3c2b9186ef48618dc572/element HTTP/1.1
12:55:53.162 [Forwarding findElement on session da881b5523fb3c2b9186ef48618dc572 to remote] DEBUG org.apache.http.headers - http-outgoing-33 >> Content-Type: application/json; charset=utf-8
12:55:53.162 [Forwarding findElement on session da881b5523fb3c2b9186ef48618dc572 to remote] DEBUG org.apache.http.headers - http-outgoing-33 >> Content-Length: 80
12:55:53.162 [Forwarding findElement on session da881b5523fb3c2b9186ef48618dc572 to remote] DEBUG org.apache.http.headers - http-outgoing-33 >> Host: localhost:17010
12:55:53.162 [Forwarding findElement on session da881b5523fb3c2b9186ef48618dc572 to remote] DEBUG org.apache.http.headers - http-outgoing-33 >> Connection: Keep-Alive
12:55:53.162 [Forwarding findElement on session da881b5523fb3c2b9186ef48618dc572 to remote] DEBUG org.apache.http.headers - http-outgoing-33 >> User-Agent: Apache-HttpClient/4.5.3 (Java/1.8.0_211)
12:55:53.162 [Forwarding findElement on session da881b5523fb3c2b9186ef48618dc572 to remote] DEBUG org.apache.http.headers - http-outgoing-33 >> Accept-Encoding: gzip,deflate
12:55:53.162 [Forwarding findElement on session da881b5523fb3c2b9186ef48618dc572 to remote] DEBUG org.apache.http.wire - http-outgoing-33 >> "POST /session/da881b5523fb3c2b9186ef48618dc572/element HTTP/1.1[\r][\n]"
12:55:53.162 [Forwarding findElement on session da881b5523fb3c2b9186ef48618dc572 to remote] DEBUG org.apache.http.wire - http-outgoing-33 >> "Content-Type: application/json; charset=utf-8[\r][\n]"
12:55:53.162 [Forwarding findElement on session da881b5523fb3c2b9186ef48618dc572 to remote] DEBUG org.apache.http.wire - http-outgoing-33 >> "Content-Length: 80[\r][\n]"
12:55:53.162 [Forwarding findElement on session da881b5523fb3c2b9186ef48618dc572 to remote] DEBUG org.apache.http.wire - http-outgoing-33 >> "Host: localhost:17010[\r][\n]"
12:55:53.162 [Forwarding findElement on session da881b5523fb3c2b9186ef48618dc572 to remote] DEBUG org.apache.http.wire - http-outgoing-33 >> "Connection: Keep-Alive[\r][\n]"
12:55:53.162 [Forwarding findElement on session da881b5523fb3c2b9186ef48618dc572 to remote] DEBUG org.apache.http.wire - http-outgoing-33 >> "User-Agent: Apache-HttpClient/4.5.3 (Java/1.8.0_211)[\r][\n]"
12:55:53.162 [Forwarding findElement on session da881b5523fb3c2b9186ef48618dc572 to remote] DEBUG org.apache.http.wire - http-outgoing-33 >> "Accept-Encoding: gzip,deflate[\r][\n]"
12:55:53.162 [Forwarding findElement on session da881b5523fb3c2b9186ef48618dc572 to remote] DEBUG org.apache.http.wire - http-outgoing-33 >> "[\r][\n]"
12:55:53.162 [Forwarding findElement on session da881b5523fb3c2b9186ef48618dc572 to remote] DEBUG org.apache.http.wire - http-outgoing-33 >> "{"value":"//*[@id=\"root\"]/main/div[1]/div[2]/div/div/h3/span","using":"xpath"}"
12:55:53.172 [Forwarding findElement on session da881b5523fb3c2b9186ef48618dc572 to remote] DEBUG org.apache.http.wire - http-outgoing-33 << "HTTP/1.1 200 OK[\r][\n]"
12:55:53.172 [Forwarding findElement on session da881b5523fb3c2b9186ef48618dc572 to remote] DEBUG org.apache.http.wire - http-outgoing-33 << "Content-Length:88[\r][\n]"
12:55:53.172 [Forwarding findElement on session da881b5523fb3c2b9186ef48618dc572 to remote] DEBUG org.apache.http.wire - http-outgoing-33 << "Content-Type:application/json; charset=utf-8[\r][\n]"
12:55:53.172 [Forwarding findElement on session da881b5523fb3c2b9186ef48618dc572 to remote] DEBUG org.apache.http.wire - http-outgoing-33 << "cache-control:no-cache[\r][\n]"
12:55:53.172 [Forwarding findElement on session da881b5523fb3c2b9186ef48618dc572 to remote] DEBUG org.apache.http.wire - http-outgoing-33 << "[\r][\n]"
12:55:53.172 [Forwarding findElement on session da881b5523fb3c2b9186ef48618dc572 to remote] DEBUG org.apache.http.wire - http-outgoing-33 << "{"value":{"element-6066-11e4-a52e-4f735466cecf":"88fd1b93-a6f9-441d-9889-0f5003f70ede"}}"
12:55:53.172 [Forwarding findElement on session da881b5523fb3c2b9186ef48618dc572 to remote] DEBUG org.apache.http.headers - http-outgoing-33 << HTTP/1.1 200 OK
12:55:53.172 [Forwarding findElement on session da881b5523fb3c2b9186ef48618dc572 to remote] DEBUG org.apache.http.headers - http-outgoing-33 << Content-Length:88
12:55:53.172 [Forwarding findElement on session da881b5523fb3c2b9186ef48618dc572 to remote] DEBUG org.apache.http.headers - http-outgoing-33 << Content-Type:application/json; charset=utf-8
12:55:53.172 [Forwarding findElement on session da881b5523fb3c2b9186ef48618dc572 to remote] DEBUG org.apache.http.headers - http-outgoing-33 << cache-control:no-cache
12:55:53.172 [Forwarding findElement on session da881b5523fb3c2b9186ef48618dc572 to remote] DEBUG org.apache.http.impl.execchain.MainClientExec - Connection can be kept alive indefinitely
12:55:53.172 [Forwarding findElement on session da881b5523fb3c2b9186ef48618dc572 to remote] DEBUG org.apache.http.impl.conn.PoolingHttpClientConnectionManager - Connection [id: 33][route: {}->http://localhost:17010] can be kept alive indefinitely
12:55:53.172 [Forwarding findElement on session da881b5523fb3c2b9186ef48618dc572 to remote] DEBUG org.apache.http.impl.conn.PoolingHttpClientConnectionManager - Connection released: [id: 33][route: {}->http://localhost:17010][total kept alive: 16; route allocated: 1 of 2000; total allocated: 16 of 2000]
12:55:53.173 [Forwarding getElementText on session da881b5523fb3c2b9186ef48618dc572 to remote] DEBUG org.apache.http.client.protocol.RequestAddCookies - CookieSpec selected: default
12:55:53.173 [Forwarding getElementText on session da881b5523fb3c2b9186ef48618dc572 to remote] DEBUG org.apache.http.client.protocol.RequestAuthCache - Auth cache not set in the context
12:55:53.173 [Forwarding getElementText on session da881b5523fb3c2b9186ef48618dc572 to remote] DEBUG org.apache.http.impl.conn.PoolingHttpClientConnectionManager - Connection request: [route: {}->http://localhost:17010][total kept alive: 16; route allocated: 1 of 2000; total allocated: 16 of 2000]
12:55:53.173 [Forwarding getElementText on session da881b5523fb3c2b9186ef48618dc572 to remote] DEBUG org.apache.http.impl.conn.PoolingHttpClientConnectionManager - Connection leased: [id: 33][route: {}->http://localhost:17010][total kept alive: 15; route allocated: 1 of 2000; total allocated: 16 of 2000]
12:55:53.173 [Forwarding getElementText on session da881b5523fb3c2b9186ef48618dc572 to remote] DEBUG org.apache.http.impl.execchain.MainClientExec - Stale connection check
12:55:53.174 [Forwarding getElementText on session da881b5523fb3c2b9186ef48618dc572 to remote] DEBUG org.apache.http.wire - http-outgoing-33 << "[read] I/O error: Read timed out"
12:55:53.174 [Forwarding getElementText on session da881b5523fb3c2b9186ef48618dc572 to remote] DEBUG org.apache.http.impl.conn.DefaultManagedHttpClientConnection - http-outgoing-33: set socket timeout to 10800000
12:55:53.174 [Forwarding getElementText on session da881b5523fb3c2b9186ef48618dc572 to remote] DEBUG org.apache.http.impl.execchain.MainClientExec - Executing request GET /session/da881b5523fb3c2b9186ef48618dc572/element/88fd1b93-a6f9-441d-9889-0f5003f70ede/text HTTP/1.1
12:55:53.174 [Forwarding getElementText on session da881b5523fb3c2b9186ef48618dc572 to remote] DEBUG org.apache.http.impl.execchain.MainClientExec - Target auth state: UNCHALLENGED
12:55:53.174 [Forwarding getElementText on session da881b5523fb3c2b9186ef48618dc572 to remote] DEBUG org.apache.http.impl.execchain.MainClientExec - Proxy auth state: UNCHALLENGED
12:55:53.174 [Forwarding getElementText on session da881b5523fb3c2b9186ef48618dc572 to remote] DEBUG org.apache.http.headers - http-outgoing-33 >> GET /session/da881b5523fb3c2b9186ef48618dc572/element/88fd1b93-a6f9-441d-9889-0f5003f70ede/text HTTP/1.1
12:55:53.174 [Forwarding getElementText on session da881b5523fb3c2b9186ef48618dc572 to remote] DEBUG org.apache.http.headers - http-outgoing-33 >> Cache-Control: no-cache
12:55:53.174 [Forwarding getElementText on session da881b5523fb3c2b9186ef48618dc572 to remote] DEBUG org.apache.http.headers - http-outgoing-33 >> Host: localhost:17010
12:55:53.174 [Forwarding getElementText on session da881b5523fb3c2b9186ef48618dc572 to remote] DEBUG org.apache.http.headers - http-outgoing-33 >> Connection: Keep-Alive
12:55:53.174 [Forwarding getElementText on session da881b5523fb3c2b9186ef48618dc572 to remote] DEBUG org.apache.http.headers - http-outgoing-33 >> User-Agent: Apache-HttpClient/4.5.3 (Java/1.8.0_211)
12:55:53.174 [Forwarding getElementText on session da881b5523fb3c2b9186ef48618dc572 to remote] DEBUG org.apache.http.headers - http-outgoing-33 >> Accept-Encoding: gzip,deflate
12:55:53.174 [Forwarding getElementText on session da881b5523fb3c2b9186ef48618dc572 to remote] DEBUG org.apache.http.wire - http-outgoing-33 >> "GET /session/da881b5523fb3c2b9186ef48618dc572/element/88fd1b93-a6f9-441d-9889-0f5003f70ede/text HTTP/1.1[\r][\n]"
12:55:53.174 [Forwarding getElementText on session da881b5523fb3c2b9186ef48618dc572 to remote] DEBUG org.apache.http.wire - http-outgoing-33 >> "Cache-Control: no-cache[\r][\n]"
12:55:53.174 [Forwarding getElementText on session da881b5523fb3c2b9186ef48618dc572 to remote] DEBUG org.apache.http.wire - http-outgoing-33 >> "Host: localhost:17010[\r][\n]"
12:55:53.174 [Forwarding getElementText on session da881b5523fb3c2b9186ef48618dc572 to remote] DEBUG org.apache.http.wire - http-outgoing-33 >> "Connection: Keep-Alive[\r][\n]"
12:55:53.174 [Forwarding getElementText on session da881b5523fb3c2b9186ef48618dc572 to remote] DEBUG org.apache.http.wire - http-outgoing-33 >> "User-Agent: Apache-HttpClient/4.5.3 (Java/1.8.0_211)[\r][\n]"
12:55:53.174 [Forwarding getElementText on session da881b5523fb3c2b9186ef48618dc572 to remote] DEBUG org.apache.http.wire - http-outgoing-33 >> "Accept-Encoding: gzip,deflate[\r][\n]"
12:55:53.174 [Forwarding getElementText on session da881b5523fb3c2b9186ef48618dc572 to remote] DEBUG org.apache.http.wire - http-outgoing-33 >> "[\r][\n]"
12:55:53.180 [Forwarding getElementText on session da881b5523fb3c2b9186ef48618dc572 to remote] DEBUG org.apache.http.wire - http-outgoing-33 << "HTTP/1.1 200 OK[\r][\n]"
12:55:53.180 [Forwarding getElementText on session da881b5523fb3c2b9186ef48618dc572 to remote] DEBUG org.apache.http.wire - http-outgoing-33 << "Content-Length:26[\r][\n]"
12:55:53.180 [Forwarding getElementText on session da881b5523fb3c2b9186ef48618dc572 to remote] DEBUG org.apache.http.wire - http-outgoing-33 << "Content-Type:application/json; charset=utf-8[\r][\n]"
12:55:53.180 [Forwarding getElementText on session da881b5523fb3c2b9186ef48618dc572 to remote] DEBUG org.apache.http.wire - http-outgoing-33 << "cache-control:no-cache[\r][\n]"
12:55:53.180 [Forwarding getElementText on session da881b5523fb3c2b9186ef48618dc572 to remote] DEBUG org.apache.http.wire - http-outgoing-33 << "[\r][\n]"
12:55:53.180 [Forwarding getElementText on session da881b5523fb3c2b9186ef48618dc572 to remote] DEBUG org.apache.http.wire - http-outgoing-33 << "{"value":"24,226,465,365"}"
12:55:53.180 [Forwarding getElementText on session da881b5523fb3c2b9186ef48618dc572 to remote] DEBUG org.apache.http.headers - http-outgoing-33 << HTTP/1.1 200 OK
12:55:53.180 [Forwarding getElementText on session da881b5523fb3c2b9186ef48618dc572 to remote] DEBUG org.apache.http.headers - http-outgoing-33 << Content-Length:26
12:55:53.180 [Forwarding getElementText on session da881b5523fb3c2b9186ef48618dc572 to remote] DEBUG org.apache.http.headers - http-outgoing-33 << Content-Type:application/json; charset=utf-8
12:55:53.180 [Forwarding getElementText on session da881b5523fb3c2b9186ef48618dc572 to remote] DEBUG org.apache.http.headers - http-outgoing-33 << cache-control:no-cache
12:55:53.180 [Forwarding getElementText on session da881b5523fb3c2b9186ef48618dc572 to remote] DEBUG org.apache.http.impl.execchain.MainClientExec - Connection can be kept alive indefinitely
12:55:53.180 [Forwarding getElementText on session da881b5523fb3c2b9186ef48618dc572 to remote] DEBUG org.apache.http.impl.conn.PoolingHttpClientConnectionManager - Connection [id: 33][route: {}->http://localhost:17010] can be kept alive indefinitely
12:55:53.180 [Forwarding getElementText on session da881b5523fb3c2b9186ef48618dc572 to remote] DEBUG org.apache.http.impl.conn.PoolingHttpClientConnectionManager - Connection released: [id: 33][route: {}->http://localhost:17010][total kept alive: 16; route allocated: 1 of 2000; total allocated: 16 of 2000]
]]></system-out>
  <system-err><![CDATA[Starting ChromeDriver 80.0.3987.106 (f68069574609230cf9b635cd784cfb1bf81bb53a-refs/branch-heads/3987@{#882}) on port 17010
Only local connections are allowed.
Please protect ports used by ChromeDriver and related test frameworks to prevent access by malicious code.
[1584680146.632][WARNING]: FromSockAddr failed on netmask
三月 20, 2020 12:55:47 下午 org.openqa.selenium.remote.ProtocolHandshake createSession
信息: Detected dialect: W3C
[1584680147.946][SEVERE]: Timed out receiving message from renderer: 0.100
[1584680148.047][SEVERE]: Timed out receiving message from renderer: 0.100
[1584680148.148][SEVERE]: Timed out receiving message from renderer: 0.100
[1584680148.262][SEVERE]: Timed out receiving message from renderer: 0.100
[1584680148.363][SEVERE]: Timed out receiving message from renderer: 0.100
[1584680148.463][SEVERE]: Timed out receiving message from renderer: 0.100
[1584680148.565][SEVERE]: Timed out receiving message from renderer: 0.100
[1584680148.667][SEVERE]: Timed out receiving message from renderer: 0.100
[1584680148.768][SEVERE]: Timed out receiving message from renderer: 0.100
[1584680148.870][SEVERE]: Timed out receiving message from renderer: 0.100
[1584680149.146][SEVERE]: Timed out receiving message from renderer: 0.100
[1584680149.253][SEVERE]: Timed out receiving message from renderer: 0.100
[1584680149.472][SEVERE]: Timed out receiving message from renderer: 0.100
[1584680149.573][SEVERE]: Timed out receiving message from renderer: 0.100
[1584680149.675][SEVERE]: Timed out receiving message from renderer: 0.100
[1584680149.776][SEVERE]: Timed out receiving message from renderer: 0.100
]]></system-err>
</testsuite>
