<?xml version="1.0" encoding="UTF-8"?>
<testsuite name="tron.tronscan.tronscanUI.BlocksTest" tests="1" skipped="0" failures="1" errors="0" timestamp="2020-03-20T04:51:22" hostname="zhukaideiMac.local" time="0.027">
  <properties/>
  <testcase name="testSRText" classname="tron.tronscan.tronscanUI.BlocksTest" time="0.027">
    <failure message="org.openqa.selenium.InvalidSelectorException: invalid selector: The result of the xpath expression &quot;//*[@id=&quot;root&quot;]/main/div/div/div[1]/div/text()&quot; is: [object Text]. It should be an element.&#10;  (Session info: chrome=80.0.3987.149)&#10;For documentation on this error, please visit: http://seleniumhq.org/exceptions/invalid_selector_exception.html&#10;Build info: version: '3.6.0', revision: '6fbf3ec767', time: '2017-09-27T15:28:36.4Z'&#10;System info: host: 'zhukaideiMac.local', ip: '127.0.0.1', os.name: 'Mac OS X', os.arch: 'x86_64', os.version: '10.15.3', java.version: '1.8.0_211'&#10;Driver info: org.openqa.selenium.chrome.ChromeDriver&#10;Capabilities [{networkConnectionEnabled=false, chrome={chromedriverVersion=80.0.3987.106 (f68069574609230cf9b635cd784cfb1bf81bb53a-refs/branch-heads/3987@{#882}), userDataDir=/var/folders/fs/0qxrqb5x7zg5dtqrhc9t0clm0000gn/T/.com.google.Chrome.DMLaMY}, timeouts={implicit=0, pageLoad=300000, script=30000}, pageLoadStrategy=normal, unhandledPromptBehavior=dismiss and notify, strictFileInteractability=false, platform=MAC, proxy=Proxy(), goog:chromeOptions={debuggerAddress=localhost:60348}, acceptInsecureCerts=false, browserVersion=80.0.3987.149, browserName=chrome, javascriptEnabled=true, platformName=MAC, setWindowRect=true}]&#10;Session ID: 77ba92e8525854a1fdb3effb65dff676&#10;*** Element info: {Using=xpath, value=//*[@id=&quot;root&quot;]/main/div/div/div[1]/div/text()}" type="org.openqa.selenium.InvalidSelectorException">org.openqa.selenium.InvalidSelectorException: invalid selector: The result of the xpath expression &quot;//*[@id=&quot;root&quot;]/main/div/div/div[1]/div/text()&quot; is: [object Text]. It should be an element.
  (Session info: chrome=80.0.3987.149)
For documentation on this error, please visit: http://seleniumhq.org/exceptions/invalid_selector_exception.html
Build info: version: '3.6.0', revision: '6fbf3ec767', time: '2017-09-27T15:28:36.4Z'
System info: host: 'zhukaideiMac.local', ip: '127.0.0.1', os.name: 'Mac OS X', os.arch: 'x86_64', os.version: '10.15.3', java.version: '1.8.0_211'
Driver info: org.openqa.selenium.chrome.ChromeDriver
Capabilities [{networkConnectionEnabled=false, chrome={chromedriverVersion=80.0.3987.106 (f68069574609230cf9b635cd784cfb1bf81bb53a-refs/branch-heads/3987@{#882}), userDataDir=/var/folders/fs/0qxrqb5x7zg5dtqrhc9t0clm0000gn/T/.com.google.Chrome.DMLaMY}, timeouts={implicit=0, pageLoad=300000, script=30000}, pageLoadStrategy=normal, unhandledPromptBehavior=dismiss and notify, strictFileInteractability=false, platform=MAC, proxy=Proxy(), goog:chromeOptions={debuggerAddress=localhost:60348}, acceptInsecureCerts=false, browserVersion=80.0.3987.149, browserName=chrome, javascriptEnabled=true, platformName=MAC, setWindowRect=true}]
Session ID: 77ba92e8525854a1fdb3effb65dff676
*** Element info: {Using=xpath, value=//*[@id=&quot;root&quot;]/main/div/div/div[1]/div/text()}
	at sun.reflect.NativeConstructorAccessorImpl.newInstance0(Native Method)
	at sun.reflect.NativeConstructorAccessorImpl.newInstance(NativeConstructorAccessorImpl.java:62)
	at sun.reflect.DelegatingConstructorAccessorImpl.newInstance(DelegatingConstructorAccessorImpl.java:45)
	at java.lang.reflect.Constructor.newInstance(Constructor.java:423)
	at org.openqa.selenium.remote.http.W3CHttpResponseCodec.createException(W3CHttpResponseCodec.java:185)
	at org.openqa.selenium.remote.http.W3CHttpResponseCodec.decode(W3CHttpResponseCodec.java:120)
	at org.openqa.selenium.remote.http.W3CHttpResponseCodec.decode(W3CHttpResponseCodec.java:49)
	at org.openqa.selenium.remote.HttpCommandExecutor.execute(HttpCommandExecutor.java:164)
	at org.openqa.selenium.remote.service.DriverCommandExecutor.execute(DriverCommandExecutor.java:83)
	at org.openqa.selenium.remote.RemoteWebDriver.execute(RemoteWebDriver.java:586)
	at org.openqa.selenium.remote.RemoteWebDriver.findElement(RemoteWebDriver.java:356)
	at org.openqa.selenium.remote.RemoteWebDriver.findElementByXPath(RemoteWebDriver.java:458)
	at org.openqa.selenium.By$ByXPath.findElement(By.java:361)
	at org.openqa.selenium.remote.RemoteWebDriver.findElement(RemoteWebDriver.java:348)
	at tron.tronscan.tronscanUI.BlocksTest.testSRText(BlocksTest.java:28)
	at sun.reflect.NativeMethodAccessorImpl.invoke0(Native Method)
	at sun.reflect.NativeMethodAccessorImpl.invoke(NativeMethodAccessorImpl.java:62)
	at sun.reflect.DelegatingMethodAccessorImpl.invoke(DelegatingMethodAccessorImpl.java:43)
	at java.lang.reflect.Method.invoke(Method.java:498)
	at org.testng.internal.MethodInvocationHelper.invokeMethod(MethodInvocationHelper.java:124)
	at org.testng.internal.Invoker.invokeMethod(Invoker.java:583)
	at org.testng.internal.Invoker.invokeTestMethod(Invoker.java:719)
	at org.testng.internal.Invoker.invokeTestMethods(Invoker.java:989)
	at org.testng.internal.TestMethodWorker.invokeTestMethods(TestMethodWorker.java:125)
	at org.testng.internal.TestMethodWorker.run(TestMethodWorker.java:109)
	at org.testng.TestRunner.privateRun(TestRunner.java:648)
	at org.testng.TestRunner.run(TestRunner.java:505)
	at org.testng.SuiteRunner.runTest(SuiteRunner.java:455)
	at org.testng.SuiteRunner.runSequentially(SuiteRunner.java:450)
	at org.testng.SuiteRunner.privateRun(SuiteRunner.java:415)
	at org.testng.SuiteRunner.run(SuiteRunner.java:364)
	at org.testng.SuiteRunnerWorker.runSuite(SuiteRunnerWorker.java:52)
	at org.testng.SuiteRunnerWorker.run(SuiteRunnerWorker.java:84)
	at org.testng.TestNG.runSuitesSequentially(TestNG.java:1208)
	at org.testng.TestNG.runSuitesLocally(TestNG.java:1137)
	at org.testng.TestNG.runSuites(TestNG.java:1049)
	at org.testng.TestNG.run(TestNG.java:1017)
	at org.gradle.api.internal.tasks.testing.testng.TestNGTestClassProcessor.runTests(TestNGTestClassProcessor.java:139)
	at org.gradle.api.internal.tasks.testing.testng.TestNGTestClassProcessor.stop(TestNGTestClassProcessor.java:89)
	at org.gradle.api.internal.tasks.testing.SuiteTestClassProcessor.stop(SuiteTestClassProcessor.java:61)
	at sun.reflect.NativeMethodAccessorImpl.invoke0(Native Method)
	at sun.reflect.NativeMethodAccessorImpl.invoke(NativeMethodAccessorImpl.java:62)
	at sun.reflect.DelegatingMethodAccessorImpl.invoke(DelegatingMethodAccessorImpl.java:43)
	at java.lang.reflect.Method.invoke(Method.java:498)
	at org.gradle.internal.dispatch.ReflectionDispatch.dispatch(ReflectionDispatch.java:35)
	at org.gradle.internal.dispatch.ReflectionDispatch.dispatch(ReflectionDispatch.java:24)
	at org.gradle.internal.dispatch.ContextClassLoaderDispatch.dispatch(ContextClassLoaderDispatch.java:32)
	at org.gradle.internal.dispatch.ProxyDispatchAdapter$DispatchingInvocationHandler.invoke(ProxyDispatchAdapter.java:93)
	at com.sun.proxy.$Proxy2.stop(Unknown Source)
	at org.gradle.api.internal.tasks.testing.worker.TestWorker.stop(TestWorker.java:131)
	at sun.reflect.NativeMethodAccessorImpl.invoke0(Native Method)
	at sun.reflect.NativeMethodAccessorImpl.invoke(NativeMethodAccessorImpl.java:62)
	at sun.reflect.DelegatingMethodAccessorImpl.invoke(DelegatingMethodAccessorImpl.java:43)
	at java.lang.reflect.Method.invoke(Method.java:498)
	at org.gradle.internal.dispatch.ReflectionDispatch.dispatch(ReflectionDispatch.java:35)
	at org.gradle.internal.dispatch.ReflectionDispatch.dispatch(ReflectionDispatch.java:24)
	at org.gradle.internal.remote.internal.hub.MessageHubBackedObjectConnection$DispatchWrapper.dispatch(MessageHubBackedObjectConnection.java:155)
	at org.gradle.internal.remote.internal.hub.MessageHubBackedObjectConnection$DispatchWrapper.dispatch(MessageHubBackedObjectConnection.java:137)
	at org.gradle.internal.remote.internal.hub.MessageHub$Handler.run(MessageHub.java:404)
	at org.gradle.internal.concurrent.ExecutorPolicy$CatchAndRecordFailures.onExecute(ExecutorPolicy.java:63)
	at org.gradle.internal.concurrent.ManagedExecutorImpl$1.run(ManagedExecutorImpl.java:46)
	at java.util.concurrent.ThreadPoolExecutor.runWorker(ThreadPoolExecutor.java:1149)
	at java.util.concurrent.ThreadPoolExecutor$Worker.run(ThreadPoolExecutor.java:624)
	at org.gradle.internal.concurrent.ThreadFactoryImpl$ManagedThreadRunnable.run(ThreadFactoryImpl.java:55)
	at java.lang.Thread.run(Thread.java:748)
</failure>
  </testcase>
  <system-out><![CDATA[12:51:18.917 [Forwarding newSession on session null to remote] DEBUG org.apache.http.client.protocol.RequestAddCookies - CookieSpec selected: default
12:51:18.917 [Forwarding newSession on session null to remote] DEBUG org.apache.http.client.protocol.RequestAuthCache - Auth cache not set in the context
12:51:18.917 [Forwarding newSession on session null to remote] DEBUG org.apache.http.impl.conn.PoolingHttpClientConnectionManager - Connection request: [route: {}->http://localhost:42539][total kept alive: 17; route allocated: 0 of 2000; total allocated: 17 of 2000]
12:51:18.917 [Forwarding newSession on session null to remote] DEBUG org.apache.http.impl.conn.PoolingHttpClientConnectionManager - Connection leased: [id: 17][route: {}->http://localhost:42539][total kept alive: 17; route allocated: 1 of 2000; total allocated: 18 of 2000]
12:51:18.917 [Forwarding newSession on session null to remote] DEBUG org.apache.http.impl.execchain.MainClientExec - Opening connection {}->http://localhost:42539
12:51:18.917 [Forwarding newSession on session null to remote] DEBUG org.apache.http.impl.conn.DefaultHttpClientConnectionOperator - Connecting to localhost/127.0.0.1:42539
12:51:18.917 [Forwarding newSession on session null to remote] DEBUG org.apache.http.impl.conn.DefaultHttpClientConnectionOperator - Connection established 127.0.0.1:60347<->127.0.0.1:42539
12:51:18.917 [Forwarding newSession on session null to remote] DEBUG org.apache.http.impl.conn.DefaultManagedHttpClientConnection - http-outgoing-17: set socket timeout to 10800000
12:51:18.917 [Forwarding newSession on session null to remote] DEBUG org.apache.http.impl.execchain.MainClientExec - Executing request POST /session HTTP/1.1
12:51:18.917 [Forwarding newSession on session null to remote] DEBUG org.apache.http.impl.execchain.MainClientExec - Target auth state: UNCHALLENGED
12:51:18.917 [Forwarding newSession on session null to remote] DEBUG org.apache.http.impl.execchain.MainClientExec - Proxy auth state: UNCHALLENGED
12:51:18.917 [Forwarding newSession on session null to remote] DEBUG org.apache.http.headers - http-outgoing-17 >> POST /session HTTP/1.1
12:51:18.917 [Forwarding newSession on session null to remote] DEBUG org.apache.http.headers - http-outgoing-17 >> Content-Type: application/json; charset=utf-8
12:51:18.917 [Forwarding newSession on session null to remote] DEBUG org.apache.http.headers - http-outgoing-17 >> Content-Length: 560
12:51:18.917 [Forwarding newSession on session null to remote] DEBUG org.apache.http.headers - http-outgoing-17 >> Host: localhost:42539
12:51:18.917 [Forwarding newSession on session null to remote] DEBUG org.apache.http.headers - http-outgoing-17 >> Connection: Keep-Alive
12:51:18.917 [Forwarding newSession on session null to remote] DEBUG org.apache.http.headers - http-outgoing-17 >> User-Agent: Apache-HttpClient/4.5.3 (Java/1.8.0_211)
12:51:18.917 [Forwarding newSession on session null to remote] DEBUG org.apache.http.headers - http-outgoing-17 >> Accept-Encoding: gzip,deflate
12:51:18.917 [Forwarding newSession on session null to remote] DEBUG org.apache.http.wire - http-outgoing-17 >> "POST /session HTTP/1.1[\r][\n]"
12:51:18.917 [Forwarding newSession on session null to remote] DEBUG org.apache.http.wire - http-outgoing-17 >> "Content-Type: application/json; charset=utf-8[\r][\n]"
12:51:18.917 [Forwarding newSession on session null to remote] DEBUG org.apache.http.wire - http-outgoing-17 >> "Content-Length: 560[\r][\n]"
12:51:18.917 [Forwarding newSession on session null to remote] DEBUG org.apache.http.wire - http-outgoing-17 >> "Host: localhost:42539[\r][\n]"
12:51:18.917 [Forwarding newSession on session null to remote] DEBUG org.apache.http.wire - http-outgoing-17 >> "Connection: Keep-Alive[\r][\n]"
12:51:18.917 [Forwarding newSession on session null to remote] DEBUG org.apache.http.wire - http-outgoing-17 >> "User-Agent: Apache-HttpClient/4.5.3 (Java/1.8.0_211)[\r][\n]"
12:51:18.917 [Forwarding newSession on session null to remote] DEBUG org.apache.http.wire - http-outgoing-17 >> "Accept-Encoding: gzip,deflate[\r][\n]"
12:51:18.917 [Forwarding newSession on session null to remote] DEBUG org.apache.http.wire - http-outgoing-17 >> "[\r][\n]"
12:51:18.917 [Forwarding newSession on session null to remote] DEBUG org.apache.http.wire - http-outgoing-17 >> "{[\n]"
12:51:18.917 [Forwarding newSession on session null to remote] DEBUG org.apache.http.wire - http-outgoing-17 >> "  "desiredCapabilities": {[\n]"
12:51:18.917 [Forwarding newSession on session null to remote] DEBUG org.apache.http.wire - http-outgoing-17 >> "    "browserName": "chrome",[\n]"
12:51:18.917 [Forwarding newSession on session null to remote] DEBUG org.apache.http.wire - http-outgoing-17 >> "    "goog:chromeOptions": {[\n]"
12:51:18.917 [Forwarding newSession on session null to remote] DEBUG org.apache.http.wire - http-outgoing-17 >> "      "args": [],[\n]"
12:51:18.917 [Forwarding newSession on session null to remote] DEBUG org.apache.http.wire - http-outgoing-17 >> "      "extensions": [][\n]"
12:51:18.917 [Forwarding newSession on session null to remote] DEBUG org.apache.http.wire - http-outgoing-17 >> "    }[\n]"
12:51:18.917 [Forwarding newSession on session null to remote] DEBUG org.apache.http.wire - http-outgoing-17 >> "  },[\n]"
12:51:18.917 [Forwarding newSession on session null to remote] DEBUG org.apache.http.wire - http-outgoing-17 >> "  "requiredCapabilities": {},[\n]"
12:51:18.917 [Forwarding newSession on session null to remote] DEBUG org.apache.http.wire - http-outgoing-17 >> "  "capabilities": {[\n]"
12:51:18.917 [Forwarding newSession on session null to remote] DEBUG org.apache.http.wire - http-outgoing-17 >> "    "desiredCapabilities": {[\n]"
12:51:18.917 [Forwarding newSession on session null to remote] DEBUG org.apache.http.wire - http-outgoing-17 >> "      "browserName": "chrome",[\n]"
12:51:18.917 [Forwarding newSession on session null to remote] DEBUG org.apache.http.wire - http-outgoing-17 >> "      "goog:chromeOptions": {[\n]"
12:51:18.917 [Forwarding newSession on session null to remote] DEBUG org.apache.http.wire - http-outgoing-17 >> "        "args": [],[\n]"
12:51:18.917 [Forwarding newSession on session null to remote] DEBUG org.apache.http.wire - http-outgoing-17 >> "        "extensions": [][\n]"
12:51:18.917 [Forwarding newSession on session null to remote] DEBUG org.apache.http.wire - http-outgoing-17 >> "      }[\n]"
12:51:18.917 [Forwarding newSession on session null to remote] DEBUG org.apache.http.wire - http-outgoing-17 >> "    },[\n]"
12:51:18.917 [Forwarding newSession on session null to remote] DEBUG org.apache.http.wire - http-outgoing-17 >> "    "requiredCapabilities": {},[\n]"
12:51:18.917 [Forwarding newSession on session null to remote] DEBUG org.apache.http.wire - http-outgoing-17 >> "    "alwaysMatch": {[\n]"
12:51:18.917 [Forwarding newSession on session null to remote] DEBUG org.apache.http.wire - http-outgoing-17 >> "      "goog:chromeOptions": {[\n]"
12:51:18.917 [Forwarding newSession on session null to remote] DEBUG org.apache.http.wire - http-outgoing-17 >> "        "args": [],[\n]"
12:51:18.917 [Forwarding newSession on session null to remote] DEBUG org.apache.http.wire - http-outgoing-17 >> "        "extensions": [][\n]"
12:51:18.917 [Forwarding newSession on session null to remote] DEBUG org.apache.http.wire - http-outgoing-17 >> "      }[\n]"
12:51:18.917 [Forwarding newSession on session null to remote] DEBUG org.apache.http.wire - http-outgoing-17 >> "    },[\n]"
12:51:18.917 [Forwarding newSession on session null to remote] DEBUG org.apache.http.wire - http-outgoing-17 >> "    "firstMatch": [[\n]"
12:51:18.917 [Forwarding newSession on session null to remote] DEBUG org.apache.http.wire - http-outgoing-17 >> "      {[\n]"
12:51:18.917 [Forwarding newSession on session null to remote] DEBUG org.apache.http.wire - http-outgoing-17 >> "        "browserName": "chrome"[\n]"
12:51:18.917 [Forwarding newSession on session null to remote] DEBUG org.apache.http.wire - http-outgoing-17 >> "      }[\n]"
12:51:18.917 [Forwarding newSession on session null to remote] DEBUG org.apache.http.wire - http-outgoing-17 >> "    ][\n]"
12:51:18.917 [Forwarding newSession on session null to remote] DEBUG org.apache.http.wire - http-outgoing-17 >> "  }[\n]"
12:51:18.917 [Forwarding newSession on session null to remote] DEBUG org.apache.http.wire - http-outgoing-17 >> "}"
12:51:19.507 [Forwarding newSession on session null to remote] DEBUG org.apache.http.wire - http-outgoing-17 << "HTTP/1.1 200 OK[\r][\n]"
12:51:19.507 [Forwarding newSession on session null to remote] DEBUG org.apache.http.wire - http-outgoing-17 << "Content-Length:690[\r][\n]"
12:51:19.507 [Forwarding newSession on session null to remote] DEBUG org.apache.http.wire - http-outgoing-17 << "Content-Type:application/json; charset=utf-8[\r][\n]"
12:51:19.507 [Forwarding newSession on session null to remote] DEBUG org.apache.http.wire - http-outgoing-17 << "cache-control:no-cache[\r][\n]"
12:51:19.507 [Forwarding newSession on session null to remote] DEBUG org.apache.http.wire - http-outgoing-17 << "[\r][\n]"
12:51:19.507 [Forwarding newSession on session null to remote] DEBUG org.apache.http.wire - http-outgoing-17 << "{"value":{"capabilities":{"acceptInsecureCerts":false,"browserName":"chrome","browserVersion":"80.0.3987.149","chrome":{"chromedriverVersion":"80.0.3987.106 (f68069574609230cf9b635cd784cfb1bf81bb53a-refs/branch-heads/3987@{#882})","userDataDir":"/var/folders/fs/0qxrqb5x7zg5dtqrhc9t0clm0000gn/T/.com.google.Chrome.DMLaMY"},"goog:chromeOptions":{"debuggerAddress":"localhost:60348"},"networkConnectionEnabled":false,"pageLoadStrategy":"normal","platformName":"mac os x","proxy":{},"setWindowRect":true,"strictFileInteractability":false,"timeouts":{"implicit":0,"pageLoad":300000,"script":30000},"unhandledPromptBehavior":"dismiss and notify"},"sessionId":"77ba92e8525854a1fdb3effb65dff676"}}"
12:51:19.507 [Forwarding newSession on session null to remote] DEBUG org.apache.http.headers - http-outgoing-17 << HTTP/1.1 200 OK
12:51:19.507 [Forwarding newSession on session null to remote] DEBUG org.apache.http.headers - http-outgoing-17 << Content-Length:690
12:51:19.507 [Forwarding newSession on session null to remote] DEBUG org.apache.http.headers - http-outgoing-17 << Content-Type:application/json; charset=utf-8
12:51:19.507 [Forwarding newSession on session null to remote] DEBUG org.apache.http.headers - http-outgoing-17 << cache-control:no-cache
12:51:19.507 [Forwarding newSession on session null to remote] DEBUG org.apache.http.impl.execchain.MainClientExec - Connection can be kept alive indefinitely
12:51:19.507 [Forwarding newSession on session null to remote] DEBUG org.apache.http.impl.conn.PoolingHttpClientConnectionManager - Connection [id: 17][route: {}->http://localhost:42539] can be kept alive indefinitely
12:51:19.507 [Forwarding newSession on session null to remote] DEBUG org.apache.http.impl.conn.PoolingHttpClientConnectionManager - Connection released: [id: 17][route: {}->http://localhost:42539][total kept alive: 18; route allocated: 1 of 2000; total allocated: 18 of 2000]
12:51:19.510 [Forwarding get on session 77ba92e8525854a1fdb3effb65dff676 to remote] DEBUG org.apache.http.client.protocol.RequestAddCookies - CookieSpec selected: default
12:51:19.510 [Forwarding get on session 77ba92e8525854a1fdb3effb65dff676 to remote] DEBUG org.apache.http.client.protocol.RequestAuthCache - Auth cache not set in the context
12:51:19.510 [Forwarding get on session 77ba92e8525854a1fdb3effb65dff676 to remote] DEBUG org.apache.http.impl.conn.PoolingHttpClientConnectionManager - Connection request: [route: {}->http://localhost:42539][total kept alive: 18; route allocated: 1 of 2000; total allocated: 18 of 2000]
12:51:19.510 [Forwarding get on session 77ba92e8525854a1fdb3effb65dff676 to remote] DEBUG org.apache.http.impl.conn.PoolingHttpClientConnectionManager - Connection leased: [id: 17][route: {}->http://localhost:42539][total kept alive: 17; route allocated: 1 of 2000; total allocated: 18 of 2000]
12:51:19.510 [Forwarding get on session 77ba92e8525854a1fdb3effb65dff676 to remote] DEBUG org.apache.http.impl.execchain.MainClientExec - Stale connection check
12:51:19.511 [Forwarding get on session 77ba92e8525854a1fdb3effb65dff676 to remote] DEBUG org.apache.http.wire - http-outgoing-17 << "[read] I/O error: Read timed out"
12:51:19.511 [Forwarding get on session 77ba92e8525854a1fdb3effb65dff676 to remote] DEBUG org.apache.http.impl.conn.DefaultManagedHttpClientConnection - http-outgoing-17: set socket timeout to 10800000
12:51:19.511 [Forwarding get on session 77ba92e8525854a1fdb3effb65dff676 to remote] DEBUG org.apache.http.impl.execchain.MainClientExec - Executing request POST /session/77ba92e8525854a1fdb3effb65dff676/url HTTP/1.1
12:51:19.511 [Forwarding get on session 77ba92e8525854a1fdb3effb65dff676 to remote] DEBUG org.apache.http.impl.execchain.MainClientExec - Target auth state: UNCHALLENGED
12:51:19.511 [Forwarding get on session 77ba92e8525854a1fdb3effb65dff676 to remote] DEBUG org.apache.http.impl.execchain.MainClientExec - Proxy auth state: UNCHALLENGED
12:51:19.511 [Forwarding get on session 77ba92e8525854a1fdb3effb65dff676 to remote] DEBUG org.apache.http.headers - http-outgoing-17 >> POST /session/77ba92e8525854a1fdb3effb65dff676/url HTTP/1.1
12:51:19.511 [Forwarding get on session 77ba92e8525854a1fdb3effb65dff676 to remote] DEBUG org.apache.http.headers - http-outgoing-17 >> Content-Type: application/json; charset=utf-8
12:51:19.511 [Forwarding get on session 77ba92e8525854a1fdb3effb65dff676 to remote] DEBUG org.apache.http.headers - http-outgoing-17 >> Content-Length: 50
12:51:19.511 [Forwarding get on session 77ba92e8525854a1fdb3effb65dff676 to remote] DEBUG org.apache.http.headers - http-outgoing-17 >> Host: localhost:42539
12:51:19.511 [Forwarding get on session 77ba92e8525854a1fdb3effb65dff676 to remote] DEBUG org.apache.http.headers - http-outgoing-17 >> Connection: Keep-Alive
12:51:19.511 [Forwarding get on session 77ba92e8525854a1fdb3effb65dff676 to remote] DEBUG org.apache.http.headers - http-outgoing-17 >> User-Agent: Apache-HttpClient/4.5.3 (Java/1.8.0_211)
12:51:19.511 [Forwarding get on session 77ba92e8525854a1fdb3effb65dff676 to remote] DEBUG org.apache.http.headers - http-outgoing-17 >> Accept-Encoding: gzip,deflate
12:51:19.511 [Forwarding get on session 77ba92e8525854a1fdb3effb65dff676 to remote] DEBUG org.apache.http.wire - http-outgoing-17 >> "POST /session/77ba92e8525854a1fdb3effb65dff676/url HTTP/1.1[\r][\n]"
12:51:19.511 [Forwarding get on session 77ba92e8525854a1fdb3effb65dff676 to remote] DEBUG org.apache.http.wire - http-outgoing-17 >> "Content-Type: application/json; charset=utf-8[\r][\n]"
12:51:19.511 [Forwarding get on session 77ba92e8525854a1fdb3effb65dff676 to remote] DEBUG org.apache.http.wire - http-outgoing-17 >> "Content-Length: 50[\r][\n]"
12:51:19.511 [Forwarding get on session 77ba92e8525854a1fdb3effb65dff676 to remote] DEBUG org.apache.http.wire - http-outgoing-17 >> "Host: localhost:42539[\r][\n]"
12:51:19.511 [Forwarding get on session 77ba92e8525854a1fdb3effb65dff676 to remote] DEBUG org.apache.http.wire - http-outgoing-17 >> "Connection: Keep-Alive[\r][\n]"
12:51:19.511 [Forwarding get on session 77ba92e8525854a1fdb3effb65dff676 to remote] DEBUG org.apache.http.wire - http-outgoing-17 >> "User-Agent: Apache-HttpClient/4.5.3 (Java/1.8.0_211)[\r][\n]"
12:51:19.511 [Forwarding get on session 77ba92e8525854a1fdb3effb65dff676 to remote] DEBUG org.apache.http.wire - http-outgoing-17 >> "Accept-Encoding: gzip,deflate[\r][\n]"
12:51:19.511 [Forwarding get on session 77ba92e8525854a1fdb3effb65dff676 to remote] DEBUG org.apache.http.wire - http-outgoing-17 >> "[\r][\n]"
12:51:19.511 [Forwarding get on session 77ba92e8525854a1fdb3effb65dff676 to remote] DEBUG org.apache.http.wire - http-outgoing-17 >> "{"url":"https://tronscan.org/#/blockchain/blocks"}"
12:51:21.999 [Forwarding get on session 77ba92e8525854a1fdb3effb65dff676 to remote] DEBUG org.apache.http.wire - http-outgoing-17 << "HTTP/1.1 200 OK[\r][\n]"
12:51:21.999 [Forwarding get on session 77ba92e8525854a1fdb3effb65dff676 to remote] DEBUG org.apache.http.wire - http-outgoing-17 << "Content-Length:14[\r][\n]"
12:51:21.999 [Forwarding get on session 77ba92e8525854a1fdb3effb65dff676 to remote] DEBUG org.apache.http.wire - http-outgoing-17 << "Content-Type:application/json; charset=utf-8[\r][\n]"
12:51:21.999 [Forwarding get on session 77ba92e8525854a1fdb3effb65dff676 to remote] DEBUG org.apache.http.wire - http-outgoing-17 << "cache-control:no-cache[\r][\n]"
12:51:21.999 [Forwarding get on session 77ba92e8525854a1fdb3effb65dff676 to remote] DEBUG org.apache.http.wire - http-outgoing-17 << "[\r][\n]"
12:51:21.999 [Forwarding get on session 77ba92e8525854a1fdb3effb65dff676 to remote] DEBUG org.apache.http.wire - http-outgoing-17 << "{"value":null}"
12:51:21.999 [Forwarding get on session 77ba92e8525854a1fdb3effb65dff676 to remote] DEBUG org.apache.http.headers - http-outgoing-17 << HTTP/1.1 200 OK
12:51:21.999 [Forwarding get on session 77ba92e8525854a1fdb3effb65dff676 to remote] DEBUG org.apache.http.headers - http-outgoing-17 << Content-Length:14
12:51:21.999 [Forwarding get on session 77ba92e8525854a1fdb3effb65dff676 to remote] DEBUG org.apache.http.headers - http-outgoing-17 << Content-Type:application/json; charset=utf-8
12:51:21.999 [Forwarding get on session 77ba92e8525854a1fdb3effb65dff676 to remote] DEBUG org.apache.http.headers - http-outgoing-17 << cache-control:no-cache
12:51:21.999 [Forwarding get on session 77ba92e8525854a1fdb3effb65dff676 to remote] DEBUG org.apache.http.impl.execchain.MainClientExec - Connection can be kept alive indefinitely
12:51:21.999 [Forwarding get on session 77ba92e8525854a1fdb3effb65dff676 to remote] DEBUG org.apache.http.impl.conn.PoolingHttpClientConnectionManager - Connection [id: 17][route: {}->http://localhost:42539] can be kept alive indefinitely
12:51:21.999 [Forwarding get on session 77ba92e8525854a1fdb3effb65dff676 to remote] DEBUG org.apache.http.impl.conn.PoolingHttpClientConnectionManager - Connection released: [id: 17][route: {}->http://localhost:42539][total kept alive: 18; route allocated: 1 of 2000; total allocated: 18 of 2000]
成功打开谷歌浏览器！
12:51:22.002 [Forwarding setTimeout on session 77ba92e8525854a1fdb3effb65dff676 to remote] DEBUG org.apache.http.client.protocol.RequestAddCookies - CookieSpec selected: default
12:51:22.002 [Forwarding setTimeout on session 77ba92e8525854a1fdb3effb65dff676 to remote] DEBUG org.apache.http.client.protocol.RequestAuthCache - Auth cache not set in the context
12:51:22.002 [Forwarding setTimeout on session 77ba92e8525854a1fdb3effb65dff676 to remote] DEBUG org.apache.http.impl.conn.PoolingHttpClientConnectionManager - Connection request: [route: {}->http://localhost:42539][total kept alive: 18; route allocated: 1 of 2000; total allocated: 18 of 2000]
12:51:22.002 [Forwarding setTimeout on session 77ba92e8525854a1fdb3effb65dff676 to remote] DEBUG org.apache.http.impl.conn.PoolingHttpClientConnectionManager - Connection leased: [id: 17][route: {}->http://localhost:42539][total kept alive: 17; route allocated: 1 of 2000; total allocated: 18 of 2000]
12:51:22.002 [Forwarding setTimeout on session 77ba92e8525854a1fdb3effb65dff676 to remote] DEBUG org.apache.http.impl.execchain.MainClientExec - Stale connection check
12:51:22.003 [Forwarding setTimeout on session 77ba92e8525854a1fdb3effb65dff676 to remote] DEBUG org.apache.http.wire - http-outgoing-17 << "[read] I/O error: Read timed out"
12:51:22.003 [Forwarding setTimeout on session 77ba92e8525854a1fdb3effb65dff676 to remote] DEBUG org.apache.http.impl.conn.DefaultManagedHttpClientConnection - http-outgoing-17: set socket timeout to 10800000
12:51:22.003 [Forwarding setTimeout on session 77ba92e8525854a1fdb3effb65dff676 to remote] DEBUG org.apache.http.impl.execchain.MainClientExec - Executing request POST /session/77ba92e8525854a1fdb3effb65dff676/timeouts HTTP/1.1
12:51:22.003 [Forwarding setTimeout on session 77ba92e8525854a1fdb3effb65dff676 to remote] DEBUG org.apache.http.impl.execchain.MainClientExec - Target auth state: UNCHALLENGED
12:51:22.003 [Forwarding setTimeout on session 77ba92e8525854a1fdb3effb65dff676 to remote] DEBUG org.apache.http.impl.execchain.MainClientExec - Proxy auth state: UNCHALLENGED
12:51:22.003 [Forwarding setTimeout on session 77ba92e8525854a1fdb3effb65dff676 to remote] DEBUG org.apache.http.headers - http-outgoing-17 >> POST /session/77ba92e8525854a1fdb3effb65dff676/timeouts HTTP/1.1
12:51:22.003 [Forwarding setTimeout on session 77ba92e8525854a1fdb3effb65dff676 to remote] DEBUG org.apache.http.headers - http-outgoing-17 >> Content-Type: application/json; charset=utf-8
12:51:22.003 [Forwarding setTimeout on session 77ba92e8525854a1fdb3effb65dff676 to remote] DEBUG org.apache.http.headers - http-outgoing-17 >> Content-Length: 18
12:51:22.003 [Forwarding setTimeout on session 77ba92e8525854a1fdb3effb65dff676 to remote] DEBUG org.apache.http.headers - http-outgoing-17 >> Host: localhost:42539
12:51:22.003 [Forwarding setTimeout on session 77ba92e8525854a1fdb3effb65dff676 to remote] DEBUG org.apache.http.headers - http-outgoing-17 >> Connection: Keep-Alive
12:51:22.003 [Forwarding setTimeout on session 77ba92e8525854a1fdb3effb65dff676 to remote] DEBUG org.apache.http.headers - http-outgoing-17 >> User-Agent: Apache-HttpClient/4.5.3 (Java/1.8.0_211)
12:51:22.003 [Forwarding setTimeout on session 77ba92e8525854a1fdb3effb65dff676 to remote] DEBUG org.apache.http.headers - http-outgoing-17 >> Accept-Encoding: gzip,deflate
12:51:22.003 [Forwarding setTimeout on session 77ba92e8525854a1fdb3effb65dff676 to remote] DEBUG org.apache.http.wire - http-outgoing-17 >> "POST /session/77ba92e8525854a1fdb3effb65dff676/timeouts HTTP/1.1[\r][\n]"
12:51:22.003 [Forwarding setTimeout on session 77ba92e8525854a1fdb3effb65dff676 to remote] DEBUG org.apache.http.wire - http-outgoing-17 >> "Content-Type: application/json; charset=utf-8[\r][\n]"
12:51:22.003 [Forwarding setTimeout on session 77ba92e8525854a1fdb3effb65dff676 to remote] DEBUG org.apache.http.wire - http-outgoing-17 >> "Content-Length: 18[\r][\n]"
12:51:22.003 [Forwarding setTimeout on session 77ba92e8525854a1fdb3effb65dff676 to remote] DEBUG org.apache.http.wire - http-outgoing-17 >> "Host: localhost:42539[\r][\n]"
12:51:22.003 [Forwarding setTimeout on session 77ba92e8525854a1fdb3effb65dff676 to remote] DEBUG org.apache.http.wire - http-outgoing-17 >> "Connection: Keep-Alive[\r][\n]"
12:51:22.003 [Forwarding setTimeout on session 77ba92e8525854a1fdb3effb65dff676 to remote] DEBUG org.apache.http.wire - http-outgoing-17 >> "User-Agent: Apache-HttpClient/4.5.3 (Java/1.8.0_211)[\r][\n]"
12:51:22.003 [Forwarding setTimeout on session 77ba92e8525854a1fdb3effb65dff676 to remote] DEBUG org.apache.http.wire - http-outgoing-17 >> "Accept-Encoding: gzip,deflate[\r][\n]"
12:51:22.003 [Forwarding setTimeout on session 77ba92e8525854a1fdb3effb65dff676 to remote] DEBUG org.apache.http.wire - http-outgoing-17 >> "[\r][\n]"
12:51:22.003 [Forwarding setTimeout on session 77ba92e8525854a1fdb3effb65dff676 to remote] DEBUG org.apache.http.wire - http-outgoing-17 >> "{"implicit":10000}"
12:51:22.004 [Forwarding setTimeout on session 77ba92e8525854a1fdb3effb65dff676 to remote] DEBUG org.apache.http.wire - http-outgoing-17 << "HTTP/1.1 200 OK[\r][\n]"
12:51:22.004 [Forwarding setTimeout on session 77ba92e8525854a1fdb3effb65dff676 to remote] DEBUG org.apache.http.wire - http-outgoing-17 << "Content-Length:14[\r][\n]"
12:51:22.004 [Forwarding setTimeout on session 77ba92e8525854a1fdb3effb65dff676 to remote] DEBUG org.apache.http.wire - http-outgoing-17 << "Content-Type:application/json; charset=utf-8[\r][\n]"
12:51:22.004 [Forwarding setTimeout on session 77ba92e8525854a1fdb3effb65dff676 to remote] DEBUG org.apache.http.wire - http-outgoing-17 << "cache-control:no-cache[\r][\n]"
12:51:22.004 [Forwarding setTimeout on session 77ba92e8525854a1fdb3effb65dff676 to remote] DEBUG org.apache.http.wire - http-outgoing-17 << "[\r][\n]"
12:51:22.004 [Forwarding setTimeout on session 77ba92e8525854a1fdb3effb65dff676 to remote] DEBUG org.apache.http.wire - http-outgoing-17 << "{"value":null}"
12:51:22.004 [Forwarding setTimeout on session 77ba92e8525854a1fdb3effb65dff676 to remote] DEBUG org.apache.http.headers - http-outgoing-17 << HTTP/1.1 200 OK
12:51:22.004 [Forwarding setTimeout on session 77ba92e8525854a1fdb3effb65dff676 to remote] DEBUG org.apache.http.headers - http-outgoing-17 << Content-Length:14
12:51:22.004 [Forwarding setTimeout on session 77ba92e8525854a1fdb3effb65dff676 to remote] DEBUG org.apache.http.headers - http-outgoing-17 << Content-Type:application/json; charset=utf-8
12:51:22.004 [Forwarding setTimeout on session 77ba92e8525854a1fdb3effb65dff676 to remote] DEBUG org.apache.http.headers - http-outgoing-17 << cache-control:no-cache
12:51:22.004 [Forwarding setTimeout on session 77ba92e8525854a1fdb3effb65dff676 to remote] DEBUG org.apache.http.impl.execchain.MainClientExec - Connection can be kept alive indefinitely
12:51:22.004 [Forwarding setTimeout on session 77ba92e8525854a1fdb3effb65dff676 to remote] DEBUG org.apache.http.impl.conn.PoolingHttpClientConnectionManager - Connection [id: 17][route: {}->http://localhost:42539] can be kept alive indefinitely
12:51:22.004 [Forwarding setTimeout on session 77ba92e8525854a1fdb3effb65dff676 to remote] DEBUG org.apache.http.impl.conn.PoolingHttpClientConnectionManager - Connection released: [id: 17][route: {}->http://localhost:42539][total kept alive: 18; route allocated: 1 of 2000; total allocated: 18 of 2000]
12:51:22.010 [Forwarding findElement on session 77ba92e8525854a1fdb3effb65dff676 to remote] DEBUG org.apache.http.client.protocol.RequestAddCookies - CookieSpec selected: default
12:51:22.010 [Forwarding findElement on session 77ba92e8525854a1fdb3effb65dff676 to remote] DEBUG org.apache.http.client.protocol.RequestAuthCache - Auth cache not set in the context
12:51:22.010 [Forwarding findElement on session 77ba92e8525854a1fdb3effb65dff676 to remote] DEBUG org.apache.http.impl.conn.PoolingHttpClientConnectionManager - Connection request: [route: {}->http://localhost:42539][total kept alive: 18; route allocated: 1 of 2000; total allocated: 18 of 2000]
12:51:22.010 [Forwarding findElement on session 77ba92e8525854a1fdb3effb65dff676 to remote] DEBUG org.apache.http.impl.conn.PoolingHttpClientConnectionManager - Connection leased: [id: 17][route: {}->http://localhost:42539][total kept alive: 17; route allocated: 1 of 2000; total allocated: 18 of 2000]
12:51:22.010 [Forwarding findElement on session 77ba92e8525854a1fdb3effb65dff676 to remote] DEBUG org.apache.http.impl.execchain.MainClientExec - Stale connection check
12:51:22.011 [Forwarding findElement on session 77ba92e8525854a1fdb3effb65dff676 to remote] DEBUG org.apache.http.wire - http-outgoing-17 << "[read] I/O error: Read timed out"
12:51:22.011 [Forwarding findElement on session 77ba92e8525854a1fdb3effb65dff676 to remote] DEBUG org.apache.http.impl.conn.DefaultManagedHttpClientConnection - http-outgoing-17: set socket timeout to 10800000
12:51:22.011 [Forwarding findElement on session 77ba92e8525854a1fdb3effb65dff676 to remote] DEBUG org.apache.http.impl.execchain.MainClientExec - Executing request POST /session/77ba92e8525854a1fdb3effb65dff676/element HTTP/1.1
12:51:22.011 [Forwarding findElement on session 77ba92e8525854a1fdb3effb65dff676 to remote] DEBUG org.apache.http.impl.execchain.MainClientExec - Target auth state: UNCHALLENGED
12:51:22.011 [Forwarding findElement on session 77ba92e8525854a1fdb3effb65dff676 to remote] DEBUG org.apache.http.impl.execchain.MainClientExec - Proxy auth state: UNCHALLENGED
12:51:22.011 [Forwarding findElement on session 77ba92e8525854a1fdb3effb65dff676 to remote] DEBUG org.apache.http.headers - http-outgoing-17 >> POST /session/77ba92e8525854a1fdb3effb65dff676/element HTTP/1.1
12:51:22.011 [Forwarding findElement on session 77ba92e8525854a1fdb3effb65dff676 to remote] DEBUG org.apache.http.headers - http-outgoing-17 >> Content-Type: application/json; charset=utf-8
12:51:22.011 [Forwarding findElement on session 77ba92e8525854a1fdb3effb65dff676 to remote] DEBUG org.apache.http.headers - http-outgoing-17 >> Content-Length: 76
12:51:22.011 [Forwarding findElement on session 77ba92e8525854a1fdb3effb65dff676 to remote] DEBUG org.apache.http.headers - http-outgoing-17 >> Host: localhost:42539
12:51:22.011 [Forwarding findElement on session 77ba92e8525854a1fdb3effb65dff676 to remote] DEBUG org.apache.http.headers - http-outgoing-17 >> Connection: Keep-Alive
12:51:22.011 [Forwarding findElement on session 77ba92e8525854a1fdb3effb65dff676 to remote] DEBUG org.apache.http.headers - http-outgoing-17 >> User-Agent: Apache-HttpClient/4.5.3 (Java/1.8.0_211)
12:51:22.011 [Forwarding findElement on session 77ba92e8525854a1fdb3effb65dff676 to remote] DEBUG org.apache.http.headers - http-outgoing-17 >> Accept-Encoding: gzip,deflate
12:51:22.011 [Forwarding findElement on session 77ba92e8525854a1fdb3effb65dff676 to remote] DEBUG org.apache.http.wire - http-outgoing-17 >> "POST /session/77ba92e8525854a1fdb3effb65dff676/element HTTP/1.1[\r][\n]"
12:51:22.011 [Forwarding findElement on session 77ba92e8525854a1fdb3effb65dff676 to remote] DEBUG org.apache.http.wire - http-outgoing-17 >> "Content-Type: application/json; charset=utf-8[\r][\n]"
12:51:22.011 [Forwarding findElement on session 77ba92e8525854a1fdb3effb65dff676 to remote] DEBUG org.apache.http.wire - http-outgoing-17 >> "Content-Length: 76[\r][\n]"
12:51:22.011 [Forwarding findElement on session 77ba92e8525854a1fdb3effb65dff676 to remote] DEBUG org.apache.http.wire - http-outgoing-17 >> "Host: localhost:42539[\r][\n]"
12:51:22.011 [Forwarding findElement on session 77ba92e8525854a1fdb3effb65dff676 to remote] DEBUG org.apache.http.wire - http-outgoing-17 >> "Connection: Keep-Alive[\r][\n]"
12:51:22.011 [Forwarding findElement on session 77ba92e8525854a1fdb3effb65dff676 to remote] DEBUG org.apache.http.wire - http-outgoing-17 >> "User-Agent: Apache-HttpClient/4.5.3 (Java/1.8.0_211)[\r][\n]"
12:51:22.011 [Forwarding findElement on session 77ba92e8525854a1fdb3effb65dff676 to remote] DEBUG org.apache.http.wire - http-outgoing-17 >> "Accept-Encoding: gzip,deflate[\r][\n]"
12:51:22.011 [Forwarding findElement on session 77ba92e8525854a1fdb3effb65dff676 to remote] DEBUG org.apache.http.wire - http-outgoing-17 >> "[\r][\n]"
12:51:22.011 [Forwarding findElement on session 77ba92e8525854a1fdb3effb65dff676 to remote] DEBUG org.apache.http.wire - http-outgoing-17 >> "{"value":"//*[@id=\"root\"]/main/div/div/div[1]/div/text()","using":"xpath"}"
12:51:22.025 [Forwarding findElement on session 77ba92e8525854a1fdb3effb65dff676 to remote] DEBUG org.apache.http.wire - http-outgoing-17 << "HTTP/1.1 400 Bad Request[\r][\n]"
12:51:22.025 [Forwarding findElement on session 77ba92e8525854a1fdb3effb65dff676 to remote] DEBUG org.apache.http.wire - http-outgoing-17 << "Content-Length:2147[\r][\n]"
12:51:22.025 [Forwarding findElement on session 77ba92e8525854a1fdb3effb65dff676 to remote] DEBUG org.apache.http.wire - http-outgoing-17 << "Content-Type:application/json; charset=utf-8[\r][\n]"
12:51:22.025 [Forwarding findElement on session 77ba92e8525854a1fdb3effb65dff676 to remote] DEBUG org.apache.http.wire - http-outgoing-17 << "cache-control:no-cache[\r][\n]"
12:51:22.025 [Forwarding findElement on session 77ba92e8525854a1fdb3effb65dff676 to remote] DEBUG org.apache.http.wire - http-outgoing-17 << "[\r][\n]"
12:51:22.025 [Forwarding findElement on session 77ba92e8525854a1fdb3effb65dff676 to remote] DEBUG org.apache.http.wire - http-outgoing-17 << "{"value":{"error":"invalid selector","message":"invalid selector: The result of the xpath expression \"//*[@id=\"root\"]/main/div/div/div[1]/div/text()\" is: [object Text]. It should be an element.\n  (Session info: chrome=80.0.3987.149)","stacktrace":"0   chromedriver                        0x000000010ebc2329 chromedriver + 3838761\n1   chromedriver                        0x000000010eb5c123 chromedriver + 3420451\n2   chromedriver                        0x000000010e8d062f chromedriver + 751151\n3   chromedriver                        0x000000010e8d3505 chromedriver + 763141\n4   chromedriver                        0x000000010e8d331e chromedriver + 762654\n5   chromedriver                        0x000000010e8d3597 chromedriver + 763287\n6   chromedriver                        0x000000010e83dda4 chromedriver + 150948\n7   chromedriver                        0x000000010e869297 chromedriver + 328343\n8   chromedriver                        0x000000010e85a4ed chromedriver + 267501\n9   chromedriver                        0x000000010e86738b chromedriver + 320395\n10  chromedriver                        0x000000010e85a7b3 chromedriver + 268211\n11  chromedriver                        0x000000010e8340bd chromedriver + 110781\n12  chromedriver                        0x000000010e835055 chromedriver + 114773\n13  chromedriver                        0x000000010eb83ebf chromedriver + 3583679\n14  chromedriver                        0x000000010eb90e4a chromedriver + 3636810\n15  chromedriver                        0x000000010eb90be7 chromedriver + 3636199\n16  chromedriver                        0x000000010eb67839 chromedriver + 3467321\n17  chromedriver                        0x000000010eb91707 chromedriver + 3639047\n18  chromedriver                        0x000000010eb79cc7 chromedriver + 3542215\n19  chromedriver                        0x000000010eba7324 chromedriver + 3728164\n20  chromedriver                        0x000000010ebc8387 chromedriver + 3863431\n21  libsystem_pthread.dylib             0x00007fff6e23ee65 _pthread_start + 148\n22  libsystem_pthread.dylib             0x00007fff6e23a83b thread_start + 15\n"}}"
12:51:22.025 [Forwarding findElement on session 77ba92e8525854a1fdb3effb65dff676 to remote] DEBUG org.apache.http.headers - http-outgoing-17 << HTTP/1.1 400 Bad Request
12:51:22.025 [Forwarding findElement on session 77ba92e8525854a1fdb3effb65dff676 to remote] DEBUG org.apache.http.headers - http-outgoing-17 << Content-Length:2147
12:51:22.025 [Forwarding findElement on session 77ba92e8525854a1fdb3effb65dff676 to remote] DEBUG org.apache.http.headers - http-outgoing-17 << Content-Type:application/json; charset=utf-8
12:51:22.025 [Forwarding findElement on session 77ba92e8525854a1fdb3effb65dff676 to remote] DEBUG org.apache.http.headers - http-outgoing-17 << cache-control:no-cache
12:51:22.025 [Forwarding findElement on session 77ba92e8525854a1fdb3effb65dff676 to remote] DEBUG org.apache.http.impl.execchain.MainClientExec - Connection can be kept alive indefinitely
12:51:22.026 [Forwarding findElement on session 77ba92e8525854a1fdb3effb65dff676 to remote] DEBUG org.apache.http.impl.conn.PoolingHttpClientConnectionManager - Connection [id: 17][route: {}->http://localhost:42539] can be kept alive indefinitely
12:51:22.026 [Forwarding findElement on session 77ba92e8525854a1fdb3effb65dff676 to remote] DEBUG org.apache.http.impl.conn.PoolingHttpClientConnectionManager - Connection released: [id: 17][route: {}->http://localhost:42539][total kept alive: 18; route allocated: 1 of 2000; total allocated: 18 of 2000]
]]></system-out>
  <system-err><![CDATA[Starting ChromeDriver 80.0.3987.106 (f68069574609230cf9b635cd784cfb1bf81bb53a-refs/branch-heads/3987@{#882}) on port 42539
Only local connections are allowed.
Please protect ports used by ChromeDriver and related test frameworks to prevent access by malicious code.
[1584679878.893][WARNING]: FromSockAddr failed on netmask
三月 20, 2020 12:51:19 下午 org.openqa.selenium.remote.ProtocolHandshake createSession
信息: Detected dialect: W3C
[1584679880.200][SEVERE]: Timed out receiving message from renderer: 0.100
[1584679880.300][SEVERE]: Timed out receiving message from renderer: 0.100
[1584679880.438][SEVERE]: Timed out receiving message from renderer: 0.100
[1584679880.546][SEVERE]: Timed out receiving message from renderer: 0.100
[1584679880.648][SEVERE]: Timed out receiving message from renderer: 0.100
[1584679880.749][SEVERE]: Timed out receiving message from renderer: 0.100
[1584679880.850][SEVERE]: Timed out receiving message from renderer: 0.100
[1584679880.952][SEVERE]: Timed out receiving message from renderer: 0.100
[1584679881.053][SEVERE]: Timed out receiving message from renderer: 0.100
[1584679881.333][SEVERE]: Timed out receiving message from renderer: 0.100
[1584679881.434][SEVERE]: Timed out receiving message from renderer: 0.100
[1584679881.720][SEVERE]: Timed out receiving message from renderer: 0.100
[1584679881.822][SEVERE]: Timed out receiving message from renderer: 0.100
[1584679881.923][SEVERE]: Timed out receiving message from renderer: 0.100
]]></system-err>
</testsuite>
