<?xml version="1.0" encoding="UTF-8"?>
<testsuite name="tron.tronscan.tronscanUI.FreezeByOthersTest" tests="2" skipped="0" failures="1" errors="0" timestamp="2020-03-20T04:52:05" hostname="zhukaideiMac.local" time="5.963">
  <properties/>
  <testcase name="test" classname="tron.tronscan.tronscanUI.FreezeByOthersTest" time="5.946"/>
  <testcase name="testEnery" classname="tron.tronscan.tronscanUI.FreezeByOthersTest" time="0.017">
    <failure message="org.openqa.selenium.NoSuchSessionException: invalid session id&#10;Build info: version: '3.6.0', revision: '6fbf3ec767', time: '2017-09-27T15:28:36.4Z'&#10;System info: host: 'zhukaideiMac.local', ip: '127.0.0.1', os.name: 'Mac OS X', os.arch: 'x86_64', os.version: '10.15.3', java.version: '1.8.0_211'&#10;Driver info: org.openqa.selenium.chrome.ChromeDriver&#10;Capabilities [{networkConnectionEnabled=false, chrome={chromedriverVersion=80.0.3987.106 (f68069574609230cf9b635cd784cfb1bf81bb53a-refs/branch-heads/3987@{#882}), userDataDir=/var/folders/fs/0qxrqb5x7zg5dtqrhc9t0clm0000gn/T/.com.google.Chrome.cCfA0f}, timeouts={implicit=0, pageLoad=300000, script=30000}, pageLoadStrategy=normal, unhandledPromptBehavior=dismiss and notify, strictFileInteractability=false, platform=MAC, proxy=Proxy(), goog:chromeOptions={debuggerAddress=localhost:60662}, acceptInsecureCerts=false, browserVersion=80.0.3987.149, browserName=chrome, javascriptEnabled=true, platformName=MAC, setWindowRect=true}]&#10;Session ID: e96a05459a4fc14f92751217d7c87b39" type="org.openqa.selenium.NoSuchSessionException">org.openqa.selenium.NoSuchSessionException: invalid session id
Build info: version: '3.6.0', revision: '6fbf3ec767', time: '2017-09-27T15:28:36.4Z'
System info: host: 'zhukaideiMac.local', ip: '127.0.0.1', os.name: 'Mac OS X', os.arch: 'x86_64', os.version: '10.15.3', java.version: '1.8.0_211'
Driver info: org.openqa.selenium.chrome.ChromeDriver
Capabilities [{networkConnectionEnabled=false, chrome={chromedriverVersion=80.0.3987.106 (f68069574609230cf9b635cd784cfb1bf81bb53a-refs/branch-heads/3987@{#882}), userDataDir=/var/folders/fs/0qxrqb5x7zg5dtqrhc9t0clm0000gn/T/.com.google.Chrome.cCfA0f}, timeouts={implicit=0, pageLoad=300000, script=30000}, pageLoadStrategy=normal, unhandledPromptBehavior=dismiss and notify, strictFileInteractability=false, platform=MAC, proxy=Proxy(), goog:chromeOptions={debuggerAddress=localhost:60662}, acceptInsecureCerts=false, browserVersion=80.0.3987.149, browserName=chrome, javascriptEnabled=true, platformName=MAC, setWindowRect=true}]
Session ID: e96a05459a4fc14f92751217d7c87b39
	at sun.reflect.NativeConstructorAccessorImpl.newInstance0(Native Method)
	at sun.reflect.NativeConstructorAccessorImpl.newInstance(NativeConstructorAccessorImpl.java:62)
	at sun.reflect.DelegatingConstructorAccessorImpl.newInstance(DelegatingConstructorAccessorImpl.java:45)
	at java.lang.reflect.Constructor.newInstance(Constructor.java:423)
	at org.openqa.selenium.remote.http.W3CHttpResponseCodec.createException(W3CHttpResponseCodec.java:185)
	at org.openqa.selenium.remote.http.W3CHttpResponseCodec.decode(W3CHttpResponseCodec.java:120)
	at org.openqa.selenium.remote.http.W3CHttpResponseCodec.decode(W3CHttpResponseCodec.java:49)
	at org.openqa.selenium.remote.HttpCommandExecutor.execute(HttpCommandExecutor.java:164)
	at org.openqa.selenium.remote.service.DriverCommandExecutor.execute(DriverCommandExecutor.java:83)
	at org.openqa.selenium.remote.RemoteWebDriver.execute(RemoteWebDriver.java:586)
	at org.openqa.selenium.remote.RemoteWebDriver$RemoteWebDriverOptions$RemoteWindow.setSize(RemoteWebDriver.java:842)
	at tron.common.utils.Step.login(Step.java:20)
	at tron.tronscan.tronscanUI.FreezeByOthersTest.testEnery(FreezeByOthersTest.java:58)
	at sun.reflect.NativeMethodAccessorImpl.invoke0(Native Method)
	at sun.reflect.NativeMethodAccessorImpl.invoke(NativeMethodAccessorImpl.java:62)
	at sun.reflect.DelegatingMethodAccessorImpl.invoke(DelegatingMethodAccessorImpl.java:43)
	at java.lang.reflect.Method.invoke(Method.java:498)
	at org.testng.internal.MethodInvocationHelper.invokeMethod(MethodInvocationHelper.java:124)
	at org.testng.internal.Invoker.invokeMethod(Invoker.java:583)
	at org.testng.internal.Invoker.invokeTestMethod(Invoker.java:719)
	at org.testng.internal.Invoker.invokeTestMethods(Invoker.java:989)
	at org.testng.internal.TestMethodWorker.invokeTestMethods(TestMethodWorker.java:125)
	at org.testng.internal.TestMethodWorker.run(TestMethodWorker.java:109)
	at org.testng.TestRunner.privateRun(TestRunner.java:648)
	at org.testng.TestRunner.run(TestRunner.java:505)
	at org.testng.SuiteRunner.runTest(SuiteRunner.java:455)
	at org.testng.SuiteRunner.runSequentially(SuiteRunner.java:450)
	at org.testng.SuiteRunner.privateRun(SuiteRunner.java:415)
	at org.testng.SuiteRunner.run(SuiteRunner.java:364)
	at org.testng.SuiteRunnerWorker.runSuite(SuiteRunnerWorker.java:52)
	at org.testng.SuiteRunnerWorker.run(SuiteRunnerWorker.java:84)
	at org.testng.TestNG.runSuitesSequentially(TestNG.java:1208)
	at org.testng.TestNG.runSuitesLocally(TestNG.java:1137)
	at org.testng.TestNG.runSuites(TestNG.java:1049)
	at org.testng.TestNG.run(TestNG.java:1017)
	at org.gradle.api.internal.tasks.testing.testng.TestNGTestClassProcessor.runTests(TestNGTestClassProcessor.java:139)
	at org.gradle.api.internal.tasks.testing.testng.TestNGTestClassProcessor.stop(TestNGTestClassProcessor.java:89)
	at org.gradle.api.internal.tasks.testing.SuiteTestClassProcessor.stop(SuiteTestClassProcessor.java:61)
	at sun.reflect.NativeMethodAccessorImpl.invoke0(Native Method)
	at sun.reflect.NativeMethodAccessorImpl.invoke(NativeMethodAccessorImpl.java:62)
	at sun.reflect.DelegatingMethodAccessorImpl.invoke(DelegatingMethodAccessorImpl.java:43)
	at java.lang.reflect.Method.invoke(Method.java:498)
	at org.gradle.internal.dispatch.ReflectionDispatch.dispatch(ReflectionDispatch.java:35)
	at org.gradle.internal.dispatch.ReflectionDispatch.dispatch(ReflectionDispatch.java:24)
	at org.gradle.internal.dispatch.ContextClassLoaderDispatch.dispatch(ContextClassLoaderDispatch.java:32)
	at org.gradle.internal.dispatch.ProxyDispatchAdapter$DispatchingInvocationHandler.invoke(ProxyDispatchAdapter.java:93)
	at com.sun.proxy.$Proxy2.stop(Unknown Source)
	at org.gradle.api.internal.tasks.testing.worker.TestWorker.stop(TestWorker.java:131)
	at sun.reflect.NativeMethodAccessorImpl.invoke0(Native Method)
	at sun.reflect.NativeMethodAccessorImpl.invoke(NativeMethodAccessorImpl.java:62)
	at sun.reflect.DelegatingMethodAccessorImpl.invoke(DelegatingMethodAccessorImpl.java:43)
	at java.lang.reflect.Method.invoke(Method.java:498)
	at org.gradle.internal.dispatch.ReflectionDispatch.dispatch(ReflectionDispatch.java:35)
	at org.gradle.internal.dispatch.ReflectionDispatch.dispatch(ReflectionDispatch.java:24)
	at org.gradle.internal.remote.internal.hub.MessageHubBackedObjectConnection$DispatchWrapper.dispatch(MessageHubBackedObjectConnection.java:155)
	at org.gradle.internal.remote.internal.hub.MessageHubBackedObjectConnection$DispatchWrapper.dispatch(MessageHubBackedObjectConnection.java:137)
	at org.gradle.internal.remote.internal.hub.MessageHub$Handler.run(MessageHub.java:404)
	at org.gradle.internal.concurrent.ExecutorPolicy$CatchAndRecordFailures.onExecute(ExecutorPolicy.java:63)
	at org.gradle.internal.concurrent.ManagedExecutorImpl$1.run(ManagedExecutorImpl.java:46)
	at java.util.concurrent.ThreadPoolExecutor.runWorker(ThreadPoolExecutor.java:1149)
	at java.util.concurrent.ThreadPoolExecutor$Worker.run(ThreadPoolExecutor.java:624)
	at org.gradle.internal.concurrent.ThreadFactoryImpl$ManagedThreadRunnable.run(ThreadFactoryImpl.java:55)
	at java.lang.Thread.run(Thread.java:748)
</failure>
  </testcase>
  <system-out><![CDATA[12:52:01.350 [Forwarding newSession on session null to remote] DEBUG org.apache.http.client.protocol.RequestAddCookies - CookieSpec selected: default
12:52:01.350 [Forwarding newSession on session null to remote] DEBUG org.apache.http.client.protocol.RequestAuthCache - Auth cache not set in the context
12:52:01.350 [Forwarding newSession on session null to remote] DEBUG org.apache.http.impl.conn.PoolingHttpClientConnectionManager - Connection request: [route: {}->http://localhost:34178][total kept alive: 2; route allocated: 0 of 2000; total allocated: 2 of 2000]
12:52:01.350 [Forwarding newSession on session null to remote] DEBUG org.apache.http.impl.conn.PoolingHttpClientConnectionManager - Connection leased: [id: 20][route: {}->http://localhost:34178][total kept alive: 2; route allocated: 1 of 2000; total allocated: 3 of 2000]
12:52:01.350 [Forwarding newSession on session null to remote] DEBUG org.apache.http.impl.execchain.MainClientExec - Opening connection {}->http://localhost:34178
12:52:01.350 [Forwarding newSession on session null to remote] DEBUG org.apache.http.impl.conn.DefaultHttpClientConnectionOperator - Connecting to localhost/127.0.0.1:34178
12:52:01.350 [Forwarding newSession on session null to remote] DEBUG org.apache.http.impl.conn.DefaultHttpClientConnectionOperator - Connection established 127.0.0.1:60657<->127.0.0.1:34178
12:52:01.350 [Forwarding newSession on session null to remote] DEBUG org.apache.http.impl.conn.DefaultManagedHttpClientConnection - http-outgoing-20: set socket timeout to 10800000
12:52:01.350 [Forwarding newSession on session null to remote] DEBUG org.apache.http.impl.execchain.MainClientExec - Executing request POST /session HTTP/1.1
12:52:01.350 [Forwarding newSession on session null to remote] DEBUG org.apache.http.impl.execchain.MainClientExec - Target auth state: UNCHALLENGED
12:52:01.350 [Forwarding newSession on session null to remote] DEBUG org.apache.http.impl.execchain.MainClientExec - Proxy auth state: UNCHALLENGED
12:52:01.350 [Forwarding newSession on session null to remote] DEBUG org.apache.http.headers - http-outgoing-20 >> POST /session HTTP/1.1
12:52:01.350 [Forwarding newSession on session null to remote] DEBUG org.apache.http.headers - http-outgoing-20 >> Content-Type: application/json; charset=utf-8
12:52:01.350 [Forwarding newSession on session null to remote] DEBUG org.apache.http.headers - http-outgoing-20 >> Content-Length: 560
12:52:01.350 [Forwarding newSession on session null to remote] DEBUG org.apache.http.headers - http-outgoing-20 >> Host: localhost:34178
12:52:01.350 [Forwarding newSession on session null to remote] DEBUG org.apache.http.headers - http-outgoing-20 >> Connection: Keep-Alive
12:52:01.350 [Forwarding newSession on session null to remote] DEBUG org.apache.http.headers - http-outgoing-20 >> User-Agent: Apache-HttpClient/4.5.3 (Java/1.8.0_211)
12:52:01.350 [Forwarding newSession on session null to remote] DEBUG org.apache.http.headers - http-outgoing-20 >> Accept-Encoding: gzip,deflate
12:52:01.350 [Forwarding newSession on session null to remote] DEBUG org.apache.http.wire - http-outgoing-20 >> "POST /session HTTP/1.1[\r][\n]"
12:52:01.350 [Forwarding newSession on session null to remote] DEBUG org.apache.http.wire - http-outgoing-20 >> "Content-Type: application/json; charset=utf-8[\r][\n]"
12:52:01.351 [Forwarding newSession on session null to remote] DEBUG org.apache.http.wire - http-outgoing-20 >> "Content-Length: 560[\r][\n]"
12:52:01.351 [Forwarding newSession on session null to remote] DEBUG org.apache.http.wire - http-outgoing-20 >> "Host: localhost:34178[\r][\n]"
12:52:01.351 [Forwarding newSession on session null to remote] DEBUG org.apache.http.wire - http-outgoing-20 >> "Connection: Keep-Alive[\r][\n]"
12:52:01.351 [Forwarding newSession on session null to remote] DEBUG org.apache.http.wire - http-outgoing-20 >> "User-Agent: Apache-HttpClient/4.5.3 (Java/1.8.0_211)[\r][\n]"
12:52:01.351 [Forwarding newSession on session null to remote] DEBUG org.apache.http.wire - http-outgoing-20 >> "Accept-Encoding: gzip,deflate[\r][\n]"
12:52:01.351 [Forwarding newSession on session null to remote] DEBUG org.apache.http.wire - http-outgoing-20 >> "[\r][\n]"
12:52:01.351 [Forwarding newSession on session null to remote] DEBUG org.apache.http.wire - http-outgoing-20 >> "{[\n]"
12:52:01.351 [Forwarding newSession on session null to remote] DEBUG org.apache.http.wire - http-outgoing-20 >> "  "desiredCapabilities": {[\n]"
12:52:01.351 [Forwarding newSession on session null to remote] DEBUG org.apache.http.wire - http-outgoing-20 >> "    "browserName": "chrome",[\n]"
12:52:01.351 [Forwarding newSession on session null to remote] DEBUG org.apache.http.wire - http-outgoing-20 >> "    "goog:chromeOptions": {[\n]"
12:52:01.351 [Forwarding newSession on session null to remote] DEBUG org.apache.http.wire - http-outgoing-20 >> "      "args": [],[\n]"
12:52:01.351 [Forwarding newSession on session null to remote] DEBUG org.apache.http.wire - http-outgoing-20 >> "      "extensions": [][\n]"
12:52:01.351 [Forwarding newSession on session null to remote] DEBUG org.apache.http.wire - http-outgoing-20 >> "    }[\n]"
12:52:01.351 [Forwarding newSession on session null to remote] DEBUG org.apache.http.wire - http-outgoing-20 >> "  },[\n]"
12:52:01.351 [Forwarding newSession on session null to remote] DEBUG org.apache.http.wire - http-outgoing-20 >> "  "requiredCapabilities": {},[\n]"
12:52:01.351 [Forwarding newSession on session null to remote] DEBUG org.apache.http.wire - http-outgoing-20 >> "  "capabilities": {[\n]"
12:52:01.351 [Forwarding newSession on session null to remote] DEBUG org.apache.http.wire - http-outgoing-20 >> "    "desiredCapabilities": {[\n]"
12:52:01.351 [Forwarding newSession on session null to remote] DEBUG org.apache.http.wire - http-outgoing-20 >> "      "browserName": "chrome",[\n]"
12:52:01.351 [Forwarding newSession on session null to remote] DEBUG org.apache.http.wire - http-outgoing-20 >> "      "goog:chromeOptions": {[\n]"
12:52:01.351 [Forwarding newSession on session null to remote] DEBUG org.apache.http.wire - http-outgoing-20 >> "        "args": [],[\n]"
12:52:01.351 [Forwarding newSession on session null to remote] DEBUG org.apache.http.wire - http-outgoing-20 >> "        "extensions": [][\n]"
12:52:01.351 [Forwarding newSession on session null to remote] DEBUG org.apache.http.wire - http-outgoing-20 >> "      }[\n]"
12:52:01.351 [Forwarding newSession on session null to remote] DEBUG org.apache.http.wire - http-outgoing-20 >> "    },[\n]"
12:52:01.351 [Forwarding newSession on session null to remote] DEBUG org.apache.http.wire - http-outgoing-20 >> "    "requiredCapabilities": {},[\n]"
12:52:01.351 [Forwarding newSession on session null to remote] DEBUG org.apache.http.wire - http-outgoing-20 >> "    "alwaysMatch": {[\n]"
12:52:01.351 [Forwarding newSession on session null to remote] DEBUG org.apache.http.wire - http-outgoing-20 >> "      "goog:chromeOptions": {[\n]"
12:52:01.351 [Forwarding newSession on session null to remote] DEBUG org.apache.http.wire - http-outgoing-20 >> "        "args": [],[\n]"
12:52:01.351 [Forwarding newSession on session null to remote] DEBUG org.apache.http.wire - http-outgoing-20 >> "        "extensions": [][\n]"
12:52:01.351 [Forwarding newSession on session null to remote] DEBUG org.apache.http.wire - http-outgoing-20 >> "      }[\n]"
12:52:01.351 [Forwarding newSession on session null to remote] DEBUG org.apache.http.wire - http-outgoing-20 >> "    },[\n]"
12:52:01.351 [Forwarding newSession on session null to remote] DEBUG org.apache.http.wire - http-outgoing-20 >> "    "firstMatch": [[\n]"
12:52:01.351 [Forwarding newSession on session null to remote] DEBUG org.apache.http.wire - http-outgoing-20 >> "      {[\n]"
12:52:01.351 [Forwarding newSession on session null to remote] DEBUG org.apache.http.wire - http-outgoing-20 >> "        "browserName": "chrome"[\n]"
12:52:01.351 [Forwarding newSession on session null to remote] DEBUG org.apache.http.wire - http-outgoing-20 >> "      }[\n]"
12:52:01.351 [Forwarding newSession on session null to remote] DEBUG org.apache.http.wire - http-outgoing-20 >> "    ][\n]"
12:52:01.351 [Forwarding newSession on session null to remote] DEBUG org.apache.http.wire - http-outgoing-20 >> "  }[\n]"
12:52:01.351 [Forwarding newSession on session null to remote] DEBUG org.apache.http.wire - http-outgoing-20 >> "}"
12:52:01.902 [Forwarding newSession on session null to remote] DEBUG org.apache.http.wire - http-outgoing-20 << "HTTP/1.1 200 OK[\r][\n]"
12:52:01.902 [Forwarding newSession on session null to remote] DEBUG org.apache.http.wire - http-outgoing-20 << "Content-Length:690[\r][\n]"
12:52:01.902 [Forwarding newSession on session null to remote] DEBUG org.apache.http.wire - http-outgoing-20 << "Content-Type:application/json; charset=utf-8[\r][\n]"
12:52:01.902 [Forwarding newSession on session null to remote] DEBUG org.apache.http.wire - http-outgoing-20 << "cache-control:no-cache[\r][\n]"
12:52:01.902 [Forwarding newSession on session null to remote] DEBUG org.apache.http.wire - http-outgoing-20 << "[\r][\n]"
12:52:01.902 [Forwarding newSession on session null to remote] DEBUG org.apache.http.wire - http-outgoing-20 << "{"value":{"capabilities":{"acceptInsecureCerts":false,"browserName":"chrome","browserVersion":"80.0.3987.149","chrome":{"chromedriverVersion":"80.0.3987.106 (f68069574609230cf9b635cd784cfb1bf81bb53a-refs/branch-heads/3987@{#882})","userDataDir":"/var/folders/fs/0qxrqb5x7zg5dtqrhc9t0clm0000gn/T/.com.google.Chrome.cCfA0f"},"goog:chromeOptions":{"debuggerAddress":"localhost:60662"},"networkConnectionEnabled":false,"pageLoadStrategy":"normal","platformName":"mac os x","proxy":{},"setWindowRect":true,"strictFileInteractability":false,"timeouts":{"implicit":0,"pageLoad":300000,"script":30000},"unhandledPromptBehavior":"dismiss and notify"},"sessionId":"e96a05459a4fc14f92751217d7c87b39"}}"
12:52:01.902 [Forwarding newSession on session null to remote] DEBUG org.apache.http.headers - http-outgoing-20 << HTTP/1.1 200 OK
12:52:01.902 [Forwarding newSession on session null to remote] DEBUG org.apache.http.headers - http-outgoing-20 << Content-Length:690
12:52:01.902 [Forwarding newSession on session null to remote] DEBUG org.apache.http.headers - http-outgoing-20 << Content-Type:application/json; charset=utf-8
12:52:01.902 [Forwarding newSession on session null to remote] DEBUG org.apache.http.headers - http-outgoing-20 << cache-control:no-cache
12:52:01.902 [Forwarding newSession on session null to remote] DEBUG org.apache.http.impl.execchain.MainClientExec - Connection can be kept alive indefinitely
12:52:01.902 [Forwarding newSession on session null to remote] DEBUG org.apache.http.impl.conn.PoolingHttpClientConnectionManager - Connection [id: 20][route: {}->http://localhost:34178] can be kept alive indefinitely
12:52:01.902 [Forwarding newSession on session null to remote] DEBUG org.apache.http.impl.conn.PoolingHttpClientConnectionManager - Connection released: [id: 20][route: {}->http://localhost:34178][total kept alive: 3; route allocated: 1 of 2000; total allocated: 3 of 2000]
12:52:01.905 [Forwarding get on session e96a05459a4fc14f92751217d7c87b39 to remote] DEBUG org.apache.http.client.protocol.RequestAddCookies - CookieSpec selected: default
12:52:01.905 [Forwarding get on session e96a05459a4fc14f92751217d7c87b39 to remote] DEBUG org.apache.http.client.protocol.RequestAuthCache - Auth cache not set in the context
12:52:01.905 [Forwarding get on session e96a05459a4fc14f92751217d7c87b39 to remote] DEBUG org.apache.http.impl.conn.PoolingHttpClientConnectionManager - Connection request: [route: {}->http://localhost:34178][total kept alive: 3; route allocated: 1 of 2000; total allocated: 3 of 2000]
12:52:01.905 [Forwarding get on session e96a05459a4fc14f92751217d7c87b39 to remote] DEBUG org.apache.http.impl.conn.PoolingHttpClientConnectionManager - Connection leased: [id: 20][route: {}->http://localhost:34178][total kept alive: 2; route allocated: 1 of 2000; total allocated: 3 of 2000]
12:52:01.905 [Forwarding get on session e96a05459a4fc14f92751217d7c87b39 to remote] DEBUG org.apache.http.impl.execchain.MainClientExec - Stale connection check
12:52:01.906 [Forwarding get on session e96a05459a4fc14f92751217d7c87b39 to remote] DEBUG org.apache.http.wire - http-outgoing-20 << "[read] I/O error: Read timed out"
12:52:01.906 [Forwarding get on session e96a05459a4fc14f92751217d7c87b39 to remote] DEBUG org.apache.http.impl.conn.DefaultManagedHttpClientConnection - http-outgoing-20: set socket timeout to 10800000
12:52:01.906 [Forwarding get on session e96a05459a4fc14f92751217d7c87b39 to remote] DEBUG org.apache.http.impl.execchain.MainClientExec - Executing request POST /session/e96a05459a4fc14f92751217d7c87b39/url HTTP/1.1
12:52:01.906 [Forwarding get on session e96a05459a4fc14f92751217d7c87b39 to remote] DEBUG org.apache.http.impl.execchain.MainClientExec - Target auth state: UNCHALLENGED
12:52:01.906 [Forwarding get on session e96a05459a4fc14f92751217d7c87b39 to remote] DEBUG org.apache.http.impl.execchain.MainClientExec - Proxy auth state: UNCHALLENGED
12:52:01.906 [Forwarding get on session e96a05459a4fc14f92751217d7c87b39 to remote] DEBUG org.apache.http.headers - http-outgoing-20 >> POST /session/e96a05459a4fc14f92751217d7c87b39/url HTTP/1.1
12:52:01.906 [Forwarding get on session e96a05459a4fc14f92751217d7c87b39 to remote] DEBUG org.apache.http.headers - http-outgoing-20 >> Content-Type: application/json; charset=utf-8
12:52:01.906 [Forwarding get on session e96a05459a4fc14f92751217d7c87b39 to remote] DEBUG org.apache.http.headers - http-outgoing-20 >> Content-Length: 33
12:52:01.906 [Forwarding get on session e96a05459a4fc14f92751217d7c87b39 to remote] DEBUG org.apache.http.headers - http-outgoing-20 >> Host: localhost:34178
12:52:01.906 [Forwarding get on session e96a05459a4fc14f92751217d7c87b39 to remote] DEBUG org.apache.http.headers - http-outgoing-20 >> Connection: Keep-Alive
12:52:01.906 [Forwarding get on session e96a05459a4fc14f92751217d7c87b39 to remote] DEBUG org.apache.http.headers - http-outgoing-20 >> User-Agent: Apache-HttpClient/4.5.3 (Java/1.8.0_211)
12:52:01.906 [Forwarding get on session e96a05459a4fc14f92751217d7c87b39 to remote] DEBUG org.apache.http.headers - http-outgoing-20 >> Accept-Encoding: gzip,deflate
12:52:01.906 [Forwarding get on session e96a05459a4fc14f92751217d7c87b39 to remote] DEBUG org.apache.http.wire - http-outgoing-20 >> "POST /session/e96a05459a4fc14f92751217d7c87b39/url HTTP/1.1[\r][\n]"
12:52:01.906 [Forwarding get on session e96a05459a4fc14f92751217d7c87b39 to remote] DEBUG org.apache.http.wire - http-outgoing-20 >> "Content-Type: application/json; charset=utf-8[\r][\n]"
12:52:01.906 [Forwarding get on session e96a05459a4fc14f92751217d7c87b39 to remote] DEBUG org.apache.http.wire - http-outgoing-20 >> "Content-Length: 33[\r][\n]"
12:52:01.906 [Forwarding get on session e96a05459a4fc14f92751217d7c87b39 to remote] DEBUG org.apache.http.wire - http-outgoing-20 >> "Host: localhost:34178[\r][\n]"
12:52:01.906 [Forwarding get on session e96a05459a4fc14f92751217d7c87b39 to remote] DEBUG org.apache.http.wire - http-outgoing-20 >> "Connection: Keep-Alive[\r][\n]"
12:52:01.906 [Forwarding get on session e96a05459a4fc14f92751217d7c87b39 to remote] DEBUG org.apache.http.wire - http-outgoing-20 >> "User-Agent: Apache-HttpClient/4.5.3 (Java/1.8.0_211)[\r][\n]"
12:52:01.906 [Forwarding get on session e96a05459a4fc14f92751217d7c87b39 to remote] DEBUG org.apache.http.wire - http-outgoing-20 >> "Accept-Encoding: gzip,deflate[\r][\n]"
12:52:01.906 [Forwarding get on session e96a05459a4fc14f92751217d7c87b39 to remote] DEBUG org.apache.http.wire - http-outgoing-20 >> "[\r][\n]"
12:52:01.906 [Forwarding get on session e96a05459a4fc14f92751217d7c87b39 to remote] DEBUG org.apache.http.wire - http-outgoing-20 >> "{"url":"https://tronscan.org/#/"}"
12:52:05.293 [Forwarding get on session e96a05459a4fc14f92751217d7c87b39 to remote] DEBUG org.apache.http.wire - http-outgoing-20 << "HTTP/1.1 200 OK[\r][\n]"
12:52:05.294 [Forwarding get on session e96a05459a4fc14f92751217d7c87b39 to remote] DEBUG org.apache.http.wire - http-outgoing-20 << "Content-Length:14[\r][\n]"
12:52:05.294 [Forwarding get on session e96a05459a4fc14f92751217d7c87b39 to remote] DEBUG org.apache.http.wire - http-outgoing-20 << "Content-Type:application/json; charset=utf-8[\r][\n]"
12:52:05.294 [Forwarding get on session e96a05459a4fc14f92751217d7c87b39 to remote] DEBUG org.apache.http.wire - http-outgoing-20 << "cache-control:no-cache[\r][\n]"
12:52:05.294 [Forwarding get on session e96a05459a4fc14f92751217d7c87b39 to remote] DEBUG org.apache.http.wire - http-outgoing-20 << "[\r][\n]"
12:52:05.294 [Forwarding get on session e96a05459a4fc14f92751217d7c87b39 to remote] DEBUG org.apache.http.wire - http-outgoing-20 << "{"value":null}"
12:52:05.294 [Forwarding get on session e96a05459a4fc14f92751217d7c87b39 to remote] DEBUG org.apache.http.headers - http-outgoing-20 << HTTP/1.1 200 OK
12:52:05.294 [Forwarding get on session e96a05459a4fc14f92751217d7c87b39 to remote] DEBUG org.apache.http.headers - http-outgoing-20 << Content-Length:14
12:52:05.294 [Forwarding get on session e96a05459a4fc14f92751217d7c87b39 to remote] DEBUG org.apache.http.headers - http-outgoing-20 << Content-Type:application/json; charset=utf-8
12:52:05.294 [Forwarding get on session e96a05459a4fc14f92751217d7c87b39 to remote] DEBUG org.apache.http.headers - http-outgoing-20 << cache-control:no-cache
12:52:05.294 [Forwarding get on session e96a05459a4fc14f92751217d7c87b39 to remote] DEBUG org.apache.http.impl.execchain.MainClientExec - Connection can be kept alive indefinitely
12:52:05.294 [Forwarding get on session e96a05459a4fc14f92751217d7c87b39 to remote] DEBUG org.apache.http.impl.conn.PoolingHttpClientConnectionManager - Connection [id: 20][route: {}->http://localhost:34178] can be kept alive indefinitely
12:52:05.294 [Forwarding get on session e96a05459a4fc14f92751217d7c87b39 to remote] DEBUG org.apache.http.impl.conn.PoolingHttpClientConnectionManager - Connection released: [id: 20][route: {}->http://localhost:34178][total kept alive: 3; route allocated: 1 of 2000; total allocated: 3 of 2000]
成功打开谷歌浏览器！
12:52:05.294 [Forwarding setTimeout on session e96a05459a4fc14f92751217d7c87b39 to remote] DEBUG org.apache.http.client.protocol.RequestAddCookies - CookieSpec selected: default
12:52:05.294 [Forwarding setTimeout on session e96a05459a4fc14f92751217d7c87b39 to remote] DEBUG org.apache.http.client.protocol.RequestAuthCache - Auth cache not set in the context
12:52:05.294 [Forwarding setTimeout on session e96a05459a4fc14f92751217d7c87b39 to remote] DEBUG org.apache.http.impl.conn.PoolingHttpClientConnectionManager - Connection request: [route: {}->http://localhost:34178][total kept alive: 3; route allocated: 1 of 2000; total allocated: 3 of 2000]
12:52:05.294 [Forwarding setTimeout on session e96a05459a4fc14f92751217d7c87b39 to remote] DEBUG org.apache.http.impl.conn.PoolingHttpClientConnectionManager - Connection leased: [id: 20][route: {}->http://localhost:34178][total kept alive: 2; route allocated: 1 of 2000; total allocated: 3 of 2000]
12:52:05.294 [Forwarding setTimeout on session e96a05459a4fc14f92751217d7c87b39 to remote] DEBUG org.apache.http.impl.execchain.MainClientExec - Stale connection check
12:52:05.296 [Forwarding setTimeout on session e96a05459a4fc14f92751217d7c87b39 to remote] DEBUG org.apache.http.wire - http-outgoing-20 << "[read] I/O error: Read timed out"
12:52:05.296 [Forwarding setTimeout on session e96a05459a4fc14f92751217d7c87b39 to remote] DEBUG org.apache.http.impl.conn.DefaultManagedHttpClientConnection - http-outgoing-20: set socket timeout to 10800000
12:52:05.296 [Forwarding setTimeout on session e96a05459a4fc14f92751217d7c87b39 to remote] DEBUG org.apache.http.impl.execchain.MainClientExec - Executing request POST /session/e96a05459a4fc14f92751217d7c87b39/timeouts HTTP/1.1
12:52:05.296 [Forwarding setTimeout on session e96a05459a4fc14f92751217d7c87b39 to remote] DEBUG org.apache.http.impl.execchain.MainClientExec - Target auth state: UNCHALLENGED
12:52:05.296 [Forwarding setTimeout on session e96a05459a4fc14f92751217d7c87b39 to remote] DEBUG org.apache.http.impl.execchain.MainClientExec - Proxy auth state: UNCHALLENGED
12:52:05.296 [Forwarding setTimeout on session e96a05459a4fc14f92751217d7c87b39 to remote] DEBUG org.apache.http.headers - http-outgoing-20 >> POST /session/e96a05459a4fc14f92751217d7c87b39/timeouts HTTP/1.1
12:52:05.296 [Forwarding setTimeout on session e96a05459a4fc14f92751217d7c87b39 to remote] DEBUG org.apache.http.headers - http-outgoing-20 >> Content-Type: application/json; charset=utf-8
12:52:05.296 [Forwarding setTimeout on session e96a05459a4fc14f92751217d7c87b39 to remote] DEBUG org.apache.http.headers - http-outgoing-20 >> Content-Length: 18
12:52:05.296 [Forwarding setTimeout on session e96a05459a4fc14f92751217d7c87b39 to remote] DEBUG org.apache.http.headers - http-outgoing-20 >> Host: localhost:34178
12:52:05.296 [Forwarding setTimeout on session e96a05459a4fc14f92751217d7c87b39 to remote] DEBUG org.apache.http.headers - http-outgoing-20 >> Connection: Keep-Alive
12:52:05.296 [Forwarding setTimeout on session e96a05459a4fc14f92751217d7c87b39 to remote] DEBUG org.apache.http.headers - http-outgoing-20 >> User-Agent: Apache-HttpClient/4.5.3 (Java/1.8.0_211)
12:52:05.296 [Forwarding setTimeout on session e96a05459a4fc14f92751217d7c87b39 to remote] DEBUG org.apache.http.headers - http-outgoing-20 >> Accept-Encoding: gzip,deflate
12:52:05.296 [Forwarding setTimeout on session e96a05459a4fc14f92751217d7c87b39 to remote] DEBUG org.apache.http.wire - http-outgoing-20 >> "POST /session/e96a05459a4fc14f92751217d7c87b39/timeouts HTTP/1.1[\r][\n]"
12:52:05.296 [Forwarding setTimeout on session e96a05459a4fc14f92751217d7c87b39 to remote] DEBUG org.apache.http.wire - http-outgoing-20 >> "Content-Type: application/json; charset=utf-8[\r][\n]"
12:52:05.296 [Forwarding setTimeout on session e96a05459a4fc14f92751217d7c87b39 to remote] DEBUG org.apache.http.wire - http-outgoing-20 >> "Content-Length: 18[\r][\n]"
12:52:05.296 [Forwarding setTimeout on session e96a05459a4fc14f92751217d7c87b39 to remote] DEBUG org.apache.http.wire - http-outgoing-20 >> "Host: localhost:34178[\r][\n]"
12:52:05.296 [Forwarding setTimeout on session e96a05459a4fc14f92751217d7c87b39 to remote] DEBUG org.apache.http.wire - http-outgoing-20 >> "Connection: Keep-Alive[\r][\n]"
12:52:05.296 [Forwarding setTimeout on session e96a05459a4fc14f92751217d7c87b39 to remote] DEBUG org.apache.http.wire - http-outgoing-20 >> "User-Agent: Apache-HttpClient/4.5.3 (Java/1.8.0_211)[\r][\n]"
12:52:05.296 [Forwarding setTimeout on session e96a05459a4fc14f92751217d7c87b39 to remote] DEBUG org.apache.http.wire - http-outgoing-20 >> "Accept-Encoding: gzip,deflate[\r][\n]"
12:52:05.296 [Forwarding setTimeout on session e96a05459a4fc14f92751217d7c87b39 to remote] DEBUG org.apache.http.wire - http-outgoing-20 >> "[\r][\n]"
12:52:05.296 [Forwarding setTimeout on session e96a05459a4fc14f92751217d7c87b39 to remote] DEBUG org.apache.http.wire - http-outgoing-20 >> "{"implicit":10000}"
12:52:05.296 [Forwarding setTimeout on session e96a05459a4fc14f92751217d7c87b39 to remote] DEBUG org.apache.http.wire - http-outgoing-20 << "HTTP/1.1 200 OK[\r][\n]"
12:52:05.296 [Forwarding setTimeout on session e96a05459a4fc14f92751217d7c87b39 to remote] DEBUG org.apache.http.wire - http-outgoing-20 << "Content-Length:14[\r][\n]"
12:52:05.296 [Forwarding setTimeout on session e96a05459a4fc14f92751217d7c87b39 to remote] DEBUG org.apache.http.wire - http-outgoing-20 << "Content-Type:application/json; charset=utf-8[\r][\n]"
12:52:05.296 [Forwarding setTimeout on session e96a05459a4fc14f92751217d7c87b39 to remote] DEBUG org.apache.http.wire - http-outgoing-20 << "cache-control:no-cache[\r][\n]"
12:52:05.296 [Forwarding setTimeout on session e96a05459a4fc14f92751217d7c87b39 to remote] DEBUG org.apache.http.wire - http-outgoing-20 << "[\r][\n]"
12:52:05.296 [Forwarding setTimeout on session e96a05459a4fc14f92751217d7c87b39 to remote] DEBUG org.apache.http.wire - http-outgoing-20 << "{"value":null}"
12:52:05.296 [Forwarding setTimeout on session e96a05459a4fc14f92751217d7c87b39 to remote] DEBUG org.apache.http.headers - http-outgoing-20 << HTTP/1.1 200 OK
12:52:05.296 [Forwarding setTimeout on session e96a05459a4fc14f92751217d7c87b39 to remote] DEBUG org.apache.http.headers - http-outgoing-20 << Content-Length:14
12:52:05.296 [Forwarding setTimeout on session e96a05459a4fc14f92751217d7c87b39 to remote] DEBUG org.apache.http.headers - http-outgoing-20 << Content-Type:application/json; charset=utf-8
12:52:05.296 [Forwarding setTimeout on session e96a05459a4fc14f92751217d7c87b39 to remote] DEBUG org.apache.http.headers - http-outgoing-20 << cache-control:no-cache
12:52:05.296 [Forwarding setTimeout on session e96a05459a4fc14f92751217d7c87b39 to remote] DEBUG org.apache.http.impl.execchain.MainClientExec - Connection can be kept alive indefinitely
12:52:05.296 [Forwarding setTimeout on session e96a05459a4fc14f92751217d7c87b39 to remote] DEBUG org.apache.http.impl.conn.PoolingHttpClientConnectionManager - Connection [id: 20][route: {}->http://localhost:34178] can be kept alive indefinitely
12:52:05.296 [Forwarding setTimeout on session e96a05459a4fc14f92751217d7c87b39 to remote] DEBUG org.apache.http.impl.conn.PoolingHttpClientConnectionManager - Connection released: [id: 20][route: {}->http://localhost:34178][total kept alive: 3; route allocated: 1 of 2000; total allocated: 3 of 2000]
LOGIN
12:52:05.297 [Forwarding setCurrentWindowSize on session e96a05459a4fc14f92751217d7c87b39 to remote] DEBUG org.apache.http.client.protocol.RequestAddCookies - CookieSpec selected: default
12:52:05.297 [Forwarding setCurrentWindowSize on session e96a05459a4fc14f92751217d7c87b39 to remote] DEBUG org.apache.http.client.protocol.RequestAuthCache - Auth cache not set in the context
12:52:05.297 [Forwarding setCurrentWindowSize on session e96a05459a4fc14f92751217d7c87b39 to remote] DEBUG org.apache.http.impl.conn.PoolingHttpClientConnectionManager - Connection request: [route: {}->http://localhost:34178][total kept alive: 3; route allocated: 1 of 2000; total allocated: 3 of 2000]
12:52:05.297 [Forwarding setCurrentWindowSize on session e96a05459a4fc14f92751217d7c87b39 to remote] DEBUG org.apache.http.impl.conn.PoolingHttpClientConnectionManager - Connection leased: [id: 20][route: {}->http://localhost:34178][total kept alive: 2; route allocated: 1 of 2000; total allocated: 3 of 2000]
12:52:05.297 [Forwarding setCurrentWindowSize on session e96a05459a4fc14f92751217d7c87b39 to remote] DEBUG org.apache.http.impl.execchain.MainClientExec - Stale connection check
12:52:05.298 [Forwarding setCurrentWindowSize on session e96a05459a4fc14f92751217d7c87b39 to remote] DEBUG org.apache.http.wire - http-outgoing-20 << "[read] I/O error: Read timed out"
12:52:05.298 [Forwarding setCurrentWindowSize on session e96a05459a4fc14f92751217d7c87b39 to remote] DEBUG org.apache.http.impl.conn.DefaultManagedHttpClientConnection - http-outgoing-20: set socket timeout to 10800000
12:52:05.298 [Forwarding setCurrentWindowSize on session e96a05459a4fc14f92751217d7c87b39 to remote] DEBUG org.apache.http.impl.execchain.MainClientExec - Executing request POST /session/e96a05459a4fc14f92751217d7c87b39/window/rect HTTP/1.1
12:52:05.298 [Forwarding setCurrentWindowSize on session e96a05459a4fc14f92751217d7c87b39 to remote] DEBUG org.apache.http.impl.execchain.MainClientExec - Target auth state: UNCHALLENGED
12:52:05.298 [Forwarding setCurrentWindowSize on session e96a05459a4fc14f92751217d7c87b39 to remote] DEBUG org.apache.http.impl.execchain.MainClientExec - Proxy auth state: UNCHALLENGED
12:52:05.298 [Forwarding setCurrentWindowSize on session e96a05459a4fc14f92751217d7c87b39 to remote] DEBUG org.apache.http.headers - http-outgoing-20 >> POST /session/e96a05459a4fc14f92751217d7c87b39/window/rect HTTP/1.1
12:52:05.298 [Forwarding setCurrentWindowSize on session e96a05459a4fc14f92751217d7c87b39 to remote] DEBUG org.apache.http.headers - http-outgoing-20 >> Content-Type: application/json; charset=utf-8
12:52:05.298 [Forwarding setCurrentWindowSize on session e96a05459a4fc14f92751217d7c87b39 to remote] DEBUG org.apache.http.headers - http-outgoing-20 >> Content-Length: 28
12:52:05.298 [Forwarding setCurrentWindowSize on session e96a05459a4fc14f92751217d7c87b39 to remote] DEBUG org.apache.http.headers - http-outgoing-20 >> Host: localhost:34178
12:52:05.298 [Forwarding setCurrentWindowSize on session e96a05459a4fc14f92751217d7c87b39 to remote] DEBUG org.apache.http.headers - http-outgoing-20 >> Connection: Keep-Alive
12:52:05.298 [Forwarding setCurrentWindowSize on session e96a05459a4fc14f92751217d7c87b39 to remote] DEBUG org.apache.http.headers - http-outgoing-20 >> User-Agent: Apache-HttpClient/4.5.3 (Java/1.8.0_211)
12:52:05.298 [Forwarding setCurrentWindowSize on session e96a05459a4fc14f92751217d7c87b39 to remote] DEBUG org.apache.http.headers - http-outgoing-20 >> Accept-Encoding: gzip,deflate
12:52:05.298 [Forwarding setCurrentWindowSize on session e96a05459a4fc14f92751217d7c87b39 to remote] DEBUG org.apache.http.wire - http-outgoing-20 >> "POST /session/e96a05459a4fc14f92751217d7c87b39/window/rect HTTP/1.1[\r][\n]"
12:52:05.298 [Forwarding setCurrentWindowSize on session e96a05459a4fc14f92751217d7c87b39 to remote] DEBUG org.apache.http.wire - http-outgoing-20 >> "Content-Type: application/json; charset=utf-8[\r][\n]"
12:52:05.298 [Forwarding setCurrentWindowSize on session e96a05459a4fc14f92751217d7c87b39 to remote] DEBUG org.apache.http.wire - http-outgoing-20 >> "Content-Length: 28[\r][\n]"
12:52:05.298 [Forwarding setCurrentWindowSize on session e96a05459a4fc14f92751217d7c87b39 to remote] DEBUG org.apache.http.wire - http-outgoing-20 >> "Host: localhost:34178[\r][\n]"
12:52:05.298 [Forwarding setCurrentWindowSize on session e96a05459a4fc14f92751217d7c87b39 to remote] DEBUG org.apache.http.wire - http-outgoing-20 >> "Connection: Keep-Alive[\r][\n]"
12:52:05.298 [Forwarding setCurrentWindowSize on session e96a05459a4fc14f92751217d7c87b39 to remote] DEBUG org.apache.http.wire - http-outgoing-20 >> "User-Agent: Apache-HttpClient/4.5.3 (Java/1.8.0_211)[\r][\n]"
12:52:05.298 [Forwarding setCurrentWindowSize on session e96a05459a4fc14f92751217d7c87b39 to remote] DEBUG org.apache.http.wire - http-outgoing-20 >> "Accept-Encoding: gzip,deflate[\r][\n]"
12:52:05.298 [Forwarding setCurrentWindowSize on session e96a05459a4fc14f92751217d7c87b39 to remote] DEBUG org.apache.http.wire - http-outgoing-20 >> "[\r][\n]"
12:52:05.298 [Forwarding setCurrentWindowSize on session e96a05459a4fc14f92751217d7c87b39 to remote] DEBUG org.apache.http.wire - http-outgoing-20 >> "{"width":2560,"height":1440}"
12:52:05.445 [Forwarding setCurrentWindowSize on session e96a05459a4fc14f92751217d7c87b39 to remote] DEBUG org.apache.http.wire - http-outgoing-20 << "HTTP/1.1 200 OK[\r][\n]"
12:52:05.445 [Forwarding setCurrentWindowSize on session e96a05459a4fc14f92751217d7c87b39 to remote] DEBUG org.apache.http.wire - http-outgoing-20 << "Content-Length:52[\r][\n]"
12:52:05.445 [Forwarding setCurrentWindowSize on session e96a05459a4fc14f92751217d7c87b39 to remote] DEBUG org.apache.http.wire - http-outgoing-20 << "Content-Type:application/json; charset=utf-8[\r][\n]"
12:52:05.445 [Forwarding setCurrentWindowSize on session e96a05459a4fc14f92751217d7c87b39 to remote] DEBUG org.apache.http.wire - http-outgoing-20 << "cache-control:no-cache[\r][\n]"
12:52:05.445 [Forwarding setCurrentWindowSize on session e96a05459a4fc14f92751217d7c87b39 to remote] DEBUG org.apache.http.wire - http-outgoing-20 << "[\r][\n]"
12:52:05.445 [Forwarding setCurrentWindowSize on session e96a05459a4fc14f92751217d7c87b39 to remote] DEBUG org.apache.http.wire - http-outgoing-20 << "{"value":{"height":1366,"width":2560,"x":22,"y":23}}"
12:52:05.445 [Forwarding setCurrentWindowSize on session e96a05459a4fc14f92751217d7c87b39 to remote] DEBUG org.apache.http.headers - http-outgoing-20 << HTTP/1.1 200 OK
12:52:05.445 [Forwarding setCurrentWindowSize on session e96a05459a4fc14f92751217d7c87b39 to remote] DEBUG org.apache.http.headers - http-outgoing-20 << Content-Length:52
12:52:05.445 [Forwarding setCurrentWindowSize on session e96a05459a4fc14f92751217d7c87b39 to remote] DEBUG org.apache.http.headers - http-outgoing-20 << Content-Type:application/json; charset=utf-8
12:52:05.445 [Forwarding setCurrentWindowSize on session e96a05459a4fc14f92751217d7c87b39 to remote] DEBUG org.apache.http.headers - http-outgoing-20 << cache-control:no-cache
12:52:05.445 [Forwarding setCurrentWindowSize on session e96a05459a4fc14f92751217d7c87b39 to remote] DEBUG org.apache.http.impl.execchain.MainClientExec - Connection can be kept alive indefinitely
12:52:05.445 [Forwarding setCurrentWindowSize on session e96a05459a4fc14f92751217d7c87b39 to remote] DEBUG org.apache.http.impl.conn.PoolingHttpClientConnectionManager - Connection [id: 20][route: {}->http://localhost:34178] can be kept alive indefinitely
12:52:05.445 [Forwarding setCurrentWindowSize on session e96a05459a4fc14f92751217d7c87b39 to remote] DEBUG org.apache.http.impl.conn.PoolingHttpClientConnectionManager - Connection released: [id: 20][route: {}->http://localhost:34178][total kept alive: 3; route allocated: 1 of 2000; total allocated: 3 of 2000]
12:52:05.649 [Forwarding findElement on session e96a05459a4fc14f92751217d7c87b39 to remote] DEBUG org.apache.http.client.protocol.RequestAddCookies - CookieSpec selected: default
12:52:05.649 [Forwarding findElement on session e96a05459a4fc14f92751217d7c87b39 to remote] DEBUG org.apache.http.client.protocol.RequestAuthCache - Auth cache not set in the context
12:52:05.649 [Forwarding findElement on session e96a05459a4fc14f92751217d7c87b39 to remote] DEBUG org.apache.http.impl.conn.PoolingHttpClientConnectionManager - Connection request: [route: {}->http://localhost:34178][total kept alive: 3; route allocated: 1 of 2000; total allocated: 3 of 2000]
12:52:05.649 [Forwarding findElement on session e96a05459a4fc14f92751217d7c87b39 to remote] DEBUG org.apache.http.impl.conn.PoolingHttpClientConnectionManager - Connection leased: [id: 20][route: {}->http://localhost:34178][total kept alive: 2; route allocated: 1 of 2000; total allocated: 3 of 2000]
12:52:05.649 [Forwarding findElement on session e96a05459a4fc14f92751217d7c87b39 to remote] DEBUG org.apache.http.impl.execchain.MainClientExec - Stale connection check
12:52:05.651 [Forwarding findElement on session e96a05459a4fc14f92751217d7c87b39 to remote] DEBUG org.apache.http.wire - http-outgoing-20 << "[read] I/O error: Read timed out"
12:52:05.651 [Forwarding findElement on session e96a05459a4fc14f92751217d7c87b39 to remote] DEBUG org.apache.http.impl.conn.DefaultManagedHttpClientConnection - http-outgoing-20: set socket timeout to 10800000
12:52:05.651 [Forwarding findElement on session e96a05459a4fc14f92751217d7c87b39 to remote] DEBUG org.apache.http.impl.execchain.MainClientExec - Executing request POST /session/e96a05459a4fc14f92751217d7c87b39/element HTTP/1.1
12:52:05.651 [Forwarding findElement on session e96a05459a4fc14f92751217d7c87b39 to remote] DEBUG org.apache.http.impl.execchain.MainClientExec - Target auth state: UNCHALLENGED
12:52:05.651 [Forwarding findElement on session e96a05459a4fc14f92751217d7c87b39 to remote] DEBUG org.apache.http.impl.execchain.MainClientExec - Proxy auth state: UNCHALLENGED
12:52:05.651 [Forwarding findElement on session e96a05459a4fc14f92751217d7c87b39 to remote] DEBUG org.apache.http.headers - http-outgoing-20 >> POST /session/e96a05459a4fc14f92751217d7c87b39/element HTTP/1.1
12:52:05.651 [Forwarding findElement on session e96a05459a4fc14f92751217d7c87b39 to remote] DEBUG org.apache.http.headers - http-outgoing-20 >> Content-Type: application/json; charset=utf-8
12:52:05.651 [Forwarding findElement on session e96a05459a4fc14f92751217d7c87b39 to remote] DEBUG org.apache.http.headers - http-outgoing-20 >> Content-Length: 58
12:52:05.651 [Forwarding findElement on session e96a05459a4fc14f92751217d7c87b39 to remote] DEBUG org.apache.http.headers - http-outgoing-20 >> Host: localhost:34178
12:52:05.651 [Forwarding findElement on session e96a05459a4fc14f92751217d7c87b39 to remote] DEBUG org.apache.http.headers - http-outgoing-20 >> Connection: Keep-Alive
12:52:05.651 [Forwarding findElement on session e96a05459a4fc14f92751217d7c87b39 to remote] DEBUG org.apache.http.headers - http-outgoing-20 >> User-Agent: Apache-HttpClient/4.5.3 (Java/1.8.0_211)
12:52:05.651 [Forwarding findElement on session e96a05459a4fc14f92751217d7c87b39 to remote] DEBUG org.apache.http.headers - http-outgoing-20 >> Accept-Encoding: gzip,deflate
12:52:05.651 [Forwarding findElement on session e96a05459a4fc14f92751217d7c87b39 to remote] DEBUG org.apache.http.wire - http-outgoing-20 >> "POST /session/e96a05459a4fc14f92751217d7c87b39/element HTTP/1.1[\r][\n]"
12:52:05.651 [Forwarding findElement on session e96a05459a4fc14f92751217d7c87b39 to remote] DEBUG org.apache.http.wire - http-outgoing-20 >> "Content-Type: application/json; charset=utf-8[\r][\n]"
12:52:05.651 [Forwarding findElement on session e96a05459a4fc14f92751217d7c87b39 to remote] DEBUG org.apache.http.wire - http-outgoing-20 >> "Content-Length: 58[\r][\n]"
12:52:05.651 [Forwarding findElement on session e96a05459a4fc14f92751217d7c87b39 to remote] DEBUG org.apache.http.wire - http-outgoing-20 >> "Host: localhost:34178[\r][\n]"
12:52:05.651 [Forwarding findElement on session e96a05459a4fc14f92751217d7c87b39 to remote] DEBUG org.apache.http.wire - http-outgoing-20 >> "Connection: Keep-Alive[\r][\n]"
12:52:05.651 [Forwarding findElement on session e96a05459a4fc14f92751217d7c87b39 to remote] DEBUG org.apache.http.wire - http-outgoing-20 >> "User-Agent: Apache-HttpClient/4.5.3 (Java/1.8.0_211)[\r][\n]"
12:52:05.651 [Forwarding findElement on session e96a05459a4fc14f92751217d7c87b39 to remote] DEBUG org.apache.http.wire - http-outgoing-20 >> "Accept-Encoding: gzip,deflate[\r][\n]"
12:52:05.651 [Forwarding findElement on session e96a05459a4fc14f92751217d7c87b39 to remote] DEBUG org.apache.http.wire - http-outgoing-20 >> "[\r][\n]"
12:52:05.651 [Forwarding findElement on session e96a05459a4fc14f92751217d7c87b39 to remote] DEBUG org.apache.http.wire - http-outgoing-20 >> "{"value":".dropdown-toggle > span","using":"css selector"}"
12:52:05.658 [Forwarding findElement on session e96a05459a4fc14f92751217d7c87b39 to remote] DEBUG org.apache.http.wire - http-outgoing-20 << "HTTP/1.1 200 OK[\r][\n]"
12:52:05.658 [Forwarding findElement on session e96a05459a4fc14f92751217d7c87b39 to remote] DEBUG org.apache.http.wire - http-outgoing-20 << "Content-Length:88[\r][\n]"
12:52:05.658 [Forwarding findElement on session e96a05459a4fc14f92751217d7c87b39 to remote] DEBUG org.apache.http.wire - http-outgoing-20 << "Content-Type:application/json; charset=utf-8[\r][\n]"
12:52:05.658 [Forwarding findElement on session e96a05459a4fc14f92751217d7c87b39 to remote] DEBUG org.apache.http.wire - http-outgoing-20 << "cache-control:no-cache[\r][\n]"
12:52:05.658 [Forwarding findElement on session e96a05459a4fc14f92751217d7c87b39 to remote] DEBUG org.apache.http.wire - http-outgoing-20 << "[\r][\n]"
12:52:05.658 [Forwarding findElement on session e96a05459a4fc14f92751217d7c87b39 to remote] DEBUG org.apache.http.wire - http-outgoing-20 << "{"value":{"element-6066-11e4-a52e-4f735466cecf":"215e1c24-3146-48e9-b452-0a334cc0b08d"}}"
12:52:05.658 [Forwarding findElement on session e96a05459a4fc14f92751217d7c87b39 to remote] DEBUG org.apache.http.headers - http-outgoing-20 << HTTP/1.1 200 OK
12:52:05.658 [Forwarding findElement on session e96a05459a4fc14f92751217d7c87b39 to remote] DEBUG org.apache.http.headers - http-outgoing-20 << Content-Length:88
12:52:05.658 [Forwarding findElement on session e96a05459a4fc14f92751217d7c87b39 to remote] DEBUG org.apache.http.headers - http-outgoing-20 << Content-Type:application/json; charset=utf-8
12:52:05.658 [Forwarding findElement on session e96a05459a4fc14f92751217d7c87b39 to remote] DEBUG org.apache.http.headers - http-outgoing-20 << cache-control:no-cache
12:52:05.658 [Forwarding findElement on session e96a05459a4fc14f92751217d7c87b39 to remote] DEBUG org.apache.http.impl.execchain.MainClientExec - Connection can be kept alive indefinitely
12:52:05.658 [Forwarding findElement on session e96a05459a4fc14f92751217d7c87b39 to remote] DEBUG org.apache.http.impl.conn.PoolingHttpClientConnectionManager - Connection [id: 20][route: {}->http://localhost:34178] can be kept alive indefinitely
12:52:05.658 [Forwarding findElement on session e96a05459a4fc14f92751217d7c87b39 to remote] DEBUG org.apache.http.impl.conn.PoolingHttpClientConnectionManager - Connection released: [id: 20][route: {}->http://localhost:34178][total kept alive: 3; route allocated: 1 of 2000; total allocated: 3 of 2000]
12:52:05.659 [Forwarding actions on session e96a05459a4fc14f92751217d7c87b39 to remote] DEBUG org.apache.http.client.protocol.RequestAddCookies - CookieSpec selected: default
12:52:05.659 [Forwarding actions on session e96a05459a4fc14f92751217d7c87b39 to remote] DEBUG org.apache.http.client.protocol.RequestAuthCache - Auth cache not set in the context
12:52:05.659 [Forwarding actions on session e96a05459a4fc14f92751217d7c87b39 to remote] DEBUG org.apache.http.impl.conn.PoolingHttpClientConnectionManager - Connection request: [route: {}->http://localhost:34178][total kept alive: 3; route allocated: 1 of 2000; total allocated: 3 of 2000]
12:52:05.659 [Forwarding actions on session e96a05459a4fc14f92751217d7c87b39 to remote] DEBUG org.apache.http.impl.conn.PoolingHttpClientConnectionManager - Connection leased: [id: 20][route: {}->http://localhost:34178][total kept alive: 2; route allocated: 1 of 2000; total allocated: 3 of 2000]
12:52:05.659 [Forwarding actions on session e96a05459a4fc14f92751217d7c87b39 to remote] DEBUG org.apache.http.impl.execchain.MainClientExec - Stale connection check
12:52:05.660 [Forwarding actions on session e96a05459a4fc14f92751217d7c87b39 to remote] DEBUG org.apache.http.wire - http-outgoing-20 << "[read] I/O error: Read timed out"
12:52:05.660 [Forwarding actions on session e96a05459a4fc14f92751217d7c87b39 to remote] DEBUG org.apache.http.impl.conn.DefaultManagedHttpClientConnection - http-outgoing-20: set socket timeout to 10800000
12:52:05.660 [Forwarding actions on session e96a05459a4fc14f92751217d7c87b39 to remote] DEBUG org.apache.http.impl.execchain.MainClientExec - Executing request POST /session/e96a05459a4fc14f92751217d7c87b39/actions HTTP/1.1
12:52:05.660 [Forwarding actions on session e96a05459a4fc14f92751217d7c87b39 to remote] DEBUG org.apache.http.impl.execchain.MainClientExec - Target auth state: UNCHALLENGED
12:52:05.660 [Forwarding actions on session e96a05459a4fc14f92751217d7c87b39 to remote] DEBUG org.apache.http.impl.execchain.MainClientExec - Proxy auth state: UNCHALLENGED
12:52:05.660 [Forwarding actions on session e96a05459a4fc14f92751217d7c87b39 to remote] DEBUG org.apache.http.headers - http-outgoing-20 >> POST /session/e96a05459a4fc14f92751217d7c87b39/actions HTTP/1.1
12:52:05.660 [Forwarding actions on session e96a05459a4fc14f92751217d7c87b39 to remote] DEBUG org.apache.http.headers - http-outgoing-20 >> Content-Type: application/json; charset=utf-8
12:52:05.660 [Forwarding actions on session e96a05459a4fc14f92751217d7c87b39 to remote] DEBUG org.apache.http.headers - http-outgoing-20 >> Content-Length: 289
12:52:05.660 [Forwarding actions on session e96a05459a4fc14f92751217d7c87b39 to remote] DEBUG org.apache.http.headers - http-outgoing-20 >> Host: localhost:34178
12:52:05.660 [Forwarding actions on session e96a05459a4fc14f92751217d7c87b39 to remote] DEBUG org.apache.http.headers - http-outgoing-20 >> Connection: Keep-Alive
12:52:05.660 [Forwarding actions on session e96a05459a4fc14f92751217d7c87b39 to remote] DEBUG org.apache.http.headers - http-outgoing-20 >> User-Agent: Apache-HttpClient/4.5.3 (Java/1.8.0_211)
12:52:05.660 [Forwarding actions on session e96a05459a4fc14f92751217d7c87b39 to remote] DEBUG org.apache.http.headers - http-outgoing-20 >> Accept-Encoding: gzip,deflate
12:52:05.660 [Forwarding actions on session e96a05459a4fc14f92751217d7c87b39 to remote] DEBUG org.apache.http.wire - http-outgoing-20 >> "POST /session/e96a05459a4fc14f92751217d7c87b39/actions HTTP/1.1[\r][\n]"
12:52:05.660 [Forwarding actions on session e96a05459a4fc14f92751217d7c87b39 to remote] DEBUG org.apache.http.wire - http-outgoing-20 >> "Content-Type: application/json; charset=utf-8[\r][\n]"
12:52:05.660 [Forwarding actions on session e96a05459a4fc14f92751217d7c87b39 to remote] DEBUG org.apache.http.wire - http-outgoing-20 >> "Content-Length: 289[\r][\n]"
12:52:05.660 [Forwarding actions on session e96a05459a4fc14f92751217d7c87b39 to remote] DEBUG org.apache.http.wire - http-outgoing-20 >> "Host: localhost:34178[\r][\n]"
12:52:05.660 [Forwarding actions on session e96a05459a4fc14f92751217d7c87b39 to remote] DEBUG org.apache.http.wire - http-outgoing-20 >> "Connection: Keep-Alive[\r][\n]"
12:52:05.660 [Forwarding actions on session e96a05459a4fc14f92751217d7c87b39 to remote] DEBUG org.apache.http.wire - http-outgoing-20 >> "User-Agent: Apache-HttpClient/4.5.3 (Java/1.8.0_211)[\r][\n]"
12:52:05.660 [Forwarding actions on session e96a05459a4fc14f92751217d7c87b39 to remote] DEBUG org.apache.http.wire - http-outgoing-20 >> "Accept-Encoding: gzip,deflate[\r][\n]"
12:52:05.660 [Forwarding actions on session e96a05459a4fc14f92751217d7c87b39 to remote] DEBUG org.apache.http.wire - http-outgoing-20 >> "[\r][\n]"
12:52:05.660 [Forwarding actions on session e96a05459a4fc14f92751217d7c87b39 to remote] DEBUG org.apache.http.wire - http-outgoing-20 >> "{"actions":[{"id":"default mouse","type":"pointer","parameters":{"pointerType":"mouse"},"actions":[{"duration":100,"x":0,"y":0,"type":"pointerMove","origin":{"ELEMENT":"215e1c24-3146-48e9-b452-0a334cc0b08d","element-6066-11e4-a52e-4f735466cecf":"215e1c24-3146-48e9-b452-0a334cc0b08d"}}]}]}"
12:52:05.774 [Forwarding actions on session e96a05459a4fc14f92751217d7c87b39 to remote] DEBUG org.apache.http.wire - http-outgoing-20 << "HTTP/1.1 200 OK[\r][\n]"
12:52:05.774 [Forwarding actions on session e96a05459a4fc14f92751217d7c87b39 to remote] DEBUG org.apache.http.wire - http-outgoing-20 << "Content-Length:14[\r][\n]"
12:52:05.774 [Forwarding actions on session e96a05459a4fc14f92751217d7c87b39 to remote] DEBUG org.apache.http.wire - http-outgoing-20 << "Content-Type:application/json; charset=utf-8[\r][\n]"
12:52:05.774 [Forwarding actions on session e96a05459a4fc14f92751217d7c87b39 to remote] DEBUG org.apache.http.wire - http-outgoing-20 << "cache-control:no-cache[\r][\n]"
12:52:05.774 [Forwarding actions on session e96a05459a4fc14f92751217d7c87b39 to remote] DEBUG org.apache.http.wire - http-outgoing-20 << "[\r][\n]"
12:52:05.774 [Forwarding actions on session e96a05459a4fc14f92751217d7c87b39 to remote] DEBUG org.apache.http.wire - http-outgoing-20 << "{"value":null}"
12:52:05.774 [Forwarding actions on session e96a05459a4fc14f92751217d7c87b39 to remote] DEBUG org.apache.http.headers - http-outgoing-20 << HTTP/1.1 200 OK
12:52:05.774 [Forwarding actions on session e96a05459a4fc14f92751217d7c87b39 to remote] DEBUG org.apache.http.headers - http-outgoing-20 << Content-Length:14
12:52:05.774 [Forwarding actions on session e96a05459a4fc14f92751217d7c87b39 to remote] DEBUG org.apache.http.headers - http-outgoing-20 << Content-Type:application/json; charset=utf-8
12:52:05.774 [Forwarding actions on session e96a05459a4fc14f92751217d7c87b39 to remote] DEBUG org.apache.http.headers - http-outgoing-20 << cache-control:no-cache
12:52:05.774 [Forwarding actions on session e96a05459a4fc14f92751217d7c87b39 to remote] DEBUG org.apache.http.impl.execchain.MainClientExec - Connection can be kept alive indefinitely
12:52:05.774 [Forwarding actions on session e96a05459a4fc14f92751217d7c87b39 to remote] DEBUG org.apache.http.impl.conn.PoolingHttpClientConnectionManager - Connection [id: 20][route: {}->http://localhost:34178] can be kept alive indefinitely
12:52:05.774 [Forwarding actions on session e96a05459a4fc14f92751217d7c87b39 to remote] DEBUG org.apache.http.impl.conn.PoolingHttpClientConnectionManager - Connection released: [id: 20][route: {}->http://localhost:34178][total kept alive: 3; route allocated: 1 of 2000; total allocated: 3 of 2000]
12:52:05.775 [Forwarding findElement on session e96a05459a4fc14f92751217d7c87b39 to remote] DEBUG org.apache.http.client.protocol.RequestAddCookies - CookieSpec selected: default
12:52:05.775 [Forwarding findElement on session e96a05459a4fc14f92751217d7c87b39 to remote] DEBUG org.apache.http.client.protocol.RequestAuthCache - Auth cache not set in the context
12:52:05.775 [Forwarding findElement on session e96a05459a4fc14f92751217d7c87b39 to remote] DEBUG org.apache.http.impl.conn.PoolingHttpClientConnectionManager - Connection request: [route: {}->http://localhost:34178][total kept alive: 3; route allocated: 1 of 2000; total allocated: 3 of 2000]
12:52:05.775 [Forwarding findElement on session e96a05459a4fc14f92751217d7c87b39 to remote] DEBUG org.apache.http.impl.conn.PoolingHttpClientConnectionManager - Connection leased: [id: 20][route: {}->http://localhost:34178][total kept alive: 2; route allocated: 1 of 2000; total allocated: 3 of 2000]
12:52:05.775 [Forwarding findElement on session e96a05459a4fc14f92751217d7c87b39 to remote] DEBUG org.apache.http.impl.execchain.MainClientExec - Stale connection check
12:52:05.777 [Forwarding findElement on session e96a05459a4fc14f92751217d7c87b39 to remote] DEBUG org.apache.http.wire - http-outgoing-20 << "[read] I/O error: Read timed out"
12:52:05.777 [Forwarding findElement on session e96a05459a4fc14f92751217d7c87b39 to remote] DEBUG org.apache.http.impl.conn.DefaultManagedHttpClientConnection - http-outgoing-20: set socket timeout to 10800000
12:52:05.777 [Forwarding findElement on session e96a05459a4fc14f92751217d7c87b39 to remote] DEBUG org.apache.http.impl.execchain.MainClientExec - Executing request POST /session/e96a05459a4fc14f92751217d7c87b39/element HTTP/1.1
12:52:05.777 [Forwarding findElement on session e96a05459a4fc14f92751217d7c87b39 to remote] DEBUG org.apache.http.impl.execchain.MainClientExec - Target auth state: UNCHALLENGED
12:52:05.777 [Forwarding findElement on session e96a05459a4fc14f92751217d7c87b39 to remote] DEBUG org.apache.http.impl.execchain.MainClientExec - Proxy auth state: UNCHALLENGED
12:52:05.777 [Forwarding findElement on session e96a05459a4fc14f92751217d7c87b39 to remote] DEBUG org.apache.http.headers - http-outgoing-20 >> POST /session/e96a05459a4fc14f92751217d7c87b39/element HTTP/1.1
12:52:05.777 [Forwarding findElement on session e96a05459a4fc14f92751217d7c87b39 to remote] DEBUG org.apache.http.headers - http-outgoing-20 >> Content-Type: application/json; charset=utf-8
12:52:05.777 [Forwarding findElement on session e96a05459a4fc14f92751217d7c87b39 to remote] DEBUG org.apache.http.headers - http-outgoing-20 >> Content-Length: 58
12:52:05.777 [Forwarding findElement on session e96a05459a4fc14f92751217d7c87b39 to remote] DEBUG org.apache.http.headers - http-outgoing-20 >> Host: localhost:34178
12:52:05.777 [Forwarding findElement on session e96a05459a4fc14f92751217d7c87b39 to remote] DEBUG org.apache.http.headers - http-outgoing-20 >> Connection: Keep-Alive
12:52:05.777 [Forwarding findElement on session e96a05459a4fc14f92751217d7c87b39 to remote] DEBUG org.apache.http.headers - http-outgoing-20 >> User-Agent: Apache-HttpClient/4.5.3 (Java/1.8.0_211)
12:52:05.777 [Forwarding findElement on session e96a05459a4fc14f92751217d7c87b39 to remote] DEBUG org.apache.http.headers - http-outgoing-20 >> Accept-Encoding: gzip,deflate
12:52:05.777 [Forwarding findElement on session e96a05459a4fc14f92751217d7c87b39 to remote] DEBUG org.apache.http.wire - http-outgoing-20 >> "POST /session/e96a05459a4fc14f92751217d7c87b39/element HTTP/1.1[\r][\n]"
12:52:05.777 [Forwarding findElement on session e96a05459a4fc14f92751217d7c87b39 to remote] DEBUG org.apache.http.wire - http-outgoing-20 >> "Content-Type: application/json; charset=utf-8[\r][\n]"
12:52:05.777 [Forwarding findElement on session e96a05459a4fc14f92751217d7c87b39 to remote] DEBUG org.apache.http.wire - http-outgoing-20 >> "Content-Length: 58[\r][\n]"
12:52:05.777 [Forwarding findElement on session e96a05459a4fc14f92751217d7c87b39 to remote] DEBUG org.apache.http.wire - http-outgoing-20 >> "Host: localhost:34178[\r][\n]"
12:52:05.777 [Forwarding findElement on session e96a05459a4fc14f92751217d7c87b39 to remote] DEBUG org.apache.http.wire - http-outgoing-20 >> "Connection: Keep-Alive[\r][\n]"
12:52:05.777 [Forwarding findElement on session e96a05459a4fc14f92751217d7c87b39 to remote] DEBUG org.apache.http.wire - http-outgoing-20 >> "User-Agent: Apache-HttpClient/4.5.3 (Java/1.8.0_211)[\r][\n]"
12:52:05.777 [Forwarding findElement on session e96a05459a4fc14f92751217d7c87b39 to remote] DEBUG org.apache.http.wire - http-outgoing-20 >> "Accept-Encoding: gzip,deflate[\r][\n]"
12:52:05.777 [Forwarding findElement on session e96a05459a4fc14f92751217d7c87b39 to remote] DEBUG org.apache.http.wire - http-outgoing-20 >> "[\r][\n]"
12:52:05.777 [Forwarding findElement on session e96a05459a4fc14f92751217d7c87b39 to remote] DEBUG org.apache.http.wire - http-outgoing-20 >> "{"value":".px-2:nth-child(3) span","using":"css selector"}"
12:52:05.782 [Forwarding findElement on session e96a05459a4fc14f92751217d7c87b39 to remote] DEBUG org.apache.http.wire - http-outgoing-20 << "HTTP/1.1 200 OK[\r][\n]"
12:52:05.782 [Forwarding findElement on session e96a05459a4fc14f92751217d7c87b39 to remote] DEBUG org.apache.http.wire - http-outgoing-20 << "Content-Length:88[\r][\n]"
12:52:05.782 [Forwarding findElement on session e96a05459a4fc14f92751217d7c87b39 to remote] DEBUG org.apache.http.wire - http-outgoing-20 << "Content-Type:application/json; charset=utf-8[\r][\n]"
12:52:05.782 [Forwarding findElement on session e96a05459a4fc14f92751217d7c87b39 to remote] DEBUG org.apache.http.wire - http-outgoing-20 << "cache-control:no-cache[\r][\n]"
12:52:05.782 [Forwarding findElement on session e96a05459a4fc14f92751217d7c87b39 to remote] DEBUG org.apache.http.wire - http-outgoing-20 << "[\r][\n]"
12:52:05.782 [Forwarding findElement on session e96a05459a4fc14f92751217d7c87b39 to remote] DEBUG org.apache.http.wire - http-outgoing-20 << "{"value":{"element-6066-11e4-a52e-4f735466cecf":"24e93408-0f1f-489b-bd1e-0ff1fd72192a"}}"
12:52:05.782 [Forwarding findElement on session e96a05459a4fc14f92751217d7c87b39 to remote] DEBUG org.apache.http.headers - http-outgoing-20 << HTTP/1.1 200 OK
12:52:05.782 [Forwarding findElement on session e96a05459a4fc14f92751217d7c87b39 to remote] DEBUG org.apache.http.headers - http-outgoing-20 << Content-Length:88
12:52:05.782 [Forwarding findElement on session e96a05459a4fc14f92751217d7c87b39 to remote] DEBUG org.apache.http.headers - http-outgoing-20 << Content-Type:application/json; charset=utf-8
12:52:05.782 [Forwarding findElement on session e96a05459a4fc14f92751217d7c87b39 to remote] DEBUG org.apache.http.headers - http-outgoing-20 << cache-control:no-cache
12:52:05.782 [Forwarding findElement on session e96a05459a4fc14f92751217d7c87b39 to remote] DEBUG org.apache.http.impl.execchain.MainClientExec - Connection can be kept alive indefinitely
12:52:05.782 [Forwarding findElement on session e96a05459a4fc14f92751217d7c87b39 to remote] DEBUG org.apache.http.impl.conn.PoolingHttpClientConnectionManager - Connection [id: 20][route: {}->http://localhost:34178] can be kept alive indefinitely
12:52:05.782 [Forwarding findElement on session e96a05459a4fc14f92751217d7c87b39 to remote] DEBUG org.apache.http.impl.conn.PoolingHttpClientConnectionManager - Connection released: [id: 20][route: {}->http://localhost:34178][total kept alive: 3; route allocated: 1 of 2000; total allocated: 3 of 2000]
12:52:05.783 [Forwarding clickElement on session e96a05459a4fc14f92751217d7c87b39 to remote] DEBUG org.apache.http.client.protocol.RequestAddCookies - CookieSpec selected: default
12:52:05.783 [Forwarding clickElement on session e96a05459a4fc14f92751217d7c87b39 to remote] DEBUG org.apache.http.client.protocol.RequestAuthCache - Auth cache not set in the context
12:52:05.783 [Forwarding clickElement on session e96a05459a4fc14f92751217d7c87b39 to remote] DEBUG org.apache.http.impl.conn.PoolingHttpClientConnectionManager - Connection request: [route: {}->http://localhost:34178][total kept alive: 3; route allocated: 1 of 2000; total allocated: 3 of 2000]
12:52:05.783 [Forwarding clickElement on session e96a05459a4fc14f92751217d7c87b39 to remote] DEBUG org.apache.http.impl.conn.PoolingHttpClientConnectionManager - Connection leased: [id: 20][route: {}->http://localhost:34178][total kept alive: 2; route allocated: 1 of 2000; total allocated: 3 of 2000]
12:52:05.783 [Forwarding clickElement on session e96a05459a4fc14f92751217d7c87b39 to remote] DEBUG org.apache.http.impl.execchain.MainClientExec - Stale connection check
12:52:05.784 [Forwarding clickElement on session e96a05459a4fc14f92751217d7c87b39 to remote] DEBUG org.apache.http.wire - http-outgoing-20 << "[read] I/O error: Read timed out"
12:52:05.784 [Forwarding clickElement on session e96a05459a4fc14f92751217d7c87b39 to remote] DEBUG org.apache.http.impl.conn.DefaultManagedHttpClientConnection - http-outgoing-20: set socket timeout to 10800000
12:52:05.784 [Forwarding clickElement on session e96a05459a4fc14f92751217d7c87b39 to remote] DEBUG org.apache.http.impl.execchain.MainClientExec - Executing request POST /session/e96a05459a4fc14f92751217d7c87b39/element/24e93408-0f1f-489b-bd1e-0ff1fd72192a/click HTTP/1.1
12:52:05.784 [Forwarding clickElement on session e96a05459a4fc14f92751217d7c87b39 to remote] DEBUG org.apache.http.impl.execchain.MainClientExec - Target auth state: UNCHALLENGED
12:52:05.784 [Forwarding clickElement on session e96a05459a4fc14f92751217d7c87b39 to remote] DEBUG org.apache.http.impl.execchain.MainClientExec - Proxy auth state: UNCHALLENGED
12:52:05.784 [Forwarding clickElement on session e96a05459a4fc14f92751217d7c87b39 to remote] DEBUG org.apache.http.headers - http-outgoing-20 >> POST /session/e96a05459a4fc14f92751217d7c87b39/element/24e93408-0f1f-489b-bd1e-0ff1fd72192a/click HTTP/1.1
12:52:05.784 [Forwarding clickElement on session e96a05459a4fc14f92751217d7c87b39 to remote] DEBUG org.apache.http.headers - http-outgoing-20 >> Content-Type: application/json; charset=utf-8
12:52:05.784 [Forwarding clickElement on session e96a05459a4fc14f92751217d7c87b39 to remote] DEBUG org.apache.http.headers - http-outgoing-20 >> Content-Length: 45
12:52:05.784 [Forwarding clickElement on session e96a05459a4fc14f92751217d7c87b39 to remote] DEBUG org.apache.http.headers - http-outgoing-20 >> Host: localhost:34178
12:52:05.784 [Forwarding clickElement on session e96a05459a4fc14f92751217d7c87b39 to remote] DEBUG org.apache.http.headers - http-outgoing-20 >> Connection: Keep-Alive
12:52:05.784 [Forwarding clickElement on session e96a05459a4fc14f92751217d7c87b39 to remote] DEBUG org.apache.http.headers - http-outgoing-20 >> User-Agent: Apache-HttpClient/4.5.3 (Java/1.8.0_211)
12:52:05.784 [Forwarding clickElement on session e96a05459a4fc14f92751217d7c87b39 to remote] DEBUG org.apache.http.headers - http-outgoing-20 >> Accept-Encoding: gzip,deflate
12:52:05.784 [Forwarding clickElement on session e96a05459a4fc14f92751217d7c87b39 to remote] DEBUG org.apache.http.wire - http-outgoing-20 >> "POST /session/e96a05459a4fc14f92751217d7c87b39/element/24e93408-0f1f-489b-bd1e-0ff1fd72192a/click HTTP/1.1[\r][\n]"
12:52:05.784 [Forwarding clickElement on session e96a05459a4fc14f92751217d7c87b39 to remote] DEBUG org.apache.http.wire - http-outgoing-20 >> "Content-Type: application/json; charset=utf-8[\r][\n]"
12:52:05.784 [Forwarding clickElement on session e96a05459a4fc14f92751217d7c87b39 to remote] DEBUG org.apache.http.wire - http-outgoing-20 >> "Content-Length: 45[\r][\n]"
12:52:05.784 [Forwarding clickElement on session e96a05459a4fc14f92751217d7c87b39 to remote] DEBUG org.apache.http.wire - http-outgoing-20 >> "Host: localhost:34178[\r][\n]"
12:52:05.784 [Forwarding clickElement on session e96a05459a4fc14f92751217d7c87b39 to remote] DEBUG org.apache.http.wire - http-outgoing-20 >> "Connection: Keep-Alive[\r][\n]"
12:52:05.784 [Forwarding clickElement on session e96a05459a4fc14f92751217d7c87b39 to remote] DEBUG org.apache.http.wire - http-outgoing-20 >> "User-Agent: Apache-HttpClient/4.5.3 (Java/1.8.0_211)[\r][\n]"
12:52:05.784 [Forwarding clickElement on session e96a05459a4fc14f92751217d7c87b39 to remote] DEBUG org.apache.http.wire - http-outgoing-20 >> "Accept-Encoding: gzip,deflate[\r][\n]"
12:52:05.784 [Forwarding clickElement on session e96a05459a4fc14f92751217d7c87b39 to remote] DEBUG org.apache.http.wire - http-outgoing-20 >> "[\r][\n]"
12:52:05.784 [Forwarding clickElement on session e96a05459a4fc14f92751217d7c87b39 to remote] DEBUG org.apache.http.wire - http-outgoing-20 >> "{"id":"24e93408-0f1f-489b-bd1e-0ff1fd72192a"}"
12:52:05.829 [Forwarding clickElement on session e96a05459a4fc14f92751217d7c87b39 to remote] DEBUG org.apache.http.wire - http-outgoing-20 << "HTTP/1.1 200 OK[\r][\n]"
12:52:05.829 [Forwarding clickElement on session e96a05459a4fc14f92751217d7c87b39 to remote] DEBUG org.apache.http.wire - http-outgoing-20 << "Content-Length:14[\r][\n]"
12:52:05.829 [Forwarding clickElement on session e96a05459a4fc14f92751217d7c87b39 to remote] DEBUG org.apache.http.wire - http-outgoing-20 << "Content-Type:application/json; charset=utf-8[\r][\n]"
12:52:05.829 [Forwarding clickElement on session e96a05459a4fc14f92751217d7c87b39 to remote] DEBUG org.apache.http.wire - http-outgoing-20 << "cache-control:no-cache[\r][\n]"
12:52:05.829 [Forwarding clickElement on session e96a05459a4fc14f92751217d7c87b39 to remote] DEBUG org.apache.http.wire - http-outgoing-20 << "[\r][\n]"
12:52:05.829 [Forwarding clickElement on session e96a05459a4fc14f92751217d7c87b39 to remote] DEBUG org.apache.http.wire - http-outgoing-20 << "{"value":null}"
12:52:05.829 [Forwarding clickElement on session e96a05459a4fc14f92751217d7c87b39 to remote] DEBUG org.apache.http.headers - http-outgoing-20 << HTTP/1.1 200 OK
12:52:05.829 [Forwarding clickElement on session e96a05459a4fc14f92751217d7c87b39 to remote] DEBUG org.apache.http.headers - http-outgoing-20 << Content-Length:14
12:52:05.829 [Forwarding clickElement on session e96a05459a4fc14f92751217d7c87b39 to remote] DEBUG org.apache.http.headers - http-outgoing-20 << Content-Type:application/json; charset=utf-8
12:52:05.829 [Forwarding clickElement on session e96a05459a4fc14f92751217d7c87b39 to remote] DEBUG org.apache.http.headers - http-outgoing-20 << cache-control:no-cache
12:52:05.829 [Forwarding clickElement on session e96a05459a4fc14f92751217d7c87b39 to remote] DEBUG org.apache.http.impl.execchain.MainClientExec - Connection can be kept alive indefinitely
12:52:05.830 [Forwarding clickElement on session e96a05459a4fc14f92751217d7c87b39 to remote] DEBUG org.apache.http.impl.conn.PoolingHttpClientConnectionManager - Connection [id: 20][route: {}->http://localhost:34178] can be kept alive indefinitely
12:52:05.830 [Forwarding clickElement on session e96a05459a4fc14f92751217d7c87b39 to remote] DEBUG org.apache.http.impl.conn.PoolingHttpClientConnectionManager - Connection released: [id: 20][route: {}->http://localhost:34178][total kept alive: 3; route allocated: 1 of 2000; total allocated: 3 of 2000]
12:52:05.830 [Forwarding findElement on session e96a05459a4fc14f92751217d7c87b39 to remote] DEBUG org.apache.http.client.protocol.RequestAddCookies - CookieSpec selected: default
12:52:05.830 [Forwarding findElement on session e96a05459a4fc14f92751217d7c87b39 to remote] DEBUG org.apache.http.client.protocol.RequestAuthCache - Auth cache not set in the context
12:52:05.830 [Forwarding findElement on session e96a05459a4fc14f92751217d7c87b39 to remote] DEBUG org.apache.http.impl.conn.PoolingHttpClientConnectionManager - Connection request: [route: {}->http://localhost:34178][total kept alive: 3; route allocated: 1 of 2000; total allocated: 3 of 2000]
12:52:05.830 [Forwarding findElement on session e96a05459a4fc14f92751217d7c87b39 to remote] DEBUG org.apache.http.impl.conn.PoolingHttpClientConnectionManager - Connection leased: [id: 20][route: {}->http://localhost:34178][total kept alive: 2; route allocated: 1 of 2000; total allocated: 3 of 2000]
12:52:05.830 [Forwarding findElement on session e96a05459a4fc14f92751217d7c87b39 to remote] DEBUG org.apache.http.impl.execchain.MainClientExec - Stale connection check
12:52:05.832 [Forwarding findElement on session e96a05459a4fc14f92751217d7c87b39 to remote] DEBUG org.apache.http.wire - http-outgoing-20 << "[read] I/O error: Read timed out"
12:52:05.832 [Forwarding findElement on session e96a05459a4fc14f92751217d7c87b39 to remote] DEBUG org.apache.http.impl.conn.DefaultManagedHttpClientConnection - http-outgoing-20: set socket timeout to 10800000
12:52:05.832 [Forwarding findElement on session e96a05459a4fc14f92751217d7c87b39 to remote] DEBUG org.apache.http.impl.execchain.MainClientExec - Executing request POST /session/e96a05459a4fc14f92751217d7c87b39/element HTTP/1.1
12:52:05.832 [Forwarding findElement on session e96a05459a4fc14f92751217d7c87b39 to remote] DEBUG org.apache.http.impl.execchain.MainClientExec - Target auth state: UNCHALLENGED
12:52:05.832 [Forwarding findElement on session e96a05459a4fc14f92751217d7c87b39 to remote] DEBUG org.apache.http.impl.execchain.MainClientExec - Proxy auth state: UNCHALLENGED
12:52:05.832 [Forwarding findElement on session e96a05459a4fc14f92751217d7c87b39 to remote] DEBUG org.apache.http.headers - http-outgoing-20 >> POST /session/e96a05459a4fc14f92751217d7c87b39/element HTTP/1.1
12:52:05.832 [Forwarding findElement on session e96a05459a4fc14f92751217d7c87b39 to remote] DEBUG org.apache.http.headers - http-outgoing-20 >> Content-Type: application/json; charset=utf-8
12:52:05.832 [Forwarding findElement on session e96a05459a4fc14f92751217d7c87b39 to remote] DEBUG org.apache.http.headers - http-outgoing-20 >> Content-Length: 61
12:52:05.832 [Forwarding findElement on session e96a05459a4fc14f92751217d7c87b39 to remote] DEBUG org.apache.http.headers - http-outgoing-20 >> Host: localhost:34178
12:52:05.832 [Forwarding findElement on session e96a05459a4fc14f92751217d7c87b39 to remote] DEBUG org.apache.http.headers - http-outgoing-20 >> Connection: Keep-Alive
12:52:05.832 [Forwarding findElement on session e96a05459a4fc14f92751217d7c87b39 to remote] DEBUG org.apache.http.headers - http-outgoing-20 >> User-Agent: Apache-HttpClient/4.5.3 (Java/1.8.0_211)
12:52:05.832 [Forwarding findElement on session e96a05459a4fc14f92751217d7c87b39 to remote] DEBUG org.apache.http.headers - http-outgoing-20 >> Accept-Encoding: gzip,deflate
12:52:05.832 [Forwarding findElement on session e96a05459a4fc14f92751217d7c87b39 to remote] DEBUG org.apache.http.wire - http-outgoing-20 >> "POST /session/e96a05459a4fc14f92751217d7c87b39/element HTTP/1.1[\r][\n]"
12:52:05.832 [Forwarding findElement on session e96a05459a4fc14f92751217d7c87b39 to remote] DEBUG org.apache.http.wire - http-outgoing-20 >> "Content-Type: application/json; charset=utf-8[\r][\n]"
12:52:05.832 [Forwarding findElement on session e96a05459a4fc14f92751217d7c87b39 to remote] DEBUG org.apache.http.wire - http-outgoing-20 >> "Content-Length: 61[\r][\n]"
12:52:05.832 [Forwarding findElement on session e96a05459a4fc14f92751217d7c87b39 to remote] DEBUG org.apache.http.wire - http-outgoing-20 >> "Host: localhost:34178[\r][\n]"
12:52:05.832 [Forwarding findElement on session e96a05459a4fc14f92751217d7c87b39 to remote] DEBUG org.apache.http.wire - http-outgoing-20 >> "Connection: Keep-Alive[\r][\n]"
12:52:05.832 [Forwarding findElement on session e96a05459a4fc14f92751217d7c87b39 to remote] DEBUG org.apache.http.wire - http-outgoing-20 >> "User-Agent: Apache-HttpClient/4.5.3 (Java/1.8.0_211)[\r][\n]"
12:52:05.832 [Forwarding findElement on session e96a05459a4fc14f92751217d7c87b39 to remote] DEBUG org.apache.http.wire - http-outgoing-20 >> "Accept-Encoding: gzip,deflate[\r][\n]"
12:52:05.832 [Forwarding findElement on session e96a05459a4fc14f92751217d7c87b39 to remote] DEBUG org.apache.http.wire - http-outgoing-20 >> "[\r][\n]"
12:52:05.832 [Forwarding findElement on session e96a05459a4fc14f92751217d7c87b39 to remote] DEBUG org.apache.http.wire - http-outgoing-20 >> "{"value":".form-control:nth-child(2)","using":"css selector"}"
12:52:05.840 [Forwarding findElement on session e96a05459a4fc14f92751217d7c87b39 to remote] DEBUG org.apache.http.wire - http-outgoing-20 << "HTTP/1.1 200 OK[\r][\n]"
12:52:05.840 [Forwarding findElement on session e96a05459a4fc14f92751217d7c87b39 to remote] DEBUG org.apache.http.wire - http-outgoing-20 << "Content-Length:88[\r][\n]"
12:52:05.840 [Forwarding findElement on session e96a05459a4fc14f92751217d7c87b39 to remote] DEBUG org.apache.http.wire - http-outgoing-20 << "Content-Type:application/json; charset=utf-8[\r][\n]"
12:52:05.840 [Forwarding findElement on session e96a05459a4fc14f92751217d7c87b39 to remote] DEBUG org.apache.http.wire - http-outgoing-20 << "cache-control:no-cache[\r][\n]"
12:52:05.840 [Forwarding findElement on session e96a05459a4fc14f92751217d7c87b39 to remote] DEBUG org.apache.http.wire - http-outgoing-20 << "[\r][\n]"
12:52:05.840 [Forwarding findElement on session e96a05459a4fc14f92751217d7c87b39 to remote] DEBUG org.apache.http.wire - http-outgoing-20 << "{"value":{"element-6066-11e4-a52e-4f735466cecf":"fe163e40-ab75-4079-b8f1-463d567ae819"}}"
12:52:05.840 [Forwarding findElement on session e96a05459a4fc14f92751217d7c87b39 to remote] DEBUG org.apache.http.headers - http-outgoing-20 << HTTP/1.1 200 OK
12:52:05.840 [Forwarding findElement on session e96a05459a4fc14f92751217d7c87b39 to remote] DEBUG org.apache.http.headers - http-outgoing-20 << Content-Length:88
12:52:05.840 [Forwarding findElement on session e96a05459a4fc14f92751217d7c87b39 to remote] DEBUG org.apache.http.headers - http-outgoing-20 << Content-Type:application/json; charset=utf-8
12:52:05.840 [Forwarding findElement on session e96a05459a4fc14f92751217d7c87b39 to remote] DEBUG org.apache.http.headers - http-outgoing-20 << cache-control:no-cache
12:52:05.841 [Forwarding findElement on session e96a05459a4fc14f92751217d7c87b39 to remote] DEBUG org.apache.http.impl.execchain.MainClientExec - Connection can be kept alive indefinitely
12:52:05.841 [Forwarding findElement on session e96a05459a4fc14f92751217d7c87b39 to remote] DEBUG org.apache.http.impl.conn.PoolingHttpClientConnectionManager - Connection [id: 20][route: {}->http://localhost:34178] can be kept alive indefinitely
12:52:05.841 [Forwarding findElement on session e96a05459a4fc14f92751217d7c87b39 to remote] DEBUG org.apache.http.impl.conn.PoolingHttpClientConnectionManager - Connection released: [id: 20][route: {}->http://localhost:34178][total kept alive: 3; route allocated: 1 of 2000; total allocated: 3 of 2000]
12:52:05.841 [Forwarding clickElement on session e96a05459a4fc14f92751217d7c87b39 to remote] DEBUG org.apache.http.client.protocol.RequestAddCookies - CookieSpec selected: default
12:52:05.841 [Forwarding clickElement on session e96a05459a4fc14f92751217d7c87b39 to remote] DEBUG org.apache.http.client.protocol.RequestAuthCache - Auth cache not set in the context
12:52:05.841 [Forwarding clickElement on session e96a05459a4fc14f92751217d7c87b39 to remote] DEBUG org.apache.http.impl.conn.PoolingHttpClientConnectionManager - Connection request: [route: {}->http://localhost:34178][total kept alive: 3; route allocated: 1 of 2000; total allocated: 3 of 2000]
12:52:05.841 [Forwarding clickElement on session e96a05459a4fc14f92751217d7c87b39 to remote] DEBUG org.apache.http.impl.conn.PoolingHttpClientConnectionManager - Connection leased: [id: 20][route: {}->http://localhost:34178][total kept alive: 2; route allocated: 1 of 2000; total allocated: 3 of 2000]
12:52:05.841 [Forwarding clickElement on session e96a05459a4fc14f92751217d7c87b39 to remote] DEBUG org.apache.http.impl.execchain.MainClientExec - Stale connection check
12:52:05.843 [Forwarding clickElement on session e96a05459a4fc14f92751217d7c87b39 to remote] DEBUG org.apache.http.wire - http-outgoing-20 << "[read] I/O error: Read timed out"
12:52:05.843 [Forwarding clickElement on session e96a05459a4fc14f92751217d7c87b39 to remote] DEBUG org.apache.http.impl.conn.DefaultManagedHttpClientConnection - http-outgoing-20: set socket timeout to 10800000
12:52:05.843 [Forwarding clickElement on session e96a05459a4fc14f92751217d7c87b39 to remote] DEBUG org.apache.http.impl.execchain.MainClientExec - Executing request POST /session/e96a05459a4fc14f92751217d7c87b39/element/fe163e40-ab75-4079-b8f1-463d567ae819/click HTTP/1.1
12:52:05.843 [Forwarding clickElement on session e96a05459a4fc14f92751217d7c87b39 to remote] DEBUG org.apache.http.impl.execchain.MainClientExec - Target auth state: UNCHALLENGED
12:52:05.843 [Forwarding clickElement on session e96a05459a4fc14f92751217d7c87b39 to remote] DEBUG org.apache.http.impl.execchain.MainClientExec - Proxy auth state: UNCHALLENGED
12:52:05.843 [Forwarding clickElement on session e96a05459a4fc14f92751217d7c87b39 to remote] DEBUG org.apache.http.headers - http-outgoing-20 >> POST /session/e96a05459a4fc14f92751217d7c87b39/element/fe163e40-ab75-4079-b8f1-463d567ae819/click HTTP/1.1
12:52:05.843 [Forwarding clickElement on session e96a05459a4fc14f92751217d7c87b39 to remote] DEBUG org.apache.http.headers - http-outgoing-20 >> Content-Type: application/json; charset=utf-8
12:52:05.843 [Forwarding clickElement on session e96a05459a4fc14f92751217d7c87b39 to remote] DEBUG org.apache.http.headers - http-outgoing-20 >> Content-Length: 45
12:52:05.843 [Forwarding clickElement on session e96a05459a4fc14f92751217d7c87b39 to remote] DEBUG org.apache.http.headers - http-outgoing-20 >> Host: localhost:34178
12:52:05.843 [Forwarding clickElement on session e96a05459a4fc14f92751217d7c87b39 to remote] DEBUG org.apache.http.headers - http-outgoing-20 >> Connection: Keep-Alive
12:52:05.843 [Forwarding clickElement on session e96a05459a4fc14f92751217d7c87b39 to remote] DEBUG org.apache.http.headers - http-outgoing-20 >> User-Agent: Apache-HttpClient/4.5.3 (Java/1.8.0_211)
12:52:05.843 [Forwarding clickElement on session e96a05459a4fc14f92751217d7c87b39 to remote] DEBUG org.apache.http.headers - http-outgoing-20 >> Accept-Encoding: gzip,deflate
12:52:05.843 [Forwarding clickElement on session e96a05459a4fc14f92751217d7c87b39 to remote] DEBUG org.apache.http.wire - http-outgoing-20 >> "POST /session/e96a05459a4fc14f92751217d7c87b39/element/fe163e40-ab75-4079-b8f1-463d567ae819/click HTTP/1.1[\r][\n]"
12:52:05.843 [Forwarding clickElement on session e96a05459a4fc14f92751217d7c87b39 to remote] DEBUG org.apache.http.wire - http-outgoing-20 >> "Content-Type: application/json; charset=utf-8[\r][\n]"
12:52:05.843 [Forwarding clickElement on session e96a05459a4fc14f92751217d7c87b39 to remote] DEBUG org.apache.http.wire - http-outgoing-20 >> "Content-Length: 45[\r][\n]"
12:52:05.843 [Forwarding clickElement on session e96a05459a4fc14f92751217d7c87b39 to remote] DEBUG org.apache.http.wire - http-outgoing-20 >> "Host: localhost:34178[\r][\n]"
12:52:05.843 [Forwarding clickElement on session e96a05459a4fc14f92751217d7c87b39 to remote] DEBUG org.apache.http.wire - http-outgoing-20 >> "Connection: Keep-Alive[\r][\n]"
12:52:05.843 [Forwarding clickElement on session e96a05459a4fc14f92751217d7c87b39 to remote] DEBUG org.apache.http.wire - http-outgoing-20 >> "User-Agent: Apache-HttpClient/4.5.3 (Java/1.8.0_211)[\r][\n]"
12:52:05.843 [Forwarding clickElement on session e96a05459a4fc14f92751217d7c87b39 to remote] DEBUG org.apache.http.wire - http-outgoing-20 >> "Accept-Encoding: gzip,deflate[\r][\n]"
12:52:05.843 [Forwarding clickElement on session e96a05459a4fc14f92751217d7c87b39 to remote] DEBUG org.apache.http.wire - http-outgoing-20 >> "[\r][\n]"
12:52:05.843 [Forwarding clickElement on session e96a05459a4fc14f92751217d7c87b39 to remote] DEBUG org.apache.http.wire - http-outgoing-20 >> "{"id":"fe163e40-ab75-4079-b8f1-463d567ae819"}"
12:52:05.881 [Forwarding clickElement on session e96a05459a4fc14f92751217d7c87b39 to remote] DEBUG org.apache.http.wire - http-outgoing-20 << "HTTP/1.1 200 OK[\r][\n]"
12:52:05.881 [Forwarding clickElement on session e96a05459a4fc14f92751217d7c87b39 to remote] DEBUG org.apache.http.wire - http-outgoing-20 << "Content-Length:14[\r][\n]"
12:52:05.881 [Forwarding clickElement on session e96a05459a4fc14f92751217d7c87b39 to remote] DEBUG org.apache.http.wire - http-outgoing-20 << "Content-Type:application/json; charset=utf-8[\r][\n]"
12:52:05.881 [Forwarding clickElement on session e96a05459a4fc14f92751217d7c87b39 to remote] DEBUG org.apache.http.wire - http-outgoing-20 << "cache-control:no-cache[\r][\n]"
12:52:05.881 [Forwarding clickElement on session e96a05459a4fc14f92751217d7c87b39 to remote] DEBUG org.apache.http.wire - http-outgoing-20 << "[\r][\n]"
12:52:05.881 [Forwarding clickElement on session e96a05459a4fc14f92751217d7c87b39 to remote] DEBUG org.apache.http.wire - http-outgoing-20 << "{"value":null}"
12:52:05.881 [Forwarding clickElement on session e96a05459a4fc14f92751217d7c87b39 to remote] DEBUG org.apache.http.headers - http-outgoing-20 << HTTP/1.1 200 OK
12:52:05.881 [Forwarding clickElement on session e96a05459a4fc14f92751217d7c87b39 to remote] DEBUG org.apache.http.headers - http-outgoing-20 << Content-Length:14
12:52:05.881 [Forwarding clickElement on session e96a05459a4fc14f92751217d7c87b39 to remote] DEBUG org.apache.http.headers - http-outgoing-20 << Content-Type:application/json; charset=utf-8
12:52:05.881 [Forwarding clickElement on session e96a05459a4fc14f92751217d7c87b39 to remote] DEBUG org.apache.http.headers - http-outgoing-20 << cache-control:no-cache
12:52:05.881 [Forwarding clickElement on session e96a05459a4fc14f92751217d7c87b39 to remote] DEBUG org.apache.http.impl.execchain.MainClientExec - Connection can be kept alive indefinitely
12:52:05.881 [Forwarding clickElement on session e96a05459a4fc14f92751217d7c87b39 to remote] DEBUG org.apache.http.impl.conn.PoolingHttpClientConnectionManager - Connection [id: 20][route: {}->http://localhost:34178] can be kept alive indefinitely
12:52:05.881 [Forwarding clickElement on session e96a05459a4fc14f92751217d7c87b39 to remote] DEBUG org.apache.http.impl.conn.PoolingHttpClientConnectionManager - Connection released: [id: 20][route: {}->http://localhost:34178][total kept alive: 3; route allocated: 1 of 2000; total allocated: 3 of 2000]
12:52:05.881 [Forwarding findElement on session e96a05459a4fc14f92751217d7c87b39 to remote] DEBUG org.apache.http.client.protocol.RequestAddCookies - CookieSpec selected: default
12:52:05.881 [Forwarding findElement on session e96a05459a4fc14f92751217d7c87b39 to remote] DEBUG org.apache.http.client.protocol.RequestAuthCache - Auth cache not set in the context
12:52:05.881 [Forwarding findElement on session e96a05459a4fc14f92751217d7c87b39 to remote] DEBUG org.apache.http.impl.conn.PoolingHttpClientConnectionManager - Connection request: [route: {}->http://localhost:34178][total kept alive: 3; route allocated: 1 of 2000; total allocated: 3 of 2000]
12:52:05.881 [Forwarding findElement on session e96a05459a4fc14f92751217d7c87b39 to remote] DEBUG org.apache.http.impl.conn.PoolingHttpClientConnectionManager - Connection leased: [id: 20][route: {}->http://localhost:34178][total kept alive: 2; route allocated: 1 of 2000; total allocated: 3 of 2000]
12:52:05.881 [Forwarding findElement on session e96a05459a4fc14f92751217d7c87b39 to remote] DEBUG org.apache.http.impl.execchain.MainClientExec - Stale connection check
12:52:05.883 [Forwarding findElement on session e96a05459a4fc14f92751217d7c87b39 to remote] DEBUG org.apache.http.wire - http-outgoing-20 << "[read] I/O error: Read timed out"
12:52:05.883 [Forwarding findElement on session e96a05459a4fc14f92751217d7c87b39 to remote] DEBUG org.apache.http.impl.conn.DefaultManagedHttpClientConnection - http-outgoing-20: set socket timeout to 10800000
12:52:05.883 [Forwarding findElement on session e96a05459a4fc14f92751217d7c87b39 to remote] DEBUG org.apache.http.impl.execchain.MainClientExec - Executing request POST /session/e96a05459a4fc14f92751217d7c87b39/element HTTP/1.1
12:52:05.883 [Forwarding findElement on session e96a05459a4fc14f92751217d7c87b39 to remote] DEBUG org.apache.http.impl.execchain.MainClientExec - Target auth state: UNCHALLENGED
12:52:05.883 [Forwarding findElement on session e96a05459a4fc14f92751217d7c87b39 to remote] DEBUG org.apache.http.impl.execchain.MainClientExec - Proxy auth state: UNCHALLENGED
12:52:05.883 [Forwarding findElement on session e96a05459a4fc14f92751217d7c87b39 to remote] DEBUG org.apache.http.headers - http-outgoing-20 >> POST /session/e96a05459a4fc14f92751217d7c87b39/element HTTP/1.1
12:52:05.883 [Forwarding findElement on session e96a05459a4fc14f92751217d7c87b39 to remote] DEBUG org.apache.http.headers - http-outgoing-20 >> Content-Type: application/json; charset=utf-8
12:52:05.883 [Forwarding findElement on session e96a05459a4fc14f92751217d7c87b39 to remote] DEBUG org.apache.http.headers - http-outgoing-20 >> Content-Length: 61
12:52:05.883 [Forwarding findElement on session e96a05459a4fc14f92751217d7c87b39 to remote] DEBUG org.apache.http.headers - http-outgoing-20 >> Host: localhost:34178
12:52:05.883 [Forwarding findElement on session e96a05459a4fc14f92751217d7c87b39 to remote] DEBUG org.apache.http.headers - http-outgoing-20 >> Connection: Keep-Alive
12:52:05.883 [Forwarding findElement on session e96a05459a4fc14f92751217d7c87b39 to remote] DEBUG org.apache.http.headers - http-outgoing-20 >> User-Agent: Apache-HttpClient/4.5.3 (Java/1.8.0_211)
12:52:05.883 [Forwarding findElement on session e96a05459a4fc14f92751217d7c87b39 to remote] DEBUG org.apache.http.headers - http-outgoing-20 >> Accept-Encoding: gzip,deflate
12:52:05.883 [Forwarding findElement on session e96a05459a4fc14f92751217d7c87b39 to remote] DEBUG org.apache.http.wire - http-outgoing-20 >> "POST /session/e96a05459a4fc14f92751217d7c87b39/element HTTP/1.1[\r][\n]"
12:52:05.883 [Forwarding findElement on session e96a05459a4fc14f92751217d7c87b39 to remote] DEBUG org.apache.http.wire - http-outgoing-20 >> "Content-Type: application/json; charset=utf-8[\r][\n]"
12:52:05.883 [Forwarding findElement on session e96a05459a4fc14f92751217d7c87b39 to remote] DEBUG org.apache.http.wire - http-outgoing-20 >> "Content-Length: 61[\r][\n]"
12:52:05.883 [Forwarding findElement on session e96a05459a4fc14f92751217d7c87b39 to remote] DEBUG org.apache.http.wire - http-outgoing-20 >> "Host: localhost:34178[\r][\n]"
12:52:05.883 [Forwarding findElement on session e96a05459a4fc14f92751217d7c87b39 to remote] DEBUG org.apache.http.wire - http-outgoing-20 >> "Connection: Keep-Alive[\r][\n]"
12:52:05.883 [Forwarding findElement on session e96a05459a4fc14f92751217d7c87b39 to remote] DEBUG org.apache.http.wire - http-outgoing-20 >> "User-Agent: Apache-HttpClient/4.5.3 (Java/1.8.0_211)[\r][\n]"
12:52:05.883 [Forwarding findElement on session e96a05459a4fc14f92751217d7c87b39 to remote] DEBUG org.apache.http.wire - http-outgoing-20 >> "Accept-Encoding: gzip,deflate[\r][\n]"
12:52:05.883 [Forwarding findElement on session e96a05459a4fc14f92751217d7c87b39 to remote] DEBUG org.apache.http.wire - http-outgoing-20 >> "[\r][\n]"
12:52:05.883 [Forwarding findElement on session e96a05459a4fc14f92751217d7c87b39 to remote] DEBUG org.apache.http.wire - http-outgoing-20 >> "{"value":".form-control:nth-child(2)","using":"css selector"}"
12:52:05.885 [Forwarding findElement on session e96a05459a4fc14f92751217d7c87b39 to remote] DEBUG org.apache.http.wire - http-outgoing-20 << "HTTP/1.1 200 OK[\r][\n]"
12:52:05.886 [Forwarding findElement on session e96a05459a4fc14f92751217d7c87b39 to remote] DEBUG org.apache.http.wire - http-outgoing-20 << "Content-Length:88[\r][\n]"
12:52:05.886 [Forwarding findElement on session e96a05459a4fc14f92751217d7c87b39 to remote] DEBUG org.apache.http.wire - http-outgoing-20 << "Content-Type:application/json; charset=utf-8[\r][\n]"
12:52:05.886 [Forwarding findElement on session e96a05459a4fc14f92751217d7c87b39 to remote] DEBUG org.apache.http.wire - http-outgoing-20 << "cache-control:no-cache[\r][\n]"
12:52:05.886 [Forwarding findElement on session e96a05459a4fc14f92751217d7c87b39 to remote] DEBUG org.apache.http.wire - http-outgoing-20 << "[\r][\n]"
12:52:05.886 [Forwarding findElement on session e96a05459a4fc14f92751217d7c87b39 to remote] DEBUG org.apache.http.wire - http-outgoing-20 << "{"value":{"element-6066-11e4-a52e-4f735466cecf":"fe163e40-ab75-4079-b8f1-463d567ae819"}}"
12:52:05.886 [Forwarding findElement on session e96a05459a4fc14f92751217d7c87b39 to remote] DEBUG org.apache.http.headers - http-outgoing-20 << HTTP/1.1 200 OK
12:52:05.886 [Forwarding findElement on session e96a05459a4fc14f92751217d7c87b39 to remote] DEBUG org.apache.http.headers - http-outgoing-20 << Content-Length:88
12:52:05.886 [Forwarding findElement on session e96a05459a4fc14f92751217d7c87b39 to remote] DEBUG org.apache.http.headers - http-outgoing-20 << Content-Type:application/json; charset=utf-8
12:52:05.886 [Forwarding findElement on session e96a05459a4fc14f92751217d7c87b39 to remote] DEBUG org.apache.http.headers - http-outgoing-20 << cache-control:no-cache
12:52:05.886 [Forwarding findElement on session e96a05459a4fc14f92751217d7c87b39 to remote] DEBUG org.apache.http.impl.execchain.MainClientExec - Connection can be kept alive indefinitely
12:52:05.886 [Forwarding findElement on session e96a05459a4fc14f92751217d7c87b39 to remote] DEBUG org.apache.http.impl.conn.PoolingHttpClientConnectionManager - Connection [id: 20][route: {}->http://localhost:34178] can be kept alive indefinitely
12:52:05.886 [Forwarding findElement on session e96a05459a4fc14f92751217d7c87b39 to remote] DEBUG org.apache.http.impl.conn.PoolingHttpClientConnectionManager - Connection released: [id: 20][route: {}->http://localhost:34178][total kept alive: 3; route allocated: 1 of 2000; total allocated: 3 of 2000]
12:52:05.887 [Forwarding sendKeysToElement on session e96a05459a4fc14f92751217d7c87b39 to remote] DEBUG org.apache.http.client.protocol.RequestAddCookies - CookieSpec selected: default
12:52:05.887 [Forwarding sendKeysToElement on session e96a05459a4fc14f92751217d7c87b39 to remote] DEBUG org.apache.http.client.protocol.RequestAuthCache - Auth cache not set in the context
12:52:05.887 [Forwarding sendKeysToElement on session e96a05459a4fc14f92751217d7c87b39 to remote] DEBUG org.apache.http.impl.conn.PoolingHttpClientConnectionManager - Connection request: [route: {}->http://localhost:34178][total kept alive: 3; route allocated: 1 of 2000; total allocated: 3 of 2000]
12:52:05.887 [Forwarding sendKeysToElement on session e96a05459a4fc14f92751217d7c87b39 to remote] DEBUG org.apache.http.impl.conn.PoolingHttpClientConnectionManager - Connection leased: [id: 20][route: {}->http://localhost:34178][total kept alive: 2; route allocated: 1 of 2000; total allocated: 3 of 2000]
12:52:05.887 [Forwarding sendKeysToElement on session e96a05459a4fc14f92751217d7c87b39 to remote] DEBUG org.apache.http.impl.execchain.MainClientExec - Stale connection check
12:52:05.888 [Forwarding sendKeysToElement on session e96a05459a4fc14f92751217d7c87b39 to remote] DEBUG org.apache.http.wire - http-outgoing-20 << "[read] I/O error: Read timed out"
12:52:05.888 [Forwarding sendKeysToElement on session e96a05459a4fc14f92751217d7c87b39 to remote] DEBUG org.apache.http.impl.conn.DefaultManagedHttpClientConnection - http-outgoing-20: set socket timeout to 10800000
12:52:05.888 [Forwarding sendKeysToElement on session e96a05459a4fc14f92751217d7c87b39 to remote] DEBUG org.apache.http.impl.execchain.MainClientExec - Executing request POST /session/e96a05459a4fc14f92751217d7c87b39/element/fe163e40-ab75-4079-b8f1-463d567ae819/value HTTP/1.1
12:52:05.888 [Forwarding sendKeysToElement on session e96a05459a4fc14f92751217d7c87b39 to remote] DEBUG org.apache.http.impl.execchain.MainClientExec - Target auth state: UNCHALLENGED
12:52:05.888 [Forwarding sendKeysToElement on session e96a05459a4fc14f92751217d7c87b39 to remote] DEBUG org.apache.http.impl.execchain.MainClientExec - Proxy auth state: UNCHALLENGED
12:52:05.888 [Forwarding sendKeysToElement on session e96a05459a4fc14f92751217d7c87b39 to remote] DEBUG org.apache.http.headers - http-outgoing-20 >> POST /session/e96a05459a4fc14f92751217d7c87b39/element/fe163e40-ab75-4079-b8f1-463d567ae819/value HTTP/1.1
12:52:05.888 [Forwarding sendKeysToElement on session e96a05459a4fc14f92751217d7c87b39 to remote] DEBUG org.apache.http.headers - http-outgoing-20 >> Content-Type: application/json; charset=utf-8
12:52:05.888 [Forwarding sendKeysToElement on session e96a05459a4fc14f92751217d7c87b39 to remote] DEBUG org.apache.http.headers - http-outgoing-20 >> Content-Length: 385
12:52:05.888 [Forwarding sendKeysToElement on session e96a05459a4fc14f92751217d7c87b39 to remote] DEBUG org.apache.http.headers - http-outgoing-20 >> Host: localhost:34178
12:52:05.888 [Forwarding sendKeysToElement on session e96a05459a4fc14f92751217d7c87b39 to remote] DEBUG org.apache.http.headers - http-outgoing-20 >> Connection: Keep-Alive
12:52:05.888 [Forwarding sendKeysToElement on session e96a05459a4fc14f92751217d7c87b39 to remote] DEBUG org.apache.http.headers - http-outgoing-20 >> User-Agent: Apache-HttpClient/4.5.3 (Java/1.8.0_211)
12:52:05.888 [Forwarding sendKeysToElement on session e96a05459a4fc14f92751217d7c87b39 to remote] DEBUG org.apache.http.headers - http-outgoing-20 >> Accept-Encoding: gzip,deflate
12:52:05.888 [Forwarding sendKeysToElement on session e96a05459a4fc14f92751217d7c87b39 to remote] DEBUG org.apache.http.wire - http-outgoing-20 >> "POST /session/e96a05459a4fc14f92751217d7c87b39/element/fe163e40-ab75-4079-b8f1-463d567ae819/value HTTP/1.1[\r][\n]"
12:52:05.888 [Forwarding sendKeysToElement on session e96a05459a4fc14f92751217d7c87b39 to remote] DEBUG org.apache.http.wire - http-outgoing-20 >> "Content-Type: application/json; charset=utf-8[\r][\n]"
12:52:05.888 [Forwarding sendKeysToElement on session e96a05459a4fc14f92751217d7c87b39 to remote] DEBUG org.apache.http.wire - http-outgoing-20 >> "Content-Length: 385[\r][\n]"
12:52:05.888 [Forwarding sendKeysToElement on session e96a05459a4fc14f92751217d7c87b39 to remote] DEBUG org.apache.http.wire - http-outgoing-20 >> "Host: localhost:34178[\r][\n]"
12:52:05.888 [Forwarding sendKeysToElement on session e96a05459a4fc14f92751217d7c87b39 to remote] DEBUG org.apache.http.wire - http-outgoing-20 >> "Connection: Keep-Alive[\r][\n]"
12:52:05.888 [Forwarding sendKeysToElement on session e96a05459a4fc14f92751217d7c87b39 to remote] DEBUG org.apache.http.wire - http-outgoing-20 >> "User-Agent: Apache-HttpClient/4.5.3 (Java/1.8.0_211)[\r][\n]"
12:52:05.888 [Forwarding sendKeysToElement on session e96a05459a4fc14f92751217d7c87b39 to remote] DEBUG org.apache.http.wire - http-outgoing-20 >> "Accept-Encoding: gzip,deflate[\r][\n]"
12:52:05.888 [Forwarding sendKeysToElement on session e96a05459a4fc14f92751217d7c87b39 to remote] DEBUG org.apache.http.wire - http-outgoing-20 >> "[\r][\n]"
12:52:05.888 [Forwarding sendKeysToElement on session e96a05459a4fc14f92751217d7c87b39 to remote] DEBUG org.apache.http.wire - http-outgoing-20 >> "{"id":"fe163e40-ab75-4079-b8f1-463d567ae819","text":"de164ddc64b1783c3ebced73b32c479b3daa203cf323bd738a9ecfc4674d6017","value":["d","e","1","6","4","d","d","c","6","4","b","1","7","8","3","c","3","e","b","c","e","d","7","3","b","3","2","c","4","7","9","b","3","d","a","a","2","0","3","c","f","3","2","3","b","d","7","3","8","a","9","e","c","f","c","4","6","7","4","d","6","0","1","7"]}"
12:52:06.393 [Forwarding sendKeysToElement on session e96a05459a4fc14f92751217d7c87b39 to remote] DEBUG org.apache.http.wire - http-outgoing-20 << "HTTP/1.1 200 OK[\r][\n]"
12:52:06.393 [Forwarding sendKeysToElement on session e96a05459a4fc14f92751217d7c87b39 to remote] DEBUG org.apache.http.wire - http-outgoing-20 << "Content-Length:14[\r][\n]"
12:52:06.393 [Forwarding sendKeysToElement on session e96a05459a4fc14f92751217d7c87b39 to remote] DEBUG org.apache.http.wire - http-outgoing-20 << "Content-Type:application/json; charset=utf-8[\r][\n]"
12:52:06.393 [Forwarding sendKeysToElement on session e96a05459a4fc14f92751217d7c87b39 to remote] DEBUG org.apache.http.wire - http-outgoing-20 << "cache-control:no-cache[\r][\n]"
12:52:06.393 [Forwarding sendKeysToElement on session e96a05459a4fc14f92751217d7c87b39 to remote] DEBUG org.apache.http.wire - http-outgoing-20 << "[\r][\n]"
12:52:06.393 [Forwarding sendKeysToElement on session e96a05459a4fc14f92751217d7c87b39 to remote] DEBUG org.apache.http.wire - http-outgoing-20 << "{"value":null}"
12:52:06.393 [Forwarding sendKeysToElement on session e96a05459a4fc14f92751217d7c87b39 to remote] DEBUG org.apache.http.headers - http-outgoing-20 << HTTP/1.1 200 OK
12:52:06.393 [Forwarding sendKeysToElement on session e96a05459a4fc14f92751217d7c87b39 to remote] DEBUG org.apache.http.headers - http-outgoing-20 << Content-Length:14
12:52:06.393 [Forwarding sendKeysToElement on session e96a05459a4fc14f92751217d7c87b39 to remote] DEBUG org.apache.http.headers - http-outgoing-20 << Content-Type:application/json; charset=utf-8
12:52:06.393 [Forwarding sendKeysToElement on session e96a05459a4fc14f92751217d7c87b39 to remote] DEBUG org.apache.http.headers - http-outgoing-20 << cache-control:no-cache
12:52:06.393 [Forwarding sendKeysToElement on session e96a05459a4fc14f92751217d7c87b39 to remote] DEBUG org.apache.http.impl.execchain.MainClientExec - Connection can be kept alive indefinitely
12:52:06.393 [Forwarding sendKeysToElement on session e96a05459a4fc14f92751217d7c87b39 to remote] DEBUG org.apache.http.impl.conn.PoolingHttpClientConnectionManager - Connection [id: 20][route: {}->http://localhost:34178] can be kept alive indefinitely
12:52:06.393 [Forwarding sendKeysToElement on session e96a05459a4fc14f92751217d7c87b39 to remote] DEBUG org.apache.http.impl.conn.PoolingHttpClientConnectionManager - Connection released: [id: 20][route: {}->http://localhost:34178][total kept alive: 3; route allocated: 1 of 2000; total allocated: 3 of 2000]
12:52:06.394 [Forwarding findElement on session e96a05459a4fc14f92751217d7c87b39 to remote] DEBUG org.apache.http.client.protocol.RequestAddCookies - CookieSpec selected: default
12:52:06.394 [Forwarding findElement on session e96a05459a4fc14f92751217d7c87b39 to remote] DEBUG org.apache.http.client.protocol.RequestAuthCache - Auth cache not set in the context
12:52:06.394 [Forwarding findElement on session e96a05459a4fc14f92751217d7c87b39 to remote] DEBUG org.apache.http.impl.conn.PoolingHttpClientConnectionManager - Connection request: [route: {}->http://localhost:34178][total kept alive: 3; route allocated: 1 of 2000; total allocated: 3 of 2000]
12:52:06.394 [Forwarding findElement on session e96a05459a4fc14f92751217d7c87b39 to remote] DEBUG org.apache.http.impl.conn.PoolingHttpClientConnectionManager - Connection leased: [id: 20][route: {}->http://localhost:34178][total kept alive: 2; route allocated: 1 of 2000; total allocated: 3 of 2000]
12:52:06.394 [Forwarding findElement on session e96a05459a4fc14f92751217d7c87b39 to remote] DEBUG org.apache.http.impl.execchain.MainClientExec - Stale connection check
12:52:06.395 [Forwarding findElement on session e96a05459a4fc14f92751217d7c87b39 to remote] DEBUG org.apache.http.wire - http-outgoing-20 << "[read] I/O error: Read timed out"
12:52:06.395 [Forwarding findElement on session e96a05459a4fc14f92751217d7c87b39 to remote] DEBUG org.apache.http.impl.conn.DefaultManagedHttpClientConnection - http-outgoing-20: set socket timeout to 10800000
12:52:06.395 [Forwarding findElement on session e96a05459a4fc14f92751217d7c87b39 to remote] DEBUG org.apache.http.impl.execchain.MainClientExec - Executing request POST /session/e96a05459a4fc14f92751217d7c87b39/element HTTP/1.1
12:52:06.395 [Forwarding findElement on session e96a05459a4fc14f92751217d7c87b39 to remote] DEBUG org.apache.http.impl.execchain.MainClientExec - Target auth state: UNCHALLENGED
12:52:06.395 [Forwarding findElement on session e96a05459a4fc14f92751217d7c87b39 to remote] DEBUG org.apache.http.impl.execchain.MainClientExec - Proxy auth state: UNCHALLENGED
12:52:06.395 [Forwarding findElement on session e96a05459a4fc14f92751217d7c87b39 to remote] DEBUG org.apache.http.headers - http-outgoing-20 >> POST /session/e96a05459a4fc14f92751217d7c87b39/element HTTP/1.1
12:52:06.395 [Forwarding findElement on session e96a05459a4fc14f92751217d7c87b39 to remote] DEBUG org.apache.http.headers - http-outgoing-20 >> Content-Type: application/json; charset=utf-8
12:52:06.396 [Forwarding findElement on session e96a05459a4fc14f92751217d7c87b39 to remote] DEBUG org.apache.http.headers - http-outgoing-20 >> Content-Length: 59
12:52:06.396 [Forwarding findElement on session e96a05459a4fc14f92751217d7c87b39 to remote] DEBUG org.apache.http.headers - http-outgoing-20 >> Host: localhost:34178
12:52:06.396 [Forwarding findElement on session e96a05459a4fc14f92751217d7c87b39 to remote] DEBUG org.apache.http.headers - http-outgoing-20 >> Connection: Keep-Alive
12:52:06.396 [Forwarding findElement on session e96a05459a4fc14f92751217d7c87b39 to remote] DEBUG org.apache.http.headers - http-outgoing-20 >> User-Agent: Apache-HttpClient/4.5.3 (Java/1.8.0_211)
12:52:06.396 [Forwarding findElement on session e96a05459a4fc14f92751217d7c87b39 to remote] DEBUG org.apache.http.headers - http-outgoing-20 >> Accept-Encoding: gzip,deflate
12:52:06.396 [Forwarding findElement on session e96a05459a4fc14f92751217d7c87b39 to remote] DEBUG org.apache.http.wire - http-outgoing-20 >> "POST /session/e96a05459a4fc14f92751217d7c87b39/element HTTP/1.1[\r][\n]"
12:52:06.396 [Forwarding findElement on session e96a05459a4fc14f92751217d7c87b39 to remote] DEBUG org.apache.http.wire - http-outgoing-20 >> "Content-Type: application/json; charset=utf-8[\r][\n]"
12:52:06.396 [Forwarding findElement on session e96a05459a4fc14f92751217d7c87b39 to remote] DEBUG org.apache.http.wire - http-outgoing-20 >> "Content-Length: 59[\r][\n]"
12:52:06.396 [Forwarding findElement on session e96a05459a4fc14f92751217d7c87b39 to remote] DEBUG org.apache.http.wire - http-outgoing-20 >> "Host: localhost:34178[\r][\n]"
12:52:06.396 [Forwarding findElement on session e96a05459a4fc14f92751217d7c87b39 to remote] DEBUG org.apache.http.wire - http-outgoing-20 >> "Connection: Keep-Alive[\r][\n]"
12:52:06.396 [Forwarding findElement on session e96a05459a4fc14f92751217d7c87b39 to remote] DEBUG org.apache.http.wire - http-outgoing-20 >> "User-Agent: Apache-HttpClient/4.5.3 (Java/1.8.0_211)[\r][\n]"
12:52:06.396 [Forwarding findElement on session e96a05459a4fc14f92751217d7c87b39 to remote] DEBUG org.apache.http.wire - http-outgoing-20 >> "Accept-Encoding: gzip,deflate[\r][\n]"
12:52:06.396 [Forwarding findElement on session e96a05459a4fc14f92751217d7c87b39 to remote] DEBUG org.apache.http.wire - http-outgoing-20 >> "[\r][\n]"
12:52:06.396 [Forwarding findElement on session e96a05459a4fc14f92751217d7c87b39 to remote] DEBUG org.apache.http.wire - http-outgoing-20 >> "{"value":".btn-danger:nth-child(3)","using":"css selector"}"
12:52:06.401 [Forwarding findElement on session e96a05459a4fc14f92751217d7c87b39 to remote] DEBUG org.apache.http.wire - http-outgoing-20 << "HTTP/1.1 200 OK[\r][\n]"
12:52:06.401 [Forwarding findElement on session e96a05459a4fc14f92751217d7c87b39 to remote] DEBUG org.apache.http.wire - http-outgoing-20 << "Content-Length:88[\r][\n]"
12:52:06.401 [Forwarding findElement on session e96a05459a4fc14f92751217d7c87b39 to remote] DEBUG org.apache.http.wire - http-outgoing-20 << "Content-Type:application/json; charset=utf-8[\r][\n]"
12:52:06.401 [Forwarding findElement on session e96a05459a4fc14f92751217d7c87b39 to remote] DEBUG org.apache.http.wire - http-outgoing-20 << "cache-control:no-cache[\r][\n]"
12:52:06.401 [Forwarding findElement on session e96a05459a4fc14f92751217d7c87b39 to remote] DEBUG org.apache.http.wire - http-outgoing-20 << "[\r][\n]"
12:52:06.401 [Forwarding findElement on session e96a05459a4fc14f92751217d7c87b39 to remote] DEBUG org.apache.http.wire - http-outgoing-20 << "{"value":{"element-6066-11e4-a52e-4f735466cecf":"cb2a97ef-9fa7-4a55-9188-303e3dea50c2"}}"
12:52:06.401 [Forwarding findElement on session e96a05459a4fc14f92751217d7c87b39 to remote] DEBUG org.apache.http.headers - http-outgoing-20 << HTTP/1.1 200 OK
12:52:06.401 [Forwarding findElement on session e96a05459a4fc14f92751217d7c87b39 to remote] DEBUG org.apache.http.headers - http-outgoing-20 << Content-Length:88
12:52:06.401 [Forwarding findElement on session e96a05459a4fc14f92751217d7c87b39 to remote] DEBUG org.apache.http.headers - http-outgoing-20 << Content-Type:application/json; charset=utf-8
12:52:06.401 [Forwarding findElement on session e96a05459a4fc14f92751217d7c87b39 to remote] DEBUG org.apache.http.headers - http-outgoing-20 << cache-control:no-cache
12:52:06.401 [Forwarding findElement on session e96a05459a4fc14f92751217d7c87b39 to remote] DEBUG org.apache.http.impl.execchain.MainClientExec - Connection can be kept alive indefinitely
12:52:06.401 [Forwarding findElement on session e96a05459a4fc14f92751217d7c87b39 to remote] DEBUG org.apache.http.impl.conn.PoolingHttpClientConnectionManager - Connection [id: 20][route: {}->http://localhost:34178] can be kept alive indefinitely
12:52:06.401 [Forwarding findElement on session e96a05459a4fc14f92751217d7c87b39 to remote] DEBUG org.apache.http.impl.conn.PoolingHttpClientConnectionManager - Connection released: [id: 20][route: {}->http://localhost:34178][total kept alive: 3; route allocated: 1 of 2000; total allocated: 3 of 2000]
12:52:06.402 [Forwarding clickElement on session e96a05459a4fc14f92751217d7c87b39 to remote] DEBUG org.apache.http.client.protocol.RequestAddCookies - CookieSpec selected: default
12:52:06.402 [Forwarding clickElement on session e96a05459a4fc14f92751217d7c87b39 to remote] DEBUG org.apache.http.client.protocol.RequestAuthCache - Auth cache not set in the context
12:52:06.402 [Forwarding clickElement on session e96a05459a4fc14f92751217d7c87b39 to remote] DEBUG org.apache.http.impl.conn.PoolingHttpClientConnectionManager - Connection request: [route: {}->http://localhost:34178][total kept alive: 3; route allocated: 1 of 2000; total allocated: 3 of 2000]
12:52:06.402 [Forwarding clickElement on session e96a05459a4fc14f92751217d7c87b39 to remote] DEBUG org.apache.http.impl.conn.PoolingHttpClientConnectionManager - Connection leased: [id: 20][route: {}->http://localhost:34178][total kept alive: 2; route allocated: 1 of 2000; total allocated: 3 of 2000]
12:52:06.402 [Forwarding clickElement on session e96a05459a4fc14f92751217d7c87b39 to remote] DEBUG org.apache.http.impl.execchain.MainClientExec - Stale connection check
12:52:06.403 [Forwarding clickElement on session e96a05459a4fc14f92751217d7c87b39 to remote] DEBUG org.apache.http.wire - http-outgoing-20 << "[read] I/O error: Read timed out"
12:52:06.403 [Forwarding clickElement on session e96a05459a4fc14f92751217d7c87b39 to remote] DEBUG org.apache.http.impl.conn.DefaultManagedHttpClientConnection - http-outgoing-20: set socket timeout to 10800000
12:52:06.403 [Forwarding clickElement on session e96a05459a4fc14f92751217d7c87b39 to remote] DEBUG org.apache.http.impl.execchain.MainClientExec - Executing request POST /session/e96a05459a4fc14f92751217d7c87b39/element/cb2a97ef-9fa7-4a55-9188-303e3dea50c2/click HTTP/1.1
12:52:06.403 [Forwarding clickElement on session e96a05459a4fc14f92751217d7c87b39 to remote] DEBUG org.apache.http.impl.execchain.MainClientExec - Target auth state: UNCHALLENGED
12:52:06.403 [Forwarding clickElement on session e96a05459a4fc14f92751217d7c87b39 to remote] DEBUG org.apache.http.impl.execchain.MainClientExec - Proxy auth state: UNCHALLENGED
12:52:06.403 [Forwarding clickElement on session e96a05459a4fc14f92751217d7c87b39 to remote] DEBUG org.apache.http.headers - http-outgoing-20 >> POST /session/e96a05459a4fc14f92751217d7c87b39/element/cb2a97ef-9fa7-4a55-9188-303e3dea50c2/click HTTP/1.1
12:52:06.403 [Forwarding clickElement on session e96a05459a4fc14f92751217d7c87b39 to remote] DEBUG org.apache.http.headers - http-outgoing-20 >> Content-Type: application/json; charset=utf-8
12:52:06.403 [Forwarding clickElement on session e96a05459a4fc14f92751217d7c87b39 to remote] DEBUG org.apache.http.headers - http-outgoing-20 >> Content-Length: 45
12:52:06.403 [Forwarding clickElement on session e96a05459a4fc14f92751217d7c87b39 to remote] DEBUG org.apache.http.headers - http-outgoing-20 >> Host: localhost:34178
12:52:06.403 [Forwarding clickElement on session e96a05459a4fc14f92751217d7c87b39 to remote] DEBUG org.apache.http.headers - http-outgoing-20 >> Connection: Keep-Alive
12:52:06.403 [Forwarding clickElement on session e96a05459a4fc14f92751217d7c87b39 to remote] DEBUG org.apache.http.headers - http-outgoing-20 >> User-Agent: Apache-HttpClient/4.5.3 (Java/1.8.0_211)
12:52:06.403 [Forwarding clickElement on session e96a05459a4fc14f92751217d7c87b39 to remote] DEBUG org.apache.http.headers - http-outgoing-20 >> Accept-Encoding: gzip,deflate
12:52:06.403 [Forwarding clickElement on session e96a05459a4fc14f92751217d7c87b39 to remote] DEBUG org.apache.http.wire - http-outgoing-20 >> "POST /session/e96a05459a4fc14f92751217d7c87b39/element/cb2a97ef-9fa7-4a55-9188-303e3dea50c2/click HTTP/1.1[\r][\n]"
12:52:06.403 [Forwarding clickElement on session e96a05459a4fc14f92751217d7c87b39 to remote] DEBUG org.apache.http.wire - http-outgoing-20 >> "Content-Type: application/json; charset=utf-8[\r][\n]"
12:52:06.403 [Forwarding clickElement on session e96a05459a4fc14f92751217d7c87b39 to remote] DEBUG org.apache.http.wire - http-outgoing-20 >> "Content-Length: 45[\r][\n]"
12:52:06.403 [Forwarding clickElement on session e96a05459a4fc14f92751217d7c87b39 to remote] DEBUG org.apache.http.wire - http-outgoing-20 >> "Host: localhost:34178[\r][\n]"
12:52:06.403 [Forwarding clickElement on session e96a05459a4fc14f92751217d7c87b39 to remote] DEBUG org.apache.http.wire - http-outgoing-20 >> "Connection: Keep-Alive[\r][\n]"
12:52:06.403 [Forwarding clickElement on session e96a05459a4fc14f92751217d7c87b39 to remote] DEBUG org.apache.http.wire - http-outgoing-20 >> "User-Agent: Apache-HttpClient/4.5.3 (Java/1.8.0_211)[\r][\n]"
12:52:06.403 [Forwarding clickElement on session e96a05459a4fc14f92751217d7c87b39 to remote] DEBUG org.apache.http.wire - http-outgoing-20 >> "Accept-Encoding: gzip,deflate[\r][\n]"
12:52:06.403 [Forwarding clickElement on session e96a05459a4fc14f92751217d7c87b39 to remote] DEBUG org.apache.http.wire - http-outgoing-20 >> "[\r][\n]"
12:52:06.403 [Forwarding clickElement on session e96a05459a4fc14f92751217d7c87b39 to remote] DEBUG org.apache.http.wire - http-outgoing-20 >> "{"id":"cb2a97ef-9fa7-4a55-9188-303e3dea50c2"}"
12:52:06.546 [Forwarding clickElement on session e96a05459a4fc14f92751217d7c87b39 to remote] DEBUG org.apache.http.wire - http-outgoing-20 << "HTTP/1.1 200 OK[\r][\n]"
12:52:06.546 [Forwarding clickElement on session e96a05459a4fc14f92751217d7c87b39 to remote] DEBUG org.apache.http.wire - http-outgoing-20 << "Content-Length:14[\r][\n]"
12:52:06.546 [Forwarding clickElement on session e96a05459a4fc14f92751217d7c87b39 to remote] DEBUG org.apache.http.wire - http-outgoing-20 << "Content-Type:application/json; charset=utf-8[\r][\n]"
12:52:06.546 [Forwarding clickElement on session e96a05459a4fc14f92751217d7c87b39 to remote] DEBUG org.apache.http.wire - http-outgoing-20 << "cache-control:no-cache[\r][\n]"
12:52:06.546 [Forwarding clickElement on session e96a05459a4fc14f92751217d7c87b39 to remote] DEBUG org.apache.http.wire - http-outgoing-20 << "[\r][\n]"
12:52:06.546 [Forwarding clickElement on session e96a05459a4fc14f92751217d7c87b39 to remote] DEBUG org.apache.http.wire - http-outgoing-20 << "{"value":null}"
12:52:06.546 [Forwarding clickElement on session e96a05459a4fc14f92751217d7c87b39 to remote] DEBUG org.apache.http.headers - http-outgoing-20 << HTTP/1.1 200 OK
12:52:06.546 [Forwarding clickElement on session e96a05459a4fc14f92751217d7c87b39 to remote] DEBUG org.apache.http.headers - http-outgoing-20 << Content-Length:14
12:52:06.546 [Forwarding clickElement on session e96a05459a4fc14f92751217d7c87b39 to remote] DEBUG org.apache.http.headers - http-outgoing-20 << Content-Type:application/json; charset=utf-8
12:52:06.546 [Forwarding clickElement on session e96a05459a4fc14f92751217d7c87b39 to remote] DEBUG org.apache.http.headers - http-outgoing-20 << cache-control:no-cache
12:52:06.546 [Forwarding clickElement on session e96a05459a4fc14f92751217d7c87b39 to remote] DEBUG org.apache.http.impl.execchain.MainClientExec - Connection can be kept alive indefinitely
12:52:06.547 [Forwarding clickElement on session e96a05459a4fc14f92751217d7c87b39 to remote] DEBUG org.apache.http.impl.conn.PoolingHttpClientConnectionManager - Connection [id: 20][route: {}->http://localhost:34178] can be kept alive indefinitely
12:52:06.547 [Forwarding clickElement on session e96a05459a4fc14f92751217d7c87b39 to remote] DEBUG org.apache.http.impl.conn.PoolingHttpClientConnectionManager - Connection released: [id: 20][route: {}->http://localhost:34178][total kept alive: 3; route allocated: 1 of 2000; total allocated: 3 of 2000]
12:52:06.751 [Forwarding findElement on session e96a05459a4fc14f92751217d7c87b39 to remote] DEBUG org.apache.http.client.protocol.RequestAddCookies - CookieSpec selected: default
12:52:06.751 [Forwarding findElement on session e96a05459a4fc14f92751217d7c87b39 to remote] DEBUG org.apache.http.client.protocol.RequestAuthCache - Auth cache not set in the context
12:52:06.751 [Forwarding findElement on session e96a05459a4fc14f92751217d7c87b39 to remote] DEBUG org.apache.http.impl.conn.PoolingHttpClientConnectionManager - Connection request: [route: {}->http://localhost:34178][total kept alive: 3; route allocated: 1 of 2000; total allocated: 3 of 2000]
12:52:06.751 [Forwarding findElement on session e96a05459a4fc14f92751217d7c87b39 to remote] DEBUG org.apache.http.impl.conn.PoolingHttpClientConnectionManager - Connection leased: [id: 20][route: {}->http://localhost:34178][total kept alive: 2; route allocated: 1 of 2000; total allocated: 3 of 2000]
12:52:06.751 [Forwarding findElement on session e96a05459a4fc14f92751217d7c87b39 to remote] DEBUG org.apache.http.impl.execchain.MainClientExec - Stale connection check
12:52:06.753 [Forwarding findElement on session e96a05459a4fc14f92751217d7c87b39 to remote] DEBUG org.apache.http.wire - http-outgoing-20 << "[read] I/O error: Read timed out"
12:52:06.753 [Forwarding findElement on session e96a05459a4fc14f92751217d7c87b39 to remote] DEBUG org.apache.http.impl.conn.DefaultManagedHttpClientConnection - http-outgoing-20: set socket timeout to 10800000
12:52:06.753 [Forwarding findElement on session e96a05459a4fc14f92751217d7c87b39 to remote] DEBUG org.apache.http.impl.execchain.MainClientExec - Executing request POST /session/e96a05459a4fc14f92751217d7c87b39/element HTTP/1.1
12:52:06.753 [Forwarding findElement on session e96a05459a4fc14f92751217d7c87b39 to remote] DEBUG org.apache.http.impl.execchain.MainClientExec - Target auth state: UNCHALLENGED
12:52:06.753 [Forwarding findElement on session e96a05459a4fc14f92751217d7c87b39 to remote] DEBUG org.apache.http.impl.execchain.MainClientExec - Proxy auth state: UNCHALLENGED
12:52:06.753 [Forwarding findElement on session e96a05459a4fc14f92751217d7c87b39 to remote] DEBUG org.apache.http.headers - http-outgoing-20 >> POST /session/e96a05459a4fc14f92751217d7c87b39/element HTTP/1.1
12:52:06.753 [Forwarding findElement on session e96a05459a4fc14f92751217d7c87b39 to remote] DEBUG org.apache.http.headers - http-outgoing-20 >> Content-Type: application/json; charset=utf-8
12:52:06.753 [Forwarding findElement on session e96a05459a4fc14f92751217d7c87b39 to remote] DEBUG org.apache.http.headers - http-outgoing-20 >> Content-Length: 71
12:52:06.753 [Forwarding findElement on session e96a05459a4fc14f92751217d7c87b39 to remote] DEBUG org.apache.http.headers - http-outgoing-20 >> Host: localhost:34178
12:52:06.753 [Forwarding findElement on session e96a05459a4fc14f92751217d7c87b39 to remote] DEBUG org.apache.http.headers - http-outgoing-20 >> Connection: Keep-Alive
12:52:06.753 [Forwarding findElement on session e96a05459a4fc14f92751217d7c87b39 to remote] DEBUG org.apache.http.headers - http-outgoing-20 >> User-Agent: Apache-HttpClient/4.5.3 (Java/1.8.0_211)
12:52:06.753 [Forwarding findElement on session e96a05459a4fc14f92751217d7c87b39 to remote] DEBUG org.apache.http.headers - http-outgoing-20 >> Accept-Encoding: gzip,deflate
12:52:06.753 [Forwarding findElement on session e96a05459a4fc14f92751217d7c87b39 to remote] DEBUG org.apache.http.wire - http-outgoing-20 >> "POST /session/e96a05459a4fc14f92751217d7c87b39/element HTTP/1.1[\r][\n]"
12:52:06.753 [Forwarding findElement on session e96a05459a4fc14f92751217d7c87b39 to remote] DEBUG org.apache.http.wire - http-outgoing-20 >> "Content-Type: application/json; charset=utf-8[\r][\n]"
12:52:06.753 [Forwarding findElement on session e96a05459a4fc14f92751217d7c87b39 to remote] DEBUG org.apache.http.wire - http-outgoing-20 >> "Content-Length: 71[\r][\n]"
12:52:06.753 [Forwarding findElement on session e96a05459a4fc14f92751217d7c87b39 to remote] DEBUG org.apache.http.wire - http-outgoing-20 >> "Host: localhost:34178[\r][\n]"
12:52:06.753 [Forwarding findElement on session e96a05459a4fc14f92751217d7c87b39 to remote] DEBUG org.apache.http.wire - http-outgoing-20 >> "Connection: Keep-Alive[\r][\n]"
12:52:06.753 [Forwarding findElement on session e96a05459a4fc14f92751217d7c87b39 to remote] DEBUG org.apache.http.wire - http-outgoing-20 >> "User-Agent: Apache-HttpClient/4.5.3 (Java/1.8.0_211)[\r][\n]"
12:52:06.753 [Forwarding findElement on session e96a05459a4fc14f92751217d7c87b39 to remote] DEBUG org.apache.http.wire - http-outgoing-20 >> "Accept-Encoding: gzip,deflate[\r][\n]"
12:52:06.753 [Forwarding findElement on session e96a05459a4fc14f92751217d7c87b39 to remote] DEBUG org.apache.http.wire - http-outgoing-20 >> "[\r][\n]"
12:52:06.753 [Forwarding findElement on session e96a05459a4fc14f92751217d7c87b39 to remote] DEBUG org.apache.http.wire - http-outgoing-20 >> "{"value":".dropdown-toggle > span:nth-child(1)","using":"css selector"}"
12:52:08.045 [Forwarding findElement on session e96a05459a4fc14f92751217d7c87b39 to remote] DEBUG org.apache.http.wire - http-outgoing-20 << "HTTP/1.1 200 OK[\r][\n]"
12:52:08.045 [Forwarding findElement on session e96a05459a4fc14f92751217d7c87b39 to remote] DEBUG org.apache.http.wire - http-outgoing-20 << "Content-Length:88[\r][\n]"
12:52:08.045 [Forwarding findElement on session e96a05459a4fc14f92751217d7c87b39 to remote] DEBUG org.apache.http.wire - http-outgoing-20 << "Content-Type:application/json; charset=utf-8[\r][\n]"
12:52:08.045 [Forwarding findElement on session e96a05459a4fc14f92751217d7c87b39 to remote] DEBUG org.apache.http.wire - http-outgoing-20 << "cache-control:no-cache[\r][\n]"
12:52:08.045 [Forwarding findElement on session e96a05459a4fc14f92751217d7c87b39 to remote] DEBUG org.apache.http.wire - http-outgoing-20 << "[\r][\n]"
12:52:08.045 [Forwarding findElement on session e96a05459a4fc14f92751217d7c87b39 to remote] DEBUG org.apache.http.wire - http-outgoing-20 << "{"value":{"element-6066-11e4-a52e-4f735466cecf":"f7034f79-5a53-4b07-b168-b16a09ba00d1"}}"
12:52:08.045 [Forwarding findElement on session e96a05459a4fc14f92751217d7c87b39 to remote] DEBUG org.apache.http.headers - http-outgoing-20 << HTTP/1.1 200 OK
12:52:08.045 [Forwarding findElement on session e96a05459a4fc14f92751217d7c87b39 to remote] DEBUG org.apache.http.headers - http-outgoing-20 << Content-Length:88
12:52:08.045 [Forwarding findElement on session e96a05459a4fc14f92751217d7c87b39 to remote] DEBUG org.apache.http.headers - http-outgoing-20 << Content-Type:application/json; charset=utf-8
12:52:08.045 [Forwarding findElement on session e96a05459a4fc14f92751217d7c87b39 to remote] DEBUG org.apache.http.headers - http-outgoing-20 << cache-control:no-cache
12:52:08.045 [Forwarding findElement on session e96a05459a4fc14f92751217d7c87b39 to remote] DEBUG org.apache.http.impl.execchain.MainClientExec - Connection can be kept alive indefinitely
12:52:08.045 [Forwarding findElement on session e96a05459a4fc14f92751217d7c87b39 to remote] DEBUG org.apache.http.impl.conn.PoolingHttpClientConnectionManager - Connection [id: 20][route: {}->http://localhost:34178] can be kept alive indefinitely
12:52:08.045 [Forwarding findElement on session e96a05459a4fc14f92751217d7c87b39 to remote] DEBUG org.apache.http.impl.conn.PoolingHttpClientConnectionManager - Connection released: [id: 20][route: {}->http://localhost:34178][total kept alive: 3; route allocated: 1 of 2000; total allocated: 3 of 2000]
12:52:08.046 [Forwarding clickElement on session e96a05459a4fc14f92751217d7c87b39 to remote] DEBUG org.apache.http.client.protocol.RequestAddCookies - CookieSpec selected: default
12:52:08.046 [Forwarding clickElement on session e96a05459a4fc14f92751217d7c87b39 to remote] DEBUG org.apache.http.client.protocol.RequestAuthCache - Auth cache not set in the context
12:52:08.046 [Forwarding clickElement on session e96a05459a4fc14f92751217d7c87b39 to remote] DEBUG org.apache.http.impl.conn.PoolingHttpClientConnectionManager - Connection request: [route: {}->http://localhost:34178][total kept alive: 3; route allocated: 1 of 2000; total allocated: 3 of 2000]
12:52:08.046 [Forwarding clickElement on session e96a05459a4fc14f92751217d7c87b39 to remote] DEBUG org.apache.http.impl.conn.PoolingHttpClientConnectionManager - Connection leased: [id: 20][route: {}->http://localhost:34178][total kept alive: 2; route allocated: 1 of 2000; total allocated: 3 of 2000]
12:52:08.046 [Forwarding clickElement on session e96a05459a4fc14f92751217d7c87b39 to remote] DEBUG org.apache.http.impl.execchain.MainClientExec - Stale connection check
12:52:08.047 [Forwarding clickElement on session e96a05459a4fc14f92751217d7c87b39 to remote] DEBUG org.apache.http.wire - http-outgoing-20 << "[read] I/O error: Read timed out"
12:52:08.047 [Forwarding clickElement on session e96a05459a4fc14f92751217d7c87b39 to remote] DEBUG org.apache.http.impl.conn.DefaultManagedHttpClientConnection - http-outgoing-20: set socket timeout to 10800000
12:52:08.047 [Forwarding clickElement on session e96a05459a4fc14f92751217d7c87b39 to remote] DEBUG org.apache.http.impl.execchain.MainClientExec - Executing request POST /session/e96a05459a4fc14f92751217d7c87b39/element/f7034f79-5a53-4b07-b168-b16a09ba00d1/click HTTP/1.1
12:52:08.047 [Forwarding clickElement on session e96a05459a4fc14f92751217d7c87b39 to remote] DEBUG org.apache.http.impl.execchain.MainClientExec - Target auth state: UNCHALLENGED
12:52:08.047 [Forwarding clickElement on session e96a05459a4fc14f92751217d7c87b39 to remote] DEBUG org.apache.http.impl.execchain.MainClientExec - Proxy auth state: UNCHALLENGED
12:52:08.047 [Forwarding clickElement on session e96a05459a4fc14f92751217d7c87b39 to remote] DEBUG org.apache.http.headers - http-outgoing-20 >> POST /session/e96a05459a4fc14f92751217d7c87b39/element/f7034f79-5a53-4b07-b168-b16a09ba00d1/click HTTP/1.1
12:52:08.047 [Forwarding clickElement on session e96a05459a4fc14f92751217d7c87b39 to remote] DEBUG org.apache.http.headers - http-outgoing-20 >> Content-Type: application/json; charset=utf-8
12:52:08.047 [Forwarding clickElement on session e96a05459a4fc14f92751217d7c87b39 to remote] DEBUG org.apache.http.headers - http-outgoing-20 >> Content-Length: 45
12:52:08.047 [Forwarding clickElement on session e96a05459a4fc14f92751217d7c87b39 to remote] DEBUG org.apache.http.headers - http-outgoing-20 >> Host: localhost:34178
12:52:08.047 [Forwarding clickElement on session e96a05459a4fc14f92751217d7c87b39 to remote] DEBUG org.apache.http.headers - http-outgoing-20 >> Connection: Keep-Alive
12:52:08.048 [Forwarding clickElement on session e96a05459a4fc14f92751217d7c87b39 to remote] DEBUG org.apache.http.headers - http-outgoing-20 >> User-Agent: Apache-HttpClient/4.5.3 (Java/1.8.0_211)
12:52:08.048 [Forwarding clickElement on session e96a05459a4fc14f92751217d7c87b39 to remote] DEBUG org.apache.http.headers - http-outgoing-20 >> Accept-Encoding: gzip,deflate
12:52:08.048 [Forwarding clickElement on session e96a05459a4fc14f92751217d7c87b39 to remote] DEBUG org.apache.http.wire - http-outgoing-20 >> "POST /session/e96a05459a4fc14f92751217d7c87b39/element/f7034f79-5a53-4b07-b168-b16a09ba00d1/click HTTP/1.1[\r][\n]"
12:52:08.048 [Forwarding clickElement on session e96a05459a4fc14f92751217d7c87b39 to remote] DEBUG org.apache.http.wire - http-outgoing-20 >> "Content-Type: application/json; charset=utf-8[\r][\n]"
12:52:08.048 [Forwarding clickElement on session e96a05459a4fc14f92751217d7c87b39 to remote] DEBUG org.apache.http.wire - http-outgoing-20 >> "Content-Length: 45[\r][\n]"
12:52:08.048 [Forwarding clickElement on session e96a05459a4fc14f92751217d7c87b39 to remote] DEBUG org.apache.http.wire - http-outgoing-20 >> "Host: localhost:34178[\r][\n]"
12:52:08.048 [Forwarding clickElement on session e96a05459a4fc14f92751217d7c87b39 to remote] DEBUG org.apache.http.wire - http-outgoing-20 >> "Connection: Keep-Alive[\r][\n]"
12:52:08.048 [Forwarding clickElement on session e96a05459a4fc14f92751217d7c87b39 to remote] DEBUG org.apache.http.wire - http-outgoing-20 >> "User-Agent: Apache-HttpClient/4.5.3 (Java/1.8.0_211)[\r][\n]"
12:52:08.048 [Forwarding clickElement on session e96a05459a4fc14f92751217d7c87b39 to remote] DEBUG org.apache.http.wire - http-outgoing-20 >> "Accept-Encoding: gzip,deflate[\r][\n]"
12:52:08.048 [Forwarding clickElement on session e96a05459a4fc14f92751217d7c87b39 to remote] DEBUG org.apache.http.wire - http-outgoing-20 >> "[\r][\n]"
12:52:08.048 [Forwarding clickElement on session e96a05459a4fc14f92751217d7c87b39 to remote] DEBUG org.apache.http.wire - http-outgoing-20 >> "{"id":"f7034f79-5a53-4b07-b168-b16a09ba00d1"}"
12:52:08.088 [Forwarding clickElement on session e96a05459a4fc14f92751217d7c87b39 to remote] DEBUG org.apache.http.wire - http-outgoing-20 << "HTTP/1.1 200 OK[\r][\n]"
12:52:08.088 [Forwarding clickElement on session e96a05459a4fc14f92751217d7c87b39 to remote] DEBUG org.apache.http.wire - http-outgoing-20 << "Content-Length:14[\r][\n]"
12:52:08.088 [Forwarding clickElement on session e96a05459a4fc14f92751217d7c87b39 to remote] DEBUG org.apache.http.wire - http-outgoing-20 << "Content-Type:application/json; charset=utf-8[\r][\n]"
12:52:08.088 [Forwarding clickElement on session e96a05459a4fc14f92751217d7c87b39 to remote] DEBUG org.apache.http.wire - http-outgoing-20 << "cache-control:no-cache[\r][\n]"
12:52:08.088 [Forwarding clickElement on session e96a05459a4fc14f92751217d7c87b39 to remote] DEBUG org.apache.http.wire - http-outgoing-20 << "[\r][\n]"
12:52:08.088 [Forwarding clickElement on session e96a05459a4fc14f92751217d7c87b39 to remote] DEBUG org.apache.http.wire - http-outgoing-20 << "{"value":null}"
12:52:08.089 [Forwarding clickElement on session e96a05459a4fc14f92751217d7c87b39 to remote] DEBUG org.apache.http.headers - http-outgoing-20 << HTTP/1.1 200 OK
12:52:08.089 [Forwarding clickElement on session e96a05459a4fc14f92751217d7c87b39 to remote] DEBUG org.apache.http.headers - http-outgoing-20 << Content-Length:14
12:52:08.089 [Forwarding clickElement on session e96a05459a4fc14f92751217d7c87b39 to remote] DEBUG org.apache.http.headers - http-outgoing-20 << Content-Type:application/json; charset=utf-8
12:52:08.089 [Forwarding clickElement on session e96a05459a4fc14f92751217d7c87b39 to remote] DEBUG org.apache.http.headers - http-outgoing-20 << cache-control:no-cache
12:52:08.089 [Forwarding clickElement on session e96a05459a4fc14f92751217d7c87b39 to remote] DEBUG org.apache.http.impl.execchain.MainClientExec - Connection can be kept alive indefinitely
12:52:08.089 [Forwarding clickElement on session e96a05459a4fc14f92751217d7c87b39 to remote] DEBUG org.apache.http.impl.conn.PoolingHttpClientConnectionManager - Connection [id: 20][route: {}->http://localhost:34178] can be kept alive indefinitely
12:52:08.089 [Forwarding clickElement on session e96a05459a4fc14f92751217d7c87b39 to remote] DEBUG org.apache.http.impl.conn.PoolingHttpClientConnectionManager - Connection released: [id: 20][route: {}->http://localhost:34178][total kept alive: 3; route allocated: 1 of 2000; total allocated: 3 of 2000]
12:52:08.089 [Forwarding findElement on session e96a05459a4fc14f92751217d7c87b39 to remote] DEBUG org.apache.http.client.protocol.RequestAddCookies - CookieSpec selected: default
12:52:08.089 [Forwarding findElement on session e96a05459a4fc14f92751217d7c87b39 to remote] DEBUG org.apache.http.client.protocol.RequestAuthCache - Auth cache not set in the context
12:52:08.089 [Forwarding findElement on session e96a05459a4fc14f92751217d7c87b39 to remote] DEBUG org.apache.http.impl.conn.PoolingHttpClientConnectionManager - Connection request: [route: {}->http://localhost:34178][total kept alive: 3; route allocated: 1 of 2000; total allocated: 3 of 2000]
12:52:08.089 [Forwarding findElement on session e96a05459a4fc14f92751217d7c87b39 to remote] DEBUG org.apache.http.impl.conn.PoolingHttpClientConnectionManager - Connection leased: [id: 20][route: {}->http://localhost:34178][total kept alive: 2; route allocated: 1 of 2000; total allocated: 3 of 2000]
12:52:08.089 [Forwarding findElement on session e96a05459a4fc14f92751217d7c87b39 to remote] DEBUG org.apache.http.impl.execchain.MainClientExec - Stale connection check
12:52:08.090 [Forwarding findElement on session e96a05459a4fc14f92751217d7c87b39 to remote] DEBUG org.apache.http.wire - http-outgoing-20 << "[read] I/O error: Read timed out"
12:52:08.090 [Forwarding findElement on session e96a05459a4fc14f92751217d7c87b39 to remote] DEBUG org.apache.http.impl.conn.DefaultManagedHttpClientConnection - http-outgoing-20: set socket timeout to 10800000
12:52:08.090 [Forwarding findElement on session e96a05459a4fc14f92751217d7c87b39 to remote] DEBUG org.apache.http.impl.execchain.MainClientExec - Executing request POST /session/e96a05459a4fc14f92751217d7c87b39/element HTTP/1.1
12:52:08.090 [Forwarding findElement on session e96a05459a4fc14f92751217d7c87b39 to remote] DEBUG org.apache.http.impl.execchain.MainClientExec - Target auth state: UNCHALLENGED
12:52:08.090 [Forwarding findElement on session e96a05459a4fc14f92751217d7c87b39 to remote] DEBUG org.apache.http.impl.execchain.MainClientExec - Proxy auth state: UNCHALLENGED
12:52:08.090 [Forwarding findElement on session e96a05459a4fc14f92751217d7c87b39 to remote] DEBUG org.apache.http.headers - http-outgoing-20 >> POST /session/e96a05459a4fc14f92751217d7c87b39/element HTTP/1.1
12:52:08.091 [Forwarding findElement on session e96a05459a4fc14f92751217d7c87b39 to remote] DEBUG org.apache.http.headers - http-outgoing-20 >> Content-Type: application/json; charset=utf-8
12:52:08.091 [Forwarding findElement on session e96a05459a4fc14f92751217d7c87b39 to remote] DEBUG org.apache.http.headers - http-outgoing-20 >> Content-Length: 61
12:52:08.091 [Forwarding findElement on session e96a05459a4fc14f92751217d7c87b39 to remote] DEBUG org.apache.http.headers - http-outgoing-20 >> Host: localhost:34178
12:52:08.091 [Forwarding findElement on session e96a05459a4fc14f92751217d7c87b39 to remote] DEBUG org.apache.http.headers - http-outgoing-20 >> Connection: Keep-Alive
12:52:08.091 [Forwarding findElement on session e96a05459a4fc14f92751217d7c87b39 to remote] DEBUG org.apache.http.headers - http-outgoing-20 >> User-Agent: Apache-HttpClient/4.5.3 (Java/1.8.0_211)
12:52:08.091 [Forwarding findElement on session e96a05459a4fc14f92751217d7c87b39 to remote] DEBUG org.apache.http.headers - http-outgoing-20 >> Accept-Encoding: gzip,deflate
12:52:08.091 [Forwarding findElement on session e96a05459a4fc14f92751217d7c87b39 to remote] DEBUG org.apache.http.wire - http-outgoing-20 >> "POST /session/e96a05459a4fc14f92751217d7c87b39/element HTTP/1.1[\r][\n]"
12:52:08.091 [Forwarding findElement on session e96a05459a4fc14f92751217d7c87b39 to remote] DEBUG org.apache.http.wire - http-outgoing-20 >> "Content-Type: application/json; charset=utf-8[\r][\n]"
12:52:08.091 [Forwarding findElement on session e96a05459a4fc14f92751217d7c87b39 to remote] DEBUG org.apache.http.wire - http-outgoing-20 >> "Content-Length: 61[\r][\n]"
12:52:08.091 [Forwarding findElement on session e96a05459a4fc14f92751217d7c87b39 to remote] DEBUG org.apache.http.wire - http-outgoing-20 >> "Host: localhost:34178[\r][\n]"
12:52:08.091 [Forwarding findElement on session e96a05459a4fc14f92751217d7c87b39 to remote] DEBUG org.apache.http.wire - http-outgoing-20 >> "Connection: Keep-Alive[\r][\n]"
12:52:08.091 [Forwarding findElement on session e96a05459a4fc14f92751217d7c87b39 to remote] DEBUG org.apache.http.wire - http-outgoing-20 >> "User-Agent: Apache-HttpClient/4.5.3 (Java/1.8.0_211)[\r][\n]"
12:52:08.091 [Forwarding findElement on session e96a05459a4fc14f92751217d7c87b39 to remote] DEBUG org.apache.http.wire - http-outgoing-20 >> "Accept-Encoding: gzip,deflate[\r][\n]"
12:52:08.091 [Forwarding findElement on session e96a05459a4fc14f92751217d7c87b39 to remote] DEBUG org.apache.http.wire - http-outgoing-20 >> "[\r][\n]"
12:52:08.091 [Forwarding findElement on session e96a05459a4fc14f92751217d7c87b39 to remote] DEBUG org.apache.http.wire - http-outgoing-20 >> "{"value":".justify-content-end > div","using":"css selector"}"
12:52:08.095 [Forwarding findElement on session e96a05459a4fc14f92751217d7c87b39 to remote] DEBUG org.apache.http.wire - http-outgoing-20 << "HTTP/1.1 200 OK[\r][\n]"
12:52:08.095 [Forwarding findElement on session e96a05459a4fc14f92751217d7c87b39 to remote] DEBUG org.apache.http.wire - http-outgoing-20 << "Content-Length:88[\r][\n]"
12:52:08.095 [Forwarding findElement on session e96a05459a4fc14f92751217d7c87b39 to remote] DEBUG org.apache.http.wire - http-outgoing-20 << "Content-Type:application/json; charset=utf-8[\r][\n]"
12:52:08.095 [Forwarding findElement on session e96a05459a4fc14f92751217d7c87b39 to remote] DEBUG org.apache.http.wire - http-outgoing-20 << "cache-control:no-cache[\r][\n]"
12:52:08.095 [Forwarding findElement on session e96a05459a4fc14f92751217d7c87b39 to remote] DEBUG org.apache.http.wire - http-outgoing-20 << "[\r][\n]"
12:52:08.095 [Forwarding findElement on session e96a05459a4fc14f92751217d7c87b39 to remote] DEBUG org.apache.http.wire - http-outgoing-20 << "{"value":{"element-6066-11e4-a52e-4f735466cecf":"3fbdcb22-20fd-4721-ab80-3a1f445c081c"}}"
12:52:08.095 [Forwarding findElement on session e96a05459a4fc14f92751217d7c87b39 to remote] DEBUG org.apache.http.headers - http-outgoing-20 << HTTP/1.1 200 OK
12:52:08.095 [Forwarding findElement on session e96a05459a4fc14f92751217d7c87b39 to remote] DEBUG org.apache.http.headers - http-outgoing-20 << Content-Length:88
12:52:08.095 [Forwarding findElement on session e96a05459a4fc14f92751217d7c87b39 to remote] DEBUG org.apache.http.headers - http-outgoing-20 << Content-Type:application/json; charset=utf-8
12:52:08.095 [Forwarding findElement on session e96a05459a4fc14f92751217d7c87b39 to remote] DEBUG org.apache.http.headers - http-outgoing-20 << cache-control:no-cache
12:52:08.095 [Forwarding findElement on session e96a05459a4fc14f92751217d7c87b39 to remote] DEBUG org.apache.http.impl.execchain.MainClientExec - Connection can be kept alive indefinitely
12:52:08.096 [Forwarding findElement on session e96a05459a4fc14f92751217d7c87b39 to remote] DEBUG org.apache.http.impl.conn.PoolingHttpClientConnectionManager - Connection [id: 20][route: {}->http://localhost:34178] can be kept alive indefinitely
12:52:08.096 [Forwarding findElement on session e96a05459a4fc14f92751217d7c87b39 to remote] DEBUG org.apache.http.impl.conn.PoolingHttpClientConnectionManager - Connection released: [id: 20][route: {}->http://localhost:34178][total kept alive: 3; route allocated: 1 of 2000; total allocated: 3 of 2000]
12:52:08.096 [Forwarding clickElement on session e96a05459a4fc14f92751217d7c87b39 to remote] DEBUG org.apache.http.client.protocol.RequestAddCookies - CookieSpec selected: default
12:52:08.096 [Forwarding clickElement on session e96a05459a4fc14f92751217d7c87b39 to remote] DEBUG org.apache.http.client.protocol.RequestAuthCache - Auth cache not set in the context
12:52:08.096 [Forwarding clickElement on session e96a05459a4fc14f92751217d7c87b39 to remote] DEBUG org.apache.http.impl.conn.PoolingHttpClientConnectionManager - Connection request: [route: {}->http://localhost:34178][total kept alive: 3; route allocated: 1 of 2000; total allocated: 3 of 2000]
12:52:08.096 [Forwarding clickElement on session e96a05459a4fc14f92751217d7c87b39 to remote] DEBUG org.apache.http.impl.conn.PoolingHttpClientConnectionManager - Connection leased: [id: 20][route: {}->http://localhost:34178][total kept alive: 2; route allocated: 1 of 2000; total allocated: 3 of 2000]
12:52:08.096 [Forwarding clickElement on session e96a05459a4fc14f92751217d7c87b39 to remote] DEBUG org.apache.http.impl.execchain.MainClientExec - Stale connection check
12:52:08.098 [Forwarding clickElement on session e96a05459a4fc14f92751217d7c87b39 to remote] DEBUG org.apache.http.wire - http-outgoing-20 << "[read] I/O error: Read timed out"
12:52:08.098 [Forwarding clickElement on session e96a05459a4fc14f92751217d7c87b39 to remote] DEBUG org.apache.http.impl.conn.DefaultManagedHttpClientConnection - http-outgoing-20: set socket timeout to 10800000
12:52:08.098 [Forwarding clickElement on session e96a05459a4fc14f92751217d7c87b39 to remote] DEBUG org.apache.http.impl.execchain.MainClientExec - Executing request POST /session/e96a05459a4fc14f92751217d7c87b39/element/3fbdcb22-20fd-4721-ab80-3a1f445c081c/click HTTP/1.1
12:52:08.098 [Forwarding clickElement on session e96a05459a4fc14f92751217d7c87b39 to remote] DEBUG org.apache.http.impl.execchain.MainClientExec - Target auth state: UNCHALLENGED
12:52:08.098 [Forwarding clickElement on session e96a05459a4fc14f92751217d7c87b39 to remote] DEBUG org.apache.http.impl.execchain.MainClientExec - Proxy auth state: UNCHALLENGED
12:52:08.098 [Forwarding clickElement on session e96a05459a4fc14f92751217d7c87b39 to remote] DEBUG org.apache.http.headers - http-outgoing-20 >> POST /session/e96a05459a4fc14f92751217d7c87b39/element/3fbdcb22-20fd-4721-ab80-3a1f445c081c/click HTTP/1.1
12:52:08.098 [Forwarding clickElement on session e96a05459a4fc14f92751217d7c87b39 to remote] DEBUG org.apache.http.headers - http-outgoing-20 >> Content-Type: application/json; charset=utf-8
12:52:08.098 [Forwarding clickElement on session e96a05459a4fc14f92751217d7c87b39 to remote] DEBUG org.apache.http.headers - http-outgoing-20 >> Content-Length: 45
12:52:08.098 [Forwarding clickElement on session e96a05459a4fc14f92751217d7c87b39 to remote] DEBUG org.apache.http.headers - http-outgoing-20 >> Host: localhost:34178
12:52:08.098 [Forwarding clickElement on session e96a05459a4fc14f92751217d7c87b39 to remote] DEBUG org.apache.http.headers - http-outgoing-20 >> Connection: Keep-Alive
12:52:08.098 [Forwarding clickElement on session e96a05459a4fc14f92751217d7c87b39 to remote] DEBUG org.apache.http.headers - http-outgoing-20 >> User-Agent: Apache-HttpClient/4.5.3 (Java/1.8.0_211)
12:52:08.098 [Forwarding clickElement on session e96a05459a4fc14f92751217d7c87b39 to remote] DEBUG org.apache.http.headers - http-outgoing-20 >> Accept-Encoding: gzip,deflate
12:52:08.098 [Forwarding clickElement on session e96a05459a4fc14f92751217d7c87b39 to remote] DEBUG org.apache.http.wire - http-outgoing-20 >> "POST /session/e96a05459a4fc14f92751217d7c87b39/element/3fbdcb22-20fd-4721-ab80-3a1f445c081c/click HTTP/1.1[\r][\n]"
12:52:08.098 [Forwarding clickElement on session e96a05459a4fc14f92751217d7c87b39 to remote] DEBUG org.apache.http.wire - http-outgoing-20 >> "Content-Type: application/json; charset=utf-8[\r][\n]"
12:52:08.098 [Forwarding clickElement on session e96a05459a4fc14f92751217d7c87b39 to remote] DEBUG org.apache.http.wire - http-outgoing-20 >> "Content-Length: 45[\r][\n]"
12:52:08.098 [Forwarding clickElement on session e96a05459a4fc14f92751217d7c87b39 to remote] DEBUG org.apache.http.wire - http-outgoing-20 >> "Host: localhost:34178[\r][\n]"
12:52:08.098 [Forwarding clickElement on session e96a05459a4fc14f92751217d7c87b39 to remote] DEBUG org.apache.http.wire - http-outgoing-20 >> "Connection: Keep-Alive[\r][\n]"
12:52:08.098 [Forwarding clickElement on session e96a05459a4fc14f92751217d7c87b39 to remote] DEBUG org.apache.http.wire - http-outgoing-20 >> "User-Agent: Apache-HttpClient/4.5.3 (Java/1.8.0_211)[\r][\n]"
12:52:08.098 [Forwarding clickElement on session e96a05459a4fc14f92751217d7c87b39 to remote] DEBUG org.apache.http.wire - http-outgoing-20 >> "Accept-Encoding: gzip,deflate[\r][\n]"
12:52:08.098 [Forwarding clickElement on session e96a05459a4fc14f92751217d7c87b39 to remote] DEBUG org.apache.http.wire - http-outgoing-20 >> "[\r][\n]"
12:52:08.098 [Forwarding clickElement on session e96a05459a4fc14f92751217d7c87b39 to remote] DEBUG org.apache.http.wire - http-outgoing-20 >> "{"id":"3fbdcb22-20fd-4721-ab80-3a1f445c081c"}"
12:52:08.155 [Forwarding clickElement on session e96a05459a4fc14f92751217d7c87b39 to remote] DEBUG org.apache.http.wire - http-outgoing-20 << "HTTP/1.1 200 OK[\r][\n]"
12:52:08.156 [Forwarding clickElement on session e96a05459a4fc14f92751217d7c87b39 to remote] DEBUG org.apache.http.wire - http-outgoing-20 << "Content-Length:14[\r][\n]"
12:52:08.156 [Forwarding clickElement on session e96a05459a4fc14f92751217d7c87b39 to remote] DEBUG org.apache.http.wire - http-outgoing-20 << "Content-Type:application/json; charset=utf-8[\r][\n]"
12:52:08.156 [Forwarding clickElement on session e96a05459a4fc14f92751217d7c87b39 to remote] DEBUG org.apache.http.wire - http-outgoing-20 << "cache-control:no-cache[\r][\n]"
12:52:08.156 [Forwarding clickElement on session e96a05459a4fc14f92751217d7c87b39 to remote] DEBUG org.apache.http.wire - http-outgoing-20 << "[\r][\n]"
12:52:08.156 [Forwarding clickElement on session e96a05459a4fc14f92751217d7c87b39 to remote] DEBUG org.apache.http.wire - http-outgoing-20 << "{"value":null}"
12:52:08.156 [Forwarding clickElement on session e96a05459a4fc14f92751217d7c87b39 to remote] DEBUG org.apache.http.headers - http-outgoing-20 << HTTP/1.1 200 OK
12:52:08.156 [Forwarding clickElement on session e96a05459a4fc14f92751217d7c87b39 to remote] DEBUG org.apache.http.headers - http-outgoing-20 << Content-Length:14
12:52:08.156 [Forwarding clickElement on session e96a05459a4fc14f92751217d7c87b39 to remote] DEBUG org.apache.http.headers - http-outgoing-20 << Content-Type:application/json; charset=utf-8
12:52:08.156 [Forwarding clickElement on session e96a05459a4fc14f92751217d7c87b39 to remote] DEBUG org.apache.http.headers - http-outgoing-20 << cache-control:no-cache
12:52:08.156 [Forwarding clickElement on session e96a05459a4fc14f92751217d7c87b39 to remote] DEBUG org.apache.http.impl.execchain.MainClientExec - Connection can be kept alive indefinitely
12:52:08.156 [Forwarding clickElement on session e96a05459a4fc14f92751217d7c87b39 to remote] DEBUG org.apache.http.impl.conn.PoolingHttpClientConnectionManager - Connection [id: 20][route: {}->http://localhost:34178] can be kept alive indefinitely
12:52:08.156 [Forwarding clickElement on session e96a05459a4fc14f92751217d7c87b39 to remote] DEBUG org.apache.http.impl.conn.PoolingHttpClientConnectionManager - Connection released: [id: 20][route: {}->http://localhost:34178][total kept alive: 3; route allocated: 1 of 2000; total allocated: 3 of 2000]
12:52:08.156 [Forwarding findElement on session e96a05459a4fc14f92751217d7c87b39 to remote] DEBUG org.apache.http.client.protocol.RequestAddCookies - CookieSpec selected: default
12:52:08.156 [Forwarding findElement on session e96a05459a4fc14f92751217d7c87b39 to remote] DEBUG org.apache.http.client.protocol.RequestAuthCache - Auth cache not set in the context
12:52:08.156 [Forwarding findElement on session e96a05459a4fc14f92751217d7c87b39 to remote] DEBUG org.apache.http.impl.conn.PoolingHttpClientConnectionManager - Connection request: [route: {}->http://localhost:34178][total kept alive: 3; route allocated: 1 of 2000; total allocated: 3 of 2000]
12:52:08.156 [Forwarding findElement on session e96a05459a4fc14f92751217d7c87b39 to remote] DEBUG org.apache.http.impl.conn.PoolingHttpClientConnectionManager - Connection leased: [id: 20][route: {}->http://localhost:34178][total kept alive: 2; route allocated: 1 of 2000; total allocated: 3 of 2000]
12:52:08.156 [Forwarding findElement on session e96a05459a4fc14f92751217d7c87b39 to remote] DEBUG org.apache.http.impl.execchain.MainClientExec - Stale connection check
12:52:08.158 [Forwarding findElement on session e96a05459a4fc14f92751217d7c87b39 to remote] DEBUG org.apache.http.wire - http-outgoing-20 << "[read] I/O error: Read timed out"
12:52:08.158 [Forwarding findElement on session e96a05459a4fc14f92751217d7c87b39 to remote] DEBUG org.apache.http.impl.conn.DefaultManagedHttpClientConnection - http-outgoing-20: set socket timeout to 10800000
12:52:08.158 [Forwarding findElement on session e96a05459a4fc14f92751217d7c87b39 to remote] DEBUG org.apache.http.impl.execchain.MainClientExec - Executing request POST /session/e96a05459a4fc14f92751217d7c87b39/element HTTP/1.1
12:52:08.158 [Forwarding findElement on session e96a05459a4fc14f92751217d7c87b39 to remote] DEBUG org.apache.http.impl.execchain.MainClientExec - Target auth state: UNCHALLENGED
12:52:08.158 [Forwarding findElement on session e96a05459a4fc14f92751217d7c87b39 to remote] DEBUG org.apache.http.impl.execchain.MainClientExec - Proxy auth state: UNCHALLENGED
12:52:08.158 [Forwarding findElement on session e96a05459a4fc14f92751217d7c87b39 to remote] DEBUG org.apache.http.headers - http-outgoing-20 >> POST /session/e96a05459a4fc14f92751217d7c87b39/element HTTP/1.1
12:52:08.158 [Forwarding findElement on session e96a05459a4fc14f92751217d7c87b39 to remote] DEBUG org.apache.http.headers - http-outgoing-20 >> Content-Type: application/json; charset=utf-8
12:52:08.158 [Forwarding findElement on session e96a05459a4fc14f92751217d7c87b39 to remote] DEBUG org.apache.http.headers - http-outgoing-20 >> Content-Length: 53
12:52:08.158 [Forwarding findElement on session e96a05459a4fc14f92751217d7c87b39 to remote] DEBUG org.apache.http.headers - http-outgoing-20 >> Host: localhost:34178
12:52:08.158 [Forwarding findElement on session e96a05459a4fc14f92751217d7c87b39 to remote] DEBUG org.apache.http.headers - http-outgoing-20 >> Connection: Keep-Alive
12:52:08.158 [Forwarding findElement on session e96a05459a4fc14f92751217d7c87b39 to remote] DEBUG org.apache.http.headers - http-outgoing-20 >> User-Agent: Apache-HttpClient/4.5.3 (Java/1.8.0_211)
12:52:08.158 [Forwarding findElement on session e96a05459a4fc14f92751217d7c87b39 to remote] DEBUG org.apache.http.headers - http-outgoing-20 >> Accept-Encoding: gzip,deflate
12:52:08.158 [Forwarding findElement on session e96a05459a4fc14f92751217d7c87b39 to remote] DEBUG org.apache.http.wire - http-outgoing-20 >> "POST /session/e96a05459a4fc14f92751217d7c87b39/element HTTP/1.1[\r][\n]"
12:52:08.158 [Forwarding findElement on session e96a05459a4fc14f92751217d7c87b39 to remote] DEBUG org.apache.http.wire - http-outgoing-20 >> "Content-Type: application/json; charset=utf-8[\r][\n]"
12:52:08.158 [Forwarding findElement on session e96a05459a4fc14f92751217d7c87b39 to remote] DEBUG org.apache.http.wire - http-outgoing-20 >> "Content-Length: 53[\r][\n]"
12:52:08.158 [Forwarding findElement on session e96a05459a4fc14f92751217d7c87b39 to remote] DEBUG org.apache.http.wire - http-outgoing-20 >> "Host: localhost:34178[\r][\n]"
12:52:08.158 [Forwarding findElement on session e96a05459a4fc14f92751217d7c87b39 to remote] DEBUG org.apache.http.wire - http-outgoing-20 >> "Connection: Keep-Alive[\r][\n]"
12:52:08.158 [Forwarding findElement on session e96a05459a4fc14f92751217d7c87b39 to remote] DEBUG org.apache.http.wire - http-outgoing-20 >> "User-Agent: Apache-HttpClient/4.5.3 (Java/1.8.0_211)[\r][\n]"
12:52:08.158 [Forwarding findElement on session e96a05459a4fc14f92751217d7c87b39 to remote] DEBUG org.apache.http.wire - http-outgoing-20 >> "Accept-Encoding: gzip,deflate[\r][\n]"
12:52:08.158 [Forwarding findElement on session e96a05459a4fc14f92751217d7c87b39 to remote] DEBUG org.apache.http.wire - http-outgoing-20 >> "[\r][\n]"
12:52:08.158 [Forwarding findElement on session e96a05459a4fc14f92751217d7c87b39 to remote] DEBUG org.apache.http.wire - http-outgoing-20 >> "{"value":"span > .d-flex div","using":"css selector"}"
12:52:08.464 [Forwarding findElement on session e96a05459a4fc14f92751217d7c87b39 to remote] DEBUG org.apache.http.wire - http-outgoing-20 << "HTTP/1.1 200 OK[\r][\n]"
12:52:08.464 [Forwarding findElement on session e96a05459a4fc14f92751217d7c87b39 to remote] DEBUG org.apache.http.wire - http-outgoing-20 << "Content-Length:88[\r][\n]"
12:52:08.464 [Forwarding findElement on session e96a05459a4fc14f92751217d7c87b39 to remote] DEBUG org.apache.http.wire - http-outgoing-20 << "Content-Type:application/json; charset=utf-8[\r][\n]"
12:52:08.464 [Forwarding findElement on session e96a05459a4fc14f92751217d7c87b39 to remote] DEBUG org.apache.http.wire - http-outgoing-20 << "cache-control:no-cache[\r][\n]"
12:52:08.464 [Forwarding findElement on session e96a05459a4fc14f92751217d7c87b39 to remote] DEBUG org.apache.http.wire - http-outgoing-20 << "[\r][\n]"
12:52:08.464 [Forwarding findElement on session e96a05459a4fc14f92751217d7c87b39 to remote] DEBUG org.apache.http.wire - http-outgoing-20 << "{"value":{"element-6066-11e4-a52e-4f735466cecf":"50c30087-0f94-4d13-83c1-69fd609fad40"}}"
12:52:08.464 [Forwarding findElement on session e96a05459a4fc14f92751217d7c87b39 to remote] DEBUG org.apache.http.headers - http-outgoing-20 << HTTP/1.1 200 OK
12:52:08.464 [Forwarding findElement on session e96a05459a4fc14f92751217d7c87b39 to remote] DEBUG org.apache.http.headers - http-outgoing-20 << Content-Length:88
12:52:08.464 [Forwarding findElement on session e96a05459a4fc14f92751217d7c87b39 to remote] DEBUG org.apache.http.headers - http-outgoing-20 << Content-Type:application/json; charset=utf-8
12:52:08.464 [Forwarding findElement on session e96a05459a4fc14f92751217d7c87b39 to remote] DEBUG org.apache.http.headers - http-outgoing-20 << cache-control:no-cache
12:52:08.464 [Forwarding findElement on session e96a05459a4fc14f92751217d7c87b39 to remote] DEBUG org.apache.http.impl.execchain.MainClientExec - Connection can be kept alive indefinitely
12:52:08.464 [Forwarding findElement on session e96a05459a4fc14f92751217d7c87b39 to remote] DEBUG org.apache.http.impl.conn.PoolingHttpClientConnectionManager - Connection [id: 20][route: {}->http://localhost:34178] can be kept alive indefinitely
12:52:08.464 [Forwarding findElement on session e96a05459a4fc14f92751217d7c87b39 to remote] DEBUG org.apache.http.impl.conn.PoolingHttpClientConnectionManager - Connection released: [id: 20][route: {}->http://localhost:34178][total kept alive: 3; route allocated: 1 of 2000; total allocated: 3 of 2000]
12:52:08.465 [Forwarding getElementText on session e96a05459a4fc14f92751217d7c87b39 to remote] DEBUG org.apache.http.client.protocol.RequestAddCookies - CookieSpec selected: default
12:52:08.465 [Forwarding getElementText on session e96a05459a4fc14f92751217d7c87b39 to remote] DEBUG org.apache.http.client.protocol.RequestAuthCache - Auth cache not set in the context
12:52:08.465 [Forwarding getElementText on session e96a05459a4fc14f92751217d7c87b39 to remote] DEBUG org.apache.http.impl.conn.PoolingHttpClientConnectionManager - Connection request: [route: {}->http://localhost:34178][total kept alive: 3; route allocated: 1 of 2000; total allocated: 3 of 2000]
12:52:08.465 [Forwarding getElementText on session e96a05459a4fc14f92751217d7c87b39 to remote] DEBUG org.apache.http.impl.conn.PoolingHttpClientConnectionManager - Connection leased: [id: 20][route: {}->http://localhost:34178][total kept alive: 2; route allocated: 1 of 2000; total allocated: 3 of 2000]
12:52:08.465 [Forwarding getElementText on session e96a05459a4fc14f92751217d7c87b39 to remote] DEBUG org.apache.http.impl.execchain.MainClientExec - Stale connection check
12:52:08.466 [Forwarding getElementText on session e96a05459a4fc14f92751217d7c87b39 to remote] DEBUG org.apache.http.wire - http-outgoing-20 << "[read] I/O error: Read timed out"
12:52:08.466 [Forwarding getElementText on session e96a05459a4fc14f92751217d7c87b39 to remote] DEBUG org.apache.http.impl.conn.DefaultManagedHttpClientConnection - http-outgoing-20: set socket timeout to 10800000
12:52:08.466 [Forwarding getElementText on session e96a05459a4fc14f92751217d7c87b39 to remote] DEBUG org.apache.http.impl.execchain.MainClientExec - Executing request GET /session/e96a05459a4fc14f92751217d7c87b39/element/50c30087-0f94-4d13-83c1-69fd609fad40/text HTTP/1.1
12:52:08.466 [Forwarding getElementText on session e96a05459a4fc14f92751217d7c87b39 to remote] DEBUG org.apache.http.impl.execchain.MainClientExec - Target auth state: UNCHALLENGED
12:52:08.466 [Forwarding getElementText on session e96a05459a4fc14f92751217d7c87b39 to remote] DEBUG org.apache.http.impl.execchain.MainClientExec - Proxy auth state: UNCHALLENGED
12:52:08.466 [Forwarding getElementText on session e96a05459a4fc14f92751217d7c87b39 to remote] DEBUG org.apache.http.headers - http-outgoing-20 >> GET /session/e96a05459a4fc14f92751217d7c87b39/element/50c30087-0f94-4d13-83c1-69fd609fad40/text HTTP/1.1
12:52:08.466 [Forwarding getElementText on session e96a05459a4fc14f92751217d7c87b39 to remote] DEBUG org.apache.http.headers - http-outgoing-20 >> Cache-Control: no-cache
12:52:08.466 [Forwarding getElementText on session e96a05459a4fc14f92751217d7c87b39 to remote] DEBUG org.apache.http.headers - http-outgoing-20 >> Host: localhost:34178
12:52:08.466 [Forwarding getElementText on session e96a05459a4fc14f92751217d7c87b39 to remote] DEBUG org.apache.http.headers - http-outgoing-20 >> Connection: Keep-Alive
12:52:08.466 [Forwarding getElementText on session e96a05459a4fc14f92751217d7c87b39 to remote] DEBUG org.apache.http.headers - http-outgoing-20 >> User-Agent: Apache-HttpClient/4.5.3 (Java/1.8.0_211)
12:52:08.466 [Forwarding getElementText on session e96a05459a4fc14f92751217d7c87b39 to remote] DEBUG org.apache.http.headers - http-outgoing-20 >> Accept-Encoding: gzip,deflate
12:52:08.466 [Forwarding getElementText on session e96a05459a4fc14f92751217d7c87b39 to remote] DEBUG org.apache.http.wire - http-outgoing-20 >> "GET /session/e96a05459a4fc14f92751217d7c87b39/element/50c30087-0f94-4d13-83c1-69fd609fad40/text HTTP/1.1[\r][\n]"
12:52:08.466 [Forwarding getElementText on session e96a05459a4fc14f92751217d7c87b39 to remote] DEBUG org.apache.http.wire - http-outgoing-20 >> "Cache-Control: no-cache[\r][\n]"
12:52:08.466 [Forwarding getElementText on session e96a05459a4fc14f92751217d7c87b39 to remote] DEBUG org.apache.http.wire - http-outgoing-20 >> "Host: localhost:34178[\r][\n]"
12:52:08.466 [Forwarding getElementText on session e96a05459a4fc14f92751217d7c87b39 to remote] DEBUG org.apache.http.wire - http-outgoing-20 >> "Connection: Keep-Alive[\r][\n]"
12:52:08.466 [Forwarding getElementText on session e96a05459a4fc14f92751217d7c87b39 to remote] DEBUG org.apache.http.wire - http-outgoing-20 >> "User-Agent: Apache-HttpClient/4.5.3 (Java/1.8.0_211)[\r][\n]"
12:52:08.466 [Forwarding getElementText on session e96a05459a4fc14f92751217d7c87b39 to remote] DEBUG org.apache.http.wire - http-outgoing-20 >> "Accept-Encoding: gzip,deflate[\r][\n]"
12:52:08.466 [Forwarding getElementText on session e96a05459a4fc14f92751217d7c87b39 to remote] DEBUG org.apache.http.wire - http-outgoing-20 >> "[\r][\n]"
12:52:08.490 [Forwarding getElementText on session e96a05459a4fc14f92751217d7c87b39 to remote] DEBUG org.apache.http.wire - http-outgoing-20 << "HTTP/1.1 200 OK[\r][\n]"
12:52:08.490 [Forwarding getElementText on session e96a05459a4fc14f92751217d7c87b39 to remote] DEBUG org.apache.http.wire - http-outgoing-20 << "Content-Length:46[\r][\n]"
12:52:08.490 [Forwarding getElementText on session e96a05459a4fc14f92751217d7c87b39 to remote] DEBUG org.apache.http.wire - http-outgoing-20 << "Content-Type:application/json; charset=utf-8[\r][\n]"
12:52:08.490 [Forwarding getElementText on session e96a05459a4fc14f92751217d7c87b39 to remote] DEBUG org.apache.http.wire - http-outgoing-20 << "cache-control:no-cache[\r][\n]"
12:52:08.490 [Forwarding getElementText on session e96a05459a4fc14f92751217d7c87b39 to remote] DEBUG org.apache.http.wire - http-outgoing-20 << "[\r][\n]"
12:52:08.490 [Forwarding getElementText on session e96a05459a4fc14f92751217d7c87b39 to remote] DEBUG org.apache.http.wire - http-outgoing-20 << "{"value":"TN2jfdYCX9vvozqjwVvPjMd7vRj8HKyxUe"}"
12:52:08.490 [Forwarding getElementText on session e96a05459a4fc14f92751217d7c87b39 to remote] DEBUG org.apache.http.headers - http-outgoing-20 << HTTP/1.1 200 OK
12:52:08.490 [Forwarding getElementText on session e96a05459a4fc14f92751217d7c87b39 to remote] DEBUG org.apache.http.headers - http-outgoing-20 << Content-Length:46
12:52:08.490 [Forwarding getElementText on session e96a05459a4fc14f92751217d7c87b39 to remote] DEBUG org.apache.http.headers - http-outgoing-20 << Content-Type:application/json; charset=utf-8
12:52:08.490 [Forwarding getElementText on session e96a05459a4fc14f92751217d7c87b39 to remote] DEBUG org.apache.http.headers - http-outgoing-20 << cache-control:no-cache
12:52:08.490 [Forwarding getElementText on session e96a05459a4fc14f92751217d7c87b39 to remote] DEBUG org.apache.http.impl.execchain.MainClientExec - Connection can be kept alive indefinitely
12:52:08.490 [Forwarding getElementText on session e96a05459a4fc14f92751217d7c87b39 to remote] DEBUG org.apache.http.impl.conn.PoolingHttpClientConnectionManager - Connection [id: 20][route: {}->http://localhost:34178] can be kept alive indefinitely
12:52:08.490 [Forwarding getElementText on session e96a05459a4fc14f92751217d7c87b39 to remote] DEBUG org.apache.http.impl.conn.PoolingHttpClientConnectionManager - Connection released: [id: 20][route: {}->http://localhost:34178][total kept alive: 3; route allocated: 1 of 2000; total allocated: 3 of 2000]
12:52:08.694 [Forwarding findElement on session e96a05459a4fc14f92751217d7c87b39 to remote] DEBUG org.apache.http.client.protocol.RequestAddCookies - CookieSpec selected: default
12:52:08.694 [Forwarding findElement on session e96a05459a4fc14f92751217d7c87b39 to remote] DEBUG org.apache.http.client.protocol.RequestAuthCache - Auth cache not set in the context
12:52:08.694 [Forwarding findElement on session e96a05459a4fc14f92751217d7c87b39 to remote] DEBUG org.apache.http.impl.conn.PoolingHttpClientConnectionManager - Connection request: [route: {}->http://localhost:34178][total kept alive: 3; route allocated: 1 of 2000; total allocated: 3 of 2000]
12:52:08.694 [Forwarding findElement on session e96a05459a4fc14f92751217d7c87b39 to remote] DEBUG org.apache.http.impl.conn.PoolingHttpClientConnectionManager - Connection leased: [id: 20][route: {}->http://localhost:34178][total kept alive: 2; route allocated: 1 of 2000; total allocated: 3 of 2000]
12:52:08.694 [Forwarding findElement on session e96a05459a4fc14f92751217d7c87b39 to remote] DEBUG org.apache.http.impl.execchain.MainClientExec - Stale connection check
12:52:08.695 [Forwarding findElement on session e96a05459a4fc14f92751217d7c87b39 to remote] DEBUG org.apache.http.wire - http-outgoing-20 << "[read] I/O error: Read timed out"
12:52:08.695 [Forwarding findElement on session e96a05459a4fc14f92751217d7c87b39 to remote] DEBUG org.apache.http.impl.conn.DefaultManagedHttpClientConnection - http-outgoing-20: set socket timeout to 10800000
12:52:08.695 [Forwarding findElement on session e96a05459a4fc14f92751217d7c87b39 to remote] DEBUG org.apache.http.impl.execchain.MainClientExec - Executing request POST /session/e96a05459a4fc14f92751217d7c87b39/element HTTP/1.1
12:52:08.695 [Forwarding findElement on session e96a05459a4fc14f92751217d7c87b39 to remote] DEBUG org.apache.http.impl.execchain.MainClientExec - Target auth state: UNCHALLENGED
12:52:08.695 [Forwarding findElement on session e96a05459a4fc14f92751217d7c87b39 to remote] DEBUG org.apache.http.impl.execchain.MainClientExec - Proxy auth state: UNCHALLENGED
12:52:08.695 [Forwarding findElement on session e96a05459a4fc14f92751217d7c87b39 to remote] DEBUG org.apache.http.headers - http-outgoing-20 >> POST /session/e96a05459a4fc14f92751217d7c87b39/element HTTP/1.1
12:52:08.695 [Forwarding findElement on session e96a05459a4fc14f92751217d7c87b39 to remote] DEBUG org.apache.http.headers - http-outgoing-20 >> Content-Type: application/json; charset=utf-8
12:52:08.695 [Forwarding findElement on session e96a05459a4fc14f92751217d7c87b39 to remote] DEBUG org.apache.http.headers - http-outgoing-20 >> Content-Length: 58
12:52:08.695 [Forwarding findElement on session e96a05459a4fc14f92751217d7c87b39 to remote] DEBUG org.apache.http.headers - http-outgoing-20 >> Host: localhost:34178
12:52:08.695 [Forwarding findElement on session e96a05459a4fc14f92751217d7c87b39 to remote] DEBUG org.apache.http.headers - http-outgoing-20 >> Connection: Keep-Alive
12:52:08.695 [Forwarding findElement on session e96a05459a4fc14f92751217d7c87b39 to remote] DEBUG org.apache.http.headers - http-outgoing-20 >> User-Agent: Apache-HttpClient/4.5.3 (Java/1.8.0_211)
12:52:08.695 [Forwarding findElement on session e96a05459a4fc14f92751217d7c87b39 to remote] DEBUG org.apache.http.headers - http-outgoing-20 >> Accept-Encoding: gzip,deflate
12:52:08.696 [Forwarding findElement on session e96a05459a4fc14f92751217d7c87b39 to remote] DEBUG org.apache.http.wire - http-outgoing-20 >> "POST /session/e96a05459a4fc14f92751217d7c87b39/element HTTP/1.1[\r][\n]"
12:52:08.696 [Forwarding findElement on session e96a05459a4fc14f92751217d7c87b39 to remote] DEBUG org.apache.http.wire - http-outgoing-20 >> "Content-Type: application/json; charset=utf-8[\r][\n]"
12:52:08.696 [Forwarding findElement on session e96a05459a4fc14f92751217d7c87b39 to remote] DEBUG org.apache.http.wire - http-outgoing-20 >> "Content-Length: 58[\r][\n]"
12:52:08.696 [Forwarding findElement on session e96a05459a4fc14f92751217d7c87b39 to remote] DEBUG org.apache.http.wire - http-outgoing-20 >> "Host: localhost:34178[\r][\n]"
12:52:08.696 [Forwarding findElement on session e96a05459a4fc14f92751217d7c87b39 to remote] DEBUG org.apache.http.wire - http-outgoing-20 >> "Connection: Keep-Alive[\r][\n]"
12:52:08.696 [Forwarding findElement on session e96a05459a4fc14f92751217d7c87b39 to remote] DEBUG org.apache.http.wire - http-outgoing-20 >> "User-Agent: Apache-HttpClient/4.5.3 (Java/1.8.0_211)[\r][\n]"
12:52:08.696 [Forwarding findElement on session e96a05459a4fc14f92751217d7c87b39 to remote] DEBUG org.apache.http.wire - http-outgoing-20 >> "Accept-Encoding: gzip,deflate[\r][\n]"
12:52:08.696 [Forwarding findElement on session e96a05459a4fc14f92751217d7c87b39 to remote] DEBUG org.apache.http.wire - http-outgoing-20 >> "[\r][\n]"
12:52:08.696 [Forwarding findElement on session e96a05459a4fc14f92751217d7c87b39 to remote] DEBUG org.apache.http.wire - http-outgoing-20 >> "{"value":".dropdown-toggle > span","using":"css selector"}"
12:52:08.700 [Forwarding findElement on session e96a05459a4fc14f92751217d7c87b39 to remote] DEBUG org.apache.http.wire - http-outgoing-20 << "HTTP/1.1 200 OK[\r][\n]"
12:52:08.700 [Forwarding findElement on session e96a05459a4fc14f92751217d7c87b39 to remote] DEBUG org.apache.http.wire - http-outgoing-20 << "Content-Length:88[\r][\n]"
12:52:08.700 [Forwarding findElement on session e96a05459a4fc14f92751217d7c87b39 to remote] DEBUG org.apache.http.wire - http-outgoing-20 << "Content-Type:application/json; charset=utf-8[\r][\n]"
12:52:08.700 [Forwarding findElement on session e96a05459a4fc14f92751217d7c87b39 to remote] DEBUG org.apache.http.wire - http-outgoing-20 << "cache-control:no-cache[\r][\n]"
12:52:08.700 [Forwarding findElement on session e96a05459a4fc14f92751217d7c87b39 to remote] DEBUG org.apache.http.wire - http-outgoing-20 << "[\r][\n]"
12:52:08.700 [Forwarding findElement on session e96a05459a4fc14f92751217d7c87b39 to remote] DEBUG org.apache.http.wire - http-outgoing-20 << "{"value":{"element-6066-11e4-a52e-4f735466cecf":"f7034f79-5a53-4b07-b168-b16a09ba00d1"}}"
12:52:08.700 [Forwarding findElement on session e96a05459a4fc14f92751217d7c87b39 to remote] DEBUG org.apache.http.headers - http-outgoing-20 << HTTP/1.1 200 OK
12:52:08.700 [Forwarding findElement on session e96a05459a4fc14f92751217d7c87b39 to remote] DEBUG org.apache.http.headers - http-outgoing-20 << Content-Length:88
12:52:08.700 [Forwarding findElement on session e96a05459a4fc14f92751217d7c87b39 to remote] DEBUG org.apache.http.headers - http-outgoing-20 << Content-Type:application/json; charset=utf-8
12:52:08.700 [Forwarding findElement on session e96a05459a4fc14f92751217d7c87b39 to remote] DEBUG org.apache.http.headers - http-outgoing-20 << cache-control:no-cache
12:52:08.700 [Forwarding findElement on session e96a05459a4fc14f92751217d7c87b39 to remote] DEBUG org.apache.http.impl.execchain.MainClientExec - Connection can be kept alive indefinitely
12:52:08.701 [Forwarding findElement on session e96a05459a4fc14f92751217d7c87b39 to remote] DEBUG org.apache.http.impl.conn.PoolingHttpClientConnectionManager - Connection [id: 20][route: {}->http://localhost:34178] can be kept alive indefinitely
12:52:08.701 [Forwarding findElement on session e96a05459a4fc14f92751217d7c87b39 to remote] DEBUG org.apache.http.impl.conn.PoolingHttpClientConnectionManager - Connection released: [id: 20][route: {}->http://localhost:34178][total kept alive: 3; route allocated: 1 of 2000; total allocated: 3 of 2000]
12:52:08.701 [Forwarding actions on session e96a05459a4fc14f92751217d7c87b39 to remote] DEBUG org.apache.http.client.protocol.RequestAddCookies - CookieSpec selected: default
12:52:08.701 [Forwarding actions on session e96a05459a4fc14f92751217d7c87b39 to remote] DEBUG org.apache.http.client.protocol.RequestAuthCache - Auth cache not set in the context
12:52:08.701 [Forwarding actions on session e96a05459a4fc14f92751217d7c87b39 to remote] DEBUG org.apache.http.impl.conn.PoolingHttpClientConnectionManager - Connection request: [route: {}->http://localhost:34178][total kept alive: 3; route allocated: 1 of 2000; total allocated: 3 of 2000]
12:52:08.701 [Forwarding actions on session e96a05459a4fc14f92751217d7c87b39 to remote] DEBUG org.apache.http.impl.conn.PoolingHttpClientConnectionManager - Connection leased: [id: 20][route: {}->http://localhost:34178][total kept alive: 2; route allocated: 1 of 2000; total allocated: 3 of 2000]
12:52:08.701 [Forwarding actions on session e96a05459a4fc14f92751217d7c87b39 to remote] DEBUG org.apache.http.impl.execchain.MainClientExec - Stale connection check
12:52:08.703 [Forwarding actions on session e96a05459a4fc14f92751217d7c87b39 to remote] DEBUG org.apache.http.wire - http-outgoing-20 << "[read] I/O error: Read timed out"
12:52:08.703 [Forwarding actions on session e96a05459a4fc14f92751217d7c87b39 to remote] DEBUG org.apache.http.impl.conn.DefaultManagedHttpClientConnection - http-outgoing-20: set socket timeout to 10800000
12:52:08.703 [Forwarding actions on session e96a05459a4fc14f92751217d7c87b39 to remote] DEBUG org.apache.http.impl.execchain.MainClientExec - Executing request POST /session/e96a05459a4fc14f92751217d7c87b39/actions HTTP/1.1
12:52:08.703 [Forwarding actions on session e96a05459a4fc14f92751217d7c87b39 to remote] DEBUG org.apache.http.impl.execchain.MainClientExec - Target auth state: UNCHALLENGED
12:52:08.703 [Forwarding actions on session e96a05459a4fc14f92751217d7c87b39 to remote] DEBUG org.apache.http.impl.execchain.MainClientExec - Proxy auth state: UNCHALLENGED
12:52:08.703 [Forwarding actions on session e96a05459a4fc14f92751217d7c87b39 to remote] DEBUG org.apache.http.headers - http-outgoing-20 >> POST /session/e96a05459a4fc14f92751217d7c87b39/actions HTTP/1.1
12:52:08.703 [Forwarding actions on session e96a05459a4fc14f92751217d7c87b39 to remote] DEBUG org.apache.http.headers - http-outgoing-20 >> Content-Type: application/json; charset=utf-8
12:52:08.703 [Forwarding actions on session e96a05459a4fc14f92751217d7c87b39 to remote] DEBUG org.apache.http.headers - http-outgoing-20 >> Content-Length: 289
12:52:08.703 [Forwarding actions on session e96a05459a4fc14f92751217d7c87b39 to remote] DEBUG org.apache.http.headers - http-outgoing-20 >> Host: localhost:34178
12:52:08.703 [Forwarding actions on session e96a05459a4fc14f92751217d7c87b39 to remote] DEBUG org.apache.http.headers - http-outgoing-20 >> Connection: Keep-Alive
12:52:08.703 [Forwarding actions on session e96a05459a4fc14f92751217d7c87b39 to remote] DEBUG org.apache.http.headers - http-outgoing-20 >> User-Agent: Apache-HttpClient/4.5.3 (Java/1.8.0_211)
12:52:08.703 [Forwarding actions on session e96a05459a4fc14f92751217d7c87b39 to remote] DEBUG org.apache.http.headers - http-outgoing-20 >> Accept-Encoding: gzip,deflate
12:52:08.703 [Forwarding actions on session e96a05459a4fc14f92751217d7c87b39 to remote] DEBUG org.apache.http.wire - http-outgoing-20 >> "POST /session/e96a05459a4fc14f92751217d7c87b39/actions HTTP/1.1[\r][\n]"
12:52:08.703 [Forwarding actions on session e96a05459a4fc14f92751217d7c87b39 to remote] DEBUG org.apache.http.wire - http-outgoing-20 >> "Content-Type: application/json; charset=utf-8[\r][\n]"
12:52:08.703 [Forwarding actions on session e96a05459a4fc14f92751217d7c87b39 to remote] DEBUG org.apache.http.wire - http-outgoing-20 >> "Content-Length: 289[\r][\n]"
12:52:08.703 [Forwarding actions on session e96a05459a4fc14f92751217d7c87b39 to remote] DEBUG org.apache.http.wire - http-outgoing-20 >> "Host: localhost:34178[\r][\n]"
12:52:08.703 [Forwarding actions on session e96a05459a4fc14f92751217d7c87b39 to remote] DEBUG org.apache.http.wire - http-outgoing-20 >> "Connection: Keep-Alive[\r][\n]"
12:52:08.703 [Forwarding actions on session e96a05459a4fc14f92751217d7c87b39 to remote] DEBUG org.apache.http.wire - http-outgoing-20 >> "User-Agent: Apache-HttpClient/4.5.3 (Java/1.8.0_211)[\r][\n]"
12:52:08.703 [Forwarding actions on session e96a05459a4fc14f92751217d7c87b39 to remote] DEBUG org.apache.http.wire - http-outgoing-20 >> "Accept-Encoding: gzip,deflate[\r][\n]"
12:52:08.703 [Forwarding actions on session e96a05459a4fc14f92751217d7c87b39 to remote] DEBUG org.apache.http.wire - http-outgoing-20 >> "[\r][\n]"
12:52:08.703 [Forwarding actions on session e96a05459a4fc14f92751217d7c87b39 to remote] DEBUG org.apache.http.wire - http-outgoing-20 >> "{"actions":[{"id":"default mouse","type":"pointer","parameters":{"pointerType":"mouse"},"actions":[{"duration":100,"x":0,"y":0,"type":"pointerMove","origin":{"ELEMENT":"f7034f79-5a53-4b07-b168-b16a09ba00d1","element-6066-11e4-a52e-4f735466cecf":"f7034f79-5a53-4b07-b168-b16a09ba00d1"}}]}]}"
12:52:08.823 [Forwarding actions on session e96a05459a4fc14f92751217d7c87b39 to remote] DEBUG org.apache.http.wire - http-outgoing-20 << "HTTP/1.1 200 OK[\r][\n]"
12:52:08.823 [Forwarding actions on session e96a05459a4fc14f92751217d7c87b39 to remote] DEBUG org.apache.http.wire - http-outgoing-20 << "Content-Length:14[\r][\n]"
12:52:08.823 [Forwarding actions on session e96a05459a4fc14f92751217d7c87b39 to remote] DEBUG org.apache.http.wire - http-outgoing-20 << "Content-Type:application/json; charset=utf-8[\r][\n]"
12:52:08.823 [Forwarding actions on session e96a05459a4fc14f92751217d7c87b39 to remote] DEBUG org.apache.http.wire - http-outgoing-20 << "cache-control:no-cache[\r][\n]"
12:52:08.823 [Forwarding actions on session e96a05459a4fc14f92751217d7c87b39 to remote] DEBUG org.apache.http.wire - http-outgoing-20 << "[\r][\n]"
12:52:08.823 [Forwarding actions on session e96a05459a4fc14f92751217d7c87b39 to remote] DEBUG org.apache.http.wire - http-outgoing-20 << "{"value":null}"
12:52:08.823 [Forwarding actions on session e96a05459a4fc14f92751217d7c87b39 to remote] DEBUG org.apache.http.headers - http-outgoing-20 << HTTP/1.1 200 OK
12:52:08.823 [Forwarding actions on session e96a05459a4fc14f92751217d7c87b39 to remote] DEBUG org.apache.http.headers - http-outgoing-20 << Content-Length:14
12:52:08.823 [Forwarding actions on session e96a05459a4fc14f92751217d7c87b39 to remote] DEBUG org.apache.http.headers - http-outgoing-20 << Content-Type:application/json; charset=utf-8
12:52:08.823 [Forwarding actions on session e96a05459a4fc14f92751217d7c87b39 to remote] DEBUG org.apache.http.headers - http-outgoing-20 << cache-control:no-cache
12:52:08.823 [Forwarding actions on session e96a05459a4fc14f92751217d7c87b39 to remote] DEBUG org.apache.http.impl.execchain.MainClientExec - Connection can be kept alive indefinitely
12:52:08.823 [Forwarding actions on session e96a05459a4fc14f92751217d7c87b39 to remote] DEBUG org.apache.http.impl.conn.PoolingHttpClientConnectionManager - Connection [id: 20][route: {}->http://localhost:34178] can be kept alive indefinitely
12:52:08.823 [Forwarding actions on session e96a05459a4fc14f92751217d7c87b39 to remote] DEBUG org.apache.http.impl.conn.PoolingHttpClientConnectionManager - Connection released: [id: 20][route: {}->http://localhost:34178][total kept alive: 3; route allocated: 1 of 2000; total allocated: 3 of 2000]
12:52:08.824 [Forwarding findElement on session e96a05459a4fc14f92751217d7c87b39 to remote] DEBUG org.apache.http.client.protocol.RequestAddCookies - CookieSpec selected: default
12:52:08.824 [Forwarding findElement on session e96a05459a4fc14f92751217d7c87b39 to remote] DEBUG org.apache.http.client.protocol.RequestAuthCache - Auth cache not set in the context
12:52:08.824 [Forwarding findElement on session e96a05459a4fc14f92751217d7c87b39 to remote] DEBUG org.apache.http.impl.conn.PoolingHttpClientConnectionManager - Connection request: [route: {}->http://localhost:34178][total kept alive: 3; route allocated: 1 of 2000; total allocated: 3 of 2000]
12:52:08.824 [Forwarding findElement on session e96a05459a4fc14f92751217d7c87b39 to remote] DEBUG org.apache.http.impl.conn.PoolingHttpClientConnectionManager - Connection leased: [id: 20][route: {}->http://localhost:34178][total kept alive: 2; route allocated: 1 of 2000; total allocated: 3 of 2000]
12:52:08.824 [Forwarding findElement on session e96a05459a4fc14f92751217d7c87b39 to remote] DEBUG org.apache.http.impl.execchain.MainClientExec - Stale connection check
12:52:08.825 [Forwarding findElement on session e96a05459a4fc14f92751217d7c87b39 to remote] DEBUG org.apache.http.wire - http-outgoing-20 << "[read] I/O error: Read timed out"
12:52:08.826 [Forwarding findElement on session e96a05459a4fc14f92751217d7c87b39 to remote] DEBUG org.apache.http.impl.conn.DefaultManagedHttpClientConnection - http-outgoing-20: set socket timeout to 10800000
12:52:08.826 [Forwarding findElement on session e96a05459a4fc14f92751217d7c87b39 to remote] DEBUG org.apache.http.impl.execchain.MainClientExec - Executing request POST /session/e96a05459a4fc14f92751217d7c87b39/element HTTP/1.1
12:52:08.826 [Forwarding findElement on session e96a05459a4fc14f92751217d7c87b39 to remote] DEBUG org.apache.http.impl.execchain.MainClientExec - Target auth state: UNCHALLENGED
12:52:08.826 [Forwarding findElement on session e96a05459a4fc14f92751217d7c87b39 to remote] DEBUG org.apache.http.impl.execchain.MainClientExec - Proxy auth state: UNCHALLENGED
12:52:08.826 [Forwarding findElement on session e96a05459a4fc14f92751217d7c87b39 to remote] DEBUG org.apache.http.headers - http-outgoing-20 >> POST /session/e96a05459a4fc14f92751217d7c87b39/element HTTP/1.1
12:52:08.826 [Forwarding findElement on session e96a05459a4fc14f92751217d7c87b39 to remote] DEBUG org.apache.http.headers - http-outgoing-20 >> Content-Type: application/json; charset=utf-8
12:52:08.826 [Forwarding findElement on session e96a05459a4fc14f92751217d7c87b39 to remote] DEBUG org.apache.http.headers - http-outgoing-20 >> Content-Length: 60
12:52:08.826 [Forwarding findElement on session e96a05459a4fc14f92751217d7c87b39 to remote] DEBUG org.apache.http.headers - http-outgoing-20 >> Host: localhost:34178
12:52:08.826 [Forwarding findElement on session e96a05459a4fc14f92751217d7c87b39 to remote] DEBUG org.apache.http.headers - http-outgoing-20 >> Connection: Keep-Alive
12:52:08.826 [Forwarding findElement on session e96a05459a4fc14f92751217d7c87b39 to remote] DEBUG org.apache.http.headers - http-outgoing-20 >> User-Agent: Apache-HttpClient/4.5.3 (Java/1.8.0_211)
12:52:08.826 [Forwarding findElement on session e96a05459a4fc14f92751217d7c87b39 to remote] DEBUG org.apache.http.headers - http-outgoing-20 >> Accept-Encoding: gzip,deflate
12:52:08.826 [Forwarding findElement on session e96a05459a4fc14f92751217d7c87b39 to remote] DEBUG org.apache.http.wire - http-outgoing-20 >> "POST /session/e96a05459a4fc14f92751217d7c87b39/element HTTP/1.1[\r][\n]"
12:52:08.826 [Forwarding findElement on session e96a05459a4fc14f92751217d7c87b39 to remote] DEBUG org.apache.http.wire - http-outgoing-20 >> "Content-Type: application/json; charset=utf-8[\r][\n]"
12:52:08.826 [Forwarding findElement on session e96a05459a4fc14f92751217d7c87b39 to remote] DEBUG org.apache.http.wire - http-outgoing-20 >> "Content-Length: 60[\r][\n]"
12:52:08.826 [Forwarding findElement on session e96a05459a4fc14f92751217d7c87b39 to remote] DEBUG org.apache.http.wire - http-outgoing-20 >> "Host: localhost:34178[\r][\n]"
12:52:08.826 [Forwarding findElement on session e96a05459a4fc14f92751217d7c87b39 to remote] DEBUG org.apache.http.wire - http-outgoing-20 >> "Connection: Keep-Alive[\r][\n]"
12:52:08.826 [Forwarding findElement on session e96a05459a4fc14f92751217d7c87b39 to remote] DEBUG org.apache.http.wire - http-outgoing-20 >> "User-Agent: Apache-HttpClient/4.5.3 (Java/1.8.0_211)[\r][\n]"
12:52:08.826 [Forwarding findElement on session e96a05459a4fc14f92751217d7c87b39 to remote] DEBUG org.apache.http.wire - http-outgoing-20 >> "Accept-Encoding: gzip,deflate[\r][\n]"
12:52:08.826 [Forwarding findElement on session e96a05459a4fc14f92751217d7c87b39 to remote] DEBUG org.apache.http.wire - http-outgoing-20 >> "[\r][\n]"
12:52:08.826 [Forwarding findElement on session e96a05459a4fc14f92751217d7c87b39 to remote] DEBUG org.apache.http.wire - http-outgoing-20 >> "{"value":".btn-primary:nth-child(1)","using":"css selector"}"
12:52:08.831 [Forwarding findElement on session e96a05459a4fc14f92751217d7c87b39 to remote] DEBUG org.apache.http.wire - http-outgoing-20 << "HTTP/1.1 200 OK[\r][\n]"
12:52:08.831 [Forwarding findElement on session e96a05459a4fc14f92751217d7c87b39 to remote] DEBUG org.apache.http.wire - http-outgoing-20 << "Content-Length:88[\r][\n]"
12:52:08.831 [Forwarding findElement on session e96a05459a4fc14f92751217d7c87b39 to remote] DEBUG org.apache.http.wire - http-outgoing-20 << "Content-Type:application/json; charset=utf-8[\r][\n]"
12:52:08.831 [Forwarding findElement on session e96a05459a4fc14f92751217d7c87b39 to remote] DEBUG org.apache.http.wire - http-outgoing-20 << "cache-control:no-cache[\r][\n]"
12:52:08.831 [Forwarding findElement on session e96a05459a4fc14f92751217d7c87b39 to remote] DEBUG org.apache.http.wire - http-outgoing-20 << "[\r][\n]"
12:52:08.831 [Forwarding findElement on session e96a05459a4fc14f92751217d7c87b39 to remote] DEBUG org.apache.http.wire - http-outgoing-20 << "{"value":{"element-6066-11e4-a52e-4f735466cecf":"056f20ef-6ee7-444d-8f23-04b452901290"}}"
12:52:08.831 [Forwarding findElement on session e96a05459a4fc14f92751217d7c87b39 to remote] DEBUG org.apache.http.headers - http-outgoing-20 << HTTP/1.1 200 OK
12:52:08.831 [Forwarding findElement on session e96a05459a4fc14f92751217d7c87b39 to remote] DEBUG org.apache.http.headers - http-outgoing-20 << Content-Length:88
12:52:08.831 [Forwarding findElement on session e96a05459a4fc14f92751217d7c87b39 to remote] DEBUG org.apache.http.headers - http-outgoing-20 << Content-Type:application/json; charset=utf-8
12:52:08.831 [Forwarding findElement on session e96a05459a4fc14f92751217d7c87b39 to remote] DEBUG org.apache.http.headers - http-outgoing-20 << cache-control:no-cache
12:52:08.831 [Forwarding findElement on session e96a05459a4fc14f92751217d7c87b39 to remote] DEBUG org.apache.http.impl.execchain.MainClientExec - Connection can be kept alive indefinitely
12:52:08.831 [Forwarding findElement on session e96a05459a4fc14f92751217d7c87b39 to remote] DEBUG org.apache.http.impl.conn.PoolingHttpClientConnectionManager - Connection [id: 20][route: {}->http://localhost:34178] can be kept alive indefinitely
12:52:08.831 [Forwarding findElement on session e96a05459a4fc14f92751217d7c87b39 to remote] DEBUG org.apache.http.impl.conn.PoolingHttpClientConnectionManager - Connection released: [id: 20][route: {}->http://localhost:34178][total kept alive: 3; route allocated: 1 of 2000; total allocated: 3 of 2000]
12:52:08.832 [Forwarding clickElement on session e96a05459a4fc14f92751217d7c87b39 to remote] DEBUG org.apache.http.client.protocol.RequestAddCookies - CookieSpec selected: default
12:52:08.832 [Forwarding clickElement on session e96a05459a4fc14f92751217d7c87b39 to remote] DEBUG org.apache.http.client.protocol.RequestAuthCache - Auth cache not set in the context
12:52:08.832 [Forwarding clickElement on session e96a05459a4fc14f92751217d7c87b39 to remote] DEBUG org.apache.http.impl.conn.PoolingHttpClientConnectionManager - Connection request: [route: {}->http://localhost:34178][total kept alive: 3; route allocated: 1 of 2000; total allocated: 3 of 2000]
12:52:08.832 [Forwarding clickElement on session e96a05459a4fc14f92751217d7c87b39 to remote] DEBUG org.apache.http.impl.conn.PoolingHttpClientConnectionManager - Connection leased: [id: 20][route: {}->http://localhost:34178][total kept alive: 2; route allocated: 1 of 2000; total allocated: 3 of 2000]
12:52:08.832 [Forwarding clickElement on session e96a05459a4fc14f92751217d7c87b39 to remote] DEBUG org.apache.http.impl.execchain.MainClientExec - Stale connection check
12:52:08.833 [Forwarding clickElement on session e96a05459a4fc14f92751217d7c87b39 to remote] DEBUG org.apache.http.wire - http-outgoing-20 << "[read] I/O error: Read timed out"
12:52:08.833 [Forwarding clickElement on session e96a05459a4fc14f92751217d7c87b39 to remote] DEBUG org.apache.http.impl.conn.DefaultManagedHttpClientConnection - http-outgoing-20: set socket timeout to 10800000
12:52:08.833 [Forwarding clickElement on session e96a05459a4fc14f92751217d7c87b39 to remote] DEBUG org.apache.http.impl.execchain.MainClientExec - Executing request POST /session/e96a05459a4fc14f92751217d7c87b39/element/056f20ef-6ee7-444d-8f23-04b452901290/click HTTP/1.1
12:52:08.833 [Forwarding clickElement on session e96a05459a4fc14f92751217d7c87b39 to remote] DEBUG org.apache.http.impl.execchain.MainClientExec - Target auth state: UNCHALLENGED
12:52:08.833 [Forwarding clickElement on session e96a05459a4fc14f92751217d7c87b39 to remote] DEBUG org.apache.http.impl.execchain.MainClientExec - Proxy auth state: UNCHALLENGED
12:52:08.833 [Forwarding clickElement on session e96a05459a4fc14f92751217d7c87b39 to remote] DEBUG org.apache.http.headers - http-outgoing-20 >> POST /session/e96a05459a4fc14f92751217d7c87b39/element/056f20ef-6ee7-444d-8f23-04b452901290/click HTTP/1.1
12:52:08.833 [Forwarding clickElement on session e96a05459a4fc14f92751217d7c87b39 to remote] DEBUG org.apache.http.headers - http-outgoing-20 >> Content-Type: application/json; charset=utf-8
12:52:08.833 [Forwarding clickElement on session e96a05459a4fc14f92751217d7c87b39 to remote] DEBUG org.apache.http.headers - http-outgoing-20 >> Content-Length: 45
12:52:08.833 [Forwarding clickElement on session e96a05459a4fc14f92751217d7c87b39 to remote] DEBUG org.apache.http.headers - http-outgoing-20 >> Host: localhost:34178
12:52:08.833 [Forwarding clickElement on session e96a05459a4fc14f92751217d7c87b39 to remote] DEBUG org.apache.http.headers - http-outgoing-20 >> Connection: Keep-Alive
12:52:08.833 [Forwarding clickElement on session e96a05459a4fc14f92751217d7c87b39 to remote] DEBUG org.apache.http.headers - http-outgoing-20 >> User-Agent: Apache-HttpClient/4.5.3 (Java/1.8.0_211)
12:52:08.833 [Forwarding clickElement on session e96a05459a4fc14f92751217d7c87b39 to remote] DEBUG org.apache.http.headers - http-outgoing-20 >> Accept-Encoding: gzip,deflate
12:52:08.833 [Forwarding clickElement on session e96a05459a4fc14f92751217d7c87b39 to remote] DEBUG org.apache.http.wire - http-outgoing-20 >> "POST /session/e96a05459a4fc14f92751217d7c87b39/element/056f20ef-6ee7-444d-8f23-04b452901290/click HTTP/1.1[\r][\n]"
12:52:08.833 [Forwarding clickElement on session e96a05459a4fc14f92751217d7c87b39 to remote] DEBUG org.apache.http.wire - http-outgoing-20 >> "Content-Type: application/json; charset=utf-8[\r][\n]"
12:52:08.833 [Forwarding clickElement on session e96a05459a4fc14f92751217d7c87b39 to remote] DEBUG org.apache.http.wire - http-outgoing-20 >> "Content-Length: 45[\r][\n]"
12:52:08.833 [Forwarding clickElement on session e96a05459a4fc14f92751217d7c87b39 to remote] DEBUG org.apache.http.wire - http-outgoing-20 >> "Host: localhost:34178[\r][\n]"
12:52:08.833 [Forwarding clickElement on session e96a05459a4fc14f92751217d7c87b39 to remote] DEBUG org.apache.http.wire - http-outgoing-20 >> "Connection: Keep-Alive[\r][\n]"
12:52:08.833 [Forwarding clickElement on session e96a05459a4fc14f92751217d7c87b39 to remote] DEBUG org.apache.http.wire - http-outgoing-20 >> "User-Agent: Apache-HttpClient/4.5.3 (Java/1.8.0_211)[\r][\n]"
12:52:08.833 [Forwarding clickElement on session e96a05459a4fc14f92751217d7c87b39 to remote] DEBUG org.apache.http.wire - http-outgoing-20 >> "Accept-Encoding: gzip,deflate[\r][\n]"
12:52:08.833 [Forwarding clickElement on session e96a05459a4fc14f92751217d7c87b39 to remote] DEBUG org.apache.http.wire - http-outgoing-20 >> "[\r][\n]"
12:52:08.833 [Forwarding clickElement on session e96a05459a4fc14f92751217d7c87b39 to remote] DEBUG org.apache.http.wire - http-outgoing-20 >> "{"id":"056f20ef-6ee7-444d-8f23-04b452901290"}"
12:52:08.903 [Forwarding clickElement on session e96a05459a4fc14f92751217d7c87b39 to remote] DEBUG org.apache.http.wire - http-outgoing-20 << "HTTP/1.1 200 OK[\r][\n]"
12:52:08.903 [Forwarding clickElement on session e96a05459a4fc14f92751217d7c87b39 to remote] DEBUG org.apache.http.wire - http-outgoing-20 << "Content-Length:14[\r][\n]"
12:52:08.903 [Forwarding clickElement on session e96a05459a4fc14f92751217d7c87b39 to remote] DEBUG org.apache.http.wire - http-outgoing-20 << "Content-Type:application/json; charset=utf-8[\r][\n]"
12:52:08.903 [Forwarding clickElement on session e96a05459a4fc14f92751217d7c87b39 to remote] DEBUG org.apache.http.wire - http-outgoing-20 << "cache-control:no-cache[\r][\n]"
12:52:08.903 [Forwarding clickElement on session e96a05459a4fc14f92751217d7c87b39 to remote] DEBUG org.apache.http.wire - http-outgoing-20 << "[\r][\n]"
12:52:08.903 [Forwarding clickElement on session e96a05459a4fc14f92751217d7c87b39 to remote] DEBUG org.apache.http.wire - http-outgoing-20 << "{"value":null}"
12:52:08.903 [Forwarding clickElement on session e96a05459a4fc14f92751217d7c87b39 to remote] DEBUG org.apache.http.headers - http-outgoing-20 << HTTP/1.1 200 OK
12:52:08.903 [Forwarding clickElement on session e96a05459a4fc14f92751217d7c87b39 to remote] DEBUG org.apache.http.headers - http-outgoing-20 << Content-Length:14
12:52:08.903 [Forwarding clickElement on session e96a05459a4fc14f92751217d7c87b39 to remote] DEBUG org.apache.http.headers - http-outgoing-20 << Content-Type:application/json; charset=utf-8
12:52:08.903 [Forwarding clickElement on session e96a05459a4fc14f92751217d7c87b39 to remote] DEBUG org.apache.http.headers - http-outgoing-20 << cache-control:no-cache
12:52:08.903 [Forwarding clickElement on session e96a05459a4fc14f92751217d7c87b39 to remote] DEBUG org.apache.http.impl.execchain.MainClientExec - Connection can be kept alive indefinitely
12:52:08.903 [Forwarding clickElement on session e96a05459a4fc14f92751217d7c87b39 to remote] DEBUG org.apache.http.impl.conn.PoolingHttpClientConnectionManager - Connection [id: 20][route: {}->http://localhost:34178] can be kept alive indefinitely
12:52:08.903 [Forwarding clickElement on session e96a05459a4fc14f92751217d7c87b39 to remote] DEBUG org.apache.http.impl.conn.PoolingHttpClientConnectionManager - Connection released: [id: 20][route: {}->http://localhost:34178][total kept alive: 3; route allocated: 1 of 2000; total allocated: 3 of 2000]
12:52:08.904 [Forwarding findElement on session e96a05459a4fc14f92751217d7c87b39 to remote] DEBUG org.apache.http.client.protocol.RequestAddCookies - CookieSpec selected: default
12:52:08.904 [Forwarding findElement on session e96a05459a4fc14f92751217d7c87b39 to remote] DEBUG org.apache.http.client.protocol.RequestAuthCache - Auth cache not set in the context
12:52:08.904 [Forwarding findElement on session e96a05459a4fc14f92751217d7c87b39 to remote] DEBUG org.apache.http.impl.conn.PoolingHttpClientConnectionManager - Connection request: [route: {}->http://localhost:34178][total kept alive: 3; route allocated: 1 of 2000; total allocated: 3 of 2000]
12:52:08.904 [Forwarding findElement on session e96a05459a4fc14f92751217d7c87b39 to remote] DEBUG org.apache.http.impl.conn.PoolingHttpClientConnectionManager - Connection leased: [id: 20][route: {}->http://localhost:34178][total kept alive: 2; route allocated: 1 of 2000; total allocated: 3 of 2000]
12:52:08.904 [Forwarding findElement on session e96a05459a4fc14f92751217d7c87b39 to remote] DEBUG org.apache.http.impl.execchain.MainClientExec - Stale connection check
12:52:08.905 [Forwarding findElement on session e96a05459a4fc14f92751217d7c87b39 to remote] DEBUG org.apache.http.wire - http-outgoing-20 << "[read] I/O error: Read timed out"
12:52:08.905 [Forwarding findElement on session e96a05459a4fc14f92751217d7c87b39 to remote] DEBUG org.apache.http.impl.conn.DefaultManagedHttpClientConnection - http-outgoing-20: set socket timeout to 10800000
12:52:08.905 [Forwarding findElement on session e96a05459a4fc14f92751217d7c87b39 to remote] DEBUG org.apache.http.impl.execchain.MainClientExec - Executing request POST /session/e96a05459a4fc14f92751217d7c87b39/element HTTP/1.1
12:52:08.905 [Forwarding findElement on session e96a05459a4fc14f92751217d7c87b39 to remote] DEBUG org.apache.http.impl.execchain.MainClientExec - Target auth state: UNCHALLENGED
12:52:08.905 [Forwarding findElement on session e96a05459a4fc14f92751217d7c87b39 to remote] DEBUG org.apache.http.impl.execchain.MainClientExec - Proxy auth state: UNCHALLENGED
12:52:08.905 [Forwarding findElement on session e96a05459a4fc14f92751217d7c87b39 to remote] DEBUG org.apache.http.headers - http-outgoing-20 >> POST /session/e96a05459a4fc14f92751217d7c87b39/element HTTP/1.1
12:52:08.905 [Forwarding findElement on session e96a05459a4fc14f92751217d7c87b39 to remote] DEBUG org.apache.http.headers - http-outgoing-20 >> Content-Type: application/json; charset=utf-8
12:52:08.905 [Forwarding findElement on session e96a05459a4fc14f92751217d7c87b39 to remote] DEBUG org.apache.http.headers - http-outgoing-20 >> Content-Length: 73
12:52:08.905 [Forwarding findElement on session e96a05459a4fc14f92751217d7c87b39 to remote] DEBUG org.apache.http.headers - http-outgoing-20 >> Host: localhost:34178
12:52:08.905 [Forwarding findElement on session e96a05459a4fc14f92751217d7c87b39 to remote] DEBUG org.apache.http.headers - http-outgoing-20 >> Connection: Keep-Alive
12:52:08.905 [Forwarding findElement on session e96a05459a4fc14f92751217d7c87b39 to remote] DEBUG org.apache.http.headers - http-outgoing-20 >> User-Agent: Apache-HttpClient/4.5.3 (Java/1.8.0_211)
12:52:08.905 [Forwarding findElement on session e96a05459a4fc14f92751217d7c87b39 to remote] DEBUG org.apache.http.headers - http-outgoing-20 >> Accept-Encoding: gzip,deflate
12:52:08.905 [Forwarding findElement on session e96a05459a4fc14f92751217d7c87b39 to remote] DEBUG org.apache.http.wire - http-outgoing-20 >> "POST /session/e96a05459a4fc14f92751217d7c87b39/element HTTP/1.1[\r][\n]"
12:52:08.905 [Forwarding findElement on session e96a05459a4fc14f92751217d7c87b39 to remote] DEBUG org.apache.http.wire - http-outgoing-20 >> "Content-Type: application/json; charset=utf-8[\r][\n]"
12:52:08.905 [Forwarding findElement on session e96a05459a4fc14f92751217d7c87b39 to remote] DEBUG org.apache.http.wire - http-outgoing-20 >> "Content-Length: 73[\r][\n]"
12:52:08.905 [Forwarding findElement on session e96a05459a4fc14f92751217d7c87b39 to remote] DEBUG org.apache.http.wire - http-outgoing-20 >> "Host: localhost:34178[\r][\n]"
12:52:08.905 [Forwarding findElement on session e96a05459a4fc14f92751217d7c87b39 to remote] DEBUG org.apache.http.wire - http-outgoing-20 >> "Connection: Keep-Alive[\r][\n]"
12:52:08.905 [Forwarding findElement on session e96a05459a4fc14f92751217d7c87b39 to remote] DEBUG org.apache.http.wire - http-outgoing-20 >> "User-Agent: Apache-HttpClient/4.5.3 (Java/1.8.0_211)[\r][\n]"
12:52:08.905 [Forwarding findElement on session e96a05459a4fc14f92751217d7c87b39 to remote] DEBUG org.apache.http.wire - http-outgoing-20 >> "Accept-Encoding: gzip,deflate[\r][\n]"
12:52:08.905 [Forwarding findElement on session e96a05459a4fc14f92751217d7c87b39 to remote] DEBUG org.apache.http.wire - http-outgoing-20 >> "[\r][\n]"
12:52:08.905 [Forwarding findElement on session e96a05459a4fc14f92751217d7c87b39 to remote] DEBUG org.apache.http.wire - http-outgoing-20 >> "{"value":".form-group:nth-child(2) .form-control","using":"css selector"}"
12:52:08.949 [Forwarding findElement on session e96a05459a4fc14f92751217d7c87b39 to remote] DEBUG org.apache.http.wire - http-outgoing-20 << "HTTP/1.1 200 OK[\r][\n]"
12:52:08.949 [Forwarding findElement on session e96a05459a4fc14f92751217d7c87b39 to remote] DEBUG org.apache.http.wire - http-outgoing-20 << "Content-Length:88[\r][\n]"
12:52:08.949 [Forwarding findElement on session e96a05459a4fc14f92751217d7c87b39 to remote] DEBUG org.apache.http.wire - http-outgoing-20 << "Content-Type:application/json; charset=utf-8[\r][\n]"
12:52:08.949 [Forwarding findElement on session e96a05459a4fc14f92751217d7c87b39 to remote] DEBUG org.apache.http.wire - http-outgoing-20 << "cache-control:no-cache[\r][\n]"
12:52:08.949 [Forwarding findElement on session e96a05459a4fc14f92751217d7c87b39 to remote] DEBUG org.apache.http.wire - http-outgoing-20 << "[\r][\n]"
12:52:08.949 [Forwarding findElement on session e96a05459a4fc14f92751217d7c87b39 to remote] DEBUG org.apache.http.wire - http-outgoing-20 << "{"value":{"element-6066-11e4-a52e-4f735466cecf":"d5112191-5ea7-4933-a962-f9f5e953925a"}}"
12:52:08.949 [Forwarding findElement on session e96a05459a4fc14f92751217d7c87b39 to remote] DEBUG org.apache.http.headers - http-outgoing-20 << HTTP/1.1 200 OK
12:52:08.949 [Forwarding findElement on session e96a05459a4fc14f92751217d7c87b39 to remote] DEBUG org.apache.http.headers - http-outgoing-20 << Content-Length:88
12:52:08.949 [Forwarding findElement on session e96a05459a4fc14f92751217d7c87b39 to remote] DEBUG org.apache.http.headers - http-outgoing-20 << Content-Type:application/json; charset=utf-8
12:52:08.949 [Forwarding findElement on session e96a05459a4fc14f92751217d7c87b39 to remote] DEBUG org.apache.http.headers - http-outgoing-20 << cache-control:no-cache
12:52:08.949 [Forwarding findElement on session e96a05459a4fc14f92751217d7c87b39 to remote] DEBUG org.apache.http.impl.execchain.MainClientExec - Connection can be kept alive indefinitely
12:52:08.949 [Forwarding findElement on session e96a05459a4fc14f92751217d7c87b39 to remote] DEBUG org.apache.http.impl.conn.PoolingHttpClientConnectionManager - Connection [id: 20][route: {}->http://localhost:34178] can be kept alive indefinitely
12:52:08.949 [Forwarding findElement on session e96a05459a4fc14f92751217d7c87b39 to remote] DEBUG org.apache.http.impl.conn.PoolingHttpClientConnectionManager - Connection released: [id: 20][route: {}->http://localhost:34178][total kept alive: 3; route allocated: 1 of 2000; total allocated: 3 of 2000]
12:52:08.950 [Forwarding clickElement on session e96a05459a4fc14f92751217d7c87b39 to remote] DEBUG org.apache.http.client.protocol.RequestAddCookies - CookieSpec selected: default
12:52:08.950 [Forwarding clickElement on session e96a05459a4fc14f92751217d7c87b39 to remote] DEBUG org.apache.http.client.protocol.RequestAuthCache - Auth cache not set in the context
12:52:08.950 [Forwarding clickElement on session e96a05459a4fc14f92751217d7c87b39 to remote] DEBUG org.apache.http.impl.conn.PoolingHttpClientConnectionManager - Connection request: [route: {}->http://localhost:34178][total kept alive: 3; route allocated: 1 of 2000; total allocated: 3 of 2000]
12:52:08.950 [Forwarding clickElement on session e96a05459a4fc14f92751217d7c87b39 to remote] DEBUG org.apache.http.impl.conn.PoolingHttpClientConnectionManager - Connection leased: [id: 20][route: {}->http://localhost:34178][total kept alive: 2; route allocated: 1 of 2000; total allocated: 3 of 2000]
12:52:08.950 [Forwarding clickElement on session e96a05459a4fc14f92751217d7c87b39 to remote] DEBUG org.apache.http.impl.execchain.MainClientExec - Stale connection check
12:52:08.951 [Forwarding clickElement on session e96a05459a4fc14f92751217d7c87b39 to remote] DEBUG org.apache.http.wire - http-outgoing-20 << "[read] I/O error: Read timed out"
12:52:08.951 [Forwarding clickElement on session e96a05459a4fc14f92751217d7c87b39 to remote] DEBUG org.apache.http.impl.conn.DefaultManagedHttpClientConnection - http-outgoing-20: set socket timeout to 10800000
12:52:08.951 [Forwarding clickElement on session e96a05459a4fc14f92751217d7c87b39 to remote] DEBUG org.apache.http.impl.execchain.MainClientExec - Executing request POST /session/e96a05459a4fc14f92751217d7c87b39/element/d5112191-5ea7-4933-a962-f9f5e953925a/click HTTP/1.1
12:52:08.951 [Forwarding clickElement on session e96a05459a4fc14f92751217d7c87b39 to remote] DEBUG org.apache.http.impl.execchain.MainClientExec - Target auth state: UNCHALLENGED
12:52:08.951 [Forwarding clickElement on session e96a05459a4fc14f92751217d7c87b39 to remote] DEBUG org.apache.http.impl.execchain.MainClientExec - Proxy auth state: UNCHALLENGED
12:52:08.951 [Forwarding clickElement on session e96a05459a4fc14f92751217d7c87b39 to remote] DEBUG org.apache.http.headers - http-outgoing-20 >> POST /session/e96a05459a4fc14f92751217d7c87b39/element/d5112191-5ea7-4933-a962-f9f5e953925a/click HTTP/1.1
12:52:08.951 [Forwarding clickElement on session e96a05459a4fc14f92751217d7c87b39 to remote] DEBUG org.apache.http.headers - http-outgoing-20 >> Content-Type: application/json; charset=utf-8
12:52:08.951 [Forwarding clickElement on session e96a05459a4fc14f92751217d7c87b39 to remote] DEBUG org.apache.http.headers - http-outgoing-20 >> Content-Length: 45
12:52:08.951 [Forwarding clickElement on session e96a05459a4fc14f92751217d7c87b39 to remote] DEBUG org.apache.http.headers - http-outgoing-20 >> Host: localhost:34178
12:52:08.951 [Forwarding clickElement on session e96a05459a4fc14f92751217d7c87b39 to remote] DEBUG org.apache.http.headers - http-outgoing-20 >> Connection: Keep-Alive
12:52:08.951 [Forwarding clickElement on session e96a05459a4fc14f92751217d7c87b39 to remote] DEBUG org.apache.http.headers - http-outgoing-20 >> User-Agent: Apache-HttpClient/4.5.3 (Java/1.8.0_211)
12:52:08.951 [Forwarding clickElement on session e96a05459a4fc14f92751217d7c87b39 to remote] DEBUG org.apache.http.headers - http-outgoing-20 >> Accept-Encoding: gzip,deflate
12:52:08.951 [Forwarding clickElement on session e96a05459a4fc14f92751217d7c87b39 to remote] DEBUG org.apache.http.wire - http-outgoing-20 >> "POST /session/e96a05459a4fc14f92751217d7c87b39/element/d5112191-5ea7-4933-a962-f9f5e953925a/click HTTP/1.1[\r][\n]"
12:52:08.951 [Forwarding clickElement on session e96a05459a4fc14f92751217d7c87b39 to remote] DEBUG org.apache.http.wire - http-outgoing-20 >> "Content-Type: application/json; charset=utf-8[\r][\n]"
12:52:08.951 [Forwarding clickElement on session e96a05459a4fc14f92751217d7c87b39 to remote] DEBUG org.apache.http.wire - http-outgoing-20 >> "Content-Length: 45[\r][\n]"
12:52:08.951 [Forwarding clickElement on session e96a05459a4fc14f92751217d7c87b39 to remote] DEBUG org.apache.http.wire - http-outgoing-20 >> "Host: localhost:34178[\r][\n]"
12:52:08.951 [Forwarding clickElement on session e96a05459a4fc14f92751217d7c87b39 to remote] DEBUG org.apache.http.wire - http-outgoing-20 >> "Connection: Keep-Alive[\r][\n]"
12:52:08.951 [Forwarding clickElement on session e96a05459a4fc14f92751217d7c87b39 to remote] DEBUG org.apache.http.wire - http-outgoing-20 >> "User-Agent: Apache-HttpClient/4.5.3 (Java/1.8.0_211)[\r][\n]"
12:52:08.951 [Forwarding clickElement on session e96a05459a4fc14f92751217d7c87b39 to remote] DEBUG org.apache.http.wire - http-outgoing-20 >> "Accept-Encoding: gzip,deflate[\r][\n]"
12:52:08.951 [Forwarding clickElement on session e96a05459a4fc14f92751217d7c87b39 to remote] DEBUG org.apache.http.wire - http-outgoing-20 >> "[\r][\n]"
12:52:08.951 [Forwarding clickElement on session e96a05459a4fc14f92751217d7c87b39 to remote] DEBUG org.apache.http.wire - http-outgoing-20 >> "{"id":"d5112191-5ea7-4933-a962-f9f5e953925a"}"
12:52:08.976 [Forwarding clickElement on session e96a05459a4fc14f92751217d7c87b39 to remote] DEBUG org.apache.http.wire - http-outgoing-20 << "HTTP/1.1 200 OK[\r][\n]"
12:52:08.976 [Forwarding clickElement on session e96a05459a4fc14f92751217d7c87b39 to remote] DEBUG org.apache.http.wire - http-outgoing-20 << "Content-Length:14[\r][\n]"
12:52:08.976 [Forwarding clickElement on session e96a05459a4fc14f92751217d7c87b39 to remote] DEBUG org.apache.http.wire - http-outgoing-20 << "Content-Type:application/json; charset=utf-8[\r][\n]"
12:52:08.976 [Forwarding clickElement on session e96a05459a4fc14f92751217d7c87b39 to remote] DEBUG org.apache.http.wire - http-outgoing-20 << "cache-control:no-cache[\r][\n]"
12:52:08.976 [Forwarding clickElement on session e96a05459a4fc14f92751217d7c87b39 to remote] DEBUG org.apache.http.wire - http-outgoing-20 << "[\r][\n]"
12:52:08.976 [Forwarding clickElement on session e96a05459a4fc14f92751217d7c87b39 to remote] DEBUG org.apache.http.wire - http-outgoing-20 << "{"value":null}"
12:52:08.976 [Forwarding clickElement on session e96a05459a4fc14f92751217d7c87b39 to remote] DEBUG org.apache.http.headers - http-outgoing-20 << HTTP/1.1 200 OK
12:52:08.976 [Forwarding clickElement on session e96a05459a4fc14f92751217d7c87b39 to remote] DEBUG org.apache.http.headers - http-outgoing-20 << Content-Length:14
12:52:08.976 [Forwarding clickElement on session e96a05459a4fc14f92751217d7c87b39 to remote] DEBUG org.apache.http.headers - http-outgoing-20 << Content-Type:application/json; charset=utf-8
12:52:08.976 [Forwarding clickElement on session e96a05459a4fc14f92751217d7c87b39 to remote] DEBUG org.apache.http.headers - http-outgoing-20 << cache-control:no-cache
12:52:08.976 [Forwarding clickElement on session e96a05459a4fc14f92751217d7c87b39 to remote] DEBUG org.apache.http.impl.execchain.MainClientExec - Connection can be kept alive indefinitely
12:52:08.976 [Forwarding clickElement on session e96a05459a4fc14f92751217d7c87b39 to remote] DEBUG org.apache.http.impl.conn.PoolingHttpClientConnectionManager - Connection [id: 20][route: {}->http://localhost:34178] can be kept alive indefinitely
12:52:08.976 [Forwarding clickElement on session e96a05459a4fc14f92751217d7c87b39 to remote] DEBUG org.apache.http.impl.conn.PoolingHttpClientConnectionManager - Connection released: [id: 20][route: {}->http://localhost:34178][total kept alive: 3; route allocated: 1 of 2000; total allocated: 3 of 2000]
12:52:08.977 [Forwarding findElement on session e96a05459a4fc14f92751217d7c87b39 to remote] DEBUG org.apache.http.client.protocol.RequestAddCookies - CookieSpec selected: default
12:52:08.977 [Forwarding findElement on session e96a05459a4fc14f92751217d7c87b39 to remote] DEBUG org.apache.http.client.protocol.RequestAuthCache - Auth cache not set in the context
12:52:08.977 [Forwarding findElement on session e96a05459a4fc14f92751217d7c87b39 to remote] DEBUG org.apache.http.impl.conn.PoolingHttpClientConnectionManager - Connection request: [route: {}->http://localhost:34178][total kept alive: 3; route allocated: 1 of 2000; total allocated: 3 of 2000]
12:52:08.977 [Forwarding findElement on session e96a05459a4fc14f92751217d7c87b39 to remote] DEBUG org.apache.http.impl.conn.PoolingHttpClientConnectionManager - Connection leased: [id: 20][route: {}->http://localhost:34178][total kept alive: 2; route allocated: 1 of 2000; total allocated: 3 of 2000]
12:52:08.977 [Forwarding findElement on session e96a05459a4fc14f92751217d7c87b39 to remote] DEBUG org.apache.http.impl.execchain.MainClientExec - Stale connection check
12:52:08.978 [Forwarding findElement on session e96a05459a4fc14f92751217d7c87b39 to remote] DEBUG org.apache.http.wire - http-outgoing-20 << "[read] I/O error: Read timed out"
12:52:08.978 [Forwarding findElement on session e96a05459a4fc14f92751217d7c87b39 to remote] DEBUG org.apache.http.impl.conn.DefaultManagedHttpClientConnection - http-outgoing-20: set socket timeout to 10800000
12:52:08.978 [Forwarding findElement on session e96a05459a4fc14f92751217d7c87b39 to remote] DEBUG org.apache.http.impl.execchain.MainClientExec - Executing request POST /session/e96a05459a4fc14f92751217d7c87b39/element HTTP/1.1
12:52:08.978 [Forwarding findElement on session e96a05459a4fc14f92751217d7c87b39 to remote] DEBUG org.apache.http.impl.execchain.MainClientExec - Target auth state: UNCHALLENGED
12:52:08.978 [Forwarding findElement on session e96a05459a4fc14f92751217d7c87b39 to remote] DEBUG org.apache.http.impl.execchain.MainClientExec - Proxy auth state: UNCHALLENGED
12:52:08.978 [Forwarding findElement on session e96a05459a4fc14f92751217d7c87b39 to remote] DEBUG org.apache.http.headers - http-outgoing-20 >> POST /session/e96a05459a4fc14f92751217d7c87b39/element HTTP/1.1
12:52:08.978 [Forwarding findElement on session e96a05459a4fc14f92751217d7c87b39 to remote] DEBUG org.apache.http.headers - http-outgoing-20 >> Content-Type: application/json; charset=utf-8
12:52:08.978 [Forwarding findElement on session e96a05459a4fc14f92751217d7c87b39 to remote] DEBUG org.apache.http.headers - http-outgoing-20 >> Content-Length: 73
12:52:08.978 [Forwarding findElement on session e96a05459a4fc14f92751217d7c87b39 to remote] DEBUG org.apache.http.headers - http-outgoing-20 >> Host: localhost:34178
12:52:08.978 [Forwarding findElement on session e96a05459a4fc14f92751217d7c87b39 to remote] DEBUG org.apache.http.headers - http-outgoing-20 >> Connection: Keep-Alive
12:52:08.978 [Forwarding findElement on session e96a05459a4fc14f92751217d7c87b39 to remote] DEBUG org.apache.http.headers - http-outgoing-20 >> User-Agent: Apache-HttpClient/4.5.3 (Java/1.8.0_211)
12:52:08.978 [Forwarding findElement on session e96a05459a4fc14f92751217d7c87b39 to remote] DEBUG org.apache.http.headers - http-outgoing-20 >> Accept-Encoding: gzip,deflate
12:52:08.978 [Forwarding findElement on session e96a05459a4fc14f92751217d7c87b39 to remote] DEBUG org.apache.http.wire - http-outgoing-20 >> "POST /session/e96a05459a4fc14f92751217d7c87b39/element HTTP/1.1[\r][\n]"
12:52:08.978 [Forwarding findElement on session e96a05459a4fc14f92751217d7c87b39 to remote] DEBUG org.apache.http.wire - http-outgoing-20 >> "Content-Type: application/json; charset=utf-8[\r][\n]"
12:52:08.978 [Forwarding findElement on session e96a05459a4fc14f92751217d7c87b39 to remote] DEBUG org.apache.http.wire - http-outgoing-20 >> "Content-Length: 73[\r][\n]"
12:52:08.978 [Forwarding findElement on session e96a05459a4fc14f92751217d7c87b39 to remote] DEBUG org.apache.http.wire - http-outgoing-20 >> "Host: localhost:34178[\r][\n]"
12:52:08.978 [Forwarding findElement on session e96a05459a4fc14f92751217d7c87b39 to remote] DEBUG org.apache.http.wire - http-outgoing-20 >> "Connection: Keep-Alive[\r][\n]"
12:52:08.978 [Forwarding findElement on session e96a05459a4fc14f92751217d7c87b39 to remote] DEBUG org.apache.http.wire - http-outgoing-20 >> "User-Agent: Apache-HttpClient/4.5.3 (Java/1.8.0_211)[\r][\n]"
12:52:08.978 [Forwarding findElement on session e96a05459a4fc14f92751217d7c87b39 to remote] DEBUG org.apache.http.wire - http-outgoing-20 >> "Accept-Encoding: gzip,deflate[\r][\n]"
12:52:08.978 [Forwarding findElement on session e96a05459a4fc14f92751217d7c87b39 to remote] DEBUG org.apache.http.wire - http-outgoing-20 >> "[\r][\n]"
12:52:08.978 [Forwarding findElement on session e96a05459a4fc14f92751217d7c87b39 to remote] DEBUG org.apache.http.wire - http-outgoing-20 >> "{"value":".form-group:nth-child(2) .form-control","using":"css selector"}"
12:52:08.981 [Forwarding findElement on session e96a05459a4fc14f92751217d7c87b39 to remote] DEBUG org.apache.http.wire - http-outgoing-20 << "HTTP/1.1 200 OK[\r][\n]"
12:52:08.981 [Forwarding findElement on session e96a05459a4fc14f92751217d7c87b39 to remote] DEBUG org.apache.http.wire - http-outgoing-20 << "Content-Length:88[\r][\n]"
12:52:08.981 [Forwarding findElement on session e96a05459a4fc14f92751217d7c87b39 to remote] DEBUG org.apache.http.wire - http-outgoing-20 << "Content-Type:application/json; charset=utf-8[\r][\n]"
12:52:08.981 [Forwarding findElement on session e96a05459a4fc14f92751217d7c87b39 to remote] DEBUG org.apache.http.wire - http-outgoing-20 << "cache-control:no-cache[\r][\n]"
12:52:08.981 [Forwarding findElement on session e96a05459a4fc14f92751217d7c87b39 to remote] DEBUG org.apache.http.wire - http-outgoing-20 << "[\r][\n]"
12:52:08.981 [Forwarding findElement on session e96a05459a4fc14f92751217d7c87b39 to remote] DEBUG org.apache.http.wire - http-outgoing-20 << "{"value":{"element-6066-11e4-a52e-4f735466cecf":"d5112191-5ea7-4933-a962-f9f5e953925a"}}"
12:52:08.981 [Forwarding findElement on session e96a05459a4fc14f92751217d7c87b39 to remote] DEBUG org.apache.http.headers - http-outgoing-20 << HTTP/1.1 200 OK
12:52:08.981 [Forwarding findElement on session e96a05459a4fc14f92751217d7c87b39 to remote] DEBUG org.apache.http.headers - http-outgoing-20 << Content-Length:88
12:52:08.981 [Forwarding findElement on session e96a05459a4fc14f92751217d7c87b39 to remote] DEBUG org.apache.http.headers - http-outgoing-20 << Content-Type:application/json; charset=utf-8
12:52:08.981 [Forwarding findElement on session e96a05459a4fc14f92751217d7c87b39 to remote] DEBUG org.apache.http.headers - http-outgoing-20 << cache-control:no-cache
12:52:08.981 [Forwarding findElement on session e96a05459a4fc14f92751217d7c87b39 to remote] DEBUG org.apache.http.impl.execchain.MainClientExec - Connection can be kept alive indefinitely
12:52:08.981 [Forwarding findElement on session e96a05459a4fc14f92751217d7c87b39 to remote] DEBUG org.apache.http.impl.conn.PoolingHttpClientConnectionManager - Connection [id: 20][route: {}->http://localhost:34178] can be kept alive indefinitely
12:52:08.981 [Forwarding findElement on session e96a05459a4fc14f92751217d7c87b39 to remote] DEBUG org.apache.http.impl.conn.PoolingHttpClientConnectionManager - Connection released: [id: 20][route: {}->http://localhost:34178][total kept alive: 3; route allocated: 1 of 2000; total allocated: 3 of 2000]
12:52:08.981 [Forwarding sendKeysToElement on session e96a05459a4fc14f92751217d7c87b39 to remote] DEBUG org.apache.http.client.protocol.RequestAddCookies - CookieSpec selected: default
12:52:08.981 [Forwarding sendKeysToElement on session e96a05459a4fc14f92751217d7c87b39 to remote] DEBUG org.apache.http.client.protocol.RequestAuthCache - Auth cache not set in the context
12:52:08.981 [Forwarding sendKeysToElement on session e96a05459a4fc14f92751217d7c87b39 to remote] DEBUG org.apache.http.impl.conn.PoolingHttpClientConnectionManager - Connection request: [route: {}->http://localhost:34178][total kept alive: 3; route allocated: 1 of 2000; total allocated: 3 of 2000]
12:52:08.981 [Forwarding sendKeysToElement on session e96a05459a4fc14f92751217d7c87b39 to remote] DEBUG org.apache.http.impl.conn.PoolingHttpClientConnectionManager - Connection leased: [id: 20][route: {}->http://localhost:34178][total kept alive: 2; route allocated: 1 of 2000; total allocated: 3 of 2000]
12:52:08.981 [Forwarding sendKeysToElement on session e96a05459a4fc14f92751217d7c87b39 to remote] DEBUG org.apache.http.impl.execchain.MainClientExec - Stale connection check
12:52:08.983 [Forwarding sendKeysToElement on session e96a05459a4fc14f92751217d7c87b39 to remote] DEBUG org.apache.http.wire - http-outgoing-20 << "[read] I/O error: Read timed out"
12:52:08.983 [Forwarding sendKeysToElement on session e96a05459a4fc14f92751217d7c87b39 to remote] DEBUG org.apache.http.impl.conn.DefaultManagedHttpClientConnection - http-outgoing-20: set socket timeout to 10800000
12:52:08.983 [Forwarding sendKeysToElement on session e96a05459a4fc14f92751217d7c87b39 to remote] DEBUG org.apache.http.impl.execchain.MainClientExec - Executing request POST /session/e96a05459a4fc14f92751217d7c87b39/element/d5112191-5ea7-4933-a962-f9f5e953925a/value HTTP/1.1
12:52:08.983 [Forwarding sendKeysToElement on session e96a05459a4fc14f92751217d7c87b39 to remote] DEBUG org.apache.http.impl.execchain.MainClientExec - Target auth state: UNCHALLENGED
12:52:08.983 [Forwarding sendKeysToElement on session e96a05459a4fc14f92751217d7c87b39 to remote] DEBUG org.apache.http.impl.execchain.MainClientExec - Proxy auth state: UNCHALLENGED
12:52:08.983 [Forwarding sendKeysToElement on session e96a05459a4fc14f92751217d7c87b39 to remote] DEBUG org.apache.http.headers - http-outgoing-20 >> POST /session/e96a05459a4fc14f92751217d7c87b39/element/d5112191-5ea7-4933-a962-f9f5e953925a/value HTTP/1.1
12:52:08.983 [Forwarding sendKeysToElement on session e96a05459a4fc14f92751217d7c87b39 to remote] DEBUG org.apache.http.headers - http-outgoing-20 >> Content-Type: application/json; charset=utf-8
12:52:08.983 [Forwarding sendKeysToElement on session e96a05459a4fc14f92751217d7c87b39 to remote] DEBUG org.apache.http.headers - http-outgoing-20 >> Content-Length: 235
12:52:08.983 [Forwarding sendKeysToElement on session e96a05459a4fc14f92751217d7c87b39 to remote] DEBUG org.apache.http.headers - http-outgoing-20 >> Host: localhost:34178
12:52:08.983 [Forwarding sendKeysToElement on session e96a05459a4fc14f92751217d7c87b39 to remote] DEBUG org.apache.http.headers - http-outgoing-20 >> Connection: Keep-Alive
12:52:08.983 [Forwarding sendKeysToElement on session e96a05459a4fc14f92751217d7c87b39 to remote] DEBUG org.apache.http.headers - http-outgoing-20 >> User-Agent: Apache-HttpClient/4.5.3 (Java/1.8.0_211)
12:52:08.983 [Forwarding sendKeysToElement on session e96a05459a4fc14f92751217d7c87b39 to remote] DEBUG org.apache.http.headers - http-outgoing-20 >> Accept-Encoding: gzip,deflate
12:52:08.983 [Forwarding sendKeysToElement on session e96a05459a4fc14f92751217d7c87b39 to remote] DEBUG org.apache.http.wire - http-outgoing-20 >> "POST /session/e96a05459a4fc14f92751217d7c87b39/element/d5112191-5ea7-4933-a962-f9f5e953925a/value HTTP/1.1[\r][\n]"
12:52:08.983 [Forwarding sendKeysToElement on session e96a05459a4fc14f92751217d7c87b39 to remote] DEBUG org.apache.http.wire - http-outgoing-20 >> "Content-Type: application/json; charset=utf-8[\r][\n]"
12:52:08.983 [Forwarding sendKeysToElement on session e96a05459a4fc14f92751217d7c87b39 to remote] DEBUG org.apache.http.wire - http-outgoing-20 >> "Content-Length: 235[\r][\n]"
12:52:08.983 [Forwarding sendKeysToElement on session e96a05459a4fc14f92751217d7c87b39 to remote] DEBUG org.apache.http.wire - http-outgoing-20 >> "Host: localhost:34178[\r][\n]"
12:52:08.983 [Forwarding sendKeysToElement on session e96a05459a4fc14f92751217d7c87b39 to remote] DEBUG org.apache.http.wire - http-outgoing-20 >> "Connection: Keep-Alive[\r][\n]"
12:52:08.983 [Forwarding sendKeysToElement on session e96a05459a4fc14f92751217d7c87b39 to remote] DEBUG org.apache.http.wire - http-outgoing-20 >> "User-Agent: Apache-HttpClient/4.5.3 (Java/1.8.0_211)[\r][\n]"
12:52:08.983 [Forwarding sendKeysToElement on session e96a05459a4fc14f92751217d7c87b39 to remote] DEBUG org.apache.http.wire - http-outgoing-20 >> "Accept-Encoding: gzip,deflate[\r][\n]"
12:52:08.983 [Forwarding sendKeysToElement on session e96a05459a4fc14f92751217d7c87b39 to remote] DEBUG org.apache.http.wire - http-outgoing-20 >> "[\r][\n]"
12:52:08.983 [Forwarding sendKeysToElement on session e96a05459a4fc14f92751217d7c87b39 to remote] DEBUG org.apache.http.wire - http-outgoing-20 >> "{"id":"d5112191-5ea7-4933-a962-f9f5e953925a","text":"TZEZWXYQS44388xBoMhQdpL1HrBZFLfDpt","value":["T","Z","E","Z","W","X","Y","Q","S","4","4","3","8","8","x","B","o","M","h","Q","d","p","L","1","H","r","B","Z","F","L","f","D","p","t"]}"
12:52:09.098 [Forwarding sendKeysToElement on session e96a05459a4fc14f92751217d7c87b39 to remote] DEBUG org.apache.http.wire - http-outgoing-20 << "HTTP/1.1 200 OK[\r][\n]"
12:52:09.098 [Forwarding sendKeysToElement on session e96a05459a4fc14f92751217d7c87b39 to remote] DEBUG org.apache.http.wire - http-outgoing-20 << "Content-Length:14[\r][\n]"
12:52:09.098 [Forwarding sendKeysToElement on session e96a05459a4fc14f92751217d7c87b39 to remote] DEBUG org.apache.http.wire - http-outgoing-20 << "Content-Type:application/json; charset=utf-8[\r][\n]"
12:52:09.098 [Forwarding sendKeysToElement on session e96a05459a4fc14f92751217d7c87b39 to remote] DEBUG org.apache.http.wire - http-outgoing-20 << "cache-control:no-cache[\r][\n]"
12:52:09.098 [Forwarding sendKeysToElement on session e96a05459a4fc14f92751217d7c87b39 to remote] DEBUG org.apache.http.wire - http-outgoing-20 << "[\r][\n]"
12:52:09.098 [Forwarding sendKeysToElement on session e96a05459a4fc14f92751217d7c87b39 to remote] DEBUG org.apache.http.wire - http-outgoing-20 << "{"value":null}"
12:52:09.098 [Forwarding sendKeysToElement on session e96a05459a4fc14f92751217d7c87b39 to remote] DEBUG org.apache.http.headers - http-outgoing-20 << HTTP/1.1 200 OK
12:52:09.098 [Forwarding sendKeysToElement on session e96a05459a4fc14f92751217d7c87b39 to remote] DEBUG org.apache.http.headers - http-outgoing-20 << Content-Length:14
12:52:09.098 [Forwarding sendKeysToElement on session e96a05459a4fc14f92751217d7c87b39 to remote] DEBUG org.apache.http.headers - http-outgoing-20 << Content-Type:application/json; charset=utf-8
12:52:09.098 [Forwarding sendKeysToElement on session e96a05459a4fc14f92751217d7c87b39 to remote] DEBUG org.apache.http.headers - http-outgoing-20 << cache-control:no-cache
12:52:09.098 [Forwarding sendKeysToElement on session e96a05459a4fc14f92751217d7c87b39 to remote] DEBUG org.apache.http.impl.execchain.MainClientExec - Connection can be kept alive indefinitely
12:52:09.098 [Forwarding sendKeysToElement on session e96a05459a4fc14f92751217d7c87b39 to remote] DEBUG org.apache.http.impl.conn.PoolingHttpClientConnectionManager - Connection [id: 20][route: {}->http://localhost:34178] can be kept alive indefinitely
12:52:09.098 [Forwarding sendKeysToElement on session e96a05459a4fc14f92751217d7c87b39 to remote] DEBUG org.apache.http.impl.conn.PoolingHttpClientConnectionManager - Connection released: [id: 20][route: {}->http://localhost:34178][total kept alive: 3; route allocated: 1 of 2000; total allocated: 3 of 2000]
12:52:09.301 [Forwarding findElement on session e96a05459a4fc14f92751217d7c87b39 to remote] DEBUG org.apache.http.client.protocol.RequestAddCookies - CookieSpec selected: default
12:52:09.301 [Forwarding findElement on session e96a05459a4fc14f92751217d7c87b39 to remote] DEBUG org.apache.http.client.protocol.RequestAuthCache - Auth cache not set in the context
12:52:09.301 [Forwarding findElement on session e96a05459a4fc14f92751217d7c87b39 to remote] DEBUG org.apache.http.impl.conn.PoolingHttpClientConnectionManager - Connection request: [route: {}->http://localhost:34178][total kept alive: 3; route allocated: 1 of 2000; total allocated: 3 of 2000]
12:52:09.301 [Forwarding findElement on session e96a05459a4fc14f92751217d7c87b39 to remote] DEBUG org.apache.http.impl.conn.PoolingHttpClientConnectionManager - Connection leased: [id: 20][route: {}->http://localhost:34178][total kept alive: 2; route allocated: 1 of 2000; total allocated: 3 of 2000]
12:52:09.301 [Forwarding findElement on session e96a05459a4fc14f92751217d7c87b39 to remote] DEBUG org.apache.http.impl.execchain.MainClientExec - Stale connection check
12:52:09.303 [Forwarding findElement on session e96a05459a4fc14f92751217d7c87b39 to remote] DEBUG org.apache.http.wire - http-outgoing-20 << "[read] I/O error: Read timed out"
12:52:09.303 [Forwarding findElement on session e96a05459a4fc14f92751217d7c87b39 to remote] DEBUG org.apache.http.impl.conn.DefaultManagedHttpClientConnection - http-outgoing-20: set socket timeout to 10800000
12:52:09.303 [Forwarding findElement on session e96a05459a4fc14f92751217d7c87b39 to remote] DEBUG org.apache.http.impl.execchain.MainClientExec - Executing request POST /session/e96a05459a4fc14f92751217d7c87b39/element HTTP/1.1
12:52:09.303 [Forwarding findElement on session e96a05459a4fc14f92751217d7c87b39 to remote] DEBUG org.apache.http.impl.execchain.MainClientExec - Target auth state: UNCHALLENGED
12:52:09.303 [Forwarding findElement on session e96a05459a4fc14f92751217d7c87b39 to remote] DEBUG org.apache.http.impl.execchain.MainClientExec - Proxy auth state: UNCHALLENGED
12:52:09.303 [Forwarding findElement on session e96a05459a4fc14f92751217d7c87b39 to remote] DEBUG org.apache.http.headers - http-outgoing-20 >> POST /session/e96a05459a4fc14f92751217d7c87b39/element HTTP/1.1
12:52:09.303 [Forwarding findElement on session e96a05459a4fc14f92751217d7c87b39 to remote] DEBUG org.apache.http.headers - http-outgoing-20 >> Content-Type: application/json; charset=utf-8
12:52:09.303 [Forwarding findElement on session e96a05459a4fc14f92751217d7c87b39 to remote] DEBUG org.apache.http.headers - http-outgoing-20 >> Content-Length: 73
12:52:09.303 [Forwarding findElement on session e96a05459a4fc14f92751217d7c87b39 to remote] DEBUG org.apache.http.headers - http-outgoing-20 >> Host: localhost:34178
12:52:09.303 [Forwarding findElement on session e96a05459a4fc14f92751217d7c87b39 to remote] DEBUG org.apache.http.headers - http-outgoing-20 >> Connection: Keep-Alive
12:52:09.303 [Forwarding findElement on session e96a05459a4fc14f92751217d7c87b39 to remote] DEBUG org.apache.http.headers - http-outgoing-20 >> User-Agent: Apache-HttpClient/4.5.3 (Java/1.8.0_211)
12:52:09.303 [Forwarding findElement on session e96a05459a4fc14f92751217d7c87b39 to remote] DEBUG org.apache.http.headers - http-outgoing-20 >> Accept-Encoding: gzip,deflate
12:52:09.303 [Forwarding findElement on session e96a05459a4fc14f92751217d7c87b39 to remote] DEBUG org.apache.http.wire - http-outgoing-20 >> "POST /session/e96a05459a4fc14f92751217d7c87b39/element HTTP/1.1[\r][\n]"
12:52:09.303 [Forwarding findElement on session e96a05459a4fc14f92751217d7c87b39 to remote] DEBUG org.apache.http.wire - http-outgoing-20 >> "Content-Type: application/json; charset=utf-8[\r][\n]"
12:52:09.303 [Forwarding findElement on session e96a05459a4fc14f92751217d7c87b39 to remote] DEBUG org.apache.http.wire - http-outgoing-20 >> "Content-Length: 73[\r][\n]"
12:52:09.303 [Forwarding findElement on session e96a05459a4fc14f92751217d7c87b39 to remote] DEBUG org.apache.http.wire - http-outgoing-20 >> "Host: localhost:34178[\r][\n]"
12:52:09.303 [Forwarding findElement on session e96a05459a4fc14f92751217d7c87b39 to remote] DEBUG org.apache.http.wire - http-outgoing-20 >> "Connection: Keep-Alive[\r][\n]"
12:52:09.303 [Forwarding findElement on session e96a05459a4fc14f92751217d7c87b39 to remote] DEBUG org.apache.http.wire - http-outgoing-20 >> "User-Agent: Apache-HttpClient/4.5.3 (Java/1.8.0_211)[\r][\n]"
12:52:09.303 [Forwarding findElement on session e96a05459a4fc14f92751217d7c87b39 to remote] DEBUG org.apache.http.wire - http-outgoing-20 >> "Accept-Encoding: gzip,deflate[\r][\n]"
12:52:09.303 [Forwarding findElement on session e96a05459a4fc14f92751217d7c87b39 to remote] DEBUG org.apache.http.wire - http-outgoing-20 >> "[\r][\n]"
12:52:09.303 [Forwarding findElement on session e96a05459a4fc14f92751217d7c87b39 to remote] DEBUG org.apache.http.wire - http-outgoing-20 >> "{"value":".form-group:nth-child(3) .form-control","using":"css selector"}"
12:52:09.310 [Forwarding findElement on session e96a05459a4fc14f92751217d7c87b39 to remote] DEBUG org.apache.http.wire - http-outgoing-20 << "HTTP/1.1 200 OK[\r][\n]"
12:52:09.310 [Forwarding findElement on session e96a05459a4fc14f92751217d7c87b39 to remote] DEBUG org.apache.http.wire - http-outgoing-20 << "Content-Length:88[\r][\n]"
12:52:09.310 [Forwarding findElement on session e96a05459a4fc14f92751217d7c87b39 to remote] DEBUG org.apache.http.wire - http-outgoing-20 << "Content-Type:application/json; charset=utf-8[\r][\n]"
12:52:09.310 [Forwarding findElement on session e96a05459a4fc14f92751217d7c87b39 to remote] DEBUG org.apache.http.wire - http-outgoing-20 << "cache-control:no-cache[\r][\n]"
12:52:09.310 [Forwarding findElement on session e96a05459a4fc14f92751217d7c87b39 to remote] DEBUG org.apache.http.wire - http-outgoing-20 << "[\r][\n]"
12:52:09.310 [Forwarding findElement on session e96a05459a4fc14f92751217d7c87b39 to remote] DEBUG org.apache.http.wire - http-outgoing-20 << "{"value":{"element-6066-11e4-a52e-4f735466cecf":"b70950e2-e679-48c2-9767-e47b41fad43a"}}"
12:52:09.310 [Forwarding findElement on session e96a05459a4fc14f92751217d7c87b39 to remote] DEBUG org.apache.http.headers - http-outgoing-20 << HTTP/1.1 200 OK
12:52:09.310 [Forwarding findElement on session e96a05459a4fc14f92751217d7c87b39 to remote] DEBUG org.apache.http.headers - http-outgoing-20 << Content-Length:88
12:52:09.310 [Forwarding findElement on session e96a05459a4fc14f92751217d7c87b39 to remote] DEBUG org.apache.http.headers - http-outgoing-20 << Content-Type:application/json; charset=utf-8
12:52:09.310 [Forwarding findElement on session e96a05459a4fc14f92751217d7c87b39 to remote] DEBUG org.apache.http.headers - http-outgoing-20 << cache-control:no-cache
12:52:09.310 [Forwarding findElement on session e96a05459a4fc14f92751217d7c87b39 to remote] DEBUG org.apache.http.impl.execchain.MainClientExec - Connection can be kept alive indefinitely
12:52:09.310 [Forwarding findElement on session e96a05459a4fc14f92751217d7c87b39 to remote] DEBUG org.apache.http.impl.conn.PoolingHttpClientConnectionManager - Connection [id: 20][route: {}->http://localhost:34178] can be kept alive indefinitely
12:52:09.310 [Forwarding findElement on session e96a05459a4fc14f92751217d7c87b39 to remote] DEBUG org.apache.http.impl.conn.PoolingHttpClientConnectionManager - Connection released: [id: 20][route: {}->http://localhost:34178][total kept alive: 3; route allocated: 1 of 2000; total allocated: 3 of 2000]
12:52:09.311 [Forwarding clickElement on session e96a05459a4fc14f92751217d7c87b39 to remote] DEBUG org.apache.http.client.protocol.RequestAddCookies - CookieSpec selected: default
12:52:09.311 [Forwarding clickElement on session e96a05459a4fc14f92751217d7c87b39 to remote] DEBUG org.apache.http.client.protocol.RequestAuthCache - Auth cache not set in the context
12:52:09.311 [Forwarding clickElement on session e96a05459a4fc14f92751217d7c87b39 to remote] DEBUG org.apache.http.impl.conn.PoolingHttpClientConnectionManager - Connection request: [route: {}->http://localhost:34178][total kept alive: 3; route allocated: 1 of 2000; total allocated: 3 of 2000]
12:52:09.311 [Forwarding clickElement on session e96a05459a4fc14f92751217d7c87b39 to remote] DEBUG org.apache.http.impl.conn.PoolingHttpClientConnectionManager - Connection leased: [id: 20][route: {}->http://localhost:34178][total kept alive: 2; route allocated: 1 of 2000; total allocated: 3 of 2000]
12:52:09.311 [Forwarding clickElement on session e96a05459a4fc14f92751217d7c87b39 to remote] DEBUG org.apache.http.impl.execchain.MainClientExec - Stale connection check
12:52:09.312 [Forwarding clickElement on session e96a05459a4fc14f92751217d7c87b39 to remote] DEBUG org.apache.http.wire - http-outgoing-20 << "[read] I/O error: Read timed out"
12:52:09.312 [Forwarding clickElement on session e96a05459a4fc14f92751217d7c87b39 to remote] DEBUG org.apache.http.impl.conn.DefaultManagedHttpClientConnection - http-outgoing-20: set socket timeout to 10800000
12:52:09.312 [Forwarding clickElement on session e96a05459a4fc14f92751217d7c87b39 to remote] DEBUG org.apache.http.impl.execchain.MainClientExec - Executing request POST /session/e96a05459a4fc14f92751217d7c87b39/element/b70950e2-e679-48c2-9767-e47b41fad43a/click HTTP/1.1
12:52:09.312 [Forwarding clickElement on session e96a05459a4fc14f92751217d7c87b39 to remote] DEBUG org.apache.http.impl.execchain.MainClientExec - Target auth state: UNCHALLENGED
12:52:09.312 [Forwarding clickElement on session e96a05459a4fc14f92751217d7c87b39 to remote] DEBUG org.apache.http.impl.execchain.MainClientExec - Proxy auth state: UNCHALLENGED
12:52:09.312 [Forwarding clickElement on session e96a05459a4fc14f92751217d7c87b39 to remote] DEBUG org.apache.http.headers - http-outgoing-20 >> POST /session/e96a05459a4fc14f92751217d7c87b39/element/b70950e2-e679-48c2-9767-e47b41fad43a/click HTTP/1.1
12:52:09.312 [Forwarding clickElement on session e96a05459a4fc14f92751217d7c87b39 to remote] DEBUG org.apache.http.headers - http-outgoing-20 >> Content-Type: application/json; charset=utf-8
12:52:09.312 [Forwarding clickElement on session e96a05459a4fc14f92751217d7c87b39 to remote] DEBUG org.apache.http.headers - http-outgoing-20 >> Content-Length: 45
12:52:09.312 [Forwarding clickElement on session e96a05459a4fc14f92751217d7c87b39 to remote] DEBUG org.apache.http.headers - http-outgoing-20 >> Host: localhost:34178
12:52:09.312 [Forwarding clickElement on session e96a05459a4fc14f92751217d7c87b39 to remote] DEBUG org.apache.http.headers - http-outgoing-20 >> Connection: Keep-Alive
12:52:09.312 [Forwarding clickElement on session e96a05459a4fc14f92751217d7c87b39 to remote] DEBUG org.apache.http.headers - http-outgoing-20 >> User-Agent: Apache-HttpClient/4.5.3 (Java/1.8.0_211)
12:52:09.312 [Forwarding clickElement on session e96a05459a4fc14f92751217d7c87b39 to remote] DEBUG org.apache.http.headers - http-outgoing-20 >> Accept-Encoding: gzip,deflate
12:52:09.312 [Forwarding clickElement on session e96a05459a4fc14f92751217d7c87b39 to remote] DEBUG org.apache.http.wire - http-outgoing-20 >> "POST /session/e96a05459a4fc14f92751217d7c87b39/element/b70950e2-e679-48c2-9767-e47b41fad43a/click HTTP/1.1[\r][\n]"
12:52:09.312 [Forwarding clickElement on session e96a05459a4fc14f92751217d7c87b39 to remote] DEBUG org.apache.http.wire - http-outgoing-20 >> "Content-Type: application/json; charset=utf-8[\r][\n]"
12:52:09.312 [Forwarding clickElement on session e96a05459a4fc14f92751217d7c87b39 to remote] DEBUG org.apache.http.wire - http-outgoing-20 >> "Content-Length: 45[\r][\n]"
12:52:09.312 [Forwarding clickElement on session e96a05459a4fc14f92751217d7c87b39 to remote] DEBUG org.apache.http.wire - http-outgoing-20 >> "Host: localhost:34178[\r][\n]"
12:52:09.312 [Forwarding clickElement on session e96a05459a4fc14f92751217d7c87b39 to remote] DEBUG org.apache.http.wire - http-outgoing-20 >> "Connection: Keep-Alive[\r][\n]"
12:52:09.312 [Forwarding clickElement on session e96a05459a4fc14f92751217d7c87b39 to remote] DEBUG org.apache.http.wire - http-outgoing-20 >> "User-Agent: Apache-HttpClient/4.5.3 (Java/1.8.0_211)[\r][\n]"
12:52:09.312 [Forwarding clickElement on session e96a05459a4fc14f92751217d7c87b39 to remote] DEBUG org.apache.http.wire - http-outgoing-20 >> "Accept-Encoding: gzip,deflate[\r][\n]"
12:52:09.312 [Forwarding clickElement on session e96a05459a4fc14f92751217d7c87b39 to remote] DEBUG org.apache.http.wire - http-outgoing-20 >> "[\r][\n]"
12:52:09.312 [Forwarding clickElement on session e96a05459a4fc14f92751217d7c87b39 to remote] DEBUG org.apache.http.wire - http-outgoing-20 >> "{"id":"b70950e2-e679-48c2-9767-e47b41fad43a"}"
12:52:09.344 [Forwarding clickElement on session e96a05459a4fc14f92751217d7c87b39 to remote] DEBUG org.apache.http.wire - http-outgoing-20 << "HTTP/1.1 200 OK[\r][\n]"
12:52:09.344 [Forwarding clickElement on session e96a05459a4fc14f92751217d7c87b39 to remote] DEBUG org.apache.http.wire - http-outgoing-20 << "Content-Length:14[\r][\n]"
12:52:09.344 [Forwarding clickElement on session e96a05459a4fc14f92751217d7c87b39 to remote] DEBUG org.apache.http.wire - http-outgoing-20 << "Content-Type:application/json; charset=utf-8[\r][\n]"
12:52:09.344 [Forwarding clickElement on session e96a05459a4fc14f92751217d7c87b39 to remote] DEBUG org.apache.http.wire - http-outgoing-20 << "cache-control:no-cache[\r][\n]"
12:52:09.344 [Forwarding clickElement on session e96a05459a4fc14f92751217d7c87b39 to remote] DEBUG org.apache.http.wire - http-outgoing-20 << "[\r][\n]"
12:52:09.344 [Forwarding clickElement on session e96a05459a4fc14f92751217d7c87b39 to remote] DEBUG org.apache.http.wire - http-outgoing-20 << "{"value":null}"
12:52:09.344 [Forwarding clickElement on session e96a05459a4fc14f92751217d7c87b39 to remote] DEBUG org.apache.http.headers - http-outgoing-20 << HTTP/1.1 200 OK
12:52:09.344 [Forwarding clickElement on session e96a05459a4fc14f92751217d7c87b39 to remote] DEBUG org.apache.http.headers - http-outgoing-20 << Content-Length:14
12:52:09.344 [Forwarding clickElement on session e96a05459a4fc14f92751217d7c87b39 to remote] DEBUG org.apache.http.headers - http-outgoing-20 << Content-Type:application/json; charset=utf-8
12:52:09.344 [Forwarding clickElement on session e96a05459a4fc14f92751217d7c87b39 to remote] DEBUG org.apache.http.headers - http-outgoing-20 << cache-control:no-cache
12:52:09.344 [Forwarding clickElement on session e96a05459a4fc14f92751217d7c87b39 to remote] DEBUG org.apache.http.impl.execchain.MainClientExec - Connection can be kept alive indefinitely
12:52:09.344 [Forwarding clickElement on session e96a05459a4fc14f92751217d7c87b39 to remote] DEBUG org.apache.http.impl.conn.PoolingHttpClientConnectionManager - Connection [id: 20][route: {}->http://localhost:34178] can be kept alive indefinitely
12:52:09.344 [Forwarding clickElement on session e96a05459a4fc14f92751217d7c87b39 to remote] DEBUG org.apache.http.impl.conn.PoolingHttpClientConnectionManager - Connection released: [id: 20][route: {}->http://localhost:34178][total kept alive: 3; route allocated: 1 of 2000; total allocated: 3 of 2000]
12:52:09.345 [Forwarding findElement on session e96a05459a4fc14f92751217d7c87b39 to remote] DEBUG org.apache.http.client.protocol.RequestAddCookies - CookieSpec selected: default
12:52:09.345 [Forwarding findElement on session e96a05459a4fc14f92751217d7c87b39 to remote] DEBUG org.apache.http.client.protocol.RequestAuthCache - Auth cache not set in the context
12:52:09.345 [Forwarding findElement on session e96a05459a4fc14f92751217d7c87b39 to remote] DEBUG org.apache.http.impl.conn.PoolingHttpClientConnectionManager - Connection request: [route: {}->http://localhost:34178][total kept alive: 3; route allocated: 1 of 2000; total allocated: 3 of 2000]
12:52:09.345 [Forwarding findElement on session e96a05459a4fc14f92751217d7c87b39 to remote] DEBUG org.apache.http.impl.conn.PoolingHttpClientConnectionManager - Connection leased: [id: 20][route: {}->http://localhost:34178][total kept alive: 2; route allocated: 1 of 2000; total allocated: 3 of 2000]
12:52:09.345 [Forwarding findElement on session e96a05459a4fc14f92751217d7c87b39 to remote] DEBUG org.apache.http.impl.execchain.MainClientExec - Stale connection check
12:52:09.346 [Forwarding findElement on session e96a05459a4fc14f92751217d7c87b39 to remote] DEBUG org.apache.http.wire - http-outgoing-20 << "[read] I/O error: Read timed out"
12:52:09.346 [Forwarding findElement on session e96a05459a4fc14f92751217d7c87b39 to remote] DEBUG org.apache.http.impl.conn.DefaultManagedHttpClientConnection - http-outgoing-20: set socket timeout to 10800000
12:52:09.346 [Forwarding findElement on session e96a05459a4fc14f92751217d7c87b39 to remote] DEBUG org.apache.http.impl.execchain.MainClientExec - Executing request POST /session/e96a05459a4fc14f92751217d7c87b39/element HTTP/1.1
12:52:09.346 [Forwarding findElement on session e96a05459a4fc14f92751217d7c87b39 to remote] DEBUG org.apache.http.impl.execchain.MainClientExec - Target auth state: UNCHALLENGED
12:52:09.346 [Forwarding findElement on session e96a05459a4fc14f92751217d7c87b39 to remote] DEBUG org.apache.http.impl.execchain.MainClientExec - Proxy auth state: UNCHALLENGED
12:52:09.346 [Forwarding findElement on session e96a05459a4fc14f92751217d7c87b39 to remote] DEBUG org.apache.http.headers - http-outgoing-20 >> POST /session/e96a05459a4fc14f92751217d7c87b39/element HTTP/1.1
12:52:09.346 [Forwarding findElement on session e96a05459a4fc14f92751217d7c87b39 to remote] DEBUG org.apache.http.headers - http-outgoing-20 >> Content-Type: application/json; charset=utf-8
12:52:09.346 [Forwarding findElement on session e96a05459a4fc14f92751217d7c87b39 to remote] DEBUG org.apache.http.headers - http-outgoing-20 >> Content-Length: 73
12:52:09.346 [Forwarding findElement on session e96a05459a4fc14f92751217d7c87b39 to remote] DEBUG org.apache.http.headers - http-outgoing-20 >> Host: localhost:34178
12:52:09.346 [Forwarding findElement on session e96a05459a4fc14f92751217d7c87b39 to remote] DEBUG org.apache.http.headers - http-outgoing-20 >> Connection: Keep-Alive
12:52:09.346 [Forwarding findElement on session e96a05459a4fc14f92751217d7c87b39 to remote] DEBUG org.apache.http.headers - http-outgoing-20 >> User-Agent: Apache-HttpClient/4.5.3 (Java/1.8.0_211)
12:52:09.346 [Forwarding findElement on session e96a05459a4fc14f92751217d7c87b39 to remote] DEBUG org.apache.http.headers - http-outgoing-20 >> Accept-Encoding: gzip,deflate
12:52:09.346 [Forwarding findElement on session e96a05459a4fc14f92751217d7c87b39 to remote] DEBUG org.apache.http.wire - http-outgoing-20 >> "POST /session/e96a05459a4fc14f92751217d7c87b39/element HTTP/1.1[\r][\n]"
12:52:09.346 [Forwarding findElement on session e96a05459a4fc14f92751217d7c87b39 to remote] DEBUG org.apache.http.wire - http-outgoing-20 >> "Content-Type: application/json; charset=utf-8[\r][\n]"
12:52:09.346 [Forwarding findElement on session e96a05459a4fc14f92751217d7c87b39 to remote] DEBUG org.apache.http.wire - http-outgoing-20 >> "Content-Length: 73[\r][\n]"
12:52:09.346 [Forwarding findElement on session e96a05459a4fc14f92751217d7c87b39 to remote] DEBUG org.apache.http.wire - http-outgoing-20 >> "Host: localhost:34178[\r][\n]"
12:52:09.346 [Forwarding findElement on session e96a05459a4fc14f92751217d7c87b39 to remote] DEBUG org.apache.http.wire - http-outgoing-20 >> "Connection: Keep-Alive[\r][\n]"
12:52:09.346 [Forwarding findElement on session e96a05459a4fc14f92751217d7c87b39 to remote] DEBUG org.apache.http.wire - http-outgoing-20 >> "User-Agent: Apache-HttpClient/4.5.3 (Java/1.8.0_211)[\r][\n]"
12:52:09.346 [Forwarding findElement on session e96a05459a4fc14f92751217d7c87b39 to remote] DEBUG org.apache.http.wire - http-outgoing-20 >> "Accept-Encoding: gzip,deflate[\r][\n]"
12:52:09.346 [Forwarding findElement on session e96a05459a4fc14f92751217d7c87b39 to remote] DEBUG org.apache.http.wire - http-outgoing-20 >> "[\r][\n]"
12:52:09.346 [Forwarding findElement on session e96a05459a4fc14f92751217d7c87b39 to remote] DEBUG org.apache.http.wire - http-outgoing-20 >> "{"value":".form-group:nth-child(3) .form-control","using":"css selector"}"
12:52:09.349 [Forwarding findElement on session e96a05459a4fc14f92751217d7c87b39 to remote] DEBUG org.apache.http.wire - http-outgoing-20 << "HTTP/1.1 200 OK[\r][\n]"
12:52:09.349 [Forwarding findElement on session e96a05459a4fc14f92751217d7c87b39 to remote] DEBUG org.apache.http.wire - http-outgoing-20 << "Content-Length:88[\r][\n]"
12:52:09.349 [Forwarding findElement on session e96a05459a4fc14f92751217d7c87b39 to remote] DEBUG org.apache.http.wire - http-outgoing-20 << "Content-Type:application/json; charset=utf-8[\r][\n]"
12:52:09.349 [Forwarding findElement on session e96a05459a4fc14f92751217d7c87b39 to remote] DEBUG org.apache.http.wire - http-outgoing-20 << "cache-control:no-cache[\r][\n]"
12:52:09.349 [Forwarding findElement on session e96a05459a4fc14f92751217d7c87b39 to remote] DEBUG org.apache.http.wire - http-outgoing-20 << "[\r][\n]"
12:52:09.349 [Forwarding findElement on session e96a05459a4fc14f92751217d7c87b39 to remote] DEBUG org.apache.http.wire - http-outgoing-20 << "{"value":{"element-6066-11e4-a52e-4f735466cecf":"b70950e2-e679-48c2-9767-e47b41fad43a"}}"
12:52:09.349 [Forwarding findElement on session e96a05459a4fc14f92751217d7c87b39 to remote] DEBUG org.apache.http.headers - http-outgoing-20 << HTTP/1.1 200 OK
12:52:09.349 [Forwarding findElement on session e96a05459a4fc14f92751217d7c87b39 to remote] DEBUG org.apache.http.headers - http-outgoing-20 << Content-Length:88
12:52:09.349 [Forwarding findElement on session e96a05459a4fc14f92751217d7c87b39 to remote] DEBUG org.apache.http.headers - http-outgoing-20 << Content-Type:application/json; charset=utf-8
12:52:09.349 [Forwarding findElement on session e96a05459a4fc14f92751217d7c87b39 to remote] DEBUG org.apache.http.headers - http-outgoing-20 << cache-control:no-cache
12:52:09.349 [Forwarding findElement on session e96a05459a4fc14f92751217d7c87b39 to remote] DEBUG org.apache.http.impl.execchain.MainClientExec - Connection can be kept alive indefinitely
12:52:09.349 [Forwarding findElement on session e96a05459a4fc14f92751217d7c87b39 to remote] DEBUG org.apache.http.impl.conn.PoolingHttpClientConnectionManager - Connection [id: 20][route: {}->http://localhost:34178] can be kept alive indefinitely
12:52:09.349 [Forwarding findElement on session e96a05459a4fc14f92751217d7c87b39 to remote] DEBUG org.apache.http.impl.conn.PoolingHttpClientConnectionManager - Connection released: [id: 20][route: {}->http://localhost:34178][total kept alive: 3; route allocated: 1 of 2000; total allocated: 3 of 2000]
12:52:09.349 [Forwarding sendKeysToElement on session e96a05459a4fc14f92751217d7c87b39 to remote] DEBUG org.apache.http.client.protocol.RequestAddCookies - CookieSpec selected: default
12:52:09.349 [Forwarding sendKeysToElement on session e96a05459a4fc14f92751217d7c87b39 to remote] DEBUG org.apache.http.client.protocol.RequestAuthCache - Auth cache not set in the context
12:52:09.349 [Forwarding sendKeysToElement on session e96a05459a4fc14f92751217d7c87b39 to remote] DEBUG org.apache.http.impl.conn.PoolingHttpClientConnectionManager - Connection request: [route: {}->http://localhost:34178][total kept alive: 3; route allocated: 1 of 2000; total allocated: 3 of 2000]
12:52:09.350 [Forwarding sendKeysToElement on session e96a05459a4fc14f92751217d7c87b39 to remote] DEBUG org.apache.http.impl.conn.PoolingHttpClientConnectionManager - Connection leased: [id: 20][route: {}->http://localhost:34178][total kept alive: 2; route allocated: 1 of 2000; total allocated: 3 of 2000]
12:52:09.350 [Forwarding sendKeysToElement on session e96a05459a4fc14f92751217d7c87b39 to remote] DEBUG org.apache.http.impl.execchain.MainClientExec - Stale connection check
12:52:09.351 [Forwarding sendKeysToElement on session e96a05459a4fc14f92751217d7c87b39 to remote] DEBUG org.apache.http.wire - http-outgoing-20 << "[read] I/O error: Read timed out"
12:52:09.351 [Forwarding sendKeysToElement on session e96a05459a4fc14f92751217d7c87b39 to remote] DEBUG org.apache.http.impl.conn.DefaultManagedHttpClientConnection - http-outgoing-20: set socket timeout to 10800000
12:52:09.351 [Forwarding sendKeysToElement on session e96a05459a4fc14f92751217d7c87b39 to remote] DEBUG org.apache.http.impl.execchain.MainClientExec - Executing request POST /session/e96a05459a4fc14f92751217d7c87b39/element/b70950e2-e679-48c2-9767-e47b41fad43a/value HTTP/1.1
12:52:09.351 [Forwarding sendKeysToElement on session e96a05459a4fc14f92751217d7c87b39 to remote] DEBUG org.apache.http.impl.execchain.MainClientExec - Target auth state: UNCHALLENGED
12:52:09.351 [Forwarding sendKeysToElement on session e96a05459a4fc14f92751217d7c87b39 to remote] DEBUG org.apache.http.impl.execchain.MainClientExec - Proxy auth state: UNCHALLENGED
12:52:09.351 [Forwarding sendKeysToElement on session e96a05459a4fc14f92751217d7c87b39 to remote] DEBUG org.apache.http.headers - http-outgoing-20 >> POST /session/e96a05459a4fc14f92751217d7c87b39/element/b70950e2-e679-48c2-9767-e47b41fad43a/value HTTP/1.1
12:52:09.351 [Forwarding sendKeysToElement on session e96a05459a4fc14f92751217d7c87b39 to remote] DEBUG org.apache.http.headers - http-outgoing-20 >> Content-Type: application/json; charset=utf-8
12:52:09.351 [Forwarding sendKeysToElement on session e96a05459a4fc14f92751217d7c87b39 to remote] DEBUG org.apache.http.headers - http-outgoing-20 >> Content-Length: 70
12:52:09.351 [Forwarding sendKeysToElement on session e96a05459a4fc14f92751217d7c87b39 to remote] DEBUG org.apache.http.headers - http-outgoing-20 >> Host: localhost:34178
12:52:09.351 [Forwarding sendKeysToElement on session e96a05459a4fc14f92751217d7c87b39 to remote] DEBUG org.apache.http.headers - http-outgoing-20 >> Connection: Keep-Alive
12:52:09.351 [Forwarding sendKeysToElement on session e96a05459a4fc14f92751217d7c87b39 to remote] DEBUG org.apache.http.headers - http-outgoing-20 >> User-Agent: Apache-HttpClient/4.5.3 (Java/1.8.0_211)
12:52:09.351 [Forwarding sendKeysToElement on session e96a05459a4fc14f92751217d7c87b39 to remote] DEBUG org.apache.http.headers - http-outgoing-20 >> Accept-Encoding: gzip,deflate
12:52:09.351 [Forwarding sendKeysToElement on session e96a05459a4fc14f92751217d7c87b39 to remote] DEBUG org.apache.http.wire - http-outgoing-20 >> "POST /session/e96a05459a4fc14f92751217d7c87b39/element/b70950e2-e679-48c2-9767-e47b41fad43a/value HTTP/1.1[\r][\n]"
12:52:09.351 [Forwarding sendKeysToElement on session e96a05459a4fc14f92751217d7c87b39 to remote] DEBUG org.apache.http.wire - http-outgoing-20 >> "Content-Type: application/json; charset=utf-8[\r][\n]"
12:52:09.351 [Forwarding sendKeysToElement on session e96a05459a4fc14f92751217d7c87b39 to remote] DEBUG org.apache.http.wire - http-outgoing-20 >> "Content-Length: 70[\r][\n]"
12:52:09.351 [Forwarding sendKeysToElement on session e96a05459a4fc14f92751217d7c87b39 to remote] DEBUG org.apache.http.wire - http-outgoing-20 >> "Host: localhost:34178[\r][\n]"
12:52:09.351 [Forwarding sendKeysToElement on session e96a05459a4fc14f92751217d7c87b39 to remote] DEBUG org.apache.http.wire - http-outgoing-20 >> "Connection: Keep-Alive[\r][\n]"
12:52:09.351 [Forwarding sendKeysToElement on session e96a05459a4fc14f92751217d7c87b39 to remote] DEBUG org.apache.http.wire - http-outgoing-20 >> "User-Agent: Apache-HttpClient/4.5.3 (Java/1.8.0_211)[\r][\n]"
12:52:09.351 [Forwarding sendKeysToElement on session e96a05459a4fc14f92751217d7c87b39 to remote] DEBUG org.apache.http.wire - http-outgoing-20 >> "Accept-Encoding: gzip,deflate[\r][\n]"
12:52:09.351 [Forwarding sendKeysToElement on session e96a05459a4fc14f92751217d7c87b39 to remote] DEBUG org.apache.http.wire - http-outgoing-20 >> "[\r][\n]"
12:52:09.351 [Forwarding sendKeysToElement on session e96a05459a4fc14f92751217d7c87b39 to remote] DEBUG org.apache.http.wire - http-outgoing-20 >> "{"id":"b70950e2-e679-48c2-9767-e47b41fad43a","text":"1","value":["1"]}"
12:52:09.364 [Forwarding sendKeysToElement on session e96a05459a4fc14f92751217d7c87b39 to remote] DEBUG org.apache.http.wire - http-outgoing-20 << "HTTP/1.1 200 OK[\r][\n]"
12:52:09.364 [Forwarding sendKeysToElement on session e96a05459a4fc14f92751217d7c87b39 to remote] DEBUG org.apache.http.wire - http-outgoing-20 << "Content-Length:14[\r][\n]"
12:52:09.364 [Forwarding sendKeysToElement on session e96a05459a4fc14f92751217d7c87b39 to remote] DEBUG org.apache.http.wire - http-outgoing-20 << "Content-Type:application/json; charset=utf-8[\r][\n]"
12:52:09.364 [Forwarding sendKeysToElement on session e96a05459a4fc14f92751217d7c87b39 to remote] DEBUG org.apache.http.wire - http-outgoing-20 << "cache-control:no-cache[\r][\n]"
12:52:09.364 [Forwarding sendKeysToElement on session e96a05459a4fc14f92751217d7c87b39 to remote] DEBUG org.apache.http.wire - http-outgoing-20 << "[\r][\n]"
12:52:09.364 [Forwarding sendKeysToElement on session e96a05459a4fc14f92751217d7c87b39 to remote] DEBUG org.apache.http.wire - http-outgoing-20 << "{"value":null}"
12:52:09.364 [Forwarding sendKeysToElement on session e96a05459a4fc14f92751217d7c87b39 to remote] DEBUG org.apache.http.headers - http-outgoing-20 << HTTP/1.1 200 OK
12:52:09.364 [Forwarding sendKeysToElement on session e96a05459a4fc14f92751217d7c87b39 to remote] DEBUG org.apache.http.headers - http-outgoing-20 << Content-Length:14
12:52:09.364 [Forwarding sendKeysToElement on session e96a05459a4fc14f92751217d7c87b39 to remote] DEBUG org.apache.http.headers - http-outgoing-20 << Content-Type:application/json; charset=utf-8
12:52:09.364 [Forwarding sendKeysToElement on session e96a05459a4fc14f92751217d7c87b39 to remote] DEBUG org.apache.http.headers - http-outgoing-20 << cache-control:no-cache
12:52:09.365 [Forwarding sendKeysToElement on session e96a05459a4fc14f92751217d7c87b39 to remote] DEBUG org.apache.http.impl.execchain.MainClientExec - Connection can be kept alive indefinitely
12:52:09.365 [Forwarding sendKeysToElement on session e96a05459a4fc14f92751217d7c87b39 to remote] DEBUG org.apache.http.impl.conn.PoolingHttpClientConnectionManager - Connection [id: 20][route: {}->http://localhost:34178] can be kept alive indefinitely
12:52:09.365 [Forwarding sendKeysToElement on session e96a05459a4fc14f92751217d7c87b39 to remote] DEBUG org.apache.http.impl.conn.PoolingHttpClientConnectionManager - Connection released: [id: 20][route: {}->http://localhost:34178][total kept alive: 3; route allocated: 1 of 2000; total allocated: 3 of 2000]
12:52:09.670 [Forwarding findElement on session e96a05459a4fc14f92751217d7c87b39 to remote] DEBUG org.apache.http.client.protocol.RequestAddCookies - CookieSpec selected: default
12:52:09.670 [Forwarding findElement on session e96a05459a4fc14f92751217d7c87b39 to remote] DEBUG org.apache.http.client.protocol.RequestAuthCache - Auth cache not set in the context
12:52:09.670 [Forwarding findElement on session e96a05459a4fc14f92751217d7c87b39 to remote] DEBUG org.apache.http.impl.conn.PoolingHttpClientConnectionManager - Connection request: [route: {}->http://localhost:34178][total kept alive: 3; route allocated: 1 of 2000; total allocated: 3 of 2000]
12:52:09.670 [Forwarding findElement on session e96a05459a4fc14f92751217d7c87b39 to remote] DEBUG org.apache.http.impl.conn.PoolingHttpClientConnectionManager - Connection leased: [id: 20][route: {}->http://localhost:34178][total kept alive: 2; route allocated: 1 of 2000; total allocated: 3 of 2000]
12:52:09.670 [Forwarding findElement on session e96a05459a4fc14f92751217d7c87b39 to remote] DEBUG org.apache.http.impl.execchain.MainClientExec - Stale connection check
12:52:09.671 [Forwarding findElement on session e96a05459a4fc14f92751217d7c87b39 to remote] DEBUG org.apache.http.wire - http-outgoing-20 << "[read] I/O error: Read timed out"
12:52:09.671 [Forwarding findElement on session e96a05459a4fc14f92751217d7c87b39 to remote] DEBUG org.apache.http.impl.conn.DefaultManagedHttpClientConnection - http-outgoing-20: set socket timeout to 10800000
12:52:09.671 [Forwarding findElement on session e96a05459a4fc14f92751217d7c87b39 to remote] DEBUG org.apache.http.impl.execchain.MainClientExec - Executing request POST /session/e96a05459a4fc14f92751217d7c87b39/element HTTP/1.1
12:52:09.671 [Forwarding findElement on session e96a05459a4fc14f92751217d7c87b39 to remote] DEBUG org.apache.http.impl.execchain.MainClientExec - Target auth state: UNCHALLENGED
12:52:09.671 [Forwarding findElement on session e96a05459a4fc14f92751217d7c87b39 to remote] DEBUG org.apache.http.impl.execchain.MainClientExec - Proxy auth state: UNCHALLENGED
12:52:09.671 [Forwarding findElement on session e96a05459a4fc14f92751217d7c87b39 to remote] DEBUG org.apache.http.headers - http-outgoing-20 >> POST /session/e96a05459a4fc14f92751217d7c87b39/element HTTP/1.1
12:52:09.671 [Forwarding findElement on session e96a05459a4fc14f92751217d7c87b39 to remote] DEBUG org.apache.http.headers - http-outgoing-20 >> Content-Type: application/json; charset=utf-8
12:52:09.671 [Forwarding findElement on session e96a05459a4fc14f92751217d7c87b39 to remote] DEBUG org.apache.http.headers - http-outgoing-20 >> Content-Length: 59
12:52:09.671 [Forwarding findElement on session e96a05459a4fc14f92751217d7c87b39 to remote] DEBUG org.apache.http.headers - http-outgoing-20 >> Host: localhost:34178
12:52:09.671 [Forwarding findElement on session e96a05459a4fc14f92751217d7c87b39 to remote] DEBUG org.apache.http.headers - http-outgoing-20 >> Connection: Keep-Alive
12:52:09.671 [Forwarding findElement on session e96a05459a4fc14f92751217d7c87b39 to remote] DEBUG org.apache.http.headers - http-outgoing-20 >> User-Agent: Apache-HttpClient/4.5.3 (Java/1.8.0_211)
12:52:09.671 [Forwarding findElement on session e96a05459a4fc14f92751217d7c87b39 to remote] DEBUG org.apache.http.headers - http-outgoing-20 >> Accept-Encoding: gzip,deflate
12:52:09.671 [Forwarding findElement on session e96a05459a4fc14f92751217d7c87b39 to remote] DEBUG org.apache.http.wire - http-outgoing-20 >> "POST /session/e96a05459a4fc14f92751217d7c87b39/element HTTP/1.1[\r][\n]"
12:52:09.671 [Forwarding findElement on session e96a05459a4fc14f92751217d7c87b39 to remote] DEBUG org.apache.http.wire - http-outgoing-20 >> "Content-Type: application/json; charset=utf-8[\r][\n]"
12:52:09.671 [Forwarding findElement on session e96a05459a4fc14f92751217d7c87b39 to remote] DEBUG org.apache.http.wire - http-outgoing-20 >> "Content-Length: 59[\r][\n]"
12:52:09.671 [Forwarding findElement on session e96a05459a4fc14f92751217d7c87b39 to remote] DEBUG org.apache.http.wire - http-outgoing-20 >> "Host: localhost:34178[\r][\n]"
12:52:09.671 [Forwarding findElement on session e96a05459a4fc14f92751217d7c87b39 to remote] DEBUG org.apache.http.wire - http-outgoing-20 >> "Connection: Keep-Alive[\r][\n]"
12:52:09.672 [Forwarding findElement on session e96a05459a4fc14f92751217d7c87b39 to remote] DEBUG org.apache.http.wire - http-outgoing-20 >> "User-Agent: Apache-HttpClient/4.5.3 (Java/1.8.0_211)[\r][\n]"
12:52:09.672 [Forwarding findElement on session e96a05459a4fc14f92751217d7c87b39 to remote] DEBUG org.apache.http.wire - http-outgoing-20 >> "Accept-Encoding: gzip,deflate[\r][\n]"
12:52:09.672 [Forwarding findElement on session e96a05459a4fc14f92751217d7c87b39 to remote] DEBUG org.apache.http.wire - http-outgoing-20 >> "[\r][\n]"
12:52:09.672 [Forwarding findElement on session e96a05459a4fc14f92751217d7c87b39 to remote] DEBUG org.apache.http.wire - http-outgoing-20 >> "{"value":".form-group:nth-child(4)","using":"css selector"}"
12:52:09.677 [Forwarding findElement on session e96a05459a4fc14f92751217d7c87b39 to remote] DEBUG org.apache.http.wire - http-outgoing-20 << "HTTP/1.1 200 OK[\r][\n]"
12:52:09.677 [Forwarding findElement on session e96a05459a4fc14f92751217d7c87b39 to remote] DEBUG org.apache.http.wire - http-outgoing-20 << "Content-Length:88[\r][\n]"
12:52:09.677 [Forwarding findElement on session e96a05459a4fc14f92751217d7c87b39 to remote] DEBUG org.apache.http.wire - http-outgoing-20 << "Content-Type:application/json; charset=utf-8[\r][\n]"
12:52:09.677 [Forwarding findElement on session e96a05459a4fc14f92751217d7c87b39 to remote] DEBUG org.apache.http.wire - http-outgoing-20 << "cache-control:no-cache[\r][\n]"
12:52:09.677 [Forwarding findElement on session e96a05459a4fc14f92751217d7c87b39 to remote] DEBUG org.apache.http.wire - http-outgoing-20 << "[\r][\n]"
12:52:09.677 [Forwarding findElement on session e96a05459a4fc14f92751217d7c87b39 to remote] DEBUG org.apache.http.wire - http-outgoing-20 << "{"value":{"element-6066-11e4-a52e-4f735466cecf":"aad699ab-903f-4ef0-a624-ecdc814169b6"}}"
12:52:09.677 [Forwarding findElement on session e96a05459a4fc14f92751217d7c87b39 to remote] DEBUG org.apache.http.headers - http-outgoing-20 << HTTP/1.1 200 OK
12:52:09.677 [Forwarding findElement on session e96a05459a4fc14f92751217d7c87b39 to remote] DEBUG org.apache.http.headers - http-outgoing-20 << Content-Length:88
12:52:09.677 [Forwarding findElement on session e96a05459a4fc14f92751217d7c87b39 to remote] DEBUG org.apache.http.headers - http-outgoing-20 << Content-Type:application/json; charset=utf-8
12:52:09.677 [Forwarding findElement on session e96a05459a4fc14f92751217d7c87b39 to remote] DEBUG org.apache.http.headers - http-outgoing-20 << cache-control:no-cache
12:52:09.677 [Forwarding findElement on session e96a05459a4fc14f92751217d7c87b39 to remote] DEBUG org.apache.http.impl.execchain.MainClientExec - Connection can be kept alive indefinitely
12:52:09.677 [Forwarding findElement on session e96a05459a4fc14f92751217d7c87b39 to remote] DEBUG org.apache.http.impl.conn.PoolingHttpClientConnectionManager - Connection [id: 20][route: {}->http://localhost:34178] can be kept alive indefinitely
12:52:09.677 [Forwarding findElement on session e96a05459a4fc14f92751217d7c87b39 to remote] DEBUG org.apache.http.impl.conn.PoolingHttpClientConnectionManager - Connection released: [id: 20][route: {}->http://localhost:34178][total kept alive: 3; route allocated: 1 of 2000; total allocated: 3 of 2000]
12:52:09.678 [Forwarding clickElement on session e96a05459a4fc14f92751217d7c87b39 to remote] DEBUG org.apache.http.client.protocol.RequestAddCookies - CookieSpec selected: default
12:52:09.678 [Forwarding clickElement on session e96a05459a4fc14f92751217d7c87b39 to remote] DEBUG org.apache.http.client.protocol.RequestAuthCache - Auth cache not set in the context
12:52:09.678 [Forwarding clickElement on session e96a05459a4fc14f92751217d7c87b39 to remote] DEBUG org.apache.http.impl.conn.PoolingHttpClientConnectionManager - Connection request: [route: {}->http://localhost:34178][total kept alive: 3; route allocated: 1 of 2000; total allocated: 3 of 2000]
12:52:09.678 [Forwarding clickElement on session e96a05459a4fc14f92751217d7c87b39 to remote] DEBUG org.apache.http.impl.conn.PoolingHttpClientConnectionManager - Connection leased: [id: 20][route: {}->http://localhost:34178][total kept alive: 2; route allocated: 1 of 2000; total allocated: 3 of 2000]
12:52:09.678 [Forwarding clickElement on session e96a05459a4fc14f92751217d7c87b39 to remote] DEBUG org.apache.http.impl.execchain.MainClientExec - Stale connection check
12:52:09.679 [Forwarding clickElement on session e96a05459a4fc14f92751217d7c87b39 to remote] DEBUG org.apache.http.wire - http-outgoing-20 << "[read] I/O error: Read timed out"
12:52:09.679 [Forwarding clickElement on session e96a05459a4fc14f92751217d7c87b39 to remote] DEBUG org.apache.http.impl.conn.DefaultManagedHttpClientConnection - http-outgoing-20: set socket timeout to 10800000
12:52:09.679 [Forwarding clickElement on session e96a05459a4fc14f92751217d7c87b39 to remote] DEBUG org.apache.http.impl.execchain.MainClientExec - Executing request POST /session/e96a05459a4fc14f92751217d7c87b39/element/aad699ab-903f-4ef0-a624-ecdc814169b6/click HTTP/1.1
12:52:09.679 [Forwarding clickElement on session e96a05459a4fc14f92751217d7c87b39 to remote] DEBUG org.apache.http.impl.execchain.MainClientExec - Target auth state: UNCHALLENGED
12:52:09.679 [Forwarding clickElement on session e96a05459a4fc14f92751217d7c87b39 to remote] DEBUG org.apache.http.impl.execchain.MainClientExec - Proxy auth state: UNCHALLENGED
12:52:09.679 [Forwarding clickElement on session e96a05459a4fc14f92751217d7c87b39 to remote] DEBUG org.apache.http.headers - http-outgoing-20 >> POST /session/e96a05459a4fc14f92751217d7c87b39/element/aad699ab-903f-4ef0-a624-ecdc814169b6/click HTTP/1.1
12:52:09.679 [Forwarding clickElement on session e96a05459a4fc14f92751217d7c87b39 to remote] DEBUG org.apache.http.headers - http-outgoing-20 >> Content-Type: application/json; charset=utf-8
12:52:09.679 [Forwarding clickElement on session e96a05459a4fc14f92751217d7c87b39 to remote] DEBUG org.apache.http.headers - http-outgoing-20 >> Content-Length: 45
12:52:09.679 [Forwarding clickElement on session e96a05459a4fc14f92751217d7c87b39 to remote] DEBUG org.apache.http.headers - http-outgoing-20 >> Host: localhost:34178
12:52:09.679 [Forwarding clickElement on session e96a05459a4fc14f92751217d7c87b39 to remote] DEBUG org.apache.http.headers - http-outgoing-20 >> Connection: Keep-Alive
12:52:09.679 [Forwarding clickElement on session e96a05459a4fc14f92751217d7c87b39 to remote] DEBUG org.apache.http.headers - http-outgoing-20 >> User-Agent: Apache-HttpClient/4.5.3 (Java/1.8.0_211)
12:52:09.679 [Forwarding clickElement on session e96a05459a4fc14f92751217d7c87b39 to remote] DEBUG org.apache.http.headers - http-outgoing-20 >> Accept-Encoding: gzip,deflate
12:52:09.679 [Forwarding clickElement on session e96a05459a4fc14f92751217d7c87b39 to remote] DEBUG org.apache.http.wire - http-outgoing-20 >> "POST /session/e96a05459a4fc14f92751217d7c87b39/element/aad699ab-903f-4ef0-a624-ecdc814169b6/click HTTP/1.1[\r][\n]"
12:52:09.679 [Forwarding clickElement on session e96a05459a4fc14f92751217d7c87b39 to remote] DEBUG org.apache.http.wire - http-outgoing-20 >> "Content-Type: application/json; charset=utf-8[\r][\n]"
12:52:09.679 [Forwarding clickElement on session e96a05459a4fc14f92751217d7c87b39 to remote] DEBUG org.apache.http.wire - http-outgoing-20 >> "Content-Length: 45[\r][\n]"
12:52:09.679 [Forwarding clickElement on session e96a05459a4fc14f92751217d7c87b39 to remote] DEBUG org.apache.http.wire - http-outgoing-20 >> "Host: localhost:34178[\r][\n]"
12:52:09.679 [Forwarding clickElement on session e96a05459a4fc14f92751217d7c87b39 to remote] DEBUG org.apache.http.wire - http-outgoing-20 >> "Connection: Keep-Alive[\r][\n]"
12:52:09.679 [Forwarding clickElement on session e96a05459a4fc14f92751217d7c87b39 to remote] DEBUG org.apache.http.wire - http-outgoing-20 >> "User-Agent: Apache-HttpClient/4.5.3 (Java/1.8.0_211)[\r][\n]"
12:52:09.679 [Forwarding clickElement on session e96a05459a4fc14f92751217d7c87b39 to remote] DEBUG org.apache.http.wire - http-outgoing-20 >> "Accept-Encoding: gzip,deflate[\r][\n]"
12:52:09.679 [Forwarding clickElement on session e96a05459a4fc14f92751217d7c87b39 to remote] DEBUG org.apache.http.wire - http-outgoing-20 >> "[\r][\n]"
12:52:09.679 [Forwarding clickElement on session e96a05459a4fc14f92751217d7c87b39 to remote] DEBUG org.apache.http.wire - http-outgoing-20 >> "{"id":"aad699ab-903f-4ef0-a624-ecdc814169b6"}"
12:52:09.726 [Forwarding clickElement on session e96a05459a4fc14f92751217d7c87b39 to remote] DEBUG org.apache.http.wire - http-outgoing-20 << "HTTP/1.1 200 OK[\r][\n]"
12:52:09.726 [Forwarding clickElement on session e96a05459a4fc14f92751217d7c87b39 to remote] DEBUG org.apache.http.wire - http-outgoing-20 << "Content-Length:14[\r][\n]"
12:52:09.726 [Forwarding clickElement on session e96a05459a4fc14f92751217d7c87b39 to remote] DEBUG org.apache.http.wire - http-outgoing-20 << "Content-Type:application/json; charset=utf-8[\r][\n]"
12:52:09.726 [Forwarding clickElement on session e96a05459a4fc14f92751217d7c87b39 to remote] DEBUG org.apache.http.wire - http-outgoing-20 << "cache-control:no-cache[\r][\n]"
12:52:09.726 [Forwarding clickElement on session e96a05459a4fc14f92751217d7c87b39 to remote] DEBUG org.apache.http.wire - http-outgoing-20 << "[\r][\n]"
12:52:09.726 [Forwarding clickElement on session e96a05459a4fc14f92751217d7c87b39 to remote] DEBUG org.apache.http.wire - http-outgoing-20 << "{"value":null}"
12:52:09.726 [Forwarding clickElement on session e96a05459a4fc14f92751217d7c87b39 to remote] DEBUG org.apache.http.headers - http-outgoing-20 << HTTP/1.1 200 OK
12:52:09.726 [Forwarding clickElement on session e96a05459a4fc14f92751217d7c87b39 to remote] DEBUG org.apache.http.headers - http-outgoing-20 << Content-Length:14
12:52:09.726 [Forwarding clickElement on session e96a05459a4fc14f92751217d7c87b39 to remote] DEBUG org.apache.http.headers - http-outgoing-20 << Content-Type:application/json; charset=utf-8
12:52:09.726 [Forwarding clickElement on session e96a05459a4fc14f92751217d7c87b39 to remote] DEBUG org.apache.http.headers - http-outgoing-20 << cache-control:no-cache
12:52:09.726 [Forwarding clickElement on session e96a05459a4fc14f92751217d7c87b39 to remote] DEBUG org.apache.http.impl.execchain.MainClientExec - Connection can be kept alive indefinitely
12:52:09.726 [Forwarding clickElement on session e96a05459a4fc14f92751217d7c87b39 to remote] DEBUG org.apache.http.impl.conn.PoolingHttpClientConnectionManager - Connection [id: 20][route: {}->http://localhost:34178] can be kept alive indefinitely
12:52:09.726 [Forwarding clickElement on session e96a05459a4fc14f92751217d7c87b39 to remote] DEBUG org.apache.http.impl.conn.PoolingHttpClientConnectionManager - Connection released: [id: 20][route: {}->http://localhost:34178][total kept alive: 3; route allocated: 1 of 2000; total allocated: 3 of 2000]
12:52:09.726 [Forwarding findElement on session e96a05459a4fc14f92751217d7c87b39 to remote] DEBUG org.apache.http.client.protocol.RequestAddCookies - CookieSpec selected: default
12:52:09.726 [Forwarding findElement on session e96a05459a4fc14f92751217d7c87b39 to remote] DEBUG org.apache.http.client.protocol.RequestAuthCache - Auth cache not set in the context
12:52:09.727 [Forwarding findElement on session e96a05459a4fc14f92751217d7c87b39 to remote] DEBUG org.apache.http.impl.conn.PoolingHttpClientConnectionManager - Connection request: [route: {}->http://localhost:34178][total kept alive: 3; route allocated: 1 of 2000; total allocated: 3 of 2000]
12:52:09.727 [Forwarding findElement on session e96a05459a4fc14f92751217d7c87b39 to remote] DEBUG org.apache.http.impl.conn.PoolingHttpClientConnectionManager - Connection leased: [id: 20][route: {}->http://localhost:34178][total kept alive: 2; route allocated: 1 of 2000; total allocated: 3 of 2000]
12:52:09.727 [Forwarding findElement on session e96a05459a4fc14f92751217d7c87b39 to remote] DEBUG org.apache.http.impl.execchain.MainClientExec - Stale connection check
12:52:09.728 [Forwarding findElement on session e96a05459a4fc14f92751217d7c87b39 to remote] DEBUG org.apache.http.wire - http-outgoing-20 << "[read] I/O error: Read timed out"
12:52:09.728 [Forwarding findElement on session e96a05459a4fc14f92751217d7c87b39 to remote] DEBUG org.apache.http.impl.conn.DefaultManagedHttpClientConnection - http-outgoing-20: set socket timeout to 10800000
12:52:09.728 [Forwarding findElement on session e96a05459a4fc14f92751217d7c87b39 to remote] DEBUG org.apache.http.impl.execchain.MainClientExec - Executing request POST /session/e96a05459a4fc14f92751217d7c87b39/element HTTP/1.1
12:52:09.728 [Forwarding findElement on session e96a05459a4fc14f92751217d7c87b39 to remote] DEBUG org.apache.http.impl.execchain.MainClientExec - Target auth state: UNCHALLENGED
12:52:09.728 [Forwarding findElement on session e96a05459a4fc14f92751217d7c87b39 to remote] DEBUG org.apache.http.impl.execchain.MainClientExec - Proxy auth state: UNCHALLENGED
12:52:09.728 [Forwarding findElement on session e96a05459a4fc14f92751217d7c87b39 to remote] DEBUG org.apache.http.headers - http-outgoing-20 >> POST /session/e96a05459a4fc14f92751217d7c87b39/element HTTP/1.1
12:52:09.728 [Forwarding findElement on session e96a05459a4fc14f92751217d7c87b39 to remote] DEBUG org.apache.http.headers - http-outgoing-20 >> Content-Type: application/json; charset=utf-8
12:52:09.728 [Forwarding findElement on session e96a05459a4fc14f92751217d7c87b39 to remote] DEBUG org.apache.http.headers - http-outgoing-20 >> Content-Length: 90
12:52:09.728 [Forwarding findElement on session e96a05459a4fc14f92751217d7c87b39 to remote] DEBUG org.apache.http.headers - http-outgoing-20 >> Host: localhost:34178
12:52:09.728 [Forwarding findElement on session e96a05459a4fc14f92751217d7c87b39 to remote] DEBUG org.apache.http.headers - http-outgoing-20 >> Connection: Keep-Alive
12:52:09.728 [Forwarding findElement on session e96a05459a4fc14f92751217d7c87b39 to remote] DEBUG org.apache.http.headers - http-outgoing-20 >> User-Agent: Apache-HttpClient/4.5.3 (Java/1.8.0_211)
12:52:09.728 [Forwarding findElement on session e96a05459a4fc14f92751217d7c87b39 to remote] DEBUG org.apache.http.headers - http-outgoing-20 >> Accept-Encoding: gzip,deflate
12:52:09.728 [Forwarding findElement on session e96a05459a4fc14f92751217d7c87b39 to remote] DEBUG org.apache.http.wire - http-outgoing-20 >> "POST /session/e96a05459a4fc14f92751217d7c87b39/element HTTP/1.1[\r][\n]"
12:52:09.728 [Forwarding findElement on session e96a05459a4fc14f92751217d7c87b39 to remote] DEBUG org.apache.http.wire - http-outgoing-20 >> "Content-Type: application/json; charset=utf-8[\r][\n]"
12:52:09.728 [Forwarding findElement on session e96a05459a4fc14f92751217d7c87b39 to remote] DEBUG org.apache.http.wire - http-outgoing-20 >> "Content-Length: 90[\r][\n]"
12:52:09.728 [Forwarding findElement on session e96a05459a4fc14f92751217d7c87b39 to remote] DEBUG org.apache.http.wire - http-outgoing-20 >> "Host: localhost:34178[\r][\n]"
12:52:09.728 [Forwarding findElement on session e96a05459a4fc14f92751217d7c87b39 to remote] DEBUG org.apache.http.wire - http-outgoing-20 >> "Connection: Keep-Alive[\r][\n]"
12:52:09.728 [Forwarding findElement on session e96a05459a4fc14f92751217d7c87b39 to remote] DEBUG org.apache.http.wire - http-outgoing-20 >> "User-Agent: Apache-HttpClient/4.5.3 (Java/1.8.0_211)[\r][\n]"
12:52:09.728 [Forwarding findElement on session e96a05459a4fc14f92751217d7c87b39 to remote] DEBUG org.apache.http.wire - http-outgoing-20 >> "Accept-Encoding: gzip,deflate[\r][\n]"
12:52:09.728 [Forwarding findElement on session e96a05459a4fc14f92751217d7c87b39 to remote] DEBUG org.apache.http.wire - http-outgoing-20 >> "[\r][\n]"
12:52:09.728 [Forwarding findElement on session e96a05459a4fc14f92751217d7c87b39 to remote] DEBUG org.apache.http.wire - http-outgoing-20 >> "{"value":".form-group:nth-child(4) > select > option:nth-child(1)","using":"css selector"}"
12:52:09.733 [Forwarding findElement on session e96a05459a4fc14f92751217d7c87b39 to remote] DEBUG org.apache.http.wire - http-outgoing-20 << "HTTP/1.1 200 OK[\r][\n]"
12:52:09.733 [Forwarding findElement on session e96a05459a4fc14f92751217d7c87b39 to remote] DEBUG org.apache.http.wire - http-outgoing-20 << "Content-Length:88[\r][\n]"
12:52:09.733 [Forwarding findElement on session e96a05459a4fc14f92751217d7c87b39 to remote] DEBUG org.apache.http.wire - http-outgoing-20 << "Content-Type:application/json; charset=utf-8[\r][\n]"
12:52:09.733 [Forwarding findElement on session e96a05459a4fc14f92751217d7c87b39 to remote] DEBUG org.apache.http.wire - http-outgoing-20 << "cache-control:no-cache[\r][\n]"
12:52:09.733 [Forwarding findElement on session e96a05459a4fc14f92751217d7c87b39 to remote] DEBUG org.apache.http.wire - http-outgoing-20 << "[\r][\n]"
12:52:09.733 [Forwarding findElement on session e96a05459a4fc14f92751217d7c87b39 to remote] DEBUG org.apache.http.wire - http-outgoing-20 << "{"value":{"element-6066-11e4-a52e-4f735466cecf":"beca8632-97c8-4dd8-a927-4cc3974e2837"}}"
12:52:09.733 [Forwarding findElement on session e96a05459a4fc14f92751217d7c87b39 to remote] DEBUG org.apache.http.headers - http-outgoing-20 << HTTP/1.1 200 OK
12:52:09.733 [Forwarding findElement on session e96a05459a4fc14f92751217d7c87b39 to remote] DEBUG org.apache.http.headers - http-outgoing-20 << Content-Length:88
12:52:09.733 [Forwarding findElement on session e96a05459a4fc14f92751217d7c87b39 to remote] DEBUG org.apache.http.headers - http-outgoing-20 << Content-Type:application/json; charset=utf-8
12:52:09.733 [Forwarding findElement on session e96a05459a4fc14f92751217d7c87b39 to remote] DEBUG org.apache.http.headers - http-outgoing-20 << cache-control:no-cache
12:52:09.733 [Forwarding findElement on session e96a05459a4fc14f92751217d7c87b39 to remote] DEBUG org.apache.http.impl.execchain.MainClientExec - Connection can be kept alive indefinitely
12:52:09.733 [Forwarding findElement on session e96a05459a4fc14f92751217d7c87b39 to remote] DEBUG org.apache.http.impl.conn.PoolingHttpClientConnectionManager - Connection [id: 20][route: {}->http://localhost:34178] can be kept alive indefinitely
12:52:09.733 [Forwarding findElement on session e96a05459a4fc14f92751217d7c87b39 to remote] DEBUG org.apache.http.impl.conn.PoolingHttpClientConnectionManager - Connection released: [id: 20][route: {}->http://localhost:34178][total kept alive: 3; route allocated: 1 of 2000; total allocated: 3 of 2000]
12:52:09.733 [Forwarding clickElement on session e96a05459a4fc14f92751217d7c87b39 to remote] DEBUG org.apache.http.client.protocol.RequestAddCookies - CookieSpec selected: default
12:52:09.733 [Forwarding clickElement on session e96a05459a4fc14f92751217d7c87b39 to remote] DEBUG org.apache.http.client.protocol.RequestAuthCache - Auth cache not set in the context
12:52:09.733 [Forwarding clickElement on session e96a05459a4fc14f92751217d7c87b39 to remote] DEBUG org.apache.http.impl.conn.PoolingHttpClientConnectionManager - Connection request: [route: {}->http://localhost:34178][total kept alive: 3; route allocated: 1 of 2000; total allocated: 3 of 2000]
12:52:09.733 [Forwarding clickElement on session e96a05459a4fc14f92751217d7c87b39 to remote] DEBUG org.apache.http.impl.conn.PoolingHttpClientConnectionManager - Connection leased: [id: 20][route: {}->http://localhost:34178][total kept alive: 2; route allocated: 1 of 2000; total allocated: 3 of 2000]
12:52:09.733 [Forwarding clickElement on session e96a05459a4fc14f92751217d7c87b39 to remote] DEBUG org.apache.http.impl.execchain.MainClientExec - Stale connection check
12:52:09.735 [Forwarding clickElement on session e96a05459a4fc14f92751217d7c87b39 to remote] DEBUG org.apache.http.wire - http-outgoing-20 << "[read] I/O error: Read timed out"
12:52:09.735 [Forwarding clickElement on session e96a05459a4fc14f92751217d7c87b39 to remote] DEBUG org.apache.http.impl.conn.DefaultManagedHttpClientConnection - http-outgoing-20: set socket timeout to 10800000
12:52:09.735 [Forwarding clickElement on session e96a05459a4fc14f92751217d7c87b39 to remote] DEBUG org.apache.http.impl.execchain.MainClientExec - Executing request POST /session/e96a05459a4fc14f92751217d7c87b39/element/beca8632-97c8-4dd8-a927-4cc3974e2837/click HTTP/1.1
12:52:09.735 [Forwarding clickElement on session e96a05459a4fc14f92751217d7c87b39 to remote] DEBUG org.apache.http.impl.execchain.MainClientExec - Target auth state: UNCHALLENGED
12:52:09.735 [Forwarding clickElement on session e96a05459a4fc14f92751217d7c87b39 to remote] DEBUG org.apache.http.impl.execchain.MainClientExec - Proxy auth state: UNCHALLENGED
12:52:09.735 [Forwarding clickElement on session e96a05459a4fc14f92751217d7c87b39 to remote] DEBUG org.apache.http.headers - http-outgoing-20 >> POST /session/e96a05459a4fc14f92751217d7c87b39/element/beca8632-97c8-4dd8-a927-4cc3974e2837/click HTTP/1.1
12:52:09.735 [Forwarding clickElement on session e96a05459a4fc14f92751217d7c87b39 to remote] DEBUG org.apache.http.headers - http-outgoing-20 >> Content-Type: application/json; charset=utf-8
12:52:09.735 [Forwarding clickElement on session e96a05459a4fc14f92751217d7c87b39 to remote] DEBUG org.apache.http.headers - http-outgoing-20 >> Content-Length: 45
12:52:09.735 [Forwarding clickElement on session e96a05459a4fc14f92751217d7c87b39 to remote] DEBUG org.apache.http.headers - http-outgoing-20 >> Host: localhost:34178
12:52:09.735 [Forwarding clickElement on session e96a05459a4fc14f92751217d7c87b39 to remote] DEBUG org.apache.http.headers - http-outgoing-20 >> Connection: Keep-Alive
12:52:09.735 [Forwarding clickElement on session e96a05459a4fc14f92751217d7c87b39 to remote] DEBUG org.apache.http.headers - http-outgoing-20 >> User-Agent: Apache-HttpClient/4.5.3 (Java/1.8.0_211)
12:52:09.735 [Forwarding clickElement on session e96a05459a4fc14f92751217d7c87b39 to remote] DEBUG org.apache.http.headers - http-outgoing-20 >> Accept-Encoding: gzip,deflate
12:52:09.735 [Forwarding clickElement on session e96a05459a4fc14f92751217d7c87b39 to remote] DEBUG org.apache.http.wire - http-outgoing-20 >> "POST /session/e96a05459a4fc14f92751217d7c87b39/element/beca8632-97c8-4dd8-a927-4cc3974e2837/click HTTP/1.1[\r][\n]"
12:52:09.735 [Forwarding clickElement on session e96a05459a4fc14f92751217d7c87b39 to remote] DEBUG org.apache.http.wire - http-outgoing-20 >> "Content-Type: application/json; charset=utf-8[\r][\n]"
12:52:09.735 [Forwarding clickElement on session e96a05459a4fc14f92751217d7c87b39 to remote] DEBUG org.apache.http.wire - http-outgoing-20 >> "Content-Length: 45[\r][\n]"
12:52:09.735 [Forwarding clickElement on session e96a05459a4fc14f92751217d7c87b39 to remote] DEBUG org.apache.http.wire - http-outgoing-20 >> "Host: localhost:34178[\r][\n]"
12:52:09.735 [Forwarding clickElement on session e96a05459a4fc14f92751217d7c87b39 to remote] DEBUG org.apache.http.wire - http-outgoing-20 >> "Connection: Keep-Alive[\r][\n]"
12:52:09.735 [Forwarding clickElement on session e96a05459a4fc14f92751217d7c87b39 to remote] DEBUG org.apache.http.wire - http-outgoing-20 >> "User-Agent: Apache-HttpClient/4.5.3 (Java/1.8.0_211)[\r][\n]"
12:52:09.735 [Forwarding clickElement on session e96a05459a4fc14f92751217d7c87b39 to remote] DEBUG org.apache.http.wire - http-outgoing-20 >> "Accept-Encoding: gzip,deflate[\r][\n]"
12:52:09.735 [Forwarding clickElement on session e96a05459a4fc14f92751217d7c87b39 to remote] DEBUG org.apache.http.wire - http-outgoing-20 >> "[\r][\n]"
12:52:09.735 [Forwarding clickElement on session e96a05459a4fc14f92751217d7c87b39 to remote] DEBUG org.apache.http.wire - http-outgoing-20 >> "{"id":"beca8632-97c8-4dd8-a927-4cc3974e2837"}"
12:52:09.749 [Forwarding clickElement on session e96a05459a4fc14f92751217d7c87b39 to remote] DEBUG org.apache.http.wire - http-outgoing-20 << "HTTP/1.1 200 OK[\r][\n]"
12:52:09.749 [Forwarding clickElement on session e96a05459a4fc14f92751217d7c87b39 to remote] DEBUG org.apache.http.wire - http-outgoing-20 << "Content-Length:14[\r][\n]"
12:52:09.749 [Forwarding clickElement on session e96a05459a4fc14f92751217d7c87b39 to remote] DEBUG org.apache.http.wire - http-outgoing-20 << "Content-Type:application/json; charset=utf-8[\r][\n]"
12:52:09.749 [Forwarding clickElement on session e96a05459a4fc14f92751217d7c87b39 to remote] DEBUG org.apache.http.wire - http-outgoing-20 << "cache-control:no-cache[\r][\n]"
12:52:09.749 [Forwarding clickElement on session e96a05459a4fc14f92751217d7c87b39 to remote] DEBUG org.apache.http.wire - http-outgoing-20 << "[\r][\n]"
12:52:09.749 [Forwarding clickElement on session e96a05459a4fc14f92751217d7c87b39 to remote] DEBUG org.apache.http.wire - http-outgoing-20 << "{"value":null}"
12:52:09.750 [Forwarding clickElement on session e96a05459a4fc14f92751217d7c87b39 to remote] DEBUG org.apache.http.headers - http-outgoing-20 << HTTP/1.1 200 OK
12:52:09.750 [Forwarding clickElement on session e96a05459a4fc14f92751217d7c87b39 to remote] DEBUG org.apache.http.headers - http-outgoing-20 << Content-Length:14
12:52:09.750 [Forwarding clickElement on session e96a05459a4fc14f92751217d7c87b39 to remote] DEBUG org.apache.http.headers - http-outgoing-20 << Content-Type:application/json; charset=utf-8
12:52:09.750 [Forwarding clickElement on session e96a05459a4fc14f92751217d7c87b39 to remote] DEBUG org.apache.http.headers - http-outgoing-20 << cache-control:no-cache
12:52:09.750 [Forwarding clickElement on session e96a05459a4fc14f92751217d7c87b39 to remote] DEBUG org.apache.http.impl.execchain.MainClientExec - Connection can be kept alive indefinitely
12:52:09.750 [Forwarding clickElement on session e96a05459a4fc14f92751217d7c87b39 to remote] DEBUG org.apache.http.impl.conn.PoolingHttpClientConnectionManager - Connection [id: 20][route: {}->http://localhost:34178] can be kept alive indefinitely
12:52:09.750 [Forwarding clickElement on session e96a05459a4fc14f92751217d7c87b39 to remote] DEBUG org.apache.http.impl.conn.PoolingHttpClientConnectionManager - Connection released: [id: 20][route: {}->http://localhost:34178][total kept alive: 3; route allocated: 1 of 2000; total allocated: 3 of 2000]
12:52:09.750 [Forwarding findElement on session e96a05459a4fc14f92751217d7c87b39 to remote] DEBUG org.apache.http.client.protocol.RequestAddCookies - CookieSpec selected: default
12:52:09.750 [Forwarding findElement on session e96a05459a4fc14f92751217d7c87b39 to remote] DEBUG org.apache.http.client.protocol.RequestAuthCache - Auth cache not set in the context
12:52:09.750 [Forwarding findElement on session e96a05459a4fc14f92751217d7c87b39 to remote] DEBUG org.apache.http.impl.conn.PoolingHttpClientConnectionManager - Connection request: [route: {}->http://localhost:34178][total kept alive: 3; route allocated: 1 of 2000; total allocated: 3 of 2000]
12:52:09.750 [Forwarding findElement on session e96a05459a4fc14f92751217d7c87b39 to remote] DEBUG org.apache.http.impl.conn.PoolingHttpClientConnectionManager - Connection leased: [id: 20][route: {}->http://localhost:34178][total kept alive: 2; route allocated: 1 of 2000; total allocated: 3 of 2000]
12:52:09.750 [Forwarding findElement on session e96a05459a4fc14f92751217d7c87b39 to remote] DEBUG org.apache.http.impl.execchain.MainClientExec - Stale connection check
12:52:09.751 [Forwarding findElement on session e96a05459a4fc14f92751217d7c87b39 to remote] DEBUG org.apache.http.wire - http-outgoing-20 << "[read] I/O error: Read timed out"
12:52:09.751 [Forwarding findElement on session e96a05459a4fc14f92751217d7c87b39 to remote] DEBUG org.apache.http.impl.conn.DefaultManagedHttpClientConnection - http-outgoing-20: set socket timeout to 10800000
12:52:09.751 [Forwarding findElement on session e96a05459a4fc14f92751217d7c87b39 to remote] DEBUG org.apache.http.impl.execchain.MainClientExec - Executing request POST /session/e96a05459a4fc14f92751217d7c87b39/element HTTP/1.1
12:52:09.751 [Forwarding findElement on session e96a05459a4fc14f92751217d7c87b39 to remote] DEBUG org.apache.http.impl.execchain.MainClientExec - Target auth state: UNCHALLENGED
12:52:09.751 [Forwarding findElement on session e96a05459a4fc14f92751217d7c87b39 to remote] DEBUG org.apache.http.impl.execchain.MainClientExec - Proxy auth state: UNCHALLENGED
12:52:09.751 [Forwarding findElement on session e96a05459a4fc14f92751217d7c87b39 to remote] DEBUG org.apache.http.headers - http-outgoing-20 >> POST /session/e96a05459a4fc14f92751217d7c87b39/element HTTP/1.1
12:52:09.751 [Forwarding findElement on session e96a05459a4fc14f92751217d7c87b39 to remote] DEBUG org.apache.http.headers - http-outgoing-20 >> Content-Type: application/json; charset=utf-8
12:52:09.751 [Forwarding findElement on session e96a05459a4fc14f92751217d7c87b39 to remote] DEBUG org.apache.http.headers - http-outgoing-20 >> Content-Length: 52
12:52:09.751 [Forwarding findElement on session e96a05459a4fc14f92751217d7c87b39 to remote] DEBUG org.apache.http.headers - http-outgoing-20 >> Host: localhost:34178
12:52:09.751 [Forwarding findElement on session e96a05459a4fc14f92751217d7c87b39 to remote] DEBUG org.apache.http.headers - http-outgoing-20 >> Connection: Keep-Alive
12:52:09.751 [Forwarding findElement on session e96a05459a4fc14f92751217d7c87b39 to remote] DEBUG org.apache.http.headers - http-outgoing-20 >> User-Agent: Apache-HttpClient/4.5.3 (Java/1.8.0_211)
12:52:09.751 [Forwarding findElement on session e96a05459a4fc14f92751217d7c87b39 to remote] DEBUG org.apache.http.headers - http-outgoing-20 >> Accept-Encoding: gzip,deflate
12:52:09.751 [Forwarding findElement on session e96a05459a4fc14f92751217d7c87b39 to remote] DEBUG org.apache.http.wire - http-outgoing-20 >> "POST /session/e96a05459a4fc14f92751217d7c87b39/element HTTP/1.1[\r][\n]"
12:52:09.751 [Forwarding findElement on session e96a05459a4fc14f92751217d7c87b39 to remote] DEBUG org.apache.http.wire - http-outgoing-20 >> "Content-Type: application/json; charset=utf-8[\r][\n]"
12:52:09.751 [Forwarding findElement on session e96a05459a4fc14f92751217d7c87b39 to remote] DEBUG org.apache.http.wire - http-outgoing-20 >> "Content-Length: 52[\r][\n]"
12:52:09.751 [Forwarding findElement on session e96a05459a4fc14f92751217d7c87b39 to remote] DEBUG org.apache.http.wire - http-outgoing-20 >> "Host: localhost:34178[\r][\n]"
12:52:09.751 [Forwarding findElement on session e96a05459a4fc14f92751217d7c87b39 to remote] DEBUG org.apache.http.wire - http-outgoing-20 >> "Connection: Keep-Alive[\r][\n]"
12:52:09.751 [Forwarding findElement on session e96a05459a4fc14f92751217d7c87b39 to remote] DEBUG org.apache.http.wire - http-outgoing-20 >> "User-Agent: Apache-HttpClient/4.5.3 (Java/1.8.0_211)[\r][\n]"
12:52:09.751 [Forwarding findElement on session e96a05459a4fc14f92751217d7c87b39 to remote] DEBUG org.apache.http.wire - http-outgoing-20 >> "Accept-Encoding: gzip,deflate[\r][\n]"
12:52:09.751 [Forwarding findElement on session e96a05459a4fc14f92751217d7c87b39 to remote] DEBUG org.apache.http.wire - http-outgoing-20 >> "[\r][\n]"
12:52:09.751 [Forwarding findElement on session e96a05459a4fc14f92751217d7c87b39 to remote] DEBUG org.apache.http.wire - http-outgoing-20 >> "{"value":".form-check-input","using":"css selector"}"
12:52:09.758 [Forwarding findElement on session e96a05459a4fc14f92751217d7c87b39 to remote] DEBUG org.apache.http.wire - http-outgoing-20 << "HTTP/1.1 200 OK[\r][\n]"
12:52:09.758 [Forwarding findElement on session e96a05459a4fc14f92751217d7c87b39 to remote] DEBUG org.apache.http.wire - http-outgoing-20 << "Content-Length:88[\r][\n]"
12:52:09.758 [Forwarding findElement on session e96a05459a4fc14f92751217d7c87b39 to remote] DEBUG org.apache.http.wire - http-outgoing-20 << "Content-Type:application/json; charset=utf-8[\r][\n]"
12:52:09.758 [Forwarding findElement on session e96a05459a4fc14f92751217d7c87b39 to remote] DEBUG org.apache.http.wire - http-outgoing-20 << "cache-control:no-cache[\r][\n]"
12:52:09.758 [Forwarding findElement on session e96a05459a4fc14f92751217d7c87b39 to remote] DEBUG org.apache.http.wire - http-outgoing-20 << "[\r][\n]"
12:52:09.758 [Forwarding findElement on session e96a05459a4fc14f92751217d7c87b39 to remote] DEBUG org.apache.http.wire - http-outgoing-20 << "{"value":{"element-6066-11e4-a52e-4f735466cecf":"7af18417-d88e-4d9a-b147-bd27c178e087"}}"
12:52:09.758 [Forwarding findElement on session e96a05459a4fc14f92751217d7c87b39 to remote] DEBUG org.apache.http.headers - http-outgoing-20 << HTTP/1.1 200 OK
12:52:09.758 [Forwarding findElement on session e96a05459a4fc14f92751217d7c87b39 to remote] DEBUG org.apache.http.headers - http-outgoing-20 << Content-Length:88
12:52:09.758 [Forwarding findElement on session e96a05459a4fc14f92751217d7c87b39 to remote] DEBUG org.apache.http.headers - http-outgoing-20 << Content-Type:application/json; charset=utf-8
12:52:09.758 [Forwarding findElement on session e96a05459a4fc14f92751217d7c87b39 to remote] DEBUG org.apache.http.headers - http-outgoing-20 << cache-control:no-cache
12:52:09.758 [Forwarding findElement on session e96a05459a4fc14f92751217d7c87b39 to remote] DEBUG org.apache.http.impl.execchain.MainClientExec - Connection can be kept alive indefinitely
12:52:09.758 [Forwarding findElement on session e96a05459a4fc14f92751217d7c87b39 to remote] DEBUG org.apache.http.impl.conn.PoolingHttpClientConnectionManager - Connection [id: 20][route: {}->http://localhost:34178] can be kept alive indefinitely
12:52:09.758 [Forwarding findElement on session e96a05459a4fc14f92751217d7c87b39 to remote] DEBUG org.apache.http.impl.conn.PoolingHttpClientConnectionManager - Connection released: [id: 20][route: {}->http://localhost:34178][total kept alive: 3; route allocated: 1 of 2000; total allocated: 3 of 2000]
12:52:09.759 [Forwarding clickElement on session e96a05459a4fc14f92751217d7c87b39 to remote] DEBUG org.apache.http.client.protocol.RequestAddCookies - CookieSpec selected: default
12:52:09.759 [Forwarding clickElement on session e96a05459a4fc14f92751217d7c87b39 to remote] DEBUG org.apache.http.client.protocol.RequestAuthCache - Auth cache not set in the context
12:52:09.759 [Forwarding clickElement on session e96a05459a4fc14f92751217d7c87b39 to remote] DEBUG org.apache.http.impl.conn.PoolingHttpClientConnectionManager - Connection request: [route: {}->http://localhost:34178][total kept alive: 3; route allocated: 1 of 2000; total allocated: 3 of 2000]
12:52:09.759 [Forwarding clickElement on session e96a05459a4fc14f92751217d7c87b39 to remote] DEBUG org.apache.http.impl.conn.PoolingHttpClientConnectionManager - Connection leased: [id: 20][route: {}->http://localhost:34178][total kept alive: 2; route allocated: 1 of 2000; total allocated: 3 of 2000]
12:52:09.759 [Forwarding clickElement on session e96a05459a4fc14f92751217d7c87b39 to remote] DEBUG org.apache.http.impl.execchain.MainClientExec - Stale connection check
12:52:09.760 [Forwarding clickElement on session e96a05459a4fc14f92751217d7c87b39 to remote] DEBUG org.apache.http.wire - http-outgoing-20 << "[read] I/O error: Read timed out"
12:52:09.760 [Forwarding clickElement on session e96a05459a4fc14f92751217d7c87b39 to remote] DEBUG org.apache.http.impl.conn.DefaultManagedHttpClientConnection - http-outgoing-20: set socket timeout to 10800000
12:52:09.760 [Forwarding clickElement on session e96a05459a4fc14f92751217d7c87b39 to remote] DEBUG org.apache.http.impl.execchain.MainClientExec - Executing request POST /session/e96a05459a4fc14f92751217d7c87b39/element/7af18417-d88e-4d9a-b147-bd27c178e087/click HTTP/1.1
12:52:09.760 [Forwarding clickElement on session e96a05459a4fc14f92751217d7c87b39 to remote] DEBUG org.apache.http.impl.execchain.MainClientExec - Target auth state: UNCHALLENGED
12:52:09.760 [Forwarding clickElement on session e96a05459a4fc14f92751217d7c87b39 to remote] DEBUG org.apache.http.impl.execchain.MainClientExec - Proxy auth state: UNCHALLENGED
12:52:09.760 [Forwarding clickElement on session e96a05459a4fc14f92751217d7c87b39 to remote] DEBUG org.apache.http.headers - http-outgoing-20 >> POST /session/e96a05459a4fc14f92751217d7c87b39/element/7af18417-d88e-4d9a-b147-bd27c178e087/click HTTP/1.1
12:52:09.760 [Forwarding clickElement on session e96a05459a4fc14f92751217d7c87b39 to remote] DEBUG org.apache.http.headers - http-outgoing-20 >> Content-Type: application/json; charset=utf-8
12:52:09.760 [Forwarding clickElement on session e96a05459a4fc14f92751217d7c87b39 to remote] DEBUG org.apache.http.headers - http-outgoing-20 >> Content-Length: 45
12:52:09.760 [Forwarding clickElement on session e96a05459a4fc14f92751217d7c87b39 to remote] DEBUG org.apache.http.headers - http-outgoing-20 >> Host: localhost:34178
12:52:09.760 [Forwarding clickElement on session e96a05459a4fc14f92751217d7c87b39 to remote] DEBUG org.apache.http.headers - http-outgoing-20 >> Connection: Keep-Alive
12:52:09.760 [Forwarding clickElement on session e96a05459a4fc14f92751217d7c87b39 to remote] DEBUG org.apache.http.headers - http-outgoing-20 >> User-Agent: Apache-HttpClient/4.5.3 (Java/1.8.0_211)
12:52:09.760 [Forwarding clickElement on session e96a05459a4fc14f92751217d7c87b39 to remote] DEBUG org.apache.http.headers - http-outgoing-20 >> Accept-Encoding: gzip,deflate
12:52:09.760 [Forwarding clickElement on session e96a05459a4fc14f92751217d7c87b39 to remote] DEBUG org.apache.http.wire - http-outgoing-20 >> "POST /session/e96a05459a4fc14f92751217d7c87b39/element/7af18417-d88e-4d9a-b147-bd27c178e087/click HTTP/1.1[\r][\n]"
12:52:09.760 [Forwarding clickElement on session e96a05459a4fc14f92751217d7c87b39 to remote] DEBUG org.apache.http.wire - http-outgoing-20 >> "Content-Type: application/json; charset=utf-8[\r][\n]"
12:52:09.760 [Forwarding clickElement on session e96a05459a4fc14f92751217d7c87b39 to remote] DEBUG org.apache.http.wire - http-outgoing-20 >> "Content-Length: 45[\r][\n]"
12:52:09.760 [Forwarding clickElement on session e96a05459a4fc14f92751217d7c87b39 to remote] DEBUG org.apache.http.wire - http-outgoing-20 >> "Host: localhost:34178[\r][\n]"
12:52:09.760 [Forwarding clickElement on session e96a05459a4fc14f92751217d7c87b39 to remote] DEBUG org.apache.http.wire - http-outgoing-20 >> "Connection: Keep-Alive[\r][\n]"
12:52:09.760 [Forwarding clickElement on session e96a05459a4fc14f92751217d7c87b39 to remote] DEBUG org.apache.http.wire - http-outgoing-20 >> "User-Agent: Apache-HttpClient/4.5.3 (Java/1.8.0_211)[\r][\n]"
12:52:09.760 [Forwarding clickElement on session e96a05459a4fc14f92751217d7c87b39 to remote] DEBUG org.apache.http.wire - http-outgoing-20 >> "Accept-Encoding: gzip,deflate[\r][\n]"
12:52:09.760 [Forwarding clickElement on session e96a05459a4fc14f92751217d7c87b39 to remote] DEBUG org.apache.http.wire - http-outgoing-20 >> "[\r][\n]"
12:52:09.760 [Forwarding clickElement on session e96a05459a4fc14f92751217d7c87b39 to remote] DEBUG org.apache.http.wire - http-outgoing-20 >> "{"id":"7af18417-d88e-4d9a-b147-bd27c178e087"}"
12:52:10.102 [Forwarding clickElement on session e96a05459a4fc14f92751217d7c87b39 to remote] DEBUG org.apache.http.wire - http-outgoing-20 << "HTTP/1.1 200 OK[\r][\n]"
12:52:10.103 [Forwarding clickElement on session e96a05459a4fc14f92751217d7c87b39 to remote] DEBUG org.apache.http.wire - http-outgoing-20 << "Content-Length:14[\r][\n]"
12:52:10.103 [Forwarding clickElement on session e96a05459a4fc14f92751217d7c87b39 to remote] DEBUG org.apache.http.wire - http-outgoing-20 << "Content-Type:application/json; charset=utf-8[\r][\n]"
12:52:10.103 [Forwarding clickElement on session e96a05459a4fc14f92751217d7c87b39 to remote] DEBUG org.apache.http.wire - http-outgoing-20 << "cache-control:no-cache[\r][\n]"
12:52:10.103 [Forwarding clickElement on session e96a05459a4fc14f92751217d7c87b39 to remote] DEBUG org.apache.http.wire - http-outgoing-20 << "[\r][\n]"
12:52:10.103 [Forwarding clickElement on session e96a05459a4fc14f92751217d7c87b39 to remote] DEBUG org.apache.http.wire - http-outgoing-20 << "{"value":null}"
12:52:10.103 [Forwarding clickElement on session e96a05459a4fc14f92751217d7c87b39 to remote] DEBUG org.apache.http.headers - http-outgoing-20 << HTTP/1.1 200 OK
12:52:10.103 [Forwarding clickElement on session e96a05459a4fc14f92751217d7c87b39 to remote] DEBUG org.apache.http.headers - http-outgoing-20 << Content-Length:14
12:52:10.103 [Forwarding clickElement on session e96a05459a4fc14f92751217d7c87b39 to remote] DEBUG org.apache.http.headers - http-outgoing-20 << Content-Type:application/json; charset=utf-8
12:52:10.103 [Forwarding clickElement on session e96a05459a4fc14f92751217d7c87b39 to remote] DEBUG org.apache.http.headers - http-outgoing-20 << cache-control:no-cache
12:52:10.103 [Forwarding clickElement on session e96a05459a4fc14f92751217d7c87b39 to remote] DEBUG org.apache.http.impl.execchain.MainClientExec - Connection can be kept alive indefinitely
12:52:10.103 [Forwarding clickElement on session e96a05459a4fc14f92751217d7c87b39 to remote] DEBUG org.apache.http.impl.conn.PoolingHttpClientConnectionManager - Connection [id: 20][route: {}->http://localhost:34178] can be kept alive indefinitely
12:52:10.103 [Forwarding clickElement on session e96a05459a4fc14f92751217d7c87b39 to remote] DEBUG org.apache.http.impl.conn.PoolingHttpClientConnectionManager - Connection released: [id: 20][route: {}->http://localhost:34178][total kept alive: 3; route allocated: 1 of 2000; total allocated: 3 of 2000]
12:52:10.309 [Forwarding findElement on session e96a05459a4fc14f92751217d7c87b39 to remote] DEBUG org.apache.http.client.protocol.RequestAddCookies - CookieSpec selected: default
12:52:10.309 [Forwarding findElement on session e96a05459a4fc14f92751217d7c87b39 to remote] DEBUG org.apache.http.client.protocol.RequestAuthCache - Auth cache not set in the context
12:52:10.309 [Forwarding findElement on session e96a05459a4fc14f92751217d7c87b39 to remote] DEBUG org.apache.http.impl.conn.PoolingHttpClientConnectionManager - Connection request: [route: {}->http://localhost:34178][total kept alive: 3; route allocated: 1 of 2000; total allocated: 3 of 2000]
12:52:10.309 [Forwarding findElement on session e96a05459a4fc14f92751217d7c87b39 to remote] DEBUG org.apache.http.impl.conn.PoolingHttpClientConnectionManager - Connection leased: [id: 20][route: {}->http://localhost:34178][total kept alive: 2; route allocated: 1 of 2000; total allocated: 3 of 2000]
12:52:10.309 [Forwarding findElement on session e96a05459a4fc14f92751217d7c87b39 to remote] DEBUG org.apache.http.impl.execchain.MainClientExec - Stale connection check
12:52:10.310 [Forwarding findElement on session e96a05459a4fc14f92751217d7c87b39 to remote] DEBUG org.apache.http.wire - http-outgoing-20 << "[read] I/O error: Read timed out"
12:52:10.310 [Forwarding findElement on session e96a05459a4fc14f92751217d7c87b39 to remote] DEBUG org.apache.http.impl.conn.DefaultManagedHttpClientConnection - http-outgoing-20: set socket timeout to 10800000
12:52:10.310 [Forwarding findElement on session e96a05459a4fc14f92751217d7c87b39 to remote] DEBUG org.apache.http.impl.execchain.MainClientExec - Executing request POST /session/e96a05459a4fc14f92751217d7c87b39/element HTTP/1.1
12:52:10.310 [Forwarding findElement on session e96a05459a4fc14f92751217d7c87b39 to remote] DEBUG org.apache.http.impl.execchain.MainClientExec - Target auth state: UNCHALLENGED
12:52:10.310 [Forwarding findElement on session e96a05459a4fc14f92751217d7c87b39 to remote] DEBUG org.apache.http.impl.execchain.MainClientExec - Proxy auth state: UNCHALLENGED
12:52:10.310 [Forwarding findElement on session e96a05459a4fc14f92751217d7c87b39 to remote] DEBUG org.apache.http.headers - http-outgoing-20 >> POST /session/e96a05459a4fc14f92751217d7c87b39/element HTTP/1.1
12:52:10.310 [Forwarding findElement on session e96a05459a4fc14f92751217d7c87b39 to remote] DEBUG org.apache.http.headers - http-outgoing-20 >> Content-Type: application/json; charset=utf-8
12:52:10.310 [Forwarding findElement on session e96a05459a4fc14f92751217d7c87b39 to remote] DEBUG org.apache.http.headers - http-outgoing-20 >> Content-Length: 38
12:52:10.310 [Forwarding findElement on session e96a05459a4fc14f92751217d7c87b39 to remote] DEBUG org.apache.http.headers - http-outgoing-20 >> Host: localhost:34178
12:52:10.310 [Forwarding findElement on session e96a05459a4fc14f92751217d7c87b39 to remote] DEBUG org.apache.http.headers - http-outgoing-20 >> Connection: Keep-Alive
12:52:10.310 [Forwarding findElement on session e96a05459a4fc14f92751217d7c87b39 to remote] DEBUG org.apache.http.headers - http-outgoing-20 >> User-Agent: Apache-HttpClient/4.5.3 (Java/1.8.0_211)
12:52:10.310 [Forwarding findElement on session e96a05459a4fc14f92751217d7c87b39 to remote] DEBUG org.apache.http.headers - http-outgoing-20 >> Accept-Encoding: gzip,deflate
12:52:10.310 [Forwarding findElement on session e96a05459a4fc14f92751217d7c87b39 to remote] DEBUG org.apache.http.wire - http-outgoing-20 >> "POST /session/e96a05459a4fc14f92751217d7c87b39/element HTTP/1.1[\r][\n]"
12:52:10.310 [Forwarding findElement on session e96a05459a4fc14f92751217d7c87b39 to remote] DEBUG org.apache.http.wire - http-outgoing-20 >> "Content-Type: application/json; charset=utf-8[\r][\n]"
12:52:10.310 [Forwarding findElement on session e96a05459a4fc14f92751217d7c87b39 to remote] DEBUG org.apache.http.wire - http-outgoing-20 >> "Content-Length: 38[\r][\n]"
12:52:10.310 [Forwarding findElement on session e96a05459a4fc14f92751217d7c87b39 to remote] DEBUG org.apache.http.wire - http-outgoing-20 >> "Host: localhost:34178[\r][\n]"
12:52:10.310 [Forwarding findElement on session e96a05459a4fc14f92751217d7c87b39 to remote] DEBUG org.apache.http.wire - http-outgoing-20 >> "Connection: Keep-Alive[\r][\n]"
12:52:10.310 [Forwarding findElement on session e96a05459a4fc14f92751217d7c87b39 to remote] DEBUG org.apache.http.wire - http-outgoing-20 >> "User-Agent: Apache-HttpClient/4.5.3 (Java/1.8.0_211)[\r][\n]"
12:52:10.310 [Forwarding findElement on session e96a05459a4fc14f92751217d7c87b39 to remote] DEBUG org.apache.http.wire - http-outgoing-20 >> "Accept-Encoding: gzip,deflate[\r][\n]"
12:52:10.310 [Forwarding findElement on session e96a05459a4fc14f92751217d7c87b39 to remote] DEBUG org.apache.http.wire - http-outgoing-20 >> "[\r][\n]"
12:52:10.310 [Forwarding findElement on session e96a05459a4fc14f92751217d7c87b39 to remote] DEBUG org.apache.http.wire - http-outgoing-20 >> "{"value":"//p/button","using":"xpath"}"
12:52:10.316 [Forwarding findElement on session e96a05459a4fc14f92751217d7c87b39 to remote] DEBUG org.apache.http.wire - http-outgoing-20 << "HTTP/1.1 200 OK[\r][\n]"
12:52:10.316 [Forwarding findElement on session e96a05459a4fc14f92751217d7c87b39 to remote] DEBUG org.apache.http.wire - http-outgoing-20 << "Content-Length:88[\r][\n]"
12:52:10.316 [Forwarding findElement on session e96a05459a4fc14f92751217d7c87b39 to remote] DEBUG org.apache.http.wire - http-outgoing-20 << "Content-Type:application/json; charset=utf-8[\r][\n]"
12:52:10.316 [Forwarding findElement on session e96a05459a4fc14f92751217d7c87b39 to remote] DEBUG org.apache.http.wire - http-outgoing-20 << "cache-control:no-cache[\r][\n]"
12:52:10.316 [Forwarding findElement on session e96a05459a4fc14f92751217d7c87b39 to remote] DEBUG org.apache.http.wire - http-outgoing-20 << "[\r][\n]"
12:52:10.316 [Forwarding findElement on session e96a05459a4fc14f92751217d7c87b39 to remote] DEBUG org.apache.http.wire - http-outgoing-20 << "{"value":{"element-6066-11e4-a52e-4f735466cecf":"9ba7fefa-3e3e-481f-a522-a5b172668855"}}"
12:52:10.316 [Forwarding findElement on session e96a05459a4fc14f92751217d7c87b39 to remote] DEBUG org.apache.http.headers - http-outgoing-20 << HTTP/1.1 200 OK
12:52:10.316 [Forwarding findElement on session e96a05459a4fc14f92751217d7c87b39 to remote] DEBUG org.apache.http.headers - http-outgoing-20 << Content-Length:88
12:52:10.316 [Forwarding findElement on session e96a05459a4fc14f92751217d7c87b39 to remote] DEBUG org.apache.http.headers - http-outgoing-20 << Content-Type:application/json; charset=utf-8
12:52:10.316 [Forwarding findElement on session e96a05459a4fc14f92751217d7c87b39 to remote] DEBUG org.apache.http.headers - http-outgoing-20 << cache-control:no-cache
12:52:10.316 [Forwarding findElement on session e96a05459a4fc14f92751217d7c87b39 to remote] DEBUG org.apache.http.impl.execchain.MainClientExec - Connection can be kept alive indefinitely
12:52:10.316 [Forwarding findElement on session e96a05459a4fc14f92751217d7c87b39 to remote] DEBUG org.apache.http.impl.conn.PoolingHttpClientConnectionManager - Connection [id: 20][route: {}->http://localhost:34178] can be kept alive indefinitely
12:52:10.316 [Forwarding findElement on session e96a05459a4fc14f92751217d7c87b39 to remote] DEBUG org.apache.http.impl.conn.PoolingHttpClientConnectionManager - Connection released: [id: 20][route: {}->http://localhost:34178][total kept alive: 3; route allocated: 1 of 2000; total allocated: 3 of 2000]
12:52:10.317 [Forwarding clickElement on session e96a05459a4fc14f92751217d7c87b39 to remote] DEBUG org.apache.http.client.protocol.RequestAddCookies - CookieSpec selected: default
12:52:10.317 [Forwarding clickElement on session e96a05459a4fc14f92751217d7c87b39 to remote] DEBUG org.apache.http.client.protocol.RequestAuthCache - Auth cache not set in the context
12:52:10.317 [Forwarding clickElement on session e96a05459a4fc14f92751217d7c87b39 to remote] DEBUG org.apache.http.impl.conn.PoolingHttpClientConnectionManager - Connection request: [route: {}->http://localhost:34178][total kept alive: 3; route allocated: 1 of 2000; total allocated: 3 of 2000]
12:52:10.317 [Forwarding clickElement on session e96a05459a4fc14f92751217d7c87b39 to remote] DEBUG org.apache.http.impl.conn.PoolingHttpClientConnectionManager - Connection leased: [id: 20][route: {}->http://localhost:34178][total kept alive: 2; route allocated: 1 of 2000; total allocated: 3 of 2000]
12:52:10.317 [Forwarding clickElement on session e96a05459a4fc14f92751217d7c87b39 to remote] DEBUG org.apache.http.impl.execchain.MainClientExec - Stale connection check
12:52:10.318 [Forwarding clickElement on session e96a05459a4fc14f92751217d7c87b39 to remote] DEBUG org.apache.http.wire - http-outgoing-20 << "[read] I/O error: Read timed out"
12:52:10.318 [Forwarding clickElement on session e96a05459a4fc14f92751217d7c87b39 to remote] DEBUG org.apache.http.impl.conn.DefaultManagedHttpClientConnection - http-outgoing-20: set socket timeout to 10800000
12:52:10.318 [Forwarding clickElement on session e96a05459a4fc14f92751217d7c87b39 to remote] DEBUG org.apache.http.impl.execchain.MainClientExec - Executing request POST /session/e96a05459a4fc14f92751217d7c87b39/element/9ba7fefa-3e3e-481f-a522-a5b172668855/click HTTP/1.1
12:52:10.318 [Forwarding clickElement on session e96a05459a4fc14f92751217d7c87b39 to remote] DEBUG org.apache.http.impl.execchain.MainClientExec - Target auth state: UNCHALLENGED
12:52:10.318 [Forwarding clickElement on session e96a05459a4fc14f92751217d7c87b39 to remote] DEBUG org.apache.http.impl.execchain.MainClientExec - Proxy auth state: UNCHALLENGED
12:52:10.318 [Forwarding clickElement on session e96a05459a4fc14f92751217d7c87b39 to remote] DEBUG org.apache.http.headers - http-outgoing-20 >> POST /session/e96a05459a4fc14f92751217d7c87b39/element/9ba7fefa-3e3e-481f-a522-a5b172668855/click HTTP/1.1
12:52:10.318 [Forwarding clickElement on session e96a05459a4fc14f92751217d7c87b39 to remote] DEBUG org.apache.http.headers - http-outgoing-20 >> Content-Type: application/json; charset=utf-8
12:52:10.318 [Forwarding clickElement on session e96a05459a4fc14f92751217d7c87b39 to remote] DEBUG org.apache.http.headers - http-outgoing-20 >> Content-Length: 45
12:52:10.318 [Forwarding clickElement on session e96a05459a4fc14f92751217d7c87b39 to remote] DEBUG org.apache.http.headers - http-outgoing-20 >> Host: localhost:34178
12:52:10.318 [Forwarding clickElement on session e96a05459a4fc14f92751217d7c87b39 to remote] DEBUG org.apache.http.headers - http-outgoing-20 >> Connection: Keep-Alive
12:52:10.318 [Forwarding clickElement on session e96a05459a4fc14f92751217d7c87b39 to remote] DEBUG org.apache.http.headers - http-outgoing-20 >> User-Agent: Apache-HttpClient/4.5.3 (Java/1.8.0_211)
12:52:10.318 [Forwarding clickElement on session e96a05459a4fc14f92751217d7c87b39 to remote] DEBUG org.apache.http.headers - http-outgoing-20 >> Accept-Encoding: gzip,deflate
12:52:10.318 [Forwarding clickElement on session e96a05459a4fc14f92751217d7c87b39 to remote] DEBUG org.apache.http.wire - http-outgoing-20 >> "POST /session/e96a05459a4fc14f92751217d7c87b39/element/9ba7fefa-3e3e-481f-a522-a5b172668855/click HTTP/1.1[\r][\n]"
12:52:10.318 [Forwarding clickElement on session e96a05459a4fc14f92751217d7c87b39 to remote] DEBUG org.apache.http.wire - http-outgoing-20 >> "Content-Type: application/json; charset=utf-8[\r][\n]"
12:52:10.318 [Forwarding clickElement on session e96a05459a4fc14f92751217d7c87b39 to remote] DEBUG org.apache.http.wire - http-outgoing-20 >> "Content-Length: 45[\r][\n]"
12:52:10.318 [Forwarding clickElement on session e96a05459a4fc14f92751217d7c87b39 to remote] DEBUG org.apache.http.wire - http-outgoing-20 >> "Host: localhost:34178[\r][\n]"
12:52:10.318 [Forwarding clickElement on session e96a05459a4fc14f92751217d7c87b39 to remote] DEBUG org.apache.http.wire - http-outgoing-20 >> "Connection: Keep-Alive[\r][\n]"
12:52:10.318 [Forwarding clickElement on session e96a05459a4fc14f92751217d7c87b39 to remote] DEBUG org.apache.http.wire - http-outgoing-20 >> "User-Agent: Apache-HttpClient/4.5.3 (Java/1.8.0_211)[\r][\n]"
12:52:10.318 [Forwarding clickElement on session e96a05459a4fc14f92751217d7c87b39 to remote] DEBUG org.apache.http.wire - http-outgoing-20 >> "Accept-Encoding: gzip,deflate[\r][\n]"
12:52:10.318 [Forwarding clickElement on session e96a05459a4fc14f92751217d7c87b39 to remote] DEBUG org.apache.http.wire - http-outgoing-20 >> "[\r][\n]"
12:52:10.318 [Forwarding clickElement on session e96a05459a4fc14f92751217d7c87b39 to remote] DEBUG org.apache.http.wire - http-outgoing-20 >> "{"id":"9ba7fefa-3e3e-481f-a522-a5b172668855"}"
12:52:10.407 [Forwarding clickElement on session e96a05459a4fc14f92751217d7c87b39 to remote] DEBUG org.apache.http.wire - http-outgoing-20 << "HTTP/1.1 200 OK[\r][\n]"
12:52:10.407 [Forwarding clickElement on session e96a05459a4fc14f92751217d7c87b39 to remote] DEBUG org.apache.http.wire - http-outgoing-20 << "Content-Length:14[\r][\n]"
12:52:10.407 [Forwarding clickElement on session e96a05459a4fc14f92751217d7c87b39 to remote] DEBUG org.apache.http.wire - http-outgoing-20 << "Content-Type:application/json; charset=utf-8[\r][\n]"
12:52:10.407 [Forwarding clickElement on session e96a05459a4fc14f92751217d7c87b39 to remote] DEBUG org.apache.http.wire - http-outgoing-20 << "cache-control:no-cache[\r][\n]"
12:52:10.407 [Forwarding clickElement on session e96a05459a4fc14f92751217d7c87b39 to remote] DEBUG org.apache.http.wire - http-outgoing-20 << "[\r][\n]"
12:52:10.407 [Forwarding clickElement on session e96a05459a4fc14f92751217d7c87b39 to remote] DEBUG org.apache.http.wire - http-outgoing-20 << "{"value":null}"
12:52:10.407 [Forwarding clickElement on session e96a05459a4fc14f92751217d7c87b39 to remote] DEBUG org.apache.http.headers - http-outgoing-20 << HTTP/1.1 200 OK
12:52:10.407 [Forwarding clickElement on session e96a05459a4fc14f92751217d7c87b39 to remote] DEBUG org.apache.http.headers - http-outgoing-20 << Content-Length:14
12:52:10.407 [Forwarding clickElement on session e96a05459a4fc14f92751217d7c87b39 to remote] DEBUG org.apache.http.headers - http-outgoing-20 << Content-Type:application/json; charset=utf-8
12:52:10.407 [Forwarding clickElement on session e96a05459a4fc14f92751217d7c87b39 to remote] DEBUG org.apache.http.headers - http-outgoing-20 << cache-control:no-cache
12:52:10.407 [Forwarding clickElement on session e96a05459a4fc14f92751217d7c87b39 to remote] DEBUG org.apache.http.impl.execchain.MainClientExec - Connection can be kept alive indefinitely
12:52:10.407 [Forwarding clickElement on session e96a05459a4fc14f92751217d7c87b39 to remote] DEBUG org.apache.http.impl.conn.PoolingHttpClientConnectionManager - Connection [id: 20][route: {}->http://localhost:34178] can be kept alive indefinitely
12:52:10.407 [Forwarding clickElement on session e96a05459a4fc14f92751217d7c87b39 to remote] DEBUG org.apache.http.impl.conn.PoolingHttpClientConnectionManager - Connection released: [id: 20][route: {}->http://localhost:34178][total kept alive: 3; route allocated: 1 of 2000; total allocated: 3 of 2000]
12:52:10.408 [Forwarding findElement on session e96a05459a4fc14f92751217d7c87b39 to remote] DEBUG org.apache.http.client.protocol.RequestAddCookies - CookieSpec selected: default
12:52:10.408 [Forwarding findElement on session e96a05459a4fc14f92751217d7c87b39 to remote] DEBUG org.apache.http.client.protocol.RequestAuthCache - Auth cache not set in the context
12:52:10.408 [Forwarding findElement on session e96a05459a4fc14f92751217d7c87b39 to remote] DEBUG org.apache.http.impl.conn.PoolingHttpClientConnectionManager - Connection request: [route: {}->http://localhost:34178][total kept alive: 3; route allocated: 1 of 2000; total allocated: 3 of 2000]
12:52:10.408 [Forwarding findElement on session e96a05459a4fc14f92751217d7c87b39 to remote] DEBUG org.apache.http.impl.conn.PoolingHttpClientConnectionManager - Connection leased: [id: 20][route: {}->http://localhost:34178][total kept alive: 2; route allocated: 1 of 2000; total allocated: 3 of 2000]
12:52:10.408 [Forwarding findElement on session e96a05459a4fc14f92751217d7c87b39 to remote] DEBUG org.apache.http.impl.execchain.MainClientExec - Stale connection check
12:52:10.409 [Forwarding findElement on session e96a05459a4fc14f92751217d7c87b39 to remote] DEBUG org.apache.http.wire - http-outgoing-20 << "[read] I/O error: Read timed out"
12:52:10.409 [Forwarding findElement on session e96a05459a4fc14f92751217d7c87b39 to remote] DEBUG org.apache.http.impl.conn.DefaultManagedHttpClientConnection - http-outgoing-20: set socket timeout to 10800000
12:52:10.409 [Forwarding findElement on session e96a05459a4fc14f92751217d7c87b39 to remote] DEBUG org.apache.http.impl.execchain.MainClientExec - Executing request POST /session/e96a05459a4fc14f92751217d7c87b39/element HTTP/1.1
12:52:10.409 [Forwarding findElement on session e96a05459a4fc14f92751217d7c87b39 to remote] DEBUG org.apache.http.impl.execchain.MainClientExec - Target auth state: UNCHALLENGED
12:52:10.409 [Forwarding findElement on session e96a05459a4fc14f92751217d7c87b39 to remote] DEBUG org.apache.http.impl.execchain.MainClientExec - Proxy auth state: UNCHALLENGED
12:52:10.409 [Forwarding findElement on session e96a05459a4fc14f92751217d7c87b39 to remote] DEBUG org.apache.http.headers - http-outgoing-20 >> POST /session/e96a05459a4fc14f92751217d7c87b39/element HTTP/1.1
12:52:10.409 [Forwarding findElement on session e96a05459a4fc14f92751217d7c87b39 to remote] DEBUG org.apache.http.headers - http-outgoing-20 >> Content-Type: application/json; charset=utf-8
12:52:10.409 [Forwarding findElement on session e96a05459a4fc14f92751217d7c87b39 to remote] DEBUG org.apache.http.headers - http-outgoing-20 >> Content-Length: 58
12:52:10.409 [Forwarding findElement on session e96a05459a4fc14f92751217d7c87b39 to remote] DEBUG org.apache.http.headers - http-outgoing-20 >> Host: localhost:34178
12:52:10.409 [Forwarding findElement on session e96a05459a4fc14f92751217d7c87b39 to remote] DEBUG org.apache.http.headers - http-outgoing-20 >> Connection: Keep-Alive
12:52:10.409 [Forwarding findElement on session e96a05459a4fc14f92751217d7c87b39 to remote] DEBUG org.apache.http.headers - http-outgoing-20 >> User-Agent: Apache-HttpClient/4.5.3 (Java/1.8.0_211)
12:52:10.409 [Forwarding findElement on session e96a05459a4fc14f92751217d7c87b39 to remote] DEBUG org.apache.http.headers - http-outgoing-20 >> Accept-Encoding: gzip,deflate
12:52:10.409 [Forwarding findElement on session e96a05459a4fc14f92751217d7c87b39 to remote] DEBUG org.apache.http.wire - http-outgoing-20 >> "POST /session/e96a05459a4fc14f92751217d7c87b39/element HTTP/1.1[\r][\n]"
12:52:10.409 [Forwarding findElement on session e96a05459a4fc14f92751217d7c87b39 to remote] DEBUG org.apache.http.wire - http-outgoing-20 >> "Content-Type: application/json; charset=utf-8[\r][\n]"
12:52:10.409 [Forwarding findElement on session e96a05459a4fc14f92751217d7c87b39 to remote] DEBUG org.apache.http.wire - http-outgoing-20 >> "Content-Length: 58[\r][\n]"
12:52:10.409 [Forwarding findElement on session e96a05459a4fc14f92751217d7c87b39 to remote] DEBUG org.apache.http.wire - http-outgoing-20 >> "Host: localhost:34178[\r][\n]"
12:52:10.409 [Forwarding findElement on session e96a05459a4fc14f92751217d7c87b39 to remote] DEBUG org.apache.http.wire - http-outgoing-20 >> "Connection: Keep-Alive[\r][\n]"
12:52:10.409 [Forwarding findElement on session e96a05459a4fc14f92751217d7c87b39 to remote] DEBUG org.apache.http.wire - http-outgoing-20 >> "User-Agent: Apache-HttpClient/4.5.3 (Java/1.8.0_211)[\r][\n]"
12:52:10.409 [Forwarding findElement on session e96a05459a4fc14f92751217d7c87b39 to remote] DEBUG org.apache.http.wire - http-outgoing-20 >> "Accept-Encoding: gzip,deflate[\r][\n]"
12:52:10.409 [Forwarding findElement on session e96a05459a4fc14f92751217d7c87b39 to remote] DEBUG org.apache.http.wire - http-outgoing-20 >> "[\r][\n]"
12:52:10.409 [Forwarding findElement on session e96a05459a4fc14f92751217d7c87b39 to remote] DEBUG org.apache.http.wire - http-outgoing-20 >> "{"value":".modal-body > p >button","using":"css selector"}"
12:52:10.415 [Forwarding findElement on session e96a05459a4fc14f92751217d7c87b39 to remote] DEBUG org.apache.http.wire - http-outgoing-20 << "HTTP/1.1 200 OK[\r][\n]"
12:52:10.415 [Forwarding findElement on session e96a05459a4fc14f92751217d7c87b39 to remote] DEBUG org.apache.http.wire - http-outgoing-20 << "Content-Length:88[\r][\n]"
12:52:10.415 [Forwarding findElement on session e96a05459a4fc14f92751217d7c87b39 to remote] DEBUG org.apache.http.wire - http-outgoing-20 << "Content-Type:application/json; charset=utf-8[\r][\n]"
12:52:10.415 [Forwarding findElement on session e96a05459a4fc14f92751217d7c87b39 to remote] DEBUG org.apache.http.wire - http-outgoing-20 << "cache-control:no-cache[\r][\n]"
12:52:10.415 [Forwarding findElement on session e96a05459a4fc14f92751217d7c87b39 to remote] DEBUG org.apache.http.wire - http-outgoing-20 << "[\r][\n]"
12:52:10.415 [Forwarding findElement on session e96a05459a4fc14f92751217d7c87b39 to remote] DEBUG org.apache.http.wire - http-outgoing-20 << "{"value":{"element-6066-11e4-a52e-4f735466cecf":"9ba7fefa-3e3e-481f-a522-a5b172668855"}}"
12:52:10.415 [Forwarding findElement on session e96a05459a4fc14f92751217d7c87b39 to remote] DEBUG org.apache.http.headers - http-outgoing-20 << HTTP/1.1 200 OK
12:52:10.415 [Forwarding findElement on session e96a05459a4fc14f92751217d7c87b39 to remote] DEBUG org.apache.http.headers - http-outgoing-20 << Content-Length:88
12:52:10.415 [Forwarding findElement on session e96a05459a4fc14f92751217d7c87b39 to remote] DEBUG org.apache.http.headers - http-outgoing-20 << Content-Type:application/json; charset=utf-8
12:52:10.415 [Forwarding findElement on session e96a05459a4fc14f92751217d7c87b39 to remote] DEBUG org.apache.http.headers - http-outgoing-20 << cache-control:no-cache
12:52:10.415 [Forwarding findElement on session e96a05459a4fc14f92751217d7c87b39 to remote] DEBUG org.apache.http.impl.execchain.MainClientExec - Connection can be kept alive indefinitely
12:52:10.415 [Forwarding findElement on session e96a05459a4fc14f92751217d7c87b39 to remote] DEBUG org.apache.http.impl.conn.PoolingHttpClientConnectionManager - Connection [id: 20][route: {}->http://localhost:34178] can be kept alive indefinitely
12:52:10.415 [Forwarding findElement on session e96a05459a4fc14f92751217d7c87b39 to remote] DEBUG org.apache.http.impl.conn.PoolingHttpClientConnectionManager - Connection released: [id: 20][route: {}->http://localhost:34178][total kept alive: 3; route allocated: 1 of 2000; total allocated: 3 of 2000]
12:52:10.415 [Forwarding clickElement on session e96a05459a4fc14f92751217d7c87b39 to remote] DEBUG org.apache.http.client.protocol.RequestAddCookies - CookieSpec selected: default
12:52:10.416 [Forwarding clickElement on session e96a05459a4fc14f92751217d7c87b39 to remote] DEBUG org.apache.http.client.protocol.RequestAuthCache - Auth cache not set in the context
12:52:10.416 [Forwarding clickElement on session e96a05459a4fc14f92751217d7c87b39 to remote] DEBUG org.apache.http.impl.conn.PoolingHttpClientConnectionManager - Connection request: [route: {}->http://localhost:34178][total kept alive: 3; route allocated: 1 of 2000; total allocated: 3 of 2000]
12:52:10.416 [Forwarding clickElement on session e96a05459a4fc14f92751217d7c87b39 to remote] DEBUG org.apache.http.impl.conn.PoolingHttpClientConnectionManager - Connection leased: [id: 20][route: {}->http://localhost:34178][total kept alive: 2; route allocated: 1 of 2000; total allocated: 3 of 2000]
12:52:10.416 [Forwarding clickElement on session e96a05459a4fc14f92751217d7c87b39 to remote] DEBUG org.apache.http.impl.execchain.MainClientExec - Stale connection check
12:52:10.417 [Forwarding clickElement on session e96a05459a4fc14f92751217d7c87b39 to remote] DEBUG org.apache.http.wire - http-outgoing-20 << "[read] I/O error: Read timed out"
12:52:10.417 [Forwarding clickElement on session e96a05459a4fc14f92751217d7c87b39 to remote] DEBUG org.apache.http.impl.conn.DefaultManagedHttpClientConnection - http-outgoing-20: set socket timeout to 10800000
12:52:10.417 [Forwarding clickElement on session e96a05459a4fc14f92751217d7c87b39 to remote] DEBUG org.apache.http.impl.execchain.MainClientExec - Executing request POST /session/e96a05459a4fc14f92751217d7c87b39/element/9ba7fefa-3e3e-481f-a522-a5b172668855/click HTTP/1.1
12:52:10.417 [Forwarding clickElement on session e96a05459a4fc14f92751217d7c87b39 to remote] DEBUG org.apache.http.impl.execchain.MainClientExec - Target auth state: UNCHALLENGED
12:52:10.417 [Forwarding clickElement on session e96a05459a4fc14f92751217d7c87b39 to remote] DEBUG org.apache.http.impl.execchain.MainClientExec - Proxy auth state: UNCHALLENGED
12:52:10.417 [Forwarding clickElement on session e96a05459a4fc14f92751217d7c87b39 to remote] DEBUG org.apache.http.headers - http-outgoing-20 >> POST /session/e96a05459a4fc14f92751217d7c87b39/element/9ba7fefa-3e3e-481f-a522-a5b172668855/click HTTP/1.1
12:52:10.417 [Forwarding clickElement on session e96a05459a4fc14f92751217d7c87b39 to remote] DEBUG org.apache.http.headers - http-outgoing-20 >> Content-Type: application/json; charset=utf-8
12:52:10.417 [Forwarding clickElement on session e96a05459a4fc14f92751217d7c87b39 to remote] DEBUG org.apache.http.headers - http-outgoing-20 >> Content-Length: 45
12:52:10.417 [Forwarding clickElement on session e96a05459a4fc14f92751217d7c87b39 to remote] DEBUG org.apache.http.headers - http-outgoing-20 >> Host: localhost:34178
12:52:10.417 [Forwarding clickElement on session e96a05459a4fc14f92751217d7c87b39 to remote] DEBUG org.apache.http.headers - http-outgoing-20 >> Connection: Keep-Alive
12:52:10.417 [Forwarding clickElement on session e96a05459a4fc14f92751217d7c87b39 to remote] DEBUG org.apache.http.headers - http-outgoing-20 >> User-Agent: Apache-HttpClient/4.5.3 (Java/1.8.0_211)
12:52:10.417 [Forwarding clickElement on session e96a05459a4fc14f92751217d7c87b39 to remote] DEBUG org.apache.http.headers - http-outgoing-20 >> Accept-Encoding: gzip,deflate
12:52:10.417 [Forwarding clickElement on session e96a05459a4fc14f92751217d7c87b39 to remote] DEBUG org.apache.http.wire - http-outgoing-20 >> "POST /session/e96a05459a4fc14f92751217d7c87b39/element/9ba7fefa-3e3e-481f-a522-a5b172668855/click HTTP/1.1[\r][\n]"
12:52:10.417 [Forwarding clickElement on session e96a05459a4fc14f92751217d7c87b39 to remote] DEBUG org.apache.http.wire - http-outgoing-20 >> "Content-Type: application/json; charset=utf-8[\r][\n]"
12:52:10.417 [Forwarding clickElement on session e96a05459a4fc14f92751217d7c87b39 to remote] DEBUG org.apache.http.wire - http-outgoing-20 >> "Content-Length: 45[\r][\n]"
12:52:10.417 [Forwarding clickElement on session e96a05459a4fc14f92751217d7c87b39 to remote] DEBUG org.apache.http.wire - http-outgoing-20 >> "Host: localhost:34178[\r][\n]"
12:52:10.417 [Forwarding clickElement on session e96a05459a4fc14f92751217d7c87b39 to remote] DEBUG org.apache.http.wire - http-outgoing-20 >> "Connection: Keep-Alive[\r][\n]"
12:52:10.417 [Forwarding clickElement on session e96a05459a4fc14f92751217d7c87b39 to remote] DEBUG org.apache.http.wire - http-outgoing-20 >> "User-Agent: Apache-HttpClient/4.5.3 (Java/1.8.0_211)[\r][\n]"
12:52:10.417 [Forwarding clickElement on session e96a05459a4fc14f92751217d7c87b39 to remote] DEBUG org.apache.http.wire - http-outgoing-20 >> "Accept-Encoding: gzip,deflate[\r][\n]"
12:52:10.417 [Forwarding clickElement on session e96a05459a4fc14f92751217d7c87b39 to remote] DEBUG org.apache.http.wire - http-outgoing-20 >> "[\r][\n]"
12:52:10.417 [Forwarding clickElement on session e96a05459a4fc14f92751217d7c87b39 to remote] DEBUG org.apache.http.wire - http-outgoing-20 >> "{"id":"9ba7fefa-3e3e-481f-a522-a5b172668855"}"
12:52:10.447 [Forwarding clickElement on session e96a05459a4fc14f92751217d7c87b39 to remote] DEBUG org.apache.http.wire - http-outgoing-20 << "HTTP/1.1 200 OK[\r][\n]"
12:52:10.447 [Forwarding clickElement on session e96a05459a4fc14f92751217d7c87b39 to remote] DEBUG org.apache.http.wire - http-outgoing-20 << "Content-Length:14[\r][\n]"
12:52:10.447 [Forwarding clickElement on session e96a05459a4fc14f92751217d7c87b39 to remote] DEBUG org.apache.http.wire - http-outgoing-20 << "Content-Type:application/json; charset=utf-8[\r][\n]"
12:52:10.447 [Forwarding clickElement on session e96a05459a4fc14f92751217d7c87b39 to remote] DEBUG org.apache.http.wire - http-outgoing-20 << "cache-control:no-cache[\r][\n]"
12:52:10.447 [Forwarding clickElement on session e96a05459a4fc14f92751217d7c87b39 to remote] DEBUG org.apache.http.wire - http-outgoing-20 << "[\r][\n]"
12:52:10.447 [Forwarding clickElement on session e96a05459a4fc14f92751217d7c87b39 to remote] DEBUG org.apache.http.wire - http-outgoing-20 << "{"value":null}"
12:52:10.447 [Forwarding clickElement on session e96a05459a4fc14f92751217d7c87b39 to remote] DEBUG org.apache.http.headers - http-outgoing-20 << HTTP/1.1 200 OK
12:52:10.447 [Forwarding clickElement on session e96a05459a4fc14f92751217d7c87b39 to remote] DEBUG org.apache.http.headers - http-outgoing-20 << Content-Length:14
12:52:10.447 [Forwarding clickElement on session e96a05459a4fc14f92751217d7c87b39 to remote] DEBUG org.apache.http.headers - http-outgoing-20 << Content-Type:application/json; charset=utf-8
12:52:10.447 [Forwarding clickElement on session e96a05459a4fc14f92751217d7c87b39 to remote] DEBUG org.apache.http.headers - http-outgoing-20 << cache-control:no-cache
12:52:10.447 [Forwarding clickElement on session e96a05459a4fc14f92751217d7c87b39 to remote] DEBUG org.apache.http.impl.execchain.MainClientExec - Connection can be kept alive indefinitely
12:52:10.447 [Forwarding clickElement on session e96a05459a4fc14f92751217d7c87b39 to remote] DEBUG org.apache.http.impl.conn.PoolingHttpClientConnectionManager - Connection [id: 20][route: {}->http://localhost:34178] can be kept alive indefinitely
12:52:10.447 [Forwarding clickElement on session e96a05459a4fc14f92751217d7c87b39 to remote] DEBUG org.apache.http.impl.conn.PoolingHttpClientConnectionManager - Connection released: [id: 20][route: {}->http://localhost:34178][total kept alive: 3; route allocated: 1 of 2000; total allocated: 3 of 2000]
12:52:10.750 [Forwarding findElement on session e96a05459a4fc14f92751217d7c87b39 to remote] DEBUG org.apache.http.client.protocol.RequestAddCookies - CookieSpec selected: default
12:52:10.750 [Forwarding findElement on session e96a05459a4fc14f92751217d7c87b39 to remote] DEBUG org.apache.http.client.protocol.RequestAuthCache - Auth cache not set in the context
12:52:10.750 [Forwarding findElement on session e96a05459a4fc14f92751217d7c87b39 to remote] DEBUG org.apache.http.impl.conn.PoolingHttpClientConnectionManager - Connection request: [route: {}->http://localhost:34178][total kept alive: 3; route allocated: 1 of 2000; total allocated: 3 of 2000]
12:52:10.750 [Forwarding findElement on session e96a05459a4fc14f92751217d7c87b39 to remote] DEBUG org.apache.http.impl.conn.PoolingHttpClientConnectionManager - Connection leased: [id: 20][route: {}->http://localhost:34178][total kept alive: 2; route allocated: 1 of 2000; total allocated: 3 of 2000]
12:52:10.750 [Forwarding findElement on session e96a05459a4fc14f92751217d7c87b39 to remote] DEBUG org.apache.http.impl.execchain.MainClientExec - Stale connection check
12:52:10.752 [Forwarding findElement on session e96a05459a4fc14f92751217d7c87b39 to remote] DEBUG org.apache.http.wire - http-outgoing-20 << "[read] I/O error: Read timed out"
12:52:10.752 [Forwarding findElement on session e96a05459a4fc14f92751217d7c87b39 to remote] DEBUG org.apache.http.impl.conn.DefaultManagedHttpClientConnection - http-outgoing-20: set socket timeout to 10800000
12:52:10.752 [Forwarding findElement on session e96a05459a4fc14f92751217d7c87b39 to remote] DEBUG org.apache.http.impl.execchain.MainClientExec - Executing request POST /session/e96a05459a4fc14f92751217d7c87b39/element HTTP/1.1
12:52:10.752 [Forwarding findElement on session e96a05459a4fc14f92751217d7c87b39 to remote] DEBUG org.apache.http.impl.execchain.MainClientExec - Target auth state: UNCHALLENGED
12:52:10.752 [Forwarding findElement on session e96a05459a4fc14f92751217d7c87b39 to remote] DEBUG org.apache.http.impl.execchain.MainClientExec - Proxy auth state: UNCHALLENGED
12:52:10.752 [Forwarding findElement on session e96a05459a4fc14f92751217d7c87b39 to remote] DEBUG org.apache.http.headers - http-outgoing-20 >> POST /session/e96a05459a4fc14f92751217d7c87b39/element HTTP/1.1
12:52:10.752 [Forwarding findElement on session e96a05459a4fc14f92751217d7c87b39 to remote] DEBUG org.apache.http.headers - http-outgoing-20 >> Content-Type: application/json; charset=utf-8
12:52:10.752 [Forwarding findElement on session e96a05459a4fc14f92751217d7c87b39 to remote] DEBUG org.apache.http.headers - http-outgoing-20 >> Content-Length: 71
12:52:10.752 [Forwarding findElement on session e96a05459a4fc14f92751217d7c87b39 to remote] DEBUG org.apache.http.headers - http-outgoing-20 >> Host: localhost:34178
12:52:10.752 [Forwarding findElement on session e96a05459a4fc14f92751217d7c87b39 to remote] DEBUG org.apache.http.headers - http-outgoing-20 >> Connection: Keep-Alive
12:52:10.752 [Forwarding findElement on session e96a05459a4fc14f92751217d7c87b39 to remote] DEBUG org.apache.http.headers - http-outgoing-20 >> User-Agent: Apache-HttpClient/4.5.3 (Java/1.8.0_211)
12:52:10.752 [Forwarding findElement on session e96a05459a4fc14f92751217d7c87b39 to remote] DEBUG org.apache.http.headers - http-outgoing-20 >> Accept-Encoding: gzip,deflate
12:52:10.752 [Forwarding findElement on session e96a05459a4fc14f92751217d7c87b39 to remote] DEBUG org.apache.http.wire - http-outgoing-20 >> "POST /session/e96a05459a4fc14f92751217d7c87b39/element HTTP/1.1[\r][\n]"
12:52:10.752 [Forwarding findElement on session e96a05459a4fc14f92751217d7c87b39 to remote] DEBUG org.apache.http.wire - http-outgoing-20 >> "Content-Type: application/json; charset=utf-8[\r][\n]"
12:52:10.752 [Forwarding findElement on session e96a05459a4fc14f92751217d7c87b39 to remote] DEBUG org.apache.http.wire - http-outgoing-20 >> "Content-Length: 71[\r][\n]"
12:52:10.752 [Forwarding findElement on session e96a05459a4fc14f92751217d7c87b39 to remote] DEBUG org.apache.http.wire - http-outgoing-20 >> "Host: localhost:34178[\r][\n]"
12:52:10.752 [Forwarding findElement on session e96a05459a4fc14f92751217d7c87b39 to remote] DEBUG org.apache.http.wire - http-outgoing-20 >> "Connection: Keep-Alive[\r][\n]"
12:52:10.752 [Forwarding findElement on session e96a05459a4fc14f92751217d7c87b39 to remote] DEBUG org.apache.http.wire - http-outgoing-20 >> "User-Agent: Apache-HttpClient/4.5.3 (Java/1.8.0_211)[\r][\n]"
12:52:10.752 [Forwarding findElement on session e96a05459a4fc14f92751217d7c87b39 to remote] DEBUG org.apache.http.wire - http-outgoing-20 >> "Accept-Encoding: gzip,deflate[\r][\n]"
12:52:10.752 [Forwarding findElement on session e96a05459a4fc14f92751217d7c87b39 to remote] DEBUG org.apache.http.wire - http-outgoing-20 >> "[\r][\n]"
12:52:10.752 [Forwarding findElement on session e96a05459a4fc14f92751217d7c87b39 to remote] DEBUG org.apache.http.wire - http-outgoing-20 >> "{"value":".sweet-alert > div.text-muted > span","using":"css selector"}"
12:52:11.126 [Forwarding findElement on session e96a05459a4fc14f92751217d7c87b39 to remote] DEBUG org.apache.http.wire - http-outgoing-20 << "HTTP/1.1 200 OK[\r][\n]"
12:52:11.126 [Forwarding findElement on session e96a05459a4fc14f92751217d7c87b39 to remote] DEBUG org.apache.http.wire - http-outgoing-20 << "Content-Length:88[\r][\n]"
12:52:11.126 [Forwarding findElement on session e96a05459a4fc14f92751217d7c87b39 to remote] DEBUG org.apache.http.wire - http-outgoing-20 << "Content-Type:application/json; charset=utf-8[\r][\n]"
12:52:11.126 [Forwarding findElement on session e96a05459a4fc14f92751217d7c87b39 to remote] DEBUG org.apache.http.wire - http-outgoing-20 << "cache-control:no-cache[\r][\n]"
12:52:11.126 [Forwarding findElement on session e96a05459a4fc14f92751217d7c87b39 to remote] DEBUG org.apache.http.wire - http-outgoing-20 << "[\r][\n]"
12:52:11.126 [Forwarding findElement on session e96a05459a4fc14f92751217d7c87b39 to remote] DEBUG org.apache.http.wire - http-outgoing-20 << "{"value":{"element-6066-11e4-a52e-4f735466cecf":"55f29791-1836-4cd3-860a-6774cb645f6e"}}"
12:52:11.126 [Forwarding findElement on session e96a05459a4fc14f92751217d7c87b39 to remote] DEBUG org.apache.http.headers - http-outgoing-20 << HTTP/1.1 200 OK
12:52:11.126 [Forwarding findElement on session e96a05459a4fc14f92751217d7c87b39 to remote] DEBUG org.apache.http.headers - http-outgoing-20 << Content-Length:88
12:52:11.126 [Forwarding findElement on session e96a05459a4fc14f92751217d7c87b39 to remote] DEBUG org.apache.http.headers - http-outgoing-20 << Content-Type:application/json; charset=utf-8
12:52:11.126 [Forwarding findElement on session e96a05459a4fc14f92751217d7c87b39 to remote] DEBUG org.apache.http.headers - http-outgoing-20 << cache-control:no-cache
12:52:11.126 [Forwarding findElement on session e96a05459a4fc14f92751217d7c87b39 to remote] DEBUG org.apache.http.impl.execchain.MainClientExec - Connection can be kept alive indefinitely
12:52:11.126 [Forwarding findElement on session e96a05459a4fc14f92751217d7c87b39 to remote] DEBUG org.apache.http.impl.conn.PoolingHttpClientConnectionManager - Connection [id: 20][route: {}->http://localhost:34178] can be kept alive indefinitely
12:52:11.126 [Forwarding findElement on session e96a05459a4fc14f92751217d7c87b39 to remote] DEBUG org.apache.http.impl.conn.PoolingHttpClientConnectionManager - Connection released: [id: 20][route: {}->http://localhost:34178][total kept alive: 3; route allocated: 1 of 2000; total allocated: 3 of 2000]
12:52:11.127 [Forwarding getElementText on session e96a05459a4fc14f92751217d7c87b39 to remote] DEBUG org.apache.http.client.protocol.RequestAddCookies - CookieSpec selected: default
12:52:11.127 [Forwarding getElementText on session e96a05459a4fc14f92751217d7c87b39 to remote] DEBUG org.apache.http.client.protocol.RequestAuthCache - Auth cache not set in the context
12:52:11.127 [Forwarding getElementText on session e96a05459a4fc14f92751217d7c87b39 to remote] DEBUG org.apache.http.impl.conn.PoolingHttpClientConnectionManager - Connection request: [route: {}->http://localhost:34178][total kept alive: 3; route allocated: 1 of 2000; total allocated: 3 of 2000]
12:52:11.127 [Forwarding getElementText on session e96a05459a4fc14f92751217d7c87b39 to remote] DEBUG org.apache.http.impl.conn.PoolingHttpClientConnectionManager - Connection leased: [id: 20][route: {}->http://localhost:34178][total kept alive: 2; route allocated: 1 of 2000; total allocated: 3 of 2000]
12:52:11.127 [Forwarding getElementText on session e96a05459a4fc14f92751217d7c87b39 to remote] DEBUG org.apache.http.impl.execchain.MainClientExec - Stale connection check
12:52:11.128 [Forwarding getElementText on session e96a05459a4fc14f92751217d7c87b39 to remote] DEBUG org.apache.http.wire - http-outgoing-20 << "[read] I/O error: Read timed out"
12:52:11.128 [Forwarding getElementText on session e96a05459a4fc14f92751217d7c87b39 to remote] DEBUG org.apache.http.impl.conn.DefaultManagedHttpClientConnection - http-outgoing-20: set socket timeout to 10800000
12:52:11.128 [Forwarding getElementText on session e96a05459a4fc14f92751217d7c87b39 to remote] DEBUG org.apache.http.impl.execchain.MainClientExec - Executing request GET /session/e96a05459a4fc14f92751217d7c87b39/element/55f29791-1836-4cd3-860a-6774cb645f6e/text HTTP/1.1
12:52:11.128 [Forwarding getElementText on session e96a05459a4fc14f92751217d7c87b39 to remote] DEBUG org.apache.http.impl.execchain.MainClientExec - Target auth state: UNCHALLENGED
12:52:11.128 [Forwarding getElementText on session e96a05459a4fc14f92751217d7c87b39 to remote] DEBUG org.apache.http.impl.execchain.MainClientExec - Proxy auth state: UNCHALLENGED
12:52:11.128 [Forwarding getElementText on session e96a05459a4fc14f92751217d7c87b39 to remote] DEBUG org.apache.http.headers - http-outgoing-20 >> GET /session/e96a05459a4fc14f92751217d7c87b39/element/55f29791-1836-4cd3-860a-6774cb645f6e/text HTTP/1.1
12:52:11.128 [Forwarding getElementText on session e96a05459a4fc14f92751217d7c87b39 to remote] DEBUG org.apache.http.headers - http-outgoing-20 >> Cache-Control: no-cache
12:52:11.128 [Forwarding getElementText on session e96a05459a4fc14f92751217d7c87b39 to remote] DEBUG org.apache.http.headers - http-outgoing-20 >> Host: localhost:34178
12:52:11.128 [Forwarding getElementText on session e96a05459a4fc14f92751217d7c87b39 to remote] DEBUG org.apache.http.headers - http-outgoing-20 >> Connection: Keep-Alive
12:52:11.128 [Forwarding getElementText on session e96a05459a4fc14f92751217d7c87b39 to remote] DEBUG org.apache.http.headers - http-outgoing-20 >> User-Agent: Apache-HttpClient/4.5.3 (Java/1.8.0_211)
12:52:11.128 [Forwarding getElementText on session e96a05459a4fc14f92751217d7c87b39 to remote] DEBUG org.apache.http.headers - http-outgoing-20 >> Accept-Encoding: gzip,deflate
12:52:11.128 [Forwarding getElementText on session e96a05459a4fc14f92751217d7c87b39 to remote] DEBUG org.apache.http.wire - http-outgoing-20 >> "GET /session/e96a05459a4fc14f92751217d7c87b39/element/55f29791-1836-4cd3-860a-6774cb645f6e/text HTTP/1.1[\r][\n]"
12:52:11.128 [Forwarding getElementText on session e96a05459a4fc14f92751217d7c87b39 to remote] DEBUG org.apache.http.wire - http-outgoing-20 >> "Cache-Control: no-cache[\r][\n]"
12:52:11.128 [Forwarding getElementText on session e96a05459a4fc14f92751217d7c87b39 to remote] DEBUG org.apache.http.wire - http-outgoing-20 >> "Host: localhost:34178[\r][\n]"
12:52:11.128 [Forwarding getElementText on session e96a05459a4fc14f92751217d7c87b39 to remote] DEBUG org.apache.http.wire - http-outgoing-20 >> "Connection: Keep-Alive[\r][\n]"
12:52:11.128 [Forwarding getElementText on session e96a05459a4fc14f92751217d7c87b39 to remote] DEBUG org.apache.http.wire - http-outgoing-20 >> "User-Agent: Apache-HttpClient/4.5.3 (Java/1.8.0_211)[\r][\n]"
12:52:11.128 [Forwarding getElementText on session e96a05459a4fc14f92751217d7c87b39 to remote] DEBUG org.apache.http.wire - http-outgoing-20 >> "Accept-Encoding: gzip,deflate[\r][\n]"
12:52:11.128 [Forwarding getElementText on session e96a05459a4fc14f92751217d7c87b39 to remote] DEBUG org.apache.http.wire - http-outgoing-20 >> "[\r][\n]"
12:52:11.135 [Forwarding getElementText on session e96a05459a4fc14f92751217d7c87b39 to remote] DEBUG org.apache.http.wire - http-outgoing-20 << "HTTP/1.1 200 OK[\r][\n]"
12:52:11.135 [Forwarding getElementText on session e96a05459a4fc14f92751217d7c87b39 to remote] DEBUG org.apache.http.wire - http-outgoing-20 << "Content-Length:24[\r][\n]"
12:52:11.135 [Forwarding getElementText on session e96a05459a4fc14f92751217d7c87b39 to remote] DEBUG org.apache.http.wire - http-outgoing-20 << "Content-Type:application/json; charset=utf-8[\r][\n]"
12:52:11.135 [Forwarding getElementText on session e96a05459a4fc14f92751217d7c87b39 to remote] DEBUG org.apache.http.wire - http-outgoing-20 << "cache-control:no-cache[\r][\n]"
12:52:11.135 [Forwarding getElementText on session e96a05459a4fc14f92751217d7c87b39 to remote] DEBUG org.apache.http.wire - http-outgoing-20 << "[\r][\n]"
12:52:11.135 [Forwarding getElementText on session e96a05459a4fc14f92751217d7c87b39 to remote] DEBUG org.apache.http.wire - http-outgoing-20 << "{"value":"[0xe6][0x88][0x90][0xe5][0x8a][0x9f][0xe5][0x86][0xbb][0xe7][0xbb][0x93]"}"
12:52:11.135 [Forwarding getElementText on session e96a05459a4fc14f92751217d7c87b39 to remote] DEBUG org.apache.http.headers - http-outgoing-20 << HTTP/1.1 200 OK
12:52:11.135 [Forwarding getElementText on session e96a05459a4fc14f92751217d7c87b39 to remote] DEBUG org.apache.http.headers - http-outgoing-20 << Content-Length:24
12:52:11.135 [Forwarding getElementText on session e96a05459a4fc14f92751217d7c87b39 to remote] DEBUG org.apache.http.headers - http-outgoing-20 << Content-Type:application/json; charset=utf-8
12:52:11.135 [Forwarding getElementText on session e96a05459a4fc14f92751217d7c87b39 to remote] DEBUG org.apache.http.headers - http-outgoing-20 << cache-control:no-cache
12:52:11.135 [Forwarding getElementText on session e96a05459a4fc14f92751217d7c87b39 to remote] DEBUG org.apache.http.impl.execchain.MainClientExec - Connection can be kept alive indefinitely
12:52:11.135 [Forwarding getElementText on session e96a05459a4fc14f92751217d7c87b39 to remote] DEBUG org.apache.http.impl.conn.PoolingHttpClientConnectionManager - Connection [id: 20][route: {}->http://localhost:34178] can be kept alive indefinitely
12:52:11.135 [Forwarding getElementText on session e96a05459a4fc14f92751217d7c87b39 to remote] DEBUG org.apache.http.impl.conn.PoolingHttpClientConnectionManager - Connection released: [id: 20][route: {}->http://localhost:34178][total kept alive: 3; route allocated: 1 of 2000; total allocated: 3 of 2000]
12:52:11.136 [Forwarding close on session e96a05459a4fc14f92751217d7c87b39 to remote] DEBUG org.apache.http.client.protocol.RequestAddCookies - CookieSpec selected: default
12:52:11.136 [Forwarding close on session e96a05459a4fc14f92751217d7c87b39 to remote] DEBUG org.apache.http.client.protocol.RequestAuthCache - Auth cache not set in the context
12:52:11.136 [Forwarding close on session e96a05459a4fc14f92751217d7c87b39 to remote] DEBUG org.apache.http.impl.conn.PoolingHttpClientConnectionManager - Connection request: [route: {}->http://localhost:34178][total kept alive: 3; route allocated: 1 of 2000; total allocated: 3 of 2000]
12:52:11.136 [Forwarding close on session e96a05459a4fc14f92751217d7c87b39 to remote] DEBUG org.apache.http.impl.conn.PoolingHttpClientConnectionManager - Connection leased: [id: 20][route: {}->http://localhost:34178][total kept alive: 2; route allocated: 1 of 2000; total allocated: 3 of 2000]
12:52:11.136 [Forwarding close on session e96a05459a4fc14f92751217d7c87b39 to remote] DEBUG org.apache.http.impl.execchain.MainClientExec - Stale connection check
12:52:11.137 [Forwarding close on session e96a05459a4fc14f92751217d7c87b39 to remote] DEBUG org.apache.http.wire - http-outgoing-20 << "[read] I/O error: Read timed out"
12:52:11.137 [Forwarding close on session e96a05459a4fc14f92751217d7c87b39 to remote] DEBUG org.apache.http.impl.conn.DefaultManagedHttpClientConnection - http-outgoing-20: set socket timeout to 10800000
12:52:11.137 [Forwarding close on session e96a05459a4fc14f92751217d7c87b39 to remote] DEBUG org.apache.http.impl.execchain.MainClientExec - Executing request DELETE /session/e96a05459a4fc14f92751217d7c87b39/window HTTP/1.1
12:52:11.137 [Forwarding close on session e96a05459a4fc14f92751217d7c87b39 to remote] DEBUG org.apache.http.impl.execchain.MainClientExec - Target auth state: UNCHALLENGED
12:52:11.137 [Forwarding close on session e96a05459a4fc14f92751217d7c87b39 to remote] DEBUG org.apache.http.impl.execchain.MainClientExec - Proxy auth state: UNCHALLENGED
12:52:11.137 [Forwarding close on session e96a05459a4fc14f92751217d7c87b39 to remote] DEBUG org.apache.http.headers - http-outgoing-20 >> DELETE /session/e96a05459a4fc14f92751217d7c87b39/window HTTP/1.1
12:52:11.137 [Forwarding close on session e96a05459a4fc14f92751217d7c87b39 to remote] DEBUG org.apache.http.headers - http-outgoing-20 >> Host: localhost:34178
12:52:11.137 [Forwarding close on session e96a05459a4fc14f92751217d7c87b39 to remote] DEBUG org.apache.http.headers - http-outgoing-20 >> Connection: Keep-Alive
12:52:11.137 [Forwarding close on session e96a05459a4fc14f92751217d7c87b39 to remote] DEBUG org.apache.http.headers - http-outgoing-20 >> User-Agent: Apache-HttpClient/4.5.3 (Java/1.8.0_211)
12:52:11.137 [Forwarding close on session e96a05459a4fc14f92751217d7c87b39 to remote] DEBUG org.apache.http.headers - http-outgoing-20 >> Accept-Encoding: gzip,deflate
12:52:11.137 [Forwarding close on session e96a05459a4fc14f92751217d7c87b39 to remote] DEBUG org.apache.http.wire - http-outgoing-20 >> "DELETE /session/e96a05459a4fc14f92751217d7c87b39/window HTTP/1.1[\r][\n]"
12:52:11.137 [Forwarding close on session e96a05459a4fc14f92751217d7c87b39 to remote] DEBUG org.apache.http.wire - http-outgoing-20 >> "Host: localhost:34178[\r][\n]"
12:52:11.137 [Forwarding close on session e96a05459a4fc14f92751217d7c87b39 to remote] DEBUG org.apache.http.wire - http-outgoing-20 >> "Connection: Keep-Alive[\r][\n]"
12:52:11.137 [Forwarding close on session e96a05459a4fc14f92751217d7c87b39 to remote] DEBUG org.apache.http.wire - http-outgoing-20 >> "User-Agent: Apache-HttpClient/4.5.3 (Java/1.8.0_211)[\r][\n]"
12:52:11.137 [Forwarding close on session e96a05459a4fc14f92751217d7c87b39 to remote] DEBUG org.apache.http.wire - http-outgoing-20 >> "Accept-Encoding: gzip,deflate[\r][\n]"
12:52:11.137 [Forwarding close on session e96a05459a4fc14f92751217d7c87b39 to remote] DEBUG org.apache.http.wire - http-outgoing-20 >> "[\r][\n]"
12:52:11.242 [Forwarding close on session e96a05459a4fc14f92751217d7c87b39 to remote] DEBUG org.apache.http.wire - http-outgoing-20 << "HTTP/1.1 200 OK[\r][\n]"
12:52:11.242 [Forwarding close on session e96a05459a4fc14f92751217d7c87b39 to remote] DEBUG org.apache.http.wire - http-outgoing-20 << "Content-Length:12[\r][\n]"
12:52:11.242 [Forwarding close on session e96a05459a4fc14f92751217d7c87b39 to remote] DEBUG org.apache.http.wire - http-outgoing-20 << "Content-Type:application/json; charset=utf-8[\r][\n]"
12:52:11.242 [Forwarding close on session e96a05459a4fc14f92751217d7c87b39 to remote] DEBUG org.apache.http.wire - http-outgoing-20 << "cache-control:no-cache[\r][\n]"
12:52:11.242 [Forwarding close on session e96a05459a4fc14f92751217d7c87b39 to remote] DEBUG org.apache.http.wire - http-outgoing-20 << "[\r][\n]"
12:52:11.242 [Forwarding close on session e96a05459a4fc14f92751217d7c87b39 to remote] DEBUG org.apache.http.wire - http-outgoing-20 << "{"value":[]}"
12:52:11.242 [Forwarding close on session e96a05459a4fc14f92751217d7c87b39 to remote] DEBUG org.apache.http.headers - http-outgoing-20 << HTTP/1.1 200 OK
12:52:11.242 [Forwarding close on session e96a05459a4fc14f92751217d7c87b39 to remote] DEBUG org.apache.http.headers - http-outgoing-20 << Content-Length:12
12:52:11.242 [Forwarding close on session e96a05459a4fc14f92751217d7c87b39 to remote] DEBUG org.apache.http.headers - http-outgoing-20 << Content-Type:application/json; charset=utf-8
12:52:11.242 [Forwarding close on session e96a05459a4fc14f92751217d7c87b39 to remote] DEBUG org.apache.http.headers - http-outgoing-20 << cache-control:no-cache
12:52:11.242 [Forwarding close on session e96a05459a4fc14f92751217d7c87b39 to remote] DEBUG org.apache.http.impl.execchain.MainClientExec - Connection can be kept alive indefinitely
12:52:11.242 [Forwarding close on session e96a05459a4fc14f92751217d7c87b39 to remote] DEBUG org.apache.http.impl.conn.PoolingHttpClientConnectionManager - Connection [id: 20][route: {}->http://localhost:34178] can be kept alive indefinitely
12:52:11.242 [Forwarding close on session e96a05459a4fc14f92751217d7c87b39 to remote] DEBUG org.apache.http.impl.conn.PoolingHttpClientConnectionManager - Connection released: [id: 20][route: {}->http://localhost:34178][total kept alive: 3; route allocated: 1 of 2000; total allocated: 3 of 2000]
LOGIN
12:52:11.243 [Forwarding setCurrentWindowSize on session e96a05459a4fc14f92751217d7c87b39 to remote] DEBUG org.apache.http.client.protocol.RequestAddCookies - CookieSpec selected: default
12:52:11.243 [Forwarding setCurrentWindowSize on session e96a05459a4fc14f92751217d7c87b39 to remote] DEBUG org.apache.http.client.protocol.RequestAuthCache - Auth cache not set in the context
12:52:11.243 [Forwarding setCurrentWindowSize on session e96a05459a4fc14f92751217d7c87b39 to remote] DEBUG org.apache.http.impl.conn.PoolingHttpClientConnectionManager - Connection request: [route: {}->http://localhost:34178][total kept alive: 3; route allocated: 1 of 2000; total allocated: 3 of 2000]
12:52:11.243 [Forwarding setCurrentWindowSize on session e96a05459a4fc14f92751217d7c87b39 to remote] DEBUG org.apache.http.impl.conn.PoolingHttpClientConnectionManager - Connection leased: [id: 20][route: {}->http://localhost:34178][total kept alive: 2; route allocated: 1 of 2000; total allocated: 3 of 2000]
12:52:11.243 [Forwarding setCurrentWindowSize on session e96a05459a4fc14f92751217d7c87b39 to remote] DEBUG org.apache.http.impl.execchain.MainClientExec - Stale connection check
12:52:11.245 [Forwarding setCurrentWindowSize on session e96a05459a4fc14f92751217d7c87b39 to remote] DEBUG org.apache.http.wire - http-outgoing-20 << "[read] I/O error: Read timed out"
12:52:11.245 [Forwarding setCurrentWindowSize on session e96a05459a4fc14f92751217d7c87b39 to remote] DEBUG org.apache.http.impl.conn.DefaultManagedHttpClientConnection - http-outgoing-20: set socket timeout to 10800000
12:52:11.245 [Forwarding setCurrentWindowSize on session e96a05459a4fc14f92751217d7c87b39 to remote] DEBUG org.apache.http.impl.execchain.MainClientExec - Executing request POST /session/e96a05459a4fc14f92751217d7c87b39/window/rect HTTP/1.1
12:52:11.245 [Forwarding setCurrentWindowSize on session e96a05459a4fc14f92751217d7c87b39 to remote] DEBUG org.apache.http.impl.execchain.MainClientExec - Target auth state: UNCHALLENGED
12:52:11.245 [Forwarding setCurrentWindowSize on session e96a05459a4fc14f92751217d7c87b39 to remote] DEBUG org.apache.http.impl.execchain.MainClientExec - Proxy auth state: UNCHALLENGED
12:52:11.245 [Forwarding setCurrentWindowSize on session e96a05459a4fc14f92751217d7c87b39 to remote] DEBUG org.apache.http.headers - http-outgoing-20 >> POST /session/e96a05459a4fc14f92751217d7c87b39/window/rect HTTP/1.1
12:52:11.245 [Forwarding setCurrentWindowSize on session e96a05459a4fc14f92751217d7c87b39 to remote] DEBUG org.apache.http.headers - http-outgoing-20 >> Content-Type: application/json; charset=utf-8
12:52:11.245 [Forwarding setCurrentWindowSize on session e96a05459a4fc14f92751217d7c87b39 to remote] DEBUG org.apache.http.headers - http-outgoing-20 >> Content-Length: 28
12:52:11.245 [Forwarding setCurrentWindowSize on session e96a05459a4fc14f92751217d7c87b39 to remote] DEBUG org.apache.http.headers - http-outgoing-20 >> Host: localhost:34178
12:52:11.245 [Forwarding setCurrentWindowSize on session e96a05459a4fc14f92751217d7c87b39 to remote] DEBUG org.apache.http.headers - http-outgoing-20 >> Connection: Keep-Alive
12:52:11.245 [Forwarding setCurrentWindowSize on session e96a05459a4fc14f92751217d7c87b39 to remote] DEBUG org.apache.http.headers - http-outgoing-20 >> User-Agent: Apache-HttpClient/4.5.3 (Java/1.8.0_211)
12:52:11.245 [Forwarding setCurrentWindowSize on session e96a05459a4fc14f92751217d7c87b39 to remote] DEBUG org.apache.http.headers - http-outgoing-20 >> Accept-Encoding: gzip,deflate
12:52:11.245 [Forwarding setCurrentWindowSize on session e96a05459a4fc14f92751217d7c87b39 to remote] DEBUG org.apache.http.wire - http-outgoing-20 >> "POST /session/e96a05459a4fc14f92751217d7c87b39/window/rect HTTP/1.1[\r][\n]"
12:52:11.245 [Forwarding setCurrentWindowSize on session e96a05459a4fc14f92751217d7c87b39 to remote] DEBUG org.apache.http.wire - http-outgoing-20 >> "Content-Type: application/json; charset=utf-8[\r][\n]"
12:52:11.245 [Forwarding setCurrentWindowSize on session e96a05459a4fc14f92751217d7c87b39 to remote] DEBUG org.apache.http.wire - http-outgoing-20 >> "Content-Length: 28[\r][\n]"
12:52:11.245 [Forwarding setCurrentWindowSize on session e96a05459a4fc14f92751217d7c87b39 to remote] DEBUG org.apache.http.wire - http-outgoing-20 >> "Host: localhost:34178[\r][\n]"
12:52:11.245 [Forwarding setCurrentWindowSize on session e96a05459a4fc14f92751217d7c87b39 to remote] DEBUG org.apache.http.wire - http-outgoing-20 >> "Connection: Keep-Alive[\r][\n]"
12:52:11.245 [Forwarding setCurrentWindowSize on session e96a05459a4fc14f92751217d7c87b39 to remote] DEBUG org.apache.http.wire - http-outgoing-20 >> "User-Agent: Apache-HttpClient/4.5.3 (Java/1.8.0_211)[\r][\n]"
12:52:11.245 [Forwarding setCurrentWindowSize on session e96a05459a4fc14f92751217d7c87b39 to remote] DEBUG org.apache.http.wire - http-outgoing-20 >> "Accept-Encoding: gzip,deflate[\r][\n]"
12:52:11.245 [Forwarding setCurrentWindowSize on session e96a05459a4fc14f92751217d7c87b39 to remote] DEBUG org.apache.http.wire - http-outgoing-20 >> "[\r][\n]"
12:52:11.245 [Forwarding setCurrentWindowSize on session e96a05459a4fc14f92751217d7c87b39 to remote] DEBUG org.apache.http.wire - http-outgoing-20 >> "{"width":2560,"height":1440}"
12:52:11.259 [Forwarding setCurrentWindowSize on session e96a05459a4fc14f92751217d7c87b39 to remote] DEBUG org.apache.http.wire - http-outgoing-20 << "HTTP/1.1 404 Not Found[\r][\n]"
12:52:11.259 [Forwarding setCurrentWindowSize on session e96a05459a4fc14f92751217d7c87b39 to remote] DEBUG org.apache.http.wire - http-outgoing-20 << "Content-Length:1322[\r][\n]"
12:52:11.259 [Forwarding setCurrentWindowSize on session e96a05459a4fc14f92751217d7c87b39 to remote] DEBUG org.apache.http.wire - http-outgoing-20 << "Content-Type:application/json; charset=utf-8[\r][\n]"
12:52:11.259 [Forwarding setCurrentWindowSize on session e96a05459a4fc14f92751217d7c87b39 to remote] DEBUG org.apache.http.wire - http-outgoing-20 << "cache-control:no-cache[\r][\n]"
12:52:11.259 [Forwarding setCurrentWindowSize on session e96a05459a4fc14f92751217d7c87b39 to remote] DEBUG org.apache.http.wire - http-outgoing-20 << "[\r][\n]"
12:52:11.259 [Forwarding setCurrentWindowSize on session e96a05459a4fc14f92751217d7c87b39 to remote] DEBUG org.apache.http.wire - http-outgoing-20 << "{"value":{"error":"invalid session id","message":"invalid session id","stacktrace":"0   chromedriver                        0x000000010639c329 chromedriver + 3838761\n1   chromedriver                        0x0000000106336123 chromedriver + 3420451\n2   chromedriver                        0x00000001060aa482 chromedriver + 750722\n3   chromedriver                        0x000000010600dd35 chromedriver + 109877\n4   chromedriver                        0x000000010600f055 chromedriver + 114773\n5   chromedriver                        0x000000010635debf chromedriver + 3583679\n6   chromedriver                        0x000000010636ae4a chromedriver + 3636810\n7   chromedriver                        0x000000010636abe7 chromedriver + 3636199\n8   chromedriver                        0x0000000106341839 chromedriver + 3467321\n9   chromedriver                        0x000000010636b707 chromedriver + 3639047\n10  chromedriver                        0x0000000106353cc7 chromedriver + 3542215\n11  chromedriver                        0x0000000106381324 chromedriver + 3728164\n12  chromedriver                        0x00000001063a2387 chromedriver + 3863431\n13  libsystem_pthread.dylib             0x00007fff6e23ee65 _pthread_start + 148\n14  libsystem_pthread.dylib             0x00007fff6e23a83b thread_start + 15\n"}}"
12:52:11.260 [Forwarding setCurrentWindowSize on session e96a05459a4fc14f92751217d7c87b39 to remote] DEBUG org.apache.http.headers - http-outgoing-20 << HTTP/1.1 404 Not Found
12:52:11.260 [Forwarding setCurrentWindowSize on session e96a05459a4fc14f92751217d7c87b39 to remote] DEBUG org.apache.http.headers - http-outgoing-20 << Content-Length:1322
12:52:11.260 [Forwarding setCurrentWindowSize on session e96a05459a4fc14f92751217d7c87b39 to remote] DEBUG org.apache.http.headers - http-outgoing-20 << Content-Type:application/json; charset=utf-8
12:52:11.260 [Forwarding setCurrentWindowSize on session e96a05459a4fc14f92751217d7c87b39 to remote] DEBUG org.apache.http.headers - http-outgoing-20 << cache-control:no-cache
12:52:11.260 [Forwarding setCurrentWindowSize on session e96a05459a4fc14f92751217d7c87b39 to remote] DEBUG org.apache.http.impl.execchain.MainClientExec - Connection can be kept alive indefinitely
12:52:11.260 [Forwarding setCurrentWindowSize on session e96a05459a4fc14f92751217d7c87b39 to remote] DEBUG org.apache.http.impl.conn.PoolingHttpClientConnectionManager - Connection [id: 20][route: {}->http://localhost:34178] can be kept alive indefinitely
12:52:11.260 [Forwarding setCurrentWindowSize on session e96a05459a4fc14f92751217d7c87b39 to remote] DEBUG org.apache.http.impl.conn.PoolingHttpClientConnectionManager - Connection released: [id: 20][route: {}->http://localhost:34178][total kept alive: 3; route allocated: 1 of 2000; total allocated: 3 of 2000]
]]></system-out>
  <system-err><![CDATA[Starting ChromeDriver 80.0.3987.106 (f68069574609230cf9b635cd784cfb1bf81bb53a-refs/branch-heads/3987@{#882}) on port 34178
Only local connections are allowed.
Please protect ports used by ChromeDriver and related test frameworks to prevent access by malicious code.
[1584679921.322][WARNING]: FromSockAddr failed on netmask
三月 20, 2020 12:52:01 下午 org.openqa.selenium.remote.ProtocolHandshake createSession
信息: Detected dialect: W3C
[1584679923.065][SEVERE]: Timed out receiving message from renderer: 0.100
[1584679923.166][SEVERE]: Timed out receiving message from renderer: 0.100
[1584679923.309][SEVERE]: Timed out receiving message from renderer: 0.100
[1584679923.409][SEVERE]: Timed out receiving message from renderer: 0.100
[1584679923.511][SEVERE]: Timed out receiving message from renderer: 0.100
[1584679923.612][SEVERE]: Timed out receiving message from renderer: 0.100
[1584679923.713][SEVERE]: Timed out receiving message from renderer: 0.100
[1584679923.815][SEVERE]: Timed out receiving message from renderer: 0.100
[1584679923.921][SEVERE]: Timed out receiving message from renderer: 0.100
[1584679924.271][SEVERE]: Timed out receiving message from renderer: 0.100
[1584679924.372][SEVERE]: Timed out receiving message from renderer: 0.100
[1584679924.586][SEVERE]: Timed out receiving message from renderer: 0.100
[1584679924.726][SEVERE]: Timed out receiving message from renderer: 0.100
[1584679924.828][SEVERE]: Timed out receiving message from renderer: 0.100
[1584679924.930][SEVERE]: Timed out receiving message from renderer: 0.100
[1584679925.031][SEVERE]: Timed out receiving message from renderer: 0.100
[1584679925.133][SEVERE]: Timed out receiving message from renderer: 0.100
[1584679925.236][SEVERE]: Timed out receiving message from renderer: 0.100
]]></system-err>
</testsuite>
