<?xml version="1.0" encoding="UTF-8"?>
<testsuite name="tron.tronscan.tronscanUI.SendTrxTest" tests="1" skipped="0" failures="1" errors="0" timestamp="2020-03-20T04:55:04" hostname="zhukaideiMac.local" time="10.541">
  <properties/>
  <testcase name="test" classname="tron.tronscan.tronscanUI.SendTrxTest" time="10.541">
    <failure message="org.openqa.selenium.ElementNotInteractableException: element not interactable&#10;  (Session info: chrome=80.0.3987.149)&#10;Build info: version: '3.6.0', revision: '6fbf3ec767', time: '2017-09-27T15:28:36.4Z'&#10;System info: host: 'zhukaideiMac.local', ip: '127.0.0.1', os.name: 'Mac OS X', os.arch: 'x86_64', os.version: '10.15.3', java.version: '1.8.0_211'&#10;Driver info: org.openqa.selenium.chrome.ChromeDriver&#10;Capabilities [{networkConnectionEnabled=false, chrome={chromedriverVersion=80.0.3987.106 (f68069574609230cf9b635cd784cfb1bf81bb53a-refs/branch-heads/3987@{#882}), userDataDir=/var/folders/fs/0qxrqb5x7zg5dtqrhc9t0clm0000gn/T/.com.google.Chrome.PRgM7t}, timeouts={implicit=0, pageLoad=300000, script=30000}, pageLoadStrategy=normal, unhandledPromptBehavior=dismiss and notify, strictFileInteractability=false, platform=MAC, proxy=Proxy(), goog:chromeOptions={debuggerAddress=localhost:62051}, acceptInsecureCerts=false, browserVersion=80.0.3987.149, browserName=chrome, javascriptEnabled=true, platformName=MAC, setWindowRect=true}]&#10;Session ID: 4862b55cecd0eb0e7d7d426c643805bd" type="org.openqa.selenium.ElementNotInteractableException">org.openqa.selenium.ElementNotInteractableException: element not interactable
  (Session info: chrome=80.0.3987.149)
Build info: version: '3.6.0', revision: '6fbf3ec767', time: '2017-09-27T15:28:36.4Z'
System info: host: 'zhukaideiMac.local', ip: '127.0.0.1', os.name: 'Mac OS X', os.arch: 'x86_64', os.version: '10.15.3', java.version: '1.8.0_211'
Driver info: org.openqa.selenium.chrome.ChromeDriver
Capabilities [{networkConnectionEnabled=false, chrome={chromedriverVersion=80.0.3987.106 (f68069574609230cf9b635cd784cfb1bf81bb53a-refs/branch-heads/3987@{#882}), userDataDir=/var/folders/fs/0qxrqb5x7zg5dtqrhc9t0clm0000gn/T/.com.google.Chrome.PRgM7t}, timeouts={implicit=0, pageLoad=300000, script=30000}, pageLoadStrategy=normal, unhandledPromptBehavior=dismiss and notify, strictFileInteractability=false, platform=MAC, proxy=Proxy(), goog:chromeOptions={debuggerAddress=localhost:62051}, acceptInsecureCerts=false, browserVersion=80.0.3987.149, browserName=chrome, javascriptEnabled=true, platformName=MAC, setWindowRect=true}]
Session ID: 4862b55cecd0eb0e7d7d426c643805bd
	at sun.reflect.NativeConstructorAccessorImpl.newInstance0(Native Method)
	at sun.reflect.NativeConstructorAccessorImpl.newInstance(NativeConstructorAccessorImpl.java:62)
	at sun.reflect.DelegatingConstructorAccessorImpl.newInstance(DelegatingConstructorAccessorImpl.java:45)
	at java.lang.reflect.Constructor.newInstance(Constructor.java:423)
	at org.openqa.selenium.remote.http.W3CHttpResponseCodec.createException(W3CHttpResponseCodec.java:185)
	at org.openqa.selenium.remote.http.W3CHttpResponseCodec.decode(W3CHttpResponseCodec.java:120)
	at org.openqa.selenium.remote.http.W3CHttpResponseCodec.decode(W3CHttpResponseCodec.java:49)
	at org.openqa.selenium.remote.HttpCommandExecutor.execute(HttpCommandExecutor.java:164)
	at org.openqa.selenium.remote.service.DriverCommandExecutor.execute(DriverCommandExecutor.java:83)
	at org.openqa.selenium.remote.RemoteWebDriver.execute(RemoteWebDriver.java:586)
	at org.openqa.selenium.remote.RemoteWebElement.execute(RemoteWebElement.java:279)
	at org.openqa.selenium.remote.RemoteWebElement.click(RemoteWebElement.java:83)
	at tron.common.utils.Step.login(Step.java:27)
	at tron.tronscan.tronscanUI.SendTrxTest.test(SendTrxTest.java:32)
	at sun.reflect.NativeMethodAccessorImpl.invoke0(Native Method)
	at sun.reflect.NativeMethodAccessorImpl.invoke(NativeMethodAccessorImpl.java:62)
	at sun.reflect.DelegatingMethodAccessorImpl.invoke(DelegatingMethodAccessorImpl.java:43)
	at java.lang.reflect.Method.invoke(Method.java:498)
	at org.testng.internal.MethodInvocationHelper.invokeMethod(MethodInvocationHelper.java:124)
	at org.testng.internal.Invoker.invokeMethod(Invoker.java:583)
	at org.testng.internal.Invoker.invokeTestMethod(Invoker.java:719)
	at org.testng.internal.Invoker.invokeTestMethods(Invoker.java:989)
	at org.testng.internal.TestMethodWorker.invokeTestMethods(TestMethodWorker.java:125)
	at org.testng.internal.TestMethodWorker.run(TestMethodWorker.java:109)
	at org.testng.TestRunner.privateRun(TestRunner.java:648)
	at org.testng.TestRunner.run(TestRunner.java:505)
	at org.testng.SuiteRunner.runTest(SuiteRunner.java:455)
	at org.testng.SuiteRunner.runSequentially(SuiteRunner.java:450)
	at org.testng.SuiteRunner.privateRun(SuiteRunner.java:415)
	at org.testng.SuiteRunner.run(SuiteRunner.java:364)
	at org.testng.SuiteRunnerWorker.runSuite(SuiteRunnerWorker.java:52)
	at org.testng.SuiteRunnerWorker.run(SuiteRunnerWorker.java:84)
	at org.testng.TestNG.runSuitesSequentially(TestNG.java:1208)
	at org.testng.TestNG.runSuitesLocally(TestNG.java:1137)
	at org.testng.TestNG.runSuites(TestNG.java:1049)
	at org.testng.TestNG.run(TestNG.java:1017)
	at org.gradle.api.internal.tasks.testing.testng.TestNGTestClassProcessor.runTests(TestNGTestClassProcessor.java:139)
	at org.gradle.api.internal.tasks.testing.testng.TestNGTestClassProcessor.stop(TestNGTestClassProcessor.java:89)
	at org.gradle.api.internal.tasks.testing.SuiteTestClassProcessor.stop(SuiteTestClassProcessor.java:61)
	at sun.reflect.NativeMethodAccessorImpl.invoke0(Native Method)
	at sun.reflect.NativeMethodAccessorImpl.invoke(NativeMethodAccessorImpl.java:62)
	at sun.reflect.DelegatingMethodAccessorImpl.invoke(DelegatingMethodAccessorImpl.java:43)
	at java.lang.reflect.Method.invoke(Method.java:498)
	at org.gradle.internal.dispatch.ReflectionDispatch.dispatch(ReflectionDispatch.java:35)
	at org.gradle.internal.dispatch.ReflectionDispatch.dispatch(ReflectionDispatch.java:24)
	at org.gradle.internal.dispatch.ContextClassLoaderDispatch.dispatch(ContextClassLoaderDispatch.java:32)
	at org.gradle.internal.dispatch.ProxyDispatchAdapter$DispatchingInvocationHandler.invoke(ProxyDispatchAdapter.java:93)
	at com.sun.proxy.$Proxy2.stop(Unknown Source)
	at org.gradle.api.internal.tasks.testing.worker.TestWorker.stop(TestWorker.java:131)
	at sun.reflect.NativeMethodAccessorImpl.invoke0(Native Method)
	at sun.reflect.NativeMethodAccessorImpl.invoke(NativeMethodAccessorImpl.java:62)
	at sun.reflect.DelegatingMethodAccessorImpl.invoke(DelegatingMethodAccessorImpl.java:43)
	at java.lang.reflect.Method.invoke(Method.java:498)
	at org.gradle.internal.dispatch.ReflectionDispatch.dispatch(ReflectionDispatch.java:35)
	at org.gradle.internal.dispatch.ReflectionDispatch.dispatch(ReflectionDispatch.java:24)
	at org.gradle.internal.remote.internal.hub.MessageHubBackedObjectConnection$DispatchWrapper.dispatch(MessageHubBackedObjectConnection.java:155)
	at org.gradle.internal.remote.internal.hub.MessageHubBackedObjectConnection$DispatchWrapper.dispatch(MessageHubBackedObjectConnection.java:137)
	at org.gradle.internal.remote.internal.hub.MessageHub$Handler.run(MessageHub.java:404)
	at org.gradle.internal.concurrent.ExecutorPolicy$CatchAndRecordFailures.onExecute(ExecutorPolicy.java:63)
	at org.gradle.internal.concurrent.ManagedExecutorImpl$1.run(ManagedExecutorImpl.java:46)
	at java.util.concurrent.ThreadPoolExecutor.runWorker(ThreadPoolExecutor.java:1149)
	at java.util.concurrent.ThreadPoolExecutor$Worker.run(ThreadPoolExecutor.java:624)
	at org.gradle.internal.concurrent.ThreadFactoryImpl$ManagedThreadRunnable.run(ThreadFactoryImpl.java:55)
	at java.lang.Thread.run(Thread.java:748)
</failure>
  </testcase>
  <system-out><![CDATA[12:55:00.656 [Forwarding newSession on session null to remote] DEBUG org.apache.http.client.protocol.RequestAddCookies - CookieSpec selected: default
12:55:00.656 [Forwarding newSession on session null to remote] DEBUG org.apache.http.client.protocol.RequestAuthCache - Auth cache not set in the context
12:55:00.656 [Forwarding newSession on session null to remote] DEBUG org.apache.http.impl.conn.PoolingHttpClientConnectionManager - Connection request: [route: {}->http://localhost:35043][total kept alive: 12; route allocated: 0 of 2000; total allocated: 12 of 2000]
12:55:00.656 [Forwarding newSession on session null to remote] DEBUG org.apache.http.impl.conn.PoolingHttpClientConnectionManager - Connection leased: [id: 30][route: {}->http://localhost:35043][total kept alive: 12; route allocated: 1 of 2000; total allocated: 13 of 2000]
12:55:00.656 [Forwarding newSession on session null to remote] DEBUG org.apache.http.impl.execchain.MainClientExec - Opening connection {}->http://localhost:35043
12:55:00.656 [Forwarding newSession on session null to remote] DEBUG org.apache.http.impl.conn.DefaultHttpClientConnectionOperator - Connecting to localhost/127.0.0.1:35043
12:55:00.656 [Forwarding newSession on session null to remote] DEBUG org.apache.http.impl.conn.DefaultHttpClientConnectionOperator - Connection established 127.0.0.1:62046<->127.0.0.1:35043
12:55:00.656 [Forwarding newSession on session null to remote] DEBUG org.apache.http.impl.conn.DefaultManagedHttpClientConnection - http-outgoing-30: set socket timeout to 10800000
12:55:00.656 [Forwarding newSession on session null to remote] DEBUG org.apache.http.impl.execchain.MainClientExec - Executing request POST /session HTTP/1.1
12:55:00.656 [Forwarding newSession on session null to remote] DEBUG org.apache.http.impl.execchain.MainClientExec - Target auth state: UNCHALLENGED
12:55:00.656 [Forwarding newSession on session null to remote] DEBUG org.apache.http.impl.execchain.MainClientExec - Proxy auth state: UNCHALLENGED
12:55:00.656 [Forwarding newSession on session null to remote] DEBUG org.apache.http.headers - http-outgoing-30 >> POST /session HTTP/1.1
12:55:00.656 [Forwarding newSession on session null to remote] DEBUG org.apache.http.headers - http-outgoing-30 >> Content-Type: application/json; charset=utf-8
12:55:00.656 [Forwarding newSession on session null to remote] DEBUG org.apache.http.headers - http-outgoing-30 >> Content-Length: 560
12:55:00.656 [Forwarding newSession on session null to remote] DEBUG org.apache.http.headers - http-outgoing-30 >> Host: localhost:35043
12:55:00.656 [Forwarding newSession on session null to remote] DEBUG org.apache.http.headers - http-outgoing-30 >> Connection: Keep-Alive
12:55:00.656 [Forwarding newSession on session null to remote] DEBUG org.apache.http.headers - http-outgoing-30 >> User-Agent: Apache-HttpClient/4.5.3 (Java/1.8.0_211)
12:55:00.656 [Forwarding newSession on session null to remote] DEBUG org.apache.http.headers - http-outgoing-30 >> Accept-Encoding: gzip,deflate
12:55:00.656 [Forwarding newSession on session null to remote] DEBUG org.apache.http.wire - http-outgoing-30 >> "POST /session HTTP/1.1[\r][\n]"
12:55:00.656 [Forwarding newSession on session null to remote] DEBUG org.apache.http.wire - http-outgoing-30 >> "Content-Type: application/json; charset=utf-8[\r][\n]"
12:55:00.656 [Forwarding newSession on session null to remote] DEBUG org.apache.http.wire - http-outgoing-30 >> "Content-Length: 560[\r][\n]"
12:55:00.656 [Forwarding newSession on session null to remote] DEBUG org.apache.http.wire - http-outgoing-30 >> "Host: localhost:35043[\r][\n]"
12:55:00.656 [Forwarding newSession on session null to remote] DEBUG org.apache.http.wire - http-outgoing-30 >> "Connection: Keep-Alive[\r][\n]"
12:55:00.656 [Forwarding newSession on session null to remote] DEBUG org.apache.http.wire - http-outgoing-30 >> "User-Agent: Apache-HttpClient/4.5.3 (Java/1.8.0_211)[\r][\n]"
12:55:00.656 [Forwarding newSession on session null to remote] DEBUG org.apache.http.wire - http-outgoing-30 >> "Accept-Encoding: gzip,deflate[\r][\n]"
12:55:00.656 [Forwarding newSession on session null to remote] DEBUG org.apache.http.wire - http-outgoing-30 >> "[\r][\n]"
12:55:00.656 [Forwarding newSession on session null to remote] DEBUG org.apache.http.wire - http-outgoing-30 >> "{[\n]"
12:55:00.656 [Forwarding newSession on session null to remote] DEBUG org.apache.http.wire - http-outgoing-30 >> "  "desiredCapabilities": {[\n]"
12:55:00.656 [Forwarding newSession on session null to remote] DEBUG org.apache.http.wire - http-outgoing-30 >> "    "browserName": "chrome",[\n]"
12:55:00.656 [Forwarding newSession on session null to remote] DEBUG org.apache.http.wire - http-outgoing-30 >> "    "goog:chromeOptions": {[\n]"
12:55:00.656 [Forwarding newSession on session null to remote] DEBUG org.apache.http.wire - http-outgoing-30 >> "      "args": [],[\n]"
12:55:00.656 [Forwarding newSession on session null to remote] DEBUG org.apache.http.wire - http-outgoing-30 >> "      "extensions": [][\n]"
12:55:00.656 [Forwarding newSession on session null to remote] DEBUG org.apache.http.wire - http-outgoing-30 >> "    }[\n]"
12:55:00.656 [Forwarding newSession on session null to remote] DEBUG org.apache.http.wire - http-outgoing-30 >> "  },[\n]"
12:55:00.656 [Forwarding newSession on session null to remote] DEBUG org.apache.http.wire - http-outgoing-30 >> "  "requiredCapabilities": {},[\n]"
12:55:00.656 [Forwarding newSession on session null to remote] DEBUG org.apache.http.wire - http-outgoing-30 >> "  "capabilities": {[\n]"
12:55:00.656 [Forwarding newSession on session null to remote] DEBUG org.apache.http.wire - http-outgoing-30 >> "    "desiredCapabilities": {[\n]"
12:55:00.656 [Forwarding newSession on session null to remote] DEBUG org.apache.http.wire - http-outgoing-30 >> "      "browserName": "chrome",[\n]"
12:55:00.656 [Forwarding newSession on session null to remote] DEBUG org.apache.http.wire - http-outgoing-30 >> "      "goog:chromeOptions": {[\n]"
12:55:00.656 [Forwarding newSession on session null to remote] DEBUG org.apache.http.wire - http-outgoing-30 >> "        "args": [],[\n]"
12:55:00.656 [Forwarding newSession on session null to remote] DEBUG org.apache.http.wire - http-outgoing-30 >> "        "extensions": [][\n]"
12:55:00.656 [Forwarding newSession on session null to remote] DEBUG org.apache.http.wire - http-outgoing-30 >> "      }[\n]"
12:55:00.656 [Forwarding newSession on session null to remote] DEBUG org.apache.http.wire - http-outgoing-30 >> "    },[\n]"
12:55:00.656 [Forwarding newSession on session null to remote] DEBUG org.apache.http.wire - http-outgoing-30 >> "    "requiredCapabilities": {},[\n]"
12:55:00.656 [Forwarding newSession on session null to remote] DEBUG org.apache.http.wire - http-outgoing-30 >> "    "alwaysMatch": {[\n]"
12:55:00.656 [Forwarding newSession on session null to remote] DEBUG org.apache.http.wire - http-outgoing-30 >> "      "goog:chromeOptions": {[\n]"
12:55:00.656 [Forwarding newSession on session null to remote] DEBUG org.apache.http.wire - http-outgoing-30 >> "        "args": [],[\n]"
12:55:00.656 [Forwarding newSession on session null to remote] DEBUG org.apache.http.wire - http-outgoing-30 >> "        "extensions": [][\n]"
12:55:00.656 [Forwarding newSession on session null to remote] DEBUG org.apache.http.wire - http-outgoing-30 >> "      }[\n]"
12:55:00.656 [Forwarding newSession on session null to remote] DEBUG org.apache.http.wire - http-outgoing-30 >> "    },[\n]"
12:55:00.656 [Forwarding newSession on session null to remote] DEBUG org.apache.http.wire - http-outgoing-30 >> "    "firstMatch": [[\n]"
12:55:00.656 [Forwarding newSession on session null to remote] DEBUG org.apache.http.wire - http-outgoing-30 >> "      {[\n]"
12:55:00.656 [Forwarding newSession on session null to remote] DEBUG org.apache.http.wire - http-outgoing-30 >> "        "browserName": "chrome"[\n]"
12:55:00.656 [Forwarding newSession on session null to remote] DEBUG org.apache.http.wire - http-outgoing-30 >> "      }[\n]"
12:55:00.656 [Forwarding newSession on session null to remote] DEBUG org.apache.http.wire - http-outgoing-30 >> "    ][\n]"
12:55:00.657 [Forwarding newSession on session null to remote] DEBUG org.apache.http.wire - http-outgoing-30 >> "  }[\n]"
12:55:00.657 [Forwarding newSession on session null to remote] DEBUG org.apache.http.wire - http-outgoing-30 >> "}"
12:55:01.208 [Forwarding newSession on session null to remote] DEBUG org.apache.http.wire - http-outgoing-30 << "HTTP/1.1 200 OK[\r][\n]"
12:55:01.208 [Forwarding newSession on session null to remote] DEBUG org.apache.http.wire - http-outgoing-30 << "Content-Length:690[\r][\n]"
12:55:01.208 [Forwarding newSession on session null to remote] DEBUG org.apache.http.wire - http-outgoing-30 << "Content-Type:application/json; charset=utf-8[\r][\n]"
12:55:01.208 [Forwarding newSession on session null to remote] DEBUG org.apache.http.wire - http-outgoing-30 << "cache-control:no-cache[\r][\n]"
12:55:01.208 [Forwarding newSession on session null to remote] DEBUG org.apache.http.wire - http-outgoing-30 << "[\r][\n]"
12:55:01.208 [Forwarding newSession on session null to remote] DEBUG org.apache.http.wire - http-outgoing-30 << "{"value":{"capabilities":{"acceptInsecureCerts":false,"browserName":"chrome","browserVersion":"80.0.3987.149","chrome":{"chromedriverVersion":"80.0.3987.106 (f68069574609230cf9b635cd784cfb1bf81bb53a-refs/branch-heads/3987@{#882})","userDataDir":"/var/folders/fs/0qxrqb5x7zg5dtqrhc9t0clm0000gn/T/.com.google.Chrome.PRgM7t"},"goog:chromeOptions":{"debuggerAddress":"localhost:62051"},"networkConnectionEnabled":false,"pageLoadStrategy":"normal","platformName":"mac os x","proxy":{},"setWindowRect":true,"strictFileInteractability":false,"timeouts":{"implicit":0,"pageLoad":300000,"script":30000},"unhandledPromptBehavior":"dismiss and notify"},"sessionId":"4862b55cecd0eb0e7d7d426c643805bd"}}"
12:55:01.208 [Forwarding newSession on session null to remote] DEBUG org.apache.http.headers - http-outgoing-30 << HTTP/1.1 200 OK
12:55:01.208 [Forwarding newSession on session null to remote] DEBUG org.apache.http.headers - http-outgoing-30 << Content-Length:690
12:55:01.208 [Forwarding newSession on session null to remote] DEBUG org.apache.http.headers - http-outgoing-30 << Content-Type:application/json; charset=utf-8
12:55:01.208 [Forwarding newSession on session null to remote] DEBUG org.apache.http.headers - http-outgoing-30 << cache-control:no-cache
12:55:01.208 [Forwarding newSession on session null to remote] DEBUG org.apache.http.impl.execchain.MainClientExec - Connection can be kept alive indefinitely
12:55:01.208 [Forwarding newSession on session null to remote] DEBUG org.apache.http.impl.conn.PoolingHttpClientConnectionManager - Connection [id: 30][route: {}->http://localhost:35043] can be kept alive indefinitely
12:55:01.208 [Forwarding newSession on session null to remote] DEBUG org.apache.http.impl.conn.PoolingHttpClientConnectionManager - Connection released: [id: 30][route: {}->http://localhost:35043][total kept alive: 13; route allocated: 1 of 2000; total allocated: 13 of 2000]
12:55:01.211 [Forwarding get on session 4862b55cecd0eb0e7d7d426c643805bd to remote] DEBUG org.apache.http.client.protocol.RequestAddCookies - CookieSpec selected: default
12:55:01.211 [Forwarding get on session 4862b55cecd0eb0e7d7d426c643805bd to remote] DEBUG org.apache.http.client.protocol.RequestAuthCache - Auth cache not set in the context
12:55:01.211 [Forwarding get on session 4862b55cecd0eb0e7d7d426c643805bd to remote] DEBUG org.apache.http.impl.conn.PoolingHttpClientConnectionManager - Connection request: [route: {}->http://localhost:35043][total kept alive: 13; route allocated: 1 of 2000; total allocated: 13 of 2000]
12:55:01.211 [Forwarding get on session 4862b55cecd0eb0e7d7d426c643805bd to remote] DEBUG org.apache.http.impl.conn.PoolingHttpClientConnectionManager - Connection leased: [id: 30][route: {}->http://localhost:35043][total kept alive: 12; route allocated: 1 of 2000; total allocated: 13 of 2000]
12:55:01.211 [Forwarding get on session 4862b55cecd0eb0e7d7d426c643805bd to remote] DEBUG org.apache.http.impl.execchain.MainClientExec - Stale connection check
12:55:01.212 [Forwarding get on session 4862b55cecd0eb0e7d7d426c643805bd to remote] DEBUG org.apache.http.wire - http-outgoing-30 << "[read] I/O error: Read timed out"
12:55:01.212 [Forwarding get on session 4862b55cecd0eb0e7d7d426c643805bd to remote] DEBUG org.apache.http.impl.conn.DefaultManagedHttpClientConnection - http-outgoing-30: set socket timeout to 10800000
12:55:01.212 [Forwarding get on session 4862b55cecd0eb0e7d7d426c643805bd to remote] DEBUG org.apache.http.impl.execchain.MainClientExec - Executing request POST /session/4862b55cecd0eb0e7d7d426c643805bd/url HTTP/1.1
12:55:01.212 [Forwarding get on session 4862b55cecd0eb0e7d7d426c643805bd to remote] DEBUG org.apache.http.impl.execchain.MainClientExec - Target auth state: UNCHALLENGED
12:55:01.212 [Forwarding get on session 4862b55cecd0eb0e7d7d426c643805bd to remote] DEBUG org.apache.http.impl.execchain.MainClientExec - Proxy auth state: UNCHALLENGED
12:55:01.212 [Forwarding get on session 4862b55cecd0eb0e7d7d426c643805bd to remote] DEBUG org.apache.http.headers - http-outgoing-30 >> POST /session/4862b55cecd0eb0e7d7d426c643805bd/url HTTP/1.1
12:55:01.212 [Forwarding get on session 4862b55cecd0eb0e7d7d426c643805bd to remote] DEBUG org.apache.http.headers - http-outgoing-30 >> Content-Type: application/json; charset=utf-8
12:55:01.212 [Forwarding get on session 4862b55cecd0eb0e7d7d426c643805bd to remote] DEBUG org.apache.http.headers - http-outgoing-30 >> Content-Length: 33
12:55:01.212 [Forwarding get on session 4862b55cecd0eb0e7d7d426c643805bd to remote] DEBUG org.apache.http.headers - http-outgoing-30 >> Host: localhost:35043
12:55:01.212 [Forwarding get on session 4862b55cecd0eb0e7d7d426c643805bd to remote] DEBUG org.apache.http.headers - http-outgoing-30 >> Connection: Keep-Alive
12:55:01.212 [Forwarding get on session 4862b55cecd0eb0e7d7d426c643805bd to remote] DEBUG org.apache.http.headers - http-outgoing-30 >> User-Agent: Apache-HttpClient/4.5.3 (Java/1.8.0_211)
12:55:01.212 [Forwarding get on session 4862b55cecd0eb0e7d7d426c643805bd to remote] DEBUG org.apache.http.headers - http-outgoing-30 >> Accept-Encoding: gzip,deflate
12:55:01.212 [Forwarding get on session 4862b55cecd0eb0e7d7d426c643805bd to remote] DEBUG org.apache.http.wire - http-outgoing-30 >> "POST /session/4862b55cecd0eb0e7d7d426c643805bd/url HTTP/1.1[\r][\n]"
12:55:01.212 [Forwarding get on session 4862b55cecd0eb0e7d7d426c643805bd to remote] DEBUG org.apache.http.wire - http-outgoing-30 >> "Content-Type: application/json; charset=utf-8[\r][\n]"
12:55:01.212 [Forwarding get on session 4862b55cecd0eb0e7d7d426c643805bd to remote] DEBUG org.apache.http.wire - http-outgoing-30 >> "Content-Length: 33[\r][\n]"
12:55:01.212 [Forwarding get on session 4862b55cecd0eb0e7d7d426c643805bd to remote] DEBUG org.apache.http.wire - http-outgoing-30 >> "Host: localhost:35043[\r][\n]"
12:55:01.212 [Forwarding get on session 4862b55cecd0eb0e7d7d426c643805bd to remote] DEBUG org.apache.http.wire - http-outgoing-30 >> "Connection: Keep-Alive[\r][\n]"
12:55:01.212 [Forwarding get on session 4862b55cecd0eb0e7d7d426c643805bd to remote] DEBUG org.apache.http.wire - http-outgoing-30 >> "User-Agent: Apache-HttpClient/4.5.3 (Java/1.8.0_211)[\r][\n]"
12:55:01.212 [Forwarding get on session 4862b55cecd0eb0e7d7d426c643805bd to remote] DEBUG org.apache.http.wire - http-outgoing-30 >> "Accept-Encoding: gzip,deflate[\r][\n]"
12:55:01.212 [Forwarding get on session 4862b55cecd0eb0e7d7d426c643805bd to remote] DEBUG org.apache.http.wire - http-outgoing-30 >> "[\r][\n]"
12:55:01.212 [Forwarding get on session 4862b55cecd0eb0e7d7d426c643805bd to remote] DEBUG org.apache.http.wire - http-outgoing-30 >> "{"url":"https://tronscan.org/#/"}"
12:55:04.060 [Forwarding get on session 4862b55cecd0eb0e7d7d426c643805bd to remote] DEBUG org.apache.http.wire - http-outgoing-30 << "HTTP/1.1 200 OK[\r][\n]"
12:55:04.060 [Forwarding get on session 4862b55cecd0eb0e7d7d426c643805bd to remote] DEBUG org.apache.http.wire - http-outgoing-30 << "Content-Length:14[\r][\n]"
12:55:04.060 [Forwarding get on session 4862b55cecd0eb0e7d7d426c643805bd to remote] DEBUG org.apache.http.wire - http-outgoing-30 << "Content-Type:application/json; charset=utf-8[\r][\n]"
12:55:04.060 [Forwarding get on session 4862b55cecd0eb0e7d7d426c643805bd to remote] DEBUG org.apache.http.wire - http-outgoing-30 << "cache-control:no-cache[\r][\n]"
12:55:04.060 [Forwarding get on session 4862b55cecd0eb0e7d7d426c643805bd to remote] DEBUG org.apache.http.wire - http-outgoing-30 << "[\r][\n]"
12:55:04.060 [Forwarding get on session 4862b55cecd0eb0e7d7d426c643805bd to remote] DEBUG org.apache.http.wire - http-outgoing-30 << "{"value":null}"
12:55:04.060 [Forwarding get on session 4862b55cecd0eb0e7d7d426c643805bd to remote] DEBUG org.apache.http.headers - http-outgoing-30 << HTTP/1.1 200 OK
12:55:04.060 [Forwarding get on session 4862b55cecd0eb0e7d7d426c643805bd to remote] DEBUG org.apache.http.headers - http-outgoing-30 << Content-Length:14
12:55:04.060 [Forwarding get on session 4862b55cecd0eb0e7d7d426c643805bd to remote] DEBUG org.apache.http.headers - http-outgoing-30 << Content-Type:application/json; charset=utf-8
12:55:04.060 [Forwarding get on session 4862b55cecd0eb0e7d7d426c643805bd to remote] DEBUG org.apache.http.headers - http-outgoing-30 << cache-control:no-cache
12:55:04.060 [Forwarding get on session 4862b55cecd0eb0e7d7d426c643805bd to remote] DEBUG org.apache.http.impl.execchain.MainClientExec - Connection can be kept alive indefinitely
12:55:04.060 [Forwarding get on session 4862b55cecd0eb0e7d7d426c643805bd to remote] DEBUG org.apache.http.impl.conn.PoolingHttpClientConnectionManager - Connection [id: 30][route: {}->http://localhost:35043] can be kept alive indefinitely
12:55:04.060 [Forwarding get on session 4862b55cecd0eb0e7d7d426c643805bd to remote] DEBUG org.apache.http.impl.conn.PoolingHttpClientConnectionManager - Connection released: [id: 30][route: {}->http://localhost:35043][total kept alive: 13; route allocated: 1 of 2000; total allocated: 13 of 2000]
成功打开谷歌浏览器！
12:55:04.061 [Forwarding setTimeout on session 4862b55cecd0eb0e7d7d426c643805bd to remote] DEBUG org.apache.http.client.protocol.RequestAddCookies - CookieSpec selected: default
12:55:04.061 [Forwarding setTimeout on session 4862b55cecd0eb0e7d7d426c643805bd to remote] DEBUG org.apache.http.client.protocol.RequestAuthCache - Auth cache not set in the context
12:55:04.061 [Forwarding setTimeout on session 4862b55cecd0eb0e7d7d426c643805bd to remote] DEBUG org.apache.http.impl.conn.PoolingHttpClientConnectionManager - Connection request: [route: {}->http://localhost:35043][total kept alive: 13; route allocated: 1 of 2000; total allocated: 13 of 2000]
12:55:04.061 [Forwarding setTimeout on session 4862b55cecd0eb0e7d7d426c643805bd to remote] DEBUG org.apache.http.impl.conn.PoolingHttpClientConnectionManager - Connection leased: [id: 30][route: {}->http://localhost:35043][total kept alive: 12; route allocated: 1 of 2000; total allocated: 13 of 2000]
12:55:04.061 [Forwarding setTimeout on session 4862b55cecd0eb0e7d7d426c643805bd to remote] DEBUG org.apache.http.impl.execchain.MainClientExec - Stale connection check
12:55:04.062 [Forwarding setTimeout on session 4862b55cecd0eb0e7d7d426c643805bd to remote] DEBUG org.apache.http.wire - http-outgoing-30 << "[read] I/O error: Read timed out"
12:55:04.062 [Forwarding setTimeout on session 4862b55cecd0eb0e7d7d426c643805bd to remote] DEBUG org.apache.http.impl.conn.DefaultManagedHttpClientConnection - http-outgoing-30: set socket timeout to 10800000
12:55:04.062 [Forwarding setTimeout on session 4862b55cecd0eb0e7d7d426c643805bd to remote] DEBUG org.apache.http.impl.execchain.MainClientExec - Executing request POST /session/4862b55cecd0eb0e7d7d426c643805bd/timeouts HTTP/1.1
12:55:04.062 [Forwarding setTimeout on session 4862b55cecd0eb0e7d7d426c643805bd to remote] DEBUG org.apache.http.impl.execchain.MainClientExec - Target auth state: UNCHALLENGED
12:55:04.062 [Forwarding setTimeout on session 4862b55cecd0eb0e7d7d426c643805bd to remote] DEBUG org.apache.http.impl.execchain.MainClientExec - Proxy auth state: UNCHALLENGED
12:55:04.062 [Forwarding setTimeout on session 4862b55cecd0eb0e7d7d426c643805bd to remote] DEBUG org.apache.http.headers - http-outgoing-30 >> POST /session/4862b55cecd0eb0e7d7d426c643805bd/timeouts HTTP/1.1
12:55:04.062 [Forwarding setTimeout on session 4862b55cecd0eb0e7d7d426c643805bd to remote] DEBUG org.apache.http.headers - http-outgoing-30 >> Content-Type: application/json; charset=utf-8
12:55:04.062 [Forwarding setTimeout on session 4862b55cecd0eb0e7d7d426c643805bd to remote] DEBUG org.apache.http.headers - http-outgoing-30 >> Content-Length: 18
12:55:04.062 [Forwarding setTimeout on session 4862b55cecd0eb0e7d7d426c643805bd to remote] DEBUG org.apache.http.headers - http-outgoing-30 >> Host: localhost:35043
12:55:04.062 [Forwarding setTimeout on session 4862b55cecd0eb0e7d7d426c643805bd to remote] DEBUG org.apache.http.headers - http-outgoing-30 >> Connection: Keep-Alive
12:55:04.062 [Forwarding setTimeout on session 4862b55cecd0eb0e7d7d426c643805bd to remote] DEBUG org.apache.http.headers - http-outgoing-30 >> User-Agent: Apache-HttpClient/4.5.3 (Java/1.8.0_211)
12:55:04.062 [Forwarding setTimeout on session 4862b55cecd0eb0e7d7d426c643805bd to remote] DEBUG org.apache.http.headers - http-outgoing-30 >> Accept-Encoding: gzip,deflate
12:55:04.062 [Forwarding setTimeout on session 4862b55cecd0eb0e7d7d426c643805bd to remote] DEBUG org.apache.http.wire - http-outgoing-30 >> "POST /session/4862b55cecd0eb0e7d7d426c643805bd/timeouts HTTP/1.1[\r][\n]"
12:55:04.062 [Forwarding setTimeout on session 4862b55cecd0eb0e7d7d426c643805bd to remote] DEBUG org.apache.http.wire - http-outgoing-30 >> "Content-Type: application/json; charset=utf-8[\r][\n]"
12:55:04.062 [Forwarding setTimeout on session 4862b55cecd0eb0e7d7d426c643805bd to remote] DEBUG org.apache.http.wire - http-outgoing-30 >> "Content-Length: 18[\r][\n]"
12:55:04.062 [Forwarding setTimeout on session 4862b55cecd0eb0e7d7d426c643805bd to remote] DEBUG org.apache.http.wire - http-outgoing-30 >> "Host: localhost:35043[\r][\n]"
12:55:04.062 [Forwarding setTimeout on session 4862b55cecd0eb0e7d7d426c643805bd to remote] DEBUG org.apache.http.wire - http-outgoing-30 >> "Connection: Keep-Alive[\r][\n]"
12:55:04.062 [Forwarding setTimeout on session 4862b55cecd0eb0e7d7d426c643805bd to remote] DEBUG org.apache.http.wire - http-outgoing-30 >> "User-Agent: Apache-HttpClient/4.5.3 (Java/1.8.0_211)[\r][\n]"
12:55:04.062 [Forwarding setTimeout on session 4862b55cecd0eb0e7d7d426c643805bd to remote] DEBUG org.apache.http.wire - http-outgoing-30 >> "Accept-Encoding: gzip,deflate[\r][\n]"
12:55:04.062 [Forwarding setTimeout on session 4862b55cecd0eb0e7d7d426c643805bd to remote] DEBUG org.apache.http.wire - http-outgoing-30 >> "[\r][\n]"
12:55:04.062 [Forwarding setTimeout on session 4862b55cecd0eb0e7d7d426c643805bd to remote] DEBUG org.apache.http.wire - http-outgoing-30 >> "{"implicit":10000}"
12:55:04.062 [Forwarding setTimeout on session 4862b55cecd0eb0e7d7d426c643805bd to remote] DEBUG org.apache.http.wire - http-outgoing-30 << "HTTP/1.1 200 OK[\r][\n]"
12:55:04.062 [Forwarding setTimeout on session 4862b55cecd0eb0e7d7d426c643805bd to remote] DEBUG org.apache.http.wire - http-outgoing-30 << "Content-Length:14[\r][\n]"
12:55:04.062 [Forwarding setTimeout on session 4862b55cecd0eb0e7d7d426c643805bd to remote] DEBUG org.apache.http.wire - http-outgoing-30 << "Content-Type:application/json; charset=utf-8[\r][\n]"
12:55:04.062 [Forwarding setTimeout on session 4862b55cecd0eb0e7d7d426c643805bd to remote] DEBUG org.apache.http.wire - http-outgoing-30 << "cache-control:no-cache[\r][\n]"
12:55:04.062 [Forwarding setTimeout on session 4862b55cecd0eb0e7d7d426c643805bd to remote] DEBUG org.apache.http.wire - http-outgoing-30 << "[\r][\n]"
12:55:04.062 [Forwarding setTimeout on session 4862b55cecd0eb0e7d7d426c643805bd to remote] DEBUG org.apache.http.wire - http-outgoing-30 << "{"value":null}"
12:55:04.062 [Forwarding setTimeout on session 4862b55cecd0eb0e7d7d426c643805bd to remote] DEBUG org.apache.http.headers - http-outgoing-30 << HTTP/1.1 200 OK
12:55:04.062 [Forwarding setTimeout on session 4862b55cecd0eb0e7d7d426c643805bd to remote] DEBUG org.apache.http.headers - http-outgoing-30 << Content-Length:14
12:55:04.062 [Forwarding setTimeout on session 4862b55cecd0eb0e7d7d426c643805bd to remote] DEBUG org.apache.http.headers - http-outgoing-30 << Content-Type:application/json; charset=utf-8
12:55:04.062 [Forwarding setTimeout on session 4862b55cecd0eb0e7d7d426c643805bd to remote] DEBUG org.apache.http.headers - http-outgoing-30 << cache-control:no-cache
12:55:04.062 [Forwarding setTimeout on session 4862b55cecd0eb0e7d7d426c643805bd to remote] DEBUG org.apache.http.impl.execchain.MainClientExec - Connection can be kept alive indefinitely
12:55:04.062 [Forwarding setTimeout on session 4862b55cecd0eb0e7d7d426c643805bd to remote] DEBUG org.apache.http.impl.conn.PoolingHttpClientConnectionManager - Connection [id: 30][route: {}->http://localhost:35043] can be kept alive indefinitely
12:55:04.062 [Forwarding setTimeout on session 4862b55cecd0eb0e7d7d426c643805bd to remote] DEBUG org.apache.http.impl.conn.PoolingHttpClientConnectionManager - Connection released: [id: 30][route: {}->http://localhost:35043][total kept alive: 13; route allocated: 1 of 2000; total allocated: 13 of 2000]
LOGIN
12:55:04.063 [Forwarding setCurrentWindowSize on session 4862b55cecd0eb0e7d7d426c643805bd to remote] DEBUG org.apache.http.client.protocol.RequestAddCookies - CookieSpec selected: default
12:55:04.063 [Forwarding setCurrentWindowSize on session 4862b55cecd0eb0e7d7d426c643805bd to remote] DEBUG org.apache.http.client.protocol.RequestAuthCache - Auth cache not set in the context
12:55:04.063 [Forwarding setCurrentWindowSize on session 4862b55cecd0eb0e7d7d426c643805bd to remote] DEBUG org.apache.http.impl.conn.PoolingHttpClientConnectionManager - Connection request: [route: {}->http://localhost:35043][total kept alive: 13; route allocated: 1 of 2000; total allocated: 13 of 2000]
12:55:04.063 [Forwarding setCurrentWindowSize on session 4862b55cecd0eb0e7d7d426c643805bd to remote] DEBUG org.apache.http.impl.conn.PoolingHttpClientConnectionManager - Connection leased: [id: 30][route: {}->http://localhost:35043][total kept alive: 12; route allocated: 1 of 2000; total allocated: 13 of 2000]
12:55:04.063 [Forwarding setCurrentWindowSize on session 4862b55cecd0eb0e7d7d426c643805bd to remote] DEBUG org.apache.http.impl.execchain.MainClientExec - Stale connection check
12:55:04.064 [Forwarding setCurrentWindowSize on session 4862b55cecd0eb0e7d7d426c643805bd to remote] DEBUG org.apache.http.wire - http-outgoing-30 << "[read] I/O error: Read timed out"
12:55:04.064 [Forwarding setCurrentWindowSize on session 4862b55cecd0eb0e7d7d426c643805bd to remote] DEBUG org.apache.http.impl.conn.DefaultManagedHttpClientConnection - http-outgoing-30: set socket timeout to 10800000
12:55:04.064 [Forwarding setCurrentWindowSize on session 4862b55cecd0eb0e7d7d426c643805bd to remote] DEBUG org.apache.http.impl.execchain.MainClientExec - Executing request POST /session/4862b55cecd0eb0e7d7d426c643805bd/window/rect HTTP/1.1
12:55:04.064 [Forwarding setCurrentWindowSize on session 4862b55cecd0eb0e7d7d426c643805bd to remote] DEBUG org.apache.http.impl.execchain.MainClientExec - Target auth state: UNCHALLENGED
12:55:04.064 [Forwarding setCurrentWindowSize on session 4862b55cecd0eb0e7d7d426c643805bd to remote] DEBUG org.apache.http.impl.execchain.MainClientExec - Proxy auth state: UNCHALLENGED
12:55:04.064 [Forwarding setCurrentWindowSize on session 4862b55cecd0eb0e7d7d426c643805bd to remote] DEBUG org.apache.http.headers - http-outgoing-30 >> POST /session/4862b55cecd0eb0e7d7d426c643805bd/window/rect HTTP/1.1
12:55:04.064 [Forwarding setCurrentWindowSize on session 4862b55cecd0eb0e7d7d426c643805bd to remote] DEBUG org.apache.http.headers - http-outgoing-30 >> Content-Type: application/json; charset=utf-8
12:55:04.064 [Forwarding setCurrentWindowSize on session 4862b55cecd0eb0e7d7d426c643805bd to remote] DEBUG org.apache.http.headers - http-outgoing-30 >> Content-Length: 28
12:55:04.064 [Forwarding setCurrentWindowSize on session 4862b55cecd0eb0e7d7d426c643805bd to remote] DEBUG org.apache.http.headers - http-outgoing-30 >> Host: localhost:35043
12:55:04.064 [Forwarding setCurrentWindowSize on session 4862b55cecd0eb0e7d7d426c643805bd to remote] DEBUG org.apache.http.headers - http-outgoing-30 >> Connection: Keep-Alive
12:55:04.064 [Forwarding setCurrentWindowSize on session 4862b55cecd0eb0e7d7d426c643805bd to remote] DEBUG org.apache.http.headers - http-outgoing-30 >> User-Agent: Apache-HttpClient/4.5.3 (Java/1.8.0_211)
12:55:04.064 [Forwarding setCurrentWindowSize on session 4862b55cecd0eb0e7d7d426c643805bd to remote] DEBUG org.apache.http.headers - http-outgoing-30 >> Accept-Encoding: gzip,deflate
12:55:04.064 [Forwarding setCurrentWindowSize on session 4862b55cecd0eb0e7d7d426c643805bd to remote] DEBUG org.apache.http.wire - http-outgoing-30 >> "POST /session/4862b55cecd0eb0e7d7d426c643805bd/window/rect HTTP/1.1[\r][\n]"
12:55:04.064 [Forwarding setCurrentWindowSize on session 4862b55cecd0eb0e7d7d426c643805bd to remote] DEBUG org.apache.http.wire - http-outgoing-30 >> "Content-Type: application/json; charset=utf-8[\r][\n]"
12:55:04.064 [Forwarding setCurrentWindowSize on session 4862b55cecd0eb0e7d7d426c643805bd to remote] DEBUG org.apache.http.wire - http-outgoing-30 >> "Content-Length: 28[\r][\n]"
12:55:04.064 [Forwarding setCurrentWindowSize on session 4862b55cecd0eb0e7d7d426c643805bd to remote] DEBUG org.apache.http.wire - http-outgoing-30 >> "Host: localhost:35043[\r][\n]"
12:55:04.064 [Forwarding setCurrentWindowSize on session 4862b55cecd0eb0e7d7d426c643805bd to remote] DEBUG org.apache.http.wire - http-outgoing-30 >> "Connection: Keep-Alive[\r][\n]"
12:55:04.064 [Forwarding setCurrentWindowSize on session 4862b55cecd0eb0e7d7d426c643805bd to remote] DEBUG org.apache.http.wire - http-outgoing-30 >> "User-Agent: Apache-HttpClient/4.5.3 (Java/1.8.0_211)[\r][\n]"
12:55:04.064 [Forwarding setCurrentWindowSize on session 4862b55cecd0eb0e7d7d426c643805bd to remote] DEBUG org.apache.http.wire - http-outgoing-30 >> "Accept-Encoding: gzip,deflate[\r][\n]"
12:55:04.064 [Forwarding setCurrentWindowSize on session 4862b55cecd0eb0e7d7d426c643805bd to remote] DEBUG org.apache.http.wire - http-outgoing-30 >> "[\r][\n]"
12:55:04.064 [Forwarding setCurrentWindowSize on session 4862b55cecd0eb0e7d7d426c643805bd to remote] DEBUG org.apache.http.wire - http-outgoing-30 >> "{"width":2560,"height":1440}"
12:55:04.191 [Forwarding setCurrentWindowSize on session 4862b55cecd0eb0e7d7d426c643805bd to remote] DEBUG org.apache.http.wire - http-outgoing-30 << "HTTP/1.1 200 OK[\r][\n]"
12:55:04.191 [Forwarding setCurrentWindowSize on session 4862b55cecd0eb0e7d7d426c643805bd to remote] DEBUG org.apache.http.wire - http-outgoing-30 << "Content-Length:52[\r][\n]"
12:55:04.191 [Forwarding setCurrentWindowSize on session 4862b55cecd0eb0e7d7d426c643805bd to remote] DEBUG org.apache.http.wire - http-outgoing-30 << "Content-Type:application/json; charset=utf-8[\r][\n]"
12:55:04.191 [Forwarding setCurrentWindowSize on session 4862b55cecd0eb0e7d7d426c643805bd to remote] DEBUG org.apache.http.wire - http-outgoing-30 << "cache-control:no-cache[\r][\n]"
12:55:04.191 [Forwarding setCurrentWindowSize on session 4862b55cecd0eb0e7d7d426c643805bd to remote] DEBUG org.apache.http.wire - http-outgoing-30 << "[\r][\n]"
12:55:04.191 [Forwarding setCurrentWindowSize on session 4862b55cecd0eb0e7d7d426c643805bd to remote] DEBUG org.apache.http.wire - http-outgoing-30 << "{"value":{"height":1366,"width":2560,"x":22,"y":23}}"
12:55:04.191 [Forwarding setCurrentWindowSize on session 4862b55cecd0eb0e7d7d426c643805bd to remote] DEBUG org.apache.http.headers - http-outgoing-30 << HTTP/1.1 200 OK
12:55:04.191 [Forwarding setCurrentWindowSize on session 4862b55cecd0eb0e7d7d426c643805bd to remote] DEBUG org.apache.http.headers - http-outgoing-30 << Content-Length:52
12:55:04.191 [Forwarding setCurrentWindowSize on session 4862b55cecd0eb0e7d7d426c643805bd to remote] DEBUG org.apache.http.headers - http-outgoing-30 << Content-Type:application/json; charset=utf-8
12:55:04.191 [Forwarding setCurrentWindowSize on session 4862b55cecd0eb0e7d7d426c643805bd to remote] DEBUG org.apache.http.headers - http-outgoing-30 << cache-control:no-cache
12:55:04.191 [Forwarding setCurrentWindowSize on session 4862b55cecd0eb0e7d7d426c643805bd to remote] DEBUG org.apache.http.impl.execchain.MainClientExec - Connection can be kept alive indefinitely
12:55:04.191 [Forwarding setCurrentWindowSize on session 4862b55cecd0eb0e7d7d426c643805bd to remote] DEBUG org.apache.http.impl.conn.PoolingHttpClientConnectionManager - Connection [id: 30][route: {}->http://localhost:35043] can be kept alive indefinitely
12:55:04.192 [Forwarding setCurrentWindowSize on session 4862b55cecd0eb0e7d7d426c643805bd to remote] DEBUG org.apache.http.impl.conn.PoolingHttpClientConnectionManager - Connection released: [id: 30][route: {}->http://localhost:35043][total kept alive: 13; route allocated: 1 of 2000; total allocated: 13 of 2000]
12:55:04.392 [Forwarding findElement on session 4862b55cecd0eb0e7d7d426c643805bd to remote] DEBUG org.apache.http.client.protocol.RequestAddCookies - CookieSpec selected: default
12:55:04.392 [Forwarding findElement on session 4862b55cecd0eb0e7d7d426c643805bd to remote] DEBUG org.apache.http.client.protocol.RequestAuthCache - Auth cache not set in the context
12:55:04.392 [Forwarding findElement on session 4862b55cecd0eb0e7d7d426c643805bd to remote] DEBUG org.apache.http.impl.conn.PoolingHttpClientConnectionManager - Connection request: [route: {}->http://localhost:35043][total kept alive: 13; route allocated: 1 of 2000; total allocated: 13 of 2000]
12:55:04.392 [Forwarding findElement on session 4862b55cecd0eb0e7d7d426c643805bd to remote] DEBUG org.apache.http.impl.conn.PoolingHttpClientConnectionManager - Connection leased: [id: 30][route: {}->http://localhost:35043][total kept alive: 12; route allocated: 1 of 2000; total allocated: 13 of 2000]
12:55:04.392 [Forwarding findElement on session 4862b55cecd0eb0e7d7d426c643805bd to remote] DEBUG org.apache.http.impl.execchain.MainClientExec - Stale connection check
12:55:04.394 [Forwarding findElement on session 4862b55cecd0eb0e7d7d426c643805bd to remote] DEBUG org.apache.http.wire - http-outgoing-30 << "[read] I/O error: Read timed out"
12:55:04.394 [Forwarding findElement on session 4862b55cecd0eb0e7d7d426c643805bd to remote] DEBUG org.apache.http.impl.conn.DefaultManagedHttpClientConnection - http-outgoing-30: set socket timeout to 10800000
12:55:04.394 [Forwarding findElement on session 4862b55cecd0eb0e7d7d426c643805bd to remote] DEBUG org.apache.http.impl.execchain.MainClientExec - Executing request POST /session/4862b55cecd0eb0e7d7d426c643805bd/element HTTP/1.1
12:55:04.394 [Forwarding findElement on session 4862b55cecd0eb0e7d7d426c643805bd to remote] DEBUG org.apache.http.impl.execchain.MainClientExec - Target auth state: UNCHALLENGED
12:55:04.394 [Forwarding findElement on session 4862b55cecd0eb0e7d7d426c643805bd to remote] DEBUG org.apache.http.impl.execchain.MainClientExec - Proxy auth state: UNCHALLENGED
12:55:04.394 [Forwarding findElement on session 4862b55cecd0eb0e7d7d426c643805bd to remote] DEBUG org.apache.http.headers - http-outgoing-30 >> POST /session/4862b55cecd0eb0e7d7d426c643805bd/element HTTP/1.1
12:55:04.394 [Forwarding findElement on session 4862b55cecd0eb0e7d7d426c643805bd to remote] DEBUG org.apache.http.headers - http-outgoing-30 >> Content-Type: application/json; charset=utf-8
12:55:04.394 [Forwarding findElement on session 4862b55cecd0eb0e7d7d426c643805bd to remote] DEBUG org.apache.http.headers - http-outgoing-30 >> Content-Length: 58
12:55:04.394 [Forwarding findElement on session 4862b55cecd0eb0e7d7d426c643805bd to remote] DEBUG org.apache.http.headers - http-outgoing-30 >> Host: localhost:35043
12:55:04.394 [Forwarding findElement on session 4862b55cecd0eb0e7d7d426c643805bd to remote] DEBUG org.apache.http.headers - http-outgoing-30 >> Connection: Keep-Alive
12:55:04.394 [Forwarding findElement on session 4862b55cecd0eb0e7d7d426c643805bd to remote] DEBUG org.apache.http.headers - http-outgoing-30 >> User-Agent: Apache-HttpClient/4.5.3 (Java/1.8.0_211)
12:55:04.394 [Forwarding findElement on session 4862b55cecd0eb0e7d7d426c643805bd to remote] DEBUG org.apache.http.headers - http-outgoing-30 >> Accept-Encoding: gzip,deflate
12:55:04.394 [Forwarding findElement on session 4862b55cecd0eb0e7d7d426c643805bd to remote] DEBUG org.apache.http.wire - http-outgoing-30 >> "POST /session/4862b55cecd0eb0e7d7d426c643805bd/element HTTP/1.1[\r][\n]"
12:55:04.394 [Forwarding findElement on session 4862b55cecd0eb0e7d7d426c643805bd to remote] DEBUG org.apache.http.wire - http-outgoing-30 >> "Content-Type: application/json; charset=utf-8[\r][\n]"
12:55:04.394 [Forwarding findElement on session 4862b55cecd0eb0e7d7d426c643805bd to remote] DEBUG org.apache.http.wire - http-outgoing-30 >> "Content-Length: 58[\r][\n]"
12:55:04.394 [Forwarding findElement on session 4862b55cecd0eb0e7d7d426c643805bd to remote] DEBUG org.apache.http.wire - http-outgoing-30 >> "Host: localhost:35043[\r][\n]"
12:55:04.394 [Forwarding findElement on session 4862b55cecd0eb0e7d7d426c643805bd to remote] DEBUG org.apache.http.wire - http-outgoing-30 >> "Connection: Keep-Alive[\r][\n]"
12:55:04.394 [Forwarding findElement on session 4862b55cecd0eb0e7d7d426c643805bd to remote] DEBUG org.apache.http.wire - http-outgoing-30 >> "User-Agent: Apache-HttpClient/4.5.3 (Java/1.8.0_211)[\r][\n]"
12:55:04.394 [Forwarding findElement on session 4862b55cecd0eb0e7d7d426c643805bd to remote] DEBUG org.apache.http.wire - http-outgoing-30 >> "Accept-Encoding: gzip,deflate[\r][\n]"
12:55:04.394 [Forwarding findElement on session 4862b55cecd0eb0e7d7d426c643805bd to remote] DEBUG org.apache.http.wire - http-outgoing-30 >> "[\r][\n]"
12:55:04.394 [Forwarding findElement on session 4862b55cecd0eb0e7d7d426c643805bd to remote] DEBUG org.apache.http.wire - http-outgoing-30 >> "{"value":".dropdown-toggle > span","using":"css selector"}"
12:55:04.399 [Forwarding findElement on session 4862b55cecd0eb0e7d7d426c643805bd to remote] DEBUG org.apache.http.wire - http-outgoing-30 << "HTTP/1.1 200 OK[\r][\n]"
12:55:04.399 [Forwarding findElement on session 4862b55cecd0eb0e7d7d426c643805bd to remote] DEBUG org.apache.http.wire - http-outgoing-30 << "Content-Length:88[\r][\n]"
12:55:04.399 [Forwarding findElement on session 4862b55cecd0eb0e7d7d426c643805bd to remote] DEBUG org.apache.http.wire - http-outgoing-30 << "Content-Type:application/json; charset=utf-8[\r][\n]"
12:55:04.399 [Forwarding findElement on session 4862b55cecd0eb0e7d7d426c643805bd to remote] DEBUG org.apache.http.wire - http-outgoing-30 << "cache-control:no-cache[\r][\n]"
12:55:04.399 [Forwarding findElement on session 4862b55cecd0eb0e7d7d426c643805bd to remote] DEBUG org.apache.http.wire - http-outgoing-30 << "[\r][\n]"
12:55:04.399 [Forwarding findElement on session 4862b55cecd0eb0e7d7d426c643805bd to remote] DEBUG org.apache.http.wire - http-outgoing-30 << "{"value":{"element-6066-11e4-a52e-4f735466cecf":"0156bdd7-b22e-4871-8c24-e6ed61ee51b5"}}"
12:55:04.399 [Forwarding findElement on session 4862b55cecd0eb0e7d7d426c643805bd to remote] DEBUG org.apache.http.headers - http-outgoing-30 << HTTP/1.1 200 OK
12:55:04.399 [Forwarding findElement on session 4862b55cecd0eb0e7d7d426c643805bd to remote] DEBUG org.apache.http.headers - http-outgoing-30 << Content-Length:88
12:55:04.399 [Forwarding findElement on session 4862b55cecd0eb0e7d7d426c643805bd to remote] DEBUG org.apache.http.headers - http-outgoing-30 << Content-Type:application/json; charset=utf-8
12:55:04.399 [Forwarding findElement on session 4862b55cecd0eb0e7d7d426c643805bd to remote] DEBUG org.apache.http.headers - http-outgoing-30 << cache-control:no-cache
12:55:04.399 [Forwarding findElement on session 4862b55cecd0eb0e7d7d426c643805bd to remote] DEBUG org.apache.http.impl.execchain.MainClientExec - Connection can be kept alive indefinitely
12:55:04.399 [Forwarding findElement on session 4862b55cecd0eb0e7d7d426c643805bd to remote] DEBUG org.apache.http.impl.conn.PoolingHttpClientConnectionManager - Connection [id: 30][route: {}->http://localhost:35043] can be kept alive indefinitely
12:55:04.399 [Forwarding findElement on session 4862b55cecd0eb0e7d7d426c643805bd to remote] DEBUG org.apache.http.impl.conn.PoolingHttpClientConnectionManager - Connection released: [id: 30][route: {}->http://localhost:35043][total kept alive: 13; route allocated: 1 of 2000; total allocated: 13 of 2000]
12:55:04.400 [Forwarding actions on session 4862b55cecd0eb0e7d7d426c643805bd to remote] DEBUG org.apache.http.client.protocol.RequestAddCookies - CookieSpec selected: default
12:55:04.400 [Forwarding actions on session 4862b55cecd0eb0e7d7d426c643805bd to remote] DEBUG org.apache.http.client.protocol.RequestAuthCache - Auth cache not set in the context
12:55:04.400 [Forwarding actions on session 4862b55cecd0eb0e7d7d426c643805bd to remote] DEBUG org.apache.http.impl.conn.PoolingHttpClientConnectionManager - Connection request: [route: {}->http://localhost:35043][total kept alive: 13; route allocated: 1 of 2000; total allocated: 13 of 2000]
12:55:04.400 [Forwarding actions on session 4862b55cecd0eb0e7d7d426c643805bd to remote] DEBUG org.apache.http.impl.conn.PoolingHttpClientConnectionManager - Connection leased: [id: 30][route: {}->http://localhost:35043][total kept alive: 12; route allocated: 1 of 2000; total allocated: 13 of 2000]
12:55:04.400 [Forwarding actions on session 4862b55cecd0eb0e7d7d426c643805bd to remote] DEBUG org.apache.http.impl.execchain.MainClientExec - Stale connection check
12:55:04.401 [Forwarding actions on session 4862b55cecd0eb0e7d7d426c643805bd to remote] DEBUG org.apache.http.wire - http-outgoing-30 << "[read] I/O error: Read timed out"
12:55:04.401 [Forwarding actions on session 4862b55cecd0eb0e7d7d426c643805bd to remote] DEBUG org.apache.http.impl.conn.DefaultManagedHttpClientConnection - http-outgoing-30: set socket timeout to 10800000
12:55:04.401 [Forwarding actions on session 4862b55cecd0eb0e7d7d426c643805bd to remote] DEBUG org.apache.http.impl.execchain.MainClientExec - Executing request POST /session/4862b55cecd0eb0e7d7d426c643805bd/actions HTTP/1.1
12:55:04.401 [Forwarding actions on session 4862b55cecd0eb0e7d7d426c643805bd to remote] DEBUG org.apache.http.impl.execchain.MainClientExec - Target auth state: UNCHALLENGED
12:55:04.401 [Forwarding actions on session 4862b55cecd0eb0e7d7d426c643805bd to remote] DEBUG org.apache.http.impl.execchain.MainClientExec - Proxy auth state: UNCHALLENGED
12:55:04.402 [Forwarding actions on session 4862b55cecd0eb0e7d7d426c643805bd to remote] DEBUG org.apache.http.headers - http-outgoing-30 >> POST /session/4862b55cecd0eb0e7d7d426c643805bd/actions HTTP/1.1
12:55:04.402 [Forwarding actions on session 4862b55cecd0eb0e7d7d426c643805bd to remote] DEBUG org.apache.http.headers - http-outgoing-30 >> Content-Type: application/json; charset=utf-8
12:55:04.402 [Forwarding actions on session 4862b55cecd0eb0e7d7d426c643805bd to remote] DEBUG org.apache.http.headers - http-outgoing-30 >> Content-Length: 289
12:55:04.402 [Forwarding actions on session 4862b55cecd0eb0e7d7d426c643805bd to remote] DEBUG org.apache.http.headers - http-outgoing-30 >> Host: localhost:35043
12:55:04.402 [Forwarding actions on session 4862b55cecd0eb0e7d7d426c643805bd to remote] DEBUG org.apache.http.headers - http-outgoing-30 >> Connection: Keep-Alive
12:55:04.402 [Forwarding actions on session 4862b55cecd0eb0e7d7d426c643805bd to remote] DEBUG org.apache.http.headers - http-outgoing-30 >> User-Agent: Apache-HttpClient/4.5.3 (Java/1.8.0_211)
12:55:04.402 [Forwarding actions on session 4862b55cecd0eb0e7d7d426c643805bd to remote] DEBUG org.apache.http.headers - http-outgoing-30 >> Accept-Encoding: gzip,deflate
12:55:04.402 [Forwarding actions on session 4862b55cecd0eb0e7d7d426c643805bd to remote] DEBUG org.apache.http.wire - http-outgoing-30 >> "POST /session/4862b55cecd0eb0e7d7d426c643805bd/actions HTTP/1.1[\r][\n]"
12:55:04.402 [Forwarding actions on session 4862b55cecd0eb0e7d7d426c643805bd to remote] DEBUG org.apache.http.wire - http-outgoing-30 >> "Content-Type: application/json; charset=utf-8[\r][\n]"
12:55:04.402 [Forwarding actions on session 4862b55cecd0eb0e7d7d426c643805bd to remote] DEBUG org.apache.http.wire - http-outgoing-30 >> "Content-Length: 289[\r][\n]"
12:55:04.402 [Forwarding actions on session 4862b55cecd0eb0e7d7d426c643805bd to remote] DEBUG org.apache.http.wire - http-outgoing-30 >> "Host: localhost:35043[\r][\n]"
12:55:04.402 [Forwarding actions on session 4862b55cecd0eb0e7d7d426c643805bd to remote] DEBUG org.apache.http.wire - http-outgoing-30 >> "Connection: Keep-Alive[\r][\n]"
12:55:04.402 [Forwarding actions on session 4862b55cecd0eb0e7d7d426c643805bd to remote] DEBUG org.apache.http.wire - http-outgoing-30 >> "User-Agent: Apache-HttpClient/4.5.3 (Java/1.8.0_211)[\r][\n]"
12:55:04.402 [Forwarding actions on session 4862b55cecd0eb0e7d7d426c643805bd to remote] DEBUG org.apache.http.wire - http-outgoing-30 >> "Accept-Encoding: gzip,deflate[\r][\n]"
12:55:04.402 [Forwarding actions on session 4862b55cecd0eb0e7d7d426c643805bd to remote] DEBUG org.apache.http.wire - http-outgoing-30 >> "[\r][\n]"
12:55:04.402 [Forwarding actions on session 4862b55cecd0eb0e7d7d426c643805bd to remote] DEBUG org.apache.http.wire - http-outgoing-30 >> "{"actions":[{"id":"default mouse","type":"pointer","parameters":{"pointerType":"mouse"},"actions":[{"duration":100,"x":0,"y":0,"type":"pointerMove","origin":{"ELEMENT":"0156bdd7-b22e-4871-8c24-e6ed61ee51b5","element-6066-11e4-a52e-4f735466cecf":"0156bdd7-b22e-4871-8c24-e6ed61ee51b5"}}]}]}"
12:55:04.556 [Forwarding actions on session 4862b55cecd0eb0e7d7d426c643805bd to remote] DEBUG org.apache.http.wire - http-outgoing-30 << "HTTP/1.1 200 OK[\r][\n]"
12:55:04.556 [Forwarding actions on session 4862b55cecd0eb0e7d7d426c643805bd to remote] DEBUG org.apache.http.wire - http-outgoing-30 << "Content-Length:14[\r][\n]"
12:55:04.556 [Forwarding actions on session 4862b55cecd0eb0e7d7d426c643805bd to remote] DEBUG org.apache.http.wire - http-outgoing-30 << "Content-Type:application/json; charset=utf-8[\r][\n]"
12:55:04.556 [Forwarding actions on session 4862b55cecd0eb0e7d7d426c643805bd to remote] DEBUG org.apache.http.wire - http-outgoing-30 << "cache-control:no-cache[\r][\n]"
12:55:04.556 [Forwarding actions on session 4862b55cecd0eb0e7d7d426c643805bd to remote] DEBUG org.apache.http.wire - http-outgoing-30 << "[\r][\n]"
12:55:04.556 [Forwarding actions on session 4862b55cecd0eb0e7d7d426c643805bd to remote] DEBUG org.apache.http.wire - http-outgoing-30 << "{"value":null}"
12:55:04.556 [Forwarding actions on session 4862b55cecd0eb0e7d7d426c643805bd to remote] DEBUG org.apache.http.headers - http-outgoing-30 << HTTP/1.1 200 OK
12:55:04.556 [Forwarding actions on session 4862b55cecd0eb0e7d7d426c643805bd to remote] DEBUG org.apache.http.headers - http-outgoing-30 << Content-Length:14
12:55:04.556 [Forwarding actions on session 4862b55cecd0eb0e7d7d426c643805bd to remote] DEBUG org.apache.http.headers - http-outgoing-30 << Content-Type:application/json; charset=utf-8
12:55:04.556 [Forwarding actions on session 4862b55cecd0eb0e7d7d426c643805bd to remote] DEBUG org.apache.http.headers - http-outgoing-30 << cache-control:no-cache
12:55:04.556 [Forwarding actions on session 4862b55cecd0eb0e7d7d426c643805bd to remote] DEBUG org.apache.http.impl.execchain.MainClientExec - Connection can be kept alive indefinitely
12:55:04.556 [Forwarding actions on session 4862b55cecd0eb0e7d7d426c643805bd to remote] DEBUG org.apache.http.impl.conn.PoolingHttpClientConnectionManager - Connection [id: 30][route: {}->http://localhost:35043] can be kept alive indefinitely
12:55:04.556 [Forwarding actions on session 4862b55cecd0eb0e7d7d426c643805bd to remote] DEBUG org.apache.http.impl.conn.PoolingHttpClientConnectionManager - Connection released: [id: 30][route: {}->http://localhost:35043][total kept alive: 13; route allocated: 1 of 2000; total allocated: 13 of 2000]
12:55:04.557 [Forwarding findElement on session 4862b55cecd0eb0e7d7d426c643805bd to remote] DEBUG org.apache.http.client.protocol.RequestAddCookies - CookieSpec selected: default
12:55:04.557 [Forwarding findElement on session 4862b55cecd0eb0e7d7d426c643805bd to remote] DEBUG org.apache.http.client.protocol.RequestAuthCache - Auth cache not set in the context
12:55:04.557 [Forwarding findElement on session 4862b55cecd0eb0e7d7d426c643805bd to remote] DEBUG org.apache.http.impl.conn.PoolingHttpClientConnectionManager - Connection request: [route: {}->http://localhost:35043][total kept alive: 13; route allocated: 1 of 2000; total allocated: 13 of 2000]
12:55:04.557 [Forwarding findElement on session 4862b55cecd0eb0e7d7d426c643805bd to remote] DEBUG org.apache.http.impl.conn.PoolingHttpClientConnectionManager - Connection leased: [id: 30][route: {}->http://localhost:35043][total kept alive: 12; route allocated: 1 of 2000; total allocated: 13 of 2000]
12:55:04.557 [Forwarding findElement on session 4862b55cecd0eb0e7d7d426c643805bd to remote] DEBUG org.apache.http.impl.execchain.MainClientExec - Stale connection check
12:55:04.558 [Forwarding findElement on session 4862b55cecd0eb0e7d7d426c643805bd to remote] DEBUG org.apache.http.wire - http-outgoing-30 << "[read] I/O error: Read timed out"
12:55:04.558 [Forwarding findElement on session 4862b55cecd0eb0e7d7d426c643805bd to remote] DEBUG org.apache.http.impl.conn.DefaultManagedHttpClientConnection - http-outgoing-30: set socket timeout to 10800000
12:55:04.558 [Forwarding findElement on session 4862b55cecd0eb0e7d7d426c643805bd to remote] DEBUG org.apache.http.impl.execchain.MainClientExec - Executing request POST /session/4862b55cecd0eb0e7d7d426c643805bd/element HTTP/1.1
12:55:04.558 [Forwarding findElement on session 4862b55cecd0eb0e7d7d426c643805bd to remote] DEBUG org.apache.http.impl.execchain.MainClientExec - Target auth state: UNCHALLENGED
12:55:04.558 [Forwarding findElement on session 4862b55cecd0eb0e7d7d426c643805bd to remote] DEBUG org.apache.http.impl.execchain.MainClientExec - Proxy auth state: UNCHALLENGED
12:55:04.558 [Forwarding findElement on session 4862b55cecd0eb0e7d7d426c643805bd to remote] DEBUG org.apache.http.headers - http-outgoing-30 >> POST /session/4862b55cecd0eb0e7d7d426c643805bd/element HTTP/1.1
12:55:04.558 [Forwarding findElement on session 4862b55cecd0eb0e7d7d426c643805bd to remote] DEBUG org.apache.http.headers - http-outgoing-30 >> Content-Type: application/json; charset=utf-8
12:55:04.558 [Forwarding findElement on session 4862b55cecd0eb0e7d7d426c643805bd to remote] DEBUG org.apache.http.headers - http-outgoing-30 >> Content-Length: 58
12:55:04.558 [Forwarding findElement on session 4862b55cecd0eb0e7d7d426c643805bd to remote] DEBUG org.apache.http.headers - http-outgoing-30 >> Host: localhost:35043
12:55:04.558 [Forwarding findElement on session 4862b55cecd0eb0e7d7d426c643805bd to remote] DEBUG org.apache.http.headers - http-outgoing-30 >> Connection: Keep-Alive
12:55:04.558 [Forwarding findElement on session 4862b55cecd0eb0e7d7d426c643805bd to remote] DEBUG org.apache.http.headers - http-outgoing-30 >> User-Agent: Apache-HttpClient/4.5.3 (Java/1.8.0_211)
12:55:04.558 [Forwarding findElement on session 4862b55cecd0eb0e7d7d426c643805bd to remote] DEBUG org.apache.http.headers - http-outgoing-30 >> Accept-Encoding: gzip,deflate
12:55:04.558 [Forwarding findElement on session 4862b55cecd0eb0e7d7d426c643805bd to remote] DEBUG org.apache.http.wire - http-outgoing-30 >> "POST /session/4862b55cecd0eb0e7d7d426c643805bd/element HTTP/1.1[\r][\n]"
12:55:04.558 [Forwarding findElement on session 4862b55cecd0eb0e7d7d426c643805bd to remote] DEBUG org.apache.http.wire - http-outgoing-30 >> "Content-Type: application/json; charset=utf-8[\r][\n]"
12:55:04.558 [Forwarding findElement on session 4862b55cecd0eb0e7d7d426c643805bd to remote] DEBUG org.apache.http.wire - http-outgoing-30 >> "Content-Length: 58[\r][\n]"
12:55:04.558 [Forwarding findElement on session 4862b55cecd0eb0e7d7d426c643805bd to remote] DEBUG org.apache.http.wire - http-outgoing-30 >> "Host: localhost:35043[\r][\n]"
12:55:04.558 [Forwarding findElement on session 4862b55cecd0eb0e7d7d426c643805bd to remote] DEBUG org.apache.http.wire - http-outgoing-30 >> "Connection: Keep-Alive[\r][\n]"
12:55:04.558 [Forwarding findElement on session 4862b55cecd0eb0e7d7d426c643805bd to remote] DEBUG org.apache.http.wire - http-outgoing-30 >> "User-Agent: Apache-HttpClient/4.5.3 (Java/1.8.0_211)[\r][\n]"
12:55:04.558 [Forwarding findElement on session 4862b55cecd0eb0e7d7d426c643805bd to remote] DEBUG org.apache.http.wire - http-outgoing-30 >> "Accept-Encoding: gzip,deflate[\r][\n]"
12:55:04.558 [Forwarding findElement on session 4862b55cecd0eb0e7d7d426c643805bd to remote] DEBUG org.apache.http.wire - http-outgoing-30 >> "[\r][\n]"
12:55:04.558 [Forwarding findElement on session 4862b55cecd0eb0e7d7d426c643805bd to remote] DEBUG org.apache.http.wire - http-outgoing-30 >> "{"value":".px-2:nth-child(3) span","using":"css selector"}"
12:55:04.578 [Forwarding findElement on session 4862b55cecd0eb0e7d7d426c643805bd to remote] DEBUG org.apache.http.wire - http-outgoing-30 << "HTTP/1.1 200 OK[\r][\n]"
12:55:04.578 [Forwarding findElement on session 4862b55cecd0eb0e7d7d426c643805bd to remote] DEBUG org.apache.http.wire - http-outgoing-30 << "Content-Length:88[\r][\n]"
12:55:04.578 [Forwarding findElement on session 4862b55cecd0eb0e7d7d426c643805bd to remote] DEBUG org.apache.http.wire - http-outgoing-30 << "Content-Type:application/json; charset=utf-8[\r][\n]"
12:55:04.578 [Forwarding findElement on session 4862b55cecd0eb0e7d7d426c643805bd to remote] DEBUG org.apache.http.wire - http-outgoing-30 << "cache-control:no-cache[\r][\n]"
12:55:04.578 [Forwarding findElement on session 4862b55cecd0eb0e7d7d426c643805bd to remote] DEBUG org.apache.http.wire - http-outgoing-30 << "[\r][\n]"
12:55:04.578 [Forwarding findElement on session 4862b55cecd0eb0e7d7d426c643805bd to remote] DEBUG org.apache.http.wire - http-outgoing-30 << "{"value":{"element-6066-11e4-a52e-4f735466cecf":"13c624a0-652b-4900-a068-ad9415aa2dc8"}}"
12:55:04.578 [Forwarding findElement on session 4862b55cecd0eb0e7d7d426c643805bd to remote] DEBUG org.apache.http.headers - http-outgoing-30 << HTTP/1.1 200 OK
12:55:04.578 [Forwarding findElement on session 4862b55cecd0eb0e7d7d426c643805bd to remote] DEBUG org.apache.http.headers - http-outgoing-30 << Content-Length:88
12:55:04.578 [Forwarding findElement on session 4862b55cecd0eb0e7d7d426c643805bd to remote] DEBUG org.apache.http.headers - http-outgoing-30 << Content-Type:application/json; charset=utf-8
12:55:04.578 [Forwarding findElement on session 4862b55cecd0eb0e7d7d426c643805bd to remote] DEBUG org.apache.http.headers - http-outgoing-30 << cache-control:no-cache
12:55:04.579 [Forwarding findElement on session 4862b55cecd0eb0e7d7d426c643805bd to remote] DEBUG org.apache.http.impl.execchain.MainClientExec - Connection can be kept alive indefinitely
12:55:04.579 [Forwarding findElement on session 4862b55cecd0eb0e7d7d426c643805bd to remote] DEBUG org.apache.http.impl.conn.PoolingHttpClientConnectionManager - Connection [id: 30][route: {}->http://localhost:35043] can be kept alive indefinitely
12:55:04.579 [Forwarding findElement on session 4862b55cecd0eb0e7d7d426c643805bd to remote] DEBUG org.apache.http.impl.conn.PoolingHttpClientConnectionManager - Connection released: [id: 30][route: {}->http://localhost:35043][total kept alive: 13; route allocated: 1 of 2000; total allocated: 13 of 2000]
12:55:04.579 [Forwarding clickElement on session 4862b55cecd0eb0e7d7d426c643805bd to remote] DEBUG org.apache.http.client.protocol.RequestAddCookies - CookieSpec selected: default
12:55:04.580 [Forwarding clickElement on session 4862b55cecd0eb0e7d7d426c643805bd to remote] DEBUG org.apache.http.client.protocol.RequestAuthCache - Auth cache not set in the context
12:55:04.580 [Forwarding clickElement on session 4862b55cecd0eb0e7d7d426c643805bd to remote] DEBUG org.apache.http.impl.conn.PoolingHttpClientConnectionManager - Connection request: [route: {}->http://localhost:35043][total kept alive: 13; route allocated: 1 of 2000; total allocated: 13 of 2000]
12:55:04.580 [Forwarding clickElement on session 4862b55cecd0eb0e7d7d426c643805bd to remote] DEBUG org.apache.http.impl.conn.PoolingHttpClientConnectionManager - Connection leased: [id: 30][route: {}->http://localhost:35043][total kept alive: 12; route allocated: 1 of 2000; total allocated: 13 of 2000]
12:55:04.580 [Forwarding clickElement on session 4862b55cecd0eb0e7d7d426c643805bd to remote] DEBUG org.apache.http.impl.execchain.MainClientExec - Stale connection check
12:55:04.581 [Forwarding clickElement on session 4862b55cecd0eb0e7d7d426c643805bd to remote] DEBUG org.apache.http.wire - http-outgoing-30 << "[read] I/O error: Read timed out"
12:55:04.581 [Forwarding clickElement on session 4862b55cecd0eb0e7d7d426c643805bd to remote] DEBUG org.apache.http.impl.conn.DefaultManagedHttpClientConnection - http-outgoing-30: set socket timeout to 10800000
12:55:04.581 [Forwarding clickElement on session 4862b55cecd0eb0e7d7d426c643805bd to remote] DEBUG org.apache.http.impl.execchain.MainClientExec - Executing request POST /session/4862b55cecd0eb0e7d7d426c643805bd/element/13c624a0-652b-4900-a068-ad9415aa2dc8/click HTTP/1.1
12:55:04.581 [Forwarding clickElement on session 4862b55cecd0eb0e7d7d426c643805bd to remote] DEBUG org.apache.http.impl.execchain.MainClientExec - Target auth state: UNCHALLENGED
12:55:04.581 [Forwarding clickElement on session 4862b55cecd0eb0e7d7d426c643805bd to remote] DEBUG org.apache.http.impl.execchain.MainClientExec - Proxy auth state: UNCHALLENGED
12:55:04.581 [Forwarding clickElement on session 4862b55cecd0eb0e7d7d426c643805bd to remote] DEBUG org.apache.http.headers - http-outgoing-30 >> POST /session/4862b55cecd0eb0e7d7d426c643805bd/element/13c624a0-652b-4900-a068-ad9415aa2dc8/click HTTP/1.1
12:55:04.581 [Forwarding clickElement on session 4862b55cecd0eb0e7d7d426c643805bd to remote] DEBUG org.apache.http.headers - http-outgoing-30 >> Content-Type: application/json; charset=utf-8
12:55:04.581 [Forwarding clickElement on session 4862b55cecd0eb0e7d7d426c643805bd to remote] DEBUG org.apache.http.headers - http-outgoing-30 >> Content-Length: 45
12:55:04.581 [Forwarding clickElement on session 4862b55cecd0eb0e7d7d426c643805bd to remote] DEBUG org.apache.http.headers - http-outgoing-30 >> Host: localhost:35043
12:55:04.581 [Forwarding clickElement on session 4862b55cecd0eb0e7d7d426c643805bd to remote] DEBUG org.apache.http.headers - http-outgoing-30 >> Connection: Keep-Alive
12:55:04.581 [Forwarding clickElement on session 4862b55cecd0eb0e7d7d426c643805bd to remote] DEBUG org.apache.http.headers - http-outgoing-30 >> User-Agent: Apache-HttpClient/4.5.3 (Java/1.8.0_211)
12:55:04.581 [Forwarding clickElement on session 4862b55cecd0eb0e7d7d426c643805bd to remote] DEBUG org.apache.http.headers - http-outgoing-30 >> Accept-Encoding: gzip,deflate
12:55:04.581 [Forwarding clickElement on session 4862b55cecd0eb0e7d7d426c643805bd to remote] DEBUG org.apache.http.wire - http-outgoing-30 >> "POST /session/4862b55cecd0eb0e7d7d426c643805bd/element/13c624a0-652b-4900-a068-ad9415aa2dc8/click HTTP/1.1[\r][\n]"
12:55:04.581 [Forwarding clickElement on session 4862b55cecd0eb0e7d7d426c643805bd to remote] DEBUG org.apache.http.wire - http-outgoing-30 >> "Content-Type: application/json; charset=utf-8[\r][\n]"
12:55:04.581 [Forwarding clickElement on session 4862b55cecd0eb0e7d7d426c643805bd to remote] DEBUG org.apache.http.wire - http-outgoing-30 >> "Content-Length: 45[\r][\n]"
12:55:04.581 [Forwarding clickElement on session 4862b55cecd0eb0e7d7d426c643805bd to remote] DEBUG org.apache.http.wire - http-outgoing-30 >> "Host: localhost:35043[\r][\n]"
12:55:04.581 [Forwarding clickElement on session 4862b55cecd0eb0e7d7d426c643805bd to remote] DEBUG org.apache.http.wire - http-outgoing-30 >> "Connection: Keep-Alive[\r][\n]"
12:55:04.581 [Forwarding clickElement on session 4862b55cecd0eb0e7d7d426c643805bd to remote] DEBUG org.apache.http.wire - http-outgoing-30 >> "User-Agent: Apache-HttpClient/4.5.3 (Java/1.8.0_211)[\r][\n]"
12:55:04.581 [Forwarding clickElement on session 4862b55cecd0eb0e7d7d426c643805bd to remote] DEBUG org.apache.http.wire - http-outgoing-30 >> "Accept-Encoding: gzip,deflate[\r][\n]"
12:55:04.581 [Forwarding clickElement on session 4862b55cecd0eb0e7d7d426c643805bd to remote] DEBUG org.apache.http.wire - http-outgoing-30 >> "[\r][\n]"
12:55:04.581 [Forwarding clickElement on session 4862b55cecd0eb0e7d7d426c643805bd to remote] DEBUG org.apache.http.wire - http-outgoing-30 >> "{"id":"13c624a0-652b-4900-a068-ad9415aa2dc8"}"
12:55:14.603 [Forwarding clickElement on session 4862b55cecd0eb0e7d7d426c643805bd to remote] DEBUG org.apache.http.wire - http-outgoing-30 << "HTTP/1.1 400 Bad Request[\r][\n]"
12:55:14.603 [Forwarding clickElement on session 4862b55cecd0eb0e7d7d426c643805bd to remote] DEBUG org.apache.http.wire - http-outgoing-30 << "Content-Length:1948[\r][\n]"
12:55:14.603 [Forwarding clickElement on session 4862b55cecd0eb0e7d7d426c643805bd to remote] DEBUG org.apache.http.wire - http-outgoing-30 << "Content-Type:application/json; charset=utf-8[\r][\n]"
12:55:14.603 [Forwarding clickElement on session 4862b55cecd0eb0e7d7d426c643805bd to remote] DEBUG org.apache.http.wire - http-outgoing-30 << "cache-control:no-cache[\r][\n]"
12:55:14.603 [Forwarding clickElement on session 4862b55cecd0eb0e7d7d426c643805bd to remote] DEBUG org.apache.http.wire - http-outgoing-30 << "[\r][\n]"
12:55:14.603 [Forwarding clickElement on session 4862b55cecd0eb0e7d7d426c643805bd to remote] DEBUG org.apache.http.wire - http-outgoing-30 << "{"value":{"error":"element not interactable","message":"element not interactable\n  (Session info: chrome=80.0.3987.149)","stacktrace":"0   chromedriver                        0x0000000104956329 chromedriver + 3838761\n1   chromedriver                        0x00000001048f0123 chromedriver + 3420451\n2   chromedriver                        0x0000000104664482 chromedriver + 750722\n3   chromedriver                        0x00000001045d2c86 chromedriver + 154758\n4   chromedriver                        0x00000001045ca656 chromedriver + 120406\n5   chromedriver                        0x00000001045ee592 chromedriver + 267666\n6   chromedriver                        0x00000001045ca3c6 chromedriver + 119750\n7   chromedriver                        0x00000001045ee80e chromedriver + 268302\n8   chromedriver                        0x00000001045fb38b chromedriver + 320395\n9   chromedriver                        0x00000001045ee7b3 chromedriver + 268211\n10  chromedriver                        0x00000001045c80bd chromedriver + 110781\n11  chromedriver                        0x00000001045c9055 chromedriver + 114773\n12  chromedriver                        0x0000000104917ebf chromedriver + 3583679\n13  chromedriver                        0x0000000104924e4a chromedriver + 3636810\n14  chromedriver                        0x0000000104924be7 chromedriver + 3636199\n15  chromedriver                        0x00000001048fb839 chromedriver + 3467321\n16  chromedriver                        0x0000000104925707 chromedriver + 3639047\n17  chromedriver                        0x000000010490dcc7 chromedriver + 3542215\n18  chromedriver                        0x000000010493b324 chromedriver + 3728164\n19  chromedriver                        0x000000010495c387 chromedriver + 3863431\n20  libsystem_pthread.dylib             0x00007fff6e23ee65 _pthread_start + 148\n21  libsystem_pthread.dylib             0x00007fff6e23a83b thread_start + 15\n"}}"
12:55:14.603 [Forwarding clickElement on session 4862b55cecd0eb0e7d7d426c643805bd to remote] DEBUG org.apache.http.headers - http-outgoing-30 << HTTP/1.1 400 Bad Request
12:55:14.603 [Forwarding clickElement on session 4862b55cecd0eb0e7d7d426c643805bd to remote] DEBUG org.apache.http.headers - http-outgoing-30 << Content-Length:1948
12:55:14.603 [Forwarding clickElement on session 4862b55cecd0eb0e7d7d426c643805bd to remote] DEBUG org.apache.http.headers - http-outgoing-30 << Content-Type:application/json; charset=utf-8
12:55:14.603 [Forwarding clickElement on session 4862b55cecd0eb0e7d7d426c643805bd to remote] DEBUG org.apache.http.headers - http-outgoing-30 << cache-control:no-cache
12:55:14.603 [Forwarding clickElement on session 4862b55cecd0eb0e7d7d426c643805bd to remote] DEBUG org.apache.http.impl.execchain.MainClientExec - Connection can be kept alive indefinitely
12:55:14.603 [Forwarding clickElement on session 4862b55cecd0eb0e7d7d426c643805bd to remote] DEBUG org.apache.http.impl.conn.PoolingHttpClientConnectionManager - Connection [id: 30][route: {}->http://localhost:35043] can be kept alive indefinitely
12:55:14.603 [Forwarding clickElement on session 4862b55cecd0eb0e7d7d426c643805bd to remote] DEBUG org.apache.http.impl.conn.PoolingHttpClientConnectionManager - Connection released: [id: 30][route: {}->http://localhost:35043][total kept alive: 13; route allocated: 1 of 2000; total allocated: 13 of 2000]
]]></system-out>
  <system-err><![CDATA[Starting ChromeDriver 80.0.3987.106 (f68069574609230cf9b635cd784cfb1bf81bb53a-refs/branch-heads/3987@{#882}) on port 35043
Only local connections are allowed.
Please protect ports used by ChromeDriver and related test frameworks to prevent access by malicious code.
[1584680100.629][WARNING]: FromSockAddr failed on netmask
三月 20, 2020 12:55:01 下午 org.openqa.selenium.remote.ProtocolHandshake createSession
信息: Detected dialect: W3C
[1584680102.052][SEVERE]: Timed out receiving message from renderer: 0.100
[1584680102.153][SEVERE]: Timed out receiving message from renderer: 0.100
[1584680102.295][SEVERE]: Timed out receiving message from renderer: 0.100
[1584680102.396][SEVERE]: Timed out receiving message from renderer: 0.100
[1584680102.497][SEVERE]: Timed out receiving message from renderer: 0.100
[1584680102.597][SEVERE]: Timed out receiving message from renderer: 0.100
[1584680102.698][SEVERE]: Timed out receiving message from renderer: 0.100
[1584680102.800][SEVERE]: Timed out receiving message from renderer: 0.100
[1584680102.902][SEVERE]: Timed out receiving message from renderer: 0.100
[1584680103.185][SEVERE]: Timed out receiving message from renderer: 0.100
[1584680103.285][SEVERE]: Timed out receiving message from renderer: 0.100
[1584680103.503][SEVERE]: Timed out receiving message from renderer: 0.100
[1584680103.604][SEVERE]: Timed out receiving message from renderer: 0.100
[1584680103.707][SEVERE]: Timed out receiving message from renderer: 0.100
[1584680103.840][SEVERE]: Timed out receiving message from renderer: 0.100
[1584680103.957][SEVERE]: Timed out receiving message from renderer: 0.100
]]></system-err>
</testsuite>
