<?xml version="1.0" encoding="UTF-8"?>
<testsuite name="tron.tronscan.tronscanUI.MtoS_TRC10Token" tests="1" skipped="0" failures="1" errors="0" timestamp="2020-03-20T04:53:06" hostname="zhukaideiMac.local" time="4.068">
  <properties/>
  <testcase name="test" classname="tron.tronscan.tronscanUI.MtoS_TRC10Token" time="4.068">
    <failure message="java.lang.AssertionError: expected [转入成功] but found [转入失败]" type="java.lang.AssertionError">java.lang.AssertionError: expected [转入成功] but found [转入失败]
	at org.testng.Assert.fail(Assert.java:96)
	at org.testng.Assert.failNotEquals(Assert.java:776)
	at org.testng.Assert.assertEqualsImpl(Assert.java:137)
	at org.testng.Assert.assertEquals(Assert.java:118)
	at org.testng.Assert.assertEquals(Assert.java:453)
	at org.testng.Assert.assertEquals(Assert.java:463)
	at tron.tronscan.tronscanUI.MtoS_TRC10Token.test(MtoS_TRC10Token.java:46)
	at sun.reflect.NativeMethodAccessorImpl.invoke0(Native Method)
	at sun.reflect.NativeMethodAccessorImpl.invoke(NativeMethodAccessorImpl.java:62)
	at sun.reflect.DelegatingMethodAccessorImpl.invoke(DelegatingMethodAccessorImpl.java:43)
	at java.lang.reflect.Method.invoke(Method.java:498)
	at org.testng.internal.MethodInvocationHelper.invokeMethod(MethodInvocationHelper.java:124)
	at org.testng.internal.Invoker.invokeMethod(Invoker.java:583)
	at org.testng.internal.Invoker.invokeTestMethod(Invoker.java:719)
	at org.testng.internal.Invoker.invokeTestMethods(Invoker.java:989)
	at org.testng.internal.TestMethodWorker.invokeTestMethods(TestMethodWorker.java:125)
	at org.testng.internal.TestMethodWorker.run(TestMethodWorker.java:109)
	at org.testng.TestRunner.privateRun(TestRunner.java:648)
	at org.testng.TestRunner.run(TestRunner.java:505)
	at org.testng.SuiteRunner.runTest(SuiteRunner.java:455)
	at org.testng.SuiteRunner.runSequentially(SuiteRunner.java:450)
	at org.testng.SuiteRunner.privateRun(SuiteRunner.java:415)
	at org.testng.SuiteRunner.run(SuiteRunner.java:364)
	at org.testng.SuiteRunnerWorker.runSuite(SuiteRunnerWorker.java:52)
	at org.testng.SuiteRunnerWorker.run(SuiteRunnerWorker.java:84)
	at org.testng.TestNG.runSuitesSequentially(TestNG.java:1208)
	at org.testng.TestNG.runSuitesLocally(TestNG.java:1137)
	at org.testng.TestNG.runSuites(TestNG.java:1049)
	at org.testng.TestNG.run(TestNG.java:1017)
	at org.gradle.api.internal.tasks.testing.testng.TestNGTestClassProcessor.runTests(TestNGTestClassProcessor.java:139)
	at org.gradle.api.internal.tasks.testing.testng.TestNGTestClassProcessor.stop(TestNGTestClassProcessor.java:89)
	at org.gradle.api.internal.tasks.testing.SuiteTestClassProcessor.stop(SuiteTestClassProcessor.java:61)
	at sun.reflect.NativeMethodAccessorImpl.invoke0(Native Method)
	at sun.reflect.NativeMethodAccessorImpl.invoke(NativeMethodAccessorImpl.java:62)
	at sun.reflect.DelegatingMethodAccessorImpl.invoke(DelegatingMethodAccessorImpl.java:43)
	at java.lang.reflect.Method.invoke(Method.java:498)
	at org.gradle.internal.dispatch.ReflectionDispatch.dispatch(ReflectionDispatch.java:35)
	at org.gradle.internal.dispatch.ReflectionDispatch.dispatch(ReflectionDispatch.java:24)
	at org.gradle.internal.dispatch.ContextClassLoaderDispatch.dispatch(ContextClassLoaderDispatch.java:32)
	at org.gradle.internal.dispatch.ProxyDispatchAdapter$DispatchingInvocationHandler.invoke(ProxyDispatchAdapter.java:93)
	at com.sun.proxy.$Proxy2.stop(Unknown Source)
	at org.gradle.api.internal.tasks.testing.worker.TestWorker.stop(TestWorker.java:131)
	at sun.reflect.NativeMethodAccessorImpl.invoke0(Native Method)
	at sun.reflect.NativeMethodAccessorImpl.invoke(NativeMethodAccessorImpl.java:62)
	at sun.reflect.DelegatingMethodAccessorImpl.invoke(DelegatingMethodAccessorImpl.java:43)
	at java.lang.reflect.Method.invoke(Method.java:498)
	at org.gradle.internal.dispatch.ReflectionDispatch.dispatch(ReflectionDispatch.java:35)
	at org.gradle.internal.dispatch.ReflectionDispatch.dispatch(ReflectionDispatch.java:24)
	at org.gradle.internal.remote.internal.hub.MessageHubBackedObjectConnection$DispatchWrapper.dispatch(MessageHubBackedObjectConnection.java:155)
	at org.gradle.internal.remote.internal.hub.MessageHubBackedObjectConnection$DispatchWrapper.dispatch(MessageHubBackedObjectConnection.java:137)
	at org.gradle.internal.remote.internal.hub.MessageHub$Handler.run(MessageHub.java:404)
	at org.gradle.internal.concurrent.ExecutorPolicy$CatchAndRecordFailures.onExecute(ExecutorPolicy.java:63)
	at org.gradle.internal.concurrent.ManagedExecutorImpl$1.run(ManagedExecutorImpl.java:46)
	at java.util.concurrent.ThreadPoolExecutor.runWorker(ThreadPoolExecutor.java:1149)
	at java.util.concurrent.ThreadPoolExecutor$Worker.run(ThreadPoolExecutor.java:624)
	at org.gradle.internal.concurrent.ThreadFactoryImpl$ManagedThreadRunnable.run(ThreadFactoryImpl.java:55)
	at java.lang.Thread.run(Thread.java:748)
</failure>
  </testcase>
  <system-out><![CDATA[12:53:02.924 [Forwarding newSession on session null to remote] DEBUG org.apache.http.client.protocol.RequestAddCookies - CookieSpec selected: default
12:53:02.924 [Forwarding newSession on session null to remote] DEBUG org.apache.http.client.protocol.RequestAuthCache - Auth cache not set in the context
12:53:02.924 [Forwarding newSession on session null to remote] DEBUG org.apache.http.impl.conn.PoolingHttpClientConnectionManager - Connection request: [route: {}->http://localhost:36671][total kept alive: 5; route allocated: 0 of 2000; total allocated: 5 of 2000]
12:53:02.924 [Forwarding newSession on session null to remote] DEBUG org.apache.http.impl.conn.PoolingHttpClientConnectionManager - Connection leased: [id: 23][route: {}->http://localhost:36671][total kept alive: 5; route allocated: 1 of 2000; total allocated: 6 of 2000]
12:53:02.924 [Forwarding newSession on session null to remote] DEBUG org.apache.http.impl.execchain.MainClientExec - Opening connection {}->http://localhost:36671
12:53:02.924 [Forwarding newSession on session null to remote] DEBUG org.apache.http.impl.conn.DefaultHttpClientConnectionOperator - Connecting to localhost/127.0.0.1:36671
12:53:02.925 [Forwarding newSession on session null to remote] DEBUG org.apache.http.impl.conn.DefaultHttpClientConnectionOperator - Connection established 127.0.0.1:61237<->127.0.0.1:36671
12:53:02.925 [Forwarding newSession on session null to remote] DEBUG org.apache.http.impl.conn.DefaultManagedHttpClientConnection - http-outgoing-23: set socket timeout to 10800000
12:53:02.925 [Forwarding newSession on session null to remote] DEBUG org.apache.http.impl.execchain.MainClientExec - Executing request POST /session HTTP/1.1
12:53:02.925 [Forwarding newSession on session null to remote] DEBUG org.apache.http.impl.execchain.MainClientExec - Target auth state: UNCHALLENGED
12:53:02.925 [Forwarding newSession on session null to remote] DEBUG org.apache.http.impl.execchain.MainClientExec - Proxy auth state: UNCHALLENGED
12:53:02.925 [Forwarding newSession on session null to remote] DEBUG org.apache.http.headers - http-outgoing-23 >> POST /session HTTP/1.1
12:53:02.925 [Forwarding newSession on session null to remote] DEBUG org.apache.http.headers - http-outgoing-23 >> Content-Type: application/json; charset=utf-8
12:53:02.925 [Forwarding newSession on session null to remote] DEBUG org.apache.http.headers - http-outgoing-23 >> Content-Length: 560
12:53:02.925 [Forwarding newSession on session null to remote] DEBUG org.apache.http.headers - http-outgoing-23 >> Host: localhost:36671
12:53:02.925 [Forwarding newSession on session null to remote] DEBUG org.apache.http.headers - http-outgoing-23 >> Connection: Keep-Alive
12:53:02.925 [Forwarding newSession on session null to remote] DEBUG org.apache.http.headers - http-outgoing-23 >> User-Agent: Apache-HttpClient/4.5.3 (Java/1.8.0_211)
12:53:02.925 [Forwarding newSession on session null to remote] DEBUG org.apache.http.headers - http-outgoing-23 >> Accept-Encoding: gzip,deflate
12:53:02.925 [Forwarding newSession on session null to remote] DEBUG org.apache.http.wire - http-outgoing-23 >> "POST /session HTTP/1.1[\r][\n]"
12:53:02.925 [Forwarding newSession on session null to remote] DEBUG org.apache.http.wire - http-outgoing-23 >> "Content-Type: application/json; charset=utf-8[\r][\n]"
12:53:02.925 [Forwarding newSession on session null to remote] DEBUG org.apache.http.wire - http-outgoing-23 >> "Content-Length: 560[\r][\n]"
12:53:02.925 [Forwarding newSession on session null to remote] DEBUG org.apache.http.wire - http-outgoing-23 >> "Host: localhost:36671[\r][\n]"
12:53:02.925 [Forwarding newSession on session null to remote] DEBUG org.apache.http.wire - http-outgoing-23 >> "Connection: Keep-Alive[\r][\n]"
12:53:02.925 [Forwarding newSession on session null to remote] DEBUG org.apache.http.wire - http-outgoing-23 >> "User-Agent: Apache-HttpClient/4.5.3 (Java/1.8.0_211)[\r][\n]"
12:53:02.925 [Forwarding newSession on session null to remote] DEBUG org.apache.http.wire - http-outgoing-23 >> "Accept-Encoding: gzip,deflate[\r][\n]"
12:53:02.925 [Forwarding newSession on session null to remote] DEBUG org.apache.http.wire - http-outgoing-23 >> "[\r][\n]"
12:53:02.925 [Forwarding newSession on session null to remote] DEBUG org.apache.http.wire - http-outgoing-23 >> "{[\n]"
12:53:02.925 [Forwarding newSession on session null to remote] DEBUG org.apache.http.wire - http-outgoing-23 >> "  "desiredCapabilities": {[\n]"
12:53:02.925 [Forwarding newSession on session null to remote] DEBUG org.apache.http.wire - http-outgoing-23 >> "    "browserName": "chrome",[\n]"
12:53:02.925 [Forwarding newSession on session null to remote] DEBUG org.apache.http.wire - http-outgoing-23 >> "    "goog:chromeOptions": {[\n]"
12:53:02.925 [Forwarding newSession on session null to remote] DEBUG org.apache.http.wire - http-outgoing-23 >> "      "args": [],[\n]"
12:53:02.925 [Forwarding newSession on session null to remote] DEBUG org.apache.http.wire - http-outgoing-23 >> "      "extensions": [][\n]"
12:53:02.925 [Forwarding newSession on session null to remote] DEBUG org.apache.http.wire - http-outgoing-23 >> "    }[\n]"
12:53:02.925 [Forwarding newSession on session null to remote] DEBUG org.apache.http.wire - http-outgoing-23 >> "  },[\n]"
12:53:02.925 [Forwarding newSession on session null to remote] DEBUG org.apache.http.wire - http-outgoing-23 >> "  "requiredCapabilities": {},[\n]"
12:53:02.925 [Forwarding newSession on session null to remote] DEBUG org.apache.http.wire - http-outgoing-23 >> "  "capabilities": {[\n]"
12:53:02.925 [Forwarding newSession on session null to remote] DEBUG org.apache.http.wire - http-outgoing-23 >> "    "desiredCapabilities": {[\n]"
12:53:02.925 [Forwarding newSession on session null to remote] DEBUG org.apache.http.wire - http-outgoing-23 >> "      "browserName": "chrome",[\n]"
12:53:02.925 [Forwarding newSession on session null to remote] DEBUG org.apache.http.wire - http-outgoing-23 >> "      "goog:chromeOptions": {[\n]"
12:53:02.925 [Forwarding newSession on session null to remote] DEBUG org.apache.http.wire - http-outgoing-23 >> "        "args": [],[\n]"
12:53:02.925 [Forwarding newSession on session null to remote] DEBUG org.apache.http.wire - http-outgoing-23 >> "        "extensions": [][\n]"
12:53:02.925 [Forwarding newSession on session null to remote] DEBUG org.apache.http.wire - http-outgoing-23 >> "      }[\n]"
12:53:02.925 [Forwarding newSession on session null to remote] DEBUG org.apache.http.wire - http-outgoing-23 >> "    },[\n]"
12:53:02.925 [Forwarding newSession on session null to remote] DEBUG org.apache.http.wire - http-outgoing-23 >> "    "requiredCapabilities": {},[\n]"
12:53:02.925 [Forwarding newSession on session null to remote] DEBUG org.apache.http.wire - http-outgoing-23 >> "    "alwaysMatch": {[\n]"
12:53:02.925 [Forwarding newSession on session null to remote] DEBUG org.apache.http.wire - http-outgoing-23 >> "      "goog:chromeOptions": {[\n]"
12:53:02.925 [Forwarding newSession on session null to remote] DEBUG org.apache.http.wire - http-outgoing-23 >> "        "args": [],[\n]"
12:53:02.925 [Forwarding newSession on session null to remote] DEBUG org.apache.http.wire - http-outgoing-23 >> "        "extensions": [][\n]"
12:53:02.925 [Forwarding newSession on session null to remote] DEBUG org.apache.http.wire - http-outgoing-23 >> "      }[\n]"
12:53:02.925 [Forwarding newSession on session null to remote] DEBUG org.apache.http.wire - http-outgoing-23 >> "    },[\n]"
12:53:02.925 [Forwarding newSession on session null to remote] DEBUG org.apache.http.wire - http-outgoing-23 >> "    "firstMatch": [[\n]"
12:53:02.925 [Forwarding newSession on session null to remote] DEBUG org.apache.http.wire - http-outgoing-23 >> "      {[\n]"
12:53:02.925 [Forwarding newSession on session null to remote] DEBUG org.apache.http.wire - http-outgoing-23 >> "        "browserName": "chrome"[\n]"
12:53:02.925 [Forwarding newSession on session null to remote] DEBUG org.apache.http.wire - http-outgoing-23 >> "      }[\n]"
12:53:02.925 [Forwarding newSession on session null to remote] DEBUG org.apache.http.wire - http-outgoing-23 >> "    ][\n]"
12:53:02.925 [Forwarding newSession on session null to remote] DEBUG org.apache.http.wire - http-outgoing-23 >> "  }[\n]"
12:53:02.925 [Forwarding newSession on session null to remote] DEBUG org.apache.http.wire - http-outgoing-23 >> "}"
12:53:03.603 [Forwarding newSession on session null to remote] DEBUG org.apache.http.wire - http-outgoing-23 << "HTTP/1.1 200 OK[\r][\n]"
12:53:03.603 [Forwarding newSession on session null to remote] DEBUG org.apache.http.wire - http-outgoing-23 << "Content-Length:690[\r][\n]"
12:53:03.603 [Forwarding newSession on session null to remote] DEBUG org.apache.http.wire - http-outgoing-23 << "Content-Type:application/json; charset=utf-8[\r][\n]"
12:53:03.603 [Forwarding newSession on session null to remote] DEBUG org.apache.http.wire - http-outgoing-23 << "cache-control:no-cache[\r][\n]"
12:53:03.603 [Forwarding newSession on session null to remote] DEBUG org.apache.http.wire - http-outgoing-23 << "[\r][\n]"
12:53:03.603 [Forwarding newSession on session null to remote] DEBUG org.apache.http.wire - http-outgoing-23 << "{"value":{"capabilities":{"acceptInsecureCerts":false,"browserName":"chrome","browserVersion":"80.0.3987.149","chrome":{"chromedriverVersion":"80.0.3987.106 (f68069574609230cf9b635cd784cfb1bf81bb53a-refs/branch-heads/3987@{#882})","userDataDir":"/var/folders/fs/0qxrqb5x7zg5dtqrhc9t0clm0000gn/T/.com.google.Chrome.XiZFPI"},"goog:chromeOptions":{"debuggerAddress":"localhost:61239"},"networkConnectionEnabled":false,"pageLoadStrategy":"normal","platformName":"mac os x","proxy":{},"setWindowRect":true,"strictFileInteractability":false,"timeouts":{"implicit":0,"pageLoad":300000,"script":30000},"unhandledPromptBehavior":"dismiss and notify"},"sessionId":"ff74fcc753f8850d27c07d497adfb162"}}"
12:53:03.603 [Forwarding newSession on session null to remote] DEBUG org.apache.http.headers - http-outgoing-23 << HTTP/1.1 200 OK
12:53:03.603 [Forwarding newSession on session null to remote] DEBUG org.apache.http.headers - http-outgoing-23 << Content-Length:690
12:53:03.603 [Forwarding newSession on session null to remote] DEBUG org.apache.http.headers - http-outgoing-23 << Content-Type:application/json; charset=utf-8
12:53:03.603 [Forwarding newSession on session null to remote] DEBUG org.apache.http.headers - http-outgoing-23 << cache-control:no-cache
12:53:03.603 [Forwarding newSession on session null to remote] DEBUG org.apache.http.impl.execchain.MainClientExec - Connection can be kept alive indefinitely
12:53:03.603 [Forwarding newSession on session null to remote] DEBUG org.apache.http.impl.conn.PoolingHttpClientConnectionManager - Connection [id: 23][route: {}->http://localhost:36671] can be kept alive indefinitely
12:53:03.603 [Forwarding newSession on session null to remote] DEBUG org.apache.http.impl.conn.PoolingHttpClientConnectionManager - Connection released: [id: 23][route: {}->http://localhost:36671][total kept alive: 6; route allocated: 1 of 2000; total allocated: 6 of 2000]
12:53:03.606 [Forwarding get on session ff74fcc753f8850d27c07d497adfb162 to remote] DEBUG org.apache.http.client.protocol.RequestAddCookies - CookieSpec selected: default
12:53:03.606 [Forwarding get on session ff74fcc753f8850d27c07d497adfb162 to remote] DEBUG org.apache.http.client.protocol.RequestAuthCache - Auth cache not set in the context
12:53:03.606 [Forwarding get on session ff74fcc753f8850d27c07d497adfb162 to remote] DEBUG org.apache.http.impl.conn.PoolingHttpClientConnectionManager - Connection request: [route: {}->http://localhost:36671][total kept alive: 6; route allocated: 1 of 2000; total allocated: 6 of 2000]
12:53:03.606 [Forwarding get on session ff74fcc753f8850d27c07d497adfb162 to remote] DEBUG org.apache.http.impl.conn.PoolingHttpClientConnectionManager - Connection leased: [id: 23][route: {}->http://localhost:36671][total kept alive: 5; route allocated: 1 of 2000; total allocated: 6 of 2000]
12:53:03.606 [Forwarding get on session ff74fcc753f8850d27c07d497adfb162 to remote] DEBUG org.apache.http.impl.execchain.MainClientExec - Stale connection check
12:53:03.607 [Forwarding get on session ff74fcc753f8850d27c07d497adfb162 to remote] DEBUG org.apache.http.wire - http-outgoing-23 << "[read] I/O error: Read timed out"
12:53:03.607 [Forwarding get on session ff74fcc753f8850d27c07d497adfb162 to remote] DEBUG org.apache.http.impl.conn.DefaultManagedHttpClientConnection - http-outgoing-23: set socket timeout to 10800000
12:53:03.607 [Forwarding get on session ff74fcc753f8850d27c07d497adfb162 to remote] DEBUG org.apache.http.impl.execchain.MainClientExec - Executing request POST /session/ff74fcc753f8850d27c07d497adfb162/url HTTP/1.1
12:53:03.607 [Forwarding get on session ff74fcc753f8850d27c07d497adfb162 to remote] DEBUG org.apache.http.impl.execchain.MainClientExec - Target auth state: UNCHALLENGED
12:53:03.607 [Forwarding get on session ff74fcc753f8850d27c07d497adfb162 to remote] DEBUG org.apache.http.impl.execchain.MainClientExec - Proxy auth state: UNCHALLENGED
12:53:03.607 [Forwarding get on session ff74fcc753f8850d27c07d497adfb162 to remote] DEBUG org.apache.http.headers - http-outgoing-23 >> POST /session/ff74fcc753f8850d27c07d497adfb162/url HTTP/1.1
12:53:03.607 [Forwarding get on session ff74fcc753f8850d27c07d497adfb162 to remote] DEBUG org.apache.http.headers - http-outgoing-23 >> Content-Type: application/json; charset=utf-8
12:53:03.607 [Forwarding get on session ff74fcc753f8850d27c07d497adfb162 to remote] DEBUG org.apache.http.headers - http-outgoing-23 >> Content-Length: 33
12:53:03.607 [Forwarding get on session ff74fcc753f8850d27c07d497adfb162 to remote] DEBUG org.apache.http.headers - http-outgoing-23 >> Host: localhost:36671
12:53:03.607 [Forwarding get on session ff74fcc753f8850d27c07d497adfb162 to remote] DEBUG org.apache.http.headers - http-outgoing-23 >> Connection: Keep-Alive
12:53:03.607 [Forwarding get on session ff74fcc753f8850d27c07d497adfb162 to remote] DEBUG org.apache.http.headers - http-outgoing-23 >> User-Agent: Apache-HttpClient/4.5.3 (Java/1.8.0_211)
12:53:03.607 [Forwarding get on session ff74fcc753f8850d27c07d497adfb162 to remote] DEBUG org.apache.http.headers - http-outgoing-23 >> Accept-Encoding: gzip,deflate
12:53:03.607 [Forwarding get on session ff74fcc753f8850d27c07d497adfb162 to remote] DEBUG org.apache.http.wire - http-outgoing-23 >> "POST /session/ff74fcc753f8850d27c07d497adfb162/url HTTP/1.1[\r][\n]"
12:53:03.607 [Forwarding get on session ff74fcc753f8850d27c07d497adfb162 to remote] DEBUG org.apache.http.wire - http-outgoing-23 >> "Content-Type: application/json; charset=utf-8[\r][\n]"
12:53:03.607 [Forwarding get on session ff74fcc753f8850d27c07d497adfb162 to remote] DEBUG org.apache.http.wire - http-outgoing-23 >> "Content-Length: 33[\r][\n]"
12:53:03.607 [Forwarding get on session ff74fcc753f8850d27c07d497adfb162 to remote] DEBUG org.apache.http.wire - http-outgoing-23 >> "Host: localhost:36671[\r][\n]"
12:53:03.607 [Forwarding get on session ff74fcc753f8850d27c07d497adfb162 to remote] DEBUG org.apache.http.wire - http-outgoing-23 >> "Connection: Keep-Alive[\r][\n]"
12:53:03.607 [Forwarding get on session ff74fcc753f8850d27c07d497adfb162 to remote] DEBUG org.apache.http.wire - http-outgoing-23 >> "User-Agent: Apache-HttpClient/4.5.3 (Java/1.8.0_211)[\r][\n]"
12:53:03.607 [Forwarding get on session ff74fcc753f8850d27c07d497adfb162 to remote] DEBUG org.apache.http.wire - http-outgoing-23 >> "Accept-Encoding: gzip,deflate[\r][\n]"
12:53:03.607 [Forwarding get on session ff74fcc753f8850d27c07d497adfb162 to remote] DEBUG org.apache.http.wire - http-outgoing-23 >> "[\r][\n]"
12:53:03.607 [Forwarding get on session ff74fcc753f8850d27c07d497adfb162 to remote] DEBUG org.apache.http.wire - http-outgoing-23 >> "{"url":"https://tronscan.org/#/"}"
12:53:06.283 [Forwarding get on session ff74fcc753f8850d27c07d497adfb162 to remote] DEBUG org.apache.http.wire - http-outgoing-23 << "HTTP/1.1 200 OK[\r][\n]"
12:53:06.283 [Forwarding get on session ff74fcc753f8850d27c07d497adfb162 to remote] DEBUG org.apache.http.wire - http-outgoing-23 << "Content-Length:14[\r][\n]"
12:53:06.283 [Forwarding get on session ff74fcc753f8850d27c07d497adfb162 to remote] DEBUG org.apache.http.wire - http-outgoing-23 << "Content-Type:application/json; charset=utf-8[\r][\n]"
12:53:06.283 [Forwarding get on session ff74fcc753f8850d27c07d497adfb162 to remote] DEBUG org.apache.http.wire - http-outgoing-23 << "cache-control:no-cache[\r][\n]"
12:53:06.283 [Forwarding get on session ff74fcc753f8850d27c07d497adfb162 to remote] DEBUG org.apache.http.wire - http-outgoing-23 << "[\r][\n]"
12:53:06.283 [Forwarding get on session ff74fcc753f8850d27c07d497adfb162 to remote] DEBUG org.apache.http.wire - http-outgoing-23 << "{"value":null}"
12:53:06.283 [Forwarding get on session ff74fcc753f8850d27c07d497adfb162 to remote] DEBUG org.apache.http.headers - http-outgoing-23 << HTTP/1.1 200 OK
12:53:06.283 [Forwarding get on session ff74fcc753f8850d27c07d497adfb162 to remote] DEBUG org.apache.http.headers - http-outgoing-23 << Content-Length:14
12:53:06.283 [Forwarding get on session ff74fcc753f8850d27c07d497adfb162 to remote] DEBUG org.apache.http.headers - http-outgoing-23 << Content-Type:application/json; charset=utf-8
12:53:06.283 [Forwarding get on session ff74fcc753f8850d27c07d497adfb162 to remote] DEBUG org.apache.http.headers - http-outgoing-23 << cache-control:no-cache
12:53:06.283 [Forwarding get on session ff74fcc753f8850d27c07d497adfb162 to remote] DEBUG org.apache.http.impl.execchain.MainClientExec - Connection can be kept alive indefinitely
12:53:06.283 [Forwarding get on session ff74fcc753f8850d27c07d497adfb162 to remote] DEBUG org.apache.http.impl.conn.PoolingHttpClientConnectionManager - Connection [id: 23][route: {}->http://localhost:36671] can be kept alive indefinitely
12:53:06.283 [Forwarding get on session ff74fcc753f8850d27c07d497adfb162 to remote] DEBUG org.apache.http.impl.conn.PoolingHttpClientConnectionManager - Connection released: [id: 23][route: {}->http://localhost:36671][total kept alive: 6; route allocated: 1 of 2000; total allocated: 6 of 2000]
成功打开谷歌浏览器！
12:53:06.283 [Forwarding setTimeout on session ff74fcc753f8850d27c07d497adfb162 to remote] DEBUG org.apache.http.client.protocol.RequestAddCookies - CookieSpec selected: default
12:53:06.283 [Forwarding setTimeout on session ff74fcc753f8850d27c07d497adfb162 to remote] DEBUG org.apache.http.client.protocol.RequestAuthCache - Auth cache not set in the context
12:53:06.283 [Forwarding setTimeout on session ff74fcc753f8850d27c07d497adfb162 to remote] DEBUG org.apache.http.impl.conn.PoolingHttpClientConnectionManager - Connection request: [route: {}->http://localhost:36671][total kept alive: 6; route allocated: 1 of 2000; total allocated: 6 of 2000]
12:53:06.283 [Forwarding setTimeout on session ff74fcc753f8850d27c07d497adfb162 to remote] DEBUG org.apache.http.impl.conn.PoolingHttpClientConnectionManager - Connection leased: [id: 23][route: {}->http://localhost:36671][total kept alive: 5; route allocated: 1 of 2000; total allocated: 6 of 2000]
12:53:06.283 [Forwarding setTimeout on session ff74fcc753f8850d27c07d497adfb162 to remote] DEBUG org.apache.http.impl.execchain.MainClientExec - Stale connection check
12:53:06.285 [Forwarding setTimeout on session ff74fcc753f8850d27c07d497adfb162 to remote] DEBUG org.apache.http.wire - http-outgoing-23 << "[read] I/O error: Read timed out"
12:53:06.285 [Forwarding setTimeout on session ff74fcc753f8850d27c07d497adfb162 to remote] DEBUG org.apache.http.impl.conn.DefaultManagedHttpClientConnection - http-outgoing-23: set socket timeout to 10800000
12:53:06.285 [Forwarding setTimeout on session ff74fcc753f8850d27c07d497adfb162 to remote] DEBUG org.apache.http.impl.execchain.MainClientExec - Executing request POST /session/ff74fcc753f8850d27c07d497adfb162/timeouts HTTP/1.1
12:53:06.285 [Forwarding setTimeout on session ff74fcc753f8850d27c07d497adfb162 to remote] DEBUG org.apache.http.impl.execchain.MainClientExec - Target auth state: UNCHALLENGED
12:53:06.285 [Forwarding setTimeout on session ff74fcc753f8850d27c07d497adfb162 to remote] DEBUG org.apache.http.impl.execchain.MainClientExec - Proxy auth state: UNCHALLENGED
12:53:06.285 [Forwarding setTimeout on session ff74fcc753f8850d27c07d497adfb162 to remote] DEBUG org.apache.http.headers - http-outgoing-23 >> POST /session/ff74fcc753f8850d27c07d497adfb162/timeouts HTTP/1.1
12:53:06.285 [Forwarding setTimeout on session ff74fcc753f8850d27c07d497adfb162 to remote] DEBUG org.apache.http.headers - http-outgoing-23 >> Content-Type: application/json; charset=utf-8
12:53:06.285 [Forwarding setTimeout on session ff74fcc753f8850d27c07d497adfb162 to remote] DEBUG org.apache.http.headers - http-outgoing-23 >> Content-Length: 18
12:53:06.285 [Forwarding setTimeout on session ff74fcc753f8850d27c07d497adfb162 to remote] DEBUG org.apache.http.headers - http-outgoing-23 >> Host: localhost:36671
12:53:06.285 [Forwarding setTimeout on session ff74fcc753f8850d27c07d497adfb162 to remote] DEBUG org.apache.http.headers - http-outgoing-23 >> Connection: Keep-Alive
12:53:06.285 [Forwarding setTimeout on session ff74fcc753f8850d27c07d497adfb162 to remote] DEBUG org.apache.http.headers - http-outgoing-23 >> User-Agent: Apache-HttpClient/4.5.3 (Java/1.8.0_211)
12:53:06.285 [Forwarding setTimeout on session ff74fcc753f8850d27c07d497adfb162 to remote] DEBUG org.apache.http.headers - http-outgoing-23 >> Accept-Encoding: gzip,deflate
12:53:06.285 [Forwarding setTimeout on session ff74fcc753f8850d27c07d497adfb162 to remote] DEBUG org.apache.http.wire - http-outgoing-23 >> "POST /session/ff74fcc753f8850d27c07d497adfb162/timeouts HTTP/1.1[\r][\n]"
12:53:06.285 [Forwarding setTimeout on session ff74fcc753f8850d27c07d497adfb162 to remote] DEBUG org.apache.http.wire - http-outgoing-23 >> "Content-Type: application/json; charset=utf-8[\r][\n]"
12:53:06.285 [Forwarding setTimeout on session ff74fcc753f8850d27c07d497adfb162 to remote] DEBUG org.apache.http.wire - http-outgoing-23 >> "Content-Length: 18[\r][\n]"
12:53:06.285 [Forwarding setTimeout on session ff74fcc753f8850d27c07d497adfb162 to remote] DEBUG org.apache.http.wire - http-outgoing-23 >> "Host: localhost:36671[\r][\n]"
12:53:06.285 [Forwarding setTimeout on session ff74fcc753f8850d27c07d497adfb162 to remote] DEBUG org.apache.http.wire - http-outgoing-23 >> "Connection: Keep-Alive[\r][\n]"
12:53:06.285 [Forwarding setTimeout on session ff74fcc753f8850d27c07d497adfb162 to remote] DEBUG org.apache.http.wire - http-outgoing-23 >> "User-Agent: Apache-HttpClient/4.5.3 (Java/1.8.0_211)[\r][\n]"
12:53:06.285 [Forwarding setTimeout on session ff74fcc753f8850d27c07d497adfb162 to remote] DEBUG org.apache.http.wire - http-outgoing-23 >> "Accept-Encoding: gzip,deflate[\r][\n]"
12:53:06.285 [Forwarding setTimeout on session ff74fcc753f8850d27c07d497adfb162 to remote] DEBUG org.apache.http.wire - http-outgoing-23 >> "[\r][\n]"
12:53:06.285 [Forwarding setTimeout on session ff74fcc753f8850d27c07d497adfb162 to remote] DEBUG org.apache.http.wire - http-outgoing-23 >> "{"implicit":10000}"
12:53:06.285 [Forwarding setTimeout on session ff74fcc753f8850d27c07d497adfb162 to remote] DEBUG org.apache.http.wire - http-outgoing-23 << "HTTP/1.1 200 OK[\r][\n]"
12:53:06.285 [Forwarding setTimeout on session ff74fcc753f8850d27c07d497adfb162 to remote] DEBUG org.apache.http.wire - http-outgoing-23 << "Content-Length:14[\r][\n]"
12:53:06.285 [Forwarding setTimeout on session ff74fcc753f8850d27c07d497adfb162 to remote] DEBUG org.apache.http.wire - http-outgoing-23 << "Content-Type:application/json; charset=utf-8[\r][\n]"
12:53:06.285 [Forwarding setTimeout on session ff74fcc753f8850d27c07d497adfb162 to remote] DEBUG org.apache.http.wire - http-outgoing-23 << "cache-control:no-cache[\r][\n]"
12:53:06.285 [Forwarding setTimeout on session ff74fcc753f8850d27c07d497adfb162 to remote] DEBUG org.apache.http.wire - http-outgoing-23 << "[\r][\n]"
12:53:06.285 [Forwarding setTimeout on session ff74fcc753f8850d27c07d497adfb162 to remote] DEBUG org.apache.http.wire - http-outgoing-23 << "{"value":null}"
12:53:06.285 [Forwarding setTimeout on session ff74fcc753f8850d27c07d497adfb162 to remote] DEBUG org.apache.http.headers - http-outgoing-23 << HTTP/1.1 200 OK
12:53:06.285 [Forwarding setTimeout on session ff74fcc753f8850d27c07d497adfb162 to remote] DEBUG org.apache.http.headers - http-outgoing-23 << Content-Length:14
12:53:06.285 [Forwarding setTimeout on session ff74fcc753f8850d27c07d497adfb162 to remote] DEBUG org.apache.http.headers - http-outgoing-23 << Content-Type:application/json; charset=utf-8
12:53:06.285 [Forwarding setTimeout on session ff74fcc753f8850d27c07d497adfb162 to remote] DEBUG org.apache.http.headers - http-outgoing-23 << cache-control:no-cache
12:53:06.285 [Forwarding setTimeout on session ff74fcc753f8850d27c07d497adfb162 to remote] DEBUG org.apache.http.impl.execchain.MainClientExec - Connection can be kept alive indefinitely
12:53:06.285 [Forwarding setTimeout on session ff74fcc753f8850d27c07d497adfb162 to remote] DEBUG org.apache.http.impl.conn.PoolingHttpClientConnectionManager - Connection [id: 23][route: {}->http://localhost:36671] can be kept alive indefinitely
12:53:06.285 [Forwarding setTimeout on session ff74fcc753f8850d27c07d497adfb162 to remote] DEBUG org.apache.http.impl.conn.PoolingHttpClientConnectionManager - Connection released: [id: 23][route: {}->http://localhost:36671][total kept alive: 6; route allocated: 1 of 2000; total allocated: 6 of 2000]
LOGIN
12:53:06.286 [Forwarding setCurrentWindowSize on session ff74fcc753f8850d27c07d497adfb162 to remote] DEBUG org.apache.http.client.protocol.RequestAddCookies - CookieSpec selected: default
12:53:06.286 [Forwarding setCurrentWindowSize on session ff74fcc753f8850d27c07d497adfb162 to remote] DEBUG org.apache.http.client.protocol.RequestAuthCache - Auth cache not set in the context
12:53:06.286 [Forwarding setCurrentWindowSize on session ff74fcc753f8850d27c07d497adfb162 to remote] DEBUG org.apache.http.impl.conn.PoolingHttpClientConnectionManager - Connection request: [route: {}->http://localhost:36671][total kept alive: 6; route allocated: 1 of 2000; total allocated: 6 of 2000]
12:53:06.286 [Forwarding setCurrentWindowSize on session ff74fcc753f8850d27c07d497adfb162 to remote] DEBUG org.apache.http.impl.conn.PoolingHttpClientConnectionManager - Connection leased: [id: 23][route: {}->http://localhost:36671][total kept alive: 5; route allocated: 1 of 2000; total allocated: 6 of 2000]
12:53:06.286 [Forwarding setCurrentWindowSize on session ff74fcc753f8850d27c07d497adfb162 to remote] DEBUG org.apache.http.impl.execchain.MainClientExec - Stale connection check
12:53:06.287 [Forwarding setCurrentWindowSize on session ff74fcc753f8850d27c07d497adfb162 to remote] DEBUG org.apache.http.wire - http-outgoing-23 << "[read] I/O error: Read timed out"
12:53:06.287 [Forwarding setCurrentWindowSize on session ff74fcc753f8850d27c07d497adfb162 to remote] DEBUG org.apache.http.impl.conn.DefaultManagedHttpClientConnection - http-outgoing-23: set socket timeout to 10800000
12:53:06.287 [Forwarding setCurrentWindowSize on session ff74fcc753f8850d27c07d497adfb162 to remote] DEBUG org.apache.http.impl.execchain.MainClientExec - Executing request POST /session/ff74fcc753f8850d27c07d497adfb162/window/rect HTTP/1.1
12:53:06.287 [Forwarding setCurrentWindowSize on session ff74fcc753f8850d27c07d497adfb162 to remote] DEBUG org.apache.http.impl.execchain.MainClientExec - Target auth state: UNCHALLENGED
12:53:06.287 [Forwarding setCurrentWindowSize on session ff74fcc753f8850d27c07d497adfb162 to remote] DEBUG org.apache.http.impl.execchain.MainClientExec - Proxy auth state: UNCHALLENGED
12:53:06.287 [Forwarding setCurrentWindowSize on session ff74fcc753f8850d27c07d497adfb162 to remote] DEBUG org.apache.http.headers - http-outgoing-23 >> POST /session/ff74fcc753f8850d27c07d497adfb162/window/rect HTTP/1.1
12:53:06.287 [Forwarding setCurrentWindowSize on session ff74fcc753f8850d27c07d497adfb162 to remote] DEBUG org.apache.http.headers - http-outgoing-23 >> Content-Type: application/json; charset=utf-8
12:53:06.287 [Forwarding setCurrentWindowSize on session ff74fcc753f8850d27c07d497adfb162 to remote] DEBUG org.apache.http.headers - http-outgoing-23 >> Content-Length: 28
12:53:06.287 [Forwarding setCurrentWindowSize on session ff74fcc753f8850d27c07d497adfb162 to remote] DEBUG org.apache.http.headers - http-outgoing-23 >> Host: localhost:36671
12:53:06.287 [Forwarding setCurrentWindowSize on session ff74fcc753f8850d27c07d497adfb162 to remote] DEBUG org.apache.http.headers - http-outgoing-23 >> Connection: Keep-Alive
12:53:06.287 [Forwarding setCurrentWindowSize on session ff74fcc753f8850d27c07d497adfb162 to remote] DEBUG org.apache.http.headers - http-outgoing-23 >> User-Agent: Apache-HttpClient/4.5.3 (Java/1.8.0_211)
12:53:06.287 [Forwarding setCurrentWindowSize on session ff74fcc753f8850d27c07d497adfb162 to remote] DEBUG org.apache.http.headers - http-outgoing-23 >> Accept-Encoding: gzip,deflate
12:53:06.287 [Forwarding setCurrentWindowSize on session ff74fcc753f8850d27c07d497adfb162 to remote] DEBUG org.apache.http.wire - http-outgoing-23 >> "POST /session/ff74fcc753f8850d27c07d497adfb162/window/rect HTTP/1.1[\r][\n]"
12:53:06.287 [Forwarding setCurrentWindowSize on session ff74fcc753f8850d27c07d497adfb162 to remote] DEBUG org.apache.http.wire - http-outgoing-23 >> "Content-Type: application/json; charset=utf-8[\r][\n]"
12:53:06.287 [Forwarding setCurrentWindowSize on session ff74fcc753f8850d27c07d497adfb162 to remote] DEBUG org.apache.http.wire - http-outgoing-23 >> "Content-Length: 28[\r][\n]"
12:53:06.287 [Forwarding setCurrentWindowSize on session ff74fcc753f8850d27c07d497adfb162 to remote] DEBUG org.apache.http.wire - http-outgoing-23 >> "Host: localhost:36671[\r][\n]"
12:53:06.287 [Forwarding setCurrentWindowSize on session ff74fcc753f8850d27c07d497adfb162 to remote] DEBUG org.apache.http.wire - http-outgoing-23 >> "Connection: Keep-Alive[\r][\n]"
12:53:06.287 [Forwarding setCurrentWindowSize on session ff74fcc753f8850d27c07d497adfb162 to remote] DEBUG org.apache.http.wire - http-outgoing-23 >> "User-Agent: Apache-HttpClient/4.5.3 (Java/1.8.0_211)[\r][\n]"
12:53:06.287 [Forwarding setCurrentWindowSize on session ff74fcc753f8850d27c07d497adfb162 to remote] DEBUG org.apache.http.wire - http-outgoing-23 >> "Accept-Encoding: gzip,deflate[\r][\n]"
12:53:06.287 [Forwarding setCurrentWindowSize on session ff74fcc753f8850d27c07d497adfb162 to remote] DEBUG org.apache.http.wire - http-outgoing-23 >> "[\r][\n]"
12:53:06.287 [Forwarding setCurrentWindowSize on session ff74fcc753f8850d27c07d497adfb162 to remote] DEBUG org.apache.http.wire - http-outgoing-23 >> "{"width":2560,"height":1440}"
12:53:06.445 [Forwarding setCurrentWindowSize on session ff74fcc753f8850d27c07d497adfb162 to remote] DEBUG org.apache.http.wire - http-outgoing-23 << "HTTP/1.1 200 OK[\r][\n]"
12:53:06.445 [Forwarding setCurrentWindowSize on session ff74fcc753f8850d27c07d497adfb162 to remote] DEBUG org.apache.http.wire - http-outgoing-23 << "Content-Length:52[\r][\n]"
12:53:06.445 [Forwarding setCurrentWindowSize on session ff74fcc753f8850d27c07d497adfb162 to remote] DEBUG org.apache.http.wire - http-outgoing-23 << "Content-Type:application/json; charset=utf-8[\r][\n]"
12:53:06.445 [Forwarding setCurrentWindowSize on session ff74fcc753f8850d27c07d497adfb162 to remote] DEBUG org.apache.http.wire - http-outgoing-23 << "cache-control:no-cache[\r][\n]"
12:53:06.445 [Forwarding setCurrentWindowSize on session ff74fcc753f8850d27c07d497adfb162 to remote] DEBUG org.apache.http.wire - http-outgoing-23 << "[\r][\n]"
12:53:06.445 [Forwarding setCurrentWindowSize on session ff74fcc753f8850d27c07d497adfb162 to remote] DEBUG org.apache.http.wire - http-outgoing-23 << "{"value":{"height":1366,"width":2560,"x":22,"y":23}}"
12:53:06.445 [Forwarding setCurrentWindowSize on session ff74fcc753f8850d27c07d497adfb162 to remote] DEBUG org.apache.http.headers - http-outgoing-23 << HTTP/1.1 200 OK
12:53:06.445 [Forwarding setCurrentWindowSize on session ff74fcc753f8850d27c07d497adfb162 to remote] DEBUG org.apache.http.headers - http-outgoing-23 << Content-Length:52
12:53:06.445 [Forwarding setCurrentWindowSize on session ff74fcc753f8850d27c07d497adfb162 to remote] DEBUG org.apache.http.headers - http-outgoing-23 << Content-Type:application/json; charset=utf-8
12:53:06.445 [Forwarding setCurrentWindowSize on session ff74fcc753f8850d27c07d497adfb162 to remote] DEBUG org.apache.http.headers - http-outgoing-23 << cache-control:no-cache
12:53:06.445 [Forwarding setCurrentWindowSize on session ff74fcc753f8850d27c07d497adfb162 to remote] DEBUG org.apache.http.impl.execchain.MainClientExec - Connection can be kept alive indefinitely
12:53:06.445 [Forwarding setCurrentWindowSize on session ff74fcc753f8850d27c07d497adfb162 to remote] DEBUG org.apache.http.impl.conn.PoolingHttpClientConnectionManager - Connection [id: 23][route: {}->http://localhost:36671] can be kept alive indefinitely
12:53:06.445 [Forwarding setCurrentWindowSize on session ff74fcc753f8850d27c07d497adfb162 to remote] DEBUG org.apache.http.impl.conn.PoolingHttpClientConnectionManager - Connection released: [id: 23][route: {}->http://localhost:36671][total kept alive: 6; route allocated: 1 of 2000; total allocated: 6 of 2000]
12:53:06.647 [Forwarding findElement on session ff74fcc753f8850d27c07d497adfb162 to remote] DEBUG org.apache.http.client.protocol.RequestAddCookies - CookieSpec selected: default
12:53:06.647 [Forwarding findElement on session ff74fcc753f8850d27c07d497adfb162 to remote] DEBUG org.apache.http.client.protocol.RequestAuthCache - Auth cache not set in the context
12:53:06.647 [Forwarding findElement on session ff74fcc753f8850d27c07d497adfb162 to remote] DEBUG org.apache.http.impl.conn.PoolingHttpClientConnectionManager - Connection request: [route: {}->http://localhost:36671][total kept alive: 6; route allocated: 1 of 2000; total allocated: 6 of 2000]
12:53:06.647 [Forwarding findElement on session ff74fcc753f8850d27c07d497adfb162 to remote] DEBUG org.apache.http.impl.conn.PoolingHttpClientConnectionManager - Connection leased: [id: 23][route: {}->http://localhost:36671][total kept alive: 5; route allocated: 1 of 2000; total allocated: 6 of 2000]
12:53:06.647 [Forwarding findElement on session ff74fcc753f8850d27c07d497adfb162 to remote] DEBUG org.apache.http.impl.execchain.MainClientExec - Stale connection check
12:53:06.648 [Forwarding findElement on session ff74fcc753f8850d27c07d497adfb162 to remote] DEBUG org.apache.http.wire - http-outgoing-23 << "[read] I/O error: Read timed out"
12:53:06.648 [Forwarding findElement on session ff74fcc753f8850d27c07d497adfb162 to remote] DEBUG org.apache.http.impl.conn.DefaultManagedHttpClientConnection - http-outgoing-23: set socket timeout to 10800000
12:53:06.648 [Forwarding findElement on session ff74fcc753f8850d27c07d497adfb162 to remote] DEBUG org.apache.http.impl.execchain.MainClientExec - Executing request POST /session/ff74fcc753f8850d27c07d497adfb162/element HTTP/1.1
12:53:06.648 [Forwarding findElement on session ff74fcc753f8850d27c07d497adfb162 to remote] DEBUG org.apache.http.impl.execchain.MainClientExec - Target auth state: UNCHALLENGED
12:53:06.648 [Forwarding findElement on session ff74fcc753f8850d27c07d497adfb162 to remote] DEBUG org.apache.http.impl.execchain.MainClientExec - Proxy auth state: UNCHALLENGED
12:53:06.648 [Forwarding findElement on session ff74fcc753f8850d27c07d497adfb162 to remote] DEBUG org.apache.http.headers - http-outgoing-23 >> POST /session/ff74fcc753f8850d27c07d497adfb162/element HTTP/1.1
12:53:06.648 [Forwarding findElement on session ff74fcc753f8850d27c07d497adfb162 to remote] DEBUG org.apache.http.headers - http-outgoing-23 >> Content-Type: application/json; charset=utf-8
12:53:06.648 [Forwarding findElement on session ff74fcc753f8850d27c07d497adfb162 to remote] DEBUG org.apache.http.headers - http-outgoing-23 >> Content-Length: 58
12:53:06.648 [Forwarding findElement on session ff74fcc753f8850d27c07d497adfb162 to remote] DEBUG org.apache.http.headers - http-outgoing-23 >> Host: localhost:36671
12:53:06.648 [Forwarding findElement on session ff74fcc753f8850d27c07d497adfb162 to remote] DEBUG org.apache.http.headers - http-outgoing-23 >> Connection: Keep-Alive
12:53:06.648 [Forwarding findElement on session ff74fcc753f8850d27c07d497adfb162 to remote] DEBUG org.apache.http.headers - http-outgoing-23 >> User-Agent: Apache-HttpClient/4.5.3 (Java/1.8.0_211)
12:53:06.648 [Forwarding findElement on session ff74fcc753f8850d27c07d497adfb162 to remote] DEBUG org.apache.http.headers - http-outgoing-23 >> Accept-Encoding: gzip,deflate
12:53:06.648 [Forwarding findElement on session ff74fcc753f8850d27c07d497adfb162 to remote] DEBUG org.apache.http.wire - http-outgoing-23 >> "POST /session/ff74fcc753f8850d27c07d497adfb162/element HTTP/1.1[\r][\n]"
12:53:06.648 [Forwarding findElement on session ff74fcc753f8850d27c07d497adfb162 to remote] DEBUG org.apache.http.wire - http-outgoing-23 >> "Content-Type: application/json; charset=utf-8[\r][\n]"
12:53:06.648 [Forwarding findElement on session ff74fcc753f8850d27c07d497adfb162 to remote] DEBUG org.apache.http.wire - http-outgoing-23 >> "Content-Length: 58[\r][\n]"
12:53:06.648 [Forwarding findElement on session ff74fcc753f8850d27c07d497adfb162 to remote] DEBUG org.apache.http.wire - http-outgoing-23 >> "Host: localhost:36671[\r][\n]"
12:53:06.648 [Forwarding findElement on session ff74fcc753f8850d27c07d497adfb162 to remote] DEBUG org.apache.http.wire - http-outgoing-23 >> "Connection: Keep-Alive[\r][\n]"
12:53:06.648 [Forwarding findElement on session ff74fcc753f8850d27c07d497adfb162 to remote] DEBUG org.apache.http.wire - http-outgoing-23 >> "User-Agent: Apache-HttpClient/4.5.3 (Java/1.8.0_211)[\r][\n]"
12:53:06.648 [Forwarding findElement on session ff74fcc753f8850d27c07d497adfb162 to remote] DEBUG org.apache.http.wire - http-outgoing-23 >> "Accept-Encoding: gzip,deflate[\r][\n]"
12:53:06.648 [Forwarding findElement on session ff74fcc753f8850d27c07d497adfb162 to remote] DEBUG org.apache.http.wire - http-outgoing-23 >> "[\r][\n]"
12:53:06.648 [Forwarding findElement on session ff74fcc753f8850d27c07d497adfb162 to remote] DEBUG org.apache.http.wire - http-outgoing-23 >> "{"value":".dropdown-toggle > span","using":"css selector"}"
12:53:06.654 [Forwarding findElement on session ff74fcc753f8850d27c07d497adfb162 to remote] DEBUG org.apache.http.wire - http-outgoing-23 << "HTTP/1.1 200 OK[\r][\n]"
12:53:06.654 [Forwarding findElement on session ff74fcc753f8850d27c07d497adfb162 to remote] DEBUG org.apache.http.wire - http-outgoing-23 << "Content-Length:88[\r][\n]"
12:53:06.654 [Forwarding findElement on session ff74fcc753f8850d27c07d497adfb162 to remote] DEBUG org.apache.http.wire - http-outgoing-23 << "Content-Type:application/json; charset=utf-8[\r][\n]"
12:53:06.654 [Forwarding findElement on session ff74fcc753f8850d27c07d497adfb162 to remote] DEBUG org.apache.http.wire - http-outgoing-23 << "cache-control:no-cache[\r][\n]"
12:53:06.654 [Forwarding findElement on session ff74fcc753f8850d27c07d497adfb162 to remote] DEBUG org.apache.http.wire - http-outgoing-23 << "[\r][\n]"
12:53:06.654 [Forwarding findElement on session ff74fcc753f8850d27c07d497adfb162 to remote] DEBUG org.apache.http.wire - http-outgoing-23 << "{"value":{"element-6066-11e4-a52e-4f735466cecf":"75dfaaf7-242d-4be2-9408-7e1c6f8eaee2"}}"
12:53:06.654 [Forwarding findElement on session ff74fcc753f8850d27c07d497adfb162 to remote] DEBUG org.apache.http.headers - http-outgoing-23 << HTTP/1.1 200 OK
12:53:06.654 [Forwarding findElement on session ff74fcc753f8850d27c07d497adfb162 to remote] DEBUG org.apache.http.headers - http-outgoing-23 << Content-Length:88
12:53:06.654 [Forwarding findElement on session ff74fcc753f8850d27c07d497adfb162 to remote] DEBUG org.apache.http.headers - http-outgoing-23 << Content-Type:application/json; charset=utf-8
12:53:06.654 [Forwarding findElement on session ff74fcc753f8850d27c07d497adfb162 to remote] DEBUG org.apache.http.headers - http-outgoing-23 << cache-control:no-cache
12:53:06.654 [Forwarding findElement on session ff74fcc753f8850d27c07d497adfb162 to remote] DEBUG org.apache.http.impl.execchain.MainClientExec - Connection can be kept alive indefinitely
12:53:06.654 [Forwarding findElement on session ff74fcc753f8850d27c07d497adfb162 to remote] DEBUG org.apache.http.impl.conn.PoolingHttpClientConnectionManager - Connection [id: 23][route: {}->http://localhost:36671] can be kept alive indefinitely
12:53:06.654 [Forwarding findElement on session ff74fcc753f8850d27c07d497adfb162 to remote] DEBUG org.apache.http.impl.conn.PoolingHttpClientConnectionManager - Connection released: [id: 23][route: {}->http://localhost:36671][total kept alive: 6; route allocated: 1 of 2000; total allocated: 6 of 2000]
12:53:06.655 [Forwarding actions on session ff74fcc753f8850d27c07d497adfb162 to remote] DEBUG org.apache.http.client.protocol.RequestAddCookies - CookieSpec selected: default
12:53:06.655 [Forwarding actions on session ff74fcc753f8850d27c07d497adfb162 to remote] DEBUG org.apache.http.client.protocol.RequestAuthCache - Auth cache not set in the context
12:53:06.655 [Forwarding actions on session ff74fcc753f8850d27c07d497adfb162 to remote] DEBUG org.apache.http.impl.conn.PoolingHttpClientConnectionManager - Connection request: [route: {}->http://localhost:36671][total kept alive: 6; route allocated: 1 of 2000; total allocated: 6 of 2000]
12:53:06.655 [Forwarding actions on session ff74fcc753f8850d27c07d497adfb162 to remote] DEBUG org.apache.http.impl.conn.PoolingHttpClientConnectionManager - Connection leased: [id: 23][route: {}->http://localhost:36671][total kept alive: 5; route allocated: 1 of 2000; total allocated: 6 of 2000]
12:53:06.655 [Forwarding actions on session ff74fcc753f8850d27c07d497adfb162 to remote] DEBUG org.apache.http.impl.execchain.MainClientExec - Stale connection check
12:53:06.656 [Forwarding actions on session ff74fcc753f8850d27c07d497adfb162 to remote] DEBUG org.apache.http.wire - http-outgoing-23 << "[read] I/O error: Read timed out"
12:53:06.656 [Forwarding actions on session ff74fcc753f8850d27c07d497adfb162 to remote] DEBUG org.apache.http.impl.conn.DefaultManagedHttpClientConnection - http-outgoing-23: set socket timeout to 10800000
12:53:06.656 [Forwarding actions on session ff74fcc753f8850d27c07d497adfb162 to remote] DEBUG org.apache.http.impl.execchain.MainClientExec - Executing request POST /session/ff74fcc753f8850d27c07d497adfb162/actions HTTP/1.1
12:53:06.656 [Forwarding actions on session ff74fcc753f8850d27c07d497adfb162 to remote] DEBUG org.apache.http.impl.execchain.MainClientExec - Target auth state: UNCHALLENGED
12:53:06.656 [Forwarding actions on session ff74fcc753f8850d27c07d497adfb162 to remote] DEBUG org.apache.http.impl.execchain.MainClientExec - Proxy auth state: UNCHALLENGED
12:53:06.656 [Forwarding actions on session ff74fcc753f8850d27c07d497adfb162 to remote] DEBUG org.apache.http.headers - http-outgoing-23 >> POST /session/ff74fcc753f8850d27c07d497adfb162/actions HTTP/1.1
12:53:06.656 [Forwarding actions on session ff74fcc753f8850d27c07d497adfb162 to remote] DEBUG org.apache.http.headers - http-outgoing-23 >> Content-Type: application/json; charset=utf-8
12:53:06.656 [Forwarding actions on session ff74fcc753f8850d27c07d497adfb162 to remote] DEBUG org.apache.http.headers - http-outgoing-23 >> Content-Length: 289
12:53:06.656 [Forwarding actions on session ff74fcc753f8850d27c07d497adfb162 to remote] DEBUG org.apache.http.headers - http-outgoing-23 >> Host: localhost:36671
12:53:06.656 [Forwarding actions on session ff74fcc753f8850d27c07d497adfb162 to remote] DEBUG org.apache.http.headers - http-outgoing-23 >> Connection: Keep-Alive
12:53:06.656 [Forwarding actions on session ff74fcc753f8850d27c07d497adfb162 to remote] DEBUG org.apache.http.headers - http-outgoing-23 >> User-Agent: Apache-HttpClient/4.5.3 (Java/1.8.0_211)
12:53:06.656 [Forwarding actions on session ff74fcc753f8850d27c07d497adfb162 to remote] DEBUG org.apache.http.headers - http-outgoing-23 >> Accept-Encoding: gzip,deflate
12:53:06.656 [Forwarding actions on session ff74fcc753f8850d27c07d497adfb162 to remote] DEBUG org.apache.http.wire - http-outgoing-23 >> "POST /session/ff74fcc753f8850d27c07d497adfb162/actions HTTP/1.1[\r][\n]"
12:53:06.656 [Forwarding actions on session ff74fcc753f8850d27c07d497adfb162 to remote] DEBUG org.apache.http.wire - http-outgoing-23 >> "Content-Type: application/json; charset=utf-8[\r][\n]"
12:53:06.656 [Forwarding actions on session ff74fcc753f8850d27c07d497adfb162 to remote] DEBUG org.apache.http.wire - http-outgoing-23 >> "Content-Length: 289[\r][\n]"
12:53:06.656 [Forwarding actions on session ff74fcc753f8850d27c07d497adfb162 to remote] DEBUG org.apache.http.wire - http-outgoing-23 >> "Host: localhost:36671[\r][\n]"
12:53:06.656 [Forwarding actions on session ff74fcc753f8850d27c07d497adfb162 to remote] DEBUG org.apache.http.wire - http-outgoing-23 >> "Connection: Keep-Alive[\r][\n]"
12:53:06.656 [Forwarding actions on session ff74fcc753f8850d27c07d497adfb162 to remote] DEBUG org.apache.http.wire - http-outgoing-23 >> "User-Agent: Apache-HttpClient/4.5.3 (Java/1.8.0_211)[\r][\n]"
12:53:06.656 [Forwarding actions on session ff74fcc753f8850d27c07d497adfb162 to remote] DEBUG org.apache.http.wire - http-outgoing-23 >> "Accept-Encoding: gzip,deflate[\r][\n]"
12:53:06.656 [Forwarding actions on session ff74fcc753f8850d27c07d497adfb162 to remote] DEBUG org.apache.http.wire - http-outgoing-23 >> "[\r][\n]"
12:53:06.656 [Forwarding actions on session ff74fcc753f8850d27c07d497adfb162 to remote] DEBUG org.apache.http.wire - http-outgoing-23 >> "{"actions":[{"id":"default mouse","type":"pointer","parameters":{"pointerType":"mouse"},"actions":[{"duration":100,"x":0,"y":0,"type":"pointerMove","origin":{"ELEMENT":"75dfaaf7-242d-4be2-9408-7e1c6f8eaee2","element-6066-11e4-a52e-4f735466cecf":"75dfaaf7-242d-4be2-9408-7e1c6f8eaee2"}}]}]}"
12:53:06.775 [Forwarding actions on session ff74fcc753f8850d27c07d497adfb162 to remote] DEBUG org.apache.http.wire - http-outgoing-23 << "HTTP/1.1 200 OK[\r][\n]"
12:53:06.775 [Forwarding actions on session ff74fcc753f8850d27c07d497adfb162 to remote] DEBUG org.apache.http.wire - http-outgoing-23 << "Content-Length:14[\r][\n]"
12:53:06.775 [Forwarding actions on session ff74fcc753f8850d27c07d497adfb162 to remote] DEBUG org.apache.http.wire - http-outgoing-23 << "Content-Type:application/json; charset=utf-8[\r][\n]"
12:53:06.775 [Forwarding actions on session ff74fcc753f8850d27c07d497adfb162 to remote] DEBUG org.apache.http.wire - http-outgoing-23 << "cache-control:no-cache[\r][\n]"
12:53:06.775 [Forwarding actions on session ff74fcc753f8850d27c07d497adfb162 to remote] DEBUG org.apache.http.wire - http-outgoing-23 << "[\r][\n]"
12:53:06.776 [Forwarding actions on session ff74fcc753f8850d27c07d497adfb162 to remote] DEBUG org.apache.http.wire - http-outgoing-23 << "{"value":null}"
12:53:06.776 [Forwarding actions on session ff74fcc753f8850d27c07d497adfb162 to remote] DEBUG org.apache.http.headers - http-outgoing-23 << HTTP/1.1 200 OK
12:53:06.776 [Forwarding actions on session ff74fcc753f8850d27c07d497adfb162 to remote] DEBUG org.apache.http.headers - http-outgoing-23 << Content-Length:14
12:53:06.776 [Forwarding actions on session ff74fcc753f8850d27c07d497adfb162 to remote] DEBUG org.apache.http.headers - http-outgoing-23 << Content-Type:application/json; charset=utf-8
12:53:06.776 [Forwarding actions on session ff74fcc753f8850d27c07d497adfb162 to remote] DEBUG org.apache.http.headers - http-outgoing-23 << cache-control:no-cache
12:53:06.776 [Forwarding actions on session ff74fcc753f8850d27c07d497adfb162 to remote] DEBUG org.apache.http.impl.execchain.MainClientExec - Connection can be kept alive indefinitely
12:53:06.776 [Forwarding actions on session ff74fcc753f8850d27c07d497adfb162 to remote] DEBUG org.apache.http.impl.conn.PoolingHttpClientConnectionManager - Connection [id: 23][route: {}->http://localhost:36671] can be kept alive indefinitely
12:53:06.776 [Forwarding actions on session ff74fcc753f8850d27c07d497adfb162 to remote] DEBUG org.apache.http.impl.conn.PoolingHttpClientConnectionManager - Connection released: [id: 23][route: {}->http://localhost:36671][total kept alive: 6; route allocated: 1 of 2000; total allocated: 6 of 2000]
12:53:06.776 [Forwarding findElement on session ff74fcc753f8850d27c07d497adfb162 to remote] DEBUG org.apache.http.client.protocol.RequestAddCookies - CookieSpec selected: default
12:53:06.776 [Forwarding findElement on session ff74fcc753f8850d27c07d497adfb162 to remote] DEBUG org.apache.http.client.protocol.RequestAuthCache - Auth cache not set in the context
12:53:06.776 [Forwarding findElement on session ff74fcc753f8850d27c07d497adfb162 to remote] DEBUG org.apache.http.impl.conn.PoolingHttpClientConnectionManager - Connection request: [route: {}->http://localhost:36671][total kept alive: 6; route allocated: 1 of 2000; total allocated: 6 of 2000]
12:53:06.776 [Forwarding findElement on session ff74fcc753f8850d27c07d497adfb162 to remote] DEBUG org.apache.http.impl.conn.PoolingHttpClientConnectionManager - Connection leased: [id: 23][route: {}->http://localhost:36671][total kept alive: 5; route allocated: 1 of 2000; total allocated: 6 of 2000]
12:53:06.776 [Forwarding findElement on session ff74fcc753f8850d27c07d497adfb162 to remote] DEBUG org.apache.http.impl.execchain.MainClientExec - Stale connection check
12:53:06.778 [Forwarding findElement on session ff74fcc753f8850d27c07d497adfb162 to remote] DEBUG org.apache.http.wire - http-outgoing-23 << "[read] I/O error: Read timed out"
12:53:06.778 [Forwarding findElement on session ff74fcc753f8850d27c07d497adfb162 to remote] DEBUG org.apache.http.impl.conn.DefaultManagedHttpClientConnection - http-outgoing-23: set socket timeout to 10800000
12:53:06.778 [Forwarding findElement on session ff74fcc753f8850d27c07d497adfb162 to remote] DEBUG org.apache.http.impl.execchain.MainClientExec - Executing request POST /session/ff74fcc753f8850d27c07d497adfb162/element HTTP/1.1
12:53:06.778 [Forwarding findElement on session ff74fcc753f8850d27c07d497adfb162 to remote] DEBUG org.apache.http.impl.execchain.MainClientExec - Target auth state: UNCHALLENGED
12:53:06.778 [Forwarding findElement on session ff74fcc753f8850d27c07d497adfb162 to remote] DEBUG org.apache.http.impl.execchain.MainClientExec - Proxy auth state: UNCHALLENGED
12:53:06.778 [Forwarding findElement on session ff74fcc753f8850d27c07d497adfb162 to remote] DEBUG org.apache.http.headers - http-outgoing-23 >> POST /session/ff74fcc753f8850d27c07d497adfb162/element HTTP/1.1
12:53:06.778 [Forwarding findElement on session ff74fcc753f8850d27c07d497adfb162 to remote] DEBUG org.apache.http.headers - http-outgoing-23 >> Content-Type: application/json; charset=utf-8
12:53:06.778 [Forwarding findElement on session ff74fcc753f8850d27c07d497adfb162 to remote] DEBUG org.apache.http.headers - http-outgoing-23 >> Content-Length: 58
12:53:06.778 [Forwarding findElement on session ff74fcc753f8850d27c07d497adfb162 to remote] DEBUG org.apache.http.headers - http-outgoing-23 >> Host: localhost:36671
12:53:06.778 [Forwarding findElement on session ff74fcc753f8850d27c07d497adfb162 to remote] DEBUG org.apache.http.headers - http-outgoing-23 >> Connection: Keep-Alive
12:53:06.778 [Forwarding findElement on session ff74fcc753f8850d27c07d497adfb162 to remote] DEBUG org.apache.http.headers - http-outgoing-23 >> User-Agent: Apache-HttpClient/4.5.3 (Java/1.8.0_211)
12:53:06.778 [Forwarding findElement on session ff74fcc753f8850d27c07d497adfb162 to remote] DEBUG org.apache.http.headers - http-outgoing-23 >> Accept-Encoding: gzip,deflate
12:53:06.778 [Forwarding findElement on session ff74fcc753f8850d27c07d497adfb162 to remote] DEBUG org.apache.http.wire - http-outgoing-23 >> "POST /session/ff74fcc753f8850d27c07d497adfb162/element HTTP/1.1[\r][\n]"
12:53:06.778 [Forwarding findElement on session ff74fcc753f8850d27c07d497adfb162 to remote] DEBUG org.apache.http.wire - http-outgoing-23 >> "Content-Type: application/json; charset=utf-8[\r][\n]"
12:53:06.778 [Forwarding findElement on session ff74fcc753f8850d27c07d497adfb162 to remote] DEBUG org.apache.http.wire - http-outgoing-23 >> "Content-Length: 58[\r][\n]"
12:53:06.778 [Forwarding findElement on session ff74fcc753f8850d27c07d497adfb162 to remote] DEBUG org.apache.http.wire - http-outgoing-23 >> "Host: localhost:36671[\r][\n]"
12:53:06.778 [Forwarding findElement on session ff74fcc753f8850d27c07d497adfb162 to remote] DEBUG org.apache.http.wire - http-outgoing-23 >> "Connection: Keep-Alive[\r][\n]"
12:53:06.778 [Forwarding findElement on session ff74fcc753f8850d27c07d497adfb162 to remote] DEBUG org.apache.http.wire - http-outgoing-23 >> "User-Agent: Apache-HttpClient/4.5.3 (Java/1.8.0_211)[\r][\n]"
12:53:06.778 [Forwarding findElement on session ff74fcc753f8850d27c07d497adfb162 to remote] DEBUG org.apache.http.wire - http-outgoing-23 >> "Accept-Encoding: gzip,deflate[\r][\n]"
12:53:06.778 [Forwarding findElement on session ff74fcc753f8850d27c07d497adfb162 to remote] DEBUG org.apache.http.wire - http-outgoing-23 >> "[\r][\n]"
12:53:06.778 [Forwarding findElement on session ff74fcc753f8850d27c07d497adfb162 to remote] DEBUG org.apache.http.wire - http-outgoing-23 >> "{"value":".px-2:nth-child(3) span","using":"css selector"}"
12:53:06.783 [Forwarding findElement on session ff74fcc753f8850d27c07d497adfb162 to remote] DEBUG org.apache.http.wire - http-outgoing-23 << "HTTP/1.1 200 OK[\r][\n]"
12:53:06.783 [Forwarding findElement on session ff74fcc753f8850d27c07d497adfb162 to remote] DEBUG org.apache.http.wire - http-outgoing-23 << "Content-Length:88[\r][\n]"
12:53:06.783 [Forwarding findElement on session ff74fcc753f8850d27c07d497adfb162 to remote] DEBUG org.apache.http.wire - http-outgoing-23 << "Content-Type:application/json; charset=utf-8[\r][\n]"
12:53:06.783 [Forwarding findElement on session ff74fcc753f8850d27c07d497adfb162 to remote] DEBUG org.apache.http.wire - http-outgoing-23 << "cache-control:no-cache[\r][\n]"
12:53:06.783 [Forwarding findElement on session ff74fcc753f8850d27c07d497adfb162 to remote] DEBUG org.apache.http.wire - http-outgoing-23 << "[\r][\n]"
12:53:06.783 [Forwarding findElement on session ff74fcc753f8850d27c07d497adfb162 to remote] DEBUG org.apache.http.wire - http-outgoing-23 << "{"value":{"element-6066-11e4-a52e-4f735466cecf":"58cb7bc6-8e2b-4a17-9820-bc65d82693c0"}}"
12:53:06.783 [Forwarding findElement on session ff74fcc753f8850d27c07d497adfb162 to remote] DEBUG org.apache.http.headers - http-outgoing-23 << HTTP/1.1 200 OK
12:53:06.783 [Forwarding findElement on session ff74fcc753f8850d27c07d497adfb162 to remote] DEBUG org.apache.http.headers - http-outgoing-23 << Content-Length:88
12:53:06.783 [Forwarding findElement on session ff74fcc753f8850d27c07d497adfb162 to remote] DEBUG org.apache.http.headers - http-outgoing-23 << Content-Type:application/json; charset=utf-8
12:53:06.783 [Forwarding findElement on session ff74fcc753f8850d27c07d497adfb162 to remote] DEBUG org.apache.http.headers - http-outgoing-23 << cache-control:no-cache
12:53:06.783 [Forwarding findElement on session ff74fcc753f8850d27c07d497adfb162 to remote] DEBUG org.apache.http.impl.execchain.MainClientExec - Connection can be kept alive indefinitely
12:53:06.783 [Forwarding findElement on session ff74fcc753f8850d27c07d497adfb162 to remote] DEBUG org.apache.http.impl.conn.PoolingHttpClientConnectionManager - Connection [id: 23][route: {}->http://localhost:36671] can be kept alive indefinitely
12:53:06.783 [Forwarding findElement on session ff74fcc753f8850d27c07d497adfb162 to remote] DEBUG org.apache.http.impl.conn.PoolingHttpClientConnectionManager - Connection released: [id: 23][route: {}->http://localhost:36671][total kept alive: 6; route allocated: 1 of 2000; total allocated: 6 of 2000]
12:53:06.784 [Forwarding clickElement on session ff74fcc753f8850d27c07d497adfb162 to remote] DEBUG org.apache.http.client.protocol.RequestAddCookies - CookieSpec selected: default
12:53:06.784 [Forwarding clickElement on session ff74fcc753f8850d27c07d497adfb162 to remote] DEBUG org.apache.http.client.protocol.RequestAuthCache - Auth cache not set in the context
12:53:06.784 [Forwarding clickElement on session ff74fcc753f8850d27c07d497adfb162 to remote] DEBUG org.apache.http.impl.conn.PoolingHttpClientConnectionManager - Connection request: [route: {}->http://localhost:36671][total kept alive: 6; route allocated: 1 of 2000; total allocated: 6 of 2000]
12:53:06.784 [Forwarding clickElement on session ff74fcc753f8850d27c07d497adfb162 to remote] DEBUG org.apache.http.impl.conn.PoolingHttpClientConnectionManager - Connection leased: [id: 23][route: {}->http://localhost:36671][total kept alive: 5; route allocated: 1 of 2000; total allocated: 6 of 2000]
12:53:06.784 [Forwarding clickElement on session ff74fcc753f8850d27c07d497adfb162 to remote] DEBUG org.apache.http.impl.execchain.MainClientExec - Stale connection check
12:53:06.785 [Forwarding clickElement on session ff74fcc753f8850d27c07d497adfb162 to remote] DEBUG org.apache.http.wire - http-outgoing-23 << "[read] I/O error: Read timed out"
12:53:06.785 [Forwarding clickElement on session ff74fcc753f8850d27c07d497adfb162 to remote] DEBUG org.apache.http.impl.conn.DefaultManagedHttpClientConnection - http-outgoing-23: set socket timeout to 10800000
12:53:06.785 [Forwarding clickElement on session ff74fcc753f8850d27c07d497adfb162 to remote] DEBUG org.apache.http.impl.execchain.MainClientExec - Executing request POST /session/ff74fcc753f8850d27c07d497adfb162/element/58cb7bc6-8e2b-4a17-9820-bc65d82693c0/click HTTP/1.1
12:53:06.785 [Forwarding clickElement on session ff74fcc753f8850d27c07d497adfb162 to remote] DEBUG org.apache.http.impl.execchain.MainClientExec - Target auth state: UNCHALLENGED
12:53:06.785 [Forwarding clickElement on session ff74fcc753f8850d27c07d497adfb162 to remote] DEBUG org.apache.http.impl.execchain.MainClientExec - Proxy auth state: UNCHALLENGED
12:53:06.785 [Forwarding clickElement on session ff74fcc753f8850d27c07d497adfb162 to remote] DEBUG org.apache.http.headers - http-outgoing-23 >> POST /session/ff74fcc753f8850d27c07d497adfb162/element/58cb7bc6-8e2b-4a17-9820-bc65d82693c0/click HTTP/1.1
12:53:06.785 [Forwarding clickElement on session ff74fcc753f8850d27c07d497adfb162 to remote] DEBUG org.apache.http.headers - http-outgoing-23 >> Content-Type: application/json; charset=utf-8
12:53:06.785 [Forwarding clickElement on session ff74fcc753f8850d27c07d497adfb162 to remote] DEBUG org.apache.http.headers - http-outgoing-23 >> Content-Length: 45
12:53:06.785 [Forwarding clickElement on session ff74fcc753f8850d27c07d497adfb162 to remote] DEBUG org.apache.http.headers - http-outgoing-23 >> Host: localhost:36671
12:53:06.785 [Forwarding clickElement on session ff74fcc753f8850d27c07d497adfb162 to remote] DEBUG org.apache.http.headers - http-outgoing-23 >> Connection: Keep-Alive
12:53:06.785 [Forwarding clickElement on session ff74fcc753f8850d27c07d497adfb162 to remote] DEBUG org.apache.http.headers - http-outgoing-23 >> User-Agent: Apache-HttpClient/4.5.3 (Java/1.8.0_211)
12:53:06.785 [Forwarding clickElement on session ff74fcc753f8850d27c07d497adfb162 to remote] DEBUG org.apache.http.headers - http-outgoing-23 >> Accept-Encoding: gzip,deflate
12:53:06.785 [Forwarding clickElement on session ff74fcc753f8850d27c07d497adfb162 to remote] DEBUG org.apache.http.wire - http-outgoing-23 >> "POST /session/ff74fcc753f8850d27c07d497adfb162/element/58cb7bc6-8e2b-4a17-9820-bc65d82693c0/click HTTP/1.1[\r][\n]"
12:53:06.785 [Forwarding clickElement on session ff74fcc753f8850d27c07d497adfb162 to remote] DEBUG org.apache.http.wire - http-outgoing-23 >> "Content-Type: application/json; charset=utf-8[\r][\n]"
12:53:06.785 [Forwarding clickElement on session ff74fcc753f8850d27c07d497adfb162 to remote] DEBUG org.apache.http.wire - http-outgoing-23 >> "Content-Length: 45[\r][\n]"
12:53:06.785 [Forwarding clickElement on session ff74fcc753f8850d27c07d497adfb162 to remote] DEBUG org.apache.http.wire - http-outgoing-23 >> "Host: localhost:36671[\r][\n]"
12:53:06.785 [Forwarding clickElement on session ff74fcc753f8850d27c07d497adfb162 to remote] DEBUG org.apache.http.wire - http-outgoing-23 >> "Connection: Keep-Alive[\r][\n]"
12:53:06.785 [Forwarding clickElement on session ff74fcc753f8850d27c07d497adfb162 to remote] DEBUG org.apache.http.wire - http-outgoing-23 >> "User-Agent: Apache-HttpClient/4.5.3 (Java/1.8.0_211)[\r][\n]"
12:53:06.785 [Forwarding clickElement on session ff74fcc753f8850d27c07d497adfb162 to remote] DEBUG org.apache.http.wire - http-outgoing-23 >> "Accept-Encoding: gzip,deflate[\r][\n]"
12:53:06.785 [Forwarding clickElement on session ff74fcc753f8850d27c07d497adfb162 to remote] DEBUG org.apache.http.wire - http-outgoing-23 >> "[\r][\n]"
12:53:06.785 [Forwarding clickElement on session ff74fcc753f8850d27c07d497adfb162 to remote] DEBUG org.apache.http.wire - http-outgoing-23 >> "{"id":"58cb7bc6-8e2b-4a17-9820-bc65d82693c0"}"
12:53:06.821 [Forwarding clickElement on session ff74fcc753f8850d27c07d497adfb162 to remote] DEBUG org.apache.http.wire - http-outgoing-23 << "HTTP/1.1 200 OK[\r][\n]"
12:53:06.821 [Forwarding clickElement on session ff74fcc753f8850d27c07d497adfb162 to remote] DEBUG org.apache.http.wire - http-outgoing-23 << "Content-Length:14[\r][\n]"
12:53:06.821 [Forwarding clickElement on session ff74fcc753f8850d27c07d497adfb162 to remote] DEBUG org.apache.http.wire - http-outgoing-23 << "Content-Type:application/json; charset=utf-8[\r][\n]"
12:53:06.821 [Forwarding clickElement on session ff74fcc753f8850d27c07d497adfb162 to remote] DEBUG org.apache.http.wire - http-outgoing-23 << "cache-control:no-cache[\r][\n]"
12:53:06.821 [Forwarding clickElement on session ff74fcc753f8850d27c07d497adfb162 to remote] DEBUG org.apache.http.wire - http-outgoing-23 << "[\r][\n]"
12:53:06.821 [Forwarding clickElement on session ff74fcc753f8850d27c07d497adfb162 to remote] DEBUG org.apache.http.wire - http-outgoing-23 << "{"value":null}"
12:53:06.821 [Forwarding clickElement on session ff74fcc753f8850d27c07d497adfb162 to remote] DEBUG org.apache.http.headers - http-outgoing-23 << HTTP/1.1 200 OK
12:53:06.821 [Forwarding clickElement on session ff74fcc753f8850d27c07d497adfb162 to remote] DEBUG org.apache.http.headers - http-outgoing-23 << Content-Length:14
12:53:06.821 [Forwarding clickElement on session ff74fcc753f8850d27c07d497adfb162 to remote] DEBUG org.apache.http.headers - http-outgoing-23 << Content-Type:application/json; charset=utf-8
12:53:06.821 [Forwarding clickElement on session ff74fcc753f8850d27c07d497adfb162 to remote] DEBUG org.apache.http.headers - http-outgoing-23 << cache-control:no-cache
12:53:06.821 [Forwarding clickElement on session ff74fcc753f8850d27c07d497adfb162 to remote] DEBUG org.apache.http.impl.execchain.MainClientExec - Connection can be kept alive indefinitely
12:53:06.821 [Forwarding clickElement on session ff74fcc753f8850d27c07d497adfb162 to remote] DEBUG org.apache.http.impl.conn.PoolingHttpClientConnectionManager - Connection [id: 23][route: {}->http://localhost:36671] can be kept alive indefinitely
12:53:06.821 [Forwarding clickElement on session ff74fcc753f8850d27c07d497adfb162 to remote] DEBUG org.apache.http.impl.conn.PoolingHttpClientConnectionManager - Connection released: [id: 23][route: {}->http://localhost:36671][total kept alive: 6; route allocated: 1 of 2000; total allocated: 6 of 2000]
12:53:06.822 [Forwarding findElement on session ff74fcc753f8850d27c07d497adfb162 to remote] DEBUG org.apache.http.client.protocol.RequestAddCookies - CookieSpec selected: default
12:53:06.822 [Forwarding findElement on session ff74fcc753f8850d27c07d497adfb162 to remote] DEBUG org.apache.http.client.protocol.RequestAuthCache - Auth cache not set in the context
12:53:06.822 [Forwarding findElement on session ff74fcc753f8850d27c07d497adfb162 to remote] DEBUG org.apache.http.impl.conn.PoolingHttpClientConnectionManager - Connection request: [route: {}->http://localhost:36671][total kept alive: 6; route allocated: 1 of 2000; total allocated: 6 of 2000]
12:53:06.822 [Forwarding findElement on session ff74fcc753f8850d27c07d497adfb162 to remote] DEBUG org.apache.http.impl.conn.PoolingHttpClientConnectionManager - Connection leased: [id: 23][route: {}->http://localhost:36671][total kept alive: 5; route allocated: 1 of 2000; total allocated: 6 of 2000]
12:53:06.822 [Forwarding findElement on session ff74fcc753f8850d27c07d497adfb162 to remote] DEBUG org.apache.http.impl.execchain.MainClientExec - Stale connection check
12:53:06.823 [Forwarding findElement on session ff74fcc753f8850d27c07d497adfb162 to remote] DEBUG org.apache.http.wire - http-outgoing-23 << "[read] I/O error: Read timed out"
12:53:06.823 [Forwarding findElement on session ff74fcc753f8850d27c07d497adfb162 to remote] DEBUG org.apache.http.impl.conn.DefaultManagedHttpClientConnection - http-outgoing-23: set socket timeout to 10800000
12:53:06.823 [Forwarding findElement on session ff74fcc753f8850d27c07d497adfb162 to remote] DEBUG org.apache.http.impl.execchain.MainClientExec - Executing request POST /session/ff74fcc753f8850d27c07d497adfb162/element HTTP/1.1
12:53:06.823 [Forwarding findElement on session ff74fcc753f8850d27c07d497adfb162 to remote] DEBUG org.apache.http.impl.execchain.MainClientExec - Target auth state: UNCHALLENGED
12:53:06.823 [Forwarding findElement on session ff74fcc753f8850d27c07d497adfb162 to remote] DEBUG org.apache.http.impl.execchain.MainClientExec - Proxy auth state: UNCHALLENGED
12:53:06.823 [Forwarding findElement on session ff74fcc753f8850d27c07d497adfb162 to remote] DEBUG org.apache.http.headers - http-outgoing-23 >> POST /session/ff74fcc753f8850d27c07d497adfb162/element HTTP/1.1
12:53:06.823 [Forwarding findElement on session ff74fcc753f8850d27c07d497adfb162 to remote] DEBUG org.apache.http.headers - http-outgoing-23 >> Content-Type: application/json; charset=utf-8
12:53:06.823 [Forwarding findElement on session ff74fcc753f8850d27c07d497adfb162 to remote] DEBUG org.apache.http.headers - http-outgoing-23 >> Content-Length: 61
12:53:06.823 [Forwarding findElement on session ff74fcc753f8850d27c07d497adfb162 to remote] DEBUG org.apache.http.headers - http-outgoing-23 >> Host: localhost:36671
12:53:06.823 [Forwarding findElement on session ff74fcc753f8850d27c07d497adfb162 to remote] DEBUG org.apache.http.headers - http-outgoing-23 >> Connection: Keep-Alive
12:53:06.823 [Forwarding findElement on session ff74fcc753f8850d27c07d497adfb162 to remote] DEBUG org.apache.http.headers - http-outgoing-23 >> User-Agent: Apache-HttpClient/4.5.3 (Java/1.8.0_211)
12:53:06.823 [Forwarding findElement on session ff74fcc753f8850d27c07d497adfb162 to remote] DEBUG org.apache.http.headers - http-outgoing-23 >> Accept-Encoding: gzip,deflate
12:53:06.823 [Forwarding findElement on session ff74fcc753f8850d27c07d497adfb162 to remote] DEBUG org.apache.http.wire - http-outgoing-23 >> "POST /session/ff74fcc753f8850d27c07d497adfb162/element HTTP/1.1[\r][\n]"
12:53:06.823 [Forwarding findElement on session ff74fcc753f8850d27c07d497adfb162 to remote] DEBUG org.apache.http.wire - http-outgoing-23 >> "Content-Type: application/json; charset=utf-8[\r][\n]"
12:53:06.823 [Forwarding findElement on session ff74fcc753f8850d27c07d497adfb162 to remote] DEBUG org.apache.http.wire - http-outgoing-23 >> "Content-Length: 61[\r][\n]"
12:53:06.823 [Forwarding findElement on session ff74fcc753f8850d27c07d497adfb162 to remote] DEBUG org.apache.http.wire - http-outgoing-23 >> "Host: localhost:36671[\r][\n]"
12:53:06.823 [Forwarding findElement on session ff74fcc753f8850d27c07d497adfb162 to remote] DEBUG org.apache.http.wire - http-outgoing-23 >> "Connection: Keep-Alive[\r][\n]"
12:53:06.823 [Forwarding findElement on session ff74fcc753f8850d27c07d497adfb162 to remote] DEBUG org.apache.http.wire - http-outgoing-23 >> "User-Agent: Apache-HttpClient/4.5.3 (Java/1.8.0_211)[\r][\n]"
12:53:06.823 [Forwarding findElement on session ff74fcc753f8850d27c07d497adfb162 to remote] DEBUG org.apache.http.wire - http-outgoing-23 >> "Accept-Encoding: gzip,deflate[\r][\n]"
12:53:06.823 [Forwarding findElement on session ff74fcc753f8850d27c07d497adfb162 to remote] DEBUG org.apache.http.wire - http-outgoing-23 >> "[\r][\n]"
12:53:06.823 [Forwarding findElement on session ff74fcc753f8850d27c07d497adfb162 to remote] DEBUG org.apache.http.wire - http-outgoing-23 >> "{"value":".form-control:nth-child(2)","using":"css selector"}"
12:53:06.830 [Forwarding findElement on session ff74fcc753f8850d27c07d497adfb162 to remote] DEBUG org.apache.http.wire - http-outgoing-23 << "HTTP/1.1 200 OK[\r][\n]"
12:53:06.830 [Forwarding findElement on session ff74fcc753f8850d27c07d497adfb162 to remote] DEBUG org.apache.http.wire - http-outgoing-23 << "Content-Length:88[\r][\n]"
12:53:06.830 [Forwarding findElement on session ff74fcc753f8850d27c07d497adfb162 to remote] DEBUG org.apache.http.wire - http-outgoing-23 << "Content-Type:application/json; charset=utf-8[\r][\n]"
12:53:06.830 [Forwarding findElement on session ff74fcc753f8850d27c07d497adfb162 to remote] DEBUG org.apache.http.wire - http-outgoing-23 << "cache-control:no-cache[\r][\n]"
12:53:06.830 [Forwarding findElement on session ff74fcc753f8850d27c07d497adfb162 to remote] DEBUG org.apache.http.wire - http-outgoing-23 << "[\r][\n]"
12:53:06.830 [Forwarding findElement on session ff74fcc753f8850d27c07d497adfb162 to remote] DEBUG org.apache.http.wire - http-outgoing-23 << "{"value":{"element-6066-11e4-a52e-4f735466cecf":"51c19b02-59ca-4940-bd47-c858e3b30700"}}"
12:53:06.830 [Forwarding findElement on session ff74fcc753f8850d27c07d497adfb162 to remote] DEBUG org.apache.http.headers - http-outgoing-23 << HTTP/1.1 200 OK
12:53:06.830 [Forwarding findElement on session ff74fcc753f8850d27c07d497adfb162 to remote] DEBUG org.apache.http.headers - http-outgoing-23 << Content-Length:88
12:53:06.830 [Forwarding findElement on session ff74fcc753f8850d27c07d497adfb162 to remote] DEBUG org.apache.http.headers - http-outgoing-23 << Content-Type:application/json; charset=utf-8
12:53:06.830 [Forwarding findElement on session ff74fcc753f8850d27c07d497adfb162 to remote] DEBUG org.apache.http.headers - http-outgoing-23 << cache-control:no-cache
12:53:06.830 [Forwarding findElement on session ff74fcc753f8850d27c07d497adfb162 to remote] DEBUG org.apache.http.impl.execchain.MainClientExec - Connection can be kept alive indefinitely
12:53:06.830 [Forwarding findElement on session ff74fcc753f8850d27c07d497adfb162 to remote] DEBUG org.apache.http.impl.conn.PoolingHttpClientConnectionManager - Connection [id: 23][route: {}->http://localhost:36671] can be kept alive indefinitely
12:53:06.830 [Forwarding findElement on session ff74fcc753f8850d27c07d497adfb162 to remote] DEBUG org.apache.http.impl.conn.PoolingHttpClientConnectionManager - Connection released: [id: 23][route: {}->http://localhost:36671][total kept alive: 6; route allocated: 1 of 2000; total allocated: 6 of 2000]
12:53:06.831 [Forwarding clickElement on session ff74fcc753f8850d27c07d497adfb162 to remote] DEBUG org.apache.http.client.protocol.RequestAddCookies - CookieSpec selected: default
12:53:06.831 [Forwarding clickElement on session ff74fcc753f8850d27c07d497adfb162 to remote] DEBUG org.apache.http.client.protocol.RequestAuthCache - Auth cache not set in the context
12:53:06.831 [Forwarding clickElement on session ff74fcc753f8850d27c07d497adfb162 to remote] DEBUG org.apache.http.impl.conn.PoolingHttpClientConnectionManager - Connection request: [route: {}->http://localhost:36671][total kept alive: 6; route allocated: 1 of 2000; total allocated: 6 of 2000]
12:53:06.831 [Forwarding clickElement on session ff74fcc753f8850d27c07d497adfb162 to remote] DEBUG org.apache.http.impl.conn.PoolingHttpClientConnectionManager - Connection leased: [id: 23][route: {}->http://localhost:36671][total kept alive: 5; route allocated: 1 of 2000; total allocated: 6 of 2000]
12:53:06.831 [Forwarding clickElement on session ff74fcc753f8850d27c07d497adfb162 to remote] DEBUG org.apache.http.impl.execchain.MainClientExec - Stale connection check
12:53:06.832 [Forwarding clickElement on session ff74fcc753f8850d27c07d497adfb162 to remote] DEBUG org.apache.http.wire - http-outgoing-23 << "[read] I/O error: Read timed out"
12:53:06.832 [Forwarding clickElement on session ff74fcc753f8850d27c07d497adfb162 to remote] DEBUG org.apache.http.impl.conn.DefaultManagedHttpClientConnection - http-outgoing-23: set socket timeout to 10800000
12:53:06.832 [Forwarding clickElement on session ff74fcc753f8850d27c07d497adfb162 to remote] DEBUG org.apache.http.impl.execchain.MainClientExec - Executing request POST /session/ff74fcc753f8850d27c07d497adfb162/element/51c19b02-59ca-4940-bd47-c858e3b30700/click HTTP/1.1
12:53:06.832 [Forwarding clickElement on session ff74fcc753f8850d27c07d497adfb162 to remote] DEBUG org.apache.http.impl.execchain.MainClientExec - Target auth state: UNCHALLENGED
12:53:06.832 [Forwarding clickElement on session ff74fcc753f8850d27c07d497adfb162 to remote] DEBUG org.apache.http.impl.execchain.MainClientExec - Proxy auth state: UNCHALLENGED
12:53:06.832 [Forwarding clickElement on session ff74fcc753f8850d27c07d497adfb162 to remote] DEBUG org.apache.http.headers - http-outgoing-23 >> POST /session/ff74fcc753f8850d27c07d497adfb162/element/51c19b02-59ca-4940-bd47-c858e3b30700/click HTTP/1.1
12:53:06.832 [Forwarding clickElement on session ff74fcc753f8850d27c07d497adfb162 to remote] DEBUG org.apache.http.headers - http-outgoing-23 >> Content-Type: application/json; charset=utf-8
12:53:06.832 [Forwarding clickElement on session ff74fcc753f8850d27c07d497adfb162 to remote] DEBUG org.apache.http.headers - http-outgoing-23 >> Content-Length: 45
12:53:06.832 [Forwarding clickElement on session ff74fcc753f8850d27c07d497adfb162 to remote] DEBUG org.apache.http.headers - http-outgoing-23 >> Host: localhost:36671
12:53:06.832 [Forwarding clickElement on session ff74fcc753f8850d27c07d497adfb162 to remote] DEBUG org.apache.http.headers - http-outgoing-23 >> Connection: Keep-Alive
12:53:06.832 [Forwarding clickElement on session ff74fcc753f8850d27c07d497adfb162 to remote] DEBUG org.apache.http.headers - http-outgoing-23 >> User-Agent: Apache-HttpClient/4.5.3 (Java/1.8.0_211)
12:53:06.832 [Forwarding clickElement on session ff74fcc753f8850d27c07d497adfb162 to remote] DEBUG org.apache.http.headers - http-outgoing-23 >> Accept-Encoding: gzip,deflate
12:53:06.832 [Forwarding clickElement on session ff74fcc753f8850d27c07d497adfb162 to remote] DEBUG org.apache.http.wire - http-outgoing-23 >> "POST /session/ff74fcc753f8850d27c07d497adfb162/element/51c19b02-59ca-4940-bd47-c858e3b30700/click HTTP/1.1[\r][\n]"
12:53:06.832 [Forwarding clickElement on session ff74fcc753f8850d27c07d497adfb162 to remote] DEBUG org.apache.http.wire - http-outgoing-23 >> "Content-Type: application/json; charset=utf-8[\r][\n]"
12:53:06.832 [Forwarding clickElement on session ff74fcc753f8850d27c07d497adfb162 to remote] DEBUG org.apache.http.wire - http-outgoing-23 >> "Content-Length: 45[\r][\n]"
12:53:06.832 [Forwarding clickElement on session ff74fcc753f8850d27c07d497adfb162 to remote] DEBUG org.apache.http.wire - http-outgoing-23 >> "Host: localhost:36671[\r][\n]"
12:53:06.832 [Forwarding clickElement on session ff74fcc753f8850d27c07d497adfb162 to remote] DEBUG org.apache.http.wire - http-outgoing-23 >> "Connection: Keep-Alive[\r][\n]"
12:53:06.832 [Forwarding clickElement on session ff74fcc753f8850d27c07d497adfb162 to remote] DEBUG org.apache.http.wire - http-outgoing-23 >> "User-Agent: Apache-HttpClient/4.5.3 (Java/1.8.0_211)[\r][\n]"
12:53:06.832 [Forwarding clickElement on session ff74fcc753f8850d27c07d497adfb162 to remote] DEBUG org.apache.http.wire - http-outgoing-23 >> "Accept-Encoding: gzip,deflate[\r][\n]"
12:53:06.832 [Forwarding clickElement on session ff74fcc753f8850d27c07d497adfb162 to remote] DEBUG org.apache.http.wire - http-outgoing-23 >> "[\r][\n]"
12:53:06.832 [Forwarding clickElement on session ff74fcc753f8850d27c07d497adfb162 to remote] DEBUG org.apache.http.wire - http-outgoing-23 >> "{"id":"51c19b02-59ca-4940-bd47-c858e3b30700"}"
12:53:06.883 [Forwarding clickElement on session ff74fcc753f8850d27c07d497adfb162 to remote] DEBUG org.apache.http.wire - http-outgoing-23 << "HTTP/1.1 200 OK[\r][\n]"
12:53:06.883 [Forwarding clickElement on session ff74fcc753f8850d27c07d497adfb162 to remote] DEBUG org.apache.http.wire - http-outgoing-23 << "Content-Length:14[\r][\n]"
12:53:06.883 [Forwarding clickElement on session ff74fcc753f8850d27c07d497adfb162 to remote] DEBUG org.apache.http.wire - http-outgoing-23 << "Content-Type:application/json; charset=utf-8[\r][\n]"
12:53:06.883 [Forwarding clickElement on session ff74fcc753f8850d27c07d497adfb162 to remote] DEBUG org.apache.http.wire - http-outgoing-23 << "cache-control:no-cache[\r][\n]"
12:53:06.883 [Forwarding clickElement on session ff74fcc753f8850d27c07d497adfb162 to remote] DEBUG org.apache.http.wire - http-outgoing-23 << "[\r][\n]"
12:53:06.883 [Forwarding clickElement on session ff74fcc753f8850d27c07d497adfb162 to remote] DEBUG org.apache.http.wire - http-outgoing-23 << "{"value":null}"
12:53:06.883 [Forwarding clickElement on session ff74fcc753f8850d27c07d497adfb162 to remote] DEBUG org.apache.http.headers - http-outgoing-23 << HTTP/1.1 200 OK
12:53:06.883 [Forwarding clickElement on session ff74fcc753f8850d27c07d497adfb162 to remote] DEBUG org.apache.http.headers - http-outgoing-23 << Content-Length:14
12:53:06.883 [Forwarding clickElement on session ff74fcc753f8850d27c07d497adfb162 to remote] DEBUG org.apache.http.headers - http-outgoing-23 << Content-Type:application/json; charset=utf-8
12:53:06.883 [Forwarding clickElement on session ff74fcc753f8850d27c07d497adfb162 to remote] DEBUG org.apache.http.headers - http-outgoing-23 << cache-control:no-cache
12:53:06.883 [Forwarding clickElement on session ff74fcc753f8850d27c07d497adfb162 to remote] DEBUG org.apache.http.impl.execchain.MainClientExec - Connection can be kept alive indefinitely
12:53:06.883 [Forwarding clickElement on session ff74fcc753f8850d27c07d497adfb162 to remote] DEBUG org.apache.http.impl.conn.PoolingHttpClientConnectionManager - Connection [id: 23][route: {}->http://localhost:36671] can be kept alive indefinitely
12:53:06.883 [Forwarding clickElement on session ff74fcc753f8850d27c07d497adfb162 to remote] DEBUG org.apache.http.impl.conn.PoolingHttpClientConnectionManager - Connection released: [id: 23][route: {}->http://localhost:36671][total kept alive: 6; route allocated: 1 of 2000; total allocated: 6 of 2000]
12:53:06.884 [Forwarding findElement on session ff74fcc753f8850d27c07d497adfb162 to remote] DEBUG org.apache.http.client.protocol.RequestAddCookies - CookieSpec selected: default
12:53:06.884 [Forwarding findElement on session ff74fcc753f8850d27c07d497adfb162 to remote] DEBUG org.apache.http.client.protocol.RequestAuthCache - Auth cache not set in the context
12:53:06.884 [Forwarding findElement on session ff74fcc753f8850d27c07d497adfb162 to remote] DEBUG org.apache.http.impl.conn.PoolingHttpClientConnectionManager - Connection request: [route: {}->http://localhost:36671][total kept alive: 6; route allocated: 1 of 2000; total allocated: 6 of 2000]
12:53:06.884 [Forwarding findElement on session ff74fcc753f8850d27c07d497adfb162 to remote] DEBUG org.apache.http.impl.conn.PoolingHttpClientConnectionManager - Connection leased: [id: 23][route: {}->http://localhost:36671][total kept alive: 5; route allocated: 1 of 2000; total allocated: 6 of 2000]
12:53:06.884 [Forwarding findElement on session ff74fcc753f8850d27c07d497adfb162 to remote] DEBUG org.apache.http.impl.execchain.MainClientExec - Stale connection check
12:53:06.885 [Forwarding findElement on session ff74fcc753f8850d27c07d497adfb162 to remote] DEBUG org.apache.http.wire - http-outgoing-23 << "[read] I/O error: Read timed out"
12:53:06.885 [Forwarding findElement on session ff74fcc753f8850d27c07d497adfb162 to remote] DEBUG org.apache.http.impl.conn.DefaultManagedHttpClientConnection - http-outgoing-23: set socket timeout to 10800000
12:53:06.885 [Forwarding findElement on session ff74fcc753f8850d27c07d497adfb162 to remote] DEBUG org.apache.http.impl.execchain.MainClientExec - Executing request POST /session/ff74fcc753f8850d27c07d497adfb162/element HTTP/1.1
12:53:06.885 [Forwarding findElement on session ff74fcc753f8850d27c07d497adfb162 to remote] DEBUG org.apache.http.impl.execchain.MainClientExec - Target auth state: UNCHALLENGED
12:53:06.885 [Forwarding findElement on session ff74fcc753f8850d27c07d497adfb162 to remote] DEBUG org.apache.http.impl.execchain.MainClientExec - Proxy auth state: UNCHALLENGED
12:53:06.885 [Forwarding findElement on session ff74fcc753f8850d27c07d497adfb162 to remote] DEBUG org.apache.http.headers - http-outgoing-23 >> POST /session/ff74fcc753f8850d27c07d497adfb162/element HTTP/1.1
12:53:06.885 [Forwarding findElement on session ff74fcc753f8850d27c07d497adfb162 to remote] DEBUG org.apache.http.headers - http-outgoing-23 >> Content-Type: application/json; charset=utf-8
12:53:06.885 [Forwarding findElement on session ff74fcc753f8850d27c07d497adfb162 to remote] DEBUG org.apache.http.headers - http-outgoing-23 >> Content-Length: 61
12:53:06.885 [Forwarding findElement on session ff74fcc753f8850d27c07d497adfb162 to remote] DEBUG org.apache.http.headers - http-outgoing-23 >> Host: localhost:36671
12:53:06.885 [Forwarding findElement on session ff74fcc753f8850d27c07d497adfb162 to remote] DEBUG org.apache.http.headers - http-outgoing-23 >> Connection: Keep-Alive
12:53:06.885 [Forwarding findElement on session ff74fcc753f8850d27c07d497adfb162 to remote] DEBUG org.apache.http.headers - http-outgoing-23 >> User-Agent: Apache-HttpClient/4.5.3 (Java/1.8.0_211)
12:53:06.885 [Forwarding findElement on session ff74fcc753f8850d27c07d497adfb162 to remote] DEBUG org.apache.http.headers - http-outgoing-23 >> Accept-Encoding: gzip,deflate
12:53:06.886 [Forwarding findElement on session ff74fcc753f8850d27c07d497adfb162 to remote] DEBUG org.apache.http.wire - http-outgoing-23 >> "POST /session/ff74fcc753f8850d27c07d497adfb162/element HTTP/1.1[\r][\n]"
12:53:06.886 [Forwarding findElement on session ff74fcc753f8850d27c07d497adfb162 to remote] DEBUG org.apache.http.wire - http-outgoing-23 >> "Content-Type: application/json; charset=utf-8[\r][\n]"
12:53:06.886 [Forwarding findElement on session ff74fcc753f8850d27c07d497adfb162 to remote] DEBUG org.apache.http.wire - http-outgoing-23 >> "Content-Length: 61[\r][\n]"
12:53:06.886 [Forwarding findElement on session ff74fcc753f8850d27c07d497adfb162 to remote] DEBUG org.apache.http.wire - http-outgoing-23 >> "Host: localhost:36671[\r][\n]"
12:53:06.886 [Forwarding findElement on session ff74fcc753f8850d27c07d497adfb162 to remote] DEBUG org.apache.http.wire - http-outgoing-23 >> "Connection: Keep-Alive[\r][\n]"
12:53:06.886 [Forwarding findElement on session ff74fcc753f8850d27c07d497adfb162 to remote] DEBUG org.apache.http.wire - http-outgoing-23 >> "User-Agent: Apache-HttpClient/4.5.3 (Java/1.8.0_211)[\r][\n]"
12:53:06.886 [Forwarding findElement on session ff74fcc753f8850d27c07d497adfb162 to remote] DEBUG org.apache.http.wire - http-outgoing-23 >> "Accept-Encoding: gzip,deflate[\r][\n]"
12:53:06.886 [Forwarding findElement on session ff74fcc753f8850d27c07d497adfb162 to remote] DEBUG org.apache.http.wire - http-outgoing-23 >> "[\r][\n]"
12:53:06.886 [Forwarding findElement on session ff74fcc753f8850d27c07d497adfb162 to remote] DEBUG org.apache.http.wire - http-outgoing-23 >> "{"value":".form-control:nth-child(2)","using":"css selector"}"
12:53:06.891 [Forwarding findElement on session ff74fcc753f8850d27c07d497adfb162 to remote] DEBUG org.apache.http.wire - http-outgoing-23 << "HTTP/1.1 200 OK[\r][\n]"
12:53:06.891 [Forwarding findElement on session ff74fcc753f8850d27c07d497adfb162 to remote] DEBUG org.apache.http.wire - http-outgoing-23 << "Content-Length:88[\r][\n]"
12:53:06.891 [Forwarding findElement on session ff74fcc753f8850d27c07d497adfb162 to remote] DEBUG org.apache.http.wire - http-outgoing-23 << "Content-Type:application/json; charset=utf-8[\r][\n]"
12:53:06.891 [Forwarding findElement on session ff74fcc753f8850d27c07d497adfb162 to remote] DEBUG org.apache.http.wire - http-outgoing-23 << "cache-control:no-cache[\r][\n]"
12:53:06.891 [Forwarding findElement on session ff74fcc753f8850d27c07d497adfb162 to remote] DEBUG org.apache.http.wire - http-outgoing-23 << "[\r][\n]"
12:53:06.891 [Forwarding findElement on session ff74fcc753f8850d27c07d497adfb162 to remote] DEBUG org.apache.http.wire - http-outgoing-23 << "{"value":{"element-6066-11e4-a52e-4f735466cecf":"51c19b02-59ca-4940-bd47-c858e3b30700"}}"
12:53:06.891 [Forwarding findElement on session ff74fcc753f8850d27c07d497adfb162 to remote] DEBUG org.apache.http.headers - http-outgoing-23 << HTTP/1.1 200 OK
12:53:06.891 [Forwarding findElement on session ff74fcc753f8850d27c07d497adfb162 to remote] DEBUG org.apache.http.headers - http-outgoing-23 << Content-Length:88
12:53:06.891 [Forwarding findElement on session ff74fcc753f8850d27c07d497adfb162 to remote] DEBUG org.apache.http.headers - http-outgoing-23 << Content-Type:application/json; charset=utf-8
12:53:06.891 [Forwarding findElement on session ff74fcc753f8850d27c07d497adfb162 to remote] DEBUG org.apache.http.headers - http-outgoing-23 << cache-control:no-cache
12:53:06.891 [Forwarding findElement on session ff74fcc753f8850d27c07d497adfb162 to remote] DEBUG org.apache.http.impl.execchain.MainClientExec - Connection can be kept alive indefinitely
12:53:06.891 [Forwarding findElement on session ff74fcc753f8850d27c07d497adfb162 to remote] DEBUG org.apache.http.impl.conn.PoolingHttpClientConnectionManager - Connection [id: 23][route: {}->http://localhost:36671] can be kept alive indefinitely
12:53:06.891 [Forwarding findElement on session ff74fcc753f8850d27c07d497adfb162 to remote] DEBUG org.apache.http.impl.conn.PoolingHttpClientConnectionManager - Connection released: [id: 23][route: {}->http://localhost:36671][total kept alive: 6; route allocated: 1 of 2000; total allocated: 6 of 2000]
12:53:06.892 [Forwarding sendKeysToElement on session ff74fcc753f8850d27c07d497adfb162 to remote] DEBUG org.apache.http.client.protocol.RequestAddCookies - CookieSpec selected: default
12:53:06.892 [Forwarding sendKeysToElement on session ff74fcc753f8850d27c07d497adfb162 to remote] DEBUG org.apache.http.client.protocol.RequestAuthCache - Auth cache not set in the context
12:53:06.892 [Forwarding sendKeysToElement on session ff74fcc753f8850d27c07d497adfb162 to remote] DEBUG org.apache.http.impl.conn.PoolingHttpClientConnectionManager - Connection request: [route: {}->http://localhost:36671][total kept alive: 6; route allocated: 1 of 2000; total allocated: 6 of 2000]
12:53:06.892 [Forwarding sendKeysToElement on session ff74fcc753f8850d27c07d497adfb162 to remote] DEBUG org.apache.http.impl.conn.PoolingHttpClientConnectionManager - Connection leased: [id: 23][route: {}->http://localhost:36671][total kept alive: 5; route allocated: 1 of 2000; total allocated: 6 of 2000]
12:53:06.892 [Forwarding sendKeysToElement on session ff74fcc753f8850d27c07d497adfb162 to remote] DEBUG org.apache.http.impl.execchain.MainClientExec - Stale connection check
12:53:06.893 [Forwarding sendKeysToElement on session ff74fcc753f8850d27c07d497adfb162 to remote] DEBUG org.apache.http.wire - http-outgoing-23 << "[read] I/O error: Read timed out"
12:53:06.893 [Forwarding sendKeysToElement on session ff74fcc753f8850d27c07d497adfb162 to remote] DEBUG org.apache.http.impl.conn.DefaultManagedHttpClientConnection - http-outgoing-23: set socket timeout to 10800000
12:53:06.893 [Forwarding sendKeysToElement on session ff74fcc753f8850d27c07d497adfb162 to remote] DEBUG org.apache.http.impl.execchain.MainClientExec - Executing request POST /session/ff74fcc753f8850d27c07d497adfb162/element/51c19b02-59ca-4940-bd47-c858e3b30700/value HTTP/1.1
12:53:06.893 [Forwarding sendKeysToElement on session ff74fcc753f8850d27c07d497adfb162 to remote] DEBUG org.apache.http.impl.execchain.MainClientExec - Target auth state: UNCHALLENGED
12:53:06.893 [Forwarding sendKeysToElement on session ff74fcc753f8850d27c07d497adfb162 to remote] DEBUG org.apache.http.impl.execchain.MainClientExec - Proxy auth state: UNCHALLENGED
12:53:06.893 [Forwarding sendKeysToElement on session ff74fcc753f8850d27c07d497adfb162 to remote] DEBUG org.apache.http.headers - http-outgoing-23 >> POST /session/ff74fcc753f8850d27c07d497adfb162/element/51c19b02-59ca-4940-bd47-c858e3b30700/value HTTP/1.1
12:53:06.893 [Forwarding sendKeysToElement on session ff74fcc753f8850d27c07d497adfb162 to remote] DEBUG org.apache.http.headers - http-outgoing-23 >> Content-Type: application/json; charset=utf-8
12:53:06.893 [Forwarding sendKeysToElement on session ff74fcc753f8850d27c07d497adfb162 to remote] DEBUG org.apache.http.headers - http-outgoing-23 >> Content-Length: 385
12:53:06.893 [Forwarding sendKeysToElement on session ff74fcc753f8850d27c07d497adfb162 to remote] DEBUG org.apache.http.headers - http-outgoing-23 >> Host: localhost:36671
12:53:06.893 [Forwarding sendKeysToElement on session ff74fcc753f8850d27c07d497adfb162 to remote] DEBUG org.apache.http.headers - http-outgoing-23 >> Connection: Keep-Alive
12:53:06.893 [Forwarding sendKeysToElement on session ff74fcc753f8850d27c07d497adfb162 to remote] DEBUG org.apache.http.headers - http-outgoing-23 >> User-Agent: Apache-HttpClient/4.5.3 (Java/1.8.0_211)
12:53:06.893 [Forwarding sendKeysToElement on session ff74fcc753f8850d27c07d497adfb162 to remote] DEBUG org.apache.http.headers - http-outgoing-23 >> Accept-Encoding: gzip,deflate
12:53:06.893 [Forwarding sendKeysToElement on session ff74fcc753f8850d27c07d497adfb162 to remote] DEBUG org.apache.http.wire - http-outgoing-23 >> "POST /session/ff74fcc753f8850d27c07d497adfb162/element/51c19b02-59ca-4940-bd47-c858e3b30700/value HTTP/1.1[\r][\n]"
12:53:06.893 [Forwarding sendKeysToElement on session ff74fcc753f8850d27c07d497adfb162 to remote] DEBUG org.apache.http.wire - http-outgoing-23 >> "Content-Type: application/json; charset=utf-8[\r][\n]"
12:53:06.893 [Forwarding sendKeysToElement on session ff74fcc753f8850d27c07d497adfb162 to remote] DEBUG org.apache.http.wire - http-outgoing-23 >> "Content-Length: 385[\r][\n]"
12:53:06.893 [Forwarding sendKeysToElement on session ff74fcc753f8850d27c07d497adfb162 to remote] DEBUG org.apache.http.wire - http-outgoing-23 >> "Host: localhost:36671[\r][\n]"
12:53:06.893 [Forwarding sendKeysToElement on session ff74fcc753f8850d27c07d497adfb162 to remote] DEBUG org.apache.http.wire - http-outgoing-23 >> "Connection: Keep-Alive[\r][\n]"
12:53:06.893 [Forwarding sendKeysToElement on session ff74fcc753f8850d27c07d497adfb162 to remote] DEBUG org.apache.http.wire - http-outgoing-23 >> "User-Agent: Apache-HttpClient/4.5.3 (Java/1.8.0_211)[\r][\n]"
12:53:06.893 [Forwarding sendKeysToElement on session ff74fcc753f8850d27c07d497adfb162 to remote] DEBUG org.apache.http.wire - http-outgoing-23 >> "Accept-Encoding: gzip,deflate[\r][\n]"
12:53:06.893 [Forwarding sendKeysToElement on session ff74fcc753f8850d27c07d497adfb162 to remote] DEBUG org.apache.http.wire - http-outgoing-23 >> "[\r][\n]"
12:53:06.893 [Forwarding sendKeysToElement on session ff74fcc753f8850d27c07d497adfb162 to remote] DEBUG org.apache.http.wire - http-outgoing-23 >> "{"id":"51c19b02-59ca-4940-bd47-c858e3b30700","text":"de164ddc64b1783c3ebced73b32c479b3daa203cf323bd738a9ecfc4674d6017","value":["d","e","1","6","4","d","d","c","6","4","b","1","7","8","3","c","3","e","b","c","e","d","7","3","b","3","2","c","4","7","9","b","3","d","a","a","2","0","3","c","f","3","2","3","b","d","7","3","8","a","9","e","c","f","c","4","6","7","4","d","6","0","1","7"]}"
12:53:07.394 [Forwarding sendKeysToElement on session ff74fcc753f8850d27c07d497adfb162 to remote] DEBUG org.apache.http.wire - http-outgoing-23 << "HTTP/1.1 200 OK[\r][\n]"
12:53:07.394 [Forwarding sendKeysToElement on session ff74fcc753f8850d27c07d497adfb162 to remote] DEBUG org.apache.http.wire - http-outgoing-23 << "Content-Length:14[\r][\n]"
12:53:07.394 [Forwarding sendKeysToElement on session ff74fcc753f8850d27c07d497adfb162 to remote] DEBUG org.apache.http.wire - http-outgoing-23 << "Content-Type:application/json; charset=utf-8[\r][\n]"
12:53:07.394 [Forwarding sendKeysToElement on session ff74fcc753f8850d27c07d497adfb162 to remote] DEBUG org.apache.http.wire - http-outgoing-23 << "cache-control:no-cache[\r][\n]"
12:53:07.394 [Forwarding sendKeysToElement on session ff74fcc753f8850d27c07d497adfb162 to remote] DEBUG org.apache.http.wire - http-outgoing-23 << "[\r][\n]"
12:53:07.394 [Forwarding sendKeysToElement on session ff74fcc753f8850d27c07d497adfb162 to remote] DEBUG org.apache.http.wire - http-outgoing-23 << "{"value":null}"
12:53:07.394 [Forwarding sendKeysToElement on session ff74fcc753f8850d27c07d497adfb162 to remote] DEBUG org.apache.http.headers - http-outgoing-23 << HTTP/1.1 200 OK
12:53:07.394 [Forwarding sendKeysToElement on session ff74fcc753f8850d27c07d497adfb162 to remote] DEBUG org.apache.http.headers - http-outgoing-23 << Content-Length:14
12:53:07.394 [Forwarding sendKeysToElement on session ff74fcc753f8850d27c07d497adfb162 to remote] DEBUG org.apache.http.headers - http-outgoing-23 << Content-Type:application/json; charset=utf-8
12:53:07.394 [Forwarding sendKeysToElement on session ff74fcc753f8850d27c07d497adfb162 to remote] DEBUG org.apache.http.headers - http-outgoing-23 << cache-control:no-cache
12:53:07.395 [Forwarding sendKeysToElement on session ff74fcc753f8850d27c07d497adfb162 to remote] DEBUG org.apache.http.impl.execchain.MainClientExec - Connection can be kept alive indefinitely
12:53:07.395 [Forwarding sendKeysToElement on session ff74fcc753f8850d27c07d497adfb162 to remote] DEBUG org.apache.http.impl.conn.PoolingHttpClientConnectionManager - Connection [id: 23][route: {}->http://localhost:36671] can be kept alive indefinitely
12:53:07.395 [Forwarding sendKeysToElement on session ff74fcc753f8850d27c07d497adfb162 to remote] DEBUG org.apache.http.impl.conn.PoolingHttpClientConnectionManager - Connection released: [id: 23][route: {}->http://localhost:36671][total kept alive: 6; route allocated: 1 of 2000; total allocated: 6 of 2000]
12:53:07.395 [Forwarding findElement on session ff74fcc753f8850d27c07d497adfb162 to remote] DEBUG org.apache.http.client.protocol.RequestAddCookies - CookieSpec selected: default
12:53:07.395 [Forwarding findElement on session ff74fcc753f8850d27c07d497adfb162 to remote] DEBUG org.apache.http.client.protocol.RequestAuthCache - Auth cache not set in the context
12:53:07.395 [Forwarding findElement on session ff74fcc753f8850d27c07d497adfb162 to remote] DEBUG org.apache.http.impl.conn.PoolingHttpClientConnectionManager - Connection request: [route: {}->http://localhost:36671][total kept alive: 6; route allocated: 1 of 2000; total allocated: 6 of 2000]
12:53:07.395 [Forwarding findElement on session ff74fcc753f8850d27c07d497adfb162 to remote] DEBUG org.apache.http.impl.conn.PoolingHttpClientConnectionManager - Connection leased: [id: 23][route: {}->http://localhost:36671][total kept alive: 5; route allocated: 1 of 2000; total allocated: 6 of 2000]
12:53:07.395 [Forwarding findElement on session ff74fcc753f8850d27c07d497adfb162 to remote] DEBUG org.apache.http.impl.execchain.MainClientExec - Stale connection check
12:53:07.396 [Forwarding findElement on session ff74fcc753f8850d27c07d497adfb162 to remote] DEBUG org.apache.http.wire - http-outgoing-23 << "[read] I/O error: Read timed out"
12:53:07.396 [Forwarding findElement on session ff74fcc753f8850d27c07d497adfb162 to remote] DEBUG org.apache.http.impl.conn.DefaultManagedHttpClientConnection - http-outgoing-23: set socket timeout to 10800000
12:53:07.396 [Forwarding findElement on session ff74fcc753f8850d27c07d497adfb162 to remote] DEBUG org.apache.http.impl.execchain.MainClientExec - Executing request POST /session/ff74fcc753f8850d27c07d497adfb162/element HTTP/1.1
12:53:07.396 [Forwarding findElement on session ff74fcc753f8850d27c07d497adfb162 to remote] DEBUG org.apache.http.impl.execchain.MainClientExec - Target auth state: UNCHALLENGED
12:53:07.396 [Forwarding findElement on session ff74fcc753f8850d27c07d497adfb162 to remote] DEBUG org.apache.http.impl.execchain.MainClientExec - Proxy auth state: UNCHALLENGED
12:53:07.396 [Forwarding findElement on session ff74fcc753f8850d27c07d497adfb162 to remote] DEBUG org.apache.http.headers - http-outgoing-23 >> POST /session/ff74fcc753f8850d27c07d497adfb162/element HTTP/1.1
12:53:07.396 [Forwarding findElement on session ff74fcc753f8850d27c07d497adfb162 to remote] DEBUG org.apache.http.headers - http-outgoing-23 >> Content-Type: application/json; charset=utf-8
12:53:07.396 [Forwarding findElement on session ff74fcc753f8850d27c07d497adfb162 to remote] DEBUG org.apache.http.headers - http-outgoing-23 >> Content-Length: 59
12:53:07.396 [Forwarding findElement on session ff74fcc753f8850d27c07d497adfb162 to remote] DEBUG org.apache.http.headers - http-outgoing-23 >> Host: localhost:36671
12:53:07.396 [Forwarding findElement on session ff74fcc753f8850d27c07d497adfb162 to remote] DEBUG org.apache.http.headers - http-outgoing-23 >> Connection: Keep-Alive
12:53:07.396 [Forwarding findElement on session ff74fcc753f8850d27c07d497adfb162 to remote] DEBUG org.apache.http.headers - http-outgoing-23 >> User-Agent: Apache-HttpClient/4.5.3 (Java/1.8.0_211)
12:53:07.396 [Forwarding findElement on session ff74fcc753f8850d27c07d497adfb162 to remote] DEBUG org.apache.http.headers - http-outgoing-23 >> Accept-Encoding: gzip,deflate
12:53:07.396 [Forwarding findElement on session ff74fcc753f8850d27c07d497adfb162 to remote] DEBUG org.apache.http.wire - http-outgoing-23 >> "POST /session/ff74fcc753f8850d27c07d497adfb162/element HTTP/1.1[\r][\n]"
12:53:07.396 [Forwarding findElement on session ff74fcc753f8850d27c07d497adfb162 to remote] DEBUG org.apache.http.wire - http-outgoing-23 >> "Content-Type: application/json; charset=utf-8[\r][\n]"
12:53:07.396 [Forwarding findElement on session ff74fcc753f8850d27c07d497adfb162 to remote] DEBUG org.apache.http.wire - http-outgoing-23 >> "Content-Length: 59[\r][\n]"
12:53:07.396 [Forwarding findElement on session ff74fcc753f8850d27c07d497adfb162 to remote] DEBUG org.apache.http.wire - http-outgoing-23 >> "Host: localhost:36671[\r][\n]"
12:53:07.396 [Forwarding findElement on session ff74fcc753f8850d27c07d497adfb162 to remote] DEBUG org.apache.http.wire - http-outgoing-23 >> "Connection: Keep-Alive[\r][\n]"
12:53:07.396 [Forwarding findElement on session ff74fcc753f8850d27c07d497adfb162 to remote] DEBUG org.apache.http.wire - http-outgoing-23 >> "User-Agent: Apache-HttpClient/4.5.3 (Java/1.8.0_211)[\r][\n]"
12:53:07.396 [Forwarding findElement on session ff74fcc753f8850d27c07d497adfb162 to remote] DEBUG org.apache.http.wire - http-outgoing-23 >> "Accept-Encoding: gzip,deflate[\r][\n]"
12:53:07.396 [Forwarding findElement on session ff74fcc753f8850d27c07d497adfb162 to remote] DEBUG org.apache.http.wire - http-outgoing-23 >> "[\r][\n]"
12:53:07.396 [Forwarding findElement on session ff74fcc753f8850d27c07d497adfb162 to remote] DEBUG org.apache.http.wire - http-outgoing-23 >> "{"value":".btn-danger:nth-child(3)","using":"css selector"}"
12:53:07.401 [Forwarding findElement on session ff74fcc753f8850d27c07d497adfb162 to remote] DEBUG org.apache.http.wire - http-outgoing-23 << "HTTP/1.1 200 OK[\r][\n]"
12:53:07.401 [Forwarding findElement on session ff74fcc753f8850d27c07d497adfb162 to remote] DEBUG org.apache.http.wire - http-outgoing-23 << "Content-Length:88[\r][\n]"
12:53:07.401 [Forwarding findElement on session ff74fcc753f8850d27c07d497adfb162 to remote] DEBUG org.apache.http.wire - http-outgoing-23 << "Content-Type:application/json; charset=utf-8[\r][\n]"
12:53:07.401 [Forwarding findElement on session ff74fcc753f8850d27c07d497adfb162 to remote] DEBUG org.apache.http.wire - http-outgoing-23 << "cache-control:no-cache[\r][\n]"
12:53:07.401 [Forwarding findElement on session ff74fcc753f8850d27c07d497adfb162 to remote] DEBUG org.apache.http.wire - http-outgoing-23 << "[\r][\n]"
12:53:07.401 [Forwarding findElement on session ff74fcc753f8850d27c07d497adfb162 to remote] DEBUG org.apache.http.wire - http-outgoing-23 << "{"value":{"element-6066-11e4-a52e-4f735466cecf":"c62f390d-ca18-4bd2-a2de-b63e17c177ba"}}"
12:53:07.402 [Forwarding findElement on session ff74fcc753f8850d27c07d497adfb162 to remote] DEBUG org.apache.http.headers - http-outgoing-23 << HTTP/1.1 200 OK
12:53:07.402 [Forwarding findElement on session ff74fcc753f8850d27c07d497adfb162 to remote] DEBUG org.apache.http.headers - http-outgoing-23 << Content-Length:88
12:53:07.402 [Forwarding findElement on session ff74fcc753f8850d27c07d497adfb162 to remote] DEBUG org.apache.http.headers - http-outgoing-23 << Content-Type:application/json; charset=utf-8
12:53:07.402 [Forwarding findElement on session ff74fcc753f8850d27c07d497adfb162 to remote] DEBUG org.apache.http.headers - http-outgoing-23 << cache-control:no-cache
12:53:07.402 [Forwarding findElement on session ff74fcc753f8850d27c07d497adfb162 to remote] DEBUG org.apache.http.impl.execchain.MainClientExec - Connection can be kept alive indefinitely
12:53:07.402 [Forwarding findElement on session ff74fcc753f8850d27c07d497adfb162 to remote] DEBUG org.apache.http.impl.conn.PoolingHttpClientConnectionManager - Connection [id: 23][route: {}->http://localhost:36671] can be kept alive indefinitely
12:53:07.402 [Forwarding findElement on session ff74fcc753f8850d27c07d497adfb162 to remote] DEBUG org.apache.http.impl.conn.PoolingHttpClientConnectionManager - Connection released: [id: 23][route: {}->http://localhost:36671][total kept alive: 6; route allocated: 1 of 2000; total allocated: 6 of 2000]
12:53:07.402 [Forwarding clickElement on session ff74fcc753f8850d27c07d497adfb162 to remote] DEBUG org.apache.http.client.protocol.RequestAddCookies - CookieSpec selected: default
12:53:07.402 [Forwarding clickElement on session ff74fcc753f8850d27c07d497adfb162 to remote] DEBUG org.apache.http.client.protocol.RequestAuthCache - Auth cache not set in the context
12:53:07.402 [Forwarding clickElement on session ff74fcc753f8850d27c07d497adfb162 to remote] DEBUG org.apache.http.impl.conn.PoolingHttpClientConnectionManager - Connection request: [route: {}->http://localhost:36671][total kept alive: 6; route allocated: 1 of 2000; total allocated: 6 of 2000]
12:53:07.402 [Forwarding clickElement on session ff74fcc753f8850d27c07d497adfb162 to remote] DEBUG org.apache.http.impl.conn.PoolingHttpClientConnectionManager - Connection leased: [id: 23][route: {}->http://localhost:36671][total kept alive: 5; route allocated: 1 of 2000; total allocated: 6 of 2000]
12:53:07.402 [Forwarding clickElement on session ff74fcc753f8850d27c07d497adfb162 to remote] DEBUG org.apache.http.impl.execchain.MainClientExec - Stale connection check
12:53:07.404 [Forwarding clickElement on session ff74fcc753f8850d27c07d497adfb162 to remote] DEBUG org.apache.http.wire - http-outgoing-23 << "[read] I/O error: Read timed out"
12:53:07.404 [Forwarding clickElement on session ff74fcc753f8850d27c07d497adfb162 to remote] DEBUG org.apache.http.impl.conn.DefaultManagedHttpClientConnection - http-outgoing-23: set socket timeout to 10800000
12:53:07.404 [Forwarding clickElement on session ff74fcc753f8850d27c07d497adfb162 to remote] DEBUG org.apache.http.impl.execchain.MainClientExec - Executing request POST /session/ff74fcc753f8850d27c07d497adfb162/element/c62f390d-ca18-4bd2-a2de-b63e17c177ba/click HTTP/1.1
12:53:07.404 [Forwarding clickElement on session ff74fcc753f8850d27c07d497adfb162 to remote] DEBUG org.apache.http.impl.execchain.MainClientExec - Target auth state: UNCHALLENGED
12:53:07.404 [Forwarding clickElement on session ff74fcc753f8850d27c07d497adfb162 to remote] DEBUG org.apache.http.impl.execchain.MainClientExec - Proxy auth state: UNCHALLENGED
12:53:07.404 [Forwarding clickElement on session ff74fcc753f8850d27c07d497adfb162 to remote] DEBUG org.apache.http.headers - http-outgoing-23 >> POST /session/ff74fcc753f8850d27c07d497adfb162/element/c62f390d-ca18-4bd2-a2de-b63e17c177ba/click HTTP/1.1
12:53:07.404 [Forwarding clickElement on session ff74fcc753f8850d27c07d497adfb162 to remote] DEBUG org.apache.http.headers - http-outgoing-23 >> Content-Type: application/json; charset=utf-8
12:53:07.404 [Forwarding clickElement on session ff74fcc753f8850d27c07d497adfb162 to remote] DEBUG org.apache.http.headers - http-outgoing-23 >> Content-Length: 45
12:53:07.404 [Forwarding clickElement on session ff74fcc753f8850d27c07d497adfb162 to remote] DEBUG org.apache.http.headers - http-outgoing-23 >> Host: localhost:36671
12:53:07.404 [Forwarding clickElement on session ff74fcc753f8850d27c07d497adfb162 to remote] DEBUG org.apache.http.headers - http-outgoing-23 >> Connection: Keep-Alive
12:53:07.404 [Forwarding clickElement on session ff74fcc753f8850d27c07d497adfb162 to remote] DEBUG org.apache.http.headers - http-outgoing-23 >> User-Agent: Apache-HttpClient/4.5.3 (Java/1.8.0_211)
12:53:07.404 [Forwarding clickElement on session ff74fcc753f8850d27c07d497adfb162 to remote] DEBUG org.apache.http.headers - http-outgoing-23 >> Accept-Encoding: gzip,deflate
12:53:07.404 [Forwarding clickElement on session ff74fcc753f8850d27c07d497adfb162 to remote] DEBUG org.apache.http.wire - http-outgoing-23 >> "POST /session/ff74fcc753f8850d27c07d497adfb162/element/c62f390d-ca18-4bd2-a2de-b63e17c177ba/click HTTP/1.1[\r][\n]"
12:53:07.404 [Forwarding clickElement on session ff74fcc753f8850d27c07d497adfb162 to remote] DEBUG org.apache.http.wire - http-outgoing-23 >> "Content-Type: application/json; charset=utf-8[\r][\n]"
12:53:07.404 [Forwarding clickElement on session ff74fcc753f8850d27c07d497adfb162 to remote] DEBUG org.apache.http.wire - http-outgoing-23 >> "Content-Length: 45[\r][\n]"
12:53:07.404 [Forwarding clickElement on session ff74fcc753f8850d27c07d497adfb162 to remote] DEBUG org.apache.http.wire - http-outgoing-23 >> "Host: localhost:36671[\r][\n]"
12:53:07.404 [Forwarding clickElement on session ff74fcc753f8850d27c07d497adfb162 to remote] DEBUG org.apache.http.wire - http-outgoing-23 >> "Connection: Keep-Alive[\r][\n]"
12:53:07.404 [Forwarding clickElement on session ff74fcc753f8850d27c07d497adfb162 to remote] DEBUG org.apache.http.wire - http-outgoing-23 >> "User-Agent: Apache-HttpClient/4.5.3 (Java/1.8.0_211)[\r][\n]"
12:53:07.404 [Forwarding clickElement on session ff74fcc753f8850d27c07d497adfb162 to remote] DEBUG org.apache.http.wire - http-outgoing-23 >> "Accept-Encoding: gzip,deflate[\r][\n]"
12:53:07.404 [Forwarding clickElement on session ff74fcc753f8850d27c07d497adfb162 to remote] DEBUG org.apache.http.wire - http-outgoing-23 >> "[\r][\n]"
12:53:07.404 [Forwarding clickElement on session ff74fcc753f8850d27c07d497adfb162 to remote] DEBUG org.apache.http.wire - http-outgoing-23 >> "{"id":"c62f390d-ca18-4bd2-a2de-b63e17c177ba"}"
12:53:07.558 [Forwarding clickElement on session ff74fcc753f8850d27c07d497adfb162 to remote] DEBUG org.apache.http.wire - http-outgoing-23 << "HTTP/1.1 200 OK[\r][\n]"
12:53:07.558 [Forwarding clickElement on session ff74fcc753f8850d27c07d497adfb162 to remote] DEBUG org.apache.http.wire - http-outgoing-23 << "Content-Length:14[\r][\n]"
12:53:07.558 [Forwarding clickElement on session ff74fcc753f8850d27c07d497adfb162 to remote] DEBUG org.apache.http.wire - http-outgoing-23 << "Content-Type:application/json; charset=utf-8[\r][\n]"
12:53:07.558 [Forwarding clickElement on session ff74fcc753f8850d27c07d497adfb162 to remote] DEBUG org.apache.http.wire - http-outgoing-23 << "cache-control:no-cache[\r][\n]"
12:53:07.558 [Forwarding clickElement on session ff74fcc753f8850d27c07d497adfb162 to remote] DEBUG org.apache.http.wire - http-outgoing-23 << "[\r][\n]"
12:53:07.558 [Forwarding clickElement on session ff74fcc753f8850d27c07d497adfb162 to remote] DEBUG org.apache.http.wire - http-outgoing-23 << "{"value":null}"
12:53:07.558 [Forwarding clickElement on session ff74fcc753f8850d27c07d497adfb162 to remote] DEBUG org.apache.http.headers - http-outgoing-23 << HTTP/1.1 200 OK
12:53:07.558 [Forwarding clickElement on session ff74fcc753f8850d27c07d497adfb162 to remote] DEBUG org.apache.http.headers - http-outgoing-23 << Content-Length:14
12:53:07.558 [Forwarding clickElement on session ff74fcc753f8850d27c07d497adfb162 to remote] DEBUG org.apache.http.headers - http-outgoing-23 << Content-Type:application/json; charset=utf-8
12:53:07.558 [Forwarding clickElement on session ff74fcc753f8850d27c07d497adfb162 to remote] DEBUG org.apache.http.headers - http-outgoing-23 << cache-control:no-cache
12:53:07.558 [Forwarding clickElement on session ff74fcc753f8850d27c07d497adfb162 to remote] DEBUG org.apache.http.impl.execchain.MainClientExec - Connection can be kept alive indefinitely
12:53:07.558 [Forwarding clickElement on session ff74fcc753f8850d27c07d497adfb162 to remote] DEBUG org.apache.http.impl.conn.PoolingHttpClientConnectionManager - Connection [id: 23][route: {}->http://localhost:36671] can be kept alive indefinitely
12:53:07.558 [Forwarding clickElement on session ff74fcc753f8850d27c07d497adfb162 to remote] DEBUG org.apache.http.impl.conn.PoolingHttpClientConnectionManager - Connection released: [id: 23][route: {}->http://localhost:36671][total kept alive: 6; route allocated: 1 of 2000; total allocated: 6 of 2000]
12:53:07.763 [Forwarding findElement on session ff74fcc753f8850d27c07d497adfb162 to remote] DEBUG org.apache.http.client.protocol.RequestAddCookies - CookieSpec selected: default
12:53:07.763 [Forwarding findElement on session ff74fcc753f8850d27c07d497adfb162 to remote] DEBUG org.apache.http.client.protocol.RequestAuthCache - Auth cache not set in the context
12:53:07.763 [Forwarding findElement on session ff74fcc753f8850d27c07d497adfb162 to remote] DEBUG org.apache.http.impl.conn.PoolingHttpClientConnectionManager - Connection request: [route: {}->http://localhost:36671][total kept alive: 6; route allocated: 1 of 2000; total allocated: 6 of 2000]
12:53:07.763 [Forwarding findElement on session ff74fcc753f8850d27c07d497adfb162 to remote] DEBUG org.apache.http.impl.conn.PoolingHttpClientConnectionManager - Connection leased: [id: 23][route: {}->http://localhost:36671][total kept alive: 5; route allocated: 1 of 2000; total allocated: 6 of 2000]
12:53:07.763 [Forwarding findElement on session ff74fcc753f8850d27c07d497adfb162 to remote] DEBUG org.apache.http.impl.execchain.MainClientExec - Stale connection check
12:53:07.764 [Forwarding findElement on session ff74fcc753f8850d27c07d497adfb162 to remote] DEBUG org.apache.http.wire - http-outgoing-23 << "[read] I/O error: Read timed out"
12:53:07.764 [Forwarding findElement on session ff74fcc753f8850d27c07d497adfb162 to remote] DEBUG org.apache.http.impl.conn.DefaultManagedHttpClientConnection - http-outgoing-23: set socket timeout to 10800000
12:53:07.764 [Forwarding findElement on session ff74fcc753f8850d27c07d497adfb162 to remote] DEBUG org.apache.http.impl.execchain.MainClientExec - Executing request POST /session/ff74fcc753f8850d27c07d497adfb162/element HTTP/1.1
12:53:07.764 [Forwarding findElement on session ff74fcc753f8850d27c07d497adfb162 to remote] DEBUG org.apache.http.impl.execchain.MainClientExec - Target auth state: UNCHALLENGED
12:53:07.764 [Forwarding findElement on session ff74fcc753f8850d27c07d497adfb162 to remote] DEBUG org.apache.http.impl.execchain.MainClientExec - Proxy auth state: UNCHALLENGED
12:53:07.764 [Forwarding findElement on session ff74fcc753f8850d27c07d497adfb162 to remote] DEBUG org.apache.http.headers - http-outgoing-23 >> POST /session/ff74fcc753f8850d27c07d497adfb162/element HTTP/1.1
12:53:07.764 [Forwarding findElement on session ff74fcc753f8850d27c07d497adfb162 to remote] DEBUG org.apache.http.headers - http-outgoing-23 >> Content-Type: application/json; charset=utf-8
12:53:07.764 [Forwarding findElement on session ff74fcc753f8850d27c07d497adfb162 to remote] DEBUG org.apache.http.headers - http-outgoing-23 >> Content-Length: 71
12:53:07.764 [Forwarding findElement on session ff74fcc753f8850d27c07d497adfb162 to remote] DEBUG org.apache.http.headers - http-outgoing-23 >> Host: localhost:36671
12:53:07.764 [Forwarding findElement on session ff74fcc753f8850d27c07d497adfb162 to remote] DEBUG org.apache.http.headers - http-outgoing-23 >> Connection: Keep-Alive
12:53:07.764 [Forwarding findElement on session ff74fcc753f8850d27c07d497adfb162 to remote] DEBUG org.apache.http.headers - http-outgoing-23 >> User-Agent: Apache-HttpClient/4.5.3 (Java/1.8.0_211)
12:53:07.764 [Forwarding findElement on session ff74fcc753f8850d27c07d497adfb162 to remote] DEBUG org.apache.http.headers - http-outgoing-23 >> Accept-Encoding: gzip,deflate
12:53:07.764 [Forwarding findElement on session ff74fcc753f8850d27c07d497adfb162 to remote] DEBUG org.apache.http.wire - http-outgoing-23 >> "POST /session/ff74fcc753f8850d27c07d497adfb162/element HTTP/1.1[\r][\n]"
12:53:07.764 [Forwarding findElement on session ff74fcc753f8850d27c07d497adfb162 to remote] DEBUG org.apache.http.wire - http-outgoing-23 >> "Content-Type: application/json; charset=utf-8[\r][\n]"
12:53:07.764 [Forwarding findElement on session ff74fcc753f8850d27c07d497adfb162 to remote] DEBUG org.apache.http.wire - http-outgoing-23 >> "Content-Length: 71[\r][\n]"
12:53:07.764 [Forwarding findElement on session ff74fcc753f8850d27c07d497adfb162 to remote] DEBUG org.apache.http.wire - http-outgoing-23 >> "Host: localhost:36671[\r][\n]"
12:53:07.764 [Forwarding findElement on session ff74fcc753f8850d27c07d497adfb162 to remote] DEBUG org.apache.http.wire - http-outgoing-23 >> "Connection: Keep-Alive[\r][\n]"
12:53:07.764 [Forwarding findElement on session ff74fcc753f8850d27c07d497adfb162 to remote] DEBUG org.apache.http.wire - http-outgoing-23 >> "User-Agent: Apache-HttpClient/4.5.3 (Java/1.8.0_211)[\r][\n]"
12:53:07.764 [Forwarding findElement on session ff74fcc753f8850d27c07d497adfb162 to remote] DEBUG org.apache.http.wire - http-outgoing-23 >> "Accept-Encoding: gzip,deflate[\r][\n]"
12:53:07.764 [Forwarding findElement on session ff74fcc753f8850d27c07d497adfb162 to remote] DEBUG org.apache.http.wire - http-outgoing-23 >> "[\r][\n]"
12:53:07.764 [Forwarding findElement on session ff74fcc753f8850d27c07d497adfb162 to remote] DEBUG org.apache.http.wire - http-outgoing-23 >> "{"value":".dropdown-toggle > span:nth-child(1)","using":"css selector"}"
12:53:08.570 [Forwarding findElement on session ff74fcc753f8850d27c07d497adfb162 to remote] DEBUG org.apache.http.wire - http-outgoing-23 << "HTTP/1.1 200 OK[\r][\n]"
12:53:08.570 [Forwarding findElement on session ff74fcc753f8850d27c07d497adfb162 to remote] DEBUG org.apache.http.wire - http-outgoing-23 << "Content-Length:88[\r][\n]"
12:53:08.570 [Forwarding findElement on session ff74fcc753f8850d27c07d497adfb162 to remote] DEBUG org.apache.http.wire - http-outgoing-23 << "Content-Type:application/json; charset=utf-8[\r][\n]"
12:53:08.570 [Forwarding findElement on session ff74fcc753f8850d27c07d497adfb162 to remote] DEBUG org.apache.http.wire - http-outgoing-23 << "cache-control:no-cache[\r][\n]"
12:53:08.570 [Forwarding findElement on session ff74fcc753f8850d27c07d497adfb162 to remote] DEBUG org.apache.http.wire - http-outgoing-23 << "[\r][\n]"
12:53:08.570 [Forwarding findElement on session ff74fcc753f8850d27c07d497adfb162 to remote] DEBUG org.apache.http.wire - http-outgoing-23 << "{"value":{"element-6066-11e4-a52e-4f735466cecf":"86d8960c-0944-434b-bb79-b640bf9d9b54"}}"
12:53:08.570 [Forwarding findElement on session ff74fcc753f8850d27c07d497adfb162 to remote] DEBUG org.apache.http.headers - http-outgoing-23 << HTTP/1.1 200 OK
12:53:08.570 [Forwarding findElement on session ff74fcc753f8850d27c07d497adfb162 to remote] DEBUG org.apache.http.headers - http-outgoing-23 << Content-Length:88
12:53:08.570 [Forwarding findElement on session ff74fcc753f8850d27c07d497adfb162 to remote] DEBUG org.apache.http.headers - http-outgoing-23 << Content-Type:application/json; charset=utf-8
12:53:08.570 [Forwarding findElement on session ff74fcc753f8850d27c07d497adfb162 to remote] DEBUG org.apache.http.headers - http-outgoing-23 << cache-control:no-cache
12:53:08.570 [Forwarding findElement on session ff74fcc753f8850d27c07d497adfb162 to remote] DEBUG org.apache.http.impl.execchain.MainClientExec - Connection can be kept alive indefinitely
12:53:08.570 [Forwarding findElement on session ff74fcc753f8850d27c07d497adfb162 to remote] DEBUG org.apache.http.impl.conn.PoolingHttpClientConnectionManager - Connection [id: 23][route: {}->http://localhost:36671] can be kept alive indefinitely
12:53:08.570 [Forwarding findElement on session ff74fcc753f8850d27c07d497adfb162 to remote] DEBUG org.apache.http.impl.conn.PoolingHttpClientConnectionManager - Connection released: [id: 23][route: {}->http://localhost:36671][total kept alive: 6; route allocated: 1 of 2000; total allocated: 6 of 2000]
12:53:08.571 [Forwarding clickElement on session ff74fcc753f8850d27c07d497adfb162 to remote] DEBUG org.apache.http.client.protocol.RequestAddCookies - CookieSpec selected: default
12:53:08.571 [Forwarding clickElement on session ff74fcc753f8850d27c07d497adfb162 to remote] DEBUG org.apache.http.client.protocol.RequestAuthCache - Auth cache not set in the context
12:53:08.571 [Forwarding clickElement on session ff74fcc753f8850d27c07d497adfb162 to remote] DEBUG org.apache.http.impl.conn.PoolingHttpClientConnectionManager - Connection request: [route: {}->http://localhost:36671][total kept alive: 6; route allocated: 1 of 2000; total allocated: 6 of 2000]
12:53:08.571 [Forwarding clickElement on session ff74fcc753f8850d27c07d497adfb162 to remote] DEBUG org.apache.http.impl.conn.PoolingHttpClientConnectionManager - Connection leased: [id: 23][route: {}->http://localhost:36671][total kept alive: 5; route allocated: 1 of 2000; total allocated: 6 of 2000]
12:53:08.571 [Forwarding clickElement on session ff74fcc753f8850d27c07d497adfb162 to remote] DEBUG org.apache.http.impl.execchain.MainClientExec - Stale connection check
12:53:08.572 [Forwarding clickElement on session ff74fcc753f8850d27c07d497adfb162 to remote] DEBUG org.apache.http.wire - http-outgoing-23 << "[read] I/O error: Read timed out"
12:53:08.572 [Forwarding clickElement on session ff74fcc753f8850d27c07d497adfb162 to remote] DEBUG org.apache.http.impl.conn.DefaultManagedHttpClientConnection - http-outgoing-23: set socket timeout to 10800000
12:53:08.572 [Forwarding clickElement on session ff74fcc753f8850d27c07d497adfb162 to remote] DEBUG org.apache.http.impl.execchain.MainClientExec - Executing request POST /session/ff74fcc753f8850d27c07d497adfb162/element/86d8960c-0944-434b-bb79-b640bf9d9b54/click HTTP/1.1
12:53:08.572 [Forwarding clickElement on session ff74fcc753f8850d27c07d497adfb162 to remote] DEBUG org.apache.http.impl.execchain.MainClientExec - Target auth state: UNCHALLENGED
12:53:08.572 [Forwarding clickElement on session ff74fcc753f8850d27c07d497adfb162 to remote] DEBUG org.apache.http.impl.execchain.MainClientExec - Proxy auth state: UNCHALLENGED
12:53:08.572 [Forwarding clickElement on session ff74fcc753f8850d27c07d497adfb162 to remote] DEBUG org.apache.http.headers - http-outgoing-23 >> POST /session/ff74fcc753f8850d27c07d497adfb162/element/86d8960c-0944-434b-bb79-b640bf9d9b54/click HTTP/1.1
12:53:08.572 [Forwarding clickElement on session ff74fcc753f8850d27c07d497adfb162 to remote] DEBUG org.apache.http.headers - http-outgoing-23 >> Content-Type: application/json; charset=utf-8
12:53:08.572 [Forwarding clickElement on session ff74fcc753f8850d27c07d497adfb162 to remote] DEBUG org.apache.http.headers - http-outgoing-23 >> Content-Length: 45
12:53:08.572 [Forwarding clickElement on session ff74fcc753f8850d27c07d497adfb162 to remote] DEBUG org.apache.http.headers - http-outgoing-23 >> Host: localhost:36671
12:53:08.572 [Forwarding clickElement on session ff74fcc753f8850d27c07d497adfb162 to remote] DEBUG org.apache.http.headers - http-outgoing-23 >> Connection: Keep-Alive
12:53:08.572 [Forwarding clickElement on session ff74fcc753f8850d27c07d497adfb162 to remote] DEBUG org.apache.http.headers - http-outgoing-23 >> User-Agent: Apache-HttpClient/4.5.3 (Java/1.8.0_211)
12:53:08.572 [Forwarding clickElement on session ff74fcc753f8850d27c07d497adfb162 to remote] DEBUG org.apache.http.headers - http-outgoing-23 >> Accept-Encoding: gzip,deflate
12:53:08.572 [Forwarding clickElement on session ff74fcc753f8850d27c07d497adfb162 to remote] DEBUG org.apache.http.wire - http-outgoing-23 >> "POST /session/ff74fcc753f8850d27c07d497adfb162/element/86d8960c-0944-434b-bb79-b640bf9d9b54/click HTTP/1.1[\r][\n]"
12:53:08.572 [Forwarding clickElement on session ff74fcc753f8850d27c07d497adfb162 to remote] DEBUG org.apache.http.wire - http-outgoing-23 >> "Content-Type: application/json; charset=utf-8[\r][\n]"
12:53:08.572 [Forwarding clickElement on session ff74fcc753f8850d27c07d497adfb162 to remote] DEBUG org.apache.http.wire - http-outgoing-23 >> "Content-Length: 45[\r][\n]"
12:53:08.572 [Forwarding clickElement on session ff74fcc753f8850d27c07d497adfb162 to remote] DEBUG org.apache.http.wire - http-outgoing-23 >> "Host: localhost:36671[\r][\n]"
12:53:08.572 [Forwarding clickElement on session ff74fcc753f8850d27c07d497adfb162 to remote] DEBUG org.apache.http.wire - http-outgoing-23 >> "Connection: Keep-Alive[\r][\n]"
12:53:08.572 [Forwarding clickElement on session ff74fcc753f8850d27c07d497adfb162 to remote] DEBUG org.apache.http.wire - http-outgoing-23 >> "User-Agent: Apache-HttpClient/4.5.3 (Java/1.8.0_211)[\r][\n]"
12:53:08.572 [Forwarding clickElement on session ff74fcc753f8850d27c07d497adfb162 to remote] DEBUG org.apache.http.wire - http-outgoing-23 >> "Accept-Encoding: gzip,deflate[\r][\n]"
12:53:08.572 [Forwarding clickElement on session ff74fcc753f8850d27c07d497adfb162 to remote] DEBUG org.apache.http.wire - http-outgoing-23 >> "[\r][\n]"
12:53:08.572 [Forwarding clickElement on session ff74fcc753f8850d27c07d497adfb162 to remote] DEBUG org.apache.http.wire - http-outgoing-23 >> "{"id":"86d8960c-0944-434b-bb79-b640bf9d9b54"}"
12:53:08.622 [Forwarding clickElement on session ff74fcc753f8850d27c07d497adfb162 to remote] DEBUG org.apache.http.wire - http-outgoing-23 << "HTTP/1.1 200 OK[\r][\n]"
12:53:08.622 [Forwarding clickElement on session ff74fcc753f8850d27c07d497adfb162 to remote] DEBUG org.apache.http.wire - http-outgoing-23 << "Content-Length:14[\r][\n]"
12:53:08.622 [Forwarding clickElement on session ff74fcc753f8850d27c07d497adfb162 to remote] DEBUG org.apache.http.wire - http-outgoing-23 << "Content-Type:application/json; charset=utf-8[\r][\n]"
12:53:08.622 [Forwarding clickElement on session ff74fcc753f8850d27c07d497adfb162 to remote] DEBUG org.apache.http.wire - http-outgoing-23 << "cache-control:no-cache[\r][\n]"
12:53:08.622 [Forwarding clickElement on session ff74fcc753f8850d27c07d497adfb162 to remote] DEBUG org.apache.http.wire - http-outgoing-23 << "[\r][\n]"
12:53:08.622 [Forwarding clickElement on session ff74fcc753f8850d27c07d497adfb162 to remote] DEBUG org.apache.http.wire - http-outgoing-23 << "{"value":null}"
12:53:08.622 [Forwarding clickElement on session ff74fcc753f8850d27c07d497adfb162 to remote] DEBUG org.apache.http.headers - http-outgoing-23 << HTTP/1.1 200 OK
12:53:08.622 [Forwarding clickElement on session ff74fcc753f8850d27c07d497adfb162 to remote] DEBUG org.apache.http.headers - http-outgoing-23 << Content-Length:14
12:53:08.622 [Forwarding clickElement on session ff74fcc753f8850d27c07d497adfb162 to remote] DEBUG org.apache.http.headers - http-outgoing-23 << Content-Type:application/json; charset=utf-8
12:53:08.622 [Forwarding clickElement on session ff74fcc753f8850d27c07d497adfb162 to remote] DEBUG org.apache.http.headers - http-outgoing-23 << cache-control:no-cache
12:53:08.622 [Forwarding clickElement on session ff74fcc753f8850d27c07d497adfb162 to remote] DEBUG org.apache.http.impl.execchain.MainClientExec - Connection can be kept alive indefinitely
12:53:08.623 [Forwarding clickElement on session ff74fcc753f8850d27c07d497adfb162 to remote] DEBUG org.apache.http.impl.conn.PoolingHttpClientConnectionManager - Connection [id: 23][route: {}->http://localhost:36671] can be kept alive indefinitely
12:53:08.623 [Forwarding clickElement on session ff74fcc753f8850d27c07d497adfb162 to remote] DEBUG org.apache.http.impl.conn.PoolingHttpClientConnectionManager - Connection released: [id: 23][route: {}->http://localhost:36671][total kept alive: 6; route allocated: 1 of 2000; total allocated: 6 of 2000]
12:53:08.623 [Forwarding findElement on session ff74fcc753f8850d27c07d497adfb162 to remote] DEBUG org.apache.http.client.protocol.RequestAddCookies - CookieSpec selected: default
12:53:08.624 [Forwarding findElement on session ff74fcc753f8850d27c07d497adfb162 to remote] DEBUG org.apache.http.client.protocol.RequestAuthCache - Auth cache not set in the context
12:53:08.624 [Forwarding findElement on session ff74fcc753f8850d27c07d497adfb162 to remote] DEBUG org.apache.http.impl.conn.PoolingHttpClientConnectionManager - Connection request: [route: {}->http://localhost:36671][total kept alive: 6; route allocated: 1 of 2000; total allocated: 6 of 2000]
12:53:08.624 [Forwarding findElement on session ff74fcc753f8850d27c07d497adfb162 to remote] DEBUG org.apache.http.impl.conn.PoolingHttpClientConnectionManager - Connection leased: [id: 23][route: {}->http://localhost:36671][total kept alive: 5; route allocated: 1 of 2000; total allocated: 6 of 2000]
12:53:08.624 [Forwarding findElement on session ff74fcc753f8850d27c07d497adfb162 to remote] DEBUG org.apache.http.impl.execchain.MainClientExec - Stale connection check
12:53:08.625 [Forwarding findElement on session ff74fcc753f8850d27c07d497adfb162 to remote] DEBUG org.apache.http.wire - http-outgoing-23 << "[read] I/O error: Read timed out"
12:53:08.625 [Forwarding findElement on session ff74fcc753f8850d27c07d497adfb162 to remote] DEBUG org.apache.http.impl.conn.DefaultManagedHttpClientConnection - http-outgoing-23: set socket timeout to 10800000
12:53:08.625 [Forwarding findElement on session ff74fcc753f8850d27c07d497adfb162 to remote] DEBUG org.apache.http.impl.execchain.MainClientExec - Executing request POST /session/ff74fcc753f8850d27c07d497adfb162/element HTTP/1.1
12:53:08.625 [Forwarding findElement on session ff74fcc753f8850d27c07d497adfb162 to remote] DEBUG org.apache.http.impl.execchain.MainClientExec - Target auth state: UNCHALLENGED
12:53:08.625 [Forwarding findElement on session ff74fcc753f8850d27c07d497adfb162 to remote] DEBUG org.apache.http.impl.execchain.MainClientExec - Proxy auth state: UNCHALLENGED
12:53:08.625 [Forwarding findElement on session ff74fcc753f8850d27c07d497adfb162 to remote] DEBUG org.apache.http.headers - http-outgoing-23 >> POST /session/ff74fcc753f8850d27c07d497adfb162/element HTTP/1.1
12:53:08.625 [Forwarding findElement on session ff74fcc753f8850d27c07d497adfb162 to remote] DEBUG org.apache.http.headers - http-outgoing-23 >> Content-Type: application/json; charset=utf-8
12:53:08.625 [Forwarding findElement on session ff74fcc753f8850d27c07d497adfb162 to remote] DEBUG org.apache.http.headers - http-outgoing-23 >> Content-Length: 61
12:53:08.625 [Forwarding findElement on session ff74fcc753f8850d27c07d497adfb162 to remote] DEBUG org.apache.http.headers - http-outgoing-23 >> Host: localhost:36671
12:53:08.625 [Forwarding findElement on session ff74fcc753f8850d27c07d497adfb162 to remote] DEBUG org.apache.http.headers - http-outgoing-23 >> Connection: Keep-Alive
12:53:08.625 [Forwarding findElement on session ff74fcc753f8850d27c07d497adfb162 to remote] DEBUG org.apache.http.headers - http-outgoing-23 >> User-Agent: Apache-HttpClient/4.5.3 (Java/1.8.0_211)
12:53:08.625 [Forwarding findElement on session ff74fcc753f8850d27c07d497adfb162 to remote] DEBUG org.apache.http.headers - http-outgoing-23 >> Accept-Encoding: gzip,deflate
12:53:08.625 [Forwarding findElement on session ff74fcc753f8850d27c07d497adfb162 to remote] DEBUG org.apache.http.wire - http-outgoing-23 >> "POST /session/ff74fcc753f8850d27c07d497adfb162/element HTTP/1.1[\r][\n]"
12:53:08.625 [Forwarding findElement on session ff74fcc753f8850d27c07d497adfb162 to remote] DEBUG org.apache.http.wire - http-outgoing-23 >> "Content-Type: application/json; charset=utf-8[\r][\n]"
12:53:08.625 [Forwarding findElement on session ff74fcc753f8850d27c07d497adfb162 to remote] DEBUG org.apache.http.wire - http-outgoing-23 >> "Content-Length: 61[\r][\n]"
12:53:08.625 [Forwarding findElement on session ff74fcc753f8850d27c07d497adfb162 to remote] DEBUG org.apache.http.wire - http-outgoing-23 >> "Host: localhost:36671[\r][\n]"
12:53:08.625 [Forwarding findElement on session ff74fcc753f8850d27c07d497adfb162 to remote] DEBUG org.apache.http.wire - http-outgoing-23 >> "Connection: Keep-Alive[\r][\n]"
12:53:08.625 [Forwarding findElement on session ff74fcc753f8850d27c07d497adfb162 to remote] DEBUG org.apache.http.wire - http-outgoing-23 >> "User-Agent: Apache-HttpClient/4.5.3 (Java/1.8.0_211)[\r][\n]"
12:53:08.625 [Forwarding findElement on session ff74fcc753f8850d27c07d497adfb162 to remote] DEBUG org.apache.http.wire - http-outgoing-23 >> "Accept-Encoding: gzip,deflate[\r][\n]"
12:53:08.625 [Forwarding findElement on session ff74fcc753f8850d27c07d497adfb162 to remote] DEBUG org.apache.http.wire - http-outgoing-23 >> "[\r][\n]"
12:53:08.625 [Forwarding findElement on session ff74fcc753f8850d27c07d497adfb162 to remote] DEBUG org.apache.http.wire - http-outgoing-23 >> "{"value":".justify-content-end > div","using":"css selector"}"
12:53:08.630 [Forwarding findElement on session ff74fcc753f8850d27c07d497adfb162 to remote] DEBUG org.apache.http.wire - http-outgoing-23 << "HTTP/1.1 200 OK[\r][\n]"
12:53:08.630 [Forwarding findElement on session ff74fcc753f8850d27c07d497adfb162 to remote] DEBUG org.apache.http.wire - http-outgoing-23 << "Content-Length:88[\r][\n]"
12:53:08.630 [Forwarding findElement on session ff74fcc753f8850d27c07d497adfb162 to remote] DEBUG org.apache.http.wire - http-outgoing-23 << "Content-Type:application/json; charset=utf-8[\r][\n]"
12:53:08.630 [Forwarding findElement on session ff74fcc753f8850d27c07d497adfb162 to remote] DEBUG org.apache.http.wire - http-outgoing-23 << "cache-control:no-cache[\r][\n]"
12:53:08.630 [Forwarding findElement on session ff74fcc753f8850d27c07d497adfb162 to remote] DEBUG org.apache.http.wire - http-outgoing-23 << "[\r][\n]"
12:53:08.630 [Forwarding findElement on session ff74fcc753f8850d27c07d497adfb162 to remote] DEBUG org.apache.http.wire - http-outgoing-23 << "{"value":{"element-6066-11e4-a52e-4f735466cecf":"19e07094-65fa-4517-8908-b3bddc0e2adf"}}"
12:53:08.631 [Forwarding findElement on session ff74fcc753f8850d27c07d497adfb162 to remote] DEBUG org.apache.http.headers - http-outgoing-23 << HTTP/1.1 200 OK
12:53:08.631 [Forwarding findElement on session ff74fcc753f8850d27c07d497adfb162 to remote] DEBUG org.apache.http.headers - http-outgoing-23 << Content-Length:88
12:53:08.631 [Forwarding findElement on session ff74fcc753f8850d27c07d497adfb162 to remote] DEBUG org.apache.http.headers - http-outgoing-23 << Content-Type:application/json; charset=utf-8
12:53:08.631 [Forwarding findElement on session ff74fcc753f8850d27c07d497adfb162 to remote] DEBUG org.apache.http.headers - http-outgoing-23 << cache-control:no-cache
12:53:08.631 [Forwarding findElement on session ff74fcc753f8850d27c07d497adfb162 to remote] DEBUG org.apache.http.impl.execchain.MainClientExec - Connection can be kept alive indefinitely
12:53:08.631 [Forwarding findElement on session ff74fcc753f8850d27c07d497adfb162 to remote] DEBUG org.apache.http.impl.conn.PoolingHttpClientConnectionManager - Connection [id: 23][route: {}->http://localhost:36671] can be kept alive indefinitely
12:53:08.631 [Forwarding findElement on session ff74fcc753f8850d27c07d497adfb162 to remote] DEBUG org.apache.http.impl.conn.PoolingHttpClientConnectionManager - Connection released: [id: 23][route: {}->http://localhost:36671][total kept alive: 6; route allocated: 1 of 2000; total allocated: 6 of 2000]
12:53:08.631 [Forwarding clickElement on session ff74fcc753f8850d27c07d497adfb162 to remote] DEBUG org.apache.http.client.protocol.RequestAddCookies - CookieSpec selected: default
12:53:08.631 [Forwarding clickElement on session ff74fcc753f8850d27c07d497adfb162 to remote] DEBUG org.apache.http.client.protocol.RequestAuthCache - Auth cache not set in the context
12:53:08.631 [Forwarding clickElement on session ff74fcc753f8850d27c07d497adfb162 to remote] DEBUG org.apache.http.impl.conn.PoolingHttpClientConnectionManager - Connection request: [route: {}->http://localhost:36671][total kept alive: 6; route allocated: 1 of 2000; total allocated: 6 of 2000]
12:53:08.631 [Forwarding clickElement on session ff74fcc753f8850d27c07d497adfb162 to remote] DEBUG org.apache.http.impl.conn.PoolingHttpClientConnectionManager - Connection leased: [id: 23][route: {}->http://localhost:36671][total kept alive: 5; route allocated: 1 of 2000; total allocated: 6 of 2000]
12:53:08.631 [Forwarding clickElement on session ff74fcc753f8850d27c07d497adfb162 to remote] DEBUG org.apache.http.impl.execchain.MainClientExec - Stale connection check
12:53:08.632 [Forwarding clickElement on session ff74fcc753f8850d27c07d497adfb162 to remote] DEBUG org.apache.http.wire - http-outgoing-23 << "[read] I/O error: Read timed out"
12:53:08.632 [Forwarding clickElement on session ff74fcc753f8850d27c07d497adfb162 to remote] DEBUG org.apache.http.impl.conn.DefaultManagedHttpClientConnection - http-outgoing-23: set socket timeout to 10800000
12:53:08.633 [Forwarding clickElement on session ff74fcc753f8850d27c07d497adfb162 to remote] DEBUG org.apache.http.impl.execchain.MainClientExec - Executing request POST /session/ff74fcc753f8850d27c07d497adfb162/element/19e07094-65fa-4517-8908-b3bddc0e2adf/click HTTP/1.1
12:53:08.633 [Forwarding clickElement on session ff74fcc753f8850d27c07d497adfb162 to remote] DEBUG org.apache.http.impl.execchain.MainClientExec - Target auth state: UNCHALLENGED
12:53:08.633 [Forwarding clickElement on session ff74fcc753f8850d27c07d497adfb162 to remote] DEBUG org.apache.http.impl.execchain.MainClientExec - Proxy auth state: UNCHALLENGED
12:53:08.633 [Forwarding clickElement on session ff74fcc753f8850d27c07d497adfb162 to remote] DEBUG org.apache.http.headers - http-outgoing-23 >> POST /session/ff74fcc753f8850d27c07d497adfb162/element/19e07094-65fa-4517-8908-b3bddc0e2adf/click HTTP/1.1
12:53:08.633 [Forwarding clickElement on session ff74fcc753f8850d27c07d497adfb162 to remote] DEBUG org.apache.http.headers - http-outgoing-23 >> Content-Type: application/json; charset=utf-8
12:53:08.633 [Forwarding clickElement on session ff74fcc753f8850d27c07d497adfb162 to remote] DEBUG org.apache.http.headers - http-outgoing-23 >> Content-Length: 45
12:53:08.633 [Forwarding clickElement on session ff74fcc753f8850d27c07d497adfb162 to remote] DEBUG org.apache.http.headers - http-outgoing-23 >> Host: localhost:36671
12:53:08.633 [Forwarding clickElement on session ff74fcc753f8850d27c07d497adfb162 to remote] DEBUG org.apache.http.headers - http-outgoing-23 >> Connection: Keep-Alive
12:53:08.633 [Forwarding clickElement on session ff74fcc753f8850d27c07d497adfb162 to remote] DEBUG org.apache.http.headers - http-outgoing-23 >> User-Agent: Apache-HttpClient/4.5.3 (Java/1.8.0_211)
12:53:08.633 [Forwarding clickElement on session ff74fcc753f8850d27c07d497adfb162 to remote] DEBUG org.apache.http.headers - http-outgoing-23 >> Accept-Encoding: gzip,deflate
12:53:08.633 [Forwarding clickElement on session ff74fcc753f8850d27c07d497adfb162 to remote] DEBUG org.apache.http.wire - http-outgoing-23 >> "POST /session/ff74fcc753f8850d27c07d497adfb162/element/19e07094-65fa-4517-8908-b3bddc0e2adf/click HTTP/1.1[\r][\n]"
12:53:08.633 [Forwarding clickElement on session ff74fcc753f8850d27c07d497adfb162 to remote] DEBUG org.apache.http.wire - http-outgoing-23 >> "Content-Type: application/json; charset=utf-8[\r][\n]"
12:53:08.633 [Forwarding clickElement on session ff74fcc753f8850d27c07d497adfb162 to remote] DEBUG org.apache.http.wire - http-outgoing-23 >> "Content-Length: 45[\r][\n]"
12:53:08.633 [Forwarding clickElement on session ff74fcc753f8850d27c07d497adfb162 to remote] DEBUG org.apache.http.wire - http-outgoing-23 >> "Host: localhost:36671[\r][\n]"
12:53:08.633 [Forwarding clickElement on session ff74fcc753f8850d27c07d497adfb162 to remote] DEBUG org.apache.http.wire - http-outgoing-23 >> "Connection: Keep-Alive[\r][\n]"
12:53:08.633 [Forwarding clickElement on session ff74fcc753f8850d27c07d497adfb162 to remote] DEBUG org.apache.http.wire - http-outgoing-23 >> "User-Agent: Apache-HttpClient/4.5.3 (Java/1.8.0_211)[\r][\n]"
12:53:08.633 [Forwarding clickElement on session ff74fcc753f8850d27c07d497adfb162 to remote] DEBUG org.apache.http.wire - http-outgoing-23 >> "Accept-Encoding: gzip,deflate[\r][\n]"
12:53:08.633 [Forwarding clickElement on session ff74fcc753f8850d27c07d497adfb162 to remote] DEBUG org.apache.http.wire - http-outgoing-23 >> "[\r][\n]"
12:53:08.633 [Forwarding clickElement on session ff74fcc753f8850d27c07d497adfb162 to remote] DEBUG org.apache.http.wire - http-outgoing-23 >> "{"id":"19e07094-65fa-4517-8908-b3bddc0e2adf"}"
12:53:08.691 [Forwarding clickElement on session ff74fcc753f8850d27c07d497adfb162 to remote] DEBUG org.apache.http.wire - http-outgoing-23 << "HTTP/1.1 200 OK[\r][\n]"
12:53:08.691 [Forwarding clickElement on session ff74fcc753f8850d27c07d497adfb162 to remote] DEBUG org.apache.http.wire - http-outgoing-23 << "Content-Length:14[\r][\n]"
12:53:08.691 [Forwarding clickElement on session ff74fcc753f8850d27c07d497adfb162 to remote] DEBUG org.apache.http.wire - http-outgoing-23 << "Content-Type:application/json; charset=utf-8[\r][\n]"
12:53:08.691 [Forwarding clickElement on session ff74fcc753f8850d27c07d497adfb162 to remote] DEBUG org.apache.http.wire - http-outgoing-23 << "cache-control:no-cache[\r][\n]"
12:53:08.691 [Forwarding clickElement on session ff74fcc753f8850d27c07d497adfb162 to remote] DEBUG org.apache.http.wire - http-outgoing-23 << "[\r][\n]"
12:53:08.691 [Forwarding clickElement on session ff74fcc753f8850d27c07d497adfb162 to remote] DEBUG org.apache.http.wire - http-outgoing-23 << "{"value":null}"
12:53:08.691 [Forwarding clickElement on session ff74fcc753f8850d27c07d497adfb162 to remote] DEBUG org.apache.http.headers - http-outgoing-23 << HTTP/1.1 200 OK
12:53:08.691 [Forwarding clickElement on session ff74fcc753f8850d27c07d497adfb162 to remote] DEBUG org.apache.http.headers - http-outgoing-23 << Content-Length:14
12:53:08.691 [Forwarding clickElement on session ff74fcc753f8850d27c07d497adfb162 to remote] DEBUG org.apache.http.headers - http-outgoing-23 << Content-Type:application/json; charset=utf-8
12:53:08.691 [Forwarding clickElement on session ff74fcc753f8850d27c07d497adfb162 to remote] DEBUG org.apache.http.headers - http-outgoing-23 << cache-control:no-cache
12:53:08.691 [Forwarding clickElement on session ff74fcc753f8850d27c07d497adfb162 to remote] DEBUG org.apache.http.impl.execchain.MainClientExec - Connection can be kept alive indefinitely
12:53:08.692 [Forwarding clickElement on session ff74fcc753f8850d27c07d497adfb162 to remote] DEBUG org.apache.http.impl.conn.PoolingHttpClientConnectionManager - Connection [id: 23][route: {}->http://localhost:36671] can be kept alive indefinitely
12:53:08.692 [Forwarding clickElement on session ff74fcc753f8850d27c07d497adfb162 to remote] DEBUG org.apache.http.impl.conn.PoolingHttpClientConnectionManager - Connection released: [id: 23][route: {}->http://localhost:36671][total kept alive: 6; route allocated: 1 of 2000; total allocated: 6 of 2000]
12:53:08.692 [Forwarding findElement on session ff74fcc753f8850d27c07d497adfb162 to remote] DEBUG org.apache.http.client.protocol.RequestAddCookies - CookieSpec selected: default
12:53:08.692 [Forwarding findElement on session ff74fcc753f8850d27c07d497adfb162 to remote] DEBUG org.apache.http.client.protocol.RequestAuthCache - Auth cache not set in the context
12:53:08.692 [Forwarding findElement on session ff74fcc753f8850d27c07d497adfb162 to remote] DEBUG org.apache.http.impl.conn.PoolingHttpClientConnectionManager - Connection request: [route: {}->http://localhost:36671][total kept alive: 6; route allocated: 1 of 2000; total allocated: 6 of 2000]
12:53:08.692 [Forwarding findElement on session ff74fcc753f8850d27c07d497adfb162 to remote] DEBUG org.apache.http.impl.conn.PoolingHttpClientConnectionManager - Connection leased: [id: 23][route: {}->http://localhost:36671][total kept alive: 5; route allocated: 1 of 2000; total allocated: 6 of 2000]
12:53:08.692 [Forwarding findElement on session ff74fcc753f8850d27c07d497adfb162 to remote] DEBUG org.apache.http.impl.execchain.MainClientExec - Stale connection check
12:53:08.693 [Forwarding findElement on session ff74fcc753f8850d27c07d497adfb162 to remote] DEBUG org.apache.http.wire - http-outgoing-23 << "[read] I/O error: Read timed out"
12:53:08.693 [Forwarding findElement on session ff74fcc753f8850d27c07d497adfb162 to remote] DEBUG org.apache.http.impl.conn.DefaultManagedHttpClientConnection - http-outgoing-23: set socket timeout to 10800000
12:53:08.693 [Forwarding findElement on session ff74fcc753f8850d27c07d497adfb162 to remote] DEBUG org.apache.http.impl.execchain.MainClientExec - Executing request POST /session/ff74fcc753f8850d27c07d497adfb162/element HTTP/1.1
12:53:08.693 [Forwarding findElement on session ff74fcc753f8850d27c07d497adfb162 to remote] DEBUG org.apache.http.impl.execchain.MainClientExec - Target auth state: UNCHALLENGED
12:53:08.693 [Forwarding findElement on session ff74fcc753f8850d27c07d497adfb162 to remote] DEBUG org.apache.http.impl.execchain.MainClientExec - Proxy auth state: UNCHALLENGED
12:53:08.693 [Forwarding findElement on session ff74fcc753f8850d27c07d497adfb162 to remote] DEBUG org.apache.http.headers - http-outgoing-23 >> POST /session/ff74fcc753f8850d27c07d497adfb162/element HTTP/1.1
12:53:08.693 [Forwarding findElement on session ff74fcc753f8850d27c07d497adfb162 to remote] DEBUG org.apache.http.headers - http-outgoing-23 >> Content-Type: application/json; charset=utf-8
12:53:08.693 [Forwarding findElement on session ff74fcc753f8850d27c07d497adfb162 to remote] DEBUG org.apache.http.headers - http-outgoing-23 >> Content-Length: 53
12:53:08.693 [Forwarding findElement on session ff74fcc753f8850d27c07d497adfb162 to remote] DEBUG org.apache.http.headers - http-outgoing-23 >> Host: localhost:36671
12:53:08.693 [Forwarding findElement on session ff74fcc753f8850d27c07d497adfb162 to remote] DEBUG org.apache.http.headers - http-outgoing-23 >> Connection: Keep-Alive
12:53:08.693 [Forwarding findElement on session ff74fcc753f8850d27c07d497adfb162 to remote] DEBUG org.apache.http.headers - http-outgoing-23 >> User-Agent: Apache-HttpClient/4.5.3 (Java/1.8.0_211)
12:53:08.693 [Forwarding findElement on session ff74fcc753f8850d27c07d497adfb162 to remote] DEBUG org.apache.http.headers - http-outgoing-23 >> Accept-Encoding: gzip,deflate
12:53:08.693 [Forwarding findElement on session ff74fcc753f8850d27c07d497adfb162 to remote] DEBUG org.apache.http.wire - http-outgoing-23 >> "POST /session/ff74fcc753f8850d27c07d497adfb162/element HTTP/1.1[\r][\n]"
12:53:08.693 [Forwarding findElement on session ff74fcc753f8850d27c07d497adfb162 to remote] DEBUG org.apache.http.wire - http-outgoing-23 >> "Content-Type: application/json; charset=utf-8[\r][\n]"
12:53:08.693 [Forwarding findElement on session ff74fcc753f8850d27c07d497adfb162 to remote] DEBUG org.apache.http.wire - http-outgoing-23 >> "Content-Length: 53[\r][\n]"
12:53:08.693 [Forwarding findElement on session ff74fcc753f8850d27c07d497adfb162 to remote] DEBUG org.apache.http.wire - http-outgoing-23 >> "Host: localhost:36671[\r][\n]"
12:53:08.693 [Forwarding findElement on session ff74fcc753f8850d27c07d497adfb162 to remote] DEBUG org.apache.http.wire - http-outgoing-23 >> "Connection: Keep-Alive[\r][\n]"
12:53:08.693 [Forwarding findElement on session ff74fcc753f8850d27c07d497adfb162 to remote] DEBUG org.apache.http.wire - http-outgoing-23 >> "User-Agent: Apache-HttpClient/4.5.3 (Java/1.8.0_211)[\r][\n]"
12:53:08.693 [Forwarding findElement on session ff74fcc753f8850d27c07d497adfb162 to remote] DEBUG org.apache.http.wire - http-outgoing-23 >> "Accept-Encoding: gzip,deflate[\r][\n]"
12:53:08.693 [Forwarding findElement on session ff74fcc753f8850d27c07d497adfb162 to remote] DEBUG org.apache.http.wire - http-outgoing-23 >> "[\r][\n]"
12:53:08.693 [Forwarding findElement on session ff74fcc753f8850d27c07d497adfb162 to remote] DEBUG org.apache.http.wire - http-outgoing-23 >> "{"value":"span > .d-flex div","using":"css selector"}"
12:53:09.005 [Forwarding findElement on session ff74fcc753f8850d27c07d497adfb162 to remote] DEBUG org.apache.http.wire - http-outgoing-23 << "HTTP/1.1 200 OK[\r][\n]"
12:53:09.005 [Forwarding findElement on session ff74fcc753f8850d27c07d497adfb162 to remote] DEBUG org.apache.http.wire - http-outgoing-23 << "Content-Length:88[\r][\n]"
12:53:09.005 [Forwarding findElement on session ff74fcc753f8850d27c07d497adfb162 to remote] DEBUG org.apache.http.wire - http-outgoing-23 << "Content-Type:application/json; charset=utf-8[\r][\n]"
12:53:09.005 [Forwarding findElement on session ff74fcc753f8850d27c07d497adfb162 to remote] DEBUG org.apache.http.wire - http-outgoing-23 << "cache-control:no-cache[\r][\n]"
12:53:09.005 [Forwarding findElement on session ff74fcc753f8850d27c07d497adfb162 to remote] DEBUG org.apache.http.wire - http-outgoing-23 << "[\r][\n]"
12:53:09.005 [Forwarding findElement on session ff74fcc753f8850d27c07d497adfb162 to remote] DEBUG org.apache.http.wire - http-outgoing-23 << "{"value":{"element-6066-11e4-a52e-4f735466cecf":"459f1f00-429c-4647-b920-8bb6a8698ae0"}}"
12:53:09.005 [Forwarding findElement on session ff74fcc753f8850d27c07d497adfb162 to remote] DEBUG org.apache.http.headers - http-outgoing-23 << HTTP/1.1 200 OK
12:53:09.005 [Forwarding findElement on session ff74fcc753f8850d27c07d497adfb162 to remote] DEBUG org.apache.http.headers - http-outgoing-23 << Content-Length:88
12:53:09.005 [Forwarding findElement on session ff74fcc753f8850d27c07d497adfb162 to remote] DEBUG org.apache.http.headers - http-outgoing-23 << Content-Type:application/json; charset=utf-8
12:53:09.005 [Forwarding findElement on session ff74fcc753f8850d27c07d497adfb162 to remote] DEBUG org.apache.http.headers - http-outgoing-23 << cache-control:no-cache
12:53:09.005 [Forwarding findElement on session ff74fcc753f8850d27c07d497adfb162 to remote] DEBUG org.apache.http.impl.execchain.MainClientExec - Connection can be kept alive indefinitely
12:53:09.006 [Forwarding findElement on session ff74fcc753f8850d27c07d497adfb162 to remote] DEBUG org.apache.http.impl.conn.PoolingHttpClientConnectionManager - Connection [id: 23][route: {}->http://localhost:36671] can be kept alive indefinitely
12:53:09.006 [Forwarding findElement on session ff74fcc753f8850d27c07d497adfb162 to remote] DEBUG org.apache.http.impl.conn.PoolingHttpClientConnectionManager - Connection released: [id: 23][route: {}->http://localhost:36671][total kept alive: 6; route allocated: 1 of 2000; total allocated: 6 of 2000]
12:53:09.006 [Forwarding getElementText on session ff74fcc753f8850d27c07d497adfb162 to remote] DEBUG org.apache.http.client.protocol.RequestAddCookies - CookieSpec selected: default
12:53:09.006 [Forwarding getElementText on session ff74fcc753f8850d27c07d497adfb162 to remote] DEBUG org.apache.http.client.protocol.RequestAuthCache - Auth cache not set in the context
12:53:09.006 [Forwarding getElementText on session ff74fcc753f8850d27c07d497adfb162 to remote] DEBUG org.apache.http.impl.conn.PoolingHttpClientConnectionManager - Connection request: [route: {}->http://localhost:36671][total kept alive: 6; route allocated: 1 of 2000; total allocated: 6 of 2000]
12:53:09.006 [Forwarding getElementText on session ff74fcc753f8850d27c07d497adfb162 to remote] DEBUG org.apache.http.impl.conn.PoolingHttpClientConnectionManager - Connection leased: [id: 23][route: {}->http://localhost:36671][total kept alive: 5; route allocated: 1 of 2000; total allocated: 6 of 2000]
12:53:09.006 [Forwarding getElementText on session ff74fcc753f8850d27c07d497adfb162 to remote] DEBUG org.apache.http.impl.execchain.MainClientExec - Stale connection check
12:53:09.007 [Forwarding getElementText on session ff74fcc753f8850d27c07d497adfb162 to remote] DEBUG org.apache.http.wire - http-outgoing-23 << "[read] I/O error: Read timed out"
12:53:09.007 [Forwarding getElementText on session ff74fcc753f8850d27c07d497adfb162 to remote] DEBUG org.apache.http.impl.conn.DefaultManagedHttpClientConnection - http-outgoing-23: set socket timeout to 10800000
12:53:09.007 [Forwarding getElementText on session ff74fcc753f8850d27c07d497adfb162 to remote] DEBUG org.apache.http.impl.execchain.MainClientExec - Executing request GET /session/ff74fcc753f8850d27c07d497adfb162/element/459f1f00-429c-4647-b920-8bb6a8698ae0/text HTTP/1.1
12:53:09.007 [Forwarding getElementText on session ff74fcc753f8850d27c07d497adfb162 to remote] DEBUG org.apache.http.impl.execchain.MainClientExec - Target auth state: UNCHALLENGED
12:53:09.007 [Forwarding getElementText on session ff74fcc753f8850d27c07d497adfb162 to remote] DEBUG org.apache.http.impl.execchain.MainClientExec - Proxy auth state: UNCHALLENGED
12:53:09.007 [Forwarding getElementText on session ff74fcc753f8850d27c07d497adfb162 to remote] DEBUG org.apache.http.headers - http-outgoing-23 >> GET /session/ff74fcc753f8850d27c07d497adfb162/element/459f1f00-429c-4647-b920-8bb6a8698ae0/text HTTP/1.1
12:53:09.007 [Forwarding getElementText on session ff74fcc753f8850d27c07d497adfb162 to remote] DEBUG org.apache.http.headers - http-outgoing-23 >> Cache-Control: no-cache
12:53:09.007 [Forwarding getElementText on session ff74fcc753f8850d27c07d497adfb162 to remote] DEBUG org.apache.http.headers - http-outgoing-23 >> Host: localhost:36671
12:53:09.007 [Forwarding getElementText on session ff74fcc753f8850d27c07d497adfb162 to remote] DEBUG org.apache.http.headers - http-outgoing-23 >> Connection: Keep-Alive
12:53:09.007 [Forwarding getElementText on session ff74fcc753f8850d27c07d497adfb162 to remote] DEBUG org.apache.http.headers - http-outgoing-23 >> User-Agent: Apache-HttpClient/4.5.3 (Java/1.8.0_211)
12:53:09.007 [Forwarding getElementText on session ff74fcc753f8850d27c07d497adfb162 to remote] DEBUG org.apache.http.headers - http-outgoing-23 >> Accept-Encoding: gzip,deflate
12:53:09.007 [Forwarding getElementText on session ff74fcc753f8850d27c07d497adfb162 to remote] DEBUG org.apache.http.wire - http-outgoing-23 >> "GET /session/ff74fcc753f8850d27c07d497adfb162/element/459f1f00-429c-4647-b920-8bb6a8698ae0/text HTTP/1.1[\r][\n]"
12:53:09.007 [Forwarding getElementText on session ff74fcc753f8850d27c07d497adfb162 to remote] DEBUG org.apache.http.wire - http-outgoing-23 >> "Cache-Control: no-cache[\r][\n]"
12:53:09.007 [Forwarding getElementText on session ff74fcc753f8850d27c07d497adfb162 to remote] DEBUG org.apache.http.wire - http-outgoing-23 >> "Host: localhost:36671[\r][\n]"
12:53:09.007 [Forwarding getElementText on session ff74fcc753f8850d27c07d497adfb162 to remote] DEBUG org.apache.http.wire - http-outgoing-23 >> "Connection: Keep-Alive[\r][\n]"
12:53:09.007 [Forwarding getElementText on session ff74fcc753f8850d27c07d497adfb162 to remote] DEBUG org.apache.http.wire - http-outgoing-23 >> "User-Agent: Apache-HttpClient/4.5.3 (Java/1.8.0_211)[\r][\n]"
12:53:09.007 [Forwarding getElementText on session ff74fcc753f8850d27c07d497adfb162 to remote] DEBUG org.apache.http.wire - http-outgoing-23 >> "Accept-Encoding: gzip,deflate[\r][\n]"
12:53:09.007 [Forwarding getElementText on session ff74fcc753f8850d27c07d497adfb162 to remote] DEBUG org.apache.http.wire - http-outgoing-23 >> "[\r][\n]"
12:53:09.043 [Forwarding getElementText on session ff74fcc753f8850d27c07d497adfb162 to remote] DEBUG org.apache.http.wire - http-outgoing-23 << "HTTP/1.1 200 OK[\r][\n]"
12:53:09.043 [Forwarding getElementText on session ff74fcc753f8850d27c07d497adfb162 to remote] DEBUG org.apache.http.wire - http-outgoing-23 << "Content-Length:46[\r][\n]"
12:53:09.043 [Forwarding getElementText on session ff74fcc753f8850d27c07d497adfb162 to remote] DEBUG org.apache.http.wire - http-outgoing-23 << "Content-Type:application/json; charset=utf-8[\r][\n]"
12:53:09.043 [Forwarding getElementText on session ff74fcc753f8850d27c07d497adfb162 to remote] DEBUG org.apache.http.wire - http-outgoing-23 << "cache-control:no-cache[\r][\n]"
12:53:09.043 [Forwarding getElementText on session ff74fcc753f8850d27c07d497adfb162 to remote] DEBUG org.apache.http.wire - http-outgoing-23 << "[\r][\n]"
12:53:09.043 [Forwarding getElementText on session ff74fcc753f8850d27c07d497adfb162 to remote] DEBUG org.apache.http.wire - http-outgoing-23 << "{"value":"TN2jfdYCX9vvozqjwVvPjMd7vRj8HKyxUe"}"
12:53:09.043 [Forwarding getElementText on session ff74fcc753f8850d27c07d497adfb162 to remote] DEBUG org.apache.http.headers - http-outgoing-23 << HTTP/1.1 200 OK
12:53:09.043 [Forwarding getElementText on session ff74fcc753f8850d27c07d497adfb162 to remote] DEBUG org.apache.http.headers - http-outgoing-23 << Content-Length:46
12:53:09.043 [Forwarding getElementText on session ff74fcc753f8850d27c07d497adfb162 to remote] DEBUG org.apache.http.headers - http-outgoing-23 << Content-Type:application/json; charset=utf-8
12:53:09.043 [Forwarding getElementText on session ff74fcc753f8850d27c07d497adfb162 to remote] DEBUG org.apache.http.headers - http-outgoing-23 << cache-control:no-cache
12:53:09.043 [Forwarding getElementText on session ff74fcc753f8850d27c07d497adfb162 to remote] DEBUG org.apache.http.impl.execchain.MainClientExec - Connection can be kept alive indefinitely
12:53:09.043 [Forwarding getElementText on session ff74fcc753f8850d27c07d497adfb162 to remote] DEBUG org.apache.http.impl.conn.PoolingHttpClientConnectionManager - Connection [id: 23][route: {}->http://localhost:36671] can be kept alive indefinitely
12:53:09.043 [Forwarding getElementText on session ff74fcc753f8850d27c07d497adfb162 to remote] DEBUG org.apache.http.impl.conn.PoolingHttpClientConnectionManager - Connection released: [id: 23][route: {}->http://localhost:36671][total kept alive: 6; route allocated: 1 of 2000; total allocated: 6 of 2000]
12:53:09.247 [Forwarding findElement on session ff74fcc753f8850d27c07d497adfb162 to remote] DEBUG org.apache.http.client.protocol.RequestAddCookies - CookieSpec selected: default
12:53:09.247 [Forwarding findElement on session ff74fcc753f8850d27c07d497adfb162 to remote] DEBUG org.apache.http.client.protocol.RequestAuthCache - Auth cache not set in the context
12:53:09.247 [Forwarding findElement on session ff74fcc753f8850d27c07d497adfb162 to remote] DEBUG org.apache.http.impl.conn.PoolingHttpClientConnectionManager - Connection request: [route: {}->http://localhost:36671][total kept alive: 6; route allocated: 1 of 2000; total allocated: 6 of 2000]
12:53:09.247 [Forwarding findElement on session ff74fcc753f8850d27c07d497adfb162 to remote] DEBUG org.apache.http.impl.conn.PoolingHttpClientConnectionManager - Connection leased: [id: 23][route: {}->http://localhost:36671][total kept alive: 5; route allocated: 1 of 2000; total allocated: 6 of 2000]
12:53:09.247 [Forwarding findElement on session ff74fcc753f8850d27c07d497adfb162 to remote] DEBUG org.apache.http.impl.execchain.MainClientExec - Stale connection check
12:53:09.249 [Forwarding findElement on session ff74fcc753f8850d27c07d497adfb162 to remote] DEBUG org.apache.http.wire - http-outgoing-23 << "[read] I/O error: Read timed out"
12:53:09.249 [Forwarding findElement on session ff74fcc753f8850d27c07d497adfb162 to remote] DEBUG org.apache.http.impl.conn.DefaultManagedHttpClientConnection - http-outgoing-23: set socket timeout to 10800000
12:53:09.249 [Forwarding findElement on session ff74fcc753f8850d27c07d497adfb162 to remote] DEBUG org.apache.http.impl.execchain.MainClientExec - Executing request POST /session/ff74fcc753f8850d27c07d497adfb162/element HTTP/1.1
12:53:09.249 [Forwarding findElement on session ff74fcc753f8850d27c07d497adfb162 to remote] DEBUG org.apache.http.impl.execchain.MainClientExec - Target auth state: UNCHALLENGED
12:53:09.249 [Forwarding findElement on session ff74fcc753f8850d27c07d497adfb162 to remote] DEBUG org.apache.http.impl.execchain.MainClientExec - Proxy auth state: UNCHALLENGED
12:53:09.249 [Forwarding findElement on session ff74fcc753f8850d27c07d497adfb162 to remote] DEBUG org.apache.http.headers - http-outgoing-23 >> POST /session/ff74fcc753f8850d27c07d497adfb162/element HTTP/1.1
12:53:09.249 [Forwarding findElement on session ff74fcc753f8850d27c07d497adfb162 to remote] DEBUG org.apache.http.headers - http-outgoing-23 >> Content-Type: application/json; charset=utf-8
12:53:09.249 [Forwarding findElement on session ff74fcc753f8850d27c07d497adfb162 to remote] DEBUG org.apache.http.headers - http-outgoing-23 >> Content-Length: 58
12:53:09.249 [Forwarding findElement on session ff74fcc753f8850d27c07d497adfb162 to remote] DEBUG org.apache.http.headers - http-outgoing-23 >> Host: localhost:36671
12:53:09.249 [Forwarding findElement on session ff74fcc753f8850d27c07d497adfb162 to remote] DEBUG org.apache.http.headers - http-outgoing-23 >> Connection: Keep-Alive
12:53:09.249 [Forwarding findElement on session ff74fcc753f8850d27c07d497adfb162 to remote] DEBUG org.apache.http.headers - http-outgoing-23 >> User-Agent: Apache-HttpClient/4.5.3 (Java/1.8.0_211)
12:53:09.249 [Forwarding findElement on session ff74fcc753f8850d27c07d497adfb162 to remote] DEBUG org.apache.http.headers - http-outgoing-23 >> Accept-Encoding: gzip,deflate
12:53:09.249 [Forwarding findElement on session ff74fcc753f8850d27c07d497adfb162 to remote] DEBUG org.apache.http.wire - http-outgoing-23 >> "POST /session/ff74fcc753f8850d27c07d497adfb162/element HTTP/1.1[\r][\n]"
12:53:09.249 [Forwarding findElement on session ff74fcc753f8850d27c07d497adfb162 to remote] DEBUG org.apache.http.wire - http-outgoing-23 >> "Content-Type: application/json; charset=utf-8[\r][\n]"
12:53:09.249 [Forwarding findElement on session ff74fcc753f8850d27c07d497adfb162 to remote] DEBUG org.apache.http.wire - http-outgoing-23 >> "Content-Length: 58[\r][\n]"
12:53:09.249 [Forwarding findElement on session ff74fcc753f8850d27c07d497adfb162 to remote] DEBUG org.apache.http.wire - http-outgoing-23 >> "Host: localhost:36671[\r][\n]"
12:53:09.249 [Forwarding findElement on session ff74fcc753f8850d27c07d497adfb162 to remote] DEBUG org.apache.http.wire - http-outgoing-23 >> "Connection: Keep-Alive[\r][\n]"
12:53:09.249 [Forwarding findElement on session ff74fcc753f8850d27c07d497adfb162 to remote] DEBUG org.apache.http.wire - http-outgoing-23 >> "User-Agent: Apache-HttpClient/4.5.3 (Java/1.8.0_211)[\r][\n]"
12:53:09.249 [Forwarding findElement on session ff74fcc753f8850d27c07d497adfb162 to remote] DEBUG org.apache.http.wire - http-outgoing-23 >> "Accept-Encoding: gzip,deflate[\r][\n]"
12:53:09.249 [Forwarding findElement on session ff74fcc753f8850d27c07d497adfb162 to remote] DEBUG org.apache.http.wire - http-outgoing-23 >> "[\r][\n]"
12:53:09.249 [Forwarding findElement on session ff74fcc753f8850d27c07d497adfb162 to remote] DEBUG org.apache.http.wire - http-outgoing-23 >> "{"value":".dropdown-toggle > span","using":"css selector"}"
12:53:09.269 [Forwarding findElement on session ff74fcc753f8850d27c07d497adfb162 to remote] DEBUG org.apache.http.wire - http-outgoing-23 << "HTTP/1.1 200 OK[\r][\n]"
12:53:09.269 [Forwarding findElement on session ff74fcc753f8850d27c07d497adfb162 to remote] DEBUG org.apache.http.wire - http-outgoing-23 << "Content-Length:88[\r][\n]"
12:53:09.269 [Forwarding findElement on session ff74fcc753f8850d27c07d497adfb162 to remote] DEBUG org.apache.http.wire - http-outgoing-23 << "Content-Type:application/json; charset=utf-8[\r][\n]"
12:53:09.269 [Forwarding findElement on session ff74fcc753f8850d27c07d497adfb162 to remote] DEBUG org.apache.http.wire - http-outgoing-23 << "cache-control:no-cache[\r][\n]"
12:53:09.269 [Forwarding findElement on session ff74fcc753f8850d27c07d497adfb162 to remote] DEBUG org.apache.http.wire - http-outgoing-23 << "[\r][\n]"
12:53:09.269 [Forwarding findElement on session ff74fcc753f8850d27c07d497adfb162 to remote] DEBUG org.apache.http.wire - http-outgoing-23 << "{"value":{"element-6066-11e4-a52e-4f735466cecf":"86d8960c-0944-434b-bb79-b640bf9d9b54"}}"
12:53:09.269 [Forwarding findElement on session ff74fcc753f8850d27c07d497adfb162 to remote] DEBUG org.apache.http.headers - http-outgoing-23 << HTTP/1.1 200 OK
12:53:09.269 [Forwarding findElement on session ff74fcc753f8850d27c07d497adfb162 to remote] DEBUG org.apache.http.headers - http-outgoing-23 << Content-Length:88
12:53:09.269 [Forwarding findElement on session ff74fcc753f8850d27c07d497adfb162 to remote] DEBUG org.apache.http.headers - http-outgoing-23 << Content-Type:application/json; charset=utf-8
12:53:09.269 [Forwarding findElement on session ff74fcc753f8850d27c07d497adfb162 to remote] DEBUG org.apache.http.headers - http-outgoing-23 << cache-control:no-cache
12:53:09.269 [Forwarding findElement on session ff74fcc753f8850d27c07d497adfb162 to remote] DEBUG org.apache.http.impl.execchain.MainClientExec - Connection can be kept alive indefinitely
12:53:09.269 [Forwarding findElement on session ff74fcc753f8850d27c07d497adfb162 to remote] DEBUG org.apache.http.impl.conn.PoolingHttpClientConnectionManager - Connection [id: 23][route: {}->http://localhost:36671] can be kept alive indefinitely
12:53:09.269 [Forwarding findElement on session ff74fcc753f8850d27c07d497adfb162 to remote] DEBUG org.apache.http.impl.conn.PoolingHttpClientConnectionManager - Connection released: [id: 23][route: {}->http://localhost:36671][total kept alive: 6; route allocated: 1 of 2000; total allocated: 6 of 2000]
12:53:09.270 [Forwarding actions on session ff74fcc753f8850d27c07d497adfb162 to remote] DEBUG org.apache.http.client.protocol.RequestAddCookies - CookieSpec selected: default
12:53:09.270 [Forwarding actions on session ff74fcc753f8850d27c07d497adfb162 to remote] DEBUG org.apache.http.client.protocol.RequestAuthCache - Auth cache not set in the context
12:53:09.270 [Forwarding actions on session ff74fcc753f8850d27c07d497adfb162 to remote] DEBUG org.apache.http.impl.conn.PoolingHttpClientConnectionManager - Connection request: [route: {}->http://localhost:36671][total kept alive: 6; route allocated: 1 of 2000; total allocated: 6 of 2000]
12:53:09.270 [Forwarding actions on session ff74fcc753f8850d27c07d497adfb162 to remote] DEBUG org.apache.http.impl.conn.PoolingHttpClientConnectionManager - Connection leased: [id: 23][route: {}->http://localhost:36671][total kept alive: 5; route allocated: 1 of 2000; total allocated: 6 of 2000]
12:53:09.270 [Forwarding actions on session ff74fcc753f8850d27c07d497adfb162 to remote] DEBUG org.apache.http.impl.execchain.MainClientExec - Stale connection check
12:53:09.271 [Forwarding actions on session ff74fcc753f8850d27c07d497adfb162 to remote] DEBUG org.apache.http.wire - http-outgoing-23 << "[read] I/O error: Read timed out"
12:53:09.271 [Forwarding actions on session ff74fcc753f8850d27c07d497adfb162 to remote] DEBUG org.apache.http.impl.conn.DefaultManagedHttpClientConnection - http-outgoing-23: set socket timeout to 10800000
12:53:09.271 [Forwarding actions on session ff74fcc753f8850d27c07d497adfb162 to remote] DEBUG org.apache.http.impl.execchain.MainClientExec - Executing request POST /session/ff74fcc753f8850d27c07d497adfb162/actions HTTP/1.1
12:53:09.271 [Forwarding actions on session ff74fcc753f8850d27c07d497adfb162 to remote] DEBUG org.apache.http.impl.execchain.MainClientExec - Target auth state: UNCHALLENGED
12:53:09.271 [Forwarding actions on session ff74fcc753f8850d27c07d497adfb162 to remote] DEBUG org.apache.http.impl.execchain.MainClientExec - Proxy auth state: UNCHALLENGED
12:53:09.271 [Forwarding actions on session ff74fcc753f8850d27c07d497adfb162 to remote] DEBUG org.apache.http.headers - http-outgoing-23 >> POST /session/ff74fcc753f8850d27c07d497adfb162/actions HTTP/1.1
12:53:09.271 [Forwarding actions on session ff74fcc753f8850d27c07d497adfb162 to remote] DEBUG org.apache.http.headers - http-outgoing-23 >> Content-Type: application/json; charset=utf-8
12:53:09.271 [Forwarding actions on session ff74fcc753f8850d27c07d497adfb162 to remote] DEBUG org.apache.http.headers - http-outgoing-23 >> Content-Length: 289
12:53:09.271 [Forwarding actions on session ff74fcc753f8850d27c07d497adfb162 to remote] DEBUG org.apache.http.headers - http-outgoing-23 >> Host: localhost:36671
12:53:09.271 [Forwarding actions on session ff74fcc753f8850d27c07d497adfb162 to remote] DEBUG org.apache.http.headers - http-outgoing-23 >> Connection: Keep-Alive
12:53:09.271 [Forwarding actions on session ff74fcc753f8850d27c07d497adfb162 to remote] DEBUG org.apache.http.headers - http-outgoing-23 >> User-Agent: Apache-HttpClient/4.5.3 (Java/1.8.0_211)
12:53:09.271 [Forwarding actions on session ff74fcc753f8850d27c07d497adfb162 to remote] DEBUG org.apache.http.headers - http-outgoing-23 >> Accept-Encoding: gzip,deflate
12:53:09.271 [Forwarding actions on session ff74fcc753f8850d27c07d497adfb162 to remote] DEBUG org.apache.http.wire - http-outgoing-23 >> "POST /session/ff74fcc753f8850d27c07d497adfb162/actions HTTP/1.1[\r][\n]"
12:53:09.271 [Forwarding actions on session ff74fcc753f8850d27c07d497adfb162 to remote] DEBUG org.apache.http.wire - http-outgoing-23 >> "Content-Type: application/json; charset=utf-8[\r][\n]"
12:53:09.271 [Forwarding actions on session ff74fcc753f8850d27c07d497adfb162 to remote] DEBUG org.apache.http.wire - http-outgoing-23 >> "Content-Length: 289[\r][\n]"
12:53:09.271 [Forwarding actions on session ff74fcc753f8850d27c07d497adfb162 to remote] DEBUG org.apache.http.wire - http-outgoing-23 >> "Host: localhost:36671[\r][\n]"
12:53:09.271 [Forwarding actions on session ff74fcc753f8850d27c07d497adfb162 to remote] DEBUG org.apache.http.wire - http-outgoing-23 >> "Connection: Keep-Alive[\r][\n]"
12:53:09.271 [Forwarding actions on session ff74fcc753f8850d27c07d497adfb162 to remote] DEBUG org.apache.http.wire - http-outgoing-23 >> "User-Agent: Apache-HttpClient/4.5.3 (Java/1.8.0_211)[\r][\n]"
12:53:09.271 [Forwarding actions on session ff74fcc753f8850d27c07d497adfb162 to remote] DEBUG org.apache.http.wire - http-outgoing-23 >> "Accept-Encoding: gzip,deflate[\r][\n]"
12:53:09.271 [Forwarding actions on session ff74fcc753f8850d27c07d497adfb162 to remote] DEBUG org.apache.http.wire - http-outgoing-23 >> "[\r][\n]"
12:53:09.271 [Forwarding actions on session ff74fcc753f8850d27c07d497adfb162 to remote] DEBUG org.apache.http.wire - http-outgoing-23 >> "{"actions":[{"id":"default mouse","type":"pointer","parameters":{"pointerType":"mouse"},"actions":[{"duration":100,"x":0,"y":0,"type":"pointerMove","origin":{"ELEMENT":"86d8960c-0944-434b-bb79-b640bf9d9b54","element-6066-11e4-a52e-4f735466cecf":"86d8960c-0944-434b-bb79-b640bf9d9b54"}}]}]}"
12:53:09.391 [Forwarding actions on session ff74fcc753f8850d27c07d497adfb162 to remote] DEBUG org.apache.http.wire - http-outgoing-23 << "HTTP/1.1 200 OK[\r][\n]"
12:53:09.391 [Forwarding actions on session ff74fcc753f8850d27c07d497adfb162 to remote] DEBUG org.apache.http.wire - http-outgoing-23 << "Content-Length:14[\r][\n]"
12:53:09.391 [Forwarding actions on session ff74fcc753f8850d27c07d497adfb162 to remote] DEBUG org.apache.http.wire - http-outgoing-23 << "Content-Type:application/json; charset=utf-8[\r][\n]"
12:53:09.391 [Forwarding actions on session ff74fcc753f8850d27c07d497adfb162 to remote] DEBUG org.apache.http.wire - http-outgoing-23 << "cache-control:no-cache[\r][\n]"
12:53:09.391 [Forwarding actions on session ff74fcc753f8850d27c07d497adfb162 to remote] DEBUG org.apache.http.wire - http-outgoing-23 << "[\r][\n]"
12:53:09.391 [Forwarding actions on session ff74fcc753f8850d27c07d497adfb162 to remote] DEBUG org.apache.http.wire - http-outgoing-23 << "{"value":null}"
12:53:09.392 [Forwarding actions on session ff74fcc753f8850d27c07d497adfb162 to remote] DEBUG org.apache.http.headers - http-outgoing-23 << HTTP/1.1 200 OK
12:53:09.392 [Forwarding actions on session ff74fcc753f8850d27c07d497adfb162 to remote] DEBUG org.apache.http.headers - http-outgoing-23 << Content-Length:14
12:53:09.392 [Forwarding actions on session ff74fcc753f8850d27c07d497adfb162 to remote] DEBUG org.apache.http.headers - http-outgoing-23 << Content-Type:application/json; charset=utf-8
12:53:09.392 [Forwarding actions on session ff74fcc753f8850d27c07d497adfb162 to remote] DEBUG org.apache.http.headers - http-outgoing-23 << cache-control:no-cache
12:53:09.392 [Forwarding actions on session ff74fcc753f8850d27c07d497adfb162 to remote] DEBUG org.apache.http.impl.execchain.MainClientExec - Connection can be kept alive indefinitely
12:53:09.392 [Forwarding actions on session ff74fcc753f8850d27c07d497adfb162 to remote] DEBUG org.apache.http.impl.conn.PoolingHttpClientConnectionManager - Connection [id: 23][route: {}->http://localhost:36671] can be kept alive indefinitely
12:53:09.392 [Forwarding actions on session ff74fcc753f8850d27c07d497adfb162 to remote] DEBUG org.apache.http.impl.conn.PoolingHttpClientConnectionManager - Connection released: [id: 23][route: {}->http://localhost:36671][total kept alive: 6; route allocated: 1 of 2000; total allocated: 6 of 2000]
12:53:09.392 [Forwarding findElement on session ff74fcc753f8850d27c07d497adfb162 to remote] DEBUG org.apache.http.client.protocol.RequestAddCookies - CookieSpec selected: default
12:53:09.392 [Forwarding findElement on session ff74fcc753f8850d27c07d497adfb162 to remote] DEBUG org.apache.http.client.protocol.RequestAuthCache - Auth cache not set in the context
12:53:09.392 [Forwarding findElement on session ff74fcc753f8850d27c07d497adfb162 to remote] DEBUG org.apache.http.impl.conn.PoolingHttpClientConnectionManager - Connection request: [route: {}->http://localhost:36671][total kept alive: 6; route allocated: 1 of 2000; total allocated: 6 of 2000]
12:53:09.392 [Forwarding findElement on session ff74fcc753f8850d27c07d497adfb162 to remote] DEBUG org.apache.http.impl.conn.PoolingHttpClientConnectionManager - Connection leased: [id: 23][route: {}->http://localhost:36671][total kept alive: 5; route allocated: 1 of 2000; total allocated: 6 of 2000]
12:53:09.392 [Forwarding findElement on session ff74fcc753f8850d27c07d497adfb162 to remote] DEBUG org.apache.http.impl.execchain.MainClientExec - Stale connection check
12:53:09.394 [Forwarding findElement on session ff74fcc753f8850d27c07d497adfb162 to remote] DEBUG org.apache.http.wire - http-outgoing-23 << "[read] I/O error: Read timed out"
12:53:09.394 [Forwarding findElement on session ff74fcc753f8850d27c07d497adfb162 to remote] DEBUG org.apache.http.impl.conn.DefaultManagedHttpClientConnection - http-outgoing-23: set socket timeout to 10800000
12:53:09.394 [Forwarding findElement on session ff74fcc753f8850d27c07d497adfb162 to remote] DEBUG org.apache.http.impl.execchain.MainClientExec - Executing request POST /session/ff74fcc753f8850d27c07d497adfb162/element HTTP/1.1
12:53:09.394 [Forwarding findElement on session ff74fcc753f8850d27c07d497adfb162 to remote] DEBUG org.apache.http.impl.execchain.MainClientExec - Target auth state: UNCHALLENGED
12:53:09.394 [Forwarding findElement on session ff74fcc753f8850d27c07d497adfb162 to remote] DEBUG org.apache.http.impl.execchain.MainClientExec - Proxy auth state: UNCHALLENGED
12:53:09.394 [Forwarding findElement on session ff74fcc753f8850d27c07d497adfb162 to remote] DEBUG org.apache.http.headers - http-outgoing-23 >> POST /session/ff74fcc753f8850d27c07d497adfb162/element HTTP/1.1
12:53:09.394 [Forwarding findElement on session ff74fcc753f8850d27c07d497adfb162 to remote] DEBUG org.apache.http.headers - http-outgoing-23 >> Content-Type: application/json; charset=utf-8
12:53:09.394 [Forwarding findElement on session ff74fcc753f8850d27c07d497adfb162 to remote] DEBUG org.apache.http.headers - http-outgoing-23 >> Content-Length: 77
12:53:09.394 [Forwarding findElement on session ff74fcc753f8850d27c07d497adfb162 to remote] DEBUG org.apache.http.headers - http-outgoing-23 >> Host: localhost:36671
12:53:09.394 [Forwarding findElement on session ff74fcc753f8850d27c07d497adfb162 to remote] DEBUG org.apache.http.headers - http-outgoing-23 >> Connection: Keep-Alive
12:53:09.394 [Forwarding findElement on session ff74fcc753f8850d27c07d497adfb162 to remote] DEBUG org.apache.http.headers - http-outgoing-23 >> User-Agent: Apache-HttpClient/4.5.3 (Java/1.8.0_211)
12:53:09.394 [Forwarding findElement on session ff74fcc753f8850d27c07d497adfb162 to remote] DEBUG org.apache.http.headers - http-outgoing-23 >> Accept-Encoding: gzip,deflate
12:53:09.394 [Forwarding findElement on session ff74fcc753f8850d27c07d497adfb162 to remote] DEBUG org.apache.http.wire - http-outgoing-23 >> "POST /session/ff74fcc753f8850d27c07d497adfb162/element HTTP/1.1[\r][\n]"
12:53:09.394 [Forwarding findElement on session ff74fcc753f8850d27c07d497adfb162 to remote] DEBUG org.apache.http.wire - http-outgoing-23 >> "Content-Type: application/json; charset=utf-8[\r][\n]"
12:53:09.394 [Forwarding findElement on session ff74fcc753f8850d27c07d497adfb162 to remote] DEBUG org.apache.http.wire - http-outgoing-23 >> "Content-Length: 77[\r][\n]"
12:53:09.394 [Forwarding findElement on session ff74fcc753f8850d27c07d497adfb162 to remote] DEBUG org.apache.http.wire - http-outgoing-23 >> "Host: localhost:36671[\r][\n]"
12:53:09.394 [Forwarding findElement on session ff74fcc753f8850d27c07d497adfb162 to remote] DEBUG org.apache.http.wire - http-outgoing-23 >> "Connection: Keep-Alive[\r][\n]"
12:53:09.394 [Forwarding findElement on session ff74fcc753f8850d27c07d497adfb162 to remote] DEBUG org.apache.http.wire - http-outgoing-23 >> "User-Agent: Apache-HttpClient/4.5.3 (Java/1.8.0_211)[\r][\n]"
12:53:09.394 [Forwarding findElement on session ff74fcc753f8850d27c07d497adfb162 to remote] DEBUG org.apache.http.wire - http-outgoing-23 >> "Accept-Encoding: gzip,deflate[\r][\n]"
12:53:09.394 [Forwarding findElement on session ff74fcc753f8850d27c07d497adfb162 to remote] DEBUG org.apache.http.wire - http-outgoing-23 >> "[\r][\n]"
12:53:09.394 [Forwarding findElement on session ff74fcc753f8850d27c07d497adfb162 to remote] DEBUG org.apache.http.wire - http-outgoing-23 >> "{"value":".account-token-tab > a.active:nth-child(1)","using":"css selector"}"
12:53:09.399 [Forwarding findElement on session ff74fcc753f8850d27c07d497adfb162 to remote] DEBUG org.apache.http.wire - http-outgoing-23 << "HTTP/1.1 200 OK[\r][\n]"
12:53:09.399 [Forwarding findElement on session ff74fcc753f8850d27c07d497adfb162 to remote] DEBUG org.apache.http.wire - http-outgoing-23 << "Content-Length:88[\r][\n]"
12:53:09.399 [Forwarding findElement on session ff74fcc753f8850d27c07d497adfb162 to remote] DEBUG org.apache.http.wire - http-outgoing-23 << "Content-Type:application/json; charset=utf-8[\r][\n]"
12:53:09.399 [Forwarding findElement on session ff74fcc753f8850d27c07d497adfb162 to remote] DEBUG org.apache.http.wire - http-outgoing-23 << "cache-control:no-cache[\r][\n]"
12:53:09.399 [Forwarding findElement on session ff74fcc753f8850d27c07d497adfb162 to remote] DEBUG org.apache.http.wire - http-outgoing-23 << "[\r][\n]"
12:53:09.399 [Forwarding findElement on session ff74fcc753f8850d27c07d497adfb162 to remote] DEBUG org.apache.http.wire - http-outgoing-23 << "{"value":{"element-6066-11e4-a52e-4f735466cecf":"35f0f05a-0f3c-4e93-823c-66d44799146e"}}"
12:53:09.399 [Forwarding findElement on session ff74fcc753f8850d27c07d497adfb162 to remote] DEBUG org.apache.http.headers - http-outgoing-23 << HTTP/1.1 200 OK
12:53:09.399 [Forwarding findElement on session ff74fcc753f8850d27c07d497adfb162 to remote] DEBUG org.apache.http.headers - http-outgoing-23 << Content-Length:88
12:53:09.399 [Forwarding findElement on session ff74fcc753f8850d27c07d497adfb162 to remote] DEBUG org.apache.http.headers - http-outgoing-23 << Content-Type:application/json; charset=utf-8
12:53:09.399 [Forwarding findElement on session ff74fcc753f8850d27c07d497adfb162 to remote] DEBUG org.apache.http.headers - http-outgoing-23 << cache-control:no-cache
12:53:09.399 [Forwarding findElement on session ff74fcc753f8850d27c07d497adfb162 to remote] DEBUG org.apache.http.impl.execchain.MainClientExec - Connection can be kept alive indefinitely
12:53:09.399 [Forwarding findElement on session ff74fcc753f8850d27c07d497adfb162 to remote] DEBUG org.apache.http.impl.conn.PoolingHttpClientConnectionManager - Connection [id: 23][route: {}->http://localhost:36671] can be kept alive indefinitely
12:53:09.399 [Forwarding findElement on session ff74fcc753f8850d27c07d497adfb162 to remote] DEBUG org.apache.http.impl.conn.PoolingHttpClientConnectionManager - Connection released: [id: 23][route: {}->http://localhost:36671][total kept alive: 6; route allocated: 1 of 2000; total allocated: 6 of 2000]
12:53:09.400 [Forwarding clickElement on session ff74fcc753f8850d27c07d497adfb162 to remote] DEBUG org.apache.http.client.protocol.RequestAddCookies - CookieSpec selected: default
12:53:09.400 [Forwarding clickElement on session ff74fcc753f8850d27c07d497adfb162 to remote] DEBUG org.apache.http.client.protocol.RequestAuthCache - Auth cache not set in the context
12:53:09.400 [Forwarding clickElement on session ff74fcc753f8850d27c07d497adfb162 to remote] DEBUG org.apache.http.impl.conn.PoolingHttpClientConnectionManager - Connection request: [route: {}->http://localhost:36671][total kept alive: 6; route allocated: 1 of 2000; total allocated: 6 of 2000]
12:53:09.400 [Forwarding clickElement on session ff74fcc753f8850d27c07d497adfb162 to remote] DEBUG org.apache.http.impl.conn.PoolingHttpClientConnectionManager - Connection leased: [id: 23][route: {}->http://localhost:36671][total kept alive: 5; route allocated: 1 of 2000; total allocated: 6 of 2000]
12:53:09.400 [Forwarding clickElement on session ff74fcc753f8850d27c07d497adfb162 to remote] DEBUG org.apache.http.impl.execchain.MainClientExec - Stale connection check
12:53:09.401 [Forwarding clickElement on session ff74fcc753f8850d27c07d497adfb162 to remote] DEBUG org.apache.http.wire - http-outgoing-23 << "[read] I/O error: Read timed out"
12:53:09.401 [Forwarding clickElement on session ff74fcc753f8850d27c07d497adfb162 to remote] DEBUG org.apache.http.impl.conn.DefaultManagedHttpClientConnection - http-outgoing-23: set socket timeout to 10800000
12:53:09.401 [Forwarding clickElement on session ff74fcc753f8850d27c07d497adfb162 to remote] DEBUG org.apache.http.impl.execchain.MainClientExec - Executing request POST /session/ff74fcc753f8850d27c07d497adfb162/element/35f0f05a-0f3c-4e93-823c-66d44799146e/click HTTP/1.1
12:53:09.401 [Forwarding clickElement on session ff74fcc753f8850d27c07d497adfb162 to remote] DEBUG org.apache.http.impl.execchain.MainClientExec - Target auth state: UNCHALLENGED
12:53:09.401 [Forwarding clickElement on session ff74fcc753f8850d27c07d497adfb162 to remote] DEBUG org.apache.http.impl.execchain.MainClientExec - Proxy auth state: UNCHALLENGED
12:53:09.401 [Forwarding clickElement on session ff74fcc753f8850d27c07d497adfb162 to remote] DEBUG org.apache.http.headers - http-outgoing-23 >> POST /session/ff74fcc753f8850d27c07d497adfb162/element/35f0f05a-0f3c-4e93-823c-66d44799146e/click HTTP/1.1
12:53:09.401 [Forwarding clickElement on session ff74fcc753f8850d27c07d497adfb162 to remote] DEBUG org.apache.http.headers - http-outgoing-23 >> Content-Type: application/json; charset=utf-8
12:53:09.401 [Forwarding clickElement on session ff74fcc753f8850d27c07d497adfb162 to remote] DEBUG org.apache.http.headers - http-outgoing-23 >> Content-Length: 45
12:53:09.401 [Forwarding clickElement on session ff74fcc753f8850d27c07d497adfb162 to remote] DEBUG org.apache.http.headers - http-outgoing-23 >> Host: localhost:36671
12:53:09.401 [Forwarding clickElement on session ff74fcc753f8850d27c07d497adfb162 to remote] DEBUG org.apache.http.headers - http-outgoing-23 >> Connection: Keep-Alive
12:53:09.401 [Forwarding clickElement on session ff74fcc753f8850d27c07d497adfb162 to remote] DEBUG org.apache.http.headers - http-outgoing-23 >> User-Agent: Apache-HttpClient/4.5.3 (Java/1.8.0_211)
12:53:09.401 [Forwarding clickElement on session ff74fcc753f8850d27c07d497adfb162 to remote] DEBUG org.apache.http.headers - http-outgoing-23 >> Accept-Encoding: gzip,deflate
12:53:09.401 [Forwarding clickElement on session ff74fcc753f8850d27c07d497adfb162 to remote] DEBUG org.apache.http.wire - http-outgoing-23 >> "POST /session/ff74fcc753f8850d27c07d497adfb162/element/35f0f05a-0f3c-4e93-823c-66d44799146e/click HTTP/1.1[\r][\n]"
12:53:09.401 [Forwarding clickElement on session ff74fcc753f8850d27c07d497adfb162 to remote] DEBUG org.apache.http.wire - http-outgoing-23 >> "Content-Type: application/json; charset=utf-8[\r][\n]"
12:53:09.401 [Forwarding clickElement on session ff74fcc753f8850d27c07d497adfb162 to remote] DEBUG org.apache.http.wire - http-outgoing-23 >> "Content-Length: 45[\r][\n]"
12:53:09.401 [Forwarding clickElement on session ff74fcc753f8850d27c07d497adfb162 to remote] DEBUG org.apache.http.wire - http-outgoing-23 >> "Host: localhost:36671[\r][\n]"
12:53:09.401 [Forwarding clickElement on session ff74fcc753f8850d27c07d497adfb162 to remote] DEBUG org.apache.http.wire - http-outgoing-23 >> "Connection: Keep-Alive[\r][\n]"
12:53:09.401 [Forwarding clickElement on session ff74fcc753f8850d27c07d497adfb162 to remote] DEBUG org.apache.http.wire - http-outgoing-23 >> "User-Agent: Apache-HttpClient/4.5.3 (Java/1.8.0_211)[\r][\n]"
12:53:09.401 [Forwarding clickElement on session ff74fcc753f8850d27c07d497adfb162 to remote] DEBUG org.apache.http.wire - http-outgoing-23 >> "Accept-Encoding: gzip,deflate[\r][\n]"
12:53:09.401 [Forwarding clickElement on session ff74fcc753f8850d27c07d497adfb162 to remote] DEBUG org.apache.http.wire - http-outgoing-23 >> "[\r][\n]"
12:53:09.401 [Forwarding clickElement on session ff74fcc753f8850d27c07d497adfb162 to remote] DEBUG org.apache.http.wire - http-outgoing-23 >> "{"id":"35f0f05a-0f3c-4e93-823c-66d44799146e"}"
12:53:09.445 [Forwarding clickElement on session ff74fcc753f8850d27c07d497adfb162 to remote] DEBUG org.apache.http.wire - http-outgoing-23 << "HTTP/1.1 200 OK[\r][\n]"
12:53:09.445 [Forwarding clickElement on session ff74fcc753f8850d27c07d497adfb162 to remote] DEBUG org.apache.http.wire - http-outgoing-23 << "Content-Length:14[\r][\n]"
12:53:09.445 [Forwarding clickElement on session ff74fcc753f8850d27c07d497adfb162 to remote] DEBUG org.apache.http.wire - http-outgoing-23 << "Content-Type:application/json; charset=utf-8[\r][\n]"
12:53:09.445 [Forwarding clickElement on session ff74fcc753f8850d27c07d497adfb162 to remote] DEBUG org.apache.http.wire - http-outgoing-23 << "cache-control:no-cache[\r][\n]"
12:53:09.445 [Forwarding clickElement on session ff74fcc753f8850d27c07d497adfb162 to remote] DEBUG org.apache.http.wire - http-outgoing-23 << "[\r][\n]"
12:53:09.445 [Forwarding clickElement on session ff74fcc753f8850d27c07d497adfb162 to remote] DEBUG org.apache.http.wire - http-outgoing-23 << "{"value":null}"
12:53:09.445 [Forwarding clickElement on session ff74fcc753f8850d27c07d497adfb162 to remote] DEBUG org.apache.http.headers - http-outgoing-23 << HTTP/1.1 200 OK
12:53:09.445 [Forwarding clickElement on session ff74fcc753f8850d27c07d497adfb162 to remote] DEBUG org.apache.http.headers - http-outgoing-23 << Content-Length:14
12:53:09.445 [Forwarding clickElement on session ff74fcc753f8850d27c07d497adfb162 to remote] DEBUG org.apache.http.headers - http-outgoing-23 << Content-Type:application/json; charset=utf-8
12:53:09.445 [Forwarding clickElement on session ff74fcc753f8850d27c07d497adfb162 to remote] DEBUG org.apache.http.headers - http-outgoing-23 << cache-control:no-cache
12:53:09.445 [Forwarding clickElement on session ff74fcc753f8850d27c07d497adfb162 to remote] DEBUG org.apache.http.impl.execchain.MainClientExec - Connection can be kept alive indefinitely
12:53:09.445 [Forwarding clickElement on session ff74fcc753f8850d27c07d497adfb162 to remote] DEBUG org.apache.http.impl.conn.PoolingHttpClientConnectionManager - Connection [id: 23][route: {}->http://localhost:36671] can be kept alive indefinitely
12:53:09.445 [Forwarding clickElement on session ff74fcc753f8850d27c07d497adfb162 to remote] DEBUG org.apache.http.impl.conn.PoolingHttpClientConnectionManager - Connection released: [id: 23][route: {}->http://localhost:36671][total kept alive: 6; route allocated: 1 of 2000; total allocated: 6 of 2000]
12:53:09.446 [Forwarding findElement on session ff74fcc753f8850d27c07d497adfb162 to remote] DEBUG org.apache.http.client.protocol.RequestAddCookies - CookieSpec selected: default
12:53:09.446 [Forwarding findElement on session ff74fcc753f8850d27c07d497adfb162 to remote] DEBUG org.apache.http.client.protocol.RequestAuthCache - Auth cache not set in the context
12:53:09.446 [Forwarding findElement on session ff74fcc753f8850d27c07d497adfb162 to remote] DEBUG org.apache.http.impl.conn.PoolingHttpClientConnectionManager - Connection request: [route: {}->http://localhost:36671][total kept alive: 6; route allocated: 1 of 2000; total allocated: 6 of 2000]
12:53:09.446 [Forwarding findElement on session ff74fcc753f8850d27c07d497adfb162 to remote] DEBUG org.apache.http.impl.conn.PoolingHttpClientConnectionManager - Connection leased: [id: 23][route: {}->http://localhost:36671][total kept alive: 5; route allocated: 1 of 2000; total allocated: 6 of 2000]
12:53:09.446 [Forwarding findElement on session ff74fcc753f8850d27c07d497adfb162 to remote] DEBUG org.apache.http.impl.execchain.MainClientExec - Stale connection check
12:53:09.447 [Forwarding findElement on session ff74fcc753f8850d27c07d497adfb162 to remote] DEBUG org.apache.http.wire - http-outgoing-23 << "[read] I/O error: Read timed out"
12:53:09.447 [Forwarding findElement on session ff74fcc753f8850d27c07d497adfb162 to remote] DEBUG org.apache.http.impl.conn.DefaultManagedHttpClientConnection - http-outgoing-23: set socket timeout to 10800000
12:53:09.447 [Forwarding findElement on session ff74fcc753f8850d27c07d497adfb162 to remote] DEBUG org.apache.http.impl.execchain.MainClientExec - Executing request POST /session/ff74fcc753f8850d27c07d497adfb162/element HTTP/1.1
12:53:09.447 [Forwarding findElement on session ff74fcc753f8850d27c07d497adfb162 to remote] DEBUG org.apache.http.impl.execchain.MainClientExec - Target auth state: UNCHALLENGED
12:53:09.447 [Forwarding findElement on session ff74fcc753f8850d27c07d497adfb162 to remote] DEBUG org.apache.http.impl.execchain.MainClientExec - Proxy auth state: UNCHALLENGED
12:53:09.447 [Forwarding findElement on session ff74fcc753f8850d27c07d497adfb162 to remote] DEBUG org.apache.http.headers - http-outgoing-23 >> POST /session/ff74fcc753f8850d27c07d497adfb162/element HTTP/1.1
12:53:09.447 [Forwarding findElement on session ff74fcc753f8850d27c07d497adfb162 to remote] DEBUG org.apache.http.headers - http-outgoing-23 >> Content-Type: application/json; charset=utf-8
12:53:09.447 [Forwarding findElement on session ff74fcc753f8850d27c07d497adfb162 to remote] DEBUG org.apache.http.headers - http-outgoing-23 >> Content-Length: 77
12:53:09.447 [Forwarding findElement on session ff74fcc753f8850d27c07d497adfb162 to remote] DEBUG org.apache.http.headers - http-outgoing-23 >> Host: localhost:36671
12:53:09.448 [Forwarding findElement on session ff74fcc753f8850d27c07d497adfb162 to remote] DEBUG org.apache.http.headers - http-outgoing-23 >> Connection: Keep-Alive
12:53:09.448 [Forwarding findElement on session ff74fcc753f8850d27c07d497adfb162 to remote] DEBUG org.apache.http.headers - http-outgoing-23 >> User-Agent: Apache-HttpClient/4.5.3 (Java/1.8.0_211)
12:53:09.448 [Forwarding findElement on session ff74fcc753f8850d27c07d497adfb162 to remote] DEBUG org.apache.http.headers - http-outgoing-23 >> Accept-Encoding: gzip,deflate
12:53:09.448 [Forwarding findElement on session ff74fcc753f8850d27c07d497adfb162 to remote] DEBUG org.apache.http.wire - http-outgoing-23 >> "POST /session/ff74fcc753f8850d27c07d497adfb162/element HTTP/1.1[\r][\n]"
12:53:09.448 [Forwarding findElement on session ff74fcc753f8850d27c07d497adfb162 to remote] DEBUG org.apache.http.wire - http-outgoing-23 >> "Content-Type: application/json; charset=utf-8[\r][\n]"
12:53:09.448 [Forwarding findElement on session ff74fcc753f8850d27c07d497adfb162 to remote] DEBUG org.apache.http.wire - http-outgoing-23 >> "Content-Length: 77[\r][\n]"
12:53:09.448 [Forwarding findElement on session ff74fcc753f8850d27c07d497adfb162 to remote] DEBUG org.apache.http.wire - http-outgoing-23 >> "Host: localhost:36671[\r][\n]"
12:53:09.448 [Forwarding findElement on session ff74fcc753f8850d27c07d497adfb162 to remote] DEBUG org.apache.http.wire - http-outgoing-23 >> "Connection: Keep-Alive[\r][\n]"
12:53:09.448 [Forwarding findElement on session ff74fcc753f8850d27c07d497adfb162 to remote] DEBUG org.apache.http.wire - http-outgoing-23 >> "User-Agent: Apache-HttpClient/4.5.3 (Java/1.8.0_211)[\r][\n]"
12:53:09.448 [Forwarding findElement on session ff74fcc753f8850d27c07d497adfb162 to remote] DEBUG org.apache.http.wire - http-outgoing-23 >> "Accept-Encoding: gzip,deflate[\r][\n]"
12:53:09.448 [Forwarding findElement on session ff74fcc753f8850d27c07d497adfb162 to remote] DEBUG org.apache.http.wire - http-outgoing-23 >> "[\r][\n]"
12:53:09.448 [Forwarding findElement on session ff74fcc753f8850d27c07d497adfb162 to remote] DEBUG org.apache.http.wire - http-outgoing-23 >> "{"value":"tr:nth-child(1) > td:nth-child(5) > button","using":"css selector"}"
12:53:09.525 [Forwarding findElement on session ff74fcc753f8850d27c07d497adfb162 to remote] DEBUG org.apache.http.wire - http-outgoing-23 << "HTTP/1.1 200 OK[\r][\n]"
12:53:09.525 [Forwarding findElement on session ff74fcc753f8850d27c07d497adfb162 to remote] DEBUG org.apache.http.wire - http-outgoing-23 << "Content-Length:88[\r][\n]"
12:53:09.525 [Forwarding findElement on session ff74fcc753f8850d27c07d497adfb162 to remote] DEBUG org.apache.http.wire - http-outgoing-23 << "Content-Type:application/json; charset=utf-8[\r][\n]"
12:53:09.525 [Forwarding findElement on session ff74fcc753f8850d27c07d497adfb162 to remote] DEBUG org.apache.http.wire - http-outgoing-23 << "cache-control:no-cache[\r][\n]"
12:53:09.525 [Forwarding findElement on session ff74fcc753f8850d27c07d497adfb162 to remote] DEBUG org.apache.http.wire - http-outgoing-23 << "[\r][\n]"
12:53:09.525 [Forwarding findElement on session ff74fcc753f8850d27c07d497adfb162 to remote] DEBUG org.apache.http.wire - http-outgoing-23 << "{"value":{"element-6066-11e4-a52e-4f735466cecf":"d53cdd29-893e-4388-9ae8-6b59f7c5c905"}}"
12:53:09.525 [Forwarding findElement on session ff74fcc753f8850d27c07d497adfb162 to remote] DEBUG org.apache.http.headers - http-outgoing-23 << HTTP/1.1 200 OK
12:53:09.525 [Forwarding findElement on session ff74fcc753f8850d27c07d497adfb162 to remote] DEBUG org.apache.http.headers - http-outgoing-23 << Content-Length:88
12:53:09.525 [Forwarding findElement on session ff74fcc753f8850d27c07d497adfb162 to remote] DEBUG org.apache.http.headers - http-outgoing-23 << Content-Type:application/json; charset=utf-8
12:53:09.525 [Forwarding findElement on session ff74fcc753f8850d27c07d497adfb162 to remote] DEBUG org.apache.http.headers - http-outgoing-23 << cache-control:no-cache
12:53:09.525 [Forwarding findElement on session ff74fcc753f8850d27c07d497adfb162 to remote] DEBUG org.apache.http.impl.execchain.MainClientExec - Connection can be kept alive indefinitely
12:53:09.525 [Forwarding findElement on session ff74fcc753f8850d27c07d497adfb162 to remote] DEBUG org.apache.http.impl.conn.PoolingHttpClientConnectionManager - Connection [id: 23][route: {}->http://localhost:36671] can be kept alive indefinitely
12:53:09.525 [Forwarding findElement on session ff74fcc753f8850d27c07d497adfb162 to remote] DEBUG org.apache.http.impl.conn.PoolingHttpClientConnectionManager - Connection released: [id: 23][route: {}->http://localhost:36671][total kept alive: 6; route allocated: 1 of 2000; total allocated: 6 of 2000]
12:53:09.526 [Forwarding clickElement on session ff74fcc753f8850d27c07d497adfb162 to remote] DEBUG org.apache.http.client.protocol.RequestAddCookies - CookieSpec selected: default
12:53:09.526 [Forwarding clickElement on session ff74fcc753f8850d27c07d497adfb162 to remote] DEBUG org.apache.http.client.protocol.RequestAuthCache - Auth cache not set in the context
12:53:09.526 [Forwarding clickElement on session ff74fcc753f8850d27c07d497adfb162 to remote] DEBUG org.apache.http.impl.conn.PoolingHttpClientConnectionManager - Connection request: [route: {}->http://localhost:36671][total kept alive: 6; route allocated: 1 of 2000; total allocated: 6 of 2000]
12:53:09.526 [Forwarding clickElement on session ff74fcc753f8850d27c07d497adfb162 to remote] DEBUG org.apache.http.impl.conn.PoolingHttpClientConnectionManager - Connection leased: [id: 23][route: {}->http://localhost:36671][total kept alive: 5; route allocated: 1 of 2000; total allocated: 6 of 2000]
12:53:09.526 [Forwarding clickElement on session ff74fcc753f8850d27c07d497adfb162 to remote] DEBUG org.apache.http.impl.execchain.MainClientExec - Stale connection check
12:53:09.527 [Forwarding clickElement on session ff74fcc753f8850d27c07d497adfb162 to remote] DEBUG org.apache.http.wire - http-outgoing-23 << "[read] I/O error: Read timed out"
12:53:09.527 [Forwarding clickElement on session ff74fcc753f8850d27c07d497adfb162 to remote] DEBUG org.apache.http.impl.conn.DefaultManagedHttpClientConnection - http-outgoing-23: set socket timeout to 10800000
12:53:09.527 [Forwarding clickElement on session ff74fcc753f8850d27c07d497adfb162 to remote] DEBUG org.apache.http.impl.execchain.MainClientExec - Executing request POST /session/ff74fcc753f8850d27c07d497adfb162/element/d53cdd29-893e-4388-9ae8-6b59f7c5c905/click HTTP/1.1
12:53:09.527 [Forwarding clickElement on session ff74fcc753f8850d27c07d497adfb162 to remote] DEBUG org.apache.http.impl.execchain.MainClientExec - Target auth state: UNCHALLENGED
12:53:09.527 [Forwarding clickElement on session ff74fcc753f8850d27c07d497adfb162 to remote] DEBUG org.apache.http.impl.execchain.MainClientExec - Proxy auth state: UNCHALLENGED
12:53:09.527 [Forwarding clickElement on session ff74fcc753f8850d27c07d497adfb162 to remote] DEBUG org.apache.http.headers - http-outgoing-23 >> POST /session/ff74fcc753f8850d27c07d497adfb162/element/d53cdd29-893e-4388-9ae8-6b59f7c5c905/click HTTP/1.1
12:53:09.527 [Forwarding clickElement on session ff74fcc753f8850d27c07d497adfb162 to remote] DEBUG org.apache.http.headers - http-outgoing-23 >> Content-Type: application/json; charset=utf-8
12:53:09.527 [Forwarding clickElement on session ff74fcc753f8850d27c07d497adfb162 to remote] DEBUG org.apache.http.headers - http-outgoing-23 >> Content-Length: 45
12:53:09.527 [Forwarding clickElement on session ff74fcc753f8850d27c07d497adfb162 to remote] DEBUG org.apache.http.headers - http-outgoing-23 >> Host: localhost:36671
12:53:09.527 [Forwarding clickElement on session ff74fcc753f8850d27c07d497adfb162 to remote] DEBUG org.apache.http.headers - http-outgoing-23 >> Connection: Keep-Alive
12:53:09.527 [Forwarding clickElement on session ff74fcc753f8850d27c07d497adfb162 to remote] DEBUG org.apache.http.headers - http-outgoing-23 >> User-Agent: Apache-HttpClient/4.5.3 (Java/1.8.0_211)
12:53:09.527 [Forwarding clickElement on session ff74fcc753f8850d27c07d497adfb162 to remote] DEBUG org.apache.http.headers - http-outgoing-23 >> Accept-Encoding: gzip,deflate
12:53:09.527 [Forwarding clickElement on session ff74fcc753f8850d27c07d497adfb162 to remote] DEBUG org.apache.http.wire - http-outgoing-23 >> "POST /session/ff74fcc753f8850d27c07d497adfb162/element/d53cdd29-893e-4388-9ae8-6b59f7c5c905/click HTTP/1.1[\r][\n]"
12:53:09.527 [Forwarding clickElement on session ff74fcc753f8850d27c07d497adfb162 to remote] DEBUG org.apache.http.wire - http-outgoing-23 >> "Content-Type: application/json; charset=utf-8[\r][\n]"
12:53:09.527 [Forwarding clickElement on session ff74fcc753f8850d27c07d497adfb162 to remote] DEBUG org.apache.http.wire - http-outgoing-23 >> "Content-Length: 45[\r][\n]"
12:53:09.527 [Forwarding clickElement on session ff74fcc753f8850d27c07d497adfb162 to remote] DEBUG org.apache.http.wire - http-outgoing-23 >> "Host: localhost:36671[\r][\n]"
12:53:09.527 [Forwarding clickElement on session ff74fcc753f8850d27c07d497adfb162 to remote] DEBUG org.apache.http.wire - http-outgoing-23 >> "Connection: Keep-Alive[\r][\n]"
12:53:09.527 [Forwarding clickElement on session ff74fcc753f8850d27c07d497adfb162 to remote] DEBUG org.apache.http.wire - http-outgoing-23 >> "User-Agent: Apache-HttpClient/4.5.3 (Java/1.8.0_211)[\r][\n]"
12:53:09.527 [Forwarding clickElement on session ff74fcc753f8850d27c07d497adfb162 to remote] DEBUG org.apache.http.wire - http-outgoing-23 >> "Accept-Encoding: gzip,deflate[\r][\n]"
12:53:09.527 [Forwarding clickElement on session ff74fcc753f8850d27c07d497adfb162 to remote] DEBUG org.apache.http.wire - http-outgoing-23 >> "[\r][\n]"
12:53:09.527 [Forwarding clickElement on session ff74fcc753f8850d27c07d497adfb162 to remote] DEBUG org.apache.http.wire - http-outgoing-23 >> "{"id":"d53cdd29-893e-4388-9ae8-6b59f7c5c905"}"
12:53:09.593 [Forwarding clickElement on session ff74fcc753f8850d27c07d497adfb162 to remote] DEBUG org.apache.http.wire - http-outgoing-23 << "HTTP/1.1 200 OK[\r][\n]"
12:53:09.593 [Forwarding clickElement on session ff74fcc753f8850d27c07d497adfb162 to remote] DEBUG org.apache.http.wire - http-outgoing-23 << "Content-Length:14[\r][\n]"
12:53:09.593 [Forwarding clickElement on session ff74fcc753f8850d27c07d497adfb162 to remote] DEBUG org.apache.http.wire - http-outgoing-23 << "Content-Type:application/json; charset=utf-8[\r][\n]"
12:53:09.593 [Forwarding clickElement on session ff74fcc753f8850d27c07d497adfb162 to remote] DEBUG org.apache.http.wire - http-outgoing-23 << "cache-control:no-cache[\r][\n]"
12:53:09.593 [Forwarding clickElement on session ff74fcc753f8850d27c07d497adfb162 to remote] DEBUG org.apache.http.wire - http-outgoing-23 << "[\r][\n]"
12:53:09.593 [Forwarding clickElement on session ff74fcc753f8850d27c07d497adfb162 to remote] DEBUG org.apache.http.wire - http-outgoing-23 << "{"value":null}"
12:53:09.593 [Forwarding clickElement on session ff74fcc753f8850d27c07d497adfb162 to remote] DEBUG org.apache.http.headers - http-outgoing-23 << HTTP/1.1 200 OK
12:53:09.593 [Forwarding clickElement on session ff74fcc753f8850d27c07d497adfb162 to remote] DEBUG org.apache.http.headers - http-outgoing-23 << Content-Length:14
12:53:09.593 [Forwarding clickElement on session ff74fcc753f8850d27c07d497adfb162 to remote] DEBUG org.apache.http.headers - http-outgoing-23 << Content-Type:application/json; charset=utf-8
12:53:09.593 [Forwarding clickElement on session ff74fcc753f8850d27c07d497adfb162 to remote] DEBUG org.apache.http.headers - http-outgoing-23 << cache-control:no-cache
12:53:09.593 [Forwarding clickElement on session ff74fcc753f8850d27c07d497adfb162 to remote] DEBUG org.apache.http.impl.execchain.MainClientExec - Connection can be kept alive indefinitely
12:53:09.593 [Forwarding clickElement on session ff74fcc753f8850d27c07d497adfb162 to remote] DEBUG org.apache.http.impl.conn.PoolingHttpClientConnectionManager - Connection [id: 23][route: {}->http://localhost:36671] can be kept alive indefinitely
12:53:09.593 [Forwarding clickElement on session ff74fcc753f8850d27c07d497adfb162 to remote] DEBUG org.apache.http.impl.conn.PoolingHttpClientConnectionManager - Connection released: [id: 23][route: {}->http://localhost:36671][total kept alive: 6; route allocated: 1 of 2000; total allocated: 6 of 2000]
12:53:09.594 [Forwarding findElement on session ff74fcc753f8850d27c07d497adfb162 to remote] DEBUG org.apache.http.client.protocol.RequestAddCookies - CookieSpec selected: default
12:53:09.594 [Forwarding findElement on session ff74fcc753f8850d27c07d497adfb162 to remote] DEBUG org.apache.http.client.protocol.RequestAuthCache - Auth cache not set in the context
12:53:09.594 [Forwarding findElement on session ff74fcc753f8850d27c07d497adfb162 to remote] DEBUG org.apache.http.impl.conn.PoolingHttpClientConnectionManager - Connection request: [route: {}->http://localhost:36671][total kept alive: 6; route allocated: 1 of 2000; total allocated: 6 of 2000]
12:53:09.594 [Forwarding findElement on session ff74fcc753f8850d27c07d497adfb162 to remote] DEBUG org.apache.http.impl.conn.PoolingHttpClientConnectionManager - Connection leased: [id: 23][route: {}->http://localhost:36671][total kept alive: 5; route allocated: 1 of 2000; total allocated: 6 of 2000]
12:53:09.594 [Forwarding findElement on session ff74fcc753f8850d27c07d497adfb162 to remote] DEBUG org.apache.http.impl.execchain.MainClientExec - Stale connection check
12:53:09.595 [Forwarding findElement on session ff74fcc753f8850d27c07d497adfb162 to remote] DEBUG org.apache.http.wire - http-outgoing-23 << "[read] I/O error: Read timed out"
12:53:09.595 [Forwarding findElement on session ff74fcc753f8850d27c07d497adfb162 to remote] DEBUG org.apache.http.impl.conn.DefaultManagedHttpClientConnection - http-outgoing-23: set socket timeout to 10800000
12:53:09.595 [Forwarding findElement on session ff74fcc753f8850d27c07d497adfb162 to remote] DEBUG org.apache.http.impl.execchain.MainClientExec - Executing request POST /session/ff74fcc753f8850d27c07d497adfb162/element HTTP/1.1
12:53:09.595 [Forwarding findElement on session ff74fcc753f8850d27c07d497adfb162 to remote] DEBUG org.apache.http.impl.execchain.MainClientExec - Target auth state: UNCHALLENGED
12:53:09.595 [Forwarding findElement on session ff74fcc753f8850d27c07d497adfb162 to remote] DEBUG org.apache.http.impl.execchain.MainClientExec - Proxy auth state: UNCHALLENGED
12:53:09.595 [Forwarding findElement on session ff74fcc753f8850d27c07d497adfb162 to remote] DEBUG org.apache.http.headers - http-outgoing-23 >> POST /session/ff74fcc753f8850d27c07d497adfb162/element HTTP/1.1
12:53:09.595 [Forwarding findElement on session ff74fcc753f8850d27c07d497adfb162 to remote] DEBUG org.apache.http.headers - http-outgoing-23 >> Content-Type: application/json; charset=utf-8
12:53:09.595 [Forwarding findElement on session ff74fcc753f8850d27c07d497adfb162 to remote] DEBUG org.apache.http.headers - http-outgoing-23 >> Content-Length: 48
12:53:09.595 [Forwarding findElement on session ff74fcc753f8850d27c07d497adfb162 to remote] DEBUG org.apache.http.headers - http-outgoing-23 >> Host: localhost:36671
12:53:09.595 [Forwarding findElement on session ff74fcc753f8850d27c07d497adfb162 to remote] DEBUG org.apache.http.headers - http-outgoing-23 >> Connection: Keep-Alive
12:53:09.595 [Forwarding findElement on session ff74fcc753f8850d27c07d497adfb162 to remote] DEBUG org.apache.http.headers - http-outgoing-23 >> User-Agent: Apache-HttpClient/4.5.3 (Java/1.8.0_211)
12:53:09.595 [Forwarding findElement on session ff74fcc753f8850d27c07d497adfb162 to remote] DEBUG org.apache.http.headers - http-outgoing-23 >> Accept-Encoding: gzip,deflate
12:53:09.595 [Forwarding findElement on session ff74fcc753f8850d27c07d497adfb162 to remote] DEBUG org.apache.http.wire - http-outgoing-23 >> "POST /session/ff74fcc753f8850d27c07d497adfb162/element HTTP/1.1[\r][\n]"
12:53:09.595 [Forwarding findElement on session ff74fcc753f8850d27c07d497adfb162 to remote] DEBUG org.apache.http.wire - http-outgoing-23 >> "Content-Type: application/json; charset=utf-8[\r][\n]"
12:53:09.595 [Forwarding findElement on session ff74fcc753f8850d27c07d497adfb162 to remote] DEBUG org.apache.http.wire - http-outgoing-23 >> "Content-Length: 48[\r][\n]"
12:53:09.595 [Forwarding findElement on session ff74fcc753f8850d27c07d497adfb162 to remote] DEBUG org.apache.http.wire - http-outgoing-23 >> "Host: localhost:36671[\r][\n]"
12:53:09.595 [Forwarding findElement on session ff74fcc753f8850d27c07d497adfb162 to remote] DEBUG org.apache.http.wire - http-outgoing-23 >> "Connection: Keep-Alive[\r][\n]"
12:53:09.595 [Forwarding findElement on session ff74fcc753f8850d27c07d497adfb162 to remote] DEBUG org.apache.http.wire - http-outgoing-23 >> "User-Agent: Apache-HttpClient/4.5.3 (Java/1.8.0_211)[\r][\n]"
12:53:09.595 [Forwarding findElement on session ff74fcc753f8850d27c07d497adfb162 to remote] DEBUG org.apache.http.wire - http-outgoing-23 >> "Accept-Encoding: gzip,deflate[\r][\n]"
12:53:09.595 [Forwarding findElement on session ff74fcc753f8850d27c07d497adfb162 to remote] DEBUG org.apache.http.wire - http-outgoing-23 >> "[\r][\n]"
12:53:09.595 [Forwarding findElement on session ff74fcc753f8850d27c07d497adfb162 to remote] DEBUG org.apache.http.wire - http-outgoing-23 >> "{"value":".//form/div[3]/input","using":"xpath"}"
12:53:09.601 [Forwarding findElement on session ff74fcc753f8850d27c07d497adfb162 to remote] DEBUG org.apache.http.wire - http-outgoing-23 << "HTTP/1.1 200 OK[\r][\n]"
12:53:09.601 [Forwarding findElement on session ff74fcc753f8850d27c07d497adfb162 to remote] DEBUG org.apache.http.wire - http-outgoing-23 << "Content-Length:88[\r][\n]"
12:53:09.601 [Forwarding findElement on session ff74fcc753f8850d27c07d497adfb162 to remote] DEBUG org.apache.http.wire - http-outgoing-23 << "Content-Type:application/json; charset=utf-8[\r][\n]"
12:53:09.601 [Forwarding findElement on session ff74fcc753f8850d27c07d497adfb162 to remote] DEBUG org.apache.http.wire - http-outgoing-23 << "cache-control:no-cache[\r][\n]"
12:53:09.601 [Forwarding findElement on session ff74fcc753f8850d27c07d497adfb162 to remote] DEBUG org.apache.http.wire - http-outgoing-23 << "[\r][\n]"
12:53:09.601 [Forwarding findElement on session ff74fcc753f8850d27c07d497adfb162 to remote] DEBUG org.apache.http.wire - http-outgoing-23 << "{"value":{"element-6066-11e4-a52e-4f735466cecf":"5e33adab-6206-435b-9989-2f2a8982fafa"}}"
12:53:09.601 [Forwarding findElement on session ff74fcc753f8850d27c07d497adfb162 to remote] DEBUG org.apache.http.headers - http-outgoing-23 << HTTP/1.1 200 OK
12:53:09.601 [Forwarding findElement on session ff74fcc753f8850d27c07d497adfb162 to remote] DEBUG org.apache.http.headers - http-outgoing-23 << Content-Length:88
12:53:09.601 [Forwarding findElement on session ff74fcc753f8850d27c07d497adfb162 to remote] DEBUG org.apache.http.headers - http-outgoing-23 << Content-Type:application/json; charset=utf-8
12:53:09.601 [Forwarding findElement on session ff74fcc753f8850d27c07d497adfb162 to remote] DEBUG org.apache.http.headers - http-outgoing-23 << cache-control:no-cache
12:53:09.601 [Forwarding findElement on session ff74fcc753f8850d27c07d497adfb162 to remote] DEBUG org.apache.http.impl.execchain.MainClientExec - Connection can be kept alive indefinitely
12:53:09.601 [Forwarding findElement on session ff74fcc753f8850d27c07d497adfb162 to remote] DEBUG org.apache.http.impl.conn.PoolingHttpClientConnectionManager - Connection [id: 23][route: {}->http://localhost:36671] can be kept alive indefinitely
12:53:09.601 [Forwarding findElement on session ff74fcc753f8850d27c07d497adfb162 to remote] DEBUG org.apache.http.impl.conn.PoolingHttpClientConnectionManager - Connection released: [id: 23][route: {}->http://localhost:36671][total kept alive: 6; route allocated: 1 of 2000; total allocated: 6 of 2000]
12:53:09.602 [Forwarding clickElement on session ff74fcc753f8850d27c07d497adfb162 to remote] DEBUG org.apache.http.client.protocol.RequestAddCookies - CookieSpec selected: default
12:53:09.602 [Forwarding clickElement on session ff74fcc753f8850d27c07d497adfb162 to remote] DEBUG org.apache.http.client.protocol.RequestAuthCache - Auth cache not set in the context
12:53:09.602 [Forwarding clickElement on session ff74fcc753f8850d27c07d497adfb162 to remote] DEBUG org.apache.http.impl.conn.PoolingHttpClientConnectionManager - Connection request: [route: {}->http://localhost:36671][total kept alive: 6; route allocated: 1 of 2000; total allocated: 6 of 2000]
12:53:09.602 [Forwarding clickElement on session ff74fcc753f8850d27c07d497adfb162 to remote] DEBUG org.apache.http.impl.conn.PoolingHttpClientConnectionManager - Connection leased: [id: 23][route: {}->http://localhost:36671][total kept alive: 5; route allocated: 1 of 2000; total allocated: 6 of 2000]
12:53:09.602 [Forwarding clickElement on session ff74fcc753f8850d27c07d497adfb162 to remote] DEBUG org.apache.http.impl.execchain.MainClientExec - Stale connection check
12:53:09.603 [Forwarding clickElement on session ff74fcc753f8850d27c07d497adfb162 to remote] DEBUG org.apache.http.wire - http-outgoing-23 << "[read] I/O error: Read timed out"
12:53:09.603 [Forwarding clickElement on session ff74fcc753f8850d27c07d497adfb162 to remote] DEBUG org.apache.http.impl.conn.DefaultManagedHttpClientConnection - http-outgoing-23: set socket timeout to 10800000
12:53:09.603 [Forwarding clickElement on session ff74fcc753f8850d27c07d497adfb162 to remote] DEBUG org.apache.http.impl.execchain.MainClientExec - Executing request POST /session/ff74fcc753f8850d27c07d497adfb162/element/5e33adab-6206-435b-9989-2f2a8982fafa/click HTTP/1.1
12:53:09.603 [Forwarding clickElement on session ff74fcc753f8850d27c07d497adfb162 to remote] DEBUG org.apache.http.impl.execchain.MainClientExec - Target auth state: UNCHALLENGED
12:53:09.603 [Forwarding clickElement on session ff74fcc753f8850d27c07d497adfb162 to remote] DEBUG org.apache.http.impl.execchain.MainClientExec - Proxy auth state: UNCHALLENGED
12:53:09.603 [Forwarding clickElement on session ff74fcc753f8850d27c07d497adfb162 to remote] DEBUG org.apache.http.headers - http-outgoing-23 >> POST /session/ff74fcc753f8850d27c07d497adfb162/element/5e33adab-6206-435b-9989-2f2a8982fafa/click HTTP/1.1
12:53:09.603 [Forwarding clickElement on session ff74fcc753f8850d27c07d497adfb162 to remote] DEBUG org.apache.http.headers - http-outgoing-23 >> Content-Type: application/json; charset=utf-8
12:53:09.603 [Forwarding clickElement on session ff74fcc753f8850d27c07d497adfb162 to remote] DEBUG org.apache.http.headers - http-outgoing-23 >> Content-Length: 45
12:53:09.603 [Forwarding clickElement on session ff74fcc753f8850d27c07d497adfb162 to remote] DEBUG org.apache.http.headers - http-outgoing-23 >> Host: localhost:36671
12:53:09.603 [Forwarding clickElement on session ff74fcc753f8850d27c07d497adfb162 to remote] DEBUG org.apache.http.headers - http-outgoing-23 >> Connection: Keep-Alive
12:53:09.603 [Forwarding clickElement on session ff74fcc753f8850d27c07d497adfb162 to remote] DEBUG org.apache.http.headers - http-outgoing-23 >> User-Agent: Apache-HttpClient/4.5.3 (Java/1.8.0_211)
12:53:09.603 [Forwarding clickElement on session ff74fcc753f8850d27c07d497adfb162 to remote] DEBUG org.apache.http.headers - http-outgoing-23 >> Accept-Encoding: gzip,deflate
12:53:09.603 [Forwarding clickElement on session ff74fcc753f8850d27c07d497adfb162 to remote] DEBUG org.apache.http.wire - http-outgoing-23 >> "POST /session/ff74fcc753f8850d27c07d497adfb162/element/5e33adab-6206-435b-9989-2f2a8982fafa/click HTTP/1.1[\r][\n]"
12:53:09.603 [Forwarding clickElement on session ff74fcc753f8850d27c07d497adfb162 to remote] DEBUG org.apache.http.wire - http-outgoing-23 >> "Content-Type: application/json; charset=utf-8[\r][\n]"
12:53:09.603 [Forwarding clickElement on session ff74fcc753f8850d27c07d497adfb162 to remote] DEBUG org.apache.http.wire - http-outgoing-23 >> "Content-Length: 45[\r][\n]"
12:53:09.603 [Forwarding clickElement on session ff74fcc753f8850d27c07d497adfb162 to remote] DEBUG org.apache.http.wire - http-outgoing-23 >> "Host: localhost:36671[\r][\n]"
12:53:09.603 [Forwarding clickElement on session ff74fcc753f8850d27c07d497adfb162 to remote] DEBUG org.apache.http.wire - http-outgoing-23 >> "Connection: Keep-Alive[\r][\n]"
12:53:09.604 [Forwarding clickElement on session ff74fcc753f8850d27c07d497adfb162 to remote] DEBUG org.apache.http.wire - http-outgoing-23 >> "User-Agent: Apache-HttpClient/4.5.3 (Java/1.8.0_211)[\r][\n]"
12:53:09.604 [Forwarding clickElement on session ff74fcc753f8850d27c07d497adfb162 to remote] DEBUG org.apache.http.wire - http-outgoing-23 >> "Accept-Encoding: gzip,deflate[\r][\n]"
12:53:09.604 [Forwarding clickElement on session ff74fcc753f8850d27c07d497adfb162 to remote] DEBUG org.apache.http.wire - http-outgoing-23 >> "[\r][\n]"
12:53:09.604 [Forwarding clickElement on session ff74fcc753f8850d27c07d497adfb162 to remote] DEBUG org.apache.http.wire - http-outgoing-23 >> "{"id":"5e33adab-6206-435b-9989-2f2a8982fafa"}"
12:53:09.644 [Forwarding clickElement on session ff74fcc753f8850d27c07d497adfb162 to remote] DEBUG org.apache.http.wire - http-outgoing-23 << "HTTP/1.1 200 OK[\r][\n]"
12:53:09.644 [Forwarding clickElement on session ff74fcc753f8850d27c07d497adfb162 to remote] DEBUG org.apache.http.wire - http-outgoing-23 << "Content-Length:14[\r][\n]"
12:53:09.644 [Forwarding clickElement on session ff74fcc753f8850d27c07d497adfb162 to remote] DEBUG org.apache.http.wire - http-outgoing-23 << "Content-Type:application/json; charset=utf-8[\r][\n]"
12:53:09.644 [Forwarding clickElement on session ff74fcc753f8850d27c07d497adfb162 to remote] DEBUG org.apache.http.wire - http-outgoing-23 << "cache-control:no-cache[\r][\n]"
12:53:09.644 [Forwarding clickElement on session ff74fcc753f8850d27c07d497adfb162 to remote] DEBUG org.apache.http.wire - http-outgoing-23 << "[\r][\n]"
12:53:09.644 [Forwarding clickElement on session ff74fcc753f8850d27c07d497adfb162 to remote] DEBUG org.apache.http.wire - http-outgoing-23 << "{"value":null}"
12:53:09.644 [Forwarding clickElement on session ff74fcc753f8850d27c07d497adfb162 to remote] DEBUG org.apache.http.headers - http-outgoing-23 << HTTP/1.1 200 OK
12:53:09.644 [Forwarding clickElement on session ff74fcc753f8850d27c07d497adfb162 to remote] DEBUG org.apache.http.headers - http-outgoing-23 << Content-Length:14
12:53:09.644 [Forwarding clickElement on session ff74fcc753f8850d27c07d497adfb162 to remote] DEBUG org.apache.http.headers - http-outgoing-23 << Content-Type:application/json; charset=utf-8
12:53:09.644 [Forwarding clickElement on session ff74fcc753f8850d27c07d497adfb162 to remote] DEBUG org.apache.http.headers - http-outgoing-23 << cache-control:no-cache
12:53:09.644 [Forwarding clickElement on session ff74fcc753f8850d27c07d497adfb162 to remote] DEBUG org.apache.http.impl.execchain.MainClientExec - Connection can be kept alive indefinitely
12:53:09.644 [Forwarding clickElement on session ff74fcc753f8850d27c07d497adfb162 to remote] DEBUG org.apache.http.impl.conn.PoolingHttpClientConnectionManager - Connection [id: 23][route: {}->http://localhost:36671] can be kept alive indefinitely
12:53:09.644 [Forwarding clickElement on session ff74fcc753f8850d27c07d497adfb162 to remote] DEBUG org.apache.http.impl.conn.PoolingHttpClientConnectionManager - Connection released: [id: 23][route: {}->http://localhost:36671][total kept alive: 6; route allocated: 1 of 2000; total allocated: 6 of 2000]
12:53:09.644 [Forwarding findElement on session ff74fcc753f8850d27c07d497adfb162 to remote] DEBUG org.apache.http.client.protocol.RequestAddCookies - CookieSpec selected: default
12:53:09.644 [Forwarding findElement on session ff74fcc753f8850d27c07d497adfb162 to remote] DEBUG org.apache.http.client.protocol.RequestAuthCache - Auth cache not set in the context
12:53:09.644 [Forwarding findElement on session ff74fcc753f8850d27c07d497adfb162 to remote] DEBUG org.apache.http.impl.conn.PoolingHttpClientConnectionManager - Connection request: [route: {}->http://localhost:36671][total kept alive: 6; route allocated: 1 of 2000; total allocated: 6 of 2000]
12:53:09.644 [Forwarding findElement on session ff74fcc753f8850d27c07d497adfb162 to remote] DEBUG org.apache.http.impl.conn.PoolingHttpClientConnectionManager - Connection leased: [id: 23][route: {}->http://localhost:36671][total kept alive: 5; route allocated: 1 of 2000; total allocated: 6 of 2000]
12:53:09.644 [Forwarding findElement on session ff74fcc753f8850d27c07d497adfb162 to remote] DEBUG org.apache.http.impl.execchain.MainClientExec - Stale connection check
12:53:09.646 [Forwarding findElement on session ff74fcc753f8850d27c07d497adfb162 to remote] DEBUG org.apache.http.wire - http-outgoing-23 << "[read] I/O error: Read timed out"
12:53:09.646 [Forwarding findElement on session ff74fcc753f8850d27c07d497adfb162 to remote] DEBUG org.apache.http.impl.conn.DefaultManagedHttpClientConnection - http-outgoing-23: set socket timeout to 10800000
12:53:09.646 [Forwarding findElement on session ff74fcc753f8850d27c07d497adfb162 to remote] DEBUG org.apache.http.impl.execchain.MainClientExec - Executing request POST /session/ff74fcc753f8850d27c07d497adfb162/element HTTP/1.1
12:53:09.646 [Forwarding findElement on session ff74fcc753f8850d27c07d497adfb162 to remote] DEBUG org.apache.http.impl.execchain.MainClientExec - Target auth state: UNCHALLENGED
12:53:09.646 [Forwarding findElement on session ff74fcc753f8850d27c07d497adfb162 to remote] DEBUG org.apache.http.impl.execchain.MainClientExec - Proxy auth state: UNCHALLENGED
12:53:09.646 [Forwarding findElement on session ff74fcc753f8850d27c07d497adfb162 to remote] DEBUG org.apache.http.headers - http-outgoing-23 >> POST /session/ff74fcc753f8850d27c07d497adfb162/element HTTP/1.1
12:53:09.646 [Forwarding findElement on session ff74fcc753f8850d27c07d497adfb162 to remote] DEBUG org.apache.http.headers - http-outgoing-23 >> Content-Type: application/json; charset=utf-8
12:53:09.646 [Forwarding findElement on session ff74fcc753f8850d27c07d497adfb162 to remote] DEBUG org.apache.http.headers - http-outgoing-23 >> Content-Length: 47
12:53:09.646 [Forwarding findElement on session ff74fcc753f8850d27c07d497adfb162 to remote] DEBUG org.apache.http.headers - http-outgoing-23 >> Host: localhost:36671
12:53:09.646 [Forwarding findElement on session ff74fcc753f8850d27c07d497adfb162 to remote] DEBUG org.apache.http.headers - http-outgoing-23 >> Connection: Keep-Alive
12:53:09.646 [Forwarding findElement on session ff74fcc753f8850d27c07d497adfb162 to remote] DEBUG org.apache.http.headers - http-outgoing-23 >> User-Agent: Apache-HttpClient/4.5.3 (Java/1.8.0_211)
12:53:09.646 [Forwarding findElement on session ff74fcc753f8850d27c07d497adfb162 to remote] DEBUG org.apache.http.headers - http-outgoing-23 >> Accept-Encoding: gzip,deflate
12:53:09.646 [Forwarding findElement on session ff74fcc753f8850d27c07d497adfb162 to remote] DEBUG org.apache.http.wire - http-outgoing-23 >> "POST /session/ff74fcc753f8850d27c07d497adfb162/element HTTP/1.1[\r][\n]"
12:53:09.646 [Forwarding findElement on session ff74fcc753f8850d27c07d497adfb162 to remote] DEBUG org.apache.http.wire - http-outgoing-23 >> "Content-Type: application/json; charset=utf-8[\r][\n]"
12:53:09.646 [Forwarding findElement on session ff74fcc753f8850d27c07d497adfb162 to remote] DEBUG org.apache.http.wire - http-outgoing-23 >> "Content-Length: 47[\r][\n]"
12:53:09.646 [Forwarding findElement on session ff74fcc753f8850d27c07d497adfb162 to remote] DEBUG org.apache.http.wire - http-outgoing-23 >> "Host: localhost:36671[\r][\n]"
12:53:09.646 [Forwarding findElement on session ff74fcc753f8850d27c07d497adfb162 to remote] DEBUG org.apache.http.wire - http-outgoing-23 >> "Connection: Keep-Alive[\r][\n]"
12:53:09.646 [Forwarding findElement on session ff74fcc753f8850d27c07d497adfb162 to remote] DEBUG org.apache.http.wire - http-outgoing-23 >> "User-Agent: Apache-HttpClient/4.5.3 (Java/1.8.0_211)[\r][\n]"
12:53:09.646 [Forwarding findElement on session ff74fcc753f8850d27c07d497adfb162 to remote] DEBUG org.apache.http.wire - http-outgoing-23 >> "Accept-Encoding: gzip,deflate[\r][\n]"
12:53:09.646 [Forwarding findElement on session ff74fcc753f8850d27c07d497adfb162 to remote] DEBUG org.apache.http.wire - http-outgoing-23 >> "[\r][\n]"
12:53:09.646 [Forwarding findElement on session ff74fcc753f8850d27c07d497adfb162 to remote] DEBUG org.apache.http.wire - http-outgoing-23 >> "{"value":"//form/div[3]/input","using":"xpath"}"
12:53:09.652 [Forwarding findElement on session ff74fcc753f8850d27c07d497adfb162 to remote] DEBUG org.apache.http.wire - http-outgoing-23 << "HTTP/1.1 200 OK[\r][\n]"
12:53:09.652 [Forwarding findElement on session ff74fcc753f8850d27c07d497adfb162 to remote] DEBUG org.apache.http.wire - http-outgoing-23 << "Content-Length:88[\r][\n]"
12:53:09.652 [Forwarding findElement on session ff74fcc753f8850d27c07d497adfb162 to remote] DEBUG org.apache.http.wire - http-outgoing-23 << "Content-Type:application/json; charset=utf-8[\r][\n]"
12:53:09.652 [Forwarding findElement on session ff74fcc753f8850d27c07d497adfb162 to remote] DEBUG org.apache.http.wire - http-outgoing-23 << "cache-control:no-cache[\r][\n]"
12:53:09.652 [Forwarding findElement on session ff74fcc753f8850d27c07d497adfb162 to remote] DEBUG org.apache.http.wire - http-outgoing-23 << "[\r][\n]"
12:53:09.652 [Forwarding findElement on session ff74fcc753f8850d27c07d497adfb162 to remote] DEBUG org.apache.http.wire - http-outgoing-23 << "{"value":{"element-6066-11e4-a52e-4f735466cecf":"5e33adab-6206-435b-9989-2f2a8982fafa"}}"
12:53:09.652 [Forwarding findElement on session ff74fcc753f8850d27c07d497adfb162 to remote] DEBUG org.apache.http.headers - http-outgoing-23 << HTTP/1.1 200 OK
12:53:09.652 [Forwarding findElement on session ff74fcc753f8850d27c07d497adfb162 to remote] DEBUG org.apache.http.headers - http-outgoing-23 << Content-Length:88
12:53:09.652 [Forwarding findElement on session ff74fcc753f8850d27c07d497adfb162 to remote] DEBUG org.apache.http.headers - http-outgoing-23 << Content-Type:application/json; charset=utf-8
12:53:09.652 [Forwarding findElement on session ff74fcc753f8850d27c07d497adfb162 to remote] DEBUG org.apache.http.headers - http-outgoing-23 << cache-control:no-cache
12:53:09.652 [Forwarding findElement on session ff74fcc753f8850d27c07d497adfb162 to remote] DEBUG org.apache.http.impl.execchain.MainClientExec - Connection can be kept alive indefinitely
12:53:09.652 [Forwarding findElement on session ff74fcc753f8850d27c07d497adfb162 to remote] DEBUG org.apache.http.impl.conn.PoolingHttpClientConnectionManager - Connection [id: 23][route: {}->http://localhost:36671] can be kept alive indefinitely
12:53:09.652 [Forwarding findElement on session ff74fcc753f8850d27c07d497adfb162 to remote] DEBUG org.apache.http.impl.conn.PoolingHttpClientConnectionManager - Connection released: [id: 23][route: {}->http://localhost:36671][total kept alive: 6; route allocated: 1 of 2000; total allocated: 6 of 2000]
12:53:09.652 [Forwarding sendKeysToElement on session ff74fcc753f8850d27c07d497adfb162 to remote] DEBUG org.apache.http.client.protocol.RequestAddCookies - CookieSpec selected: default
12:53:09.652 [Forwarding sendKeysToElement on session ff74fcc753f8850d27c07d497adfb162 to remote] DEBUG org.apache.http.client.protocol.RequestAuthCache - Auth cache not set in the context
12:53:09.652 [Forwarding sendKeysToElement on session ff74fcc753f8850d27c07d497adfb162 to remote] DEBUG org.apache.http.impl.conn.PoolingHttpClientConnectionManager - Connection request: [route: {}->http://localhost:36671][total kept alive: 6; route allocated: 1 of 2000; total allocated: 6 of 2000]
12:53:09.653 [Forwarding sendKeysToElement on session ff74fcc753f8850d27c07d497adfb162 to remote] DEBUG org.apache.http.impl.conn.PoolingHttpClientConnectionManager - Connection leased: [id: 23][route: {}->http://localhost:36671][total kept alive: 5; route allocated: 1 of 2000; total allocated: 6 of 2000]
12:53:09.653 [Forwarding sendKeysToElement on session ff74fcc753f8850d27c07d497adfb162 to remote] DEBUG org.apache.http.impl.execchain.MainClientExec - Stale connection check
12:53:09.654 [Forwarding sendKeysToElement on session ff74fcc753f8850d27c07d497adfb162 to remote] DEBUG org.apache.http.wire - http-outgoing-23 << "[read] I/O error: Read timed out"
12:53:09.654 [Forwarding sendKeysToElement on session ff74fcc753f8850d27c07d497adfb162 to remote] DEBUG org.apache.http.impl.conn.DefaultManagedHttpClientConnection - http-outgoing-23: set socket timeout to 10800000
12:53:09.654 [Forwarding sendKeysToElement on session ff74fcc753f8850d27c07d497adfb162 to remote] DEBUG org.apache.http.impl.execchain.MainClientExec - Executing request POST /session/ff74fcc753f8850d27c07d497adfb162/element/5e33adab-6206-435b-9989-2f2a8982fafa/value HTTP/1.1
12:53:09.654 [Forwarding sendKeysToElement on session ff74fcc753f8850d27c07d497adfb162 to remote] DEBUG org.apache.http.impl.execchain.MainClientExec - Target auth state: UNCHALLENGED
12:53:09.654 [Forwarding sendKeysToElement on session ff74fcc753f8850d27c07d497adfb162 to remote] DEBUG org.apache.http.impl.execchain.MainClientExec - Proxy auth state: UNCHALLENGED
12:53:09.654 [Forwarding sendKeysToElement on session ff74fcc753f8850d27c07d497adfb162 to remote] DEBUG org.apache.http.headers - http-outgoing-23 >> POST /session/ff74fcc753f8850d27c07d497adfb162/element/5e33adab-6206-435b-9989-2f2a8982fafa/value HTTP/1.1
12:53:09.654 [Forwarding sendKeysToElement on session ff74fcc753f8850d27c07d497adfb162 to remote] DEBUG org.apache.http.headers - http-outgoing-23 >> Content-Type: application/json; charset=utf-8
12:53:09.654 [Forwarding sendKeysToElement on session ff74fcc753f8850d27c07d497adfb162 to remote] DEBUG org.apache.http.headers - http-outgoing-23 >> Content-Length: 90
12:53:09.654 [Forwarding sendKeysToElement on session ff74fcc753f8850d27c07d497adfb162 to remote] DEBUG org.apache.http.headers - http-outgoing-23 >> Host: localhost:36671
12:53:09.654 [Forwarding sendKeysToElement on session ff74fcc753f8850d27c07d497adfb162 to remote] DEBUG org.apache.http.headers - http-outgoing-23 >> Connection: Keep-Alive
12:53:09.654 [Forwarding sendKeysToElement on session ff74fcc753f8850d27c07d497adfb162 to remote] DEBUG org.apache.http.headers - http-outgoing-23 >> User-Agent: Apache-HttpClient/4.5.3 (Java/1.8.0_211)
12:53:09.654 [Forwarding sendKeysToElement on session ff74fcc753f8850d27c07d497adfb162 to remote] DEBUG org.apache.http.headers - http-outgoing-23 >> Accept-Encoding: gzip,deflate
12:53:09.654 [Forwarding sendKeysToElement on session ff74fcc753f8850d27c07d497adfb162 to remote] DEBUG org.apache.http.wire - http-outgoing-23 >> "POST /session/ff74fcc753f8850d27c07d497adfb162/element/5e33adab-6206-435b-9989-2f2a8982fafa/value HTTP/1.1[\r][\n]"
12:53:09.654 [Forwarding sendKeysToElement on session ff74fcc753f8850d27c07d497adfb162 to remote] DEBUG org.apache.http.wire - http-outgoing-23 >> "Content-Type: application/json; charset=utf-8[\r][\n]"
12:53:09.654 [Forwarding sendKeysToElement on session ff74fcc753f8850d27c07d497adfb162 to remote] DEBUG org.apache.http.wire - http-outgoing-23 >> "Content-Length: 90[\r][\n]"
12:53:09.654 [Forwarding sendKeysToElement on session ff74fcc753f8850d27c07d497adfb162 to remote] DEBUG org.apache.http.wire - http-outgoing-23 >> "Host: localhost:36671[\r][\n]"
12:53:09.654 [Forwarding sendKeysToElement on session ff74fcc753f8850d27c07d497adfb162 to remote] DEBUG org.apache.http.wire - http-outgoing-23 >> "Connection: Keep-Alive[\r][\n]"
12:53:09.654 [Forwarding sendKeysToElement on session ff74fcc753f8850d27c07d497adfb162 to remote] DEBUG org.apache.http.wire - http-outgoing-23 >> "User-Agent: Apache-HttpClient/4.5.3 (Java/1.8.0_211)[\r][\n]"
12:53:09.654 [Forwarding sendKeysToElement on session ff74fcc753f8850d27c07d497adfb162 to remote] DEBUG org.apache.http.wire - http-outgoing-23 >> "Accept-Encoding: gzip,deflate[\r][\n]"
12:53:09.654 [Forwarding sendKeysToElement on session ff74fcc753f8850d27c07d497adfb162 to remote] DEBUG org.apache.http.wire - http-outgoing-23 >> "[\r][\n]"
12:53:09.654 [Forwarding sendKeysToElement on session ff74fcc753f8850d27c07d497adfb162 to remote] DEBUG org.apache.http.wire - http-outgoing-23 >> "{"id":"5e33adab-6206-435b-9989-2f2a8982fafa","text":"0.001","value":["0",".","0","0","1"]}"
12:53:09.725 [Forwarding sendKeysToElement on session ff74fcc753f8850d27c07d497adfb162 to remote] DEBUG org.apache.http.wire - http-outgoing-23 << "HTTP/1.1 200 OK[\r][\n]"
12:53:09.725 [Forwarding sendKeysToElement on session ff74fcc753f8850d27c07d497adfb162 to remote] DEBUG org.apache.http.wire - http-outgoing-23 << "Content-Length:14[\r][\n]"
12:53:09.725 [Forwarding sendKeysToElement on session ff74fcc753f8850d27c07d497adfb162 to remote] DEBUG org.apache.http.wire - http-outgoing-23 << "Content-Type:application/json; charset=utf-8[\r][\n]"
12:53:09.725 [Forwarding sendKeysToElement on session ff74fcc753f8850d27c07d497adfb162 to remote] DEBUG org.apache.http.wire - http-outgoing-23 << "cache-control:no-cache[\r][\n]"
12:53:09.725 [Forwarding sendKeysToElement on session ff74fcc753f8850d27c07d497adfb162 to remote] DEBUG org.apache.http.wire - http-outgoing-23 << "[\r][\n]"
12:53:09.725 [Forwarding sendKeysToElement on session ff74fcc753f8850d27c07d497adfb162 to remote] DEBUG org.apache.http.wire - http-outgoing-23 << "{"value":null}"
12:53:09.725 [Forwarding sendKeysToElement on session ff74fcc753f8850d27c07d497adfb162 to remote] DEBUG org.apache.http.headers - http-outgoing-23 << HTTP/1.1 200 OK
12:53:09.725 [Forwarding sendKeysToElement on session ff74fcc753f8850d27c07d497adfb162 to remote] DEBUG org.apache.http.headers - http-outgoing-23 << Content-Length:14
12:53:09.725 [Forwarding sendKeysToElement on session ff74fcc753f8850d27c07d497adfb162 to remote] DEBUG org.apache.http.headers - http-outgoing-23 << Content-Type:application/json; charset=utf-8
12:53:09.725 [Forwarding sendKeysToElement on session ff74fcc753f8850d27c07d497adfb162 to remote] DEBUG org.apache.http.headers - http-outgoing-23 << cache-control:no-cache
12:53:09.725 [Forwarding sendKeysToElement on session ff74fcc753f8850d27c07d497adfb162 to remote] DEBUG org.apache.http.impl.execchain.MainClientExec - Connection can be kept alive indefinitely
12:53:09.725 [Forwarding sendKeysToElement on session ff74fcc753f8850d27c07d497adfb162 to remote] DEBUG org.apache.http.impl.conn.PoolingHttpClientConnectionManager - Connection [id: 23][route: {}->http://localhost:36671] can be kept alive indefinitely
12:53:09.725 [Forwarding sendKeysToElement on session ff74fcc753f8850d27c07d497adfb162 to remote] DEBUG org.apache.http.impl.conn.PoolingHttpClientConnectionManager - Connection released: [id: 23][route: {}->http://localhost:36671][total kept alive: 6; route allocated: 1 of 2000; total allocated: 6 of 2000]
12:53:09.926 [Forwarding findElement on session ff74fcc753f8850d27c07d497adfb162 to remote] DEBUG org.apache.http.client.protocol.RequestAddCookies - CookieSpec selected: default
12:53:09.926 [Forwarding findElement on session ff74fcc753f8850d27c07d497adfb162 to remote] DEBUG org.apache.http.client.protocol.RequestAuthCache - Auth cache not set in the context
12:53:09.926 [Forwarding findElement on session ff74fcc753f8850d27c07d497adfb162 to remote] DEBUG org.apache.http.impl.conn.PoolingHttpClientConnectionManager - Connection request: [route: {}->http://localhost:36671][total kept alive: 6; route allocated: 1 of 2000; total allocated: 6 of 2000]
12:53:09.926 [Forwarding findElement on session ff74fcc753f8850d27c07d497adfb162 to remote] DEBUG org.apache.http.impl.conn.PoolingHttpClientConnectionManager - Connection leased: [id: 23][route: {}->http://localhost:36671][total kept alive: 5; route allocated: 1 of 2000; total allocated: 6 of 2000]
12:53:09.926 [Forwarding findElement on session ff74fcc753f8850d27c07d497adfb162 to remote] DEBUG org.apache.http.impl.execchain.MainClientExec - Stale connection check
12:53:09.927 [Forwarding findElement on session ff74fcc753f8850d27c07d497adfb162 to remote] DEBUG org.apache.http.wire - http-outgoing-23 << "[read] I/O error: Read timed out"
12:53:09.927 [Forwarding findElement on session ff74fcc753f8850d27c07d497adfb162 to remote] DEBUG org.apache.http.impl.conn.DefaultManagedHttpClientConnection - http-outgoing-23: set socket timeout to 10800000
12:53:09.927 [Forwarding findElement on session ff74fcc753f8850d27c07d497adfb162 to remote] DEBUG org.apache.http.impl.execchain.MainClientExec - Executing request POST /session/ff74fcc753f8850d27c07d497adfb162/element HTTP/1.1
12:53:09.927 [Forwarding findElement on session ff74fcc753f8850d27c07d497adfb162 to remote] DEBUG org.apache.http.impl.execchain.MainClientExec - Target auth state: UNCHALLENGED
12:53:09.927 [Forwarding findElement on session ff74fcc753f8850d27c07d497adfb162 to remote] DEBUG org.apache.http.impl.execchain.MainClientExec - Proxy auth state: UNCHALLENGED
12:53:09.927 [Forwarding findElement on session ff74fcc753f8850d27c07d497adfb162 to remote] DEBUG org.apache.http.headers - http-outgoing-23 >> POST /session/ff74fcc753f8850d27c07d497adfb162/element HTTP/1.1
12:53:09.927 [Forwarding findElement on session ff74fcc753f8850d27c07d497adfb162 to remote] DEBUG org.apache.http.headers - http-outgoing-23 >> Content-Type: application/json; charset=utf-8
12:53:09.927 [Forwarding findElement on session ff74fcc753f8850d27c07d497adfb162 to remote] DEBUG org.apache.http.headers - http-outgoing-23 >> Content-Length: 41
12:53:09.927 [Forwarding findElement on session ff74fcc753f8850d27c07d497adfb162 to remote] DEBUG org.apache.http.headers - http-outgoing-23 >> Host: localhost:36671
12:53:09.927 [Forwarding findElement on session ff74fcc753f8850d27c07d497adfb162 to remote] DEBUG org.apache.http.headers - http-outgoing-23 >> Connection: Keep-Alive
12:53:09.927 [Forwarding findElement on session ff74fcc753f8850d27c07d497adfb162 to remote] DEBUG org.apache.http.headers - http-outgoing-23 >> User-Agent: Apache-HttpClient/4.5.3 (Java/1.8.0_211)
12:53:09.927 [Forwarding findElement on session ff74fcc753f8850d27c07d497adfb162 to remote] DEBUG org.apache.http.headers - http-outgoing-23 >> Accept-Encoding: gzip,deflate
12:53:09.927 [Forwarding findElement on session ff74fcc753f8850d27c07d497adfb162 to remote] DEBUG org.apache.http.wire - http-outgoing-23 >> "POST /session/ff74fcc753f8850d27c07d497adfb162/element HTTP/1.1[\r][\n]"
12:53:09.927 [Forwarding findElement on session ff74fcc753f8850d27c07d497adfb162 to remote] DEBUG org.apache.http.wire - http-outgoing-23 >> "Content-Type: application/json; charset=utf-8[\r][\n]"
12:53:09.927 [Forwarding findElement on session ff74fcc753f8850d27c07d497adfb162 to remote] DEBUG org.apache.http.wire - http-outgoing-23 >> "Content-Length: 41[\r][\n]"
12:53:09.927 [Forwarding findElement on session ff74fcc753f8850d27c07d497adfb162 to remote] DEBUG org.apache.http.wire - http-outgoing-23 >> "Host: localhost:36671[\r][\n]"
12:53:09.927 [Forwarding findElement on session ff74fcc753f8850d27c07d497adfb162 to remote] DEBUG org.apache.http.wire - http-outgoing-23 >> "Connection: Keep-Alive[\r][\n]"
12:53:09.927 [Forwarding findElement on session ff74fcc753f8850d27c07d497adfb162 to remote] DEBUG org.apache.http.wire - http-outgoing-23 >> "User-Agent: Apache-HttpClient/4.5.3 (Java/1.8.0_211)[\r][\n]"
12:53:09.927 [Forwarding findElement on session ff74fcc753f8850d27c07d497adfb162 to remote] DEBUG org.apache.http.wire - http-outgoing-23 >> "Accept-Encoding: gzip,deflate[\r][\n]"
12:53:09.927 [Forwarding findElement on session ff74fcc753f8850d27c07d497adfb162 to remote] DEBUG org.apache.http.wire - http-outgoing-23 >> "[\r][\n]"
12:53:09.927 [Forwarding findElement on session ff74fcc753f8850d27c07d497adfb162 to remote] DEBUG org.apache.http.wire - http-outgoing-23 >> "{"value":"//form/button","using":"xpath"}"
12:53:09.933 [Forwarding findElement on session ff74fcc753f8850d27c07d497adfb162 to remote] DEBUG org.apache.http.wire - http-outgoing-23 << "HTTP/1.1 200 OK[\r][\n]"
12:53:09.933 [Forwarding findElement on session ff74fcc753f8850d27c07d497adfb162 to remote] DEBUG org.apache.http.wire - http-outgoing-23 << "Content-Length:88[\r][\n]"
12:53:09.933 [Forwarding findElement on session ff74fcc753f8850d27c07d497adfb162 to remote] DEBUG org.apache.http.wire - http-outgoing-23 << "Content-Type:application/json; charset=utf-8[\r][\n]"
12:53:09.933 [Forwarding findElement on session ff74fcc753f8850d27c07d497adfb162 to remote] DEBUG org.apache.http.wire - http-outgoing-23 << "cache-control:no-cache[\r][\n]"
12:53:09.933 [Forwarding findElement on session ff74fcc753f8850d27c07d497adfb162 to remote] DEBUG org.apache.http.wire - http-outgoing-23 << "[\r][\n]"
12:53:09.933 [Forwarding findElement on session ff74fcc753f8850d27c07d497adfb162 to remote] DEBUG org.apache.http.wire - http-outgoing-23 << "{"value":{"element-6066-11e4-a52e-4f735466cecf":"f0cfe9ed-3fe8-4428-8f08-998d46e27de6"}}"
12:53:09.933 [Forwarding findElement on session ff74fcc753f8850d27c07d497adfb162 to remote] DEBUG org.apache.http.headers - http-outgoing-23 << HTTP/1.1 200 OK
12:53:09.933 [Forwarding findElement on session ff74fcc753f8850d27c07d497adfb162 to remote] DEBUG org.apache.http.headers - http-outgoing-23 << Content-Length:88
12:53:09.933 [Forwarding findElement on session ff74fcc753f8850d27c07d497adfb162 to remote] DEBUG org.apache.http.headers - http-outgoing-23 << Content-Type:application/json; charset=utf-8
12:53:09.933 [Forwarding findElement on session ff74fcc753f8850d27c07d497adfb162 to remote] DEBUG org.apache.http.headers - http-outgoing-23 << cache-control:no-cache
12:53:09.933 [Forwarding findElement on session ff74fcc753f8850d27c07d497adfb162 to remote] DEBUG org.apache.http.impl.execchain.MainClientExec - Connection can be kept alive indefinitely
12:53:09.933 [Forwarding findElement on session ff74fcc753f8850d27c07d497adfb162 to remote] DEBUG org.apache.http.impl.conn.PoolingHttpClientConnectionManager - Connection [id: 23][route: {}->http://localhost:36671] can be kept alive indefinitely
12:53:09.933 [Forwarding findElement on session ff74fcc753f8850d27c07d497adfb162 to remote] DEBUG org.apache.http.impl.conn.PoolingHttpClientConnectionManager - Connection released: [id: 23][route: {}->http://localhost:36671][total kept alive: 6; route allocated: 1 of 2000; total allocated: 6 of 2000]
12:53:09.934 [Forwarding clickElement on session ff74fcc753f8850d27c07d497adfb162 to remote] DEBUG org.apache.http.client.protocol.RequestAddCookies - CookieSpec selected: default
12:53:09.934 [Forwarding clickElement on session ff74fcc753f8850d27c07d497adfb162 to remote] DEBUG org.apache.http.client.protocol.RequestAuthCache - Auth cache not set in the context
12:53:09.934 [Forwarding clickElement on session ff74fcc753f8850d27c07d497adfb162 to remote] DEBUG org.apache.http.impl.conn.PoolingHttpClientConnectionManager - Connection request: [route: {}->http://localhost:36671][total kept alive: 6; route allocated: 1 of 2000; total allocated: 6 of 2000]
12:53:09.934 [Forwarding clickElement on session ff74fcc753f8850d27c07d497adfb162 to remote] DEBUG org.apache.http.impl.conn.PoolingHttpClientConnectionManager - Connection leased: [id: 23][route: {}->http://localhost:36671][total kept alive: 5; route allocated: 1 of 2000; total allocated: 6 of 2000]
12:53:09.934 [Forwarding clickElement on session ff74fcc753f8850d27c07d497adfb162 to remote] DEBUG org.apache.http.impl.execchain.MainClientExec - Stale connection check
12:53:09.935 [Forwarding clickElement on session ff74fcc753f8850d27c07d497adfb162 to remote] DEBUG org.apache.http.wire - http-outgoing-23 << "[read] I/O error: Read timed out"
12:53:09.935 [Forwarding clickElement on session ff74fcc753f8850d27c07d497adfb162 to remote] DEBUG org.apache.http.impl.conn.DefaultManagedHttpClientConnection - http-outgoing-23: set socket timeout to 10800000
12:53:09.935 [Forwarding clickElement on session ff74fcc753f8850d27c07d497adfb162 to remote] DEBUG org.apache.http.impl.execchain.MainClientExec - Executing request POST /session/ff74fcc753f8850d27c07d497adfb162/element/f0cfe9ed-3fe8-4428-8f08-998d46e27de6/click HTTP/1.1
12:53:09.935 [Forwarding clickElement on session ff74fcc753f8850d27c07d497adfb162 to remote] DEBUG org.apache.http.impl.execchain.MainClientExec - Target auth state: UNCHALLENGED
12:53:09.935 [Forwarding clickElement on session ff74fcc753f8850d27c07d497adfb162 to remote] DEBUG org.apache.http.impl.execchain.MainClientExec - Proxy auth state: UNCHALLENGED
12:53:09.935 [Forwarding clickElement on session ff74fcc753f8850d27c07d497adfb162 to remote] DEBUG org.apache.http.headers - http-outgoing-23 >> POST /session/ff74fcc753f8850d27c07d497adfb162/element/f0cfe9ed-3fe8-4428-8f08-998d46e27de6/click HTTP/1.1
12:53:09.935 [Forwarding clickElement on session ff74fcc753f8850d27c07d497adfb162 to remote] DEBUG org.apache.http.headers - http-outgoing-23 >> Content-Type: application/json; charset=utf-8
12:53:09.935 [Forwarding clickElement on session ff74fcc753f8850d27c07d497adfb162 to remote] DEBUG org.apache.http.headers - http-outgoing-23 >> Content-Length: 45
12:53:09.935 [Forwarding clickElement on session ff74fcc753f8850d27c07d497adfb162 to remote] DEBUG org.apache.http.headers - http-outgoing-23 >> Host: localhost:36671
12:53:09.935 [Forwarding clickElement on session ff74fcc753f8850d27c07d497adfb162 to remote] DEBUG org.apache.http.headers - http-outgoing-23 >> Connection: Keep-Alive
12:53:09.935 [Forwarding clickElement on session ff74fcc753f8850d27c07d497adfb162 to remote] DEBUG org.apache.http.headers - http-outgoing-23 >> User-Agent: Apache-HttpClient/4.5.3 (Java/1.8.0_211)
12:53:09.935 [Forwarding clickElement on session ff74fcc753f8850d27c07d497adfb162 to remote] DEBUG org.apache.http.headers - http-outgoing-23 >> Accept-Encoding: gzip,deflate
12:53:09.935 [Forwarding clickElement on session ff74fcc753f8850d27c07d497adfb162 to remote] DEBUG org.apache.http.wire - http-outgoing-23 >> "POST /session/ff74fcc753f8850d27c07d497adfb162/element/f0cfe9ed-3fe8-4428-8f08-998d46e27de6/click HTTP/1.1[\r][\n]"
12:53:09.935 [Forwarding clickElement on session ff74fcc753f8850d27c07d497adfb162 to remote] DEBUG org.apache.http.wire - http-outgoing-23 >> "Content-Type: application/json; charset=utf-8[\r][\n]"
12:53:09.935 [Forwarding clickElement on session ff74fcc753f8850d27c07d497adfb162 to remote] DEBUG org.apache.http.wire - http-outgoing-23 >> "Content-Length: 45[\r][\n]"
12:53:09.935 [Forwarding clickElement on session ff74fcc753f8850d27c07d497adfb162 to remote] DEBUG org.apache.http.wire - http-outgoing-23 >> "Host: localhost:36671[\r][\n]"
12:53:09.935 [Forwarding clickElement on session ff74fcc753f8850d27c07d497adfb162 to remote] DEBUG org.apache.http.wire - http-outgoing-23 >> "Connection: Keep-Alive[\r][\n]"
12:53:09.935 [Forwarding clickElement on session ff74fcc753f8850d27c07d497adfb162 to remote] DEBUG org.apache.http.wire - http-outgoing-23 >> "User-Agent: Apache-HttpClient/4.5.3 (Java/1.8.0_211)[\r][\n]"
12:53:09.935 [Forwarding clickElement on session ff74fcc753f8850d27c07d497adfb162 to remote] DEBUG org.apache.http.wire - http-outgoing-23 >> "Accept-Encoding: gzip,deflate[\r][\n]"
12:53:09.935 [Forwarding clickElement on session ff74fcc753f8850d27c07d497adfb162 to remote] DEBUG org.apache.http.wire - http-outgoing-23 >> "[\r][\n]"
12:53:09.935 [Forwarding clickElement on session ff74fcc753f8850d27c07d497adfb162 to remote] DEBUG org.apache.http.wire - http-outgoing-23 >> "{"id":"f0cfe9ed-3fe8-4428-8f08-998d46e27de6"}"
12:53:10.029 [Forwarding clickElement on session ff74fcc753f8850d27c07d497adfb162 to remote] DEBUG org.apache.http.wire - http-outgoing-23 << "HTTP/1.1 200 OK[\r][\n]"
12:53:10.029 [Forwarding clickElement on session ff74fcc753f8850d27c07d497adfb162 to remote] DEBUG org.apache.http.wire - http-outgoing-23 << "Content-Length:14[\r][\n]"
12:53:10.029 [Forwarding clickElement on session ff74fcc753f8850d27c07d497adfb162 to remote] DEBUG org.apache.http.wire - http-outgoing-23 << "Content-Type:application/json; charset=utf-8[\r][\n]"
12:53:10.029 [Forwarding clickElement on session ff74fcc753f8850d27c07d497adfb162 to remote] DEBUG org.apache.http.wire - http-outgoing-23 << "cache-control:no-cache[\r][\n]"
12:53:10.029 [Forwarding clickElement on session ff74fcc753f8850d27c07d497adfb162 to remote] DEBUG org.apache.http.wire - http-outgoing-23 << "[\r][\n]"
12:53:10.029 [Forwarding clickElement on session ff74fcc753f8850d27c07d497adfb162 to remote] DEBUG org.apache.http.wire - http-outgoing-23 << "{"value":null}"
12:53:10.029 [Forwarding clickElement on session ff74fcc753f8850d27c07d497adfb162 to remote] DEBUG org.apache.http.headers - http-outgoing-23 << HTTP/1.1 200 OK
12:53:10.029 [Forwarding clickElement on session ff74fcc753f8850d27c07d497adfb162 to remote] DEBUG org.apache.http.headers - http-outgoing-23 << Content-Length:14
12:53:10.029 [Forwarding clickElement on session ff74fcc753f8850d27c07d497adfb162 to remote] DEBUG org.apache.http.headers - http-outgoing-23 << Content-Type:application/json; charset=utf-8
12:53:10.029 [Forwarding clickElement on session ff74fcc753f8850d27c07d497adfb162 to remote] DEBUG org.apache.http.headers - http-outgoing-23 << cache-control:no-cache
12:53:10.029 [Forwarding clickElement on session ff74fcc753f8850d27c07d497adfb162 to remote] DEBUG org.apache.http.impl.execchain.MainClientExec - Connection can be kept alive indefinitely
12:53:10.029 [Forwarding clickElement on session ff74fcc753f8850d27c07d497adfb162 to remote] DEBUG org.apache.http.impl.conn.PoolingHttpClientConnectionManager - Connection [id: 23][route: {}->http://localhost:36671] can be kept alive indefinitely
12:53:10.029 [Forwarding clickElement on session ff74fcc753f8850d27c07d497adfb162 to remote] DEBUG org.apache.http.impl.conn.PoolingHttpClientConnectionManager - Connection released: [id: 23][route: {}->http://localhost:36671][total kept alive: 6; route allocated: 1 of 2000; total allocated: 6 of 2000]
12:53:10.334 [Forwarding findElement on session ff74fcc753f8850d27c07d497adfb162 to remote] DEBUG org.apache.http.client.protocol.RequestAddCookies - CookieSpec selected: default
12:53:10.334 [Forwarding findElement on session ff74fcc753f8850d27c07d497adfb162 to remote] DEBUG org.apache.http.client.protocol.RequestAuthCache - Auth cache not set in the context
12:53:10.334 [Forwarding findElement on session ff74fcc753f8850d27c07d497adfb162 to remote] DEBUG org.apache.http.impl.conn.PoolingHttpClientConnectionManager - Connection request: [route: {}->http://localhost:36671][total kept alive: 6; route allocated: 1 of 2000; total allocated: 6 of 2000]
12:53:10.334 [Forwarding findElement on session ff74fcc753f8850d27c07d497adfb162 to remote] DEBUG org.apache.http.impl.conn.PoolingHttpClientConnectionManager - Connection leased: [id: 23][route: {}->http://localhost:36671][total kept alive: 5; route allocated: 1 of 2000; total allocated: 6 of 2000]
12:53:10.334 [Forwarding findElement on session ff74fcc753f8850d27c07d497adfb162 to remote] DEBUG org.apache.http.impl.execchain.MainClientExec - Stale connection check
12:53:10.335 [Forwarding findElement on session ff74fcc753f8850d27c07d497adfb162 to remote] DEBUG org.apache.http.wire - http-outgoing-23 << "[read] I/O error: Read timed out"
12:53:10.335 [Forwarding findElement on session ff74fcc753f8850d27c07d497adfb162 to remote] DEBUG org.apache.http.impl.conn.DefaultManagedHttpClientConnection - http-outgoing-23: set socket timeout to 10800000
12:53:10.335 [Forwarding findElement on session ff74fcc753f8850d27c07d497adfb162 to remote] DEBUG org.apache.http.impl.execchain.MainClientExec - Executing request POST /session/ff74fcc753f8850d27c07d497adfb162/element HTTP/1.1
12:53:10.335 [Forwarding findElement on session ff74fcc753f8850d27c07d497adfb162 to remote] DEBUG org.apache.http.impl.execchain.MainClientExec - Target auth state: UNCHALLENGED
12:53:10.335 [Forwarding findElement on session ff74fcc753f8850d27c07d497adfb162 to remote] DEBUG org.apache.http.impl.execchain.MainClientExec - Proxy auth state: UNCHALLENGED
12:53:10.335 [Forwarding findElement on session ff74fcc753f8850d27c07d497adfb162 to remote] DEBUG org.apache.http.headers - http-outgoing-23 >> POST /session/ff74fcc753f8850d27c07d497adfb162/element HTTP/1.1
12:53:10.335 [Forwarding findElement on session ff74fcc753f8850d27c07d497adfb162 to remote] DEBUG org.apache.http.headers - http-outgoing-23 >> Content-Type: application/json; charset=utf-8
12:53:10.335 [Forwarding findElement on session ff74fcc753f8850d27c07d497adfb162 to remote] DEBUG org.apache.http.headers - http-outgoing-23 >> Content-Length: 59
12:53:10.335 [Forwarding findElement on session ff74fcc753f8850d27c07d497adfb162 to remote] DEBUG org.apache.http.headers - http-outgoing-23 >> Host: localhost:36671
12:53:10.335 [Forwarding findElement on session ff74fcc753f8850d27c07d497adfb162 to remote] DEBUG org.apache.http.headers - http-outgoing-23 >> Connection: Keep-Alive
12:53:10.335 [Forwarding findElement on session ff74fcc753f8850d27c07d497adfb162 to remote] DEBUG org.apache.http.headers - http-outgoing-23 >> User-Agent: Apache-HttpClient/4.5.3 (Java/1.8.0_211)
12:53:10.335 [Forwarding findElement on session ff74fcc753f8850d27c07d497adfb162 to remote] DEBUG org.apache.http.headers - http-outgoing-23 >> Accept-Encoding: gzip,deflate
12:53:10.335 [Forwarding findElement on session ff74fcc753f8850d27c07d497adfb162 to remote] DEBUG org.apache.http.wire - http-outgoing-23 >> "POST /session/ff74fcc753f8850d27c07d497adfb162/element HTTP/1.1[\r][\n]"
12:53:10.335 [Forwarding findElement on session ff74fcc753f8850d27c07d497adfb162 to remote] DEBUG org.apache.http.wire - http-outgoing-23 >> "Content-Type: application/json; charset=utf-8[\r][\n]"
12:53:10.335 [Forwarding findElement on session ff74fcc753f8850d27c07d497adfb162 to remote] DEBUG org.apache.http.wire - http-outgoing-23 >> "Content-Length: 59[\r][\n]"
12:53:10.335 [Forwarding findElement on session ff74fcc753f8850d27c07d497adfb162 to remote] DEBUG org.apache.http.wire - http-outgoing-23 >> "Host: localhost:36671[\r][\n]"
12:53:10.335 [Forwarding findElement on session ff74fcc753f8850d27c07d497adfb162 to remote] DEBUG org.apache.http.wire - http-outgoing-23 >> "Connection: Keep-Alive[\r][\n]"
12:53:10.335 [Forwarding findElement on session ff74fcc753f8850d27c07d497adfb162 to remote] DEBUG org.apache.http.wire - http-outgoing-23 >> "User-Agent: Apache-HttpClient/4.5.3 (Java/1.8.0_211)[\r][\n]"
12:53:10.335 [Forwarding findElement on session ff74fcc753f8850d27c07d497adfb162 to remote] DEBUG org.apache.http.wire - http-outgoing-23 >> "Accept-Encoding: gzip,deflate[\r][\n]"
12:53:10.335 [Forwarding findElement on session ff74fcc753f8850d27c07d497adfb162 to remote] DEBUG org.apache.http.wire - http-outgoing-23 >> "[\r][\n]"
12:53:10.335 [Forwarding findElement on session ff74fcc753f8850d27c07d497adfb162 to remote] DEBUG org.apache.http.wire - http-outgoing-23 >> "{"value":".sweet-alert > h2 > span","using":"css selector"}"
12:53:10.344 [Forwarding findElement on session ff74fcc753f8850d27c07d497adfb162 to remote] DEBUG org.apache.http.wire - http-outgoing-23 << "HTTP/1.1 200 OK[\r][\n]"
12:53:10.344 [Forwarding findElement on session ff74fcc753f8850d27c07d497adfb162 to remote] DEBUG org.apache.http.wire - http-outgoing-23 << "Content-Length:88[\r][\n]"
12:53:10.344 [Forwarding findElement on session ff74fcc753f8850d27c07d497adfb162 to remote] DEBUG org.apache.http.wire - http-outgoing-23 << "Content-Type:application/json; charset=utf-8[\r][\n]"
12:53:10.344 [Forwarding findElement on session ff74fcc753f8850d27c07d497adfb162 to remote] DEBUG org.apache.http.wire - http-outgoing-23 << "cache-control:no-cache[\r][\n]"
12:53:10.344 [Forwarding findElement on session ff74fcc753f8850d27c07d497adfb162 to remote] DEBUG org.apache.http.wire - http-outgoing-23 << "[\r][\n]"
12:53:10.344 [Forwarding findElement on session ff74fcc753f8850d27c07d497adfb162 to remote] DEBUG org.apache.http.wire - http-outgoing-23 << "{"value":{"element-6066-11e4-a52e-4f735466cecf":"9c702c7a-68f8-44cb-87cd-331af0208e3c"}}"
12:53:10.344 [Forwarding findElement on session ff74fcc753f8850d27c07d497adfb162 to remote] DEBUG org.apache.http.headers - http-outgoing-23 << HTTP/1.1 200 OK
12:53:10.344 [Forwarding findElement on session ff74fcc753f8850d27c07d497adfb162 to remote] DEBUG org.apache.http.headers - http-outgoing-23 << Content-Length:88
12:53:10.344 [Forwarding findElement on session ff74fcc753f8850d27c07d497adfb162 to remote] DEBUG org.apache.http.headers - http-outgoing-23 << Content-Type:application/json; charset=utf-8
12:53:10.344 [Forwarding findElement on session ff74fcc753f8850d27c07d497adfb162 to remote] DEBUG org.apache.http.headers - http-outgoing-23 << cache-control:no-cache
12:53:10.344 [Forwarding findElement on session ff74fcc753f8850d27c07d497adfb162 to remote] DEBUG org.apache.http.impl.execchain.MainClientExec - Connection can be kept alive indefinitely
12:53:10.344 [Forwarding findElement on session ff74fcc753f8850d27c07d497adfb162 to remote] DEBUG org.apache.http.impl.conn.PoolingHttpClientConnectionManager - Connection [id: 23][route: {}->http://localhost:36671] can be kept alive indefinitely
12:53:10.344 [Forwarding findElement on session ff74fcc753f8850d27c07d497adfb162 to remote] DEBUG org.apache.http.impl.conn.PoolingHttpClientConnectionManager - Connection released: [id: 23][route: {}->http://localhost:36671][total kept alive: 6; route allocated: 1 of 2000; total allocated: 6 of 2000]
12:53:10.344 [Forwarding getElementText on session ff74fcc753f8850d27c07d497adfb162 to remote] DEBUG org.apache.http.client.protocol.RequestAddCookies - CookieSpec selected: default
12:53:10.344 [Forwarding getElementText on session ff74fcc753f8850d27c07d497adfb162 to remote] DEBUG org.apache.http.client.protocol.RequestAuthCache - Auth cache not set in the context
12:53:10.344 [Forwarding getElementText on session ff74fcc753f8850d27c07d497adfb162 to remote] DEBUG org.apache.http.impl.conn.PoolingHttpClientConnectionManager - Connection request: [route: {}->http://localhost:36671][total kept alive: 6; route allocated: 1 of 2000; total allocated: 6 of 2000]
12:53:10.344 [Forwarding getElementText on session ff74fcc753f8850d27c07d497adfb162 to remote] DEBUG org.apache.http.impl.conn.PoolingHttpClientConnectionManager - Connection leased: [id: 23][route: {}->http://localhost:36671][total kept alive: 5; route allocated: 1 of 2000; total allocated: 6 of 2000]
12:53:10.344 [Forwarding getElementText on session ff74fcc753f8850d27c07d497adfb162 to remote] DEBUG org.apache.http.impl.execchain.MainClientExec - Stale connection check
12:53:10.346 [Forwarding getElementText on session ff74fcc753f8850d27c07d497adfb162 to remote] DEBUG org.apache.http.wire - http-outgoing-23 << "[read] I/O error: Read timed out"
12:53:10.346 [Forwarding getElementText on session ff74fcc753f8850d27c07d497adfb162 to remote] DEBUG org.apache.http.impl.conn.DefaultManagedHttpClientConnection - http-outgoing-23: set socket timeout to 10800000
12:53:10.346 [Forwarding getElementText on session ff74fcc753f8850d27c07d497adfb162 to remote] DEBUG org.apache.http.impl.execchain.MainClientExec - Executing request GET /session/ff74fcc753f8850d27c07d497adfb162/element/9c702c7a-68f8-44cb-87cd-331af0208e3c/text HTTP/1.1
12:53:10.346 [Forwarding getElementText on session ff74fcc753f8850d27c07d497adfb162 to remote] DEBUG org.apache.http.impl.execchain.MainClientExec - Target auth state: UNCHALLENGED
12:53:10.346 [Forwarding getElementText on session ff74fcc753f8850d27c07d497adfb162 to remote] DEBUG org.apache.http.impl.execchain.MainClientExec - Proxy auth state: UNCHALLENGED
12:53:10.346 [Forwarding getElementText on session ff74fcc753f8850d27c07d497adfb162 to remote] DEBUG org.apache.http.headers - http-outgoing-23 >> GET /session/ff74fcc753f8850d27c07d497adfb162/element/9c702c7a-68f8-44cb-87cd-331af0208e3c/text HTTP/1.1
12:53:10.346 [Forwarding getElementText on session ff74fcc753f8850d27c07d497adfb162 to remote] DEBUG org.apache.http.headers - http-outgoing-23 >> Cache-Control: no-cache
12:53:10.346 [Forwarding getElementText on session ff74fcc753f8850d27c07d497adfb162 to remote] DEBUG org.apache.http.headers - http-outgoing-23 >> Host: localhost:36671
12:53:10.346 [Forwarding getElementText on session ff74fcc753f8850d27c07d497adfb162 to remote] DEBUG org.apache.http.headers - http-outgoing-23 >> Connection: Keep-Alive
12:53:10.346 [Forwarding getElementText on session ff74fcc753f8850d27c07d497adfb162 to remote] DEBUG org.apache.http.headers - http-outgoing-23 >> User-Agent: Apache-HttpClient/4.5.3 (Java/1.8.0_211)
12:53:10.346 [Forwarding getElementText on session ff74fcc753f8850d27c07d497adfb162 to remote] DEBUG org.apache.http.headers - http-outgoing-23 >> Accept-Encoding: gzip,deflate
12:53:10.346 [Forwarding getElementText on session ff74fcc753f8850d27c07d497adfb162 to remote] DEBUG org.apache.http.wire - http-outgoing-23 >> "GET /session/ff74fcc753f8850d27c07d497adfb162/element/9c702c7a-68f8-44cb-87cd-331af0208e3c/text HTTP/1.1[\r][\n]"
12:53:10.346 [Forwarding getElementText on session ff74fcc753f8850d27c07d497adfb162 to remote] DEBUG org.apache.http.wire - http-outgoing-23 >> "Cache-Control: no-cache[\r][\n]"
12:53:10.346 [Forwarding getElementText on session ff74fcc753f8850d27c07d497adfb162 to remote] DEBUG org.apache.http.wire - http-outgoing-23 >> "Host: localhost:36671[\r][\n]"
12:53:10.346 [Forwarding getElementText on session ff74fcc753f8850d27c07d497adfb162 to remote] DEBUG org.apache.http.wire - http-outgoing-23 >> "Connection: Keep-Alive[\r][\n]"
12:53:10.346 [Forwarding getElementText on session ff74fcc753f8850d27c07d497adfb162 to remote] DEBUG org.apache.http.wire - http-outgoing-23 >> "User-Agent: Apache-HttpClient/4.5.3 (Java/1.8.0_211)[\r][\n]"
12:53:10.346 [Forwarding getElementText on session ff74fcc753f8850d27c07d497adfb162 to remote] DEBUG org.apache.http.wire - http-outgoing-23 >> "Accept-Encoding: gzip,deflate[\r][\n]"
12:53:10.346 [Forwarding getElementText on session ff74fcc753f8850d27c07d497adfb162 to remote] DEBUG org.apache.http.wire - http-outgoing-23 >> "[\r][\n]"
12:53:10.353 [Forwarding getElementText on session ff74fcc753f8850d27c07d497adfb162 to remote] DEBUG org.apache.http.wire - http-outgoing-23 << "HTTP/1.1 200 OK[\r][\n]"
12:53:10.353 [Forwarding getElementText on session ff74fcc753f8850d27c07d497adfb162 to remote] DEBUG org.apache.http.wire - http-outgoing-23 << "Content-Length:24[\r][\n]"
12:53:10.353 [Forwarding getElementText on session ff74fcc753f8850d27c07d497adfb162 to remote] DEBUG org.apache.http.wire - http-outgoing-23 << "Content-Type:application/json; charset=utf-8[\r][\n]"
12:53:10.353 [Forwarding getElementText on session ff74fcc753f8850d27c07d497adfb162 to remote] DEBUG org.apache.http.wire - http-outgoing-23 << "cache-control:no-cache[\r][\n]"
12:53:10.353 [Forwarding getElementText on session ff74fcc753f8850d27c07d497adfb162 to remote] DEBUG org.apache.http.wire - http-outgoing-23 << "[\r][\n]"
12:53:10.353 [Forwarding getElementText on session ff74fcc753f8850d27c07d497adfb162 to remote] DEBUG org.apache.http.wire - http-outgoing-23 << "{"value":"[0xe8][0xbd][0xac][0xe5][0x85][0xa5][0xe5][0xa4][0xb1][0xe8][0xb4][0xa5]"}"
12:53:10.353 [Forwarding getElementText on session ff74fcc753f8850d27c07d497adfb162 to remote] DEBUG org.apache.http.headers - http-outgoing-23 << HTTP/1.1 200 OK
12:53:10.353 [Forwarding getElementText on session ff74fcc753f8850d27c07d497adfb162 to remote] DEBUG org.apache.http.headers - http-outgoing-23 << Content-Length:24
12:53:10.353 [Forwarding getElementText on session ff74fcc753f8850d27c07d497adfb162 to remote] DEBUG org.apache.http.headers - http-outgoing-23 << Content-Type:application/json; charset=utf-8
12:53:10.353 [Forwarding getElementText on session ff74fcc753f8850d27c07d497adfb162 to remote] DEBUG org.apache.http.headers - http-outgoing-23 << cache-control:no-cache
12:53:10.353 [Forwarding getElementText on session ff74fcc753f8850d27c07d497adfb162 to remote] DEBUG org.apache.http.impl.execchain.MainClientExec - Connection can be kept alive indefinitely
12:53:10.353 [Forwarding getElementText on session ff74fcc753f8850d27c07d497adfb162 to remote] DEBUG org.apache.http.impl.conn.PoolingHttpClientConnectionManager - Connection [id: 23][route: {}->http://localhost:36671] can be kept alive indefinitely
12:53:10.353 [Forwarding getElementText on session ff74fcc753f8850d27c07d497adfb162 to remote] DEBUG org.apache.http.impl.conn.PoolingHttpClientConnectionManager - Connection released: [id: 23][route: {}->http://localhost:36671][total kept alive: 6; route allocated: 1 of 2000; total allocated: 6 of 2000]
]]></system-out>
  <system-err><![CDATA[Starting ChromeDriver 80.0.3987.106 (f68069574609230cf9b635cd784cfb1bf81bb53a-refs/branch-heads/3987@{#882}) on port 36671
Only local connections are allowed.
Please protect ports used by ChromeDriver and related test frameworks to prevent access by malicious code.
[1584679982.894][WARNING]: FromSockAddr failed on netmask
三月 20, 2020 12:53:03 下午 org.openqa.selenium.remote.ProtocolHandshake createSession
信息: Detected dialect: W3C
[1584679984.288][SEVERE]: Timed out receiving message from renderer: 0.100
[1584679984.388][SEVERE]: Timed out receiving message from renderer: 0.100
[1584679984.556][SEVERE]: Timed out receiving message from renderer: 0.100
[1584679984.656][SEVERE]: Timed out receiving message from renderer: 0.100
[1584679984.757][SEVERE]: Timed out receiving message from renderer: 0.100
[1584679984.858][SEVERE]: Timed out receiving message from renderer: 0.100
[1584679984.959][SEVERE]: Timed out receiving message from renderer: 0.100
[1584679985.060][SEVERE]: Timed out receiving message from renderer: 0.100
[1584679985.162][SEVERE]: Timed out receiving message from renderer: 0.100
[1584679985.410][SEVERE]: Timed out receiving message from renderer: 0.100
[1584679985.512][SEVERE]: Timed out receiving message from renderer: 0.100
[1584679985.721][SEVERE]: Timed out receiving message from renderer: 0.100
[1584679985.866][SEVERE]: Timed out receiving message from renderer: 0.100
[1584679985.967][SEVERE]: Timed out receiving message from renderer: 0.100
[1584679986.068][SEVERE]: Timed out receiving message from renderer: 0.100
[1584679986.169][SEVERE]: Timed out receiving message from renderer: 0.100
[1584679986.270][SEVERE]: Timed out receiving message from renderer: 0.100
]]></system-err>
</testsuite>
