<?xml version="1.0" encoding="UTF-8"?>
<testsuite name="tron.tronscan.tronscanUI.FreezeTest" tests="2" skipped="0" failures="2" errors="0" timestamp="2020-03-20T04:52:26" hostname="zhukaideiMac.local" time="25.388">
  <properties/>
  <testcase name="test" classname="tron.tronscan.tronscanUI.FreezeTest" time="14.911">
    <failure message="org.openqa.selenium.NoSuchElementException: no such element: Unable to locate element: {&quot;method&quot;:&quot;css selector&quot;,&quot;selector&quot;:&quot;.sweet-alert &gt; div.text-muted &gt; span&quot;}&#10;  (Session info: chrome=80.0.3987.149)&#10;For documentation on this error, please visit: http://seleniumhq.org/exceptions/no_such_element.html&#10;Build info: version: '3.6.0', revision: '6fbf3ec767', time: '2017-09-27T15:28:36.4Z'&#10;System info: host: 'zhukaideiMac.local', ip: '127.0.0.1', os.name: 'Mac OS X', os.arch: 'x86_64', os.version: '10.15.3', java.version: '1.8.0_211'&#10;Driver info: org.openqa.selenium.chrome.ChromeDriver&#10;Capabilities [{networkConnectionEnabled=false, chrome={chromedriverVersion=80.0.3987.106 (f68069574609230cf9b635cd784cfb1bf81bb53a-refs/branch-heads/3987@{#882}), userDataDir=/var/folders/fs/0qxrqb5x7zg5dtqrhc9t0clm0000gn/T/.com.google.Chrome.HqZNiS}, timeouts={implicit=0, pageLoad=300000, script=30000}, pageLoadStrategy=normal, unhandledPromptBehavior=dismiss and notify, strictFileInteractability=false, platform=MAC, proxy=Proxy(), goog:chromeOptions={debuggerAddress=localhost:60782}, acceptInsecureCerts=false, browserVersion=80.0.3987.149, browserName=chrome, javascriptEnabled=true, platformName=MAC, setWindowRect=true}]&#10;Session ID: e65b40f51ec0f04df17888dd60708d2e&#10;*** Element info: {Using=css selector, value=.sweet-alert &gt; div.text-muted &gt; span}" type="org.openqa.selenium.NoSuchElementException">org.openqa.selenium.NoSuchElementException: no such element: Unable to locate element: {&quot;method&quot;:&quot;css selector&quot;,&quot;selector&quot;:&quot;.sweet-alert &gt; div.text-muted &gt; span&quot;}
  (Session info: chrome=80.0.3987.149)
For documentation on this error, please visit: http://seleniumhq.org/exceptions/no_such_element.html
Build info: version: '3.6.0', revision: '6fbf3ec767', time: '2017-09-27T15:28:36.4Z'
System info: host: 'zhukaideiMac.local', ip: '127.0.0.1', os.name: 'Mac OS X', os.arch: 'x86_64', os.version: '10.15.3', java.version: '1.8.0_211'
Driver info: org.openqa.selenium.chrome.ChromeDriver
Capabilities [{networkConnectionEnabled=false, chrome={chromedriverVersion=80.0.3987.106 (f68069574609230cf9b635cd784cfb1bf81bb53a-refs/branch-heads/3987@{#882}), userDataDir=/var/folders/fs/0qxrqb5x7zg5dtqrhc9t0clm0000gn/T/.com.google.Chrome.HqZNiS}, timeouts={implicit=0, pageLoad=300000, script=30000}, pageLoadStrategy=normal, unhandledPromptBehavior=dismiss and notify, strictFileInteractability=false, platform=MAC, proxy=Proxy(), goog:chromeOptions={debuggerAddress=localhost:60782}, acceptInsecureCerts=false, browserVersion=80.0.3987.149, browserName=chrome, javascriptEnabled=true, platformName=MAC, setWindowRect=true}]
Session ID: e65b40f51ec0f04df17888dd60708d2e
*** Element info: {Using=css selector, value=.sweet-alert &gt; div.text-muted &gt; span}
	at sun.reflect.NativeConstructorAccessorImpl.newInstance0(Native Method)
	at sun.reflect.NativeConstructorAccessorImpl.newInstance(NativeConstructorAccessorImpl.java:62)
	at sun.reflect.DelegatingConstructorAccessorImpl.newInstance(DelegatingConstructorAccessorImpl.java:45)
	at java.lang.reflect.Constructor.newInstance(Constructor.java:423)
	at org.openqa.selenium.remote.http.W3CHttpResponseCodec.createException(W3CHttpResponseCodec.java:185)
	at org.openqa.selenium.remote.http.W3CHttpResponseCodec.decode(W3CHttpResponseCodec.java:120)
	at org.openqa.selenium.remote.http.W3CHttpResponseCodec.decode(W3CHttpResponseCodec.java:49)
	at org.openqa.selenium.remote.HttpCommandExecutor.execute(HttpCommandExecutor.java:164)
	at org.openqa.selenium.remote.service.DriverCommandExecutor.execute(DriverCommandExecutor.java:83)
	at org.openqa.selenium.remote.RemoteWebDriver.execute(RemoteWebDriver.java:586)
	at org.openqa.selenium.remote.RemoteWebDriver.findElement(RemoteWebDriver.java:356)
	at org.openqa.selenium.remote.RemoteWebDriver.findElementByCssSelector(RemoteWebDriver.java:450)
	at org.openqa.selenium.By$ByCssSelector.findElement(By.java:430)
	at org.openqa.selenium.remote.RemoteWebDriver.findElement(RemoteWebDriver.java:348)
	at tron.tronscan.tronscanUI.FreezeTest.test(FreezeTest.java:50)
	at sun.reflect.NativeMethodAccessorImpl.invoke0(Native Method)
	at sun.reflect.NativeMethodAccessorImpl.invoke(NativeMethodAccessorImpl.java:62)
	at sun.reflect.DelegatingMethodAccessorImpl.invoke(DelegatingMethodAccessorImpl.java:43)
	at java.lang.reflect.Method.invoke(Method.java:498)
	at org.testng.internal.MethodInvocationHelper.invokeMethod(MethodInvocationHelper.java:124)
	at org.testng.internal.Invoker.invokeMethod(Invoker.java:583)
	at org.testng.internal.Invoker.invokeTestMethod(Invoker.java:719)
	at org.testng.internal.Invoker.invokeTestMethods(Invoker.java:989)
	at org.testng.internal.TestMethodWorker.invokeTestMethods(TestMethodWorker.java:125)
	at org.testng.internal.TestMethodWorker.run(TestMethodWorker.java:109)
	at org.testng.TestRunner.privateRun(TestRunner.java:648)
	at org.testng.TestRunner.run(TestRunner.java:505)
	at org.testng.SuiteRunner.runTest(SuiteRunner.java:455)
	at org.testng.SuiteRunner.runSequentially(SuiteRunner.java:450)
	at org.testng.SuiteRunner.privateRun(SuiteRunner.java:415)
	at org.testng.SuiteRunner.run(SuiteRunner.java:364)
	at org.testng.SuiteRunnerWorker.runSuite(SuiteRunnerWorker.java:52)
	at org.testng.SuiteRunnerWorker.run(SuiteRunnerWorker.java:84)
	at org.testng.TestNG.runSuitesSequentially(TestNG.java:1208)
	at org.testng.TestNG.runSuitesLocally(TestNG.java:1137)
	at org.testng.TestNG.runSuites(TestNG.java:1049)
	at org.testng.TestNG.run(TestNG.java:1017)
	at org.gradle.api.internal.tasks.testing.testng.TestNGTestClassProcessor.runTests(TestNGTestClassProcessor.java:139)
	at org.gradle.api.internal.tasks.testing.testng.TestNGTestClassProcessor.stop(TestNGTestClassProcessor.java:89)
	at org.gradle.api.internal.tasks.testing.SuiteTestClassProcessor.stop(SuiteTestClassProcessor.java:61)
	at sun.reflect.NativeMethodAccessorImpl.invoke0(Native Method)
	at sun.reflect.NativeMethodAccessorImpl.invoke(NativeMethodAccessorImpl.java:62)
	at sun.reflect.DelegatingMethodAccessorImpl.invoke(DelegatingMethodAccessorImpl.java:43)
	at java.lang.reflect.Method.invoke(Method.java:498)
	at org.gradle.internal.dispatch.ReflectionDispatch.dispatch(ReflectionDispatch.java:35)
	at org.gradle.internal.dispatch.ReflectionDispatch.dispatch(ReflectionDispatch.java:24)
	at org.gradle.internal.dispatch.ContextClassLoaderDispatch.dispatch(ContextClassLoaderDispatch.java:32)
	at org.gradle.internal.dispatch.ProxyDispatchAdapter$DispatchingInvocationHandler.invoke(ProxyDispatchAdapter.java:93)
	at com.sun.proxy.$Proxy2.stop(Unknown Source)
	at org.gradle.api.internal.tasks.testing.worker.TestWorker.stop(TestWorker.java:131)
	at sun.reflect.NativeMethodAccessorImpl.invoke0(Native Method)
	at sun.reflect.NativeMethodAccessorImpl.invoke(NativeMethodAccessorImpl.java:62)
	at sun.reflect.DelegatingMethodAccessorImpl.invoke(DelegatingMethodAccessorImpl.java:43)
	at java.lang.reflect.Method.invoke(Method.java:498)
	at org.gradle.internal.dispatch.ReflectionDispatch.dispatch(ReflectionDispatch.java:35)
	at org.gradle.internal.dispatch.ReflectionDispatch.dispatch(ReflectionDispatch.java:24)
	at org.gradle.internal.remote.internal.hub.MessageHubBackedObjectConnection$DispatchWrapper.dispatch(MessageHubBackedObjectConnection.java:155)
	at org.gradle.internal.remote.internal.hub.MessageHubBackedObjectConnection$DispatchWrapper.dispatch(MessageHubBackedObjectConnection.java:137)
	at org.gradle.internal.remote.internal.hub.MessageHub$Handler.run(MessageHub.java:404)
	at org.gradle.internal.concurrent.ExecutorPolicy$CatchAndRecordFailures.onExecute(ExecutorPolicy.java:63)
	at org.gradle.internal.concurrent.ManagedExecutorImpl$1.run(ManagedExecutorImpl.java:46)
	at java.util.concurrent.ThreadPoolExecutor.runWorker(ThreadPoolExecutor.java:1149)
	at java.util.concurrent.ThreadPoolExecutor$Worker.run(ThreadPoolExecutor.java:624)
	at org.gradle.internal.concurrent.ThreadFactoryImpl$ManagedThreadRunnable.run(ThreadFactoryImpl.java:55)
	at java.lang.Thread.run(Thread.java:748)
</failure>
  </testcase>
  <testcase name="testEnery" classname="tron.tronscan.tronscanUI.FreezeTest" time="10.477">
    <failure message="org.openqa.selenium.NoSuchElementException: no such element: Unable to locate element: {&quot;method&quot;:&quot;css selector&quot;,&quot;selector&quot;:&quot;.px-2:nth-child(3) span&quot;}&#10;  (Session info: chrome=80.0.3987.149)&#10;For documentation on this error, please visit: http://seleniumhq.org/exceptions/no_such_element.html&#10;Build info: version: '3.6.0', revision: '6fbf3ec767', time: '2017-09-27T15:28:36.4Z'&#10;System info: host: 'zhukaideiMac.local', ip: '127.0.0.1', os.name: 'Mac OS X', os.arch: 'x86_64', os.version: '10.15.3', java.version: '1.8.0_211'&#10;Driver info: org.openqa.selenium.chrome.ChromeDriver&#10;Capabilities [{networkConnectionEnabled=false, chrome={chromedriverVersion=80.0.3987.106 (f68069574609230cf9b635cd784cfb1bf81bb53a-refs/branch-heads/3987@{#882}), userDataDir=/var/folders/fs/0qxrqb5x7zg5dtqrhc9t0clm0000gn/T/.com.google.Chrome.HqZNiS}, timeouts={implicit=0, pageLoad=300000, script=30000}, pageLoadStrategy=normal, unhandledPromptBehavior=dismiss and notify, strictFileInteractability=false, platform=MAC, proxy=Proxy(), goog:chromeOptions={debuggerAddress=localhost:60782}, acceptInsecureCerts=false, browserVersion=80.0.3987.149, browserName=chrome, javascriptEnabled=true, platformName=MAC, setWindowRect=true}]&#10;Session ID: e65b40f51ec0f04df17888dd60708d2e&#10;*** Element info: {Using=css selector, value=.px-2:nth-child(3) span}" type="org.openqa.selenium.NoSuchElementException">org.openqa.selenium.NoSuchElementException: no such element: Unable to locate element: {&quot;method&quot;:&quot;css selector&quot;,&quot;selector&quot;:&quot;.px-2:nth-child(3) span&quot;}
  (Session info: chrome=80.0.3987.149)
For documentation on this error, please visit: http://seleniumhq.org/exceptions/no_such_element.html
Build info: version: '3.6.0', revision: '6fbf3ec767', time: '2017-09-27T15:28:36.4Z'
System info: host: 'zhukaideiMac.local', ip: '127.0.0.1', os.name: 'Mac OS X', os.arch: 'x86_64', os.version: '10.15.3', java.version: '1.8.0_211'
Driver info: org.openqa.selenium.chrome.ChromeDriver
Capabilities [{networkConnectionEnabled=false, chrome={chromedriverVersion=80.0.3987.106 (f68069574609230cf9b635cd784cfb1bf81bb53a-refs/branch-heads/3987@{#882}), userDataDir=/var/folders/fs/0qxrqb5x7zg5dtqrhc9t0clm0000gn/T/.com.google.Chrome.HqZNiS}, timeouts={implicit=0, pageLoad=300000, script=30000}, pageLoadStrategy=normal, unhandledPromptBehavior=dismiss and notify, strictFileInteractability=false, platform=MAC, proxy=Proxy(), goog:chromeOptions={debuggerAddress=localhost:60782}, acceptInsecureCerts=false, browserVersion=80.0.3987.149, browserName=chrome, javascriptEnabled=true, platformName=MAC, setWindowRect=true}]
Session ID: e65b40f51ec0f04df17888dd60708d2e
*** Element info: {Using=css selector, value=.px-2:nth-child(3) span}
	at sun.reflect.NativeConstructorAccessorImpl.newInstance0(Native Method)
	at sun.reflect.NativeConstructorAccessorImpl.newInstance(NativeConstructorAccessorImpl.java:62)
	at sun.reflect.DelegatingConstructorAccessorImpl.newInstance(DelegatingConstructorAccessorImpl.java:45)
	at java.lang.reflect.Constructor.newInstance(Constructor.java:423)
	at org.openqa.selenium.remote.http.W3CHttpResponseCodec.createException(W3CHttpResponseCodec.java:185)
	at org.openqa.selenium.remote.http.W3CHttpResponseCodec.decode(W3CHttpResponseCodec.java:120)
	at org.openqa.selenium.remote.http.W3CHttpResponseCodec.decode(W3CHttpResponseCodec.java:49)
	at org.openqa.selenium.remote.HttpCommandExecutor.execute(HttpCommandExecutor.java:164)
	at org.openqa.selenium.remote.service.DriverCommandExecutor.execute(DriverCommandExecutor.java:83)
	at org.openqa.selenium.remote.RemoteWebDriver.execute(RemoteWebDriver.java:586)
	at org.openqa.selenium.remote.RemoteWebDriver.findElement(RemoteWebDriver.java:356)
	at org.openqa.selenium.remote.RemoteWebDriver.findElementByCssSelector(RemoteWebDriver.java:450)
	at org.openqa.selenium.By$ByCssSelector.findElement(By.java:430)
	at org.openqa.selenium.remote.RemoteWebDriver.findElement(RemoteWebDriver.java:348)
	at tron.common.utils.Step.login(Step.java:27)
	at tron.tronscan.tronscanUI.FreezeTest.testEnery(FreezeTest.java:56)
	at sun.reflect.NativeMethodAccessorImpl.invoke0(Native Method)
	at sun.reflect.NativeMethodAccessorImpl.invoke(NativeMethodAccessorImpl.java:62)
	at sun.reflect.DelegatingMethodAccessorImpl.invoke(DelegatingMethodAccessorImpl.java:43)
	at java.lang.reflect.Method.invoke(Method.java:498)
	at org.testng.internal.MethodInvocationHelper.invokeMethod(MethodInvocationHelper.java:124)
	at org.testng.internal.Invoker.invokeMethod(Invoker.java:583)
	at org.testng.internal.Invoker.invokeTestMethod(Invoker.java:719)
	at org.testng.internal.Invoker.invokeTestMethods(Invoker.java:989)
	at org.testng.internal.TestMethodWorker.invokeTestMethods(TestMethodWorker.java:125)
	at org.testng.internal.TestMethodWorker.run(TestMethodWorker.java:109)
	at org.testng.TestRunner.privateRun(TestRunner.java:648)
	at org.testng.TestRunner.run(TestRunner.java:505)
	at org.testng.SuiteRunner.runTest(SuiteRunner.java:455)
	at org.testng.SuiteRunner.runSequentially(SuiteRunner.java:450)
	at org.testng.SuiteRunner.privateRun(SuiteRunner.java:415)
	at org.testng.SuiteRunner.run(SuiteRunner.java:364)
	at org.testng.SuiteRunnerWorker.runSuite(SuiteRunnerWorker.java:52)
	at org.testng.SuiteRunnerWorker.run(SuiteRunnerWorker.java:84)
	at org.testng.TestNG.runSuitesSequentially(TestNG.java:1208)
	at org.testng.TestNG.runSuitesLocally(TestNG.java:1137)
	at org.testng.TestNG.runSuites(TestNG.java:1049)
	at org.testng.TestNG.run(TestNG.java:1017)
	at org.gradle.api.internal.tasks.testing.testng.TestNGTestClassProcessor.runTests(TestNGTestClassProcessor.java:139)
	at org.gradle.api.internal.tasks.testing.testng.TestNGTestClassProcessor.stop(TestNGTestClassProcessor.java:89)
	at org.gradle.api.internal.tasks.testing.SuiteTestClassProcessor.stop(SuiteTestClassProcessor.java:61)
	at sun.reflect.NativeMethodAccessorImpl.invoke0(Native Method)
	at sun.reflect.NativeMethodAccessorImpl.invoke(NativeMethodAccessorImpl.java:62)
	at sun.reflect.DelegatingMethodAccessorImpl.invoke(DelegatingMethodAccessorImpl.java:43)
	at java.lang.reflect.Method.invoke(Method.java:498)
	at org.gradle.internal.dispatch.ReflectionDispatch.dispatch(ReflectionDispatch.java:35)
	at org.gradle.internal.dispatch.ReflectionDispatch.dispatch(ReflectionDispatch.java:24)
	at org.gradle.internal.dispatch.ContextClassLoaderDispatch.dispatch(ContextClassLoaderDispatch.java:32)
	at org.gradle.internal.dispatch.ProxyDispatchAdapter$DispatchingInvocationHandler.invoke(ProxyDispatchAdapter.java:93)
	at com.sun.proxy.$Proxy2.stop(Unknown Source)
	at org.gradle.api.internal.tasks.testing.worker.TestWorker.stop(TestWorker.java:131)
	at sun.reflect.NativeMethodAccessorImpl.invoke0(Native Method)
	at sun.reflect.NativeMethodAccessorImpl.invoke(NativeMethodAccessorImpl.java:62)
	at sun.reflect.DelegatingMethodAccessorImpl.invoke(DelegatingMethodAccessorImpl.java:43)
	at java.lang.reflect.Method.invoke(Method.java:498)
	at org.gradle.internal.dispatch.ReflectionDispatch.dispatch(ReflectionDispatch.java:35)
	at org.gradle.internal.dispatch.ReflectionDispatch.dispatch(ReflectionDispatch.java:24)
	at org.gradle.internal.remote.internal.hub.MessageHubBackedObjectConnection$DispatchWrapper.dispatch(MessageHubBackedObjectConnection.java:155)
	at org.gradle.internal.remote.internal.hub.MessageHubBackedObjectConnection$DispatchWrapper.dispatch(MessageHubBackedObjectConnection.java:137)
	at org.gradle.internal.remote.internal.hub.MessageHub$Handler.run(MessageHub.java:404)
	at org.gradle.internal.concurrent.ExecutorPolicy$CatchAndRecordFailures.onExecute(ExecutorPolicy.java:63)
	at org.gradle.internal.concurrent.ManagedExecutorImpl$1.run(ManagedExecutorImpl.java:46)
	at java.util.concurrent.ThreadPoolExecutor.runWorker(ThreadPoolExecutor.java:1149)
	at java.util.concurrent.ThreadPoolExecutor$Worker.run(ThreadPoolExecutor.java:624)
	at org.gradle.internal.concurrent.ThreadFactoryImpl$ManagedThreadRunnable.run(ThreadFactoryImpl.java:55)
	at java.lang.Thread.run(Thread.java:748)
</failure>
  </testcase>
  <system-out><![CDATA[12:52:13.300 [Forwarding newSession on session null to remote] DEBUG org.apache.http.client.protocol.RequestAddCookies - CookieSpec selected: default
12:52:13.301 [Forwarding newSession on session null to remote] DEBUG org.apache.http.client.protocol.RequestAuthCache - Auth cache not set in the context
12:52:13.301 [Forwarding newSession on session null to remote] DEBUG org.apache.http.impl.conn.PoolingHttpClientConnectionManager - Connection request: [route: {}->http://localhost:34550][total kept alive: 3; route allocated: 0 of 2000; total allocated: 3 of 2000]
12:52:13.301 [Forwarding newSession on session null to remote] DEBUG org.apache.http.impl.conn.PoolingHttpClientConnectionManager - Connection leased: [id: 21][route: {}->http://localhost:34550][total kept alive: 3; route allocated: 1 of 2000; total allocated: 4 of 2000]
12:52:13.301 [Forwarding newSession on session null to remote] DEBUG org.apache.http.impl.execchain.MainClientExec - Opening connection {}->http://localhost:34550
12:52:13.301 [Forwarding newSession on session null to remote] DEBUG org.apache.http.impl.conn.DefaultHttpClientConnectionOperator - Connecting to localhost/127.0.0.1:34550
12:52:13.301 [Forwarding newSession on session null to remote] DEBUG org.apache.http.impl.conn.DefaultHttpClientConnectionOperator - Connection established 127.0.0.1:60780<->127.0.0.1:34550
12:52:13.301 [Forwarding newSession on session null to remote] DEBUG org.apache.http.impl.conn.DefaultManagedHttpClientConnection - http-outgoing-21: set socket timeout to 10800000
12:52:13.301 [Forwarding newSession on session null to remote] DEBUG org.apache.http.impl.execchain.MainClientExec - Executing request POST /session HTTP/1.1
12:52:13.301 [Forwarding newSession on session null to remote] DEBUG org.apache.http.impl.execchain.MainClientExec - Target auth state: UNCHALLENGED
12:52:13.301 [Forwarding newSession on session null to remote] DEBUG org.apache.http.impl.execchain.MainClientExec - Proxy auth state: UNCHALLENGED
12:52:13.301 [Forwarding newSession on session null to remote] DEBUG org.apache.http.headers - http-outgoing-21 >> POST /session HTTP/1.1
12:52:13.301 [Forwarding newSession on session null to remote] DEBUG org.apache.http.headers - http-outgoing-21 >> Content-Type: application/json; charset=utf-8
12:52:13.301 [Forwarding newSession on session null to remote] DEBUG org.apache.http.headers - http-outgoing-21 >> Content-Length: 560
12:52:13.301 [Forwarding newSession on session null to remote] DEBUG org.apache.http.headers - http-outgoing-21 >> Host: localhost:34550
12:52:13.301 [Forwarding newSession on session null to remote] DEBUG org.apache.http.headers - http-outgoing-21 >> Connection: Keep-Alive
12:52:13.301 [Forwarding newSession on session null to remote] DEBUG org.apache.http.headers - http-outgoing-21 >> User-Agent: Apache-HttpClient/4.5.3 (Java/1.8.0_211)
12:52:13.301 [Forwarding newSession on session null to remote] DEBUG org.apache.http.headers - http-outgoing-21 >> Accept-Encoding: gzip,deflate
12:52:13.301 [Forwarding newSession on session null to remote] DEBUG org.apache.http.wire - http-outgoing-21 >> "POST /session HTTP/1.1[\r][\n]"
12:52:13.301 [Forwarding newSession on session null to remote] DEBUG org.apache.http.wire - http-outgoing-21 >> "Content-Type: application/json; charset=utf-8[\r][\n]"
12:52:13.301 [Forwarding newSession on session null to remote] DEBUG org.apache.http.wire - http-outgoing-21 >> "Content-Length: 560[\r][\n]"
12:52:13.301 [Forwarding newSession on session null to remote] DEBUG org.apache.http.wire - http-outgoing-21 >> "Host: localhost:34550[\r][\n]"
12:52:13.301 [Forwarding newSession on session null to remote] DEBUG org.apache.http.wire - http-outgoing-21 >> "Connection: Keep-Alive[\r][\n]"
12:52:13.301 [Forwarding newSession on session null to remote] DEBUG org.apache.http.wire - http-outgoing-21 >> "User-Agent: Apache-HttpClient/4.5.3 (Java/1.8.0_211)[\r][\n]"
12:52:13.301 [Forwarding newSession on session null to remote] DEBUG org.apache.http.wire - http-outgoing-21 >> "Accept-Encoding: gzip,deflate[\r][\n]"
12:52:13.301 [Forwarding newSession on session null to remote] DEBUG org.apache.http.wire - http-outgoing-21 >> "[\r][\n]"
12:52:13.301 [Forwarding newSession on session null to remote] DEBUG org.apache.http.wire - http-outgoing-21 >> "{[\n]"
12:52:13.301 [Forwarding newSession on session null to remote] DEBUG org.apache.http.wire - http-outgoing-21 >> "  "desiredCapabilities": {[\n]"
12:52:13.301 [Forwarding newSession on session null to remote] DEBUG org.apache.http.wire - http-outgoing-21 >> "    "browserName": "chrome",[\n]"
12:52:13.301 [Forwarding newSession on session null to remote] DEBUG org.apache.http.wire - http-outgoing-21 >> "    "goog:chromeOptions": {[\n]"
12:52:13.301 [Forwarding newSession on session null to remote] DEBUG org.apache.http.wire - http-outgoing-21 >> "      "args": [],[\n]"
12:52:13.301 [Forwarding newSession on session null to remote] DEBUG org.apache.http.wire - http-outgoing-21 >> "      "extensions": [][\n]"
12:52:13.301 [Forwarding newSession on session null to remote] DEBUG org.apache.http.wire - http-outgoing-21 >> "    }[\n]"
12:52:13.301 [Forwarding newSession on session null to remote] DEBUG org.apache.http.wire - http-outgoing-21 >> "  },[\n]"
12:52:13.301 [Forwarding newSession on session null to remote] DEBUG org.apache.http.wire - http-outgoing-21 >> "  "requiredCapabilities": {},[\n]"
12:52:13.301 [Forwarding newSession on session null to remote] DEBUG org.apache.http.wire - http-outgoing-21 >> "  "capabilities": {[\n]"
12:52:13.301 [Forwarding newSession on session null to remote] DEBUG org.apache.http.wire - http-outgoing-21 >> "    "desiredCapabilities": {[\n]"
12:52:13.301 [Forwarding newSession on session null to remote] DEBUG org.apache.http.wire - http-outgoing-21 >> "      "browserName": "chrome",[\n]"
12:52:13.301 [Forwarding newSession on session null to remote] DEBUG org.apache.http.wire - http-outgoing-21 >> "      "goog:chromeOptions": {[\n]"
12:52:13.301 [Forwarding newSession on session null to remote] DEBUG org.apache.http.wire - http-outgoing-21 >> "        "args": [],[\n]"
12:52:13.301 [Forwarding newSession on session null to remote] DEBUG org.apache.http.wire - http-outgoing-21 >> "        "extensions": [][\n]"
12:52:13.301 [Forwarding newSession on session null to remote] DEBUG org.apache.http.wire - http-outgoing-21 >> "      }[\n]"
12:52:13.301 [Forwarding newSession on session null to remote] DEBUG org.apache.http.wire - http-outgoing-21 >> "    },[\n]"
12:52:13.301 [Forwarding newSession on session null to remote] DEBUG org.apache.http.wire - http-outgoing-21 >> "    "requiredCapabilities": {},[\n]"
12:52:13.301 [Forwarding newSession on session null to remote] DEBUG org.apache.http.wire - http-outgoing-21 >> "    "alwaysMatch": {[\n]"
12:52:13.301 [Forwarding newSession on session null to remote] DEBUG org.apache.http.wire - http-outgoing-21 >> "      "goog:chromeOptions": {[\n]"
12:52:13.301 [Forwarding newSession on session null to remote] DEBUG org.apache.http.wire - http-outgoing-21 >> "        "args": [],[\n]"
12:52:13.301 [Forwarding newSession on session null to remote] DEBUG org.apache.http.wire - http-outgoing-21 >> "        "extensions": [][\n]"
12:52:13.301 [Forwarding newSession on session null to remote] DEBUG org.apache.http.wire - http-outgoing-21 >> "      }[\n]"
12:52:13.301 [Forwarding newSession on session null to remote] DEBUG org.apache.http.wire - http-outgoing-21 >> "    },[\n]"
12:52:13.301 [Forwarding newSession on session null to remote] DEBUG org.apache.http.wire - http-outgoing-21 >> "    "firstMatch": [[\n]"
12:52:13.301 [Forwarding newSession on session null to remote] DEBUG org.apache.http.wire - http-outgoing-21 >> "      {[\n]"
12:52:13.301 [Forwarding newSession on session null to remote] DEBUG org.apache.http.wire - http-outgoing-21 >> "        "browserName": "chrome"[\n]"
12:52:13.301 [Forwarding newSession on session null to remote] DEBUG org.apache.http.wire - http-outgoing-21 >> "      }[\n]"
12:52:13.301 [Forwarding newSession on session null to remote] DEBUG org.apache.http.wire - http-outgoing-21 >> "    ][\n]"
12:52:13.301 [Forwarding newSession on session null to remote] DEBUG org.apache.http.wire - http-outgoing-21 >> "  }[\n]"
12:52:13.301 [Forwarding newSession on session null to remote] DEBUG org.apache.http.wire - http-outgoing-21 >> "}"
12:52:13.886 [Forwarding newSession on session null to remote] DEBUG org.apache.http.wire - http-outgoing-21 << "HTTP/1.1 200 OK[\r][\n]"
12:52:13.886 [Forwarding newSession on session null to remote] DEBUG org.apache.http.wire - http-outgoing-21 << "Content-Length:690[\r][\n]"
12:52:13.886 [Forwarding newSession on session null to remote] DEBUG org.apache.http.wire - http-outgoing-21 << "Content-Type:application/json; charset=utf-8[\r][\n]"
12:52:13.886 [Forwarding newSession on session null to remote] DEBUG org.apache.http.wire - http-outgoing-21 << "cache-control:no-cache[\r][\n]"
12:52:13.886 [Forwarding newSession on session null to remote] DEBUG org.apache.http.wire - http-outgoing-21 << "[\r][\n]"
12:52:13.886 [Forwarding newSession on session null to remote] DEBUG org.apache.http.wire - http-outgoing-21 << "{"value":{"capabilities":{"acceptInsecureCerts":false,"browserName":"chrome","browserVersion":"80.0.3987.149","chrome":{"chromedriverVersion":"80.0.3987.106 (f68069574609230cf9b635cd784cfb1bf81bb53a-refs/branch-heads/3987@{#882})","userDataDir":"/var/folders/fs/0qxrqb5x7zg5dtqrhc9t0clm0000gn/T/.com.google.Chrome.HqZNiS"},"goog:chromeOptions":{"debuggerAddress":"localhost:60782"},"networkConnectionEnabled":false,"pageLoadStrategy":"normal","platformName":"mac os x","proxy":{},"setWindowRect":true,"strictFileInteractability":false,"timeouts":{"implicit":0,"pageLoad":300000,"script":30000},"unhandledPromptBehavior":"dismiss and notify"},"sessionId":"e65b40f51ec0f04df17888dd60708d2e"}}"
12:52:13.886 [Forwarding newSession on session null to remote] DEBUG org.apache.http.headers - http-outgoing-21 << HTTP/1.1 200 OK
12:52:13.886 [Forwarding newSession on session null to remote] DEBUG org.apache.http.headers - http-outgoing-21 << Content-Length:690
12:52:13.886 [Forwarding newSession on session null to remote] DEBUG org.apache.http.headers - http-outgoing-21 << Content-Type:application/json; charset=utf-8
12:52:13.886 [Forwarding newSession on session null to remote] DEBUG org.apache.http.headers - http-outgoing-21 << cache-control:no-cache
12:52:13.886 [Forwarding newSession on session null to remote] DEBUG org.apache.http.impl.execchain.MainClientExec - Connection can be kept alive indefinitely
12:52:13.886 [Forwarding newSession on session null to remote] DEBUG org.apache.http.impl.conn.PoolingHttpClientConnectionManager - Connection [id: 21][route: {}->http://localhost:34550] can be kept alive indefinitely
12:52:13.887 [Forwarding newSession on session null to remote] DEBUG org.apache.http.impl.conn.PoolingHttpClientConnectionManager - Connection released: [id: 21][route: {}->http://localhost:34550][total kept alive: 4; route allocated: 1 of 2000; total allocated: 4 of 2000]
12:52:13.888 [Forwarding get on session e65b40f51ec0f04df17888dd60708d2e to remote] DEBUG org.apache.http.client.protocol.RequestAddCookies - CookieSpec selected: default
12:52:13.888 [Forwarding get on session e65b40f51ec0f04df17888dd60708d2e to remote] DEBUG org.apache.http.client.protocol.RequestAuthCache - Auth cache not set in the context
12:52:13.888 [Forwarding get on session e65b40f51ec0f04df17888dd60708d2e to remote] DEBUG org.apache.http.impl.conn.PoolingHttpClientConnectionManager - Connection request: [route: {}->http://localhost:34550][total kept alive: 4; route allocated: 1 of 2000; total allocated: 4 of 2000]
12:52:13.888 [Forwarding get on session e65b40f51ec0f04df17888dd60708d2e to remote] DEBUG org.apache.http.impl.conn.PoolingHttpClientConnectionManager - Connection leased: [id: 21][route: {}->http://localhost:34550][total kept alive: 3; route allocated: 1 of 2000; total allocated: 4 of 2000]
12:52:13.888 [Forwarding get on session e65b40f51ec0f04df17888dd60708d2e to remote] DEBUG org.apache.http.impl.execchain.MainClientExec - Stale connection check
12:52:13.889 [Forwarding get on session e65b40f51ec0f04df17888dd60708d2e to remote] DEBUG org.apache.http.wire - http-outgoing-21 << "[read] I/O error: Read timed out"
12:52:13.889 [Forwarding get on session e65b40f51ec0f04df17888dd60708d2e to remote] DEBUG org.apache.http.impl.conn.DefaultManagedHttpClientConnection - http-outgoing-21: set socket timeout to 10800000
12:52:13.889 [Forwarding get on session e65b40f51ec0f04df17888dd60708d2e to remote] DEBUG org.apache.http.impl.execchain.MainClientExec - Executing request POST /session/e65b40f51ec0f04df17888dd60708d2e/url HTTP/1.1
12:52:13.889 [Forwarding get on session e65b40f51ec0f04df17888dd60708d2e to remote] DEBUG org.apache.http.impl.execchain.MainClientExec - Target auth state: UNCHALLENGED
12:52:13.889 [Forwarding get on session e65b40f51ec0f04df17888dd60708d2e to remote] DEBUG org.apache.http.impl.execchain.MainClientExec - Proxy auth state: UNCHALLENGED
12:52:13.889 [Forwarding get on session e65b40f51ec0f04df17888dd60708d2e to remote] DEBUG org.apache.http.headers - http-outgoing-21 >> POST /session/e65b40f51ec0f04df17888dd60708d2e/url HTTP/1.1
12:52:13.889 [Forwarding get on session e65b40f51ec0f04df17888dd60708d2e to remote] DEBUG org.apache.http.headers - http-outgoing-21 >> Content-Type: application/json; charset=utf-8
12:52:13.889 [Forwarding get on session e65b40f51ec0f04df17888dd60708d2e to remote] DEBUG org.apache.http.headers - http-outgoing-21 >> Content-Length: 33
12:52:13.889 [Forwarding get on session e65b40f51ec0f04df17888dd60708d2e to remote] DEBUG org.apache.http.headers - http-outgoing-21 >> Host: localhost:34550
12:52:13.889 [Forwarding get on session e65b40f51ec0f04df17888dd60708d2e to remote] DEBUG org.apache.http.headers - http-outgoing-21 >> Connection: Keep-Alive
12:52:13.889 [Forwarding get on session e65b40f51ec0f04df17888dd60708d2e to remote] DEBUG org.apache.http.headers - http-outgoing-21 >> User-Agent: Apache-HttpClient/4.5.3 (Java/1.8.0_211)
12:52:13.889 [Forwarding get on session e65b40f51ec0f04df17888dd60708d2e to remote] DEBUG org.apache.http.headers - http-outgoing-21 >> Accept-Encoding: gzip,deflate
12:52:13.889 [Forwarding get on session e65b40f51ec0f04df17888dd60708d2e to remote] DEBUG org.apache.http.wire - http-outgoing-21 >> "POST /session/e65b40f51ec0f04df17888dd60708d2e/url HTTP/1.1[\r][\n]"
12:52:13.889 [Forwarding get on session e65b40f51ec0f04df17888dd60708d2e to remote] DEBUG org.apache.http.wire - http-outgoing-21 >> "Content-Type: application/json; charset=utf-8[\r][\n]"
12:52:13.889 [Forwarding get on session e65b40f51ec0f04df17888dd60708d2e to remote] DEBUG org.apache.http.wire - http-outgoing-21 >> "Content-Length: 33[\r][\n]"
12:52:13.889 [Forwarding get on session e65b40f51ec0f04df17888dd60708d2e to remote] DEBUG org.apache.http.wire - http-outgoing-21 >> "Host: localhost:34550[\r][\n]"
12:52:13.889 [Forwarding get on session e65b40f51ec0f04df17888dd60708d2e to remote] DEBUG org.apache.http.wire - http-outgoing-21 >> "Connection: Keep-Alive[\r][\n]"
12:52:13.889 [Forwarding get on session e65b40f51ec0f04df17888dd60708d2e to remote] DEBUG org.apache.http.wire - http-outgoing-21 >> "User-Agent: Apache-HttpClient/4.5.3 (Java/1.8.0_211)[\r][\n]"
12:52:13.889 [Forwarding get on session e65b40f51ec0f04df17888dd60708d2e to remote] DEBUG org.apache.http.wire - http-outgoing-21 >> "Accept-Encoding: gzip,deflate[\r][\n]"
12:52:13.889 [Forwarding get on session e65b40f51ec0f04df17888dd60708d2e to remote] DEBUG org.apache.http.wire - http-outgoing-21 >> "[\r][\n]"
12:52:13.889 [Forwarding get on session e65b40f51ec0f04df17888dd60708d2e to remote] DEBUG org.apache.http.wire - http-outgoing-21 >> "{"url":"https://tronscan.org/#/"}"
12:52:26.084 [Forwarding get on session e65b40f51ec0f04df17888dd60708d2e to remote] DEBUG org.apache.http.wire - http-outgoing-21 << "HTTP/1.1 200 OK[\r][\n]"
12:52:26.084 [Forwarding get on session e65b40f51ec0f04df17888dd60708d2e to remote] DEBUG org.apache.http.wire - http-outgoing-21 << "Content-Length:14[\r][\n]"
12:52:26.084 [Forwarding get on session e65b40f51ec0f04df17888dd60708d2e to remote] DEBUG org.apache.http.wire - http-outgoing-21 << "Content-Type:application/json; charset=utf-8[\r][\n]"
12:52:26.084 [Forwarding get on session e65b40f51ec0f04df17888dd60708d2e to remote] DEBUG org.apache.http.wire - http-outgoing-21 << "cache-control:no-cache[\r][\n]"
12:52:26.085 [Forwarding get on session e65b40f51ec0f04df17888dd60708d2e to remote] DEBUG org.apache.http.wire - http-outgoing-21 << "[\r][\n]"
12:52:26.085 [Forwarding get on session e65b40f51ec0f04df17888dd60708d2e to remote] DEBUG org.apache.http.wire - http-outgoing-21 << "{"value":null}"
12:52:26.085 [Forwarding get on session e65b40f51ec0f04df17888dd60708d2e to remote] DEBUG org.apache.http.headers - http-outgoing-21 << HTTP/1.1 200 OK
12:52:26.085 [Forwarding get on session e65b40f51ec0f04df17888dd60708d2e to remote] DEBUG org.apache.http.headers - http-outgoing-21 << Content-Length:14
12:52:26.085 [Forwarding get on session e65b40f51ec0f04df17888dd60708d2e to remote] DEBUG org.apache.http.headers - http-outgoing-21 << Content-Type:application/json; charset=utf-8
12:52:26.085 [Forwarding get on session e65b40f51ec0f04df17888dd60708d2e to remote] DEBUG org.apache.http.headers - http-outgoing-21 << cache-control:no-cache
12:52:26.085 [Forwarding get on session e65b40f51ec0f04df17888dd60708d2e to remote] DEBUG org.apache.http.impl.execchain.MainClientExec - Connection can be kept alive indefinitely
12:52:26.085 [Forwarding get on session e65b40f51ec0f04df17888dd60708d2e to remote] DEBUG org.apache.http.impl.conn.PoolingHttpClientConnectionManager - Connection [id: 21][route: {}->http://localhost:34550] can be kept alive indefinitely
12:52:26.085 [Forwarding get on session e65b40f51ec0f04df17888dd60708d2e to remote] DEBUG org.apache.http.impl.conn.PoolingHttpClientConnectionManager - Connection released: [id: 21][route: {}->http://localhost:34550][total kept alive: 4; route allocated: 1 of 2000; total allocated: 4 of 2000]
成功打开谷歌浏览器！
12:52:26.085 [Forwarding setTimeout on session e65b40f51ec0f04df17888dd60708d2e to remote] DEBUG org.apache.http.client.protocol.RequestAddCookies - CookieSpec selected: default
12:52:26.085 [Forwarding setTimeout on session e65b40f51ec0f04df17888dd60708d2e to remote] DEBUG org.apache.http.client.protocol.RequestAuthCache - Auth cache not set in the context
12:52:26.085 [Forwarding setTimeout on session e65b40f51ec0f04df17888dd60708d2e to remote] DEBUG org.apache.http.impl.conn.PoolingHttpClientConnectionManager - Connection request: [route: {}->http://localhost:34550][total kept alive: 4; route allocated: 1 of 2000; total allocated: 4 of 2000]
12:52:26.085 [Forwarding setTimeout on session e65b40f51ec0f04df17888dd60708d2e to remote] DEBUG org.apache.http.impl.conn.PoolingHttpClientConnectionManager - Connection leased: [id: 21][route: {}->http://localhost:34550][total kept alive: 3; route allocated: 1 of 2000; total allocated: 4 of 2000]
12:52:26.085 [Forwarding setTimeout on session e65b40f51ec0f04df17888dd60708d2e to remote] DEBUG org.apache.http.impl.execchain.MainClientExec - Stale connection check
12:52:26.087 [Forwarding setTimeout on session e65b40f51ec0f04df17888dd60708d2e to remote] DEBUG org.apache.http.wire - http-outgoing-21 << "[read] I/O error: Read timed out"
12:52:26.087 [Forwarding setTimeout on session e65b40f51ec0f04df17888dd60708d2e to remote] DEBUG org.apache.http.impl.conn.DefaultManagedHttpClientConnection - http-outgoing-21: set socket timeout to 10800000
12:52:26.087 [Forwarding setTimeout on session e65b40f51ec0f04df17888dd60708d2e to remote] DEBUG org.apache.http.impl.execchain.MainClientExec - Executing request POST /session/e65b40f51ec0f04df17888dd60708d2e/timeouts HTTP/1.1
12:52:26.087 [Forwarding setTimeout on session e65b40f51ec0f04df17888dd60708d2e to remote] DEBUG org.apache.http.impl.execchain.MainClientExec - Target auth state: UNCHALLENGED
12:52:26.087 [Forwarding setTimeout on session e65b40f51ec0f04df17888dd60708d2e to remote] DEBUG org.apache.http.impl.execchain.MainClientExec - Proxy auth state: UNCHALLENGED
12:52:26.087 [Forwarding setTimeout on session e65b40f51ec0f04df17888dd60708d2e to remote] DEBUG org.apache.http.headers - http-outgoing-21 >> POST /session/e65b40f51ec0f04df17888dd60708d2e/timeouts HTTP/1.1
12:52:26.087 [Forwarding setTimeout on session e65b40f51ec0f04df17888dd60708d2e to remote] DEBUG org.apache.http.headers - http-outgoing-21 >> Content-Type: application/json; charset=utf-8
12:52:26.087 [Forwarding setTimeout on session e65b40f51ec0f04df17888dd60708d2e to remote] DEBUG org.apache.http.headers - http-outgoing-21 >> Content-Length: 18
12:52:26.087 [Forwarding setTimeout on session e65b40f51ec0f04df17888dd60708d2e to remote] DEBUG org.apache.http.headers - http-outgoing-21 >> Host: localhost:34550
12:52:26.087 [Forwarding setTimeout on session e65b40f51ec0f04df17888dd60708d2e to remote] DEBUG org.apache.http.headers - http-outgoing-21 >> Connection: Keep-Alive
12:52:26.087 [Forwarding setTimeout on session e65b40f51ec0f04df17888dd60708d2e to remote] DEBUG org.apache.http.headers - http-outgoing-21 >> User-Agent: Apache-HttpClient/4.5.3 (Java/1.8.0_211)
12:52:26.087 [Forwarding setTimeout on session e65b40f51ec0f04df17888dd60708d2e to remote] DEBUG org.apache.http.headers - http-outgoing-21 >> Accept-Encoding: gzip,deflate
12:52:26.087 [Forwarding setTimeout on session e65b40f51ec0f04df17888dd60708d2e to remote] DEBUG org.apache.http.wire - http-outgoing-21 >> "POST /session/e65b40f51ec0f04df17888dd60708d2e/timeouts HTTP/1.1[\r][\n]"
12:52:26.087 [Forwarding setTimeout on session e65b40f51ec0f04df17888dd60708d2e to remote] DEBUG org.apache.http.wire - http-outgoing-21 >> "Content-Type: application/json; charset=utf-8[\r][\n]"
12:52:26.087 [Forwarding setTimeout on session e65b40f51ec0f04df17888dd60708d2e to remote] DEBUG org.apache.http.wire - http-outgoing-21 >> "Content-Length: 18[\r][\n]"
12:52:26.087 [Forwarding setTimeout on session e65b40f51ec0f04df17888dd60708d2e to remote] DEBUG org.apache.http.wire - http-outgoing-21 >> "Host: localhost:34550[\r][\n]"
12:52:26.087 [Forwarding setTimeout on session e65b40f51ec0f04df17888dd60708d2e to remote] DEBUG org.apache.http.wire - http-outgoing-21 >> "Connection: Keep-Alive[\r][\n]"
12:52:26.087 [Forwarding setTimeout on session e65b40f51ec0f04df17888dd60708d2e to remote] DEBUG org.apache.http.wire - http-outgoing-21 >> "User-Agent: Apache-HttpClient/4.5.3 (Java/1.8.0_211)[\r][\n]"
12:52:26.087 [Forwarding setTimeout on session e65b40f51ec0f04df17888dd60708d2e to remote] DEBUG org.apache.http.wire - http-outgoing-21 >> "Accept-Encoding: gzip,deflate[\r][\n]"
12:52:26.087 [Forwarding setTimeout on session e65b40f51ec0f04df17888dd60708d2e to remote] DEBUG org.apache.http.wire - http-outgoing-21 >> "[\r][\n]"
12:52:26.087 [Forwarding setTimeout on session e65b40f51ec0f04df17888dd60708d2e to remote] DEBUG org.apache.http.wire - http-outgoing-21 >> "{"implicit":10000}"
12:52:26.087 [Forwarding setTimeout on session e65b40f51ec0f04df17888dd60708d2e to remote] DEBUG org.apache.http.wire - http-outgoing-21 << "HTTP/1.1 200 OK[\r][\n]"
12:52:26.087 [Forwarding setTimeout on session e65b40f51ec0f04df17888dd60708d2e to remote] DEBUG org.apache.http.wire - http-outgoing-21 << "Content-Length:14[\r][\n]"
12:52:26.087 [Forwarding setTimeout on session e65b40f51ec0f04df17888dd60708d2e to remote] DEBUG org.apache.http.wire - http-outgoing-21 << "Content-Type:application/json; charset=utf-8[\r][\n]"
12:52:26.087 [Forwarding setTimeout on session e65b40f51ec0f04df17888dd60708d2e to remote] DEBUG org.apache.http.wire - http-outgoing-21 << "cache-control:no-cache[\r][\n]"
12:52:26.087 [Forwarding setTimeout on session e65b40f51ec0f04df17888dd60708d2e to remote] DEBUG org.apache.http.wire - http-outgoing-21 << "[\r][\n]"
12:52:26.087 [Forwarding setTimeout on session e65b40f51ec0f04df17888dd60708d2e to remote] DEBUG org.apache.http.wire - http-outgoing-21 << "{"value":null}"
12:52:26.087 [Forwarding setTimeout on session e65b40f51ec0f04df17888dd60708d2e to remote] DEBUG org.apache.http.headers - http-outgoing-21 << HTTP/1.1 200 OK
12:52:26.087 [Forwarding setTimeout on session e65b40f51ec0f04df17888dd60708d2e to remote] DEBUG org.apache.http.headers - http-outgoing-21 << Content-Length:14
12:52:26.087 [Forwarding setTimeout on session e65b40f51ec0f04df17888dd60708d2e to remote] DEBUG org.apache.http.headers - http-outgoing-21 << Content-Type:application/json; charset=utf-8
12:52:26.087 [Forwarding setTimeout on session e65b40f51ec0f04df17888dd60708d2e to remote] DEBUG org.apache.http.headers - http-outgoing-21 << cache-control:no-cache
12:52:26.087 [Forwarding setTimeout on session e65b40f51ec0f04df17888dd60708d2e to remote] DEBUG org.apache.http.impl.execchain.MainClientExec - Connection can be kept alive indefinitely
12:52:26.087 [Forwarding setTimeout on session e65b40f51ec0f04df17888dd60708d2e to remote] DEBUG org.apache.http.impl.conn.PoolingHttpClientConnectionManager - Connection [id: 21][route: {}->http://localhost:34550] can be kept alive indefinitely
12:52:26.087 [Forwarding setTimeout on session e65b40f51ec0f04df17888dd60708d2e to remote] DEBUG org.apache.http.impl.conn.PoolingHttpClientConnectionManager - Connection released: [id: 21][route: {}->http://localhost:34550][total kept alive: 4; route allocated: 1 of 2000; total allocated: 4 of 2000]
LOGIN
12:52:26.088 [Forwarding setCurrentWindowSize on session e65b40f51ec0f04df17888dd60708d2e to remote] DEBUG org.apache.http.client.protocol.RequestAddCookies - CookieSpec selected: default
12:52:26.088 [Forwarding setCurrentWindowSize on session e65b40f51ec0f04df17888dd60708d2e to remote] DEBUG org.apache.http.client.protocol.RequestAuthCache - Auth cache not set in the context
12:52:26.088 [Forwarding setCurrentWindowSize on session e65b40f51ec0f04df17888dd60708d2e to remote] DEBUG org.apache.http.impl.conn.PoolingHttpClientConnectionManager - Connection request: [route: {}->http://localhost:34550][total kept alive: 4; route allocated: 1 of 2000; total allocated: 4 of 2000]
12:52:26.088 [Forwarding setCurrentWindowSize on session e65b40f51ec0f04df17888dd60708d2e to remote] DEBUG org.apache.http.impl.conn.PoolingHttpClientConnectionManager - Connection leased: [id: 21][route: {}->http://localhost:34550][total kept alive: 3; route allocated: 1 of 2000; total allocated: 4 of 2000]
12:52:26.088 [Forwarding setCurrentWindowSize on session e65b40f51ec0f04df17888dd60708d2e to remote] DEBUG org.apache.http.impl.execchain.MainClientExec - Stale connection check
12:52:26.089 [Forwarding setCurrentWindowSize on session e65b40f51ec0f04df17888dd60708d2e to remote] DEBUG org.apache.http.wire - http-outgoing-21 << "[read] I/O error: Read timed out"
12:52:26.089 [Forwarding setCurrentWindowSize on session e65b40f51ec0f04df17888dd60708d2e to remote] DEBUG org.apache.http.impl.conn.DefaultManagedHttpClientConnection - http-outgoing-21: set socket timeout to 10800000
12:52:26.089 [Forwarding setCurrentWindowSize on session e65b40f51ec0f04df17888dd60708d2e to remote] DEBUG org.apache.http.impl.execchain.MainClientExec - Executing request POST /session/e65b40f51ec0f04df17888dd60708d2e/window/rect HTTP/1.1
12:52:26.089 [Forwarding setCurrentWindowSize on session e65b40f51ec0f04df17888dd60708d2e to remote] DEBUG org.apache.http.impl.execchain.MainClientExec - Target auth state: UNCHALLENGED
12:52:26.089 [Forwarding setCurrentWindowSize on session e65b40f51ec0f04df17888dd60708d2e to remote] DEBUG org.apache.http.impl.execchain.MainClientExec - Proxy auth state: UNCHALLENGED
12:52:26.089 [Forwarding setCurrentWindowSize on session e65b40f51ec0f04df17888dd60708d2e to remote] DEBUG org.apache.http.headers - http-outgoing-21 >> POST /session/e65b40f51ec0f04df17888dd60708d2e/window/rect HTTP/1.1
12:52:26.089 [Forwarding setCurrentWindowSize on session e65b40f51ec0f04df17888dd60708d2e to remote] DEBUG org.apache.http.headers - http-outgoing-21 >> Content-Type: application/json; charset=utf-8
12:52:26.089 [Forwarding setCurrentWindowSize on session e65b40f51ec0f04df17888dd60708d2e to remote] DEBUG org.apache.http.headers - http-outgoing-21 >> Content-Length: 28
12:52:26.089 [Forwarding setCurrentWindowSize on session e65b40f51ec0f04df17888dd60708d2e to remote] DEBUG org.apache.http.headers - http-outgoing-21 >> Host: localhost:34550
12:52:26.089 [Forwarding setCurrentWindowSize on session e65b40f51ec0f04df17888dd60708d2e to remote] DEBUG org.apache.http.headers - http-outgoing-21 >> Connection: Keep-Alive
12:52:26.089 [Forwarding setCurrentWindowSize on session e65b40f51ec0f04df17888dd60708d2e to remote] DEBUG org.apache.http.headers - http-outgoing-21 >> User-Agent: Apache-HttpClient/4.5.3 (Java/1.8.0_211)
12:52:26.089 [Forwarding setCurrentWindowSize on session e65b40f51ec0f04df17888dd60708d2e to remote] DEBUG org.apache.http.headers - http-outgoing-21 >> Accept-Encoding: gzip,deflate
12:52:26.090 [Forwarding setCurrentWindowSize on session e65b40f51ec0f04df17888dd60708d2e to remote] DEBUG org.apache.http.wire - http-outgoing-21 >> "POST /session/e65b40f51ec0f04df17888dd60708d2e/window/rect HTTP/1.1[\r][\n]"
12:52:26.090 [Forwarding setCurrentWindowSize on session e65b40f51ec0f04df17888dd60708d2e to remote] DEBUG org.apache.http.wire - http-outgoing-21 >> "Content-Type: application/json; charset=utf-8[\r][\n]"
12:52:26.090 [Forwarding setCurrentWindowSize on session e65b40f51ec0f04df17888dd60708d2e to remote] DEBUG org.apache.http.wire - http-outgoing-21 >> "Content-Length: 28[\r][\n]"
12:52:26.090 [Forwarding setCurrentWindowSize on session e65b40f51ec0f04df17888dd60708d2e to remote] DEBUG org.apache.http.wire - http-outgoing-21 >> "Host: localhost:34550[\r][\n]"
12:52:26.090 [Forwarding setCurrentWindowSize on session e65b40f51ec0f04df17888dd60708d2e to remote] DEBUG org.apache.http.wire - http-outgoing-21 >> "Connection: Keep-Alive[\r][\n]"
12:52:26.090 [Forwarding setCurrentWindowSize on session e65b40f51ec0f04df17888dd60708d2e to remote] DEBUG org.apache.http.wire - http-outgoing-21 >> "User-Agent: Apache-HttpClient/4.5.3 (Java/1.8.0_211)[\r][\n]"
12:52:26.090 [Forwarding setCurrentWindowSize on session e65b40f51ec0f04df17888dd60708d2e to remote] DEBUG org.apache.http.wire - http-outgoing-21 >> "Accept-Encoding: gzip,deflate[\r][\n]"
12:52:26.090 [Forwarding setCurrentWindowSize on session e65b40f51ec0f04df17888dd60708d2e to remote] DEBUG org.apache.http.wire - http-outgoing-21 >> "[\r][\n]"
12:52:26.090 [Forwarding setCurrentWindowSize on session e65b40f51ec0f04df17888dd60708d2e to remote] DEBUG org.apache.http.wire - http-outgoing-21 >> "{"width":2560,"height":1440}"
12:52:26.233 [Forwarding setCurrentWindowSize on session e65b40f51ec0f04df17888dd60708d2e to remote] DEBUG org.apache.http.wire - http-outgoing-21 << "HTTP/1.1 200 OK[\r][\n]"
12:52:26.233 [Forwarding setCurrentWindowSize on session e65b40f51ec0f04df17888dd60708d2e to remote] DEBUG org.apache.http.wire - http-outgoing-21 << "Content-Length:52[\r][\n]"
12:52:26.233 [Forwarding setCurrentWindowSize on session e65b40f51ec0f04df17888dd60708d2e to remote] DEBUG org.apache.http.wire - http-outgoing-21 << "Content-Type:application/json; charset=utf-8[\r][\n]"
12:52:26.233 [Forwarding setCurrentWindowSize on session e65b40f51ec0f04df17888dd60708d2e to remote] DEBUG org.apache.http.wire - http-outgoing-21 << "cache-control:no-cache[\r][\n]"
12:52:26.233 [Forwarding setCurrentWindowSize on session e65b40f51ec0f04df17888dd60708d2e to remote] DEBUG org.apache.http.wire - http-outgoing-21 << "[\r][\n]"
12:52:26.233 [Forwarding setCurrentWindowSize on session e65b40f51ec0f04df17888dd60708d2e to remote] DEBUG org.apache.http.wire - http-outgoing-21 << "{"value":{"height":1366,"width":2560,"x":22,"y":23}}"
12:52:26.233 [Forwarding setCurrentWindowSize on session e65b40f51ec0f04df17888dd60708d2e to remote] DEBUG org.apache.http.headers - http-outgoing-21 << HTTP/1.1 200 OK
12:52:26.233 [Forwarding setCurrentWindowSize on session e65b40f51ec0f04df17888dd60708d2e to remote] DEBUG org.apache.http.headers - http-outgoing-21 << Content-Length:52
12:52:26.233 [Forwarding setCurrentWindowSize on session e65b40f51ec0f04df17888dd60708d2e to remote] DEBUG org.apache.http.headers - http-outgoing-21 << Content-Type:application/json; charset=utf-8
12:52:26.233 [Forwarding setCurrentWindowSize on session e65b40f51ec0f04df17888dd60708d2e to remote] DEBUG org.apache.http.headers - http-outgoing-21 << cache-control:no-cache
12:52:26.233 [Forwarding setCurrentWindowSize on session e65b40f51ec0f04df17888dd60708d2e to remote] DEBUG org.apache.http.impl.execchain.MainClientExec - Connection can be kept alive indefinitely
12:52:26.233 [Forwarding setCurrentWindowSize on session e65b40f51ec0f04df17888dd60708d2e to remote] DEBUG org.apache.http.impl.conn.PoolingHttpClientConnectionManager - Connection [id: 21][route: {}->http://localhost:34550] can be kept alive indefinitely
12:52:26.233 [Forwarding setCurrentWindowSize on session e65b40f51ec0f04df17888dd60708d2e to remote] DEBUG org.apache.http.impl.conn.PoolingHttpClientConnectionManager - Connection released: [id: 21][route: {}->http://localhost:34550][total kept alive: 4; route allocated: 1 of 2000; total allocated: 4 of 2000]
12:52:26.437 [Forwarding findElement on session e65b40f51ec0f04df17888dd60708d2e to remote] DEBUG org.apache.http.client.protocol.RequestAddCookies - CookieSpec selected: default
12:52:26.437 [Forwarding findElement on session e65b40f51ec0f04df17888dd60708d2e to remote] DEBUG org.apache.http.client.protocol.RequestAuthCache - Auth cache not set in the context
12:52:26.437 [Forwarding findElement on session e65b40f51ec0f04df17888dd60708d2e to remote] DEBUG org.apache.http.impl.conn.PoolingHttpClientConnectionManager - Connection request: [route: {}->http://localhost:34550][total kept alive: 4; route allocated: 1 of 2000; total allocated: 4 of 2000]
12:52:26.437 [Forwarding findElement on session e65b40f51ec0f04df17888dd60708d2e to remote] DEBUG org.apache.http.impl.conn.PoolingHttpClientConnectionManager - Connection leased: [id: 21][route: {}->http://localhost:34550][total kept alive: 3; route allocated: 1 of 2000; total allocated: 4 of 2000]
12:52:26.437 [Forwarding findElement on session e65b40f51ec0f04df17888dd60708d2e to remote] DEBUG org.apache.http.impl.execchain.MainClientExec - Stale connection check
12:52:26.438 [Forwarding findElement on session e65b40f51ec0f04df17888dd60708d2e to remote] DEBUG org.apache.http.wire - http-outgoing-21 << "[read] I/O error: Read timed out"
12:52:26.438 [Forwarding findElement on session e65b40f51ec0f04df17888dd60708d2e to remote] DEBUG org.apache.http.impl.conn.DefaultManagedHttpClientConnection - http-outgoing-21: set socket timeout to 10800000
12:52:26.438 [Forwarding findElement on session e65b40f51ec0f04df17888dd60708d2e to remote] DEBUG org.apache.http.impl.execchain.MainClientExec - Executing request POST /session/e65b40f51ec0f04df17888dd60708d2e/element HTTP/1.1
12:52:26.438 [Forwarding findElement on session e65b40f51ec0f04df17888dd60708d2e to remote] DEBUG org.apache.http.impl.execchain.MainClientExec - Target auth state: UNCHALLENGED
12:52:26.438 [Forwarding findElement on session e65b40f51ec0f04df17888dd60708d2e to remote] DEBUG org.apache.http.impl.execchain.MainClientExec - Proxy auth state: UNCHALLENGED
12:52:26.438 [Forwarding findElement on session e65b40f51ec0f04df17888dd60708d2e to remote] DEBUG org.apache.http.headers - http-outgoing-21 >> POST /session/e65b40f51ec0f04df17888dd60708d2e/element HTTP/1.1
12:52:26.438 [Forwarding findElement on session e65b40f51ec0f04df17888dd60708d2e to remote] DEBUG org.apache.http.headers - http-outgoing-21 >> Content-Type: application/json; charset=utf-8
12:52:26.438 [Forwarding findElement on session e65b40f51ec0f04df17888dd60708d2e to remote] DEBUG org.apache.http.headers - http-outgoing-21 >> Content-Length: 58
12:52:26.438 [Forwarding findElement on session e65b40f51ec0f04df17888dd60708d2e to remote] DEBUG org.apache.http.headers - http-outgoing-21 >> Host: localhost:34550
12:52:26.438 [Forwarding findElement on session e65b40f51ec0f04df17888dd60708d2e to remote] DEBUG org.apache.http.headers - http-outgoing-21 >> Connection: Keep-Alive
12:52:26.438 [Forwarding findElement on session e65b40f51ec0f04df17888dd60708d2e to remote] DEBUG org.apache.http.headers - http-outgoing-21 >> User-Agent: Apache-HttpClient/4.5.3 (Java/1.8.0_211)
12:52:26.438 [Forwarding findElement on session e65b40f51ec0f04df17888dd60708d2e to remote] DEBUG org.apache.http.headers - http-outgoing-21 >> Accept-Encoding: gzip,deflate
12:52:26.438 [Forwarding findElement on session e65b40f51ec0f04df17888dd60708d2e to remote] DEBUG org.apache.http.wire - http-outgoing-21 >> "POST /session/e65b40f51ec0f04df17888dd60708d2e/element HTTP/1.1[\r][\n]"
12:52:26.438 [Forwarding findElement on session e65b40f51ec0f04df17888dd60708d2e to remote] DEBUG org.apache.http.wire - http-outgoing-21 >> "Content-Type: application/json; charset=utf-8[\r][\n]"
12:52:26.438 [Forwarding findElement on session e65b40f51ec0f04df17888dd60708d2e to remote] DEBUG org.apache.http.wire - http-outgoing-21 >> "Content-Length: 58[\r][\n]"
12:52:26.438 [Forwarding findElement on session e65b40f51ec0f04df17888dd60708d2e to remote] DEBUG org.apache.http.wire - http-outgoing-21 >> "Host: localhost:34550[\r][\n]"
12:52:26.438 [Forwarding findElement on session e65b40f51ec0f04df17888dd60708d2e to remote] DEBUG org.apache.http.wire - http-outgoing-21 >> "Connection: Keep-Alive[\r][\n]"
12:52:26.438 [Forwarding findElement on session e65b40f51ec0f04df17888dd60708d2e to remote] DEBUG org.apache.http.wire - http-outgoing-21 >> "User-Agent: Apache-HttpClient/4.5.3 (Java/1.8.0_211)[\r][\n]"
12:52:26.438 [Forwarding findElement on session e65b40f51ec0f04df17888dd60708d2e to remote] DEBUG org.apache.http.wire - http-outgoing-21 >> "Accept-Encoding: gzip,deflate[\r][\n]"
12:52:26.438 [Forwarding findElement on session e65b40f51ec0f04df17888dd60708d2e to remote] DEBUG org.apache.http.wire - http-outgoing-21 >> "[\r][\n]"
12:52:26.438 [Forwarding findElement on session e65b40f51ec0f04df17888dd60708d2e to remote] DEBUG org.apache.http.wire - http-outgoing-21 >> "{"value":".dropdown-toggle > span","using":"css selector"}"
12:52:26.445 [Forwarding findElement on session e65b40f51ec0f04df17888dd60708d2e to remote] DEBUG org.apache.http.wire - http-outgoing-21 << "HTTP/1.1 200 OK[\r][\n]"
12:52:26.445 [Forwarding findElement on session e65b40f51ec0f04df17888dd60708d2e to remote] DEBUG org.apache.http.wire - http-outgoing-21 << "Content-Length:88[\r][\n]"
12:52:26.445 [Forwarding findElement on session e65b40f51ec0f04df17888dd60708d2e to remote] DEBUG org.apache.http.wire - http-outgoing-21 << "Content-Type:application/json; charset=utf-8[\r][\n]"
12:52:26.445 [Forwarding findElement on session e65b40f51ec0f04df17888dd60708d2e to remote] DEBUG org.apache.http.wire - http-outgoing-21 << "cache-control:no-cache[\r][\n]"
12:52:26.445 [Forwarding findElement on session e65b40f51ec0f04df17888dd60708d2e to remote] DEBUG org.apache.http.wire - http-outgoing-21 << "[\r][\n]"
12:52:26.445 [Forwarding findElement on session e65b40f51ec0f04df17888dd60708d2e to remote] DEBUG org.apache.http.wire - http-outgoing-21 << "{"value":{"element-6066-11e4-a52e-4f735466cecf":"29f4a588-842e-4125-803c-3358d9ec3064"}}"
12:52:26.445 [Forwarding findElement on session e65b40f51ec0f04df17888dd60708d2e to remote] DEBUG org.apache.http.headers - http-outgoing-21 << HTTP/1.1 200 OK
12:52:26.445 [Forwarding findElement on session e65b40f51ec0f04df17888dd60708d2e to remote] DEBUG org.apache.http.headers - http-outgoing-21 << Content-Length:88
12:52:26.445 [Forwarding findElement on session e65b40f51ec0f04df17888dd60708d2e to remote] DEBUG org.apache.http.headers - http-outgoing-21 << Content-Type:application/json; charset=utf-8
12:52:26.445 [Forwarding findElement on session e65b40f51ec0f04df17888dd60708d2e to remote] DEBUG org.apache.http.headers - http-outgoing-21 << cache-control:no-cache
12:52:26.445 [Forwarding findElement on session e65b40f51ec0f04df17888dd60708d2e to remote] DEBUG org.apache.http.impl.execchain.MainClientExec - Connection can be kept alive indefinitely
12:52:26.445 [Forwarding findElement on session e65b40f51ec0f04df17888dd60708d2e to remote] DEBUG org.apache.http.impl.conn.PoolingHttpClientConnectionManager - Connection [id: 21][route: {}->http://localhost:34550] can be kept alive indefinitely
12:52:26.445 [Forwarding findElement on session e65b40f51ec0f04df17888dd60708d2e to remote] DEBUG org.apache.http.impl.conn.PoolingHttpClientConnectionManager - Connection released: [id: 21][route: {}->http://localhost:34550][total kept alive: 4; route allocated: 1 of 2000; total allocated: 4 of 2000]
12:52:26.446 [Forwarding actions on session e65b40f51ec0f04df17888dd60708d2e to remote] DEBUG org.apache.http.client.protocol.RequestAddCookies - CookieSpec selected: default
12:52:26.446 [Forwarding actions on session e65b40f51ec0f04df17888dd60708d2e to remote] DEBUG org.apache.http.client.protocol.RequestAuthCache - Auth cache not set in the context
12:52:26.446 [Forwarding actions on session e65b40f51ec0f04df17888dd60708d2e to remote] DEBUG org.apache.http.impl.conn.PoolingHttpClientConnectionManager - Connection request: [route: {}->http://localhost:34550][total kept alive: 4; route allocated: 1 of 2000; total allocated: 4 of 2000]
12:52:26.446 [Forwarding actions on session e65b40f51ec0f04df17888dd60708d2e to remote] DEBUG org.apache.http.impl.conn.PoolingHttpClientConnectionManager - Connection leased: [id: 21][route: {}->http://localhost:34550][total kept alive: 3; route allocated: 1 of 2000; total allocated: 4 of 2000]
12:52:26.446 [Forwarding actions on session e65b40f51ec0f04df17888dd60708d2e to remote] DEBUG org.apache.http.impl.execchain.MainClientExec - Stale connection check
12:52:26.448 [Forwarding actions on session e65b40f51ec0f04df17888dd60708d2e to remote] DEBUG org.apache.http.wire - http-outgoing-21 << "[read] I/O error: Read timed out"
12:52:26.448 [Forwarding actions on session e65b40f51ec0f04df17888dd60708d2e to remote] DEBUG org.apache.http.impl.conn.DefaultManagedHttpClientConnection - http-outgoing-21: set socket timeout to 10800000
12:52:26.448 [Forwarding actions on session e65b40f51ec0f04df17888dd60708d2e to remote] DEBUG org.apache.http.impl.execchain.MainClientExec - Executing request POST /session/e65b40f51ec0f04df17888dd60708d2e/actions HTTP/1.1
12:52:26.448 [Forwarding actions on session e65b40f51ec0f04df17888dd60708d2e to remote] DEBUG org.apache.http.impl.execchain.MainClientExec - Target auth state: UNCHALLENGED
12:52:26.448 [Forwarding actions on session e65b40f51ec0f04df17888dd60708d2e to remote] DEBUG org.apache.http.impl.execchain.MainClientExec - Proxy auth state: UNCHALLENGED
12:52:26.448 [Forwarding actions on session e65b40f51ec0f04df17888dd60708d2e to remote] DEBUG org.apache.http.headers - http-outgoing-21 >> POST /session/e65b40f51ec0f04df17888dd60708d2e/actions HTTP/1.1
12:52:26.448 [Forwarding actions on session e65b40f51ec0f04df17888dd60708d2e to remote] DEBUG org.apache.http.headers - http-outgoing-21 >> Content-Type: application/json; charset=utf-8
12:52:26.448 [Forwarding actions on session e65b40f51ec0f04df17888dd60708d2e to remote] DEBUG org.apache.http.headers - http-outgoing-21 >> Content-Length: 289
12:52:26.448 [Forwarding actions on session e65b40f51ec0f04df17888dd60708d2e to remote] DEBUG org.apache.http.headers - http-outgoing-21 >> Host: localhost:34550
12:52:26.448 [Forwarding actions on session e65b40f51ec0f04df17888dd60708d2e to remote] DEBUG org.apache.http.headers - http-outgoing-21 >> Connection: Keep-Alive
12:52:26.448 [Forwarding actions on session e65b40f51ec0f04df17888dd60708d2e to remote] DEBUG org.apache.http.headers - http-outgoing-21 >> User-Agent: Apache-HttpClient/4.5.3 (Java/1.8.0_211)
12:52:26.448 [Forwarding actions on session e65b40f51ec0f04df17888dd60708d2e to remote] DEBUG org.apache.http.headers - http-outgoing-21 >> Accept-Encoding: gzip,deflate
12:52:26.448 [Forwarding actions on session e65b40f51ec0f04df17888dd60708d2e to remote] DEBUG org.apache.http.wire - http-outgoing-21 >> "POST /session/e65b40f51ec0f04df17888dd60708d2e/actions HTTP/1.1[\r][\n]"
12:52:26.448 [Forwarding actions on session e65b40f51ec0f04df17888dd60708d2e to remote] DEBUG org.apache.http.wire - http-outgoing-21 >> "Content-Type: application/json; charset=utf-8[\r][\n]"
12:52:26.448 [Forwarding actions on session e65b40f51ec0f04df17888dd60708d2e to remote] DEBUG org.apache.http.wire - http-outgoing-21 >> "Content-Length: 289[\r][\n]"
12:52:26.448 [Forwarding actions on session e65b40f51ec0f04df17888dd60708d2e to remote] DEBUG org.apache.http.wire - http-outgoing-21 >> "Host: localhost:34550[\r][\n]"
12:52:26.448 [Forwarding actions on session e65b40f51ec0f04df17888dd60708d2e to remote] DEBUG org.apache.http.wire - http-outgoing-21 >> "Connection: Keep-Alive[\r][\n]"
12:52:26.448 [Forwarding actions on session e65b40f51ec0f04df17888dd60708d2e to remote] DEBUG org.apache.http.wire - http-outgoing-21 >> "User-Agent: Apache-HttpClient/4.5.3 (Java/1.8.0_211)[\r][\n]"
12:52:26.448 [Forwarding actions on session e65b40f51ec0f04df17888dd60708d2e to remote] DEBUG org.apache.http.wire - http-outgoing-21 >> "Accept-Encoding: gzip,deflate[\r][\n]"
12:52:26.448 [Forwarding actions on session e65b40f51ec0f04df17888dd60708d2e to remote] DEBUG org.apache.http.wire - http-outgoing-21 >> "[\r][\n]"
12:52:26.448 [Forwarding actions on session e65b40f51ec0f04df17888dd60708d2e to remote] DEBUG org.apache.http.wire - http-outgoing-21 >> "{"actions":[{"id":"default mouse","type":"pointer","parameters":{"pointerType":"mouse"},"actions":[{"duration":100,"x":0,"y":0,"type":"pointerMove","origin":{"ELEMENT":"29f4a588-842e-4125-803c-3358d9ec3064","element-6066-11e4-a52e-4f735466cecf":"29f4a588-842e-4125-803c-3358d9ec3064"}}]}]}"
12:52:26.561 [Forwarding actions on session e65b40f51ec0f04df17888dd60708d2e to remote] DEBUG org.apache.http.wire - http-outgoing-21 << "HTTP/1.1 200 OK[\r][\n]"
12:52:26.561 [Forwarding actions on session e65b40f51ec0f04df17888dd60708d2e to remote] DEBUG org.apache.http.wire - http-outgoing-21 << "Content-Length:14[\r][\n]"
12:52:26.561 [Forwarding actions on session e65b40f51ec0f04df17888dd60708d2e to remote] DEBUG org.apache.http.wire - http-outgoing-21 << "Content-Type:application/json; charset=utf-8[\r][\n]"
12:52:26.561 [Forwarding actions on session e65b40f51ec0f04df17888dd60708d2e to remote] DEBUG org.apache.http.wire - http-outgoing-21 << "cache-control:no-cache[\r][\n]"
12:52:26.561 [Forwarding actions on session e65b40f51ec0f04df17888dd60708d2e to remote] DEBUG org.apache.http.wire - http-outgoing-21 << "[\r][\n]"
12:52:26.561 [Forwarding actions on session e65b40f51ec0f04df17888dd60708d2e to remote] DEBUG org.apache.http.wire - http-outgoing-21 << "{"value":null}"
12:52:26.561 [Forwarding actions on session e65b40f51ec0f04df17888dd60708d2e to remote] DEBUG org.apache.http.headers - http-outgoing-21 << HTTP/1.1 200 OK
12:52:26.561 [Forwarding actions on session e65b40f51ec0f04df17888dd60708d2e to remote] DEBUG org.apache.http.headers - http-outgoing-21 << Content-Length:14
12:52:26.561 [Forwarding actions on session e65b40f51ec0f04df17888dd60708d2e to remote] DEBUG org.apache.http.headers - http-outgoing-21 << Content-Type:application/json; charset=utf-8
12:52:26.561 [Forwarding actions on session e65b40f51ec0f04df17888dd60708d2e to remote] DEBUG org.apache.http.headers - http-outgoing-21 << cache-control:no-cache
12:52:26.561 [Forwarding actions on session e65b40f51ec0f04df17888dd60708d2e to remote] DEBUG org.apache.http.impl.execchain.MainClientExec - Connection can be kept alive indefinitely
12:52:26.561 [Forwarding actions on session e65b40f51ec0f04df17888dd60708d2e to remote] DEBUG org.apache.http.impl.conn.PoolingHttpClientConnectionManager - Connection [id: 21][route: {}->http://localhost:34550] can be kept alive indefinitely
12:52:26.561 [Forwarding actions on session e65b40f51ec0f04df17888dd60708d2e to remote] DEBUG org.apache.http.impl.conn.PoolingHttpClientConnectionManager - Connection released: [id: 21][route: {}->http://localhost:34550][total kept alive: 4; route allocated: 1 of 2000; total allocated: 4 of 2000]
12:52:26.562 [Forwarding findElement on session e65b40f51ec0f04df17888dd60708d2e to remote] DEBUG org.apache.http.client.protocol.RequestAddCookies - CookieSpec selected: default
12:52:26.562 [Forwarding findElement on session e65b40f51ec0f04df17888dd60708d2e to remote] DEBUG org.apache.http.client.protocol.RequestAuthCache - Auth cache not set in the context
12:52:26.562 [Forwarding findElement on session e65b40f51ec0f04df17888dd60708d2e to remote] DEBUG org.apache.http.impl.conn.PoolingHttpClientConnectionManager - Connection request: [route: {}->http://localhost:34550][total kept alive: 4; route allocated: 1 of 2000; total allocated: 4 of 2000]
12:52:26.562 [Forwarding findElement on session e65b40f51ec0f04df17888dd60708d2e to remote] DEBUG org.apache.http.impl.conn.PoolingHttpClientConnectionManager - Connection leased: [id: 21][route: {}->http://localhost:34550][total kept alive: 3; route allocated: 1 of 2000; total allocated: 4 of 2000]
12:52:26.562 [Forwarding findElement on session e65b40f51ec0f04df17888dd60708d2e to remote] DEBUG org.apache.http.impl.execchain.MainClientExec - Stale connection check
12:52:26.563 [Forwarding findElement on session e65b40f51ec0f04df17888dd60708d2e to remote] DEBUG org.apache.http.wire - http-outgoing-21 << "[read] I/O error: Read timed out"
12:52:26.563 [Forwarding findElement on session e65b40f51ec0f04df17888dd60708d2e to remote] DEBUG org.apache.http.impl.conn.DefaultManagedHttpClientConnection - http-outgoing-21: set socket timeout to 10800000
12:52:26.563 [Forwarding findElement on session e65b40f51ec0f04df17888dd60708d2e to remote] DEBUG org.apache.http.impl.execchain.MainClientExec - Executing request POST /session/e65b40f51ec0f04df17888dd60708d2e/element HTTP/1.1
12:52:26.563 [Forwarding findElement on session e65b40f51ec0f04df17888dd60708d2e to remote] DEBUG org.apache.http.impl.execchain.MainClientExec - Target auth state: UNCHALLENGED
12:52:26.563 [Forwarding findElement on session e65b40f51ec0f04df17888dd60708d2e to remote] DEBUG org.apache.http.impl.execchain.MainClientExec - Proxy auth state: UNCHALLENGED
12:52:26.563 [Forwarding findElement on session e65b40f51ec0f04df17888dd60708d2e to remote] DEBUG org.apache.http.headers - http-outgoing-21 >> POST /session/e65b40f51ec0f04df17888dd60708d2e/element HTTP/1.1
12:52:26.563 [Forwarding findElement on session e65b40f51ec0f04df17888dd60708d2e to remote] DEBUG org.apache.http.headers - http-outgoing-21 >> Content-Type: application/json; charset=utf-8
12:52:26.563 [Forwarding findElement on session e65b40f51ec0f04df17888dd60708d2e to remote] DEBUG org.apache.http.headers - http-outgoing-21 >> Content-Length: 58
12:52:26.563 [Forwarding findElement on session e65b40f51ec0f04df17888dd60708d2e to remote] DEBUG org.apache.http.headers - http-outgoing-21 >> Host: localhost:34550
12:52:26.563 [Forwarding findElement on session e65b40f51ec0f04df17888dd60708d2e to remote] DEBUG org.apache.http.headers - http-outgoing-21 >> Connection: Keep-Alive
12:52:26.563 [Forwarding findElement on session e65b40f51ec0f04df17888dd60708d2e to remote] DEBUG org.apache.http.headers - http-outgoing-21 >> User-Agent: Apache-HttpClient/4.5.3 (Java/1.8.0_211)
12:52:26.563 [Forwarding findElement on session e65b40f51ec0f04df17888dd60708d2e to remote] DEBUG org.apache.http.headers - http-outgoing-21 >> Accept-Encoding: gzip,deflate
12:52:26.563 [Forwarding findElement on session e65b40f51ec0f04df17888dd60708d2e to remote] DEBUG org.apache.http.wire - http-outgoing-21 >> "POST /session/e65b40f51ec0f04df17888dd60708d2e/element HTTP/1.1[\r][\n]"
12:52:26.563 [Forwarding findElement on session e65b40f51ec0f04df17888dd60708d2e to remote] DEBUG org.apache.http.wire - http-outgoing-21 >> "Content-Type: application/json; charset=utf-8[\r][\n]"
12:52:26.563 [Forwarding findElement on session e65b40f51ec0f04df17888dd60708d2e to remote] DEBUG org.apache.http.wire - http-outgoing-21 >> "Content-Length: 58[\r][\n]"
12:52:26.563 [Forwarding findElement on session e65b40f51ec0f04df17888dd60708d2e to remote] DEBUG org.apache.http.wire - http-outgoing-21 >> "Host: localhost:34550[\r][\n]"
12:52:26.563 [Forwarding findElement on session e65b40f51ec0f04df17888dd60708d2e to remote] DEBUG org.apache.http.wire - http-outgoing-21 >> "Connection: Keep-Alive[\r][\n]"
12:52:26.563 [Forwarding findElement on session e65b40f51ec0f04df17888dd60708d2e to remote] DEBUG org.apache.http.wire - http-outgoing-21 >> "User-Agent: Apache-HttpClient/4.5.3 (Java/1.8.0_211)[\r][\n]"
12:52:26.563 [Forwarding findElement on session e65b40f51ec0f04df17888dd60708d2e to remote] DEBUG org.apache.http.wire - http-outgoing-21 >> "Accept-Encoding: gzip,deflate[\r][\n]"
12:52:26.563 [Forwarding findElement on session e65b40f51ec0f04df17888dd60708d2e to remote] DEBUG org.apache.http.wire - http-outgoing-21 >> "[\r][\n]"
12:52:26.563 [Forwarding findElement on session e65b40f51ec0f04df17888dd60708d2e to remote] DEBUG org.apache.http.wire - http-outgoing-21 >> "{"value":".px-2:nth-child(3) span","using":"css selector"}"
12:52:26.568 [Forwarding findElement on session e65b40f51ec0f04df17888dd60708d2e to remote] DEBUG org.apache.http.wire - http-outgoing-21 << "HTTP/1.1 200 OK[\r][\n]"
12:52:26.568 [Forwarding findElement on session e65b40f51ec0f04df17888dd60708d2e to remote] DEBUG org.apache.http.wire - http-outgoing-21 << "Content-Length:88[\r][\n]"
12:52:26.568 [Forwarding findElement on session e65b40f51ec0f04df17888dd60708d2e to remote] DEBUG org.apache.http.wire - http-outgoing-21 << "Content-Type:application/json; charset=utf-8[\r][\n]"
12:52:26.568 [Forwarding findElement on session e65b40f51ec0f04df17888dd60708d2e to remote] DEBUG org.apache.http.wire - http-outgoing-21 << "cache-control:no-cache[\r][\n]"
12:52:26.568 [Forwarding findElement on session e65b40f51ec0f04df17888dd60708d2e to remote] DEBUG org.apache.http.wire - http-outgoing-21 << "[\r][\n]"
12:52:26.568 [Forwarding findElement on session e65b40f51ec0f04df17888dd60708d2e to remote] DEBUG org.apache.http.wire - http-outgoing-21 << "{"value":{"element-6066-11e4-a52e-4f735466cecf":"5cdbcb7c-604f-4fed-9f03-57dd8bdec56c"}}"
12:52:26.568 [Forwarding findElement on session e65b40f51ec0f04df17888dd60708d2e to remote] DEBUG org.apache.http.headers - http-outgoing-21 << HTTP/1.1 200 OK
12:52:26.568 [Forwarding findElement on session e65b40f51ec0f04df17888dd60708d2e to remote] DEBUG org.apache.http.headers - http-outgoing-21 << Content-Length:88
12:52:26.568 [Forwarding findElement on session e65b40f51ec0f04df17888dd60708d2e to remote] DEBUG org.apache.http.headers - http-outgoing-21 << Content-Type:application/json; charset=utf-8
12:52:26.568 [Forwarding findElement on session e65b40f51ec0f04df17888dd60708d2e to remote] DEBUG org.apache.http.headers - http-outgoing-21 << cache-control:no-cache
12:52:26.568 [Forwarding findElement on session e65b40f51ec0f04df17888dd60708d2e to remote] DEBUG org.apache.http.impl.execchain.MainClientExec - Connection can be kept alive indefinitely
12:52:26.568 [Forwarding findElement on session e65b40f51ec0f04df17888dd60708d2e to remote] DEBUG org.apache.http.impl.conn.PoolingHttpClientConnectionManager - Connection [id: 21][route: {}->http://localhost:34550] can be kept alive indefinitely
12:52:26.568 [Forwarding findElement on session e65b40f51ec0f04df17888dd60708d2e to remote] DEBUG org.apache.http.impl.conn.PoolingHttpClientConnectionManager - Connection released: [id: 21][route: {}->http://localhost:34550][total kept alive: 4; route allocated: 1 of 2000; total allocated: 4 of 2000]
12:52:26.569 [Forwarding clickElement on session e65b40f51ec0f04df17888dd60708d2e to remote] DEBUG org.apache.http.client.protocol.RequestAddCookies - CookieSpec selected: default
12:52:26.569 [Forwarding clickElement on session e65b40f51ec0f04df17888dd60708d2e to remote] DEBUG org.apache.http.client.protocol.RequestAuthCache - Auth cache not set in the context
12:52:26.569 [Forwarding clickElement on session e65b40f51ec0f04df17888dd60708d2e to remote] DEBUG org.apache.http.impl.conn.PoolingHttpClientConnectionManager - Connection request: [route: {}->http://localhost:34550][total kept alive: 4; route allocated: 1 of 2000; total allocated: 4 of 2000]
12:52:26.569 [Forwarding clickElement on session e65b40f51ec0f04df17888dd60708d2e to remote] DEBUG org.apache.http.impl.conn.PoolingHttpClientConnectionManager - Connection leased: [id: 21][route: {}->http://localhost:34550][total kept alive: 3; route allocated: 1 of 2000; total allocated: 4 of 2000]
12:52:26.569 [Forwarding clickElement on session e65b40f51ec0f04df17888dd60708d2e to remote] DEBUG org.apache.http.impl.execchain.MainClientExec - Stale connection check
12:52:26.570 [Forwarding clickElement on session e65b40f51ec0f04df17888dd60708d2e to remote] DEBUG org.apache.http.wire - http-outgoing-21 << "[read] I/O error: Read timed out"
12:52:26.570 [Forwarding clickElement on session e65b40f51ec0f04df17888dd60708d2e to remote] DEBUG org.apache.http.impl.conn.DefaultManagedHttpClientConnection - http-outgoing-21: set socket timeout to 10800000
12:52:26.570 [Forwarding clickElement on session e65b40f51ec0f04df17888dd60708d2e to remote] DEBUG org.apache.http.impl.execchain.MainClientExec - Executing request POST /session/e65b40f51ec0f04df17888dd60708d2e/element/5cdbcb7c-604f-4fed-9f03-57dd8bdec56c/click HTTP/1.1
12:52:26.570 [Forwarding clickElement on session e65b40f51ec0f04df17888dd60708d2e to remote] DEBUG org.apache.http.impl.execchain.MainClientExec - Target auth state: UNCHALLENGED
12:52:26.570 [Forwarding clickElement on session e65b40f51ec0f04df17888dd60708d2e to remote] DEBUG org.apache.http.impl.execchain.MainClientExec - Proxy auth state: UNCHALLENGED
12:52:26.570 [Forwarding clickElement on session e65b40f51ec0f04df17888dd60708d2e to remote] DEBUG org.apache.http.headers - http-outgoing-21 >> POST /session/e65b40f51ec0f04df17888dd60708d2e/element/5cdbcb7c-604f-4fed-9f03-57dd8bdec56c/click HTTP/1.1
12:52:26.570 [Forwarding clickElement on session e65b40f51ec0f04df17888dd60708d2e to remote] DEBUG org.apache.http.headers - http-outgoing-21 >> Content-Type: application/json; charset=utf-8
12:52:26.570 [Forwarding clickElement on session e65b40f51ec0f04df17888dd60708d2e to remote] DEBUG org.apache.http.headers - http-outgoing-21 >> Content-Length: 45
12:52:26.570 [Forwarding clickElement on session e65b40f51ec0f04df17888dd60708d2e to remote] DEBUG org.apache.http.headers - http-outgoing-21 >> Host: localhost:34550
12:52:26.570 [Forwarding clickElement on session e65b40f51ec0f04df17888dd60708d2e to remote] DEBUG org.apache.http.headers - http-outgoing-21 >> Connection: Keep-Alive
12:52:26.570 [Forwarding clickElement on session e65b40f51ec0f04df17888dd60708d2e to remote] DEBUG org.apache.http.headers - http-outgoing-21 >> User-Agent: Apache-HttpClient/4.5.3 (Java/1.8.0_211)
12:52:26.570 [Forwarding clickElement on session e65b40f51ec0f04df17888dd60708d2e to remote] DEBUG org.apache.http.headers - http-outgoing-21 >> Accept-Encoding: gzip,deflate
12:52:26.570 [Forwarding clickElement on session e65b40f51ec0f04df17888dd60708d2e to remote] DEBUG org.apache.http.wire - http-outgoing-21 >> "POST /session/e65b40f51ec0f04df17888dd60708d2e/element/5cdbcb7c-604f-4fed-9f03-57dd8bdec56c/click HTTP/1.1[\r][\n]"
12:52:26.570 [Forwarding clickElement on session e65b40f51ec0f04df17888dd60708d2e to remote] DEBUG org.apache.http.wire - http-outgoing-21 >> "Content-Type: application/json; charset=utf-8[\r][\n]"
12:52:26.570 [Forwarding clickElement on session e65b40f51ec0f04df17888dd60708d2e to remote] DEBUG org.apache.http.wire - http-outgoing-21 >> "Content-Length: 45[\r][\n]"
12:52:26.570 [Forwarding clickElement on session e65b40f51ec0f04df17888dd60708d2e to remote] DEBUG org.apache.http.wire - http-outgoing-21 >> "Host: localhost:34550[\r][\n]"
12:52:26.570 [Forwarding clickElement on session e65b40f51ec0f04df17888dd60708d2e to remote] DEBUG org.apache.http.wire - http-outgoing-21 >> "Connection: Keep-Alive[\r][\n]"
12:52:26.570 [Forwarding clickElement on session e65b40f51ec0f04df17888dd60708d2e to remote] DEBUG org.apache.http.wire - http-outgoing-21 >> "User-Agent: Apache-HttpClient/4.5.3 (Java/1.8.0_211)[\r][\n]"
12:52:26.570 [Forwarding clickElement on session e65b40f51ec0f04df17888dd60708d2e to remote] DEBUG org.apache.http.wire - http-outgoing-21 >> "Accept-Encoding: gzip,deflate[\r][\n]"
12:52:26.570 [Forwarding clickElement on session e65b40f51ec0f04df17888dd60708d2e to remote] DEBUG org.apache.http.wire - http-outgoing-21 >> "[\r][\n]"
12:52:26.570 [Forwarding clickElement on session e65b40f51ec0f04df17888dd60708d2e to remote] DEBUG org.apache.http.wire - http-outgoing-21 >> "{"id":"5cdbcb7c-604f-4fed-9f03-57dd8bdec56c"}"
12:52:26.607 [Forwarding clickElement on session e65b40f51ec0f04df17888dd60708d2e to remote] DEBUG org.apache.http.wire - http-outgoing-21 << "HTTP/1.1 200 OK[\r][\n]"
12:52:26.607 [Forwarding clickElement on session e65b40f51ec0f04df17888dd60708d2e to remote] DEBUG org.apache.http.wire - http-outgoing-21 << "Content-Length:14[\r][\n]"
12:52:26.607 [Forwarding clickElement on session e65b40f51ec0f04df17888dd60708d2e to remote] DEBUG org.apache.http.wire - http-outgoing-21 << "Content-Type:application/json; charset=utf-8[\r][\n]"
12:52:26.607 [Forwarding clickElement on session e65b40f51ec0f04df17888dd60708d2e to remote] DEBUG org.apache.http.wire - http-outgoing-21 << "cache-control:no-cache[\r][\n]"
12:52:26.607 [Forwarding clickElement on session e65b40f51ec0f04df17888dd60708d2e to remote] DEBUG org.apache.http.wire - http-outgoing-21 << "[\r][\n]"
12:52:26.607 [Forwarding clickElement on session e65b40f51ec0f04df17888dd60708d2e to remote] DEBUG org.apache.http.wire - http-outgoing-21 << "{"value":null}"
12:52:26.607 [Forwarding clickElement on session e65b40f51ec0f04df17888dd60708d2e to remote] DEBUG org.apache.http.headers - http-outgoing-21 << HTTP/1.1 200 OK
12:52:26.607 [Forwarding clickElement on session e65b40f51ec0f04df17888dd60708d2e to remote] DEBUG org.apache.http.headers - http-outgoing-21 << Content-Length:14
12:52:26.607 [Forwarding clickElement on session e65b40f51ec0f04df17888dd60708d2e to remote] DEBUG org.apache.http.headers - http-outgoing-21 << Content-Type:application/json; charset=utf-8
12:52:26.607 [Forwarding clickElement on session e65b40f51ec0f04df17888dd60708d2e to remote] DEBUG org.apache.http.headers - http-outgoing-21 << cache-control:no-cache
12:52:26.607 [Forwarding clickElement on session e65b40f51ec0f04df17888dd60708d2e to remote] DEBUG org.apache.http.impl.execchain.MainClientExec - Connection can be kept alive indefinitely
12:52:26.607 [Forwarding clickElement on session e65b40f51ec0f04df17888dd60708d2e to remote] DEBUG org.apache.http.impl.conn.PoolingHttpClientConnectionManager - Connection [id: 21][route: {}->http://localhost:34550] can be kept alive indefinitely
12:52:26.607 [Forwarding clickElement on session e65b40f51ec0f04df17888dd60708d2e to remote] DEBUG org.apache.http.impl.conn.PoolingHttpClientConnectionManager - Connection released: [id: 21][route: {}->http://localhost:34550][total kept alive: 4; route allocated: 1 of 2000; total allocated: 4 of 2000]
12:52:26.608 [Forwarding findElement on session e65b40f51ec0f04df17888dd60708d2e to remote] DEBUG org.apache.http.client.protocol.RequestAddCookies - CookieSpec selected: default
12:52:26.608 [Forwarding findElement on session e65b40f51ec0f04df17888dd60708d2e to remote] DEBUG org.apache.http.client.protocol.RequestAuthCache - Auth cache not set in the context
12:52:26.608 [Forwarding findElement on session e65b40f51ec0f04df17888dd60708d2e to remote] DEBUG org.apache.http.impl.conn.PoolingHttpClientConnectionManager - Connection request: [route: {}->http://localhost:34550][total kept alive: 4; route allocated: 1 of 2000; total allocated: 4 of 2000]
12:52:26.608 [Forwarding findElement on session e65b40f51ec0f04df17888dd60708d2e to remote] DEBUG org.apache.http.impl.conn.PoolingHttpClientConnectionManager - Connection leased: [id: 21][route: {}->http://localhost:34550][total kept alive: 3; route allocated: 1 of 2000; total allocated: 4 of 2000]
12:52:26.608 [Forwarding findElement on session e65b40f51ec0f04df17888dd60708d2e to remote] DEBUG org.apache.http.impl.execchain.MainClientExec - Stale connection check
12:52:26.609 [Forwarding findElement on session e65b40f51ec0f04df17888dd60708d2e to remote] DEBUG org.apache.http.wire - http-outgoing-21 << "[read] I/O error: Read timed out"
12:52:26.609 [Forwarding findElement on session e65b40f51ec0f04df17888dd60708d2e to remote] DEBUG org.apache.http.impl.conn.DefaultManagedHttpClientConnection - http-outgoing-21: set socket timeout to 10800000
12:52:26.609 [Forwarding findElement on session e65b40f51ec0f04df17888dd60708d2e to remote] DEBUG org.apache.http.impl.execchain.MainClientExec - Executing request POST /session/e65b40f51ec0f04df17888dd60708d2e/element HTTP/1.1
12:52:26.609 [Forwarding findElement on session e65b40f51ec0f04df17888dd60708d2e to remote] DEBUG org.apache.http.impl.execchain.MainClientExec - Target auth state: UNCHALLENGED
12:52:26.609 [Forwarding findElement on session e65b40f51ec0f04df17888dd60708d2e to remote] DEBUG org.apache.http.impl.execchain.MainClientExec - Proxy auth state: UNCHALLENGED
12:52:26.609 [Forwarding findElement on session e65b40f51ec0f04df17888dd60708d2e to remote] DEBUG org.apache.http.headers - http-outgoing-21 >> POST /session/e65b40f51ec0f04df17888dd60708d2e/element HTTP/1.1
12:52:26.609 [Forwarding findElement on session e65b40f51ec0f04df17888dd60708d2e to remote] DEBUG org.apache.http.headers - http-outgoing-21 >> Content-Type: application/json; charset=utf-8
12:52:26.609 [Forwarding findElement on session e65b40f51ec0f04df17888dd60708d2e to remote] DEBUG org.apache.http.headers - http-outgoing-21 >> Content-Length: 61
12:52:26.609 [Forwarding findElement on session e65b40f51ec0f04df17888dd60708d2e to remote] DEBUG org.apache.http.headers - http-outgoing-21 >> Host: localhost:34550
12:52:26.609 [Forwarding findElement on session e65b40f51ec0f04df17888dd60708d2e to remote] DEBUG org.apache.http.headers - http-outgoing-21 >> Connection: Keep-Alive
12:52:26.609 [Forwarding findElement on session e65b40f51ec0f04df17888dd60708d2e to remote] DEBUG org.apache.http.headers - http-outgoing-21 >> User-Agent: Apache-HttpClient/4.5.3 (Java/1.8.0_211)
12:52:26.609 [Forwarding findElement on session e65b40f51ec0f04df17888dd60708d2e to remote] DEBUG org.apache.http.headers - http-outgoing-21 >> Accept-Encoding: gzip,deflate
12:52:26.609 [Forwarding findElement on session e65b40f51ec0f04df17888dd60708d2e to remote] DEBUG org.apache.http.wire - http-outgoing-21 >> "POST /session/e65b40f51ec0f04df17888dd60708d2e/element HTTP/1.1[\r][\n]"
12:52:26.609 [Forwarding findElement on session e65b40f51ec0f04df17888dd60708d2e to remote] DEBUG org.apache.http.wire - http-outgoing-21 >> "Content-Type: application/json; charset=utf-8[\r][\n]"
12:52:26.609 [Forwarding findElement on session e65b40f51ec0f04df17888dd60708d2e to remote] DEBUG org.apache.http.wire - http-outgoing-21 >> "Content-Length: 61[\r][\n]"
12:52:26.609 [Forwarding findElement on session e65b40f51ec0f04df17888dd60708d2e to remote] DEBUG org.apache.http.wire - http-outgoing-21 >> "Host: localhost:34550[\r][\n]"
12:52:26.609 [Forwarding findElement on session e65b40f51ec0f04df17888dd60708d2e to remote] DEBUG org.apache.http.wire - http-outgoing-21 >> "Connection: Keep-Alive[\r][\n]"
12:52:26.609 [Forwarding findElement on session e65b40f51ec0f04df17888dd60708d2e to remote] DEBUG org.apache.http.wire - http-outgoing-21 >> "User-Agent: Apache-HttpClient/4.5.3 (Java/1.8.0_211)[\r][\n]"
12:52:26.609 [Forwarding findElement on session e65b40f51ec0f04df17888dd60708d2e to remote] DEBUG org.apache.http.wire - http-outgoing-21 >> "Accept-Encoding: gzip,deflate[\r][\n]"
12:52:26.609 [Forwarding findElement on session e65b40f51ec0f04df17888dd60708d2e to remote] DEBUG org.apache.http.wire - http-outgoing-21 >> "[\r][\n]"
12:52:26.609 [Forwarding findElement on session e65b40f51ec0f04df17888dd60708d2e to remote] DEBUG org.apache.http.wire - http-outgoing-21 >> "{"value":".form-control:nth-child(2)","using":"css selector"}"
12:52:26.617 [Forwarding findElement on session e65b40f51ec0f04df17888dd60708d2e to remote] DEBUG org.apache.http.wire - http-outgoing-21 << "HTTP/1.1 200 OK[\r][\n]"
12:52:26.617 [Forwarding findElement on session e65b40f51ec0f04df17888dd60708d2e to remote] DEBUG org.apache.http.wire - http-outgoing-21 << "Content-Length:88[\r][\n]"
12:52:26.617 [Forwarding findElement on session e65b40f51ec0f04df17888dd60708d2e to remote] DEBUG org.apache.http.wire - http-outgoing-21 << "Content-Type:application/json; charset=utf-8[\r][\n]"
12:52:26.617 [Forwarding findElement on session e65b40f51ec0f04df17888dd60708d2e to remote] DEBUG org.apache.http.wire - http-outgoing-21 << "cache-control:no-cache[\r][\n]"
12:52:26.617 [Forwarding findElement on session e65b40f51ec0f04df17888dd60708d2e to remote] DEBUG org.apache.http.wire - http-outgoing-21 << "[\r][\n]"
12:52:26.617 [Forwarding findElement on session e65b40f51ec0f04df17888dd60708d2e to remote] DEBUG org.apache.http.wire - http-outgoing-21 << "{"value":{"element-6066-11e4-a52e-4f735466cecf":"d3249809-2bfa-43a4-9bbb-e9b4641ef3de"}}"
12:52:26.618 [Forwarding findElement on session e65b40f51ec0f04df17888dd60708d2e to remote] DEBUG org.apache.http.headers - http-outgoing-21 << HTTP/1.1 200 OK
12:52:26.618 [Forwarding findElement on session e65b40f51ec0f04df17888dd60708d2e to remote] DEBUG org.apache.http.headers - http-outgoing-21 << Content-Length:88
12:52:26.618 [Forwarding findElement on session e65b40f51ec0f04df17888dd60708d2e to remote] DEBUG org.apache.http.headers - http-outgoing-21 << Content-Type:application/json; charset=utf-8
12:52:26.618 [Forwarding findElement on session e65b40f51ec0f04df17888dd60708d2e to remote] DEBUG org.apache.http.headers - http-outgoing-21 << cache-control:no-cache
12:52:26.618 [Forwarding findElement on session e65b40f51ec0f04df17888dd60708d2e to remote] DEBUG org.apache.http.impl.execchain.MainClientExec - Connection can be kept alive indefinitely
12:52:26.618 [Forwarding findElement on session e65b40f51ec0f04df17888dd60708d2e to remote] DEBUG org.apache.http.impl.conn.PoolingHttpClientConnectionManager - Connection [id: 21][route: {}->http://localhost:34550] can be kept alive indefinitely
12:52:26.618 [Forwarding findElement on session e65b40f51ec0f04df17888dd60708d2e to remote] DEBUG org.apache.http.impl.conn.PoolingHttpClientConnectionManager - Connection released: [id: 21][route: {}->http://localhost:34550][total kept alive: 4; route allocated: 1 of 2000; total allocated: 4 of 2000]
12:52:26.618 [Forwarding clickElement on session e65b40f51ec0f04df17888dd60708d2e to remote] DEBUG org.apache.http.client.protocol.RequestAddCookies - CookieSpec selected: default
12:52:26.618 [Forwarding clickElement on session e65b40f51ec0f04df17888dd60708d2e to remote] DEBUG org.apache.http.client.protocol.RequestAuthCache - Auth cache not set in the context
12:52:26.618 [Forwarding clickElement on session e65b40f51ec0f04df17888dd60708d2e to remote] DEBUG org.apache.http.impl.conn.PoolingHttpClientConnectionManager - Connection request: [route: {}->http://localhost:34550][total kept alive: 4; route allocated: 1 of 2000; total allocated: 4 of 2000]
12:52:26.618 [Forwarding clickElement on session e65b40f51ec0f04df17888dd60708d2e to remote] DEBUG org.apache.http.impl.conn.PoolingHttpClientConnectionManager - Connection leased: [id: 21][route: {}->http://localhost:34550][total kept alive: 3; route allocated: 1 of 2000; total allocated: 4 of 2000]
12:52:26.618 [Forwarding clickElement on session e65b40f51ec0f04df17888dd60708d2e to remote] DEBUG org.apache.http.impl.execchain.MainClientExec - Stale connection check
12:52:26.620 [Forwarding clickElement on session e65b40f51ec0f04df17888dd60708d2e to remote] DEBUG org.apache.http.wire - http-outgoing-21 << "[read] I/O error: Read timed out"
12:52:26.620 [Forwarding clickElement on session e65b40f51ec0f04df17888dd60708d2e to remote] DEBUG org.apache.http.impl.conn.DefaultManagedHttpClientConnection - http-outgoing-21: set socket timeout to 10800000
12:52:26.620 [Forwarding clickElement on session e65b40f51ec0f04df17888dd60708d2e to remote] DEBUG org.apache.http.impl.execchain.MainClientExec - Executing request POST /session/e65b40f51ec0f04df17888dd60708d2e/element/d3249809-2bfa-43a4-9bbb-e9b4641ef3de/click HTTP/1.1
12:52:26.620 [Forwarding clickElement on session e65b40f51ec0f04df17888dd60708d2e to remote] DEBUG org.apache.http.impl.execchain.MainClientExec - Target auth state: UNCHALLENGED
12:52:26.620 [Forwarding clickElement on session e65b40f51ec0f04df17888dd60708d2e to remote] DEBUG org.apache.http.impl.execchain.MainClientExec - Proxy auth state: UNCHALLENGED
12:52:26.620 [Forwarding clickElement on session e65b40f51ec0f04df17888dd60708d2e to remote] DEBUG org.apache.http.headers - http-outgoing-21 >> POST /session/e65b40f51ec0f04df17888dd60708d2e/element/d3249809-2bfa-43a4-9bbb-e9b4641ef3de/click HTTP/1.1
12:52:26.620 [Forwarding clickElement on session e65b40f51ec0f04df17888dd60708d2e to remote] DEBUG org.apache.http.headers - http-outgoing-21 >> Content-Type: application/json; charset=utf-8
12:52:26.620 [Forwarding clickElement on session e65b40f51ec0f04df17888dd60708d2e to remote] DEBUG org.apache.http.headers - http-outgoing-21 >> Content-Length: 45
12:52:26.620 [Forwarding clickElement on session e65b40f51ec0f04df17888dd60708d2e to remote] DEBUG org.apache.http.headers - http-outgoing-21 >> Host: localhost:34550
12:52:26.620 [Forwarding clickElement on session e65b40f51ec0f04df17888dd60708d2e to remote] DEBUG org.apache.http.headers - http-outgoing-21 >> Connection: Keep-Alive
12:52:26.620 [Forwarding clickElement on session e65b40f51ec0f04df17888dd60708d2e to remote] DEBUG org.apache.http.headers - http-outgoing-21 >> User-Agent: Apache-HttpClient/4.5.3 (Java/1.8.0_211)
12:52:26.620 [Forwarding clickElement on session e65b40f51ec0f04df17888dd60708d2e to remote] DEBUG org.apache.http.headers - http-outgoing-21 >> Accept-Encoding: gzip,deflate
12:52:26.620 [Forwarding clickElement on session e65b40f51ec0f04df17888dd60708d2e to remote] DEBUG org.apache.http.wire - http-outgoing-21 >> "POST /session/e65b40f51ec0f04df17888dd60708d2e/element/d3249809-2bfa-43a4-9bbb-e9b4641ef3de/click HTTP/1.1[\r][\n]"
12:52:26.620 [Forwarding clickElement on session e65b40f51ec0f04df17888dd60708d2e to remote] DEBUG org.apache.http.wire - http-outgoing-21 >> "Content-Type: application/json; charset=utf-8[\r][\n]"
12:52:26.620 [Forwarding clickElement on session e65b40f51ec0f04df17888dd60708d2e to remote] DEBUG org.apache.http.wire - http-outgoing-21 >> "Content-Length: 45[\r][\n]"
12:52:26.620 [Forwarding clickElement on session e65b40f51ec0f04df17888dd60708d2e to remote] DEBUG org.apache.http.wire - http-outgoing-21 >> "Host: localhost:34550[\r][\n]"
12:52:26.620 [Forwarding clickElement on session e65b40f51ec0f04df17888dd60708d2e to remote] DEBUG org.apache.http.wire - http-outgoing-21 >> "Connection: Keep-Alive[\r][\n]"
12:52:26.620 [Forwarding clickElement on session e65b40f51ec0f04df17888dd60708d2e to remote] DEBUG org.apache.http.wire - http-outgoing-21 >> "User-Agent: Apache-HttpClient/4.5.3 (Java/1.8.0_211)[\r][\n]"
12:52:26.620 [Forwarding clickElement on session e65b40f51ec0f04df17888dd60708d2e to remote] DEBUG org.apache.http.wire - http-outgoing-21 >> "Accept-Encoding: gzip,deflate[\r][\n]"
12:52:26.620 [Forwarding clickElement on session e65b40f51ec0f04df17888dd60708d2e to remote] DEBUG org.apache.http.wire - http-outgoing-21 >> "[\r][\n]"
12:52:26.620 [Forwarding clickElement on session e65b40f51ec0f04df17888dd60708d2e to remote] DEBUG org.apache.http.wire - http-outgoing-21 >> "{"id":"d3249809-2bfa-43a4-9bbb-e9b4641ef3de"}"
12:52:26.643 [Forwarding clickElement on session e65b40f51ec0f04df17888dd60708d2e to remote] DEBUG org.apache.http.wire - http-outgoing-21 << "HTTP/1.1 200 OK[\r][\n]"
12:52:26.643 [Forwarding clickElement on session e65b40f51ec0f04df17888dd60708d2e to remote] DEBUG org.apache.http.wire - http-outgoing-21 << "Content-Length:14[\r][\n]"
12:52:26.643 [Forwarding clickElement on session e65b40f51ec0f04df17888dd60708d2e to remote] DEBUG org.apache.http.wire - http-outgoing-21 << "Content-Type:application/json; charset=utf-8[\r][\n]"
12:52:26.643 [Forwarding clickElement on session e65b40f51ec0f04df17888dd60708d2e to remote] DEBUG org.apache.http.wire - http-outgoing-21 << "cache-control:no-cache[\r][\n]"
12:52:26.643 [Forwarding clickElement on session e65b40f51ec0f04df17888dd60708d2e to remote] DEBUG org.apache.http.wire - http-outgoing-21 << "[\r][\n]"
12:52:26.643 [Forwarding clickElement on session e65b40f51ec0f04df17888dd60708d2e to remote] DEBUG org.apache.http.wire - http-outgoing-21 << "{"value":null}"
12:52:26.643 [Forwarding clickElement on session e65b40f51ec0f04df17888dd60708d2e to remote] DEBUG org.apache.http.headers - http-outgoing-21 << HTTP/1.1 200 OK
12:52:26.643 [Forwarding clickElement on session e65b40f51ec0f04df17888dd60708d2e to remote] DEBUG org.apache.http.headers - http-outgoing-21 << Content-Length:14
12:52:26.643 [Forwarding clickElement on session e65b40f51ec0f04df17888dd60708d2e to remote] DEBUG org.apache.http.headers - http-outgoing-21 << Content-Type:application/json; charset=utf-8
12:52:26.643 [Forwarding clickElement on session e65b40f51ec0f04df17888dd60708d2e to remote] DEBUG org.apache.http.headers - http-outgoing-21 << cache-control:no-cache
12:52:26.643 [Forwarding clickElement on session e65b40f51ec0f04df17888dd60708d2e to remote] DEBUG org.apache.http.impl.execchain.MainClientExec - Connection can be kept alive indefinitely
12:52:26.643 [Forwarding clickElement on session e65b40f51ec0f04df17888dd60708d2e to remote] DEBUG org.apache.http.impl.conn.PoolingHttpClientConnectionManager - Connection [id: 21][route: {}->http://localhost:34550] can be kept alive indefinitely
12:52:26.643 [Forwarding clickElement on session e65b40f51ec0f04df17888dd60708d2e to remote] DEBUG org.apache.http.impl.conn.PoolingHttpClientConnectionManager - Connection released: [id: 21][route: {}->http://localhost:34550][total kept alive: 4; route allocated: 1 of 2000; total allocated: 4 of 2000]
12:52:26.644 [Forwarding findElement on session e65b40f51ec0f04df17888dd60708d2e to remote] DEBUG org.apache.http.client.protocol.RequestAddCookies - CookieSpec selected: default
12:52:26.644 [Forwarding findElement on session e65b40f51ec0f04df17888dd60708d2e to remote] DEBUG org.apache.http.client.protocol.RequestAuthCache - Auth cache not set in the context
12:52:26.644 [Forwarding findElement on session e65b40f51ec0f04df17888dd60708d2e to remote] DEBUG org.apache.http.impl.conn.PoolingHttpClientConnectionManager - Connection request: [route: {}->http://localhost:34550][total kept alive: 4; route allocated: 1 of 2000; total allocated: 4 of 2000]
12:52:26.644 [Forwarding findElement on session e65b40f51ec0f04df17888dd60708d2e to remote] DEBUG org.apache.http.impl.conn.PoolingHttpClientConnectionManager - Connection leased: [id: 21][route: {}->http://localhost:34550][total kept alive: 3; route allocated: 1 of 2000; total allocated: 4 of 2000]
12:52:26.644 [Forwarding findElement on session e65b40f51ec0f04df17888dd60708d2e to remote] DEBUG org.apache.http.impl.execchain.MainClientExec - Stale connection check
12:52:26.645 [Forwarding findElement on session e65b40f51ec0f04df17888dd60708d2e to remote] DEBUG org.apache.http.wire - http-outgoing-21 << "[read] I/O error: Read timed out"
12:52:26.645 [Forwarding findElement on session e65b40f51ec0f04df17888dd60708d2e to remote] DEBUG org.apache.http.impl.conn.DefaultManagedHttpClientConnection - http-outgoing-21: set socket timeout to 10800000
12:52:26.645 [Forwarding findElement on session e65b40f51ec0f04df17888dd60708d2e to remote] DEBUG org.apache.http.impl.execchain.MainClientExec - Executing request POST /session/e65b40f51ec0f04df17888dd60708d2e/element HTTP/1.1
12:52:26.645 [Forwarding findElement on session e65b40f51ec0f04df17888dd60708d2e to remote] DEBUG org.apache.http.impl.execchain.MainClientExec - Target auth state: UNCHALLENGED
12:52:26.645 [Forwarding findElement on session e65b40f51ec0f04df17888dd60708d2e to remote] DEBUG org.apache.http.impl.execchain.MainClientExec - Proxy auth state: UNCHALLENGED
12:52:26.645 [Forwarding findElement on session e65b40f51ec0f04df17888dd60708d2e to remote] DEBUG org.apache.http.headers - http-outgoing-21 >> POST /session/e65b40f51ec0f04df17888dd60708d2e/element HTTP/1.1
12:52:26.645 [Forwarding findElement on session e65b40f51ec0f04df17888dd60708d2e to remote] DEBUG org.apache.http.headers - http-outgoing-21 >> Content-Type: application/json; charset=utf-8
12:52:26.645 [Forwarding findElement on session e65b40f51ec0f04df17888dd60708d2e to remote] DEBUG org.apache.http.headers - http-outgoing-21 >> Content-Length: 61
12:52:26.645 [Forwarding findElement on session e65b40f51ec0f04df17888dd60708d2e to remote] DEBUG org.apache.http.headers - http-outgoing-21 >> Host: localhost:34550
12:52:26.645 [Forwarding findElement on session e65b40f51ec0f04df17888dd60708d2e to remote] DEBUG org.apache.http.headers - http-outgoing-21 >> Connection: Keep-Alive
12:52:26.645 [Forwarding findElement on session e65b40f51ec0f04df17888dd60708d2e to remote] DEBUG org.apache.http.headers - http-outgoing-21 >> User-Agent: Apache-HttpClient/4.5.3 (Java/1.8.0_211)
12:52:26.645 [Forwarding findElement on session e65b40f51ec0f04df17888dd60708d2e to remote] DEBUG org.apache.http.headers - http-outgoing-21 >> Accept-Encoding: gzip,deflate
12:52:26.645 [Forwarding findElement on session e65b40f51ec0f04df17888dd60708d2e to remote] DEBUG org.apache.http.wire - http-outgoing-21 >> "POST /session/e65b40f51ec0f04df17888dd60708d2e/element HTTP/1.1[\r][\n]"
12:52:26.645 [Forwarding findElement on session e65b40f51ec0f04df17888dd60708d2e to remote] DEBUG org.apache.http.wire - http-outgoing-21 >> "Content-Type: application/json; charset=utf-8[\r][\n]"
12:52:26.645 [Forwarding findElement on session e65b40f51ec0f04df17888dd60708d2e to remote] DEBUG org.apache.http.wire - http-outgoing-21 >> "Content-Length: 61[\r][\n]"
12:52:26.645 [Forwarding findElement on session e65b40f51ec0f04df17888dd60708d2e to remote] DEBUG org.apache.http.wire - http-outgoing-21 >> "Host: localhost:34550[\r][\n]"
12:52:26.645 [Forwarding findElement on session e65b40f51ec0f04df17888dd60708d2e to remote] DEBUG org.apache.http.wire - http-outgoing-21 >> "Connection: Keep-Alive[\r][\n]"
12:52:26.645 [Forwarding findElement on session e65b40f51ec0f04df17888dd60708d2e to remote] DEBUG org.apache.http.wire - http-outgoing-21 >> "User-Agent: Apache-HttpClient/4.5.3 (Java/1.8.0_211)[\r][\n]"
12:52:26.645 [Forwarding findElement on session e65b40f51ec0f04df17888dd60708d2e to remote] DEBUG org.apache.http.wire - http-outgoing-21 >> "Accept-Encoding: gzip,deflate[\r][\n]"
12:52:26.645 [Forwarding findElement on session e65b40f51ec0f04df17888dd60708d2e to remote] DEBUG org.apache.http.wire - http-outgoing-21 >> "[\r][\n]"
12:52:26.645 [Forwarding findElement on session e65b40f51ec0f04df17888dd60708d2e to remote] DEBUG org.apache.http.wire - http-outgoing-21 >> "{"value":".form-control:nth-child(2)","using":"css selector"}"
12:52:26.648 [Forwarding findElement on session e65b40f51ec0f04df17888dd60708d2e to remote] DEBUG org.apache.http.wire - http-outgoing-21 << "HTTP/1.1 200 OK[\r][\n]"
12:52:26.648 [Forwarding findElement on session e65b40f51ec0f04df17888dd60708d2e to remote] DEBUG org.apache.http.wire - http-outgoing-21 << "Content-Length:88[\r][\n]"
12:52:26.648 [Forwarding findElement on session e65b40f51ec0f04df17888dd60708d2e to remote] DEBUG org.apache.http.wire - http-outgoing-21 << "Content-Type:application/json; charset=utf-8[\r][\n]"
12:52:26.648 [Forwarding findElement on session e65b40f51ec0f04df17888dd60708d2e to remote] DEBUG org.apache.http.wire - http-outgoing-21 << "cache-control:no-cache[\r][\n]"
12:52:26.648 [Forwarding findElement on session e65b40f51ec0f04df17888dd60708d2e to remote] DEBUG org.apache.http.wire - http-outgoing-21 << "[\r][\n]"
12:52:26.648 [Forwarding findElement on session e65b40f51ec0f04df17888dd60708d2e to remote] DEBUG org.apache.http.wire - http-outgoing-21 << "{"value":{"element-6066-11e4-a52e-4f735466cecf":"d3249809-2bfa-43a4-9bbb-e9b4641ef3de"}}"
12:52:26.648 [Forwarding findElement on session e65b40f51ec0f04df17888dd60708d2e to remote] DEBUG org.apache.http.headers - http-outgoing-21 << HTTP/1.1 200 OK
12:52:26.648 [Forwarding findElement on session e65b40f51ec0f04df17888dd60708d2e to remote] DEBUG org.apache.http.headers - http-outgoing-21 << Content-Length:88
12:52:26.648 [Forwarding findElement on session e65b40f51ec0f04df17888dd60708d2e to remote] DEBUG org.apache.http.headers - http-outgoing-21 << Content-Type:application/json; charset=utf-8
12:52:26.648 [Forwarding findElement on session e65b40f51ec0f04df17888dd60708d2e to remote] DEBUG org.apache.http.headers - http-outgoing-21 << cache-control:no-cache
12:52:26.648 [Forwarding findElement on session e65b40f51ec0f04df17888dd60708d2e to remote] DEBUG org.apache.http.impl.execchain.MainClientExec - Connection can be kept alive indefinitely
12:52:26.648 [Forwarding findElement on session e65b40f51ec0f04df17888dd60708d2e to remote] DEBUG org.apache.http.impl.conn.PoolingHttpClientConnectionManager - Connection [id: 21][route: {}->http://localhost:34550] can be kept alive indefinitely
12:52:26.648 [Forwarding findElement on session e65b40f51ec0f04df17888dd60708d2e to remote] DEBUG org.apache.http.impl.conn.PoolingHttpClientConnectionManager - Connection released: [id: 21][route: {}->http://localhost:34550][total kept alive: 4; route allocated: 1 of 2000; total allocated: 4 of 2000]
12:52:26.649 [Forwarding sendKeysToElement on session e65b40f51ec0f04df17888dd60708d2e to remote] DEBUG org.apache.http.client.protocol.RequestAddCookies - CookieSpec selected: default
12:52:26.649 [Forwarding sendKeysToElement on session e65b40f51ec0f04df17888dd60708d2e to remote] DEBUG org.apache.http.client.protocol.RequestAuthCache - Auth cache not set in the context
12:52:26.649 [Forwarding sendKeysToElement on session e65b40f51ec0f04df17888dd60708d2e to remote] DEBUG org.apache.http.impl.conn.PoolingHttpClientConnectionManager - Connection request: [route: {}->http://localhost:34550][total kept alive: 4; route allocated: 1 of 2000; total allocated: 4 of 2000]
12:52:26.649 [Forwarding sendKeysToElement on session e65b40f51ec0f04df17888dd60708d2e to remote] DEBUG org.apache.http.impl.conn.PoolingHttpClientConnectionManager - Connection leased: [id: 21][route: {}->http://localhost:34550][total kept alive: 3; route allocated: 1 of 2000; total allocated: 4 of 2000]
12:52:26.649 [Forwarding sendKeysToElement on session e65b40f51ec0f04df17888dd60708d2e to remote] DEBUG org.apache.http.impl.execchain.MainClientExec - Stale connection check
12:52:26.650 [Forwarding sendKeysToElement on session e65b40f51ec0f04df17888dd60708d2e to remote] DEBUG org.apache.http.wire - http-outgoing-21 << "[read] I/O error: Read timed out"
12:52:26.650 [Forwarding sendKeysToElement on session e65b40f51ec0f04df17888dd60708d2e to remote] DEBUG org.apache.http.impl.conn.DefaultManagedHttpClientConnection - http-outgoing-21: set socket timeout to 10800000
12:52:26.651 [Forwarding sendKeysToElement on session e65b40f51ec0f04df17888dd60708d2e to remote] DEBUG org.apache.http.impl.execchain.MainClientExec - Executing request POST /session/e65b40f51ec0f04df17888dd60708d2e/element/d3249809-2bfa-43a4-9bbb-e9b4641ef3de/value HTTP/1.1
12:52:26.651 [Forwarding sendKeysToElement on session e65b40f51ec0f04df17888dd60708d2e to remote] DEBUG org.apache.http.impl.execchain.MainClientExec - Target auth state: UNCHALLENGED
12:52:26.651 [Forwarding sendKeysToElement on session e65b40f51ec0f04df17888dd60708d2e to remote] DEBUG org.apache.http.impl.execchain.MainClientExec - Proxy auth state: UNCHALLENGED
12:52:26.651 [Forwarding sendKeysToElement on session e65b40f51ec0f04df17888dd60708d2e to remote] DEBUG org.apache.http.headers - http-outgoing-21 >> POST /session/e65b40f51ec0f04df17888dd60708d2e/element/d3249809-2bfa-43a4-9bbb-e9b4641ef3de/value HTTP/1.1
12:52:26.651 [Forwarding sendKeysToElement on session e65b40f51ec0f04df17888dd60708d2e to remote] DEBUG org.apache.http.headers - http-outgoing-21 >> Content-Type: application/json; charset=utf-8
12:52:26.651 [Forwarding sendKeysToElement on session e65b40f51ec0f04df17888dd60708d2e to remote] DEBUG org.apache.http.headers - http-outgoing-21 >> Content-Length: 385
12:52:26.651 [Forwarding sendKeysToElement on session e65b40f51ec0f04df17888dd60708d2e to remote] DEBUG org.apache.http.headers - http-outgoing-21 >> Host: localhost:34550
12:52:26.651 [Forwarding sendKeysToElement on session e65b40f51ec0f04df17888dd60708d2e to remote] DEBUG org.apache.http.headers - http-outgoing-21 >> Connection: Keep-Alive
12:52:26.651 [Forwarding sendKeysToElement on session e65b40f51ec0f04df17888dd60708d2e to remote] DEBUG org.apache.http.headers - http-outgoing-21 >> User-Agent: Apache-HttpClient/4.5.3 (Java/1.8.0_211)
12:52:26.651 [Forwarding sendKeysToElement on session e65b40f51ec0f04df17888dd60708d2e to remote] DEBUG org.apache.http.headers - http-outgoing-21 >> Accept-Encoding: gzip,deflate
12:52:26.651 [Forwarding sendKeysToElement on session e65b40f51ec0f04df17888dd60708d2e to remote] DEBUG org.apache.http.wire - http-outgoing-21 >> "POST /session/e65b40f51ec0f04df17888dd60708d2e/element/d3249809-2bfa-43a4-9bbb-e9b4641ef3de/value HTTP/1.1[\r][\n]"
12:52:26.651 [Forwarding sendKeysToElement on session e65b40f51ec0f04df17888dd60708d2e to remote] DEBUG org.apache.http.wire - http-outgoing-21 >> "Content-Type: application/json; charset=utf-8[\r][\n]"
12:52:26.651 [Forwarding sendKeysToElement on session e65b40f51ec0f04df17888dd60708d2e to remote] DEBUG org.apache.http.wire - http-outgoing-21 >> "Content-Length: 385[\r][\n]"
12:52:26.651 [Forwarding sendKeysToElement on session e65b40f51ec0f04df17888dd60708d2e to remote] DEBUG org.apache.http.wire - http-outgoing-21 >> "Host: localhost:34550[\r][\n]"
12:52:26.651 [Forwarding sendKeysToElement on session e65b40f51ec0f04df17888dd60708d2e to remote] DEBUG org.apache.http.wire - http-outgoing-21 >> "Connection: Keep-Alive[\r][\n]"
12:52:26.651 [Forwarding sendKeysToElement on session e65b40f51ec0f04df17888dd60708d2e to remote] DEBUG org.apache.http.wire - http-outgoing-21 >> "User-Agent: Apache-HttpClient/4.5.3 (Java/1.8.0_211)[\r][\n]"
12:52:26.651 [Forwarding sendKeysToElement on session e65b40f51ec0f04df17888dd60708d2e to remote] DEBUG org.apache.http.wire - http-outgoing-21 >> "Accept-Encoding: gzip,deflate[\r][\n]"
12:52:26.651 [Forwarding sendKeysToElement on session e65b40f51ec0f04df17888dd60708d2e to remote] DEBUG org.apache.http.wire - http-outgoing-21 >> "[\r][\n]"
12:52:26.651 [Forwarding sendKeysToElement on session e65b40f51ec0f04df17888dd60708d2e to remote] DEBUG org.apache.http.wire - http-outgoing-21 >> "{"id":"d3249809-2bfa-43a4-9bbb-e9b4641ef3de","text":"de164ddc64b1783c3ebced73b32c479b3daa203cf323bd738a9ecfc4674d6017","value":["d","e","1","6","4","d","d","c","6","4","b","1","7","8","3","c","3","e","b","c","e","d","7","3","b","3","2","c","4","7","9","b","3","d","a","a","2","0","3","c","f","3","2","3","b","d","7","3","8","a","9","e","c","f","c","4","6","7","4","d","6","0","1","7"]}"
12:52:27.034 [Forwarding sendKeysToElement on session e65b40f51ec0f04df17888dd60708d2e to remote] DEBUG org.apache.http.wire - http-outgoing-21 << "HTTP/1.1 200 OK[\r][\n]"
12:52:27.034 [Forwarding sendKeysToElement on session e65b40f51ec0f04df17888dd60708d2e to remote] DEBUG org.apache.http.wire - http-outgoing-21 << "Content-Length:14[\r][\n]"
12:52:27.034 [Forwarding sendKeysToElement on session e65b40f51ec0f04df17888dd60708d2e to remote] DEBUG org.apache.http.wire - http-outgoing-21 << "Content-Type:application/json; charset=utf-8[\r][\n]"
12:52:27.034 [Forwarding sendKeysToElement on session e65b40f51ec0f04df17888dd60708d2e to remote] DEBUG org.apache.http.wire - http-outgoing-21 << "cache-control:no-cache[\r][\n]"
12:52:27.034 [Forwarding sendKeysToElement on session e65b40f51ec0f04df17888dd60708d2e to remote] DEBUG org.apache.http.wire - http-outgoing-21 << "[\r][\n]"
12:52:27.034 [Forwarding sendKeysToElement on session e65b40f51ec0f04df17888dd60708d2e to remote] DEBUG org.apache.http.wire - http-outgoing-21 << "{"value":null}"
12:52:27.034 [Forwarding sendKeysToElement on session e65b40f51ec0f04df17888dd60708d2e to remote] DEBUG org.apache.http.headers - http-outgoing-21 << HTTP/1.1 200 OK
12:52:27.034 [Forwarding sendKeysToElement on session e65b40f51ec0f04df17888dd60708d2e to remote] DEBUG org.apache.http.headers - http-outgoing-21 << Content-Length:14
12:52:27.034 [Forwarding sendKeysToElement on session e65b40f51ec0f04df17888dd60708d2e to remote] DEBUG org.apache.http.headers - http-outgoing-21 << Content-Type:application/json; charset=utf-8
12:52:27.034 [Forwarding sendKeysToElement on session e65b40f51ec0f04df17888dd60708d2e to remote] DEBUG org.apache.http.headers - http-outgoing-21 << cache-control:no-cache
12:52:27.034 [Forwarding sendKeysToElement on session e65b40f51ec0f04df17888dd60708d2e to remote] DEBUG org.apache.http.impl.execchain.MainClientExec - Connection can be kept alive indefinitely
12:52:27.034 [Forwarding sendKeysToElement on session e65b40f51ec0f04df17888dd60708d2e to remote] DEBUG org.apache.http.impl.conn.PoolingHttpClientConnectionManager - Connection [id: 21][route: {}->http://localhost:34550] can be kept alive indefinitely
12:52:27.035 [Forwarding sendKeysToElement on session e65b40f51ec0f04df17888dd60708d2e to remote] DEBUG org.apache.http.impl.conn.PoolingHttpClientConnectionManager - Connection released: [id: 21][route: {}->http://localhost:34550][total kept alive: 4; route allocated: 1 of 2000; total allocated: 4 of 2000]
12:52:27.035 [Forwarding findElement on session e65b40f51ec0f04df17888dd60708d2e to remote] DEBUG org.apache.http.client.protocol.RequestAddCookies - CookieSpec selected: default
12:52:27.035 [Forwarding findElement on session e65b40f51ec0f04df17888dd60708d2e to remote] DEBUG org.apache.http.client.protocol.RequestAuthCache - Auth cache not set in the context
12:52:27.035 [Forwarding findElement on session e65b40f51ec0f04df17888dd60708d2e to remote] DEBUG org.apache.http.impl.conn.PoolingHttpClientConnectionManager - Connection request: [route: {}->http://localhost:34550][total kept alive: 4; route allocated: 1 of 2000; total allocated: 4 of 2000]
12:52:27.035 [Forwarding findElement on session e65b40f51ec0f04df17888dd60708d2e to remote] DEBUG org.apache.http.impl.conn.PoolingHttpClientConnectionManager - Connection leased: [id: 21][route: {}->http://localhost:34550][total kept alive: 3; route allocated: 1 of 2000; total allocated: 4 of 2000]
12:52:27.035 [Forwarding findElement on session e65b40f51ec0f04df17888dd60708d2e to remote] DEBUG org.apache.http.impl.execchain.MainClientExec - Stale connection check
12:52:27.036 [Forwarding findElement on session e65b40f51ec0f04df17888dd60708d2e to remote] DEBUG org.apache.http.wire - http-outgoing-21 << "[read] I/O error: Read timed out"
12:52:27.036 [Forwarding findElement on session e65b40f51ec0f04df17888dd60708d2e to remote] DEBUG org.apache.http.impl.conn.DefaultManagedHttpClientConnection - http-outgoing-21: set socket timeout to 10800000
12:52:27.036 [Forwarding findElement on session e65b40f51ec0f04df17888dd60708d2e to remote] DEBUG org.apache.http.impl.execchain.MainClientExec - Executing request POST /session/e65b40f51ec0f04df17888dd60708d2e/element HTTP/1.1
12:52:27.036 [Forwarding findElement on session e65b40f51ec0f04df17888dd60708d2e to remote] DEBUG org.apache.http.impl.execchain.MainClientExec - Target auth state: UNCHALLENGED
12:52:27.036 [Forwarding findElement on session e65b40f51ec0f04df17888dd60708d2e to remote] DEBUG org.apache.http.impl.execchain.MainClientExec - Proxy auth state: UNCHALLENGED
12:52:27.036 [Forwarding findElement on session e65b40f51ec0f04df17888dd60708d2e to remote] DEBUG org.apache.http.headers - http-outgoing-21 >> POST /session/e65b40f51ec0f04df17888dd60708d2e/element HTTP/1.1
12:52:27.036 [Forwarding findElement on session e65b40f51ec0f04df17888dd60708d2e to remote] DEBUG org.apache.http.headers - http-outgoing-21 >> Content-Type: application/json; charset=utf-8
12:52:27.036 [Forwarding findElement on session e65b40f51ec0f04df17888dd60708d2e to remote] DEBUG org.apache.http.headers - http-outgoing-21 >> Content-Length: 59
12:52:27.036 [Forwarding findElement on session e65b40f51ec0f04df17888dd60708d2e to remote] DEBUG org.apache.http.headers - http-outgoing-21 >> Host: localhost:34550
12:52:27.036 [Forwarding findElement on session e65b40f51ec0f04df17888dd60708d2e to remote] DEBUG org.apache.http.headers - http-outgoing-21 >> Connection: Keep-Alive
12:52:27.036 [Forwarding findElement on session e65b40f51ec0f04df17888dd60708d2e to remote] DEBUG org.apache.http.headers - http-outgoing-21 >> User-Agent: Apache-HttpClient/4.5.3 (Java/1.8.0_211)
12:52:27.036 [Forwarding findElement on session e65b40f51ec0f04df17888dd60708d2e to remote] DEBUG org.apache.http.headers - http-outgoing-21 >> Accept-Encoding: gzip,deflate
12:52:27.036 [Forwarding findElement on session e65b40f51ec0f04df17888dd60708d2e to remote] DEBUG org.apache.http.wire - http-outgoing-21 >> "POST /session/e65b40f51ec0f04df17888dd60708d2e/element HTTP/1.1[\r][\n]"
12:52:27.036 [Forwarding findElement on session e65b40f51ec0f04df17888dd60708d2e to remote] DEBUG org.apache.http.wire - http-outgoing-21 >> "Content-Type: application/json; charset=utf-8[\r][\n]"
12:52:27.036 [Forwarding findElement on session e65b40f51ec0f04df17888dd60708d2e to remote] DEBUG org.apache.http.wire - http-outgoing-21 >> "Content-Length: 59[\r][\n]"
12:52:27.036 [Forwarding findElement on session e65b40f51ec0f04df17888dd60708d2e to remote] DEBUG org.apache.http.wire - http-outgoing-21 >> "Host: localhost:34550[\r][\n]"
12:52:27.036 [Forwarding findElement on session e65b40f51ec0f04df17888dd60708d2e to remote] DEBUG org.apache.http.wire - http-outgoing-21 >> "Connection: Keep-Alive[\r][\n]"
12:52:27.036 [Forwarding findElement on session e65b40f51ec0f04df17888dd60708d2e to remote] DEBUG org.apache.http.wire - http-outgoing-21 >> "User-Agent: Apache-HttpClient/4.5.3 (Java/1.8.0_211)[\r][\n]"
12:52:27.036 [Forwarding findElement on session e65b40f51ec0f04df17888dd60708d2e to remote] DEBUG org.apache.http.wire - http-outgoing-21 >> "Accept-Encoding: gzip,deflate[\r][\n]"
12:52:27.036 [Forwarding findElement on session e65b40f51ec0f04df17888dd60708d2e to remote] DEBUG org.apache.http.wire - http-outgoing-21 >> "[\r][\n]"
12:52:27.036 [Forwarding findElement on session e65b40f51ec0f04df17888dd60708d2e to remote] DEBUG org.apache.http.wire - http-outgoing-21 >> "{"value":".btn-danger:nth-child(3)","using":"css selector"}"
12:52:27.041 [Forwarding findElement on session e65b40f51ec0f04df17888dd60708d2e to remote] DEBUG org.apache.http.wire - http-outgoing-21 << "HTTP/1.1 200 OK[\r][\n]"
12:52:27.041 [Forwarding findElement on session e65b40f51ec0f04df17888dd60708d2e to remote] DEBUG org.apache.http.wire - http-outgoing-21 << "Content-Length:88[\r][\n]"
12:52:27.041 [Forwarding findElement on session e65b40f51ec0f04df17888dd60708d2e to remote] DEBUG org.apache.http.wire - http-outgoing-21 << "Content-Type:application/json; charset=utf-8[\r][\n]"
12:52:27.041 [Forwarding findElement on session e65b40f51ec0f04df17888dd60708d2e to remote] DEBUG org.apache.http.wire - http-outgoing-21 << "cache-control:no-cache[\r][\n]"
12:52:27.041 [Forwarding findElement on session e65b40f51ec0f04df17888dd60708d2e to remote] DEBUG org.apache.http.wire - http-outgoing-21 << "[\r][\n]"
12:52:27.041 [Forwarding findElement on session e65b40f51ec0f04df17888dd60708d2e to remote] DEBUG org.apache.http.wire - http-outgoing-21 << "{"value":{"element-6066-11e4-a52e-4f735466cecf":"ef6c78b4-ce46-439b-92b0-0579e9240b6b"}}"
12:52:27.041 [Forwarding findElement on session e65b40f51ec0f04df17888dd60708d2e to remote] DEBUG org.apache.http.headers - http-outgoing-21 << HTTP/1.1 200 OK
12:52:27.041 [Forwarding findElement on session e65b40f51ec0f04df17888dd60708d2e to remote] DEBUG org.apache.http.headers - http-outgoing-21 << Content-Length:88
12:52:27.041 [Forwarding findElement on session e65b40f51ec0f04df17888dd60708d2e to remote] DEBUG org.apache.http.headers - http-outgoing-21 << Content-Type:application/json; charset=utf-8
12:52:27.041 [Forwarding findElement on session e65b40f51ec0f04df17888dd60708d2e to remote] DEBUG org.apache.http.headers - http-outgoing-21 << cache-control:no-cache
12:52:27.041 [Forwarding findElement on session e65b40f51ec0f04df17888dd60708d2e to remote] DEBUG org.apache.http.impl.execchain.MainClientExec - Connection can be kept alive indefinitely
12:52:27.042 [Forwarding findElement on session e65b40f51ec0f04df17888dd60708d2e to remote] DEBUG org.apache.http.impl.conn.PoolingHttpClientConnectionManager - Connection [id: 21][route: {}->http://localhost:34550] can be kept alive indefinitely
12:52:27.042 [Forwarding findElement on session e65b40f51ec0f04df17888dd60708d2e to remote] DEBUG org.apache.http.impl.conn.PoolingHttpClientConnectionManager - Connection released: [id: 21][route: {}->http://localhost:34550][total kept alive: 4; route allocated: 1 of 2000; total allocated: 4 of 2000]
12:52:27.042 [Forwarding clickElement on session e65b40f51ec0f04df17888dd60708d2e to remote] DEBUG org.apache.http.client.protocol.RequestAddCookies - CookieSpec selected: default
12:52:27.042 [Forwarding clickElement on session e65b40f51ec0f04df17888dd60708d2e to remote] DEBUG org.apache.http.client.protocol.RequestAuthCache - Auth cache not set in the context
12:52:27.042 [Forwarding clickElement on session e65b40f51ec0f04df17888dd60708d2e to remote] DEBUG org.apache.http.impl.conn.PoolingHttpClientConnectionManager - Connection request: [route: {}->http://localhost:34550][total kept alive: 4; route allocated: 1 of 2000; total allocated: 4 of 2000]
12:52:27.042 [Forwarding clickElement on session e65b40f51ec0f04df17888dd60708d2e to remote] DEBUG org.apache.http.impl.conn.PoolingHttpClientConnectionManager - Connection leased: [id: 21][route: {}->http://localhost:34550][total kept alive: 3; route allocated: 1 of 2000; total allocated: 4 of 2000]
12:52:27.042 [Forwarding clickElement on session e65b40f51ec0f04df17888dd60708d2e to remote] DEBUG org.apache.http.impl.execchain.MainClientExec - Stale connection check
12:52:27.044 [Forwarding clickElement on session e65b40f51ec0f04df17888dd60708d2e to remote] DEBUG org.apache.http.wire - http-outgoing-21 << "[read] I/O error: Read timed out"
12:52:27.044 [Forwarding clickElement on session e65b40f51ec0f04df17888dd60708d2e to remote] DEBUG org.apache.http.impl.conn.DefaultManagedHttpClientConnection - http-outgoing-21: set socket timeout to 10800000
12:52:27.044 [Forwarding clickElement on session e65b40f51ec0f04df17888dd60708d2e to remote] DEBUG org.apache.http.impl.execchain.MainClientExec - Executing request POST /session/e65b40f51ec0f04df17888dd60708d2e/element/ef6c78b4-ce46-439b-92b0-0579e9240b6b/click HTTP/1.1
12:52:27.044 [Forwarding clickElement on session e65b40f51ec0f04df17888dd60708d2e to remote] DEBUG org.apache.http.impl.execchain.MainClientExec - Target auth state: UNCHALLENGED
12:52:27.044 [Forwarding clickElement on session e65b40f51ec0f04df17888dd60708d2e to remote] DEBUG org.apache.http.impl.execchain.MainClientExec - Proxy auth state: UNCHALLENGED
12:52:27.044 [Forwarding clickElement on session e65b40f51ec0f04df17888dd60708d2e to remote] DEBUG org.apache.http.headers - http-outgoing-21 >> POST /session/e65b40f51ec0f04df17888dd60708d2e/element/ef6c78b4-ce46-439b-92b0-0579e9240b6b/click HTTP/1.1
12:52:27.044 [Forwarding clickElement on session e65b40f51ec0f04df17888dd60708d2e to remote] DEBUG org.apache.http.headers - http-outgoing-21 >> Content-Type: application/json; charset=utf-8
12:52:27.044 [Forwarding clickElement on session e65b40f51ec0f04df17888dd60708d2e to remote] DEBUG org.apache.http.headers - http-outgoing-21 >> Content-Length: 45
12:52:27.044 [Forwarding clickElement on session e65b40f51ec0f04df17888dd60708d2e to remote] DEBUG org.apache.http.headers - http-outgoing-21 >> Host: localhost:34550
12:52:27.044 [Forwarding clickElement on session e65b40f51ec0f04df17888dd60708d2e to remote] DEBUG org.apache.http.headers - http-outgoing-21 >> Connection: Keep-Alive
12:52:27.044 [Forwarding clickElement on session e65b40f51ec0f04df17888dd60708d2e to remote] DEBUG org.apache.http.headers - http-outgoing-21 >> User-Agent: Apache-HttpClient/4.5.3 (Java/1.8.0_211)
12:52:27.044 [Forwarding clickElement on session e65b40f51ec0f04df17888dd60708d2e to remote] DEBUG org.apache.http.headers - http-outgoing-21 >> Accept-Encoding: gzip,deflate
12:52:27.044 [Forwarding clickElement on session e65b40f51ec0f04df17888dd60708d2e to remote] DEBUG org.apache.http.wire - http-outgoing-21 >> "POST /session/e65b40f51ec0f04df17888dd60708d2e/element/ef6c78b4-ce46-439b-92b0-0579e9240b6b/click HTTP/1.1[\r][\n]"
12:52:27.044 [Forwarding clickElement on session e65b40f51ec0f04df17888dd60708d2e to remote] DEBUG org.apache.http.wire - http-outgoing-21 >> "Content-Type: application/json; charset=utf-8[\r][\n]"
12:52:27.044 [Forwarding clickElement on session e65b40f51ec0f04df17888dd60708d2e to remote] DEBUG org.apache.http.wire - http-outgoing-21 >> "Content-Length: 45[\r][\n]"
12:52:27.044 [Forwarding clickElement on session e65b40f51ec0f04df17888dd60708d2e to remote] DEBUG org.apache.http.wire - http-outgoing-21 >> "Host: localhost:34550[\r][\n]"
12:52:27.044 [Forwarding clickElement on session e65b40f51ec0f04df17888dd60708d2e to remote] DEBUG org.apache.http.wire - http-outgoing-21 >> "Connection: Keep-Alive[\r][\n]"
12:52:27.044 [Forwarding clickElement on session e65b40f51ec0f04df17888dd60708d2e to remote] DEBUG org.apache.http.wire - http-outgoing-21 >> "User-Agent: Apache-HttpClient/4.5.3 (Java/1.8.0_211)[\r][\n]"
12:52:27.044 [Forwarding clickElement on session e65b40f51ec0f04df17888dd60708d2e to remote] DEBUG org.apache.http.wire - http-outgoing-21 >> "Accept-Encoding: gzip,deflate[\r][\n]"
12:52:27.044 [Forwarding clickElement on session e65b40f51ec0f04df17888dd60708d2e to remote] DEBUG org.apache.http.wire - http-outgoing-21 >> "[\r][\n]"
12:52:27.044 [Forwarding clickElement on session e65b40f51ec0f04df17888dd60708d2e to remote] DEBUG org.apache.http.wire - http-outgoing-21 >> "{"id":"ef6c78b4-ce46-439b-92b0-0579e9240b6b"}"
12:52:27.167 [Forwarding clickElement on session e65b40f51ec0f04df17888dd60708d2e to remote] DEBUG org.apache.http.wire - http-outgoing-21 << "HTTP/1.1 200 OK[\r][\n]"
12:52:27.167 [Forwarding clickElement on session e65b40f51ec0f04df17888dd60708d2e to remote] DEBUG org.apache.http.wire - http-outgoing-21 << "Content-Length:14[\r][\n]"
12:52:27.167 [Forwarding clickElement on session e65b40f51ec0f04df17888dd60708d2e to remote] DEBUG org.apache.http.wire - http-outgoing-21 << "Content-Type:application/json; charset=utf-8[\r][\n]"
12:52:27.167 [Forwarding clickElement on session e65b40f51ec0f04df17888dd60708d2e to remote] DEBUG org.apache.http.wire - http-outgoing-21 << "cache-control:no-cache[\r][\n]"
12:52:27.167 [Forwarding clickElement on session e65b40f51ec0f04df17888dd60708d2e to remote] DEBUG org.apache.http.wire - http-outgoing-21 << "[\r][\n]"
12:52:27.167 [Forwarding clickElement on session e65b40f51ec0f04df17888dd60708d2e to remote] DEBUG org.apache.http.wire - http-outgoing-21 << "{"value":null}"
12:52:27.167 [Forwarding clickElement on session e65b40f51ec0f04df17888dd60708d2e to remote] DEBUG org.apache.http.headers - http-outgoing-21 << HTTP/1.1 200 OK
12:52:27.167 [Forwarding clickElement on session e65b40f51ec0f04df17888dd60708d2e to remote] DEBUG org.apache.http.headers - http-outgoing-21 << Content-Length:14
12:52:27.167 [Forwarding clickElement on session e65b40f51ec0f04df17888dd60708d2e to remote] DEBUG org.apache.http.headers - http-outgoing-21 << Content-Type:application/json; charset=utf-8
12:52:27.167 [Forwarding clickElement on session e65b40f51ec0f04df17888dd60708d2e to remote] DEBUG org.apache.http.headers - http-outgoing-21 << cache-control:no-cache
12:52:27.167 [Forwarding clickElement on session e65b40f51ec0f04df17888dd60708d2e to remote] DEBUG org.apache.http.impl.execchain.MainClientExec - Connection can be kept alive indefinitely
12:52:27.167 [Forwarding clickElement on session e65b40f51ec0f04df17888dd60708d2e to remote] DEBUG org.apache.http.impl.conn.PoolingHttpClientConnectionManager - Connection [id: 21][route: {}->http://localhost:34550] can be kept alive indefinitely
12:52:27.167 [Forwarding clickElement on session e65b40f51ec0f04df17888dd60708d2e to remote] DEBUG org.apache.http.impl.conn.PoolingHttpClientConnectionManager - Connection released: [id: 21][route: {}->http://localhost:34550][total kept alive: 4; route allocated: 1 of 2000; total allocated: 4 of 2000]
12:52:27.370 [Forwarding findElement on session e65b40f51ec0f04df17888dd60708d2e to remote] DEBUG org.apache.http.client.protocol.RequestAddCookies - CookieSpec selected: default
12:52:27.370 [Forwarding findElement on session e65b40f51ec0f04df17888dd60708d2e to remote] DEBUG org.apache.http.client.protocol.RequestAuthCache - Auth cache not set in the context
12:52:27.370 [Forwarding findElement on session e65b40f51ec0f04df17888dd60708d2e to remote] DEBUG org.apache.http.impl.conn.PoolingHttpClientConnectionManager - Connection request: [route: {}->http://localhost:34550][total kept alive: 4; route allocated: 1 of 2000; total allocated: 4 of 2000]
12:52:27.370 [Forwarding findElement on session e65b40f51ec0f04df17888dd60708d2e to remote] DEBUG org.apache.http.impl.conn.PoolingHttpClientConnectionManager - Connection leased: [id: 21][route: {}->http://localhost:34550][total kept alive: 3; route allocated: 1 of 2000; total allocated: 4 of 2000]
12:52:27.370 [Forwarding findElement on session e65b40f51ec0f04df17888dd60708d2e to remote] DEBUG org.apache.http.impl.execchain.MainClientExec - Stale connection check
12:52:27.371 [Forwarding findElement on session e65b40f51ec0f04df17888dd60708d2e to remote] DEBUG org.apache.http.wire - http-outgoing-21 << "[read] I/O error: Read timed out"
12:52:27.371 [Forwarding findElement on session e65b40f51ec0f04df17888dd60708d2e to remote] DEBUG org.apache.http.impl.conn.DefaultManagedHttpClientConnection - http-outgoing-21: set socket timeout to 10800000
12:52:27.371 [Forwarding findElement on session e65b40f51ec0f04df17888dd60708d2e to remote] DEBUG org.apache.http.impl.execchain.MainClientExec - Executing request POST /session/e65b40f51ec0f04df17888dd60708d2e/element HTTP/1.1
12:52:27.371 [Forwarding findElement on session e65b40f51ec0f04df17888dd60708d2e to remote] DEBUG org.apache.http.impl.execchain.MainClientExec - Target auth state: UNCHALLENGED
12:52:27.371 [Forwarding findElement on session e65b40f51ec0f04df17888dd60708d2e to remote] DEBUG org.apache.http.impl.execchain.MainClientExec - Proxy auth state: UNCHALLENGED
12:52:27.371 [Forwarding findElement on session e65b40f51ec0f04df17888dd60708d2e to remote] DEBUG org.apache.http.headers - http-outgoing-21 >> POST /session/e65b40f51ec0f04df17888dd60708d2e/element HTTP/1.1
12:52:27.371 [Forwarding findElement on session e65b40f51ec0f04df17888dd60708d2e to remote] DEBUG org.apache.http.headers - http-outgoing-21 >> Content-Type: application/json; charset=utf-8
12:52:27.371 [Forwarding findElement on session e65b40f51ec0f04df17888dd60708d2e to remote] DEBUG org.apache.http.headers - http-outgoing-21 >> Content-Length: 71
12:52:27.371 [Forwarding findElement on session e65b40f51ec0f04df17888dd60708d2e to remote] DEBUG org.apache.http.headers - http-outgoing-21 >> Host: localhost:34550
12:52:27.371 [Forwarding findElement on session e65b40f51ec0f04df17888dd60708d2e to remote] DEBUG org.apache.http.headers - http-outgoing-21 >> Connection: Keep-Alive
12:52:27.371 [Forwarding findElement on session e65b40f51ec0f04df17888dd60708d2e to remote] DEBUG org.apache.http.headers - http-outgoing-21 >> User-Agent: Apache-HttpClient/4.5.3 (Java/1.8.0_211)
12:52:27.371 [Forwarding findElement on session e65b40f51ec0f04df17888dd60708d2e to remote] DEBUG org.apache.http.headers - http-outgoing-21 >> Accept-Encoding: gzip,deflate
12:52:27.371 [Forwarding findElement on session e65b40f51ec0f04df17888dd60708d2e to remote] DEBUG org.apache.http.wire - http-outgoing-21 >> "POST /session/e65b40f51ec0f04df17888dd60708d2e/element HTTP/1.1[\r][\n]"
12:52:27.371 [Forwarding findElement on session e65b40f51ec0f04df17888dd60708d2e to remote] DEBUG org.apache.http.wire - http-outgoing-21 >> "Content-Type: application/json; charset=utf-8[\r][\n]"
12:52:27.371 [Forwarding findElement on session e65b40f51ec0f04df17888dd60708d2e to remote] DEBUG org.apache.http.wire - http-outgoing-21 >> "Content-Length: 71[\r][\n]"
12:52:27.371 [Forwarding findElement on session e65b40f51ec0f04df17888dd60708d2e to remote] DEBUG org.apache.http.wire - http-outgoing-21 >> "Host: localhost:34550[\r][\n]"
12:52:27.371 [Forwarding findElement on session e65b40f51ec0f04df17888dd60708d2e to remote] DEBUG org.apache.http.wire - http-outgoing-21 >> "Connection: Keep-Alive[\r][\n]"
12:52:27.371 [Forwarding findElement on session e65b40f51ec0f04df17888dd60708d2e to remote] DEBUG org.apache.http.wire - http-outgoing-21 >> "User-Agent: Apache-HttpClient/4.5.3 (Java/1.8.0_211)[\r][\n]"
12:52:27.371 [Forwarding findElement on session e65b40f51ec0f04df17888dd60708d2e to remote] DEBUG org.apache.http.wire - http-outgoing-21 >> "Accept-Encoding: gzip,deflate[\r][\n]"
12:52:27.371 [Forwarding findElement on session e65b40f51ec0f04df17888dd60708d2e to remote] DEBUG org.apache.http.wire - http-outgoing-21 >> "[\r][\n]"
12:52:27.371 [Forwarding findElement on session e65b40f51ec0f04df17888dd60708d2e to remote] DEBUG org.apache.http.wire - http-outgoing-21 >> "{"value":".dropdown-toggle > span:nth-child(1)","using":"css selector"}"
12:52:28.220 [Forwarding findElement on session e65b40f51ec0f04df17888dd60708d2e to remote] DEBUG org.apache.http.wire - http-outgoing-21 << "HTTP/1.1 200 OK[\r][\n]"
12:52:28.220 [Forwarding findElement on session e65b40f51ec0f04df17888dd60708d2e to remote] DEBUG org.apache.http.wire - http-outgoing-21 << "Content-Length:88[\r][\n]"
12:52:28.220 [Forwarding findElement on session e65b40f51ec0f04df17888dd60708d2e to remote] DEBUG org.apache.http.wire - http-outgoing-21 << "Content-Type:application/json; charset=utf-8[\r][\n]"
12:52:28.220 [Forwarding findElement on session e65b40f51ec0f04df17888dd60708d2e to remote] DEBUG org.apache.http.wire - http-outgoing-21 << "cache-control:no-cache[\r][\n]"
12:52:28.220 [Forwarding findElement on session e65b40f51ec0f04df17888dd60708d2e to remote] DEBUG org.apache.http.wire - http-outgoing-21 << "[\r][\n]"
12:52:28.220 [Forwarding findElement on session e65b40f51ec0f04df17888dd60708d2e to remote] DEBUG org.apache.http.wire - http-outgoing-21 << "{"value":{"element-6066-11e4-a52e-4f735466cecf":"12c39922-d5ac-4a97-85aa-3b5814f184a1"}}"
12:52:28.220 [Forwarding findElement on session e65b40f51ec0f04df17888dd60708d2e to remote] DEBUG org.apache.http.headers - http-outgoing-21 << HTTP/1.1 200 OK
12:52:28.220 [Forwarding findElement on session e65b40f51ec0f04df17888dd60708d2e to remote] DEBUG org.apache.http.headers - http-outgoing-21 << Content-Length:88
12:52:28.220 [Forwarding findElement on session e65b40f51ec0f04df17888dd60708d2e to remote] DEBUG org.apache.http.headers - http-outgoing-21 << Content-Type:application/json; charset=utf-8
12:52:28.220 [Forwarding findElement on session e65b40f51ec0f04df17888dd60708d2e to remote] DEBUG org.apache.http.headers - http-outgoing-21 << cache-control:no-cache
12:52:28.220 [Forwarding findElement on session e65b40f51ec0f04df17888dd60708d2e to remote] DEBUG org.apache.http.impl.execchain.MainClientExec - Connection can be kept alive indefinitely
12:52:28.220 [Forwarding findElement on session e65b40f51ec0f04df17888dd60708d2e to remote] DEBUG org.apache.http.impl.conn.PoolingHttpClientConnectionManager - Connection [id: 21][route: {}->http://localhost:34550] can be kept alive indefinitely
12:52:28.220 [Forwarding findElement on session e65b40f51ec0f04df17888dd60708d2e to remote] DEBUG org.apache.http.impl.conn.PoolingHttpClientConnectionManager - Connection released: [id: 21][route: {}->http://localhost:34550][total kept alive: 4; route allocated: 1 of 2000; total allocated: 4 of 2000]
12:52:28.220 [Forwarding clickElement on session e65b40f51ec0f04df17888dd60708d2e to remote] DEBUG org.apache.http.client.protocol.RequestAddCookies - CookieSpec selected: default
12:52:28.220 [Forwarding clickElement on session e65b40f51ec0f04df17888dd60708d2e to remote] DEBUG org.apache.http.client.protocol.RequestAuthCache - Auth cache not set in the context
12:52:28.220 [Forwarding clickElement on session e65b40f51ec0f04df17888dd60708d2e to remote] DEBUG org.apache.http.impl.conn.PoolingHttpClientConnectionManager - Connection request: [route: {}->http://localhost:34550][total kept alive: 4; route allocated: 1 of 2000; total allocated: 4 of 2000]
12:52:28.221 [Forwarding clickElement on session e65b40f51ec0f04df17888dd60708d2e to remote] DEBUG org.apache.http.impl.conn.PoolingHttpClientConnectionManager - Connection leased: [id: 21][route: {}->http://localhost:34550][total kept alive: 3; route allocated: 1 of 2000; total allocated: 4 of 2000]
12:52:28.221 [Forwarding clickElement on session e65b40f51ec0f04df17888dd60708d2e to remote] DEBUG org.apache.http.impl.execchain.MainClientExec - Stale connection check
12:52:28.222 [Forwarding clickElement on session e65b40f51ec0f04df17888dd60708d2e to remote] DEBUG org.apache.http.wire - http-outgoing-21 << "[read] I/O error: Read timed out"
12:52:28.222 [Forwarding clickElement on session e65b40f51ec0f04df17888dd60708d2e to remote] DEBUG org.apache.http.impl.conn.DefaultManagedHttpClientConnection - http-outgoing-21: set socket timeout to 10800000
12:52:28.222 [Forwarding clickElement on session e65b40f51ec0f04df17888dd60708d2e to remote] DEBUG org.apache.http.impl.execchain.MainClientExec - Executing request POST /session/e65b40f51ec0f04df17888dd60708d2e/element/12c39922-d5ac-4a97-85aa-3b5814f184a1/click HTTP/1.1
12:52:28.222 [Forwarding clickElement on session e65b40f51ec0f04df17888dd60708d2e to remote] DEBUG org.apache.http.impl.execchain.MainClientExec - Target auth state: UNCHALLENGED
12:52:28.222 [Forwarding clickElement on session e65b40f51ec0f04df17888dd60708d2e to remote] DEBUG org.apache.http.impl.execchain.MainClientExec - Proxy auth state: UNCHALLENGED
12:52:28.222 [Forwarding clickElement on session e65b40f51ec0f04df17888dd60708d2e to remote] DEBUG org.apache.http.headers - http-outgoing-21 >> POST /session/e65b40f51ec0f04df17888dd60708d2e/element/12c39922-d5ac-4a97-85aa-3b5814f184a1/click HTTP/1.1
12:52:28.222 [Forwarding clickElement on session e65b40f51ec0f04df17888dd60708d2e to remote] DEBUG org.apache.http.headers - http-outgoing-21 >> Content-Type: application/json; charset=utf-8
12:52:28.222 [Forwarding clickElement on session e65b40f51ec0f04df17888dd60708d2e to remote] DEBUG org.apache.http.headers - http-outgoing-21 >> Content-Length: 45
12:52:28.222 [Forwarding clickElement on session e65b40f51ec0f04df17888dd60708d2e to remote] DEBUG org.apache.http.headers - http-outgoing-21 >> Host: localhost:34550
12:52:28.222 [Forwarding clickElement on session e65b40f51ec0f04df17888dd60708d2e to remote] DEBUG org.apache.http.headers - http-outgoing-21 >> Connection: Keep-Alive
12:52:28.222 [Forwarding clickElement on session e65b40f51ec0f04df17888dd60708d2e to remote] DEBUG org.apache.http.headers - http-outgoing-21 >> User-Agent: Apache-HttpClient/4.5.3 (Java/1.8.0_211)
12:52:28.222 [Forwarding clickElement on session e65b40f51ec0f04df17888dd60708d2e to remote] DEBUG org.apache.http.headers - http-outgoing-21 >> Accept-Encoding: gzip,deflate
12:52:28.222 [Forwarding clickElement on session e65b40f51ec0f04df17888dd60708d2e to remote] DEBUG org.apache.http.wire - http-outgoing-21 >> "POST /session/e65b40f51ec0f04df17888dd60708d2e/element/12c39922-d5ac-4a97-85aa-3b5814f184a1/click HTTP/1.1[\r][\n]"
12:52:28.222 [Forwarding clickElement on session e65b40f51ec0f04df17888dd60708d2e to remote] DEBUG org.apache.http.wire - http-outgoing-21 >> "Content-Type: application/json; charset=utf-8[\r][\n]"
12:52:28.222 [Forwarding clickElement on session e65b40f51ec0f04df17888dd60708d2e to remote] DEBUG org.apache.http.wire - http-outgoing-21 >> "Content-Length: 45[\r][\n]"
12:52:28.222 [Forwarding clickElement on session e65b40f51ec0f04df17888dd60708d2e to remote] DEBUG org.apache.http.wire - http-outgoing-21 >> "Host: localhost:34550[\r][\n]"
12:52:28.222 [Forwarding clickElement on session e65b40f51ec0f04df17888dd60708d2e to remote] DEBUG org.apache.http.wire - http-outgoing-21 >> "Connection: Keep-Alive[\r][\n]"
12:52:28.222 [Forwarding clickElement on session e65b40f51ec0f04df17888dd60708d2e to remote] DEBUG org.apache.http.wire - http-outgoing-21 >> "User-Agent: Apache-HttpClient/4.5.3 (Java/1.8.0_211)[\r][\n]"
12:52:28.222 [Forwarding clickElement on session e65b40f51ec0f04df17888dd60708d2e to remote] DEBUG org.apache.http.wire - http-outgoing-21 >> "Accept-Encoding: gzip,deflate[\r][\n]"
12:52:28.222 [Forwarding clickElement on session e65b40f51ec0f04df17888dd60708d2e to remote] DEBUG org.apache.http.wire - http-outgoing-21 >> "[\r][\n]"
12:52:28.222 [Forwarding clickElement on session e65b40f51ec0f04df17888dd60708d2e to remote] DEBUG org.apache.http.wire - http-outgoing-21 >> "{"id":"12c39922-d5ac-4a97-85aa-3b5814f184a1"}"
12:52:28.260 [Forwarding clickElement on session e65b40f51ec0f04df17888dd60708d2e to remote] DEBUG org.apache.http.wire - http-outgoing-21 << "HTTP/1.1 200 OK[\r][\n]"
12:52:28.260 [Forwarding clickElement on session e65b40f51ec0f04df17888dd60708d2e to remote] DEBUG org.apache.http.wire - http-outgoing-21 << "Content-Length:14[\r][\n]"
12:52:28.260 [Forwarding clickElement on session e65b40f51ec0f04df17888dd60708d2e to remote] DEBUG org.apache.http.wire - http-outgoing-21 << "Content-Type:application/json; charset=utf-8[\r][\n]"
12:52:28.260 [Forwarding clickElement on session e65b40f51ec0f04df17888dd60708d2e to remote] DEBUG org.apache.http.wire - http-outgoing-21 << "cache-control:no-cache[\r][\n]"
12:52:28.260 [Forwarding clickElement on session e65b40f51ec0f04df17888dd60708d2e to remote] DEBUG org.apache.http.wire - http-outgoing-21 << "[\r][\n]"
12:52:28.260 [Forwarding clickElement on session e65b40f51ec0f04df17888dd60708d2e to remote] DEBUG org.apache.http.wire - http-outgoing-21 << "{"value":null}"
12:52:28.260 [Forwarding clickElement on session e65b40f51ec0f04df17888dd60708d2e to remote] DEBUG org.apache.http.headers - http-outgoing-21 << HTTP/1.1 200 OK
12:52:28.260 [Forwarding clickElement on session e65b40f51ec0f04df17888dd60708d2e to remote] DEBUG org.apache.http.headers - http-outgoing-21 << Content-Length:14
12:52:28.260 [Forwarding clickElement on session e65b40f51ec0f04df17888dd60708d2e to remote] DEBUG org.apache.http.headers - http-outgoing-21 << Content-Type:application/json; charset=utf-8
12:52:28.260 [Forwarding clickElement on session e65b40f51ec0f04df17888dd60708d2e to remote] DEBUG org.apache.http.headers - http-outgoing-21 << cache-control:no-cache
12:52:28.260 [Forwarding clickElement on session e65b40f51ec0f04df17888dd60708d2e to remote] DEBUG org.apache.http.impl.execchain.MainClientExec - Connection can be kept alive indefinitely
12:52:28.260 [Forwarding clickElement on session e65b40f51ec0f04df17888dd60708d2e to remote] DEBUG org.apache.http.impl.conn.PoolingHttpClientConnectionManager - Connection [id: 21][route: {}->http://localhost:34550] can be kept alive indefinitely
12:52:28.260 [Forwarding clickElement on session e65b40f51ec0f04df17888dd60708d2e to remote] DEBUG org.apache.http.impl.conn.PoolingHttpClientConnectionManager - Connection released: [id: 21][route: {}->http://localhost:34550][total kept alive: 4; route allocated: 1 of 2000; total allocated: 4 of 2000]
12:52:28.261 [Forwarding findElement on session e65b40f51ec0f04df17888dd60708d2e to remote] DEBUG org.apache.http.client.protocol.RequestAddCookies - CookieSpec selected: default
12:52:28.262 [Forwarding findElement on session e65b40f51ec0f04df17888dd60708d2e to remote] DEBUG org.apache.http.client.protocol.RequestAuthCache - Auth cache not set in the context
12:52:28.262 [Forwarding findElement on session e65b40f51ec0f04df17888dd60708d2e to remote] DEBUG org.apache.http.impl.conn.PoolingHttpClientConnectionManager - Connection request: [route: {}->http://localhost:34550][total kept alive: 4; route allocated: 1 of 2000; total allocated: 4 of 2000]
12:52:28.262 [Forwarding findElement on session e65b40f51ec0f04df17888dd60708d2e to remote] DEBUG org.apache.http.impl.conn.PoolingHttpClientConnectionManager - Connection leased: [id: 21][route: {}->http://localhost:34550][total kept alive: 3; route allocated: 1 of 2000; total allocated: 4 of 2000]
12:52:28.262 [Forwarding findElement on session e65b40f51ec0f04df17888dd60708d2e to remote] DEBUG org.apache.http.impl.execchain.MainClientExec - Stale connection check
12:52:28.263 [Forwarding findElement on session e65b40f51ec0f04df17888dd60708d2e to remote] DEBUG org.apache.http.wire - http-outgoing-21 << "[read] I/O error: Read timed out"
12:52:28.263 [Forwarding findElement on session e65b40f51ec0f04df17888dd60708d2e to remote] DEBUG org.apache.http.impl.conn.DefaultManagedHttpClientConnection - http-outgoing-21: set socket timeout to 10800000
12:52:28.263 [Forwarding findElement on session e65b40f51ec0f04df17888dd60708d2e to remote] DEBUG org.apache.http.impl.execchain.MainClientExec - Executing request POST /session/e65b40f51ec0f04df17888dd60708d2e/element HTTP/1.1
12:52:28.263 [Forwarding findElement on session e65b40f51ec0f04df17888dd60708d2e to remote] DEBUG org.apache.http.impl.execchain.MainClientExec - Target auth state: UNCHALLENGED
12:52:28.263 [Forwarding findElement on session e65b40f51ec0f04df17888dd60708d2e to remote] DEBUG org.apache.http.impl.execchain.MainClientExec - Proxy auth state: UNCHALLENGED
12:52:28.263 [Forwarding findElement on session e65b40f51ec0f04df17888dd60708d2e to remote] DEBUG org.apache.http.headers - http-outgoing-21 >> POST /session/e65b40f51ec0f04df17888dd60708d2e/element HTTP/1.1
12:52:28.263 [Forwarding findElement on session e65b40f51ec0f04df17888dd60708d2e to remote] DEBUG org.apache.http.headers - http-outgoing-21 >> Content-Type: application/json; charset=utf-8
12:52:28.263 [Forwarding findElement on session e65b40f51ec0f04df17888dd60708d2e to remote] DEBUG org.apache.http.headers - http-outgoing-21 >> Content-Length: 61
12:52:28.263 [Forwarding findElement on session e65b40f51ec0f04df17888dd60708d2e to remote] DEBUG org.apache.http.headers - http-outgoing-21 >> Host: localhost:34550
12:52:28.263 [Forwarding findElement on session e65b40f51ec0f04df17888dd60708d2e to remote] DEBUG org.apache.http.headers - http-outgoing-21 >> Connection: Keep-Alive
12:52:28.263 [Forwarding findElement on session e65b40f51ec0f04df17888dd60708d2e to remote] DEBUG org.apache.http.headers - http-outgoing-21 >> User-Agent: Apache-HttpClient/4.5.3 (Java/1.8.0_211)
12:52:28.263 [Forwarding findElement on session e65b40f51ec0f04df17888dd60708d2e to remote] DEBUG org.apache.http.headers - http-outgoing-21 >> Accept-Encoding: gzip,deflate
12:52:28.263 [Forwarding findElement on session e65b40f51ec0f04df17888dd60708d2e to remote] DEBUG org.apache.http.wire - http-outgoing-21 >> "POST /session/e65b40f51ec0f04df17888dd60708d2e/element HTTP/1.1[\r][\n]"
12:52:28.263 [Forwarding findElement on session e65b40f51ec0f04df17888dd60708d2e to remote] DEBUG org.apache.http.wire - http-outgoing-21 >> "Content-Type: application/json; charset=utf-8[\r][\n]"
12:52:28.263 [Forwarding findElement on session e65b40f51ec0f04df17888dd60708d2e to remote] DEBUG org.apache.http.wire - http-outgoing-21 >> "Content-Length: 61[\r][\n]"
12:52:28.263 [Forwarding findElement on session e65b40f51ec0f04df17888dd60708d2e to remote] DEBUG org.apache.http.wire - http-outgoing-21 >> "Host: localhost:34550[\r][\n]"
12:52:28.263 [Forwarding findElement on session e65b40f51ec0f04df17888dd60708d2e to remote] DEBUG org.apache.http.wire - http-outgoing-21 >> "Connection: Keep-Alive[\r][\n]"
12:52:28.263 [Forwarding findElement on session e65b40f51ec0f04df17888dd60708d2e to remote] DEBUG org.apache.http.wire - http-outgoing-21 >> "User-Agent: Apache-HttpClient/4.5.3 (Java/1.8.0_211)[\r][\n]"
12:52:28.263 [Forwarding findElement on session e65b40f51ec0f04df17888dd60708d2e to remote] DEBUG org.apache.http.wire - http-outgoing-21 >> "Accept-Encoding: gzip,deflate[\r][\n]"
12:52:28.263 [Forwarding findElement on session e65b40f51ec0f04df17888dd60708d2e to remote] DEBUG org.apache.http.wire - http-outgoing-21 >> "[\r][\n]"
12:52:28.263 [Forwarding findElement on session e65b40f51ec0f04df17888dd60708d2e to remote] DEBUG org.apache.http.wire - http-outgoing-21 >> "{"value":".justify-content-end > div","using":"css selector"}"
12:52:28.268 [Forwarding findElement on session e65b40f51ec0f04df17888dd60708d2e to remote] DEBUG org.apache.http.wire - http-outgoing-21 << "HTTP/1.1 200 OK[\r][\n]"
12:52:28.268 [Forwarding findElement on session e65b40f51ec0f04df17888dd60708d2e to remote] DEBUG org.apache.http.wire - http-outgoing-21 << "Content-Length:88[\r][\n]"
12:52:28.268 [Forwarding findElement on session e65b40f51ec0f04df17888dd60708d2e to remote] DEBUG org.apache.http.wire - http-outgoing-21 << "Content-Type:application/json; charset=utf-8[\r][\n]"
12:52:28.268 [Forwarding findElement on session e65b40f51ec0f04df17888dd60708d2e to remote] DEBUG org.apache.http.wire - http-outgoing-21 << "cache-control:no-cache[\r][\n]"
12:52:28.268 [Forwarding findElement on session e65b40f51ec0f04df17888dd60708d2e to remote] DEBUG org.apache.http.wire - http-outgoing-21 << "[\r][\n]"
12:52:28.268 [Forwarding findElement on session e65b40f51ec0f04df17888dd60708d2e to remote] DEBUG org.apache.http.wire - http-outgoing-21 << "{"value":{"element-6066-11e4-a52e-4f735466cecf":"a6b6330b-baa1-44f4-8bf7-ce32f8788d90"}}"
12:52:28.268 [Forwarding findElement on session e65b40f51ec0f04df17888dd60708d2e to remote] DEBUG org.apache.http.headers - http-outgoing-21 << HTTP/1.1 200 OK
12:52:28.268 [Forwarding findElement on session e65b40f51ec0f04df17888dd60708d2e to remote] DEBUG org.apache.http.headers - http-outgoing-21 << Content-Length:88
12:52:28.268 [Forwarding findElement on session e65b40f51ec0f04df17888dd60708d2e to remote] DEBUG org.apache.http.headers - http-outgoing-21 << Content-Type:application/json; charset=utf-8
12:52:28.268 [Forwarding findElement on session e65b40f51ec0f04df17888dd60708d2e to remote] DEBUG org.apache.http.headers - http-outgoing-21 << cache-control:no-cache
12:52:28.268 [Forwarding findElement on session e65b40f51ec0f04df17888dd60708d2e to remote] DEBUG org.apache.http.impl.execchain.MainClientExec - Connection can be kept alive indefinitely
12:52:28.268 [Forwarding findElement on session e65b40f51ec0f04df17888dd60708d2e to remote] DEBUG org.apache.http.impl.conn.PoolingHttpClientConnectionManager - Connection [id: 21][route: {}->http://localhost:34550] can be kept alive indefinitely
12:52:28.268 [Forwarding findElement on session e65b40f51ec0f04df17888dd60708d2e to remote] DEBUG org.apache.http.impl.conn.PoolingHttpClientConnectionManager - Connection released: [id: 21][route: {}->http://localhost:34550][total kept alive: 4; route allocated: 1 of 2000; total allocated: 4 of 2000]
12:52:28.269 [Forwarding clickElement on session e65b40f51ec0f04df17888dd60708d2e to remote] DEBUG org.apache.http.client.protocol.RequestAddCookies - CookieSpec selected: default
12:52:28.269 [Forwarding clickElement on session e65b40f51ec0f04df17888dd60708d2e to remote] DEBUG org.apache.http.client.protocol.RequestAuthCache - Auth cache not set in the context
12:52:28.269 [Forwarding clickElement on session e65b40f51ec0f04df17888dd60708d2e to remote] DEBUG org.apache.http.impl.conn.PoolingHttpClientConnectionManager - Connection request: [route: {}->http://localhost:34550][total kept alive: 4; route allocated: 1 of 2000; total allocated: 4 of 2000]
12:52:28.269 [Forwarding clickElement on session e65b40f51ec0f04df17888dd60708d2e to remote] DEBUG org.apache.http.impl.conn.PoolingHttpClientConnectionManager - Connection leased: [id: 21][route: {}->http://localhost:34550][total kept alive: 3; route allocated: 1 of 2000; total allocated: 4 of 2000]
12:52:28.269 [Forwarding clickElement on session e65b40f51ec0f04df17888dd60708d2e to remote] DEBUG org.apache.http.impl.execchain.MainClientExec - Stale connection check
12:52:28.270 [Forwarding clickElement on session e65b40f51ec0f04df17888dd60708d2e to remote] DEBUG org.apache.http.wire - http-outgoing-21 << "[read] I/O error: Read timed out"
12:52:28.270 [Forwarding clickElement on session e65b40f51ec0f04df17888dd60708d2e to remote] DEBUG org.apache.http.impl.conn.DefaultManagedHttpClientConnection - http-outgoing-21: set socket timeout to 10800000
12:52:28.270 [Forwarding clickElement on session e65b40f51ec0f04df17888dd60708d2e to remote] DEBUG org.apache.http.impl.execchain.MainClientExec - Executing request POST /session/e65b40f51ec0f04df17888dd60708d2e/element/a6b6330b-baa1-44f4-8bf7-ce32f8788d90/click HTTP/1.1
12:52:28.270 [Forwarding clickElement on session e65b40f51ec0f04df17888dd60708d2e to remote] DEBUG org.apache.http.impl.execchain.MainClientExec - Target auth state: UNCHALLENGED
12:52:28.270 [Forwarding clickElement on session e65b40f51ec0f04df17888dd60708d2e to remote] DEBUG org.apache.http.impl.execchain.MainClientExec - Proxy auth state: UNCHALLENGED
12:52:28.270 [Forwarding clickElement on session e65b40f51ec0f04df17888dd60708d2e to remote] DEBUG org.apache.http.headers - http-outgoing-21 >> POST /session/e65b40f51ec0f04df17888dd60708d2e/element/a6b6330b-baa1-44f4-8bf7-ce32f8788d90/click HTTP/1.1
12:52:28.270 [Forwarding clickElement on session e65b40f51ec0f04df17888dd60708d2e to remote] DEBUG org.apache.http.headers - http-outgoing-21 >> Content-Type: application/json; charset=utf-8
12:52:28.270 [Forwarding clickElement on session e65b40f51ec0f04df17888dd60708d2e to remote] DEBUG org.apache.http.headers - http-outgoing-21 >> Content-Length: 45
12:52:28.270 [Forwarding clickElement on session e65b40f51ec0f04df17888dd60708d2e to remote] DEBUG org.apache.http.headers - http-outgoing-21 >> Host: localhost:34550
12:52:28.270 [Forwarding clickElement on session e65b40f51ec0f04df17888dd60708d2e to remote] DEBUG org.apache.http.headers - http-outgoing-21 >> Connection: Keep-Alive
12:52:28.270 [Forwarding clickElement on session e65b40f51ec0f04df17888dd60708d2e to remote] DEBUG org.apache.http.headers - http-outgoing-21 >> User-Agent: Apache-HttpClient/4.5.3 (Java/1.8.0_211)
12:52:28.270 [Forwarding clickElement on session e65b40f51ec0f04df17888dd60708d2e to remote] DEBUG org.apache.http.headers - http-outgoing-21 >> Accept-Encoding: gzip,deflate
12:52:28.270 [Forwarding clickElement on session e65b40f51ec0f04df17888dd60708d2e to remote] DEBUG org.apache.http.wire - http-outgoing-21 >> "POST /session/e65b40f51ec0f04df17888dd60708d2e/element/a6b6330b-baa1-44f4-8bf7-ce32f8788d90/click HTTP/1.1[\r][\n]"
12:52:28.270 [Forwarding clickElement on session e65b40f51ec0f04df17888dd60708d2e to remote] DEBUG org.apache.http.wire - http-outgoing-21 >> "Content-Type: application/json; charset=utf-8[\r][\n]"
12:52:28.270 [Forwarding clickElement on session e65b40f51ec0f04df17888dd60708d2e to remote] DEBUG org.apache.http.wire - http-outgoing-21 >> "Content-Length: 45[\r][\n]"
12:52:28.270 [Forwarding clickElement on session e65b40f51ec0f04df17888dd60708d2e to remote] DEBUG org.apache.http.wire - http-outgoing-21 >> "Host: localhost:34550[\r][\n]"
12:52:28.271 [Forwarding clickElement on session e65b40f51ec0f04df17888dd60708d2e to remote] DEBUG org.apache.http.wire - http-outgoing-21 >> "Connection: Keep-Alive[\r][\n]"
12:52:28.271 [Forwarding clickElement on session e65b40f51ec0f04df17888dd60708d2e to remote] DEBUG org.apache.http.wire - http-outgoing-21 >> "User-Agent: Apache-HttpClient/4.5.3 (Java/1.8.0_211)[\r][\n]"
12:52:28.271 [Forwarding clickElement on session e65b40f51ec0f04df17888dd60708d2e to remote] DEBUG org.apache.http.wire - http-outgoing-21 >> "Accept-Encoding: gzip,deflate[\r][\n]"
12:52:28.271 [Forwarding clickElement on session e65b40f51ec0f04df17888dd60708d2e to remote] DEBUG org.apache.http.wire - http-outgoing-21 >> "[\r][\n]"
12:52:28.271 [Forwarding clickElement on session e65b40f51ec0f04df17888dd60708d2e to remote] DEBUG org.apache.http.wire - http-outgoing-21 >> "{"id":"a6b6330b-baa1-44f4-8bf7-ce32f8788d90"}"
12:52:28.331 [Forwarding clickElement on session e65b40f51ec0f04df17888dd60708d2e to remote] DEBUG org.apache.http.wire - http-outgoing-21 << "HTTP/1.1 200 OK[\r][\n]"
12:52:28.331 [Forwarding clickElement on session e65b40f51ec0f04df17888dd60708d2e to remote] DEBUG org.apache.http.wire - http-outgoing-21 << "Content-Length:14[\r][\n]"
12:52:28.331 [Forwarding clickElement on session e65b40f51ec0f04df17888dd60708d2e to remote] DEBUG org.apache.http.wire - http-outgoing-21 << "Content-Type:application/json; charset=utf-8[\r][\n]"
12:52:28.331 [Forwarding clickElement on session e65b40f51ec0f04df17888dd60708d2e to remote] DEBUG org.apache.http.wire - http-outgoing-21 << "cache-control:no-cache[\r][\n]"
12:52:28.331 [Forwarding clickElement on session e65b40f51ec0f04df17888dd60708d2e to remote] DEBUG org.apache.http.wire - http-outgoing-21 << "[\r][\n]"
12:52:28.331 [Forwarding clickElement on session e65b40f51ec0f04df17888dd60708d2e to remote] DEBUG org.apache.http.wire - http-outgoing-21 << "{"value":null}"
12:52:28.331 [Forwarding clickElement on session e65b40f51ec0f04df17888dd60708d2e to remote] DEBUG org.apache.http.headers - http-outgoing-21 << HTTP/1.1 200 OK
12:52:28.331 [Forwarding clickElement on session e65b40f51ec0f04df17888dd60708d2e to remote] DEBUG org.apache.http.headers - http-outgoing-21 << Content-Length:14
12:52:28.331 [Forwarding clickElement on session e65b40f51ec0f04df17888dd60708d2e to remote] DEBUG org.apache.http.headers - http-outgoing-21 << Content-Type:application/json; charset=utf-8
12:52:28.331 [Forwarding clickElement on session e65b40f51ec0f04df17888dd60708d2e to remote] DEBUG org.apache.http.headers - http-outgoing-21 << cache-control:no-cache
12:52:28.331 [Forwarding clickElement on session e65b40f51ec0f04df17888dd60708d2e to remote] DEBUG org.apache.http.impl.execchain.MainClientExec - Connection can be kept alive indefinitely
12:52:28.331 [Forwarding clickElement on session e65b40f51ec0f04df17888dd60708d2e to remote] DEBUG org.apache.http.impl.conn.PoolingHttpClientConnectionManager - Connection [id: 21][route: {}->http://localhost:34550] can be kept alive indefinitely
12:52:28.331 [Forwarding clickElement on session e65b40f51ec0f04df17888dd60708d2e to remote] DEBUG org.apache.http.impl.conn.PoolingHttpClientConnectionManager - Connection released: [id: 21][route: {}->http://localhost:34550][total kept alive: 4; route allocated: 1 of 2000; total allocated: 4 of 2000]
12:52:28.332 [Forwarding findElement on session e65b40f51ec0f04df17888dd60708d2e to remote] DEBUG org.apache.http.client.protocol.RequestAddCookies - CookieSpec selected: default
12:52:28.332 [Forwarding findElement on session e65b40f51ec0f04df17888dd60708d2e to remote] DEBUG org.apache.http.client.protocol.RequestAuthCache - Auth cache not set in the context
12:52:28.332 [Forwarding findElement on session e65b40f51ec0f04df17888dd60708d2e to remote] DEBUG org.apache.http.impl.conn.PoolingHttpClientConnectionManager - Connection request: [route: {}->http://localhost:34550][total kept alive: 4; route allocated: 1 of 2000; total allocated: 4 of 2000]
12:52:28.332 [Forwarding findElement on session e65b40f51ec0f04df17888dd60708d2e to remote] DEBUG org.apache.http.impl.conn.PoolingHttpClientConnectionManager - Connection leased: [id: 21][route: {}->http://localhost:34550][total kept alive: 3; route allocated: 1 of 2000; total allocated: 4 of 2000]
12:52:28.332 [Forwarding findElement on session e65b40f51ec0f04df17888dd60708d2e to remote] DEBUG org.apache.http.impl.execchain.MainClientExec - Stale connection check
12:52:28.333 [Forwarding findElement on session e65b40f51ec0f04df17888dd60708d2e to remote] DEBUG org.apache.http.wire - http-outgoing-21 << "[read] I/O error: Read timed out"
12:52:28.333 [Forwarding findElement on session e65b40f51ec0f04df17888dd60708d2e to remote] DEBUG org.apache.http.impl.conn.DefaultManagedHttpClientConnection - http-outgoing-21: set socket timeout to 10800000
12:52:28.333 [Forwarding findElement on session e65b40f51ec0f04df17888dd60708d2e to remote] DEBUG org.apache.http.impl.execchain.MainClientExec - Executing request POST /session/e65b40f51ec0f04df17888dd60708d2e/element HTTP/1.1
12:52:28.333 [Forwarding findElement on session e65b40f51ec0f04df17888dd60708d2e to remote] DEBUG org.apache.http.impl.execchain.MainClientExec - Target auth state: UNCHALLENGED
12:52:28.333 [Forwarding findElement on session e65b40f51ec0f04df17888dd60708d2e to remote] DEBUG org.apache.http.impl.execchain.MainClientExec - Proxy auth state: UNCHALLENGED
12:52:28.333 [Forwarding findElement on session e65b40f51ec0f04df17888dd60708d2e to remote] DEBUG org.apache.http.headers - http-outgoing-21 >> POST /session/e65b40f51ec0f04df17888dd60708d2e/element HTTP/1.1
12:52:28.333 [Forwarding findElement on session e65b40f51ec0f04df17888dd60708d2e to remote] DEBUG org.apache.http.headers - http-outgoing-21 >> Content-Type: application/json; charset=utf-8
12:52:28.333 [Forwarding findElement on session e65b40f51ec0f04df17888dd60708d2e to remote] DEBUG org.apache.http.headers - http-outgoing-21 >> Content-Length: 53
12:52:28.333 [Forwarding findElement on session e65b40f51ec0f04df17888dd60708d2e to remote] DEBUG org.apache.http.headers - http-outgoing-21 >> Host: localhost:34550
12:52:28.333 [Forwarding findElement on session e65b40f51ec0f04df17888dd60708d2e to remote] DEBUG org.apache.http.headers - http-outgoing-21 >> Connection: Keep-Alive
12:52:28.333 [Forwarding findElement on session e65b40f51ec0f04df17888dd60708d2e to remote] DEBUG org.apache.http.headers - http-outgoing-21 >> User-Agent: Apache-HttpClient/4.5.3 (Java/1.8.0_211)
12:52:28.333 [Forwarding findElement on session e65b40f51ec0f04df17888dd60708d2e to remote] DEBUG org.apache.http.headers - http-outgoing-21 >> Accept-Encoding: gzip,deflate
12:52:28.333 [Forwarding findElement on session e65b40f51ec0f04df17888dd60708d2e to remote] DEBUG org.apache.http.wire - http-outgoing-21 >> "POST /session/e65b40f51ec0f04df17888dd60708d2e/element HTTP/1.1[\r][\n]"
12:52:28.333 [Forwarding findElement on session e65b40f51ec0f04df17888dd60708d2e to remote] DEBUG org.apache.http.wire - http-outgoing-21 >> "Content-Type: application/json; charset=utf-8[\r][\n]"
12:52:28.333 [Forwarding findElement on session e65b40f51ec0f04df17888dd60708d2e to remote] DEBUG org.apache.http.wire - http-outgoing-21 >> "Content-Length: 53[\r][\n]"
12:52:28.333 [Forwarding findElement on session e65b40f51ec0f04df17888dd60708d2e to remote] DEBUG org.apache.http.wire - http-outgoing-21 >> "Host: localhost:34550[\r][\n]"
12:52:28.333 [Forwarding findElement on session e65b40f51ec0f04df17888dd60708d2e to remote] DEBUG org.apache.http.wire - http-outgoing-21 >> "Connection: Keep-Alive[\r][\n]"
12:52:28.333 [Forwarding findElement on session e65b40f51ec0f04df17888dd60708d2e to remote] DEBUG org.apache.http.wire - http-outgoing-21 >> "User-Agent: Apache-HttpClient/4.5.3 (Java/1.8.0_211)[\r][\n]"
12:52:28.333 [Forwarding findElement on session e65b40f51ec0f04df17888dd60708d2e to remote] DEBUG org.apache.http.wire - http-outgoing-21 >> "Accept-Encoding: gzip,deflate[\r][\n]"
12:52:28.333 [Forwarding findElement on session e65b40f51ec0f04df17888dd60708d2e to remote] DEBUG org.apache.http.wire - http-outgoing-21 >> "[\r][\n]"
12:52:28.333 [Forwarding findElement on session e65b40f51ec0f04df17888dd60708d2e to remote] DEBUG org.apache.http.wire - http-outgoing-21 >> "{"value":"span > .d-flex div","using":"css selector"}"
12:52:28.934 [Forwarding findElement on session e65b40f51ec0f04df17888dd60708d2e to remote] DEBUG org.apache.http.wire - http-outgoing-21 << "HTTP/1.1 200 OK[\r][\n]"
12:52:28.934 [Forwarding findElement on session e65b40f51ec0f04df17888dd60708d2e to remote] DEBUG org.apache.http.wire - http-outgoing-21 << "Content-Length:88[\r][\n]"
12:52:28.934 [Forwarding findElement on session e65b40f51ec0f04df17888dd60708d2e to remote] DEBUG org.apache.http.wire - http-outgoing-21 << "Content-Type:application/json; charset=utf-8[\r][\n]"
12:52:28.934 [Forwarding findElement on session e65b40f51ec0f04df17888dd60708d2e to remote] DEBUG org.apache.http.wire - http-outgoing-21 << "cache-control:no-cache[\r][\n]"
12:52:28.934 [Forwarding findElement on session e65b40f51ec0f04df17888dd60708d2e to remote] DEBUG org.apache.http.wire - http-outgoing-21 << "[\r][\n]"
12:52:28.934 [Forwarding findElement on session e65b40f51ec0f04df17888dd60708d2e to remote] DEBUG org.apache.http.wire - http-outgoing-21 << "{"value":{"element-6066-11e4-a52e-4f735466cecf":"b369761f-67cd-4662-a925-cebc643ee434"}}"
12:52:28.934 [Forwarding findElement on session e65b40f51ec0f04df17888dd60708d2e to remote] DEBUG org.apache.http.headers - http-outgoing-21 << HTTP/1.1 200 OK
12:52:28.934 [Forwarding findElement on session e65b40f51ec0f04df17888dd60708d2e to remote] DEBUG org.apache.http.headers - http-outgoing-21 << Content-Length:88
12:52:28.934 [Forwarding findElement on session e65b40f51ec0f04df17888dd60708d2e to remote] DEBUG org.apache.http.headers - http-outgoing-21 << Content-Type:application/json; charset=utf-8
12:52:28.934 [Forwarding findElement on session e65b40f51ec0f04df17888dd60708d2e to remote] DEBUG org.apache.http.headers - http-outgoing-21 << cache-control:no-cache
12:52:28.934 [Forwarding findElement on session e65b40f51ec0f04df17888dd60708d2e to remote] DEBUG org.apache.http.impl.execchain.MainClientExec - Connection can be kept alive indefinitely
12:52:28.934 [Forwarding findElement on session e65b40f51ec0f04df17888dd60708d2e to remote] DEBUG org.apache.http.impl.conn.PoolingHttpClientConnectionManager - Connection [id: 21][route: {}->http://localhost:34550] can be kept alive indefinitely
12:52:28.934 [Forwarding findElement on session e65b40f51ec0f04df17888dd60708d2e to remote] DEBUG org.apache.http.impl.conn.PoolingHttpClientConnectionManager - Connection released: [id: 21][route: {}->http://localhost:34550][total kept alive: 4; route allocated: 1 of 2000; total allocated: 4 of 2000]
12:52:28.935 [Forwarding getElementText on session e65b40f51ec0f04df17888dd60708d2e to remote] DEBUG org.apache.http.client.protocol.RequestAddCookies - CookieSpec selected: default
12:52:28.935 [Forwarding getElementText on session e65b40f51ec0f04df17888dd60708d2e to remote] DEBUG org.apache.http.client.protocol.RequestAuthCache - Auth cache not set in the context
12:52:28.935 [Forwarding getElementText on session e65b40f51ec0f04df17888dd60708d2e to remote] DEBUG org.apache.http.impl.conn.PoolingHttpClientConnectionManager - Connection request: [route: {}->http://localhost:34550][total kept alive: 4; route allocated: 1 of 2000; total allocated: 4 of 2000]
12:52:28.935 [Forwarding getElementText on session e65b40f51ec0f04df17888dd60708d2e to remote] DEBUG org.apache.http.impl.conn.PoolingHttpClientConnectionManager - Connection leased: [id: 21][route: {}->http://localhost:34550][total kept alive: 3; route allocated: 1 of 2000; total allocated: 4 of 2000]
12:52:28.935 [Forwarding getElementText on session e65b40f51ec0f04df17888dd60708d2e to remote] DEBUG org.apache.http.impl.execchain.MainClientExec - Stale connection check
12:52:28.936 [Forwarding getElementText on session e65b40f51ec0f04df17888dd60708d2e to remote] DEBUG org.apache.http.wire - http-outgoing-21 << "[read] I/O error: Read timed out"
12:52:28.936 [Forwarding getElementText on session e65b40f51ec0f04df17888dd60708d2e to remote] DEBUG org.apache.http.impl.conn.DefaultManagedHttpClientConnection - http-outgoing-21: set socket timeout to 10800000
12:52:28.936 [Forwarding getElementText on session e65b40f51ec0f04df17888dd60708d2e to remote] DEBUG org.apache.http.impl.execchain.MainClientExec - Executing request GET /session/e65b40f51ec0f04df17888dd60708d2e/element/b369761f-67cd-4662-a925-cebc643ee434/text HTTP/1.1
12:52:28.936 [Forwarding getElementText on session e65b40f51ec0f04df17888dd60708d2e to remote] DEBUG org.apache.http.impl.execchain.MainClientExec - Target auth state: UNCHALLENGED
12:52:28.936 [Forwarding getElementText on session e65b40f51ec0f04df17888dd60708d2e to remote] DEBUG org.apache.http.impl.execchain.MainClientExec - Proxy auth state: UNCHALLENGED
12:52:28.936 [Forwarding getElementText on session e65b40f51ec0f04df17888dd60708d2e to remote] DEBUG org.apache.http.headers - http-outgoing-21 >> GET /session/e65b40f51ec0f04df17888dd60708d2e/element/b369761f-67cd-4662-a925-cebc643ee434/text HTTP/1.1
12:52:28.936 [Forwarding getElementText on session e65b40f51ec0f04df17888dd60708d2e to remote] DEBUG org.apache.http.headers - http-outgoing-21 >> Cache-Control: no-cache
12:52:28.936 [Forwarding getElementText on session e65b40f51ec0f04df17888dd60708d2e to remote] DEBUG org.apache.http.headers - http-outgoing-21 >> Host: localhost:34550
12:52:28.936 [Forwarding getElementText on session e65b40f51ec0f04df17888dd60708d2e to remote] DEBUG org.apache.http.headers - http-outgoing-21 >> Connection: Keep-Alive
12:52:28.936 [Forwarding getElementText on session e65b40f51ec0f04df17888dd60708d2e to remote] DEBUG org.apache.http.headers - http-outgoing-21 >> User-Agent: Apache-HttpClient/4.5.3 (Java/1.8.0_211)
12:52:28.936 [Forwarding getElementText on session e65b40f51ec0f04df17888dd60708d2e to remote] DEBUG org.apache.http.headers - http-outgoing-21 >> Accept-Encoding: gzip,deflate
12:52:28.936 [Forwarding getElementText on session e65b40f51ec0f04df17888dd60708d2e to remote] DEBUG org.apache.http.wire - http-outgoing-21 >> "GET /session/e65b40f51ec0f04df17888dd60708d2e/element/b369761f-67cd-4662-a925-cebc643ee434/text HTTP/1.1[\r][\n]"
12:52:28.936 [Forwarding getElementText on session e65b40f51ec0f04df17888dd60708d2e to remote] DEBUG org.apache.http.wire - http-outgoing-21 >> "Cache-Control: no-cache[\r][\n]"
12:52:28.936 [Forwarding getElementText on session e65b40f51ec0f04df17888dd60708d2e to remote] DEBUG org.apache.http.wire - http-outgoing-21 >> "Host: localhost:34550[\r][\n]"
12:52:28.936 [Forwarding getElementText on session e65b40f51ec0f04df17888dd60708d2e to remote] DEBUG org.apache.http.wire - http-outgoing-21 >> "Connection: Keep-Alive[\r][\n]"
12:52:28.936 [Forwarding getElementText on session e65b40f51ec0f04df17888dd60708d2e to remote] DEBUG org.apache.http.wire - http-outgoing-21 >> "User-Agent: Apache-HttpClient/4.5.3 (Java/1.8.0_211)[\r][\n]"
12:52:28.936 [Forwarding getElementText on session e65b40f51ec0f04df17888dd60708d2e to remote] DEBUG org.apache.http.wire - http-outgoing-21 >> "Accept-Encoding: gzip,deflate[\r][\n]"
12:52:28.936 [Forwarding getElementText on session e65b40f51ec0f04df17888dd60708d2e to remote] DEBUG org.apache.http.wire - http-outgoing-21 >> "[\r][\n]"
12:52:28.971 [Forwarding getElementText on session e65b40f51ec0f04df17888dd60708d2e to remote] DEBUG org.apache.http.wire - http-outgoing-21 << "HTTP/1.1 200 OK[\r][\n]"
12:52:28.971 [Forwarding getElementText on session e65b40f51ec0f04df17888dd60708d2e to remote] DEBUG org.apache.http.wire - http-outgoing-21 << "Content-Length:46[\r][\n]"
12:52:28.971 [Forwarding getElementText on session e65b40f51ec0f04df17888dd60708d2e to remote] DEBUG org.apache.http.wire - http-outgoing-21 << "Content-Type:application/json; charset=utf-8[\r][\n]"
12:52:28.971 [Forwarding getElementText on session e65b40f51ec0f04df17888dd60708d2e to remote] DEBUG org.apache.http.wire - http-outgoing-21 << "cache-control:no-cache[\r][\n]"
12:52:28.971 [Forwarding getElementText on session e65b40f51ec0f04df17888dd60708d2e to remote] DEBUG org.apache.http.wire - http-outgoing-21 << "[\r][\n]"
12:52:28.971 [Forwarding getElementText on session e65b40f51ec0f04df17888dd60708d2e to remote] DEBUG org.apache.http.wire - http-outgoing-21 << "{"value":"TN2jfdYCX9vvozqjwVvPjMd7vRj8HKyxUe"}"
12:52:28.971 [Forwarding getElementText on session e65b40f51ec0f04df17888dd60708d2e to remote] DEBUG org.apache.http.headers - http-outgoing-21 << HTTP/1.1 200 OK
12:52:28.971 [Forwarding getElementText on session e65b40f51ec0f04df17888dd60708d2e to remote] DEBUG org.apache.http.headers - http-outgoing-21 << Content-Length:46
12:52:28.971 [Forwarding getElementText on session e65b40f51ec0f04df17888dd60708d2e to remote] DEBUG org.apache.http.headers - http-outgoing-21 << Content-Type:application/json; charset=utf-8
12:52:28.971 [Forwarding getElementText on session e65b40f51ec0f04df17888dd60708d2e to remote] DEBUG org.apache.http.headers - http-outgoing-21 << cache-control:no-cache
12:52:28.971 [Forwarding getElementText on session e65b40f51ec0f04df17888dd60708d2e to remote] DEBUG org.apache.http.impl.execchain.MainClientExec - Connection can be kept alive indefinitely
12:52:28.971 [Forwarding getElementText on session e65b40f51ec0f04df17888dd60708d2e to remote] DEBUG org.apache.http.impl.conn.PoolingHttpClientConnectionManager - Connection [id: 21][route: {}->http://localhost:34550] can be kept alive indefinitely
12:52:28.971 [Forwarding getElementText on session e65b40f51ec0f04df17888dd60708d2e to remote] DEBUG org.apache.http.impl.conn.PoolingHttpClientConnectionManager - Connection released: [id: 21][route: {}->http://localhost:34550][total kept alive: 4; route allocated: 1 of 2000; total allocated: 4 of 2000]
12:52:29.176 [Forwarding findElement on session e65b40f51ec0f04df17888dd60708d2e to remote] DEBUG org.apache.http.client.protocol.RequestAddCookies - CookieSpec selected: default
12:52:29.176 [Forwarding findElement on session e65b40f51ec0f04df17888dd60708d2e to remote] DEBUG org.apache.http.client.protocol.RequestAuthCache - Auth cache not set in the context
12:52:29.176 [Forwarding findElement on session e65b40f51ec0f04df17888dd60708d2e to remote] DEBUG org.apache.http.impl.conn.PoolingHttpClientConnectionManager - Connection request: [route: {}->http://localhost:34550][total kept alive: 4; route allocated: 1 of 2000; total allocated: 4 of 2000]
12:52:29.176 [Forwarding findElement on session e65b40f51ec0f04df17888dd60708d2e to remote] DEBUG org.apache.http.impl.conn.PoolingHttpClientConnectionManager - Connection leased: [id: 21][route: {}->http://localhost:34550][total kept alive: 3; route allocated: 1 of 2000; total allocated: 4 of 2000]
12:52:29.176 [Forwarding findElement on session e65b40f51ec0f04df17888dd60708d2e to remote] DEBUG org.apache.http.impl.execchain.MainClientExec - Stale connection check
12:52:29.177 [Forwarding findElement on session e65b40f51ec0f04df17888dd60708d2e to remote] DEBUG org.apache.http.wire - http-outgoing-21 << "[read] I/O error: Read timed out"
12:52:29.177 [Forwarding findElement on session e65b40f51ec0f04df17888dd60708d2e to remote] DEBUG org.apache.http.impl.conn.DefaultManagedHttpClientConnection - http-outgoing-21: set socket timeout to 10800000
12:52:29.177 [Forwarding findElement on session e65b40f51ec0f04df17888dd60708d2e to remote] DEBUG org.apache.http.impl.execchain.MainClientExec - Executing request POST /session/e65b40f51ec0f04df17888dd60708d2e/element HTTP/1.1
12:52:29.177 [Forwarding findElement on session e65b40f51ec0f04df17888dd60708d2e to remote] DEBUG org.apache.http.impl.execchain.MainClientExec - Target auth state: UNCHALLENGED
12:52:29.177 [Forwarding findElement on session e65b40f51ec0f04df17888dd60708d2e to remote] DEBUG org.apache.http.impl.execchain.MainClientExec - Proxy auth state: UNCHALLENGED
12:52:29.177 [Forwarding findElement on session e65b40f51ec0f04df17888dd60708d2e to remote] DEBUG org.apache.http.headers - http-outgoing-21 >> POST /session/e65b40f51ec0f04df17888dd60708d2e/element HTTP/1.1
12:52:29.177 [Forwarding findElement on session e65b40f51ec0f04df17888dd60708d2e to remote] DEBUG org.apache.http.headers - http-outgoing-21 >> Content-Type: application/json; charset=utf-8
12:52:29.177 [Forwarding findElement on session e65b40f51ec0f04df17888dd60708d2e to remote] DEBUG org.apache.http.headers - http-outgoing-21 >> Content-Length: 58
12:52:29.177 [Forwarding findElement on session e65b40f51ec0f04df17888dd60708d2e to remote] DEBUG org.apache.http.headers - http-outgoing-21 >> Host: localhost:34550
12:52:29.177 [Forwarding findElement on session e65b40f51ec0f04df17888dd60708d2e to remote] DEBUG org.apache.http.headers - http-outgoing-21 >> Connection: Keep-Alive
12:52:29.177 [Forwarding findElement on session e65b40f51ec0f04df17888dd60708d2e to remote] DEBUG org.apache.http.headers - http-outgoing-21 >> User-Agent: Apache-HttpClient/4.5.3 (Java/1.8.0_211)
12:52:29.177 [Forwarding findElement on session e65b40f51ec0f04df17888dd60708d2e to remote] DEBUG org.apache.http.headers - http-outgoing-21 >> Accept-Encoding: gzip,deflate
12:52:29.177 [Forwarding findElement on session e65b40f51ec0f04df17888dd60708d2e to remote] DEBUG org.apache.http.wire - http-outgoing-21 >> "POST /session/e65b40f51ec0f04df17888dd60708d2e/element HTTP/1.1[\r][\n]"
12:52:29.177 [Forwarding findElement on session e65b40f51ec0f04df17888dd60708d2e to remote] DEBUG org.apache.http.wire - http-outgoing-21 >> "Content-Type: application/json; charset=utf-8[\r][\n]"
12:52:29.177 [Forwarding findElement on session e65b40f51ec0f04df17888dd60708d2e to remote] DEBUG org.apache.http.wire - http-outgoing-21 >> "Content-Length: 58[\r][\n]"
12:52:29.177 [Forwarding findElement on session e65b40f51ec0f04df17888dd60708d2e to remote] DEBUG org.apache.http.wire - http-outgoing-21 >> "Host: localhost:34550[\r][\n]"
12:52:29.177 [Forwarding findElement on session e65b40f51ec0f04df17888dd60708d2e to remote] DEBUG org.apache.http.wire - http-outgoing-21 >> "Connection: Keep-Alive[\r][\n]"
12:52:29.177 [Forwarding findElement on session e65b40f51ec0f04df17888dd60708d2e to remote] DEBUG org.apache.http.wire - http-outgoing-21 >> "User-Agent: Apache-HttpClient/4.5.3 (Java/1.8.0_211)[\r][\n]"
12:52:29.177 [Forwarding findElement on session e65b40f51ec0f04df17888dd60708d2e to remote] DEBUG org.apache.http.wire - http-outgoing-21 >> "Accept-Encoding: gzip,deflate[\r][\n]"
12:52:29.177 [Forwarding findElement on session e65b40f51ec0f04df17888dd60708d2e to remote] DEBUG org.apache.http.wire - http-outgoing-21 >> "[\r][\n]"
12:52:29.177 [Forwarding findElement on session e65b40f51ec0f04df17888dd60708d2e to remote] DEBUG org.apache.http.wire - http-outgoing-21 >> "{"value":".dropdown-toggle > span","using":"css selector"}"
12:52:29.180 [Forwarding findElement on session e65b40f51ec0f04df17888dd60708d2e to remote] DEBUG org.apache.http.wire - http-outgoing-21 << "HTTP/1.1 200 OK[\r][\n]"
12:52:29.180 [Forwarding findElement on session e65b40f51ec0f04df17888dd60708d2e to remote] DEBUG org.apache.http.wire - http-outgoing-21 << "Content-Length:88[\r][\n]"
12:52:29.180 [Forwarding findElement on session e65b40f51ec0f04df17888dd60708d2e to remote] DEBUG org.apache.http.wire - http-outgoing-21 << "Content-Type:application/json; charset=utf-8[\r][\n]"
12:52:29.180 [Forwarding findElement on session e65b40f51ec0f04df17888dd60708d2e to remote] DEBUG org.apache.http.wire - http-outgoing-21 << "cache-control:no-cache[\r][\n]"
12:52:29.180 [Forwarding findElement on session e65b40f51ec0f04df17888dd60708d2e to remote] DEBUG org.apache.http.wire - http-outgoing-21 << "[\r][\n]"
12:52:29.180 [Forwarding findElement on session e65b40f51ec0f04df17888dd60708d2e to remote] DEBUG org.apache.http.wire - http-outgoing-21 << "{"value":{"element-6066-11e4-a52e-4f735466cecf":"12c39922-d5ac-4a97-85aa-3b5814f184a1"}}"
12:52:29.180 [Forwarding findElement on session e65b40f51ec0f04df17888dd60708d2e to remote] DEBUG org.apache.http.headers - http-outgoing-21 << HTTP/1.1 200 OK
12:52:29.180 [Forwarding findElement on session e65b40f51ec0f04df17888dd60708d2e to remote] DEBUG org.apache.http.headers - http-outgoing-21 << Content-Length:88
12:52:29.180 [Forwarding findElement on session e65b40f51ec0f04df17888dd60708d2e to remote] DEBUG org.apache.http.headers - http-outgoing-21 << Content-Type:application/json; charset=utf-8
12:52:29.180 [Forwarding findElement on session e65b40f51ec0f04df17888dd60708d2e to remote] DEBUG org.apache.http.headers - http-outgoing-21 << cache-control:no-cache
12:52:29.180 [Forwarding findElement on session e65b40f51ec0f04df17888dd60708d2e to remote] DEBUG org.apache.http.impl.execchain.MainClientExec - Connection can be kept alive indefinitely
12:52:29.180 [Forwarding findElement on session e65b40f51ec0f04df17888dd60708d2e to remote] DEBUG org.apache.http.impl.conn.PoolingHttpClientConnectionManager - Connection [id: 21][route: {}->http://localhost:34550] can be kept alive indefinitely
12:52:29.180 [Forwarding findElement on session e65b40f51ec0f04df17888dd60708d2e to remote] DEBUG org.apache.http.impl.conn.PoolingHttpClientConnectionManager - Connection released: [id: 21][route: {}->http://localhost:34550][total kept alive: 4; route allocated: 1 of 2000; total allocated: 4 of 2000]
12:52:29.181 [Forwarding actions on session e65b40f51ec0f04df17888dd60708d2e to remote] DEBUG org.apache.http.client.protocol.RequestAddCookies - CookieSpec selected: default
12:52:29.181 [Forwarding actions on session e65b40f51ec0f04df17888dd60708d2e to remote] DEBUG org.apache.http.client.protocol.RequestAuthCache - Auth cache not set in the context
12:52:29.181 [Forwarding actions on session e65b40f51ec0f04df17888dd60708d2e to remote] DEBUG org.apache.http.impl.conn.PoolingHttpClientConnectionManager - Connection request: [route: {}->http://localhost:34550][total kept alive: 4; route allocated: 1 of 2000; total allocated: 4 of 2000]
12:52:29.181 [Forwarding actions on session e65b40f51ec0f04df17888dd60708d2e to remote] DEBUG org.apache.http.impl.conn.PoolingHttpClientConnectionManager - Connection leased: [id: 21][route: {}->http://localhost:34550][total kept alive: 3; route allocated: 1 of 2000; total allocated: 4 of 2000]
12:52:29.181 [Forwarding actions on session e65b40f51ec0f04df17888dd60708d2e to remote] DEBUG org.apache.http.impl.execchain.MainClientExec - Stale connection check
12:52:29.182 [Forwarding actions on session e65b40f51ec0f04df17888dd60708d2e to remote] DEBUG org.apache.http.wire - http-outgoing-21 << "[read] I/O error: Read timed out"
12:52:29.182 [Forwarding actions on session e65b40f51ec0f04df17888dd60708d2e to remote] DEBUG org.apache.http.impl.conn.DefaultManagedHttpClientConnection - http-outgoing-21: set socket timeout to 10800000
12:52:29.182 [Forwarding actions on session e65b40f51ec0f04df17888dd60708d2e to remote] DEBUG org.apache.http.impl.execchain.MainClientExec - Executing request POST /session/e65b40f51ec0f04df17888dd60708d2e/actions HTTP/1.1
12:52:29.182 [Forwarding actions on session e65b40f51ec0f04df17888dd60708d2e to remote] DEBUG org.apache.http.impl.execchain.MainClientExec - Target auth state: UNCHALLENGED
12:52:29.182 [Forwarding actions on session e65b40f51ec0f04df17888dd60708d2e to remote] DEBUG org.apache.http.impl.execchain.MainClientExec - Proxy auth state: UNCHALLENGED
12:52:29.183 [Forwarding actions on session e65b40f51ec0f04df17888dd60708d2e to remote] DEBUG org.apache.http.headers - http-outgoing-21 >> POST /session/e65b40f51ec0f04df17888dd60708d2e/actions HTTP/1.1
12:52:29.183 [Forwarding actions on session e65b40f51ec0f04df17888dd60708d2e to remote] DEBUG org.apache.http.headers - http-outgoing-21 >> Content-Type: application/json; charset=utf-8
12:52:29.183 [Forwarding actions on session e65b40f51ec0f04df17888dd60708d2e to remote] DEBUG org.apache.http.headers - http-outgoing-21 >> Content-Length: 289
12:52:29.183 [Forwarding actions on session e65b40f51ec0f04df17888dd60708d2e to remote] DEBUG org.apache.http.headers - http-outgoing-21 >> Host: localhost:34550
12:52:29.183 [Forwarding actions on session e65b40f51ec0f04df17888dd60708d2e to remote] DEBUG org.apache.http.headers - http-outgoing-21 >> Connection: Keep-Alive
12:52:29.183 [Forwarding actions on session e65b40f51ec0f04df17888dd60708d2e to remote] DEBUG org.apache.http.headers - http-outgoing-21 >> User-Agent: Apache-HttpClient/4.5.3 (Java/1.8.0_211)
12:52:29.183 [Forwarding actions on session e65b40f51ec0f04df17888dd60708d2e to remote] DEBUG org.apache.http.headers - http-outgoing-21 >> Accept-Encoding: gzip,deflate
12:52:29.183 [Forwarding actions on session e65b40f51ec0f04df17888dd60708d2e to remote] DEBUG org.apache.http.wire - http-outgoing-21 >> "POST /session/e65b40f51ec0f04df17888dd60708d2e/actions HTTP/1.1[\r][\n]"
12:52:29.183 [Forwarding actions on session e65b40f51ec0f04df17888dd60708d2e to remote] DEBUG org.apache.http.wire - http-outgoing-21 >> "Content-Type: application/json; charset=utf-8[\r][\n]"
12:52:29.183 [Forwarding actions on session e65b40f51ec0f04df17888dd60708d2e to remote] DEBUG org.apache.http.wire - http-outgoing-21 >> "Content-Length: 289[\r][\n]"
12:52:29.183 [Forwarding actions on session e65b40f51ec0f04df17888dd60708d2e to remote] DEBUG org.apache.http.wire - http-outgoing-21 >> "Host: localhost:34550[\r][\n]"
12:52:29.183 [Forwarding actions on session e65b40f51ec0f04df17888dd60708d2e to remote] DEBUG org.apache.http.wire - http-outgoing-21 >> "Connection: Keep-Alive[\r][\n]"
12:52:29.183 [Forwarding actions on session e65b40f51ec0f04df17888dd60708d2e to remote] DEBUG org.apache.http.wire - http-outgoing-21 >> "User-Agent: Apache-HttpClient/4.5.3 (Java/1.8.0_211)[\r][\n]"
12:52:29.183 [Forwarding actions on session e65b40f51ec0f04df17888dd60708d2e to remote] DEBUG org.apache.http.wire - http-outgoing-21 >> "Accept-Encoding: gzip,deflate[\r][\n]"
12:52:29.183 [Forwarding actions on session e65b40f51ec0f04df17888dd60708d2e to remote] DEBUG org.apache.http.wire - http-outgoing-21 >> "[\r][\n]"
12:52:29.183 [Forwarding actions on session e65b40f51ec0f04df17888dd60708d2e to remote] DEBUG org.apache.http.wire - http-outgoing-21 >> "{"actions":[{"id":"default mouse","type":"pointer","parameters":{"pointerType":"mouse"},"actions":[{"duration":100,"x":0,"y":0,"type":"pointerMove","origin":{"ELEMENT":"12c39922-d5ac-4a97-85aa-3b5814f184a1","element-6066-11e4-a52e-4f735466cecf":"12c39922-d5ac-4a97-85aa-3b5814f184a1"}}]}]}"
12:52:29.311 [Forwarding actions on session e65b40f51ec0f04df17888dd60708d2e to remote] DEBUG org.apache.http.wire - http-outgoing-21 << "HTTP/1.1 200 OK[\r][\n]"
12:52:29.311 [Forwarding actions on session e65b40f51ec0f04df17888dd60708d2e to remote] DEBUG org.apache.http.wire - http-outgoing-21 << "Content-Length:14[\r][\n]"
12:52:29.311 [Forwarding actions on session e65b40f51ec0f04df17888dd60708d2e to remote] DEBUG org.apache.http.wire - http-outgoing-21 << "Content-Type:application/json; charset=utf-8[\r][\n]"
12:52:29.311 [Forwarding actions on session e65b40f51ec0f04df17888dd60708d2e to remote] DEBUG org.apache.http.wire - http-outgoing-21 << "cache-control:no-cache[\r][\n]"
12:52:29.311 [Forwarding actions on session e65b40f51ec0f04df17888dd60708d2e to remote] DEBUG org.apache.http.wire - http-outgoing-21 << "[\r][\n]"
12:52:29.311 [Forwarding actions on session e65b40f51ec0f04df17888dd60708d2e to remote] DEBUG org.apache.http.wire - http-outgoing-21 << "{"value":null}"
12:52:29.311 [Forwarding actions on session e65b40f51ec0f04df17888dd60708d2e to remote] DEBUG org.apache.http.headers - http-outgoing-21 << HTTP/1.1 200 OK
12:52:29.311 [Forwarding actions on session e65b40f51ec0f04df17888dd60708d2e to remote] DEBUG org.apache.http.headers - http-outgoing-21 << Content-Length:14
12:52:29.311 [Forwarding actions on session e65b40f51ec0f04df17888dd60708d2e to remote] DEBUG org.apache.http.headers - http-outgoing-21 << Content-Type:application/json; charset=utf-8
12:52:29.312 [Forwarding actions on session e65b40f51ec0f04df17888dd60708d2e to remote] DEBUG org.apache.http.headers - http-outgoing-21 << cache-control:no-cache
12:52:29.312 [Forwarding actions on session e65b40f51ec0f04df17888dd60708d2e to remote] DEBUG org.apache.http.impl.execchain.MainClientExec - Connection can be kept alive indefinitely
12:52:29.312 [Forwarding actions on session e65b40f51ec0f04df17888dd60708d2e to remote] DEBUG org.apache.http.impl.conn.PoolingHttpClientConnectionManager - Connection [id: 21][route: {}->http://localhost:34550] can be kept alive indefinitely
12:52:29.312 [Forwarding actions on session e65b40f51ec0f04df17888dd60708d2e to remote] DEBUG org.apache.http.impl.conn.PoolingHttpClientConnectionManager - Connection released: [id: 21][route: {}->http://localhost:34550][total kept alive: 4; route allocated: 1 of 2000; total allocated: 4 of 2000]
12:52:29.312 [Forwarding findElement on session e65b40f51ec0f04df17888dd60708d2e to remote] DEBUG org.apache.http.client.protocol.RequestAddCookies - CookieSpec selected: default
12:52:29.312 [Forwarding findElement on session e65b40f51ec0f04df17888dd60708d2e to remote] DEBUG org.apache.http.client.protocol.RequestAuthCache - Auth cache not set in the context
12:52:29.312 [Forwarding findElement on session e65b40f51ec0f04df17888dd60708d2e to remote] DEBUG org.apache.http.impl.conn.PoolingHttpClientConnectionManager - Connection request: [route: {}->http://localhost:34550][total kept alive: 4; route allocated: 1 of 2000; total allocated: 4 of 2000]
12:52:29.312 [Forwarding findElement on session e65b40f51ec0f04df17888dd60708d2e to remote] DEBUG org.apache.http.impl.conn.PoolingHttpClientConnectionManager - Connection leased: [id: 21][route: {}->http://localhost:34550][total kept alive: 3; route allocated: 1 of 2000; total allocated: 4 of 2000]
12:52:29.312 [Forwarding findElement on session e65b40f51ec0f04df17888dd60708d2e to remote] DEBUG org.apache.http.impl.execchain.MainClientExec - Stale connection check
12:52:29.314 [Forwarding findElement on session e65b40f51ec0f04df17888dd60708d2e to remote] DEBUG org.apache.http.wire - http-outgoing-21 << "[read] I/O error: Read timed out"
12:52:29.314 [Forwarding findElement on session e65b40f51ec0f04df17888dd60708d2e to remote] DEBUG org.apache.http.impl.conn.DefaultManagedHttpClientConnection - http-outgoing-21: set socket timeout to 10800000
12:52:29.314 [Forwarding findElement on session e65b40f51ec0f04df17888dd60708d2e to remote] DEBUG org.apache.http.impl.execchain.MainClientExec - Executing request POST /session/e65b40f51ec0f04df17888dd60708d2e/element HTTP/1.1
12:52:29.314 [Forwarding findElement on session e65b40f51ec0f04df17888dd60708d2e to remote] DEBUG org.apache.http.impl.execchain.MainClientExec - Target auth state: UNCHALLENGED
12:52:29.314 [Forwarding findElement on session e65b40f51ec0f04df17888dd60708d2e to remote] DEBUG org.apache.http.impl.execchain.MainClientExec - Proxy auth state: UNCHALLENGED
12:52:29.314 [Forwarding findElement on session e65b40f51ec0f04df17888dd60708d2e to remote] DEBUG org.apache.http.headers - http-outgoing-21 >> POST /session/e65b40f51ec0f04df17888dd60708d2e/element HTTP/1.1
12:52:29.314 [Forwarding findElement on session e65b40f51ec0f04df17888dd60708d2e to remote] DEBUG org.apache.http.headers - http-outgoing-21 >> Content-Type: application/json; charset=utf-8
12:52:29.314 [Forwarding findElement on session e65b40f51ec0f04df17888dd60708d2e to remote] DEBUG org.apache.http.headers - http-outgoing-21 >> Content-Length: 60
12:52:29.314 [Forwarding findElement on session e65b40f51ec0f04df17888dd60708d2e to remote] DEBUG org.apache.http.headers - http-outgoing-21 >> Host: localhost:34550
12:52:29.314 [Forwarding findElement on session e65b40f51ec0f04df17888dd60708d2e to remote] DEBUG org.apache.http.headers - http-outgoing-21 >> Connection: Keep-Alive
12:52:29.314 [Forwarding findElement on session e65b40f51ec0f04df17888dd60708d2e to remote] DEBUG org.apache.http.headers - http-outgoing-21 >> User-Agent: Apache-HttpClient/4.5.3 (Java/1.8.0_211)
12:52:29.314 [Forwarding findElement on session e65b40f51ec0f04df17888dd60708d2e to remote] DEBUG org.apache.http.headers - http-outgoing-21 >> Accept-Encoding: gzip,deflate
12:52:29.314 [Forwarding findElement on session e65b40f51ec0f04df17888dd60708d2e to remote] DEBUG org.apache.http.wire - http-outgoing-21 >> "POST /session/e65b40f51ec0f04df17888dd60708d2e/element HTTP/1.1[\r][\n]"
12:52:29.314 [Forwarding findElement on session e65b40f51ec0f04df17888dd60708d2e to remote] DEBUG org.apache.http.wire - http-outgoing-21 >> "Content-Type: application/json; charset=utf-8[\r][\n]"
12:52:29.314 [Forwarding findElement on session e65b40f51ec0f04df17888dd60708d2e to remote] DEBUG org.apache.http.wire - http-outgoing-21 >> "Content-Length: 60[\r][\n]"
12:52:29.314 [Forwarding findElement on session e65b40f51ec0f04df17888dd60708d2e to remote] DEBUG org.apache.http.wire - http-outgoing-21 >> "Host: localhost:34550[\r][\n]"
12:52:29.314 [Forwarding findElement on session e65b40f51ec0f04df17888dd60708d2e to remote] DEBUG org.apache.http.wire - http-outgoing-21 >> "Connection: Keep-Alive[\r][\n]"
12:52:29.314 [Forwarding findElement on session e65b40f51ec0f04df17888dd60708d2e to remote] DEBUG org.apache.http.wire - http-outgoing-21 >> "User-Agent: Apache-HttpClient/4.5.3 (Java/1.8.0_211)[\r][\n]"
12:52:29.314 [Forwarding findElement on session e65b40f51ec0f04df17888dd60708d2e to remote] DEBUG org.apache.http.wire - http-outgoing-21 >> "Accept-Encoding: gzip,deflate[\r][\n]"
12:52:29.314 [Forwarding findElement on session e65b40f51ec0f04df17888dd60708d2e to remote] DEBUG org.apache.http.wire - http-outgoing-21 >> "[\r][\n]"
12:52:29.314 [Forwarding findElement on session e65b40f51ec0f04df17888dd60708d2e to remote] DEBUG org.apache.http.wire - http-outgoing-21 >> "{"value":".btn-primary:nth-child(1)","using":"css selector"}"
12:52:29.318 [Forwarding findElement on session e65b40f51ec0f04df17888dd60708d2e to remote] DEBUG org.apache.http.wire - http-outgoing-21 << "HTTP/1.1 200 OK[\r][\n]"
12:52:29.319 [Forwarding findElement on session e65b40f51ec0f04df17888dd60708d2e to remote] DEBUG org.apache.http.wire - http-outgoing-21 << "Content-Length:88[\r][\n]"
12:52:29.319 [Forwarding findElement on session e65b40f51ec0f04df17888dd60708d2e to remote] DEBUG org.apache.http.wire - http-outgoing-21 << "Content-Type:application/json; charset=utf-8[\r][\n]"
12:52:29.319 [Forwarding findElement on session e65b40f51ec0f04df17888dd60708d2e to remote] DEBUG org.apache.http.wire - http-outgoing-21 << "cache-control:no-cache[\r][\n]"
12:52:29.319 [Forwarding findElement on session e65b40f51ec0f04df17888dd60708d2e to remote] DEBUG org.apache.http.wire - http-outgoing-21 << "[\r][\n]"
12:52:29.319 [Forwarding findElement on session e65b40f51ec0f04df17888dd60708d2e to remote] DEBUG org.apache.http.wire - http-outgoing-21 << "{"value":{"element-6066-11e4-a52e-4f735466cecf":"cd7b6196-2d3e-4ebe-bd6b-1467e4cf7200"}}"
12:52:29.319 [Forwarding findElement on session e65b40f51ec0f04df17888dd60708d2e to remote] DEBUG org.apache.http.headers - http-outgoing-21 << HTTP/1.1 200 OK
12:52:29.319 [Forwarding findElement on session e65b40f51ec0f04df17888dd60708d2e to remote] DEBUG org.apache.http.headers - http-outgoing-21 << Content-Length:88
12:52:29.319 [Forwarding findElement on session e65b40f51ec0f04df17888dd60708d2e to remote] DEBUG org.apache.http.headers - http-outgoing-21 << Content-Type:application/json; charset=utf-8
12:52:29.319 [Forwarding findElement on session e65b40f51ec0f04df17888dd60708d2e to remote] DEBUG org.apache.http.headers - http-outgoing-21 << cache-control:no-cache
12:52:29.319 [Forwarding findElement on session e65b40f51ec0f04df17888dd60708d2e to remote] DEBUG org.apache.http.impl.execchain.MainClientExec - Connection can be kept alive indefinitely
12:52:29.319 [Forwarding findElement on session e65b40f51ec0f04df17888dd60708d2e to remote] DEBUG org.apache.http.impl.conn.PoolingHttpClientConnectionManager - Connection [id: 21][route: {}->http://localhost:34550] can be kept alive indefinitely
12:52:29.319 [Forwarding findElement on session e65b40f51ec0f04df17888dd60708d2e to remote] DEBUG org.apache.http.impl.conn.PoolingHttpClientConnectionManager - Connection released: [id: 21][route: {}->http://localhost:34550][total kept alive: 4; route allocated: 1 of 2000; total allocated: 4 of 2000]
12:52:29.319 [Forwarding clickElement on session e65b40f51ec0f04df17888dd60708d2e to remote] DEBUG org.apache.http.client.protocol.RequestAddCookies - CookieSpec selected: default
12:52:29.319 [Forwarding clickElement on session e65b40f51ec0f04df17888dd60708d2e to remote] DEBUG org.apache.http.client.protocol.RequestAuthCache - Auth cache not set in the context
12:52:29.319 [Forwarding clickElement on session e65b40f51ec0f04df17888dd60708d2e to remote] DEBUG org.apache.http.impl.conn.PoolingHttpClientConnectionManager - Connection request: [route: {}->http://localhost:34550][total kept alive: 4; route allocated: 1 of 2000; total allocated: 4 of 2000]
12:52:29.319 [Forwarding clickElement on session e65b40f51ec0f04df17888dd60708d2e to remote] DEBUG org.apache.http.impl.conn.PoolingHttpClientConnectionManager - Connection leased: [id: 21][route: {}->http://localhost:34550][total kept alive: 3; route allocated: 1 of 2000; total allocated: 4 of 2000]
12:52:29.319 [Forwarding clickElement on session e65b40f51ec0f04df17888dd60708d2e to remote] DEBUG org.apache.http.impl.execchain.MainClientExec - Stale connection check
12:52:29.320 [Forwarding clickElement on session e65b40f51ec0f04df17888dd60708d2e to remote] DEBUG org.apache.http.wire - http-outgoing-21 << "[read] I/O error: Read timed out"
12:52:29.321 [Forwarding clickElement on session e65b40f51ec0f04df17888dd60708d2e to remote] DEBUG org.apache.http.impl.conn.DefaultManagedHttpClientConnection - http-outgoing-21: set socket timeout to 10800000
12:52:29.321 [Forwarding clickElement on session e65b40f51ec0f04df17888dd60708d2e to remote] DEBUG org.apache.http.impl.execchain.MainClientExec - Executing request POST /session/e65b40f51ec0f04df17888dd60708d2e/element/cd7b6196-2d3e-4ebe-bd6b-1467e4cf7200/click HTTP/1.1
12:52:29.321 [Forwarding clickElement on session e65b40f51ec0f04df17888dd60708d2e to remote] DEBUG org.apache.http.impl.execchain.MainClientExec - Target auth state: UNCHALLENGED
12:52:29.321 [Forwarding clickElement on session e65b40f51ec0f04df17888dd60708d2e to remote] DEBUG org.apache.http.impl.execchain.MainClientExec - Proxy auth state: UNCHALLENGED
12:52:29.321 [Forwarding clickElement on session e65b40f51ec0f04df17888dd60708d2e to remote] DEBUG org.apache.http.headers - http-outgoing-21 >> POST /session/e65b40f51ec0f04df17888dd60708d2e/element/cd7b6196-2d3e-4ebe-bd6b-1467e4cf7200/click HTTP/1.1
12:52:29.321 [Forwarding clickElement on session e65b40f51ec0f04df17888dd60708d2e to remote] DEBUG org.apache.http.headers - http-outgoing-21 >> Content-Type: application/json; charset=utf-8
12:52:29.321 [Forwarding clickElement on session e65b40f51ec0f04df17888dd60708d2e to remote] DEBUG org.apache.http.headers - http-outgoing-21 >> Content-Length: 45
12:52:29.321 [Forwarding clickElement on session e65b40f51ec0f04df17888dd60708d2e to remote] DEBUG org.apache.http.headers - http-outgoing-21 >> Host: localhost:34550
12:52:29.321 [Forwarding clickElement on session e65b40f51ec0f04df17888dd60708d2e to remote] DEBUG org.apache.http.headers - http-outgoing-21 >> Connection: Keep-Alive
12:52:29.321 [Forwarding clickElement on session e65b40f51ec0f04df17888dd60708d2e to remote] DEBUG org.apache.http.headers - http-outgoing-21 >> User-Agent: Apache-HttpClient/4.5.3 (Java/1.8.0_211)
12:52:29.321 [Forwarding clickElement on session e65b40f51ec0f04df17888dd60708d2e to remote] DEBUG org.apache.http.headers - http-outgoing-21 >> Accept-Encoding: gzip,deflate
12:52:29.321 [Forwarding clickElement on session e65b40f51ec0f04df17888dd60708d2e to remote] DEBUG org.apache.http.wire - http-outgoing-21 >> "POST /session/e65b40f51ec0f04df17888dd60708d2e/element/cd7b6196-2d3e-4ebe-bd6b-1467e4cf7200/click HTTP/1.1[\r][\n]"
12:52:29.321 [Forwarding clickElement on session e65b40f51ec0f04df17888dd60708d2e to remote] DEBUG org.apache.http.wire - http-outgoing-21 >> "Content-Type: application/json; charset=utf-8[\r][\n]"
12:52:29.321 [Forwarding clickElement on session e65b40f51ec0f04df17888dd60708d2e to remote] DEBUG org.apache.http.wire - http-outgoing-21 >> "Content-Length: 45[\r][\n]"
12:52:29.321 [Forwarding clickElement on session e65b40f51ec0f04df17888dd60708d2e to remote] DEBUG org.apache.http.wire - http-outgoing-21 >> "Host: localhost:34550[\r][\n]"
12:52:29.321 [Forwarding clickElement on session e65b40f51ec0f04df17888dd60708d2e to remote] DEBUG org.apache.http.wire - http-outgoing-21 >> "Connection: Keep-Alive[\r][\n]"
12:52:29.321 [Forwarding clickElement on session e65b40f51ec0f04df17888dd60708d2e to remote] DEBUG org.apache.http.wire - http-outgoing-21 >> "User-Agent: Apache-HttpClient/4.5.3 (Java/1.8.0_211)[\r][\n]"
12:52:29.321 [Forwarding clickElement on session e65b40f51ec0f04df17888dd60708d2e to remote] DEBUG org.apache.http.wire - http-outgoing-21 >> "Accept-Encoding: gzip,deflate[\r][\n]"
12:52:29.321 [Forwarding clickElement on session e65b40f51ec0f04df17888dd60708d2e to remote] DEBUG org.apache.http.wire - http-outgoing-21 >> "[\r][\n]"
12:52:29.321 [Forwarding clickElement on session e65b40f51ec0f04df17888dd60708d2e to remote] DEBUG org.apache.http.wire - http-outgoing-21 >> "{"id":"cd7b6196-2d3e-4ebe-bd6b-1467e4cf7200"}"
12:52:29.404 [Forwarding clickElement on session e65b40f51ec0f04df17888dd60708d2e to remote] DEBUG org.apache.http.wire - http-outgoing-21 << "HTTP/1.1 200 OK[\r][\n]"
12:52:29.404 [Forwarding clickElement on session e65b40f51ec0f04df17888dd60708d2e to remote] DEBUG org.apache.http.wire - http-outgoing-21 << "Content-Length:14[\r][\n]"
12:52:29.404 [Forwarding clickElement on session e65b40f51ec0f04df17888dd60708d2e to remote] DEBUG org.apache.http.wire - http-outgoing-21 << "Content-Type:application/json; charset=utf-8[\r][\n]"
12:52:29.404 [Forwarding clickElement on session e65b40f51ec0f04df17888dd60708d2e to remote] DEBUG org.apache.http.wire - http-outgoing-21 << "cache-control:no-cache[\r][\n]"
12:52:29.404 [Forwarding clickElement on session e65b40f51ec0f04df17888dd60708d2e to remote] DEBUG org.apache.http.wire - http-outgoing-21 << "[\r][\n]"
12:52:29.404 [Forwarding clickElement on session e65b40f51ec0f04df17888dd60708d2e to remote] DEBUG org.apache.http.wire - http-outgoing-21 << "{"value":null}"
12:52:29.404 [Forwarding clickElement on session e65b40f51ec0f04df17888dd60708d2e to remote] DEBUG org.apache.http.headers - http-outgoing-21 << HTTP/1.1 200 OK
12:52:29.404 [Forwarding clickElement on session e65b40f51ec0f04df17888dd60708d2e to remote] DEBUG org.apache.http.headers - http-outgoing-21 << Content-Length:14
12:52:29.404 [Forwarding clickElement on session e65b40f51ec0f04df17888dd60708d2e to remote] DEBUG org.apache.http.headers - http-outgoing-21 << Content-Type:application/json; charset=utf-8
12:52:29.404 [Forwarding clickElement on session e65b40f51ec0f04df17888dd60708d2e to remote] DEBUG org.apache.http.headers - http-outgoing-21 << cache-control:no-cache
12:52:29.404 [Forwarding clickElement on session e65b40f51ec0f04df17888dd60708d2e to remote] DEBUG org.apache.http.impl.execchain.MainClientExec - Connection can be kept alive indefinitely
12:52:29.404 [Forwarding clickElement on session e65b40f51ec0f04df17888dd60708d2e to remote] DEBUG org.apache.http.impl.conn.PoolingHttpClientConnectionManager - Connection [id: 21][route: {}->http://localhost:34550] can be kept alive indefinitely
12:52:29.405 [Forwarding clickElement on session e65b40f51ec0f04df17888dd60708d2e to remote] DEBUG org.apache.http.impl.conn.PoolingHttpClientConnectionManager - Connection released: [id: 21][route: {}->http://localhost:34550][total kept alive: 4; route allocated: 1 of 2000; total allocated: 4 of 2000]
12:52:29.611 [Forwarding findElement on session e65b40f51ec0f04df17888dd60708d2e to remote] DEBUG org.apache.http.client.protocol.RequestAddCookies - CookieSpec selected: default
12:52:29.611 [Forwarding findElement on session e65b40f51ec0f04df17888dd60708d2e to remote] DEBUG org.apache.http.client.protocol.RequestAuthCache - Auth cache not set in the context
12:52:29.611 [Forwarding findElement on session e65b40f51ec0f04df17888dd60708d2e to remote] DEBUG org.apache.http.impl.conn.PoolingHttpClientConnectionManager - Connection request: [route: {}->http://localhost:34550][total kept alive: 4; route allocated: 1 of 2000; total allocated: 4 of 2000]
12:52:29.611 [Forwarding findElement on session e65b40f51ec0f04df17888dd60708d2e to remote] DEBUG org.apache.http.impl.conn.PoolingHttpClientConnectionManager - Connection leased: [id: 21][route: {}->http://localhost:34550][total kept alive: 3; route allocated: 1 of 2000; total allocated: 4 of 2000]
12:52:29.611 [Forwarding findElement on session e65b40f51ec0f04df17888dd60708d2e to remote] DEBUG org.apache.http.impl.execchain.MainClientExec - Stale connection check
12:52:29.612 [Forwarding findElement on session e65b40f51ec0f04df17888dd60708d2e to remote] DEBUG org.apache.http.wire - http-outgoing-21 << "[read] I/O error: Read timed out"
12:52:29.612 [Forwarding findElement on session e65b40f51ec0f04df17888dd60708d2e to remote] DEBUG org.apache.http.impl.conn.DefaultManagedHttpClientConnection - http-outgoing-21: set socket timeout to 10800000
12:52:29.612 [Forwarding findElement on session e65b40f51ec0f04df17888dd60708d2e to remote] DEBUG org.apache.http.impl.execchain.MainClientExec - Executing request POST /session/e65b40f51ec0f04df17888dd60708d2e/element HTTP/1.1
12:52:29.612 [Forwarding findElement on session e65b40f51ec0f04df17888dd60708d2e to remote] DEBUG org.apache.http.impl.execchain.MainClientExec - Target auth state: UNCHALLENGED
12:52:29.612 [Forwarding findElement on session e65b40f51ec0f04df17888dd60708d2e to remote] DEBUG org.apache.http.impl.execchain.MainClientExec - Proxy auth state: UNCHALLENGED
12:52:29.612 [Forwarding findElement on session e65b40f51ec0f04df17888dd60708d2e to remote] DEBUG org.apache.http.headers - http-outgoing-21 >> POST /session/e65b40f51ec0f04df17888dd60708d2e/element HTTP/1.1
12:52:29.612 [Forwarding findElement on session e65b40f51ec0f04df17888dd60708d2e to remote] DEBUG org.apache.http.headers - http-outgoing-21 >> Content-Type: application/json; charset=utf-8
12:52:29.612 [Forwarding findElement on session e65b40f51ec0f04df17888dd60708d2e to remote] DEBUG org.apache.http.headers - http-outgoing-21 >> Content-Length: 73
12:52:29.612 [Forwarding findElement on session e65b40f51ec0f04df17888dd60708d2e to remote] DEBUG org.apache.http.headers - http-outgoing-21 >> Host: localhost:34550
12:52:29.612 [Forwarding findElement on session e65b40f51ec0f04df17888dd60708d2e to remote] DEBUG org.apache.http.headers - http-outgoing-21 >> Connection: Keep-Alive
12:52:29.612 [Forwarding findElement on session e65b40f51ec0f04df17888dd60708d2e to remote] DEBUG org.apache.http.headers - http-outgoing-21 >> User-Agent: Apache-HttpClient/4.5.3 (Java/1.8.0_211)
12:52:29.612 [Forwarding findElement on session e65b40f51ec0f04df17888dd60708d2e to remote] DEBUG org.apache.http.headers - http-outgoing-21 >> Accept-Encoding: gzip,deflate
12:52:29.612 [Forwarding findElement on session e65b40f51ec0f04df17888dd60708d2e to remote] DEBUG org.apache.http.wire - http-outgoing-21 >> "POST /session/e65b40f51ec0f04df17888dd60708d2e/element HTTP/1.1[\r][\n]"
12:52:29.612 [Forwarding findElement on session e65b40f51ec0f04df17888dd60708d2e to remote] DEBUG org.apache.http.wire - http-outgoing-21 >> "Content-Type: application/json; charset=utf-8[\r][\n]"
12:52:29.612 [Forwarding findElement on session e65b40f51ec0f04df17888dd60708d2e to remote] DEBUG org.apache.http.wire - http-outgoing-21 >> "Content-Length: 73[\r][\n]"
12:52:29.612 [Forwarding findElement on session e65b40f51ec0f04df17888dd60708d2e to remote] DEBUG org.apache.http.wire - http-outgoing-21 >> "Host: localhost:34550[\r][\n]"
12:52:29.612 [Forwarding findElement on session e65b40f51ec0f04df17888dd60708d2e to remote] DEBUG org.apache.http.wire - http-outgoing-21 >> "Connection: Keep-Alive[\r][\n]"
12:52:29.612 [Forwarding findElement on session e65b40f51ec0f04df17888dd60708d2e to remote] DEBUG org.apache.http.wire - http-outgoing-21 >> "User-Agent: Apache-HttpClient/4.5.3 (Java/1.8.0_211)[\r][\n]"
12:52:29.612 [Forwarding findElement on session e65b40f51ec0f04df17888dd60708d2e to remote] DEBUG org.apache.http.wire - http-outgoing-21 >> "Accept-Encoding: gzip,deflate[\r][\n]"
12:52:29.612 [Forwarding findElement on session e65b40f51ec0f04df17888dd60708d2e to remote] DEBUG org.apache.http.wire - http-outgoing-21 >> "[\r][\n]"
12:52:29.612 [Forwarding findElement on session e65b40f51ec0f04df17888dd60708d2e to remote] DEBUG org.apache.http.wire - http-outgoing-21 >> "{"value":".form-group:nth-child(3) .form-control","using":"css selector"}"
12:52:29.619 [Forwarding findElement on session e65b40f51ec0f04df17888dd60708d2e to remote] DEBUG org.apache.http.wire - http-outgoing-21 << "HTTP/1.1 200 OK[\r][\n]"
12:52:29.619 [Forwarding findElement on session e65b40f51ec0f04df17888dd60708d2e to remote] DEBUG org.apache.http.wire - http-outgoing-21 << "Content-Length:88[\r][\n]"
12:52:29.619 [Forwarding findElement on session e65b40f51ec0f04df17888dd60708d2e to remote] DEBUG org.apache.http.wire - http-outgoing-21 << "Content-Type:application/json; charset=utf-8[\r][\n]"
12:52:29.619 [Forwarding findElement on session e65b40f51ec0f04df17888dd60708d2e to remote] DEBUG org.apache.http.wire - http-outgoing-21 << "cache-control:no-cache[\r][\n]"
12:52:29.619 [Forwarding findElement on session e65b40f51ec0f04df17888dd60708d2e to remote] DEBUG org.apache.http.wire - http-outgoing-21 << "[\r][\n]"
12:52:29.619 [Forwarding findElement on session e65b40f51ec0f04df17888dd60708d2e to remote] DEBUG org.apache.http.wire - http-outgoing-21 << "{"value":{"element-6066-11e4-a52e-4f735466cecf":"e7582971-ae42-48b9-a99a-bb3ccd8bc1eb"}}"
12:52:29.619 [Forwarding findElement on session e65b40f51ec0f04df17888dd60708d2e to remote] DEBUG org.apache.http.headers - http-outgoing-21 << HTTP/1.1 200 OK
12:52:29.619 [Forwarding findElement on session e65b40f51ec0f04df17888dd60708d2e to remote] DEBUG org.apache.http.headers - http-outgoing-21 << Content-Length:88
12:52:29.619 [Forwarding findElement on session e65b40f51ec0f04df17888dd60708d2e to remote] DEBUG org.apache.http.headers - http-outgoing-21 << Content-Type:application/json; charset=utf-8
12:52:29.619 [Forwarding findElement on session e65b40f51ec0f04df17888dd60708d2e to remote] DEBUG org.apache.http.headers - http-outgoing-21 << cache-control:no-cache
12:52:29.619 [Forwarding findElement on session e65b40f51ec0f04df17888dd60708d2e to remote] DEBUG org.apache.http.impl.execchain.MainClientExec - Connection can be kept alive indefinitely
12:52:29.619 [Forwarding findElement on session e65b40f51ec0f04df17888dd60708d2e to remote] DEBUG org.apache.http.impl.conn.PoolingHttpClientConnectionManager - Connection [id: 21][route: {}->http://localhost:34550] can be kept alive indefinitely
12:52:29.619 [Forwarding findElement on session e65b40f51ec0f04df17888dd60708d2e to remote] DEBUG org.apache.http.impl.conn.PoolingHttpClientConnectionManager - Connection released: [id: 21][route: {}->http://localhost:34550][total kept alive: 4; route allocated: 1 of 2000; total allocated: 4 of 2000]
12:52:29.619 [Forwarding clickElement on session e65b40f51ec0f04df17888dd60708d2e to remote] DEBUG org.apache.http.client.protocol.RequestAddCookies - CookieSpec selected: default
12:52:29.619 [Forwarding clickElement on session e65b40f51ec0f04df17888dd60708d2e to remote] DEBUG org.apache.http.client.protocol.RequestAuthCache - Auth cache not set in the context
12:52:29.619 [Forwarding clickElement on session e65b40f51ec0f04df17888dd60708d2e to remote] DEBUG org.apache.http.impl.conn.PoolingHttpClientConnectionManager - Connection request: [route: {}->http://localhost:34550][total kept alive: 4; route allocated: 1 of 2000; total allocated: 4 of 2000]
12:52:29.619 [Forwarding clickElement on session e65b40f51ec0f04df17888dd60708d2e to remote] DEBUG org.apache.http.impl.conn.PoolingHttpClientConnectionManager - Connection leased: [id: 21][route: {}->http://localhost:34550][total kept alive: 3; route allocated: 1 of 2000; total allocated: 4 of 2000]
12:52:29.619 [Forwarding clickElement on session e65b40f51ec0f04df17888dd60708d2e to remote] DEBUG org.apache.http.impl.execchain.MainClientExec - Stale connection check
12:52:29.621 [Forwarding clickElement on session e65b40f51ec0f04df17888dd60708d2e to remote] DEBUG org.apache.http.wire - http-outgoing-21 << "[read] I/O error: Read timed out"
12:52:29.621 [Forwarding clickElement on session e65b40f51ec0f04df17888dd60708d2e to remote] DEBUG org.apache.http.impl.conn.DefaultManagedHttpClientConnection - http-outgoing-21: set socket timeout to 10800000
12:52:29.621 [Forwarding clickElement on session e65b40f51ec0f04df17888dd60708d2e to remote] DEBUG org.apache.http.impl.execchain.MainClientExec - Executing request POST /session/e65b40f51ec0f04df17888dd60708d2e/element/e7582971-ae42-48b9-a99a-bb3ccd8bc1eb/click HTTP/1.1
12:52:29.621 [Forwarding clickElement on session e65b40f51ec0f04df17888dd60708d2e to remote] DEBUG org.apache.http.impl.execchain.MainClientExec - Target auth state: UNCHALLENGED
12:52:29.621 [Forwarding clickElement on session e65b40f51ec0f04df17888dd60708d2e to remote] DEBUG org.apache.http.impl.execchain.MainClientExec - Proxy auth state: UNCHALLENGED
12:52:29.621 [Forwarding clickElement on session e65b40f51ec0f04df17888dd60708d2e to remote] DEBUG org.apache.http.headers - http-outgoing-21 >> POST /session/e65b40f51ec0f04df17888dd60708d2e/element/e7582971-ae42-48b9-a99a-bb3ccd8bc1eb/click HTTP/1.1
12:52:29.621 [Forwarding clickElement on session e65b40f51ec0f04df17888dd60708d2e to remote] DEBUG org.apache.http.headers - http-outgoing-21 >> Content-Type: application/json; charset=utf-8
12:52:29.621 [Forwarding clickElement on session e65b40f51ec0f04df17888dd60708d2e to remote] DEBUG org.apache.http.headers - http-outgoing-21 >> Content-Length: 45
12:52:29.621 [Forwarding clickElement on session e65b40f51ec0f04df17888dd60708d2e to remote] DEBUG org.apache.http.headers - http-outgoing-21 >> Host: localhost:34550
12:52:29.621 [Forwarding clickElement on session e65b40f51ec0f04df17888dd60708d2e to remote] DEBUG org.apache.http.headers - http-outgoing-21 >> Connection: Keep-Alive
12:52:29.621 [Forwarding clickElement on session e65b40f51ec0f04df17888dd60708d2e to remote] DEBUG org.apache.http.headers - http-outgoing-21 >> User-Agent: Apache-HttpClient/4.5.3 (Java/1.8.0_211)
12:52:29.621 [Forwarding clickElement on session e65b40f51ec0f04df17888dd60708d2e to remote] DEBUG org.apache.http.headers - http-outgoing-21 >> Accept-Encoding: gzip,deflate
12:52:29.621 [Forwarding clickElement on session e65b40f51ec0f04df17888dd60708d2e to remote] DEBUG org.apache.http.wire - http-outgoing-21 >> "POST /session/e65b40f51ec0f04df17888dd60708d2e/element/e7582971-ae42-48b9-a99a-bb3ccd8bc1eb/click HTTP/1.1[\r][\n]"
12:52:29.621 [Forwarding clickElement on session e65b40f51ec0f04df17888dd60708d2e to remote] DEBUG org.apache.http.wire - http-outgoing-21 >> "Content-Type: application/json; charset=utf-8[\r][\n]"
12:52:29.621 [Forwarding clickElement on session e65b40f51ec0f04df17888dd60708d2e to remote] DEBUG org.apache.http.wire - http-outgoing-21 >> "Content-Length: 45[\r][\n]"
12:52:29.621 [Forwarding clickElement on session e65b40f51ec0f04df17888dd60708d2e to remote] DEBUG org.apache.http.wire - http-outgoing-21 >> "Host: localhost:34550[\r][\n]"
12:52:29.621 [Forwarding clickElement on session e65b40f51ec0f04df17888dd60708d2e to remote] DEBUG org.apache.http.wire - http-outgoing-21 >> "Connection: Keep-Alive[\r][\n]"
12:52:29.621 [Forwarding clickElement on session e65b40f51ec0f04df17888dd60708d2e to remote] DEBUG org.apache.http.wire - http-outgoing-21 >> "User-Agent: Apache-HttpClient/4.5.3 (Java/1.8.0_211)[\r][\n]"
12:52:29.621 [Forwarding clickElement on session e65b40f51ec0f04df17888dd60708d2e to remote] DEBUG org.apache.http.wire - http-outgoing-21 >> "Accept-Encoding: gzip,deflate[\r][\n]"
12:52:29.621 [Forwarding clickElement on session e65b40f51ec0f04df17888dd60708d2e to remote] DEBUG org.apache.http.wire - http-outgoing-21 >> "[\r][\n]"
12:52:29.621 [Forwarding clickElement on session e65b40f51ec0f04df17888dd60708d2e to remote] DEBUG org.apache.http.wire - http-outgoing-21 >> "{"id":"e7582971-ae42-48b9-a99a-bb3ccd8bc1eb"}"
12:52:29.648 [Forwarding clickElement on session e65b40f51ec0f04df17888dd60708d2e to remote] DEBUG org.apache.http.wire - http-outgoing-21 << "HTTP/1.1 200 OK[\r][\n]"
12:52:29.648 [Forwarding clickElement on session e65b40f51ec0f04df17888dd60708d2e to remote] DEBUG org.apache.http.wire - http-outgoing-21 << "Content-Length:14[\r][\n]"
12:52:29.648 [Forwarding clickElement on session e65b40f51ec0f04df17888dd60708d2e to remote] DEBUG org.apache.http.wire - http-outgoing-21 << "Content-Type:application/json; charset=utf-8[\r][\n]"
12:52:29.648 [Forwarding clickElement on session e65b40f51ec0f04df17888dd60708d2e to remote] DEBUG org.apache.http.wire - http-outgoing-21 << "cache-control:no-cache[\r][\n]"
12:52:29.648 [Forwarding clickElement on session e65b40f51ec0f04df17888dd60708d2e to remote] DEBUG org.apache.http.wire - http-outgoing-21 << "[\r][\n]"
12:52:29.648 [Forwarding clickElement on session e65b40f51ec0f04df17888dd60708d2e to remote] DEBUG org.apache.http.wire - http-outgoing-21 << "{"value":null}"
12:52:29.648 [Forwarding clickElement on session e65b40f51ec0f04df17888dd60708d2e to remote] DEBUG org.apache.http.headers - http-outgoing-21 << HTTP/1.1 200 OK
12:52:29.648 [Forwarding clickElement on session e65b40f51ec0f04df17888dd60708d2e to remote] DEBUG org.apache.http.headers - http-outgoing-21 << Content-Length:14
12:52:29.648 [Forwarding clickElement on session e65b40f51ec0f04df17888dd60708d2e to remote] DEBUG org.apache.http.headers - http-outgoing-21 << Content-Type:application/json; charset=utf-8
12:52:29.648 [Forwarding clickElement on session e65b40f51ec0f04df17888dd60708d2e to remote] DEBUG org.apache.http.headers - http-outgoing-21 << cache-control:no-cache
12:52:29.648 [Forwarding clickElement on session e65b40f51ec0f04df17888dd60708d2e to remote] DEBUG org.apache.http.impl.execchain.MainClientExec - Connection can be kept alive indefinitely
12:52:29.648 [Forwarding clickElement on session e65b40f51ec0f04df17888dd60708d2e to remote] DEBUG org.apache.http.impl.conn.PoolingHttpClientConnectionManager - Connection [id: 21][route: {}->http://localhost:34550] can be kept alive indefinitely
12:52:29.649 [Forwarding clickElement on session e65b40f51ec0f04df17888dd60708d2e to remote] DEBUG org.apache.http.impl.conn.PoolingHttpClientConnectionManager - Connection released: [id: 21][route: {}->http://localhost:34550][total kept alive: 4; route allocated: 1 of 2000; total allocated: 4 of 2000]
12:52:29.649 [Forwarding findElement on session e65b40f51ec0f04df17888dd60708d2e to remote] DEBUG org.apache.http.client.protocol.RequestAddCookies - CookieSpec selected: default
12:52:29.649 [Forwarding findElement on session e65b40f51ec0f04df17888dd60708d2e to remote] DEBUG org.apache.http.client.protocol.RequestAuthCache - Auth cache not set in the context
12:52:29.649 [Forwarding findElement on session e65b40f51ec0f04df17888dd60708d2e to remote] DEBUG org.apache.http.impl.conn.PoolingHttpClientConnectionManager - Connection request: [route: {}->http://localhost:34550][total kept alive: 4; route allocated: 1 of 2000; total allocated: 4 of 2000]
12:52:29.649 [Forwarding findElement on session e65b40f51ec0f04df17888dd60708d2e to remote] DEBUG org.apache.http.impl.conn.PoolingHttpClientConnectionManager - Connection leased: [id: 21][route: {}->http://localhost:34550][total kept alive: 3; route allocated: 1 of 2000; total allocated: 4 of 2000]
12:52:29.649 [Forwarding findElement on session e65b40f51ec0f04df17888dd60708d2e to remote] DEBUG org.apache.http.impl.execchain.MainClientExec - Stale connection check
12:52:29.651 [Forwarding findElement on session e65b40f51ec0f04df17888dd60708d2e to remote] DEBUG org.apache.http.wire - http-outgoing-21 << "[read] I/O error: Read timed out"
12:52:29.651 [Forwarding findElement on session e65b40f51ec0f04df17888dd60708d2e to remote] DEBUG org.apache.http.impl.conn.DefaultManagedHttpClientConnection - http-outgoing-21: set socket timeout to 10800000
12:52:29.651 [Forwarding findElement on session e65b40f51ec0f04df17888dd60708d2e to remote] DEBUG org.apache.http.impl.execchain.MainClientExec - Executing request POST /session/e65b40f51ec0f04df17888dd60708d2e/element HTTP/1.1
12:52:29.651 [Forwarding findElement on session e65b40f51ec0f04df17888dd60708d2e to remote] DEBUG org.apache.http.impl.execchain.MainClientExec - Target auth state: UNCHALLENGED
12:52:29.651 [Forwarding findElement on session e65b40f51ec0f04df17888dd60708d2e to remote] DEBUG org.apache.http.impl.execchain.MainClientExec - Proxy auth state: UNCHALLENGED
12:52:29.651 [Forwarding findElement on session e65b40f51ec0f04df17888dd60708d2e to remote] DEBUG org.apache.http.headers - http-outgoing-21 >> POST /session/e65b40f51ec0f04df17888dd60708d2e/element HTTP/1.1
12:52:29.651 [Forwarding findElement on session e65b40f51ec0f04df17888dd60708d2e to remote] DEBUG org.apache.http.headers - http-outgoing-21 >> Content-Type: application/json; charset=utf-8
12:52:29.651 [Forwarding findElement on session e65b40f51ec0f04df17888dd60708d2e to remote] DEBUG org.apache.http.headers - http-outgoing-21 >> Content-Length: 73
12:52:29.651 [Forwarding findElement on session e65b40f51ec0f04df17888dd60708d2e to remote] DEBUG org.apache.http.headers - http-outgoing-21 >> Host: localhost:34550
12:52:29.651 [Forwarding findElement on session e65b40f51ec0f04df17888dd60708d2e to remote] DEBUG org.apache.http.headers - http-outgoing-21 >> Connection: Keep-Alive
12:52:29.651 [Forwarding findElement on session e65b40f51ec0f04df17888dd60708d2e to remote] DEBUG org.apache.http.headers - http-outgoing-21 >> User-Agent: Apache-HttpClient/4.5.3 (Java/1.8.0_211)
12:52:29.651 [Forwarding findElement on session e65b40f51ec0f04df17888dd60708d2e to remote] DEBUG org.apache.http.headers - http-outgoing-21 >> Accept-Encoding: gzip,deflate
12:52:29.651 [Forwarding findElement on session e65b40f51ec0f04df17888dd60708d2e to remote] DEBUG org.apache.http.wire - http-outgoing-21 >> "POST /session/e65b40f51ec0f04df17888dd60708d2e/element HTTP/1.1[\r][\n]"
12:52:29.651 [Forwarding findElement on session e65b40f51ec0f04df17888dd60708d2e to remote] DEBUG org.apache.http.wire - http-outgoing-21 >> "Content-Type: application/json; charset=utf-8[\r][\n]"
12:52:29.651 [Forwarding findElement on session e65b40f51ec0f04df17888dd60708d2e to remote] DEBUG org.apache.http.wire - http-outgoing-21 >> "Content-Length: 73[\r][\n]"
12:52:29.651 [Forwarding findElement on session e65b40f51ec0f04df17888dd60708d2e to remote] DEBUG org.apache.http.wire - http-outgoing-21 >> "Host: localhost:34550[\r][\n]"
12:52:29.651 [Forwarding findElement on session e65b40f51ec0f04df17888dd60708d2e to remote] DEBUG org.apache.http.wire - http-outgoing-21 >> "Connection: Keep-Alive[\r][\n]"
12:52:29.651 [Forwarding findElement on session e65b40f51ec0f04df17888dd60708d2e to remote] DEBUG org.apache.http.wire - http-outgoing-21 >> "User-Agent: Apache-HttpClient/4.5.3 (Java/1.8.0_211)[\r][\n]"
12:52:29.651 [Forwarding findElement on session e65b40f51ec0f04df17888dd60708d2e to remote] DEBUG org.apache.http.wire - http-outgoing-21 >> "Accept-Encoding: gzip,deflate[\r][\n]"
12:52:29.651 [Forwarding findElement on session e65b40f51ec0f04df17888dd60708d2e to remote] DEBUG org.apache.http.wire - http-outgoing-21 >> "[\r][\n]"
12:52:29.651 [Forwarding findElement on session e65b40f51ec0f04df17888dd60708d2e to remote] DEBUG org.apache.http.wire - http-outgoing-21 >> "{"value":".form-group:nth-child(3) .form-control","using":"css selector"}"
12:52:29.653 [Forwarding findElement on session e65b40f51ec0f04df17888dd60708d2e to remote] DEBUG org.apache.http.wire - http-outgoing-21 << "HTTP/1.1 200 OK[\r][\n]"
12:52:29.653 [Forwarding findElement on session e65b40f51ec0f04df17888dd60708d2e to remote] DEBUG org.apache.http.wire - http-outgoing-21 << "Content-Length:88[\r][\n]"
12:52:29.653 [Forwarding findElement on session e65b40f51ec0f04df17888dd60708d2e to remote] DEBUG org.apache.http.wire - http-outgoing-21 << "Content-Type:application/json; charset=utf-8[\r][\n]"
12:52:29.653 [Forwarding findElement on session e65b40f51ec0f04df17888dd60708d2e to remote] DEBUG org.apache.http.wire - http-outgoing-21 << "cache-control:no-cache[\r][\n]"
12:52:29.653 [Forwarding findElement on session e65b40f51ec0f04df17888dd60708d2e to remote] DEBUG org.apache.http.wire - http-outgoing-21 << "[\r][\n]"
12:52:29.653 [Forwarding findElement on session e65b40f51ec0f04df17888dd60708d2e to remote] DEBUG org.apache.http.wire - http-outgoing-21 << "{"value":{"element-6066-11e4-a52e-4f735466cecf":"e7582971-ae42-48b9-a99a-bb3ccd8bc1eb"}}"
12:52:29.653 [Forwarding findElement on session e65b40f51ec0f04df17888dd60708d2e to remote] DEBUG org.apache.http.headers - http-outgoing-21 << HTTP/1.1 200 OK
12:52:29.653 [Forwarding findElement on session e65b40f51ec0f04df17888dd60708d2e to remote] DEBUG org.apache.http.headers - http-outgoing-21 << Content-Length:88
12:52:29.653 [Forwarding findElement on session e65b40f51ec0f04df17888dd60708d2e to remote] DEBUG org.apache.http.headers - http-outgoing-21 << Content-Type:application/json; charset=utf-8
12:52:29.653 [Forwarding findElement on session e65b40f51ec0f04df17888dd60708d2e to remote] DEBUG org.apache.http.headers - http-outgoing-21 << cache-control:no-cache
12:52:29.654 [Forwarding findElement on session e65b40f51ec0f04df17888dd60708d2e to remote] DEBUG org.apache.http.impl.execchain.MainClientExec - Connection can be kept alive indefinitely
12:52:29.654 [Forwarding findElement on session e65b40f51ec0f04df17888dd60708d2e to remote] DEBUG org.apache.http.impl.conn.PoolingHttpClientConnectionManager - Connection [id: 21][route: {}->http://localhost:34550] can be kept alive indefinitely
12:52:29.654 [Forwarding findElement on session e65b40f51ec0f04df17888dd60708d2e to remote] DEBUG org.apache.http.impl.conn.PoolingHttpClientConnectionManager - Connection released: [id: 21][route: {}->http://localhost:34550][total kept alive: 4; route allocated: 1 of 2000; total allocated: 4 of 2000]
12:52:29.654 [Forwarding sendKeysToElement on session e65b40f51ec0f04df17888dd60708d2e to remote] DEBUG org.apache.http.client.protocol.RequestAddCookies - CookieSpec selected: default
12:52:29.654 [Forwarding sendKeysToElement on session e65b40f51ec0f04df17888dd60708d2e to remote] DEBUG org.apache.http.client.protocol.RequestAuthCache - Auth cache not set in the context
12:52:29.654 [Forwarding sendKeysToElement on session e65b40f51ec0f04df17888dd60708d2e to remote] DEBUG org.apache.http.impl.conn.PoolingHttpClientConnectionManager - Connection request: [route: {}->http://localhost:34550][total kept alive: 4; route allocated: 1 of 2000; total allocated: 4 of 2000]
12:52:29.654 [Forwarding sendKeysToElement on session e65b40f51ec0f04df17888dd60708d2e to remote] DEBUG org.apache.http.impl.conn.PoolingHttpClientConnectionManager - Connection leased: [id: 21][route: {}->http://localhost:34550][total kept alive: 3; route allocated: 1 of 2000; total allocated: 4 of 2000]
12:52:29.654 [Forwarding sendKeysToElement on session e65b40f51ec0f04df17888dd60708d2e to remote] DEBUG org.apache.http.impl.execchain.MainClientExec - Stale connection check
12:52:29.655 [Forwarding sendKeysToElement on session e65b40f51ec0f04df17888dd60708d2e to remote] DEBUG org.apache.http.wire - http-outgoing-21 << "[read] I/O error: Read timed out"
12:52:29.656 [Forwarding sendKeysToElement on session e65b40f51ec0f04df17888dd60708d2e to remote] DEBUG org.apache.http.impl.conn.DefaultManagedHttpClientConnection - http-outgoing-21: set socket timeout to 10800000
12:52:29.656 [Forwarding sendKeysToElement on session e65b40f51ec0f04df17888dd60708d2e to remote] DEBUG org.apache.http.impl.execchain.MainClientExec - Executing request POST /session/e65b40f51ec0f04df17888dd60708d2e/element/e7582971-ae42-48b9-a99a-bb3ccd8bc1eb/value HTTP/1.1
12:52:29.656 [Forwarding sendKeysToElement on session e65b40f51ec0f04df17888dd60708d2e to remote] DEBUG org.apache.http.impl.execchain.MainClientExec - Target auth state: UNCHALLENGED
12:52:29.656 [Forwarding sendKeysToElement on session e65b40f51ec0f04df17888dd60708d2e to remote] DEBUG org.apache.http.impl.execchain.MainClientExec - Proxy auth state: UNCHALLENGED
12:52:29.656 [Forwarding sendKeysToElement on session e65b40f51ec0f04df17888dd60708d2e to remote] DEBUG org.apache.http.headers - http-outgoing-21 >> POST /session/e65b40f51ec0f04df17888dd60708d2e/element/e7582971-ae42-48b9-a99a-bb3ccd8bc1eb/value HTTP/1.1
12:52:29.656 [Forwarding sendKeysToElement on session e65b40f51ec0f04df17888dd60708d2e to remote] DEBUG org.apache.http.headers - http-outgoing-21 >> Content-Type: application/json; charset=utf-8
12:52:29.656 [Forwarding sendKeysToElement on session e65b40f51ec0f04df17888dd60708d2e to remote] DEBUG org.apache.http.headers - http-outgoing-21 >> Content-Length: 70
12:52:29.656 [Forwarding sendKeysToElement on session e65b40f51ec0f04df17888dd60708d2e to remote] DEBUG org.apache.http.headers - http-outgoing-21 >> Host: localhost:34550
12:52:29.656 [Forwarding sendKeysToElement on session e65b40f51ec0f04df17888dd60708d2e to remote] DEBUG org.apache.http.headers - http-outgoing-21 >> Connection: Keep-Alive
12:52:29.656 [Forwarding sendKeysToElement on session e65b40f51ec0f04df17888dd60708d2e to remote] DEBUG org.apache.http.headers - http-outgoing-21 >> User-Agent: Apache-HttpClient/4.5.3 (Java/1.8.0_211)
12:52:29.656 [Forwarding sendKeysToElement on session e65b40f51ec0f04df17888dd60708d2e to remote] DEBUG org.apache.http.headers - http-outgoing-21 >> Accept-Encoding: gzip,deflate
12:52:29.656 [Forwarding sendKeysToElement on session e65b40f51ec0f04df17888dd60708d2e to remote] DEBUG org.apache.http.wire - http-outgoing-21 >> "POST /session/e65b40f51ec0f04df17888dd60708d2e/element/e7582971-ae42-48b9-a99a-bb3ccd8bc1eb/value HTTP/1.1[\r][\n]"
12:52:29.656 [Forwarding sendKeysToElement on session e65b40f51ec0f04df17888dd60708d2e to remote] DEBUG org.apache.http.wire - http-outgoing-21 >> "Content-Type: application/json; charset=utf-8[\r][\n]"
12:52:29.656 [Forwarding sendKeysToElement on session e65b40f51ec0f04df17888dd60708d2e to remote] DEBUG org.apache.http.wire - http-outgoing-21 >> "Content-Length: 70[\r][\n]"
12:52:29.656 [Forwarding sendKeysToElement on session e65b40f51ec0f04df17888dd60708d2e to remote] DEBUG org.apache.http.wire - http-outgoing-21 >> "Host: localhost:34550[\r][\n]"
12:52:29.656 [Forwarding sendKeysToElement on session e65b40f51ec0f04df17888dd60708d2e to remote] DEBUG org.apache.http.wire - http-outgoing-21 >> "Connection: Keep-Alive[\r][\n]"
12:52:29.656 [Forwarding sendKeysToElement on session e65b40f51ec0f04df17888dd60708d2e to remote] DEBUG org.apache.http.wire - http-outgoing-21 >> "User-Agent: Apache-HttpClient/4.5.3 (Java/1.8.0_211)[\r][\n]"
12:52:29.656 [Forwarding sendKeysToElement on session e65b40f51ec0f04df17888dd60708d2e to remote] DEBUG org.apache.http.wire - http-outgoing-21 >> "Accept-Encoding: gzip,deflate[\r][\n]"
12:52:29.656 [Forwarding sendKeysToElement on session e65b40f51ec0f04df17888dd60708d2e to remote] DEBUG org.apache.http.wire - http-outgoing-21 >> "[\r][\n]"
12:52:29.656 [Forwarding sendKeysToElement on session e65b40f51ec0f04df17888dd60708d2e to remote] DEBUG org.apache.http.wire - http-outgoing-21 >> "{"id":"e7582971-ae42-48b9-a99a-bb3ccd8bc1eb","text":"1","value":["1"]}"
12:52:29.668 [Forwarding sendKeysToElement on session e65b40f51ec0f04df17888dd60708d2e to remote] DEBUG org.apache.http.wire - http-outgoing-21 << "HTTP/1.1 200 OK[\r][\n]"
12:52:29.668 [Forwarding sendKeysToElement on session e65b40f51ec0f04df17888dd60708d2e to remote] DEBUG org.apache.http.wire - http-outgoing-21 << "Content-Length:14[\r][\n]"
12:52:29.668 [Forwarding sendKeysToElement on session e65b40f51ec0f04df17888dd60708d2e to remote] DEBUG org.apache.http.wire - http-outgoing-21 << "Content-Type:application/json; charset=utf-8[\r][\n]"
12:52:29.668 [Forwarding sendKeysToElement on session e65b40f51ec0f04df17888dd60708d2e to remote] DEBUG org.apache.http.wire - http-outgoing-21 << "cache-control:no-cache[\r][\n]"
12:52:29.668 [Forwarding sendKeysToElement on session e65b40f51ec0f04df17888dd60708d2e to remote] DEBUG org.apache.http.wire - http-outgoing-21 << "[\r][\n]"
12:52:29.668 [Forwarding sendKeysToElement on session e65b40f51ec0f04df17888dd60708d2e to remote] DEBUG org.apache.http.wire - http-outgoing-21 << "{"value":null}"
12:52:29.668 [Forwarding sendKeysToElement on session e65b40f51ec0f04df17888dd60708d2e to remote] DEBUG org.apache.http.headers - http-outgoing-21 << HTTP/1.1 200 OK
12:52:29.668 [Forwarding sendKeysToElement on session e65b40f51ec0f04df17888dd60708d2e to remote] DEBUG org.apache.http.headers - http-outgoing-21 << Content-Length:14
12:52:29.668 [Forwarding sendKeysToElement on session e65b40f51ec0f04df17888dd60708d2e to remote] DEBUG org.apache.http.headers - http-outgoing-21 << Content-Type:application/json; charset=utf-8
12:52:29.668 [Forwarding sendKeysToElement on session e65b40f51ec0f04df17888dd60708d2e to remote] DEBUG org.apache.http.headers - http-outgoing-21 << cache-control:no-cache
12:52:29.668 [Forwarding sendKeysToElement on session e65b40f51ec0f04df17888dd60708d2e to remote] DEBUG org.apache.http.impl.execchain.MainClientExec - Connection can be kept alive indefinitely
12:52:29.668 [Forwarding sendKeysToElement on session e65b40f51ec0f04df17888dd60708d2e to remote] DEBUG org.apache.http.impl.conn.PoolingHttpClientConnectionManager - Connection [id: 21][route: {}->http://localhost:34550] can be kept alive indefinitely
12:52:29.668 [Forwarding sendKeysToElement on session e65b40f51ec0f04df17888dd60708d2e to remote] DEBUG org.apache.http.impl.conn.PoolingHttpClientConnectionManager - Connection released: [id: 21][route: {}->http://localhost:34550][total kept alive: 4; route allocated: 1 of 2000; total allocated: 4 of 2000]
12:52:29.972 [Forwarding findElement on session e65b40f51ec0f04df17888dd60708d2e to remote] DEBUG org.apache.http.client.protocol.RequestAddCookies - CookieSpec selected: default
12:52:29.972 [Forwarding findElement on session e65b40f51ec0f04df17888dd60708d2e to remote] DEBUG org.apache.http.client.protocol.RequestAuthCache - Auth cache not set in the context
12:52:29.972 [Forwarding findElement on session e65b40f51ec0f04df17888dd60708d2e to remote] DEBUG org.apache.http.impl.conn.PoolingHttpClientConnectionManager - Connection request: [route: {}->http://localhost:34550][total kept alive: 4; route allocated: 1 of 2000; total allocated: 4 of 2000]
12:52:29.972 [Forwarding findElement on session e65b40f51ec0f04df17888dd60708d2e to remote] DEBUG org.apache.http.impl.conn.PoolingHttpClientConnectionManager - Connection leased: [id: 21][route: {}->http://localhost:34550][total kept alive: 3; route allocated: 1 of 2000; total allocated: 4 of 2000]
12:52:29.972 [Forwarding findElement on session e65b40f51ec0f04df17888dd60708d2e to remote] DEBUG org.apache.http.impl.execchain.MainClientExec - Stale connection check
12:52:29.973 [Forwarding findElement on session e65b40f51ec0f04df17888dd60708d2e to remote] DEBUG org.apache.http.wire - http-outgoing-21 << "[read] I/O error: Read timed out"
12:52:29.973 [Forwarding findElement on session e65b40f51ec0f04df17888dd60708d2e to remote] DEBUG org.apache.http.impl.conn.DefaultManagedHttpClientConnection - http-outgoing-21: set socket timeout to 10800000
12:52:29.973 [Forwarding findElement on session e65b40f51ec0f04df17888dd60708d2e to remote] DEBUG org.apache.http.impl.execchain.MainClientExec - Executing request POST /session/e65b40f51ec0f04df17888dd60708d2e/element HTTP/1.1
12:52:29.973 [Forwarding findElement on session e65b40f51ec0f04df17888dd60708d2e to remote] DEBUG org.apache.http.impl.execchain.MainClientExec - Target auth state: UNCHALLENGED
12:52:29.973 [Forwarding findElement on session e65b40f51ec0f04df17888dd60708d2e to remote] DEBUG org.apache.http.impl.execchain.MainClientExec - Proxy auth state: UNCHALLENGED
12:52:29.973 [Forwarding findElement on session e65b40f51ec0f04df17888dd60708d2e to remote] DEBUG org.apache.http.headers - http-outgoing-21 >> POST /session/e65b40f51ec0f04df17888dd60708d2e/element HTTP/1.1
12:52:29.973 [Forwarding findElement on session e65b40f51ec0f04df17888dd60708d2e to remote] DEBUG org.apache.http.headers - http-outgoing-21 >> Content-Type: application/json; charset=utf-8
12:52:29.973 [Forwarding findElement on session e65b40f51ec0f04df17888dd60708d2e to remote] DEBUG org.apache.http.headers - http-outgoing-21 >> Content-Length: 59
12:52:29.973 [Forwarding findElement on session e65b40f51ec0f04df17888dd60708d2e to remote] DEBUG org.apache.http.headers - http-outgoing-21 >> Host: localhost:34550
12:52:29.973 [Forwarding findElement on session e65b40f51ec0f04df17888dd60708d2e to remote] DEBUG org.apache.http.headers - http-outgoing-21 >> Connection: Keep-Alive
12:52:29.973 [Forwarding findElement on session e65b40f51ec0f04df17888dd60708d2e to remote] DEBUG org.apache.http.headers - http-outgoing-21 >> User-Agent: Apache-HttpClient/4.5.3 (Java/1.8.0_211)
12:52:29.973 [Forwarding findElement on session e65b40f51ec0f04df17888dd60708d2e to remote] DEBUG org.apache.http.headers - http-outgoing-21 >> Accept-Encoding: gzip,deflate
12:52:29.973 [Forwarding findElement on session e65b40f51ec0f04df17888dd60708d2e to remote] DEBUG org.apache.http.wire - http-outgoing-21 >> "POST /session/e65b40f51ec0f04df17888dd60708d2e/element HTTP/1.1[\r][\n]"
12:52:29.973 [Forwarding findElement on session e65b40f51ec0f04df17888dd60708d2e to remote] DEBUG org.apache.http.wire - http-outgoing-21 >> "Content-Type: application/json; charset=utf-8[\r][\n]"
12:52:29.973 [Forwarding findElement on session e65b40f51ec0f04df17888dd60708d2e to remote] DEBUG org.apache.http.wire - http-outgoing-21 >> "Content-Length: 59[\r][\n]"
12:52:29.973 [Forwarding findElement on session e65b40f51ec0f04df17888dd60708d2e to remote] DEBUG org.apache.http.wire - http-outgoing-21 >> "Host: localhost:34550[\r][\n]"
12:52:29.973 [Forwarding findElement on session e65b40f51ec0f04df17888dd60708d2e to remote] DEBUG org.apache.http.wire - http-outgoing-21 >> "Connection: Keep-Alive[\r][\n]"
12:52:29.973 [Forwarding findElement on session e65b40f51ec0f04df17888dd60708d2e to remote] DEBUG org.apache.http.wire - http-outgoing-21 >> "User-Agent: Apache-HttpClient/4.5.3 (Java/1.8.0_211)[\r][\n]"
12:52:29.973 [Forwarding findElement on session e65b40f51ec0f04df17888dd60708d2e to remote] DEBUG org.apache.http.wire - http-outgoing-21 >> "Accept-Encoding: gzip,deflate[\r][\n]"
12:52:29.973 [Forwarding findElement on session e65b40f51ec0f04df17888dd60708d2e to remote] DEBUG org.apache.http.wire - http-outgoing-21 >> "[\r][\n]"
12:52:29.973 [Forwarding findElement on session e65b40f51ec0f04df17888dd60708d2e to remote] DEBUG org.apache.http.wire - http-outgoing-21 >> "{"value":".form-group:nth-child(4)","using":"css selector"}"
12:52:29.980 [Forwarding findElement on session e65b40f51ec0f04df17888dd60708d2e to remote] DEBUG org.apache.http.wire - http-outgoing-21 << "HTTP/1.1 200 OK[\r][\n]"
12:52:29.980 [Forwarding findElement on session e65b40f51ec0f04df17888dd60708d2e to remote] DEBUG org.apache.http.wire - http-outgoing-21 << "Content-Length:88[\r][\n]"
12:52:29.980 [Forwarding findElement on session e65b40f51ec0f04df17888dd60708d2e to remote] DEBUG org.apache.http.wire - http-outgoing-21 << "Content-Type:application/json; charset=utf-8[\r][\n]"
12:52:29.980 [Forwarding findElement on session e65b40f51ec0f04df17888dd60708d2e to remote] DEBUG org.apache.http.wire - http-outgoing-21 << "cache-control:no-cache[\r][\n]"
12:52:29.980 [Forwarding findElement on session e65b40f51ec0f04df17888dd60708d2e to remote] DEBUG org.apache.http.wire - http-outgoing-21 << "[\r][\n]"
12:52:29.980 [Forwarding findElement on session e65b40f51ec0f04df17888dd60708d2e to remote] DEBUG org.apache.http.wire - http-outgoing-21 << "{"value":{"element-6066-11e4-a52e-4f735466cecf":"802f8c33-91e8-46d4-891b-dea9f9aaffbd"}}"
12:52:29.980 [Forwarding findElement on session e65b40f51ec0f04df17888dd60708d2e to remote] DEBUG org.apache.http.headers - http-outgoing-21 << HTTP/1.1 200 OK
12:52:29.980 [Forwarding findElement on session e65b40f51ec0f04df17888dd60708d2e to remote] DEBUG org.apache.http.headers - http-outgoing-21 << Content-Length:88
12:52:29.980 [Forwarding findElement on session e65b40f51ec0f04df17888dd60708d2e to remote] DEBUG org.apache.http.headers - http-outgoing-21 << Content-Type:application/json; charset=utf-8
12:52:29.980 [Forwarding findElement on session e65b40f51ec0f04df17888dd60708d2e to remote] DEBUG org.apache.http.headers - http-outgoing-21 << cache-control:no-cache
12:52:29.980 [Forwarding findElement on session e65b40f51ec0f04df17888dd60708d2e to remote] DEBUG org.apache.http.impl.execchain.MainClientExec - Connection can be kept alive indefinitely
12:52:29.980 [Forwarding findElement on session e65b40f51ec0f04df17888dd60708d2e to remote] DEBUG org.apache.http.impl.conn.PoolingHttpClientConnectionManager - Connection [id: 21][route: {}->http://localhost:34550] can be kept alive indefinitely
12:52:29.980 [Forwarding findElement on session e65b40f51ec0f04df17888dd60708d2e to remote] DEBUG org.apache.http.impl.conn.PoolingHttpClientConnectionManager - Connection released: [id: 21][route: {}->http://localhost:34550][total kept alive: 4; route allocated: 1 of 2000; total allocated: 4 of 2000]
12:52:29.981 [Forwarding clickElement on session e65b40f51ec0f04df17888dd60708d2e to remote] DEBUG org.apache.http.client.protocol.RequestAddCookies - CookieSpec selected: default
12:52:29.981 [Forwarding clickElement on session e65b40f51ec0f04df17888dd60708d2e to remote] DEBUG org.apache.http.client.protocol.RequestAuthCache - Auth cache not set in the context
12:52:29.981 [Forwarding clickElement on session e65b40f51ec0f04df17888dd60708d2e to remote] DEBUG org.apache.http.impl.conn.PoolingHttpClientConnectionManager - Connection request: [route: {}->http://localhost:34550][total kept alive: 4; route allocated: 1 of 2000; total allocated: 4 of 2000]
12:52:29.981 [Forwarding clickElement on session e65b40f51ec0f04df17888dd60708d2e to remote] DEBUG org.apache.http.impl.conn.PoolingHttpClientConnectionManager - Connection leased: [id: 21][route: {}->http://localhost:34550][total kept alive: 3; route allocated: 1 of 2000; total allocated: 4 of 2000]
12:52:29.981 [Forwarding clickElement on session e65b40f51ec0f04df17888dd60708d2e to remote] DEBUG org.apache.http.impl.execchain.MainClientExec - Stale connection check
12:52:29.982 [Forwarding clickElement on session e65b40f51ec0f04df17888dd60708d2e to remote] DEBUG org.apache.http.wire - http-outgoing-21 << "[read] I/O error: Read timed out"
12:52:29.982 [Forwarding clickElement on session e65b40f51ec0f04df17888dd60708d2e to remote] DEBUG org.apache.http.impl.conn.DefaultManagedHttpClientConnection - http-outgoing-21: set socket timeout to 10800000
12:52:29.982 [Forwarding clickElement on session e65b40f51ec0f04df17888dd60708d2e to remote] DEBUG org.apache.http.impl.execchain.MainClientExec - Executing request POST /session/e65b40f51ec0f04df17888dd60708d2e/element/802f8c33-91e8-46d4-891b-dea9f9aaffbd/click HTTP/1.1
12:52:29.982 [Forwarding clickElement on session e65b40f51ec0f04df17888dd60708d2e to remote] DEBUG org.apache.http.impl.execchain.MainClientExec - Target auth state: UNCHALLENGED
12:52:29.982 [Forwarding clickElement on session e65b40f51ec0f04df17888dd60708d2e to remote] DEBUG org.apache.http.impl.execchain.MainClientExec - Proxy auth state: UNCHALLENGED
12:52:29.982 [Forwarding clickElement on session e65b40f51ec0f04df17888dd60708d2e to remote] DEBUG org.apache.http.headers - http-outgoing-21 >> POST /session/e65b40f51ec0f04df17888dd60708d2e/element/802f8c33-91e8-46d4-891b-dea9f9aaffbd/click HTTP/1.1
12:52:29.982 [Forwarding clickElement on session e65b40f51ec0f04df17888dd60708d2e to remote] DEBUG org.apache.http.headers - http-outgoing-21 >> Content-Type: application/json; charset=utf-8
12:52:29.982 [Forwarding clickElement on session e65b40f51ec0f04df17888dd60708d2e to remote] DEBUG org.apache.http.headers - http-outgoing-21 >> Content-Length: 45
12:52:29.982 [Forwarding clickElement on session e65b40f51ec0f04df17888dd60708d2e to remote] DEBUG org.apache.http.headers - http-outgoing-21 >> Host: localhost:34550
12:52:29.982 [Forwarding clickElement on session e65b40f51ec0f04df17888dd60708d2e to remote] DEBUG org.apache.http.headers - http-outgoing-21 >> Connection: Keep-Alive
12:52:29.982 [Forwarding clickElement on session e65b40f51ec0f04df17888dd60708d2e to remote] DEBUG org.apache.http.headers - http-outgoing-21 >> User-Agent: Apache-HttpClient/4.5.3 (Java/1.8.0_211)
12:52:29.982 [Forwarding clickElement on session e65b40f51ec0f04df17888dd60708d2e to remote] DEBUG org.apache.http.headers - http-outgoing-21 >> Accept-Encoding: gzip,deflate
12:52:29.982 [Forwarding clickElement on session e65b40f51ec0f04df17888dd60708d2e to remote] DEBUG org.apache.http.wire - http-outgoing-21 >> "POST /session/e65b40f51ec0f04df17888dd60708d2e/element/802f8c33-91e8-46d4-891b-dea9f9aaffbd/click HTTP/1.1[\r][\n]"
12:52:29.982 [Forwarding clickElement on session e65b40f51ec0f04df17888dd60708d2e to remote] DEBUG org.apache.http.wire - http-outgoing-21 >> "Content-Type: application/json; charset=utf-8[\r][\n]"
12:52:29.982 [Forwarding clickElement on session e65b40f51ec0f04df17888dd60708d2e to remote] DEBUG org.apache.http.wire - http-outgoing-21 >> "Content-Length: 45[\r][\n]"
12:52:29.982 [Forwarding clickElement on session e65b40f51ec0f04df17888dd60708d2e to remote] DEBUG org.apache.http.wire - http-outgoing-21 >> "Host: localhost:34550[\r][\n]"
12:52:29.982 [Forwarding clickElement on session e65b40f51ec0f04df17888dd60708d2e to remote] DEBUG org.apache.http.wire - http-outgoing-21 >> "Connection: Keep-Alive[\r][\n]"
12:52:29.982 [Forwarding clickElement on session e65b40f51ec0f04df17888dd60708d2e to remote] DEBUG org.apache.http.wire - http-outgoing-21 >> "User-Agent: Apache-HttpClient/4.5.3 (Java/1.8.0_211)[\r][\n]"
12:52:29.982 [Forwarding clickElement on session e65b40f51ec0f04df17888dd60708d2e to remote] DEBUG org.apache.http.wire - http-outgoing-21 >> "Accept-Encoding: gzip,deflate[\r][\n]"
12:52:29.982 [Forwarding clickElement on session e65b40f51ec0f04df17888dd60708d2e to remote] DEBUG org.apache.http.wire - http-outgoing-21 >> "[\r][\n]"
12:52:29.982 [Forwarding clickElement on session e65b40f51ec0f04df17888dd60708d2e to remote] DEBUG org.apache.http.wire - http-outgoing-21 >> "{"id":"802f8c33-91e8-46d4-891b-dea9f9aaffbd"}"
12:52:30.032 [Forwarding clickElement on session e65b40f51ec0f04df17888dd60708d2e to remote] DEBUG org.apache.http.wire - http-outgoing-21 << "HTTP/1.1 200 OK[\r][\n]"
12:52:30.032 [Forwarding clickElement on session e65b40f51ec0f04df17888dd60708d2e to remote] DEBUG org.apache.http.wire - http-outgoing-21 << "Content-Length:14[\r][\n]"
12:52:30.032 [Forwarding clickElement on session e65b40f51ec0f04df17888dd60708d2e to remote] DEBUG org.apache.http.wire - http-outgoing-21 << "Content-Type:application/json; charset=utf-8[\r][\n]"
12:52:30.032 [Forwarding clickElement on session e65b40f51ec0f04df17888dd60708d2e to remote] DEBUG org.apache.http.wire - http-outgoing-21 << "cache-control:no-cache[\r][\n]"
12:52:30.032 [Forwarding clickElement on session e65b40f51ec0f04df17888dd60708d2e to remote] DEBUG org.apache.http.wire - http-outgoing-21 << "[\r][\n]"
12:52:30.032 [Forwarding clickElement on session e65b40f51ec0f04df17888dd60708d2e to remote] DEBUG org.apache.http.wire - http-outgoing-21 << "{"value":null}"
12:52:30.032 [Forwarding clickElement on session e65b40f51ec0f04df17888dd60708d2e to remote] DEBUG org.apache.http.headers - http-outgoing-21 << HTTP/1.1 200 OK
12:52:30.032 [Forwarding clickElement on session e65b40f51ec0f04df17888dd60708d2e to remote] DEBUG org.apache.http.headers - http-outgoing-21 << Content-Length:14
12:52:30.032 [Forwarding clickElement on session e65b40f51ec0f04df17888dd60708d2e to remote] DEBUG org.apache.http.headers - http-outgoing-21 << Content-Type:application/json; charset=utf-8
12:52:30.032 [Forwarding clickElement on session e65b40f51ec0f04df17888dd60708d2e to remote] DEBUG org.apache.http.headers - http-outgoing-21 << cache-control:no-cache
12:52:30.032 [Forwarding clickElement on session e65b40f51ec0f04df17888dd60708d2e to remote] DEBUG org.apache.http.impl.execchain.MainClientExec - Connection can be kept alive indefinitely
12:52:30.032 [Forwarding clickElement on session e65b40f51ec0f04df17888dd60708d2e to remote] DEBUG org.apache.http.impl.conn.PoolingHttpClientConnectionManager - Connection [id: 21][route: {}->http://localhost:34550] can be kept alive indefinitely
12:52:30.032 [Forwarding clickElement on session e65b40f51ec0f04df17888dd60708d2e to remote] DEBUG org.apache.http.impl.conn.PoolingHttpClientConnectionManager - Connection released: [id: 21][route: {}->http://localhost:34550][total kept alive: 4; route allocated: 1 of 2000; total allocated: 4 of 2000]
12:52:30.032 [Forwarding findElement on session e65b40f51ec0f04df17888dd60708d2e to remote] DEBUG org.apache.http.client.protocol.RequestAddCookies - CookieSpec selected: default
12:52:30.032 [Forwarding findElement on session e65b40f51ec0f04df17888dd60708d2e to remote] DEBUG org.apache.http.client.protocol.RequestAuthCache - Auth cache not set in the context
12:52:30.032 [Forwarding findElement on session e65b40f51ec0f04df17888dd60708d2e to remote] DEBUG org.apache.http.impl.conn.PoolingHttpClientConnectionManager - Connection request: [route: {}->http://localhost:34550][total kept alive: 4; route allocated: 1 of 2000; total allocated: 4 of 2000]
12:52:30.032 [Forwarding findElement on session e65b40f51ec0f04df17888dd60708d2e to remote] DEBUG org.apache.http.impl.conn.PoolingHttpClientConnectionManager - Connection leased: [id: 21][route: {}->http://localhost:34550][total kept alive: 3; route allocated: 1 of 2000; total allocated: 4 of 2000]
12:52:30.032 [Forwarding findElement on session e65b40f51ec0f04df17888dd60708d2e to remote] DEBUG org.apache.http.impl.execchain.MainClientExec - Stale connection check
12:52:30.034 [Forwarding findElement on session e65b40f51ec0f04df17888dd60708d2e to remote] DEBUG org.apache.http.wire - http-outgoing-21 << "[read] I/O error: Read timed out"
12:52:30.034 [Forwarding findElement on session e65b40f51ec0f04df17888dd60708d2e to remote] DEBUG org.apache.http.impl.conn.DefaultManagedHttpClientConnection - http-outgoing-21: set socket timeout to 10800000
12:52:30.034 [Forwarding findElement on session e65b40f51ec0f04df17888dd60708d2e to remote] DEBUG org.apache.http.impl.execchain.MainClientExec - Executing request POST /session/e65b40f51ec0f04df17888dd60708d2e/element HTTP/1.1
12:52:30.034 [Forwarding findElement on session e65b40f51ec0f04df17888dd60708d2e to remote] DEBUG org.apache.http.impl.execchain.MainClientExec - Target auth state: UNCHALLENGED
12:52:30.034 [Forwarding findElement on session e65b40f51ec0f04df17888dd60708d2e to remote] DEBUG org.apache.http.impl.execchain.MainClientExec - Proxy auth state: UNCHALLENGED
12:52:30.034 [Forwarding findElement on session e65b40f51ec0f04df17888dd60708d2e to remote] DEBUG org.apache.http.headers - http-outgoing-21 >> POST /session/e65b40f51ec0f04df17888dd60708d2e/element HTTP/1.1
12:52:30.034 [Forwarding findElement on session e65b40f51ec0f04df17888dd60708d2e to remote] DEBUG org.apache.http.headers - http-outgoing-21 >> Content-Type: application/json; charset=utf-8
12:52:30.034 [Forwarding findElement on session e65b40f51ec0f04df17888dd60708d2e to remote] DEBUG org.apache.http.headers - http-outgoing-21 >> Content-Length: 90
12:52:30.034 [Forwarding findElement on session e65b40f51ec0f04df17888dd60708d2e to remote] DEBUG org.apache.http.headers - http-outgoing-21 >> Host: localhost:34550
12:52:30.034 [Forwarding findElement on session e65b40f51ec0f04df17888dd60708d2e to remote] DEBUG org.apache.http.headers - http-outgoing-21 >> Connection: Keep-Alive
12:52:30.034 [Forwarding findElement on session e65b40f51ec0f04df17888dd60708d2e to remote] DEBUG org.apache.http.headers - http-outgoing-21 >> User-Agent: Apache-HttpClient/4.5.3 (Java/1.8.0_211)
12:52:30.034 [Forwarding findElement on session e65b40f51ec0f04df17888dd60708d2e to remote] DEBUG org.apache.http.headers - http-outgoing-21 >> Accept-Encoding: gzip,deflate
12:52:30.034 [Forwarding findElement on session e65b40f51ec0f04df17888dd60708d2e to remote] DEBUG org.apache.http.wire - http-outgoing-21 >> "POST /session/e65b40f51ec0f04df17888dd60708d2e/element HTTP/1.1[\r][\n]"
12:52:30.034 [Forwarding findElement on session e65b40f51ec0f04df17888dd60708d2e to remote] DEBUG org.apache.http.wire - http-outgoing-21 >> "Content-Type: application/json; charset=utf-8[\r][\n]"
12:52:30.034 [Forwarding findElement on session e65b40f51ec0f04df17888dd60708d2e to remote] DEBUG org.apache.http.wire - http-outgoing-21 >> "Content-Length: 90[\r][\n]"
12:52:30.034 [Forwarding findElement on session e65b40f51ec0f04df17888dd60708d2e to remote] DEBUG org.apache.http.wire - http-outgoing-21 >> "Host: localhost:34550[\r][\n]"
12:52:30.034 [Forwarding findElement on session e65b40f51ec0f04df17888dd60708d2e to remote] DEBUG org.apache.http.wire - http-outgoing-21 >> "Connection: Keep-Alive[\r][\n]"
12:52:30.034 [Forwarding findElement on session e65b40f51ec0f04df17888dd60708d2e to remote] DEBUG org.apache.http.wire - http-outgoing-21 >> "User-Agent: Apache-HttpClient/4.5.3 (Java/1.8.0_211)[\r][\n]"
12:52:30.034 [Forwarding findElement on session e65b40f51ec0f04df17888dd60708d2e to remote] DEBUG org.apache.http.wire - http-outgoing-21 >> "Accept-Encoding: gzip,deflate[\r][\n]"
12:52:30.034 [Forwarding findElement on session e65b40f51ec0f04df17888dd60708d2e to remote] DEBUG org.apache.http.wire - http-outgoing-21 >> "[\r][\n]"
12:52:30.034 [Forwarding findElement on session e65b40f51ec0f04df17888dd60708d2e to remote] DEBUG org.apache.http.wire - http-outgoing-21 >> "{"value":".form-group:nth-child(4) > select > option:nth-child(1)","using":"css selector"}"
12:52:30.039 [Forwarding findElement on session e65b40f51ec0f04df17888dd60708d2e to remote] DEBUG org.apache.http.wire - http-outgoing-21 << "HTTP/1.1 200 OK[\r][\n]"
12:52:30.039 [Forwarding findElement on session e65b40f51ec0f04df17888dd60708d2e to remote] DEBUG org.apache.http.wire - http-outgoing-21 << "Content-Length:88[\r][\n]"
12:52:30.039 [Forwarding findElement on session e65b40f51ec0f04df17888dd60708d2e to remote] DEBUG org.apache.http.wire - http-outgoing-21 << "Content-Type:application/json; charset=utf-8[\r][\n]"
12:52:30.039 [Forwarding findElement on session e65b40f51ec0f04df17888dd60708d2e to remote] DEBUG org.apache.http.wire - http-outgoing-21 << "cache-control:no-cache[\r][\n]"
12:52:30.039 [Forwarding findElement on session e65b40f51ec0f04df17888dd60708d2e to remote] DEBUG org.apache.http.wire - http-outgoing-21 << "[\r][\n]"
12:52:30.039 [Forwarding findElement on session e65b40f51ec0f04df17888dd60708d2e to remote] DEBUG org.apache.http.wire - http-outgoing-21 << "{"value":{"element-6066-11e4-a52e-4f735466cecf":"9517dd0e-f232-44cf-aafd-78da5e3224ca"}}"
12:52:30.039 [Forwarding findElement on session e65b40f51ec0f04df17888dd60708d2e to remote] DEBUG org.apache.http.headers - http-outgoing-21 << HTTP/1.1 200 OK
12:52:30.039 [Forwarding findElement on session e65b40f51ec0f04df17888dd60708d2e to remote] DEBUG org.apache.http.headers - http-outgoing-21 << Content-Length:88
12:52:30.039 [Forwarding findElement on session e65b40f51ec0f04df17888dd60708d2e to remote] DEBUG org.apache.http.headers - http-outgoing-21 << Content-Type:application/json; charset=utf-8
12:52:30.039 [Forwarding findElement on session e65b40f51ec0f04df17888dd60708d2e to remote] DEBUG org.apache.http.headers - http-outgoing-21 << cache-control:no-cache
12:52:30.039 [Forwarding findElement on session e65b40f51ec0f04df17888dd60708d2e to remote] DEBUG org.apache.http.impl.execchain.MainClientExec - Connection can be kept alive indefinitely
12:52:30.039 [Forwarding findElement on session e65b40f51ec0f04df17888dd60708d2e to remote] DEBUG org.apache.http.impl.conn.PoolingHttpClientConnectionManager - Connection [id: 21][route: {}->http://localhost:34550] can be kept alive indefinitely
12:52:30.039 [Forwarding findElement on session e65b40f51ec0f04df17888dd60708d2e to remote] DEBUG org.apache.http.impl.conn.PoolingHttpClientConnectionManager - Connection released: [id: 21][route: {}->http://localhost:34550][total kept alive: 4; route allocated: 1 of 2000; total allocated: 4 of 2000]
12:52:30.040 [Forwarding clickElement on session e65b40f51ec0f04df17888dd60708d2e to remote] DEBUG org.apache.http.client.protocol.RequestAddCookies - CookieSpec selected: default
12:52:30.040 [Forwarding clickElement on session e65b40f51ec0f04df17888dd60708d2e to remote] DEBUG org.apache.http.client.protocol.RequestAuthCache - Auth cache not set in the context
12:52:30.040 [Forwarding clickElement on session e65b40f51ec0f04df17888dd60708d2e to remote] DEBUG org.apache.http.impl.conn.PoolingHttpClientConnectionManager - Connection request: [route: {}->http://localhost:34550][total kept alive: 4; route allocated: 1 of 2000; total allocated: 4 of 2000]
12:52:30.040 [Forwarding clickElement on session e65b40f51ec0f04df17888dd60708d2e to remote] DEBUG org.apache.http.impl.conn.PoolingHttpClientConnectionManager - Connection leased: [id: 21][route: {}->http://localhost:34550][total kept alive: 3; route allocated: 1 of 2000; total allocated: 4 of 2000]
12:52:30.040 [Forwarding clickElement on session e65b40f51ec0f04df17888dd60708d2e to remote] DEBUG org.apache.http.impl.execchain.MainClientExec - Stale connection check
12:52:30.041 [Forwarding clickElement on session e65b40f51ec0f04df17888dd60708d2e to remote] DEBUG org.apache.http.wire - http-outgoing-21 << "[read] I/O error: Read timed out"
12:52:30.041 [Forwarding clickElement on session e65b40f51ec0f04df17888dd60708d2e to remote] DEBUG org.apache.http.impl.conn.DefaultManagedHttpClientConnection - http-outgoing-21: set socket timeout to 10800000
12:52:30.041 [Forwarding clickElement on session e65b40f51ec0f04df17888dd60708d2e to remote] DEBUG org.apache.http.impl.execchain.MainClientExec - Executing request POST /session/e65b40f51ec0f04df17888dd60708d2e/element/9517dd0e-f232-44cf-aafd-78da5e3224ca/click HTTP/1.1
12:52:30.041 [Forwarding clickElement on session e65b40f51ec0f04df17888dd60708d2e to remote] DEBUG org.apache.http.impl.execchain.MainClientExec - Target auth state: UNCHALLENGED
12:52:30.041 [Forwarding clickElement on session e65b40f51ec0f04df17888dd60708d2e to remote] DEBUG org.apache.http.impl.execchain.MainClientExec - Proxy auth state: UNCHALLENGED
12:52:30.041 [Forwarding clickElement on session e65b40f51ec0f04df17888dd60708d2e to remote] DEBUG org.apache.http.headers - http-outgoing-21 >> POST /session/e65b40f51ec0f04df17888dd60708d2e/element/9517dd0e-f232-44cf-aafd-78da5e3224ca/click HTTP/1.1
12:52:30.041 [Forwarding clickElement on session e65b40f51ec0f04df17888dd60708d2e to remote] DEBUG org.apache.http.headers - http-outgoing-21 >> Content-Type: application/json; charset=utf-8
12:52:30.041 [Forwarding clickElement on session e65b40f51ec0f04df17888dd60708d2e to remote] DEBUG org.apache.http.headers - http-outgoing-21 >> Content-Length: 45
12:52:30.041 [Forwarding clickElement on session e65b40f51ec0f04df17888dd60708d2e to remote] DEBUG org.apache.http.headers - http-outgoing-21 >> Host: localhost:34550
12:52:30.041 [Forwarding clickElement on session e65b40f51ec0f04df17888dd60708d2e to remote] DEBUG org.apache.http.headers - http-outgoing-21 >> Connection: Keep-Alive
12:52:30.041 [Forwarding clickElement on session e65b40f51ec0f04df17888dd60708d2e to remote] DEBUG org.apache.http.headers - http-outgoing-21 >> User-Agent: Apache-HttpClient/4.5.3 (Java/1.8.0_211)
12:52:30.041 [Forwarding clickElement on session e65b40f51ec0f04df17888dd60708d2e to remote] DEBUG org.apache.http.headers - http-outgoing-21 >> Accept-Encoding: gzip,deflate
12:52:30.041 [Forwarding clickElement on session e65b40f51ec0f04df17888dd60708d2e to remote] DEBUG org.apache.http.wire - http-outgoing-21 >> "POST /session/e65b40f51ec0f04df17888dd60708d2e/element/9517dd0e-f232-44cf-aafd-78da5e3224ca/click HTTP/1.1[\r][\n]"
12:52:30.041 [Forwarding clickElement on session e65b40f51ec0f04df17888dd60708d2e to remote] DEBUG org.apache.http.wire - http-outgoing-21 >> "Content-Type: application/json; charset=utf-8[\r][\n]"
12:52:30.041 [Forwarding clickElement on session e65b40f51ec0f04df17888dd60708d2e to remote] DEBUG org.apache.http.wire - http-outgoing-21 >> "Content-Length: 45[\r][\n]"
12:52:30.041 [Forwarding clickElement on session e65b40f51ec0f04df17888dd60708d2e to remote] DEBUG org.apache.http.wire - http-outgoing-21 >> "Host: localhost:34550[\r][\n]"
12:52:30.041 [Forwarding clickElement on session e65b40f51ec0f04df17888dd60708d2e to remote] DEBUG org.apache.http.wire - http-outgoing-21 >> "Connection: Keep-Alive[\r][\n]"
12:52:30.041 [Forwarding clickElement on session e65b40f51ec0f04df17888dd60708d2e to remote] DEBUG org.apache.http.wire - http-outgoing-21 >> "User-Agent: Apache-HttpClient/4.5.3 (Java/1.8.0_211)[\r][\n]"
12:52:30.041 [Forwarding clickElement on session e65b40f51ec0f04df17888dd60708d2e to remote] DEBUG org.apache.http.wire - http-outgoing-21 >> "Accept-Encoding: gzip,deflate[\r][\n]"
12:52:30.041 [Forwarding clickElement on session e65b40f51ec0f04df17888dd60708d2e to remote] DEBUG org.apache.http.wire - http-outgoing-21 >> "[\r][\n]"
12:52:30.041 [Forwarding clickElement on session e65b40f51ec0f04df17888dd60708d2e to remote] DEBUG org.apache.http.wire - http-outgoing-21 >> "{"id":"9517dd0e-f232-44cf-aafd-78da5e3224ca"}"
12:52:30.056 [Forwarding clickElement on session e65b40f51ec0f04df17888dd60708d2e to remote] DEBUG org.apache.http.wire - http-outgoing-21 << "HTTP/1.1 200 OK[\r][\n]"
12:52:30.056 [Forwarding clickElement on session e65b40f51ec0f04df17888dd60708d2e to remote] DEBUG org.apache.http.wire - http-outgoing-21 << "Content-Length:14[\r][\n]"
12:52:30.056 [Forwarding clickElement on session e65b40f51ec0f04df17888dd60708d2e to remote] DEBUG org.apache.http.wire - http-outgoing-21 << "Content-Type:application/json; charset=utf-8[\r][\n]"
12:52:30.056 [Forwarding clickElement on session e65b40f51ec0f04df17888dd60708d2e to remote] DEBUG org.apache.http.wire - http-outgoing-21 << "cache-control:no-cache[\r][\n]"
12:52:30.056 [Forwarding clickElement on session e65b40f51ec0f04df17888dd60708d2e to remote] DEBUG org.apache.http.wire - http-outgoing-21 << "[\r][\n]"
12:52:30.056 [Forwarding clickElement on session e65b40f51ec0f04df17888dd60708d2e to remote] DEBUG org.apache.http.wire - http-outgoing-21 << "{"value":null}"
12:52:30.057 [Forwarding clickElement on session e65b40f51ec0f04df17888dd60708d2e to remote] DEBUG org.apache.http.headers - http-outgoing-21 << HTTP/1.1 200 OK
12:52:30.057 [Forwarding clickElement on session e65b40f51ec0f04df17888dd60708d2e to remote] DEBUG org.apache.http.headers - http-outgoing-21 << Content-Length:14
12:52:30.057 [Forwarding clickElement on session e65b40f51ec0f04df17888dd60708d2e to remote] DEBUG org.apache.http.headers - http-outgoing-21 << Content-Type:application/json; charset=utf-8
12:52:30.057 [Forwarding clickElement on session e65b40f51ec0f04df17888dd60708d2e to remote] DEBUG org.apache.http.headers - http-outgoing-21 << cache-control:no-cache
12:52:30.057 [Forwarding clickElement on session e65b40f51ec0f04df17888dd60708d2e to remote] DEBUG org.apache.http.impl.execchain.MainClientExec - Connection can be kept alive indefinitely
12:52:30.057 [Forwarding clickElement on session e65b40f51ec0f04df17888dd60708d2e to remote] DEBUG org.apache.http.impl.conn.PoolingHttpClientConnectionManager - Connection [id: 21][route: {}->http://localhost:34550] can be kept alive indefinitely
12:52:30.057 [Forwarding clickElement on session e65b40f51ec0f04df17888dd60708d2e to remote] DEBUG org.apache.http.impl.conn.PoolingHttpClientConnectionManager - Connection released: [id: 21][route: {}->http://localhost:34550][total kept alive: 4; route allocated: 1 of 2000; total allocated: 4 of 2000]
12:52:30.057 [Forwarding findElement on session e65b40f51ec0f04df17888dd60708d2e to remote] DEBUG org.apache.http.client.protocol.RequestAddCookies - CookieSpec selected: default
12:52:30.057 [Forwarding findElement on session e65b40f51ec0f04df17888dd60708d2e to remote] DEBUG org.apache.http.client.protocol.RequestAuthCache - Auth cache not set in the context
12:52:30.057 [Forwarding findElement on session e65b40f51ec0f04df17888dd60708d2e to remote] DEBUG org.apache.http.impl.conn.PoolingHttpClientConnectionManager - Connection request: [route: {}->http://localhost:34550][total kept alive: 4; route allocated: 1 of 2000; total allocated: 4 of 2000]
12:52:30.057 [Forwarding findElement on session e65b40f51ec0f04df17888dd60708d2e to remote] DEBUG org.apache.http.impl.conn.PoolingHttpClientConnectionManager - Connection leased: [id: 21][route: {}->http://localhost:34550][total kept alive: 3; route allocated: 1 of 2000; total allocated: 4 of 2000]
12:52:30.057 [Forwarding findElement on session e65b40f51ec0f04df17888dd60708d2e to remote] DEBUG org.apache.http.impl.execchain.MainClientExec - Stale connection check
12:52:30.059 [Forwarding findElement on session e65b40f51ec0f04df17888dd60708d2e to remote] DEBUG org.apache.http.wire - http-outgoing-21 << "[read] I/O error: Read timed out"
12:52:30.059 [Forwarding findElement on session e65b40f51ec0f04df17888dd60708d2e to remote] DEBUG org.apache.http.impl.conn.DefaultManagedHttpClientConnection - http-outgoing-21: set socket timeout to 10800000
12:52:30.059 [Forwarding findElement on session e65b40f51ec0f04df17888dd60708d2e to remote] DEBUG org.apache.http.impl.execchain.MainClientExec - Executing request POST /session/e65b40f51ec0f04df17888dd60708d2e/element HTTP/1.1
12:52:30.059 [Forwarding findElement on session e65b40f51ec0f04df17888dd60708d2e to remote] DEBUG org.apache.http.impl.execchain.MainClientExec - Target auth state: UNCHALLENGED
12:52:30.059 [Forwarding findElement on session e65b40f51ec0f04df17888dd60708d2e to remote] DEBUG org.apache.http.impl.execchain.MainClientExec - Proxy auth state: UNCHALLENGED
12:52:30.059 [Forwarding findElement on session e65b40f51ec0f04df17888dd60708d2e to remote] DEBUG org.apache.http.headers - http-outgoing-21 >> POST /session/e65b40f51ec0f04df17888dd60708d2e/element HTTP/1.1
12:52:30.059 [Forwarding findElement on session e65b40f51ec0f04df17888dd60708d2e to remote] DEBUG org.apache.http.headers - http-outgoing-21 >> Content-Type: application/json; charset=utf-8
12:52:30.059 [Forwarding findElement on session e65b40f51ec0f04df17888dd60708d2e to remote] DEBUG org.apache.http.headers - http-outgoing-21 >> Content-Length: 52
12:52:30.059 [Forwarding findElement on session e65b40f51ec0f04df17888dd60708d2e to remote] DEBUG org.apache.http.headers - http-outgoing-21 >> Host: localhost:34550
12:52:30.059 [Forwarding findElement on session e65b40f51ec0f04df17888dd60708d2e to remote] DEBUG org.apache.http.headers - http-outgoing-21 >> Connection: Keep-Alive
12:52:30.059 [Forwarding findElement on session e65b40f51ec0f04df17888dd60708d2e to remote] DEBUG org.apache.http.headers - http-outgoing-21 >> User-Agent: Apache-HttpClient/4.5.3 (Java/1.8.0_211)
12:52:30.059 [Forwarding findElement on session e65b40f51ec0f04df17888dd60708d2e to remote] DEBUG org.apache.http.headers - http-outgoing-21 >> Accept-Encoding: gzip,deflate
12:52:30.059 [Forwarding findElement on session e65b40f51ec0f04df17888dd60708d2e to remote] DEBUG org.apache.http.wire - http-outgoing-21 >> "POST /session/e65b40f51ec0f04df17888dd60708d2e/element HTTP/1.1[\r][\n]"
12:52:30.059 [Forwarding findElement on session e65b40f51ec0f04df17888dd60708d2e to remote] DEBUG org.apache.http.wire - http-outgoing-21 >> "Content-Type: application/json; charset=utf-8[\r][\n]"
12:52:30.059 [Forwarding findElement on session e65b40f51ec0f04df17888dd60708d2e to remote] DEBUG org.apache.http.wire - http-outgoing-21 >> "Content-Length: 52[\r][\n]"
12:52:30.059 [Forwarding findElement on session e65b40f51ec0f04df17888dd60708d2e to remote] DEBUG org.apache.http.wire - http-outgoing-21 >> "Host: localhost:34550[\r][\n]"
12:52:30.059 [Forwarding findElement on session e65b40f51ec0f04df17888dd60708d2e to remote] DEBUG org.apache.http.wire - http-outgoing-21 >> "Connection: Keep-Alive[\r][\n]"
12:52:30.059 [Forwarding findElement on session e65b40f51ec0f04df17888dd60708d2e to remote] DEBUG org.apache.http.wire - http-outgoing-21 >> "User-Agent: Apache-HttpClient/4.5.3 (Java/1.8.0_211)[\r][\n]"
12:52:30.059 [Forwarding findElement on session e65b40f51ec0f04df17888dd60708d2e to remote] DEBUG org.apache.http.wire - http-outgoing-21 >> "Accept-Encoding: gzip,deflate[\r][\n]"
12:52:30.059 [Forwarding findElement on session e65b40f51ec0f04df17888dd60708d2e to remote] DEBUG org.apache.http.wire - http-outgoing-21 >> "[\r][\n]"
12:52:30.059 [Forwarding findElement on session e65b40f51ec0f04df17888dd60708d2e to remote] DEBUG org.apache.http.wire - http-outgoing-21 >> "{"value":".form-check-input","using":"css selector"}"
12:52:30.065 [Forwarding findElement on session e65b40f51ec0f04df17888dd60708d2e to remote] DEBUG org.apache.http.wire - http-outgoing-21 << "HTTP/1.1 200 OK[\r][\n]"
12:52:30.065 [Forwarding findElement on session e65b40f51ec0f04df17888dd60708d2e to remote] DEBUG org.apache.http.wire - http-outgoing-21 << "Content-Length:88[\r][\n]"
12:52:30.065 [Forwarding findElement on session e65b40f51ec0f04df17888dd60708d2e to remote] DEBUG org.apache.http.wire - http-outgoing-21 << "Content-Type:application/json; charset=utf-8[\r][\n]"
12:52:30.065 [Forwarding findElement on session e65b40f51ec0f04df17888dd60708d2e to remote] DEBUG org.apache.http.wire - http-outgoing-21 << "cache-control:no-cache[\r][\n]"
12:52:30.065 [Forwarding findElement on session e65b40f51ec0f04df17888dd60708d2e to remote] DEBUG org.apache.http.wire - http-outgoing-21 << "[\r][\n]"
12:52:30.065 [Forwarding findElement on session e65b40f51ec0f04df17888dd60708d2e to remote] DEBUG org.apache.http.wire - http-outgoing-21 << "{"value":{"element-6066-11e4-a52e-4f735466cecf":"ef9647b9-bc17-4b96-953c-53d72b22e3c1"}}"
12:52:30.065 [Forwarding findElement on session e65b40f51ec0f04df17888dd60708d2e to remote] DEBUG org.apache.http.headers - http-outgoing-21 << HTTP/1.1 200 OK
12:52:30.065 [Forwarding findElement on session e65b40f51ec0f04df17888dd60708d2e to remote] DEBUG org.apache.http.headers - http-outgoing-21 << Content-Length:88
12:52:30.065 [Forwarding findElement on session e65b40f51ec0f04df17888dd60708d2e to remote] DEBUG org.apache.http.headers - http-outgoing-21 << Content-Type:application/json; charset=utf-8
12:52:30.065 [Forwarding findElement on session e65b40f51ec0f04df17888dd60708d2e to remote] DEBUG org.apache.http.headers - http-outgoing-21 << cache-control:no-cache
12:52:30.065 [Forwarding findElement on session e65b40f51ec0f04df17888dd60708d2e to remote] DEBUG org.apache.http.impl.execchain.MainClientExec - Connection can be kept alive indefinitely
12:52:30.065 [Forwarding findElement on session e65b40f51ec0f04df17888dd60708d2e to remote] DEBUG org.apache.http.impl.conn.PoolingHttpClientConnectionManager - Connection [id: 21][route: {}->http://localhost:34550] can be kept alive indefinitely
12:52:30.065 [Forwarding findElement on session e65b40f51ec0f04df17888dd60708d2e to remote] DEBUG org.apache.http.impl.conn.PoolingHttpClientConnectionManager - Connection released: [id: 21][route: {}->http://localhost:34550][total kept alive: 4; route allocated: 1 of 2000; total allocated: 4 of 2000]
12:52:30.066 [Forwarding clickElement on session e65b40f51ec0f04df17888dd60708d2e to remote] DEBUG org.apache.http.client.protocol.RequestAddCookies - CookieSpec selected: default
12:52:30.066 [Forwarding clickElement on session e65b40f51ec0f04df17888dd60708d2e to remote] DEBUG org.apache.http.client.protocol.RequestAuthCache - Auth cache not set in the context
12:52:30.066 [Forwarding clickElement on session e65b40f51ec0f04df17888dd60708d2e to remote] DEBUG org.apache.http.impl.conn.PoolingHttpClientConnectionManager - Connection request: [route: {}->http://localhost:34550][total kept alive: 4; route allocated: 1 of 2000; total allocated: 4 of 2000]
12:52:30.066 [Forwarding clickElement on session e65b40f51ec0f04df17888dd60708d2e to remote] DEBUG org.apache.http.impl.conn.PoolingHttpClientConnectionManager - Connection leased: [id: 21][route: {}->http://localhost:34550][total kept alive: 3; route allocated: 1 of 2000; total allocated: 4 of 2000]
12:52:30.066 [Forwarding clickElement on session e65b40f51ec0f04df17888dd60708d2e to remote] DEBUG org.apache.http.impl.execchain.MainClientExec - Stale connection check
12:52:30.067 [Forwarding clickElement on session e65b40f51ec0f04df17888dd60708d2e to remote] DEBUG org.apache.http.wire - http-outgoing-21 << "[read] I/O error: Read timed out"
12:52:30.067 [Forwarding clickElement on session e65b40f51ec0f04df17888dd60708d2e to remote] DEBUG org.apache.http.impl.conn.DefaultManagedHttpClientConnection - http-outgoing-21: set socket timeout to 10800000
12:52:30.067 [Forwarding clickElement on session e65b40f51ec0f04df17888dd60708d2e to remote] DEBUG org.apache.http.impl.execchain.MainClientExec - Executing request POST /session/e65b40f51ec0f04df17888dd60708d2e/element/ef9647b9-bc17-4b96-953c-53d72b22e3c1/click HTTP/1.1
12:52:30.067 [Forwarding clickElement on session e65b40f51ec0f04df17888dd60708d2e to remote] DEBUG org.apache.http.impl.execchain.MainClientExec - Target auth state: UNCHALLENGED
12:52:30.067 [Forwarding clickElement on session e65b40f51ec0f04df17888dd60708d2e to remote] DEBUG org.apache.http.impl.execchain.MainClientExec - Proxy auth state: UNCHALLENGED
12:52:30.067 [Forwarding clickElement on session e65b40f51ec0f04df17888dd60708d2e to remote] DEBUG org.apache.http.headers - http-outgoing-21 >> POST /session/e65b40f51ec0f04df17888dd60708d2e/element/ef9647b9-bc17-4b96-953c-53d72b22e3c1/click HTTP/1.1
12:52:30.067 [Forwarding clickElement on session e65b40f51ec0f04df17888dd60708d2e to remote] DEBUG org.apache.http.headers - http-outgoing-21 >> Content-Type: application/json; charset=utf-8
12:52:30.067 [Forwarding clickElement on session e65b40f51ec0f04df17888dd60708d2e to remote] DEBUG org.apache.http.headers - http-outgoing-21 >> Content-Length: 45
12:52:30.067 [Forwarding clickElement on session e65b40f51ec0f04df17888dd60708d2e to remote] DEBUG org.apache.http.headers - http-outgoing-21 >> Host: localhost:34550
12:52:30.067 [Forwarding clickElement on session e65b40f51ec0f04df17888dd60708d2e to remote] DEBUG org.apache.http.headers - http-outgoing-21 >> Connection: Keep-Alive
12:52:30.067 [Forwarding clickElement on session e65b40f51ec0f04df17888dd60708d2e to remote] DEBUG org.apache.http.headers - http-outgoing-21 >> User-Agent: Apache-HttpClient/4.5.3 (Java/1.8.0_211)
12:52:30.067 [Forwarding clickElement on session e65b40f51ec0f04df17888dd60708d2e to remote] DEBUG org.apache.http.headers - http-outgoing-21 >> Accept-Encoding: gzip,deflate
12:52:30.067 [Forwarding clickElement on session e65b40f51ec0f04df17888dd60708d2e to remote] DEBUG org.apache.http.wire - http-outgoing-21 >> "POST /session/e65b40f51ec0f04df17888dd60708d2e/element/ef9647b9-bc17-4b96-953c-53d72b22e3c1/click HTTP/1.1[\r][\n]"
12:52:30.067 [Forwarding clickElement on session e65b40f51ec0f04df17888dd60708d2e to remote] DEBUG org.apache.http.wire - http-outgoing-21 >> "Content-Type: application/json; charset=utf-8[\r][\n]"
12:52:30.067 [Forwarding clickElement on session e65b40f51ec0f04df17888dd60708d2e to remote] DEBUG org.apache.http.wire - http-outgoing-21 >> "Content-Length: 45[\r][\n]"
12:52:30.067 [Forwarding clickElement on session e65b40f51ec0f04df17888dd60708d2e to remote] DEBUG org.apache.http.wire - http-outgoing-21 >> "Host: localhost:34550[\r][\n]"
12:52:30.067 [Forwarding clickElement on session e65b40f51ec0f04df17888dd60708d2e to remote] DEBUG org.apache.http.wire - http-outgoing-21 >> "Connection: Keep-Alive[\r][\n]"
12:52:30.067 [Forwarding clickElement on session e65b40f51ec0f04df17888dd60708d2e to remote] DEBUG org.apache.http.wire - http-outgoing-21 >> "User-Agent: Apache-HttpClient/4.5.3 (Java/1.8.0_211)[\r][\n]"
12:52:30.067 [Forwarding clickElement on session e65b40f51ec0f04df17888dd60708d2e to remote] DEBUG org.apache.http.wire - http-outgoing-21 >> "Accept-Encoding: gzip,deflate[\r][\n]"
12:52:30.067 [Forwarding clickElement on session e65b40f51ec0f04df17888dd60708d2e to remote] DEBUG org.apache.http.wire - http-outgoing-21 >> "[\r][\n]"
12:52:30.067 [Forwarding clickElement on session e65b40f51ec0f04df17888dd60708d2e to remote] DEBUG org.apache.http.wire - http-outgoing-21 >> "{"id":"ef9647b9-bc17-4b96-953c-53d72b22e3c1"}"
12:52:30.390 [Forwarding clickElement on session e65b40f51ec0f04df17888dd60708d2e to remote] DEBUG org.apache.http.wire - http-outgoing-21 << "HTTP/1.1 200 OK[\r][\n]"
12:52:30.390 [Forwarding clickElement on session e65b40f51ec0f04df17888dd60708d2e to remote] DEBUG org.apache.http.wire - http-outgoing-21 << "Content-Length:14[\r][\n]"
12:52:30.390 [Forwarding clickElement on session e65b40f51ec0f04df17888dd60708d2e to remote] DEBUG org.apache.http.wire - http-outgoing-21 << "Content-Type:application/json; charset=utf-8[\r][\n]"
12:52:30.390 [Forwarding clickElement on session e65b40f51ec0f04df17888dd60708d2e to remote] DEBUG org.apache.http.wire - http-outgoing-21 << "cache-control:no-cache[\r][\n]"
12:52:30.390 [Forwarding clickElement on session e65b40f51ec0f04df17888dd60708d2e to remote] DEBUG org.apache.http.wire - http-outgoing-21 << "[\r][\n]"
12:52:30.390 [Forwarding clickElement on session e65b40f51ec0f04df17888dd60708d2e to remote] DEBUG org.apache.http.wire - http-outgoing-21 << "{"value":null}"
12:52:30.391 [Forwarding clickElement on session e65b40f51ec0f04df17888dd60708d2e to remote] DEBUG org.apache.http.headers - http-outgoing-21 << HTTP/1.1 200 OK
12:52:30.391 [Forwarding clickElement on session e65b40f51ec0f04df17888dd60708d2e to remote] DEBUG org.apache.http.headers - http-outgoing-21 << Content-Length:14
12:52:30.391 [Forwarding clickElement on session e65b40f51ec0f04df17888dd60708d2e to remote] DEBUG org.apache.http.headers - http-outgoing-21 << Content-Type:application/json; charset=utf-8
12:52:30.391 [Forwarding clickElement on session e65b40f51ec0f04df17888dd60708d2e to remote] DEBUG org.apache.http.headers - http-outgoing-21 << cache-control:no-cache
12:52:30.391 [Forwarding clickElement on session e65b40f51ec0f04df17888dd60708d2e to remote] DEBUG org.apache.http.impl.execchain.MainClientExec - Connection can be kept alive indefinitely
12:52:30.391 [Forwarding clickElement on session e65b40f51ec0f04df17888dd60708d2e to remote] DEBUG org.apache.http.impl.conn.PoolingHttpClientConnectionManager - Connection [id: 21][route: {}->http://localhost:34550] can be kept alive indefinitely
12:52:30.391 [Forwarding clickElement on session e65b40f51ec0f04df17888dd60708d2e to remote] DEBUG org.apache.http.impl.conn.PoolingHttpClientConnectionManager - Connection released: [id: 21][route: {}->http://localhost:34550][total kept alive: 4; route allocated: 1 of 2000; total allocated: 4 of 2000]
12:52:30.596 [Forwarding findElement on session e65b40f51ec0f04df17888dd60708d2e to remote] DEBUG org.apache.http.client.protocol.RequestAddCookies - CookieSpec selected: default
12:52:30.596 [Forwarding findElement on session e65b40f51ec0f04df17888dd60708d2e to remote] DEBUG org.apache.http.client.protocol.RequestAuthCache - Auth cache not set in the context
12:52:30.596 [Forwarding findElement on session e65b40f51ec0f04df17888dd60708d2e to remote] DEBUG org.apache.http.impl.conn.PoolingHttpClientConnectionManager - Connection request: [route: {}->http://localhost:34550][total kept alive: 4; route allocated: 1 of 2000; total allocated: 4 of 2000]
12:52:30.596 [Forwarding findElement on session e65b40f51ec0f04df17888dd60708d2e to remote] DEBUG org.apache.http.impl.conn.PoolingHttpClientConnectionManager - Connection leased: [id: 21][route: {}->http://localhost:34550][total kept alive: 3; route allocated: 1 of 2000; total allocated: 4 of 2000]
12:52:30.596 [Forwarding findElement on session e65b40f51ec0f04df17888dd60708d2e to remote] DEBUG org.apache.http.impl.execchain.MainClientExec - Stale connection check
12:52:30.597 [Forwarding findElement on session e65b40f51ec0f04df17888dd60708d2e to remote] DEBUG org.apache.http.wire - http-outgoing-21 << "[read] I/O error: Read timed out"
12:52:30.597 [Forwarding findElement on session e65b40f51ec0f04df17888dd60708d2e to remote] DEBUG org.apache.http.impl.conn.DefaultManagedHttpClientConnection - http-outgoing-21: set socket timeout to 10800000
12:52:30.597 [Forwarding findElement on session e65b40f51ec0f04df17888dd60708d2e to remote] DEBUG org.apache.http.impl.execchain.MainClientExec - Executing request POST /session/e65b40f51ec0f04df17888dd60708d2e/element HTTP/1.1
12:52:30.597 [Forwarding findElement on session e65b40f51ec0f04df17888dd60708d2e to remote] DEBUG org.apache.http.impl.execchain.MainClientExec - Target auth state: UNCHALLENGED
12:52:30.597 [Forwarding findElement on session e65b40f51ec0f04df17888dd60708d2e to remote] DEBUG org.apache.http.impl.execchain.MainClientExec - Proxy auth state: UNCHALLENGED
12:52:30.597 [Forwarding findElement on session e65b40f51ec0f04df17888dd60708d2e to remote] DEBUG org.apache.http.headers - http-outgoing-21 >> POST /session/e65b40f51ec0f04df17888dd60708d2e/element HTTP/1.1
12:52:30.597 [Forwarding findElement on session e65b40f51ec0f04df17888dd60708d2e to remote] DEBUG org.apache.http.headers - http-outgoing-21 >> Content-Type: application/json; charset=utf-8
12:52:30.597 [Forwarding findElement on session e65b40f51ec0f04df17888dd60708d2e to remote] DEBUG org.apache.http.headers - http-outgoing-21 >> Content-Length: 38
12:52:30.597 [Forwarding findElement on session e65b40f51ec0f04df17888dd60708d2e to remote] DEBUG org.apache.http.headers - http-outgoing-21 >> Host: localhost:34550
12:52:30.597 [Forwarding findElement on session e65b40f51ec0f04df17888dd60708d2e to remote] DEBUG org.apache.http.headers - http-outgoing-21 >> Connection: Keep-Alive
12:52:30.597 [Forwarding findElement on session e65b40f51ec0f04df17888dd60708d2e to remote] DEBUG org.apache.http.headers - http-outgoing-21 >> User-Agent: Apache-HttpClient/4.5.3 (Java/1.8.0_211)
12:52:30.597 [Forwarding findElement on session e65b40f51ec0f04df17888dd60708d2e to remote] DEBUG org.apache.http.headers - http-outgoing-21 >> Accept-Encoding: gzip,deflate
12:52:30.597 [Forwarding findElement on session e65b40f51ec0f04df17888dd60708d2e to remote] DEBUG org.apache.http.wire - http-outgoing-21 >> "POST /session/e65b40f51ec0f04df17888dd60708d2e/element HTTP/1.1[\r][\n]"
12:52:30.597 [Forwarding findElement on session e65b40f51ec0f04df17888dd60708d2e to remote] DEBUG org.apache.http.wire - http-outgoing-21 >> "Content-Type: application/json; charset=utf-8[\r][\n]"
12:52:30.597 [Forwarding findElement on session e65b40f51ec0f04df17888dd60708d2e to remote] DEBUG org.apache.http.wire - http-outgoing-21 >> "Content-Length: 38[\r][\n]"
12:52:30.597 [Forwarding findElement on session e65b40f51ec0f04df17888dd60708d2e to remote] DEBUG org.apache.http.wire - http-outgoing-21 >> "Host: localhost:34550[\r][\n]"
12:52:30.597 [Forwarding findElement on session e65b40f51ec0f04df17888dd60708d2e to remote] DEBUG org.apache.http.wire - http-outgoing-21 >> "Connection: Keep-Alive[\r][\n]"
12:52:30.597 [Forwarding findElement on session e65b40f51ec0f04df17888dd60708d2e to remote] DEBUG org.apache.http.wire - http-outgoing-21 >> "User-Agent: Apache-HttpClient/4.5.3 (Java/1.8.0_211)[\r][\n]"
12:52:30.597 [Forwarding findElement on session e65b40f51ec0f04df17888dd60708d2e to remote] DEBUG org.apache.http.wire - http-outgoing-21 >> "Accept-Encoding: gzip,deflate[\r][\n]"
12:52:30.597 [Forwarding findElement on session e65b40f51ec0f04df17888dd60708d2e to remote] DEBUG org.apache.http.wire - http-outgoing-21 >> "[\r][\n]"
12:52:30.597 [Forwarding findElement on session e65b40f51ec0f04df17888dd60708d2e to remote] DEBUG org.apache.http.wire - http-outgoing-21 >> "{"value":"//p/button","using":"xpath"}"
12:52:30.603 [Forwarding findElement on session e65b40f51ec0f04df17888dd60708d2e to remote] DEBUG org.apache.http.wire - http-outgoing-21 << "HTTP/1.1 200 OK[\r][\n]"
12:52:30.603 [Forwarding findElement on session e65b40f51ec0f04df17888dd60708d2e to remote] DEBUG org.apache.http.wire - http-outgoing-21 << "Content-Length:88[\r][\n]"
12:52:30.603 [Forwarding findElement on session e65b40f51ec0f04df17888dd60708d2e to remote] DEBUG org.apache.http.wire - http-outgoing-21 << "Content-Type:application/json; charset=utf-8[\r][\n]"
12:52:30.603 [Forwarding findElement on session e65b40f51ec0f04df17888dd60708d2e to remote] DEBUG org.apache.http.wire - http-outgoing-21 << "cache-control:no-cache[\r][\n]"
12:52:30.603 [Forwarding findElement on session e65b40f51ec0f04df17888dd60708d2e to remote] DEBUG org.apache.http.wire - http-outgoing-21 << "[\r][\n]"
12:52:30.603 [Forwarding findElement on session e65b40f51ec0f04df17888dd60708d2e to remote] DEBUG org.apache.http.wire - http-outgoing-21 << "{"value":{"element-6066-11e4-a52e-4f735466cecf":"1a3440e9-9932-4bf8-8c40-37e538ae5be2"}}"
12:52:30.603 [Forwarding findElement on session e65b40f51ec0f04df17888dd60708d2e to remote] DEBUG org.apache.http.headers - http-outgoing-21 << HTTP/1.1 200 OK
12:52:30.603 [Forwarding findElement on session e65b40f51ec0f04df17888dd60708d2e to remote] DEBUG org.apache.http.headers - http-outgoing-21 << Content-Length:88
12:52:30.603 [Forwarding findElement on session e65b40f51ec0f04df17888dd60708d2e to remote] DEBUG org.apache.http.headers - http-outgoing-21 << Content-Type:application/json; charset=utf-8
12:52:30.603 [Forwarding findElement on session e65b40f51ec0f04df17888dd60708d2e to remote] DEBUG org.apache.http.headers - http-outgoing-21 << cache-control:no-cache
12:52:30.603 [Forwarding findElement on session e65b40f51ec0f04df17888dd60708d2e to remote] DEBUG org.apache.http.impl.execchain.MainClientExec - Connection can be kept alive indefinitely
12:52:30.603 [Forwarding findElement on session e65b40f51ec0f04df17888dd60708d2e to remote] DEBUG org.apache.http.impl.conn.PoolingHttpClientConnectionManager - Connection [id: 21][route: {}->http://localhost:34550] can be kept alive indefinitely
12:52:30.603 [Forwarding findElement on session e65b40f51ec0f04df17888dd60708d2e to remote] DEBUG org.apache.http.impl.conn.PoolingHttpClientConnectionManager - Connection released: [id: 21][route: {}->http://localhost:34550][total kept alive: 4; route allocated: 1 of 2000; total allocated: 4 of 2000]
12:52:30.604 [Forwarding clickElement on session e65b40f51ec0f04df17888dd60708d2e to remote] DEBUG org.apache.http.client.protocol.RequestAddCookies - CookieSpec selected: default
12:52:30.604 [Forwarding clickElement on session e65b40f51ec0f04df17888dd60708d2e to remote] DEBUG org.apache.http.client.protocol.RequestAuthCache - Auth cache not set in the context
12:52:30.604 [Forwarding clickElement on session e65b40f51ec0f04df17888dd60708d2e to remote] DEBUG org.apache.http.impl.conn.PoolingHttpClientConnectionManager - Connection request: [route: {}->http://localhost:34550][total kept alive: 4; route allocated: 1 of 2000; total allocated: 4 of 2000]
12:52:30.604 [Forwarding clickElement on session e65b40f51ec0f04df17888dd60708d2e to remote] DEBUG org.apache.http.impl.conn.PoolingHttpClientConnectionManager - Connection leased: [id: 21][route: {}->http://localhost:34550][total kept alive: 3; route allocated: 1 of 2000; total allocated: 4 of 2000]
12:52:30.604 [Forwarding clickElement on session e65b40f51ec0f04df17888dd60708d2e to remote] DEBUG org.apache.http.impl.execchain.MainClientExec - Stale connection check
12:52:30.605 [Forwarding clickElement on session e65b40f51ec0f04df17888dd60708d2e to remote] DEBUG org.apache.http.wire - http-outgoing-21 << "[read] I/O error: Read timed out"
12:52:30.605 [Forwarding clickElement on session e65b40f51ec0f04df17888dd60708d2e to remote] DEBUG org.apache.http.impl.conn.DefaultManagedHttpClientConnection - http-outgoing-21: set socket timeout to 10800000
12:52:30.605 [Forwarding clickElement on session e65b40f51ec0f04df17888dd60708d2e to remote] DEBUG org.apache.http.impl.execchain.MainClientExec - Executing request POST /session/e65b40f51ec0f04df17888dd60708d2e/element/1a3440e9-9932-4bf8-8c40-37e538ae5be2/click HTTP/1.1
12:52:30.605 [Forwarding clickElement on session e65b40f51ec0f04df17888dd60708d2e to remote] DEBUG org.apache.http.impl.execchain.MainClientExec - Target auth state: UNCHALLENGED
12:52:30.605 [Forwarding clickElement on session e65b40f51ec0f04df17888dd60708d2e to remote] DEBUG org.apache.http.impl.execchain.MainClientExec - Proxy auth state: UNCHALLENGED
12:52:30.605 [Forwarding clickElement on session e65b40f51ec0f04df17888dd60708d2e to remote] DEBUG org.apache.http.headers - http-outgoing-21 >> POST /session/e65b40f51ec0f04df17888dd60708d2e/element/1a3440e9-9932-4bf8-8c40-37e538ae5be2/click HTTP/1.1
12:52:30.605 [Forwarding clickElement on session e65b40f51ec0f04df17888dd60708d2e to remote] DEBUG org.apache.http.headers - http-outgoing-21 >> Content-Type: application/json; charset=utf-8
12:52:30.605 [Forwarding clickElement on session e65b40f51ec0f04df17888dd60708d2e to remote] DEBUG org.apache.http.headers - http-outgoing-21 >> Content-Length: 45
12:52:30.605 [Forwarding clickElement on session e65b40f51ec0f04df17888dd60708d2e to remote] DEBUG org.apache.http.headers - http-outgoing-21 >> Host: localhost:34550
12:52:30.605 [Forwarding clickElement on session e65b40f51ec0f04df17888dd60708d2e to remote] DEBUG org.apache.http.headers - http-outgoing-21 >> Connection: Keep-Alive
12:52:30.605 [Forwarding clickElement on session e65b40f51ec0f04df17888dd60708d2e to remote] DEBUG org.apache.http.headers - http-outgoing-21 >> User-Agent: Apache-HttpClient/4.5.3 (Java/1.8.0_211)
12:52:30.605 [Forwarding clickElement on session e65b40f51ec0f04df17888dd60708d2e to remote] DEBUG org.apache.http.headers - http-outgoing-21 >> Accept-Encoding: gzip,deflate
12:52:30.605 [Forwarding clickElement on session e65b40f51ec0f04df17888dd60708d2e to remote] DEBUG org.apache.http.wire - http-outgoing-21 >> "POST /session/e65b40f51ec0f04df17888dd60708d2e/element/1a3440e9-9932-4bf8-8c40-37e538ae5be2/click HTTP/1.1[\r][\n]"
12:52:30.605 [Forwarding clickElement on session e65b40f51ec0f04df17888dd60708d2e to remote] DEBUG org.apache.http.wire - http-outgoing-21 >> "Content-Type: application/json; charset=utf-8[\r][\n]"
12:52:30.605 [Forwarding clickElement on session e65b40f51ec0f04df17888dd60708d2e to remote] DEBUG org.apache.http.wire - http-outgoing-21 >> "Content-Length: 45[\r][\n]"
12:52:30.605 [Forwarding clickElement on session e65b40f51ec0f04df17888dd60708d2e to remote] DEBUG org.apache.http.wire - http-outgoing-21 >> "Host: localhost:34550[\r][\n]"
12:52:30.605 [Forwarding clickElement on session e65b40f51ec0f04df17888dd60708d2e to remote] DEBUG org.apache.http.wire - http-outgoing-21 >> "Connection: Keep-Alive[\r][\n]"
12:52:30.605 [Forwarding clickElement on session e65b40f51ec0f04df17888dd60708d2e to remote] DEBUG org.apache.http.wire - http-outgoing-21 >> "User-Agent: Apache-HttpClient/4.5.3 (Java/1.8.0_211)[\r][\n]"
12:52:30.605 [Forwarding clickElement on session e65b40f51ec0f04df17888dd60708d2e to remote] DEBUG org.apache.http.wire - http-outgoing-21 >> "Accept-Encoding: gzip,deflate[\r][\n]"
12:52:30.605 [Forwarding clickElement on session e65b40f51ec0f04df17888dd60708d2e to remote] DEBUG org.apache.http.wire - http-outgoing-21 >> "[\r][\n]"
12:52:30.605 [Forwarding clickElement on session e65b40f51ec0f04df17888dd60708d2e to remote] DEBUG org.apache.http.wire - http-outgoing-21 >> "{"id":"1a3440e9-9932-4bf8-8c40-37e538ae5be2"}"
12:52:30.629 [Forwarding clickElement on session e65b40f51ec0f04df17888dd60708d2e to remote] DEBUG org.apache.http.wire - http-outgoing-21 << "HTTP/1.1 200 OK[\r][\n]"
12:52:30.630 [Forwarding clickElement on session e65b40f51ec0f04df17888dd60708d2e to remote] DEBUG org.apache.http.wire - http-outgoing-21 << "Content-Length:14[\r][\n]"
12:52:30.630 [Forwarding clickElement on session e65b40f51ec0f04df17888dd60708d2e to remote] DEBUG org.apache.http.wire - http-outgoing-21 << "Content-Type:application/json; charset=utf-8[\r][\n]"
12:52:30.630 [Forwarding clickElement on session e65b40f51ec0f04df17888dd60708d2e to remote] DEBUG org.apache.http.wire - http-outgoing-21 << "cache-control:no-cache[\r][\n]"
12:52:30.630 [Forwarding clickElement on session e65b40f51ec0f04df17888dd60708d2e to remote] DEBUG org.apache.http.wire - http-outgoing-21 << "[\r][\n]"
12:52:30.630 [Forwarding clickElement on session e65b40f51ec0f04df17888dd60708d2e to remote] DEBUG org.apache.http.wire - http-outgoing-21 << "{"value":null}"
12:52:30.630 [Forwarding clickElement on session e65b40f51ec0f04df17888dd60708d2e to remote] DEBUG org.apache.http.headers - http-outgoing-21 << HTTP/1.1 200 OK
12:52:30.630 [Forwarding clickElement on session e65b40f51ec0f04df17888dd60708d2e to remote] DEBUG org.apache.http.headers - http-outgoing-21 << Content-Length:14
12:52:30.630 [Forwarding clickElement on session e65b40f51ec0f04df17888dd60708d2e to remote] DEBUG org.apache.http.headers - http-outgoing-21 << Content-Type:application/json; charset=utf-8
12:52:30.630 [Forwarding clickElement on session e65b40f51ec0f04df17888dd60708d2e to remote] DEBUG org.apache.http.headers - http-outgoing-21 << cache-control:no-cache
12:52:30.630 [Forwarding clickElement on session e65b40f51ec0f04df17888dd60708d2e to remote] DEBUG org.apache.http.impl.execchain.MainClientExec - Connection can be kept alive indefinitely
12:52:30.630 [Forwarding clickElement on session e65b40f51ec0f04df17888dd60708d2e to remote] DEBUG org.apache.http.impl.conn.PoolingHttpClientConnectionManager - Connection [id: 21][route: {}->http://localhost:34550] can be kept alive indefinitely
12:52:30.630 [Forwarding clickElement on session e65b40f51ec0f04df17888dd60708d2e to remote] DEBUG org.apache.http.impl.conn.PoolingHttpClientConnectionManager - Connection released: [id: 21][route: {}->http://localhost:34550][total kept alive: 4; route allocated: 1 of 2000; total allocated: 4 of 2000]
12:52:30.630 [Forwarding findElement on session e65b40f51ec0f04df17888dd60708d2e to remote] DEBUG org.apache.http.client.protocol.RequestAddCookies - CookieSpec selected: default
12:52:30.630 [Forwarding findElement on session e65b40f51ec0f04df17888dd60708d2e to remote] DEBUG org.apache.http.client.protocol.RequestAuthCache - Auth cache not set in the context
12:52:30.630 [Forwarding findElement on session e65b40f51ec0f04df17888dd60708d2e to remote] DEBUG org.apache.http.impl.conn.PoolingHttpClientConnectionManager - Connection request: [route: {}->http://localhost:34550][total kept alive: 4; route allocated: 1 of 2000; total allocated: 4 of 2000]
12:52:30.630 [Forwarding findElement on session e65b40f51ec0f04df17888dd60708d2e to remote] DEBUG org.apache.http.impl.conn.PoolingHttpClientConnectionManager - Connection leased: [id: 21][route: {}->http://localhost:34550][total kept alive: 3; route allocated: 1 of 2000; total allocated: 4 of 2000]
12:52:30.630 [Forwarding findElement on session e65b40f51ec0f04df17888dd60708d2e to remote] DEBUG org.apache.http.impl.execchain.MainClientExec - Stale connection check
12:52:30.632 [Forwarding findElement on session e65b40f51ec0f04df17888dd60708d2e to remote] DEBUG org.apache.http.wire - http-outgoing-21 << "[read] I/O error: Read timed out"
12:52:30.632 [Forwarding findElement on session e65b40f51ec0f04df17888dd60708d2e to remote] DEBUG org.apache.http.impl.conn.DefaultManagedHttpClientConnection - http-outgoing-21: set socket timeout to 10800000
12:52:30.632 [Forwarding findElement on session e65b40f51ec0f04df17888dd60708d2e to remote] DEBUG org.apache.http.impl.execchain.MainClientExec - Executing request POST /session/e65b40f51ec0f04df17888dd60708d2e/element HTTP/1.1
12:52:30.632 [Forwarding findElement on session e65b40f51ec0f04df17888dd60708d2e to remote] DEBUG org.apache.http.impl.execchain.MainClientExec - Target auth state: UNCHALLENGED
12:52:30.632 [Forwarding findElement on session e65b40f51ec0f04df17888dd60708d2e to remote] DEBUG org.apache.http.impl.execchain.MainClientExec - Proxy auth state: UNCHALLENGED
12:52:30.632 [Forwarding findElement on session e65b40f51ec0f04df17888dd60708d2e to remote] DEBUG org.apache.http.headers - http-outgoing-21 >> POST /session/e65b40f51ec0f04df17888dd60708d2e/element HTTP/1.1
12:52:30.632 [Forwarding findElement on session e65b40f51ec0f04df17888dd60708d2e to remote] DEBUG org.apache.http.headers - http-outgoing-21 >> Content-Type: application/json; charset=utf-8
12:52:30.632 [Forwarding findElement on session e65b40f51ec0f04df17888dd60708d2e to remote] DEBUG org.apache.http.headers - http-outgoing-21 >> Content-Length: 58
12:52:30.632 [Forwarding findElement on session e65b40f51ec0f04df17888dd60708d2e to remote] DEBUG org.apache.http.headers - http-outgoing-21 >> Host: localhost:34550
12:52:30.632 [Forwarding findElement on session e65b40f51ec0f04df17888dd60708d2e to remote] DEBUG org.apache.http.headers - http-outgoing-21 >> Connection: Keep-Alive
12:52:30.632 [Forwarding findElement on session e65b40f51ec0f04df17888dd60708d2e to remote] DEBUG org.apache.http.headers - http-outgoing-21 >> User-Agent: Apache-HttpClient/4.5.3 (Java/1.8.0_211)
12:52:30.632 [Forwarding findElement on session e65b40f51ec0f04df17888dd60708d2e to remote] DEBUG org.apache.http.headers - http-outgoing-21 >> Accept-Encoding: gzip,deflate
12:52:30.632 [Forwarding findElement on session e65b40f51ec0f04df17888dd60708d2e to remote] DEBUG org.apache.http.wire - http-outgoing-21 >> "POST /session/e65b40f51ec0f04df17888dd60708d2e/element HTTP/1.1[\r][\n]"
12:52:30.632 [Forwarding findElement on session e65b40f51ec0f04df17888dd60708d2e to remote] DEBUG org.apache.http.wire - http-outgoing-21 >> "Content-Type: application/json; charset=utf-8[\r][\n]"
12:52:30.632 [Forwarding findElement on session e65b40f51ec0f04df17888dd60708d2e to remote] DEBUG org.apache.http.wire - http-outgoing-21 >> "Content-Length: 58[\r][\n]"
12:52:30.632 [Forwarding findElement on session e65b40f51ec0f04df17888dd60708d2e to remote] DEBUG org.apache.http.wire - http-outgoing-21 >> "Host: localhost:34550[\r][\n]"
12:52:30.632 [Forwarding findElement on session e65b40f51ec0f04df17888dd60708d2e to remote] DEBUG org.apache.http.wire - http-outgoing-21 >> "Connection: Keep-Alive[\r][\n]"
12:52:30.632 [Forwarding findElement on session e65b40f51ec0f04df17888dd60708d2e to remote] DEBUG org.apache.http.wire - http-outgoing-21 >> "User-Agent: Apache-HttpClient/4.5.3 (Java/1.8.0_211)[\r][\n]"
12:52:30.632 [Forwarding findElement on session e65b40f51ec0f04df17888dd60708d2e to remote] DEBUG org.apache.http.wire - http-outgoing-21 >> "Accept-Encoding: gzip,deflate[\r][\n]"
12:52:30.632 [Forwarding findElement on session e65b40f51ec0f04df17888dd60708d2e to remote] DEBUG org.apache.http.wire - http-outgoing-21 >> "[\r][\n]"
12:52:30.632 [Forwarding findElement on session e65b40f51ec0f04df17888dd60708d2e to remote] DEBUG org.apache.http.wire - http-outgoing-21 >> "{"value":".modal-body > p >button","using":"css selector"}"
12:52:30.636 [Forwarding findElement on session e65b40f51ec0f04df17888dd60708d2e to remote] DEBUG org.apache.http.wire - http-outgoing-21 << "HTTP/1.1 200 OK[\r][\n]"
12:52:30.636 [Forwarding findElement on session e65b40f51ec0f04df17888dd60708d2e to remote] DEBUG org.apache.http.wire - http-outgoing-21 << "Content-Length:88[\r][\n]"
12:52:30.636 [Forwarding findElement on session e65b40f51ec0f04df17888dd60708d2e to remote] DEBUG org.apache.http.wire - http-outgoing-21 << "Content-Type:application/json; charset=utf-8[\r][\n]"
12:52:30.636 [Forwarding findElement on session e65b40f51ec0f04df17888dd60708d2e to remote] DEBUG org.apache.http.wire - http-outgoing-21 << "cache-control:no-cache[\r][\n]"
12:52:30.636 [Forwarding findElement on session e65b40f51ec0f04df17888dd60708d2e to remote] DEBUG org.apache.http.wire - http-outgoing-21 << "[\r][\n]"
12:52:30.636 [Forwarding findElement on session e65b40f51ec0f04df17888dd60708d2e to remote] DEBUG org.apache.http.wire - http-outgoing-21 << "{"value":{"element-6066-11e4-a52e-4f735466cecf":"1a3440e9-9932-4bf8-8c40-37e538ae5be2"}}"
12:52:30.636 [Forwarding findElement on session e65b40f51ec0f04df17888dd60708d2e to remote] DEBUG org.apache.http.headers - http-outgoing-21 << HTTP/1.1 200 OK
12:52:30.636 [Forwarding findElement on session e65b40f51ec0f04df17888dd60708d2e to remote] DEBUG org.apache.http.headers - http-outgoing-21 << Content-Length:88
12:52:30.636 [Forwarding findElement on session e65b40f51ec0f04df17888dd60708d2e to remote] DEBUG org.apache.http.headers - http-outgoing-21 << Content-Type:application/json; charset=utf-8
12:52:30.637 [Forwarding findElement on session e65b40f51ec0f04df17888dd60708d2e to remote] DEBUG org.apache.http.headers - http-outgoing-21 << cache-control:no-cache
12:52:30.637 [Forwarding findElement on session e65b40f51ec0f04df17888dd60708d2e to remote] DEBUG org.apache.http.impl.execchain.MainClientExec - Connection can be kept alive indefinitely
12:52:30.637 [Forwarding findElement on session e65b40f51ec0f04df17888dd60708d2e to remote] DEBUG org.apache.http.impl.conn.PoolingHttpClientConnectionManager - Connection [id: 21][route: {}->http://localhost:34550] can be kept alive indefinitely
12:52:30.637 [Forwarding findElement on session e65b40f51ec0f04df17888dd60708d2e to remote] DEBUG org.apache.http.impl.conn.PoolingHttpClientConnectionManager - Connection released: [id: 21][route: {}->http://localhost:34550][total kept alive: 4; route allocated: 1 of 2000; total allocated: 4 of 2000]
12:52:30.637 [Forwarding clickElement on session e65b40f51ec0f04df17888dd60708d2e to remote] DEBUG org.apache.http.client.protocol.RequestAddCookies - CookieSpec selected: default
12:52:30.637 [Forwarding clickElement on session e65b40f51ec0f04df17888dd60708d2e to remote] DEBUG org.apache.http.client.protocol.RequestAuthCache - Auth cache not set in the context
12:52:30.637 [Forwarding clickElement on session e65b40f51ec0f04df17888dd60708d2e to remote] DEBUG org.apache.http.impl.conn.PoolingHttpClientConnectionManager - Connection request: [route: {}->http://localhost:34550][total kept alive: 4; route allocated: 1 of 2000; total allocated: 4 of 2000]
12:52:30.637 [Forwarding clickElement on session e65b40f51ec0f04df17888dd60708d2e to remote] DEBUG org.apache.http.impl.conn.PoolingHttpClientConnectionManager - Connection leased: [id: 21][route: {}->http://localhost:34550][total kept alive: 3; route allocated: 1 of 2000; total allocated: 4 of 2000]
12:52:30.637 [Forwarding clickElement on session e65b40f51ec0f04df17888dd60708d2e to remote] DEBUG org.apache.http.impl.execchain.MainClientExec - Stale connection check
12:52:30.638 [Forwarding clickElement on session e65b40f51ec0f04df17888dd60708d2e to remote] DEBUG org.apache.http.wire - http-outgoing-21 << "[read] I/O error: Read timed out"
12:52:30.638 [Forwarding clickElement on session e65b40f51ec0f04df17888dd60708d2e to remote] DEBUG org.apache.http.impl.conn.DefaultManagedHttpClientConnection - http-outgoing-21: set socket timeout to 10800000
12:52:30.638 [Forwarding clickElement on session e65b40f51ec0f04df17888dd60708d2e to remote] DEBUG org.apache.http.impl.execchain.MainClientExec - Executing request POST /session/e65b40f51ec0f04df17888dd60708d2e/element/1a3440e9-9932-4bf8-8c40-37e538ae5be2/click HTTP/1.1
12:52:30.638 [Forwarding clickElement on session e65b40f51ec0f04df17888dd60708d2e to remote] DEBUG org.apache.http.impl.execchain.MainClientExec - Target auth state: UNCHALLENGED
12:52:30.638 [Forwarding clickElement on session e65b40f51ec0f04df17888dd60708d2e to remote] DEBUG org.apache.http.impl.execchain.MainClientExec - Proxy auth state: UNCHALLENGED
12:52:30.638 [Forwarding clickElement on session e65b40f51ec0f04df17888dd60708d2e to remote] DEBUG org.apache.http.headers - http-outgoing-21 >> POST /session/e65b40f51ec0f04df17888dd60708d2e/element/1a3440e9-9932-4bf8-8c40-37e538ae5be2/click HTTP/1.1
12:52:30.638 [Forwarding clickElement on session e65b40f51ec0f04df17888dd60708d2e to remote] DEBUG org.apache.http.headers - http-outgoing-21 >> Content-Type: application/json; charset=utf-8
12:52:30.638 [Forwarding clickElement on session e65b40f51ec0f04df17888dd60708d2e to remote] DEBUG org.apache.http.headers - http-outgoing-21 >> Content-Length: 45
12:52:30.639 [Forwarding clickElement on session e65b40f51ec0f04df17888dd60708d2e to remote] DEBUG org.apache.http.headers - http-outgoing-21 >> Host: localhost:34550
12:52:30.639 [Forwarding clickElement on session e65b40f51ec0f04df17888dd60708d2e to remote] DEBUG org.apache.http.headers - http-outgoing-21 >> Connection: Keep-Alive
12:52:30.639 [Forwarding clickElement on session e65b40f51ec0f04df17888dd60708d2e to remote] DEBUG org.apache.http.headers - http-outgoing-21 >> User-Agent: Apache-HttpClient/4.5.3 (Java/1.8.0_211)
12:52:30.639 [Forwarding clickElement on session e65b40f51ec0f04df17888dd60708d2e to remote] DEBUG org.apache.http.headers - http-outgoing-21 >> Accept-Encoding: gzip,deflate
12:52:30.639 [Forwarding clickElement on session e65b40f51ec0f04df17888dd60708d2e to remote] DEBUG org.apache.http.wire - http-outgoing-21 >> "POST /session/e65b40f51ec0f04df17888dd60708d2e/element/1a3440e9-9932-4bf8-8c40-37e538ae5be2/click HTTP/1.1[\r][\n]"
12:52:30.639 [Forwarding clickElement on session e65b40f51ec0f04df17888dd60708d2e to remote] DEBUG org.apache.http.wire - http-outgoing-21 >> "Content-Type: application/json; charset=utf-8[\r][\n]"
12:52:30.639 [Forwarding clickElement on session e65b40f51ec0f04df17888dd60708d2e to remote] DEBUG org.apache.http.wire - http-outgoing-21 >> "Content-Length: 45[\r][\n]"
12:52:30.639 [Forwarding clickElement on session e65b40f51ec0f04df17888dd60708d2e to remote] DEBUG org.apache.http.wire - http-outgoing-21 >> "Host: localhost:34550[\r][\n]"
12:52:30.639 [Forwarding clickElement on session e65b40f51ec0f04df17888dd60708d2e to remote] DEBUG org.apache.http.wire - http-outgoing-21 >> "Connection: Keep-Alive[\r][\n]"
12:52:30.639 [Forwarding clickElement on session e65b40f51ec0f04df17888dd60708d2e to remote] DEBUG org.apache.http.wire - http-outgoing-21 >> "User-Agent: Apache-HttpClient/4.5.3 (Java/1.8.0_211)[\r][\n]"
12:52:30.639 [Forwarding clickElement on session e65b40f51ec0f04df17888dd60708d2e to remote] DEBUG org.apache.http.wire - http-outgoing-21 >> "Accept-Encoding: gzip,deflate[\r][\n]"
12:52:30.639 [Forwarding clickElement on session e65b40f51ec0f04df17888dd60708d2e to remote] DEBUG org.apache.http.wire - http-outgoing-21 >> "[\r][\n]"
12:52:30.639 [Forwarding clickElement on session e65b40f51ec0f04df17888dd60708d2e to remote] DEBUG org.apache.http.wire - http-outgoing-21 >> "{"id":"1a3440e9-9932-4bf8-8c40-37e538ae5be2"}"
12:52:30.662 [Forwarding clickElement on session e65b40f51ec0f04df17888dd60708d2e to remote] DEBUG org.apache.http.wire - http-outgoing-21 << "HTTP/1.1 200 OK[\r][\n]"
12:52:30.662 [Forwarding clickElement on session e65b40f51ec0f04df17888dd60708d2e to remote] DEBUG org.apache.http.wire - http-outgoing-21 << "Content-Length:14[\r][\n]"
12:52:30.662 [Forwarding clickElement on session e65b40f51ec0f04df17888dd60708d2e to remote] DEBUG org.apache.http.wire - http-outgoing-21 << "Content-Type:application/json; charset=utf-8[\r][\n]"
12:52:30.662 [Forwarding clickElement on session e65b40f51ec0f04df17888dd60708d2e to remote] DEBUG org.apache.http.wire - http-outgoing-21 << "cache-control:no-cache[\r][\n]"
12:52:30.662 [Forwarding clickElement on session e65b40f51ec0f04df17888dd60708d2e to remote] DEBUG org.apache.http.wire - http-outgoing-21 << "[\r][\n]"
12:52:30.662 [Forwarding clickElement on session e65b40f51ec0f04df17888dd60708d2e to remote] DEBUG org.apache.http.wire - http-outgoing-21 << "{"value":null}"
12:52:30.662 [Forwarding clickElement on session e65b40f51ec0f04df17888dd60708d2e to remote] DEBUG org.apache.http.headers - http-outgoing-21 << HTTP/1.1 200 OK
12:52:30.662 [Forwarding clickElement on session e65b40f51ec0f04df17888dd60708d2e to remote] DEBUG org.apache.http.headers - http-outgoing-21 << Content-Length:14
12:52:30.662 [Forwarding clickElement on session e65b40f51ec0f04df17888dd60708d2e to remote] DEBUG org.apache.http.headers - http-outgoing-21 << Content-Type:application/json; charset=utf-8
12:52:30.662 [Forwarding clickElement on session e65b40f51ec0f04df17888dd60708d2e to remote] DEBUG org.apache.http.headers - http-outgoing-21 << cache-control:no-cache
12:52:30.662 [Forwarding clickElement on session e65b40f51ec0f04df17888dd60708d2e to remote] DEBUG org.apache.http.impl.execchain.MainClientExec - Connection can be kept alive indefinitely
12:52:30.663 [Forwarding clickElement on session e65b40f51ec0f04df17888dd60708d2e to remote] DEBUG org.apache.http.impl.conn.PoolingHttpClientConnectionManager - Connection [id: 21][route: {}->http://localhost:34550] can be kept alive indefinitely
12:52:30.663 [Forwarding clickElement on session e65b40f51ec0f04df17888dd60708d2e to remote] DEBUG org.apache.http.impl.conn.PoolingHttpClientConnectionManager - Connection released: [id: 21][route: {}->http://localhost:34550][total kept alive: 4; route allocated: 1 of 2000; total allocated: 4 of 2000]
12:52:30.964 [Forwarding findElement on session e65b40f51ec0f04df17888dd60708d2e to remote] DEBUG org.apache.http.client.protocol.RequestAddCookies - CookieSpec selected: default
12:52:30.964 [Forwarding findElement on session e65b40f51ec0f04df17888dd60708d2e to remote] DEBUG org.apache.http.client.protocol.RequestAuthCache - Auth cache not set in the context
12:52:30.964 [Forwarding findElement on session e65b40f51ec0f04df17888dd60708d2e to remote] DEBUG org.apache.http.impl.conn.PoolingHttpClientConnectionManager - Connection request: [route: {}->http://localhost:34550][total kept alive: 4; route allocated: 1 of 2000; total allocated: 4 of 2000]
12:52:30.964 [Forwarding findElement on session e65b40f51ec0f04df17888dd60708d2e to remote] DEBUG org.apache.http.impl.conn.PoolingHttpClientConnectionManager - Connection leased: [id: 21][route: {}->http://localhost:34550][total kept alive: 3; route allocated: 1 of 2000; total allocated: 4 of 2000]
12:52:30.964 [Forwarding findElement on session e65b40f51ec0f04df17888dd60708d2e to remote] DEBUG org.apache.http.impl.execchain.MainClientExec - Stale connection check
12:52:30.966 [Forwarding findElement on session e65b40f51ec0f04df17888dd60708d2e to remote] DEBUG org.apache.http.wire - http-outgoing-21 << "[read] I/O error: Read timed out"
12:52:30.966 [Forwarding findElement on session e65b40f51ec0f04df17888dd60708d2e to remote] DEBUG org.apache.http.impl.conn.DefaultManagedHttpClientConnection - http-outgoing-21: set socket timeout to 10800000
12:52:30.966 [Forwarding findElement on session e65b40f51ec0f04df17888dd60708d2e to remote] DEBUG org.apache.http.impl.execchain.MainClientExec - Executing request POST /session/e65b40f51ec0f04df17888dd60708d2e/element HTTP/1.1
12:52:30.966 [Forwarding findElement on session e65b40f51ec0f04df17888dd60708d2e to remote] DEBUG org.apache.http.impl.execchain.MainClientExec - Target auth state: UNCHALLENGED
12:52:30.966 [Forwarding findElement on session e65b40f51ec0f04df17888dd60708d2e to remote] DEBUG org.apache.http.impl.execchain.MainClientExec - Proxy auth state: UNCHALLENGED
12:52:30.966 [Forwarding findElement on session e65b40f51ec0f04df17888dd60708d2e to remote] DEBUG org.apache.http.headers - http-outgoing-21 >> POST /session/e65b40f51ec0f04df17888dd60708d2e/element HTTP/1.1
12:52:30.966 [Forwarding findElement on session e65b40f51ec0f04df17888dd60708d2e to remote] DEBUG org.apache.http.headers - http-outgoing-21 >> Content-Type: application/json; charset=utf-8
12:52:30.966 [Forwarding findElement on session e65b40f51ec0f04df17888dd60708d2e to remote] DEBUG org.apache.http.headers - http-outgoing-21 >> Content-Length: 71
12:52:30.966 [Forwarding findElement on session e65b40f51ec0f04df17888dd60708d2e to remote] DEBUG org.apache.http.headers - http-outgoing-21 >> Host: localhost:34550
12:52:30.966 [Forwarding findElement on session e65b40f51ec0f04df17888dd60708d2e to remote] DEBUG org.apache.http.headers - http-outgoing-21 >> Connection: Keep-Alive
12:52:30.966 [Forwarding findElement on session e65b40f51ec0f04df17888dd60708d2e to remote] DEBUG org.apache.http.headers - http-outgoing-21 >> User-Agent: Apache-HttpClient/4.5.3 (Java/1.8.0_211)
12:52:30.966 [Forwarding findElement on session e65b40f51ec0f04df17888dd60708d2e to remote] DEBUG org.apache.http.headers - http-outgoing-21 >> Accept-Encoding: gzip,deflate
12:52:30.966 [Forwarding findElement on session e65b40f51ec0f04df17888dd60708d2e to remote] DEBUG org.apache.http.wire - http-outgoing-21 >> "POST /session/e65b40f51ec0f04df17888dd60708d2e/element HTTP/1.1[\r][\n]"
12:52:30.966 [Forwarding findElement on session e65b40f51ec0f04df17888dd60708d2e to remote] DEBUG org.apache.http.wire - http-outgoing-21 >> "Content-Type: application/json; charset=utf-8[\r][\n]"
12:52:30.966 [Forwarding findElement on session e65b40f51ec0f04df17888dd60708d2e to remote] DEBUG org.apache.http.wire - http-outgoing-21 >> "Content-Length: 71[\r][\n]"
12:52:30.966 [Forwarding findElement on session e65b40f51ec0f04df17888dd60708d2e to remote] DEBUG org.apache.http.wire - http-outgoing-21 >> "Host: localhost:34550[\r][\n]"
12:52:30.966 [Forwarding findElement on session e65b40f51ec0f04df17888dd60708d2e to remote] DEBUG org.apache.http.wire - http-outgoing-21 >> "Connection: Keep-Alive[\r][\n]"
12:52:30.966 [Forwarding findElement on session e65b40f51ec0f04df17888dd60708d2e to remote] DEBUG org.apache.http.wire - http-outgoing-21 >> "User-Agent: Apache-HttpClient/4.5.3 (Java/1.8.0_211)[\r][\n]"
12:52:30.966 [Forwarding findElement on session e65b40f51ec0f04df17888dd60708d2e to remote] DEBUG org.apache.http.wire - http-outgoing-21 >> "Accept-Encoding: gzip,deflate[\r][\n]"
12:52:30.966 [Forwarding findElement on session e65b40f51ec0f04df17888dd60708d2e to remote] DEBUG org.apache.http.wire - http-outgoing-21 >> "[\r][\n]"
12:52:30.966 [Forwarding findElement on session e65b40f51ec0f04df17888dd60708d2e to remote] DEBUG org.apache.http.wire - http-outgoing-21 >> "{"value":".sweet-alert > div.text-muted > span","using":"css selector"}"
12:52:40.998 [Forwarding findElement on session e65b40f51ec0f04df17888dd60708d2e to remote] DEBUG org.apache.http.wire - http-outgoing-21 << "HTTP/1.1 404 Not Found[\r][\n]"
12:52:40.998 [Forwarding findElement on session e65b40f51ec0f04df17888dd60708d2e to remote] DEBUG org.apache.http.wire - http-outgoing-21 << "Content-Length:1877[\r][\n]"
12:52:40.998 [Forwarding findElement on session e65b40f51ec0f04df17888dd60708d2e to remote] DEBUG org.apache.http.wire - http-outgoing-21 << "Content-Type:application/json; charset=utf-8[\r][\n]"
12:52:40.998 [Forwarding findElement on session e65b40f51ec0f04df17888dd60708d2e to remote] DEBUG org.apache.http.wire - http-outgoing-21 << "cache-control:no-cache[\r][\n]"
12:52:40.998 [Forwarding findElement on session e65b40f51ec0f04df17888dd60708d2e to remote] DEBUG org.apache.http.wire - http-outgoing-21 << "[\r][\n]"
12:52:40.998 [Forwarding findElement on session e65b40f51ec0f04df17888dd60708d2e to remote] DEBUG org.apache.http.wire - http-outgoing-21 << "{"value":{"error":"no such element","message":"no such element: Unable to locate element: {\"method\":\"css selector\",\"selector\":\".sweet-alert > div.text-muted > span\"}\n  (Session info: chrome=80.0.3987.149)","stacktrace":"0   chromedriver                        0x000000010b16e329 chromedriver + 3838761\n1   chromedriver                        0x000000010b108123 chromedriver + 3420451\n2   chromedriver                        0x000000010ae7c62f chromedriver + 751151\n3   chromedriver                        0x000000010adea081 chromedriver + 151681\n4   chromedriver                        0x000000010ae15297 chromedriver + 328343\n5   chromedriver                        0x000000010ae064ed chromedriver + 267501\n6   chromedriver                        0x000000010ae1338b chromedriver + 320395\n7   chromedriver                        0x000000010ae067b3 chromedriver + 268211\n8   chromedriver                        0x000000010ade00bd chromedriver + 110781\n9   chromedriver                        0x000000010ade1055 chromedriver + 114773\n10  chromedriver                        0x000000010b12febf chromedriver + 3583679\n11  chromedriver                        0x000000010b13ce4a chromedriver + 3636810\n12  chromedriver                        0x000000010b13cbe7 chromedriver + 3636199\n13  chromedriver                        0x000000010b113839 chromedriver + 3467321\n14  chromedriver                        0x000000010b13d707 chromedriver + 3639047\n15  chromedriver                        0x000000010b125cc7 chromedriver + 3542215\n16  chromedriver                        0x000000010b153324 chromedriver + 3728164\n17  chromedriver                        0x000000010b174387 chromedriver + 3863431\n18  libsystem_pthread.dylib             0x00007fff6e23ee65 _pthread_start + 148\n19  libsystem_pthread.dylib             0x00007fff6e23a83b thread_start + 15\n"}}"
12:52:40.998 [Forwarding findElement on session e65b40f51ec0f04df17888dd60708d2e to remote] DEBUG org.apache.http.headers - http-outgoing-21 << HTTP/1.1 404 Not Found
12:52:40.999 [Forwarding findElement on session e65b40f51ec0f04df17888dd60708d2e to remote] DEBUG org.apache.http.headers - http-outgoing-21 << Content-Length:1877
12:52:40.999 [Forwarding findElement on session e65b40f51ec0f04df17888dd60708d2e to remote] DEBUG org.apache.http.headers - http-outgoing-21 << Content-Type:application/json; charset=utf-8
12:52:40.999 [Forwarding findElement on session e65b40f51ec0f04df17888dd60708d2e to remote] DEBUG org.apache.http.headers - http-outgoing-21 << cache-control:no-cache
12:52:40.999 [Forwarding findElement on session e65b40f51ec0f04df17888dd60708d2e to remote] DEBUG org.apache.http.impl.execchain.MainClientExec - Connection can be kept alive indefinitely
12:52:40.999 [Forwarding findElement on session e65b40f51ec0f04df17888dd60708d2e to remote] DEBUG org.apache.http.impl.conn.PoolingHttpClientConnectionManager - Connection [id: 21][route: {}->http://localhost:34550] can be kept alive indefinitely
12:52:40.999 [Forwarding findElement on session e65b40f51ec0f04df17888dd60708d2e to remote] DEBUG org.apache.http.impl.conn.PoolingHttpClientConnectionManager - Connection released: [id: 21][route: {}->http://localhost:34550][total kept alive: 4; route allocated: 1 of 2000; total allocated: 4 of 2000]
LOGIN
12:52:41.000 [Forwarding setCurrentWindowSize on session e65b40f51ec0f04df17888dd60708d2e to remote] DEBUG org.apache.http.client.protocol.RequestAddCookies - CookieSpec selected: default
12:52:41.000 [Forwarding setCurrentWindowSize on session e65b40f51ec0f04df17888dd60708d2e to remote] DEBUG org.apache.http.client.protocol.RequestAuthCache - Auth cache not set in the context
12:52:41.000 [Forwarding setCurrentWindowSize on session e65b40f51ec0f04df17888dd60708d2e to remote] DEBUG org.apache.http.impl.conn.PoolingHttpClientConnectionManager - Connection request: [route: {}->http://localhost:34550][total kept alive: 4; route allocated: 1 of 2000; total allocated: 4 of 2000]
12:52:41.000 [Forwarding setCurrentWindowSize on session e65b40f51ec0f04df17888dd60708d2e to remote] DEBUG org.apache.http.impl.conn.PoolingHttpClientConnectionManager - Connection leased: [id: 21][route: {}->http://localhost:34550][total kept alive: 3; route allocated: 1 of 2000; total allocated: 4 of 2000]
12:52:41.000 [Forwarding setCurrentWindowSize on session e65b40f51ec0f04df17888dd60708d2e to remote] DEBUG org.apache.http.impl.execchain.MainClientExec - Stale connection check
12:52:41.001 [Forwarding setCurrentWindowSize on session e65b40f51ec0f04df17888dd60708d2e to remote] DEBUG org.apache.http.wire - http-outgoing-21 << "[read] I/O error: Read timed out"
12:52:41.001 [Forwarding setCurrentWindowSize on session e65b40f51ec0f04df17888dd60708d2e to remote] DEBUG org.apache.http.impl.conn.DefaultManagedHttpClientConnection - http-outgoing-21: set socket timeout to 10800000
12:52:41.001 [Forwarding setCurrentWindowSize on session e65b40f51ec0f04df17888dd60708d2e to remote] DEBUG org.apache.http.impl.execchain.MainClientExec - Executing request POST /session/e65b40f51ec0f04df17888dd60708d2e/window/rect HTTP/1.1
12:52:41.001 [Forwarding setCurrentWindowSize on session e65b40f51ec0f04df17888dd60708d2e to remote] DEBUG org.apache.http.impl.execchain.MainClientExec - Target auth state: UNCHALLENGED
12:52:41.001 [Forwarding setCurrentWindowSize on session e65b40f51ec0f04df17888dd60708d2e to remote] DEBUG org.apache.http.impl.execchain.MainClientExec - Proxy auth state: UNCHALLENGED
12:52:41.001 [Forwarding setCurrentWindowSize on session e65b40f51ec0f04df17888dd60708d2e to remote] DEBUG org.apache.http.headers - http-outgoing-21 >> POST /session/e65b40f51ec0f04df17888dd60708d2e/window/rect HTTP/1.1
12:52:41.001 [Forwarding setCurrentWindowSize on session e65b40f51ec0f04df17888dd60708d2e to remote] DEBUG org.apache.http.headers - http-outgoing-21 >> Content-Type: application/json; charset=utf-8
12:52:41.001 [Forwarding setCurrentWindowSize on session e65b40f51ec0f04df17888dd60708d2e to remote] DEBUG org.apache.http.headers - http-outgoing-21 >> Content-Length: 28
12:52:41.001 [Forwarding setCurrentWindowSize on session e65b40f51ec0f04df17888dd60708d2e to remote] DEBUG org.apache.http.headers - http-outgoing-21 >> Host: localhost:34550
12:52:41.001 [Forwarding setCurrentWindowSize on session e65b40f51ec0f04df17888dd60708d2e to remote] DEBUG org.apache.http.headers - http-outgoing-21 >> Connection: Keep-Alive
12:52:41.001 [Forwarding setCurrentWindowSize on session e65b40f51ec0f04df17888dd60708d2e to remote] DEBUG org.apache.http.headers - http-outgoing-21 >> User-Agent: Apache-HttpClient/4.5.3 (Java/1.8.0_211)
12:52:41.001 [Forwarding setCurrentWindowSize on session e65b40f51ec0f04df17888dd60708d2e to remote] DEBUG org.apache.http.headers - http-outgoing-21 >> Accept-Encoding: gzip,deflate
12:52:41.001 [Forwarding setCurrentWindowSize on session e65b40f51ec0f04df17888dd60708d2e to remote] DEBUG org.apache.http.wire - http-outgoing-21 >> "POST /session/e65b40f51ec0f04df17888dd60708d2e/window/rect HTTP/1.1[\r][\n]"
12:52:41.001 [Forwarding setCurrentWindowSize on session e65b40f51ec0f04df17888dd60708d2e to remote] DEBUG org.apache.http.wire - http-outgoing-21 >> "Content-Type: application/json; charset=utf-8[\r][\n]"
12:52:41.001 [Forwarding setCurrentWindowSize on session e65b40f51ec0f04df17888dd60708d2e to remote] DEBUG org.apache.http.wire - http-outgoing-21 >> "Content-Length: 28[\r][\n]"
12:52:41.001 [Forwarding setCurrentWindowSize on session e65b40f51ec0f04df17888dd60708d2e to remote] DEBUG org.apache.http.wire - http-outgoing-21 >> "Host: localhost:34550[\r][\n]"
12:52:41.001 [Forwarding setCurrentWindowSize on session e65b40f51ec0f04df17888dd60708d2e to remote] DEBUG org.apache.http.wire - http-outgoing-21 >> "Connection: Keep-Alive[\r][\n]"
12:52:41.001 [Forwarding setCurrentWindowSize on session e65b40f51ec0f04df17888dd60708d2e to remote] DEBUG org.apache.http.wire - http-outgoing-21 >> "User-Agent: Apache-HttpClient/4.5.3 (Java/1.8.0_211)[\r][\n]"
12:52:41.001 [Forwarding setCurrentWindowSize on session e65b40f51ec0f04df17888dd60708d2e to remote] DEBUG org.apache.http.wire - http-outgoing-21 >> "Accept-Encoding: gzip,deflate[\r][\n]"
12:52:41.001 [Forwarding setCurrentWindowSize on session e65b40f51ec0f04df17888dd60708d2e to remote] DEBUG org.apache.http.wire - http-outgoing-21 >> "[\r][\n]"
12:52:41.001 [Forwarding setCurrentWindowSize on session e65b40f51ec0f04df17888dd60708d2e to remote] DEBUG org.apache.http.wire - http-outgoing-21 >> "{"width":2560,"height":1440}"
12:52:41.103 [Forwarding setCurrentWindowSize on session e65b40f51ec0f04df17888dd60708d2e to remote] DEBUG org.apache.http.wire - http-outgoing-21 << "HTTP/1.1 200 OK[\r][\n]"
12:52:41.103 [Forwarding setCurrentWindowSize on session e65b40f51ec0f04df17888dd60708d2e to remote] DEBUG org.apache.http.wire - http-outgoing-21 << "Content-Length:52[\r][\n]"
12:52:41.103 [Forwarding setCurrentWindowSize on session e65b40f51ec0f04df17888dd60708d2e to remote] DEBUG org.apache.http.wire - http-outgoing-21 << "Content-Type:application/json; charset=utf-8[\r][\n]"
12:52:41.103 [Forwarding setCurrentWindowSize on session e65b40f51ec0f04df17888dd60708d2e to remote] DEBUG org.apache.http.wire - http-outgoing-21 << "cache-control:no-cache[\r][\n]"
12:52:41.103 [Forwarding setCurrentWindowSize on session e65b40f51ec0f04df17888dd60708d2e to remote] DEBUG org.apache.http.wire - http-outgoing-21 << "[\r][\n]"
12:52:41.103 [Forwarding setCurrentWindowSize on session e65b40f51ec0f04df17888dd60708d2e to remote] DEBUG org.apache.http.wire - http-outgoing-21 << "{"value":{"height":1366,"width":2560,"x":22,"y":23}}"
12:52:41.103 [Forwarding setCurrentWindowSize on session e65b40f51ec0f04df17888dd60708d2e to remote] DEBUG org.apache.http.headers - http-outgoing-21 << HTTP/1.1 200 OK
12:52:41.103 [Forwarding setCurrentWindowSize on session e65b40f51ec0f04df17888dd60708d2e to remote] DEBUG org.apache.http.headers - http-outgoing-21 << Content-Length:52
12:52:41.103 [Forwarding setCurrentWindowSize on session e65b40f51ec0f04df17888dd60708d2e to remote] DEBUG org.apache.http.headers - http-outgoing-21 << Content-Type:application/json; charset=utf-8
12:52:41.103 [Forwarding setCurrentWindowSize on session e65b40f51ec0f04df17888dd60708d2e to remote] DEBUG org.apache.http.headers - http-outgoing-21 << cache-control:no-cache
12:52:41.103 [Forwarding setCurrentWindowSize on session e65b40f51ec0f04df17888dd60708d2e to remote] DEBUG org.apache.http.impl.execchain.MainClientExec - Connection can be kept alive indefinitely
12:52:41.103 [Forwarding setCurrentWindowSize on session e65b40f51ec0f04df17888dd60708d2e to remote] DEBUG org.apache.http.impl.conn.PoolingHttpClientConnectionManager - Connection [id: 21][route: {}->http://localhost:34550] can be kept alive indefinitely
12:52:41.103 [Forwarding setCurrentWindowSize on session e65b40f51ec0f04df17888dd60708d2e to remote] DEBUG org.apache.http.impl.conn.PoolingHttpClientConnectionManager - Connection released: [id: 21][route: {}->http://localhost:34550][total kept alive: 4; route allocated: 1 of 2000; total allocated: 4 of 2000]
12:52:41.306 [Forwarding findElement on session e65b40f51ec0f04df17888dd60708d2e to remote] DEBUG org.apache.http.client.protocol.RequestAddCookies - CookieSpec selected: default
12:52:41.306 [Forwarding findElement on session e65b40f51ec0f04df17888dd60708d2e to remote] DEBUG org.apache.http.client.protocol.RequestAuthCache - Auth cache not set in the context
12:52:41.306 [Forwarding findElement on session e65b40f51ec0f04df17888dd60708d2e to remote] DEBUG org.apache.http.impl.conn.PoolingHttpClientConnectionManager - Connection request: [route: {}->http://localhost:34550][total kept alive: 4; route allocated: 1 of 2000; total allocated: 4 of 2000]
12:52:41.306 [Forwarding findElement on session e65b40f51ec0f04df17888dd60708d2e to remote] DEBUG org.apache.http.impl.conn.PoolingHttpClientConnectionManager - Connection leased: [id: 21][route: {}->http://localhost:34550][total kept alive: 3; route allocated: 1 of 2000; total allocated: 4 of 2000]
12:52:41.306 [Forwarding findElement on session e65b40f51ec0f04df17888dd60708d2e to remote] DEBUG org.apache.http.impl.execchain.MainClientExec - Stale connection check
12:52:41.308 [Forwarding findElement on session e65b40f51ec0f04df17888dd60708d2e to remote] DEBUG org.apache.http.wire - http-outgoing-21 << "[read] I/O error: Read timed out"
12:52:41.308 [Forwarding findElement on session e65b40f51ec0f04df17888dd60708d2e to remote] DEBUG org.apache.http.impl.conn.DefaultManagedHttpClientConnection - http-outgoing-21: set socket timeout to 10800000
12:52:41.308 [Forwarding findElement on session e65b40f51ec0f04df17888dd60708d2e to remote] DEBUG org.apache.http.impl.execchain.MainClientExec - Executing request POST /session/e65b40f51ec0f04df17888dd60708d2e/element HTTP/1.1
12:52:41.308 [Forwarding findElement on session e65b40f51ec0f04df17888dd60708d2e to remote] DEBUG org.apache.http.impl.execchain.MainClientExec - Target auth state: UNCHALLENGED
12:52:41.308 [Forwarding findElement on session e65b40f51ec0f04df17888dd60708d2e to remote] DEBUG org.apache.http.impl.execchain.MainClientExec - Proxy auth state: UNCHALLENGED
12:52:41.308 [Forwarding findElement on session e65b40f51ec0f04df17888dd60708d2e to remote] DEBUG org.apache.http.headers - http-outgoing-21 >> POST /session/e65b40f51ec0f04df17888dd60708d2e/element HTTP/1.1
12:52:41.308 [Forwarding findElement on session e65b40f51ec0f04df17888dd60708d2e to remote] DEBUG org.apache.http.headers - http-outgoing-21 >> Content-Type: application/json; charset=utf-8
12:52:41.308 [Forwarding findElement on session e65b40f51ec0f04df17888dd60708d2e to remote] DEBUG org.apache.http.headers - http-outgoing-21 >> Content-Length: 58
12:52:41.308 [Forwarding findElement on session e65b40f51ec0f04df17888dd60708d2e to remote] DEBUG org.apache.http.headers - http-outgoing-21 >> Host: localhost:34550
12:52:41.308 [Forwarding findElement on session e65b40f51ec0f04df17888dd60708d2e to remote] DEBUG org.apache.http.headers - http-outgoing-21 >> Connection: Keep-Alive
12:52:41.308 [Forwarding findElement on session e65b40f51ec0f04df17888dd60708d2e to remote] DEBUG org.apache.http.headers - http-outgoing-21 >> User-Agent: Apache-HttpClient/4.5.3 (Java/1.8.0_211)
12:52:41.308 [Forwarding findElement on session e65b40f51ec0f04df17888dd60708d2e to remote] DEBUG org.apache.http.headers - http-outgoing-21 >> Accept-Encoding: gzip,deflate
12:52:41.308 [Forwarding findElement on session e65b40f51ec0f04df17888dd60708d2e to remote] DEBUG org.apache.http.wire - http-outgoing-21 >> "POST /session/e65b40f51ec0f04df17888dd60708d2e/element HTTP/1.1[\r][\n]"
12:52:41.308 [Forwarding findElement on session e65b40f51ec0f04df17888dd60708d2e to remote] DEBUG org.apache.http.wire - http-outgoing-21 >> "Content-Type: application/json; charset=utf-8[\r][\n]"
12:52:41.308 [Forwarding findElement on session e65b40f51ec0f04df17888dd60708d2e to remote] DEBUG org.apache.http.wire - http-outgoing-21 >> "Content-Length: 58[\r][\n]"
12:52:41.308 [Forwarding findElement on session e65b40f51ec0f04df17888dd60708d2e to remote] DEBUG org.apache.http.wire - http-outgoing-21 >> "Host: localhost:34550[\r][\n]"
12:52:41.308 [Forwarding findElement on session e65b40f51ec0f04df17888dd60708d2e to remote] DEBUG org.apache.http.wire - http-outgoing-21 >> "Connection: Keep-Alive[\r][\n]"
12:52:41.308 [Forwarding findElement on session e65b40f51ec0f04df17888dd60708d2e to remote] DEBUG org.apache.http.wire - http-outgoing-21 >> "User-Agent: Apache-HttpClient/4.5.3 (Java/1.8.0_211)[\r][\n]"
12:52:41.308 [Forwarding findElement on session e65b40f51ec0f04df17888dd60708d2e to remote] DEBUG org.apache.http.wire - http-outgoing-21 >> "Accept-Encoding: gzip,deflate[\r][\n]"
12:52:41.308 [Forwarding findElement on session e65b40f51ec0f04df17888dd60708d2e to remote] DEBUG org.apache.http.wire - http-outgoing-21 >> "[\r][\n]"
12:52:41.308 [Forwarding findElement on session e65b40f51ec0f04df17888dd60708d2e to remote] DEBUG org.apache.http.wire - http-outgoing-21 >> "{"value":".dropdown-toggle > span","using":"css selector"}"
12:52:41.313 [Forwarding findElement on session e65b40f51ec0f04df17888dd60708d2e to remote] DEBUG org.apache.http.wire - http-outgoing-21 << "HTTP/1.1 200 OK[\r][\n]"
12:52:41.313 [Forwarding findElement on session e65b40f51ec0f04df17888dd60708d2e to remote] DEBUG org.apache.http.wire - http-outgoing-21 << "Content-Length:88[\r][\n]"
12:52:41.313 [Forwarding findElement on session e65b40f51ec0f04df17888dd60708d2e to remote] DEBUG org.apache.http.wire - http-outgoing-21 << "Content-Type:application/json; charset=utf-8[\r][\n]"
12:52:41.313 [Forwarding findElement on session e65b40f51ec0f04df17888dd60708d2e to remote] DEBUG org.apache.http.wire - http-outgoing-21 << "cache-control:no-cache[\r][\n]"
12:52:41.313 [Forwarding findElement on session e65b40f51ec0f04df17888dd60708d2e to remote] DEBUG org.apache.http.wire - http-outgoing-21 << "[\r][\n]"
12:52:41.313 [Forwarding findElement on session e65b40f51ec0f04df17888dd60708d2e to remote] DEBUG org.apache.http.wire - http-outgoing-21 << "{"value":{"element-6066-11e4-a52e-4f735466cecf":"8efba3d1-6518-4ac9-9079-a51ede385ea2"}}"
12:52:41.313 [Forwarding findElement on session e65b40f51ec0f04df17888dd60708d2e to remote] DEBUG org.apache.http.headers - http-outgoing-21 << HTTP/1.1 200 OK
12:52:41.313 [Forwarding findElement on session e65b40f51ec0f04df17888dd60708d2e to remote] DEBUG org.apache.http.headers - http-outgoing-21 << Content-Length:88
12:52:41.313 [Forwarding findElement on session e65b40f51ec0f04df17888dd60708d2e to remote] DEBUG org.apache.http.headers - http-outgoing-21 << Content-Type:application/json; charset=utf-8
12:52:41.313 [Forwarding findElement on session e65b40f51ec0f04df17888dd60708d2e to remote] DEBUG org.apache.http.headers - http-outgoing-21 << cache-control:no-cache
12:52:41.313 [Forwarding findElement on session e65b40f51ec0f04df17888dd60708d2e to remote] DEBUG org.apache.http.impl.execchain.MainClientExec - Connection can be kept alive indefinitely
12:52:41.313 [Forwarding findElement on session e65b40f51ec0f04df17888dd60708d2e to remote] DEBUG org.apache.http.impl.conn.PoolingHttpClientConnectionManager - Connection [id: 21][route: {}->http://localhost:34550] can be kept alive indefinitely
12:52:41.313 [Forwarding findElement on session e65b40f51ec0f04df17888dd60708d2e to remote] DEBUG org.apache.http.impl.conn.PoolingHttpClientConnectionManager - Connection released: [id: 21][route: {}->http://localhost:34550][total kept alive: 4; route allocated: 1 of 2000; total allocated: 4 of 2000]
12:52:41.314 [Forwarding actions on session e65b40f51ec0f04df17888dd60708d2e to remote] DEBUG org.apache.http.client.protocol.RequestAddCookies - CookieSpec selected: default
12:52:41.314 [Forwarding actions on session e65b40f51ec0f04df17888dd60708d2e to remote] DEBUG org.apache.http.client.protocol.RequestAuthCache - Auth cache not set in the context
12:52:41.314 [Forwarding actions on session e65b40f51ec0f04df17888dd60708d2e to remote] DEBUG org.apache.http.impl.conn.PoolingHttpClientConnectionManager - Connection request: [route: {}->http://localhost:34550][total kept alive: 4; route allocated: 1 of 2000; total allocated: 4 of 2000]
12:52:41.314 [Forwarding actions on session e65b40f51ec0f04df17888dd60708d2e to remote] DEBUG org.apache.http.impl.conn.PoolingHttpClientConnectionManager - Connection leased: [id: 21][route: {}->http://localhost:34550][total kept alive: 3; route allocated: 1 of 2000; total allocated: 4 of 2000]
12:52:41.314 [Forwarding actions on session e65b40f51ec0f04df17888dd60708d2e to remote] DEBUG org.apache.http.impl.execchain.MainClientExec - Stale connection check
12:52:41.315 [Forwarding actions on session e65b40f51ec0f04df17888dd60708d2e to remote] DEBUG org.apache.http.wire - http-outgoing-21 << "[read] I/O error: Read timed out"
12:52:41.315 [Forwarding actions on session e65b40f51ec0f04df17888dd60708d2e to remote] DEBUG org.apache.http.impl.conn.DefaultManagedHttpClientConnection - http-outgoing-21: set socket timeout to 10800000
12:52:41.315 [Forwarding actions on session e65b40f51ec0f04df17888dd60708d2e to remote] DEBUG org.apache.http.impl.execchain.MainClientExec - Executing request POST /session/e65b40f51ec0f04df17888dd60708d2e/actions HTTP/1.1
12:52:41.315 [Forwarding actions on session e65b40f51ec0f04df17888dd60708d2e to remote] DEBUG org.apache.http.impl.execchain.MainClientExec - Target auth state: UNCHALLENGED
12:52:41.315 [Forwarding actions on session e65b40f51ec0f04df17888dd60708d2e to remote] DEBUG org.apache.http.impl.execchain.MainClientExec - Proxy auth state: UNCHALLENGED
12:52:41.315 [Forwarding actions on session e65b40f51ec0f04df17888dd60708d2e to remote] DEBUG org.apache.http.headers - http-outgoing-21 >> POST /session/e65b40f51ec0f04df17888dd60708d2e/actions HTTP/1.1
12:52:41.315 [Forwarding actions on session e65b40f51ec0f04df17888dd60708d2e to remote] DEBUG org.apache.http.headers - http-outgoing-21 >> Content-Type: application/json; charset=utf-8
12:52:41.315 [Forwarding actions on session e65b40f51ec0f04df17888dd60708d2e to remote] DEBUG org.apache.http.headers - http-outgoing-21 >> Content-Length: 289
12:52:41.315 [Forwarding actions on session e65b40f51ec0f04df17888dd60708d2e to remote] DEBUG org.apache.http.headers - http-outgoing-21 >> Host: localhost:34550
12:52:41.315 [Forwarding actions on session e65b40f51ec0f04df17888dd60708d2e to remote] DEBUG org.apache.http.headers - http-outgoing-21 >> Connection: Keep-Alive
12:52:41.315 [Forwarding actions on session e65b40f51ec0f04df17888dd60708d2e to remote] DEBUG org.apache.http.headers - http-outgoing-21 >> User-Agent: Apache-HttpClient/4.5.3 (Java/1.8.0_211)
12:52:41.315 [Forwarding actions on session e65b40f51ec0f04df17888dd60708d2e to remote] DEBUG org.apache.http.headers - http-outgoing-21 >> Accept-Encoding: gzip,deflate
12:52:41.315 [Forwarding actions on session e65b40f51ec0f04df17888dd60708d2e to remote] DEBUG org.apache.http.wire - http-outgoing-21 >> "POST /session/e65b40f51ec0f04df17888dd60708d2e/actions HTTP/1.1[\r][\n]"
12:52:41.315 [Forwarding actions on session e65b40f51ec0f04df17888dd60708d2e to remote] DEBUG org.apache.http.wire - http-outgoing-21 >> "Content-Type: application/json; charset=utf-8[\r][\n]"
12:52:41.315 [Forwarding actions on session e65b40f51ec0f04df17888dd60708d2e to remote] DEBUG org.apache.http.wire - http-outgoing-21 >> "Content-Length: 289[\r][\n]"
12:52:41.315 [Forwarding actions on session e65b40f51ec0f04df17888dd60708d2e to remote] DEBUG org.apache.http.wire - http-outgoing-21 >> "Host: localhost:34550[\r][\n]"
12:52:41.315 [Forwarding actions on session e65b40f51ec0f04df17888dd60708d2e to remote] DEBUG org.apache.http.wire - http-outgoing-21 >> "Connection: Keep-Alive[\r][\n]"
12:52:41.315 [Forwarding actions on session e65b40f51ec0f04df17888dd60708d2e to remote] DEBUG org.apache.http.wire - http-outgoing-21 >> "User-Agent: Apache-HttpClient/4.5.3 (Java/1.8.0_211)[\r][\n]"
12:52:41.315 [Forwarding actions on session e65b40f51ec0f04df17888dd60708d2e to remote] DEBUG org.apache.http.wire - http-outgoing-21 >> "Accept-Encoding: gzip,deflate[\r][\n]"
12:52:41.315 [Forwarding actions on session e65b40f51ec0f04df17888dd60708d2e to remote] DEBUG org.apache.http.wire - http-outgoing-21 >> "[\r][\n]"
12:52:41.315 [Forwarding actions on session e65b40f51ec0f04df17888dd60708d2e to remote] DEBUG org.apache.http.wire - http-outgoing-21 >> "{"actions":[{"id":"default mouse","type":"pointer","parameters":{"pointerType":"mouse"},"actions":[{"duration":100,"x":0,"y":0,"type":"pointerMove","origin":{"ELEMENT":"8efba3d1-6518-4ac9-9079-a51ede385ea2","element-6066-11e4-a52e-4f735466cecf":"8efba3d1-6518-4ac9-9079-a51ede385ea2"}}]}]}"
12:52:41.446 [Forwarding actions on session e65b40f51ec0f04df17888dd60708d2e to remote] DEBUG org.apache.http.wire - http-outgoing-21 << "HTTP/1.1 200 OK[\r][\n]"
12:52:41.446 [Forwarding actions on session e65b40f51ec0f04df17888dd60708d2e to remote] DEBUG org.apache.http.wire - http-outgoing-21 << "Content-Length:14[\r][\n]"
12:52:41.446 [Forwarding actions on session e65b40f51ec0f04df17888dd60708d2e to remote] DEBUG org.apache.http.wire - http-outgoing-21 << "Content-Type:application/json; charset=utf-8[\r][\n]"
12:52:41.446 [Forwarding actions on session e65b40f51ec0f04df17888dd60708d2e to remote] DEBUG org.apache.http.wire - http-outgoing-21 << "cache-control:no-cache[\r][\n]"
12:52:41.446 [Forwarding actions on session e65b40f51ec0f04df17888dd60708d2e to remote] DEBUG org.apache.http.wire - http-outgoing-21 << "[\r][\n]"
12:52:41.446 [Forwarding actions on session e65b40f51ec0f04df17888dd60708d2e to remote] DEBUG org.apache.http.wire - http-outgoing-21 << "{"value":null}"
12:52:41.446 [Forwarding actions on session e65b40f51ec0f04df17888dd60708d2e to remote] DEBUG org.apache.http.headers - http-outgoing-21 << HTTP/1.1 200 OK
12:52:41.446 [Forwarding actions on session e65b40f51ec0f04df17888dd60708d2e to remote] DEBUG org.apache.http.headers - http-outgoing-21 << Content-Length:14
12:52:41.446 [Forwarding actions on session e65b40f51ec0f04df17888dd60708d2e to remote] DEBUG org.apache.http.headers - http-outgoing-21 << Content-Type:application/json; charset=utf-8
12:52:41.446 [Forwarding actions on session e65b40f51ec0f04df17888dd60708d2e to remote] DEBUG org.apache.http.headers - http-outgoing-21 << cache-control:no-cache
12:52:41.446 [Forwarding actions on session e65b40f51ec0f04df17888dd60708d2e to remote] DEBUG org.apache.http.impl.execchain.MainClientExec - Connection can be kept alive indefinitely
12:52:41.446 [Forwarding actions on session e65b40f51ec0f04df17888dd60708d2e to remote] DEBUG org.apache.http.impl.conn.PoolingHttpClientConnectionManager - Connection [id: 21][route: {}->http://localhost:34550] can be kept alive indefinitely
12:52:41.446 [Forwarding actions on session e65b40f51ec0f04df17888dd60708d2e to remote] DEBUG org.apache.http.impl.conn.PoolingHttpClientConnectionManager - Connection released: [id: 21][route: {}->http://localhost:34550][total kept alive: 4; route allocated: 1 of 2000; total allocated: 4 of 2000]
12:52:41.447 [Forwarding findElement on session e65b40f51ec0f04df17888dd60708d2e to remote] DEBUG org.apache.http.client.protocol.RequestAddCookies - CookieSpec selected: default
12:52:41.447 [Forwarding findElement on session e65b40f51ec0f04df17888dd60708d2e to remote] DEBUG org.apache.http.client.protocol.RequestAuthCache - Auth cache not set in the context
12:52:41.447 [Forwarding findElement on session e65b40f51ec0f04df17888dd60708d2e to remote] DEBUG org.apache.http.impl.conn.PoolingHttpClientConnectionManager - Connection request: [route: {}->http://localhost:34550][total kept alive: 4; route allocated: 1 of 2000; total allocated: 4 of 2000]
12:52:41.447 [Forwarding findElement on session e65b40f51ec0f04df17888dd60708d2e to remote] DEBUG org.apache.http.impl.conn.PoolingHttpClientConnectionManager - Connection leased: [id: 21][route: {}->http://localhost:34550][total kept alive: 3; route allocated: 1 of 2000; total allocated: 4 of 2000]
12:52:41.447 [Forwarding findElement on session e65b40f51ec0f04df17888dd60708d2e to remote] DEBUG org.apache.http.impl.execchain.MainClientExec - Stale connection check
12:52:41.448 [Forwarding findElement on session e65b40f51ec0f04df17888dd60708d2e to remote] DEBUG org.apache.http.wire - http-outgoing-21 << "[read] I/O error: Read timed out"
12:52:41.448 [Forwarding findElement on session e65b40f51ec0f04df17888dd60708d2e to remote] DEBUG org.apache.http.impl.conn.DefaultManagedHttpClientConnection - http-outgoing-21: set socket timeout to 10800000
12:52:41.448 [Forwarding findElement on session e65b40f51ec0f04df17888dd60708d2e to remote] DEBUG org.apache.http.impl.execchain.MainClientExec - Executing request POST /session/e65b40f51ec0f04df17888dd60708d2e/element HTTP/1.1
12:52:41.448 [Forwarding findElement on session e65b40f51ec0f04df17888dd60708d2e to remote] DEBUG org.apache.http.impl.execchain.MainClientExec - Target auth state: UNCHALLENGED
12:52:41.448 [Forwarding findElement on session e65b40f51ec0f04df17888dd60708d2e to remote] DEBUG org.apache.http.impl.execchain.MainClientExec - Proxy auth state: UNCHALLENGED
12:52:41.448 [Forwarding findElement on session e65b40f51ec0f04df17888dd60708d2e to remote] DEBUG org.apache.http.headers - http-outgoing-21 >> POST /session/e65b40f51ec0f04df17888dd60708d2e/element HTTP/1.1
12:52:41.448 [Forwarding findElement on session e65b40f51ec0f04df17888dd60708d2e to remote] DEBUG org.apache.http.headers - http-outgoing-21 >> Content-Type: application/json; charset=utf-8
12:52:41.448 [Forwarding findElement on session e65b40f51ec0f04df17888dd60708d2e to remote] DEBUG org.apache.http.headers - http-outgoing-21 >> Content-Length: 58
12:52:41.448 [Forwarding findElement on session e65b40f51ec0f04df17888dd60708d2e to remote] DEBUG org.apache.http.headers - http-outgoing-21 >> Host: localhost:34550
12:52:41.448 [Forwarding findElement on session e65b40f51ec0f04df17888dd60708d2e to remote] DEBUG org.apache.http.headers - http-outgoing-21 >> Connection: Keep-Alive
12:52:41.448 [Forwarding findElement on session e65b40f51ec0f04df17888dd60708d2e to remote] DEBUG org.apache.http.headers - http-outgoing-21 >> User-Agent: Apache-HttpClient/4.5.3 (Java/1.8.0_211)
12:52:41.448 [Forwarding findElement on session e65b40f51ec0f04df17888dd60708d2e to remote] DEBUG org.apache.http.headers - http-outgoing-21 >> Accept-Encoding: gzip,deflate
12:52:41.448 [Forwarding findElement on session e65b40f51ec0f04df17888dd60708d2e to remote] DEBUG org.apache.http.wire - http-outgoing-21 >> "POST /session/e65b40f51ec0f04df17888dd60708d2e/element HTTP/1.1[\r][\n]"
12:52:41.448 [Forwarding findElement on session e65b40f51ec0f04df17888dd60708d2e to remote] DEBUG org.apache.http.wire - http-outgoing-21 >> "Content-Type: application/json; charset=utf-8[\r][\n]"
12:52:41.448 [Forwarding findElement on session e65b40f51ec0f04df17888dd60708d2e to remote] DEBUG org.apache.http.wire - http-outgoing-21 >> "Content-Length: 58[\r][\n]"
12:52:41.448 [Forwarding findElement on session e65b40f51ec0f04df17888dd60708d2e to remote] DEBUG org.apache.http.wire - http-outgoing-21 >> "Host: localhost:34550[\r][\n]"
12:52:41.448 [Forwarding findElement on session e65b40f51ec0f04df17888dd60708d2e to remote] DEBUG org.apache.http.wire - http-outgoing-21 >> "Connection: Keep-Alive[\r][\n]"
12:52:41.448 [Forwarding findElement on session e65b40f51ec0f04df17888dd60708d2e to remote] DEBUG org.apache.http.wire - http-outgoing-21 >> "User-Agent: Apache-HttpClient/4.5.3 (Java/1.8.0_211)[\r][\n]"
12:52:41.448 [Forwarding findElement on session e65b40f51ec0f04df17888dd60708d2e to remote] DEBUG org.apache.http.wire - http-outgoing-21 >> "Accept-Encoding: gzip,deflate[\r][\n]"
12:52:41.448 [Forwarding findElement on session e65b40f51ec0f04df17888dd60708d2e to remote] DEBUG org.apache.http.wire - http-outgoing-21 >> "[\r][\n]"
12:52:41.448 [Forwarding findElement on session e65b40f51ec0f04df17888dd60708d2e to remote] DEBUG org.apache.http.wire - http-outgoing-21 >> "{"value":".px-2:nth-child(3) span","using":"css selector"}"
12:52:51.475 [Forwarding findElement on session e65b40f51ec0f04df17888dd60708d2e to remote] DEBUG org.apache.http.wire - http-outgoing-21 << "HTTP/1.1 404 Not Found[\r][\n]"
12:52:51.475 [Forwarding findElement on session e65b40f51ec0f04df17888dd60708d2e to remote] DEBUG org.apache.http.wire - http-outgoing-21 << "Content-Length:1864[\r][\n]"
12:52:51.475 [Forwarding findElement on session e65b40f51ec0f04df17888dd60708d2e to remote] DEBUG org.apache.http.wire - http-outgoing-21 << "Content-Type:application/json; charset=utf-8[\r][\n]"
12:52:51.475 [Forwarding findElement on session e65b40f51ec0f04df17888dd60708d2e to remote] DEBUG org.apache.http.wire - http-outgoing-21 << "cache-control:no-cache[\r][\n]"
12:52:51.475 [Forwarding findElement on session e65b40f51ec0f04df17888dd60708d2e to remote] DEBUG org.apache.http.wire - http-outgoing-21 << "[\r][\n]"
12:52:51.475 [Forwarding findElement on session e65b40f51ec0f04df17888dd60708d2e to remote] DEBUG org.apache.http.wire - http-outgoing-21 << "{"value":{"error":"no such element","message":"no such element: Unable to locate element: {\"method\":\"css selector\",\"selector\":\".px-2:nth-child(3) span\"}\n  (Session info: chrome=80.0.3987.149)","stacktrace":"0   chromedriver                        0x000000010b16e329 chromedriver + 3838761\n1   chromedriver                        0x000000010b108123 chromedriver + 3420451\n2   chromedriver                        0x000000010ae7c62f chromedriver + 751151\n3   chromedriver                        0x000000010adea081 chromedriver + 151681\n4   chromedriver                        0x000000010ae15297 chromedriver + 328343\n5   chromedriver                        0x000000010ae064ed chromedriver + 267501\n6   chromedriver                        0x000000010ae1338b chromedriver + 320395\n7   chromedriver                        0x000000010ae067b3 chromedriver + 268211\n8   chromedriver                        0x000000010ade00bd chromedriver + 110781\n9   chromedriver                        0x000000010ade1055 chromedriver + 114773\n10  chromedriver                        0x000000010b12febf chromedriver + 3583679\n11  chromedriver                        0x000000010b13ce4a chromedriver + 3636810\n12  chromedriver                        0x000000010b13cbe7 chromedriver + 3636199\n13  chromedriver                        0x000000010b113839 chromedriver + 3467321\n14  chromedriver                        0x000000010b13d707 chromedriver + 3639047\n15  chromedriver                        0x000000010b125cc7 chromedriver + 3542215\n16  chromedriver                        0x000000010b153324 chromedriver + 3728164\n17  chromedriver                        0x000000010b174387 chromedriver + 3863431\n18  libsystem_pthread.dylib             0x00007fff6e23ee65 _pthread_start + 148\n19  libsystem_pthread.dylib             0x00007fff6e23a83b thread_start + 15\n"}}"
12:52:51.475 [Forwarding findElement on session e65b40f51ec0f04df17888dd60708d2e to remote] DEBUG org.apache.http.headers - http-outgoing-21 << HTTP/1.1 404 Not Found
12:52:51.475 [Forwarding findElement on session e65b40f51ec0f04df17888dd60708d2e to remote] DEBUG org.apache.http.headers - http-outgoing-21 << Content-Length:1864
12:52:51.475 [Forwarding findElement on session e65b40f51ec0f04df17888dd60708d2e to remote] DEBUG org.apache.http.headers - http-outgoing-21 << Content-Type:application/json; charset=utf-8
12:52:51.475 [Forwarding findElement on session e65b40f51ec0f04df17888dd60708d2e to remote] DEBUG org.apache.http.headers - http-outgoing-21 << cache-control:no-cache
12:52:51.475 [Forwarding findElement on session e65b40f51ec0f04df17888dd60708d2e to remote] DEBUG org.apache.http.impl.execchain.MainClientExec - Connection can be kept alive indefinitely
12:52:51.475 [Forwarding findElement on session e65b40f51ec0f04df17888dd60708d2e to remote] DEBUG org.apache.http.impl.conn.PoolingHttpClientConnectionManager - Connection [id: 21][route: {}->http://localhost:34550] can be kept alive indefinitely
12:52:51.475 [Forwarding findElement on session e65b40f51ec0f04df17888dd60708d2e to remote] DEBUG org.apache.http.impl.conn.PoolingHttpClientConnectionManager - Connection released: [id: 21][route: {}->http://localhost:34550][total kept alive: 4; route allocated: 1 of 2000; total allocated: 4 of 2000]
]]></system-out>
  <system-err><![CDATA[Starting ChromeDriver 80.0.3987.106 (f68069574609230cf9b635cd784cfb1bf81bb53a-refs/branch-heads/3987@{#882}) on port 34550
Only local connections are allowed.
Please protect ports used by ChromeDriver and related test frameworks to prevent access by malicious code.
[1584679933.276][WARNING]: FromSockAddr failed on netmask
三月 20, 2020 12:52:13 下午 org.openqa.selenium.remote.ProtocolHandshake createSession
信息: Detected dialect: W3C
[1584679934.706][SEVERE]: Timed out receiving message from renderer: 0.100
[1584679934.807][SEVERE]: Timed out receiving message from renderer: 0.100
[1584679934.908][SEVERE]: Timed out receiving message from renderer: 0.100
[1584679935.017][SEVERE]: Timed out receiving message from renderer: 0.100
[1584679935.118][SEVERE]: Timed out receiving message from renderer: 0.100
[1584679935.218][SEVERE]: Timed out receiving message from renderer: 0.100
[1584679935.319][SEVERE]: Timed out receiving message from renderer: 0.100
[1584679935.420][SEVERE]: Timed out receiving message from renderer: 0.100
[1584679935.521][SEVERE]: Timed out receiving message from renderer: 0.100
[1584679935.621][SEVERE]: Timed out receiving message from renderer: 0.100
[1584679935.722][SEVERE]: Timed out receiving message from renderer: 0.100
[1584679935.823][SEVERE]: Timed out receiving message from renderer: 0.100
[1584679935.923][SEVERE]: Timed out receiving message from renderer: 0.100
[1584679936.025][SEVERE]: Timed out receiving message from renderer: 0.100
[1584679936.126][SEVERE]: Timed out receiving message from renderer: 0.100
[1584679936.260][SEVERE]: Timed out receiving message from renderer: 0.100
[1584679936.361][SEVERE]: Timed out receiving message from renderer: 0.100
[1584679936.461][SEVERE]: Timed out receiving message from renderer: 0.100
[1584679936.562][SEVERE]: Timed out receiving message from renderer: 0.100
[1584679936.662][SEVERE]: Timed out receiving message from renderer: 0.100
[1584679936.763][SEVERE]: Timed out receiving message from renderer: 0.100
[1584679936.864][SEVERE]: Timed out receiving message from renderer: 0.100
[1584679936.964][SEVERE]: Timed out receiving message from renderer: 0.100
[1584679937.065][SEVERE]: Timed out receiving message from renderer: 0.100
[1584679937.165][SEVERE]: Timed out receiving message from renderer: 0.100
[1584679937.470][SEVERE]: Timed out receiving message from renderer: 0.100
[1584679937.571][SEVERE]: Timed out receiving message from renderer: 0.100
[1584679937.671][SEVERE]: Timed out receiving message from renderer: 0.100
[1584679937.772][SEVERE]: Timed out receiving message from renderer: 0.100
[1584679937.872][SEVERE]: Timed out receiving message from renderer: 0.100
[1584679937.974][SEVERE]: Timed out receiving message from renderer: 0.100
[1584679938.074][SEVERE]: Timed out receiving message from renderer: 0.100
[1584679938.174][SEVERE]: Timed out receiving message from renderer: 0.100
[1584679938.364][SEVERE]: Timed out receiving message from renderer: 0.100
[1584679938.465][SEVERE]: Timed out receiving message from renderer: 0.100
[1584679938.565][SEVERE]: Timed out receiving message from renderer: 0.100
[1584679938.667][SEVERE]: Timed out receiving message from renderer: 0.100
[1584679938.767][SEVERE]: Timed out receiving message from renderer: 0.100
[1584679938.868][SEVERE]: Timed out receiving message from renderer: 0.100
[1584679939.011][SEVERE]: Timed out receiving message from renderer: 0.100
[1584679939.111][SEVERE]: Timed out receiving message from renderer: 0.100
[1584679939.212][SEVERE]: Timed out receiving message from renderer: 0.100
[1584679939.313][SEVERE]: Timed out receiving message from renderer: 0.100
[1584679939.414][SEVERE]: Timed out receiving message from renderer: 0.100
[1584679939.515][SEVERE]: Timed out receiving message from renderer: 0.100
[1584679939.615][SEVERE]: Timed out receiving message from renderer: 0.100
[1584679939.717][SEVERE]: Timed out receiving message from renderer: 0.100
[1584679939.818][SEVERE]: Timed out receiving message from renderer: 0.100
[1584679939.918][SEVERE]: Timed out receiving message from renderer: 0.100
[1584679940.074][SEVERE]: Timed out receiving message from renderer: 0.100
[1584679940.175][SEVERE]: Timed out receiving message from renderer: 0.100
[1584679940.275][SEVERE]: Timed out receiving message from renderer: 0.100
[1584679940.376][SEVERE]: Timed out receiving message from renderer: 0.100
[1584679940.477][SEVERE]: Timed out receiving message from renderer: 0.100
[1584679940.577][SEVERE]: Timed out receiving message from renderer: 0.100
[1584679940.678][SEVERE]: Timed out receiving message from renderer: 0.100
[1584679940.779][SEVERE]: Timed out receiving message from renderer: 0.100
[1584679940.880][SEVERE]: Timed out receiving message from renderer: 0.100
[1584679940.981][SEVERE]: Timed out receiving message from renderer: 0.100
[1584679941.081][SEVERE]: Timed out receiving message from renderer: 0.100
[1584679941.182][SEVERE]: Timed out receiving message from renderer: 0.100
[1584679941.315][SEVERE]: Timed out receiving message from renderer: 0.100
[1584679941.415][SEVERE]: Timed out receiving message from renderer: 0.100
[1584679941.515][SEVERE]: Timed out receiving message from renderer: 0.100
[1584679941.616][SEVERE]: Timed out receiving message from renderer: 0.100
[1584679941.716][SEVERE]: Timed out receiving message from renderer: 0.100
[1584679941.817][SEVERE]: Timed out receiving message from renderer: 0.100
[1584679941.918][SEVERE]: Timed out receiving message from renderer: 0.100
[1584679942.018][SEVERE]: Timed out receiving message from renderer: 0.100
[1584679942.119][SEVERE]: Timed out receiving message from renderer: 0.100
[1584679942.220][SEVERE]: Timed out receiving message from renderer: 0.100
[1584679942.324][SEVERE]: Timed out receiving message from renderer: 0.100
[1584679942.426][SEVERE]: Timed out receiving message from renderer: 0.100
[1584679942.527][SEVERE]: Timed out receiving message from renderer: 0.100
[1584679942.628][SEVERE]: Timed out receiving message from renderer: 0.100
[1584679942.728][SEVERE]: Timed out receiving message from renderer: 0.100
[1584679942.829][SEVERE]: Timed out receiving message from renderer: 0.100
[1584679942.929][SEVERE]: Timed out receiving message from renderer: 0.100
[1584679943.030][SEVERE]: Timed out receiving message from renderer: 0.100
[1584679943.131][SEVERE]: Timed out receiving message from renderer: 0.100
[1584679943.231][SEVERE]: Timed out receiving message from renderer: 0.100
[1584679943.332][SEVERE]: Timed out receiving message from renderer: 0.100
[1584679943.433][SEVERE]: Timed out receiving message from renderer: 0.100
[1584679943.534][SEVERE]: Timed out receiving message from renderer: 0.100
[1584679943.635][SEVERE]: Timed out receiving message from renderer: 0.100
[1584679943.735][SEVERE]: Timed out receiving message from renderer: 0.100
[1584679943.836][SEVERE]: Timed out receiving message from renderer: 0.100
[1584679943.937][SEVERE]: Timed out receiving message from renderer: 0.100
[1584679944.037][SEVERE]: Timed out receiving message from renderer: 0.100
[1584679944.138][SEVERE]: Timed out receiving message from renderer: 0.100
[1584679944.238][SEVERE]: Timed out receiving message from renderer: 0.100
[1584679944.339][SEVERE]: Timed out receiving message from renderer: 0.100
[1584679944.439][SEVERE]: Timed out receiving message from renderer: 0.100
[1584679944.540][SEVERE]: Timed out receiving message from renderer: 0.100
[1584679944.642][SEVERE]: Timed out receiving message from renderer: 0.100
[1584679944.745][SEVERE]: Timed out receiving message from renderer: 0.100
[1584679944.845][SEVERE]: Timed out receiving message from renderer: 0.100
[1584679944.946][SEVERE]: Timed out receiving message from renderer: 0.100
[1584679945.047][SEVERE]: Timed out receiving message from renderer: 0.100
[1584679945.148][SEVERE]: Timed out receiving message from renderer: 0.100
[1584679945.248][SEVERE]: Timed out receiving message from renderer: 0.100
[1584679945.349][SEVERE]: Timed out receiving message from renderer: 0.100
[1584679945.449][SEVERE]: Timed out receiving message from renderer: 0.100
[1584679945.550][SEVERE]: Timed out receiving message from renderer: 0.100
[1584679945.651][SEVERE]: Timed out receiving message from renderer: 0.100
[1584679945.751][SEVERE]: Timed out receiving message from renderer: 0.100
[1584679945.852][SEVERE]: Timed out receiving message from renderer: 0.100
[1584679945.952][SEVERE]: Timed out receiving message from renderer: 0.100
[1584679946.052][SEVERE]: Timed out receiving message from renderer: 0.100
]]></system-err>
</testsuite>
