<?xml version="1.0" encoding="UTF-8"?>
<testsuite name="tron.tronscan.tronscanUI.DemoTest" tests="1" skipped="0" failures="1" errors="0" timestamp="2020-03-20T04:51:49" hostname="zhukaideiMac.local" time="10.075">
  <properties/>
  <testcase name="test" classname="tron.tronscan.tronscanUI.DemoTest" time="10.075">
    <failure message="org.openqa.selenium.NoSuchElementException: no such element: Unable to locate element: {&quot;method&quot;:&quot;xpath&quot;,&quot;selector&quot;:&quot;//*[@id=&quot;root&quot;]/div[1]/div[1]/div/div[2]/div[2]/ul/li/div&quot;}&#10;  (Session info: chrome=80.0.3987.149)&#10;For documentation on this error, please visit: http://seleniumhq.org/exceptions/no_such_element.html&#10;Build info: version: '3.6.0', revision: '6fbf3ec767', time: '2017-09-27T15:28:36.4Z'&#10;System info: host: 'zhukaideiMac.local', ip: '127.0.0.1', os.name: 'Mac OS X', os.arch: 'x86_64', os.version: '10.15.3', java.version: '1.8.0_211'&#10;Driver info: org.openqa.selenium.chrome.ChromeDriver&#10;Capabilities [{networkConnectionEnabled=false, chrome={chromedriverVersion=80.0.3987.106 (f68069574609230cf9b635cd784cfb1bf81bb53a-refs/branch-heads/3987@{#882}), userDataDir=/var/folders/fs/0qxrqb5x7zg5dtqrhc9t0clm0000gn/T/.com.google.Chrome.Nptt79}, timeouts={implicit=0, pageLoad=300000, script=30000}, pageLoadStrategy=normal, unhandledPromptBehavior=dismiss and notify, strictFileInteractability=false, platform=MAC, proxy=Proxy(), goog:chromeOptions={debuggerAddress=localhost:60557}, acceptInsecureCerts=false, browserVersion=80.0.3987.149, browserName=chrome, javascriptEnabled=true, platformName=MAC, setWindowRect=true}]&#10;Session ID: 7ab28ba7ad2bb5d2430f1dc74aa2cf78&#10;*** Element info: {Using=xpath, value=//*[@id=&quot;root&quot;]/div[1]/div[1]/div/div[2]/div[2]/ul/li/div}" type="org.openqa.selenium.NoSuchElementException">org.openqa.selenium.NoSuchElementException: no such element: Unable to locate element: {&quot;method&quot;:&quot;xpath&quot;,&quot;selector&quot;:&quot;//*[@id=&quot;root&quot;]/div[1]/div[1]/div/div[2]/div[2]/ul/li/div&quot;}
  (Session info: chrome=80.0.3987.149)
For documentation on this error, please visit: http://seleniumhq.org/exceptions/no_such_element.html
Build info: version: '3.6.0', revision: '6fbf3ec767', time: '2017-09-27T15:28:36.4Z'
System info: host: 'zhukaideiMac.local', ip: '127.0.0.1', os.name: 'Mac OS X', os.arch: 'x86_64', os.version: '10.15.3', java.version: '1.8.0_211'
Driver info: org.openqa.selenium.chrome.ChromeDriver
Capabilities [{networkConnectionEnabled=false, chrome={chromedriverVersion=80.0.3987.106 (f68069574609230cf9b635cd784cfb1bf81bb53a-refs/branch-heads/3987@{#882}), userDataDir=/var/folders/fs/0qxrqb5x7zg5dtqrhc9t0clm0000gn/T/.com.google.Chrome.Nptt79}, timeouts={implicit=0, pageLoad=300000, script=30000}, pageLoadStrategy=normal, unhandledPromptBehavior=dismiss and notify, strictFileInteractability=false, platform=MAC, proxy=Proxy(), goog:chromeOptions={debuggerAddress=localhost:60557}, acceptInsecureCerts=false, browserVersion=80.0.3987.149, browserName=chrome, javascriptEnabled=true, platformName=MAC, setWindowRect=true}]
Session ID: 7ab28ba7ad2bb5d2430f1dc74aa2cf78
*** Element info: {Using=xpath, value=//*[@id=&quot;root&quot;]/div[1]/div[1]/div/div[2]/div[2]/ul/li/div}
	at sun.reflect.NativeConstructorAccessorImpl.newInstance0(Native Method)
	at sun.reflect.NativeConstructorAccessorImpl.newInstance(NativeConstructorAccessorImpl.java:62)
	at sun.reflect.DelegatingConstructorAccessorImpl.newInstance(DelegatingConstructorAccessorImpl.java:45)
	at java.lang.reflect.Constructor.newInstance(Constructor.java:423)
	at org.openqa.selenium.remote.http.W3CHttpResponseCodec.createException(W3CHttpResponseCodec.java:185)
	at org.openqa.selenium.remote.http.W3CHttpResponseCodec.decode(W3CHttpResponseCodec.java:120)
	at org.openqa.selenium.remote.http.W3CHttpResponseCodec.decode(W3CHttpResponseCodec.java:49)
	at org.openqa.selenium.remote.HttpCommandExecutor.execute(HttpCommandExecutor.java:164)
	at org.openqa.selenium.remote.service.DriverCommandExecutor.execute(DriverCommandExecutor.java:83)
	at org.openqa.selenium.remote.RemoteWebDriver.execute(RemoteWebDriver.java:586)
	at org.openqa.selenium.remote.RemoteWebDriver.findElement(RemoteWebDriver.java:356)
	at org.openqa.selenium.remote.RemoteWebDriver.findElementByXPath(RemoteWebDriver.java:458)
	at org.openqa.selenium.By$ByXPath.findElement(By.java:361)
	at org.openqa.selenium.remote.RemoteWebDriver.findElement(RemoteWebDriver.java:348)
	at tron.tronscan.tronscanUI.DemoTest.test(DemoTest.java:31)
	at sun.reflect.NativeMethodAccessorImpl.invoke0(Native Method)
	at sun.reflect.NativeMethodAccessorImpl.invoke(NativeMethodAccessorImpl.java:62)
	at sun.reflect.DelegatingMethodAccessorImpl.invoke(DelegatingMethodAccessorImpl.java:43)
	at java.lang.reflect.Method.invoke(Method.java:498)
	at org.testng.internal.MethodInvocationHelper.invokeMethod(MethodInvocationHelper.java:124)
	at org.testng.internal.Invoker.invokeMethod(Invoker.java:583)
	at org.testng.internal.Invoker.invokeTestMethod(Invoker.java:719)
	at org.testng.internal.Invoker.invokeTestMethods(Invoker.java:989)
	at org.testng.internal.TestMethodWorker.invokeTestMethods(TestMethodWorker.java:125)
	at org.testng.internal.TestMethodWorker.run(TestMethodWorker.java:109)
	at org.testng.TestRunner.privateRun(TestRunner.java:648)
	at org.testng.TestRunner.run(TestRunner.java:505)
	at org.testng.SuiteRunner.runTest(SuiteRunner.java:455)
	at org.testng.SuiteRunner.runSequentially(SuiteRunner.java:450)
	at org.testng.SuiteRunner.privateRun(SuiteRunner.java:415)
	at org.testng.SuiteRunner.run(SuiteRunner.java:364)
	at org.testng.SuiteRunnerWorker.runSuite(SuiteRunnerWorker.java:52)
	at org.testng.SuiteRunnerWorker.run(SuiteRunnerWorker.java:84)
	at org.testng.TestNG.runSuitesSequentially(TestNG.java:1208)
	at org.testng.TestNG.runSuitesLocally(TestNG.java:1137)
	at org.testng.TestNG.runSuites(TestNG.java:1049)
	at org.testng.TestNG.run(TestNG.java:1017)
	at org.gradle.api.internal.tasks.testing.testng.TestNGTestClassProcessor.runTests(TestNGTestClassProcessor.java:139)
	at org.gradle.api.internal.tasks.testing.testng.TestNGTestClassProcessor.stop(TestNGTestClassProcessor.java:89)
	at org.gradle.api.internal.tasks.testing.SuiteTestClassProcessor.stop(SuiteTestClassProcessor.java:61)
	at sun.reflect.NativeMethodAccessorImpl.invoke0(Native Method)
	at sun.reflect.NativeMethodAccessorImpl.invoke(NativeMethodAccessorImpl.java:62)
	at sun.reflect.DelegatingMethodAccessorImpl.invoke(DelegatingMethodAccessorImpl.java:43)
	at java.lang.reflect.Method.invoke(Method.java:498)
	at org.gradle.internal.dispatch.ReflectionDispatch.dispatch(ReflectionDispatch.java:35)
	at org.gradle.internal.dispatch.ReflectionDispatch.dispatch(ReflectionDispatch.java:24)
	at org.gradle.internal.dispatch.ContextClassLoaderDispatch.dispatch(ContextClassLoaderDispatch.java:32)
	at org.gradle.internal.dispatch.ProxyDispatchAdapter$DispatchingInvocationHandler.invoke(ProxyDispatchAdapter.java:93)
	at com.sun.proxy.$Proxy2.stop(Unknown Source)
	at org.gradle.api.internal.tasks.testing.worker.TestWorker.stop(TestWorker.java:131)
	at sun.reflect.NativeMethodAccessorImpl.invoke0(Native Method)
	at sun.reflect.NativeMethodAccessorImpl.invoke(NativeMethodAccessorImpl.java:62)
	at sun.reflect.DelegatingMethodAccessorImpl.invoke(DelegatingMethodAccessorImpl.java:43)
	at java.lang.reflect.Method.invoke(Method.java:498)
	at org.gradle.internal.dispatch.ReflectionDispatch.dispatch(ReflectionDispatch.java:35)
	at org.gradle.internal.dispatch.ReflectionDispatch.dispatch(ReflectionDispatch.java:24)
	at org.gradle.internal.remote.internal.hub.MessageHubBackedObjectConnection$DispatchWrapper.dispatch(MessageHubBackedObjectConnection.java:155)
	at org.gradle.internal.remote.internal.hub.MessageHubBackedObjectConnection$DispatchWrapper.dispatch(MessageHubBackedObjectConnection.java:137)
	at org.gradle.internal.remote.internal.hub.MessageHub$Handler.run(MessageHub.java:404)
	at org.gradle.internal.concurrent.ExecutorPolicy$CatchAndRecordFailures.onExecute(ExecutorPolicy.java:63)
	at org.gradle.internal.concurrent.ManagedExecutorImpl$1.run(ManagedExecutorImpl.java:46)
	at java.util.concurrent.ThreadPoolExecutor.runWorker(ThreadPoolExecutor.java:1149)
	at java.util.concurrent.ThreadPoolExecutor$Worker.run(ThreadPoolExecutor.java:624)
	at org.gradle.internal.concurrent.ThreadFactoryImpl$ManagedThreadRunnable.run(ThreadFactoryImpl.java:55)
	at java.lang.Thread.run(Thread.java:748)
</failure>
  </testcase>
  <system-out><![CDATA[12:51:45.765 [Forwarding newSession on session null to remote] DEBUG org.apache.http.client.protocol.RequestAddCookies - CookieSpec selected: default
12:51:45.765 [Forwarding newSession on session null to remote] DEBUG org.apache.http.client.protocol.RequestAuthCache - Auth cache not set in the context
12:51:45.765 [Forwarding newSession on session null to remote] DEBUG org.apache.http.impl.conn.PoolingHttpClientConnectionManager - Connection request: [route: {}->http://localhost:18375][total kept alive: 1; route allocated: 0 of 2000; total allocated: 1 of 2000]
12:51:45.765 [Forwarding newSession on session null to remote] DEBUG org.apache.http.impl.conn.PoolingHttpClientConnectionManager - Connection leased: [id: 19][route: {}->http://localhost:18375][total kept alive: 1; route allocated: 1 of 2000; total allocated: 2 of 2000]
12:51:45.765 [Forwarding newSession on session null to remote] DEBUG org.apache.http.impl.execchain.MainClientExec - Opening connection {}->http://localhost:18375
12:51:45.765 [Forwarding newSession on session null to remote] DEBUG org.apache.http.impl.conn.DefaultHttpClientConnectionOperator - Connecting to localhost/127.0.0.1:18375
12:51:45.765 [Forwarding newSession on session null to remote] DEBUG org.apache.http.impl.conn.DefaultHttpClientConnectionOperator - Connection established 127.0.0.1:60556<->127.0.0.1:18375
12:51:45.765 [Forwarding newSession on session null to remote] DEBUG org.apache.http.impl.conn.DefaultManagedHttpClientConnection - http-outgoing-19: set socket timeout to 10800000
12:51:45.765 [Forwarding newSession on session null to remote] DEBUG org.apache.http.impl.execchain.MainClientExec - Executing request POST /session HTTP/1.1
12:51:45.765 [Forwarding newSession on session null to remote] DEBUG org.apache.http.impl.execchain.MainClientExec - Target auth state: UNCHALLENGED
12:51:45.765 [Forwarding newSession on session null to remote] DEBUG org.apache.http.impl.execchain.MainClientExec - Proxy auth state: UNCHALLENGED
12:51:45.765 [Forwarding newSession on session null to remote] DEBUG org.apache.http.headers - http-outgoing-19 >> POST /session HTTP/1.1
12:51:45.765 [Forwarding newSession on session null to remote] DEBUG org.apache.http.headers - http-outgoing-19 >> Content-Type: application/json; charset=utf-8
12:51:45.765 [Forwarding newSession on session null to remote] DEBUG org.apache.http.headers - http-outgoing-19 >> Content-Length: 560
12:51:45.765 [Forwarding newSession on session null to remote] DEBUG org.apache.http.headers - http-outgoing-19 >> Host: localhost:18375
12:51:45.765 [Forwarding newSession on session null to remote] DEBUG org.apache.http.headers - http-outgoing-19 >> Connection: Keep-Alive
12:51:45.765 [Forwarding newSession on session null to remote] DEBUG org.apache.http.headers - http-outgoing-19 >> User-Agent: Apache-HttpClient/4.5.3 (Java/1.8.0_211)
12:51:45.765 [Forwarding newSession on session null to remote] DEBUG org.apache.http.headers - http-outgoing-19 >> Accept-Encoding: gzip,deflate
12:51:45.765 [Forwarding newSession on session null to remote] DEBUG org.apache.http.wire - http-outgoing-19 >> "POST /session HTTP/1.1[\r][\n]"
12:51:45.765 [Forwarding newSession on session null to remote] DEBUG org.apache.http.wire - http-outgoing-19 >> "Content-Type: application/json; charset=utf-8[\r][\n]"
12:51:45.765 [Forwarding newSession on session null to remote] DEBUG org.apache.http.wire - http-outgoing-19 >> "Content-Length: 560[\r][\n]"
12:51:45.765 [Forwarding newSession on session null to remote] DEBUG org.apache.http.wire - http-outgoing-19 >> "Host: localhost:18375[\r][\n]"
12:51:45.765 [Forwarding newSession on session null to remote] DEBUG org.apache.http.wire - http-outgoing-19 >> "Connection: Keep-Alive[\r][\n]"
12:51:45.765 [Forwarding newSession on session null to remote] DEBUG org.apache.http.wire - http-outgoing-19 >> "User-Agent: Apache-HttpClient/4.5.3 (Java/1.8.0_211)[\r][\n]"
12:51:45.765 [Forwarding newSession on session null to remote] DEBUG org.apache.http.wire - http-outgoing-19 >> "Accept-Encoding: gzip,deflate[\r][\n]"
12:51:45.765 [Forwarding newSession on session null to remote] DEBUG org.apache.http.wire - http-outgoing-19 >> "[\r][\n]"
12:51:45.765 [Forwarding newSession on session null to remote] DEBUG org.apache.http.wire - http-outgoing-19 >> "{[\n]"
12:51:45.765 [Forwarding newSession on session null to remote] DEBUG org.apache.http.wire - http-outgoing-19 >> "  "desiredCapabilities": {[\n]"
12:51:45.765 [Forwarding newSession on session null to remote] DEBUG org.apache.http.wire - http-outgoing-19 >> "    "browserName": "chrome",[\n]"
12:51:45.765 [Forwarding newSession on session null to remote] DEBUG org.apache.http.wire - http-outgoing-19 >> "    "goog:chromeOptions": {[\n]"
12:51:45.765 [Forwarding newSession on session null to remote] DEBUG org.apache.http.wire - http-outgoing-19 >> "      "args": [],[\n]"
12:51:45.765 [Forwarding newSession on session null to remote] DEBUG org.apache.http.wire - http-outgoing-19 >> "      "extensions": [][\n]"
12:51:45.765 [Forwarding newSession on session null to remote] DEBUG org.apache.http.wire - http-outgoing-19 >> "    }[\n]"
12:51:45.765 [Forwarding newSession on session null to remote] DEBUG org.apache.http.wire - http-outgoing-19 >> "  },[\n]"
12:51:45.765 [Forwarding newSession on session null to remote] DEBUG org.apache.http.wire - http-outgoing-19 >> "  "requiredCapabilities": {},[\n]"
12:51:45.765 [Forwarding newSession on session null to remote] DEBUG org.apache.http.wire - http-outgoing-19 >> "  "capabilities": {[\n]"
12:51:45.765 [Forwarding newSession on session null to remote] DEBUG org.apache.http.wire - http-outgoing-19 >> "    "desiredCapabilities": {[\n]"
12:51:45.765 [Forwarding newSession on session null to remote] DEBUG org.apache.http.wire - http-outgoing-19 >> "      "browserName": "chrome",[\n]"
12:51:45.765 [Forwarding newSession on session null to remote] DEBUG org.apache.http.wire - http-outgoing-19 >> "      "goog:chromeOptions": {[\n]"
12:51:45.765 [Forwarding newSession on session null to remote] DEBUG org.apache.http.wire - http-outgoing-19 >> "        "args": [],[\n]"
12:51:45.765 [Forwarding newSession on session null to remote] DEBUG org.apache.http.wire - http-outgoing-19 >> "        "extensions": [][\n]"
12:51:45.765 [Forwarding newSession on session null to remote] DEBUG org.apache.http.wire - http-outgoing-19 >> "      }[\n]"
12:51:45.765 [Forwarding newSession on session null to remote] DEBUG org.apache.http.wire - http-outgoing-19 >> "    },[\n]"
12:51:45.765 [Forwarding newSession on session null to remote] DEBUG org.apache.http.wire - http-outgoing-19 >> "    "requiredCapabilities": {},[\n]"
12:51:45.765 [Forwarding newSession on session null to remote] DEBUG org.apache.http.wire - http-outgoing-19 >> "    "alwaysMatch": {[\n]"
12:51:45.765 [Forwarding newSession on session null to remote] DEBUG org.apache.http.wire - http-outgoing-19 >> "      "goog:chromeOptions": {[\n]"
12:51:45.765 [Forwarding newSession on session null to remote] DEBUG org.apache.http.wire - http-outgoing-19 >> "        "args": [],[\n]"
12:51:45.765 [Forwarding newSession on session null to remote] DEBUG org.apache.http.wire - http-outgoing-19 >> "        "extensions": [][\n]"
12:51:45.765 [Forwarding newSession on session null to remote] DEBUG org.apache.http.wire - http-outgoing-19 >> "      }[\n]"
12:51:45.765 [Forwarding newSession on session null to remote] DEBUG org.apache.http.wire - http-outgoing-19 >> "    },[\n]"
12:51:45.765 [Forwarding newSession on session null to remote] DEBUG org.apache.http.wire - http-outgoing-19 >> "    "firstMatch": [[\n]"
12:51:45.765 [Forwarding newSession on session null to remote] DEBUG org.apache.http.wire - http-outgoing-19 >> "      {[\n]"
12:51:45.765 [Forwarding newSession on session null to remote] DEBUG org.apache.http.wire - http-outgoing-19 >> "        "browserName": "chrome"[\n]"
12:51:45.765 [Forwarding newSession on session null to remote] DEBUG org.apache.http.wire - http-outgoing-19 >> "      }[\n]"
12:51:45.765 [Forwarding newSession on session null to remote] DEBUG org.apache.http.wire - http-outgoing-19 >> "    ][\n]"
12:51:45.765 [Forwarding newSession on session null to remote] DEBUG org.apache.http.wire - http-outgoing-19 >> "  }[\n]"
12:51:45.765 [Forwarding newSession on session null to remote] DEBUG org.apache.http.wire - http-outgoing-19 >> "}"
12:51:46.339 [Forwarding newSession on session null to remote] DEBUG org.apache.http.wire - http-outgoing-19 << "HTTP/1.1 200 OK[\r][\n]"
12:51:46.339 [Forwarding newSession on session null to remote] DEBUG org.apache.http.wire - http-outgoing-19 << "Content-Length:690[\r][\n]"
12:51:46.339 [Forwarding newSession on session null to remote] DEBUG org.apache.http.wire - http-outgoing-19 << "Content-Type:application/json; charset=utf-8[\r][\n]"
12:51:46.339 [Forwarding newSession on session null to remote] DEBUG org.apache.http.wire - http-outgoing-19 << "cache-control:no-cache[\r][\n]"
12:51:46.339 [Forwarding newSession on session null to remote] DEBUG org.apache.http.wire - http-outgoing-19 << "[\r][\n]"
12:51:46.339 [Forwarding newSession on session null to remote] DEBUG org.apache.http.wire - http-outgoing-19 << "{"value":{"capabilities":{"acceptInsecureCerts":false,"browserName":"chrome","browserVersion":"80.0.3987.149","chrome":{"chromedriverVersion":"80.0.3987.106 (f68069574609230cf9b635cd784cfb1bf81bb53a-refs/branch-heads/3987@{#882})","userDataDir":"/var/folders/fs/0qxrqb5x7zg5dtqrhc9t0clm0000gn/T/.com.google.Chrome.Nptt79"},"goog:chromeOptions":{"debuggerAddress":"localhost:60557"},"networkConnectionEnabled":false,"pageLoadStrategy":"normal","platformName":"mac os x","proxy":{},"setWindowRect":true,"strictFileInteractability":false,"timeouts":{"implicit":0,"pageLoad":300000,"script":30000},"unhandledPromptBehavior":"dismiss and notify"},"sessionId":"7ab28ba7ad2bb5d2430f1dc74aa2cf78"}}"
12:51:46.339 [Forwarding newSession on session null to remote] DEBUG org.apache.http.headers - http-outgoing-19 << HTTP/1.1 200 OK
12:51:46.339 [Forwarding newSession on session null to remote] DEBUG org.apache.http.headers - http-outgoing-19 << Content-Length:690
12:51:46.339 [Forwarding newSession on session null to remote] DEBUG org.apache.http.headers - http-outgoing-19 << Content-Type:application/json; charset=utf-8
12:51:46.339 [Forwarding newSession on session null to remote] DEBUG org.apache.http.headers - http-outgoing-19 << cache-control:no-cache
12:51:46.339 [Forwarding newSession on session null to remote] DEBUG org.apache.http.impl.execchain.MainClientExec - Connection can be kept alive indefinitely
12:51:46.339 [Forwarding newSession on session null to remote] DEBUG org.apache.http.impl.conn.PoolingHttpClientConnectionManager - Connection [id: 19][route: {}->http://localhost:18375] can be kept alive indefinitely
12:51:46.339 [Forwarding newSession on session null to remote] DEBUG org.apache.http.impl.conn.PoolingHttpClientConnectionManager - Connection released: [id: 19][route: {}->http://localhost:18375][total kept alive: 2; route allocated: 1 of 2000; total allocated: 2 of 2000]
12:51:46.342 [Forwarding get on session 7ab28ba7ad2bb5d2430f1dc74aa2cf78 to remote] DEBUG org.apache.http.client.protocol.RequestAddCookies - CookieSpec selected: default
12:51:46.342 [Forwarding get on session 7ab28ba7ad2bb5d2430f1dc74aa2cf78 to remote] DEBUG org.apache.http.client.protocol.RequestAuthCache - Auth cache not set in the context
12:51:46.342 [Forwarding get on session 7ab28ba7ad2bb5d2430f1dc74aa2cf78 to remote] DEBUG org.apache.http.impl.conn.PoolingHttpClientConnectionManager - Connection request: [route: {}->http://localhost:18375][total kept alive: 2; route allocated: 1 of 2000; total allocated: 2 of 2000]
12:51:46.343 [Forwarding get on session 7ab28ba7ad2bb5d2430f1dc74aa2cf78 to remote] DEBUG org.apache.http.impl.conn.PoolingHttpClientConnectionManager - Connection leased: [id: 19][route: {}->http://localhost:18375][total kept alive: 1; route allocated: 1 of 2000; total allocated: 2 of 2000]
12:51:46.343 [Forwarding get on session 7ab28ba7ad2bb5d2430f1dc74aa2cf78 to remote] DEBUG org.apache.http.impl.execchain.MainClientExec - Stale connection check
12:51:46.344 [Forwarding get on session 7ab28ba7ad2bb5d2430f1dc74aa2cf78 to remote] DEBUG org.apache.http.wire - http-outgoing-19 << "[read] I/O error: Read timed out"
12:51:46.344 [Forwarding get on session 7ab28ba7ad2bb5d2430f1dc74aa2cf78 to remote] DEBUG org.apache.http.impl.conn.DefaultManagedHttpClientConnection - http-outgoing-19: set socket timeout to 10800000
12:51:46.344 [Forwarding get on session 7ab28ba7ad2bb5d2430f1dc74aa2cf78 to remote] DEBUG org.apache.http.impl.execchain.MainClientExec - Executing request POST /session/7ab28ba7ad2bb5d2430f1dc74aa2cf78/url HTTP/1.1
12:51:46.344 [Forwarding get on session 7ab28ba7ad2bb5d2430f1dc74aa2cf78 to remote] DEBUG org.apache.http.impl.execchain.MainClientExec - Target auth state: UNCHALLENGED
12:51:46.344 [Forwarding get on session 7ab28ba7ad2bb5d2430f1dc74aa2cf78 to remote] DEBUG org.apache.http.impl.execchain.MainClientExec - Proxy auth state: UNCHALLENGED
12:51:46.344 [Forwarding get on session 7ab28ba7ad2bb5d2430f1dc74aa2cf78 to remote] DEBUG org.apache.http.headers - http-outgoing-19 >> POST /session/7ab28ba7ad2bb5d2430f1dc74aa2cf78/url HTTP/1.1
12:51:46.344 [Forwarding get on session 7ab28ba7ad2bb5d2430f1dc74aa2cf78 to remote] DEBUG org.apache.http.headers - http-outgoing-19 >> Content-Type: application/json; charset=utf-8
12:51:46.344 [Forwarding get on session 7ab28ba7ad2bb5d2430f1dc74aa2cf78 to remote] DEBUG org.apache.http.headers - http-outgoing-19 >> Content-Length: 33
12:51:46.344 [Forwarding get on session 7ab28ba7ad2bb5d2430f1dc74aa2cf78 to remote] DEBUG org.apache.http.headers - http-outgoing-19 >> Host: localhost:18375
12:51:46.344 [Forwarding get on session 7ab28ba7ad2bb5d2430f1dc74aa2cf78 to remote] DEBUG org.apache.http.headers - http-outgoing-19 >> Connection: Keep-Alive
12:51:46.344 [Forwarding get on session 7ab28ba7ad2bb5d2430f1dc74aa2cf78 to remote] DEBUG org.apache.http.headers - http-outgoing-19 >> User-Agent: Apache-HttpClient/4.5.3 (Java/1.8.0_211)
12:51:46.344 [Forwarding get on session 7ab28ba7ad2bb5d2430f1dc74aa2cf78 to remote] DEBUG org.apache.http.headers - http-outgoing-19 >> Accept-Encoding: gzip,deflate
12:51:46.344 [Forwarding get on session 7ab28ba7ad2bb5d2430f1dc74aa2cf78 to remote] DEBUG org.apache.http.wire - http-outgoing-19 >> "POST /session/7ab28ba7ad2bb5d2430f1dc74aa2cf78/url HTTP/1.1[\r][\n]"
12:51:46.344 [Forwarding get on session 7ab28ba7ad2bb5d2430f1dc74aa2cf78 to remote] DEBUG org.apache.http.wire - http-outgoing-19 >> "Content-Type: application/json; charset=utf-8[\r][\n]"
12:51:46.344 [Forwarding get on session 7ab28ba7ad2bb5d2430f1dc74aa2cf78 to remote] DEBUG org.apache.http.wire - http-outgoing-19 >> "Content-Length: 33[\r][\n]"
12:51:46.344 [Forwarding get on session 7ab28ba7ad2bb5d2430f1dc74aa2cf78 to remote] DEBUG org.apache.http.wire - http-outgoing-19 >> "Host: localhost:18375[\r][\n]"
12:51:46.344 [Forwarding get on session 7ab28ba7ad2bb5d2430f1dc74aa2cf78 to remote] DEBUG org.apache.http.wire - http-outgoing-19 >> "Connection: Keep-Alive[\r][\n]"
12:51:46.344 [Forwarding get on session 7ab28ba7ad2bb5d2430f1dc74aa2cf78 to remote] DEBUG org.apache.http.wire - http-outgoing-19 >> "User-Agent: Apache-HttpClient/4.5.3 (Java/1.8.0_211)[\r][\n]"
12:51:46.344 [Forwarding get on session 7ab28ba7ad2bb5d2430f1dc74aa2cf78 to remote] DEBUG org.apache.http.wire - http-outgoing-19 >> "Accept-Encoding: gzip,deflate[\r][\n]"
12:51:46.344 [Forwarding get on session 7ab28ba7ad2bb5d2430f1dc74aa2cf78 to remote] DEBUG org.apache.http.wire - http-outgoing-19 >> "[\r][\n]"
12:51:46.344 [Forwarding get on session 7ab28ba7ad2bb5d2430f1dc74aa2cf78 to remote] DEBUG org.apache.http.wire - http-outgoing-19 >> "{"url":"https://tronscan.org/#/"}"
12:51:49.117 [Forwarding get on session 7ab28ba7ad2bb5d2430f1dc74aa2cf78 to remote] DEBUG org.apache.http.wire - http-outgoing-19 << "HTTP/1.1 200 OK[\r][\n]"
12:51:49.117 [Forwarding get on session 7ab28ba7ad2bb5d2430f1dc74aa2cf78 to remote] DEBUG org.apache.http.wire - http-outgoing-19 << "Content-Length:14[\r][\n]"
12:51:49.117 [Forwarding get on session 7ab28ba7ad2bb5d2430f1dc74aa2cf78 to remote] DEBUG org.apache.http.wire - http-outgoing-19 << "Content-Type:application/json; charset=utf-8[\r][\n]"
12:51:49.117 [Forwarding get on session 7ab28ba7ad2bb5d2430f1dc74aa2cf78 to remote] DEBUG org.apache.http.wire - http-outgoing-19 << "cache-control:no-cache[\r][\n]"
12:51:49.117 [Forwarding get on session 7ab28ba7ad2bb5d2430f1dc74aa2cf78 to remote] DEBUG org.apache.http.wire - http-outgoing-19 << "[\r][\n]"
12:51:49.117 [Forwarding get on session 7ab28ba7ad2bb5d2430f1dc74aa2cf78 to remote] DEBUG org.apache.http.wire - http-outgoing-19 << "{"value":null}"
12:51:49.117 [Forwarding get on session 7ab28ba7ad2bb5d2430f1dc74aa2cf78 to remote] DEBUG org.apache.http.headers - http-outgoing-19 << HTTP/1.1 200 OK
12:51:49.117 [Forwarding get on session 7ab28ba7ad2bb5d2430f1dc74aa2cf78 to remote] DEBUG org.apache.http.headers - http-outgoing-19 << Content-Length:14
12:51:49.117 [Forwarding get on session 7ab28ba7ad2bb5d2430f1dc74aa2cf78 to remote] DEBUG org.apache.http.headers - http-outgoing-19 << Content-Type:application/json; charset=utf-8
12:51:49.117 [Forwarding get on session 7ab28ba7ad2bb5d2430f1dc74aa2cf78 to remote] DEBUG org.apache.http.headers - http-outgoing-19 << cache-control:no-cache
12:51:49.117 [Forwarding get on session 7ab28ba7ad2bb5d2430f1dc74aa2cf78 to remote] DEBUG org.apache.http.impl.execchain.MainClientExec - Connection can be kept alive indefinitely
12:51:49.117 [Forwarding get on session 7ab28ba7ad2bb5d2430f1dc74aa2cf78 to remote] DEBUG org.apache.http.impl.conn.PoolingHttpClientConnectionManager - Connection [id: 19][route: {}->http://localhost:18375] can be kept alive indefinitely
12:51:49.117 [Forwarding get on session 7ab28ba7ad2bb5d2430f1dc74aa2cf78 to remote] DEBUG org.apache.http.impl.conn.PoolingHttpClientConnectionManager - Connection released: [id: 19][route: {}->http://localhost:18375][total kept alive: 2; route allocated: 1 of 2000; total allocated: 2 of 2000]
成功打开谷歌浏览器！
12:51:49.118 [Forwarding setTimeout on session 7ab28ba7ad2bb5d2430f1dc74aa2cf78 to remote] DEBUG org.apache.http.client.protocol.RequestAddCookies - CookieSpec selected: default
12:51:49.118 [Forwarding setTimeout on session 7ab28ba7ad2bb5d2430f1dc74aa2cf78 to remote] DEBUG org.apache.http.client.protocol.RequestAuthCache - Auth cache not set in the context
12:51:49.118 [Forwarding setTimeout on session 7ab28ba7ad2bb5d2430f1dc74aa2cf78 to remote] DEBUG org.apache.http.impl.conn.PoolingHttpClientConnectionManager - Connection request: [route: {}->http://localhost:18375][total kept alive: 2; route allocated: 1 of 2000; total allocated: 2 of 2000]
12:51:49.118 [Forwarding setTimeout on session 7ab28ba7ad2bb5d2430f1dc74aa2cf78 to remote] DEBUG org.apache.http.impl.conn.PoolingHttpClientConnectionManager - Connection leased: [id: 19][route: {}->http://localhost:18375][total kept alive: 1; route allocated: 1 of 2000; total allocated: 2 of 2000]
12:51:49.118 [Forwarding setTimeout on session 7ab28ba7ad2bb5d2430f1dc74aa2cf78 to remote] DEBUG org.apache.http.impl.execchain.MainClientExec - Stale connection check
12:51:49.120 [Forwarding setTimeout on session 7ab28ba7ad2bb5d2430f1dc74aa2cf78 to remote] DEBUG org.apache.http.wire - http-outgoing-19 << "[read] I/O error: Read timed out"
12:51:49.120 [Forwarding setTimeout on session 7ab28ba7ad2bb5d2430f1dc74aa2cf78 to remote] DEBUG org.apache.http.impl.conn.DefaultManagedHttpClientConnection - http-outgoing-19: set socket timeout to 10800000
12:51:49.120 [Forwarding setTimeout on session 7ab28ba7ad2bb5d2430f1dc74aa2cf78 to remote] DEBUG org.apache.http.impl.execchain.MainClientExec - Executing request POST /session/7ab28ba7ad2bb5d2430f1dc74aa2cf78/timeouts HTTP/1.1
12:51:49.120 [Forwarding setTimeout on session 7ab28ba7ad2bb5d2430f1dc74aa2cf78 to remote] DEBUG org.apache.http.impl.execchain.MainClientExec - Target auth state: UNCHALLENGED
12:51:49.120 [Forwarding setTimeout on session 7ab28ba7ad2bb5d2430f1dc74aa2cf78 to remote] DEBUG org.apache.http.impl.execchain.MainClientExec - Proxy auth state: UNCHALLENGED
12:51:49.120 [Forwarding setTimeout on session 7ab28ba7ad2bb5d2430f1dc74aa2cf78 to remote] DEBUG org.apache.http.headers - http-outgoing-19 >> POST /session/7ab28ba7ad2bb5d2430f1dc74aa2cf78/timeouts HTTP/1.1
12:51:49.120 [Forwarding setTimeout on session 7ab28ba7ad2bb5d2430f1dc74aa2cf78 to remote] DEBUG org.apache.http.headers - http-outgoing-19 >> Content-Type: application/json; charset=utf-8
12:51:49.120 [Forwarding setTimeout on session 7ab28ba7ad2bb5d2430f1dc74aa2cf78 to remote] DEBUG org.apache.http.headers - http-outgoing-19 >> Content-Length: 18
12:51:49.120 [Forwarding setTimeout on session 7ab28ba7ad2bb5d2430f1dc74aa2cf78 to remote] DEBUG org.apache.http.headers - http-outgoing-19 >> Host: localhost:18375
12:51:49.120 [Forwarding setTimeout on session 7ab28ba7ad2bb5d2430f1dc74aa2cf78 to remote] DEBUG org.apache.http.headers - http-outgoing-19 >> Connection: Keep-Alive
12:51:49.120 [Forwarding setTimeout on session 7ab28ba7ad2bb5d2430f1dc74aa2cf78 to remote] DEBUG org.apache.http.headers - http-outgoing-19 >> User-Agent: Apache-HttpClient/4.5.3 (Java/1.8.0_211)
12:51:49.120 [Forwarding setTimeout on session 7ab28ba7ad2bb5d2430f1dc74aa2cf78 to remote] DEBUG org.apache.http.headers - http-outgoing-19 >> Accept-Encoding: gzip,deflate
12:51:49.120 [Forwarding setTimeout on session 7ab28ba7ad2bb5d2430f1dc74aa2cf78 to remote] DEBUG org.apache.http.wire - http-outgoing-19 >> "POST /session/7ab28ba7ad2bb5d2430f1dc74aa2cf78/timeouts HTTP/1.1[\r][\n]"
12:51:49.120 [Forwarding setTimeout on session 7ab28ba7ad2bb5d2430f1dc74aa2cf78 to remote] DEBUG org.apache.http.wire - http-outgoing-19 >> "Content-Type: application/json; charset=utf-8[\r][\n]"
12:51:49.120 [Forwarding setTimeout on session 7ab28ba7ad2bb5d2430f1dc74aa2cf78 to remote] DEBUG org.apache.http.wire - http-outgoing-19 >> "Content-Length: 18[\r][\n]"
12:51:49.120 [Forwarding setTimeout on session 7ab28ba7ad2bb5d2430f1dc74aa2cf78 to remote] DEBUG org.apache.http.wire - http-outgoing-19 >> "Host: localhost:18375[\r][\n]"
12:51:49.120 [Forwarding setTimeout on session 7ab28ba7ad2bb5d2430f1dc74aa2cf78 to remote] DEBUG org.apache.http.wire - http-outgoing-19 >> "Connection: Keep-Alive[\r][\n]"
12:51:49.120 [Forwarding setTimeout on session 7ab28ba7ad2bb5d2430f1dc74aa2cf78 to remote] DEBUG org.apache.http.wire - http-outgoing-19 >> "User-Agent: Apache-HttpClient/4.5.3 (Java/1.8.0_211)[\r][\n]"
12:51:49.120 [Forwarding setTimeout on session 7ab28ba7ad2bb5d2430f1dc74aa2cf78 to remote] DEBUG org.apache.http.wire - http-outgoing-19 >> "Accept-Encoding: gzip,deflate[\r][\n]"
12:51:49.120 [Forwarding setTimeout on session 7ab28ba7ad2bb5d2430f1dc74aa2cf78 to remote] DEBUG org.apache.http.wire - http-outgoing-19 >> "[\r][\n]"
12:51:49.120 [Forwarding setTimeout on session 7ab28ba7ad2bb5d2430f1dc74aa2cf78 to remote] DEBUG org.apache.http.wire - http-outgoing-19 >> "{"implicit":10000}"
12:51:49.120 [Forwarding setTimeout on session 7ab28ba7ad2bb5d2430f1dc74aa2cf78 to remote] DEBUG org.apache.http.wire - http-outgoing-19 << "HTTP/1.1 200 OK[\r][\n]"
12:51:49.120 [Forwarding setTimeout on session 7ab28ba7ad2bb5d2430f1dc74aa2cf78 to remote] DEBUG org.apache.http.wire - http-outgoing-19 << "Content-Length:14[\r][\n]"
12:51:49.120 [Forwarding setTimeout on session 7ab28ba7ad2bb5d2430f1dc74aa2cf78 to remote] DEBUG org.apache.http.wire - http-outgoing-19 << "Content-Type:application/json; charset=utf-8[\r][\n]"
12:51:49.120 [Forwarding setTimeout on session 7ab28ba7ad2bb5d2430f1dc74aa2cf78 to remote] DEBUG org.apache.http.wire - http-outgoing-19 << "cache-control:no-cache[\r][\n]"
12:51:49.120 [Forwarding setTimeout on session 7ab28ba7ad2bb5d2430f1dc74aa2cf78 to remote] DEBUG org.apache.http.wire - http-outgoing-19 << "[\r][\n]"
12:51:49.120 [Forwarding setTimeout on session 7ab28ba7ad2bb5d2430f1dc74aa2cf78 to remote] DEBUG org.apache.http.wire - http-outgoing-19 << "{"value":null}"
12:51:49.120 [Forwarding setTimeout on session 7ab28ba7ad2bb5d2430f1dc74aa2cf78 to remote] DEBUG org.apache.http.headers - http-outgoing-19 << HTTP/1.1 200 OK
12:51:49.120 [Forwarding setTimeout on session 7ab28ba7ad2bb5d2430f1dc74aa2cf78 to remote] DEBUG org.apache.http.headers - http-outgoing-19 << Content-Length:14
12:51:49.120 [Forwarding setTimeout on session 7ab28ba7ad2bb5d2430f1dc74aa2cf78 to remote] DEBUG org.apache.http.headers - http-outgoing-19 << Content-Type:application/json; charset=utf-8
12:51:49.120 [Forwarding setTimeout on session 7ab28ba7ad2bb5d2430f1dc74aa2cf78 to remote] DEBUG org.apache.http.headers - http-outgoing-19 << cache-control:no-cache
12:51:49.120 [Forwarding setTimeout on session 7ab28ba7ad2bb5d2430f1dc74aa2cf78 to remote] DEBUG org.apache.http.impl.execchain.MainClientExec - Connection can be kept alive indefinitely
12:51:49.120 [Forwarding setTimeout on session 7ab28ba7ad2bb5d2430f1dc74aa2cf78 to remote] DEBUG org.apache.http.impl.conn.PoolingHttpClientConnectionManager - Connection [id: 19][route: {}->http://localhost:18375] can be kept alive indefinitely
12:51:49.120 [Forwarding setTimeout on session 7ab28ba7ad2bb5d2430f1dc74aa2cf78 to remote] DEBUG org.apache.http.impl.conn.PoolingHttpClientConnectionManager - Connection released: [id: 19][route: {}->http://localhost:18375][total kept alive: 2; route allocated: 1 of 2000; total allocated: 2 of 2000]
test
12:51:49.121 [Forwarding findElement on session 7ab28ba7ad2bb5d2430f1dc74aa2cf78 to remote] DEBUG org.apache.http.client.protocol.RequestAddCookies - CookieSpec selected: default
12:51:49.121 [Forwarding findElement on session 7ab28ba7ad2bb5d2430f1dc74aa2cf78 to remote] DEBUG org.apache.http.client.protocol.RequestAuthCache - Auth cache not set in the context
12:51:49.121 [Forwarding findElement on session 7ab28ba7ad2bb5d2430f1dc74aa2cf78 to remote] DEBUG org.apache.http.impl.conn.PoolingHttpClientConnectionManager - Connection request: [route: {}->http://localhost:18375][total kept alive: 2; route allocated: 1 of 2000; total allocated: 2 of 2000]
12:51:49.121 [Forwarding findElement on session 7ab28ba7ad2bb5d2430f1dc74aa2cf78 to remote] DEBUG org.apache.http.impl.conn.PoolingHttpClientConnectionManager - Connection leased: [id: 19][route: {}->http://localhost:18375][total kept alive: 1; route allocated: 1 of 2000; total allocated: 2 of 2000]
12:51:49.121 [Forwarding findElement on session 7ab28ba7ad2bb5d2430f1dc74aa2cf78 to remote] DEBUG org.apache.http.impl.execchain.MainClientExec - Stale connection check
12:51:49.122 [Forwarding findElement on session 7ab28ba7ad2bb5d2430f1dc74aa2cf78 to remote] DEBUG org.apache.http.wire - http-outgoing-19 << "[read] I/O error: Read timed out"
12:51:49.122 [Forwarding findElement on session 7ab28ba7ad2bb5d2430f1dc74aa2cf78 to remote] DEBUG org.apache.http.impl.conn.DefaultManagedHttpClientConnection - http-outgoing-19: set socket timeout to 10800000
12:51:49.122 [Forwarding findElement on session 7ab28ba7ad2bb5d2430f1dc74aa2cf78 to remote] DEBUG org.apache.http.impl.execchain.MainClientExec - Executing request POST /session/7ab28ba7ad2bb5d2430f1dc74aa2cf78/element HTTP/1.1
12:51:49.122 [Forwarding findElement on session 7ab28ba7ad2bb5d2430f1dc74aa2cf78 to remote] DEBUG org.apache.http.impl.execchain.MainClientExec - Target auth state: UNCHALLENGED
12:51:49.122 [Forwarding findElement on session 7ab28ba7ad2bb5d2430f1dc74aa2cf78 to remote] DEBUG org.apache.http.impl.execchain.MainClientExec - Proxy auth state: UNCHALLENGED
12:51:49.122 [Forwarding findElement on session 7ab28ba7ad2bb5d2430f1dc74aa2cf78 to remote] DEBUG org.apache.http.headers - http-outgoing-19 >> POST /session/7ab28ba7ad2bb5d2430f1dc74aa2cf78/element HTTP/1.1
12:51:49.122 [Forwarding findElement on session 7ab28ba7ad2bb5d2430f1dc74aa2cf78 to remote] DEBUG org.apache.http.headers - http-outgoing-19 >> Content-Type: application/json; charset=utf-8
12:51:49.122 [Forwarding findElement on session 7ab28ba7ad2bb5d2430f1dc74aa2cf78 to remote] DEBUG org.apache.http.headers - http-outgoing-19 >> Content-Length: 87
12:51:49.122 [Forwarding findElement on session 7ab28ba7ad2bb5d2430f1dc74aa2cf78 to remote] DEBUG org.apache.http.headers - http-outgoing-19 >> Host: localhost:18375
12:51:49.122 [Forwarding findElement on session 7ab28ba7ad2bb5d2430f1dc74aa2cf78 to remote] DEBUG org.apache.http.headers - http-outgoing-19 >> Connection: Keep-Alive
12:51:49.122 [Forwarding findElement on session 7ab28ba7ad2bb5d2430f1dc74aa2cf78 to remote] DEBUG org.apache.http.headers - http-outgoing-19 >> User-Agent: Apache-HttpClient/4.5.3 (Java/1.8.0_211)
12:51:49.122 [Forwarding findElement on session 7ab28ba7ad2bb5d2430f1dc74aa2cf78 to remote] DEBUG org.apache.http.headers - http-outgoing-19 >> Accept-Encoding: gzip,deflate
12:51:49.122 [Forwarding findElement on session 7ab28ba7ad2bb5d2430f1dc74aa2cf78 to remote] DEBUG org.apache.http.wire - http-outgoing-19 >> "POST /session/7ab28ba7ad2bb5d2430f1dc74aa2cf78/element HTTP/1.1[\r][\n]"
12:51:49.122 [Forwarding findElement on session 7ab28ba7ad2bb5d2430f1dc74aa2cf78 to remote] DEBUG org.apache.http.wire - http-outgoing-19 >> "Content-Type: application/json; charset=utf-8[\r][\n]"
12:51:49.122 [Forwarding findElement on session 7ab28ba7ad2bb5d2430f1dc74aa2cf78 to remote] DEBUG org.apache.http.wire - http-outgoing-19 >> "Content-Length: 87[\r][\n]"
12:51:49.122 [Forwarding findElement on session 7ab28ba7ad2bb5d2430f1dc74aa2cf78 to remote] DEBUG org.apache.http.wire - http-outgoing-19 >> "Host: localhost:18375[\r][\n]"
12:51:49.122 [Forwarding findElement on session 7ab28ba7ad2bb5d2430f1dc74aa2cf78 to remote] DEBUG org.apache.http.wire - http-outgoing-19 >> "Connection: Keep-Alive[\r][\n]"
12:51:49.122 [Forwarding findElement on session 7ab28ba7ad2bb5d2430f1dc74aa2cf78 to remote] DEBUG org.apache.http.wire - http-outgoing-19 >> "User-Agent: Apache-HttpClient/4.5.3 (Java/1.8.0_211)[\r][\n]"
12:51:49.122 [Forwarding findElement on session 7ab28ba7ad2bb5d2430f1dc74aa2cf78 to remote] DEBUG org.apache.http.wire - http-outgoing-19 >> "Accept-Encoding: gzip,deflate[\r][\n]"
12:51:49.122 [Forwarding findElement on session 7ab28ba7ad2bb5d2430f1dc74aa2cf78 to remote] DEBUG org.apache.http.wire - http-outgoing-19 >> "[\r][\n]"
12:51:49.122 [Forwarding findElement on session 7ab28ba7ad2bb5d2430f1dc74aa2cf78 to remote] DEBUG org.apache.http.wire - http-outgoing-19 >> "{"value":"//*[@id=\"root\"]/div[1]/div[1]/div/div[2]/div[2]/ul/li/div","using":"xpath"}"
12:51:59.194 [Forwarding findElement on session 7ab28ba7ad2bb5d2430f1dc74aa2cf78 to remote] DEBUG org.apache.http.wire - http-outgoing-19 << "HTTP/1.1 404 Not Found[\r][\n]"
12:51:59.194 [Forwarding findElement on session 7ab28ba7ad2bb5d2430f1dc74aa2cf78 to remote] DEBUG org.apache.http.wire - http-outgoing-19 << "Content-Length:1893[\r][\n]"
12:51:59.194 [Forwarding findElement on session 7ab28ba7ad2bb5d2430f1dc74aa2cf78 to remote] DEBUG org.apache.http.wire - http-outgoing-19 << "Content-Type:application/json; charset=utf-8[\r][\n]"
12:51:59.194 [Forwarding findElement on session 7ab28ba7ad2bb5d2430f1dc74aa2cf78 to remote] DEBUG org.apache.http.wire - http-outgoing-19 << "cache-control:no-cache[\r][\n]"
12:51:59.194 [Forwarding findElement on session 7ab28ba7ad2bb5d2430f1dc74aa2cf78 to remote] DEBUG org.apache.http.wire - http-outgoing-19 << "[\r][\n]"
12:51:59.194 [Forwarding findElement on session 7ab28ba7ad2bb5d2430f1dc74aa2cf78 to remote] DEBUG org.apache.http.wire - http-outgoing-19 << "{"value":{"error":"no such element","message":"no such element: Unable to locate element: {\"method\":\"xpath\",\"selector\":\"//*[@id=\"root\"]/div[1]/div[1]/div/div[2]/div[2]/ul/li/div\"}\n  (Session info: chrome=80.0.3987.149)","stacktrace":"0   chromedriver                        0x000000010df7e329 chromedriver + 3838761\n1   chromedriver                        0x000000010df18123 chromedriver + 3420451\n2   chromedriver                        0x000000010dc8c62f chromedriver + 751151\n3   chromedriver                        0x000000010dbfa081 chromedriver + 151681\n4   chromedriver                        0x000000010dc25297 chromedriver + 328343\n5   chromedriver                        0x000000010dc164ed chromedriver + 267501\n6   chromedriver                        0x000000010dc2338b chromedriver + 320395\n7   chromedriver                        0x000000010dc167b3 chromedriver + 268211\n8   chromedriver                        0x000000010dbf00bd chromedriver + 110781\n9   chromedriver                        0x000000010dbf1055 chromedriver + 114773\n10  chromedriver                        0x000000010df3febf chromedriver + 3583679\n11  chromedriver                        0x000000010df4ce4a chromedriver + 3636810\n12  chromedriver                        0x000000010df4cbe7 chromedriver + 3636199\n13  chromedriver                        0x000000010df23839 chromedriver + 3467321\n14  chromedriver                        0x000000010df4d707 chromedriver + 3639047\n15  chromedriver                        0x000000010df35cc7 chromedriver + 3542215\n16  chromedriver                        0x000000010df63324 chromedriver + 3728164\n17  chromedriver                        0x000000010df84387 chromedriver + 3863431\n18  libsystem_pthread.dylib             0x00007fff6e23ee65 _pthread_start + 148\n19  libsystem_pthread.dylib             0x00007fff6e23a83b thread_start + 15\n"}}"
12:51:59.194 [Forwarding findElement on session 7ab28ba7ad2bb5d2430f1dc74aa2cf78 to remote] DEBUG org.apache.http.headers - http-outgoing-19 << HTTP/1.1 404 Not Found
12:51:59.194 [Forwarding findElement on session 7ab28ba7ad2bb5d2430f1dc74aa2cf78 to remote] DEBUG org.apache.http.headers - http-outgoing-19 << Content-Length:1893
12:51:59.194 [Forwarding findElement on session 7ab28ba7ad2bb5d2430f1dc74aa2cf78 to remote] DEBUG org.apache.http.headers - http-outgoing-19 << Content-Type:application/json; charset=utf-8
12:51:59.194 [Forwarding findElement on session 7ab28ba7ad2bb5d2430f1dc74aa2cf78 to remote] DEBUG org.apache.http.headers - http-outgoing-19 << cache-control:no-cache
12:51:59.194 [Forwarding findElement on session 7ab28ba7ad2bb5d2430f1dc74aa2cf78 to remote] DEBUG org.apache.http.impl.execchain.MainClientExec - Connection can be kept alive indefinitely
12:51:59.194 [Forwarding findElement on session 7ab28ba7ad2bb5d2430f1dc74aa2cf78 to remote] DEBUG org.apache.http.impl.conn.PoolingHttpClientConnectionManager - Connection [id: 19][route: {}->http://localhost:18375] can be kept alive indefinitely
12:51:59.194 [Forwarding findElement on session 7ab28ba7ad2bb5d2430f1dc74aa2cf78 to remote] DEBUG org.apache.http.impl.conn.PoolingHttpClientConnectionManager - Connection released: [id: 19][route: {}->http://localhost:18375][total kept alive: 2; route allocated: 1 of 2000; total allocated: 2 of 2000]
]]></system-out>
  <system-err><![CDATA[Starting ChromeDriver 80.0.3987.106 (f68069574609230cf9b635cd784cfb1bf81bb53a-refs/branch-heads/3987@{#882}) on port 18375
Only local connections are allowed.
Please protect ports used by ChromeDriver and related test frameworks to prevent access by malicious code.
[1584679905.738][WARNING]: FromSockAddr failed on netmask
三月 20, 2020 12:51:46 下午 org.openqa.selenium.remote.ProtocolHandshake createSession
信息: Detected dialect: W3C
[1584679907.039][SEVERE]: Timed out receiving message from renderer: 0.100
[1584679907.140][SEVERE]: Timed out receiving message from renderer: 0.100
[1584679907.286][SEVERE]: Timed out receiving message from renderer: 0.100
[1584679907.391][SEVERE]: Timed out receiving message from renderer: 0.100
[1584679907.492][SEVERE]: Timed out receiving message from renderer: 0.100
[1584679907.592][SEVERE]: Timed out receiving message from renderer: 0.100
[1584679907.693][SEVERE]: Timed out receiving message from renderer: 0.100
[1584679907.793][SEVERE]: Timed out receiving message from renderer: 0.100
[1584679907.894][SEVERE]: Timed out receiving message from renderer: 0.100
[1584679908.187][SEVERE]: Timed out receiving message from renderer: 0.100
[1584679908.288][SEVERE]: Timed out receiving message from renderer: 0.100
[1584679908.500][SEVERE]: Timed out receiving message from renderer: 0.100
[1584679908.647][SEVERE]: Timed out receiving message from renderer: 0.100
[1584679908.748][SEVERE]: Timed out receiving message from renderer: 0.100
[1584679908.850][SEVERE]: Timed out receiving message from renderer: 0.100
[1584679908.972][SEVERE]: Timed out receiving message from renderer: 0.100
[1584679909.073][SEVERE]: Timed out receiving message from renderer: 0.100
]]></system-err>
</testsuite>
