<?xml version="1.0" encoding="UTF-8"?>
<testsuite name="tron.tronlink.Dapp_Classify" tests="1" skipped="0" failures="0" errors="0" timestamp="2020-04-24T04:39:04" hostname="zhukaideiMac.local" time="0.505">
  <properties/>
  <testcase name="dapp_classify" classname="tron.tronlink.Dapp_Classify" time="0.505"/>
  <system-out><![CDATA[http://list.tronlink.org//api/dapp/v2/classify
12:39:04.976 [TestNG-tests-1] DEBUG org.apache.http.impl.conn.PoolingClientConnectionManager - Connection request: [route: {}->http://list.tronlink.org:80][total kept alive: 2; route allocated: 1 of 80; total allocated: 2 of 100]
12:39:04.976 [TestNG-tests-1] DEBUG org.apache.http.impl.conn.PoolingClientConnectionManager - Connection leased: [id: 0][route: {}->http://list.tronlink.org:80][total kept alive: 1; route allocated: 1 of 80; total allocated: 2 of 100]
12:39:04.976 [TestNG-tests-1] DEBUG org.apache.http.impl.client.DefaultHttpClient - Stale connection check
12:39:04.977 [TestNG-tests-1] DEBUG org.apache.http.client.protocol.RequestAddCookies - CookieSpec selected: default
12:39:04.977 [TestNG-tests-1] DEBUG org.apache.http.client.protocol.RequestAuthCache - Auth cache not set in the context
12:39:04.977 [TestNG-tests-1] DEBUG org.apache.http.client.protocol.RequestTargetAuthentication - Target auth state: UNCHALLENGED
12:39:04.977 [TestNG-tests-1] DEBUG org.apache.http.client.protocol.RequestProxyAuthentication - Proxy auth state: UNCHALLENGED
12:39:04.977 [TestNG-tests-1] DEBUG org.apache.http.impl.client.DefaultHttpClient - Attempt 1 to execute request
12:39:04.977 [TestNG-tests-1] DEBUG org.apache.http.impl.conn.DefaultClientConnection - Sending request: GET /api/dapp/v2/classify HTTP/1.1
12:39:04.977 [TestNG-tests-1] DEBUG org.apache.http.wire -  >> "GET /api/dapp/v2/classify HTTP/1.1[\r][\n]"
12:39:04.977 [TestNG-tests-1] DEBUG org.apache.http.wire -  >> "Lang: 1[\r][\n]"
12:39:04.977 [TestNG-tests-1] DEBUG org.apache.http.wire -  >> "Content-type: application/json; charset=utf-8[\r][\n]"
12:39:04.977 [TestNG-tests-1] DEBUG org.apache.http.wire -  >> "Connection: Keep-Alive[\r][\n]"
12:39:04.978 [TestNG-tests-1] DEBUG org.apache.http.wire -  >> "Host: list.tronlink.org[\r][\n]"
12:39:04.978 [TestNG-tests-1] DEBUG org.apache.http.wire -  >> "User-Agent: Apache-HttpClient/4.5.3 (Java/1.8.0_211)[\r][\n]"
12:39:04.978 [TestNG-tests-1] DEBUG org.apache.http.wire -  >> "[\r][\n]"
12:39:04.978 [TestNG-tests-1] DEBUG org.apache.http.headers - >> GET /api/dapp/v2/classify HTTP/1.1
12:39:04.978 [TestNG-tests-1] DEBUG org.apache.http.headers - >> Lang: 1
12:39:04.978 [TestNG-tests-1] DEBUG org.apache.http.headers - >> Content-type: application/json; charset=utf-8
12:39:04.978 [TestNG-tests-1] DEBUG org.apache.http.headers - >> Connection: Keep-Alive
12:39:04.978 [TestNG-tests-1] DEBUG org.apache.http.headers - >> Host: list.tronlink.org
12:39:04.978 [TestNG-tests-1] DEBUG org.apache.http.headers - >> User-Agent: Apache-HttpClient/4.5.3 (Java/1.8.0_211)
12:39:05.236 [TestNG-tests-1] DEBUG org.apache.http.wire -  << "HTTP/1.1 301 Moved Permanently[\r][\n]"
12:39:05.236 [TestNG-tests-1] DEBUG org.apache.http.wire -  << "Server: nginx/1.12.2[\r][\n]"
12:39:05.236 [TestNG-tests-1] DEBUG org.apache.http.wire -  << "Date: Fri, 24 Apr 2020 04:39:05 GMT[\r][\n]"
12:39:05.236 [TestNG-tests-1] DEBUG org.apache.http.wire -  << "Content-Type: text/html[\r][\n]"
12:39:05.236 [TestNG-tests-1] DEBUG org.apache.http.wire -  << "Content-Length: 185[\r][\n]"
12:39:05.236 [TestNG-tests-1] DEBUG org.apache.http.wire -  << "Connection: keep-alive[\r][\n]"
12:39:05.236 [TestNG-tests-1] DEBUG org.apache.http.wire -  << "Location: https://list.tronlink.org/api/dapp/v2/classify[\r][\n]"
12:39:05.236 [TestNG-tests-1] DEBUG org.apache.http.wire -  << "[\r][\n]"
12:39:05.236 [TestNG-tests-1] DEBUG org.apache.http.impl.conn.DefaultClientConnection - Receiving response: HTTP/1.1 301 Moved Permanently
12:39:05.236 [TestNG-tests-1] DEBUG org.apache.http.headers - << HTTP/1.1 301 Moved Permanently
12:39:05.236 [TestNG-tests-1] DEBUG org.apache.http.headers - << Server: nginx/1.12.2
12:39:05.236 [TestNG-tests-1] DEBUG org.apache.http.headers - << Date: Fri, 24 Apr 2020 04:39:05 GMT
12:39:05.236 [TestNG-tests-1] DEBUG org.apache.http.headers - << Content-Type: text/html
12:39:05.236 [TestNG-tests-1] DEBUG org.apache.http.headers - << Content-Length: 185
12:39:05.236 [TestNG-tests-1] DEBUG org.apache.http.headers - << Connection: keep-alive
12:39:05.236 [TestNG-tests-1] DEBUG org.apache.http.headers - << Location: https://list.tronlink.org/api/dapp/v2/classify
12:39:05.237 [TestNG-tests-1] DEBUG org.apache.http.impl.client.DefaultHttpClient - Connection can be kept alive indefinitely
12:39:05.237 [TestNG-tests-1] DEBUG org.apache.http.impl.client.DefaultRedirectStrategy - Redirect requested to location 'https://list.tronlink.org/api/dapp/v2/classify'
12:39:05.237 [TestNG-tests-1] DEBUG org.apache.http.impl.client.DefaultHttpClient - Resetting target auth state
12:39:05.237 [TestNG-tests-1] DEBUG org.apache.http.impl.client.DefaultHttpClient - Redirecting to 'https://list.tronlink.org/api/dapp/v2/classify' via {s}->https://list.tronlink.org:443
12:39:05.237 [TestNG-tests-1] DEBUG org.apache.http.wire -  << "<html>[\r][\n]"
12:39:05.237 [TestNG-tests-1] DEBUG org.apache.http.wire -  << "<head><title>301 Moved Permanently</title></head>[\r][\n]"
12:39:05.237 [TestNG-tests-1] DEBUG org.apache.http.wire -  << "<body bgcolor="white">[\r][\n]"
12:39:05.237 [TestNG-tests-1] DEBUG org.apache.http.wire -  << "<center><h1>301 Moved Permanently</h1></center>[\r][\n]"
12:39:05.237 [TestNG-tests-1] DEBUG org.apache.http.wire -  << "<hr><center>nginx/1.12.2</center>[\r][\n]"
12:39:05.237 [TestNG-tests-1] DEBUG org.apache.http.wire -  << "</body>[\r][\n]"
12:39:05.237 [TestNG-tests-1] DEBUG org.apache.http.wire -  << "</html>[\r][\n]"
12:39:05.237 [TestNG-tests-1] DEBUG org.apache.http.impl.conn.PoolingClientConnectionManager - Connection [id: 0][route: {}->http://list.tronlink.org:80] can be kept alive indefinitely
12:39:05.237 [TestNG-tests-1] DEBUG org.apache.http.impl.conn.PoolingClientConnectionManager - Connection released: [id: 0][route: {}->http://list.tronlink.org:80][total kept alive: 2; route allocated: 1 of 80; total allocated: 2 of 100]
12:39:05.237 [TestNG-tests-1] DEBUG org.apache.http.impl.conn.PoolingClientConnectionManager - Connection request: [route: {s}->https://list.tronlink.org:443][total kept alive: 2; route allocated: 1 of 80; total allocated: 2 of 100]
12:39:05.237 [TestNG-tests-1] DEBUG org.apache.http.impl.conn.PoolingClientConnectionManager - Connection leased: [id: 1][route: {s}->https://list.tronlink.org:443][total kept alive: 1; route allocated: 1 of 80; total allocated: 2 of 100]
12:39:05.237 [TestNG-tests-1] DEBUG org.apache.http.impl.client.DefaultHttpClient - Stale connection check
12:39:05.238 [TestNG-tests-1] DEBUG org.apache.http.client.protocol.RequestAddCookies - CookieSpec selected: default
12:39:05.238 [TestNG-tests-1] DEBUG org.apache.http.client.protocol.RequestAuthCache - Auth cache not set in the context
12:39:05.238 [TestNG-tests-1] DEBUG org.apache.http.client.protocol.RequestTargetAuthentication - Target auth state: UNCHALLENGED
12:39:05.238 [TestNG-tests-1] DEBUG org.apache.http.client.protocol.RequestProxyAuthentication - Proxy auth state: UNCHALLENGED
12:39:05.238 [TestNG-tests-1] DEBUG org.apache.http.impl.client.DefaultHttpClient - Attempt 2 to execute request
12:39:05.238 [TestNG-tests-1] DEBUG org.apache.http.impl.conn.DefaultClientConnection - Sending request: GET /api/dapp/v2/classify HTTP/1.1
12:39:05.238 [TestNG-tests-1] DEBUG org.apache.http.wire -  >> "GET /api/dapp/v2/classify HTTP/1.1[\r][\n]"
12:39:05.238 [TestNG-tests-1] DEBUG org.apache.http.wire -  >> "Lang: 1[\r][\n]"
12:39:05.238 [TestNG-tests-1] DEBUG org.apache.http.wire -  >> "Content-type: application/json; charset=utf-8[\r][\n]"
12:39:05.238 [TestNG-tests-1] DEBUG org.apache.http.wire -  >> "Connection: Keep-Alive[\r][\n]"
12:39:05.238 [TestNG-tests-1] DEBUG org.apache.http.wire -  >> "Host: list.tronlink.org[\r][\n]"
12:39:05.238 [TestNG-tests-1] DEBUG org.apache.http.wire -  >> "User-Agent: Apache-HttpClient/4.5.3 (Java/1.8.0_211)[\r][\n]"
12:39:05.238 [TestNG-tests-1] DEBUG org.apache.http.wire -  >> "[\r][\n]"
12:39:05.238 [TestNG-tests-1] DEBUG org.apache.http.headers - >> GET /api/dapp/v2/classify HTTP/1.1
12:39:05.238 [TestNG-tests-1] DEBUG org.apache.http.headers - >> Lang: 1
12:39:05.238 [TestNG-tests-1] DEBUG org.apache.http.headers - >> Content-type: application/json; charset=utf-8
12:39:05.238 [TestNG-tests-1] DEBUG org.apache.http.headers - >> Connection: Keep-Alive
12:39:05.238 [TestNG-tests-1] DEBUG org.apache.http.headers - >> Host: list.tronlink.org
12:39:05.238 [TestNG-tests-1] DEBUG org.apache.http.headers - >> User-Agent: Apache-HttpClient/4.5.3 (Java/1.8.0_211)
12:39:05.480 [TestNG-tests-1] DEBUG org.apache.http.wire -  << "HTTP/1.1 200 OK[\r][\n]"
12:39:05.480 [TestNG-tests-1] DEBUG org.apache.http.wire -  << "Server: nginx/1.12.2[\r][\n]"
12:39:05.480 [TestNG-tests-1] DEBUG org.apache.http.wire -  << "Date: Fri, 24 Apr 2020 04:39:05 GMT[\r][\n]"
12:39:05.480 [TestNG-tests-1] DEBUG org.apache.http.wire -  << "Content-Type: application/json; charset=utf-8[\r][\n]"
12:39:05.480 [TestNG-tests-1] DEBUG org.apache.http.wire -  << "Content-Length: 294[\r][\n]"
12:39:05.480 [TestNG-tests-1] DEBUG org.apache.http.wire -  << "Connection: keep-alive[\r][\n]"
12:39:05.480 [TestNG-tests-1] DEBUG org.apache.http.wire -  << "Cache-Control: no-cache, no-store, max-age=0, must-revalidate, value[\r][\n]"
12:39:05.480 [TestNG-tests-1] DEBUG org.apache.http.wire -  << "Expires: Thu, 01 Jan 1970 00:00:00 GMT[\r][\n]"
12:39:05.480 [TestNG-tests-1] DEBUG org.apache.http.wire -  << "Last-Modified: Fri, 24 Apr 2020 04:39:05 GMT[\r][\n]"
12:39:05.480 [TestNG-tests-1] DEBUG org.apache.http.wire -  << "X-Content-Type-Options: nosniff[\r][\n]"
12:39:05.480 [TestNG-tests-1] DEBUG org.apache.http.wire -  << "X-Frame-Options: DENY[\r][\n]"
12:39:05.480 [TestNG-tests-1] DEBUG org.apache.http.wire -  << "X-Xss-Protection: 1; mode=block[\r][\n]"
12:39:05.480 [TestNG-tests-1] DEBUG org.apache.http.wire -  << "Access-Control-Allow-Origin: *[\r][\n]"
12:39:05.480 [TestNG-tests-1] DEBUG org.apache.http.wire -  << "Access-Control-Allow-Methods: GET,POST,OPTIONS,DELETE,PUT[\r][\n]"
12:39:05.480 [TestNG-tests-1] DEBUG org.apache.http.wire -  << "Access-Control-Allow-Headers: DNT,Origin,Accept,X-Key,X-Real-IP,Key,X-Mx-ReqToken,Keep-Alive,User-Agent,X-Requested-With,If-Modified-Since,Cache-Control,Content-Type,Authorization[\r][\n]"
12:39:05.480 [TestNG-tests-1] DEBUG org.apache.http.wire -  << "[\r][\n]"
12:39:05.480 [TestNG-tests-1] DEBUG org.apache.http.impl.conn.DefaultClientConnection - Receiving response: HTTP/1.1 200 OK
12:39:05.480 [TestNG-tests-1] DEBUG org.apache.http.headers - << HTTP/1.1 200 OK
12:39:05.480 [TestNG-tests-1] DEBUG org.apache.http.headers - << Server: nginx/1.12.2
12:39:05.480 [TestNG-tests-1] DEBUG org.apache.http.headers - << Date: Fri, 24 Apr 2020 04:39:05 GMT
12:39:05.480 [TestNG-tests-1] DEBUG org.apache.http.headers - << Content-Type: application/json; charset=utf-8
12:39:05.480 [TestNG-tests-1] DEBUG org.apache.http.headers - << Content-Length: 294
12:39:05.480 [TestNG-tests-1] DEBUG org.apache.http.headers - << Connection: keep-alive
12:39:05.480 [TestNG-tests-1] DEBUG org.apache.http.headers - << Cache-Control: no-cache, no-store, max-age=0, must-revalidate, value
12:39:05.480 [TestNG-tests-1] DEBUG org.apache.http.headers - << Expires: Thu, 01 Jan 1970 00:00:00 GMT
12:39:05.480 [TestNG-tests-1] DEBUG org.apache.http.headers - << Last-Modified: Fri, 24 Apr 2020 04:39:05 GMT
12:39:05.480 [TestNG-tests-1] DEBUG org.apache.http.headers - << X-Content-Type-Options: nosniff
12:39:05.480 [TestNG-tests-1] DEBUG org.apache.http.headers - << X-Frame-Options: DENY
12:39:05.480 [TestNG-tests-1] DEBUG org.apache.http.headers - << X-Xss-Protection: 1; mode=block
12:39:05.480 [TestNG-tests-1] DEBUG org.apache.http.headers - << Access-Control-Allow-Origin: *
12:39:05.480 [TestNG-tests-1] DEBUG org.apache.http.headers - << Access-Control-Allow-Methods: GET,POST,OPTIONS,DELETE,PUT
12:39:05.480 [TestNG-tests-1] DEBUG org.apache.http.headers - << Access-Control-Allow-Headers: DNT,Origin,Accept,X-Key,X-Real-IP,Key,X-Mx-ReqToken,Keep-Alive,User-Agent,X-Requested-With,If-Modified-Since,Cache-Control,Content-Type,Authorization
12:39:05.481 [TestNG-tests-1] DEBUG org.apache.http.impl.client.DefaultHttpClient - Connection can be kept alive indefinitely
http://list.tronlink.org//api/dapp/v2/classify 请求总耗时：505 毫秒
12:39:05.481 [TestNG-tests-1] DEBUG org.apache.http.wire -  << "[{"classify_id":3,"name":"Game","weight":800,"status":2},{"classify_id":4,"name":"Exchange","weight":700,"status":2},{"classify_id":1,"name":"Casino","weight":600,"status":2},{"classify_id":2,"name":"High Risk","weight":500,"status":2},{"classify_id":7,"name":"Other","weight":200,"status":2}][\n]"
12:39:05.481 [TestNG-tests-1] DEBUG org.apache.http.impl.conn.PoolingClientConnectionManager - Connection [id: 1][route: {s}->https://list.tronlink.org:443] can be kept alive indefinitely
12:39:05.481 [TestNG-tests-1] DEBUG org.apache.http.impl.conn.PoolingClientConnectionManager - Connection released: [id: 1][route: {s}->https://list.tronlink.org:443][total kept alive: 2; route allocated: 1 of 80; total allocated: 2 of 100]
]]></system-out>
  <system-err><![CDATA[]]></system-err>
</testsuite>
