<?xml version="1.0" encoding="UTF-8"?>
<testsuite name="tron.tronlink.Dapp_Hot" tests="2" skipped="0" failures="0" errors="0" timestamp="2020-04-24T04:39:06" hostname="zhukaideiMac.local" time="1.056">
  <properties/>
  <testcase name="hot_recommend" classname="tron.tronlink.Dapp_Hot" time="0.506"/>
  <testcase name="hot_search" classname="tron.tronlink.Dapp_Hot" time="0.55"/>
  <system-out><![CDATA[http://list.tronlink.org/api/dapp/v2/dapp/hot_recommend
12:39:06.009 [TestNG-tests-1] DEBUG org.apache.http.impl.conn.PoolingClientConnectionManager - Connection request: [route: {}->http://list.tronlink.org:80][total kept alive: 2; route allocated: 1 of 80; total allocated: 2 of 100]
12:39:06.009 [TestNG-tests-1] DEBUG org.apache.http.impl.conn.PoolingClientConnectionManager - Connection leased: [id: 0][route: {}->http://list.tronlink.org:80][total kept alive: 1; route allocated: 1 of 80; total allocated: 2 of 100]
12:39:06.009 [TestNG-tests-1] DEBUG org.apache.http.impl.client.DefaultHttpClient - Stale connection check
12:39:06.010 [TestNG-tests-1] DEBUG org.apache.http.client.protocol.RequestAddCookies - CookieSpec selected: default
12:39:06.010 [TestNG-tests-1] DEBUG org.apache.http.client.protocol.RequestAuthCache - Auth cache not set in the context
12:39:06.010 [TestNG-tests-1] DEBUG org.apache.http.client.protocol.RequestTargetAuthentication - Target auth state: UNCHALLENGED
12:39:06.010 [TestNG-tests-1] DEBUG org.apache.http.client.protocol.RequestProxyAuthentication - Proxy auth state: UNCHALLENGED
12:39:06.010 [TestNG-tests-1] DEBUG org.apache.http.impl.client.DefaultHttpClient - Attempt 1 to execute request
12:39:06.010 [TestNG-tests-1] DEBUG org.apache.http.impl.conn.DefaultClientConnection - Sending request: GET /api/dapp/v2/dapp/hot_recommend HTTP/1.1
12:39:06.010 [TestNG-tests-1] DEBUG org.apache.http.wire -  >> "GET /api/dapp/v2/dapp/hot_recommend HTTP/1.1[\r][\n]"
12:39:06.011 [TestNG-tests-1] DEBUG org.apache.http.wire -  >> "Lang: 1[\r][\n]"
12:39:06.011 [TestNG-tests-1] DEBUG org.apache.http.wire -  >> "Content-type: application/json; charset=utf-8[\r][\n]"
12:39:06.011 [TestNG-tests-1] DEBUG org.apache.http.wire -  >> "Connection: Keep-Alive[\r][\n]"
12:39:06.011 [TestNG-tests-1] DEBUG org.apache.http.wire -  >> "Host: list.tronlink.org[\r][\n]"
12:39:06.011 [TestNG-tests-1] DEBUG org.apache.http.wire -  >> "User-Agent: Apache-HttpClient/4.5.3 (Java/1.8.0_211)[\r][\n]"
12:39:06.011 [TestNG-tests-1] DEBUG org.apache.http.wire -  >> "[\r][\n]"
12:39:06.011 [TestNG-tests-1] DEBUG org.apache.http.headers - >> GET /api/dapp/v2/dapp/hot_recommend HTTP/1.1
12:39:06.011 [TestNG-tests-1] DEBUG org.apache.http.headers - >> Lang: 1
12:39:06.011 [TestNG-tests-1] DEBUG org.apache.http.headers - >> Content-type: application/json; charset=utf-8
12:39:06.011 [TestNG-tests-1] DEBUG org.apache.http.headers - >> Connection: Keep-Alive
12:39:06.011 [TestNG-tests-1] DEBUG org.apache.http.headers - >> Host: list.tronlink.org
12:39:06.011 [TestNG-tests-1] DEBUG org.apache.http.headers - >> User-Agent: Apache-HttpClient/4.5.3 (Java/1.8.0_211)
12:39:06.250 [TestNG-tests-1] DEBUG org.apache.http.wire -  << "HTTP/1.1 301 Moved Permanently[\r][\n]"
12:39:06.250 [TestNG-tests-1] DEBUG org.apache.http.wire -  << "Server: nginx/1.12.2[\r][\n]"
12:39:06.250 [TestNG-tests-1] DEBUG org.apache.http.wire -  << "Date: Fri, 24 Apr 2020 04:39:06 GMT[\r][\n]"
12:39:06.250 [TestNG-tests-1] DEBUG org.apache.http.wire -  << "Content-Type: text/html[\r][\n]"
12:39:06.250 [TestNG-tests-1] DEBUG org.apache.http.wire -  << "Content-Length: 185[\r][\n]"
12:39:06.250 [TestNG-tests-1] DEBUG org.apache.http.wire -  << "Connection: keep-alive[\r][\n]"
12:39:06.250 [TestNG-tests-1] DEBUG org.apache.http.wire -  << "Location: https://list.tronlink.org/api/dapp/v2/dapp/hot_recommend[\r][\n]"
12:39:06.250 [TestNG-tests-1] DEBUG org.apache.http.wire -  << "[\r][\n]"
12:39:06.250 [TestNG-tests-1] DEBUG org.apache.http.impl.conn.DefaultClientConnection - Receiving response: HTTP/1.1 301 Moved Permanently
12:39:06.250 [TestNG-tests-1] DEBUG org.apache.http.headers - << HTTP/1.1 301 Moved Permanently
12:39:06.250 [TestNG-tests-1] DEBUG org.apache.http.headers - << Server: nginx/1.12.2
12:39:06.250 [TestNG-tests-1] DEBUG org.apache.http.headers - << Date: Fri, 24 Apr 2020 04:39:06 GMT
12:39:06.250 [TestNG-tests-1] DEBUG org.apache.http.headers - << Content-Type: text/html
12:39:06.250 [TestNG-tests-1] DEBUG org.apache.http.headers - << Content-Length: 185
12:39:06.250 [TestNG-tests-1] DEBUG org.apache.http.headers - << Connection: keep-alive
12:39:06.250 [TestNG-tests-1] DEBUG org.apache.http.headers - << Location: https://list.tronlink.org/api/dapp/v2/dapp/hot_recommend
12:39:06.250 [TestNG-tests-1] DEBUG org.apache.http.impl.client.DefaultHttpClient - Connection can be kept alive indefinitely
12:39:06.250 [TestNG-tests-1] DEBUG org.apache.http.impl.client.DefaultRedirectStrategy - Redirect requested to location 'https://list.tronlink.org/api/dapp/v2/dapp/hot_recommend'
12:39:06.250 [TestNG-tests-1] DEBUG org.apache.http.impl.client.DefaultHttpClient - Resetting target auth state
12:39:06.250 [TestNG-tests-1] DEBUG org.apache.http.impl.client.DefaultHttpClient - Redirecting to 'https://list.tronlink.org/api/dapp/v2/dapp/hot_recommend' via {s}->https://list.tronlink.org:443
12:39:06.250 [TestNG-tests-1] DEBUG org.apache.http.wire -  << "<html>[\r][\n]"
12:39:06.250 [TestNG-tests-1] DEBUG org.apache.http.wire -  << "<head><title>301 Moved Permanently</title></head>[\r][\n]"
12:39:06.250 [TestNG-tests-1] DEBUG org.apache.http.wire -  << "<body bgcolor="white">[\r][\n]"
12:39:06.250 [TestNG-tests-1] DEBUG org.apache.http.wire -  << "<center><h1>301 Moved Permanently</h1></center>[\r][\n]"
12:39:06.250 [TestNG-tests-1] DEBUG org.apache.http.wire -  << "<hr><center>nginx/1.12.2</center>[\r][\n]"
12:39:06.250 [TestNG-tests-1] DEBUG org.apache.http.wire -  << "</body>[\r][\n]"
12:39:06.250 [TestNG-tests-1] DEBUG org.apache.http.wire -  << "</html>[\r][\n]"
12:39:06.250 [TestNG-tests-1] DEBUG org.apache.http.impl.conn.PoolingClientConnectionManager - Connection [id: 0][route: {}->http://list.tronlink.org:80] can be kept alive indefinitely
12:39:06.250 [TestNG-tests-1] DEBUG org.apache.http.impl.conn.PoolingClientConnectionManager - Connection released: [id: 0][route: {}->http://list.tronlink.org:80][total kept alive: 2; route allocated: 1 of 80; total allocated: 2 of 100]
12:39:06.250 [TestNG-tests-1] DEBUG org.apache.http.impl.conn.PoolingClientConnectionManager - Connection request: [route: {s}->https://list.tronlink.org:443][total kept alive: 2; route allocated: 1 of 80; total allocated: 2 of 100]
12:39:06.250 [TestNG-tests-1] DEBUG org.apache.http.impl.conn.PoolingClientConnectionManager - Connection leased: [id: 1][route: {s}->https://list.tronlink.org:443][total kept alive: 1; route allocated: 1 of 80; total allocated: 2 of 100]
12:39:06.250 [TestNG-tests-1] DEBUG org.apache.http.impl.client.DefaultHttpClient - Stale connection check
12:39:06.252 [TestNG-tests-1] DEBUG org.apache.http.client.protocol.RequestAddCookies - CookieSpec selected: default
12:39:06.252 [TestNG-tests-1] DEBUG org.apache.http.client.protocol.RequestAuthCache - Auth cache not set in the context
12:39:06.252 [TestNG-tests-1] DEBUG org.apache.http.client.protocol.RequestTargetAuthentication - Target auth state: UNCHALLENGED
12:39:06.252 [TestNG-tests-1] DEBUG org.apache.http.client.protocol.RequestProxyAuthentication - Proxy auth state: UNCHALLENGED
12:39:06.252 [TestNG-tests-1] DEBUG org.apache.http.impl.client.DefaultHttpClient - Attempt 2 to execute request
12:39:06.252 [TestNG-tests-1] DEBUG org.apache.http.impl.conn.DefaultClientConnection - Sending request: GET /api/dapp/v2/dapp/hot_recommend HTTP/1.1
12:39:06.252 [TestNG-tests-1] DEBUG org.apache.http.wire -  >> "GET /api/dapp/v2/dapp/hot_recommend HTTP/1.1[\r][\n]"
12:39:06.252 [TestNG-tests-1] DEBUG org.apache.http.wire -  >> "Lang: 1[\r][\n]"
12:39:06.252 [TestNG-tests-1] DEBUG org.apache.http.wire -  >> "Content-type: application/json; charset=utf-8[\r][\n]"
12:39:06.252 [TestNG-tests-1] DEBUG org.apache.http.wire -  >> "Connection: Keep-Alive[\r][\n]"
12:39:06.252 [TestNG-tests-1] DEBUG org.apache.http.wire -  >> "Host: list.tronlink.org[\r][\n]"
12:39:06.252 [TestNG-tests-1] DEBUG org.apache.http.wire -  >> "User-Agent: Apache-HttpClient/4.5.3 (Java/1.8.0_211)[\r][\n]"
12:39:06.252 [TestNG-tests-1] DEBUG org.apache.http.wire -  >> "[\r][\n]"
12:39:06.252 [TestNG-tests-1] DEBUG org.apache.http.headers - >> GET /api/dapp/v2/dapp/hot_recommend HTTP/1.1
12:39:06.252 [TestNG-tests-1] DEBUG org.apache.http.headers - >> Lang: 1
12:39:06.252 [TestNG-tests-1] DEBUG org.apache.http.headers - >> Content-type: application/json; charset=utf-8
12:39:06.252 [TestNG-tests-1] DEBUG org.apache.http.headers - >> Connection: Keep-Alive
12:39:06.252 [TestNG-tests-1] DEBUG org.apache.http.headers - >> Host: list.tronlink.org
12:39:06.252 [TestNG-tests-1] DEBUG org.apache.http.headers - >> User-Agent: Apache-HttpClient/4.5.3 (Java/1.8.0_211)
12:39:06.514 [TestNG-tests-1] DEBUG org.apache.http.wire -  << "HTTP/1.1 200 OK[\r][\n]"
12:39:06.514 [TestNG-tests-1] DEBUG org.apache.http.wire -  << "Server: nginx/1.12.2[\r][\n]"
12:39:06.514 [TestNG-tests-1] DEBUG org.apache.http.wire -  << "Date: Fri, 24 Apr 2020 04:39:06 GMT[\r][\n]"
12:39:06.514 [TestNG-tests-1] DEBUG org.apache.http.wire -  << "Content-Type: application/json; charset=utf-8[\r][\n]"
12:39:06.514 [TestNG-tests-1] DEBUG org.apache.http.wire -  << "Transfer-Encoding: chunked[\r][\n]"
12:39:06.514 [TestNG-tests-1] DEBUG org.apache.http.wire -  << "Connection: keep-alive[\r][\n]"
12:39:06.514 [TestNG-tests-1] DEBUG org.apache.http.wire -  << "Cache-Control: no-cache, no-store, max-age=0, must-revalidate, value[\r][\n]"
12:39:06.514 [TestNG-tests-1] DEBUG org.apache.http.wire -  << "Expires: Thu, 01 Jan 1970 00:00:00 GMT[\r][\n]"
12:39:06.514 [TestNG-tests-1] DEBUG org.apache.http.wire -  << "Last-Modified: Fri, 24 Apr 2020 04:39:06 GMT[\r][\n]"
12:39:06.514 [TestNG-tests-1] DEBUG org.apache.http.wire -  << "X-Content-Type-Options: nosniff[\r][\n]"
12:39:06.514 [TestNG-tests-1] DEBUG org.apache.http.wire -  << "X-Frame-Options: DENY[\r][\n]"
12:39:06.514 [TestNG-tests-1] DEBUG org.apache.http.wire -  << "X-Xss-Protection: 1; mode=block[\r][\n]"
12:39:06.514 [TestNG-tests-1] DEBUG org.apache.http.wire -  << "Access-Control-Allow-Origin: *[\r][\n]"
12:39:06.514 [TestNG-tests-1] DEBUG org.apache.http.wire -  << "Access-Control-Allow-Methods: GET,POST,OPTIONS,DELETE,PUT[\r][\n]"
12:39:06.514 [TestNG-tests-1] DEBUG org.apache.http.wire -  << "Access-Control-Allow-Headers: DNT,Origin,Accept,X-Key,X-Real-IP,Key,X-Mx-ReqToken,Keep-Alive,User-Agent,X-Requested-With,If-Modified-Since,Cache-Control,Content-Type,Authorization[\r][\n]"
12:39:06.514 [TestNG-tests-1] DEBUG org.apache.http.wire -  << "[\r][\n]"
12:39:06.514 [TestNG-tests-1] DEBUG org.apache.http.impl.conn.DefaultClientConnection - Receiving response: HTTP/1.1 200 OK
12:39:06.514 [TestNG-tests-1] DEBUG org.apache.http.headers - << HTTP/1.1 200 OK
12:39:06.514 [TestNG-tests-1] DEBUG org.apache.http.headers - << Server: nginx/1.12.2
12:39:06.514 [TestNG-tests-1] DEBUG org.apache.http.headers - << Date: Fri, 24 Apr 2020 04:39:06 GMT
12:39:06.514 [TestNG-tests-1] DEBUG org.apache.http.headers - << Content-Type: application/json; charset=utf-8
12:39:06.514 [TestNG-tests-1] DEBUG org.apache.http.headers - << Transfer-Encoding: chunked
12:39:06.514 [TestNG-tests-1] DEBUG org.apache.http.headers - << Connection: keep-alive
12:39:06.514 [TestNG-tests-1] DEBUG org.apache.http.headers - << Cache-Control: no-cache, no-store, max-age=0, must-revalidate, value
12:39:06.514 [TestNG-tests-1] DEBUG org.apache.http.headers - << Expires: Thu, 01 Jan 1970 00:00:00 GMT
12:39:06.514 [TestNG-tests-1] DEBUG org.apache.http.headers - << Last-Modified: Fri, 24 Apr 2020 04:39:06 GMT
12:39:06.514 [TestNG-tests-1] DEBUG org.apache.http.headers - << X-Content-Type-Options: nosniff
12:39:06.514 [TestNG-tests-1] DEBUG org.apache.http.headers - << X-Frame-Options: DENY
12:39:06.514 [TestNG-tests-1] DEBUG org.apache.http.headers - << X-Xss-Protection: 1; mode=block
12:39:06.514 [TestNG-tests-1] DEBUG org.apache.http.headers - << Access-Control-Allow-Origin: *
12:39:06.514 [TestNG-tests-1] DEBUG org.apache.http.headers - << Access-Control-Allow-Methods: GET,POST,OPTIONS,DELETE,PUT
12:39:06.514 [TestNG-tests-1] DEBUG org.apache.http.headers - << Access-Control-Allow-Headers: DNT,Origin,Accept,X-Key,X-Real-IP,Key,X-Mx-ReqToken,Keep-Alive,User-Agent,X-Requested-With,If-Modified-Since,Cache-Control,Content-Type,Authorization
12:39:06.514 [TestNG-tests-1] DEBUG org.apache.http.impl.client.DefaultHttpClient - Connection can be kept alive indefinitely
http://list.tronlink.org/api/dapp/v2/dapp/hot_recommend 请求总耗时：505 毫秒
12:39:06.514 [TestNG-tests-1] DEBUG org.apache.http.wire -  << "d65[\r][\n]"
12:39:06.514 [TestNG-tests-1] DEBUG org.apache.http.wire -  << "{"code":0,"message":"OK","data":[{"id":344,"classify_id":7,"name":"JUST","image_url":"https://tronlink-images.s3.us-east-2.amazonaws.com/image/just_coin.jpg","home_url":"https://just.tronscan.org/#/home","slogan":"Everyone's stable coin","is_white":0,"horiz_vert":3,"is_roll":1},{"id":3,"classify_id":1,"name":"WINk","image_url":"https://tronlink-images.s3.us-east-2.amazonaws.com/image/a78FkFxpWhMkBbGi6XDMcZbPTSxsDWjk.jpg","home_url":"https://www.wink.org","slogan":"By combining our experience in providing users with thrilling games and our expertise in blockchain technology, we will remove all the nasty sign-ups, shady house edges, and poor player experience to create TRONBET: The world[0xe2][0x80][0x99]s first trustless, permission-less, and high-performance e-gaming platform on the TRON network.","is_white":1,"horiz_vert":3,"is_roll":1},{"id":171,"classify_id":4,"name":"Poloni DEX","image_url":"https://tronlink-images.s3.us-east-2.amazonaws.com/image/PoloniDEX.png","home_url":"http://trx.market","slogan":"The first decentralized exchange based on TRON network in the world and one of the only 27 super representatives of TRON.","is_white":1,"horiz_vert":3,"is_roll":1},{"id":189,"classify_id":7,"name":"Tronscan","image_url":"https://tronlink-images.s3.us-east-2.amazonaws.com/image/TRONSCAN.jpg","home_url":"https://tronscan.io/#/","slogan":"Tronscan is the first block explorer based on TRON.","is_white":0,"horiz_vert":3,"is_roll":1},{"id":183,"classify_id":4,"name":"TRONLENDING","image_url":"https://tronlink-images.s3.us-east-2.amazonaws.com/image/WzQEXBQcj4kimwMtbHZM2jdf2d33sQTB.png","home_url":"https://dapp.tronlink.org/#/tronLending","slogan":"Tron self-service energy borrowing","is_white":1,"horiz_vert":3,"is_roll":1},{"id":21,"classify_id":1,"name":"888TRON","image_url":"https://tronlink-images.s3.us-east-2.amazonaws.com/image/888tron.png","home_url":"https://888tron.com","slogan":"888tron wants to become the BIGGEST and BEST online gambling platform on #TRX blockchain.","is_white":1,"horiz_vert":3,"is_roll":1},{"id":13,"classify_id":1,"name":"RocketGame(Monopoly+Dice)","image_url":"https://tronlink-images.s3.us-east-2.amazonaws.com/image/AXd8XwDdCibdyfF7bjJQDfKmTsEnpr3Q.png","home_url":"https://rocketgame.io/#/","slogan":"First Tron Banker Bull lauch !","is_white":1,"horiz_vert":3,"is_roll":1},{"id":9,"classify_id":1,"name":"Dragon7","image_url":"https://tronlink-images.s3.us-east-2.amazonaws.com/image/X3yZ6xyWsGc4YpHKBeGNzjhGis7sj6iN.jpg","home_url":"https://dragon7.games/en/home","slogan":"Dragon 7 partners with a classic casino game's production house to provide online classic casino games to the blockchain community.","is_white":1,"horiz_vert":3,"is_roll":1},{"id":199,"classify_id":7,"name":"Bankroll","image_url":"https://tronlink-images.s3.us-east-2.amazonaws.com/image/R3CFMyKZzw5SDeXBcxHnMRTeHRwsa4wh.png","home_url":"https://bankroll.network/?ref=TQvQfe1zgaJGaAeHT3jvqsbvJJHdnAcPWw","slogan":"Bankroll is a social experiment on the TRON blockchain to implement a voluntary, sustainable, and permissionless universal basic income.","is_white":1,"horiz_vert":3,"is_roll":1},{"id":175,"classify_id":4,"name":"Newdex","image_url":"https://tronlink-images.s3.us-east-2.amazonaws.com/image/20190929_a25b54279a9e9f4b.jpg","home_url":"https://tron.340wan.com/?channel=tronlink\u0026chain=tron","slogan":"The world's leading Decentralized Exchange","is_white":1,"horiz_vert":3,"is_roll":1}]}[\n]"
12:39:06.514 [TestNG-tests-1] DEBUG org.apache.http.wire -  << "[\r][\n]"
12:39:06.514 [TestNG-tests-1] DEBUG org.apache.http.wire -  << "0[\r][\n]"
12:39:06.514 [TestNG-tests-1] DEBUG org.apache.http.wire -  << "[\r][\n]"
12:39:06.514 [TestNG-tests-1] DEBUG org.apache.http.impl.conn.PoolingClientConnectionManager - Connection [id: 1][route: {s}->https://list.tronlink.org:443] can be kept alive indefinitely
12:39:06.514 [TestNG-tests-1] DEBUG org.apache.http.impl.conn.PoolingClientConnectionManager - Connection released: [id: 1][route: {s}->https://list.tronlink.org:443][total kept alive: 2; route allocated: 1 of 80; total allocated: 2 of 100]
{"horiz_vert":3,"home_url":"https://just.tronscan.org/#/home","image_url":"https://tronlink-images.s3.us-east-2.amazonaws.com/image/just_coin.jpg","is_white":0,"classify_id":7,"name":"JUST","is_roll":1,"id":344,"slogan":"Everyone's stable coin"}
{"horiz_vert":3,"home_url":"https://www.wink.org","image_url":"https://tronlink-images.s3.us-east-2.amazonaws.com/image/a78FkFxpWhMkBbGi6XDMcZbPTSxsDWjk.jpg","is_white":1,"classify_id":1,"name":"WINk","is_roll":1,"id":3,"slogan":"By combining our experience in providing users with thrilling games and our expertise in blockchain technology, we will remove all the nasty sign-ups, shady house edges, and poor player experience to create TRONBET: The world’s first trustless, permission-less, and high-performance e-gaming platform on the TRON network."}
{"horiz_vert":3,"home_url":"http://trx.market","image_url":"https://tronlink-images.s3.us-east-2.amazonaws.com/image/PoloniDEX.png","is_white":1,"classify_id":4,"name":"Poloni DEX","is_roll":1,"id":171,"slogan":"The first decentralized exchange based on TRON network in the world and one of the only 27 super representatives of TRON."}
{"horiz_vert":3,"home_url":"https://tronscan.io/#/","image_url":"https://tronlink-images.s3.us-east-2.amazonaws.com/image/TRONSCAN.jpg","is_white":0,"classify_id":7,"name":"Tronscan","is_roll":1,"id":189,"slogan":"Tronscan is the first block explorer based on TRON."}
{"horiz_vert":3,"home_url":"https://dapp.tronlink.org/#/tronLending","image_url":"https://tronlink-images.s3.us-east-2.amazonaws.com/image/WzQEXBQcj4kimwMtbHZM2jdf2d33sQTB.png","is_white":1,"classify_id":4,"name":"TRONLENDING","is_roll":1,"id":183,"slogan":"Tron self-service energy borrowing"}
{"horiz_vert":3,"home_url":"https://888tron.com","image_url":"https://tronlink-images.s3.us-east-2.amazonaws.com/image/888tron.png","is_white":1,"classify_id":1,"name":"888TRON","is_roll":1,"id":21,"slogan":"888tron wants to become the BIGGEST and BEST online gambling platform on #TRX blockchain."}
{"horiz_vert":3,"home_url":"https://rocketgame.io/#/","image_url":"https://tronlink-images.s3.us-east-2.amazonaws.com/image/AXd8XwDdCibdyfF7bjJQDfKmTsEnpr3Q.png","is_white":1,"classify_id":1,"name":"RocketGame(Monopoly+Dice)","is_roll":1,"id":13,"slogan":"First Tron Banker Bull lauch !"}
{"horiz_vert":3,"home_url":"https://dragon7.games/en/home","image_url":"https://tronlink-images.s3.us-east-2.amazonaws.com/image/X3yZ6xyWsGc4YpHKBeGNzjhGis7sj6iN.jpg","is_white":1,"classify_id":1,"name":"Dragon7","is_roll":1,"id":9,"slogan":"Dragon 7 partners with a classic casino game's production house to provide online classic casino games to the blockchain community."}
{"horiz_vert":3,"home_url":"https://bankroll.network/?ref=TQvQfe1zgaJGaAeHT3jvqsbvJJHdnAcPWw","image_url":"https://tronlink-images.s3.us-east-2.amazonaws.com/image/R3CFMyKZzw5SDeXBcxHnMRTeHRwsa4wh.png","is_white":1,"classify_id":7,"name":"Bankroll","is_roll":1,"id":199,"slogan":"Bankroll is a social experiment on the TRON blockchain to implement a voluntary, sustainable, and permissionless universal basic income."}
{"horiz_vert":3,"home_url":"https://tron.340wan.com/?channel=tronlink&chain=tron","image_url":"https://tronlink-images.s3.us-east-2.amazonaws.com/image/20190929_a25b54279a9e9f4b.jpg","is_white":1,"classify_id":4,"name":"Newdex","is_roll":1,"id":175,"slogan":"The world's leading Decentralized Exchange"}
http://list.tronlink.org/api/dapp/v2/dapp/hot_search
12:39:06.515 [TestNG-tests-1] DEBUG org.apache.http.impl.conn.PoolingClientConnectionManager - Connection request: [route: {}->http://list.tronlink.org:80][total kept alive: 2; route allocated: 1 of 80; total allocated: 2 of 100]
12:39:06.515 [TestNG-tests-1] DEBUG org.apache.http.impl.conn.PoolingClientConnectionManager - Connection leased: [id: 0][route: {}->http://list.tronlink.org:80][total kept alive: 1; route allocated: 1 of 80; total allocated: 2 of 100]
12:39:06.515 [TestNG-tests-1] DEBUG org.apache.http.impl.client.DefaultHttpClient - Stale connection check
12:39:06.517 [TestNG-tests-1] DEBUG org.apache.http.client.protocol.RequestAddCookies - CookieSpec selected: default
12:39:06.517 [TestNG-tests-1] DEBUG org.apache.http.client.protocol.RequestAuthCache - Auth cache not set in the context
12:39:06.517 [TestNG-tests-1] DEBUG org.apache.http.client.protocol.RequestTargetAuthentication - Target auth state: UNCHALLENGED
12:39:06.517 [TestNG-tests-1] DEBUG org.apache.http.client.protocol.RequestProxyAuthentication - Proxy auth state: UNCHALLENGED
12:39:06.517 [TestNG-tests-1] DEBUG org.apache.http.impl.client.DefaultHttpClient - Attempt 1 to execute request
12:39:06.517 [TestNG-tests-1] DEBUG org.apache.http.impl.conn.DefaultClientConnection - Sending request: GET /api/dapp/v2/dapp/hot_search HTTP/1.1
12:39:06.517 [TestNG-tests-1] DEBUG org.apache.http.wire -  >> "GET /api/dapp/v2/dapp/hot_search HTTP/1.1[\r][\n]"
12:39:06.517 [TestNG-tests-1] DEBUG org.apache.http.wire -  >> "Lang: 1[\r][\n]"
12:39:06.517 [TestNG-tests-1] DEBUG org.apache.http.wire -  >> "Content-type: application/json; charset=utf-8[\r][\n]"
12:39:06.517 [TestNG-tests-1] DEBUG org.apache.http.wire -  >> "Connection: Keep-Alive[\r][\n]"
12:39:06.517 [TestNG-tests-1] DEBUG org.apache.http.wire -  >> "Host: list.tronlink.org[\r][\n]"
12:39:06.517 [TestNG-tests-1] DEBUG org.apache.http.wire -  >> "User-Agent: Apache-HttpClient/4.5.3 (Java/1.8.0_211)[\r][\n]"
12:39:06.517 [TestNG-tests-1] DEBUG org.apache.http.wire -  >> "[\r][\n]"
12:39:06.517 [TestNG-tests-1] DEBUG org.apache.http.headers - >> GET /api/dapp/v2/dapp/hot_search HTTP/1.1
12:39:06.517 [TestNG-tests-1] DEBUG org.apache.http.headers - >> Lang: 1
12:39:06.517 [TestNG-tests-1] DEBUG org.apache.http.headers - >> Content-type: application/json; charset=utf-8
12:39:06.517 [TestNG-tests-1] DEBUG org.apache.http.headers - >> Connection: Keep-Alive
12:39:06.517 [TestNG-tests-1] DEBUG org.apache.http.headers - >> Host: list.tronlink.org
12:39:06.517 [TestNG-tests-1] DEBUG org.apache.http.headers - >> User-Agent: Apache-HttpClient/4.5.3 (Java/1.8.0_211)
12:39:06.821 [TestNG-tests-1] DEBUG org.apache.http.wire -  << "HTTP/1.1 301 Moved Permanently[\r][\n]"
12:39:06.821 [TestNG-tests-1] DEBUG org.apache.http.wire -  << "Server: nginx/1.12.2[\r][\n]"
12:39:06.821 [TestNG-tests-1] DEBUG org.apache.http.wire -  << "Date: Fri, 24 Apr 2020 04:39:06 GMT[\r][\n]"
12:39:06.821 [TestNG-tests-1] DEBUG org.apache.http.wire -  << "Content-Type: text/html[\r][\n]"
12:39:06.821 [TestNG-tests-1] DEBUG org.apache.http.wire -  << "Content-Length: 185[\r][\n]"
12:39:06.821 [TestNG-tests-1] DEBUG org.apache.http.wire -  << "Connection: keep-alive[\r][\n]"
12:39:06.821 [TestNG-tests-1] DEBUG org.apache.http.wire -  << "Location: https://list.tronlink.org/api/dapp/v2/dapp/hot_search[\r][\n]"
12:39:06.821 [TestNG-tests-1] DEBUG org.apache.http.wire -  << "[\r][\n]"
12:39:06.821 [TestNG-tests-1] DEBUG org.apache.http.impl.conn.DefaultClientConnection - Receiving response: HTTP/1.1 301 Moved Permanently
12:39:06.821 [TestNG-tests-1] DEBUG org.apache.http.headers - << HTTP/1.1 301 Moved Permanently
12:39:06.821 [TestNG-tests-1] DEBUG org.apache.http.headers - << Server: nginx/1.12.2
12:39:06.821 [TestNG-tests-1] DEBUG org.apache.http.headers - << Date: Fri, 24 Apr 2020 04:39:06 GMT
12:39:06.821 [TestNG-tests-1] DEBUG org.apache.http.headers - << Content-Type: text/html
12:39:06.821 [TestNG-tests-1] DEBUG org.apache.http.headers - << Content-Length: 185
12:39:06.821 [TestNG-tests-1] DEBUG org.apache.http.headers - << Connection: keep-alive
12:39:06.821 [TestNG-tests-1] DEBUG org.apache.http.headers - << Location: https://list.tronlink.org/api/dapp/v2/dapp/hot_search
12:39:06.821 [TestNG-tests-1] DEBUG org.apache.http.impl.client.DefaultHttpClient - Connection can be kept alive indefinitely
12:39:06.821 [TestNG-tests-1] DEBUG org.apache.http.impl.client.DefaultRedirectStrategy - Redirect requested to location 'https://list.tronlink.org/api/dapp/v2/dapp/hot_search'
12:39:06.821 [TestNG-tests-1] DEBUG org.apache.http.impl.client.DefaultHttpClient - Resetting target auth state
12:39:06.821 [TestNG-tests-1] DEBUG org.apache.http.impl.client.DefaultHttpClient - Redirecting to 'https://list.tronlink.org/api/dapp/v2/dapp/hot_search' via {s}->https://list.tronlink.org:443
12:39:06.821 [TestNG-tests-1] DEBUG org.apache.http.wire -  << "<html>[\r][\n]"
12:39:06.821 [TestNG-tests-1] DEBUG org.apache.http.wire -  << "<head><title>301 Moved Permanently</title></head>[\r][\n]"
12:39:06.821 [TestNG-tests-1] DEBUG org.apache.http.wire -  << "<body bgcolor="white">[\r][\n]"
12:39:06.821 [TestNG-tests-1] DEBUG org.apache.http.wire -  << "<center><h1>301 Moved Permanently</h1></center>[\r][\n]"
12:39:06.821 [TestNG-tests-1] DEBUG org.apache.http.wire -  << "<hr><center>nginx/1.12.2</center>[\r][\n]"
12:39:06.821 [TestNG-tests-1] DEBUG org.apache.http.wire -  << "</body>[\r][\n]"
12:39:06.821 [TestNG-tests-1] DEBUG org.apache.http.wire -  << "</html>[\r][\n]"
12:39:06.821 [TestNG-tests-1] DEBUG org.apache.http.impl.conn.PoolingClientConnectionManager - Connection [id: 0][route: {}->http://list.tronlink.org:80] can be kept alive indefinitely
12:39:06.821 [TestNG-tests-1] DEBUG org.apache.http.impl.conn.PoolingClientConnectionManager - Connection released: [id: 0][route: {}->http://list.tronlink.org:80][total kept alive: 2; route allocated: 1 of 80; total allocated: 2 of 100]
12:39:06.821 [TestNG-tests-1] DEBUG org.apache.http.impl.conn.PoolingClientConnectionManager - Connection request: [route: {s}->https://list.tronlink.org:443][total kept alive: 2; route allocated: 1 of 80; total allocated: 2 of 100]
12:39:06.821 [TestNG-tests-1] DEBUG org.apache.http.impl.conn.PoolingClientConnectionManager - Connection leased: [id: 1][route: {s}->https://list.tronlink.org:443][total kept alive: 1; route allocated: 1 of 80; total allocated: 2 of 100]
12:39:06.821 [TestNG-tests-1] DEBUG org.apache.http.impl.client.DefaultHttpClient - Stale connection check
12:39:06.823 [TestNG-tests-1] DEBUG org.apache.http.client.protocol.RequestAddCookies - CookieSpec selected: default
12:39:06.823 [TestNG-tests-1] DEBUG org.apache.http.client.protocol.RequestAuthCache - Auth cache not set in the context
12:39:06.823 [TestNG-tests-1] DEBUG org.apache.http.client.protocol.RequestTargetAuthentication - Target auth state: UNCHALLENGED
12:39:06.823 [TestNG-tests-1] DEBUG org.apache.http.client.protocol.RequestProxyAuthentication - Proxy auth state: UNCHALLENGED
12:39:06.823 [TestNG-tests-1] DEBUG org.apache.http.impl.client.DefaultHttpClient - Attempt 2 to execute request
12:39:06.823 [TestNG-tests-1] DEBUG org.apache.http.impl.conn.DefaultClientConnection - Sending request: GET /api/dapp/v2/dapp/hot_search HTTP/1.1
12:39:06.823 [TestNG-tests-1] DEBUG org.apache.http.wire -  >> "GET /api/dapp/v2/dapp/hot_search HTTP/1.1[\r][\n]"
12:39:06.823 [TestNG-tests-1] DEBUG org.apache.http.wire -  >> "Lang: 1[\r][\n]"
12:39:06.823 [TestNG-tests-1] DEBUG org.apache.http.wire -  >> "Content-type: application/json; charset=utf-8[\r][\n]"
12:39:06.823 [TestNG-tests-1] DEBUG org.apache.http.wire -  >> "Connection: Keep-Alive[\r][\n]"
12:39:06.823 [TestNG-tests-1] DEBUG org.apache.http.wire -  >> "Host: list.tronlink.org[\r][\n]"
12:39:06.823 [TestNG-tests-1] DEBUG org.apache.http.wire -  >> "User-Agent: Apache-HttpClient/4.5.3 (Java/1.8.0_211)[\r][\n]"
12:39:06.823 [TestNG-tests-1] DEBUG org.apache.http.wire -  >> "[\r][\n]"
12:39:06.823 [TestNG-tests-1] DEBUG org.apache.http.headers - >> GET /api/dapp/v2/dapp/hot_search HTTP/1.1
12:39:06.823 [TestNG-tests-1] DEBUG org.apache.http.headers - >> Lang: 1
12:39:06.823 [TestNG-tests-1] DEBUG org.apache.http.headers - >> Content-type: application/json; charset=utf-8
12:39:06.823 [TestNG-tests-1] DEBUG org.apache.http.headers - >> Connection: Keep-Alive
12:39:06.823 [TestNG-tests-1] DEBUG org.apache.http.headers - >> Host: list.tronlink.org
12:39:06.823 [TestNG-tests-1] DEBUG org.apache.http.headers - >> User-Agent: Apache-HttpClient/4.5.3 (Java/1.8.0_211)
12:39:07.065 [TestNG-tests-1] DEBUG org.apache.http.wire -  << "HTTP/1.1 200 OK[\r][\n]"
12:39:07.065 [TestNG-tests-1] DEBUG org.apache.http.wire -  << "Server: nginx/1.12.2[\r][\n]"
12:39:07.065 [TestNG-tests-1] DEBUG org.apache.http.wire -  << "Date: Fri, 24 Apr 2020 04:39:06 GMT[\r][\n]"
12:39:07.065 [TestNG-tests-1] DEBUG org.apache.http.wire -  << "Content-Type: application/json; charset=utf-8[\r][\n]"
12:39:07.065 [TestNG-tests-1] DEBUG org.apache.http.wire -  << "Content-Length: 143[\r][\n]"
12:39:07.065 [TestNG-tests-1] DEBUG org.apache.http.wire -  << "Connection: keep-alive[\r][\n]"
12:39:07.065 [TestNG-tests-1] DEBUG org.apache.http.wire -  << "Cache-Control: no-cache, no-store, max-age=0, must-revalidate, value[\r][\n]"
12:39:07.065 [TestNG-tests-1] DEBUG org.apache.http.wire -  << "Expires: Thu, 01 Jan 1970 00:00:00 GMT[\r][\n]"
12:39:07.065 [TestNG-tests-1] DEBUG org.apache.http.wire -  << "Last-Modified: Fri, 24 Apr 2020 04:39:06 GMT[\r][\n]"
12:39:07.065 [TestNG-tests-1] DEBUG org.apache.http.wire -  << "X-Content-Type-Options: nosniff[\r][\n]"
12:39:07.065 [TestNG-tests-1] DEBUG org.apache.http.wire -  << "X-Frame-Options: DENY[\r][\n]"
12:39:07.065 [TestNG-tests-1] DEBUG org.apache.http.wire -  << "X-Xss-Protection: 1; mode=block[\r][\n]"
12:39:07.065 [TestNG-tests-1] DEBUG org.apache.http.wire -  << "Access-Control-Allow-Origin: *[\r][\n]"
12:39:07.065 [TestNG-tests-1] DEBUG org.apache.http.wire -  << "Access-Control-Allow-Methods: GET,POST,OPTIONS,DELETE,PUT[\r][\n]"
12:39:07.065 [TestNG-tests-1] DEBUG org.apache.http.wire -  << "Access-Control-Allow-Headers: DNT,Origin,Accept,X-Key,X-Real-IP,Key,X-Mx-ReqToken,Keep-Alive,User-Agent,X-Requested-With,If-Modified-Since,Cache-Control,Content-Type,Authorization[\r][\n]"
12:39:07.065 [TestNG-tests-1] DEBUG org.apache.http.wire -  << "[\r][\n]"
12:39:07.065 [TestNG-tests-1] DEBUG org.apache.http.impl.conn.DefaultClientConnection - Receiving response: HTTP/1.1 200 OK
12:39:07.065 [TestNG-tests-1] DEBUG org.apache.http.headers - << HTTP/1.1 200 OK
12:39:07.065 [TestNG-tests-1] DEBUG org.apache.http.headers - << Server: nginx/1.12.2
12:39:07.065 [TestNG-tests-1] DEBUG org.apache.http.headers - << Date: Fri, 24 Apr 2020 04:39:06 GMT
12:39:07.065 [TestNG-tests-1] DEBUG org.apache.http.headers - << Content-Type: application/json; charset=utf-8
12:39:07.065 [TestNG-tests-1] DEBUG org.apache.http.headers - << Content-Length: 143
12:39:07.065 [TestNG-tests-1] DEBUG org.apache.http.headers - << Connection: keep-alive
12:39:07.065 [TestNG-tests-1] DEBUG org.apache.http.headers - << Cache-Control: no-cache, no-store, max-age=0, must-revalidate, value
12:39:07.065 [TestNG-tests-1] DEBUG org.apache.http.headers - << Expires: Thu, 01 Jan 1970 00:00:00 GMT
12:39:07.065 [TestNG-tests-1] DEBUG org.apache.http.headers - << Last-Modified: Fri, 24 Apr 2020 04:39:06 GMT
12:39:07.065 [TestNG-tests-1] DEBUG org.apache.http.headers - << X-Content-Type-Options: nosniff
12:39:07.065 [TestNG-tests-1] DEBUG org.apache.http.headers - << X-Frame-Options: DENY
12:39:07.065 [TestNG-tests-1] DEBUG org.apache.http.headers - << X-Xss-Protection: 1; mode=block
12:39:07.065 [TestNG-tests-1] DEBUG org.apache.http.headers - << Access-Control-Allow-Origin: *
12:39:07.065 [TestNG-tests-1] DEBUG org.apache.http.headers - << Access-Control-Allow-Methods: GET,POST,OPTIONS,DELETE,PUT
12:39:07.065 [TestNG-tests-1] DEBUG org.apache.http.headers - << Access-Control-Allow-Headers: DNT,Origin,Accept,X-Key,X-Real-IP,Key,X-Mx-ReqToken,Keep-Alive,User-Agent,X-Requested-With,If-Modified-Since,Cache-Control,Content-Type,Authorization
12:39:07.065 [TestNG-tests-1] DEBUG org.apache.http.impl.client.DefaultHttpClient - Connection can be kept alive indefinitely
http://list.tronlink.org/api/dapp/v2/dapp/hot_search 请求总耗时：550 毫秒
12:39:07.065 [TestNG-tests-1] DEBUG org.apache.http.wire -  << "{"code":0,"message":"OK","data":["TronTrade","MegaCryptoPolis","BlockChain Cuties","Zethyr Exchange","Poloni DEX","TronLending","RocketGame"]}[\n]"
12:39:07.065 [TestNG-tests-1] DEBUG org.apache.http.impl.conn.PoolingClientConnectionManager - Connection [id: 1][route: {s}->https://list.tronlink.org:443] can be kept alive indefinitely
12:39:07.065 [TestNG-tests-1] DEBUG org.apache.http.impl.conn.PoolingClientConnectionManager - Connection released: [id: 1][route: {s}->https://list.tronlink.org:443][total kept alive: 2; route allocated: 1 of 80; total allocated: 2 of 100]
]]></system-out>
  <system-err><![CDATA[]]></system-err>
</testsuite>
