<?xml version="1.0" encoding="UTF-8"?>
<testsuite name="tron.tronscan.api.NodeMap" tests="3" skipped="0" failures="0" errors="0" timestamp="2020-03-27T04:57:22" hostname="zhukaideiMac.local" time="4.991">
  <properties/>
  <testcase name="getInfo_upload" classname="tron.tronscan.api.NodeMap" time="2.482"/>
  <testcase name="getNodeMap" classname="tron.tronscan.api.NodeMap" time="1.862"/>
  <testcase name="getOverview_upload" classname="tron.tronscan.api.NodeMap" time="0.647"/>
  <system-out><![CDATA[http://apilist.tronscan.org/api/v2/node/info_upload
12:57:22.147 [TestNG-tests-1] DEBUG org.apache.http.impl.conn.PoolingClientConnectionManager - Connection request: [route: {}->http://apilist.tronscan.org:80][total kept alive: 0; route allocated: 0 of 80; total allocated: 0 of 100]
12:57:22.147 [TestNG-tests-1] DEBUG org.apache.http.impl.conn.PoolingClientConnectionManager - Connection leased: [id: 6][route: {}->http://apilist.tronscan.org:80][total kept alive: 0; route allocated: 1 of 80; total allocated: 1 of 100]
12:57:22.147 [TestNG-tests-1] DEBUG org.apache.http.impl.conn.DefaultClientConnectionOperator - Connecting to apilist.tronscan.org:80
12:57:22.395 [TestNG-tests-1] DEBUG org.apache.http.client.protocol.RequestAddCookies - CookieSpec selected: default
12:57:22.395 [TestNG-tests-1] DEBUG org.apache.http.client.protocol.RequestAuthCache - Auth cache not set in the context
12:57:22.395 [TestNG-tests-1] DEBUG org.apache.http.client.protocol.RequestTargetAuthentication - Target auth state: UNCHALLENGED
12:57:22.395 [TestNG-tests-1] DEBUG org.apache.http.client.protocol.RequestProxyAuthentication - Proxy auth state: UNCHALLENGED
12:57:22.395 [TestNG-tests-1] DEBUG org.apache.http.impl.client.DefaultHttpClient - Attempt 1 to execute request
12:57:22.395 [TestNG-tests-1] DEBUG org.apache.http.impl.conn.DefaultClientConnection - Sending request: GET /api/v2/node/info_upload?address=TMuA6YqfCeX8EhbfYEg5y7S4DqzSJireY9 HTTP/1.1
12:57:22.395 [TestNG-tests-1] DEBUG org.apache.http.wire -  >> "GET /api/v2/node/info_upload?address=TMuA6YqfCeX8EhbfYEg5y7S4DqzSJireY9 HTTP/1.1[\r][\n]"
12:57:22.396 [TestNG-tests-1] DEBUG org.apache.http.wire -  >> "Content-type: application/json; charset=utf-8[\r][\n]"
12:57:22.396 [TestNG-tests-1] DEBUG org.apache.http.wire -  >> "Connection: Close[\r][\n]"
12:57:22.396 [TestNG-tests-1] DEBUG org.apache.http.wire -  >> "Host: apilist.tronscan.org[\r][\n]"
12:57:22.396 [TestNG-tests-1] DEBUG org.apache.http.wire -  >> "User-Agent: Apache-HttpClient/4.5.3 (Java/1.8.0_211)[\r][\n]"
12:57:22.396 [TestNG-tests-1] DEBUG org.apache.http.wire -  >> "[\r][\n]"
12:57:22.396 [TestNG-tests-1] DEBUG org.apache.http.headers - >> GET /api/v2/node/info_upload?address=TMuA6YqfCeX8EhbfYEg5y7S4DqzSJireY9 HTTP/1.1
12:57:22.396 [TestNG-tests-1] DEBUG org.apache.http.headers - >> Content-type: application/json; charset=utf-8
12:57:22.396 [TestNG-tests-1] DEBUG org.apache.http.headers - >> Connection: Close
12:57:22.396 [TestNG-tests-1] DEBUG org.apache.http.headers - >> Host: apilist.tronscan.org
12:57:22.396 [TestNG-tests-1] DEBUG org.apache.http.headers - >> User-Agent: Apache-HttpClient/4.5.3 (Java/1.8.0_211)
12:57:23.849 [TestNG-tests-1] DEBUG org.apache.http.wire -  << "HTTP/1.1 200 OK[\r][\n]"
12:57:23.849 [TestNG-tests-1] DEBUG org.apache.http.wire -  << "Server: nginx[\r][\n]"
12:57:23.849 [TestNG-tests-1] DEBUG org.apache.http.wire -  << "Date: Fri, 27 Mar 2020 04:57:24 GMT[\r][\n]"
12:57:23.849 [TestNG-tests-1] DEBUG org.apache.http.wire -  << "Transfer-Encoding: chunked[\r][\n]"
12:57:23.849 [TestNG-tests-1] DEBUG org.apache.http.wire -  << "Connection: close[\r][\n]"
12:57:23.849 [TestNG-tests-1] DEBUG org.apache.http.wire -  << "content-disposition: attachment;filename=export-TMuA6YqfCeX8EhbfYEg5y7S4DqzSJireY9.csv[\r][\n]"
12:57:23.849 [TestNG-tests-1] DEBUG org.apache.http.wire -  << "Access-Control-Allow-Origin: *[\r][\n]"
12:57:23.849 [TestNG-tests-1] DEBUG org.apache.http.wire -  << "Access-Control-Allow-Headers: DNT,X-Mx-ReqToken,Keep-Alive,User-Agent,X-Requested-With,If-Modified-Since,Cache-Control,Content-Type,Authorization[\r][\n]"
12:57:23.849 [TestNG-tests-1] DEBUG org.apache.http.wire -  << "Access-Control-Allow-Methods: GET,POST,PUT,DELETE,OPTIONS[\r][\n]"
12:57:23.849 [TestNG-tests-1] DEBUG org.apache.http.wire -  << "X-Proxy-Cache: MISS[\r][\n]"
12:57:23.849 [TestNG-tests-1] DEBUG org.apache.http.wire -  << "[\r][\n]"
12:57:23.849 [TestNG-tests-1] DEBUG org.apache.http.impl.conn.DefaultClientConnection - Receiving response: HTTP/1.1 200 OK
12:57:23.849 [TestNG-tests-1] DEBUG org.apache.http.headers - << HTTP/1.1 200 OK
12:57:23.849 [TestNG-tests-1] DEBUG org.apache.http.headers - << Server: nginx
12:57:23.849 [TestNG-tests-1] DEBUG org.apache.http.headers - << Date: Fri, 27 Mar 2020 04:57:24 GMT
12:57:23.849 [TestNG-tests-1] DEBUG org.apache.http.headers - << Transfer-Encoding: chunked
12:57:23.849 [TestNG-tests-1] DEBUG org.apache.http.headers - << Connection: close
12:57:23.849 [TestNG-tests-1] DEBUG org.apache.http.headers - << content-disposition: attachment;filename=export-TMuA6YqfCeX8EhbfYEg5y7S4DqzSJireY9.csv
12:57:23.849 [TestNG-tests-1] DEBUG org.apache.http.headers - << Access-Control-Allow-Origin: *
12:57:23.849 [TestNG-tests-1] DEBUG org.apache.http.headers - << Access-Control-Allow-Headers: DNT,X-Mx-ReqToken,Keep-Alive,User-Agent,X-Requested-With,If-Modified-Since,Cache-Control,Content-Type,Authorization
12:57:23.849 [TestNG-tests-1] DEBUG org.apache.http.headers - << Access-Control-Allow-Methods: GET,POST,PUT,DELETE,OPTIONS
12:57:23.849 [TestNG-tests-1] DEBUG org.apache.http.headers - << X-Proxy-Cache: MISS
http://apilist.tronscan.org/api/v2/node/info_upload?address=TMuA6YqfCeX8EhbfYEg5y7S4DqzSJireY9 请求总耗时：1704 毫秒
12:57:23.850 [TestNG-tests-1] INFO tron.tronscan.api.NodeMap - code is 200
12:57:23.850 [TestNG-tests-1] DEBUG org.apache.http.wire -  << "7d8f[\r][\n]"
12:57:23.850 [TestNG-tests-1] DEBUG org.apache.http.wire -  << "id,timestamp,beijingTime,block,transactionHash,transferFromAddress,transferToAddress,amount,confirmed[\n]"
12:57:23.850 [TestNG-tests-1] DEBUG org.apache.http.wire -  << "41c9411cd6448b2d7f20e39d05cf9f1d3b6eb3b4cf9c3573bb19ad79055b1af6,1585195203000,2020-03-26 12:00:03,18310914,41c9411cd6448b2d7f20e39d05cf9f1d3b6eb3b4cf9c3573bb19ad79055b1af6,TLyqzVGLV1srkB7dToTAEqgDSfPtXRJZYH,TMuA6YqfCeX8EhbfYEg5y7S4DqzSJireY9,1036299.098189trx,true[\n]"
12:57:23.850 [TestNG-tests-1] DEBUG org.apache.http.wire -  << "fc256408e6455f24c18a0fa269dec51d1ada3f377ddcb2e73d708c383064e143,1585134630000,2020-03-25 19:10:30,18290751,fc256408e6455f24c18a0fa269dec51d1ada3f377ddcb2e73d708c383064e143,TTHZv5rL8MeQMettvXrKbpmPP88C1NQeLC,TMuA6YqfCeX8EhbfYEg5y7S4DqzSJireY9,1VOTE_FOR_TRON_Family,true[\n]"
12:57:23.850 [TestNG-tests-1] DEBUG org.apache.http.wire -  << "a20acdcf3dfd53f9a3a9dacb69114fde6acec6b01346fa9521202b14e01e13db,1585022403000,2020-03-24 12:00:03,18253356,a20acdcf3dfd53f9a3a9dacb69114fde6acec6b01346fa9521202b14e01e13db,TLyqzVGLV1srkB7dToTAEqgDSfPtXRJZYH,TMuA6YqfCeX8EhbfYEg5y7S4DqzSJireY9,1037148.728370trx,true[\n]"
12:57:23.850 [TestNG-tests-1] DEBUG org.apache.http.wire -  << "830db9cd52f9f6b1e4f3af4425f733071f0f1176741c9e9eea939f9b7e90cfe1,1584849603000,2020-03-22 12:00:03,18195782,830db9cd52f9f6b1e4f3af4425f733071f0f1176741c9e9eea939f9b7e90cfe1,TLyqzVGLV1srkB7dToTAEqgDSfPtXRJZYH,TMuA6YqfCeX8EhbfYEg5y7S4DqzSJireY9,1036355.873600trx,true[\n]"
12:57:23.850 [TestNG-tests-1] DEBUG org.apache.http.wire -  << "d04435b70fa03e97ad08cc16fc91febdb171a8cf07fc98c8bf45c40286da1fc8,1584678339000,2020-03-20 12:25:39,18138734,d04435b70fa03e97ad08cc16fc91febdb171a8cf07fc98c8bf45c40286da1fc8,TAp5u4oB7g1uSJ"
12:57:23.850 [TestNG-tests-1] DEBUG org.apache.http.wire -  << "FLr3AU3T7iSWYSvxMfaC,TMuA6YqfCeX8EhbfYEg5y7S4DqzSJireY9,10000000TRUST,true[\n]"
12:57:23.850 [TestNG-tests-1] DEBUG org.apache.http.wire -  << "9cc7dfd8c2d0cd6bbc79c32a1c4b70f711ec8dfe1900418fae2b428451920b77,1584676803000,2020-03-20 12:00:03,18138224,9cc7dfd8c2d0cd6bbc79c32a1c4b70f711ec8dfe1900418fae2b428451920b77,TLyqzVGLV1srkB7dToTAEqgDSfPtXRJZYH,TMuA6YqfCeX8EhbfYEg5y7S4DqzSJireY9,1035741.367046trx,true[\n]"
12:57:23.850 [TestNG-tests-1] DEBUG org.apache.http.wire -  << "e0161352a49ae403646108d4738959acbe05b3c3f7c742f9b162158a28cc0450,1584504009000,2020-03-18 12:00:09,18080673,e0161352a49ae403646108d4738959acbe05b3c3f7c742f9b162158a28cc0450,TNc5EYnFnz8dTStx1KC7TTaEYDekQLNXp5,TMuA6YqfCeX8EhbfYEg5y7S4DqzSJireY9,10000000CORONA,true[\n]"
12:57:23.851 [TestNG-tests-1] DEBUG org.apache.http.wire -  << "f6a5703d07da6f3e7e8dde7409da9c2192206a63e10ecfe94852bfa5fe1f0028,1584504003000,2020-03-18 12:00:03,18080671,f6a5703d07da6f3e7e8dde7409da9c2192206a63e10ecfe94852bfa5fe1f0028,TLyqzVGLV1srkB7dToTAEqgDSfPtXRJZYH,TMuA6YqfCeX8EhbfYEg5y7S4DqzSJireY9,482231.678106trx,true[\n]"
12:57:23.851 [TestNG-tests-1] DEBUG org.apache.http.wire -  << "896d0423eac7fda825191592ede816fa91ee9dcad7cfa3773a9d14c000519f95,1584331203000,2020-03-16 12:00:03,18023115,896d0423eac7fda825191592ede816fa91ee9dcad7cfa3773a9d14c000519f95,TLyqzVGLV1srkB7dToTAEqgDSfPtXRJZYH,TMuA6YqfCeX8EhbfYEg5y7S4DqzSJireY9,52499.285175trx,true[\n]"
12:57:23.851 [TestNG-tests-1] DEBUG org.apache.http.wire -  << "1736cc3ea2e0de02815efcc64f62f928b39c25f63dcab8769e9f1f4a09e6ae59,1584158403000,2020-03-14 12:00:03,17965568,1736cc3ea2e0de02815efcc64f62f928b39c25f63dcab8769e9f1f4a09e6ae59,TLyqzVGLV1srkB7dToTAEqgDSfPtXRJZYH,TMuA6YqfCeX8EhbfYEg5y7S4DqzSJireY9,708473.588303trx,true[\n]"
12:57:23.851 [TestNG-tests-1] DEBUG org.apache.http.wire -  << "169ea61572e797b5c66c229a66c2ec813c9fefb08d042afcea590d58625f195b,1584086796000,2020-03-13 16:06:36,17941713,169ea61572e797b5c66c229a66c2ec813c9fefb08d042afcea590d58625f195b,TMuA6YqfCeX8EhbfYEg5y7S4DqzSJireY9,TWd4WrZ9wn84f5x1hZhL4DHvk738ns5jwb,500566210.135508trx,true[\n]"
12:57:23.851 [TestNG-tests-1] DEBUG org.apache.http.wire -  << "e8279ffb3eeac616ffbd3e27c8297f629b201820070662d6ecf994796e216fc9,1584086613000,2020-03-13 16:03:33,17941652,e8279ffb3eeac616ffbd3e27c8297f629b201820070662d6ecf994796e216fc9,TQ2jhh2diL1KnXkUsuKP7KApKyHXuDxPfp,TMuA6YqfCeX8EhbfYEg5y7S4DqzSJireY9,10000000FISH,true[\n]"
12:57:23.851 [TestNG-tests-1] DEBUG org.apache.http.wire -  << "36b4fc1868d560c40a4f43e2bb788be17221e29b664fa85395ea8d74ca9a608e,1583985603000,2020-03-12 12:00:03,17908001,36b4fc1868d560c40a4f43e2bb788be17221e29b664fa85395ea8d74ca9a608e,TLyqzVGLV1srkB7dToTAEqgDSfPtXRJZYH,TMuA6YqfCeX8EhbfYEg5y7S4DqzSJireY9,1007055.429657trx,true[\n]"
12:57:23.851 [TestNG-tests-1] DEBUG org.apache.http.wire -  << "a2d0f7dbbe7acd6f7e231689c7a483a779b981a9fcbecd13c529a751e528c393,1583896335000,2020-03-11 11:12:15,17878258,a2d0f7dbbe7acd6f7e231689c7a483a779b981a9fcbecd13c529a751e528c393,TPQ6oivLyGHoUYVGru6hbGQKNAay3tL1Mt,TMuA6YqfCeX8EhbfYEg5y7S4DqzSJireY9,147569889323546BitTorrent,true[\n]"
12:57:23.851 [TestNG-tests-1] DEBUG org.apache.http.wire -  << "9122489bcb20dcd5222e68573f92333d467ee9fbb43c1cf177c9eaffd4154793,1583812803000,2020-03-10 12:00:03,17850429,9122489bcb20dcd5222e68573f92333d467ee9fbb43c1cf177c9eaffd4154793,TLyqzVGLV1srkB7dToTAEqgDSfPtXRJZYH,TMuA6YqfCeX8EhbfYEg5y7S4DqzSJireY9,1007487.278999trx,true[\n]"
12:57:23.851 [TestNG-tests-1] DEBUG org.apache.http.wire -  << "0ec22d06c3664bfd2f0507a2033788f1d666c4aaf281ccf0abf615f6505b997f,1583640003000,2020-03-08 12:00:03,17792861,0ec22d06c3664bfd2f0507a2033788f1d666c4aaf281ccf0abf615f6505b997f,TLyqzVGLV1srkB7dToTAEqgDSfPtXRJZYH,TMuA6YqfCeX8EhbfYEg5y7S4DqzSJireY9,1007246.997884trx,true[\n]"
12:57:23.851 [TestNG-tests-1] DEBUG org.apache.http.wire -  << "7b8b9d9ae563e2d778561d3548d3932a9266b6fb4bd045d41a3018a3dbb1f51f,1583467512000,2020-03-06 12:05:12,17735389,7b8b9d9ae563e2d778561d3548d3932a9266b6fb4bd045d41a3018a3dbb1f51f,TWMXxiGUoSdebGLswT9uPkmrjEeAaiery8,TMuA6YqfCeX8EhbfYEg5y7S4DqzSJireY9,3000000DEF,true[\n]"
12:57:23.851 [TestNG-tests-1] DEBUG org.apache.http.wire -  << "32b6dcf483543cd2fa6d6f22a8e5c6594cc685582387bb5a65210bf160d220b9,1583467203000,2020-03-06 12:00:03,17735286,32b6dcf483543cd2fa6d6f22a8e5c6594cc685582387bb5a65210bf160d220b9,TLyqzVGLV1srkB7dToTAEqgDSfPtXRJZYH,TMuA6YqfCeX8EhbfYEg5y7S4DqzSJireY9,1007351.424600trx,true[\n]"
12:57:23.851 [TestNG-tests-1] DEBUG org.apache.http.wire -  << "309a66039be434ce107cd46d29e813e4595b7fb5bb37b6ccd510c7d8ff9ee791,1583294403000,2020-03-04 12:00:03,17677708,309a66039be434ce107cd46d29e813e4595b7fb5bb37b6ccd510c7d8ff9ee791,TLyqzVGLV1srkB7dToTAEqgDSfPtXRJZYH,TMuA6YqfCeX8EhbfYEg5y7S4DqzSJireY9,1007289.803901trx,true[\n]"
12:57:23.851 [TestNG-tests-1] DEBUG org.apache.http.wire -  << "968f3fb464fc1dafa304a3d570426e81e1776c83107c496d5b1caea58b0f6bc8,1583121603000,2020-03-02 12:00:03,17620131,968f3fb464fc1dafa304a3d570426e81e1776c83107c496d5b1caea58b0f6bc8,TLyqzVGLV1srkB7dToTAEqgDSfPtXRJZYH,TMuA6YqfCeX8EhbfYEg5y7S4DqzSJireY9,1511359.326542trx,true[\n]"
12:57:23.851 [TestNG-tests-1] DEBUG org.apache.http.wire -  << "063a6d599032dd2d98f90806050268487df9ff719c7dde6a63d5fc34e4e6d918,1582974132000,2020-02-29 19:02:12,17571008,063a6d599032dd2d98f90806050268487df9ff719c7dde6a63d5fc34e4e6d918,TD5AwyiTNbKN9jQqyMzwQ6NLrWGbtAcotK,TMuA6YqfCeX8EhbfYEg5y7S4DqzSJireY9,20202902paper_wallet,true[\n]"
12:57:23.851 [TestNG-tests-1] DEBUG org.apache.http.wire -  << "502a27abd14891f9310142339610369de29bd8dc7b8bb29661ee4a5f6953fb44,1582974132000,2020-02-29 19:02:12,17571008,502a27abd14891f9310142339610369de29bd8dc7b8bb29661ee4a5f6953fb44,TD5AwyiTNbKN9jQqyMzwQ6NLrWGbtAcotK,TMuA6YqfCeX8EhbfYEg5y7S4DqzSJireY9,20202902paper_wallet,true[\n]"
12:57:23.851 [TestNG-tests-1] DEBUG org.apache.http.wire -  << "9d133056c8f14d53ed39064041306e19764f8b1d15a4bf074acf4784c372d943,1582974129000,2020-02-29 19:02:09,17571007,9d133056c8f14d53ed39064041306e19764f8b1d15a4bf074acf4784c372d943,TD5AwyiTNbKN9jQqyMzwQ6NLrWGbtAcotK,TMuA6YqfCeX8EhbfYEg5y7S4DqzSJireY9,20202902paper_wallet,true[\n]"
12:57:23.851 [TestNG-tests-1] DEBUG org.apache.http.wire -  << "343913bf6581861c92ea9cc9383154ac58bbdaf93054add2dd536657ef4a9e86,1582974129000,2020-02-29 19:02:09,17571007,343913bf6581861c92ea9cc9383154ac58bbdaf93054add2dd536657ef4a9e86,TD5AwyiTNbKN9jQqyMzwQ6NLrWGbtAcotK,TMuA6YqfCeX8EhbfYEg5y7S4DqzSJireY9,20202902paper_wallet,true[\n]"
12:57:23.851 [TestNG-tests-1] DEBUG org.apache.http.wire -  << "fc20658edb94bd6435edae7011c08ce96cda7b672429e2f331454b36ecf87048,1582974129000,2020-02-29 19:02:09,17571007,fc20658edb94bd6435edae7011c08ce96cda7b672429e2f331454b36ecf87048,TD5AwyiTNbKN9jQqyMzwQ6NLrWGbtAcotK,TMuA6YqfCeX8EhbfYEg5y7S4DqzSJireY9,20202902paper_wallet,true[\n]"
12:57:23.851 [TestNG-tests-1] DEBUG org.apache.http.wire -  << "bf7dc9266d8bd997b6743b61c4e90f0cab68bdbafc09ca97781e1ac57585aac4,1582974126000,2020-02-29 19:02:06,17571006,bf7dc9266d8bd997b6743b61c4e90f0cab68bdbafc09ca97781e1ac57585aac4,TD5AwyiTNbKN9jQqyMzwQ6NLrWGbtAcotK,TMuA6YqfCeX8EhbfYEg5y7S4DqzSJireY9,20202902paper_wallet,true[\n]"
12:57:23.851 [TestNG-tests-1] DEBUG org.apache.http.wire -  << "97fe9ec2078f418dc98b58f2b44695131d3f5f8c1462130f970aaa34e4c0aaef,1582974126000,2020-02-29 19:02:06,17571006,97fe9ec2078f418dc98b58f2b44695131d3f5f8c1462130f970aaa34e4c0aaef,TD5AwyiTNbKN9jQqyMzwQ6NLrWGbtAcotK,TMuA6YqfCeX8EhbfYEg5y7S4DqzSJireY9,20202902paper_wallet,true[\n]"
12:57:23.851 [TestNG-tests-1] DEBUG org.apache.http.wire -  << "2a5b8d5dd198e9020cdbd773d4734671b138218fac9450ea5913e865a534ab94,1582974126000,2020-02-29 19:02:06,17571006,2a5b8d5dd198e9020cdbd773d4734671b138218fac9450ea5913e865a534ab94,TD5AwyiTNbKN9jQqyMzwQ6NLrWGbtAcotK,TMuA6YqfCeX8EhbfYEg5y7S4DqzSJireY9,20202902paper_wallet,true[\n]"
12:57:23.851 [TestNG-tests-1] DEBUG org.apache.http.wire -  << "e5e933e772cbccefd36faca97fe812cc79c2ccfcbb2dccb8922e7688e6004927,1582974123000,2020-02-29 19:02:03,17571005,e5e933e772cbccefd36faca97fe812cc79c2ccfcbb2dccb8922e7688e6004927,TD5AwyiTNbKN9jQqyMzwQ6NLrWGbtAcotK,TMuA6YqfCeX8EhbfYEg5y7S4DqzSJireY9,20202902paper_wallet,true[\n]"
12:57:23.851 [TestNG-tests-1] DEBUG org.apache.http.wire -  << "15d89d1f1e0022996348d2e2f1d96e45182a0f99d2316512d2c35a10ba36e84c,1582974123000,2020-02-29 19:02:03,17571005,15d89d1f1e0022996348d2e2f1d96e45182a0f99d2316512d2c35a10ba36e84c,TD5AwyiTNbKN9jQqyMzwQ6NLrWGbtAcotK,TMuA6YqfCeX8EhbfYEg5y7S4DqzSJireY9,20202902paper_wallet,true[\n]"
12:57:23.851 [TestNG-tests-1] DEBUG org.apache.http.wire -  << "4336ddc1d9a5bcd89c6f67ef3a1bd17eed1bc45b00105469dfdac7f4dc3bd4a2,1582974123000,2020-02-29 19:02:03,17571005,4336ddc1d9a5bcd89c6f67ef3a1bd17eed1bc45b00105469dfdac7f4dc3bd4a2,TD5AwyiTNbKN9jQqyMzwQ6NLrWGbtAcotK,TMuA6YqfCeX8EhbfYEg5y7S4DqzSJireY9,20202902paper_wallet,true[\n]"
12:57:23.851 [TestNG-tests-1] DEBUG org.apache.http.wire -  << "5629a0029239e8d76c81df3fb70b5010316a5fcdbc4d97c3fd8e95f68c4bb3ff,1582974120000,2020-02-29 19:02:00,17571004,5629a0029239e8d76c81df3fb70b5010316a5fcdbc4d97c3fd8e95f68c4bb3ff,TD5AwyiTNbKN9jQqyMzwQ6NLrWGbtAcotK,TMuA6YqfCeX8EhbfYEg5y7S4DqzSJireY9,20202902paper_wallet,true[\n]"
12:57:23.851 [TestNG-tests-1] DEBUG org.apache.http.wire -  << "142a097d8bfcc66a9757da7adf86ee079a440854a2a6ff5597732dc7b80459eb,1582974120000,2020-02-29 19:02:00,17571004,142a097d8bfcc66a9757da7adf86ee079a440854a2a6ff5597732dc7b80459eb,TD5AwyiTNbKN9jQqyMzwQ6NLrWGbtAcotK,TMuA6YqfCeX8EhbfYEg5y7S4DqzSJireY9,20202902paper_wallet,true[\n]"
12:57:23.851 [TestNG-tests-1] DEBUG org.apache.http.wire -  << "afde4e49954eaa6da8b060ac27085e66c44b0b03cf50a85440e3116c193e628d,1582974120000,2020-02-29 19:02:00,17571004,afde4e49954eaa6da8b060ac27085e66c44b0b03cf50a85440e3116c193e628d,TD5AwyiTNbKN9jQqyMzwQ6NLrWGbtAcotK,TMuA6YqfCeX8EhbfYEg5y7S4DqzSJireY9,20202902paper_wallet,true[\n]"
12:57:23.852 [TestNG-tests-1] DEBUG org.apache.http.wire -  << "2d003f56c8f400918c072bbf60e9dcbb263189d6ec02ff2aabb0faa33004ca71,1582974117000,2020-02-29 19:01:57,17571003,2d003f56c8f400918c072bbf60e9dcbb263189d6ec02ff2aabb0faa33004ca71,TD5AwyiTNbKN9jQqyMzwQ6NLrWGbtAcotK,TMuA6YqfCeX8EhbfYEg5y7S4DqzSJireY9,20202902paper_wallet,true[\n]"
12:57:23.852 [TestNG-tests-1] DEBUG org.apache.http.wire -  << "dafa09d38a2d6f22eb5fc039e1d377d574b9608c2c0c0c516ea41fcd11ee5a0b,1582974117000,2020-02-29 19:01:57,17"
12:57:23.852 [TestNG-tests-1] DEBUG org.apache.http.wire -  << "571003,dafa09d38a2d6f22eb5fc039e1d377d574b9608c2c0c0c516ea41fcd11ee5a0b,TD5AwyiTNbKN9jQqyMzwQ6NLrWGbtAcotK,TMuA6YqfCeX8EhbfYEg5y7S4DqzSJireY9,20202902paper_wallet,true[\n]"
12:57:23.852 [TestNG-tests-1] DEBUG org.apache.http.wire -  << "ea82507bd1a0d9e2da48ef4f7e36d503cb26f7c6debebb51be336a5a6c114259,1582974117000,2020-02-29 19:01:57,17571003,ea82507bd1a0d9e2da48ef4f7e36d503cb26f7c6debebb51be336a5a6c114259,TD5AwyiTNbKN9jQqyMzwQ6NLrWGbtAcotK,TMuA6YqfCeX8EhbfYEg5y7S4DqzSJireY9,20202902paper_wallet,true[\n]"
12:57:23.852 [TestNG-tests-1] DEBUG org.apache.http.wire -  << "ef21e84169eb3b3865a2ab18f7354deb4f299b8b58c0bbb2ed0c25e3ec707f0b,1582974114000,2020-02-29 19:01:54,17571002,ef21e84169eb3b3865a2ab18f7354deb4f299b8b58c0bbb2ed0c25e3ec707f0b,TD5AwyiTNbKN9jQqyMzwQ6NLrWGbtAcotK,TMuA6YqfCeX8EhbfYEg5y7S4DqzSJireY9,20202902paper_wallet,true[\n]"
12:57:23.852 [TestNG-tests-1] DEBUG org.apache.http.wire -  << "0971ba9e5f1b5749960e45b7b1646dace8472bb25c97912318bc6db74cf64591,1582974114000,2020-02-29 19:01:54,17571002,0971ba9e5f1b5749960e45b7b1646dace8472bb25c97912318bc6db74cf64591,TD5AwyiTNbKN9jQqyMzwQ6NLrWGbtAcotK,TMuA6YqfCeX8EhbfYEg5y7S4DqzSJireY9,20202902paper_wallet,true[\n]"
12:57:23.852 [TestNG-tests-1] DEBUG org.apache.http.wire -  << "f043cdff34dbcfa03f3cff1f4c7f04784fc66f6479618676c1c6de323bc318f8,1582974111000,2020-02-29 19:01:51,17571001,f043cdff34dbcfa03f3cff1f4c7f04784fc66f6479618676c1c6de323bc318f8,TD5AwyiTNbKN9jQqyMzwQ6NLrWGbtAcotK,TMuA6YqfCeX8EhbfYEg5y7S4DqzSJireY9,20202902paper_wallet,true[\n]"
12:57:23.852 [TestNG-tests-1] DEBUG org.apache.http.wire -  << "85a6bb79fbe5b578a1c9eb0fb0be07ab1743f3daa0b098daf36748309650798"
12:57:24.134 [TestNG-tests-1] DEBUG org.apache.http.wire -  << "0,1582862412000,2020-02-28 12:00:12,17533787,85a6bb79fbe5b578a1c9eb0fb0be07ab1743f3daa0b098daf367483096507980,TLyqzVGLV1srkB7dToTAEqgDSfPtXRJZYH,TMuA6YqfCeX8EhbfYEg5y7S4DqzSJireY9,1008430.166928trx,true[\n]"
12:57:24.135 [TestNG-tests-1] DEBUG org.apache.http.wire -  << "fdd4a201625f48caafeb705d007bd8153e22e91ea491e1bf8a072dcbc34f187b,1582689603000,2020-02-26 12:00:03,17476240,fdd4a201625f48caafeb705d007bd8153e22e91ea491e1bf8a072dcbc34f187b,TLyqzVGLV1srkB7dToTAEqgDSfPtXRJZYH,TMuA6YqfCeX8EhbfYEg5y7S4DqzSJireY9,998300.093353trx,true[\n]"
12:57:24.135 [TestNG-tests-1] DEBUG org.apache.http.wire -  << "29b8185e5b33570329c9636e5f1510a586f3b7f89513ccf5814fd91291fcee44,1582516803000,2020-02-24 12:00:03,17419257,29b8185e5b33570329c9636e5f1510a586f3b7f89513ccf5814fd91291fcee44,TLyqzVGLV1srkB7dToTAEqgDSfPtXRJZYH,TMuA6YqfCeX8EhbfYEg5y7S4DqzSJireY9,1008457.018483trx,true[\n]"
12:57:24.135 [TestNG-tests-1] DEBUG org.apache.http.wire -  << "88fd34500625f21e22708a7be5b9938b6e38bbc7c7a3f00d259eb5b5bc668a3f,1582345806000,2020-02-22 12:30:06,17362283,88fd34500625f21e22708a7be5b9938b6e38bbc7c7a3f00d259eb5b5bc668a3f,TMqKWcENs1fdN9yHyBTcrnUB7JWixjotR4,TMuA6YqfCeX8EhbfYEg5y7S4DqzSJireY9,10000000DELFIN,true[\n]"
12:57:24.135 [TestNG-tests-1] DEBUG org.apache.http.wire -  << "ddac43eb09bd178fb3d1e6f5e3f6586c6bbf9cf76d8eefbc01af718137811bac,1582344003000,2020-02-22 12:00:03,17361682,ddac43eb09bd178fb3d1e6f5e3f6586c6bbf9cf76d8eefbc01af718137811bac,TLyqzVGLV1srkB7dToTAEqgDSfPtXRJZYH,TMuA6YqfCeX8EhbfYEg5y7S4DqzSJireY9,1012501.361878trx,true[\n]"
12:57:24.135 [TestNG-tests-1] DEBUG org.apache.http.wire -  << "8ef52062dc54ba7c3696fd12f2bfb463179fe8d43763d8a3b4669add14111f01,1582171203000,2020-02-20 12:0"
12:57:24.136 [TestNG-tests-1] DEBUG org.apache.http.wire -  << "0:03,17304102,8ef52062dc54ba7c3696fd12f2bfb463179fe8d43763d8a3b4669add14111f01,TLyqzVGLV1srkB7dToTAEqgDSfPtXRJZYH,TMuA6YqfCeX8EhbfYEg5y7S4DqzSJireY9,1028166.738153trx,true[\n]"
12:57:24.136 [TestNG-tests-1] DEBUG org.apache.http.wire -  << "836c23cc0c2c31a4d2a305466f834d834ba557f1632ef26ecf78e70e24834f16,1582157484000,2020-02-20 08:11:24,17299529,836c23cc0c2c31a4d2a305466f834d834ba557f1632ef26ecf78e70e24834f16,TRW4qf2RKaM261vVBUQdFdLwfg8AfmyMun,TMuA6YqfCeX8EhbfYEg5y7S4DqzSJireY9,8LoveHearts,true[\n]"
12:57:24.136 [TestNG-tests-1] DEBUG org.apache.http.wire -  << "d45c00dc09835d977a00d2e6daaddcddb02f738f48fa759768968bfaed21666d,1581998403000,2020-02-18 12:00:03,17246524,d45c00dc09835d977a00d2e6daaddcddb02f738f48fa759768968bfaed21666d,TLyqzVGLV1srkB7dToTAEqgDSfPtXRJZYH,TMuA6YqfCeX8EhbfYEg5y7S4DqzSJireY9,1047596.207774trx,true[\n]"
12:57:24.136 [TestNG-tests-1] DEBUG org.apache.http.wire -  << "8a6867c11ea7b80a9f4f074dbd4efb43185ba7981708c85170f165a7d337408f,1581825603000,2020-02-16 12:00:03,17188942,8a6867c11ea7b80a9f4f074dbd4efb43185ba7981708c85170f165a7d337408f,TLyqzVGLV1srkB7dToTAEqgDSfPtXRJZYH,TMuA6YqfCeX8EhbfYEg5y7S4DqzSJireY9,1047057.019266trx,true[\n]"
12:57:24.136 [TestNG-tests-1] DEBUG org.apache.http.wire -  << "5fe60979d1aae7a892571504f7769ca46eb6a7a7a120a5c22c2adae6b58f20db,1581652803000,2020-02-14 12:00:03,17131410,5fe60979d1aae7a892571504f7769ca46eb6a7a7a120a5c22c2adae6b58f20db,TLyqzVGLV1srkB7dToTAEqgDSfPtXRJZYH,TMuA6YqfCeX8EhbfYEg5y7S4DqzSJireY9,1046816.010490trx,true[\n]"
12:57:24.136 [TestNG-tests-1] DEBUG org.apache.http.wire -  << "5ab8c31675114239dd05ff99126e438fc90a533f0fd592b8d5028f9f384c305a,1581480003000,2020-02-12 12:00:03,17073832,5ab8c31675114239dd0"
12:57:24.136 [TestNG-tests-1] DEBUG org.apache.http.wire -  << "5ff99126e438fc90a533f0fd592b8d5028f9f384c305a,TLyqzVGLV1srkB7dToTAEqgDSfPtXRJZYH,TMuA6YqfCeX8EhbfYEg5y7S4DqzSJireY9,1033151.867272trx,true[\n]"
12:57:24.136 [TestNG-tests-1] DEBUG org.apache.http.wire -  << "7e571ffd41c4363217cba36090647b2c44511f6ef676950bcdc690deb2342869,1581391236000,2020-02-11 11:20:36,17044518,7e571ffd41c4363217cba36090647b2c44511f6ef676950bcdc690deb2342869,TLr7Zsa7Wt9CawsuqDXpX33PwKMTLHVBzM,TMuA6YqfCeX8EhbfYEg5y7S4DqzSJireY9,135613780395303BitTorrent,true[\n]"
12:57:24.136 [TestNG-tests-1] DEBUG org.apache.http.wire -  << "61aa761aadd36dd8c8bf303a60b9bbd4827e44b60d54f1a3497c8adbfdf5fa72,1581307203000,2020-02-10 12:00:03,17016954,61aa761aadd36dd8c8bf303a60b9bbd4827e44b60d54f1a3497c8adbfdf5fa72,TLyqzVGLV1srkB7dToTAEqgDSfPtXRJZYH,TMuA6YqfCeX8EhbfYEg5y7S4DqzSJireY9,1046505.593482trx,true[\n]"
12:57:24.136 [TestNG-tests-1] DEBUG org.apache.http.wire -  << "6f72e25b12ac471c82278f1488b42140131f5509b49a79bc27ccca532956462e,1581134403000,2020-02-08 12:00:03,16959373,6f72e25b12ac471c82278f1488b42140131f5509b49a79bc27ccca532956462e,TLyqzVGLV1srkB7dToTAEqgDSfPtXRJZYH,TMuA6YqfCeX8EhbfYEg5y7S4DqzSJireY9,1040798.224492trx,true[\n]"
12:57:24.136 [TestNG-tests-1] DEBUG org.apache.http.wire -  << "9f5838db771865f50a5ae6390d3d4b18ce14b4a977b12cf00b6749018471dee8,1581098400000,2020-02-08 02:00:00,16947376,9f5838db771865f50a5ae6390d3d4b18ce14b4a977b12cf00b6749018471dee8,TMuA6YqfCeX8EhbfYEg5y7S4DqzSJireY9,TWd4WrZ9wn84f5x1hZhL4DHvk738ns5jwb,413006069.996545trx,true[\n]"
12:57:24.136 [TestNG-tests-1] DEBUG org.apache.http.wire -  << "bdc1f2d058470f5e3da643dc54ce11cbf46cc2fe5a58e064abbc144e3ad8bb46,1581061746000,2020-02-07 15:49:06,16935160,bdc1f2d058470f5e3da643dc54ce11cbf46cc2fe5a58e064abbc144e3ad8bb46,TAUN6FwrnwwmaEqYcckffC7wYmbaS6cBiX,TMuA6YqfCeX8EhbfYEg5y7S4DqzSJireY9,192761770.961555trx,true[\n]"
12:57:24.136 [TestNG-tests-1] DEBUG org.apache.http.wire -  << "7bb505029250111a941f516022d87d97d42c25384e2f461e9703368bf04155c6,1581036840000,2020-02-07 08:54:00,16926860,7bb505029250111a941f516022d87d97d42c25384e2f461e9703368bf04155c6,TAUN6FwrnwwmaEqYcckffC7wYmbaS6cBiX,TMuA6YqfCeX8EhbfYEg5y7S4DqzSJireY9,219206988.004632trx,true[\n]"
12:57:24.136 [TestNG-tests-1] DEBUG org.apache.http.wire -  << "154466162a73527831a3f3b17f5bfbc7ea4469fcc862dae62bd282b581524ab9,1580986359000,2020-02-06 18:52:39,16910039,154466162a73527831a3f3b17f5bfbc7ea4469fcc862dae62bd282b581524ab9,TNFcvwJgvBRg2Dq5Qyx1gxcvqU3dwPyVNc,TMuA6YqfCeX8EhbfYEg5y7S4DqzSJireY9,100000TronDogsClassic,true[\n]"
12:57:24.136 [TestNG-tests-1] DEBUG org.apache.http.wire -  << "f66eb5fc8b4ab471cf7338a5a4796a33d8e23550f275062e0f8e1470a8469245,1580986290000,2020-02-06 18:51:30,16910016,f66eb5fc8b4ab471cf7338a5a4796a33d8e23550f275062e0f8e1470a8469245,TNFcvwJgvBRg2Dq5Qyx1gxcvqU3dwPyVNc,TMuA6YqfCeX8EhbfYEg5y7S4DqzSJireY9,100000TronDogsClassic,true[\n]"
12:57:24.136 [TestNG-tests-1] DEBUG org.apache.http.wire -  << "9f50e3e15f64c3d63f5ac5d290c48e7264f1cfeb695eb0c3d20b9fb6ac285aa8,1580961603000,2020-02-06 12:00:03,16901789,9f50e3e15f64c3d63f5ac5d290c48e7264f1cfeb695eb0c3d20b9fb6ac285aa8,TLyqzVGLV1srkB7dToTAEqgDSfPtXRJZYH,TMuA6YqfCeX8EhbfYEg5y7S4DqzSJireY9,1037310.520750trx,true[\n]"
12:57:24.136 [TestNG-tests-1] DEBUG org.apache.http.wire -  << "4b0e3775a6ab0347ca7862e3d747ae079d6521307ea689670609ae36cb60e29b,1580810238000,2020-02-04 17:57:18,16851352,4b0e3775a6ab0347ca7862e3d747ae079d6521307ea689670609ae36cb60e29b,TAUN6FwrnwwmaEqYcckffC7wYmbaS6cBiX,TMuA6YqfCeX8EhbfYEg5y7S4DqzSJireY9,101803261.389443trx,true[\n]"
12:57:24.136 [TestNG-tests-1] DEBUG org.apache.http.wire -  << "5b5d02d458df08b4c1bf23d332b69099cc2decae27ea5a68d76894c3aa45a802,1580788803000,2020-02-04 12:00:03,16844209,5b5d02d458df08b4c1bf23d332b69099cc2decae27ea5a68d76894c3aa45a802,TLyqzVGLV1srkB7dToTAEqgDSfPtXRJZYH,TMuA6YqfCeX8EhbfYEg5y7S4DqzSJireY9,1034863.871434trx,true[\n]"
12:57:24.136 [TestNG-tests-1] DEBUG org.apache.http.wire -  << "e6dc425591ff4feb6a920f58bbe8babb5383b19dba04a957bf89cbc5840b921a,1580616003000,2020-02-02 12:00:03,16786627,e6dc425591ff4feb6a920f58bbe8babb5383b19dba04a957bf89cbc5840b921a,TLyqzVGLV1srkB7dToTAEqgDSfPtXRJZYH,TMuA6YqfCeX8EhbfYEg5y7S4DqzSJireY9,1551594.329513trx,true[\n]"
12:57:24.136 [TestNG-tests-1] DEBUG org.apache.http.wire -  << "79101230cc0ac7cd9dc762acd6ff15dd49527bce159fb94934fe3773bc50e4cf,1580482098000,2020-01-31 22:48:18,16742004,79101230cc0ac7cd9dc762acd6ff15dd49527bce159fb94934fe3773bc50e4cf,TQJmE1fSDQfcC8hA7CJN9YAmZUFeQmP4YU,TMuA6YqfCeX8EhbfYEg5y7S4DqzSJireY9,10000000ANC,true[\n]"
12:57:24.137 [TestNG-tests-1] DEBUG org.apache.http.wire -  << "f2a19c8cca64359b47e990ebae2de4ed7ec253a6cbba0f0433bede50a3e6b3b0,1580481894000,2020-01-31 22:44:54,16741936,f2a19c8cca64359b47e990ebae2de4ed7ec253a6cbba0f0433bede50a3e6b3b0,TAUN6FwrnwwmaEqYcckffC7wYmbaS6cBiX,TMuA6YqfCeX8EhbfYEg5y7S4DqzSJireY9,100274212.390318trx,true[\n]"
12:57:24.137 [TestNG-tests-1] DEBUG org.apache.http.wire -  << "ca4563713b0a719ec7c1b44e76df124ba9b58cc7b45cd06a2f1b281efc432364,1580356803000,2020-01-30 12:00:03,16700260,ca4563713b0a719ec7c1b44e76df124ba9b58cc7b45cd06a2f1b281efc432364,TLyqzVGLV1srkB7dToTAEqgDSfPtXRJZYH,TMuA6YqfCeX8EhbfYEg5y7S4DqzSJireY9,1033859.990617trx,true[\n]"
12:57:24.137 [TestNG-tests-1] DEBUG org.apache.http.wire -  << "224530f7c9f9678927556a490e7f514d62f205ebe800b820daa1bc14cf108a36,1580184003000,2020-01-28 12:00:03,16642677,224530f7c9f9678927556a490e7f514d62f205ebe800b820daa1bc14cf108a36,TLyqzVGLV1srkB7dToTAEqgDSfPtXRJZYH,TMuA6YqfCeX8EhbfYEg5y7S4DqzSJireY9,1032289.833038trx,true[\n]"
12:57:24.137 [TestNG-tests-1] DEBUG org.apache.http.wire -  << "8ddf7ea7f3e781aa204bfd1358af39bc9fbf6b90cb2a57f64a92da5d3eb40c6b,1580011203000,2020-01-26 12:00:03,16585095,8ddf7ea7f3e781aa204bfd1358af39bc9fbf6b90cb2a57f64a92da5d3eb40c6b,TLyqzVGLV1srkB7dToTAEqgDSfPtXRJZYH,TMuA6YqfCeX8EhbfYEg5y7S4DqzSJireY9,1032752.175841trx,true[\n]"
12:57:24.137 [TestNG-tests-1] DEBUG org.apache.http.wire -  << "f996774a7d6ba562fc11be83c3cdf4673ddc5c3d35eddde1be8be0e6ccefa35d,1579845705000,2020-01-24 14:01:45,16529944,f996774a7d6ba562fc11be83c3cdf4673ddc5c3d35eddde1be8be0e6ccefa35d,TFx4uCN9GqcKN2i77nQbEFAW2fXNHVSyvs,TMuA6YqfCeX8EhbfYEg5y7S4DqzSJireY9,10000000BETSPORT,true[\n]"
12:57:24.137 [TestNG-tests-1] DEBUG org.apache.http.wire -  << "90a19dec170c855895c0edabc70a1dbc79d9f257dcb7e5170f9b7a12ae21db99,1579838403000,2020-01-24 12:00:03,16527512,90a19dec170c855895c0edabc70a1dbc79d9f257dcb7e5170f9b7a12ae21db99,TLyqzVGLV1srkB7dToTAEqgDSfPtXRJZYH,TMuA6YqfCeX8EhbfYEg5y7S4DqzSJireY9,1032692.708244trx,true[\n]"
12:57:24.137 [TestNG-tests-1] DEBUG org.apache.http.wire -  << "04f9504bef7c3612adc4473a8e0eb27c3a8e0a31039067940f00a1b324708fe4,1579665603000,2020-01-22 12:00:03,16469952,04f9504bef7c3612adc4473a8e0eb27c3a8e0a31039067940f00a1b324708fe4,TLyqzVGLV1srkB7dToTAEqgDSfPtXRJZYH,TMuA6YqfCeX8EhbfYEg5y7S4DqzSJireY9,1032607.802768trx,true[\n]"
12:57:24.137 [TestNG-tests-1] DEBUG org.apache.http.wire -  << "3206f77d5e079fb8247178cde932de0c59ef61213c53889d5ca048725d863109,1579569591000,2020-01-21 09:19:51,16437956,3206f77d5e079fb8247178cde932de0c59ef61213c53889d5ca048725d863109,TQzG52VBAvuWzNfEEWR2X6Ft6iFoTeNRyp,TMuA6YqfCeX8EhbfYEg5y7S4DqzSJireY9,1091907911BitTorrent,true[\n]"
12:57:24.137 [TestNG-tests-1] DEBUG org.apache.http.wire -  << "4f1dd70b7c7f6b117aedc3fee03039322e5935e7d30b3b110f9a36c97c250077,1579492803000,2020-01-20 12:00:03,16412370,4f1dd70b7c7f6b117aedc3fee03039322e5935e7d30b3b110f9a36c97c250077,TLyqzVGLV1srkB7dToTAEqgDSfPtXRJZYH,TMuA6YqfCeX8EhbfYEg5y7S4DqzSJireY9,1033602.933146trx,true[\n]"
12:57:24.137 [TestNG-tests-1] DEBUG org.apache.http.wire -  << "7fdb6d19fa90984ff6983edb93e8df5bb266f01af1572faee6d243d1bdcfe806,1579320009000,2020-01-18 12:00:09,16354791,7fdb6d19fa90984ff6983edb93e8df5bb266f01af1572faee6d243d1bdcfe806,TShjd6G6sKMY15cYnUU8qbz1BP5oiozs5Q,TMuA6YqfCeX8EhbfYEg5y7S4DqzSJireY9,10000000DRONE,true[\n]"
12:57:24.137 [TestNG-tests-1] DEBUG org.apache.http.wire -  << "d6b0ae00d795f0fcb28704c70dcbc19ade34d6e2bcf41c3aeaddcbbb05986b07,1579320003000,2020-01-18 12:00:03,16354789,d6b0ae00d795f0fcb28704c70dcbc19ade34d6e2bcf41c3aeaddcbbb05986b07,TLyqzVGLV1srkB7dToTAEqgDSfPtXRJZYH,TMuA6YqfCeX8EhbfYEg5y7S4DqzSJireY9,1036858.017696trx,true[\n]"
12:57:24.137 [TestNG-tests-1] DEBUG org.apache.http.wire -  << "0633ee977d7d87829cc3c4adffcd05c1c973afb6feeaf51b8f5b170fa27f69c6,1579188414000,2020-01-16 23:26:54,16310941,0633ee977d7d87829cc3c4adffcd05c1c973afb6feeaf51b8f5b170fa27f69c6,TAUN6FwrnwwmaEqYcckffC7wYmbaS6cBiX,TMuA6YqfCeX8EhbfYEg5y7S4DqzSJireY9,102216433.522350trx,true[\n]"
12:57:24.137 [TestNG-tests-1] DEBUG org.apache.http.wire -  << "ed8d5afdc48103fbdc8fc5ff7317cac9f8d7c8f62496bebf6e55d97530aa832a,1579147203000,2020-01-16 12:00:03,16297214,ed8d5afdc48103fbdc8fc5ff7317cac9f8d7c8f62496bebf6e55d97530aa832a,TLyqzVGLV1srkB7dToTAEqgDSfPtXRJZYH,TMuA6YqfCeX8EhbfYEg5y7S4DqzSJireY9,1036821.026035trx,true[\n]"
12:57:24.137 [TestNG-tests-1] DEBUG org.apache.http.wire -  << "fd33cde361123388da38983ce9e544fd367ddaa6ff277014dd6d7c62383dde09,1578974403000,2020-01-14 12:00:03,16239637,fd33cde361123388da38983ce9e544fd367ddaa6ff277014dd6d7c62383dde09,TLyqzVGLV1srkB7dToTAEqgDSfPtXRJZYH,TMuA6YqfCeX8EhbfYEg5y7S4DqzSJireY9,1036372.132464trx,true[\n]"
12:57:24.137 [TestNG-tests-1] DEBUG org.apache.http.wire -  << "0e5f2e1fa28dfdc67ad4eee7eeea8a568c03f0bc5f44b1935302561131cd9070,1578801612000,2020-01-12 12:00:12,16182057,0e5f2e1fa28dfdc67ad4eee7eeea8a568c03f0bc5f44b1935302561131cd9070,TTBXTYqv266xysC7prU7eeJB6E1jySc38q,TMuA6YqfCeX8EhbfYEg5y7S4DqzSJireY9,10000000AXX,true[\n]"
12:57:24.137 [TestNG-tests-1] DEBUG org.apache.http.wire -  << "16e297c06dd90137c0fbc2f6ae53076d29730372c9c291e0afd9ddee7e03d82b,1578801603000,2020-01-12 12:00:03,16182054,16e297c06dd90137c0fbc2f6ae53076d29730372c9c291e0afd9ddee7e03d82b,TLyqzVGLV1srkB7dToTAEqgDSfPtXRJZYH,TMuA6YqfCeX8EhbfYEg5y7S4DqzSJireY9,1036353.402383trx,true[\n]"
12:57:24.137 [TestNG-tests-1] DEBUG org.apache.http.wire -  << "2ed677b5d62144161ff5edc36a9c34df86e11edb2238f2a02ae73be3a368cc37,1578711222000,2020-01-11 10:53:42,16151940,2ed677b5d62144161ff5edc36a9c34df86e11edb2238f2a02ae73be3a368cc37,TNnXPw91DJxUtTsmNVHmkH8ntw1GEfs3fr,TMuA6YqfCeX8EhbfYEg5y7S4DqzSJireY9,131943723470161BitTorrent,true[\n]"
12:57:24.137 [TestNG-tests-1] DEBUG org.apache.http.wire -  << "8"
12:57:24.137 [TestNG-tests-1] DEBUG org.apache.http.wire -  << "1b002dd22be0525c27461f569383b348ce896000757abc68ad4c500cf00c920,1578628803000,2020-01-10 12:00:03,16124476,81b002dd22be0525c27461f569383b348ce896000757abc68ad4c500cf00c920,TLyqzVGLV1srkB7dToTAEqgDSfPtXRJZYH,TMuA6YqfCeX8EhbfYEg5y7S4DqzSJireY9,1036446.052273trx,true[\n]"
12:57:24.137 [TestNG-tests-1] DEBUG org.apache.http.wire -  << "449611210d753c2946c045fd3fcee5a8fdfd688081295f7945e3d154a6b090ef,1578456003000,2020-01-08 12:00:03,16066895,449611210d753c2946c045fd3fcee5a8fdfd688081295f7945e3d154a6b090ef,TLyqzVGLV1srkB7dToTAEqgDSfPtXRJZYH,TMuA6YqfCeX8EhbfYEg5y7S4DqzSJireY9,1036572.631394trx,true[\n]"
12:57:24.137 [TestNG-tests-1] DEBUG org.apache.http.wire -  << "e5f5b094a77648d63340885c9a02e3308d5383bd83bd2c0c54f86ec143be9d8a,1578283203000,2020-01-06 12:00:03,16009323,e5f5b094a77648d63340885c9a02e3308d5383bd83bd2c0c54f86ec143be9d8a,TLyqzVGLV1srkB7dToTAEqgDSfPtXRJZYH,TMuA6YqfCeX8EhbfYEg5y7S4DqzSJireY9,1037790.335005trx,true[\n]"
12:57:24.137 [TestNG-tests-1] DEBUG org.apache.http.wire -  << "58a61725436db00c8fedd39021af0d8939f70027409be329d3466654b101d89a,1578110403000,2020-01-04 12:00:03,15951743,58a61725436db00c8fedd39021af0d8939f70027409be329d3466654b101d89a,TLyqzVGLV1srkB7dToTAEqgDSfPtXRJZYH,TMuA6YqfCeX8EhbfYEg5y7S4DqzSJireY9,1037316.400643trx,true[\n]"
12:57:24.137 [TestNG-tests-1] DEBUG org.apache.http.wire -  << "2130252023784c4be07745fd0279fefe127cbfd81f4af223a026ad81e03130be,1577937603000,2020-01-02 12:00:03,15894167,2130252023784c4be07745fd0279fefe127cbfd81f4af223a026ad81e03130be,TLyqzVGLV1srkB7dToTAEqgDSfPtXRJZYH,TMuA6YqfCeX8EhbfYEg5y7S4DqzSJireY9,1555691.459466trx,true[\n]"
12:57:24.137 [TestNG-tests-1] DEBUG org.apache.http.wire -  << "41170f26cd18ec0be86e351d9d51ee353f8cdc454685a06962a2f5bbb1362f3e,1577678403000,2019-12-30 12:00:03,15807806,41170f26cd18ec0be86e351d9d51ee353f8cdc454685a06962a2f5bbb1362f3e,TLyqzVGLV1srkB7dToTAEqgDSfPtXRJZYH,TMuA6YqfCeX8EhbfYEg5y7S4DqzSJireY9,1036322.788272trx,true[\n]"
12:57:24.137 [TestNG-tests-1] DEBUG org.apache.http.wire -  << "3ee07a43147588d59b2354e02b8a0ccb7d41e06cabfee3ed26da6fd8e5e612a4,1577505615000,2019-12-28 12:00:15,15750256,3ee07a43147588d59b2354e02b8a0ccb7d41e06cabfee3ed26da6fd8e5e612a4,TBQPmBPqoxoYSLHVk2M23WenmoWxC5fQa3,TMuA6YqfCeX8EhbfYEg5y7S4DqzSJireY9,10000000AUP,true[\n]"
12:57:24.137 [TestNG-tests-1] DEBUG org.apache.http.wire -  << "5098ef819e4e986c466df778543a21a5e065bd67262985c7cb1869fc700f4ba8,1577505603000,2019-12-28 12:00:03,15750252,5098ef819e4e986c466df778543a21a5e065bd67262985c7cb1869fc700f4ba8,TLyqzVGLV1srkB7dToTAEqgDSfPtXRJZYH,TMuA6YqfCeX8EhbfYEg5y7S4DqzSJireY9,1037282.430212trx,true[\n]"
12:57:24.137 [TestNG-tests-1] DEBUG org.apache.http.wire -  << "ab8e86dede89d67179a005a18b2ea0b8876b3fc208719a9257ba2fbf5a34a874,1577332803000,2019-12-26 12:00:03,15692726,ab8e86dede89d67179a005a18b2ea0b8876b3fc208719a9257ba2fbf5a34a874,TLyqzVGLV1srkB7dToTAEqgDSfPtXRJZYH,TMuA6YqfCeX8EhbfYEg5y7S4DqzSJireY9,1038173.830343trx,true[\n]"
12:57:24.137 [TestNG-tests-1] DEBUG org.apache.http.wire -  << "334e483da37b58736560f48820b9df12c9dd17c9e537c173dfcd119d5ed211b9,1577160003000,2019-12-24 12:00:03,15635147,334e483da37b58736560f48820b9df12c9dd17c9e537c173dfcd119d5ed211b9,TLyqzVGLV1srkB7dToTAEqgDSfPtXRJZYH,TMuA6YqfCeX8EhbfYEg5y7S4DqzSJireY9,1037665.849478trx,true[\n]"
12:57:24.137 [TestNG-tests-1] DEBUG org.apache.http.wire -  << "c17af59db1e97512e8ff57fed482f98e241eace0bb2b20d81b3ba62e683e03dc,1577055090000,2019-12-23 06:51:30,15600187,c17af59db1e97512e8ff57fed482f98e241eace0bb2b20d81b3ba62e683e03dc,TFQyYdPTpsVnF3ys9KTDu9ToNTUfixK6Dw,TMuA6YqfCeX8EhbfYEg5y7S4DqzSJireY9,700000TRONSECURITY,true[\n]"
12:57:24.137 [TestNG-tests-1] DEBUG org.apache.http.wire -  << "c08b32d3600cb9db1a96bf0f59ba36b7ed4359f0d26c3507c772a8aa5f8fa9bd,1576987203000,2019-12-22 12:00:03,15577564,c08b32d3600cb9db1a96bf0f59ba36b7ed4359f0d26c3507c772a8aa5f8fa9bd,TLyqzVGLV1srkB7dToTAEqgDSfPtXRJZYH,TMuA6YqfCeX8EhbfYEg5y7S4DqzSJireY9,1037346.810812trx,true[\n]"
12:57:24.137 [TestNG-tests-1] DEBUG org.apache.http.wire -  << "dfe578c97fc05dc635f051818ea65e6cda4bd718b3ad3b08fcd57a462354a2b0,1576814403000,2019-12-20 12:00:03,15519980,dfe578c97fc05dc635f051818ea65e6cda4bd718b3ad3b08fcd57a462354a2b0,TLyqzVGLV1srkB7dToTAEqgDSfPtXRJZYH,TMuA6YqfCeX8EhbfYEg5y7S4DqzSJireY9,1037164.838213trx,true[\n]"
12:57:24.137 [TestNG-tests-1] DEBUG org.apache.http.wire -  << "22360a0e920e271d9392823533af6ff85928795da0ccbb742c7110457819c728,1576641618000,2019-12-18 12:00:18,15462410,22360a0e920e271d9392823533af6ff85928795da0ccbb742c7110457819c728,TT3MJHpTTikYngGsyMz1FrwxvAnWZnvdw7,TMuA6YqfCeX8EhbfYEg5y7S4DqzSJireY9,10000000AX,true[\n]"
12:57:24.137 [TestNG-tests-1] DEBUG org.apache.http.wire -  << "6a15fa8e3038143899f3aedebde2fb0283ff128b73addc50c60ce7bd8f9b690a,1576641603000,2019-12-18 12:00:03,15462405,6a15fa8e3038143899f3aedebde2fb0283ff128b73addc50c60ce7bd8f9b690a,TLyqzVGLV1srkB7dToTAEqgDSfPtXRJZYH,TMuA6YqfCeX8EhbfYEg5y7S4DqzSJireY9,1035052.227584trx,true[\n]"
12:57:24.137 [TestNG-tests-1] DEBUG org.apache.http.wire -  << "4401cc5aca30ece2172bb399af861ee7dec297280a2ef0dbfaf261c52114ff8f,1576468803000,2019-12-16 12:00:03,15404825,4401cc5aca30ece2172bb399af861ee7dec297280a2ef0dbfaf261c52114ff8f,TLyqzVGLV1srkB7dToTAEqgDSfPtXRJZYH,TMuA6YqfCeX8EhbfYEg5y7S4DqzSJireY9,1035144.709977trx,true[\n]"
12:57:24.137 [TestNG-tests-1] DEBUG org.apache.http.wire -  << "f378cc79b817c5b2899d7dead25d06d0c0e1318d25170450ead67027c2c06c2d,1576296003000,2019-12-14 12:00:03,15347244,f378cc79b817c5b2899d7dead25d06d0c0e1318d25170450ead67027c2c06c2d,TLyqzVGLV1srkB7dToTAEqgDSfPtXRJZYH,TMuA6YqfCeX8EhbfYEg5y7S4DqzSJireY9,1026490.089088trx,true[\n]"
12:57:24.137 [TestNG-tests-1] DEBUG org.apache.http.wire -  << "32f9cbf1758ea52b52e59bc9e1ff6fc9b8ba6de1e37f4a90c776f994391beaab,1576123203000,2019-12-12 12:00:03,15290073,32f9cbf1758ea52b52e59bc9e1ff6fc9b8ba6de1e37f4a90c776f994391beaab,TLyqzVGLV1srkB7dToTAEqgDSfPtXRJZYH,TMuA6YqfCeX8EhbfYEg5y7S4DqzSJireY9,1008961.218755trx,true[\n]"
12:57:24.137 [TestNG-tests-1] DEBUG org.apache.http.wire -  << "7276f646da5da871578523c32f82bc8ecc752f516a729f3ff2d9c3ee6a2e5c55,1576033251000,2019-12-11 11:00:51,15261217,7276f646da5da871578523c32f82bc8ecc752f516a729f3ff2d9c3ee6a2e5c55,TFG5LywGz2nXA2qCxwZoxjPJz7wVEQwCku,TMuA6YqfCeX8EhbfYEg5y7S4DqzSJireY9,130845083221990BitTorrent,true[\n]"
12:57:24.137 [TestNG-tests-1] DEBUG org.apache.http.wire -  << "d50142d1a437d79c010da3e95c4a52c4728c2903babd144556156f5614600383,1575950403000,2019-12-10 12:00:03,15233928,d50142d1a437d79c010da3e95c4a52c4728c2903babd144556156f5614600383,TLyqzVGLV1srkB7dToTAEqgDSfPtXRJZYH,TMuA6YqfCeX8EhbfYEg5y7S4DqzSJireY9,1033518.006056trx,true[\n]"
12:57:24.137 [TestNG-tests-1] DEBUG org.apache.http.wire -  << "dc319c47f3ceabc7985c9eae2c4767727f0081d4ef374ee0ddd06c4a0361e7ee,1575889926000,2019-12-09 19:12:06,15213775,dc319c47f3ceabc7985c9eae2c4767727f0081d4ef374ee0ddd06c4a0361e7ee,TJxQRpG7c7zp6LvP8HkRLi2B3YKmfoz84q,TMuA6YqfCeX8EhbfYEg5y7S4DqzSJireY9,0.970000trx,true[\n]"
12:57:24.137 [TestNG-tests-1] DEBUG org.apache.http.wire -  << "6c21f44a80c36c36f090748c5182a35cdc723b20cd16fd2654ca0c374c2f5ddb,1575777603000,2019-12-08 12:00:03,15176354,6c21f44a80c36c36f090748c5182a35cdc723b20cd16fd2654ca0c374c2f5ddb,TLyqzVGLV1srkB7dToTAEqgDSfPtXRJZYH,TMuA6YqfCeX8EhbfYEg5y7S4DqzSJireY9,1034503.574572trx,true[\n]"
12:57:24.137 [TestNG-tests-1] DEBUG org.apache.http.wire -  << "59c7c3c8dc235be10e3545f618267388cfeb0b06cf8a99b5558c30443d336cf6,1575604803000,2019-12-06 12:00:03,15118775,59c7c3c8dc235be10e3545f618267388cfeb0b06cf8a99b5558c30443d336cf6,TLyqzVGLV1srkB7dToTAEqgDSfPtXRJZYH,TMuA6YqfCeX8EhbfYEg5y7S4DqzSJireY9,1035293.216219trx,true[\n]"
12:57:24.138 [TestNG-tests-1] DEBUG org.apache.http.wire -  << "852061943dd93995c5d9c698a55d12861152dc1664e237f476741465f264fd00,1575432003000,2019-12-04 12:00:03,15061196,852061943dd93995c5d9c698a55d12861152dc1664e237f476741465f264fd00,TLyqzVGLV1srkB7dToTAEqgDSfPtXRJZYH,TMuA6YqfCeX8EhbfYEg5y7S4DqzSJireY9,1035535.081557trx,true[\n]"
12:57:24.138 [TestNG-tests-1] DEBUG org.apache.http.wire -  << "9486e62ecaa22a54dece68ca9fa1506142ce7524330cdadd0582533f23f3073d,1575430608000,2019-12-04 11:36:48,15060731,9486e62ecaa22a54dece68ca9fa1506142ce7524330cdadd0582533f23f3073d,TLzdLwkNnn3B1VB7577nzCxdbaK2cKAR2N,TMuA6YqfCeX8EhbfYEg5y7S4DqzSJireY9,10000000QueenMahsa,true[\n]"
12:57:24.138 [TestNG-tests-1] DEBUG org.apache.http.wire -  << "bcaa4bde219fc7e9c083121e4109d9da9da07e8d9800a15d0b1d63813f9ddedf,1575259203000,2019-12-02 12:00:03,15003613,bcaa4bde219fc7e9c083121e4109d9da9da07e8d9800a15d0b1d63813f9ddedf,TLyqzVGLV1srkB7dToTAEqgDSfPtXRJZYH,TMuA6YqfCeX8EhbfYEg5y7S4DqzSJireY9,1036604.065578trx,true[\n]"
12:57:24.138 [TestNG-tests-1] DEBUG org.apache.http.wire -  << "4016e74553208a629e251b220a6cfaa92afe353fc94bcc9648fe13dbb51b0395,1575086415000,2019-11-30 12:00:15,14946036,4016e74553208a629e251b220a6cfaa92afe353fc94bcc9648fe13dbb51b0395,TN97p9ut89n4VCMA4GAtAQrv5nzxs9VEWV,TMuA6YqfCeX8EhbfYEg5y7S4DqzSJireY9,10000000EPICAL,true[\n]"
12:57:24.138 [TestNG-tests-1] DEBUG org.apache.http.wire -  << "c584bf948bc49dd6c1ff16f5c05fc725565181e4b48f8498f6d883d9e4e8d076,1575086403000,2019-11-30 12:00:03,14946032,c584bf948bc49dd6c1ff16f5c05fc725565181e4b48f8498f6d883d9e4e8d076,TLyqzVGLV1srkB7dToTAEqgDSfPtXRJZYH,TMuA6YqfCeX8EhbfYEg5y7S4DqzSJireY9,1035310.206398trx,true[\n]"
12:57:24.138 [TestNG-tests-1] DEBUG org.apache.http.wire -  << "e86f3c1b5e8294f1a16c5f1f447c3a0f578d465e6d6dee8b11b5b96da092d153,1574913603000,2019-11-28 12:00:03,14888449,e86f3c1b5e8294f1a16c5f1f447c3a0f578d465e6d6dee8b11b5b96da092d153,TLyqzVGLV1srkB7dToTAEqgDSfPtXRJZYH,TMuA6YqfCeX8EhbfYEg5y7S4DqzSJireY9,1035850.763906trx,true[\n]"
12:57:24.138 [TestNG-tests-1] DEBUG org.apache.http.wire -  << "5612d22f252f380212c1892a0bc2ea1451dd517498c31ec9531fe34e9132d302,1574740803000,2019-11-26 12:00:03,14830879,5612d22f252f380212c1892a0bc2ea1451dd517498c31ec9531fe34e9132d302,TLyqzVGLV1srkB7dToTAEqgDSfPtXRJZYH,TMuA6YqfCeX8EhbfYEg5y7S4DqzSJireY9,1035784.846377trx,true[\n]"
12:57:24.138 [TestNG-tests-1] DEBUG org.apache.http.wire -  << "99956d719dd1d19630cabed530526f694a384c42cd5a1135e7b01f4e27738b6f,1574626311000,2019-11-25 04:11:51,14792740,99956d719dd1d19630cabed530526f694a384c42cd5a1135e7b01f4e27738b6f,TCKLRjJmhFABs4Hbjy5S3DBFoytMQ95hS4,TMuA6YqfCeX8EhbfY"
12:57:24.138 [TestNG-tests-1] DEBUG org.apache.http.wire -  << "Eg5y7S4DqzSJireY9,1VoteForGeoTreasureSR,true[\n]"
12:57:24.138 [TestNG-tests-1] DEBUG org.apache.http.wire -  << "bb4a50ce506efcd6da2c466b26e662a6496cfb300c02ea45a1a8422caa3f15e7,1574568003000,2019-11-24 12:00:03,14773313,bb4a50ce506efcd6da2c466b26e662a6496cfb300c02ea45a1a8422caa3f15e7,TLyqzVGLV1srkB7dToTAEqgDSfPtXRJZYH,TMuA6YqfCeX8EhbfYEg5y7S4DqzSJireY9,1036139.410803trx,true[\n]"
12:57:24.138 [TestNG-tests-1] DEBUG org.apache.http.wire -  << "e57e2c4f32bc5d4ff3382f075bc898831dce3b2766208b0f458370e9c0935e28,1574395203000,2019-11-22 12:00:03,14715735,e57e2c4f32bc5d4ff3382f075bc898831dce3b2766208b0f458370e9c0935e28,TLyqzVGLV1srkB7dToTAEqgDSfPtXRJZYH,TMuA6YqfCeX8EhbfYEg5y7S4DqzSJireY9,1037738.272761trx,true[\n]"
12:57:24.138 [TestNG-tests-1] DEBUG org.apache.http.wire -  << "b59aef3bf669025ed2246f3a01f5c31d2f40612fd2192c627bf566e15f8496dd,1574222403000,2019-11-20 12:00:03,14658160,b59aef3bf669025ed2246f3a01f5c31d2f40612fd2192c627bf566e15f8496dd,TLyqzVGLV1srkB7dToTAEqgDSfPtXRJZYH,TMuA6YqfCeX8EhbfYEg5y7S4DqzSJireY9,1038206.281422trx,true[\n]"
12:57:24.138 [TestNG-tests-1] DEBUG org.apache.http.wire -  << "891c55dcccbe90b532dc5f8135f72862769df7700de7b020421f56a9a03014b1,1574049609000,2019-11-18 12:00:09,14600578,891c55dcccbe90b532dc5f8135f72862769df7700de7b020421f56a9a03014b1,TABoKk8Ee2WKEfHXAAA7epeWLucNYHpbxo,TMuA6YqfCeX8EhbfYEg5y7S4DqzSJireY9,10000000ALPHA,true[\n]"
12:57:24.138 [TestNG-tests-1] DEBUG org.apache.http.wire -  << "896487e9e6c276a0f7d269377002e34e4c8619cb3713346045d0293a7d117532,1574049603000,2019-11-18 12:00:03,14600576,896487e9e6c276a0f7d269377002e34e4c8619cb3713346045d0293a7d117532,TLyqzVGLV1srkB7dToTAEqgDSfPtXRJZYH,TMuA6YqfCeX8EhbfYEg5y7S4DqzSJireY9,1038150.789576trx,true[\n]"
12:57:24.138 [TestNG-tests-1] DEBUG org.apache.http.wire -  << "e44fc88fadce359e9af91e50a0c5128ccbb66934d4b38bd31828f63035291abe,1573876803000,2019-11-16 12:00:03,14542993,e44fc88fadce359e9af91e50a0c5128ccbb66934d4b38bd31828f63035291abe,TLyqzVGLV1srkB7dToTAEqgDSfPtXRJZYH,TMuA6YqfCeX8EhbfYEg5y7S4DqzSJireY9,1038533.194195trx,true[\n]"
12:57:24.138 [TestNG-tests-1] DEBUG org.apache.http.wire -  << "7e5b10478efb1187f5e73f669633e927ddf6906e1febbe5d4c048ea4864c66b5,1573855761000,2019-11-16 06:09:21,14535981,7e5b10478efb1187f5e73f669633e927ddf6906e1febbe5d4c048ea4864c66b5,TRChSJM8TjQj7vvJCN9W8WBcfkJq2eBxgv,TMuA6YqfCeX8EhbfYEg5y7S4DqzSJireY9,20000000Alphard,true[\n]"
12:57:24.138 [TestNG-tests-1] DEBUG org.apache.http.wire -  << "7d8a738656ed99c1a51477369bb687b9027fb0ae991e518fcbf73ec20a4264d7,1573855422000,2019-11-16 06:03:42,14535868,7d8a738656ed99c1a51477369bb687b9027fb0ae991e518fcbf73ec20a4264d7,TRChSJM8TjQj7vvJCN9W8WBcfkJq2eBxgv,TMuA6YqfCeX8EhbfYEg5y7S4DqzSJireY9,33000000Alphard,true[\n]"
12:57:24.138 [TestNG-tests-1] DEBUG org.apache.http.wire -  << "6a10945e014171d5e31adc60a04d6ffac48914f37ab63547f01cadbee133c5ca,157385365"
12:57:24.138 [TestNG-tests-1] DEBUG org.apache.http.wire -  << "[\r][\n]"
12:57:24.138 [TestNG-tests-1] DEBUG org.apache.http.wire -  << "14000[\r][\n]"
12:57:24.138 [TestNG-tests-1] DEBUG org.apache.http.wire -  << "2000,2019-11-16 05:34:12,14535278,6a10945e014171d5e31adc60a04d6ffac48914f37ab63547f01cadbee133c5ca,TRChSJM8TjQj7vvJCN9W8WBcfkJq2eBxgv,TMuA6YqfCeX8EhbfYEg5y7S4DqzSJireY9,80513231252000000Alphard,true[\n]"
12:57:24.138 [TestNG-tests-1] DEBUG org.apache.http.wire -  << "68f2ac191f73f5d573c4f06053393b5bb9ea4da1173ac2b7219154eb6c91c29f,1573853622000,2019-11-16 05:33:42,14535268,68f2ac191f73f5d573c4f06053393b5bb9ea4da1173ac2b7219154eb6c91c29f,TRChSJM8TjQj7vvJCN9W8WBcfkJq2eBxgv,TMuA6YqfCeX8EhbfYEg5y7S4DqzSJireY9,80513231252000000Alphard,true[\n]"
12:57:24.138 [TestNG-tests-1] DEBUG org.apache.http.wire -  << "df97392e11ecde295f44d53c8476d0c33d6d6491e14ea45cd3f57fb8195fd8eb,1573704003000,2019-11-14 12:00:03,14485412,df97392e11ecde295f44d53c8476d0c33d6d6491e14ea45cd3f57fb8195fd8eb,TLyqzVGLV1srkB7dToTAEqgDSfPtXRJZYH,TMuA6YqfCeX8EhbfYEg5y7S4DqzSJireY9,1038345.884191trx,true[\n]"
12:57:24.138 [TestNG-tests-1] DEBUG org.apache.http.wire -  << "a1bec19edbd7ed9b36700d57664ec4491d0ec1313bacbed3a10b2da1a537b617,1573531203000,2019-11-12 12:00:03,14427828,a1bec19edbd7ed9b36700d57664ec4491d0ec1313bacbed3a10b2da1a537b617,TLyqzVGLV1srkB7dToTAEqgDSfPtXRJZYH,TMuA6YqfCeX8EhbfYEg5y7S4DqzSJireY9,1040276.354210trx,true[\n]"
12:57:24.138 [TestNG-tests-1] DEBUG org.apache.http.wire -  << "f43089b7a29a8d9a76fb9141c35c2f745ea4cae3989f514646cfaf12b23148db,1573441815000,2019-11-11 11:10:15,14398041,f43089b7a29a8d9a76fb9141c35c2f745ea4cae3989f514646cfaf12b23148db,TXPt9YCwurC6rNfmVLq3WK6EzXmb7ybwmo,TMuA6YqfCeX8EhbfYEg5y7S4DqzSJireY9,130777925138039BitTorrent,true[\n]"
12:57:24.138 [TestNG-tests-1] DEBUG org.apache.http.wire -  << "37c115d31ac5dc115722a3e940aaeec5400b8753cb82a5b9c9582ee90bb66fe6,1573358403000,2019-11-10 12:00:03,14370252,37c115d31ac5dc115722a3e940aaeec5400b8753cb82a5b9c9582ee90bb66fe6,TLyqzVGLV1srkB7dToTAEqgDSfPtXRJZYH,TMuA6YqfCeX8EhbfYEg5y7S4DqzSJireY9,1044090.517592trx,true[\n]"
12:57:24.138 [TestNG-tests-1] DEBUG org.apache.http.wire -  << "9514cc7363744578a0e4247d30cff11edd6515c932eb8bee89f0b1fe61501bc9,1573185603000,2019-11-08 12:00:03,14312669,9514cc7363744578a0e4247d30cff11edd6515c932eb8bee89f0b1fe61501bc9,TLyqzVGLV1srkB7dToTAEqgDSfPtXRJZYH,TMuA6YqfCeX8EhbfYEg5y7S4DqzSJireY9,1046269.552608trx,true[\n]"
12:57:24.138 [TestNG-tests-1] DEBUG org.apache.http.wire -  << "849c9c914c176b8e9ac9e12b7ce6bc1f1d26a276dab75544d891e507db0d97f1,1573012803000,2019-11-06 12:00:03,14255093,849c9c914c176b8e9ac9e12b7ce6bc1f1d26a276dab75544d891e507db0d97f1,TLyqzVGLV1srkB7dToTAEqgDSfPtXRJZYH,TMuA6YqfCeX8EhbfYEg5y7S4DqzSJireY9,524431.712664trx,true[\n]"
12:57:24.138 [TestNG-tests-1] DEBUG org.apache.http.wire -  << "6d8f366d635c456d7ab7160a1336dd8a293d4657c2d640ea80b5c4f312863845,1572840003000,2019-11-04 12:00:03,14197549,6d8f366d635c456d7ab7160a1336dd8a293d4657c2d640ea80b5c4f312863845,TLyqzVGLV1srkB7dToTAEqgDSfPtXRJZYH,TMuA6YqfCeX8EhbfYEg5y7S4DqzSJireY9,176354.917306trx,true[\n]"
12:57:24.139 [TestNG-tests-1] DEBUG org.apache.http.wire -  << "cc900fd9cc84cf582795366df2c38489bdbc04db59e40cbfda5599494ecc42c0,1572711642000,2019-11-03 00:20:42,14154778,cc900fd9cc84cf582795366df2c38489bdbc04db59e40cbfda5599494ecc42c0,TViTdKPh2JkswbW7UxdrsQQNZtjRQ2jmp5,TMuA6YqfCeX8EhbfYEg5y7S4DqzSJireY9,1000000WorldTravelBlockchain,true[\n]"
12:57:24.139 [TestNG-tests-1] DEBUG org.apache.http.wire -  << "50ebc8b6354b9fb62151cf80aef985788539f4556eff2a6270b232f0ce708eff,1572581436000,2019-11-01 12:10:36,14111398,50ebc8b6354b9fb62151cf80aef985788539f4556eff2a6270b232f0ce708eff,TLyqzVGLV1srkB7dToTAEqgDSfPtXRJZYH,TMuA6YqfCeX8EhbfYEg5y7S4DqzSJireY9,413798.598514trx,true[\n]"
12:57:24.139 [TestNG-tests-1] DEBUG org.apache.http.wire -  << "497add2a9fd117f1f6903ec565a7527c8e89e2511c9e737d0e6edfdd92c736af,1572520992000,2019-10-31 19:23:12,14091258,497add2a9fd117f1f6903ec565a7527c8e89e2511c9e737d0e6edfdd92c736af,TLyqzVGLV1srkB7dToTAEqgDSfPtXRJZYH,TMuA6YqfCeX8EhbfYEg5y7S4DqzSJireY9,59392"
12:57:24.378 [TestNG-tests-1] DEBUG org.apache.http.wire -  << ".760892trx,true[\n]"
12:57:24.378 [TestNG-tests-1] DEBUG org.apache.http.wire -  << "c46d341b57d75402550d6bab0162914e9a0379d5a3dfa92cf2b9a7e2743146b5,1572513288000,2019-10-31 17:14:48,14088690,c46d341b57d75402550d6bab0162914e9a0379d5a3dfa92cf2b9a7e2743146b5,TLyqzVGLV1srkB7dToTAEqgDSfPtXRJZYH,TMuA6YqfCeX8EhbfYEg5y7S4DqzSJireY9,0.010000trx,true[\n]"
12:57:24.378 [TestNG-tests-1] DEBUG org.apache.http.wire -  << "ae06fc3d8193e4d82497038a05565eeb912737291c70fae9befbad048a377038,1572474567000,2019-10-31 06:29:27,14075787,ae06fc3d8193e4d82497038a05565eeb912737291c70fae9befbad048a377038,TYdMzYVWGoFUHkZTNCnV42uQUTE5WUCmDw,TMuA6YqfCeX8EhbfYEg5y7S4DqzSJireY9,10000000PLANET,true[\n]"
12:57:24.378 [TestNG-tests-1] DEBUG org.apache.http.wire -  << "ef9a3404bf988adafb2318ccd4c564b76681802091604fe83f7f6cd6e08da2cb,1572437145000,2019-10-30 20:05:45,14063316,ef9a3404bf988adafb2318ccd4c564b76681802091604fe83f7f6cd6e08da2cb,TLyqzVGLV1srkB7dToTAEqgDSfPtXRJZYH,TMuA6YqfCeX8EhbfYEg5y7S4DqzSJireY9,0.010000trx,true[\n]"
12:57:24.378 [TestNG-tests-1] DEBUG org.apache.http.wire -  << "7ba9e5578b992114ee76ba10361867e3857b7887b2456a69587f3aff0b2aed66,1572418923000,2019-10-30 15:02:03,14057244,7ba9e5578b992114ee76ba10361867e3857b7887b2456a69587f3aff0b2aed66,TLyqzVGLV1srkB7dToTAEqgDSfPtXRJZYH,TMuA6YqfCeX8EhbfYEg5y7S4DqzSJireY9,0.010000trx,true[\n]"
12:57:24.378 [TestNG-tests-1] DEBUG org.apache.http.wire -  << "c6818474b4f986ab38df4d6f46257a46831708dd3b280605447a82dea1532a7f,1572418836000,2019-10-30 15:00:36,14057215,c6818474b4f986ab38df4d6f46257a46831708dd3b280605447a82dea1532a7f,TLyqzVGLV1srkB7dToTAEqgDSfPtXRJZYH,TMuA6YqfCeX8EhbfYEg5y7S4DqzSJireY9,0.010000trx,true[\n]"
12:57:24.378 [TestNG-tests-1] DEBUG org.apache.http.wire -  << "e8d6defe3139a673f90e39144861c867ae7f7a"
12:57:24.378 [TestNG-tests-1] DEBUG org.apache.http.wire -  << "4d6aea69dc55d271a97064208b,1572416472000,2019-10-30 14:21:12,14056427,e8d6defe3139a673f90e39144861c867ae7f7a4d6aea69dc55d271a97064208b,TLyqzVGLV1srkB7dToTAEqgDSfPtXRJZYH,TMuA6YqfCeX8EhbfYEg5y7S4DqzSJireY9,2300000.000000trx,true[\n]"
12:57:24.378 [TestNG-tests-1] DEBUG org.apache.http.wire -  << "4ff929ceb67787abfd6d96c07ecb289e7d9fb304c837ce1f3796e16c816f166b,1572409239000,2019-10-30 12:20:39,14054018,4ff929ceb67787abfd6d96c07ecb289e7d9fb304c837ce1f3796e16c816f166b,TLyqzVGLV1srkB7dToTAEqgDSfPtXRJZYH,TMuA6YqfCeX8EhbfYEg5y7S4DqzSJireY9,1000.000000trx,true[\n]"
12:57:24.378 [TestNG-tests-1] DEBUG org.apache.http.wire -  << "f4f016fd11ff56488bd82d2ce82ae42b37ac53ad51dea7efea218e67553e5c86,1572408408000,2019-10-30 12:06:48,14053741,f4f016fd11ff56488bd82d2ce82ae42b37ac53ad51dea7efea218e67553e5c86,TLyqzVGLV1srkB7dToTAEqgDSfPtXRJZYH,TMuA6YqfCeX8EhbfYEg5y7S4DqzSJireY9,6840467.170887trx,true[\n]"
12:57:24.378 [TestNG-tests-1] DEBUG org.apache.http.wire -  << "f4f3ce99064d236c55261b7005f64b7bc63960f21abc9f002eb244fe474902cf,1572406413000,2019-10-30 11:33:33,14053076,f4f3ce99064d236c55261b7005f64b7bc63960f21abc9f002eb244fe474902cf,TLyqzVGLV1srkB7dToTAEqgDSfPtXRJZYH,TMuA6YqfCeX8EhbfYEg5y7S4DqzSJireY9,100000.000000trx,true[\n]"
12:57:24.378 [TestNG-tests-1] DEBUG org.apache.http.wire -  << "ee1bf3c1760b639f10fe809f204a9007dc1028b53163440a124bf9960b22c913,1572356697000,2019-10-29 21:44:57,14036510,ee1bf3c1760b639f10fe809f204a9007dc1028b53163440a124bf9960b22c913,TAUN6FwrnwwmaEqYcckffC7wYmbaS6cBiX,TMuA6YqfCeX8EhbfYEg5y7S4DqzSJireY9,153836085.544621trx,true[\n]"
12:57:24.378 [TestNG-tests-1] DEBUG org.apache.http.wire -  << "e35e1f0b54b22b8e4e485f26656fea081a8b2506d7c8e3e2cde28a836ca197d0,1572355626000,2019-10-29 21:27:06,14036153,e35e1f0b54b22b8e4e485f26656fea081a8b2506d7c8e3e2cde28a836ca197d0,TLyqzVGLV1srkB7dToTAEqgDSfPtXRJZYH,TMuA6YqfCeX8EhbfYEg5y7S4DqzSJireY9,0.100000trx,true[\n]"
12:57:24.378 [TestNG-tests-1] DEBUG org.apache.http.wire -  << "a63017dc080e17a524516057c0eff2e7d49656b9c7c302cb7f154349ec72a4cf,1572295389000,2019-10-29 04:43:09,14016088,a63017dc080e17a524516057c0eff2e7d49656b9c7c302cb7f154349ec72a4cf,TRtmFSFBtUQbbWoyUBqvhck5scUPEo5KsQ,TMuA6YqfCeX8EhbfYEg5y7S4DqzSJireY9,10000000SPACE,true[\n]"
12:57:24.378 [TestNG-tests-1] DEBUG org.apache.http.wire -  << "e216a46025c1c0acc8c8db769d7da6174cc879c27929e298101aa5b8d19177dd,1572295383000,2019-10-29 04:43:03,14016086,e216a46025c1c0acc8c8db769d7da6174cc879c27929e298101aa5b8d19177dd,TAUN6FwrnwwmaEqYcckffC7wYmbaS6cBiX,TMuA6YqfCeX8EhbfYEg5y7S4DqzSJireY9,108065101.428859trx,true[\n]"
12:57:24.378 [TestNG-tests-1] DEBUG org.apache.http.wire -  << "63f350339ceef32f8ac5c3c94a0ad78d93759d02ea503498aa4c250d2b7cff76,1572142992000,2019-10-27 10:23:12,13965366,63f350339ceef32f8ac5c3c94a0ad78d93759d02ea503498aa4c250d2b7cff76,TUL9NhGQkRFLTRcHGkdoSniAeVaNPZGgot,TMuA6YqfCeX8EhbfYEg5y7S4DqzSJireY9,3216000000AeroChain,true[\n]"
12:57:24.378 [TestNG-tests-1] DEBUG org.apache.http.wire -  << "eea6cf7c34d2c50c03dc82116b69a2c27ed043b3a7d30a95439a953c6f215f38,1571562534000,2019-10-20 17:08:54,13772047,eea6cf7c34d2c50c03dc82116b69a2c27ed043b3a7d30a95439a953c6f215f38,TRXw3Ggt3xs3fHbcoark1aeKwUZFKTYcsS,TMuA6YqfCeX8EhbfYEg5y7S4DqzSJireY9,10000Waxperience,true[\n]"
12:57:24.378 [TestNG-tests-1] DEBUG org.apache.http.wire -  << "09b1c05e46fa0fb3643d862186fd31cd6c21809ba5cc277194a9752e26b96c75,1571540622000,2019-10-20 11:03:42,13764747,09b1c05e46fa0fb3643d862186fd31cd6c21809ba5cc277194a9752e26b96c75,TViTdKPh2JkswbW7UxdrsQQNZtjRQ2jmp5,TMuA6YqfCeX8EhbfYEg5y7S4DqzSJireY9,1000000WorldTravelBlockchain,true[\n]"
12:57:24.378 [TestNG-tests-1] DEBUG org.apache.http.wire -  << "a6192db59f8c851d13c8f57b727f2a3fbf27be6359be4e0a31aed756379777c9,1571388615000,2019-10-18 16:50:15,13714109,a6192db59f8c851d13c8f57b727f2a3fbf27be6359be4e0a31aed756379777c9,TL6YggMQQ3YFEc41wesBMHZjDxcGpX3y5q,TMuA6YqfCeX8EhbfYEg5y7S4DqzSJireY9,1800000HappyEX,true[\n]"
12:57:24.378 [TestNG-tests-1] DEBUG org.apache.http.wire -  << "b00e20d912ffe0fe5c7565d16d1abada6afba74718627750a98fb69c166a1dbd,1571383818000,2019-10-18 15:30:18,13712510,b00e20d912ffe0fe5c7565d16d1abada6afba74718627750a98fb69c166a1dbd,TAUN6FwrnwwmaEqYcckffC7wYmbaS6cBiX,TMuA6YqfCeX8EhbfYEg5y7S4DqzSJireY9,51595706.503125trx,true[\n]"
12:57:24.378 [TestNG-tests-1] DEBUG org.apache.http.wire -  << "8141d447a6b8eee22f41cedde1b29d6246001d641781beefc19f92a72590984a,1571305620000,2019-10-17 17:47:00,13686461,8141d447a6b8eee22f41cedde1b29d6246001d641781beefc19f92a72590984a,TAUN6FwrnwwmaEqYcckffC7wYmbaS6cBiX,TMuA6YqfCeX8EhbfYEg5y7S4DqzSJireY9,52154271.471595trx,true[\n]"
12:57:24.378 [TestNG-tests-1] DEBUG org.apache.http.wire -  << "69c6b12c67e3c251d5508ad1117d0fcb67bdeef153c354c2646ecfcb155e6c84,1571102496000,2019-10-15 09:21:36,13618795,69c6b12c67e3c251d5508ad1117d0fcb67bdeef153c354c2646ecfcb155e6c84,TAUN6FwrnwwmaEqYcckffC7wYmbaS6cBiX,TMuA6YqfCeX8EhbfYEg5y7S4DqzSJireY9,386951509.926104trx,true[\n]"
12:57:24.378 [TestNG-tests-1] DEBUG org.apache.http.wire -  << "31c255d8dd6d76b0948b6ba78ab1cd4b663b31864bcb78af73dde01cbfed0bc4,1570808466000,2019-10-11 23:41:06,13520902,31c255d8"
12:57:24.379 [TestNG-tests-1] DEBUG org.apache.http.wire -  << "dd6d76b0948b6ba78ab1cd4b663b31864bcb78af73dde01cbfed0bc4,TAUN6FwrnwwmaEqYcckffC7wYmbaS6cBiX,TMuA6YqfCeX8EhbfYEg5y7S4DqzSJireY9,779297912.534759trx,true[\n]"
12:57:24.379 [TestNG-tests-1] DEBUG org.apache.http.wire -  << "ae93bce287fc7a048bd9c60cec268a2d9d0c93aa788953c0ec833db9cc41a2c4,1570807872000,2019-10-11 23:31:12,13520704,ae93bce287fc7a048bd9c60cec268a2d9d0c93aa788953c0ec833db9cc41a2c4,TMuA6YqfCeX8EhbfYEg5y7S4DqzSJireY9,TAUN6FwrnwwmaEqYcckffC7wYmbaS6cBiX,400666888.000000trx,true[\n]"
12:57:24.379 [TestNG-tests-1] DEBUG org.apache.http.wire -  << "ac65323ac3752b10fdfe90dc41d408653067456a000ba2ac50dfbf2dfa369ccf,1570807731000,2019-10-11 23:28:51,13520657,ac65323ac3752b10fdfe90dc41d408653067456a000ba2ac50dfbf2dfa369ccf,TJjYENfTEBTvEKeyLeE4bAYDxrmUXeGdSZ,TMuA6YqfCeX8EhbfYEg5y7S4DqzSJireY9,10000000SHIPS,true[\n]"
12:57:24.379 [TestNG-tests-1] DEBUG org.apache.http.wire -  << "ca09eb0b69d9527a5bd68b783a7b426035484d7413e1dc73bf7a5e8c84572cae,1570773129000,2019-10-11 13:52:09,13509136,ca09eb0b69d9527a5bd68b783a7b426035484d7413e1dc73bf7a5e8c84572cae,TMSpdYHCgZuxM7AjqKsjGMM1cpxraFuZGp,TMuA6YqfCeX8EhbfYEg5y7S4DqzSJireY9,250000KvazarCash,true[\n]"
12:57:24.379 [TestNG-tests-1] DEBUG org.apache.http.wire -  << "0dc10d01c0eddf37b203fe240b87ee7912381844e4aadd8b011a5f4dabea61fe,1570765653000,2019-10-11 11:47:33,13506667,0dc10d01c0eddf37b203fe240b87ee7912381844e4aadd8b011a5f4dabea61fe,TVVbX1SaKDXsHa5WPECLBBNZuRbrK9YZFy,TMuA6YqfCeX8EhbfYEg5y7S4DqzSJireY9,119443028805667BitTorrent,true[\n]"
12:57:24.379 [TestNG-tests-1] DEBUG org.apache.http.wire -  << "26f06b88a3a60095e572ae3a9f685290b69a27cbb0f4bcec3ad4b0e1047576d3,1570713618000,2019-10-10 21:20:18,13489343,26f06b88a3a60095e572ae3a9f68"
12:57:24.379 [TestNG-tests-1] DEBUG org.apache.http.wire -  << "5290b69a27cbb0f4bcec3ad4b0e1047576d3,TMSpdYHCgZuxM7AjqKsjGMM1cpxraFuZGp,TMuA6YqfCeX8EhbfYEg5y7S4DqzSJireY9,1000000KvazarCash,true[\n]"
12:57:24.379 [TestNG-tests-1] DEBUG org.apache.http.wire -  << "79deb1f49e7e6bde75daadf9135fa4c27f2cc5bb1e69528ea4371d69c50c6eb0,1570501317000,2019-10-08 10:21:57,13418644,79deb1f49e7e6bde75daadf9135fa4c27f2cc5bb1e69528ea4371d69c50c6eb0,TThEeaZimyaFR8oWpTP2tA5qSQEGW1VuQx,TMuA6YqfCeX8EhbfYEg5y7S4DqzSJireY9,24120TOME,true[\n]"
12:57:24.379 [TestNG-tests-1] DEBUG org.apache.http.wire -  << "925134f8536db5ba085bc32c07390c42f332289401bac971d0555734f451b76d,1570032654000,2019-10-03 00:10:54,13262526,925134f8536db5ba085bc32c07390c42f332289401bac971d0555734f451b76d,TEV5PJWga6crSeNLHmHaaco8fon6nm74wJ,TMuA6YqfCeX8EhbfYEg5y7S4DqzSJireY9,1000000CryptoFriends,true[\n]"
12:57:24.379 [TestNG-tests-1] DEBUG org.apache.http.wire -  << "f1099db37423320bbff05a5261bff7c78479c560d08fd98b324e8441b4369c7d,1569969000000,2019-10-02 06:30:00,13241323,f1099db37423320bbff05a5261bff7c78479c560d08fd98b324e8441b4369c7d,TVnPhKBdRYfwzW5bTvbpW5wFXE9NZPKtR6,TMuA6YqfCeX8EhbfYEg5y7S4DqzSJireY9,1593HOLOYOLO,true[\n]"
12:57:24.379 [TestNG-tests-1] DEBUG org.apache.http.wire -  << "daf5ac27a886ce710d4ff53c0f8e42362a07471a364d0052bb8a5de08b833c69,1569765735000,2019-09-29 22:02:15,13173651,daf5ac27a886ce710d4ff53c0f8e42362a07471a364d0052bb8a5de08b833c69,TEqWzYT9fk4NCu3YecgEnQrQqxibFz7JDK,TMuA6YqfCeX8EhbfYEg5y7S4DqzSJireY9,1000CandyCrushSaga,true[\n]"
12:57:24.379 [TestNG-tests-1] DEBUG org.apache.http.wire -  << "28e0306705130d729ee0295b53eef971cd761c975f35f7d3b4977e020604d940,1569578715000,2019-09-27 18:05:15,13111488,28e0306705130d729ee0295b53eef971cd761c975f35f7d3b4977e020604d940,TMZSeKSiRRuEyjat7Qjb9KvGrRf5f1HGAs,TMuA6YqfCeX8EhbfYEg5y7S4DqzSJireY9,100000BitTorrent,true[\n]"
12:57:24.379 [TestNG-tests-1] DEBUG org.apache.http.wire -  << "51b07f6fcdbabc19bce4115bbf74357bbbfa2d6b1a1ed56ef404e87397c0e0e0,1569203208000,2019-09-23 09:46:48,12986444,51b07f6fcdbabc19bce4115bbf74357bbbfa2d6b1a1ed56ef404e87397c0e0e0,TY8DwboPJ4J9Yv8f1NpKXLHUTWAoMtxg26,TMuA6YqfCeX8EhbfYEg5y7S4DqzSJireY9,1000000000BeeHive,true[\n]"
12:57:24.379 [TestNG-tests-1] DEBUG org.apache.http.wire -  << "903fb75c4297873e3b204f5dd7a44ecae008aac4ba237494c6abf9c4e5c95873,1568748057000,2019-09-18 03:20:57,12834868,903fb75c4297873e3b204f5dd7a44ecae008aac4ba237494c6abf9c4e5c95873,TDWdG12W8MqyrzfDm1FxnjXezemXk7JWT3,TMuA6YqfCeX8EhbfYEg5y7S4DqzSJireY9,10000000COSMO,true[\n]"
12:57:24.379 [TestNG-tests-1] DEBUG org.apache.http.wire -  << "6608fc4af83b5a88470e07822f553254e8d2a274b35fedcc28a050c8811e9630,1568748045000,2019-09-18 03:20:45,12834864,6608fc4af83b5a88470e07822f553254e8d2a274b35fedcc28a050c8811e9630,TCfDynRZMt8PWPQiGxK3QRrnxCUi1WNip1,TMuA6YqfCeX8EhbfYEg5y7S4DqzSJireY9,1.000000trx,true[\n]"
12:57:24.379 [TestNG-tests-1] DEBUG org.apache.http.wire -  << "005393ed420b7639748d1f2759c68edc0ddcf7380e1295e70a3df94592038cfe,1568328102000,2019-09-13 06:41:42,12694989,005393ed420b7639748d1f2759c68edc0ddcf7380e1295e70a3df94592038cfe,THUHfNqiYo4KS3GLM8MUU4x3wek9uPD47d,TMuA6YqfCeX8EhbfYEg5y7S4DqzSJireY9,100000000CANDYCOIN,true[\n]"
12:57:24.379 [TestNG-tests-1] DEBUG org.apache.http.wire -  << "8d46eda600ca45ec146772f5af4dc753884e2b1689b1b9f137c6bc2968ef9804,1568171835000,2019-09-11 11:17:15,12642938,8d46eda600ca45ec146772f5af4dc753884e2b1689b1b9f137c6bc2968ef9804,THZqPUuxur6sbxmCBPDswehXFfqeGNtmnJ,TMuA6YqfCeX8EhbfYEg5y7S4DqzSJireY9,119487839274517BitTorrent,true[\n]"
12:57:24.379 [TestNG-tests-1] DEBUG org.apache.http.wire -  << "0978e27efd12561ae060e17bfce49060e676652cabb32112b008794c324cbbbe,1566615618000,2019-08-24 11:00:18,12124812,0978e27efd12561ae060e17bfce49060e676652cabb32112b008794c324cbbbe,TMWsaJZxYA6PKubJj6nEjUBDgCGpsuiSzy,TMuA6YqfCeX8EhbfYEg5y7S4DqzSJireY9,10000000ZOO,true[\n]"
12:57:24.379 [TestNG-tests-1] DEBUG org.apache.http.wire -  << "8f044c66341fbebc1c6d8d0a1939e3305d18333295499588e0c80e317f768e37,1566615606000,2019-08-24 11:00:06,12124808,8f044c66341fbebc1c6d8d0a1939e3305d18333295499588e0c80e317f768e37,TMuA6YqfCeX8EhbfYEg5y7S4DqzSJireY9,TWd4WrZ9wn84f5x1hZhL4DHvk738ns5jwb,2408764623.462368trx,true[\n]"
12:57:24.379 [TestNG-tests-1] DEBUG org.apache.http.wire -  << "895e2f6b0ef5c3b4234c8febf58a26a41712110b9e1a6ca0afff672653751ee3,1566265647000,2019-08-20 09:47:27,12008403,895e2f6b0ef5c3b4234c8febf58a26a41712110b9e1a6ca0afff672653751ee3,TFQyYdPTpsVnF3ys9KTDu9ToNTUfixK6Dw,TMuA6YqfCeX8EhbfYEg5y7S4DqzSJireY9,4000TRONSECURITY,true[\n]"
12:57:24.379 [TestNG-tests-1] DEBUG org.apache.http.wire -  << "db49f69f17ba6f85a9d6338985e41a7ca26bcd8d7f7db6c491f7b5d1dbea49b0,1566256335000,2019-08-20 07:12:15,12005305,db49f69f17ba6f85a9d6338985e41a7ca26bcd8d7f7db6c491f7b5d1dbea49b0,TFQyYdPTpsVnF3ys9KTDu9ToNTUfixK6Dw,TMuA6YqfCeX8EhbfYEg5y7S4DqzSJireY9,100TRONSECURITY,true[\n]"
12:57:24.379 [TestNG-tests-1] DEBUG org.apache.http.wire -  << "c8900c2ff5ef65c4fc59437fa699f12aef38ca4613ee1d06cc157e8951b95938,1565797179000,2019-08-14 23:39:39,11853584,c8900c2ff5ef65c4fc59437fa699f12aef38ca4613ee1d06cc157e8951b95938,TMSpdYHCgZuxM7AjqKsjGMM1cpxraFuZGp,TMuA6YqfCeX8EhbfYEg5y7S4Dq"
12:57:24.380 [TestNG-tests-1] DEBUG org.apache.http.wire -  << "zSJireY9,150000KvazarCash,true[\n]"
12:57:24.380 [TestNG-tests-1] DEBUG org.apache.http.wire -  << "8ea8b81a82566cd9e8c71b44e28896708a5c7302720f96871b793f66164cdd77,1565666223000,2019-08-13 11:17:03,11810087,8ea8b81a82566cd9e8c71b44e28896708a5c7302720f96871b793f66164cdd77,TX6uLWeGVEJU9BU3kLgd6gV7X8jUG6Sqp7,TMuA6YqfCeX8EhbfYEg5y7S4DqzSJireY9,10000000Luck,true[\n]"
12:57:24.380 [TestNG-tests-1] DEBUG org.apache.http.wire -  << "27ee36683aaa96483591776e8d1a1cf39b7abd01a8e386b09b6048c9615564e1,1565484966000,2019-08-11 08:56:06,11749904,27ee36683aaa96483591776e8d1a1cf39b7abd01a8e386b09b6048c9615564e1,TNGFJpprrfyPTKSTBtZjTpJuiGspNodeFG,TMuA6YqfCeX8EhbfYEg5y7S4DqzSJireY9,143522459096375BitTorrent,true[\n]"
12:57:24.380 [TestNG-tests-1] DEBUG org.apache.http.wire -  << "752d3ba764d1fd7e3d9c39a3b7e6a6be1469123b46f232b6202c5289b1ed5226,1565247600000,2019-08-08 15:00:00,11670989,752d3ba764d1fd7e3d9c39a3b7e6a6be1469123b46f232b6202c5289b1ed5226,TMSpdYHCgZuxM7AjqKsjGMM1cpxraFuZGp,TMuA6YqfCeX8EhbfYEg5y7S4DqzSJireY9,100000KvazarCash,true[\n]"
12:57:24.380 [TestNG-tests-1] DEBUG org.apache.http.wire -  << "703e43ba411b8441c3f24bdb707fa30d847bb461db95dd9fae30f91d9e8c3b63,1564916463000,2019-08-04 19:01:03,11561178,703e43ba411b8441c3f24bdb707fa30d847bb461db95dd9fae30f91d9e8c3b63,TRsmdUgtWueUj7sZCZbuh19jqyZjjSZr2N,TMuA6YqfCeX8EhbfYEg5y7S4DqzSJireY9,10000000BTCX,true[\n]"
12:57:24.380 [TestNG-tests-1] DEBUG org.apache.http.wire -  << "2019e4fd8ec79e3d9324fa13507c2296ab4b501ce90038ec2bff513d52d4e7bd,1564916454000,2019-08-04 19:00:54,11561175,2019e4fd8ec79e3d9324fa13507c2296ab4b501ce90038ec2bff513d52d4e7bd,TMuA6YqfCeX8EhbfYEg5y7S4DqzSJireY9,TWd4WrZ9wn84f5x1hZhL4DHvk738ns5jwb,20748946816993068BitTo"
12:57:24.380 [TestNG-tests-1] DEBUG org.apache.http.wire -  << "rrent,true[\n]"
12:57:24.380 [TestNG-tests-1] DEBUG org.apache.http.wire -  << "155a4d98b251daae37bf53513aff45f3290bf827dab47ea7462cf503fc6626f5,1564381215000,2019-07-29 14:20:15,11383753,155a4d98b251daae37bf53513aff45f3290bf827dab47ea7462cf503fc6626f5,TWfmkWdc2UVxcXrrAuut8MerPkfPbu4U7c,TMuA6YqfCeX8EhbfYEg5y7S4DqzSJireY9,9000000QTRON,true[\n]"
12:57:24.380 [TestNG-tests-1] DEBUG org.apache.http.wire -  << "e01cb603c028a5b5410a20eb7713b95a9fab102ff28e8c8dd7c04cd759f70215,1563891432000,2019-07-23 22:17:12,11225716,e01cb603c028a5b5410a20eb7713b95a9fab102ff28e8c8dd7c04cd759f70215,TVrGxBCQkWjQ52D7S67UgFsUzcX4E8EsNB,TMuA6YqfCeX8EhbfYEg5y7S4DqzSJireY9,10000000000Bitvaluta,true[\n]"
12:57:24.380 [TestNG-tests-1] DEBUG org.apache.http.wire -  << "d586983dbe6c0a356d9463faf63083e7e4ee3c748407ef4d1cc681a48798f2b1,1563559716000,2019-07-20 02:08:36,11118426,d586983dbe6c0a356d9463faf63083e7e4ee3c748407ef4d1cc681a48798f2b1,TVbf7WUSHDKRVDeKYxYBDvfut3vS2YnJap,TMuA6YqfCeX8EhbfYEg5y7S4DqzSJireY9,568TRONUSD,true[\n]"
12:57:24.380 [TestNG-tests-1] DEBUG org.apache.http.wire -  << "413cad12cc162e69a760fda25a6c2dd308f110be356f0cf0407968f259e9be8b,1563224262000,2019-07-16 04:57:42,11006918,413cad12cc162e69a760fda25a6c2dd308f110be356f0cf0407968f259e9be8b,TH1aHbrRaZitJbHEwTE5HNnj9G6pjisd8E,TMuA6YqfCeX8EhbfYEg5y7S4DqzSJireY9,10000000CABBY,true[\n]"
12:57:24.380 [TestNG-tests-1] DEBUG org.apache.http.wire -  << "bf684ef41161f633171379738988d6774d1426c1606a9314147f92e44b00588a,1563224250000,2019-07-16 04:57:30,11006914,bf684ef41161f633171379738988d6774d1426c1606a9314147f92e44b00588a,TAUN6FwrnwwmaEqYcckffC7wYmbaS6cBiX,TMuA6YqfCeX8EhbfYEg5y7S4DqzSJireY9,9.000000trx,true[\n]"
12:57:24.380 [TestNG-tests-1] DEBUG org.apache.http.wire -  << "0c4c97a5e2ed71c9c5651ab887bf47561f83b7f8b5647fed6717e7be1095d7ea,1562825307000,2019-07-11 14:08:27,10874266,0c4c97a5e2ed71c9c5651ab887bf47561f83b7f8b5647fed6717e7be1095d7ea,TETa4ctzMWyUKbvtg276gTwM1zqma888BU,TMuA6YqfCeX8EhbfYEg5y7S4DqzSJireY9,143554553439335BitTorrent,true[\n]"
12:57:24.380 [TestNG-tests-1] DEBUG org.apache.http.wire -  << "c4e9f52356881d639f918b47a1bce0d99f27afc4c7b4dc143534eff9ea08606f,1562749905000,2019-07-10 17:11:45,10849162,c4e9f52356881d639f918b47a1bce0d99f27afc4c7b4dc143534eff9ea08606f,THTukouSHzLChRYyKGYosU2nY3Xyuxpt13,TMuA6YqfCeX8EhbfYEg5y7S4DqzSJireY9,1iloveyou,true[\n]"
12:57:24.380 [TestNG-tests-1] DEBUG org.apache.http.wire -  << "e9e85431c00a30794da94ce7826dba0f5938dd676a526da67cdccdf166ae1cfb,1562538039000,2019-07-08 06:20:39,10778612,e9e85431c00a30794da94ce7826dba0f5938dd676a526da67cdccdf166ae1cfb,TBcRmUhBYHEK4Hn5zZTaquXJ66YhKoP5oy,TMuA6YqfCeX8EhbfYEg5y7S4DqzSJireY9,331VoteCommunityNode,true[\n]"
12:57:24.380 [TestNG-tests-1] DEBUG org.apache.http.wire -  << "3254e052e6aabde98fd7735dd77a540c17e4745354716989ad4fdffa0c8649c2,1562507232000,2019-07-07 21:47:12,10768350,3254e052e6aabde98fd7735dd77a540c17e4745354716989ad4fdffa0c8649c2,TAEvo6MgLgV3A75L3cr3BAsLDJikWcAt3j,TMuA6YqfCeX8EhbfYEg5y7S4DqzSJireY9,10000000Arcnet,true[\n]"
12:57:24.380 [TestNG-tests-1] DEBUG org.apache.http.wire -  << "f74b3a558b2fbf4c0d386ac0a19531b67bc41ef3a03090905faea63fc452e9c5,1562506233000,2019-07-07 21:30:33,10768017,f74b3a558b2fbf4c0d386ac0a19531b67bc41ef3a03090905faea63fc452e9c5,TRtY8oJGwRHrWbLYgos1uWWJHA1Hvt65uw,TMuA6YqfCeX8EhbfYEg5y7S4DqzSJireY9,10000000DITN,true[\n]"
12:57:24.380 [TestNG-tests-1] DEBUG org.apache.http.wire -  << "22abc98f18824c2275a9cc9674a37c9dced4c0d409e5ce2afc82798cf3ff120c,15"
12:57:24.380 [TestNG-tests-1] DEBUG org.apache.http.wire -  << "62431107000,2019-07-07 00:38:27,10742993,22abc98f18824c2275a9cc9674a37c9dced4c0d409e5ce2afc82798cf3ff120c,TU3BvxBi8X9rJebiNsrqPrXnEctt6AYXdu,TMuA6YqfCeX8EhbfYEg5y7S4DqzSJireY9,110000SinErmis,true[\n]"
12:57:24.380 [TestNG-tests-1] DEBUG org.apache.http.wire -  << "13bb4841c57334736baa620ef51b2ada357ed043e45302c97f0b20800b9ec095,1562372022000,2019-07-06 08:13:42,10723868,13bb4841c57334736baa620ef51b2ada357ed043e45302c97f0b20800b9ec095,TRwDB8Liw9eu2BX8AdXJSNTBmCRStwoujj,TMuA6YqfCeX8EhbfYEg5y7S4DqzSJireY9,3142VoteCommunityNode,true[\n]"
12:57:24.380 [TestNG-tests-1] DEBUG org.apache.http.wire -  << "e315f837b7413d49bd26978a333c60419c6822f1c5172f5b830c1f6c3e52b164,1562370789000,2019-07-06 07:53:09,10723476,e315f837b7413d49bd26978a333c60419c6822f1c5172f5b830c1f6c3e52b164,TKsiLJoZ8jMYZTVH5dFyq36Vk3C4cKNDsG,TMuA6YqfCeX8EhbfYEg5y7S4DqzSJireY9,277VoteCommunityNode,true[\n]"
12:57:24.380 [TestNG-tests-1] DEBUG org.apache.http.wire -  << "cf9f280cf3ff2b7343dd6f303eddaa934e573d10cc0e8fb1f4b0288e3625ae43,1562348679000,2019-07-06 01:44:39,10716387,cf9f280cf3ff2b7343dd6f303eddaa934e573d10cc0e8fb1f4b0288e3625ae43,TJDC8YZETJJLthFNjt2a5U6THJ71FDirAZ,TMuA6YqfCeX8EhbfYEg5y7S4DqzSJireY9,100000SinErmis,true[\n]"
12:57:24.380 [TestNG-tests-1] DEBUG org.apache.http.wire -  << "4ab54a5492885811df7bd964333ab68a284478c387c3f9eee7c42e0068e39033,1562283774000,2019-07-05 07:42:54,10694911,4ab54a5492885811df7bd964333ab68a284478c387c3f9eee7c42e0068e39033,TUahmv54ZiDnjQWG2VAeyMphebXQ4m6Hb5,TMuA6YqfCeX8EhbfYEg5y7S4DqzSJireY9,36999SunArtToken,true[\n]"
12:57:24.380 [TestNG-tests-1] DEBUG org.apache.http.wire -  << "b69501205dbf68cca729218a906a0571df4d1e8e344e438ec0b91f45502959ee,1562128386000,2019-07-03 12:3"
12:57:24.380 [TestNG-tests-1] DEBUG org.apache.http.wire -  << "3:06,10643155,b69501205dbf68cca729218a906a0571df4d1e8e344e438ec0b91f45502959ee,TJUwM4qk1et2nNKuESQ7UVHPjAHoRqAz3T,TMuA6YqfCeX8EhbfYEg5y7S4DqzSJireY9,10001000000BitValuta,true[\n]"
12:57:24.381 [TestNG-tests-1] DEBUG org.apache.http.wire -  << "bbaf8b577c3d92a653de75b4af52e5791a9f704c36fe9104a7d05898a1959882,1561948239000,2019-07-01 10:30:39,10583168,bbaf8b577c3d92a653de75b4af52e5791a9f704c36fe9104a7d05898a1959882,TSeJH379VpN3iqa1TwcTwoy3wG1CDd66kf,TMuA6YqfCeX8EhbfYEg5y7S4DqzSJireY9,858VoteCommunityNode,true[\n]"
12:57:24.381 [TestNG-tests-1] DEBUG org.apache.http.wire -  << "ce3f8b2179bd9bbeb8f048ee9cc93ca99849c949ab03aeb1053bc0a863e14f51,1561825293000,2019-06-30 00:21:33,10542216,ce3f8b2179bd9bbeb8f048ee9cc93ca99849c949ab03aeb1053bc0a863e14f51,TQU182YidJhErFbpJcx2Uo628HbcULnee7,TMuA6YqfCeX8EhbfYEg5y7S4DqzSJireY9,5VoteCommunityNode,true[\n]"
12:57:24.381 [TestNG-tests-1] DEBUG org.apache.http.wire -  << "6247af9190933d8f492f64d3f84e523aae31e2494c4ebeed363ffa87ad6615e1,1561804545000,2019-06-29 18:35:45,10535304,6247af9190933d8f492f64d3f84e523aae31e2494c4ebeed363ffa87ad6615e1,TMeAzhdgzu1sFMTsP75BffJ2tEzuGsYqR6,TMuA6YqfCeX8EhbfYEg5y7S4DqzSJireY9,1PleaseFundMyEducation,true[\n]"
12:57:24.381 [TestNG-tests-1] DEBUG org.apache.http.wire -  << "8b785382dc029875224c1c8b878f4bbfb4d9eecd32c18414523830ddf8abcff9,1561712136000,2019-06-28 16:55:36,10504538,8b785382dc029875224c1c8b878f4bbfb4d9eecd32c18414523830ddf8abcff9,TPPWj1oWNy6EipuiqZhZSMEffCVqAXa3uG,TMuA6YqfCeX8EhbfYEg5y7S4DqzSJireY9,64521879511Schrocoin,true[\n]"
12:57:24.381 [TestNG-tests-1] DEBUG org.apache.http.wire -  << "ef5b1212fae7095a2d954c5a68151f8eed2fe334816046e1c92ff49ac157e5bd,1561711578000,2019-06-28 16:46:18,10504352,ef5b1212fae7095a2d954c5a68151f8eed2fe334816046e1c92ff49ac157e5bd,TAUN6FwrnwwmaEqYcckffC7wYmbaS6cBiX,TMuA6YqfCeX8EhbfYEg5y7S4DqzSJireY9,2694945386.563177trx,true[\n]"
12:57:24.381 [TestNG-tests-1] DEBUG org.apache.http.wire -  << "fc6c48ff24413d4bd796d576dd7ae91ea514cc7fa1f2c4bee260c2382622345e,1561538931000,2019-06-26 16:48:51,10446862,fc6c48ff24413d4bd796d576dd7ae91ea514cc7fa1f2c4bee260c2382622345e,TMQPCCf4FpsJz9RZhP1hfMR8hwkiuAAg12,TMuA6YqfCeX8EhbfYEg5y7S4DqzSJireY9,10000000BUILDER,true[\n]"
12:57:24.381 [TestNG-tests-1] DEBUG org.apache.http.wire -  << "1d68813f1a9f946464349c3e50677281171ae9436762716e0fc96038f5391090,1561505724000,2019-06-26 07:35:24,10435821,1d68813f1a9f946464349c3e50677281171ae9436762716e0fc96038f5391090,TMuA6YqfCeX8EhbfYEg5y7S4DqzSJireY9,TWd4WrZ9wn84f5x1hZhL4DHvk738ns5jwb,2286180772.100810trx,true[\n]"
12:57:24.381 [TestNG-tests-1] DEBUG org.apache.http.wire -  << "0aab520b73310f006c2f262e3a326644148e82b418ff61d55dcacd613498b4f3,1561505565000,2019-06-26 07:32:45,10435768,0aab520b73310f006c2f262e3a326644148e82b418ff61d55dcacd613498b4f3,TMuA6YqfCeX8EhbfYEg5y7S4DqzSJireY9,TWd4WrZ9wn84f5x1hZhL4DHvk738ns5jwb,1286180772.100810trx,true[\n]"
12:57:24.381 [TestNG-tests-1] DEBUG org.apache.http.wire -  << "67205a8906fc55feac94549ac220bc179600922539607c5b650c0ed23479d199,1561197318000,2019-06-22 17:55:18,10333338,67205a8906fc55feac94549ac220bc179600922539607c5b650c0ed23479d199,TD5AwyiTNbKN9jQqyMzwQ6NLrWGbtAcotK,TMuA6YqfCeX8EhbfYEg5y7S4DqzSJireY9,6288366962269paper_wallet,true[\n]"
12:57:24.381 [TestNG-tests-1] DEBUG org.apache.http.wire -  << "1cd102f0797e16c9402e7cd3fa7f37e532985ae7db2cb408a550aed13ed15854,1561125186000,2019-06-21 21:53:06,10309587,1cd102f0797e16c9402e7cd3fa7f37e532985ae7db2cb408a550aed13ed15854,TMqNJwD3qVmuRxzzP3Q4A24fuByVBKQ39E,TMuA6YqfCeX8EhbfYEg5y7S4DqzSJireY9,133780085666!!!666,true[\n]"
12:57:24.381 [TestNG-tests-1] DEBUG org.apache.http.wire -  << "dca419d7de1304bd5f12cccd273932199a61ce19e7564e83c97dec2657967ae4,1560971214000,2019-06-20 03:06:54,10258388,dca419d7de1304bd5f12cccd273932199a61ce19e7564e83c97dec2657967ae4,TMeAzhdgzu1sFMTsP75BffJ2tEzuGsYqR6,TMuA6YqfCeX8EhbfYEg5y7S4DqzSJireY9,1PleaseFundMyEducation,true[\n]"
12:57:24.381 [TestNG-tests-1] DEBUG org.apache.http.wire -  << "cf5d6ead16d13842c756ffffb1da8de61ed26e54c27a4c991f7f5d408e07bdc0,1560603405000,2019-06-15 20:56:45,10136213,cf5d6ead16d13842c756ffffb1da8de61ed26e54c27a4c991f7f5d408e07bdc0,TMeAzhdgzu1sFMTsP75BffJ2tEzuGsYqR6,TMuA6YqfCeX8EhbfYEg5y7S4DqzSJireY9,1PleaseFundMyEducation,true[\n]"
12:57:24.381 [TestNG-tests-1] DEBUG org.apache.http.wire -  << "50f64056d47b3d8cbafc758bab491814d99b4386f74f282de414465197094c9f,1560603381000,2019-06-15 20:56:21,10136205,50f64056d47b3d8cbafc758bab491814d99b4386f74f282de414465197094c9f,TMeAzhdgzu1sFMTsP75BffJ2tEzuGsYqR6,TMuA6YqfCeX8EhbfYEg5y7S4DqzSJireY9,1PleaseFundMyEducation,true[\n]"
12:57:24.381 [TestNG-tests-1] DEBUG org.apache.http.wire -  << "b1be870e68a83513128ab3d52837173fdbfaa408b01915716ca675b6e2d8ee7f,1560480501000,2019-06-14 10:48:21,10095519,b1be870e68a83513128ab3d52837173fdbfaa408b01915716ca675b6e2d8ee7f,TWWP1XN9CYNwxYakKoijoiCAScampzQbNg,TMuA6YqfCeX8EhbfYEg5y7S4DqzSJireY9,1TRONEuropeRewardCoin,true[\n]"
12:57:24.381 [TestNG-tests-1] DEBUG org.apache.http.wire -  << "e5e2b1044b0d584012e38e23bf245af7394dbead0092044621185897582dadac,1560457737000,2019-06-14 04:28:57,10087992,e5e2b1044b0d584012e38e23bf245af7394dbead0092044621185897582dadac,TWWP1XN9CYNwxYakKoijoiCAScampzQbNg,TMuA6YqfCeX8EhbfYEg5y7S4DqzSJireY9,1TRONEuropeRewardCoin,true[\n]"
12:57:24.381 [TestNG-tests-1] DEBUG org.apache.http.wire -  << "2db47abaff5aa1f8fbf74fbad15d619c2937d9e6782c99a7135e78ceb3dc04e4,1560422736000,2019-06-13 18:45:36,10076436,2db47abaff5aa1f8fbf74fbad15d619c2937d9e6782c99a7135e78ceb3dc04e4,TMeAzhdgzu1sFMTsP75BffJ2tEzuGsYqR6,TMuA6YqfCeX8EhbfYEg5y7S4DqzSJireY9,1PleaseFundMyEducation,true[\n]"
12:57:24.381 [TestNG-tests-1] DEBUG org.apache.http.wire -  << "ec3c8a21e773e7d1428d68b0c9a9a556e837b420edefddafa4b5cc7b3557ef3a,1560422526000,2019-06-13 18:42:06,10076366,ec3c8a21e773e7d1428d68b0c9a9a556e837b420edefddafa4b5cc7b3557ef3a,TMeAzhdgzu1sFMTsP75BffJ2tEzuGsYqR6,TMuA6YqfCeX8EhbfYEg5y7S4DqzSJireY9,1PleaseFundMyEducation,true[\n]"
12:57:24.381 [TestNG-tests-1] DEBUG org.apache.http.wire -  << "4bfeb75970f2512a79e137d8ad2696d52c999d07d996d13089331f98062dda01,1560213906000,2019-06-11 08:45:06,10008725,4bfeb75970f2512a79e137d8ad2696d52c999d07d996d13089331f98062dda01,THa1dn2Q5XwgKAJetXQ5wiZyL8Eqf6mawq,TMuA6YqfCeX8EhbfYEg5y7S4DqzSJireY9,152355238740614BitTorrent,true[\n]"
12:57:24.381 [TestNG-tests-1] DEBUG org.apache.http.wire -  << "e87253831496cf6d0fd2ad6e13a493e8f8090e7b1481b3c432e8aff0c00bd1cc,1560077457000,2019-06-09 18:50:57,9964709,e87253831496cf6d0fd2ad6e13a493e8f8090e7b1481b3c432e8aff0c00bd1cc,TSKwXMaPqGKmxjoE2chGguQcuUx9cuR47D,TMuA6YqfCeX8EhbfYEg5y7S4DqzSJireY9,10000000SinErmis,true[\n]"
12:57:24.381 [TestNG-tests-1] DEBUG org.apache.http.wire -  << "00824f918002de17044343a9fc972072f0b674a2de93fa775c2f78be8af527f3,1559709804000,2019-06-05 12:43:24,9843408,00824f918002de17044343a9f"
12:57:24.381 [TestNG-tests-1] DEBUG org.apache.http.wire -  << "c972072f0b674a2de93fa775c2f78be8af527f3,TYAtKc6Zomanshx8EhqziVDUhacWhNUUNH,TMuA6YqfCeX8EhbfYEg5y7S4DqzSJireY9,25000LiquidPesoARS,true[\n]"
12:57:24.381 [TestNG-tests-1] DEBUG org.apache.http.wire -  << "ea3cda4c1c1a4ae25a62b7f0e62c834b1ebecc67d83637b38d50f73c932e5a54,1559709237000,2019-06-05 12:33:57,9843219,ea3cda4c1c1a4ae25a62b7f0e62c834b1ebecc67d83637b38d50f73c932e5a54,TYAtKc6Zomanshx8EhqziVDUhacWhNUUNH,TMuA6YqfCeX8EhbfYEg5y7S4DqzSJireY9,750000LiquidPesoARS,true[\n]"
12:57:24.381 [TestNG-tests-1] DEBUG org.apache.http.wire -  << "3d5baf0deed2355e72c3672d050e210c0f6361294cc1aed2eb04a6ce3c64be7a,1559410071000,2019-06-02 01:27:51,9743937,3d5baf0deed2355e72c3672d050e210c0f6361294cc1aed2eb04a6ce3c64be7a,TLQfc5EwZQqZc6jMNkMpxyJy5wucA6UX24,TMuA6YqfCeX8EhbfYEg5y7S4DqzSJireY9,100CYBERCOIN,true[\n]"
12:57:24.381 [TestNG-tests-1] DEBUG org.apache.http.wire -  << "5a2317176c39e4ddaf628cc809fa62f594da8725b2880f71551cb55fc08e60dc,1559409762000,2019-06-02 01:22:42,9743834,5a2317176c39e4ddaf628cc809fa62f594da8725b2880f71551cb55fc08e60dc,TLQfc5EwZQqZc6jMNkMpxyJy5wucA6UX24,TMuA6YqfCeX8EhbfYEg5y7S4DqzSJireY9,1CYBERCOIN,true[\n]"
12:57:24.381 [TestNG-tests-1] DEBUG org.apache.http.wire -  << "47d765ed35687ea1841f21c580a0b2ac06a0bfe7f3569c53dbb37ad6c7cd3472,1559050359000,2019-05-28 21:32:39,9624336,47d765ed35687ea1841f21c580a0b2ac06a0bfe7f3569c53dbb37ad6c7cd3472,TPafMfMxeXKYYbgKDwqgo57a9B2pU18gfJ,TMuA6YqfCeX8EhbfYEg5y7S4DqzSJireY9,10DVMarketplace,true[\n]"
12:57:24.381 [TestNG-tests-1] DEBUG org.apache.http.wire -  << "04a930ad4e521dac23999046602e0e8d568379ccf038a76795725636f965874c,1558808541000,2019-05-26 02:22:21,9543998,04a930ad4e521dac23999046602e0e8d568379ccf038a76795725636f965874c,TJKf72NjL1cR49SHfDnPTXTFjRwjgr7v8Z,TMuA6YqfCeX8EhbfYEg5y7S4DqzSJireY9,50000000ConnectDApp,true[\n]"
12:57:24.381 [TestNG-tests-1] DEBUG org.apache.http.wire -  << "0f483262ca8e9debdcea76c4b4b7c06430bfe4fc61c773f648d52ba2f767275c,1558402893000,2019-05-21 09:41:33,9410309,0f483262ca8e9debdcea76c4b4b7c06430bfe4fc61c773f648d52ba2f767275c,TNkRSKWP7VvdrisTwC8iNzUV6MRoEJh6xx,TMuA6YqfCeX8EhbfYEg5y7S4DqzSJireY9,100HealthPort,true[\n]"
12:57:24.381 [TestNG-tests-1] DEBUG org.apache.http.wire -  << "a97f0bc544fcf46e0d1605e3f07b2c719d7936183d9106a6fc7752df101cfd9e,1557929880000,2019-05-15 22:18:00,9253487,a97f0bc544fcf46e0d1605e3f07b2c719d7936183d9106a6fc7752df101cfd9e,TNkRSKWP7VvdrisTwC8iNzUV6MRoEJh6xx,TMuA6YqfCeX8EhbfYEg5y7S4DqzSJireY9,100000HealthPort,true[\n]"
12:57:24.381 [TestNG-tests-1] DEBUG org.apache.http.wire -  << "acf8ee6a61b0c2665d0301385e4cdbba2b1a51a6d4d5b42c067551b64a272c4d,1557914679000,2019-05-15 18:04:39,9248522,acf8ee6a61b0c2665d0301385e4cdbba2b1a51a6d4d5b42c067551b64a272c4d,TE9Spk3hJzAdD9u1oeS8cPpfAbfNH5idXS,TMuA6YqfCeX8EhbfYEg5y7S4DqzSJireY9,50Arcnet,true[\n]"
12:57:24.381 [TestNG-tests-1] DEBUG org.apache.http.wire -  << "11ba084749c987371376d57ee589dd6723f91881555374de9204dace88c794f9,1557536022000,2019-05-11 08:53:42,9124877,11ba084749c987371376d57ee589dd6723f91881555374de9204dace88c794f9,TXrat39xskWoUcHoQ9Y5ggxHAXqgXn84Yu,TMuA6YqfCeX8EhbfYEg5y7S4DqzSJireY9,152412070184308BitTorrent,true[\n]"
12:57:24.381 [TestNG-tests-1] DEBUG org.apache.http.wire -  << "2bf0318df7dced3d3fa575738132d1b7aed29f3fd7e53d358aa6c855e49886d7,1556904534000,2019-05-04 01:28:54,8916046,2bf0318df7dced3d3fa575738132d1b7aed29f3fd7e53d358aa6c855e49886d7,THYBRQZj5aEy74LaUk6LaCxBXFLcQPxMAF,TMuA6YqfCeX8EhbfYEg5y7S4DqzSJireY9,500000venapi,true[\n]"
12:57:24.381 [TestNG-tests-1] DEBUG org.apache.http.wire -  << "385f8068ed62e57dcc37bfcb4e796c395aab41bcaef917050fa8a250d3976628,1556789145000,2019-05-02 17:25:45,8877970,385f8068ed62e57dcc37bfcb4e796c395aab41bcaef917050fa8a250d3976628,TFYuPxyjDTvH1TLm2phpzJFw7AhjCgu8xP,TMuA6YqfCeX8EhbfYEg5y7S4DqzSJireY9,1000TronDappsToken,true[\n]"
12:57:24.381 [TestNG-tests-1] DEBUG org.apache.http.wire -  << "a812a5aa77299d2cbefcf73c7954fc8e14dd32617fee70ea514848024bc04c9b,1556744652000,2019-05-02 05:04:12,8863274,a812a5aa77299d2cbefcf73c7954fc8e14dd32617fee70ea514848024bc04c9b,TPcUbNeYwwYqbX23w3sVf1X61cwpAfPK2T,TMuA6YqfCeX8EhbfYEg5y7S4DqzSJireY9,12CYBER,true[\n]"
12:57:24.381 [TestNG-tests-1] DEBUG org.apache.http.wire -  << "98a52b86e4a05a39a0ef568a08cebc98c4b4774f510f4d8f265dfc522846abac,1556587305000,2019-04-30 09:21:45,8811239,98a52b86e4a05a39a0ef568a08cebc98c4b4774f510f4d8f265dfc522846abac,TB1vS3FETs7eREwfEf3mRo6vSpbRWBWAzZ,TMuA6YqfCeX8EhbfYEg5y7S4DqzSJireY9,1TESTTWO,true[\n]"
12:57:24.381 [TestNG-tests-1] DEBUG org.apache.http.wire -  << "43a231365e17544efe92c66e03e51f50164c59bfdedbbd1df34eab12c638b957,1556583474000,2019-04-30 08:17:54,8809970,43a231365e17544efe92c66e03e51f50164c59bfdedbbd1df34eab12c638b957,TFN69PhBf27fZEnVHVr8im9AC1BxvLrUzE,TMuA6YqfCeX8EhbfYEg5y7S4DqzSJireY9,1TESTTWO,true[\n]"
12:57:24.381 [TestNG-tests-1] DEBUG org.apache.http.wire -  << "7d3e17e10b5fd89791c78ead54c47212d19e3fbd2ed86b4c0adcc37f1f8b332f,1556493234000,2019-04-29 07:13:54,8780102,7d3e17e10b5fd89791c78ead54c47212d19e3fbd2ed86b4c0adcc37f1f8b332f,TFN69PhBf27fZEnVHVr8im9AC1BxvLrUzE,TMuA6YqfCeX8EhbfYEg5y7S4DqzSJireY9,1TESTTWO,true[\n]"
12:57:24.381 [TestNG-tests-1] DEBUG org.apache.http.wire -  << "4ea97875fe42081817ecc568ff58307b3b7f3c62e145d31550d9e7aec10b3e9b,1556491104000,2019-04-29 06:38:24,8779394,4ea97875fe42081817ecc568ff58307b3b7f3c62e145d31550d9e7aec10b3e9b,TB1vS3FETs7eREwfEf3mRo6vSpbRWBWAzZ,TMuA6YqfCeX8EhbfYEg5y7S4DqzSJireY9,1TESTTWO,true[\n]"
12:57:24.381 [TestNG-tests-1] DEBUG org.apache.http.wire -  << "41aea2c254fc9fee135f8dc7821cae1f3a5ab4a7cfb14961902e913a4c0c8d66,1556490624000,2019-04-29 06:30:24,8779244,41aea2c254fc9fee135f8dc7821cae1f3a5ab4a7cfb14961902e913a4c0c8d66,TFN69PhBf27fZEnVHVr8im9AC1BxvLrUzE,TMuA6YqfCeX8EhbfYEg5y7S4DqzSJireY9,1TESTTWO,true[\n]"
12:57:24.381 [TestNG-tests-1] DEBUG org.apache.http.wire -  << "14b74e28c5beb21c92f2bb980f08523d44e5a5a28b913a1598f01d1203b0578e,1556344893000,2019-04-27 14:01:33,8730995,14b74e28c5beb21c92f2bb980f08523d44e5a5a28b913a1598f01d1203b0578e,TFN69PhBf27fZEnVHVr8im9AC1BxvLrUzE,TMuA6YqfCeX8EhbfYEg5y7S4DqzSJireY9,1TESTTWO,true[\n]"
12:57:24.381 [TestNG-tests-1] DEBUG org.apache.http.wire -  << "428c2a3e3e050b9caf28085ec33726119c543acbd5a10b635ecb829c1a85ef1c,1556184198000,2019-04-25 17:23:18,8677897,428c2a3e3e050b9caf28085ec33726119c543acbd5a10b635ecb829c1a85ef1c,TB1vS3FETs7eREwfEf3mRo6vSpbRWBWAzZ,TMuA6YqfCeX8EhbfYEg5y7S4DqzSJireY9,1TESTTWO,true[\n]"
12:57:24.381 [TestNG-tests-1] DEBUG org.apache.http.wire -  << "5cf0f61a95c5b16348adc17f565e03d62de2cc37cecb44b884369b2e5fab2206,1556156238000,2019-04-25 09:37:18,8668691,5cf0f61a95c5b16348adc17f565e03d62de2cc37cecb44b884369b2e5fab2206,TFN69PhBf27fZEnVHVr8im9AC1BxvLrUzE,TMuA6YqfCeX8EhbfYEg5y7S4DqzSJireY9,7CommunityNodeToken,true[\n]"
12:57:24.381 [TestNG-tests-1] DEBUG org.apache.http.wire -  << "086a3c58f0ef892e88eefe97e1487fbd410dca2a8f8946cf6e4f8053920be684,1556155524000,2019-04-25 09:25:24,8668460,086a3c58f0ef892e88eefe97e1487fbd410dca2a8f8946cf6e4f8053920be684,TFN69PhBf27fZEnVHVr8im9AC1BxvLrUzE,TMuA6YqfCeX8EhbfYEg5y7S4DqzSJireY9,1TESTTWO,true[\n]"
12:57:24.381 [TestNG-tests-1] DEBUG org.apache.http.wire -  << "265aacda8d55621170ec60772de1fe620157910235fb5c12597f8718f9ebeab3,1555317012000,2019-04-15 16:30:12,8390538,265aacda8d55621170ec60772de1fe620157910235fb5c12597f8718f9ebeab3,TAUN6FwrnwwmaEqYcckffC7wYmbaS6cBiX,TMuA6YqfCeX8EhbfYEg5y7S4DqzSJireY9,216914077.348392trx,true[\n]"
12:57:24.381 [TestNG-tests-1] DEBUG org.apache.http.wire -  << "a413e49e522098aefc5ceacd43b74b6d06bd5724ef3aa67f463f5c0ddc88392b,1554946029000,2019-04-11 09:27:09,8267529,a413e49e522098aefc5ceacd43b74b6d06bd5724ef3aa67f463f5c0ddc88392b,TLVi5Gcji9x7exDAMxZAHaXbGjhUsg1EGa,TMuA6YqfCeX8EhbfYEg5y7S4DqzSJireY9,150293156176843BitTorrent,true[\n]"
12:57:24.381 [TestNG-tests-1] DEBUG org.apache.http.wire -  << "ef631fcd9e6730e6bf79b3c85de8fc998b22a0885cc7781845fff323a8d0941f,1554768939000,2019-04-09 08:15:39,8208764,ef631fcd9e6730e6bf79b3c85de8fc998b22a0885cc7781845fff323a8d0941f,TQysAFw3jfhEPtUWiYDPqwBxiYuvti27GF,TMuA6YqfCeX8EhbfYEg5y7S4DqzSJireY9,150296194603930TESTTWO,true[\n]"
12:57:24.381 [TestNG-tests-1] DEBUG org.apache.http.wire -  << "f38036eb5b103de4fee204c0de52a703e9d9963a7f54d224cf14f8c2395cf0ec,1554760689000,2019-04-09 05:58:09,8206028,f38036eb5b103de4fee204c0de52a703e9d9963a7f54d224cf14f8c2395cf0ec,TQysAFw3jfhEPtUWiYDPqwBxiYuvti27GF,TMuA6YqfCeX8EhbfYEg5y7S4DqzSJireY9,150331798TESTTWO,true[\n]"
12:57:24.381 [TestNG-tests-1] DEBUG org.apache.http.wire -  << "527928ced2a98c9e1a689985d0093e1d8b25e8b61c85cc35fba522f179e2b047,1552883736000,2019-03-18 12:35:36,7587455,527928ced2a98c9e1a689985d0093e1d8b25e8b61c85cc35fba522f179e2b047,TXkAkhJ9pANWVfCufXCvTKLgAEWokKe7ZV,TMuA6YqfCeX8EhbfYEg5y7S4DqzSJireY9,125000000000Pointcash,true[\n]"
12:57:24.381 [TestNG-tests-1] DEBUG org.apache.http.wire -  << "1ab56b11bf9da9ceeb5cc1da77be6122e80aae25e76e1b226e484194c16d0b74,1552524753000,2019-03-14 08:52:33,7470366,1ab56b11bf9da9ceeb5cc1da77be6122e80aae25e76e1b226e484194c16d0b74,TR2WwGzsvC2RCTNSdAfcXz4wGFM72ahU4x,TMuA6YqfCeX8EhbfYEg5y7S4DqzSJireY9,2.000000trx,true[\n]"
12:57:24.381 [TestNG-tests-1] DEBUG org.apache.http.wire -  << "2040185a0d16d5b84e270dd2a1165631a6e4b9e03daf6b7520bad6211137d329,1552265931000,2019-03-11 08:58:51,7385372,2040185a0d16d5b84e270dd2a1165631a6e4b9e03daf6b7520bad6211137d329,TMBPEvbBJskiXPQ2icoMEfqkt3kZipWwzG,TMuA6YqfCeX8EhbfYEg5y7S4DqzSJireY9,150331798451976BitTorrent,true[\n]"
12:57:24.381 [TestNG-tests-1] DEBUG org.apache.http.wire -  << "ce77008b7b2b95899ade8606c3a9ffca1f1ee47aaa1b11ac5da14aceb2644090,1552250550000,2019-03-11 04:42:30,7380286,ce77008b7b2b95899ade8606c3a9ffca1f1ee47aaa1b11ac5da14aceb2644090,TYUbBDUbgEvmrGyhk9iWRocPH9ATur6ARL,TMuA6YqfCeX8EhbfYEg5y7S4DqzSJireY9,50000000FAKENEWS,true[\n]"
12:57:24.381 [TestNG-tests-1] DEBUG org.apache.http.wire -  << "3f78d2b1cd8ddf364ae6923da5fb9a27e65a9acf8d2f9a58cbe6fbb2c68cebe6,1552015281000,2019-03-08 11:21:21,7302557,3f78d2b1cd8ddf364ae6923da5fb9a27e65a9acf8d2f9a58cbe6fbb2c68cebe6,TLMCc7v3t3yudcWB3DXjP3wgKRdCfqbFTC,TMuA6YqfCeX8EhbfYEg5y7S4DqzSJireY9,1.000000trx,true[\n]"
12:57:24.381 [TestNG-tests-1] DEBUG org.apache.http.wire -  << "534fcf25183cb876b63610887a330163ec1d970b939e3265633191c98c9d48a6,1552014909000,2019-03-08 11:15:09,7302453,534fcf25183cb876b63610887a330163ec1d970b939e3265633191c98c9d48a6,THqjua3s2EdFH4VsLfy18AN"
12:57:24.382 [TestNG-tests-1] DEBUG org.apache.http.wire -  << "J8kzbEahdPw,TMuA6YqfCeX8EhbfYEg5y7S4DqzSJireY9,150334403497205TESTTWO,true[\n]"
12:57:24.382 [TestNG-tests-1] DEBUG org.apache.http.wire -  << "9f6b8da80e6afc49eeaa396e854ced4a5983e3f7861e3302edb4dfb29f42f2c6,1551678555000,2019-03-04 13:49:15,7191665,9f6b8da80e6afc49eeaa396e854ced4a5983e3f7861e3302edb4dfb29f42f2c6,TLMCc7v3t3yudcWB3DXjP3wgKRdCfqbFTC,TMuA6YqfCeX8EhbfYEg5y7S4DqzSJireY9,1.000000trx,true[\n]"
12:57:24.382 [TestNG-tests-1] DEBUG org.apache.http.wire -  << "2ecbe6c1c93e995ebb100e07aaf4aec0845699346fbb744a090fb3c8d8906358,1551413241000,2019-03-01 12:07:21,7103445,2ecbe6c1c93e995ebb100e07aaf4aec0845699346fbb744a090fb3c8d8906358,TLMCc7v3t3yudcWB3DXjP3wgKRdCfqbFTC,TMuA6YqfCeX8EhbfYEg5y7S4DqzSJireY9,1.000000trx,true[\n]"
12:57:24.382 [TestNG-tests-1] DEBUG org.apache.http.wire -  << "8daefbc36376fd5aa84574082d876095c0c4984e8792112f443b6045fb69ea4b,1551413184000,2019-03-01 12:06:24,7103426,8daefbc36376fd5aa84574082d876095c0c4984e8792112f443b6045fb69ea4b,TLMCc7v3t3yudcWB3DXjP3wgKRdCfqbFTC,TMuA6YqfCeX8EhbfYEg5y7S4DqzSJireY9,1.000000trx,true[\n]"
12:57:24.382 [TestNG-tests-1] DEBUG org.apache.http.wire -  << "c9f272e501f82fd8b5e877a224daee1052b391247f613dc1b3bf969331ced002,1551413046000,2019-03-01 12:04:06,7103380,c9f272e501f82fd8b5e877a224daee1052b391247f613dc1b3bf969331ced002,TLMCc7v3t3yudcWB3DXjP3wgKRdCfqbFTC,TMuA6YqfCeX8EhbfYEg5y7S4DqzSJireY9,1.000000trx,true[\n]"
12:57:24.382 [TestNG-tests-1] DEBUG org.apache.http.wire -  << "14f15b8a79ee073e16edc14434ddec76558cdaad662dc3085e07b5f5eb435afb,1551412296000,2019-03-01 11:51:36,7103134,14f15b8a79ee073e16edc14434ddec76558cdaad662dc3085e07b5f5eb435afb,TLMCc7v3t3yudcWB3DXjP3wgKRdCfqbFTC,TMuA6YqfCeX8EhbfYEg5y7S4DqzSJireY9,1.000000trx,true[\n]"
12:57:24.382 [TestNG-tests-1] DEBUG org.apache.http.wire -  << "3c409d23b24e258cc7f8c981c5e403b262f4f6833bec94fb6414915322ae6aa2,1551412266000,2019-03-01 11:51:06,7103124,3c409d23b24e258cc7f8c981c5e403b262f4f6833bec94fb6414915322ae6aa2,TLMCc7v3t3yudcWB3DXjP3wgKRdCfqbFTC,TMuA6YqfCeX8EhbfYEg5y7S4DqzSJireY9,1.000000trx,true[\n]"
12:57:24.382 [TestNG-tests-1] DEBUG org.apache.http.wire -  << "f49e2d11d066e6afc380a4909da3187557f663319fb66c7a9d7bb9dc0024a55b,1551412152000,2019-03-01 11:49:12,7103086,f49e2d11d066e6afc380a4909da3187557f663319fb66c7a9d7bb9dc0024a55b,TLMCc7v3t3yudcWB3DXjP3wgKRdCfqbFTC,TMuA6YqfCeX8EhbfYEg5y7S4DqzSJireY9,1.000000trx,true[\n]"
12:57:24.382 [TestNG-tests-1] DEBUG org.apache.http.wire -  << "abfcbfe0a5452b5e6a4264a184cbe331b5c8f97a3e348aba798af221fa212c3f,1551412116000,2019-03-01 11:48:36,7103074,abfcbfe0a5452b5e6a4264a184cbe331b5c8f97a3e348aba798af221fa212c3f,TLMCc7v3t3yudcWB3DXjP3wgKRdCfqbFTC,TMuA6YqfCeX8EhbfYEg5y7S4DqzSJireY9,1.000000trx,true[\n]"
12:57:24.382 [TestNG-tests-1] DEBUG org.apache.http.wire -  << "224a57980398b19cd9b27ccdba352078248c117bc898dc609a0df60c4536415d,1551412017000,2019-03-01 11:46:57,7103041,224a57980398b19cd9b27ccdba352078248c117bc898dc609a0df60c4536415d,TLMCc7v3t3yudcWB3DXjP3wgKRdCfqbFTC,TMuA6YqfCeX8EhbfYEg5y7S4DqzSJireY9,1.000000trx,true[\n]"
12:57:24.382 [TestNG-tests-1] DEBUG org.apache.http.wire -  << "94fc29825dfd579c94411bd49bb877b04d8e1639c80ae3ada5b7e4f9930d3069,1551411963000,2019-03-01 11:46:03,7103023,94fc29825dfd579c94411bd49bb877b04d8e1639c80ae3ada5b7e4f9930d3069,TLMCc7v3t3yudcWB3DXjP3wgKRdCfqbFTC,TMuA6YqfCeX8EhbfYEg5y7S4DqzSJireY9,1.000000trx,true[\n]"
12:57:24.382 [TestNG-tests-1] DEBUG org.apache.http.wire -  << "8412bd9145bc89413c5417498cdaf0a9bbb45e702df78b60405cc24e32f5cc82,1551411927000,2019-03-01 11:45:27,7103011,8412bd9145bc89413c5417498cdaf0a9bbb45e702df78b60405cc24e32f5cc82,TLMCc7v3t3yudcWB3DXjP3wgKRdCfqbFTC,TMuA6YqfCeX8EhbfYEg5y7S4DqzSJireY9,1.000000trx,true[\n]"
12:57:24.382 [TestNG-tests-1] DEBUG org.apache.http.wire -  << "9f5ba4729e8405bf755a9740e11966e65e6895220462c8415533865eca2bfa15,1551411858000,2019-03-01 11:44:18,7102988,9f5ba4729e8405bf755a9740e11966e65e6895220462c8415533865eca2bfa15,TLMCc7v3t3yudcWB3DXjP3wgKRdCfqbFTC,TMuA6YqfCeX8EhbfYEg5y7S4DqzSJireY9,1.000000trx,true[\n]"
12:57:24.382 [TestNG-tests-1] DEBUG org.apache.http.wire -  << "3e1642caa5ff3d0605ee0228e71bd7625888ade51c00c370f0252dfac4da9123,1551411795000,2019-03-01 11:43:15,7102967,3e1642caa5ff3d0605ee0228e71bd7625888ade51c00c370f0252dfac4da9123,TLMCc7v3t3yudcWB3DXjP3wgKRdCfqbFTC,TMuA6YqfCeX8EhbfYEg5y7S4DqzSJireY9,1.000000trx,true[\n]"
12:57:24.382 [TestNG-tests-1] DEBUG org.apache.http.wire -  << "5b20a67d0d9f401ce912c5ddf59b2def1aa62ae972852a0fd6122cecb91d50fc,1551411738000,2019-03-01 11:42:18,7102948,5b20a67d0d9f401ce912c5ddf59b2def1aa62ae972852a0fd6122cecb91d50fc,TLMCc7v3t3yudcWB3DXjP3wgKRdCfqbFTC,TMuA6YqfCeX8EhbfYEg5y7S4DqzSJireY9,1.000000trx,true[\n]"
12:57:24.382 [TestNG-tests-1] DEBUG org.apache.http.wire -  << "651c4cd648863bdfa083e0413bd7af1e86914f898f28261685e03a2e313a9aa5,1551411669000,2019-03-01 11:41:09,7102925,651c4cd648863bdfa083e0413bd7af1e86914f898f28261685e03a2e313a9aa5,TLMCc7v3t3yudcWB3DXjP3wgKRdCfqbFTC,TMuA6YqfCeX8EhbfYEg5y7S4DqzSJireY9,1.000000trx,true[\n]"
12:57:24.382 [TestNG-tests-1] DEBUG org.apache.http.wire -  << "38220057809bfca4f160375106fd2f88d8575f8dbd66ecdaa02625222b5c3b9b,1551394095000,2019-03-01 06:48:15,7097072,38220057809bfca4f160375106fd2f88d8575f8dbd66ecdaa02625222b5c3b9b,TLMCc7v3t3yudcWB3DXjP3wgKRdCfqbFTC,TMuA6YqfCeX8EhbfYEg5y7S4DqzSJireY9,5.000000trx,true[\n]"
12:57:24.382 [TestNG-tests-1] DEBUG org.apache.http.wire -  << "24a10f7a503e78adc0d7e380b68005531b09e16b9e3f7b524e33f40985d287df,1551357927000,2019-02-28 20:45:27,7085100,24a10f7a503e78adc0d7e380b68005531b09e16b9e3f7b524e33f40985d287df,TMuA6YqfCeX8EhbfYEg5y7S4DqzSJireY9,TAUN6FwrnwwmaEqYcckffC7wYmbaS6cBiX,100666888.000000trx,true[\n]"
12:57:24.382 [TestNG-tests-1] DEBUG org.apache.http.wire -  << "19f14920c8ac2aaa9680dbd749d909d66736af136ea6b2ad29b6924d6f4e42fc,1551357708000,2019-02-28 20:41:48,7085027,19f14920c8ac2aaa9680dbd749d909d66736af136ea6b2ad29b6924d6f4e42fc,TMuA6YqfCeX8EhbfYEg5y7S4DqzSJireY9,TAUN6FwrnwwmaEqYcckffC7wYmbaS6cBiX,1.000000trx,true[\n]"
12:57:24.382 [TestNG-tests-1] DEBUG org.apache.http.wire -  << "1192239842f7feb0d182be830ded1656448d9da84fc177f3333b89598229bbe3,1551155745000,2019-02-26 12:35:45,7017803,1192239842f7feb0d182be830ded1656448d9da84fc177f3333b89598229bbe3,TLMCc7v3t3yudcWB3DXjP3wgKRdCfqbFTC,TMuA6YqfCeX8EhbfYEg5y7S4DqzSJireY9,10.000000trx,true[\n]"
12:57:24.382 [TestNG-tests-1] DEBUG org.apache.http.wire -  << "9122e4dad945db20a58c95e9337b77a95c3a2edf78de9c355b5d17f5923cafc2,1551154524000,2019-02-26 12:15:24,7017396,9122e4dad945db20a58c95e9337b77a95c3a2edf78de9c355b5d17f5923cafc2,TLMCc7v3t3yudcWB3DXjP3wgKRdCfqbFTC,TMuA6YqfCeX8EhbfYEg5y7S4DqzSJireY9,20.000000trx,true[\n]"
12:57:24.382 [TestNG-tests-1] DEBUG org.apache.http.wire -  << "ea9c49a257f0053f0cdf8354d9f591f017bb5245171e466f60f0bcb61a0c6386,1550547306000,2019-02-19 11:35:06,6815213,ea9c49a257f0053f0cdf8354d9f591f017bb5245171e466f60f0bcb61a0c6386,TMuA6YqfCeX8EhbfYEg5y7S4DqzSJireY9,TWd4WrZ9wn84f5x1hZhL4DHvk738ns5jwb,31665174961715616BitTorrent,true[\n]"
12:57:24.382 [TestNG-tests-1] DEBUG org.apache.http.wire -  << "f7b28552656dbc9dfa4b15d2889772e688423057cab5ad5b3d0fb166c84b8366,1550518962000,2019-02-19 03:42:42,6805770,f7b28552656dbc9dfa4b15d2889772e688423057cab5ad5b3d0fb166c84b8366,TGmyaFQuhVJMh6eM1H6v7wYPEFrMmPnJnp,TMuA6YqfCeX8EhbfYEg5y7S4DqzSJireY9,10MaryJane,true[\n]"
12:57:24.382 [TestNG-tests-1] DEBUG org.apache.http.wire -  << "b1a65b58eaa9766543823434a1134c13578ef8429e283e5413d5bfe00f53e0c9,1550010093000,2019-02-13 06:21:33,6636364,b1a65b58eaa9766543823434a1134c13578ef8429e283e5413d5bfe00f53e0c9,TUWXhcogvuQYJAFgTvzupf3ftaapfw8hu6,TMuA6YqfCeX8EhbfYEg5y7S4DqzSJireY9,520LoveHearts,true[\n]"
12:57:24.382 [TestNG-tests-1] DEBUG org.apache.http.wire -  << "00d6e0b26814f58cc8eb8766632b8ea9964a25e641b2bbaf55fb228a61889c9f,1549911072000,2019-02-12 02:51:12,6603437,00d6e0b26814f58cc8eb8766632b8ea9964a25e641b2bbaf55fb228a61889c9f,TS9iT6JbUL5yzUSJoxvEe4VCRUn8UaA5wg,TMuA6YqfCeX8EhbfYEg5y7S4DqzSJireY9,1665174939715619BitTorrent,true[\n]"
12:57:24.382 [TestNG-tests-1] DEBUG org.apache.http.wire -  << "4cd1090acf34357bac54815236f49d27ec923618fb5188d9d6fefd999ab5d59a,1549830999000,2019-02-11 04:36:39,6576783,4cd1090acf34357bac54815236f49d27ec923618fb5188d9d6fefd999ab5d59a,TAUN6FwrnwwmaEqYcckffC7wYmbaS6cBiX,TMuA6YqfCeX8EhbfYEg5y7S4DqzSJireY9,150476179.237522trx,true[\n]"
12:57:24.382 [TestNG-tests-1] DEBUG org.apache.http.wire -  << "d6599b4fb8a91c4cd557396017b440f9ff70a6ddab8f041ec3c028666763c152,1549698642000,2019-02-09 15:50:42,6532716,d6599b4fb8a91c4cd557396017b440f9ff70a6ddab8f041ec3c028666763c152,TQysAFw3jfhEPtUWiYDPqwBxiYuvti27GF,TMuA6YqfCeX8EhbfYEg5y7S4DqzSJireY9,1647689651763776TESTTWO,true[\n]"
12:57:24.382 [TestNG-tests-1] DEBUG org.apache.http.wire -  << "aa1b850994147881d793d795dda3d4d563a4455993cee365da17b75d21dcaadb,1549658778000,2019-02-09 04:46:18,6519459,aa1b850994147881d793d795dda3d4d563a4455993cee365da17b75d21dcaadb,TQysAFw3jfhEPtUWiYDPqwBxiYuvti27GF,TMuA6YqfCeX8EhbfYEg5y7S4DqzSJireY9,135538TEST,true[\n]"
12:57:24.382 [TestNG-tests-1] DEBUG org.apache.http.wire -  << "0b6095eac482c5deac3679fa6cc486859f77303157c919c66b316bd65bcd5840,1549606989000,2019-02-08 14:23:09,6502212,0b6095eac482c5deac3679fa6cc486859f77303157c919c66b316bd65bcd5840,TQysAFw3jfhEPtUWiYDPqwBxiYuvti27GF,TMuA6YqfCeX8EhbfYEg5y7S4DqzSJireY9,148BitTorrent,true[\n]"
12:57:24.382 [TestNG-tests-1] DEBUG org.apache.http.wire -  << "d23fe91e61543aea5ab94f56fd490f76bfa815fda4bd31e6d08fe2c6eee263fa,1549603488000,2019-02-08 13:24:48,6501047,d23fe91e61543aea5ab94f56fd490f76bfa815fda4bd31e6d08fe2c6eee263fa,TQysAFw3jfhEPtUWiYDPqwBxiYuvti27GF,TMuA6YqfCeX8EhbfYEg5y7S4DqzSJireY9,148BitTorrent,true[\n]"
12:57:24.382 [TestNG-tests-1] DEBUG org.apache.http.wire -  << "ea15454113075be58d9807d5f326723120f7c11337a6d867592ff015a3ec3e75,1549586889000,2019-02-08 08:48:09,6495548,ea15454113075be58d9807d5f326723120f7c11337a6d867592ff015a3ec3e75,TAUN6FwrnwwmaEqYcckffC7wYmbaS6cBiX,TMuA6YqfCeX8EhbfYEg5y7S4DqzSJireY9,150153892.803126trx,true[\n]"
12:57:24.382 [TestNG-tests-1] DEBUG org.apache.http.wire -  << "ce188fddadd4e85fef865ba083d293fa623b0e18d528ca5feb06f2effaa5bfcd,1549494318000,2019-02-07 07:05:18,6464732,ce188fddadd4e85fef865ba083d293fa623b0e18d528ca5feb06f2effaa5bfcd,TQysAFw3jfhEPtUWiYDPqwBxiYuvti27GF,TMuA6YqfCeX8EhbfYEg5y7S4DqzSJireY9,14869BitTorrent,true[\n]"
12:57:24.382 [TestNG-tests-1] DEBUG org.apache.http.wire -  << "9cbd87efebd"
12:57:24.383 [TestNG-tests-1] DEBUG org.apache.http.wire -  << "3d6f275cd7f1449f03e8146ef588288708b76b02fa2c1267add7a,1549486824000,2019-02-07 05:00:24,6462234,9cbd87efebd3d6f275cd7f1449f03e8146ef588288708b76b02fa2c1267add7a,TGyFfUDxGDFneMUWSnGMgzNiAdPoT3oNa8,TMuA6YqfCeX8EhbfYEg5y7S4DqzSJireY9,1BESTCOIN,true[\n]"
12:57:24.383 [TestNG-tests-1] DEBUG org.apache.http.wire -  << "aa4bc65975c27270f544a7e69ee1ae2d092252a1efb098142773e80683db89ab,1549243185000,2019-02-04 09:19:45,6381171,aa4bc65975c27270f544a7e69ee1ae2d092252a1efb098142773e80683db89ab,TMHRbRZwi1KkjeXDXFtVSZntVJ1WEYw6er,TMuA6YqfCeX8EhbfYEg5y7S4DqzSJireY9,7742069FunHaus,true[\n]"
12:57:24.383 [TestNG-tests-1] DEBUG org.apache.http.wire -  << "238870ff4149a5a69999120238f1b1c332f12e96524df8868b1e9e0e9a7038f1,1549009794000,2019-02-01 16:29:54,6303538,238870ff4149a5a69999120238f1b1c332f12e96524df8868b1e9e0e9a7038f1,TAUN6FwrnwwmaEqYcckffC7wYmbaS6cBiX,TMuA6YqfCeX8EhbfYEg5y7S4DqzSJireY9,130000000000000000BitTorrent,true[\n]"
12:57:24.383 [TestNG-tests-1] DEBUG org.apache.http.wire -  << "c72eba3a64ba5f2431d776f249cfd0fa2d91e1c78c04201922a37bb8afea51bc,1549004220000,2019-02-01 14:57:00,6301681,c72eba3a64ba5f2431d776f249cfd0fa2d91e1c78c04201922a37bb8afea51bc,TAUN6FwrnwwmaEqYcckffC7wYmbaS6cBiX,TMuA6YqfCeX8EhbfYEg5y7S4DqzSJireY9,10000000BitTorrent,true[\n]"
12:57:24.383 [TestNG-tests-1] DEBUG org.apache.http.wire -  << "963685c5e16c4f9e39f35cce9550cd7f38aa09d5ee1aa509005ea442be0aff6b,1548996858000,2019-02-01 12:54:18,6299230,963685c5e16c4f9e39f35cce9550cd7f38aa09d5ee1aa509005ea442be0aff6b,TMuA6YqfCeX8EhbfYEg5y7S4DqzSJireY9,"
12:57:24.619 [TestNG-tests-1] DEBUG org.apache.http.wire -  << "TAUN6FwrnwwmaEqYcckffC7wYmbaS6cBiX,88000000BitTorrent,true[\n]"
12:57:24.619 [TestNG-tests-1] DEBUG org.apache.http.wire -  << "50c5516b55dcf9842688a27fb3459d5c8cae416f91f2c7f089f62b3dfe66297d,1548991662000,2019-02-01 11:27:42,6297509,50c5516b55dcf9842688a27fb3459d5c8cae416f91f2c7f089f62b3dfe66297d,TAUN6FwrnwwmaEqYcckffC7wYmbaS6cBiX,TMuA6YqfCeX8EhbfYEg5y7S4DqzSJireY9,100000000BitTorrent,true[\n]"
12:57:24.619 [TestNG-tests-1] DEBUG org.apache.http.wire -  << "4787651e04c4c87b70cc45024cbae70357ef13a17e5fbf4ec73c9a44812159c7,1548955416000,2019-02-01 01:23:36,6285437,4787651e04c4c87b70cc45024cbae70357ef13a17e5fbf4ec73c9a44812159c7,TGoDAWsrML3123VwvdUsKkVGv4sV3eacqR,TMuA6YqfCeX8EhbfYEg5y7S4DqzSJireY9,10101010101LocalizeScamByREKTCoinBehaviour,true[\n]"
12:57:24.619 [TestNG-tests-1] DEBUG org.apache.http.wire -  << "fbc4601cdf0c14721d2d91df183e65047a97907f2b1d39f1bdc2351cff7f6388,1548937212000,2019-01-31 20:20:12,6279372,fbc4601cdf0c14721d2d91df183e65047a97907f2b1d39f1bdc2351cff7f6388,TAUN6FwrnwwmaEqYcckffC7wYmbaS6cBiX,TMuA6YqfCeX8EhbfYEg5y7S4DqzSJireY9,169839005.361630trx,true[\n]"
12:57:24.619 [TestNG-tests-1] DEBUG org.apache.http.wire -  << "50ca46f08b4b9cac94edec0beea4037466e723faf81e04ae709f66224da46fb3,1548925191000,2019-01-31 16:59:51,6275379,50ca46f08b4b9cac94edec0beea4037466e723faf81e04ae709f66224da46fb3,TVrnL2NFkALsGmNXcY9rT2qE21cFo7scpc,TMuA6YqfCeX8EhbfYEg5y7S4DqzSJireY9,1Kiss,true[\n]"
12:57:24.619 [TestNG-tests-1] DEBUG org.apache.http.wire -  << "eb8bdb532369e6e2081d61daf936fe8b068b8131f43b8053119a899e01f93865,1548684945000,2019-01-28 22:15:45,6195539,eb8bdb532369e6e2081d61daf936fe8b068b8131f43b8053119a899e01f93865,TAUN6FwrnwwmaEqYcckffC7wYmbaS6cBiX,TMuA6YqfCeX8EhbfYEg5y7S4DqzSJireY9,154664501.687010trx,true[\n]"
12:57:24.619 [TestNG-tests-1] DEBUG org.apache.http.wire -  << "2effc4520ac62e9fa6ea04876d8bd19c3889cd549fa62bb10b42cdc7aa934c7c,1548646047000,2019-01-28 11:27:27,6182599,2effc4520ac62e9fa6ea04876d8bd19c3889cd549fa62bb10b42cdc7aa934c7c,TAUN6FwrnwwmaEqYcckffC7wYmbaS6cBiX,TMuA6YqfCeX8EhbfYEg5y7S4DqzSJireY9,169830982.730533trx,true[\n]"
12:57:24.619 [TestNG-tests-1] DEBUG org.apache.http.wire -  << "af8ebba869266486e0470e0afea083b34b7c6fc53d2702ebf34fec530f9bc225,1548386445000,2019-01-25 11:20:45,6096563,af8ebba869266486e0470e0afea083b34b7c6fc53d2702ebf34fec530f9bc225,TAUN6FwrnwwmaEqYcckffC7wYmbaS6cBiX,TMuA6YqfCeX8EhbfYEg5y7S4DqzSJireY9,206333207.295274trx,true[\n]"
12:57:24.619 [TestNG-tests-1] DEBUG org.apache.http.wire -  << "b51ca35dcfb1e55105d9d2c63f650a42e5bfcd86658f2d6ee0adc3802a934b56,1548351240000,2019-01-25 01:34:00,6084899,b51ca35dcfb1e55105d9d2c63f650a42e5bfcd86658f2d6ee0adc3802a934b56,TXBmRgAzNjDeW8uv73DzNayZzbqk1ZPkjP,TMuA6YqfCeX8EhbfYEg5y7S4DqzSJireY9,200College,true[\n]"
12:57:24.619 [TestNG-tests-1] DEBUG org.apache.http.wire -  << "7811b4fb0a09dccecb4b8d8c3f34988f85bcc989bbc521314e31e948e39efa02,1548175629000,2019-01-23 00:47:09,6026955,7811b4fb0a09dccecb4b8d8c3f34988f85bcc989bbc521314e31e948e39efa02,TCpJXvhvDoj3M6f84nSCzo3ySdy7ZjQE7B,TMuA6YqfCeX8EhbfYEg5y7S4DqzSJireY9,1.000000trx,true[\n]"
12:57:24.619 [TestNG-tests-1] DEBUG org.apache.http.wire -  << "27fe4339a8595029e3e79b1f23836fcb17f183662d6f5c281b5b9173cf760ee0,1547735364000,2019-01-17 22:29:24,5883510,27fe4339a859"
12:57:24.619 [TestNG-tests-1] DEBUG org.apache.http.wire -  << "5029e3e79b1f23836fcb17f183662d6f5c281b5b9173cf760ee0,THVwuriEYcuEXGPSiZ68dJcQfEeC4THAF7,TMuA6YqfCeX8EhbfYEg5y7S4DqzSJireY9,10RCNT,true[\n]"
12:57:24.619 [TestNG-tests-1] DEBUG org.apache.http.wire -  << "a68af01dc3cfdc913a8ed38d0c770cd2aff3ca968c3b2ec7ef5256f439b439ca,1547137071000,2019-01-11 00:17:51,5693946,a68af01dc3cfdc913a8ed38d0c770cd2aff3ca968c3b2ec7ef5256f439b439ca,TAUN6FwrnwwmaEqYcckffC7wYmbaS6cBiX,TMuA6YqfCeX8EhbfYEg5y7S4DqzSJireY9,168634760.537322trx,true[\n]"
12:57:24.619 [TestNG-tests-1] DEBUG org.apache.http.wire -  << "62d9d76763719aa9d0312a288d156f76113ffa040af8ecbd5e930ddca10c1851,1546873449000,2019-01-07 23:04:09,5606156,62d9d76763719aa9d0312a288d156f76113ffa040af8ecbd5e930ddca10c1851,TAUN6FwrnwwmaEqYcckffC7wYmbaS6cBiX,TMuA6YqfCeX8EhbfYEg5y7S4DqzSJireY9,1000.000000trx,true[\n]"
12:57:24.619 [TestNG-tests-1] DEBUG org.apache.http.wire -  << "41d5669a312fcbe68e522adfbdc413b4231992b0b5cb3385380e253f14f02569,1546668078000,2019-01-05 14:01:18,5537830,41d5669a312fcbe68e522adfbdc413b4231992b0b5cb3385380e253f14f02569,TFFFyJ6w6bgDa5tciErgrjWGyTPSyE8qRy,TMuA6YqfCeX8EhbfYEg5y7S4DqzSJireY9,0.100000trx,true[\n]"
12:57:24.619 [TestNG-tests-1] DEBUG org.apache.http.wire -  << "8ceffcc64e03f281ce2611172de3bb547952a0f1cd1171ae86c770839ff0b4f7,1546383600000,2019-01-02 07:00:00,5443157,8ceffcc64e03f281ce2611172de3bb547952a0f1cd1171ae86c770839ff0b4f7,TGmyaFQuhVJMh6eM1H6v7wYPEFrMmPnJnp,TMuA6YqfCeX8EhbfYEg5y7S4DqzSJireY9,10MaryJane,true[\n]"
12:57:24.619 [TestNG-tests-1] DEBUG org.apache.http.wire -  << "d76407b18a7adbeea67ce7a2dec5fa3f290f770a52b6992f73e5d8166e8b0373,1546319394000,2019-01-01 13:09:54,5421799,d76407b18a7adbeea67ce7a2dec5fa3f290f770a52b6992f73e5d8166e8b0373,TB3iM1RsKXagV7hdz2QpWnaChptwrU3tCL,TMuA6YqfCeX8EhbfYEg5y7S4DqzSJireY9,10TronRoyal,true[\n]"
12:57:24.619 [TestNG-tests-1] DEBUG org.apache.http.wire -  << "6d7fb40cfb34bbe6e17810c48af98e8c6468fff7dca940c3da0b2e6c64170fd9,1545844335000,2018-12-27 01:12:15,5263901,6d7fb40cfb34bbe6e17810c48af98e8c6468fff7dca940c3da0b2e6c64170fd9,TMuA6YqfCeX8EhbfYEg5y7S4DqzSJireY9,TWd4WrZ9wn84f5x1hZhL4DHvk738ns5jwb,2622049122.413515trx,true[\n]"
12:57:24.619 [TestNG-tests-1] DEBUG org.apache.http.wire -  << "a732fce9e31328fae88645e044859effeb7dadbbecdbfaa3ac16143967966589,1545844077000,2018-12-27 01:07:57,5263815,a732fce9e31328fae88645e044859effeb7dadbbecdbfaa3ac16143967966589,TMuA6YqfCeX8EhbfYEg5y7S4DqzSJireY9,TAUN6FwrnwwmaEqYcckffC7wYmbaS6cBiX,150111888.000000trx,true[\n]"
12:57:24.619 [TestNG-tests-1] DEBUG org.apache.http.wire -  << "b8d98f50191d46192ad41ff370b7cbbcaecee6ff77235e09646868c5f4b0b2a1,1545584427000,2018-12-24 01:00:27,5178047,b8d98f50191d46192ad41ff370b7cbbcaecee6ff77235e09646868c5f4b0b2a1,TC9FtB1EoiV3jfXgZvmqUmfeCmdWNmCxdY,TMuA6YqfCeX8EhbfYEg5y7S4DqzSJireY9,1TronTokensGuardian,true[\n]"
12:57:24.619 [TestNG-tests-1] DEBUG org.apache.http.wire -  << "071487515130fce0396159aaafb866da67f2db15d87d508dcd8ed7b97eba39e1,1545427953000,2018-12-22 05:32:33,5126912,071487515130fce0396159aaafb866da67f2db15d87d508dcd8ed7b97eba39e1,TAUN6FwrnwwmaEqYcckffC7wYmbaS6cBiX,TMuA6YqfCeX8EhbfYEg5y7S4DqzSJireY9,151297764.425702trx,true[\n]"
12:57:24.619 [TestNG-tests-1] DEBUG org.apache.http.wire -  << "fcdf016b5bceba508cceebf63752511b7bf12865953eb85f20ddee6172493636,1545318969000,2018-12-20 23:16:09,5097718,fcdf016b5bceba508cceebf63752511b7bf12865953eb85f20ddee6172493636,TWKWWJAFBYyjvLtfqKCSeMyUW7TjWhkY4e,TMuA6YqfCeX8EhbfYEg5y7S4DqzSJireY9,100ELVIS,true[\n]"
12:57:24.619 [TestNG-tests-1] DEBUG org.apache.http.wire -  << "83eecd9534bd390d1ee6f530ef538cd7136b3da902078ee1eeba9d06cb7e464c,1544749317000,2018-12-14 09:01:57,4922114,83eecd9534bd390d1ee6f530ef538cd7136b3da902078ee1eeba9d06cb7e464c,TAUN6FwrnwwmaEqYcckffC7wYmbaS6cBiX,TMuA6YqfCeX8EhbfYEg5y7S4DqzSJireY9,1342466827.953513trx,true[\n]"
12:57:24.619 [TestNG-tests-1] DEBUG org.apache.http.wire -  << "dfbb00cc7275f69b1bc55631b544005b93eee644e73bc2b2ca732d690efd0421,1544597514000,2018-12-12 14:51:54,4873189,dfbb00cc7275f69b1bc55631b544005b93eee644e73bc2b2ca732d690efd0421,TRtY8oJGwRHrWbLYgos1uWWJHA1Hvt65uw,TMuA6YqfCeX8EhbfYEg5y7S4DqzSJireY9,0.013000trx,true[\n]"
12:57:24.619 [TestNG-tests-1] DEBUG org.apache.http.wire -  << "b3bb7770c92521392d6ece7b5b5e5e7a160474c62fe648faf69f873f686741cf,1544597118000,2018-12-12 14:45:18,4873057,b3bb7770c92521392d6ece7b5b5e5e7a160474c62fe648faf69f873f686741cf,TCeZaSMKWR4WjuoJkKdjvTFGEqW63rjceY,TMuA6YqfCeX8EhbfYEg5y7S4DqzSJireY9,0.001300trx,true[\n]"
12:57:24.619 [TestNG-tests-1] DEBUG org.apache.http.wire -  << "0a262e5495befd7c3624ecc098210521719d1c47ca0c267958faa08970271d5e,1544594364000,2018-12-12 13:59:24,4872189,0a262e5495befd7c3624ecc098210521719d1c47ca0c267958faa08970271d5e,TQx3eKLxjkvDAkr7V176t7ahr6MzF9Y9F7,TMuA6YqfCeX8EhbfYEg5y7S4DqzSJireY9,369ZYON,true[\n]"
12:57:24.619 [TestNG-tests-1] DEBUG org.apache.http.wire -  << "3052d4b1b8e5cab08d9f195385d14a34c591545708814ca68f87be7c0708a473,1544511462000,2018-12-11 14:57:42,4845004,3052d4b1b8e5cab08d9f195385d14a34c591545708814ca68f87be7c0708a473,TRtY8oJGwRHrWbLYgos1uWWJHA1Hvt65uw,TMuA6YqfCeX8EhbfYEg5y7S4DqzSJireY9,0.010000trx,true[\n]"
12:57:24.619 [TestNG-tests-1] DEBUG org.apache.http.wire -  << "2b1ac7"
12:57:24.620 [TestNG-tests-1] DEBUG org.apache.http.wire -  << "6c8c0a76bfef70c60308e0ac023947e6a76dec17e0e5a3f41e74c1ce21,1544509680000,2018-12-11 14:28:00,4844418,2b1ac76c8c0a76bfef70c60308e0ac023947e6a76dec17e0e5a3f41e74c1ce21,TMuA6YqfCeX8EhbfYEg5y7S4DqzSJireY9,TAUN6FwrnwwmaEqYcckffC7wYmbaS6cBiX,150666888.000000trx,true[\n]"
12:57:24.620 [TestNG-tests-1] DEBUG org.apache.http.wire -  << "8e144a542045c94b9e3c58e54a399f1b45f434d82e75cf4431a3b7199ee3b843,1544459421000,2018-12-11 00:30:21,4827845,8e144a542045c94b9e3c58e54a399f1b45f434d82e75cf4431a3b7199ee3b843,TRtY8oJGwRHrWbLYgos1uWWJHA1Hvt65uw,TMuA6YqfCeX8EhbfYEg5y7S4DqzSJireY9,0.010000trx,true[\n]"
12:57:24.620 [TestNG-tests-1] DEBUG org.apache.http.wire -  << "31ae05a6ead47f2163a13d9a41c970d1ba65eb53abecc01d1d3f4fa2b89d56a8,1544426016000,2018-12-10 15:13:36,4817022,31ae05a6ead47f2163a13d9a41c970d1ba65eb53abecc01d1d3f4fa2b89d56a8,TYVJ8JuQ6ctzCa2u79MFmvvNQ1U2tYQEUM,TMuA6YqfCeX8EhbfYEg5y7S4DqzSJireY9,13TRONONE,true[\n]"
12:57:24.620 [TestNG-tests-1] DEBUG org.apache.http.wire -  << "18c6da7d4e88c4ee0acab2c89938f9dd1976891a6d10383f93b19cba917671aa,1544320164000,2018-12-09 09:49:24,4782550,18c6da7d4e88c4ee0acab2c89938f9dd1976891a6d10383f93b19cba917671aa,TGmyaFQuhVJMh6eM1H6v7wYPEFrMmPnJnp,TMuA6YqfCeX8EhbfYEg5y7S4DqzSJireY9,1Drink,true[\n]"
12:57:24.620 [TestNG-tests-1] DEBUG org.apache.http.wire -  << "8e1cbe68a7d9e1caa0f52e5ac568af28a5fe318966bd349870f5af8062d23ba8,1544151258000,2018-12-07 10:54:18,4726988,8e1cbe68a7d9e1caa0f52e5ac568af28a5fe318966bd349870f5af8062d23ba8,TMuA6YqfCeX8EhbfYEg5y7S4DqzSJireY9,TWd4WrZ9wn84f5x1hZhL4DHvk738ns5jwb,1714340367.874216trx,true[\n]"
12:57:24.621 [TestNG-tests-1] DEBUG org.apache.http.wire -  << "54a6cd4159859aa2a6500f22ebef993a855d69bd5059bd9fa5983492d0"
12:57:24.621 [TestNG-tests-1] DEBUG org.apache.http.wire -  << "ca15e5,1543665609000,2018-12-01 20:00:09,4567128,54a6cd4159859aa2a6500f22ebef993a855d69bd5059bd9fa5983492d0ca15e5,THGSDs19hDWerCSinJh1Vi123wLRLGGnmH,TMuA6YqfCeX8EhbfYEg5y7S4DqzSJireY9,10TronLottery,true[\n]"
12:57:24.621 [TestNG-tests-1] DEBUG org.apache.http.wire -  << "469aff3f1484f0d84816f7ba641df919cdd909014d2afb7183246189d9dcadb1,1543622757000,2018-12-01 08:05:57,4553185,469aff3f1484f0d84816f7ba641df919cdd909014d2afb7183246189d9dcadb1,TTvcsyvTnTAvSScBTUCfXCQotmJxobpaWC,TMuA6YqfCeX8EhbfYEg5y7S4DqzSJireY9,333GoodKarma,true[\n]"
12:57:24.621 [TestNG-tests-1] DEBUG org.apache.http.wire -  << "5fe8bc2d4b7068dde8eb1363d80e0b26ebad9519da259ceea7ab492e3f3a24be,1543564698000,2018-11-30 15:58:18,4533859,5fe8bc2d4b7068dde8eb1363d80e0b26ebad9519da259ceea7ab492e3f3a24be,TRtY8oJGwRHrWbLYgos1uWWJHA1Hvt65uw,TMuA6YqfCeX8EhbfYEg5y7S4DqzSJireY9,0.000010trx,true[\n]"
12:57:24.621 [TestNG-tests-1] DEBUG org.apache.http.wire -  << "15b57ceb01e4d2c114c48c6717a9eedb5322b488cd0a2630adb0ecaac46db4d4,1543421841000,2018-11-29 00:17:21,4486477,15b57ceb01e4d2c114c48c6717a9eedb5322b488cd0a2630adb0ecaac46db4d4,TQinoCopQRFJDe1CBwRq4j4a71nmG9rVx2,TMuA6YqfCeX8EhbfYEg5y7S4DqzSJireY9,10000HealthPort,true[\n]"
12:57:24.621 [TestNG-tests-1] DEBUG org.apache.http.wire -  << "dc73fc51304ebc022a34e7649e7ce12535218d0de9c6fa535766552048a05387,1543206381000,2018-11-26 12:26:21,4414736,dc73fc51304ebc022a34e7649e7ce12535218d0de9c6fa535766552048a05387,TPKq9bVZyM2sZ8XersMmXhy1NbjhdxRwwj,TMuA6YqfCeX8EhbfYEg5y7S4DqzSJireY9,100NMIToken,true[\n]"
12:57:24.621 [TestNG-tests-1] DEBUG org.apache.http.wire -  << "4cc4db854826c0e018981f76983e5affc0eddd016945e65fbd3cc1b116db8fd7,1543137057000,2018-11-25 17:10:57,4391642,4cc4db854826c0e018981f76983e5affc0eddd016945e65fbd3cc1b116db8fd7,THezPHK1v3xkGWxXYoWCMu6CjACUnERye5,TMuA6YqfCeX8EhbfYEg5y7S4DqzSJireY9,100TRONO,true[\n]"
12:57:24.621 [TestNG-tests-1] DEBUG org.apache.http.wire -  << "38ca0454a58b20b14c79c7490007503c57eaaa5bc9a12f160124fbba7d1472cc,1543088322000,2018-11-25 03:38:42,4375405,38ca0454a58b20b14c79c7490007503c57eaaa5bc9a12f160124fbba7d1472cc,TVb2Yu1BQ7yDNh8ygBDxzw9RdcQ35s6wPa,TMuA6YqfCeX8EhbfYEg5y7S4DqzSJireY9,100TronSports,true[\n]"
12:57:24.621 [TestNG-tests-1] DEBUG org.apache.http.wire -  << "815f0dffdf5209f0bb4c7d923ce9f35b05e355f165303f8300773664117f1ef4,1542974697000,2018-11-23 20:04:57,4337548,815f0dffdf5209f0bb4c7d923ce9f35b05e355f165303f8300773664117f1ef4,TFujVDp8U578L2AtsorYN3pwdXmH2HxbQv,TMuA6YqfCeX8EhbfYEg5y7S4DqzSJireY9,10BESTCOIN,true[\n]"
12:57:24.621 [TestNG-tests-1] DEBUG org.apache.http.wire -  << "09754f9de825f6e76b92ce392b146a37a2fbf80ae2b94f4f3920306164b78d9c,1542946869000,2018-11-23 12:21:09,4328278,09754f9de825f6e76b92ce392b146a37a2fbf80ae2b94f4f3920306164b78d9c,TNUbeTQXPtRXtBX3dJboVkhdhaiws29Aky,TMuA6YqfCeX8EhbfYEg5y7S4DqzSJireY9,5KiloReX,true[\n]"
12:57:24.621 [TestNG-tests-1] DEBUG org.apache.http.wire -  << "8631f2a1b5dc98f0e2179ee92a00c72e37c796fa4363e2f9647f1dbd32b4f0a5,1542926331000,2018-11-23 06:38:51,4321437,8631f2a1b5dc98f0e2179ee92a00c72e37c796fa4363e2f9647f1dbd32b4f0a5,TGMbeobFPMvLnUdxY2kBzjE8szvmprz6Mf,TMuA6YqfCeX8EhbfYEg5y7S4DqzSJireY9,100000angrybirdgold,true[\n]"
12:57:24.621 [TestNG-tests-1] DEBUG org.apache.http.wire -  << "36c2dd3173e0ad53f7447083c15bc84aaacb98ced21ccfc42d931fa15864d14a,1542904308000,2018-11-23 00:31:48,4314099,36c2dd3173e0ad53f7447083c15bc84aaacb98ced21ccfc42d931fa15864d14a,"
12:57:24.621 [TestNG-tests-1] DEBUG org.apache.http.wire -  << "TAUN6FwrnwwmaEqYcckffC7wYmbaS6cBiX,TMuA6YqfCeX8EhbfYEg5y7S4DqzSJireY9,1897663919.166084trx,true[\n]"
12:57:24.621 [TestNG-tests-1] DEBUG org.apache.http.wire -  << "f753e3f0ab90f5b6e88e4bd8e0ced71959b76d3e4e391465d660f39f4a5679bb,1542831066000,2018-11-22 04:11:06,4289899,f753e3f0ab90f5b6e88e4bd8e0ced71959b76d3e4e391465d660f39f4a5679bb,TQ1rCQB8i9syxsVWNUGJUuXPquLCAECsMk,TMuA6YqfCeX8EhbfYEg5y7S4DqzSJireY9,1.000000trx,true[\n]"
12:57:24.621 [TestNG-tests-1] DEBUG org.apache.http.wire -  << "ede3fd6eb20915d38d2eddd3052d953d889f7aa3ee4e6c08e65b763ce596750a,1542766626000,2018-11-21 10:17:06,4268878,ede3fd6eb20915d38d2eddd3052d953d889f7aa3ee4e6c08e65b763ce596750a,TXrsdQsLuL7z1CzW7ui1n6RuU2f4sVNqVz,TMuA6YqfCeX8EhbfYEg5y7S4DqzSJireY9,1Sentoki,true[\n]"
12:57:24.621 [TestNG-tests-1] DEBUG org.apache.http.wire -  << "d91f1babe77223bb71337c883d1c8417a3b44cd06c937027337ee99d86d2418b,1542617802000,2018-11-19 16:56:42,4220326,d91f1babe77223bb71337c883d1c8417a3b44cd06c937027337ee99d86d2418b,TPL6zNujtEQ8kp213n58UxAhGRCU3aozkc,TMuA6YqfCeX8EhbfYEg5y7S4DqzSJireY9,12CryptoBankCoin,true[\n]"
12:57:24.621 [TestNG-tests-1] DEBUG org.apache.http.wire -  << "f3d58e26526416d327b68e967e8decf3e126f0b26df08dc88658c7cf03fae0c0,1542605766000,2018-11-19 13:36:06,4216465,f3d58e26526416d327b68e967e8decf3e126f0b26df08dc88658c7cf03fae0c0,TTvcsyvTnTAvSScBTUCfXCQotmJxobpaWC,TMuA6YqfCeX8EhbfYEg5y7S4DqzSJireY9,100GoodKarma,true[\n]"
12:57:24.621 [TestNG-tests-1] DEBUG org.apache.http.wire -  << "91051c8a8859927047099517110caae4c17aa70cd52fa60075739c81ee1cb47e,1542589821000,2018-11-19 09:10:21,4211350,91051c8a8859927047099517110caae4c17aa70cd52fa60075739c81ee1cb47e,TVfJfiDkbuASBFU6stoAPA8K2NwTLXv2cj,TMuA6YqfCeX8Ehb"
12:57:24.621 [TestNG-tests-1] DEBUG org.apache.http.wire -  << "fYEg5y7S4DqzSJireY9,17MVISION,true[\n]"
12:57:24.621 [TestNG-tests-1] DEBUG org.apache.http.wire -  << "088546f6c5e798700be51947b81eeb7fe9a61c3c3e1bd8c5fb0086ea7fca9d2f,1542562365000,2018-11-19 01:32:45,4202520,088546f6c5e798700be51947b81eeb7fe9a61c3c3e1bd8c5fb0086ea7fca9d2f,TEqWzYT9fk4NCu3YecgEnQrQqxibFz7JDK,TMuA6YqfCeX8EhbfYEg5y7S4DqzSJireY9,11CandyCrushSaga,true[\n]"
12:57:24.621 [TestNG-tests-1] DEBUG org.apache.http.wire -  << "95c9517efd504af7d8e62c3fba3964d33e798f3b5bb9c25ae945f1bd4d673e17,1542503115000,2018-11-18 09:05:15,4182776,95c9517efd504af7d8e62c3fba3964d33e798f3b5bb9c25ae945f1bd4d673e17,TV6G4F7nXoJq1KzozsZENb9HuGfdm4BdPQ,TMuA6YqfCeX8EhbfYEg5y7S4DqzSJireY9,10Litcoin,true[\n]"
12:57:24.621 [TestNG-tests-1] DEBUG org.apache.http.wire -  << "16bb8cdbae574019cb09ab5e35a43713a5c8a9cdc57b48f8ba09f574b5055bb9,1542381720000,2018-11-16 23:22:00,4142633,16bb8cdbae574019cb09ab5e35a43713a5c8a9cdc57b48f8ba09f574b5055bb9,TQP5P6KWo5VaBz35BirCTcWzL2f46Bzksf,TMuA6YqfCeX8EhbfYEg5y7S4DqzSJireY9,1DigitalFantasySports,true[\n]"
12:57:24.621 [TestNG-tests-1] DEBUG org.apache.http.wire -  << "59df4518fa39d5b26d0cd669cd4b8bca9f6a20106a1b9eb904839654113d4e2e,1542379041000,2018-11-16 22:37:21,4141740,59df4518fa39d5b26d0cd669cd4b8bca9f6a20106a1b9eb904839654113d4e2e,TVgJEbc9NEYxVr1h6rJQiMqySePsJQDCA7,TMuA6YqfCeX8EhbfYEg5y7S4DqzSJireY9,10000000COLORBIKE,true[\n]"
12:57:24.621 [TestNG-tests-1] DEBUG org.apache.http.wire -  << "04cf24b076da712156213c091deb46e4ee8e2df4fac64d298c9a00af3f69a8f7,1542314316000,2018-11-16 04:38:36,4120172,04cf24b076da712156213c091deb46e4ee8e2df4fac64d298c9a00af3f69a8f7,TUQNcXjPgwVSd7KE7wW2QiCkrAbRgtys9z,TMuA6YqfCeX8EhbfYEg5y7S4DqzSJireY9,11WatsonAI,true[\n]"
12:57:24.621 [TestNG-tests-1] DEBUG org.apache.http.wire -  << "636c26958"
12:57:24.621 [TestNG-tests-1] DEBUG org.apache.http.wire -  << "aaa8c46315697a7ba20fa7941f5d0f1d00fcf79e6b755d7b0d5c76e,1542276369000,2018-11-15 18:06:09,4107528,636c26958aaa8c46315697a7ba20fa7941f5d0f1d00fcf79e6b755d7b0d5c76e,TMuA6YqfCeX8EhbfYEg5y7S4DqzSJireY9,TWd4WrZ9wn84f5x1hZhL4DHvk738ns5jwb,800666888.000000trx,true[\n]"
12:57:24.621 [TestNG-tests-1] DEBUG org.apache.http.wire -  << "2b5035641a7ff95d78a6709c76173b08b0e0a2e4361c581dca9d61c3c1e7d0f1,1542275013000,2018-11-15 17:43:33,4107076,2b5035641a7ff95d78a6709c76173b08b0e0a2e4361c581dca9d61c3c1e7d0f1,TMuA6YqfCeX8EhbfYEg5y7S4DqzSJireY9,TWd4WrZ9wn84f5x1hZhL4DHvk738ns5jwb,8888.000000trx,true[\n]"
12:57:24.621 [TestNG-tests-1] DEBUG org.apache.http.wire -  << "0399c505a92006b2b05427884e6850bde7bbccf7840746d5c55b400ef9b15be8,1542274983000,2018-11-15 17:43:03,4107066,0399c505a92006b2b05427884e6850bde7bbccf7840746d5c55b400ef9b15be8,TMuA6YqfCeX8EhbfYEg5y7S4DqzSJireY9,TWd4WrZ9wn84f5x1hZhL4DHvk738ns5jwb,8888.000000trx,true[\n]"
12:57:24.621 [TestNG-tests-1] DEBUG org.apache.http.wire -  << "041380a8a06acbdc61cd81614d9d9ba379cfcbe5bd2790a9403ddb3c7d1edd11,1542240693000,2018-11-15 08:11:33,4095638,041380a8a06acbdc61cd81614d9d9ba379cfcbe5bd2790a9403ddb3c7d1edd11,TFDbASqgLFdE8iFEAc8qxtiZaiU9i4tNGr,TMuA6YqfCeX8EhbfYEg5y7S4DqzSJireY9,1HANDSHAKE,true[\n]"
12:57:24.621 [TestNG-tests-1] DEBUG org.apache.http.wire -  << "e13f4f606b38ec14ea4603b5a782da26c7c9664ee737a2a6bcc9fd23aae21209,1542161988000,2018-11-14 10:19:48,4069412,e13f4f606b38ec14ea4603b5a782da26c7c9664ee737a2a6bcc9fd23aae21209,TAUN6FwrnwwmaEqYcckffC7wYmbaS6cBiX,TMuA6YqfCeX8EhbfYEg5y7S4DqzSJireY9,301443921.780584trx,true[\n]"
12:57:24.621 [TestNG-tests-1] DEBUG org.apache.http.wire -  << "2f34ce2fcbf1e7f64fc0ac8d14b89e7354fe4502cfd1b88f11"
12:57:24.622 [TestNG-tests-1] DEBUG org.apache.http.wire -  << "94d2d6613d0bd2,1542161226000,2018-11-14 10:07:06,4069158,2f34ce2fcbf1e7f64fc0ac8d14b89e7354fe4502cfd1b88f1194d2d6613d0bd2,TMuA6YqfCeX8EhbfYEg5y7S4DqzSJireY9,TAUN6FwrnwwmaEqYcckffC7wYmbaS6cBiX,300666888.000000trx,true[\n]"
12:57:24.622 [TestNG-tests-1] DEBUG org.apache.http.wire -  << "d804624e43470c7ca75fe3999a13f23914708f7c5957b8968523a90a1eee2ded,1542161199000,2018-11-14 10:06:39,4069149,d804624e43470c7ca75fe3999a13f23914708f7c5957b8968523a90a1eee2ded,TMuA6YqfCeX8EhbfYEg5y7S4DqzSJireY9,TAUN6FwrnwwmaEqYcckffC7wYmbaS6cBiX,300888888.000000trx,true[\n]"
12:57:24.622 [TestNG-tests-1] DEBUG org.apache.http.wire -  << "b16f514d732fddc2d239e633116900e76734ad1a89ba523cc9a4319045bef526,1542113853000,2018-11-13 20:57:33,4053769,b16f514d732fddc2d239e633116900e76734ad1a89ba523cc9a4319045bef526,TVgJEbc9NEYxVr1h6rJQiMqySePsJQDCA7,TMuA6YqfCeX8EhbfYEg5y7S4DqzSJireY9,100000COLORBIKE,true[\n]"
12:57:24.622 [TestNG-tests-1] DEBUG org.apache.http.wire -  << "0587896bb7ca161ef0d92bc9cc0510a457b9eb6cac4e8ec2eaf263b6d02d9fae,1542113649000,2018-11-13 20:54:09,4053704,0587896bb7ca161ef0d92bc9cc0510a457b9eb6cac4e8ec2eaf263b6d02d9fae,TVgJEbc9NEYxVr1h6rJQiMqySePsJQDCA7,TMuA6YqfCeX8EhbfYEg5y7S4DqzSJireY9,100000COLORBIKE,true[\n]"
12:57:24.622 [TestNG-tests-1] DEBUG org.apache.http.wire -  << "1736c5ab1b130fd27ac777b6539b770daf0e183e25a1e942b50082342f82a37a,1541731809000,2018-11-09 10:50:09,3926525,1736c5ab1b130fd27ac777b6539b770daf0e183e25a1e942b50082342f82a37a,TMuA6YqfCeX8EhbfYEg5y7S4DqzSJireY9,TAUN6FwrnwwmaEqYcckffC7wYmbaS6cBiX,250666888.000000trx,true[\n]"
12:57:24.622 [TestNG-tests-1] DEBUG org.apache.http.wire -  << "5e3cb8c335c02dcd3a65f47422972c0e53dbae89e435ac52e3c775f04295d260,1541613378000,2"
12:57:24.623 [TestNG-tests-1] DEBUG org.apache.http.wire -  << "018-11-08 01:56:18,3887072,5e3cb8c335c02dcd3a65f47422972c0e53dbae89e435ac52e3c775f04295d260,TFujVDp8U578L2AtsorYN3pwdXmH2HxbQv,TMuA6YqfCeX8EhbfYEg5y7S4DqzSJireY9,1BESTCOIN,true[\n]"
12:57:24.623 [TestNG-tests-1] DEBUG org.apache.http.wire -  << "bac2d8a5d850afa009e4b436ee9248bb15c61ace5f293a551fb659166e866e8c,1541344920000,2018-11-04 23:22:00,3797615,bac2d8a5d850afa009e4b436ee9248bb15c61ace5f293a551fb659166e866e8c,TMuA6YqfCeX8EhbfYEg5y7S4DqzSJireY9,TAUN6FwrnwwmaEqYcckffC7wYmbaS6cBiX,230666888.000000trx,true[\n]"
12:57:24.623 [TestNG-tests-1] DEBUG org.apache.http.wire -  << "803051cdc255d35f150cccc9a152002d1dd3eb93c88ccd1f2966ad0aa8561ad3,1541289981000,2018-11-04 08:06:21,3779307,803051cdc255d35f150cccc9a152002d1dd3eb93c88ccd1f2966ad0aa8561ad3,TABCfde23YZUBTatzXwBLFYtHmjoEqvtZX,TMuA6YqfCeX8EhbfYEg5y7S4DqzSJireY9,150MicrosoftToken,true[\n]"
12:57:24.623 [TestNG-tests-1] DEBUG org.apache.http.wire -  << "18fcfe58b211193741814cab67a54e3ca92dfebfcd1b4e2a9904e4970103422a,1541289969000,2018-11-04 08:06:09,3779303,18fcfe58b211193741814cab67a54e3ca92dfebfcd1b4e2a9904e4970103422a,TCeoS5wwCZEFuZwUvS6NE34kLaefC5XGwq,TMuA6YqfCeX8EhbfYEg5y7S4DqzSJireY9,400Cardano,true[\n]"
12:57:24.623 [TestNG-tests-1] DEBUG org.apache.http.wire -  << "c19a645f62d80d987b5d91a5323aeb56de42e047560bc25da0b90d7caef70122,1541289957000,2018-11-04 08:05:57,3779299,c19a645f62d80d987b5d91a5323aeb56de42e047560bc25da0b90d7caef70122,TSgQpZ3pMoLmxyApaWUSdeNeP2D9a1WQDA,TMuA6YqfCeX8EhbfYEg5y7S4DqzSJireY9,200IOTA,true[\n]"
12:57:24.623 [TestNG-tests-1] DEBUG org.apache.http.wire -  << "9d56dd69416b54f6d903c05ab2cbeec13cc6a202a4126366f3e8383c87cfdb97,1541289942000,2018-11-04 08:05:42,3779294,9d56dd69416b54f6d903c05ab2cbeec13cc6a202a4126366f3e8383c87cfdb97,TBivoXjs4NTTZuHkVX1R5CiALvuGk4bBa4,TMuA6YqfCeX8EhbfYEg5y7S4DqzSJireY9,300Walmart,true[\n]"
12:57:24.623 [TestNG-tests-1] DEBUG org.apache.http.wire -  << "ffbfb87f7036580170825b3b94def3d0d6a3138a7dc862bceeb16b6b6977d0d2,1541289927000,2018-11-04 08:05:27,3779289,ffbfb87f7036580170825b3b94def3d0d6a3138a7dc862bceeb16b6b6977d0d2,TAK5eFrVftAUFj87TjAq5At4QZhRV6SaDx,TMuA6YqfCeX8EhbfYEg5y7S4DqzSJireY9,500ComicCon,true[\n]"
12:57:24.623 [TestNG-tests-1] DEBUG org.apache.http.wire -  << "b501f7e0ee3befdac6d42686ae6578ccc9550e45d7ae16fbe6e3c0a2b12322d8,1541141004000,2018-11-02 14:43:24,3729712,b501f7e0ee3befdac6d42686ae6578ccc9550e45d7ae16fbe6e3c0a2b12322d8,TE4aqUVt5UTgd7tV24nkBWtRixfYj1zA9t,TMuA6YqfCeX8EhbfYEg5y7S4DqzSJireY9,750000TTMspace,true[\n]"
12:57:24.623 [TestNG-tests-1] DEBUG org.apache.http.wire -  << "3eec1f63838635ac0508dbe3fbe9f50875b5834a00350b914c1d9a118275859f,1540954950000,2018-10-31 11:02:30,3667724,3eec1f63838635ac0508dbe3fbe9f50875b5834a00350b914c1d9a118275859f,TV3NmH1enpu4X5Hur8Z16eCyNymTqKXQDP,TMuA6YqfCeX8EhbfYEg5y7S4DqzSJireY9,1IPFS,true[\n]"
12:57:24.623 [TestNG-tests-1] DEBUG org.apache.http.wire -  << "e1afc6ced378b84a4add075718808341ff30161271e22512c8d1a433310e70ba,1540954950000,2018-10-31 11:02:30,3667724,e1afc6ced378b84a4add075718808341ff30161271e22512c8d1a433310e70ba,TBHq3S4A8gyZnaa7dXF7TzXDsP2rkU1pqa,TMuA6YqfCeX8EhbfYEg5y7S4DqzSJireY9,1NBACoin,true[\n]"
12:57:24.623 [TestNG-tests-1] DEBUG org.apache.http.wire -  << "726a524623d167567850d45583259248ace8b0d1e19b9be51bee65c378404d86,1540954947000,2018-10-31 11:02:27,3667723,726a524623d167567850d45583259248ace8b0d1e19b9be51bee65c378404d86,TKjdnbJxP4yHeLTHZ86DGnFFY6QhTjuBv2,TMuA6YqfCeX8EhbfYEg5y7S4DqzSJireY9,1HuobiToken,true[\n]"
12:57:24.623 [TestNG-tests-1] DEBUG org.apache.http.wire -  << "754fced5dc0fa9139beac3f1860d005b2aa460846393705ac6308ba61957865a,1540954581000,2018-10-31 10:56:21,3667601,754fced5dc0fa9139beac3f1860d005b2aa460846393705ac6308ba61957865a,TMuA6YqfCeX8EhbfYEg5y7S4DqzSJireY9,TAUN6FwrnwwmaEqYcckffC7wYmbaS6cBiX,300666888.000000trx,true[\n]"
12:57:24.623 [TestNG-tests-1] DEBUG org.apache.http.wire -  << "59b72bb1c6c04ea396dbf5db85bf9347b5fa3b0c61f27e6fe14819528b9666d4,1540930857000,2018-10-31 04:20:57,3659695,59b72bb1c6c04ea396dbf5db85bf9347b5fa3b0c61f27e6fe14819528b9666d4,TAR3mSupxBbVUinfBCFXfzCJYrQHMrE9m5,TMuA6YqfCeX8EhbfYEg5y7S4DqzSJireY9,1000ethereum,true[\n]"
12:57:24.623 [TestNG-tests-1] DEBUG org.apache.http.wire -  << "14807b11a15ffdb28f82c41588983d45e4a18cae96dbd1127097d572a607bad6,1540576719000,2018-10-27 01:58:39,3541690,14807b11a15ffdb28f82c41588983d45e4a18cae96dbd1127097d572a607bad6,TFQSBJp9vz7dte6BN1ZFFBh9RQco3Jw3qs,TMuA6YqfCeX8EhbfYEg5y7S4DqzSJireY9,1WhopperCoin,true[\n]"
12:57:24.623 [TestNG-tests-1] DEBUG org.apache.http.wire -  << "eb330d33d8054333817dd863d387191e27a665b74d09447d8eff4e2c10b6b723,1540415304000,2018-10-25 05:08:24,3487902,eb330d33d8054333817dd863d387191e27a665b74d09447d8eff4e2c10b6b723,TEgept9M7A8RxxAHXrLo7aud9ovNRQQz26,TMuA6YqfCeX8EhbfYEg5y7S4DqzSJireY9,10IPFS,true[\n]"
12:57:24.623 [TestNG-tests-1] DEBUG org.apache.http.wire -  << "c432c28ab741035bd6daff0a3a8ae2b6f3380f551d90c06104803266b4a02a9e,1540374639000,2018-10-24 17:50:39,3474351,c432c28ab741035bd6daff0a3a8ae2b6f3380f551d90c06104803266b4a02a9e,TAUN6FwrnwwmaEqYcckffC7wYmbaS6cBiX,TMuA6YqfCeX8EhbfYEg5y7S4DqzSJireY9,335291670.356770trx,true[\n]"
12:57:24.623 [TestNG-tests-1] DEBUG org.apache.http.wire -  << "335520905c3198f3978e48c2a3ef9504063d930ecf29cb381a0cbd26bd67f5d9,1540372599000,2018-10-24 17:16:39,3473671,335520905c3198f3978e48c2a3ef9504063d930ecf29cb381a0cbd26bd67f5d9,TP9cjznZ4rGL3Hav7d8zPg6HX6cXdWecMc,TMuA6YqfCeX8EhbfYEg5y7S4DqzSJireY9,10000000McDonaldsCoin,true[\n]"
12:57:24.623 [TestNG-tests-1] DEBUG org.apache.http.wire -  << "0a5817fa677412ecde46b3db79b0020b136a3a65ccbaf6db252814e8b3ded184,1540268607000,2018-10-23 12:23:27,3439017,0a5817fa677412ecde46b3db79b0020b136a3a65ccbaf6db252814e8b3ded184,TYmiZ7xCeqboiizb2jsjVQuRABXzVSjKFR,TMuA6YqfCeX8EhbfYEg5y7S4DqzSJireY9,100Makememillionaire,true[\n]"
12:57:24.623 [TestNG-tests-1] DEBUG org.apache.http.wire -  << "49f92f9da1c373af22b4853792b1c71753f2c07bf6c35f6cea6f67e9dd9d2487,1540131657000,2018-10-21 22:20:57,3394038,49f92f9da1c373af22b4853792b1c71753f2c07bf6c35f6cea6f67e9dd9d2487,TMuA6YqfCeX8EhbfYEg5y7S4DqzSJireY9,TAUN6FwrnwwmaEqYcckffC7wYmbaS6cBiX,193000888.000000trx,true[\n]"
12:57:24.623 [TestNG-tests-1] DEBUG org.apache.http.wire -  << "f88c113a0525ac94e28b42f689bafba1d61d777478b15f002cb37f26a2e0d311,1540075854000,2018-10-21 06:50:54,3375443,f88c113a0525ac94e28b42f689bafba1d61d777478b15f002cb37f26a2e0d311,TFoE9rSxMUVRR5gCJwWKcPKe8rAUzhtQev,TMuA6YqfCeX8EhbfYEg5y7S4DqzSJireY9,1000LoveHearts,true[\n]"
12:57:24.623 [TestNG-tests-1] DEBUG org.apache.http.wire -  << "716f46842c0b75822df530673c4350d1bdb8cf1a2e7e8d89174e67bdfb886da2,1539489423000,2018-10-14 11:57:03,3180896,716f46842c0b75822df530673c4350d1bdb8cf1a2e7e8d89174e67bdfb886da2,TUc9jfwpMxNcNVid27575rRkh8S4enH1sA,TMuA6YqfCeX8EhbfYEg5y7S4DqzSJireY9,100ChainLink,true[\n]"
12:57:24.623 [TestNG-tests-1] DEBUG org.apache.http.wire -  << "17faaa68ee7f20e06cbe514578297fa8483a6320f0c922ecfafbd1732eaba355,1539309912000,2018-10-12 10:05:12,3121561,17faaa68ee7f20e06cbe514578297fa8483a6320f0c922ecfafbd1732eaba355,TFujVDp8U578L2AtsorYN3pwdXmH2HxbQv,TMuA6YqfCeX8EhbfYEg5y7S4DqzSJireY9,1BESTCOIN,true[\n]"
12:57:24.623 [TestNG-tests-1] DEBUG org.apache.http.wire -  << "969657f5cf3d7bcd375a274124924c636196b230a85ece4c7f74a37a3d906e96,1539308832000,2018-10-12 09:47:12,3121201,969657f5cf3d7bcd375a274124924c636196b230a85ece4c7f74a37a3d906e96,TEp9d1JPeYfjywSEw35hF4u497nWrEHgd6,TMuA6YqfCeX8EhbfYEg5y7S4DqzSJireY9,7BESTCOIN,true[\n]"
12:57:24.623 [TestNG-tests-1] DEBUG org.apache.http.wire -  << "e57c5a8876ffdcfc7fd6df26e9c380b6b4f0f4695188cb4ec11785dc670a66f4,1539129036000,2018-10-10 07:50:36,3068276,e57c5a8876ffdcfc7fd6df26e9c380b6b4f0f4695188cb4ec11785dc670a66f4,TPXi4SnsNJgeGD1f4qTSvghCBjunzScGJU,TMuA6YqfCeX8EhbfYEg5y7S4DqzSJireY9,100Ethereum,true[\n]"
12:57:24.623 [TestNG-tests-1] DEBUG org.apache.http.wire -  << "304967b75945f7b4b00c87be2738e8ede148bc534d7195e7f67d7106398e4dff,1539053007000,2018-10-09 10:43:27,3042940,304967b75945f7b4b00c87be2738e8ede148bc534d7195e7f67d7106398e4dff,TFujVDp8U578L2AtsorYN3pwdXmH2HxbQv,TMuA6YqfCeX8EhbfYEg5y7S4DqzSJireY9,1BESTCOIN,true[\n]"
12:57:24.623 [TestNG-tests-1] DEBUG org.apache.http.wire -  << "bf2a51c547a9dd3de42e1095b8ce9fef353bc871ff230f960262e25d37e8e1f1,1538911686000,2018-10-07 19:28:06,2995849,bf2a51c547a9dd3de42e1095b8ce9fef353bc871ff230f960262e25d37e8e1f1,TFujVDp8U578L2AtsorYN3pwdXmH2HxbQv,TMuA6YqfCeX8EhbfYEg5y7S4DqzSJireY9,1BESTCOIN,true[\n]"
12:57:24.623 [TestNG-tests-1] DEBUG org.apache.http.wire -  << "c458d1db0a843bd6600aede49e3d747a5e467a2ae01a77b680fb1f601d322ab7,1538658942000,2018-10-04 21:15:42,2911623,c458d1db0a843bd6600aede49e3d747a5e467a2ae01a77b680fb1f601d322ab7,TPVkcFYTEi9Dia45AveiTcaYoaU9ux7xC7,TMuA6YqfCeX8EhbfYEg5y7S4DqzSJireY9,1KsumNole,true[\n]"
12:57:24.623 [TestNG-tests-1] DEBUG org.apache.http.wire -  << "9763afb9cd28a072c87b58b09a68fbf48cfa76a8340f8a57c858c137f4e1f9a8,1538503725000,2018-10-03 02:08:45,2859899,9763afb9cd28a072c87b58b09a68fbf48cfa76a8340f8a57c858c137f4e1f9a8,THTR75o8xXAgCTQqpiot2AFRAjvW1tSbVV,TMuA6YqfCeX8EhbfYEg5y7S4DqzSJireY9,1.000000trx,true[\n]"
12:57:24.623 [TestNG-tests-1] DEBUG org.apache.http.wire -  << "3940eb5878731b06201bf176c0decf44e7864f5318363c65f7b0e800842f9dec,1538472690000,2018-10-02 17:31:30,2849558,3940eb5878731b06201bf176c0decf44e7864f5318363c65f7b0e800842f9dec,TBmbrLmLM8nvi3FmBqg5kMoTsP4wj6D3XV,TMuA6YqfCeX8EhbfYEg5y7S4DqzSJireY9,5KsumNole,true[\n]"
12:57:24.623 [TestNG-tests-1] DEBUG org.apache.http.wire -  << "70371e013ea5e30bc59d2505220fc57d2a1ced1d89783dcaaaf4731f4faafe90,1538403465000,2018-10-01 22:17:45,2826495,70371e013ea5e30bc59d2505220fc57d2a1ced1d89783dcaaaf4731f4faafe90,TSFPbwGk5KY4tZeYJTReMUvRFVRhGJxJ1V,TMuA6YqfCeX8EhbfYEg5y7S4DqzSJireY9,4REcoin,true[\n]"
12:57:24.623 [TestNG-tests-1] DEBUG org.apache.http.wire -  << "917bf1b7e914dcc7dabca262ab421b4e298a28bc7bc8c91567418481d9385279,1538403447000,2018-10-01 22:17:27,2826489,917bf1b7e914dcc7dabca262ab421b4e298a28bc7bc8c91567418481d9385279,TSFPbwGk5KY4tZeYJTReMUvRFVRhGJxJ1V,TMuA6YqfCeX8EhbfYEg5y7S4DqzSJireY9,502CommunityNodeToken,true[\n]"
12:57:24.623 [TestNG-tests-1] DEBUG org.apache.http.wire -  << "46a8f2d8a18d4e2cc4ce4e5f9eb9706031324496e2af0f6b1ca1e1ce43d82e13,1538403435000,2018-10-01 22:17:15,2826485,46a8f2d8a18d4e2cc4ce4e5f9eb9706031324496e2af0f6b1ca1e1ce43d82e13,TSFPbwGk5KY4tZeYJTReMUvRFVRhGJxJ1"
12:57:24.623 [TestNG-tests-1] DEBUG org.apache.http.wire -  << "V,TMuA6YqfCeX8EhbfYEg5y7S4DqzSJireY9,10MarcusMillichap,true[\n]"
12:57:24.623 [TestNG-tests-1] DEBUG org.apache.http.wire -  << "aa29d779a6c64442b7605dc94762d0a12e7fd238445be7b61567e4e0ff65977a,1538403426000,2018-10-01 22:17:06,2826482,aa29d779a6c64442b7605dc94762d0a12e7fd238445be7b61567e4e0ff65977a,TSFPbwGk5KY4tZeYJTReMUvRFVRhGJxJ1V,TMuA6YqfCeX8EhbfYEg5y7S4DqzSJireY9,4RingCoin,true[\n]"
12:57:24.623 [TestNG-tests-1] DEBUG org.apache.http.wire -  << "82369df97af82e473486e0da2f454657c71117b7daeccf282796d3defc68bb0d,1538403417000,2018-10-01 22:16:57,2826479,82369df97af82e473486e0da2f454657c71117b7daeccf282796d3defc68bb0d,TSFPbwGk5KY4tZeYJTReMUvRFVRhGJxJ1V,TMuA6YqfCeX8EhbfYEg5y7S4DqzSJireY9,5003WIN,true[\n]"
12:57:24.623 [TestNG-tests-1] DEBUG org.apache.http.wire -  << "36e14d8ca7b56ec4391f6ac1a9f513650f00be97463109397492b2f4aa2bbc37,1538403408000,2018-10-01 22:16:48,2826476,36e14d8ca7b56ec4391f6ac1a9f513650f00be97463109397492b2f4aa2bbc37,TSFPbwGk5KY4tZeYJTReMUvRFVRhGJxJ1V,TMuA6YqfCeX8EhbfYEg5y7S4DqzSJireY9,9IPFS,true[\n]"
12:57:24.623 [TestNG-tests-1] DEBUG org.apache.http.wire -  << "bb77eec137b877a617e23b45b6c7db8eeeac88fb1b8b33e0c0739d509b488622,1538403396000,2018-10-01 22:16:36,2826472,bb77eec137b877a617e23b45b6c7db8eeeac88fb1b8b33e0c0739d509b488622,TSFPbwGk5KY4tZeYJTReMUvRFVRhGJxJ1V,TMuA6YqfCeX8EhbfYEg5y7S4DqzSJireY9,1Durex,true[\n]"
12:57:24.623 [TestNG-tests-1] DEBUG org.apache.http.wire -  << "c180ecd6e395c75d111454ba83416efb5db210d924700dc4765c35a10793b2c4,1538403387000,2018-10-01 22:16:27,2826469,c180ecd6e395c75d111454ba83416efb5db210d924700dc4765c35a10793b2c4,TSFPbwGk5KY4tZeYJTReMUvRFVRhGJxJ1V,TMuA6YqfCeX8EhbfYEg5y7S4DqzSJireY9,3TRXTestCoin,true[\n]"
12:57:24.623 [TestNG-tests-1] DEBUG org.apache.http.wire -  << "3afa101c47e8ef345da8af6a62788594a560aece8178b1b48ee82663e8d6a64d,1538403378000,2018-10-01 22:16:18,2826466,3afa101c47e8ef345da8af6a62788594a560aece8178b1b48ee82663e8d6a64d,TSFPbwGk5KY4tZeYJTReMUvRFVRhGJxJ1V,TMuA6YqfCeX8EhbfYEg5y7S4DqzSJireY9,1Durex,true[\n]"
12:57:24.623 [TestNG-tests-1] DEBUG org.apache.http.wire -  << "9b3e45e608b111c8e8dfc337f6f334cbc748ce835762b701cc5a7cd5ed94a18d,1538403369000,2018-10-01 22:16:09,2826463,9b3e45e608b111c8e8dfc337f6f334cbc748ce835762b701cc5a7cd5ed94a18d,TSFPbwGk5KY4tZeYJTReMUvRFVRhGJxJ1V,TMuA6YqfCeX8EhbfYEg5y7S4DqzSJireY9,2BitTorrent,true[\n]"
12:57:24.623 [TestNG-tests-1] DEBUG org.apache.http.wire -  << "a13377ca4599f7eaddc74b14c2ce082708a08353761ad13f44245832943d5798,1538403360000,2018-10-01 22:16:00,2826460,a13377ca4599f7eaddc74b14c2ce082708a08353761ad13f44245832943d5798,TSFPbwGk5KY4tZeYJTReMUvRFVRhGJxJ1V,TMuA6YqfCeX8EhbfYEg5y7S4DqzSJireY9,3Messenger,true[\n]"
12:57:24.623 [TestNG-tests-1] DEBUG org.apache.http.wire -  << "a4a6ebe1b5a0d3a5e46eac5fe8d78486b2b384160c58b27249b9558c3615b864,1538403345000,2018-10-01 22:15:45,2826455,a4a6ebe1b5a0d3a5e46eac5fe8d78486b2b384160c58b27249b9558c3615b864,TSFPbwGk5KY4tZeYJTReMUvRFVRhGJxJ1V,TMuA6YqfCeX8EhbfYEg5y7S4DqzSJireY9,1IGG,true[\n]"
12:57:24.623 [TestNG-tests-1] DEBUG org.apache.http.wire -  << "7c9e3112e3a2a274e076b3c1242f5f2a3ec4b6c7e77d53de421a79cf7d3944e9,1538403336000,2018-10-01 22:15:36,2826452,7c9e3112e3a2a274e076b3c1242f5f2a3ec4b6c7e77d53de421a79cf7d3944e9,TSFPbwGk5KY4tZeYJTReMUvRFVRhGJxJ1V,TMuA6YqfCeX8EhbfYEg5y7S4DqzSJireY9,2HuobiToken,true[\n]"
12:57:24.623 [TestNG-tests-1] DEBUG org.apache.http.wire -  << "cf21ff4f93f6cb623ca7752f798c76af3accd4763d967dc8470ccbd12031a127,1538403327000,2018-10-01 22:15:27,2826449,cf21ff4f93f6cb623ca7752f798c76af3accd4763d967dc8470ccbd12031a127,TSFPbwGk5KY4tZeYJTReMUvRFVRhGJxJ1V,TMuA6YqfCeX8EhbfYEg5y7S4DqzSJireY9,1DICKS,true[\n]"
12:57:24.623 [TestNG-tests-1] DEBUG org.apache.http.wire -  << "61c76a60a7a4e5ff51280750bcf190a384d74f9e779dd7e74551aaf0c9cfd1bb,1538403318000,2018-10-01 22:15:18,2826446,61c76a60a7a4e5ff51280750bcf190a384d74f9e779dd7e74551aaf0c9cfd1bb,TSFPbwGk5KY4tZeYJTReMUvRFVRhGJxJ1V,TMuA6YqfCeX8EhbfYEg5y7S4DqzSJireY9,2NBACoin,true[\n]"
12:57:24.623 [TestNG-tests-1] DEBUG org.apache.http.wire -  << "db3912118cfbad2754eee4890e403f4c4bae47088f82a0cf7832d290291f92a6,1538403306000,2018-10-01 22:15:06,2826442,db3912118cfbad2754eee4890e403f4c4bae47088f82a0cf7832d290291f92a6,TSFPbwGk5KY4tZeYJTReMUvRFVRhGJxJ1V,TMuA6YqfCeX8EhbfYEg5y7S4DqzSJireY9,1Skypeople,true[\n]"
12:57:24.623 [TestNG-tests-1] DEBUG org.apache.http.wire -  << "b2e523ba115b7255acb33e414d684973f10118e712190a2a9415f2470ce88289,1538403294000,2018-10-01 22:14:54,2826438,b2e523ba115b7255acb33e414d684973f10118e712190a2a9415f2470ce88289,TSFPbwGk5KY4tZeYJTReMUvRFVRhGJxJ1V,TMuA6YqfCeX8EhbfYEg5y7S4DqzSJireY9,1Perogies,true[\n]"
12:57:24.623 [TestNG-tests-1] DEBUG org.apache.http.wire -  << "99ff6fe2a61034d6ac44f8d2b47f06cad19f41fab3ddfd2660db76fea39665f4,1538403285000,2018-10-01 22:14:45,2826435,99ff6fe2a61034d6ac44f8d2b47f06cad19f41fab3ddfd2660db76fea39665f4,TSFPbwGk5KY4tZeYJTReMUvRFVRhGJxJ1V,TMuA6YqfCeX8EhbfYEg5y7S4DqzSJireY9,1Bithumb,true[\n]"
12:57:24.623 [TestNG-tests-1] DEBUG org.apache.http.wire -  << "ff7c5071dda8aeb7a56f99a178d1c2b828d802d891da92e38146706078517f36,1538403270000,2018-10-01 22:14:30,2826430,ff7c5071dda8"
12:57:24.623 [TestNG-tests-1] DEBUG org.apache.http.wire -  << "aeb7a56f99a178d1c2b828d802d891da92e38146706078517f36,TSFPbwGk5KY4tZeYJTReMUvRFVRhGJxJ1V,TMuA6YqfCeX8EhbfYEg5y7S4DqzSJireY9,2binance,true[\n]"
12:57:24.623 [TestNG-tests-1] DEBUG org.apache.http.wire -  << "bacea1964fd10f95cbeafc6b534b54b28aba1f976d7c8f15caa14328f173f226,1538403261000,2018-10-01 22:14:21,2826427,bacea1964fd10f95cbeafc6b534b54b28aba1f976d7c8f15caa14328f173f226,TSFPbwGk5KY4tZeYJTReMUvRFVRhGJxJ1V,TMuA6YqfCeX8EhbfYEg5y7S4DqzSJireY9,1James,true[\n]"
12:57:24.623 [TestNG-tests-1] DEBUG org.apache.http.wire -  << "c271b9d90ec864aee88c6a4dcb3c29cd7762584d629dea0a566fd0670733d89e,1538403249000,2018-10-01 22:14:09,2826423,c271b9d90ec864aee88c6a4dcb3c29cd7762584d629dea0a566fd0670733d89e,TSFPbwGk5KY4tZeYJTReMUvRFVRhGJxJ1V,TMuA6YqfCeX8EhbfYEg5y7S4DqzSJireY9,50Dislike,true[\n]"
12:57:24.623 [TestNG-tests-1] DEBUG org.apache.http.wire -  << "5c45aca94fb4eea6e33f280fb9ebdc88dfefa46bacfcd36b0c98ccdf25957907,1538403234000,2018-10-01 22:13:54,2826418,5c45aca94fb4eea6e33f280fb9ebdc88dfefa46bacfcd36b0c98ccdf25957907,TSFPbwGk5KY4tZeYJTReMUvRFVRhGJxJ1V,TMuA6YqfCeX8EhbfYEg5y7S4DqzSJireY9,1MacCoin,true[\n]"
12:57:24.623 [TestNG-tests-1] DEBUG org.apache.http.wire -  << "54ed63b5a7236acb11860594cefd2c2eae3babbf55b42fc0ba4cc954de1950fc,1538403219000,2018-10-01 22:13:39,2826413,54ed63b5a7236acb11860594cefd2c2eae3babbf55b42fc0ba4cc954de1950fc,TSFPbwGk5KY4tZeYJTReMUvRFVRhGJxJ1V,TMuA6YqfCeX8EhbfYEg5y7S4DqzSJireY9,176Bitcoin,true[\n]"
12:57:24.623 [TestNG-tests-1] DEBUG org.apache.http.wire -  << "12960690085ed5873cb10f32c6a44f5f58e79c2256725f886cfe8c258f3c35ff,1538342940000,2018-10-01 05:29:00,2806327,12960690085ed5873cb10f32c6a44f5f58e79c2256725f886cfe8c258f3c35ff,TNUbeTQXPtRXtBX3dJboVkh"
12:57:24.623 [TestNG-tests-1] DEBUG org.apache.http.wire -  << "dhaiws29Aky,TMuA6YqfCeX8EhbfYEg5y7S4DqzSJireY9,5KiloReX,true[\n]"
12:57:24.624 [TestNG-tests-1] DEBUG org.apache.http.wire -  << "ead28aa8e00a4d770e60cc76c6fabf59e59099ff356e2254a3e7ae1e9d2661bd,1538209881000,2018-09-29 16:31:21,2761987,ead28aa8e00a4d770e60cc76c6fabf59e59099ff356e2254a3e7ae1e9d2661bd,TERG6kGZbHyWNGVwte7RMh6Pjktmor6kY5,TMuA6YqfCeX8EhbfYEg5y7S4DqzSJireY9,0.500000trx,true[\n]"
12:57:24.624 [TestNG-tests-1] DEBUG org.apache.http.wire -  << "8cc10c500d868d756ff7e9c87b3832a8593c8d657a2b5dadeffad41292bba37d,1537735464000,2018-09-24 04:44:24,2603896,8cc10c500d868d756ff7e9c87b3832a8593c8d657a2b5dadeffad41292bba37d,TPXi4SnsNJgeGD1f4qTSvghCBjunzScGJU,TMuA6YqfCeX8EhbfYEg5y7S4DqzSJireY9,1Ethereum,true[\n]"
12:57:24.624 [TestNG-tests-1] DEBUG org.apache.http.wire -  << "5825229527ee6981cc887f9103baff48afdb078a154242b9f8f89906f73434cd,1537713723000,2018-09-23 22:42:03,2596652,5825229527ee6981cc887f9103baff48afdb078a154242b9f8f89906f73434cd,TNgkWTabK1rMWwgLjmLdsZbzYfGTx5Tpe9,TMuA6YqfCeX8EhbfYEg5y7S4DqzSJireY9,1000000eFilingPlus,true[\n]"
12:57:24.624 [TestNG-tests-1] DEBUG org.apache.http.wire -  << "2be19135a8342ee3b612cb65fb75b7ed9d0b98ac19ca30cde9a34407ff563d64,1537505634000,2018-09-21 12:53:54,2527311,2be19135a8342ee3b612cb65fb75b7ed9d0b98ac19ca30cde9a34407ff563d64,TDS3zFjUa9fLVSSgaVFU2TDS5t56rDXHqa,TMuA6YqfCeX8EhbfYEg5y7S4DqzSJireY9,500Healthesurveys,true[\n]"
12:57:24.624 [TestNG-tests-1] DEBUG org.apache.http.wire -  << "e2b14dc75d1b1008b48e4dd732833e43aa553d782b64a496e3b3ac81b6e1552c,1537456281000,2018-09-20 23:11:21,2511419,e2b14dc75d1b1008b48e4dd732833e43aa553d782b64a496e3b3ac81b6e1552c,TPVkcFYTEi9Dia45AveiTcaYoaU9ux7xC7,TMuA6YqfCeX8EhbfYEg5y7S4DqzSJireY9,1KsumNole,true[\n]"
12:57:24.624 [TestNG-tests-1] DEBUG org.apache.http.wire -  << "030c59f69250e4a6a35e62c0ddb711b7e7163c8a29f9bdf31d3634f3a9d3ed52,1537440534000,2018-09-20 18:48:54,2506367,030c59f69250e4a6a35e62c0ddb711b7e7163c8a29f9bdf31d3634f3a9d3ed52,TAUN6FwrnwwmaEqYcckffC7wYmbaS6cBiX,TMuA6YqfCeX8EhbfYEg5y7S4DqzSJireY9,2798442686.397373trx,true[\n]"
12:57:24.624 [TestNG-tests-1] DEBUG org.apache.http.wire -  << "d8e4fa265931525fd5db4f2309d3d4e69a7821bbd34e427b285701287cde1514,1537251339000,2018-09-18 14:15:39,2447797,d8e4fa265931525fd5db4f2309d3d4e69a7821bbd34e427b285701287cde1514,TWrwA2htTKzBm2g8wMcBLfY1zVgkhmMPD1,TMuA6YqfCeX8EhbfYEg5y7S4DqzSJireY9,9000ATRON,true[\n]"
12:57:24.624 [TestNG-tests-1] DEBUG org.apache.http.wire -  << "3737ca0017e1d01c9269478f1bf8df043aadec9064ef227b82278fb168cb6b59,1537251144000,2018-09-18 14:12:24,2447732,3737ca0017e1d01c9269478f1bf8df043aadec9064ef227b82278fb168cb6b59,TAUN6FwrnwwmaEqYcckffC7wYmbaS6cBiX,TMuA6YqfCeX8EhbfYEg5y7S4DqzSJireY9,539802890.361927trx,true[\n]"
12:57:24.624 [TestNG-tests-1] DEBUG org.apache.http.wire -  << "32e1ffed1d51314e7a8e4f721329b405299a9a9db18c5385bd91460f4f137f6b,1537143588000,2018-09-17 08:19:48,2411892,32e1ffed1d51314e7a8e4f721329b405299a9a9db18c5385bd91460f4f137f6b,TNL7mJEMvJkfuVihSgtkhaknyTXQZPH1Dj,TMuA6YqfCeX8EhbfYEg5y7S4DqzSJireY9,1Petro,true[\n]"
12:57:24.624 [TestNG-tests-1] DEBUG org.apache.http.wire -  << "8e2fcac39b6b8fa878ec409a8b5c0ef1e562782be095ae0ee447ab4ae57482f6,1537040481000,2018-09-16 03:41:21,2377534,8e2fcac39b6b8fa878ec409a8b5c0ef1e562782be095ae0ee447ab4ae57482f6,TWfmkWdc2UVxcXrrAuut8MerPkfPbu4U7c,TMuA6YqfCeX8EhbfYEg5y7S4DqzSJireY9,1000000QTRON,true[\n]"
12:57:24.624 [TestNG-tests-1] DEBUG org.apache.http.wire -  << "51791c4a591470815c94d33eb86bff5da5b339e9217376bfc28a119a7e300837,1537038969000,2018-09-16 03:16:09,2377030,51791c4a591470815c94d33eb86bff5da5b339e9217376bfc28a119a7e300837,TWfmkWdc2UVxcXrrAuut8MerPkfPbu4U7c,TMuA6YqfCeX8EhbfYEg5y7S4DqzSJireY9,250000QTRON,true[\n]"
12:57:24.624 [TestNG-tests-1] DEBUG org.apache.http.wire -  << "24d09becc1c676395f1d11fe9a57e8cdfccd0ad118202e9bf427abf9e161d733,1536703053000,2018-09-12 05:57:33,2265109,24d09becc1c676395f1d11fe9a57e8cdfccd0ad118202e9bf427abf9e161d733,TSGLiS4fVaRENVpyJAkfxw2oAASjxbFNEJ,TMuA6YqfCeX8EhbfYEg5y7S4DqzSJireY9,1NBACoin,true[\n]"
12:57:24.624 [TestNG-tests-1] DEBUG org.apache.http.wire -  << "de80999ec5b36d45cbeffc0a12df306e7633d74c37c7d7249bf5951272dac50f,1536688419000,2018-09-12 01:53:39,2260233,de80999ec5b36d45cbeffc0a12df306e7633d74c37c7d7249bf5951272dac50f,TJQH8qi4Z3iMydw6gR5MGz6oTnWoAZ1EX1,TMuA6YqfCeX8EhbfYEg5y7S4DqzSJireY9,10TRONEX,true[\n]"
12:57:24.624 [TestNG-tests-1] DEBUG org.apache.http.wire -  << "16f5c358fa66779f04ae99ca9f68b65d59efad862d59776d24c3f1fe5d873b24,1536432756000,2018-09-09 02:52:36,2175311,16f5c358fa66779f04ae99ca9f68b65d59efad862d59776d24c3f1fe5d873b24,TXf3X8YMdDho2xwA6QDbFZiTGPnk8ghfLm,TMuA6YqfCeX8EhbfYEg5y7S4DqzSJireY9,1intrxChain,true[\n]"
12:57:24.624 [TestNG-tests-1] DEBUG org.apache.http.wire -  << "fc9673395498012aa98cd6831cfac8af5b4177f8072fc12e9d9c731381463aee,1536303927000,2018-09-07 15:05:27,2132387,fc9673395498012aa98cd6831cfac8af5b4177f8072fc12e9d9c731381463aee,TQbKAn5sDMet8YmCXBwPEC3iLumGkAGJc9,TMuA6YqfCeX8EhbfYEg5y7S4DqzSJireY9,500Seafoodcoin,true[\n]"
12:57:24.624 [TestNG-tests-1] DEBUG org.apache.http.wire -  << "df4ab4501bf3c0501a258ddab02660e89dc347f70c85839ecc3667c421d85249,1536244029000,2018-09-06 22:27:09,2112808,df4ab4501bf3c0501a258ddab02660e89dc347f70c85839ecc3667c421d85249,TFXJMhB4ZKBfcQWfCLbSyQGhonHXABaWku,TMuA6YqfCeX8EhbfYEg5y7S4DqzSJireY9,1OtonamiS,true[\n]"
12:57:24.624 [TestNG-tests-1] DEBUG org.apache.http.wire -  << "ddbfd88a8cc376c959c1bdac4b6b38bb81789f9410bd495725097f9f12f0156d,1536083181000,2018-09-05 01:46:21,2059214,ddbfd88a8cc376c959c1bdac4b6b38bb81789f9410bd495725097f9f12f0156d,TRtY8oJGwRHrWbLYgos1uWWJHA1Hvt65uw,TMuA6YqfCeX8EhbfYEg5y7S4DqzSJireY9,0.000100trx,true[\n]"
12:57:24.624 [TestNG-tests-1] DEBUG org.apache.http.wire -  << "7d5957131bc487474b38658163dfd5b7746f07d50cb78edde1d4833fc529b854,1535723046000,2018-08-31 21:44:06,1939662,7d5957131bc487474b38658163dfd5b7746f07d50cb78edde1d4833fc529b854,TRtY8oJGwRHrWbLYgos1uWWJHA1Hvt65uw,TMuA6YqfCeX8EhbfYEg5y7S4DqzSJireY9,10000DITN,true[\n]"
12:57:24.624 [TestNG-tests-1] DEBUG org.apache.http.wire -  << "64ce32e23636e54c217c376843bc316292fab1340ba0da35fef3368d3f1e5186,1535666247000,2018-08-31 05:57:27,1920822,64ce32e23636e54c217c376843bc316292fab1340ba0da35fef3368d3f1e5186,TAKFctfLwhcUwU7PPfijB35GzpPuiph2XE,TMuA6YqfCeX8EhbfYEg5y7S4DqzSJireY9,1000LOVE,true[\n]"
12:57:24.624 [TestNG-tests-1] DEBUG org.apache.http.wire -  << "a2be8bbc5fe9ed53ff5059c93a83179582494801eae74637a3e5d837f82f34dd,1535607171000,2018-08-30 13:32:51,1901136,a2be8bbc5fe9ed53ff5059c93a83179582494801eae74637a3e5d837f82f34dd,TFXJMhB4ZKBfcQWfCLbSyQGhonHXABaWku,TMuA6YqfCeX8EhbfYEg5y7S4DqzSJireY9,1000OtonamiS,true[\n]"
12:57:24.624 [TestNG-tests-1] DEBUG org.apache.http.wire -  << "bd37e213780afecc5a4ee4921c26735a5b8871d7ef8a10bfb4ea4e78c7b7141b,1535506971000,2018-08-29 09:42:51,1867748,bd37e213780afecc5a4ee4921c26735a5b8871d7ef8a10bfb4ea4e78c7b7141b,TULo"
12:57:24.624 [TestNG-tests-1] DEBUG org.apache.http.wire -  << "juQzbGRJB8Whe51E8FGmurQYc3AiiX,TMuA6YqfCeX8EhbfYEg5y7S4DqzSJireY9,10MegaTron,true[\n]"
12:57:24.624 [TestNG-tests-1] DEBUG org.apache.http.wire -  << "b73225ce1282b379ac36fa19883c45e7ff8ae5908d91bd457dd9615f96cafca8,1535280789000,2018-08-26 18:53:09,1792744,b73225ce1282b379ac36fa19883c45e7ff8ae5908d91bd457dd9615f96cafca8,TRtY8oJGwRHrWbLYgos1uWWJHA1Hvt65uw,TMuA6YqfCeX8EhbfYEg5y7S4DqzSJireY9,1DITN,true[\n]"
12:57:24.624 [TestNG-tests-1] DEBUG org.apache.http.wire -  << "891222c04a0435b29bf7cdc8428bb12fe24d7c8379b31c1b7caf217d3d7e254a,1535202591000,2018-08-25 21:09:51,1766685,891222c04a0435b29bf7cdc8428bb12fe24d7c8379b31c1b7caf217d3d7e254a,TVLhrB3TyJwqn6BCFsq3osoXZMTfBnHehb,TMuA6YqfCeX8EhbfYEg5y7S4DqzSJireY9,1TRXTestCoin,true[\n]"
12:57:24.624 [TestNG-tests-1] DEBUG org.apache.http.wire -  << "9bf2e6cb1b9a62918f13f70721bc7a9867fb809975fd5cf9c67b85bae0eb422c,1535202561000,2018-08-25 21:09:21,1766675,9bf2e6cb1b9a62918f13f70721bc7a9867fb809975fd5cf9c67b85bae0eb422c,TVLhrB3TyJwqn6BCFsq3osoXZMTfBnHehb,TMuA6YqfCeX8EhbfYEg5y7S4DqzSJireY9,1Bitcoin,true[\n]"
12:57:24.624 [TestNG-tests-1] DEBUG org.apache.http.wire -  << "9bacc754683457801d03009ca6cb5e7e61757f8f47e9d6486fc7f6ab8c26fb41,1535202528000,2018-08-25 21:08:48,1766664,9bacc754683457801d03009ca6cb5e7e61757f8f47e9d6486fc7f6ab8c26fb41,TVLhrB3TyJwqn6BCFsq3osoXZMTfBnHehb,TMuA6YqfCeX8EhbfYEg5y7S4DqzSJireY9,4REcoin,true[\n]"
12:57:24.624 [TestNG-tests-1] DEBUG org.apache.http.wire -  << "da0b5978be0713599d97eedbc383c55ced6ba6b606aab07eaab52670ff41808d,1535202492000,2018-08-25 21:08:12,1766652,da0b5978be0713599d97eedbc383c55ced6ba6b606aab07eaab52670ff41808d,TVLhrB3TyJwqn6BCFsq3osoXZMTfBnHehb,TMuA6YqfCeX8EhbfYEg5y7S4DqzSJireY9,1Skypeople,true[\n]"
12:57:24.624 [TestNG-tests-1] DEBUG org.apache.http.wire -  << "85a29021666d66b55f98ece072041b8c245e7823086a679bbae13f37d1c03022,1535202462000,2018-08-25 21:07:42,1766642,85a29021666d66b55f98ece072041b8c245e7823086a679bbae13f37d1c03022,TVLhrB3TyJwqn6BCFsq3osoXZMTfBnHehb,TMuA6YqfCeX8EhbfYEg5y7S4DqzSJireY9,103WIN,true[\n]"
12:57:24.624 [TestNG-tests-1] DEBUG org.apache.http.wire -  << "9438c133344659ff93c93d471a7eb73ec584c3cc6f2547bac8cea83af5e4f59d,1535202444000,2018-08-25 21:07:24,1766636,9438c133344659ff93c93d471a7eb73ec584c3cc6f2547bac8cea83af5e4f59d,TVLhrB3TyJwqn6BCFsq3osoXZMTfBnHehb,TMuA6YqfCeX8EhbfYEg5y7S4DqzSJireY9,1TRXTestCoin,true[\n]"
12:57:24.624 [TestNG-tests-1] DEBUG org.apache.http.wire -  << "b980c3b36700fa08c8b51373ca082c55a4a45a6e650a5398d187d926dac785c9,1535202417000,2018-08-25 21:06:57,1766627,b980c3b36700fa08c8b51373ca082c55a4a45a6e650a5398d187d926dac785c9,TVLhrB3TyJwqn6BCFsq3osoXZMTfBnHehb,TMuA6YqfCeX8EhbfYEg5y7S4DqzSJireY9,1CommunityNodeToken,true[\n]"
12:57:24.624 [TestNG-tests-1] DEBUG org.apache.http.wire -  << "a7e1b31cf544af7a4beace60534c5d5280d1d7cf896322a1bda2d8538e4ee4a5,1535202390000,2018-08-25 21:06:30,1766618,a7e1b31cf544af7a4beace60534c5d5280d1d7cf896322a1bda2d8538e4ee4a5,TVLhrB3TyJwqn6BCFsq3osoXZMTfBnHehb,TMuA6YqfCeX8EhbfYEg5y7S4DqzSJireY9,1Bitcoin,true[\n]"
12:57:24.624 [TestNG-tests-1] DEBUG org.apache.http.wire -  << "2d152663532bb9097afdd3cc726ba3219f97f399b90b30dd45decd2eb439fca7,1534913958000,2018-08-22 12:59:18,1670503,2d152663532bb9097afdd3cc726ba3219f97f399b90b30dd45decd2eb439fca7,TFMAHNTS35ZNL5Pr9XToVVekyAbE9ts65Y,TMuA6YqfCeX8EhbfYEg5y7S4DqzSJireY9,1BitTorrent,true[\n]"
12:57:24.624 [TestNG-tests-1] DEBUG org.apache.http.wire -  << "b22c63313071cd9b092b92ee08dcb758a6cd6bf05768b54d4c94d5b558deaeb0,1534913958000,2018-08-22 12:59:18,1670503,b22c63313071cd9b092b92ee08dcb758a6cd6bf05768b54d4c94d5b558deaeb0,TN93Yq91SpCtiHaLGNXq8HCJ4WsvRK5dup,TMuA6YqfCeX8EhbfYEg5y7S4DqzSJireY9,1binance,true[\n]"
12:57:24.624 [TestNG-tests-1] DEBUG org.apache.http.wire -  << "8b3a4d74169c7e5c942be847c9f01751ec4346028029491883e2c8b7a2d550fd,1534913853000,2018-08-22 12:57:33,1670468,8b3a4d74169c7e5c942be847c9f01751ec4346028029491883e2c8b7a2d550fd,TWxezzaF6Lyvh4mNVQRj9okro8hqC3LfJt,TMuA6YqfCeX8EhbfYEg5y7S4DqzSJireY9,1Skypeople,true[\n]"
12:57:24.624 [TestNG-tests-1] DEBUG org.apache.http.wire -  << "2838225f3020c5e5db4ac76215fc0b9258025a2019ed9dc1c425720c9cfad990,1534913853000,2018-08-22 12:57:33,1670468,2838225f3020c5e5db4ac76215fc0b9258025a2019ed9dc1c425720c9cfad990,TV3NmH1enpu4X5Hur8Z16eCyNymTqKXQDP,TMuA6YqfCeX8EhbfYEg5y7S4DqzSJireY9,1IPFS,true[\n]"
12:57:24.624 [TestNG-tests-1] DEBUG org.apache.http.wire -  << "b6415a20c0b79e384616d9e97cb42d086c1434570accc07ca4b6bcc146ac70de,1534913496000,2018-08-22 12:51:36,1670349,b6415a20c0b79e384616d9e97cb42d086c1434570accc07ca4b6bcc146ac70de,TMuA6YqfCeX8EhbfYEg5y7S4DqzSJireY9,TAUN6FwrnwwmaEqYcckffC7wYmbaS6cBiX,1.000000trx,true[\n]"
12:57:24.624 [TestNG-tests-1] DEBUG org.apache.http.wire -  << "c11f8e6969b3a559d9bdb6a0f9f91c091ae28b35e865d73ed3027aa9b5ea154b,1534911444000,2018-08-22 12:17:24,1669665,c11f8e6969b3a559d9bdb6a0f9f91c091ae28b35e865d73ed3027aa9b5ea154b,TAUN6FwrnwwmaEqYcckffC7wYmbaS6cBiX,TMuA6YqfCeX8EhbfYEg5y7S4DqzSJireY9,13619189000.274866trx,true[\n]"
12:57:24.624 [TestNG-tests-1] DEBUG org.apache.http.wire -  << "12f978e055fe3f0ab5bb9f6bc311bb805b08ea1638ed861703f2aca75babfac3,1533898704000,2018-08-10 18:58:24,1332821,12f978e05"
12:57:24.625 [TestNG-tests-1] DEBUG org.apache.http.wire -  << "5fe3f0ab5bb9f6bc311bb805b08ea1638ed861703f2aca75babfac3,TAUN6FwrnwwmaEqYcckffC7wYmbaS6cBiX,TMuA6YqfCeX8EhbfYEg5y7S4DqzSJireY9,28811576.136503trx,true[\n]"
12:57:24.625 [TestNG-tests-1] DEBUG org.apache.http.wire -  << "364a690727cffb719ab304f3e6f33ff0f71ecf941715d6fe7444ad44f70b1e01,1533894120"
12:57:24.625 [TestNG-tests-1] DEBUG org.apache.http.wire -  << "[\r][\n]"
12:57:24.625 [TestNG-tests-1] DEBUG org.apache.http.wire -  << "2be[\r][\n]"
12:57:24.625 [TestNG-tests-1] DEBUG org.apache.http.wire -  << "000,2018-08-10 17:42:00,1331293,364a690727cffb719ab304f3e6f33ff0f71ecf941715d6fe7444ad44f70b1e01,TRXnA3LdY5LqFatpLPpyYFYmKyJJCB3ZzR,TMuA6YqfCeX8EhbfYEg5y7S4DqzSJireY9,1bittorrent,true[\n]"
12:57:24.625 [TestNG-tests-1] DEBUG org.apache.http.wire -  << "cbbacfba986fb9cc9be7d417102b5d209ce12667f8e63d12c4a52b6ca43885fb,1533893754000,2018-08-10 17:35:54,1331171,cbbacfba986fb9cc9be7d417102b5d209ce12667f8e63d12c4a52b6ca43885fb,TMuA6YqfCeX8EhbfYEg5y7S4DqzSJireY9,TAUN6FwrnwwmaEqYcckffC7wYmbaS6cBiX,1.000000trx,true[\n]"
12:57:24.625 [TestNG-tests-1] DEBUG org.apache.http.wire -  << "74bab4e3e53ce6e9dfcf7d2d1148c2bd1ecf2e7e93a7c7662c111c8101e8dfb8,1533891705000,2018-08-10 17:01:45,1330488,74bab4e3e53ce6e9dfcf7d2d1148c2bd1ecf2e7e93a7c7662c111c8101e8dfb8,TAUN6FwrnwwmaEqYcckffC7wYmbaS6cBiX,TMuA6YqfCeX8EhbfYEg5y7S4DqzSJireY9,1.000000trx,true[\n]"
12:57:24.625 [TestNG-tests-1] DEBUG org.apache.http.wire -  << "[\r][\n]"
12:57:24.625 [TestNG-tests-1] DEBUG org.apache.http.wire -  << "0[\r][\n]"
12:57:24.625 [TestNG-tests-1] DEBUG org.apache.http.wire -  << "[\r][\n]"
12:57:24.625 [TestNG-tests-1] DEBUG org.apache.http.impl.conn.DefaultClientConnection - Connection 0.0.0.0:60924<->18.216.178.128:80 closed
12:57:24.625 [TestNG-tests-1] DEBUG org.apache.http.impl.conn.PoolingClientConnectionManager - Connection released: [id: 6][route: {}->http://apilist.tronscan.org:80][total kept alive: 0; route allocated: 0 of 80; total allocated: 0 of 100]
http://apilist.tronscan.org/api/nodemap
12:57:24.629 [TestNG-tests-1] DEBUG org.apache.http.impl.conn.PoolingClientConnectionManager - Connection request: [route: {}->http://apilist.tronscan.org:80][total kept alive: 0; route allocated: 0 of 80; total allocated: 0 of 100]
12:57:24.629 [TestNG-tests-1] DEBUG org.apache.http.impl.conn.PoolingClientConnectionManager - Connection leased: [id: 7][route: {}->http://apilist.tronscan.org:80][total kept alive: 0; route allocated: 1 of 80; total allocated: 1 of 100]
12:57:24.629 [TestNG-tests-1] DEBUG org.apache.http.impl.conn.DefaultClientConnectionOperator - Connecting to apilist.tronscan.org:80
12:57:24.912 [TestNG-tests-1] DEBUG org.apache.http.client.protocol.RequestAddCookies - CookieSpec selected: default
12:57:24.912 [TestNG-tests-1] DEBUG org.apache.http.client.protocol.RequestAuthCache - Auth cache not set in the context
12:57:24.912 [TestNG-tests-1] DEBUG org.apache.http.client.protocol.RequestTargetAuthentication - Target auth state: UNCHALLENGED
12:57:24.912 [TestNG-tests-1] DEBUG org.apache.http.client.protocol.RequestProxyAuthentication - Proxy auth state: UNCHALLENGED
12:57:24.912 [TestNG-tests-1] DEBUG org.apache.http.impl.client.DefaultHttpClient - Attempt 1 to execute request
12:57:24.912 [TestNG-tests-1] DEBUG org.apache.http.impl.conn.DefaultClientConnection - Sending request: GET /api/nodemap HTTP/1.1
12:57:24.912 [TestNG-tests-1] DEBUG org.apache.http.wire -  >> "GET /api/nodemap HTTP/1.1[\r][\n]"
12:57:24.912 [TestNG-tests-1] DEBUG org.apache.http.wire -  >> "Content-type: application/json; charset=utf-8[\r][\n]"
12:57:24.912 [TestNG-tests-1] DEBUG org.apache.http.wire -  >> "Connection: Close[\r][\n]"
12:57:24.912 [TestNG-tests-1] DEBUG org.apache.http.wire -  >> "Host: apilist.tronscan.org[\r][\n]"
12:57:24.912 [TestNG-tests-1] DEBUG org.apache.http.wire -  >> "User-Agent: Apache-HttpClient/4.5.3 (Java/1.8.0_211)[\r][\n]"
12:57:24.912 [TestNG-tests-1] DEBUG org.apache.http.wire -  >> "[\r][\n]"
12:57:24.912 [TestNG-tests-1] DEBUG org.apache.http.headers - >> GET /api/nodemap HTTP/1.1
12:57:24.912 [TestNG-tests-1] DEBUG org.apache.http.headers - >> Content-type: application/json; charset=utf-8
12:57:24.912 [TestNG-tests-1] DEBUG org.apache.http.headers - >> Connection: Close
12:57:24.912 [TestNG-tests-1] DEBUG org.apache.http.headers - >> Host: apilist.tronscan.org
12:57:24.912 [TestNG-tests-1] DEBUG org.apache.http.headers - >> User-Agent: Apache-HttpClient/4.5.3 (Java/1.8.0_211)
12:57:25.148 [TestNG-tests-1] DEBUG org.apache.http.wire -  << "HTTP/1.1 200 OK[\r][\n]"
12:57:25.148 [TestNG-tests-1] DEBUG org.apache.http.wire -  << "Server: nginx[\r][\n]"
12:57:25.148 [TestNG-tests-1] DEBUG org.apache.http.wire -  << "Date: Fri, 27 Mar 2020 04:57:25 GMT[\r][\n]"
12:57:25.148 [TestNG-tests-1] DEBUG org.apache.http.wire -  << "Content-Type: application/json[\r][\n]"
12:57:25.148 [TestNG-tests-1] DEBUG org.apache.http.wire -  << "Transfer-Encoding: chunked[\r][\n]"
12:57:25.148 [TestNG-tests-1] DEBUG org.apache.http.wire -  << "Connection: close[\r][\n]"
12:57:25.148 [TestNG-tests-1] DEBUG org.apache.http.wire -  << "Vary: Accept-Encoding[\r][\n]"
12:57:25.148 [TestNG-tests-1] DEBUG org.apache.http.wire -  << "Access-Control-Allow-Origin: *[\r][\n]"
12:57:25.148 [TestNG-tests-1] DEBUG org.apache.http.wire -  << "Access-Control-Allow-Headers: DNT,X-Mx-ReqToken,Keep-Alive,User-Agent,X-Requested-With,If-Modified-Since,Cache-Control,Content-Type,Authorization[\r][\n]"
12:57:25.148 [TestNG-tests-1] DEBUG org.apache.http.wire -  << "Access-Control-Allow-Methods: GET,POST,PUT,DELETE,OPTIONS[\r][\n]"
12:57:25.148 [TestNG-tests-1] DEBUG org.apache.http.wire -  << "X-Proxy-Cache: EXPIRED[\r][\n]"
12:57:25.148 [TestNG-tests-1] DEBUG org.apache.http.wire -  << "[\r][\n]"
12:57:25.148 [TestNG-tests-1] DEBUG org.apache.http.impl.conn.DefaultClientConnection - Receiving response: HTTP/1.1 200 OK
12:57:25.148 [TestNG-tests-1] DEBUG org.apache.http.headers - << HTTP/1.1 200 OK
12:57:25.148 [TestNG-tests-1] DEBUG org.apache.http.headers - << Server: nginx
12:57:25.148 [TestNG-tests-1] DEBUG org.apache.http.headers - << Date: Fri, 27 Mar 2020 04:57:25 GMT
12:57:25.148 [TestNG-tests-1] DEBUG org.apache.http.headers - << Content-Type: application/json
12:57:25.148 [TestNG-tests-1] DEBUG org.apache.http.headers - << Transfer-Encoding: chunked
12:57:25.148 [TestNG-tests-1] DEBUG org.apache.http.headers - << Connection: close
12:57:25.148 [TestNG-tests-1] DEBUG org.apache.http.headers - << Vary: Accept-Encoding
12:57:25.148 [TestNG-tests-1] DEBUG org.apache.http.headers - << Access-Control-Allow-Origin: *
12:57:25.148 [TestNG-tests-1] DEBUG org.apache.http.headers - << Access-Control-Allow-Headers: DNT,X-Mx-ReqToken,Keep-Alive,User-Agent,X-Requested-With,If-Modified-Since,Cache-Control,Content-Type,Authorization
12:57:25.148 [TestNG-tests-1] DEBUG org.apache.http.headers - << Access-Control-Allow-Methods: GET,POST,PUT,DELETE,OPTIONS
12:57:25.148 [TestNG-tests-1] DEBUG org.apache.http.headers - << X-Proxy-Cache: EXPIRED
http://apilist.tronscan.org/api/nodemap 请求总耗时：519 毫秒
12:57:25.149 [TestNG-tests-1] INFO tron.tronscan.api.NodeMap - code is 200
12:57:25.149 [TestNG-tests-1] DEBUG org.apache.http.wire -  << "12016[\r][\n]"
12:57:25.149 [TestNG-tests-1] DEBUG org.apache.http.wire -  << "{"total":823,"code":0,"data":[{"ip":"47.75.10.71","lat":30.2936,"lng":120.1614,"country":"China","city":"Hangzhou"},{"ip":"132.232.93.107","lat":39.9289,"lng":116.3883,"country":"China","city":""},{"ip":"173.249.25.209","lat":49.4075,"lng":11.1649,"country":"Germany","city":"Nuremberg"},{"ip":"52.194.241.102","lat":35.685,"lng":139.7514,"country":"Japan","city":"Tokyo"},{"ip":"47.90.212.178","lat":37.5507,"lng":-122.3276,"country":"United States","city":"San Mateo"},{"ip":"18.184.239.103","lat":50.1153,"lng":8.6823,"country":"Germany","city":"Frankfurt am Main"},{"ip":"87.78.8.134","lat":50.952,"lng":7.1114,"country":"Germany","city":"Bergisch Gladbach"},{"ip":"52.81.62.216","lat":39.9288,"lng":116.3889,"country":"China","city":"Beijing"},{"ip":"34.192.166.247","lat":39.0481,"lng":-77.4728,"country":"United States","city":"Ashburn"},{"ip":"47.74.57.254","lat":35.685,"lng":139.7514,"country":"Japan","city":"Tokyo"},{"ip":"35.211.209.103","lat":37.4056,"lng":-122.0775,"country":"United States","city":"Mountain View"},{"ip":"78.159.97.95","lat":51.2993,"lng":9.491,"country":"Germany","city":""},{"ip":"47.252.81.160","lat":37.5507,"lng":-122.3276,"country":"United States","city":"San Mateo"},{"ip":"94.130.51.84","lat":52.5305,"lng":13.3215,"country":"Germany","city":"Berlin"},{"ip":"23.111.226.213","lat":52.3824,"lng":4.8995,"country":"Net"
12:57:25.149 [TestNG-tests-1] DEBUG org.apache.http.wire -  << "herlands","city":""},{"ip":"221.220.248.76","lat":39.9288,"lng":116.3889,"country":"China","city":"Beijing"},{"ip":"47.244.176.205","lat":34.7725,"lng":113.7266,"country":"China","city":""},{"ip":"40.117.47.250","lat":38.7078,"lng":-78.1566,"country":"United States","city":"Washington"},{"ip":"47.91.46.33","lat":-37.8103,"lng":144.9544,"country":"Australia","city":"Melbourne"},{"ip":"47.90.242.134","lat":37.5507,"lng":-122.3276,"country":"United States","city":"San Mateo"},{"ip":"47.74.12.85","lat":35.685,"lng":139.7514,"country":"Japan","city":"Tokyo"},{"ip":"47.252.79.215","lat":37.5507,"lng":-122.3276,"country":"United States","city":"San Mateo"},{"ip":"47.75.85.151","lat":30.2936,"lng":120.1614,"country":"China","city":"Hangzhou"},{"ip":"52.49.167.229","lat":53.3331,"lng":-6.2489,"country":"Ireland","city":"Dublin"},{"ip":"84.239.4.143","lat":46,"lng":25,"country":"Romania","city":""},{"ip":"114.245.40.172","lat":39.9288,"lng":116.3889,"country":"China","city":"Beijing"},{"ip":"34.217.88.135","lat":45.8491,"lng":-119.7143,"country":"United States","city":"Boardman"},{"ip":"52.69.165.0","lat":35.685,"lng":139.7514,"country":"Japan","city":"Tokyo"},{"ip":"47.252.86.9","lat":37.5507,"lng":-122.3276,"country":"United States","city":"San Mateo"},{"ip":"203.195.200.156","lat":39.9288,"lng":116.3889,"country":"China","city":"Beijing"},{"i"
12:57:25.149 [TestNG-tests-1] DEBUG org.apache.http.wire -  << "p":"95.164.54.98","lat":50.4547,"lng":30.5238,"country":"Ukraine","city":"Kyiv"},{"ip":"47.252.85.68","lat":37.5507,"lng":-122.3276,"country":"United States","city":"San Mateo"},{"ip":"47.74.35.254","lat":35.685,"lng":139.7514,"country":"Japan","city":"Tokyo"},{"ip":"95.217.7.79","lat":60.1708,"lng":24.9375,"country":"Finland","city":""},{"ip":"54.65.186.221","lat":35.685,"lng":139.7514,"country":"Japan","city":"Tokyo"},{"ip":"136.243.8.86","lat":48.4765,"lng":7.9437999999999995,"country":"Germany","city":"Offenburg"},{"ip":"47.252.79.112","lat":37.5507,"lng":-122.3276,"country":"United States","city":"San Mateo"},{"ip":"123.112.66.71","lat":39.9288,"lng":116.3889,"country":"China","city":"Beijing"},{"ip":"47.74.147.80","lat":1.2931,"lng":103.8558,"country":"Singapore","city":"Singapore"},{"ip":"47.252.86.228","lat":37.5507,"lng":-122.3276,"country":"United States","city":"San Mateo"},{"ip":"47.252.15.36","lat":37.5507,"lng":-122.3276,"country":"United States","city":"San Mateo"},{"ip":"47.252.82.6","lat":37.5507,"lng":-122.3276,"country":"United States","city":"San Mateo"},{"ip":"18.235.42.137","lat":39.0481,"lng":-77.4728,"country":"United States","city":"Ashburn"},{"ip":"195.201.192.140","lat":51.2993,"lng":9.491,"country":"Germany","city":""},{"ip":"116.236.196.106","lat":31.0456,"lng":121.3997,"country":"China","city":""},{"ip":"4"
12:57:25.149 [TestNG-tests-1] DEBUG org.apache.http.wire -  << "7.75.55.26","lat":30.2936,"lng":120.1614,"country":"China","city":"Hangzhou"},{"ip":"18.162.119.210","lat":37.751,"lng":-97.822,"country":"United States","city":""},{"ip":"117.158.175.226","lat":34.6836,"lng":113.5325,"country":"China","city":"Zhengzhou"},{"ip":"47.75.222.145","lat":34.7725,"lng":113.7266,"country":"China","city":""},{"ip":"47.74.242.55","lat":1.2931,"lng":103.8558,"country":"Singapore","city":"Singapore"},{"ip":"18.219.206.203","lat":39.9653,"lng":-83.0235,"country":"United States","city":"Columbus"},{"ip":"111.204.176.252","lat":39.9288,"lng":116.3889,"country":"China","city":"Beijing"},{"ip":"47.252.72.195","lat":37.5507,"lng":-122.3276,"country":"United States","city":"San Mateo"},{"ip":"54.194.58.237","lat":53.3331,"lng":-6.2489,"country":"Ireland","city":"Dublin"},{"ip":"3.113.248.235","lat":35.685,"lng":139.7514,"country":"Japan","city":"Tokyo"},{"ip":"3.89.85.84","lat":39.0481,"lng":-77.4728,"country":"United States","city":"Ashburn"},{"ip":"35.196.156.131","lat":38.6582,"lng":-77.2497,"country":"United States","city":""},{"ip":"47.74.224.123","lat":1.2931,"lng":103.8558,"country":"Singapore","city":"Singapore"},{"ip":"175.176.194.81","lat":34.7725,"lng":113.7266,"country":"China","city":""},{"ip":"47.254.77.236","lat":37.5507,"lng":-122.3276,"country":"United States","city":"San Mateo"},{"ip":"13.250.36.158","lat":1.2931,"lng":103.8558,"country":"Singapore","city":"Singapore"},{"ip":"47.75.65.115","lat":30.2936,"lng":120.1614,"country":"China","city":"Hangzhou"},{"ip":"45.79.103.134","lat":37.5605,"lng":-121.9999,"country":"United States","city":"Fremont"},{"ip":"13.56.240.74","lat":37.3388,"lng":-121.8914,"country":"United States","city":"San Jose"},{"ip":"116.30.223.86","lat":22.5333,"lng":114.1333,"country":"China","city":"Shenzhen"},{"ip":"47.74.137.161","lat":1.2931,"lng":103.8558,"country":"Singapore","city":"Singapore"},{"ip":"23.96.97.10","lat":38.7078,"lng":-78.1566,"country":"United States","city":"Washington"},{"ip":"52.193.38.229","lat":35.685,"lng":139.7514,"country":"Japan","city":"Tokyo"},{"ip":"52.203.105.100","lat":39.0481,"lng":-77.4728,"country":"United States","city":"Ashburn"},{"ip":"211.55.114.214","lat":37.54,"lng":127.2056,"country":"Republic of Korea","city":"Hanam"},{"ip":"34.80.38.140","lat":37.751,"lng":-97.822,"country":"United States","city":""},{"ip":"221.223.25.209","lat":39.9288,"lng":116.3889,"country":"China","city":"Beijing"},{"ip":"78.46.104.226","lat":49.4478,"lng":11.0683,"country":"Germany","city":"Nuremberg"},{"ip":"47.91.208.128","lat":22.25,"lng":114.1667,"country":"Hong Kong","city":""},{"ip":"116.126.141.41","lat":37.5112,"lng":126.97409999999999,"country":"Republic of Korea","city":""},{"ip":"47"
12:57:25.149 [TestNG-tests-1] DEBUG org.apache.http.wire -  << ".52.199.67","lat":22.25,"lng":114.1667,"country":"Hong Kong","city":""},{"ip":"84.239.4.45","lat":46,"lng":25,"country":"Romania","city":""},{"ip":"61.140.70.221","lat":23.1167,"lng":113.25,"country":"China","city":"Guangzhou"},{"ip":"195.201.203.189","lat":51.2993,"lng":9.491,"country":"Germany","city":""},{"ip":"47.252.84.177","lat":37.5507,"lng":-122.3276,"country":"United States","city":"San Mateo"},{"ip":"123.114.41.163","lat":39.9288,"lng":116.3889,"country":"China","city":"Beijing"},{"ip":"47.252.5.142","lat":37.5507,"lng":-122.3276,"country":"United States","city":"San Mateo"},{"ip":"54.229.214.133","lat":53.3331,"lng":-6.2489,"country":"Ireland","city":"Dublin"},{"ip":"221.216.143.62","lat":40.2161,"lng":116.2347,"country":"China","city":"Changping"},{"ip":"47.90.215.84","lat":37.5507,"lng":-122.3276,"country":"United States","city":"San Mateo"},{"ip":"35.240.145.81","lat":37.4056,"lng":-122.0775,"country":"United States","city":"Mountain View"},{"ip":"78.35.59.200","lat":50.9807,"lng":6.9212,"country":"Germany","city":"Cologne"},{"ip":"159.138.21.111","lat":1.3667,"lng":103.8,"country":"Singapore","city":""},{"ip":"47.74.23.89","lat":35.685,"lng":139.7514,"country":"Japan","city":"Tokyo"},{"ip":"13.230.210.216","lat":35.685,"lng":139.7514,"country":"Japan","city":"Tokyo"},{"ip":"161.117.88.252","lat":1.2931,"lng":103.8558,"country":"Singapore","city":"Singapore"},{"ip":"51.81.110.13","lat":48.8582,"lng":2.3387000000000002,"country":"France","city":""},{"ip":"3.112.229.167","lat":35.685,"lng":139.7514,"country":"Japan","city":"Tokyo"},{"ip":"34.222.78.94","lat":45.8491,"lng":-119.7143,"country":"United States","city":"Boardman"},{"ip":"47.244.23.24","lat":34.7725,"lng":113.7266,"country":"China","city":""},{"ip":"35.202.197.40","lat":38.6582,"lng":-77.2497,"country":"United States","city":""},{"ip":"18.222.110.203","lat":39.9653,"lng":-83.0235,"country":"United States","city":"Columbus"},{"ip":"116.202.49.92","lat":51.2993,"lng":9.491,"country":"Germany","city":""},{"ip":"51.89.42.33","lat":48.8582,"lng":2.3387000000000002,"country":"France","city":""},{"ip":"35.200.16.250","lat":35,"lng":105,"country":"","city":""},{"ip":"34.253.187.192","lat":53.3331,"lng":-6.2489,"country":"Ireland","city":"Dublin"},{"ip":"13.115.40.40","lat":35.685,"lng":139.7514,"country":"Japan","city":"Tokyo"},{"ip":"47.52.143.220","lat":22.25,"lng":114.1667,"country":"Hong Kong","city":""},{"ip":"13.250.199.172","lat":1.2931,"lng":103.8558,"country":"Singapore","city":"Singapore"},{"ip":"95.217.60.92","lat":60.1708,"lng":24.9375,"country":"Finland","city":""},{"ip":"47.75.249.119","lat":34.7725,"lng":113.7266,"country":"China","city":""},{"ip":"188.166.112.17","lat":52.3529,"lng":4.9415,"country":"Netherlands","city":"Amsterdam"},{"ip":"116.202.163.45","lat":51.2993,"lng":9.491,"country":"Germany","city":""},{"ip":"1.217.154.84","lat":37.5112,"lng":126.97409999999999,"country":"Republic of Korea","city":""},{"ip":"47.252.73.30","lat":37.5507,"lng":-122.3276,"country":"United States","city":"San Mateo"},{"ip":"47.254.90.12","lat":37.5507,"lng":-122.3276,"country":"United States","city":"San Mateo"},{"ip":"116.202.66.245","lat":51.2993,"lng":9.491,"country":"Germany","city":""},{"ip":"34.219.250.86","lat":45.8491,"lng":-119.7143,"country":"United States","city":"Boardman"},{"ip":"113.87.97.51","lat":22.5333,"lng":114.1333,"country":"China","city":"Shenzhen"},{"ip":"54.251.160.241","lat":1.2931,"lng":103.8558,"country":"Singapore","city":"Singapore"},{"ip":"47.254.27.69","lat":37.5507,"lng":-122.3276,"country":"United States","city":"San Mateo"},{"ip":"114.242.34.192","lat":39.9288,"lng":116.3889,"country":"China","city":"Beijing"},{"ip":"47.252.87.110","lat":37.5507,"lng":-122.3276,"country":"United States","city":"San Mateo"},{"ip":"35.189.186.196","lat":1.3667,"lng":103.8,"country":"Singapore","city":""},{"ip":"139.162.107.72","lat":35.685,"lng":139.7514,"country":"Japan","city":"Tokyo"},{"ip":"47.74.68.95","lat":-37.8103,"lng":144.9544,"country":"Australia","city":"Melbourne"},{"ip":"54.210.150.226","lat":39.048"
12:57:25.467 [TestNG-tests-1] DEBUG org.apache.http.wire -  << "1,"lng":-77.4728,"country":"United States","city":"Ashburn"},{"ip":"188.166.102.139","lat":52.3529,"lng":4.9415,"country":"Netherlands","city":"Amsterdam"},{"ip":"34.84.28.142","lat":37.751,"lng":-97.822,"country":"United States","city":""},{"ip":"47.252.74.213","lat":37.5507,"lng":-122.3276,"country":"United States","city":"San Mateo"},{"ip":"35.180.22.225","lat":48.8628,"lng":2.3292,"country":"France","city":"Paris"},{"ip":"51.91.29.222","lat":48.8582,"lng":2.3387000000000002,"country":"France","city":""},{"ip":"47.93.41.139","lat":34.7725,"lng":113.7266,"country":"China","city":""},{"ip":"47.252.87.14","lat":37.5507,"lng":-122.3276,"country":"United States","city":"San Mateo"},{"ip":"47.244.116.112","lat":34.7725,"lng":113.7266,"country":"China","city":""},{"ip":"121.78.60.147","lat":37.5112,"lng":126.97409999999999,"country":"Republic of Korea","city":""},{"ip":"79.133.37.10","lat":51.2993,"lng":9.491,"country":"Germany","city":""},{"ip":"77.237.249.180","lat":53.4767,"lng":-2.2932,"country":"United Kingdom","city":"Manchester"},{"ip":"34.234.164.105","lat":39.0481,"lng":-77.4728,"country":"United States","city":"Ashburn"},{"ip":"172.105.226.151","lat":35.69,"lng":139.69,"country":"Japan","city":""},{"ip":"47.75.247.120","lat":34.7725,"lng":113.7266,"country":"China","city":""},{"ip":"35.231.111.25","lat":38.6582,"lng":-77.2497,"co"
12:57:25.468 [TestNG-tests-1] DEBUG org.apache.http.wire -  << "untry":"United States","city":""},{"ip":"175.125.95.45","lat":37.5112,"lng":126.97409999999999,"country":"Republic of Korea","city":""},{"ip":"47.244.167.222","lat":34.7725,"lng":113.7266,"country":"China","city":""},{"ip":"47.52.33.215","lat":22.25,"lng":114.1667,"country":"Hong Kong","city":""},{"ip":"18.184.189.43","lat":50.1153,"lng":8.6823,"country":"Germany","city":"Frankfurt am Main"},{"ip":"61.35.89.227","lat":37.5112,"lng":126.97409999999999,"country":"Republic of Korea","city":""},{"ip":"54.92.10.151","lat":35.685,"lng":139.7514,"country":"Japan","city":"Tokyo"},{"ip":"47.208.230.76","lat":38.9829,"lng":-121.0944,"country":"United States","city":"Auburn"},{"ip":"35.239.154.173","lat":37.4056,"lng":-122.0775,"country":"United States","city":"Mountain View"},{"ip":"52.60.93.14","lat":45.5,"lng":-73.5833,"country":"Canada","city":"Montreal"},{"ip":"198.245.61.88","lat":45.504,"lng":-73.5747,"country":"Canada","city":"Montreal"},{"ip":"13.113.95.52","lat":35.685,"lng":139.7514,"country":"Japan","city":"Tokyo"},{"ip":"13.113.9.16","lat":35.685,"lng":139.7514,"country":"Japan","city":"Tokyo"},{"ip":"47.75.74.31","lat":30.2936,"lng":120.1614,"country":"China","city":"Hangzhou"},{"ip":"84.239.4.142","lat":46,"lng":25,"country":"Romania","city":""},{"ip":"87.140.86.238","lat":49.352,"lng":11.3115,"country":"Germany","city":"Burgthann"},{"ip":"52.34.46.202","lat":45.8491,"lng":-119.7143,"country":"United States","city":"Boardman"},{"ip":"40.81.27.202","lat":22.2833,"lng":114.15,"country":"Hong Kong","city":"Central"},{"ip":"47.252.72.204","lat":37.5507,"lng":-122.3276,"country":"United States","city":"San Mateo"},{"ip":"3.14.143.157","lat":47.6339,"lng":-122.3476,"country":"United States","city":"Seattle"},{"ip":"18.211.100.173","lat":39.0481,"lng":-77.4728,"country":"United States","city":"Ashburn"},{"ip":"63.34.84.32","lat":53.3331,"lng":-6.2489,"country":"Ireland","city":"Dublin"},{"ip":"54.255.164.183","lat":1.2931,"lng":103.8558,"country":"Singapore","city":"Singapore"},{"ip":"95.90.218.146","lat":49.4478,"lng":11.0683,"country":"Germany","city":"Nuremberg"},{"ip":"5.135.141.51","lat":48.8582,"lng":2.3387000000000002,"country":"France","city":""},{"ip":"47.74.229.70","lat":1.2931,"lng":103.8558,"country":"Singapore","city":"Singapore"},{"ip":"35.238.48.163","lat":37.4056,"lng":-122.0775,"country":"United States","city":"Mountain View"},{"ip":"5.59.122.99","lat":55.7386,"lng":37.6068,"country":"Russia","city":""},{"ip":"176.181.191.49","lat":43.5283,"lng":5.4497,"country":"France","city":"Aix-en-Provence"},{"ip":"121.239.72.219","lat":31.3041,"lng":120.5954,"country":"China","city":"Suzhou"},{"ip":"138.201.220.222","lat":51.2993,"lng":9.491,"country":"Germany","city":""},{"ip":"95.217.60.189","lat":60.1708,"lng":24.9375,"country":"Finland","city":""},{"ip":"222.129.189.51","lat":39.9288,"lng":116.3889,"country":"China","city":"Beijing"},{"ip":"159.138.139.165","lat":1.3667,"lng":103.8,"country":"Singapore","city":""},{"ip":"123.119.219.202","lat":39.9288,"lng":116.3889,"country":"China","city":"Beijing"},{"ip":"113.111.52.189","lat":23.1167,"lng":113.25,"country":"China","city":"Guangzhou"},{"ip":"3.17.157.141","lat":39.9653,"lng":-83.0235,"country":"United States","city":"Columbus"},{"ip":"165.227.141.213","lat":50.1153,"lng":8.6823,"country":"Germany","city":"Frankfurt am Main"},{"ip":"47.91.47.161","lat":-37.8103,"lng":144.9544,"country":"Australia","city":"Melbourne"},{"ip":"52.49.59.55","lat":53.3331,"lng":-6.2489,"country":"Ireland","city":"Dublin"},{"ip":"47.244.107.126","lat":34.7725,"lng":113.7266,"country":"China","city":""},{"ip":"35.188.255.209","lat":38.6582,"lng":-77.2497,"country":"United States","city":""},{"ip":"84.239.4.56","lat":46,"lng":25,"country":"Romania","city":""},{"ip":"35.156.174.45","lat":50.1153,"lng":8.6823,"country":"Germany","city":"Frankfurt am Main"},{"ip":"52.221.184.242","lat":1.2931,"lng":103.8558,"country":"Singapore","city":"Singapore"},{"ip":"13.230.237.195","lat":35.685,"lng":139.7514,"country":"Japan","city":"Tokyo"},{"ip":"8.208.10.74","lat":51.4964"
12:57:25.468 [TestNG-tests-1] DEBUG org.apache.http.wire -  << ","lng":-0.1224,"country":"United Kingdom","city":""},{"ip":"122.225.58.181","lat":30.2936,"lng":120.1614,"country":"China","city":""},{"ip":"14.104.85.202","lat":29.5628,"lng":106.5528,"country":"China","city":"Chongqing"},{"ip":"186.212.250.43","lat":-20.6103,"lng":-40.5274,"country":"Brazil","city":"Guarapari"},{"ip":"47.254.177.126","lat":50.1153,"lng":8.6823,"country":"Germany","city":"Frankfurt am Main"},{"ip":"47.52.23.94","lat":22.2833,"lng":114.15,"country":"Hong Kong","city":"Central"},{"ip":"221.216.141.80","lat":39.9288,"lng":116.3889,"country":"China","city":"Beijing"},{"ip":"188.93.90.138","lat":41.725,"lng":44.7908,"country":"Georgia","city":"Tbilisi"},{"ip":"52.220.172.34","lat":1.2931,"lng":103.8558,"country":"Singapore","city":"Singapore"},{"ip":"34.220.77.106","lat":45.8491,"lng":-119.7143,"country":"United States","city":"Boardman"},{"ip":"47.252.81.42","lat":37.5507,"lng":-122.3276,"country":"United States","city":"San Mateo"},{"ip":"13.112.52.91","lat":35.685,"lng":139.7514,"country":"Japan","city":"Tokyo"},{"ip":"3.112.212.8","lat":35.685,"lng":139.7514,"country":"Japan","city":"Tokyo"},{"ip":"47.252.78.155","lat":37.5507,"lng":-122.3276,"country":"United States","city":"San Mateo"},{"ip":"47.252.81.120","lat":37.5507,"lng":-122.3276,"country":"United States","city":"San Mateo"},{"ip":"3.225.171.164","lat":39.0481,"lng":-77.4728,"country":"United States","city":"Ashburn"},{"ip":"119.23.30.242","lat":34.7725,"lng":113.7266,"country":"China","city":""},{"ip":"47.252.84.142","lat":37.5507,"lng":-122.3276,"country":"United States","city":"San Mateo"},{"ip":"47.90.201.118","lat":37.5507,"lng":-122.3276,"country":"United States","city":"San Mateo"},{"ip":"31.16.251.87","lat":49.88,"lng":10.8834,"country":"Germany","city":"Bamberg"},{"ip":"47.244.171.89","lat":34.7725,"lng":113.7266,"country":"China","city":""},{"ip":"88.99.55.49","lat":51.2993,"lng":9.491,"country":"Germany","city":""},{"ip":"47.90.243.77","lat":37.5507,"lng":-122.3276,"country":"United States","city":"San Mateo"},{"ip":"35.167.163.158","lat":45.8491,"lng":-119.7143,"country":"United States","city":"Boardman"},{"ip":"13.237.186.239","lat":-33.8612,"lng":151.1982,"country":"Australia","city":"Sydney"},{"ip":"114.246.64.33","lat":39.9288,"lng":116.3889,"country":"China","city":"Beijing"},{"ip":"222.240.41.165","lat":28.1792,"lng":113.1136,"country":"China","city":"Changsha"},{"ip":"52.80.250.39","lat":39.9288,"lng":116.3889,"country":"China","city":"Beijing"},{"ip":"52.193.255.15","lat":35.685,"lng":139.7514,"country":"Japan","city":"Tokyo"},{"ip":"47.252.81.135","lat":37.5507,"lng":-122.3276,"country":"United States","city":"San Mateo"},{"ip":"3.112.1.217","lat":35.685,"lng":139.7514,"country":"Japan","city":"Tokyo"},{"ip":"34.247.231.60","lat":53.3331,"lng":-6.2489,"country":"Ireland","city":"Dublin"},{"ip":"110.10.124.178","lat":37.5112,"lng":126.97409999999999,"country":"Republic of Korea","city":""},{"ip":"138.201.19.80","lat":48.5359,"lng":12.1523,"country":"Germany","city":"Landshut"},{"ip":"188.226.30.58","lat":56.8519,"lng":60.6122,"country":"Russia","city":"Yekaterinburg"},{"ip":"157.245.83.130","lat":44.0612,"lng":-123.1555,"country":"United States","city":"Eugene"},{"ip":"47.91.167.107","lat":22.25,"lng":114.1667,"country":"Hong Kong","city":""},{"ip":"39.106.124.206","lat":34.7725,"lng":113.7266,"country":"China","city":""},{"ip":"47.90.215.50","lat":37.5507,"lng":-122.3276,"country":"United States","city":"San Mateo"},{"ip":"47.88.174.175","lat":1.3667,"lng":103.8,"country":"Singapore","city":""},{"ip":"5.189.136.171","lat":49.4075,"lng":11.1649,"country":"Germany","city":"Nuremberg"},{"ip":"52.53.189.99","lat":37.3388,"lng":-121.8914,"country":"United States","city":"San Jose"},{"ip":"47.88.225.9","lat":1.3667,"lng":103.8,"country":"Singapore","city":""},{"ip":"47.252.85.111","lat":37.5507,"lng":-122.3276,"country":"United States","city":"San Mateo"},{"ip":"47.74.13.114","lat":35.685,"lng":139.7514,"country":"Japan","city":"Tokyo"},{"ip":"47.89.244.139","lat":37.5507,"lng":-122.3276,"country":"United States","city":"San Mateo"},{"ip":"47.56.153.17","lat":37.5507,"lng":-122.3276,"country":"United States","city":"San Mateo"},{"ip":"63.33.187.103","lat":53.3331,"lng":-6.2489,"country":"Ireland","city":"Dublin"},{"ip":"47.252.87.119","lat":37.5507,"lng":-122.3276,"country":"United States","city":"San Mateo"},{"ip":"47.252.81.4","lat":37.5507,"lng":-122.3276,"country":"United States","city":"San Mateo"},{"ip":"47.252.74.187","lat":37.5507,"lng":-122.3276,"country":"United States","city":"San Mateo"},{"ip":"47.252.80.96","lat":37.5507,"lng":-122.3276,"country":"United States","city":"San Mateo"},{"ip":"54.65.127.234","lat":35.685,"lng":139.7514,"country":"Japan","city":"Tokyo"},{"ip":"78.47.249.242","lat":51.2993,"lng":9.491,"country":"Germany","city":""},{"ip":"47.74.45.226","lat":35.685,"lng":139.7514,"country":"Japan","city":"Tokyo"},{"ip":"47.252.86.50","lat":37.5507,"lng":-122.3276,"country":"United States","city":"San Mateo"},{"ip":"54.188.41.116","lat":45.8491,"lng":-119.7143,"country":"United States","city":"Boardman"},{"ip":"54.178.170.139","lat":35.685,"lng":139.7514,"country":"Japan","city":"Tokyo"},{"ip":"47.245.7.111","lat":37.5507,"lng":-122.3276,"country":"United States","city":"San Mateo"},{"ip":"77.237.249.181","lat":53.4767,"lng":-2.2932,"country":"United Kingdom","city":"Manchester"},{"ip":"54.186.17.102","lat":45.8491,"lng":-119.7143,"country":"United States","city":"Boardman"},{"ip":"47.74.149.206","lat":1.2931,"lng":103.8558,"country":"Singapore","city":"Singapore"},{"ip":"47.252.4.52","lat":37.5507,"lng":-122.3276,"country":"United States","city":"San Mateo"},{"ip":"54.252.224.209","lat":-33.8591,"lng":151.2002,"country":"Australia","city":"Sydney"},{"ip":"172.104.74.24","lat":35.685,"lng":139.7514,"country":"Japan","city":"Tokyo"},{"ip":"124.205.119.183","lat":39.9288,"lng":116.3889,"country":"China","city":"Beijing"},{"ip":"47.74.226.54","lat":1.2931,"lng":103.8558,"country":"Singapore","city":"Singapore"},{"ip":"47.100.237.26","lat":34.7725,"lng":113.7266,"country":"China","city":""},{"ip":"47.252.87.28","lat":37.5507,"lng":-122.3276,"country":"United States","city":"San Mateo"},{"ip":"47.88.171.106","lat":1.3667,"lng":103.8,"country":"Singapore","city":""},{"ip":"192.169.81.142","lat":32.7781,"lng":-96.8054,"country":"United States","city":"Dallas"},{"ip":"13.211.103.140","lat":-33.8612,"lng":151.1982,"country":"Australia","city":"Sydney"},{"ip":"47.252.72.116","lat":37.5507,"lng":-122.3276,"country":"United States","city":"San Mateo"},{"ip":"47.75.250.34","lat":34.7725,"lng":113.7266,"country":"China","city":""},{"ip":"47.91.17.89","lat":35.685,"lng":139.7514,"country":"Japan","city":"Tokyo"},{"ip":"84.17.54.31","lat":43.1479,"lng":12.1097,"country":"Italy","city":""},{"ip":"47.90.214.240","lat":37.5507,"lng":-122.3276,"country":"United States","city":"San Mateo"},{"ip":"47.89.189.124","lat":38.6582,"lng":-77.2497,"country":"United States","city":""},{"ip":"47.89.242.50","lat":37.5507,"lng":-122.3276,"country":"United States","city":"San Mateo"},{"ip":"139.129.100.95","lat":34.7725,"lng":113.7266,"country":"China","city":""},{"ip":"114.245.37.71","lat":39.9288,"lng":116.3889,"country":"China","city":"Beijing"},{"ip":"47.252.84.110","lat":37.5507,"lng":-122.3276,"country":"United States","city":"San Mateo"},{"ip":"3.122.60.103","lat":50.1153,"lng":8.6823,"country":"Germany","city":"Frankfurt am Main"},{"ip":"162.243.169.71","lat":40.7939,"lng":-74.0258,"country":"United States","city":"North Bergen"},{"ip":"47.74.241.160","lat":1.2931,"lng":103.8558,"country":"Singapore","city":"Singapore"},{"ip":"213.167.79.43","lat":51.4964,"lng":-0.1224,"country":"United Kingdom","city":""},{"ip":"34.222.185.204","lat":45.8491,"lng":-119.7143,"country":"United States","city":"Boardman"},{"ip":"139.162.44.250","lat":1.3667,"lng":103.8,"country":"Singapore","city":""},{"ip":"39.106.81.60","lat":34.7725,"lng":113.7266,"country":"China","city":""},{"ip":"203.86.195.208","lat":-36.8485,"lng":174.7635,"country":"New Zealand","city":"Auckland"},{"ip":"47.91.93.160","lat":50.1153,"lng":8.6823,"
12:57:25.773 [TestNG-tests-1] DEBUG org.apache.http.wire -  << ""country":"Germany","city":"Frankfurt am Main"},{"ip":"52.205.255.249","lat":39.0481,"lng":-77.4728,"country":"United States","city":"Ashburn"},{"ip":"47.90.248.204","lat":37.5507,"lng":-122.3276,"country":"United States","city":"San Mateo"},{"ip":"62.244.31.34","lat":50.4547,"lng":30.5238,"country":"Ukraine","city":"Kyiv"},{"ip":"35.157.103.87","lat":50.1153,"lng":8.6823,"country":"Germany","city":"Frankfurt am Main"},{"ip":"8.208.16.168","lat":51.4964,"lng":-0.1224,"country":"United Kingdom","city":""},{"ip":"176.9.114.218","lat":51.2993,"lng":9.491,"country":"Germany","city":""},{"ip":"221.221.166.162","lat":39.9288,"lng":116.3889,"country":"China","city":"Beijing"},{"ip":"52.194.6.24","lat":35.685,"lng":139.7514,"country":"Japan","city":"Tokyo"},{"ip":"54.168.61.99","lat":35.685,"lng":139.7514,"country":"Japan","city":"Tokyo"},{"ip":"50.225.198.67","lat":37.751,"lng":-97.822,"country":"United States","city":""},{"ip":"47.90.254.215","lat":37.5507,"lng":-122.3276,"country":"United States","city":"San Mateo"},{"ip":"47.75.245.225","lat":34.7725,"lng":113.7266,"country":"China","city":""},{"ip":"78.47.148.214","lat":48.7667,"lng":9.1833,"country":"Germany","city":"Stuttgart"},{"ip":"47.75.72.96","lat":30.2936,"lng":120.1614,"country":"China","city":"Hangzhou"},{"ip":"122.180.31.37","lat":31.3256,"lng":75.5792,"country":"India","city":"
12:57:25.774 [TestNG-tests-1] DEBUG org.apache.http.wire -  << ""Jalandhar"},{"ip":"47.252.80.3","lat":37.5507,"lng":-122.3276,"country":"United States","city":"San Mateo"},{"ip":"52.194.51.86","lat":35.685,"lng":139.7514,"country":"Japan","city":"Tokyo"},{"ip":"47.52.96.110","lat":22.25,"lng":114.1667,"country":"Hong Kong","city":""},{"ip":"47.252.80.127","lat":37.5507,"lng":-122.3276,"country":"United States","city":"San Mateo"},{"ip":"47.252.81.33","lat":37.5507,"lng":-122.3276,"country":"United States","city":"San Mateo"},{"ip":"116.202.36.121","lat":51.2993,"lng":9.491,"country":"Germany","city":""},{"ip":"47.251.48.82","lat":37.5507,"lng":-122.3276,"country":"United States","city":"San Mateo"},{"ip":"34.229.135.7","lat":39.0481,"lng":-77.4728,"country":"United States","city":"Ashburn"},{"ip":"46.241.23.52","lat":55.0411,"lng":82.9344,"country":"Russia","city":"Novosibirsk"},{"ip":"95.216.226.216","lat":60.1708,"lng":24.9375,"country":"Finland","city":""},{"ip":"51.178.23.19","lat":48.8582,"lng":2.3387000000000002,"country":"France","city":""},{"ip":"110.10.124.23","lat":37.5112,"lng":126.97409999999999,"country":"Republic of Korea","city":""},{"ip":"121.78.223.194","lat":37.5112,"lng":126.97409999999999,"country":"Republic of Korea","city":""},{"ip":"119.23.35.152","lat":34.7725,"lng":113.7266,"country":"China","city":""},{"ip":"18.218.155.40","lat":39.9653,"lng":-83.0235,"country":"United States","city":"Columbus"},{"ip":"124.78.139.72","lat":31.0456,"lng":121.3997,"country":"China","city":"Shanghai"},{"ip":"47.75.149.223","lat":34.7725,"lng":113.7266,"country":"China","city":""},{"ip":"84.239.4.144","lat":46,"lng":25,"country":"Romania","city":""},{"ip":"94.130.255.100","lat":51.2993,"lng":9.491,"country":"Germany","city":""},{"ip":"47.252.86.155","lat":37.5507,"lng":-122.3276,"country":"United States","city":"San Mateo"},{"ip":"47.254.77.146","lat":37.5507,"lng":-122.3276,"country":"United States","city":"San Mateo"},{"ip":"3.123.30.188","lat":50.1153,"lng":8.6823,"country":"Germany","city":"Frankfurt am Main"},{"ip":"198.27.81.12","lat":45.504,"lng":-73.5747,"country":"Canada","city":"Montreal"},{"ip":"87.79.249.201","lat":50.9925,"lng":7.0537,"country":"Germany","city":"Cologne"},{"ip":"52.14.121.81","lat":39.9653,"lng":-83.0235,"country":"United States","city":"Columbus"},{"ip":"47.252.81.247","lat":37.5507,"lng":-122.3276,"country":"United States","city":"San Mateo"},{"ip":"54.179.140.253","lat":1.2931,"lng":103.8558,"country":"Singapore","city":"Singapore"},{"ip":"13.229.45.38","lat":1.2931,"lng":103.8558,"country":"Singapore","city":"Singapore"},{"ip":"84.239.4.146","lat":46,"lng":25,"country":"Romania","city":""},{"ip":"221.216.143.3","lat":40.2161,"lng":116.2347,"country":"China","city":"Changping"},{"ip":"47.90"
12:57:25.775 [TestNG-tests-1] DEBUG org.apache.http.wire -  << ".4.90","lat":22.25,"lng":114.1667,"country":"Hong Kong","city":""},{"ip":"47.97.191.190","lat":34.7725,"lng":113.7266,"country":"China","city":""},{"ip":"54.190.48.8","lat":45.8491,"lng":-119.7143,"country":"United States","city":"Boardman"},{"ip":"54.215.171.76","lat":37.3388,"lng":-121.8914,"country":"United States","city":"San Jose"},{"ip":"52.79.141.216","lat":37.4536,"lng":126.7317,"country":"Republic of Korea","city":"Incheon"},{"ip":"183.194.169.8","lat":31.2351,"lng":121.5276,"country":"China","city":"Pudong"},{"ip":"123.112.71.100","lat":39.9288,"lng":116.3889,"country":"China","city":"Beijing"},{"ip":"125.33.196.105","lat":39.9288,"lng":116.3889,"country":"China","city":"Beijing"},{"ip":"35.188.5.73","lat":38.6582,"lng":-77.2497,"country":"United States","city":""},{"ip":"195.201.179.235","lat":51.2993,"lng":9.491,"country":"Germany","city":""},{"ip":"211.40.152.98","lat":37.5112,"lng":126.97409999999999,"country":"Republic of Korea","city":""},{"ip":"37.232.106.139","lat":42,"lng":43.5,"country":"Georgia","city":""},{"ip":"54.219.129.100","lat":37.3388,"lng":-121.8914,"country":"United States","city":"San Jose"},{"ip":"45.72.168.142","lat":43.6872,"lng":-79.3368,"country":"Canada","city":"Toronto"},{"ip":"167.99.115.61","lat":40.8344,"lng":-74.1377,"country":"United States","city":"Clifton"},{"ip":"47.90.252.11","lat":37.5507,"lng":-122.3276,"country":"United States","city":"San Mateo"},{"ip":"72.194.202.71","lat":33.6951,"lng":-117.8224,"country":"United States","city":"Irvine"},{"ip":"3.95.203.98","lat":39.0481,"lng":-77.4728,"country":"United States","city":"Ashburn"},{"ip":"172.104.103.63","lat":35.685,"lng":139.7514,"country":"Japan","city":"Tokyo"},{"ip":"47.88.92.246","lat":37.5507,"lng":-122.3276,"country":"United States","city":"San Mateo"},{"ip":"52.199.219.216","lat":35.685,"lng":139.7514,"country":"Japan","city":"Tokyo"},{"ip":"13.210.151.5","lat":-33.8612,"lng":151.1982,"country":"Australia","city":"Sydney"},{"ip":"207.126.127.114","lat":37.751,"lng":-97.822,"country":"United States","city":""},{"ip":"47.245.0.115","lat":37.5507,"lng":-122.3276,"country":"United States","city":"San Mateo"},{"ip":"47.52.129.128","lat":22.25,"lng":114.1667,"country":"Hong Kong","city":""},{"ip":"47.95.110.104","lat":34.7725,"lng":113.7266,"country":"China","city":""},{"ip":"51.255.85.155","lat":48.8582,"lng":2.3387000000000002,"country":"France","city":""},{"ip":"47.90.244.251","lat":37.5507,"lng":-122.3276,"country":"United States","city":"San Mateo"},{"ip":"47.74.8.52","lat":35.685,"lng":139.7514,"country":"Japan","city":"Tokyo"},{"ip":"35.229.239.143","lat":35,"lng":105,"country":"","city":""},{"ip":"47.74.41.160","lat":35.685,"lng":139.7514,"country":"Japan","city":"Tokyo"},{"ip":"47.252.1.169","lat":37.5507,"lng":-122.3276,"country":"United States","city":"San Mateo"},{"ip":"47.88.172.95","lat":1.3667,"lng":103.8,"country":"Singapore","city":""},{"ip":"52.76.230.131","lat":1.2931,"lng":103.8558,"country":"Singapore","city":"Singapore"},{"ip":"123.118.137.70","lat":39.9288,"lng":116.3889,"country":"China","city":"Beijing"},{"ip":"18.231.88.120","lat":-23.5733,"lng":-46.6417,"country":"Brazil","city":"S[0xc3][0xa3]o Paulo"},{"ip":"13.58.143.127","lat":39.9653,"lng":-83.0235,"country":"United States","city":"Columbus"},{"ip":"54.149.166.77","lat":45.8491,"lng":-119.7143,"country":"United States","city":"Boardman"},{"ip":"13.82.80.22","lat":38.7078,"lng":-78.1566,"country":"United States","city":"Washington"},{"ip":"52.69.249.5","lat":35.685,"lng":139.7514,"country":"Japan","city":"Tokyo"},{"ip":"95.217.84.143","lat":60.1708,"lng":24.9375,"country":"Finland","city":""},{"ip":"123.118.143.81","lat":39.9288,"lng":116.3889,"country":"China","city":"Beijing"},{"ip":"47.75.114.11","lat":25.0389,"lng":102.7183,"country":"China","city":"Kunming"},{"ip":"54.84.134.162","lat":39.0481,"lng":-77.4728,"country":"United States","city":"Ashburn"},{"ip":"54.232.225.66","lat":-23.5733,"lng":-46.6417,"country":"Brazil","city":"S[0xc3][0xa3]o Paulo"},{"ip":"54.95.35.11","lat":35.685,"lng":139.7514,"country":"Japan","city":"Tokyo"},{"ip":"18.182.120.69","lat":35.685,"lng":139.7514,"country":"Japan","city":"Tokyo"},{"ip":"47.252.84.58","lat":37.5507,"lng":-122.3276,"country":"United States","city":"San Mateo"},{"ip":"35.154.204.119","lat":18.975,"lng":72.8258,"country":"India","city":"Mumbai"},{"ip":"47.75.246.83","lat":34.7725,"lng":113.7266,"country":"China","city":""},{"ip":"81.169.194.160","lat":52.5167,"lng":13.4,"country":"Germany","city":"Berlin"},{"ip":"8.208.10.62","lat":51.4964,"lng":-0.1224,"country":"United Kingdom","city":""},{"ip":"171.88.58.191","lat":30.6667,"lng":104.0667,"country":"China","city":"Chengdu"},{"ip":"121.78.223.165","lat":37.5112,"lng":126.97409999999999,"country":"Republic of Korea","city":""},{"ip":"38.142.72.82","lat":37.7974,"lng":-122.4001,"country":"United States","city":"San Francisco"},{"ip":"47.254.79.0","lat":37.5507,"lng":-122.3276,"country":"United States","city":"San Mateo"},{"ip":"47.88.60.225","lat":37.5507,"lng":-122.3276,"country":"United States","city":"San Mateo"},{"ip":"81.169.250.245","lat":52.5167,"lng":13.4,"country":"Germany","city":"Berlin"},{"ip":"211.172.248.226","lat":37.5112,"lng":126.97409999999999,"country":"Republic of Korea","city":""},{"ip":"52.13.203.98","lat":45.8491,"lng":-119.7143,"country":"United States","city":"Boardman"},{"ip":"88.99.216.100","lat":51.2993,"lng":9.491,"country":"Germany","city":""},{"ip":"47.75.128.222","lat":39.9288,"lng":116.3889,"country":"China","city":"Beijing"},{"ip":"120.236.213.239","lat":23.1167,"lng":113.25,"country":"China","city":"Guangzhou"},{"ip":"144.76.168.164","lat":48.837,"lng":9.227,"country":"Germany","city":"Stuttgart"},{"ip":"3.133.126.15","lat":37.751,"lng":-97.822,"country":"United States","city":""},{"ip":"18.216.91.69","lat":39.9653,"lng":-83.0235,"country":"United States","city":"Columbus"},{"ip":"88.99.171.132","lat":51.2993,"lng":9.491,"country":"Germany","city":""},{"ip":"47.244.157.65","lat":34.7725,"lng":113.7266,"country":"China","city":""},{"ip":"47.74.240.136","lat":1.2931,"lng":103.8558,"country":"Singapore","city":"Singapore"},{"ip":"47.89.178.46","lat":38.6582,"lng":-77.2497,"country":"United States","city":""},{"ip":"123.116.58.65","lat":39.9288,"lng":116.3889,"country":"China","city":"Beijing"},{"ip":"54.212.244.155","lat":45.8491,"lng":-119.7143,"country":"United States","city":"Boardman"},{"ip":"18.228.15.36","lat":-23.5733,"lng":-46.6417,"country":"Brazil","city":"S[0xc3][0xa3]o Paulo"},{"ip":"54.180.146.193","lat":37.4536,"lng":126.7317,"country":"Republic of Korea","city":"Incheon"},{"ip":"114.252.57.195","lat":39.9288,"lng":116.3889,"country":"China","city":"Beijing"},{"ip":"14.104.86.110","lat":29.5628,"lng":106.5528,"country":"China","city":"Chongqing"},{"ip":"34.250.7.238","lat":53.3331,"lng":-6.2489,"country":"Ireland","city":"Dublin"},{"ip":"3.13.104.43","lat":47.6339,"lng":-122.3476,"country":"United States","city":"Seattle"},{"ip":"52.8.16.107","lat":37.3388,"lng":-121.8914,"country":"United States","city":"San Jose"},{"ip":"78.34.234.170","lat":50.9124,"lng":6.9108,"country":"Germany","city":"Cologne"},{"ip":"47.75.77.31","lat":30.2936,"lng":120.1614,"country":"China","city":"Hangzhou"},{"ip":"3.1.37.76","lat":1.2931,"lng":103.8558,"country":"Singapore","city":"Singapore"},{"ip":"159.138.237.167","lat":1.3667,"lng":103.8,"country":"Singapore","city":""},{"ip":"3.217.133.209","lat":39.0481,"lng":-77.4728,"country":"United States","city":"Ashburn"},{"ip":"47.74.158.126","lat":1.2931,"lng":103.8558,"country":"Singapore","city":"Singapore"},{"ip":"47.252.84.158","lat":37.5507,"lng":-122.3276,"country":"United States","city":"San Mateo"},{"ip":"47.252.83.225","lat":37.5507,"lng":-122.3276,"country":"United States","city":"San Mateo"},{"ip":"52.18.41.216","lat":53.3331,"lng":-6.2489,"country":"Ireland","city":"Dublin"},{"ip":"192.99.18.197","lat":45.504,"lng":-73.5747,"country":"Canada","city":"Montreal"},{"ip":"35.240.160.120","lat":37.4056,"lng":-122.0775,"country":"United States","city":"Mountain View"},{"ip":"13.115.105.184","lat":35.685,"lng":139.7514,"country":"Japan","city":"Tokyo"},{"ip""
12:57:25.775 [TestNG-tests-1] DEBUG org.apache.http.wire -  << ":"47.75.91.185","lat":30.2936,"lng":120.1614,"country":"China","city":"Hangzhou"},{"ip":"13.115.114.177","lat":35.685,"lng":139.7514,"country":"Japan","city":"Tokyo"},{"ip":"47.252.79.172","lat":37.5507,"lng":-122.3276,"country":"United States","city":"San Mateo"},{"ip":"78.46.85.77","lat":51.3643,"lng":6.4186,"country":"Germany","city":"Kempen"},{"ip":"47.52.204.244","lat":22.25,"lng":114.1667,"country":"Hong Kong","city":""},{"ip":"47.52.151.120","lat":22.25,"lng":114.1667,"country":"Hong Kong","city":""},{"ip":"116.247.85.182","lat":31.0456,"lng":121.3997,"country":"China","city":"Shanghai"},{"ip":"114.244.64.248","lat":39.9288,"lng":116.3889,"country":"China","city":"Beijing"},{"ip":"95.217.38.143","lat":60.1708,"lng":24.9375,"country":"Finland","city":""},{"ip":"47.88.55.12","lat":37.5507,"lng":-122.3276,"country":"United States","city":"San Mateo"},{"ip":"59.40.181.22","lat":22.5333,"lng":114.1333,"country":"China","city":"Shenzhen"},{"ip":"54.67.48.14","lat":37.3388,"lng":-121.8914,"country":"United States","city":"San Jose"},{"ip":"47.254.71.253","lat":37.5507,"lng":-122.3276,"country":"United States","city":"San Mateo"},{"ip":"148.251.77.50","lat":51.2993,"lng":9.491,"country":"Germany","city":""},{"ip":"114.252.37.5","lat":39.9288,"lng":116.3889,"country":"China","city":"Beijing"},{"ip":"18.144.52.67","lat":37.3388,"lng":-121"
12:57:26.009 [TestNG-tests-1] DEBUG org.apache.http.wire -  << ".8914,"country":"United States","city":"San Jose"},{"ip":"47.252.85.150","lat":37.5507,"lng":-122.3276,"country":"United States","city":"San Mateo"},{"ip":"161.117.14.191","lat":1.2931,"lng":103.8558,"country":"Singapore","city":"Singapore"},{"ip":"47.252.84.209","lat":37.5507,"lng":-122.3276,"country":"United States","city":"San Mateo"},{"ip":"13.230.213.15","lat":35.685,"lng":139.7514,"country":"Japan","city":"Tokyo"},{"ip":"13.58.173.138","lat":39.9653,"lng":-83.0235,"country":"United States","city":"Columbus"},{"ip":"96.75.78.227","lat":26.5254,"lng":-80.061,"country":"United States","city":"Boynton Beach"},{"ip":"192.169.81.106","lat":32.7781,"lng":-96.8054,"country":"United States","city":"Dallas"},{"ip":"34.253.195.23","lat":53.3331,"lng":-6.2489,"country":"Ireland","city":"Dublin"},{"ip":"67.188.159.187","lat":37.5507,"lng":-122.3276,"country":"United States","city":"San Mateo"},{"ip":"47.252.80.97","lat":37.5507,"lng":-122.3276,"country":"United States","city":"San Mateo"},{"ip":"35.180.51.163","lat":48.8628,"lng":2.3292,"country":"France","city":"Paris"},{"ip":"148.251.42.172","lat":51.2993,"lng":9.491,"country":"Germany","city":""},{"ip":"35.175.245.180","lat":39.0481,"lng":-77.4728,"country":"United States","city":"Ashburn"},{"ip":"123.118.132.138","lat":39.9288,"lng":116.3889,"country":"China","city":"Beijing"},{"ip":"47.52.131.181","lat":22.25,"lng":114.1667,"country":"Hong Kong","city":""},{"ip":"13.124.62.58","lat":37.4536,"lng":126.7317,"country":"Republic of Korea","city":"Incheon"},{"ip":"116.202.84.155","lat":51.2993,"lng":9.491,"country":"Germany","city":""},{"ip":"47.88.218.199","lat":1.3667,"lng":103.8,"country":"Singapore","city":""},{"ip":"47.244.227.242","lat":34.7725,"lng":113.7266,"country":"China","city":""},{"ip":"47.52.234.156","lat":22.25,"lng":114.1667,"country":"Hong Kong","city":""},{"ip":"3.17.87.137","lat":39.9653,"lng":-83.0235,"country":"United States","city":"Columbus"},{"ip":"13.58.84.128","lat":39.9653,"lng":-83.0235,"country":"United States","city":"Columbus"},{"ip":"3.120.164.60","lat":50.1153,"lng":8.6823,"country":"Germany","city":"Frankfurt am Main"},{"ip":"54.236.37.243","lat":39.0481,"lng":-77.4728,"country":"United States","city":"Ashburn"},{"ip":"210.180.64.165","lat":37.5112,"lng":126.97409999999999,"country":"Republic of Korea","city":""},{"ip":"54.169.215.233","lat":1.2931,"lng":103.8558,"country":"Singapore","city":"Singapore"},{"ip":"47.252.87.12","lat":37.5507,"lng":-122.3276,"country":"United States","city":"San Mateo"},{"ip":"47.252.84.148","lat":37.5507,"lng":-122.3276,"country":"United States","city":"San Mateo"},{"ip":"14.104.84.21","lat":29.5628,"lng":106.5528,"country":"China","city":"Chongqing"},{"ip":"
12:57:26.009 [TestNG-tests-1] DEBUG org.apache.http.wire -  << ""3.113.1.47","lat":35.685,"lng":139.7514,"country":"Japan","city":"Tokyo"},{"ip":"116.30.223.222","lat":22.5333,"lng":114.1333,"country":"China","city":"Shenzhen"},{"ip":"39.106.200.147","lat":34.7725,"lng":113.7266,"country":"China","city":""},{"ip":"47.254.77.211","lat":37.5507,"lng":-122.3276,"country":"United States","city":"San Mateo"},{"ip":"8.209.76.216","lat":1.2931,"lng":103.8558,"country":"Singapore","city":"Singapore"},{"ip":"47.244.148.130","lat":34.7725,"lng":113.7266,"country":"China","city":""},{"ip":"2.25.127.77","lat":51.3743,"lng":0.4569,"country":"United Kingdom","city":"Rochester"},{"ip":"13.209.44.12","lat":37.4536,"lng":126.7317,"country":"Republic of Korea","city":"Incheon"},{"ip":"47.252.80.146","lat":37.5507,"lng":-122.3276,"country":"United States","city":"San Mateo"},{"ip":"51.38.62.207","lat":48.8582,"lng":2.3387000000000002,"country":"France","city":""},{"ip":"18.205.198.145","lat":39.0481,"lng":-77.4728,"country":"United States","city":"Ashburn"},{"ip":"18.221.34.0","lat":39.9653,"lng":-83.0235,"country":"United States","city":"Columbus"},{"ip":"136.243.23.101","lat":51.2993,"lng":9.491,"country":"Germany","city":""},{"ip":"173.212.246.158","lat":49.4075,"lng":11.1649,"country":"Germany","city":"Nuremberg"},{"ip":"54.255.149.139","lat":1.2931,"lng":103.8558,"country":"Singapore","city":"Singapore"},{"ip":"136.243.22.211","lat":51.2993,"lng":9.491,"country":"Germany","city":""},{"ip":"47.74.49.108","lat":35.685,"lng":139.7514,"country":"Japan","city":"Tokyo"},{"ip":"116.30.220.31","lat":22.5333,"lng":114.1333,"country":"China","city":"Shenzhen"},{"ip":"47.75.34.114","lat":30.2936,"lng":120.1614,"country":"China","city":"Hangzhou"},{"ip":"54.246.251.57","lat":53.3331,"lng":-6.2489,"country":"Ireland","city":"Dublin"},{"ip":"35.180.18.107","lat":48.8628,"lng":2.3292,"country":"France","city":"Paris"},{"ip":"84.239.4.55","lat":46,"lng":25,"country":"Romania","city":""},{"ip":"3.85.74.168","lat":39.0481,"lng":-77.4728,"country":"United States","city":"Ashburn"},{"ip":"59.6.135.38","lat":37.5985,"lng":126.9783,"country":"Republic of Korea","city":"Seoul"},{"ip":"13.231.232.28","lat":35.685,"lng":139.7514,"country":"Japan","city":"Tokyo"},{"ip":"124.135.82.117","lat":36.0986,"lng":120.3719,"country":"China","city":""},{"ip":"221.216.140.151","lat":39.9288,"lng":116.3889,"country":"China","city":"Beijing"},{"ip":"54.189.114.239","lat":45.8491,"lng":-119.7143,"country":"United States","city":"Boardman"},{"ip":"3.122.1.117","lat":50.1153,"lng":8.6823,"country":"Germany","city":"Frankfurt am Main"},{"ip":"47.74.66.5","lat":-37.8103,"lng":144.9544,"country":"Australia","city":"Melbourne"},{"ip":"13.125.241.235","lat":37.4536,"lng":126.7317,"country"
12:57:26.010 [TestNG-tests-1] DEBUG org.apache.http.wire -  << "":"Republic of Korea","city":"Incheon"},{"ip":"47.74.45.220","lat":35.685,"lng":139.7514,"country":"Japan","city":"Tokyo"},{"ip":"45.33.98.93","lat":33.749,"lng":-84.388,"country":"United States","city":"Atlanta"},{"ip":"47.90.240.187","lat":37.5507,"lng":-122.3276,"country":"United States","city":"San Mateo"},{"ip":"47.244.1.101","lat":34.7725,"lng":113.7266,"country":"China","city":""},{"ip":"52.207.82.43","lat":39.0481,"lng":-77.4728,"country":"United States","city":"Ashburn"},{"ip":"47.56.138.197","lat":37.5507,"lng":-122.3276,"country":"United States","city":"San Mateo"},{"ip":"13.127.47.162","lat":18.975,"lng":72.8258,"country":"India","city":"Mumbai"},{"ip":"116.30.221.132","lat":22.5333,"lng":114.1333,"country":"China","city":"Shenzhen"},{"ip":"47.244.175.79","lat":34.7725,"lng":113.7266,"country":"China","city":""},{"ip":"47.56.66.205","lat":37.5507,"lng":-122.3276,"country":"United States","city":"San Mateo"},{"ip":"47.74.45.99","lat":35.685,"lng":139.7514,"country":"Japan","city":"Tokyo"},{"ip":"52.15.142.111","lat":39.9653,"lng":-83.0235,"country":"United States","city":"Columbus"},{"ip":"52.170.3.24","lat":38.7078,"lng":-78.1566,"country":"United States","city":"Washington"},{"ip":"8.208.8.242","lat":51.4964,"lng":-0.1224,"country":"United Kingdom","city":""},{"ip":"180.168.38.190","lat":31.0456,"lng":121.3997,"country":"C"
12:57:26.010 [TestNG-tests-1] DEBUG org.apache.http.wire -  << "hina","city":""},{"ip":"49.34.4.251","lat":23.0333,"lng":72.6167,"country":"India","city":"Ahmedabad"},{"ip":"88.198.219.156","lat":51.2993,"lng":9.491,"country":"Germany","city":""},{"ip":"221.122.37.82","lat":39.9288,"lng":116.3889,"country":"China","city":"Beijing"},{"ip":"193.203.209.37","lat":52.2394,"lng":21.0362,"country":"Poland","city":""},{"ip":"221.221.149.24","lat":39.9288,"lng":116.3889,"country":"China","city":"Beijing"},{"ip":"47.52.112.68","lat":22.25,"lng":114.1667,"country":"Hong Kong","city":""},{"ip":"197.80.61.20","lat":-29,"lng":24,"country":"South Africa","city":""},{"ip":"54.180.105.50","lat":37.4536,"lng":126.7317,"country":"Republic of Korea","city":"Incheon"},{"ip":"116.30.223.95","lat":22.5333,"lng":114.1333,"country":"China","city":"Shenzhen"},{"ip":"52.215.155.205","lat":53.3331,"lng":-6.2489,"country":"Ireland","city":"Dublin"},{"ip":"116.202.84.160","lat":51.2993,"lng":9.491,"country":"Germany","city":""},{"ip":"54.84.137.17","lat":39.0481,"lng":-77.4728,"country":"United States","city":"Ashburn"},{"ip":"35.198.194.63","lat":35,"lng":105,"country":"","city":""},{"ip":"35.194.113.178","lat":38.6582,"lng":-77.2497,"country":"United States","city":""},{"ip":"54.39.100.82","lat":45.504,"lng":-73.5747,"country":"Canada","city":"Montreal"},{"ip":"47.74.38.144","lat":35.685,"lng":139.7514,"country":"Japan","cit"
12:57:26.010 [TestNG-tests-1] DEBUG org.apache.http.wire -  << "y":"Tokyo"},{"ip":"47.88.92.153","lat":37.5507,"lng":-122.3276,"country":"United States","city":"San Mateo"},{"ip":"47.89.185.49","lat":38.6582,"lng":-77.2497,"country":"United States","city":""},{"ip":"147.92.134.101","lat":35.69,"lng":139.69,"country":"Japan","city":""},{"ip":"5.254.14.130","lat":51.2993,"lng":9.491,"country":"Germany","city":""},{"ip":"34.219.74.9","lat":45.8491,"lng":-119.7143,"country":"United States","city":"Boardman"},{"ip":"51.255.82.158","lat":48.8582,"lng":2.3387000000000002,"country":"France","city":""},{"ip":"3.135.247.193","lat":37.751,"lng":-97.822,"country":"United States","city":""},{"ip":"13.231.28.5","lat":35.685,"lng":139.7514,"country":"Japan","city":"Tokyo"},{"ip":"95.217.38.79","lat":60.1708,"lng":24.9375,"country":"Finland","city":""},{"ip":"34.207.184.82","lat":39.0481,"lng":-77.4728,"country":"United States","city":"Ashburn"},{"ip":"114.249.230.198","lat":39.9288,"lng":116.3889,"country":"China","city":"Beijing"},{"ip":"47.92.120.210","lat":34.7725,"lng":113.7266,"country":"China","city":""},{"ip":"31.204.151.62","lat":52.3824,"lng":4.8995,"country":"Netherlands","city":""},{"ip":"47.244.125.36","lat":34.7725,"lng":113.7266,"country":"China","city":""},{"ip":"47.89.183.28","lat":38.6582,"lng":-77.2497,"country":"United States","city":""},{"ip":"54.86.5.92","lat":39.0481,"lng":-77.4728,"country""
12:57:26.011 [TestNG-tests-1] DEBUG org.apache.http.wire -  << ":"United States","city":"Ashburn"},{"ip":"47.75.1.69","lat":30.2936,"lng":120.1614,"country":"China","city":"Hangzhou"},{"ip":"116.126.141.40","lat":37.5112,"lng":126.97409999999999,"country":"Republic of Korea","city":""},{"ip":"47.252.84.249","lat":37.5507,"lng":-122.3276,"country":"United States","city":"San Mateo"},{"ip":"37.97.241.240","lat":52.3824,"lng":4.8995,"country":"Netherlands","city":""},{"ip":"47.75.95.250","lat":30.2936,"lng":120.1614,"country":"China","city":"Hangzhou"},{"ip":"47.75.38.234","lat":30.2936,"lng":120.1614,"country":"China","city":"Hangzhou"},{"ip":"47.91.19.201","lat":35.685,"lng":139.7514,"country":"Japan","city":"Tokyo"},{"ip":"47.252.87.234","lat":37.5507,"lng":-122.3276,"country":"United States","city":"San Mateo"},{"ip":"47.91.250.233","lat":22.25,"lng":114.1667,"country":"Hong Kong","city":""},{"ip":"1.234.18.162","lat":37.5112,"lng":126.97409999999999,"country":"Republic of Korea","city":""},{"ip":"116.203.83.50","lat":51.2993,"lng":9.491,"country":"Germany","city":""},{"ip":"47.252.17.31","lat":37.5507,"lng":-122.3276,"country":"United States","city":"San Mateo"},{"ip":"175.125.95.44","lat":37.5112,"lng":126.97409999999999,"country":"Republic of Korea","city":""},{"ip":"54.255.220.165","lat":1.2931,"lng":103.8558,"country":"Singapore","city":"Singapore"},{"ip":"18.196.31.149","lat":50.1153,"lng":8.6823,"country":"Germany","city":"Frankfurt am Main"},{"ip":"47.244.15.65","lat":34.7725,"lng":113.7266,"country":"China","city":""},{"ip":"47.88.32.164","lat":37.5507,"lng":-122.3276,"country":"United States","city":"San Mateo"},{"ip":"3.15.195.39","lat":47.6339,"lng":-122.3476,"country":"United States","city":"Seattle"},{"ip":"47.56.98.136","lat":37.5507,"lng":-122.3276,"country":"United States","city":"San Mateo"},{"ip":"221.216.140.181","lat":39.9288,"lng":116.3889,"country":"China","city":"Beijing"},{"ip":"47.90.243.148","lat":37.5507,"lng":-122.3276,"country":"United States","city":"San Mateo"},{"ip":"47.254.82.21","lat":37.5507,"lng":-122.3276,"country":"United States","city":"San Mateo"},{"ip":"52.81.134.103","lat":39.9288,"lng":116.3889,"country":"China","city":"Beijing"},{"ip":"47.254.157.51","lat":50.1153,"lng":8.6823,"country":"Germany","city":"Frankfurt am Main"},{"ip":"47.96.84.237","lat":34.7725,"lng":113.7266,"country":"China","city":""},{"ip":"3.113.37.169","lat":35.685,"lng":139.7514,"country":"Japan","city":"Tokyo"},{"ip":"95.216.46.146","lat":60.1708,"lng":24.9375,"country":"Finland","city":""},{"ip":"47.252.81.153","lat":37.5507,"lng":-122.3276,"country":"United States","city":"San Mateo"},{"ip":"47.245.3.27","lat":37.5507,"lng":-122.3276,"country":"United States","city":"San Mateo"},{"ip":"18.209.42.127","lat":39."
12:57:26.011 [TestNG-tests-1] DEBUG org.apache.http.wire -  << "0481,"lng":-77.4728,"country":"United States","city":"Ashburn"},{"ip":"47.245.7.0","lat":37.5507,"lng":-122.3276,"country":"United States","city":"San Mateo"},{"ip":"47.52.72.231","lat":22.25,"lng":114.1667,"country":"Hong Kong","city":""},{"ip":"18.234.198.237","lat":39.0481,"lng":-77.4728,"country":"United States","city":"Ashburn"},{"ip":"114.250.190.144","lat":39.9288,"lng":116.3889,"country":"China","city":"Beijing"},{"ip":"112.115.89.98","lat":25.0389,"lng":102.7183,"country":"China","city":"Kunming"},{"ip":"47.88.107.156","lat":37.5507,"lng":-122.3276,"country":"United States","city":"San Mateo"},{"ip":"35.247.54.10","lat":37.4056,"lng":-122.0775,"country":"United States","city":"Mountain View"},{"ip":"47.52.59.134","lat":22.25,"lng":114.1667,"country":"Hong Kong","city":""},{"ip":"13.59.117.30","lat":39.9653,"lng":-83.0235,"country":"United States","city":"Columbus"},{"ip":"18.224.157.94","lat":39.9653,"lng":-83.0235,"country":"United States","city":"Columbus"},{"ip":"47.244.2.12","lat":34.7725,"lng":113.7266,"country":"China","city":""},{"ip":"34.237.210.82","lat":39.0481,"lng":-77.4728,"country":"United States","city":"Ashburn"},{"ip":"13.229.204.204","lat":1.2931,"lng":103.8558,"country":"Singapore","city":"Singapore"},{"ip":"47.88.152.194","lat":1.3667,"lng":103.8,"country":"Singapore","city":""},{"ip":"18.178.190.176","lat""
12:57:26.110 [TestNG-tests-1] DEBUG org.apache.http.wire -  << ":37.751,"lng":-97.822,"country":"United States","city":""},{"ip":"18.188.130.235","lat":39.9653,"lng":-83.0235,"country":"United States","city":"Columbus"},{"ip":"35.229.97.88","lat":38.6582,"lng":-77.2497,"country":"United States","city":""},{"ip":"52.211.201.64","lat":53.3331,"lng":-6.2489,"country":"Ireland","city":"Dublin"},{"ip":"47.90.189.19","lat":37.5507,"lng":-122.3276,"country":"United States","city":"San Mateo"},{"ip":"47.90.208.225","lat":37.5507,"lng":-122.3276,"country":"United States","city":"San Mateo"},{"ip":"221.221.146.3","lat":39.9288,"lng":116.3889,"country":"China","city":"Beijing"},{"ip":"88.99.235.240","lat":51.2993,"lng":9.491,"country":"Germany","city":""},{"ip":"54.199.173.73","lat":35.685,"lng":139.7514,"country":"Japan","city":"Tokyo"},{"ip":"116.126.141.156","lat":37.5112,"lng":126.97409999999999,"country":"Republic of Korea","city":""},{"ip":"52.56.56.149","lat":51.5161,"lng":-0.0949,"country":"United Kingdom","city":"London"},{"ip":"47.252.80.2","lat":37.5507,"lng":-122.3276,"country":"United States","city":"San Mateo"},{"ip":"47.89.241.233","lat":37.5507,"lng":-122.3276,"country":"United States","city":"San Mateo"},{"ip":"46.4.80.152","lat":51.2993,"lng":9.491,"country":"Germany","city":""},{"ip":"3.10.70.76","lat":51.5161,"lng":-0.0949,"country":"United Kingdom","city":"London"},{"ip":"47.254.30.23","l"
12:57:26.242 [TestNG-tests-1] DEBUG org.apache.http.wire -  << "at":37.5507,"lng":-122.3276,"country":"United States","city":"San Mateo"},{"ip":"13.231.7.142","lat":35.685,"lng":139.7514,"country":"Japan","city":"Tokyo"},{"ip":"3.17.154.212","lat":39.9653,"lng":-83.0235,"country":"United States","city":"Columbus"},{"ip":"54.219.124.55","lat":37.3388,"lng":-121.8914,"country":"United States","city":"San Jose"},{"ip":"35.182.37.246","lat":45.5,"lng":-73.5833,"country":"Canada","city":"Montreal"},{"ip":"14.25.181.22","lat":23.0268,"lng":113.1315,"country":"China","city":"Foshan"},{"ip":"133.186.209.26","lat":35.69,"lng":139.69,"country":"Japan","city":""},{"ip":"78.94.80.14","lat":51.1958,"lng":6.4387,"country":"Germany","city":"M[0xc3][0xb6]nchengladbach"},{"ip":"52.197.6.219","lat":35.685,"lng":139.7514,"country":"Japan","city":"Tokyo"},{"ip":"54.77.196.250","lat":53.3331,"lng":-6.2489,"country":"Ireland","city":"Dublin"},{"ip":"139.162.98.218","lat":35.685,"lng":139.7514,"country":"Japan","city":"Tokyo"},{"ip":"54.164.152.238","lat":39.0481,"lng":-77.4728,"country":"United States","city":"Ashburn"},{"ip":"34.221.216.234","lat":45.8491,"lng":-119.7143,"country":"United States","city":"Boardman"},{"ip":"52.78.142.102","lat":37.4536,"lng":126.7317,"country":"Republic of Korea","city":"Incheon"},{"ip":"34.229.135.162","lat":39.0481,"lng":-77.4728,"country":"United States","city":"Ashburn"},{"ip":"3.15.211.254",""
12:57:26.243 [TestNG-tests-1] DEBUG org.apache.http.wire -  << "lat":47.6339,"lng":-122.3476,"country":"United States","city":"Seattle"},{"ip":"18.188.138.199","lat":39.9653,"lng":-83.0235,"country":"United States","city":"Columbus"},{"ip":"18.194.1.163","lat":50.1153,"lng":8.6823,"country":"Germany","city":"Frankfurt am Main"},{"ip":"84.239.4.54","lat":46,"lng":25,"country":"Romania","city":""},{"ip":"95.217.44.228","lat":60.1708,"lng":24.9375,"country":"Finland","city":""},{"ip":"13.229.116.101","lat":1.2931,"lng":103.8558,"country":"Singapore","city":"Singapore"},{"ip":"35.196.18.104","lat":38.6582,"lng":-77.2497,"country":"United States","city":""},{"ip":"115.68.139.93","lat":37.5112,"lng":126.97409999999999,"country":"Republic of Korea","city":""},{"ip":"52.14.106.221","lat":39.9653,"lng":-83.0235,"country":"United States","city":"Columbus"},{"ip":"47.74.189.232","lat":1.2931,"lng":103.8558,"country":"Singapore","city":"Singapore"},{"ip":"47.252.84.22","lat":37.5507,"lng":-122.3276,"country":"United States","city":"San Mateo"},{"ip":"47.252.81.102","lat":37.5507,"lng":-122.3276,"country":"United States","city":"San Mateo"},{"ip":"34.229.207.211","lat":39.0481,"lng":-77.4728,"country":"United States","city":"Ashburn"},{"ip":"3.89.186.252","lat":39.0481,"lng":-77.4728,"country":"United States","city":"Ashburn"},{"ip":"3.218.137.187","lat":39.0481,"lng":-77.4728,"country":"United States","city":""
12:57:26.243 [TestNG-tests-1] DEBUG org.apache.http.wire -  << "Ashburn"},{"ip":"47.90.189.194","lat":37.5507,"lng":-122.3276,"country":"United States","city":"San Mateo"},{"ip":"84.239.4.44","lat":46,"lng":25,"country":"Romania","city":""},{"ip":"47.252.81.126","lat":37.5507,"lng":-122.3276,"country":"United States","city":"San Mateo"},{"ip":"185.137.233.109","lat":55.7386,"lng":37.6068,"country":"Russia","city":""},{"ip":"3.93.211.154","lat":39.0481,"lng":-77.4728,"country":"United States","city":"Ashburn"},{"ip":"39.106.126.15","lat":34.7725,"lng":113.7266,"country":"China","city":""},{"ip":"31.16.251.123","lat":49.88,"lng":10.8834,"country":"Germany","city":"Bamberg"},{"ip":"54.37.81.146","lat":48.8582,"lng":2.3387000000000002,"country":"France","city":""},{"ip":"47.52.25.99","lat":22.25,"lng":114.1667,"country":"Hong Kong","city":""},{"ip":"121.78.223.199","lat":37.5112,"lng":126.97409999999999,"country":"Republic of Korea","city":""},{"ip":"3.91.183.116","lat":39.0481,"lng":-77.4728,"country":"United States","city":"Ashburn"},{"ip":"52.88.109.192","lat":45.8491,"lng":-119.7143,"country":"United States","city":"Boardman"},{"ip":"51.159.1.14","lat":48.8628,"lng":2.3292,"country":"France","city":"Paris"},{"ip":"47.95.206.44","lat":34.7725,"lng":113.7266,"country":"China","city":""},{"ip":"13.231.214.84","lat":35.685,"lng":139.7514,"country":"Japan","city":"Tokyo"},{"ip":"138.201.200.145","lat":5"
12:57:26.243 [TestNG-tests-1] DEBUG org.apache.http.wire -  << "1.2993,"lng":9.491,"country":"Germany","city":""},{"ip":"52.50.149.227","lat":53.3331,"lng":-6.2489,"country":"Ireland","city":"Dublin"},{"ip":"13.64.98.72","lat":37.3388,"lng":-121.8914,"country":"United States","city":"San Jose"},{"ip":"35.231.235.152","lat":38.6582,"lng":-77.2497,"country":"United States","city":""},{"ip":"114.249.217.103","lat":39.9288,"lng":116.3889,"country":"China","city":"Beijing"},{"ip":"167.99.48.52","lat":40.8344,"lng":-74.1377,"country":"United States","city":"Clifton"},{"ip":"18.185.211.233","lat":50.1153,"lng":8.6823,"country":"Germany","city":"Frankfurt am Main"},{"ip":"54.251.149.203","lat":1.2931,"lng":103.8558,"country":"Singapore","city":"Singapore"},{"ip":"54.183.106.63","lat":37.3388,"lng":-121.8914,"country":"United States","city":"San Jose"},{"ip":"221.215.255.49","lat":36.0986,"lng":120.3719,"country":"China","city":""},{"ip":"54.65.179.69","lat":35.685,"lng":139.7514,"country":"Japan","city":"Tokyo"},{"ip":"98.6.88.174","lat":30.2713,"lng":-97.7426,"country":"United States","city":"Austin"},{"ip":"88.198.11.55","lat":49.4478,"lng":11.0683,"country":"Germany","city":"Nuremberg"},{"ip":"47.75.211.242","lat":34.7725,"lng":113.7266,"country":"China","city":""},{"ip":"37.15.62.115","lat":41.4667,"lng":2.0833,"country":"Spain","city":"Sant Cugat del Vall[0xc3][0xa8]s"},{"ip":"52.31.177.139","lat":53.3331,"lng""
12:57:26.244 [TestNG-tests-1] DEBUG org.apache.http.wire -  << ":-6.2489,"country":"Ireland","city":"Dublin"},{"ip":"54.248.14.3","lat":35.685,"lng":139.7514,"country":"Japan","city":"Tokyo"},{"ip":"52.195.7.114","lat":35.685,"lng":139.7514,"country":"Japan","city":"Tokyo"},{"ip":"47.90.250.85","lat":37.5507,"lng":-122.3276,"country":"United States","city":"San Mateo"},{"ip":"13.59.165.215","lat":39.9653,"lng":-83.0235,"country":"United States","city":"Columbus"},{"ip":"54.248.214.183","lat":35.685,"lng":139.7514,"country":"Japan","city":"Tokyo"},{"ip":"47.74.243.212","lat":1.2931,"lng":103.8558,"country":"Singapore","city":"Singapore"},{"ip":"147.135.130.117","lat":48.8582,"lng":2.3387000000000002,"country":"France","city":""},{"ip":"52.77.207.160","lat":1.2931,"lng":103.8558,"country":"Singapore","city":"Singapore"},{"ip":"94.23.23.90","lat":48.8582,"lng":2.3387000000000002,"country":"France","city":""},{"ip":"121.162.106.114","lat":37.5781,"lng":126.9351,"country":"Republic of Korea","city":"Seodaemun-gu"},{"ip":"47.254.153.119","lat":50.1153,"lng":8.6823,"country":"Germany","city":"Frankfurt am Main"},{"ip":"35.245.148.159","lat":37.4056,"lng":-122.0775,"country":"United States","city":"Mountain View"},{"ip":"116.228.82.26","lat":31.0456,"lng":121.3997,"country":"China","city":""},{"ip":"54.95.165.18","lat":35.685,"lng":139.7514,"country":"Japan","city":"Tokyo"},{"ip":"175.125.94.87","lat":37.5"
12:57:26.244 [TestNG-tests-1] DEBUG org.apache.http.wire -  << "112,"lng":126.97409999999999,"country":"Republic of Korea","city":""},{"ip":"35.208.122.10","lat":37.4056,"lng":-122.0775,"country":"United States","city":"Mountain View"},{"ip":"50.16.137.159","lat":39.0481,"lng":-77.4728,"country":"United States","city":"Ashburn"},{"ip":"47.75.163.60","lat":34.7725,"lng":113.7266,"country":"China","city":""},{"ip":"47.89.244.105","lat":37.5507,"lng":-122.3276,"country":"United States","city":"San Mateo"},{"ip":"35.180.81.133","lat":48.8628,"lng":2.3292,"country":"France","city":"Paris"},{"ip":"47.75.108.130","lat":30.2936,"lng":120.1614,"country":"China","city":"Hangzhou"},{"ip":"95.216.94.29","lat":60.1708,"lng":24.9375,"country":"Finland","city":""},{"ip":"52.60.187.83","lat":45.5,"lng":-73.5833,"country":"Canada","city":"Montreal"},{"ip":"3.123.227.163","lat":50.1153,"lng":8.6823,"country":"Germany","city":"Frankfurt am Main"},{"ip":"47.90.3.192","lat":22.25,"lng":114.1667,"country":"Hong Kong","city":""},{"ip":"47.252.3.198","lat":37.5507,"lng":-122.3276,"country":"United States","city":"San Mateo"},{"ip":"47.113.117.81","lat":34.7725,"lng":113.7266,"country":"China","city":""},{"ip":"84.239.4.57","lat":46,"lng":25,"country":"Romania","city":""},{"ip":"47.252.84.240","lat":37.5507,"lng":-122.3276,"country":"United States","city":"San Mateo"},{"ip":"35.159.8.92","lat":50.1153,"lng":8.6823,"country"
12:57:26.245 [TestNG-tests-1] DEBUG org.apache.http.wire -  << "":"Germany","city":"Frankfurt am Main"},{"ip":"222.129.45.222","lat":39.9288,"lng":116.3889,"country":"China","city":"Beijing"},{"ip":"13.57.24.141","lat":37.3388,"lng":-121.8914,"country":"United States","city":"San Jose"},{"ip":"51.91.48.126","lat":48.8582,"lng":2.3387000000000002,"country":"France","city":""},{"ip":"39.96.60.235","lat":34.7725,"lng":113.7266,"country":"China","city":""},{"ip":"18.185.118.71","lat":50.1153,"lng":8.6823,"country":"Germany","city":"Frankfurt am Main"},{"ip":"93.115.27.148","lat":56,"lng":24,"country":"Republic of Lithuania","city":""},{"ip":"221.219.114.43","lat":40.2161,"lng":116.2347,"country":"China","city":"Changping"},{"ip":"51.81.104.234","lat":48.8582,"lng":2.3387000000000002,"country":"France","city":""},{"ip":"47.75.220.27","lat":34.7725,"lng":113.7266,"country":"China","city":""},{"ip":"18.196.99.16","lat":50.1153,"lng":8.6823,"country":"Germany","city":"Frankfurt am Main"},{"ip":"110.10.124.179","lat":37.5112,"lng":126.97409999999999,"country":"Republic of Korea","city":""},{"ip":"52.50.87.197","lat":53.3331,"lng":-6.2489,"country":"Ireland","city":"Dublin"},{"ip":"111.118.241.98","lat":22.7167,"lng":75.8333,"country":"India","city":"Indore"},{"ip":"47.91.254.182","lat":22.25,"lng":114.1667,"country":"Hong Kong","city":""},{"ip":"188.93.90.3","lat":41.725,"lng":44.7908,"country":"Georgia","c"
12:57:26.245 [TestNG-tests-1] DEBUG org.apache.http.wire -  << "ity":"Tbilisi"},{"ip":"149.202.210.187","lat":48.8582,"lng":2.3387000000000002,"country":"France","city":""},{"ip":"125.71.194.79","lat":30.6667,"lng":104.0667,"country":"China","city":""},{"ip":"47.252.84.74","lat":37.5507,"lng":-122.3276,"country":"United States","city":"San Mateo"},{"ip":"47.90.101.134","lat":22.25,"lng":114.1667,"country":"Hong Kong","city":""},{"ip":"34.217.50.16","lat":45.8491,"lng":-119.7143,"country":"United States","city":"Boardman"},{"ip":"47.75.249.4","lat":34.7725,"lng":113.7266,"country":"China","city":""},{"ip":"47.104.176.206","lat":34.7725,"lng":113.7266,"country":"China","city":""},{"ip":"52.63.185.80","lat":-33.8612,"lng":151.1982,"country":"Australia","city":"Sydney"},{"ip":"192.99.233.75","lat":45.504,"lng":-73.5747,"country":"Canada","city":"Montreal"},{"ip":"47.252.85.13","lat":37.5507,"lng":-122.3276,"country":"United States","city":"San Mateo"},{"ip":"39.105.21.3","lat":34.7725,"lng":113.7266,"country":"China","city":""},{"ip":"13.231.243.223","lat":35.685,"lng":139.7514,"country":"Japan","city":"Tokyo"},{"ip":"34.217.206.144","lat":45.8491,"lng":-119.7143,"country":"United States","city":"Boardman"},{"ip":"211.196.247.201","lat":37.5112,"lng":126.97409999999999,"country":"Republic of Korea","city":""},{"ip":"221.221.144.227","lat":39.9288,"lng":116.3889,"country":"China","city":"Beijing"},{"ip":"47.252.80.220","lat":37.5507,"lng":-122.3276,"country":"United States","city":"San Mateo"},{"ip":"47.75.193.143","lat":34.7725,"lng":113.7266,"country":"China","city":""},{"ip":"114.249.178.114","lat":39.9288,"lng":116.3889,"country":"China","city":"Beijing"},{"ip":"13.124.185.219","lat":37.4536,"lng":126.7317,"country":"Republic of Korea","city":"Incheon"},{"ip":"60.205.215.34","lat":34.7725,"lng":113.7266,"country":"China","city":""},{"ip":"35.178.11.0","lat":51.5161,"lng":-0.0949,"country":"United Kingdom","city":"London"},{"ip":"47.52.254.128","lat":22.25,"lng":114.1667,"country":"Hong Kong","city":""},{"ip":"185.111.218.120","lat":55.7522,"lng":37.6156,"country":"Russia","city":"Moscow"},{"ip":"173.255.212.68","lat":37.5605,"lng":-121.9999,"country":"United States","city":"Fremont"},{"ip":"34.220.147.126","lat":45.8491,"lng":-119.7143,"country":"United States","city":"Boardman"},{"ip":"47.254.83.165","lat":37.5507,"lng":-122.3276,"country":"United States","city":"San Mateo"},{"ip":"47.245.6.111","lat":37.5507,"lng":-122.3276,"country":"United States","city":"San Mateo"},{"ip":"52.47.129.140","lat":48.8628,"lng":2.3292,"country":"France","city":"Paris"},{"ip":"35.194.202.219","lat":35,"lng":105,"country":"","city":""},{"ip":"47.52.108.145","lat":22.25,"lng":114.1667,"country":"Hong Kong","city":""},{"ip":"47.245.55.18","lat":37.5"
12:57:26.344 [TestNG-tests-1] DEBUG org.apache.http.wire -  << "507,"lng":-122.3276,"country":"United States","city":"San Mateo"},{"ip":"153.99.179.189","lat":32.0617,"lng":118.7778,"country":"China","city":""},{"ip":"18.229.43.112","lat":-23.5733,"lng":-46.6417,"country":"Brazil","city":"S[0xc3][0xa3]o Paulo"},{"ip":"35.183.101.7","lat":45.5,"lng":-73.5833,"country":"Canada","city":"Montreal"},{"ip":"52.39.119.104","lat":45.8491,"lng":-119.7143,"country":"United States","city":"Boardman"},{"ip":"3.115.19.254","lat":35.685,"lng":139.7514,"country":"Japan","city":"Tokyo"},{"ip":"14.52.231.208","lat":37.5985,"lng":126.9783,"country":"Republic of Korea","city":"Seoul"},{"ip":"47.241.24.176","lat":37.5507,"lng":-122.3276,"country":"United States","city":"San Mateo"},{"ip":"47.90.201.112","lat":37.5507,"lng":-122.3276,"country":"United States","city":"San Mateo"},{"ip":"211.72.175.250","lat":25.0478,"lng":121.5318,"country":"Taiwan","city":"Taipei"},{"ip":"52.78.55.111","lat":37.4536,"lng":126.7317,"country":"Republic of Korea","city":"Incheon"},{"ip":"118.190.244.143","lat":34.7725,"lng":113.7266,"country":"China","city":""},{"ip":"170.106.38.144","lat":1.3667,"lng":103.8,"country":"Singapore","city":""},{"ip":"47.57.20.47","lat":37.5507,"lng":-122.3276,"country":"United States","city":"San Mateo"},{"ip":"115.231.100.100","lat":30.2936,"lng":120.1614,"country":"China","city":""},{"ip":"47.74.35.73","lat":35.685,"
12:57:26.344 [TestNG-tests-1] DEBUG org.apache.http.wire -  << ""lng":139.7514,"country":"Japan","city":"Tokyo"},{"ip":"54.226.40.207","lat":39.0481,"lng":-77.4728,"country":"United States","city":"Ashburn"},{"ip":"78.35.155.206","lat":51.0307,"lng":6.9898,"country":"Germany","city":"Leverkusen"},{"ip":"47.252.86.18","lat":37.5507,"lng":-122.3276,"country":"United States","city":"San Mateo"},{"ip":"47.90.201.181","lat":37.5507,"lng":-122.3276,"country":"United States","city":"San Mateo"},{"ip":"84.239.4.145","lat":46,"lng":25,"country":"Romania","city":""},{"ip":"5.196.119.138","lat":48.8582,"lng":2.3387000000000002,"country":"France","city":""},{"ip":"79.137.68.33","lat":52.2394,"lng":21.0362,"country":"Poland","city":""},{"ip":"77.237.249.182","lat":53.4767,"lng":-2.2932,"country":"United Kingdom","city":"Manchester"},{"ip":"47.52.157.251","lat":22.25,"lng":114.1667,"country":"Hong Kong","city":""},{"ip":"145.239.245.185","lat":51.2993,"lng":9.491,"country":"Germany","city":""},{"ip":"52.15.93.92","lat":39.9653,"lng":-83.0235,"country":"United States","city":"Columbus"},{"ip":"220.76.92.67","lat":37.5985,"lng":126.9783,"country":"Republic of Korea","city":"Seoul"},{"ip":"78.35.232.150","lat":50.98,"lng":6.2705,"country":"Germany","city":"Linnich"},{"ip":"51.68.119.188","lat":48.8582,"lng":2.3387000000000002,"country":"France","city":""},{"ip":"35.182.229.162","lat":45.5,"lng":-73.5833,"country":"Canada","city":"Montreal"},{"ip":"217.197.121.250","lat":55.7522,"lng":37.6156,"country":"Russia","city":"Moscow"},{"ip":"47.91.42.70","lat":-37.8103,"lng":144.9544,"country":"Australia","city":"Melbourne"},{"ip":"14.104.80.72","lat":29.5628,"lng":106.5528,"country":"China","city":"Chongqing"},{"ip":"13.125.72.185","lat":37.4536,"lng":126.7317,"country":"Republic of Korea","city":"Incheon"},{"ip":"18.197.209.65","lat":50.1153,"lng":8.6823,"country":"Germany","city":"Frankfurt am Main"},{"ip":"49.34.70.128","lat":23.0333,"lng":72.6167,"country":"India","city":"Ahmedabad"},{"ip":"87.78.72.217","lat":50.8271,"lng":6.9747,"country":"Germany","city":"Wesseling"},{"ip":"47.89.243.195","lat":37.5507,"lng":-122.3276,"country":"United States","city":"San Mateo"},{"ip":"13.124.185.229","lat":37.4536,"lng":126.7317,"country":"Republic of Korea","city":"Incheon"},{"ip":"18.178.214.200","lat":37.751,"lng":-97.822,"country":"United States","city":""},{"ip":"47.91.245.244","lat":22.25,"lng":114.1667,"country":"Hong Kong","city":""},{"ip":"172.105.220.129","lat":35.69,"lng":139.69,"country":"Japan","city":""},{"ip":"18.138.212.22","lat":1.2931,"lng":103.8558,"country":"Singapore","city":"Singapore"},{"ip":"223.104.3.19","lat":39.9288,"lng":116.3889,"country":"China","city":"Beijing"},{"ip":"138.201.45.232","lat":51.2993,"lng":9.491,"country":"Germany""
12:57:26.476 [TestNG-tests-1] DEBUG org.apache.http.wire -  << ","city":""},{"ip":"190.167.20.178","lat":19,"lng":-70.6667,"country":"Dominican Republic","city":""},{"ip":"47.89.187.247","lat":38.6582,"lng":-77.2497,"country":"United States","city":""},{"ip":"14.104.86.223","lat":29.5628,"lng":106.5528,"country":"China","city":"Chongqing"},{"ip":"23.254.176.164","lat":47.4889,"lng":-122.3012,"country":"United States","city":"Seattle"},{"ip":"35.236.163.215","lat":37.4056,"lng":-122.0775,"country":"United States","city":"Mountain View"},{"ip":"47.90.243.122","lat":37.5507,"lng":-122.3276,"country":"United States","city":"San Mateo"},{"ip":"47.74.159.117","lat":1.2931,"lng":103.8558,"country":"Singapore","city":"Singapore"},{"ip":"3.136.236.70","lat":37.751,"lng":-97.822,"country":"United States","city":""},{"ip":"78.35.197.62","lat":50.768299999999996,"lng":6.076,"country":"Germany","city":"Aachen"},{"ip":"47.252.85.102","lat":37.5507,"lng":-122.3276,"country":"United States","city":"San Mateo"},{"ip":"47.75.216.14","lat":34.7725,"lng":113.7266,"country":"China","city":""},{"ip":"47.241.26.123","lat":37.5507,"lng":-122.3276,"country":"United States","city":"San Mateo"},{"ip":"54.202.224.78","lat":45.8491,"lng":-119.7143,"country":"United States","city":"Boardman"},{"ip":"175.146.169.18","lat":40.1292,"lng":124.3947,"country":"China","city":"Dandong"},{"ip":"195.201.61.119","lat":51.2993,"lng":9.491,"
12:57:26.477 [TestNG-tests-1] DEBUG org.apache.http.wire -  << ""country":"Germany","city":""},{"ip":"188.42.33.124","lat":49.75,"lng":6.1667,"country":"Luxembourg","city":""},{"ip":"13.209.243.246","lat":37.4536,"lng":126.7317,"country":"Republic of Korea","city":"Incheon"},{"ip":"47.74.131.233","lat":1.2931,"lng":103.8558,"country":"Singapore","city":"Singapore"},{"ip":"47.93.235.81","lat":34.7725,"lng":113.7266,"country":"China","city":""},{"ip":"54.245.147.165","lat":45.8491,"lng":-119.7143,"country":"United States","city":"Boardman"},{"ip":"47.88.57.195","lat":37.5507,"lng":-122.3276,"country":"United States","city":"San Mateo"},{"ip":"52.73.168.104","lat":39.0481,"lng":-77.4728,"country":"United States","city":"Ashburn"},{"ip":"121.40.172.83","lat":34.7725,"lng":113.7266,"country":"China","city":""},{"ip":"54.95.22.119","lat":35.685,"lng":139.7514,"country":"Japan","city":"Tokyo"},{"ip":"34.73.226.26","lat":37.751,"lng":-97.822,"country":"United States","city":""},{"ip":"52.90.89.210","lat":39.0481,"lng":-77.4728,"country":"United States","city":"Ashburn"},{"ip":"178.63.54.97","lat":51.2993,"lng":9.491,"country":"Germany","city":""},{"ip":"221.216.140.29","lat":39.9288,"lng":116.3889,"country":"China","city":"Beijing"},{"ip":"34.84.220.159","lat":37.751,"lng":-97.822,"country":"United States","city":""},{"ip":"52.52.53.133","lat":37.3388,"lng":-121.8914,"country":"United States","city":"San J"
12:57:26.477 [TestNG-tests-1] DEBUG org.apache.http.wire -  << "ose"},{"ip":"47.89.251.167","lat":37.5507,"lng":-122.3276,"country":"United States","city":"San Mateo"},{"ip":"221.216.141.156","lat":39.9288,"lng":116.3889,"country":"China","city":"Beijing"},{"ip":"47.90.202.102","lat":37.5507,"lng":-122.3276,"country":"United States","city":"San Mateo"},{"ip":"34.94.55.116","lat":37.751,"lng":-97.822,"country":"United States","city":""},{"ip":"161.117.10.199","lat":1.2931,"lng":103.8558,"country":"Singapore","city":"Singapore"},{"ip":"39.98.63.142","lat":34.7725,"lng":113.7266,"country":"China","city":""},{"ip":"95.217.45.103","lat":60.1708,"lng":24.9375,"country":"Finland","city":""},{"ip":"47.90.249.136","lat":37.5507,"lng":-122.3276,"country":"United States","city":"San Mateo"},{"ip":"54.169.106.116","lat":1.2931,"lng":103.8558,"country":"Singapore","city":"Singapore"},{"ip":"110.10.124.19","lat":37.5112,"lng":126.97409999999999,"country":"Republic of Korea","city":""},{"ip":"35.176.40.38","lat":51.5161,"lng":-0.0949,"country":"United Kingdom","city":"London"},{"ip":"47.89.182.29","lat":38.6582,"lng":-77.2497,"country":"United States","city":""},{"ip":"219.142.135.36","lat":39.9288,"lng":116.3889,"country":"China","city":"Beijing"},{"ip":"3.123.8.60","lat":50.1153,"lng":8.6823,"country":"Germany","city":"Frankfurt am Main"},{"ip":"221.122.37.71","lat":39.9288,"lng":116.3889,"country":"China","city":"Beijing"},{"ip":"3.19.173.39","lat":39.9653,"lng":-83.0235,"country":"United States","city":"Columbus"},{"ip":"35.240.174.36","lat":37.4056,"lng":-122.0775,"country":"United States","city":"Mountain View"},{"ip":"3.136.19.139","lat":37.751,"lng":-97.822,"country":"United States","city":""},{"ip":"82.217.113.172","lat":52.0911,"lng":5.0959,"country":"Netherlands","city":"Utrecht"},{"ip":"47.74.55.176","lat":35.685,"lng":139.7514,"country":"Japan","city":"Tokyo"}]}[\n]"
12:57:26.477 [TestNG-tests-1] DEBUG org.apache.http.wire -  << "[\r][\n]"
12:57:26.477 [TestNG-tests-1] DEBUG org.apache.http.wire -  << "0[\r][\n]"
12:57:26.477 [TestNG-tests-1] DEBUG org.apache.http.wire -  << "[\r][\n]"
12:57:26.477 [TestNG-tests-1] DEBUG org.apache.http.impl.conn.DefaultClientConnection - Connection 0.0.0.0:60937<->18.216.178.128:80 closed
12:57:26.477 [TestNG-tests-1] DEBUG org.apache.http.impl.conn.PoolingClientConnectionManager - Connection released: [id: 7][route: {}->http://apilist.tronscan.org:80][total kept alive: 0; route allocated: 0 of 80; total allocated: 0 of 100]
12:57:26.483 [TestNG-tests-1] INFO tron.common.TronscanApiList - ----------------------------Print JSON Start---------------------------
12:57:26.483 [TestNG-tests-1] INFO tron.common.TronscanApiList - total:823
12:57:26.483 [TestNG-tests-1] INFO tron.common.TronscanApiList - code:0
12:57:26.488 [TestNG-tests-1] INFO tron.common.TronscanApiList - data:[{"country":"China","lng":120.1614,"city":"Hangzhou","ip":"47.75.10.71","lat":30.2936},{"country":"China","lng":116.3883,"city":"","ip":"132.232.93.107","lat":39.9289},{"country":"Germany","lng":11.1649,"city":"Nuremberg","ip":"173.249.25.209","lat":49.4075},{"country":"Japan","lng":139.7514,"city":"Tokyo","ip":"52.194.241.102","lat":35.685},{"country":"United States","lng":-122.3276,"city":"San Mateo","ip":"47.90.212.178","lat":37.5507},{"country":"Germany","lng":8.6823,"city":"Frankfurt am Main","ip":"18.184.239.103","lat":50.1153},{"country":"Germany","lng":7.1114,"city":"Bergisch Gladbach","ip":"87.78.8.134","lat":50.952},{"country":"China","lng":116.3889,"city":"Beijing","ip":"52.81.62.216","lat":39.9288},{"country":"United States","lng":-77.4728,"city":"Ashburn","ip":"34.192.166.247","lat":39.0481},{"country":"Japan","lng":139.7514,"city":"Tokyo","ip":"47.74.57.254","lat":35.685},{"country":"United States","lng":-122.0775,"city":"Mountain View","ip":"35.211.209.103","lat":37.4056},{"country":"Germany","lng":9.491,"city":"","ip":"78.159.97.95","lat":51.2993},{"country":"United States","lng":-122.3276,"city":"San Mateo","ip":"47.252.81.160","lat":37.5507},{"country":"Germany","lng":13.3215,"city":"Berlin","ip":"94.130.51.84","lat":52.5305},{"country":"Netherlands","lng":4.8995,"city":"","ip":"23.111.226.213","lat":52.3824},{"country":"China","lng":116.3889,"city":"Beijing","ip":"221.220.248.76","lat":39.9288},{"country":"China","lng":113.7266,"city":"","ip":"47.244.176.205","lat":34.7725},{"country":"United States","lng":-78.1566,"city":"Washington","ip":"40.117.47.250","lat":38.7078},{"country":"Australia","lng":144.9544,"city":"Melbourne","ip":"47.91.46.33","lat":-37.8103},{"country":"United States","lng":-122.3276,"city":"San Mateo","ip":"47.90.242.134","lat":37.5507},{"country":"Japan","lng":139.7514,"city":"Tokyo","ip":"47.74.12.85","lat":35.685},{"country":"United States","lng":-122.3276,"city":"San Mateo","ip":"47.252.79.215","lat":37.5507},{"country":"China","lng":120.1614,"city":"Hangzhou","ip":"47.75.85.151","lat":30.2936},{"country":"Ireland","lng":-6.2489,"city":"Dublin","ip":"52.49.167.229","lat":53.3331},{"country":"Romania","lng":25,"city":"","ip":"84.239.4.143","lat":46},{"country":"China","lng":116.3889,"city":"Beijing","ip":"114.245.40.172","lat":39.9288},{"country":"United States","lng":-119.7143,"city":"Boardman","ip":"34.217.88.135","lat":45.8491},{"country":"Japan","lng":139.7514,"city":"Tokyo","ip":"52.69.165.0","lat":35.685},{"country":"United States","lng":-122.3276,"city":"San Mateo","ip":"47.252.86.9","lat":37.5507},{"country":"China","lng":116.3889,"city":"Beijing","ip":"203.195.200.156","lat":39.9288},{"country":"Ukraine","lng":30.5238,"city":"Kyiv","ip":"95.164.54.98","lat":50.4547},{"country":"United States","lng":-122.3276,"city":"San Mateo","ip":"47.252.85.68","lat":37.5507},{"country":"Japan","lng":139.7514,"city":"Tokyo","ip":"47.74.35.254","lat":35.685},{"country":"Finland","lng":24.9375,"city":"","ip":"95.217.7.79","lat":60.1708},{"country":"Japan","lng":139.7514,"city":"Tokyo","ip":"54.65.186.221","lat":35.685},{"country":"Germany","lng":7.9437999999999995,"city":"Offenburg","ip":"136.243.8.86","lat":48.4765},{"country":"United States","lng":-122.3276,"city":"San Mateo","ip":"47.252.79.112","lat":37.5507},{"country":"China","lng":116.3889,"city":"Beijing","ip":"123.112.66.71","lat":39.9288},{"country":"Singapore","lng":103.8558,"city":"Singapore","ip":"47.74.147.80","lat":1.2931},{"country":"United States","lng":-122.3276,"city":"San Mateo","ip":"47.252.86.228","lat":37.5507},{"country":"United States","lng":-122.3276,"city":"San Mateo","ip":"47.252.15.36","lat":37.5507},{"country":"United States","lng":-122.3276,"city":"San Mateo","ip":"47.252.82.6","lat":37.5507},{"country":"United States","lng":-77.4728,"city":"Ashburn","ip":"18.235.42.137","lat":39.0481},{"country":"Germany","lng":9.491,"city":"","ip":"195.201.192.140","lat":51.2993},{"country":"China","lng":121.3997,"city":"","ip":"116.236.196.106","lat":31.0456},{"country":"China","lng":120.1614,"city":"Hangzhou","ip":"47.75.55.26","lat":30.2936},{"country":"United States","lng":-97.822,"city":"","ip":"18.162.119.210","lat":37.751},{"country":"China","lng":113.5325,"city":"Zhengzhou","ip":"117.158.175.226","lat":34.6836},{"country":"China","lng":113.7266,"city":"","ip":"47.75.222.145","lat":34.7725},{"country":"Singapore","lng":103.8558,"city":"Singapore","ip":"47.74.242.55","lat":1.2931},{"country":"United States","lng":-83.0235,"city":"Columbus","ip":"18.219.206.203","lat":39.9653},{"country":"China","lng":116.3889,"city":"Beijing","ip":"111.204.176.252","lat":39.9288},{"country":"United States","lng":-122.3276,"city":"San Mateo","ip":"47.252.72.195","lat":37.5507},{"country":"Ireland","lng":-6.2489,"city":"Dublin","ip":"54.194.58.237","lat":53.3331},{"country":"Japan","lng":139.7514,"city":"Tokyo","ip":"3.113.248.235","lat":35.685},{"country":"United States","lng":-77.4728,"city":"Ashburn","ip":"3.89.85.84","lat":39.0481},{"country":"United States","lng":-77.2497,"city":"","ip":"35.196.156.131","lat":38.6582},{"country":"Singapore","lng":103.8558,"city":"Singapore","ip":"47.74.224.123","lat":1.2931},{"country":"China","lng":113.7266,"city":"","ip":"175.176.194.81","lat":34.7725},{"country":"United States","lng":-122.3276,"city":"San Mateo","ip":"47.254.77.236","lat":37.5507},{"country":"Singapore","lng":103.8558,"city":"Singapore","ip":"13.250.36.158","lat":1.2931},{"country":"China","lng":120.1614,"city":"Hangzhou","ip":"47.75.65.115","lat":30.2936},{"country":"United States","lng":-121.9999,"city":"Fremont","ip":"45.79.103.134","lat":37.5605},{"country":"United States","lng":-121.8914,"city":"San Jose","ip":"13.56.240.74","lat":37.3388},{"country":"China","lng":114.1333,"city":"Shenzhen","ip":"116.30.223.86","lat":22.5333},{"country":"Singapore","lng":103.8558,"city":"Singapore","ip":"47.74.137.161","lat":1.2931},{"country":"United States","lng":-78.1566,"city":"Washington","ip":"23.96.97.10","lat":38.7078},{"country":"Japan","lng":139.7514,"city":"Tokyo","ip":"52.193.38.229","lat":35.685},{"country":"United States","lng":-77.4728,"city":"Ashburn","ip":"52.203.105.100","lat":39.0481},{"country":"Republic of Korea","lng":127.2056,"city":"Hanam","ip":"211.55.114.214","lat":37.54},{"country":"United States","lng":-97.822,"city":"","ip":"34.80.38.140","lat":37.751},{"country":"China","lng":116.3889,"city":"Beijing","ip":"221.223.25.209","lat":39.9288},{"country":"Germany","lng":11.0683,"city":"Nuremberg","ip":"78.46.104.226","lat":49.4478},{"country":"Hong Kong","lng":114.1667,"city":"","ip":"47.91.208.128","lat":22.25},{"country":"Republic of Korea","lng":126.97409999999999,"city":"","ip":"116.126.141.41","lat":37.5112},{"country":"Hong Kong","lng":114.1667,"city":"","ip":"47.52.199.67","lat":22.25},{"country":"Romania","lng":25,"city":"","ip":"84.239.4.45","lat":46},{"country":"China","lng":113.25,"city":"Guangzhou","ip":"61.140.70.221","lat":23.1167},{"country":"Germany","lng":9.491,"city":"","ip":"195.201.203.189","lat":51.2993},{"country":"United States","lng":-122.3276,"city":"San Mateo","ip":"47.252.84.177","lat":37.5507},{"country":"China","lng":116.3889,"city":"Beijing","ip":"123.114.41.163","lat":39.9288},{"country":"United States","lng":-122.3276,"city":"San Mateo","ip":"47.252.5.142","lat":37.5507},{"country":"Ireland","lng":-6.2489,"city":"Dublin","ip":"54.229.214.133","lat":53.3331},{"country":"China","lng":116.2347,"city":"Changping","ip":"221.216.143.62","lat":40.2161},{"country":"United States","lng":-122.3276,"city":"San Mateo","ip":"47.90.215.84","lat":37.5507},{"country":"United States","lng":-122.0775,"city":"Mountain View","ip":"35.240.145.81","lat":37.4056},{"country":"Germany","lng":6.9212,"city":"Cologne","ip":"78.35.59.200","lat":50.9807},{"country":"Singapore","lng":103.8,"city":"","ip":"159.138.21.111","lat":1.3667},{"country":"Japan","lng":139.7514,"city":"Tokyo","ip":"47.74.23.89","lat":35.685},{"country":"Japan","lng":139.7514,"city":"Tokyo","ip":"13.230.210.216","lat":35.685},{"country":"Singapore","lng":103.8558,"city":"Singapore","ip":"161.117.88.252","lat":1.2931},{"country":"France","lng":2.3387000000000002,"city":"","ip":"51.81.110.13","lat":48.8582},{"country":"Japan","lng":139.7514,"city":"Tokyo","ip":"3.112.229.167","lat":35.685},{"country":"United States","lng":-119.7143,"city":"Boardman","ip":"34.222.78.94","lat":45.8491},{"country":"China","lng":113.7266,"city":"","ip":"47.244.23.24","lat":34.7725},{"country":"United States","lng":-77.2497,"city":"","ip":"35.202.197.40","lat":38.6582},{"country":"United States","lng":-83.0235,"city":"Columbus","ip":"18.222.110.203","lat":39.9653},{"country":"Germany","lng":9.491,"city":"","ip":"116.202.49.92","lat":51.2993},{"country":"France","lng":2.3387000000000002,"city":"","ip":"51.89.42.33","lat":48.8582},{"country":"","lng":105,"city":"","ip":"35.200.16.250","lat":35},{"country":"Ireland","lng":-6.2489,"city":"Dublin","ip":"34.253.187.192","lat":53.3331},{"country":"Japan","lng":139.7514,"city":"Tokyo","ip":"13.115.40.40","lat":35.685},{"country":"Hong Kong","lng":114.1667,"city":"","ip":"47.52.143.220","lat":22.25},{"country":"Singapore","lng":103.8558,"city":"Singapore","ip":"13.250.199.172","lat":1.2931},{"country":"Finland","lng":24.9375,"city":"","ip":"95.217.60.92","lat":60.1708},{"country":"China","lng":113.7266,"city":"","ip":"47.75.249.119","lat":34.7725},{"country":"Netherlands","lng":4.9415,"city":"Amsterdam","ip":"188.166.112.17","lat":52.3529},{"country":"Germany","lng":9.491,"city":"","ip":"116.202.163.45","lat":51.2993},{"country":"Republic of Korea","lng":126.97409999999999,"city":"","ip":"1.217.154.84","lat":37.5112},{"country":"United States","lng":-122.3276,"city":"San Mateo","ip":"47.252.73.30","lat":37.5507},{"country":"United States","lng":-122.3276,"city":"San Mateo","ip":"47.254.90.12","lat":37.5507},{"country":"Germany","lng":9.491,"city":"","ip":"116.202.66.245","lat":51.2993},{"country":"United States","lng":-119.7143,"city":"Boardman","ip":"34.219.250.86","lat":45.8491},{"country":"China","lng":114.1333,"city":"Shenzhen","ip":"113.87.97.51","lat":22.5333},{"country":"Singapore","lng":103.8558,"city":"Singapore","ip":"54.251.160.241","lat":1.2931},{"country":"United States","lng":-122.3276,"city":"San Mateo","ip":"47.254.27.69","lat":37.5507},{"country":"China","lng":116.3889,"city":"Beijing","ip":"114.242.34.192","lat":39.9288},{"country":"United States","lng":-122.3276,"city":"San Mateo","ip":"47.252.87.110","lat":37.5507},{"country":"Singapore","lng":103.8,"city":"","ip":"35.189.186.196","lat":1.3667},{"country":"Japan","lng":139.7514,"city":"Tokyo","ip":"139.162.107.72","lat":35.685},{"country":"Australia","lng":144.9544,"city":"Melbourne","ip":"47.74.68.95","lat":-37.8103},{"country":"United States","lng":-77.4728,"city":"Ashburn","ip":"54.210.150.226","lat":39.0481},{"country":"Netherlands","lng":4.9415,"city":"Amsterdam","ip":"188.166.102.139","lat":52.3529},{"country":"United States","lng":-97.822,"city":"","ip":"34.84.28.142","lat":37.751},{"country":"United States","lng":-122.3276,"city":"San Mateo","ip":"47.252.74.213","lat":37.5507},{"country":"France","lng":2.3292,"city":"Paris","ip":"35.180.22.225","lat":48.8628},{"country":"France","lng":2.3387000000000002,"city":"","ip":"51.91.29.222","lat":48.8582},{"country":"China","lng":113.7266,"city":"","ip":"47.93.41.139","lat":34.7725},{"country":"United States","lng":-122.3276,"city":"San Mateo","ip":"47.252.87.14","lat":37.5507},{"country":"China","lng":113.7266,"city":"","ip":"47.244.116.112","lat":34.7725},{"country":"Republic of Korea","lng":126.97409999999999,"city":"","ip":"121.78.60.147","lat":37.5112},{"country":"Germany","lng":9.491,"city":"","ip":"79.133.37.10","lat":51.2993},{"country":"United Kingdom","lng":-2.2932,"city":"Manchester","ip":"77.237.249.180","lat":53.4767},{"country":"United States","lng":-77.4728,"city":"Ashburn","ip":"34.234.164.105","lat":39.0481},{"country":"Japan","lng":139.69,"city":"","ip":"172.105.226.151","lat":35.69},{"country":"China","lng":113.7266,"city":"","ip":"47.75.247.120","lat":34.7725},{"country":"United States","lng":-77.2497,"city":"","ip":"35.231.111.25","lat":38.6582},{"country":"Republic of Korea","lng":126.97409999999999,"city":"","ip":"175.125.95.45","lat":37.5112},{"country":"China","lng":113.7266,"city":"","ip":"47.244.167.222","lat":34.7725},{"country":"Hong Kong","lng":114.1667,"city":"","ip":"47.52.33.215","lat":22.25},{"country":"Germany","lng":8.6823,"city":"Frankfurt am Main","ip":"18.184.189.43","lat":50.1153},{"country":"Republic of Korea","lng":126.97409999999999,"city":"","ip":"61.35.89.227","lat":37.5112},{"country":"Japan","lng":139.7514,"city":"Tokyo","ip":"54.92.10.151","lat":35.685},{"country":"United States","lng":-121.0944,"city":"Auburn","ip":"47.208.230.76","lat":38.9829},{"country":"United States","lng":-122.0775,"city":"Mountain View","ip":"35.239.154.173","lat":37.4056},{"country":"Canada","lng":-73.5833,"city":"Montreal","ip":"52.60.93.14","lat":45.5},{"country":"Canada","lng":-73.5747,"city":"Montreal","ip":"198.245.61.88","lat":45.504},{"country":"Japan","lng":139.7514,"city":"Tokyo","ip":"13.113.95.52","lat":35.685},{"country":"Japan","lng":139.7514,"city":"Tokyo","ip":"13.113.9.16","lat":35.685},{"country":"China","lng":120.1614,"city":"Hangzhou","ip":"47.75.74.31","lat":30.2936},{"country":"Romania","lng":25,"city":"","ip":"84.239.4.142","lat":46},{"country":"Germany","lng":11.3115,"city":"Burgthann","ip":"87.140.86.238","lat":49.352},{"country":"United States","lng":-119.7143,"city":"Boardman","ip":"52.34.46.202","lat":45.8491},{"country":"Hong Kong","lng":114.15,"city":"Central","ip":"40.81.27.202","lat":22.2833},{"country":"United States","lng":-122.3276,"city":"San Mateo","ip":"47.252.72.204","lat":37.5507},{"country":"United States","lng":-122.3476,"city":"Seattle","ip":"3.14.143.157","lat":47.6339},{"country":"United States","lng":-77.4728,"city":"Ashburn","ip":"18.211.100.173","lat":39.0481},{"country":"Ireland","lng":-6.2489,"city":"Dublin","ip":"63.34.84.32","lat":53.3331},{"country":"Singapore","lng":103.8558,"city":"Singapore","ip":"54.255.164.183","lat":1.2931},{"country":"Germany","lng":11.0683,"city":"Nuremberg","ip":"95.90.218.146","lat":49.4478},{"country":"France","lng":2.3387000000000002,"city":"","ip":"5.135.141.51","lat":48.8582},{"country":"Singapore","lng":103.8558,"city":"Singapore","ip":"47.74.229.70","lat":1.2931},{"country":"United States","lng":-122.0775,"city":"Mountain View","ip":"35.238.48.163","lat":37.4056},{"country":"Russia","lng":37.6068,"city":"","ip":"5.59.122.99","lat":55.7386},{"country":"France","lng":5.4497,"city":"Aix-en-Provence","ip":"176.181.191.49","lat":43.5283},{"country":"China","lng":120.5954,"city":"Suzhou","ip":"121.239.72.219","lat":31.3041},{"country":"Germany","lng":9.491,"city":"","ip":"138.201.220.222","lat":51.2993},{"country":"Finland","lng":24.9375,"city":"","ip":"95.217.60.189","lat":60.1708},{"country":"China","lng":116.3889,"city":"Beijing","ip":"222.129.189.51","lat":39.9288},{"country":"Singapore","lng":103.8,"city":"","ip":"159.138.139.165","lat":1.3667},{"country":"China","lng":116.3889,"city":"Beijing","ip":"123.119.219.202","lat":39.9288},{"country":"China","lng":113.25,"city":"Guangzhou","ip":"113.111.52.189","lat":23.1167},{"country":"United States","lng":-83.0235,"city":"Columbus","ip":"3.17.157.141","lat":39.9653},{"country":"Germany","lng":8.6823,"city":"Frankfurt am Main","ip":"165.227.141.213","lat":50.1153},{"country":"Australia","lng":144.9544,"city":"Melbourne","ip":"47.91.47.161","lat":-37.8103},{"country":"Ireland","lng":-6.2489,"city":"Dublin","ip":"52.49.59.55","lat":53.3331},{"country":"China","lng":113.7266,"city":"","ip":"47.244.107.126","lat":34.7725},{"country":"United States","lng":-77.2497,"city":"","ip":"35.188.255.209","lat":38.6582},{"country":"Romania","lng":25,"city":"","ip":"84.239.4.56","lat":46},{"country":"Germany","lng":8.6823,"city":"Frankfurt am Main","ip":"35.156.174.45","lat":50.1153},{"country":"Singapore","lng":103.8558,"city":"Singapore","ip":"52.221.184.242","lat":1.2931},{"country":"Japan","lng":139.7514,"city":"Tokyo","ip":"13.230.237.195","lat":35.685},{"country":"United Kingdom","lng":-0.1224,"city":"","ip":"8.208.10.74","lat":51.4964},{"country":"China","lng":120.1614,"city":"","ip":"122.225.58.181","lat":30.2936},{"country":"China","lng":106.5528,"city":"Chongqing","ip":"14.104.85.202","lat":29.5628},{"country":"Brazil","lng":-40.5274,"city":"Guarapari","ip":"186.212.250.43","lat":-20.6103},{"country":"Germany","lng":8.6823,"city":"Frankfurt am Main","ip":"47.254.177.126","lat":50.1153},{"country":"Hong Kong","lng":114.15,"city":"Central","ip":"47.52.23.94","lat":22.2833},{"country":"China","lng":116.3889,"city":"Beijing","ip":"221.216.141.80","lat":39.9288},{"country":"Georgia","lng":44.7908,"city":"Tbilisi","ip":"188.93.90.138","lat":41.725},{"country":"Singapore","lng":103.8558,"city":"Singapore","ip":"52.220.172.34","lat":1.2931},{"country":"United States","lng":-119.7143,"city":"Boardman","ip":"34.220.77.106","lat":45.8491},{"country":"United States","lng":-122.3276,"city":"San Mateo","ip":"47.252.81.42","lat":37.5507},{"country":"Japan","lng":139.7514,"city":"Tokyo","ip":"13.112.52.91","lat":35.685},{"country":"Japan","lng":139.7514,"city":"Tokyo","ip":"3.112.212.8","lat":35.685},{"country":"United States","lng":-122.3276,"city":"San Mateo","ip":"47.252.78.155","lat":37.5507},{"country":"United States","lng":-122.3276,"city":"San Mateo","ip":"47.252.81.120","lat":37.5507},{"country":"United States","lng":-77.4728,"city":"Ashburn","ip":"3.225.171.164","lat":39.0481},{"country":"China","lng":113.7266,"city":"","ip":"119.23.30.242","lat":34.7725},{"country":"United States","lng":-122.3276,"city":"San Mateo","ip":"47.252.84.142","lat":37.5507},{"country":"United States","lng":-122.3276,"city":"San Mateo","ip":"47.90.201.118","lat":37.5507},{"country":"Germany","lng":10.8834,"city":"Bamberg","ip":"31.16.251.87","lat":49.88},{"country":"China","lng":113.7266,"city":"","ip":"47.244.171.89","lat":34.7725},{"country":"Germany","lng":9.491,"city":"","ip":"88.99.55.49","lat":51.2993},{"country":"United States","lng":-122.3276,"city":"San Mateo","ip":"47.90.243.77","lat":37.5507},{"country":"United States","lng":-119.7143,"city":"Boardman","ip":"35.167.163.158","lat":45.8491},{"country":"Australia","lng":151.1982,"city":"Sydney","ip":"13.237.186.239","lat":-33.8612},{"country":"China","lng":116.3889,"city":"Beijing","ip":"114.246.64.33","lat":39.9288},{"country":"China","lng":113.1136,"city":"Changsha","ip":"222.240.41.165","lat":28.1792},{"country":"China","lng":116.3889,"city":"Beijing","ip":"52.80.250.39","lat":39.9288},{"country":"Japan","lng":139.7514,"city":"Tokyo","ip":"52.193.255.15","lat":35.685},{"country":"United States","lng":-122.3276,"city":"San Mateo","ip":"47.252.81.135","lat":37.5507},{"country":"Japan","lng":139.7514,"city":"Tokyo","ip":"3.112.1.217","lat":35.685},{"country":"Ireland","lng":-6.2489,"city":"Dublin","ip":"34.247.231.60","lat":53.3331},{"country":"Republic of Korea","lng":126.97409999999999,"city":"","ip":"110.10.124.178","lat":37.5112},{"country":"Germany","lng":12.1523,"city":"Landshut","ip":"138.201.19.80","lat":48.5359},{"country":"Russia","lng":60.6122,"city":"Yekaterinburg","ip":"188.226.30.58","lat":56.8519},{"country":"United States","lng":-123.1555,"city":"Eugene","ip":"157.245.83.130","lat":44.0612},{"country":"Hong Kong","lng":114.1667,"city":"","ip":"47.91.167.107","lat":22.25},{"country":"China","lng":113.7266,"city":"","ip":"39.106.124.206","lat":34.7725},{"country":"United States","lng":-122.3276,"city":"San Mateo","ip":"47.90.215.50","lat":37.5507},{"country":"Singapore","lng":103.8,"city":"","ip":"47.88.174.175","lat":1.3667},{"country":"Germany","lng":11.1649,"city":"Nuremberg","ip":"5.189.136.171","lat":49.4075},{"country":"United States","lng":-121.8914,"city":"San Jose","ip":"52.53.189.99","lat":37.3388},{"country":"Singapore","lng":103.8,"city":"","ip":"47.88.225.9","lat":1.3667},{"country":"United States","lng":-122.3276,"city":"San Mateo","ip":"47.252.85.111","lat":37.5507},{"country":"Japan","lng":139.7514,"city":"Tokyo","ip":"47.74.13.114","lat":35.685},{"country":"United States","lng":-122.3276,"city":"San Mateo","ip":"47.89.244.139","lat":37.5507},{"country":"United States","lng":-122.3276,"city":"San Mateo","ip":"47.56.153.17","lat":37.5507},{"country":"Ireland","lng":-6.2489,"city":"Dublin","ip":"63.33.187.103","lat":53.3331},{"country":"United States","lng":-122.3276,"city":"San Mateo","ip":"47.252.87.119","lat":37.5507},{"country":"United States","lng":-122.3276,"city":"San Mateo","ip":"47.252.81.4","lat":37.5507},{"country":"United States","lng":-122.3276,"city":"San Mateo","ip":"47.252.74.187","lat":37.5507},{"country":"United States","lng":-122.3276,"city":"San Mateo","ip":"47.252.80.96","lat":37.5507},{"country":"Japan","lng":139.7514,"city":"Tokyo","ip":"54.65.127.234","lat":35.685},{"country":"Germany","lng":9.491,"city":"","ip":"78.47.249.242","lat":51.2993},{"country":"Japan","lng":139.7514,"city":"Tokyo","ip":"47.74.45.226","lat":35.685},{"country":"United States","lng":-122.3276,"city":"San Mateo","ip":"47.252.86.50","lat":37.5507},{"country":"United States","lng":-119.7143,"city":"Boardman","ip":"54.188.41.116","lat":45.8491},{"country":"Japan","lng":139.7514,"city":"Tokyo","ip":"54.178.170.139","lat":35.685},{"country":"United States","lng":-122.3276,"city":"San Mateo","ip":"47.245.7.111","lat":37.5507},{"country":"United Kingdom","lng":-2.2932,"city":"Manchester","ip":"77.237.249.181","lat":53.4767},{"country":"United States","lng":-119.7143,"city":"Boardman","ip":"54.186.17.102","lat":45.8491},{"country":"Singapore","lng":103.8558,"city":"Singapore","ip":"47.74.149.206","lat":1.2931},{"country":"United States","lng":-122.3276,"city":"San Mateo","ip":"47.252.4.52","lat":37.5507},{"country":"Australia","lng":151.2002,"city":"Sydney","ip":"54.252.224.209","lat":-33.8591},{"country":"Japan","lng":139.7514,"city":"Tokyo","ip":"172.104.74.24","lat":35.685},{"country":"China","lng":116.3889,"city":"Beijing","ip":"124.205.119.183","lat":39.9288},{"country":"Singapore","lng":103.8558,"city":"Singapore","ip":"47.74.226.54","lat":1.2931},{"country":"China","lng":113.7266,"city":"","ip":"47.100.237.26","lat":34.7725},{"country":"United States","lng":-122.3276,"city":"San Mateo","ip":"47.252.87.28","lat":37.5507},{"country":"Singapore","lng":103.8,"city":"","ip":"47.88.171.106","lat":1.3667},{"country":"United States","lng":-96.8054,"city":"Dallas","ip":"192.169.81.142","lat":32.7781},{"country":"Australia","lng":151.1982,"city":"Sydney","ip":"13.211.103.140","lat":-33.8612},{"country":"United States","lng":-122.3276,"city":"San Mateo","ip":"47.252.72.116","lat":37.5507},{"country":"China","lng":113.7266,"city":"","ip":"47.75.250.34","lat":34.7725},{"country":"Japan","lng":139.7514,"city":"Tokyo","ip":"47.91.17.89","lat":35.685},{"country":"Italy","lng":12.1097,"city":"","ip":"84.17.54.31","lat":43.1479},{"country":"United States","lng":-122.3276,"city":"San Mateo","ip":"47.90.214.240","lat":37.5507},{"country":"United States","lng":-77.2497,"city":"","ip":"47.89.189.124","lat":38.6582},{"country":"United States","lng":-122.3276,"city":"San Mateo","ip":"47.89.242.50","lat":37.5507},{"country":"China","lng":113.7266,"city":"","ip":"139.129.100.95","lat":34.7725},{"country":"China","lng":116.3889,"city":"Beijing","ip":"114.245.37.71","lat":39.9288},{"country":"United States","lng":-122.3276,"city":"San Mateo","ip":"47.252.84.110","lat":37.5507},{"country":"Germany","lng":8.6823,"city":"Frankfurt am Main","ip":"3.122.60.103","lat":50.1153},{"country":"United States","lng":-74.0258,"city":"North Bergen","ip":"162.243.169.71","lat":40.7939},{"country":"Singapore","lng":103.8558,"city":"Singapore","ip":"47.74.241.160","lat":1.2931},{"country":"United Kingdom","lng":-0.1224,"city":"","ip":"213.167.79.43","lat":51.4964},{"country":"United States","lng":-119.7143,"city":"Boardman","ip":"34.222.185.204","lat":45.8491},{"country":"Singapore","lng":103.8,"city":"","ip":"139.162.44.250","lat":1.3667},{"country":"China","lng":113.7266,"city":"","ip":"39.106.81.60","lat":34.7725},{"country":"New Zealand","lng":174.7635,"city":"Auckland","ip":"203.86.195.208","lat":-36.8485},{"country":"Germany","lng":8.6823,"city":"Frankfurt am Main","ip":"47.91.93.160","lat":50.1153},{"country":"United States","lng":-77.4728,"city":"Ashburn","ip":"52.205.255.249","lat":39.0481},{"country":"United States","lng":-122.3276,"city":"San Mateo","ip":"47.90.248.204","lat":37.5507},{"country":"Ukraine","lng":30.5238,"city":"Kyiv","ip":"62.244.31.34","lat":50.4547},{"country":"Germany","lng":8.6823,"city":"Frankfurt am Main","ip":"35.157.103.87","lat":50.1153},{"country":"United Kingdom","lng":-0.1224,"city":"","ip":"8.208.16.168","lat":51.4964},{"country":"Germany","lng":9.491,"city":"","ip":"176.9.114.218","lat":51.2993},{"country":"China","lng":116.3889,"city":"Beijing","ip":"221.221.166.162","lat":39.9288},{"country":"Japan","lng":139.7514,"city":"Tokyo","ip":"52.194.6.24","lat":35.685},{"country":"Japan","lng":139.7514,"city":"Tokyo","ip":"54.168.61.99","lat":35.685},{"country":"United States","lng":-97.822,"city":"","ip":"50.225.198.67","lat":37.751},{"country":"United States","lng":-122.3276,"city":"San Mateo","ip":"47.90.254.215","lat":37.5507},{"country":"China","lng":113.7266,"city":"","ip":"47.75.245.225","lat":34.7725},{"country":"Germany","lng":9.1833,"city":"Stuttgart","ip":"78.47.148.214","lat":48.7667},{"country":"China","lng":120.1614,"city":"Hangzhou","ip":"47.75.72.96","lat":30.2936},{"country":"India","lng":75.5792,"city":"Jalandhar","ip":"122.180.31.37","lat":31.3256},{"country":"United States","lng":-122.3276,"city":"San Mateo","ip":"47.252.80.3","lat":37.5507},{"country":"Japan","lng":139.7514,"city":"Tokyo","ip":"52.194.51.86","lat":35.685},{"country":"Hong Kong","lng":114.1667,"city":"","ip":"47.52.96.110","lat":22.25},{"country":"United States","lng":-122.3276,"city":"San Mateo","ip":"47.252.80.127","lat":37.5507},{"country":"United States","lng":-122.3276,"city":"San Mateo","ip":"47.252.81.33","lat":37.5507},{"country":"Germany","lng":9.491,"city":"","ip":"116.202.36.121","lat":51.2993},{"country":"United States","lng":-122.3276,"city":"San Mateo","ip":"47.251.48.82","lat":37.5507},{"country":"United States","lng":-77.4728,"city":"Ashburn","ip":"34.229.135.7","lat":39.0481},{"country":"Russia","lng":82.9344,"city":"Novosibirsk","ip":"46.241.23.52","lat":55.0411},{"country":"Finland","lng":24.9375,"city":"","ip":"95.216.226.216","lat":60.1708},{"country":"France","lng":2.3387000000000002,"city":"","ip":"51.178.23.19","lat":48.8582},{"country":"Republic of Korea","lng":126.97409999999999,"city":"","ip":"110.10.124.23","lat":37.5112},{"country":"Republic of Korea","lng":126.97409999999999,"city":"","ip":"121.78.223.194","lat":37.5112},{"country":"China","lng":113.7266,"city":"","ip":"119.23.35.152","lat":34.7725},{"country":"United States","lng":-83.0235,"city":"Columbus","ip":"18.218.155.40","lat":39.9653},{"country":"China","lng":121.3997,"city":"Shanghai","ip":"124.78.139.72","lat":31.0456},{"country":"China","lng":113.7266,"city":"","ip":"47.75.149.223","lat":34.7725},{"country":"Romania","lng":25,"city":"","ip":"84.239.4.144","lat":46},{"country":"Germany","lng":9.491,"city":"","ip":"94.130.255.100","lat":51.2993},{"country":"United States","lng":-122.3276,"city":"San Mateo","ip":"47.252.86.155","lat":37.5507},{"country":"United States","lng":-122.3276,"city":"San Mateo","ip":"47.254.77.146","lat":37.5507},{"country":"Germany","lng":8.6823,"city":"Frankfurt am Main","ip":"3.123.30.188","lat":50.1153},{"country":"Canada","lng":-73.5747,"city":"Montreal","ip":"198.27.81.12","lat":45.504},{"country":"Germany","lng":7.0537,"city":"Cologne","ip":"87.79.249.201","lat":50.9925},{"country":"United States","lng":-83.0235,"city":"Columbus","ip":"52.14.121.81","lat":39.9653},{"country":"United States","lng":-122.3276,"city":"San Mateo","ip":"47.252.81.247","lat":37.5507},{"country":"Singapore","lng":103.8558,"city":"Singapore","ip":"54.179.140.253","lat":1.2931},{"country":"Singapore","lng":103.8558,"city":"Singapore","ip":"13.229.45.38","lat":1.2931},{"country":"Romania","lng":25,"city":"","ip":"84.239.4.146","lat":46},{"country":"China","lng":116.2347,"city":"Changping","ip":"221.216.143.3","lat":40.2161},{"country":"Hong Kong","lng":114.1667,"city":"","ip":"47.90.4.90","lat":22.25},{"country":"China","lng":113.7266,"city":"","ip":"47.97.191.190","lat":34.7725},{"country":"United States","lng":-119.7143,"city":"Boardman","ip":"54.190.48.8","lat":45.8491},{"country":"United States","lng":-121.8914,"city":"San Jose","ip":"54.215.171.76","lat":37.3388},{"country":"Republic of Korea","lng":126.7317,"city":"Incheon","ip":"52.79.141.216","lat":37.4536},{"country":"China","lng":121.5276,"city":"Pudong","ip":"183.194.169.8","lat":31.2351},{"country":"China","lng":116.3889,"city":"Beijing","ip":"123.112.71.100","lat":39.9288},{"country":"China","lng":116.3889,"city":"Beijing","ip":"125.33.196.105","lat":39.9288},{"country":"United States","lng":-77.2497,"city":"","ip":"35.188.5.73","lat":38.6582},{"country":"Germany","lng":9.491,"city":"","ip":"195.201.179.235","lat":51.2993},{"country":"Republic of Korea","lng":126.97409999999999,"city":"","ip":"211.40.152.98","lat":37.5112},{"country":"Georgia","lng":43.5,"city":"","ip":"37.232.106.139","lat":42},{"country":"United States","lng":-121.8914,"city":"San Jose","ip":"54.219.129.100","lat":37.3388},{"country":"Canada","lng":-79.3368,"city":"Toronto","ip":"45.72.168.142","lat":43.6872},{"country":"United States","lng":-74.1377,"city":"Clifton","ip":"167.99.115.61","lat":40.8344},{"country":"United States","lng":-122.3276,"city":"San Mateo","ip":"47.90.252.11","lat":37.5507},{"country":"United States","lng":-117.8224,"city":"Irvine","ip":"72.194.202.71","lat":33.6951},{"country":"United States","lng":-77.4728,"city":"Ashburn","ip":"3.95.203.98","lat":39.0481},{"country":"Japan","lng":139.7514,"city":"Tokyo","ip":"172.104.103.63","lat":35.685},{"country":"United States","lng":-122.3276,"city":"San Mateo","ip":"47.88.92.246","lat":37.5507},{"country":"Japan","lng":139.7514,"city":"Tokyo","ip":"52.199.219.216","lat":35.685},{"country":"Australia","lng":151.1982,"city":"Sydney","ip":"13.210.151.5","lat":-33.8612},{"country":"United States","lng":-97.822,"city":"","ip":"207.126.127.114","lat":37.751},{"country":"United States","lng":-122.3276,"city":"San Mateo","ip":"47.245.0.115","lat":37.5507},{"country":"Hong Kong","lng":114.1667,"city":"","ip":"47.52.129.128","lat":22.25},{"country":"China","lng":113.7266,"city":"","ip":"47.95.110.104","lat":34.7725},{"country":"France","lng":2.3387000000000002,"city":"","ip":"51.255.85.155","lat":48.8582},{"country":"United States","lng":-122.3276,"city":"San Mateo","ip":"47.90.244.251","lat":37.5507},{"country":"Japan","lng":139.7514,"city":"Tokyo","ip":"47.74.8.52","lat":35.685},{"country":"","lng":105,"city":"","ip":"35.229.239.143","lat":35},{"country":"Japan","lng":139.7514,"city":"Tokyo","ip":"47.74.41.160","lat":35.685},{"country":"United States","lng":-122.3276,"city":"San Mateo","ip":"47.252.1.169","lat":37.5507},{"country":"Singapore","lng":103.8,"city":"","ip":"47.88.172.95","lat":1.3667},{"country":"Singapore","lng":103.8558,"city":"Singapore","ip":"52.76.230.131","lat":1.2931},{"country":"China","lng":116.3889,"city":"Beijing","ip":"123.118.137.70","lat":39.9288},{"country":"Brazil","lng":-46.6417,"city":"São Paulo","ip":"18.231.88.120","lat":-23.5733},{"country":"United States","lng":-83.0235,"city":"Columbus","ip":"13.58.143.127","lat":39.9653},{"country":"United States","lng":-119.7143,"city":"Boardman","ip":"54.149.166.77","lat":45.8491},{"country":"United States","lng":-78.1566,"city":"Washington","ip":"13.82.80.22","lat":38.7078},{"country":"Japan","lng":139.7514,"city":"Tokyo","ip":"52.69.249.5","lat":35.685},{"country":"Finland","lng":24.9375,"city":"","ip":"95.217.84.143","lat":60.1708},{"country":"China","lng":116.3889,"city":"Beijing","ip":"123.118.143.81","lat":39.9288},{"country":"China","lng":102.7183,"city":"Kunming","ip":"47.75.114.11","lat":25.0389},{"country":"United States","lng":-77.4728,"city":"Ashburn","ip":"54.84.134.162","lat":39.0481},{"country":"Brazil","lng":-46.6417,"city":"São Paulo","ip":"54.232.225.66","lat":-23.5733},{"country":"Japan","lng":139.7514,"city":"Tokyo","ip":"54.95.35.11","lat":35.685},{"country":"Japan","lng":139.7514,"city":"Tokyo","ip":"18.182.120.69","lat":35.685},{"country":"United States","lng":-122.3276,"city":"San Mateo","ip":"47.252.84.58","lat":37.5507},{"country":"India","lng":72.8258,"city":"Mumbai","ip":"35.154.204.119","lat":18.975},{"country":"China","lng":113.7266,"city":"","ip":"47.75.246.83","lat":34.7725},{"country":"Germany","lng":13.4,"city":"Berlin","ip":"81.169.194.160","lat":52.5167},{"country":"United Kingdom","lng":-0.1224,"city":"","ip":"8.208.10.62","lat":51.4964},{"country":"China","lng":104.0667,"city":"Chengdu","ip":"171.88.58.191","lat":30.6667},{"country":"Republic of Korea","lng":126.97409999999999,"city":"","ip":"121.78.223.165","lat":37.5112},{"country":"United States","lng":-122.4001,"city":"San Francisco","ip":"38.142.72.82","lat":37.7974},{"country":"United States","lng":-122.3276,"city":"San Mateo","ip":"47.254.79.0","lat":37.5507},{"country":"United States","lng":-122.3276,"city":"San Mateo","ip":"47.88.60.225","lat":37.5507},{"country":"Germany","lng":13.4,"city":"Berlin","ip":"81.169.250.245","lat":52.5167},{"country":"Republic of Korea","lng":126.97409999999999,"city":"","ip":"211.172.248.226","lat":37.5112},{"country":"United States","lng":-119.7143,"city":"Boardman","ip":"52.13.203.98","lat":45.8491},{"country":"Germany","lng":9.491,"city":"","ip":"88.99.216.100","lat":51.2993},{"country":"China","lng":116.3889,"city":"Beijing","ip":"47.75.128.222","lat":39.9288},{"country":"China","lng":113.25,"city":"Guangzhou","ip":"120.236.213.239","lat":23.1167},{"country":"Germany","lng":9.227,"city":"Stuttgart","ip":"144.76.168.164","lat":48.837},{"country":"United States","lng":-97.822,"city":"","ip":"3.133.126.15","lat":37.751},{"country":"United States","lng":-83.0235,"city":"Columbus","ip":"18.216.91.69","lat":39.9653},{"country":"Germany","lng":9.491,"city":"","ip":"88.99.171.132","lat":51.2993},{"country":"China","lng":113.7266,"city":"","ip":"47.244.157.65","lat":34.7725},{"country":"Singapore","lng":103.8558,"city":"Singapore","ip":"47.74.240.136","lat":1.2931},{"country":"United States","lng":-77.2497,"city":"","ip":"47.89.178.46","lat":38.6582},{"country":"China","lng":116.3889,"city":"Beijing","ip":"123.116.58.65","lat":39.9288},{"country":"United States","lng":-119.7143,"city":"Boardman","ip":"54.212.244.155","lat":45.8491},{"country":"Brazil","lng":-46.6417,"city":"São Paulo","ip":"18.228.15.36","lat":-23.5733},{"country":"Republic of Korea","lng":126.7317,"city":"Incheon","ip":"54.180.146.193","lat":37.4536},{"country":"China","lng":116.3889,"city":"Beijing","ip":"114.252.57.195","lat":39.9288},{"country":"China","lng":106.5528,"city":"Chongqing","ip":"14.104.86.110","lat":29.5628},{"country":"Ireland","lng":-6.2489,"city":"Dublin","ip":"34.250.7.238","lat":53.3331},{"country":"United States","lng":-122.3476,"city":"Seattle","ip":"3.13.104.43","lat":47.6339},{"country":"United States","lng":-121.8914,"city":"San Jose","ip":"52.8.16.107","lat":37.3388},{"country":"Germany","lng":6.9108,"city":"Cologne","ip":"78.34.234.170","lat":50.9124},{"country":"China","lng":120.1614,"city":"Hangzhou","ip":"47.75.77.31","lat":30.2936},{"country":"Singapore","lng":103.8558,"city":"Singapore","ip":"3.1.37.76","lat":1.2931},{"country":"Singapore","lng":103.8,"city":"","ip":"159.138.237.167","lat":1.3667},{"country":"United States","lng":-77.4728,"city":"Ashburn","ip":"3.217.133.209","lat":39.0481},{"country":"Singapore","lng":103.8558,"city":"Singapore","ip":"47.74.158.126","lat":1.2931},{"country":"United States","lng":-122.3276,"city":"San Mateo","ip":"47.252.84.158","lat":37.5507},{"country":"United States","lng":-122.3276,"city":"San Mateo","ip":"47.252.83.225","lat":37.5507},{"country":"Ireland","lng":-6.2489,"city":"Dublin","ip":"52.18.41.216","lat":53.3331},{"country":"Canada","lng":-73.5747,"city":"Montreal","ip":"192.99.18.197","lat":45.504},{"country":"United States","lng":-122.0775,"city":"Mountain View","ip":"35.240.160.120","lat":37.4056},{"country":"Japan","lng":139.7514,"city":"Tokyo","ip":"13.115.105.184","lat":35.685},{"country":"China","lng":120.1614,"city":"Hangzhou","ip":"47.75.91.185","lat":30.2936},{"country":"Japan","lng":139.7514,"city":"Tokyo","ip":"13.115.114.177","lat":35.685},{"country":"United States","lng":-122.3276,"city":"San Mateo","ip":"47.252.79.172","lat":37.5507},{"country":"Germany","lng":6.4186,"city":"Kempen","ip":"78.46.85.77","lat":51.3643},{"country":"Hong Kong","lng":114.1667,"city":"","ip":"47.52.204.244","lat":22.25},{"country":"Hong Kong","lng":114.1667,"city":"","ip":"47.52.151.120","lat":22.25},{"country":"China","lng":121.3997,"city":"Shanghai","ip":"116.247.85.182","lat":31.0456},{"country":"China","lng":116.3889,"city":"Beijing","ip":"114.244.64.248","lat":39.9288},{"country":"Finland","lng":24.9375,"city":"","ip":"95.217.38.143","lat":60.1708},{"country":"United States","lng":-122.3276,"city":"San Mateo","ip":"47.88.55.12","lat":37.5507},{"country":"China","lng":114.1333,"city":"Shenzhen","ip":"59.40.181.22","lat":22.5333},{"country":"United States","lng":-121.8914,"city":"San Jose","ip":"54.67.48.14","lat":37.3388},{"country":"United States","lng":-122.3276,"city":"San Mateo","ip":"47.254.71.253","lat":37.5507},{"country":"Germany","lng":9.491,"city":"","ip":"148.251.77.50","lat":51.2993},{"country":"China","lng":116.3889,"city":"Beijing","ip":"114.252.37.5","lat":39.9288},{"country":"United States","lng":-121.8914,"city":"San Jose","ip":"18.144.52.67","lat":37.3388},{"country":"United States","lng":-122.3276,"city":"San Mateo","ip":"47.252.85.150","lat":37.5507},{"country":"Singapore","lng":103.8558,"city":"Singapore","ip":"161.117.14.191","lat":1.2931},{"country":"United States","lng":-122.3276,"city":"San Mateo","ip":"47.252.84.209","lat":37.5507},{"country":"Japan","lng":139.7514,"city":"Tokyo","ip":"13.230.213.15","lat":35.685},{"country":"United States","lng":-83.0235,"city":"Columbus","ip":"13.58.173.138","lat":39.9653},{"country":"United States","lng":-80.061,"city":"Boynton Beach","ip":"96.75.78.227","lat":26.5254},{"country":"United States","lng":-96.8054,"city":"Dallas","ip":"192.169.81.106","lat":32.7781},{"country":"Ireland","lng":-6.2489,"city":"Dublin","ip":"34.253.195.23","lat":53.3331},{"country":"United States","lng":-122.3276,"city":"San Mateo","ip":"67.188.159.187","lat":37.5507},{"country":"United States","lng":-122.3276,"city":"San Mateo","ip":"47.252.80.97","lat":37.5507},{"country":"France","lng":2.3292,"city":"Paris","ip":"35.180.51.163","lat":48.8628},{"country":"Germany","lng":9.491,"city":"","ip":"148.251.42.172","lat":51.2993},{"country":"United States","lng":-77.4728,"city":"Ashburn","ip":"35.175.245.180","lat":39.0481},{"country":"China","lng":116.3889,"city":"Beijing","ip":"123.118.132.138","lat":39.9288},{"country":"Hong Kong","lng":114.1667,"city":"","ip":"47.52.131.181","lat":22.25},{"country":"Republic of Korea","lng":126.7317,"city":"Incheon","ip":"13.124.62.58","lat":37.4536},{"country":"Germany","lng":9.491,"city":"","ip":"116.202.84.155","lat":51.2993},{"country":"Singapore","lng":103.8,"city":"","ip":"47.88.218.199","lat":1.3667},{"country":"China","lng":113.7266,"city":"","ip":"47.244.227.242","lat":34.7725},{"country":"Hong Kong","lng":114.1667,"city":"","ip":"47.52.234.156","lat":22.25},{"country":"United States","lng":-83.0235,"city":"Columbus","ip":"3.17.87.137","lat":39.9653},{"country":"United States","lng":-83.0235,"city":"Columbus","ip":"13.58.84.128","lat":39.9653},{"country":"Germany","lng":8.6823,"city":"Frankfurt am Main","ip":"3.120.164.60","lat":50.1153},{"country":"United States","lng":-77.4728,"city":"Ashburn","ip":"54.236.37.243","lat":39.0481},{"country":"Republic of Korea","lng":126.97409999999999,"city":"","ip":"210.180.64.165","lat":37.5112},{"country":"Singapore","lng":103.8558,"city":"Singapore","ip":"54.169.215.233","lat":1.2931},{"country":"United States","lng":-122.3276,"city":"San Mateo","ip":"47.252.87.12","lat":37.5507},{"country":"United States","lng":-122.3276,"city":"San Mateo","ip":"47.252.84.148","lat":37.5507},{"country":"China","lng":106.5528,"city":"Chongqing","ip":"14.104.84.21","lat":29.5628},{"country":"Japan","lng":139.7514,"city":"Tokyo","ip":"3.113.1.47","lat":35.685},{"country":"China","lng":114.1333,"city":"Shenzhen","ip":"116.30.223.222","lat":22.5333},{"country":"China","lng":113.7266,"city":"","ip":"39.106.200.147","lat":34.7725},{"country":"United States","lng":-122.3276,"city":"San Mateo","ip":"47.254.77.211","lat":37.5507},{"country":"Singapore","lng":103.8558,"city":"Singapore","ip":"8.209.76.216","lat":1.2931},{"country":"China","lng":113.7266,"city":"","ip":"47.244.148.130","lat":34.7725},{"country":"United Kingdom","lng":0.4569,"city":"Rochester","ip":"2.25.127.77","lat":51.3743},{"country":"Republic of Korea","lng":126.7317,"city":"Incheon","ip":"13.209.44.12","lat":37.4536},{"country":"United States","lng":-122.3276,"city":"San Mateo","ip":"47.252.80.146","lat":37.5507},{"country":"France","lng":2.3387000000000002,"city":"","ip":"51.38.62.207","lat":48.8582},{"country":"United States","lng":-77.4728,"city":"Ashburn","ip":"18.205.198.145","lat":39.0481},{"country":"United States","lng":-83.0235,"city":"Columbus","ip":"18.221.34.0","lat":39.9653},{"country":"Germany","lng":9.491,"city":"","ip":"136.243.23.101","lat":51.2993},{"country":"Germany","lng":11.1649,"city":"Nuremberg","ip":"173.212.246.158","lat":49.4075},{"country":"Singapore","lng":103.8558,"city":"Singapore","ip":"54.255.149.139","lat":1.2931},{"country":"Germany","lng":9.491,"city":"","ip":"136.243.22.211","lat":51.2993},{"country":"Japan","lng":139.7514,"city":"Tokyo","ip":"47.74.49.108","lat":35.685},{"country":"China","lng":114.1333,"city":"Shenzhen","ip":"116.30.220.31","lat":22.5333},{"country":"China","lng":120.1614,"city":"Hangzhou","ip":"47.75.34.114","lat":30.2936},{"country":"Ireland","lng":-6.2489,"city":"Dublin","ip":"54.246.251.57","lat":53.3331},{"country":"France","lng":2.3292,"city":"Paris","ip":"35.180.18.107","lat":48.8628},{"country":"Romania","lng":25,"city":"","ip":"84.239.4.55","lat":46},{"country":"United States","lng":-77.4728,"city":"Ashburn","ip":"3.85.74.168","lat":39.0481},{"country":"Republic of Korea","lng":126.9783,"city":"Seoul","ip":"59.6.135.38","lat":37.5985},{"country":"Japan","lng":139.7514,"city":"Tokyo","ip":"13.231.232.28","lat":35.685},{"country":"China","lng":120.3719,"city":"","ip":"124.135.82.117","lat":36.0986},{"country":"China","lng":116.3889,"city":"Beijing","ip":"221.216.140.151","lat":39.9288},{"country":"United States","lng":-119.7143,"city":"Boardman","ip":"54.189.114.239","lat":45.8491},{"country":"Germany","lng":8.6823,"city":"Frankfurt am Main","ip":"3.122.1.117","lat":50.1153},{"country":"Australia","lng":144.9544,"city":"Melbourne","ip":"47.74.66.5","lat":-37.8103},{"country":"Republic of Korea","lng":126.7317,"city":"Incheon","ip":"13.125.241.235","lat":37.4536},{"country":"Japan","lng":139.7514,"city":"Tokyo","ip":"47.74.45.220","lat":35.685},{"country":"United States","lng":-84.388,"city":"Atlanta","ip":"45.33.98.93","lat":33.749},{"country":"United States","lng":-122.3276,"city":"San Mateo","ip":"47.90.240.187","lat":37.5507},{"country":"China","lng":113.7266,"city":"","ip":"47.244.1.101","lat":34.7725},{"country":"United States","lng":-77.4728,"city":"Ashburn","ip":"52.207.82.43","lat":39.0481},{"country":"United States","lng":-122.3276,"city":"San Mateo","ip":"47.56.138.197","lat":37.5507},{"country":"India","lng":72.8258,"city":"Mumbai","ip":"13.127.47.162","lat":18.975},{"country":"China","lng":114.1333,"city":"Shenzhen","ip":"116.30.221.132","lat":22.5333},{"country":"China","lng":113.7266,"city":"","ip":"47.244.175.79","lat":34.7725},{"country":"United States","lng":-122.3276,"city":"San Mateo","ip":"47.56.66.205","lat":37.5507},{"country":"Japan","lng":139.7514,"city":"Tokyo","ip":"47.74.45.99","lat":35.685},{"country":"United States","lng":-83.0235,"city":"Columbus","ip":"52.15.142.111","lat":39.9653},{"country":"United States","lng":-78.1566,"city":"Washington","ip":"52.170.3.24","lat":38.7078},{"country":"United Kingdom","lng":-0.1224,"city":"","ip":"8.208.8.242","lat":51.4964},{"country":"China","lng":121.3997,"city":"","ip":"180.168.38.190","lat":31.0456},{"country":"India","lng":72.6167,"city":"Ahmedabad","ip":"49.34.4.251","lat":23.0333},{"country":"Germany","lng":9.491,"city":"","ip":"88.198.219.156","lat":51.2993},{"country":"China","lng":116.3889,"city":"Beijing","ip":"221.122.37.82","lat":39.9288},{"country":"Poland","lng":21.0362,"city":"","ip":"193.203.209.37","lat":52.2394},{"country":"China","lng":116.3889,"city":"Beijing","ip":"221.221.149.24","lat":39.9288},{"country":"Hong Kong","lng":114.1667,"city":"","ip":"47.52.112.68","lat":22.25},{"country":"South Africa","lng":24,"city":"","ip":"197.80.61.20","lat":-29},{"country":"Republic of Korea","lng":126.7317,"city":"Incheon","ip":"54.180.105.50","lat":37.4536},{"country":"China","lng":114.1333,"city":"Shenzhen","ip":"116.30.223.95","lat":22.5333},{"country":"Ireland","lng":-6.2489,"city":"Dublin","ip":"52.215.155.205","lat":53.3331},{"country":"Germany","lng":9.491,"city":"","ip":"116.202.84.160","lat":51.2993},{"country":"United States","lng":-77.4728,"city":"Ashburn","ip":"54.84.137.17","lat":39.0481},{"country":"","lng":105,"city":"","ip":"35.198.194.63","lat":35},{"country":"United States","lng":-77.2497,"city":"","ip":"35.194.113.178","lat":38.6582},{"country":"Canada","lng":-73.5747,"city":"Montreal","ip":"54.39.100.82","lat":45.504},{"country":"Japan","lng":139.7514,"city":"Tokyo","ip":"47.74.38.144","lat":35.685},{"country":"United States","lng":-122.3276,"city":"San Mateo","ip":"47.88.92.153","lat":37.5507},{"country":"United States","lng":-77.2497,"city":"","ip":"47.89.185.49","lat":38.6582},{"country":"Japan","lng":139.69,"city":"","ip":"147.92.134.101","lat":35.69},{"country":"Germany","lng":9.491,"city":"","ip":"5.254.14.130","lat":51.2993},{"country":"United States","lng":-119.7143,"city":"Boardman","ip":"34.219.74.9","lat":45.8491},{"country":"France","lng":2.3387000000000002,"city":"","ip":"51.255.82.158","lat":48.8582},{"country":"United States","lng":-97.822,"city":"","ip":"3.135.247.193","lat":37.751},{"country":"Japan","lng":139.7514,"city":"Tokyo","ip":"13.231.28.5","lat":35.685},{"country":"Finland","lng":24.9375,"city":"","ip":"95.217.38.79","lat":60.1708},{"country":"United States","lng":-77.4728,"city":"Ashburn","ip":"34.207.184.82","lat":39.0481},{"country":"China","lng":116.3889,"city":"Beijing","ip":"114.249.230.198","lat":39.9288},{"country":"China","lng":113.7266,"city":"","ip":"47.92.120.210","lat":34.7725},{"country":"Netherlands","lng":4.8995,"city":"","ip":"31.204.151.62","lat":52.3824},{"country":"China","lng":113.7266,"city":"","ip":"47.244.125.36","lat":34.7725},{"country":"United States","lng":-77.2497,"city":"","ip":"47.89.183.28","lat":38.6582},{"country":"United States","lng":-77.4728,"city":"Ashburn","ip":"54.86.5.92","lat":39.0481},{"country":"China","lng":120.1614,"city":"Hangzhou","ip":"47.75.1.69","lat":30.2936},{"country":"Republic of Korea","lng":126.97409999999999,"city":"","ip":"116.126.141.40","lat":37.5112},{"country":"United States","lng":-122.3276,"city":"San Mateo","ip":"47.252.84.249","lat":37.5507},{"country":"Netherlands","lng":4.8995,"city":"","ip":"37.97.241.240","lat":52.3824},{"country":"China","lng":120.1614,"city":"Hangzhou","ip":"47.75.95.250","lat":30.2936},{"country":"China","lng":120.1614,"city":"Hangzhou","ip":"47.75.38.234","lat":30.2936},{"country":"Japan","lng":139.7514,"city":"Tokyo","ip":"47.91.19.201","lat":35.685},{"country":"United States","lng":-122.3276,"city":"San Mateo","ip":"47.252.87.234","lat":37.5507},{"country":"Hong Kong","lng":114.1667,"city":"","ip":"47.91.250.233","lat":22.25},{"country":"Republic of Korea","lng":126.97409999999999,"city":"","ip":"1.234.18.162","lat":37.5112},{"country":"Germany","lng":9.491,"city":"","ip":"116.203.83.50","lat":51.2993},{"country":"United States","lng":-122.3276,"city":"San Mateo","ip":"47.252.17.31","lat":37.5507},{"country":"Republic of Korea","lng":126.97409999999999,"city":"","ip":"175.125.95.44","lat":37.5112},{"country":"Singapore","lng":103.8558,"city":"Singapore","ip":"54.255.220.165","lat":1.2931},{"country":"Germany","lng":8.6823,"city":"Frankfurt am Main","ip":"18.196.31.149","lat":50.1153},{"country":"China","lng":113.7266,"city":"","ip":"47.244.15.65","lat":34.7725},{"country":"United States","lng":-122.3276,"city":"San Mateo","ip":"47.88.32.164","lat":37.5507},{"country":"United States","lng":-122.3476,"city":"Seattle","ip":"3.15.195.39","lat":47.6339},{"country":"United States","lng":-122.3276,"city":"San Mateo","ip":"47.56.98.136","lat":37.5507},{"country":"China","lng":116.3889,"city":"Beijing","ip":"221.216.140.181","lat":39.9288},{"country":"United States","lng":-122.3276,"city":"San Mateo","ip":"47.90.243.148","lat":37.5507},{"country":"United States","lng":-122.3276,"city":"San Mateo","ip":"47.254.82.21","lat":37.5507},{"country":"China","lng":116.3889,"city":"Beijing","ip":"52.81.134.103","lat":39.9288},{"country":"Germany","lng":8.6823,"city":"Frankfurt am Main","ip":"47.254.157.51","lat":50.1153},{"country":"China","lng":113.7266,"city":"","ip":"47.96.84.237","lat":34.7725},{"country":"Japan","lng":139.7514,"city":"Tokyo","ip":"3.113.37.169","lat":35.685},{"country":"Finland","lng":24.9375,"city":"","ip":"95.216.46.146","lat":60.1708},{"country":"United States","lng":-122.3276,"city":"San Mateo","ip":"47.252.81.153","lat":37.5507},{"country":"United States","lng":-122.3276,"city":"San Mateo","ip":"47.245.3.27","lat":37.5507},{"country":"United States","lng":-77.4728,"city":"Ashburn","ip":"18.209.42.127","lat":39.0481},{"country":"United States","lng":-122.3276,"city":"San Mateo","ip":"47.245.7.0","lat":37.5507},{"country":"Hong Kong","lng":114.1667,"city":"","ip":"47.52.72.231","lat":22.25},{"country":"United States","lng":-77.4728,"city":"Ashburn","ip":"18.234.198.237","lat":39.0481},{"country":"China","lng":116.3889,"city":"Beijing","ip":"114.250.190.144","lat":39.9288},{"country":"China","lng":102.7183,"city":"Kunming","ip":"112.115.89.98","lat":25.0389},{"country":"United States","lng":-122.3276,"city":"San Mateo","ip":"47.88.107.156","lat":37.5507},{"country":"United States","lng":-122.0775,"city":"Mountain View","ip":"35.247.54.10","lat":37.4056},{"country":"Hong Kong","lng":114.1667,"city":"","ip":"47.52.59.134","lat":22.25},{"country":"United States","lng":-83.0235,"city":"Columbus","ip":"13.59.117.30","lat":39.9653},{"country":"United States","lng":-83.0235,"city":"Columbus","ip":"18.224.157.94","lat":39.9653},{"country":"China","lng":113.7266,"city":"","ip":"47.244.2.12","lat":34.7725},{"country":"United States","lng":-77.4728,"city":"Ashburn","ip":"34.237.210.82","lat":39.0481},{"country":"Singapore","lng":103.8558,"city":"Singapore","ip":"13.229.204.204","lat":1.2931},{"country":"Singapore","lng":103.8,"city":"","ip":"47.88.152.194","lat":1.3667},{"country":"United States","lng":-97.822,"city":"","ip":"18.178.190.176","lat":37.751},{"country":"United States","lng":-83.0235,"city":"Columbus","ip":"18.188.130.235","lat":39.9653},{"country":"United States","lng":-77.2497,"city":"","ip":"35.229.97.88","lat":38.6582},{"country":"Ireland","lng":-6.2489,"city":"Dublin","ip":"52.211.201.64","lat":53.3331},{"country":"United States","lng":-122.3276,"city":"San Mateo","ip":"47.90.189.19","lat":37.5507},{"country":"United States","lng":-122.3276,"city":"San Mateo","ip":"47.90.208.225","lat":37.5507},{"country":"China","lng":116.3889,"city":"Beijing","ip":"221.221.146.3","lat":39.9288},{"country":"Germany","lng":9.491,"city":"","ip":"88.99.235.240","lat":51.2993},{"country":"Japan","lng":139.7514,"city":"Tokyo","ip":"54.199.173.73","lat":35.685},{"country":"Republic of Korea","lng":126.97409999999999,"city":"","ip":"116.126.141.156","lat":37.5112},{"country":"United Kingdom","lng":-0.0949,"city":"London","ip":"52.56.56.149","lat":51.5161},{"country":"United States","lng":-122.3276,"city":"San Mateo","ip":"47.252.80.2","lat":37.5507},{"country":"United States","lng":-122.3276,"city":"San Mateo","ip":"47.89.241.233","lat":37.5507},{"country":"Germany","lng":9.491,"city":"","ip":"46.4.80.152","lat":51.2993},{"country":"United Kingdom","lng":-0.0949,"city":"London","ip":"3.10.70.76","lat":51.5161},{"country":"United States","lng":-122.3276,"city":"San Mateo","ip":"47.254.30.23","lat":37.5507},{"country":"Japan","lng":139.7514,"city":"Tokyo","ip":"13.231.7.142","lat":35.685},{"country":"United States","lng":-83.0235,"city":"Columbus","ip":"3.17.154.212","lat":39.9653},{"country":"United States","lng":-121.8914,"city":"San Jose","ip":"54.219.124.55","lat":37.3388},{"country":"Canada","lng":-73.5833,"city":"Montreal","ip":"35.182.37.246","lat":45.5},{"country":"China","lng":113.1315,"city":"Foshan","ip":"14.25.181.22","lat":23.0268},{"country":"Japan","lng":139.69,"city":"","ip":"133.186.209.26","lat":35.69},{"country":"Germany","lng":6.4387,"city":"Mönchengladbach","ip":"78.94.80.14","lat":51.1958},{"country":"Japan","lng":139.7514,"city":"Tokyo","ip":"52.197.6.219","lat":35.685},{"country":"Ireland","lng":-6.2489,"city":"Dublin","ip":"54.77.196.250","lat":53.3331},{"country":"Japan","lng":139.7514,"city":"Tokyo","ip":"139.162.98.218","lat":35.685},{"country":"United States","lng":-77.4728,"city":"Ashburn","ip":"54.164.152.238","lat":39.0481},{"country":"United States","lng":-119.7143,"city":"Boardman","ip":"34.221.216.234","lat":45.8491},{"country":"Republic of Korea","lng":126.7317,"city":"Incheon","ip":"52.78.142.102","lat":37.4536},{"country":"United States","lng":-77.4728,"city":"Ashburn","ip":"34.229.135.162","lat":39.0481},{"country":"United States","lng":-122.3476,"city":"Seattle","ip":"3.15.211.254","lat":47.6339},{"country":"United States","lng":-83.0235,"city":"Columbus","ip":"18.188.138.199","lat":39.9653},{"country":"Germany","lng":8.6823,"city":"Frankfurt am Main","ip":"18.194.1.163","lat":50.1153},{"country":"Romania","lng":25,"city":"","ip":"84.239.4.54","lat":46},{"country":"Finland","lng":24.9375,"city":"","ip":"95.217.44.228","lat":60.1708},{"country":"Singapore","lng":103.8558,"city":"Singapore","ip":"13.229.116.101","lat":1.2931},{"country":"United States","lng":-77.2497,"city":"","ip":"35.196.18.104","lat":38.6582},{"country":"Republic of Korea","lng":126.97409999999999,"city":"","ip":"115.68.139.93","lat":37.5112},{"country":"United States","lng":-83.0235,"city":"Columbus","ip":"52.14.106.221","lat":39.9653},{"country":"Singapore","lng":103.8558,"city":"Singapore","ip":"47.74.189.232","lat":1.2931},{"country":"United States","lng":-122.3276,"city":"San Mateo","ip":"47.252.84.22","lat":37.5507},{"country":"United States","lng":-122.3276,"city":"San Mateo","ip":"47.252.81.102","lat":37.5507},{"country":"United States","lng":-77.4728,"city":"Ashburn","ip":"34.229.207.211","lat":39.0481},{"country":"United States","lng":-77.4728,"city":"Ashburn","ip":"3.89.186.252","lat":39.0481},{"country":"United States","lng":-77.4728,"city":"Ashburn","ip":"3.218.137.187","lat":39.0481},{"country":"United States","lng":-122.3276,"city":"San Mateo","ip":"47.90.189.194","lat":37.5507},{"country":"Romania","lng":25,"city":"","ip":"84.239.4.44","lat":46},{"country":"United States","lng":-122.3276,"city":"San Mateo","ip":"47.252.81.126","lat":37.5507},{"country":"Russia","lng":37.6068,"city":"","ip":"185.137.233.109","lat":55.7386},{"country":"United States","lng":-77.4728,"city":"Ashburn","ip":"3.93.211.154","lat":39.0481},{"country":"China","lng":113.7266,"city":"","ip":"39.106.126.15","lat":34.7725},{"country":"Germany","lng":10.8834,"city":"Bamberg","ip":"31.16.251.123","lat":49.88},{"country":"France","lng":2.3387000000000002,"city":"","ip":"54.37.81.146","lat":48.8582},{"country":"Hong Kong","lng":114.1667,"city":"","ip":"47.52.25.99","lat":22.25},{"country":"Republic of Korea","lng":126.97409999999999,"city":"","ip":"121.78.223.199","lat":37.5112},{"country":"United States","lng":-77.4728,"city":"Ashburn","ip":"3.91.183.116","lat":39.0481},{"country":"United States","lng":-119.7143,"city":"Boardman","ip":"52.88.109.192","lat":45.8491},{"country":"France","lng":2.3292,"city":"Paris","ip":"51.159.1.14","lat":48.8628},{"country":"China","lng":113.7266,"city":"","ip":"47.95.206.44","lat":34.7725},{"country":"Japan","lng":139.7514,"city":"Tokyo","ip":"13.231.214.84","lat":35.685},{"country":"Germany","lng":9.491,"city":"","ip":"138.201.200.145","lat":51.2993},{"country":"Ireland","lng":-6.2489,"city":"Dublin","ip":"52.50.149.227","lat":53.3331},{"country":"United States","lng":-121.8914,"city":"San Jose","ip":"13.64.98.72","lat":37.3388},{"country":"United States","lng":-77.2497,"city":"","ip":"35.231.235.152","lat":38.6582},{"country":"China","lng":116.3889,"city":"Beijing","ip":"114.249.217.103","lat":39.9288},{"country":"United States","lng":-74.1377,"city":"Clifton","ip":"167.99.48.52","lat":40.8344},{"country":"Germany","lng":8.6823,"city":"Frankfurt am Main","ip":"18.185.211.233","lat":50.1153},{"country":"Singapore","lng":103.8558,"city":"Singapore","ip":"54.251.149.203","lat":1.2931},{"country":"United States","lng":-121.8914,"city":"San Jose","ip":"54.183.106.63","lat":37.3388},{"country":"China","lng":120.3719,"city":"","ip":"221.215.255.49","lat":36.0986},{"country":"Japan","lng":139.7514,"city":"Tokyo","ip":"54.65.179.69","lat":35.685},{"country":"United States","lng":-97.7426,"city":"Austin","ip":"98.6.88.174","lat":30.2713},{"country":"Germany","lng":11.0683,"city":"Nuremberg","ip":"88.198.11.55","lat":49.4478},{"country":"China","lng":113.7266,"city":"","ip":"47.75.211.242","lat":34.7725},{"country":"Spain","lng":2.0833,"city":"Sant Cugat del Vallès","ip":"37.15.62.115","lat":41.4667},{"country":"Ireland","lng":-6.2489,"city":"Dublin","ip":"52.31.177.139","lat":53.3331},{"country":"Japan","lng":139.7514,"city":"Tokyo","ip":"54.248.14.3","lat":35.685},{"country":"Japan","lng":139.7514,"city":"Tokyo","ip":"52.195.7.114","lat":35.685},{"country":"United States","lng":-122.3276,"city":"San Mateo","ip":"47.90.250.85","lat":37.5507},{"country":"United States","lng":-83.0235,"city":"Columbus","ip":"13.59.165.215","lat":39.9653},{"country":"Japan","lng":139.7514,"city":"Tokyo","ip":"54.248.214.183","lat":35.685},{"country":"Singapore","lng":103.8558,"city":"Singapore","ip":"47.74.243.212","lat":1.2931},{"country":"France","lng":2.3387000000000002,"city":"","ip":"147.135.130.117","lat":48.8582},{"country":"Singapore","lng":103.8558,"city":"Singapore","ip":"52.77.207.160","lat":1.2931},{"country":"France","lng":2.3387000000000002,"city":"","ip":"94.23.23.90","lat":48.8582},{"country":"Republic of Korea","lng":126.9351,"city":"Seodaemun-gu","ip":"121.162.106.114","lat":37.5781},{"country":"Germany","lng":8.6823,"city":"Frankfurt am Main","ip":"47.254.153.119","lat":50.1153},{"country":"United States","lng":-122.0775,"city":"Mountain View","ip":"35.245.148.159","lat":37.4056},{"country":"China","lng":121.3997,"city":"","ip":"116.228.82.26","lat":31.0456},{"country":"Japan","lng":139.7514,"city":"Tokyo","ip":"54.95.165.18","lat":35.685},{"country":"Republic of Korea","lng":126.97409999999999,"city":"","ip":"175.125.94.87","lat":37.5112},{"country":"United States","lng":-122.0775,"city":"Mountain View","ip":"35.208.122.10","lat":37.4056},{"country":"United States","lng":-77.4728,"city":"Ashburn","ip":"50.16.137.159","lat":39.0481},{"country":"China","lng":113.7266,"city":"","ip":"47.75.163.60","lat":34.7725},{"country":"United States","lng":-122.3276,"city":"San Mateo","ip":"47.89.244.105","lat":37.5507},{"country":"France","lng":2.3292,"city":"Paris","ip":"35.180.81.133","lat":48.8628},{"country":"China","lng":120.1614,"city":"Hangzhou","ip":"47.75.108.130","lat":30.2936},{"country":"Finland","lng":24.9375,"city":"","ip":"95.216.94.29","lat":60.1708},{"country":"Canada","lng":-73.5833,"city":"Montreal","ip":"52.60.187.83","lat":45.5},{"country":"Germany","lng":8.6823,"city":"Frankfurt am Main","ip":"3.123.227.163","lat":50.1153},{"country":"Hong Kong","lng":114.1667,"city":"","ip":"47.90.3.192","lat":22.25},{"country":"United States","lng":-122.3276,"city":"San Mateo","ip":"47.252.3.198","lat":37.5507},{"country":"China","lng":113.7266,"city":"","ip":"47.113.117.81","lat":34.7725},{"country":"Romania","lng":25,"city":"","ip":"84.239.4.57","lat":46},{"country":"United States","lng":-122.3276,"city":"San Mateo","ip":"47.252.84.240","lat":37.5507},{"country":"Germany","lng":8.6823,"city":"Frankfurt am Main","ip":"35.159.8.92","lat":50.1153},{"country":"China","lng":116.3889,"city":"Beijing","ip":"222.129.45.222","lat":39.9288},{"country":"United States","lng":-121.8914,"city":"San Jose","ip":"13.57.24.141","lat":37.3388},{"country":"France","lng":2.3387000000000002,"city":"","ip":"51.91.48.126","lat":48.8582},{"country":"China","lng":113.7266,"city":"","ip":"39.96.60.235","lat":34.7725},{"country":"Germany","lng":8.6823,"city":"Frankfurt am Main","ip":"18.185.118.71","lat":50.1153},{"country":"Republic of Lithuania","lng":24,"city":"","ip":"93.115.27.148","lat":56},{"country":"China","lng":116.2347,"city":"Changping","ip":"221.219.114.43","lat":40.2161},{"country":"France","lng":2.3387000000000002,"city":"","ip":"51.81.104.234","lat":48.8582},{"country":"China","lng":113.7266,"city":"","ip":"47.75.220.27","lat":34.7725},{"country":"Germany","lng":8.6823,"city":"Frankfurt am Main","ip":"18.196.99.16","lat":50.1153},{"country":"Republic of Korea","lng":126.97409999999999,"city":"","ip":"110.10.124.179","lat":37.5112},{"country":"Ireland","lng":-6.2489,"city":"Dublin","ip":"52.50.87.197","lat":53.3331},{"country":"India","lng":75.8333,"city":"Indore","ip":"111.118.241.98","lat":22.7167},{"country":"Hong Kong","lng":114.1667,"city":"","ip":"47.91.254.182","lat":22.25},{"country":"Georgia","lng":44.7908,"city":"Tbilisi","ip":"188.93.90.3","lat":41.725},{"country":"France","lng":2.3387000000000002,"city":"","ip":"149.202.210.187","lat":48.8582},{"country":"China","lng":104.0667,"city":"","ip":"125.71.194.79","lat":30.6667},{"country":"United States","lng":-122.3276,"city":"San Mateo","ip":"47.252.84.74","lat":37.5507},{"country":"Hong Kong","lng":114.1667,"city":"","ip":"47.90.101.134","lat":22.25},{"country":"United States","lng":-119.7143,"city":"Boardman","ip":"34.217.50.16","lat":45.8491},{"country":"China","lng":113.7266,"city":"","ip":"47.75.249.4","lat":34.7725},{"country":"China","lng":113.7266,"city":"","ip":"47.104.176.206","lat":34.7725},{"country":"Australia","lng":151.1982,"city":"Sydney","ip":"52.63.185.80","lat":-33.8612},{"country":"Canada","lng":-73.5747,"city":"Montreal","ip":"192.99.233.75","lat":45.504},{"country":"United States","lng":-122.3276,"city":"San Mateo","ip":"47.252.85.13","lat":37.5507},{"country":"China","lng":113.7266,"city":"","ip":"39.105.21.3","lat":34.7725},{"country":"Japan","lng":139.7514,"city":"Tokyo","ip":"13.231.243.223","lat":35.685},{"country":"United States","lng":-119.7143,"city":"Boardman","ip":"34.217.206.144","lat":45.8491},{"country":"Republic of Korea","lng":126.97409999999999,"city":"","ip":"211.196.247.201","lat":37.5112},{"country":"China","lng":116.3889,"city":"Beijing","ip":"221.221.144.227","lat":39.9288},{"country":"United States","lng":-122.3276,"city":"San Mateo","ip":"47.252.80.220","lat":37.5507},{"country":"China","lng":113.7266,"city":"","ip":"47.75.193.143","lat":34.7725},{"country":"China","lng":116.3889,"city":"Beijing","ip":"114.249.178.114","lat":39.9288},{"country":"Republic of Korea","lng":126.7317,"city":"Incheon","ip":"13.124.185.219","lat":37.4536},{"country":"China","lng":113.7266,"city":"","ip":"60.205.215.34","lat":34.7725},{"country":"United Kingdom","lng":-0.0949,"city":"London","ip":"35.178.11.0","lat":51.5161},{"country":"Hong Kong","lng":114.1667,"city":"","ip":"47.52.254.128","lat":22.25},{"country":"Russia","lng":37.6156,"city":"Moscow","ip":"185.111.218.120","lat":55.7522},{"country":"United States","lng":-121.9999,"city":"Fremont","ip":"173.255.212.68","lat":37.5605},{"country":"United States","lng":-119.7143,"city":"Boardman","ip":"34.220.147.126","lat":45.8491},{"country":"United States","lng":-122.3276,"city":"San Mateo","ip":"47.254.83.165","lat":37.5507},{"country":"United States","lng":-122.3276,"city":"San Mateo","ip":"47.245.6.111","lat":37.5507},{"country":"France","lng":2.3292,"city":"Paris","ip":"52.47.129.140","lat":48.8628},{"country":"","lng":105,"city":"","ip":"35.194.202.219","lat":35},{"country":"Hong Kong","lng":114.1667,"city":"","ip":"47.52.108.145","lat":22.25},{"country":"United States","lng":-122.3276,"city":"San Mateo","ip":"47.245.55.18","lat":37.5507},{"country":"China","lng":118.7778,"city":"","ip":"153.99.179.189","lat":32.0617},{"country":"Brazil","lng":-46.6417,"city":"São Paulo","ip":"18.229.43.112","lat":-23.5733},{"country":"Canada","lng":-73.5833,"city":"Montreal","ip":"35.183.101.7","lat":45.5},{"country":"United States","lng":-119.7143,"city":"Boardman","ip":"52.39.119.104","lat":45.8491},{"country":"Japan","lng":139.7514,"city":"Tokyo","ip":"3.115.19.254","lat":35.685},{"country":"Republic of Korea","lng":126.9783,"city":"Seoul","ip":"14.52.231.208","lat":37.5985},{"country":"United States","lng":-122.3276,"city":"San Mateo","ip":"47.241.24.176","lat":37.5507},{"country":"United States","lng":-122.3276,"city":"San Mateo","ip":"47.90.201.112","lat":37.5507},{"country":"Taiwan","lng":121.5318,"city":"Taipei","ip":"211.72.175.250","lat":25.0478},{"country":"Republic of Korea","lng":126.7317,"city":"Incheon","ip":"52.78.55.111","lat":37.4536},{"country":"China","lng":113.7266,"city":"","ip":"118.190.244.143","lat":34.7725},{"country":"Singapore","lng":103.8,"city":"","ip":"170.106.38.144","lat":1.3667},{"country":"United States","lng":-122.3276,"city":"San Mateo","ip":"47.57.20.47","lat":37.5507},{"country":"China","lng":120.1614,"city":"","ip":"115.231.100.100","lat":30.2936},{"country":"Japan","lng":139.7514,"city":"Tokyo","ip":"47.74.35.73","lat":35.685},{"country":"United States","lng":-77.4728,"city":"Ashburn","ip":"54.226.40.207","lat":39.0481},{"country":"Germany","lng":6.9898,"city":"Leverkusen","ip":"78.35.155.206","lat":51.0307},{"country":"United States","lng":-122.3276,"city":"San Mateo","ip":"47.252.86.18","lat":37.5507},{"country":"United States","lng":-122.3276,"city":"San Mateo","ip":"47.90.201.181","lat":37.5507},{"country":"Romania","lng":25,"city":"","ip":"84.239.4.145","lat":46},{"country":"France","lng":2.3387000000000002,"city":"","ip":"5.196.119.138","lat":48.8582},{"country":"Poland","lng":21.0362,"city":"","ip":"79.137.68.33","lat":52.2394},{"country":"United Kingdom","lng":-2.2932,"city":"Manchester","ip":"77.237.249.182","lat":53.4767},{"country":"Hong Kong","lng":114.1667,"city":"","ip":"47.52.157.251","lat":22.25},{"country":"Germany","lng":9.491,"city":"","ip":"145.239.245.185","lat":51.2993},{"country":"United States","lng":-83.0235,"city":"Columbus","ip":"52.15.93.92","lat":39.9653},{"country":"Republic of Korea","lng":126.9783,"city":"Seoul","ip":"220.76.92.67","lat":37.5985},{"country":"Germany","lng":6.2705,"city":"Linnich","ip":"78.35.232.150","lat":50.98},{"country":"France","lng":2.3387000000000002,"city":"","ip":"51.68.119.188","lat":48.8582},{"country":"Canada","lng":-73.5833,"city":"Montreal","ip":"35.182.229.162","lat":45.5},{"country":"Russia","lng":37.6156,"city":"Moscow","ip":"217.197.121.250","lat":55.7522},{"country":"Australia","lng":144.9544,"city":"Melbourne","ip":"47.91.42.70","lat":-37.8103},{"country":"China","lng":106.5528,"city":"Chongqing","ip":"14.104.80.72","lat":29.5628},{"country":"Republic of Korea","lng":126.7317,"city":"Incheon","ip":"13.125.72.185","lat":37.4536},{"country":"Germany","lng":8.6823,"city":"Frankfurt am Main","ip":"18.197.209.65","lat":50.1153},{"country":"India","lng":72.6167,"city":"Ahmedabad","ip":"49.34.70.128","lat":23.0333},{"country":"Germany","lng":6.9747,"city":"Wesseling","ip":"87.78.72.217","lat":50.8271},{"country":"United States","lng":-122.3276,"city":"San Mateo","ip":"47.89.243.195","lat":37.5507},{"country":"Republic of Korea","lng":126.7317,"city":"Incheon","ip":"13.124.185.229","lat":37.4536},{"country":"United States","lng":-97.822,"city":"","ip":"18.178.214.200","lat":37.751},{"country":"Hong Kong","lng":114.1667,"city":"","ip":"47.91.245.244","lat":22.25},{"country":"Japan","lng":139.69,"city":"","ip":"172.105.220.129","lat":35.69},{"country":"Singapore","lng":103.8558,"city":"Singapore","ip":"18.138.212.22","lat":1.2931},{"country":"China","lng":116.3889,"city":"Beijing","ip":"223.104.3.19","lat":39.9288},{"country":"Germany","lng":9.491,"city":"","ip":"138.201.45.232","lat":51.2993},{"country":"Dominican Republic","lng":-70.6667,"city":"","ip":"190.167.20.178","lat":19},{"country":"United States","lng":-77.2497,"city":"","ip":"47.89.187.247","lat":38.6582},{"country":"China","lng":106.5528,"city":"Chongqing","ip":"14.104.86.223","lat":29.5628},{"country":"United States","lng":-122.3012,"city":"Seattle","ip":"23.254.176.164","lat":47.4889},{"country":"United States","lng":-122.0775,"city":"Mountain View","ip":"35.236.163.215","lat":37.4056},{"country":"United States","lng":-122.3276,"city":"San Mateo","ip":"47.90.243.122","lat":37.5507},{"country":"Singapore","lng":103.8558,"city":"Singapore","ip":"47.74.159.117","lat":1.2931},{"country":"United States","lng":-97.822,"city":"","ip":"3.136.236.70","lat":37.751},{"country":"Germany","lng":6.076,"city":"Aachen","ip":"78.35.197.62","lat":50.768299999999996},{"country":"United States","lng":-122.3276,"city":"San Mateo","ip":"47.252.85.102","lat":37.5507},{"country":"China","lng":113.7266,"city":"","ip":"47.75.216.14","lat":34.7725},{"country":"United States","lng":-122.3276,"city":"San Mateo","ip":"47.241.26.123","lat":37.5507},{"country":"United States","lng":-119.7143,"city":"Boardman","ip":"54.202.224.78","lat":45.8491},{"country":"China","lng":124.3947,"city":"Dandong","ip":"175.146.169.18","lat":40.1292},{"country":"Germany","lng":9.491,"city":"","ip":"195.201.61.119","lat":51.2993},{"country":"Luxembourg","lng":6.1667,"city":"","ip":"188.42.33.124","lat":49.75},{"country":"Republic of Korea","lng":126.7317,"city":"Incheon","ip":"13.209.243.246","lat":37.4536},{"country":"Singapore","lng":103.8558,"city":"Singapore","ip":"47.74.131.233","lat":1.2931},{"country":"China","lng":113.7266,"city":"","ip":"47.93.235.81","lat":34.7725},{"country":"United States","lng":-119.7143,"city":"Boardman","ip":"54.245.147.165","lat":45.8491},{"country":"United States","lng":-122.3276,"city":"San Mateo","ip":"47.88.57.195","lat":37.5507},{"country":"United States","lng":-77.4728,"city":"Ashburn","ip":"52.73.168.104","lat":39.0481},{"country":"China","lng":113.7266,"city":"","ip":"121.40.172.83","lat":34.7725},{"country":"Japan","lng":139.7514,"city":"Tokyo","ip":"54.95.22.119","lat":35.685},{"country":"United States","lng":-97.822,"city":"","ip":"34.73.226.26","lat":37.751},{"country":"United States","lng":-77.4728,"city":"Ashburn","ip":"52.90.89.210","lat":39.0481},{"country":"Germany","lng":9.491,"city":"","ip":"178.63.54.97","lat":51.2993},{"country":"China","lng":116.3889,"city":"Beijing","ip":"221.216.140.29","lat":39.9288},{"country":"United States","lng":-97.822,"city":"","ip":"34.84.220.159","lat":37.751},{"country":"United States","lng":-121.8914,"city":"San Jose","ip":"52.52.53.133","lat":37.3388},{"country":"United States","lng":-122.3276,"city":"San Mateo","ip":"47.89.251.167","lat":37.5507},{"country":"China","lng":116.3889,"city":"Beijing","ip":"221.216.141.156","lat":39.9288},{"country":"United States","lng":-122.3276,"city":"San Mateo","ip":"47.90.202.102","lat":37.5507},{"country":"United States","lng":-97.822,"city":"","ip":"34.94.55.116","lat":37.751},{"country":"Singapore","lng":103.8558,"city":"Singapore","ip":"161.117.10.199","lat":1.2931},{"country":"China","lng":113.7266,"city":"","ip":"39.98.63.142","lat":34.7725},{"country":"Finland","lng":24.9375,"city":"","ip":"95.217.45.103","lat":60.1708},{"country":"United States","lng":-122.3276,"city":"San Mateo","ip":"47.90.249.136","lat":37.5507},{"country":"Singapore","lng":103.8558,"city":"Singapore","ip":"54.169.106.116","lat":1.2931},{"country":"Republic of Korea","lng":126.97409999999999,"city":"","ip":"110.10.124.19","lat":37.5112},{"country":"United Kingdom","lng":-0.0949,"city":"London","ip":"35.176.40.38","lat":51.5161},{"country":"United States","lng":-77.2497,"city":"","ip":"47.89.182.29","lat":38.6582},{"country":"China","lng":116.3889,"city":"Beijing","ip":"219.142.135.36","lat":39.9288},{"country":"Germany","lng":8.6823,"city":"Frankfurt am Main","ip":"3.123.8.60","lat":50.1153},{"country":"China","lng":116.3889,"city":"Beijing","ip":"221.122.37.71","lat":39.9288},{"country":"United States","lng":-83.0235,"city":"Columbus","ip":"3.19.173.39","lat":39.9653},{"country":"United States","lng":-122.0775,"city":"Mountain View","ip":"35.240.174.36","lat":37.4056},{"country":"United States","lng":-97.822,"city":"","ip":"3.136.19.139","lat":37.751},{"country":"Netherlands","lng":5.0959,"city":"Utrecht","ip":"82.217.113.172","lat":52.0911},{"country":"Japan","lng":139.7514,"city":"Tokyo","ip":"47.74.55.176","lat":35.685}]
12:57:26.489 [TestNG-tests-1] INFO tron.common.TronscanApiList - JSON content size are: 3
12:57:26.489 [TestNG-tests-1] INFO tron.common.TronscanApiList - ----------------------------Print JSON End-----------------------------
http://apilist.tronscan.org/api/v2/node/overview_upload
12:57:26.490 [TestNG-tests-1] DEBUG org.apache.http.impl.conn.PoolingClientConnectionManager - Connection request: [route: {}->http://apilist.tronscan.org:80][total kept alive: 0; route allocated: 0 of 80; total allocated: 0 of 100]
12:57:26.490 [TestNG-tests-1] DEBUG org.apache.http.impl.conn.PoolingClientConnectionManager - Connection leased: [id: 8][route: {}->http://apilist.tronscan.org:80][total kept alive: 0; route allocated: 1 of 80; total allocated: 1 of 100]
12:57:26.490 [TestNG-tests-1] DEBUG org.apache.http.impl.conn.DefaultClientConnectionOperator - Connecting to apilist.tronscan.org:80
12:57:26.797 [TestNG-tests-1] DEBUG org.apache.http.client.protocol.RequestAddCookies - CookieSpec selected: default
12:57:26.797 [TestNG-tests-1] DEBUG org.apache.http.client.protocol.RequestAuthCache - Auth cache not set in the context
12:57:26.797 [TestNG-tests-1] DEBUG org.apache.http.client.protocol.RequestTargetAuthentication - Target auth state: UNCHALLENGED
12:57:26.797 [TestNG-tests-1] DEBUG org.apache.http.client.protocol.RequestProxyAuthentication - Proxy auth state: UNCHALLENGED
12:57:26.797 [TestNG-tests-1] DEBUG org.apache.http.impl.client.DefaultHttpClient - Attempt 1 to execute request
12:57:26.797 [TestNG-tests-1] DEBUG org.apache.http.impl.conn.DefaultClientConnection - Sending request: GET /api/v2/node/overview_upload HTTP/1.1
12:57:26.797 [TestNG-tests-1] DEBUG org.apache.http.wire -  >> "GET /api/v2/node/overview_upload HTTP/1.1[\r][\n]"
12:57:26.797 [TestNG-tests-1] DEBUG org.apache.http.wire -  >> "Content-type: application/json; charset=utf-8[\r][\n]"
12:57:26.797 [TestNG-tests-1] DEBUG org.apache.http.wire -  >> "Connection: Close[\r][\n]"
12:57:26.797 [TestNG-tests-1] DEBUG org.apache.http.wire -  >> "Host: apilist.tronscan.org[\r][\n]"
12:57:26.797 [TestNG-tests-1] DEBUG org.apache.http.wire -  >> "User-Agent: Apache-HttpClient/4.5.3 (Java/1.8.0_211)[\r][\n]"
12:57:26.797 [TestNG-tests-1] DEBUG org.apache.http.wire -  >> "[\r][\n]"
12:57:26.797 [TestNG-tests-1] DEBUG org.apache.http.headers - >> GET /api/v2/node/overview_upload HTTP/1.1
12:57:26.797 [TestNG-tests-1] DEBUG org.apache.http.headers - >> Content-type: application/json; charset=utf-8
12:57:26.797 [TestNG-tests-1] DEBUG org.apache.http.headers - >> Connection: Close
12:57:26.797 [TestNG-tests-1] DEBUG org.apache.http.headers - >> Host: apilist.tronscan.org
12:57:26.797 [TestNG-tests-1] DEBUG org.apache.http.headers - >> User-Agent: Apache-HttpClient/4.5.3 (Java/1.8.0_211)
12:57:27.136 [TestNG-tests-1] DEBUG org.apache.http.wire -  << "HTTP/1.1 200 OK[\r][\n]"
12:57:27.136 [TestNG-tests-1] DEBUG org.apache.http.wire -  << "Server: nginx[\r][\n]"
12:57:27.136 [TestNG-tests-1] DEBUG org.apache.http.wire -  << "Date: Fri, 27 Mar 2020 04:57:27 GMT[\r][\n]"
12:57:27.136 [TestNG-tests-1] DEBUG org.apache.http.wire -  << "Transfer-Encoding: chunked[\r][\n]"
12:57:27.136 [TestNG-tests-1] DEBUG org.apache.http.wire -  << "Connection: close[\r][\n]"
12:57:27.136 [TestNG-tests-1] DEBUG org.apache.http.wire -  << "content-disposition: attachment;filename=dailytransaction&address.csv[\r][\n]"
12:57:27.136 [TestNG-tests-1] DEBUG org.apache.http.wire -  << "Access-Control-Allow-Origin: *[\r][\n]"
12:57:27.136 [TestNG-tests-1] DEBUG org.apache.http.wire -  << "Access-Control-Allow-Headers: DNT,X-Mx-ReqToken,Keep-Alive,User-Agent,X-Requested-With,If-Modified-Since,Cache-Control,Content-Type,Authorization[\r][\n]"
12:57:27.136 [TestNG-tests-1] DEBUG org.apache.http.wire -  << "Access-Control-Allow-Methods: GET,POST,PUT,DELETE,OPTIONS[\r][\n]"
12:57:27.136 [TestNG-tests-1] DEBUG org.apache.http.wire -  << "X-Proxy-Cache: MISS[\r][\n]"
12:57:27.136 [TestNG-tests-1] DEBUG org.apache.http.wire -  << "[\r][\n]"
12:57:27.136 [TestNG-tests-1] DEBUG org.apache.http.impl.conn.DefaultClientConnection - Receiving response: HTTP/1.1 200 OK
12:57:27.136 [TestNG-tests-1] DEBUG org.apache.http.headers - << HTTP/1.1 200 OK
12:57:27.136 [TestNG-tests-1] DEBUG org.apache.http.headers - << Server: nginx
12:57:27.136 [TestNG-tests-1] DEBUG org.apache.http.headers - << Date: Fri, 27 Mar 2020 04:57:27 GMT
12:57:27.136 [TestNG-tests-1] DEBUG org.apache.http.headers - << Transfer-Encoding: chunked
12:57:27.136 [TestNG-tests-1] DEBUG org.apache.http.headers - << Connection: close
12:57:27.136 [TestNG-tests-1] DEBUG org.apache.http.headers - << content-disposition: attachment;filename=dailytransaction&address.csv
12:57:27.136 [TestNG-tests-1] DEBUG org.apache.http.headers - << Access-Control-Allow-Origin: *
12:57:27.136 [TestNG-tests-1] DEBUG org.apache.http.headers - << Access-Control-Allow-Headers: DNT,X-Mx-ReqToken,Keep-Alive,User-Agent,X-Requested-With,If-Modified-Since,Cache-Control,Content-Type,Authorization
12:57:27.136 [TestNG-tests-1] DEBUG org.apache.http.headers - << Access-Control-Allow-Methods: GET,POST,PUT,DELETE,OPTIONS
12:57:27.136 [TestNG-tests-1] DEBUG org.apache.http.headers - << X-Proxy-Cache: MISS
http://apilist.tronscan.org/api/v2/node/overview_upload 请求总耗时：646 毫秒
12:57:27.136 [TestNG-tests-1] INFO tron.tronscan.api.NodeMap - code is 200
]]></system-out>
  <system-err><![CDATA[com.alibaba.fastjson.JSONException: syntax error, pos 1, json : id,timestamp,beijingTime,block,transactionHash,transferFromAddress,transferToAddress,amount,confirmed
41c9411cd6448b2d7f20e39d05cf9f1d3b6eb3b4cf9c3573bb19ad79055b1af6,1585195203000,2020-03-26 12:00:03,18310914,41c9411cd6448b2d7f20e39d05cf9f1d3b6eb3b4cf9c3573bb19ad79055b1af6,TLyqzVGLV1srkB7dToTAEqgDSfPtXRJZYH,TMuA6YqfCeX8EhbfYEg5y7S4DqzSJireY9,1036299.098189trx,true
fc256408e6455f24c18a0fa269dec51d1ada3f377ddcb2e73d708c383064e143,1585134630000,2020-03-25 19:10:30,18290751,fc256408e6455f24c18a0fa269dec51d1ada3f377ddcb2e73d708c383064e143,TTHZv5rL8MeQMettvXrKbpmPP88C1NQeLC,TMuA6YqfCeX8EhbfYEg5y7S4DqzSJireY9,1VOTE_FOR_TRON_Family,true
a20acdcf3dfd53f9a3a9dacb69114fde6acec6b01346fa9521202b14e01e13db,1585022403000,2020-03-24 12:00:03,18253356,a20acdcf3dfd53f9a3a9dacb69114fde6acec6b01346fa9521202b14e01e13db,TLyqzVGLV1srkB7dToTAEqgDSfPtXRJZYH,TMuA6YqfCeX8EhbfYEg5y7S4DqzSJireY9,1037148.728370trx,true
830db9cd52f9f6b1e4f3af4425f733071f0f1176741c9e9eea939f9b7e90cfe1,1584849603000,2020-03-22 12:00:03,18195782,830db9cd52f9f6b1e4f3af4425f733071f0f1176741c9e9eea939f9b7e90cfe1,TLyqzVGLV1srkB7dToTAEqgDSfPtXRJZYH,TMuA6YqfCeX8EhbfYEg5y7S4DqzSJireY9,1036355.873600trx,true
d04435b70fa03e97ad08cc16fc91febdb171a8cf07fc98c8bf45c40286da1fc8,1584678339000,2020-03-20 12:25:39,18138734,d04435b70fa03e97ad08cc16fc91febdb171a8cf07fc98c8bf45c40286da1fc8,TAp5u4oB7g1uSJFLr3AU3T7iSWYSvxMfaC,TMuA6YqfCeX8EhbfYEg5y7S4DqzSJireY9,10000000TRUST,true
9cc7dfd8c2d0cd6bbc79c32a1c4b70f711ec8dfe1900418fae2b428451920b77,1584676803000,2020-03-20 12:00:03,18138224,9cc7dfd8c2d0cd6bbc79c32a1c4b70f711ec8dfe1900418fae2b428451920b77,TLyqzVGLV1srkB7dToTAEqgDSfPtXRJZYH,TMuA6YqfCeX8EhbfYEg5y7S4DqzSJireY9,1035741.367046trx,true
e0161352a49ae403646108d4738959acbe05b3c3f7c742f9b162158a28cc0450,1584504009000,2020-03-18 12:00:09,18080673,e0161352a49ae403646108d4738959acbe05b3c3f7c742f9b162158a28cc0450,TNc5EYnFnz8dTStx1KC7TTaEYDekQLNXp5,TMuA6YqfCeX8EhbfYEg5y7S4DqzSJireY9,10000000CORONA,true
f6a5703d07da6f3e7e8dde7409da9c2192206a63e10ecfe94852bfa5fe1f0028,1584504003000,2020-03-18 12:00:03,18080671,f6a5703d07da6f3e7e8dde7409da9c2192206a63e10ecfe94852bfa5fe1f0028,TLyqzVGLV1srkB7dToTAEqgDSfPtXRJZYH,TMuA6YqfCeX8EhbfYEg5y7S4DqzSJireY9,482231.678106trx,true
896d0423eac7fda825191592ede816fa91ee9dcad7cfa3773a9d14c000519f95,1584331203000,2020-03-16 12:00:03,18023115,896d0423eac7fda825191592ede816fa91ee9dcad7cfa3773a9d14c000519f95,TLyqzVGLV1srkB7dToTAEqgDSfPtXRJZYH,TMuA6YqfCeX8EhbfYEg5y7S4DqzSJireY9,52499.285175trx,true
1736cc3ea2e0de02815efcc64f62f928b39c25f63dcab8769e9f1f4a09e6ae59,1584158403000,2020-03-14 12:00:03,17965568,1736cc3ea2e0de02815efcc64f62f928b39c25f63dcab8769e9f1f4a09e6ae59,TLyqzVGLV1srkB7dToTAEqgDSfPtXRJZYH,TMuA6YqfCeX8EhbfYEg5y7S4DqzSJireY9,708473.588303trx,true
169ea61572e797b5c66c229a66c2ec813c9fefb08d042afcea590d58625f195b,1584086796000,2020-03-13 16:06:36,17941713,169ea61572e797b5c66c229a66c2ec813c9fefb08d042afcea590d58625f195b,TMuA6YqfCeX8EhbfYEg5y7S4DqzSJireY9,TWd4WrZ9wn84f5x1hZhL4DHvk738ns5jwb,500566210.135508trx,true
e8279ffb3eeac616ffbd3e27c8297f629b201820070662d6ecf994796e216fc9,1584086613000,2020-03-13 16:03:33,17941652,e8279ffb3eeac616ffbd3e27c8297f629b201820070662d6ecf994796e216fc9,TQ2jhh2diL1KnXkUsuKP7KApKyHXuDxPfp,TMuA6YqfCeX8EhbfYEg5y7S4DqzSJireY9,10000000FISH,true
36b4fc1868d560c40a4f43e2bb788be17221e29b664fa85395ea8d74ca9a608e,1583985603000,2020-03-12 12:00:03,17908001,36b4fc1868d560c40a4f43e2bb788be17221e29b664fa85395ea8d74ca9a608e,TLyqzVGLV1srkB7dToTAEqgDSfPtXRJZYH,TMuA6YqfCeX8EhbfYEg5y7S4DqzSJireY9,1007055.429657trx,true
a2d0f7dbbe7acd6f7e231689c7a483a779b981a9fcbecd13c529a751e528c393,1583896335000,2020-03-11 11:12:15,17878258,a2d0f7dbbe7acd6f7e231689c7a483a779b981a9fcbecd13c529a751e528c393,TPQ6oivLyGHoUYVGru6hbGQKNAay3tL1Mt,TMuA6YqfCeX8EhbfYEg5y7S4DqzSJireY9,147569889323546BitTorrent,true
9122489bcb20dcd5222e68573f92333d467ee9fbb43c1cf177c9eaffd4154793,1583812803000,2020-03-10 12:00:03,17850429,9122489bcb20dcd5222e68573f92333d467ee9fbb43c1cf177c9eaffd4154793,TLyqzVGLV1srkB7dToTAEqgDSfPtXRJZYH,TMuA6YqfCeX8EhbfYEg5y7S4DqzSJireY9,1007487.278999trx,true
0ec22d06c3664bfd2f0507a2033788f1d666c4aaf281ccf0abf615f6505b997f,1583640003000,2020-03-08 12:00:03,17792861,0ec22d06c3664bfd2f0507a2033788f1d666c4aaf281ccf0abf615f6505b997f,TLyqzVGLV1srkB7dToTAEqgDSfPtXRJZYH,TMuA6YqfCeX8EhbfYEg5y7S4DqzSJireY9,1007246.997884trx,true
7b8b9d9ae563e2d778561d3548d3932a9266b6fb4bd045d41a3018a3dbb1f51f,1583467512000,2020-03-06 12:05:12,17735389,7b8b9d9ae563e2d778561d3548d3932a9266b6fb4bd045d41a3018a3dbb1f51f,TWMXxiGUoSdebGLswT9uPkmrjEeAaiery8,TMuA6YqfCeX8EhbfYEg5y7S4DqzSJireY9,3000000DEF,true
32b6dcf483543cd2fa6d6f22a8e5c6594cc685582387bb5a65210bf160d220b9,1583467203000,2020-03-06 12:00:03,17735286,32b6dcf483543cd2fa6d6f22a8e5c6594cc685582387bb5a65210bf160d220b9,TLyqzVGLV1srkB7dToTAEqgDSfPtXRJZYH,TMuA6YqfCeX8EhbfYEg5y7S4DqzSJireY9,1007351.424600trx,true
309a66039be434ce107cd46d29e813e4595b7fb5bb37b6ccd510c7d8ff9ee791,1583294403000,2020-03-04 12:00:03,17677708,309a66039be434ce107cd46d29e813e4595b7fb5bb37b6ccd510c7d8ff9ee791,TLyqzVGLV1srkB7dToTAEqgDSfPtXRJZYH,TMuA6YqfCeX8EhbfYEg5y7S4DqzSJireY9,1007289.803901trx,true
968f3fb464fc1dafa304a3d570426e81e1776c83107c496d5b1caea58b0f6bc8,1583121603000,2020-03-02 12:00:03,17620131,968f3fb464fc1dafa304a3d570426e81e1776c83107c496d5b1caea58b0f6bc8,TLyqzVGLV1srkB7dToTAEqgDSfPtXRJZYH,TMuA6YqfCeX8EhbfYEg5y7S4DqzSJireY9,1511359.326542trx,true
063a6d599032dd2d98f90806050268487df9ff719c7dde6a63d5fc34e4e6d918,1582974132000,2020-02-29 19:02:12,17571008,063a6d599032dd2d98f90806050268487df9ff719c7dde6a63d5fc34e4e6d918,TD5AwyiTNbKN9jQqyMzwQ6NLrWGbtAcotK,TMuA6YqfCeX8EhbfYEg5y7S4DqzSJireY9,20202902paper_wallet,true
502a27abd14891f9310142339610369de29bd8dc7b8bb29661ee4a5f6953fb44,1582974132000,2020-02-29 19:02:12,17571008,502a27abd14891f9310142339610369de29bd8dc7b8bb29661ee4a5f6953fb44,TD5AwyiTNbKN9jQqyMzwQ6NLrWGbtAcotK,TMuA6YqfCeX8EhbfYEg5y7S4DqzSJireY9,20202902paper_wallet,true
9d133056c8f14d53ed39064041306e19764f8b1d15a4bf074acf4784c372d943,1582974129000,2020-02-29 19:02:09,17571007,9d133056c8f14d53ed39064041306e19764f8b1d15a4bf074acf4784c372d943,TD5AwyiTNbKN9jQqyMzwQ6NLrWGbtAcotK,TMuA6YqfCeX8EhbfYEg5y7S4DqzSJireY9,20202902paper_wallet,true
343913bf6581861c92ea9cc9383154ac58bbdaf93054add2dd536657ef4a9e86,1582974129000,2020-02-29 19:02:09,17571007,343913bf6581861c92ea9cc9383154ac58bbdaf93054add2dd536657ef4a9e86,TD5AwyiTNbKN9jQqyMzwQ6NLrWGbtAcotK,TMuA6YqfCeX8EhbfYEg5y7S4DqzSJireY9,20202902paper_wallet,true
fc20658edb94bd6435edae7011c08ce96cda7b672429e2f331454b36ecf87048,1582974129000,2020-02-29 19:02:09,17571007,fc20658edb94bd6435edae7011c08ce96cda7b672429e2f331454b36ecf87048,TD5AwyiTNbKN9jQqyMzwQ6NLrWGbtAcotK,TMuA6YqfCeX8EhbfYEg5y7S4DqzSJireY9,20202902paper_wallet,true
bf7dc9266d8bd997b6743b61c4e90f0cab68bdbafc09ca97781e1ac57585aac4,1582974126000,2020-02-29 19:02:06,17571006,bf7dc9266d8bd997b6743b61c4e90f0cab68bdbafc09ca97781e1ac57585aac4,TD5AwyiTNbKN9jQqyMzwQ6NLrWGbtAcotK,TMuA6YqfCeX8EhbfYEg5y7S4DqzSJireY9,20202902paper_wallet,true
97fe9ec2078f418dc98b58f2b44695131d3f5f8c1462130f970aaa34e4c0aaef,1582974126000,2020-02-29 19:02:06,17571006,97fe9ec2078f418dc98b58f2b44695131d3f5f8c1462130f970aaa34e4c0aaef,TD5AwyiTNbKN9jQqyMzwQ6NLrWGbtAcotK,TMuA6YqfCeX8EhbfYEg5y7S4DqzSJireY9,20202902paper_wallet,true
2a5b8d5dd198e9020cdbd773d4734671b138218fac9450ea5913e865a534ab94,1582974126000,2020-02-29 19:02:06,17571006,2a5b8d5dd198e9020cdbd773d4734671b138218fac9450ea5913e865a534ab94,TD5AwyiTNbKN9jQqyMzwQ6NLrWGbtAcotK,TMuA6YqfCeX8EhbfYEg5y7S4DqzSJireY9,20202902paper_wallet,true
e5e933e772cbccefd36faca97fe812cc79c2ccfcbb2dccb8922e7688e6004927,1582974123000,2020-02-29 19:02:03,17571005,e5e933e772cbccefd36faca97fe812cc79c2ccfcbb2dccb8922e7688e6004927,TD5AwyiTNbKN9jQqyMzwQ6NLrWGbtAcotK,TMuA6YqfCeX8EhbfYEg5y7S4DqzSJireY9,20202902paper_wallet,true
15d89d1f1e0022996348d2e2f1d96e45182a0f99d2316512d2c35a10ba36e84c,1582974123000,2020-02-29 19:02:03,17571005,15d89d1f1e0022996348d2e2f1d96e45182a0f99d2316512d2c35a10ba36e84c,TD5AwyiTNbKN9jQqyMzwQ6NLrWGbtAcotK,TMuA6YqfCeX8EhbfYEg5y7S4DqzSJireY9,20202902paper_wallet,true
4336ddc1d9a5bcd89c6f67ef3a1bd17eed1bc45b00105469dfdac7f4dc3bd4a2,1582974123000,2020-02-29 19:02:03,17571005,4336ddc1d9a5bcd89c6f67ef3a1bd17eed1bc45b00105469dfdac7f4dc3bd4a2,TD5AwyiTNbKN9jQqyMzwQ6NLrWGbtAcotK,TMuA6YqfCeX8EhbfYEg5y7S4DqzSJireY9,20202902paper_wallet,true
5629a0029239e8d76c81df3fb70b5010316a5fcdbc4d97c3fd8e95f68c4bb3ff,1582974120000,2020-02-29 19:02:00,17571004,5629a0029239e8d76c81df3fb70b5010316a5fcdbc4d97c3fd8e95f68c4bb3ff,TD5AwyiTNbKN9jQqyMzwQ6NLrWGbtAcotK,TMuA6YqfCeX8EhbfYEg5y7S4DqzSJireY9,20202902paper_wallet,true
142a097d8bfcc66a9757da7adf86ee079a440854a2a6ff5597732dc7b80459eb,1582974120000,2020-02-29 19:02:00,17571004,142a097d8bfcc66a9757da7adf86ee079a440854a2a6ff5597732dc7b80459eb,TD5AwyiTNbKN9jQqyMzwQ6NLrWGbtAcotK,TMuA6YqfCeX8EhbfYEg5y7S4DqzSJireY9,20202902paper_wallet,true
afde4e49954eaa6da8b060ac27085e66c44b0b03cf50a85440e3116c193e628d,1582974120000,2020-02-29 19:02:00,17571004,afde4e49954eaa6da8b060ac27085e66c44b0b03cf50a85440e3116c193e628d,TD5AwyiTNbKN9jQqyMzwQ6NLrWGbtAcotK,TMuA6YqfCeX8EhbfYEg5y7S4DqzSJireY9,20202902paper_wallet,true
2d003f56c8f400918c072bbf60e9dcbb263189d6ec02ff2aabb0faa33004ca71,1582974117000,2020-02-29 19:01:57,17571003,2d003f56c8f400918c072bbf60e9dcbb263189d6ec02ff2aabb0faa33004ca71,TD5AwyiTNbKN9jQqyMzwQ6NLrWGbtAcotK,TMuA6YqfCeX8EhbfYEg5y7S4DqzSJireY9,20202902paper_wallet,true
dafa09d38a2d6f22eb5fc039e1d377d574b9608c2c0c0c516ea41fcd11ee5a0b,1582974117000,2020-02-29 19:01:57,17571003,dafa09d38a2d6f22eb5fc039e1d377d574b9608c2c0c0c516ea41fcd11ee5a0b,TD5AwyiTNbKN9jQqyMzwQ6NLrWGbtAcotK,TMuA6YqfCeX8EhbfYEg5y7S4DqzSJireY9,20202902paper_wallet,true
ea82507bd1a0d9e2da48ef4f7e36d503cb26f7c6debebb51be336a5a6c114259,1582974117000,2020-02-29 19:01:57,17571003,ea82507bd1a0d9e2da48ef4f7e36d503cb26f7c6debebb51be336a5a6c114259,TD5AwyiTNbKN9jQqyMzwQ6NLrWGbtAcotK,TMuA6YqfCeX8EhbfYEg5y7S4DqzSJireY9,20202902paper_wallet,true
ef21e84169eb3b3865a2ab18f7354deb4f299b8b58c0bbb2ed0c25e3ec707f0b,1582974114000,2020-02-29 19:01:54,17571002,ef21e84169eb3b3865a2ab18f7354deb4f299b8b58c0bbb2ed0c25e3ec707f0b,TD5AwyiTNbKN9jQqyMzwQ6NLrWGbtAcotK,TMuA6YqfCeX8EhbfYEg5y7S4DqzSJireY9,20202902paper_wallet,true
0971ba9e5f1b5749960e45b7b1646dace8472bb25c97912318bc6db74cf64591,1582974114000,2020-02-29 19:01:54,17571002,0971ba9e5f1b5749960e45b7b1646dace8472bb25c97912318bc6db74cf64591,TD5AwyiTNbKN9jQqyMzwQ6NLrWGbtAcotK,TMuA6YqfCeX8EhbfYEg5y7S4DqzSJireY9,20202902paper_wallet,true
f043cdff34dbcfa03f3cff1f4c7f04784fc66f6479618676c1c6de323bc318f8,1582974111000,2020-02-29 19:01:51,17571001,f043cdff34dbcfa03f3cff1f4c7f04784fc66f6479618676c1c6de323bc318f8,TD5AwyiTNbKN9jQqyMzwQ6NLrWGbtAcotK,TMuA6YqfCeX8EhbfYEg5y7S4DqzSJireY9,20202902paper_wallet,true
85a6bb79fbe5b578a1c9eb0fb0be07ab1743f3daa0b098daf367483096507980,1582862412000,2020-02-28 12:00:12,17533787,85a6bb79fbe5b578a1c9eb0fb0be07ab1743f3daa0b098daf367483096507980,TLyqzVGLV1srkB7dToTAEqgDSfPtXRJZYH,TMuA6YqfCeX8EhbfYEg5y7S4DqzSJireY9,1008430.166928trx,true
fdd4a201625f48caafeb705d007bd8153e22e91ea491e1bf8a072dcbc34f187b,1582689603000,2020-02-26 12:00:03,17476240,fdd4a201625f48caafeb705d007bd8153e22e91ea491e1bf8a072dcbc34f187b,TLyqzVGLV1srkB7dToTAEqgDSfPtXRJZYH,TMuA6YqfCeX8EhbfYEg5y7S4DqzSJireY9,998300.093353trx,true
29b8185e5b33570329c9636e5f1510a586f3b7f89513ccf5814fd91291fcee44,1582516803000,2020-02-24 12:00:03,17419257,29b8185e5b33570329c9636e5f1510a586f3b7f89513ccf5814fd91291fcee44,TLyqzVGLV1srkB7dToTAEqgDSfPtXRJZYH,TMuA6YqfCeX8EhbfYEg5y7S4DqzSJireY9,1008457.018483trx,true
88fd34500625f21e22708a7be5b9938b6e38bbc7c7a3f00d259eb5b5bc668a3f,1582345806000,2020-02-22 12:30:06,17362283,88fd34500625f21e22708a7be5b9938b6e38bbc7c7a3f00d259eb5b5bc668a3f,TMqKWcENs1fdN9yHyBTcrnUB7JWixjotR4,TMuA6YqfCeX8EhbfYEg5y7S4DqzSJireY9,10000000DELFIN,true
ddac43eb09bd178fb3d1e6f5e3f6586c6bbf9cf76d8eefbc01af718137811bac,1582344003000,2020-02-22 12:00:03,17361682,ddac43eb09bd178fb3d1e6f5e3f6586c6bbf9cf76d8eefbc01af718137811bac,TLyqzVGLV1srkB7dToTAEqgDSfPtXRJZYH,TMuA6YqfCeX8EhbfYEg5y7S4DqzSJireY9,1012501.361878trx,true
8ef52062dc54ba7c3696fd12f2bfb463179fe8d43763d8a3b4669add14111f01,1582171203000,2020-02-20 12:00:03,17304102,8ef52062dc54ba7c3696fd12f2bfb463179fe8d43763d8a3b4669add14111f01,TLyqzVGLV1srkB7dToTAEqgDSfPtXRJZYH,TMuA6YqfCeX8EhbfYEg5y7S4DqzSJireY9,1028166.738153trx,true
836c23cc0c2c31a4d2a305466f834d834ba557f1632ef26ecf78e70e24834f16,1582157484000,2020-02-20 08:11:24,17299529,836c23cc0c2c31a4d2a305466f834d834ba557f1632ef26ecf78e70e24834f16,TRW4qf2RKaM261vVBUQdFdLwfg8AfmyMun,TMuA6YqfCeX8EhbfYEg5y7S4DqzSJireY9,8LoveHearts,true
d45c00dc09835d977a00d2e6daaddcddb02f738f48fa759768968bfaed21666d,1581998403000,2020-02-18 12:00:03,17246524,d45c00dc09835d977a00d2e6daaddcddb02f738f48fa759768968bfaed21666d,TLyqzVGLV1srkB7dToTAEqgDSfPtXRJZYH,TMuA6YqfCeX8EhbfYEg5y7S4DqzSJireY9,1047596.207774trx,true
8a6867c11ea7b80a9f4f074dbd4efb43185ba7981708c85170f165a7d337408f,1581825603000,2020-02-16 12:00:03,17188942,8a6867c11ea7b80a9f4f074dbd4efb43185ba7981708c85170f165a7d337408f,TLyqzVGLV1srkB7dToTAEqgDSfPtXRJZYH,TMuA6YqfCeX8EhbfYEg5y7S4DqzSJireY9,1047057.019266trx,true
5fe60979d1aae7a892571504f7769ca46eb6a7a7a120a5c22c2adae6b58f20db,1581652803000,2020-02-14 12:00:03,17131410,5fe60979d1aae7a892571504f7769ca46eb6a7a7a120a5c22c2adae6b58f20db,TLyqzVGLV1srkB7dToTAEqgDSfPtXRJZYH,TMuA6YqfCeX8EhbfYEg5y7S4DqzSJireY9,1046816.010490trx,true
5ab8c31675114239dd05ff99126e438fc90a533f0fd592b8d5028f9f384c305a,1581480003000,2020-02-12 12:00:03,17073832,5ab8c31675114239dd05ff99126e438fc90a533f0fd592b8d5028f9f384c305a,TLyqzVGLV1srkB7dToTAEqgDSfPtXRJZYH,TMuA6YqfCeX8EhbfYEg5y7S4DqzSJireY9,1033151.867272trx,true
7e571ffd41c4363217cba36090647b2c44511f6ef676950bcdc690deb2342869,1581391236000,2020-02-11 11:20:36,17044518,7e571ffd41c4363217cba36090647b2c44511f6ef676950bcdc690deb2342869,TLr7Zsa7Wt9CawsuqDXpX33PwKMTLHVBzM,TMuA6YqfCeX8EhbfYEg5y7S4DqzSJireY9,135613780395303BitTorrent,true
61aa761aadd36dd8c8bf303a60b9bbd4827e44b60d54f1a3497c8adbfdf5fa72,1581307203000,2020-02-10 12:00:03,17016954,61aa761aadd36dd8c8bf303a60b9bbd4827e44b60d54f1a3497c8adbfdf5fa72,TLyqzVGLV1srkB7dToTAEqgDSfPtXRJZYH,TMuA6YqfCeX8EhbfYEg5y7S4DqzSJireY9,1046505.593482trx,true
6f72e25b12ac471c82278f1488b42140131f5509b49a79bc27ccca532956462e,1581134403000,2020-02-08 12:00:03,16959373,6f72e25b12ac471c82278f1488b42140131f5509b49a79bc27ccca532956462e,TLyqzVGLV1srkB7dToTAEqgDSfPtXRJZYH,TMuA6YqfCeX8EhbfYEg5y7S4DqzSJireY9,1040798.224492trx,true
9f5838db771865f50a5ae6390d3d4b18ce14b4a977b12cf00b6749018471dee8,1581098400000,2020-02-08 02:00:00,16947376,9f5838db771865f50a5ae6390d3d4b18ce14b4a977b12cf00b6749018471dee8,TMuA6YqfCeX8EhbfYEg5y7S4DqzSJireY9,TWd4WrZ9wn84f5x1hZhL4DHvk738ns5jwb,413006069.996545trx,true
bdc1f2d058470f5e3da643dc54ce11cbf46cc2fe5a58e064abbc144e3ad8bb46,1581061746000,2020-02-07 15:49:06,16935160,bdc1f2d058470f5e3da643dc54ce11cbf46cc2fe5a58e064abbc144e3ad8bb46,TAUN6FwrnwwmaEqYcckffC7wYmbaS6cBiX,TMuA6YqfCeX8EhbfYEg5y7S4DqzSJireY9,192761770.961555trx,true
7bb505029250111a941f516022d87d97d42c25384e2f461e9703368bf04155c6,1581036840000,2020-02-07 08:54:00,16926860,7bb505029250111a941f516022d87d97d42c25384e2f461e9703368bf04155c6,TAUN6FwrnwwmaEqYcckffC7wYmbaS6cBiX,TMuA6YqfCeX8EhbfYEg5y7S4DqzSJireY9,219206988.004632trx,true
154466162a73527831a3f3b17f5bfbc7ea4469fcc862dae62bd282b581524ab9,1580986359000,2020-02-06 18:52:39,16910039,154466162a73527831a3f3b17f5bfbc7ea4469fcc862dae62bd282b581524ab9,TNFcvwJgvBRg2Dq5Qyx1gxcvqU3dwPyVNc,TMuA6YqfCeX8EhbfYEg5y7S4DqzSJireY9,100000TronDogsClassic,true
f66eb5fc8b4ab471cf7338a5a4796a33d8e23550f275062e0f8e1470a8469245,1580986290000,2020-02-06 18:51:30,16910016,f66eb5fc8b4ab471cf7338a5a4796a33d8e23550f275062e0f8e1470a8469245,TNFcvwJgvBRg2Dq5Qyx1gxcvqU3dwPyVNc,TMuA6YqfCeX8EhbfYEg5y7S4DqzSJireY9,100000TronDogsClassic,true
9f50e3e15f64c3d63f5ac5d290c48e7264f1cfeb695eb0c3d20b9fb6ac285aa8,1580961603000,2020-02-06 12:00:03,16901789,9f50e3e15f64c3d63f5ac5d290c48e7264f1cfeb695eb0c3d20b9fb6ac285aa8,TLyqzVGLV1srkB7dToTAEqgDSfPtXRJZYH,TMuA6YqfCeX8EhbfYEg5y7S4DqzSJireY9,1037310.520750trx,true
4b0e3775a6ab0347ca7862e3d747ae079d6521307ea689670609ae36cb60e29b,1580810238000,2020-02-04 17:57:18,16851352,4b0e3775a6ab0347ca7862e3d747ae079d6521307ea689670609ae36cb60e29b,TAUN6FwrnwwmaEqYcckffC7wYmbaS6cBiX,TMuA6YqfCeX8EhbfYEg5y7S4DqzSJireY9,101803261.389443trx,true
5b5d02d458df08b4c1bf23d332b69099cc2decae27ea5a68d76894c3aa45a802,1580788803000,2020-02-04 12:00:03,16844209,5b5d02d458df08b4c1bf23d332b69099cc2decae27ea5a68d76894c3aa45a802,TLyqzVGLV1srkB7dToTAEqgDSfPtXRJZYH,TMuA6YqfCeX8EhbfYEg5y7S4DqzSJireY9,1034863.871434trx,true
e6dc425591ff4feb6a920f58bbe8babb5383b19dba04a957bf89cbc5840b921a,1580616003000,2020-02-02 12:00:03,16786627,e6dc425591ff4feb6a920f58bbe8babb5383b19dba04a957bf89cbc5840b921a,TLyqzVGLV1srkB7dToTAEqgDSfPtXRJZYH,TMuA6YqfCeX8EhbfYEg5y7S4DqzSJireY9,1551594.329513trx,true
79101230cc0ac7cd9dc762acd6ff15dd49527bce159fb94934fe3773bc50e4cf,1580482098000,2020-01-31 22:48:18,16742004,79101230cc0ac7cd9dc762acd6ff15dd49527bce159fb94934fe3773bc50e4cf,TQJmE1fSDQfcC8hA7CJN9YAmZUFeQmP4YU,TMuA6YqfCeX8EhbfYEg5y7S4DqzSJireY9,10000000ANC,true
f2a19c8cca64359b47e990ebae2de4ed7ec253a6cbba0f0433bede50a3e6b3b0,1580481894000,2020-01-31 22:44:54,16741936,f2a19c8cca64359b47e990ebae2de4ed7ec253a6cbba0f0433bede50a3e6b3b0,TAUN6FwrnwwmaEqYcckffC7wYmbaS6cBiX,TMuA6YqfCeX8EhbfYEg5y7S4DqzSJireY9,100274212.390318trx,true
ca4563713b0a719ec7c1b44e76df124ba9b58cc7b45cd06a2f1b281efc432364,1580356803000,2020-01-30 12:00:03,16700260,ca4563713b0a719ec7c1b44e76df124ba9b58cc7b45cd06a2f1b281efc432364,TLyqzVGLV1srkB7dToTAEqgDSfPtXRJZYH,TMuA6YqfCeX8EhbfYEg5y7S4DqzSJireY9,1033859.990617trx,true
224530f7c9f9678927556a490e7f514d62f205ebe800b820daa1bc14cf108a36,1580184003000,2020-01-28 12:00:03,16642677,224530f7c9f9678927556a490e7f514d62f205ebe800b820daa1bc14cf108a36,TLyqzVGLV1srkB7dToTAEqgDSfPtXRJZYH,TMuA6YqfCeX8EhbfYEg5y7S4DqzSJireY9,1032289.833038trx,true
8ddf7ea7f3e781aa204bfd1358af39bc9fbf6b90cb2a57f64a92da5d3eb40c6b,1580011203000,2020-01-26 12:00:03,16585095,8ddf7ea7f3e781aa204bfd1358af39bc9fbf6b90cb2a57f64a92da5d3eb40c6b,TLyqzVGLV1srkB7dToTAEqgDSfPtXRJZYH,TMuA6YqfCeX8EhbfYEg5y7S4DqzSJireY9,1032752.175841trx,true
f996774a7d6ba562fc11be83c3cdf4673ddc5c3d35eddde1be8be0e6ccefa35d,1579845705000,2020-01-24 14:01:45,16529944,f996774a7d6ba562fc11be83c3cdf4673ddc5c3d35eddde1be8be0e6ccefa35d,TFx4uCN9GqcKN2i77nQbEFAW2fXNHVSyvs,TMuA6YqfCeX8EhbfYEg5y7S4DqzSJireY9,10000000BETSPORT,true
90a19dec170c855895c0edabc70a1dbc79d9f257dcb7e5170f9b7a12ae21db99,1579838403000,2020-01-24 12:00:03,16527512,90a19dec170c855895c0edabc70a1dbc79d9f257dcb7e5170f9b7a12ae21db99,TLyqzVGLV1srkB7dToTAEqgDSfPtXRJZYH,TMuA6YqfCeX8EhbfYEg5y7S4DqzSJireY9,1032692.708244trx,true
04f9504bef7c3612adc4473a8e0eb27c3a8e0a31039067940f00a1b324708fe4,1579665603000,2020-01-22 12:00:03,16469952,04f9504bef7c3612adc4473a8e0eb27c3a8e0a31039067940f00a1b324708fe4,TLyqzVGLV1srkB7dToTAEqgDSfPtXRJZYH,TMuA6YqfCeX8EhbfYEg5y7S4DqzSJireY9,1032607.802768trx,true
3206f77d5e079fb8247178cde932de0c59ef61213c53889d5ca048725d863109,1579569591000,2020-01-21 09:19:51,16437956,3206f77d5e079fb8247178cde932de0c59ef61213c53889d5ca048725d863109,TQzG52VBAvuWzNfEEWR2X6Ft6iFoTeNRyp,TMuA6YqfCeX8EhbfYEg5y7S4DqzSJireY9,1091907911BitTorrent,true
4f1dd70b7c7f6b117aedc3fee03039322e5935e7d30b3b110f9a36c97c250077,1579492803000,2020-01-20 12:00:03,16412370,4f1dd70b7c7f6b117aedc3fee03039322e5935e7d30b3b110f9a36c97c250077,TLyqzVGLV1srkB7dToTAEqgDSfPtXRJZYH,TMuA6YqfCeX8EhbfYEg5y7S4DqzSJireY9,1033602.933146trx,true
7fdb6d19fa90984ff6983edb93e8df5bb266f01af1572faee6d243d1bdcfe806,1579320009000,2020-01-18 12:00:09,16354791,7fdb6d19fa90984ff6983edb93e8df5bb266f01af1572faee6d243d1bdcfe806,TShjd6G6sKMY15cYnUU8qbz1BP5oiozs5Q,TMuA6YqfCeX8EhbfYEg5y7S4DqzSJireY9,10000000DRONE,true
d6b0ae00d795f0fcb28704c70dcbc19ade34d6e2bcf41c3aeaddcbbb05986b07,1579320003000,2020-01-18 12:00:03,16354789,d6b0ae00d795f0fcb28704c70dcbc19ade34d6e2bcf41c3aeaddcbbb05986b07,TLyqzVGLV1srkB7dToTAEqgDSfPtXRJZYH,TMuA6YqfCeX8EhbfYEg5y7S4DqzSJireY9,1036858.017696trx,true
0633ee977d7d87829cc3c4adffcd05c1c973afb6feeaf51b8f5b170fa27f69c6,1579188414000,2020-01-16 23:26:54,16310941,0633ee977d7d87829cc3c4adffcd05c1c973afb6feeaf51b8f5b170fa27f69c6,TAUN6FwrnwwmaEqYcckffC7wYmbaS6cBiX,TMuA6YqfCeX8EhbfYEg5y7S4DqzSJireY9,102216433.522350trx,true
ed8d5afdc48103fbdc8fc5ff7317cac9f8d7c8f62496bebf6e55d97530aa832a,1579147203000,2020-01-16 12:00:03,16297214,ed8d5afdc48103fbdc8fc5ff7317cac9f8d7c8f62496bebf6e55d97530aa832a,TLyqzVGLV1srkB7dToTAEqgDSfPtXRJZYH,TMuA6YqfCeX8EhbfYEg5y7S4DqzSJireY9,1036821.026035trx,true
fd33cde361123388da38983ce9e544fd367ddaa6ff277014dd6d7c62383dde09,1578974403000,2020-01-14 12:00:03,16239637,fd33cde361123388da38983ce9e544fd367ddaa6ff277014dd6d7c62383dde09,TLyqzVGLV1srkB7dToTAEqgDSfPtXRJZYH,TMuA6YqfCeX8EhbfYEg5y7S4DqzSJireY9,1036372.132464trx,true
0e5f2e1fa28dfdc67ad4eee7eeea8a568c03f0bc5f44b1935302561131cd9070,1578801612000,2020-01-12 12:00:12,16182057,0e5f2e1fa28dfdc67ad4eee7eeea8a568c03f0bc5f44b1935302561131cd9070,TTBXTYqv266xysC7prU7eeJB6E1jySc38q,TMuA6YqfCeX8EhbfYEg5y7S4DqzSJireY9,10000000AXX,true
16e297c06dd90137c0fbc2f6ae53076d29730372c9c291e0afd9ddee7e03d82b,1578801603000,2020-01-12 12:00:03,16182054,16e297c06dd90137c0fbc2f6ae53076d29730372c9c291e0afd9ddee7e03d82b,TLyqzVGLV1srkB7dToTAEqgDSfPtXRJZYH,TMuA6YqfCeX8EhbfYEg5y7S4DqzSJireY9,1036353.402383trx,true
2ed677b5d62144161ff5edc36a9c34df86e11edb2238f2a02ae73be3a368cc37,1578711222000,2020-01-11 10:53:42,16151940,2ed677b5d62144161ff5edc36a9c34df86e11edb2238f2a02ae73be3a368cc37,TNnXPw91DJxUtTsmNVHmkH8ntw1GEfs3fr,TMuA6YqfCeX8EhbfYEg5y7S4DqzSJireY9,131943723470161BitTorrent,true
81b002dd22be0525c27461f569383b348ce896000757abc68ad4c500cf00c920,1578628803000,2020-01-10 12:00:03,16124476,81b002dd22be0525c27461f569383b348ce896000757abc68ad4c500cf00c920,TLyqzVGLV1srkB7dToTAEqgDSfPtXRJZYH,TMuA6YqfCeX8EhbfYEg5y7S4DqzSJireY9,1036446.052273trx,true
449611210d753c2946c045fd3fcee5a8fdfd688081295f7945e3d154a6b090ef,1578456003000,2020-01-08 12:00:03,16066895,449611210d753c2946c045fd3fcee5a8fdfd688081295f7945e3d154a6b090ef,TLyqzVGLV1srkB7dToTAEqgDSfPtXRJZYH,TMuA6YqfCeX8EhbfYEg5y7S4DqzSJireY9,1036572.631394trx,true
e5f5b094a77648d63340885c9a02e3308d5383bd83bd2c0c54f86ec143be9d8a,1578283203000,2020-01-06 12:00:03,16009323,e5f5b094a77648d63340885c9a02e3308d5383bd83bd2c0c54f86ec143be9d8a,TLyqzVGLV1srkB7dToTAEqgDSfPtXRJZYH,TMuA6YqfCeX8EhbfYEg5y7S4DqzSJireY9,1037790.335005trx,true
58a61725436db00c8fedd39021af0d8939f70027409be329d3466654b101d89a,1578110403000,2020-01-04 12:00:03,15951743,58a61725436db00c8fedd39021af0d8939f70027409be329d3466654b101d89a,TLyqzVGLV1srkB7dToTAEqgDSfPtXRJZYH,TMuA6YqfCeX8EhbfYEg5y7S4DqzSJireY9,1037316.400643trx,true
2130252023784c4be07745fd0279fefe127cbfd81f4af223a026ad81e03130be,1577937603000,2020-01-02 12:00:03,15894167,2130252023784c4be07745fd0279fefe127cbfd81f4af223a026ad81e03130be,TLyqzVGLV1srkB7dToTAEqgDSfPtXRJZYH,TMuA6YqfCeX8EhbfYEg5y7S4DqzSJireY9,1555691.459466trx,true
41170f26cd18ec0be86e351d9d51ee353f8cdc454685a06962a2f5bbb1362f3e,1577678403000,2019-12-30 12:00:03,15807806,41170f26cd18ec0be86e351d9d51ee353f8cdc454685a06962a2f5bbb1362f3e,TLyqzVGLV1srkB7dToTAEqgDSfPtXRJZYH,TMuA6YqfCeX8EhbfYEg5y7S4DqzSJireY9,1036322.788272trx,true
3ee07a43147588d59b2354e02b8a0ccb7d41e06cabfee3ed26da6fd8e5e612a4,1577505615000,2019-12-28 12:00:15,15750256,3ee07a43147588d59b2354e02b8a0ccb7d41e06cabfee3ed26da6fd8e5e612a4,TBQPmBPqoxoYSLHVk2M23WenmoWxC5fQa3,TMuA6YqfCeX8EhbfYEg5y7S4DqzSJireY9,10000000AUP,true
5098ef819e4e986c466df778543a21a5e065bd67262985c7cb1869fc700f4ba8,1577505603000,2019-12-28 12:00:03,15750252,5098ef819e4e986c466df778543a21a5e065bd67262985c7cb1869fc700f4ba8,TLyqzVGLV1srkB7dToTAEqgDSfPtXRJZYH,TMuA6YqfCeX8EhbfYEg5y7S4DqzSJireY9,1037282.430212trx,true
ab8e86dede89d67179a005a18b2ea0b8876b3fc208719a9257ba2fbf5a34a874,1577332803000,2019-12-26 12:00:03,15692726,ab8e86dede89d67179a005a18b2ea0b8876b3fc208719a9257ba2fbf5a34a874,TLyqzVGLV1srkB7dToTAEqgDSfPtXRJZYH,TMuA6YqfCeX8EhbfYEg5y7S4DqzSJireY9,1038173.830343trx,true
334e483da37b58736560f48820b9df12c9dd17c9e537c173dfcd119d5ed211b9,1577160003000,2019-12-24 12:00:03,15635147,334e483da37b58736560f48820b9df12c9dd17c9e537c173dfcd119d5ed211b9,TLyqzVGLV1srkB7dToTAEqgDSfPtXRJZYH,TMuA6YqfCeX8EhbfYEg5y7S4DqzSJireY9,1037665.849478trx,true
c17af59db1e97512e8ff57fed482f98e241eace0bb2b20d81b3ba62e683e03dc,1577055090000,2019-12-23 06:51:30,15600187,c17af59db1e97512e8ff57fed482f98e241eace0bb2b20d81b3ba62e683e03dc,TFQyYdPTpsVnF3ys9KTDu9ToNTUfixK6Dw,TMuA6YqfCeX8EhbfYEg5y7S4DqzSJireY9,700000TRONSECURITY,true
c08b32d3600cb9db1a96bf0f59ba36b7ed4359f0d26c3507c772a8aa5f8fa9bd,1576987203000,2019-12-22 12:00:03,15577564,c08b32d3600cb9db1a96bf0f59ba36b7ed4359f0d26c3507c772a8aa5f8fa9bd,TLyqzVGLV1srkB7dToTAEqgDSfPtXRJZYH,TMuA6YqfCeX8EhbfYEg5y7S4DqzSJireY9,1037346.810812trx,true
dfe578c97fc05dc635f051818ea65e6cda4bd718b3ad3b08fcd57a462354a2b0,1576814403000,2019-12-20 12:00:03,15519980,dfe578c97fc05dc635f051818ea65e6cda4bd718b3ad3b08fcd57a462354a2b0,TLyqzVGLV1srkB7dToTAEqgDSfPtXRJZYH,TMuA6YqfCeX8EhbfYEg5y7S4DqzSJireY9,1037164.838213trx,true
22360a0e920e271d9392823533af6ff85928795da0ccbb742c7110457819c728,1576641618000,2019-12-18 12:00:18,15462410,22360a0e920e271d9392823533af6ff85928795da0ccbb742c7110457819c728,TT3MJHpTTikYngGsyMz1FrwxvAnWZnvdw7,TMuA6YqfCeX8EhbfYEg5y7S4DqzSJireY9,10000000AX,true
6a15fa8e3038143899f3aedebde2fb0283ff128b73addc50c60ce7bd8f9b690a,1576641603000,2019-12-18 12:00:03,15462405,6a15fa8e3038143899f3aedebde2fb0283ff128b73addc50c60ce7bd8f9b690a,TLyqzVGLV1srkB7dToTAEqgDSfPtXRJZYH,TMuA6YqfCeX8EhbfYEg5y7S4DqzSJireY9,1035052.227584trx,true
4401cc5aca30ece2172bb399af861ee7dec297280a2ef0dbfaf261c52114ff8f,1576468803000,2019-12-16 12:00:03,15404825,4401cc5aca30ece2172bb399af861ee7dec297280a2ef0dbfaf261c52114ff8f,TLyqzVGLV1srkB7dToTAEqgDSfPtXRJZYH,TMuA6YqfCeX8EhbfYEg5y7S4DqzSJireY9,1035144.709977trx,true
f378cc79b817c5b2899d7dead25d06d0c0e1318d25170450ead67027c2c06c2d,1576296003000,2019-12-14 12:00:03,15347244,f378cc79b817c5b2899d7dead25d06d0c0e1318d25170450ead67027c2c06c2d,TLyqzVGLV1srkB7dToTAEqgDSfPtXRJZYH,TMuA6YqfCeX8EhbfYEg5y7S4DqzSJireY9,1026490.089088trx,true
32f9cbf1758ea52b52e59bc9e1ff6fc9b8ba6de1e37f4a90c776f994391beaab,1576123203000,2019-12-12 12:00:03,15290073,32f9cbf1758ea52b52e59bc9e1ff6fc9b8ba6de1e37f4a90c776f994391beaab,TLyqzVGLV1srkB7dToTAEqgDSfPtXRJZYH,TMuA6YqfCeX8EhbfYEg5y7S4DqzSJireY9,1008961.218755trx,true
7276f646da5da871578523c32f82bc8ecc752f516a729f3ff2d9c3ee6a2e5c55,1576033251000,2019-12-11 11:00:51,15261217,7276f646da5da871578523c32f82bc8ecc752f516a729f3ff2d9c3ee6a2e5c55,TFG5LywGz2nXA2qCxwZoxjPJz7wVEQwCku,TMuA6YqfCeX8EhbfYEg5y7S4DqzSJireY9,130845083221990BitTorrent,true
d50142d1a437d79c010da3e95c4a52c4728c2903babd144556156f5614600383,1575950403000,2019-12-10 12:00:03,15233928,d50142d1a437d79c010da3e95c4a52c4728c2903babd144556156f5614600383,TLyqzVGLV1srkB7dToTAEqgDSfPtXRJZYH,TMuA6YqfCeX8EhbfYEg5y7S4DqzSJireY9,1033518.006056trx,true
dc319c47f3ceabc7985c9eae2c4767727f0081d4ef374ee0ddd06c4a0361e7ee,1575889926000,2019-12-09 19:12:06,15213775,dc319c47f3ceabc7985c9eae2c4767727f0081d4ef374ee0ddd06c4a0361e7ee,TJxQRpG7c7zp6LvP8HkRLi2B3YKmfoz84q,TMuA6YqfCeX8EhbfYEg5y7S4DqzSJireY9,0.970000trx,true
6c21f44a80c36c36f090748c5182a35cdc723b20cd16fd2654ca0c374c2f5ddb,1575777603000,2019-12-08 12:00:03,15176354,6c21f44a80c36c36f090748c5182a35cdc723b20cd16fd2654ca0c374c2f5ddb,TLyqzVGLV1srkB7dToTAEqgDSfPtXRJZYH,TMuA6YqfCeX8EhbfYEg5y7S4DqzSJireY9,1034503.574572trx,true
59c7c3c8dc235be10e3545f618267388cfeb0b06cf8a99b5558c30443d336cf6,1575604803000,2019-12-06 12:00:03,15118775,59c7c3c8dc235be10e3545f618267388cfeb0b06cf8a99b5558c30443d336cf6,TLyqzVGLV1srkB7dToTAEqgDSfPtXRJZYH,TMuA6YqfCeX8EhbfYEg5y7S4DqzSJireY9,1035293.216219trx,true
852061943dd93995c5d9c698a55d12861152dc1664e237f476741465f264fd00,1575432003000,2019-12-04 12:00:03,15061196,852061943dd93995c5d9c698a55d12861152dc1664e237f476741465f264fd00,TLyqzVGLV1srkB7dToTAEqgDSfPtXRJZYH,TMuA6YqfCeX8EhbfYEg5y7S4DqzSJireY9,1035535.081557trx,true
9486e62ecaa22a54dece68ca9fa1506142ce7524330cdadd0582533f23f3073d,1575430608000,2019-12-04 11:36:48,15060731,9486e62ecaa22a54dece68ca9fa1506142ce7524330cdadd0582533f23f3073d,TLzdLwkNnn3B1VB7577nzCxdbaK2cKAR2N,TMuA6YqfCeX8EhbfYEg5y7S4DqzSJireY9,10000000QueenMahsa,true
bcaa4bde219fc7e9c083121e4109d9da9da07e8d9800a15d0b1d63813f9ddedf,1575259203000,2019-12-02 12:00:03,15003613,bcaa4bde219fc7e9c083121e4109d9da9da07e8d9800a15d0b1d63813f9ddedf,TLyqzVGLV1srkB7dToTAEqgDSfPtXRJZYH,TMuA6YqfCeX8EhbfYEg5y7S4DqzSJireY9,1036604.065578trx,true
4016e74553208a629e251b220a6cfaa92afe353fc94bcc9648fe13dbb51b0395,1575086415000,2019-11-30 12:00:15,14946036,4016e74553208a629e251b220a6cfaa92afe353fc94bcc9648fe13dbb51b0395,TN97p9ut89n4VCMA4GAtAQrv5nzxs9VEWV,TMuA6YqfCeX8EhbfYEg5y7S4DqzSJireY9,10000000EPICAL,true
c584bf948bc49dd6c1ff16f5c05fc725565181e4b48f8498f6d883d9e4e8d076,1575086403000,2019-11-30 12:00:03,14946032,c584bf948bc49dd6c1ff16f5c05fc725565181e4b48f8498f6d883d9e4e8d076,TLyqzVGLV1srkB7dToTAEqgDSfPtXRJZYH,TMuA6YqfCeX8EhbfYEg5y7S4DqzSJireY9,1035310.206398trx,true
e86f3c1b5e8294f1a16c5f1f447c3a0f578d465e6d6dee8b11b5b96da092d153,1574913603000,2019-11-28 12:00:03,14888449,e86f3c1b5e8294f1a16c5f1f447c3a0f578d465e6d6dee8b11b5b96da092d153,TLyqzVGLV1srkB7dToTAEqgDSfPtXRJZYH,TMuA6YqfCeX8EhbfYEg5y7S4DqzSJireY9,1035850.763906trx,true
5612d22f252f380212c1892a0bc2ea1451dd517498c31ec9531fe34e9132d302,1574740803000,2019-11-26 12:00:03,14830879,5612d22f252f380212c1892a0bc2ea1451dd517498c31ec9531fe34e9132d302,TLyqzVGLV1srkB7dToTAEqgDSfPtXRJZYH,TMuA6YqfCeX8EhbfYEg5y7S4DqzSJireY9,1035784.846377trx,true
99956d719dd1d19630cabed530526f694a384c42cd5a1135e7b01f4e27738b6f,1574626311000,2019-11-25 04:11:51,14792740,99956d719dd1d19630cabed530526f694a384c42cd5a1135e7b01f4e27738b6f,TCKLRjJmhFABs4Hbjy5S3DBFoytMQ95hS4,TMuA6YqfCeX8EhbfYEg5y7S4DqzSJireY9,1VoteForGeoTreasureSR,true
bb4a50ce506efcd6da2c466b26e662a6496cfb300c02ea45a1a8422caa3f15e7,1574568003000,2019-11-24 12:00:03,14773313,bb4a50ce506efcd6da2c466b26e662a6496cfb300c02ea45a1a8422caa3f15e7,TLyqzVGLV1srkB7dToTAEqgDSfPtXRJZYH,TMuA6YqfCeX8EhbfYEg5y7S4DqzSJireY9,1036139.410803trx,true
e57e2c4f32bc5d4ff3382f075bc898831dce3b2766208b0f458370e9c0935e28,1574395203000,2019-11-22 12:00:03,14715735,e57e2c4f32bc5d4ff3382f075bc898831dce3b2766208b0f458370e9c0935e28,TLyqzVGLV1srkB7dToTAEqgDSfPtXRJZYH,TMuA6YqfCeX8EhbfYEg5y7S4DqzSJireY9,1037738.272761trx,true
b59aef3bf669025ed2246f3a01f5c31d2f40612fd2192c627bf566e15f8496dd,1574222403000,2019-11-20 12:00:03,14658160,b59aef3bf669025ed2246f3a01f5c31d2f40612fd2192c627bf566e15f8496dd,TLyqzVGLV1srkB7dToTAEqgDSfPtXRJZYH,TMuA6YqfCeX8EhbfYEg5y7S4DqzSJireY9,1038206.281422trx,true
891c55dcccbe90b532dc5f8135f72862769df7700de7b020421f56a9a03014b1,1574049609000,2019-11-18 12:00:09,14600578,891c55dcccbe90b532dc5f8135f72862769df7700de7b020421f56a9a03014b1,TABoKk8Ee2WKEfHXAAA7epeWLucNYHpbxo,TMuA6YqfCeX8EhbfYEg5y7S4DqzSJireY9,10000000ALPHA,true
896487e9e6c276a0f7d269377002e34e4c8619cb3713346045d0293a7d117532,1574049603000,2019-11-18 12:00:03,14600576,896487e9e6c276a0f7d269377002e34e4c8619cb3713346045d0293a7d117532,TLyqzVGLV1srkB7dToTAEqgDSfPtXRJZYH,TMuA6YqfCeX8EhbfYEg5y7S4DqzSJireY9,1038150.789576trx,true
e44fc88fadce359e9af91e50a0c5128ccbb66934d4b38bd31828f63035291abe,1573876803000,2019-11-16 12:00:03,14542993,e44fc88fadce359e9af91e50a0c5128ccbb66934d4b38bd31828f63035291abe,TLyqzVGLV1srkB7dToTAEqgDSfPtXRJZYH,TMuA6YqfCeX8EhbfYEg5y7S4DqzSJireY9,1038533.194195trx,true
7e5b10478efb1187f5e73f669633e927ddf6906e1febbe5d4c048ea4864c66b5,1573855761000,2019-11-16 06:09:21,14535981,7e5b10478efb1187f5e73f669633e927ddf6906e1febbe5d4c048ea4864c66b5,TRChSJM8TjQj7vvJCN9W8WBcfkJq2eBxgv,TMuA6YqfCeX8EhbfYEg5y7S4DqzSJireY9,20000000Alphard,true
7d8a738656ed99c1a51477369bb687b9027fb0ae991e518fcbf73ec20a4264d7,1573855422000,2019-11-16 06:03:42,14535868,7d8a738656ed99c1a51477369bb687b9027fb0ae991e518fcbf73ec20a4264d7,TRChSJM8TjQj7vvJCN9W8WBcfkJq2eBxgv,TMuA6YqfCeX8EhbfYEg5y7S4DqzSJireY9,33000000Alphard,true
6a10945e014171d5e31adc60a04d6ffac48914f37ab63547f01cadbee133c5ca,1573853652000,2019-11-16 05:34:12,14535278,6a10945e014171d5e31adc60a04d6ffac48914f37ab63547f01cadbee133c5ca,TRChSJM8TjQj7vvJCN9W8WBcfkJq2eBxgv,TMuA6YqfCeX8EhbfYEg5y7S4DqzSJireY9,80513231252000000Alphard,true
68f2ac191f73f5d573c4f06053393b5bb9ea4da1173ac2b7219154eb6c91c29f,1573853622000,2019-11-16 05:33:42,14535268,68f2ac191f73f5d573c4f06053393b5bb9ea4da1173ac2b7219154eb6c91c29f,TRChSJM8TjQj7vvJCN9W8WBcfkJq2eBxgv,TMuA6YqfCeX8EhbfYEg5y7S4DqzSJireY9,80513231252000000Alphard,true
df97392e11ecde295f44d53c8476d0c33d6d6491e14ea45cd3f57fb8195fd8eb,1573704003000,2019-11-14 12:00:03,14485412,df97392e11ecde295f44d53c8476d0c33d6d6491e14ea45cd3f57fb8195fd8eb,TLyqzVGLV1srkB7dToTAEqgDSfPtXRJZYH,TMuA6YqfCeX8EhbfYEg5y7S4DqzSJireY9,1038345.884191trx,true
a1bec19edbd7ed9b36700d57664ec4491d0ec1313bacbed3a10b2da1a537b617,1573531203000,2019-11-12 12:00:03,14427828,a1bec19edbd7ed9b36700d57664ec4491d0ec1313bacbed3a10b2da1a537b617,TLyqzVGLV1srkB7dToTAEqgDSfPtXRJZYH,TMuA6YqfCeX8EhbfYEg5y7S4DqzSJireY9,1040276.354210trx,true
f43089b7a29a8d9a76fb9141c35c2f745ea4cae3989f514646cfaf12b23148db,1573441815000,2019-11-11 11:10:15,14398041,f43089b7a29a8d9a76fb9141c35c2f745ea4cae3989f514646cfaf12b23148db,TXPt9YCwurC6rNfmVLq3WK6EzXmb7ybwmo,TMuA6YqfCeX8EhbfYEg5y7S4DqzSJireY9,130777925138039BitTorrent,true
37c115d31ac5dc115722a3e940aaeec5400b8753cb82a5b9c9582ee90bb66fe6,1573358403000,2019-11-10 12:00:03,14370252,37c115d31ac5dc115722a3e940aaeec5400b8753cb82a5b9c9582ee90bb66fe6,TLyqzVGLV1srkB7dToTAEqgDSfPtXRJZYH,TMuA6YqfCeX8EhbfYEg5y7S4DqzSJireY9,1044090.517592trx,true
9514cc7363744578a0e4247d30cff11edd6515c932eb8bee89f0b1fe61501bc9,1573185603000,2019-11-08 12:00:03,14312669,9514cc7363744578a0e4247d30cff11edd6515c932eb8bee89f0b1fe61501bc9,TLyqzVGLV1srkB7dToTAEqgDSfPtXRJZYH,TMuA6YqfCeX8EhbfYEg5y7S4DqzSJireY9,1046269.552608trx,true
849c9c914c176b8e9ac9e12b7ce6bc1f1d26a276dab75544d891e507db0d97f1,1573012803000,2019-11-06 12:00:03,14255093,849c9c914c176b8e9ac9e12b7ce6bc1f1d26a276dab75544d891e507db0d97f1,TLyqzVGLV1srkB7dToTAEqgDSfPtXRJZYH,TMuA6YqfCeX8EhbfYEg5y7S4DqzSJireY9,524431.712664trx,true
6d8f366d635c456d7ab7160a1336dd8a293d4657c2d640ea80b5c4f312863845,1572840003000,2019-11-04 12:00:03,14197549,6d8f366d635c456d7ab7160a1336dd8a293d4657c2d640ea80b5c4f312863845,TLyqzVGLV1srkB7dToTAEqgDSfPtXRJZYH,TMuA6YqfCeX8EhbfYEg5y7S4DqzSJireY9,176354.917306trx,true
cc900fd9cc84cf582795366df2c38489bdbc04db59e40cbfda5599494ecc42c0,1572711642000,2019-11-03 00:20:42,14154778,cc900fd9cc84cf582795366df2c38489bdbc04db59e40cbfda5599494ecc42c0,TViTdKPh2JkswbW7UxdrsQQNZtjRQ2jmp5,TMuA6YqfCeX8EhbfYEg5y7S4DqzSJireY9,1000000WorldTravelBlockchain,true
50ebc8b6354b9fb62151cf80aef985788539f4556eff2a6270b232f0ce708eff,1572581436000,2019-11-01 12:10:36,14111398,50ebc8b6354b9fb62151cf80aef985788539f4556eff2a6270b232f0ce708eff,TLyqzVGLV1srkB7dToTAEqgDSfPtXRJZYH,TMuA6YqfCeX8EhbfYEg5y7S4DqzSJireY9,413798.598514trx,true
497add2a9fd117f1f6903ec565a7527c8e89e2511c9e737d0e6edfdd92c736af,1572520992000,2019-10-31 19:23:12,14091258,497add2a9fd117f1f6903ec565a7527c8e89e2511c9e737d0e6edfdd92c736af,TLyqzVGLV1srkB7dToTAEqgDSfPtXRJZYH,TMuA6YqfCeX8EhbfYEg5y7S4DqzSJireY9,59392.760892trx,true
c46d341b57d75402550d6bab0162914e9a0379d5a3dfa92cf2b9a7e2743146b5,1572513288000,2019-10-31 17:14:48,14088690,c46d341b57d75402550d6bab0162914e9a0379d5a3dfa92cf2b9a7e2743146b5,TLyqzVGLV1srkB7dToTAEqgDSfPtXRJZYH,TMuA6YqfCeX8EhbfYEg5y7S4DqzSJireY9,0.010000trx,true
ae06fc3d8193e4d82497038a05565eeb912737291c70fae9befbad048a377038,1572474567000,2019-10-31 06:29:27,14075787,ae06fc3d8193e4d82497038a05565eeb912737291c70fae9befbad048a377038,TYdMzYVWGoFUHkZTNCnV42uQUTE5WUCmDw,TMuA6YqfCeX8EhbfYEg5y7S4DqzSJireY9,10000000PLANET,true
ef9a3404bf988adafb2318ccd4c564b76681802091604fe83f7f6cd6e08da2cb,1572437145000,2019-10-30 20:05:45,14063316,ef9a3404bf988adafb2318ccd4c564b76681802091604fe83f7f6cd6e08da2cb,TLyqzVGLV1srkB7dToTAEqgDSfPtXRJZYH,TMuA6YqfCeX8EhbfYEg5y7S4DqzSJireY9,0.010000trx,true
7ba9e5578b992114ee76ba10361867e3857b7887b2456a69587f3aff0b2aed66,1572418923000,2019-10-30 15:02:03,14057244,7ba9e5578b992114ee76ba10361867e3857b7887b2456a69587f3aff0b2aed66,TLyqzVGLV1srkB7dToTAEqgDSfPtXRJZYH,TMuA6YqfCeX8EhbfYEg5y7S4DqzSJireY9,0.010000trx,true
c6818474b4f986ab38df4d6f46257a46831708dd3b280605447a82dea1532a7f,1572418836000,2019-10-30 15:00:36,14057215,c6818474b4f986ab38df4d6f46257a46831708dd3b280605447a82dea1532a7f,TLyqzVGLV1srkB7dToTAEqgDSfPtXRJZYH,TMuA6YqfCeX8EhbfYEg5y7S4DqzSJireY9,0.010000trx,true
e8d6defe3139a673f90e39144861c867ae7f7a4d6aea69dc55d271a97064208b,1572416472000,2019-10-30 14:21:12,14056427,e8d6defe3139a673f90e39144861c867ae7f7a4d6aea69dc55d271a97064208b,TLyqzVGLV1srkB7dToTAEqgDSfPtXRJZYH,TMuA6YqfCeX8EhbfYEg5y7S4DqzSJireY9,2300000.000000trx,true
4ff929ceb67787abfd6d96c07ecb289e7d9fb304c837ce1f3796e16c816f166b,1572409239000,2019-10-30 12:20:39,14054018,4ff929ceb67787abfd6d96c07ecb289e7d9fb304c837ce1f3796e16c816f166b,TLyqzVGLV1srkB7dToTAEqgDSfPtXRJZYH,TMuA6YqfCeX8EhbfYEg5y7S4DqzSJireY9,1000.000000trx,true
f4f016fd11ff56488bd82d2ce82ae42b37ac53ad51dea7efea218e67553e5c86,1572408408000,2019-10-30 12:06:48,14053741,f4f016fd11ff56488bd82d2ce82ae42b37ac53ad51dea7efea218e67553e5c86,TLyqzVGLV1srkB7dToTAEqgDSfPtXRJZYH,TMuA6YqfCeX8EhbfYEg5y7S4DqzSJireY9,6840467.170887trx,true
f4f3ce99064d236c55261b7005f64b7bc63960f21abc9f002eb244fe474902cf,1572406413000,2019-10-30 11:33:33,14053076,f4f3ce99064d236c55261b7005f64b7bc63960f21abc9f002eb244fe474902cf,TLyqzVGLV1srkB7dToTAEqgDSfPtXRJZYH,TMuA6YqfCeX8EhbfYEg5y7S4DqzSJireY9,100000.000000trx,true
ee1bf3c1760b639f10fe809f204a9007dc1028b53163440a124bf9960b22c913,1572356697000,2019-10-29 21:44:57,14036510,ee1bf3c1760b639f10fe809f204a9007dc1028b53163440a124bf9960b22c913,TAUN6FwrnwwmaEqYcckffC7wYmbaS6cBiX,TMuA6YqfCeX8EhbfYEg5y7S4DqzSJireY9,153836085.544621trx,true
e35e1f0b54b22b8e4e485f26656fea081a8b2506d7c8e3e2cde28a836ca197d0,1572355626000,2019-10-29 21:27:06,14036153,e35e1f0b54b22b8e4e485f26656fea081a8b2506d7c8e3e2cde28a836ca197d0,TLyqzVGLV1srkB7dToTAEqgDSfPtXRJZYH,TMuA6YqfCeX8EhbfYEg5y7S4DqzSJireY9,0.100000trx,true
a63017dc080e17a524516057c0eff2e7d49656b9c7c302cb7f154349ec72a4cf,1572295389000,2019-10-29 04:43:09,14016088,a63017dc080e17a524516057c0eff2e7d49656b9c7c302cb7f154349ec72a4cf,TRtmFSFBtUQbbWoyUBqvhck5scUPEo5KsQ,TMuA6YqfCeX8EhbfYEg5y7S4DqzSJireY9,10000000SPACE,true
e216a46025c1c0acc8c8db769d7da6174cc879c27929e298101aa5b8d19177dd,1572295383000,2019-10-29 04:43:03,14016086,e216a46025c1c0acc8c8db769d7da6174cc879c27929e298101aa5b8d19177dd,TAUN6FwrnwwmaEqYcckffC7wYmbaS6cBiX,TMuA6YqfCeX8EhbfYEg5y7S4DqzSJireY9,108065101.428859trx,true
63f350339ceef32f8ac5c3c94a0ad78d93759d02ea503498aa4c250d2b7cff76,1572142992000,2019-10-27 10:23:12,13965366,63f350339ceef32f8ac5c3c94a0ad78d93759d02ea503498aa4c250d2b7cff76,TUL9NhGQkRFLTRcHGkdoSniAeVaNPZGgot,TMuA6YqfCeX8EhbfYEg5y7S4DqzSJireY9,3216000000AeroChain,true
eea6cf7c34d2c50c03dc82116b69a2c27ed043b3a7d30a95439a953c6f215f38,1571562534000,2019-10-20 17:08:54,13772047,eea6cf7c34d2c50c03dc82116b69a2c27ed043b3a7d30a95439a953c6f215f38,TRXw3Ggt3xs3fHbcoark1aeKwUZFKTYcsS,TMuA6YqfCeX8EhbfYEg5y7S4DqzSJireY9,10000Waxperience,true
09b1c05e46fa0fb3643d862186fd31cd6c21809ba5cc277194a9752e26b96c75,1571540622000,2019-10-20 11:03:42,13764747,09b1c05e46fa0fb3643d862186fd31cd6c21809ba5cc277194a9752e26b96c75,TViTdKPh2JkswbW7UxdrsQQNZtjRQ2jmp5,TMuA6YqfCeX8EhbfYEg5y7S4DqzSJireY9,1000000WorldTravelBlockchain,true
a6192db59f8c851d13c8f57b727f2a3fbf27be6359be4e0a31aed756379777c9,1571388615000,2019-10-18 16:50:15,13714109,a6192db59f8c851d13c8f57b727f2a3fbf27be6359be4e0a31aed756379777c9,TL6YggMQQ3YFEc41wesBMHZjDxcGpX3y5q,TMuA6YqfCeX8EhbfYEg5y7S4DqzSJireY9,1800000HappyEX,true
b00e20d912ffe0fe5c7565d16d1abada6afba74718627750a98fb69c166a1dbd,1571383818000,2019-10-18 15:30:18,13712510,b00e20d912ffe0fe5c7565d16d1abada6afba74718627750a98fb69c166a1dbd,TAUN6FwrnwwmaEqYcckffC7wYmbaS6cBiX,TMuA6YqfCeX8EhbfYEg5y7S4DqzSJireY9,51595706.503125trx,true
8141d447a6b8eee22f41cedde1b29d6246001d641781beefc19f92a72590984a,1571305620000,2019-10-17 17:47:00,13686461,8141d447a6b8eee22f41cedde1b29d6246001d641781beefc19f92a72590984a,TAUN6FwrnwwmaEqYcckffC7wYmbaS6cBiX,TMuA6YqfCeX8EhbfYEg5y7S4DqzSJireY9,52154271.471595trx,true
69c6b12c67e3c251d5508ad1117d0fcb67bdeef153c354c2646ecfcb155e6c84,1571102496000,2019-10-15 09:21:36,13618795,69c6b12c67e3c251d5508ad1117d0fcb67bdeef153c354c2646ecfcb155e6c84,TAUN6FwrnwwmaEqYcckffC7wYmbaS6cBiX,TMuA6YqfCeX8EhbfYEg5y7S4DqzSJireY9,386951509.926104trx,true
31c255d8dd6d76b0948b6ba78ab1cd4b663b31864bcb78af73dde01cbfed0bc4,1570808466000,2019-10-11 23:41:06,13520902,31c255d8dd6d76b0948b6ba78ab1cd4b663b31864bcb78af73dde01cbfed0bc4,TAUN6FwrnwwmaEqYcckffC7wYmbaS6cBiX,TMuA6YqfCeX8EhbfYEg5y7S4DqzSJireY9,779297912.534759trx,true
ae93bce287fc7a048bd9c60cec268a2d9d0c93aa788953c0ec833db9cc41a2c4,1570807872000,2019-10-11 23:31:12,13520704,ae93bce287fc7a048bd9c60cec268a2d9d0c93aa788953c0ec833db9cc41a2c4,TMuA6YqfCeX8EhbfYEg5y7S4DqzSJireY9,TAUN6FwrnwwmaEqYcckffC7wYmbaS6cBiX,400666888.000000trx,true
ac65323ac3752b10fdfe90dc41d408653067456a000ba2ac50dfbf2dfa369ccf,1570807731000,2019-10-11 23:28:51,13520657,ac65323ac3752b10fdfe90dc41d408653067456a000ba2ac50dfbf2dfa369ccf,TJjYENfTEBTvEKeyLeE4bAYDxrmUXeGdSZ,TMuA6YqfCeX8EhbfYEg5y7S4DqzSJireY9,10000000SHIPS,true
ca09eb0b69d9527a5bd68b783a7b426035484d7413e1dc73bf7a5e8c84572cae,1570773129000,2019-10-11 13:52:09,13509136,ca09eb0b69d9527a5bd68b783a7b426035484d7413e1dc73bf7a5e8c84572cae,TMSpdYHCgZuxM7AjqKsjGMM1cpxraFuZGp,TMuA6YqfCeX8EhbfYEg5y7S4DqzSJireY9,250000KvazarCash,true
0dc10d01c0eddf37b203fe240b87ee7912381844e4aadd8b011a5f4dabea61fe,1570765653000,2019-10-11 11:47:33,13506667,0dc10d01c0eddf37b203fe240b87ee7912381844e4aadd8b011a5f4dabea61fe,TVVbX1SaKDXsHa5WPECLBBNZuRbrK9YZFy,TMuA6YqfCeX8EhbfYEg5y7S4DqzSJireY9,119443028805667BitTorrent,true
26f06b88a3a60095e572ae3a9f685290b69a27cbb0f4bcec3ad4b0e1047576d3,1570713618000,2019-10-10 21:20:18,13489343,26f06b88a3a60095e572ae3a9f685290b69a27cbb0f4bcec3ad4b0e1047576d3,TMSpdYHCgZuxM7AjqKsjGMM1cpxraFuZGp,TMuA6YqfCeX8EhbfYEg5y7S4DqzSJireY9,1000000KvazarCash,true
79deb1f49e7e6bde75daadf9135fa4c27f2cc5bb1e69528ea4371d69c50c6eb0,1570501317000,2019-10-08 10:21:57,13418644,79deb1f49e7e6bde75daadf9135fa4c27f2cc5bb1e69528ea4371d69c50c6eb0,TThEeaZimyaFR8oWpTP2tA5qSQEGW1VuQx,TMuA6YqfCeX8EhbfYEg5y7S4DqzSJireY9,24120TOME,true
925134f8536db5ba085bc32c07390c42f332289401bac971d0555734f451b76d,1570032654000,2019-10-03 00:10:54,13262526,925134f8536db5ba085bc32c07390c42f332289401bac971d0555734f451b76d,TEV5PJWga6crSeNLHmHaaco8fon6nm74wJ,TMuA6YqfCeX8EhbfYEg5y7S4DqzSJireY9,1000000CryptoFriends,true
f1099db37423320bbff05a5261bff7c78479c560d08fd98b324e8441b4369c7d,1569969000000,2019-10-02 06:30:00,13241323,f1099db37423320bbff05a5261bff7c78479c560d08fd98b324e8441b4369c7d,TVnPhKBdRYfwzW5bTvbpW5wFXE9NZPKtR6,TMuA6YqfCeX8EhbfYEg5y7S4DqzSJireY9,1593HOLOYOLO,true
daf5ac27a886ce710d4ff53c0f8e42362a07471a364d0052bb8a5de08b833c69,1569765735000,2019-09-29 22:02:15,13173651,daf5ac27a886ce710d4ff53c0f8e42362a07471a364d0052bb8a5de08b833c69,TEqWzYT9fk4NCu3YecgEnQrQqxibFz7JDK,TMuA6YqfCeX8EhbfYEg5y7S4DqzSJireY9,1000CandyCrushSaga,true
28e0306705130d729ee0295b53eef971cd761c975f35f7d3b4977e020604d940,1569578715000,2019-09-27 18:05:15,13111488,28e0306705130d729ee0295b53eef971cd761c975f35f7d3b4977e020604d940,TMZSeKSiRRuEyjat7Qjb9KvGrRf5f1HGAs,TMuA6YqfCeX8EhbfYEg5y7S4DqzSJireY9,100000BitTorrent,true
51b07f6fcdbabc19bce4115bbf74357bbbfa2d6b1a1ed56ef404e87397c0e0e0,1569203208000,2019-09-23 09:46:48,12986444,51b07f6fcdbabc19bce4115bbf74357bbbfa2d6b1a1ed56ef404e87397c0e0e0,TY8DwboPJ4J9Yv8f1NpKXLHUTWAoMtxg26,TMuA6YqfCeX8EhbfYEg5y7S4DqzSJireY9,1000000000BeeHive,true
903fb75c4297873e3b204f5dd7a44ecae008aac4ba237494c6abf9c4e5c95873,1568748057000,2019-09-18 03:20:57,12834868,903fb75c4297873e3b204f5dd7a44ecae008aac4ba237494c6abf9c4e5c95873,TDWdG12W8MqyrzfDm1FxnjXezemXk7JWT3,TMuA6YqfCeX8EhbfYEg5y7S4DqzSJireY9,10000000COSMO,true
6608fc4af83b5a88470e07822f553254e8d2a274b35fedcc28a050c8811e9630,1568748045000,2019-09-18 03:20:45,12834864,6608fc4af83b5a88470e07822f553254e8d2a274b35fedcc28a050c8811e9630,TCfDynRZMt8PWPQiGxK3QRrnxCUi1WNip1,TMuA6YqfCeX8EhbfYEg5y7S4DqzSJireY9,1.000000trx,true
005393ed420b7639748d1f2759c68edc0ddcf7380e1295e70a3df94592038cfe,1568328102000,2019-09-13 06:41:42,12694989,005393ed420b7639748d1f2759c68edc0ddcf7380e1295e70a3df94592038cfe,THUHfNqiYo4KS3GLM8MUU4x3wek9uPD47d,TMuA6YqfCeX8EhbfYEg5y7S4DqzSJireY9,100000000CANDYCOIN,true
8d46eda600ca45ec146772f5af4dc753884e2b1689b1b9f137c6bc2968ef9804,1568171835000,2019-09-11 11:17:15,12642938,8d46eda600ca45ec146772f5af4dc753884e2b1689b1b9f137c6bc2968ef9804,THZqPUuxur6sbxmCBPDswehXFfqeGNtmnJ,TMuA6YqfCeX8EhbfYEg5y7S4DqzSJireY9,119487839274517BitTorrent,true
0978e27efd12561ae060e17bfce49060e676652cabb32112b008794c324cbbbe,1566615618000,2019-08-24 11:00:18,12124812,0978e27efd12561ae060e17bfce49060e676652cabb32112b008794c324cbbbe,TMWsaJZxYA6PKubJj6nEjUBDgCGpsuiSzy,TMuA6YqfCeX8EhbfYEg5y7S4DqzSJireY9,10000000ZOO,true
8f044c66341fbebc1c6d8d0a1939e3305d18333295499588e0c80e317f768e37,1566615606000,2019-08-24 11:00:06,12124808,8f044c66341fbebc1c6d8d0a1939e3305d18333295499588e0c80e317f768e37,TMuA6YqfCeX8EhbfYEg5y7S4DqzSJireY9,TWd4WrZ9wn84f5x1hZhL4DHvk738ns5jwb,2408764623.462368trx,true
895e2f6b0ef5c3b4234c8febf58a26a41712110b9e1a6ca0afff672653751ee3,1566265647000,2019-08-20 09:47:27,12008403,895e2f6b0ef5c3b4234c8febf58a26a41712110b9e1a6ca0afff672653751ee3,TFQyYdPTpsVnF3ys9KTDu9ToNTUfixK6Dw,TMuA6YqfCeX8EhbfYEg5y7S4DqzSJireY9,4000TRONSECURITY,true
db49f69f17ba6f85a9d6338985e41a7ca26bcd8d7f7db6c491f7b5d1dbea49b0,1566256335000,2019-08-20 07:12:15,12005305,db49f69f17ba6f85a9d6338985e41a7ca26bcd8d7f7db6c491f7b5d1dbea49b0,TFQyYdPTpsVnF3ys9KTDu9ToNTUfixK6Dw,TMuA6YqfCeX8EhbfYEg5y7S4DqzSJireY9,100TRONSECURITY,true
c8900c2ff5ef65c4fc59437fa699f12aef38ca4613ee1d06cc157e8951b95938,1565797179000,2019-08-14 23:39:39,11853584,c8900c2ff5ef65c4fc59437fa699f12aef38ca4613ee1d06cc157e8951b95938,TMSpdYHCgZuxM7AjqKsjGMM1cpxraFuZGp,TMuA6YqfCeX8EhbfYEg5y7S4DqzSJireY9,150000KvazarCash,true
8ea8b81a82566cd9e8c71b44e28896708a5c7302720f96871b793f66164cdd77,1565666223000,2019-08-13 11:17:03,11810087,8ea8b81a82566cd9e8c71b44e28896708a5c7302720f96871b793f66164cdd77,TX6uLWeGVEJU9BU3kLgd6gV7X8jUG6Sqp7,TMuA6YqfCeX8EhbfYEg5y7S4DqzSJireY9,10000000Luck,true
27ee36683aaa96483591776e8d1a1cf39b7abd01a8e386b09b6048c9615564e1,1565484966000,2019-08-11 08:56:06,11749904,27ee36683aaa96483591776e8d1a1cf39b7abd01a8e386b09b6048c9615564e1,TNGFJpprrfyPTKSTBtZjTpJuiGspNodeFG,TMuA6YqfCeX8EhbfYEg5y7S4DqzSJireY9,143522459096375BitTorrent,true
752d3ba764d1fd7e3d9c39a3b7e6a6be1469123b46f232b6202c5289b1ed5226,1565247600000,2019-08-08 15:00:00,11670989,752d3ba764d1fd7e3d9c39a3b7e6a6be1469123b46f232b6202c5289b1ed5226,TMSpdYHCgZuxM7AjqKsjGMM1cpxraFuZGp,TMuA6YqfCeX8EhbfYEg5y7S4DqzSJireY9,100000KvazarCash,true
703e43ba411b8441c3f24bdb707fa30d847bb461db95dd9fae30f91d9e8c3b63,1564916463000,2019-08-04 19:01:03,11561178,703e43ba411b8441c3f24bdb707fa30d847bb461db95dd9fae30f91d9e8c3b63,TRsmdUgtWueUj7sZCZbuh19jqyZjjSZr2N,TMuA6YqfCeX8EhbfYEg5y7S4DqzSJireY9,10000000BTCX,true
2019e4fd8ec79e3d9324fa13507c2296ab4b501ce90038ec2bff513d52d4e7bd,1564916454000,2019-08-04 19:00:54,11561175,2019e4fd8ec79e3d9324fa13507c2296ab4b501ce90038ec2bff513d52d4e7bd,TMuA6YqfCeX8EhbfYEg5y7S4DqzSJireY9,TWd4WrZ9wn84f5x1hZhL4DHvk738ns5jwb,20748946816993068BitTorrent,true
155a4d98b251daae37bf53513aff45f3290bf827dab47ea7462cf503fc6626f5,1564381215000,2019-07-29 14:20:15,11383753,155a4d98b251daae37bf53513aff45f3290bf827dab47ea7462cf503fc6626f5,TWfmkWdc2UVxcXrrAuut8MerPkfPbu4U7c,TMuA6YqfCeX8EhbfYEg5y7S4DqzSJireY9,9000000QTRON,true
e01cb603c028a5b5410a20eb7713b95a9fab102ff28e8c8dd7c04cd759f70215,1563891432000,2019-07-23 22:17:12,11225716,e01cb603c028a5b5410a20eb7713b95a9fab102ff28e8c8dd7c04cd759f70215,TVrGxBCQkWjQ52D7S67UgFsUzcX4E8EsNB,TMuA6YqfCeX8EhbfYEg5y7S4DqzSJireY9,10000000000Bitvaluta,true
d586983dbe6c0a356d9463faf63083e7e4ee3c748407ef4d1cc681a48798f2b1,1563559716000,2019-07-20 02:08:36,11118426,d586983dbe6c0a356d9463faf63083e7e4ee3c748407ef4d1cc681a48798f2b1,TVbf7WUSHDKRVDeKYxYBDvfut3vS2YnJap,TMuA6YqfCeX8EhbfYEg5y7S4DqzSJireY9,568TRONUSD,true
413cad12cc162e69a760fda25a6c2dd308f110be356f0cf0407968f259e9be8b,1563224262000,2019-07-16 04:57:42,11006918,413cad12cc162e69a760fda25a6c2dd308f110be356f0cf0407968f259e9be8b,TH1aHbrRaZitJbHEwTE5HNnj9G6pjisd8E,TMuA6YqfCeX8EhbfYEg5y7S4DqzSJireY9,10000000CABBY,true
bf684ef41161f633171379738988d6774d1426c1606a9314147f92e44b00588a,1563224250000,2019-07-16 04:57:30,11006914,bf684ef41161f633171379738988d6774d1426c1606a9314147f92e44b00588a,TAUN6FwrnwwmaEqYcckffC7wYmbaS6cBiX,TMuA6YqfCeX8EhbfYEg5y7S4DqzSJireY9,9.000000trx,true
0c4c97a5e2ed71c9c5651ab887bf47561f83b7f8b5647fed6717e7be1095d7ea,1562825307000,2019-07-11 14:08:27,10874266,0c4c97a5e2ed71c9c5651ab887bf47561f83b7f8b5647fed6717e7be1095d7ea,TETa4ctzMWyUKbvtg276gTwM1zqma888BU,TMuA6YqfCeX8EhbfYEg5y7S4DqzSJireY9,143554553439335BitTorrent,true
c4e9f52356881d639f918b47a1bce0d99f27afc4c7b4dc143534eff9ea08606f,1562749905000,2019-07-10 17:11:45,10849162,c4e9f52356881d639f918b47a1bce0d99f27afc4c7b4dc143534eff9ea08606f,THTukouSHzLChRYyKGYosU2nY3Xyuxpt13,TMuA6YqfCeX8EhbfYEg5y7S4DqzSJireY9,1iloveyou,true
e9e85431c00a30794da94ce7826dba0f5938dd676a526da67cdccdf166ae1cfb,1562538039000,2019-07-08 06:20:39,10778612,e9e85431c00a30794da94ce7826dba0f5938dd676a526da67cdccdf166ae1cfb,TBcRmUhBYHEK4Hn5zZTaquXJ66YhKoP5oy,TMuA6YqfCeX8EhbfYEg5y7S4DqzSJireY9,331VoteCommunityNode,true
3254e052e6aabde98fd7735dd77a540c17e4745354716989ad4fdffa0c8649c2,1562507232000,2019-07-07 21:47:12,10768350,3254e052e6aabde98fd7735dd77a540c17e4745354716989ad4fdffa0c8649c2,TAEvo6MgLgV3A75L3cr3BAsLDJikWcAt3j,TMuA6YqfCeX8EhbfYEg5y7S4DqzSJireY9,10000000Arcnet,true
f74b3a558b2fbf4c0d386ac0a19531b67bc41ef3a03090905faea63fc452e9c5,1562506233000,2019-07-07 21:30:33,10768017,f74b3a558b2fbf4c0d386ac0a19531b67bc41ef3a03090905faea63fc452e9c5,TRtY8oJGwRHrWbLYgos1uWWJHA1Hvt65uw,TMuA6YqfCeX8EhbfYEg5y7S4DqzSJireY9,10000000DITN,true
22abc98f18824c2275a9cc9674a37c9dced4c0d409e5ce2afc82798cf3ff120c,1562431107000,2019-07-07 00:38:27,10742993,22abc98f18824c2275a9cc9674a37c9dced4c0d409e5ce2afc82798cf3ff120c,TU3BvxBi8X9rJebiNsrqPrXnEctt6AYXdu,TMuA6YqfCeX8EhbfYEg5y7S4DqzSJireY9,110000SinErmis,true
13bb4841c57334736baa620ef51b2ada357ed043e45302c97f0b20800b9ec095,1562372022000,2019-07-06 08:13:42,10723868,13bb4841c57334736baa620ef51b2ada357ed043e45302c97f0b20800b9ec095,TRwDB8Liw9eu2BX8AdXJSNTBmCRStwoujj,TMuA6YqfCeX8EhbfYEg5y7S4DqzSJireY9,3142VoteCommunityNode,true
e315f837b7413d49bd26978a333c60419c6822f1c5172f5b830c1f6c3e52b164,1562370789000,2019-07-06 07:53:09,10723476,e315f837b7413d49bd26978a333c60419c6822f1c5172f5b830c1f6c3e52b164,TKsiLJoZ8jMYZTVH5dFyq36Vk3C4cKNDsG,TMuA6YqfCeX8EhbfYEg5y7S4DqzSJireY9,277VoteCommunityNode,true
cf9f280cf3ff2b7343dd6f303eddaa934e573d10cc0e8fb1f4b0288e3625ae43,1562348679000,2019-07-06 01:44:39,10716387,cf9f280cf3ff2b7343dd6f303eddaa934e573d10cc0e8fb1f4b0288e3625ae43,TJDC8YZETJJLthFNjt2a5U6THJ71FDirAZ,TMuA6YqfCeX8EhbfYEg5y7S4DqzSJireY9,100000SinErmis,true
4ab54a5492885811df7bd964333ab68a284478c387c3f9eee7c42e0068e39033,1562283774000,2019-07-05 07:42:54,10694911,4ab54a5492885811df7bd964333ab68a284478c387c3f9eee7c42e0068e39033,TUahmv54ZiDnjQWG2VAeyMphebXQ4m6Hb5,TMuA6YqfCeX8EhbfYEg5y7S4DqzSJireY9,36999SunArtToken,true
b69501205dbf68cca729218a906a0571df4d1e8e344e438ec0b91f45502959ee,1562128386000,2019-07-03 12:33:06,10643155,b69501205dbf68cca729218a906a0571df4d1e8e344e438ec0b91f45502959ee,TJUwM4qk1et2nNKuESQ7UVHPjAHoRqAz3T,TMuA6YqfCeX8EhbfYEg5y7S4DqzSJireY9,10001000000BitValuta,true
bbaf8b577c3d92a653de75b4af52e5791a9f704c36fe9104a7d05898a1959882,1561948239000,2019-07-01 10:30:39,10583168,bbaf8b577c3d92a653de75b4af52e5791a9f704c36fe9104a7d05898a1959882,TSeJH379VpN3iqa1TwcTwoy3wG1CDd66kf,TMuA6YqfCeX8EhbfYEg5y7S4DqzSJireY9,858VoteCommunityNode,true
ce3f8b2179bd9bbeb8f048ee9cc93ca99849c949ab03aeb1053bc0a863e14f51,1561825293000,2019-06-30 00:21:33,10542216,ce3f8b2179bd9bbeb8f048ee9cc93ca99849c949ab03aeb1053bc0a863e14f51,TQU182YidJhErFbpJcx2Uo628HbcULnee7,TMuA6YqfCeX8EhbfYEg5y7S4DqzSJireY9,5VoteCommunityNode,true
6247af9190933d8f492f64d3f84e523aae31e2494c4ebeed363ffa87ad6615e1,1561804545000,2019-06-29 18:35:45,10535304,6247af9190933d8f492f64d3f84e523aae31e2494c4ebeed363ffa87ad6615e1,TMeAzhdgzu1sFMTsP75BffJ2tEzuGsYqR6,TMuA6YqfCeX8EhbfYEg5y7S4DqzSJireY9,1PleaseFundMyEducation,true
8b785382dc029875224c1c8b878f4bbfb4d9eecd32c18414523830ddf8abcff9,1561712136000,2019-06-28 16:55:36,10504538,8b785382dc029875224c1c8b878f4bbfb4d9eecd32c18414523830ddf8abcff9,TPPWj1oWNy6EipuiqZhZSMEffCVqAXa3uG,TMuA6YqfCeX8EhbfYEg5y7S4DqzSJireY9,64521879511Schrocoin,true
ef5b1212fae7095a2d954c5a68151f8eed2fe334816046e1c92ff49ac157e5bd,1561711578000,2019-06-28 16:46:18,10504352,ef5b1212fae7095a2d954c5a68151f8eed2fe334816046e1c92ff49ac157e5bd,TAUN6FwrnwwmaEqYcckffC7wYmbaS6cBiX,TMuA6YqfCeX8EhbfYEg5y7S4DqzSJireY9,2694945386.563177trx,true
fc6c48ff24413d4bd796d576dd7ae91ea514cc7fa1f2c4bee260c2382622345e,1561538931000,2019-06-26 16:48:51,10446862,fc6c48ff24413d4bd796d576dd7ae91ea514cc7fa1f2c4bee260c2382622345e,TMQPCCf4FpsJz9RZhP1hfMR8hwkiuAAg12,TMuA6YqfCeX8EhbfYEg5y7S4DqzSJireY9,10000000BUILDER,true
1d68813f1a9f946464349c3e50677281171ae9436762716e0fc96038f5391090,1561505724000,2019-06-26 07:35:24,10435821,1d68813f1a9f946464349c3e50677281171ae9436762716e0fc96038f5391090,TMuA6YqfCeX8EhbfYEg5y7S4DqzSJireY9,TWd4WrZ9wn84f5x1hZhL4DHvk738ns5jwb,2286180772.100810trx,true
0aab520b73310f006c2f262e3a326644148e82b418ff61d55dcacd613498b4f3,1561505565000,2019-06-26 07:32:45,10435768,0aab520b73310f006c2f262e3a326644148e82b418ff61d55dcacd613498b4f3,TMuA6YqfCeX8EhbfYEg5y7S4DqzSJireY9,TWd4WrZ9wn84f5x1hZhL4DHvk738ns5jwb,1286180772.100810trx,true
67205a8906fc55feac94549ac220bc179600922539607c5b650c0ed23479d199,1561197318000,2019-06-22 17:55:18,10333338,67205a8906fc55feac94549ac220bc179600922539607c5b650c0ed23479d199,TD5AwyiTNbKN9jQqyMzwQ6NLrWGbtAcotK,TMuA6YqfCeX8EhbfYEg5y7S4DqzSJireY9,6288366962269paper_wallet,true
1cd102f0797e16c9402e7cd3fa7f37e532985ae7db2cb408a550aed13ed15854,1561125186000,2019-06-21 21:53:06,10309587,1cd102f0797e16c9402e7cd3fa7f37e532985ae7db2cb408a550aed13ed15854,TMqNJwD3qVmuRxzzP3Q4A24fuByVBKQ39E,TMuA6YqfCeX8EhbfYEg5y7S4DqzSJireY9,133780085666!!!666,true
dca419d7de1304bd5f12cccd273932199a61ce19e7564e83c97dec2657967ae4,1560971214000,2019-06-20 03:06:54,10258388,dca419d7de1304bd5f12cccd273932199a61ce19e7564e83c97dec2657967ae4,TMeAzhdgzu1sFMTsP75BffJ2tEzuGsYqR6,TMuA6YqfCeX8EhbfYEg5y7S4DqzSJireY9,1PleaseFundMyEducation,true
cf5d6ead16d13842c756ffffb1da8de61ed26e54c27a4c991f7f5d408e07bdc0,1560603405000,2019-06-15 20:56:45,10136213,cf5d6ead16d13842c756ffffb1da8de61ed26e54c27a4c991f7f5d408e07bdc0,TMeAzhdgzu1sFMTsP75BffJ2tEzuGsYqR6,TMuA6YqfCeX8EhbfYEg5y7S4DqzSJireY9,1PleaseFundMyEducation,true
50f64056d47b3d8cbafc758bab491814d99b4386f74f282de414465197094c9f,1560603381000,2019-06-15 20:56:21,10136205,50f64056d47b3d8cbafc758bab491814d99b4386f74f282de414465197094c9f,TMeAzhdgzu1sFMTsP75BffJ2tEzuGsYqR6,TMuA6YqfCeX8EhbfYEg5y7S4DqzSJireY9,1PleaseFundMyEducation,true
b1be870e68a83513128ab3d52837173fdbfaa408b01915716ca675b6e2d8ee7f,1560480501000,2019-06-14 10:48:21,10095519,b1be870e68a83513128ab3d52837173fdbfaa408b01915716ca675b6e2d8ee7f,TWWP1XN9CYNwxYakKoijoiCAScampzQbNg,TMuA6YqfCeX8EhbfYEg5y7S4DqzSJireY9,1TRONEuropeRewardCoin,true
e5e2b1044b0d584012e38e23bf245af7394dbead0092044621185897582dadac,1560457737000,2019-06-14 04:28:57,10087992,e5e2b1044b0d584012e38e23bf245af7394dbead0092044621185897582dadac,TWWP1XN9CYNwxYakKoijoiCAScampzQbNg,TMuA6YqfCeX8EhbfYEg5y7S4DqzSJireY9,1TRONEuropeRewardCoin,true
2db47abaff5aa1f8fbf74fbad15d619c2937d9e6782c99a7135e78ceb3dc04e4,1560422736000,2019-06-13 18:45:36,10076436,2db47abaff5aa1f8fbf74fbad15d619c2937d9e6782c99a7135e78ceb3dc04e4,TMeAzhdgzu1sFMTsP75BffJ2tEzuGsYqR6,TMuA6YqfCeX8EhbfYEg5y7S4DqzSJireY9,1PleaseFundMyEducation,true
ec3c8a21e773e7d1428d68b0c9a9a556e837b420edefddafa4b5cc7b3557ef3a,1560422526000,2019-06-13 18:42:06,10076366,ec3c8a21e773e7d1428d68b0c9a9a556e837b420edefddafa4b5cc7b3557ef3a,TMeAzhdgzu1sFMTsP75BffJ2tEzuGsYqR6,TMuA6YqfCeX8EhbfYEg5y7S4DqzSJireY9,1PleaseFundMyEducation,true
4bfeb75970f2512a79e137d8ad2696d52c999d07d996d13089331f98062dda01,1560213906000,2019-06-11 08:45:06,10008725,4bfeb75970f2512a79e137d8ad2696d52c999d07d996d13089331f98062dda01,THa1dn2Q5XwgKAJetXQ5wiZyL8Eqf6mawq,TMuA6YqfCeX8EhbfYEg5y7S4DqzSJireY9,152355238740614BitTorrent,true
e87253831496cf6d0fd2ad6e13a493e8f8090e7b1481b3c432e8aff0c00bd1cc,1560077457000,2019-06-09 18:50:57,9964709,e87253831496cf6d0fd2ad6e13a493e8f8090e7b1481b3c432e8aff0c00bd1cc,TSKwXMaPqGKmxjoE2chGguQcuUx9cuR47D,TMuA6YqfCeX8EhbfYEg5y7S4DqzSJireY9,10000000SinErmis,true
00824f918002de17044343a9fc972072f0b674a2de93fa775c2f78be8af527f3,1559709804000,2019-06-05 12:43:24,9843408,00824f918002de17044343a9fc972072f0b674a2de93fa775c2f78be8af527f3,TYAtKc6Zomanshx8EhqziVDUhacWhNUUNH,TMuA6YqfCeX8EhbfYEg5y7S4DqzSJireY9,25000LiquidPesoARS,true
ea3cda4c1c1a4ae25a62b7f0e62c834b1ebecc67d83637b38d50f73c932e5a54,1559709237000,2019-06-05 12:33:57,9843219,ea3cda4c1c1a4ae25a62b7f0e62c834b1ebecc67d83637b38d50f73c932e5a54,TYAtKc6Zomanshx8EhqziVDUhacWhNUUNH,TMuA6YqfCeX8EhbfYEg5y7S4DqzSJireY9,750000LiquidPesoARS,true
3d5baf0deed2355e72c3672d050e210c0f6361294cc1aed2eb04a6ce3c64be7a,1559410071000,2019-06-02 01:27:51,9743937,3d5baf0deed2355e72c3672d050e210c0f6361294cc1aed2eb04a6ce3c64be7a,TLQfc5EwZQqZc6jMNkMpxyJy5wucA6UX24,TMuA6YqfCeX8EhbfYEg5y7S4DqzSJireY9,100CYBERCOIN,true
5a2317176c39e4ddaf628cc809fa62f594da8725b2880f71551cb55fc08e60dc,1559409762000,2019-06-02 01:22:42,9743834,5a2317176c39e4ddaf628cc809fa62f594da8725b2880f71551cb55fc08e60dc,TLQfc5EwZQqZc6jMNkMpxyJy5wucA6UX24,TMuA6YqfCeX8EhbfYEg5y7S4DqzSJireY9,1CYBERCOIN,true
47d765ed35687ea1841f21c580a0b2ac06a0bfe7f3569c53dbb37ad6c7cd3472,1559050359000,2019-05-28 21:32:39,9624336,47d765ed35687ea1841f21c580a0b2ac06a0bfe7f3569c53dbb37ad6c7cd3472,TPafMfMxeXKYYbgKDwqgo57a9B2pU18gfJ,TMuA6YqfCeX8EhbfYEg5y7S4DqzSJireY9,10DVMarketplace,true
04a930ad4e521dac23999046602e0e8d568379ccf038a76795725636f965874c,1558808541000,2019-05-26 02:22:21,9543998,04a930ad4e521dac23999046602e0e8d568379ccf038a76795725636f965874c,TJKf72NjL1cR49SHfDnPTXTFjRwjgr7v8Z,TMuA6YqfCeX8EhbfYEg5y7S4DqzSJireY9,50000000ConnectDApp,true
0f483262ca8e9debdcea76c4b4b7c06430bfe4fc61c773f648d52ba2f767275c,1558402893000,2019-05-21 09:41:33,9410309,0f483262ca8e9debdcea76c4b4b7c06430bfe4fc61c773f648d52ba2f767275c,TNkRSKWP7VvdrisTwC8iNzUV6MRoEJh6xx,TMuA6YqfCeX8EhbfYEg5y7S4DqzSJireY9,100HealthPort,true
a97f0bc544fcf46e0d1605e3f07b2c719d7936183d9106a6fc7752df101cfd9e,1557929880000,2019-05-15 22:18:00,9253487,a97f0bc544fcf46e0d1605e3f07b2c719d7936183d9106a6fc7752df101cfd9e,TNkRSKWP7VvdrisTwC8iNzUV6MRoEJh6xx,TMuA6YqfCeX8EhbfYEg5y7S4DqzSJireY9,100000HealthPort,true
acf8ee6a61b0c2665d0301385e4cdbba2b1a51a6d4d5b42c067551b64a272c4d,1557914679000,2019-05-15 18:04:39,9248522,acf8ee6a61b0c2665d0301385e4cdbba2b1a51a6d4d5b42c067551b64a272c4d,TE9Spk3hJzAdD9u1oeS8cPpfAbfNH5idXS,TMuA6YqfCeX8EhbfYEg5y7S4DqzSJireY9,50Arcnet,true
11ba084749c987371376d57ee589dd6723f91881555374de9204dace88c794f9,1557536022000,2019-05-11 08:53:42,9124877,11ba084749c987371376d57ee589dd6723f91881555374de9204dace88c794f9,TXrat39xskWoUcHoQ9Y5ggxHAXqgXn84Yu,TMuA6YqfCeX8EhbfYEg5y7S4DqzSJireY9,152412070184308BitTorrent,true
2bf0318df7dced3d3fa575738132d1b7aed29f3fd7e53d358aa6c855e49886d7,1556904534000,2019-05-04 01:28:54,8916046,2bf0318df7dced3d3fa575738132d1b7aed29f3fd7e53d358aa6c855e49886d7,THYBRQZj5aEy74LaUk6LaCxBXFLcQPxMAF,TMuA6YqfCeX8EhbfYEg5y7S4DqzSJireY9,500000venapi,true
385f8068ed62e57dcc37bfcb4e796c395aab41bcaef917050fa8a250d3976628,1556789145000,2019-05-02 17:25:45,8877970,385f8068ed62e57dcc37bfcb4e796c395aab41bcaef917050fa8a250d3976628,TFYuPxyjDTvH1TLm2phpzJFw7AhjCgu8xP,TMuA6YqfCeX8EhbfYEg5y7S4DqzSJireY9,1000TronDappsToken,true
a812a5aa77299d2cbefcf73c7954fc8e14dd32617fee70ea514848024bc04c9b,1556744652000,2019-05-02 05:04:12,8863274,a812a5aa77299d2cbefcf73c7954fc8e14dd32617fee70ea514848024bc04c9b,TPcUbNeYwwYqbX23w3sVf1X61cwpAfPK2T,TMuA6YqfCeX8EhbfYEg5y7S4DqzSJireY9,12CYBER,true
98a52b86e4a05a39a0ef568a08cebc98c4b4774f510f4d8f265dfc522846abac,1556587305000,2019-04-30 09:21:45,8811239,98a52b86e4a05a39a0ef568a08cebc98c4b4774f510f4d8f265dfc522846abac,TB1vS3FETs7eREwfEf3mRo6vSpbRWBWAzZ,TMuA6YqfCeX8EhbfYEg5y7S4DqzSJireY9,1TESTTWO,true
43a231365e17544efe92c66e03e51f50164c59bfdedbbd1df34eab12c638b957,1556583474000,2019-04-30 08:17:54,8809970,43a231365e17544efe92c66e03e51f50164c59bfdedbbd1df34eab12c638b957,TFN69PhBf27fZEnVHVr8im9AC1BxvLrUzE,TMuA6YqfCeX8EhbfYEg5y7S4DqzSJireY9,1TESTTWO,true
7d3e17e10b5fd89791c78ead54c47212d19e3fbd2ed86b4c0adcc37f1f8b332f,1556493234000,2019-04-29 07:13:54,8780102,7d3e17e10b5fd89791c78ead54c47212d19e3fbd2ed86b4c0adcc37f1f8b332f,TFN69PhBf27fZEnVHVr8im9AC1BxvLrUzE,TMuA6YqfCeX8EhbfYEg5y7S4DqzSJireY9,1TESTTWO,true
4ea97875fe42081817ecc568ff58307b3b7f3c62e145d31550d9e7aec10b3e9b,1556491104000,2019-04-29 06:38:24,8779394,4ea97875fe42081817ecc568ff58307b3b7f3c62e145d31550d9e7aec10b3e9b,TB1vS3FETs7eREwfEf3mRo6vSpbRWBWAzZ,TMuA6YqfCeX8EhbfYEg5y7S4DqzSJireY9,1TESTTWO,true
41aea2c254fc9fee135f8dc7821cae1f3a5ab4a7cfb14961902e913a4c0c8d66,1556490624000,2019-04-29 06:30:24,8779244,41aea2c254fc9fee135f8dc7821cae1f3a5ab4a7cfb14961902e913a4c0c8d66,TFN69PhBf27fZEnVHVr8im9AC1BxvLrUzE,TMuA6YqfCeX8EhbfYEg5y7S4DqzSJireY9,1TESTTWO,true
14b74e28c5beb21c92f2bb980f08523d44e5a5a28b913a1598f01d1203b0578e,1556344893000,2019-04-27 14:01:33,8730995,14b74e28c5beb21c92f2bb980f08523d44e5a5a28b913a1598f01d1203b0578e,TFN69PhBf27fZEnVHVr8im9AC1BxvLrUzE,TMuA6YqfCeX8EhbfYEg5y7S4DqzSJireY9,1TESTTWO,true
428c2a3e3e050b9caf28085ec33726119c543acbd5a10b635ecb829c1a85ef1c,1556184198000,2019-04-25 17:23:18,8677897,428c2a3e3e050b9caf28085ec33726119c543acbd5a10b635ecb829c1a85ef1c,TB1vS3FETs7eREwfEf3mRo6vSpbRWBWAzZ,TMuA6YqfCeX8EhbfYEg5y7S4DqzSJireY9,1TESTTWO,true
5cf0f61a95c5b16348adc17f565e03d62de2cc37cecb44b884369b2e5fab2206,1556156238000,2019-04-25 09:37:18,8668691,5cf0f61a95c5b16348adc17f565e03d62de2cc37cecb44b884369b2e5fab2206,TFN69PhBf27fZEnVHVr8im9AC1BxvLrUzE,TMuA6YqfCeX8EhbfYEg5y7S4DqzSJireY9,7CommunityNodeToken,true
086a3c58f0ef892e88eefe97e1487fbd410dca2a8f8946cf6e4f8053920be684,1556155524000,2019-04-25 09:25:24,8668460,086a3c58f0ef892e88eefe97e1487fbd410dca2a8f8946cf6e4f8053920be684,TFN69PhBf27fZEnVHVr8im9AC1BxvLrUzE,TMuA6YqfCeX8EhbfYEg5y7S4DqzSJireY9,1TESTTWO,true
265aacda8d55621170ec60772de1fe620157910235fb5c12597f8718f9ebeab3,1555317012000,2019-04-15 16:30:12,8390538,265aacda8d55621170ec60772de1fe620157910235fb5c12597f8718f9ebeab3,TAUN6FwrnwwmaEqYcckffC7wYmbaS6cBiX,TMuA6YqfCeX8EhbfYEg5y7S4DqzSJireY9,216914077.348392trx,true
a413e49e522098aefc5ceacd43b74b6d06bd5724ef3aa67f463f5c0ddc88392b,1554946029000,2019-04-11 09:27:09,8267529,a413e49e522098aefc5ceacd43b74b6d06bd5724ef3aa67f463f5c0ddc88392b,TLVi5Gcji9x7exDAMxZAHaXbGjhUsg1EGa,TMuA6YqfCeX8EhbfYEg5y7S4DqzSJireY9,150293156176843BitTorrent,true
ef631fcd9e6730e6bf79b3c85de8fc998b22a0885cc7781845fff323a8d0941f,1554768939000,2019-04-09 08:15:39,8208764,ef631fcd9e6730e6bf79b3c85de8fc998b22a0885cc7781845fff323a8d0941f,TQysAFw3jfhEPtUWiYDPqwBxiYuvti27GF,TMuA6YqfCeX8EhbfYEg5y7S4DqzSJireY9,150296194603930TESTTWO,true
f38036eb5b103de4fee204c0de52a703e9d9963a7f54d224cf14f8c2395cf0ec,1554760689000,2019-04-09 05:58:09,8206028,f38036eb5b103de4fee204c0de52a703e9d9963a7f54d224cf14f8c2395cf0ec,TQysAFw3jfhEPtUWiYDPqwBxiYuvti27GF,TMuA6YqfCeX8EhbfYEg5y7S4DqzSJireY9,150331798TESTTWO,true
527928ced2a98c9e1a689985d0093e1d8b25e8b61c85cc35fba522f179e2b047,1552883736000,2019-03-18 12:35:36,7587455,527928ced2a98c9e1a689985d0093e1d8b25e8b61c85cc35fba522f179e2b047,TXkAkhJ9pANWVfCufXCvTKLgAEWokKe7ZV,TMuA6YqfCeX8EhbfYEg5y7S4DqzSJireY9,125000000000Pointcash,true
1ab56b11bf9da9ceeb5cc1da77be6122e80aae25e76e1b226e484194c16d0b74,1552524753000,2019-03-14 08:52:33,7470366,1ab56b11bf9da9ceeb5cc1da77be6122e80aae25e76e1b226e484194c16d0b74,TR2WwGzsvC2RCTNSdAfcXz4wGFM72ahU4x,TMuA6YqfCeX8EhbfYEg5y7S4DqzSJireY9,2.000000trx,true
2040185a0d16d5b84e270dd2a1165631a6e4b9e03daf6b7520bad6211137d329,1552265931000,2019-03-11 08:58:51,7385372,2040185a0d16d5b84e270dd2a1165631a6e4b9e03daf6b7520bad6211137d329,TMBPEvbBJskiXPQ2icoMEfqkt3kZipWwzG,TMuA6YqfCeX8EhbfYEg5y7S4DqzSJireY9,150331798451976BitTorrent,true
ce77008b7b2b95899ade8606c3a9ffca1f1ee47aaa1b11ac5da14aceb2644090,1552250550000,2019-03-11 04:42:30,7380286,ce77008b7b2b95899ade8606c3a9ffca1f1ee47aaa1b11ac5da14aceb2644090,TYUbBDUbgEvmrGyhk9iWRocPH9ATur6ARL,TMuA6YqfCeX8EhbfYEg5y7S4DqzSJireY9,50000000FAKENEWS,true
3f78d2b1cd8ddf364ae6923da5fb9a27e65a9acf8d2f9a58cbe6fbb2c68cebe6,1552015281000,2019-03-08 11:21:21,7302557,3f78d2b1cd8ddf364ae6923da5fb9a27e65a9acf8d2f9a58cbe6fbb2c68cebe6,TLMCc7v3t3yudcWB3DXjP3wgKRdCfqbFTC,TMuA6YqfCeX8EhbfYEg5y7S4DqzSJireY9,1.000000trx,true
534fcf25183cb876b63610887a330163ec1d970b939e3265633191c98c9d48a6,1552014909000,2019-03-08 11:15:09,7302453,534fcf25183cb876b63610887a330163ec1d970b939e3265633191c98c9d48a6,THqjua3s2EdFH4VsLfy18ANJ8kzbEahdPw,TMuA6YqfCeX8EhbfYEg5y7S4DqzSJireY9,150334403497205TESTTWO,true
9f6b8da80e6afc49eeaa396e854ced4a5983e3f7861e3302edb4dfb29f42f2c6,1551678555000,2019-03-04 13:49:15,7191665,9f6b8da80e6afc49eeaa396e854ced4a5983e3f7861e3302edb4dfb29f42f2c6,TLMCc7v3t3yudcWB3DXjP3wgKRdCfqbFTC,TMuA6YqfCeX8EhbfYEg5y7S4DqzSJireY9,1.000000trx,true
2ecbe6c1c93e995ebb100e07a
	at com.alibaba.fastjson.parser.DefaultJSONParser.parse(DefaultJSONParser.java:1429)
	at com.alibaba.fastjson.parser.DefaultJSONParser.parse(DefaultJSONParser.java:1315)
	at com.alibaba.fastjson.JSON.parse(JSON.java:152)
	at com.alibaba.fastjson.JSON.parse(JSON.java:162)
	at com.alibaba.fastjson.JSON.parse(JSON.java:131)
	at com.alibaba.fastjson.JSON.parseObject(JSON.java:223)
	at tron.common.TronscanApiList.parseResponseContent(TronscanApiList.java:1345)
	at tron.tronscan.api.NodeMap.getInfo_upload(NodeMap.java:73)
	at sun.reflect.NativeMethodAccessorImpl.invoke0(Native Method)
	at sun.reflect.NativeMethodAccessorImpl.invoke(NativeMethodAccessorImpl.java:62)
	at sun.reflect.DelegatingMethodAccessorImpl.invoke(DelegatingMethodAccessorImpl.java:43)
	at java.lang.reflect.Method.invoke(Method.java:498)
	at org.testng.internal.MethodInvocationHelper.invokeMethod(MethodInvocationHelper.java:124)
	at org.testng.internal.Invoker.invokeMethod(Invoker.java:583)
	at org.testng.internal.Invoker.invokeTestMethod(Invoker.java:719)
	at org.testng.internal.Invoker.invokeTestMethods(Invoker.java:989)
	at org.testng.internal.TestMethodWorker.invokeTestMethods(TestMethodWorker.java:125)
	at org.testng.internal.TestMethodWorker.run(TestMethodWorker.java:109)
	at org.testng.TestRunner.privateRun(TestRunner.java:648)
	at org.testng.TestRunner.run(TestRunner.java:505)
	at org.testng.SuiteRunner.runTest(SuiteRunner.java:455)
	at org.testng.SuiteRunner.access$000(SuiteRunner.java:40)
	at org.testng.SuiteRunner$SuiteWorker.run(SuiteRunner.java:489)
	at org.testng.internal.thread.ThreadUtil$1.call(ThreadUtil.java:52)
	at java.util.concurrent.FutureTask.run(FutureTask.java:266)
	at java.util.concurrent.ThreadPoolExecutor.runWorker(ThreadPoolExecutor.java:1149)
	at java.util.concurrent.ThreadPoolExecutor$Worker.run(ThreadPoolExecutor.java:624)
	at java.lang.Thread.run(Thread.java:748)
]]></system-err>
</testsuite>
