<?xml version="1.0" encoding="UTF-8"?>
<testsuite name="tron.tronscan.api.OneContract" tests="5" skipped="0" failures="0" errors="0" timestamp="2020-03-27T04:58:54" hostname="zhukaideiMac.local" time="5.425">
  <properties/>
  <testcase name="getCaller_value" classname="tron.tronscan.api.OneContract" time="0.613"/>
  <testcase name="getCallers" classname="tron.tronscan.api.OneContract" time="0.542"/>
  <testcase name="getOneContractCaller" classname="tron.tronscan.api.OneContract" time="0.952"/>
  <testcase name="getOneContractEnergy" classname="tron.tronscan.api.OneContract" time="1.577"/>
  <testcase name="getOneContractTrigger" classname="tron.tronscan.api.OneContract" time="1.74"/>
  <system-out><![CDATA[12:58:54.455 [TestNG-tests-1] DEBUG org.apache.http.impl.conn.PoolingClientConnectionManager - Connection request: [route: {}->http://apilist.tronscan.org:80][total kept alive: 0; route allocated: 0 of 80; total allocated: 0 of 100]
12:58:54.455 [TestNG-tests-1] DEBUG org.apache.http.impl.conn.PoolingClientConnectionManager - Connection leased: [id: 72][route: {}->http://apilist.tronscan.org:80][total kept alive: 0; route allocated: 1 of 80; total allocated: 1 of 100]
12:58:54.455 [TestNG-tests-1] DEBUG org.apache.http.impl.conn.DefaultClientConnectionOperator - Connecting to apilist.tronscan.org:80
12:58:54.758 [TestNG-tests-1] DEBUG org.apache.http.client.protocol.RequestAddCookies - CookieSpec selected: default
12:58:54.758 [TestNG-tests-1] DEBUG org.apache.http.client.protocol.RequestAuthCache - Auth cache not set in the context
12:58:54.758 [TestNG-tests-1] DEBUG org.apache.http.client.protocol.RequestTargetAuthentication - Target auth state: UNCHALLENGED
12:58:54.758 [TestNG-tests-1] DEBUG org.apache.http.client.protocol.RequestProxyAuthentication - Proxy auth state: UNCHALLENGED
12:58:54.758 [TestNG-tests-1] DEBUG org.apache.http.impl.client.DefaultHttpClient - Attempt 1 to execute request
12:58:54.758 [TestNG-tests-1] DEBUG org.apache.http.impl.conn.DefaultClientConnection - Sending request: GET /api/onecontract-callvalue?address=TEEXEWrkMFKapSMJ6mErg39ELFKDqEs6w3 HTTP/1.1
12:58:54.758 [TestNG-tests-1] DEBUG org.apache.http.wire -  >> "GET /api/onecontract-callvalue?address=TEEXEWrkMFKapSMJ6mErg39ELFKDqEs6w3 HTTP/1.1[\r][\n]"
12:58:54.758 [TestNG-tests-1] DEBUG org.apache.http.wire -  >> "Content-type: application/json; charset=utf-8[\r][\n]"
12:58:54.758 [TestNG-tests-1] DEBUG org.apache.http.wire -  >> "Connection: Close[\r][\n]"
12:58:54.758 [TestNG-tests-1] DEBUG org.apache.http.wire -  >> "Host: apilist.tronscan.org[\r][\n]"
12:58:54.758 [TestNG-tests-1] DEBUG org.apache.http.wire -  >> "User-Agent: Apache-HttpClient/4.5.3 (Java/1.8.0_211)[\r][\n]"
12:58:54.758 [TestNG-tests-1] DEBUG org.apache.http.wire -  >> "[\r][\n]"
12:58:54.758 [TestNG-tests-1] DEBUG org.apache.http.headers - >> GET /api/onecontract-callvalue?address=TEEXEWrkMFKapSMJ6mErg39ELFKDqEs6w3 HTTP/1.1
12:58:54.758 [TestNG-tests-1] DEBUG org.apache.http.headers - >> Content-type: application/json; charset=utf-8
12:58:54.758 [TestNG-tests-1] DEBUG org.apache.http.headers - >> Connection: Close
12:58:54.758 [TestNG-tests-1] DEBUG org.apache.http.headers - >> Host: apilist.tronscan.org
12:58:54.758 [TestNG-tests-1] DEBUG org.apache.http.headers - >> User-Agent: Apache-HttpClient/4.5.3 (Java/1.8.0_211)
12:58:55.067 [TestNG-tests-1] DEBUG org.apache.http.wire -  << "HTTP/1.1 200 OK[\r][\n]"
12:58:55.067 [TestNG-tests-1] DEBUG org.apache.http.wire -  << "Server: nginx[\r][\n]"
12:58:55.067 [TestNG-tests-1] DEBUG org.apache.http.wire -  << "Date: Fri, 27 Mar 2020 04:58:55 GMT[\r][\n]"
12:58:55.067 [TestNG-tests-1] DEBUG org.apache.http.wire -  << "Content-Type: application/json;charset=utf-8[\r][\n]"
12:58:55.067 [TestNG-tests-1] DEBUG org.apache.http.wire -  << "Content-Length: 8767[\r][\n]"
12:58:55.067 [TestNG-tests-1] DEBUG org.apache.http.wire -  << "Connection: close[\r][\n]"
12:58:55.067 [TestNG-tests-1] DEBUG org.apache.http.wire -  << "Vary: Accept-Encoding[\r][\n]"
12:58:55.067 [TestNG-tests-1] DEBUG org.apache.http.wire -  << "Access-Control-Allow-Origin: *[\r][\n]"
12:58:55.067 [TestNG-tests-1] DEBUG org.apache.http.wire -  << "Access-Control-Allow-Headers: DNT,X-Mx-ReqToken,Keep-Alive,User-Agent,X-Requested-With,If-Modified-Since,Cache-Control,Content-Type,Authorization[\r][\n]"
12:58:55.067 [TestNG-tests-1] DEBUG org.apache.http.wire -  << "Access-Control-Allow-Methods: GET,POST,PUT,DELETE,OPTIONS[\r][\n]"
12:58:55.067 [TestNG-tests-1] DEBUG org.apache.http.wire -  << "X-Proxy-Cache: MISS[\r][\n]"
12:58:55.067 [TestNG-tests-1] DEBUG org.apache.http.wire -  << "[\r][\n]"
12:58:55.067 [TestNG-tests-1] DEBUG org.apache.http.impl.conn.DefaultClientConnection - Receiving response: HTTP/1.1 200 OK
12:58:55.067 [TestNG-tests-1] DEBUG org.apache.http.headers - << HTTP/1.1 200 OK
12:58:55.067 [TestNG-tests-1] DEBUG org.apache.http.headers - << Server: nginx
12:58:55.067 [TestNG-tests-1] DEBUG org.apache.http.headers - << Date: Fri, 27 Mar 2020 04:58:55 GMT
12:58:55.067 [TestNG-tests-1] DEBUG org.apache.http.headers - << Content-Type: application/json;charset=utf-8
12:58:55.067 [TestNG-tests-1] DEBUG org.apache.http.headers - << Content-Length: 8767
12:58:55.067 [TestNG-tests-1] DEBUG org.apache.http.headers - << Connection: close
12:58:55.067 [TestNG-tests-1] DEBUG org.apache.http.headers - << Vary: Accept-Encoding
12:58:55.067 [TestNG-tests-1] DEBUG org.apache.http.headers - << Access-Control-Allow-Origin: *
12:58:55.067 [TestNG-tests-1] DEBUG org.apache.http.headers - << Access-Control-Allow-Headers: DNT,X-Mx-ReqToken,Keep-Alive,User-Agent,X-Requested-With,If-Modified-Since,Cache-Control,Content-Type,Authorization
12:58:55.067 [TestNG-tests-1] DEBUG org.apache.http.headers - << Access-Control-Allow-Methods: GET,POST,PUT,DELETE,OPTIONS
12:58:55.067 [TestNG-tests-1] DEBUG org.apache.http.headers - << X-Proxy-Cache: MISS
http://apilist.tronscan.org/api/onecontract-callvalue?address=TEEXEWrkMFKapSMJ6mErg39ELFKDqEs6w3 请求总耗时：612 毫秒
12:58:55.067 [TestNG-tests-1] INFO tron.tronscan.api.OneContract - code is 200
12:58:55.068 [TestNG-tests-1] DEBUG org.apache.http.wire -  << "{"data":[{"valueInTrx":274926539.000000,"day":1553040000000},{"valueInTrx":180473645.000000,"day":1553126400000},{"valueInTrx":154344813.000000,"day":1553212800000},{"valueInTrx":200592110.000000,"day":1553299200000},{"valueInTrx":229751296.000000,"day":1553385600000},{"valueInTrx":172357769.000002,"day":1553472000000},{"valueInTrx":142098229.030000,"day":1553558400000},{"valueInTrx":112783401.000000,"day":1553644800000},{"valueInTrx":136999173.200000,"day":1553731200000},{"valueInTrx":181633160.001000,"day":1553817600000},{"valueInTrx":132999982.000000,"day":1553904000000},{"valueInTrx":186546397.000010,"day":1553990400000},{"valueInTrx":185059189.626162,"day":1554076800000},{"valueInTrx":177830880.000000,"day":1554163200000},{"valueInTrx":277592797.388596,"day":1554249600000},{"valueInTrx":312321237.000000,"day":1554336000000},{"valueInTrx":189869408.000000,"day":1554422400000},{"valueInTrx":165970896.000000,"day":1554508800000},{"valueInTrx":113780531.000000,"day":1554595200000},{"valueInTrx":118845676.000000,"day":1554681600000},{"valueInTrx":88875284.000000,"day":1554768000000},{"valueInTrx":240233403.000000,"day":1554854400000},{"valueInTrx":115554777.000000,"day":1554940800000},{"valueInTrx":73474301.000000,"day":1555027200000},{"valueInTrx":92535674.000000,"day":1555113600000},{"valueInTrx":66207502.000000,"day":1555200000000},"
12:58:55.068 [TestNG-tests-1] DEBUG org.apache.http.wire -  << "{"valueInTrx":87814694.000000,"day":1555286400000},{"valueInTrx":101972193.000000,"day":1555372800000},{"valueInTrx":59251221.000000,"day":1555459200000},{"valueInTrx":62875778.000000,"day":1555545600000},{"valueInTrx":78860371.000000,"day":1555632000000},{"valueInTrx":80639326.000000,"day":1555718400000},{"valueInTrx":111998198.000000,"day":1555804800000},{"valueInTrx":138351645.000000,"day":1555891200000},{"valueInTrx":177240440.000000,"day":1555977600000},{"valueInTrx":285239162.000000,"day":1556064000000},{"valueInTrx":134054511.000000,"day":1556150400000},{"valueInTrx":166296285.000000,"day":1556236800000},{"valueInTrx":211000095.000000,"day":1556323200000},{"valueInTrx":211365027.000000,"day":1556409600000},{"valueInTrx":266308951.400000,"day":1556496000000},{"valueInTrx":207437493.000000,"day":1556582400000},{"valueInTrx":171462848.000000,"day":1556668800000},{"valueInTrx":192171952.000000,"day":1556755200000},{"valueInTrx":114460968.000000,"day":1556841600000},{"valueInTrx":165164148.000000,"day":1556928000000},{"valueInTrx":183094571.000000,"day":1557014400000},{"valueInTrx":202382736.000000,"day":1557100800000},{"valueInTrx":247828670.000000,"day":1557187200000},{"valueInTrx":121303776.000000,"day":1557273600000},{"valueInTrx":72872756.000000,"day":1557360000000},{"valueInTrx":92041744.000000,"day":1557446400000},{"valueInTrx":96569742.000000,"day":1557532800000},{"valueInTrx":124430659.000000,"day":1557619200000},{"valueInTrx":105656454.000000,"day":1557705600000},{"valueInTrx":94407887.000000,"day":1557792000000},{"valueInTrx":139101448.000000,"day":1557878400000},{"valueInTrx":85790556.000000,"day":1557964800000},{"valueInTrx":137389633.000010,"day":1558051200000},{"valueInTrx":125581853.000000,"day":1558137600000},{"valueInTrx":94790752.000000,"day":1558224000000},{"valueInTrx":84679724.000000,"day":1558310400000},{"valueInTrx":60900354.000000,"day":1558396800000},{"valueInTrx":82965005.000000,"day":1558483200000},{"valueInTrx":73371184.000000,"day":1558569600000},{"valueInTrx":76262908.000000,"day":1558656000000},{"valueInTrx":67975029.000000,"day":1558742400000},{"valueInTrx":56223385.000000,"day":1558828800000},{"valueInTrx":42404772.002000,"day":1558915200000},{"valueInTrx":105917285.000000,"day":1559001600000},{"valueInTrx":83244132.000000,"day":1559088000000},{"valueInTrx":96958068.000000,"day":1559174400000},{"valueInTrx":59373823.000000,"day":1559260800000},{"valueInTrx":54806322.000000,"day":1559347200000},{"valueInTrx":92223087.000000,"day":1559433600000},{"valueInTrx":107187142.000000,"day":1559520000000},{"valueInTrx":83590941.000000,"day":1559606400000},{"valueInTrx":63999171.000000,"day":1559692800000},{"valueInTrx":69906524.000000,"day":1559779200000},{"valueInTrx":60995395.000000,"day":1559865600000},{"valueInTrx":75033015.000000,"day":1559952000000},{"valueInTrx":126820277.400000,"day":1560038400000},{"valueInTrx":76806760.000000,"day":1560124800000},{"valueInTrx":58358116.000000,"day":1560211200000},{"valueInTrx":52406243.000000,"day":1560297600000},{"valueInTrx":65578306.000000,"day":1560384000000},{"valueInTrx":76673361.000000,"day":1560470400000},{"valueInTrx":80755405.000000,"day":1560556800000},{"valueInTrx":136616386.000000,"day":1560643200000},{"valueInTrx":189422650.000000,"day":1560729600000},{"valueInTrx":167840381.000000,"day":1560816000000},{"valueInTrx":241331756.000000,"day":1560902400000},{"valueInTrx":204826241.000000,"day":1560988800000},{"valueInTrx":63540491.000000,"day":1561075200000},{"valueInTrx":73719903.000000,"day":1561161600000},{"valueInTrx":100142090.000000,"day":1561248000000},{"valueInTrx":113693237.000000,"day":1561334400000},{"valueInTrx":66629806.000000,"day":1561420800000},{"valueInTrx":77619077.000000,"day":1561507200000},{"valueInTrx":106271493.000000,"day":1561593600000},{"valueInTrx":99416036.000000,"day":1561680000000},{"valueInTrx":87064810.000000,"day":1561766400000},{"valueInTrx":59311729.000000,"day":1561852800000},{"valueInTrx":76370053.100000,"day":1561939200000},{"valueInTrx":58518019.000000,"day":1562025600000},{"valueInTrx":103127821.000000,"day":1562112000000},{"valueInTrx":88639314.000000,"day":1562198400000},{"valueInTrx":73839139.000000,"day":1562284800000},{"valueInTrx":149526684.000000,"day":1562371200000},{"valueInTrx":138574255.100001,"day":1562457600000},{"valueInTrx":92289577.000000,"day":1562544000000},{"valueInTrx":104993063.000000,"day":1562630400000},{"valueInTrx":75828811.000000,"day":1562716800000},{"valueInTrx":125787140.000000,"day":1562803200000},{"valueInTrx":47394817.000000,"day":1562889600000},{"valueInTrx":42999488.000000,"day":1562976000000},{"valueInTrx":62171190.000000,"day":1563062400000},{"valueInTrx":50092946.000000,"day":1563148800000},{"valueInTrx":72054218.000000,"day":1563235200000},{"valueInTrx":62321547.000000,"day":1563321600000},{"valueInTrx":103586244.000000,"day":1563408000000},{"valueInTrx":154943714.000000,"day":1563494400000},{"valueInTrx":233427888.000000,"day":1563580800000},{"valueInTrx":40536828.000000,"day":1563667200000},{"valueInTrx":864.000000,"day":1563753600000},{"valueInTrx":280.000000,"day":1563840000000},{"valueInTrx":10.000000,"day":1564012800000},{"valueInTrx":1160.000000,"day":1564099200000},{"valueInTrx":470.000000,"day":1564358400000},{"valueInTrx":230.000000,"day":1566086400000},{"valueInTrx":38550.000000,"day":1570147200000},{"valueInTrx":2020.000000,"day":1570233600000},{"valueInTrx":10.000000,"day":1570320000000},{"valueInTrx":280.000000,"day":1570406400000},{"valueInTrx":10.000000,"day":1570579200000},{"valueInTrx":10.000000,"day":1570665600000},{"valueInTrx":100.000000,"day":1571011200000},{"valueInTrx":716.000000,"day":1571875200000},{"valueInTrx":90.000000,"day":1572480000000},{"valueInTrx":20.000000,"day":1573171200000},{"valueInTrx":180.000000,"day":1573603200000},{"valueInTrx":40.000000,"day":1573948800000},{"valueInTrx":20.000000,"day":1574035200000},{"valueInTrx":10.000000,"day":1574121600000},{"valueInTrx":22.000000,"day":1574467200000},{"valueInTrx":30.000000,"day":1574553600000},{"valueInTrx":10.000000,"day":1574640000000},{"valueInTrx":10.000000,"day":1574812800000},{"valueInTrx":90.000000,"day":1574899200000},{"valueInTrx":180.000000,"day":1574985600000},{"valueInTrx":40.000000,"day":1575072000000},{"valueInTrx":2074.004000,"day":1575158400000},{"valueInTrx":3940.000000,"day":1575244800000},{"valueInTrx":210.000000,"day":1575417600000},{"valueInTrx":25.300000,"day":1575763200000},{"valueInTrx":20.000000,"day":1576886400000},{"valueInTrx":50.000000,"day":1576972800000},{"valueInTrx":100.000000,"day":1577145600000},{"valueInTrx":255.000000,"day":1577318400000},{"valueInTrx":70.000000,"day":1578009600000},{"valueInTrx":8.802000,"day":1578096000000},{"valueInTrx":120.000000,"day":1578528000000},{"valueInTrx":1840.000000,"day":1578614400000},{"valueInTrx":22.700000,"day":1578787200000},{"valueInTrx":40.000000,"day":1578960000000},{"valueInTrx":140.000000,"day":1579564800000},{"valueInTrx":30.000000,"day":1579651200000},{"valueInTrx":25.000000,"day":1580601600000},{"valueInTrx":50.000000,"day":1580774400000},{"valueInTrx":26.000000,"day":1581033600000},{"valueInTrx":270.000000,"day":1581811200000},{"valueInTrx":530.000000,"day":1581897600000},{"valueInTrx":80.000000,"day":1583107200000},{"valueInTrx":50.000000,"day":1583193600000},{"valueInTrx":11.000000,"day":1585008000000},{"valueInTrx":6.000000,"day":1585180800000}]}[\n]"
12:58:55.068 [TestNG-tests-1] DEBUG org.apache.http.impl.conn.DefaultClientConnection - Connection 0.0.0.0:61391<->18.216.178.128:80 closed
12:58:55.068 [TestNG-tests-1] DEBUG org.apache.http.impl.conn.PoolingClientConnectionManager - Connection released: [id: 72][route: {}->http://apilist.tronscan.org:80][total kept alive: 0; route allocated: 0 of 80; total allocated: 0 of 100]
12:58:55.068 [TestNG-tests-1] INFO tron.common.TronscanApiList - ----------------------------Print JSON Start---------------------------
12:58:55.068 [TestNG-tests-1] INFO tron.common.TronscanApiList - data:[{"valueInTrx":274926539.000000,"day":1553040000000},{"valueInTrx":180473645.000000,"day":1553126400000},{"valueInTrx":154344813.000000,"day":1553212800000},{"valueInTrx":200592110.000000,"day":1553299200000},{"valueInTrx":229751296.000000,"day":1553385600000},{"valueInTrx":172357769.000002,"day":1553472000000},{"valueInTrx":142098229.030000,"day":1553558400000},{"valueInTrx":112783401.000000,"day":1553644800000},{"valueInTrx":136999173.200000,"day":1553731200000},{"valueInTrx":181633160.001000,"day":1553817600000},{"valueInTrx":132999982.000000,"day":1553904000000},{"valueInTrx":186546397.000010,"day":1553990400000},{"valueInTrx":185059189.626162,"day":1554076800000},{"valueInTrx":177830880.000000,"day":1554163200000},{"valueInTrx":277592797.388596,"day":1554249600000},{"valueInTrx":312321237.000000,"day":1554336000000},{"valueInTrx":189869408.000000,"day":1554422400000},{"valueInTrx":165970896.000000,"day":1554508800000},{"valueInTrx":113780531.000000,"day":1554595200000},{"valueInTrx":118845676.000000,"day":1554681600000},{"valueInTrx":88875284.000000,"day":1554768000000},{"valueInTrx":240233403.000000,"day":1554854400000},{"valueInTrx":115554777.000000,"day":1554940800000},{"valueInTrx":73474301.000000,"day":1555027200000},{"valueInTrx":92535674.000000,"day":1555113600000},{"valueInTrx":66207502.000000,"day":1555200000000},{"valueInTrx":87814694.000000,"day":1555286400000},{"valueInTrx":101972193.000000,"day":1555372800000},{"valueInTrx":59251221.000000,"day":1555459200000},{"valueInTrx":62875778.000000,"day":1555545600000},{"valueInTrx":78860371.000000,"day":1555632000000},{"valueInTrx":80639326.000000,"day":1555718400000},{"valueInTrx":111998198.000000,"day":1555804800000},{"valueInTrx":138351645.000000,"day":1555891200000},{"valueInTrx":177240440.000000,"day":1555977600000},{"valueInTrx":285239162.000000,"day":1556064000000},{"valueInTrx":134054511.000000,"day":1556150400000},{"valueInTrx":166296285.000000,"day":1556236800000},{"valueInTrx":211000095.000000,"day":1556323200000},{"valueInTrx":211365027.000000,"day":1556409600000},{"valueInTrx":266308951.400000,"day":1556496000000},{"valueInTrx":207437493.000000,"day":1556582400000},{"valueInTrx":171462848.000000,"day":1556668800000},{"valueInTrx":192171952.000000,"day":1556755200000},{"valueInTrx":114460968.000000,"day":1556841600000},{"valueInTrx":165164148.000000,"day":1556928000000},{"valueInTrx":183094571.000000,"day":1557014400000},{"valueInTrx":202382736.000000,"day":1557100800000},{"valueInTrx":247828670.000000,"day":1557187200000},{"valueInTrx":121303776.000000,"day":1557273600000},{"valueInTrx":72872756.000000,"day":1557360000000},{"valueInTrx":92041744.000000,"day":1557446400000},{"valueInTrx":96569742.000000,"day":1557532800000},{"valueInTrx":124430659.000000,"day":1557619200000},{"valueInTrx":105656454.000000,"day":1557705600000},{"valueInTrx":94407887.000000,"day":1557792000000},{"valueInTrx":139101448.000000,"day":1557878400000},{"valueInTrx":85790556.000000,"day":1557964800000},{"valueInTrx":137389633.000010,"day":1558051200000},{"valueInTrx":125581853.000000,"day":1558137600000},{"valueInTrx":94790752.000000,"day":1558224000000},{"valueInTrx":84679724.000000,"day":1558310400000},{"valueInTrx":60900354.000000,"day":1558396800000},{"valueInTrx":82965005.000000,"day":1558483200000},{"valueInTrx":73371184.000000,"day":1558569600000},{"valueInTrx":76262908.000000,"day":1558656000000},{"valueInTrx":67975029.000000,"day":1558742400000},{"valueInTrx":56223385.000000,"day":1558828800000},{"valueInTrx":42404772.002000,"day":1558915200000},{"valueInTrx":105917285.000000,"day":1559001600000},{"valueInTrx":83244132.000000,"day":1559088000000},{"valueInTrx":96958068.000000,"day":1559174400000},{"valueInTrx":59373823.000000,"day":1559260800000},{"valueInTrx":54806322.000000,"day":1559347200000},{"valueInTrx":92223087.000000,"day":1559433600000},{"valueInTrx":107187142.000000,"day":1559520000000},{"valueInTrx":83590941.000000,"day":1559606400000},{"valueInTrx":63999171.000000,"day":1559692800000},{"valueInTrx":69906524.000000,"day":1559779200000},{"valueInTrx":60995395.000000,"day":1559865600000},{"valueInTrx":75033015.000000,"day":1559952000000},{"valueInTrx":126820277.400000,"day":1560038400000},{"valueInTrx":76806760.000000,"day":1560124800000},{"valueInTrx":58358116.000000,"day":1560211200000},{"valueInTrx":52406243.000000,"day":1560297600000},{"valueInTrx":65578306.000000,"day":1560384000000},{"valueInTrx":76673361.000000,"day":1560470400000},{"valueInTrx":80755405.000000,"day":1560556800000},{"valueInTrx":136616386.000000,"day":1560643200000},{"valueInTrx":189422650.000000,"day":1560729600000},{"valueInTrx":167840381.000000,"day":1560816000000},{"valueInTrx":241331756.000000,"day":1560902400000},{"valueInTrx":204826241.000000,"day":1560988800000},{"valueInTrx":63540491.000000,"day":1561075200000},{"valueInTrx":73719903.000000,"day":1561161600000},{"valueInTrx":100142090.000000,"day":1561248000000},{"valueInTrx":113693237.000000,"day":1561334400000},{"valueInTrx":66629806.000000,"day":1561420800000},{"valueInTrx":77619077.000000,"day":1561507200000},{"valueInTrx":106271493.000000,"day":1561593600000},{"valueInTrx":99416036.000000,"day":1561680000000},{"valueInTrx":87064810.000000,"day":1561766400000},{"valueInTrx":59311729.000000,"day":1561852800000},{"valueInTrx":76370053.100000,"day":1561939200000},{"valueInTrx":58518019.000000,"day":1562025600000},{"valueInTrx":103127821.000000,"day":1562112000000},{"valueInTrx":88639314.000000,"day":1562198400000},{"valueInTrx":73839139.000000,"day":1562284800000},{"valueInTrx":149526684.000000,"day":1562371200000},{"valueInTrx":138574255.100001,"day":1562457600000},{"valueInTrx":92289577.000000,"day":1562544000000},{"valueInTrx":104993063.000000,"day":1562630400000},{"valueInTrx":75828811.000000,"day":1562716800000},{"valueInTrx":125787140.000000,"day":1562803200000},{"valueInTrx":47394817.000000,"day":1562889600000},{"valueInTrx":42999488.000000,"day":1562976000000},{"valueInTrx":62171190.000000,"day":1563062400000},{"valueInTrx":50092946.000000,"day":1563148800000},{"valueInTrx":72054218.000000,"day":1563235200000},{"valueInTrx":62321547.000000,"day":1563321600000},{"valueInTrx":103586244.000000,"day":1563408000000},{"valueInTrx":154943714.000000,"day":1563494400000},{"valueInTrx":233427888.000000,"day":1563580800000},{"valueInTrx":40536828.000000,"day":1563667200000},{"valueInTrx":864.000000,"day":1563753600000},{"valueInTrx":280.000000,"day":1563840000000},{"valueInTrx":10.000000,"day":1564012800000},{"valueInTrx":1160.000000,"day":1564099200000},{"valueInTrx":470.000000,"day":1564358400000},{"valueInTrx":230.000000,"day":1566086400000},{"valueInTrx":38550.000000,"day":1570147200000},{"valueInTrx":2020.000000,"day":1570233600000},{"valueInTrx":10.000000,"day":1570320000000},{"valueInTrx":280.000000,"day":1570406400000},{"valueInTrx":10.000000,"day":1570579200000},{"valueInTrx":10.000000,"day":1570665600000},{"valueInTrx":100.000000,"day":1571011200000},{"valueInTrx":716.000000,"day":1571875200000},{"valueInTrx":90.000000,"day":1572480000000},{"valueInTrx":20.000000,"day":1573171200000},{"valueInTrx":180.000000,"day":1573603200000},{"valueInTrx":40.000000,"day":1573948800000},{"valueInTrx":20.000000,"day":1574035200000},{"valueInTrx":10.000000,"day":1574121600000},{"valueInTrx":22.000000,"day":1574467200000},{"valueInTrx":30.000000,"day":1574553600000},{"valueInTrx":10.000000,"day":1574640000000},{"valueInTrx":10.000000,"day":1574812800000},{"valueInTrx":90.000000,"day":1574899200000},{"valueInTrx":180.000000,"day":1574985600000},{"valueInTrx":40.000000,"day":1575072000000},{"valueInTrx":2074.004000,"day":1575158400000},{"valueInTrx":3940.000000,"day":1575244800000},{"valueInTrx":210.000000,"day":1575417600000},{"valueInTrx":25.300000,"day":1575763200000},{"valueInTrx":20.000000,"day":1576886400000},{"valueInTrx":50.000000,"day":1576972800000},{"valueInTrx":100.000000,"day":1577145600000},{"valueInTrx":255.000000,"day":1577318400000},{"valueInTrx":70.000000,"day":1578009600000},{"valueInTrx":8.802000,"day":1578096000000},{"valueInTrx":120.000000,"day":1578528000000},{"valueInTrx":1840.000000,"day":1578614400000},{"valueInTrx":22.700000,"day":1578787200000},{"valueInTrx":40.000000,"day":1578960000000},{"valueInTrx":140.000000,"day":1579564800000},{"valueInTrx":30.000000,"day":1579651200000},{"valueInTrx":25.000000,"day":1580601600000},{"valueInTrx":50.000000,"day":1580774400000},{"valueInTrx":26.000000,"day":1581033600000},{"valueInTrx":270.000000,"day":1581811200000},{"valueInTrx":530.000000,"day":1581897600000},{"valueInTrx":80.000000,"day":1583107200000},{"valueInTrx":50.000000,"day":1583193600000},{"valueInTrx":11.000000,"day":1585008000000},{"valueInTrx":6.000000,"day":1585180800000}]
12:58:55.068 [TestNG-tests-1] INFO tron.common.TronscanApiList - JSON content size are: 1
12:58:55.068 [TestNG-tests-1] INFO tron.common.TronscanApiList - ----------------------------Print JSON End-----------------------------
12:58:55.069 [TestNG-tests-1] DEBUG org.apache.http.impl.conn.PoolingClientConnectionManager - Connection request: [route: {}->http://apilist.tronscan.org:80][total kept alive: 0; route allocated: 0 of 80; total allocated: 0 of 100]
12:58:55.069 [TestNG-tests-1] DEBUG org.apache.http.impl.conn.PoolingClientConnectionManager - Connection leased: [id: 73][route: {}->http://apilist.tronscan.org:80][total kept alive: 0; route allocated: 1 of 80; total allocated: 1 of 100]
12:58:55.069 [TestNG-tests-1] DEBUG org.apache.http.impl.conn.DefaultClientConnectionOperator - Connecting to apilist.tronscan.org:80
12:58:55.373 [TestNG-tests-1] DEBUG org.apache.http.client.protocol.RequestAddCookies - CookieSpec selected: default
12:58:55.373 [TestNG-tests-1] DEBUG org.apache.http.client.protocol.RequestAuthCache - Auth cache not set in the context
12:58:55.373 [TestNG-tests-1] DEBUG org.apache.http.client.protocol.RequestTargetAuthentication - Target auth state: UNCHALLENGED
12:58:55.373 [TestNG-tests-1] DEBUG org.apache.http.client.protocol.RequestProxyAuthentication - Proxy auth state: UNCHALLENGED
12:58:55.373 [TestNG-tests-1] DEBUG org.apache.http.impl.client.DefaultHttpClient - Attempt 1 to execute request
12:58:55.373 [TestNG-tests-1] DEBUG org.apache.http.impl.conn.DefaultClientConnection - Sending request: GET /api/onecontractcallers?address=TEEXEWrkMFKapSMJ6mErg39ELFKDqEs6w3 HTTP/1.1
12:58:55.373 [TestNG-tests-1] DEBUG org.apache.http.wire -  >> "GET /api/onecontractcallers?address=TEEXEWrkMFKapSMJ6mErg39ELFKDqEs6w3 HTTP/1.1[\r][\n]"
12:58:55.373 [TestNG-tests-1] DEBUG org.apache.http.wire -  >> "Content-type: application/json; charset=utf-8[\r][\n]"
12:58:55.373 [TestNG-tests-1] DEBUG org.apache.http.wire -  >> "Connection: Close[\r][\n]"
12:58:55.373 [TestNG-tests-1] DEBUG org.apache.http.wire -  >> "Host: apilist.tronscan.org[\r][\n]"
12:58:55.373 [TestNG-tests-1] DEBUG org.apache.http.wire -  >> "User-Agent: Apache-HttpClient/4.5.3 (Java/1.8.0_211)[\r][\n]"
12:58:55.373 [TestNG-tests-1] DEBUG org.apache.http.wire -  >> "[\r][\n]"
12:58:55.373 [TestNG-tests-1] DEBUG org.apache.http.headers - >> GET /api/onecontractcallers?address=TEEXEWrkMFKapSMJ6mErg39ELFKDqEs6w3 HTTP/1.1
12:58:55.373 [TestNG-tests-1] DEBUG org.apache.http.headers - >> Content-type: application/json; charset=utf-8
12:58:55.373 [TestNG-tests-1] DEBUG org.apache.http.headers - >> Connection: Close
12:58:55.373 [TestNG-tests-1] DEBUG org.apache.http.headers - >> Host: apilist.tronscan.org
12:58:55.373 [TestNG-tests-1] DEBUG org.apache.http.headers - >> User-Agent: Apache-HttpClient/4.5.3 (Java/1.8.0_211)
12:58:55.610 [TestNG-tests-1] DEBUG org.apache.http.wire -  << "HTTP/1.1 200 OK[\r][\n]"
12:58:55.610 [TestNG-tests-1] DEBUG org.apache.http.wire -  << "Server: nginx[\r][\n]"
12:58:55.610 [TestNG-tests-1] DEBUG org.apache.http.wire -  << "Date: Fri, 27 Mar 2020 04:58:56 GMT[\r][\n]"
12:58:55.610 [TestNG-tests-1] DEBUG org.apache.http.wire -  << "Content-Type: application/json;charset=utf-8[\r][\n]"
12:58:55.610 [TestNG-tests-1] DEBUG org.apache.http.wire -  << "Content-Length: 110[\r][\n]"
12:58:55.610 [TestNG-tests-1] DEBUG org.apache.http.wire -  << "Connection: close[\r][\n]"
12:58:55.610 [TestNG-tests-1] DEBUG org.apache.http.wire -  << "Access-Control-Allow-Origin: *[\r][\n]"
12:58:55.610 [TestNG-tests-1] DEBUG org.apache.http.wire -  << "Access-Control-Allow-Headers: DNT,X-Mx-ReqToken,Keep-Alive,User-Agent,X-Requested-With,If-Modified-Since,Cache-Control,Content-Type,Authorization[\r][\n]"
12:58:55.611 [TestNG-tests-1] DEBUG org.apache.http.wire -  << "Access-Control-Allow-Methods: GET,POST,PUT,DELETE,OPTIONS[\r][\n]"
12:58:55.611 [TestNG-tests-1] DEBUG org.apache.http.wire -  << "X-Proxy-Cache: MISS[\r][\n]"
12:58:55.611 [TestNG-tests-1] DEBUG org.apache.http.wire -  << "[\r][\n]"
12:58:55.611 [TestNG-tests-1] DEBUG org.apache.http.impl.conn.DefaultClientConnection - Receiving response: HTTP/1.1 200 OK
12:58:55.611 [TestNG-tests-1] DEBUG org.apache.http.headers - << HTTP/1.1 200 OK
12:58:55.611 [TestNG-tests-1] DEBUG org.apache.http.headers - << Server: nginx
12:58:55.611 [TestNG-tests-1] DEBUG org.apache.http.headers - << Date: Fri, 27 Mar 2020 04:58:56 GMT
12:58:55.611 [TestNG-tests-1] DEBUG org.apache.http.headers - << Content-Type: application/json;charset=utf-8
12:58:55.611 [TestNG-tests-1] DEBUG org.apache.http.headers - << Content-Length: 110
12:58:55.611 [TestNG-tests-1] DEBUG org.apache.http.headers - << Connection: close
12:58:55.611 [TestNG-tests-1] DEBUG org.apache.http.headers - << Access-Control-Allow-Origin: *
12:58:55.611 [TestNG-tests-1] DEBUG org.apache.http.headers - << Access-Control-Allow-Headers: DNT,X-Mx-ReqToken,Keep-Alive,User-Agent,X-Requested-With,If-Modified-Since,Cache-Control,Content-Type,Authorization
12:58:55.611 [TestNG-tests-1] DEBUG org.apache.http.headers - << Access-Control-Allow-Methods: GET,POST,PUT,DELETE,OPTIONS
12:58:55.611 [TestNG-tests-1] DEBUG org.apache.http.headers - << X-Proxy-Cache: MISS
http://apilist.tronscan.org/api/onecontractcallers?address=TEEXEWrkMFKapSMJ6mErg39ELFKDqEs6w3 请求总耗时：542 毫秒
12:58:55.611 [TestNG-tests-1] INFO tron.tronscan.api.OneContract - code is 200
12:58:55.611 [TestNG-tests-1] DEBUG org.apache.http.wire -  << "{"total":1,"totalCallerAmount":6,"data":[{"caller_address":"TYG6LDBGMgekPDFh45mMGpc5QEcURJaY7k","amount":6}]}[\n]"
12:58:55.611 [TestNG-tests-1] DEBUG org.apache.http.impl.conn.DefaultClientConnection - Connection 0.0.0.0:61396<->18.216.178.128:80 closed
12:58:55.611 [TestNG-tests-1] DEBUG org.apache.http.impl.conn.PoolingClientConnectionManager - Connection released: [id: 73][route: {}->http://apilist.tronscan.org:80][total kept alive: 0; route allocated: 0 of 80; total allocated: 0 of 100]
12:58:55.611 [TestNG-tests-1] INFO tron.common.TronscanApiList - ----------------------------Print JSON Start---------------------------
12:58:55.611 [TestNG-tests-1] INFO tron.common.TronscanApiList - total:1
12:58:55.611 [TestNG-tests-1] INFO tron.common.TronscanApiList - data:[{"caller_address":"TYG6LDBGMgekPDFh45mMGpc5QEcURJaY7k","amount":6}]
12:58:55.611 [TestNG-tests-1] INFO tron.common.TronscanApiList - totalCallerAmount:6
12:58:55.611 [TestNG-tests-1] INFO tron.common.TronscanApiList - JSON content size are: 3
12:58:55.611 [TestNG-tests-1] INFO tron.common.TronscanApiList - ----------------------------Print JSON End-----------------------------
12:58:55.611 [TestNG-tests-1] DEBUG org.apache.http.impl.conn.PoolingClientConnectionManager - Connection request: [route: {}->http://apilist.tronscan.org:80][total kept alive: 0; route allocated: 0 of 80; total allocated: 0 of 100]
12:58:55.611 [TestNG-tests-1] DEBUG org.apache.http.impl.conn.PoolingClientConnectionManager - Connection leased: [id: 74][route: {}->http://apilist.tronscan.org:80][total kept alive: 0; route allocated: 1 of 80; total allocated: 1 of 100]
12:58:55.611 [TestNG-tests-1] DEBUG org.apache.http.impl.conn.DefaultClientConnectionOperator - Connecting to apilist.tronscan.org:80
12:58:55.885 [TestNG-tests-1] DEBUG org.apache.http.client.protocol.RequestAddCookies - CookieSpec selected: default
12:58:55.885 [TestNG-tests-1] DEBUG org.apache.http.client.protocol.RequestAuthCache - Auth cache not set in the context
12:58:55.885 [TestNG-tests-1] DEBUG org.apache.http.client.protocol.RequestTargetAuthentication - Target auth state: UNCHALLENGED
12:58:55.885 [TestNG-tests-1] DEBUG org.apache.http.client.protocol.RequestProxyAuthentication - Proxy auth state: UNCHALLENGED
12:58:55.885 [TestNG-tests-1] DEBUG org.apache.http.impl.client.DefaultHttpClient - Attempt 1 to execute request
12:58:55.885 [TestNG-tests-1] DEBUG org.apache.http.impl.conn.DefaultClientConnection - Sending request: GET /api/onecontractcallerstatistic?address=TEEXEWrkMFKapSMJ6mErg39ELFKDqEs6w3 HTTP/1.1
12:58:55.885 [TestNG-tests-1] DEBUG org.apache.http.wire -  >> "GET /api/onecontractcallerstatistic?address=TEEXEWrkMFKapSMJ6mErg39ELFKDqEs6w3 HTTP/1.1[\r][\n]"
12:58:55.885 [TestNG-tests-1] DEBUG org.apache.http.wire -  >> "Content-type: application/json; charset=utf-8[\r][\n]"
12:58:55.885 [TestNG-tests-1] DEBUG org.apache.http.wire -  >> "Connection: Close[\r][\n]"
12:58:55.885 [TestNG-tests-1] DEBUG org.apache.http.wire -  >> "Host: apilist.tronscan.org[\r][\n]"
12:58:55.885 [TestNG-tests-1] DEBUG org.apache.http.wire -  >> "User-Agent: Apache-HttpClient/4.5.3 (Java/1.8.0_211)[\r][\n]"
12:58:55.885 [TestNG-tests-1] DEBUG org.apache.http.wire -  >> "[\r][\n]"
12:58:55.885 [TestNG-tests-1] DEBUG org.apache.http.headers - >> GET /api/onecontractcallerstatistic?address=TEEXEWrkMFKapSMJ6mErg39ELFKDqEs6w3 HTTP/1.1
12:58:55.885 [TestNG-tests-1] DEBUG org.apache.http.headers - >> Content-type: application/json; charset=utf-8
12:58:55.885 [TestNG-tests-1] DEBUG org.apache.http.headers - >> Connection: Close
12:58:55.885 [TestNG-tests-1] DEBUG org.apache.http.headers - >> Host: apilist.tronscan.org
12:58:55.885 [TestNG-tests-1] DEBUG org.apache.http.headers - >> User-Agent: Apache-HttpClient/4.5.3 (Java/1.8.0_211)
12:58:56.325 [TestNG-tests-1] DEBUG org.apache.http.wire -  << "HTTP/1.1 200 OK[\r][\n]"
12:58:56.325 [TestNG-tests-1] DEBUG org.apache.http.wire -  << "Server: nginx[\r][\n]"
12:58:56.325 [TestNG-tests-1] DEBUG org.apache.http.wire -  << "Date: Fri, 27 Mar 2020 04:58:56 GMT[\r][\n]"
12:58:56.325 [TestNG-tests-1] DEBUG org.apache.http.wire -  << "Content-Type: application/json;charset=utf-8[\r][\n]"
12:58:56.325 [TestNG-tests-1] DEBUG org.apache.http.wire -  << "Content-Length: 14278[\r][\n]"
12:58:56.325 [TestNG-tests-1] DEBUG org.apache.http.wire -  << "Connection: close[\r][\n]"
12:58:56.325 [TestNG-tests-1] DEBUG org.apache.http.wire -  << "Vary: Accept-Encoding[\r][\n]"
12:58:56.325 [TestNG-tests-1] DEBUG org.apache.http.wire -  << "Access-Control-Allow-Origin: *[\r][\n]"
12:58:56.325 [TestNG-tests-1] DEBUG org.apache.http.wire -  << "Access-Control-Allow-Headers: DNT,X-Mx-ReqToken,Keep-Alive,User-Agent,X-Requested-With,If-Modified-Since,Cache-Control,Content-Type,Authorization[\r][\n]"
12:58:56.325 [TestNG-tests-1] DEBUG org.apache.http.wire -  << "Access-Control-Allow-Methods: GET,POST,PUT,DELETE,OPTIONS[\r][\n]"
12:58:56.325 [TestNG-tests-1] DEBUG org.apache.http.wire -  << "X-Proxy-Cache: MISS[\r][\n]"
12:58:56.325 [TestNG-tests-1] DEBUG org.apache.http.wire -  << "[\r][\n]"
12:58:56.325 [TestNG-tests-1] DEBUG org.apache.http.impl.conn.DefaultClientConnection - Receiving response: HTTP/1.1 200 OK
12:58:56.325 [TestNG-tests-1] DEBUG org.apache.http.headers - << HTTP/1.1 200 OK
12:58:56.325 [TestNG-tests-1] DEBUG org.apache.http.headers - << Server: nginx
12:58:56.325 [TestNG-tests-1] DEBUG org.apache.http.headers - << Date: Fri, 27 Mar 2020 04:58:56 GMT
12:58:56.325 [TestNG-tests-1] DEBUG org.apache.http.headers - << Content-Type: application/json;charset=utf-8
12:58:56.325 [TestNG-tests-1] DEBUG org.apache.http.headers - << Content-Length: 14278
12:58:56.325 [TestNG-tests-1] DEBUG org.apache.http.headers - << Connection: close
12:58:56.325 [TestNG-tests-1] DEBUG org.apache.http.headers - << Vary: Accept-Encoding
12:58:56.325 [TestNG-tests-1] DEBUG org.apache.http.headers - << Access-Control-Allow-Origin: *
12:58:56.325 [TestNG-tests-1] DEBUG org.apache.http.headers - << Access-Control-Allow-Headers: DNT,X-Mx-ReqToken,Keep-Alive,User-Agent,X-Requested-With,If-Modified-Since,Cache-Control,Content-Type,Authorization
12:58:56.325 [TestNG-tests-1] DEBUG org.apache.http.headers - << Access-Control-Allow-Methods: GET,POST,PUT,DELETE,OPTIONS
12:58:56.325 [TestNG-tests-1] DEBUG org.apache.http.headers - << X-Proxy-Cache: MISS
http://apilist.tronscan.org/api/onecontractcallerstatistic?address=TEEXEWrkMFKapSMJ6mErg39ELFKDqEs6w3 请求总耗时：714 毫秒
12:58:56.325 [TestNG-tests-1] INFO tron.tronscan.api.OneContract - code is 200
12:58:56.325 [TestNG-tests-1] DEBUG org.apache.http.wire -  << "{"total":409,"totalCallerAmount":334617,"data":[{"day":1540252800000,"amount":306},{"day":1540339200000,"amount":570},{"day":1540425600000,"amount":602},{"day":1540512000000,"amount":518},{"day":1540598400000,"amount":477},{"day":1540684800000,"amount":483},{"day":1540771200000,"amount":495},{"day":1540857600000,"amount":551},{"day":1540944000000,"amount":716},{"day":1541030400000,"amount":682},{"day":1541116800000,"amount":700},{"day":1541203200000,"amount":941},{"day":1541289600000,"amount":984},{"day":1541376000000,"amount":1194},{"day":1541462400000,"amount":1011},{"day":1541548800000,"amount":1260},{"day":1541635200000,"amount":1192},{"day":1541721600000,"amount":1168},{"day":1541808000000,"amount":987},{"day":1541894400000,"amount":1288},{"day":1541980800000,"amount":1175},{"day":1542067200000,"amount":1108},{"day":1542153600000,"amount":1013},{"day":1542240000000,"amount":1257},{"day":1542326400000,"amount":1342},{"day":1542412800000,"amount":1155},{"day":1542499200000,"amount":1110},{"day":1542585600000,"amount":1330},{"day":1542672000000,"amount":1422},{"day":1542758400000,"amount":1434},{"day":1542844800000,"amount":1510},{"day":1542931200000,"amount":1474},{"day":1543017600000,"amount":1320},{"day":1543104000000,"amount":1326},{"day":1543190400000,"amount":1469},{"day":1543276800000,"amount":1455},{"day":1543363200000,"amoun"
12:58:56.325 [TestNG-tests-1] DEBUG org.apache.http.wire -  << "t":1419},{"day":1543449600000,"amount":1454},{"day":1543536000000,"amount":1449},{"day":1543622400000,"amount":1375},{"day":1543708800000,"amount":1403},{"day":1543795200000,"amount":1463},{"day":1543881600000,"amount":1329},{"day":1543968000000,"amount":1427},{"day":1544054400000,"amount":1516},{"day":1544140800000,"amount":1431},{"day":1544227200000,"amount":1360},{"day":1544313600000,"amount":1380},{"day":1544400000000,"amount":1589},{"day":1544486400000,"amount":1668},{"day":1544572800000,"amount":1677},{"day":1544659200000,"amount":1869},{"day":1544745600000,"amount":1868},{"day":1544832000000,"amount":1994},{"day":1544918400000,"amount":1993},{"day":1545004800000,"amount":1952},{"day":1545091200000,"amount":2058},{"day":1545177600000,"amount":1534},{"day":1545264000000,"amount":1966},{"day":1545350400000,"amount":1991},{"day":1545436800000,"amount":1593},{"day":1545523200000,"amount":1837},{"day":1545609600000,"amount":1799},{"day":1545696000000,"amount":1555},{"day":1545782400000,"amount":1542},{"day":1545868800000,"amount":1588},{"day":1545955200000,"amount":1570},{"day":1546041600000,"amount":1401},{"day":1546128000000,"amount":1368},{"day":1546214400000,"amount":1357},{"day":1546300800000,"amount":1231},{"day":1546387200000,"amount":1311},{"day":1546473600000,"amount":1314},{"day":1546560000000,"amount":1401},{"day":154664640"
12:58:56.325 [TestNG-tests-1] DEBUG org.apache.http.wire -  << "0000,"amount":1550},{"day":1546732800000,"amount":1476},{"day":1546819200000,"amount":1422},{"day":1546905600000,"amount":1693},{"day":1546992000000,"amount":2446},{"day":1547078400000,"amount":2321},{"day":1547164800000,"amount":1679},{"day":1547251200000,"amount":1752},{"day":1547337600000,"amount":1708},{"day":1547424000000,"amount":1763},{"day":1547510400000,"amount":2007},{"day":1547596800000,"amount":2267},{"day":1547683200000,"amount":2160},{"day":1547769600000,"amount":2244},{"day":1547856000000,"amount":2187},{"day":1547942400000,"amount":2095},{"day":1548028800000,"amount":1982},{"day":1548115200000,"amount":1869},{"day":1548201600000,"amount":1690},{"day":1548288000000,"amount":1724},{"day":1548374400000,"amount":1560},{"day":1548460800000,"amount":1529},{"day":1548547200000,"amount":1564},{"day":1548633600000,"amount":1708},{"day":1548720000000,"amount":1771},{"day":1548806400000,"amount":1490},{"day":1548892800000,"amount":1714},{"day":1548979200000,"amount":1522},{"day":1549065600000,"amount":1490},{"day":1549152000000,"amount":1438},{"day":1549238400000,"amount":1337},{"day":1549324800000,"amount":1346},{"day":1549411200000,"amount":1364},{"day":1549497600000,"amount":1271},{"day":1549584000000,"amount":1296},{"day":1549670400000,"amount":1353},{"day":1549756800000,"amount":1293},{"day":1549843200000,"amount":1286},{"day"
12:58:56.325 [TestNG-tests-1] DEBUG org.apache.http.wire -  << "":1549929600000,"amount":1364},{"day":1550016000000,"amount":1327},{"day":1550102400000,"amount":1398},{"day":1550188800000,"amount":1508},{"day":1550275200000,"amount":1448},{"day":1550361600000,"amount":1259},{"day":1550448000000,"amount":1397},{"day":1550534400000,"amount":1333},{"day":1550620800000,"amount":1383},{"day":1550707200000,"amount":1306},{"day":1550793600000,"amount":1280},{"day":1550880000000,"amount":1173},{"day":1550966400000,"amount":1210},{"day":1551052800000,"amount":1218},{"day":1551139200000,"amount":1389},{"day":1551225600000,"amount":1355},{"day":1551312000000,"amount":1375},{"day":1551398400000,"amount":1279},{"day":1551484800000,"amount":1322},{"day":1551571200000,"amount":1313},{"day":1551657600000,"amount":1572},{"day":1551744000000,"amount":1857},{"day":1551830400000,"amount":2194},{"day":1551916800000,"amount":2222},{"day":1552003200000,"amount":2145},{"day":1552089600000,"amount":1919},{"day":1552176000000,"amount":1696},{"day":1552262400000,"amount":1714},{"day":1552348800000,"amount":1729},{"day":1552435200000,"amount":1723},{"day":1552521600000,"amount":1710},{"day":1552608000000,"amount":1477},{"day":1552694400000,"amount":1451},{"day":1552780800000,"amount":1440},{"day":1552867200000,"amount":2357},{"day":1552953600000,"amount":1936},{"day":1553040000000,"amount":1706},{"day":1553126400000,"amount":1561},{"day":1553212800000,"amount":1543},{"day":1553299200000,"amount":1444},{"day":1553385600000,"amount":1380},{"day":1553472000000,"amount":1458},{"day":1553558400000,"amount":1400},{"day":1553644800000,"amount":1283},{"day":1553731200000,"amount":1322},{"day":1553817600000,"amount":1380},{"day":1553904000000,"amount":1344},{"day":1553990400000,"amount":1305},{"day":1554076800000,"amount":1290},{"day":1554163200000,"amount":1292},{"day":1554249600000,"amount":1205},{"day":1554336000000,"amount":1254},{"day":1554422400000,"amount":1305},{"day":1554508800000,"amount":1193},{"day":1554595200000,"amount":1169},{"day":1554681600000,"amount":1235},{"day":1554768000000,"amount":1215},{"day":1554854400000,"amount":1263},{"day":1554940800000,"amount":1234},{"day":1555027200000,"amount":1194},{"day":1555113600000,"amount":1090},{"day":1555200000000,"amount":1065},{"day":1555286400000,"amount":1072},{"day":1555372800000,"amount":1137},{"day":1555459200000,"amount":1102},{"day":1555545600000,"amount":1130},{"day":1555632000000,"amount":1157},{"day":1555718400000,"amount":1119},{"day":1555804800000,"amount":1055},{"day":1555891200000,"amount":1090},{"day":1555977600000,"amount":1096},{"day":1556064000000,"amount":1079},{"day":1556150400000,"amount":1134},{"day":1556236800000,"amount":1180},{"day":1556323200000,"amount":1184},{"day":155640960000"
12:58:56.326 [TestNG-tests-1] DEBUG org.apache.http.wire -  << "0,"amount":1110},{"day":1556496000000,"amount":1156},{"day":1556582400000,"amount":1161},{"day":1556668800000,"amount":1145},{"day":1556755200000,"amount":1144},{"day":1556841600000,"amount":1131},{"day":1556928000000,"amount":1091},{"day":1557014400000,"amount":1066},{"day":1557100800000,"amount":1072},{"day":1557187200000,"amount":1034},{"day":1557273600000,"amount":1026},{"day":1557360000000,"amount":1038},{"day":1557446400000,"amount":940},{"day":1557532800000,"amount":902},{"day":1557619200000,"amount":865},{"day":1557705600000,"amount":852},{"day":1557792000000,"amount":921},{"day":1557878400000,"amount":932},{"day":1557964800000,"amount":1076},{"day":1558051200000,"amount":979},{"day":1558137600000,"amount":941},{"day":1558224000000,"amount":933},{"day":1558310400000,"amount":954},{"day":1558396800000,"amount":916},{"day":1558483200000,"amount":822},{"day":1558569600000,"amount":828},{"day":1558656000000,"amount":827},{"day":1558742400000,"amount":811},{"day":1558828800000,"amount":811},{"day":1558915200000,"amount":835},{"day":1559001600000,"amount":862},{"day":1559088000000,"amount":817},{"day":1559174400000,"amount":794},{"day":1559260800000,"amount":758},{"day":1559347200000,"amount":802},{"day":1559433600000,"amount":788},{"day":1559520000000,"amount":710},{"day":1559606400000,"amount":744},{"day":1559692800000,"amount":719},{"day":1559779200000,"amount":722},{"day":1559865600000,"amount":767},{"day":1559952000000,"amount":821},{"day":1560038400000,"amount":748},{"day":1560124800000,"amount":753},{"day":1560211200000,"amount":790},{"day":1560297600000,"amount":740},{"day":1560384000000,"amount":770},{"day":1560470400000,"amount":763},{"day":1560556800000,"amount":785},{"day":1560643200000,"amount":782},{"day":1560729600000,"amount":748},{"day":1560816000000,"amount":803},{"day":1560902400000,"amount":814},{"day":1560988800000,"amount":751},{"day":1561075200000,"amount":710},{"day":1561161600000,"amount":714},{"day":1561248000000,"amount":763},{"day":1561334400000,"amount":737},{"day":1561420800000,"amount":730},{"day":1561507200000,"amount":701},{"day":1561593600000,"amount":611},{"day":1561680000000,"amount":624},{"day":1561766400000,"amount":663},{"day":1561852800000,"amount":668},{"day":1561939200000,"amount":633},{"day":1562025600000,"amount":659},{"day":1562112000000,"amount":675},{"day":1562198400000,"amount":702},{"day":1562284800000,"amount":673},{"day":1562371200000,"amount":655},{"day":1562457600000,"amount":659},{"day":1562544000000,"amount":673},{"day":1562630400000,"amount":648},{"day":1562716800000,"amount":685},{"day":1562803200000,"amount":695},{"day":1562889600000,"amount":652},{"day":1562976000000,"amount":606},{"day":1563062400000,"amount":630},{"day":1563148800000,"amount":624},{"day":1563235200000,"amount":676},{"day":1563321600000,"amount":587},{"day":1563408000000,"amount":745},{"day":1563494400000,"amount":729},{"day":1563580800000,"amount":761},{"day":1563667200000,"amount":332},{"day":1563753600000,"amount":15},{"day":1563840000000,"amount":1},{"day":1563926400000,"amount":1},{"day":1564012800000,"amount":1},{"day":1564099200000,"amount":4},{"day":1564185600000,"amount":5},{"day":1564358400000,"amount":3},{"day":1564444800000,"amount":4},{"day":1564531200000,"amount":2},{"day":1564704000000,"amount":2},{"day":1564790400000,"amount":1},{"day":1564876800000,"amount":2},{"day":1564963200000,"amount":3},{"day":1565049600000,"amount":1},{"day":1565136000000,"amount":1},{"day":1565222400000,"amount":1},{"day":1565308800000,"amount":1},{"day":1565395200000,"amount":1},{"day":1565568000000,"amount":3},{"day":1565654400000,"amount":1},{"day":1565740800000,"amount":2},{"day":1565827200000,"amount":1},{"day":1565913600000,"amount":1},{"day":1566086400000,"amount":3},{"day":1566172800000,"amount":3},{"day":1566259200000,"amount":2},{"day":1566345600000,"amount":2},{"day":1566432000000,"amount":1},{"day":1566518400000,"amount":1},{"day":1566691200000,"amount":3},{"day":1566777600000,"amount":1},{"day":1566864000000,"amount":1},{"day":1566950400000,"amount":2},{"day":15670"
12:58:56.326 [TestNG-tests-1] DEBUG org.apache.http.wire -  << "36800000,"amount":2},{"day":1567123200000,"amount":1},{"day":1567209600000,"amount":1},{"day":1567296000000,"amount":3},{"day":1567382400000,"amount":3},{"day":1567468800000,"amount":1},{"day":1567555200000,"amount":3},{"day":1567641600000,"amount":4},{"day":1567728000000,"amount":1},{"day":1567814400000,"amount":2},{"day":1567987200000,"amount":1},{"day":1568073600000,"amount":4},{"day":1568160000000,"amount":4},{"day":1568246400000,"amount":2},{"day":1568332800000,"amount":1},{"day":1568419200000,"amount":4},{"day":1568505600000,"amount":3},{"day":1568592000000,"amount":3},{"day":1568678400000,"amount":2},{"day":1568764800000,"amount":2},{"day":1568851200000,"amount":3},{"day":1568937600000,"amount":4},{"day":1569024000000,"amount":1},{"day":1569283200000,"amount":1},{"day":1569456000000,"amount":1},{"day":1569542400000,"amount":2},{"day":1569715200000,"amount":4},{"day":1569801600000,"amount":3},{"day":1569888000000,"amount":1},{"day":1569974400000,"amount":3},{"day":1570147200000,"amount":2},{"day":1570233600000,"amount":3},{"day":1570320000000,"amount":4},{"day":1570406400000,"amount":1},{"day":1570492800000,"amount":1},{"day":1570579200000,"amount":2},{"day":1570665600000,"amount":2},{"day":1570752000000,"amount":2},{"day":1570838400000,"amount":1},{"day":1570924800000,"amount":3},{"day":1571011200000,"amount":3},{"day":157127040"
12:58:56.562 [TestNG-tests-1] DEBUG org.apache.http.wire -  << "0000,"amount":2},{"day":1571356800000,"amount":2},{"day":1571443200000,"amount":3},{"day":1571616000000,"amount":1},{"day":1571702400000,"amount":4},{"day":1571788800000,"amount":1},{"day":1571875200000,"amount":2},{"day":1571961600000,"amount":1},{"day":1572134400000,"amount":1},{"day":1572220800000,"amount":1},{"day":1572307200000,"amount":1},{"day":1572393600000,"amount":1},{"day":1572480000000,"amount":1},{"day":1572652800000,"amount":1},{"day":1572739200000,"amount":1},{"day":1572825600000,"amount":1},{"day":1572998400000,"amount":1},{"day":1573171200000,"amount":1},{"day":1573257600000,"amount":1},{"day":1573430400000,"amount":3},{"day":1573603200000,"amount":2},{"day":1573689600000,"amount":1},{"day":1573776000000,"amount":1},{"day":1573862400000,"amount":2},{"day":1573948800000,"amount":2},{"day":1574035200000,"amount":2},{"day":1574121600000,"amount":1},{"day":1574208000000,"amount":1},{"day":1574467200000,"amount":2},{"day":1574553600000,"amount":1},{"day":1574640000000,"amount":2},{"day":1574812800000,"amount":1},{"day":1574899200000,"amount":3},{"day":1574985600000,"amount":1},{"day":1575072000000,"amount":1},{"day":1575158400000,"amount":2},{"day":1575244800000,"amount":1},{"day":1575417600000,"amount":2},{"day":1575763200000,"amount":2},{"day":1576886400000,"amount":1},{"day":1576972800000,"amount":1},{"day":1577145600000,"amount":1},{"day":1577318400000,"amount":1},{"day":1577664000000,"amount":1},{"day":1578009600000,"amount":2},{"day":1578096000000,"amount":1},{"day":1578528000000,"amount":1},{"day":1578614400000,"amount":1},{"day":1578787200000,"amount":2},{"day":1578960000000,"amount":1},{"day":1579132800000,"amount":1},{"day":1579305600000,"amount":1},{"day":1579564800000,"amount":1},{"day":1579651200000,"amount":1},{"day":1580601600000,"amount":2},{"day":1580774400000,"amount":1},{"day":1581033600000,"amount":2},{"day":1581811200000,"amount":1},{"day":1581897600000,"amount":1},{"day":1583107200000,"amount":1},{"day":1583193600000,"amount":2},{"day":1585008000000,"amount":1},{"day":1585180800000,"amount":1}]}[\n]"
12:58:56.562 [TestNG-tests-1] DEBUG org.apache.http.impl.conn.DefaultClientConnection - Connection 0.0.0.0:61397<->18.216.178.128:80 closed
12:58:56.562 [TestNG-tests-1] DEBUG org.apache.http.impl.conn.PoolingClientConnectionManager - Connection released: [id: 74][route: {}->http://apilist.tronscan.org:80][total kept alive: 0; route allocated: 0 of 80; total allocated: 0 of 100]
12:58:56.562 [TestNG-tests-1] INFO tron.common.TronscanApiList - ----------------------------Print JSON Start---------------------------
12:58:56.562 [TestNG-tests-1] INFO tron.common.TronscanApiList - total:409
12:58:56.562 [TestNG-tests-1] INFO tron.common.TronscanApiList - data:[{"amount":306,"day":1540252800000},{"amount":570,"day":1540339200000},{"amount":602,"day":1540425600000},{"amount":518,"day":1540512000000},{"amount":477,"day":1540598400000},{"amount":483,"day":1540684800000},{"amount":495,"day":1540771200000},{"amount":551,"day":1540857600000},{"amount":716,"day":1540944000000},{"amount":682,"day":1541030400000},{"amount":700,"day":1541116800000},{"amount":941,"day":1541203200000},{"amount":984,"day":1541289600000},{"amount":1194,"day":1541376000000},{"amount":1011,"day":1541462400000},{"amount":1260,"day":1541548800000},{"amount":1192,"day":1541635200000},{"amount":1168,"day":1541721600000},{"amount":987,"day":1541808000000},{"amount":1288,"day":1541894400000},{"amount":1175,"day":1541980800000},{"amount":1108,"day":1542067200000},{"amount":1013,"day":1542153600000},{"amount":1257,"day":1542240000000},{"amount":1342,"day":1542326400000},{"amount":1155,"day":1542412800000},{"amount":1110,"day":1542499200000},{"amount":1330,"day":1542585600000},{"amount":1422,"day":1542672000000},{"amount":1434,"day":1542758400000},{"amount":1510,"day":1542844800000},{"amount":1474,"day":1542931200000},{"amount":1320,"day":1543017600000},{"amount":1326,"day":1543104000000},{"amount":1469,"day":1543190400000},{"amount":1455,"day":1543276800000},{"amount":1419,"day":1543363200000},{"amount":1454,"day":1543449600000},{"amount":1449,"day":1543536000000},{"amount":1375,"day":1543622400000},{"amount":1403,"day":1543708800000},{"amount":1463,"day":1543795200000},{"amount":1329,"day":1543881600000},{"amount":1427,"day":1543968000000},{"amount":1516,"day":1544054400000},{"amount":1431,"day":1544140800000},{"amount":1360,"day":1544227200000},{"amount":1380,"day":1544313600000},{"amount":1589,"day":1544400000000},{"amount":1668,"day":1544486400000},{"amount":1677,"day":1544572800000},{"amount":1869,"day":1544659200000},{"amount":1868,"day":1544745600000},{"amount":1994,"day":1544832000000},{"amount":1993,"day":1544918400000},{"amount":1952,"day":1545004800000},{"amount":2058,"day":1545091200000},{"amount":1534,"day":1545177600000},{"amount":1966,"day":1545264000000},{"amount":1991,"day":1545350400000},{"amount":1593,"day":1545436800000},{"amount":1837,"day":1545523200000},{"amount":1799,"day":1545609600000},{"amount":1555,"day":1545696000000},{"amount":1542,"day":1545782400000},{"amount":1588,"day":1545868800000},{"amount":1570,"day":1545955200000},{"amount":1401,"day":1546041600000},{"amount":1368,"day":1546128000000},{"amount":1357,"day":1546214400000},{"amount":1231,"day":1546300800000},{"amount":1311,"day":1546387200000},{"amount":1314,"day":1546473600000},{"amount":1401,"day":1546560000000},{"amount":1550,"day":1546646400000},{"amount":1476,"day":1546732800000},{"amount":1422,"day":1546819200000},{"amount":1693,"day":1546905600000},{"amount":2446,"day":1546992000000},{"amount":2321,"day":1547078400000},{"amount":1679,"day":1547164800000},{"amount":1752,"day":1547251200000},{"amount":1708,"day":1547337600000},{"amount":1763,"day":1547424000000},{"amount":2007,"day":1547510400000},{"amount":2267,"day":1547596800000},{"amount":2160,"day":1547683200000},{"amount":2244,"day":1547769600000},{"amount":2187,"day":1547856000000},{"amount":2095,"day":1547942400000},{"amount":1982,"day":1548028800000},{"amount":1869,"day":1548115200000},{"amount":1690,"day":1548201600000},{"amount":1724,"day":1548288000000},{"amount":1560,"day":1548374400000},{"amount":1529,"day":1548460800000},{"amount":1564,"day":1548547200000},{"amount":1708,"day":1548633600000},{"amount":1771,"day":1548720000000},{"amount":1490,"day":1548806400000},{"amount":1714,"day":1548892800000},{"amount":1522,"day":1548979200000},{"amount":1490,"day":1549065600000},{"amount":1438,"day":1549152000000},{"amount":1337,"day":1549238400000},{"amount":1346,"day":1549324800000},{"amount":1364,"day":1549411200000},{"amount":1271,"day":1549497600000},{"amount":1296,"day":1549584000000},{"amount":1353,"day":1549670400000},{"amount":1293,"day":1549756800000},{"amount":1286,"day":1549843200000},{"amount":1364,"day":1549929600000},{"amount":1327,"day":1550016000000},{"amount":1398,"day":1550102400000},{"amount":1508,"day":1550188800000},{"amount":1448,"day":1550275200000},{"amount":1259,"day":1550361600000},{"amount":1397,"day":1550448000000},{"amount":1333,"day":1550534400000},{"amount":1383,"day":1550620800000},{"amount":1306,"day":1550707200000},{"amount":1280,"day":1550793600000},{"amount":1173,"day":1550880000000},{"amount":1210,"day":1550966400000},{"amount":1218,"day":1551052800000},{"amount":1389,"day":1551139200000},{"amount":1355,"day":1551225600000},{"amount":1375,"day":1551312000000},{"amount":1279,"day":1551398400000},{"amount":1322,"day":1551484800000},{"amount":1313,"day":1551571200000},{"amount":1572,"day":1551657600000},{"amount":1857,"day":1551744000000},{"amount":2194,"day":1551830400000},{"amount":2222,"day":1551916800000},{"amount":2145,"day":1552003200000},{"amount":1919,"day":1552089600000},{"amount":1696,"day":1552176000000},{"amount":1714,"day":1552262400000},{"amount":1729,"day":1552348800000},{"amount":1723,"day":1552435200000},{"amount":1710,"day":1552521600000},{"amount":1477,"day":1552608000000},{"amount":1451,"day":1552694400000},{"amount":1440,"day":1552780800000},{"amount":2357,"day":1552867200000},{"amount":1936,"day":1552953600000},{"amount":1706,"day":1553040000000},{"amount":1561,"day":1553126400000},{"amount":1543,"day":1553212800000},{"amount":1444,"day":1553299200000},{"amount":1380,"day":1553385600000},{"amount":1458,"day":1553472000000},{"amount":1400,"day":1553558400000},{"amount":1283,"day":1553644800000},{"amount":1322,"day":1553731200000},{"amount":1380,"day":1553817600000},{"amount":1344,"day":1553904000000},{"amount":1305,"day":1553990400000},{"amount":1290,"day":1554076800000},{"amount":1292,"day":1554163200000},{"amount":1205,"day":1554249600000},{"amount":1254,"day":1554336000000},{"amount":1305,"day":1554422400000},{"amount":1193,"day":1554508800000},{"amount":1169,"day":1554595200000},{"amount":1235,"day":1554681600000},{"amount":1215,"day":1554768000000},{"amount":1263,"day":1554854400000},{"amount":1234,"day":1554940800000},{"amount":1194,"day":1555027200000},{"amount":1090,"day":1555113600000},{"amount":1065,"day":1555200000000},{"amount":1072,"day":1555286400000},{"amount":1137,"day":1555372800000},{"amount":1102,"day":1555459200000},{"amount":1130,"day":1555545600000},{"amount":1157,"day":1555632000000},{"amount":1119,"day":1555718400000},{"amount":1055,"day":1555804800000},{"amount":1090,"day":1555891200000},{"amount":1096,"day":1555977600000},{"amount":1079,"day":1556064000000},{"amount":1134,"day":1556150400000},{"amount":1180,"day":1556236800000},{"amount":1184,"day":1556323200000},{"amount":1110,"day":1556409600000},{"amount":1156,"day":1556496000000},{"amount":1161,"day":1556582400000},{"amount":1145,"day":1556668800000},{"amount":1144,"day":1556755200000},{"amount":1131,"day":1556841600000},{"amount":1091,"day":1556928000000},{"amount":1066,"day":1557014400000},{"amount":1072,"day":1557100800000},{"amount":1034,"day":1557187200000},{"amount":1026,"day":1557273600000},{"amount":1038,"day":1557360000000},{"amount":940,"day":1557446400000},{"amount":902,"day":1557532800000},{"amount":865,"day":1557619200000},{"amount":852,"day":1557705600000},{"amount":921,"day":1557792000000},{"amount":932,"day":1557878400000},{"amount":1076,"day":1557964800000},{"amount":979,"day":1558051200000},{"amount":941,"day":1558137600000},{"amount":933,"day":1558224000000},{"amount":954,"day":1558310400000},{"amount":916,"day":1558396800000},{"amount":822,"day":1558483200000},{"amount":828,"day":1558569600000},{"amount":827,"day":1558656000000},{"amount":811,"day":1558742400000},{"amount":811,"day":1558828800000},{"amount":835,"day":1558915200000},{"amount":862,"day":1559001600000},{"amount":817,"day":1559088000000},{"amount":794,"day":1559174400000},{"amount":758,"day":1559260800000},{"amount":802,"day":1559347200000},{"amount":788,"day":1559433600000},{"amount":710,"day":1559520000000},{"amount":744,"day":1559606400000},{"amount":719,"day":1559692800000},{"amount":722,"day":1559779200000},{"amount":767,"day":1559865600000},{"amount":821,"day":1559952000000},{"amount":748,"day":1560038400000},{"amount":753,"day":1560124800000},{"amount":790,"day":1560211200000},{"amount":740,"day":1560297600000},{"amount":770,"day":1560384000000},{"amount":763,"day":1560470400000},{"amount":785,"day":1560556800000},{"amount":782,"day":1560643200000},{"amount":748,"day":1560729600000},{"amount":803,"day":1560816000000},{"amount":814,"day":1560902400000},{"amount":751,"day":1560988800000},{"amount":710,"day":1561075200000},{"amount":714,"day":1561161600000},{"amount":763,"day":1561248000000},{"amount":737,"day":1561334400000},{"amount":730,"day":1561420800000},{"amount":701,"day":1561507200000},{"amount":611,"day":1561593600000},{"amount":624,"day":1561680000000},{"amount":663,"day":1561766400000},{"amount":668,"day":1561852800000},{"amount":633,"day":1561939200000},{"amount":659,"day":1562025600000},{"amount":675,"day":1562112000000},{"amount":702,"day":1562198400000},{"amount":673,"day":1562284800000},{"amount":655,"day":1562371200000},{"amount":659,"day":1562457600000},{"amount":673,"day":1562544000000},{"amount":648,"day":1562630400000},{"amount":685,"day":1562716800000},{"amount":695,"day":1562803200000},{"amount":652,"day":1562889600000},{"amount":606,"day":1562976000000},{"amount":630,"day":1563062400000},{"amount":624,"day":1563148800000},{"amount":676,"day":1563235200000},{"amount":587,"day":1563321600000},{"amount":745,"day":1563408000000},{"amount":729,"day":1563494400000},{"amount":761,"day":1563580800000},{"amount":332,"day":1563667200000},{"amount":15,"day":1563753600000},{"amount":1,"day":1563840000000},{"amount":1,"day":1563926400000},{"amount":1,"day":1564012800000},{"amount":4,"day":1564099200000},{"amount":5,"day":1564185600000},{"amount":3,"day":1564358400000},{"amount":4,"day":1564444800000},{"amount":2,"day":1564531200000},{"amount":2,"day":1564704000000},{"amount":1,"day":1564790400000},{"amount":2,"day":1564876800000},{"amount":3,"day":1564963200000},{"amount":1,"day":1565049600000},{"amount":1,"day":1565136000000},{"amount":1,"day":1565222400000},{"amount":1,"day":1565308800000},{"amount":1,"day":1565395200000},{"amount":3,"day":1565568000000},{"amount":1,"day":1565654400000},{"amount":2,"day":1565740800000},{"amount":1,"day":1565827200000},{"amount":1,"day":1565913600000},{"amount":3,"day":1566086400000},{"amount":3,"day":1566172800000},{"amount":2,"day":1566259200000},{"amount":2,"day":1566345600000},{"amount":1,"day":1566432000000},{"amount":1,"day":1566518400000},{"amount":3,"day":1566691200000},{"amount":1,"day":1566777600000},{"amount":1,"day":1566864000000},{"amount":2,"day":1566950400000},{"amount":2,"day":1567036800000},{"amount":1,"day":1567123200000},{"amount":1,"day":1567209600000},{"amount":3,"day":1567296000000},{"amount":3,"day":1567382400000},{"amount":1,"day":1567468800000},{"amount":3,"day":1567555200000},{"amount":4,"day":1567641600000},{"amount":1,"day":1567728000000},{"amount":2,"day":1567814400000},{"amount":1,"day":1567987200000},{"amount":4,"day":1568073600000},{"amount":4,"day":1568160000000},{"amount":2,"day":1568246400000},{"amount":1,"day":1568332800000},{"amount":4,"day":1568419200000},{"amount":3,"day":1568505600000},{"amount":3,"day":1568592000000},{"amount":2,"day":1568678400000},{"amount":2,"day":1568764800000},{"amount":3,"day":1568851200000},{"amount":4,"day":1568937600000},{"amount":1,"day":1569024000000},{"amount":1,"day":1569283200000},{"amount":1,"day":1569456000000},{"amount":2,"day":1569542400000},{"amount":4,"day":1569715200000},{"amount":3,"day":1569801600000},{"amount":1,"day":1569888000000},{"amount":3,"day":1569974400000},{"amount":2,"day":1570147200000},{"amount":3,"day":1570233600000},{"amount":4,"day":1570320000000},{"amount":1,"day":1570406400000},{"amount":1,"day":1570492800000},{"amount":2,"day":1570579200000},{"amount":2,"day":1570665600000},{"amount":2,"day":1570752000000},{"amount":1,"day":1570838400000},{"amount":3,"day":1570924800000},{"amount":3,"day":1571011200000},{"amount":2,"day":1571270400000},{"amount":2,"day":1571356800000},{"amount":3,"day":1571443200000},{"amount":1,"day":1571616000000},{"amount":4,"day":1571702400000},{"amount":1,"day":1571788800000},{"amount":2,"day":1571875200000},{"amount":1,"day":1571961600000},{"amount":1,"day":1572134400000},{"amount":1,"day":1572220800000},{"amount":1,"day":1572307200000},{"amount":1,"day":1572393600000},{"amount":1,"day":1572480000000},{"amount":1,"day":1572652800000},{"amount":1,"day":1572739200000},{"amount":1,"day":1572825600000},{"amount":1,"day":1572998400000},{"amount":1,"day":1573171200000},{"amount":1,"day":1573257600000},{"amount":3,"day":1573430400000},{"amount":2,"day":1573603200000},{"amount":1,"day":1573689600000},{"amount":1,"day":1573776000000},{"amount":2,"day":1573862400000},{"amount":2,"day":1573948800000},{"amount":2,"day":1574035200000},{"amount":1,"day":1574121600000},{"amount":1,"day":1574208000000},{"amount":2,"day":1574467200000},{"amount":1,"day":1574553600000},{"amount":2,"day":1574640000000},{"amount":1,"day":1574812800000},{"amount":3,"day":1574899200000},{"amount":1,"day":1574985600000},{"amount":1,"day":1575072000000},{"amount":2,"day":1575158400000},{"amount":1,"day":1575244800000},{"amount":2,"day":1575417600000},{"amount":2,"day":1575763200000},{"amount":1,"day":1576886400000},{"amount":1,"day":1576972800000},{"amount":1,"day":1577145600000},{"amount":1,"day":1577318400000},{"amount":1,"day":1577664000000},{"amount":2,"day":1578009600000},{"amount":1,"day":1578096000000},{"amount":1,"day":1578528000000},{"amount":1,"day":1578614400000},{"amount":2,"day":1578787200000},{"amount":1,"day":1578960000000},{"amount":1,"day":1579132800000},{"amount":1,"day":1579305600000},{"amount":1,"day":1579564800000},{"amount":1,"day":1579651200000},{"amount":2,"day":1580601600000},{"amount":1,"day":1580774400000},{"amount":2,"day":1581033600000},{"amount":1,"day":1581811200000},{"amount":1,"day":1581897600000},{"amount":1,"day":1583107200000},{"amount":2,"day":1583193600000},{"amount":1,"day":1585008000000},{"amount":1,"day":1585180800000}]
12:58:56.563 [TestNG-tests-1] INFO tron.common.TronscanApiList - totalCallerAmount:334617
12:58:56.563 [TestNG-tests-1] INFO tron.common.TronscanApiList - JSON content size are: 3
12:58:56.563 [TestNG-tests-1] INFO tron.common.TronscanApiList - ----------------------------Print JSON End-----------------------------
12:58:56.563 [TestNG-tests-1] DEBUG org.apache.http.impl.conn.PoolingClientConnectionManager - Connection request: [route: {}->http://apilist.tronscan.org:80][total kept alive: 0; route allocated: 0 of 80; total allocated: 0 of 100]
12:58:56.563 [TestNG-tests-1] DEBUG org.apache.http.impl.conn.PoolingClientConnectionManager - Connection leased: [id: 75][route: {}->http://apilist.tronscan.org:80][total kept alive: 0; route allocated: 1 of 80; total allocated: 1 of 100]
12:58:56.564 [TestNG-tests-1] DEBUG org.apache.http.impl.conn.DefaultClientConnectionOperator - Connecting to apilist.tronscan.org:80
12:58:56.807 [TestNG-tests-1] DEBUG org.apache.http.client.protocol.RequestAddCookies - CookieSpec selected: default
12:58:56.807 [TestNG-tests-1] DEBUG org.apache.http.client.protocol.RequestAuthCache - Auth cache not set in the context
12:58:56.807 [TestNG-tests-1] DEBUG org.apache.http.client.protocol.RequestTargetAuthentication - Target auth state: UNCHALLENGED
12:58:56.807 [TestNG-tests-1] DEBUG org.apache.http.client.protocol.RequestProxyAuthentication - Proxy auth state: UNCHALLENGED
12:58:56.807 [TestNG-tests-1] DEBUG org.apache.http.impl.client.DefaultHttpClient - Attempt 1 to execute request
12:58:56.807 [TestNG-tests-1] DEBUG org.apache.http.impl.conn.DefaultClientConnection - Sending request: GET /api/onecontractenergystatistic?address=TEEXEWrkMFKapSMJ6mErg39ELFKDqEs6w3 HTTP/1.1
12:58:56.807 [TestNG-tests-1] DEBUG org.apache.http.wire -  >> "GET /api/onecontractenergystatistic?address=TEEXEWrkMFKapSMJ6mErg39ELFKDqEs6w3 HTTP/1.1[\r][\n]"
12:58:56.807 [TestNG-tests-1] DEBUG org.apache.http.wire -  >> "Content-type: application/json; charset=utf-8[\r][\n]"
12:58:56.807 [TestNG-tests-1] DEBUG org.apache.http.wire -  >> "Connection: Close[\r][\n]"
12:58:56.807 [TestNG-tests-1] DEBUG org.apache.http.wire -  >> "Host: apilist.tronscan.org[\r][\n]"
12:58:56.807 [TestNG-tests-1] DEBUG org.apache.http.wire -  >> "User-Agent: Apache-HttpClient/4.5.3 (Java/1.8.0_211)[\r][\n]"
12:58:56.807 [TestNG-tests-1] DEBUG org.apache.http.wire -  >> "[\r][\n]"
12:58:56.807 [TestNG-tests-1] DEBUG org.apache.http.headers - >> GET /api/onecontractenergystatistic?address=TEEXEWrkMFKapSMJ6mErg39ELFKDqEs6w3 HTTP/1.1
12:58:56.807 [TestNG-tests-1] DEBUG org.apache.http.headers - >> Content-type: application/json; charset=utf-8
12:58:56.807 [TestNG-tests-1] DEBUG org.apache.http.headers - >> Connection: Close
12:58:56.807 [TestNG-tests-1] DEBUG org.apache.http.headers - >> Host: apilist.tronscan.org
12:58:56.807 [TestNG-tests-1] DEBUG org.apache.http.headers - >> User-Agent: Apache-HttpClient/4.5.3 (Java/1.8.0_211)
12:58:57.575 [TestNG-tests-1] DEBUG org.apache.http.wire -  << "HTTP/1.1 200 OK[\r][\n]"
12:58:57.575 [TestNG-tests-1] DEBUG org.apache.http.wire -  << "Server: nginx[\r][\n]"
12:58:57.575 [TestNG-tests-1] DEBUG org.apache.http.wire -  << "Date: Fri, 27 Mar 2020 04:58:58 GMT[\r][\n]"
12:58:57.575 [TestNG-tests-1] DEBUG org.apache.http.wire -  << "Content-Type: application/json;charset=utf-8[\r][\n]"
12:58:57.575 [TestNG-tests-1] DEBUG org.apache.http.wire -  << "Transfer-Encoding: chunked[\r][\n]"
12:58:57.575 [TestNG-tests-1] DEBUG org.apache.http.wire -  << "Connection: close[\r][\n]"
12:58:57.575 [TestNG-tests-1] DEBUG org.apache.http.wire -  << "Vary: Accept-Encoding[\r][\n]"
12:58:57.575 [TestNG-tests-1] DEBUG org.apache.http.wire -  << "Access-Control-Allow-Origin: *[\r][\n]"
12:58:57.575 [TestNG-tests-1] DEBUG org.apache.http.wire -  << "Access-Control-Allow-Headers: DNT,X-Mx-ReqToken,Keep-Alive,User-Agent,X-Requested-With,If-Modified-Since,Cache-Control,Content-Type,Authorization[\r][\n]"
12:58:57.575 [TestNG-tests-1] DEBUG org.apache.http.wire -  << "Access-Control-Allow-Methods: GET,POST,PUT,DELETE,OPTIONS[\r][\n]"
12:58:57.575 [TestNG-tests-1] DEBUG org.apache.http.wire -  << "X-Proxy-Cache: MISS[\r][\n]"
12:58:57.575 [TestNG-tests-1] DEBUG org.apache.http.wire -  << "[\r][\n]"
12:58:57.575 [TestNG-tests-1] DEBUG org.apache.http.impl.conn.DefaultClientConnection - Receiving response: HTTP/1.1 200 OK
12:58:57.575 [TestNG-tests-1] DEBUG org.apache.http.headers - << HTTP/1.1 200 OK
12:58:57.575 [TestNG-tests-1] DEBUG org.apache.http.headers - << Server: nginx
12:58:57.575 [TestNG-tests-1] DEBUG org.apache.http.headers - << Date: Fri, 27 Mar 2020 04:58:58 GMT
12:58:57.575 [TestNG-tests-1] DEBUG org.apache.http.headers - << Content-Type: application/json;charset=utf-8
12:58:57.575 [TestNG-tests-1] DEBUG org.apache.http.headers - << Transfer-Encoding: chunked
12:58:57.575 [TestNG-tests-1] DEBUG org.apache.http.headers - << Connection: close
12:58:57.575 [TestNG-tests-1] DEBUG org.apache.http.headers - << Vary: Accept-Encoding
12:58:57.575 [TestNG-tests-1] DEBUG org.apache.http.headers - << Access-Control-Allow-Origin: *
12:58:57.575 [TestNG-tests-1] DEBUG org.apache.http.headers - << Access-Control-Allow-Headers: DNT,X-Mx-ReqToken,Keep-Alive,User-Agent,X-Requested-With,If-Modified-Since,Cache-Control,Content-Type,Authorization
12:58:57.575 [TestNG-tests-1] DEBUG org.apache.http.headers - << Access-Control-Allow-Methods: GET,POST,PUT,DELETE,OPTIONS
12:58:57.575 [TestNG-tests-1] DEBUG org.apache.http.headers - << X-Proxy-Cache: MISS
http://apilist.tronscan.org/api/onecontractenergystatistic?address=TEEXEWrkMFKapSMJ6mErg39ELFKDqEs6w3 请求总耗时：1012 毫秒
12:58:57.575 [TestNG-tests-1] INFO tron.tronscan.api.OneContract - code is 200
12:58:57.575 [TestNG-tests-1] DEBUG org.apache.http.wire -  << "7db2[\r][\n]"
12:58:57.575 [TestNG-tests-1] DEBUG org.apache.http.wire -  << "{"total":409,"totalEnergy":1420965725870,"data":[{"day":1540252800000,"total_energy":799838591,"energy":3875846,"contract_supplied":795862745,"trx":100000},{"day":1540339200000,"total_energy":3167666989,"energy":120645,"contract_supplied":3068390988,"trx":99155356},{"day":1540425600000,"total_energy":2898502136,"energy":0,"contract_supplied":2898502136,"trx":0},{"day":1540512000000,"total_energy":2817964442,"energy":0,"contract_supplied":2817964442,"trx":0},{"day":1540598400000,"total_energy":6714471249,"energy":0,"contract_supplied":6714471249,"trx":0},{"day":1540684800000,"total_energy":11330099902,"energy":0,"contract_supplied":11330099902,"trx":0},{"day":1540771200000,"total_energy":7750606265,"energy":1028,"contract_supplied":7750577239,"trx":27998},{"day":1540857600000,"total_energy":6235336845,"energy":0,"contract_supplied":6235336845,"trx":0},{"day":1540944000000,"total_energy":8550380313,"energy":0,"contract_supplied":8550380313,"trx":0},{"day":1541030400000,"total_energy":5265877277,"energy":0,"contract_supplied":5265877277,"trx":0},{"day":1541116800000,"total_energy":3442597386,"energy":0,"contract_supplied":3442597386,"trx":0},{"day":1541203200000,"total_energy":9821249466,"energy":0,"contract_supplied":9821249466,"trx":0},{"day":1541289600000,"total_energy":7065521218,"energy":0,"contract_supplied":7065521218,"trx":0},{"day":1541376000000,"total_energy":7168662361,"energy":0,"contract_supplied":7168662351,"trx":10},{"day":1541462400000,"total_energy":6772613951,"energy":0,"contract_supplied":6772613951,"trx":0},{"day":1541548800000,"total_energy":8219942656,"energy":428415,"contract_supplied":8114687938,"trx":104826303},{"day":1541635200000,"total_energy":7958491473,"energy":128584,"contract_supplied":7838457593,"trx":119905296},{"day":1541721600000,"total_energy":8324836042,"energy":342263,"contract_supplied":7971100287,"trx":353393492},{"day":1541808000000,"total_energy":7811816682,"energy":32103,"contract_supplied":7798865286,"trx":12919293},{"day":1541894400000,"total_energy":8884925476,"energy":529173,"contract_supplied":8630569316,"trx":253826987},{"day":1541980800000,"total_energy":8806459505,"energy":35357,"contract_supplied":8799003510,"trx":7420638},{"day":1542067200000,"total_energy":9008759057,"energy":5913,"contract_supplied":9007836649,"trx":916495},{"day":1542153600000,"total_energy":8447362765,"energy":5911,"contract_supplied":8446535358,"trx":821496},{"day":1542240000000,"total_energy":8194722653,"energy":71347,"contract_supplied":8180709159,"trx":13942147},{"day":1542326400000,"total_energy":10107812885,"energy":2156833,"contract_supplied":9549314721,"trx":556341331},{"day":1542412800000,"total_energy":8620045616,"energy":145708,"contr"
12:58:57.575 [TestNG-tests-1] DEBUG org.apache.http.wire -  << "act_supplied":8589340001,"trx":30559907},{"day":1542499200000,"total_energy":8964920231,"energy":93726,"contract_supplied":8928137367,"trx":36689138},{"day":1542585600000,"total_energy":9153405226,"energy":927983,"contract_supplied":8842494226,"trx":309983017},{"day":1542672000000,"total_energy":9377191886,"energy":351498,"contract_supplied":8669070803,"trx":707769585},{"day":1542758400000,"total_energy":7367373205,"energy":797056,"contract_supplied":6538041251,"trx":828534898},{"day":1542844800000,"total_energy":7817951107,"energy":1969513,"contract_supplied":6433164723,"trx":1382816871},{"day":1542931200000,"total_energy":9239163219,"energy":1976148,"contract_supplied":8398652425,"trx":838534646},{"day":1543017600000,"total_energy":8230418903,"energy":2044067,"contract_supplied":7946452633,"trx":281922203},{"day":1543104000000,"total_energy":8366329733,"energy":1293529,"contract_supplied":7956710140,"trx":408326064},{"day":1543190400000,"total_energy":8999610427,"energy":1840751,"contract_supplied":7935564617,"trx":1062205059},{"day":1543276800000,"total_energy":9770657364,"energy":2069202,"contract_supplied":8221317352,"trx":1547270810},{"day":1543363200000,"total_energy":9877116946,"energy":3850309,"contract_supplied":7964030579,"trx":1909236058},{"day":1543449600000,"total_energy":9991277206,"energy":2976612,"contract_supplied":8238623170,"trx":1749677424},{"day":1543536000000,"total_energy":9967513012,"energy":3431079,"contract_supplied":7341339998,"trx":2622741935},{"day":1543622400000,"total_energy":9808616077,"energy":3764122,"contract_supplied":7414968629,"trx":2389883326},{"day":1543708800000,"total_energy":10001869473,"energy":4210812,"contract_supplied":7146318246,"trx":2851340415},{"day":1543795200000,"total_energy":8989363296,"energy":3561730,"contract_supplied":6000632032,"trx":2985169534},{"day":1543881600000,"total_energy":9008579736,"energy":2639297,"contract_supplied":6259915553,"trx":2746024886},{"day":1543968000000,"total_energy":10432416493,"energy":4959407,"contract_supplied":6257301692,"trx":4170155394},{"day":1544054400000,"total_energy":11540663295,"energy":5269472,"contract_supplied":6411753557,"trx":5123640266},{"day":1544140800000,"total_energy":11573948363,"energy":15514338,"contract_supplied":8308253074,"trx":3250180951},{"day":1544227200000,"total_energy":12273773385,"energy":32818098,"contract_supplied":7386659747,"trx":4854295540},{"day":1544313600000,"total_energy":12368295276,"energy":35085119,"contract_supplied":7404741292,"trx":4928468865},{"day":1544400000000,"total_energy":13875381523,"energy":63481728,"contract_supplied":7644652998,"trx":6167246797},{"day":1544486400000,"total_energy":13839855628,"energy":44440258,"contract_"
12:58:57.576 [TestNG-tests-1] DEBUG org.apache.http.wire -  << "supplied":7125426061,"trx":6669989309},{"day":1544572800000,"total_energy":13694079086,"energy":57017200,"contract_supplied":7221312072,"trx":6415749814},{"day":1544659200000,"total_energy":14236083803,"energy":52062342,"contract_supplied":7198178036,"trx":6985843425},{"day":1544745600000,"total_energy":15118907303,"energy":69948486,"contract_supplied":7036661698,"trx":8012297119},{"day":1544832000000,"total_energy":16724578650,"energy":58801862,"contract_supplied":6939009179,"trx":9726767609},{"day":1544918400000,"total_energy":17442852749,"energy":75254913,"contract_supplied":6882139581,"trx":10485458255},{"day":1545004800000,"total_energy":15864567058,"energy":65349668,"contract_supplied":6257250040,"trx":9541967350},{"day":1545091200000,"total_energy":14345480392,"energy":41372603,"contract_supplied":6519772199,"trx":7784335590},{"day":1545177600000,"total_energy":6819243411,"energy":23239045,"contract_supplied":3784011468,"trx":3011992898},{"day":1545264000000,"total_energy":13321276685,"energy":47051182,"contract_supplied":7127979490,"trx":6146246013},{"day":1545350400000,"total_energy":15548224045,"energy":34448384,"contract_supplied":6636382281,"trx":8877393380},{"day":1545436800000,"total_energy":8964608783,"energy":28861035,"contract_supplied":6488685840,"trx":2447061908},{"day":1545523200000,"total_energy":10436826156,"energ"
12:58:57.576 [TestNG-tests-1] DEBUG org.apache.http.wire -  << "y":17630595,"contract_supplied":6554294770,"trx":3864900791},{"day":1545609600000,"total_energy":8917607978,"energy":18895971,"contract_supplied":5636676837,"trx":3262035170},{"day":1545696000000,"total_energy":7254674781,"energy":11925954,"contract_supplied":5821362022,"trx":1421386805},{"day":1545782400000,"total_energy":8138505358,"energy":27714297,"contract_supplied":5887417816,"trx":2223373245},{"day":1545868800000,"total_energy":8149184428,"energy":19678520,"contract_supplied":5787621857,"trx":2341884051},{"day":1545955200000,"total_energy":8807326489,"energy":16979975,"contract_supplied":5754668382,"trx":3035678132},{"day":1546041600000,"total_energy":9320251342,"energy":11345727,"contract_supplied":5375731134,"trx":3933174481},{"day":1546128000000,"total_energy":8715983059,"energy":5962842,"contract_supplied":7318321538,"trx":1391698679},{"day":1546214400000,"total_energy":8363771323,"energy":0,"contract_supplied":8359971323,"trx":3800000},{"day":1546300800000,"total_energy":7733797384,"energy":18,"contract_supplied":7729197384,"trx":4599982},{"day":1546387200000,"total_energy":6872759099,"energy":105043,"contract_supplied":6872159099,"trx":494957},{"day":1546473600000,"total_energy":5625022851,"energy":190535,"contract_supplied":5622622851,"trx":2209465},{"day":1546560000000,"total_energy":6477204235,"energy":56598,"contract_supplied":6475404235,"trx":1743402},{"day":1546646400000,"total_energy":6904427495,"energy":34182,"contract_supplied":6900427495,"trx":3965818},{"day":1546732800000,"total_energy":7151464587,"energy":0,"contract_supplied":7148664587,"trx":2800000},{"day":1546819200000,"total_energy":5739328449,"energy":0,"contract_supplied":5735128449,"trx":4200000},{"day":1546905600000,"total_energy":6533464013,"energy":0,"contract_supplied":6529864013,"trx":3600000},{"day":1546992000000,"total_energy":5547574320,"energy":29367,"contract_supplied":5541574320,"trx":5970633},{"day":1547078400000,"total_energy":6889576847,"energy":16135783,"contract_supplied":5941269636,"trx":932171428},{"day":1547164800000,"total_energy":8508030550,"energy":24657882,"contract_supplied":6300343795,"trx":2183028873},{"day":1547251200000,"total_energy":10127946098,"energy":63704986,"contract_supplied":6334656484,"trx":3729584628},{"day":1547337600000,"total_energy":10966768519,"energy":83284389,"contract_supplied":6445020106,"trx":4438464024},{"day":1547424000000,"total_energy":12466293760,"energy":92830153,"contract_supplied":6725291767,"trx":5648171840},{"day":1547510400000,"total_energy":12575981618,"energy":105866601,"contract_supplied":6956830150,"trx":5513284867},{"day":1547596800000,"total_energy":14550886591,"energy":81456438,"contract_supplied":6666345894,"trx":780"
12:58:57.576 [TestNG-tests-1] DEBUG org.apache.http.wire -  << "3084259},{"day":1547683200000,"total_energy":13653956914,"energy":43225008,"contract_supplied":6803001627,"trx":6807730279},{"day":1547769600000,"total_energy":13606983838,"energy":54950746,"contract_supplied":6847638592,"trx":6704394500},{"day":1547856000000,"total_energy":11672365718,"energy":44149755,"contract_supplied":6561200705,"trx":5067015258},{"day":1547942400000,"total_energy":10210848816,"energy":39701916,"contract_supplied":6044921182,"trx":4126225718},{"day":1548028800000,"total_energy":8808603999,"energy":24515247,"contract_supplied":6438694687,"trx":2345394065},{"day":1548115200000,"total_energy":8490274042,"energy":22034685,"contract_supplied":6309327846,"trx":2158911511},{"day":1548201600000,"total_energy":7928858421,"energy":15470241,"contract_supplied":6179992147,"trx":1733396033},{"day":1548288000000,"total_energy":5696869998,"energy":7011285,"contract_supplied":5032291847,"trx":657566866},{"day":1548374400000,"total_energy":4658492234,"energy":3362369,"contract_supplied":4468924453,"trx":186205412},{"day":1548460800000,"total_energy":4473215027,"energy":886228,"contract_supplied":4446697022,"trx":25631777},{"day":1548547200000,"total_energy":4421887965,"energy":896141,"contract_supplied":4403797017,"trx":17194807},{"day":1548633600000,"total_energy":4354193148,"energy":1562349,"contract_supplied":4298097030,"trx":54533769},{"day":1548720000000,"total_energy":4346821346,"energy":4000982,"contract_supplied":4277687021,"trx":65133343},{"day":1548806400000,"total_energy":3900765180,"energy":794138,"contract_supplied":3869308889,"trx":30662153},{"day":1548892800000,"total_energy":3698632507,"energy":1788165,"contract_supplied":3666327782,"trx":30516560},{"day":1548979200000,"total_energy":3347603437,"energy":52201,"contract_supplied":3344752610,"trx":2798626},{"day":1549065600000,"total_energy":3659024909,"energy":7707788,"contract_supplied":3505930018,"trx":145387103},{"day":1549152000000,"total_energy":3710280194,"energy":3518831,"contract_supplied":3608844330,"trx":97917033},{"day":1549238400000,"total_energy":3597813517,"energy":13110,"contract_supplied":3594813517,"trx":2986890},{"day":1549324800000,"total_energy":3622264766,"energy":0,"contract_supplied":3620464766,"trx":1800000},{"day":1549411200000,"total_energy":3362072996,"energy":0,"contract_supplied":3360272996,"trx":1800000},{"day":1549497600000,"total_energy":3021811179,"energy":0,"contract_supplied":3021211179,"trx":600000},{"day":1549584000000,"total_energy":3229038811,"energy":0,"contract_supplied":3226638811,"trx":2400000},{"day":1549670400000,"total_energy":3120192647,"energy":0,"contract_supplied":3118992647,"trx":1200000},{"day":1549756800000,"total_energy":2906359568,"energy":61"
12:58:57.830 [TestNG-tests-1] DEBUG org.apache.http.wire -  << "3,"contract_supplied":2905159568,"trx":1199387},{"day":1549843200000,"total_energy":2752217940,"energy":176436,"contract_supplied":2749817940,"trx":2223564},{"day":1549929600000,"total_energy":3235881508,"energy":600000,"contract_supplied":3230481508,"trx":4800000},{"day":1550016000000,"total_energy":3244003793,"energy":6700,"contract_supplied":3242203793,"trx":1793300},{"day":1550102400000,"total_energy":3360672964,"energy":0,"contract_supplied":3359472964,"trx":1200000},{"day":1550188800000,"total_energy":3470426118,"energy":149508,"contract_supplied":3463712073,"trx":6564537},{"day":1550275200000,"total_energy":4084513779,"energy":5620601,"contract_supplied":3964657993,"trx":114235185},{"day":1550361600000,"total_energy":3531877589,"energy":5589514,"contract_supplied":3410136251,"trx":116151824},{"day":1550448000000,"total_energy":3311527282,"energy":674006,"contract_supplied":3280751792,"trx":30101484},{"day":1550534400000,"total_energy":3328720496,"energy":600000,"contract_supplied":3326320496,"trx":1800000},{"day":1550620800000,"total_energy":3433035719,"energy":0,"contract_supplied":3431235719,"trx":1800000},{"day":1550707200000,"total_energy":3870201491,"energy":2521950,"contract_supplied":3799086095,"trx":68593446},{"day":1550793600000,"total_energy":3098233654,"energy":2528883,"contract_supplied":3066027238,"trx":29677533},{""
12:58:57.830 [TestNG-tests-1] DEBUG org.apache.http.wire -  << "day":1550880000000,"total_energy":3106235362,"energy":5824,"contract_supplied":3105035362,"trx":1194176},{"day":1550966400000,"total_energy":3480708476,"energy":2700,"contract_supplied":3479508476,"trx":1197300},{"day":1551052800000,"total_energy":3049400637,"energy":0,"contract_supplied":3047600637,"trx":1800000},{"day":1551139200000,"total_energy":4127721236,"energy":1489665,"contract_supplied":4074459595,"trx":51771976},{"day":1551225600000,"total_energy":3973848004,"energy":5012775,"contract_supplied":3817400992,"trx":151434237},{"day":1551312000000,"total_energy":4263933847,"energy":5714246,"contract_supplied":4036518601,"trx":221701000},{"day":1551398400000,"total_energy":4700471848,"energy":16385855,"contract_supplied":4079077141,"trx":605008852},{"day":1551484800000,"total_energy":5273327218,"energy":20398011,"contract_supplied":4332996685,"trx":919932522},{"day":1551571200000,"total_energy":5095641814,"energy":25040593,"contract_supplied":4381627418,"trx":688973803},{"day":1551657600000,"total_energy":6936346596,"energy":54000174,"contract_supplied":4855621877,"trx":2026724545},{"day":1551744000000,"total_energy":9980116331,"energy":148695611,"contract_supplied":5218764059,"trx":4612656661},{"day":1551830400000,"total_energy":11986963230,"energy":412205491,"contract_supplied":5512881724,"trx":6061876015},{"day":1551916800000,"total_energy":12169838624,"energy":220321967,"contract_supplied":5524091538,"trx":6425425119},{"day":1552003200000,"total_energy":10999662820,"energy":222696105,"contract_supplied":5238008566,"trx":5538958149},{"day":1552089600000,"total_energy":8630186847,"energy":58559140,"contract_supplied":4953528542,"trx":3618099165},{"day":1552176000000,"total_energy":6674349525,"energy":48160391,"contract_supplied":4194732270,"trx":2431456864},{"day":1552262400000,"total_energy":6024046513,"energy":51094173,"contract_supplied":4208634257,"trx":1764318083},{"day":1552348800000,"total_energy":5709790393,"energy":41901966,"contract_supplied":3867516078,"trx":1800372349},{"day":1552435200000,"total_energy":5393587952,"energy":46873159,"contract_supplied":3801238552,"trx":1545476241},{"day":1552521600000,"total_energy":4248960888,"energy":12684538,"contract_supplied":3485383744,"trx":750892606},{"day":1552608000000,"total_energy":3752041148,"energy":10708538,"contract_supplied":3251209255,"trx":490123355},{"day":1552694400000,"total_energy":3863427778,"energy":13183716,"contract_supplied":3171545607,"trx":678698455},{"day":1552780800000,"total_energy":4067496330,"energy":17644058,"contract_supplied":3251846930,"trx":798005342},{"day":1552867200000,"total_energy":7158381807,"energy":73306942,"contract_supplied":4069521465,"trx":3015553400},{"day":1552"
12:58:57.831 [TestNG-tests-1] DEBUG org.apache.http.wire -  << "953600000,"total_energy":6284520543,"energy":44454843,"contract_supplied":3825700616,"trx":2414365084},{"day":1553040000000,"total_energy":5478880069,"energy":36297747,"contract_supplied":3609406309,"trx":1833176013},{"day":1553126400000,"total_energy":4857476437,"energy":33560407,"contract_supplied":3510316139,"trx":1313599891},{"day":1553212800000,"total_energy":4899949305,"energy":29689189,"contract_supplied":3551509720,"trx":1318750396},{"day":1553299200000,"total_energy":4829949045,"energy":33152124,"contract_supplied":3542991180,"trx":1253805741},{"day":1553385600000,"total_energy":4043363851,"energy":23994458,"contract_supplied":2668539127,"trx":1350830266},{"day":1553472000000,"total_energy":4071359491,"energy":20806826,"contract_supplied":2920189994,"trx":1130362671},{"day":1553558400000,"total_energy":3807042663,"energy":19372204,"contract_supplied":2877115919,"trx":910554540},{"day":1553644800000,"total_energy":3358991329,"energy":18681657,"contract_supplied":2526985509,"trx":813324163},{"day":1553731200000,"total_energy":3610771819,"energy":20367593,"contract_supplied":2615921992,"trx":974482234},{"day":1553817600000,"total_energy":4018751353,"energy":25824866,"contract_supplied":2873225423,"trx":1119701064},{"day":1553904000000,"total_energy":4039567790,"energy":37665049,"contract_supplied":2997493201,"trx":1004409540},{"day":1553990400000,"total_energy":3635045793,"energy":29521526,"contract_supplied":2838062697,"trx":767461570},{"day":1554076800000,"total_energy":3656895616,"energy":22720982,"contract_supplied":2966720421,"trx":667454213},{"day":1554163200000,"total_energy":3132310705,"energy":13285970,"contract_supplied":2585871359,"trx":533153376},{"day":1554249600000,"total_energy":3159278777,"energy":19707420,"contract_supplied":2478009312,"trx":661562045},{"day":1554336000000,"total_energy":3502203401,"energy":23690954,"contract_supplied":2686376376,"trx":792136071},{"day":1554422400000,"total_energy":3260450468,"energy":22833997,"contract_supplied":2562534654,"trx":675081817},{"day":1554508800000,"total_energy":3155671723,"energy":22526630,"contract_supplied":2510264533,"trx":622880560},{"day":1554595200000,"total_energy":2866665561,"energy":20607728,"contract_supplied":2424581735,"trx":421476098},{"day":1554681600000,"total_energy":3124600701,"energy":22547733,"contract_supplied":2451900722,"trx":650152246},{"day":1554768000000,"total_energy":2754012012,"energy":21572677,"contract_supplied":2286040027,"trx":446399308},{"day":1554854400000,"total_energy":2765766242,"energy":26883621,"contract_supplied":2333584367,"trx":405298254},{"day":1554940800000,"total_energy":3069532902,"energy":28480579,"contract_supplied":2271306182,"trx":769746141},{"da"
12:58:57.831 [TestNG-tests-1] DEBUG org.apache.http.wire -  << "y":1555027200000,"total_energy":3127154471,"energy":18726612,"contract_supplied":2498027040,"trx":610400819},{"day":1555113600000,"total_energy":2664816951,"energy":20617081,"contract_supplied":2336654630,"trx":307545240},{"day":1555200000000,"total_energy":2703981239,"energy":10163783,"contract_supplied":2349268783,"trx":344548673},{"day":1555286400000,"total_energy":2661769548,"energy":16699170,"contract_supplied":2248929146,"trx":396141232},{"day":1555372800000,"total_energy":2397792514,"energy":9644604,"contract_supplied":2174027102,"trx":214120808},{"day":1555459200000,"total_energy":2145066734,"energy":3984819,"contract_supplied":2080772075,"trx":60309840},{"day":1555545600000,"total_energy":2198593672,"energy":4707121,"contract_supplied":2083285103,"trx":110601448},{"day":1555632000000,"total_energy":2408130445,"energy":13197956,"contract_supplied":2120108227,"trx":274824262},{"day":1555718400000,"total_energy":2326793120,"energy":16808318,"contract_supplied":2114343136,"trx":195641666},{"day":1555804800000,"total_energy":2346736411,"energy":4469875,"contract_supplied":2280999189,"trx":61267347},{"day":1555891200000,"total_energy":2872602977,"energy":9663256,"contract_supplied":2660250127,"trx":202689594},{"day":1555977600000,"total_energy":2910560647,"energy":15413772,"contract_supplied":2420004304,"trx":475142571},{"day":1556064000000,"total_energy":3030910232,"energy":20161827,"contract_supplied":2451603477,"trx":559144928},{"day":1556150400000,"total_energy":2862360710,"energy":30067718,"contract_supplied":2035183304,"trx":797109688},{"day":1556236800000,"total_energy":2560445158,"energy":14388367,"contract_supplied":2223673723,"trx":322383068},{"day":1556323200000,"total_energy":2786374092,"energy":27272268,"contract_supplied":2299362303,"trx":459739521},{"day":1556409600000,"total_energy":2644612303,"energy":24616108,"contract_supplied":2192968139,"trx":427028056},{"day":1556496000000,"total_energy":2735229418,"energy":19597861,"contract_supplied":2371438083,"trx":344193474},{"day":1556582400000,"total_energy":2728152793,"energy":20513963,"contract_supplied":2392347553,"trx":315291277},{"day":1556668800000,"total_energy":2779572536,"energy":14997607,"contract_supplied":2393037353,"trx":371537576},{"day":1556755200000,"total_energy":2544187284,"energy":17014702,"contract_supplied":2250119608,"trx":277052974},{"day":1556841600000,"total_energy":2644503315,"energy":18299854,"contract_supplied":2324143373,"trx":302060088},{"day":1556928000000,"total_energy":2533554631,"energy":22662628,"contract_supplied":2254174236,"trx":256717767},{"day":1557014400000,"total_energy":2523563223,"energy":19203632,"contract_supplied":2242621981,"trx":261737610},{"day":1557100800000,"total_energy":2432586294,"energy":10609996,"contract_supplied":2245188785,"trx":176787513},{"day":1557187200000,"total_energy":2371767962,"energy":12576621,"contract_supplied":2162678927,"trx":196512414},{"day":1557273600000,"total_energy":2225955920,"energy":13678955,"contract_supplied":2089032619,"trx":123244346},{"day":1557360000000,"total_energy":2233962304,"energy":9011443,"contract_supplied":2122737116,"trx":102213745},{"day":1557446400000,"total_energy":2191277832,"energy":4574732,"contract_supplied":2131056399,"trx":55646701},{"day":1557532800000,"total_energy":2120909416,"energy":8547892,"contract_supplied":1972933391,"trx":139428133},{"day":1557619200000,"total_energy":2212554183,"energy":29478472,"contract_supplied":1948888144,"trx":234187567},{"day":1557705600000,"total_energy":1735207908,"energy":4004816,"contract_supplied":1695733975,"trx":35469117},{"day":1557792000000,"total_energy":1756877067,"energy":1459139,"contract_supplied":1737685669,"trx":17732259},{"day":1557878400000,"total_energy":1904192956,"energy":0,"contract_supplied":1902992956,"trx":1200000},{"day":1557964800000,"total_energy":2318017759,"energy":15330965,"contract_supplied":2186941433,"trx":115745361},{"day":1558051200000,"total_energy":2006969609,"energy":24836033,"contract_supplied":1817360587,"trx":164772989},{"day":1558137600000,"total_energy":2169796664,"energy":12145644,"contract_supplied":2012035135,"trx":145615885},{"day":1558224000000,"total_energy":2230311284,"energy":13517740,"contract_supplied":2046554140,"trx":170239404},{"day":1558310400000,"total_energy":2113642947,"energy":3275423,"contract_supplied":2056946187,"trx":53421337},{"day":1558396800000,"total_energy":2135957229,"energy":2329916,"contract_supplied":2082997565,"trx":50629748},{"day":1558483200000,"total_energy":2288275603,"energy":4240108,"contract_supplied":2202997898,"trx":81037597},{"day":1558569600000,"total_energy":2005479515,"energy":1538280,"contract_supplied":1988799418,"trx":15141817},{"day":1558656000000,"total_energy":1657306412,"energy":3081390,"contract_supplied":1631368274,"trx":22856748},{"day":1558742400000,"total_energy":1796473037,"energy":6174347,"contract_supplied":1711816804,"trx":78481886},{"day":1558828800000,"total_energy":1846697229,"energy":20968841,"contract_supplied":1615050742,"trx":210677646},{"day":1558915200000,"total_energy":2205299971,"energy":14116685,"contract_supplied":1917665177,"trx":273518109},{"day":1559001600000,"total_energy":1962741793,"energy":7097704,"contract_supplied":1799423462,"trx":156220627},{"day":1559088000000,"total_energy":1945718225,"energy":10651776,"contract_supplied":1801973134,"trx":133093315},{"day":1559174400000,"total_energy":211597829"
12:58:57.831 [TestNG-tests-1] DEBUG org.apache.http.wire -  << "0,"energy":4337759,"contract_supplied":2047570733,"trx":64069798},{"day":1559260800000,"total_energy":1614084424,"energy":3617022,"contract_supplied":1535917436,"trx":74549966},{"day":1559347200000,"total_energy":1574665781,"energy":3749435,"contract_supplied":1539553399,"trx":31362947},{"day":1559433600000,"total_energy":1971065571,"energy":7612153,"contract_supplied":1808963498,"trx":154489920},{"day":1559520000000,"total_energy":1738357954,"energy":1394839,"contract_supplied":1702129775,"trx":34833340},{"day":1559606400000,"total_energy":1786510015,"energy":2013435,"contract_supplied":1696405969,"trx":88090611},{"day":1559692800000,"total_energy":1976569889,"energy":5722940,"contract_supplied":1816895955,"trx":153950994},{"day":1559779200000,"total_energy":1753231189,"energy":4613991,"contract_supplied":1655207018,"trx":93410180},{"day":1559865600000,"total_energy":1945918341,"energy":2093719,"contract_supplied":1901623619,"trx":42201003},{"day":1559952000000,"total_energy":2341316832,"energy":1527336,"contract_supplied":2223022215,"trx":116767281},{"day":1560038400000,"total_energy":1958995898,"energy":153573,"contract_supplied":1949722313,"trx":9120012},{"day":1560124800000,"total_energy":2020807194,"energy":2278557,"contract_supplied":1976814905,"trx":41713732},{"day":1560211200000,"total_energy":1638130854,"energy":4259293,"contract_supplied":1539551273,"trx":94320288},{"day":1560297600000,"total_energy":1665802267,"energy":1357569,"contract_supplied":1617442903,"trx":47001795},{"day":1560384000000,"total_energy":1638126958,"energy":2990589,"contract_supplied":1556618263,"trx":78518106},{"day":1560470400000,"total_energy":1824862871,"energy":2033412,"contract_supplied":1787414916,"trx":35414543},{"day":1560556800000,"total_energy":2219671792,"energy":6272644,"contract_supplied":2056671242,"trx":156727906},{"day":1560643200000,"total_energy":1934583019,"energy":751780,"contract_supplied":1908674825,"trx":25156414},{"day":1560729600000,"total_energy":1668904129,"energy":0,"contract_supplied":1667704129,"trx":1200000},{"day":1560816000000,"total_energy":2120337879,"energy":1344776,"contract_supplied":2096200005,"trx":22793098},{"day":1560902400000,"total_energy":2433688888,"energy":9053056,"contract_supplied":2301749297,"trx":122886535},{"day":1560988800000,"total_energy":2226031054,"energy":2621224,"contract_supplied":2206411473,"trx":16998357},{"day":1561075200000,"total_energy":2396716248,"energy":0,"contract_supplied":2394916248,"trx":1800000},{"day":1561161600000,"total_energy":2376618325,"energy":203513,"contract_supplied":2373618325,"trx":2796487},{"day":1561248000000,"total_energy":1975370285,"energy":0,"contract_supplied":1975370285,"trx":0},{"day":1561334400000,"total_energy":1865818886,"energy":0,"contract_supplied":1864018886,"trx":1800000},{"day":1561420800000,"total_energy":1719995929,"energy":0,"contract_supplied":1719995929,"trx":0},{"day":1561507200000,"total_energy":1868929994,"energy":600000,"contract_supplied":1867129994,"trx":1200000},{"day":1561593600000,"total_energy":1825271317,"energy":0,"contract_supplied":1824671317,"trx":600000},{"day":1561680000000,"total_energy":1799569282,"energy":0,"contract_supplied":1798969282,"trx":600000},{"day":1561766400000,"total_energy":1554529658,"energy":0,"contract_supplied":1554529658,"trx":0},{"day":1561852800000,"total_energy":1463101969,"energy":0,"contract_supplied":1463101969,"trx":0},{"day":1561939200000,"total_energy":1473644721,"energy":0,"contract_supplied":1473644721,"trx":0},{"day":1562025600000,"total_energy":1822324533,"energy":416,"contract_supplied":1819924533,"trx":2399584},{"day":1562112000000,"total_energy":1694634865,"energy":0,"contract_supplied":1694634865,"trx":0},{"day":1562198400000,"total_energy":1722474756,"energy":0,"contract_supplied":1722474756,"trx":0},{"day":1562284800000,"total_energy":1358328001,"energy":0,"contract_supplied":1358328001,"trx":0},{"day":1562371200000,"total_energy":1827899618,"energy":0,"contract_supplied":1826699618,"trx":1200000},{"day":1562457600000,"total_energy":1720771657,"energy":0,"contract_supplied":1719571657,"trx":1200000},{"day":1562544000000,"total_energy":1915621302,"energy":0,"contract_supplied":1913821302,"trx":1800000},{"day":1562630400000,"total_energy":1724273686,"energy":0,"contract_supplied":1723673686,"trx":600000},{"day":1562716800000,"total_energy":1577496518,"energy":0,"contract_supplied":1577496518,"trx":0},{"day":1562803200000,"total_energy":1598390529,"energy":91252,"contract_supplied":1597190529,"trx":1108748},{"day":1562889600000,"total_energy":1505103791,"energy":0,"contract_supplied":1504503791,"trx":600000},{"day":1562976000000,"total_energy":1725769448,"energy":0,"contract_supplied":1725769448,"trx":0},{"day":1563062400000,"total_energy":1699036547,"energy":7,"contract_supplied":1697836547,"trx":1199993},{"day":1563148800000,"total_energy":1535141986,"energy":0,"contract_supplied":1534541986,"trx":600000},{"day":1563235200000,"total_energy":1750308847,"energy":0,"contract_supplied":1750308847,"trx":0},{"day":1563321600000,"total_energy":1877597452,"energy":0,"contract_supplied":1876997452,"trx":600000},{"day":1563408000000,"total_energy":1903219264,"energy":0,"contract_supplied":1903219264,"trx":0},{"day":1563494400000,"total_energy":2405860203,"energy":0,"contract_supplied":2405860203,"trx":0},{"day":1563580800000,"total_energy":3462957914,"energy":0,"contract_supplied":3462357914"
12:58:57.831 [TestNG-tests-1] DEBUG org.apache.http.wire -  << ","trx":600000},{"day":1563667200000,"total_energy":495076185,"energy":5828,"contract_supplied":494446187,"trx":624170},{"day":1563753600000,"total_energy":42964,"energy":4155,"contract_supplied":9084,"trx":29725},{"day":1563840000000,"total_energy":20324,"energy":0,"contract_supplied":7300,"trx":13024},{"day":1563926400000,"total_energy":2016,"energy":0,"contract_supplied":672,"trx":1344},{"day":1564012800000,"total_energy":730,"energy":0,"contract_supplied":730,"trx":0},{"day":1564099200000,"total_energy":50370,"energy":0,"contract_supplied":21170,"trx":29200},{"day":1564185600000,"total_energy":3418,"energy":672,"contract_supplied":0,"trx":2746},{"day":1564358400000,"total_energy":15272,"energy":1,"contract_supplied":3592,"trx":11679},{"day":1564444800000,"total_energy":3476,"energy":672,"contract_supplied":672,"trx":2132},{"day":1564531200000,"total_energy":2132,"energy":0,"contract_supplied":672,"trx":1460},{"day":1564704000000,"total_energy":1344,"energy":0,"contract_supplied":1344,"trx":0},{"day":1564790400000,"total_energy":672,"energy":58,"contract_supplied":0,"trx":614},{"day":1564876800000,"total_energy":4032,"energy":0,"contract_supplied":2688,"trx":1344},{"day":1564963200000,"total_energy":2804,"energy":0,"contract_supplied":1402,"trx":1402},{"day":1565049600000,"total_energy":1460,"energy":0,"contract_supplied":0,"trx":1460},{"day":1565136000000,"total_energy":2688,"energy":0,"contract_supplied":1344,"trx":1344},{"day":1565222400000,"total_energy":672,"energy":0,"contract_supplied":0,"trx":672},{"day":1565308800000,"total_energy":1460,"energy":0,"contract_supplied":730,"trx":730},{"day":1565395200000,"total_energy":672,"energy":0,"contract_supplied":672,"trx":0},{"day":1565568000000,"total_energy":4704,"energy":0,"contract_supplied":4032,"trx":672},{"day":1565654400000,"total_energy":672,"energy":672,"contract_supplied":0,"trx":0},{"day":1565740800000,"total_energy":6570,"energy":0,"contract_supplied":5110,"trx":1460},{"day":1565827200000,"total_energy":672,"energy":4,"contract_supplied":0,"trx":668},{"day":1565913600000,"total_energy":1344,"energy":0,"contract_supplied":1344,"trx":0},{"day":1566086400000,"total_energy":17380,"energy":2485,"contract_supplied":9026,"trx":5869},{"day":1566172800000,"total_energy":2688,"energy":0,"contract_supplied":672,"trx":2016},{"day":1"
12:58:57.831 [TestNG-tests-1] DEBUG org.apache.http.wire -  << "[\r][\n]"
12:58:57.831 [TestNG-tests-1] DEBUG org.apache.http.wire -  << "25cb[\r][\n]"
12:58:57.831 [TestNG-tests-1] DEBUG org.apache.http.wire -  << "566259200000,"total_energy":1402,"energy":0,"contract_supplied":730,"trx":672},{"day":1566345600000,"total_energy":1344,"energy":23,"contract_supplied":672,"trx":649},{"day":1566432000000,"total_energy":1344,"energy":0,"contract_supplied":1344,"trx":0},{"day":1566518400000,"total_energy":1460,"energy":0,"contract_supplied":730,"trx":730},{"day":1566691200000,"total_energy":2688,"energy":0,"contract_supplied":2688,"trx":0},{"day":1566777600000,"total_energy":672,"energy":0,"contract_supplied":672,"trx":0},{"day":1566864000000,"total_energy":3360,"energy":0,"contract_supplied":2688,"trx":672},{"day":1566950400000,"total_energy":2074,"energy":0,"contract_supplied":1344,"trx":730},{"day":1567036800000,"total_energy":4704,"energy":0,"contract_supplied":4704,"trx":0},{"day":1567123200000,"total_energy":672,"energy":0,"contract_supplied":672,"trx":0},{"day":1567209600000,"total_energy":1344,"energy":0,"contract_supplied":1344,"trx":0},{"day":1567296000000,"total_energy":2074,"energy":0,"contract_supplied":1344,"trx":730},{"day":1567382400000,"total_energy":3360,"energy":0,"contract_supplied":2688,"trx":672},{"day":1567468800000,"total_energy":672,"energy":672,"contract_supplied":0,"trx":0},{"day":1567555200000,"total_energy":2688,"energy":0,"contract_supplied":2688,"trx":0},{"day":1567641600000,"total_energy":6836,"energy":0,"contract_supplied":6164,"trx":672},{"day":1567728000000,"total_energy":672,"energy":0,"contract_supplied":672,"trx":0},{"day":1567814400000,"total_energy":2688,"energy":0,"contract_supplied":2016,"trx":672},{"day":1567987200000,"total_energy":672,"energy":0,"contract_supplied":672,"trx":0},{"day":1568073600000,"total_energy":4032,"energy":0,"contract_supplied":4032,"trx":0},{"day":1568160000000,"total_energy":2746,"energy":0,"contract_supplied":2746,"trx":0},{"day":1568246400000,"total_energy":1402,"energy":0,"contract_supplied":1402,"trx":0},{"day":1568332800000,"total_energy":1460,"energy":0,"contract_supplied":1460,"trx":0},{"day":1568419200000,"total_energy":4704,"energy":0,"contract_supplied":4704,"trx":0},{"day":1568505600000,"total_energy":2688,"energy":0,"contract_supplied":2688,"trx":0},{"day":1568592000000,"total_energy":2688,"energy":0,"contract_supplied":2688,"trx":0},{"day":1568678400000,"total_energy":2016,"energy":0,"contract_supplied":2016,"trx":0},{"day":1568764800000,"total_energy":2016,"energy":0,"contract_supplied":2016,"trx":0},{"day":1568851200000,"total_energy":7392,"energy":0,"contract_supplied":7392,"trx":0},{"day":1568937600000,"total_energy":5608,"energy":0,"contract_supplied":5608,"trx":0},{"day":1569024000000,"total_energy":2190,"energy":0,"contract_supplied":2190,"trx":0},{"day":1569283200000,"total_energy":2688,"energy":672,"contract_supplied":2016,"trx":0},{"day":1569456000000,"total_energy":672,"energy":0,"contract_supplied":672,"trx":0},{"day":1569542400000,"total_energy":2016,"energy":52,"contract_supplied":1344,"trx":620},{"day":1569715200000,"total_energy":4148,"energy":672,"contract_supplied":2132,"trx":1344},{"day":1569801600000,"total_energy":2016,"energy":672,"contract_supplied":1344,"trx":0},{"day":1569888000000,"total_energy":672,"energy":0,"contract_supplied":672,"trx":0},{"day":1569974400000,"total_energy":3476,"energy":0,"contract_supplied":1344,"trx":2132},{"day":1570147200000,"total_energy":2808567,"energy":943,"contract_supplied":2081406,"trx":726218},{"day":1570233600000,"total_energy":148804,"energy":84,"contract_supplied":123254,"trx":25466},{"day":1570320000000,"total_energy":2746,"energy":0,"contract_supplied":2746,"trx":0},{"day":1570406400000,"total_energy":20440,"energy":0,"contract_supplied":20440,"trx":0},{"day":1570492800000,"total_energy":672,"energy":0,"contract_supplied":672,"trx":0},{"day":1570579200000,"total_energy":1402,"energy":0,"contract_supplied":1402,"trx":0},{"day":1570665600000,"total_energy":2746,"energy":761,"contract_supplied":1344,"trx":641},{"day":1570752000000,"total_energy":1344,"energy":0,"contract_supplied":1344,"trx":0},{"day":1570838400000,"total_energy":672,"energy":0,"contract_supplied":353,"trx":319},{"day":1570924800000,"total_energy":2016,"energy":0,"contract_supplied":2016,"trx":0},{"day":1571011200000,"total_energy":9316,"energy":0,"contract_supplied":9316,"trx":0},{"day":1571270400000,"total_energy":2688,"energy":0,"contract_supplied":2688,"trx":0},{"day":1571356800000,"total_energy":1344,"energy":0,"contract_supplied":1344,"trx":0},{"day":1571443200000,"total_ener"
12:58:57.831 [TestNG-tests-1] DEBUG org.apache.http.wire -  << "gy":3360,"energy":0,"contract_supplied":3360,"trx":0},{"day":1571616000000,"total_energy":672,"energy":0,"contract_supplied":672,"trx":0},{"day":1571702400000,"total_energy":3360,"energy":0,"contract_supplied":3360,"trx":0},{"day":1571788800000,"total_energy":672,"energy":0,"contract_supplied":0,"trx":672},{"day":1571875200000,"total_energy":8412,"energy":0,"contract_supplied":3534,"trx":4878},{"day":1571961600000,"total_energy":672,"energy":0,"contract_supplied":672,"trx":0},{"day":1572134400000,"total_energy":672,"energy":0,"contract_supplied":0,"trx":672},{"day":1572220800000,"total_energy":1344,"energy":0,"contract_supplied":672,"trx":672},{"day":1572307200000,"total_energy":2016,"energy":0,"contract_supplied":1344,"trx":672},{"day":1572393600000,"total_energy":2016,"energy":0,"contract_supplied":2016,"trx":0},{"day":1572480000000,"total_energy":6570,"energy":0,"contract_supplied":6570,"trx":0},{"day":1572652800000,"total_energy":672,"energy":0,"contract_supplied":672,"trx":0},{"day":1572739200000,"total_energy":2016,"energy":0,"contract_supplied":2016,"trx":0},{"day":1572825600000,"total_energy":291,"energy":0,"contract_supplied":291,"trx":0},{"day":1572998400000,"total_energy":2016,"energy":0,"contract_supplied":2016,"trx":0},{"day":1573171200000,"total_energy":1460,"energy":0,"contract_supplied":1460,"trx":0},{"day":1573257600000,"total_energy":672,"energy":0,"contract_supplied":672,"trx":0},{"day":1573430400000,"total_energy":4032,"energy":0,"contract_supplied":4032,"trx":0},{"day":1573603200000,"total_energy":14078,"energy":0,"contract_supplied":14078,"trx":0},{"day":1573689600000,"total_energy":672,"energy":0,"contract_supplied":672,"trx":0},{"day":1573776000000,"total_energy":672,"energy":0,"contract_supplied":672,"trx":0},{"day":1573862400000,"total_energy":3360,"energy":0,"contract_supplied":3360,"trx":0},{"day":1573948800000,"total_energy":3592,"energy":0,"contract_supplied":3592,"trx":0},{"day":1574035200000,"total_energy":1460,"energy":0,"contract_supplied":1460,"trx":0},{"day":1574121600000,"total_energy":730,"energy":0,"contract_supplied":730,"trx":0},{"day":1574208000000,"total_energy":2016,"energy":0,"contract_supplied":2016,"trx":0},{"day":1574467200000,"total_energy":2862,"energy":0,"contract_supplied":2862,"trx":0},{"day":1574553600000,"total_energy":2190,"energy":0,"contract_supplied":2190,"trx":0},{"day":1574640000000,"total_energy":4090,"energy":0,"contract_supplied":4090,"trx":0},{"day":1574812800000,"total_energy":7300,"energy":0,"contract_supplied":7300,"trx":0},{"day":1574899200000,"total_energy":7242,"energy":0,"contract_supplied":7242,"trx":0},{"day":1574985600000,"total_energy":12676,"energy":0,"contract_supplied":12676,"trx":0},{"da"
12:58:58.138 [TestNG-tests-1] DEBUG org.apache.http.wire -  << "y":1575072000000,"total_energy":2920,"energy":0,"contract_supplied":2920,"trx":0},{"day":1575158400000,"total_energy":66566,"energy":0,"contract_supplied":66566,"trx":0},{"day":1575244800000,"total_energy":32072,"energy":0,"contract_supplied":32072,"trx":0},{"day":1575417600000,"total_energy":14924,"energy":0,"contract_supplied":14924,"trx":0},{"day":1575763200000,"total_energy":6570,"energy":0,"contract_supplied":6570,"trx":0},{"day":1576886400000,"total_energy":1460,"energy":0,"contract_supplied":1460,"trx":0},{"day":1576972800000,"total_energy":3650,"energy":0,"contract_supplied":3650,"trx":0},{"day":1577145600000,"total_energy":7300,"energy":0,"contract_supplied":7300,"trx":0},{"day":1577318400000,"total_energy":103990,"energy":0,"contract_supplied":103990,"trx":0},{"day":1577664000000,"total_energy":373,"energy":0,"contract_supplied":373,"trx":0},{"day":1578009600000,"total_energy":5110,"energy":0,"contract_supplied":5110,"trx":0},{"day":1578096000000,"total_energy":8644,"energy":0,"contract_supplied":8644,"trx":0},{"day":1578528000000,"total_energy":8644,"energy":0,"contract_supplied":8644,"trx":0},{"day":1578614400000,"total_energy":124228,"energy":0,"contract_supplied":124228,"trx":0},{"day":1578787200000,"total_energy":8180,"energy":0,"contract_supplied":8180,"trx":0},{"day":1578960000000,"total_energy":2920,"energy":0,"contra"
12:58:58.138 [TestNG-tests-1] DEBUG org.apache.http.wire -  << "ct_supplied":2920,"trx":0},{"day":1579132800000,"total_energy":1090,"energy":0,"contract_supplied":1090,"trx":0},{"day":1579305600000,"total_energy":2481,"energy":0,"contract_supplied":2481,"trx":0},{"day":1579564800000,"total_energy":9988,"energy":0,"contract_supplied":9988,"trx":0},{"day":1579651200000,"total_energy":2190,"energy":0,"contract_supplied":2190,"trx":0},{"day":1580601600000,"total_energy":2016,"energy":0,"contract_supplied":2016,"trx":0},{"day":1580774400000,"total_energy":3650,"energy":0,"contract_supplied":3650,"trx":0},{"day":1581033600000,"total_energy":5840,"energy":0,"contract_supplied":5840,"trx":0},{"day":1581811200000,"total_energy":18724,"energy":0,"contract_supplied":18724,"trx":0},{"day":1581897600000,"total_energy":36312,"energy":0,"contract_supplied":36312,"trx":0},{"day":1583107200000,"total_energy":5840,"energy":0,"contract_supplied":5840,"trx":0},{"day":1583193600000,"total_energy":3650,"energy":0,"contract_supplied":3650,"trx":0},{"day":1585008000000,"total_energy":1460,"energy":0,"contract_supplied":1460,"trx":0},{"day":1585180800000,"total_energy":4380,"energy":0,"contract_supplied":4380,"trx":0}]}[\n]"
12:58:58.138 [TestNG-tests-1] DEBUG org.apache.http.wire -  << "[\r][\n]"
12:58:58.138 [TestNG-tests-1] DEBUG org.apache.http.wire -  << "0[\r][\n]"
12:58:58.138 [TestNG-tests-1] DEBUG org.apache.http.wire -  << "[\r][\n]"
12:58:58.138 [TestNG-tests-1] DEBUG org.apache.http.impl.conn.DefaultClientConnection - Connection 0.0.0.0:61402<->18.216.178.128:80 closed
12:58:58.138 [TestNG-tests-1] DEBUG org.apache.http.impl.conn.PoolingClientConnectionManager - Connection released: [id: 75][route: {}->http://apilist.tronscan.org:80][total kept alive: 0; route allocated: 0 of 80; total allocated: 0 of 100]
12:58:58.138 [TestNG-tests-1] INFO tron.common.TronscanApiList - ----------------------------Print JSON Start---------------------------
12:58:58.138 [TestNG-tests-1] INFO tron.common.TronscanApiList - total:409
12:58:58.139 [TestNG-tests-1] INFO tron.common.TronscanApiList - data:[{"total_energy":799838591,"contract_supplied":795862745,"trx":100000,"day":1540252800000,"energy":3875846},{"total_energy":3167666989,"contract_supplied":3068390988,"trx":99155356,"day":1540339200000,"energy":120645},{"total_energy":2898502136,"contract_supplied":2898502136,"trx":0,"day":1540425600000,"energy":0},{"total_energy":2817964442,"contract_supplied":2817964442,"trx":0,"day":1540512000000,"energy":0},{"total_energy":6714471249,"contract_supplied":6714471249,"trx":0,"day":1540598400000,"energy":0},{"total_energy":11330099902,"contract_supplied":11330099902,"trx":0,"day":1540684800000,"energy":0},{"total_energy":7750606265,"contract_supplied":7750577239,"trx":27998,"day":1540771200000,"energy":1028},{"total_energy":6235336845,"contract_supplied":6235336845,"trx":0,"day":1540857600000,"energy":0},{"total_energy":8550380313,"contract_supplied":8550380313,"trx":0,"day":1540944000000,"energy":0},{"total_energy":5265877277,"contract_supplied":5265877277,"trx":0,"day":1541030400000,"energy":0},{"total_energy":3442597386,"contract_supplied":3442597386,"trx":0,"day":1541116800000,"energy":0},{"total_energy":9821249466,"contract_supplied":9821249466,"trx":0,"day":1541203200000,"energy":0},{"total_energy":7065521218,"contract_supplied":7065521218,"trx":0,"day":1541289600000,"energy":0},{"total_energy":7168662361,"contract_supplied":7168662351,"trx":10,"day":1541376000000,"energy":0},{"total_energy":6772613951,"contract_supplied":6772613951,"trx":0,"day":1541462400000,"energy":0},{"total_energy":8219942656,"contract_supplied":8114687938,"trx":104826303,"day":1541548800000,"energy":428415},{"total_energy":7958491473,"contract_supplied":7838457593,"trx":119905296,"day":1541635200000,"energy":128584},{"total_energy":8324836042,"contract_supplied":7971100287,"trx":353393492,"day":1541721600000,"energy":342263},{"total_energy":7811816682,"contract_supplied":7798865286,"trx":12919293,"day":1541808000000,"energy":32103},{"total_energy":8884925476,"contract_supplied":8630569316,"trx":253826987,"day":1541894400000,"energy":529173},{"total_energy":8806459505,"contract_supplied":8799003510,"trx":7420638,"day":1541980800000,"energy":35357},{"total_energy":9008759057,"contract_supplied":9007836649,"trx":916495,"day":1542067200000,"energy":5913},{"total_energy":8447362765,"contract_supplied":8446535358,"trx":821496,"day":1542153600000,"energy":5911},{"total_energy":8194722653,"contract_supplied":8180709159,"trx":13942147,"day":1542240000000,"energy":71347},{"total_energy":10107812885,"contract_supplied":9549314721,"trx":556341331,"day":1542326400000,"energy":2156833},{"total_energy":8620045616,"contract_supplied":8589340001,"trx":30559907,"day":1542412800000,"energy":145708},{"total_energy":8964920231,"contract_supplied":8928137367,"trx":36689138,"day":1542499200000,"energy":93726},{"total_energy":9153405226,"contract_supplied":8842494226,"trx":309983017,"day":1542585600000,"energy":927983},{"total_energy":9377191886,"contract_supplied":8669070803,"trx":707769585,"day":1542672000000,"energy":351498},{"total_energy":7367373205,"contract_supplied":6538041251,"trx":828534898,"day":1542758400000,"energy":797056},{"total_energy":7817951107,"contract_supplied":6433164723,"trx":1382816871,"day":1542844800000,"energy":1969513},{"total_energy":9239163219,"contract_supplied":8398652425,"trx":838534646,"day":1542931200000,"energy":1976148},{"total_energy":8230418903,"contract_supplied":7946452633,"trx":281922203,"day":1543017600000,"energy":2044067},{"total_energy":8366329733,"contract_supplied":7956710140,"trx":408326064,"day":1543104000000,"energy":1293529},{"total_energy":8999610427,"contract_supplied":7935564617,"trx":1062205059,"day":1543190400000,"energy":1840751},{"total_energy":9770657364,"contract_supplied":8221317352,"trx":1547270810,"day":1543276800000,"energy":2069202},{"total_energy":9877116946,"contract_supplied":7964030579,"trx":1909236058,"day":1543363200000,"energy":3850309},{"total_energy":9991277206,"contract_supplied":8238623170,"trx":1749677424,"day":1543449600000,"energy":2976612},{"total_energy":9967513012,"contract_supplied":7341339998,"trx":2622741935,"day":1543536000000,"energy":3431079},{"total_energy":9808616077,"contract_supplied":7414968629,"trx":2389883326,"day":1543622400000,"energy":3764122},{"total_energy":10001869473,"contract_supplied":7146318246,"trx":2851340415,"day":1543708800000,"energy":4210812},{"total_energy":8989363296,"contract_supplied":6000632032,"trx":2985169534,"day":1543795200000,"energy":3561730},{"total_energy":9008579736,"contract_supplied":6259915553,"trx":2746024886,"day":1543881600000,"energy":2639297},{"total_energy":10432416493,"contract_supplied":6257301692,"trx":4170155394,"day":1543968000000,"energy":4959407},{"total_energy":11540663295,"contract_supplied":6411753557,"trx":5123640266,"day":1544054400000,"energy":5269472},{"total_energy":11573948363,"contract_supplied":8308253074,"trx":3250180951,"day":1544140800000,"energy":15514338},{"total_energy":12273773385,"contract_supplied":7386659747,"trx":4854295540,"day":1544227200000,"energy":32818098},{"total_energy":12368295276,"contract_supplied":7404741292,"trx":4928468865,"day":1544313600000,"energy":35085119},{"total_energy":13875381523,"contract_supplied":7644652998,"trx":6167246797,"day":1544400000000,"energy":63481728},{"total_energy":13839855628,"contract_supplied":7125426061,"trx":6669989309,"day":1544486400000,"energy":44440258},{"total_energy":13694079086,"contract_supplied":7221312072,"trx":6415749814,"day":1544572800000,"energy":57017200},{"total_energy":14236083803,"contract_supplied":7198178036,"trx":6985843425,"day":1544659200000,"energy":52062342},{"total_energy":15118907303,"contract_supplied":7036661698,"trx":8012297119,"day":1544745600000,"energy":69948486},{"total_energy":16724578650,"contract_supplied":6939009179,"trx":9726767609,"day":1544832000000,"energy":58801862},{"total_energy":17442852749,"contract_supplied":6882139581,"trx":10485458255,"day":1544918400000,"energy":75254913},{"total_energy":15864567058,"contract_supplied":6257250040,"trx":9541967350,"day":1545004800000,"energy":65349668},{"total_energy":14345480392,"contract_supplied":6519772199,"trx":7784335590,"day":1545091200000,"energy":41372603},{"total_energy":6819243411,"contract_supplied":3784011468,"trx":3011992898,"day":1545177600000,"energy":23239045},{"total_energy":13321276685,"contract_supplied":7127979490,"trx":6146246013,"day":1545264000000,"energy":47051182},{"total_energy":15548224045,"contract_supplied":6636382281,"trx":8877393380,"day":1545350400000,"energy":34448384},{"total_energy":8964608783,"contract_supplied":6488685840,"trx":2447061908,"day":1545436800000,"energy":28861035},{"total_energy":10436826156,"contract_supplied":6554294770,"trx":3864900791,"day":1545523200000,"energy":17630595},{"total_energy":8917607978,"contract_supplied":5636676837,"trx":3262035170,"day":1545609600000,"energy":18895971},{"total_energy":7254674781,"contract_supplied":5821362022,"trx":1421386805,"day":1545696000000,"energy":11925954},{"total_energy":8138505358,"contract_supplied":5887417816,"trx":2223373245,"day":1545782400000,"energy":27714297},{"total_energy":8149184428,"contract_supplied":5787621857,"trx":2341884051,"day":1545868800000,"energy":19678520},{"total_energy":8807326489,"contract_supplied":5754668382,"trx":3035678132,"day":1545955200000,"energy":16979975},{"total_energy":9320251342,"contract_supplied":5375731134,"trx":3933174481,"day":1546041600000,"energy":11345727},{"total_energy":8715983059,"contract_supplied":7318321538,"trx":1391698679,"day":1546128000000,"energy":5962842},{"total_energy":8363771323,"contract_supplied":8359971323,"trx":3800000,"day":1546214400000,"energy":0},{"total_energy":7733797384,"contract_supplied":7729197384,"trx":4599982,"day":1546300800000,"energy":18},{"total_energy":6872759099,"contract_supplied":6872159099,"trx":494957,"day":1546387200000,"energy":105043},{"total_energy":5625022851,"contract_supplied":5622622851,"trx":2209465,"day":1546473600000,"energy":190535},{"total_energy":6477204235,"contract_supplied":6475404235,"trx":1743402,"day":1546560000000,"energy":56598},{"total_energy":6904427495,"contract_supplied":6900427495,"trx":3965818,"day":1546646400000,"energy":34182},{"total_energy":7151464587,"contract_supplied":7148664587,"trx":2800000,"day":1546732800000,"energy":0},{"total_energy":5739328449,"contract_supplied":5735128449,"trx":4200000,"day":1546819200000,"energy":0},{"total_energy":6533464013,"contract_supplied":6529864013,"trx":3600000,"day":1546905600000,"energy":0},{"total_energy":5547574320,"contract_supplied":5541574320,"trx":5970633,"day":1546992000000,"energy":29367},{"total_energy":6889576847,"contract_supplied":5941269636,"trx":932171428,"day":1547078400000,"energy":16135783},{"total_energy":8508030550,"contract_supplied":6300343795,"trx":2183028873,"day":1547164800000,"energy":24657882},{"total_energy":10127946098,"contract_supplied":6334656484,"trx":3729584628,"day":1547251200000,"energy":63704986},{"total_energy":10966768519,"contract_supplied":6445020106,"trx":4438464024,"day":1547337600000,"energy":83284389},{"total_energy":12466293760,"contract_supplied":6725291767,"trx":5648171840,"day":1547424000000,"energy":92830153},{"total_energy":12575981618,"contract_supplied":6956830150,"trx":5513284867,"day":1547510400000,"energy":105866601},{"total_energy":14550886591,"contract_supplied":6666345894,"trx":7803084259,"day":1547596800000,"energy":81456438},{"total_energy":13653956914,"contract_supplied":6803001627,"trx":6807730279,"day":1547683200000,"energy":43225008},{"total_energy":13606983838,"contract_supplied":6847638592,"trx":6704394500,"day":1547769600000,"energy":54950746},{"total_energy":11672365718,"contract_supplied":6561200705,"trx":5067015258,"day":1547856000000,"energy":44149755},{"total_energy":10210848816,"contract_supplied":6044921182,"trx":4126225718,"day":1547942400000,"energy":39701916},{"total_energy":8808603999,"contract_supplied":6438694687,"trx":2345394065,"day":1548028800000,"energy":24515247},{"total_energy":8490274042,"contract_supplied":6309327846,"trx":2158911511,"day":1548115200000,"energy":22034685},{"total_energy":7928858421,"contract_supplied":6179992147,"trx":1733396033,"day":1548201600000,"energy":15470241},{"total_energy":5696869998,"contract_supplied":5032291847,"trx":657566866,"day":1548288000000,"energy":7011285},{"total_energy":4658492234,"contract_supplied":4468924453,"trx":186205412,"day":1548374400000,"energy":3362369},{"total_energy":4473215027,"contract_supplied":4446697022,"trx":25631777,"day":1548460800000,"energy":886228},{"total_energy":4421887965,"contract_supplied":4403797017,"trx":17194807,"day":1548547200000,"energy":896141},{"total_energy":4354193148,"contract_supplied":4298097030,"trx":54533769,"day":1548633600000,"energy":1562349},{"total_energy":4346821346,"contract_supplied":4277687021,"trx":65133343,"day":1548720000000,"energy":4000982},{"total_energy":3900765180,"contract_supplied":3869308889,"trx":30662153,"day":1548806400000,"energy":794138},{"total_energy":3698632507,"contract_supplied":3666327782,"trx":30516560,"day":1548892800000,"energy":1788165},{"total_energy":3347603437,"contract_supplied":3344752610,"trx":2798626,"day":1548979200000,"energy":52201},{"total_energy":3659024909,"contract_supplied":3505930018,"trx":145387103,"day":1549065600000,"energy":7707788},{"total_energy":3710280194,"contract_supplied":3608844330,"trx":97917033,"day":1549152000000,"energy":3518831},{"total_energy":3597813517,"contract_supplied":3594813517,"trx":2986890,"day":1549238400000,"energy":13110},{"total_energy":3622264766,"contract_supplied":3620464766,"trx":1800000,"day":1549324800000,"energy":0},{"total_energy":3362072996,"contract_supplied":3360272996,"trx":1800000,"day":1549411200000,"energy":0},{"total_energy":3021811179,"contract_supplied":3021211179,"trx":600000,"day":1549497600000,"energy":0},{"total_energy":3229038811,"contract_supplied":3226638811,"trx":2400000,"day":1549584000000,"energy":0},{"total_energy":3120192647,"contract_supplied":3118992647,"trx":1200000,"day":1549670400000,"energy":0},{"total_energy":2906359568,"contract_supplied":2905159568,"trx":1199387,"day":1549756800000,"energy":613},{"total_energy":2752217940,"contract_supplied":2749817940,"trx":2223564,"day":1549843200000,"energy":176436},{"total_energy":3235881508,"contract_supplied":3230481508,"trx":4800000,"day":1549929600000,"energy":600000},{"total_energy":3244003793,"contract_supplied":3242203793,"trx":1793300,"day":1550016000000,"energy":6700},{"total_energy":3360672964,"contract_supplied":3359472964,"trx":1200000,"day":1550102400000,"energy":0},{"total_energy":3470426118,"contract_supplied":3463712073,"trx":6564537,"day":1550188800000,"energy":149508},{"total_energy":4084513779,"contract_supplied":3964657993,"trx":114235185,"day":1550275200000,"energy":5620601},{"total_energy":3531877589,"contract_supplied":3410136251,"trx":116151824,"day":1550361600000,"energy":5589514},{"total_energy":3311527282,"contract_supplied":3280751792,"trx":30101484,"day":1550448000000,"energy":674006},{"total_energy":3328720496,"contract_supplied":3326320496,"trx":1800000,"day":1550534400000,"energy":600000},{"total_energy":3433035719,"contract_supplied":3431235719,"trx":1800000,"day":1550620800000,"energy":0},{"total_energy":3870201491,"contract_supplied":3799086095,"trx":68593446,"day":1550707200000,"energy":2521950},{"total_energy":3098233654,"contract_supplied":3066027238,"trx":29677533,"day":1550793600000,"energy":2528883},{"total_energy":3106235362,"contract_supplied":3105035362,"trx":1194176,"day":1550880000000,"energy":5824},{"total_energy":3480708476,"contract_supplied":3479508476,"trx":1197300,"day":1550966400000,"energy":2700},{"total_energy":3049400637,"contract_supplied":3047600637,"trx":1800000,"day":1551052800000,"energy":0},{"total_energy":4127721236,"contract_supplied":4074459595,"trx":51771976,"day":1551139200000,"energy":1489665},{"total_energy":3973848004,"contract_supplied":3817400992,"trx":151434237,"day":1551225600000,"energy":5012775},{"total_energy":4263933847,"contract_supplied":4036518601,"trx":221701000,"day":1551312000000,"energy":5714246},{"total_energy":4700471848,"contract_supplied":4079077141,"trx":605008852,"day":1551398400000,"energy":16385855},{"total_energy":5273327218,"contract_supplied":4332996685,"trx":919932522,"day":1551484800000,"energy":20398011},{"total_energy":5095641814,"contract_supplied":4381627418,"trx":688973803,"day":1551571200000,"energy":25040593},{"total_energy":6936346596,"contract_supplied":4855621877,"trx":2026724545,"day":1551657600000,"energy":54000174},{"total_energy":9980116331,"contract_supplied":5218764059,"trx":4612656661,"day":1551744000000,"energy":148695611},{"total_energy":11986963230,"contract_supplied":5512881724,"trx":6061876015,"day":1551830400000,"energy":412205491},{"total_energy":12169838624,"contract_supplied":5524091538,"trx":6425425119,"day":1551916800000,"energy":220321967},{"total_energy":10999662820,"contract_supplied":5238008566,"trx":5538958149,"day":1552003200000,"energy":222696105},{"total_energy":8630186847,"contract_supplied":4953528542,"trx":3618099165,"day":1552089600000,"energy":58559140},{"total_energy":6674349525,"contract_supplied":4194732270,"trx":2431456864,"day":1552176000000,"energy":48160391},{"total_energy":6024046513,"contract_supplied":4208634257,"trx":1764318083,"day":1552262400000,"energy":51094173},{"total_energy":5709790393,"contract_supplied":3867516078,"trx":1800372349,"day":1552348800000,"energy":41901966},{"total_energy":5393587952,"contract_supplied":3801238552,"trx":1545476241,"day":1552435200000,"energy":46873159},{"total_energy":4248960888,"contract_supplied":3485383744,"trx":750892606,"day":1552521600000,"energy":12684538},{"total_energy":3752041148,"contract_supplied":3251209255,"trx":490123355,"day":1552608000000,"energy":10708538},{"total_energy":3863427778,"contract_supplied":3171545607,"trx":678698455,"day":1552694400000,"energy":13183716},{"total_energy":4067496330,"contract_supplied":3251846930,"trx":798005342,"day":1552780800000,"energy":17644058},{"total_energy":7158381807,"contract_supplied":4069521465,"trx":3015553400,"day":1552867200000,"energy":73306942},{"total_energy":6284520543,"contract_supplied":3825700616,"trx":2414365084,"day":1552953600000,"energy":44454843},{"total_energy":5478880069,"contract_supplied":3609406309,"trx":1833176013,"day":1553040000000,"energy":36297747},{"total_energy":4857476437,"contract_supplied":3510316139,"trx":1313599891,"day":1553126400000,"energy":33560407},{"total_energy":4899949305,"contract_supplied":3551509720,"trx":1318750396,"day":1553212800000,"energy":29689189},{"total_energy":4829949045,"contract_supplied":3542991180,"trx":1253805741,"day":1553299200000,"energy":33152124},{"total_energy":4043363851,"contract_supplied":2668539127,"trx":1350830266,"day":1553385600000,"energy":23994458},{"total_energy":4071359491,"contract_supplied":2920189994,"trx":1130362671,"day":1553472000000,"energy":20806826},{"total_energy":3807042663,"contract_supplied":2877115919,"trx":910554540,"day":1553558400000,"energy":19372204},{"total_energy":3358991329,"contract_supplied":2526985509,"trx":813324163,"day":1553644800000,"energy":18681657},{"total_energy":3610771819,"contract_supplied":2615921992,"trx":974482234,"day":1553731200000,"energy":20367593},{"total_energy":4018751353,"contract_supplied":2873225423,"trx":1119701064,"day":1553817600000,"energy":25824866},{"total_energy":4039567790,"contract_supplied":2997493201,"trx":1004409540,"day":1553904000000,"energy":37665049},{"total_energy":3635045793,"contract_supplied":2838062697,"trx":767461570,"day":1553990400000,"energy":29521526},{"total_energy":3656895616,"contract_supplied":2966720421,"trx":667454213,"day":1554076800000,"energy":22720982},{"total_energy":3132310705,"contract_supplied":2585871359,"trx":533153376,"day":1554163200000,"energy":13285970},{"total_energy":3159278777,"contract_supplied":2478009312,"trx":661562045,"day":1554249600000,"energy":19707420},{"total_energy":3502203401,"contract_supplied":2686376376,"trx":792136071,"day":1554336000000,"energy":23690954},{"total_energy":3260450468,"contract_supplied":2562534654,"trx":675081817,"day":1554422400000,"energy":22833997},{"total_energy":3155671723,"contract_supplied":2510264533,"trx":622880560,"day":1554508800000,"energy":22526630},{"total_energy":2866665561,"contract_supplied":2424581735,"trx":421476098,"day":1554595200000,"energy":20607728},{"total_energy":3124600701,"contract_supplied":2451900722,"trx":650152246,"day":1554681600000,"energy":22547733},{"total_energy":2754012012,"contract_supplied":2286040027,"trx":446399308,"day":1554768000000,"energy":21572677},{"total_energy":2765766242,"contract_supplied":2333584367,"trx":405298254,"day":1554854400000,"energy":26883621},{"total_energy":3069532902,"contract_supplied":2271306182,"trx":769746141,"day":1554940800000,"energy":28480579},{"total_energy":3127154471,"contract_supplied":2498027040,"trx":610400819,"day":1555027200000,"energy":18726612},{"total_energy":2664816951,"contract_supplied":2336654630,"trx":307545240,"day":1555113600000,"energy":20617081},{"total_energy":2703981239,"contract_supplied":2349268783,"trx":344548673,"day":1555200000000,"energy":10163783},{"total_energy":2661769548,"contract_supplied":2248929146,"trx":396141232,"day":1555286400000,"energy":16699170},{"total_energy":2397792514,"contract_supplied":2174027102,"trx":214120808,"day":1555372800000,"energy":9644604},{"total_energy":2145066734,"contract_supplied":2080772075,"trx":60309840,"day":1555459200000,"energy":3984819},{"total_energy":2198593672,"contract_supplied":2083285103,"trx":110601448,"day":1555545600000,"energy":4707121},{"total_energy":2408130445,"contract_supplied":2120108227,"trx":274824262,"day":1555632000000,"energy":13197956},{"total_energy":2326793120,"contract_supplied":2114343136,"trx":195641666,"day":1555718400000,"energy":16808318},{"total_energy":2346736411,"contract_supplied":2280999189,"trx":61267347,"day":1555804800000,"energy":4469875},{"total_energy":2872602977,"contract_supplied":2660250127,"trx":202689594,"day":1555891200000,"energy":9663256},{"total_energy":2910560647,"contract_supplied":2420004304,"trx":475142571,"day":1555977600000,"energy":15413772},{"total_energy":3030910232,"contract_supplied":2451603477,"trx":559144928,"day":1556064000000,"energy":20161827},{"total_energy":2862360710,"contract_supplied":2035183304,"trx":797109688,"day":1556150400000,"energy":30067718},{"total_energy":2560445158,"contract_supplied":2223673723,"trx":322383068,"day":1556236800000,"energy":14388367},{"total_energy":2786374092,"contract_supplied":2299362303,"trx":459739521,"day":1556323200000,"energy":27272268},{"total_energy":2644612303,"contract_supplied":2192968139,"trx":427028056,"day":1556409600000,"energy":24616108},{"total_energy":2735229418,"contract_supplied":2371438083,"trx":344193474,"day":1556496000000,"energy":19597861},{"total_energy":2728152793,"contract_supplied":2392347553,"trx":315291277,"day":1556582400000,"energy":20513963},{"total_energy":2779572536,"contract_supplied":2393037353,"trx":371537576,"day":1556668800000,"energy":14997607},{"total_energy":2544187284,"contract_supplied":2250119608,"trx":277052974,"day":1556755200000,"energy":17014702},{"total_energy":2644503315,"contract_supplied":2324143373,"trx":302060088,"day":1556841600000,"energy":18299854},{"total_energy":2533554631,"contract_supplied":2254174236,"trx":256717767,"day":1556928000000,"energy":22662628},{"total_energy":2523563223,"contract_supplied":2242621981,"trx":261737610,"day":1557014400000,"energy":19203632},{"total_energy":2432586294,"contract_supplied":2245188785,"trx":176787513,"day":1557100800000,"energy":10609996},{"total_energy":2371767962,"contract_supplied":2162678927,"trx":196512414,"day":1557187200000,"energy":12576621},{"total_energy":2225955920,"contract_supplied":2089032619,"trx":123244346,"day":1557273600000,"energy":13678955},{"total_energy":2233962304,"contract_supplied":2122737116,"trx":102213745,"day":1557360000000,"energy":9011443},{"total_energy":2191277832,"contract_supplied":2131056399,"trx":55646701,"day":1557446400000,"energy":4574732},{"total_energy":2120909416,"contract_supplied":1972933391,"trx":139428133,"day":1557532800000,"energy":8547892},{"total_energy":2212554183,"contract_supplied":1948888144,"trx":234187567,"day":1557619200000,"energy":29478472},{"total_energy":1735207908,"contract_supplied":1695733975,"trx":35469117,"day":1557705600000,"energy":4004816},{"total_energy":1756877067,"contract_supplied":1737685669,"trx":17732259,"day":1557792000000,"energy":1459139},{"total_energy":1904192956,"contract_supplied":1902992956,"trx":1200000,"day":1557878400000,"energy":0},{"total_energy":2318017759,"contract_supplied":2186941433,"trx":115745361,"day":1557964800000,"energy":15330965},{"total_energy":2006969609,"contract_supplied":1817360587,"trx":164772989,"day":1558051200000,"energy":24836033},{"total_energy":2169796664,"contract_supplied":2012035135,"trx":145615885,"day":1558137600000,"energy":12145644},{"total_energy":2230311284,"contract_supplied":2046554140,"trx":170239404,"day":1558224000000,"energy":13517740},{"total_energy":2113642947,"contract_supplied":2056946187,"trx":53421337,"day":1558310400000,"energy":3275423},{"total_energy":2135957229,"contract_supplied":2082997565,"trx":50629748,"day":1558396800000,"energy":2329916},{"total_energy":2288275603,"contract_supplied":2202997898,"trx":81037597,"day":1558483200000,"energy":4240108},{"total_energy":2005479515,"contract_supplied":1988799418,"trx":15141817,"day":1558569600000,"energy":1538280},{"total_energy":1657306412,"contract_supplied":1631368274,"trx":22856748,"day":1558656000000,"energy":3081390},{"total_energy":1796473037,"contract_supplied":1711816804,"trx":78481886,"day":1558742400000,"energy":6174347},{"total_energy":1846697229,"contract_supplied":1615050742,"trx":210677646,"day":1558828800000,"energy":20968841},{"total_energy":2205299971,"contract_supplied":1917665177,"trx":273518109,"day":1558915200000,"energy":14116685},{"total_energy":1962741793,"contract_supplied":1799423462,"trx":156220627,"day":1559001600000,"energy":7097704},{"total_energy":1945718225,"contract_supplied":1801973134,"trx":133093315,"day":1559088000000,"energy":10651776},{"total_energy":2115978290,"contract_supplied":2047570733,"trx":64069798,"day":1559174400000,"energy":4337759},{"total_energy":1614084424,"contract_supplied":1535917436,"trx":74549966,"day":1559260800000,"energy":3617022},{"total_energy":1574665781,"contract_supplied":1539553399,"trx":31362947,"day":1559347200000,"energy":3749435},{"total_energy":1971065571,"contract_supplied":1808963498,"trx":154489920,"day":1559433600000,"energy":7612153},{"total_energy":1738357954,"contract_supplied":1702129775,"trx":34833340,"day":1559520000000,"energy":1394839},{"total_energy":1786510015,"contract_supplied":1696405969,"trx":88090611,"day":1559606400000,"energy":2013435},{"total_energy":1976569889,"contract_supplied":1816895955,"trx":153950994,"day":1559692800000,"energy":5722940},{"total_energy":1753231189,"contract_supplied":1655207018,"trx":93410180,"day":1559779200000,"energy":4613991},{"total_energy":1945918341,"contract_supplied":1901623619,"trx":42201003,"day":1559865600000,"energy":2093719},{"total_energy":2341316832,"contract_supplied":2223022215,"trx":116767281,"day":1559952000000,"energy":1527336},{"total_energy":1958995898,"contract_supplied":1949722313,"trx":9120012,"day":1560038400000,"energy":153573},{"total_energy":2020807194,"contract_supplied":1976814905,"trx":41713732,"day":1560124800000,"energy":2278557},{"total_energy":1638130854,"contract_supplied":1539551273,"trx":94320288,"day":1560211200000,"energy":4259293},{"total_energy":1665802267,"contract_supplied":1617442903,"trx":47001795,"day":1560297600000,"energy":1357569},{"total_energy":1638126958,"contract_supplied":1556618263,"trx":78518106,"day":1560384000000,"energy":2990589},{"total_energy":1824862871,"contract_supplied":1787414916,"trx":35414543,"day":1560470400000,"energy":2033412},{"total_energy":2219671792,"contract_supplied":2056671242,"trx":156727906,"day":1560556800000,"energy":6272644},{"total_energy":1934583019,"contract_supplied":1908674825,"trx":25156414,"day":1560643200000,"energy":751780},{"total_energy":1668904129,"contract_supplied":1667704129,"trx":1200000,"day":1560729600000,"energy":0},{"total_energy":2120337879,"contract_supplied":2096200005,"trx":22793098,"day":1560816000000,"energy":1344776},{"total_energy":2433688888,"contract_supplied":2301749297,"trx":122886535,"day":1560902400000,"energy":9053056},{"total_energy":2226031054,"contract_supplied":2206411473,"trx":16998357,"day":1560988800000,"energy":2621224},{"total_energy":2396716248,"contract_supplied":2394916248,"trx":1800000,"day":1561075200000,"energy":0},{"total_energy":2376618325,"contract_supplied":2373618325,"trx":2796487,"day":1561161600000,"energy":203513},{"total_energy":1975370285,"contract_supplied":1975370285,"trx":0,"day":1561248000000,"energy":0},{"total_energy":1865818886,"contract_supplied":1864018886,"trx":1800000,"day":1561334400000,"energy":0},{"total_energy":1719995929,"contract_supplied":1719995929,"trx":0,"day":1561420800000,"energy":0},{"total_energy":1868929994,"contract_supplied":1867129994,"trx":1200000,"day":1561507200000,"energy":600000},{"total_energy":1825271317,"contract_supplied":1824671317,"trx":600000,"day":1561593600000,"energy":0},{"total_energy":1799569282,"contract_supplied":1798969282,"trx":600000,"day":1561680000000,"energy":0},{"total_energy":1554529658,"contract_supplied":1554529658,"trx":0,"day":1561766400000,"energy":0},{"total_energy":1463101969,"contract_supplied":1463101969,"trx":0,"day":1561852800000,"energy":0},{"total_energy":1473644721,"contract_supplied":1473644721,"trx":0,"day":1561939200000,"energy":0},{"total_energy":1822324533,"contract_supplied":1819924533,"trx":2399584,"day":1562025600000,"energy":416},{"total_energy":1694634865,"contract_supplied":1694634865,"trx":0,"day":1562112000000,"energy":0},{"total_energy":1722474756,"contract_supplied":1722474756,"trx":0,"day":1562198400000,"energy":0},{"total_energy":1358328001,"contract_supplied":1358328001,"trx":0,"day":1562284800000,"energy":0},{"total_energy":1827899618,"contract_supplied":1826699618,"trx":1200000,"day":1562371200000,"energy":0},{"total_energy":1720771657,"contract_supplied":1719571657,"trx":1200000,"day":1562457600000,"energy":0},{"total_energy":1915621302,"contract_supplied":1913821302,"trx":1800000,"day":1562544000000,"energy":0},{"total_energy":1724273686,"contract_supplied":1723673686,"trx":600000,"day":1562630400000,"energy":0},{"total_energy":1577496518,"contract_supplied":1577496518,"trx":0,"day":1562716800000,"energy":0},{"total_energy":1598390529,"contract_supplied":1597190529,"trx":1108748,"day":1562803200000,"energy":91252},{"total_energy":1505103791,"contract_supplied":1504503791,"trx":600000,"day":1562889600000,"energy":0},{"total_energy":1725769448,"contract_supplied":1725769448,"trx":0,"day":1562976000000,"energy":0},{"total_energy":1699036547,"contract_supplied":1697836547,"trx":1199993,"day":1563062400000,"energy":7},{"total_energy":1535141986,"contract_supplied":1534541986,"trx":600000,"day":1563148800000,"energy":0},{"total_energy":1750308847,"contract_supplied":1750308847,"trx":0,"day":1563235200000,"energy":0},{"total_energy":1877597452,"contract_supplied":1876997452,"trx":600000,"day":1563321600000,"energy":0},{"total_energy":1903219264,"contract_supplied":1903219264,"trx":0,"day":1563408000000,"energy":0},{"total_energy":2405860203,"contract_supplied":2405860203,"trx":0,"day":1563494400000,"energy":0},{"total_energy":3462957914,"contract_supplied":3462357914,"trx":600000,"day":1563580800000,"energy":0},{"total_energy":495076185,"contract_supplied":494446187,"trx":624170,"day":1563667200000,"energy":5828},{"total_energy":42964,"contract_supplied":9084,"trx":29725,"day":1563753600000,"energy":4155},{"total_energy":20324,"contract_supplied":7300,"trx":13024,"day":1563840000000,"energy":0},{"total_energy":2016,"contract_supplied":672,"trx":1344,"day":1563926400000,"energy":0},{"total_energy":730,"contract_supplied":730,"trx":0,"day":1564012800000,"energy":0},{"total_energy":50370,"contract_supplied":21170,"trx":29200,"day":1564099200000,"energy":0},{"total_energy":3418,"contract_supplied":0,"trx":2746,"day":1564185600000,"energy":672},{"total_energy":15272,"contract_supplied":3592,"trx":11679,"day":1564358400000,"energy":1},{"total_energy":3476,"contract_supplied":672,"trx":2132,"day":1564444800000,"energy":672},{"total_energy":2132,"contract_supplied":672,"trx":1460,"day":1564531200000,"energy":0},{"total_energy":1344,"contract_supplied":1344,"trx":0,"day":1564704000000,"energy":0},{"total_energy":672,"contract_supplied":0,"trx":614,"day":1564790400000,"energy":58},{"total_energy":4032,"contract_supplied":2688,"trx":1344,"day":1564876800000,"energy":0},{"total_energy":2804,"contract_supplied":1402,"trx":1402,"day":1564963200000,"energy":0},{"total_energy":1460,"contract_supplied":0,"trx":1460,"day":1565049600000,"energy":0},{"total_energy":2688,"contract_supplied":1344,"trx":1344,"day":1565136000000,"energy":0},{"total_energy":672,"contract_supplied":0,"trx":672,"day":1565222400000,"energy":0},{"total_energy":1460,"contract_supplied":730,"trx":730,"day":1565308800000,"energy":0},{"total_energy":672,"contract_supplied":672,"trx":0,"day":1565395200000,"energy":0},{"total_energy":4704,"contract_supplied":4032,"trx":672,"day":1565568000000,"energy":0},{"total_energy":672,"contract_supplied":0,"trx":0,"day":1565654400000,"energy":672},{"total_energy":6570,"contract_supplied":5110,"trx":1460,"day":1565740800000,"energy":0},{"total_energy":672,"contract_supplied":0,"trx":668,"day":1565827200000,"energy":4},{"total_energy":1344,"contract_supplied":1344,"trx":0,"day":1565913600000,"energy":0},{"total_energy":17380,"contract_supplied":9026,"trx":5869,"day":1566086400000,"energy":2485},{"total_energy":2688,"contract_supplied":672,"trx":2016,"day":1566172800000,"energy":0},{"total_energy":1402,"contract_supplied":730,"trx":672,"day":1566259200000,"energy":0},{"total_energy":1344,"contract_supplied":672,"trx":649,"day":1566345600000,"energy":23},{"total_energy":1344,"contract_supplied":1344,"trx":0,"day":1566432000000,"energy":0},{"total_energy":1460,"contract_supplied":730,"trx":730,"day":1566518400000,"energy":0},{"total_energy":2688,"contract_supplied":2688,"trx":0,"day":1566691200000,"energy":0},{"total_energy":672,"contract_supplied":672,"trx":0,"day":1566777600000,"energy":0},{"total_energy":3360,"contract_supplied":2688,"trx":672,"day":1566864000000,"energy":0},{"total_energy":2074,"contract_supplied":1344,"trx":730,"day":1566950400000,"energy":0},{"total_energy":4704,"contract_supplied":4704,"trx":0,"day":1567036800000,"energy":0},{"total_energy":672,"contract_supplied":672,"trx":0,"day":1567123200000,"energy":0},{"total_energy":1344,"contract_supplied":1344,"trx":0,"day":1567209600000,"energy":0},{"total_energy":2074,"contract_supplied":1344,"trx":730,"day":1567296000000,"energy":0},{"total_energy":3360,"contract_supplied":2688,"trx":672,"day":1567382400000,"energy":0},{"total_energy":672,"contract_supplied":0,"trx":0,"day":1567468800000,"energy":672},{"total_energy":2688,"contract_supplied":2688,"trx":0,"day":1567555200000,"energy":0},{"total_energy":6836,"contract_supplied":6164,"trx":672,"day":1567641600000,"energy":0},{"total_energy":672,"contract_supplied":672,"trx":0,"day":1567728000000,"energy":0},{"total_energy":2688,"contract_supplied":2016,"trx":672,"day":1567814400000,"energy":0},{"total_energy":672,"contract_supplied":672,"trx":0,"day":1567987200000,"energy":0},{"total_energy":4032,"contract_supplied":4032,"trx":0,"day":1568073600000,"energy":0},{"total_energy":2746,"contract_supplied":2746,"trx":0,"day":1568160000000,"energy":0},{"total_energy":1402,"contract_supplied":1402,"trx":0,"day":1568246400000,"energy":0},{"total_energy":1460,"contract_supplied":1460,"trx":0,"day":1568332800000,"energy":0},{"total_energy":4704,"contract_supplied":4704,"trx":0,"day":1568419200000,"energy":0},{"total_energy":2688,"contract_supplied":2688,"trx":0,"day":1568505600000,"energy":0},{"total_energy":2688,"contract_supplied":2688,"trx":0,"day":1568592000000,"energy":0},{"total_energy":2016,"contract_supplied":2016,"trx":0,"day":1568678400000,"energy":0},{"total_energy":2016,"contract_supplied":2016,"trx":0,"day":1568764800000,"energy":0},{"total_energy":7392,"contract_supplied":7392,"trx":0,"day":1568851200000,"energy":0},{"total_energy":5608,"contract_supplied":5608,"trx":0,"day":1568937600000,"energy":0},{"total_energy":2190,"contract_supplied":2190,"trx":0,"day":1569024000000,"energy":0},{"total_energy":2688,"contract_supplied":2016,"trx":0,"day":1569283200000,"energy":672},{"total_energy":672,"contract_supplied":672,"trx":0,"day":1569456000000,"energy":0},{"total_energy":2016,"contract_supplied":1344,"trx":620,"day":1569542400000,"energy":52},{"total_energy":4148,"contract_supplied":2132,"trx":1344,"day":1569715200000,"energy":672},{"total_energy":2016,"contract_supplied":1344,"trx":0,"day":1569801600000,"energy":672},{"total_energy":672,"contract_supplied":672,"trx":0,"day":1569888000000,"energy":0},{"total_energy":3476,"contract_supplied":1344,"trx":2132,"day":1569974400000,"energy":0},{"total_energy":2808567,"contract_supplied":2081406,"trx":726218,"day":1570147200000,"energy":943},{"total_energy":148804,"contract_supplied":123254,"trx":25466,"day":1570233600000,"energy":84},{"total_energy":2746,"contract_supplied":2746,"trx":0,"day":1570320000000,"energy":0},{"total_energy":20440,"contract_supplied":20440,"trx":0,"day":1570406400000,"energy":0},{"total_energy":672,"contract_supplied":672,"trx":0,"day":1570492800000,"energy":0},{"total_energy":1402,"contract_supplied":1402,"trx":0,"day":1570579200000,"energy":0},{"total_energy":2746,"contract_supplied":1344,"trx":641,"day":1570665600000,"energy":761},{"total_energy":1344,"contract_supplied":1344,"trx":0,"day":1570752000000,"energy":0},{"total_energy":672,"contract_supplied":353,"trx":319,"day":1570838400000,"energy":0},{"total_energy":2016,"contract_supplied":2016,"trx":0,"day":1570924800000,"energy":0},{"total_energy":9316,"contract_supplied":9316,"trx":0,"day":1571011200000,"energy":0},{"total_energy":2688,"contract_supplied":2688,"trx":0,"day":1571270400000,"energy":0},{"total_energy":1344,"contract_supplied":1344,"trx":0,"day":1571356800000,"energy":0},{"total_energy":3360,"contract_supplied":3360,"trx":0,"day":1571443200000,"energy":0},{"total_energy":672,"contract_supplied":672,"trx":0,"day":1571616000000,"energy":0},{"total_energy":3360,"contract_supplied":3360,"trx":0,"day":1571702400000,"energy":0},{"total_energy":672,"contract_supplied":0,"trx":672,"day":1571788800000,"energy":0},{"total_energy":8412,"contract_supplied":3534,"trx":4878,"day":1571875200000,"energy":0},{"total_energy":672,"contract_supplied":672,"trx":0,"day":1571961600000,"energy":0},{"total_energy":672,"contract_supplied":0,"trx":672,"day":1572134400000,"energy":0},{"total_energy":1344,"contract_supplied":672,"trx":672,"day":1572220800000,"energy":0},{"total_energy":2016,"contract_supplied":1344,"trx":672,"day":1572307200000,"energy":0},{"total_energy":2016,"contract_supplied":2016,"trx":0,"day":1572393600000,"energy":0},{"total_energy":6570,"contract_supplied":6570,"trx":0,"day":1572480000000,"energy":0},{"total_energy":672,"contract_supplied":672,"trx":0,"day":1572652800000,"energy":0},{"total_energy":2016,"contract_supplied":2016,"trx":0,"day":1572739200000,"energy":0},{"total_energy":291,"contract_supplied":291,"trx":0,"day":1572825600000,"energy":0},{"total_energy":2016,"contract_supplied":2016,"trx":0,"day":1572998400000,"energy":0},{"total_energy":1460,"contract_supplied":1460,"trx":0,"day":1573171200000,"energy":0},{"total_energy":672,"contract_supplied":672,"trx":0,"day":1573257600000,"energy":0},{"total_energy":4032,"contract_supplied":4032,"trx":0,"day":1573430400000,"energy":0},{"total_energy":14078,"contract_supplied":14078,"trx":0,"day":1573603200000,"energy":0},{"total_energy":672,"contract_supplied":672,"trx":0,"day":1573689600000,"energy":0},{"total_energy":672,"contract_supplied":672,"trx":0,"day":1573776000000,"energy":0},{"total_energy":3360,"contract_supplied":3360,"trx":0,"day":1573862400000,"energy":0},{"total_energy":3592,"contract_supplied":3592,"trx":0,"day":1573948800000,"energy":0},{"total_energy":1460,"contract_supplied":1460,"trx":0,"day":1574035200000,"energy":0},{"total_energy":730,"contract_supplied":730,"trx":0,"day":1574121600000,"energy":0},{"total_energy":2016,"contract_supplied":2016,"trx":0,"day":1574208000000,"energy":0},{"total_energy":2862,"contract_supplied":2862,"trx":0,"day":1574467200000,"energy":0},{"total_energy":2190,"contract_supplied":2190,"trx":0,"day":1574553600000,"energy":0},{"total_energy":4090,"contract_supplied":4090,"trx":0,"day":1574640000000,"energy":0},{"total_energy":7300,"contract_supplied":7300,"trx":0,"day":1574812800000,"energy":0},{"total_energy":7242,"contract_supplied":7242,"trx":0,"day":1574899200000,"energy":0},{"total_energy":12676,"contract_supplied":12676,"trx":0,"day":1574985600000,"energy":0},{"total_energy":2920,"contract_supplied":2920,"trx":0,"day":1575072000000,"energy":0},{"total_energy":66566,"contract_supplied":66566,"trx":0,"day":1575158400000,"energy":0},{"total_energy":32072,"contract_supplied":32072,"trx":0,"day":1575244800000,"energy":0},{"total_energy":14924,"contract_supplied":14924,"trx":0,"day":1575417600000,"energy":0},{"total_energy":6570,"contract_supplied":6570,"trx":0,"day":1575763200000,"energy":0},{"total_energy":1460,"contract_supplied":1460,"trx":0,"day":1576886400000,"energy":0},{"total_energy":3650,"contract_supplied":3650,"trx":0,"day":1576972800000,"energy":0},{"total_energy":7300,"contract_supplied":7300,"trx":0,"day":1577145600000,"energy":0},{"total_energy":103990,"contract_supplied":103990,"trx":0,"day":1577318400000,"energy":0},{"total_energy":373,"contract_supplied":373,"trx":0,"day":1577664000000,"energy":0},{"total_energy":5110,"contract_supplied":5110,"trx":0,"day":1578009600000,"energy":0},{"total_energy":8644,"contract_supplied":8644,"trx":0,"day":1578096000000,"energy":0},{"total_energy":8644,"contract_supplied":8644,"trx":0,"day":1578528000000,"energy":0},{"total_energy":124228,"contract_supplied":124228,"trx":0,"day":1578614400000,"energy":0},{"total_energy":8180,"contract_supplied":8180,"trx":0,"day":1578787200000,"energy":0},{"total_energy":2920,"contract_supplied":2920,"trx":0,"day":1578960000000,"energy":0},{"total_energy":1090,"contract_supplied":1090,"trx":0,"day":1579132800000,"energy":0},{"total_energy":2481,"contract_supplied":2481,"trx":0,"day":1579305600000,"energy":0},{"total_energy":9988,"contract_supplied":9988,"trx":0,"day":1579564800000,"energy":0},{"total_energy":2190,"contract_supplied":2190,"trx":0,"day":1579651200000,"energy":0},{"total_energy":2016,"contract_supplied":2016,"trx":0,"day":1580601600000,"energy":0},{"total_energy":3650,"contract_supplied":3650,"trx":0,"day":1580774400000,"energy":0},{"total_energy":5840,"contract_supplied":5840,"trx":0,"day":1581033600000,"energy":0},{"total_energy":18724,"contract_supplied":18724,"trx":0,"day":1581811200000,"energy":0},{"total_energy":36312,"contract_supplied":36312,"trx":0,"day":1581897600000,"energy":0},{"total_energy":5840,"contract_supplied":5840,"trx":0,"day":1583107200000,"energy":0},{"total_energy":3650,"contract_supplied":3650,"trx":0,"day":1583193600000,"energy":0},{"total_energy":1460,"contract_supplied":1460,"trx":0,"day":1585008000000,"energy":0},{"total_energy":4380,"contract_supplied":4380,"trx":0,"day":1585180800000,"energy":0}]
12:58:58.139 [TestNG-tests-1] INFO tron.common.TronscanApiList - totalEnergy:1420965725870
12:58:58.139 [TestNG-tests-1] INFO tron.common.TronscanApiList - JSON content size are: 3
12:58:58.139 [TestNG-tests-1] INFO tron.common.TronscanApiList - ----------------------------Print JSON End-----------------------------
12:58:58.140 [TestNG-tests-1] DEBUG org.apache.http.impl.conn.PoolingClientConnectionManager - Connection request: [route: {}->http://apilist.tronscan.org:80][total kept alive: 0; route allocated: 0 of 80; total allocated: 0 of 100]
12:58:58.140 [TestNG-tests-1] DEBUG org.apache.http.impl.conn.PoolingClientConnectionManager - Connection leased: [id: 76][route: {}->http://apilist.tronscan.org:80][total kept alive: 0; route allocated: 1 of 80; total allocated: 1 of 100]
12:58:58.140 [TestNG-tests-1] DEBUG org.apache.http.impl.conn.DefaultClientConnectionOperator - Connecting to apilist.tronscan.org:80
12:58:58.445 [TestNG-tests-1] DEBUG org.apache.http.client.protocol.RequestAddCookies - CookieSpec selected: default
12:58:58.445 [TestNG-tests-1] DEBUG org.apache.http.client.protocol.RequestAuthCache - Auth cache not set in the context
12:58:58.445 [TestNG-tests-1] DEBUG org.apache.http.client.protocol.RequestTargetAuthentication - Target auth state: UNCHALLENGED
12:58:58.445 [TestNG-tests-1] DEBUG org.apache.http.client.protocol.RequestProxyAuthentication - Proxy auth state: UNCHALLENGED
12:58:58.445 [TestNG-tests-1] DEBUG org.apache.http.impl.client.DefaultHttpClient - Attempt 1 to execute request
12:58:58.445 [TestNG-tests-1] DEBUG org.apache.http.impl.conn.DefaultClientConnection - Sending request: GET /api/onecontracttriggerstatistic?address=TEEXEWrkMFKapSMJ6mErg39ELFKDqEs6w3 HTTP/1.1
12:58:58.445 [TestNG-tests-1] DEBUG org.apache.http.wire -  >> "GET /api/onecontracttriggerstatistic?address=TEEXEWrkMFKapSMJ6mErg39ELFKDqEs6w3 HTTP/1.1[\r][\n]"
12:58:58.445 [TestNG-tests-1] DEBUG org.apache.http.wire -  >> "Content-type: application/json; charset=utf-8[\r][\n]"
12:58:58.445 [TestNG-tests-1] DEBUG org.apache.http.wire -  >> "Connection: Close[\r][\n]"
12:58:58.445 [TestNG-tests-1] DEBUG org.apache.http.wire -  >> "Host: apilist.tronscan.org[\r][\n]"
12:58:58.445 [TestNG-tests-1] DEBUG org.apache.http.wire -  >> "User-Agent: Apache-HttpClient/4.5.3 (Java/1.8.0_211)[\r][\n]"
12:58:58.445 [TestNG-tests-1] DEBUG org.apache.http.wire -  >> "[\r][\n]"
12:58:58.445 [TestNG-tests-1] DEBUG org.apache.http.headers - >> GET /api/onecontracttriggerstatistic?address=TEEXEWrkMFKapSMJ6mErg39ELFKDqEs6w3 HTTP/1.1
12:58:58.445 [TestNG-tests-1] DEBUG org.apache.http.headers - >> Content-type: application/json; charset=utf-8
12:58:58.445 [TestNG-tests-1] DEBUG org.apache.http.headers - >> Connection: Close
12:58:58.445 [TestNG-tests-1] DEBUG org.apache.http.headers - >> Host: apilist.tronscan.org
12:58:58.445 [TestNG-tests-1] DEBUG org.apache.http.headers - >> User-Agent: Apache-HttpClient/4.5.3 (Java/1.8.0_211)
12:58:59.571 [TestNG-tests-1] DEBUG org.apache.http.wire -  << "HTTP/1.1 200 OK[\r][\n]"
12:58:59.571 [TestNG-tests-1] DEBUG org.apache.http.wire -  << "Server: nginx[\r][\n]"
12:58:59.571 [TestNG-tests-1] DEBUG org.apache.http.wire -  << "Date: Fri, 27 Mar 2020 04:59:00 GMT[\r][\n]"
12:58:59.571 [TestNG-tests-1] DEBUG org.apache.http.wire -  << "Content-Type: application/json;charset=utf-8[\r][\n]"
12:58:59.571 [TestNG-tests-1] DEBUG org.apache.http.wire -  << "Content-Length: 15761[\r][\n]"
12:58:59.571 [TestNG-tests-1] DEBUG org.apache.http.wire -  << "Connection: close[\r][\n]"
12:58:59.571 [TestNG-tests-1] DEBUG org.apache.http.wire -  << "Vary: Accept-Encoding[\r][\n]"
12:58:59.571 [TestNG-tests-1] DEBUG org.apache.http.wire -  << "Access-Control-Allow-Origin: *[\r][\n]"
12:58:59.571 [TestNG-tests-1] DEBUG org.apache.http.wire -  << "Access-Control-Allow-Headers: DNT,X-Mx-ReqToken,Keep-Alive,User-Agent,X-Requested-With,If-Modified-Since,Cache-Control,Content-Type,Authorization[\r][\n]"
12:58:59.571 [TestNG-tests-1] DEBUG org.apache.http.wire -  << "Access-Control-Allow-Methods: GET,POST,PUT,DELETE,OPTIONS[\r][\n]"
12:58:59.571 [TestNG-tests-1] DEBUG org.apache.http.wire -  << "X-Proxy-Cache: MISS[\r][\n]"
12:58:59.571 [TestNG-tests-1] DEBUG org.apache.http.wire -  << "[\r][\n]"
12:58:59.571 [TestNG-tests-1] DEBUG org.apache.http.impl.conn.DefaultClientConnection - Receiving response: HTTP/1.1 200 OK
12:58:59.571 [TestNG-tests-1] DEBUG org.apache.http.headers - << HTTP/1.1 200 OK
12:58:59.571 [TestNG-tests-1] DEBUG org.apache.http.headers - << Server: nginx
12:58:59.571 [TestNG-tests-1] DEBUG org.apache.http.headers - << Date: Fri, 27 Mar 2020 04:59:00 GMT
12:58:59.571 [TestNG-tests-1] DEBUG org.apache.http.headers - << Content-Type: application/json;charset=utf-8
12:58:59.571 [TestNG-tests-1] DEBUG org.apache.http.headers - << Content-Length: 15761
12:58:59.571 [TestNG-tests-1] DEBUG org.apache.http.headers - << Connection: close
12:58:59.571 [TestNG-tests-1] DEBUG org.apache.http.headers - << Vary: Accept-Encoding
12:58:59.571 [TestNG-tests-1] DEBUG org.apache.http.headers - << Access-Control-Allow-Origin: *
12:58:59.571 [TestNG-tests-1] DEBUG org.apache.http.headers - << Access-Control-Allow-Headers: DNT,X-Mx-ReqToken,Keep-Alive,User-Agent,X-Requested-With,If-Modified-Since,Cache-Control,Content-Type,Authorization
12:58:59.571 [TestNG-tests-1] DEBUG org.apache.http.headers - << Access-Control-Allow-Methods: GET,POST,PUT,DELETE,OPTIONS
12:58:59.571 [TestNG-tests-1] DEBUG org.apache.http.headers - << X-Proxy-Cache: MISS
http://apilist.tronscan.org/api/onecontracttriggerstatistic?address=TEEXEWrkMFKapSMJ6mErg39ELFKDqEs6w3 请求总耗时：1432 毫秒
12:58:59.572 [TestNG-tests-1] INFO tron.tronscan.api.OneContract - code is 200
12:58:59.572 [TestNG-tests-1] DEBUG org.apache.http.wire -  << "{"total":409,"totalAmount":97250546,"data":[{"day":1540252800000,"amount":42226.0},{"day":1540339200000,"amount":167117.0},{"day":1540425600000,"amount":183737.0},{"day":1540512000000,"amount":183773.0},{"day":1540598400000,"amount":216112.0},{"day":1540684800000,"amount":213055.0},{"day":1540771200000,"amount":169018.0},{"day":1540857600000,"amount":224311.0},{"day":1540944000000,"amount":259740.0},{"day":1541030400000,"amount":245457.0},{"day":1541116800000,"amount":236768.0},{"day":1541203200000,"amount":394461.0},{"day":1541289600000,"amount":394311.0},{"day":1541376000000,"amount":455271.0},{"day":1541462400000,"amount":452588.0},{"day":1541548800000,"amount":531813.0},{"day":1541635200000,"amount":535522.0},{"day":1541721600000,"amount":561766.0},{"day":1541808000000,"amount":512780.0},{"day":1541894400000,"amount":605279.0},{"day":1541980800000,"amount":518547.0},{"day":1542067200000,"amount":466571.0},{"day":1542153600000,"amount":440132.0},{"day":1542240000000,"amount":473689.0},{"day":1542326400000,"amount":665894.0},{"day":1542412800000,"amount":572512.0},{"day":1542499200000,"amount":542832.0},{"day":1542585600000,"amount":580656.0},{"day":1542672000000,"amount":412535.0},{"day":1542758400000,"amount":485770.0},{"day":1542844800000,"amount":515298.0},{"day":1542931200000,"amount":662010.0},{"day":1543017600000,"amount":595021.0},{"day":1543104000000,"amount":624131.0},{"day":1543190400000,"amount":648702.0},{"day":1543276800000,"amount":777854.0},{"day":1543363200000,"amount":740299.0},{"day":1543449600000,"amount":693655.0},{"day":1543536000000,"amount":697639.0},{"day":1543622400000,"amount":694715.0},{"day":1543708800000,"amount":700843.0},{"day":1543795200000,"amount":631381.0},{"day":1543881600000,"amount":615253.0},{"day":1543968000000,"amount":728772.0},{"day":1544054400000,"amount":808567.0},{"day":1544140800000,"amount":829060.0},{"day":1544227200000,"amount":880645.0},{"day":1544313600000,"amount":875385.0},{"day":1544400000000,"amount":999527.0},{"day":1544486400000,"amount":985788.0},{"day":1544572800000,"amount":959488.0},{"day":1544659200000,"amount":1004617.0},{"day":1544745600000,"amount":1057122.0},{"day":1544832000000,"amount":1163713.0},{"day":1544918400000,"amount":1219462.0},{"day":1545004800000,"amount":1125567.0},{"day":1545091200000,"amount":1043893.0},{"day":1545177600000,"amount":585489.0},{"day":1545264000000,"amount":1053712.0},{"day":1545350400000,"amount":1343889.0},{"day":1545436800000,"amount":944102.0},{"day":1545523200000,"amount":968891.0},{"day":1545609600000,"amount":704850.0},{"day":1545696000000,"amount":512449.0},{"day":1545782400000,"amount":569706.0},{"day":1545868800000,"amount":573660.0},{"day":1545955200000,"a"
12:58:59.572 [TestNG-tests-1] DEBUG org.apache.http.wire -  << "mount":619607.0},{"day":1546041600000,"amount":652155.0},{"day":1546128000000,"amount":602390.0},{"day":1546214400000,"amount":578217.0},{"day":1546300800000,"amount":530435.0},{"day":1546387200000,"amount":475860.0},{"day":1546473600000,"amount":387725.0},{"day":1546560000000,"amount":444453.0},{"day":1546646400000,"amount":473438.0},{"day":1546732800000,"amount":490222.0},{"day":1546819200000,"amount":398593.0},{"day":1546905600000,"amount":449953.0},{"day":1546992000000,"amount":378557.0},{"day":1547078400000,"amount":470153.0},{"day":1547164800000,"amount":662425.0},{"day":1547251200000,"amount":707647.0},{"day":1547337600000,"amount":784336.0},{"day":1547424000000,"amount":881968.0},{"day":1547510400000,"amount":902407.0},{"day":1547596800000,"amount":1175415.0},{"day":1547683200000,"amount":1046098.0},{"day":1547769600000,"amount":973504.0},{"day":1547856000000,"amount":825009.0},{"day":1547942400000,"amount":714775.0},{"day":1548028800000,"amount":613355.0},{"day":1548115200000,"amount":596128.0},{"day":1548201600000,"amount":548790.0},{"day":1548288000000,"amount":392303.0},{"day":1548374400000,"amount":314818.0},{"day":1548460800000,"amount":303781.0},{"day":1548547200000,"amount":301452.0},{"day":1548633600000,"amount":295152.0},{"day":1548720000000,"amount":300297.0},{"day":1548806400000,"amount":267832.0},{"day":1548892800000,"amount":254430.0},{"day":1548979200000,"amount":229071.0},{"day":1549065600000,"amount":253503.0},{"day":1549152000000,"amount":253096.0},{"day":1549238400000,"amount":244523.0},{"day":1549324800000,"amount":248554.0},{"day":1549411200000,"amount":230614.0},{"day":1549497600000,"amount":207965.0},{"day":1549584000000,"amount":221257.0},{"day":1549670400000,"amount":215069.0},{"day":1549756800000,"amount":198893.0},{"day":1549843200000,"amount":186907.0},{"day":1549929600000,"amount":216523.0},{"day":1550016000000,"amount":221968.0},{"day":1550102400000,"amount":232116.0},{"day":1550188800000,"amount":237078.0},{"day":1550275200000,"amount":280194.0},{"day":1550361600000,"amount":241010.0},{"day":1550448000000,"amount":226560.0},{"day":1550534400000,"amount":226309.0},{"day":1550620800000,"amount":234516.0},{"day":1550707200000,"amount":268239.0},{"day":1550793600000,"amount":210602.0},{"day":1550880000000,"amount":215679.0},{"day":1550966400000,"amount":240863.0},{"day":1551052800000,"amount":213948.0},{"day":1551139200000,"amount":282446.0},{"day":1551225600000,"amount":273710.0},{"day":1551312000000,"amount":310034.0},{"day":1551398400000,"amount":328427.0},{"day":1551484800000,"amount":367454.0},{"day":1551571200000,"amount":357554.0},{"day":1551657600000,"amount":484983.0},{"day":1551744000000,"amount":711514.0},{"day":1551830400000,"amount":858093.0},{"day":1551916800000,"amount":929283.0},{"day":1552003200000,"amount":821052.0},{"day":1552089600000,"amount":603697.0},{"day":1552176000000,"amount":466520.0},{"day":1552262400000,"amount":421246.0},{"day":1552348800000,"amount":394251.0},{"day":1552435200000,"amount":372155.0},{"day":1552521600000,"amount":295709.0},{"day":1552608000000,"amount":259443.0},{"day":1552694400000,"amount":266887.0},{"day":1552780800000,"amount":280592.0},{"day":1552867200000,"amount":495631.0},{"day":1552953600000,"amount":438103.0},{"day":1553040000000,"amount":379460.0},{"day":1553126400000,"amount":336367.0},{"day":1553212800000,"amount":340236.0},{"day":1553299200000,"amount":333142.0},{"day":1553385600000,"amount":279112.0},{"day":1553472000000,"amount":280885.0},{"day":1553558400000,"amount":274243.0},{"day":1553644800000,"amount":232600.0},{"day":1553731200000,"amount":249152.0},{"day":1553817600000,"amount":276659.0},{"day":1553904000000,"amount":277887.0},{"day":1553990400000,"amount":250093.0},{"day":1554076800000,"amount":251563.0},{"day":1554163200000,"amount":217713.0},{"day":1554249600000,"amount":219379.0},{"day":1554336000000,"amount":243012.0},{"day":1554422400000,"amount":224438.0},{"day":1554508800000,"amount":217299.0},{"day":1554595200000,"amount":199102.0},{"day":1554681600000,"amount":215132.0},{"day":15547"
12:58:59.572 [TestNG-tests-1] DEBUG org.apache.http.wire -  << "68000000,"amount":189885.0},{"day":1554854400000,"amount":190230.0},{"day":1554940800000,"amount":212791.0},{"day":1555027200000,"amount":217632.0},{"day":1555113600000,"amount":184195.0},{"day":1555200000000,"amount":186398.0},{"day":1555286400000,"amount":183668.0},{"day":1555372800000,"amount":164515.0},{"day":1555459200000,"amount":147167.0},{"day":1555545600000,"amount":153206.0},{"day":1555632000000,"amount":165902.0},{"day":1555718400000,"amount":160404.0},{"day":1555804800000,"amount":160595.0},{"day":1555891200000,"amount":196933.0},{"day":1555977600000,"amount":200738.0},{"day":1556064000000,"amount":209206.0},{"day":1556150400000,"amount":197395.0},{"day":1556236800000,"amount":173272.0},{"day":1556323200000,"amount":191974.0},{"day":1556409600000,"amount":180296.0},{"day":1556496000000,"amount":188202.0},{"day":1556582400000,"amount":188064.0},{"day":1556668800000,"amount":192824.0},{"day":1556755200000,"amount":174416.0},{"day":1556841600000,"amount":182888.0},{"day":1556928000000,"amount":174034.0},{"day":1557014400000,"amount":173388.0},{"day":1557100800000,"amount":166745.0},{"day":1557187200000,"amount":162084.0},{"day":1557273600000,"amount":151236.0},{"day":1557360000000,"amount":153443.0},{"day":1557446400000,"amount":150030.0},{"day":1557532800000,"amount":146987.0},{"day":1557619200000,"amount":153244.0},{"day":1557705600000,"amount":118078.0},{"day":1557792000000,"amount":120610.0},{"day":1557878400000,"amount":129939.0},{"day":1557964800000,"amount":158520.0},{"day":1558051200000,"amount":137383.0},{"day":1558137600000,"amount":149682.0},{"day":1558224000000,"amount":152623.0},{"day":1558310400000,"amount":144108.0},{"day":1558396800000,"amount":146833.0},{"day":1558483200000,"amount":154602.0},{"day":1558569600000,"amount":134738.0},{"day":1558656000000,"amount":113383.0},{"day":1558742400000,"amount":122776.0},{"day":1558828800000,"amount":126814.0},{"day":1558915200000,"amount":152497.0},{"day":1559001600000,"amount":134550.0},{"day":1559088000000,"amount":133249.0},{"day":1559174400000,"amount":144719.0},{"day":1559260800000,"amount":110944.0},{"day":1559347200000,"amount":106979.0},{"day":1559433600000,"amount":134159.0},{"day":1559520000000,"amount":118578.0},{"day":1559606400000,"amount":123078.0},{"day":1559692800000,"amount":136276.0},{"day":1559779200000,"amount":119162.0},{"day":1559865600000,"amount":132725.0},{"day":1559952000000,"amount":160697.0},{"day":1560038400000,"amount":133930.0},{"day":1560124800000,"amount":146839.0},{"day":1560211200000,"amount":117422.0},{"day":1560297600000,"amount":118472.0},{"day":1560384000000,"amount":119827.0},{"day":1560470400000,"amount":128760.0},{"day":1560556800000,"amount":153134.0},{"day":1560643200000,"amount":131958.0},{"day":1560729600000,"amount":114167.0},{"day":1560816000000,"amount":142028.0},{"day":1560902400000,"amount":167136.0},{"day":1560988800000,"amount":152793.0},{"day":1561075200000,"amount":163986.0},{"day":1561161600000,"amount":160358.0},{"day":1561248000000,"amount":135933.0},{"day":1561334400000,"amount":126471.0},{"day":1561420800000,"amount":118696.0},{"day":1561507200000,"amount":126619.0},{"day":1561593600000,"amount":124779.0},{"day":1561680000000,"amount":123101.0},{"day":1561766400000,"amount":107009.0},{"day":1561852800000,"amount":100779.0},{"day":1561939200000,"amount":101571.0},{"day":1562025600000,"amount":122977.0},{"day":1562112000000,"amount":116721.0},{"day":1562198400000,"amount":118982.0},{"day":1562284800000,"amount":94012.0},{"day":1562371200000,"amount":124609.0},{"day":1562457600000,"amount":117215.0},{"day":1562544000000,"amount":129908.0},{"day":1562630400000,"amount":118455.0},{"day":1562716800000,"amount":108596.0},{"day":1562803200000,"amount":108963.0},{"day":1562889600000,"amount":102988.0},{"day":1562976000000,"amount":118746.0},{"day":1563062400000,"amount":115594.0},{"day":1563148800000,"amount":105077.0},{"day":1563235200000,"amount":120530.0},{"day":1563321600000,"amount":128705.0},{"day":1563408000000,"amount":131096.0},{"day":1563494400000,"amount":165670.0},{"da"
12:58:59.572 [TestNG-tests-1] DEBUG org.apache.http.wire -  << "y":1563580800000,"amount":239088.0},{"day":1563667200000,"amount":35370.0},{"day":1563753600000,"amount":61.0},{"day":1563840000000,"amount":28.0},{"day":1563926400000,"amount":3.0},{"day":1564012800000,"amount":1.0},{"day":1564099200000,"amount":69.0},{"day":1564185600000,"amount":5.0},{"day":1564358400000,"amount":21.0},{"day":1564444800000,"amount":5.0},{"day":1564531200000,"amount":3.0},{"day":1564704000000,"amount":2.0},{"day":1564790400000,"amount":1.0},{"day":1564876800000,"amount":6.0},{"day":1564963200000,"amount":4.0},{"day":1565049600000,"amount":2.0},{"day":1565136000000,"amount":4.0},{"day":1565222400000,"amount":1.0},{"day":1565308800000,"amount":2.0},{"day":1565395200000,"amount":1.0},{"day":1565568000000,"amount":7.0},{"day":1565654400000,"amount":1.0},{"day":1565740800000,"amount":9.0},{"day":1565827200000,"amount":1.0},{"day":1565913600000,"amount":2.0},{"day":1566086400000,"amount":25.0},{"day":1566172800000,"amount":4.0},{"day":1566259200000,"amount":2.0},{"day":1566345600000,"amount":2.0},{"day":1566432000000,"amount":2.0},{"day":1566518400000,"amount":2.0},{"day":1566691200000,"amount":4.0},{"day":1566777600000,"amount":1.0},{"day":1566864000000,"amount":5.0},{"day":1566950400000,"amount":3.0},{"day":1567036800000,"amount":7.0},{"day":1567123200000,"amount":1.0},{"day":1567209600000,"amount":2.0},{"day":1567296000"
12:58:59.878 [TestNG-tests-1] DEBUG org.apache.http.wire -  << "000,"amount":3.0},{"day":1567382400000,"amount":5.0},{"day":1567468800000,"amount":1.0},{"day":1567555200000,"amount":4.0},{"day":1567641600000,"amount":10.0},{"day":1567728000000,"amount":1.0},{"day":1567814400000,"amount":4.0},{"day":1567987200000,"amount":1.0},{"day":1568073600000,"amount":6.0},{"day":1568160000000,"amount":4.0},{"day":1568246400000,"amount":2.0},{"day":1568332800000,"amount":2.0},{"day":1568419200000,"amount":7.0},{"day":1568505600000,"amount":4.0},{"day":1568592000000,"amount":4.0},{"day":1568678400000,"amount":3.0},{"day":1568764800000,"amount":3.0},{"day":1568851200000,"amount":11.0},{"day":1568937600000,"amount":8.0},{"day":1569024000000,"amount":3.0},{"day":1569283200000,"amount":4.0},{"day":1569456000000,"amount":1.0},{"day":1569542400000,"amount":3.0},{"day":1569715200000,"amount":6.0},{"day":1569801600000,"amount":3.0},{"day":1569888000000,"amount":1.0},{"day":1569974400000,"amount":5.0},{"day":1570147200000,"amount":3855.0},{"day":1570233600000,"amount":204.0},{"day":1570320000000,"amount":4.0},{"day":1570406400000,"amount":28.0},{"day":1570492800000,"amount":1.0},{"day":1570579200000,"amount":2.0},{"day":1570665600000,"amount":4.0},{"day":1570752000000,"amount":2.0},{"day":1570838400000,"amount":1.0},{"day":1570924800000,"amount":3.0},{"day":1571011200000,"amount":13.0},{"day":1571270400000,"amount":4.0},"
12:58:59.879 [TestNG-tests-1] DEBUG org.apache.http.wire -  << "{"day":1571356800000,"amount":2.0},{"day":1571443200000,"amount":5.0},{"day":1571616000000,"amount":1.0},{"day":1571702400000,"amount":5.0},{"day":1571788800000,"amount":1.0},{"day":1571875200000,"amount":12.0},{"day":1571961600000,"amount":1.0},{"day":1572134400000,"amount":1.0},{"day":1572220800000,"amount":2.0},{"day":1572307200000,"amount":3.0},{"day":1572393600000,"amount":3.0},{"day":1572480000000,"amount":9.0},{"day":1572652800000,"amount":1.0},{"day":1572739200000,"amount":3.0},{"day":1572825600000,"amount":1.0},{"day":1572998400000,"amount":3.0},{"day":1573171200000,"amount":2.0},{"day":1573257600000,"amount":1.0},{"day":1573430400000,"amount":6.0},{"day":1573603200000,"amount":20.0},{"day":1573689600000,"amount":1.0},{"day":1573776000000,"amount":1.0},{"day":1573862400000,"amount":5.0},{"day":1573948800000,"amount":5.0},{"day":1574035200000,"amount":2.0},{"day":1574121600000,"amount":1.0},{"day":1574208000000,"amount":3.0},{"day":1574467200000,"amount":4.0},{"day":1574553600000,"amount":3.0},{"day":1574640000000,"amount":6.0},{"day":1574812800000,"amount":10.0},{"day":1574899200000,"amount":10.0},{"day":1574985600000,"amount":18.0},{"day":1575072000000,"amount":4.0},{"day":1575158400000,"amount":95.0},{"day":1575244800000,"amount":46.0},{"day":1575417600000,"amount":21.0},{"day":1575763200000,"amount":9.0},{"day":1576886400000,"amount":2.0},{"day":1576972800000,"amount":5.0},{"day":1577145600000,"amount":10.0},{"day":1577318400000,"amount":150.0},{"day":1577664000000,"amount":1.0},{"day":1578009600000,"amount":7.0},{"day":1578096000000,"amount":12.0},{"day":1578528000000,"amount":12.0},{"day":1578614400000,"amount":184.0},{"day":1578787200000,"amount":12.0},{"day":1578960000000,"amount":4.0},{"day":1579132800000,"amount":1.0},{"day":1579305600000,"amount":5.0},{"day":1579564800000,"amount":14.0},{"day":1579651200000,"amount":3.0},{"day":1580601600000,"amount":3.0},{"day":1580774400000,"amount":5.0},{"day":1581033600000,"amount":8.0},{"day":1581811200000,"amount":27.0},{"day":1581897600000,"amount":53.0},{"day":1583107200000,"amount":8.0},{"day":1583193600000,"amount":5.0},{"day":1585008000000,"amount":2.0},{"day":1585180800000,"amount":6.0}]}[\n]"
12:58:59.879 [TestNG-tests-1] DEBUG org.apache.http.impl.conn.DefaultClientConnection - Connection 0.0.0.0:61411<->18.216.178.128:80 closed
12:58:59.879 [TestNG-tests-1] DEBUG org.apache.http.impl.conn.PoolingClientConnectionManager - Connection released: [id: 76][route: {}->http://apilist.tronscan.org:80][total kept alive: 0; route allocated: 0 of 80; total allocated: 0 of 100]
12:58:59.879 [TestNG-tests-1] INFO tron.common.TronscanApiList - ----------------------------Print JSON Start---------------------------
12:58:59.879 [TestNG-tests-1] INFO tron.common.TronscanApiList - totalAmount:97250546
12:58:59.879 [TestNG-tests-1] INFO tron.common.TronscanApiList - total:409
12:58:59.879 [TestNG-tests-1] INFO tron.common.TronscanApiList - data:[{"amount":42226.0,"day":1540252800000},{"amount":167117.0,"day":1540339200000},{"amount":183737.0,"day":1540425600000},{"amount":183773.0,"day":1540512000000},{"amount":216112.0,"day":1540598400000},{"amount":213055.0,"day":1540684800000},{"amount":169018.0,"day":1540771200000},{"amount":224311.0,"day":1540857600000},{"amount":259740.0,"day":1540944000000},{"amount":245457.0,"day":1541030400000},{"amount":236768.0,"day":1541116800000},{"amount":394461.0,"day":1541203200000},{"amount":394311.0,"day":1541289600000},{"amount":455271.0,"day":1541376000000},{"amount":452588.0,"day":1541462400000},{"amount":531813.0,"day":1541548800000},{"amount":535522.0,"day":1541635200000},{"amount":561766.0,"day":1541721600000},{"amount":512780.0,"day":1541808000000},{"amount":605279.0,"day":1541894400000},{"amount":518547.0,"day":1541980800000},{"amount":466571.0,"day":1542067200000},{"amount":440132.0,"day":1542153600000},{"amount":473689.0,"day":1542240000000},{"amount":665894.0,"day":1542326400000},{"amount":572512.0,"day":1542412800000},{"amount":542832.0,"day":1542499200000},{"amount":580656.0,"day":1542585600000},{"amount":412535.0,"day":1542672000000},{"amount":485770.0,"day":1542758400000},{"amount":515298.0,"day":1542844800000},{"amount":662010.0,"day":1542931200000},{"amount":595021.0,"day":1543017600000},{"amount":624131.0,"day":1543104000000},{"amount":648702.0,"day":1543190400000},{"amount":777854.0,"day":1543276800000},{"amount":740299.0,"day":1543363200000},{"amount":693655.0,"day":1543449600000},{"amount":697639.0,"day":1543536000000},{"amount":694715.0,"day":1543622400000},{"amount":700843.0,"day":1543708800000},{"amount":631381.0,"day":1543795200000},{"amount":615253.0,"day":1543881600000},{"amount":728772.0,"day":1543968000000},{"amount":808567.0,"day":1544054400000},{"amount":829060.0,"day":1544140800000},{"amount":880645.0,"day":1544227200000},{"amount":875385.0,"day":1544313600000},{"amount":999527.0,"day":1544400000000},{"amount":985788.0,"day":1544486400000},{"amount":959488.0,"day":1544572800000},{"amount":1004617.0,"day":1544659200000},{"amount":1057122.0,"day":1544745600000},{"amount":1163713.0,"day":1544832000000},{"amount":1219462.0,"day":1544918400000},{"amount":1125567.0,"day":1545004800000},{"amount":1043893.0,"day":1545091200000},{"amount":585489.0,"day":1545177600000},{"amount":1053712.0,"day":1545264000000},{"amount":1343889.0,"day":1545350400000},{"amount":944102.0,"day":1545436800000},{"amount":968891.0,"day":1545523200000},{"amount":704850.0,"day":1545609600000},{"amount":512449.0,"day":1545696000000},{"amount":569706.0,"day":1545782400000},{"amount":573660.0,"day":1545868800000},{"amount":619607.0,"day":1545955200000},{"amount":652155.0,"day":1546041600000},{"amount":602390.0,"day":1546128000000},{"amount":578217.0,"day":1546214400000},{"amount":530435.0,"day":1546300800000},{"amount":475860.0,"day":1546387200000},{"amount":387725.0,"day":1546473600000},{"amount":444453.0,"day":1546560000000},{"amount":473438.0,"day":1546646400000},{"amount":490222.0,"day":1546732800000},{"amount":398593.0,"day":1546819200000},{"amount":449953.0,"day":1546905600000},{"amount":378557.0,"day":1546992000000},{"amount":470153.0,"day":1547078400000},{"amount":662425.0,"day":1547164800000},{"amount":707647.0,"day":1547251200000},{"amount":784336.0,"day":1547337600000},{"amount":881968.0,"day":1547424000000},{"amount":902407.0,"day":1547510400000},{"amount":1175415.0,"day":1547596800000},{"amount":1046098.0,"day":1547683200000},{"amount":973504.0,"day":1547769600000},{"amount":825009.0,"day":1547856000000},{"amount":714775.0,"day":1547942400000},{"amount":613355.0,"day":1548028800000},{"amount":596128.0,"day":1548115200000},{"amount":548790.0,"day":1548201600000},{"amount":392303.0,"day":1548288000000},{"amount":314818.0,"day":1548374400000},{"amount":303781.0,"day":1548460800000},{"amount":301452.0,"day":1548547200000},{"amount":295152.0,"day":1548633600000},{"amount":300297.0,"day":1548720000000},{"amount":267832.0,"day":1548806400000},{"amount":254430.0,"day":1548892800000},{"amount":229071.0,"day":1548979200000},{"amount":253503.0,"day":1549065600000},{"amount":253096.0,"day":1549152000000},{"amount":244523.0,"day":1549238400000},{"amount":248554.0,"day":1549324800000},{"amount":230614.0,"day":1549411200000},{"amount":207965.0,"day":1549497600000},{"amount":221257.0,"day":1549584000000},{"amount":215069.0,"day":1549670400000},{"amount":198893.0,"day":1549756800000},{"amount":186907.0,"day":1549843200000},{"amount":216523.0,"day":1549929600000},{"amount":221968.0,"day":1550016000000},{"amount":232116.0,"day":1550102400000},{"amount":237078.0,"day":1550188800000},{"amount":280194.0,"day":1550275200000},{"amount":241010.0,"day":1550361600000},{"amount":226560.0,"day":1550448000000},{"amount":226309.0,"day":1550534400000},{"amount":234516.0,"day":1550620800000},{"amount":268239.0,"day":1550707200000},{"amount":210602.0,"day":1550793600000},{"amount":215679.0,"day":1550880000000},{"amount":240863.0,"day":1550966400000},{"amount":213948.0,"day":1551052800000},{"amount":282446.0,"day":1551139200000},{"amount":273710.0,"day":1551225600000},{"amount":310034.0,"day":1551312000000},{"amount":328427.0,"day":1551398400000},{"amount":367454.0,"day":1551484800000},{"amount":357554.0,"day":1551571200000},{"amount":484983.0,"day":1551657600000},{"amount":711514.0,"day":1551744000000},{"amount":858093.0,"day":1551830400000},{"amount":929283.0,"day":1551916800000},{"amount":821052.0,"day":1552003200000},{"amount":603697.0,"day":1552089600000},{"amount":466520.0,"day":1552176000000},{"amount":421246.0,"day":1552262400000},{"amount":394251.0,"day":1552348800000},{"amount":372155.0,"day":1552435200000},{"amount":295709.0,"day":1552521600000},{"amount":259443.0,"day":1552608000000},{"amount":266887.0,"day":1552694400000},{"amount":280592.0,"day":1552780800000},{"amount":495631.0,"day":1552867200000},{"amount":438103.0,"day":1552953600000},{"amount":379460.0,"day":1553040000000},{"amount":336367.0,"day":1553126400000},{"amount":340236.0,"day":1553212800000},{"amount":333142.0,"day":1553299200000},{"amount":279112.0,"day":1553385600000},{"amount":280885.0,"day":1553472000000},{"amount":274243.0,"day":1553558400000},{"amount":232600.0,"day":1553644800000},{"amount":249152.0,"day":1553731200000},{"amount":276659.0,"day":1553817600000},{"amount":277887.0,"day":1553904000000},{"amount":250093.0,"day":1553990400000},{"amount":251563.0,"day":1554076800000},{"amount":217713.0,"day":1554163200000},{"amount":219379.0,"day":1554249600000},{"amount":243012.0,"day":1554336000000},{"amount":224438.0,"day":1554422400000},{"amount":217299.0,"day":1554508800000},{"amount":199102.0,"day":1554595200000},{"amount":215132.0,"day":1554681600000},{"amount":189885.0,"day":1554768000000},{"amount":190230.0,"day":1554854400000},{"amount":212791.0,"day":1554940800000},{"amount":217632.0,"day":1555027200000},{"amount":184195.0,"day":1555113600000},{"amount":186398.0,"day":1555200000000},{"amount":183668.0,"day":1555286400000},{"amount":164515.0,"day":1555372800000},{"amount":147167.0,"day":1555459200000},{"amount":153206.0,"day":1555545600000},{"amount":165902.0,"day":1555632000000},{"amount":160404.0,"day":1555718400000},{"amount":160595.0,"day":1555804800000},{"amount":196933.0,"day":1555891200000},{"amount":200738.0,"day":1555977600000},{"amount":209206.0,"day":1556064000000},{"amount":197395.0,"day":1556150400000},{"amount":173272.0,"day":1556236800000},{"amount":191974.0,"day":1556323200000},{"amount":180296.0,"day":1556409600000},{"amount":188202.0,"day":1556496000000},{"amount":188064.0,"day":1556582400000},{"amount":192824.0,"day":1556668800000},{"amount":174416.0,"day":1556755200000},{"amount":182888.0,"day":1556841600000},{"amount":174034.0,"day":1556928000000},{"amount":173388.0,"day":1557014400000},{"amount":166745.0,"day":1557100800000},{"amount":162084.0,"day":1557187200000},{"amount":151236.0,"day":1557273600000},{"amount":153443.0,"day":1557360000000},{"amount":150030.0,"day":1557446400000},{"amount":146987.0,"day":1557532800000},{"amount":153244.0,"day":1557619200000},{"amount":118078.0,"day":1557705600000},{"amount":120610.0,"day":1557792000000},{"amount":129939.0,"day":1557878400000},{"amount":158520.0,"day":1557964800000},{"amount":137383.0,"day":1558051200000},{"amount":149682.0,"day":1558137600000},{"amount":152623.0,"day":1558224000000},{"amount":144108.0,"day":1558310400000},{"amount":146833.0,"day":1558396800000},{"amount":154602.0,"day":1558483200000},{"amount":134738.0,"day":1558569600000},{"amount":113383.0,"day":1558656000000},{"amount":122776.0,"day":1558742400000},{"amount":126814.0,"day":1558828800000},{"amount":152497.0,"day":1558915200000},{"amount":134550.0,"day":1559001600000},{"amount":133249.0,"day":1559088000000},{"amount":144719.0,"day":1559174400000},{"amount":110944.0,"day":1559260800000},{"amount":106979.0,"day":1559347200000},{"amount":134159.0,"day":1559433600000},{"amount":118578.0,"day":1559520000000},{"amount":123078.0,"day":1559606400000},{"amount":136276.0,"day":1559692800000},{"amount":119162.0,"day":1559779200000},{"amount":132725.0,"day":1559865600000},{"amount":160697.0,"day":1559952000000},{"amount":133930.0,"day":1560038400000},{"amount":146839.0,"day":1560124800000},{"amount":117422.0,"day":1560211200000},{"amount":118472.0,"day":1560297600000},{"amount":119827.0,"day":1560384000000},{"amount":128760.0,"day":1560470400000},{"amount":153134.0,"day":1560556800000},{"amount":131958.0,"day":1560643200000},{"amount":114167.0,"day":1560729600000},{"amount":142028.0,"day":1560816000000},{"amount":167136.0,"day":1560902400000},{"amount":152793.0,"day":1560988800000},{"amount":163986.0,"day":1561075200000},{"amount":160358.0,"day":1561161600000},{"amount":135933.0,"day":1561248000000},{"amount":126471.0,"day":1561334400000},{"amount":118696.0,"day":1561420800000},{"amount":126619.0,"day":1561507200000},{"amount":124779.0,"day":1561593600000},{"amount":123101.0,"day":1561680000000},{"amount":107009.0,"day":1561766400000},{"amount":100779.0,"day":1561852800000},{"amount":101571.0,"day":1561939200000},{"amount":122977.0,"day":1562025600000},{"amount":116721.0,"day":1562112000000},{"amount":118982.0,"day":1562198400000},{"amount":94012.0,"day":1562284800000},{"amount":124609.0,"day":1562371200000},{"amount":117215.0,"day":1562457600000},{"amount":129908.0,"day":1562544000000},{"amount":118455.0,"day":1562630400000},{"amount":108596.0,"day":1562716800000},{"amount":108963.0,"day":1562803200000},{"amount":102988.0,"day":1562889600000},{"amount":118746.0,"day":1562976000000},{"amount":115594.0,"day":1563062400000},{"amount":105077.0,"day":1563148800000},{"amount":120530.0,"day":1563235200000},{"amount":128705.0,"day":1563321600000},{"amount":131096.0,"day":1563408000000},{"amount":165670.0,"day":1563494400000},{"amount":239088.0,"day":1563580800000},{"amount":35370.0,"day":1563667200000},{"amount":61.0,"day":1563753600000},{"amount":28.0,"day":1563840000000},{"amount":3.0,"day":1563926400000},{"amount":1.0,"day":1564012800000},{"amount":69.0,"day":1564099200000},{"amount":5.0,"day":1564185600000},{"amount":21.0,"day":1564358400000},{"amount":5.0,"day":1564444800000},{"amount":3.0,"day":1564531200000},{"amount":2.0,"day":1564704000000},{"amount":1.0,"day":1564790400000},{"amount":6.0,"day":1564876800000},{"amount":4.0,"day":1564963200000},{"amount":2.0,"day":1565049600000},{"amount":4.0,"day":1565136000000},{"amount":1.0,"day":1565222400000},{"amount":2.0,"day":1565308800000},{"amount":1.0,"day":1565395200000},{"amount":7.0,"day":1565568000000},{"amount":1.0,"day":1565654400000},{"amount":9.0,"day":1565740800000},{"amount":1.0,"day":1565827200000},{"amount":2.0,"day":1565913600000},{"amount":25.0,"day":1566086400000},{"amount":4.0,"day":1566172800000},{"amount":2.0,"day":1566259200000},{"amount":2.0,"day":1566345600000},{"amount":2.0,"day":1566432000000},{"amount":2.0,"day":1566518400000},{"amount":4.0,"day":1566691200000},{"amount":1.0,"day":1566777600000},{"amount":5.0,"day":1566864000000},{"amount":3.0,"day":1566950400000},{"amount":7.0,"day":1567036800000},{"amount":1.0,"day":1567123200000},{"amount":2.0,"day":1567209600000},{"amount":3.0,"day":1567296000000},{"amount":5.0,"day":1567382400000},{"amount":1.0,"day":1567468800000},{"amount":4.0,"day":1567555200000},{"amount":10.0,"day":1567641600000},{"amount":1.0,"day":1567728000000},{"amount":4.0,"day":1567814400000},{"amount":1.0,"day":1567987200000},{"amount":6.0,"day":1568073600000},{"amount":4.0,"day":1568160000000},{"amount":2.0,"day":1568246400000},{"amount":2.0,"day":1568332800000},{"amount":7.0,"day":1568419200000},{"amount":4.0,"day":1568505600000},{"amount":4.0,"day":1568592000000},{"amount":3.0,"day":1568678400000},{"amount":3.0,"day":1568764800000},{"amount":11.0,"day":1568851200000},{"amount":8.0,"day":1568937600000},{"amount":3.0,"day":1569024000000},{"amount":4.0,"day":1569283200000},{"amount":1.0,"day":1569456000000},{"amount":3.0,"day":1569542400000},{"amount":6.0,"day":1569715200000},{"amount":3.0,"day":1569801600000},{"amount":1.0,"day":1569888000000},{"amount":5.0,"day":1569974400000},{"amount":3855.0,"day":1570147200000},{"amount":204.0,"day":1570233600000},{"amount":4.0,"day":1570320000000},{"amount":28.0,"day":1570406400000},{"amount":1.0,"day":1570492800000},{"amount":2.0,"day":1570579200000},{"amount":4.0,"day":1570665600000},{"amount":2.0,"day":1570752000000},{"amount":1.0,"day":1570838400000},{"amount":3.0,"day":1570924800000},{"amount":13.0,"day":1571011200000},{"amount":4.0,"day":1571270400000},{"amount":2.0,"day":1571356800000},{"amount":5.0,"day":1571443200000},{"amount":1.0,"day":1571616000000},{"amount":5.0,"day":1571702400000},{"amount":1.0,"day":1571788800000},{"amount":12.0,"day":1571875200000},{"amount":1.0,"day":1571961600000},{"amount":1.0,"day":1572134400000},{"amount":2.0,"day":1572220800000},{"amount":3.0,"day":1572307200000},{"amount":3.0,"day":1572393600000},{"amount":9.0,"day":1572480000000},{"amount":1.0,"day":1572652800000},{"amount":3.0,"day":1572739200000},{"amount":1.0,"day":1572825600000},{"amount":3.0,"day":1572998400000},{"amount":2.0,"day":1573171200000},{"amount":1.0,"day":1573257600000},{"amount":6.0,"day":1573430400000},{"amount":20.0,"day":1573603200000},{"amount":1.0,"day":1573689600000},{"amount":1.0,"day":1573776000000},{"amount":5.0,"day":1573862400000},{"amount":5.0,"day":1573948800000},{"amount":2.0,"day":1574035200000},{"amount":1.0,"day":1574121600000},{"amount":3.0,"day":1574208000000},{"amount":4.0,"day":1574467200000},{"amount":3.0,"day":1574553600000},{"amount":6.0,"day":1574640000000},{"amount":10.0,"day":1574812800000},{"amount":10.0,"day":1574899200000},{"amount":18.0,"day":1574985600000},{"amount":4.0,"day":1575072000000},{"amount":95.0,"day":1575158400000},{"amount":46.0,"day":1575244800000},{"amount":21.0,"day":1575417600000},{"amount":9.0,"day":1575763200000},{"amount":2.0,"day":1576886400000},{"amount":5.0,"day":1576972800000},{"amount":10.0,"day":1577145600000},{"amount":150.0,"day":1577318400000},{"amount":1.0,"day":1577664000000},{"amount":7.0,"day":1578009600000},{"amount":12.0,"day":1578096000000},{"amount":12.0,"day":1578528000000},{"amount":184.0,"day":1578614400000},{"amount":12.0,"day":1578787200000},{"amount":4.0,"day":1578960000000},{"amount":1.0,"day":1579132800000},{"amount":5.0,"day":1579305600000},{"amount":14.0,"day":1579564800000},{"amount":3.0,"day":1579651200000},{"amount":3.0,"day":1580601600000},{"amount":5.0,"day":1580774400000},{"amount":8.0,"day":1581033600000},{"amount":27.0,"day":1581811200000},{"amount":53.0,"day":1581897600000},{"amount":8.0,"day":1583107200000},{"amount":5.0,"day":1583193600000},{"amount":2.0,"day":1585008000000},{"amount":6.0,"day":1585180800000}]
12:58:59.879 [TestNG-tests-1] INFO tron.common.TronscanApiList - JSON content size are: 3
12:58:59.879 [TestNG-tests-1] INFO tron.common.TronscanApiList - ----------------------------Print JSON End-----------------------------
]]></system-out>
  <system-err><![CDATA[]]></system-err>
</testsuite>
