<?xml version="1.0" encoding="UTF-8"?>
<testsuite name="tron.tronscan.api.VoteWitnesses" tests="2" skipped="0" failures="1" errors="0" timestamp="2020-03-27T04:58:42" hostname="zhukaideiMac.local" time="2.424">
  <properties/>
  <testcase name="getVoteWitness" classname="tron.tronscan.api.VoteWitnesses" time="0.535">
    <failure message="java.lang.AssertionError" type="java.lang.AssertionError">java.lang.AssertionError
	at org.junit.Assert.fail(Assert.java:86)
	at org.junit.Assert.assertTrue(Assert.java:41)
	at org.junit.Assert.assertTrue(Assert.java:52)
	at tron.tronscan.api.VoteWitnesses.getVoteWitness(VoteWitnesses.java:96)
	at sun.reflect.NativeMethodAccessorImpl.invoke0(Native Method)
	at sun.reflect.NativeMethodAccessorImpl.invoke(NativeMethodAccessorImpl.java:62)
	at sun.reflect.DelegatingMethodAccessorImpl.invoke(DelegatingMethodAccessorImpl.java:43)
	at java.lang.reflect.Method.invoke(Method.java:498)
	at org.testng.internal.MethodInvocationHelper.invokeMethod(MethodInvocationHelper.java:124)
	at org.testng.internal.Invoker.invokeMethod(Invoker.java:583)
	at org.testng.internal.Invoker.invokeTestMethod(Invoker.java:719)
	at org.testng.internal.Invoker.invokeTestMethods(Invoker.java:989)
	at org.testng.internal.TestMethodWorker.invokeTestMethods(TestMethodWorker.java:125)
	at org.testng.internal.TestMethodWorker.run(TestMethodWorker.java:109)
	at org.testng.TestRunner.privateRun(TestRunner.java:648)
	at org.testng.TestRunner.run(TestRunner.java:505)
	at org.testng.SuiteRunner.runTest(SuiteRunner.java:455)
	at org.testng.SuiteRunner.access$000(SuiteRunner.java:40)
	at org.testng.SuiteRunner$SuiteWorker.run(SuiteRunner.java:489)
	at org.testng.internal.thread.ThreadUtil$1.call(ThreadUtil.java:52)
	at java.util.concurrent.FutureTask.run(FutureTask.java:266)
	at java.util.concurrent.ThreadPoolExecutor.runWorker(ThreadPoolExecutor.java:1149)
	at java.util.concurrent.ThreadPoolExecutor$Worker.run(ThreadPoolExecutor.java:624)
	at java.lang.Thread.run(Thread.java:748)
</failure>
  </testcase>
  <testcase name="test01getVoteWitnesses" classname="tron.tronscan.api.VoteWitnesses" time="1.889"/>
  <system-out><![CDATA[http://apilist.tronscan.org/api/vote/witness
12:58:42.358 [TestNG-tests-1] DEBUG org.apache.http.impl.conn.PoolingClientConnectionManager - Connection request: [route: {}->http://apilist.tronscan.org:80][total kept alive: 0; route allocated: 0 of 80; total allocated: 0 of 100]
12:58:42.358 [TestNG-tests-1] DEBUG org.apache.http.impl.conn.PoolingClientConnectionManager - Connection leased: [id: 61][route: {}->http://apilist.tronscan.org:80][total kept alive: 0; route allocated: 1 of 80; total allocated: 1 of 100]
12:58:42.358 [TestNG-tests-1] DEBUG org.apache.http.impl.conn.DefaultClientConnectionOperator - Connecting to apilist.tronscan.org:80
12:58:42.610 [TestNG-tests-1] DEBUG org.apache.http.client.protocol.RequestAddCookies - CookieSpec selected: default
12:58:42.610 [TestNG-tests-1] DEBUG org.apache.http.client.protocol.RequestAuthCache - Auth cache not set in the context
12:58:42.610 [TestNG-tests-1] DEBUG org.apache.http.client.protocol.RequestTargetAuthentication - Target auth state: UNCHALLENGED
12:58:42.610 [TestNG-tests-1] DEBUG org.apache.http.client.protocol.RequestProxyAuthentication - Proxy auth state: UNCHALLENGED
12:58:42.610 [TestNG-tests-1] DEBUG org.apache.http.impl.client.DefaultHttpClient - Attempt 1 to execute request
12:58:42.610 [TestNG-tests-1] DEBUG org.apache.http.impl.conn.DefaultClientConnection - Sending request: GET /api/vote/witness?address=TMuA6YqfCeX8EhbfYEg5y7S4DqzSJireY9 HTTP/1.1
12:58:42.610 [TestNG-tests-1] DEBUG org.apache.http.wire -  >> "GET /api/vote/witness?address=TMuA6YqfCeX8EhbfYEg5y7S4DqzSJireY9 HTTP/1.1[\r][\n]"
12:58:42.610 [TestNG-tests-1] DEBUG org.apache.http.wire -  >> "Content-type: application/json; charset=utf-8[\r][\n]"
12:58:42.610 [TestNG-tests-1] DEBUG org.apache.http.wire -  >> "Connection: Close[\r][\n]"
12:58:42.610 [TestNG-tests-1] DEBUG org.apache.http.wire -  >> "Host: apilist.tronscan.org[\r][\n]"
12:58:42.610 [TestNG-tests-1] DEBUG org.apache.http.wire -  >> "User-Agent: Apache-HttpClient/4.5.3 (Java/1.8.0_211)[\r][\n]"
12:58:42.610 [TestNG-tests-1] DEBUG org.apache.http.wire -  >> "[\r][\n]"
12:58:42.610 [TestNG-tests-1] DEBUG org.apache.http.headers - >> GET /api/vote/witness?address=TMuA6YqfCeX8EhbfYEg5y7S4DqzSJireY9 HTTP/1.1
12:58:42.610 [TestNG-tests-1] DEBUG org.apache.http.headers - >> Content-type: application/json; charset=utf-8
12:58:42.610 [TestNG-tests-1] DEBUG org.apache.http.headers - >> Connection: Close
12:58:42.610 [TestNG-tests-1] DEBUG org.apache.http.headers - >> Host: apilist.tronscan.org
12:58:42.610 [TestNG-tests-1] DEBUG org.apache.http.headers - >> User-Agent: Apache-HttpClient/4.5.3 (Java/1.8.0_211)
12:58:42.892 [TestNG-tests-1] DEBUG org.apache.http.wire -  << "HTTP/1.1 200 OK[\r][\n]"
12:58:42.892 [TestNG-tests-1] DEBUG org.apache.http.wire -  << "Server: nginx[\r][\n]"
12:58:42.892 [TestNG-tests-1] DEBUG org.apache.http.wire -  << "Date: Fri, 27 Mar 2020 04:58:43 GMT[\r][\n]"
12:58:42.892 [TestNG-tests-1] DEBUG org.apache.http.wire -  << "Content-Type: application/json;charset=utf-8[\r][\n]"
12:58:42.892 [TestNG-tests-1] DEBUG org.apache.http.wire -  << "Content-Length: 301[\r][\n]"
12:58:42.892 [TestNG-tests-1] DEBUG org.apache.http.wire -  << "Connection: close[\r][\n]"
12:58:42.892 [TestNG-tests-1] DEBUG org.apache.http.wire -  << "Access-Control-Allow-Origin: *[\r][\n]"
12:58:42.892 [TestNG-tests-1] DEBUG org.apache.http.wire -  << "Access-Control-Allow-Headers: DNT,X-Mx-ReqToken,Keep-Alive,User-Agent,X-Requested-With,If-Modified-Since,Cache-Control,Content-Type,Authorization[\r][\n]"
12:58:42.892 [TestNG-tests-1] DEBUG org.apache.http.wire -  << "Access-Control-Allow-Methods: GET,POST,PUT,DELETE,OPTIONS[\r][\n]"
12:58:42.892 [TestNG-tests-1] DEBUG org.apache.http.wire -  << "X-Proxy-Cache: MISS[\r][\n]"
12:58:42.892 [TestNG-tests-1] DEBUG org.apache.http.wire -  << "[\r][\n]"
12:58:42.892 [TestNG-tests-1] DEBUG org.apache.http.impl.conn.DefaultClientConnection - Receiving response: HTTP/1.1 200 OK
12:58:42.892 [TestNG-tests-1] DEBUG org.apache.http.headers - << HTTP/1.1 200 OK
12:58:42.892 [TestNG-tests-1] DEBUG org.apache.http.headers - << Server: nginx
12:58:42.892 [TestNG-tests-1] DEBUG org.apache.http.headers - << Date: Fri, 27 Mar 2020 04:58:43 GMT
12:58:42.892 [TestNG-tests-1] DEBUG org.apache.http.headers - << Content-Type: application/json;charset=utf-8
12:58:42.892 [TestNG-tests-1] DEBUG org.apache.http.headers - << Content-Length: 301
12:58:42.892 [TestNG-tests-1] DEBUG org.apache.http.headers - << Connection: close
12:58:42.892 [TestNG-tests-1] DEBUG org.apache.http.headers - << Access-Control-Allow-Origin: *
12:58:42.892 [TestNG-tests-1] DEBUG org.apache.http.headers - << Access-Control-Allow-Headers: DNT,X-Mx-ReqToken,Keep-Alive,User-Agent,X-Requested-With,If-Modified-Since,Cache-Control,Content-Type,Authorization
12:58:42.892 [TestNG-tests-1] DEBUG org.apache.http.headers - << Access-Control-Allow-Methods: GET,POST,PUT,DELETE,OPTIONS
12:58:42.892 [TestNG-tests-1] DEBUG org.apache.http.headers - << X-Proxy-Cache: MISS
http://apilist.tronscan.org/api/vote/witness?address=TMuA6YqfCeX8EhbfYEg5y7S4DqzSJireY9 请求总耗时：534 毫秒
12:58:42.892 [TestNG-tests-1] INFO tron.tronscan.api.VoteWitnesses - code is 200
12:58:42.892 [TestNG-tests-1] DEBUG org.apache.http.wire -  << "{"success":"false","data":{"realTimeRanking":0,"address":"","name":"","url":"","hasPage":false,"lastCycleVotes":0,"realTimeVotes":0,"changeVotes":0,"votesPercentage":0,"lastCycleVotesPercentage":0,"change_cycle":0,"witnessType":3,"producedTotal":0,"producedEfficiency":0,"blockReward":0,"version":0}}[\n]"
12:58:42.893 [TestNG-tests-1] DEBUG org.apache.http.impl.conn.DefaultClientConnection - Connection 0.0.0.0:61318<->18.216.178.128:80 closed
12:58:42.893 [TestNG-tests-1] DEBUG org.apache.http.impl.conn.PoolingClientConnectionManager - Connection released: [id: 61][route: {}->http://apilist.tronscan.org:80][total kept alive: 0; route allocated: 0 of 80; total allocated: 0 of 100]
12:58:42.893 [TestNG-tests-1] INFO tron.common.TronscanApiList - ----------------------------Print JSON Start---------------------------
12:58:42.893 [TestNG-tests-1] INFO tron.common.TronscanApiList - data:{"hasPage":false,"address":"","blockReward":0,"lastCycleVotes":0,"realTimeVotes":0,"version":0,"url":"","producedTotal":0,"witnessType":3,"producedEfficiency":0,"name":"","changeVotes":0,"lastCycleVotesPercentage":0,"change_cycle":0,"realTimeRanking":0,"votesPercentage":0}
12:58:42.893 [TestNG-tests-1] INFO tron.common.TronscanApiList - success:false
12:58:42.893 [TestNG-tests-1] INFO tron.common.TronscanApiList - JSON content size are: 2
12:58:42.893 [TestNG-tests-1] INFO tron.common.TronscanApiList - ----------------------------Print JSON End-----------------------------
http://apilist.tronscan.org/api/vote/witness
12:58:42.893 [TestNG-tests-1] DEBUG org.apache.http.impl.conn.PoolingClientConnectionManager - Connection request: [route: {}->http://apilist.tronscan.org:80][total kept alive: 0; route allocated: 0 of 80; total allocated: 0 of 100]
12:58:42.893 [TestNG-tests-1] DEBUG org.apache.http.impl.conn.PoolingClientConnectionManager - Connection leased: [id: 62][route: {}->http://apilist.tronscan.org:80][total kept alive: 0; route allocated: 1 of 80; total allocated: 1 of 100]
12:58:42.893 [TestNG-tests-1] DEBUG org.apache.http.impl.conn.DefaultClientConnectionOperator - Connecting to apilist.tronscan.org:80
12:58:43.129 [TestNG-tests-1] DEBUG org.apache.http.client.protocol.RequestAddCookies - CookieSpec selected: default
12:58:43.129 [TestNG-tests-1] DEBUG org.apache.http.client.protocol.RequestAuthCache - Auth cache not set in the context
12:58:43.129 [TestNG-tests-1] DEBUG org.apache.http.client.protocol.RequestTargetAuthentication - Target auth state: UNCHALLENGED
12:58:43.129 [TestNG-tests-1] DEBUG org.apache.http.client.protocol.RequestProxyAuthentication - Proxy auth state: UNCHALLENGED
12:58:43.129 [TestNG-tests-1] DEBUG org.apache.http.impl.client.DefaultHttpClient - Attempt 1 to execute request
12:58:43.129 [TestNG-tests-1] DEBUG org.apache.http.impl.conn.DefaultClientConnection - Sending request: GET /api/vote/witness HTTP/1.1
12:58:43.129 [TestNG-tests-1] DEBUG org.apache.http.wire -  >> "GET /api/vote/witness HTTP/1.1[\r][\n]"
12:58:43.129 [TestNG-tests-1] DEBUG org.apache.http.wire -  >> "Content-type: application/json; charset=utf-8[\r][\n]"
12:58:43.129 [TestNG-tests-1] DEBUG org.apache.http.wire -  >> "Connection: Close[\r][\n]"
12:58:43.129 [TestNG-tests-1] DEBUG org.apache.http.wire -  >> "Host: apilist.tronscan.org[\r][\n]"
12:58:43.129 [TestNG-tests-1] DEBUG org.apache.http.wire -  >> "User-Agent: Apache-HttpClient/4.5.3 (Java/1.8.0_211)[\r][\n]"
12:58:43.129 [TestNG-tests-1] DEBUG org.apache.http.wire -  >> "[\r][\n]"
12:58:43.129 [TestNG-tests-1] DEBUG org.apache.http.headers - >> GET /api/vote/witness HTTP/1.1
12:58:43.129 [TestNG-tests-1] DEBUG org.apache.http.headers - >> Content-type: application/json; charset=utf-8
12:58:43.129 [TestNG-tests-1] DEBUG org.apache.http.headers - >> Connection: Close
12:58:43.129 [TestNG-tests-1] DEBUG org.apache.http.headers - >> Host: apilist.tronscan.org
12:58:43.129 [TestNG-tests-1] DEBUG org.apache.http.headers - >> User-Agent: Apache-HttpClient/4.5.3 (Java/1.8.0_211)
12:58:43.409 [TestNG-tests-1] DEBUG org.apache.http.wire -  << "HTTP/1.1 200 OK[\r][\n]"
12:58:43.409 [TestNG-tests-1] DEBUG org.apache.http.wire -  << "Server: nginx[\r][\n]"
12:58:43.409 [TestNG-tests-1] DEBUG org.apache.http.wire -  << "Date: Fri, 27 Mar 2020 04:58:44 GMT[\r][\n]"
12:58:43.409 [TestNG-tests-1] DEBUG org.apache.http.wire -  << "Content-Type: application/json;charset=utf-8[\r][\n]"
12:58:43.409 [TestNG-tests-1] DEBUG org.apache.http.wire -  << "Transfer-Encoding: chunked[\r][\n]"
12:58:43.409 [TestNG-tests-1] DEBUG org.apache.http.wire -  << "Connection: close[\r][\n]"
12:58:43.409 [TestNG-tests-1] DEBUG org.apache.http.wire -  << "Vary: Accept-Encoding[\r][\n]"
12:58:43.409 [TestNG-tests-1] DEBUG org.apache.http.wire -  << "Access-Control-Allow-Origin: *[\r][\n]"
12:58:43.409 [TestNG-tests-1] DEBUG org.apache.http.wire -  << "Access-Control-Allow-Headers: DNT,X-Mx-ReqToken,Keep-Alive,User-Agent,X-Requested-With,If-Modified-Since,Cache-Control,Content-Type,Authorization[\r][\n]"
12:58:43.409 [TestNG-tests-1] DEBUG org.apache.http.wire -  << "Access-Control-Allow-Methods: GET,POST,PUT,DELETE,OPTIONS[\r][\n]"
12:58:43.409 [TestNG-tests-1] DEBUG org.apache.http.wire -  << "X-Proxy-Cache: EXPIRED[\r][\n]"
12:58:43.409 [TestNG-tests-1] DEBUG org.apache.http.wire -  << "[\r][\n]"
12:58:43.409 [TestNG-tests-1] DEBUG org.apache.http.impl.conn.DefaultClientConnection - Receiving response: HTTP/1.1 200 OK
12:58:43.409 [TestNG-tests-1] DEBUG org.apache.http.headers - << HTTP/1.1 200 OK
12:58:43.409 [TestNG-tests-1] DEBUG org.apache.http.headers - << Server: nginx
12:58:43.409 [TestNG-tests-1] DEBUG org.apache.http.headers - << Date: Fri, 27 Mar 2020 04:58:44 GMT
12:58:43.409 [TestNG-tests-1] DEBUG org.apache.http.headers - << Content-Type: application/json;charset=utf-8
12:58:43.409 [TestNG-tests-1] DEBUG org.apache.http.headers - << Transfer-Encoding: chunked
12:58:43.409 [TestNG-tests-1] DEBUG org.apache.http.headers - << Connection: close
12:58:43.409 [TestNG-tests-1] DEBUG org.apache.http.headers - << Vary: Accept-Encoding
12:58:43.409 [TestNG-tests-1] DEBUG org.apache.http.headers - << Access-Control-Allow-Origin: *
12:58:43.409 [TestNG-tests-1] DEBUG org.apache.http.headers - << Access-Control-Allow-Headers: DNT,X-Mx-ReqToken,Keep-Alive,User-Agent,X-Requested-With,If-Modified-Since,Cache-Control,Content-Type,Authorization
12:58:43.409 [TestNG-tests-1] DEBUG org.apache.http.headers - << Access-Control-Allow-Methods: GET,POST,PUT,DELETE,OPTIONS
12:58:43.409 [TestNG-tests-1] DEBUG org.apache.http.headers - << X-Proxy-Cache: EXPIRED
http://apilist.tronscan.org/api/vote/witness 请求总耗时：516 毫秒
12:58:43.409 [TestNG-tests-1] INFO tron.tronscan.api.VoteWitnesses - code is 200
12:58:43.409 [TestNG-tests-1] DEBUG org.apache.http.wire -  << "7deb[\r][\n]"
12:58:43.409 [TestNG-tests-1] DEBUG org.apache.http.wire -  << "{"total":244,"totalVotes":24248294714,"fastestRise":{"lastRanking":12,"realTimeRanking":10,"address":"TTMNxTmRpBZnjtUnohX84j25NLkTqDga7j","name":"TronSpark","url":"https://tronspark.com","hasPage":true,"lastCycleVotes":326489461,"realTimeVotes":339758706,"changeVotes":13269245,"brokerage":100,"votesPercentage":1.4011653603163972,"lastCycleVotesPercentage":1.3464905117210462,"change_cycle":2,"witnessType":1,"producedTotal":621087,"producedEfficiency":99.43899287693867,"blockReward":17435296,"version":10},"data":[{"lastRanking":1,"realTimeRanking":1,"address":"TLyqzVGLV1srkB7dToTAEqgDSfPtXRJZYH","name":"Binance Staking","url":"https://www.binance.com/en/staking","hasPage":false,"lastCycleVotes":13538303260,"realTimeVotes":13538509524,"changeVotes":206264,"brokerage":20,"votesPercentage":55.8328314781798,"lastCycleVotesPercentage":55.83395197063376,"change_cycle":0,"witnessType":1,"producedTotal":191086,"producedEfficiency":99.96494954303621,"blockReward":3675040,"version":10},{"lastRanking":2,"realTimeRanking":2,"address":"TGj1Ej1qRzL9feLTLhjwgxXF4Ct6GTWg2U","name":"Skypeople","url":"http://www.skypeople.co.kr","hasPage":true,"lastCycleVotes":982129390,"realTimeVotes":953070705,"changeVotes":-29058685,"brokerage":0,"votesPercentage":3.93046486873048,"lastCycleVotesPercentage":4.050445919041101,"change_cycle":0,"witnessType":1,"producedTo"
12:58:43.410 [TestNG-tests-1] DEBUG org.apache.http.wire -  << "tal":676026,"producedEfficiency":99.28374526180674,"blockReward":19193200,"version":10},{"lastRanking":3,"realTimeRanking":3,"address":"TV9QitxEJ3pdiAUAfJ2QuPxLKp9qTTR3og","name":"BitGuild","url":"https://www.bitguild.com","hasPage":true,"lastCycleVotes":717572645,"realTimeVotes":748403693,"changeVotes":30831048,"brokerage":100,"votesPercentage":3.0864178360876715,"lastCycleVotesPercentage":2.959375028534457,"change_cycle":0,"witnessType":1,"producedTotal":587302,"producedEfficiency":99.559248824381,"blockReward":16356336,"version":10},{"lastRanking":4,"realTimeRanking":4,"address":"TJvaAeFb8Lykt9RQcVyyTFN2iDvGMuyD4M","name":"Poloniex","url":"https://poloniex.com/","hasPage":false,"lastCycleVotes":674334883,"realTimeVotes":672595897,"changeVotes":-1738986,"brokerage":0,"votesPercentage":2.7737863834674936,"lastCycleVotesPercentage":2.7810561446637987,"change_cycle":0,"witnessType":1,"producedTotal":39111,"producedEfficiency":99.99744323992637,"blockReward":625776,"version":15},{"lastRanking":5,"realTimeRanking":5,"address":"THYPk7Z72REsPrHtZkcwp9pWJadsPxp1UP","name":"bitwirespool","url":"https://www.beekuaibao.com","hasPage":false,"lastCycleVotes":450776947,"realTimeVotes":450779066,"changeVotes":2119,"brokerage":100,"votesPercentage":1.8590134742124282,"lastCycleVotesPercentage":1.8590703668627175,"change_cycle":0,"witnessType":1,"producedTotal":163214,"producedEfficiency":99.80859429941233,"blockReward":2790448,"version":10},{"lastRanking":6,"realTimeRanking":6,"address":"TGzz8gjYiYRqpfmDwnLxfgPuLVNmpCswVp","name":"Sesameseed","url":"https://www.sesameseed.org","hasPage":true,"lastCycleVotes":391145419,"realTimeVotes":394196284,"changeVotes":3050865,"brokerage":100,"votesPercentage":1.6256660051744043,"lastCycleVotesPercentage":1.6131411830982594,"change_cycle":0,"witnessType":1,"producedTotal":660817,"producedEfficiency":99.13989948240942,"blockReward":18706720,"version":10},{"lastRanking":7,"realTimeRanking":7,"address":"TTcYhypP8m4phDhN6oRexz2174zAerjEWP","name":"CryptoGuyInZA","url":"https://www.cryptoguyinza.co.za/","hasPage":true,"lastCycleVotes":382448060,"realTimeVotes":382481892,"changeVotes":33832,"brokerage":100,"votesPercentage":1.5773558368175484,"lastCycleVotesPercentage":1.5772719965871158,"change_cycle":0,"witnessType":1,"producedTotal":653269,"producedEfficiency":99.64490380523401,"blockReward":18464816,"version":10},{"lastRanking":8,"realTimeRanking":8,"address":"TUD4YXYdj2t1gP5th3A7t97mx1AUmrrQRt","name":"TRONGrid","url":"https://www.trongrid.io","hasPage":false,"lastCycleVotes":368358512,"realTimeVotes":368360876,"changeVotes":2364,"brokerage":20,"votesPercentage":1.5191207478492212,"lastCycleVotesPercentage":1.5191646303084898,"change_cycle":0"
12:58:43.410 [TestNG-tests-1] DEBUG org.apache.http.wire -  << ","witnessType":1,"producedTotal":288609,"producedEfficiency":99.96986449413916,"blockReward":6795728,"version":15},{"lastRanking":9,"realTimeRanking":9,"address":"TWkpg1ZQ4fTv7sj41zBUTMo1kuJEUWTere","name":"TRONLink","url":"https://tronlink.org","hasPage":true,"lastCycleVotes":346070027,"realTimeVotes":346072009,"changeVotes":1982,"brokerage":20,"votesPercentage":1.4272014303760165,"lastCycleVotesPercentage":1.4272436430851476,"change_cycle":0,"witnessType":1,"producedTotal":363357,"producedEfficiency":99.90926263517805,"blockReward":9187680,"version":15},{"lastRanking":12,"realTimeRanking":10,"address":"TTMNxTmRpBZnjtUnohX84j25NLkTqDga7j","name":"TronSpark","url":"https://tronspark.com","hasPage":true,"lastCycleVotes":326489461,"realTimeVotes":339758706,"changeVotes":13269245,"brokerage":100,"votesPercentage":1.4011653603163972,"lastCycleVotesPercentage":1.3464905117210462,"change_cycle":2,"witnessType":1,"producedTotal":621087,"producedEfficiency":99.43899287693867,"blockReward":17435296,"version":10},{"lastRanking":10,"realTimeRanking":11,"address":"TPMGfspxLQGom8sKutrbHcDKtHjRHFbGKw","name":"Infinity-Stones","url":"https://infstones.io/","hasPage":true,"lastCycleVotes":331328946,"realTimeVotes":331344330,"changeVotes":15384,"brokerage":100,"votesPercentage":1.3664644623800906,"lastCycleVotesPercentage":1.366449258977872,"change_cycle":-1,"witnessType":1,"producedTotal":522197,"producedEfficiency":99.57515373981028,"blockReward":14272880,"version":10},{"lastRanking":11,"realTimeRanking":12,"address":"TY65QiDt4hLTMpf3WRzcX357BnmdxT2sw9","name":"uTorrent","url":"https://www.utorrent.com/","hasPage":true,"lastCycleVotes":330853949,"realTimeVotes":330854324,"changeVotes":375,"brokerage":20,"votesPercentage":1.3644436769773254,"lastCycleVotesPercentage":1.3644903015535281,"change_cycle":-1,"witnessType":1,"producedTotal":645009,"producedEfficiency":99.69627836667317,"blockReward":18200768,"version":15},{"lastRanking":13,"realTimeRanking":13,"address":"TVFKwzE8qeETLaZEHMx2tjEsdnujAgAWaA","name":"BlockchainOrg","url":"http://blockchain.org","hasPage":true,"lastCycleVotes":317451639,"realTimeVotes":317453639,"changeVotes":2000,"brokerage":100,"votesPercentage":1.309179234021413,"lastCycleVotesPercentage":1.3092172057700655,"change_cycle":0,"witnessType":1,"producedTotal":432325,"producedEfficiency":99.39076958445888,"blockReward":11397040,"version":15},{"lastRanking":14,"realTimeRanking":14,"address":"TKSXDA8HfE9E1y39RczVQ1ZascUEtaSToF","name":"CryptoChain","url":"http://cryptochain.network","hasPage":true,"lastCycleVotes":316549660,"realTimeVotes":312874658,"changeVotes":-3675002,"brokerage":100,"votesPercentage":1.2902955102214202,"lastCycleVotesPercentage":1.3054973118367308,"change_cycle":0,"witnessType":1,"producedTotal":644781,"producedEfficiency":99.64979360077398,"blockReward":18193744,"version":15},{"lastRanking":15,"realTimeRanking":15,"address":"TTW663tQYJTTCtHh6DWKAfexRhPMf2DxQ1","name":"TRONALLIANCE","url":"http://tronalliance.org","hasPage":true,"lastCycleVotes":311978679,"realTimeVotes":311980679,"changeVotes":2000,"brokerage":100,"votesPercentage":1.2866087396235528,"lastCycleVotesPercentage":1.2866459145300435,"change_cycle":0,"witnessType":1,"producedTotal":424745,"producedEfficiency":99.70984621379827,"blockReward":11153424,"version":15},{"lastRanking":16,"realTimeRanking":16,"address":"TFA1qpUkQ1yBDw4pgZKx25wEZAqkjGoZo1","name":"JustinSunTron","url":"https://twitter.com/justinsuntron","hasPage":true,"lastCycleVotes":311446630,"realTimeVotes":311446605,"changeVotes":-25,"brokerage":20,"votesPercentage":1.2844062177295426,"lastCycleVotesPercentage":1.2844516662744447,"change_cycle":0,"witnessType":1,"producedTotal":628011,"producedEfficiency":99.72781769820159,"blockReward":18100304,"version":15},{"lastRanking":17,"realTimeRanking":17,"address":"TCEo1hMAdaJrQmvnGTCcGT2LqrGU4N7Jqf","name":"TRONScan","url":"https://tronscan.org","hasPage":true,"lastCycleVotes":305414830,"realTimeVotes":305409659,"changeVotes":-5171,"brokerage":20,"votesPercentage":1.2595098443094583,"lastCycleVotesPerc"
12:58:43.410 [TestNG-tests-1] DEBUG org.apache.http.wire -  << "entage":1.259575636758138,"change_cycle":0,"witnessType":1,"producedTotal":369620,"producedEfficiency":99.88217999437923,"blockReward":9388320,"version":15},{"lastRanking":18,"realTimeRanking":18,"address":"TSNbzxac4WhxN91XvaUfPTKP2jNT18mP6T","name":"BitTorrent","url":"https://www.bittorrent.com/","hasPage":true,"lastCycleVotes":297079432,"realTimeVotes":297055377,"changeVotes":-24055,"brokerage":20,"votesPercentage":1.225056774109942,"lastCycleVotesPercentage":1.225199230597761,"change_cycle":0,"witnessType":1,"producedTotal":645315,"producedEfficiency":99.40907431398858,"blockReward":18210800,"version":15},{"lastRanking":19,"realTimeRanking":19,"address":"TSzoLaVCdSNDpNxgChcFt9rSRF5wWAZiR4","name":"TRXMarket","url":"http://trx.market","hasPage":true,"lastCycleVotes":296064343,"realTimeVotes":296065395,"changeVotes":1052,"brokerage":20,"votesPercentage":1.220974087011008,"lastCycleVotesPercentage":1.2210128544039751,"change_cycle":0,"witnessType":1,"producedTotal":611985,"producedEfficiency":99.3357973110504,"blockReward":17143968,"version":15},{"lastRanking":20,"realTimeRanking":20,"address":"TNaJADoq1u2atryP1ZzwvmEE4ZBELXfMqw","name":"callmeSR","url":"http://zempty.peiwo.cn/","hasPage":true,"lastCycleVotes":295527279,"realTimeVotes":295527179,"changeVotes":-100,"brokerage":100,"votesPercentage":1.2187544835034292,"lastCycleVotesPercentage":1.218797923551469,"change_cycle":0,"witnessType":1,"producedTotal":511770,"producedEfficiency":99.63845358596802,"blockReward":13937440,"version":15},{"lastRanking":21,"realTimeRanking":21,"address":"TVa6MF7SgZa8PToLoQ9PNq6KQHyTXLBz1p","name":"KryptoKnight","url":"http://krypto-knight.us/","hasPage":true,"lastCycleVotes":295241924,"realTimeVotes":295241824,"changeVotes":-100,"brokerage":100,"votesPercentage":1.2175776790997972,"lastCycleVotesPercentage":1.2176210776012344,"change_cycle":0,"witnessType":1,"producedTotal":476609,"producedEfficiency":99.73090323188148,"blockReward":12910784,"version":10},{"lastRanking":22,"realTimeRanking":22,"address":"TRTC1DxDg2eWPHmyc3DTGR672rVHoZQa8h","name":"","url":"https://hitbtc.com","hasPage":false,"lastCycleVotes":294058426,"realTimeVotes":294058416,"changeVotes":-10,"brokerage":100,"votesPercentage":1.2126973029168207,"lastCycleVotesPercentage":1.212740157945329,"change_cycle":0,"witnessType":1,"producedTotal":352293,"producedEfficiency":98.72437612969216,"blockReward":8843104,"version":10},{"lastRanking":23,"realTimeRanking":23,"address":"TAHg5zi2ejWeWiE6bqtDT9vfbH3zNTWrfA","name":"TRXUltra","url":"https://trxultra.org","hasPage":false,"lastCycleVotes":293558975,"realTimeVotes":293558975,"changeVotes":0,"brokerage":100,"votesPercentage":1.210637607561371,"lastCycleVotesPercentage":1.21"
12:58:43.644 [TestNG-tests-1] DEBUG org.apache.http.wire -  << "06803486316997,"change_cycle":0,"witnessType":1,"producedTotal":364109,"producedEfficiency":99.55868239077115,"blockReward":9228768,"version":10},{"lastRanking":24,"realTimeRanking":24,"address":"TMG95kirH4cKW5GnKoCcCye1dBqbt77yGu","name":"MinerGate","url":"https://minergate.com","hasPage":false,"lastCycleVotes":292494194,"realTimeVotes":292494194,"changeVotes":0,"brokerage":100,"votesPercentage":1.2062464492858769,"lastCycleVotesPercentage":1.2062890353281417,"change_cycle":0,"witnessType":1,"producedTotal":359094,"producedEfficiency":99.77826681337734,"blockReward":9062160,"version":10},{"lastRanking":25,"realTimeRanking":25,"address":"TNmas2SUNGJ2R1jq4Sivya5nHDLYN9ggpG","name":"TheLastMe","url":"http://www.thelast.me","hasPage":true,"lastCycleVotes":291339221,"realTimeVotes":291339221,"changeVotes":0,"brokerage":20,"votesPercentage":1.2014833390811286,"lastCycleVotesPercentage":1.2015257569637168,"change_cycle":0,"witnessType":1,"producedTotal":194965,"producedEfficiency":98.32266719114835,"blockReward":5612544,"version":15},{"lastRanking":26,"realTimeRanking":26,"address":"TJ2aDMgeipmoZRuUEru2ri8t7TGkxnm6qY","name":"Huobi_pool","url":"https://www.huobipool.com","hasPage":true,"lastCycleVotes":287939588,"realTimeVotes":287939639,"changeVotes":51,"brokerage":100,"votesPercentage":1.1874634583427226,"lastCycleVotesPercentage":1.187505"
12:58:43.644 [TestNG-tests-1] DEBUG org.apache.http.wire -  << "1709276068,"change_cycle":0,"witnessType":1,"producedTotal":613758,"producedEfficiency":98.7338106812906,"blockReward":17210880,"version":10},{"lastRanking":27,"realTimeRanking":27,"address":"TE7hnUtWRRBz3SkFrX8JESWUmEvxxAhoPt","name":"TronWalletMe","url":"https://www.tronwallet.me/","hasPage":true,"lastCycleVotes":287498369,"realTimeVotes":287654824,"changeVotes":156455,"brokerage":100,"votesPercentage":1.1862888808998167,"lastCycleVotesPercentage":1.1856855189386224,"change_cycle":0,"witnessType":1,"producedTotal":540714,"producedEfficiency":99.77451211951227,"blockReward":14863168,"version":10},{"lastRanking":28,"realTimeRanking":28,"address":"TN2MEB71iox2mDwwngdTrUyUZXeENcb79F","name":"SR-TRON-Europe","url":"https://www.tron-europe.org","hasPage":true,"lastCycleVotes":169410377,"realTimeVotes":157140605,"changeVotes":-12269772,"brokerage":100,"votesPercentage":0.6480480662801961,"lastCycleVotesPercentage":0.6986732880103145,"change_cycle":0,"witnessType":2,"producedTotal":438810,"producedEfficiency":99.571136827774,"blockReward":12429840,"version":0},{"lastRanking":29,"realTimeRanking":29,"address":"TBXB5tobBPCFkC8ihFDBWjaiwW2iSpzSfr","name":"TRONVIETNAM","url":"https://www.tronvietnam.com/","hasPage":true,"lastCycleVotes":148275995,"realTimeVotes":148273210,"changeVotes":-2785,"brokerage":19,"votesPercentage":0.6114789173788495,"l"
12:58:43.644 [TestNG-tests-1] DEBUG org.apache.http.wire -  << "astCycleVotesPercentage":0.6115119911435587,"change_cycle":0,"witnessType":2,"producedTotal":594831,"producedEfficiency":98.49972925577629,"blockReward":17257872,"version":0},{"lastRanking":30,"realTimeRanking":30,"address":"TVSdAnnZUdSH8gdeUgMPTht1mXmhtEXAN3","name":"TRON-BOOM","url":"www.tronspirit.com","hasPage":false,"lastCycleVotes":121393356,"realTimeVotes":121422368,"changeVotes":29012,"brokerage":15,"votesPercentage":0.5007460088725149,"lastCycleVotesPercentage":0.5006440377564748,"change_cycle":0,"witnessType":2,"producedTotal":214599,"producedEfficiency":97.78412663695765,"blockReward":6666688,"version":0},{"lastRanking":31,"realTimeRanking":31,"address":"TW5oEHAE2LqMdozna7HBDiW6U56f6m8Vfa","name":"TRON-Ace","url":"https://www.tronace.com","hasPage":false,"lastCycleVotes":110007639,"realTimeVotes":110007639,"changeVotes":0,"brokerage":20,"votesPercentage":0.4536716511305266,"lastCycleVotesPercentage":0.45368766782439607,"change_cycle":0,"witnessType":2,"producedTotal":800,"producedEfficiency":100.0,"blockReward":12800,"version":0},{"lastRanking":32,"realTimeRanking":32,"address":"TNMcBfKauBykfamL2YkE8WFNDUBmahQzYx","name":"Newpool-TRON","url":"https://tron.newdex.one","hasPage":false,"lastCycleVotes":95524546,"realTimeVotes":95524667,"changeVotes":121,"brokerage":100,"votesPercentage":0.39394385513158525,"lastCycleVotesPercen"
12:58:43.644 [TestNG-tests-1] DEBUG org.apache.http.wire -  << "tage":0.3939572641380317,"change_cycle":0,"witnessType":2,"producedTotal":0,"producedEfficiency":0.0,"blockReward":0,"version":0},{"lastRanking":33,"realTimeRanking":33,"address":"TYVJ8JuQ6ctzCa2u79MFmvvNQ1U2tYQEUM","name":"TRON-ONE","url":"http://tronone.com","hasPage":true,"lastCycleVotes":46899291,"realTimeVotes":46899291,"changeVotes":0,"brokerage":100,"votesPercentage":0.19341273913551627,"lastCycleVotesPercentage":0.19341956749392364,"change_cycle":0,"witnessType":2,"producedTotal":518353,"producedEfficiency":99.02021463966287,"blockReward":16041072,"version":0},{"lastRanking":34,"realTimeRanking":34,"address":"TPjc5LNkpa5iwjUv8u4XXV92JA2JaAxHgL","name":"","url":"http://bz.com/","hasPage":false,"lastCycleVotes":35000404,"realTimeVotes":35000404,"changeVotes":0,"brokerage":100,"votesPercentage":0.14434171315062483,"lastCycleVotesPercentage":0.14434680907633754,"change_cycle":0,"witnessType":2,"producedTotal":0,"producedEfficiency":0.0,"blockReward":0,"version":0},{"lastRanking":35,"realTimeRanking":35,"address":"TN2W4cc7a4dsYyTLiLMWa9m7jVpdLjGvYs","name":"Huobi_Wallet","url":"https://www.huobiwallet.com/","hasPage":true,"lastCycleVotes":33160979,"realTimeVotes":33182922,"changeVotes":21943,"brokerage":5,"votesPercentage":0.13684641493919777,"lastCycleVotesPercentage":0.13676075009012575,"change_cycle":0,"witnessType":2,"producedTo"
12:58:43.644 [TestNG-tests-1] DEBUG org.apache.http.wire -  << "tal":0,"producedEfficiency":0.0,"blockReward":0,"version":0},{"lastRanking":36,"realTimeRanking":36,"address":"TQwqK8LhHGria5gkkfCVqQfE5mSwpvdp3B","name":"Tron-Society","url":"https://tron-society.com","hasPage":true,"lastCycleVotes":30699903,"realTimeVotes":30699903,"changeVotes":0,"brokerage":100,"votesPercentage":0.12660644124502124,"lastCycleVotesPercentage":0.12661091103414354,"change_cycle":0,"witnessType":2,"producedTotal":168733,"producedEfficiency":98.57857284741128,"blockReward":5399264,"version":0},{"lastRanking":37,"realTimeRanking":37,"address":"TGfUjDNr5Huk8DumHfmzY2ksE6RRYpuGLG","name":"BeatzCoin","url":"https://www.beatzcoin.io/","hasPage":true,"lastCycleVotes":26812811,"realTimeVotes":26794125,"changeVotes":-18686,"brokerage":100,"votesPercentage":0.11049900752208419,"lastCycleVotesPercentage":0.11057997245451576,"change_cycle":0,"witnessType":2,"producedTotal":221974,"producedEfficiency":98.66475833192578,"blockReward":7103168,"version":0},{"lastRanking":38,"realTimeRanking":38,"address":"TEe7HDXdHJemT142R643cajh8BbKdWgR3H","name":"CashierestStaking","url":"\thttps://www.cashierest.com","hasPage":false,"lastCycleVotes":17811770,"realTimeVotes":17811771,"changeVotes":1,"brokerage":10,"votesPercentage":0.0734557675501865,"lastCycleVotesPercentage":0.0734583567521574,"change_cycle":0,"witnessType":2,"producedTotal":0,"pr"
12:58:43.645 [TestNG-tests-1] DEBUG org.apache.http.wire -  << "oducedEfficiency":0.0,"blockReward":0,"version":0},{"lastRanking":39,"realTimeRanking":39,"address":"TDGmmTC7xDgQGwH4FYRGuE7SFH2MePHYeH","name":"TeamTronics","url":"https://www.tronics.io/","hasPage":true,"lastCycleVotes":6923071,"realTimeVotes":6923071,"changeVotes":0,"brokerage":100,"votesPercentage":0.02855075411139281,"lastCycleVotesPercentage":0.02855176208420135,"change_cycle":0,"witnessType":2,"producedTotal":134119,"producedEfficiency":99.92847297246954,"blockReward":4291808,"version":0},{"lastRanking":40,"realTimeRanking":40,"address":"TV6qcwSp38uESiDczxxb7zbJX1h2LfDs78","name":"TronsTronics","url":"Tronstronics","hasPage":true,"lastCycleVotes":6402656,"realTimeVotes":6402656,"changeVotes":0,"brokerage":100,"votesPercentage":0.02640456195174567,"lastCycleVotesPercentage":0.02640549415410939,"change_cycle":0,"witnessType":2,"producedTotal":195873,"producedEfficiency":99.0132693036775,"blockReward":6267936,"version":0},{"lastRanking":41,"realTimeRanking":41,"address":"TEKUPpjTMKWw9LJZ9YJ4enhCjAmVXSL7M6","name":"lianjinshu","url":"http://www.lianjinshu.com","hasPage":true,"lastCycleVotes":6265075,"realTimeVotes":6265075,"changeVotes":0,"brokerage":20,"votesPercentage":0.025837177722781452,"lastCycleVotesPercentage":0.025838089893874806,"change_cycle":0,"witnessType":2,"producedTotal":405906,"producedEfficiency":98.42101945113939,"
12:58:43.645 [TestNG-tests-1] DEBUG org.apache.http.wire -  << ""blockReward":12988816,"version":0},{"lastRanking":42,"realTimeRanking":42,"address":"TSbhZijH2t7Qn1UAHAu7PBHQdVAvRwSyYr","name":"Intergalactic-Gaming","url":"https://www.iggalaxy.com","hasPage":true,"lastCycleVotes":6086168,"realTimeVotes":6086303,"changeVotes":135,"brokerage":20,"votesPercentage":0.025099921754439956,"lastCycleVotesPercentage":0.025100251137173017,"change_cycle":0,"witnessType":2,"producedTotal":154409,"producedEfficiency":99.00614905199443,"blockReward":4940944,"version":0},{"lastRanking":43,"realTimeRanking":43,"address":"TWGGB35HUudizmcLheQN7kANDnD8KfgKkK","name":"TRON-Family","url":"https://www.tron-family.de","hasPage":true,"lastCycleVotes":4480843,"realTimeVotes":4484141,"changeVotes":3298,"brokerage":20,"votesPercentage":0.018492603512489623,"lastCycleVotesPercentage":0.018479654949755536,"change_cycle":0,"witnessType":2,"producedTotal":0,"producedEfficiency":0.0,"blockReward":0,"version":0},{"lastRanking":44,"realTimeRanking":44,"address":"TAD78uBWAveGNg3nDN8Ku18MSDeHmTRpbB","name":"SmartRealEstateXRE","url":"XREGlobal.com","hasPage":false,"lastCycleVotes":3890247,"realTimeVotes":3890318,"changeVotes":71,"brokerage":100,"votesPercentage":0.016043676662152596,"lastCycleVotesPercentage":0.016043950263225387,"change_cycle":0,"witnessType":2,"producedTotal":0,"producedEfficiency":0.0,"blockReward":0,"version":0},"
12:58:43.645 [TestNG-tests-1] DEBUG org.apache.http.wire -  << "{"lastRanking":45,"realTimeRanking":45,"address":"TKV52nvtpLe5uapeTabyAYANMQYBXPGVds","name":"TronKorea","url":"http://tronkorea.io","hasPage":true,"lastCycleVotes":3527016,"realTimeVotes":3527016,"changeVotes":0,"brokerage":20,"votesPercentage":0.01454541872572854,"lastCycleVotesPercentage":0.014545932245844582,"change_cycle":0,"witnessType":2,"producedTotal":238,"producedEfficiency":89.47368421052632,"blockReward":7616,"version":0},{"lastRanking":46,"realTimeRanking":46,"address":"TB6nqQpQDoiWm3VKFjxQrEDi7m84jXjfus","name":"","url":"https://bixin.com","hasPage":true,"lastCycleVotes":3408566,"realTimeVotes":3408566,"changeVotes":0,"brokerage":20,"votesPercentage":0.014056930766484085,"lastCycleVotesPercentage":0.0140574270407306,"change_cycle":0,"witnessType":2,"producedTotal":0,"producedEfficiency":0.0,"blockReward":0,"version":0},{"lastRanking":47,"realTimeRanking":47,"address":"TRXDEXMoaAprSGJSwKanEUBqfQjvQEDuaw","name":"TrxDexCom","url":"https://github.com/trondex/","hasPage":true,"lastCycleVotes":2839986,"realTimeVotes":2839986,"changeVotes":0,"brokerage":20,"votesPercentage":0.011712106082083807,"lastCycleVotesPercentage":0.011712519573244684,"change_cycle":0,"witnessType":2,"producedTotal":25313,"producedEfficiency":100.0,"blockReward":810016,"version":0},{"lastRanking":48,"realTimeRanking":48,"address":"TDGy2M9qWBepSHDEutWWxWd"
12:58:43.645 [TestNG-tests-1] DEBUG org.apache.http.wire -  << "1JZfmAed3BP","name":"CommunityNode","url":"http://www.communitynode.org/","hasPage":true,"lastCycleVotes":2428751,"realTimeVotes":2428751,"changeVotes":0,"brokerage":5,"votesPercentage":0.010016172389218512,"lastCycleVotesPercentage":0.010016526006127353,"change_cycle":0,"witnessType":2,"producedTotal":0,"producedEfficiency":0.0,"blockReward":0,"version":0},{"lastRanking":49,"realTimeRanking":49,"address":"TMEQ4hu7DtLTHPn6qPsYktk1QGdTbAyTEK","name":"Tron-Europe","url":"www.Tron-Europe.com","hasPage":true,"lastCycleVotes":2410772,"realTimeVotes":2410772,"changeVotes":0,"brokerage":100,"votesPercentage":0.009942026969047502,"lastCycleVotesPercentage":0.00994237796828232,"change_cycle":0,"witnessType":2,"producedTotal":122888,"producedEfficiency":95.84600745628403,"blockReward":3932416,"version":0},{"lastRanking":50,"realTimeRanking":50,"address":"TVMP5r12ymtNerq5KB4E8zAgLDmg2FqsEG","name":"CryptoGirls","url":"https://www.cryptogirls.ro/","hasPage":true,"lastCycleVotes":2274217,"realTimeVotes":2279217,"changeVotes":5000,"brokerage":100,"votesPercentage":0.009399493972184654,"lastCycleVotesPercentage":0.00937920508280879,"change_cycle":0,"witnessType":2,"producedTotal":127145,"producedEfficiency":99.76069046684974,"blockReward":4068640,"version":0},{"lastRanking":51,"realTimeRanking":51,"address":"TFQVyHpWSRtH7YbH6xYDamNmKpqBGHmWwc","name""
12:58:43.647 [TestNG-tests-1] DEBUG org.apache.http.wire -  << ":"","url":"https://www.coinnest.co.kr","hasPage":false,"lastCycleVotes":2138794,"realTimeVotes":2138794,"changeVotes":0,"brokerage":20,"votesPercentage":0.008820389331399645,"lastCycleVotesPercentage":0.008820700731672019,"change_cycle":0,"witnessType":2,"producedTotal":0,"producedEfficiency":0.0,"blockReward":0,"version":0},{"lastRanking":52,"realTimeRanking":52,"address":"TJgmwx9TYaqujmdthJkjaLyWXrwTCmmTan","name":"ZADEA-MadeInItaly","url":"www","hasPage":true,"lastCycleVotes":2028994,"realTimeVotes":2028994,"changeVotes":0,"brokerage":20,"votesPercentage":0.008367573983784269,"lastCycleVotesPercentage":0.008367869397594221,"change_cycle":0,"witnessType":2,"producedTotal":0,"producedEfficiency":0.0,"blockReward":0,"version":0},{"lastRanking":53,"realTimeRanking":53,"address":"TWEcP8CPhcdmmo1R2RANXGBRYAHvxNoLst","name":"OneMillionCom_Community","url":"https://www.millioncoinx.com/pl","hasPage":false,"lastCycleVotes":1886395,"realTimeVotes":1886395,"changeVotes":0,"brokerage":50,"votesPercentage":0.007779495516073841,"lastCycleVotesPercentage":0.00777977016801171,"change_cycle":0,"witnessType":2,"producedTotal":0,"producedEfficiency":0.0,"blockReward":0,"version":0},{"lastRanking":54,"realTimeRanking":54,"address":"TK4qxwmq8nDeymtjxzXMkPzq4Gsb39fkLu","name":"Activ8Coin","url":"https://activ8coin.com","hasPage":false,"lastCycleVotes":18"
12:58:43.647 [TestNG-tests-1] DEBUG org.apache.http.wire -  << "79888,"realTimeVotes":1879888,"changeVotes":0,"brokerage":0,"votesPercentage":0.007752660639325814,"lastCycleVotesPercentage":0.007752934343869231,"change_cycle":0,"witnessType":2,"producedTotal":0,"producedEfficiency":0.0,"blockReward":0,"version":0},{"lastRanking":55,"realTimeRanking":55,"address":"TPRxUBEakukBMwTScCHgvCPSBYk5UhfboJ","name":"CryptoDivaSR","url":"http://www.cryptodiva.io/","hasPage":true,"lastCycleVotes":1840665,"realTimeVotes":1840665,"changeVotes":0,"brokerage":20,"votesPercentage":0.007590904934594322,"lastCycleVotesPercentage":0.007591172928418107,"change_cycle":0,"witnessType":2,"producedTotal":503055,"producedEfficiency":99.03690739388165,"blockReward":16097568,"version":0},{"lastRanking":56,"realTimeRanking":56,"address":"TN8Y2ZztFHW3CrgPYQMK3BPp7VYiHKfvF9","name":"SexTronsAndRocknRoll","url":"https://twitter.com/TronsRocknRoll","hasPage":true,"lastCycleVotes":1594959,"realTimeVotes":1594959,"changeVotes":0,"brokerage":100,"votesPercentage":0.006577613060266601,"lastCycleVotesPercentage":0.006577845280231229,"change_cycle":0,"witnessType":2,"producedTotal":0,"producedEfficiency":0.0,"blockReward":0,"version":0},{"lastRanking":57,"realTimeRanking":57,"address":"TA43K3sTFYstnRu5ku7DtyzjsR4MLdUgEu","name":"TronMacau","url":"https://www.tronmacau.com","hasPage":false,"lastCycleVotes":1304267,"realTimeVotes":1319267,"changeVotes":15000,"brokerage":0,"votesPercentage":0.005440658881625633,"lastCycleVotesPercentage":0.0053789887577745535,"change_cycle":0,"witnessType":2,"producedTotal":0,"producedEfficiency":0.0,"blockReward":0,"version":0},{"lastRanking":58,"realTimeRanking":58,"address":"TEsRRMAs4n1yBwzdMuTFEdaKsYANzprtUb","name":"NORA-IGI","url":"https://noraigi.com/en/home","hasPage":false,"lastCycleVotes":1171524,"realTimeVotes":1171524,"changeVotes":0,"brokerage":10,"votesPercentage":0.004831366550999599,"lastCycleVotesPercentage":0.004831537120438588,"change_cycle":0,"witnessType":2,"producedTotal":0,"producedEfficiency":0.0,"blockReward":0,"version":0},{"lastRanking":59,"realTimeRanking":59,"address":"TMwGtBQioBk2pjCsLWUaQ4rcQNf5DS6FLQ","name":"siqveland","url":"http://tronsiqveland.co.uk/","hasPage":false,"lastCycleVotes":968278,"realTimeVotes":968278,"changeVotes":0,"brokerage":0,"votesPercentage":0.003993179773755203,"lastCycleVotesPercentage":0.0039933207513495545,"change_cycle":0,"witnessType":2,"producedTotal":0,"producedEfficiency":0.0,"blockReward":0,"version":0},{"lastRanking":60,"realTimeRanking":60,"address":"TWcebMiHwZbnt6viAtyVEG57bj7DWcZUPx","name":"whaleexbp","url":"https://www.whaleex.com","hasPage":false,"lastCycleVotes":963216,"realTimeVotes":963216,"changeVotes":0,"brokerage":0,"votesPercentage":0.003972304078949838,"last"
12:58:43.647 [TestNG-tests-1] DEBUG org.apache.http.wire -  << "CycleVotesPercentage":0.003972444319536241,"change_cycle":0,"witnessType":2,"producedTotal":0,"producedEfficiency":0.0,"blockReward":0,"version":0},{"lastRanking":61,"realTimeRanking":61,"address":"TJQHeWxaxaSskBmi7EN19psRe5s9Xn8AcY","name":"mrlavman","url":"https://www.cityuptake.com","hasPage":true,"lastCycleVotes":942670,"realTimeVotes":942670,"changeVotes":0,"brokerage":100,"votesPercentage":0.003887572347327748,"lastCycleVotesPercentage":0.003887709596494689,"change_cycle":0,"witnessType":2,"producedTotal":0,"producedEfficiency":0.0,"blockReward":0,"version":0},{"lastRanking":62,"realTimeRanking":62,"address":"TVGYho2v6mUhFMuhYy4sWx8BA79b4FzwSg","name":"AOCOINIO","url":"HTTPS://AOCOIN.IO","hasPage":true,"lastCycleVotes":900163,"realTimeVotes":900163,"changeVotes":0,"brokerage":0,"votesPercentage":0.0037122734221812378,"lastCycleVotesPercentage":0.003712404482490637,"change_cycle":0,"witnessType":2,"producedTotal":0,"producedEfficiency":0.0,"blockReward":0,"version":0},{"lastRanking":63,"realTimeRanking":63,"address":"TBzwNEE7D3DdTB4wALiSBaMmpSK7jdoxYF","name":"TRONSiliconValley","url":"https://WINTokenGames.com","hasPage":true,"lastCycleVotes":811013,"realTimeVotes":811013,"changeVotes":0,"brokerage":20,"votesPercentage":0.0033446187023277694,"lastCycleVotesPercentage":0.0033447367827362144,"change_cycle":0,"witnessType":2,"producedTotal":104760,"producedEfficiency":99.22427755519564,"blockReward":3352320,"version":0},{"lastRanking":64,"realTimeRanking":64,"address":"TG519wQRpmBNSzVUiHVx6wkVZkLKmxTXxS","name":"ALLE_Exchange","url":"https://member.alleexchange.com","hasPage":false,"lastCycleVotes":801813,"realTimeVotes":801813,"changeVotes":0,"brokerage":20,"votesPercentage":0.0033066778899592682,"lastCycleVotesPercentage":0.0033067946308827016,"change_cycle":0,"witnessType":2,"producedTotal":37122,"producedEfficiency":97.37173434057287,"blockReward":1187904,"version":0},{"lastRanking":65,"realTimeRanking":65,"address":"TAyVDZqhtymJq32itDSxdkRKTRTEb8kkXE","name":"","url":"http://test.com","hasPage":false,"lastCycleVotes":778743,"realTimeVotes":778743,"changeVotes":0,"brokerage":100,"votesPercentage":0.0032115371789439066,"lastCycleVotesPercentage":0.003211650560963077,"change_cycle":0,"witnessType":2,"producedTotal":0,"producedEfficiency":0.0,"blockReward":0,"version":0},{"lastRanking":66,"realTimeRanking":66,"address":"TKYW4wDGg3FcaAR8cP8sbmiU8RdZwcK7Bz","name":"WINTokenCommunity","url":"https://WinTokenGames.com","hasPage":true,"lastCycleVotes":644009,"realTimeVotes":644009,"changeVotes":0,"brokerage":20,"votesPercentage":0.0026558939818072023,"lastCycleVotesPercentage":0.0026559877470683784,"change_cycle":0,"witnessType":2,"producedTotal":23273,"producedEffic"
12:58:43.647 [TestNG-tests-1] DEBUG org.apache.http.wire -  << "iency":99.20289855072464,"blockReward":744736,"version":0},{"lastRanking":67,"realTimeRanking":67,"address":"TZ1ZBqgZ8PUdEk6dxEYwyZCqxYwHj9PmS2","name":"Metronix","url":"https://metronix.imba-exchange.co","hasPage":false,"lastCycleVotes":438678,"realTimeVotes":438678,"changeVotes":0,"brokerage":0,"votesPercentage":0.0018091086617597271,"lastCycleVotesPercentage":0.001809172531608195,"change_cycle":0,"witnessType":2,"producedTotal":0,"producedEfficiency":0.0,"blockReward":0,"version":0},{"lastRanking":68,"realTimeRanking":68,"address":"TLpWEwR5bXM1GBJ2P3BgXLa8DzWTGsaRPb","name":"TronShares","url":"http://tronshares.com","hasPage":false,"lastCycleVotes":413318,"realTimeVotes":413319,"changeVotes":1,"brokerage":12,"votesPercentage":0.001704528111667028,"lastCycleVotesPercentage":0.0017045841651945983,"change_cycle":0,"witnessType":2,"producedTotal":0,"producedEfficiency":0.0,"blockReward":0,"version":0},{"lastRanking":69,"realTimeRanking":69,"address":"TWjGyMHSxx4pJ3V4ES5E4ANE2NWW9xcWcp","name":"TronVote","url":"https://tronvote.club","hasPage":false,"lastCycleVotes":412807,"realTimeVotes":412812,"changeVotes":5,"brokerage":20,"votesPercentage":0.0017024372429854163,"lastCycleVotesPercentage":0.0017024767261079518,"change_cycle":0,"witnessType":2,"producedTotal":0,"producedEfficiency":0.0,"blockReward":0,"version":0},{"lastRanking":70,"realTimeRanking":70,"address":"TFDEzwPqeyKyYGQrXtUTJqiLNKCqBHhVi6","name":"TronCommunityGroup","url":".","hasPage":true,"lastCycleVotes":408495,"realTimeVotes":408495,"changeVotes":0,"brokerage":20,"votesPercentage":0.0016846339291816312,"lastCycleVotesPercentage":0.001684693404500088,"change_cycle":0,"witnessType":2,"producedTotal":0,"producedEfficiency":0.0,"blockReward":0,"version":0},{"lastRanking":71,"realTimeRanking":71,"address":"TNddBi3qJv26Ghqqd3qb97ERx47AwMWhR6","name":"Segrith1","url":"https://www.baggi.co/","hasPage":true,"lastCycleVotes":380161,"realTimeVotes":380161,"changeVotes":0,"brokerage":20,"votesPercentage":0.0015677844750893357,"lastCycleVotesPercentage":0.001567839825085149,"change_cycle":0,"witnessType":2,"producedTotal":0,"producedEfficiency":0.0,"blockReward":0,"version":0},{"lastRanking":72,"realTimeRanking":72,"address":"TLxcpCwAPTnBVYYrL7JeQCohnLVAfnyQQf","name":"becometa","url":"https://kryptowaluty.org.pl","hasPage":true,"lastCycleVotes":349102,"realTimeVotes":349102,"changeVotes""
12:58:43.647 [TestNG-tests-1] DEBUG org.apache.http.wire -  << "[\r][\n]"
12:58:43.647 [TestNG-tests-1] DEBUG org.apache.http.wire -  << "8000[\r][\n]"
12:58:43.647 [TestNG-tests-1] DEBUG org.apache.http.wire -  << ":0,"brokerage":0,"votesPercentage":0.0014396971173335435,"lastCycleVotesPercentage":0.0014397479452570772,"change_cycle":0,"witnessType":2,"producedTotal":0,"producedEfficiency":0.0,"blockReward":0,"version":0},{"lastRanking":73,"realTimeRanking":73,"address":"TCKLRjJmhFABs4Hbjy5S3DBFoytMQ95hS4","name":"GeoTreasureSR","url":"digitalgeotreasure.com/","hasPage":true,"lastCycleVotes":340084,"realTimeVotes":340084,"changeVotes":0,"brokerage":0,"votesPercentage":0.0014025068732097233,"lastCycleVotesPercentage":0.0014025563881467531,"change_cycle":0,"witnessType":2,"producedTotal":0,"producedEfficiency":0.0,"blockReward":0,"version":0},{"lastRanking":74,"realTimeRanking":74,"address":"TK9qME8revUZ2KfuZApTHwGqqXS9AoTuBX","name":"Tronhuborg","url":"https://tran.systems/tronhub/","hasPage":false,"lastCycleVotes":339976,"realTimeVotes":339976,"changeVotes":0,"brokerage":20,"votesPercentage":0.0014020614810645279,"lastCycleVotesPercentage":0.0014021109802771685,"change_cycle":0,"witnessType":2,"producedTotal":0,"producedEfficiency":0.0,"blockReward":0,"version":0},{"lastRanking":75,"realTimeRanking":75,"address":"TMXiQ2W35fDochXM6dDUrF3ZDnWR2uwcRW","name":"PHI-ECAFE","url":" https://www.phituasesor.com/smart-2/","hasPage":false,"lastCycleVotes":336281,"realTimeVotes":336281,"changeVotes":0,"brokerage":0,"votesPercentage":0.001386823296096961,"lastCycleVotesPercentage":0.0013868722573316542,"change_cycle":0,"witnessType":2,"producedTotal":0,"producedEfficiency":0.0,"blockReward":0,"version":0},{"lastRanking":76,"realTimeRanking":76,"address":"TJPgacRkihkAxtsEgH3VY5R6fr8bqykf4j","name":"TronHope","url":"https://tronhope.org/","hasPage":true,"lastCycleVotes":297537,"r"
12:58:44.778 [TestNG-tests-1] DEBUG org.apache.http.wire -  << "ealTimeVotes":297537,"changeVotes":0,"brokerage":1,"votesPercentage":0.001227042988009437,"lastCycleVotesPercentage":0.0012270863082650772,"change_cycle":0,"witnessType":2,"producedTotal":0,"producedEfficiency":0.0,"blockReward":0,"version":0},{"lastRanking":77,"realTimeRanking":77,"address":"TMAbjAuefZqzJAyGhkn4AbWa3jinzcZtGc","name":"MLG-Global","url":"https://mlgblockchain.com","hasPage":true,"lastCycleVotes":221492,"realTimeVotes":221492,"changeVotes":0,"brokerage":20,"votesPercentage":9.134333057743617E-4,"lastCycleVotesPercentage":9.134655541672077E-4,"change_cycle":0,"witnessType":2,"producedTotal":16896,"producedEfficiency":94.60776079287754,"blockReward":540672,"version":0},{"lastRanking":78,"realTimeRanking":78,"address":"TX663KZ2dKmLvxhCnyY3rytowLNR4TmdVf","name":"MusicCasper","url":"https://www.musiccasper.com/","hasPage":true,"lastCycleVotes":218677,"realTimeVotes":218677,"changeVotes":0,"brokerage":100,"votesPercentage":9.018242419898692E-4,"lastCycleVotesPercentage":9.018560805294208E-4,"change_cycle":0,"witnessType":2,"producedTotal":0,"producedEfficiency":0.0,"blockReward":0,"version":0},{"lastRanking":79,"realTimeRanking":79,"address":"TXUqMBAisbzUg3myoZys7q9wQqafyUUJib","name":"PYRO-Network","url":"https://pyro.network","hasPage":false,"lastCycleVotes":185560,"realTimeVotes":185560,"changeVotes":0,"brokerage":20,"votesPercentage":7.652496894672971E-4,"lastCycleVotesPercentage":7.652767062975957E-4,"change_cycle":0,"witnessType":2,"producedTotal":0,"producedEfficiency":0.0,"blockReward":0,"version":0},{"lastRanking":80,"realTimeRanking":80,"address":"TYftfpnCitoxju9rMYx6XNegUHmFoPMary","name":"ReynaExchange","url":"https://reyna.exchange/","hasPage":false,"lastCycleVotes":177999,"realTimeVotes":177999,"changeVotes":0,"brokerage":100,"votesPercentage":7.34068115302271E-4,"lastCycleVotesPercentage":7.340940312797248E-4,"change_cycle":0,"witnessType":2,"producedTotal":0,"producedEfficiency":0.0,"blockReward":0,"version":0},{"lastRanking":81,"realTimeRanking":81,"address":"TJX4T7AgfkvWbNAyWTxhgXrJv6Yed6BgDx","name":"TRON-MINING","url":"https://www.tron-mining.com","hasPage":true,"lastCycleVotes":161593,"realTimeVotes":161593,"changeVotes":0,"brokerage":100,"votesPercentage":6.664097492460062E-4,"lastCycleVotesPercentage":6.664332765722536E-4,"change_cycle":0,"witnessType":2,"producedTotal":0,"producedEfficiency":0.0,"blockReward":0,"version":0},{"lastRanking":82,"realTimeRanking":82,"address":"TXnqPcy9zWHYyCiQ7Kmvt3aCx5jm9Qnq3e","name":"TRON-Want","url":"https://TRON-Want","hasPage":false,"lastCycleVotes":161209,"realTimeVotes":161209,"changeVotes":0,"brokerage":0,"votesPercentage":6.648261327297558E-4,"lastCycleVotesPercentage":6.648496041470634E-4,"change_cycle":0,"witnessType":2,"producedTotal":0,"producedEfficiency":0.0,"blockReward":0,"version":0},{"lastRanking":83,"realTimeRanking":83,"address":"TKXnhSWxKAfYhsYLkh5wS8qUT1ESBbMSpn","name":"PROMO-NETWORK","url":"https://promo.network/","hasPage":true,"lastCycleVotes":158783,"realTimeVotes":158783,"changeVotes":0,"brokerage":100,"votesPercentage":6.548213054682358E-4,"lastCycleVotesPercentage":6.548444236691698E-4,"change_cycle":0,"witnessType":2,"producedTotal":0,"producedEfficiency":0.0,"blockReward":0,"version":0},{"lastRanking":84,"realTimeRanking":84,"address":"TAKFctfLwhcUwU7PPfijB35GzpPuiph2XE","name":"oceanview","url":"https://twitter.com/mr_oceanview","hasPage":true,"lastCycleVotes":151282,"realTimeVotes":151282,"changeVotes":0,"brokerage":100,"votesPercentage":6.238871713838738E-4,"lastCycleVotesPercentage":6.239091974677347E-4,"change_cycle":0,"witnessType":2,"producedTotal":0,"producedEfficiency":0.0,"blockReward":0,"version":0},{"lastRanking":85,"realTimeRanking":85,"address":"TSyG9BdjsGE2GoHG9eeYKMns6zMQFDmbvS","name":"TarquinRealEstate","url":"xreglobal.com","hasPage":false,"lastCycleVotes":143832,"realTimeVotes":143832,"changeVotes":0,"brokerage":100,"votesPercentage":5.931633613680765E-4,"lastCycleVotesPercentage":5.931843027602704E-4,"change_cycle":0,"witnessType":2,"producedTotal":0,"producedEfficiency":0.0,"blockReward":0,"version":0},{"lastRanking":86,"realTimeRanking":86,"address":"TGnTYAB6XjLWoAGYXmDoLeLeX9X59JFBVK","name":"","url":"https://cobo.com","hasPage":true,"lastCycleVotes":137713,"realTimeVotes":137713,"changeVotes":0,"brokerage":20,"votesPercentage":5.679285971416786E-4,"lastCycleVotesPercentage":5.679486476307437E-4,"change_cycle":0,"witnessType":2,"producedTotal":0,"producedEfficiency":0.0,"blockReward":0,"version":0},{"lastRanking":87,"realTimeRanking":87,"address":"THM4SAoJrNebe8zdQJ8d6eu41XFHHNbb8N","name":"CharityCompassionCoin-CCC","url":"https://CharityCompassionCoin.com","hasPage":true,"lastCycleVotes":135353,"realTimeVotes":135353,"changeVotes":0,"brokerage":0,"votesPercentage":5.581959539688891E-4,"lastCycleVotesPercentage":5.582156608509295E-4,"change_cycle":0,"witnessType":2,"producedTotal":0,"producedEfficiency":0.0,"blockReward":0,"version":0},{"lastRanking":88,"realTimeRanking":88,"address":"TYTYuSyiEpxNsjakQSRmjiZAymvxoBbziH","name":"TronLabsRomania","url":"https://www.tronlabs.ro","hasPage":true,"lastCycleVotes":132619,"realTimeVotes":132619,"changeVotes":0,"brokerage":40,"votesPercentage":5.469209342932931E-4,"lastCycleVotesPercentage":5.469402431153311E-4,"change_cycle":0,"witnessType":2,"producedTotal":0,"producedEfficiency":0.0,"blockReward":0,"version":0},{"lastRanking":89,"realTimeRanking":89,"address":"TTENv9A7zf543xdVmnaon42SqsGGd7L7p8","name":"Bankroll_Network","url":"https://bankroll.network","hasPage":false,"lastCycleVotes":118205,"realTimeVotes":118205,"changeVotes":0,"brokerage":20,"votesPercentage":4.874775789150778E-4,"lastCycleVotesPercentage":4.874947891135336E-4,"change_cycle":0,"witnessType":2,"producedTotal":0,"producedEfficiency":0.0,"blockReward":0,"version":0},{"lastRanking":90,"realTimeRanking":90,"address":"TFcBLX6W4u7xAFYvcyUDEHT6Cy7GroVLfD","name":"TRONbet","url":"https://tronbet.com","hasPage":true,"lastCycleVotes":118184,"realTimeVotes":118184,"changeVotes":0,"brokerage":20,"votesPercentage":4.873909748868454E-4,"lastCycleVotesPercentage":4.87408182027781E-4,"change_cycle":0,"witnessType":2,"producedTotal":13060,"producedEfficiency":99.99234361840594,"blockReward":417920,"version":0},{"lastRanking":91,"realTimeRanking":91,"address":"TA8VRz8ofdpmqAvxTKDVGkQRHRWxmRTXGA","name":"TRONPADCOM","url":"https://tronpad.com","hasPage":false,"lastCycleVotes":112463,"realTimeVotes":112463,"changeVotes":0,"brokerage":1,"votesPercentage":4.6379756319551963E-4,"lastCycleVotesPercentage":4.6381393738061273E-4,"change_cycle":0,"witnessType":2,"producedTotal":0,"producedEfficiency":0.0,"blockReward":0,"version":0},{"lastRanking":92,"realTimeRanking":92,"address":"TZ8NZA6PPKSK2wHuFAo8vzf4VZnMtmDugF","name":"Surface-Foundation","url":"https://t.me/tron_my","hasPage":false,"lastCycleVotes":108699,"realTimeVotes":108699,"changeVotes":0,"brokerage":25,"votesPercentage":4.4827482213518927E-4,"lastCycleVotesPercentage":4.482906482961972E-4,"change_cycle":0,"witnessType":2,"producedTotal":0,"producedEfficiency":0.0,"blockReward":0,"version":0},{"lastRanking":93,"realTimeRanking":93,"address":"TNkRSKWP7VvdrisTwC8iNzUV6MRoEJh6xx","name":"Health-Port-EHR-Issuing-Account","url":"https://healthport.io/","hasPage":false,"lastCycleVotes":105111,"realTimeVotes":105111,"changeVotes":0,"brokerage":100,"votesPercentage":4.334779053114737E-4,"lastCycleVotesPercentage":4.3349320907332714E-4,"change_cycle":0,"witnessType":2,"producedTotal":0,"producedEfficiency":0.0,"blockReward":0,"version":0},{"lastRanking":94,"realTimeRanking":94,"address":"TD4anu8auWfCDYqQpAEcLXVK6UgME9Jsid","name":"TronSecure-Super-Representative","url":"https://tronsecure.io","hasPage":false,"lastCycleVotes":104018,"realTimeVotes":104018,"changeVotes":0,"brokerage":0,"votesPercentage":4.2897037184204195E-4,"lastCycleVotesPercentage":4.289855164672521E-4,"change_cycle":0,"witnessType":2,"producedTotal":0,"producedEfficiency":0.0,"blockReward":0,"version":0},{"lastRanking":95,"realTimeRanking":95,"address":"TSRmKPv8kvokcHKfLeySQ3gNHyYrAAXrnc","name":"DAPPHOUSE","url":"http://dapps.house","hasPage":true,"lastCycleVotes":100570,"realTimeVotes":100570,"changeVote"
12:58:44.778 [TestNG-tests-1] DEBUG org.apache.http.wire -  << "s":0,"brokerage":20,"votesPercentage":4.147508152065427E-4,"lastCycleVotesPercentage":4.1476545781606597E-4,"change_cycle":0,"witnessType":2,"producedTotal":250389,"producedEfficiency":99.07332301933677,"blockReward":8012224,"version":0},{"lastRanking":96,"realTimeRanking":96,"address":"TGiDnq7cxAFwProHPo8MFwhs7C5PU7EyJR","name":"1000WONG","url":"https://twitter.com/1000WONG","hasPage":false,"lastCycleVotes":90408,"realTimeVotes":90408,"changeVotes":0,"brokerage":0,"votesPercentage":3.728427135447262E-4,"lastCycleVotesPercentage":3.728558766056964E-4,"change_cycle":0,"witnessType":2,"producedTotal":0,"producedEfficiency":0.0,"blockReward":0,"version":0},{"lastRanking":97,"realTimeRanking":97,"address":"TE7BWvxSPbsxZ5MVFFLfmkDnBw3MRFQGtw","name":"ProudBTC1nvest","url":"https://sites.google.com/view/proudbtc1nvest/startsida","hasPage":false,"lastCycleVotes":83130,"realTimeVotes":83130,"changeVotes":0,"brokerage":0,"votesPercentage":3.4282823176016595E-4,"lastCycleVotesPercentage":3.428403351720151E-4,"change_cycle":0,"witnessType":2,"producedTotal":0,"producedEfficiency":0.0,"blockReward":0,"version":0},{"lastRanking":98,"realTimeRanking":98,"address":"TAXZHpzFwGdqMzF7w8KkFhWkikGY12yUpk","name":"","url":"https://dexnode.net","hasPage":true,"lastCycleVotes":82613,"realTimeVotes":82613,"changeVotes":0,"brokerage":20,"votesPercentage":3.4069612306511E-4,"lastCycleVotesPercentage":3.407081512037253E-4,"change_cycle":0,"witnessType":2,"producedTotal":0,"producedEfficiency":0.0,"blockReward":0,"version":0},{"lastRanking":99,"realTimeRanking":99,"address":"TTCrBKXyTCS2B5ktjivNtHiSyCPTCLWv3v","name":"TronVietNam","url":"https://www.tronvietnam.org","hasPage":true,"lastCycleVotes":75808,"realTimeVotes":75808,"changeVotes":0,"brokerage":15,"votesPercentage":3.1263229391645213E-4,"lastCycleVotesPercentage":3.126433312729474E-4,"change_cycle":0,"witnessType":2,"producedTotal":0,"producedEfficiency":0.0,"blockReward":0,"version":0},{"lastRanking":100,"realTimeRanking":100,"address":"TTuT2AG5q37f74zra7PjAApUmyVaXmFvC4","name":"RayboTron","url":"http://raybo.com","hasPage":true,"lastCycleVotes":74940,"realTimeVotes":74940,"changeVotes":0,"brokerage":20,"votesPercentage":3.090526607495109E-4,"lastCycleVotesPercentage":3.090635717285073E-4,"change_cycle":0,"witnessType":2,"producedTotal":267142,"producedEfficiency":99.13681772974898,"blockReward":8548288,"version":0},{"lastRanking":101,"realTimeRanking":101,"address":"TDdYEXqbqYGXaufkh2kiZhFQA3oi6A8yoi","name":"TronBoston","url":"https://www.tronboston.com","hasPage":false,"lastCycleVotes":54303,"realTimeVotes":54303,"changeVotes":0,"brokerage":20,"votesPercentage":2.2394564500507992E-4,"lastCycleVotesPercentage":2.2395355131536073E-4,"change_cycle":0,"witnessType":2,"producedTotal":0,"producedEfficiency":0.0,"blockReward":0,"version":0},{"lastRanking":102,"realTimeRanking":102,"address":"TDJ8A5jRuAmb2ctYvZcwtPQaGDv33sVbDD","name":"TronLottery","url":"https://tronlottery.io","hasPage":true,"lastCycleVotes":30734,"realTimeVotes":30734,"changeVotes":0,"brokerage":100,"votesPercentage":1.2674705731886133E-4,"lastCycleVotesPercentage":1.2675153207237716E-4,"change_cycle":0,"witnessType":2,"producedTotal":0,"producedEfficiency":0.0,"blockReward":0,"version":0},{"lastRanking":103,"realTimeRanking":103,"address":"TGBnYeW24FC9zcVmV3T2Vrz21hJQrHWfJW","name":"Swisstron","url":"https://www.tron.buzz","hasPage":false,"lastCycleVotes":30095,"realTimeVotes":30095,"changeVotes":0,"brokerage":20,"votesPercentage":1.2411182045978823E-4,"lastCycleVotesPercentage":1.2411620217733424E-4,"change_cycle":0,"witnessType":2,"producedTotal":0,"producedEfficiency":0.0,"blockReward":0,"version":0},{"lastRanking":104,"realTimeRanking":104,"address":"TMs377k86n2NXwoZoN6gNCf929u6BKdbvn","name":"odintron","url":"https://twitter.com/black0din","hasPage":false,"lastCycleVotes":30016,"realTimeVotes":30016,"changeVotes":0,"brokerage":20,"votesPercentage":1.2378602435358043E-4,"lastCycleVotesPercentage":1.237903945690269E-4,"change_cycle":0,"witnessType":2,"producedTotal":0,"producedEfficiency":0.0,"blockReward":0,"version":0},{"lastRanking":105,"realTimeRanking":105,"address":"TCf5cqLffPccEY7hcsabiFnMfdipfyryvr","name":"","url":"http://TronGr20.com","hasPage":false,"lastCycleVotes":29284,"realTimeVotes":29284,"changeVotes":0,"brokerage":20,"votesPercentage":1.2076725536947794E-4,"lastCycleVotesPercentage":1.2077151900850825E-4,"change_cycle":0,"witnessType":2,"producedTotal":56172,"producedEfficiency":100.0,"blockReward":1797504,"version":0},{"lastRanking":106,"realTimeRanking":106,"address":"TN9rYynDSPinTuvRg8G1TdrEjAc2f3X2dX","name":"Tron-France","url":"http://www.tron-france.com","hasPage":true,"lastCycleVotes":22936,"realTimeVotes":22936,"changeVotes":0,"brokerage":20,"votesPercentage":9.458809483521193E-5,"lastCycleVotesPercentage":9.459143422958425E-5,"change_cycle":0,"witnessType":2,"producedTotal":0,"producedEfficiency":0.0,"blockReward":0,"version":0},{"lastRanking":107,"realTimeRanking":107,"address":"TBkF5gRmwxq4Zm4K7oBMHvfvUKxD8KYkJ5","name":"TRONJAPAN","url":"http://tronjapan.io","hasPage":true,"lastCycleVotes":20821,"realTimeVotes":20821,"changeVotes":0,"brokerage":20,"votesPercentage":8.5865831991801E-5,"lastCycleVotesPercentage":8.586886345021686E-5,"change_cycle":0,"witnessType":2,"producedTotal":0,"producedEfficiency":0.0,"blockReward":0,"version":0},{"lastRanking":108,"realTimeRanking":108,"address":"THX1ZF1CNdcDMNai2QUSYgdBmsECah6vtJ","name":"","url":"https://www.thz.net","hasPage":false,"lastCycleVotes":20658,"realTimeVotes":20658,"changeVotes":0,"brokerage":11,"votesPercentage":8.51936197726634E-5,"lastCycleVotesPercentage":8.519662749889917E-5,"change_cycle":0,"witnessType":2,"producedTotal":0,"producedEfficiency":0.0,"blockReward":0,"version":0},{"lastRanking":109,"realTimeRanking":109,"address":"TU5gKG2QrysL4wmjM6ydonVDcEtupuVHCN","name":"DEXExchange-DEXCOIN","url":"https://dexexchange.us","hasPage":true,"lastCycleVotes":19392,"realTimeVotes":19392,"changeVotes":0,"brokerage":100,"votesPercentage":7.997263407065006E-5,"lastCycleVotesPercentage":7.997545747210053E-5,"change_cycle":0,"witnessType":2,"producedTotal":0,"producedEfficiency":0.0,"blockReward":0,"version":0},{"lastRanking":110,"realTimeRanking":110,"address":"TCjwPyWLgry8dD8QCgpYv7cvKe6oK5PM1j","name":"theseusx","url":"https://theseusx.net","hasPage":false,"lastCycleVotes":18082,"realTimeVotes":18082,"changeVotes":0,"brokerage":20,"votesPercentage":7.4570192309483E-5,"lastCycleVotesPercentage":7.457282497991552E-5,"change_cycle":0,"witnessType":2,"producedTotal":0,"producedEfficiency":0.0,"blockReward":0,"version":0},{"lastRanking":111,"realTimeRanking":111,"address":"TS4vTdFRNJCHZex8j7bozAiRXGXvtRjhAF","name":"TEAMHELIOS","url":"https://teamhelios.org/","hasPage":true,"lastCycleVotes":13457,"realTimeVotes":13457,"changeVotes":0,"brokerage":100,"votesPercentage":5.54966860916222E-5,"lastCycleVotesPercentage":5.549864537964403E-5,"change_cycle":0,"witnessType":2,"producedTotal":0,"producedEfficiency":0.0,"blockReward":0,"version":0},{"lastRanking":112,"realTimeRanking":112,"address":"THWCmwMwtc97qDd1fqkeK8LBwSPgwTeq79","name":"NEOPLY-TRON","url":"https://www.neoply.com","hasPage":false,"lastCycleVotes":12736,"realTimeVotes":12736,"changeVotes":0,"brokerage":100,"votesPercentage":5.252328112230812E-5,"lastCycleVotesPercentage":5.252513543547197E-5,"change_cycle":0,"witnessType":2,"producedTotal":0,"producedEfficiency":0.0,"blockReward":0,"version":0},{"lastRanking":113,"realTimeRanking":113,"address":"TN8jmSQv79QHa37cckKMguDyf3vAKtpvDs","name":"BlockChainRealEstate","url":"tronsr","hasPage":false,"lastCycleVotes":12230,"realTimeVotes":12230,"changeVotes":0,"brokerage":100,"votesPercentage":5.0436536442040545E-5,"lastCycleVotesPercentage":5.043831708352875E-5,"change_cycle":0,"witnessType":2,"producedTotal":1065,"producedEfficiency":100.0,"blockReward":34080,"version":0},{"lastRanking":114,"realTimeRanking":114,"address":"TLTeJxavvgAC5opkDXfXfhRXp4thLfHL5p","name":"BitDogSR","url":"https://weibo.com/bitdog666","hasPage":true,"lastCycleVotes":12205,"realTimeVotes":12205,"changeVotes":0,"brokerage":20,"votesPercentage":5.033343640843048E-5,"lastCycleVotesPercen"
12:58:44.779 [TestNG-tests-1] DEBUG org.apache.http.wire -  << "tage":5.0335213410013767E-5,"change_cycle":0,"witnessType":2,"producedTotal":27199,"producedEfficiency":99.99632352941177,"blockReward":870368,"version":0},{"lastRanking":115,"realTimeRanking":115,"address":"TX3ZceVew6yLC5hWTXnjrUFtiFfUDGKGty","name":"","url":"http://TronGr18.com","hasPage":false,"lastCycleVotes":8758,"realTimeVotes":8758,"changeVotes":0,"brokerage":20,"votesPercentage":3.611800377427564E-5,"lastCycleVotesPercentage":3.6119278905768175E-5,"change_cycle":0,"witnessType":2,"producedTotal":34565,"producedEfficiency":100.0,"blockReward":1106080,"version":0},{"lastRanking":116,"realTimeRanking":116,"address":"TUpoK1NUFcXpVjn7AvTsSCAYwD559CEaxr","name":"TrIP4web","url":"https://trip4web.com","hasPage":true,"lastCycleVotes":7070,"realTimeVotes":7070,"changeVotes":0,"brokerage":20,"votesPercentage":2.91566895049245E-5,"lastCycleVotesPercentage":2.9157718870036654E-5,"change_cycle":0,"witnessType":2,"producedTotal":0,"producedEfficiency":0.0,"blockReward":0,"version":0},{"lastRanking":117,"realTimeRanking":117,"address":"TQxyQu5d76MaxsEF4nBf9tFa8s93nSHe8M","name":"tronproio","url":"http://tronpro.io","hasPage":true,"lastCycleVotes":6859,"realTimeVotes":6859,"changeVotes":0,"brokerage":20,"votesPercentage":2.8286525221255607E-5,"lastCycleVotesPercentage":2.8287523865570212E-5,"change_cycle":0,"witnessType":2,"producedTotal":15194,"producedEfficiency":99.99341888779205,"blockReward":486208,"version":0},{"lastRanking":118,"realTimeRanking":118,"address":"TLaqfGrxZ3dykAFps7M2B4gETTX1yixPgN","name":"","url":"http://TronGr17.com","hasPage":false,"lastCycleVotes":6831,"realTimeVotes":6831,"changeVotes":0,"brokerage":20,"votesPercentage":2.817105318361234E-5,"lastCycleVotesPercentage":2.8172047751233432E-5,"change_cycle":0,"witnessType":2,"producedTotal":49765,"producedEfficiency":99.98392702871034,"blockReward":1592480,"version":0},{"lastRanking":119,"realTimeRanking":119,"address":"TRSZydUjAZaA5aMYA21J9iWriNF1q1bwzW","name":"TRONCanada","url":"https://www.troncanada.com/","hasPage":true,"lastCycleVotes":6283,"realTimeVotes":6283,"changeVotes":0,"brokerage":20,"votesPercentage":2.591110044687986E-5,"lastCycleVotesPercentage":2.591201522778505E-5,"change_cycle":0,"witnessType":2,"producedTotal":0,"producedEfficiency":0.0,"blockReward":0,"version":0},{"lastRanking":120,"realTimeRanking":120,"address":"TUbPJqc7pw9iSkWC2a3dWJAThSnnesAwFq","name":"","url":"https://www.hashfin.com","hasPage":false,"lastCycleVotes":6020,"realTimeVotes":6020,"changeVotes":0,"brokerage":20,"votesPercentage":2.482648809330205E-5,"lastCycleVotesPercentage":2.4827364582407448E-5,"change_cycle":0,"witnessType":2,"producedTotal":0,"producedEfficiency":0.0,"blockReward":0,"version":0},{"lastRanking":121,"realTimeRanking":121,"address":"TRKJzrZxN34YyB8aBqqPDt7g4fv6sieemz","name":"","url":"http://TronGr24.com","hasPage":false,"lastCycleVotes":6007,"realTimeVotes":6007,"changeVotes":0,"brokerage":20,"votesPercentage":2.477287607582482E-5,"lastCycleVotesPercentage":2.4773750672179655E-5,"change_cycle":0,"witnessType":2,"producedTotal":21248,"producedEfficiency":100.0,"blockReward":679936,"version":0},{"lastRanking":122,"realTimeRanking":122,"address":"THKJYuUmMKKARNf7s2VT51g5uPY6KEqnat","name":"","url":"http://TronGr1.com","hasPage":false,"lastCycleVotes":5783,"realTimeVotes":5783,"changeVotes":0,"brokerage":20,"votesPercentage":2.3849099774678694E-5,"lastCycleVotesPercentage":2.3849941757485423E-5,"change_cycle":0,"witnessType":2,"producedTotal":58297,"producedEfficiency":100.0,"blockReward":1865504,"version":0},{"lastRanking":123,"realTimeRanking":123,"address":"TLCuBEirVzB6V4menLZKw1jfBTFMZbuKq7","name":"","url":"https://game.com","hasPage":true,"lastCycleVotes":5597,"realTimeVotes":5597,"changeVotes":0,"brokerage":20,"votesPercentage":2.308203552461986E-5,"lastCycleVotesPercentage":2.3082850426533966E-5,"change_cycle":0,"witnessType":2,"producedTotal":0,"producedEfficiency":0.0,"blockReward":0,"version":0},{"lastRanking":124,"realTimeRanking":124,"address":"TFuC2Qge4GxA2U9abKxk1pw3YZvGM5XRir","name":"","url":"http://TronGr11.com","hasPage":false,"lastCycleVotes":5501,"realTimeVotes":5501,"changeVotes":0,"brokerage":20,"votesPercentage":2.2686131395557235E-5,"lastCycleVotesPercentage":2.268693232023644E-5,"change_cycle":0,"witnessType":2,"producedTotal":30041,"producedEfficiency":99.98335884976369,"blockReward":961312,"version":0},{"lastRanking":125,"realTimeRanking":125,"address":"TWwaKmzCGF4Hka99GHuR8Waz1mrEtkByeN","name":"TronInvestGroup","url":"https://www.troninvestgroup.org","hasPage":true,"lastCycleVotes":5496,"realTimeVotes":5496,"changeVotes":0,"brokerage":100,"votesPercentage":2.2665511388835223E-5,"lastCycleVotesPercentage":2.2666311585533443E-5,"change_cycle":0,"witnessType":2,"producedTotal":0,"producedEfficiency":0.0,"blockReward":0,"version":0},{"lastRanking":126,"realTimeRanking":126,"address":"TQQ6akqQfkUoB26PfnkLkEqKoh1BNvQoFs","name":"BitcoinWorld","url":"https://www.bitcoinworld.com/","hasPage":false,"lastCycleVotes":5252,"realTimeVotes":5252,"changeVotes":0,"brokerage":20,"votesPercentage":2.1659255060801056E-5,"lastCycleVotesPercentage":2.166001973202723E-5,"change_cycle":0,"witnessType":2,"producedTotal":0,"producedEfficiency":0.0,"blockReward":0,"version":0},{"lastRanking":127,"realTimeRanking":127,"address":"TLF5cNeWQKGUyDDHebQnLTfCNCKGCb4wiu","name":"TeamTronVIP","url":"https://tronvip.io","hasPage":true,"lastCycleVotes":5109,"realTimeVotes":5109,"changeVotes":0,"brokerage":20,"votesPercentage":2.1069522868551523E-5,"lastCycleVotesPercentage":2.1070266719521537E-5,"change_cycle":0,"witnessType":2,"producedTotal":0,"producedEfficiency":0.0,"blockReward":0,"version":0},{"lastRanking":128,"realTimeRanking":128,"address":"TWeZZDaDu63CebHsnDGUhsKAZ2cHz7uFJt","name":"NodeCapital","url":"http://www.nodecap.com/","hasPage":false,"lastCycleVotes":5056,"realTimeVotes":5056,"changeVotes":0,"brokerage":20,"votesPercentage":2.08509507972982E-5,"lastCycleVotesPercentage":2.0851686931669778E-5,"change_cycle":0,"witnessType":3,"producedTotal":0,"producedEfficiency":0.0,"blockReward":0,"version":0},{"lastRanking":129,"realTimeRanking":129,"address":"TYNh7Td8z7jga1tZYvkZvn4AKxq8aPmGZm","name":"genesiscap","url":"http://newgenesiscap.com/","hasPage":false,"lastCycleVotes":5012,"realTimeVotes":5012,"changeVotes":0,"brokerage":20,"votesPercentage":2.0669494738144496E-5,"lastCycleVotesPercentage":2.067022446628341E-5,"change_cycle":0,"witnessType":3,"producedTotal":0,"producedEfficiency":0.0,"blockReward":0,"version":0},{"lastRanking":130,"realTimeRanking":130,"address":"TH4nPzmbioavDew4GPxD4hHzsLXAetDFSA","name":"","url":"https://tron.34rth.com/","hasPage":true,"lastCycleVotes":5004,"realTimeVotes":5004,"changeVotes":0,"brokerage":20,"votesPercentage":2.0636502727389276E-5,"lastCycleVotesPercentage":2.0637231290758616E-5,"change_cycle":0,"witnessType":3,"producedTotal":0,"producedEfficiency":0.0,"blockReward":0,"version":0},{"lastRanking":131,"realTimeRanking":131,"address":"TWmYacoioZVVDn3jwVCd28sEJpJARyybSF","name":"BitTorrentNow","url":"http://bt.co","hasPage":true,"lastCycleVotes":4470,"realTimeVotes":4470,"changeVotes":0,"brokerage":20,"votesPercentage":1.843428600947843E-5,"lastCycleVotesPercentage":1.843493682447862E-5,"change_cycle":0,"witnessType":3,"producedTotal":0,"producedEfficiency":0.0,"blockReward":0,"version":0},{"lastRanking":132,"realTimeRanking":132,"address":"TFYhSxKGD7Ysqi96wozmpGw5P3vC324Kem","name":"HelloWorld","url":"https://helloworldteam.org","hasPage":true,"lastCycleVotes":4360,"realTimeVotes":4360,"changeVotes":0,"brokerage":20,"votesPercentage":1.7980645861594174E-5,"lastCycleVotesPercentage":1.7981280661012703E-5,"change_cycle":0,"witnessType":3,"producedTotal":0,"producedEfficiency":0.0,"blockReward":0,"version":0},{"lastRanking":133,"realTimeRanking":133,"address":"TGK6iAKgBmHeQyp5hn3imB71EDnFPkXiPR","name":"","url":"http://TronGr16.com","hasPage":false,"lastCycleVotes":4236,"realTimeVotes":4236,"changeVotes":0,"brokerage":20,"votesPercentage":1.7469269694888287E-5,"lastCycleVotesPercentage":1.7469886440378398E-5,"change_cycle":0,"witnessType":3,"producedTotal":54023,"producedEfficiency":98.97585284526033,"blockReward":1728736,"ve"
12:58:44.779 [TestNG-tests-1] DEBUG org.apache.http.wire -  << "rsion":0},{"lastRanking":134,"realTimeRanking":134,"address":"TM2WoRPjYAWjJuR6QSZgaGWkr2qDP2d6sA","name":"Tron-Man","url":"http://tron-man.com/","hasPage":false,"lastCycleVotes":4100,"realTimeVotes":4100,"changeVotes":0,"brokerage":20,"votesPercentage":1.6908405512049566E-5,"lastCycleVotesPercentage":1.69090024564569E-5,"change_cycle":0,"witnessType":3,"producedTotal":0,"producedEfficiency":0.0,"blockReward":0,"version":0},{"lastRanking":135,"realTimeRanking":135,"address":"TNHpUuakVeceLagF9k6j8HU9KruSQ23cXW","name":"TronWatch","url":"https://www.google.com/","hasPage":true,"lastCycleVotes":3676,"realTimeVotes":3676,"changeVotes":0,"brokerage":100,"votesPercentage":1.515982894202298E-5,"lastCycleVotesPercentage":1.516036415364282E-5,"change_cycle":0,"witnessType":3,"producedTotal":0,"producedEfficiency":0.0,"blockReward":0,"version":0},{"lastRanking":136,"realTimeRanking":136,"address":"TNEqakRxoJ1YsLK2t5c57vZyWWbDpetq7y","name":"GameOfTron","url":"https://www.gameoftron.net/","hasPage":false,"lastCycleVotes":3552,"realTimeVotes":3552,"changeVotes":0,"brokerage":20,"votesPercentage":1.4648452775317088E-5,"lastCycleVotesPercentage":1.4648969933008514E-5,"change_cycle":0,"witnessType":3,"producedTotal":0,"producedEfficiency":0.0,"blockReward":0,"version":0},{"lastRanking":137,"realTimeRanking":137,"address":"TNGoca1VHC6Y5Jd2B1VFpFEhizVk92Rz85","name":"","url":"http://TronGr12.com","hasPage":false,"lastCycleVotes":3365,"realTimeVotes":3365,"changeVotes":0,"brokerage":20,"votesPercentage":1.3877264523913852E-5,"lastCycleVotesPercentage":1.3877754455116454E-5,"change_cycle":0,"witnessType":3,"producedTotal":46832,"producedEfficiency":100.0,"blockReward":1498624,"version":0},{"lastRanking":138,"realTimeRanking":138,"address":"TK6V5Pw2UWQWpySnZyCDZaAvu1y48oRgXN","name":"","url":"http://TronGr6.com","hasPage":false,"lastCycleVotes":3257,"realTimeVotes":3257,"changeVotes":0,"brokerage":20,"votesPercentage":1.3431872378718401E-5,"lastCycleVotesPercentage":1.3432346585531738E-5,"change_cycle":0,"witnessType":3,"producedTotal":55640,"producedEfficiency":99.99820276414873,"blockReward":1780480,"version":0},{"lastRanking":139,"realTimeRanking":139,"address":"TYy6xnc35LkyEuU9fJv4x89vkhLZim1yJv","name":"EtherPoker","url":"http://www.etherpoker.cc","hasPage":true,"lastCycleVotes":3089,"realTimeVotes":3089,"changeVotes":0,"brokerage":20,"votesPercentage":1.2739040152858809E-5,"lastCycleVotesPercentage":1.2739489899511065E-5,"change_cycle":0,"witnessType":3,"producedTotal":69878,"producedEfficiency":99.64492991287236,"blockReward":2236096,"version":0},{"lastRanking":140,"realTimeRanking":140,"address":"TVDmPWGYxgi5DNeW8hXrzrhY8Y6zgxPNg4","name":"","url":"http://TronGr2.com","hasPage":false,"lastCycleVotes":3050,"realTimeVotes":3050,"changeVotes":0,"brokerage":20,"votesPercentage":1.2578204100427118E-5,"lastCycleVotesPercentage":1.2578648168827693E-5,"change_cycle":0,"witnessType":3,"producedTotal":53764,"producedEfficiency":99.99628017706357,"blockReward":1720448,"version":0},{"lastRanking":141,"realTimeRanking":141,"address":"TGgF85TNinitZZ1zTf1bKbUyTByAxHLd7G","name":"HOLDTRON","url":"https://t.me/joinchat/F5QrYU9C8y-nAN2w0M327Q","hasPage":true,"lastCycleVotes":2926,"realTimeVotes":2926,"changeVotes":0,"brokerage":20,"votesPercentage":1.2066827933721228E-5,"lastCycleVotesPercentage":1.2067253948193388E-5,"change_cycle":0,"witnessType":3,"producedTotal":0,"producedEfficiency":0.0,"blockReward":0,"version":0},{"lastRanking":142,"realTimeRanking":142,"address":"TDarXEG2rAD57oa7JTK785Yb2Et32UzY32","name":"","url":"http://TronGr4.com","hasPage":false,"lastCycleVotes":2731,"realTimeVotes":2731,"changeVotes":0,"brokerage":20,"votesPercentage":1.1262647671562774E-5,"lastCycleVotesPercentage":1.1263045294776534E-5,"change_cycle":0,"witnessType":3,"producedTotal":53772,"producedEfficiency":100.0,"blockReward":1720704,"version":0},{"lastRanking":143,"realTimeRanking":143,"address":"TMXamLGmArfCEFoVXbrvbyXpzMT2Tq1FBy","name":"DEXExchange-DEXCOIN-XDEX","url":"Change Your Vote From This SR Position, To Our New SR Position: \"DEXExchange-DEXCOIN\"","hasPage":true,"lastCycleVotes":2453,"realTimeVotes":2453,"changeVotes":0,"brokerage":100,"votesPercentage":1.0116175297818924E-5,"lastCycleVotesPercentage":1.0116532445289945E-5,"change_cycle":0,"witnessType":3,"producedTotal":0,"producedEfficiency":0.0,"blockReward":0,"version":0},{"lastRanking":144,"realTimeRanking":144,"address":"TWm3id3mrQ42guf7c4oVpYExyTYnEGy3JL","name":"","url":"http://TronGr9.com","hasPage":false,"lastCycleVotes":2452,"realTimeVotes":2452,"changeVotes":0,"brokerage":20,"votesPercentage":1.0112051296474522E-5,"lastCycleVotesPercentage":1.0112408298349346E-5,"change_cycle":0,"witnessType":3,"producedTotal":47904,"producedEfficiency":100.0,"blockReward":1532928,"version":0},{"lastRanking":145,"realTimeRanking":145,"address":"TEuVwDCt4qGehQTg7DJEC1EsJHpTkWHhqJ","name":"MEG4TRON","url":"http://www.meg4tron.com/","hasPage":false,"lastCycleVotes":2042,"realTimeVotes":2042,"changeVotes":0,"brokerage":20,"votesPercentage":8.421210745269566E-6,"lastCycleVotesPercentage":8.421508052703656E-6,"change_cycle":0,"witnessType":3,"producedTotal":0,"producedEfficiency":0.0,"blockReward":0,"version":0},{"lastRanking":146,"realTimeRanking":146,"address":"TRLnLri5w7q9VigSeTJEjog4RuVtwoqvCr","name":"","url":"https://mdt.co","hasPage":true,"lastCycleVotes":2001,"realTimeVotes":2001,"changeVotes":0,"brokerage":20,"votesPercentage":8.252126690149069E-6,"lastCycleVotesPercentage":8.252418028139087E-6,"change_cycle":0,"witnessType":3,"producedTotal":0,"producedEfficiency":0.0,"blockReward":0,"version":0},{"lastRanking":147,"realTimeRanking":147,"address":"TEEzguTtCihbRPfjf1CvW8Euxz1kKuvtR9","name":"","url":"http://TronGr14.com","hasPage":false,"lastCycleVotes":1839,"realTimeVotes":1839,"changeVotes":0,"brokerage":20,"votesPercentage":7.5840384723558914E-6,"lastCycleVotesPercentage":7.584306223762008E-6,"change_cycle":0,"witnessType":3,"producedTotal":27117,"producedEfficiency":100.0,"blockReward":867744,"version":0},{"lastRanking":149,"realTimeRanking":148,"address":"TRMP6SKeFUt5NtMLzJv8kdpYuHRnEGjGfe","name":"","url":"http://TronGr25.com","hasPage":false,"lastCycleVotes":1626,"realTimeVotes":1626,"changeVotes":0,"brokerage":20,"votesPercentage":6.705626185998195E-6,"lastCycleVotesPercentage":6.705862925414371E-6,"change_cycle":1,"witnessType":3,"producedTotal":18571,"producedEfficiency":99.9408029275643,"blockReward":594272,"version":0},{"lastRanking":150,"realTimeRanking":14"
12:58:44.779 [TestNG-tests-1] DEBUG org.apache.http.wire -  << "[\r][\n]"
12:58:44.779 [TestNG-tests-1] DEBUG org.apache.http.wire -  << "8000[\r][\n]"
12:58:44.779 [TestNG-tests-1] DEBUG org.apache.http.wire -  << "9,"address":"TSkXBuJBsnjdVFADqU2CsmD6YaCuxN7AHe","name":"","url":"https://antpool.com","hasPage":false,"lastCycleVotes":1589,"realTimeVotes":1589,"changeVotes":0,"brokerage":20,"votesPercentage":6.5530381362553085E-6,"lastCycleVotesPercentage":6.553269488612198E-6,"change_cycle":1,"witnessType":3,"producedTotal":0,"producedEfficiency":0.0,"blockReward":0,"version":0},{"lastRanking":148,"realTimeRanking":150,"address":"TRE6JANcQBfmXTDooRyStoALZNWvEgNpsE","name":"Tronbite","url":" ","hasPage":false,"lastCycleVotes":1643,"realTimeVotes":1543,"changeVotes":-100,"brokerage":100,"votesPercentage":6.363334074412802E-6,"lastCycleVotesPercentage":6.775973423404557E-6,"change_cycle":-2,"witnessType":3,"producedTotal":102241,"producedEfficiency":99.58506628225233,"blockReward":3271712,"version":0},{"lastRanking":151,"realTimeRanking":151,"address":"TEVAq8dmSQyTYK7uP1ZnZpa6MBVR83GsV6","name":"","url":"http://TronGr23.com","hasPage":false,"lastCycleVotes":1525,"realTimeVotes":1525,"changeVotes":0,"brokerage":20,"votesPercentage":6.289102050213559E-6,"lastCycleVotesPercentage":6.2893240844138465E-6,"change_cycle":0,"witnessType":3,"producedTotal":19115,"producedEfficiency":100.0,"blockReward":611680,"version":0},{"lastRanking":152,"realTimeRanking":152,"address":"TAa14iLEKPAetX49mzaxZmH6saRxcX7dT5","name":"","url":"http://TronGr21.com","hasPage":false,"lastCycleVotes":1501,"realTimeVotes":1501,"changeVotes":0,"brokerage":20,"votesPercentage":6.190126017947903E-6,"lastCycleVotesPercentage":6.190344557839464E-6,"change_cycle":0,"witnessType":3,"producedTotal":28449,"producedEfficiency":100.0,"blockReward":910368,"version":0},{"lastRanking":153,"realTimeRanking":153,"address":"TDEhi48MepJYzdb2XfEKe294prSiMssmTx","name":"trongalaxy","url":"http://www.trongalaxy.io","hasPage":true,"lastCycleVotes":1405,"realTimeVotes":1405,"changeVotes":0,"brokerage":20,"votesPercentage":5.794221888885279E-6,"lastCycleVotesPercentage":5.794426451541937E-6,"change_cycle":0,"witnessType":3,"producedTotal":0,"producedEfficiency":0.0,"blockReward":0,"version":0},{"lastRanking":154,"realTimeRanking":154,"address":"TBzaVm3e3QmoaG5xjR98DNqZE9bYwqgZcg","name":"BitcoinGOD","url":"https://trx.bitcoingod.org","hasPage":true,"lastCycleVotes":1370,"realTimeVotes":1370,"changeVotes":0,"brokerage":20,"votesPercentage":5.649881841831197E-6,"lastCycleVotesPercentage":5.650081308620964E-6,"change_cycle":0,"witnessType":3,"producedTotal":0,"producedEfficiency":0.0,"blockReward":0,"version":0},{"lastRanking":155,"realTimeRanking":155,"address":"TVsofxarmK6TYPzF7QkYsKxUhYtKFzrsRW","name":"COINHEIO","url":"https://coinhe.io","hasPage":true,"lastCycleVotes":1357,"realTimeVotes":1357,"changeVotes":0,"brokerage":20,"votesPercentage":5.5962698243539665E-6,"lastCycleVotesPercentage":5.596467398393174E-6,"change_cycle":0,"witnessType":3,"producedTotal":0,"producedEfficiency":0.0,"blockReward":0,"version":0},{"lastRanking":156,"realTimeRanking":156,"address":"TFuWG1FeQ3CXTsXnuydHahy3JsZZy11w5M","name":"Lucky2019YearOfThePig","url":"https://globalricetoken.wixsite.com/grttoken","hasPage":true,"lastCycleVotes":1312,"realTimeVotes":1312,"changeVotes":0,"brokerage":20,"votesPercentage":5.4106897638558615E-6,"lastCycleVotesPercentage":5.410880786066208E-6,"change_cycle":0,"witnessType":3,"producedTotal":0,"producedEfficiency":0.0,"blockReward":0,"version":0},{"lastRanking":157,"realTimeRanking":157,"address":"TJz3YaEaeceU3qhsanaomQp9oomR2Rbecf","name":"Tronix_Global","url":"www.tronixglobal.com","hasPage":false,"lastCycleVotes":1222,"realTimeVotes":1222,"changeVotes":0,"brokerage":97,"votesPercentage":5.0395296428596516E-6,"lastCycleVotesPercentage":5.0397075614122755E-6,"change_cycle":0,"witnessType":3,"producedTotal":0,"producedEfficiency":0.0,"blockReward":0,"version":0},{"lastRanking":158,"realTimeRanking":158,"address":"TDbNE1VajxjpgM5p7FyGNDASt3UVoFbiD3","name":"","url":"http://TronGr26.com","hasPage":false,"lastCycleVotes":1214,"realTimeVotes":1214,"changeVotes":0,"brokerage":20,"votesPercentage":5.006537632104434E-6,"lastCycleVotesPercentage":5.006714385887481E-6,"change_cycle":0,"witnessType":3,"producedTotal":24711,"producedEfficiency":100.0,"blockReward":790752,"version":0},{"lastRanking":159,"realTimeRanking":159,"address":"TTyNZXwUjF9g8us4HUgEXMvNuzRkcvopbL","name":"TRONBITCOIN","url":"http://tronbitcoin.io","hasPage":true,"lastCycleVotes":1176,"realTimeVotes":1176,"changeVotes":0,"brokerage":100,"votesPercentage":4.849825581017144E-6,"lastCycleVotesPercentage":4.849996802144711E-6,"change_cycle":0,"witnessType":3,"producedTotal":0,"producedEfficiency":0.0,"blockReward":0,"version":0},{"lastRanking":160,"realTimeRanking":160,"address":"TNi5gk1xVLR3QddJ5t6ReraYed63WjWGPj","name":"smoksolutios","url":"ffgtrgh","hasPage":false,"lastCycleVotes":1158,"realTimeVotes":1158,"changeVotes":0,"brokerage":20,"votesPercentage":4.775593556817902E-6,"lastCycleVotesPercentage":4.775762157213924E-6,"change_cycle":0,"witnessType":3,"producedTotal":0,"producedEfficiency":0.0,"blockReward":0,"version":0},{"lastRanking":161,"realTimeRanking":161,"address":"TBWMoK75hMmjRUtDrEEweA7g8nkSPUzDjG","name":"","url":"http://www.ocoins.cc/","hasPage":false,"lastCycleVotes":1087,"realTimeVotes":1087,"changeVotes":0,"brokerage":20,"votesPercentage":4.482789461365337E-6,"lastCycleVotesPercentage":4.4829477244313776E-6,"change_cycle":0,"witnessType":3,"producedTotal":0,"producedEfficiency":0.0,"blockReward":0,"version":0},{"lastRanking":162,"realTimeRanking":162,"address":"TQ4EtNraCeAh4xkw7xLGiWZMbtMtbBv7Bj","name":"TronTexas","url":"https://trontx.com","hasPage":false,"lastCycleVotes":1078,"realTimeVotes":1078,"changeVotes":0,"brokerage":20,"votesPercentage":4.445673449265716E-6,"lastCycleVotesPercentage":4.445830401965985E-6,"change_cycle":0,"witnessType":3,"producedTotal":0,"producedEfficiency":0.0,"blockReward":0,"version":0},{"lastRanking":163,"realTimeRanking":163,"address":"TCvwc3FV3ssq2rD82rMmjhT4PVXYTsFcKV","name":"","url":"http://TronGr10.com","hasPage":false,"lastCycleVotes":1000,"realTimeVotes":1000,"changeVotes":0,"brokerage":20,"votesPercentage":4.1240013444023335E-6,"lastCycleVotesPercentage":4.124146940599244E-6,"change_cycle":0,"witnessType":3,"producedTotal":26298,"producedEfficiency":100.0,"blockReward":841536,"version":0},{"lastRanking":164,"realTimeRanking":164,"address":"TGXRA72hwr47NDezgfSqhBJczxsYFQcK2H","name":"","url":"http://VeganIS.ME/","hasPage":false,"lastCycleVotes":877,"realTimeVotes":877,"changeVotes":0,"brokerage":20,"votesPercentage":3.6167491790408467E-6,"lastCycleVotesPercentage":3.616876866905537E-6,"change_cycle":0,"witnessType":3,"producedTotal":0,"producedEfficiency":0.0,"blockReward":0,"version":0},{"lastRanking":165,"realTimeRanking":165,"address":"TTTZFEVSxpZ8gVHwJVs6yhzBuN4xbHuoES","name":"--BANK--","url":"www.tbd.com","hasPage":false,"lastCycleVotes":876,"realTimeVotes":876,"changeVotes":0,"brokerage":20,"votesPercentage":3.612625177696444E-6,"lastCycleVotesPercentage":3.6127527199649375E-6,"change_cycle":0,"witnessType":3,"producedTotal":0,"producedEfficiency":0.0,"blockReward":0,"version":0},{"lastRanking":166,"realTimeRanking":166,"address":"THWeUoi3HYEnLDXigeyejjFSFAMaAJGnDU","name":"TronicStorm","url":"VoteTronicStorm","hasPage":false,"lastCycleVotes":864,"realTimeVotes":864,"changeVotes":0,"brokerage":15,"votesPercentage":3.5631371615636164E-6,"lastCycleVotesPercentage":3.5632629566777468E-6,"change_cycle":0,"witnessType":3,"producedTotal":0,"producedEfficiency":0.0,"blockReward":0,"version":0},{"lastRanking":167,"realTimeRanking":167,"address":"TUHkTGbNAYWVbJ8WCcUJj66ui1nrFd9k2m","name":"Huxliumworkforce","url":"https://huxlium.org","hasPage":false,"lastCycleVotes":844,"realTimeVotes":844,"changeVotes":0,"brokerage":100,"votesPercentage":3.4806571346755695E-6,"lastCycleVotesPercentage":3.4807800178657617E-6,"change_cycle":0,"witnessType":3,"producedTotal":0,"producedEfficiency":0.0,"blockReward":0,"version":0},{"lastRanking":168,"realTimeRanking":168,"address":"TGK8YYb9bJVnkw2hRFG1FyNVvXuqkWB4VD","name":"TronGameGlobal","url":"https://trongameglobal.network","hasPage":true,"lastCycleVotes":804,"realTimeVotes":804,"changeVotes":0,"brokerage":20,"votesPercentage":3.315"
12:58:44.779 [TestNG-tests-1] DEBUG org.apache.http.wire -  << "6970808994764E-6,"lastCycleVotesPercentage":3.315814140241792E-6,"change_cycle":0,"witnessType":3,"producedTotal":0,"producedEfficiency":0.0,"blockReward":0,"version":0},{"lastRanking":169,"realTimeRanking":169,"address":"TQq5ynrFUoDt338dXSWM4abFfF8YQ1PysX","name":"TRXKings","url":"https://www.trxkings.com","hasPage":false,"lastCycleVotes":752,"realTimeVotes":752,"changeVotes":0,"brokerage":20,"votesPercentage":3.101249010990555E-6,"lastCycleVotesPercentage":3.1013584993306317E-6,"change_cycle":0,"witnessType":3,"producedTotal":0,"producedEfficiency":0.0,"blockReward":0,"version":0},{"lastRanking":170,"realTimeRanking":170,"address":"TQNCne1UuKFmihsHjzebNSob7nS9xk9JNL","name":"","url":"https://TRXGUARDIAN.ORG","hasPage":true,"lastCycleVotes":750,"realTimeVotes":750,"changeVotes":0,"brokerage":20,"votesPercentage":3.0930010083017505E-6,"lastCycleVotesPercentage":3.093110205449433E-6,"change_cycle":0,"witnessType":3,"producedTotal":0,"producedEfficiency":0.0,"blockReward":0,"version":0},{"lastRanking":171,"realTimeRanking":171,"address":"TYEYCoYyKdH2zekWo7fy77sALpQJmSTixr","name":"Tron-DAG","url":"http://www.dagbvi.com","hasPage":true,"lastCycleVotes":652,"realTimeVotes":652,"changeVotes":0,"brokerage":20,"votesPercentage":2.688848876550322E-6,"lastCycleVotesPercentage":2.688943805270707E-6,"change_cycle":0,"witnessType":3,"producedTotal":0,"producedEfficiency":0.0,"blockReward":0,"version":0},{"lastRanking":172,"realTimeRanking":172,"address":"TG6Nn9pnTv6XLKqoda1CHpaEYYFfyLS9T6","name":"JDI-Venture","url":"http://jdi.group","hasPage":false,"lastCycleVotes":645,"realTimeVotes":645,"changeVotes":0,"brokerage":20,"votesPercentage":2.659980867139505E-6,"lastCycleVotesPercentage":2.660074776686512E-6,"change_cycle":0,"witnessType":3,"producedTotal":0,"producedEfficiency":0.0,"blockReward":0,"version":0},{"lastRanking":173,"realTimeRanking":173,"address":"TEbYtf3gRudzLGEGhfqxkVuUWsNAqmjCLi","name":"RoboCoin","url":"https://www.robocoinexchange.com","hasPage":false,"lastCycleVotes":640,"realTimeVotes":640,"changeVotes":0,"brokerage":20,"votesPercentage":2.6393608604174936E-6,"lastCycleVotesPercentage":2.639454041983516E-6,"change_cycle":0,"witnessType":3,"producedTotal":0,"producedEfficiency":0.0,"blockReward":0,"version":0},{"lastRanking":174,"realTimeRanking":174,"address":"TFsgyrtVwUFdc5uZSprhyBJNQzpuoMXjwC","name":"TRONCAMBODIA","url":"https://tronkh.org","hasPage":true,"lastCycleVotes":621,"realTimeVotes":621,"changeVotes":0,"brokerage":20,"votesPercentage":2.5610048348738493E-6,"lastCycleVotesPercentage":2.5610952501121305E-6,"change_cycle":0,"witnessType":3,"producedTotal":0,"producedEfficiency":0.0,"blockReward":0,"version":0},{"lastRanking":175,"realTimeRanking":175,"address":"TC1ZCj9Ne3j5v3TLx5ZCDLD55MU9g3XqQW","name":"","url":"http://TronGr8.com","hasPage":false,"lastCycleVotes":611,"realTimeVotes":611,"changeVotes":0,"brokerage":20,"votesPercentage":2.5197648214298258E-6,"lastCycleVotesPercentage":2.5198537807061378E-6,"change_cycle":0,"witnessType":3,"producedTotal":47910,"producedEfficiency":99.99791279664377,"blockReward":1533120,"version":0},{"lastRanking":176,"realTimeRanking":176,"address":"TGZdwPPqsR3B9JghJryozpBtZz3kbDEjGM","name":"MyTronScan-FullNode","url":"https://DoNotVote-Not-Active-SR","hasPage":false,"lastCycleVotes":600,"realTimeVotes":600,"changeVotes":0,"brokerage":20,"votesPercentage":2.4744008066414E-6,"lastCycleVotesPercentage":2.474488164359546E-6,"change_cycle":0,"witnessType":3,"producedTotal":0,"producedEfficiency":0.0,"blockReward":0,"version":0},{"lastRanking":177,"realTimeRanking":177,"address":"TDpzrQUkUuMBsx67HXByZZNT6u9PUvbifE","name":"","url":"http://www.linkvc.com/","hasPage":false,"lastCycleVotes":600,"realTimeVotes":600,"changeVotes":0,"brokerage":20,"votesPercentage":2.4744008066414E-6,"lastCycleVotesPercentage":2.474488164359546E-6,"change_cycle":0,"witnessType":3,"producedTotal":0,"producedEfficiency":0.0,"blockReward":0,"version":0},{"lastRanking":178,"realTimeRanking":178,"address":"TDGAnbNhYA1dsbPSF2RBNEu1fz4c2vRWbU","name":"Muse_Incorporated","url":"https://www.museprotocol.com","hasPage":false,"lastCycleVotes":580,"realTimeVotes":580,"changeVotes":0,"brokerage":20,"votesPercentage":2.3919207797533532E-6,"lastCycleVotesPercentage":2.3920052255475614E-6,"change_cycle":0,"witnessType":3,"producedTotal":0,"producedEfficiency":0.0,"blockReward":0,"version":0},{"lastRanking":179,"realTimeRanking":179,"address":"TBYsHxDmFaRmfCF3jZNmgeJE8sDnTNKHbz","name":"","url":"http://TronGr22.com","hasPage":false,"lastCycleVotes":529,"realTimeVotes":529,"changeVotes":0,"brokerage":20,"votesPercentage":2.1815967111888346E-6,"lastCycleVotesPercentage":2.181673731577E-6,"change_cycle":0,"witnessType":3,"producedTotal":21773,"producedEfficiency":100.0,"blockReward":696736,"version":0},{"lastRanking":180,"realTimeRanking":180,"address":"TTxt1K49riY6FvAkk84xJzBEBPtMbFa85M","name":"BittrexStaking","url":"https://global.bittrex.com/","hasPage":false,"lastCycleVotes":513,"realTimeVotes":513,"changeVotes":0,"brokerage":20,"votesPercentage":2.115612689678397E-6,"lastCycleVotesPercentage":2.1156873805274117E-6,"change_cycle":0,"witnessType":3,"producedTotal":0,"producedEfficiency":0.0,"blockReward":0,"version":0},{"lastRanking":181,"realTimeRanking":181,"address":"TSeJtWDCowLuYnibVsZVr3N2U3ypVap5hG","name":"TronSwap","url":"https://tronswap.io","hasPage":false,"lastCycleVotes":510,"realTimeVotes":510,"changeVotes":0,"brokerage":20,"votesPercentage":2.1032406856451902E-6,"lastCycleVotesPercentage":2.1033149397056144E-6,"change_cycle":0,"witnessType":3,"producedTotal":0,"producedEfficiency":0.0,"blockReward":0,"version":0},{"lastRanking":182,"realTimeRanking":182,"address":"TNRKgJ6Le7xLsewFayFonaVhftxV5KNVnC","name":"TRONIUM-SR","url":"http://www.tronium.net","hasPage":false,"lastCycleVotes":505,"realTimeVotes":505,"changeVotes":0,"brokerage":20,"votesPercentage":2.0826206789231787E-6,"lastCycleVotesPercentage":2.0826942050026178E-6,"change_cycle":0,"witnessType":3,"producedTotal":0,"producedEfficiency":0.0,"blockReward":0,"version":0},{"lastRanking":183,"realTimeRanking":183,"address":"TJuRfL3tRdSQvVPKDXi6FRivcbZpsbz7AD","name":"ApexInformatics","url":"http://www.apexinformatics.com","hasPage":false,"lastCycleVotes":502,"realTimeVotes":502,"changeVotes":0,"brokerage":20,"votesPercentage":2.0702486748899714E-6,"lastCycleVotesPercentage":2.0703217641808204E-6,"change_cycle":0,"witnessType":3,"producedTotal":0,"producedEfficiency":0.0,"blockReward":0,"version":0},{"lastRanking":184,"realTimeRanking":184,"address":"TKEppdcqcY73hgeL9ogta6ZoXR1jfzA2gV","name":"","url":"http://d2fapp.com","hasPage":true,"lastCycleVotes":501,"realTimeVotes":501,"changeVotes":0,"brokerage":20,"votesPercentage":2.066124673545569E-6,"lastCycleVotesPercentage":2.066197617240221E-6,"change_cycle":0,"witnessType":3,"producedTotal":0,"producedEfficiency":0.0,"blockReward":0,"version":0},{"lastRanking":185,"realTimeRanking":185,"address":"TRni6NxF8CQVcywcDm67sEpCYCo7BUGXCD","name":"FreeSpace","url":"https://youtu.be/pWhw_NjVV68","hasPage":true,"lastCycleVotes":498,"realTimeVotes":498,"changeVotes":0,"brokerage":20,"votesPercentage":2.0537526695123625E-6,"lastCycleVotesPercentage":2.0538251764184233E-6,"change_cycle":0,"witnessType":3,"producedTotal":0,"producedEfficiency":0.0,"blockReward":0,"version":0},{"lastRanking":186,"realTimeRanking":186,"address":"TJE3hXDseyEgwv31QzysrNBJyDjEhVDBVQ","name":"PRESIDENT","url":"Https://www.numeriuno.eu","hasPage":false,"lastCycleVotes":407,"realTimeVotes":407,"changeVotes":0,"brokerage":20,"votesPercentage":1.67846854717175E-6,"lastCycleVotesPercentage":1.678527804823892E-6,"change_cycle":0,"witnessType":3,"producedTotal":0,"producedEfficiency":0.0,"blockReward":0,"version":0},{"lastRanking":187,"realTimeRanking":187,"address":"TZ2iD3EW2fGSkez7zZXEo7VwXhQPPXRkVR","name":"rewards-for-all-not-just-for-SR","url":"http://bit.ly/libertytron","hasPage":true,"lastCycleVotes":362,"realTimeVotes":362,"changeVotes":0,"brokerage":20,"votesPercentage":1.492888486673645E-6,"lastCycleVotesPercentage":1.4929411924969261E-6,"change_cycle":0,"witnessType":3,"producedTotal":0,"producedEfficiency":0.0,"blockReward":0,"version":0},{"las"
12:58:44.779 [TestNG-tests-1] DEBUG org.apache.http.wire -  << "tRanking":188,"realTimeRanking":188,"address":"TLCjmH6SqGK8twZ9XrBDWpBbfyvEXihhNS","name":"","url":"http://TronGr13.com","hasPage":false,"lastCycleVotes":340,"realTimeVotes":340,"changeVotes":0,"brokerage":20,"votesPercentage":1.4021604570967933E-6,"lastCycleVotesPercentage":1.402209959803743E-6,"change_cycle":0,"witnessType":3,"producedTotal":24448,"producedEfficiency":100.0,"blockReward":782336,"version":0},{"lastRanking":189,"realTimeRanking":189,"address":"TLTDZBcPoJ8tZ6TTEeEqEvwYFk2wgotSfD","name":"","url":"http://TronGr27.com","hasPage":false,"lastCycleVotes":315,"realTimeVotes":315,"changeVotes":0,"brokerage":20,"votesPercentage":1.299060423486735E-6,"lastCycleVotesPercentage":1.2991062862887617E-6,"change_cycle":0,"witnessType":3,"producedTotal":30838,"producedEfficiency":100.0,"blockReward":986816,"version":0},{"lastRanking":190,"realTimeRanking":190,"address":"TDirsgwgL8i95nzQqyPZ6XuHv9jvJQfTmF","name":"vongabau","url":"http://hqn.vn","hasPage":false,"lastCycleVotes":300,"realTimeVotes":300,"changeVotes":0,"brokerage":20,"votesPercentage":1.2372004033207E-6,"lastCycleVotesPercentage":1.237244082179773E-6,"change_cycle":0,"witnessType":3,"producedTotal":0,"producedEfficiency":0.0,"blockReward":0,"version":0},{"lastRanking":191,"realTimeRanking":191,"address":"TNaMNHgtqS763tXwbzGDRhn5qUL9RwfcTn","name":"TronixInternational","url":"https://tronix.international/","hasPage":true,"lastCycleVotes":300,"realTimeVotes":300,"changeVotes":0,"brokerage":20,"votesPercentage":1.2372004033207E-6,"lastCycleVotesPercentage":1.237244082179773E-6,"change_cycle":0,"witnessType":3,"producedTotal":0,"producedEfficiency":0.0,"blockReward":0,"version":0},{"lastRanking":192,"realTimeRanking":192,"address":"TNfqpGrR3v4bQo8jemVyEpiUGFipQxj8sH","name":"TheProphet","url":"www.dtroynx.com","hasPage":false,"lastCycleVotes":250,"realTimeVotes":250,"changeVotes":0,"brokerage":20,"votesPercentage":1.0310003361005834E-6,"lastCycleVotesPercentage":1.031036735149811E-6,"change_cycle":0,"witnessType":3,"producedTotal":0,"producedEfficiency":0.0,"blockReward":0,"version":0},{"lastRanking":193,"realTimeRanking":193,"address":"TTDY8aQQizYCHA7qdmgtLgPNEe2YWEfPZa","name":"TEAMX-SR","url":"https://www.teamx.com","hasPage":true,"lastCycleVotes":200,"realTimeVotes":200,"changeVotes":0,"brokerage":100,"votesPercentage":8.248002688804668E-7,"lastCycleVotesPercentage":8.248293881198487E-7,"change_cycle":0,"witnessType":3,"producedTotal":17850,"producedEfficiency":99.98879677347075,"blockReward":571200,"version":0},{"lastRanking":194,"realTimeRanking":194,"address":"TMNUDeyr6ZEW8vHAUnaKi2Bbgi14TPq63q","name":"","url":"https://cobo.com","hasPage":true,"lastCycleVotes":167,"realTimeVotes":167,"changeVotes":0,"brokerage":20,"votesPercentage":6.887082245151897E-7,"lastCycleVotesPercentage":6.887325390800737E-7,"change_cycle":0,"witnessType":3,"producedTotal":0,"producedEfficiency":0.0,"blockReward":0,"version":0},{"lastRanking":195,"realTimeRanking":195,"address":"TA5Ub5djuEe8naTMxyXyRoKjemqFiE3RmC","name":"FireKrakenMedia","url":"https://firekraken.media","hasPage":false,"lastCycleVotes":163,"realTimeVotes":163,"changeVotes":0,"brokerage":100,"votesPercentage":6.722122191375804E-7,"lastCycleVotesPercentage":6.722359513176767E-7,"change_cycle":0,"witnessType":3,"producedTotal":0,"producedEfficiency":0.0,"blockReward":0,"version":0},{"lastRanking":196,"realTimeRanking":196,"address":"TX9nw7PXpGHLqRNMWmj8izyNvzy7JU5qXi","name":"TronCenter","url":"http://www.troncenter.com","hasPage":true,"lastCycleVotes":159,"realTimeVotes":159,"changeVotes":0,"brokerage":20,"votesPercentage":6.557162137599711E-7,"lastCycleVotesPercentage":6.557393635552797E-7,"change_cycle":0,"witnessType":3,"producedTotal":0,"producedEfficiency":0.0,"blockReward":0,"version":0},{"lastRanking":197,"realTimeRanking":197,"address":"TSQ8c97uCRG5ZugLDZ8jdbhtktNLgh6f26","name":"AurumCryptoCompany","url":" ","hasPage":true,"lastCycleVotes":140,"realTimeVotes":140,"changeVotes":0,"brokerage":20,"votesPercentage":5.773601882163267E-7,"lastCycleVotesPercentage":5.773805716838941E-7,"change_cycle":0,"witnessType":3,"producedTotal":0,"producedEfficiency":0.0,"blockReward":0,"version":0},{"lastRanking":198,"realTimeRanking":198,"address":"TZHvwiw9cehbMxrtTbmAexm9oPo4eFFvLS","name":"","url":"http://TronGr15.com","hasPage":false,"lastCycleVotes":125,"realTimeVotes":125,"changeVotes":0,"brokerage":20,"votesPercentage":5.155001680502917E-7,"lastCycleVotesPercentage":5.155183675749055E-7,"change_cycle":0,"witnessType":3,"producedTotal":25516,"producedEfficiency":100.0,"blockReward":816512,"version":0},{"lastRanking":199,"realTimeRanking":199,"address":"TAEw4zwwYMiDcWFC9xQrLP9moMi34YAZbz","name":"","url":"http://imcash.io","hasPage":false,"lastCycleVotes":114,"realTimeVotes":114,"changeVotes":0,"brokerage":100,"votesPercentage":4.7013615326186603E-7,"lastCycleVotesPercentage":4.701527512283138E-7,"change_cycle":0,"witnessType":3,"producedTotal":0,"producedEfficiency":0.0,"blockReward":0,"version":0},{"lastRanking":201,"realTimeRanking":200,"address":"TK1Q72E87K9T8evFW2ucBGByf96WEbX777","name":"MolotovLab","url":"https://molotovlab.com","hasPage":false,"lastCycleVotes":107,"realTimeVotes":107,"changeVotes":0,"brokerage":20,"votesPercentage":4.4126814385104965E-7,"lastCycleVotesPercentage":4.4128372264411905E-7,"change_cycle":1,"witnessType":3,"producedTotal":0,"producedEfficiency":0.0,"blockReward":0,"version":0},{"lastRanking":202,"realTimeRanking":201,"address":"TSeU7Sa22kRVo2gUSt47S6PiW8NRktPt8o","name":"a4ooooooo","url":"https://a4oo.ml","hasPage":false,"lastCycleVotes":106,"realTimeVotes":106,"changeVotes":0,"brokerage":20,"votesPercentage":4.3714414250664736E-7,"lastCycleVotesPercentage":4.371595757035198E-7,"change_cycle":1,"witnessType":3,"producedTotal":0,"producedEfficiency":0.0,"blockReward":0,"version":0},{"lastRanking":203,"realTimeRanking":202,"address":"TVMC8C7Y4f4ABr48PJencVdunVVB4XUW96","name":"","url":"https://dootron.com/en/home","hasPage":false,"lastCycleVotes":106,"realTimeVotes":106,"changeVotes":0,"brokerage":20,"votesPercentage":4.3714414250664736E-7,"lastCycleVotesPercentage":4.371595757035198E-7,"change_cycle":1,"witnessType":3,"producedTotal":0,"producedEfficiency":0.0,"blockReward":0,"version":0},{"lastRanking":204,"realTimeRanking":203,"address":"TZBABURn1nNxw63QiezbTvhRPmFjomSz2Q","name":"RB-Main-L","url":"https://cryptotalkers.com","hasPage":false,"lastCycleVotes":105,"realTimeVotes":105,"changeVotes":0,"brokerage":20,"votesPercentage":4.33020141162245E-7,"lastCycleVotesPercentage":4.3303542876292057E-7,"change_cycle":1,"witnessType":3,"producedTotal":0,"producedEfficiency":0.0,"blockReward":0,"version":0},{"lastRanking":205,"realTimeRanking":204,"address":"TAmFfS4Tmm8yKeoqZN8x51ASwdQBdnVizt","name":"","url":"http://TronGr5.com","hasPage":false,"lastCycleVotes":103,"realTimeVotes":103,"changeVotes":0,"brokerage":20,"votesPercentage":4.247721384734404E-7,"lastCycleVotesPercentage":4.247871348817221E-7,"change_cycle":1,"witnessType":3,"producedTotal":36710,"producedEfficiency":100.0,"blockReward":1174720,"version":0},{"lastRanking":206,"realTimeRanking":205,"address":"TWKZN1JJPFydd5rMgMCV5aZTSiwmoksSZv","name":"","url":"http://TronGr3.com","hasPage":false,"lastCycleVotes":102,"realTimeVotes":102,"changeVotes":0,"brokerage":20,"votesPercentage":4.20648137129038E-7,"lastCycleVotesPercentage":4.2066298794112284E-7,"change_cycle":1,"witnessType":3,"producedTotal":25247,"producedEfficiency":100.0,"blockReward":807904,"version":0},{"lastRanking":207,"realTimeRanking":206,"address":"TGqFJPFiEqdZx52ZR4QcKHz4Zr3QXA24VL","name":"","url":"http://TronGr7.com","hasPage":false,"lastCycleVotes":101,"realTimeVotes":101,"changeVotes":0,"brokerage":20,"votesPercentage":4.165241357846357E-7,"lastCycleVotesPercentage":4.165388410005236E-7,"change_cycle":1,"witnessType":3,"producedTotal":35113,"producedEfficiency":100.0,"blockReward":1123616,"version":0},{"lastRanking":208,"realTimeRanking":207,"address":"TAhXnVYaAKx6xa8E6JeASR5SrGXHSeyqaL","name":"RinzlerSR","url":"https://rinzler.eu","hasPage":false,"lastCycleVotes":100,"realTimeVotes":100,"changeVotes":0,"brokerage":100,"votesPercentage":4.124001344402334E-7,"lastCycleVot"
12:58:44.779 [TestNG-tests-1] DEBUG org.apache.http.wire -  << "esPercentage":4.1241469405992436E-7,"change_cycle":1,"witnessType":3,"producedTotal":0,"producedEfficiency":0.0,"blockReward":0,"version":0},{"lastRanking":209,"realTimeRanking":208,"address":"THyFzhbcfWw2CJa4eAaHRCst3d5hnyqXLL","name":"LivenodesNetwork","url":"https://www.livenodes.network/","hasPage":true,"lastCycleVotes":100,"realTimeVotes":100,"changeVotes":0,"brokerage":20,"votesPercentage":4.124001344402334E-7,"lastCycleVotesPercentage":4.1241469405992436E-7,"change_cycle":1,"witnessType":3,"producedTotal":0,"producedEfficiency":0.0,"blockReward":0,"version":0},{"lastRanking":210,"realTimeRanking":209,"address":"TPsQ4XsQEFwSWGr2Zae62kuo69MABA1cVU","name":"FedayKeen","url":"http://www.contactnetwork.fr/","hasPage":false,"lastCycleVotes":100,"realTimeVotes":100,"changeVotes":0,"brokerage":20,"votesPercentage":4.124001344402334E-7,"lastCycleVotesPercentage":4.1241469405992436E-7,"change_cycle":1,"witnessType":3,"producedTotal":0,"producedEfficiency":0.0,"blockReward":0,"version":0},{"lastRanking":211,"realTimeRanking":210,"address":"TSEHJbvpnevJP4zR3uTgXJ1toZ16bPz3uW","name":"","url":"https://zhizhu.top/","hasPage":false,"lastCycleVotes":97,"realTimeVotes":97,"changeVotes":0,"brokerage":20,"votesPercentage":4.0002813040702634E-7,"lastCycleVotesPercentage":4.0004225323812663E-7,"change_cycle":1,"witnessType":3,"producedTotal":0,"producedEfficiency":0.0,"blockReward":0,"version":0},{"lastRanking":212,"realTimeRanking":211,"address":"TL8rrg2ZNPHtpPFp3j2nwH9BLhN7qg32dh","name":"","url":"https://cobo.com","hasPage":true,"lastCycleVotes":90,"realTimeVotes":90,"changeVotes":0,"brokerage":20,"votesPercentage":3.7116012099621E-7,"lastCycleVotesPercentage":3.7117322465393194E-7,"change_cycle":1,"witnessType":3,"producedTotal":0,"producedEfficiency":0.0,"blockReward":0,"version":0},{"lastRanking":213,"realTimeRanking":212,"address":"TRAzTRvjfd7TCqfUkB1zJ6vMv7Y7F7puZr","name":"Vena_Family","url":"https://www.vena.network","hasPage":false,"lastCycleVotes":63,"realTimeVotes":63,"changeVotes":0,"brokerage":20,"votesPercentage":2.59812084697347E-7,"lastCycleVotesPercentage":2.5982125725775235E-7,"change_cycle":1,"witnessType":3,"producedTotal":0,"producedEfficiency":0.0,"blockReward":0,"version":0},{"lastRanking":214,"realTimeRanking":213,"address":"TPtryrrXSVT9cefs4wvL3ks2J5sr8PJLcg","name":"TronBlock","url":"https://tronblock.co","hasPage":true,"lastCycleVotes":62,"realTimeVotes":62,"changeVotes":0,"brokerage":20,"votesPercentage":2.5568808335294467E-7,"lastCycleVotesPercentage":2.556971103171531E-7,"change_cycle":1,"witnessType":3,"producedTotal":0,"producedEfficiency":0.0,"blockReward":0,"version":0},{"lastRanking":215,"realTimeRanking":214,"address":"TXSh73A7dwbQU3Navx5217hf9Yjp3QEGD1","name":"LUCKYGAMES","url":"https://t.me/TronParty","hasPage":true,"lastCycleVotes":60,"realTimeVotes":60,"changeVotes":0,"brokerage":20,"votesPercentage":2.4744008066414003E-7,"lastCycleVotesPercentage":2.474488164359546E-7,"change_cycle":1,"witnessType":3,"producedTotal":0,"producedEfficiency":0.0,"blockReward":0,"version":0},{"lastRanking":216,"realTimeRanking":215,"address":"TGMZpmGpx8KTGJc8NzBkEBnfzpWGp9Rar8","name":"NextGenius","url":"http://www.nextgenius.com.au","hasPage":true,"lastCycleVotes":60,"realTimeVotes":60,"changeVotes":0,"brokerage":20,"votesPercentage":2.4744008066414003E-7,"lastCycleVotesPercentage":2.474488164359546E-7,"change_cycle":1,"witnessType":3,"producedTotal":0,"producedEfficiency":0.0,"blockReward":0,"version":0},{"lastRanking":217,"realTimeRanking":216,"address":"TDo2qwRLEkTZCXzcotiEQLt2wLeTttKTnZ","name":"TronSchool","url":"http://www.tron.school/","hasPage":false,"lastCycleVotes":55,"realTimeVotes":55,"changeVotes":0,"brokerage":20,"votesPercentage":2.2682007394212835E-7,"lastCycleVotesPercentage":2.2682808173295842E-7,"change_cycle":1,"witnessType":3,"producedTotal":0,"producedEfficiency":0.0,"blockReward":0,"version":0},{"lastRanking":218,"realTimeRanking":217,"address":"TFkHXapDnFCq8Cw4LFUzM3cSe6EGnMb4pk","name":"","url":"https://atticlab.net","hasPage":false,"lastCycleVotes":54,"realTimeVotes":54,"changeVotes":0,"brokerage":20,"votesPercentage":2.2269607259772603E-7,"lastCycleVotesPercentage":2.2270393479235917E-7,"change_cycle":1,"witnessType":3,"producedTotal":0,"producedEfficiency":0.0,"blockReward":0,"version":0},{"lastRanking":219,"realTimeRanking":218,"address":"TXio2SKopbzwyZ5XPxfFwceBFFHDKjEvUZ","name":"","url":"www","hasPage":false,"lastCycleVotes":53,"realTimeVotes":53,"changeVotes":0,"brokerage":20,"votesPercentage":2.1857207125332368E-7,"lastCycleVotesPercentage":2.185797878517599E-7,"change_cycle":1,"witnessType":3,"producedTotal":0,"producedEfficiency":0.0,"blockReward":0,"version":0},{"lastRanking":220,"realTimeRanking":219,"address":"TQANnQ4DwspKuuF3BCvaukwXGHD4G36XGH","name":"BlakeStorie","url":"https://mobile.twitter.com/busyblaze","hasPage":false,"lastCycleVotes":52,"realTimeVotes":52,"changeVotes":0,"brokerage":20,"votesPercentage":2.1444806990892136E-7,"lastCycleVotesPercentage":2.1445564091116066E-7,"change_cycle":1,"witnessType":3,"producedTotal":0,"producedEfficiency":0.0,"blockReward":0,"version":0},{"lastRanking":221,"realTimeRanking":220,"address":"TCmubWCoL7cLA2VDkVn4WGWCT7nqcFavXX","name":"KaanKOZAN","url":"https://twitter.com/KaanKOZANn","hasPage":true,"lastCycleVotes":52,"realTimeVotes":52,"changeVotes":0,"brokerage":20,"votesPercentage":2.1444806990892136E-7,"lastCycleVotesPercentage":2.1445564091116066E-7,"change_cycle":1,"witnessType":3,"producedTotal":0,"producedEfficiency":0.0,"blockReward":0,"version":0},{"lastRanking":222,"realTimeRanking":221,"address":"TMofnVBZeuFTrkYAnQ54TDWNyMbrHzXkwy","name":"BrianJun_Web","url":"https://twitter.com/@brianjun09","hasPage":true,"lastCycleVotes":51,"realTimeVotes":51,"changeVotes":0,"brokerage":20,"votesPercentage":2.10324068564519E-7,"lastCycleVotesPercentage":2.1033149397056142E-7,"change_cycle":1,"witnessType":3,"producedTotal":0,"producedEfficiency":0.0,"blockReward":0,"version":0},{"lastRanking":223,"realTimeRanking":222,"address":"TFxanMr7ffV9YsbXcaSzA9Eja7AA318rha","name":"TRONMANkr","url":"http://tronman.io/","hasPage":false,"lastCycleVotes":49,"realTimeVotes":49,"changeVotes":0,"brokerage":20,"votesPercentage":2.0207606587571434E-7,"lastCycleVotesPercentage":2.0208320008936294E-7,"change_cycle":1,"witnessType":3,"producedTotal":0,"producedEfficiency":0.0,"blockReward":0,"version":0},{"lastRanking":224,"realTimeRanking":223,"address":"TLipnfPL5ajqYB9eqEJuaUBqr2jEG75X2B","name":"","url":"https://gconnect.io/","hasPage":false,"lastCycleVotes":35,"realTimeVotes":35,"changeVotes":0,"brokerage":20,"votesPercentage":1.4434004705408167E-7,"lastCycleVotesPercentage":1.4434514292097352E-7,"change_cycle":1,"witnessType":3,"producedTotal":0,"producedEfficiency":0.0,"blockReward":0,"version":0},{"lastRanking":225,"realTimeRanking":224,"address":"THpWeDXW422Suo5fNZtz1XU8kpPJ3jo4q1","name":"","url":"https://www.rightbtc.com","hasPage":false,"lastCycleVotes":35,"realTimeVotes":35,"changeVotes":0,"brokerage":20,"votesPercentage":1.4434004705408167E-7,"lastCycleVotesPercentage":1.4434514292097352E-7,"change_cycle":1,"witnessType":3,"producedTotal":0,"producedEfficiency":0.0,"blockReward":0,"version":0},{"lastRanking":226,"realTimeRanking":225,"address":"TTiAHqKadiLPVZjiKaAjHDXkq7sfEozQZr","name":"Cancancan","url":"Can","hasPage":false,"lastCycleVotes":31,"realTimeVotes":31,"changeVotes":0,"brokerage":20,"votesPercentage":1.2784404167647233E-7,"lastCycleVotesPercentage":1.2784855515857655E-7,"change_cycle":1,"witnessType":3,"producedTotal":0,"producedEfficiency":0.0,"blockReward":0,"version":0},{"lastRanking":227,"realTimeRanking":226,"address":"TPVMxXoci8SAoJMF1Xyqzethg4Qzoh51Z7","name":"SevoNikolovTRX","url":"https://www.facebook.com/sevo.nikolov","hasPage":false,"lastCycleVotes":30,"realTimeVotes":30,"changeVotes":0,"brokerage":20,"votesPercentage":1.2372004033207001E-7,"lastCycleVotesPercentage":1.237244082179773E-7,"change_cycle":1,"witnessType":3,"producedTotal":0,"producedEfficiency":0.0,"blockReward":0,"version":0},{"lastRanking":228,"realTimeRanking":227,"address":"TELjcuZeP3vCXjq2zvgLsi7dNQry6pDKn5","name":"SteveJobs","url":"http://the-crazy-once.de","ha"
12:58:44.779 [TestNG-tests-1] DEBUG org.apache.http.wire -  << "sPage":f"
12:58:44.779 [TestNG-tests-1] DEBUG org.apache.http.wire -  << "[\r][\n]"
12:58:44.779 [TestNG-tests-1] DEBUG org.apache.http.wire -  << "1cdf[\r][\n]"
12:58:44.779 [TestNG-tests-1] DEBUG org.apache.http.wire -  << "alse,"lastCycleVotes":30,"realTimeVotes":30,"changeVotes":0,"brokerage":100,"votesPercentage":1.2372004033207001E-7,"lastCycleVotesPercentage":1.237244082179773E-7,"change_cycle":1,"witnessType":3,"producedTotal":0,"producedEfficiency":0.0,"blockReward":0,"version":0},{"lastRanking":229,"realTimeRanking":228,"address":"TGuS4RVh8wpQCtAdxij6pYSk9ur6J8fsmb","name":"Happy_East_Capital","url":"http://he.capital/","hasPage":false,"lastCycleVotes":27,"realTimeVotes":27,"changeVotes":0,"brokerage":20,"votesPercentage":1.1134803629886301E-7,"lastCycleVotesPercentage":1.1135196739617959E-7,"change_cycle":1,"witnessType":3,"producedTotal":0,"producedEfficiency":0.0,"blockReward":0,"version":0},{"lastRanking":230,"realTimeRanking":229,"address":"TU5Td1DnsL84aeoMXTm7HGW7Nt5kuxHoCs","name":"GSC-GlobalSocialChain","url":"https://gsc.social","hasPage":true,"lastCycleVotes":27,"realTimeVotes":27,"changeVotes":0,"brokerage":20,"votesPercentage":1.1134803629886301E-7,"lastCycleVotesPercentage":1.1135196739617959E-7,"change_cycle":1,"witnessType":3,"producedTotal":0,"producedEfficiency":0.0,"blockReward":0,"version":0},{"lastRanking":231,"realTimeRanking":230,"address":"TC1yZaa75GPPzM26pxfSP3AxsPT8yartQR","name":"CBD-OIL-NETWORK-TOKEN","url":"https://twitter.com/Filo_0x","hasPage":false,"lastCycleVotes":27,"realTimeVotes":27,"changeVotes":0,"brokerage":100,"votesPercentage":1.1134803629886301E-7,"lastCycleVotesPercentage":1.1135196739617959E-7,"change_cycle":1,"witnessType":3,"producedTotal":0,"producedEfficiency":0.0,"blockReward":0,"version":0},{"lastRanking":232,"realTimeRanking":231,"address":"TEsuA4ULsZwfvSRSbu8yx7K3UB6aLi5Djn","name":"TheL1Crew","url":"http://t.me/TheL1Crew","hasPage":false,"lastCycleVotes":27,"realTimeVotes":27,"changeVotes":0,"brokerage":20,"votesPercentage":1.1134803629886301E-7,"lastCycleVotesPercentage":1.1135196739617959E-7,"change_cycle":1,"witnessType":3,"producedTotal":0,"producedEfficiency":0.0,"blockReward":0,"version":0},{"lastRanking":233,"realTimeRanking":232,"address":"TNd2MPxccwBZoqpJuCrDEeNJizx5tmyNLs","name":"TRAC_REG","url":"www.upvote.world TBD","hasPage":false,"lastCycleVotes":25,"realTimeVotes":25,"changeVotes":0,"brokerage":20,"votesPercentage":1.0310003361005835E-7,"lastCycleVotesPercentage":1.0310367351498109E-7,"change_cycle":1,"witnessType":3,"producedTotal":0,"producedEfficiency":0.0,"blockReward":0,"version":0},{"lastRanking":234,"realTimeRanking":233,"address":"TMykaWQe9YinNb36yE5k4MH9VUEGyKgQQA","name":"testmain","url":"https://www.wunderchain.com","hasPage":false,"lastCycleVotes":23,"realTimeVotes":23,"changeVotes":0,"brokerage":20,"votesPercentage":9.485203092125368E-8,"lastCycleVotesPercentage":9.485537963378262E-8,"change_cycle":1,"witnessType":3,"producedTotal":0,"producedEfficiency":0.0,"blockReward":0,"version":0},{"lastRanking":235,"realTimeRanking":234,"address":"TWT4BantYCwgQCN9ubxd8Lz765Sw8yv8iL","name":"ROCA-TRON","url":"    ","hasPage":false,"lastCycleVotes":22,"realTimeVotes":22,"changeVotes":0,"brokerage":20,"votesPercentage":9.072802957685134E-8,"lastCycleVotesPercentage":9.073123269318336E-8,"change_cycle":1,"witnessType":3,"producedTotal":0,"producedEfficiency":0.0,"blockReward":0,"version":0},{"lastRanking":236,"realTimeRanking":235,"address":"TC34KZDLwARaBrZ2B8eet9GqgLGDpvifiz","name":"Peterkim7238","url":"http://blog.naver.com/coolkim01","hasPage":false,"lastCycleVotes":20,"realTimeVotes":20,"changeVotes":0,"brokerage":20,"votesPercentage":8.248002688804668E-8,"lastCycleVotesPercentage":8.248293881198488E-8,"change_cycle":1,"witnessType":3,"producedTotal":0,"producedEfficiency":0.0,"blockReward":0,"version":0},{"lastRanking":237,"realTimeRanking":236,"address":"TDUjtGPXM6UJkxREWyNV53c9r1L5ZVJLPb","name":"justanthonyhero","url":"https://reyna2.com","hasPage":false,"lastCycleVotes":20,"realTimeVotes":20,"changeVotes":0,"brokerage":100,"votesPercentage":8.248002688804668E-8,"lastCycleVotesPercentage":8.248293881198488E-8,"change_cycle":1,"witnessType":3,"producedTotal":0,"producedEfficiency":0.0,"blockReward":0,"version":0},{"lastRanking":238,"realTimeRanking":237,"address":"TLyKxzA5QUkV6R4PCZKZiLaKeoyT5qnEAA","name":"C773Tron","url":"https://c773.com/","hasPage":false,"lastCycleVotes":19,"realTimeVotes":19,"changeVotes":0,"brokerage":20,"votesPercentage":7.835602554364434E-8,"lastCycleVotesPercentage":7.835879187138562E-8,"change_cycle":1,"witnessType":3,"producedTotal":0,"producedEfficiency":0.0,"blockReward":0,"version":0},{"lastRanking":239,"realTimeRanking":238,"address":"TPr4Po9LHUuxqfuRyjpiWctkP39EbpujXH","name":"ONGISTRON[0xe2][0x84][0xa2] ","url":"https://t.me/ONGISTRON_NewsChannel","hasPage":false,"lastCycleVotes":18,"realTimeVotes":18,"changeVotes":0,"brokerage":20,"votesPercentage":7.423202419924201E-8,"lastCycleVotesPercentage":7.42346449307864E-8,"change_cycle":1,"witnessType":3,"producedTotal":0,"producedEfficiency":0.0,"blockReward":0,"version":0},{"lastRanking":200,"realTimeRanking":239,"address":"TVQ6wERJ4YBd1TqH9bdYT1VV93CP393eiT","name":"TRON-Bet","url":"https://www.tronbet.io","hasPage":false,"lastCycleVotes":113,"realTimeVotes":13,"changeVotes":-100,"brokerage":20,"votesPercentage":5.361201747723034E-8,"lastCycleVotesPercentage":4.6602860428771456E-7,"change_cycle":-39,"witnessType":3,"producedTotal":800,"producedEfficiency":100.0,"blockReward":12800,"version":0},{"lastRanking":240,"realTimeRanking":240,"address":"TYShuadcBNBKgk8UgxsnB43yeBdyioswHh","name":"tronfans","url":"http://www.tronfans.info","hasPage":true,"lastCycleVotes":12,"realTimeVotes":12,"changeVotes":0,"brokerage":20,"votesPercentage":4.9488016132828006E-8,"lastCycleVotesPercentage":4.9489763287190924E-8,"change_cycle":0,"witnessType":3,"producedTotal":5328,"producedEfficiency":100.0,"blockReward":170496,"version":0},{"lastRanking":241,"realTimeRanking":241,"address":"TYednHaV9zXpnPchSywVpnseQxY9Pxw4do","name":"","url":"http://TronGr19.com","hasPage":false,"lastCycleVotes":10,"realTimeVotes":10,"changeVotes":0,"brokerage":20,"votesPercentage":4.124001344402334E-8,"lastCycleVotesPercentage":4.124146940599244E-8,"change_cycle":0,"witnessType":3,"producedTotal":26567,"producedEfficiency":100.0,"blockReward":850144,"version":0},{"lastRanking":242,"realTimeRanking":242,"address":"TYqxoFgQLtq7f146uJS533GMU88nEpwKgz","name":"GM-Informatics-SR-001","url":"https://www.gm-informatics.com","hasPage":true,"lastCycleVotes":4,"realTimeVotes":4,"changeVotes":0,"brokerage":20,"votesPercentage":1.6496005377609332E-8,"lastCycleVotesPercentage":1.6496587762396975E-8,"change_cycle":0,"witnessType":3,"producedTotal":0,"producedEfficiency":0.0,"blockReward":0,"version":0},{"lastRanking":243,"realTimeRanking":243,"address":"TEVwq7bwFf6ToBu8M3ydD96tnVPyGXf394","name":"daranonetwork","url":"https://darano.network/","hasPage":false,"lastCycleVotes":2,"realTimeVotes":2,"changeVotes":0,"brokerage":20,"votesPercentage":8.248002688804666E-9,"lastCycleVotesPercentage":8.248293881198487E-9,"change_cycle":0,"witnessType":3,"producedTotal":0,"producedEfficiency":0.0,"blockReward":0,"version":0},{"lastRanking":244,"realTimeRanking":244,"address":"TTjacDH5PL8hpWirqU7HQQNZDyF723PuCg","name":"","url":"https://www.neoply.com","hasPage":false,"lastCycleVotes":0,"realTimeVotes":0,"changeVotes":0,"brokerage":20,"votesPercentage":0.0,"lastCycleVotesPercentage":0.0,"change_cycle":0,"witnessType":3,"producedTotal":0,"producedEfficiency":0.0,"blockReward":0,"version":0}]}[\n]"
12:58:44.779 [TestNG-tests-1] DEBUG org.apache.http.wire -  << "[\r][\n]"
12:58:44.779 [TestNG-tests-1] DEBUG org.apache.http.wire -  << "0[\r][\n]"
12:58:44.779 [TestNG-tests-1] DEBUG org.apache.http.wire -  << "[\r][\n]"
12:58:44.780 [TestNG-tests-1] DEBUG org.apache.http.impl.conn.DefaultClientConnection - Connection 0.0.0.0:61323<->18.216.178.128:80 closed
12:58:44.780 [TestNG-tests-1] DEBUG org.apache.http.impl.conn.PoolingClientConnectionManager - Connection released: [id: 62][route: {}->http://apilist.tronscan.org:80][total kept alive: 0; route allocated: 0 of 80; total allocated: 0 of 100]
12:58:44.781 [TestNG-tests-1] INFO tron.common.TronscanApiList - ----------------------------Print JSON Start---------------------------
12:58:44.781 [TestNG-tests-1] INFO tron.common.TronscanApiList - total:244
12:58:44.781 [TestNG-tests-1] INFO tron.common.TronscanApiList - data:[{"hasPage":false,"brokerage":20,"address":"TLyqzVGLV1srkB7dToTAEqgDSfPtXRJZYH","blockReward":3675040,"lastCycleVotes":13538303260,"realTimeVotes":13538509524,"version":10,"url":"https://www.binance.com/en/staking","producedTotal":191086,"witnessType":1,"producedEfficiency":99.96494954303621,"name":"Binance Staking","changeVotes":206264,"lastCycleVotesPercentage":55.83395197063376,"lastRanking":1,"change_cycle":0,"realTimeRanking":1,"votesPercentage":55.8328314781798},{"hasPage":true,"brokerage":0,"address":"TGj1Ej1qRzL9feLTLhjwgxXF4Ct6GTWg2U","blockReward":19193200,"lastCycleVotes":982129390,"realTimeVotes":953070705,"version":10,"url":"http://www.skypeople.co.kr","producedTotal":676026,"witnessType":1,"producedEfficiency":99.28374526180674,"name":"Skypeople","changeVotes":-29058685,"lastCycleVotesPercentage":4.050445919041101,"lastRanking":2,"change_cycle":0,"realTimeRanking":2,"votesPercentage":3.93046486873048},{"hasPage":true,"brokerage":100,"address":"TV9QitxEJ3pdiAUAfJ2QuPxLKp9qTTR3og","blockReward":16356336,"lastCycleVotes":717572645,"realTimeVotes":748403693,"version":10,"url":"https://www.bitguild.com","producedTotal":587302,"witnessType":1,"producedEfficiency":99.559248824381,"name":"BitGuild","changeVotes":30831048,"lastCycleVotesPercentage":2.959375028534457,"lastRanking":3,"change_cycle":0,"realTimeRanking":3,"votesPercentage":3.0864178360876715},{"hasPage":false,"brokerage":0,"address":"TJvaAeFb8Lykt9RQcVyyTFN2iDvGMuyD4M","blockReward":625776,"lastCycleVotes":674334883,"realTimeVotes":672595897,"version":15,"url":"https://poloniex.com/","producedTotal":39111,"witnessType":1,"producedEfficiency":99.99744323992637,"name":"Poloniex","changeVotes":-1738986,"lastCycleVotesPercentage":2.7810561446637987,"lastRanking":4,"change_cycle":0,"realTimeRanking":4,"votesPercentage":2.7737863834674936},{"hasPage":false,"brokerage":100,"address":"THYPk7Z72REsPrHtZkcwp9pWJadsPxp1UP","blockReward":2790448,"lastCycleVotes":450776947,"realTimeVotes":450779066,"version":10,"url":"https://www.beekuaibao.com","producedTotal":163214,"witnessType":1,"producedEfficiency":99.80859429941233,"name":"bitwirespool","changeVotes":2119,"lastCycleVotesPercentage":1.8590703668627175,"lastRanking":5,"change_cycle":0,"realTimeRanking":5,"votesPercentage":1.8590134742124282},{"hasPage":true,"brokerage":100,"address":"TGzz8gjYiYRqpfmDwnLxfgPuLVNmpCswVp","blockReward":18706720,"lastCycleVotes":391145419,"realTimeVotes":394196284,"version":10,"url":"https://www.sesameseed.org","producedTotal":660817,"witnessType":1,"producedEfficiency":99.13989948240942,"name":"Sesameseed","changeVotes":3050865,"lastCycleVotesPercentage":1.6131411830982594,"lastRanking":6,"change_cycle":0,"realTimeRanking":6,"votesPercentage":1.6256660051744043},{"hasPage":true,"brokerage":100,"address":"TTcYhypP8m4phDhN6oRexz2174zAerjEWP","blockReward":18464816,"lastCycleVotes":382448060,"realTimeVotes":382481892,"version":10,"url":"https://www.cryptoguyinza.co.za/","producedTotal":653269,"witnessType":1,"producedEfficiency":99.64490380523401,"name":"CryptoGuyInZA","changeVotes":33832,"lastCycleVotesPercentage":1.5772719965871158,"lastRanking":7,"change_cycle":0,"realTimeRanking":7,"votesPercentage":1.5773558368175484},{"hasPage":false,"brokerage":20,"address":"TUD4YXYdj2t1gP5th3A7t97mx1AUmrrQRt","blockReward":6795728,"lastCycleVotes":368358512,"realTimeVotes":368360876,"version":15,"url":"https://www.trongrid.io","producedTotal":288609,"witnessType":1,"producedEfficiency":99.96986449413916,"name":"TRONGrid","changeVotes":2364,"lastCycleVotesPercentage":1.5191646303084898,"lastRanking":8,"change_cycle":0,"realTimeRanking":8,"votesPercentage":1.5191207478492212},{"hasPage":true,"brokerage":20,"address":"TWkpg1ZQ4fTv7sj41zBUTMo1kuJEUWTere","blockReward":9187680,"lastCycleVotes":346070027,"realTimeVotes":346072009,"version":15,"url":"https://tronlink.org","producedTotal":363357,"witnessType":1,"producedEfficiency":99.90926263517805,"name":"TRONLink","changeVotes":1982,"lastCycleVotesPercentage":1.4272436430851476,"lastRanking":9,"change_cycle":0,"realTimeRanking":9,"votesPercentage":1.4272014303760165},{"hasPage":true,"brokerage":100,"address":"TTMNxTmRpBZnjtUnohX84j25NLkTqDga7j","blockReward":17435296,"lastCycleVotes":326489461,"realTimeVotes":339758706,"version":10,"url":"https://tronspark.com","producedTotal":621087,"witnessType":1,"producedEfficiency":99.43899287693867,"name":"TronSpark","changeVotes":13269245,"lastCycleVotesPercentage":1.3464905117210462,"lastRanking":12,"change_cycle":2,"realTimeRanking":10,"votesPercentage":1.4011653603163972},{"hasPage":true,"brokerage":100,"address":"TPMGfspxLQGom8sKutrbHcDKtHjRHFbGKw","blockReward":14272880,"lastCycleVotes":331328946,"realTimeVotes":331344330,"version":10,"url":"https://infstones.io/","producedTotal":522197,"witnessType":1,"producedEfficiency":99.57515373981028,"name":"Infinity-Stones","changeVotes":15384,"lastCycleVotesPercentage":1.366449258977872,"lastRanking":10,"change_cycle":-1,"realTimeRanking":11,"votesPercentage":1.3664644623800906},{"hasPage":true,"brokerage":20,"address":"TY65QiDt4hLTMpf3WRzcX357BnmdxT2sw9","blockReward":18200768,"lastCycleVotes":330853949,"realTimeVotes":330854324,"version":15,"url":"https://www.utorrent.com/","producedTotal":645009,"witnessType":1,"producedEfficiency":99.69627836667317,"name":"uTorrent","changeVotes":375,"lastCycleVotesPercentage":1.3644903015535281,"lastRanking":11,"change_cycle":-1,"realTimeRanking":12,"votesPercentage":1.3644436769773254},{"hasPage":true,"brokerage":100,"address":"TVFKwzE8qeETLaZEHMx2tjEsdnujAgAWaA","blockReward":11397040,"lastCycleVotes":317451639,"realTimeVotes":317453639,"version":15,"url":"http://blockchain.org","producedTotal":432325,"witnessType":1,"producedEfficiency":99.39076958445888,"name":"BlockchainOrg","changeVotes":2000,"lastCycleVotesPercentage":1.3092172057700655,"lastRanking":13,"change_cycle":0,"realTimeRanking":13,"votesPercentage":1.309179234021413},{"hasPage":true,"brokerage":100,"address":"TKSXDA8HfE9E1y39RczVQ1ZascUEtaSToF","blockReward":18193744,"lastCycleVotes":316549660,"realTimeVotes":312874658,"version":15,"url":"http://cryptochain.network","producedTotal":644781,"witnessType":1,"producedEfficiency":99.64979360077398,"name":"CryptoChain","changeVotes":-3675002,"lastCycleVotesPercentage":1.3054973118367308,"lastRanking":14,"change_cycle":0,"realTimeRanking":14,"votesPercentage":1.2902955102214202},{"hasPage":true,"brokerage":100,"address":"TTW663tQYJTTCtHh6DWKAfexRhPMf2DxQ1","blockReward":11153424,"lastCycleVotes":311978679,"realTimeVotes":311980679,"version":15,"url":"http://tronalliance.org","producedTotal":424745,"witnessType":1,"producedEfficiency":99.70984621379827,"name":"TRONALLIANCE","changeVotes":2000,"lastCycleVotesPercentage":1.2866459145300435,"lastRanking":15,"change_cycle":0,"realTimeRanking":15,"votesPercentage":1.2866087396235528},{"hasPage":true,"brokerage":20,"address":"TFA1qpUkQ1yBDw4pgZKx25wEZAqkjGoZo1","blockReward":18100304,"lastCycleVotes":311446630,"realTimeVotes":311446605,"version":15,"url":"https://twitter.com/justinsuntron","producedTotal":628011,"witnessType":1,"producedEfficiency":99.72781769820159,"name":"JustinSunTron","changeVotes":-25,"lastCycleVotesPercentage":1.2844516662744447,"lastRanking":16,"change_cycle":0,"realTimeRanking":16,"votesPercentage":1.2844062177295426},{"hasPage":true,"brokerage":20,"address":"TCEo1hMAdaJrQmvnGTCcGT2LqrGU4N7Jqf","blockReward":9388320,"lastCycleVotes":305414830,"realTimeVotes":305409659,"version":15,"url":"https://tronscan.org","producedTotal":369620,"witnessType":1,"producedEfficiency":99.88217999437923,"name":"TRONScan","changeVotes":-5171,"lastCycleVotesPercentage":1.259575636758138,"lastRanking":17,"change_cycle":0,"realTimeRanking":17,"votesPercentage":1.2595098443094583},{"hasPage":true,"brokerage":20,"address":"TSNbzxac4WhxN91XvaUfPTKP2jNT18mP6T","blockReward":18210800,"lastCycleVotes":297079432,"realTimeVotes":297055377,"version":15,"url":"https://www.bittorrent.com/","producedTotal":645315,"witnessType":1,"producedEfficiency":99.40907431398858,"name":"BitTorrent","changeVotes":-24055,"lastCycleVotesPercentage":1.225199230597761,"lastRanking":18,"change_cycle":0,"realTimeRanking":18,"votesPercentage":1.225056774109942},{"hasPage":true,"brokerage":20,"address":"TSzoLaVCdSNDpNxgChcFt9rSRF5wWAZiR4","blockReward":17143968,"lastCycleVotes":296064343,"realTimeVotes":296065395,"version":15,"url":"http://trx.market","producedTotal":611985,"witnessType":1,"producedEfficiency":99.3357973110504,"name":"TRXMarket","changeVotes":1052,"lastCycleVotesPercentage":1.2210128544039751,"lastRanking":19,"change_cycle":0,"realTimeRanking":19,"votesPercentage":1.220974087011008},{"hasPage":true,"brokerage":100,"address":"TNaJADoq1u2atryP1ZzwvmEE4ZBELXfMqw","blockReward":13937440,"lastCycleVotes":295527279,"realTimeVotes":295527179,"version":15,"url":"http://zempty.peiwo.cn/","producedTotal":511770,"witnessType":1,"producedEfficiency":99.63845358596802,"name":"callmeSR","changeVotes":-100,"lastCycleVotesPercentage":1.218797923551469,"lastRanking":20,"change_cycle":0,"realTimeRanking":20,"votesPercentage":1.2187544835034292},{"hasPage":true,"brokerage":100,"address":"TVa6MF7SgZa8PToLoQ9PNq6KQHyTXLBz1p","blockReward":12910784,"lastCycleVotes":295241924,"realTimeVotes":295241824,"version":10,"url":"http://krypto-knight.us/","producedTotal":476609,"witnessType":1,"producedEfficiency":99.73090323188148,"name":"KryptoKnight","changeVotes":-100,"lastCycleVotesPercentage":1.2176210776012344,"lastRanking":21,"change_cycle":0,"realTimeRanking":21,"votesPercentage":1.2175776790997972},{"hasPage":false,"brokerage":100,"address":"TRTC1DxDg2eWPHmyc3DTGR672rVHoZQa8h","blockReward":8843104,"lastCycleVotes":294058426,"realTimeVotes":294058416,"version":10,"url":"https://hitbtc.com","producedTotal":352293,"witnessType":1,"producedEfficiency":98.72437612969216,"name":"","changeVotes":-10,"lastCycleVotesPercentage":1.212740157945329,"lastRanking":22,"change_cycle":0,"realTimeRanking":22,"votesPercentage":1.2126973029168207},{"hasPage":false,"brokerage":100,"address":"TAHg5zi2ejWeWiE6bqtDT9vfbH3zNTWrfA","blockReward":9228768,"lastCycleVotes":293558975,"realTimeVotes":293558975,"version":10,"url":"https://trxultra.org","producedTotal":364109,"witnessType":1,"producedEfficiency":99.55868239077115,"name":"TRXUltra","changeVotes":0,"lastCycleVotesPercentage":1.2106803486316997,"lastRanking":23,"change_cycle":0,"realTimeRanking":23,"votesPercentage":1.210637607561371},{"hasPage":false,"brokerage":100,"address":"TMG95kirH4cKW5GnKoCcCye1dBqbt77yGu","blockReward":9062160,"lastCycleVotes":292494194,"realTimeVotes":292494194,"version":10,"url":"https://minergate.com","producedTotal":359094,"witnessType":1,"producedEfficiency":99.77826681337734,"name":"MinerGate","changeVotes":0,"lastCycleVotesPercentage":1.2062890353281417,"lastRanking":24,"change_cycle":0,"realTimeRanking":24,"votesPercentage":1.2062464492858769},{"hasPage":true,"brokerage":20,"address":"TNmas2SUNGJ2R1jq4Sivya5nHDLYN9ggpG","blockReward":5612544,"lastCycleVotes":291339221,"realTimeVotes":291339221,"version":15,"url":"http://www.thelast.me","producedTotal":194965,"witnessType":1,"producedEfficiency":98.32266719114835,"name":"TheLastMe","changeVotes":0,"lastCycleVotesPercentage":1.2015257569637168,"lastRanking":25,"change_cycle":0,"realTimeRanking":25,"votesPercentage":1.2014833390811286},{"hasPage":true,"brokerage":100,"address":"TJ2aDMgeipmoZRuUEru2ri8t7TGkxnm6qY","blockReward":17210880,"lastCycleVotes":287939588,"realTimeVotes":287939639,"version":10,"url":"https://www.huobipool.com","producedTotal":613758,"witnessType":1,"producedEfficiency":98.7338106812906,"name":"Huobi_pool","changeVotes":51,"lastCycleVotesPercentage":1.1875051709276068,"lastRanking":26,"change_cycle":0,"realTimeRanking":26,"votesPercentage":1.1874634583427226},{"hasPage":true,"brokerage":100,"address":"TE7hnUtWRRBz3SkFrX8JESWUmEvxxAhoPt","blockReward":14863168,"lastCycleVotes":287498369,"realTimeVotes":287654824,"version":10,"url":"https://www.tronwallet.me/","producedTotal":540714,"witnessType":1,"producedEfficiency":99.77451211951227,"name":"TronWalletMe","changeVotes":156455,"lastCycleVotesPercentage":1.1856855189386224,"lastRanking":27,"change_cycle":0,"realTimeRanking":27,"votesPercentage":1.1862888808998167},{"hasPage":true,"brokerage":100,"address":"TN2MEB71iox2mDwwngdTrUyUZXeENcb79F","blockReward":12429840,"lastCycleVotes":169410377,"realTimeVotes":157140605,"version":0,"url":"https://www.tron-europe.org","producedTotal":438810,"witnessType":2,"producedEfficiency":99.571136827774,"name":"SR-TRON-Europe","changeVotes":-12269772,"lastCycleVotesPercentage":0.6986732880103145,"lastRanking":28,"change_cycle":0,"realTimeRanking":28,"votesPercentage":0.6480480662801961},{"hasPage":true,"brokerage":19,"address":"TBXB5tobBPCFkC8ihFDBWjaiwW2iSpzSfr","blockReward":17257872,"lastCycleVotes":148275995,"realTimeVotes":148273210,"version":0,"url":"https://www.tronvietnam.com/","producedTotal":594831,"witnessType":2,"producedEfficiency":98.49972925577629,"name":"TRONVIETNAM","changeVotes":-2785,"lastCycleVotesPercentage":0.6115119911435587,"lastRanking":29,"change_cycle":0,"realTimeRanking":29,"votesPercentage":0.6114789173788495},{"hasPage":false,"brokerage":15,"address":"TVSdAnnZUdSH8gdeUgMPTht1mXmhtEXAN3","blockReward":6666688,"lastCycleVotes":121393356,"realTimeVotes":121422368,"version":0,"url":"www.tronspirit.com","producedTotal":214599,"witnessType":2,"producedEfficiency":97.78412663695765,"name":"TRON-BOOM","changeVotes":29012,"lastCycleVotesPercentage":0.5006440377564748,"lastRanking":30,"change_cycle":0,"realTimeRanking":30,"votesPercentage":0.5007460088725149},{"hasPage":false,"brokerage":20,"address":"TW5oEHAE2LqMdozna7HBDiW6U56f6m8Vfa","blockReward":12800,"lastCycleVotes":110007639,"realTimeVotes":110007639,"version":0,"url":"https://www.tronace.com","producedTotal":800,"witnessType":2,"producedEfficiency":100.0,"name":"TRON-Ace","changeVotes":0,"lastCycleVotesPercentage":0.45368766782439607,"lastRanking":31,"change_cycle":0,"realTimeRanking":31,"votesPercentage":0.4536716511305266},{"hasPage":false,"brokerage":100,"address":"TNMcBfKauBykfamL2YkE8WFNDUBmahQzYx","blockReward":0,"lastCycleVotes":95524546,"realTimeVotes":95524667,"version":0,"url":"https://tron.newdex.one","producedTotal":0,"witnessType":2,"producedEfficiency":0.0,"name":"Newpool-TRON","changeVotes":121,"lastCycleVotesPercentage":0.3939572641380317,"lastRanking":32,"change_cycle":0,"realTimeRanking":32,"votesPercentage":0.39394385513158525},{"hasPage":true,"brokerage":100,"address":"TYVJ8JuQ6ctzCa2u79MFmvvNQ1U2tYQEUM","blockReward":16041072,"lastCycleVotes":46899291,"realTimeVotes":46899291,"version":0,"url":"http://tronone.com","producedTotal":518353,"witnessType":2,"producedEfficiency":99.02021463966287,"name":"TRON-ONE","changeVotes":0,"lastCycleVotesPercentage":0.19341956749392364,"lastRanking":33,"change_cycle":0,"realTimeRanking":33,"votesPercentage":0.19341273913551627},{"hasPage":false,"brokerage":100,"address":"TPjc5LNkpa5iwjUv8u4XXV92JA2JaAxHgL","blockReward":0,"lastCycleVotes":35000404,"realTimeVotes":35000404,"version":0,"url":"http://bz.com/","producedTotal":0,"witnessType":2,"producedEfficiency":0.0,"name":"","changeVotes":0,"lastCycleVotesPercentage":0.14434680907633754,"lastRanking":34,"change_cycle":0,"realTimeRanking":34,"votesPercentage":0.14434171315062483},{"hasPage":true,"brokerage":5,"address":"TN2W4cc7a4dsYyTLiLMWa9m7jVpdLjGvYs","blockReward":0,"lastCycleVotes":33160979,"realTimeVotes":33182922,"version":0,"url":"https://www.huobiwallet.com/","producedTotal":0,"witnessType":2,"producedEfficiency":0.0,"name":"Huobi_Wallet","changeVotes":21943,"lastCycleVotesPercentage":0.13676075009012575,"lastRanking":35,"change_cycle":0,"realTimeRanking":35,"votesPercentage":0.13684641493919777},{"hasPage":true,"brokerage":100,"address":"TQwqK8LhHGria5gkkfCVqQfE5mSwpvdp3B","blockReward":5399264,"lastCycleVotes":30699903,"realTimeVotes":30699903,"version":0,"url":"https://tron-society.com","producedTotal":168733,"witnessType":2,"producedEfficiency":98.57857284741128,"name":"Tron-Society","changeVotes":0,"lastCycleVotesPercentage":0.12661091103414354,"lastRanking":36,"change_cycle":0,"realTimeRanking":36,"votesPercentage":0.12660644124502124},{"hasPage":true,"brokerage":100,"address":"TGfUjDNr5Huk8DumHfmzY2ksE6RRYpuGLG","blockReward":7103168,"lastCycleVotes":26812811,"realTimeVotes":26794125,"version":0,"url":"https://www.beatzcoin.io/","producedTotal":221974,"witnessType":2,"producedEfficiency":98.66475833192578,"name":"BeatzCoin","changeVotes":-18686,"lastCycleVotesPercentage":0.11057997245451576,"lastRanking":37,"change_cycle":0,"realTimeRanking":37,"votesPercentage":0.11049900752208419},{"hasPage":false,"brokerage":10,"address":"TEe7HDXdHJemT142R643cajh8BbKdWgR3H","blockReward":0,"lastCycleVotes":17811770,"realTimeVotes":17811771,"version":0,"url":"\thttps://www.cashierest.com","producedTotal":0,"witnessType":2,"producedEfficiency":0.0,"name":"CashierestStaking","changeVotes":1,"lastCycleVotesPercentage":0.0734583567521574,"lastRanking":38,"change_cycle":0,"realTimeRanking":38,"votesPercentage":0.0734557675501865},{"hasPage":true,"brokerage":100,"address":"TDGmmTC7xDgQGwH4FYRGuE7SFH2MePHYeH","blockReward":4291808,"lastCycleVotes":6923071,"realTimeVotes":6923071,"version":0,"url":"https://www.tronics.io/","producedTotal":134119,"witnessType":2,"producedEfficiency":99.92847297246954,"name":"TeamTronics","changeVotes":0,"lastCycleVotesPercentage":0.02855176208420135,"lastRanking":39,"change_cycle":0,"realTimeRanking":39,"votesPercentage":0.02855075411139281},{"hasPage":true,"brokerage":100,"address":"TV6qcwSp38uESiDczxxb7zbJX1h2LfDs78","blockReward":6267936,"lastCycleVotes":6402656,"realTimeVotes":6402656,"version":0,"url":"Tronstronics","producedTotal":195873,"witnessType":2,"producedEfficiency":99.0132693036775,"name":"TronsTronics","changeVotes":0,"lastCycleVotesPercentage":0.02640549415410939,"lastRanking":40,"change_cycle":0,"realTimeRanking":40,"votesPercentage":0.02640456195174567},{"hasPage":true,"brokerage":20,"address":"TEKUPpjTMKWw9LJZ9YJ4enhCjAmVXSL7M6","blockReward":12988816,"lastCycleVotes":6265075,"realTimeVotes":6265075,"version":0,"url":"http://www.lianjinshu.com","producedTotal":405906,"witnessType":2,"producedEfficiency":98.42101945113939,"name":"lianjinshu","changeVotes":0,"lastCycleVotesPercentage":0.025838089893874806,"lastRanking":41,"change_cycle":0,"realTimeRanking":41,"votesPercentage":0.025837177722781452},{"hasPage":true,"brokerage":20,"address":"TSbhZijH2t7Qn1UAHAu7PBHQdVAvRwSyYr","blockReward":4940944,"lastCycleVotes":6086168,"realTimeVotes":6086303,"version":0,"url":"https://www.iggalaxy.com","producedTotal":154409,"witnessType":2,"producedEfficiency":99.00614905199443,"name":"Intergalactic-Gaming","changeVotes":135,"lastCycleVotesPercentage":0.025100251137173017,"lastRanking":42,"change_cycle":0,"realTimeRanking":42,"votesPercentage":0.025099921754439956},{"hasPage":true,"brokerage":20,"address":"TWGGB35HUudizmcLheQN7kANDnD8KfgKkK","blockReward":0,"lastCycleVotes":4480843,"realTimeVotes":4484141,"version":0,"url":"https://www.tron-family.de","producedTotal":0,"witnessType":2,"producedEfficiency":0.0,"name":"TRON-Family","changeVotes":3298,"lastCycleVotesPercentage":0.018479654949755536,"lastRanking":43,"change_cycle":0,"realTimeRanking":43,"votesPercentage":0.018492603512489623},{"hasPage":false,"brokerage":100,"address":"TAD78uBWAveGNg3nDN8Ku18MSDeHmTRpbB","blockReward":0,"lastCycleVotes":3890247,"realTimeVotes":3890318,"version":0,"url":"XREGlobal.com","producedTotal":0,"witnessType":2,"producedEfficiency":0.0,"name":"SmartRealEstateXRE","changeVotes":71,"lastCycleVotesPercentage":0.016043950263225387,"lastRanking":44,"change_cycle":0,"realTimeRanking":44,"votesPercentage":0.016043676662152596},{"hasPage":true,"brokerage":20,"address":"TKV52nvtpLe5uapeTabyAYANMQYBXPGVds","blockReward":7616,"lastCycleVotes":3527016,"realTimeVotes":3527016,"version":0,"url":"http://tronkorea.io","producedTotal":238,"witnessType":2,"producedEfficiency":89.47368421052632,"name":"TronKorea","changeVotes":0,"lastCycleVotesPercentage":0.014545932245844582,"lastRanking":45,"change_cycle":0,"realTimeRanking":45,"votesPercentage":0.01454541872572854},{"hasPage":true,"brokerage":20,"address":"TB6nqQpQDoiWm3VKFjxQrEDi7m84jXjfus","blockReward":0,"lastCycleVotes":3408566,"realTimeVotes":3408566,"version":0,"url":"https://bixin.com","producedTotal":0,"witnessType":2,"producedEfficiency":0.0,"name":"","changeVotes":0,"lastCycleVotesPercentage":0.0140574270407306,"lastRanking":46,"change_cycle":0,"realTimeRanking":46,"votesPercentage":0.014056930766484085},{"hasPage":true,"brokerage":20,"address":"TRXDEXMoaAprSGJSwKanEUBqfQjvQEDuaw","blockReward":810016,"lastCycleVotes":2839986,"realTimeVotes":2839986,"version":0,"url":"https://github.com/trondex/","producedTotal":25313,"witnessType":2,"producedEfficiency":100.0,"name":"TrxDexCom","changeVotes":0,"lastCycleVotesPercentage":0.011712519573244684,"lastRanking":47,"change_cycle":0,"realTimeRanking":47,"votesPercentage":0.011712106082083807},{"hasPage":true,"brokerage":5,"address":"TDGy2M9qWBepSHDEutWWxWd1JZfmAed3BP","blockReward":0,"lastCycleVotes":2428751,"realTimeVotes":2428751,"version":0,"url":"http://www.communitynode.org/","producedTotal":0,"witnessType":2,"producedEfficiency":0.0,"name":"CommunityNode","changeVotes":0,"lastCycleVotesPercentage":0.010016526006127353,"lastRanking":48,"change_cycle":0,"realTimeRanking":48,"votesPercentage":0.010016172389218512},{"hasPage":true,"brokerage":100,"address":"TMEQ4hu7DtLTHPn6qPsYktk1QGdTbAyTEK","blockReward":3932416,"lastCycleVotes":2410772,"realTimeVotes":2410772,"version":0,"url":"www.Tron-Europe.com","producedTotal":122888,"witnessType":2,"producedEfficiency":95.84600745628403,"name":"Tron-Europe","changeVotes":0,"lastCycleVotesPercentage":0.00994237796828232,"lastRanking":49,"change_cycle":0,"realTimeRanking":49,"votesPercentage":0.009942026969047502},{"hasPage":true,"brokerage":100,"address":"TVMP5r12ymtNerq5KB4E8zAgLDmg2FqsEG","blockReward":4068640,"lastCycleVotes":2274217,"realTimeVotes":2279217,"version":0,"url":"https://www.cryptogirls.ro/","producedTotal":127145,"witnessType":2,"producedEfficiency":99.76069046684974,"name":"CryptoGirls","changeVotes":5000,"lastCycleVotesPercentage":0.00937920508280879,"lastRanking":50,"change_cycle":0,"realTimeRanking":50,"votesPercentage":0.009399493972184654},{"hasPage":false,"brokerage":20,"address":"TFQVyHpWSRtH7YbH6xYDamNmKpqBGHmWwc","blockReward":0,"lastCycleVotes":2138794,"realTimeVotes":2138794,"version":0,"url":"https://www.coinnest.co.kr","producedTotal":0,"witnessType":2,"producedEfficiency":0.0,"name":"","changeVotes":0,"lastCycleVotesPercentage":0.008820700731672019,"lastRanking":51,"change_cycle":0,"realTimeRanking":51,"votesPercentage":0.008820389331399645},{"hasPage":true,"brokerage":20,"address":"TJgmwx9TYaqujmdthJkjaLyWXrwTCmmTan","blockReward":0,"lastCycleVotes":2028994,"realTimeVotes":2028994,"version":0,"url":"www","producedTotal":0,"witnessType":2,"producedEfficiency":0.0,"name":"ZADEA-MadeInItaly","changeVotes":0,"lastCycleVotesPercentage":0.008367869397594221,"lastRanking":52,"change_cycle":0,"realTimeRanking":52,"votesPercentage":0.008367573983784269},{"hasPage":false,"brokerage":50,"address":"TWEcP8CPhcdmmo1R2RANXGBRYAHvxNoLst","blockReward":0,"lastCycleVotes":1886395,"realTimeVotes":1886395,"version":0,"url":"https://www.millioncoinx.com/pl","producedTotal":0,"witnessType":2,"producedEfficiency":0.0,"name":"OneMillionCom_Community","changeVotes":0,"lastCycleVotesPercentage":0.00777977016801171,"lastRanking":53,"change_cycle":0,"realTimeRanking":53,"votesPercentage":0.007779495516073841},{"hasPage":false,"brokerage":0,"address":"TK4qxwmq8nDeymtjxzXMkPzq4Gsb39fkLu","blockReward":0,"lastCycleVotes":1879888,"realTimeVotes":1879888,"version":0,"url":"https://activ8coin.com","producedTotal":0,"witnessType":2,"producedEfficiency":0.0,"name":"Activ8Coin","changeVotes":0,"lastCycleVotesPercentage":0.007752934343869231,"lastRanking":54,"change_cycle":0,"realTimeRanking":54,"votesPercentage":0.007752660639325814},{"hasPage":true,"brokerage":20,"address":"TPRxUBEakukBMwTScCHgvCPSBYk5UhfboJ","blockReward":16097568,"lastCycleVotes":1840665,"realTimeVotes":1840665,"version":0,"url":"http://www.cryptodiva.io/","producedTotal":503055,"witnessType":2,"producedEfficiency":99.03690739388165,"name":"CryptoDivaSR","changeVotes":0,"lastCycleVotesPercentage":0.007591172928418107,"lastRanking":55,"change_cycle":0,"realTimeRanking":55,"votesPercentage":0.007590904934594322},{"hasPage":true,"brokerage":100,"address":"TN8Y2ZztFHW3CrgPYQMK3BPp7VYiHKfvF9","blockReward":0,"lastCycleVotes":1594959,"realTimeVotes":1594959,"version":0,"url":"https://twitter.com/TronsRocknRoll","producedTotal":0,"witnessType":2,"producedEfficiency":0.0,"name":"SexTronsAndRocknRoll","changeVotes":0,"lastCycleVotesPercentage":0.006577845280231229,"lastRanking":56,"change_cycle":0,"realTimeRanking":56,"votesPercentage":0.006577613060266601},{"hasPage":false,"brokerage":0,"address":"TA43K3sTFYstnRu5ku7DtyzjsR4MLdUgEu","blockReward":0,"lastCycleVotes":1304267,"realTimeVotes":1319267,"version":0,"url":"https://www.tronmacau.com","producedTotal":0,"witnessType":2,"producedEfficiency":0.0,"name":"TronMacau","changeVotes":15000,"lastCycleVotesPercentage":0.0053789887577745535,"lastRanking":57,"change_cycle":0,"realTimeRanking":57,"votesPercentage":0.005440658881625633},{"hasPage":false,"brokerage":10,"address":"TEsRRMAs4n1yBwzdMuTFEdaKsYANzprtUb","blockReward":0,"lastCycleVotes":1171524,"realTimeVotes":1171524,"version":0,"url":"https://noraigi.com/en/home","producedTotal":0,"witnessType":2,"producedEfficiency":0.0,"name":"NORA-IGI","changeVotes":0,"lastCycleVotesPercentage":0.004831537120438588,"lastRanking":58,"change_cycle":0,"realTimeRanking":58,"votesPercentage":0.004831366550999599},{"hasPage":false,"brokerage":0,"address":"TMwGtBQioBk2pjCsLWUaQ4rcQNf5DS6FLQ","blockReward":0,"lastCycleVotes":968278,"realTimeVotes":968278,"version":0,"url":"http://tronsiqveland.co.uk/","producedTotal":0,"witnessType":2,"producedEfficiency":0.0,"name":"siqveland","changeVotes":0,"lastCycleVotesPercentage":0.0039933207513495545,"lastRanking":59,"change_cycle":0,"realTimeRanking":59,"votesPercentage":0.003993179773755203},{"hasPage":false,"brokerage":0,"address":"TWcebMiHwZbnt6viAtyVEG57bj7DWcZUPx","blockReward":0,"lastCycleVotes":963216,"realTimeVotes":963216,"version":0,"url":"https://www.whaleex.com","producedTotal":0,"witnessType":2,"producedEfficiency":0.0,"name":"whaleexbp","changeVotes":0,"lastCycleVotesPercentage":0.003972444319536241,"lastRanking":60,"change_cycle":0,"realTimeRanking":60,"votesPercentage":0.003972304078949838},{"hasPage":true,"brokerage":100,"address":"TJQHeWxaxaSskBmi7EN19psRe5s9Xn8AcY","blockReward":0,"lastCycleVotes":942670,"realTimeVotes":942670,"version":0,"url":"https://www.cityuptake.com","producedTotal":0,"witnessType":2,"producedEfficiency":0.0,"name":"mrlavman","changeVotes":0,"lastCycleVotesPercentage":0.003887709596494689,"lastRanking":61,"change_cycle":0,"realTimeRanking":61,"votesPercentage":0.003887572347327748},{"hasPage":true,"brokerage":0,"address":"TVGYho2v6mUhFMuhYy4sWx8BA79b4FzwSg","blockReward":0,"lastCycleVotes":900163,"realTimeVotes":900163,"version":0,"url":"HTTPS://AOCOIN.IO","producedTotal":0,"witnessType":2,"producedEfficiency":0.0,"name":"AOCOINIO","changeVotes":0,"lastCycleVotesPercentage":0.003712404482490637,"lastRanking":62,"change_cycle":0,"realTimeRanking":62,"votesPercentage":0.0037122734221812378},{"hasPage":true,"brokerage":20,"address":"TBzwNEE7D3DdTB4wALiSBaMmpSK7jdoxYF","blockReward":3352320,"lastCycleVotes":811013,"realTimeVotes":811013,"version":0,"url":"https://WINTokenGames.com","producedTotal":104760,"witnessType":2,"producedEfficiency":99.22427755519564,"name":"TRONSiliconValley","changeVotes":0,"lastCycleVotesPercentage":0.0033447367827362144,"lastRanking":63,"change_cycle":0,"realTimeRanking":63,"votesPercentage":0.0033446187023277694},{"hasPage":false,"brokerage":20,"address":"TG519wQRpmBNSzVUiHVx6wkVZkLKmxTXxS","blockReward":1187904,"lastCycleVotes":801813,"realTimeVotes":801813,"version":0,"url":"https://member.alleexchange.com","producedTotal":37122,"witnessType":2,"producedEfficiency":97.37173434057287,"name":"ALLE_Exchange","changeVotes":0,"lastCycleVotesPercentage":0.0033067946308827016,"lastRanking":64,"change_cycle":0,"realTimeRanking":64,"votesPercentage":0.0033066778899592682},{"hasPage":false,"brokerage":100,"address":"TAyVDZqhtymJq32itDSxdkRKTRTEb8kkXE","blockReward":0,"lastCycleVotes":778743,"realTimeVotes":778743,"version":0,"url":"http://test.com","producedTotal":0,"witnessType":2,"producedEfficiency":0.0,"name":"","changeVotes":0,"lastCycleVotesPercentage":0.003211650560963077,"lastRanking":65,"change_cycle":0,"realTimeRanking":65,"votesPercentage":0.0032115371789439066},{"hasPage":true,"brokerage":20,"address":"TKYW4wDGg3FcaAR8cP8sbmiU8RdZwcK7Bz","blockReward":744736,"lastCycleVotes":644009,"realTimeVotes":644009,"version":0,"url":"https://WinTokenGames.com","producedTotal":23273,"witnessType":2,"producedEfficiency":99.20289855072464,"name":"WINTokenCommunity","changeVotes":0,"lastCycleVotesPercentage":0.0026559877470683784,"lastRanking":66,"change_cycle":0,"realTimeRanking":66,"votesPercentage":0.0026558939818072023},{"hasPage":false,"brokerage":0,"address":"TZ1ZBqgZ8PUdEk6dxEYwyZCqxYwHj9PmS2","blockReward":0,"lastCycleVotes":438678,"realTimeVotes":438678,"version":0,"url":"https://metronix.imba-exchange.co","producedTotal":0,"witnessType":2,"producedEfficiency":0.0,"name":"Metronix","changeVotes":0,"lastCycleVotesPercentage":0.001809172531608195,"lastRanking":67,"change_cycle":0,"realTimeRanking":67,"votesPercentage":0.0018091086617597271},{"hasPage":false,"brokerage":12,"address":"TLpWEwR5bXM1GBJ2P3BgXLa8DzWTGsaRPb","blockReward":0,"lastCycleVotes":413318,"realTimeVotes":413319,"version":0,"url":"http://tronshares.com","producedTotal":0,"witnessType":2,"producedEfficiency":0.0,"name":"TronShares","changeVotes":1,"lastCycleVotesPercentage":0.0017045841651945983,"lastRanking":68,"change_cycle":0,"realTimeRanking":68,"votesPercentage":0.001704528111667028},{"hasPage":false,"brokerage":20,"address":"TWjGyMHSxx4pJ3V4ES5E4ANE2NWW9xcWcp","blockReward":0,"lastCycleVotes":412807,"realTimeVotes":412812,"version":0,"url":"https://tronvote.club","producedTotal":0,"witnessType":2,"producedEfficiency":0.0,"name":"TronVote","changeVotes":5,"lastCycleVotesPercentage":0.0017024767261079518,"lastRanking":69,"change_cycle":0,"realTimeRanking":69,"votesPercentage":0.0017024372429854163},{"hasPage":true,"brokerage":20,"address":"TFDEzwPqeyKyYGQrXtUTJqiLNKCqBHhVi6","blockReward":0,"lastCycleVotes":408495,"realTimeVotes":408495,"version":0,"url":".","producedTotal":0,"witnessType":2,"producedEfficiency":0.0,"name":"TronCommunityGroup","changeVotes":0,"lastCycleVotesPercentage":0.001684693404500088,"lastRanking":70,"change_cycle":0,"realTimeRanking":70,"votesPercentage":0.0016846339291816312},{"hasPage":true,"brokerage":20,"address":"TNddBi3qJv26Ghqqd3qb97ERx47AwMWhR6","blockReward":0,"lastCycleVotes":380161,"realTimeVotes":380161,"version":0,"url":"https://www.baggi.co/","producedTotal":0,"witnessType":2,"producedEfficiency":0.0,"name":"Segrith1","changeVotes":0,"lastCycleVotesPercentage":0.001567839825085149,"lastRanking":71,"change_cycle":0,"realTimeRanking":71,"votesPercentage":0.0015677844750893357},{"hasPage":true,"brokerage":0,"address":"TLxcpCwAPTnBVYYrL7JeQCohnLVAfnyQQf","blockReward":0,"lastCycleVotes":349102,"realTimeVotes":349102,"version":0,"url":"https://kryptowaluty.org.pl","producedTotal":0,"witnessType":2,"producedEfficiency":0.0,"name":"becometa","changeVotes":0,"lastCycleVotesPercentage":0.0014397479452570772,"lastRanking":72,"change_cycle":0,"realTimeRanking":72,"votesPercentage":0.0014396971173335435},{"hasPage":true,"brokerage":0,"address":"TCKLRjJmhFABs4Hbjy5S3DBFoytMQ95hS4","blockReward":0,"lastCycleVotes":340084,"realTimeVotes":340084,"version":0,"url":"digitalgeotreasure.com/","producedTotal":0,"witnessType":2,"producedEfficiency":0.0,"name":"GeoTreasureSR","changeVotes":0,"lastCycleVotesPercentage":0.0014025563881467531,"lastRanking":73,"change_cycle":0,"realTimeRanking":73,"votesPercentage":0.0014025068732097233},{"hasPage":false,"brokerage":20,"address":"TK9qME8revUZ2KfuZApTHwGqqXS9AoTuBX","blockReward":0,"lastCycleVotes":339976,"realTimeVotes":339976,"version":0,"url":"https://tran.systems/tronhub/","producedTotal":0,"witnessType":2,"producedEfficiency":0.0,"name":"Tronhuborg","changeVotes":0,"lastCycleVotesPercentage":0.0014021109802771685,"lastRanking":74,"change_cycle":0,"realTimeRanking":74,"votesPercentage":0.0014020614810645279},{"hasPage":false,"brokerage":0,"address":"TMXiQ2W35fDochXM6dDUrF3ZDnWR2uwcRW","blockReward":0,"lastCycleVotes":336281,"realTimeVotes":336281,"version":0,"url":" https://www.phituasesor.com/smart-2/","producedTotal":0,"witnessType":2,"producedEfficiency":0.0,"name":"PHI-ECAFE","changeVotes":0,"lastCycleVotesPercentage":0.0013868722573316542,"lastRanking":75,"change_cycle":0,"realTimeRanking":75,"votesPercentage":0.001386823296096961},{"hasPage":true,"brokerage":1,"address":"TJPgacRkihkAxtsEgH3VY5R6fr8bqykf4j","blockReward":0,"lastCycleVotes":297537,"realTimeVotes":297537,"version":0,"url":"https://tronhope.org/","producedTotal":0,"witnessType":2,"producedEfficiency":0.0,"name":"TronHope","changeVotes":0,"lastCycleVotesPercentage":0.0012270863082650772,"lastRanking":76,"change_cycle":0,"realTimeRanking":76,"votesPercentage":0.001227042988009437},{"hasPage":true,"brokerage":20,"address":"TMAbjAuefZqzJAyGhkn4AbWa3jinzcZtGc","blockReward":540672,"lastCycleVotes":221492,"realTimeVotes":221492,"version":0,"url":"https://mlgblockchain.com","producedTotal":16896,"witnessType":2,"producedEfficiency":94.60776079287754,"name":"MLG-Global","changeVotes":0,"lastCycleVotesPercentage":0.0009134655541672077,"lastRanking":77,"change_cycle":0,"realTimeRanking":77,"votesPercentage":0.0009134333057743617},{"hasPage":true,"brokerage":100,"address":"TX663KZ2dKmLvxhCnyY3rytowLNR4TmdVf","blockReward":0,"lastCycleVotes":218677,"realTimeVotes":218677,"version":0,"url":"https://www.musiccasper.com/","producedTotal":0,"witnessType":2,"producedEfficiency":0.0,"name":"MusicCasper","changeVotes":0,"lastCycleVotesPercentage":0.0009018560805294208,"lastRanking":78,"change_cycle":0,"realTimeRanking":78,"votesPercentage":0.0009018242419898692},{"hasPage":false,"brokerage":20,"address":"TXUqMBAisbzUg3myoZys7q9wQqafyUUJib","blockReward":0,"lastCycleVotes":185560,"realTimeVotes":185560,"version":0,"url":"https://pyro.network","producedTotal":0,"witnessType":2,"producedEfficiency":0.0,"name":"PYRO-Network","changeVotes":0,"lastCycleVotesPercentage":0.0007652767062975957,"lastRanking":79,"change_cycle":0,"realTimeRanking":79,"votesPercentage":0.0007652496894672971},{"hasPage":false,"brokerage":100,"address":"TYftfpnCitoxju9rMYx6XNegUHmFoPMary","blockReward":0,"lastCycleVotes":177999,"realTimeVotes":177999,"version":0,"url":"https://reyna.exchange/","producedTotal":0,"witnessType":2,"producedEfficiency":0.0,"name":"ReynaExchange","changeVotes":0,"lastCycleVotesPercentage":0.0007340940312797248,"lastRanking":80,"change_cycle":0,"realTimeRanking":80,"votesPercentage":0.000734068115302271},{"hasPage":true,"brokerage":100,"address":"TJX4T7AgfkvWbNAyWTxhgXrJv6Yed6BgDx","blockReward":0,"lastCycleVotes":161593,"realTimeVotes":161593,"version":0,"url":"https://www.tron-mining.com","producedTotal":0,"witnessType":2,"producedEfficiency":0.0,"name":"TRON-MINING","changeVotes":0,"lastCycleVotesPercentage":0.0006664332765722536,"lastRanking":81,"change_cycle":0,"realTimeRanking":81,"votesPercentage":0.0006664097492460062},{"hasPage":false,"brokerage":0,"address":"TXnqPcy9zWHYyCiQ7Kmvt3aCx5jm9Qnq3e","blockReward":0,"lastCycleVotes":161209,"realTimeVotes":161209,"version":0,"url":"https://TRON-Want","producedTotal":0,"witnessType":2,"producedEfficiency":0.0,"name":"TRON-Want","changeVotes":0,"lastCycleVotesPercentage":0.0006648496041470634,"lastRanking":82,"change_cycle":0,"realTimeRanking":82,"votesPercentage":0.0006648261327297558},{"hasPage":true,"brokerage":100,"address":"TKXnhSWxKAfYhsYLkh5wS8qUT1ESBbMSpn","blockReward":0,"lastCycleVotes":158783,"realTimeVotes":158783,"version":0,"url":"https://promo.network/","producedTotal":0,"witnessType":2,"producedEfficiency":0.0,"name":"PROMO-NETWORK","changeVotes":0,"lastCycleVotesPercentage":0.0006548444236691698,"lastRanking":83,"change_cycle":0,"realTimeRanking":83,"votesPercentage":0.0006548213054682358},{"hasPage":true,"brokerage":100,"address":"TAKFctfLwhcUwU7PPfijB35GzpPuiph2XE","blockReward":0,"lastCycleVotes":151282,"realTimeVotes":151282,"version":0,"url":"https://twitter.com/mr_oceanview","producedTotal":0,"witnessType":2,"producedEfficiency":0.0,"name":"oceanview","changeVotes":0,"lastCycleVotesPercentage":0.0006239091974677347,"lastRanking":84,"change_cycle":0,"realTimeRanking":84,"votesPercentage":0.0006238871713838738},{"hasPage":false,"brokerage":100,"address":"TSyG9BdjsGE2GoHG9eeYKMns6zMQFDmbvS","blockReward":0,"lastCycleVotes":143832,"realTimeVotes":143832,"version":0,"url":"xreglobal.com","producedTotal":0,"witnessType":2,"producedEfficiency":0.0,"name":"TarquinRealEstate","changeVotes":0,"lastCycleVotesPercentage":0.0005931843027602704,"lastRanking":85,"change_cycle":0,"realTimeRanking":85,"votesPercentage":0.0005931633613680765},{"hasPage":true,"brokerage":20,"address":"TGnTYAB6XjLWoAGYXmDoLeLeX9X59JFBVK","blockReward":0,"lastCycleVotes":137713,"realTimeVotes":137713,"version":0,"url":"https://cobo.com","producedTotal":0,"witnessType":2,"producedEfficiency":0.0,"name":"","changeVotes":0,"lastCycleVotesPercentage":0.0005679486476307437,"lastRanking":86,"change_cycle":0,"realTimeRanking":86,"votesPercentage":0.0005679285971416786},{"hasPage":true,"brokerage":0,"address":"THM4SAoJrNebe8zdQJ8d6eu41XFHHNbb8N","blockReward":0,"lastCycleVotes":135353,"realTimeVotes":135353,"version":0,"url":"https://CharityCompassionCoin.com","producedTotal":0,"witnessType":2,"producedEfficiency":0.0,"name":"CharityCompassionCoin-CCC","changeVotes":0,"lastCycleVotesPercentage":0.0005582156608509295,"lastRanking":87,"change_cycle":0,"realTimeRanking":87,"votesPercentage":0.0005581959539688891},{"hasPage":true,"brokerage":40,"address":"TYTYuSyiEpxNsjakQSRmjiZAymvxoBbziH","blockReward":0,"lastCycleVotes":132619,"realTimeVotes":132619,"version":0,"url":"https://www.tronlabs.ro","producedTotal":0,"witnessType":2,"producedEfficiency":0.0,"name":"TronLabsRomania","changeVotes":0,"lastCycleVotesPercentage":0.0005469402431153311,"lastRanking":88,"change_cycle":0,"realTimeRanking":88,"votesPercentage":0.0005469209342932931},{"hasPage":false,"brokerage":20,"address":"TTENv9A7zf543xdVmnaon42SqsGGd7L7p8","blockReward":0,"lastCycleVotes":118205,"realTimeVotes":118205,"version":0,"url":"https://bankroll.network","producedTotal":0,"witnessType":2,"producedEfficiency":0.0,"name":"Bankroll_Network","changeVotes":0,"lastCycleVotesPercentage":0.0004874947891135336,"lastRanking":89,"change_cycle":0,"realTimeRanking":89,"votesPercentage":0.0004874775789150778},{"hasPage":true,"brokerage":20,"address":"TFcBLX6W4u7xAFYvcyUDEHT6Cy7GroVLfD","blockReward":417920,"lastCycleVotes":118184,"realTimeVotes":118184,"version":0,"url":"https://tronbet.com","producedTotal":13060,"witnessType":2,"producedEfficiency":99.99234361840594,"name":"TRONbet","changeVotes":0,"lastCycleVotesPercentage":0.000487408182027781,"lastRanking":90,"change_cycle":0,"realTimeRanking":90,"votesPercentage":0.0004873909748868454},{"hasPage":false,"brokerage":1,"address":"TA8VRz8ofdpmqAvxTKDVGkQRHRWxmRTXGA","blockReward":0,"lastCycleVotes":112463,"realTimeVotes":112463,"version":0,"url":"https://tronpad.com","producedTotal":0,"witnessType":2,"producedEfficiency":0.0,"name":"TRONPADCOM","changeVotes":0,"lastCycleVotesPercentage":0.00046381393738061273,"lastRanking":91,"change_cycle":0,"realTimeRanking":91,"votesPercentage":0.00046379756319551963},{"hasPage":false,"brokerage":25,"address":"TZ8NZA6PPKSK2wHuFAo8vzf4VZnMtmDugF","blockReward":0,"lastCycleVotes":108699,"realTimeVotes":108699,"version":0,"url":"https://t.me/tron_my","producedTotal":0,"witnessType":2,"producedEfficiency":0.0,"name":"Surface-Foundation","changeVotes":0,"lastCycleVotesPercentage":0.0004482906482961972,"lastRanking":92,"change_cycle":0,"realTimeRanking":92,"votesPercentage":0.00044827482213518927},{"hasPage":false,"brokerage":100,"address":"TNkRSKWP7VvdrisTwC8iNzUV6MRoEJh6xx","blockReward":0,"lastCycleVotes":105111,"realTimeVotes":105111,"version":0,"url":"https://healthport.io/","producedTotal":0,"witnessType":2,"producedEfficiency":0.0,"name":"Health-Port-EHR-Issuing-Account","changeVotes":0,"lastCycleVotesPercentage":0.00043349320907332714,"lastRanking":93,"change_cycle":0,"realTimeRanking":93,"votesPercentage":0.0004334779053114737},{"hasPage":false,"brokerage":0,"address":"TD4anu8auWfCDYqQpAEcLXVK6UgME9Jsid","blockReward":0,"lastCycleVotes":104018,"realTimeVotes":104018,"version":0,"url":"https://tronsecure.io","producedTotal":0,"witnessType":2,"producedEfficiency":0.0,"name":"TronSecure-Super-Representative","changeVotes":0,"lastCycleVotesPercentage":0.0004289855164672521,"lastRanking":94,"change_cycle":0,"realTimeRanking":94,"votesPercentage":0.00042897037184204195},{"hasPage":true,"brokerage":20,"address":"TSRmKPv8kvokcHKfLeySQ3gNHyYrAAXrnc","blockReward":8012224,"lastCycleVotes":100570,"realTimeVotes":100570,"version":0,"url":"http://dapps.house","producedTotal":250389,"witnessType":2,"producedEfficiency":99.07332301933677,"name":"DAPPHOUSE","changeVotes":0,"lastCycleVotesPercentage":0.00041476545781606597,"lastRanking":95,"change_cycle":0,"realTimeRanking":95,"votesPercentage":0.0004147508152065427},{"hasPage":false,"brokerage":0,"address":"TGiDnq7cxAFwProHPo8MFwhs7C5PU7EyJR","blockReward":0,"lastCycleVotes":90408,"realTimeVotes":90408,"version":0,"url":"https://twitter.com/1000WONG","producedTotal":0,"witnessType":2,"producedEfficiency":0.0,"name":"1000WONG","changeVotes":0,"lastCycleVotesPercentage":0.0003728558766056964,"lastRanking":96,"change_cycle":0,"realTimeRanking":96,"votesPercentage":0.0003728427135447262},{"hasPage":false,"brokerage":0,"address":"TE7BWvxSPbsxZ5MVFFLfmkDnBw3MRFQGtw","blockReward":0,"lastCycleVotes":83130,"realTimeVotes":83130,"version":0,"url":"https://sites.google.com/view/proudbtc1nvest/startsida","producedTotal":0,"witnessType":2,"producedEfficiency":0.0,"name":"ProudBTC1nvest","changeVotes":0,"lastCycleVotesPercentage":0.0003428403351720151,"lastRanking":97,"change_cycle":0,"realTimeRanking":97,"votesPercentage":0.00034282823176016595},{"hasPage":true,"brokerage":20,"address":"TAXZHpzFwGdqMzF7w8KkFhWkikGY12yUpk","blockReward":0,"lastCycleVotes":82613,"realTimeVotes":82613,"version":0,"url":"https://dexnode.net","producedTotal":0,"witnessType":2,"producedEfficiency":0.0,"name":"","changeVotes":0,"lastCycleVotesPercentage":0.0003407081512037253,"lastRanking":98,"change_cycle":0,"realTimeRanking":98,"votesPercentage":0.00034069612306511},{"hasPage":true,"brokerage":15,"address":"TTCrBKXyTCS2B5ktjivNtHiSyCPTCLWv3v","blockReward":0,"lastCycleVotes":75808,"realTimeVotes":75808,"version":0,"url":"https://www.tronvietnam.org","producedTotal":0,"witnessType":2,"producedEfficiency":0.0,"name":"TronVietNam","changeVotes":0,"lastCycleVotesPercentage":0.0003126433312729474,"lastRanking":99,"change_cycle":0,"realTimeRanking":99,"votesPercentage":0.00031263229391645213},{"hasPage":true,"brokerage":20,"address":"TTuT2AG5q37f74zra7PjAApUmyVaXmFvC4","blockReward":8548288,"lastCycleVotes":74940,"realTimeVotes":74940,"version":0,"url":"http://raybo.com","producedTotal":267142,"witnessType":2,"producedEfficiency":99.13681772974898,"name":"RayboTron","changeVotes":0,"lastCycleVotesPercentage":0.0003090635717285073,"lastRanking":100,"change_cycle":0,"realTimeRanking":100,"votesPercentage":0.0003090526607495109},{"hasPage":false,"brokerage":20,"address":"TDdYEXqbqYGXaufkh2kiZhFQA3oi6A8yoi","blockReward":0,"lastCycleVotes":54303,"realTimeVotes":54303,"version":0,"url":"https://www.tronboston.com","producedTotal":0,"witnessType":2,"producedEfficiency":0.0,"name":"TronBoston","changeVotes":0,"lastCycleVotesPercentage":0.00022395355131536073,"lastRanking":101,"change_cycle":0,"realTimeRanking":101,"votesPercentage":0.00022394564500507992},{"hasPage":true,"brokerage":100,"address":"TDJ8A5jRuAmb2ctYvZcwtPQaGDv33sVbDD","blockReward":0,"lastCycleVotes":30734,"realTimeVotes":30734,"version":0,"url":"https://tronlottery.io","producedTotal":0,"witnessType":2,"producedEfficiency":0.0,"name":"TronLottery","changeVotes":0,"lastCycleVotesPercentage":0.00012675153207237716,"lastRanking":102,"change_cycle":0,"realTimeRanking":102,"votesPercentage":0.00012674705731886133},{"hasPage":false,"brokerage":20,"address":"TGBnYeW24FC9zcVmV3T2Vrz21hJQrHWfJW","blockReward":0,"lastCycleVotes":30095,"realTimeVotes":30095,"version":0,"url":"https://www.tron.buzz","producedTotal":0,"witnessType":2,"producedEfficiency":0.0,"name":"Swisstron","changeVotes":0,"lastCycleVotesPercentage":0.00012411620217733424,"lastRanking":103,"change_cycle":0,"realTimeRanking":103,"votesPercentage":0.00012411182045978823},{"hasPage":false,"brokerage":20,"address":"TMs377k86n2NXwoZoN6gNCf929u6BKdbvn","blockReward":0,"lastCycleVotes":30016,"realTimeVotes":30016,"version":0,"url":"https://twitter.com/black0din","producedTotal":0,"witnessType":2,"producedEfficiency":0.0,"name":"odintron","changeVotes":0,"lastCycleVotesPercentage":0.0001237903945690269,"lastRanking":104,"change_cycle":0,"realTimeRanking":104,"votesPercentage":0.00012378602435358043},{"hasPage":false,"brokerage":20,"address":"TCf5cqLffPccEY7hcsabiFnMfdipfyryvr","blockReward":1797504,"lastCycleVotes":29284,"realTimeVotes":29284,"version":0,"url":"http://TronGr20.com","producedTotal":56172,"witnessType":2,"producedEfficiency":100.0,"name":"","changeVotes":0,"lastCycleVotesPercentage":0.00012077151900850825,"lastRanking":105,"change_cycle":0,"realTimeRanking":105,"votesPercentage":0.00012076725536947794},{"hasPage":true,"brokerage":20,"address":"TN9rYynDSPinTuvRg8G1TdrEjAc2f3X2dX","blockReward":0,"lastCycleVotes":22936,"realTimeVotes":22936,"version":0,"url":"http://www.tron-france.com","producedTotal":0,"witnessType":2,"producedEfficiency":0.0,"name":"Tron-France","changeVotes":0,"lastCycleVotesPercentage":0.00009459143422958425,"lastRanking":106,"change_cycle":0,"realTimeRanking":106,"votesPercentage":0.00009458809483521193},{"hasPage":true,"brokerage":20,"address":"TBkF5gRmwxq4Zm4K7oBMHvfvUKxD8KYkJ5","blockReward":0,"lastCycleVotes":20821,"realTimeVotes":20821,"version":0,"url":"http://tronjapan.io","producedTotal":0,"witnessType":2,"producedEfficiency":0.0,"name":"TRONJAPAN","changeVotes":0,"lastCycleVotesPercentage":0.00008586886345021686,"lastRanking":107,"change_cycle":0,"realTimeRanking":107,"votesPercentage":0.000085865831991801},{"hasPage":false,"brokerage":11,"address":"THX1ZF1CNdcDMNai2QUSYgdBmsECah6vtJ","blockReward":0,"lastCycleVotes":20658,"realTimeVotes":20658,"version":0,"url":"https://www.thz.net","producedTotal":0,"witnessType":2,"producedEfficiency":0.0,"name":"","changeVotes":0,"lastCycleVotesPercentage":0.00008519662749889917,"lastRanking":108,"change_cycle":0,"realTimeRanking":108,"votesPercentage":0.0000851936197726634},{"hasPage":true,"brokerage":100,"address":"TU5gKG2QrysL4wmjM6ydonVDcEtupuVHCN","blockReward":0,"lastCycleVotes":19392,"realTimeVotes":19392,"version":0,"url":"https://dexexchange.us","producedTotal":0,"witnessType":2,"producedEfficiency":0.0,"name":"DEXExchange-DEXCOIN","changeVotes":0,"lastCycleVotesPercentage":0.00007997545747210053,"lastRanking":109,"change_cycle":0,"realTimeRanking":109,"votesPercentage":0.00007997263407065006},{"hasPage":false,"brokerage":20,"address":"TCjwPyWLgry8dD8QCgpYv7cvKe6oK5PM1j","blockReward":0,"lastCycleVotes":18082,"realTimeVotes":18082,"version":0,"url":"https://theseusx.net","producedTotal":0,"witnessType":2,"producedEfficiency":0.0,"name":"theseusx","changeVotes":0,"lastCycleVotesPercentage":0.00007457282497991552,"lastRanking":110,"change_cycle":0,"realTimeRanking":110,"votesPercentage":0.000074570192309483},{"hasPage":true,"brokerage":100,"address":"TS4vTdFRNJCHZex8j7bozAiRXGXvtRjhAF","blockReward":0,"lastCycleVotes":13457,"realTimeVotes":13457,"version":0,"url":"https://teamhelios.org/","producedTotal":0,"witnessType":2,"producedEfficiency":0.0,"name":"TEAMHELIOS","changeVotes":0,"lastCycleVotesPercentage":0.00005549864537964403,"lastRanking":111,"change_cycle":0,"realTimeRanking":111,"votesPercentage":0.0000554966860916222},{"hasPage":false,"brokerage":100,"address":"THWCmwMwtc97qDd1fqkeK8LBwSPgwTeq79","blockReward":0,"lastCycleVotes":12736,"realTimeVotes":12736,"version":0,"url":"https://www.neoply.com","producedTotal":0,"witnessType":2,"producedEfficiency":0.0,"name":"NEOPLY-TRON","changeVotes":0,"lastCycleVotesPercentage":0.00005252513543547197,"lastRanking":112,"change_cycle":0,"realTimeRanking":112,"votesPercentage":0.00005252328112230812},{"hasPage":false,"brokerage":100,"address":"TN8jmSQv79QHa37cckKMguDyf3vAKtpvDs","blockReward":34080,"lastCycleVotes":12230,"realTimeVotes":12230,"version":0,"url":"tronsr","producedTotal":1065,"witnessType":2,"producedEfficiency":100.0,"name":"BlockChainRealEstate","changeVotes":0,"lastCycleVotesPercentage":0.00005043831708352875,"lastRanking":113,"change_cycle":0,"realTimeRanking":113,"votesPercentage":0.000050436536442040545},{"hasPage":true,"brokerage":20,"address":"TLTeJxavvgAC5opkDXfXfhRXp4thLfHL5p","blockReward":870368,"lastCycleVotes":12205,"realTimeVotes":12205,"version":0,"url":"https://weibo.com/bitdog666","producedTotal":27199,"witnessType":2,"producedEfficiency":99.99632352941177,"name":"BitDogSR","changeVotes":0,"lastCycleVotesPercentage":0.000050335213410013767,"lastRanking":114,"change_cycle":0,"realTimeRanking":114,"votesPercentage":0.00005033343640843048},{"hasPage":false,"brokerage":20,"address":"TX3ZceVew6yLC5hWTXnjrUFtiFfUDGKGty","blockReward":1106080,"lastCycleVotes":8758,"realTimeVotes":8758,"version":0,"url":"http://TronGr18.com","producedTotal":34565,"witnessType":2,"producedEfficiency":100.0,"name":"","changeVotes":0,"lastCycleVotesPercentage":0.000036119278905768175,"lastRanking":115,"change_cycle":0,"realTimeRanking":115,"votesPercentage":0.00003611800377427564},{"hasPage":true,"brokerage":20,"address":"TUpoK1NUFcXpVjn7AvTsSCAYwD559CEaxr","blockReward":0,"lastCycleVotes":7070,"realTimeVotes":7070,"version":0,"url":"https://trip4web.com","producedTotal":0,"witnessType":2,"producedEfficiency":0.0,"name":"TrIP4web","changeVotes":0,"lastCycleVotesPercentage":0.000029157718870036654,"lastRanking":116,"change_cycle":0,"realTimeRanking":116,"votesPercentage":0.0000291566895049245},{"hasPage":true,"brokerage":20,"address":"TQxyQu5d76MaxsEF4nBf9tFa8s93nSHe8M","blockReward":486208,"lastCycleVotes":6859,"realTimeVotes":6859,"version":0,"url":"http://tronpro.io","producedTotal":15194,"witnessType":2,"producedEfficiency":99.99341888779205,"name":"tronproio","changeVotes":0,"lastCycleVotesPercentage":0.000028287523865570212,"lastRanking":117,"change_cycle":0,"realTimeRanking":117,"votesPercentage":0.000028286525221255607},{"hasPage":false,"brokerage":20,"address":"TLaqfGrxZ3dykAFps7M2B4gETTX1yixPgN","blockReward":1592480,"lastCycleVotes":6831,"realTimeVotes":6831,"version":0,"url":"http://TronGr17.com","producedTotal":49765,"witnessType":2,"producedEfficiency":99.98392702871034,"name":"","changeVotes":0,"lastCycleVotesPercentage":0.000028172047751233432,"lastRanking":118,"change_cycle":0,"realTimeRanking":118,"votesPercentage":0.00002817105318361234},{"hasPage":true,"brokerage":20,"address":"TRSZydUjAZaA5aMYA21J9iWriNF1q1bwzW","blockReward":0,"lastCycleVotes":6283,"realTimeVotes":6283,"version":0,"url":"https://www.troncanada.com/","producedTotal":0,"witnessType":2,"producedEfficiency":0.0,"name":"TRONCanada","changeVotes":0,"lastCycleVotesPercentage":0.00002591201522778505,"lastRanking":119,"change_cycle":0,"realTimeRanking":119,"votesPercentage":0.00002591110044687986},{"hasPage":false,"brokerage":20,"address":"TUbPJqc7pw9iSkWC2a3dWJAThSnnesAwFq","blockReward":0,"lastCycleVotes":6020,"realTimeVotes":6020,"version":0,"url":"https://www.hashfin.com","producedTotal":0,"witnessType":2,"producedEfficiency":0.0,"name":"","changeVotes":0,"lastCycleVotesPercentage":0.000024827364582407448,"lastRanking":120,"change_cycle":0,"realTimeRanking":120,"votesPercentage":0.00002482648809330205},{"hasPage":false,"brokerage":20,"address":"TRKJzrZxN34YyB8aBqqPDt7g4fv6sieemz","blockReward":679936,"lastCycleVotes":6007,"realTimeVotes":6007,"version":0,"url":"http://TronGr24.com","producedTotal":21248,"witnessType":2,"producedEfficiency":100.0,"name":"","changeVotes":0,"lastCycleVotesPercentage":0.000024773750672179655,"lastRanking":121,"change_cycle":0,"realTimeRanking":121,"votesPercentage":0.00002477287607582482},{"hasPage":false,"brokerage":20,"address":"THKJYuUmMKKARNf7s2VT51g5uPY6KEqnat","blockReward":1865504,"lastCycleVotes":5783,"realTimeVotes":5783,"version":0,"url":"http://TronGr1.com","producedTotal":58297,"witnessType":2,"producedEfficiency":100.0,"name":"","changeVotes":0,"lastCycleVotesPercentage":0.000023849941757485423,"lastRanking":122,"change_cycle":0,"realTimeRanking":122,"votesPercentage":0.000023849099774678694},{"hasPage":true,"brokerage":20,"address":"TLCuBEirVzB6V4menLZKw1jfBTFMZbuKq7","blockReward":0,"lastCycleVotes":5597,"realTimeVotes":5597,"version":0,"url":"https://game.com","producedTotal":0,"witnessType":2,"producedEfficiency":0.0,"name":"","changeVotes":0,"lastCycleVotesPercentage":0.000023082850426533966,"lastRanking":123,"change_cycle":0,"realTimeRanking":123,"votesPercentage":0.00002308203552461986},{"hasPage":false,"brokerage":20,"address":"TFuC2Qge4GxA2U9abKxk1pw3YZvGM5XRir","blockReward":961312,"lastCycleVotes":5501,"realTimeVotes":5501,"version":0,"url":"http://TronGr11.com","producedTotal":30041,"witnessType":2,"producedEfficiency":99.98335884976369,"name":"","changeVotes":0,"lastCycleVotesPercentage":0.00002268693232023644,"lastRanking":124,"change_cycle":0,"realTimeRanking":124,"votesPercentage":0.000022686131395557235},{"hasPage":true,"brokerage":100,"address":"TWwaKmzCGF4Hka99GHuR8Waz1mrEtkByeN","blockReward":0,"lastCycleVotes":5496,"realTimeVotes":5496,"version":0,"url":"https://www.troninvestgroup.org","producedTotal":0,"witnessType":2,"producedEfficiency":0.0,"name":"TronInvestGroup","changeVotes":0,"lastCycleVotesPercentage":0.000022666311585533443,"lastRanking":125,"change_cycle":0,"realTimeRanking":125,"votesPercentage":0.000022665511388835223},{"hasPage":false,"brokerage":20,"address":"TQQ6akqQfkUoB26PfnkLkEqKoh1BNvQoFs","blockReward":0,"lastCycleVotes":5252,"realTimeVotes":5252,"version":0,"url":"https://www.bitcoinworld.com/","producedTotal":0,"witnessType":2,"producedEfficiency":0.0,"name":"BitcoinWorld","changeVotes":0,"lastCycleVotesPercentage":0.00002166001973202723,"lastRanking":126,"change_cycle":0,"realTimeRanking":126,"votesPercentage":0.000021659255060801056},{"hasPage":true,"brokerage":20,"address":"TLF5cNeWQKGUyDDHebQnLTfCNCKGCb4wiu","blockReward":0,"lastCycleVotes":5109,"realTimeVotes":5109,"version":0,"url":"https://tronvip.io","producedTotal":0,"witnessType":2,"producedEfficiency":0.0,"name":"TeamTronVIP","changeVotes":0,"lastCycleVotesPercentage":0.000021070266719521537,"lastRanking":127,"change_cycle":0,"realTimeRanking":127,"votesPercentage":0.000021069522868551523},{"hasPage":false,"brokerage":20,"address":"TWeZZDaDu63CebHsnDGUhsKAZ2cHz7uFJt","blockReward":0,"lastCycleVotes":5056,"realTimeVotes":5056,"version":0,"url":"http://www.nodecap.com/","producedTotal":0,"witnessType":3,"producedEfficiency":0.0,"name":"NodeCapital","changeVotes":0,"lastCycleVotesPercentage":0.000020851686931669778,"lastRanking":128,"change_cycle":0,"realTimeRanking":128,"votesPercentage":0.0000208509507972982},{"hasPage":false,"brokerage":20,"address":"TYNh7Td8z7jga1tZYvkZvn4AKxq8aPmGZm","blockReward":0,"lastCycleVotes":5012,"realTimeVotes":5012,"version":0,"url":"http://newgenesiscap.com/","producedTotal":0,"witnessType":3,"producedEfficiency":0.0,"name":"genesiscap","changeVotes":0,"lastCycleVotesPercentage":0.00002067022446628341,"lastRanking":129,"change_cycle":0,"realTimeRanking":129,"votesPercentage":0.000020669494738144496},{"hasPage":true,"brokerage":20,"address":"TH4nPzmbioavDew4GPxD4hHzsLXAetDFSA","blockReward":0,"lastCycleVotes":5004,"realTimeVotes":5004,"version":0,"url":"https://tron.34rth.com/","producedTotal":0,"witnessType":3,"producedEfficiency":0.0,"name":"","changeVotes":0,"lastCycleVotesPercentage":0.000020637231290758616,"lastRanking":130,"change_cycle":0,"realTimeRanking":130,"votesPercentage":0.000020636502727389276},{"hasPage":true,"brokerage":20,"address":"TWmYacoioZVVDn3jwVCd28sEJpJARyybSF","blockReward":0,"lastCycleVotes":4470,"realTimeVotes":4470,"version":0,"url":"http://bt.co","producedTotal":0,"witnessType":3,"producedEfficiency":0.0,"name":"BitTorrentNow","changeVotes":0,"lastCycleVotesPercentage":0.00001843493682447862,"lastRanking":131,"change_cycle":0,"realTimeRanking":131,"votesPercentage":0.00001843428600947843},{"hasPage":true,"brokerage":20,"address":"TFYhSxKGD7Ysqi96wozmpGw5P3vC324Kem","blockReward":0,"lastCycleVotes":4360,"realTimeVotes":4360,"version":0,"url":"https://helloworldteam.org","producedTotal":0,"witnessType":3,"producedEfficiency":0.0,"name":"HelloWorld","changeVotes":0,"lastCycleVotesPercentage":0.000017981280661012703,"lastRanking":132,"change_cycle":0,"realTimeRanking":132,"votesPercentage":0.000017980645861594174},{"hasPage":false,"brokerage":20,"address":"TGK6iAKgBmHeQyp5hn3imB71EDnFPkXiPR","blockReward":1728736,"lastCycleVotes":4236,"realTimeVotes":4236,"version":0,"url":"http://TronGr16.com","producedTotal":54023,"witnessType":3,"producedEfficiency":98.97585284526033,"name":"","changeVotes":0,"lastCycleVotesPercentage":0.000017469886440378398,"lastRanking":133,"change_cycle":0,"realTimeRanking":133,"votesPercentage":0.000017469269694888287},{"hasPage":false,"brokerage":20,"address":"TM2WoRPjYAWjJuR6QSZgaGWkr2qDP2d6sA","blockReward":0,"lastCycleVotes":4100,"realTimeVotes":4100,"version":0,"url":"http://tron-man.com/","producedTotal":0,"witnessType":3,"producedEfficiency":0.0,"name":"Tron-Man","changeVotes":0,"lastCycleVotesPercentage":0.0000169090024564569,"lastRanking":134,"change_cycle":0,"realTimeRanking":134,"votesPercentage":0.000016908405512049566},{"hasPage":true,"brokerage":100,"address":"TNHpUuakVeceLagF9k6j8HU9KruSQ23cXW","blockReward":0,"lastCycleVotes":3676,"realTimeVotes":3676,"version":0,"url":"https://www.google.com/","producedTotal":0,"witnessType":3,"producedEfficiency":0.0,"name":"TronWatch","changeVotes":0,"lastCycleVotesPercentage":0.00001516036415364282,"lastRanking":135,"change_cycle":0,"realTimeRanking":135,"votesPercentage":0.00001515982894202298},{"hasPage":false,"brokerage":20,"address":"TNEqakRxoJ1YsLK2t5c57vZyWWbDpetq7y","blockReward":0,"lastCycleVotes":3552,"realTimeVotes":3552,"version":0,"url":"https://www.gameoftron.net/","producedTotal":0,"witnessType":3,"producedEfficiency":0.0,"name":"GameOfTron","changeVotes":0,"lastCycleVotesPercentage":0.000014648969933008514,"lastRanking":136,"change_cycle":0,"realTimeRanking":136,"votesPercentage":0.000014648452775317088},{"hasPage":false,"brokerage":20,"address":"TNGoca1VHC6Y5Jd2B1VFpFEhizVk92Rz85","blockReward":1498624,"lastCycleVotes":3365,"realTimeVotes":3365,"version":0,"url":"http://TronGr12.com","producedTotal":46832,"witnessType":3,"producedEfficiency":100.0,"name":"","changeVotes":0,"lastCycleVotesPercentage":0.000013877754455116454,"lastRanking":137,"change_cycle":0,"realTimeRanking":137,"votesPercentage":0.000013877264523913852},{"hasPage":false,"brokerage":20,"address":"TK6V5Pw2UWQWpySnZyCDZaAvu1y48oRgXN","blockReward":1780480,"lastCycleVotes":3257,"realTimeVotes":3257,"version":0,"url":"http://TronGr6.com","producedTotal":55640,"witnessType":3,"producedEfficiency":99.99820276414873,"name":"","changeVotes":0,"lastCycleVotesPercentage":0.000013432346585531738,"lastRanking":138,"change_cycle":0,"realTimeRanking":138,"votesPercentage":0.000013431872378718401},{"hasPage":true,"brokerage":20,"address":"TYy6xnc35LkyEuU9fJv4x89vkhLZim1yJv","blockReward":2236096,"lastCycleVotes":3089,"realTimeVotes":3089,"version":0,"url":"http://www.etherpoker.cc","producedTotal":69878,"witnessType":3,"producedEfficiency":99.64492991287236,"name":"EtherPoker","changeVotes":0,"lastCycleVotesPercentage":0.000012739489899511065,"lastRanking":139,"change_cycle":0,"realTimeRanking":139,"votesPercentage":0.000012739040152858809},{"hasPage":false,"brokerage":20,"address":"TVDmPWGYxgi5DNeW8hXrzrhY8Y6zgxPNg4","blockReward":1720448,"lastCycleVotes":3050,"realTimeVotes":3050,"version":0,"url":"http://TronGr2.com","producedTotal":53764,"witnessType":3,"producedEfficiency":99.99628017706357,"name":"","changeVotes":0,"lastCycleVotesPercentage":0.000012578648168827693,"lastRanking":140,"change_cycle":0,"realTimeRanking":140,"votesPercentage":0.000012578204100427118},{"hasPage":true,"brokerage":20,"address":"TGgF85TNinitZZ1zTf1bKbUyTByAxHLd7G","blockReward":0,"lastCycleVotes":2926,"realTimeVotes":2926,"version":0,"url":"https://t.me/joinchat/F5QrYU9C8y-nAN2w0M327Q","producedTotal":0,"witnessType":3,"producedEfficiency":0.0,"name":"HOLDTRON","changeVotes":0,"lastCycleVotesPercentage":0.000012067253948193388,"lastRanking":141,"change_cycle":0,"realTimeRanking":141,"votesPercentage":0.000012066827933721228},{"hasPage":false,"brokerage":20,"address":"TDarXEG2rAD57oa7JTK785Yb2Et32UzY32","blockReward":1720704,"lastCycleVotes":2731,"realTimeVotes":2731,"version":0,"url":"http://TronGr4.com","producedTotal":53772,"witnessType":3,"producedEfficiency":100.0,"name":"","changeVotes":0,"lastCycleVotesPercentage":0.000011263045294776534,"lastRanking":142,"change_cycle":0,"realTimeRanking":142,"votesPercentage":0.000011262647671562774},{"hasPage":true,"brokerage":100,"address":"TMXamLGmArfCEFoVXbrvbyXpzMT2Tq1FBy","blockReward":0,"lastCycleVotes":2453,"realTimeVotes":2453,"version":0,"url":"Change Your Vote From This SR Position, To Our New SR Position: \"DEXExchange-DEXCOIN\"","producedTotal":0,"witnessType":3,"producedEfficiency":0.0,"name":"DEXExchange-DEXCOIN-XDEX","changeVotes":0,"lastCycleVotesPercentage":0.000010116532445289945,"lastRanking":143,"change_cycle":0,"realTimeRanking":143,"votesPercentage":0.000010116175297818924},{"hasPage":false,"brokerage":20,"address":"TWm3id3mrQ42guf7c4oVpYExyTYnEGy3JL","blockReward":1532928,"lastCycleVotes":2452,"realTimeVotes":2452,"version":0,"url":"http://TronGr9.com","producedTotal":47904,"witnessType":3,"producedEfficiency":100.0,"name":"","changeVotes":0,"lastCycleVotesPercentage":0.000010112408298349346,"lastRanking":144,"change_cycle":0,"realTimeRanking":144,"votesPercentage":0.000010112051296474522},{"hasPage":false,"brokerage":20,"address":"TEuVwDCt4qGehQTg7DJEC1EsJHpTkWHhqJ","blockReward":0,"lastCycleVotes":2042,"realTimeVotes":2042,"version":0,"url":"http://www.meg4tron.com/","producedTotal":0,"witnessType":3,"producedEfficiency":0.0,"name":"MEG4TRON","changeVotes":0,"lastCycleVotesPercentage":0.000008421508052703656,"lastRanking":145,"change_cycle":0,"realTimeRanking":145,"votesPercentage":0.000008421210745269566},{"hasPage":true,"brokerage":20,"address":"TRLnLri5w7q9VigSeTJEjog4RuVtwoqvCr","blockReward":0,"lastCycleVotes":2001,"realTimeVotes":2001,"version":0,"url":"https://mdt.co","producedTotal":0,"witnessType":3,"producedEfficiency":0.0,"name":"","changeVotes":0,"lastCycleVotesPercentage":0.000008252418028139087,"lastRanking":146,"change_cycle":0,"realTimeRanking":146,"votesPercentage":0.000008252126690149069},{"hasPage":false,"brokerage":20,"address":"TEEzguTtCihbRPfjf1CvW8Euxz1kKuvtR9","blockReward":867744,"lastCycleVotes":1839,"realTimeVotes":1839,"version":0,"url":"http://TronGr14.com","producedTotal":27117,"witnessType":3,"producedEfficiency":100.0,"name":"","changeVotes":0,"lastCycleVotesPercentage":0.000007584306223762008,"lastRanking":147,"change_cycle":0,"realTimeRanking":147,"votesPercentage":0.0000075840384723558914},{"hasPage":false,"brokerage":20,"address":"TRMP6SKeFUt5NtMLzJv8kdpYuHRnEGjGfe","blockReward":594272,"lastCycleVotes":1626,"realTimeVotes":1626,"version":0,"url":"http://TronGr25.com","producedTotal":18571,"witnessType":3,"producedEfficiency":99.9408029275643,"name":"","changeVotes":0,"lastCycleVotesPercentage":0.000006705862925414371,"lastRanking":149,"change_cycle":1,"realTimeRanking":148,"votesPercentage":0.000006705626185998195},{"hasPage":false,"brokerage":20,"address":"TSkXBuJBsnjdVFADqU2CsmD6YaCuxN7AHe","blockReward":0,"lastCycleVotes":1589,"realTimeVotes":1589,"version":0,"url":"https://antpool.com","producedTotal":0,"witnessType":3,"producedEfficiency":0.0,"name":"","changeVotes":0,"lastCycleVotesPercentage":0.000006553269488612198,"lastRanking":150,"change_cycle":1,"realTimeRanking":149,"votesPercentage":0.0000065530381362553085},{"hasPage":false,"brokerage":100,"address":"TRE6JANcQBfmXTDooRyStoALZNWvEgNpsE","blockReward":3271712,"lastCycleVotes":1643,"realTimeVotes":1543,"version":0,"url":" ","producedTotal":102241,"witnessType":3,"producedEfficiency":99.58506628225233,"name":"Tronbite","changeVotes":-100,"lastCycleVotesPercentage":0.000006775973423404557,"lastRanking":148,"change_cycle":-2,"realTimeRanking":150,"votesPercentage":0.000006363334074412802},{"hasPage":false,"brokerage":20,"address":"TEVAq8dmSQyTYK7uP1ZnZpa6MBVR83GsV6","blockReward":611680,"lastCycleVotes":1525,"realTimeVotes":1525,"version":0,"url":"http://TronGr23.com","producedTotal":19115,"witnessType":3,"producedEfficiency":100.0,"name":"","changeVotes":0,"lastCycleVotesPercentage":0.0000062893240844138465,"lastRanking":151,"change_cycle":0,"realTimeRanking":151,"votesPercentage":0.000006289102050213559},{"hasPage":false,"brokerage":20,"address":"TAa14iLEKPAetX49mzaxZmH6saRxcX7dT5","blockReward":910368,"lastCycleVotes":1501,"realTimeVotes":1501,"version":0,"url":"http://TronGr21.com","producedTotal":28449,"witnessType":3,"producedEfficiency":100.0,"name":"","changeVotes":0,"lastCycleVotesPercentage":0.000006190344557839464,"lastRanking":152,"change_cycle":0,"realTimeRanking":152,"votesPercentage":0.000006190126017947903},{"hasPage":true,"brokerage":20,"address":"TDEhi48MepJYzdb2XfEKe294prSiMssmTx","blockReward":0,"lastCycleVotes":1405,"realTimeVotes":1405,"version":0,"url":"http://www.trongalaxy.io","producedTotal":0,"witnessType":3,"producedEfficiency":0.0,"name":"trongalaxy","changeVotes":0,"lastCycleVotesPercentage":0.000005794426451541937,"lastRanking":153,"change_cycle":0,"realTimeRanking":153,"votesPercentage":0.000005794221888885279},{"hasPage":true,"brokerage":20,"address":"TBzaVm3e3QmoaG5xjR98DNqZE9bYwqgZcg","blockReward":0,"lastCycleVotes":1370,"realTimeVotes":1370,"version":0,"url":"https://trx.bitcoingod.org","producedTotal":0,"witnessType":3,"producedEfficiency":0.0,"name":"BitcoinGOD","changeVotes":0,"lastCycleVotesPercentage":0.000005650081308620964,"lastRanking":154,"change_cycle":0,"realTimeRanking":154,"votesPercentage":0.000005649881841831197},{"hasPage":true,"brokerage":20,"address":"TVsofxarmK6TYPzF7QkYsKxUhYtKFzrsRW","blockReward":0,"lastCycleVotes":1357,"realTimeVotes":1357,"version":0,"url":"https://coinhe.io","producedTotal":0,"witnessType":3,"producedEfficiency":0.0,"name":"COINHEIO","changeVotes":0,"lastCycleVotesPercentage":0.000005596467398393174,"lastRanking":155,"change_cycle":0,"realTimeRanking":155,"votesPercentage":0.0000055962698243539665},{"hasPage":true,"brokerage":20,"address":"TFuWG1FeQ3CXTsXnuydHahy3JsZZy11w5M","blockReward":0,"lastCycleVotes":1312,"realTimeVotes":1312,"version":0,"url":"https://globalricetoken.wixsite.com/grttoken","producedTotal":0,"witnessType":3,"producedEfficiency":0.0,"name":"Lucky2019YearOfThePig","changeVotes":0,"lastCycleVotesPercentage":0.000005410880786066208,"lastRanking":156,"change_cycle":0,"realTimeRanking":156,"votesPercentage":0.0000054106897638558615},{"hasPage":false,"brokerage":97,"address":"TJz3YaEaeceU3qhsanaomQp9oomR2Rbecf","blockReward":0,"lastCycleVotes":1222,"realTimeVotes":1222,"version":0,"url":"www.tronixglobal.com","producedTotal":0,"witnessType":3,"producedEfficiency":0.0,"name":"Tronix_Global","changeVotes":0,"lastCycleVotesPercentage":0.0000050397075614122755,"lastRanking":157,"change_cycle":0,"realTimeRanking":157,"votesPercentage":0.0000050395296428596516},{"hasPage":false,"brokerage":20,"address":"TDbNE1VajxjpgM5p7FyGNDASt3UVoFbiD3","blockReward":790752,"lastCycleVotes":1214,"realTimeVotes":1214,"version":0,"url":"http://TronGr26.com","producedTotal":24711,"witnessType":3,"producedEfficiency":100.0,"name":"","changeVotes":0,"lastCycleVotesPercentage":0.000005006714385887481,"lastRanking":158,"change_cycle":0,"realTimeRanking":158,"votesPercentage":0.000005006537632104434},{"hasPage":true,"brokerage":100,"address":"TTyNZXwUjF9g8us4HUgEXMvNuzRkcvopbL","blockReward":0,"lastCycleVotes":1176,"realTimeVotes":1176,"version":0,"url":"http://tronbitcoin.io","producedTotal":0,"witnessType":3,"producedEfficiency":0.0,"name":"TRONBITCOIN","changeVotes":0,"lastCycleVotesPercentage":0.000004849996802144711,"lastRanking":159,"change_cycle":0,"realTimeRanking":159,"votesPercentage":0.000004849825581017144},{"hasPage":false,"brokerage":20,"address":"TNi5gk1xVLR3QddJ5t6ReraYed63WjWGPj","blockReward":0,"lastCycleVotes":1158,"realTimeVotes":1158,"version":0,"url":"ffgtrgh","producedTotal":0,"witnessType":3,"producedEfficiency":0.0,"name":"smoksolutios","changeVotes":0,"lastCycleVotesPercentage":0.000004775762157213924,"lastRanking":160,"change_cycle":0,"realTimeRanking":160,"votesPercentage":0.000004775593556817902},{"hasPage":false,"brokerage":20,"address":"TBWMoK75hMmjRUtDrEEweA7g8nkSPUzDjG","blockReward":0,"lastCycleVotes":1087,"realTimeVotes":1087,"version":0,"url":"http://www.ocoins.cc/","producedTotal":0,"witnessType":3,"producedEfficiency":0.0,"name":"","changeVotes":0,"lastCycleVotesPercentage":0.0000044829477244313776,"lastRanking":161,"change_cycle":0,"realTimeRanking":161,"votesPercentage":0.000004482789461365337},{"hasPage":false,"brokerage":20,"address":"TQ4EtNraCeAh4xkw7xLGiWZMbtMtbBv7Bj","blockReward":0,"lastCycleVotes":1078,"realTimeVotes":1078,"version":0,"url":"https://trontx.com","producedTotal":0,"witnessType":3,"producedEfficiency":0.0,"name":"TronTexas","changeVotes":0,"lastCycleVotesPercentage":0.000004445830401965985,"lastRanking":162,"change_cycle":0,"realTimeRanking":162,"votesPercentage":0.000004445673449265716},{"hasPage":false,"brokerage":20,"address":"TCvwc3FV3ssq2rD82rMmjhT4PVXYTsFcKV","blockReward":841536,"lastCycleVotes":1000,"realTimeVotes":1000,"version":0,"url":"http://TronGr10.com","producedTotal":26298,"witnessType":3,"producedEfficiency":100.0,"name":"","changeVotes":0,"lastCycleVotesPercentage":0.000004124146940599244,"lastRanking":163,"change_cycle":0,"realTimeRanking":163,"votesPercentage":0.0000041240013444023335},{"hasPage":false,"brokerage":20,"address":"TGXRA72hwr47NDezgfSqhBJczxsYFQcK2H","blockReward":0,"lastCycleVotes":877,"realTimeVotes":877,"version":0,"url":"http://VeganIS.ME/","producedTotal":0,"witnessType":3,"producedEfficiency":0.0,"name":"","changeVotes":0,"lastCycleVotesPercentage":0.000003616876866905537,"lastRanking":164,"change_cycle":0,"realTimeRanking":164,"votesPercentage":0.0000036167491790408467},{"hasPage":false,"brokerage":20,"address":"TTTZFEVSxpZ8gVHwJVs6yhzBuN4xbHuoES","blockReward":0,"lastCycleVotes":876,"realTimeVotes":876,"version":0,"url":"www.tbd.com","producedTotal":0,"witnessType":3,"producedEfficiency":0.0,"name":"--BANK--","changeVotes":0,"lastCycleVotesPercentage":0.0000036127527199649375,"lastRanking":165,"change_cycle":0,"realTimeRanking":165,"votesPercentage":0.000003612625177696444},{"hasPage":false,"brokerage":15,"address":"THWeUoi3HYEnLDXigeyejjFSFAMaAJGnDU","blockReward":0,"lastCycleVotes":864,"realTimeVotes":864,"version":0,"url":"VoteTronicStorm","producedTotal":0,"witnessType":3,"producedEfficiency":0.0,"name":"TronicStorm","changeVotes":0,"lastCycleVotesPercentage":0.0000035632629566777468,"lastRanking":166,"change_cycle":0,"realTimeRanking":166,"votesPercentage":0.0000035631371615636164},{"hasPage":false,"brokerage":100,"address":"TUHkTGbNAYWVbJ8WCcUJj66ui1nrFd9k2m","blockReward":0,"lastCycleVotes":844,"realTimeVotes":844,"version":0,"url":"https://huxlium.org","producedTotal":0,"witnessType":3,"producedEfficiency":0.0,"name":"Huxliumworkforce","changeVotes":0,"lastCycleVotesPercentage":0.0000034807800178657617,"lastRanking":167,"change_cycle":0,"realTimeRanking":167,"votesPercentage":0.0000034806571346755695},{"hasPage":true,"brokerage":20,"address":"TGK8YYb9bJVnkw2hRFG1FyNVvXuqkWB4VD","blockReward":0,"lastCycleVotes":804,"realTimeVotes":804,"version":0,"url":"https://trongameglobal.network","producedTotal":0,"witnessType":3,"producedEfficiency":0.0,"name":"TronGameGlobal","changeVotes":0,"lastCycleVotesPercentage":0.000003315814140241792,"lastRanking":168,"change_cycle":0,"realTimeRanking":168,"votesPercentage":0.0000033156970808994764},{"hasPage":false,"brokerage":20,"address":"TQq5ynrFUoDt338dXSWM4abFfF8YQ1PysX","blockReward":0,"lastCycleVotes":752,"realTimeVotes":752,"version":0,"url":"https://www.trxkings.com","producedTotal":0,"witnessType":3,"producedEfficiency":0.0,"name":"TRXKings","changeVotes":0,"lastCycleVotesPercentage":0.0000031013584993306317,"lastRanking":169,"change_cycle":0,"realTimeRanking":169,"votesPercentage":0.000003101249010990555},{"hasPage":true,"brokerage":20,"address":"TQNCne1UuKFmihsHjzebNSob7nS9xk9JNL","blockReward":0,"lastCycleVotes":750,"realTimeVotes":750,"version":0,"url":"https://TRXGUARDIAN.ORG","producedTotal":0,"witnessType":3,"producedEfficiency":0.0,"name":"","changeVotes":0,"lastCycleVotesPercentage":0.000003093110205449433,"lastRanking":170,"change_cycle":0,"realTimeRanking":170,"votesPercentage":0.0000030930010083017505},{"hasPage":true,"brokerage":20,"address":"TYEYCoYyKdH2zekWo7fy77sALpQJmSTixr","blockReward":0,"lastCycleVotes":652,"realTimeVotes":652,"version":0,"url":"http://www.dagbvi.com","producedTotal":0,"witnessType":3,"producedEfficiency":0.0,"name":"Tron-DAG","changeVotes":0,"lastCycleVotesPercentage":0.000002688943805270707,"lastRanking":171,"change_cycle":0,"realTimeRanking":171,"votesPercentage":0.000002688848876550322},{"hasPage":false,"brokerage":20,"address":"TG6Nn9pnTv6XLKqoda1CHpaEYYFfyLS9T6","blockReward":0,"lastCycleVotes":645,"realTimeVotes":645,"version":0,"url":"http://jdi.group","producedTotal":0,"witnessType":3,"producedEfficiency":0.0,"name":"JDI-Venture","changeVotes":0,"lastCycleVotesPercentage":0.000002660074776686512,"lastRanking":172,"change_cycle":0,"realTimeRanking":172,"votesPercentage":0.000002659980867139505},{"hasPage":false,"brokerage":20,"address":"TEbYtf3gRudzLGEGhfqxkVuUWsNAqmjCLi","blockReward":0,"lastCycleVotes":640,"realTimeVotes":640,"version":0,"url":"https://www.robocoinexchange.com","producedTotal":0,"witnessType":3,"producedEfficiency":0.0,"name":"RoboCoin","changeVotes":0,"lastCycleVotesPercentage":0.000002639454041983516,"lastRanking":173,"change_cycle":0,"realTimeRanking":173,"votesPercentage":0.0000026393608604174936},{"hasPage":true,"brokerage":20,"address":"TFsgyrtVwUFdc5uZSprhyBJNQzpuoMXjwC","blockReward":0,"lastCycleVotes":621,"realTimeVotes":621,"version":0,"url":"https://tronkh.org","producedTotal":0,"witnessType":3,"producedEfficiency":0.0,"name":"TRONCAMBODIA","changeVotes":0,"lastCycleVotesPercentage":0.0000025610952501121305,"lastRanking":174,"change_cycle":0,"realTimeRanking":174,"votesPercentage":0.0000025610048348738493},{"hasPage":false,"brokerage":20,"address":"TC1ZCj9Ne3j5v3TLx5ZCDLD55MU9g3XqQW","blockReward":1533120,"lastCycleVotes":611,"realTimeVotes":611,"version":0,"url":"http://TronGr8.com","producedTotal":47910,"witnessType":3,"producedEfficiency":99.99791279664377,"name":"","changeVotes":0,"lastCycleVotesPercentage":0.0000025198537807061378,"lastRanking":175,"change_cycle":0,"realTimeRanking":175,"votesPercentage":0.0000025197648214298258},{"hasPage":false,"brokerage":20,"address":"TGZdwPPqsR3B9JghJryozpBtZz3kbDEjGM","blockReward":0,"lastCycleVotes":600,"realTimeVotes":600,"version":0,"url":"https://DoNotVote-Not-Active-SR","producedTotal":0,"witnessType":3,"producedEfficiency":0.0,"name":"MyTronScan-FullNode","changeVotes":0,"lastCycleVotesPercentage":0.000002474488164359546,"lastRanking":176,"change_cycle":0,"realTimeRanking":176,"votesPercentage":0.0000024744008066414},{"hasPage":false,"brokerage":20,"address":"TDpzrQUkUuMBsx67HXByZZNT6u9PUvbifE","blockReward":0,"lastCycleVotes":600,"realTimeVotes":600,"version":0,"url":"http://www.linkvc.com/","producedTotal":0,"witnessType":3,"producedEfficiency":0.0,"name":"","changeVotes":0,"lastCycleVotesPercentage":0.000002474488164359546,"lastRanking":177,"change_cycle":0,"realTimeRanking":177,"votesPercentage":0.0000024744008066414},{"hasPage":false,"brokerage":20,"address":"TDGAnbNhYA1dsbPSF2RBNEu1fz4c2vRWbU","blockReward":0,"lastCycleVotes":580,"realTimeVotes":580,"version":0,"url":"https://www.museprotocol.com","producedTotal":0,"witnessType":3,"producedEfficiency":0.0,"name":"Muse_Incorporated","changeVotes":0,"lastCycleVotesPercentage":0.0000023920052255475614,"lastRanking":178,"change_cycle":0,"realTimeRanking":178,"votesPercentage":0.0000023919207797533532},{"hasPage":false,"brokerage":20,"address":"TBYsHxDmFaRmfCF3jZNmgeJE8sDnTNKHbz","blockReward":696736,"lastCycleVotes":529,"realTimeVotes":529,"version":0,"url":"http://TronGr22.com","producedTotal":21773,"witnessType":3,"producedEfficiency":100.0,"name":"","changeVotes":0,"lastCycleVotesPercentage":0.000002181673731577,"lastRanking":179,"change_cycle":0,"realTimeRanking":179,"votesPercentage":0.0000021815967111888346},{"hasPage":false,"brokerage":20,"address":"TTxt1K49riY6FvAkk84xJzBEBPtMbFa85M","blockReward":0,"lastCycleVotes":513,"realTimeVotes":513,"version":0,"url":"https://global.bittrex.com/","producedTotal":0,"witnessType":3,"producedEfficiency":0.0,"name":"BittrexStaking","changeVotes":0,"lastCycleVotesPercentage":0.0000021156873805274117,"lastRanking":180,"change_cycle":0,"realTimeRanking":180,"votesPercentage":0.000002115612689678397},{"hasPage":false,"brokerage":20,"address":"TSeJtWDCowLuYnibVsZVr3N2U3ypVap5hG","blockReward":0,"lastCycleVotes":510,"realTimeVotes":510,"version":0,"url":"https://tronswap.io","producedTotal":0,"witnessType":3,"producedEfficiency":0.0,"name":"TronSwap","changeVotes":0,"lastCycleVotesPercentage":0.0000021033149397056144,"lastRanking":181,"change_cycle":0,"realTimeRanking":181,"votesPercentage":0.0000021032406856451902},{"hasPage":false,"brokerage":20,"address":"TNRKgJ6Le7xLsewFayFonaVhftxV5KNVnC","blockReward":0,"lastCycleVotes":505,"realTimeVotes":505,"version":0,"url":"http://www.tronium.net","producedTotal":0,"witnessType":3,"producedEfficiency":0.0,"name":"TRONIUM-SR","changeVotes":0,"lastCycleVotesPercentage":0.0000020826942050026178,"lastRanking":182,"change_cycle":0,"realTimeRanking":182,"votesPercentage":0.0000020826206789231787},{"hasPage":false,"brokerage":20,"address":"TJuRfL3tRdSQvVPKDXi6FRivcbZpsbz7AD","blockReward":0,"lastCycleVotes":502,"realTimeVotes":502,"version":0,"url":"http://www.apexinformatics.com","producedTotal":0,"witnessType":3,"producedEfficiency":0.0,"name":"ApexInformatics","changeVotes":0,"lastCycleVotesPercentage":0.0000020703217641808204,"lastRanking":183,"change_cycle":0,"realTimeRanking":183,"votesPercentage":0.0000020702486748899714},{"hasPage":true,"brokerage":20,"address":"TKEppdcqcY73hgeL9ogta6ZoXR1jfzA2gV","blockReward":0,"lastCycleVotes":501,"realTimeVotes":501,"version":0,"url":"http://d2fapp.com","producedTotal":0,"witnessType":3,"producedEfficiency":0.0,"name":"","changeVotes":0,"lastCycleVotesPercentage":0.000002066197617240221,"lastRanking":184,"change_cycle":0,"realTimeRanking":184,"votesPercentage":0.000002066124673545569},{"hasPage":true,"brokerage":20,"address":"TRni6NxF8CQVcywcDm67sEpCYCo7BUGXCD","blockReward":0,"lastCycleVotes":498,"realTimeVotes":498,"version":0,"url":"https://youtu.be/pWhw_NjVV68","producedTotal":0,"witnessType":3,"producedEfficiency":0.0,"name":"FreeSpace","changeVotes":0,"lastCycleVotesPercentage":0.0000020538251764184233,"lastRanking":185,"change_cycle":0,"realTimeRanking":185,"votesPercentage":0.0000020537526695123625},{"hasPage":false,"brokerage":20,"address":"TJE3hXDseyEgwv31QzysrNBJyDjEhVDBVQ","blockReward":0,"lastCycleVotes":407,"realTimeVotes":407,"version":0,"url":"Https://www.numeriuno.eu","producedTotal":0,"witnessType":3,"producedEfficiency":0.0,"name":"PRESIDENT","changeVotes":0,"lastCycleVotesPercentage":0.000001678527804823892,"lastRanking":186,"change_cycle":0,"realTimeRanking":186,"votesPercentage":0.00000167846854717175},{"hasPage":true,"brokerage":20,"address":"TZ2iD3EW2fGSkez7zZXEo7VwXhQPPXRkVR","blockReward":0,"lastCycleVotes":362,"realTimeVotes":362,"version":0,"url":"http://bit.ly/libertytron","producedTotal":0,"witnessType":3,"producedEfficiency":0.0,"name":"rewards-for-all-not-just-for-SR","changeVotes":0,"lastCycleVotesPercentage":0.0000014929411924969261,"lastRanking":187,"change_cycle":0,"realTimeRanking":187,"votesPercentage":0.000001492888486673645},{"hasPage":false,"brokerage":20,"address":"TLCjmH6SqGK8twZ9XrBDWpBbfyvEXihhNS","blockReward":782336,"lastCycleVotes":340,"realTimeVotes":340,"version":0,"url":"http://TronGr13.com","producedTotal":24448,"witnessType":3,"producedEfficiency":100.0,"name":"","changeVotes":0,"lastCycleVotesPercentage":0.000001402209959803743,"lastRanking":188,"change_cycle":0,"realTimeRanking":188,"votesPercentage":0.0000014021604570967933},{"hasPage":false,"brokerage":20,"address":"TLTDZBcPoJ8tZ6TTEeEqEvwYFk2wgotSfD","blockReward":986816,"lastCycleVotes":315,"realTimeVotes":315,"version":0,"url":"http://TronGr27.com","producedTotal":30838,"witnessType":3,"producedEfficiency":100.0,"name":"","changeVotes":0,"lastCycleVotesPercentage":0.0000012991062862887617,"lastRanking":189,"change_cycle":0,"realTimeRanking":189,"votesPercentage":0.000001299060423486735},{"hasPage":false,"brokerage":20,"address":"TDirsgwgL8i95nzQqyPZ6XuHv9jvJQfTmF","blockReward":0,"lastCycleVotes":300,"realTimeVotes":300,"version":0,"url":"http://hqn.vn","producedTotal":0,"witnessType":3,"producedEfficiency":0.0,"name":"vongabau","changeVotes":0,"lastCycleVotesPercentage":0.000001237244082179773,"lastRanking":190,"change_cycle":0,"realTimeRanking":190,"votesPercentage":0.0000012372004033207},{"hasPage":true,"brokerage":20,"address":"TNaMNHgtqS763tXwbzGDRhn5qUL9RwfcTn","blockReward":0,"lastCycleVotes":300,"realTimeVotes":300,"version":0,"url":"https://tronix.international/","producedTotal":0,"witnessType":3,"producedEfficiency":0.0,"name":"TronixInternational","changeVotes":0,"lastCycleVotesPercentage":0.000001237244082179773,"lastRanking":191,"change_cycle":0,"realTimeRanking":191,"votesPercentage":0.0000012372004033207},{"hasPage":false,"brokerage":20,"address":"TNfqpGrR3v4bQo8jemVyEpiUGFipQxj8sH","blockReward":0,"lastCycleVotes":250,"realTimeVotes":250,"version":0,"url":"www.dtroynx.com","producedTotal":0,"witnessType":3,"producedEfficiency":0.0,"name":"TheProphet","changeVotes":0,"lastCycleVotesPercentage":0.000001031036735149811,"lastRanking":192,"change_cycle":0,"realTimeRanking":192,"votesPercentage":0.0000010310003361005834},{"hasPage":true,"brokerage":100,"address":"TTDY8aQQizYCHA7qdmgtLgPNEe2YWEfPZa","blockReward":571200,"lastCycleVotes":200,"realTimeVotes":200,"version":0,"url":"https://www.teamx.com","producedTotal":17850,"witnessType":3,"producedEfficiency":99.98879677347075,"name":"TEAMX-SR","changeVotes":0,"lastCycleVotesPercentage":8.248293881198487E-7,"lastRanking":193,"change_cycle":0,"realTimeRanking":193,"votesPercentage":8.248002688804668E-7},{"hasPage":true,"brokerage":20,"address":"TMNUDeyr6ZEW8vHAUnaKi2Bbgi14TPq63q","blockReward":0,"lastCycleVotes":167,"realTimeVotes":167,"version":0,"url":"https://cobo.com","producedTotal":0,"witnessType":3,"producedEfficiency":0.0,"name":"","changeVotes":0,"lastCycleVotesPercentage":6.887325390800737E-7,"lastRanking":194,"change_cycle":0,"realTimeRanking":194,"votesPercentage":6.887082245151897E-7},{"hasPage":false,"brokerage":100,"address":"TA5Ub5djuEe8naTMxyXyRoKjemqFiE3RmC","blockReward":0,"lastCycleVotes":163,"realTimeVotes":163,"version":0,"url":"https://firekraken.media","producedTotal":0,"witnessType":3,"producedEfficiency":0.0,"name":"FireKrakenMedia","changeVotes":0,"lastCycleVotesPercentage":6.722359513176767E-7,"lastRanking":195,"change_cycle":0,"realTimeRanking":195,"votesPercentage":6.722122191375804E-7},{"hasPage":true,"brokerage":20,"address":"TX9nw7PXpGHLqRNMWmj8izyNvzy7JU5qXi","blockReward":0,"lastCycleVotes":159,"realTimeVotes":159,"version":0,"url":"http://www.troncenter.com","producedTotal":0,"witnessType":3,"producedEfficiency":0.0,"name":"TronCenter","changeVotes":0,"lastCycleVotesPercentage":6.557393635552797E-7,"lastRanking":196,"change_cycle":0,"realTimeRanking":196,"votesPercentage":6.557162137599711E-7},{"hasPage":true,"brokerage":20,"address":"TSQ8c97uCRG5ZugLDZ8jdbhtktNLgh6f26","blockReward":0,"lastCycleVotes":140,"realTimeVotes":140,"version":0,"url":" ","producedTotal":0,"witnessType":3,"producedEfficiency":0.0,"name":"AurumCryptoCompany","changeVotes":0,"lastCycleVotesPercentage":5.773805716838941E-7,"lastRanking":197,"change_cycle":0,"realTimeRanking":197,"votesPercentage":5.773601882163267E-7},{"hasPage":false,"brokerage":20,"address":"TZHvwiw9cehbMxrtTbmAexm9oPo4eFFvLS","blockReward":816512,"lastCycleVotes":125,"realTimeVotes":125,"version":0,"url":"http://TronGr15.com","producedTotal":25516,"witnessType":3,"producedEfficiency":100.0,"name":"","changeVotes":0,"lastCycleVotesPercentage":5.155183675749055E-7,"lastRanking":198,"change_cycle":0,"realTimeRanking":198,"votesPercentage":5.155001680502917E-7},{"hasPage":false,"brokerage":100,"address":"TAEw4zwwYMiDcWFC9xQrLP9moMi34YAZbz","blockReward":0,"lastCycleVotes":114,"realTimeVotes":114,"version":0,"url":"http://imcash.io","producedTotal":0,"witnessType":3,"producedEfficiency":0.0,"name":"","changeVotes":0,"lastCycleVotesPercentage":4.701527512283138E-7,"lastRanking":199,"change_cycle":0,"realTimeRanking":199,"votesPercentage":4.7013615326186603E-7},{"hasPage":false,"brokerage":20,"address":"TK1Q72E87K9T8evFW2ucBGByf96WEbX777","blockReward":0,"lastCycleVotes":107,"realTimeVotes":107,"version":0,"url":"https://molotovlab.com","producedTotal":0,"witnessType":3,"producedEfficiency":0.0,"name":"MolotovLab","changeVotes":0,"lastCycleVotesPercentage":4.4128372264411905E-7,"lastRanking":201,"change_cycle":1,"realTimeRanking":200,"votesPercentage":4.4126814385104965E-7},{"hasPage":false,"brokerage":20,"address":"TSeU7Sa22kRVo2gUSt47S6PiW8NRktPt8o","blockReward":0,"lastCycleVotes":106,"realTimeVotes":106,"version":0,"url":"https://a4oo.ml","producedTotal":0,"witnessType":3,"producedEfficiency":0.0,"name":"a4ooooooo","changeVotes":0,"lastCycleVotesPercentage":4.371595757035198E-7,"lastRanking":202,"change_cycle":1,"realTimeRanking":201,"votesPercentage":4.3714414250664736E-7},{"hasPage":false,"brokerage":20,"address":"TVMC8C7Y4f4ABr48PJencVdunVVB4XUW96","blockReward":0,"lastCycleVotes":106,"realTimeVotes":106,"version":0,"url":"https://dootron.com/en/home","producedTotal":0,"witnessType":3,"producedEfficiency":0.0,"name":"","changeVotes":0,"lastCycleVotesPercentage":4.371595757035198E-7,"lastRanking":203,"change_cycle":1,"realTimeRanking":202,"votesPercentage":4.3714414250664736E-7},{"hasPage":false,"brokerage":20,"address":"TZBABURn1nNxw63QiezbTvhRPmFjomSz2Q","blockReward":0,"lastCycleVotes":105,"realTimeVotes":105,"version":0,"url":"https://cryptotalkers.com","producedTotal":0,"witnessType":3,"producedEfficiency":0.0,"name":"RB-Main-L","changeVotes":0,"lastCycleVotesPercentage":4.3303542876292057E-7,"lastRanking":204,"change_cycle":1,"realTimeRanking":203,"votesPercentage":4.33020141162245E-7},{"hasPage":false,"brokerage":20,"address":"TAmFfS4Tmm8yKeoqZN8x51ASwdQBdnVizt","blockReward":1174720,"lastCycleVotes":103,"realTimeVotes":103,"version":0,"url":"http://TronGr5.com","producedTotal":36710,"witnessType":3,"producedEfficiency":100.0,"name":"","changeVotes":0,"lastCycleVotesPercentage":4.247871348817221E-7,"lastRanking":205,"change_cycle":1,"realTimeRanking":204,"votesPercentage":4.247721384734404E-7},{"hasPage":false,"brokerage":20,"address":"TWKZN1JJPFydd5rMgMCV5aZTSiwmoksSZv","blockReward":807904,"lastCycleVotes":102,"realTimeVotes":102,"version":0,"url":"http://TronGr3.com","producedTotal":25247,"witnessType":3,"producedEfficiency":100.0,"name":"","changeVotes":0,"lastCycleVotesPercentage":4.2066298794112284E-7,"lastRanking":206,"change_cycle":1,"realTimeRanking":205,"votesPercentage":4.20648137129038E-7},{"hasPage":false,"brokerage":20,"address":"TGqFJPFiEqdZx52ZR4QcKHz4Zr3QXA24VL","blockReward":1123616,"lastCycleVotes":101,"realTimeVotes":101,"version":0,"url":"http://TronGr7.com","producedTotal":35113,"witnessType":3,"producedEfficiency":100.0,"name":"","changeVotes":0,"lastCycleVotesPercentage":4.165388410005236E-7,"lastRanking":207,"change_cycle":1,"realTimeRanking":206,"votesPercentage":4.165241357846357E-7},{"hasPage":false,"brokerage":100,"address":"TAhXnVYaAKx6xa8E6JeASR5SrGXHSeyqaL","blockReward":0,"lastCycleVotes":100,"realTimeVotes":100,"version":0,"url":"https://rinzler.eu","producedTotal":0,"witnessType":3,"producedEfficiency":0.0,"name":"RinzlerSR","changeVotes":0,"lastCycleVotesPercentage":4.1241469405992436E-7,"lastRanking":208,"change_cycle":1,"realTimeRanking":207,"votesPercentage":4.124001344402334E-7},{"hasPage":true,"brokerage":20,"address":"THyFzhbcfWw2CJa4eAaHRCst3d5hnyqXLL","blockReward":0,"lastCycleVotes":100,"realTimeVotes":100,"version":0,"url":"https://www.livenodes.network/","producedTotal":0,"witnessType":3,"producedEfficiency":0.0,"name":"LivenodesNetwork","changeVotes":0,"lastCycleVotesPercentage":4.1241469405992436E-7,"lastRanking":209,"change_cycle":1,"realTimeRanking":208,"votesPercentage":4.124001344402334E-7},{"hasPage":false,"brokerage":20,"address":"TPsQ4XsQEFwSWGr2Zae62kuo69MABA1cVU","blockReward":0,"lastCycleVotes":100,"realTimeVotes":100,"version":0,"url":"http://www.contactnetwork.fr/","producedTotal":0,"witnessType":3,"producedEfficiency":0.0,"name":"FedayKeen","changeVotes":0,"lastCycleVotesPercentage":4.1241469405992436E-7,"lastRanking":210,"change_cycle":1,"realTimeRanking":209,"votesPercentage":4.124001344402334E-7},{"hasPage":false,"brokerage":20,"address":"TSEHJbvpnevJP4zR3uTgXJ1toZ16bPz3uW","blockReward":0,"lastCycleVotes":97,"realTimeVotes":97,"version":0,"url":"https://zhizhu.top/","producedTotal":0,"witnessType":3,"producedEfficiency":0.0,"name":"","changeVotes":0,"lastCycleVotesPercentage":4.0004225323812663E-7,"lastRanking":211,"change_cycle":1,"realTimeRanking":210,"votesPercentage":4.0002813040702634E-7},{"hasPage":true,"brokerage":20,"address":"TL8rrg2ZNPHtpPFp3j2nwH9BLhN7qg32dh","blockReward":0,"lastCycleVotes":90,"realTimeVotes":90,"version":0,"url":"https://cobo.com","producedTotal":0,"witnessType":3,"producedEfficiency":0.0,"name":"","changeVotes":0,"lastCycleVotesPercentage":3.7117322465393194E-7,"lastRanking":212,"change_cycle":1,"realTimeRanking":211,"votesPercentage":3.7116012099621E-7},{"hasPage":false,"brokerage":20,"address":"TRAzTRvjfd7TCqfUkB1zJ6vMv7Y7F7puZr","blockReward":0,"lastCycleVotes":63,"realTimeVotes":63,"version":0,"url":"https://www.vena.network","producedTotal":0,"witnessType":3,"producedEfficiency":0.0,"name":"Vena_Family","changeVotes":0,"lastCycleVotesPercentage":2.5982125725775235E-7,"lastRanking":213,"change_cycle":1,"realTimeRanking":212,"votesPercentage":2.59812084697347E-7},{"hasPage":true,"brokerage":20,"address":"TPtryrrXSVT9cefs4wvL3ks2J5sr8PJLcg","blockReward":0,"lastCycleVotes":62,"realTimeVotes":62,"version":0,"url":"https://tronblock.co","producedTotal":0,"witnessType":3,"producedEfficiency":0.0,"name":"TronBlock","changeVotes":0,"lastCycleVotesPercentage":2.556971103171531E-7,"lastRanking":214,"change_cycle":1,"realTimeRanking":213,"votesPercentage":2.5568808335294467E-7},{"hasPage":true,"brokerage":20,"address":"TXSh73A7dwbQU3Navx5217hf9Yjp3QEGD1","blockReward":0,"lastCycleVotes":60,"realTimeVotes":60,"version":0,"url":"https://t.me/TronParty","producedTotal":0,"witnessType":3,"producedEfficiency":0.0,"name":"LUCKYGAMES","changeVotes":0,"lastCycleVotesPercentage":2.474488164359546E-7,"lastRanking":215,"change_cycle":1,"realTimeRanking":214,"votesPercentage":2.4744008066414003E-7},{"hasPage":true,"brokerage":20,"address":"TGMZpmGpx8KTGJc8NzBkEBnfzpWGp9Rar8","blockReward":0,"lastCycleVotes":60,"realTimeVotes":60,"version":0,"url":"http://www.nextgenius.com.au","producedTotal":0,"witnessType":3,"producedEfficiency":0.0,"name":"NextGenius","changeVotes":0,"lastCycleVotesPercentage":2.474488164359546E-7,"lastRanking":216,"change_cycle":1,"realTimeRanking":215,"votesPercentage":2.4744008066414003E-7},{"hasPage":false,"brokerage":20,"address":"TDo2qwRLEkTZCXzcotiEQLt2wLeTttKTnZ","blockReward":0,"lastCycleVotes":55,"realTimeVotes":55,"version":0,"url":"http://www.tron.school/","producedTotal":0,"witnessType":3,"producedEfficiency":0.0,"name":"TronSchool","changeVotes":0,"lastCycleVotesPercentage":2.2682808173295842E-7,"lastRanking":217,"change_cycle":1,"realTimeRanking":216,"votesPercentage":2.2682007394212835E-7},{"hasPage":false,"brokerage":20,"address":"TFkHXapDnFCq8Cw4LFUzM3cSe6EGnMb4pk","blockReward":0,"lastCycleVotes":54,"realTimeVotes":54,"version":0,"url":"https://atticlab.net","producedTotal":0,"witnessType":3,"producedEfficiency":0.0,"name":"","changeVotes":0,"lastCycleVotesPercentage":2.2270393479235917E-7,"lastRanking":218,"change_cycle":1,"realTimeRanking":217,"votesPercentage":2.2269607259772603E-7},{"hasPage":false,"brokerage":20,"address":"TXio2SKopbzwyZ5XPxfFwceBFFHDKjEvUZ","blockReward":0,"lastCycleVotes":53,"realTimeVotes":53,"version":0,"url":"www","producedTotal":0,"witnessType":3,"producedEfficiency":0.0,"name":"","changeVotes":0,"lastCycleVotesPercentage":2.185797878517599E-7,"lastRanking":219,"change_cycle":1,"realTimeRanking":218,"votesPercentage":2.1857207125332368E-7},{"hasPage":false,"brokerage":20,"address":"TQANnQ4DwspKuuF3BCvaukwXGHD4G36XGH","blockReward":0,"lastCycleVotes":52,"realTimeVotes":52,"version":0,"url":"https://mobile.twitter.com/busyblaze","producedTotal":0,"witnessType":3,"producedEfficiency":0.0,"name":"BlakeStorie","changeVotes":0,"lastCycleVotesPercentage":2.1445564091116066E-7,"lastRanking":220,"change_cycle":1,"realTimeRanking":219,"votesPercentage":2.1444806990892136E-7},{"hasPage":true,"brokerage":20,"address":"TCmubWCoL7cLA2VDkVn4WGWCT7nqcFavXX","blockReward":0,"lastCycleVotes":52,"realTimeVotes":52,"version":0,"url":"https://twitter.com/KaanKOZANn","producedTotal":0,"witnessType":3,"producedEfficiency":0.0,"name":"KaanKOZAN","changeVotes":0,"lastCycleVotesPercentage":2.1445564091116066E-7,"lastRanking":221,"change_cycle":1,"realTimeRanking":220,"votesPercentage":2.1444806990892136E-7},{"hasPage":true,"brokerage":20,"address":"TMofnVBZeuFTrkYAnQ54TDWNyMbrHzXkwy","blockReward":0,"lastCycleVotes":51,"realTimeVotes":51,"version":0,"url":"https://twitter.com/@brianjun09","producedTotal":0,"witnessType":3,"producedEfficiency":0.0,"name":"BrianJun_Web","changeVotes":0,"lastCycleVotesPercentage":2.1033149397056142E-7,"lastRanking":222,"change_cycle":1,"realTimeRanking":221,"votesPercentage":2.10324068564519E-7},{"hasPage":false,"brokerage":20,"address":"TFxanMr7ffV9YsbXcaSzA9Eja7AA318rha","blockReward":0,"lastCycleVotes":49,"realTimeVotes":49,"version":0,"url":"http://tronman.io/","producedTotal":0,"witnessType":3,"producedEfficiency":0.0,"name":"TRONMANkr","changeVotes":0,"lastCycleVotesPercentage":2.0208320008936294E-7,"lastRanking":223,"change_cycle":1,"realTimeRanking":222,"votesPercentage":2.0207606587571434E-7},{"hasPage":false,"brokerage":20,"address":"TLipnfPL5ajqYB9eqEJuaUBqr2jEG75X2B","blockReward":0,"lastCycleVotes":35,"realTimeVotes":35,"version":0,"url":"https://gconnect.io/","producedTotal":0,"witnessType":3,"producedEfficiency":0.0,"name":"","changeVotes":0,"lastCycleVotesPercentage":1.4434514292097352E-7,"lastRanking":224,"change_cycle":1,"realTimeRanking":223,"votesPercentage":1.4434004705408167E-7},{"hasPage":false,"brokerage":20,"address":"THpWeDXW422Suo5fNZtz1XU8kpPJ3jo4q1","blockReward":0,"lastCycleVotes":35,"realTimeVotes":35,"version":0,"url":"https://www.rightbtc.com","producedTotal":0,"witnessType":3,"producedEfficiency":0.0,"name":"","changeVotes":0,"lastCycleVotesPercentage":1.4434514292097352E-7,"lastRanking":225,"change_cycle":1,"realTimeRanking":224,"votesPercentage":1.4434004705408167E-7},{"hasPage":false,"brokerage":20,"address":"TTiAHqKadiLPVZjiKaAjHDXkq7sfEozQZr","blockReward":0,"lastCycleVotes":31,"realTimeVotes":31,"version":0,"url":"Can","producedTotal":0,"witnessType":3,"producedEfficiency":0.0,"name":"Cancancan","changeVotes":0,"lastCycleVotesPercentage":1.2784855515857655E-7,"lastRanking":226,"change_cycle":1,"realTimeRanking":225,"votesPercentage":1.2784404167647233E-7},{"hasPage":false,"brokerage":20,"address":"TPVMxXoci8SAoJMF1Xyqzethg4Qzoh51Z7","blockReward":0,"lastCycleVotes":30,"realTimeVotes":30,"version":0,"url":"https://www.facebook.com/sevo.nikolov","producedTotal":0,"witnessType":3,"producedEfficiency":0.0,"name":"SevoNikolovTRX","changeVotes":0,"lastCycleVotesPercentage":1.237244082179773E-7,"lastRanking":227,"change_cycle":1,"realTimeRanking":226,"votesPercentage":1.2372004033207001E-7},{"hasPage":false,"brokerage":100,"address":"TELjcuZeP3vCXjq2zvgLsi7dNQry6pDKn5","blockReward":0,"lastCycleVotes":30,"realTimeVotes":30,"version":0,"url":"http://the-crazy-once.de","producedTotal":0,"witnessType":3,"producedEfficiency":0.0,"name":"SteveJobs","changeVotes":0,"lastCycleVotesPercentage":1.237244082179773E-7,"lastRanking":228,"change_cycle":1,"realTimeRanking":227,"votesPercentage":1.2372004033207001E-7},{"hasPage":false,"brokerage":20,"address":"TGuS4RVh8wpQCtAdxij6pYSk9ur6J8fsmb","blockReward":0,"lastCycleVotes":27,"realTimeVotes":27,"version":0,"url":"http://he.capital/","producedTotal":0,"witnessType":3,"producedEfficiency":0.0,"name":"Happy_East_Capital","changeVotes":0,"lastCycleVotesPercentage":1.1135196739617959E-7,"lastRanking":229,"change_cycle":1,"realTimeRanking":228,"votesPercentage":1.1134803629886301E-7},{"hasPage":true,"brokerage":20,"address":"TU5Td1DnsL84aeoMXTm7HGW7Nt5kuxHoCs","blockReward":0,"lastCycleVotes":27,"realTimeVotes":27,"version":0,"url":"https://gsc.social","producedTotal":0,"witnessType":3,"producedEfficiency":0.0,"name":"GSC-GlobalSocialChain","changeVotes":0,"lastCycleVotesPercentage":1.1135196739617959E-7,"lastRanking":230,"change_cycle":1,"realTimeRanking":229,"votesPercentage":1.1134803629886301E-7},{"hasPage":false,"brokerage":100,"address":"TC1yZaa75GPPzM26pxfSP3AxsPT8yartQR","blockReward":0,"lastCycleVotes":27,"realTimeVotes":27,"version":0,"url":"https://twitter.com/Filo_0x","producedTotal":0,"witnessType":3,"producedEfficiency":0.0,"name":"CBD-OIL-NETWORK-TOKEN","changeVotes":0,"lastCycleVotesPercentage":1.1135196739617959E-7,"lastRanking":231,"change_cycle":1,"realTimeRanking":230,"votesPercentage":1.1134803629886301E-7},{"hasPage":false,"brokerage":20,"address":"TEsuA4ULsZwfvSRSbu8yx7K3UB6aLi5Djn","blockReward":0,"lastCycleVotes":27,"realTimeVotes":27,"version":0,"url":"http://t.me/TheL1Crew","producedTotal":0,"witnessType":3,"producedEfficiency":0.0,"name":"TheL1Crew","changeVotes":0,"lastCycleVotesPercentage":1.1135196739617959E-7,"lastRanking":232,"change_cycle":1,"realTimeRanking":231,"votesPercentage":1.1134803629886301E-7},{"hasPage":false,"brokerage":20,"address":"TNd2MPxccwBZoqpJuCrDEeNJizx5tmyNLs","blockReward":0,"lastCycleVotes":25,"realTimeVotes":25,"version":0,"url":"www.upvote.world TBD","producedTotal":0,"witnessType":3,"producedEfficiency":0.0,"name":"TRAC_REG","changeVotes":0,"lastCycleVotesPercentage":1.0310367351498109E-7,"lastRanking":233,"change_cycle":1,"realTimeRanking":232,"votesPercentage":1.0310003361005835E-7},{"hasPage":false,"brokerage":20,"address":"TMykaWQe9YinNb36yE5k4MH9VUEGyKgQQA","blockReward":0,"lastCycleVotes":23,"realTimeVotes":23,"version":0,"url":"https://www.wunderchain.com","producedTotal":0,"witnessType":3,"producedEfficiency":0.0,"name":"testmain","changeVotes":0,"lastCycleVotesPercentage":9.485537963378262E-8,"lastRanking":234,"change_cycle":1,"realTimeRanking":233,"votesPercentage":9.485203092125368E-8},{"hasPage":false,"brokerage":20,"address":"TWT4BantYCwgQCN9ubxd8Lz765Sw8yv8iL","blockReward":0,"lastCycleVotes":22,"realTimeVotes":22,"version":0,"url":"    ","producedTotal":0,"witnessType":3,"producedEfficiency":0.0,"name":"ROCA-TRON","changeVotes":0,"lastCycleVotesPercentage":9.073123269318336E-8,"lastRanking":235,"change_cycle":1,"realTimeRanking":234,"votesPercentage":9.072802957685134E-8},{"hasPage":false,"brokerage":20,"address":"TC34KZDLwARaBrZ2B8eet9GqgLGDpvifiz","blockReward":0,"lastCycleVotes":20,"realTimeVotes":20,"version":0,"url":"http://blog.naver.com/coolkim01","producedTotal":0,"witnessType":3,"producedEfficiency":0.0,"name":"Peterkim7238","changeVotes":0,"lastCycleVotesPercentage":8.248293881198488E-8,"lastRanking":236,"change_cycle":1,"realTimeRanking":235,"votesPercentage":8.248002688804668E-8},{"hasPage":false,"brokerage":100,"address":"TDUjtGPXM6UJkxREWyNV53c9r1L5ZVJLPb","blockReward":0,"lastCycleVotes":20,"realTimeVotes":20,"version":0,"url":"https://reyna2.com","producedTotal":0,"witnessType":3,"producedEfficiency":0.0,"name":"justanthonyhero","changeVotes":0,"lastCycleVotesPercentage":8.248293881198488E-8,"lastRanking":237,"change_cycle":1,"realTimeRanking":236,"votesPercentage":8.248002688804668E-8},{"hasPage":false,"brokerage":20,"address":"TLyKxzA5QUkV6R4PCZKZiLaKeoyT5qnEAA","blockReward":0,"lastCycleVotes":19,"realTimeVotes":19,"version":0,"url":"https://c773.com/","producedTotal":0,"witnessType":3,"producedEfficiency":0.0,"name":"C773Tron","changeVotes":0,"lastCycleVotesPercentage":7.835879187138562E-8,"lastRanking":238,"change_cycle":1,"realTimeRanking":237,"votesPercentage":7.835602554364434E-8},{"hasPage":false,"brokerage":20,"address":"TPr4Po9LHUuxqfuRyjpiWctkP39EbpujXH","blockReward":0,"lastCycleVotes":18,"realTimeVotes":18,"version":0,"url":"https://t.me/ONGISTRON_NewsChannel","producedTotal":0,"witnessType":3,"producedEfficiency":0.0,"name":"ONGISTRON™ ","changeVotes":0,"lastCycleVotesPercentage":7.42346449307864E-8,"lastRanking":239,"change_cycle":1,"realTimeRanking":238,"votesPercentage":7.423202419924201E-8},{"hasPage":false,"brokerage":20,"address":"TVQ6wERJ4YBd1TqH9bdYT1VV93CP393eiT","blockReward":12800,"lastCycleVotes":113,"realTimeVotes":13,"version":0,"url":"https://www.tronbet.io","producedTotal":800,"witnessType":3,"producedEfficiency":100.0,"name":"TRON-Bet","changeVotes":-100,"lastCycleVotesPercentage":4.6602860428771456E-7,"lastRanking":200,"change_cycle":-39,"realTimeRanking":239,"votesPercentage":5.361201747723034E-8},{"hasPage":true,"brokerage":20,"address":"TYShuadcBNBKgk8UgxsnB43yeBdyioswHh","blockReward":170496,"lastCycleVotes":12,"realTimeVotes":12,"version":0,"url":"http://www.tronfans.info","producedTotal":5328,"witnessType":3,"producedEfficiency":100.0,"name":"tronfans","changeVotes":0,"lastCycleVotesPercentage":4.9489763287190924E-8,"lastRanking":240,"change_cycle":0,"realTimeRanking":240,"votesPercentage":4.9488016132828006E-8},{"hasPage":false,"brokerage":20,"address":"TYednHaV9zXpnPchSywVpnseQxY9Pxw4do","blockReward":850144,"lastCycleVotes":10,"realTimeVotes":10,"version":0,"url":"http://TronGr19.com","producedTotal":26567,"witnessType":3,"producedEfficiency":100.0,"name":"","changeVotes":0,"lastCycleVotesPercentage":4.124146940599244E-8,"lastRanking":241,"change_cycle":0,"realTimeRanking":241,"votesPercentage":4.124001344402334E-8},{"hasPage":true,"brokerage":20,"address":"TYqxoFgQLtq7f146uJS533GMU88nEpwKgz","blockReward":0,"lastCycleVotes":4,"realTimeVotes":4,"version":0,"url":"https://www.gm-informatics.com","producedTotal":0,"witnessType":3,"producedEfficiency":0.0,"name":"GM-Informatics-SR-001","changeVotes":0,"lastCycleVotesPercentage":1.6496587762396975E-8,"lastRanking":242,"change_cycle":0,"realTimeRanking":242,"votesPercentage":1.6496005377609332E-8},{"hasPage":false,"brokerage":20,"address":"TEVwq7bwFf6ToBu8M3ydD96tnVPyGXf394","blockReward":0,"lastCycleVotes":2,"realTimeVotes":2,"version":0,"url":"https://darano.network/","producedTotal":0,"witnessType":3,"producedEfficiency":0.0,"name":"daranonetwork","changeVotes":0,"lastCycleVotesPercentage":8.248293881198487E-9,"lastRanking":243,"change_cycle":0,"realTimeRanking":243,"votesPercentage":8.248002688804666E-9},{"hasPage":false,"brokerage":20,"address":"TTjacDH5PL8hpWirqU7HQQNZDyF723PuCg","blockReward":0,"lastCycleVotes":0,"realTimeVotes":0,"version":0,"url":"https://www.neoply.com","producedTotal":0,"witnessType":3,"producedEfficiency":0.0,"name":"","changeVotes":0,"lastCycleVotesPercentage":0.0,"lastRanking":244,"change_cycle":0,"realTimeRanking":244,"votesPercentage":0.0}]
12:58:44.782 [TestNG-tests-1] INFO tron.common.TronscanApiList - totalVotes:24248294714
12:58:44.782 [TestNG-tests-1] INFO tron.common.TronscanApiList - fastestRise:{"hasPage":true,"brokerage":100,"address":"TTMNxTmRpBZnjtUnohX84j25NLkTqDga7j","blockReward":17435296,"lastCycleVotes":326489461,"realTimeVotes":339758706,"version":10,"url":"https://tronspark.com","producedTotal":621087,"witnessType":1,"producedEfficiency":99.43899287693867,"name":"TronSpark","changeVotes":13269245,"lastCycleVotesPercentage":1.3464905117210462,"lastRanking":12,"change_cycle":2,"realTimeRanking":10,"votesPercentage":1.4011653603163972}
12:58:44.782 [TestNG-tests-1] INFO tron.common.TronscanApiList - JSON content size are: 4
12:58:44.782 [TestNG-tests-1] INFO tron.common.TronscanApiList - ----------------------------Print JSON End-----------------------------
]]></system-out>
  <system-err><![CDATA[]]></system-err>
</testsuite>
