<?xml version="1.0" encoding="UTF-8"?>
<testsuite name="tron.tronscan.api.Token_Trx20" tests="3" skipped="0" failures="0" errors="0" timestamp="2020-03-27T04:57:30" hostname="zhukaideiMac.local" time="4.035">
  <properties/>
  <testcase name="getInternal_transaction" classname="tron.tronscan.api.Token_Trx20" time="0.616"/>
  <testcase name="getTokentrc20" classname="tron.tronscan.api.Token_Trx20" time="0.818"/>
  <testcase name="getTokentrc20_transfer" classname="tron.tronscan.api.Token_Trx20" time="2.6"/>
  <system-out><![CDATA[http://apilist.tronscan.org/api/token_trc20/holders
12:57:30.998 [TestNG-tests-1] DEBUG org.apache.http.impl.conn.PoolingClientConnectionManager - Connection request: [route: {}->http://apilist.tronscan.org:80][total kept alive: 0; route allocated: 0 of 80; total allocated: 0 of 100]
12:57:30.998 [TestNG-tests-1] DEBUG org.apache.http.impl.conn.PoolingClientConnectionManager - Connection leased: [id: 10][route: {}->http://apilist.tronscan.org:80][total kept alive: 0; route allocated: 1 of 80; total allocated: 1 of 100]
12:57:30.998 [TestNG-tests-1] DEBUG org.apache.http.impl.conn.DefaultClientConnectionOperator - Connecting to apilist.tronscan.org:80
12:57:31.304 [TestNG-tests-1] DEBUG org.apache.http.client.protocol.RequestAddCookies - CookieSpec selected: default
12:57:31.304 [TestNG-tests-1] DEBUG org.apache.http.client.protocol.RequestAuthCache - Auth cache not set in the context
12:57:31.304 [TestNG-tests-1] DEBUG org.apache.http.client.protocol.RequestTargetAuthentication - Target auth state: UNCHALLENGED
12:57:31.304 [TestNG-tests-1] DEBUG org.apache.http.client.protocol.RequestProxyAuthentication - Proxy auth state: UNCHALLENGED
12:57:31.304 [TestNG-tests-1] DEBUG org.apache.http.impl.client.DefaultHttpClient - Attempt 1 to execute request
12:57:31.304 [TestNG-tests-1] DEBUG org.apache.http.impl.conn.DefaultClientConnection - Sending request: GET /api/token_trc20/holders?limit=20&start=0&sort=-balance&contract_address=TR7NHqjeKQxGTCi8q8ZY4pL8otSzgjLj6t HTTP/1.1
12:57:31.304 [TestNG-tests-1] DEBUG org.apache.http.wire -  >> "GET /api/token_trc20/holders?limit=20&start=0&sort=-balance&contract_address=TR7NHqjeKQxGTCi8q8ZY4pL8otSzgjLj6t HTTP/1.1[\r][\n]"
12:57:31.304 [TestNG-tests-1] DEBUG org.apache.http.wire -  >> "Content-type: application/json; charset=utf-8[\r][\n]"
12:57:31.304 [TestNG-tests-1] DEBUG org.apache.http.wire -  >> "Connection: Close[\r][\n]"
12:57:31.304 [TestNG-tests-1] DEBUG org.apache.http.wire -  >> "Host: apilist.tronscan.org[\r][\n]"
12:57:31.304 [TestNG-tests-1] DEBUG org.apache.http.wire -  >> "User-Agent: Apache-HttpClient/4.5.3 (Java/1.8.0_211)[\r][\n]"
12:57:31.304 [TestNG-tests-1] DEBUG org.apache.http.wire -  >> "[\r][\n]"
12:57:31.304 [TestNG-tests-1] DEBUG org.apache.http.headers - >> GET /api/token_trc20/holders?limit=20&start=0&sort=-balance&contract_address=TR7NHqjeKQxGTCi8q8ZY4pL8otSzgjLj6t HTTP/1.1
12:57:31.304 [TestNG-tests-1] DEBUG org.apache.http.headers - >> Content-type: application/json; charset=utf-8
12:57:31.304 [TestNG-tests-1] DEBUG org.apache.http.headers - >> Connection: Close
12:57:31.304 [TestNG-tests-1] DEBUG org.apache.http.headers - >> Host: apilist.tronscan.org
12:57:31.304 [TestNG-tests-1] DEBUG org.apache.http.headers - >> User-Agent: Apache-HttpClient/4.5.3 (Java/1.8.0_211)
12:57:31.612 [TestNG-tests-1] DEBUG org.apache.http.wire -  << "HTTP/1.1 200 OK[\r][\n]"
12:57:31.613 [TestNG-tests-1] DEBUG org.apache.http.wire -  << "Server: nginx[\r][\n]"
12:57:31.613 [TestNG-tests-1] DEBUG org.apache.http.wire -  << "Date: Fri, 27 Mar 2020 04:57:32 GMT[\r][\n]"
12:57:31.613 [TestNG-tests-1] DEBUG org.apache.http.wire -  << "Content-Type: text/html;charset=utf-8[\r][\n]"
12:57:31.613 [TestNG-tests-1] DEBUG org.apache.http.wire -  << "Content-Length: 3101[\r][\n]"
12:57:31.613 [TestNG-tests-1] DEBUG org.apache.http.wire -  << "Connection: close[\r][\n]"
12:57:31.613 [TestNG-tests-1] DEBUG org.apache.http.wire -  << "Vary: Accept-Encoding[\r][\n]"
12:57:31.613 [TestNG-tests-1] DEBUG org.apache.http.wire -  << "Access-Control-Allow-Origin: *[\r][\n]"
12:57:31.613 [TestNG-tests-1] DEBUG org.apache.http.wire -  << "Access-Control-Allow-Headers: DNT,X-Mx-ReqToken,Keep-Alive,User-Agent,X-Requested-With,If-Modified-Since,Cache-Control,Content-Type,Authorization[\r][\n]"
12:57:31.613 [TestNG-tests-1] DEBUG org.apache.http.wire -  << "Access-Control-Allow-Methods: GET,POST,PUT,DELETE,OPTIONS[\r][\n]"
12:57:31.613 [TestNG-tests-1] DEBUG org.apache.http.wire -  << "X-Proxy-Cache: MISS[\r][\n]"
12:57:31.613 [TestNG-tests-1] DEBUG org.apache.http.wire -  << "[\r][\n]"
12:57:31.613 [TestNG-tests-1] DEBUG org.apache.http.impl.conn.DefaultClientConnection - Receiving response: HTTP/1.1 200 OK
12:57:31.613 [TestNG-tests-1] DEBUG org.apache.http.headers - << HTTP/1.1 200 OK
12:57:31.613 [TestNG-tests-1] DEBUG org.apache.http.headers - << Server: nginx
12:57:31.613 [TestNG-tests-1] DEBUG org.apache.http.headers - << Date: Fri, 27 Mar 2020 04:57:32 GMT
12:57:31.613 [TestNG-tests-1] DEBUG org.apache.http.headers - << Content-Type: text/html;charset=utf-8
12:57:31.613 [TestNG-tests-1] DEBUG org.apache.http.headers - << Content-Length: 3101
12:57:31.613 [TestNG-tests-1] DEBUG org.apache.http.headers - << Connection: close
12:57:31.613 [TestNG-tests-1] DEBUG org.apache.http.headers - << Vary: Accept-Encoding
12:57:31.613 [TestNG-tests-1] DEBUG org.apache.http.headers - << Access-Control-Allow-Origin: *
12:57:31.613 [TestNG-tests-1] DEBUG org.apache.http.headers - << Access-Control-Allow-Headers: DNT,X-Mx-ReqToken,Keep-Alive,User-Agent,X-Requested-With,If-Modified-Since,Cache-Control,Content-Type,Authorization
12:57:31.613 [TestNG-tests-1] DEBUG org.apache.http.headers - << Access-Control-Allow-Methods: GET,POST,PUT,DELETE,OPTIONS
12:57:31.613 [TestNG-tests-1] DEBUG org.apache.http.headers - << X-Proxy-Cache: MISS
http://apilist.tronscan.org/api/token_trc20/holders?limit=20&start=0&sort=-balance&contract_address=TR7NHqjeKQxGTCi8q8ZY4pL8otSzgjLj6t 请求总耗时：615 毫秒
12:57:31.613 [TestNG-tests-1] DEBUG org.apache.http.wire -  << "{"total":10000,"rangeTotal":50496,"trc20_tokens":[{"srTag":false,"srName":null,"balance":"474255421034489","addressTag":"Binance-Hot","holder_address":"TAUN6FwrnwwmaEqYcckffC7wYmbaS6cBiX","foundationTag":false},{"srTag":false,"srName":null,"balance":"103544101707857","addressTag":"Huobi","holder_address":"TNaRAoLUyYEV2uF7GUrzSjRQTU8v5ZJ5VR","foundationTag":false},{"srTag":false,"srName":null,"balance":"31869660074387","addressTag":"Okex 1","holder_address":"TM1zzNDZD2DPASbKcgdVoTYhfmYgtfwx9R","foundationTag":false},{"srTag":false,"srName":null,"balance":"22787077220261","addressTag":"Gate","holder_address":"TBA6CypYJizwA9XdC7Ubgc5F1bxrQ7SqPt","foundationTag":false},{"srTag":false,"srName":null,"balance":"10118240843513","addressTag":"Poloniex","holder_address":"TNCmcTdyrYKMtmE1KU2itzeCX76jGm5Not","foundationTag":false},{"srTag":false,"srName":null,"balance":"9531415626138","addressTag":null,"holder_address":"TCYpJ6MMzd9ytoUvD82HnS58iV75QimPh6","foundationTag":false},{"srTag":false,"srName":null,"balance":"8830000900000","addressTag":null,"holder_address":"THcesBbJ6FMd4gBN3e8tFg2pmL6E1DSt7p","foundationTag":false},{"srTag":false,"srName":null,"balance":"8054634000000","addressTag":null,"holder_address":"TDirN49rpXgs2RXJUudbcRskhoyD29c66U","foundationTag":false},{"srTag":false,"srName":null,"balance":"8054634000000","addressTag":null,"holder_address":"TTXojNiH2hFL3mUC8yTGMwCQ17pmNFxvzE","foundationTag":false},{"srTag":false,"srName":null,"balance":"8054634000000","addressTag":null,"holder_address":"TVJVQtD1rPC2igEM82AfnPZTYdJFGAFQbw","foundationTag":false},{"srTag":false,"srName":null,"balance":"7845474988380","addressTag":null,"holder_address":"TGR3kYhfAsxFGkAyWLRegaVSTXQ3Y36tfM","foundationTag":false},{"srTag":false,"srName":null,"balance":"7341392846905","addressTag":"Bitfinex","holder_address":"TXFBqBbqJommqZf7BV8NNYzePh97UmJodJ","foundationTag":false},{"srTag":false,"srName":null,"balance":"6177553861671","addressTag":null,"holder_address":"TTMWTPp1vonsdYBuLey3x8k6PsAvZcdR1J","foundationTag":false},{"srTag":false,"srName":null,"balance":"4000000000000","addressTag":null,"holder_address":"TGddFQCnL913P6tpKdcwXxQTb3tgx5SAsp","foundationTag":false},{"srTag":false,"srName":null,"balance":"3412558474879","addressTag":"Kucoin 2","holder_address":"TBcUJq55x7Q83ZSr2AqWj59TRj2LvxVr8a","foundationTag":false},{"srTag":false,"srName":null,"balance":"3144621000000","addressTag":null,"holder_address":"TD73eXvY2FdxYsx38ZbXBreSDqnbeLoF4f","foundationTag":false},{"srTag":false,"srName":null,"balance":"2786690994059","addressTag":"Kucoin 1","holder_address":"TLWE45u7eusdewSDCjZqUNmyhTUL1NBMzo","foundationTag":false},{"srTag":false,"srName":null,"balance":"2618987875856","addressTag":null,"holder_address":"TFAnWbTT3KjEHckJWS51utF1dbKX7TiEdi","foundationTag":false},{"srTag":false,"srName":null,"balance":"2375037045334","addressTag":null,"holder_address":"THPvaUhoh2Qn2y9THCZML3H815hhFhn5YC","foundationTag":false},{"srTag":false,"srName":null,"balance":"2120949272278","addressTag":null,"holder_address":"TRa99NizALQ7RK4j9qikzfdT85NPaBZpSv","foundationTag":false}]}[\n]"
12:57:31.613 [TestNG-tests-1] DEBUG org.apache.http.impl.conn.DefaultClientConnection - Connection 0.0.0.0:60964<->18.216.178.128:80 closed
12:57:31.613 [TestNG-tests-1] DEBUG org.apache.http.impl.conn.PoolingClientConnectionManager - Connection released: [id: 10][route: {}->http://apilist.tronscan.org:80][total kept alive: 0; route allocated: 0 of 80; total allocated: 0 of 100]
12:57:31.614 [TestNG-tests-1] INFO tron.common.TronscanApiList - ----------------------------Print JSON Start---------------------------
12:57:31.614 [TestNG-tests-1] INFO tron.common.TronscanApiList - total:10000
12:57:31.614 [TestNG-tests-1] INFO tron.common.TronscanApiList - rangeTotal:50496
12:57:31.614 [TestNG-tests-1] INFO tron.common.TronscanApiList - trc20_tokens:[{"srTag":false,"balance":"474255421034489","addressTag":"Binance-Hot","holder_address":"TAUN6FwrnwwmaEqYcckffC7wYmbaS6cBiX","foundationTag":false},{"srTag":false,"balance":"103544101707857","addressTag":"Huobi","holder_address":"TNaRAoLUyYEV2uF7GUrzSjRQTU8v5ZJ5VR","foundationTag":false},{"srTag":false,"balance":"31869660074387","addressTag":"Okex 1","holder_address":"TM1zzNDZD2DPASbKcgdVoTYhfmYgtfwx9R","foundationTag":false},{"srTag":false,"balance":"22787077220261","addressTag":"Gate","holder_address":"TBA6CypYJizwA9XdC7Ubgc5F1bxrQ7SqPt","foundationTag":false},{"srTag":false,"balance":"10118240843513","addressTag":"Poloniex","holder_address":"TNCmcTdyrYKMtmE1KU2itzeCX76jGm5Not","foundationTag":false},{"srTag":false,"balance":"9531415626138","holder_address":"TCYpJ6MMzd9ytoUvD82HnS58iV75QimPh6","foundationTag":false},{"srTag":false,"balance":"8830000900000","holder_address":"THcesBbJ6FMd4gBN3e8tFg2pmL6E1DSt7p","foundationTag":false},{"srTag":false,"balance":"8054634000000","holder_address":"TDirN49rpXgs2RXJUudbcRskhoyD29c66U","foundationTag":false},{"srTag":false,"balance":"8054634000000","holder_address":"TTXojNiH2hFL3mUC8yTGMwCQ17pmNFxvzE","foundationTag":false},{"srTag":false,"balance":"8054634000000","holder_address":"TVJVQtD1rPC2igEM82AfnPZTYdJFGAFQbw","foundationTag":false},{"srTag":false,"balance":"7845474988380","holder_address":"TGR3kYhfAsxFGkAyWLRegaVSTXQ3Y36tfM","foundationTag":false},{"srTag":false,"balance":"7341392846905","addressTag":"Bitfinex","holder_address":"TXFBqBbqJommqZf7BV8NNYzePh97UmJodJ","foundationTag":false},{"srTag":false,"balance":"6177553861671","holder_address":"TTMWTPp1vonsdYBuLey3x8k6PsAvZcdR1J","foundationTag":false},{"srTag":false,"balance":"4000000000000","holder_address":"TGddFQCnL913P6tpKdcwXxQTb3tgx5SAsp","foundationTag":false},{"srTag":false,"balance":"3412558474879","addressTag":"Kucoin 2","holder_address":"TBcUJq55x7Q83ZSr2AqWj59TRj2LvxVr8a","foundationTag":false},{"srTag":false,"balance":"3144621000000","holder_address":"TD73eXvY2FdxYsx38ZbXBreSDqnbeLoF4f","foundationTag":false},{"srTag":false,"balance":"2786690994059","addressTag":"Kucoin 1","holder_address":"TLWE45u7eusdewSDCjZqUNmyhTUL1NBMzo","foundationTag":false},{"srTag":false,"balance":"2618987875856","holder_address":"TFAnWbTT3KjEHckJWS51utF1dbKX7TiEdi","foundationTag":false},{"srTag":false,"balance":"2375037045334","holder_address":"THPvaUhoh2Qn2y9THCZML3H815hhFhn5YC","foundationTag":false},{"srTag":false,"balance":"2120949272278","holder_address":"TRa99NizALQ7RK4j9qikzfdT85NPaBZpSv","foundationTag":false}]
12:57:31.614 [TestNG-tests-1] INFO tron.common.TronscanApiList - JSON content size are: 3
12:57:31.614 [TestNG-tests-1] INFO tron.common.TronscanApiList - ----------------------------Print JSON End-----------------------------
http://apilist.tronscan.org/api/token_trc20
12:57:31.615 [TestNG-tests-1] DEBUG org.apache.http.impl.conn.PoolingClientConnectionManager - Connection request: [route: {}->http://apilist.tronscan.org:80][total kept alive: 0; route allocated: 0 of 80; total allocated: 0 of 100]
12:57:31.615 [TestNG-tests-1] DEBUG org.apache.http.impl.conn.PoolingClientConnectionManager - Connection leased: [id: 11][route: {}->http://apilist.tronscan.org:80][total kept alive: 0; route allocated: 1 of 80; total allocated: 1 of 100]
12:57:31.615 [TestNG-tests-1] DEBUG org.apache.http.impl.conn.DefaultClientConnectionOperator - Connecting to apilist.tronscan.org:80
12:57:31.918 [TestNG-tests-1] DEBUG org.apache.http.client.protocol.RequestAddCookies - CookieSpec selected: default
12:57:31.918 [TestNG-tests-1] DEBUG org.apache.http.client.protocol.RequestAuthCache - Auth cache not set in the context
12:57:31.918 [TestNG-tests-1] DEBUG org.apache.http.client.protocol.RequestTargetAuthentication - Target auth state: UNCHALLENGED
12:57:31.918 [TestNG-tests-1] DEBUG org.apache.http.client.protocol.RequestProxyAuthentication - Proxy auth state: UNCHALLENGED
12:57:31.918 [TestNG-tests-1] DEBUG org.apache.http.impl.client.DefaultHttpClient - Attempt 1 to execute request
12:57:31.918 [TestNG-tests-1] DEBUG org.apache.http.impl.conn.DefaultClientConnection - Sending request: GET /api/token_trc20?limit=20&start=0 HTTP/1.1
12:57:31.918 [TestNG-tests-1] DEBUG org.apache.http.wire -  >> "GET /api/token_trc20?limit=20&start=0 HTTP/1.1[\r][\n]"
12:57:31.918 [TestNG-tests-1] DEBUG org.apache.http.wire -  >> "Content-type: application/json; charset=utf-8[\r][\n]"
12:57:31.918 [TestNG-tests-1] DEBUG org.apache.http.wire -  >> "Connection: Close[\r][\n]"
12:57:31.918 [TestNG-tests-1] DEBUG org.apache.http.wire -  >> "Host: apilist.tronscan.org[\r][\n]"
12:57:31.918 [TestNG-tests-1] DEBUG org.apache.http.wire -  >> "User-Agent: Apache-HttpClient/4.5.3 (Java/1.8.0_211)[\r][\n]"
12:57:31.918 [TestNG-tests-1] DEBUG org.apache.http.wire -  >> "[\r][\n]"
12:57:31.918 [TestNG-tests-1] DEBUG org.apache.http.headers - >> GET /api/token_trc20?limit=20&start=0 HTTP/1.1
12:57:31.918 [TestNG-tests-1] DEBUG org.apache.http.headers - >> Content-type: application/json; charset=utf-8
12:57:31.918 [TestNG-tests-1] DEBUG org.apache.http.headers - >> Connection: Close
12:57:31.918 [TestNG-tests-1] DEBUG org.apache.http.headers - >> Host: apilist.tronscan.org
12:57:31.918 [TestNG-tests-1] DEBUG org.apache.http.headers - >> User-Agent: Apache-HttpClient/4.5.3 (Java/1.8.0_211)
12:57:32.163 [TestNG-tests-1] DEBUG org.apache.http.wire -  << "HTTP/1.1 200 OK[\r][\n]"
12:57:32.163 [TestNG-tests-1] DEBUG org.apache.http.wire -  << "Server: nginx[\r][\n]"
12:57:32.163 [TestNG-tests-1] DEBUG org.apache.http.wire -  << "Date: Fri, 27 Mar 2020 04:57:32 GMT[\r][\n]"
12:57:32.163 [TestNG-tests-1] DEBUG org.apache.http.wire -  << "Content-Type: text/html;charset=utf-8[\r][\n]"
12:57:32.163 [TestNG-tests-1] DEBUG org.apache.http.wire -  << "Content-Length: 19680[\r][\n]"
12:57:32.163 [TestNG-tests-1] DEBUG org.apache.http.wire -  << "Connection: close[\r][\n]"
12:57:32.163 [TestNG-tests-1] DEBUG org.apache.http.wire -  << "Vary: Accept-Encoding[\r][\n]"
12:57:32.163 [TestNG-tests-1] DEBUG org.apache.http.wire -  << "Access-Control-Allow-Origin: *[\r][\n]"
12:57:32.163 [TestNG-tests-1] DEBUG org.apache.http.wire -  << "Access-Control-Allow-Headers: DNT,X-Mx-ReqToken,Keep-Alive,User-Agent,X-Requested-With,If-Modified-Since,Cache-Control,Content-Type,Authorization[\r][\n]"
12:57:32.163 [TestNG-tests-1] DEBUG org.apache.http.wire -  << "Access-Control-Allow-Methods: GET,POST,PUT,DELETE,OPTIONS[\r][\n]"
12:57:32.163 [TestNG-tests-1] DEBUG org.apache.http.wire -  << "X-Proxy-Cache: MISS[\r][\n]"
12:57:32.163 [TestNG-tests-1] DEBUG org.apache.http.wire -  << "[\r][\n]"
12:57:32.163 [TestNG-tests-1] DEBUG org.apache.http.impl.conn.DefaultClientConnection - Receiving response: HTTP/1.1 200 OK
12:57:32.163 [TestNG-tests-1] DEBUG org.apache.http.headers - << HTTP/1.1 200 OK
12:57:32.163 [TestNG-tests-1] DEBUG org.apache.http.headers - << Server: nginx
12:57:32.163 [TestNG-tests-1] DEBUG org.apache.http.headers - << Date: Fri, 27 Mar 2020 04:57:32 GMT
12:57:32.163 [TestNG-tests-1] DEBUG org.apache.http.headers - << Content-Type: text/html;charset=utf-8
12:57:32.163 [TestNG-tests-1] DEBUG org.apache.http.headers - << Content-Length: 19680
12:57:32.163 [TestNG-tests-1] DEBUG org.apache.http.headers - << Connection: close
12:57:32.163 [TestNG-tests-1] DEBUG org.apache.http.headers - << Vary: Accept-Encoding
12:57:32.164 [TestNG-tests-1] DEBUG org.apache.http.headers - << Access-Control-Allow-Origin: *
12:57:32.164 [TestNG-tests-1] DEBUG org.apache.http.headers - << Access-Control-Allow-Headers: DNT,X-Mx-ReqToken,Keep-Alive,User-Agent,X-Requested-With,If-Modified-Since,Cache-Control,Content-Type,Authorization
12:57:32.164 [TestNG-tests-1] DEBUG org.apache.http.headers - << Access-Control-Allow-Methods: GET,POST,PUT,DELETE,OPTIONS
12:57:32.164 [TestNG-tests-1] DEBUG org.apache.http.headers - << X-Proxy-Cache: MISS
http://apilist.tronscan.org/api/token_trc20?limit=20&start=0 请求总耗时：549 毫秒
12:57:32.164 [TestNG-tests-1] DEBUG org.apache.http.wire -  << "{"total":536,"rangeTotal":536,"trc20_tokens":[{"issue_ts":0,"symbol":"\"PKT\"","contract_address":"TW2BkFwvkoH9Cx2zwifTacwkGSGiyiZWmt","gain":"","home_page":"https://pokertron.io/","token_desc":"Poker Tron is the first decentralized poker gaming platform on the TRON. It is totally transparent and probably fair. Video Poker game has been launched on the platform. Stay tuned as more are coming! In addition to being on the blockchain, Poker Tron is also decentralized in the sense that it is owned by the community of PKT holders. PKT holders own the platform, both its profits and decisions.","price_trx":0,"git_hub":"https://github.com/mimi125887/pkt_token","price":"","total_supply_with_decimals":"100000000000000","social_media_list":[{"name":"Twitter","url":"https://twitter.com/pokertron_io"},{"name":"Telegram","url":"https://t.me/pokertronio"},{"name":"Medium","url":"https://medium.com/poker-tron"}],"email":null,"icon_url":"https://coin.top/production/logo/TW2BkFwvkoH9Cx2zwifTacwkGSGiyiZWmt.png","total_supply":0,"level":"0","total_supply_str":"","volume24h":0,"index":1,"volume":0,"issue_address":"TKQjuBWVbCJEPy76kYN9YVfTvefbKavaCW","holders_count":"12999","decimals":6,"name":"\"Poker Tron Token\"","issue_time":"2019-04-03 00:00:00","white_paper":"","social_media":""},{"issue_ts":0,"symbol":"0FUCKS","contract_address":"TDEvzXZAQY5uaUWsiABT"
12:57:32.164 [TestNG-tests-1] DEBUG org.apache.http.wire -  << "NCkzq25FzQUBft","gain":"","home_page":"www.susiye.com","token_desc":"Hello","price_trx":0,"git_hub":"","price":"","total_supply_with_decimals":"100000000000000000000000000","social_media_list":[],"email":"amarazivara1@gmail.com","icon_url":"https://coin.top/production/upload/logo/default.png","total_supply":0,"level":"0","total_supply_str":"","volume24h":0,"index":2,"volume":0,"issue_address":"THhkNtyjDF8pRUpAoejhqxhESe3dVUZi2m","holders_count":null,"decimals":18,"name":"0 Fucks Token","issue_time":"2020-02-07 13:30:00","white_paper":"","social_media":""},{"issue_ts":0,"symbol":"ZTR","contract_address":"TSnym1iciTb53e7vbxDBdEMy9zZWBkvPc6","gain":"","home_page":"https://zethyr.exchange","token_desc":"ZTR is the native token of Zethyr exchange and can only be mined with trades there is noprivate of public sales of ZTR. Therefore, the number of circulating ZTR reflects the true trading activities of the exchange and the intrinsic value of ZTR will increase over time.","price_trx":0,"git_hub":"","price":"","total_supply_with_decimals":"82212200000000000000000","social_media_list":[{"name":"Twitter","url":"[\"https://twitter.com/zethyrexchange\"]"},{"name":"Telegram","url":"[\"https://t.me/ZethyrExchange\"]"}],"email":null,"icon_url":"https://coin.top/production/upload/logo/TSnym1iciTb53e7vbxDBdEMy9zZWBkvPc6.png?t=1568877766706","total_supply":0,"level":"1","total_supply_str":"","volume24h":0,"index":3,"volume":0,"issue_address":"TQtRgHi2krnTGcon83LD6AbFvqpcWa4mk2","holders_count":"5","decimals":18,"name":"0xZTR","issue_time":"2019-09-19 03:47:27","white_paper":"https://zethyr.exchange/Zethyr-White-Paper-Draft-0.6.pdf","social_media":""},{"issue_ts":0,"symbol":"1UP","contract_address":"TJR9QLrPMkhBiJEtiE2ugcWJdinhzLSrSk","gain":"","home_page":"www.friendster.io","token_desc":"Friendster.io Dividend Token","price_trx":0,"git_hub":"https://github.com/Friendsterio/1up","price":"","total_supply_with_decimals":"100000000000000000","social_media_list":[{"name":"Twitter","url":"@friendster.io"}],"email":null,"icon_url":"https://friendster.ninja/logo/1up.png","total_supply":0,"level":"1","total_supply_str":"","volume24h":0,"index":4,"volume":0,"issue_address":"TTUFDNoezLSfqFJ7Jh51ewFoNJtXJ9ZqWh","holders_count":"1","decimals":8,"name":"1UP","issue_time":"2019-04-13 00:00:00","white_paper":"www.friendster.io","social_media":""},{"issue_ts":0,"symbol":"PCB","contract_address":"TJzcEaqgYk9g4jZLEsB2DksLGikM4dWwYJ","gain":"","home_page":"451pcb.com","token_desc":"PCB is a TRC-20 token to promote, delevop and exchange open source hardware.\nIt will be distributed to the community who support, promote and develop open source hardware for create a reputation ranking and win open source hardware rewards.","price_trx":0,"git_hub":"https://github.com/451PCBCOM","price":"","total_supply_with_decimals":"100000000000000000000000000","social_media_list":[{"name":"Twitter","url":"[\"twitter.com/tokens_tron\"]"}],"email":"info@451pcb.com","icon_url":"https://coin.top/production/logo/TJzcEaqgYk9g4jZLEsB2DksLGikM4dWwYJ.png","total_supply":0,"level":"1","total_supply_str":"","volume24h":0,"index":5,"volume":0,"issue_address":"TRXRMho492gnAHHEF7CVXn1Vgfu7E6cgqB","holders_count":"310","decimals":18,"name":"451PCBCOM","issue_time":"2018-12-28 00:00:00","white_paper":"https://github.com/451PCBCOM/PCB-TRC20/blob/master/Whitepaper/PCB-Whitepaper-1.3-English.pdf","social_media":""},{"issue_ts":0,"symbol":"6KPEN","contract_address":"TCMjU3taxp19xNWMFQdQw45CYwQcqrsYqA","gain":"","home_page":"https://www.ibnz.co.uk/","token_desc":"This is Utility TRC20 Token for development purposes created by Justinas. Total supply 1mln, 18 decimals, ERC20 standard. Please do not send any tokens to contract address..","price_trx":0,"git_hub":"","price":"","total_supply_with_decimals":"1000000000000000000000000","social_media_list":[],"email":null,"icon_url":"https://coin.top/production/logo/TCMjU3taxp19xNWMFQdQw45CYwQcqrsYqA.png","total_supply":0,"level":"0","total_supply_str":"","volume24h":0,"index":6,"volume":0,"issue_address":"","holders_count":"317","decimals":18,"name":"6KPEN_Token","issue_time":"2018-12-20 10:29:20","white_paper":"","social_media":""},{"issue_ts":0,"symbol":"SVN","contract_address":"TZDGsbkDuZQUjVmAMo934Yj8CHEzsQBAkA","gain":"","home_page":"https://7tron.io/","token_desc":"7tron it[0xe2][0x80][0x99]s a community-driven platform for decentralized games where everyone can enjoy the benefits of true digital ownership, provable fairness, privacy, and the ability to make a real profit through games.","price_trx":0,"git_hub":"","price":"","total_supply_with_decimals":"100000000000000","social_media_list":[],"email":null,"icon_url":"https://coin.top/production/logo/TZDGsbkDuZQUjVmAMo934Yj8CHEzsQBAkA.png","total_supply":0,"level":"0","total_supply_str":"","volume24h":0,"index":7,"volume":0,"issue_address":"TRWRVz9yyeFFXBkK9jwUVbJyzuTvr7GdNc","holders_count":"201","decimals":6,"name":"7Tron","issue_time":"2019-07-20 19:41:32","white_paper":"https://7tron.io/static/whitepaper.pdf","social_media":""},{"issue_ts":0,"symbol":"888","contract_address":"TLvDJcvKJDi3QuHgFbJC6SeTj3UacmtQU3","gain":"","home_page":"https://888tron.com","token_desc":"888 Token is a unique and fully decentralized TRC20 token on Tron blockchain. The supply of tokens is limited. It[0xe2][0x80][0x99]s main goal is to bring wealth to its owners in transparent and fair way. 888 Token can only be mined by playing on 888tron.com. Distribution of 888 tokens is made automatically by smart contract in a real live mode.","price_trx":0,"git_hub":"https://github.com/888tron","price":"","total_supply_with_decimals":"99943970074964","social_media_list":[{"name":"Twitter","url":"https://twitter.com/888Tron"},{"name":"Telegram","url":"https://t.me/tron888"}],"email":null,"icon_url":"https://coin.top/production/logo/TLvDJcvKJDi3QuHgFbJC6SeTj3UacmtQU3.png","total_supply":0,"level":"2","total_supply_str":"","volume24h":0,"index":8,"market_info":{"fShortName":"888","fTokenAddr":"TLvDJcvKJDi3QuHgFbJC6SeTj3UacmtQU3","gain":0.006667,"pairId":40,"priceInTrx":15.100000,"sShortName":"TRX","sTokenAddr":"T9yD14Nj9j7xAB4dbGeiX9h8unkKHxuWwb","txCount24h":59,"volume24hInTrx":37423.984453},"volume":0,"issue_address":"TXepXZ8b8ccZNndmpr3fsH8tZ9z7S2JTN4","holders_count":"7287","decimals":6,"name":"888Tron","issue_time":"2019-02-13 19:11:16","white_paper":"https://888tron.com/wp/888Tron_en.pdf","social_media":""},{"issue_ts":0,"symbol":"AB","contract_address":"TNbYoP22d74RWy4ETssHsXYFrnmmbQ2fvt","gain":"","home_page":"https://www.allbet.io","token_desc":"ALLBET(AB) ALLBET is an ecological online bet and game entertainment platform that is built based on blockchain.","price_trx":0,"git_hub":"","price":"","total_supply_with_decimals":"2996238827000000","social_media_list":[{"name":"telegram","url":"https://t.me/allbetAB"}],"email":null,"icon_url":"https://www.allbet.io/svg/ab_token_logo.svg","total_supply":0,"level":"1","total_supply_str":"","volume24h":0,"index":9,"volume":0,"issue_address":"TFmqvCQEmu5J6NCsg2WePJtNpNqzDWyJEQ","holders_count":"1426","decimals":6,"name":"AB","issue_time":"2018-12-06 00:00:00","white_paper":"https://www.allbet.io/pdf/whitebook.pdf","social_media":""},{"issue_ts":0,"symbol":"APL","contract_address":"TXYhKLxwbsVRJ7JuZx1WMZqS74zZXEZJ9y","gain":"","home_page":"www.attex.com","token_desc":"","price_trx":0,"git_hub":"","price":"","total_supply_with_decimals":"1000000000000000","social_media_list":[{"name":"Twitter","url":"https://twitter.com/AAAAAAAAAPL"}],"email":null,"icon_url":"https://coin.top/production/logo/TXYhKLxwbsVRJ7JuZx1WMZqS74zZXEZJ9y.png","total_supply":0,"level":"1","total_supply_str":"","volume24h":0,"index":10,"volume":0,"issue_address":"","holders_count":"3636","decimals":6,"name":"APL","issue_time":"2019-06-12 17:58:08","white_paper":"http://www.whitepaperlibrary.info/wp-content/uploads/APL-Whitepaper.pdf","social_media":""},{"issue_ts":0,"symbol":"APG","contract_address":"TCcWnntbQ2oDtunfWFxv1tvZsYMc4vARUf","gain":"","home_page":"http://anphunbconcept.com/","token_desc":"APetGold Coin (APG) - Profit Gold in the AnPhu NBConcept ecosystem","price_trx":0,"git_hub":"","price":"","total_supply_with_decimals":"50000000000000","social_m"
12:57:32.164 [TestNG-tests-1] DEBUG org.apache.http.wire -  << "edia_list":[{"name":"Twitter","url":"[\"https://twitter.com/AnPhuNBConept\"]"},{"name":"Facebook","url":"[\"https://www.facebook.com/apetcoin\"]"},{"name":"Telegram","url":"[\"https://t.me/joinchat/Nwfs9BNLlgQRkYiVOcFcZw\"]"},{"name":"Discord","url":"[\"https://discord.gg/9JbQMAA\"]"}],"email":"apetcointronscan@gmail.com","icon_url":"https://coin.top/production/upload/logo/TCcWnntbQ2oDtunfWFxv1tvZsYMc4vARUf.png?t=1576171050567","total_supply":0,"level":"0","total_supply_str":"","volume24h":0,"index":11,"volume":0,"issue_address":"TAxgLxaZGx7ZBeokyGZWharKBC5V9FU4ou","holders_count":"2","decimals":6,"name":"APetGold Coin","issue_time":"2019-12-12 17:15:58","white_paper":"","social_media":""},{"issue_ts":0,"symbol":"APG","contract_address":"TJAh8TBnRM8Hz6GYQrDmLd3PcDNVpjA1Rn","gain":"","home_page":"http://anphunbconcept.com/","token_desc":"ApetGold Coin - Profit Gold in the AnPhu NBConcept ecosystem","price_trx":0,"git_hub":"","price":"","total_supply_with_decimals":"50000000000000","social_media_list":[{"name":"Telegram","url":"[\"https://t.me/joinchat/Nwfs9BNLlgQRkYiVOcFcZw\"]"}],"email":"apetcointronscan@gmail.com","icon_url":"https://coin.top/production/upload/logo/TJAh8TBnRM8Hz6GYQrDmLd3PcDNVpjA1Rn.png?t=1576167768714","total_supply":0,"level":"0","total_supply_str":"","volume24h":0,"index":12,"volume":0,"issue_address":"TSgJZuNj6zRf21Hn4Tbrmteu8db79VtfE7","holders_count":null,"decimals":6,"name":"APetGold Coin","issue_time":"2019-12-12 16:21:13","white_paper":"","social_media":""},{"issue_ts":0,"symbol":"ASLA","contract_address":"TDFoofWoS8tmgf84sw628DUVMi3dmjkU4M","gain":"","home_page":"aslaproject.com","token_desc":"It is a functional decentralized environment for investment and earnings.\nBuilt on the basis of blockchain, working on the basis of smart contracts. Which domestic currency is ASLA.","price_trx":0,"git_hub":"","price":"","total_supply_with_decimals":"149999999999977","social_media_list":[{"name":"Twitter","url":"[\"https://twitter.com/ASLAproject\"]"},{"name":"Facebook","url":"[\"https://www.facebook.com/ASLAproject-103824224487730\"]"},{"name":"Telegram","url":"[\"t.me/ASLAproject\"]"},{"name":"Reddit","url":"[\"https://www.reddit.com/user/ASLA_Project\"]"},{"name":"Medium","url":"[\"https://medium.com/@aslaproject01\"]"}],"email":"aslaproject2019@gmail.com","icon_url":"https://coin.top/production/upload/logo/TDFoofWoS8tmgf84sw628DUVMi3dmjkU4M.png?t=1579797521627","total_supply":0,"level":"0","total_supply_str":"","volume24h":0,"index":13,"volume":0,"issue_address":"TPNfJTznupasSqu2NK3KZdSbz3fwmjaY5h","holders_count":"4591","decimals":6,"name":"ASLAproject","issue_time":"2020-01-23 16:37:42","white"
12:57:32.429 [TestNG-tests-1] DEBUG org.apache.http.wire -  << "_paper":"","social_media":""},{"issue_ts":0,"symbol":"ATT","contract_address":"TVwXxvyYawS21PT1B7XZxBZCMbQZLUENoE","gain":"","home_page":"http://www.attchain.com/#/","token_desc":"Africa Trading Chain can be used to improve the financial support level of China-Africa cooperation by blockchain technology. The project origin is from the [0xe2][0x80][0x9c]One Belt and One Road[0xe2][0x80][0x9d] initiative and is based in Africa . It is also receiving strong supports from many African governments.","price_trx":0,"git_hub":"","price":"","total_supply_with_decimals":"990000000000000000","social_media_list":[],"email":null,"icon_url":"https://coin.top/production/logo/TVwXxvyYawS21PT1B7XZxBZCMbQZLUENoE.png","total_supply":0,"level":"0","total_supply_str":"","volume24h":0,"index":14,"market_info":{"fShortName":"ATT","fTokenAddr":"TVwXxvyYawS21PT1B7XZxBZCMbQZLUENoE","gain":0.000000,"pairId":38,"priceInTrx":0.000130,"sShortName":"TRX","sTokenAddr":"T9yD14Nj9j7xAB4dbGeiX9h8unkKHxuWwb","txCount24h":15,"volume24hInTrx":43870.425936},"volume":0,"issue_address":"TJmRPS6dLAYZb5zXVADVqwQ3f8xYkuGh6B","holders_count":"34804","decimals":6,"name":"ATT","issue_time":"2018-11-30 00:00:00","white_paper":"https://www.attchain.com/ATT%20Africa-Trading%20Token-?-Eng.pdf","social_media":""},{"issue_ts":0,"symbol":"AcaGold","contract_address":"TL31f4xe8kWJDDB7BFR1y11Knge4pep6Lw","gain":"","home"
12:57:32.429 [TestNG-tests-1] DEBUG org.apache.http.wire -  << "_page":"https://cryptocannabis.app","token_desc":"Crypto Cannabis Game: Smart Contract Collectible AcapulcoGold (AcaGold) 100% Indica 1000 SativaGeneSeed","price_trx":0,"git_hub":"https://github.com/DEXExchange","price":"","total_supply_with_decimals":"100000","social_media_list":[{"name":"Twitter","url":"[\"https://twitter.com/CryptoCannabiz\"]"},{"name":"Telegram","url":"[\"https://t.me/CryptoCannabisGame\"]"},{"name":"Instagram","url":"[\"https://instagram.com/cryptocannabisgame\"]"},{"name":"Discord","url":"[\"https://discord.gg/sSBr98q\"]"}],"email":"strainbreeding@cryptocannabis.app","icon_url":"https://coin.top/production/upload/logo/TL31f4xe8kWJDDB7BFR1y11Knge4pep6Lw.png?t=1576441250841","total_supply":0,"level":"1","total_supply_str":"","volume24h":0,"index":15,"volume":0,"issue_address":"TJ8qZ1VHgXkfeWguh4SnJ4Ao3bVQGMPafB","holders_count":"4","decimals":2,"name":"AcapulcoGold","issue_time":"2019-12-15 20:16:47","white_paper":"https://t.me/CryptoCannabisGame/26622","social_media":""},{"issue_ts":0,"symbol":"ACEH","contract_address":"TYKJW9dAvFq2ttRN99jrCyVWw2Qr2xz3H9","gain":"","home_page":"https://cryptocannabis.app","token_desc":"Crypto Cannabis Game: Smart Contract Collectible Aceh (ACE)100% Sativa 1000 SativaGeneSeed","price_trx":0,"git_hub":"https://github.com/DEXExchange","price":"","total_supply_with_decimals":"100000","social_media_list":[{"name":"Twitter","url":"[\"https://twitter.com/CryptoCannabiz\"]"},{"name":"Telegram","url":"[\"https://t.me/CryptoCannabisGame\"]"},{"name":"Instagram","url":"[\"https://instagram.com/cryptocannabisgame\"]"},{"name":"Discord","url":"[\"https://discord.gg/sSBr98q\"]"}],"email":"strainbreeding@cryptocannabis.app","icon_url":"https://coin.top/production/upload/logo/TYKJW9dAvFq2ttRN99jrCyVWw2Qr2xz3H9.png?t=1576367164852","total_supply":0,"level":"1","total_supply_str":"","volume24h":0,"index":16,"volume":0,"issue_address":"TJ8qZ1VHgXkfeWguh4SnJ4Ao3bVQGMPafB","holders_count":"5","decimals":2,"name":"Aceh","issue_time":"2019-12-14 23:22:43","white_paper":"https://t.me/CryptoCannabisGame/26622","social_media":""},{"issue_ts":0,"symbol":"ADC","contract_address":"THPtEUh2Dh1JvT2Aexeh3c3vvJX2uH9wb6","gain":"","home_page":"adconstitue.com","token_desc":"ADC[0xe6][0x98][0xaf][0xe4][0xb8][0x80][0xe7][0xa7][0x8d][0xe5][0x8f][0xaf][0xe7][0xba][0xbf][0xe4][0xb8][0x8a][0xe6][0x93][0x8d][0xe4][0xbd][0x9c][0xe7][0x9a][0x84][0xe6][0x95][0xb0][0xe5][0xad][0x97][0xe8][0xb4][0xa7][0xe5][0xb8][0x81][0xef][0xbc][0x8c][0xe7][0x94][0xa8][0xe6][0x88][0xb7][0xe5][0x8f][0xaf][0xe4][0xbb][0xa5][0xe4][0xbd][0xbf][0xe7][0x94][0xa8][0xe5][0x8e][0xbb][0xe9][0x9b][0x86][0xe5][0xb8][0x81][0xe8][0xbf][0x9b][0xe8][0xa1][0x8c][0xe7][0xba][0xbf][0xe4][0xb8][0x8a][0xe4][0xba][0xa4][0xe6][0x98][0x93][0xe3][0x80][0x82]ADC[0xe9][0x87][0x87][0xe7][0x94][0xa8]MasterNode[0xe6][0x9c][0x8d][0xe5][0x8a][0xa1][0xe5][0x99][0xa8][0xe6][0x94][0xaf][0xe6][0x92][0x91][0xe5][0x8c][0xba][0xe5][0x9d][0x97][0xe9][0x93][0xbe][0xe7][0xbd][0x91][0xe7][0xbb][0x9c][0xef][0xbc][0x8c][0xe5][0x85][0xb7][0xe6][0x9c][0x89]P2P[0xe7][0xbd][0x91][0xe7][0xbb][0x9c][0xe7][0x9a][0x84][0xe7][0x89][0xb9][0xe6][0x80][0xa7][0xe5][0x92][0x8c][0xe5][0x8e][0xbb][0xe4][0xb8][0xad][0xe5][0xbf][0x83][0xe5][0x8c][0x96][0xe7][0x89][0xb9][0xe6][0x80][0xa7][0xe3][0x80][0x82][0xe9][0x80][0x9a][0xe8][0xbf][0x87][0xe5][0xaf][0xb9][0xe5][0x90][0x84][0xe8][0x8a][0x82][0xe7][0x82][0xb9][0xe9][0x87][0x87][0xe5][0x8f][0x96][0xe5][0xa5][0x96][0xe5][0x8a][0xb1][0xe6][0x9c][0xba][0xe5][0x88][0xb6][0xe5][0xae][0x9e][0xe7][0x8e][0xb0][0xe4][0xbe][0x8b][0xe5][0xa6][0x82][0xe5][0x8d][0xb3][0xe6][0x97][0xb6][0xe6][0x88][0x96][0xe5][0x8c][0xbf][0xe5][0x90][0x8d][0xe6][0x94][0xaf][0xe4][0xbb][0x98][0xef][0xbc][0x8c][0xe5][0xae][0x9e][0xe7][0x8e][0xb0][0xe4][0xba][0x86][0xe5][0x88][0x86][0xe6][0x95][0xa3][0xe7][0x9a][0x84][0xe6][0xb2][0xbb][0xe7][0x90][0x86][0xe7][0xb3][0xbb][0xe7][0xbb][0x9f][0xe3][0x80][0x82]","price_trx":0,"git_hub":"https://github.com/Adconstitue/ADC/blob/master/TRC20Detailed.sol","price":"","total_supply_with_decimals":"1000000000000000","social_media_list":[{"name":"Twitter","url":"[\"https://twitter.com/Adadconstitue\"]"}],"email":null,"icon_url":"https://coin.top/production/upload/logo/default.png?t=1566140649095","total_supply":0,"level":"1","total_supply_str":"","volume24h":0,"index":17,"volume":0,"issue_address":"TNSQfURsQ3ooxFtijJeRdVa1Xerb39wDbj","holders_count":null,"decimals":6,"name":"Ad constitue","issue_time":"2019-08-18 15:04:09","white_paper":"http://www.whitepaperlibrary.info/wp-content/uploads/ADC.pdf","social_media":""},{"issue_ts":0,"symbol":"AEON","contract_address":"TVQg57bu9nGtWgep4Lxr6L1FtcBuoDCwCC","gain":"","home_page":"https://www.aeonplay.net/","token_desc":"The highest dividends gambling dApp. No need to freeze, just play and get your divs! 60% of house edge go to dividends pool and 20% to backup token's value.","price_trx":0,"git_hub":"","price":"","total_supply_with_decimals":"51292000000","social_media_list":[{"name":"Telegram","url":"[\"https://t.me/aeonplaygroup\"]"}],"email":"lisenokmanage@gmail.com","icon_url":"https://coin.top/production/upload/logo/TVQg57bu9nGtWgep4Lxr6L1FtcBuoDCwCC.png?t=1574619050537","total_supply":0,"level":"0","total_supply_str":"","volume24h":0,"index":18,"volume":0,"issue_address":"TP8CLDnVJqv5CsVh1VwZC89DJMtdGtuBk1","holders_count":"22","decimals":6,"name":"Aeon Token","issue_time":"2019-11-24 18:05:54","white_paper":"","social_media":""},{"issue_ts":0,"symbol":"AFG","contract_address":"TKG5vrPMCp2E6oLNfYMBkspfSbWxsXpx1P","gain":"","home_page":"https://cryptocannabis.app","token_desc":"Crypto Cannabis Game: Smart Contract Collectible Afghani (AFG)100% Indica 1000 IndicaGeneSeed","price_trx":0,"git_hub":"https://github.com/dexexchange","price":"","total_supply_with_decimals":"100000","social_media_list":[{"name":"Twitter","url":"[\"https://twitter.com/cryptocannabiz\"]"},{"name":"Telegram","url":"[\"https://t.me/cryptocannabisgame\"]"}],"email":"strainbreeding@cryptocannabis.world","icon_url":"https://coin.top/production/logo/TKG5vrPMCp2E6oLNfYMBkspfSbWxsXpx1P.png","total_supply":0,"level":"1","total_supply_str":"","volume24h":0,"index":19,"volume":0,"issue_address":"THC8fB8Jqen4qErPYxCLkgwRSDtpf3RBCJ","holders_count":"11","decimals":2,"name":"Afghani","issue_time":"2019-07-07 10:23:15","white_paper":"https://cryptocannabis.world/whitepaper","social_media":""},{"issue_ts":0,"symbol":"Afghani","contract_address":"TU9zavoguRvTbW1STVEQXJE6L46kqwx1oZ","gain":"","home_page":"https://cryptocannabis.app","token_desc":"Crypto Cannabis Game: Smart Contract Collectible Afghani 100% Indica (1000 IndicaGeneSeed).","price_trx":0,"git_hub":"https://github.com/DEXExchange","price":"","total_supply_with_decimals":"100000","social_media_list":[{"name":"Twitter","url":"[\"https://twitter.com/CryptoCannabiz\"]"},{"name":"Telegram","url":"[\"https://t.me/CryptoCannabisGame\"]"},{"name":"Instagram","url":"[\"https://instagram.com/cryptocannabisgame\"]"},{"name":"Discord","url":"[\"https://discord.gg/sSBr98q\"]"}],"email":"strainbreeding@cryptocannabis.app","icon_url":"https://coin.top/production/upload/logo/TU9zavoguRvTbW1STVEQXJE6L46kqwx1oZ.png?t=1579049205054","total_supply":0,"level":"1","total_supply_str":"","volume24h":0,"index":20,"volume":0,"issue_address":"TJ8qZ1VHgXkfeWguh4SnJ4Ao3bVQGMPafB","holders_count":"6","decimals":2,"name":"Afghani","issue_time":"2020-01-15 00:43:59","white_paper":"https://t.me/CryptoCannabisGame/26622","social_media":""}]}[\n]"
12:57:32.430 [TestNG-tests-1] DEBUG org.apache.http.impl.conn.DefaultClientConnection - Connection 0.0.0.0:60965<->18.216.178.128:80 closed
12:57:32.430 [TestNG-tests-1] DEBUG org.apache.http.impl.conn.PoolingClientConnectionManager - Connection released: [id: 11][route: {}->http://apilist.tronscan.org:80][total kept alive: 0; route allocated: 0 of 80; total allocated: 0 of 100]
12:57:32.431 [TestNG-tests-1] INFO tron.common.TronscanApiList - ----------------------------Print JSON Start---------------------------
12:57:32.431 [TestNG-tests-1] INFO tron.common.TronscanApiList - total:536
12:57:32.431 [TestNG-tests-1] INFO tron.common.TronscanApiList - rangeTotal:536
12:57:32.432 [TestNG-tests-1] INFO tron.common.TronscanApiList - trc20_tokens:[{"issue_ts":0,"symbol":"\"PKT\"","contract_address":"TW2BkFwvkoH9Cx2zwifTacwkGSGiyiZWmt","gain":"","home_page":"https://pokertron.io/","token_desc":"Poker Tron is the first decentralized poker gaming platform on the TRON. It is totally transparent and probably fair. Video Poker game has been launched on the platform. Stay tuned as more are coming! In addition to being on the blockchain, Poker Tron is also decentralized in the sense that it is owned by the community of PKT holders. PKT holders own the platform, both its profits and decisions.","price_trx":0,"git_hub":"https://github.com/mimi125887/pkt_token","price":"","total_supply_with_decimals":"100000000000000","social_media_list":[{"name":"Twitter","url":"https://twitter.com/pokertron_io"},{"name":"Telegram","url":"https://t.me/pokertronio"},{"name":"Medium","url":"https://medium.com/poker-tron"}],"icon_url":"https://coin.top/production/logo/TW2BkFwvkoH9Cx2zwifTacwkGSGiyiZWmt.png","total_supply":0,"level":"0","total_supply_str":"","volume24h":0,"index":1,"volume":0,"issue_address":"TKQjuBWVbCJEPy76kYN9YVfTvefbKavaCW","holders_count":"12999","decimals":6,"name":"\"Poker Tron Token\"","issue_time":"2019-04-03 00:00:00","white_paper":"","social_media":""},{"issue_ts":0,"symbol":"0FUCKS","contract_address":"TDEvzXZAQY5uaUWsiABTNCkzq25FzQUBft","gain":"","home_page":"www.susiye.com","token_desc":"Hello","price_trx":0,"git_hub":"","price":"","total_supply_with_decimals":"100000000000000000000000000","social_media_list":[],"email":"amarazivara1@gmail.com","icon_url":"https://coin.top/production/upload/logo/default.png","total_supply":0,"level":"0","total_supply_str":"","volume24h":0,"index":2,"volume":0,"issue_address":"THhkNtyjDF8pRUpAoejhqxhESe3dVUZi2m","decimals":18,"name":"0 Fucks Token","issue_time":"2020-02-07 13:30:00","white_paper":"","social_media":""},{"issue_ts":0,"symbol":"ZTR","contract_address":"TSnym1iciTb53e7vbxDBdEMy9zZWBkvPc6","gain":"","home_page":"https://zethyr.exchange","token_desc":"ZTR is the native token of Zethyr exchange and can only be mined with trades there is noprivate of public sales of ZTR. Therefore, the number of circulating ZTR reflects the true trading activities of the exchange and the intrinsic value of ZTR will increase over time.","price_trx":0,"git_hub":"","price":"","total_supply_with_decimals":"82212200000000000000000","social_media_list":[{"name":"Twitter","url":"[\"https://twitter.com/zethyrexchange\"]"},{"name":"Telegram","url":"[\"https://t.me/ZethyrExchange\"]"}],"icon_url":"https://coin.top/production/upload/logo/TSnym1iciTb53e7vbxDBdEMy9zZWBkvPc6.png?t=1568877766706","total_supply":0,"level":"1","total_supply_str":"","volume24h":0,"index":3,"volume":0,"issue_address":"TQtRgHi2krnTGcon83LD6AbFvqpcWa4mk2","holders_count":"5","decimals":18,"name":"0xZTR","issue_time":"2019-09-19 03:47:27","white_paper":"https://zethyr.exchange/Zethyr-White-Paper-Draft-0.6.pdf","social_media":""},{"issue_ts":0,"symbol":"1UP","contract_address":"TJR9QLrPMkhBiJEtiE2ugcWJdinhzLSrSk","gain":"","home_page":"www.friendster.io","token_desc":"Friendster.io Dividend Token","price_trx":0,"git_hub":"https://github.com/Friendsterio/1up","price":"","total_supply_with_decimals":"100000000000000000","social_media_list":[{"name":"Twitter","url":"@friendster.io"}],"icon_url":"https://friendster.ninja/logo/1up.png","total_supply":0,"level":"1","total_supply_str":"","volume24h":0,"index":4,"volume":0,"issue_address":"TTUFDNoezLSfqFJ7Jh51ewFoNJtXJ9ZqWh","holders_count":"1","decimals":8,"name":"1UP","issue_time":"2019-04-13 00:00:00","white_paper":"www.friendster.io","social_media":""},{"issue_ts":0,"symbol":"PCB","contract_address":"TJzcEaqgYk9g4jZLEsB2DksLGikM4dWwYJ","gain":"","home_page":"451pcb.com","token_desc":"PCB is a TRC-20 token to promote, delevop and exchange open source hardware.\nIt will be distributed to the community who support, promote and develop open source hardware for create a reputation ranking and win open source hardware rewards.","price_trx":0,"git_hub":"https://github.com/451PCBCOM","price":"","total_supply_with_decimals":"100000000000000000000000000","social_media_list":[{"name":"Twitter","url":"[\"twitter.com/tokens_tron\"]"}],"email":"info@451pcb.com","icon_url":"https://coin.top/production/logo/TJzcEaqgYk9g4jZLEsB2DksLGikM4dWwYJ.png","total_supply":0,"level":"1","total_supply_str":"","volume24h":0,"index":5,"volume":0,"issue_address":"TRXRMho492gnAHHEF7CVXn1Vgfu7E6cgqB","holders_count":"310","decimals":18,"name":"451PCBCOM","issue_time":"2018-12-28 00:00:00","white_paper":"https://github.com/451PCBCOM/PCB-TRC20/blob/master/Whitepaper/PCB-Whitepaper-1.3-English.pdf","social_media":""},{"issue_ts":0,"symbol":"6KPEN","contract_address":"TCMjU3taxp19xNWMFQdQw45CYwQcqrsYqA","gain":"","home_page":"https://www.ibnz.co.uk/","token_desc":"This is Utility TRC20 Token for development purposes created by Justinas. Total supply 1mln, 18 decimals, ERC20 standard. Please do not send any tokens to contract address..","price_trx":0,"git_hub":"","price":"","total_supply_with_decimals":"1000000000000000000000000","social_media_list":[],"icon_url":"https://coin.top/production/logo/TCMjU3taxp19xNWMFQdQw45CYwQcqrsYqA.png","total_supply":0,"level":"0","total_supply_str":"","volume24h":0,"index":6,"volume":0,"issue_address":"","holders_count":"317","decimals":18,"name":"6KPEN_Token","issue_time":"2018-12-20 10:29:20","white_paper":"","social_media":""},{"issue_ts":0,"symbol":"SVN","contract_address":"TZDGsbkDuZQUjVmAMo934Yj8CHEzsQBAkA","gain":"","home_page":"https://7tron.io/","token_desc":"7tron it’s a community-driven platform for decentralized games where everyone can enjoy the benefits of true digital ownership, provable fairness, privacy, and the ability to make a real profit through games.","price_trx":0,"git_hub":"","price":"","total_supply_with_decimals":"100000000000000","social_media_list":[],"icon_url":"https://coin.top/production/logo/TZDGsbkDuZQUjVmAMo934Yj8CHEzsQBAkA.png","total_supply":0,"level":"0","total_supply_str":"","volume24h":0,"index":7,"volume":0,"issue_address":"TRWRVz9yyeFFXBkK9jwUVbJyzuTvr7GdNc","holders_count":"201","decimals":6,"name":"7Tron","issue_time":"2019-07-20 19:41:32","white_paper":"https://7tron.io/static/whitepaper.pdf","social_media":""},{"issue_ts":0,"symbol":"888","contract_address":"TLvDJcvKJDi3QuHgFbJC6SeTj3UacmtQU3","gain":"","home_page":"https://888tron.com","token_desc":"888 Token is a unique and fully decentralized TRC20 token on Tron blockchain. The supply of tokens is limited. It’s main goal is to bring wealth to its owners in transparent and fair way. 888 Token can only be mined by playing on 888tron.com. Distribution of 888 tokens is made automatically by smart contract in a real live mode.","price_trx":0,"git_hub":"https://github.com/888tron","price":"","total_supply_with_decimals":"99943970074964","social_media_list":[{"name":"Twitter","url":"https://twitter.com/888Tron"},{"name":"Telegram","url":"https://t.me/tron888"}],"icon_url":"https://coin.top/production/logo/TLvDJcvKJDi3QuHgFbJC6SeTj3UacmtQU3.png","total_supply":0,"level":"2","total_supply_str":"","volume24h":0,"index":8,"market_info":{"fShortName":"888","sTokenAddr":"T9yD14Nj9j7xAB4dbGeiX9h8unkKHxuWwb","pairId":40,"txCount24h":59,"priceInTrx":15.100000,"volume24hInTrx":37423.984453,"fTokenAddr":"TLvDJcvKJDi3QuHgFbJC6SeTj3UacmtQU3","gain":0.006667,"sShortName":"TRX"},"volume":0,"issue_address":"TXepXZ8b8ccZNndmpr3fsH8tZ9z7S2JTN4","holders_count":"7287","decimals":6,"name":"888Tron","issue_time":"2019-02-13 19:11:16","white_paper":"https://888tron.com/wp/888Tron_en.pdf","social_media":""},{"issue_ts":0,"symbol":"AB","contract_address":"TNbYoP22d74RWy4ETssHsXYFrnmmbQ2fvt","gain":"","home_page":"https://www.allbet.io","token_desc":"ALLBET(AB) ALLBET is an ecological online bet and game entertainment platform that is built based on blockchain.","price_trx":0,"git_hub":"","price":"","total_supply_with_decimals":"2996238827000000","social_media_list":[{"name":"telegram","url":"https://t.me/allbetAB"}],"icon_url":"https://www.allbet.io/svg/ab_token_logo.svg","total_supply":0,"level":"1","total_supply_str":"","volume24h":0,"index":9,"volume":0,"issue_address":"TFmqvCQEmu5J6NCsg2WePJtNpNqzDWyJEQ","holders_count":"1426","decimals":6,"name":"AB","issue_time":"2018-12-06 00:00:00","white_paper":"https://www.allbet.io/pdf/whitebook.pdf","social_media":""},{"issue_ts":0,"symbol":"APL","contract_address":"TXYhKLxwbsVRJ7JuZx1WMZqS74zZXEZJ9y","gain":"","home_page":"www.attex.com","token_desc":"","price_trx":0,"git_hub":"","price":"","total_supply_with_decimals":"1000000000000000","social_media_list":[{"name":"Twitter","url":"https://twitter.com/AAAAAAAAAPL"}],"icon_url":"https://coin.top/production/logo/TXYhKLxwbsVRJ7JuZx1WMZqS74zZXEZJ9y.png","total_supply":0,"level":"1","total_supply_str":"","volume24h":0,"index":10,"volume":0,"issue_address":"","holders_count":"3636","decimals":6,"name":"APL","issue_time":"2019-06-12 17:58:08","white_paper":"http://www.whitepaperlibrary.info/wp-content/uploads/APL-Whitepaper.pdf","social_media":""},{"issue_ts":0,"symbol":"APG","contract_address":"TCcWnntbQ2oDtunfWFxv1tvZsYMc4vARUf","gain":"","home_page":"http://anphunbconcept.com/","token_desc":"APetGold Coin (APG) - Profit Gold in the AnPhu NBConcept ecosystem","price_trx":0,"git_hub":"","price":"","total_supply_with_decimals":"50000000000000","social_media_list":[{"name":"Twitter","url":"[\"https://twitter.com/AnPhuNBConept\"]"},{"name":"Facebook","url":"[\"https://www.facebook.com/apetcoin\"]"},{"name":"Telegram","url":"[\"https://t.me/joinchat/Nwfs9BNLlgQRkYiVOcFcZw\"]"},{"name":"Discord","url":"[\"https://discord.gg/9JbQMAA\"]"}],"email":"apetcointronscan@gmail.com","icon_url":"https://coin.top/production/upload/logo/TCcWnntbQ2oDtunfWFxv1tvZsYMc4vARUf.png?t=1576171050567","total_supply":0,"level":"0","total_supply_str":"","volume24h":0,"index":11,"volume":0,"issue_address":"TAxgLxaZGx7ZBeokyGZWharKBC5V9FU4ou","holders_count":"2","decimals":6,"name":"APetGold Coin","issue_time":"2019-12-12 17:15:58","white_paper":"","social_media":""},{"issue_ts":0,"symbol":"APG","contract_address":"TJAh8TBnRM8Hz6GYQrDmLd3PcDNVpjA1Rn","gain":"","home_page":"http://anphunbconcept.com/","token_desc":"ApetGold Coin - Profit Gold in the AnPhu NBConcept ecosystem","price_trx":0,"git_hub":"","price":"","total_supply_with_decimals":"50000000000000","social_media_list":[{"name":"Telegram","url":"[\"https://t.me/joinchat/Nwfs9BNLlgQRkYiVOcFcZw\"]"}],"email":"apetcointronscan@gmail.com","icon_url":"https://coin.top/production/upload/logo/TJAh8TBnRM8Hz6GYQrDmLd3PcDNVpjA1Rn.png?t=1576167768714","total_supply":0,"level":"0","total_supply_str":"","volume24h":0,"index":12,"volume":0,"issue_address":"TSgJZuNj6zRf21Hn4Tbrmteu8db79VtfE7","decimals":6,"name":"APetGold Coin","issue_time":"2019-12-12 16:21:13","white_paper":"","social_media":""},{"issue_ts":0,"symbol":"ASLA","contract_address":"TDFoofWoS8tmgf84sw628DUVMi3dmjkU4M","gain":"","home_page":"aslaproject.com","token_desc":"It is a functional decentralized environment for investment and earnings.\nBuilt on the basis of blockchain, working on the basis of smart contracts. Which domestic currency is ASLA.","price_trx":0,"git_hub":"","price":"","total_supply_with_decimals":"149999999999977","social_media_list":[{"name":"Twitter","url":"[\"https://twitter.com/ASLAproject\"]"},{"name":"Facebook","url":"[\"https://www.facebook.com/ASLAproject-103824224487730\"]"},{"name":"Telegram","url":"[\"t.me/ASLAproject\"]"},{"name":"Reddit","url":"[\"https://www.reddit.com/user/ASLA_Project\"]"},{"name":"Medium","url":"[\"https://medium.com/@aslaproject01\"]"}],"email":"aslaproject2019@gmail.com","icon_url":"https://coin.top/production/upload/logo/TDFoofWoS8tmgf84sw628DUVMi3dmjkU4M.png?t=1579797521627","total_supply":0,"level":"0","total_supply_str":"","volume24h":0,"index":13,"volume":0,"issue_address":"TPNfJTznupasSqu2NK3KZdSbz3fwmjaY5h","holders_count":"4591","decimals":6,"name":"ASLAproject","issue_time":"2020-01-23 16:37:42","white_paper":"","social_media":""},{"issue_ts":0,"symbol":"ATT","contract_address":"TVwXxvyYawS21PT1B7XZxBZCMbQZLUENoE","gain":"","home_page":"http://www.attchain.com/#/","token_desc":"Africa Trading Chain can be used to improve the financial support level of China-Africa cooperation by blockchain technology. The project origin is from the “One Belt and One Road” initiative and is based in Africa . It is also receiving strong supports from many African governments.","price_trx":0,"git_hub":"","price":"","total_supply_with_decimals":"990000000000000000","social_media_list":[],"icon_url":"https://coin.top/production/logo/TVwXxvyYawS21PT1B7XZxBZCMbQZLUENoE.png","total_supply":0,"level":"0","total_supply_str":"","volume24h":0,"index":14,"market_info":{"fShortName":"ATT","sTokenAddr":"T9yD14Nj9j7xAB4dbGeiX9h8unkKHxuWwb","pairId":38,"txCount24h":15,"priceInTrx":0.000130,"volume24hInTrx":43870.425936,"fTokenAddr":"TVwXxvyYawS21PT1B7XZxBZCMbQZLUENoE","gain":0.000000,"sShortName":"TRX"},"volume":0,"issue_address":"TJmRPS6dLAYZb5zXVADVqwQ3f8xYkuGh6B","holders_count":"34804","decimals":6,"name":"ATT","issue_time":"2018-11-30 00:00:00","white_paper":"https://www.attchain.com/ATT%20Africa-Trading%20Token-?-Eng.pdf","social_media":""},{"issue_ts":0,"symbol":"AcaGold","contract_address":"TL31f4xe8kWJDDB7BFR1y11Knge4pep6Lw","gain":"","home_page":"https://cryptocannabis.app","token_desc":"Crypto Cannabis Game: Smart Contract Collectible AcapulcoGold (AcaGold) 100% Indica 1000 SativaGeneSeed","price_trx":0,"git_hub":"https://github.com/DEXExchange","price":"","total_supply_with_decimals":"100000","social_media_list":[{"name":"Twitter","url":"[\"https://twitter.com/CryptoCannabiz\"]"},{"name":"Telegram","url":"[\"https://t.me/CryptoCannabisGame\"]"},{"name":"Instagram","url":"[\"https://instagram.com/cryptocannabisgame\"]"},{"name":"Discord","url":"[\"https://discord.gg/sSBr98q\"]"}],"email":"strainbreeding@cryptocannabis.app","icon_url":"https://coin.top/production/upload/logo/TL31f4xe8kWJDDB7BFR1y11Knge4pep6Lw.png?t=1576441250841","total_supply":0,"level":"1","total_supply_str":"","volume24h":0,"index":15,"volume":0,"issue_address":"TJ8qZ1VHgXkfeWguh4SnJ4Ao3bVQGMPafB","holders_count":"4","decimals":2,"name":"AcapulcoGold","issue_time":"2019-12-15 20:16:47","white_paper":"https://t.me/CryptoCannabisGame/26622","social_media":""},{"issue_ts":0,"symbol":"ACEH","contract_address":"TYKJW9dAvFq2ttRN99jrCyVWw2Qr2xz3H9","gain":"","home_page":"https://cryptocannabis.app","token_desc":"Crypto Cannabis Game: Smart Contract Collectible Aceh (ACE)100% Sativa 1000 SativaGeneSeed","price_trx":0,"git_hub":"https://github.com/DEXExchange","price":"","total_supply_with_decimals":"100000","social_media_list":[{"name":"Twitter","url":"[\"https://twitter.com/CryptoCannabiz\"]"},{"name":"Telegram","url":"[\"https://t.me/CryptoCannabisGame\"]"},{"name":"Instagram","url":"[\"https://instagram.com/cryptocannabisgame\"]"},{"name":"Discord","url":"[\"https://discord.gg/sSBr98q\"]"}],"email":"strainbreeding@cryptocannabis.app","icon_url":"https://coin.top/production/upload/logo/TYKJW9dAvFq2ttRN99jrCyVWw2Qr2xz3H9.png?t=1576367164852","total_supply":0,"level":"1","total_supply_str":"","volume24h":0,"index":16,"volume":0,"issue_address":"TJ8qZ1VHgXkfeWguh4SnJ4Ao3bVQGMPafB","holders_count":"5","decimals":2,"name":"Aceh","issue_time":"2019-12-14 23:22:43","white_paper":"https://t.me/CryptoCannabisGame/26622","social_media":""},{"issue_ts":0,"symbol":"ADC","contract_address":"THPtEUh2Dh1JvT2Aexeh3c3vvJX2uH9wb6","gain":"","home_page":"adconstitue.com","token_desc":"ADC是一种可线上操作的数字货币，用户可以使用去集币进行线上交易。ADC采用MasterNode服务器支撑区块链网络，具有P2P网络的特性和去中心化特性。通过对各节点采取奖励机制实现例如即时或匿名支付，实现了分散的治理系统。","price_trx":0,"git_hub":"https://github.com/Adconstitue/ADC/blob/master/TRC20Detailed.sol","price":"","total_supply_with_decimals":"1000000000000000","social_media_list":[{"name":"Twitter","url":"[\"https://twitter.com/Adadconstitue\"]"}],"icon_url":"https://coin.top/production/upload/logo/default.png?t=1566140649095","total_supply":0,"level":"1","total_supply_str":"","volume24h":0,"index":17,"volume":0,"issue_address":"TNSQfURsQ3ooxFtijJeRdVa1Xerb39wDbj","decimals":6,"name":"Ad constitue","issue_time":"2019-08-18 15:04:09","white_paper":"http://www.whitepaperlibrary.info/wp-content/uploads/ADC.pdf","social_media":""},{"issue_ts":0,"symbol":"AEON","contract_address":"TVQg57bu9nGtWgep4Lxr6L1FtcBuoDCwCC","gain":"","home_page":"https://www.aeonplay.net/","token_desc":"The highest dividends gambling dApp. No need to freeze, just play and get your divs! 60% of house edge go to dividends pool and 20% to backup token's value.","price_trx":0,"git_hub":"","price":"","total_supply_with_decimals":"51292000000","social_media_list":[{"name":"Telegram","url":"[\"https://t.me/aeonplaygroup\"]"}],"email":"lisenokmanage@gmail.com","icon_url":"https://coin.top/production/upload/logo/TVQg57bu9nGtWgep4Lxr6L1FtcBuoDCwCC.png?t=1574619050537","total_supply":0,"level":"0","total_supply_str":"","volume24h":0,"index":18,"volume":0,"issue_address":"TP8CLDnVJqv5CsVh1VwZC89DJMtdGtuBk1","holders_count":"22","decimals":6,"name":"Aeon Token","issue_time":"2019-11-24 18:05:54","white_paper":"","social_media":""},{"issue_ts":0,"symbol":"AFG","contract_address":"TKG5vrPMCp2E6oLNfYMBkspfSbWxsXpx1P","gain":"","home_page":"https://cryptocannabis.app","token_desc":"Crypto Cannabis Game: Smart Contract Collectible Afghani (AFG)100% Indica 1000 IndicaGeneSeed","price_trx":0,"git_hub":"https://github.com/dexexchange","price":"","total_supply_with_decimals":"100000","social_media_list":[{"name":"Twitter","url":"[\"https://twitter.com/cryptocannabiz\"]"},{"name":"Telegram","url":"[\"https://t.me/cryptocannabisgame\"]"}],"email":"strainbreeding@cryptocannabis.world","icon_url":"https://coin.top/production/logo/TKG5vrPMCp2E6oLNfYMBkspfSbWxsXpx1P.png","total_supply":0,"level":"1","total_supply_str":"","volume24h":0,"index":19,"volume":0,"issue_address":"THC8fB8Jqen4qErPYxCLkgwRSDtpf3RBCJ","holders_count":"11","decimals":2,"name":"Afghani","issue_time":"2019-07-07 10:23:15","white_paper":"https://cryptocannabis.world/whitepaper","social_media":""},{"issue_ts":0,"symbol":"Afghani","contract_address":"TU9zavoguRvTbW1STVEQXJE6L46kqwx1oZ","gain":"","home_page":"https://cryptocannabis.app","token_desc":"Crypto Cannabis Game: Smart Contract Collectible Afghani 100% Indica (1000 IndicaGeneSeed).","price_trx":0,"git_hub":"https://github.com/DEXExchange","price":"","total_supply_with_decimals":"100000","social_media_list":[{"name":"Twitter","url":"[\"https://twitter.com/CryptoCannabiz\"]"},{"name":"Telegram","url":"[\"https://t.me/CryptoCannabisGame\"]"},{"name":"Instagram","url":"[\"https://instagram.com/cryptocannabisgame\"]"},{"name":"Discord","url":"[\"https://discord.gg/sSBr98q\"]"}],"email":"strainbreeding@cryptocannabis.app","icon_url":"https://coin.top/production/upload/logo/TU9zavoguRvTbW1STVEQXJE6L46kqwx1oZ.png?t=1579049205054","total_supply":0,"level":"1","total_supply_str":"","volume24h":0,"index":20,"volume":0,"issue_address":"TJ8qZ1VHgXkfeWguh4SnJ4Ao3bVQGMPafB","holders_count":"6","decimals":2,"name":"Afghani","issue_time":"2020-01-15 00:43:59","white_paper":"https://t.me/CryptoCannabisGame/26622","social_media":""}]
12:57:32.432 [TestNG-tests-1] INFO tron.common.TronscanApiList - JSON content size are: 3
12:57:32.432 [TestNG-tests-1] INFO tron.common.TronscanApiList - ----------------------------Print JSON End-----------------------------
http://apilist.tronscan.org/api/trc10trc20-transfer
12:57:32.433 [TestNG-tests-1] DEBUG org.apache.http.impl.conn.PoolingClientConnectionManager - Connection request: [route: {}->http://apilist.tronscan.org:80][total kept alive: 0; route allocated: 0 of 80; total allocated: 0 of 100]
12:57:32.433 [TestNG-tests-1] DEBUG org.apache.http.impl.conn.PoolingClientConnectionManager - Connection leased: [id: 12][route: {}->http://apilist.tronscan.org:80][total kept alive: 0; route allocated: 1 of 80; total allocated: 1 of 100]
12:57:32.433 [TestNG-tests-1] DEBUG org.apache.http.impl.conn.DefaultClientConnectionOperator - Connecting to apilist.tronscan.org:80
12:57:32.736 [TestNG-tests-1] DEBUG org.apache.http.client.protocol.RequestAddCookies - CookieSpec selected: default
12:57:32.737 [TestNG-tests-1] DEBUG org.apache.http.client.protocol.RequestAuthCache - Auth cache not set in the context
12:57:32.737 [TestNG-tests-1] DEBUG org.apache.http.client.protocol.RequestTargetAuthentication - Target auth state: UNCHALLENGED
12:57:32.737 [TestNG-tests-1] DEBUG org.apache.http.client.protocol.RequestProxyAuthentication - Proxy auth state: UNCHALLENGED
12:57:32.737 [TestNG-tests-1] DEBUG org.apache.http.impl.client.DefaultHttpClient - Attempt 1 to execute request
12:57:32.737 [TestNG-tests-1] DEBUG org.apache.http.impl.conn.DefaultClientConnection - Sending request: GET /api/trc10trc20-transfer?total=0&address=TMuA6YqfCeX8EhbfYEg5y7S4DqzSJireY9&end_timestamp=1567588908615&start_timestamp=1529856000000&limit=20&start=0&count=true&sort=-timestamp&direction=all HTTP/1.1
12:57:32.737 [TestNG-tests-1] DEBUG org.apache.http.wire -  >> "GET /api/trc10trc20-transfer?total=0&address=TMuA6YqfCeX8EhbfYEg5y7S4DqzSJireY9&end_timestamp=1567588908615&start_timestamp=1529856000000&limit=20&start=0&count=true&sort=-timestamp&direction=all HTTP/1.1[\r][\n]"
12:57:32.737 [TestNG-tests-1] DEBUG org.apache.http.wire -  >> "Content-type: application/json; charset=utf-8[\r][\n]"
12:57:32.737 [TestNG-tests-1] DEBUG org.apache.http.wire -  >> "Connection: Close[\r][\n]"
12:57:32.737 [TestNG-tests-1] DEBUG org.apache.http.wire -  >> "Host: apilist.tronscan.org[\r][\n]"
12:57:32.737 [TestNG-tests-1] DEBUG org.apache.http.wire -  >> "User-Agent: Apache-HttpClient/4.5.3 (Java/1.8.0_211)[\r][\n]"
12:57:32.737 [TestNG-tests-1] DEBUG org.apache.http.wire -  >> "[\r][\n]"
12:57:32.737 [TestNG-tests-1] DEBUG org.apache.http.headers - >> GET /api/trc10trc20-transfer?total=0&address=TMuA6YqfCeX8EhbfYEg5y7S4DqzSJireY9&end_timestamp=1567588908615&start_timestamp=1529856000000&limit=20&start=0&count=true&sort=-timestamp&direction=all HTTP/1.1
12:57:32.737 [TestNG-tests-1] DEBUG org.apache.http.headers - >> Content-type: application/json; charset=utf-8
12:57:32.737 [TestNG-tests-1] DEBUG org.apache.http.headers - >> Connection: Close
12:57:32.737 [TestNG-tests-1] DEBUG org.apache.http.headers - >> Host: apilist.tronscan.org
12:57:32.737 [TestNG-tests-1] DEBUG org.apache.http.headers - >> User-Agent: Apache-HttpClient/4.5.3 (Java/1.8.0_211)
12:57:35.031 [TestNG-tests-1] DEBUG org.apache.http.wire -  << "HTTP/1.1 200 OK[\r][\n]"
12:57:35.031 [TestNG-tests-1] DEBUG org.apache.http.wire -  << "Server: nginx[\r][\n]"
12:57:35.031 [TestNG-tests-1] DEBUG org.apache.http.wire -  << "Date: Fri, 27 Mar 2020 04:57:35 GMT[\r][\n]"
12:57:35.031 [TestNG-tests-1] DEBUG org.apache.http.wire -  << "Content-Type: application/json;charset=utf-8[\r][\n]"
12:57:35.031 [TestNG-tests-1] DEBUG org.apache.http.wire -  << "Content-Length: 9364[\r][\n]"
12:57:35.031 [TestNG-tests-1] DEBUG org.apache.http.wire -  << "Connection: close[\r][\n]"
12:57:35.031 [TestNG-tests-1] DEBUG org.apache.http.wire -  << "Vary: Accept-Encoding[\r][\n]"
12:57:35.031 [TestNG-tests-1] DEBUG org.apache.http.wire -  << "Access-Control-Allow-Origin: *[\r][\n]"
12:57:35.031 [TestNG-tests-1] DEBUG org.apache.http.wire -  << "Access-Control-Allow-Headers: DNT,X-Mx-ReqToken,Keep-Alive,User-Agent,X-Requested-With,If-Modified-Since,Cache-Control,Content-Type,Authorization[\r][\n]"
12:57:35.031 [TestNG-tests-1] DEBUG org.apache.http.wire -  << "Access-Control-Allow-Methods: GET,POST,PUT,DELETE,OPTIONS[\r][\n]"
12:57:35.031 [TestNG-tests-1] DEBUG org.apache.http.wire -  << "X-Proxy-Cache: MISS[\r][\n]"
12:57:35.031 [TestNG-tests-1] DEBUG org.apache.http.wire -  << "[\r][\n]"
12:57:35.031 [TestNG-tests-1] DEBUG org.apache.http.impl.conn.DefaultClientConnection - Receiving response: HTTP/1.1 200 OK
12:57:35.032 [TestNG-tests-1] DEBUG org.apache.http.headers - << HTTP/1.1 200 OK
12:57:35.032 [TestNG-tests-1] DEBUG org.apache.http.headers - << Server: nginx
12:57:35.032 [TestNG-tests-1] DEBUG org.apache.http.headers - << Date: Fri, 27 Mar 2020 04:57:35 GMT
12:57:35.032 [TestNG-tests-1] DEBUG org.apache.http.headers - << Content-Type: application/json;charset=utf-8
12:57:35.032 [TestNG-tests-1] DEBUG org.apache.http.headers - << Content-Length: 9364
12:57:35.032 [TestNG-tests-1] DEBUG org.apache.http.headers - << Connection: close
12:57:35.032 [TestNG-tests-1] DEBUG org.apache.http.headers - << Vary: Accept-Encoding
12:57:35.032 [TestNG-tests-1] DEBUG org.apache.http.headers - << Access-Control-Allow-Origin: *
12:57:35.032 [TestNG-tests-1] DEBUG org.apache.http.headers - << Access-Control-Allow-Headers: DNT,X-Mx-ReqToken,Keep-Alive,User-Agent,X-Requested-With,If-Modified-Since,Cache-Control,Content-Type,Authorization
12:57:35.032 [TestNG-tests-1] DEBUG org.apache.http.headers - << Access-Control-Allow-Methods: GET,POST,PUT,DELETE,OPTIONS
12:57:35.032 [TestNG-tests-1] DEBUG org.apache.http.headers - << X-Proxy-Cache: MISS
http://apilist.tronscan.org/api/trc10trc20-transfer?total=0&address=TMuA6YqfCeX8EhbfYEg5y7S4DqzSJireY9&end_timestamp=1567588908615&start_timestamp=1529856000000&limit=20&start=0&count=true&sort=-timestamp&direction=all 请求总耗时：2599 毫秒
12:57:35.032 [TestNG-tests-1] DEBUG org.apache.http.wire -  << "{"total":269,"rangeTotal":269,"transfers":[{"contractRet":"SUCCESS","amount":"1326495690215502","cost":{"net_fee":0,"energy_usage":0,"energy_fee":0,"energy_usage_total":28248,"origin_energy_usage":28248,"net_usage":345},"date_created":1566962952000,"owner_address":"TNmswrFoYGfVJ1upMWdgbPAsGN585yAJRB","block":12240437,"to_address":"TMuA6YqfCeX8EhbfYEg5y7S4DqzSJireY9","contract_address":"TLa2f6VPqDgRE67v1736s7bJ8Ray5wYjU7","type":"trc20","from_address":"TNmswrFoYGfVJ1upMWdgbPAsGN585yAJRB","confirmed":true,"hash":"be3f830d9d50b6908fdda02e107d0e438eca1f77b8f95799163e7cf4e50ea935"},{"contractRet":"SUCCESS","amount":10000000,"cost":{"net_fee":0,"energy_usage":0,"energy_fee":0,"energy_usage_total":0,"origin_energy_usage":0,"net_usage":282},"token_id":"1002597","date_created":1566615618000,"token_name":"ZOO","block":12124812,"owner_address":"TMWsaJZxYA6PKubJj6nEjUBDgCGpsuiSzy","to_address":"TMuA6YqfCeX8EhbfYEg5y7S4DqzSJireY9","type":"trc10","confirmed":true,"hash":"0978e27efd12561ae060e17bfce49060e676652cabb32112b008794c324cbbbe"},{"contractRet":"SUCCESS","amount":2408764623462368,"cost":{"net_fee":0,"energy_usage":0,"energy_fee":0,"energy_usage_total":0,"origin_energy_usage":0,"net_usage":272},"token_id":"_","date_created":1566615606000,"token_name":"trx","block":12124808,"owner_address":"TMuA6YqfCeX8EhbfYEg5y7S4DqzSJireY9","to_address":"TWd4WrZ9wn84f5x1hZhL4DHvk738ns5jwb","type":"trc10","confirmed":true,"hash":"8f044c66341fbebc1c6d8d0a1939e3305d18333295499588e0c80e317f768e37"},{"contractRet":"SUCCESS","amount":4000,"cost":{"net_fee":0,"energy_usage":0,"energy_fee":0,"energy_usage_total":0,"origin_energy_usage":0,"net_usage":280},"token_id":"1002593","date_created":1566265647000,"token_name":"TRONSECURITY","block":12008403,"owner_address":"TFQyYdPTpsVnF3ys9KTDu9ToNTUfixK6Dw","to_address":"TMuA6YqfCeX8EhbfYEg5y7S4DqzSJireY9","type":"trc10","confirmed":true,"hash":"895e2f6b0ef5c3b4234c8febf58a26a41712110b9e1a6ca0afff672653751ee3"},{"contractRet":"SUCCESS","amount":100,"cost":{"net_fee":0,"energy_usage":0,"energy_fee":0,"energy_usage_total":0,"origin_energy_usage":0,"net_usage":279},"token_id":"1002593","date_created":1566256335000,"token_name":"TRONSECURITY","block":12005305,"owner_address":"TFQyYdPTpsVnF3ys9KTDu9ToNTUfixK6Dw","to_address":"TMuA6YqfCeX8EhbfYEg5y7S4DqzSJireY9","type":"trc10","confirmed":true,"hash":"db49f69f17ba6f85a9d6338985e41a7ca26bcd8d7f7db6c491f7b5d1dbea49b0"},{"contractRet":"SUCCESS","amount":150000,"cost":{"net_fee":0,"energy_usage":0,"energy_fee":0,"energy_usage_total":0,"origin_energy_usage":0,"net_usage":282},"token_id":"1002270","date_created":1565797179000,"token_name":"KvazarCash","block":11853584,"owner_address":"TMSpdYHCgZuxM7AjqKsjGMM1cpxraFuZGp","to_address":"TMuA6YqfCeX8EhbfYEg5y7S4DqzSJireY9","type":"trc10","confirmed":true,"hash":"c8900c2ff5ef65c4fc59437fa699f12aef38ca4613ee1d06cc157e8951b95938"},{"contractRet":"SUCCESS","amount":10000000,"cost":{"net_fee":0,"energy_usage":0,"energy_fee":0,"energy_usage_total":0,"origin_energy_usage":0,"net_usage":275},"token_id":"1002552","date_created":1565666223000,"token_name":"Luck","block":11810087,"owner_address":"TX6uLWeGVEJU9BU3kLgd6gV7X8jUG6Sqp7","to_address":"TMuA6YqfCeX8EhbfYEg5y7S4DqzSJireY9","type":"trc10","confirmed":true,"hash":"8ea8b81a82566cd9e8c71b44e28896708a5c7302720f96871b793f66164cdd77"},{"contractRet":"SUCCESS","amount":143522459096375,"cost":{"net_fee":0,"energy_usage":0,"energy_fee":0,"energy_usage_total":0,"origin_energy_usage":0,"net_usage":285},"token_id":"1002000","date_created":1565484966000,"token_name":"BitTorrent","block":11749904,"owner_address":"TNGFJpprrfyPTKSTBtZjTpJuiGspNodeFG","to_address":"TMuA6YqfCeX8EhbfYEg5y7S4DqzSJireY9","type":"trc10","confirmed":true,"hash":"27ee36683aaa96483591776e8d1a1cf39b7abd01a8e386b09b6048c9615564e1"},{"contractRet":"SUCCESS","amount":100000,"cost":{"net_fee":0,"energy_usage":0,"energy_fee":0,"energy_usage_total":0,"origin_energy_usage":0,"net_usage":282},"token_id":"1002270","date_created":1565247600000,"token_name":"KvazarCash","block":11670989,"owner_address":"TMSp"
12:57:35.032 [TestNG-tests-1] DEBUG org.apache.http.wire -  << "dYHCgZuxM7AjqKsjGMM1cpxraFuZGp","to_address":"TMuA6YqfCeX8EhbfYEg5y7S4DqzSJireY9","type":"trc10","confirmed":true,"hash":"752d3ba764d1fd7e3d9c39a3b7e6a6be1469123b46f232b6202c5289b1ed5226"},{"contractRet":"SUCCESS","amount":10000000,"cost":{"net_fee":0,"energy_usage":0,"energy_fee":0,"energy_usage_total":0,"origin_energy_usage":0,"net_usage":282},"token_id":"1002573","date_created":1564916463000,"token_name":"BTCX","block":11561178,"owner_address":"TRsmdUgtWueUj7sZCZbuh19jqyZjjSZr2N","to_address":"TMuA6YqfCeX8EhbfYEg5y7S4DqzSJireY9","type":"trc10","confirmed":true,"hash":"703e43ba411b8441c3f24bdb707fa30d847bb461db95dd9fae30f91d9e8c3b63"},{"contractRet":"SUCCESS","amount":20748946816993068,"cost":{"net_fee":0,"energy_usage":0,"energy_fee":0,"energy_usage_total":0,"origin_energy_usage":0,"net_usage":286},"token_id":"1002000","date_created":1564916454000,"token_name":"BitTorrent","block":11561175,"owner_address":"TMuA6YqfCeX8EhbfYEg5y7S4DqzSJireY9","to_address":"TWd4WrZ9wn84f5x1hZhL4DHvk738ns5jwb","type":"trc10","confirmed":true,"hash":"2019e4fd8ec79e3d9324fa13507c2296ab4b501ce90038ec2bff513d52d4e7bd"},{"contractRet":"SUCCESS","amount":9000000,"cost":{"net_fee":0,"energy_usage":0,"energy_fee":0,"energy_usage_total":0,"origin_energy_usage":0,"net_usage":275},"token_id":"1000872","date_created":1564381215000,"token_name":"QTRON","block":1138"
12:57:35.032 [TestNG-tests-1] DEBUG org.apache.http.wire -  << "3753,"owner_address":"TWfmkWdc2UVxcXrrAuut8MerPkfPbu4U7c","to_address":"TMuA6YqfCeX8EhbfYEg5y7S4DqzSJireY9","type":"trc10","confirmed":true,"hash":"155a4d98b251daae37bf53513aff45f3290bf827dab47ea7462cf503fc6626f5"},{"contractRet":"SUCCESS","amount":10000000000,"cost":{"net_fee":0,"energy_usage":0,"energy_fee":0,"energy_usage_total":0,"origin_energy_usage":0,"net_usage":283},"token_id":"1002551","date_created":1563891432000,"token_name":"Bitvaluta","block":11225716,"owner_address":"TVrGxBCQkWjQ52D7S67UgFsUzcX4E8EsNB","to_address":"TMuA6YqfCeX8EhbfYEg5y7S4DqzSJireY9","type":"trc10","confirmed":true,"hash":"e01cb603c028a5b5410a20eb7713b95a9fab102ff28e8c8dd7c04cd759f70215"},{"contractRet":"SUCCESS","amount":568,"cost":{"net_fee":0,"energy_usage":0,"energy_fee":0,"energy_usage_total":0,"origin_energy_usage":0,"net_usage":273},"date_created":1563559716000,"owner_address":"TVbf7WUSHDKRVDeKYxYBDvfut3vS2YnJap","to_address":"TMuA6YqfCeX8EhbfYEg5y7S4DqzSJireY9","type":"trc10","confirmed":true,"token_id":"1001112","token_name":"TRONUSD","block":11118426,"contract_ret":"SUCCESS","hash":"d586983dbe6c0a356d9463faf63083e7e4ee3c748407ef4d1cc681a48798f2b1"},{"contractRet":"SUCCESS","amount":10000000,"cost":{"net_fee":0,"energy_usage":0,"energy_fee":0,"energy_usage_total":0,"origin_energy_usage":0,"net_usage":282},"token_id":"1002544","date_created":1563224262000,"token_name":"CABBY","block":11006918,"owner_address":"TH1aHbrRaZitJbHEwTE5HNnj9G6pjisd8E","to_address":"TMuA6YqfCeX8EhbfYEg5y7S4DqzSJireY9","type":"trc10","confirmed":true,"hash":"413cad12cc162e69a760fda25a6c2dd308f110be356f0cf0407968f259e9be8b"},{"contractRet":"SUCCESS","amount":9000000,"cost":{"net_fee":2680,"energy_usage":0,"energy_fee":0,"energy_usage_total":0,"origin_energy_usage":0,"net_usage":0},"token_id":"_","date_created":1563224250000,"token_name":"trx","block":11006914,"owner_address":"TAUN6FwrnwwmaEqYcckffC7wYmbaS6cBiX","to_address":"TMuA6YqfCeX8EhbfYEg5y7S4DqzSJireY9","type":"trc10","confirmed":true,"hash":"bf684ef41161f633171379738988d6774d1426c1606a9314147f92e44b00588a"},{"contractRet":"SUCCESS","amount":143554553439335,"cost":{"net_fee":0,"energy_usage":0,"energy_fee":0,"energy_usage_total":0,"origin_energy_usage":0,"net_usage":285},"token_id":"1002000","date_created":1562825307000,"token_name":"BitTorrent","block":10874266,"owner_address":"TETa4ctzMWyUKbvtg276gTwM1zqma888BU","to_address":"TMuA6YqfCeX8EhbfYEg5y7S4DqzSJireY9","type":"trc10","confirmed":true,"hash":"0c4c97a5e2ed71c9c5651ab887bf47561f83b7f8b5647fed6717e7be1095d7ea"},{"contractRet":"SUCCESS","amount":1,"cost":{"net_fee":0,"energy_usage":0,"energy_fee":0,"energy_usage_total":0,"origin_energy_usage":0,"net_usage":279},"date_created":1562749905000,"owner_address":"THTukouSHzLChRYyKGYosU2nY3Xyuxpt13","to_address":"TMuA6YqfCeX8EhbfYEg5y7S4DqzSJireY9","type":"trc10","confirmed":true,"token_id":"1002481","token_name":"iloveyou","block":10849162,"contract_ret":"SUCCESS","hash":"c4e9f52356881d639f918b47a1bce0d99f27afc4c7b4dc143534eff9ea08606f"},{"contractRet":"SUCCESS","amount":331,"cost":{"net_fee":2800,"energy_usage":0,"energy_fee":0,"energy_usage_total":0,"origin_energy_usage":0,"net_usage":0},"token_id":"1002524","date_created":1562538039000,"token_name":"VoteCommunityNode","block":10778612,"owner_address":"TBcRmUhBYHEK4Hn5zZTaquXJ66YhKoP5oy","to_address":"TMuA6YqfCeX8EhbfYEg5y7S4DqzSJireY9","type":"trc10","confirmed":true,"hash":"e9e85431c00a30794da94ce7826dba0f5938dd676a526da67cdccdf166ae1cfb"},{"contractRet":"SUCCESS","amount":10000000,"cost":{"net_fee":0,"energy_usage":0,"energy_fee":0,"energy_usage_total":0,"origin_energy_usage":0,"net_usage":275},"token_id":"1002116","date_created":1562507232000,"token_name":"Arcnet","block":10768350,"owner_address":"TAEvo6MgLgV3A75L3cr3BAsLDJikWcAt3j","to_address":"TMuA6YqfCeX8EhbfYEg5y7S4DqzSJireY9","type":"trc10","confirmed":true,"hash":"3254e052e6aabde98fd7735dd77a540c17e4745354716989ad4fdffa0c8649c2"}]}[\n]"
12:57:35.032 [TestNG-tests-1] DEBUG org.apache.http.impl.conn.DefaultClientConnection - Connection 0.0.0.0:60970<->18.216.178.128:80 closed
12:57:35.032 [TestNG-tests-1] DEBUG org.apache.http.impl.conn.PoolingClientConnectionManager - Connection released: [id: 12][route: {}->http://apilist.tronscan.org:80][total kept alive: 0; route allocated: 0 of 80; total allocated: 0 of 100]
12:57:35.033 [TestNG-tests-1] INFO tron.common.TronscanApiList - ----------------------------Print JSON Start---------------------------
12:57:35.033 [TestNG-tests-1] INFO tron.common.TronscanApiList - total:269
12:57:35.033 [TestNG-tests-1] INFO tron.common.TronscanApiList - rangeTotal:269
12:57:35.033 [TestNG-tests-1] INFO tron.common.TronscanApiList - transfers:[{"contractRet":"SUCCESS","amount":"1326495690215502","cost":{"net_fee":0,"energy_usage":0,"energy_fee":0,"energy_usage_total":28248,"origin_energy_usage":28248,"net_usage":345},"date_created":1566962952000,"owner_address":"TNmswrFoYGfVJ1upMWdgbPAsGN585yAJRB","block":12240437,"to_address":"TMuA6YqfCeX8EhbfYEg5y7S4DqzSJireY9","contract_address":"TLa2f6VPqDgRE67v1736s7bJ8Ray5wYjU7","type":"trc20","from_address":"TNmswrFoYGfVJ1upMWdgbPAsGN585yAJRB","confirmed":true,"hash":"be3f830d9d50b6908fdda02e107d0e438eca1f77b8f95799163e7cf4e50ea935"},{"contractRet":"SUCCESS","amount":10000000,"cost":{"net_fee":0,"energy_usage":0,"energy_fee":0,"energy_usage_total":0,"origin_energy_usage":0,"net_usage":282},"token_id":"1002597","date_created":1566615618000,"token_name":"ZOO","block":12124812,"owner_address":"TMWsaJZxYA6PKubJj6nEjUBDgCGpsuiSzy","to_address":"TMuA6YqfCeX8EhbfYEg5y7S4DqzSJireY9","type":"trc10","confirmed":true,"hash":"0978e27efd12561ae060e17bfce49060e676652cabb32112b008794c324cbbbe"},{"contractRet":"SUCCESS","amount":2408764623462368,"cost":{"net_fee":0,"energy_usage":0,"energy_fee":0,"energy_usage_total":0,"origin_energy_usage":0,"net_usage":272},"token_id":"_","date_created":1566615606000,"token_name":"trx","block":12124808,"owner_address":"TMuA6YqfCeX8EhbfYEg5y7S4DqzSJireY9","to_address":"TWd4WrZ9wn84f5x1hZhL4DHvk738ns5jwb","type":"trc10","confirmed":true,"hash":"8f044c66341fbebc1c6d8d0a1939e3305d18333295499588e0c80e317f768e37"},{"contractRet":"SUCCESS","amount":4000,"cost":{"net_fee":0,"energy_usage":0,"energy_fee":0,"energy_usage_total":0,"origin_energy_usage":0,"net_usage":280},"token_id":"1002593","date_created":1566265647000,"token_name":"TRONSECURITY","block":12008403,"owner_address":"TFQyYdPTpsVnF3ys9KTDu9ToNTUfixK6Dw","to_address":"TMuA6YqfCeX8EhbfYEg5y7S4DqzSJireY9","type":"trc10","confirmed":true,"hash":"895e2f6b0ef5c3b4234c8febf58a26a41712110b9e1a6ca0afff672653751ee3"},{"contractRet":"SUCCESS","amount":100,"cost":{"net_fee":0,"energy_usage":0,"energy_fee":0,"energy_usage_total":0,"origin_energy_usage":0,"net_usage":279},"token_id":"1002593","date_created":1566256335000,"token_name":"TRONSECURITY","block":12005305,"owner_address":"TFQyYdPTpsVnF3ys9KTDu9ToNTUfixK6Dw","to_address":"TMuA6YqfCeX8EhbfYEg5y7S4DqzSJireY9","type":"trc10","confirmed":true,"hash":"db49f69f17ba6f85a9d6338985e41a7ca26bcd8d7f7db6c491f7b5d1dbea49b0"},{"contractRet":"SUCCESS","amount":150000,"cost":{"net_fee":0,"energy_usage":0,"energy_fee":0,"energy_usage_total":0,"origin_energy_usage":0,"net_usage":282},"token_id":"1002270","date_created":1565797179000,"token_name":"KvazarCash","block":11853584,"owner_address":"TMSpdYHCgZuxM7AjqKsjGMM1cpxraFuZGp","to_address":"TMuA6YqfCeX8EhbfYEg5y7S4DqzSJireY9","type":"trc10","confirmed":true,"hash":"c8900c2ff5ef65c4fc59437fa699f12aef38ca4613ee1d06cc157e8951b95938"},{"contractRet":"SUCCESS","amount":10000000,"cost":{"net_fee":0,"energy_usage":0,"energy_fee":0,"energy_usage_total":0,"origin_energy_usage":0,"net_usage":275},"token_id":"1002552","date_created":1565666223000,"token_name":"Luck","block":11810087,"owner_address":"TX6uLWeGVEJU9BU3kLgd6gV7X8jUG6Sqp7","to_address":"TMuA6YqfCeX8EhbfYEg5y7S4DqzSJireY9","type":"trc10","confirmed":true,"hash":"8ea8b81a82566cd9e8c71b44e28896708a5c7302720f96871b793f66164cdd77"},{"contractRet":"SUCCESS","amount":143522459096375,"cost":{"net_fee":0,"energy_usage":0,"energy_fee":0,"energy_usage_total":0,"origin_energy_usage":0,"net_usage":285},"token_id":"1002000","date_created":1565484966000,"token_name":"BitTorrent","block":11749904,"owner_address":"TNGFJpprrfyPTKSTBtZjTpJuiGspNodeFG","to_address":"TMuA6YqfCeX8EhbfYEg5y7S4DqzSJireY9","type":"trc10","confirmed":true,"hash":"27ee36683aaa96483591776e8d1a1cf39b7abd01a8e386b09b6048c9615564e1"},{"contractRet":"SUCCESS","amount":100000,"cost":{"net_fee":0,"energy_usage":0,"energy_fee":0,"energy_usage_total":0,"origin_energy_usage":0,"net_usage":282},"token_id":"1002270","date_created":1565247600000,"token_name":"KvazarCash","block":11670989,"owner_address":"TMSpdYHCgZuxM7AjqKsjGMM1cpxraFuZGp","to_address":"TMuA6YqfCeX8EhbfYEg5y7S4DqzSJireY9","type":"trc10","confirmed":true,"hash":"752d3ba764d1fd7e3d9c39a3b7e6a6be1469123b46f232b6202c5289b1ed5226"},{"contractRet":"SUCCESS","amount":10000000,"cost":{"net_fee":0,"energy_usage":0,"energy_fee":0,"energy_usage_total":0,"origin_energy_usage":0,"net_usage":282},"token_id":"1002573","date_created":1564916463000,"token_name":"BTCX","block":11561178,"owner_address":"TRsmdUgtWueUj7sZCZbuh19jqyZjjSZr2N","to_address":"TMuA6YqfCeX8EhbfYEg5y7S4DqzSJireY9","type":"trc10","confirmed":true,"hash":"703e43ba411b8441c3f24bdb707fa30d847bb461db95dd9fae30f91d9e8c3b63"},{"contractRet":"SUCCESS","amount":20748946816993068,"cost":{"net_fee":0,"energy_usage":0,"energy_fee":0,"energy_usage_total":0,"origin_energy_usage":0,"net_usage":286},"token_id":"1002000","date_created":1564916454000,"token_name":"BitTorrent","block":11561175,"owner_address":"TMuA6YqfCeX8EhbfYEg5y7S4DqzSJireY9","to_address":"TWd4WrZ9wn84f5x1hZhL4DHvk738ns5jwb","type":"trc10","confirmed":true,"hash":"2019e4fd8ec79e3d9324fa13507c2296ab4b501ce90038ec2bff513d52d4e7bd"},{"contractRet":"SUCCESS","amount":9000000,"cost":{"net_fee":0,"energy_usage":0,"energy_fee":0,"energy_usage_total":0,"origin_energy_usage":0,"net_usage":275},"token_id":"1000872","date_created":1564381215000,"token_name":"QTRON","block":11383753,"owner_address":"TWfmkWdc2UVxcXrrAuut8MerPkfPbu4U7c","to_address":"TMuA6YqfCeX8EhbfYEg5y7S4DqzSJireY9","type":"trc10","confirmed":true,"hash":"155a4d98b251daae37bf53513aff45f3290bf827dab47ea7462cf503fc6626f5"},{"contractRet":"SUCCESS","amount":10000000000,"cost":{"net_fee":0,"energy_usage":0,"energy_fee":0,"energy_usage_total":0,"origin_energy_usage":0,"net_usage":283},"token_id":"1002551","date_created":1563891432000,"token_name":"Bitvaluta","block":11225716,"owner_address":"TVrGxBCQkWjQ52D7S67UgFsUzcX4E8EsNB","to_address":"TMuA6YqfCeX8EhbfYEg5y7S4DqzSJireY9","type":"trc10","confirmed":true,"hash":"e01cb603c028a5b5410a20eb7713b95a9fab102ff28e8c8dd7c04cd759f70215"},{"contractRet":"SUCCESS","amount":568,"cost":{"net_fee":0,"energy_usage":0,"energy_fee":0,"energy_usage_total":0,"origin_energy_usage":0,"net_usage":273},"date_created":1563559716000,"owner_address":"TVbf7WUSHDKRVDeKYxYBDvfut3vS2YnJap","to_address":"TMuA6YqfCeX8EhbfYEg5y7S4DqzSJireY9","type":"trc10","confirmed":true,"token_id":"1001112","token_name":"TRONUSD","block":11118426,"contract_ret":"SUCCESS","hash":"d586983dbe6c0a356d9463faf63083e7e4ee3c748407ef4d1cc681a48798f2b1"},{"contractRet":"SUCCESS","amount":10000000,"cost":{"net_fee":0,"energy_usage":0,"energy_fee":0,"energy_usage_total":0,"origin_energy_usage":0,"net_usage":282},"token_id":"1002544","date_created":1563224262000,"token_name":"CABBY","block":11006918,"owner_address":"TH1aHbrRaZitJbHEwTE5HNnj9G6pjisd8E","to_address":"TMuA6YqfCeX8EhbfYEg5y7S4DqzSJireY9","type":"trc10","confirmed":true,"hash":"413cad12cc162e69a760fda25a6c2dd308f110be356f0cf0407968f259e9be8b"},{"contractRet":"SUCCESS","amount":9000000,"cost":{"net_fee":2680,"energy_usage":0,"energy_fee":0,"energy_usage_total":0,"origin_energy_usage":0,"net_usage":0},"token_id":"_","date_created":1563224250000,"token_name":"trx","block":11006914,"owner_address":"TAUN6FwrnwwmaEqYcckffC7wYmbaS6cBiX","to_address":"TMuA6YqfCeX8EhbfYEg5y7S4DqzSJireY9","type":"trc10","confirmed":true,"hash":"bf684ef41161f633171379738988d6774d1426c1606a9314147f92e44b00588a"},{"contractRet":"SUCCESS","amount":143554553439335,"cost":{"net_fee":0,"energy_usage":0,"energy_fee":0,"energy_usage_total":0,"origin_energy_usage":0,"net_usage":285},"token_id":"1002000","date_created":1562825307000,"token_name":"BitTorrent","block":10874266,"owner_address":"TETa4ctzMWyUKbvtg276gTwM1zqma888BU","to_address":"TMuA6YqfCeX8EhbfYEg5y7S4DqzSJireY9","type":"trc10","confirmed":true,"hash":"0c4c97a5e2ed71c9c5651ab887bf47561f83b7f8b5647fed6717e7be1095d7ea"},{"contractRet":"SUCCESS","amount":1,"cost":{"net_fee":0,"energy_usage":0,"energy_fee":0,"energy_usage_total":0,"origin_energy_usage":0,"net_usage":279},"date_created":1562749905000,"owner_address":"THTukouSHzLChRYyKGYosU2nY3Xyuxpt13","to_address":"TMuA6YqfCeX8EhbfYEg5y7S4DqzSJireY9","type":"trc10","confirmed":true,"token_id":"1002481","token_name":"iloveyou","block":10849162,"contract_ret":"SUCCESS","hash":"c4e9f52356881d639f918b47a1bce0d99f27afc4c7b4dc143534eff9ea08606f"},{"contractRet":"SUCCESS","amount":331,"cost":{"net_fee":2800,"energy_usage":0,"energy_fee":0,"energy_usage_total":0,"origin_energy_usage":0,"net_usage":0},"token_id":"1002524","date_created":1562538039000,"token_name":"VoteCommunityNode","block":10778612,"owner_address":"TBcRmUhBYHEK4Hn5zZTaquXJ66YhKoP5oy","to_address":"TMuA6YqfCeX8EhbfYEg5y7S4DqzSJireY9","type":"trc10","confirmed":true,"hash":"e9e85431c00a30794da94ce7826dba0f5938dd676a526da67cdccdf166ae1cfb"},{"contractRet":"SUCCESS","amount":10000000,"cost":{"net_fee":0,"energy_usage":0,"energy_fee":0,"energy_usage_total":0,"origin_energy_usage":0,"net_usage":275},"token_id":"1002116","date_created":1562507232000,"token_name":"Arcnet","block":10768350,"owner_address":"TAEvo6MgLgV3A75L3cr3BAsLDJikWcAt3j","to_address":"TMuA6YqfCeX8EhbfYEg5y7S4DqzSJireY9","type":"trc10","confirmed":true,"hash":"3254e052e6aabde98fd7735dd77a540c17e4745354716989ad4fdffa0c8649c2"}]
12:57:35.033 [TestNG-tests-1] INFO tron.common.TronscanApiList - JSON content size are: 3
12:57:35.033 [TestNG-tests-1] INFO tron.common.TronscanApiList - ----------------------------Print JSON End-----------------------------
]]></system-out>
  <system-err><![CDATA[]]></system-err>
</testsuite>
