<?xml version="1.0" encoding="UTF-8"?>
<testsuite name="tron.tronscan.api.SingleTokenList" tests="1" skipped="0" failures="0" errors="0" timestamp="2020-03-27T04:57:41" hostname="zhukaideiMac.local" time="0.639">
  <properties/>
  <testcase name="test01getSingleTokenList" classname="tron.tronscan.api.SingleTokenList" time="0.639"/>
  <system-out><![CDATA[http://apilist.tronscan.org/api/token?id=1001761&showAll=1
12:57:41.314 [TestNG-tests-1] DEBUG org.apache.http.impl.conn.PoolingClientConnectionManager - Connection request: [route: {}->http://apilist.tronscan.org:80][total kept alive: 0; route allocated: 0 of 80; total allocated: 0 of 100]
12:57:41.314 [TestNG-tests-1] DEBUG org.apache.http.impl.conn.PoolingClientConnectionManager - Connection leased: [id: 18][route: {}->http://apilist.tronscan.org:80][total kept alive: 0; route allocated: 1 of 80; total allocated: 1 of 100]
12:57:41.314 [TestNG-tests-1] DEBUG org.apache.http.impl.conn.DefaultClientConnectionOperator - Connecting to apilist.tronscan.org:80
12:57:41.645 [TestNG-tests-1] DEBUG org.apache.http.client.protocol.RequestAddCookies - CookieSpec selected: default
12:57:41.645 [TestNG-tests-1] DEBUG org.apache.http.client.protocol.RequestAuthCache - Auth cache not set in the context
12:57:41.645 [TestNG-tests-1] DEBUG org.apache.http.client.protocol.RequestTargetAuthentication - Target auth state: UNCHALLENGED
12:57:41.645 [TestNG-tests-1] DEBUG org.apache.http.client.protocol.RequestProxyAuthentication - Proxy auth state: UNCHALLENGED
12:57:41.645 [TestNG-tests-1] DEBUG org.apache.http.impl.client.DefaultHttpClient - Attempt 1 to execute request
12:57:41.645 [TestNG-tests-1] DEBUG org.apache.http.impl.conn.DefaultClientConnection - Sending request: GET /api/token?id=1001761&showAll=1 HTTP/1.1
12:57:41.645 [TestNG-tests-1] DEBUG org.apache.http.wire -  >> "GET /api/token?id=1001761&showAll=1 HTTP/1.1[\r][\n]"
12:57:41.645 [TestNG-tests-1] DEBUG org.apache.http.wire -  >> "Content-type: application/json; charset=utf-8[\r][\n]"
12:57:41.645 [TestNG-tests-1] DEBUG org.apache.http.wire -  >> "Connection: Close[\r][\n]"
12:57:41.645 [TestNG-tests-1] DEBUG org.apache.http.wire -  >> "Host: apilist.tronscan.org[\r][\n]"
12:57:41.645 [TestNG-tests-1] DEBUG org.apache.http.wire -  >> "User-Agent: Apache-HttpClient/4.5.3 (Java/1.8.0_211)[\r][\n]"
12:57:41.645 [TestNG-tests-1] DEBUG org.apache.http.wire -  >> "[\r][\n]"
12:57:41.645 [TestNG-tests-1] DEBUG org.apache.http.headers - >> GET /api/token?id=1001761&showAll=1 HTTP/1.1
12:57:41.645 [TestNG-tests-1] DEBUG org.apache.http.headers - >> Content-type: application/json; charset=utf-8
12:57:41.645 [TestNG-tests-1] DEBUG org.apache.http.headers - >> Connection: Close
12:57:41.645 [TestNG-tests-1] DEBUG org.apache.http.headers - >> Host: apilist.tronscan.org
12:57:41.645 [TestNG-tests-1] DEBUG org.apache.http.headers - >> User-Agent: Apache-HttpClient/4.5.3 (Java/1.8.0_211)
12:57:41.951 [TestNG-tests-1] DEBUG org.apache.http.wire -  << "HTTP/1.1 200 OK[\r][\n]"
12:57:41.952 [TestNG-tests-1] DEBUG org.apache.http.wire -  << "Server: nginx[\r][\n]"
12:57:41.952 [TestNG-tests-1] DEBUG org.apache.http.wire -  << "Date: Fri, 27 Mar 2020 04:57:42 GMT[\r][\n]"
12:57:41.952 [TestNG-tests-1] DEBUG org.apache.http.wire -  << "Content-Type: application/json;charset=utf-8[\r][\n]"
12:57:41.952 [TestNG-tests-1] DEBUG org.apache.http.wire -  << "Content-Length: 1474[\r][\n]"
12:57:41.952 [TestNG-tests-1] DEBUG org.apache.http.wire -  << "Connection: close[\r][\n]"
12:57:41.952 [TestNG-tests-1] DEBUG org.apache.http.wire -  << "Vary: Accept-Encoding[\r][\n]"
12:57:41.952 [TestNG-tests-1] DEBUG org.apache.http.wire -  << "Access-Control-Allow-Origin: *[\r][\n]"
12:57:41.952 [TestNG-tests-1] DEBUG org.apache.http.wire -  << "Access-Control-Allow-Headers: DNT,X-Mx-ReqToken,Keep-Alive,User-Agent,X-Requested-With,If-Modified-Since,Cache-Control,Content-Type,Authorization[\r][\n]"
12:57:41.952 [TestNG-tests-1] DEBUG org.apache.http.wire -  << "Access-Control-Allow-Methods: GET,POST,PUT,DELETE,OPTIONS[\r][\n]"
12:57:41.952 [TestNG-tests-1] DEBUG org.apache.http.wire -  << "X-Proxy-Cache: EXPIRED[\r][\n]"
12:57:41.952 [TestNG-tests-1] DEBUG org.apache.http.wire -  << "[\r][\n]"
12:57:41.952 [TestNG-tests-1] DEBUG org.apache.http.impl.conn.DefaultClientConnection - Receiving response: HTTP/1.1 200 OK
12:57:41.952 [TestNG-tests-1] DEBUG org.apache.http.headers - << HTTP/1.1 200 OK
12:57:41.952 [TestNG-tests-1] DEBUG org.apache.http.headers - << Server: nginx
12:57:41.952 [TestNG-tests-1] DEBUG org.apache.http.headers - << Date: Fri, 27 Mar 2020 04:57:42 GMT
12:57:41.952 [TestNG-tests-1] DEBUG org.apache.http.headers - << Content-Type: application/json;charset=utf-8
12:57:41.952 [TestNG-tests-1] DEBUG org.apache.http.headers - << Content-Length: 1474
12:57:41.952 [TestNG-tests-1] DEBUG org.apache.http.headers - << Connection: close
12:57:41.952 [TestNG-tests-1] DEBUG org.apache.http.headers - << Vary: Accept-Encoding
12:57:41.952 [TestNG-tests-1] DEBUG org.apache.http.headers - << Access-Control-Allow-Origin: *
12:57:41.952 [TestNG-tests-1] DEBUG org.apache.http.headers - << Access-Control-Allow-Headers: DNT,X-Mx-ReqToken,Keep-Alive,User-Agent,X-Requested-With,If-Modified-Since,Cache-Control,Content-Type,Authorization
12:57:41.952 [TestNG-tests-1] DEBUG org.apache.http.headers - << Access-Control-Allow-Methods: GET,POST,PUT,DELETE,OPTIONS
12:57:41.952 [TestNG-tests-1] DEBUG org.apache.http.headers - << X-Proxy-Cache: EXPIRED
http://apilist.tronscan.org/api/token?id=1001761&showAll=1 请求总耗时：638 毫秒
12:57:41.952 [TestNG-tests-1] INFO tron.tronscan.api.SingleTokenList - code is 200
12:57:41.952 [TestNG-tests-1] DEBUG org.apache.http.wire -  << "{"total":1,"data":[{"totalTransactions":2294,"country":"Canada","tokenID":1001761,"participated":158520959000000,"precision":0,"num":1,"available":0,"reputation":"Ok","description":"TRON GAME PAY Is A Project That Is Currently Laying The Groundwork For Internet Decentralization","issuedPercentage":100.0,"nrOfTokenHolders":1200,"voteScore":0,"dateCreated":1545024402000,"price":5000000,"percentage":0,"startTime":1545066000000,"id":1001761,"issued":2.0E9,"trxNum":5000000,"abbr":"GTP","email":"","website":"no_message","github":"https://github.com/TronGameGlobal","level":"1","availableSupply":0,"totalSupply":2000000000,"index":1,"frozenTotal":0,"frozen":[],"canShow":1,"remaining":0.0,"url":"https://trongameglobal.network/","frozenPercentage":0,"imgUrl":"https://coin.top/production/logo/1001761.png","isBlack":false,"new_social_media":"","remainingPercentage":0,"name":"TronGameGlobalPay","ownerAddress":"TUdojgj5hychXjPQp339N2NBQPFnymDG36","endTime":1559235600000,"white_paper":"https://drive.google.com/open?id=1tzRi6JpmtmINCuDbjC_6VpD51hU1PSHK","social_media":[{"name":"Twitter","url":"https://twitter.com/TronGameGlobal1"},{"name":"Weibo","url":""},{"name":"Facebook","url":"https://www.facebook.com/Tron-Game-Global-358747561584122"},{"name":"Reddit","url":"https://www.reddit.com/user/TronGameGlobal"},{"name":"Telegram","url":"https://t.me/TronG"
12:57:41.952 [TestNG-tests-1] DEBUG org.apache.http.wire -  << "ameGlobalOfficial"},{"name":"Steem","url":""},{"name":"Medium","url":""},{"name":"Wechat","url":""}]}],"totalAll":1}[\n]"
12:57:41.952 [TestNG-tests-1] DEBUG org.apache.http.impl.conn.DefaultClientConnection - Connection 0.0.0.0:61012<->18.216.178.128:80 closed
12:57:41.952 [TestNG-tests-1] DEBUG org.apache.http.impl.conn.PoolingClientConnectionManager - Connection released: [id: 18][route: {}->http://apilist.tronscan.org:80][total kept alive: 0; route allocated: 0 of 80; total allocated: 0 of 100]
12:57:41.952 [TestNG-tests-1] INFO tron.common.TronscanApiList - ----------------------------Print JSON Start---------------------------
12:57:41.952 [TestNG-tests-1] INFO tron.common.TronscanApiList - total:1
12:57:41.952 [TestNG-tests-1] INFO tron.common.TronscanApiList - data:[{"totalTransactions":2294,"country":"Canada","tokenID":1001761,"participated":158520959000000,"precision":0,"num":1,"available":0,"reputation":"Ok","description":"TRON GAME PAY Is A Project That Is Currently Laying The Groundwork For Internet Decentralization","issuedPercentage":100.0,"nrOfTokenHolders":1200,"voteScore":0,"dateCreated":1545024402000,"price":5000000,"percentage":0,"startTime":1545066000000,"id":1001761,"issued":2.0E+9,"trxNum":5000000,"abbr":"GTP","email":"","website":"no_message","github":"https://github.com/TronGameGlobal","level":"1","availableSupply":0,"totalSupply":2000000000,"index":1,"frozenTotal":0,"frozen":[],"canShow":1,"remaining":0.0,"url":"https://trongameglobal.network/","frozenPercentage":0,"imgUrl":"https://coin.top/production/logo/1001761.png","isBlack":false,"new_social_media":"","remainingPercentage":0,"name":"TronGameGlobalPay","ownerAddress":"TUdojgj5hychXjPQp339N2NBQPFnymDG36","endTime":1559235600000,"white_paper":"https://drive.google.com/open?id=1tzRi6JpmtmINCuDbjC_6VpD51hU1PSHK","social_media":[{"name":"Twitter","url":"https://twitter.com/TronGameGlobal1"},{"name":"Weibo","url":""},{"name":"Facebook","url":"https://www.facebook.com/Tron-Game-Global-358747561584122"},{"name":"Reddit","url":"https://www.reddit.com/user/TronGameGlobal"},{"name":"Telegram","url":"https://t.me/TronGameGlobalOfficial"},{"name":"Steem","url":""},{"name":"Medium","url":""},{"name":"Wechat","url":""}]}]
12:57:41.952 [TestNG-tests-1] INFO tron.common.TronscanApiList - totalAll:1
12:57:41.952 [TestNG-tests-1] INFO tron.common.TronscanApiList - JSON content size are: 3
12:57:41.952 [TestNG-tests-1] INFO tron.common.TronscanApiList - ----------------------------Print JSON End-----------------------------
]]></system-out>
  <system-err><![CDATA[]]></system-err>
</testsuite>
