<?xml version="1.0" encoding="UTF-8"?>
<testsuite name="tron.tronscan.api.ContractEvents" tests="1" skipped="0" failures="0" errors="0" timestamp="2020-03-27T04:57:35" hostname="zhukaideiMac.local" time="1.069">
  <properties/>
  <testcase name="getContractEvents" classname="tron.tronscan.api.ContractEvents" time="1.069"/>
  <system-out><![CDATA[http://apilist.tronscan.org/api/contract/events?start=0&limit=20&start_timestamp=1548000000000&end_timestamp=1548056638507
12:57:35.034 [TestNG-tests-1] DEBUG org.apache.http.impl.conn.PoolingClientConnectionManager - Connection request: [route: {}->http://apilist.tronscan.org:80][total kept alive: 0; route allocated: 0 of 80; total allocated: 0 of 100]
12:57:35.034 [TestNG-tests-1] DEBUG org.apache.http.impl.conn.PoolingClientConnectionManager - Connection leased: [id: 13][route: {}->http://apilist.tronscan.org:80][total kept alive: 0; route allocated: 1 of 80; total allocated: 1 of 100]
12:57:35.034 [TestNG-tests-1] DEBUG org.apache.http.impl.conn.DefaultClientConnectionOperator - Connecting to apilist.tronscan.org:80
12:57:35.269 [TestNG-tests-1] DEBUG org.apache.http.client.protocol.RequestAddCookies - CookieSpec selected: default
12:57:35.269 [TestNG-tests-1] DEBUG org.apache.http.client.protocol.RequestAuthCache - Auth cache not set in the context
12:57:35.269 [TestNG-tests-1] DEBUG org.apache.http.client.protocol.RequestTargetAuthentication - Target auth state: UNCHALLENGED
12:57:35.269 [TestNG-tests-1] DEBUG org.apache.http.client.protocol.RequestProxyAuthentication - Proxy auth state: UNCHALLENGED
12:57:35.269 [TestNG-tests-1] DEBUG org.apache.http.impl.client.DefaultHttpClient - Attempt 1 to execute request
12:57:35.269 [TestNG-tests-1] DEBUG org.apache.http.impl.conn.DefaultClientConnection - Sending request: GET /api/contract/events?start=0&limit=20&start_timestamp=1548000000000&end_timestamp=1548056638507 HTTP/1.1
12:57:35.269 [TestNG-tests-1] DEBUG org.apache.http.wire -  >> "GET /api/contract/events?start=0&limit=20&start_timestamp=1548000000000&end_timestamp=1548056638507 HTTP/1.1[\r][\n]"
12:57:35.269 [TestNG-tests-1] DEBUG org.apache.http.wire -  >> "Content-type: application/json; charset=utf-8[\r][\n]"
12:57:35.269 [TestNG-tests-1] DEBUG org.apache.http.wire -  >> "Connection: Close[\r][\n]"
12:57:35.269 [TestNG-tests-1] DEBUG org.apache.http.wire -  >> "Host: apilist.tronscan.org[\r][\n]"
12:57:35.269 [TestNG-tests-1] DEBUG org.apache.http.wire -  >> "User-Agent: Apache-HttpClient/4.5.3 (Java/1.8.0_211)[\r][\n]"
12:57:35.269 [TestNG-tests-1] DEBUG org.apache.http.wire -  >> "[\r][\n]"
12:57:35.269 [TestNG-tests-1] DEBUG org.apache.http.headers - >> GET /api/contract/events?start=0&limit=20&start_timestamp=1548000000000&end_timestamp=1548056638507 HTTP/1.1
12:57:35.269 [TestNG-tests-1] DEBUG org.apache.http.headers - >> Content-type: application/json; charset=utf-8
12:57:35.269 [TestNG-tests-1] DEBUG org.apache.http.headers - >> Connection: Close
12:57:35.269 [TestNG-tests-1] DEBUG org.apache.http.headers - >> Host: apilist.tronscan.org
12:57:35.269 [TestNG-tests-1] DEBUG org.apache.http.headers - >> User-Agent: Apache-HttpClient/4.5.3 (Java/1.8.0_211)
12:57:36.101 [TestNG-tests-1] DEBUG org.apache.http.wire -  << "HTTP/1.1 200 OK[\r][\n]"
12:57:36.101 [TestNG-tests-1] DEBUG org.apache.http.wire -  << "Server: nginx[\r][\n]"
12:57:36.102 [TestNG-tests-1] DEBUG org.apache.http.wire -  << "Date: Fri, 27 Mar 2020 04:57:36 GMT[\r][\n]"
12:57:36.102 [TestNG-tests-1] DEBUG org.apache.http.wire -  << "Content-Type: application/json;charset=utf-8[\r][\n]"
12:57:36.102 [TestNG-tests-1] DEBUG org.apache.http.wire -  << "Content-Length: 6685[\r][\n]"
12:57:36.102 [TestNG-tests-1] DEBUG org.apache.http.wire -  << "Connection: close[\r][\n]"
12:57:36.102 [TestNG-tests-1] DEBUG org.apache.http.wire -  << "Vary: Accept-Encoding[\r][\n]"
12:57:36.102 [TestNG-tests-1] DEBUG org.apache.http.wire -  << "Access-Control-Allow-Origin: *[\r][\n]"
12:57:36.102 [TestNG-tests-1] DEBUG org.apache.http.wire -  << "Access-Control-Allow-Headers: DNT,X-Mx-ReqToken,Keep-Alive,User-Agent,X-Requested-With,If-Modified-Since,Cache-Control,Content-Type,Authorization[\r][\n]"
12:57:36.102 [TestNG-tests-1] DEBUG org.apache.http.wire -  << "Access-Control-Allow-Methods: GET,POST,PUT,DELETE,OPTIONS[\r][\n]"
12:57:36.102 [TestNG-tests-1] DEBUG org.apache.http.wire -  << "X-Proxy-Cache: MISS[\r][\n]"
12:57:36.102 [TestNG-tests-1] DEBUG org.apache.http.wire -  << "[\r][\n]"
12:57:36.102 [TestNG-tests-1] DEBUG org.apache.http.impl.conn.DefaultClientConnection - Receiving response: HTTP/1.1 200 OK
12:57:36.102 [TestNG-tests-1] DEBUG org.apache.http.headers - << HTTP/1.1 200 OK
12:57:36.102 [TestNG-tests-1] DEBUG org.apache.http.headers - << Server: nginx
12:57:36.102 [TestNG-tests-1] DEBUG org.apache.http.headers - << Date: Fri, 27 Mar 2020 04:57:36 GMT
12:57:36.102 [TestNG-tests-1] DEBUG org.apache.http.headers - << Content-Type: application/json;charset=utf-8
12:57:36.102 [TestNG-tests-1] DEBUG org.apache.http.headers - << Content-Length: 6685
12:57:36.102 [TestNG-tests-1] DEBUG org.apache.http.headers - << Connection: close
12:57:36.102 [TestNG-tests-1] DEBUG org.apache.http.headers - << Vary: Accept-Encoding
12:57:36.102 [TestNG-tests-1] DEBUG org.apache.http.headers - << Access-Control-Allow-Origin: *
12:57:36.102 [TestNG-tests-1] DEBUG org.apache.http.headers - << Access-Control-Allow-Headers: DNT,X-Mx-ReqToken,Keep-Alive,User-Agent,X-Requested-With,If-Modified-Since,Cache-Control,Content-Type,Authorization
12:57:36.102 [TestNG-tests-1] DEBUG org.apache.http.headers - << Access-Control-Allow-Methods: GET,POST,PUT,DELETE,OPTIONS
12:57:36.102 [TestNG-tests-1] DEBUG org.apache.http.headers - << X-Proxy-Cache: MISS
http://apilist.tronscan.org/api/contract/events?start=0&limit=20&start_timestamp=1548000000000&end_timestamp=1548056638507 请求总耗时：1068 毫秒
12:57:36.102 [TestNG-tests-1] INFO tron.tronscan.api.ContractEvents - code is 200
12:57:36.102 [TestNG-tests-1] DEBUG org.apache.http.wire -  << "{"total":10000,"data":[{"amount":"3137000000","transferFromAddress":"TWMRRvsgu9tydBwdopHShnpJcbeDPDU6nt","data":"","decimals":6,"tokenName":"TRONdice","transferToAddress":"TDAVoRrVeiuez22sFjPL2tVEZkgpV3GomM","block":5987599,"id":"","confirmed":true,"transactionHash":"87de5784231329c191183cc73f1f17f8d1413e19db5d6c8e5616f845a20cd3d3","timestamp":1548056637000},{"amount":"5149000","transferFromAddress":"TW6bAFkFW2fZMWhhZoy3yiPgBMrJS97xn6","data":"","decimals":6,"tokenName":"TRONbet","transferToAddress":"TSGE2LwwjFdrVkTLEGS6jT8qHaWF1hWky6","block":5987599,"id":"","confirmed":true,"transactionHash":"56040f1a41753bfc7f2c82b909ae194d731175ed91f50ac4826c4b52f9b8da3b","timestamp":1548056637000},{"amount":"100000000","transferFromAddress":"TX6URHJ9HWFjmbKpURawnjzu26ivuikitd","data":"","decimals":6,"tokenName":"TronFun Token","transferToAddress":"THZQdt1TxjS6kAjWDA8v7jAPCXvvL5uFCc","block":5987599,"id":"","confirmed":true,"transactionHash":"93db4980e0ca614ba51210561a1fb82c59b9c7f778d6a8f482a14729c55c8379","timestamp":1548056637000},{"amount":"50000000","transferFromAddress":"TJs1XKcVaWYgrBSpd27axqrRhWLt6GUBU3","data":"","decimals":0,"tokenName":"","transferToAddress":"TCFAxrdhdZLRy8GZd8d8pYzQRmtDnY8LYz","block":5987599,"id":"","confirmed":true,"transactionHash":"4d72b9f042592a12b300c14240d6fc0cd95c2b52a20531c7ffeeae0d98d11d51","timestamp":1548056637000},{"amount":"24000000000","transferFromAddress":"TJs1XKcVaWYgrBSpd27axqrRhWLt6GUBU3","data":"","decimals":0,"tokenName":"","transferToAddress":"TBUmPHthQCZEPtsPWACt7UsjXRS25wXasS","block":5987599,"id":"","confirmed":true,"transactionHash":"4d72b9f042592a12b300c14240d6fc0cd95c2b52a20531c7ffeeae0d98d11d51","timestamp":1548056637000},{"amount":"20000000000","transferFromAddress":"TBUmPHthQCZEPtsPWACt7UsjXRS25wXasS","data":"","decimals":0,"tokenName":"","transferToAddress":"TJs1XKcVaWYgrBSpd27axqrRhWLt6GUBU3","block":5987599,"id":"","confirmed":true,"transactionHash":"4d72b9f042592a12b300c14240d6fc0cd95c2b52a20531c7ffeeae0d98d11d51","timestamp":1548056637000},{"amount":"100000000","transferFromAddress":"TJs1XKcVaWYgrBSpd27axqrRhWLt6GUBU3","data":"","decimals":0,"tokenName":"","transferToAddress":"TBUmPHthQCZEPtsPWACt7UsjXRS25wXasS","block":5987599,"id":"","confirmed":true,"transactionHash":"4d72b9f042592a12b300c14240d6fc0cd95c2b52a20531c7ffeeae0d98d11d51","timestamp":1548056637000},{"amount":"5000000","transferFromAddress":"TR5Ffqku2qeMH1do646K25bkGMaCqjZN1o","data":"","decimals":6,"tokenName":"TRONdice","transferToAddress":"TA8FLXmpkmpCsQ7LAeQwsaCVFM32wryn3W","block":5987599,"id":"","confirmed":true,"transactionHash":"5d2a2492cb0b07128b559ec4fdd1af0df7e11165e6f7fe05fedab4adf873646e","timestamp":1548056637000},{"amount":"50000000","transferFromAddress":"TQ4A37Dcbb3rUZbLUFrNz3Y4buNrme8yuw","data":"","decimals":0,"tokenName":"","transferToAddress":"TFx7KK3QYb2jSirF9zScCDDZ6M1WnKVhKK","block":5987598,"id":"","confirmed":true,"transactionHash":"bbd1d08bfd978d626be27f38fae0db00eac31408609172db8fb0fe457bd4cf4a","timestamp":1548056634000},{"amount":"100000000","transferFromAddress":"TQ4A37Dcbb3rUZbLUFrNz3Y4buNrme8yuw","data":"","decimals":0,"tokenName":"","transferToAddress":"TCtYeVkuMBmWoy9WMGxh7A1Tmaba9HMAy1","block":5987598,"id":"","confirmed":true,"transactionHash":"bbd1d08bfd978d626be27f38fae0db00eac31408609172db8fb0fe457bd4cf4a","timestamp":1548056634000},{"amount":"100000000","transferFromAddress":"TQ4A37Dcbb3rUZbLUFrNz3Y4buNrme8yuw","data":"","decimals":0,"tokenName":"","transferToAddress":"TTHQKC9JVkrrEApXVEeZTjqwt8vg2aUHT2","block":5987597,"id":"","confirmed":true,"transactionHash":"7252c9f51e80dddc4d7e2cd508aa9d0408fb20f79d5c032e16a23dd8b8888a45","timestamp":1548056631000},{"amount":"50000000","transferFromAddress":"TQ4A37Dcbb3rUZbLUFrNz3Y4buNrme8yuw","data":"","decimals":0,"tokenName":"","transferToAddress":"TFRBtBWLWWe5C5CZSyB95p8a9tQuLV2STK","block":5987597,"id":"","confirmed":true,"transactionHash":"7252c9f51e80dddc4d7e2cd508aa9d0408fb20f79d5c032e16a23dd8b8888a45","timestamp":1548056631000},{"amount":"5148509","transferFromAddress":"TD31SKej4iFWZ7NvWVC9DapJNZA3ofaKbB","data":"","decimals":6,"tokenName":"TRONbet","transferToAddress":"TW6bAFkFW2fZMWhhZoy3yiPgBMrJS97xn6","block":5987597,"id":"","confirmed":true,"transactionHash":"72b619433788496513b343d5a8330eaa1e0a6afb0ae2d68d3fe5ecacc21c86f1","timestamp":1548056631000},{"amount":"7500000","transferFromAddress":"TR5Ffqku2qeMH1do646K25bkGMaCqjZN1o","data":"","decimals":6,"tokenName":"TRONdice","transferToAddress":"TRQ33zyWUMsPokbBzJbNmb7Lkf5gUbNKzZ","block":5987596,"id":"","confirmed":true,"transactionHash":"305df7f168d9dac1d606af0abab1e60fb5a700e7b67c1db033ca778c772460ac","timestamp":1548056628000},{"amount":"5000000000","transferFromAddress":"TJs1XKcVaWYgrBSpd27axqrRhWLt6GUBU3","data":"","decimals":0,"tokenName":"","transferToAddress":"TDYqZibRpXhivwrxGyDdhFexgzumGGbXH4","block":5987596,"id":"","confirmed":true,"transactionHash":"5485cf25c3e354bbb7bfb65822beef8d41f081a77d1d42632de8eb4c11e19a2b","timestamp":1548056628000},{"amount":"1000000000000","transferFromAddress":"TDYqZibRpXhivwrxGyDdhFexgzumGGbXH4","data":"","decimals":0,"tokenName":"","transferToAddress":"TJs1XKcVaWYgrBSpd27axqrRhWLt6GUBU3","block":5987596,"id":"","confirmed":true,"transactionHash":"5485cf25c3e354bbb7bfb65822beef8d41f081a77d1d42632de8eb4c11e19a2b","timestamp":1548056628000},{"amount":"2500000000","transferFromAddress":"TJs1XKcVaWYgrBSpd27axqrRhWLt6GUBU3","data":"","decimals":0,"tokenName":"","transferToAddress":"TDNQD7LPA9w2MxU8wQB59GQkUGKQt2Fzy8","block":5987596,"id":"","confirmed":true,"transactionHash":"5485cf25c3e354bbb7bfb65822beef8d41f081a77d1d42632de8eb4c11e19a2b","timestamp":1548056628000},{"amount":"7500000","transferFromAddress":"TR5Ffqku2qeMH1do646K25bkGMaCqjZN1o","data":"","decimals":6,"tokenName":"TRONdice","transferToAddress":"TA6bNuhfjbSmEHWLZbCXBbAEFEVL9yTL81","block":5987596,"id":"","confirmed":true,"transactionHash":"004026bb7fd2057fe9dbc62c5e885791b3eeb2606f4733fe3d94179344a68a55","timestamp":1548056628000},{"amount":"900000000000","transferFromAddress":"TJs1XKcVaWYgrBSpd27axqrRhWLt6GUBU3","data":"","decimals":0,"tokenName":"","transferToAddress":"TDYqZibRpXhivwrxGyDdhFexgzumGGbXH4","block":5987596,"id":"","confirmed":true,"transactionHash":"5485cf25c3e354bbb7bfb65822beef8d41f081a77d1d42632de8eb4c11e19a2b","timestamp":1548056628000},{"amount":"52297177","transferFromAddress":"THZc1k8eL8CRSXzykXZ8fjQocX1vZaQoxz","data":"","decimals":6,"tokenName":"AB","transferToAddress":"TC6S1jRiyRy54qGnzDPYPNzy8Q18Xn3WxU","block":5987595,"id":"","confirmed":true,"transactionHash":"786777b974df8c77775f18e59d9937b7ac42440ef5946ba62763269655184782","timestamp":1548056625000}],"rangeTotal":56987}[\n]"
12:57:36.102 [TestNG-tests-1] DEBUG org.apache.http.impl.conn.DefaultClientConnection - Connection 0.0.0.0:60983<->18.216.178.128:80 closed
12:57:36.102 [TestNG-tests-1] DEBUG org.apache.http.impl.conn.PoolingClientConnectionManager - Connection released: [id: 13][route: {}->http://apilist.tronscan.org:80][total kept alive: 0; route allocated: 0 of 80; total allocated: 0 of 100]
12:57:36.103 [TestNG-tests-1] INFO tron.common.TronscanApiList - ----------------------------Print JSON Start---------------------------
12:57:36.103 [TestNG-tests-1] INFO tron.common.TronscanApiList - total:10000
12:57:36.103 [TestNG-tests-1] INFO tron.common.TronscanApiList - data:[{"amount":"3137000000","transferFromAddress":"TWMRRvsgu9tydBwdopHShnpJcbeDPDU6nt","data":"","decimals":6,"tokenName":"TRONdice","transferToAddress":"TDAVoRrVeiuez22sFjPL2tVEZkgpV3GomM","block":5987599,"id":"","confirmed":true,"transactionHash":"87de5784231329c191183cc73f1f17f8d1413e19db5d6c8e5616f845a20cd3d3","timestamp":1548056637000},{"amount":"5149000","transferFromAddress":"TW6bAFkFW2fZMWhhZoy3yiPgBMrJS97xn6","data":"","decimals":6,"tokenName":"TRONbet","transferToAddress":"TSGE2LwwjFdrVkTLEGS6jT8qHaWF1hWky6","block":5987599,"id":"","confirmed":true,"transactionHash":"56040f1a41753bfc7f2c82b909ae194d731175ed91f50ac4826c4b52f9b8da3b","timestamp":1548056637000},{"amount":"100000000","transferFromAddress":"TX6URHJ9HWFjmbKpURawnjzu26ivuikitd","data":"","decimals":6,"tokenName":"TronFun Token","transferToAddress":"THZQdt1TxjS6kAjWDA8v7jAPCXvvL5uFCc","block":5987599,"id":"","confirmed":true,"transactionHash":"93db4980e0ca614ba51210561a1fb82c59b9c7f778d6a8f482a14729c55c8379","timestamp":1548056637000},{"amount":"50000000","transferFromAddress":"TJs1XKcVaWYgrBSpd27axqrRhWLt6GUBU3","data":"","decimals":0,"tokenName":"","transferToAddress":"TCFAxrdhdZLRy8GZd8d8pYzQRmtDnY8LYz","block":5987599,"id":"","confirmed":true,"transactionHash":"4d72b9f042592a12b300c14240d6fc0cd95c2b52a20531c7ffeeae0d98d11d51","timestamp":1548056637000},{"amount":"24000000000","transferFromAddress":"TJs1XKcVaWYgrBSpd27axqrRhWLt6GUBU3","data":"","decimals":0,"tokenName":"","transferToAddress":"TBUmPHthQCZEPtsPWACt7UsjXRS25wXasS","block":5987599,"id":"","confirmed":true,"transactionHash":"4d72b9f042592a12b300c14240d6fc0cd95c2b52a20531c7ffeeae0d98d11d51","timestamp":1548056637000},{"amount":"20000000000","transferFromAddress":"TBUmPHthQCZEPtsPWACt7UsjXRS25wXasS","data":"","decimals":0,"tokenName":"","transferToAddress":"TJs1XKcVaWYgrBSpd27axqrRhWLt6GUBU3","block":5987599,"id":"","confirmed":true,"transactionHash":"4d72b9f042592a12b300c14240d6fc0cd95c2b52a20531c7ffeeae0d98d11d51","timestamp":1548056637000},{"amount":"100000000","transferFromAddress":"TJs1XKcVaWYgrBSpd27axqrRhWLt6GUBU3","data":"","decimals":0,"tokenName":"","transferToAddress":"TBUmPHthQCZEPtsPWACt7UsjXRS25wXasS","block":5987599,"id":"","confirmed":true,"transactionHash":"4d72b9f042592a12b300c14240d6fc0cd95c2b52a20531c7ffeeae0d98d11d51","timestamp":1548056637000},{"amount":"5000000","transferFromAddress":"TR5Ffqku2qeMH1do646K25bkGMaCqjZN1o","data":"","decimals":6,"tokenName":"TRONdice","transferToAddress":"TA8FLXmpkmpCsQ7LAeQwsaCVFM32wryn3W","block":5987599,"id":"","confirmed":true,"transactionHash":"5d2a2492cb0b07128b559ec4fdd1af0df7e11165e6f7fe05fedab4adf873646e","timestamp":1548056637000},{"amount":"50000000","transferFromAddress":"TQ4A37Dcbb3rUZbLUFrNz3Y4buNrme8yuw","data":"","decimals":0,"tokenName":"","transferToAddress":"TFx7KK3QYb2jSirF9zScCDDZ6M1WnKVhKK","block":5987598,"id":"","confirmed":true,"transactionHash":"bbd1d08bfd978d626be27f38fae0db00eac31408609172db8fb0fe457bd4cf4a","timestamp":1548056634000},{"amount":"100000000","transferFromAddress":"TQ4A37Dcbb3rUZbLUFrNz3Y4buNrme8yuw","data":"","decimals":0,"tokenName":"","transferToAddress":"TCtYeVkuMBmWoy9WMGxh7A1Tmaba9HMAy1","block":5987598,"id":"","confirmed":true,"transactionHash":"bbd1d08bfd978d626be27f38fae0db00eac31408609172db8fb0fe457bd4cf4a","timestamp":1548056634000},{"amount":"100000000","transferFromAddress":"TQ4A37Dcbb3rUZbLUFrNz3Y4buNrme8yuw","data":"","decimals":0,"tokenName":"","transferToAddress":"TTHQKC9JVkrrEApXVEeZTjqwt8vg2aUHT2","block":5987597,"id":"","confirmed":true,"transactionHash":"7252c9f51e80dddc4d7e2cd508aa9d0408fb20f79d5c032e16a23dd8b8888a45","timestamp":1548056631000},{"amount":"50000000","transferFromAddress":"TQ4A37Dcbb3rUZbLUFrNz3Y4buNrme8yuw","data":"","decimals":0,"tokenName":"","transferToAddress":"TFRBtBWLWWe5C5CZSyB95p8a9tQuLV2STK","block":5987597,"id":"","confirmed":true,"transactionHash":"7252c9f51e80dddc4d7e2cd508aa9d0408fb20f79d5c032e16a23dd8b8888a45","timestamp":1548056631000},{"amount":"5148509","transferFromAddress":"TD31SKej4iFWZ7NvWVC9DapJNZA3ofaKbB","data":"","decimals":6,"tokenName":"TRONbet","transferToAddress":"TW6bAFkFW2fZMWhhZoy3yiPgBMrJS97xn6","block":5987597,"id":"","confirmed":true,"transactionHash":"72b619433788496513b343d5a8330eaa1e0a6afb0ae2d68d3fe5ecacc21c86f1","timestamp":1548056631000},{"amount":"7500000","transferFromAddress":"TR5Ffqku2qeMH1do646K25bkGMaCqjZN1o","data":"","decimals":6,"tokenName":"TRONdice","transferToAddress":"TRQ33zyWUMsPokbBzJbNmb7Lkf5gUbNKzZ","block":5987596,"id":"","confirmed":true,"transactionHash":"305df7f168d9dac1d606af0abab1e60fb5a700e7b67c1db033ca778c772460ac","timestamp":1548056628000},{"amount":"5000000000","transferFromAddress":"TJs1XKcVaWYgrBSpd27axqrRhWLt6GUBU3","data":"","decimals":0,"tokenName":"","transferToAddress":"TDYqZibRpXhivwrxGyDdhFexgzumGGbXH4","block":5987596,"id":"","confirmed":true,"transactionHash":"5485cf25c3e354bbb7bfb65822beef8d41f081a77d1d42632de8eb4c11e19a2b","timestamp":1548056628000},{"amount":"1000000000000","transferFromAddress":"TDYqZibRpXhivwrxGyDdhFexgzumGGbXH4","data":"","decimals":0,"tokenName":"","transferToAddress":"TJs1XKcVaWYgrBSpd27axqrRhWLt6GUBU3","block":5987596,"id":"","confirmed":true,"transactionHash":"5485cf25c3e354bbb7bfb65822beef8d41f081a77d1d42632de8eb4c11e19a2b","timestamp":1548056628000},{"amount":"2500000000","transferFromAddress":"TJs1XKcVaWYgrBSpd27axqrRhWLt6GUBU3","data":"","decimals":0,"tokenName":"","transferToAddress":"TDNQD7LPA9w2MxU8wQB59GQkUGKQt2Fzy8","block":5987596,"id":"","confirmed":true,"transactionHash":"5485cf25c3e354bbb7bfb65822beef8d41f081a77d1d42632de8eb4c11e19a2b","timestamp":1548056628000},{"amount":"7500000","transferFromAddress":"TR5Ffqku2qeMH1do646K25bkGMaCqjZN1o","data":"","decimals":6,"tokenName":"TRONdice","transferToAddress":"TA6bNuhfjbSmEHWLZbCXBbAEFEVL9yTL81","block":5987596,"id":"","confirmed":true,"transactionHash":"004026bb7fd2057fe9dbc62c5e885791b3eeb2606f4733fe3d94179344a68a55","timestamp":1548056628000},{"amount":"900000000000","transferFromAddress":"TJs1XKcVaWYgrBSpd27axqrRhWLt6GUBU3","data":"","decimals":0,"tokenName":"","transferToAddress":"TDYqZibRpXhivwrxGyDdhFexgzumGGbXH4","block":5987596,"id":"","confirmed":true,"transactionHash":"5485cf25c3e354bbb7bfb65822beef8d41f081a77d1d42632de8eb4c11e19a2b","timestamp":1548056628000},{"amount":"52297177","transferFromAddress":"THZc1k8eL8CRSXzykXZ8fjQocX1vZaQoxz","data":"","decimals":6,"tokenName":"AB","transferToAddress":"TC6S1jRiyRy54qGnzDPYPNzy8Q18Xn3WxU","block":5987595,"id":"","confirmed":true,"transactionHash":"786777b974df8c77775f18e59d9937b7ac42440ef5946ba62763269655184782","timestamp":1548056625000}]
12:57:36.103 [TestNG-tests-1] INFO tron.common.TronscanApiList - rangeTotal:56987
12:57:36.103 [TestNG-tests-1] INFO tron.common.TronscanApiList - JSON content size are: 3
12:57:36.103 [TestNG-tests-1] INFO tron.common.TronscanApiList - ----------------------------Print JSON End-----------------------------
]]></system-out>
  <system-err><![CDATA[]]></system-err>
</testsuite>
