<?xml version="1.0" encoding="UTF-8"?>
<testsuite name="tron.tronscan.api.TokenOverview" tests="1" skipped="0" failures="1" errors="0" timestamp="2020-03-27T04:57:36" hostname="zhukaideiMac.local" time="0.63">
  <properties/>
  <testcase name="getTokenOverview" classname="tron.tronscan.api.TokenOverview" time="0.63">
    <failure message="java.lang.AssertionError" type="java.lang.AssertionError">java.lang.AssertionError
	at org.junit.Assert.fail(Assert.java:86)
	at org.junit.Assert.assertTrue(Assert.java:41)
	at org.junit.Assert.assertTrue(Assert.java:52)
	at tron.tronscan.api.TokenOverview.getTokenOverview(TokenOverview.java:55)
	at sun.reflect.NativeMethodAccessorImpl.invoke0(Native Method)
	at sun.reflect.NativeMethodAccessorImpl.invoke(NativeMethodAccessorImpl.java:62)
	at sun.reflect.DelegatingMethodAccessorImpl.invoke(DelegatingMethodAccessorImpl.java:43)
	at java.lang.reflect.Method.invoke(Method.java:498)
	at org.testng.internal.MethodInvocationHelper.invokeMethod(MethodInvocationHelper.java:124)
	at org.testng.internal.Invoker.invokeMethod(Invoker.java:583)
	at org.testng.internal.Invoker.invokeTestMethod(Invoker.java:719)
	at org.testng.internal.Invoker.invokeTestMethods(Invoker.java:989)
	at org.testng.internal.TestMethodWorker.invokeTestMethods(TestMethodWorker.java:125)
	at org.testng.internal.TestMethodWorker.run(TestMethodWorker.java:109)
	at org.testng.TestRunner.privateRun(TestRunner.java:648)
	at org.testng.TestRunner.run(TestRunner.java:505)
	at org.testng.SuiteRunner.runTest(SuiteRunner.java:455)
	at org.testng.SuiteRunner.access$000(SuiteRunner.java:40)
	at org.testng.SuiteRunner$SuiteWorker.run(SuiteRunner.java:489)
	at org.testng.internal.thread.ThreadUtil$1.call(ThreadUtil.java:52)
	at java.util.concurrent.FutureTask.run(FutureTask.java:266)
	at java.util.concurrent.ThreadPoolExecutor.runWorker(ThreadPoolExecutor.java:1149)
	at java.util.concurrent.ThreadPoolExecutor$Worker.run(ThreadPoolExecutor.java:624)
	at java.lang.Thread.run(Thread.java:748)
</failure>
  </testcase>
  <system-out><![CDATA[http://apilist.tronscan.org/api/tokens/overview
12:57:36.104 [TestNG-tests-1] DEBUG org.apache.http.impl.conn.PoolingClientConnectionManager - Connection request: [route: {}->http://apilist.tronscan.org:80][total kept alive: 0; route allocated: 0 of 80; total allocated: 0 of 100]
12:57:36.104 [TestNG-tests-1] DEBUG org.apache.http.impl.conn.PoolingClientConnectionManager - Connection leased: [id: 14][route: {}->http://apilist.tronscan.org:80][total kept alive: 0; route allocated: 1 of 80; total allocated: 1 of 100]
12:57:36.104 [TestNG-tests-1] DEBUG org.apache.http.impl.conn.DefaultClientConnectionOperator - Connecting to apilist.tronscan.org:80
12:57:36.424 [TestNG-tests-1] DEBUG org.apache.http.client.protocol.RequestAddCookies - CookieSpec selected: default
12:57:36.424 [TestNG-tests-1] DEBUG org.apache.http.client.protocol.RequestAuthCache - Auth cache not set in the context
12:57:36.424 [TestNG-tests-1] DEBUG org.apache.http.client.protocol.RequestTargetAuthentication - Target auth state: UNCHALLENGED
12:57:36.425 [TestNG-tests-1] DEBUG org.apache.http.client.protocol.RequestProxyAuthentication - Proxy auth state: UNCHALLENGED
12:57:36.425 [TestNG-tests-1] DEBUG org.apache.http.impl.client.DefaultHttpClient - Attempt 1 to execute request
12:57:36.425 [TestNG-tests-1] DEBUG org.apache.http.impl.conn.DefaultClientConnection - Sending request: GET /api/tokens/overview?filter=all&order_current=descend&limit=20&start=0&sort=volume24hInTrx&order=desc HTTP/1.1
12:57:36.425 [TestNG-tests-1] DEBUG org.apache.http.wire -  >> "GET /api/tokens/overview?filter=all&order_current=descend&limit=20&start=0&sort=volume24hInTrx&order=desc HTTP/1.1[\r][\n]"
12:57:36.425 [TestNG-tests-1] DEBUG org.apache.http.wire -  >> "Content-type: application/json; charset=utf-8[\r][\n]"
12:57:36.425 [TestNG-tests-1] DEBUG org.apache.http.wire -  >> "Connection: Close[\r][\n]"
12:57:36.425 [TestNG-tests-1] DEBUG org.apache.http.wire -  >> "Host: apilist.tronscan.org[\r][\n]"
12:57:36.425 [TestNG-tests-1] DEBUG org.apache.http.wire -  >> "User-Agent: Apache-HttpClient/4.5.3 (Java/1.8.0_211)[\r][\n]"
12:57:36.425 [TestNG-tests-1] DEBUG org.apache.http.wire -  >> "[\r][\n]"
12:57:36.425 [TestNG-tests-1] DEBUG org.apache.http.headers - >> GET /api/tokens/overview?filter=all&order_current=descend&limit=20&start=0&sort=volume24hInTrx&order=desc HTTP/1.1
12:57:36.425 [TestNG-tests-1] DEBUG org.apache.http.headers - >> Content-type: application/json; charset=utf-8
12:57:36.425 [TestNG-tests-1] DEBUG org.apache.http.headers - >> Connection: Close
12:57:36.425 [TestNG-tests-1] DEBUG org.apache.http.headers - >> Host: apilist.tronscan.org
12:57:36.425 [TestNG-tests-1] DEBUG org.apache.http.headers - >> User-Agent: Apache-HttpClient/4.5.3 (Java/1.8.0_211)
12:57:36.732 [TestNG-tests-1] DEBUG org.apache.http.wire -  << "HTTP/1.1 200 OK[\r][\n]"
12:57:36.732 [TestNG-tests-1] DEBUG org.apache.http.wire -  << "Server: nginx[\r][\n]"
12:57:36.732 [TestNG-tests-1] DEBUG org.apache.http.wire -  << "Date: Fri, 27 Mar 2020 04:57:37 GMT[\r][\n]"
12:57:36.732 [TestNG-tests-1] DEBUG org.apache.http.wire -  << "Content-Type: application/json;charset=utf-8[\r][\n]"
12:57:36.732 [TestNG-tests-1] DEBUG org.apache.http.wire -  << "Content-Length: 13129[\r][\n]"
12:57:36.732 [TestNG-tests-1] DEBUG org.apache.http.wire -  << "Connection: close[\r][\n]"
12:57:36.732 [TestNG-tests-1] DEBUG org.apache.http.wire -  << "Vary: Accept-Encoding[\r][\n]"
12:57:36.732 [TestNG-tests-1] DEBUG org.apache.http.wire -  << "Access-Control-Allow-Origin: *[\r][\n]"
12:57:36.732 [TestNG-tests-1] DEBUG org.apache.http.wire -  << "Access-Control-Allow-Headers: DNT,X-Mx-ReqToken,Keep-Alive,User-Agent,X-Requested-With,If-Modified-Since,Cache-Control,Content-Type,Authorization[\r][\n]"
12:57:36.732 [TestNG-tests-1] DEBUG org.apache.http.wire -  << "Access-Control-Allow-Methods: GET,POST,PUT,DELETE,OPTIONS[\r][\n]"
12:57:36.732 [TestNG-tests-1] DEBUG org.apache.http.wire -  << "X-Proxy-Cache: MISS[\r][\n]"
12:57:36.732 [TestNG-tests-1] DEBUG org.apache.http.wire -  << "[\r][\n]"
12:57:36.732 [TestNG-tests-1] DEBUG org.apache.http.impl.conn.DefaultClientConnection - Receiving response: HTTP/1.1 200 OK
12:57:36.732 [TestNG-tests-1] DEBUG org.apache.http.headers - << HTTP/1.1 200 OK
12:57:36.732 [TestNG-tests-1] DEBUG org.apache.http.headers - << Server: nginx
12:57:36.732 [TestNG-tests-1] DEBUG org.apache.http.headers - << Date: Fri, 27 Mar 2020 04:57:37 GMT
12:57:36.732 [TestNG-tests-1] DEBUG org.apache.http.headers - << Content-Type: application/json;charset=utf-8
12:57:36.732 [TestNG-tests-1] DEBUG org.apache.http.headers - << Content-Length: 13129
12:57:36.732 [TestNG-tests-1] DEBUG org.apache.http.headers - << Connection: close
12:57:36.732 [TestNG-tests-1] DEBUG org.apache.http.headers - << Vary: Accept-Encoding
12:57:36.732 [TestNG-tests-1] DEBUG org.apache.http.headers - << Access-Control-Allow-Origin: *
12:57:36.732 [TestNG-tests-1] DEBUG org.apache.http.headers - << Access-Control-Allow-Headers: DNT,X-Mx-ReqToken,Keep-Alive,User-Agent,X-Requested-With,If-Modified-Since,Cache-Control,Content-Type,Authorization
12:57:36.732 [TestNG-tests-1] DEBUG org.apache.http.headers - << Access-Control-Allow-Methods: GET,POST,PUT,DELETE,OPTIONS
12:57:36.732 [TestNG-tests-1] DEBUG org.apache.http.headers - << X-Proxy-Cache: MISS
http://apilist.tronscan.org/api/tokens/overview?filter=all&order_current=descend&limit=20&start=0&sort=volume24hInTrx&order=desc 请求总耗时：628 毫秒
12:57:36.732 [TestNG-tests-1] INFO tron.tronscan.api.TokenOverview - code is 200
12:57:36.732 [TestNG-tests-1] DEBUG org.apache.http.wire -  << "{"all":5630,"currentWeekAll":23,"currentWeekTotalAll":18,"tokens":[{"abbr":"WIN","canShow":1,"contractAddress":"TLa2f6VPqDgRE67v1736s7bJ8Ray5wYjU7","decimal":6,"description":"Drawing comparisons to the meteoric rise of the modern web, blockchain technology has shown signs of tremendous growth potential and transformative power. Just as the internet needed Web 2.0 to engage users with more social, usable, and interoperable functionality, blockchain technology[0xe2][0x80][0x99]s path to mass adoption hinges upon creating a seamless user experience. WINk is positioned to spark Web 3.0 on the TRON network with its revolutionary DApp experiences.","gain":-0.009396,"imgUrl":"https://coin.top/profile_images/JKtJTydD_400x400.jpg","isTop":false,"level":"2","marketcap":7352297899.156620,"name":"WINK","nrOfTokenHolders":280283,"pairId":69,"priceInTrx":0.007380,"projectSite":"https://www.wink.org/?lang=en#/","supply":996246327799,"tokenType":"trc20","volume24hInTrx":1475378.889097},{"abbr":"BTT","canShow":1,"dateCreated":1547950149000,"decimal":6,"description":"Official Token of BitTorrent Protocol","gain":-0.005376,"hash":"10e4ffd893e2ce0bf59162fc910341d9254df3a74baa6e6ec7a387e9dad7de8a","imgUrl":"https://coin.top/production/logo/1002000.png","isTop":false,"level":"2","marketcap":18315000000.000000,"name":"BitTorrent","nrOfTokenHolders":712941,"ownerAddress":"T"
12:57:36.733 [TestNG-tests-1] DEBUG org.apache.http.wire -  << "F5Bn4cJCT6GVeUgyCN4rBhDg42KBrpAjg","pairId":39,"priceInTrx":0.018500,"projectSite":"www.bittorrent.com","supply":990000000000,"tokenId":1002000,"tokenType":"trc10","volume24hInTrx":209457.052043},{"abbr":"USDT","canShow":1,"contractAddress":"TR7NHqjeKQxGTCi8q8ZY4pL8otSzgjLj6t","decimal":6,"description":"USDT is the official stablecoin issued by Tether on the TRON network.","gain":0.023216,"imgUrl":"https://coin.top/production/logo/TR7NHqjeKQxGTCi8q8ZY4pL8otSzgjLj6t.png","isTop":false,"level":"2","marketcap":65554172132.275460,"name":"Tether USD","nrOfTokenHolders":50493,"pairId":48,"priceInTrx":85.984523,"projectSite":"https://tron.network/usdt","supply":762395020,"tokenType":"trc20","volume24hInTrx":207413.760000},{"abbr":"TERC","canShow":1,"dateCreated":1532375322000,"decimal":0,"description":"It is a coin for internal use from Tron Europe which is only rewarded through voting","gain":-0.000062,"hash":"4732426259099995b72f5cdf951c61d46cdf1cdf6b57651a134ed0926bda6ff5","imgUrl":"https://coin.top/production/logo/1000226.png","isTop":false,"level":"0","marketcap":3230900000.000000,"name":"TRONEuropeRewardCoin","nrOfTokenHolders":26033,"ownerAddress":"TRseWF73sdjasSBmDnZdt6gpcsE8ARFuVG","pairId":55,"priceInTrx":0.323090,"projectSite":"http://www.tron-europe.org/terc","supply":10000000000,"tokenId":1000226,"tokenType":"trc10","volume24hInTrx":166243.805390},{"abbr":"IGG","canShow":1,"contractAddress":"TVQ6jYV5yTtRsKcD8aRc1a4Kei4V45ixLn","decimal":6,"description":"IGG is a deflationary medium of value exchange, with use cases that include: esports tournament prize pools, team-player rewards, player transfers, purchase of merchandise, rendering of services and performing a range of other activities in IGGalaxy.","gain":0.000000,"imgUrl":"https://coin.top/production/logo/TVQ6jYV5yTtRsKcD8aRc1a4Kei4V45ixLn.png","isTop":false,"level":"2","marketcap":174236196.911569,"name":"IG Gold","nrOfTokenHolders":30057,"pairId":37,"priceInTrx":0.003601,"projectSite":"https://www.iggalaxy.com/","supply":48385503169,"tokenType":"trc20","volume24hInTrx":83679.662620},{"abbr":"TWX","canShow":1,"contractAddress":"TKTcfBEKpp5ZRPwmiZ8SfLx8W7CDZ7PHCY","decimal":6,"description":"TronWallet Exchange / Marketplace Token","gain":0.063291,"imgUrl":"https://coin.top/production/logo/TKTcfBEKpp5ZRPwmiZ8SfLx8W7CDZ7PHCY.png","isTop":false,"level":"2","marketcap":168000000.000000,"name":"TRONWALLET","nrOfTokenHolders":67461,"pairId":46,"priceInTrx":0.008400,"projectSite":"https://www.tronwallet.me/","supply":20000000000,"tokenType":"trc20","volume24hInTrx":48195.173391},{"abbr":"ATT","canShow":1,"contractAddress":"TVwXxvyYawS21PT1B7XZxBZCMbQZLUENoE","decimal":6,"description":"Africa Trading Chain can be used to improve the financial support level of China-Africa cooperation by blockchain technology. The project origin is from the [0xe2][0x80][0x9c]One Belt and One Road[0xe2][0x80][0x9d] initiative and is based in Africa . It is also receiving strong supports from many African governments.","gain":0.000000,"imgUrl":"https://coin.top/production/logo/TVwXxvyYawS21PT1B7XZxBZCMbQZLUENoE.png","isTop":false,"level":"0","marketcap":128700000.000000,"name":"ATT","nrOfTokenHolders":34804,"pairId":38,"priceInTrx":0.000130,"projectSite":"http://www.attchain.com/#/","supply":990000000000,"tokenType":"trc20","volume24hInTrx":43870.425936},{"abbr":"888","canShow":1,"contractAddress":"TLvDJcvKJDi3QuHgFbJC6SeTj3UacmtQU3","decimal":6,"description":"888 Token is a unique and fully decentralized TRC20 token on Tron blockchain. The supply of tokens is limited. It[0xe2][0x80][0x99]s main goal is to bring wealth to its owners in transparent and fair way. 888 Token can only be mined by playing on 888tron.com. Distribution of 888 tokens is made automatically by smart contract in a real live mode.","gain":0.004000,"imgUrl":"https://coin.top/production/logo/TLvDJcvKJDi3QuHgFbJC6SeTj3UacmtQU3.png","isTop":false,"level":"2","marketcap":1505156188.200000,"name":"888Tron","nrOfTokenHolders":7287,"pairId":40,"priceInTrx":15.060000,"projectSite":"https://888tron.com","supply":99943970,"tokenType":"trc20","volume24hInTrx":37370.832453},{"abbr":"BNKR","canShow":1,"contractAddress":"TNo59Khpq46FGf4sD7XSWYFNfYfbc8CqNK","decimal":6,"description":"The BNKR token captures the network value of the Bankroll Network and allows everyone in the TRON community to participate passively. BNKR is scarce, it has progressive mining difficulty and limited max supply of 21M.","gain":0.013588,"imgUrl":"https://coin.top/production/logo/TNo59Khpq46FGf4sD7XSWYFNfYfbc8CqNK.png","isTop":false,"level":"0","marketcap":27656387.694000,"name":"Bankroll Token","nrOfTokenHolders":3341,"pairId":85,"priceInTrx":6.639000,"projectSite":"https://bankroll.network","supply":4165746,"tokenType":"trc20","volume24hInTrx":25605.882144},{"abbr":"SEED","canShow":1,"dateCreated":1529901102000,"decimal":0,"description":"Sesameseed tokens for community rewards and SEEDgerminator investment of community-voted projects.","gain":0.098592,"hash":"58cc49cd47ba0ef70662823552cb45c0d1da375616fc79ddbd171dcbc97829fd","imgUrl":"https://coin.top/production/logo/1000001.png","isTop":false,"level":"2","marketcap":156000000000.000000,"name":"SEED","nrOfTokenHolders":30259,"ownerAddress":"TGzz8gjYiYRqpfmDwnLxfgPuLVNmpCswVp","pairId":42,"priceInTrx":1.560000,"projectSite":"http://www.sesameseed.org","supply":100000000000,"tokenId":1000001,"tokenType":"trc10","volume24hInTrx":15156.445900},{"abbr":"TOPIA","canShow":1,"contractAddress":"TGpP9GPsjyq2yo4WrwSJvqYwqZLKRnSzE8","decimal":8,"description":"TRONtopia is a fully decentralized e-Gaming platform running on the TRX blockchain. Daily dividend payments, Freeze Tiers system, Increasing Referral Rewards, Fully on-chain.","gain":-0.172941,"imgUrl":"https://coin.top/production/logo/TGpP9GPsjyq2yo4WrwSJvqYwqZLKRnSzE8.png","isTop":false,"level":"2","marketcap":16790163.770000,"name":"Topia","nrOfTokenHolders":3560,"pairId":83,"priceInTrx":1.406000,"projectSite":"https://www.trontopia.co","supply":11941795,"tokenType":"trc20","volume24hInTrx":12021.531564},{"abbr":"LVH","canShow":1,"contractAddress":"TGbhcodQ1jRWB3ZywmfwsRTh4rwbiL2mzh","decimal":6,"description":"LoveHearts connect people. We are creating an entire ecosystem using TRXPlorer.io for LoveHearts, join the heart family, spread the love, watch us grow.","gain":0.000000,"imgUrl":"https://coin.top/production/logo/TGbhcodQ1jRWB3ZywmfwsRTh4rwbiL2mzh.png","isTop":false,"level":"0","marketcap":4850000.000000,"name":"LoveHeartsToken","nrOfTokenHolders":15583,"pairId":45,"priceInTrx":0.000485,"projectSite":"https://TRXplorer.io","supply":10000000000,"tokenType":"trc20","volume24hInTrx":11126.326850},{"abbr":"BTZC","canShow":1,"dateCreated":1557435876000,"decimal":6,"description":"BTZC is to be used on the VibraVid.io platform and is the replacement for token ID: 1000501.","gain":0.000000,"hash":"4fbc22d1b7099555faa95147183933babf253b69431f4538310dce1b76c191bf","imgUrl":"https://coin.top/production/upload/logo/1002413.png?t=1572026493406","isTop":false,"level":"2","marketcap":60000000.000000,"name":"BeatzCoin","nrOfTokenHolders":21036,"ownerAddress":"TV6jkvfAntSDohZF3onVSnpb4wceEPh32a","pairId":87,"priceInTrx":0.020000,"projectSite":"https://www.beatzcoin.io/","supply":3000000000,"tokenId":1002413,"tokenType":"trc10","volume24hInTrx":6481.491141},{"abbr":"TSHARE","canShow":1,"contractAddress":"TBd4Nt5JVMmZ5uQ8jtVLXUuVXZFK1asJM5","decimal":6,"description":"10% of every TOPIA dividend pool is used to purchase TRC 10 and 20. These tokens are distributed to shares freezers, daily.","gain":0.230453,"imgUrl":"https://coin.top/production/upload/logo/TBd4Nt5JVMmZ5uQ8jtVLXUuVXZFK1asJM5.png?t=1566516934818","isTop":false,"level":"0","marketcap":1101235.597800,"name":"Topia Share","nrOfTokenHolders":1594,"pairId":82,"priceInTrx":0.029900,"projectSite":"https://www.trontopia.co","supply":36830622,"tokenType":"trc20","volume24hInTrx":4756.967050},{"abbr":"SCC","canShow":1,"dateCreated":1570268388000,"decimal":6,"description":"https://scc.digforit.win","gain":0.000000,"hash":"b5c9ba2d9cfef55b1b993b881c5878fb305d904aa973717f2948529ff68522c0","imgUrl":"https://coin.top/production/logo/1002670.png","isTop":false,"level":"2","marketcap":16"
12:57:36.733 [TestNG-tests-1] DEBUG org.apache.http.wire -  << "1200000000.000000,"name":"SCC","nrOfTokenHolders":38425,"ownerAddress":"TSCCdKhtTge29sdyEC1tnQYaPJQyywXh5L","pairId":86,"priceInTrx":1.612000,"projectSite":"https://digforit.win","supply":100000000000,"tokenId":1002670,"tokenType":"trc10","volume24hInTrx":3711.877640},{"abbr":"HORA","canShow":1,"contractAddress":"TNjt5fShPVJ4YpsLuU4THuBbg58g2bZoLk","decimal":6,"description":"Rewarding token that will be used in video games. Hora Tokens can be gained ( mined ) only by playing Crypto Idle Miner, Hora Games mobile game. Hora Token has a monthly minting limit of 100m tokens, and the cap of 12 billions which should be reached in the next 10 years.","gain":-0.010582,"imgUrl":"https://coin.top/production/logo/TNjt5fShPVJ4YpsLuU4THuBbg58g2bZoLk.png","isTop":false,"level":"0","marketcap":336600.000000,"name":"Hora Token","nrOfTokenHolders":27599,"pairId":71,"priceInTrx":0.001122,"projectSite":"https://cryptoidleminer.com","supply":300000000,"tokenType":"trc20","volume24hInTrx":1096.613160},{"abbr":"SCT","canShow":1,"dateCreated":1539252924000,"decimal":0,"description":"https://digforit.win","gain":0.000000,"hash":"c1b1b26438308fba5a1c8c215277b59108eff136f9f00f201bb607977e513290","imgUrl":"https://coin.top/production/logo/1001092.png","isTop":false,"level":"0","marketcap":697000000000000.000000,"name":"SCT","nrOfTokenHolders":6192,"ownerAddress":"TSCCemmYcB6ASd3HiUuBjUncwQCJyQ3biK","pairId":60,"priceInTrx":0.006970,"projectSite":"https://digforit.win","supply":100000000000000000,"tokenId":1001092,"tokenType":"trc10","volume24hInTrx":615.033720},{"abbr":"VCOIN","canShow":1,"contractAddress":"TNisVGhbxrJiEHyYUMPxRzgytUtGM7vssZ","decimal":6,"description":"VCOIN token[0xe6][0x98][0xaf][0xe5][0x8e][0xbb][0xe4][0xb8][0xad][0xe5][0xbf][0x83][0xe5][0x8c][0x96][0xe6][0xb8][0xb8][0xe6][0x88][0x8f][0xe5][0xb9][0xb3][0xe5][0x8f][0xb0]TronVegas[0xe7][0x9a][0x84][0xe4][0xbb][0xa3][0xe5][0xb8][0x81][0xef][0xbc][0x8c][0xe7][0x94][0xa8][0xe4][0xba][0x8e][0xe5][0x88][0x86][0xe7][0xba][0xa2][0xe3][0x80][0x81][0xe6][0xb8][0xb8][0xe6][0x88][0x8f][0xe7][0xad][0x89]","gain":0.000000,"imgUrl":"https://coin.top/production/logo/TNisVGhbxrJiEHyYUMPxRzgytUtGM7vssZ.png","isTop":false,"level":"0","marketcap":80460000.000000,"name":"TronVegasCoin","nrOfTokenHolders":3715,"pairId":63,"priceInTrx":0.402300,"projectSite":"http://www.tronvegas.net","supply":200000000,"tokenType":"trc20","volume24hInTrx":431.265600},{"abbr":"TONE","canShow":1,"dateCreated":1539241704000,"decimal":0,"description":"TRON ONE is one of SR of TRON, based on \"everyone build,everyone share\". TONE will build largest culture zone in TRON world. ","gain":0.000000,"hash":"c461ffe6609b750350ced12d9014f3827e6ca6cf5c61128f3f876c3f749bc0ff","imgUrl":"https://coin.top/production/logo/1001090.png","isTop":false,"level":"2","marketcap":550000000.000000,"name":"TRONONE","nrOfTokenHolders":188381,"ownerAddress":"TU1LUTYDMG6iihimUpAmdnnBthawPKh1cm","pairId":51,"priceInTrx":0.005500,"projectSite":"www.tronone.com","supply":100000000000,"tokenId":1001090,"tokenType":"trc10","volume24hInTrx":393.937500},{"abbr":"TWJ","canShow":1,"contractAddress":"TNq5PbSssK5XfmSYU4Aox4XkgTdpDoEDiY","decimal":8,"description":"Tron Weekly Journal (TWJ) is an endeavour to bring all Tron world news under one umbrella. All latest events, happenings, ICOs, business ideations, interviews of ideators and entrepreneurs, and every activity in the world of Tron will now be available under one unified online journal called the Tron Weekly Journal.","gain":0.000000,"imgUrl":"https://coin.top/production/logo/TNq5PbSssK5XfmSYU4Aox4XkgTdpDoEDiY.png","isTop":false,"level":"2","marketcap":8864999.550000,"name":"TronWeeklyJournal","nrOfTokenHolders":2943,"pairId":33,"priceInTrx":0.000900,"projectSite":"www.tronweekly.com","supply":9849999500,"tokenType":"trc20","volume24hInTrx":356.761950}],"total":2952,"totalAll":3516,"valueAtLeast":10000}[\n]"
12:57:36.733 [TestNG-tests-1] DEBUG org.apache.http.impl.conn.DefaultClientConnection - Connection 0.0.0.0:60988<->18.216.178.128:80 closed
12:57:36.733 [TestNG-tests-1] DEBUG org.apache.http.impl.conn.PoolingClientConnectionManager - Connection released: [id: 14][route: {}->http://apilist.tronscan.org:80][total kept alive: 0; route allocated: 0 of 80; total allocated: 0 of 100]
12:57:36.733 [TestNG-tests-1] INFO tron.common.TronscanApiList - ----------------------------Print JSON Start---------------------------
12:57:36.733 [TestNG-tests-1] INFO tron.common.TronscanApiList - all:5630
12:57:36.733 [TestNG-tests-1] INFO tron.common.TronscanApiList - total:2952
12:57:36.733 [TestNG-tests-1] INFO tron.common.TronscanApiList - currentWeekAll:23
12:57:36.734 [TestNG-tests-1] INFO tron.common.TronscanApiList - tokens:[{"marketcap":7352297899.156620,"level":"2","canShow":1,"contractAddress":"TLa2f6VPqDgRE67v1736s7bJ8Ray5wYjU7","description":"Drawing comparisons to the meteoric rise of the modern web, blockchain technology has shown signs of tremendous growth potential and transformative power. Just as the internet needed Web 2.0 to engage users with more social, usable, and interoperable functionality, blockchain technology’s path to mass adoption hinges upon creating a seamless user experience. WINk is positioned to spark Web 3.0 on the TRON network with its revolutionary DApp experiences.","supply":996246327799,"gain":-0.009396,"imgUrl":"https://coin.top/profile_images/JKtJTydD_400x400.jpg","nrOfTokenHolders":280283,"pairId":69,"isTop":false,"name":"WINK","projectSite":"https://www.wink.org/?lang=en#/","abbr":"WIN","decimal":6,"priceInTrx":0.007380,"tokenType":"trc20","volume24hInTrx":1475378.889097},{"marketcap":18315000000.000000,"tokenId":1002000,"level":"2","canShow":1,"description":"Official Token of BitTorrent Protocol","supply":990000000000,"gain":-0.005376,"imgUrl":"https://coin.top/production/logo/1002000.png","nrOfTokenHolders":712941,"pairId":39,"dateCreated":1547950149000,"isTop":false,"name":"BitTorrent","projectSite":"www.bittorrent.com","ownerAddress":"TF5Bn4cJCT6GVeUgyCN4rBhDg42KBrpAjg","abbr":"BTT","decimal":6,"priceInTrx":0.018500,"tokenType":"trc10","volume24hInTrx":209457.052043,"hash":"10e4ffd893e2ce0bf59162fc910341d9254df3a74baa6e6ec7a387e9dad7de8a"},{"marketcap":65554172132.275460,"level":"2","canShow":1,"contractAddress":"TR7NHqjeKQxGTCi8q8ZY4pL8otSzgjLj6t","description":"USDT is the official stablecoin issued by Tether on the TRON network.","supply":762395020,"gain":0.023216,"imgUrl":"https://coin.top/production/logo/TR7NHqjeKQxGTCi8q8ZY4pL8otSzgjLj6t.png","nrOfTokenHolders":50493,"pairId":48,"isTop":false,"name":"Tether USD","projectSite":"https://tron.network/usdt","abbr":"USDT","decimal":6,"priceInTrx":85.984523,"tokenType":"trc20","volume24hInTrx":207413.760000},{"marketcap":3230900000.000000,"tokenId":1000226,"level":"0","canShow":1,"description":"It is a coin for internal use from Tron Europe which is only rewarded through voting","supply":10000000000,"gain":-0.000062,"imgUrl":"https://coin.top/production/logo/1000226.png","nrOfTokenHolders":26033,"pairId":55,"dateCreated":1532375322000,"isTop":false,"name":"TRONEuropeRewardCoin","projectSite":"http://www.tron-europe.org/terc","ownerAddress":"TRseWF73sdjasSBmDnZdt6gpcsE8ARFuVG","abbr":"TERC","decimal":0,"priceInTrx":0.323090,"tokenType":"trc10","volume24hInTrx":166243.805390,"hash":"4732426259099995b72f5cdf951c61d46cdf1cdf6b57651a134ed0926bda6ff5"},{"marketcap":174236196.911569,"level":"2","canShow":1,"contractAddress":"TVQ6jYV5yTtRsKcD8aRc1a4Kei4V45ixLn","description":"IGG is a deflationary medium of value exchange, with use cases that include: esports tournament prize pools, team-player rewards, player transfers, purchase of merchandise, rendering of services and performing a range of other activities in IGGalaxy.","supply":48385503169,"gain":0.000000,"imgUrl":"https://coin.top/production/logo/TVQ6jYV5yTtRsKcD8aRc1a4Kei4V45ixLn.png","nrOfTokenHolders":30057,"pairId":37,"isTop":false,"name":"IG Gold","projectSite":"https://www.iggalaxy.com/","abbr":"IGG","decimal":6,"priceInTrx":0.003601,"tokenType":"trc20","volume24hInTrx":83679.662620},{"marketcap":168000000.000000,"level":"2","canShow":1,"contractAddress":"TKTcfBEKpp5ZRPwmiZ8SfLx8W7CDZ7PHCY","description":"TronWallet Exchange / Marketplace Token","supply":20000000000,"gain":0.063291,"imgUrl":"https://coin.top/production/logo/TKTcfBEKpp5ZRPwmiZ8SfLx8W7CDZ7PHCY.png","nrOfTokenHolders":67461,"pairId":46,"isTop":false,"name":"TRONWALLET","projectSite":"https://www.tronwallet.me/","abbr":"TWX","decimal":6,"priceInTrx":0.008400,"tokenType":"trc20","volume24hInTrx":48195.173391},{"marketcap":128700000.000000,"level":"0","canShow":1,"contractAddress":"TVwXxvyYawS21PT1B7XZxBZCMbQZLUENoE","description":"Africa Trading Chain can be used to improve the financial support level of China-Africa cooperation by blockchain technology. The project origin is from the “One Belt and One Road” initiative and is based in Africa . It is also receiving strong supports from many African governments.","supply":990000000000,"gain":0.000000,"imgUrl":"https://coin.top/production/logo/TVwXxvyYawS21PT1B7XZxBZCMbQZLUENoE.png","nrOfTokenHolders":34804,"pairId":38,"isTop":false,"name":"ATT","projectSite":"http://www.attchain.com/#/","abbr":"ATT","decimal":6,"priceInTrx":0.000130,"tokenType":"trc20","volume24hInTrx":43870.425936},{"marketcap":1505156188.200000,"level":"2","canShow":1,"contractAddress":"TLvDJcvKJDi3QuHgFbJC6SeTj3UacmtQU3","description":"888 Token is a unique and fully decentralized TRC20 token on Tron blockchain. The supply of tokens is limited. It’s main goal is to bring wealth to its owners in transparent and fair way. 888 Token can only be mined by playing on 888tron.com. Distribution of 888 tokens is made automatically by smart contract in a real live mode.","supply":99943970,"gain":0.004000,"imgUrl":"https://coin.top/production/logo/TLvDJcvKJDi3QuHgFbJC6SeTj3UacmtQU3.png","nrOfTokenHolders":7287,"pairId":40,"isTop":false,"name":"888Tron","projectSite":"https://888tron.com","abbr":"888","decimal":6,"priceInTrx":15.060000,"tokenType":"trc20","volume24hInTrx":37370.832453},{"marketcap":27656387.694000,"level":"0","canShow":1,"contractAddress":"TNo59Khpq46FGf4sD7XSWYFNfYfbc8CqNK","description":"The BNKR token captures the network value of the Bankroll Network and allows everyone in the TRON community to participate passively. BNKR is scarce, it has progressive mining difficulty and limited max supply of 21M.","supply":4165746,"gain":0.013588,"imgUrl":"https://coin.top/production/logo/TNo59Khpq46FGf4sD7XSWYFNfYfbc8CqNK.png","nrOfTokenHolders":3341,"pairId":85,"isTop":false,"name":"Bankroll Token","projectSite":"https://bankroll.network","abbr":"BNKR","decimal":6,"priceInTrx":6.639000,"tokenType":"trc20","volume24hInTrx":25605.882144},{"marketcap":156000000000.000000,"tokenId":1000001,"level":"2","canShow":1,"description":"Sesameseed tokens for community rewards and SEEDgerminator investment of community-voted projects.","supply":100000000000,"gain":0.098592,"imgUrl":"https://coin.top/production/logo/1000001.png","nrOfTokenHolders":30259,"pairId":42,"dateCreated":1529901102000,"isTop":false,"name":"SEED","projectSite":"http://www.sesameseed.org","ownerAddress":"TGzz8gjYiYRqpfmDwnLxfgPuLVNmpCswVp","abbr":"SEED","decimal":0,"priceInTrx":1.560000,"tokenType":"trc10","volume24hInTrx":15156.445900,"hash":"58cc49cd47ba0ef70662823552cb45c0d1da375616fc79ddbd171dcbc97829fd"},{"marketcap":16790163.770000,"level":"2","canShow":1,"contractAddress":"TGpP9GPsjyq2yo4WrwSJvqYwqZLKRnSzE8","description":"TRONtopia is a fully decentralized e-Gaming platform running on the TRX blockchain. Daily dividend payments, Freeze Tiers system, Increasing Referral Rewards, Fully on-chain.","supply":11941795,"gain":-0.172941,"imgUrl":"https://coin.top/production/logo/TGpP9GPsjyq2yo4WrwSJvqYwqZLKRnSzE8.png","nrOfTokenHolders":3560,"pairId":83,"isTop":false,"name":"Topia","projectSite":"https://www.trontopia.co","abbr":"TOPIA","decimal":8,"priceInTrx":1.406000,"tokenType":"trc20","volume24hInTrx":12021.531564},{"marketcap":4850000.000000,"level":"0","canShow":1,"contractAddress":"TGbhcodQ1jRWB3ZywmfwsRTh4rwbiL2mzh","description":"LoveHearts connect people. We are creating an entire ecosystem using TRXPlorer.io for LoveHearts, join the heart family, spread the love, watch us grow.","supply":10000000000,"gain":0.000000,"imgUrl":"https://coin.top/production/logo/TGbhcodQ1jRWB3ZywmfwsRTh4rwbiL2mzh.png","nrOfTokenHolders":15583,"pairId":45,"isTop":false,"name":"LoveHeartsToken","projectSite":"https://TRXplorer.io","abbr":"LVH","decimal":6,"priceInTrx":0.000485,"tokenType":"trc20","volume24hInTrx":11126.326850},{"marketcap":60000000.000000,"tokenId":1002413,"level":"2","canShow":1,"description":"BTZC is to be used on the VibraVid.io platform and is the replacement for token ID: 1000501.","supply":3000000000,"gain":0.000000,"imgUrl":"https://coin.top/production/upload/logo/1002413.png?t=1572026493406","nrOfTokenHolders":21036,"pairId":87,"dateCreated":1557435876000,"isTop":false,"name":"BeatzCoin","projectSite":"https://www.beatzcoin.io/","ownerAddress":"TV6jkvfAntSDohZF3onVSnpb4wceEPh32a","abbr":"BTZC","decimal":6,"priceInTrx":0.020000,"tokenType":"trc10","volume24hInTrx":6481.491141,"hash":"4fbc22d1b7099555faa95147183933babf253b69431f4538310dce1b76c191bf"},{"marketcap":1101235.597800,"level":"0","canShow":1,"contractAddress":"TBd4Nt5JVMmZ5uQ8jtVLXUuVXZFK1asJM5","description":"10% of every TOPIA dividend pool is used to purchase TRC 10 and 20. These tokens are distributed to shares freezers, daily.","supply":36830622,"gain":0.230453,"imgUrl":"https://coin.top/production/upload/logo/TBd4Nt5JVMmZ5uQ8jtVLXUuVXZFK1asJM5.png?t=1566516934818","nrOfTokenHolders":1594,"pairId":82,"isTop":false,"name":"Topia Share","projectSite":"https://www.trontopia.co","abbr":"TSHARE","decimal":6,"priceInTrx":0.029900,"tokenType":"trc20","volume24hInTrx":4756.967050},{"marketcap":161200000000.000000,"tokenId":1002670,"level":"2","canShow":1,"description":"https://scc.digforit.win","supply":100000000000,"gain":0.000000,"imgUrl":"https://coin.top/production/logo/1002670.png","nrOfTokenHolders":38425,"pairId":86,"dateCreated":1570268388000,"isTop":false,"name":"SCC","projectSite":"https://digforit.win","ownerAddress":"TSCCdKhtTge29sdyEC1tnQYaPJQyywXh5L","abbr":"SCC","decimal":6,"priceInTrx":1.612000,"tokenType":"trc10","volume24hInTrx":3711.877640,"hash":"b5c9ba2d9cfef55b1b993b881c5878fb305d904aa973717f2948529ff68522c0"},{"marketcap":336600.000000,"level":"0","canShow":1,"contractAddress":"TNjt5fShPVJ4YpsLuU4THuBbg58g2bZoLk","description":"Rewarding token that will be used in video games. Hora Tokens can be gained ( mined ) only by playing Crypto Idle Miner, Hora Games mobile game. Hora Token has a monthly minting limit of 100m tokens, and the cap of 12 billions which should be reached in the next 10 years.","supply":300000000,"gain":-0.010582,"imgUrl":"https://coin.top/production/logo/TNjt5fShPVJ4YpsLuU4THuBbg58g2bZoLk.png","nrOfTokenHolders":27599,"pairId":71,"isTop":false,"name":"Hora Token","projectSite":"https://cryptoidleminer.com","abbr":"HORA","decimal":6,"priceInTrx":0.001122,"tokenType":"trc20","volume24hInTrx":1096.613160},{"marketcap":697000000000000.000000,"tokenId":1001092,"level":"0","canShow":1,"description":"https://digforit.win","supply":100000000000000000,"gain":0.000000,"imgUrl":"https://coin.top/production/logo/1001092.png","nrOfTokenHolders":6192,"pairId":60,"dateCreated":1539252924000,"isTop":false,"name":"SCT","projectSite":"https://digforit.win","ownerAddress":"TSCCemmYcB6ASd3HiUuBjUncwQCJyQ3biK","abbr":"SCT","decimal":0,"priceInTrx":0.006970,"tokenType":"trc10","volume24hInTrx":615.033720,"hash":"c1b1b26438308fba5a1c8c215277b59108eff136f9f00f201bb607977e513290"},{"marketcap":80460000.000000,"level":"0","canShow":1,"contractAddress":"TNisVGhbxrJiEHyYUMPxRzgytUtGM7vssZ","description":"VCOIN token是去中心化游戏平台TronVegas的代币，用于分红、游戏等","supply":200000000,"gain":0.000000,"imgUrl":"https://coin.top/production/logo/TNisVGhbxrJiEHyYUMPxRzgytUtGM7vssZ.png","nrOfTokenHolders":3715,"pairId":63,"isTop":false,"name":"TronVegasCoin","projectSite":"http://www.tronvegas.net","abbr":"VCOIN","decimal":6,"priceInTrx":0.402300,"tokenType":"trc20","volume24hInTrx":431.265600},{"marketcap":550000000.000000,"tokenId":1001090,"level":"2","canShow":1,"description":"TRON ONE is one of SR of TRON, based on \"everyone build,everyone share\". TONE will build largest culture zone in TRON world. ","supply":100000000000,"gain":0.000000,"imgUrl":"https://coin.top/production/logo/1001090.png","nrOfTokenHolders":188381,"pairId":51,"dateCreated":1539241704000,"isTop":false,"name":"TRONONE","projectSite":"www.tronone.com","ownerAddress":"TU1LUTYDMG6iihimUpAmdnnBthawPKh1cm","abbr":"TONE","decimal":0,"priceInTrx":0.005500,"tokenType":"trc10","volume24hInTrx":393.937500,"hash":"c461ffe6609b750350ced12d9014f3827e6ca6cf5c61128f3f876c3f749bc0ff"},{"marketcap":8864999.550000,"level":"2","canShow":1,"contractAddress":"TNq5PbSssK5XfmSYU4Aox4XkgTdpDoEDiY","description":"Tron Weekly Journal (TWJ) is an endeavour to bring all Tron world news under one umbrella. All latest events, happenings, ICOs, business ideations, interviews of ideators and entrepreneurs, and every activity in the world of Tron will now be available under one unified online journal called the Tron Weekly Journal.","supply":9849999500,"gain":0.000000,"imgUrl":"https://coin.top/production/logo/TNq5PbSssK5XfmSYU4Aox4XkgTdpDoEDiY.png","nrOfTokenHolders":2943,"pairId":33,"isTop":false,"name":"TronWeeklyJournal","projectSite":"www.tronweekly.com","abbr":"TWJ","decimal":8,"priceInTrx":0.000900,"tokenType":"trc20","volume24hInTrx":356.761950}]
12:57:36.734 [TestNG-tests-1] INFO tron.common.TronscanApiList - totalAll:3516
12:57:36.734 [TestNG-tests-1] INFO tron.common.TronscanApiList - valueAtLeast:10000
12:57:36.734 [TestNG-tests-1] INFO tron.common.TronscanApiList - currentWeekTotalAll:18
12:57:36.734 [TestNG-tests-1] INFO tron.common.TronscanApiList - JSON content size are: 7
12:57:36.734 [TestNG-tests-1] INFO tron.common.TronscanApiList - ----------------------------Print JSON End-----------------------------
]]></system-out>
  <system-err><![CDATA[]]></system-err>
</testsuite>
