<?xml version="1.0" encoding="UTF-8"?>
<testsuite name="tron.tronscan.api.ContractTriggerList" tests="1" skipped="0" failures="0" errors="0" timestamp="2020-03-27T04:58:59" hostname="zhukaideiMac.local" time="1.559">
  <properties/>
  <testcase name="test01getContractTrigger" classname="tron.tronscan.api.ContractTriggerList" time="1.559"/>
  <system-out><![CDATA[12:58:59.880 [TestNG-tests-1] DEBUG org.apache.http.impl.conn.PoolingClientConnectionManager - Connection request: [route: {}->http://apilist.tronscan.org:80][total kept alive: 0; route allocated: 0 of 80; total allocated: 0 of 100]
12:58:59.880 [TestNG-tests-1] DEBUG org.apache.http.impl.conn.PoolingClientConnectionManager - Connection leased: [id: 77][route: {}->http://apilist.tronscan.org:80][total kept alive: 0; route allocated: 1 of 80; total allocated: 1 of 100]
12:58:59.880 [TestNG-tests-1] DEBUG org.apache.http.impl.conn.DefaultClientConnectionOperator - Connecting to apilist.tronscan.org:80
12:59:00.186 [TestNG-tests-1] DEBUG org.apache.http.client.protocol.RequestAddCookies - CookieSpec selected: default
12:59:00.186 [TestNG-tests-1] DEBUG org.apache.http.client.protocol.RequestAuthCache - Auth cache not set in the context
12:59:00.186 [TestNG-tests-1] DEBUG org.apache.http.client.protocol.RequestTargetAuthentication - Target auth state: UNCHALLENGED
12:59:00.186 [TestNG-tests-1] DEBUG org.apache.http.client.protocol.RequestProxyAuthentication - Proxy auth state: UNCHALLENGED
12:59:00.186 [TestNG-tests-1] DEBUG org.apache.http.impl.client.DefaultHttpClient - Attempt 1 to execute request
12:59:00.186 [TestNG-tests-1] DEBUG org.apache.http.impl.conn.DefaultClientConnection - Sending request: GET /api/contracts/trigger?end_timestamp=1548060167540&start_timestamp=1548000000000&count=true&limit=20&start=0&sort=-timestamp HTTP/1.1
12:59:00.186 [TestNG-tests-1] DEBUG org.apache.http.wire -  >> "GET /api/contracts/trigger?end_timestamp=1548060167540&start_timestamp=1548000000000&count=true&limit=20&start=0&sort=-timestamp HTTP/1.1[\r][\n]"
12:59:00.186 [TestNG-tests-1] DEBUG org.apache.http.wire -  >> "Content-type: application/json; charset=utf-8[\r][\n]"
12:59:00.186 [TestNG-tests-1] DEBUG org.apache.http.wire -  >> "Connection: Close[\r][\n]"
12:59:00.186 [TestNG-tests-1] DEBUG org.apache.http.wire -  >> "Host: apilist.tronscan.org[\r][\n]"
12:59:00.186 [TestNG-tests-1] DEBUG org.apache.http.wire -  >> "User-Agent: Apache-HttpClient/4.5.3 (Java/1.8.0_211)[\r][\n]"
12:59:00.186 [TestNG-tests-1] DEBUG org.apache.http.wire -  >> "[\r][\n]"
12:59:00.186 [TestNG-tests-1] DEBUG org.apache.http.headers - >> GET /api/contracts/trigger?end_timestamp=1548060167540&start_timestamp=1548000000000&count=true&limit=20&start=0&sort=-timestamp HTTP/1.1
12:59:00.186 [TestNG-tests-1] DEBUG org.apache.http.headers - >> Content-type: application/json; charset=utf-8
12:59:00.186 [TestNG-tests-1] DEBUG org.apache.http.headers - >> Connection: Close
12:59:00.186 [TestNG-tests-1] DEBUG org.apache.http.headers - >> Host: apilist.tronscan.org
12:59:00.186 [TestNG-tests-1] DEBUG org.apache.http.headers - >> User-Agent: Apache-HttpClient/4.5.3 (Java/1.8.0_211)
12:59:01.437 [TestNG-tests-1] DEBUG org.apache.http.wire -  << "HTTP/1.1 200 OK[\r][\n]"
12:59:01.437 [TestNG-tests-1] DEBUG org.apache.http.wire -  << "Server: nginx[\r][\n]"
12:59:01.437 [TestNG-tests-1] DEBUG org.apache.http.wire -  << "Date: Fri, 27 Mar 2020 04:59:02 GMT[\r][\n]"
12:59:01.437 [TestNG-tests-1] DEBUG org.apache.http.wire -  << "Content-Type: application/json;charset=utf-8[\r][\n]"
12:59:01.437 [TestNG-tests-1] DEBUG org.apache.http.wire -  << "Content-Length: 11897[\r][\n]"
12:59:01.437 [TestNG-tests-1] DEBUG org.apache.http.wire -  << "Connection: close[\r][\n]"
12:59:01.437 [TestNG-tests-1] DEBUG org.apache.http.wire -  << "Vary: Accept-Encoding[\r][\n]"
12:59:01.437 [TestNG-tests-1] DEBUG org.apache.http.wire -  << "Access-Control-Allow-Origin: *[\r][\n]"
12:59:01.437 [TestNG-tests-1] DEBUG org.apache.http.wire -  << "Access-Control-Allow-Headers: DNT,X-Mx-ReqToken,Keep-Alive,User-Agent,X-Requested-With,If-Modified-Since,Cache-Control,Content-Type,Authorization[\r][\n]"
12:59:01.437 [TestNG-tests-1] DEBUG org.apache.http.wire -  << "Access-Control-Allow-Methods: GET,POST,PUT,DELETE,OPTIONS[\r][\n]"
12:59:01.437 [TestNG-tests-1] DEBUG org.apache.http.wire -  << "X-Proxy-Cache: MISS[\r][\n]"
12:59:01.437 [TestNG-tests-1] DEBUG org.apache.http.wire -  << "[\r][\n]"
12:59:01.437 [TestNG-tests-1] DEBUG org.apache.http.impl.conn.DefaultClientConnection - Receiving response: HTTP/1.1 200 OK
12:59:01.437 [TestNG-tests-1] DEBUG org.apache.http.headers - << HTTP/1.1 200 OK
12:59:01.437 [TestNG-tests-1] DEBUG org.apache.http.headers - << Server: nginx
12:59:01.437 [TestNG-tests-1] DEBUG org.apache.http.headers - << Date: Fri, 27 Mar 2020 04:59:02 GMT
12:59:01.437 [TestNG-tests-1] DEBUG org.apache.http.headers - << Content-Type: application/json;charset=utf-8
12:59:01.437 [TestNG-tests-1] DEBUG org.apache.http.headers - << Content-Length: 11897
12:59:01.437 [TestNG-tests-1] DEBUG org.apache.http.headers - << Connection: close
12:59:01.437 [TestNG-tests-1] DEBUG org.apache.http.headers - << Vary: Accept-Encoding
12:59:01.437 [TestNG-tests-1] DEBUG org.apache.http.headers - << Access-Control-Allow-Origin: *
12:59:01.437 [TestNG-tests-1] DEBUG org.apache.http.headers - << Access-Control-Allow-Headers: DNT,X-Mx-ReqToken,Keep-Alive,User-Agent,X-Requested-With,If-Modified-Since,Cache-Control,Content-Type,Authorization
12:59:01.437 [TestNG-tests-1] DEBUG org.apache.http.headers - << Access-Control-Allow-Methods: GET,POST,PUT,DELETE,OPTIONS
12:59:01.437 [TestNG-tests-1] DEBUG org.apache.http.headers - << X-Proxy-Cache: MISS
http://apilist.tronscan.org/api/contracts/trigger?end_timestamp=1548060167540&start_timestamp=1548000000000&count=true&limit=20&start=0&sort=-timestamp 请求总耗时：1557 毫秒
12:59:01.438 [TestNG-tests-1] INFO tron.tronscan.api.ContractTriggerList - code is 200
12:59:01.438 [TestNG-tests-1] DEBUG org.apache.http.wire -  << "{"total":10000,"data":[{"block":5988773,"callData":"c243c72b00000000000000000000000000000000000000000000000000000000000000200000000000000000000000000000000000000000000000000000000000000005000000000000000000000000000000000000000000000000000000000000000a000000000000000000000000000000000000000000000000000000000000000a000000000000000000000000000000000000000000000000000000000000000a000000000000000000000000000000000000000000000000000000000000000a000000000000000000000000000000000000000000000000000000000000000a","callValue":50000000,"confirmed":true,"contractAddress":"TGMw8vkCafWM9M59TqrWGAwMhKfLYuX8A8","contractType":"IntendedLeaveEmpty","hash":"1990775b8338a6aeda9158f6fba103818c405fa387c7c5b2163e045bf8be2d9a","ownerAddress":"TXm1enMYm3xaEcqvG2SovkqykHBWRPUxVU","timestamp":1548060165000,"result":"IntendedLeaveEmpty","token":""},{"block":5988773,"callData":"1675d00cd74deb5b87ac083a156c85d42464dfa0422bf01b05af1cc3b48a1538629599e2000000000000000000000000000000000000000000000000000000000000aea5000000000000000000000000000000000000000000000000000000000000000e00000000000000000000000091dbb78996602a0ae8a8b997d9dd6c3b42e55bdc0000000000000000000000000000000000000000000000000000000001da9c00000000000000000000000000807d23c80090b836d4563a459e0092233aa02f450000000000000000000000000000000000000000000000000000000000015f90","callValue":0,"confirmed":true,"contr"
12:59:01.438 [TestNG-tests-1] DEBUG org.apache.http.wire -  << "actAddress":"TGfbkJww3x5cb9u4ekLtZ9hXvJo48nUSi4","contractType":"IntendedLeaveEmpty","hash":"e76a6fca62eef61e1c709bd56039f1e12e9df52752431e2efa35a4388216983e","ownerAddress":"TWKjKdAhRRrsNj4ECerPEmtzt7AgBejgvn","timestamp":1548060165000,"result":"IntendedLeaveEmpty","token":""},{"block":5988773,"callData":"a3082be900000000000000000000000000000000000000000000000000000000000000320000000000000000000000000000000000000000000000000000000000000001","callValue":1000000000,"confirmed":true,"contractAddress":"TEEXEWrkMFKapSMJ6mErg39ELFKDqEs6w3","contractType":"IntendedLeaveEmpty","hash":"8372de3c4ba9c7787b010e94faaab194e18d88e9791a0eee682976a333c08a2a","ownerAddress":"TVH4jK9kEqc5kb72UFwZQKvWwQhySLP2eH","timestamp":1548060165000,"result":"IntendedLeaveEmpty","token":""},{"block":5988773,"callData":"3a6991ce0000000000000000000000000000000000000000000000000000000000000068","callValue":30000000,"confirmed":true,"contractAddress":"TXijhBT8JcWV9ZNucbUmMzhDngEPtLu1a9","contractType":"IntendedLeaveEmpty","hash":"5d1ca613c980d79c76f6907f5cec3489ed623880e0c17c1840f79846bf2334ce","ownerAddress":"TPJybGwVM17QKizhosPUm7RcYVt8sr3ueQ","timestamp":1548060165000,"result":"IntendedLeaveEmpty","token":""},{"block":5988773,"callData":"a3082be9000000000000000000000000000000000000000000000000000000000000003200000000000000000000000000000000000000000000000000000000000"
12:59:01.438 [TestNG-tests-1] DEBUG org.apache.http.wire -  << "00001","callValue":200000000,"confirmed":true,"contractAddress":"TEEXEWrkMFKapSMJ6mErg39ELFKDqEs6w3","contractType":"IntendedLeaveEmpty","hash":"f48b7bc2b12b70ff8eaa9333a75b769460f770b78f39554828c2df4dc773c150","ownerAddress":"TWZtGLmzNrdidz6XdyWKsfzK2B6oxu3ySL","timestamp":1548060165000,"result":"IntendedLeaveEmpty","token":""},{"block":5988773,"callData":"a5c25415000000000000000000000000000000000000000000000000000000000000005f000000000000000000000000b0da9474d6cf547acea6011b46fc6d046047dfb2","callValue":10000000,"confirmed":true,"contractAddress":"TXijhBT8JcWV9ZNucbUmMzhDngEPtLu1a9","contractType":"IntendedLeaveEmpty","hash":"bc74e4a422cadca94833bed1243de7776fae6813d6d086018d61c3f031570a5d","ownerAddress":"TSoDq2cnzkfcSYBqcmBsFstyyAKa53MC6m","timestamp":1548060165000,"result":"IntendedLeaveEmpty","token":""},{"block":5988773,"callData":"49774683000000000000000000000000d34486f7578b8189f93667e0a41a083a8075fd2e36810edc09fd190ed88724431b44fa69ab1a08bbed2f7f4bc41e2b380857cda000000000000000000000000000000000000000000000000000000000006322860000000000000000000000000000000000000000000000000000000039757900","callValue":0,"confirmed":true,"contractAddress":"TXSjGe7jtfHwiTFxxfER8PKVz9vc1N8u2x","contractType":"IntendedLeaveEmpty","hash":"79f0eb8566a1bb9e8983861542e4a55ead4ed9823dd368cd23edb54c1a30e318","ownerAddress":"TBv7igM3eVRsd144ayw7X3ecxsAdM"
12:59:01.438 [TestNG-tests-1] DEBUG org.apache.http.wire -  << "QfBne","timestamp":1548060165000,"result":"IntendedLeaveEmpty","token":""},{"block":5988773,"callData":"1675d00cfeca4ff7e40f0837a940989a560ce49c913b1ef93bcccd6ac23cbfbe4a14a54f0000000000000000000000000000000000000000000000000000000000012313000000000000000000000000000000000000000000000000000000000000003d0000000000000000000000009256c2a132f82d310e9aec3e52d3725dfaf60a2d00000000000000000000000000000000000000000000000000000000031f6870000000000000000000000000807d23c80090b836d4563a459e0092233aa02f4500000000000000000000000000000000000000000000000000000000000249f0","callValue":0,"confirmed":true,"contractAddress":"TGfbkJww3x5cb9u4ekLtZ9hXvJo48nUSi4","contractType":"IntendedLeaveEmpty","hash":"e70b1655491182d4bb1e93c402d586aa2899c80a47770ba5b92160a36b248dbf","ownerAddress":"TWKjKdAhRRrsNj4ECerPEmtzt7AgBejgvn","timestamp":1548060165000,"result":"IntendedLeaveEmpty","token":""},{"block":5988773,"callData":"1675d00c471e3f33e71fd0c6fff90ca78a145b3f4f473c82e5a5cfb34004f59774a0ee050000000000000000000000000000000000000000000000000000000000012313000000000000000000000000000000000000000000000000000000000000001b000000000000000000000000f07a8c31b717425fd7473001e5dca817cb3bd6d50000000000000000000000000000000000000000000000000000000003170400000000000000000000000000807d23c80090b836d4563a459e0092233aa02f450000000000000000000000000000000000000000000000000000000000"
12:59:01.438 [TestNG-tests-1] DEBUG org.apache.http.wire -  << "0249f0","callValue":0,"confirmed":true,"contractAddress":"TGfbkJww3x5cb9u4ekLtZ9hXvJo48nUSi4","contractType":"IntendedLeaveEmpty","hash":"db75e0d803a98511958a5f2829eea41001b61448a020128cd1a1188b0e696b7b","ownerAddress":"TWKjKdAhRRrsNj4ECerPEmtzt7AgBejgvn","timestamp":1548060165000,"result":"IntendedLeaveEmpty","token":""},{"block":5988773,"callData":"1675d00c9ebb8f24f2b565fa81607e0d9c8cd99bf5e6efb232866c2206036303c1ca23530000000000000000000000000000000000000000000000000000000000012313000000000000000000000000000000000000000000000000000000000000001c00000000000000000000000091dbb78996602a0ae8a8b997d9dd6c3b42e55bdc0000000000000000000000000000000000000000000000000000000003170400000000000000000000000000807d23c80090b836d4563a459e0092233aa02f4500000000000000000000000000000000000000000000000000000000000249f0","callValue":0,"confirmed":true,"contractAddress":"TGfbkJww3x5cb9u4ekLtZ9hXvJo48nUSi4","contractType":"IntendedLeaveEmpty","hash":"44a7c539b5472ee8cc3f3374d578880977c883811cd5130eb78bb195ad0d9ce5","ownerAddress":"TWKjKdAhRRrsNj4ECerPEmtzt7AgBejgvn","timestamp":1548060165000,"result":"IntendedLeaveEmpty","token":""},{"block":5988773,"callData":"a3082be900000000000000000000000000000000000000000000000000000000000000330000000000000000000000000000000000000000000000000000000000000000","callValue":10000000,"confirmed":true,"contractAddress":"TEEXEW"
12:59:01.438 [TestNG-tests-1] DEBUG org.apache.http.wire -  << "rkMFKapSMJ6mErg39ELFKDqEs6w3","contractType":"IntendedLeaveEmpty","hash":"ff3f8ca72a2082997d96aea4ba526306c9605bdcb8fbc8e7eb408496726a5712","ownerAddress":"TQEwFr1hEGeeHygV7JaCzKW9EC8evon2Yw","timestamp":1548060165000,"result":"IntendedLeaveEmpty","token":""},{"block":5988773,"callData":"497746830000000000000000000000004625d6cb618197f20482382ddcae85f85ef82e5d82f6cb0eebeda19f5d4e22b055999cd435e4c8004da6bf522c9295d8bebc7b9300000000000000000000000000000000000000000000000000000000000d13280000000000000000000000000000000000000000000000000000000000989680","callValue":0,"confirmed":true,"contractAddress":"TXSjGe7jtfHwiTFxxfER8PKVz9vc1N8u2x","contractType":"IntendedLeaveEmpty","hash":"305951ad3ee91c024232ccc721a40469b2cbb0f4be25af62663481e8a8384aca","ownerAddress":"TBv7igM3eVRsd144ayw7X3ecxsAdMQfBne","timestamp":1548060165000,"result":"IntendedLeaveEmpty","token":""},{"block":5988773,"callData":"ccdc535e0000000000000000000000000000000000000000000000000000000000000060000000000000000000000000000000000000000000000000000000000000006400000000000000000000000000000000000000000000000002848dc422491000","callValue":200000000,"confirmed":true,"contractAddress":"TKQ2WmYs9KRmD3c9TwUMjZ3vj5BKgADUZ5","contractType":"IntendedLeaveEmpty","hash":"f0669e5cbd51d6624de2ce5091607bf6889dd03da234f79ca564cd2e16e93032","ownerAddress":"TEZkAGytwNDEeBGmDUedxxpZREA3VNGg89""
12:59:01.438 [TestNG-tests-1] DEBUG org.apache.http.wire -  << ","timestamp":1548060165000,"result":"IntendedLeaveEmpty","token":""},{"block":5988773,"callData":"1675d00c75fcdf525a75650a03169b7107217c6a9e1a418fa2555c58e345801cccf66536000000000000000000000000000000000000000000000000000000000000746e000000000000000000000000000000000000000000000000000000000000001500000000000000000000000091dbb78996602a0ae8a8b997d9dd6c3b42e55bdc00000000000000000000000000000000000000000000000000000000013c6800000000000000000000000000807d23c80090b836d4563a459e0092233aa02f45000000000000000000000000000000000000000000000000000000000000ea60","callValue":0,"confirmed":true,"contractAddress":"TGfbkJww3x5cb9u4ekLtZ9hXvJo48nUSi4","contractType":"IntendedLeaveEmpty","hash":"d1ef6aad9940173c3b91b8d4d3fb86ba825b5b9ca465c992405439adaeb8cd6a","ownerAddress":"TWKjKdAhRRrsNj4ECerPEmtzt7AgBejgvn","timestamp":1548060165000,"result":"IntendedLeaveEmpty","token":""},{"block":5988773,"callData":"3a6991ce0000000000000000000000000000000000000000000000000000000000000068","callValue":10000000,"confirmed":true,"contractAddress":"TXijhBT8JcWV9ZNucbUmMzhDngEPtLu1a9","contractType":"IntendedLeaveEmpty","hash":"99bba15af5be31f45c16bf0464b397686c78ae50278d64fd452047bf2d745be9","ownerAddress":"TXETF7rn7gj3TYjCTSbbGjchmLc4WRcsYE","timestamp":1548060165000,"result":"IntendedLeaveEmpty","token":""},{"block":5988773,"callData":"095ea7b30000000000000000000000"
12:59:01.438 [TestNG-tests-1] DEBUG org.apache.http.wire -  << "00618d0e037332312282c9e41da0400d92f5120f03000000000000000000000000000000000000000000000000000000e8d4a51000","callValue":0,"confirmed":true,"contractAddress":"TPvL3fEmVgaQg9th56eA1Ck1KS5koba37S","contractType":"IntendedLeaveEmpty","hash":"1d5845082da332b4ac27acea693b69b165606d62370825d235fefb6d91d8eb0b","ownerAddress":"TDYqZibRpXhivwrxGyDdhFexgzumGGbXH4","timestamp":1548060165000,"result":"IntendedLeaveEmpty","token":""},{"block":5988773,"callData":"e8a46f1b00000000000000000000000000000000000000000000006c6b935b8bbd40000000000000000000000000000018f534ab7f285b2402e433af0212a3b017cd93ba","callValue":0,"confirmed":true,"contractAddress":"TJs1XKcVaWYgrBSpd27axqrRhWLt6GUBU3","contractType":"IntendedLeaveEmpty","hash":"7492979134a82a84c530153293f6c5e1cd7aa70c30e5b1695b12ed1ff02b1b56","ownerAddress":"THp1mJjvcV6oBEe8959NFFAHvYbzksANQQ","timestamp":1548060165000,"result":"IntendedLeaveEmpty","token":""},{"block":5988773,"callData":"a3082be900000000000000000000000000000000000000000000000000000000000000040000000000000000000000000000000000000000000000000000000000000001","callValue":40000000,"confirmed":true,"contractAddress":"TEEXEWrkMFKapSMJ6mErg39ELFKDqEs6w3","contractType":"IntendedLeaveEmpty","hash":"00d648d1b2f7a57ceeb5dd531f3ec1b3eba430958dc190a5f01769bb78528ecf","ownerAddress":"TYBBB697sVCqp9ztqxCj3sfz4ThnFgjmgH","timestamp":1548060165000,"r"
12:59:01.438 [TestNG-tests-1] DEBUG org.apache.http.wire -  << "esult":"IntendedLeaveEmpty","token":""},{"block":5988773,"callData":"ca722cdc2d880c1b530c39d16fa42c63e0558813ebb2716fbf041d0e7c6bbd36c5e7b69e9b2eb738ff4f7d2f18772c16ce7457837778113ba46525461976260fdb1107f1","callValue":0,"confirmed":true,"contractAddress":"TXzXSkd1x4U8FV9rKY3hZgaLfkqcruMq25","contractType":"IntendedLeaveEmpty","hash":"ba2ee1d8dbab79c92adda21722aac4f00d0394223390202b38b6b77f2307a2a8","ownerAddress":"TJYxbHS7sJfDQBaCXVww62c67DyhBbc95j","timestamp":1548060165000,"result":"IntendedLeaveEmpty","token":""},{"block":5988773,"callData":"a3082be900000000000000000000000000000000000000000000000000000000000000040000000000000000000000000000000000000000000000000000000000000001","callValue":18888000000,"confirmed":true,"contractAddress":"TEEXEWrkMFKapSMJ6mErg39ELFKDqEs6w3","contractType":"IntendedLeaveEmpty","hash":"aec0e76ce196a06ceb43b4cd2c0f70120c9d90d3c5d747249748f82dd3f63efd","ownerAddress":"TYHKn3wzUMbJxuzabSFTf92atkMB6nqV5G","timestamp":1548060165000,"result":"IntendedLeaveEmpty","token":""}],"rangeTotal":801910118}[\n]"
12:59:01.438 [TestNG-tests-1] DEBUG org.apache.http.impl.conn.DefaultClientConnection - Connection 0.0.0.0:61422<->18.216.178.128:80 closed
12:59:01.438 [TestNG-tests-1] DEBUG org.apache.http.impl.conn.PoolingClientConnectionManager - Connection released: [id: 77][route: {}->http://apilist.tronscan.org:80][total kept alive: 0; route allocated: 0 of 80; total allocated: 0 of 100]
]]></system-out>
  <system-err><![CDATA[]]></system-err>
</testsuite>
