<?xml version="1.0" encoding="UTF-8"?>
<testsuite name="tron.tronscan.api.AnnouncementList" tests="1" skipped="0" failures="0" errors="0" timestamp="2020-03-27T04:58:41" hostname="zhukaideiMac.local" time="1.338">
  <properties/>
  <testcase name="getAnnouncement" classname="tron.tronscan.api.AnnouncementList" time="1.338"/>
  <system-out><![CDATA[http://apilist.tronscan.org/api/announcement
12:58:41.020 [TestNG-tests-1] DEBUG org.apache.http.impl.conn.PoolingClientConnectionManager - Connection request: [route: {}->http://apilist.tronscan.org:80][total kept alive: 0; route allocated: 0 of 80; total allocated: 0 of 100]
12:58:41.020 [TestNG-tests-1] DEBUG org.apache.http.impl.conn.PoolingClientConnectionManager - Connection leased: [id: 60][route: {}->http://apilist.tronscan.org:80][total kept alive: 0; route allocated: 1 of 80; total allocated: 1 of 100]
12:58:41.020 [TestNG-tests-1] DEBUG org.apache.http.impl.conn.DefaultClientConnectionOperator - Connecting to apilist.tronscan.org:80
12:58:41.266 [TestNG-tests-1] DEBUG org.apache.http.client.protocol.RequestAddCookies - CookieSpec selected: default
12:58:41.266 [TestNG-tests-1] DEBUG org.apache.http.client.protocol.RequestAuthCache - Auth cache not set in the context
12:58:41.266 [TestNG-tests-1] DEBUG org.apache.http.client.protocol.RequestTargetAuthentication - Target auth state: UNCHALLENGED
12:58:41.266 [TestNG-tests-1] DEBUG org.apache.http.client.protocol.RequestProxyAuthentication - Proxy auth state: UNCHALLENGED
12:58:41.266 [TestNG-tests-1] DEBUG org.apache.http.impl.client.DefaultHttpClient - Attempt 1 to execute request
12:58:41.266 [TestNG-tests-1] DEBUG org.apache.http.impl.conn.DefaultClientConnection - Sending request: GET /api/announcement?limit=10&start=10&sort=-timestamp&type=1&status=0 HTTP/1.1
12:58:41.266 [TestNG-tests-1] DEBUG org.apache.http.wire -  >> "GET /api/announcement?limit=10&start=10&sort=-timestamp&type=1&status=0 HTTP/1.1[\r][\n]"
12:58:41.266 [TestNG-tests-1] DEBUG org.apache.http.wire -  >> "Content-type: application/json; charset=utf-8[\r][\n]"
12:58:41.266 [TestNG-tests-1] DEBUG org.apache.http.wire -  >> "Connection: Close[\r][\n]"
12:58:41.266 [TestNG-tests-1] DEBUG org.apache.http.wire -  >> "Host: apilist.tronscan.org[\r][\n]"
12:58:41.266 [TestNG-tests-1] DEBUG org.apache.http.wire -  >> "User-Agent: Apache-HttpClient/4.5.3 (Java/1.8.0_211)[\r][\n]"
12:58:41.266 [TestNG-tests-1] DEBUG org.apache.http.wire -  >> "[\r][\n]"
12:58:41.266 [TestNG-tests-1] DEBUG org.apache.http.headers - >> GET /api/announcement?limit=10&start=10&sort=-timestamp&type=1&status=0 HTTP/1.1
12:58:41.266 [TestNG-tests-1] DEBUG org.apache.http.headers - >> Content-type: application/json; charset=utf-8
12:58:41.266 [TestNG-tests-1] DEBUG org.apache.http.headers - >> Connection: Close
12:58:41.266 [TestNG-tests-1] DEBUG org.apache.http.headers - >> Host: apilist.tronscan.org
12:58:41.266 [TestNG-tests-1] DEBUG org.apache.http.headers - >> User-Agent: Apache-HttpClient/4.5.3 (Java/1.8.0_211)
12:58:41.549 [TestNG-tests-1] DEBUG org.apache.http.wire -  << "HTTP/1.1 200 OK[\r][\n]"
12:58:41.549 [TestNG-tests-1] DEBUG org.apache.http.wire -  << "Server: nginx[\r][\n]"
12:58:41.549 [TestNG-tests-1] DEBUG org.apache.http.wire -  << "Date: Fri, 27 Mar 2020 04:58:42 GMT[\r][\n]"
12:58:41.549 [TestNG-tests-1] DEBUG org.apache.http.wire -  << "Content-Type: text/json;charset=utf-8[\r][\n]"
12:58:41.549 [TestNG-tests-1] DEBUG org.apache.http.wire -  << "Transfer-Encoding: chunked[\r][\n]"
12:58:41.549 [TestNG-tests-1] DEBUG org.apache.http.wire -  << "Connection: close[\r][\n]"
12:58:41.549 [TestNG-tests-1] DEBUG org.apache.http.wire -  << "Access-Control-Allow-Origin: *[\r][\n]"
12:58:41.549 [TestNG-tests-1] DEBUG org.apache.http.wire -  << "Access-Control-Allow-Headers: DNT,X-Mx-ReqToken,Keep-Alive,User-Agent,X-Requested-With,If-Modified-Since,Cache-Control,Content-Type,Authorization[\r][\n]"
12:58:41.549 [TestNG-tests-1] DEBUG org.apache.http.wire -  << "Access-Control-Allow-Methods: GET,POST,PUT,DELETE,OPTIONS[\r][\n]"
12:58:41.549 [TestNG-tests-1] DEBUG org.apache.http.wire -  << "X-Proxy-Cache: MISS[\r][\n]"
12:58:41.549 [TestNG-tests-1] DEBUG org.apache.http.wire -  << "[\r][\n]"
12:58:41.549 [TestNG-tests-1] DEBUG org.apache.http.impl.conn.DefaultClientConnection - Receiving response: HTTP/1.1 200 OK
12:58:41.549 [TestNG-tests-1] DEBUG org.apache.http.headers - << HTTP/1.1 200 OK
12:58:41.549 [TestNG-tests-1] DEBUG org.apache.http.headers - << Server: nginx
12:58:41.549 [TestNG-tests-1] DEBUG org.apache.http.headers - << Date: Fri, 27 Mar 2020 04:58:42 GMT
12:58:41.549 [TestNG-tests-1] DEBUG org.apache.http.headers - << Content-Type: text/json;charset=utf-8
12:58:41.549 [TestNG-tests-1] DEBUG org.apache.http.headers - << Transfer-Encoding: chunked
12:58:41.549 [TestNG-tests-1] DEBUG org.apache.http.headers - << Connection: close
12:58:41.549 [TestNG-tests-1] DEBUG org.apache.http.headers - << Access-Control-Allow-Origin: *
12:58:41.549 [TestNG-tests-1] DEBUG org.apache.http.headers - << Access-Control-Allow-Headers: DNT,X-Mx-ReqToken,Keep-Alive,User-Agent,X-Requested-With,If-Modified-Since,Cache-Control,Content-Type,Authorization
12:58:41.549 [TestNG-tests-1] DEBUG org.apache.http.headers - << Access-Control-Allow-Methods: GET,POST,PUT,DELETE,OPTIONS
12:58:41.549 [TestNG-tests-1] DEBUG org.apache.http.headers - << X-Proxy-Cache: MISS
http://apilist.tronscan.org/api/announcement?limit=10&start=10&sort=-timestamp&type=1&status=0 请求总耗时：529 毫秒
12:58:41.549 [TestNG-tests-1] DEBUG org.apache.http.wire -  << "7dc0[\r][\n]"
12:58:41.549 [TestNG-tests-1] DEBUG org.apache.http.wire -  << "{"total":37,"data":[{"id":94,"titleEN":"TRXMarket Launches Market Price Trading Mode","titleCN":"TRXMarket[0xe4][0xb8][0x8a][0xe7][0xba][0xbf][0xe5][0xb8][0x82][0xe4][0xbb][0xb7][0xe4][0xba][0xa4][0xe6][0x98][0x93][0xe5][0x8a][0x9f][0xe8][0x83][0xbd]","contextEN":"<p>Dear users:</p>\n<p>TRXMarket has launched market price trading mode on UTC January 30, 2019.</p>\n<p>TRXMarket Team<br /> January 30, 2019</p>","contextCN":"<p>[0xe4][0xba][0xb2][0xe7][0x88][0xb1][0xe7][0x9a][0x84][0xe7][0x94][0xa8][0xe6][0x88][0xb7][0xef][0xbc][0x9a]</p>\n<p>[0xe6][0x82][0xa8][0xe5][0xa5][0xbd][0xef][0xbc][0x81]TRXMarket[0xe5][0xb7][0xb2][0xe4][0xba][0x8e]UTC[0xe6][0x97][0xb6][0xe9][0x97][0xb4]2019[0xe5][0xb9][0xb4]1[0xe6][0x9c][0x88]30[0xe6][0x97][0xa5][0xe4][0xb8][0x8a][0xe7][0xba][0xbf][0xe5][0xb8][0x82][0xe4][0xbb][0xb7][0xe4][0xba][0xa4][0xe6][0x98][0x93][0xe5][0x8a][0x9f][0xe8][0x83][0xbd][0xe3][0x80][0x82]</p>\n<p>TRXMarket[0xe5][0x9b][0xa2][0xe9][0x98][0x9f]</p>\n<p>2019[0xe5][0xb9][0xb4]1[0xe6][0x9c][0x88]30[0xe6][0x97][0xa5]</p>","type":1,"status":0,"extInfo":"[{\"method\":\"Telegram\",\"link\":\"https://t.me/trxmarket2018\"},{\"method\":\"Twitter\",\"link\":\"https://twitter.com/TRX_Market\"},{\"method\":\"Website\",\"link\":\"https://trx.market\"}]","createTime":"2019-01-30 11:52:09","updateTime":"2019-01-30 11:53:13"},{"id":93,"titleEN":"TRXMarket Lists ATT/TRX Exchange Pair ","titleCN":"TRXMarket[0xe4][0xb8][0x8a][0xe7][0xba][0xbf] ATT/TRX[0xe6][0x96][0xb0][0xe4][0xba][0xa4][0xe6][0x98][0x93][0xe5][0xaf][0xb9]","contextEN":"<p>Dear users:</p>\n<p>TRXMarket will list a new exchange pair ATT/TRX at 05:00(UTC) on Jan 26, 2019.</p>\n<p>TRXMarket Team<br /> January 23, 2019</p>","contextCN":"<p>[0xe4][0xba][0xb2][0xe7][0x88][0xb1][0xe7][0x9a][0x84][0xe7][0x94][0xa8][0xe6][0x88][0xb7][0xef][0xbc][0x9a]</p>\n<p>[0xe6][0x82][0xa8][0xe5][0xa5][0xbd][0xef][0xbc][0x81]TRXMarket[0xe5][0xb0][0x86][0xe4][0xba][0x8e]UTC[0xe6][0x97][0xb6][0xe9][0x97][0xb4]2019[0xe5][0xb9][0xb4]1[0xe6][0x9c][0x88]26[0xe6][0x97][0xa5]05:00[0xe4][0xb8][0x8a][0xe7][0xba][0xbf][0xe6][0x96][0xb0][0xe4][0xba][0xa4][0xe6][0x98][0x93][0xe5][0xaf][0xb9][0xef][0xbc][0x9a]ATT/TRX[0xe3][0x80][0x82]</p>\n<p>[0xe6][0x95][0xac][0xe8][0xaf][0xb7][0xe6][0x9c][0x9f][0xe5][0xbe][0x85][0xe3][0x80][0x82]&nbsp;</p>\n<p>TRXMarket[0xe5][0x9b][0xa2][0xe9][0x98][0x9f]</p>\n<p>2019[0xe5][0xb9][0xb4]1[0xe6][0x9c][0x88]23[0xe6][0x97][0xa5]</p>","type":1,"status":0,"extInfo":"[{\"method\":\"Telegram\",\"link\":\"https://t.me/trxmarket2018\"},{\"method\":\"Twitter\",\"link\":\"https://twitter.com/TRX_Market\"}]","createTime":"2019-01-23 03:55:32","updateTime":"2019-01-23 04:30:44"},{"id":92,"titleEN":"TRXMarket Relists ANTE/TRX Exchange Pair","titleCN":"TRXMarket[0xe9][0x87][0x8d][0xe6][0x96][0xb0][0xe4][0xb8][0x8a][0xe7][0xba][0xbf]ANTE/TRX[0xe4][0xba][0xa4][0xe6][0x98][0x93][0xe5][0xaf][0xb9]","contextEN":"<p>Dear users:<br /> The exchange pair of ANTE/TRX has been relisted. Welcome to trade in TRXMarket.</p>\n<p><br /> TRXMarket Team</p>\n<p>January 22, 2019</p>","contextCN":"<p>[0xe4][0xba][0xb2][0xe7][0x88][0xb1][0xe7][0x9a][0x84][0xe7][0x94][0xa8][0xe6][0x88][0xb7][0xef][0xbc][0x9a]<br /> [0xe6][0x82][0xa8][0xe5][0xa5][0xbd][0xef][0xbc][0x81]TRXMarket[0xe5][0xb7][0xb2][0xe9][0x87][0x8d][0xe6][0x96][0xb0][0xe4][0xb8][0x8a][0xe7][0xba][0xbf]ANTE/TRX[0xe4][0xba][0xa4][0xe6][0x98][0x93][0xe5][0xaf][0xb9][0xef][0xbc][0x8c][0xe5][0x8f][0xaf][0xe4][0xbb][0xa5][0xe6][0xad][0xa3][0xe5][0xb8][0xb8][0xe4][0xba][0xa4][0xe6][0x98][0x93][0xe3][0x80][0x82]</p>\n<p><br /> TRXMarket[0xe5][0x9b][0xa2][0xe9][0x98][0x9f]<br /> 2019[0xe5][0xb9][0xb4]1[0xe6][0x9c][0x88]22[0xe6][0x97][0xa5]</p>","type":1,"status":0,"extInfo":"[{\"method\":\"Telegram\",\"link\":\"https://t.me/trxmarket2018\"},{\"method\":\"Twitter\",\"link\":\"https://twitter.com/TRX_Market\"}]","createTime":"2019-01-22 09:41:09","updateTime":"2019-01-22 09:43:40"},{"id":91,"titleEN":"TRXMarket Suspends ANTE/TRX Exchange Pair ","titleCN":"TRXMarket[0xe6][0x9a][0x82][0xe6][0x97][0xb6][0xe4][0xb8][0x8b][0xe7][0xba][0xbf] ANTE/TRX[0xe4][0xba][0xa4][0xe6][0x98][0x93][0xe5][0xaf][0xb9]","contextEN":"<p>Dear users:<br /> Due to technical glitches, ANTE/TRX Exchange Pair will be temporarily suspended in TRXMarket until the further notice. Sorry for the inconvenience, please wait patiently!<br /> <br /> TRXMarket Team</p>\n<p>January 22, 2019</p>","contextCN":"<p>[0xe4][0xba][0xb2][0xe7][0x88][0xb1][0xe7][0x9a][0x84][0xe7][0x94][0xa8][0xe6][0x88][0xb7][0xef][0xbc][0x9a]<br /> [0xe6][0x82][0xa8][0xe5][0xa5][0xbd][0xef][0xbc][0x81][0xe7][0x94][0xb1][0xe4][0xba][0x8e][0xe6][0x8a][0x80][0xe6][0x9c][0xaf][0xe5][0x8e][0x9f][0xe5][0x9b][0xa0][0xef][0xbc][0x8c]TRXMarket[0xe5][0xb0][0x86][0xe6][0x9a][0x82][0xe6][0x97][0xb6][0xe4][0xb8][0x8b][0xe7][0xba][0xbf]ANTE/TRX[0xe4][0xba][0xa4][0xe6][0x98][0x93][0xe5][0xaf][0xb9][0xe3][0x80][0x82][0xe4][0xb8][0x8a][0xe7][0xba][0xbf][0xe6][0x97][0xb6][0xe9][0x97][0xb4][0xe4][0xbc][0x9a][0xe5][0x8f][0xa6][0xe8][0xa1][0x8c][0xe9][0x80][0x9a][0xe7][0x9f][0xa5][0xef][0xbc][0x8c][0xe8][0xaf][0xb7][0xe5][0xa4][0xa7][0xe5][0xae][0xb6][0xe8][0x80][0x90][0xe5][0xbf][0x83][0xe7][0xad][0x89][0xe5][0xbe][0x85][0xe3][0x80][0x82][0xe7][0xbb][0x99][0xe6][0x82][0xa8][0xe5][0xb8][0xa6][0xe6][0x9d][0xa5][0xe7][0x9a][0x84][0xe4][0xb8][0x8d][0xe4][0xbe][0xbf][0xe6][0x95][0xac][0xe8][0xaf][0xb7][0xe8][0xb0][0x85][0xe8][0xa7][0xa3][0xef][0xbc][0x81]</p>\n<p>&nbsp;<br /> TRXMarket[0xe5][0x9b][0xa2][0xe9][0x98][0x9f]<br /> 2019[0xe5][0xb9][0xb4]1[0xe6][0x9c][0x88]22[0xe6][0x97][0xa5]</p>","type":1,"status":0,"extInfo":"[{\"method\":\"Telegram\",\"link\":\"https://t.me/trxmarket2018\"},{\"method\":\"Twitter\",\"link\":\"https://twitter.com/TRX_Market\"}]","createTime":"2019-01-22 04:24:55","updateTime":"2019-01-22 04:24:55"},{"id":90,"titleEN":"TRXMarket Back to Normal Operation","titleCN":"TRXMarket[0xe6][0x81][0xa2][0xe5][0xa4][0x8d][0xe6][0xad][0xa3][0xe5][0xb8][0xb8][0xe8][0xbf][0x90][0xe8][0x90][0xa5]","contextEN":"<p class=\"p1\"><span class=\"s1\">Dear users,</span></p>\n<p class=\"p1\"><span class=\"s1\">TRXMarket has come back and welcome to trade on TRXMarket. Sorry for the inconvenience during the maintenance! </span></p>\n<p class=\"p2\">&nbsp;</p>\n<p class=\"p1\"><span class=\"s1\">TRXMarket Team</span></p>\n<p class=\"p1\"><span class=\"s1\">January 21, 2019</span></p>","contextCN":"<p class=\"p1\"><span class=\"s1\">[0xe4][0xba][0xb2][0xe7][0x88][0xb1][0xe7][0x9a][0x84][0xe7][0x94][0xa8][0xe6][0x88][0xb7][0xef][0xbc][0x9a]</span></p>\n<p class=\"p1\"><span class=\"s1\">TRXMarket[0xe5][0xb7][0xb2][0xe7][0xbb][0x8f][0xe6][0x81][0xa2][0xe5][0xa4][0x8d][0xe6][0xad][0xa3][0xe5][0xb8][0xb8][0xef][0xbc][0x8c][0xe6][0xac][0xa2][0xe8][0xbf][0x8e][0xe7][0xbb][0xa7][0xe7][0xbb][0xad][0xe5][0x9c][0xa8]TRXMarket[0xe8][0xbf][0x9b][0xe8][0xa1][0x8c][0xe4][0xba][0xa4][0xe6][0x98][0x93] [0xe3][0x80][0x82][0xe7][0xbb][0xb4][0xe6][0x8a][0xa4][0xe6][0x9c][0x9f][0xe9][0x97][0xb4][0xe7][0xbb][0x99][0xe6][0x82][0xa8][0xe5][0xb8][0xa6][0xe6][0x9d][0xa5][0xe7][0x9a][0x84][0xe4][0xb8][0x8d][0xe4][0xbe][0xbf][0xe6][0x95][0xac][0xe8][0xaf][0xb7][0xe8][0xb0][0x85][0xe8][0xa7][0xa3][0xef][0xbc][0x81]</span></p>\n<p class=\"p2\">&nbsp;</p>\n<p class=\"p1\"><span class=\"s1\">TRXMarket[0xe5][0x9b][0xa2][0xe9][0x98][0x9f]</span></p>\n<p class=\"p1\"><span class=\"s1\">2019[0xe5][0xb9][0xb4]1[0xe6][0x9c][0x88]21[0xe6][0x97][0xa5]</span></p>","type":1,"status":0,"extInfo":"[{\"method\":\"Telegram\",\"link\":\"https://t.me/trxmarketEN\"},{\"method\":\"Twitter\",\"link\":\"https://twitter.com/TRX_Market\"}]","createTime":"2019-01-21 14:59:26","updateTime":"2019-02-19 03:37:13"},{"id":89,"titleEN":"TRXMarket Under Maintenance ","titleCN":"TRXMarket[0xe7][0xb3][0xbb][0xe7][0xbb][0x9f][0xe7][0xbb][0xb4][0xe6][0x8a][0xa4][0xe4][0xb8][0xad]","contextEN":"<p>Dear users,</p>\n<p>Due to glitch of main network, TRXMarket is now under maintenance until further notice. Sorry for the inconvenience, please wait patiently!</p>\n<p>&nbsp;</p>\n<p>TRXMarket Team</p>\n<p>January 17, 2019</p>","contextCN":"<p>[0xe4][0xba][0xb2][0xe7][0x88][0xb1][0xe7][0x9a][0x84][0xe7][0x94][0xa8][0xe6][0x88][0xb7][0xef][0xbc][0x9a]</p>\n<p>[0xe7][0x94][0xb1][0xe4][0xba][0x8e][0xe7][0xb3][0xbb][0xe7][0xbb][0x9f][0xe5][0x8e][0x9f][0xe5][0x9b][0xa0][0xef][0xbc][0x8c]TRXMarket[0xe7][0x9b][0xae][0xe5][0x89][0x8d][0xe6][0xad][0xa3][0xe5][0x9c][0xa8][0xe7][0xbb][0xb4][0xe6][0x8a][0xa4][0xe4][0xb8][0xad][0xef][0xbc][0x8c][0xe5][0x85][0xb7][0xe4][0xbd][0x93][0xe6][0x81][0xa2][0xe5][0xa4][0x8d][0xe6][0x97][0xb6][0xe9][0x97][0xb4][0xe4][0xbc][0x9a][0xe5][0x8f][0xa6][0xe8][0xa1][0x8c][0xe9][0x80][0x9a][0xe7][0x9f][0xa5][0xef][0xbc][0x8c][0xe8][0xaf][0xb7][0xe8][0x80][0x90][0xe5][0xbf][0x83][0xe7][0xad][0x89][0xe5][0xbe][0x85][0xe3][0x80][0x82][0xe7][0xbb][0x99][0xe6][0x82][0xa8][0xe5][0xb8][0xa6][0xe6][0x9d][0xa5][0xe7][0x9a][0x84][0xe4][0xb8][0x8d][0xe4][0xbe][0xbf][0xe6][0x95][0xac][0xe8][0xaf][0xb7][0xe8][0xb0][0x85][0xe8][0xa7][0xa3][0xef][0xbc][0x81]</p>\n<p>&nbsp;</p>\n<p>TRXMarket[0xe5][0x9b][0xa2][0xe9][0x98][0x9f]</p>\n<p>2019[0xe5][0xb9][0xb4]1[0xe6][0x9c][0x88]17[0xe6][0x97][0xa5]</p>","type":1,"status":0,"extInfo":"[{\"method\":\"Telegram\",\"link\":\"https://t.me/trxmarket2018\"},{\"method\":\"Twitter\",\"link\":\"https://twitter.com/TRX_Market\"}]","createTime":"2019-01-17 03:43:55","updateTime":"2019-01-17 03:43:55"},{"id":88,"titleEN":"TRXMarket Lists IGG/TRX Exchange Pair ","titleCN":"TRXMarket[0xe4][0xb8][0x8a][0xe7][0xba][0xbf]IGG/TRX[0xe4][0xba][0xa4][0xe6][0x98][0x93][0xe5][0xaf][0xb9]","contextEN":"<p>Dear users:<br />TRXMarket will list a new exchange pair IGG/TRX at 10:00 (UTC) on January 16, 2019.<br /><br />TRXMarket Team<br />January 16, 2019</p>","contextCN":"<p>[0xe4][0xba][0xb2][0xe7][0x88][0xb1][0xe7][0x9a][0x84][0xe7][0x94][0xa8][0xe6][0x88][0xb7][0xef][0xbc][0x9a]<br />[0xe6][0x82][0xa8][0xe5][0xa5][0xbd][0xef][0xbc][0x81]TRXMarket[0xe5][0xb0][0x86][0xe4][0xba][0x8e]UTC[0xe6][0x97][0xb6][0xe9][0x97][0xb4]2019[0xe5][0xb9][0xb4]1[0xe6][0x9c][0x88]16[0xe6][0x97][0xa5]10:00[0xe4][0xb8][0x8a][0xe7][0xba][0xbf][0xe6][0x96][0xb0][0xe4][0xba][0xa4][0xe6][0x98][0x93][0xe5][0xaf][0xb9][0xef][0xbc][0x9a]IGG/TRX[0xe3][0x80][0x82] <br /><br />TRXMarket[0xe5][0x9b][0xa2][0xe9][0x98][0x9f]<br />2019[0xe5][0xb9][0xb4]1[0xe6][0x9c][0x88]16[0xe6][0x97][0xa5]</p>","type":1,"status":0,"extInfo":"[{\"method\":\"Telegram\",\"link\":\"https://t.me/trxmarket2018\"},{\"method\":\"Twitter\",\"link\":\"https://twitter.com/TRX_Market\"}]","createTime":"2019-01-16 04:35:14","updateTime":"2019-01-16 05:59:06"},{"id":84,"titleEN":"Launch of Night Mode of TRXMarket","titleCN":"TRXMarket[0xe5][0xa4][0x9c][0xe9][0x97][0xb4][0xe6][0xa8][0xa1][0xe5][0xbc][0x8f][0xe4][0xb8][0x8a][0xe7][0xba][0xbf]","contextEN":"<p>Dear users,</p>\n<p>The night mode of TRXMarket has come online!!</p>\n<p>Welcome you guys to trade on <a href=\"http://trx.market.\" target=\"_blank\" rel=\"noopener\">http://trx.market.&nbsp;</a></p>\n<p>&nbsp;</p>\n<p>TRXMarket Team</p>\n<p>January 14,2019</p>","contextCN":"<p>[0xe5][0xb0][0x8a][0xe6][0x95][0xac][0xe7][0x9a][0x84][0xe5][0x90][0x84][0xe4][0xbd][0x8d][0xe7][0x94][0xa8][0xe6][0x88][0xb7][0xef][0xbc][0x9a]</p>\n<p>TRXMarket[0xe5][0xa4][0x9c][0xe9][0x97][0xb4][0xe6][0xa8][0xa1][0xe5][0xbc][0x8f][0xe6][0xad][0xa3][0xe5][0xbc][0x8f][0xe4][0xb8][0x8a][0xe7][0xba][0xbf][0xef][0xbc][0x81][0xe6][0xac][0xa2][0xe8][0xbf][0x8e][0xe5][0x90][0x84][0xe4][0xbd][0x8d][0xe5][0x9c][0xa8]<a href=\"http://trx.market\">http://trx.market</a>[0xe8][0xbf][0x9b][0xe8][0xa1][0x8c][0xe4][0xba][0xa4][0xe6][0x98][0x93][0xe3][0x80][0x82]</p>\n<p>&nbsp;</p>\n<p>TRXMarket[0xe5][0x9b][0xa2][0xe9][0x98][0x9f]</p>\n<p>2019[0xe5][0xb9][0xb4]1[0xe6][0x9c][0x88]14[0xe6][0x97][0xa5]</p>","type":1,"status":0,"extInfo":"[{\"method\":\"Telegram\",\"link\":\"https://t.me/trxmarket2018\"},{\"method\":\"Twitter\",\"link\":\"https://twitter.com/TRX_Market\"}]","createTime":"2019-01-14 09:33:02","updateTime":"2019-01-14 09:33:02"},{"id":83,"titleEN":"Explanation about the recent issues on Tronscan update","titleCN":"[0xe5][0x85][0xb3][0xe4][0xba][0x8e]tronscan[0xe8][0xbf][0x91][0xe6][0x9c][0x9f][0xe9][0x97][0xae][0xe9][0xa2][0x98][0xe7][0x9a][0x84][0xe8][0xaf][0xb4][0xe6][0x98][0x8e]-[0xe6][0x9b][0xb4][0xe6][0x96][0xb0]","contextEN":"<div>\n<div>Dear users,</div>\n<div>&nbsp;</div>\n<div>We are aware of the recent issues which have been frequently reported. Please take heart that the team has been working on them now. Here is the timeline of when the issues will be fixed:</div>\n<div>&nbsp;</div>\n<div>1.Tronlink TRC10 transfer &ndash; Supported</div>\n<div>2.TRC20 data error&ndash; January 24</div>\n<div>3.TRC20 transfer detail query feature &ndash; January 24</div>\n<div>4.Ledger issue &ndash; Supported, support version: Ledger Nano S</div>\n<div>The ledger has support transfer TRX and TRC10, freeze, unfreeze, vote, change account name, TRC10 participation function.</div>\n<div>5.Tronscan API&ndash; Supported</div>\n<div>&nbsp;</div>\n<div>Thanks for supporting Tronscan!</div>\n<div>Tronscan Team</div>\n<div>January 14, 2019</div>\n<!--5f39ae17-8c62-4a45-bc43-b32064c9388a:W3siYmxvY2tJZCI6IjE0NjUtMTU0NzcyODk4NTU5NCIsImJsb2NrVHlwZSI6InBhcmFncmFwaCIsInN0eWxlcyI6eyJhbGlnbiI6ImxlZnQiLCJpbmRlbnQiOjAsInRleHQtaW5kZW50IjowLCJsaW5lLWhlaWdodCI6MS43NX0sInR5cGUiOiJwYXJhZ3JhcGgiLCJyaWNoVGV4dCI6eyJkYXRhIjpbeyJjaGFyIjoiRCJ9LHsiY2hhciI6ImUifSx7ImNoYXIiOiJhIn0seyJjaGFyIjoiciJ9LHsiY2hhciI6IiAifSx7ImNoYXIiOiJ1In0seyJjaGFyIjoicyJ9LHsiY2hhciI6ImUifSx7ImNoYXIiOiJyIn0seyJjaGFyIjoicyJ9LHsiY2hhciI6IiwifV0sImlzUmljaFRleHQiOnRydWUsImtlZXBMaW5lQnJlYWsiOnRydWV9fSx7ImJsb2NrSWQiOiI0NzUwLTE1NDc3Mjg5OTg4MjgiLCJibG9ja1R5cGUiOiJwYXJhZ3JhcGgiLCJzdHlsZXMiOnsiYWxpZ24iOiJsZWZ0IiwiaW5kZW50IjowLCJ0ZXh0LWluZGVudCI6MC"
12:58:41.550 [TestNG-tests-1] DEBUG org.apache.http.wire -  << "wibGluZS1oZWlnaHQiOjEuNzV9LCJ0eXBlIjoicGFyYWdyYXBoIiwicmljaFRleHQiOnsiZGF0YSI6W3siY2hhciI6IsKgIn1dLCJpc1JpY2hUZXh0Ijp0cnVlLCJrZWVwTGluZUJyZWFrIjp0cnVlfX0seyJibG9ja0lkIjoiNjgzMC0xNTQ3NzI4OTk4ODI4IiwiYmxvY2tUeXBlIjoicGFyYWdyYXBoIiwic3R5bGVzIjp7ImFsaWduIjoibGVmdCIsImluZGVudCI6MCwidGV4dC1pbmRlbnQiOjAsImxpbmUtaGVpZ2h0IjoxLjc1fSwidHlwZSI6InBhcmFncmFwaCIsInJpY2hUZXh0Ijp7ImRhdGEiOlt7ImNoYXIiOiJXIn0seyJjaGFyIjoiZSJ9LHsiY2hhciI6IiAifSx7ImNoYXIiOiJhIn0seyJjaGFyIjoiciJ9LHsiY2hhciI6ImUifSx7ImNoYXIiOiIgIn0seyJjaGFyIjoiYSJ9LHsiY2hhciI6IncifSx7ImNoYXIiOiJhIn0seyJjaGFyIjoiciJ9LHsiY2hhciI6ImUifSx7ImNoYXIiOiIgIn0seyJjaGFyIjoibyJ9LHsiY2hhciI6ImYifSx7ImNoYXIiOiIgIn0seyJjaGFyIjoidCJ9LHsiY2hhciI6ImgifSx7ImNoYXIiOiJlIn0seyJjaGFyIjoiICJ9LHsiY2hhciI6InIifSx7ImNoYXIiOiJlIn0seyJjaGFyIjoiYyJ9LHsiY2hhciI6ImUifSx7ImNoYXIiOiJuIn0seyJjaGFyIjoidCJ9LHsiY2hhciI6IiAifSx7ImNoYXIiOiJpIn0seyJjaGFyIjoicyJ9LHsiY2hhciI6InMifSx7ImNoYXIiOiJ1In0seyJjaGFyIjoiZSJ9LHsiY2hhciI6InMifSx7ImNoYXIiOiIgIn0seyJjaGFyIjoidyJ9LHsiY2hhciI6ImgifSx7ImNoYXIiOiJpIn0seyJjaGFyIjoiYyJ9LHsiY2hhciI6ImgifSx7ImNoYXIiOiIgIn0seyJjaGFyIjoiaCJ9LHsiY2hhciI6ImEifSx7ImNoYXIiOiJ2In0seyJjaGFyIjoiZSJ9LHsiY2hhciI6IiAifSx7ImNoYXIiOiJiIn0seyJjaGFyIjoiZSJ9LHsiY2hhciI6ImUifSx7ImNoYXIiOiJuIn0seyJjaGFyIjoiICJ9LHsiY2hhciI6ImYifSx7ImNoYXIiOiJyIn0seyJjaGFyIjoiZSJ9LHsiY2hhciI6InEifSx7ImNoYXIiOiJ1In0seyJjaGFyIjoiZSJ9LHsiY2hhciI6Im4ifSx7ImNoYXIiOiJ0In0seyJjaGFyIjoibCJ9LHsiY2hhciI6InkifSx7ImNoYXIiOiIgIn0seyJjaGFyIjoiciJ9LHsiY2hhciI6ImUifSx7ImNoYXIiOiJwIn0seyJjaGFyIjoibyJ9LHsiY2hhciI6InIifSx7ImNoYXIiOiJ0In0seyJjaGFyIjoiZSJ9LHsiY2hhciI6ImQifSx7ImNoYXIiOiIuIn0seyJjaGFyIjoiICJ9LHsiY2hhciI6IlAifSx7ImNoYXIiOiJsIn0seyJjaGFyIjoiZSJ9LHsiY2hhciI6ImEifSx7ImNoYXIiOiJzIn0seyJjaGFyIjoiZSJ9LHsiY2hhciI6IiAifSx7ImNoYXIiOiJ0In0seyJjaGFyIjoiYSJ9LHsiY2hhciI6ImsifSx7ImNoYXIiOiJlIn0seyJjaGFyIjoiICJ9LHsiY2hhciI6ImgifSx7ImNoYXIiOiJlIn0seyJjaGFyIjoiYSJ9LHsiY2hhciI6InIifSx7ImNoYXIiOiJ0In0seyJjaGFyIjoiICJ9LHsiY2hhciI6InQifSx7ImNoYXIiOiJoIn0seyJjaGFyIjoiYSJ9LHsiY2hhciI6InQifSx7ImNoYXIiOiIgIn0seyJjaGFyIjoidCJ9LHsiY2hhciI6ImgifSx7ImNoYXIiOiJlIn0seyJjaGFyIjoiICJ9LHsiY2hhciI6InQifSx7ImNoYXIiOiJlIn0seyJjaGFyIjoiYSJ9LHsiY2hhciI6Im0ifSx7ImNoYXIiOiIgIn0seyJjaGFyIjoiaCJ9LHsiY2hhciI6ImEifSx7ImNoYXIiOiJzIn0seyJjaGFyIjoiICJ9LHsiY2hhciI6ImIifSx7ImNoYXIiOiJlIn0seyJjaGFyIjoiZSJ9LHsiY2hhciI6Im4ifSx7ImNoYXIiOiIgIn0seyJjaGFyIjoidyJ9LHsiY2hhciI6Im8ifSx7ImNoYXIiOiJyIn0seyJjaGFyIjoiayJ9LHsiY2hhciI6ImkifSx7ImNoYXIiOiJuIn0seyJjaGFyIjoiZyJ9LHsiY2hhciI6IiAifSx7ImNoYXIiOiJvIn0seyJjaGFyIjoibiJ9LHsiY2hhciI6IiAifSx7ImNoYXIiOiJ0In0seyJjaGFyIjoiaCJ9LHsiY2hhciI6ImUifSx7ImNoYXIiOiJtIn0seyJjaGFyIjoiICJ9LHsiY2hhciI6Im4ifSx7ImNoYXIiOiJvIn0seyJjaGFyIjoidyJ9LHsiY2hhciI6Ii4ifS"
12:58:41.856 [TestNG-tests-1] DEBUG org.apache.http.wire -  << "x7ImNoYXIiOiIgIn0seyJjaGFyIjoiSCJ9LHsiY2hhciI6ImUifSx7ImNoYXIiOiJyIn0seyJjaGFyIjoiZSJ9LHsiY2hhciI6IiAifSx7ImNoYXIiOiJpIn0seyJjaGFyIjoicyJ9LHsiY2hhciI6IiAifSx7ImNoYXIiOiJ0In0seyJjaGFyIjoiaCJ9LHsiY2hhciI6ImUifSx7ImNoYXIiOiIgIn0seyJjaGFyIjoidCJ9LHsiY2hhciI6ImkifSx7ImNoYXIiOiJtIn0seyJjaGFyIjoiZSJ9LHsiY2hhciI6ImwifSx7ImNoYXIiOiJpIn0seyJjaGFyIjoibiJ9LHsiY2hhciI6ImUifSx7ImNoYXIiOiIgIn0seyJjaGFyIjoibyJ9LHsiY2hhciI6ImYifSx7ImNoYXIiOiIgIn0seyJjaGFyIjoidyJ9LHsiY2hhciI6ImgifSx7ImNoYXIiOiJlIn0seyJjaGFyIjoibiJ9LHsiY2hhciI6IiAifSx7ImNoYXIiOiJ0In0seyJjaGFyIjoiaCJ9LHsiY2hhciI6ImUifSx7ImNoYXIiOiIgIn0seyJjaGFyIjoiaSJ9LHsiY2hhciI6InMifSx7ImNoYXIiOiJzIn0seyJjaGFyIjoidSJ9LHsiY2hhciI6ImUifSx7ImNoYXIiOiJzIn0seyJjaGFyIjoiICJ9LHsiY2hhciI6IncifSx7ImNoYXIiOiJpIn0seyJjaGFyIjoibCJ9LHsiY2hhciI6ImwifSx7ImNoYXIiOiIgIn0seyJjaGFyIjoiYiJ9LHsiY2hhciI6ImUifSx7ImNoYXIiOiIgIn0seyJjaGFyIjoiZiJ9LHsiY2hhciI6ImkifSx7ImNoYXIiOiJ4In0seyJjaGFyIjoiZSJ9LHsiY2hhciI6ImQifSx7ImNoYXIiOiI6In1dLCJpc1JpY2hUZXh0Ijp0cnVlLCJrZWVwTGluZUJyZWFrIjp0cnVlfX0seyJibG9ja0lkIjoiOTE1My0xNTQ3NzI4OTk4ODI4IiwiYmxvY2tUeXBlIjoicGFyYWdyYXBoIiwic3R5bGVzIjp7ImFsaWduIjoibGVmdCIsImluZGVudCI6MCwidGV4dC1pbmRlbnQiOjAsImxpbmUtaGVpZ2h0IjoxLjc1fSwidHlwZSI6InBhcmFncmFwaCIsInJpY2hUZXh0Ijp7ImRhdGEiOlt7ImNoYXIiOiLCoCJ9XSwiaXNSaWNoVGV4dCI6dHJ1ZSwia2VlcExpbmVCcmVhayI6dHJ1ZX19LHsiYmxvY2tJZCI6IjU2MzgtMTU0NzcyODk5ODgyOCIsImJsb2N"
12:58:41.856 [TestNG-tests-1] DEBUG org.apache.http.wire -  << "rVHlwZSI6InBhcmFncmFwaCIsInN0eWxlcyI6eyJhbGlnbiI6ImxlZnQiLCJpbmRlbnQiOjAsInRleHQtaW5kZW50IjowLCJsaW5lLWhlaWdodCI6MS43NX0sInR5cGUiOiJwYXJhZ3JhcGgiLCJyaWNoVGV4dCI6eyJkYXRhIjpbeyJjaGFyIjoiMSJ9LHsiY2hhciI6Ii4ifSx7ImNoYXIiOiJUIn0seyJjaGFyIjoiciJ9LHsiY2hhciI6Im8ifSx7ImNoYXIiOiJuIn0seyJjaGFyIjoibCJ9LHsiY2hhciI6ImkifSx7ImNoYXIiOiJuIn0seyJjaGFyIjoiayJ9LHsiY2hhciI6IiAifSx7ImNoYXIiOiJUIn0seyJjaGFyIjoiUiJ9LHsiY2hhciI6IkMifSx7ImNoYXIiOiIxIn0seyJjaGFyIjoiMCJ9LHsiY2hhciI6IiAifSx7ImNoYXIiOiJ0In0seyJjaGFyIjoiciJ9LHsiY2hhciI6ImEifSx7ImNoYXIiOiJuIn0seyJjaGFyIjoicyJ9LHsiY2hhciI6ImYifSx7ImNoYXIiOiJlIn0seyJjaGFyIjoiciJ9LHsiY2hhciI6IiAifSx7ImNoYXIiOiLigJMifSx7ImNoYXIiOiIgIn0seyJjaGFyIjoiYSJ9LHsiY2hhciI6ImYifSx7ImNoYXIiOiJ0In0seyJjaGFyIjoiZSJ9LHsiY2hhciI6InIifSx7ImNoYXIiOiIgIn0seyJjaGFyIjoidCJ9LHsiY2hhciI6ImgifSx7ImNoYXIiOiJlIn0seyJjaGFyIjoiICJ9LHsiY2hhciI6Im4ifSx7ImNoYXIiOiJlIn0seyJjaGFyIjoidyJ9LHsiY2hhciI6ImUifSx7ImNoYXIiOiJzIn0seyJjaGFyIjoidCJ9LHsiY2hhciI6IiAifSx7ImNoYXIiOiJ2In0seyJjaGFyIjoiZSJ9LHsiY2hhciI6InIifSx7ImNoYXIiOiJzIn0seyJjaGFyIjoiaSJ9LHsiY2hhciI6Im8ifSx7ImNoYXIiOiJuIn0seyJjaGFyIjoiICJ9LHsiY2hhciI6InAifSx7ImNoYXIiOiJhIn0seyJjaGFyIjoicyJ9LHsiY2hhciI6InMifSx7ImNoYXIiOiJlIn0seyJjaGFyIjoicyJ9LHsiY2hhciI6IiAifSx7ImNoYXIiOiJ0In0seyJjaGFyIjoiaCJ9LHsiY2hhciI6ImUifSx7ImNoYXIiOiIgIn0seyJjaGFyIjoiQyJ9LHsiY2hhciI6ImgifSx7ImNoYXIiOiJyIn0seyJjaGFyIjoibyJ9LHsi"
12:58:41.856 [TestNG-tests-1] DEBUG org.apache.http.wire -  << "Y2hhciI6Im0ifSx7ImNoYXIiOiJlIn0seyJjaGFyIjoiICJ9LHsiY2hhciI6IlMifSx7ImNoYXIiOiJ0In0seyJjaGFyIjoibyJ9LHsiY2hhciI6InIifSx7ImNoYXIiOiJlIn0seyJjaGFyIjoiICJ9LHsiY2hhciI6InIifSx7ImNoYXIiOiJlIn0seyJjaGFyIjoidiJ9LHsiY2hhciI6ImkifSx7ImNoYXIiOiJlIn0seyJjaGFyIjoidyJ9XSwiaXNSaWNoVGV4dCI6dHJ1ZSwia2VlcExpbmVCcmVhayI6dHJ1ZX19LHsiYmxvY2tJZCI6IjcwNzAtMTU0NzcyODk5ODgyOCIsImJsb2NrVHlwZSI6InBhcmFncmFwaCIsInN0eWxlcyI6eyJhbGlnbiI6ImxlZnQiLCJpbmRlbnQiOjAsInRleHQtaW5kZW50IjowLCJsaW5lLWhlaWdodCI6MS43NX0sInR5cGUiOiJwYXJhZ3JhcGgiLCJyaWNoVGV4dCI6eyJkYXRhIjpbeyJjaGFyIjoiMiJ9LHsiY2hhciI6Ii4ifSx7ImNoYXIiOiJUIn0seyJjaGFyIjoiUiJ9LHsiY2hhciI6IkMifSx7ImNoYXIiOiIyIn0seyJjaGFyIjoiMCJ9LHsiY2hhciI6IiAifSx7ImNoYXIiOiJkIn0seyJjaGFyIjoiYSJ9LHsiY2hhciI6InQifSx7ImNoYXIiOiJhIn0seyJjaGFyIjoiICJ9LHsiY2hhciI6ImUifSx7ImNoYXIiOiJyIn0seyJjaGFyIjoiciJ9LHsiY2hhciI6Im8ifSx7ImNoYXIiOiJyIn0seyJjaGFyIjoi4oCTIn0seyJjaGFyIjoiICJ9LHsiY2hhciI6IkoifSx7ImNoYXIiOiJhIn0seyJjaGFyIjoibiJ9LHsiY2hhciI6InUifSx7ImNoYXIiOiJhIn0seyJjaGFyIjoiciJ9LHsiY2hhciI6InkifSx7ImNoYXIiOiIgIn0seyJjaGFyIjoiMiJ9LHsiY2hhciI6IjQifV0sImlzUmljaFRleHQiOnRydWUsImtlZXBMaW5lQnJlYWsiOnRydWV9fSx7ImJsb2NrSWQiOiI0MTg2LTE1NDc3Mjg5OTg4MjgiLCJibG9ja1R5cGUiOiJwYXJhZ3JhcGgiLCJzdHlsZXMiOnsiYWxpZ24iOiJsZWZ0IiwiaW5kZW50IjowLCJ0ZXh0LWluZGVudCI6MCwibGluZS1oZWlnaHQiOjEuNzV9LCJ0eXBlIjoicGFyYWdyYXBoIiwicmljaFRleHQiOnsiZGF0YSI6W3siY2hhciI6IjMifSx7ImNoYXIiOiIuIn0seyJjaGFyIjoiVCJ9LHsiY2hhciI6IlIifSx7ImNoYXIiOiJDIn0seyJjaGFyIjoiMiJ9LHsiY2hhciI6IjAifSx7ImNoYXIiOiIgIn0seyJjaGFyIjoidCJ9LHsiY2hhciI6InIifSx7ImNoYXIiOiJhIn0seyJjaGFyIjoibiJ9LHsiY2hhciI6InMifSx7ImNoYXIiOiJmIn0seyJjaGFyIjoiZSJ9LHsiY2hhciI6InIifSx7ImNoYXIiOiIgIn0seyJjaGFyIjoiZCJ9LHsiY2hhciI6ImUifSx7ImNoYXIiOiJ0In0seyJjaGFyIjoiYSJ9LHsiY2hhciI6ImkifSx7ImNoYXIiOiJsIn0seyJjaGFyIjoiICJ9LHsiY2hhciI6InEifSx7ImNoYXIiOiJ1In0seyJjaGFyIjoiZSJ9LHsiY2hhciI6InIifSx7ImNoYXIiOiJ5In0seyJjaGFyIjoiICJ9LHsiY2hhciI6ImYifSx7ImNoYXIiOiJlIn0seyJjaGFyIjoiYSJ9LHsiY2hhciI6InQifSx7ImNoYXIiOiJ1In0seyJjaGFyIjoiciJ9LHsiY2hhciI6ImUifSx7ImNoYXIiOiIgIn0seyJjaGFyIjoi4oCTIn0seyJjaGFyIjoiICJ9LHsiY2hhciI6IkoifSx7ImNoYXIiOiJhIn0seyJjaGFyIjoibiJ9LHsiY2hhciI6InUifSx7ImNoYXIiOiJhIn0seyJjaGFyIjoiciJ9LHsiY2hhciI6InkifSx7ImNoYXIiOiIgIn0seyJjaGFyIjoiMiJ9LHsiY2hhciI6IjQifV0sImlzUmljaFRleHQiOnRydWUsImtlZXBMaW5lQnJlYWsiOnRydWV9fSx7ImJsb2NrSWQiOiIxNjE3LTE1NDc3Mjg5OTg4MjgiLCJibG9ja1R5cGUiOiJwYXJhZ3JhcGgiLCJzdHlsZXMiOnsiYWxpZ24iOiJsZWZ0IiwiaW5kZW50IjowLCJ0ZXh0LWluZGVudCI6MCwibGluZS1oZWlnaHQiOjEuNzV9LCJ0eXBlIjoicGFyYWdyYXBoIiwicmljaFRleHQiOnsiZGF0YSI6W3siY2hhciI6IjQifSx7ImNoYXIiOiIuIn0seyJjaGFyIjoiTCIsInN0eWxlcyI6eyJjb2xvciI6IiMxOTFmMjUiLCJiYWNrLWNvbG9yIjoiI2ZmZmZmZiJ9fSx7ImNoYXIiOiJlIiwic3R5bGVzIjp7ImNvbG9yIjoiIzE5MWYyNSIsImJhY2stY29sb3IiOiIjZmZmZmZmIn19LHsiY2hhciI6ImQiLCJzdH"
12:58:41.856 [TestNG-tests-1] DEBUG org.apache.http.wire -  << "lsZXMiOnsiY29sb3IiOiIjMTkxZjI1IiwiYmFjay1jb2xvciI6IiNmZmZmZmYifX0seyJjaGFyIjoiZyIsInN0eWxlcyI6eyJjb2xvciI6IiMxOTFmMjUiLCJiYWNrLWNvbG9yIjoiI2ZmZmZmZiJ9fSx7ImNoYXIiOiJlIiwic3R5bGVzIjp7ImNvbG9yIjoiIzE5MWYyNSIsImJhY2stY29sb3IiOiIjZmZmZmZmIn19LHsiY2hhciI6InIiLCJzdHlsZXMiOnsiY29sb3IiOiIjMTkxZjI1IiwiYmFjay1jb2xvciI6IiNmZmZmZmYifX0seyJjaGFyIjoiICIsInN0eWxlcyI6eyJjb2xvciI6IiMxOTFmMjUiLCJiYWNrLWNvbG9yIjoiI2ZmZmZmZiJ9fSx7ImNoYXIiOiJpIiwic3R5bGVzIjp7ImNvbG9yIjoiIzE5MWYyNSIsImJhY2stY29sb3IiOiIjZmZmZmZmIn19LHsiY2hhciI6InMiLCJzdHlsZXMiOnsiY29sb3IiOiIjMTkxZjI1IiwiYmFjay1jb2xvciI6IiNmZmZmZmYifX0seyJjaGFyIjoicyIsInN0eWxlcyI6eyJjb2xvciI6IiMxOTFmMjUiLCJiYWNrLWNvbG9yIjoiI2ZmZmZmZiJ9fSx7ImNoYXIiOiJ1Iiwic3R5bGVzIjp7ImNvbG9yIjoiIzE5MWYyNSIsImJhY2stY29sb3IiOiIjZmZmZmZmIn19LHsiY2hhciI6ImUiLCJzdHlsZXMiOnsiY29sb3IiOiIjMTkxZjI1IiwiYmFjay1jb2xvciI6IiNmZmZmZmYifX0seyJjaGFyIjoiICJ9LHsiY2hhciI6IuKAkyJ9LHsiY2hhciI6IiAifSx7ImNoYXIiOiJTIn0seyJjaGFyIjoidSJ9LHsiY2hhciI6InAifSx7ImNoYXIiOiJwIn0seyJjaGFyIjoibyJ9LHsiY2hhciI6InIifSx7ImNoYXIiOiJ0In0seyJjaGFyIjoiZSJ9LHsiY2hhciI6ImQifSx7ImNoYXIiOiIsIn0seyJjaGFyIjoiICIsInN0eWxlcyI6eyJjb2xvciI6IiMxOTFmMjUiLCJiYWNrLWNvbG9yIjoiI2ZmZmZmZiJ9fSx7ImNoYXIiOiJzIiwic3R5bGVzIjp7ImNvbG9yIjoiIzE5MWYyNSIsImJhY2stY29sb3IiOiIjZmZmZmZmIn19LHsiY2hhciI6InUiLCJzdHlsZXMiOnsiY29sb3IiOiIjMTkxZjI1IiwiYmFjay1jb2xvciI6IiNmZmZmZmYifX0seyJjaGFyIjoicCIsInN0eWxlcyI6eyJjb2xvciI6IiMxOTFmMjUiLCJiYWNrLWNvbG9yIjoiI2ZmZmZmZiJ9fSx7ImNoYXIiOiJwIiwic3R5bGVzIjp7ImNvbG9yIjoiIzE5MWYyNSIsImJhY2stY29sb3IiOiIjZmZmZmZmIn19LHsiY2hhciI6Im8iLCJzdHlsZXMiOnsiY29sb3IiOiIjMTkxZjI1IiwiYmFjay1jb2xvciI6IiNmZmZmZmYifX0seyJjaGFyIjoiciIsInN0eWxlcyI6eyJjb2xvciI6IiMxOTFmMjUiLCJiYWNrLWNvbG9yIjoiI2ZmZmZmZiJ9fSx7ImNoYXIiOiJ0Iiwic3R5bGVzIjp7ImNvbG9yIjoiIzE5MWYyNSIsImJhY2stY29sb3IiOiIjZmZmZmZmIn19LHsiY2hhciI6IiAiLCJzdHlsZXMiOnsiY29sb3IiOiIjMTkxZjI1IiwiYmFjay1jb2xvciI6IiNmZmZmZmYifX0seyJjaGFyIjoidiIsInN0eWxlcyI6eyJjb2xvciI6IiMxOTFmMjUiLCJiYWNrLWNvbG9yIjoiI2ZmZmZmZiJ9fSx7ImNoYXIiOiJlIiwic3R5bGVzIjp7ImNvbG9yIjoiIzE5MWYyNSIsImJhY2stY29sb3IiOiIjZmZmZmZmIn19LHsiY2hhciI6InIiLCJzdHlsZXMiOnsiY29sb3IiOiIjMTkxZjI1IiwiYmFjay1jb2xvciI6IiNmZmZmZmYifX0seyJjaGFyIjoicyIsInN0eWxlcyI6eyJjb2xvciI6IiMxOTFmMjUiLCJiYWNrLWNvbG9yIjoiI2ZmZmZmZiJ9fSx7ImNoYXIiOiJpIiwic3R5bGVzIjp7ImNvbG9yIjoiIzE5MWYyNSIsImJhY2stY29sb3IiOiIjZmZmZmZmIn19LHsiY2hhciI6Im8iLCJzdHlsZXMiOnsiY29sb3IiOiIjMTkxZjI1IiwiYmFjay1jb2xvciI6IiNmZmZmZmYifX0seyJjaGFyIjoibiIsInN0eWxlcyI6eyJjb2xvciI6IiMxOTFmMjUiLCJiYWNrLWNvbG9yIjoiI2ZmZmZmZiJ9fSx7ImNoYXIiOiI6Iiwic3R5bGVzIjp7ImNvbG9yIjoiIzE5MWYyNSIsImJhY2stY29sb3IiOiIjZmZmZmZmIn19LHsiY2hhciI6IiAiLCJzdHlsZXMiOnsiY29sb3IiOiIjMTkxZjI1IiwiYmFjay1jb2xvciI6IiNmZmZmZmYifX0seyJjaGFyIjoiTCIsInN0eWxlcyI6eyJjb2xvciI6IiMxOTFmMjUiLCJiYWNrLWNvbG9yIjoiI2ZmZmZm"
12:58:41.857 [TestNG-tests-1] DEBUG org.apache.http.wire -  << "ZiJ9fSx7ImNoYXIiOiJlIiwic3R5bGVzIjp7ImNvbG9yIjoiIzE5MWYyNSIsImJhY2stY29sb3IiOiIjZmZmZmZmIn19LHsiY2hhciI6ImQiLCJzdHlsZXMiOnsiY29sb3IiOiIjMTkxZjI1IiwiYmFjay1jb2xvciI6IiNmZmZmZmYifX0seyJjaGFyIjoiZyIsInN0eWxlcyI6eyJjb2xvciI6IiMxOTFmMjUiLCJiYWNrLWNvbG9yIjoiI2ZmZmZmZiJ9fSx7ImNoYXIiOiJlIiwic3R5bGVzIjp7ImNvbG9yIjoiIzE5MWYyNSIsImJhY2stY29sb3IiOiIjZmZmZmZmIn19LHsiY2hhciI6InIiLCJzdHlsZXMiOnsiY29sb3IiOiIjMTkxZjI1IiwiYmFjay1jb2xvciI6IiNmZmZmZmYifX0seyJjaGFyIjoiICIsInN0eWxlcyI6eyJjb2xvciI6IiMxOTFmMjUiLCJiYWNrLWNvbG9yIjoiI2ZmZmZmZiJ9fSx7ImNoYXIiOiJOIiwic3R5bGVzIjp7ImNvbG9yIjoiIzE5MWYyNSIsImJhY2stY29sb3IiOiIjZmZmZmZmIn19LHsiY2hhciI6ImEiLCJzdHlsZXMiOnsiY29sb3IiOiIjMTkxZjI1IiwiYmFjay1jb2xvciI6IiNmZmZmZmYifX0seyJjaGFyIjoibiIsInN0eWxlcyI6eyJjb2xvciI6IiMxOTFmMjUiLCJiYWNrLWNvbG9yIjoiI2ZmZmZmZiJ9fSx7ImNoYXIiOiJvIiwic3R5bGVzIjp7ImNvbG9yIjoiIzE5MWYyNSIsImJhY2stY29sb3IiOiIjZmZmZmZmIn19LHsiY2hhciI6IiAiLCJzdHlsZXMiOnsiY29sb3IiOiIjMTkxZjI1IiwiYmFjay1jb2xvciI6IiNmZmZmZmYifX0seyJjaGFyIjoiUyIsInN0eWxlcyI6eyJjb2xvciI6IiMxOTFmMjUiLCJiYWNrLWNvbG9yIjoiI2ZmZmZmZiJ9fV0sImlzUmljaFRleHQiOnRydWUsImtlZXBMaW5lQnJlYWsiOnRydWV9fSx7ImJsb2NrSWQiOiI5MzEyLTE1NDc3MjkwNjA3MzUiLCJibG9ja1R5cGUiOiJwYXJhZ3JhcGgiLCJzdHlsZXMiOnsiYWxpZ24iOiJsZWZ0IiwiaW5kZW50IjowLCJ0ZXh0LWluZGVudCI6MCwibGluZS1oZWlnaHQiOjEuNzV9LCJ0eXBlIjoicGFyYWdyYXBoIiwicmljaFRleHQiOnsiZGF0YSI6W3siY2hhciI6IlQiLCJzdHlsZXMiOnsiZ"
12:58:41.857 [TestNG-tests-1] DEBUG org.apache.http.wire -  << "m9udC1mYW1pbHkiOiJBcmlhbCIsImNvbG9yIjoiIzMzMzMzMyIsImJhY2stY29sb3IiOiIjZjdmOGZhIn19LHsiY2hhciI6ImgiLCJzdHlsZXMiOnsiZm9udC1mYW1pbHkiOiJBcmlhbCIsImNvbG9yIjoiIzMzMzMzMyIsImJhY2stY29sb3IiOiIjZjdmOGZhIn19LHsiY2hhciI6ImUiLCJzdHlsZXMiOnsiZm9udC1mYW1pbHkiOiJBcmlhbCIsImNvbG9yIjoiIzMzMzMzMyIsImJhY2stY29sb3IiOiIjZjdmOGZhIn19LHsiY2hhciI6IiAiLCJzdHlsZXMiOnsiZm9udC1mYW1pbHkiOiJBcmlhbCIsImNvbG9yIjoiIzMzMzMzMyIsImJhY2stY29sb3IiOiIjZjdmOGZhIn19LHsiY2hhciI6ImwiLCJzdHlsZXMiOnsiZm9udC1mYW1pbHkiOiJBcmlhbCIsImNvbG9yIjoiIzMzMzMzMyIsImJhY2stY29sb3IiOiIjZjdmOGZhIn19LHsiY2hhciI6ImUiLCJzdHlsZXMiOnsiZm9udC1mYW1pbHkiOiJBcmlhbCIsImNvbG9yIjoiIzMzMzMzMyIsImJhY2stY29sb3IiOiIjZjdmOGZhIn19LHsiY2hhciI6ImQiLCJzdHlsZXMiOnsiZm9udC1mYW1pbHkiOiJBcmlhbCIsImNvbG9yIjoiIzMzMzMzMyIsImJhY2stY29sb3IiOiIjZjdmOGZhIn19LHsiY2hhciI6ImciLCJzdHlsZXMiOnsiZm9udC1mYW1pbHkiOiJBcmlhbCIsImNvbG9yIjoiIzMzMzMzMyIsImJhY2stY29sb3IiOiIjZjdmOGZhIn19LHsiY2hhciI6ImUiLCJzdHlsZXMiOnsiZm9udC1mYW1pbHkiOiJBcmlhbCIsImNvbG9yIjoiIzMzMzMzMyIsImJhY2stY29sb3IiOiIjZjdmOGZhIn19LHsiY2hhciI6InIiLCJzdHlsZXMiOnsiZm9udC1mYW1pbHkiOiJBcmlhbCIsImNvbG9yIjoiIzMzMzMzMyIsImJhY2stY29sb3IiOiIjZjdmOGZhIn19LHsiY2hhciI6IiAiLCJzdHlsZXMiOnsiZm9udC1mYW1pbHkiOiJBcmlhbCIsImNvbG9yIjoiIzMzMzMzMyIsImJhY2stY29sb3IiOiIjZjdmOGZhIn19LHsiY2hhciI6ImgiLCJzdHlsZXMiOnsiZm9udC1mYW1pbHkiOiJBcmlhbCIsImNvbG9yIjoiIzMzMzMzMyIsImJhY2stY29sb3IiOiIjZjdmOGZhIn"
12:58:41.857 [TestNG-tests-1] DEBUG org.apache.http.wire -  << "19LHsiY2hhciI6ImEiLCJzdHlsZXMiOnsiZm9udC1mYW1pbHkiOiJBcmlhbCIsImNvbG9yIjoiIzMzMzMzMyIsImJhY2stY29sb3IiOiIjZjdmOGZhIn19LHsiY2hhciI6InMiLCJzdHlsZXMiOnsiZm9udC1mYW1pbHkiOiJBcmlhbCIsImNvbG9yIjoiIzMzMzMzMyIsImJhY2stY29sb3IiOiIjZjdmOGZhIn19LHsiY2hhciI6IiAiLCJzdHlsZXMiOnsiZm9udC1mYW1pbHkiOiJBcmlhbCIsImNvbG9yIjoiIzMzMzMzMyIsImJhY2stY29sb3IiOiIjZjdmOGZhIn19LHsiY2hhciI6InMiLCJzdHlsZXMiOnsiZm9udC1mYW1pbHkiOiJBcmlhbCIsImNvbG9yIjoiIzMzMzMzMyIsImJhY2stY29sb3IiOiIjZjdmOGZhIn19LHsiY2hhciI6InUiLCJzdHlsZXMiOnsiZm9udC1mYW1pbHkiOiJBcmlhbCIsImNvbG9yIjoiIzMzMzMzMyIsImJhY2stY29sb3IiOiIjZjdmOGZhIn19LHsiY2hhciI6InAiLCJzdHlsZXMiOnsiZm9udC1mYW1pbHkiOiJBcmlhbCIsImNvbG9yIjoiIzMzMzMzMyIsImJhY2stY29sb3IiOiIjZjdmOGZhIn19LHsiY2hhciI6InAiLCJzdHlsZXMiOnsiZm9udC1mYW1pbHkiOiJBcmlhbCIsImNvbG9yIjoiIzMzMzMzMyIsImJhY2stY29sb3IiOiIjZjdmOGZhIn19LHsiY2hhciI6Im8iLCJzdHlsZXMiOnsiZm9udC1mYW1pbHkiOiJBcmlhbCIsImNvbG9yIjoiIzMzMzMzMyIsImJhY2stY29sb3IiOiIjZjdmOGZhIn19LHsiY2hhciI6InIiLCJzdHlsZXMiOnsiZm9udC1mYW1pbHkiOiJBcmlhbCIsImNvbG9yIjoiIzMzMzMzMyIsImJhY2stY29sb3IiOiIjZjdmOGZhIn19LHsiY2hhciI6InQiLCJzdHlsZXMiOnsiZm9udC1mYW1pbHkiOiJBcmlhbCIsImNvbG9yIjoiIzMzMzMzMyIsImJhY2stY29sb3IiOiIjZjdmOGZhIn19LHsiY2hhciI6IiAiLCJzdHlsZXMiOnsiZm9udC1mYW1pbHkiOiJBcmlhbCIsImNvbG9yIjoiIzMzMzMzMyIsImJhY2stY29sb3IiOiIjZjdmOGZhIn19LHsiY2hhciI6InQiLCJzdHlsZXMiOnsiZm9udC1mYW1pbHkiOiJBcmlhbCIsImNvbG9yIjoiIzMzMzMzMyIsImJhY2stY29sb3IiOiIjZjdmOGZhIn19LHsiY2hhciI6InIiLCJzdHlsZXMiOnsiZm9udC1mYW1pbHkiOiJBcmlhbCIsImNvbG9yIjoiIzMzMzMzMyIsImJhY2stY29sb3IiOiIjZjdmOGZhIn19LHsiY2hhciI6ImEiLCJzdHlsZXMiOnsiZm9udC1mYW1pbHkiOiJBcmlhbCIsImNvbG9yIjoiIzMzMzMzMyIsImJhY2stY29sb3IiOiIjZjdmOGZhIn19LHsiY2hhciI6Im4iLCJzdHlsZXMiOnsiZm9udC1mYW1pbHkiOiJBcmlhbCIsImNvbG9yIjoiIzMzMzMzMyIsImJhY2stY29sb3IiOiIjZjdmOGZhIn19LHsiY2hhciI6InMiLCJzdHlsZXMiOnsiZm9udC1mYW1pbHkiOiJBcmlhbCIsImNvbG9yIjoiIzMzMzMzMyIsImJhY2stY29sb3IiOiIjZjdmOGZhIn19LHsiY2hhciI6ImYiLCJzdHlsZXMiOnsiZm9udC1mYW1pbHkiOiJBcmlhbCIsImNvbG9yIjoiIzMzMzMzMyIsImJhY2stY29sb3IiOiIjZjdmOGZhIn19LHsiY2hhciI6ImUiLCJzdHlsZXMiOnsiZm9udC1mYW1pbHkiOiJBcmlhbCIsImNvbG9yIjoiIzMzMzMzMyIsImJhY2stY29sb3IiOiIjZjdmOGZhIn19LHsiY2hhciI6InIiLCJzdHlsZXMiOnsiZm9udC1mYW1pbHkiOiJBcmlhbCIsImNvbG9yIjoiIzMzMzMzMyIsImJhY2stY29sb3IiOiIjZjdmOGZhIn19LHsiY2hhciI6IiAiLCJzdHlsZXMiOnsiZm9udC1mYW1pbHkiOiJBcmlhbCIsImNvbG9yIjoiIzMzMzMzMyIsImJhY2stY29sb3IiOiIjZjdmOGZhIn19LHsiY2hhciI6IlQiLCJzdHlsZXMiOnsiZm9udC1mYW1pbHkiOiJBcmlhbCIsImNvbG9yIjoiIzMzMzMzMyIsImJhY2stY29sb3IiOiIjZjdmOGZhIn19LHsiY2hhciI6IlIiLCJzdHlsZXMiOnsiZm9udC1mYW1pbHkiOiJBcmlhbCIsImNvbG9yIjoiIzMzMzMzMyIsImJhY2stY29sb3IiOiIjZjdmOGZhIn19LHsiY2hhciI6IlgiLCJzdHlsZXMiOnsiZm9udC1mYW1pbHkiOiJBcmlhbCIsImNvbG9yIjoiIzMzMzMzMyIsImJhY2stY29sb3IiOiIjZjdmOGZhIn19LHsiY2hhciI6IiAiLCJzdHlsZXMiOnsiZm9udC1mYW1p"
12:58:41.857 [TestNG-tests-1] DEBUG org.apache.http.wire -  << "bHkiOiJBcmlhbCIsImNvbG9yIjoiIzMzMzMzMyIsImJhY2stY29sb3IiOiIjZjdmOGZhIn19LHsiY2hhciI6ImEiLCJzdHlsZXMiOnsiZm9udC1mYW1pbHkiOiJBcmlhbCIsImNvbG9yIjoiIzMzMzMzMyIsImJhY2stY29sb3IiOiIjZjdmOGZhIn19LHsiY2hhciI6Im4iLCJzdHlsZXMiOnsiZm9udC1mYW1pbHkiOiJBcmlhbCIsImNvbG9yIjoiIzMzMzMzMyIsImJhY2stY29sb3IiOiIjZjdmOGZhIn19LHsiY2hhciI6ImQiLCJzdHlsZXMiOnsiZm9udC1mYW1pbHkiOiJBcmlhbCIsImNvbG9yIjoiIzMzMzMzMyIsImJhY2stY29sb3IiOiIjZjdmOGZhIn19LHsiY2hhciI6IiAiLCJzdHlsZXMiOnsiZm9udC1mYW1pbHkiOiJBcmlhbCIsImNvbG9yIjoiIzMzMzMzMyIsImJhY2stY29sb3IiOiIjZjdmOGZhIn19LHsiY2hhciI6IlQiLCJzdHlsZXMiOnsiZm9udC1mYW1pbHkiOiJBcmlhbCIsImNvbG9yIjoiIzMzMzMzMyIsImJhY2stY29sb3IiOiIjZjdmOGZhIn19LHsiY2hhciI6IlIiLCJzdHlsZXMiOnsiZm9udC1mYW1pbHkiOiJBcmlhbCIsImNvbG9yIjoiIzMzMzMzMyIsImJhY2stY29sb3IiOiIjZjdmOGZhIn19LHsiY2hhciI6IkMiLCJzdHlsZXMiOnsiZm9udC1mYW1pbHkiOiJBcmlhbCIsImNvbG9yIjoiIzMzMzMzMyIsImJhY2stY29sb3IiOiIjZjdmOGZhIn19LHsiY2hhciI6IjEiLCJzdHlsZXMiOnsiZm9udC1mYW1pbHkiOiJBcmlhbCIsImNvbG9yIjoiIzMzMzMzMyIsImJhY2stY29sb3IiOiIjZjdmOGZhIn19LHsiY2hhciI6IjAiLCJzdHlsZXMiOnsiZm9udC1mYW1pbHkiOiJBcmlhbCIsImNvbG9yIjoiIzMzMzMzMyIsImJhY2stY29sb3IiOiIjZjdmOGZhIn19LHsiY2hhciI6IiwiLCJzdHlsZXMiOnsiZm9udC1mYW1pbHkiOiJBcmlhbCIsImNvbG9yIjoiIzMzMzMzMyIsImJhY2stY29sb3IiOiIjZjdmOGZhIn19LHsiY2hhciI6IiAiLCJzdHlsZXMiOnsiZm9udC1mYW1pbHkiOiJBcmlhbCIsImNvbG9yIjoiIzMzMzMzMyIsImJhY2stY29sb3IiOiIjZjdmOGZhIn19LHsiY2hhc"
12:58:41.857 [TestNG-tests-1] DEBUG org.apache.http.wire -  << "iI6ImYiLCJzdHlsZXMiOnsiZm9udC1mYW1pbHkiOiJBcmlhbCIsImNvbG9yIjoiIzMzMzMzMyIsImJhY2stY29sb3IiOiIjZjdmOGZhIn19LHsiY2hhciI6InIiLCJzdHlsZXMiOnsiZm9udC1mYW1pbHkiOiJBcmlhbCIsImNvbG9yIjoiIzMzMzMzMyIsImJhY2stY29sb3IiOiIjZjdmOGZhIn19LHsiY2hhciI6ImUiLCJzdHlsZXMiOnsiZm9udC1mYW1pbHkiOiJBcmlhbCIsImNvbG9yIjoiIzMzMzMzMyIsImJhY2stY29sb3IiOiIjZjdmOGZhIn19LHsiY2hhciI6ImUiLCJzdHlsZXMiOnsiZm9udC1mYW1pbHkiOiJBcmlhbCIsImNvbG9yIjoiIzMzMzMzMyIsImJhY2stY29sb3IiOiIjZjdmOGZhIn19LHsiY2hhciI6InoiLCJzdHlsZXMiOnsiZm9udC1mYW1pbHkiOiJBcmlhbCIsImNvbG9yIjoiIzMzMzMzMyIsImJhY2stY29sb3IiOiIjZjdmOGZhIn19LHsiY2hhciI6ImUiLCJzdHlsZXMiOnsiZm9udC1mYW1pbHkiOiJBcmlhbCIsImNvbG9yIjoiIzMzMzMzMyIsImJhY2stY29sb3IiOiIjZjdmOGZhIn19LHsiY2hhciI6IiwiLCJzdHlsZXMiOnsiZm9udC1mYW1pbHkiOiJBcmlhbCIsImNvbG9yIjoiIzMzMzMzMyIsImJhY2stY29sb3IiOiIjZjdmOGZhIn19LHsiY2hhciI6IiAiLCJzdHlsZXMiOnsiZm9udC1mYW1pbHkiOiJBcmlhbCIsImNvbG9yIjoiIzMzMzMzMyIsImJhY2stY29sb3IiOiIjZjdmOGZhIn19LHsiY2hhciI6InUiLCJzdHlsZXMiOnsiZm9udC1mYW1pbHkiOiJBcmlhbCIsImNvbG9yIjoiIzMzMzMzMyIsImJhY2stY29sb3IiOiIjZjdmOGZhIn19LHsiY2hhciI6Im4iLCJzdHlsZXMiOnsiZm9udC1mYW1pbHkiOiJBcmlhbCIsImNvbG9yIjoiIzMzMzMzMyIsImJhY2stY29sb3IiOiIjZjdmOGZhIn19LHsiY2hhciI6ImYiLCJzdHlsZXMiOnsiZm9udC1mYW1pbHkiOiJBcmlhbCIsImNvbG9yIjoiIzMzMzMzMyIsImJhY2stY29sb3IiOiIjZjdmOGZhIn19LHsiY2hhciI6InIiLCJzdHlsZXMiOnsiZm9udC1mYW1pbHkiOiJBcmlhbCIsImNvbG9yIjoiIzMzMzMzMyIsImJhY2"
12:58:41.857 [TestNG-tests-1] DEBUG org.apache.http.wire -  << "stY29sb3IiOiIjZjdmOGZhIn19LHsiY2hhciI6ImUiLCJzdHlsZXMiOnsiZm9udC1mYW1pbHkiOiJBcmlhbCIsImNvbG9yIjoiIzMzMzMzMyIsImJhY2stY29sb3IiOiIjZjdmOGZhIn19LHsiY2hhciI6ImUiLCJzdHlsZXMiOnsiZm9udC1mYW1pbHkiOiJBcmlhbCIsImNvbG9yIjoiIzMzMzMzMyIsImJhY2stY29sb3IiOiIjZjdmOGZhIn19LHsiY2hhciI6InoiLCJzdHlsZXMiOnsiZm9udC1mYW1pbHkiOiJBcmlhbCIsImNvbG9yIjoiIzMzMzMzMyIsImJhY2stY29sb3IiOiIjZjdmOGZhIn19LHsiY2hhciI6ImUiLCJzdHlsZXMiOnsiZm9udC1mYW1pbHkiOiJBcmlhbCIsImNvbG9yIjoiIzMzMzMzMyIsImJhY2stY29sb3IiOiIjZjdmOGZhIn19LHsiY2hhciI6IiwiLCJzdHlsZXMiOnsiZm9udC1mYW1pbHkiOiJBcmlhbCIsImNvbG9yIjoiIzMzMzMzMyIsImJhY2stY29sb3IiOiIjZjdmOGZhIn19LHsiY2hhciI6IiAiLCJzdHlsZXMiOnsiZm9udC1mYW1pbHkiOiJBcmlhbCIsImNvbG9yIjoiIzMzMzMzMyIsImJhY2stY29sb3IiOiIjZjdmOGZhIn19LHsiY2hhciI6InYiLCJzdHlsZXMiOnsiZm9udC1mYW1pbHkiOiJBcmlhbCIsImNvbG9yIjoiIzMzMzMzMyIsImJhY2stY29sb3IiOiIjZjdmOGZhIn19LHsiY2hhciI6Im8iLCJzdHlsZXMiOnsiZm9udC1mYW1pbHkiOiJBcmlhbCIsImNvbG9yIjoiIzMzMzMzMyIsImJhY2stY29sb3IiOiIjZjdmOGZhIn19LHsiY2hhciI6InQiLCJzdHlsZXMiOnsiZm9udC1mYW1pbHkiOiJBcmlhbCIsImNvbG9yIjoiIzMzMzMzMyIsImJhY2stY29sb3IiOiIjZjdmOGZhIn19LHsiY2hhciI6ImUiLCJzdHlsZXMiOnsiZm9udC1mYW1pbHkiOiJBcmlhbCIsImNvbG9yIjoiIzMzMzMzMyIsImJhY2stY29sb3IiOiIjZjdmOGZhIn19LHsiY2hhciI6IiwiLCJzdHlsZXMiOnsiZm9udC1mYW1pbHkiOiJBcmlhbCIsImNvbG9yIjoiIzMzMzMzMyIsImJhY2stY29sb3IiOiIjZjdmOGZhIn19LHsiY2hhciI6IiAiLCJzdHlsZXMiOnsiZm9udC1mYW1pbHkiOiJBcmlhbCIsImNvbG9yIjoiIzMzMzMzMyIsImJhY2stY29sb3IiOiIjZjdmOGZhIn19LHsiY2hhciI6ImMiLCJzdHlsZXMiOnsiZm9udC1mYW1pbHkiOiJBcmlhbCIsImNvbG9yIjoiIzMzMzMzMyIsImJhY2stY29sb3IiOiIjZjdmOGZhIn19LHsiY2hhciI6ImgiLCJzdHlsZXMiOnsiZm9udC1mYW1pbHkiOiJBcmlhbCIsImNvbG9yIjoiIzMzMzMzMyIsImJhY2stY29sb3IiOiIjZjdmOGZhIn19LHsiY2hhciI6ImEiLCJzdHlsZXMiOnsiZm9udC1mYW1pbHkiOiJBcmlhbCIsImNvbG9yIjoiIzMzMzMzMyIsImJhY2stY29sb3IiOiIjZjdmOGZhIn19LHsiY2hhciI6Im4iLCJzdHlsZXMiOnsiZm9udC1mYW1pbHkiOiJBcmlhbCIsImNvbG9yIjoiIzMzMzMzMyIsImJhY2stY29sb3IiOiIjZjdmOGZhIn19LHsiY2hhciI6ImciLCJzdHlsZXMiOnsiZm9udC1mYW1pbHkiOiJBcmlhbCIsImNvbG9yIjoiIzMzMzMzMyIsImJhY2stY29sb3IiOiIjZjdmOGZhIn19LHsiY2hhciI6ImUiLCJzdHlsZXMiOnsiZm9udC1mYW1pbHkiOiJBcmlhbCIsImNvbG9yIjoiIzMzMzMzMyIsImJhY2stY29sb3IiOiIjZjdmOGZhIn19LHsiY2hhciI6IiAiLCJzdHlsZXMiOnsiZm9udC1mYW1pbHkiOiJBcmlhbCIsImNvbG9yIjoiIzMzMzMzMyIsImJhY2stY29sb3IiOiIjZjdmOGZhIn19LHsiY2hhciI6ImEiLCJzdHlsZXMiOnsiZm9udC1mYW1pbHkiOiJBcmlhbCIsImNvbG9yIjoiIzMzMzMzMyIsImJhY2stY29sb3IiOiIjZjdmOGZhIn19LHsiY2hhciI6ImMiLCJzdHlsZXMiOnsiZm9udC1mYW1pbHkiOiJBcmlhbCIsImNvbG9yIjoiIzMzMzMzMyIsImJhY2stY29sb3IiOiIjZjdmOGZhIn19LHsiY2hhciI6ImMiLCJzdHlsZXMiOnsiZm9udC1mYW1pbHkiOiJBcmlhbCIsImNvbG9yIjoiIzMzMzMzMyIsImJhY2stY29sb3IiOiIjZjdmOGZhIn19LHsiY2hhciI6Im8iLCJzdHlsZXMiOnsiZm9udC1mYW1pbHkiOiJBcmlhbCIsImNvbG9yIjoiIzMzMzMzMyIsImJhY2stY29sb3IiOiIjZjdmOGZhIn19LHsiY2hhciI6InUiLCJz"
12:58:41.857 [TestNG-tests-1] DEBUG org.apache.http.wire -  << "dHlsZXMiOnsiZm9udC1mYW1pbHkiOiJBcmlhbCIsImNvbG9yIjoiIzMzMzMzMyIsImJhY2stY29sb3IiOiIjZjdmOGZhIn19LHsiY2hhciI6Im4iLCJzdHlsZXMiOnsiZm9udC1mYW1pbHkiOiJBcmlhbCIsImNvbG9yIjoiIzMzMzMzMyIsImJhY2stY29sb3IiOiIjZjdmOGZhIn19LHsiY2hhciI6InQiLCJzdHlsZXMiOnsiZm9udC1mYW1pbHkiOiJBcmlhbCIsImNvbG9yIjoiIzMzMzMzMyIsImJhY2stY29sb3IiOiIjZjdmOGZhIn19LHsiY2hhciI6IiAiLCJzdHlsZXMiOnsiZm9udC1mYW1pbHkiOiJBcmlhbCIsImNvbG9yIjoiIzMzMzMzMyIsImJhY2stY29sb3IiOiIjZjdmOGZhIn19LHsiY2hhciI6Im4iLCJzdHlsZXMiOnsiZm9udC1mYW1pbHkiOiJBcmlhbCIsImNvbG9yIjoiIzMzMzMzMyIsImJhY2stY29sb3IiOiIjZjdmOGZhIn19LHsiY2hhciI6ImEiLCJzdHlsZXMiOnsiZm9udC1mYW1pbHkiOiJBcmlhbCIsImNvbG9yIjoiIzMzMzMzMyIsImJhY2stY29sb3IiOiIjZjdmOGZhIn19LHsiY2hhciI6Im0iLCJzdHlsZXMiOnsiZm9udC1mYW1pbHkiOiJBcmlhbCIsImNvbG9yIjoiIzMzMzMzMyIsImJhY2stY29sb3IiOiIjZjdmOGZhIn19LHsiY2hhciI6ImUiLCJzdHlsZXMiOnsiZm9udC1mYW1pbHkiOiJBcmlhbCIsImNvbG9yIjoiIzMzMzMzMyIsImJhY2stY29sb3IiOiIjZjdmOGZhIn19LHsiY2hhciI6IiwiLCJzdHlsZXMiOnsiZm9udC1mYW1pbHkiOiJBcmlhbCIsImNvbG9yIjoiIzMzMzMzMyIsImJhY2stY29sb3IiOiIjZjdmOGZhIn19LHsiY2hhciI6IiAiLCJzdHlsZXMiOnsiZm9udC1mYW1pbHkiOiJBcmlhbCIsImNvbG9yIjoiIzMzMzMzMyIsImJhY2stY29sb3IiOiIjZjdmOGZhIn19LHsiY2hhciI6IlQiLCJzdHlsZXMiOnsiZm9udC1mYW1pbHkiOiJBcmlhbCIsImNvbG9yIjoiIzMzMzMzMyIsImJhY2stY29sb3IiOiIjZjdmOGZhIn19LHsiY2hhciI6IlIiLCJzdHlsZXMiOnsiZm9udC1mYW1pbHkiOiJBcmlhbCIsImNvbG9yIjoiIzMzMzMzMyIsImJhY2stY29sb3IiO"
12:58:41.857 [TestNG-tests-1] DEBUG org.apache.http.wire -  << "iIjZjdmOGZhIn19LHsiY2hhciI6IkMiLCJzdHlsZXMiOnsiZm9udC1mYW1pbHkiOiJBcmlhbCIsImNvbG9yIjoiIzMzMzMzMyIsImJhY2stY29sb3IiOiIjZjdmOGZhIn19LHsiY2hhciI6IjEiLCJzdHlsZXMiOnsiZm9udC1mYW1pbHkiOiJBcmlhbCIsImNvbG9yIjoiIzMzMzMzMyIsImJhY2stY29sb3IiOiIjZjdmOGZhIn19LHsiY2hhciI6IjAiLCJzdHlsZXMiOnsiZm9udC1mYW1pbHkiOiJBcmlhbCIsImNvbG9yIjoiIzMzMzMzMyIsImJhY2stY29sb3IiOiIjZjdmOGZhIn19LHsiY2hhciI6IiAiLCJzdHlsZXMiOnsiZm9udC1mYW1pbHkiOiJBcmlhbCIsImNvbG9yIjoiIzMzMzMzMyIsImJhY2stY29sb3IiOiIjZjdmOGZhIn19LHsiY2hhciI6InAiLCJzdHlsZXMiOnsiZm9udC1mYW1pbHkiOiJBcmlhbCIsImNvbG9yIjoiIzMzMzMzMyIsImJhY2stY29sb3IiOiIjZjdmOGZhIn19LHsiY2hhciI6ImEiLCJzdHlsZXMiOnsiZm9udC1mYW1pbHkiOiJBcmlhbCIsImNvbG9yIjoiIzMzMzMzMyIsImJhY2stY29sb3IiOiIjZjdmOGZhIn19LHsiY2hhciI6InIiLCJzdHlsZXMiOnsiZm9udC1mYW1pbHkiOiJBcmlhbCIsImNvbG9yIjoiIzMzMzMzMyIsImJhY2stY29sb3IiOiIjZjdmOGZhIn19LHsiY2hhciI6InQiLCJzdHlsZXMiOnsiZm9udC1mYW1pbHkiOiJBcmlhbCIsImNvbG9yIjoiIzMzMzMzMyIsImJhY2stY29sb3IiOiIjZjdmOGZhIn19LHsiY2hhciI6ImkiLCJzdHlsZXMiOnsiZm9udC"
12:58:41.857 [TestNG-tests-1] DEBUG org.apache.http.wire -  << "[\r][\n]"
12:58:41.857 [TestNG-tests-1] DEBUG org.apache.http.wire -  << "8000[\r][\n]"
12:58:41.857 [TestNG-tests-1] DEBUG org.apache.http.wire -  << "1mYW1pbHkiOiJBcmlhbCIsImNvbG9yIjoiIzMzMzMzMyIsImJhY2stY29sb3IiOiIjZjdmOGZhIn19LHsiY2hhciI6ImMiLCJzdHlsZXMiOnsiZm9udC1mYW1pbHkiOiJBcmlhbCIsImNvbG9yIjoiIzMzMzMzMyIsImJhY2stY29sb3IiOiIjZjdmOGZhIn19LHsiY2hhciI6ImkiLCJzdHlsZXMiOnsiZm9udC1mYW1pbHkiOiJBcmlhbCIsImNvbG9yIjoiIzMzMzMzMyIsImJhY2stY29sb3IiOiIjZjdmOGZhIn19LHsiY2hhciI6InAiLCJzdHlsZXMiOnsiZm9udC1mYW1pbHkiOiJBcmlhbCIsImNvbG9yIjoiIzMzMzMzMyIsImJhY2stY29sb3IiOiIjZjdmOGZhIn19LHsiY2hhciI6ImEiLCJzdHlsZXMiOnsiZm9udC1mYW1pbHkiOiJBcmlhbCIsImNvbG9yIjoiIzMzMzMzMyIsImJhY2stY29sb3IiOiIjZjdmOGZhIn19LHsiY2hhciI6InQiLCJzdHlsZXMiOnsiZm9udC1mYW1pbHkiOiJBcmlhbCIsImNvbG9yIjoiIzMzMzMzMyIsImJhY2stY29sb3IiOiIjZjdmOGZhIn19LHsiY2hhciI6ImkiLCJzdHlsZXMiOnsiZm9udC1mYW1pbHkiOiJBcmlhbCIsImNvbG9yIjoiIzMzMzMzMyIsImJhY2stY29sb3IiOiIjZjdmOGZhIn19LHsiY2hhciI6Im8iLCJzdHlsZXMiOnsiZm9udC1mYW1pbHkiOiJBcmlhbCIsImNvbG9yIjoiIzMzMzMzMyIsImJhY2stY29sb3IiOiIjZjdmOGZhIn19LHsiY2hhciI6Im4iLCJzdHlsZXMiOnsiZm9udC1mYW1pbHkiOiJBcmlhbCIsImNvbG9yIjoiIzMzMzMzMyIsImJhY2stY29sb3IiOiIjZjdmOGZhIn19LHsiY2hhciI6IiAiLCJzdHlsZXMiOnsiZm9udC1mYW1pbHkiOiJBcmlhbCIsImNvbG9yIjoiIzMzMzMzMyIsImJhY2stY29sb3IiOiIjZjdmOGZhIn19LHsiY2hhciI6ImYiLCJzdHlsZXMiOnsiZm9udC1mYW1pbHkiOiJBcmlhbCIsImNvbG9yIjoiIzMzMzMzMyIsImJhY2stY29sb3IiOiIjZjdmOGZhIn19LHsiY2hhciI6InUiLCJzdHlsZXMiOnsiZm9udC1mYW1pbHkiOiJBcmlhbCIsImNvbG9yIjoiIzMzMzMzMyIsImJhY2stY29sb3IiOiIjZjdmOGZhIn19LHsiY2hhciI6Im4iLCJzdHlsZXMiOnsiZm9udC1mYW1pbHkiOiJBcmlhbCIsImNvbG9yIjoiIzMzMzMzMyIsImJhY2stY29sb3IiOiIjZjdmOGZhIn19LHsiY2hhciI6ImMiLCJzdHlsZXMiOnsiZm9udC1mYW1pbHkiOiJBcmlhbCIsImNvbG9yIjoiIzMzMzMzMyIsImJhY2stY29sb3IiOiIjZjdmOGZhIn19LHsiY2hhciI6InQiLCJzdHlsZXMiOnsiZm9udC1mYW1pbHkiOiJBcmlhbCIsImNvbG9yIjoiIzMzMzMzMyIsImJhY2stY29sb3IiOiIjZjdmOGZhIn19LHsiY2hhciI6ImkiLCJzdHl"
12:58:41.857 [TestNG-tests-1] DEBUG org.apache.http.wire -  << "sZXMiOnsiZm9udC1mYW1pbHkiOiJBcmlhbCIsImNvbG9yIjoiIzMzMzMzMyIsImJhY2stY29sb3IiOiIjZjdmOGZhIn19LHsiY2hhciI6Im8iLCJzdHlsZXMiOnsiZm9udC1mYW1pbHkiOiJBcmlhbCIsImNvbG9yIjoiIzMzMzMzMyIsImJhY2stY29sb3IiOiIjZjdmOGZhIn19LHsiY2hhciI6Im4iLCJzdHlsZXMiOnsiZm9udC1mYW1pbHkiOiJBcmlhbCIsImNvbG9yIjoiIzMzMzMzMyIsImJhY2stY29sb3IiOiIjZjdmOGZhIn19LHsiY2hhciI6Ii4iLCJzdHlsZXMiOnsiZm9udC1mYW1pbHkiOiJBcmlhbCIsImNvbG9yIjoiIzMzMzMzMyIsImJhY2stY29sb3IiOiIjZjdmOGZhIn19XSwiaXNSaWNoVGV4dCI6dHJ1ZSwia2VlcExpbmVCcmVhayI6dHJ1ZX19LHsiYmxvY2tJZCI6IjE2MTItMTU0NzcyODk5ODgyOCIsImJsb2NrVHlwZSI6InBhcmFncmFwaCIsInN0eWxlcyI6eyJhbGlnbiI6ImxlZnQiLCJpbmRlbnQiOjAsInRleHQtaW5kZW50IjowLCJsaW5lLWhlaWdodCI6MS43NX0sInR5cGUiOiJwYXJhZ3JhcGgiLCJyaWNoVGV4dCI6eyJkYXRhIjpbeyJjaGFyIjoiNSJ9LHsiY2hhciI6Ii4ifSx7ImNoYXIiOiJUIn0seyJjaGFyIjoiciJ9LHsiY2hhciI6Im8ifSx7ImNoYXIiOiJuIn0seyJjaGFyIjoicyJ9LHsiY2hhciI6ImMifSx7ImNoYXIiOiJhIn0seyJjaGFyIjoibiJ9LHsiY2hhciI6IiAifSx7ImNoYXIiOiJBIn0seyJjaGFyIjoiUCJ9LHsiY2hhciI6IkkifSx7ImNoYXIiOiLigJMifSx7ImNoYXIiOiIgIn0seyJjaGFyIjoiUyJ9LHsiY2hhciI6InUifSx7ImNoYXIiOiJwIn0seyJjaGFyIjoicCJ9LHsiY2hhciI6Im8ifSx7ImNoYXIiOiJyIn0seyJjaGFyIjoidCJ9LHsiY2hhciI6ImUifSx7ImNoYXIiOiJkIn1dLCJpc1JpY2hUZXh0Ijp0cnVlLCJrZWVwTGluZUJyZWFrIjp0cnVlfX0seyJibG9ja0lkIjoiOTU1Ny0xNTQ3NzI4OTk4ODI4IiwiYmxvY2tUeXBlIjoicGFyYWdyYXBoIiwic3R5bGVzIjp7ImFsaWduIjoibGVmdCIsImluZGVudCI6MCwidGV4dC1pbmRlbnQiOjAs"
12:58:42.100 [TestNG-tests-1] DEBUG org.apache.http.wire -  << "ImxpbmUtaGVpZ2h0IjoxLjc1fSwidHlwZSI6InBhcmFncmFwaCIsInJpY2hUZXh0Ijp7ImRhdGEiOlt7ImNoYXIiOiLCoCJ9XSwiaXNSaWNoVGV4dCI6dHJ1ZSwia2VlcExpbmVCcmVhayI6dHJ1ZX19LHsiYmxvY2tJZCI6IjQxMzMtMTU0NzcyODk5ODgyOCIsImJsb2NrVHlwZSI6InBhcmFncmFwaCIsInN0eWxlcyI6eyJhbGlnbiI6ImxlZnQiLCJpbmRlbnQiOjAsInRleHQtaW5kZW50IjowLCJsaW5lLWhlaWdodCI6MS43NX0sInR5cGUiOiJwYXJhZ3JhcGgiLCJyaWNoVGV4dCI6eyJkYXRhIjpbeyJjaGFyIjoiVCJ9LHsiY2hhciI6ImgifSx7ImNoYXIiOiJhIn0seyJjaGFyIjoibiJ9LHsiY2hhciI6ImsifSx7ImNoYXIiOiJzIn0seyJjaGFyIjoiICJ9LHsiY2hhciI6ImYifSx7ImNoYXIiOiJvIn0seyJjaGFyIjoiciJ9LHsiY2hhciI6IiAifSx7ImNoYXIiOiJzIn0seyJjaGFyIjoidSJ9LHsiY2hhciI6InAifSx7ImNoYXIiOiJwIn0seyJjaGFyIjoibyJ9LHsiY2hhciI6InIifSx7ImNoYXIiOiJ0In0seyJjaGFyIjoiaSJ9LHsiY2hhciI6Im4ifSx7ImNoYXIiOiJnIn0seyJjaGFyIjoiICJ9LHsiY2hhciI6IlQifSx7ImNoYXIiOiJyIn0seyJjaGFyIjoibyJ9LHsiY2hhciI6Im4ifSx7ImNoYXIiOiJzIn0seyJjaGFyIjoiYyJ9LHsiY2hhciI6ImEifSx7ImNoYXIiOiJuIn0seyJjaGFyIjoiISJ9XSwiaXNSaWNoVGV4dCI6dHJ1ZSwia2VlcExpbmVCcmVhayI6dHJ1ZX19LHsiYmxvY2tJZCI6IjM3MzktMTU0NzcyODk5ODgyOCIsImJsb2NrVHlwZSI6InBhcmFncmFwaCIsInN0eWxlcyI6eyJhbGlnbiI6ImxlZnQiLCJpbmRlbnQiOjAsInRleHQtaW5kZW50IjowLCJsaW5lLWhlaWdodCI6MS43NX0sInR5cGUiOiJwYXJhZ3JhcGgiLCJyaWNoVGV4dCI6eyJkYXRhIjpbeyJjaGFyIjoiVCJ9LHsiY2hhciI6InIifSx7ImNoYXIiOiJvIn0seyJjaGFyIjoibiJ9LHsiY2hhciI6InMifSx7ImNoYXIiOiJjIn0seyJjaGFyIjoiYSJ9LHsiY2hhciI6Im4ifSx7ImNoYXIiOiIgIn0seyJjaGFyIjoiVCJ9LHsiY2hhciI6ImUifSx7ImNoYXIiOiJhIn0seyJjaGFyIjoibSJ9XSwiaXNSaWNoVGV4dCI6dHJ1ZSwia2VlcExpbmVCcmVhayI6dHJ1ZX19LHsiYmxvY2tJZCI6IjE4NzAtMTU0NzcyODk5ODgyOCIsImJsb2NrVHlwZSI6InBhcmFncmFwaCIsInN0eWxlcyI6eyJhbGlnbiI6ImxlZnQiLCJpbmRlbnQiOjAsInRleHQtaW5kZW50IjowLCJsaW5lLWhlaWdodCI6MS43NX0sInR5cGUiOiJwYXJhZ3JhcGgiLCJyaWNoVGV4dCI6eyJkYXRhIjpbeyJjaGFyIjoiSiJ9LHsiY2hhciI6ImEifSx7ImNoYXIiOiJuIn0seyJjaGFyIjoidSJ9LHsiY2hhciI6ImEifSx7ImNoYXIiOiJyIn0seyJjaGFyIjoieSJ9LHsiY2hhciI6IiAifSx7ImNoYXIiOiIxIn0seyJjaGFyIjoiNCJ9LHsiY2hhciI6IiwifSx7ImNoYXIiOiIgIn0seyJjaGFyIjoiMiJ9LHsiY2hhciI6IjAifSx7ImNoYXIiOiIxIn0seyJjaGFyIjoiOSJ9XSwiaXNSaWNoVGV4dCI6dHJ1ZSwia2VlcExpbmVCcmVhayI6dHJ1ZX19XQ==--></div>\n<p><!--5f39ae17-8c62-4a45-bc43-b32064c9388a:W3siYmxvY2tJZCI6IjE0NjUtMTU0NzcyODk4NTU5NCIsImJsb2NrVHlwZSI6InBhcmFncmFwaCIsInN0eWxlcyI6eyJhbGlnbiI6ImxlZnQiLCJpbmRlbnQiOjAsInRleHQtaW5kZW50IjowLCJsaW5lLWhlaWdodCI6MS43NX0sInR5cGUiOiJwYXJhZ3JhcGgiLCJyaWNoVGV4dCI6eyJkYXRhIjpbeyJjaGFyIjoiRCJ9LHsiY2hhciI6ImUifSx7ImNoYXIiOiJhIn0seyJjaGFyIjoiciJ9LHsiY2hhciI6IiAifSx7ImNoYXIiOiJ1In0seyJjaGFyIjoicyJ9LHsiY2hhciI6ImUifSx7ImNoYXIiOiJyIn0seyJjaGFyIjoicyJ9LHsiY2hhciI6IiwifV0sImlzUmljaFRleHQiOnRydWUsImtlZXBMaW5lQnJlYWsiOnRydWV9fSx7ImJsb2NrSWQiOiI0NzUwLTE1NDc3Mjg5OTg4MjgiLCJibG9ja1R5cGUiOiJwYXJhZ3JhcGgiLCJzdHlsZXMiOnsiYWxpZ24iOiJsZWZ0IiwiaW5kZW50IjowLCJ0ZXh0LWluZGVudCI6MCwibGluZS1oZWl"
12:58:42.101 [TestNG-tests-1] DEBUG org.apache.http.wire -  << "naHQiOjEuNzV9LCJ0eXBlIjoicGFyYWdyYXBoIiwicmljaFRleHQiOnsiZGF0YSI6W3siY2hhciI6IsKgIn1dLCJpc1JpY2hUZXh0Ijp0cnVlLCJrZWVwTGluZUJyZWFrIjp0cnVlfX0seyJibG9ja0lkIjoiNjgzMC0xNTQ3NzI4OTk4ODI4IiwiYmxvY2tUeXBlIjoicGFyYWdyYXBoIiwic3R5bGVzIjp7ImFsaWduIjoibGVmdCIsImluZGVudCI6MCwidGV4dC1pbmRlbnQiOjAsImxpbmUtaGVpZ2h0IjoxLjc1fSwidHlwZSI6InBhcmFncmFwaCIsInJpY2hUZXh0Ijp7ImRhdGEiOlt7ImNoYXIiOiJXIn0seyJjaGFyIjoiZSJ9LHsiY2hhciI6IiAifSx7ImNoYXIiOiJhIn0seyJjaGFyIjoiciJ9LHsiY2hhciI6ImUifSx7ImNoYXIiOiIgIn0seyJjaGFyIjoiYSJ9LHsiY2hhciI6IncifSx7ImNoYXIiOiJhIn0seyJjaGFyIjoiciJ9LHsiY2hhciI6ImUifSx7ImNoYXIiOiIgIn0seyJjaGFyIjoibyJ9LHsiY2hhciI6ImYifSx7ImNoYXIiOiIgIn0seyJjaGFyIjoidCJ9LHsiY2hhciI6ImgifSx7ImNoYXIiOiJlIn0seyJjaGFyIjoiICJ9LHsiY2hhciI6InIifSx7ImNoYXIiOiJlIn0seyJjaGFyIjoiYyJ9LHsiY2hhciI6ImUifSx7ImNoYXIiOiJuIn0seyJjaGFyIjoidCJ9LHsiY2hhciI6IiAifSx7ImNoYXIiOiJpIn0seyJjaGFyIjoicyJ9LHsiY2hhciI6InMifSx7ImNoYXIiOiJ1In0seyJjaGFyIjoiZSJ9LHsiY2hhciI6InMifSx7ImNoYXIiOiIgIn0seyJjaGFyIjoidyJ9LHsiY2hhciI6ImgifSx7ImNoYXIiOiJpIn0seyJjaGFyIjoiYyJ9LHsiY2hhciI6ImgifSx7ImNoYXIiOiIgIn0seyJjaGFyIjoiaCJ9LHsiY2hhciI6ImEifSx7ImNoYXIiOiJ2In0seyJjaGFyIjoiZSJ9LHsiY2hhciI6IiAifSx7ImNoYXIiOiJiIn0seyJjaGFyIjoiZSJ9LHsiY2hhciI6ImUifSx7ImNoYXIiOiJuIn0seyJjaGFyIjoiICJ9LHsiY2hhciI6ImYifSx7ImNoYXIiOiJyIn0seyJjaGFyIjoiZSJ9LHsiY2hhciI6InEifSx7ImNoYXIiOiJ1In0seyJjaGFyIjoiZSJ9LHsiY2hhciI6Im4ifSx7ImNo"
12:58:42.102 [TestNG-tests-1] DEBUG org.apache.http.wire -  << "YXIiOiJ0In0seyJjaGFyIjoibCJ9LHsiY2hhciI6InkifSx7ImNoYXIiOiIgIn0seyJjaGFyIjoiciJ9LHsiY2hhciI6ImUifSx7ImNoYXIiOiJwIn0seyJjaGFyIjoibyJ9LHsiY2hhciI6InIifSx7ImNoYXIiOiJ0In0seyJjaGFyIjoiZSJ9LHsiY2hhciI6ImQifSx7ImNoYXIiOiIuIn0seyJjaGFyIjoiICJ9LHsiY2hhciI6IlAifSx7ImNoYXIiOiJsIn0seyJjaGFyIjoiZSJ9LHsiY2hhciI6ImEifSx7ImNoYXIiOiJzIn0seyJjaGFyIjoiZSJ9LHsiY2hhciI6IiAifSx7ImNoYXIiOiJ0In0seyJjaGFyIjoiYSJ9LHsiY2hhciI6ImsifSx7ImNoYXIiOiJlIn0seyJjaGFyIjoiICJ9LHsiY2hhciI6ImgifSx7ImNoYXIiOiJlIn0seyJjaGFyIjoiYSJ9LHsiY2hhciI6InIifSx7ImNoYXIiOiJ0In0seyJjaGFyIjoiICJ9LHsiY2hhciI6InQifSx7ImNoYXIiOiJoIn0seyJjaGFyIjoiYSJ9LHsiY2hhciI6InQifSx7ImNoYXIiOiIgIn0seyJjaGFyIjoidCJ9LHsiY2hhciI6ImgifSx7ImNoYXIiOiJlIn0seyJjaGFyIjoiICJ9LHsiY2hhciI6InQifSx7ImNoYXIiOiJlIn0seyJjaGFyIjoiYSJ9LHsiY2hhciI6Im0ifSx7ImNoYXIiOiIgIn0seyJjaGFyIjoiaCJ9LHsiY2hhciI6ImEifSx7ImNoYXIiOiJzIn0seyJjaGFyIjoiICJ9LHsiY2hhciI6ImIifSx7ImNoYXIiOiJlIn0seyJjaGFyIjoiZSJ9LHsiY2hhciI6Im4ifSx7ImNoYXIiOiIgIn0seyJjaGFyIjoidyJ9LHsiY2hhciI6Im8ifSx7ImNoYXIiOiJyIn0seyJjaGFyIjoiayJ9LHsiY2hhciI6ImkifSx7ImNoYXIiOiJuIn0seyJjaGFyIjoiZyJ9LHsiY2hhciI6IiAifSx7ImNoYXIiOiJvIn0seyJjaGFyIjoibiJ9LHsiY2hhciI6IiAifSx7ImNoYXIiOiJ0In0seyJjaGFyIjoiaCJ9LHsiY2hhciI6ImUifSx7ImNoYXIiOiJtIn0seyJjaGFyIjoiICJ9LHsiY2hhciI6Im4ifSx7ImNoYXIiOiJvIn0seyJjaGFyIjoidyJ9LHsiY2hhciI6Ii4ifSx7ImNoYXIiOiIgIn0seyJjaGFyIjoiSCJ9LHsiY2hhciI6ImUifSx7ImNoYXIiO"
12:58:42.102 [TestNG-tests-1] DEBUG org.apache.http.wire -  << "iJyIn0seyJjaGFyIjoiZSJ9LHsiY2hhciI6IiAifSx7ImNoYXIiOiJpIn0seyJjaGFyIjoicyJ9LHsiY2hhciI6IiAifSx7ImNoYXIiOiJ0In0seyJjaGFyIjoiaCJ9LHsiY2hhciI6ImUifSx7ImNoYXIiOiIgIn0seyJjaGFyIjoidCJ9LHsiY2hhciI6ImkifSx7ImNoYXIiOiJtIn0seyJjaGFyIjoiZSJ9LHsiY2hhciI6ImwifSx7ImNoYXIiOiJpIn0seyJjaGFyIjoibiJ9LHsiY2hhciI6ImUifSx7ImNoYXIiOiIgIn0seyJjaGFyIjoibyJ9LHsiY2hhciI6ImYifSx7ImNoYXIiOiIgIn0seyJjaGFyIjoidyJ9LHsiY2hhciI6ImgifSx7ImNoYXIiOiJlIn0seyJjaGFyIjoibiJ9LHsiY2hhciI6IiAifSx7ImNoYXIiOiJ0In0seyJjaGFyIjoiaCJ9LHsiY2hhciI6ImUifSx7ImNoYXIiOiIgIn0seyJjaGFyIjoiaSJ9LHsiY2hhciI6InMifSx7ImNoYXIiOiJzIn0seyJjaGFyIjoidSJ9LHsiY2hhciI6ImUifSx7ImNoYXIiOiJzIn0seyJjaGFyIjoiICJ9LHsiY2hhciI6IncifSx7ImNoYXIiOiJpIn0seyJjaGFyIjoibCJ9LHsiY2hhciI6ImwifSx7ImNoYXIiOiIgIn0seyJjaGFyIjoiYiJ9LHsiY2hhciI6ImUifSx7ImNoYXIiOiIgIn0seyJjaGFyIjoiZiJ9LHsiY2hhciI6ImkifSx7ImNoYXIiOiJ4In0seyJjaGFyIjoiZSJ9LHsiY2hhciI6ImQifSx7ImNoYXIiOiI6In1dLCJpc1JpY2hUZXh0Ijp0cnVlLCJrZWVwTGluZUJyZWFrIjp0cnVlfX0seyJibG9ja0lkIjoiOTE1My0xNTQ3NzI4OTk4ODI4IiwiYmxvY2tUeXBlIjoicGFyYWdyYXBoIiwic3R5bGVzIjp7ImFsaWduIjoibGVmdCIsImluZGVudCI6MCwidGV4dC1pbmRlbnQiOjAsImxpbmUtaGVpZ2h0IjoxLjc1fSwidHlwZSI6InBhcmFncmFwaCIsInJpY2hUZXh0Ijp7ImRhdGEiOlt7ImNoYXIiOiLCoCJ9XSwiaXNSaWNoVGV4dCI6dHJ1ZSwia2VlcExpbmVCcmVhayI6dHJ1ZX19LHsiYmxvY2tJZCI6IjU2MzgtMTU0NzcyODk5ODgyOCIsImJsb2NrVHlwZSI6InBhcmFncmFwaCIsInN0eWxlcyI6eyJhbGlnbiI6ImxlZnQiLCJpbmRlbnQiOjAsInRleHQtaW5kZW50IjowLCJsaW5lLWhlaWdodCI6MS43NX0sInR5cGUiOiJwYXJhZ3JhcGgiLCJyaWNoVGV4dCI6eyJkYXRhIjpbeyJjaGFyIjoiMSJ9LHsiY2hhciI6Ii4ifSx7ImNoYXIiOiJUIn0seyJjaGFyIjoiciJ9LHsiY2hhciI6Im8ifSx7ImNoYXIiOiJuIn0seyJjaGFyIjoibCJ9LHsiY2hhciI6ImkifSx7ImNoYXIiOiJuIn0seyJjaGFyIjoiayJ9LHsiY2hhciI6IiAifSx7ImNoYXIiOiJUIn0seyJjaGFyIjoiUiJ9LHsiY2hhciI6IkMifSx7ImNoYXIiOiIxIn0seyJjaGFyIjoiMCJ9LHsiY2hhciI6IiAifSx7ImNoYXIiOiJ0In0seyJjaGFyIjoiciJ9LHsiY2hhciI6ImEifSx7ImNoYXIiOiJuIn0seyJjaGFyIjoicyJ9LHsiY2hhciI6ImYifSx7ImNoYXIiOiJlIn0seyJjaGFyIjoiciJ9LHsiY2hhciI6IiAifSx7ImNoYXIiOiLigJMifSx7ImNoYXIiOiIgIn0seyJjaGFyIjoiYSJ9LHsiY2hhciI6ImYifSx7ImNoYXIiOiJ0In0seyJjaGFyIjoiZSJ9LHsiY2hhciI6InIifSx7ImNoYXIiOiIgIn0seyJjaGFyIjoidCJ9LHsiY2hhciI6ImgifSx7ImNoYXIiOiJlIn0seyJjaGFyIjoiICJ9LHsiY2hhciI6Im4ifSx7ImNoYXIiOiJlIn0seyJjaGFyIjoidyJ9LHsiY2hhciI6ImUifSx7ImNoYXIiOiJzIn0seyJjaGFyIjoidCJ9LHsiY2hhciI6IiAifSx7ImNoYXIiOiJ2In0seyJjaGFyIjoiZSJ9LHsiY2hhciI6InIifSx7ImNoYXIiOiJzIn0seyJjaGFyIjoiaSJ9LHsiY2hhciI6Im8ifSx7ImNoYXIiOiJuIn0seyJjaGFyIjoiICJ9LHsiY2hhciI6InAifSx7ImNoYXIiOiJhIn0seyJjaGFyIjoicyJ9LHsiY2hhciI6InMifSx7ImNoYXIiOiJlIn0seyJjaGFyIjoicyJ9LHsiY2hhciI6IiAifSx7ImNoYXIiOiJ0In0seyJjaGFyIjoiaCJ9LHsiY2hhciI6ImUifSx7ImNoYXIiOiIgIn0seyJjaGFyIjoiQyJ9LHsiY2hhciI6ImgifSx7ImNoYXIiOiJyIn0seyJjaGFyIjoibyJ9LHsiY2hhciI6Im0ifSx7ImNoYXIiOiJlIn0seyJjaGFyIjoiICJ9LHsiY2hhciI6IlM"
12:58:42.102 [TestNG-tests-1] DEBUG org.apache.http.wire -  << "ifSx7ImNoYXIiOiJ0In0seyJjaGFyIjoibyJ9LHsiY2hhciI6InIifSx7ImNoYXIiOiJlIn0seyJjaGFyIjoiICJ9LHsiY2hhciI6InIifSx7ImNoYXIiOiJlIn0seyJjaGFyIjoidiJ9LHsiY2hhciI6ImkifSx7ImNoYXIiOiJlIn0seyJjaGFyIjoidyJ9XSwiaXNSaWNoVGV4dCI6dHJ1ZSwia2VlcExpbmVCcmVhayI6dHJ1ZX19LHsiYmxvY2tJZCI6IjcwNzAtMTU0NzcyODk5ODgyOCIsImJsb2NrVHlwZSI6InBhcmFncmFwaCIsInN0eWxlcyI6eyJhbGlnbiI6ImxlZnQiLCJpbmRlbnQiOjAsInRleHQtaW5kZW50IjowLCJsaW5lLWhlaWdodCI6MS43NX0sInR5cGUiOiJwYXJhZ3JhcGgiLCJyaWNoVGV4dCI6eyJkYXRhIjpbeyJjaGFyIjoiMiJ9LHsiY2hhciI6Ii4ifSx7ImNoYXIiOiJUIn0seyJjaGFyIjoiUiJ9LHsiY2hhciI6IkMifSx7ImNoYXIiOiIyIn0seyJjaGFyIjoiMCJ9LHsiY2hhciI6IiAifSx7ImNoYXIiOiJkIn0seyJjaGFyIjoiYSJ9LHsiY2hhciI6InQifSx7ImNoYXIiOiJhIn0seyJjaGFyIjoiICJ9LHsiY2hhciI6ImUifSx7ImNoYXIiOiJyIn0seyJjaGFyIjoiciJ9LHsiY2hhciI6Im8ifSx7ImNoYXIiOiJyIn0seyJjaGFyIjoi4oCTIn0seyJjaGFyIjoiICJ9LHsiY2hhciI6IkoifSx7ImNoYXIiOiJhIn0seyJjaGFyIjoibiJ9LHsiY2hhciI6InUifSx7ImNoYXIiOiJhIn0seyJjaGFyIjoiciJ9LHsiY2hhciI6InkifSx7ImNoYXIiOiIgIn0seyJjaGFyIjoiMiJ9LHsiY2hhciI6IjAifV0sImlzUmljaFRleHQiOnRydWUsImtlZXBMaW5lQnJlYWsiOnRydWV9fSx7ImJsb2NrSWQiOiI0MTg2LTE1NDc3Mjg5OTg4MjgiLCJibG9ja1R5cGUiOiJwYXJhZ3JhcGgiLCJzdHlsZXMiOnsiYWxpZ24iOiJsZWZ0IiwiaW5kZW50IjowLCJ0ZXh0LWluZGVudCI6MCwibGluZS1oZWlnaHQiOjEuNzV9LCJ0eXBlIjoicGFyYWdyYXBoIiwicmljaFRleHQiOnsiZGF0YSI6W3siY2hhciI6IjMifSx7ImNoYXIiOiIuIn0seyJjaGFyIjoiVCJ9LHsiY2hhciI6IlIifSx7ImNoYXIiOiJDIn0seyJjaGFyIjoiMiJ9LHsiY2hhciI6IjAifSx7ImNoYXIiOiIgIn0seyJjaGFyIjoidCJ9LHsiY2hhciI6InIifSx7ImNoYXIiOiJhIn0seyJjaGFyIjoibiJ9LHsiY2hhciI6InMifSx7ImNoYXIiOiJmIn0seyJjaGFyIjoiZSJ9LHsiY2hhciI6InIifSx7ImNoYXIiOiIgIn0seyJjaGFyIjoiZCJ9LHsiY2hhciI6ImUifSx7ImNoYXIiOiJ0In0seyJjaGFyIjoiYSJ9LHsiY2hhciI6ImkifSx7ImNoYXIiOiJsIn0seyJjaGFyIjoiICJ9LHsiY2hhciI6InEifSx7ImNoYXIiOiJ1In0seyJjaGFyIjoiZSJ9LHsiY2hhciI6InIifSx7ImNoYXIiOiJ5In0seyJjaGFyIjoiICJ9LHsiY2hhciI6ImYifSx7ImNoYXIiOiJlIn0seyJjaGFyIjoiYSJ9LHsiY2hhciI6InQifSx7ImNoYXIiOiJ1In0seyJjaGFyIjoiciJ9LHsiY2hhciI6ImUifSx7ImNoYXIiOiIgIn0seyJjaGFyIjoi4oCTIn0seyJjaGFyIjoiICJ9LHsiY2hhciI6IkoifSx7ImNoYXIiOiJhIn0seyJjaGFyIjoibiJ9LHsiY2hhciI6InUifSx7ImNoYXIiOiJhIn0seyJjaGFyIjoiciJ9LHsiY2hhciI6InkifSx7ImNoYXIiOiIgIn0seyJjaGFyIjoiMiJ9LHsiY2hhciI6IjAifV0sImlzUmljaFRleHQiOnRydWUsImtlZXBMaW5lQnJlYWsiOnRydWV9fSx7ImJsb2NrSWQiOiIxNjE3LTE1NDc3Mjg5OTg4MjgiLCJibG9ja1R5cGUiOiJwYXJhZ3JhcGgiLCJzdHlsZXMiOnsiYWxpZ24iOiJsZWZ0IiwiaW5kZW50IjowLCJ0ZXh0LWluZGVudCI6MCwibGluZS1oZWlnaHQiOjEuNzV9LCJ0eXBlIjoicGFyYWdyYXBoIiwicmljaFRleHQiOnsiZGF0YSI6W3siY2hhciI6IjQifSx7ImNoYXIiOiIuIn0seyJjaGFyIjoiTCIsInN0eWxlcyI6eyJjb2xvciI6IiMxOTFmMjUiLCJiYWNrLWNvbG9yIjoiI2ZmZmZmZiJ9fSx7ImNoYXIiOiJlIiwic3R5bGVzIjp7ImNvbG9yIjoiIzE5MWYyNSIsImJhY2stY29sb3IiOiIjZmZmZmZmIn19LHsiY2hhciI6ImQiLCJzdHlsZXMiOnsiY29sb3IiOiIjMTkxZjI1IiwiYmFjay1jb2xvciI6IiNmZmZmZmYif"
12:58:42.102 [TestNG-tests-1] DEBUG org.apache.http.wire -  << "X0seyJjaGFyIjoiZyIsInN0eWxlcyI6eyJjb2xvciI6IiMxOTFmMjUiLCJiYWNrLWNvbG9yIjoiI2ZmZmZmZiJ9fSx7ImNoYXIiOiJlIiwic3R5bGVzIjp7ImNvbG9yIjoiIzE5MWYyNSIsImJhY2stY29sb3IiOiIjZmZmZmZmIn19LHsiY2hhciI6InIiLCJzdHlsZXMiOnsiY29sb3IiOiIjMTkxZjI1IiwiYmFjay1jb2xvciI6IiNmZmZmZmYifX0seyJjaGFyIjoiICIsInN0eWxlcyI6eyJjb2xvciI6IiMxOTFmMjUiLCJiYWNrLWNvbG9yIjoiI2ZmZmZmZiJ9fSx7ImNoYXIiOiJOIiwic3R5bGVzIjp7ImNvbG9yIjoiIzE5MWYyNSIsImJhY2stY29sb3IiOiIjZmZmZmZmIn19LHsiY2hhciI6ImEiLCJzdHlsZXMiOnsiY29sb3IiOiIjMTkxZjI1IiwiYmFjay1jb2xvciI6IiNmZmZmZmYifX0seyJjaGFyIjoibiIsInN0eWxlcyI6eyJjb2xvciI6IiMxOTFmMjUiLCJiYWNrLWNvbG9yIjoiI2ZmZmZmZiJ9fSx7ImNoYXIiOiJvIiwic3R5bGVzIjp7ImNvbG9yIjoiIzE5MWYyNSIsImJhY2stY29sb3IiOiIjZmZmZmZmIn19LHsiY2hhciI6IiAiLCJzdHlsZXMiOnsiY29sb3IiOiIjMTkxZjI1IiwiYmFjay1jb2xvciI6IiNmZmZmZmYifX0seyJjaGFyIjoiUyIsInN0eWxlcyI6eyJjb2xvciI6IiMxOTFmMjUiLCJiYWNrLWNvbG9yIjoiI2ZmZmZmZiJ9fSx7ImNoYXIiOiIgIn0seyJjaGFyIjoi4oCTIn0seyJjaGFyIjoiICJ9LHsiY2hhciI6IkoifSx7ImNoYXIiOiJhIn0seyJjaGFyIjoibiJ9LHsiY2hhciI6InUifSx7ImNoYXIiOiJhIn0seyJjaGFyIjoiciJ9LHsiY2hhciI6InkifSx7ImNoYXIiOiIgIn0seyJjaGFyIjoiMSJ9LHsiY2hhciI6IjYifV0sImlzUmljaFRleHQiOnRydWUsImtlZXBMaW5lQnJlYWsiOnRydWV9fSx7ImJsb2NrSWQiOiI5MzEyLTE1NDc3MjkwNjA3MzUiLCJibG9ja1R5cGUiOiJwYXJhZ3JhcGgiLCJzdHlsZXMiOnsiYWxpZ24iOiJsZWZ0IiwiaW5kZW50IjowLCJ0ZXh0LWluZGVudCI6MCwibGluZS1oZWlnaHQiOjEuNzV9LCJ0eXBlIjoicGFyYWdyYXBoIiwicmljaF"
12:58:42.102 [TestNG-tests-1] DEBUG org.apache.http.wire -  << "RleHQiOnsiZGF0YSI6W3siY2hhciI6IlQiLCJzdHlsZXMiOnsiZm9udC1mYW1pbHkiOiJBcmlhbCIsImNvbG9yIjoiIzMzMzMzMyIsImJhY2stY29sb3IiOiIjZjdmOGZhIn19LHsiY2hhciI6ImgiLCJzdHlsZXMiOnsiZm9udC1mYW1pbHkiOiJBcmlhbCIsImNvbG9yIjoiIzMzMzMzMyIsImJhY2stY29sb3IiOiIjZjdmOGZhIn19LHsiY2hhciI6ImUiLCJzdHlsZXMiOnsiZm9udC1mYW1pbHkiOiJBcmlhbCIsImNvbG9yIjoiIzMzMzMzMyIsImJhY2stY29sb3IiOiIjZjdmOGZhIn19LHsiY2hhciI6IiAiLCJzdHlsZXMiOnsiZm9udC1mYW1pbHkiOiJBcmlhbCIsImNvbG9yIjoiIzMzMzMzMyIsImJhY2stY29sb3IiOiIjZjdmOGZhIn19LHsiY2hhciI6ImwiLCJzdHlsZXMiOnsiZm9udC1mYW1pbHkiOiJBcmlhbCIsImNvbG9yIjoiIzMzMzMzMyIsImJhY2stY29sb3IiOiIjZjdmOGZhIn19LHsiY2hhciI6ImUiLCJzdHlsZXMiOnsiZm9udC1mYW1pbHkiOiJBcmlhbCIsImNvbG9yIjoiIzMzMzMzMyIsImJhY2stY29sb3IiOiIjZjdmOGZhIn19LHsiY2hhciI6ImQiLCJzdHlsZXMiOnsiZm9udC1mYW1pbHkiOiJBcmlhbCIsImNvbG9yIjoiIzMzMzMzMyIsImJhY2stY29sb3IiOiIjZjdmOGZhIn19LHsiY2hhciI6ImciLCJzdHlsZXMiOnsiZm9udC1mYW1pbHkiOiJBcmlhbCIsImNvbG9yIjoiIzMzMzMzMyIsImJhY2stY29sb3IiOiIjZjdmOGZhIn19LHsiY2hhciI6ImUiLCJzdHlsZXMiOnsiZm9udC1mYW1pbHkiOiJBcmlhbCIsImNvbG9yIjoiIzMzMzMzMyIsImJhY2stY29sb3IiOiIjZjdmOGZhIn19LHsiY2hhciI6InIiLCJzdHlsZXMiOnsiZm9udC1mYW1pbHkiOiJBcmlhbCIsImNvbG9yIjoiIzMzMzMzMyIsImJhY2stY29sb3IiOiIjZjdmOGZhIn19LHsiY2hhciI6IiAiLCJzdHlsZXMiOnsiZm9udC1mYW1pbHkiOiJBcmlhbCIsImNvbG9yIjoiIzMzMzMzMyIsImJhY2stY29sb3IiOiIjZjdmOGZhIn19LHsiY2hhciI6ImgiLCJzdHlsZXMiOnsiZm9udC1mYW1pbHkiOiJBcmlhbCIsImN"
12:58:42.102 [TestNG-tests-1] DEBUG org.apache.http.wire -  << "vbG9yIjoiIzMzMzMzMyIsImJhY2stY29sb3IiOiIjZjdmOGZhIn19LHsiY2hhciI6ImEiLCJzdHlsZXMiOnsiZm9udC1mYW1pbHkiOiJBcmlhbCIsImNvbG9yIjoiIzMzMzMzMyIsImJhY2stY29sb3IiOiIjZjdmOGZhIn19LHsiY2hhciI6InMiLCJzdHlsZXMiOnsiZm9udC1mYW1pbHkiOiJBcmlhbCIsImNvbG9yIjoiIzMzMzMzMyIsImJhY2stY29sb3IiOiIjZjdmOGZhIn19LHsiY2hhciI6IiAiLCJzdHlsZXMiOnsiZm9udC1mYW1pbHkiOiJBcmlhbCIsImNvbG9yIjoiIzMzMzMzMyIsImJhY2stY29sb3IiOiIjZjdmOGZhIn19LHsiY2hhciI6InMiLCJzdHlsZXMiOnsiZm9udC1mYW1pbHkiOiJBcmlhbCIsImNvbG9yIjoiIzMzMzMzMyIsImJhY2stY29sb3IiOiIjZjdmOGZhIn19LHsiY2hhciI6InUiLCJzdHlsZXMiOnsiZm9udC1mYW1pbHkiOiJBcmlhbCIsImNvbG9yIjoiIzMzMzMzMyIsImJhY2stY29sb3IiOiIjZjdmOGZhIn19LHsiY2hhciI6InAiLCJzdHlsZXMiOnsiZm9udC1mYW1pbHkiOiJBcmlhbCIsImNvbG9yIjoiIzMzMzMzMyIsImJhY2stY29sb3IiOiIjZjdmOGZhIn19LHsiY2hhciI6InAiLCJzdHlsZXMiOnsiZm9udC1mYW1pbHkiOiJBcmlhbCIsImNvbG9yIjoiIzMzMzMzMyIsImJhY2stY29sb3IiOiIjZjdmOGZhIn19LHsiY2hhciI6Im8iLCJzdHlsZXMiOnsiZm9udC1mYW1pbHkiOiJBcmlhbCIsImNvbG9yIjoiIzMzMzMzMyIsImJhY2stY29sb3IiOiIjZjdmOGZhIn19LHsiY2hhciI6InIiLCJzdHlsZXMiOnsiZm9udC1mYW1pbHkiOiJBcmlhbCIsImNvbG9yIjoiIzMzMzMzMyIsImJhY2stY29sb3IiOiIjZjdmOGZhIn19LHsiY2hhciI6InQiLCJzdHlsZXMiOnsiZm9udC1mYW1pbHkiOiJBcmlhbCIsImNvbG9yIjoiIzMzMzMzMyIsImJhY2stY29sb3IiOiIjZjdmOGZhIn19LHsiY2hhciI6IiAiLCJzdHlsZXMiOnsiZm9udC1mYW1pbHkiOiJBcmlhbCIsImNvbG9yIjoiIzMzMzMzMyIsImJhY2stY29sb3IiOiIjZjdmOGZhIn19LHsiY2hhciI6InQiLCJzdHlsZXMi"
12:58:42.102 [TestNG-tests-1] DEBUG org.apache.http.wire -  << "OnsiZm9udC1mYW1pbHkiOiJBcmlhbCIsImNvbG9yIjoiIzMzMzMzMyIsImJhY2stY29sb3IiOiIjZjdmOGZhIn19LHsiY2hhciI6InIiLCJzdHlsZXMiOnsiZm9udC1mYW1pbHkiOiJBcmlhbCIsImNvbG9yIjoiIzMzMzMzMyIsImJhY2stY29sb3IiOiIjZjdmOGZhIn19LHsiY2hhciI6ImEiLCJzdHlsZXMiOnsiZm9udC1mYW1pbHkiOiJBcmlhbCIsImNvbG9yIjoiIzMzMzMzMyIsImJhY2stY29sb3IiOiIjZjdmOGZhIn19LHsiY2hhciI6Im4iLCJzdHlsZXMiOnsiZm9udC1mYW1pbHkiOiJBcmlhbCIsImNvbG9yIjoiIzMzMzMzMyIsImJhY2stY29sb3IiOiIjZjdmOGZhIn19LHsiY2hhciI6InMiLCJzdHlsZXMiOnsiZm9udC1mYW1pbHkiOiJBcmlhbCIsImNvbG9yIjoiIzMzMzMzMyIsImJhY2stY29sb3IiOiIjZjdmOGZhIn19LHsiY2hhciI6ImYiLCJzdHlsZXMiOnsiZm9udC1mYW1pbHkiOiJBcmlhbCIsImNvbG9yIjoiIzMzMzMzMyIsImJhY2stY29sb3IiOiIjZjdmOGZhIn19LHsiY2hhciI6ImUiLCJzdHlsZXMiOnsiZm9udC1mYW1pbHkiOiJBcmlhbCIsImNvbG9yIjoiIzMzMzMzMyIsImJhY2stY29sb3IiOiIjZjdmOGZhIn19LHsiY2hhciI6InIiLCJzdHlsZXMiOnsiZm9udC1mYW1pbHkiOiJBcmlhbCIsImNvbG9yIjoiIzMzMzMzMyIsImJhY2stY29sb3IiOiIjZjdmOGZhIn19LHsiY2hhciI6IiAiLCJzdHlsZXMiOnsiZm9udC1mYW1pbHkiOiJBcmlhbCIsImNvbG9yIjoiIzMzMzMzMyIsImJhY2stY29sb3IiOiIjZjdmOGZhIn19LHsiY2hhciI6IlQiLCJzdHlsZXMiOnsiZm9udC1mYW1pbHkiOiJBcmlhbCIsImNvbG9yIjoiIzMzMzMzMyIsImJhY2stY29sb3IiOiIjZjdmOGZhIn19LHsiY2hhciI6IlIiLCJzdHlsZXMiOnsiZm9udC1mYW1pbHkiOiJBcmlhbCIsImNvbG9yIjoiIzMzMzMzMyIsImJhY2stY29sb3IiOiIjZjdmOGZhIn19LHsiY2hhciI6IlgiLCJzdHlsZXMiOnsiZm9udC1mYW1pbHkiOiJBcmlhbCIsImNvbG9yIjoiIzMzMzMzMyIsImJhY2stY29sb3IiOiIjZjdmO"
12:58:42.102 [TestNG-tests-1] DEBUG org.apache.http.wire -  << "GZhIn19LHsiY2hhciI6IiAiLCJzdHlsZXMiOnsiZm9udC1mYW1pbHkiOiJBcmlhbCIsImNvbG9yIjoiIzMzMzMzMyIsImJhY2stY29sb3IiOiIjZjdmOGZhIn19LHsiY2hhciI6ImEiLCJzdHlsZXMiOnsiZm9udC1mYW1pbHkiOiJBcmlhbCIsImNvbG9yIjoiIzMzMzMzMyIsImJhY2stY29sb3IiOiIjZjdmOGZhIn19LHsiY2hhciI6Im4iLCJzdHlsZXMiOnsiZm9udC1mYW1pbHkiOiJBcmlhbCIsImNvbG9yIjoiIzMzMzMzMyIsImJhY2stY29sb3IiOiIjZjdmOGZhIn19LHsiY2hhciI6ImQiLCJzdHlsZXMiOnsiZm9udC1mYW1pbHkiOiJBcmlhbCIsImNvbG9yIjoiIzMzMzMzMyIsImJhY2stY29sb3IiOiIjZjdmOGZhIn19LHsiY2hhciI6IiAiLCJzdHlsZXMiOnsiZm9udC1mYW1pbHkiOiJBcmlhbCIsImNvbG9yIjoiIzMzMzMzMyIsImJhY2stY29sb3IiOiIjZjdmOGZhIn19LHsiY2hhciI6IlQiLCJzdHlsZXMiOnsiZm9udC1mYW1pbHkiOiJBcmlhbCIsImNvbG9yIjoiIzMzMzMzMyIsImJhY2stY29sb3IiOiIjZjdmOGZhIn19LHsiY2hhciI6IlIiLCJzdHlsZXMiOnsiZm9udC1mYW1pbHkiOiJBcmlhbCIsImNvbG9yIjoiIzMzMzMzMyIsImJhY2stY29sb3IiOiIjZjdmOGZhIn19LHsiY2hhciI6IkMiLCJzdHlsZXMiOnsiZm9udC1mYW1pbHkiOiJBcmlhbCIsImNvbG9yIjoiIzMzMzMzMyIsImJhY2stY29sb3IiOiIjZjdmOGZhIn19LHsiY2hhciI6IjEiLCJzdHlsZXMiOnsiZm9udC1mYW1pbHkiOiJBcmlhbCIsImNvbG9yIjoiIzMzMzMzMyIsImJhY2stY29sb3IiOiIjZjdmOGZhIn19LHsiY2hhciI6IjAiLCJzdHlsZXMiOnsiZm9udC1mYW1pbHkiOiJBcmlhbCIsImNvbG9yIjoiIzMzMzMzMyIsImJhY2stY29sb3IiOiIjZjdmOGZhIn19LHsiY2hhciI6IiwiLCJzdHlsZXMiOnsiZm9udC1mYW1pbHkiOiJBcmlhbCIsImNvbG9yIjoiIzMzMzMzMyIsImJhY2stY29sb3IiOiIjZjdmOGZhIn19LHsiY2hhciI6IiAiLCJzdHlsZXMiOnsiZm9udC1mYW1pbHkiOiJBcmlhbCIsImNvbG9yIjoiIz"
12:58:42.102 [TestNG-tests-1] DEBUG org.apache.http.wire -  << "MzMzMzMyIsImJhY2stY29sb3IiOiIjZjdmOGZhIn19LHsiY2hhciI6ImYiLCJzdHlsZXMiOnsiZm9udC1mYW1pbHkiOiJBcmlhbCIsImNvbG9yIjoiIzMzMzMzMyIsImJhY2stY29sb3IiOiIjZjdmOGZhIn19LHsiY2hhciI6InIiLCJzdHlsZXMiOnsiZm9udC1mYW1pbHkiOiJBcmlhbCIsImNvbG9yIjoiIzMzMzMzMyIsImJhY2stY29sb3IiOiIjZjdmOGZhIn19LHsiY2hhciI6ImUiLCJzdHlsZXMiOnsiZm9udC1mYW1pbHkiOiJBcmlhbCIsImNvbG9yIjoiIzMzMzMzMyIsImJhY2stY29sb3IiOiIjZjdmOGZhIn19LHsiY2hhciI6ImUiLCJzdHlsZXMiOnsiZm9udC1mYW1pbHkiOiJBcmlhbCIsImNvbG9yIjoiIzMzMzMzMyIsImJhY2stY29sb3IiOiIjZjdmOGZhIn19LHsiY2hhciI6InoiLCJzdHlsZXMiOnsiZm9udC1mYW1pbHkiOiJBcmlhbCIsImNvbG9yIjoiIzMzMzMzMyIsImJhY2stY29sb3IiOiIjZjdmOGZhIn19LHsiY2hhciI6ImUiLCJzdHlsZXMiOnsiZm9udC1mYW1pbHkiOiJBcmlhbCIsImNvbG9yIjoiIzMzMzMzMyIsImJhY2stY29sb3IiOiIjZjdmOGZhIn19LHsiY2hhciI6IiwiLCJzdHlsZXMiOnsiZm9udC1mYW1pbHkiOiJBcmlhbCIsImNvbG9yIjoiIzMzMzMzMyIsImJhY2stY29sb3IiOiIjZjdmOGZhIn19LHsiY2hhciI6IiAiLCJzdHlsZXMiOnsiZm9udC1mYW1pbHkiOiJBcmlhbCIsImNvbG9yIjoiIzMzMzMzMyIsImJhY2stY29sb3IiOiIjZjdmOGZhIn19LHsiY2hhciI6InUiLCJzdHlsZXMiOnsiZm9udC1mYW1pbHkiOiJBcmlhbCIsImNvbG9yIjoiIzMzMzMzMyIsImJhY2stY29sb3IiOiIjZjdmOGZhIn19LHsiY2hhciI6Im4iLCJzdHlsZXMiOnsiZm9udC1mYW1pbHkiOiJBcmlhbCIsImNvbG9yIjoiIzMzMzMzMyIsImJhY2stY29sb3IiOiIjZjdmOGZhIn19LHsiY2hhciI6ImYiLCJzdHlsZXMiOnsiZm9udC1mYW1pbHkiOiJBcmlhbCIsImNvbG9yIjoiIzMzMzMzMyIsImJhY2stY29sb3IiOiIjZjdmOGZhIn19LHsiY2hhciI6InIiLCJzdHlsZXMiOnsiZm9udC1"
12:58:42.102 [TestNG-tests-1] DEBUG org.apache.http.wire -  << "mYW1pbHkiOiJBcmlhbCIsImNvbG9yIjoiIzMzMzMzMyIsImJhY2stY29sb3IiOiIjZjdmOGZhIn19LHsiY2hhciI6ImUiLCJzdHlsZXMiOnsiZm9udC1mYW1pbHkiOiJBcmlhbCIsImNvbG9yIjoiIzMzMzMzMyIsImJhY2stY29sb3IiOiIjZjdmOGZhIn19LHsiY2hhciI6ImUiLCJzdHlsZXMiOnsiZm9udC1mYW1pbHkiOiJBcmlhbCIsImNvbG9yIjoiIzMzMzMzMyIsImJhY2stY29sb3IiOiIjZjdmOGZhIn19LHsiY2hhciI6InoiLCJzdHlsZXMiOnsiZm9udC1mYW1pbHkiOiJBcmlhbCIsImNvbG9yIjoiIzMzMzMzMyIsImJhY2stY29sb3IiOiIjZjdmOGZhIn19LHsiY2hhciI6ImUiLCJzdHlsZXMiOnsiZm9udC1mYW1pbHkiOiJBcmlhbCIsImNvbG9yIjoiIzMzMzMzMyIsImJhY2stY29sb3IiOiIjZjdmOGZhIn19LHsiY2hhciI6IiwiLCJzdHlsZXMiOnsiZm9udC1mYW1pbHkiOiJBcmlhbCIsImNvbG9yIjoiIzMzMzMzMyIsImJhY2stY29sb3IiOiIjZjdmOGZhIn19LHsiY2hhciI6IiAiLCJzdHlsZXMiOnsiZm9udC1mYW1pbHkiOiJBcmlhbCIsImNvbG9yIjoiIzMzMzMzMyIsImJhY2stY29sb3IiOiIjZjdmOGZhIn19LHsiY2hhciI6InYiLCJzdHlsZXMiOnsiZm9udC1mYW1pbHkiOiJBcmlhbCIsImNvbG9yIjoiIzMzMzMzMyIsImJhY2stY29sb3IiOiIjZjdmOGZhIn19LHsiY2hhciI6Im8iLCJzdHlsZXMiOnsiZm9udC1mYW1pbHkiOiJBcmlhbCIsImNvbG9yIjoiIzMzMzMzMyIsImJhY2stY29sb3IiOiIjZjdmOGZhIn19LHsiY2hhciI6InQiLCJzdHlsZXMiOnsiZm9udC1mYW1pbHkiOiJBcmlhbCIsImNvbG9yIjoiIzMzMzMzMyIsImJhY2stY29sb3IiOiIjZjdmOGZhIn19LHsiY2hhciI6ImUiLCJzdHlsZXMiOnsiZm9udC1mYW1pbHkiOiJBcmlhbCIsImNvbG9yIjoiIzMzMzMzMyIsImJhY2stY29sb3IiOiIjZjdmOGZhIn19LHsiY2hhciI6IiwiLCJzdHlsZXMiOnsiZm9udC1mYW1pbHkiOiJBcmlhbCIsImNvbG9yIjoiIzMzMzMzMyIsImJhY2stY29sb3IiOiIjZjdmOGZhIn19LHsi"
12:58:42.102 [TestNG-tests-1] DEBUG org.apache.http.wire -  << "Y2hhciI6IiAiLCJzdHlsZXMiOnsiZm9udC1mYW1pbHkiOiJBcmlhbCIsImNvbG9yIjoiIzMzMzMzMyIsImJhY2stY29sb3IiOiIjZjdmOGZhIn19LHsiY2hhciI6ImMiLCJzdHlsZXMiOnsiZm9udC1mYW1pbHkiOiJBcmlhbCIsImNvbG9yIjoiIzMzMzMzMyIsImJhY2stY29sb3IiOiIjZjdmOGZhIn19LHsiY2hhciI6ImgiLCJzdHlsZXMiOnsiZm9udC1mYW1pbHkiOiJBcmlhbCIsImNvbG9yIjoiIzMzMzMzMyIsImJhY2stY29sb3IiOiIjZjdmOGZhIn19LHsiY2hhciI6ImEiLCJzdHlsZXMiOnsiZm9udC1mYW1pbHkiOiJBcmlhbCIsImNvbG9yIjoiIzMzMzMzMyIsImJhY2stY29sb3IiOiIjZjdmOGZhIn19LHsiY2hhciI6Im4iLCJzdHlsZXMiOnsiZm9udC1mYW1pbHkiOiJBcmlhbCIsImNvbG9yIjoiIzMzMzMzMyIsImJhY2stY29sb3IiOiIjZjdmOGZhIn19LHsiY2hhciI6ImciLCJzdHlsZXMiOnsiZm9udC1mYW1pbHkiOiJBcmlhbCIsImNvbG9yIjoiIzMzMzMzMyIsImJhY2stY29sb3IiOiIjZjdmOGZhIn19LHsiY2hhciI6ImUiLCJzdHlsZXMiOnsiZm9udC1mYW1pbHkiOiJBcmlhbCIsImNvbG9yIjoiIzMzMzMzMyIsImJhY2stY29sb3IiOiIjZjdmOGZhIn19LHsiY2hhciI6IiAiLCJzdHlsZXMiOnsiZm9udC1mYW1pbHkiOiJBcmlhbCIsImNvbG9yIjoiIzMzMzMzMyIsImJhY2stY29sb3IiOiIjZjdmOGZhIn19LHsiY2hhciI6ImEiLCJzdHlsZXMiOnsiZm9udC1mYW1pbHkiOiJBcmlhbCIsImNvbG9yIjoiIzMzMzMzMyIsImJhY2stY29sb3IiOiIjZjdmOGZhIn19LHsiY2hhciI6ImMiLCJzdHlsZXMiOnsiZm9udC1mYW1pbHkiOiJBcmlhbCIsImNvbG9yIjoiIzMzMzMzMyIsImJhY2stY29sb3IiOiIjZjdmOGZhIn19LHsiY2hhciI6ImMiLCJzdHlsZXMiOnsiZm9udC1mYW1pbHkiOiJBcmlhbCIsImNvbG9yIjoiIzMzMzMzMyIsImJhY2stY29sb3IiOiIjZjdmOGZhIn19LHsiY2hhciI6Im8iLCJzdHlsZXMiOnsiZm9udC1mYW1pbHkiOiJBcmlhbCIsImNvbG9yIjoiIzMzMzMzMyIsI"
12:58:42.103 [TestNG-tests-1] DEBUG org.apache.http.wire -  << "mJhY2stY29sb3IiOiIjZjdmOGZhIn19LHsiY2hhciI6InUiLCJzdHlsZXMiOnsiZm9udC1mYW1pbHkiOiJBcmlhbCIsImNvbG9yIjoiIzMzMzMzMyIsImJhY2stY29sb3IiOiIjZjdmOGZhIn19LHsiY2hhciI6Im4iLCJzdHlsZXMiOnsiZm9udC1mYW1pbHkiOiJBcmlhbCIsImNvbG9yIjoiIzMzMzMzMyIsImJhY2stY29sb3IiOiIjZjdmOGZhIn19LHsiY2hhciI6InQiLCJzdHlsZXMiOnsiZm9udC1mYW1pbHkiOiJBcmlhbCIsImNvbG9yIjoiIzMzMzMzMyIsImJhY2stY29sb3IiOiIjZjdmOGZhIn19LHsiY2hhciI6IiAiLCJzdHlsZXMiOnsiZm9udC1mYW1pbHkiOiJBcmlhbCIsImNvbG9yIjoiIzMzMzMzMyIsImJhY2stY29sb3IiOiIjZjdmOGZhIn19LHsiY2hhciI6Im4iLCJzdHlsZXMiOnsiZm9udC1mYW1pbHkiOiJBcmlhbCIsImNvbG9yIjoiIzMzMzMzMyIsImJhY2stY29sb3IiOiIjZjdmOGZhIn19LHsiY2hhciI6ImEiLCJzdHlsZXMiOnsiZm9udC1mYW1pbHkiOiJBcmlhbCIsImNvbG9yIjoiIzMzMzMzMyIsImJhY2stY29sb3IiOiIjZjdmOGZhIn19LHsiY2hhciI6Im0iLCJzdHlsZXMiOnsiZm9udC1mYW1pbHkiOiJBcmlhbCIsImNvbG9yIjoiIzMzMzMzMyIsImJhY2stY29sb3IiOiIjZjdmOGZhIn19LHsiY2hhciI6ImUiLCJzdHlsZXMiOnsiZm9udC1mYW1pbHkiOiJBcmlhbCIsImNvbG9yIjoiIzMzMzMzMyIsImJhY2stY29sb3IiOiIjZjdmOGZhIn19LHsiY2hhciI6IiwiLCJzdHlsZXMiOnsiZm9udC1mYW1pbHkiOiJBcmlhbCIsImNvbG9yIjoiIzMzMzMzMyIsImJhY2stY29sb3IiOiIjZjdmOGZhIn19LHsiY2hhciI6IiAiLCJzdHlsZXMiOnsiZm9udC1mYW1pbHkiOiJBcmlhbCIsImNvbG9yIjoiIzMzMzMzMyIsImJhY2stY29sb3IiOiIjZjdmOGZhIn19LHsiY2hhciI6IlQiLCJzdHlsZXMiOnsiZm9udC1mYW1pbHkiOiJBcmlhbCIsImNvbG9yIjoiIzMzMzMzMyIsImJhY2stY29sb3IiOiIjZjdmOGZhIn19LHsiY2hhciI6IlIiLCJzdHlsZXMiOnsiZm9udC1mYW1pbHkiOi"
12:58:42.103 [TestNG-tests-1] DEBUG org.apache.http.wire -  << "JBcmlhbCIsImNvbG9yIjoiIzMzMzMzMyIsImJhY2stY29sb3IiOiIjZjdmOGZhIn19LHsiY2hhciI6IkMiLCJzdHlsZXMiOnsiZm9udC1mYW1pbHkiOiJBcmlhbCIsImNvbG9yIjoiIzMzMzMzMyIsImJhY2stY29sb3IiOiIjZjdmOGZhIn19LHsiY2hhciI6IjEiLCJzdHlsZXMiOnsiZm9udC1mYW1pbHkiOiJBcmlhbCIsImNvbG9yIjoiIzMzMzMzMyIsImJhY2stY29sb3IiOiIjZjdmOGZhIn19LHsiY2hhciI6IjAiLCJzdHlsZXMiOnsiZm9udC1mYW1pbHkiOiJBcmlhbCIsImNvbG9yIjoiIzMzMzMzMyIsImJhY2stY29sb3IiOiIjZjdmOGZhIn19LHsiY2hhciI6IiAiLCJzdHlsZXMiOnsiZm9udC1mYW1pbHkiOiJBcmlhbCIsImNvbG9yIjoiIzMzMzMzMyIsImJhY2stY29sb3IiOiIjZjdmOGZhIn19LHsiY2hhciI6InAiLCJzdHlsZXMiOnsiZm9udC1mYW1pbHkiOiJBcmlhbCIsImNvbG9yIjoiIzMzMzMzMyIsImJhY2stY29sb3IiOiIjZjdmOGZhIn19LHsiY2hhciI6ImEiLCJzdHlsZXMiOnsiZm9udC1mYW1pbHkiOiJBcmlhbCIsImNvbG9yIjoiIzMzMzMzMyIsImJhY2stY29sb3IiOiIjZjdmOGZhIn19LHsiY2hhciI6InIiLCJzdHlsZXMiOnsiZm9udC1mYW1pbHkiOiJBcmlhbCIsImNvbG9yIjoiIzMzMzMzMyIsImJhY2stY29sb3IiOiIjZjdmOGZhIn19LHsiY2hhciI6InQiLCJzdHlsZXMiOnsiZm9udC1mYW1pbHkiOiJBcmlhbCIsImNvbG9yIjoiIzMzMzMzMyIsImJhY2stY29sb3IiOiIjZjdmOGZhIn19LHsiY2hhciI6ImkiLCJzdHlsZXMiOnsiZm9udC1mYW1pbHkiOiJBcmlhbCIsImNvbG9yIjoiIzMzMzMzMyIsImJhY2stY29sb3IiOiIjZjdmOGZhIn19LHsiY2hhciI6ImMiLCJzdHlsZXMiOnsiZm9udC1mYW1pbHkiOiJBcmlhbCIsImNvbG9yIjoiIzMzMzMzMyIsImJhY2stY29sb3IiOiIjZjdmOGZhIn19LHsiY2hhciI6ImkiLCJzdHlsZXMiOnsiZm9udC1mYW1pbHkiOiJBcmlhbCIsImNvbG9yIjoiIzMzMzMzMyIsImJhY2stY29sb3IiOiIjZjdmOGZhIn19LHsiY2hhciI6InAiLCJzdHlsZXMiOnsiZm9udC1mYW1pbHkiOiJBcmlhbCIsImNvbG9yIjoiIzMzMzMzMyIsImJhY2stY29sb3IiOiIjZjdmOGZhIn19LHsiY2hhciI6ImEiLCJzdHlsZXMiOnsiZm9udC1mYW1pbHkiOiJBcmlhbCIsImNvbG9yIjoiIzMzMzMzMyIsImJhY2stY29sb3IiOiIjZjdmOGZhIn19LHsiY2hhciI6InQiLCJzdHlsZXMiOnsiZm9udC1mYW1pbHkiOiJBcmlhbCIsImNvbG9yIjoiIzMzMzMzMyIsImJhY2stY29sb3IiOiIjZjdmOGZhIn19LHsiY2hhciI6ImkiLCJzdHlsZXMiOnsiZm9udC1mYW1pbHkiOiJBcmlhbCIsImNvbG9yIjoiIzMzMzMzMyIsImJhY2stY29sb3IiOiIjZjdmOGZhIn19LHsiY2hhciI6Im8iLCJzdHlsZXMiOnsiZm9udC1mYW1pbHkiOiJBcmlhbCIsImNvbG9yIjoiIzMzMzMzMyIsImJhY2stY29sb3IiOiIjZjdmOGZhIn19LHsiY2hhciI6Im4iLCJzdHlsZXMiOnsiZm9udC1mYW1pbHkiOiJBcmlhbCIsImNvbG9yIjoiIzMzMzMzMyIsImJhY2stY29sb3IiOiIjZjdmOGZhIn19LHsiY2hhciI6IiAiLCJzdHlsZXMiOnsiZm9udC1mYW1pbHkiOiJBcmlhbCIsImNvbG9yIjoiIzMzMzMzMyIsImJhY2stY29sb3IiOiIjZjdmOGZhIn19LHsiY2hhciI6ImYiLCJzdHlsZXMiOnsiZm9udC1mYW1pbHkiOiJBcmlhbCIsImNvbG9yIjoiIzMzMzMzMyIsImJhY2stY29sb3IiOiIjZjdmOGZhIn19LHsiY2hhciI6InUiLCJzdHlsZXMiOnsiZm9udC1mYW1pbHkiOiJBcmlhbCIsImNvbG9yIjoiIzMzMzMzMyIsImJhY2stY29sb3IiOiIjZjdmOGZhIn19LHsiY2hhciI6Im4iLCJzdHlsZXMiOnsiZm9udC1mYW1pbHkiOiJBcmlhbCIsImNvbG9yIjoiIzMzMzMzMyIsImJhY2stY29sb3IiOiIjZjdmOGZhIn19LHsiY2hhciI6ImMiLCJzdHlsZXMiOnsiZm9udC1mYW1pbHkiOiJBcmlhbCIsImNvbG9yIjoiIzMzMzMzMyIsImJhY2stY29sb3IiOiIjZjdmOGZhIn19LHsiY2hhciI6InQiLCJzdHlsZXMiOnsiZm9udC1mYW1pbHkiOiJBcmlhbCIsImNvbG9yIjoiIzMzMzMzMyIsImJhY2stY29s"
12:58:42.103 [TestNG-tests-1] DEBUG org.apache.http.wire -  << "b3IiOiIjZjdmOGZhIn19LHsiY2hhciI6ImkiLCJzdHlsZXMiOnsiZm9udC1mYW1pbHkiOiJBcmlhbCIsImNvbG9yIjoiIzMzMzMzMyIsImJhY2stY29sb3IiOiIjZjdmOGZhIn19LHsiY2hhciI6Im8iLCJzdHlsZXMiOnsiZm9udC1mYW1pbHkiOiJBcmlhbCIsImNvbG9yIjoiIzMzMzMzMyIsImJhY2stY29sb3IiOiIjZjdmOGZhIn19LHsiY2hhciI6Im4iLCJzdHlsZXMiOnsiZm9udC1mYW1pbHkiOiJBcmlhbCIsImNvbG9yIjoiIzMzMzMzMyIsImJhY2stY29sb3IiOiIjZjdmOGZhIn19LHsiY2hhciI6Ii4iLCJzdHlsZXMiOnsiZm9udC1mYW1pbHkiOiJBcmlhbCIsImNvbG9yIjoiIzMzMzMzMyIsImJhY2stY29sb3IiOiIjZjdmOGZhIn19XSwiaXNSaWNoVGV4dCI6dHJ1ZSwia2VlcExpbmVCcmVhayI6dHJ1ZX19LHsiYmxvY2tJZCI6IjE2MTItMTU0NzcyODk5ODgyOCIsImJsb2NrVHlwZSI6InBhcmFncmFwaCIsInN0eWxlcyI6eyJhbGlnbiI6ImxlZnQiLCJpbmRlbnQiOjAsInRleHQtaW5kZW50IjowLCJsaW5lLWhlaWdodCI6MS43NX0sInR5cGUiOiJwYXJhZ3JhcGgiLCJyaWNoVGV4dCI6eyJkYXRhIjpbeyJjaGFyIjoiNSJ9LHsiY2hhciI6Ii4ifSx7ImNoYXIiOiJUIn0seyJjaGFyIjoiciJ9LHsiY2hhciI6Im8ifSx7ImNoYXIiOiJuIn0seyJjaGFyIjoicyJ9LHsiY2hhciI6ImMifSx7ImNoYXIiOiJhIn0seyJjaGFyIjoibiJ9LHsiY2hhciI6IiAifSx7ImNoYXIiOiJBIn0seyJjaGFyIjoiUCJ9LHsiY2hhciI6IkkifSx7ImNoYXIiOiLigJMifSx7ImNoYXIiOiIgIn0seyJjaGFyIjoiSiJ9LHsiY2hhciI6ImEifSx7ImNoYXIiOiJuIn0seyJjaGFyIjoidSJ9LHsiY2hhciI6ImEifSx7ImNoYXIiOiJyIn0seyJjaGFyIjoieSJ9LHsiY2hhciI6IiAifSx7ImNoYXIiOiIyIn0seyJjaGFyIjoiMCJ9XSwiaXNSaWNoVGV4dCI6dHJ1ZSwia2VlcExpbmVCcmVhayI6dHJ1ZX19LHsiYmxvY2tJZCI6Ijk1NTctMTU0NzcyODk5ODgyOCIsImJsb2NrVHlwZSI6InBhcmFncmFwaCIsInN0eWxlcyI6eyJhbGlnbiI6ImxlZnQiLCJpbmRlbnQiOjAsInRleHQtaW5kZW50IjowLCJsaW5lLWhlaWdodCI6MS43NX0sInR5cGUiOiJwYXJhZ3JhcGgiLCJyaWNoVGV4dCI6eyJkYXRhIjpbeyJjaGFyIjoiwqAifV0sImlzUmljaFRleHQiOnRydWUsImtlZXBMaW5lQnJlYWsiOnRydWV9fSx7ImJsb2NrSWQiOiI0MTMzLTE1NDc3Mjg5OTg4MjgiLCJibG9ja1R5cGUiOiJwYXJhZ3JhcGgiLCJzdHlsZXMiOnsiYWxpZ24iOiJsZWZ0IiwiaW5kZW50IjowLCJ0ZXh0LWluZGVudCI6MCwibGluZS1oZWlnaHQiOjEuNzV9LCJ0eXBlIjoicGFyYWdyYXBoIiwicmljaFRleHQiOnsiZGF0YSI6W3siY2hhciI6IlQifSx7ImNoYXIiOiJoIn0seyJjaGFyIjoiYSJ9LHsiY2hhciI6Im4ifSx7ImNoYXIiOiJrIn0seyJjaGFyIjoicyJ9LHsiY2hhciI6IiAifSx7ImNoYXIiOiJmIn0seyJjaGFyIjoibyJ9LHsiY2hhciI6InIifSx7ImNoYXIiOiIgIn0seyJjaGFyIjoicyJ9LHsiY2hhciI6InUifSx7ImNoYXIiOiJwIn0seyJjaGFyIjoicCJ9LHsiY2hhciI6Im8ifSx7ImNoYXIiOiJyIn0seyJjaGFyIjoidCJ9LHsiY2hhciI6ImkifSx7ImNoYXIiOiJuIn0seyJjaGFyIjoiZyJ9LHsiY2hhciI6IiAifSx7ImNoYXIiOiJUIn0seyJjaGFyIjoiciJ9LHsiY2hhciI6Im8ifSx7ImNoYXIiOiJuIn0seyJjaGFyIjoicyJ9LHsiY2hhciI6ImMifSx7ImNoYXIiOiJhIn0seyJjaGFyIjoibiJ9LHsiY2hhciI6IiEifV0sImlzUmljaFRleHQiOnRydWUsImtlZXBMaW5lQnJlYWsiOnRydWV9fSx7ImJsb2NrSWQiOiIzNzM5LTE1NDc3Mjg5OTg4MjgiLCJibG9ja1R5cGUiOiJwYXJhZ3JhcGgiLCJzdHlsZXMiOnsiYWxpZ24iOiJsZWZ0IiwiaW5kZW50IjowLCJ0ZXh0LWluZGVudCI6MCwibGluZS1oZWlnaHQiOjEuNzV9LCJ0eXBlIjoicGFyYWdyYXBoIiwicmljaFRleHQiOnsiZGF0YSI6W3siY2hhciI6IlQifSx7ImNoYXIiOiJyIn0seyJjaGFyIjoibyJ9LHsiY2hhciI6Im4ifSx7ImNoYXIiOiJzIn0seyJjaGFyIjoiYyJ9LH"
12:58:42.103 [TestNG-tests-1] DEBUG org.apache.http.wire -  << "siY2hhciI6ImEifSx7ImNoYXIiOiJuIn0seyJjaGFyIjoiICJ9LHsiY2hhciI6IlQifSx7ImNoYXIiOiJlIn0seyJjaGFyIjoiYSJ9LHsiY2hhciI6Im0ifV0sImlzUmljaFRleHQiOnRydWUsImtlZXBMaW5lQnJlYWsiOnRydWV9fSx7ImJsb2NrSWQiOiIxODcwLTE1NDc3Mjg5OTg4MjgiLCJibG9ja1R5cGUiOiJwYXJhZ3JhcGgiLCJzdHlsZXMiOnsiYWxpZ24iOiJsZWZ0IiwiaW5kZW50IjowLCJ0ZXh0LWluZGVudCI6MCwibGluZS1oZWlnaHQiOjEuNzV9LCJ0eXBlIjoicGFyYWdyYXBoIiwicmljaFRleHQiOnsiZGF0YSI6W3siY2hhciI6IkoifSx7ImNoYXIiOiJhIn0seyJjaGFyIjoibiJ9LHsiY2hhciI6InUifSx7ImNoYXIiOiJhIn0seyJjaGFyIjoiciJ9LHsiY2hhciI6InkifSx7ImNoYXIiOiIgIn0seyJjaGFyIjoiMSJ9LHsiY2hhciI6IjQifSx7ImNoYXIiOiIsIn0seyJjaGFyIjoiICJ9LHsiY2hhciI6IjIifSx7ImNoYXIiOiIwIn0seyJjaGFyIjoiMSJ9LHsiY2hhciI6IjkifV0sImlzUmljaFRleHQiOnRydWUsImtlZXBMaW5lQnJlYWsiOnRydWV9fV0=--></p>","contextCN":"<div>\n<div>[0xe4][0xba][0xb2][0xe7][0x88][0xb1][0xe7][0x9a][0x84][0xe7][0x94][0xa8][0xe6][0x88][0xb7]</div>\n<div>&nbsp;</div>\n<div>[0xe5][0xaf][0xb9][0xe4][0xba][0x8e][0xe8][0xbf][0x91][0xe6][0x9c][0x9f][0xe5][0x8f][0x8d][0xe9][0xa6][0x88][0xe8][0xbe][0x83][0xe5][0xa4][0x9a][0xe7][0x9a][0x84][0xe9][0x97][0xae][0xe9][0xa2][0x98][0xef][0xbc][0x8c][0xe5][0x9b][0xa2][0xe9][0x98][0x9f][0xe6][0xad][0xa3][0xe5][0x9c][0xa8][0xe5][0x85][0xa8][0xe5][0x8a][0x9b][0xe4][0xbf][0xae][0xe5][0xa4][0x8d][0xef][0xbc][0x8c][0xe9][0x97][0xae][0xe9][0xa2][0x98][0xe4][0xbf][0xae][0xe5][0xa4][0x8d][0xe6][0x97][0xb6][0xe9][0x97][0xb4][0xe5][0xa6][0x82][0xe4][0xb8][0x8b][0xe3][0x80][0x82]</div>\n<div>&nbsp;</div>\n<div>1.Tronlink TRC10[0xe8][0xbd][0xac][0xe8][0xb4][0xa6][0xe9][0x97][0xae][0xe9][0xa2][0x98] ---[0xe5][0xb7][0xb2][0xe6][0x94][0xaf][0xe6][0x8c][0x81]</div>\n<div>2.TRC20[0xe6][0x95][0xb0][0xe6][0x8d][0xae][0xe9][0x97][0xae][0xe9][0xa2][0x98] ---1[0xe6][0x9c][0x88]24[0xe6][0x97][0xa5]</div>\n<div>3.[0xe6][0x94][0xaf][0xe6][0x8c][0x81][0xe6][0x9f][0xa5][0xe7][0x9c][0x8b]TRC20[0xe8][0xbd][0xac][0xe8][0xb4][0xa6][0xe8][0xaf][0xa6][0xe6][0x83][0x85] ---1[0xe6][0x9c][0x88]24[0xe6][0x97][0xa5]</div>\n<div>4. Ledger[0xe9][0x97][0xae][0xe9][0xa2][0x98] --- [0xe5][0xb7][0xb2][0xe6][0x94][0xaf][0xe6][0x8c][0x81],[0xe6][0x94][0xaf][0xe6][0x8c][0x81][0xe7][0x89][0x88][0xe6][0x9c][0xac]Ledger Nano S</div>\n<div>ledger[0xe7][0x9b][0xae][0xe5][0x89][0x8d][0xe5][0xb7][0xb2][0xe6][0x94][0xaf][0xe6][0x8c][0x81][0xe8][0xbd][0xac][0xe8][0xb4][0xa6]T"
12:58:42.103 [TestNG-tests-1] DEBUG org.apache.http.wire -  << "[\r][\n]"
12:58:42.103 [TestNG-tests-1] DEBUG org.apache.http.wire -  << "7913[\r][\n]"
12:58:42.103 [TestNG-tests-1] DEBUG org.apache.http.wire -  << "RX[0xe5][0x92][0x8c]token-trc10[0xef][0xbc][0x8c] [0xe5][0x86][0xbb][0xe7][0xbb][0x93][0xef][0xbc][0x8c][0xe8][0xa7][0xa3][0xe5][0x86][0xbb][0xef][0xbc][0x8c][0xe6][0x8a][0x95][0xe7][0xa5][0xa8][0xef][0xbc][0x8c][0xe4][0xbf][0xae][0xe6][0x94][0xb9][0xe8][0xb4][0xa6][0xe6][0x88][0xb7][0xe5][0x90][0x8d][0xe7][0xa7][0xb0][0xef][0xbc][0x8c]token [0xe5][0x8f][0x82][0xe4][0xb8][0x8e][0xe5][0x8a][0x9f][0xe8][0x83][0xbd][0xe3][0x80][0x82]</div>\n<div>5.tronscan API[0xe9][0x97][0xae][0xe9][0xa2][0x98] ---[0xe5][0xb7][0xb2][0xe6][0x94][0xaf][0xe6][0x8c][0x81]</div>\n<div>&nbsp;</div>\n<div>[0xe6][0x84][0x9f][0xe8][0xb0][0xa2][0xe6][0x82][0xa8][0xe5][0xaf][0xb9]tronscan[0xe7][0x9a][0x84][0xe6][0x94][0xaf][0xe6][0x8c][0x81][0xef][0xbc][0x81]</div>\n<div>tronscan[0xe5][0x9b][0xa2][0xe9][0x98][0x9f]</div>\n<div>2019[0xe5][0xb9][0xb4]1[0xe6][0x9c][0x88]14[0xe6][0x97][0xa5]</div>\n<!--5f39ae17-8c62-4a45-bc43-b32064c9388a:W3siYmxvY2tJZCI6Ijg5ODQtMTU0NzcyOTAzMzQ4OSIsImJsb2NrVHlwZSI6InBhcmFncmFwaCIsInN0eWxlcyI6eyJhbGlnbiI6ImxlZnQiLCJpbmRlbnQiOjAsInRleHQtaW5kZW50IjowLCJsaW5lLWhlaWdodCI6MS43NX0sInR5cGUiOiJwYXJhZ3JhcGgiLCJyaWNoVGV4dCI6eyJkYXRhIjpbeyJjaGFyIjoi5LqyIn0seyJjaGFyIjoi54ixIn0seyJjaGFyIjoi55qEIn0seyJjaGFyIjoi55SoIn0seyJjaGFyIjoi5oi3In1dLCJpc1JpY2hUZXh0Ijp0cnVlLCJrZWVwTGluZUJyZWFrIjp0cnVlfX0seyJibG9ja0lkIjoiODQ4Ny0xNTQ3NzI5MDM0MDkwIiwiYmxvY2tUeXBlIjoicGFyYWdyYXBoIiwic3R5bGVzIjp7ImFsaWduIjoibGVmdCIsImluZGVudCI6MCwidGV4dC1pbmRlbnQiOjAsImxpbmUtaGVpZ2h0IjoxLjc1fSwidHlwZSI6InBhcmFncmFwaCIsInJpY2hUZXh0Ijp7ImRhdGEiOlt7ImNoYXIiOiLCoCJ9XSwiaXNSaWNoVGV4dCI6dHJ1ZSwia2VlcExpbmVCcmVhayI6dHJ1ZX19LHsiYmxvY2tJZCI6Ijc5MjAtMTU0NzcyOTAzNDA5MCIsImJsb2NrVHlwZSI6InBhcmFncmFwaCIsInN0eWxlcyI6eyJhbGlnbiI6ImxlZnQiLCJpbmRlbnQiOjAsInRleHQtaW5kZW50IjowLCJsaW5lLWhlaWdodCI6MS43NX0sInR5cGUiOiJwYXJhZ3JhcGgiLCJyaWNoVGV4dCI6eyJkYXRhIjpbeyJjaGFyIjoi5a+5In0seyJjaGFyIjoi5LqOIn0seyJjaGFyIjoi6L+RIn0seyJjaGFyIjoi5pyfIn0seyJjaGFyIjoi5Y+NIn0seyJjaGFyIjoi6aaIIn0seyJjaGFyIjoi6L6DIn0seyJjaGFyIjoi5aSaIn0seyJjaGFyIjoi55qEIn0seyJjaGFyIjoi6ZeuIn0seyJjaGFyIjoi6aKYIn0seyJjaGFyIjoi77yMIn0seyJjaGFyIjoi5ZuiIn0seyJjaGFyIjoi6ZifIn0seyJjaGFyIjoi5q2jIn0seyJjaGFyIjoi5ZyoIn0seyJjaGFyIjoi5YWoIn0seyJjaGFyIjoi5YqbIn0seyJjaGFyIjoi5L+uIn0seyJjaGFyIjoi5aSNIn0seyJjaGFyIjoi77yMIn0seyJjaGFyIjoi6ZeuIn0seyJjaGFyIjoi6aKYIn0seyJjaGFyIjoi5L+uIn0seyJjaGFyIjoi5aSNIn0seyJjaGFyIjoi5pe2In0seyJjaGFyIjoi6Ze0In0seyJjaGFyIjoi5aaCIn0seyJjaGFyIjoi5LiLIn0seyJjaGFyIjoi44CCIn1dLCJpc1JpY2hUZXh0Ijp0cnVlLCJrZWVwTGluZUJyZWFrIjp0cnVlfX0seyJibG9ja0lkIjoiNjU1MC0xNTQ3NzI5MDM0MDkwIiwiYmxvY2tUeXBlIjoicGFyYWdyYXBoIiwic3R5bGVzIjp7ImFsaWduIjoibGVmdCIsImluZGVudCI6MCwidGV4dC1pbmRlbnQiOjAsImxpbmUtaGVpZ2h0IjoxLjc1fSwidHlwZSI6InBhcmFncmFwaCIsInJpY2hUZXh0Ijp7ImRhdGEiOlt7ImNoYXIiOiLCoCJ9XSwiaXNSaWNoVGV4dCI6dHJ1ZSwia2VlcExpbmVCcmVhayI6dHJ1ZX19LHsiYmxvY2tJZCI6Ijk5ODEtMTU0NzcyOTAzNDA5MCIsImJsb2NrVHlwZSI6InBhcmFncmFwaCIsInN0eWxlcyI6eyJhbGlnbiI6ImxlZnQiLCJpbmRlbnQiOjAsInRleHQtaW5kZW50IjowLCJsaW5lLWhlaWdodCI6MS43NX0sInR5cGUiOiJwYXJhZ3JhcGgiLCJyaWNoVGV4dCI6eyJkYXRhIjpbeyJjaGFyIjoiMSJ9LHsiY2hhciI6Ii4ifSx7ImNoYXIiOiJUIn0seyJjaGFyIjoiciJ9LHsiY2hhciI6Im8ifSx7ImNoYXIiOiJuIn0seyJjaGFyIjoibCJ9LHsiY2hhciI6ImkifSx7ImNoYXIiOiJuIn0seyJjaGFyIjoiayJ9LHsiY2hhciI6IiAifSx7ImNoYXIiOiJUIn0seyJjaGFyIjoiUiJ9LHsiY2hhciI6IkMifSx7ImNoYXIiOiIxIn0seyJjaGFyIjoiMCJ9LHsiY2hhciI6Iui9rCJ9LHsiY2hhciI6Iui0piJ9LHsiY2hhciI6IumXriJ9LHsiY2hhciI6IumimCJ9LHsiY2hhciI6IiAifSx7ImNoYXIiOiItIn0seyJjaGFyIjoiLSJ9LHsiY2hhciI6Ii0ifSx7ImNoYXIiOiLlvoUifSx7ImNoYXIiOiJjIn0seyJjaGFyIjoiaCJ9LHsiY2hhciI6In"
12:58:42.103 [TestNG-tests-1] DEBUG org.apache.http.wire -  << "IifSx7ImNoYXIiOiJvIn0seyJjaGFyIjoibSJ9LHsiY2hhciI6ImUifSx7ImNoYXIiOiLllYYifSx7ImNoYXIiOiLlupcifSx7ImNoYXIiOiLlrqEifSx7ImNoYXIiOiLmoLgifSx7ImNoYXIiOiLpgJoifSx7ImNoYXIiOiLov4cifSx7ImNoYXIiOiLmnIAifSx7ImNoYXIiOiLmlrAifSx7ImNoYXIiOiLniYgifSx7ImNoYXIiOiLmnKwifV0sImlzUmljaFRleHQiOnRydWUsImtlZXBMaW5lQnJlYWsiOnRydWV9fSx7ImJsb2NrSWQiOiI0MDY1LTE1NDc3MjkwMzQwOTAiLCJibG9ja1R5cGUiOiJwYXJhZ3JhcGgiLCJzdHlsZXMiOnsiYWxpZ24iOiJsZWZ0IiwiaW5kZW50IjowLCJ0ZXh0LWluZGVudCI6MCwibGluZS1oZWlnaHQiOjEuNzV9LCJ0eXBlIjoicGFyYWdyYXBoIiwicmljaFRleHQiOnsiZGF0YSI6W3siY2hhciI6IjIifSx7ImNoYXIiOiIuIn0seyJjaGFyIjoiVCJ9LHsiY2hhciI6IlIifSx7ImNoYXIiOiJDIn0seyJjaGFyIjoiMiJ9LHsiY2hhciI6IjAifSx7ImNoYXIiOiLmlbAifSx7ImNoYXIiOiLmja4ifSx7ImNoYXIiOiLpl64ifSx7ImNoYXIiOiLpopgifSx7ImNoYXIiOiIgIn0seyJjaGFyIjoiLSJ9LHsiY2hhciI6Ii0ifSx7ImNoYXIiOiItIn0seyJjaGFyIjoiMSJ9LHsiY2hhciI6IuaciCJ9LHsiY2hhciI6IjIifSx7ImNoYXIiOiI0In0seyJjaGFyIjoi5pelIn1dLCJpc1JpY2hUZXh0Ijp0cnVlLCJrZWVwTGluZUJyZWFrIjp0cnVlfX0seyJibG9ja0lkIjoiMTE2My0xNTQ3NzI5MDM0MDkwIiwiYmxvY2tUeXBlIjoicGFyYWdyYXBoIiwic3R5bGVzIjp7ImFsaWduIjoibGVmdCIsImluZGVudCI6MCwidGV4dC1pbmRlbnQiOjAsImxpbmUtaGVpZ2h0IjoxLjc1fSwidHlwZSI6InBhcmFncmFwaCIsInJpY2hUZXh0Ijp7ImRhdGEiOlt7ImNoYXIiOiIzIn0seyJjaGFyIjoiLiJ9LHsiY2hhciI6IuaUryJ9LHsiY2hhciI6IuaMgSJ9LHsiY2hhciI6IuafpSJ9LHsiY2hhciI6IueciyJ9LHsiY2hhciI6IlQifSx7ImNoYXIiOiJSIn0seyJjaGFyIjoiQyJ9LHsiY2hhciI6IjIifSx7ImNoYXIiOiIwIn0seyJjaGFyIjoi6L2sIn0seyJjaGFyIjoi6LSmIn0seyJjaGFyIjoi6K+mIn0seyJjaGFyIjoi5oOFIn0seyJjaGFyIjoiICJ9LHsiY2hhciI6Ii0ifSx7ImNoYXIiOiItIn0seyJjaGFyIjoiLSJ9LHsiY2hhciI6IjEifSx7ImNoYXIiOiLmnIgifSx7ImNoYXIiOiIyIn0seyJjaGFyIjoiNCJ9LHsiY2hhciI6IuaXpSJ9XSwiaXNSaWNoVGV4dCI6dHJ1ZSwia2VlcExpbmVCcmVhayI6dHJ1ZX19LHsiYmxvY2tJZCI6IjgxOTYtMTU0NzcyOTAzNDA5MCIsImJsb2NrVHlwZSI6InBhcmFncmFwaCIsInN0eWxlcyI6eyJhbGlnbiI6ImxlZnQiLCJpbmRlbnQiOjAsInRleHQtaW5kZW50IjowLCJsaW5lLWhlaWdodCI6MS43NX0sInR5cGUiOiJwYXJhZ3JhcGgiLCJyaWNoVGV4dCI6eyJkYXRhIjpbeyJjaGFyIjoiNCIsInN0eWxlcyI6eyJjb2xvciI6IiMxOTFmMjUiLCJiYWNrLWNvbG9yIjoiI2ZmZmZmZiJ9fSx7ImNoYXIiOiIuIiwic3R5bGVzIjp7ImNvbG9yIjoiIzE5MWYyNSIsImJhY2stY29sb3IiOiIjZmZmZmZmIn19LHsiY2hhciI6IiAiLCJzdHlsZXMiOnsiY29sb3IiOiIjMTkxZjI1IiwiYmFjay1jb2xvciI6IiNmZmZmZmYifX0seyJjaGFyIjoiTCIsInN0eWxlcyI6eyJjb2xvciI6IiMxOTFmMjUiLCJiYWNrLWNvbG9yIjoiI2ZmZmZmZiJ9fSx7ImNoYXIiOiJlIiwic3R5bGVzIjp7ImNvbG9yIjoiIzE5MWYyNSIsImJhY2stY29sb3IiOiIjZmZmZmZmIn19LHsiY2hhciI6ImQiLCJzdHlsZXMiOnsiY29sb3IiOiIjMTkxZjI1IiwiYmFjay1jb2xvciI6IiNmZmZmZmYifX0seyJjaGFyIjoiZyIsInN0eWxlcyI6eyJjb2xvciI6IiMxOTFmMjUiLCJiYWNrLWNvbG9yIjoiI2ZmZmZmZiJ9fSx7ImNoYXIiOiJlIiwic3R5bGVzIjp7ImNvbG9yIjoiIzE5MWYyNSIsImJhY2stY29sb3IiOiIjZmZmZmZmIn19LHsiY2hhciI6InIiLCJzdHlsZXMiOnsiY29sb3IiOiIjMTkxZjI1IiwiYmFjay1jb2xvciI6IiNmZmZmZmYifX0seyJjaGFyIjoi6ZeuIiwic3R5bGVzIjp7ImNv"
12:58:42.202 [TestNG-tests-1] DEBUG org.apache.http.wire -  << "bG9yIjoiIzE5MWYyNSIsImJhY2stY29sb3IiOiIjZmZmZmZmIn19LHsiY2hhciI6IumimCIsInN0eWxlcyI6eyJjb2xvciI6IiMxOTFmMjUiLCJiYWNrLWNvbG9yIjoiI2ZmZmZmZiJ9fSx7ImNoYXIiOiIgIiwic3R5bGVzIjp7ImNvbG9yIjoiIzE5MWYyNSIsImJhY2stY29sb3IiOiIjZmZmZmZmIn19LHsiY2hhciI6Ii0iLCJzdHlsZXMiOnsiY29sb3IiOiIjMTkxZjI1IiwiYmFjay1jb2xvciI6IiNmZmZmZmYifX0seyJjaGFyIjoiLSIsInN0eWxlcyI6eyJjb2xvciI6IiMxOTFmMjUiLCJiYWNrLWNvbG9yIjoiI2ZmZmZmZiJ9fSx7ImNoYXIiOiItIiwic3R5bGVzIjp7ImNvbG9yIjoiIzE5MWYyNSIsImJhY2stY29sb3IiOiIjZmZmZmZmIn19LHsiY2hhciI6IiAiLCJzdHlsZXMiOnsiY29sb3IiOiIjMTkxZjI1IiwiYmFjay1jb2xvciI6IiNmZmZmZmYifX0seyJjaGFyIjoi5beyIiwic3R5bGVzIjp7ImNvbG9yIjoiIzE5MWYyNSIsImJhY2stY29sb3IiOiIjZmZmZmZmIn19LHsiY2hhciI6IuaUryIsInN0eWxlcyI6eyJjb2xvciI6IiMxOTFmMjUiLCJiYWNrLWNvbG9yIjoiI2ZmZmZmZiJ9fSx7ImNoYXIiOiLmjIEiLCJzdHlsZXMiOnsiY29sb3IiOiIjMTkxZjI1IiwiYmFjay1jb2xvciI6IiNmZmZmZmYifX0seyJjaGFyIjoiLCIsInN0eWxlcyI6eyJjb2xvciI6IiMxOTFmMjUiLCJiYWNrLWNvbG9yIjoiI2ZmZmZmZiJ9fSx7ImNoYXIiOiLmlK8iLCJzdHlsZXMiOnsiY29sb3IiOiIjMTkxZjI1IiwiYmFjay1jb2xvciI6IiNmZmZmZmYifX0seyJjaGFyIjoi5oyBIiwic3R5bGVzIjp7ImNvbG9yIjoiIzE5MWYyNSIsImJhY2stY29sb3IiOiIjZmZmZmZmIn19LHsiY2hhciI6IueJiCIsInN0eWxlcyI6eyJjb2xvciI6IiMxOTFmMjUiLCJiYWNrLWNvbG9yIjoiI2ZmZmZmZiJ9fSx7ImNoYXIiOiLmnKwiLCJzdHlsZXMiOnsiY29sb3IiOiIjMTkxZjI1IiwiYmFjay1jb2xvciI6IiNmZmZmZmYifX0seyJjaGFyIjoiTCIsInN0eWxlcyI6eyJjb2xvciI6IiMxOTFmMjUiLCJiYWNrLWNvbG9yI"
12:58:42.203 [TestNG-tests-1] DEBUG org.apache.http.wire -  << "joiI2ZmZmZmZiJ9fSx7ImNoYXIiOiJlIiwic3R5bGVzIjp7ImNvbG9yIjoiIzE5MWYyNSIsImJhY2stY29sb3IiOiIjZmZmZmZmIn19LHsiY2hhciI6ImQiLCJzdHlsZXMiOnsiY29sb3IiOiIjMTkxZjI1IiwiYmFjay1jb2xvciI6IiNmZmZmZmYifX0seyJjaGFyIjoiZyIsInN0eWxlcyI6eyJjb2xvciI6IiMxOTFmMjUiLCJiYWNrLWNvbG9yIjoiI2ZmZmZmZiJ9fSx7ImNoYXIiOiJlIiwic3R5bGVzIjp7ImNvbG9yIjoiIzE5MWYyNSIsImJhY2stY29sb3IiOiIjZmZmZmZmIn19LHsiY2hhciI6InIiLCJzdHlsZXMiOnsiY29sb3IiOiIjMTkxZjI1IiwiYmFjay1jb2xvciI6IiNmZmZmZmYifX0seyJjaGFyIjoiICIsInN0eWxlcyI6eyJjb2xvciI6IiMxOTFmMjUiLCJiYWNrLWNvbG9yIjoiI2ZmZmZmZiJ9fSx7ImNoYXIiOiJOIiwic3R5bGVzIjp7ImNvbG9yIjoiIzE5MWYyNSIsImJhY2stY29sb3IiOiIjZmZmZmZmIn19LHsiY2hhciI6ImEiLCJzdHlsZXMiOnsiY29sb3IiOiIjMTkxZjI1IiwiYmFjay1jb2xvciI6IiNmZmZmZmYifX0seyJjaGFyIjoibiIsInN0eWxlcyI6eyJjb2xvciI6IiMxOTFmMjUiLCJiYWNrLWNvbG9yIjoiI2ZmZmZmZiJ9fSx7ImNoYXIiOiJvIiwic3R5bGVzIjp7ImNvbG9yIjoiIzE5MWYyNSIsImJhY2stY29sb3IiOiIjZmZmZmZmIn19LHsiY2hhciI6IiAiLCJzdHlsZXMiOnsiY29sb3IiOiIjMTkxZjI1IiwiYmFjay1jb2xvciI6IiNmZmZmZmYifX0seyJjaGFyIjoiUyIsInN0eWxlcyI6eyJjb2xvciI6IiMxOTFmMjUiLCJiYWNrLWNvbG9yIjoiI2ZmZmZmZiJ9fV0sImlzUmljaFRleHQiOnRydWUsImtlZXBMaW5lQnJlYWsiOnRydWV9fSx7ImJsb2NrSWQiOiIxMjI3LTE1NDc3OTgxNjg4NzMiLCJibG9ja1R5cGUiOiJwYXJhZ3JhcGgiLCJzdHlsZXMiOnt9LCJ0eXBlIjoicGFyYWdyYXBoIiwicmljaFRleHQiOnsi"
12:58:42.344 [TestNG-tests-1] DEBUG org.apache.http.wire -  << "ZGF0YSI6W3siY2hhciI6ImwiLCJzdHlsZXMiOnsiY29sb3IiOiIjMTkxZjI1IiwiYmFjay1jb2xvciI6IiNmZmZmZmYifX0seyJjaGFyIjoiZSIsInN0eWxlcyI6eyJjb2xvciI6IiMxOTFmMjUiLCJiYWNrLWNvbG9yIjoiI2ZmZmZmZiJ9fSx7ImNoYXIiOiJkIiwic3R5bGVzIjp7ImNvbG9yIjoiIzE5MWYyNSIsImJhY2stY29sb3IiOiIjZmZmZmZmIn19LHsiY2hhciI6ImciLCJzdHlsZXMiOnsiY29sb3IiOiIjMTkxZjI1IiwiYmFjay1jb2xvciI6IiNmZmZmZmYifX0seyJjaGFyIjoiZSIsInN0eWxlcyI6eyJjb2xvciI6IiMxOTFmMjUiLCJiYWNrLWNvbG9yIjoiI2ZmZmZmZiJ9fSx7ImNoYXIiOiJyIiwic3R5bGVzIjp7ImNvbG9yIjoiIzE5MWYyNSIsImJhY2stY29sb3IiOiIjZmZmZmZmIn19LHsiY2hhciI6IuebriIsInN0eWxlcyI6eyJjb2xvciI6IiMxOTFmMjUiLCJiYWNrLWNvbG9yIjoiI2ZmZmZmZiJ9fSx7ImNoYXIiOiLliY0iLCJzdHlsZXMiOnsiY29sb3IiOiIjMTkxZjI1IiwiYmFjay1jb2xvciI6IiNmZmZmZmYifX0seyJjaGFyIjoi5beyIiwic3R5bGVzIjp7ImNvbG9yIjoiIzE5MWYyNSIsImJhY2stY29sb3IiOiIjZmZmZmZmIn19LHsiY2hhciI6IuaUryIsInN0eWxlcyI6eyJjb2xvciI6IiMxOTFmMjUiLCJiYWNrLWNvbG9yIjoiI2ZmZmZmZiJ9fSx7ImNoYXIiOiLmjIEiLCJzdHlsZXMiOnsiY29sb3IiOiIjMTkxZjI1IiwiYmFjay1jb2xvciI6IiNmZmZmZmYifX0seyJjaGFyIjoi6L2sIiwic3R5bGVzIjp7ImNvbG9yIjoiIzE5MWYyNSIsImJhY2stY29sb3IiOiIjZmZmZmZmIn19LHsiY2hhciI6Iui0piIsInN0eWxlcyI6eyJjb2xvciI6IiMxOTFmMjUiLCJiYWNrLWNvbG9yIjoiI2ZmZmZmZiJ9fSx7ImNoYXIiOiJUIiwic3R5bGVzIjp7ImNvbG9yIjoiIzE5MWYyNSIsImJhY2stY29sb3IiOiIjZmZmZmZmIn19LHsiY2hhciI6IlIiLCJzdHlsZXMiOnsiY29sb3IiOiIjMTkxZjI1IiwiYmFjay1jb2xvciI6IiNmZmZmZmYifX0seyJjaGFyIjoiWCIsInN0eWxlcyI6eyJjb2xvciI6IiMxOTFmMjUiLCJiYWNrLWNvbG9yIjoiI2ZmZmZmZiJ9fSx7ImNoYXIiOiLlkowiLCJzdHlsZXMiOnsiY29sb3IiOiIjMTkxZjI1IiwiYmFjay1jb2xvciI6IiNmZmZmZmYifX0seyJjaGFyIjoidCIsInN0eWxlcyI6eyJjb2xvciI6IiMxOTFmMjUiLCJiYWNrLWNvbG9yIjoiI2ZmZmZmZiJ9fSx7ImNoYXIiOiJvIiwic3R5bGVzIjp7ImNvbG9yIjoiIzE5MWYyNSIsImJhY2stY29sb3IiOiIjZmZmZmZmIn19LHsiY2hhciI6ImsiLCJzdHlsZXMiOnsiY29sb3IiOiIjMTkxZjI1IiwiYmFjay1jb2xvciI6IiNmZmZmZmYifX0seyJjaGFyIjoiZSIsInN0eWxlcyI6eyJjb2xvciI6IiMxOTFmMjUiLCJiYWNrLWNvbG9yIjoiI2ZmZmZmZiJ9fSx7ImNoYXIiOiJuIiwic3R5bGVzIjp7ImNvbG9yIjoiIzE5MWYyNSIsImJhY2stY29sb3IiOiIjZmZmZmZmIn19LHsiY2hhciI6Ii0iLCJzdHlsZXMiOnsiY29sb3IiOiIjMTkxZjI1IiwiYmFjay1jb2xvciI6IiNmZmZmZmYifX0seyJjaGFyIjoidCIsInN0eWxlcyI6eyJjb2xvciI6IiMxOTFmMjUiLCJiYWNrLWNvbG9yIjoiI2ZmZmZmZiJ9fSx7ImNoYXIiOiJyIiwic3R5bGVzIjp7ImNvbG9yIjoiIzE5MWYyNSIsImJhY2stY29sb3IiOiIjZmZmZmZmIn19LHsiY2hhciI6ImMiLCJzdHlsZXMiOnsiY29sb3IiOiIjMTkxZjI1IiwiYmFjay1jb2xvciI6IiNmZmZmZmYifX0seyJjaGFyIjoiMSIsInN0eWxlcyI6eyJjb2xvciI6IiMxOTFmMjUiLCJiYWNrLWNvbG9yIjoiI2ZmZmZmZiJ9fSx7ImNoYXIiOiIwIiwic3R5bGVzIjp7ImNvbG9yIjoiIzE5MWYyNSIsImJhY2stY29sb3IiOiIjZmZmZmZmIn19LHsiY2hhciI6Iu+8jCIsInN0eWxlcyI6eyJjb2xvciI6IiMxOTFmMjUiLCJiYWNrLWNvbG9yIjoiI2ZmZmZmZiJ9fSx7ImNoYXIiOiIgIiwic3R5bGVzIjp7ImNvbG9yIjoiIzE5MWYyNSIsImJhY2stY29sb3IiOiIjZmZmZmZmIn19LHsiY2hhciI6IuWGuyIsInN0eWxlcyI6eyJjb2xvciI6IiMxOTFmMjUiLCJiYWNrLWNvbG9yIjoiI2ZmZm"
12:58:42.348 [TestNG-tests-1] DEBUG org.apache.http.wire -  << "ZmZiJ9fSx7ImNoYXIiOiLnu5MiLCJzdHlsZXMiOnsiY29sb3IiOiIjMTkxZjI1IiwiYmFjay1jb2xvciI6IiNmZmZmZmYifX0seyJjaGFyIjoi77yMIiwic3R5bGVzIjp7ImNvbG9yIjoiIzE5MWYyNSIsImJhY2stY29sb3IiOiIjZmZmZmZmIn19LHsiY2hhciI6IuinoyIsInN0eWxlcyI6eyJjb2xvciI6IiMxOTFmMjUiLCJiYWNrLWNvbG9yIjoiI2ZmZmZmZiJ9fSx7ImNoYXIiOiLlhrsiLCJzdHlsZXMiOnsiY29sb3IiOiIjMTkxZjI1IiwiYmFjay1jb2xvciI6IiNmZmZmZmYifX0seyJjaGFyIjoi77yMIiwic3R5bGVzIjp7ImNvbG9yIjoiIzE5MWYyNSIsImJhY2stY29sb3IiOiIjZmZmZmZmIn19LHsiY2hhciI6IuaKlSIsInN0eWxlcyI6eyJjb2xvciI6IiMxOTFmMjUiLCJiYWNrLWNvbG9yIjoiI2ZmZmZmZiJ9fSx7ImNoYXIiOiLnpagiLCJzdHlsZXMiOnsiY29sb3IiOiIjMTkxZjI1IiwiYmFjay1jb2xvciI6IiNmZmZmZmYifX0seyJjaGFyIjoi77yMIiwic3R5bGVzIjp7ImNvbG9yIjoiIzE5MWYyNSIsImJhY2stY29sb3IiOiIjZmZmZmZmIn19LHsiY2hhciI6IuS/riIsInN0eWxlcyI6eyJjb2xvciI6IiMxOTFmMjUiLCJiYWNrLWNvbG9yIjoiI2ZmZmZmZiJ9fSx7ImNoYXIiOiLmlLkiLCJzdHlsZXMiOnsiY29sb3IiOiIjMTkxZjI1IiwiYmFjay1jb2xvciI6IiNmZmZmZmYifX0seyJjaGFyIjoi6LSmIiwic3R5bGVzIjp7ImNvbG9yIjoiIzE5MWYyNSIsImJhY2stY29sb3IiOiIjZmZmZmZmIn19LHsiY2hhciI6IuaItyIsInN0eWxlcyI6eyJjb2xvciI6IiMxOTFmMjUiLCJiYWNrLWNvbG9yIjoiI2ZmZmZmZiJ9fSx7ImNoYXIiOiLlkI0iLCJzdHlsZXMiOnsiY29sb3IiOiIjMTkxZjI1IiwiYmFjay1jb2xvciI6IiNmZmZmZmYifX0seyJjaGFyIjoi56ewIiwic3R5bGVzIjp7ImNvbG9yIjoiIzE5MWYyNSIsImJhY2stY29sb3IiOiIjZmZmZmZmIn19LHsiY2hhciI6Iu+8jCIsInN0eWxlcyI6eyJjb2xvciI6IiMxOTFmMjUiLCJiYWNrLWNvbG9yIjoiI2ZmZmZmZiJ9fSx7ImNoYXIiOiJ0Iiwic3R5bGVzIjp7ImNvbG9yIjoiIzE5MWYyNSIsImJhY2stY29sb3IiOiIjZmZmZmZmIn19LHsiY2hhciI6Im8iLCJzdHlsZXMiOnsiY29sb3IiOiIjMTkxZjI1IiwiYmFjay1jb2xvciI6IiNmZmZmZmYifX0seyJjaGFyIjoiayIsInN0eWxlcyI6eyJjb2xvciI6IiMxOTFmMjUiLCJiYWNrLWNvbG9yIjoiI2ZmZmZmZiJ9fSx7ImNoYXIiOiJlIiwic3R5bGVzIjp7ImNvbG9yIjoiIzE5MWYyNSIsImJhY2stY29sb3IiOiIjZmZmZmZmIn19LHsiY2hhciI6Im4iLCJzdHlsZXMiOnsiY29sb3IiOiIjMTkxZjI1IiwiYmFjay1jb2xvciI6IiNmZmZmZmYifX0seyJjaGFyIjoiICIsInN0eWxlcyI6eyJjb2xvciI6IiMxOTFmMjUiLCJiYWNrLWNvbG9yIjoiI2ZmZmZmZiJ9fSx7ImNoYXIiOiLlj4IiLCJzdHlsZXMiOnsiY29sb3IiOiIjMTkxZjI1IiwiYmFjay1jb2xvciI6IiNmZmZmZmYifX0seyJjaGFyIjoi5LiOIiwic3R5bGVzIjp7ImNvbG9yIjoiIzE5MWYyNSIsImJhY2stY29sb3IiOiIjZmZmZmZmIn19LHsiY2hhciI6IuWKnyIsInN0eWxlcyI6eyJjb2xvciI6IiMxOTFmMjUiLCJiYWNrLWNvbG9yIjoiI2ZmZmZmZiJ9fSx7ImNoYXIiOiLog70iLCJzdHlsZXMiOnsiY29sb3IiOiIjMTkxZjI1IiwiYmFjay1jb2xvciI6IiNmZmZmZmYifX0seyJjaGFyIjoi44CCIiwic3R5bGVzIjp7ImNvbG9yIjoiIzE5MWYyNSIsImJhY2stY29sb3IiOiIjZmZmZmZmIn19XSwiaXNSaWNoVGV4dCI6dHJ1ZSwia2VlcExpbmVCcmVhayI6dHJ1ZX19LHsiYmxvY2tJZCI6IjUwMzAtMTU0NzcyOTAzNDA5MCIsImJsb2NrVHlwZSI6InBhcmFncmFwaCIsInN0eWxlcyI6eyJhbGlnbiI6ImxlZnQiLCJpbmRlbnQiOjAsInRleHQtaW5kZW50IjowLCJsaW5lLWhlaWdodCI6MS43NX0sInR5cGUiOiJwYXJhZ3JhcGgiLCJyaWNoVGV4dCI6eyJkYXRhIjpbeyJjaGFyIjoiNSJ9LHsiY2hhciI6Ii4ifSx7ImNoYXIiOiJ0In0seyJjaGFyIjoiciJ9LHsiY2hhciI6Im8ifSx7ImNoYXIiOiJuIn0seyJjaGFyIjoicyJ9"
12:58:42.349 [TestNG-tests-1] DEBUG org.apache.http.wire -  << "LHsiY2hhciI6ImMifSx7ImNoYXIiOiJhIn0seyJjaGFyIjoibiJ9LHsiY2hhciI6IiAifSx7ImNoYXIiOiJBIn0seyJjaGFyIjoiUCJ9LHsiY2hhciI6IkkifSx7ImNoYXIiOiLpl64ifSx7ImNoYXIiOiLpopgifSx7ImNoYXIiOiIgIn0seyJjaGFyIjoiLSJ9LHsiY2hhciI6Ii0ifSx7ImNoYXIiOiItIn0seyJjaGFyIjoi5beyIiwic3R5bGVzIjp7ImNvbG9yIjoiIzE5MWYyNSIsImJhY2stY29sb3IiOiIjZmZmZmZmIn19LHsiY2hhciI6IuaUryIsInN0eWxlcyI6eyJjb2xvciI6IiMxOTFmMjUiLCJiYWNrLWNvbG9yIjoiI2ZmZmZmZiJ9fSx7ImNoYXIiOiLmjIEiLCJzdHlsZXMiOnsiY29sb3IiOiIjMTkxZjI1IiwiYmFjay1jb2xvciI6IiNmZmZmZmYifX1dLCJpc1JpY2hUZXh0Ijp0cnVlLCJrZWVwTGluZUJyZWFrIjp0cnVlfX0seyJibG9ja0lkIjoiMTg3MC0xNTQ3NzI5MDM0MDkwIiwiYmxvY2tUeXBlIjoicGFyYWdyYXBoIiwic3R5bGVzIjp7ImFsaWduIjoibGVmdCIsImluZGVudCI6MCwidGV4dC1pbmRlbnQiOjAsImxpbmUtaGVpZ2h0IjoxLjc1fSwidHlwZSI6InBhcmFncmFwaCIsInJpY2hUZXh0Ijp7ImRhdGEiOlt7ImNoYXIiOiLCoCJ9XSwiaXNSaWNoVGV4dCI6dHJ1ZSwia2VlcExpbmVCcmVhayI6dHJ1ZX19LHsiYmxvY2tJZCI6Ijg5NTAtMTU0NzcyOTAzNDA5MCIsImJsb2NrVHlwZSI6InBhcmFncmFwaCIsInN0eWxlcyI6eyJhbGlnbiI6ImxlZnQiLCJpbmRlbnQiOjAsInRleHQtaW5kZW50IjowLCJsaW5lLWhlaWdodCI6MS43NX0sInR5cGUiOiJwYXJhZ3JhcGgiLCJyaWNoVGV4dCI6eyJkYXRhIjpbeyJjaGFyIjoi5oSfIn0seyJjaGFyIjoi6LCiIn0seyJjaGFyIjoi5oKoIn0seyJjaGFyIjoi5a+5In0seyJjaGFyIjoidCJ9LHsiY2hhciI6InIifSx7ImNoYXIiOiJvIn0seyJjaGFyIjoibiJ9LHsiY2hhciI6InMifSx7ImNoYXIiOiJjIn0seyJjaGFyIjoiYSJ9LHsiY2hhciI6Im4ifSx7ImNoYXIiOiLnmoQifSx7ImNoYXIiOiLmlK8ifSx7ImNoYXIiOiLmjIEifSx7ImNoYXIiOiLvvIEifV0sImlzUmljaFRleHQiOnRydWUsImtlZXBMaW5lQnJlYWsiOnRydWV9fSx7ImJsb2NrSWQiOiI4NzQwLTE1NDc3MjkwMzQwOTAiLCJibG9ja1R5cGUiOiJwYXJhZ3JhcGgiLCJzdHlsZXMiOnsiYWxpZ24iOiJsZWZ0IiwiaW5kZW50IjowLCJ0ZXh0LWluZGVudCI6MCwibGluZS1oZWlnaHQiOjEuNzV9LCJ0eXBlIjoicGFyYWdyYXBoIiwicmljaFRleHQiOnsiZGF0YSI6W3siY2hhciI6InQifSx7ImNoYXIiOiJyIn0seyJjaGFyIjoibyJ9LHsiY2hhciI6Im4ifSx7ImNoYXIiOiJzIn0seyJjaGFyIjoiYyJ9LHsiY2hhciI6ImEifSx7ImNoYXIiOiJuIn0seyJjaGFyIjoi5ZuiIn0seyJjaGFyIjoi6ZifIn1dLCJpc1JpY2hUZXh0Ijp0cnVlLCJrZWVwTGluZUJyZWFrIjp0cnVlfX0seyJibG9ja0lkIjoiOTA2MS0xNTQ3NzI5MDM0MDkwIiwiYmxvY2tUeXBlIjoicGFyYWdyYXBoIiwic3R5bGVzIjp7ImFsaWduIjoibGVmdCIsImluZGVudCI6MCwidGV4dC1pbmRlbnQiOjAsImxpbmUtaGVpZ2h0IjoxLjc1fSwidHlwZSI6InBhcmFncmFwaCIsInJpY2hUZXh0Ijp7ImRhdGEiOlt7ImNoYXIiOiIyIn0seyJjaGFyIjoiMCJ9LHsiY2hhciI6IjEifSx7ImNoYXIiOiI5In0seyJjaGFyIjoi5bm0In0seyJjaGFyIjoiMSJ9LHsiY2hhciI6IuaciCJ9LHsiY2hhciI6IjEifSx7ImNoYXIiOiI0In0seyJjaGFyIjoi5pelIn1dLCJpc1JpY2hUZXh0Ijp0cnVlLCJrZWVwTGluZUJyZWFrIjp0cnVlfX1d--></div>\n<p><!--5f39ae17-8c62-4a45-bc43-b32064c9388a:W3siYmxvY2tJZCI6Ijg5ODQtMTU0NzcyOTAzMzQ4OSIsImJsb2NrVHlwZSI6InBhcmFncmFwaCIsInN0eWxlcyI6eyJhbGlnbiI6ImxlZnQiLCJpbmRlbnQiOjAsInRleHQtaW5kZW50IjowLCJsaW5lLWhlaWdodCI6MS43NX0sInR5cGUiOiJwYXJhZ3JhcGgiLCJyaWNoVGV4dCI6eyJkYXRhIjpbeyJjaGFyIjoi5LqyIn0seyJjaGFyIjoi54ixIn0seyJjaGFyIjoi55qEIn0seyJjaGFyIjoi55SoIn0seyJjaGF"
12:58:42.349 [TestNG-tests-1] DEBUG org.apache.http.wire -  << "yIjoi5oi3In1dLCJpc1JpY2hUZXh0Ijp0cnVlLCJrZWVwTGluZUJyZWFrIjp0cnVlfX0seyJibG9ja0lkIjoiODQ4Ny0xNTQ3NzI5MDM0MDkwIiwiYmxvY2tUeXBlIjoicGFyYWdyYXBoIiwic3R5bGVzIjp7ImFsaWduIjoibGVmdCIsImluZGVudCI6MCwidGV4dC1pbmRlbnQiOjAsImxpbmUtaGVpZ2h0IjoxLjc1fSwidHlwZSI6InBhcmFncmFwaCIsInJpY2hUZXh0Ijp7ImRhdGEiOlt7ImNoYXIiOiLCoCJ9XSwiaXNSaWNoVGV4dCI6dHJ1ZSwia2VlcExpbmVCcmVhayI6dHJ1ZX19LHsiYmxvY2tJZCI6Ijc5MjAtMTU0NzcyOTAzNDA5MCIsImJsb2NrVHlwZSI6InBhcmFncmFwaCIsInN0eWxlcyI6eyJhbGlnbiI6ImxlZnQiLCJpbmRlbnQiOjAsInRleHQtaW5kZW50IjowLCJsaW5lLWhlaWdodCI6MS43NX0sInR5cGUiOiJwYXJhZ3JhcGgiLCJyaWNoVGV4dCI6eyJkYXRhIjpbeyJjaGFyIjoi5a+5In0seyJjaGFyIjoi5LqOIn0seyJjaGFyIjoi6L+RIn0seyJjaGFyIjoi5pyfIn0seyJjaGFyIjoi5Y+NIn0seyJjaGFyIjoi6aaIIn0seyJjaGFyIjoi6L6DIn0seyJjaGFyIjoi5aSaIn0seyJjaGFyIjoi55qEIn0seyJjaGFyIjoi6ZeuIn0seyJjaGFyIjoi6aKYIn0seyJjaGFyIjoi77yMIn0seyJjaGFyIjoi5ZuiIn0seyJjaGFyIjoi6ZifIn0seyJjaGFyIjoi5q2jIn0seyJjaGFyIjoi5ZyoIn0seyJjaGFyIjoi5YWoIn0seyJjaGFyIjoi5YqbIn0seyJjaGFyIjoi5L+uIn0seyJjaGFyIjoi5aSNIn0seyJjaGFyIjoi77yMIn0seyJjaGFyIjoi6ZeuIn0seyJjaGFyIjoi6aKYIn0seyJjaGFyIjoi5L+uIn0seyJjaGFyIjoi5aSNIn0seyJjaGFyIjoi5pe2In0seyJjaGFyIjoi6Ze0In0seyJjaGFyIjoi5aaCIn0seyJjaGFyIjoi5LiLIn0seyJjaGFyIjoi44CCIn1dLCJpc1JpY2hUZXh0Ijp0cnVlLCJrZWVwTGluZUJyZWFrIjp0cnVlfX0seyJibG9ja0lkIjoiNjU1MC0xNTQ3NzI5MDM0MDkwIiwiYmxvY2tUeXBlIjoicGFyYWdyYXBoIiwic3R5bGVzIjp7ImFsaWduIjoibGVmdCIsImlu"
12:58:42.350 [TestNG-tests-1] DEBUG org.apache.http.wire -  << "ZGVudCI6MCwidGV4dC1pbmRlbnQiOjAsImxpbmUtaGVpZ2h0IjoxLjc1fSwidHlwZSI6InBhcmFncmFwaCIsInJpY2hUZXh0Ijp7ImRhdGEiOlt7ImNoYXIiOiLCoCJ9XSwiaXNSaWNoVGV4dCI6dHJ1ZSwia2VlcExpbmVCcmVhayI6dHJ1ZX19LHsiYmxvY2tJZCI6Ijk5ODEtMTU0NzcyOTAzNDA5MCIsImJsb2NrVHlwZSI6InBhcmFncmFwaCIsInN0eWxlcyI6eyJhbGlnbiI6ImxlZnQiLCJpbmRlbnQiOjAsInRleHQtaW5kZW50IjowLCJsaW5lLWhlaWdodCI6MS43NX0sInR5cGUiOiJwYXJhZ3JhcGgiLCJyaWNoVGV4dCI6eyJkYXRhIjpbeyJjaGFyIjoiMSJ9LHsiY2hhciI6Ii4ifSx7ImNoYXIiOiJUIn0seyJjaGFyIjoiciJ9LHsiY2hhciI6Im8ifSx7ImNoYXIiOiJuIn0seyJjaGFyIjoibCJ9LHsiY2hhciI6ImkifSx7ImNoYXIiOiJuIn0seyJjaGFyIjoiayJ9LHsiY2hhciI6IiAifSx7ImNoYXIiOiJUIn0seyJjaGFyIjoiUiJ9LHsiY2hhciI6IkMifSx7ImNoYXIiOiIxIn0seyJjaGFyIjoiMCJ9LHsiY2hhciI6Iui9rCJ9LHsiY2hhciI6Iui0piJ9LHsiY2hhciI6IumXriJ9LHsiY2hhciI6IumimCJ9LHsiY2hhciI6IiAifSx7ImNoYXIiOiItIn0seyJjaGFyIjoiLSJ9LHsiY2hhciI6Ii0ifSx7ImNoYXIiOiLlvoUifSx7ImNoYXIiOiJjIn0seyJjaGFyIjoiaCJ9LHsiY2hhciI6InIifSx7ImNoYXIiOiJvIn0seyJjaGFyIjoibSJ9LHsiY2hhciI6ImUifSx7ImNoYXIiOiLllYYifSx7ImNoYXIiOiLlupcifSx7ImNoYXIiOiLlrqEifSx7ImNoYXIiOiLmoLgifSx7ImNoYXIiOiLpgJoifSx7ImNoYXIiOiLov4cifSx7ImNoYXIiOiLmnIAifSx7ImNoYXIiOiLmlrAifSx7ImNoYXIiOiLniYgifSx7ImNoYXIiOiLmnKwifV0sImlzUmljaFRleHQiOnRydWUsImtlZXBMaW5lQnJlYWsiOnRydWV9fSx7ImJsb2NrSWQiOiI0MDY1LTE1NDc3MjkwMzQwOTAiLCJibG9ja1R5cGUiOiJwYXJhZ3JhcGgiLCJzdHlsZXMiOnsiYWxpZ24iOiJsZWZ0IiwiaW5kZW50IjowLCJ0ZXh0LWluZGVudCI6MCwibGluZS1oZWlnaHQiOjEuNzV9LCJ0eXBlIjoicGFyYWdyYXBoIiwicmljaFRleHQiOnsiZGF0YSI6W3siY2hhciI6IjIifSx7ImNoYXIiOiIuIn0seyJjaGFyIjoiVCJ9LHsiY2hhciI6IlIifSx7ImNoYXIiOiJDIn0seyJjaGFyIjoiMiJ9LHsiY2hhciI6IjAifSx7ImNoYXIiOiLmlbAifSx7ImNoYXIiOiLmja4ifSx7ImNoYXIiOiLpl64ifSx7ImNoYXIiOiLpopgifSx7ImNoYXIiOiIgIn0seyJjaGFyIjoiLSJ9LHsiY2hhciI6Ii0ifSx7ImNoYXIiOiItIn0seyJjaGFyIjoiMSJ9LHsiY2hhciI6IuaciCJ9LHsiY2hhciI6IjIifSx7ImNoYXIiOiIwIn0seyJjaGFyIjoi5pelIn1dLCJpc1JpY2hUZXh0Ijp0cnVlLCJrZWVwTGluZUJyZWFrIjp0cnVlfX0seyJibG9ja0lkIjoiMTE2My0xNTQ3NzI5MDM0MDkwIiwiYmxvY2tUeXBlIjoicGFyYWdyYXBoIiwic3R5bGVzIjp7ImFsaWduIjoibGVmdCIsImluZGVudCI6MCwidGV4dC1pbmRlbnQiOjAsImxpbmUtaGVpZ2h0IjoxLjc1fSwidHlwZSI6InBhcmFncmFwaCIsInJpY2hUZXh0Ijp7ImRhdGEiOlt7ImNoYXIiOiIzIn0seyJjaGFyIjoiLiJ9LHsiY2hhciI6IuaUryJ9LHsiY2hhciI6IuaMgSJ9LHsiY2hhciI6IuafpSJ9LHsiY2hhciI6IueciyJ9LHsiY2hhciI6IlQifSx7ImNoYXIiOiJSIn0seyJjaGFyIjoiQyJ9LHsiY2hhciI6IjIifSx7ImNoYXIiOiIwIn0seyJjaGFyIjoi6L2sIn0seyJjaGFyIjoi6LSmIn0seyJjaGFyIjoi6K+mIn0seyJjaGFyIjoi5oOFIn0seyJjaGFyIjoiICJ9LHsiY2hhciI6Ii0ifSx7ImNoYXIiOiItIn0seyJjaGFyIjoiLSJ9LHsiY2hhciI6IjEifSx7ImNoYXIiOiLmnIgifSx7ImNoYXIiOiIyIn0seyJjaGFyIjoiMCJ9LHsiY2hhciI6IuaXpSJ9XSwiaXNSaWNoVGV4dCI6dHJ1ZSwia2VlcExpbmVCcmVhayI6dHJ1ZX19LHsiYmxvY2tJZCI6IjgxOTYtMTU0NzcyOTAzNDA5MCIsImJsb2NrVHlwZSI6InBhcmFncmFwaCIsInN0eWxlcyI6eyJhbGlnbiI6ImxlZnQiLCJpbmRlbnQiOjAsInRleHQtaW5kZW"
12:58:42.350 [TestNG-tests-1] DEBUG org.apache.http.wire -  << "50IjowLCJsaW5lLWhlaWdodCI6MS43NX0sInR5cGUiOiJwYXJhZ3JhcGgiLCJyaWNoVGV4dCI6eyJkYXRhIjpbeyJjaGFyIjoiNCJ9LHsiY2hhciI6Ii4ifSx7ImNoYXIiOiJMIiwic3R5bGVzIjp7ImNvbG9yIjoiIzE5MWYyNSIsImJhY2stY29sb3IiOiIjZmZmZmZmIn19LHsiY2hhciI6ImUiLCJzdHlsZXMiOnsiY29sb3IiOiIjMTkxZjI1IiwiYmFjay1jb2xvciI6IiNmZmZmZmYifX0seyJjaGFyIjoiZCIsInN0eWxlcyI6eyJjb2xvciI6IiMxOTFmMjUiLCJiYWNrLWNvbG9yIjoiI2ZmZmZmZiJ9fSx7ImNoYXIiOiJnIiwic3R5bGVzIjp7ImNvbG9yIjoiIzE5MWYyNSIsImJhY2stY29sb3IiOiIjZmZmZmZmIn19LHsiY2hhciI6ImUiLCJzdHlsZXMiOnsiY29sb3IiOiIjMTkxZjI1IiwiYmFjay1jb2xvciI6IiNmZmZmZmYifX0seyJjaGFyIjoiciIsInN0eWxlcyI6eyJjb2xvciI6IiMxOTFmMjUiLCJiYWNrLWNvbG9yIjoiI2ZmZmZmZiJ9fSx7ImNoYXIiOiIgIiwic3R5bGVzIjp7ImNvbG9yIjoiIzE5MWYyNSIsImJhY2stY29sb3IiOiIjZmZmZmZmIn19LHsiY2hhciI6Ik4iLCJzdHlsZXMiOnsiY29sb3IiOiIjMTkxZjI1IiwiYmFjay1jb2xvciI6IiNmZmZmZmYifX0seyJjaGFyIjoiYSIsInN0eWxlcyI6eyJjb2xvciI6IiMxOTFmMjUiLCJiYWNrLWNvbG9yIjoiI2ZmZmZmZiJ9fSx7ImNoYXIiOiJuIiwic3R5bGVzIjp7ImNvbG9yIjoiIzE5MWYyNSIsImJhY2stY29sb3IiOiIjZmZmZmZmIn19LHsiY2hhciI6Im8iLCJzdHlsZXMiOnsiY29sb3IiOiIjMTkxZjI1IiwiYmFjay1jb2xvciI6IiNmZmZmZmYifX0seyJjaGFyIjoiICIsInN0eWxlcyI6eyJjb2xvciI6IiMxOTFmMjUiLCJiYWNrLWNvbG9yIjoiI2ZmZmZmZiJ9fSx7ImNoYXIiOiJTIiwic3R5bGVzIjp7ImNvbG9yIjoiIzE5MWYyNSIsImJhY2stY29sb3IiOiIjZmZmZmZmIn19LHsiY2hhciI6IumXriJ9LHsiY2hhciI6IumimCJ9LHsiY2hhciI6IiAifSx7ImNoYXIiOiItIn0seyJjaGFyIjoiLSJ9LHsiY2hhciI6Ii0ifSx7ImNoYXIiOiIxIn0seyJjaGFyIjoi5pyIIn0seyJjaGFyIjoiMSJ9LHsiY2hhciI6IjYifSx7ImNoYXIiOiLml6UifV0sImlzUmljaFRleHQiOnRydWUsImtlZXBMaW5lQnJlYWsiOnRydWV9fSx7ImJsb2NrSWQiOiI4NDY0LTE1NDc3MjkwNTE0MDkiLCJibG9ja1R5cGUiOiJwYXJhZ3JhcGgiLCJzdHlsZXMiOnsiYWxpZ24iOiJsZWZ0IiwiaW5kZW50IjowLCJ0ZXh0LWluZGVudCI6MCwibGluZS1oZWlnaHQiOjEuNzV9LCJ0eXBlIjoicGFyYWdyYXBoIiwicmljaFRleHQiOnsiZGF0YSI6W3siY2hhciI6ImwiLCJzdHlsZXMiOnsiY29sb3IiOiIjMTkxZjI1IiwiYmFjay1jb2xvciI6IiNmZmZmZmYifX0seyJjaGFyIjoiZSIsInN0eWxlcyI6eyJjb2xvciI6IiMxOTFmMjUiLCJiYWNrLWNvbG9yIjoiI2ZmZmZmZiJ9fSx7ImNoYXIiOiJkIiwic3R5bGVzIjp7ImNvbG9yIjoiIzE5MWYyNSIsImJhY2stY29sb3IiOiIjZmZmZmZmIn19LHsiY2hhciI6ImciLCJzdHlsZXMiOnsiY29sb3IiOiIjMTkxZjI1IiwiYmFjay1jb2xvciI6IiNmZmZmZmYifX0seyJjaGFyIjoiZSIsInN0eWxlcyI6eyJjb2xvciI6IiMxOTFmMjUiLCJiYWNrLWNvbG9yIjoiI2ZmZmZmZiJ9fSx7ImNoYXIiOiJyIiwic3R5bGVzIjp7ImNvbG9yIjoiIzE5MWYyNSIsImJhY2stY29sb3IiOiIjZmZmZmZmIn19LHsiY2hhciI6IuebriIsInN0eWxlcyI6eyJjb2xvciI6IiMxOTFmMjUiLCJiYWNrLWNvbG9yIjoiI2ZmZmZmZiJ9fSx7ImNoYXIiOiLliY0iLCJzdHlsZXMiOnsiY29sb3IiOiIjMTkxZjI1IiwiYmFjay1jb2xvciI6IiNmZmZmZmYifX0seyJjaGFyIjoi5beyIiwic3R5bGVzIjp7ImNvbG9yIjoiIzE5MWYyNSIsImJhY2stY29sb3IiOiIjZmZmZmZmIn19LHsiY2hhciI6IuaUryIsInN0eWxlcyI6eyJjb2xvciI6IiMxOTFmMjUiLCJiYWNrLWNvbG9yIjoiI2ZmZmZmZiJ9fSx7ImNoYXIiOiLmjIEiLCJzdHlsZXMiOnsiY29sb3IiOiIjMTkxZjI1IiwiYmFjay1jb2xvciI6IiNmZmZmZmYifX0seyJjaGFyIjoi6L2sIiwic3R5bGVzIjp7ImNvbG9yIjoiIzE5MWYyNSIsImJhY2stY29sb3IiOiIjZmZmZmZmIn19LHsiY2hhciI6Iui0piIsInN0eWxlcyI6eyJjb2xvciI6IiMxOTFmMjUiLCJiYWNrLWNvbG9yIjoiI2ZmZmZmZiJ9fSx7ImNoYXIiOiJUIiwic3R5bGVzIjp7ImNvbG9yIjoiIzE5MWYyNSIsImJhY2stY29sb3IiOiIjZmZmZmZmIn19LHsiY2hhciI6IlIiLCJzdHlsZXMiOnsiY29sb3IiOiIjMTkxZjI1IiwiYmFjay1jb2xvciI6IiNmZmZmZmYifX0seyJjaGFyIjoiWCIsInN0eWxlcyI6eyJjb2xvciI6IiMxOTFmMjUiLCJiYWNrLWNvbG9yIjoiI2ZmZmZmZiJ9fSx7ImNoYXIiOiLlkowiLCJzdHlsZXMiOnsiY29sb3IiOiIjMTkxZjI1IiwiYmFjay1jb2xvciI6IiNmZmZmZmYifX0seyJjaGFyIjoiMSIsInN0eWxlcyI6eyJjb2xvciI6IiMxOTFmMjUiLCJiYWNrLWNvbG9yIjoiI2ZmZmZmZiJ9fSx7ImNoYXIiOiIwIiwic3R5bGVzIjp7ImNvbG9yIjoiIzE5MWYyNSIsImJhY2stY29sb3IiOiIjZmZmZmZmIn19LHsiY2hhciI6InQiLCJzdHlsZXMiOnsiY29sb3IiOiIjMTkxZjI1IiwiYmFjay1jb2xvciI6IiNmZmZmZmYifX0seyJjaGFyIjoibyIsInN0eWxlcyI6eyJjb2xvciI6IiMxOTFmMjUiLCJiYWNrLWNvbG9yIjoiI2ZmZmZmZiJ9fSx7ImNoYXIiOiJrIiwic3R5bGVzIjp7ImNvbG9yIjoiIzE5MWYyNSIsImJhY2stY29sb3IiOiIjZmZmZmZmIn19LHsiY2hhciI6ImUiLCJzdHlsZXMiOnsiY29sb3IiOiIjMTkxZjI1IiwiYmFjay1jb2xvciI6IiNmZmZmZmYifX0seyJjaGFyIjoibiIsInN0eWxlcyI6eyJjb2xvciI6IiMxOTFmMjUiLCJiYWNrLWNvbG9yIjoiI2ZmZmZmZiJ9fSx7ImNoYXIiOiLvvIwiLCJzdHlsZXMiOnsiY29sb3IiOiIjMTkxZjI1IiwiYmFjay1jb2xvciI6IiNmZmZmZmYifX0seyJjaGFyIjoiICIsInN0eWxlcyI6eyJjb2xvciI6IiMxOTFmMjUiLCJiYWNrLWNvbG9yIjoiI2ZmZmZmZiJ9fSx7ImNoYXIiOiLlhrsiLCJzdHlsZXMiOnsiY29sb3IiOiIjMTkxZjI1IiwiYmFjay1jb"
12:58:42.350 [TestNG-tests-1] DEBUG org.apache.http.wire -  << "2xvciI6IiNmZmZmZmYifX0seyJjaGFyIjoi57uTIiwic3R5bGVzIjp7ImNvbG9yIjoiIzE5MWYyNSIsImJhY2stY29sb3IiOiIjZmZmZmZmIn19LHsiY2hhciI6Iu+8jCIsInN0eWxlcyI6eyJjb2xvciI6IiMxOTFmMjUiLCJiYWNrLWNvbG9yIjoiI2ZmZmZmZiJ9fSx7ImNoYXIiOiLop6MiLCJzdHlsZXMiOnsiY29sb3IiOiIjMTkxZjI1IiwiYmFjay1jb2xvciI6IiNmZmZmZmYifX0seyJjaGFyIjoi5Ya7Iiwic3R5bGVzIjp7ImNvbG9yIjoiIzE5MWYyNSIsImJhY2stY29sb3IiOiIjZmZmZmZmIn19LHsiY2hhciI6Iu+8jCIsInN0eWxlcyI6eyJjb2xvciI6IiMxOTFmMjUiLCJiYWNrLWNvbG9yIjoiI2ZmZmZmZiJ9fSx7ImNoYXIiOiLmipUiLCJzdHlsZXMiOnsiY29sb3IiOiIjMTkxZjI1IiwiYmFjay1jb2xvciI6IiNmZmZmZmYifX0seyJjaGFyIjoi56WoIiwic3R5bGVzIjp7ImNvbG9yIjoiIzE5MWYyNSIsImJhY2stY29sb3IiOiIjZmZmZmZmIn19LHsiY2hhciI6Iu+8jCIsInN0eWxlcyI6eyJjb2xvciI6IiMxOTFmMjUiLCJiYWNrLWNvbG9yIjoiI2ZmZmZmZiJ9fSx7ImNoYXIiOiLkv64iLCJzdHlsZXMiOnsiY29sb3IiOiIjMTkxZjI1IiwiYmFjay1jb2xvciI6IiNmZmZmZmYifX0seyJjaGFyIjoi5pS5Iiwic3R5bGVzIjp7ImNvbG9yIjoiIzE5MWYyNSIsImJhY2stY29sb3IiOiIjZmZmZmZmIn19LHsiY2hhciI6Iui0piIsInN0eWxlcyI6eyJjb2xvciI6IiMxOTFmMjUiLCJiYWNrLWNvbG9yIjoiI2ZmZmZmZiJ9fSx7ImNoYXIiOiLmiLciLCJzdHlsZXMiOnsiY29sb3IiOiIjMTkxZjI1IiwiYmFjay1jb2xvciI6IiNmZmZmZmYifX0seyJjaGFyIjoi5ZCNIiwic3R5bGVzIjp7ImNvbG9yIjoiIzE5MWYyNSIsImJhY2stY29sb3IiOiIjZmZmZmZmIn19LHsiY2hhciI6IuensCIsInN0eWxlcyI6eyJjb2xvciI6IiMxOTFmMjUiLCJiYWNrLWNvbG9yIjoiI2ZmZmZmZiJ9fSx7ImNoYXIiOiLvvIwiLCJzdHlsZXMiOnsiY29sb3IiOiIjMTkxZjI1IiwiYmFjay1jb2xvciI6IiNmZmZmZmYifX0seyJjaGFyIjoidCIsInN0eWxlcyI6eyJjb2xvciI6IiMxOTFmMjUiLCJiYWNrLWNvbG9yIjoiI2ZmZmZmZiJ9fSx7ImNoYXIiOiJvIiwic3R5bGVzIjp7ImNvbG9yIjoiIzE5MWYyNSIsImJhY2stY29sb3IiOiIjZmZmZmZmIn19LHsiY2hhciI6ImsiLCJzdHlsZXMiOnsiY29sb3IiOiIjMTkxZjI1IiwiYmFjay1jb2xvciI6IiNmZmZmZmYifX0seyJjaGFyIjoiZSIsInN0eWxlcyI6eyJjb2xvciI6IiMxOTFmMjUiLCJiYWNrLWNvbG9yIjoiI2ZmZmZmZiJ9fSx7ImNoYXIiOiJuIiwic3R5bGVzIjp7ImNvbG9yIjoiIzE5MWYyNSIsImJhY2stY29sb3IiOiIjZmZmZmZmIn19LHsiY2hhciI6IiAiLCJzdHlsZXMiOnsiY29sb3IiOiIjMTkxZjI1IiwiYmFjay1jb2xvciI6IiNmZmZmZmYifX0seyJjaGFyIjoi5Y+CIiwic3R5bGVzIjp7ImNvbG9yIjoiIzE5MWYyNSIsImJhY2stY29sb3IiOiIjZmZmZmZmIn19LHsiY2hhciI6IuS4jiIsInN0eWxlcyI6eyJjb2xvciI6IiMxOTFmMjUiLCJiYWNrLWNvbG9yIjoiI2ZmZmZmZiJ9fSx7ImNoYXIiOiLlip8iLCJzdHlsZXMiOnsiY29sb3IiOiIjMTkxZjI1IiwiYmFjay1jb2xvciI6IiNmZmZmZmYifX0seyJjaGFyIjoi6IO9Iiwic3R5bGVzIjp7ImNvbG9yIjoiIzE5MWYyNSIsImJhY2stY29sb3IiOiIjZmZmZmZmIn19LHsiY2hhciI6IuOAgiIsInN0eWxlcyI6eyJjb2xvciI6IiMxOTFmMjUiLCJiYWNrLWNvbG9yIjoiI2ZmZmZmZiJ9fV0sImlzUmljaFRleHQiOnRydWUsImtlZXBMaW5lQnJlYWsiOnRydWV9fSx7ImJsb2NrSWQiOiI1MDMwLTE1NDc3MjkwMzQwOTAiLCJibG9ja1R5cGUiOiJwYXJhZ3JhcGgiLCJzdHlsZXMiOnsiYWxpZ24iOiJsZWZ0IiwiaW5kZW50IjowLCJ0ZXh0LWluZGVudCI6MCwibGluZS1oZWlnaHQiOjEuNzV9LCJ0eXBlIjoicGFyYWdyYXBoIiwicmljaFRleHQiOnsiZGF0YSI6W3siY2hhciI6IjUifSx7ImNoYXIiOiIuIn0seyJjaGFyIjoidCJ9LHsiY2hhciI6InIifSx7ImNoYXIiOiJvIn0seyJjaGFyIjoibiJ9LHsiY2hhciI6InMifSx7ImNoYXIiOiJjIn0seyJjaGFyIjoiYSJ9LHsiY2hhciI6Im4ifSx7ImNoYXIiOiIgIn0seyJjaGFyIjoiQSJ9LHsiY2hhciI6IlAifSx7ImNoYXIiOiJJIn0seyJjaGFyIjoi6ZeuIn0seyJjaGFyIjoi6aKYIn0seyJjaGFyIjoiICJ9LHsiY2hhciI6Ii0ifSx7ImNoYXIiOiItIn0seyJjaGFyIjoiLSJ9LHsiY2hhciI6IjEifSx7ImNoYXIiOiLmnIgifSx7ImNoYXIiOiIyIn0seyJjaGFyIjoiMCJ9LHsiY2hhciI6IuaXpSJ9XSwiaXNSaWNoVGV4dCI6dHJ1ZSwia2VlcExpbmVCcmVhayI6dHJ1ZX19LHsiYmxvY2tJZCI6IjE4NzAtMTU0NzcyOTAzNDA5MCIsImJsb2NrVHlwZSI6InBhcmFncmFwaCIsInN0eWxlcyI6eyJhbGlnbiI6ImxlZnQiLCJpbmRlbnQiOjAsInRleHQtaW5kZW50IjowLCJsaW5lLWhlaWdodCI6MS43NX0sInR5cGUiOiJwYXJhZ3JhcGgiLCJyaWNoVGV4dCI6eyJkYXRhIjpbeyJjaGFyIjoiwqAifV0sImlzUmljaFRleHQiOnRydWUsImtlZXBMaW5lQnJlYWsiOnRydWV9fSx7ImJsb2NrSWQiOiI4OTUwLTE1NDc3MjkwMzQwOTAiLCJibG9ja1R5cGUiOiJwYXJhZ3JhcGgiLCJzdHlsZXMiOnsiYWxpZ24iOiJsZWZ0IiwiaW5kZW50IjowLCJ0ZXh0LWluZGVudCI6MCwibGluZS1oZWlnaHQiOjEuNzV9LCJ0eXBlIjoicGFyYWdyYXBoIiwicmljaFRleHQiOnsiZGF0YSI6W3siY2hhciI6IuaEnyJ9LHsiY2hhciI6IuiwoiJ9LHsiY2hhciI6IuaCqCJ9LHsiY2hhciI6IuWvuSJ9LHsiY2hhciI6InQifSx7ImNoYXIiOiJyIn0seyJjaGFyIjoibyJ9LHsiY2hhciI6Im4ifSx7ImNoYXIiOiJzIn0seyJjaGFyIjoiYyJ9LHsiY2hhciI6ImEifSx7ImNoYXIiOiJuIn0seyJjaGFyIjoi55qEIn0seyJjaGFyIjoi5pSvIn0seyJjaGFyIjoi5oyBIn0seyJjaGFyIjoi77yBIn1dLCJpc1JpY2hUZXh0Ijp0cnVlLCJrZWVwTGluZUJyZWFrIjp0cnVlfX0seyJibG9ja0lkIjoiODc0MC0xNTQ3NzI5MDM0MDkwIiwiYmxvY2tUeXBlIjoicGFyYWdyYXBoIiwic3R5bGVzIjp7"
12:58:42.350 [TestNG-tests-1] DEBUG org.apache.http.wire -  << "ImFsaWduIjoibGVmdCIsImluZGVudCI6MCwidGV4dC1pbmRlbnQiOjAsImxpbmUtaGVpZ2h0IjoxLjc1fSwidHlwZSI6InBhcmFncmFwaCIsInJpY2hUZXh0Ijp7ImRhdGEiOlt7ImNoYXIiOiJ0In0seyJjaGFyIjoiciJ9LHsiY2hhciI6Im8ifSx7ImNoYXIiOiJuIn0seyJjaGFyIjoicyJ9LHsiY2hhciI6ImMifSx7ImNoYXIiOiJhIn0seyJjaGFyIjoibiJ9LHsiY2hhciI6IuWboiJ9LHsiY2hhciI6IumYnyJ9XSwiaXNSaWNoVGV4dCI6dHJ1ZSwia2VlcExpbmVCcmVhayI6dHJ1ZX19LHsiYmxvY2tJZCI6IjkwNjEtMTU0NzcyOTAzNDA5MCIsImJsb2NrVHlwZSI6InBhcmFncmFwaCIsInN0eWxlcyI6eyJhbGlnbiI6ImxlZnQiLCJpbmRlbnQiOjAsInRleHQtaW5kZW50IjowLCJsaW5lLWhlaWdodCI6MS43NX0sInR5cGUiOiJwYXJhZ3JhcGgiLCJyaWNoVGV4dCI6eyJkYXRhIjpbeyJjaGFyIjoiMiJ9LHsiY2hhciI6IjAifSx7ImNoYXIiOiIxIn0seyJjaGFyIjoiOSJ9LHsiY2hhciI6IuW5tCJ9LHsiY2hhciI6IjEifSx7ImNoYXIiOiLmnIgifSx7ImNoYXIiOiIxIn0seyJjaGFyIjoiNCJ9LHsiY2hhciI6IuaXpSJ9XSwiaXNSaWNoVGV4dCI6dHJ1ZSwia2VlcExpbmVCcmVhayI6dHJ1ZX19XQ==--></p>","type":1,"status":0,"extInfo":"[{\"method\":\"Telegram\",\"link\":\"https://t.me/tronscan\"},{\"method\":\"Twitter\",\"link\":\"https://twitter.com/tronscan_org\"}]","createTime":"2019-01-14 09:14:09","updateTime":"2019-01-23 09:14:37"},{"id":82,"titleEN":"The Integration of TRXMarket into CoinGecko","titleCN":"[0xe5][0x85][0xb3][0xe4][0xba][0x8e]TRXMarket[0xe6][0x8e][0xa5][0xe5][0x85][0xa5]CoinGecko[0xe7][0x9a][0x84][0xe5][0x85][0xac][0xe5][0x91][0x8a]","contextEN":"<p>Dear users:</p>\n<p>TRXMarket firstly integrated into CoinGecko, one of the largest market data website in the world. CoinGecko provides a fundamental analysis of the crypto market including price tracker, volume and market capitalization, community growth, open-source code development, major events and on-chain metrics.<br /> <a href=\"https://www.coingecko.com/en/exchanges/trx_market\">https://www.coingecko.com/en/exchanges/trx_market</a></p>\n<p>&nbsp;</p>\n<p>TRXMarket Team</p>\n<p>January 7, 2019</p>","contextCN":"<p>[0xe4][0xba][0xb2][0xe7][0x88][0xb1][0xe7][0x9a][0x84][0xe7][0x94][0xa8][0xe6][0x88][0xb7][0xef][0xbc][0x9a]</p>\n<p>[0xe6][0x82][0xa8][0xe5][0xa5][0xbd][0xef][0xbc][0x81]TRXMarket[0xe5][0xb7][0xb2][0xe7][0xbb][0x8f][0xe6][0x8e][0xa5][0xe5][0x85][0xa5]CoinGecko[0xe3][0x80][0x82]CoinGecko[0xe6][0x98][0xaf][0xe4][0xb8][0x96][0xe7][0x95][0x8c][0xe6][0x9c][0x80][0xe5][0xa4][0xa7][0xe5][0xb8][0x82][0xe5][0x9c][0xba][0xe6][0x95][0xb0][0xe6][0x8d][0xae][0xe7][0xbd][0x91][0xe7][0xab][0x99][0xe4][0xb9][0x8b][0xe4][0xb8][0x80][0xef][0xbc][0x8c][0xe4][0xb8][0xba][0xe5][0x8a][0xa0][0xe5][0xaf][0x86][0xe5][0xb8][0x82][0xe5][0x9c][0xba][0xe6][0x8f][0x90][0xe4][0xbe][0x9b][0xe5][0x8c][0x85][0xe6][0x8b][0xac][0xe4][0xbb][0xb7][0xe6][0xa0][0xbc][0xe8][0xbf][0xbd][0xe8][0xb8][0xaa][0xe3][0x80][0x81][0xe4][0xba][0xa4][0xe6][0x98][0x93][0xe9][0x87][0x8f][0xe3][0x80][0x81][0xe5][0xb8][0x82][0xe5][0x80][0xbc][0xe3][0x80][0x81][0xe7][0xa4][0xbe][0xe5][0x8c][0xba][0xe5][0xa2][0x9e][0xe9][0x95][0xbf][0xe6][0x83][0x85][0xe5][0x86][0xb5][0xe3][0x80][0x81][0xe5][0xbc][0x80][0xe6][0xba][0x90][0xe4][0xbb][0xa3][0xe7][0xa0][0x81][0xe5][0xbc][0x80][0xe5][0x8f][0x91][0xe3][0x80][0x81][0xe9][0x87][0x8d][0xe5][0xa4][0xa7][0xe4][0xba][0x8b][0xe4][0xbb][0xb6][0xe6][0x8a][0xab][0xe9][0x9c][0xb2][0xe5][0x8f][0x8a][0xe9][0x93][0xbe][0xe4][0xb8][0x8a][0xe6][0x8c][0x87][0xe6][0xa0][0x87][0xe7][0xad][0x89][0xe5][0x9f][0xba][0xe6][0x9c][0xac][0xe5][0x88][0x86][0xe6][0x9e][0x90][0xe3][0x80][0x82]</p>\n<p><a href=\"https://www.coingecko.com/zh/exchanges/trx_market\">https://www.coingecko.com/zh/exchanges/trx_market</a></p>\n<p>&nbsp;</p>\n<p>TRXMarket[0xe5][0x9b][0xa2][0xe9][0x98][0x9f]</p>\n<p>2019[0xe5][0xb9][0xb4]1[0xe6][0x9c][0x88]7[0xe6][0x97][0xa5]</p>","type":1,"status":0,"extInfo":"[{\"method\":\"Telegram\",\"link\":\"https://t.me/trxmarketEN\"},{\"method\":\"Twitter\",\"link\":\"https://twitter.com/TRX_Market\"}]","createTime":"2019-01-07 11:37:43","updateTime":"2019-02-25 10:08:08"}]}[\n]"
12:58:42.350 [TestNG-tests-1] DEBUG org.apache.http.wire -  << "[\r][\n]"
12:58:42.350 [TestNG-tests-1] DEBUG org.apache.http.wire -  << "0[\r][\n]"
12:58:42.350 [TestNG-tests-1] DEBUG org.apache.http.wire -  << "[\r][\n]"
12:58:42.351 [TestNG-tests-1] DEBUG org.apache.http.impl.conn.DefaultClientConnection - Connection 0.0.0.0:61313<->18.216.178.128:80 closed
12:58:42.351 [TestNG-tests-1] DEBUG org.apache.http.impl.conn.PoolingClientConnectionManager - Connection released: [id: 60][route: {}->http://apilist.tronscan.org:80][total kept alive: 0; route allocated: 0 of 80; total allocated: 0 of 100]
12:58:42.352 [TestNG-tests-1] INFO tron.common.TronscanApiList - ----------------------------Print JSON Start---------------------------
12:58:42.352 [TestNG-tests-1] INFO tron.common.TronscanApiList - total:37
12:58:42.357 [TestNG-tests-1] INFO tron.common.TronscanApiList - data:[{"titleEN":"TRXMarket Launches Market Price Trading Mode","createTime":"2019-01-30 11:52:09","titleCN":"TRXMarket上线市价交易功能","contextEN":"<p>Dear users:</p>\n<p>TRXMarket has launched market price trading mode on UTC January 30, 2019.</p>\n<p>TRXMarket Team<br /> January 30, 2019</p>","contextCN":"<p>亲爱的用户：</p>\n<p>您好！TRXMarket已于UTC时间2019年1月30日上线市价交易功能。</p>\n<p>TRXMarket团队</p>\n<p>2019年1月30日</p>","updateTime":"2019-01-30 11:53:13","id":94,"type":1,"status":0,"extInfo":"[{\"method\":\"Telegram\",\"link\":\"https://t.me/trxmarket2018\"},{\"method\":\"Twitter\",\"link\":\"https://twitter.com/TRX_Market\"},{\"method\":\"Website\",\"link\":\"https://trx.market\"}]"},{"titleEN":"TRXMarket Lists ATT/TRX Exchange Pair ","createTime":"2019-01-23 03:55:32","titleCN":"TRXMarket上线 ATT/TRX新交易对","contextEN":"<p>Dear users:</p>\n<p>TRXMarket will list a new exchange pair ATT/TRX at 05:00(UTC) on Jan 26, 2019.</p>\n<p>TRXMarket Team<br /> January 23, 2019</p>","contextCN":"<p>亲爱的用户：</p>\n<p>您好！TRXMarket将于UTC时间2019年1月26日05:00上线新交易对：ATT/TRX。</p>\n<p>敬请期待。&nbsp;</p>\n<p>TRXMarket团队</p>\n<p>2019年1月23日</p>","updateTime":"2019-01-23 04:30:44","id":93,"type":1,"status":0,"extInfo":"[{\"method\":\"Telegram\",\"link\":\"https://t.me/trxmarket2018\"},{\"method\":\"Twitter\",\"link\":\"https://twitter.com/TRX_Market\"}]"},{"titleEN":"TRXMarket Relists ANTE/TRX Exchange Pair","createTime":"2019-01-22 09:41:09","titleCN":"TRXMarket重新上线ANTE/TRX交易对","contextEN":"<p>Dear users:<br /> The exchange pair of ANTE/TRX has been relisted. Welcome to trade in TRXMarket.</p>\n<p><br /> TRXMarket Team</p>\n<p>January 22, 2019</p>","contextCN":"<p>亲爱的用户：<br /> 您好！TRXMarket已重新上线ANTE/TRX交易对，可以正常交易。</p>\n<p><br /> TRXMarket团队<br /> 2019年1月22日</p>","updateTime":"2019-01-22 09:43:40","id":92,"type":1,"status":0,"extInfo":"[{\"method\":\"Telegram\",\"link\":\"https://t.me/trxmarket2018\"},{\"method\":\"Twitter\",\"link\":\"https://twitter.com/TRX_Market\"}]"},{"titleEN":"TRXMarket Suspends ANTE/TRX Exchange Pair ","createTime":"2019-01-22 04:24:55","titleCN":"TRXMarket暂时下线 ANTE/TRX交易对","contextEN":"<p>Dear users:<br /> Due to technical glitches, ANTE/TRX Exchange Pair will be temporarily suspended in TRXMarket until the further notice. Sorry for the inconvenience, please wait patiently!<br /> <br /> TRXMarket Team</p>\n<p>January 22, 2019</p>","contextCN":"<p>亲爱的用户：<br /> 您好！由于技术原因，TRXMarket将暂时下线ANTE/TRX交易对。上线时间会另行通知，请大家耐心等待。给您带来的不便敬请谅解！</p>\n<p>&nbsp;<br /> TRXMarket团队<br /> 2019年1月22日</p>","updateTime":"2019-01-22 04:24:55","id":91,"type":1,"status":0,"extInfo":"[{\"method\":\"Telegram\",\"link\":\"https://t.me/trxmarket2018\"},{\"method\":\"Twitter\",\"link\":\"https://twitter.com/TRX_Market\"}]"},{"titleEN":"TRXMarket Back to Normal Operation","createTime":"2019-01-21 14:59:26","titleCN":"TRXMarket恢复正常运营","contextEN":"<p class=\"p1\"><span class=\"s1\">Dear users,</span></p>\n<p class=\"p1\"><span class=\"s1\">TRXMarket has come back and welcome to trade on TRXMarket. Sorry for the inconvenience during the maintenance! </span></p>\n<p class=\"p2\">&nbsp;</p>\n<p class=\"p1\"><span class=\"s1\">TRXMarket Team</span></p>\n<p class=\"p1\"><span class=\"s1\">January 21, 2019</span></p>","contextCN":"<p class=\"p1\"><span class=\"s1\">亲爱的用户：</span></p>\n<p class=\"p1\"><span class=\"s1\">TRXMarket已经恢复正常，欢迎继续在TRXMarket进行交易 。维护期间给您带来的不便敬请谅解！</span></p>\n<p class=\"p2\">&nbsp;</p>\n<p class=\"p1\"><span class=\"s1\">TRXMarket团队</span></p>\n<p class=\"p1\"><span class=\"s1\">2019年1月21日</span></p>","updateTime":"2019-02-19 03:37:13","id":90,"type":1,"status":0,"extInfo":"[{\"method\":\"Telegram\",\"link\":\"https://t.me/trxmarketEN\"},{\"method\":\"Twitter\",\"link\":\"https://twitter.com/TRX_Market\"}]"},{"titleEN":"TRXMarket Under Maintenance ","createTime":"2019-01-17 03:43:55","titleCN":"TRXMarket系统维护中","contextEN":"<p>Dear users,</p>\n<p>Due to glitch of main network, TRXMarket is now under maintenance until further notice. Sorry for the inconvenience, please wait patiently!</p>\n<p>&nbsp;</p>\n<p>TRXMarket Team</p>\n<p>January 17, 2019</p>","contextCN":"<p>亲爱的用户：</p>\n<p>由于系统原因，TRXMarket目前正在维护中，具体恢复时间会另行通知，请耐心等待。给您带来的不便敬请谅解！</p>\n<p>&nbsp;</p>\n<p>TRXMarket团队</p>\n<p>2019年1月17日</p>","updateTime":"2019-01-17 03:43:55","id":89,"type":1,"status":0,"extInfo":"[{\"method\":\"Telegram\",\"link\":\"https://t.me/trxmarket2018\"},{\"method\":\"Twitter\",\"link\":\"https://twitter.com/TRX_Market\"}]"},{"titleEN":"TRXMarket Lists IGG/TRX Exchange Pair ","createTime":"2019-01-16 04:35:14","titleCN":"TRXMarket上线IGG/TRX交易对","contextEN":"<p>Dear users:<br />TRXMarket will list a new exchange pair IGG/TRX at 10:00 (UTC) on January 16, 2019.<br /><br />TRXMarket Team<br />January 16, 2019</p>","contextCN":"<p>亲爱的用户：<br />您好！TRXMarket将于UTC时间2019年1月16日10:00上线新交易对：IGG/TRX。 <br /><br />TRXMarket团队<br />2019年1月16日</p>","updateTime":"2019-01-16 05:59:06","id":88,"type":1,"status":0,"extInfo":"[{\"method\":\"Telegram\",\"link\":\"https://t.me/trxmarket2018\"},{\"method\":\"Twitter\",\"link\":\"https://twitter.com/TRX_Market\"}]"},{"titleEN":"Launch of Night Mode of TRXMarket","createTime":"2019-01-14 09:33:02","titleCN":"TRXMarket夜间模式上线","contextEN":"<p>Dear users,</p>\n<p>The night mode of TRXMarket has come online!!</p>\n<p>Welcome you guys to trade on <a href=\"http://trx.market.\" target=\"_blank\" rel=\"noopener\">http://trx.market.&nbsp;</a></p>\n<p>&nbsp;</p>\n<p>TRXMarket Team</p>\n<p>January 14,2019</p>","contextCN":"<p>尊敬的各位用户：</p>\n<p>TRXMarket夜间模式正式上线！欢迎各位在<a href=\"http://trx.market\">http://trx.market</a>进行交易。</p>\n<p>&nbsp;</p>\n<p>TRXMarket团队</p>\n<p>2019年1月14日</p>","updateTime":"2019-01-14 09:33:02","id":84,"type":1,"status":0,"extInfo":"[{\"method\":\"Telegram\",\"link\":\"https://t.me/trxmarket2018\"},{\"method\":\"Twitter\",\"link\":\"https://twitter.com/TRX_Market\"}]"},{"titleEN":"Explanation about the recent issues on Tronscan update","createTime":"2019-01-14 09:14:09","titleCN":"关于tronscan近期问题的说明-更新","contextEN":"<div>\n<div>Dear users,</div>\n<div>&nbsp;</div>\n<div>We are aware of the recent issues which have been frequently reported. Please take heart that the team has been working on them now. Here is the timeline of when the issues will be fixed:</div>\n<div>&nbsp;</div>\n<div>1.Tronlink TRC10 transfer &ndash; Supported</div>\n<div>2.TRC20 data error&ndash; January 24</div>\n<div>3.TRC20 transfer detail query feature &ndash; January 24</div>\n<div>4.Ledger issue &ndash; Supported, support version: Ledger Nano S</div>\n<div>The ledger has support transfer TRX and TRC10, freeze, unfreeze, vote, change account name, TRC10 participation function.</div>\n<div>5.Tronscan API&ndash; Supported</div>\n<div>&nbsp;</div>\n<div>Thanks for supporting Tronscan!</div>\n<div>Tronscan Team</div>\n<div>January 14, 2019</div>\n<!--5f39ae17-8c62-4a45-bc43-b32064c9388a:W3siYmxvY2tJZCI6IjE0NjUtMTU0NzcyODk4NTU5NCIsImJsb2NrVHlwZSI6InBhcmFncmFwaCIsInN0eWxlcyI6eyJhbGlnbiI6ImxlZnQiLCJpbmRlbnQiOjAsInRleHQtaW5kZW50IjowLCJsaW5lLWhlaWdodCI6MS43NX0sInR5cGUiOiJwYXJhZ3JhcGgiLCJyaWNoVGV4dCI6eyJkYXRhIjpbeyJjaGFyIjoiRCJ9LHsiY2hhciI6ImUifSx7ImNoYXIiOiJhIn0seyJjaGFyIjoiciJ9LHsiY2hhciI6IiAifSx7ImNoYXIiOiJ1In0seyJjaGFyIjoicyJ9LHsiY2hhciI6ImUifSx7ImNoYXIiOiJyIn0seyJjaGFyIjoicyJ9LHsiY2hhciI6IiwifV0sImlzUmljaFRleHQiOnRydWUsImtlZXBMaW5lQnJlYWsiOnRydWV9fSx7ImJsb2NrSWQiOiI0NzUwLTE1NDc3Mjg5OTg4MjgiLCJibG9ja1R5cGUiOiJwYXJhZ3JhcGgiLCJzdHlsZXMiOnsiYWxpZ24iOiJsZWZ0IiwiaW5kZW50IjowLCJ0ZXh0LWluZGVudCI6MCwibGluZS1oZWlnaHQiOjEuNzV9LCJ0eXBlIjoicGFyYWdyYXBoIiwicmljaFRleHQiOnsiZGF0YSI6W3siY2hhciI6IsKgIn1dLCJpc1JpY2hUZXh0Ijp0cnVlLCJrZWVwTGluZUJyZWFrIjp0cnVlfX0seyJibG9ja0lkIjoiNjgzMC0xNTQ3NzI4OTk4ODI4IiwiYmxvY2tUeXBlIjoicGFyYWdyYXBoIiwic3R5bGVzIjp7ImFsaWduIjoibGVmdCIsImluZGVudCI6MCwidGV4dC1pbmRlbnQiOjAsImxpbmUtaGVpZ2h0IjoxLjc1fSwidHlwZSI6InBhcmFncmFwaCIsInJpY2hUZXh0Ijp7ImRhdGEiOlt7ImNoYXIiOiJXIn0seyJjaGFyIjoiZSJ9LHsiY2hhciI6IiAifSx7ImNoYXIiOiJhIn0seyJjaGFyIjoiciJ9LHsiY2hhciI6ImUifSx7ImNoYXIiOiIgIn0seyJjaGFyIjoiYSJ9LHsiY2hhciI6IncifSx7ImNoYXIiOiJhIn0seyJjaGFyIjoiciJ9LHsiY2hhciI6ImUifSx7ImNoYXIiOiIgIn0seyJjaGFyIjoibyJ9LHsiY2hhciI6ImYifSx7ImNoYXIiOiIgIn0seyJjaGFyIjoidCJ9LHsiY2hhciI6ImgifSx7ImNoYXIiOiJlIn0seyJjaGFyIjoiICJ9LHsiY2hhciI6InIifSx7ImNoYXIiOiJlIn0seyJjaGFyIjoiYyJ9LHsiY2hhciI6ImUifSx7ImNoYXIiOiJuIn0seyJjaGFyIjoidCJ9LHsiY2hhciI6IiAifSx7ImNoYXIiOiJpIn0seyJjaGFyIjoicyJ9LHsiY2hhciI6InMifSx7ImNoYXIiOiJ1In0seyJjaGFyIjoiZSJ9LHsiY2hhciI6InMifSx7ImNoYXIiOiIgIn0seyJjaGFyIjoidyJ9LHsiY2hhciI6ImgifSx7ImNoYXIiOiJpIn0seyJjaGFyIjoiYyJ9LHsiY2hhciI6ImgifSx7ImNoYXIiOiIgIn0seyJjaGFyIjoiaCJ9LHsiY2hhciI6ImEifSx7ImNoYXIiOiJ2In0seyJjaGFyIjoiZSJ9LHsiY2hhciI6IiAifSx7ImNoYXIiOiJiIn0seyJjaGFyIjoiZSJ9LHsiY2hhciI6ImUifSx7ImNoYXIiOiJuIn0seyJjaGFyIjoiICJ9LHsiY2hhciI6ImYifSx7ImNoYXIiOiJyIn0seyJjaGFyIjoiZSJ9LHsiY2hhciI6InEifSx7ImNoYXIiOiJ1In0seyJjaGFyIjoiZSJ9LHsiY2hhciI6Im4ifSx7ImNoYXIiOiJ0In0seyJjaGFyIjoibCJ9LHsiY2hhciI6InkifSx7ImNoYXIiOiIgIn0seyJjaGFyIjoiciJ9LHsiY2hhciI6ImUifSx7ImNoYXIiOiJwIn0seyJjaGFyIjoibyJ9LHsiY2hhciI6InIifSx7ImNoYXIiOiJ0In0seyJjaGFyIjoiZSJ9LHsiY2hhciI6ImQifSx7ImNoYXIiOiIuIn0seyJjaGFyIjoiICJ9LHsiY2hhciI6IlAifSx7ImNoYXIiOiJsIn0seyJjaGFyIjoiZSJ9LHsiY2hhciI6ImEifSx7ImNoYXIiOiJzIn0seyJjaGFyIjoiZSJ9LHsiY2hhciI6IiAifSx7ImNoYXIiOiJ0In0seyJjaGFyIjoiYSJ9LHsiY2hhciI6ImsifSx7ImNoYXIiOiJlIn0seyJjaGFyIjoiICJ9LHsiY2hhciI6ImgifSx7ImNoYXIiOiJlIn0seyJjaGFyIjoiYSJ9LHsiY2hhciI6InIifSx7ImNoYXIiOiJ0In0seyJjaGFyIjoiICJ9LHsiY2hhciI6InQifSx7ImNoYXIiOiJoIn0seyJjaGFyIjoiYSJ9LHsiY2hhciI6InQifSx7ImNoYXIiOiIgIn0seyJjaGFyIjoidCJ9LHsiY2hhciI6ImgifSx7ImNoYXIiOiJlIn0seyJjaGFyIjoiICJ9LHsiY2hhciI6InQifSx7ImNoYXIiOiJlIn0seyJjaGFyIjoiYSJ9LHsiY2hhciI6Im0ifSx7ImNoYXIiOiIgIn0seyJjaGFyIjoiaCJ9LHsiY2hhciI6ImEifSx7ImNoYXIiOiJzIn0seyJjaGFyIjoiICJ9LHsiY2hhciI6ImIifSx7ImNoYXIiOiJlIn0seyJjaGFyIjoiZSJ9LHsiY2hhciI6Im4ifSx7ImNoYXIiOiIgIn0seyJjaGFyIjoidyJ9LHsiY2hhciI6Im8ifSx7ImNoYXIiOiJyIn0seyJjaGFyIjoiayJ9LHsiY2hhciI6ImkifSx7ImNoYXIiOiJuIn0seyJjaGFyIjoiZyJ9LHsiY2hhciI6IiAifSx7ImNoYXIiOiJvIn0seyJjaGFyIjoibiJ9LHsiY2hhciI6IiAifSx7ImNoYXIiOiJ0In0seyJjaGFyIjoiaCJ9LHsiY2hhciI6ImUifSx7ImNoYXIiOiJtIn0seyJjaGFyIjoiICJ9LHsiY2hhciI6Im4ifSx7ImNoYXIiOiJvIn0seyJjaGFyIjoidyJ9LHsiY2hhciI6Ii4ifSx7ImNoYXIiOiIgIn0seyJjaGFyIjoiSCJ9LHsiY2hhciI6ImUifSx7ImNoYXIiOiJyIn0seyJjaGFyIjoiZSJ9LHsiY2hhciI6IiAifSx7ImNoYXIiOiJpIn0seyJjaGFyIjoicyJ9LHsiY2hhciI6IiAifSx7ImNoYXIiOiJ0In0seyJjaGFyIjoiaCJ9LHsiY2hhciI6ImUifSx7ImNoYXIiOiIgIn0seyJjaGFyIjoidCJ9LHsiY2hhciI6ImkifSx7ImNoYXIiOiJtIn0seyJjaGFyIjoiZSJ9LHsiY2hhciI6ImwifSx7ImNoYXIiOiJpIn0seyJjaGFyIjoibiJ9LHsiY2hhciI6ImUifSx7ImNoYXIiOiIgIn0seyJjaGFyIjoibyJ9LHsiY2hhciI6ImYifSx7ImNoYXIiOiIgIn0seyJjaGFyIjoidyJ9LHsiY2hhciI6ImgifSx7ImNoYXIiOiJlIn0seyJjaGFyIjoibiJ9LHsiY2hhciI6IiAifSx7ImNoYXIiOiJ0In0seyJjaGFyIjoiaCJ9LHsiY2hhciI6ImUifSx7ImNoYXIiOiIgIn0seyJjaGFyIjoiaSJ9LHsiY2hhciI6InMifSx7ImNoYXIiOiJzIn0seyJjaGFyIjoidSJ9LHsiY2hhciI6ImUifSx7ImNoYXIiOiJzIn0seyJjaGFyIjoiICJ9LHsiY2hhciI6IncifSx7ImNoYXIiOiJpIn0seyJjaGFyIjoibCJ9LHsiY2hhciI6ImwifSx7ImNoYXIiOiIgIn0seyJjaGFyIjoiYiJ9LHsiY2hhciI6ImUifSx7ImNoYXIiOiIgIn0seyJjaGFyIjoiZiJ9LHsiY2hhciI6ImkifSx7ImNoYXIiOiJ4In0seyJjaGFyIjoiZSJ9LHsiY2hhciI6ImQifSx7ImNoYXIiOiI6In1dLCJpc1JpY2hUZXh0Ijp0cnVlLCJrZWVwTGluZUJyZWFrIjp0cnVlfX0seyJibG9ja0lkIjoiOTE1My0xNTQ3NzI4OTk4ODI4IiwiYmxvY2tUeXBlIjoicGFyYWdyYXBoIiwic3R5bGVzIjp7ImFsaWduIjoibGVmdCIsImluZGVudCI6MCwidGV4dC1pbmRlbnQiOjAsImxpbmUtaGVpZ2h0IjoxLjc1fSwidHlwZSI6InBhcmFncmFwaCIsInJpY2hUZXh0Ijp7ImRhdGEiOlt7ImNoYXIiOiLCoCJ9XSwiaXNSaWNoVGV4dCI6dHJ1ZSwia2VlcExpbmVCcmVhayI6dHJ1ZX19LHsiYmxvY2tJZCI6IjU2MzgtMTU0NzcyODk5ODgyOCIsImJsb2NrVHlwZSI6InBhcmFncmFwaCIsInN0eWxlcyI6eyJhbGlnbiI6ImxlZnQiLCJpbmRlbnQiOjAsInRleHQtaW5kZW50IjowLCJsaW5lLWhlaWdodCI6MS43NX0sInR5cGUiOiJwYXJhZ3JhcGgiLCJyaWNoVGV4dCI6eyJkYXRhIjpbeyJjaGFyIjoiMSJ9LHsiY2hhciI6Ii4ifSx7ImNoYXIiOiJUIn0seyJjaGFyIjoiciJ9LHsiY2hhciI6Im8ifSx7ImNoYXIiOiJuIn0seyJjaGFyIjoibCJ9LHsiY2hhciI6ImkifSx7ImNoYXIiOiJuIn0seyJjaGFyIjoiayJ9LHsiY2hhciI6IiAifSx7ImNoYXIiOiJUIn0seyJjaGFyIjoiUiJ9LHsiY2hhciI6IkMifSx7ImNoYXIiOiIxIn0seyJjaGFyIjoiMCJ9LHsiY2hhciI6IiAifSx7ImNoYXIiOiJ0In0seyJjaGFyIjoiciJ9LHsiY2hhciI6ImEifSx7ImNoYXIiOiJuIn0seyJjaGFyIjoicyJ9LHsiY2hhciI6ImYifSx7ImNoYXIiOiJlIn0seyJjaGFyIjoiciJ9LHsiY2hhciI6IiAifSx7ImNoYXIiOiLigJMifSx7ImNoYXIiOiIgIn0seyJjaGFyIjoiYSJ9LHsiY2hhciI6ImYifSx7ImNoYXIiOiJ0In0seyJjaGFyIjoiZSJ9LHsiY2hhciI6InIifSx7ImNoYXIiOiIgIn0seyJjaGFyIjoidCJ9LHsiY2hhciI6ImgifSx7ImNoYXIiOiJlIn0seyJjaGFyIjoiICJ9LHsiY2hhciI6Im4ifSx7ImNoYXIiOiJlIn0seyJjaGFyIjoidyJ9LHsiY2hhciI6ImUifSx7ImNoYXIiOiJzIn0seyJjaGFyIjoidCJ9LHsiY2hhciI6IiAifSx7ImNoYXIiOiJ2In0seyJjaGFyIjoiZSJ9LHsiY2hhciI6InIifSx7ImNoYXIiOiJzIn0seyJjaGFyIjoiaSJ9LHsiY2hhciI6Im8ifSx7ImNoYXIiOiJuIn0seyJjaGFyIjoiICJ9LHsiY2hhciI6InAifSx7ImNoYXIiOiJhIn0seyJjaGFyIjoicyJ9LHsiY2hhciI6InMifSx7ImNoYXIiOiJlIn0seyJjaGFyIjoicyJ9LHsiY2hhciI6IiAifSx7ImNoYXIiOiJ0In0seyJjaGFyIjoiaCJ9LHsiY2hhciI6ImUifSx7ImNoYXIiOiIgIn0seyJjaGFyIjoiQyJ9LHsiY2hhciI6ImgifSx7ImNoYXIiOiJyIn0seyJjaGFyIjoibyJ9LHsiY2hhciI6Im0ifSx7ImNoYXIiOiJlIn0seyJjaGFyIjoiICJ9LHsiY2hhciI6IlMifSx7ImNoYXIiOiJ0In0seyJjaGFyIjoibyJ9LHsiY2hhciI6InIifSx7ImNoYXIiOiJlIn0seyJjaGFyIjoiICJ9LHsiY2hhciI6InIifSx7ImNoYXIiOiJlIn0seyJjaGFyIjoidiJ9LHsiY2hhciI6ImkifSx7ImNoYXIiOiJlIn0seyJjaGFyIjoidyJ9XSwiaXNSaWNoVGV4dCI6dHJ1ZSwia2VlcExpbmVCcmVhayI6dHJ1ZX19LHsiYmxvY2tJZCI6IjcwNzAtMTU0NzcyODk5ODgyOCIsImJsb2NrVHlwZSI6InBhcmFncmFwaCIsInN0eWxlcyI6eyJhbGlnbiI6ImxlZnQiLCJpbmRlbnQiOjAsInRleHQtaW5kZW50IjowLCJsaW5lLWhlaWdodCI6MS43NX0sInR5cGUiOiJwYXJhZ3JhcGgiLCJyaWNoVGV4dCI6eyJkYXRhIjpbeyJjaGFyIjoiMiJ9LHsiY2hhciI6Ii4ifSx7ImNoYXIiOiJUIn0seyJjaGFyIjoiUiJ9LHsiY2hhciI6IkMifSx7ImNoYXIiOiIyIn0seyJjaGFyIjoiMCJ9LHsiY2hhciI6IiAifSx7ImNoYXIiOiJkIn0seyJjaGFyIjoiYSJ9LHsiY2hhciI6InQifSx7ImNoYXIiOiJhIn0seyJjaGFyIjoiICJ9LHsiY2hhciI6ImUifSx7ImNoYXIiOiJyIn0seyJjaGFyIjoiciJ9LHsiY2hhciI6Im8ifSx7ImNoYXIiOiJyIn0seyJjaGFyIjoi4oCTIn0seyJjaGFyIjoiICJ9LHsiY2hhciI6IkoifSx7ImNoYXIiOiJhIn0seyJjaGFyIjoibiJ9LHsiY2hhciI6InUifSx7ImNoYXIiOiJhIn0seyJjaGFyIjoiciJ9LHsiY2hhciI6InkifSx7ImNoYXIiOiIgIn0seyJjaGFyIjoiMiJ9LHsiY2hhciI6IjQifV0sImlzUmljaFRleHQiOnRydWUsImtlZXBMaW5lQnJlYWsiOnRydWV9fSx7ImJsb2NrSWQiOiI0MTg2LTE1NDc3Mjg5OTg4MjgiLCJibG9ja1R5cGUiOiJwYXJhZ3JhcGgiLCJzdHlsZXMiOnsiYWxpZ24iOiJsZWZ0IiwiaW5kZW50IjowLCJ0ZXh0LWluZGVudCI6MCwibGluZS1oZWlnaHQiOjEuNzV9LCJ0eXBlIjoicGFyYWdyYXBoIiwicmljaFRleHQiOnsiZGF0YSI6W3siY2hhciI6IjMifSx7ImNoYXIiOiIuIn0seyJjaGFyIjoiVCJ9LHsiY2hhciI6IlIifSx7ImNoYXIiOiJDIn0seyJjaGFyIjoiMiJ9LHsiY2hhciI6IjAifSx7ImNoYXIiOiIgIn0seyJjaGFyIjoidCJ9LHsiY2hhciI6InIifSx7ImNoYXIiOiJhIn0seyJjaGFyIjoibiJ9LHsiY2hhciI6InMifSx7ImNoYXIiOiJmIn0seyJjaGFyIjoiZSJ9LHsiY2hhciI6InIifSx7ImNoYXIiOiIgIn0seyJjaGFyIjoiZCJ9LHsiY2hhciI6ImUifSx7ImNoYXIiOiJ0In0seyJjaGFyIjoiYSJ9LHsiY2hhciI6ImkifSx7ImNoYXIiOiJsIn0seyJjaGFyIjoiICJ9LHsiY2hhciI6InEifSx7ImNoYXIiOiJ1In0seyJjaGFyIjoiZSJ9LHsiY2hhciI6InIifSx7ImNoYXIiOiJ5In0seyJjaGFyIjoiICJ9LHsiY2hhciI6ImYifSx7ImNoYXIiOiJlIn0seyJjaGFyIjoiYSJ9LHsiY2hhciI6InQifSx7ImNoYXIiOiJ1In0seyJjaGFyIjoiciJ9LHsiY2hhciI6ImUifSx7ImNoYXIiOiIgIn0seyJjaGFyIjoi4oCTIn0seyJjaGFyIjoiICJ9LHsiY2hhciI6IkoifSx7ImNoYXIiOiJhIn0seyJjaGFyIjoibiJ9LHsiY2hhciI6InUifSx7ImNoYXIiOiJhIn0seyJjaGFyIjoiciJ9LHsiY2hhciI6InkifSx7ImNoYXIiOiIgIn0seyJjaGFyIjoiMiJ9LHsiY2hhciI6IjQifV0sImlzUmljaFRleHQiOnRydWUsImtlZXBMaW5lQnJlYWsiOnRydWV9fSx7ImJsb2NrSWQiOiIxNjE3LTE1NDc3Mjg5OTg4MjgiLCJibG9ja1R5cGUiOiJwYXJhZ3JhcGgiLCJzdHlsZXMiOnsiYWxpZ24iOiJsZWZ0IiwiaW5kZW50IjowLCJ0ZXh0LWluZGVudCI6MCwibGluZS1oZWlnaHQiOjEuNzV9LCJ0eXBlIjoicGFyYWdyYXBoIiwicmljaFRleHQiOnsiZGF0YSI6W3siY2hhciI6IjQifSx7ImNoYXIiOiIuIn0seyJjaGFyIjoiTCIsInN0eWxlcyI6eyJjb2xvciI6IiMxOTFmMjUiLCJiYWNrLWNvbG9yIjoiI2ZmZmZmZiJ9fSx7ImNoYXIiOiJlIiwic3R5bGVzIjp7ImNvbG9yIjoiIzE5MWYyNSIsImJhY2stY29sb3IiOiIjZmZmZmZmIn19LHsiY2hhciI6ImQiLCJzdHlsZXMiOnsiY29sb3IiOiIjMTkxZjI1IiwiYmFjay1jb2xvciI6IiNmZmZmZmYifX0seyJjaGFyIjoiZyIsInN0eWxlcyI6eyJjb2xvciI6IiMxOTFmMjUiLCJiYWNrLWNvbG9yIjoiI2ZmZmZmZiJ9fSx7ImNoYXIiOiJlIiwic3R5bGVzIjp7ImNvbG9yIjoiIzE5MWYyNSIsImJhY2stY29sb3IiOiIjZmZmZmZmIn19LHsiY2hhciI6InIiLCJzdHlsZXMiOnsiY29sb3IiOiIjMTkxZjI1IiwiYmFjay1jb2xvciI6IiNmZmZmZmYifX0seyJjaGFyIjoiICIsInN0eWxlcyI6eyJjb2xvciI6IiMxOTFmMjUiLCJiYWNrLWNvbG9yIjoiI2ZmZmZmZiJ9fSx7ImNoYXIiOiJpIiwic3R5bGVzIjp7ImNvbG9yIjoiIzE5MWYyNSIsImJhY2stY29sb3IiOiIjZmZmZmZmIn19LHsiY2hhciI6InMiLCJzdHlsZXMiOnsiY29sb3IiOiIjMTkxZjI1IiwiYmFjay1jb2xvciI6IiNmZmZmZmYifX0seyJjaGFyIjoicyIsInN0eWxlcyI6eyJjb2xvciI6IiMxOTFmMjUiLCJiYWNrLWNvbG9yIjoiI2ZmZmZmZiJ9fSx7ImNoYXIiOiJ1Iiwic3R5bGVzIjp7ImNvbG9yIjoiIzE5MWYyNSIsImJhY2stY29sb3IiOiIjZmZmZmZmIn19LHsiY2hhciI6ImUiLCJzdHlsZXMiOnsiY29sb3IiOiIjMTkxZjI1IiwiYmFjay1jb2xvciI6IiNmZmZmZmYifX0seyJjaGFyIjoiICJ9LHsiY2hhciI6IuKAkyJ9LHsiY2hhciI6IiAifSx7ImNoYXIiOiJTIn0seyJjaGFyIjoidSJ9LHsiY2hhciI6InAifSx7ImNoYXIiOiJwIn0seyJjaGFyIjoibyJ9LHsiY2hhciI6InIifSx7ImNoYXIiOiJ0In0seyJjaGFyIjoiZSJ9LHsiY2hhciI6ImQifSx7ImNoYXIiOiIsIn0seyJjaGFyIjoiICIsInN0eWxlcyI6eyJjb2xvciI6IiMxOTFmMjUiLCJiYWNrLWNvbG9yIjoiI2ZmZmZmZiJ9fSx7ImNoYXIiOiJzIiwic3R5bGVzIjp7ImNvbG9yIjoiIzE5MWYyNSIsImJhY2stY29sb3IiOiIjZmZmZmZmIn19LHsiY2hhciI6InUiLCJzdHlsZXMiOnsiY29sb3IiOiIjMTkxZjI1IiwiYmFjay1jb2xvciI6IiNmZmZmZmYifX0seyJjaGFyIjoicCIsInN0eWxlcyI6eyJjb2xvciI6IiMxOTFmMjUiLCJiYWNrLWNvbG9yIjoiI2ZmZmZmZiJ9fSx7ImNoYXIiOiJwIiwic3R5bGVzIjp7ImNvbG9yIjoiIzE5MWYyNSIsImJhY2stY29sb3IiOiIjZmZmZmZmIn19LHsiY2hhciI6Im8iLCJzdHlsZXMiOnsiY29sb3IiOiIjMTkxZjI1IiwiYmFjay1jb2xvciI6IiNmZmZmZmYifX0seyJjaGFyIjoiciIsInN0eWxlcyI6eyJjb2xvciI6IiMxOTFmMjUiLCJiYWNrLWNvbG9yIjoiI2ZmZmZmZiJ9fSx7ImNoYXIiOiJ0Iiwic3R5bGVzIjp7ImNvbG9yIjoiIzE5MWYyNSIsImJhY2stY29sb3IiOiIjZmZmZmZmIn19LHsiY2hhciI6IiAiLCJzdHlsZXMiOnsiY29sb3IiOiIjMTkxZjI1IiwiYmFjay1jb2xvciI6IiNmZmZmZmYifX0seyJjaGFyIjoidiIsInN0eWxlcyI6eyJjb2xvciI6IiMxOTFmMjUiLCJiYWNrLWNvbG9yIjoiI2ZmZmZmZiJ9fSx7ImNoYXIiOiJlIiwic3R5bGVzIjp7ImNvbG9yIjoiIzE5MWYyNSIsImJhY2stY29sb3IiOiIjZmZmZmZmIn19LHsiY2hhciI6InIiLCJzdHlsZXMiOnsiY29sb3IiOiIjMTkxZjI1IiwiYmFjay1jb2xvciI6IiNmZmZmZmYifX0seyJjaGFyIjoicyIsInN0eWxlcyI6eyJjb2xvciI6IiMxOTFmMjUiLCJiYWNrLWNvbG9yIjoiI2ZmZmZmZiJ9fSx7ImNoYXIiOiJpIiwic3R5bGVzIjp7ImNvbG9yIjoiIzE5MWYyNSIsImJhY2stY29sb3IiOiIjZmZmZmZmIn19LHsiY2hhciI6Im8iLCJzdHlsZXMiOnsiY29sb3IiOiIjMTkxZjI1IiwiYmFjay1jb2xvciI6IiNmZmZmZmYifX0seyJjaGFyIjoibiIsInN0eWxlcyI6eyJjb2xvciI6IiMxOTFmMjUiLCJiYWNrLWNvbG9yIjoiI2ZmZmZmZiJ9fSx7ImNoYXIiOiI6Iiwic3R5bGVzIjp7ImNvbG9yIjoiIzE5MWYyNSIsImJhY2stY29sb3IiOiIjZmZmZmZmIn19LHsiY2hhciI6IiAiLCJzdHlsZXMiOnsiY29sb3IiOiIjMTkxZjI1IiwiYmFjay1jb2xvciI6IiNmZmZmZmYifX0seyJjaGFyIjoiTCIsInN0eWxlcyI6eyJjb2xvciI6IiMxOTFmMjUiLCJiYWNrLWNvbG9yIjoiI2ZmZmZmZiJ9fSx7ImNoYXIiOiJlIiwic3R5bGVzIjp7ImNvbG9yIjoiIzE5MWYyNSIsImJhY2stY29sb3IiOiIjZmZmZmZmIn19LHsiY2hhciI6ImQiLCJzdHlsZXMiOnsiY29sb3IiOiIjMTkxZjI1IiwiYmFjay1jb2xvciI6IiNmZmZmZmYifX0seyJjaGFyIjoiZyIsInN0eWxlcyI6eyJjb2xvciI6IiMxOTFmMjUiLCJiYWNrLWNvbG9yIjoiI2ZmZmZmZiJ9fSx7ImNoYXIiOiJlIiwic3R5bGVzIjp7ImNvbG9yIjoiIzE5MWYyNSIsImJhY2stY29sb3IiOiIjZmZmZmZmIn19LHsiY2hhciI6InIiLCJzdHlsZXMiOnsiY29sb3IiOiIjMTkxZjI1IiwiYmFjay1jb2xvciI6IiNmZmZmZmYifX0seyJjaGFyIjoiICIsInN0eWxlcyI6eyJjb2xvciI6IiMxOTFmMjUiLCJiYWNrLWNvbG9yIjoiI2ZmZmZmZiJ9fSx7ImNoYXIiOiJOIiwic3R5bGVzIjp7ImNvbG9yIjoiIzE5MWYyNSIsImJhY2stY29sb3IiOiIjZmZmZmZmIn19LHsiY2hhciI6ImEiLCJzdHlsZXMiOnsiY29sb3IiOiIjMTkxZjI1IiwiYmFjay1jb2xvciI6IiNmZmZmZmYifX0seyJjaGFyIjoibiIsInN0eWxlcyI6eyJjb2xvciI6IiMxOTFmMjUiLCJiYWNrLWNvbG9yIjoiI2ZmZmZmZiJ9fSx7ImNoYXIiOiJvIiwic3R5bGVzIjp7ImNvbG9yIjoiIzE5MWYyNSIsImJhY2stY29sb3IiOiIjZmZmZmZmIn19LHsiY2hhciI6IiAiLCJzdHlsZXMiOnsiY29sb3IiOiIjMTkxZjI1IiwiYmFjay1jb2xvciI6IiNmZmZmZmYifX0seyJjaGFyIjoiUyIsInN0eWxlcyI6eyJjb2xvciI6IiMxOTFmMjUiLCJiYWNrLWNvbG9yIjoiI2ZmZmZmZiJ9fV0sImlzUmljaFRleHQiOnRydWUsImtlZXBMaW5lQnJlYWsiOnRydWV9fSx7ImJsb2NrSWQiOiI5MzEyLTE1NDc3MjkwNjA3MzUiLCJibG9ja1R5cGUiOiJwYXJhZ3JhcGgiLCJzdHlsZXMiOnsiYWxpZ24iOiJsZWZ0IiwiaW5kZW50IjowLCJ0ZXh0LWluZGVudCI6MCwibGluZS1oZWlnaHQiOjEuNzV9LCJ0eXBlIjoicGFyYWdyYXBoIiwicmljaFRleHQiOnsiZGF0YSI6W3siY2hhciI6IlQiLCJzdHlsZXMiOnsiZm9udC1mYW1pbHkiOiJBcmlhbCIsImNvbG9yIjoiIzMzMzMzMyIsImJhY2stY29sb3IiOiIjZjdmOGZhIn19LHsiY2hhciI6ImgiLCJzdHlsZXMiOnsiZm9udC1mYW1pbHkiOiJBcmlhbCIsImNvbG9yIjoiIzMzMzMzMyIsImJhY2stY29sb3IiOiIjZjdmOGZhIn19LHsiY2hhciI6ImUiLCJzdHlsZXMiOnsiZm9udC1mYW1pbHkiOiJBcmlhbCIsImNvbG9yIjoiIzMzMzMzMyIsImJhY2stY29sb3IiOiIjZjdmOGZhIn19LHsiY2hhciI6IiAiLCJzdHlsZXMiOnsiZm9udC1mYW1pbHkiOiJBcmlhbCIsImNvbG9yIjoiIzMzMzMzMyIsImJhY2stY29sb3IiOiIjZjdmOGZhIn19LHsiY2hhciI6ImwiLCJzdHlsZXMiOnsiZm9udC1mYW1pbHkiOiJBcmlhbCIsImNvbG9yIjoiIzMzMzMzMyIsImJhY2stY29sb3IiOiIjZjdmOGZhIn19LHsiY2hhciI6ImUiLCJzdHlsZXMiOnsiZm9udC1mYW1pbHkiOiJBcmlhbCIsImNvbG9yIjoiIzMzMzMzMyIsImJhY2stY29sb3IiOiIjZjdmOGZhIn19LHsiY2hhciI6ImQiLCJzdHlsZXMiOnsiZm9udC1mYW1pbHkiOiJBcmlhbCIsImNvbG9yIjoiIzMzMzMzMyIsImJhY2stY29sb3IiOiIjZjdmOGZhIn19LHsiY2hhciI6ImciLCJzdHlsZXMiOnsiZm9udC1mYW1pbHkiOiJBcmlhbCIsImNvbG9yIjoiIzMzMzMzMyIsImJhY2stY29sb3IiOiIjZjdmOGZhIn19LHsiY2hhciI6ImUiLCJzdHlsZXMiOnsiZm9udC1mYW1pbHkiOiJBcmlhbCIsImNvbG9yIjoiIzMzMzMzMyIsImJhY2stY29sb3IiOiIjZjdmOGZhIn19LHsiY2hhciI6InIiLCJzdHlsZXMiOnsiZm9udC1mYW1pbHkiOiJBcmlhbCIsImNvbG9yIjoiIzMzMzMzMyIsImJhY2stY29sb3IiOiIjZjdmOGZhIn19LHsiY2hhciI6IiAiLCJzdHlsZXMiOnsiZm9udC1mYW1pbHkiOiJBcmlhbCIsImNvbG9yIjoiIzMzMzMzMyIsImJhY2stY29sb3IiOiIjZjdmOGZhIn19LHsiY2hhciI6ImgiLCJzdHlsZXMiOnsiZm9udC1mYW1pbHkiOiJBcmlhbCIsImNvbG9yIjoiIzMzMzMzMyIsImJhY2stY29sb3IiOiIjZjdmOGZhIn19LHsiY2hhciI6ImEiLCJzdHlsZXMiOnsiZm9udC1mYW1pbHkiOiJBcmlhbCIsImNvbG9yIjoiIzMzMzMzMyIsImJhY2stY29sb3IiOiIjZjdmOGZhIn19LHsiY2hhciI6InMiLCJzdHlsZXMiOnsiZm9udC1mYW1pbHkiOiJBcmlhbCIsImNvbG9yIjoiIzMzMzMzMyIsImJhY2stY29sb3IiOiIjZjdmOGZhIn19LHsiY2hhciI6IiAiLCJzdHlsZXMiOnsiZm9udC1mYW1pbHkiOiJBcmlhbCIsImNvbG9yIjoiIzMzMzMzMyIsImJhY2stY29sb3IiOiIjZjdmOGZhIn19LHsiY2hhciI6InMiLCJzdHlsZXMiOnsiZm9udC1mYW1pbHkiOiJBcmlhbCIsImNvbG9yIjoiIzMzMzMzMyIsImJhY2stY29sb3IiOiIjZjdmOGZhIn19LHsiY2hhciI6InUiLCJzdHlsZXMiOnsiZm9udC1mYW1pbHkiOiJBcmlhbCIsImNvbG9yIjoiIzMzMzMzMyIsImJhY2stY29sb3IiOiIjZjdmOGZhIn19LHsiY2hhciI6InAiLCJzdHlsZXMiOnsiZm9udC1mYW1pbHkiOiJBcmlhbCIsImNvbG9yIjoiIzMzMzMzMyIsImJhY2stY29sb3IiOiIjZjdmOGZhIn19LHsiY2hhciI6InAiLCJzdHlsZXMiOnsiZm9udC1mYW1pbHkiOiJBcmlhbCIsImNvbG9yIjoiIzMzMzMzMyIsImJhY2stY29sb3IiOiIjZjdmOGZhIn19LHsiY2hhciI6Im8iLCJzdHlsZXMiOnsiZm9udC1mYW1pbHkiOiJBcmlhbCIsImNvbG9yIjoiIzMzMzMzMyIsImJhY2stY29sb3IiOiIjZjdmOGZhIn19LHsiY2hhciI6InIiLCJzdHlsZXMiOnsiZm9udC1mYW1pbHkiOiJBcmlhbCIsImNvbG9yIjoiIzMzMzMzMyIsImJhY2stY29sb3IiOiIjZjdmOGZhIn19LHsiY2hhciI6InQiLCJzdHlsZXMiOnsiZm9udC1mYW1pbHkiOiJBcmlhbCIsImNvbG9yIjoiIzMzMzMzMyIsImJhY2stY29sb3IiOiIjZjdmOGZhIn19LHsiY2hhciI6IiAiLCJzdHlsZXMiOnsiZm9udC1mYW1pbHkiOiJBcmlhbCIsImNvbG9yIjoiIzMzMzMzMyIsImJhY2stY29sb3IiOiIjZjdmOGZhIn19LHsiY2hhciI6InQiLCJzdHlsZXMiOnsiZm9udC1mYW1pbHkiOiJBcmlhbCIsImNvbG9yIjoiIzMzMzMzMyIsImJhY2stY29sb3IiOiIjZjdmOGZhIn19LHsiY2hhciI6InIiLCJzdHlsZXMiOnsiZm9udC1mYW1pbHkiOiJBcmlhbCIsImNvbG9yIjoiIzMzMzMzMyIsImJhY2stY29sb3IiOiIjZjdmOGZhIn19LHsiY2hhciI6ImEiLCJzdHlsZXMiOnsiZm9udC1mYW1pbHkiOiJBcmlhbCIsImNvbG9yIjoiIzMzMzMzMyIsImJhY2stY29sb3IiOiIjZjdmOGZhIn19LHsiY2hhciI6Im4iLCJzdHlsZXMiOnsiZm9udC1mYW1pbHkiOiJBcmlhbCIsImNvbG9yIjoiIzMzMzMzMyIsImJhY2stY29sb3IiOiIjZjdmOGZhIn19LHsiY2hhciI6InMiLCJzdHlsZXMiOnsiZm9udC1mYW1pbHkiOiJBcmlhbCIsImNvbG9yIjoiIzMzMzMzMyIsImJhY2stY29sb3IiOiIjZjdmOGZhIn19LHsiY2hhciI6ImYiLCJzdHlsZXMiOnsiZm9udC1mYW1pbHkiOiJBcmlhbCIsImNvbG9yIjoiIzMzMzMzMyIsImJhY2stY29sb3IiOiIjZjdmOGZhIn19LHsiY2hhciI6ImUiLCJzdHlsZXMiOnsiZm9udC1mYW1pbHkiOiJBcmlhbCIsImNvbG9yIjoiIzMzMzMzMyIsImJhY2stY29sb3IiOiIjZjdmOGZhIn19LHsiY2hhciI6InIiLCJzdHlsZXMiOnsiZm9udC1mYW1pbHkiOiJBcmlhbCIsImNvbG9yIjoiIzMzMzMzMyIsImJhY2stY29sb3IiOiIjZjdmOGZhIn19LHsiY2hhciI6IiAiLCJzdHlsZXMiOnsiZm9udC1mYW1pbHkiOiJBcmlhbCIsImNvbG9yIjoiIzMzMzMzMyIsImJhY2stY29sb3IiOiIjZjdmOGZhIn19LHsiY2hhciI6IlQiLCJzdHlsZXMiOnsiZm9udC1mYW1pbHkiOiJBcmlhbCIsImNvbG9yIjoiIzMzMzMzMyIsImJhY2stY29sb3IiOiIjZjdmOGZhIn19LHsiY2hhciI6IlIiLCJzdHlsZXMiOnsiZm9udC1mYW1pbHkiOiJBcmlhbCIsImNvbG9yIjoiIzMzMzMzMyIsImJhY2stY29sb3IiOiIjZjdmOGZhIn19LHsiY2hhciI6IlgiLCJzdHlsZXMiOnsiZm9udC1mYW1pbHkiOiJBcmlhbCIsImNvbG9yIjoiIzMzMzMzMyIsImJhY2stY29sb3IiOiIjZjdmOGZhIn19LHsiY2hhciI6IiAiLCJzdHlsZXMiOnsiZm9udC1mYW1pbHkiOiJBcmlhbCIsImNvbG9yIjoiIzMzMzMzMyIsImJhY2stY29sb3IiOiIjZjdmOGZhIn19LHsiY2hhciI6ImEiLCJzdHlsZXMiOnsiZm9udC1mYW1pbHkiOiJBcmlhbCIsImNvbG9yIjoiIzMzMzMzMyIsImJhY2stY29sb3IiOiIjZjdmOGZhIn19LHsiY2hhciI6Im4iLCJzdHlsZXMiOnsiZm9udC1mYW1pbHkiOiJBcmlhbCIsImNvbG9yIjoiIzMzMzMzMyIsImJhY2stY29sb3IiOiIjZjdmOGZhIn19LHsiY2hhciI6ImQiLCJzdHlsZXMiOnsiZm9udC1mYW1pbHkiOiJBcmlhbCIsImNvbG9yIjoiIzMzMzMzMyIsImJhY2stY29sb3IiOiIjZjdmOGZhIn19LHsiY2hhciI6IiAiLCJzdHlsZXMiOnsiZm9udC1mYW1pbHkiOiJBcmlhbCIsImNvbG9yIjoiIzMzMzMzMyIsImJhY2stY29sb3IiOiIjZjdmOGZhIn19LHsiY2hhciI6IlQiLCJzdHlsZXMiOnsiZm9udC1mYW1pbHkiOiJBcmlhbCIsImNvbG9yIjoiIzMzMzMzMyIsImJhY2stY29sb3IiOiIjZjdmOGZhIn19LHsiY2hhciI6IlIiLCJzdHlsZXMiOnsiZm9udC1mYW1pbHkiOiJBcmlhbCIsImNvbG9yIjoiIzMzMzMzMyIsImJhY2stY29sb3IiOiIjZjdmOGZhIn19LHsiY2hhciI6IkMiLCJzdHlsZXMiOnsiZm9udC1mYW1pbHkiOiJBcmlhbCIsImNvbG9yIjoiIzMzMzMzMyIsImJhY2stY29sb3IiOiIjZjdmOGZhIn19LHsiY2hhciI6IjEiLCJzdHlsZXMiOnsiZm9udC1mYW1pbHkiOiJBcmlhbCIsImNvbG9yIjoiIzMzMzMzMyIsImJhY2stY29sb3IiOiIjZjdmOGZhIn19LHsiY2hhciI6IjAiLCJzdHlsZXMiOnsiZm9udC1mYW1pbHkiOiJBcmlhbCIsImNvbG9yIjoiIzMzMzMzMyIsImJhY2stY29sb3IiOiIjZjdmOGZhIn19LHsiY2hhciI6IiwiLCJzdHlsZXMiOnsiZm9udC1mYW1pbHkiOiJBcmlhbCIsImNvbG9yIjoiIzMzMzMzMyIsImJhY2stY29sb3IiOiIjZjdmOGZhIn19LHsiY2hhciI6IiAiLCJzdHlsZXMiOnsiZm9udC1mYW1pbHkiOiJBcmlhbCIsImNvbG9yIjoiIzMzMzMzMyIsImJhY2stY29sb3IiOiIjZjdmOGZhIn19LHsiY2hhciI6ImYiLCJzdHlsZXMiOnsiZm9udC1mYW1pbHkiOiJBcmlhbCIsImNvbG9yIjoiIzMzMzMzMyIsImJhY2stY29sb3IiOiIjZjdmOGZhIn19LHsiY2hhciI6InIiLCJzdHlsZXMiOnsiZm9udC1mYW1pbHkiOiJBcmlhbCIsImNvbG9yIjoiIzMzMzMzMyIsImJhY2stY29sb3IiOiIjZjdmOGZhIn19LHsiY2hhciI6ImUiLCJzdHlsZXMiOnsiZm9udC1mYW1pbHkiOiJBcmlhbCIsImNvbG9yIjoiIzMzMzMzMyIsImJhY2stY29sb3IiOiIjZjdmOGZhIn19LHsiY2hhciI6ImUiLCJzdHlsZXMiOnsiZm9udC1mYW1pbHkiOiJBcmlhbCIsImNvbG9yIjoiIzMzMzMzMyIsImJhY2stY29sb3IiOiIjZjdmOGZhIn19LHsiY2hhciI6InoiLCJzdHlsZXMiOnsiZm9udC1mYW1pbHkiOiJBcmlhbCIsImNvbG9yIjoiIzMzMzMzMyIsImJhY2stY29sb3IiOiIjZjdmOGZhIn19LHsiY2hhciI6ImUiLCJzdHlsZXMiOnsiZm9udC1mYW1pbHkiOiJBcmlhbCIsImNvbG9yIjoiIzMzMzMzMyIsImJhY2stY29sb3IiOiIjZjdmOGZhIn19LHsiY2hhciI6IiwiLCJzdHlsZXMiOnsiZm9udC1mYW1pbHkiOiJBcmlhbCIsImNvbG9yIjoiIzMzMzMzMyIsImJhY2stY29sb3IiOiIjZjdmOGZhIn19LHsiY2hhciI6IiAiLCJzdHlsZXMiOnsiZm9udC1mYW1pbHkiOiJBcmlhbCIsImNvbG9yIjoiIzMzMzMzMyIsImJhY2stY29sb3IiOiIjZjdmOGZhIn19LHsiY2hhciI6InUiLCJzdHlsZXMiOnsiZm9udC1mYW1pbHkiOiJBcmlhbCIsImNvbG9yIjoiIzMzMzMzMyIsImJhY2stY29sb3IiOiIjZjdmOGZhIn19LHsiY2hhciI6Im4iLCJzdHlsZXMiOnsiZm9udC1mYW1pbHkiOiJBcmlhbCIsImNvbG9yIjoiIzMzMzMzMyIsImJhY2stY29sb3IiOiIjZjdmOGZhIn19LHsiY2hhciI6ImYiLCJzdHlsZXMiOnsiZm9udC1mYW1pbHkiOiJBcmlhbCIsImNvbG9yIjoiIzMzMzMzMyIsImJhY2stY29sb3IiOiIjZjdmOGZhIn19LHsiY2hhciI6InIiLCJzdHlsZXMiOnsiZm9udC1mYW1pbHkiOiJBcmlhbCIsImNvbG9yIjoiIzMzMzMzMyIsImJhY2stY29sb3IiOiIjZjdmOGZhIn19LHsiY2hhciI6ImUiLCJzdHlsZXMiOnsiZm9udC1mYW1pbHkiOiJBcmlhbCIsImNvbG9yIjoiIzMzMzMzMyIsImJhY2stY29sb3IiOiIjZjdmOGZhIn19LHsiY2hhciI6ImUiLCJzdHlsZXMiOnsiZm9udC1mYW1pbHkiOiJBcmlhbCIsImNvbG9yIjoiIzMzMzMzMyIsImJhY2stY29sb3IiOiIjZjdmOGZhIn19LHsiY2hhciI6InoiLCJzdHlsZXMiOnsiZm9udC1mYW1pbHkiOiJBcmlhbCIsImNvbG9yIjoiIzMzMzMzMyIsImJhY2stY29sb3IiOiIjZjdmOGZhIn19LHsiY2hhciI6ImUiLCJzdHlsZXMiOnsiZm9udC1mYW1pbHkiOiJBcmlhbCIsImNvbG9yIjoiIzMzMzMzMyIsImJhY2stY29sb3IiOiIjZjdmOGZhIn19LHsiY2hhciI6IiwiLCJzdHlsZXMiOnsiZm9udC1mYW1pbHkiOiJBcmlhbCIsImNvbG9yIjoiIzMzMzMzMyIsImJhY2stY29sb3IiOiIjZjdmOGZhIn19LHsiY2hhciI6IiAiLCJzdHlsZXMiOnsiZm9udC1mYW1pbHkiOiJBcmlhbCIsImNvbG9yIjoiIzMzMzMzMyIsImJhY2stY29sb3IiOiIjZjdmOGZhIn19LHsiY2hhciI6InYiLCJzdHlsZXMiOnsiZm9udC1mYW1pbHkiOiJBcmlhbCIsImNvbG9yIjoiIzMzMzMzMyIsImJhY2stY29sb3IiOiIjZjdmOGZhIn19LHsiY2hhciI6Im8iLCJzdHlsZXMiOnsiZm9udC1mYW1pbHkiOiJBcmlhbCIsImNvbG9yIjoiIzMzMzMzMyIsImJhY2stY29sb3IiOiIjZjdmOGZhIn19LHsiY2hhciI6InQiLCJzdHlsZXMiOnsiZm9udC1mYW1pbHkiOiJBcmlhbCIsImNvbG9yIjoiIzMzMzMzMyIsImJhY2stY29sb3IiOiIjZjdmOGZhIn19LHsiY2hhciI6ImUiLCJzdHlsZXMiOnsiZm9udC1mYW1pbHkiOiJBcmlhbCIsImNvbG9yIjoiIzMzMzMzMyIsImJhY2stY29sb3IiOiIjZjdmOGZhIn19LHsiY2hhciI6IiwiLCJzdHlsZXMiOnsiZm9udC1mYW1pbHkiOiJBcmlhbCIsImNvbG9yIjoiIzMzMzMzMyIsImJhY2stY29sb3IiOiIjZjdmOGZhIn19LHsiY2hhciI6IiAiLCJzdHlsZXMiOnsiZm9udC1mYW1pbHkiOiJBcmlhbCIsImNvbG9yIjoiIzMzMzMzMyIsImJhY2stY29sb3IiOiIjZjdmOGZhIn19LHsiY2hhciI6ImMiLCJzdHlsZXMiOnsiZm9udC1mYW1pbHkiOiJBcmlhbCIsImNvbG9yIjoiIzMzMzMzMyIsImJhY2stY29sb3IiOiIjZjdmOGZhIn19LHsiY2hhciI6ImgiLCJzdHlsZXMiOnsiZm9udC1mYW1pbHkiOiJBcmlhbCIsImNvbG9yIjoiIzMzMzMzMyIsImJhY2stY29sb3IiOiIjZjdmOGZhIn19LHsiY2hhciI6ImEiLCJzdHlsZXMiOnsiZm9udC1mYW1pbHkiOiJBcmlhbCIsImNvbG9yIjoiIzMzMzMzMyIsImJhY2stY29sb3IiOiIjZjdmOGZhIn19LHsiY2hhciI6Im4iLCJzdHlsZXMiOnsiZm9udC1mYW1pbHkiOiJBcmlhbCIsImNvbG9yIjoiIzMzMzMzMyIsImJhY2stY29sb3IiOiIjZjdmOGZhIn19LHsiY2hhciI6ImciLCJzdHlsZXMiOnsiZm9udC1mYW1pbHkiOiJBcmlhbCIsImNvbG9yIjoiIzMzMzMzMyIsImJhY2stY29sb3IiOiIjZjdmOGZhIn19LHsiY2hhciI6ImUiLCJzdHlsZXMiOnsiZm9udC1mYW1pbHkiOiJBcmlhbCIsImNvbG9yIjoiIzMzMzMzMyIsImJhY2stY29sb3IiOiIjZjdmOGZhIn19LHsiY2hhciI6IiAiLCJzdHlsZXMiOnsiZm9udC1mYW1pbHkiOiJBcmlhbCIsImNvbG9yIjoiIzMzMzMzMyIsImJhY2stY29sb3IiOiIjZjdmOGZhIn19LHsiY2hhciI6ImEiLCJzdHlsZXMiOnsiZm9udC1mYW1pbHkiOiJBcmlhbCIsImNvbG9yIjoiIzMzMzMzMyIsImJhY2stY29sb3IiOiIjZjdmOGZhIn19LHsiY2hhciI6ImMiLCJzdHlsZXMiOnsiZm9udC1mYW1pbHkiOiJBcmlhbCIsImNvbG9yIjoiIzMzMzMzMyIsImJhY2stY29sb3IiOiIjZjdmOGZhIn19LHsiY2hhciI6ImMiLCJzdHlsZXMiOnsiZm9udC1mYW1pbHkiOiJBcmlhbCIsImNvbG9yIjoiIzMzMzMzMyIsImJhY2stY29sb3IiOiIjZjdmOGZhIn19LHsiY2hhciI6Im8iLCJzdHlsZXMiOnsiZm9udC1mYW1pbHkiOiJBcmlhbCIsImNvbG9yIjoiIzMzMzMzMyIsImJhY2stY29sb3IiOiIjZjdmOGZhIn19LHsiY2hhciI6InUiLCJzdHlsZXMiOnsiZm9udC1mYW1pbHkiOiJBcmlhbCIsImNvbG9yIjoiIzMzMzMzMyIsImJhY2stY29sb3IiOiIjZjdmOGZhIn19LHsiY2hhciI6Im4iLCJzdHlsZXMiOnsiZm9udC1mYW1pbHkiOiJBcmlhbCIsImNvbG9yIjoiIzMzMzMzMyIsImJhY2stY29sb3IiOiIjZjdmOGZhIn19LHsiY2hhciI6InQiLCJzdHlsZXMiOnsiZm9udC1mYW1pbHkiOiJBcmlhbCIsImNvbG9yIjoiIzMzMzMzMyIsImJhY2stY29sb3IiOiIjZjdmOGZhIn19LHsiY2hhciI6IiAiLCJzdHlsZXMiOnsiZm9udC1mYW1pbHkiOiJBcmlhbCIsImNvbG9yIjoiIzMzMzMzMyIsImJhY2stY29sb3IiOiIjZjdmOGZhIn19LHsiY2hhciI6Im4iLCJzdHlsZXMiOnsiZm9udC1mYW1pbHkiOiJBcmlhbCIsImNvbG9yIjoiIzMzMzMzMyIsImJhY2stY29sb3IiOiIjZjdmOGZhIn19LHsiY2hhciI6ImEiLCJzdHlsZXMiOnsiZm9udC1mYW1pbHkiOiJBcmlhbCIsImNvbG9yIjoiIzMzMzMzMyIsImJhY2stY29sb3IiOiIjZjdmOGZhIn19LHsiY2hhciI6Im0iLCJzdHlsZXMiOnsiZm9udC1mYW1pbHkiOiJBcmlhbCIsImNvbG9yIjoiIzMzMzMzMyIsImJhY2stY29sb3IiOiIjZjdmOGZhIn19LHsiY2hhciI6ImUiLCJzdHlsZXMiOnsiZm9udC1mYW1pbHkiOiJBcmlhbCIsImNvbG9yIjoiIzMzMzMzMyIsImJhY2stY29sb3IiOiIjZjdmOGZhIn19LHsiY2hhciI6IiwiLCJzdHlsZXMiOnsiZm9udC1mYW1pbHkiOiJBcmlhbCIsImNvbG9yIjoiIzMzMzMzMyIsImJhY2stY29sb3IiOiIjZjdmOGZhIn19LHsiY2hhciI6IiAiLCJzdHlsZXMiOnsiZm9udC1mYW1pbHkiOiJBcmlhbCIsImNvbG9yIjoiIzMzMzMzMyIsImJhY2stY29sb3IiOiIjZjdmOGZhIn19LHsiY2hhciI6IlQiLCJzdHlsZXMiOnsiZm9udC1mYW1pbHkiOiJBcmlhbCIsImNvbG9yIjoiIzMzMzMzMyIsImJhY2stY29sb3IiOiIjZjdmOGZhIn19LHsiY2hhciI6IlIiLCJzdHlsZXMiOnsiZm9udC1mYW1pbHkiOiJBcmlhbCIsImNvbG9yIjoiIzMzMzMzMyIsImJhY2stY29sb3IiOiIjZjdmOGZhIn19LHsiY2hhciI6IkMiLCJzdHlsZXMiOnsiZm9udC1mYW1pbHkiOiJBcmlhbCIsImNvbG9yIjoiIzMzMzMzMyIsImJhY2stY29sb3IiOiIjZjdmOGZhIn19LHsiY2hhciI6IjEiLCJzdHlsZXMiOnsiZm9udC1mYW1pbHkiOiJBcmlhbCIsImNvbG9yIjoiIzMzMzMzMyIsImJhY2stY29sb3IiOiIjZjdmOGZhIn19LHsiY2hhciI6IjAiLCJzdHlsZXMiOnsiZm9udC1mYW1pbHkiOiJBcmlhbCIsImNvbG9yIjoiIzMzMzMzMyIsImJhY2stY29sb3IiOiIjZjdmOGZhIn19LHsiY2hhciI6IiAiLCJzdHlsZXMiOnsiZm9udC1mYW1pbHkiOiJBcmlhbCIsImNvbG9yIjoiIzMzMzMzMyIsImJhY2stY29sb3IiOiIjZjdmOGZhIn19LHsiY2hhciI6InAiLCJzdHlsZXMiOnsiZm9udC1mYW1pbHkiOiJBcmlhbCIsImNvbG9yIjoiIzMzMzMzMyIsImJhY2stY29sb3IiOiIjZjdmOGZhIn19LHsiY2hhciI6ImEiLCJzdHlsZXMiOnsiZm9udC1mYW1pbHkiOiJBcmlhbCIsImNvbG9yIjoiIzMzMzMzMyIsImJhY2stY29sb3IiOiIjZjdmOGZhIn19LHsiY2hhciI6InIiLCJzdHlsZXMiOnsiZm9udC1mYW1pbHkiOiJBcmlhbCIsImNvbG9yIjoiIzMzMzMzMyIsImJhY2stY29sb3IiOiIjZjdmOGZhIn19LHsiY2hhciI6InQiLCJzdHlsZXMiOnsiZm9udC1mYW1pbHkiOiJBcmlhbCIsImNvbG9yIjoiIzMzMzMzMyIsImJhY2stY29sb3IiOiIjZjdmOGZhIn19LHsiY2hhciI6ImkiLCJzdHlsZXMiOnsiZm9udC1mYW1pbHkiOiJBcmlhbCIsImNvbG9yIjoiIzMzMzMzMyIsImJhY2stY29sb3IiOiIjZjdmOGZhIn19LHsiY2hhciI6ImMiLCJzdHlsZXMiOnsiZm9udC1mYW1pbHkiOiJBcmlhbCIsImNvbG9yIjoiIzMzMzMzMyIsImJhY2stY29sb3IiOiIjZjdmOGZhIn19LHsiY2hhciI6ImkiLCJzdHlsZXMiOnsiZm9udC1mYW1pbHkiOiJBcmlhbCIsImNvbG9yIjoiIzMzMzMzMyIsImJhY2stY29sb3IiOiIjZjdmOGZhIn19LHsiY2hhciI6InAiLCJzdHlsZXMiOnsiZm9udC1mYW1pbHkiOiJBcmlhbCIsImNvbG9yIjoiIzMzMzMzMyIsImJhY2stY29sb3IiOiIjZjdmOGZhIn19LHsiY2hhciI6ImEiLCJzdHlsZXMiOnsiZm9udC1mYW1pbHkiOiJBcmlhbCIsImNvbG9yIjoiIzMzMzMzMyIsImJhY2stY29sb3IiOiIjZjdmOGZhIn19LHsiY2hhciI6InQiLCJzdHlsZXMiOnsiZm9udC1mYW1pbHkiOiJBcmlhbCIsImNvbG9yIjoiIzMzMzMzMyIsImJhY2stY29sb3IiOiIjZjdmOGZhIn19LHsiY2hhciI6ImkiLCJzdHlsZXMiOnsiZm9udC1mYW1pbHkiOiJBcmlhbCIsImNvbG9yIjoiIzMzMzMzMyIsImJhY2stY29sb3IiOiIjZjdmOGZhIn19LHsiY2hhciI6Im8iLCJzdHlsZXMiOnsiZm9udC1mYW1pbHkiOiJBcmlhbCIsImNvbG9yIjoiIzMzMzMzMyIsImJhY2stY29sb3IiOiIjZjdmOGZhIn19LHsiY2hhciI6Im4iLCJzdHlsZXMiOnsiZm9udC1mYW1pbHkiOiJBcmlhbCIsImNvbG9yIjoiIzMzMzMzMyIsImJhY2stY29sb3IiOiIjZjdmOGZhIn19LHsiY2hhciI6IiAiLCJzdHlsZXMiOnsiZm9udC1mYW1pbHkiOiJBcmlhbCIsImNvbG9yIjoiIzMzMzMzMyIsImJhY2stY29sb3IiOiIjZjdmOGZhIn19LHsiY2hhciI6ImYiLCJzdHlsZXMiOnsiZm9udC1mYW1pbHkiOiJBcmlhbCIsImNvbG9yIjoiIzMzMzMzMyIsImJhY2stY29sb3IiOiIjZjdmOGZhIn19LHsiY2hhciI6InUiLCJzdHlsZXMiOnsiZm9udC1mYW1pbHkiOiJBcmlhbCIsImNvbG9yIjoiIzMzMzMzMyIsImJhY2stY29sb3IiOiIjZjdmOGZhIn19LHsiY2hhciI6Im4iLCJzdHlsZXMiOnsiZm9udC1mYW1pbHkiOiJBcmlhbCIsImNvbG9yIjoiIzMzMzMzMyIsImJhY2stY29sb3IiOiIjZjdmOGZhIn19LHsiY2hhciI6ImMiLCJzdHlsZXMiOnsiZm9udC1mYW1pbHkiOiJBcmlhbCIsImNvbG9yIjoiIzMzMzMzMyIsImJhY2stY29sb3IiOiIjZjdmOGZhIn19LHsiY2hhciI6InQiLCJzdHlsZXMiOnsiZm9udC1mYW1pbHkiOiJBcmlhbCIsImNvbG9yIjoiIzMzMzMzMyIsImJhY2stY29sb3IiOiIjZjdmOGZhIn19LHsiY2hhciI6ImkiLCJzdHlsZXMiOnsiZm9udC1mYW1pbHkiOiJBcmlhbCIsImNvbG9yIjoiIzMzMzMzMyIsImJhY2stY29sb3IiOiIjZjdmOGZhIn19LHsiY2hhciI6Im8iLCJzdHlsZXMiOnsiZm9udC1mYW1pbHkiOiJBcmlhbCIsImNvbG9yIjoiIzMzMzMzMyIsImJhY2stY29sb3IiOiIjZjdmOGZhIn19LHsiY2hhciI6Im4iLCJzdHlsZXMiOnsiZm9udC1mYW1pbHkiOiJBcmlhbCIsImNvbG9yIjoiIzMzMzMzMyIsImJhY2stY29sb3IiOiIjZjdmOGZhIn19LHsiY2hhciI6Ii4iLCJzdHlsZXMiOnsiZm9udC1mYW1pbHkiOiJBcmlhbCIsImNvbG9yIjoiIzMzMzMzMyIsImJhY2stY29sb3IiOiIjZjdmOGZhIn19XSwiaXNSaWNoVGV4dCI6dHJ1ZSwia2VlcExpbmVCcmVhayI6dHJ1ZX19LHsiYmxvY2tJZCI6IjE2MTItMTU0NzcyODk5ODgyOCIsImJsb2NrVHlwZSI6InBhcmFncmFwaCIsInN0eWxlcyI6eyJhbGlnbiI6ImxlZnQiLCJpbmRlbnQiOjAsInRleHQtaW5kZW50IjowLCJsaW5lLWhlaWdodCI6MS43NX0sInR5cGUiOiJwYXJhZ3JhcGgiLCJyaWNoVGV4dCI6eyJkYXRhIjpbeyJjaGFyIjoiNSJ9LHsiY2hhciI6Ii4ifSx7ImNoYXIiOiJUIn0seyJjaGFyIjoiciJ9LHsiY2hhciI6Im8ifSx7ImNoYXIiOiJuIn0seyJjaGFyIjoicyJ9LHsiY2hhciI6ImMifSx7ImNoYXIiOiJhIn0seyJjaGFyIjoibiJ9LHsiY2hhciI6IiAifSx7ImNoYXIiOiJBIn0seyJjaGFyIjoiUCJ9LHsiY2hhciI6IkkifSx7ImNoYXIiOiLigJMifSx7ImNoYXIiOiIgIn0seyJjaGFyIjoiUyJ9LHsiY2hhciI6InUifSx7ImNoYXIiOiJwIn0seyJjaGFyIjoicCJ9LHsiY2hhciI6Im8ifSx7ImNoYXIiOiJyIn0seyJjaGFyIjoidCJ9LHsiY2hhciI6ImUifSx7ImNoYXIiOiJkIn1dLCJpc1JpY2hUZXh0Ijp0cnVlLCJrZWVwTGluZUJyZWFrIjp0cnVlfX0seyJibG9ja0lkIjoiOTU1Ny0xNTQ3NzI4OTk4ODI4IiwiYmxvY2tUeXBlIjoicGFyYWdyYXBoIiwic3R5bGVzIjp7ImFsaWduIjoibGVmdCIsImluZGVudCI6MCwidGV4dC1pbmRlbnQiOjAsImxpbmUtaGVpZ2h0IjoxLjc1fSwidHlwZSI6InBhcmFncmFwaCIsInJpY2hUZXh0Ijp7ImRhdGEiOlt7ImNoYXIiOiLCoCJ9XSwiaXNSaWNoVGV4dCI6dHJ1ZSwia2VlcExpbmVCcmVhayI6dHJ1ZX19LHsiYmxvY2tJZCI6IjQxMzMtMTU0NzcyODk5ODgyOCIsImJsb2NrVHlwZSI6InBhcmFncmFwaCIsInN0eWxlcyI6eyJhbGlnbiI6ImxlZnQiLCJpbmRlbnQiOjAsInRleHQtaW5kZW50IjowLCJsaW5lLWhlaWdodCI6MS43NX0sInR5cGUiOiJwYXJhZ3JhcGgiLCJyaWNoVGV4dCI6eyJkYXRhIjpbeyJjaGFyIjoiVCJ9LHsiY2hhciI6ImgifSx7ImNoYXIiOiJhIn0seyJjaGFyIjoibiJ9LHsiY2hhciI6ImsifSx7ImNoYXIiOiJzIn0seyJjaGFyIjoiICJ9LHsiY2hhciI6ImYifSx7ImNoYXIiOiJvIn0seyJjaGFyIjoiciJ9LHsiY2hhciI6IiAifSx7ImNoYXIiOiJzIn0seyJjaGFyIjoidSJ9LHsiY2hhciI6InAifSx7ImNoYXIiOiJwIn0seyJjaGFyIjoibyJ9LHsiY2hhciI6InIifSx7ImNoYXIiOiJ0In0seyJjaGFyIjoiaSJ9LHsiY2hhciI6Im4ifSx7ImNoYXIiOiJnIn0seyJjaGFyIjoiICJ9LHsiY2hhciI6IlQifSx7ImNoYXIiOiJyIn0seyJjaGFyIjoibyJ9LHsiY2hhciI6Im4ifSx7ImNoYXIiOiJzIn0seyJjaGFyIjoiYyJ9LHsiY2hhciI6ImEifSx7ImNoYXIiOiJuIn0seyJjaGFyIjoiISJ9XSwiaXNSaWNoVGV4dCI6dHJ1ZSwia2VlcExpbmVCcmVhayI6dHJ1ZX19LHsiYmxvY2tJZCI6IjM3MzktMTU0NzcyODk5ODgyOCIsImJsb2NrVHlwZSI6InBhcmFncmFwaCIsInN0eWxlcyI6eyJhbGlnbiI6ImxlZnQiLCJpbmRlbnQiOjAsInRleHQtaW5kZW50IjowLCJsaW5lLWhlaWdodCI6MS43NX0sInR5cGUiOiJwYXJhZ3JhcGgiLCJyaWNoVGV4dCI6eyJkYXRhIjpbeyJjaGFyIjoiVCJ9LHsiY2hhciI6InIifSx7ImNoYXIiOiJvIn0seyJjaGFyIjoibiJ9LHsiY2hhciI6InMifSx7ImNoYXIiOiJjIn0seyJjaGFyIjoiYSJ9LHsiY2hhciI6Im4ifSx7ImNoYXIiOiIgIn0seyJjaGFyIjoiVCJ9LHsiY2hhciI6ImUifSx7ImNoYXIiOiJhIn0seyJjaGFyIjoibSJ9XSwiaXNSaWNoVGV4dCI6dHJ1ZSwia2VlcExpbmVCcmVhayI6dHJ1ZX19LHsiYmxvY2tJZCI6IjE4NzAtMTU0NzcyODk5ODgyOCIsImJsb2NrVHlwZSI6InBhcmFncmFwaCIsInN0eWxlcyI6eyJhbGlnbiI6ImxlZnQiLCJpbmRlbnQiOjAsInRleHQtaW5kZW50IjowLCJsaW5lLWhlaWdodCI6MS43NX0sInR5cGUiOiJwYXJhZ3JhcGgiLCJyaWNoVGV4dCI6eyJkYXRhIjpbeyJjaGFyIjoiSiJ9LHsiY2hhciI6ImEifSx7ImNoYXIiOiJuIn0seyJjaGFyIjoidSJ9LHsiY2hhciI6ImEifSx7ImNoYXIiOiJyIn0seyJjaGFyIjoieSJ9LHsiY2hhciI6IiAifSx7ImNoYXIiOiIxIn0seyJjaGFyIjoiNCJ9LHsiY2hhciI6IiwifSx7ImNoYXIiOiIgIn0seyJjaGFyIjoiMiJ9LHsiY2hhciI6IjAifSx7ImNoYXIiOiIxIn0seyJjaGFyIjoiOSJ9XSwiaXNSaWNoVGV4dCI6dHJ1ZSwia2VlcExpbmVCcmVhayI6dHJ1ZX19XQ==--></div>\n<p><!--5f39ae17-8c62-4a45-bc43-b32064c9388a:W3siYmxvY2tJZCI6IjE0NjUtMTU0NzcyODk4NTU5NCIsImJsb2NrVHlwZSI6InBhcmFncmFwaCIsInN0eWxlcyI6eyJhbGlnbiI6ImxlZnQiLCJpbmRlbnQiOjAsInRleHQtaW5kZW50IjowLCJsaW5lLWhlaWdodCI6MS43NX0sInR5cGUiOiJwYXJhZ3JhcGgiLCJyaWNoVGV4dCI6eyJkYXRhIjpbeyJjaGFyIjoiRCJ9LHsiY2hhciI6ImUifSx7ImNoYXIiOiJhIn0seyJjaGFyIjoiciJ9LHsiY2hhciI6IiAifSx7ImNoYXIiOiJ1In0seyJjaGFyIjoicyJ9LHsiY2hhciI6ImUifSx7ImNoYXIiOiJyIn0seyJjaGFyIjoicyJ9LHsiY2hhciI6IiwifV0sImlzUmljaFRleHQiOnRydWUsImtlZXBMaW5lQnJlYWsiOnRydWV9fSx7ImJsb2NrSWQiOiI0NzUwLTE1NDc3Mjg5OTg4MjgiLCJibG9ja1R5cGUiOiJwYXJhZ3JhcGgiLCJzdHlsZXMiOnsiYWxpZ24iOiJsZWZ0IiwiaW5kZW50IjowLCJ0ZXh0LWluZGVudCI6MCwibGluZS1oZWlnaHQiOjEuNzV9LCJ0eXBlIjoicGFyYWdyYXBoIiwicmljaFRleHQiOnsiZGF0YSI6W3siY2hhciI6IsKgIn1dLCJpc1JpY2hUZXh0Ijp0cnVlLCJrZWVwTGluZUJyZWFrIjp0cnVlfX0seyJibG9ja0lkIjoiNjgzMC0xNTQ3NzI4OTk4ODI4IiwiYmxvY2tUeXBlIjoicGFyYWdyYXBoIiwic3R5bGVzIjp7ImFsaWduIjoibGVmdCIsImluZGVudCI6MCwidGV4dC1pbmRlbnQiOjAsImxpbmUtaGVpZ2h0IjoxLjc1fSwidHlwZSI6InBhcmFncmFwaCIsInJpY2hUZXh0Ijp7ImRhdGEiOlt7ImNoYXIiOiJXIn0seyJjaGFyIjoiZSJ9LHsiY2hhciI6IiAifSx7ImNoYXIiOiJhIn0seyJjaGFyIjoiciJ9LHsiY2hhciI6ImUifSx7ImNoYXIiOiIgIn0seyJjaGFyIjoiYSJ9LHsiY2hhciI6IncifSx7ImNoYXIiOiJhIn0seyJjaGFyIjoiciJ9LHsiY2hhciI6ImUifSx7ImNoYXIiOiIgIn0seyJjaGFyIjoibyJ9LHsiY2hhciI6ImYifSx7ImNoYXIiOiIgIn0seyJjaGFyIjoidCJ9LHsiY2hhciI6ImgifSx7ImNoYXIiOiJlIn0seyJjaGFyIjoiICJ9LHsiY2hhciI6InIifSx7ImNoYXIiOiJlIn0seyJjaGFyIjoiYyJ9LHsiY2hhciI6ImUifSx7ImNoYXIiOiJuIn0seyJjaGFyIjoidCJ9LHsiY2hhciI6IiAifSx7ImNoYXIiOiJpIn0seyJjaGFyIjoicyJ9LHsiY2hhciI6InMifSx7ImNoYXIiOiJ1In0seyJjaGFyIjoiZSJ9LHsiY2hhciI6InMifSx7ImNoYXIiOiIgIn0seyJjaGFyIjoidyJ9LHsiY2hhciI6ImgifSx7ImNoYXIiOiJpIn0seyJjaGFyIjoiYyJ9LHsiY2hhciI6ImgifSx7ImNoYXIiOiIgIn0seyJjaGFyIjoiaCJ9LHsiY2hhciI6ImEifSx7ImNoYXIiOiJ2In0seyJjaGFyIjoiZSJ9LHsiY2hhciI6IiAifSx7ImNoYXIiOiJiIn0seyJjaGFyIjoiZSJ9LHsiY2hhciI6ImUifSx7ImNoYXIiOiJuIn0seyJjaGFyIjoiICJ9LHsiY2hhciI6ImYifSx7ImNoYXIiOiJyIn0seyJjaGFyIjoiZSJ9LHsiY2hhciI6InEifSx7ImNoYXIiOiJ1In0seyJjaGFyIjoiZSJ9LHsiY2hhciI6Im4ifSx7ImNoYXIiOiJ0In0seyJjaGFyIjoibCJ9LHsiY2hhciI6InkifSx7ImNoYXIiOiIgIn0seyJjaGFyIjoiciJ9LHsiY2hhciI6ImUifSx7ImNoYXIiOiJwIn0seyJjaGFyIjoibyJ9LHsiY2hhciI6InIifSx7ImNoYXIiOiJ0In0seyJjaGFyIjoiZSJ9LHsiY2hhciI6ImQifSx7ImNoYXIiOiIuIn0seyJjaGFyIjoiICJ9LHsiY2hhciI6IlAifSx7ImNoYXIiOiJsIn0seyJjaGFyIjoiZSJ9LHsiY2hhciI6ImEifSx7ImNoYXIiOiJzIn0seyJjaGFyIjoiZSJ9LHsiY2hhciI6IiAifSx7ImNoYXIiOiJ0In0seyJjaGFyIjoiYSJ9LHsiY2hhciI6ImsifSx7ImNoYXIiOiJlIn0seyJjaGFyIjoiICJ9LHsiY2hhciI6ImgifSx7ImNoYXIiOiJlIn0seyJjaGFyIjoiYSJ9LHsiY2hhciI6InIifSx7ImNoYXIiOiJ0In0seyJjaGFyIjoiICJ9LHsiY2hhciI6InQifSx7ImNoYXIiOiJoIn0seyJjaGFyIjoiYSJ9LHsiY2hhciI6InQifSx7ImNoYXIiOiIgIn0seyJjaGFyIjoidCJ9LHsiY2hhciI6ImgifSx7ImNoYXIiOiJlIn0seyJjaGFyIjoiICJ9LHsiY2hhciI6InQifSx7ImNoYXIiOiJlIn0seyJjaGFyIjoiYSJ9LHsiY2hhciI6Im0ifSx7ImNoYXIiOiIgIn0seyJjaGFyIjoiaCJ9LHsiY2hhciI6ImEifSx7ImNoYXIiOiJzIn0seyJjaGFyIjoiICJ9LHsiY2hhciI6ImIifSx7ImNoYXIiOiJlIn0seyJjaGFyIjoiZSJ9LHsiY2hhciI6Im4ifSx7ImNoYXIiOiIgIn0seyJjaGFyIjoidyJ9LHsiY2hhciI6Im8ifSx7ImNoYXIiOiJyIn0seyJjaGFyIjoiayJ9LHsiY2hhciI6ImkifSx7ImNoYXIiOiJuIn0seyJjaGFyIjoiZyJ9LHsiY2hhciI6IiAifSx7ImNoYXIiOiJvIn0seyJjaGFyIjoibiJ9LHsiY2hhciI6IiAifSx7ImNoYXIiOiJ0In0seyJjaGFyIjoiaCJ9LHsiY2hhciI6ImUifSx7ImNoYXIiOiJtIn0seyJjaGFyIjoiICJ9LHsiY2hhciI6Im4ifSx7ImNoYXIiOiJvIn0seyJjaGFyIjoidyJ9LHsiY2hhciI6Ii4ifSx7ImNoYXIiOiIgIn0seyJjaGFyIjoiSCJ9LHsiY2hhciI6ImUifSx7ImNoYXIiOiJyIn0seyJjaGFyIjoiZSJ9LHsiY2hhciI6IiAifSx7ImNoYXIiOiJpIn0seyJjaGFyIjoicyJ9LHsiY2hhciI6IiAifSx7ImNoYXIiOiJ0In0seyJjaGFyIjoiaCJ9LHsiY2hhciI6ImUifSx7ImNoYXIiOiIgIn0seyJjaGFyIjoidCJ9LHsiY2hhciI6ImkifSx7ImNoYXIiOiJtIn0seyJjaGFyIjoiZSJ9LHsiY2hhciI6ImwifSx7ImNoYXIiOiJpIn0seyJjaGFyIjoibiJ9LHsiY2hhciI6ImUifSx7ImNoYXIiOiIgIn0seyJjaGFyIjoibyJ9LHsiY2hhciI6ImYifSx7ImNoYXIiOiIgIn0seyJjaGFyIjoidyJ9LHsiY2hhciI6ImgifSx7ImNoYXIiOiJlIn0seyJjaGFyIjoibiJ9LHsiY2hhciI6IiAifSx7ImNoYXIiOiJ0In0seyJjaGFyIjoiaCJ9LHsiY2hhciI6ImUifSx7ImNoYXIiOiIgIn0seyJjaGFyIjoiaSJ9LHsiY2hhciI6InMifSx7ImNoYXIiOiJzIn0seyJjaGFyIjoidSJ9LHsiY2hhciI6ImUifSx7ImNoYXIiOiJzIn0seyJjaGFyIjoiICJ9LHsiY2hhciI6IncifSx7ImNoYXIiOiJpIn0seyJjaGFyIjoibCJ9LHsiY2hhciI6ImwifSx7ImNoYXIiOiIgIn0seyJjaGFyIjoiYiJ9LHsiY2hhciI6ImUifSx7ImNoYXIiOiIgIn0seyJjaGFyIjoiZiJ9LHsiY2hhciI6ImkifSx7ImNoYXIiOiJ4In0seyJjaGFyIjoiZSJ9LHsiY2hhciI6ImQifSx7ImNoYXIiOiI6In1dLCJpc1JpY2hUZXh0Ijp0cnVlLCJrZWVwTGluZUJyZWFrIjp0cnVlfX0seyJibG9ja0lkIjoiOTE1My0xNTQ3NzI4OTk4ODI4IiwiYmxvY2tUeXBlIjoicGFyYWdyYXBoIiwic3R5bGVzIjp7ImFsaWduIjoibGVmdCIsImluZGVudCI6MCwidGV4dC1pbmRlbnQiOjAsImxpbmUtaGVpZ2h0IjoxLjc1fSwidHlwZSI6InBhcmFncmFwaCIsInJpY2hUZXh0Ijp7ImRhdGEiOlt7ImNoYXIiOiLCoCJ9XSwiaXNSaWNoVGV4dCI6dHJ1ZSwia2VlcExpbmVCcmVhayI6dHJ1ZX19LHsiYmxvY2tJZCI6IjU2MzgtMTU0NzcyODk5ODgyOCIsImJsb2NrVHlwZSI6InBhcmFncmFwaCIsInN0eWxlcyI6eyJhbGlnbiI6ImxlZnQiLCJpbmRlbnQiOjAsInRleHQtaW5kZW50IjowLCJsaW5lLWhlaWdodCI6MS43NX0sInR5cGUiOiJwYXJhZ3JhcGgiLCJyaWNoVGV4dCI6eyJkYXRhIjpbeyJjaGFyIjoiMSJ9LHsiY2hhciI6Ii4ifSx7ImNoYXIiOiJUIn0seyJjaGFyIjoiciJ9LHsiY2hhciI6Im8ifSx7ImNoYXIiOiJuIn0seyJjaGFyIjoibCJ9LHsiY2hhciI6ImkifSx7ImNoYXIiOiJuIn0seyJjaGFyIjoiayJ9LHsiY2hhciI6IiAifSx7ImNoYXIiOiJUIn0seyJjaGFyIjoiUiJ9LHsiY2hhciI6IkMifSx7ImNoYXIiOiIxIn0seyJjaGFyIjoiMCJ9LHsiY2hhciI6IiAifSx7ImNoYXIiOiJ0In0seyJjaGFyIjoiciJ9LHsiY2hhciI6ImEifSx7ImNoYXIiOiJuIn0seyJjaGFyIjoicyJ9LHsiY2hhciI6ImYifSx7ImNoYXIiOiJlIn0seyJjaGFyIjoiciJ9LHsiY2hhciI6IiAifSx7ImNoYXIiOiLigJMifSx7ImNoYXIiOiIgIn0seyJjaGFyIjoiYSJ9LHsiY2hhciI6ImYifSx7ImNoYXIiOiJ0In0seyJjaGFyIjoiZSJ9LHsiY2hhciI6InIifSx7ImNoYXIiOiIgIn0seyJjaGFyIjoidCJ9LHsiY2hhciI6ImgifSx7ImNoYXIiOiJlIn0seyJjaGFyIjoiICJ9LHsiY2hhciI6Im4ifSx7ImNoYXIiOiJlIn0seyJjaGFyIjoidyJ9LHsiY2hhciI6ImUifSx7ImNoYXIiOiJzIn0seyJjaGFyIjoidCJ9LHsiY2hhciI6IiAifSx7ImNoYXIiOiJ2In0seyJjaGFyIjoiZSJ9LHsiY2hhciI6InIifSx7ImNoYXIiOiJzIn0seyJjaGFyIjoiaSJ9LHsiY2hhciI6Im8ifSx7ImNoYXIiOiJuIn0seyJjaGFyIjoiICJ9LHsiY2hhciI6InAifSx7ImNoYXIiOiJhIn0seyJjaGFyIjoicyJ9LHsiY2hhciI6InMifSx7ImNoYXIiOiJlIn0seyJjaGFyIjoicyJ9LHsiY2hhciI6IiAifSx7ImNoYXIiOiJ0In0seyJjaGFyIjoiaCJ9LHsiY2hhciI6ImUifSx7ImNoYXIiOiIgIn0seyJjaGFyIjoiQyJ9LHsiY2hhciI6ImgifSx7ImNoYXIiOiJyIn0seyJjaGFyIjoibyJ9LHsiY2hhciI6Im0ifSx7ImNoYXIiOiJlIn0seyJjaGFyIjoiICJ9LHsiY2hhciI6IlMifSx7ImNoYXIiOiJ0In0seyJjaGFyIjoibyJ9LHsiY2hhciI6InIifSx7ImNoYXIiOiJlIn0seyJjaGFyIjoiICJ9LHsiY2hhciI6InIifSx7ImNoYXIiOiJlIn0seyJjaGFyIjoidiJ9LHsiY2hhciI6ImkifSx7ImNoYXIiOiJlIn0seyJjaGFyIjoidyJ9XSwiaXNSaWNoVGV4dCI6dHJ1ZSwia2VlcExpbmVCcmVhayI6dHJ1ZX19LHsiYmxvY2tJZCI6IjcwNzAtMTU0NzcyODk5ODgyOCIsImJsb2NrVHlwZSI6InBhcmFncmFwaCIsInN0eWxlcyI6eyJhbGlnbiI6ImxlZnQiLCJpbmRlbnQiOjAsInRleHQtaW5kZW50IjowLCJsaW5lLWhlaWdodCI6MS43NX0sInR5cGUiOiJwYXJhZ3JhcGgiLCJyaWNoVGV4dCI6eyJkYXRhIjpbeyJjaGFyIjoiMiJ9LHsiY2hhciI6Ii4ifSx7ImNoYXIiOiJUIn0seyJjaGFyIjoiUiJ9LHsiY2hhciI6IkMifSx7ImNoYXIiOiIyIn0seyJjaGFyIjoiMCJ9LHsiY2hhciI6IiAifSx7ImNoYXIiOiJkIn0seyJjaGFyIjoiYSJ9LHsiY2hhciI6InQifSx7ImNoYXIiOiJhIn0seyJjaGFyIjoiICJ9LHsiY2hhciI6ImUifSx7ImNoYXIiOiJyIn0seyJjaGFyIjoiciJ9LHsiY2hhciI6Im8ifSx7ImNoYXIiOiJyIn0seyJjaGFyIjoi4oCTIn0seyJjaGFyIjoiICJ9LHsiY2hhciI6IkoifSx7ImNoYXIiOiJhIn0seyJjaGFyIjoibiJ9LHsiY2hhciI6InUifSx7ImNoYXIiOiJhIn0seyJjaGFyIjoiciJ9LHsiY2hhciI6InkifSx7ImNoYXIiOiIgIn0seyJjaGFyIjoiMiJ9LHsiY2hhciI6IjAifV0sImlzUmljaFRleHQiOnRydWUsImtlZXBMaW5lQnJlYWsiOnRydWV9fSx7ImJsb2NrSWQiOiI0MTg2LTE1NDc3Mjg5OTg4MjgiLCJibG9ja1R5cGUiOiJwYXJhZ3JhcGgiLCJzdHlsZXMiOnsiYWxpZ24iOiJsZWZ0IiwiaW5kZW50IjowLCJ0ZXh0LWluZGVudCI6MCwibGluZS1oZWlnaHQiOjEuNzV9LCJ0eXBlIjoicGFyYWdyYXBoIiwicmljaFRleHQiOnsiZGF0YSI6W3siY2hhciI6IjMifSx7ImNoYXIiOiIuIn0seyJjaGFyIjoiVCJ9LHsiY2hhciI6IlIifSx7ImNoYXIiOiJDIn0seyJjaGFyIjoiMiJ9LHsiY2hhciI6IjAifSx7ImNoYXIiOiIgIn0seyJjaGFyIjoidCJ9LHsiY2hhciI6InIifSx7ImNoYXIiOiJhIn0seyJjaGFyIjoibiJ9LHsiY2hhciI6InMifSx7ImNoYXIiOiJmIn0seyJjaGFyIjoiZSJ9LHsiY2hhciI6InIifSx7ImNoYXIiOiIgIn0seyJjaGFyIjoiZCJ9LHsiY2hhciI6ImUifSx7ImNoYXIiOiJ0In0seyJjaGFyIjoiYSJ9LHsiY2hhciI6ImkifSx7ImNoYXIiOiJsIn0seyJjaGFyIjoiICJ9LHsiY2hhciI6InEifSx7ImNoYXIiOiJ1In0seyJjaGFyIjoiZSJ9LHsiY2hhciI6InIifSx7ImNoYXIiOiJ5In0seyJjaGFyIjoiICJ9LHsiY2hhciI6ImYifSx7ImNoYXIiOiJlIn0seyJjaGFyIjoiYSJ9LHsiY2hhciI6InQifSx7ImNoYXIiOiJ1In0seyJjaGFyIjoiciJ9LHsiY2hhciI6ImUifSx7ImNoYXIiOiIgIn0seyJjaGFyIjoi4oCTIn0seyJjaGFyIjoiICJ9LHsiY2hhciI6IkoifSx7ImNoYXIiOiJhIn0seyJjaGFyIjoibiJ9LHsiY2hhciI6InUifSx7ImNoYXIiOiJhIn0seyJjaGFyIjoiciJ9LHsiY2hhciI6InkifSx7ImNoYXIiOiIgIn0seyJjaGFyIjoiMiJ9LHsiY2hhciI6IjAifV0sImlzUmljaFRleHQiOnRydWUsImtlZXBMaW5lQnJlYWsiOnRydWV9fSx7ImJsb2NrSWQiOiIxNjE3LTE1NDc3Mjg5OTg4MjgiLCJibG9ja1R5cGUiOiJwYXJhZ3JhcGgiLCJzdHlsZXMiOnsiYWxpZ24iOiJsZWZ0IiwiaW5kZW50IjowLCJ0ZXh0LWluZGVudCI6MCwibGluZS1oZWlnaHQiOjEuNzV9LCJ0eXBlIjoicGFyYWdyYXBoIiwicmljaFRleHQiOnsiZGF0YSI6W3siY2hhciI6IjQifSx7ImNoYXIiOiIuIn0seyJjaGFyIjoiTCIsInN0eWxlcyI6eyJjb2xvciI6IiMxOTFmMjUiLCJiYWNrLWNvbG9yIjoiI2ZmZmZmZiJ9fSx7ImNoYXIiOiJlIiwic3R5bGVzIjp7ImNvbG9yIjoiIzE5MWYyNSIsImJhY2stY29sb3IiOiIjZmZmZmZmIn19LHsiY2hhciI6ImQiLCJzdHlsZXMiOnsiY29sb3IiOiIjMTkxZjI1IiwiYmFjay1jb2xvciI6IiNmZmZmZmYifX0seyJjaGFyIjoiZyIsInN0eWxlcyI6eyJjb2xvciI6IiMxOTFmMjUiLCJiYWNrLWNvbG9yIjoiI2ZmZmZmZiJ9fSx7ImNoYXIiOiJlIiwic3R5bGVzIjp7ImNvbG9yIjoiIzE5MWYyNSIsImJhY2stY29sb3IiOiIjZmZmZmZmIn19LHsiY2hhciI6InIiLCJzdHlsZXMiOnsiY29sb3IiOiIjMTkxZjI1IiwiYmFjay1jb2xvciI6IiNmZmZmZmYifX0seyJjaGFyIjoiICIsInN0eWxlcyI6eyJjb2xvciI6IiMxOTFmMjUiLCJiYWNrLWNvbG9yIjoiI2ZmZmZmZiJ9fSx7ImNoYXIiOiJOIiwic3R5bGVzIjp7ImNvbG9yIjoiIzE5MWYyNSIsImJhY2stY29sb3IiOiIjZmZmZmZmIn19LHsiY2hhciI6ImEiLCJzdHlsZXMiOnsiY29sb3IiOiIjMTkxZjI1IiwiYmFjay1jb2xvciI6IiNmZmZmZmYifX0seyJjaGFyIjoibiIsInN0eWxlcyI6eyJjb2xvciI6IiMxOTFmMjUiLCJiYWNrLWNvbG9yIjoiI2ZmZmZmZiJ9fSx7ImNoYXIiOiJvIiwic3R5bGVzIjp7ImNvbG9yIjoiIzE5MWYyNSIsImJhY2stY29sb3IiOiIjZmZmZmZmIn19LHsiY2hhciI6IiAiLCJzdHlsZXMiOnsiY29sb3IiOiIjMTkxZjI1IiwiYmFjay1jb2xvciI6IiNmZmZmZmYifX0seyJjaGFyIjoiUyIsInN0eWxlcyI6eyJjb2xvciI6IiMxOTFmMjUiLCJiYWNrLWNvbG9yIjoiI2ZmZmZmZiJ9fSx7ImNoYXIiOiIgIn0seyJjaGFyIjoi4oCTIn0seyJjaGFyIjoiICJ9LHsiY2hhciI6IkoifSx7ImNoYXIiOiJhIn0seyJjaGFyIjoibiJ9LHsiY2hhciI6InUifSx7ImNoYXIiOiJhIn0seyJjaGFyIjoiciJ9LHsiY2hhciI6InkifSx7ImNoYXIiOiIgIn0seyJjaGFyIjoiMSJ9LHsiY2hhciI6IjYifV0sImlzUmljaFRleHQiOnRydWUsImtlZXBMaW5lQnJlYWsiOnRydWV9fSx7ImJsb2NrSWQiOiI5MzEyLTE1NDc3MjkwNjA3MzUiLCJibG9ja1R5cGUiOiJwYXJhZ3JhcGgiLCJzdHlsZXMiOnsiYWxpZ24iOiJsZWZ0IiwiaW5kZW50IjowLCJ0ZXh0LWluZGVudCI6MCwibGluZS1oZWlnaHQiOjEuNzV9LCJ0eXBlIjoicGFyYWdyYXBoIiwicmljaFRleHQiOnsiZGF0YSI6W3siY2hhciI6IlQiLCJzdHlsZXMiOnsiZm9udC1mYW1pbHkiOiJBcmlhbCIsImNvbG9yIjoiIzMzMzMzMyIsImJhY2stY29sb3IiOiIjZjdmOGZhIn19LHsiY2hhciI6ImgiLCJzdHlsZXMiOnsiZm9udC1mYW1pbHkiOiJBcmlhbCIsImNvbG9yIjoiIzMzMzMzMyIsImJhY2stY29sb3IiOiIjZjdmOGZhIn19LHsiY2hhciI6ImUiLCJzdHlsZXMiOnsiZm9udC1mYW1pbHkiOiJBcmlhbCIsImNvbG9yIjoiIzMzMzMzMyIsImJhY2stY29sb3IiOiIjZjdmOGZhIn19LHsiY2hhciI6IiAiLCJzdHlsZXMiOnsiZm9udC1mYW1pbHkiOiJBcmlhbCIsImNvbG9yIjoiIzMzMzMzMyIsImJhY2stY29sb3IiOiIjZjdmOGZhIn19LHsiY2hhciI6ImwiLCJzdHlsZXMiOnsiZm9udC1mYW1pbHkiOiJBcmlhbCIsImNvbG9yIjoiIzMzMzMzMyIsImJhY2stY29sb3IiOiIjZjdmOGZhIn19LHsiY2hhciI6ImUiLCJzdHlsZXMiOnsiZm9udC1mYW1pbHkiOiJBcmlhbCIsImNvbG9yIjoiIzMzMzMzMyIsImJhY2stY29sb3IiOiIjZjdmOGZhIn19LHsiY2hhciI6ImQiLCJzdHlsZXMiOnsiZm9udC1mYW1pbHkiOiJBcmlhbCIsImNvbG9yIjoiIzMzMzMzMyIsImJhY2stY29sb3IiOiIjZjdmOGZhIn19LHsiY2hhciI6ImciLCJzdHlsZXMiOnsiZm9udC1mYW1pbHkiOiJBcmlhbCIsImNvbG9yIjoiIzMzMzMzMyIsImJhY2stY29sb3IiOiIjZjdmOGZhIn19LHsiY2hhciI6ImUiLCJzdHlsZXMiOnsiZm9udC1mYW1pbHkiOiJBcmlhbCIsImNvbG9yIjoiIzMzMzMzMyIsImJhY2stY29sb3IiOiIjZjdmOGZhIn19LHsiY2hhciI6InIiLCJzdHlsZXMiOnsiZm9udC1mYW1pbHkiOiJBcmlhbCIsImNvbG9yIjoiIzMzMzMzMyIsImJhY2stY29sb3IiOiIjZjdmOGZhIn19LHsiY2hhciI6IiAiLCJzdHlsZXMiOnsiZm9udC1mYW1pbHkiOiJBcmlhbCIsImNvbG9yIjoiIzMzMzMzMyIsImJhY2stY29sb3IiOiIjZjdmOGZhIn19LHsiY2hhciI6ImgiLCJzdHlsZXMiOnsiZm9udC1mYW1pbHkiOiJBcmlhbCIsImNvbG9yIjoiIzMzMzMzMyIsImJhY2stY29sb3IiOiIjZjdmOGZhIn19LHsiY2hhciI6ImEiLCJzdHlsZXMiOnsiZm9udC1mYW1pbHkiOiJBcmlhbCIsImNvbG9yIjoiIzMzMzMzMyIsImJhY2stY29sb3IiOiIjZjdmOGZhIn19LHsiY2hhciI6InMiLCJzdHlsZXMiOnsiZm9udC1mYW1pbHkiOiJBcmlhbCIsImNvbG9yIjoiIzMzMzMzMyIsImJhY2stY29sb3IiOiIjZjdmOGZhIn19LHsiY2hhciI6IiAiLCJzdHlsZXMiOnsiZm9udC1mYW1pbHkiOiJBcmlhbCIsImNvbG9yIjoiIzMzMzMzMyIsImJhY2stY29sb3IiOiIjZjdmOGZhIn19LHsiY2hhciI6InMiLCJzdHlsZXMiOnsiZm9udC1mYW1pbHkiOiJBcmlhbCIsImNvbG9yIjoiIzMzMzMzMyIsImJhY2stY29sb3IiOiIjZjdmOGZhIn19LHsiY2hhciI6InUiLCJzdHlsZXMiOnsiZm9udC1mYW1pbHkiOiJBcmlhbCIsImNvbG9yIjoiIzMzMzMzMyIsImJhY2stY29sb3IiOiIjZjdmOGZhIn19LHsiY2hhciI6InAiLCJzdHlsZXMiOnsiZm9udC1mYW1pbHkiOiJBcmlhbCIsImNvbG9yIjoiIzMzMzMzMyIsImJhY2stY29sb3IiOiIjZjdmOGZhIn19LHsiY2hhciI6InAiLCJzdHlsZXMiOnsiZm9udC1mYW1pbHkiOiJBcmlhbCIsImNvbG9yIjoiIzMzMzMzMyIsImJhY2stY29sb3IiOiIjZjdmOGZhIn19LHsiY2hhciI6Im8iLCJzdHlsZXMiOnsiZm9udC1mYW1pbHkiOiJBcmlhbCIsImNvbG9yIjoiIzMzMzMzMyIsImJhY2stY29sb3IiOiIjZjdmOGZhIn19LHsiY2hhciI6InIiLCJzdHlsZXMiOnsiZm9udC1mYW1pbHkiOiJBcmlhbCIsImNvbG9yIjoiIzMzMzMzMyIsImJhY2stY29sb3IiOiIjZjdmOGZhIn19LHsiY2hhciI6InQiLCJzdHlsZXMiOnsiZm9udC1mYW1pbHkiOiJBcmlhbCIsImNvbG9yIjoiIzMzMzMzMyIsImJhY2stY29sb3IiOiIjZjdmOGZhIn19LHsiY2hhciI6IiAiLCJzdHlsZXMiOnsiZm9udC1mYW1pbHkiOiJBcmlhbCIsImNvbG9yIjoiIzMzMzMzMyIsImJhY2stY29sb3IiOiIjZjdmOGZhIn19LHsiY2hhciI6InQiLCJzdHlsZXMiOnsiZm9udC1mYW1pbHkiOiJBcmlhbCIsImNvbG9yIjoiIzMzMzMzMyIsImJhY2stY29sb3IiOiIjZjdmOGZhIn19LHsiY2hhciI6InIiLCJzdHlsZXMiOnsiZm9udC1mYW1pbHkiOiJBcmlhbCIsImNvbG9yIjoiIzMzMzMzMyIsImJhY2stY29sb3IiOiIjZjdmOGZhIn19LHsiY2hhciI6ImEiLCJzdHlsZXMiOnsiZm9udC1mYW1pbHkiOiJBcmlhbCIsImNvbG9yIjoiIzMzMzMzMyIsImJhY2stY29sb3IiOiIjZjdmOGZhIn19LHsiY2hhciI6Im4iLCJzdHlsZXMiOnsiZm9udC1mYW1pbHkiOiJBcmlhbCIsImNvbG9yIjoiIzMzMzMzMyIsImJhY2stY29sb3IiOiIjZjdmOGZhIn19LHsiY2hhciI6InMiLCJzdHlsZXMiOnsiZm9udC1mYW1pbHkiOiJBcmlhbCIsImNvbG9yIjoiIzMzMzMzMyIsImJhY2stY29sb3IiOiIjZjdmOGZhIn19LHsiY2hhciI6ImYiLCJzdHlsZXMiOnsiZm9udC1mYW1pbHkiOiJBcmlhbCIsImNvbG9yIjoiIzMzMzMzMyIsImJhY2stY29sb3IiOiIjZjdmOGZhIn19LHsiY2hhciI6ImUiLCJzdHlsZXMiOnsiZm9udC1mYW1pbHkiOiJBcmlhbCIsImNvbG9yIjoiIzMzMzMzMyIsImJhY2stY29sb3IiOiIjZjdmOGZhIn19LHsiY2hhciI6InIiLCJzdHlsZXMiOnsiZm9udC1mYW1pbHkiOiJBcmlhbCIsImNvbG9yIjoiIzMzMzMzMyIsImJhY2stY29sb3IiOiIjZjdmOGZhIn19LHsiY2hhciI6IiAiLCJzdHlsZXMiOnsiZm9udC1mYW1pbHkiOiJBcmlhbCIsImNvbG9yIjoiIzMzMzMzMyIsImJhY2stY29sb3IiOiIjZjdmOGZhIn19LHsiY2hhciI6IlQiLCJzdHlsZXMiOnsiZm9udC1mYW1pbHkiOiJBcmlhbCIsImNvbG9yIjoiIzMzMzMzMyIsImJhY2stY29sb3IiOiIjZjdmOGZhIn19LHsiY2hhciI6IlIiLCJzdHlsZXMiOnsiZm9udC1mYW1pbHkiOiJBcmlhbCIsImNvbG9yIjoiIzMzMzMzMyIsImJhY2stY29sb3IiOiIjZjdmOGZhIn19LHsiY2hhciI6IlgiLCJzdHlsZXMiOnsiZm9udC1mYW1pbHkiOiJBcmlhbCIsImNvbG9yIjoiIzMzMzMzMyIsImJhY2stY29sb3IiOiIjZjdmOGZhIn19LHsiY2hhciI6IiAiLCJzdHlsZXMiOnsiZm9udC1mYW1pbHkiOiJBcmlhbCIsImNvbG9yIjoiIzMzMzMzMyIsImJhY2stY29sb3IiOiIjZjdmOGZhIn19LHsiY2hhciI6ImEiLCJzdHlsZXMiOnsiZm9udC1mYW1pbHkiOiJBcmlhbCIsImNvbG9yIjoiIzMzMzMzMyIsImJhY2stY29sb3IiOiIjZjdmOGZhIn19LHsiY2hhciI6Im4iLCJzdHlsZXMiOnsiZm9udC1mYW1pbHkiOiJBcmlhbCIsImNvbG9yIjoiIzMzMzMzMyIsImJhY2stY29sb3IiOiIjZjdmOGZhIn19LHsiY2hhciI6ImQiLCJzdHlsZXMiOnsiZm9udC1mYW1pbHkiOiJBcmlhbCIsImNvbG9yIjoiIzMzMzMzMyIsImJhY2stY29sb3IiOiIjZjdmOGZhIn19LHsiY2hhciI6IiAiLCJzdHlsZXMiOnsiZm9udC1mYW1pbHkiOiJBcmlhbCIsImNvbG9yIjoiIzMzMzMzMyIsImJhY2stY29sb3IiOiIjZjdmOGZhIn19LHsiY2hhciI6IlQiLCJzdHlsZXMiOnsiZm9udC1mYW1pbHkiOiJBcmlhbCIsImNvbG9yIjoiIzMzMzMzMyIsImJhY2stY29sb3IiOiIjZjdmOGZhIn19LHsiY2hhciI6IlIiLCJzdHlsZXMiOnsiZm9udC1mYW1pbHkiOiJBcmlhbCIsImNvbG9yIjoiIzMzMzMzMyIsImJhY2stY29sb3IiOiIjZjdmOGZhIn19LHsiY2hhciI6IkMiLCJzdHlsZXMiOnsiZm9udC1mYW1pbHkiOiJBcmlhbCIsImNvbG9yIjoiIzMzMzMzMyIsImJhY2stY29sb3IiOiIjZjdmOGZhIn19LHsiY2hhciI6IjEiLCJzdHlsZXMiOnsiZm9udC1mYW1pbHkiOiJBcmlhbCIsImNvbG9yIjoiIzMzMzMzMyIsImJhY2stY29sb3IiOiIjZjdmOGZhIn19LHsiY2hhciI6IjAiLCJzdHlsZXMiOnsiZm9udC1mYW1pbHkiOiJBcmlhbCIsImNvbG9yIjoiIzMzMzMzMyIsImJhY2stY29sb3IiOiIjZjdmOGZhIn19LHsiY2hhciI6IiwiLCJzdHlsZXMiOnsiZm9udC1mYW1pbHkiOiJBcmlhbCIsImNvbG9yIjoiIzMzMzMzMyIsImJhY2stY29sb3IiOiIjZjdmOGZhIn19LHsiY2hhciI6IiAiLCJzdHlsZXMiOnsiZm9udC1mYW1pbHkiOiJBcmlhbCIsImNvbG9yIjoiIzMzMzMzMyIsImJhY2stY29sb3IiOiIjZjdmOGZhIn19LHsiY2hhciI6ImYiLCJzdHlsZXMiOnsiZm9udC1mYW1pbHkiOiJBcmlhbCIsImNvbG9yIjoiIzMzMzMzMyIsImJhY2stY29sb3IiOiIjZjdmOGZhIn19LHsiY2hhciI6InIiLCJzdHlsZXMiOnsiZm9udC1mYW1pbHkiOiJBcmlhbCIsImNvbG9yIjoiIzMzMzMzMyIsImJhY2stY29sb3IiOiIjZjdmOGZhIn19LHsiY2hhciI6ImUiLCJzdHlsZXMiOnsiZm9udC1mYW1pbHkiOiJBcmlhbCIsImNvbG9yIjoiIzMzMzMzMyIsImJhY2stY29sb3IiOiIjZjdmOGZhIn19LHsiY2hhciI6ImUiLCJzdHlsZXMiOnsiZm9udC1mYW1pbHkiOiJBcmlhbCIsImNvbG9yIjoiIzMzMzMzMyIsImJhY2stY29sb3IiOiIjZjdmOGZhIn19LHsiY2hhciI6InoiLCJzdHlsZXMiOnsiZm9udC1mYW1pbHkiOiJBcmlhbCIsImNvbG9yIjoiIzMzMzMzMyIsImJhY2stY29sb3IiOiIjZjdmOGZhIn19LHsiY2hhciI6ImUiLCJzdHlsZXMiOnsiZm9udC1mYW1pbHkiOiJBcmlhbCIsImNvbG9yIjoiIzMzMzMzMyIsImJhY2stY29sb3IiOiIjZjdmOGZhIn19LHsiY2hhciI6IiwiLCJzdHlsZXMiOnsiZm9udC1mYW1pbHkiOiJBcmlhbCIsImNvbG9yIjoiIzMzMzMzMyIsImJhY2stY29sb3IiOiIjZjdmOGZhIn19LHsiY2hhciI6IiAiLCJzdHlsZXMiOnsiZm9udC1mYW1pbHkiOiJBcmlhbCIsImNvbG9yIjoiIzMzMzMzMyIsImJhY2stY29sb3IiOiIjZjdmOGZhIn19LHsiY2hhciI6InUiLCJzdHlsZXMiOnsiZm9udC1mYW1pbHkiOiJBcmlhbCIsImNvbG9yIjoiIzMzMzMzMyIsImJhY2stY29sb3IiOiIjZjdmOGZhIn19LHsiY2hhciI6Im4iLCJzdHlsZXMiOnsiZm9udC1mYW1pbHkiOiJBcmlhbCIsImNvbG9yIjoiIzMzMzMzMyIsImJhY2stY29sb3IiOiIjZjdmOGZhIn19LHsiY2hhciI6ImYiLCJzdHlsZXMiOnsiZm9udC1mYW1pbHkiOiJBcmlhbCIsImNvbG9yIjoiIzMzMzMzMyIsImJhY2stY29sb3IiOiIjZjdmOGZhIn19LHsiY2hhciI6InIiLCJzdHlsZXMiOnsiZm9udC1mYW1pbHkiOiJBcmlhbCIsImNvbG9yIjoiIzMzMzMzMyIsImJhY2stY29sb3IiOiIjZjdmOGZhIn19LHsiY2hhciI6ImUiLCJzdHlsZXMiOnsiZm9udC1mYW1pbHkiOiJBcmlhbCIsImNvbG9yIjoiIzMzMzMzMyIsImJhY2stY29sb3IiOiIjZjdmOGZhIn19LHsiY2hhciI6ImUiLCJzdHlsZXMiOnsiZm9udC1mYW1pbHkiOiJBcmlhbCIsImNvbG9yIjoiIzMzMzMzMyIsImJhY2stY29sb3IiOiIjZjdmOGZhIn19LHsiY2hhciI6InoiLCJzdHlsZXMiOnsiZm9udC1mYW1pbHkiOiJBcmlhbCIsImNvbG9yIjoiIzMzMzMzMyIsImJhY2stY29sb3IiOiIjZjdmOGZhIn19LHsiY2hhciI6ImUiLCJzdHlsZXMiOnsiZm9udC1mYW1pbHkiOiJBcmlhbCIsImNvbG9yIjoiIzMzMzMzMyIsImJhY2stY29sb3IiOiIjZjdmOGZhIn19LHsiY2hhciI6IiwiLCJzdHlsZXMiOnsiZm9udC1mYW1pbHkiOiJBcmlhbCIsImNvbG9yIjoiIzMzMzMzMyIsImJhY2stY29sb3IiOiIjZjdmOGZhIn19LHsiY2hhciI6IiAiLCJzdHlsZXMiOnsiZm9udC1mYW1pbHkiOiJBcmlhbCIsImNvbG9yIjoiIzMzMzMzMyIsImJhY2stY29sb3IiOiIjZjdmOGZhIn19LHsiY2hhciI6InYiLCJzdHlsZXMiOnsiZm9udC1mYW1pbHkiOiJBcmlhbCIsImNvbG9yIjoiIzMzMzMzMyIsImJhY2stY29sb3IiOiIjZjdmOGZhIn19LHsiY2hhciI6Im8iLCJzdHlsZXMiOnsiZm9udC1mYW1pbHkiOiJBcmlhbCIsImNvbG9yIjoiIzMzMzMzMyIsImJhY2stY29sb3IiOiIjZjdmOGZhIn19LHsiY2hhciI6InQiLCJzdHlsZXMiOnsiZm9udC1mYW1pbHkiOiJBcmlhbCIsImNvbG9yIjoiIzMzMzMzMyIsImJhY2stY29sb3IiOiIjZjdmOGZhIn19LHsiY2hhciI6ImUiLCJzdHlsZXMiOnsiZm9udC1mYW1pbHkiOiJBcmlhbCIsImNvbG9yIjoiIzMzMzMzMyIsImJhY2stY29sb3IiOiIjZjdmOGZhIn19LHsiY2hhciI6IiwiLCJzdHlsZXMiOnsiZm9udC1mYW1pbHkiOiJBcmlhbCIsImNvbG9yIjoiIzMzMzMzMyIsImJhY2stY29sb3IiOiIjZjdmOGZhIn19LHsiY2hhciI6IiAiLCJzdHlsZXMiOnsiZm9udC1mYW1pbHkiOiJBcmlhbCIsImNvbG9yIjoiIzMzMzMzMyIsImJhY2stY29sb3IiOiIjZjdmOGZhIn19LHsiY2hhciI6ImMiLCJzdHlsZXMiOnsiZm9udC1mYW1pbHkiOiJBcmlhbCIsImNvbG9yIjoiIzMzMzMzMyIsImJhY2stY29sb3IiOiIjZjdmOGZhIn19LHsiY2hhciI6ImgiLCJzdHlsZXMiOnsiZm9udC1mYW1pbHkiOiJBcmlhbCIsImNvbG9yIjoiIzMzMzMzMyIsImJhY2stY29sb3IiOiIjZjdmOGZhIn19LHsiY2hhciI6ImEiLCJzdHlsZXMiOnsiZm9udC1mYW1pbHkiOiJBcmlhbCIsImNvbG9yIjoiIzMzMzMzMyIsImJhY2stY29sb3IiOiIjZjdmOGZhIn19LHsiY2hhciI6Im4iLCJzdHlsZXMiOnsiZm9udC1mYW1pbHkiOiJBcmlhbCIsImNvbG9yIjoiIzMzMzMzMyIsImJhY2stY29sb3IiOiIjZjdmOGZhIn19LHsiY2hhciI6ImciLCJzdHlsZXMiOnsiZm9udC1mYW1pbHkiOiJBcmlhbCIsImNvbG9yIjoiIzMzMzMzMyIsImJhY2stY29sb3IiOiIjZjdmOGZhIn19LHsiY2hhciI6ImUiLCJzdHlsZXMiOnsiZm9udC1mYW1pbHkiOiJBcmlhbCIsImNvbG9yIjoiIzMzMzMzMyIsImJhY2stY29sb3IiOiIjZjdmOGZhIn19LHsiY2hhciI6IiAiLCJzdHlsZXMiOnsiZm9udC1mYW1pbHkiOiJBcmlhbCIsImNvbG9yIjoiIzMzMzMzMyIsImJhY2stY29sb3IiOiIjZjdmOGZhIn19LHsiY2hhciI6ImEiLCJzdHlsZXMiOnsiZm9udC1mYW1pbHkiOiJBcmlhbCIsImNvbG9yIjoiIzMzMzMzMyIsImJhY2stY29sb3IiOiIjZjdmOGZhIn19LHsiY2hhciI6ImMiLCJzdHlsZXMiOnsiZm9udC1mYW1pbHkiOiJBcmlhbCIsImNvbG9yIjoiIzMzMzMzMyIsImJhY2stY29sb3IiOiIjZjdmOGZhIn19LHsiY2hhciI6ImMiLCJzdHlsZXMiOnsiZm9udC1mYW1pbHkiOiJBcmlhbCIsImNvbG9yIjoiIzMzMzMzMyIsImJhY2stY29sb3IiOiIjZjdmOGZhIn19LHsiY2hhciI6Im8iLCJzdHlsZXMiOnsiZm9udC1mYW1pbHkiOiJBcmlhbCIsImNvbG9yIjoiIzMzMzMzMyIsImJhY2stY29sb3IiOiIjZjdmOGZhIn19LHsiY2hhciI6InUiLCJzdHlsZXMiOnsiZm9udC1mYW1pbHkiOiJBcmlhbCIsImNvbG9yIjoiIzMzMzMzMyIsImJhY2stY29sb3IiOiIjZjdmOGZhIn19LHsiY2hhciI6Im4iLCJzdHlsZXMiOnsiZm9udC1mYW1pbHkiOiJBcmlhbCIsImNvbG9yIjoiIzMzMzMzMyIsImJhY2stY29sb3IiOiIjZjdmOGZhIn19LHsiY2hhciI6InQiLCJzdHlsZXMiOnsiZm9udC1mYW1pbHkiOiJBcmlhbCIsImNvbG9yIjoiIzMzMzMzMyIsImJhY2stY29sb3IiOiIjZjdmOGZhIn19LHsiY2hhciI6IiAiLCJzdHlsZXMiOnsiZm9udC1mYW1pbHkiOiJBcmlhbCIsImNvbG9yIjoiIzMzMzMzMyIsImJhY2stY29sb3IiOiIjZjdmOGZhIn19LHsiY2hhciI6Im4iLCJzdHlsZXMiOnsiZm9udC1mYW1pbHkiOiJBcmlhbCIsImNvbG9yIjoiIzMzMzMzMyIsImJhY2stY29sb3IiOiIjZjdmOGZhIn19LHsiY2hhciI6ImEiLCJzdHlsZXMiOnsiZm9udC1mYW1pbHkiOiJBcmlhbCIsImNvbG9yIjoiIzMzMzMzMyIsImJhY2stY29sb3IiOiIjZjdmOGZhIn19LHsiY2hhciI6Im0iLCJzdHlsZXMiOnsiZm9udC1mYW1pbHkiOiJBcmlhbCIsImNvbG9yIjoiIzMzMzMzMyIsImJhY2stY29sb3IiOiIjZjdmOGZhIn19LHsiY2hhciI6ImUiLCJzdHlsZXMiOnsiZm9udC1mYW1pbHkiOiJBcmlhbCIsImNvbG9yIjoiIzMzMzMzMyIsImJhY2stY29sb3IiOiIjZjdmOGZhIn19LHsiY2hhciI6IiwiLCJzdHlsZXMiOnsiZm9udC1mYW1pbHkiOiJBcmlhbCIsImNvbG9yIjoiIzMzMzMzMyIsImJhY2stY29sb3IiOiIjZjdmOGZhIn19LHsiY2hhciI6IiAiLCJzdHlsZXMiOnsiZm9udC1mYW1pbHkiOiJBcmlhbCIsImNvbG9yIjoiIzMzMzMzMyIsImJhY2stY29sb3IiOiIjZjdmOGZhIn19LHsiY2hhciI6IlQiLCJzdHlsZXMiOnsiZm9udC1mYW1pbHkiOiJBcmlhbCIsImNvbG9yIjoiIzMzMzMzMyIsImJhY2stY29sb3IiOiIjZjdmOGZhIn19LHsiY2hhciI6IlIiLCJzdHlsZXMiOnsiZm9udC1mYW1pbHkiOiJBcmlhbCIsImNvbG9yIjoiIzMzMzMzMyIsImJhY2stY29sb3IiOiIjZjdmOGZhIn19LHsiY2hhciI6IkMiLCJzdHlsZXMiOnsiZm9udC1mYW1pbHkiOiJBcmlhbCIsImNvbG9yIjoiIzMzMzMzMyIsImJhY2stY29sb3IiOiIjZjdmOGZhIn19LHsiY2hhciI6IjEiLCJzdHlsZXMiOnsiZm9udC1mYW1pbHkiOiJBcmlhbCIsImNvbG9yIjoiIzMzMzMzMyIsImJhY2stY29sb3IiOiIjZjdmOGZhIn19LHsiY2hhciI6IjAiLCJzdHlsZXMiOnsiZm9udC1mYW1pbHkiOiJBcmlhbCIsImNvbG9yIjoiIzMzMzMzMyIsImJhY2stY29sb3IiOiIjZjdmOGZhIn19LHsiY2hhciI6IiAiLCJzdHlsZXMiOnsiZm9udC1mYW1pbHkiOiJBcmlhbCIsImNvbG9yIjoiIzMzMzMzMyIsImJhY2stY29sb3IiOiIjZjdmOGZhIn19LHsiY2hhciI6InAiLCJzdHlsZXMiOnsiZm9udC1mYW1pbHkiOiJBcmlhbCIsImNvbG9yIjoiIzMzMzMzMyIsImJhY2stY29sb3IiOiIjZjdmOGZhIn19LHsiY2hhciI6ImEiLCJzdHlsZXMiOnsiZm9udC1mYW1pbHkiOiJBcmlhbCIsImNvbG9yIjoiIzMzMzMzMyIsImJhY2stY29sb3IiOiIjZjdmOGZhIn19LHsiY2hhciI6InIiLCJzdHlsZXMiOnsiZm9udC1mYW1pbHkiOiJBcmlhbCIsImNvbG9yIjoiIzMzMzMzMyIsImJhY2stY29sb3IiOiIjZjdmOGZhIn19LHsiY2hhciI6InQiLCJzdHlsZXMiOnsiZm9udC1mYW1pbHkiOiJBcmlhbCIsImNvbG9yIjoiIzMzMzMzMyIsImJhY2stY29sb3IiOiIjZjdmOGZhIn19LHsiY2hhciI6ImkiLCJzdHlsZXMiOnsiZm9udC1mYW1pbHkiOiJBcmlhbCIsImNvbG9yIjoiIzMzMzMzMyIsImJhY2stY29sb3IiOiIjZjdmOGZhIn19LHsiY2hhciI6ImMiLCJzdHlsZXMiOnsiZm9udC1mYW1pbHkiOiJBcmlhbCIsImNvbG9yIjoiIzMzMzMzMyIsImJhY2stY29sb3IiOiIjZjdmOGZhIn19LHsiY2hhciI6ImkiLCJzdHlsZXMiOnsiZm9udC1mYW1pbHkiOiJBcmlhbCIsImNvbG9yIjoiIzMzMzMzMyIsImJhY2stY29sb3IiOiIjZjdmOGZhIn19LHsiY2hhciI6InAiLCJzdHlsZXMiOnsiZm9udC1mYW1pbHkiOiJBcmlhbCIsImNvbG9yIjoiIzMzMzMzMyIsImJhY2stY29sb3IiOiIjZjdmOGZhIn19LHsiY2hhciI6ImEiLCJzdHlsZXMiOnsiZm9udC1mYW1pbHkiOiJBcmlhbCIsImNvbG9yIjoiIzMzMzMzMyIsImJhY2stY29sb3IiOiIjZjdmOGZhIn19LHsiY2hhciI6InQiLCJzdHlsZXMiOnsiZm9udC1mYW1pbHkiOiJBcmlhbCIsImNvbG9yIjoiIzMzMzMzMyIsImJhY2stY29sb3IiOiIjZjdmOGZhIn19LHsiY2hhciI6ImkiLCJzdHlsZXMiOnsiZm9udC1mYW1pbHkiOiJBcmlhbCIsImNvbG9yIjoiIzMzMzMzMyIsImJhY2stY29sb3IiOiIjZjdmOGZhIn19LHsiY2hhciI6Im8iLCJzdHlsZXMiOnsiZm9udC1mYW1pbHkiOiJBcmlhbCIsImNvbG9yIjoiIzMzMzMzMyIsImJhY2stY29sb3IiOiIjZjdmOGZhIn19LHsiY2hhciI6Im4iLCJzdHlsZXMiOnsiZm9udC1mYW1pbHkiOiJBcmlhbCIsImNvbG9yIjoiIzMzMzMzMyIsImJhY2stY29sb3IiOiIjZjdmOGZhIn19LHsiY2hhciI6IiAiLCJzdHlsZXMiOnsiZm9udC1mYW1pbHkiOiJBcmlhbCIsImNvbG9yIjoiIzMzMzMzMyIsImJhY2stY29sb3IiOiIjZjdmOGZhIn19LHsiY2hhciI6ImYiLCJzdHlsZXMiOnsiZm9udC1mYW1pbHkiOiJBcmlhbCIsImNvbG9yIjoiIzMzMzMzMyIsImJhY2stY29sb3IiOiIjZjdmOGZhIn19LHsiY2hhciI6InUiLCJzdHlsZXMiOnsiZm9udC1mYW1pbHkiOiJBcmlhbCIsImNvbG9yIjoiIzMzMzMzMyIsImJhY2stY29sb3IiOiIjZjdmOGZhIn19LHsiY2hhciI6Im4iLCJzdHlsZXMiOnsiZm9udC1mYW1pbHkiOiJBcmlhbCIsImNvbG9yIjoiIzMzMzMzMyIsImJhY2stY29sb3IiOiIjZjdmOGZhIn19LHsiY2hhciI6ImMiLCJzdHlsZXMiOnsiZm9udC1mYW1pbHkiOiJBcmlhbCIsImNvbG9yIjoiIzMzMzMzMyIsImJhY2stY29sb3IiOiIjZjdmOGZhIn19LHsiY2hhciI6InQiLCJzdHlsZXMiOnsiZm9udC1mYW1pbHkiOiJBcmlhbCIsImNvbG9yIjoiIzMzMzMzMyIsImJhY2stY29sb3IiOiIjZjdmOGZhIn19LHsiY2hhciI6ImkiLCJzdHlsZXMiOnsiZm9udC1mYW1pbHkiOiJBcmlhbCIsImNvbG9yIjoiIzMzMzMzMyIsImJhY2stY29sb3IiOiIjZjdmOGZhIn19LHsiY2hhciI6Im8iLCJzdHlsZXMiOnsiZm9udC1mYW1pbHkiOiJBcmlhbCIsImNvbG9yIjoiIzMzMzMzMyIsImJhY2stY29sb3IiOiIjZjdmOGZhIn19LHsiY2hhciI6Im4iLCJzdHlsZXMiOnsiZm9udC1mYW1pbHkiOiJBcmlhbCIsImNvbG9yIjoiIzMzMzMzMyIsImJhY2stY29sb3IiOiIjZjdmOGZhIn19LHsiY2hhciI6Ii4iLCJzdHlsZXMiOnsiZm9udC1mYW1pbHkiOiJBcmlhbCIsImNvbG9yIjoiIzMzMzMzMyIsImJhY2stY29sb3IiOiIjZjdmOGZhIn19XSwiaXNSaWNoVGV4dCI6dHJ1ZSwia2VlcExpbmVCcmVhayI6dHJ1ZX19LHsiYmxvY2tJZCI6IjE2MTItMTU0NzcyODk5ODgyOCIsImJsb2NrVHlwZSI6InBhcmFncmFwaCIsInN0eWxlcyI6eyJhbGlnbiI6ImxlZnQiLCJpbmRlbnQiOjAsInRleHQtaW5kZW50IjowLCJsaW5lLWhlaWdodCI6MS43NX0sInR5cGUiOiJwYXJhZ3JhcGgiLCJyaWNoVGV4dCI6eyJkYXRhIjpbeyJjaGFyIjoiNSJ9LHsiY2hhciI6Ii4ifSx7ImNoYXIiOiJUIn0seyJjaGFyIjoiciJ9LHsiY2hhciI6Im8ifSx7ImNoYXIiOiJuIn0seyJjaGFyIjoicyJ9LHsiY2hhciI6ImMifSx7ImNoYXIiOiJhIn0seyJjaGFyIjoibiJ9LHsiY2hhciI6IiAifSx7ImNoYXIiOiJBIn0seyJjaGFyIjoiUCJ9LHsiY2hhciI6IkkifSx7ImNoYXIiOiLigJMifSx7ImNoYXIiOiIgIn0seyJjaGFyIjoiSiJ9LHsiY2hhciI6ImEifSx7ImNoYXIiOiJuIn0seyJjaGFyIjoidSJ9LHsiY2hhciI6ImEifSx7ImNoYXIiOiJyIn0seyJjaGFyIjoieSJ9LHsiY2hhciI6IiAifSx7ImNoYXIiOiIyIn0seyJjaGFyIjoiMCJ9XSwiaXNSaWNoVGV4dCI6dHJ1ZSwia2VlcExpbmVCcmVhayI6dHJ1ZX19LHsiYmxvY2tJZCI6Ijk1NTctMTU0NzcyODk5ODgyOCIsImJsb2NrVHlwZSI6InBhcmFncmFwaCIsInN0eWxlcyI6eyJhbGlnbiI6ImxlZnQiLCJpbmRlbnQiOjAsInRleHQtaW5kZW50IjowLCJsaW5lLWhlaWdodCI6MS43NX0sInR5cGUiOiJwYXJhZ3JhcGgiLCJyaWNoVGV4dCI6eyJkYXRhIjpbeyJjaGFyIjoiwqAifV0sImlzUmljaFRleHQiOnRydWUsImtlZXBMaW5lQnJlYWsiOnRydWV9fSx7ImJsb2NrSWQiOiI0MTMzLTE1NDc3Mjg5OTg4MjgiLCJibG9ja1R5cGUiOiJwYXJhZ3JhcGgiLCJzdHlsZXMiOnsiYWxpZ24iOiJsZWZ0IiwiaW5kZW50IjowLCJ0ZXh0LWluZGVudCI6MCwibGluZS1oZWlnaHQiOjEuNzV9LCJ0eXBlIjoicGFyYWdyYXBoIiwicmljaFRleHQiOnsiZGF0YSI6W3siY2hhciI6IlQifSx7ImNoYXIiOiJoIn0seyJjaGFyIjoiYSJ9LHsiY2hhciI6Im4ifSx7ImNoYXIiOiJrIn0seyJjaGFyIjoicyJ9LHsiY2hhciI6IiAifSx7ImNoYXIiOiJmIn0seyJjaGFyIjoibyJ9LHsiY2hhciI6InIifSx7ImNoYXIiOiIgIn0seyJjaGFyIjoicyJ9LHsiY2hhciI6InUifSx7ImNoYXIiOiJwIn0seyJjaGFyIjoicCJ9LHsiY2hhciI6Im8ifSx7ImNoYXIiOiJyIn0seyJjaGFyIjoidCJ9LHsiY2hhciI6ImkifSx7ImNoYXIiOiJuIn0seyJjaGFyIjoiZyJ9LHsiY2hhciI6IiAifSx7ImNoYXIiOiJUIn0seyJjaGFyIjoiciJ9LHsiY2hhciI6Im8ifSx7ImNoYXIiOiJuIn0seyJjaGFyIjoicyJ9LHsiY2hhciI6ImMifSx7ImNoYXIiOiJhIn0seyJjaGFyIjoibiJ9LHsiY2hhciI6IiEifV0sImlzUmljaFRleHQiOnRydWUsImtlZXBMaW5lQnJlYWsiOnRydWV9fSx7ImJsb2NrSWQiOiIzNzM5LTE1NDc3Mjg5OTg4MjgiLCJibG9ja1R5cGUiOiJwYXJhZ3JhcGgiLCJzdHlsZXMiOnsiYWxpZ24iOiJsZWZ0IiwiaW5kZW50IjowLCJ0ZXh0LWluZGVudCI6MCwibGluZS1oZWlnaHQiOjEuNzV9LCJ0eXBlIjoicGFyYWdyYXBoIiwicmljaFRleHQiOnsiZGF0YSI6W3siY2hhciI6IlQifSx7ImNoYXIiOiJyIn0seyJjaGFyIjoibyJ9LHsiY2hhciI6Im4ifSx7ImNoYXIiOiJzIn0seyJjaGFyIjoiYyJ9LHsiY2hhciI6ImEifSx7ImNoYXIiOiJuIn0seyJjaGFyIjoiICJ9LHsiY2hhciI6IlQifSx7ImNoYXIiOiJlIn0seyJjaGFyIjoiYSJ9LHsiY2hhciI6Im0ifV0sImlzUmljaFRleHQiOnRydWUsImtlZXBMaW5lQnJlYWsiOnRydWV9fSx7ImJsb2NrSWQiOiIxODcwLTE1NDc3Mjg5OTg4MjgiLCJibG9ja1R5cGUiOiJwYXJhZ3JhcGgiLCJzdHlsZXMiOnsiYWxpZ24iOiJsZWZ0IiwiaW5kZW50IjowLCJ0ZXh0LWluZGVudCI6MCwibGluZS1oZWlnaHQiOjEuNzV9LCJ0eXBlIjoicGFyYWdyYXBoIiwicmljaFRleHQiOnsiZGF0YSI6W3siY2hhciI6IkoifSx7ImNoYXIiOiJhIn0seyJjaGFyIjoibiJ9LHsiY2hhciI6InUifSx7ImNoYXIiOiJhIn0seyJjaGFyIjoiciJ9LHsiY2hhciI6InkifSx7ImNoYXIiOiIgIn0seyJjaGFyIjoiMSJ9LHsiY2hhciI6IjQifSx7ImNoYXIiOiIsIn0seyJjaGFyIjoiICJ9LHsiY2hhciI6IjIifSx7ImNoYXIiOiIwIn0seyJjaGFyIjoiMSJ9LHsiY2hhciI6IjkifV0sImlzUmljaFRleHQiOnRydWUsImtlZXBMaW5lQnJlYWsiOnRydWV9fV0=--></p>","contextCN":"<div>\n<div>亲爱的用户</div>\n<div>&nbsp;</div>\n<div>对于近期反馈较多的问题，团队正在全力修复，问题修复时间如下。</div>\n<div>&nbsp;</div>\n<div>1.Tronlink TRC10转账问题 ---已支持</div>\n<div>2.TRC20数据问题 ---1月24日</div>\n<div>3.支持查看TRC20转账详情 ---1月24日</div>\n<div>4. Ledger问题 --- 已支持,支持版本Ledger Nano S</div>\n<div>ledger目前已支持转账TRX和token-trc10， 冻结，解冻，投票，修改账户名称，token 参与功能。</div>\n<div>5.tronscan API问题 ---已支持</div>\n<div>&nbsp;</div>\n<div>感谢您对tronscan的支持！</div>\n<div>tronscan团队</div>\n<div>2019年1月14日</div>\n<!--5f39ae17-8c62-4a45-bc43-b32064c9388a:W3siYmxvY2tJZCI6Ijg5ODQtMTU0NzcyOTAzMzQ4OSIsImJsb2NrVHlwZSI6InBhcmFncmFwaCIsInN0eWxlcyI6eyJhbGlnbiI6ImxlZnQiLCJpbmRlbnQiOjAsInRleHQtaW5kZW50IjowLCJsaW5lLWhlaWdodCI6MS43NX0sInR5cGUiOiJwYXJhZ3JhcGgiLCJyaWNoVGV4dCI6eyJkYXRhIjpbeyJjaGFyIjoi5LqyIn0seyJjaGFyIjoi54ixIn0seyJjaGFyIjoi55qEIn0seyJjaGFyIjoi55SoIn0seyJjaGFyIjoi5oi3In1dLCJpc1JpY2hUZXh0Ijp0cnVlLCJrZWVwTGluZUJyZWFrIjp0cnVlfX0seyJibG9ja0lkIjoiODQ4Ny0xNTQ3NzI5MDM0MDkwIiwiYmxvY2tUeXBlIjoicGFyYWdyYXBoIiwic3R5bGVzIjp7ImFsaWduIjoibGVmdCIsImluZGVudCI6MCwidGV4dC1pbmRlbnQiOjAsImxpbmUtaGVpZ2h0IjoxLjc1fSwidHlwZSI6InBhcmFncmFwaCIsInJpY2hUZXh0Ijp7ImRhdGEiOlt7ImNoYXIiOiLCoCJ9XSwiaXNSaWNoVGV4dCI6dHJ1ZSwia2VlcExpbmVCcmVhayI6dHJ1ZX19LHsiYmxvY2tJZCI6Ijc5MjAtMTU0NzcyOTAzNDA5MCIsImJsb2NrVHlwZSI6InBhcmFncmFwaCIsInN0eWxlcyI6eyJhbGlnbiI6ImxlZnQiLCJpbmRlbnQiOjAsInRleHQtaW5kZW50IjowLCJsaW5lLWhlaWdodCI6MS43NX0sInR5cGUiOiJwYXJhZ3JhcGgiLCJyaWNoVGV4dCI6eyJkYXRhIjpbeyJjaGFyIjoi5a+5In0seyJjaGFyIjoi5LqOIn0seyJjaGFyIjoi6L+RIn0seyJjaGFyIjoi5pyfIn0seyJjaGFyIjoi5Y+NIn0seyJjaGFyIjoi6aaIIn0seyJjaGFyIjoi6L6DIn0seyJjaGFyIjoi5aSaIn0seyJjaGFyIjoi55qEIn0seyJjaGFyIjoi6ZeuIn0seyJjaGFyIjoi6aKYIn0seyJjaGFyIjoi77yMIn0seyJjaGFyIjoi5ZuiIn0seyJjaGFyIjoi6ZifIn0seyJjaGFyIjoi5q2jIn0seyJjaGFyIjoi5ZyoIn0seyJjaGFyIjoi5YWoIn0seyJjaGFyIjoi5YqbIn0seyJjaGFyIjoi5L+uIn0seyJjaGFyIjoi5aSNIn0seyJjaGFyIjoi77yMIn0seyJjaGFyIjoi6ZeuIn0seyJjaGFyIjoi6aKYIn0seyJjaGFyIjoi5L+uIn0seyJjaGFyIjoi5aSNIn0seyJjaGFyIjoi5pe2In0seyJjaGFyIjoi6Ze0In0seyJjaGFyIjoi5aaCIn0seyJjaGFyIjoi5LiLIn0seyJjaGFyIjoi44CCIn1dLCJpc1JpY2hUZXh0Ijp0cnVlLCJrZWVwTGluZUJyZWFrIjp0cnVlfX0seyJibG9ja0lkIjoiNjU1MC0xNTQ3NzI5MDM0MDkwIiwiYmxvY2tUeXBlIjoicGFyYWdyYXBoIiwic3R5bGVzIjp7ImFsaWduIjoibGVmdCIsImluZGVudCI6MCwidGV4dC1pbmRlbnQiOjAsImxpbmUtaGVpZ2h0IjoxLjc1fSwidHlwZSI6InBhcmFncmFwaCIsInJpY2hUZXh0Ijp7ImRhdGEiOlt7ImNoYXIiOiLCoCJ9XSwiaXNSaWNoVGV4dCI6dHJ1ZSwia2VlcExpbmVCcmVhayI6dHJ1ZX19LHsiYmxvY2tJZCI6Ijk5ODEtMTU0NzcyOTAzNDA5MCIsImJsb2NrVHlwZSI6InBhcmFncmFwaCIsInN0eWxlcyI6eyJhbGlnbiI6ImxlZnQiLCJpbmRlbnQiOjAsInRleHQtaW5kZW50IjowLCJsaW5lLWhlaWdodCI6MS43NX0sInR5cGUiOiJwYXJhZ3JhcGgiLCJyaWNoVGV4dCI6eyJkYXRhIjpbeyJjaGFyIjoiMSJ9LHsiY2hhciI6Ii4ifSx7ImNoYXIiOiJUIn0seyJjaGFyIjoiciJ9LHsiY2hhciI6Im8ifSx7ImNoYXIiOiJuIn0seyJjaGFyIjoibCJ9LHsiY2hhciI6ImkifSx7ImNoYXIiOiJuIn0seyJjaGFyIjoiayJ9LHsiY2hhciI6IiAifSx7ImNoYXIiOiJUIn0seyJjaGFyIjoiUiJ9LHsiY2hhciI6IkMifSx7ImNoYXIiOiIxIn0seyJjaGFyIjoiMCJ9LHsiY2hhciI6Iui9rCJ9LHsiY2hhciI6Iui0piJ9LHsiY2hhciI6IumXriJ9LHsiY2hhciI6IumimCJ9LHsiY2hhciI6IiAifSx7ImNoYXIiOiItIn0seyJjaGFyIjoiLSJ9LHsiY2hhciI6Ii0ifSx7ImNoYXIiOiLlvoUifSx7ImNoYXIiOiJjIn0seyJjaGFyIjoiaCJ9LHsiY2hhciI6InIifSx7ImNoYXIiOiJvIn0seyJjaGFyIjoibSJ9LHsiY2hhciI6ImUifSx7ImNoYXIiOiLllYYifSx7ImNoYXIiOiLlupcifSx7ImNoYXIiOiLlrqEifSx7ImNoYXIiOiLmoLgifSx7ImNoYXIiOiLpgJoifSx7ImNoYXIiOiLov4cifSx7ImNoYXIiOiLmnIAifSx7ImNoYXIiOiLmlrAifSx7ImNoYXIiOiLniYgifSx7ImNoYXIiOiLmnKwifV0sImlzUmljaFRleHQiOnRydWUsImtlZXBMaW5lQnJlYWsiOnRydWV9fSx7ImJsb2NrSWQiOiI0MDY1LTE1NDc3MjkwMzQwOTAiLCJibG9ja1R5cGUiOiJwYXJhZ3JhcGgiLCJzdHlsZXMiOnsiYWxpZ24iOiJsZWZ0IiwiaW5kZW50IjowLCJ0ZXh0LWluZGVudCI6MCwibGluZS1oZWlnaHQiOjEuNzV9LCJ0eXBlIjoicGFyYWdyYXBoIiwicmljaFRleHQiOnsiZGF0YSI6W3siY2hhciI6IjIifSx7ImNoYXIiOiIuIn0seyJjaGFyIjoiVCJ9LHsiY2hhciI6IlIifSx7ImNoYXIiOiJDIn0seyJjaGFyIjoiMiJ9LHsiY2hhciI6IjAifSx7ImNoYXIiOiLmlbAifSx7ImNoYXIiOiLmja4ifSx7ImNoYXIiOiLpl64ifSx7ImNoYXIiOiLpopgifSx7ImNoYXIiOiIgIn0seyJjaGFyIjoiLSJ9LHsiY2hhciI6Ii0ifSx7ImNoYXIiOiItIn0seyJjaGFyIjoiMSJ9LHsiY2hhciI6IuaciCJ9LHsiY2hhciI6IjIifSx7ImNoYXIiOiI0In0seyJjaGFyIjoi5pelIn1dLCJpc1JpY2hUZXh0Ijp0cnVlLCJrZWVwTGluZUJyZWFrIjp0cnVlfX0seyJibG9ja0lkIjoiMTE2My0xNTQ3NzI5MDM0MDkwIiwiYmxvY2tUeXBlIjoicGFyYWdyYXBoIiwic3R5bGVzIjp7ImFsaWduIjoibGVmdCIsImluZGVudCI6MCwidGV4dC1pbmRlbnQiOjAsImxpbmUtaGVpZ2h0IjoxLjc1fSwidHlwZSI6InBhcmFncmFwaCIsInJpY2hUZXh0Ijp7ImRhdGEiOlt7ImNoYXIiOiIzIn0seyJjaGFyIjoiLiJ9LHsiY2hhciI6IuaUryJ9LHsiY2hhciI6IuaMgSJ9LHsiY2hhciI6IuafpSJ9LHsiY2hhciI6IueciyJ9LHsiY2hhciI6IlQifSx7ImNoYXIiOiJSIn0seyJjaGFyIjoiQyJ9LHsiY2hhciI6IjIifSx7ImNoYXIiOiIwIn0seyJjaGFyIjoi6L2sIn0seyJjaGFyIjoi6LSmIn0seyJjaGFyIjoi6K+mIn0seyJjaGFyIjoi5oOFIn0seyJjaGFyIjoiICJ9LHsiY2hhciI6Ii0ifSx7ImNoYXIiOiItIn0seyJjaGFyIjoiLSJ9LHsiY2hhciI6IjEifSx7ImNoYXIiOiLmnIgifSx7ImNoYXIiOiIyIn0seyJjaGFyIjoiNCJ9LHsiY2hhciI6IuaXpSJ9XSwiaXNSaWNoVGV4dCI6dHJ1ZSwia2VlcExpbmVCcmVhayI6dHJ1ZX19LHsiYmxvY2tJZCI6IjgxOTYtMTU0NzcyOTAzNDA5MCIsImJsb2NrVHlwZSI6InBhcmFncmFwaCIsInN0eWxlcyI6eyJhbGlnbiI6ImxlZnQiLCJpbmRlbnQiOjAsInRleHQtaW5kZW50IjowLCJsaW5lLWhlaWdodCI6MS43NX0sInR5cGUiOiJwYXJhZ3JhcGgiLCJyaWNoVGV4dCI6eyJkYXRhIjpbeyJjaGFyIjoiNCIsInN0eWxlcyI6eyJjb2xvciI6IiMxOTFmMjUiLCJiYWNrLWNvbG9yIjoiI2ZmZmZmZiJ9fSx7ImNoYXIiOiIuIiwic3R5bGVzIjp7ImNvbG9yIjoiIzE5MWYyNSIsImJhY2stY29sb3IiOiIjZmZmZmZmIn19LHsiY2hhciI6IiAiLCJzdHlsZXMiOnsiY29sb3IiOiIjMTkxZjI1IiwiYmFjay1jb2xvciI6IiNmZmZmZmYifX0seyJjaGFyIjoiTCIsInN0eWxlcyI6eyJjb2xvciI6IiMxOTFmMjUiLCJiYWNrLWNvbG9yIjoiI2ZmZmZmZiJ9fSx7ImNoYXIiOiJlIiwic3R5bGVzIjp7ImNvbG9yIjoiIzE5MWYyNSIsImJhY2stY29sb3IiOiIjZmZmZmZmIn19LHsiY2hhciI6ImQiLCJzdHlsZXMiOnsiY29sb3IiOiIjMTkxZjI1IiwiYmFjay1jb2xvciI6IiNmZmZmZmYifX0seyJjaGFyIjoiZyIsInN0eWxlcyI6eyJjb2xvciI6IiMxOTFmMjUiLCJiYWNrLWNvbG9yIjoiI2ZmZmZmZiJ9fSx7ImNoYXIiOiJlIiwic3R5bGVzIjp7ImNvbG9yIjoiIzE5MWYyNSIsImJhY2stY29sb3IiOiIjZmZmZmZmIn19LHsiY2hhciI6InIiLCJzdHlsZXMiOnsiY29sb3IiOiIjMTkxZjI1IiwiYmFjay1jb2xvciI6IiNmZmZmZmYifX0seyJjaGFyIjoi6ZeuIiwic3R5bGVzIjp7ImNvbG9yIjoiIzE5MWYyNSIsImJhY2stY29sb3IiOiIjZmZmZmZmIn19LHsiY2hhciI6IumimCIsInN0eWxlcyI6eyJjb2xvciI6IiMxOTFmMjUiLCJiYWNrLWNvbG9yIjoiI2ZmZmZmZiJ9fSx7ImNoYXIiOiIgIiwic3R5bGVzIjp7ImNvbG9yIjoiIzE5MWYyNSIsImJhY2stY29sb3IiOiIjZmZmZmZmIn19LHsiY2hhciI6Ii0iLCJzdHlsZXMiOnsiY29sb3IiOiIjMTkxZjI1IiwiYmFjay1jb2xvciI6IiNmZmZmZmYifX0seyJjaGFyIjoiLSIsInN0eWxlcyI6eyJjb2xvciI6IiMxOTFmMjUiLCJiYWNrLWNvbG9yIjoiI2ZmZmZmZiJ9fSx7ImNoYXIiOiItIiwic3R5bGVzIjp7ImNvbG9yIjoiIzE5MWYyNSIsImJhY2stY29sb3IiOiIjZmZmZmZmIn19LHsiY2hhciI6IiAiLCJzdHlsZXMiOnsiY29sb3IiOiIjMTkxZjI1IiwiYmFjay1jb2xvciI6IiNmZmZmZmYifX0seyJjaGFyIjoi5beyIiwic3R5bGVzIjp7ImNvbG9yIjoiIzE5MWYyNSIsImJhY2stY29sb3IiOiIjZmZmZmZmIn19LHsiY2hhciI6IuaUryIsInN0eWxlcyI6eyJjb2xvciI6IiMxOTFmMjUiLCJiYWNrLWNvbG9yIjoiI2ZmZmZmZiJ9fSx7ImNoYXIiOiLmjIEiLCJzdHlsZXMiOnsiY29sb3IiOiIjMTkxZjI1IiwiYmFjay1jb2xvciI6IiNmZmZmZmYifX0seyJjaGFyIjoiLCIsInN0eWxlcyI6eyJjb2xvciI6IiMxOTFmMjUiLCJiYWNrLWNvbG9yIjoiI2ZmZmZmZiJ9fSx7ImNoYXIiOiLmlK8iLCJzdHlsZXMiOnsiY29sb3IiOiIjMTkxZjI1IiwiYmFjay1jb2xvciI6IiNmZmZmZmYifX0seyJjaGFyIjoi5oyBIiwic3R5bGVzIjp7ImNvbG9yIjoiIzE5MWYyNSIsImJhY2stY29sb3IiOiIjZmZmZmZmIn19LHsiY2hhciI6IueJiCIsInN0eWxlcyI6eyJjb2xvciI6IiMxOTFmMjUiLCJiYWNrLWNvbG9yIjoiI2ZmZmZmZiJ9fSx7ImNoYXIiOiLmnKwiLCJzdHlsZXMiOnsiY29sb3IiOiIjMTkxZjI1IiwiYmFjay1jb2xvciI6IiNmZmZmZmYifX0seyJjaGFyIjoiTCIsInN0eWxlcyI6eyJjb2xvciI6IiMxOTFmMjUiLCJiYWNrLWNvbG9yIjoiI2ZmZmZmZiJ9fSx7ImNoYXIiOiJlIiwic3R5bGVzIjp7ImNvbG9yIjoiIzE5MWYyNSIsImJhY2stY29sb3IiOiIjZmZmZmZmIn19LHsiY2hhciI6ImQiLCJzdHlsZXMiOnsiY29sb3IiOiIjMTkxZjI1IiwiYmFjay1jb2xvciI6IiNmZmZmZmYifX0seyJjaGFyIjoiZyIsInN0eWxlcyI6eyJjb2xvciI6IiMxOTFmMjUiLCJiYWNrLWNvbG9yIjoiI2ZmZmZmZiJ9fSx7ImNoYXIiOiJlIiwic3R5bGVzIjp7ImNvbG9yIjoiIzE5MWYyNSIsImJhY2stY29sb3IiOiIjZmZmZmZmIn19LHsiY2hhciI6InIiLCJzdHlsZXMiOnsiY29sb3IiOiIjMTkxZjI1IiwiYmFjay1jb2xvciI6IiNmZmZmZmYifX0seyJjaGFyIjoiICIsInN0eWxlcyI6eyJjb2xvciI6IiMxOTFmMjUiLCJiYWNrLWNvbG9yIjoiI2ZmZmZmZiJ9fSx7ImNoYXIiOiJOIiwic3R5bGVzIjp7ImNvbG9yIjoiIzE5MWYyNSIsImJhY2stY29sb3IiOiIjZmZmZmZmIn19LHsiY2hhciI6ImEiLCJzdHlsZXMiOnsiY29sb3IiOiIjMTkxZjI1IiwiYmFjay1jb2xvciI6IiNmZmZmZmYifX0seyJjaGFyIjoibiIsInN0eWxlcyI6eyJjb2xvciI6IiMxOTFmMjUiLCJiYWNrLWNvbG9yIjoiI2ZmZmZmZiJ9fSx7ImNoYXIiOiJvIiwic3R5bGVzIjp7ImNvbG9yIjoiIzE5MWYyNSIsImJhY2stY29sb3IiOiIjZmZmZmZmIn19LHsiY2hhciI6IiAiLCJzdHlsZXMiOnsiY29sb3IiOiIjMTkxZjI1IiwiYmFjay1jb2xvciI6IiNmZmZmZmYifX0seyJjaGFyIjoiUyIsInN0eWxlcyI6eyJjb2xvciI6IiMxOTFmMjUiLCJiYWNrLWNvbG9yIjoiI2ZmZmZmZiJ9fV0sImlzUmljaFRleHQiOnRydWUsImtlZXBMaW5lQnJlYWsiOnRydWV9fSx7ImJsb2NrSWQiOiIxMjI3LTE1NDc3OTgxNjg4NzMiLCJibG9ja1R5cGUiOiJwYXJhZ3JhcGgiLCJzdHlsZXMiOnt9LCJ0eXBlIjoicGFyYWdyYXBoIiwicmljaFRleHQiOnsiZGF0YSI6W3siY2hhciI6ImwiLCJzdHlsZXMiOnsiY29sb3IiOiIjMTkxZjI1IiwiYmFjay1jb2xvciI6IiNmZmZmZmYifX0seyJjaGFyIjoiZSIsInN0eWxlcyI6eyJjb2xvciI6IiMxOTFmMjUiLCJiYWNrLWNvbG9yIjoiI2ZmZmZmZiJ9fSx7ImNoYXIiOiJkIiwic3R5bGVzIjp7ImNvbG9yIjoiIzE5MWYyNSIsImJhY2stY29sb3IiOiIjZmZmZmZmIn19LHsiY2hhciI6ImciLCJzdHlsZXMiOnsiY29sb3IiOiIjMTkxZjI1IiwiYmFjay1jb2xvciI6IiNmZmZmZmYifX0seyJjaGFyIjoiZSIsInN0eWxlcyI6eyJjb2xvciI6IiMxOTFmMjUiLCJiYWNrLWNvbG9yIjoiI2ZmZmZmZiJ9fSx7ImNoYXIiOiJyIiwic3R5bGVzIjp7ImNvbG9yIjoiIzE5MWYyNSIsImJhY2stY29sb3IiOiIjZmZmZmZmIn19LHsiY2hhciI6IuebriIsInN0eWxlcyI6eyJjb2xvciI6IiMxOTFmMjUiLCJiYWNrLWNvbG9yIjoiI2ZmZmZmZiJ9fSx7ImNoYXIiOiLliY0iLCJzdHlsZXMiOnsiY29sb3IiOiIjMTkxZjI1IiwiYmFjay1jb2xvciI6IiNmZmZmZmYifX0seyJjaGFyIjoi5beyIiwic3R5bGVzIjp7ImNvbG9yIjoiIzE5MWYyNSIsImJhY2stY29sb3IiOiIjZmZmZmZmIn19LHsiY2hhciI6IuaUryIsInN0eWxlcyI6eyJjb2xvciI6IiMxOTFmMjUiLCJiYWNrLWNvbG9yIjoiI2ZmZmZmZiJ9fSx7ImNoYXIiOiLmjIEiLCJzdHlsZXMiOnsiY29sb3IiOiIjMTkxZjI1IiwiYmFjay1jb2xvciI6IiNmZmZmZmYifX0seyJjaGFyIjoi6L2sIiwic3R5bGVzIjp7ImNvbG9yIjoiIzE5MWYyNSIsImJhY2stY29sb3IiOiIjZmZmZmZmIn19LHsiY2hhciI6Iui0piIsInN0eWxlcyI6eyJjb2xvciI6IiMxOTFmMjUiLCJiYWNrLWNvbG9yIjoiI2ZmZmZmZiJ9fSx7ImNoYXIiOiJUIiwic3R5bGVzIjp7ImNvbG9yIjoiIzE5MWYyNSIsImJhY2stY29sb3IiOiIjZmZmZmZmIn19LHsiY2hhciI6IlIiLCJzdHlsZXMiOnsiY29sb3IiOiIjMTkxZjI1IiwiYmFjay1jb2xvciI6IiNmZmZmZmYifX0seyJjaGFyIjoiWCIsInN0eWxlcyI6eyJjb2xvciI6IiMxOTFmMjUiLCJiYWNrLWNvbG9yIjoiI2ZmZmZmZiJ9fSx7ImNoYXIiOiLlkowiLCJzdHlsZXMiOnsiY29sb3IiOiIjMTkxZjI1IiwiYmFjay1jb2xvciI6IiNmZmZmZmYifX0seyJjaGFyIjoidCIsInN0eWxlcyI6eyJjb2xvciI6IiMxOTFmMjUiLCJiYWNrLWNvbG9yIjoiI2ZmZmZmZiJ9fSx7ImNoYXIiOiJvIiwic3R5bGVzIjp7ImNvbG9yIjoiIzE5MWYyNSIsImJhY2stY29sb3IiOiIjZmZmZmZmIn19LHsiY2hhciI6ImsiLCJzdHlsZXMiOnsiY29sb3IiOiIjMTkxZjI1IiwiYmFjay1jb2xvciI6IiNmZmZmZmYifX0seyJjaGFyIjoiZSIsInN0eWxlcyI6eyJjb2xvciI6IiMxOTFmMjUiLCJiYWNrLWNvbG9yIjoiI2ZmZmZmZiJ9fSx7ImNoYXIiOiJuIiwic3R5bGVzIjp7ImNvbG9yIjoiIzE5MWYyNSIsImJhY2stY29sb3IiOiIjZmZmZmZmIn19LHsiY2hhciI6Ii0iLCJzdHlsZXMiOnsiY29sb3IiOiIjMTkxZjI1IiwiYmFjay1jb2xvciI6IiNmZmZmZmYifX0seyJjaGFyIjoidCIsInN0eWxlcyI6eyJjb2xvciI6IiMxOTFmMjUiLCJiYWNrLWNvbG9yIjoiI2ZmZmZmZiJ9fSx7ImNoYXIiOiJyIiwic3R5bGVzIjp7ImNvbG9yIjoiIzE5MWYyNSIsImJhY2stY29sb3IiOiIjZmZmZmZmIn19LHsiY2hhciI6ImMiLCJzdHlsZXMiOnsiY29sb3IiOiIjMTkxZjI1IiwiYmFjay1jb2xvciI6IiNmZmZmZmYifX0seyJjaGFyIjoiMSIsInN0eWxlcyI6eyJjb2xvciI6IiMxOTFmMjUiLCJiYWNrLWNvbG9yIjoiI2ZmZmZmZiJ9fSx7ImNoYXIiOiIwIiwic3R5bGVzIjp7ImNvbG9yIjoiIzE5MWYyNSIsImJhY2stY29sb3IiOiIjZmZmZmZmIn19LHsiY2hhciI6Iu+8jCIsInN0eWxlcyI6eyJjb2xvciI6IiMxOTFmMjUiLCJiYWNrLWNvbG9yIjoiI2ZmZmZmZiJ9fSx7ImNoYXIiOiIgIiwic3R5bGVzIjp7ImNvbG9yIjoiIzE5MWYyNSIsImJhY2stY29sb3IiOiIjZmZmZmZmIn19LHsiY2hhciI6IuWGuyIsInN0eWxlcyI6eyJjb2xvciI6IiMxOTFmMjUiLCJiYWNrLWNvbG9yIjoiI2ZmZmZmZiJ9fSx7ImNoYXIiOiLnu5MiLCJzdHlsZXMiOnsiY29sb3IiOiIjMTkxZjI1IiwiYmFjay1jb2xvciI6IiNmZmZmZmYifX0seyJjaGFyIjoi77yMIiwic3R5bGVzIjp7ImNvbG9yIjoiIzE5MWYyNSIsImJhY2stY29sb3IiOiIjZmZmZmZmIn19LHsiY2hhciI6IuinoyIsInN0eWxlcyI6eyJjb2xvciI6IiMxOTFmMjUiLCJiYWNrLWNvbG9yIjoiI2ZmZmZmZiJ9fSx7ImNoYXIiOiLlhrsiLCJzdHlsZXMiOnsiY29sb3IiOiIjMTkxZjI1IiwiYmFjay1jb2xvciI6IiNmZmZmZmYifX0seyJjaGFyIjoi77yMIiwic3R5bGVzIjp7ImNvbG9yIjoiIzE5MWYyNSIsImJhY2stY29sb3IiOiIjZmZmZmZmIn19LHsiY2hhciI6IuaKlSIsInN0eWxlcyI6eyJjb2xvciI6IiMxOTFmMjUiLCJiYWNrLWNvbG9yIjoiI2ZmZmZmZiJ9fSx7ImNoYXIiOiLnpagiLCJzdHlsZXMiOnsiY29sb3IiOiIjMTkxZjI1IiwiYmFjay1jb2xvciI6IiNmZmZmZmYifX0seyJjaGFyIjoi77yMIiwic3R5bGVzIjp7ImNvbG9yIjoiIzE5MWYyNSIsImJhY2stY29sb3IiOiIjZmZmZmZmIn19LHsiY2hhciI6IuS/riIsInN0eWxlcyI6eyJjb2xvciI6IiMxOTFmMjUiLCJiYWNrLWNvbG9yIjoiI2ZmZmZmZiJ9fSx7ImNoYXIiOiLmlLkiLCJzdHlsZXMiOnsiY29sb3IiOiIjMTkxZjI1IiwiYmFjay1jb2xvciI6IiNmZmZmZmYifX0seyJjaGFyIjoi6LSmIiwic3R5bGVzIjp7ImNvbG9yIjoiIzE5MWYyNSIsImJhY2stY29sb3IiOiIjZmZmZmZmIn19LHsiY2hhciI6IuaItyIsInN0eWxlcyI6eyJjb2xvciI6IiMxOTFmMjUiLCJiYWNrLWNvbG9yIjoiI2ZmZmZmZiJ9fSx7ImNoYXIiOiLlkI0iLCJzdHlsZXMiOnsiY29sb3IiOiIjMTkxZjI1IiwiYmFjay1jb2xvciI6IiNmZmZmZmYifX0seyJjaGFyIjoi56ewIiwic3R5bGVzIjp7ImNvbG9yIjoiIzE5MWYyNSIsImJhY2stY29sb3IiOiIjZmZmZmZmIn19LHsiY2hhciI6Iu+8jCIsInN0eWxlcyI6eyJjb2xvciI6IiMxOTFmMjUiLCJiYWNrLWNvbG9yIjoiI2ZmZmZmZiJ9fSx7ImNoYXIiOiJ0Iiwic3R5bGVzIjp7ImNvbG9yIjoiIzE5MWYyNSIsImJhY2stY29sb3IiOiIjZmZmZmZmIn19LHsiY2hhciI6Im8iLCJzdHlsZXMiOnsiY29sb3IiOiIjMTkxZjI1IiwiYmFjay1jb2xvciI6IiNmZmZmZmYifX0seyJjaGFyIjoiayIsInN0eWxlcyI6eyJjb2xvciI6IiMxOTFmMjUiLCJiYWNrLWNvbG9yIjoiI2ZmZmZmZiJ9fSx7ImNoYXIiOiJlIiwic3R5bGVzIjp7ImNvbG9yIjoiIzE5MWYyNSIsImJhY2stY29sb3IiOiIjZmZmZmZmIn19LHsiY2hhciI6Im4iLCJzdHlsZXMiOnsiY29sb3IiOiIjMTkxZjI1IiwiYmFjay1jb2xvciI6IiNmZmZmZmYifX0seyJjaGFyIjoiICIsInN0eWxlcyI6eyJjb2xvciI6IiMxOTFmMjUiLCJiYWNrLWNvbG9yIjoiI2ZmZmZmZiJ9fSx7ImNoYXIiOiLlj4IiLCJzdHlsZXMiOnsiY29sb3IiOiIjMTkxZjI1IiwiYmFjay1jb2xvciI6IiNmZmZmZmYifX0seyJjaGFyIjoi5LiOIiwic3R5bGVzIjp7ImNvbG9yIjoiIzE5MWYyNSIsImJhY2stY29sb3IiOiIjZmZmZmZmIn19LHsiY2hhciI6IuWKnyIsInN0eWxlcyI6eyJjb2xvciI6IiMxOTFmMjUiLCJiYWNrLWNvbG9yIjoiI2ZmZmZmZiJ9fSx7ImNoYXIiOiLog70iLCJzdHlsZXMiOnsiY29sb3IiOiIjMTkxZjI1IiwiYmFjay1jb2xvciI6IiNmZmZmZmYifX0seyJjaGFyIjoi44CCIiwic3R5bGVzIjp7ImNvbG9yIjoiIzE5MWYyNSIsImJhY2stY29sb3IiOiIjZmZmZmZmIn19XSwiaXNSaWNoVGV4dCI6dHJ1ZSwia2VlcExpbmVCcmVhayI6dHJ1ZX19LHsiYmxvY2tJZCI6IjUwMzAtMTU0NzcyOTAzNDA5MCIsImJsb2NrVHlwZSI6InBhcmFncmFwaCIsInN0eWxlcyI6eyJhbGlnbiI6ImxlZnQiLCJpbmRlbnQiOjAsInRleHQtaW5kZW50IjowLCJsaW5lLWhlaWdodCI6MS43NX0sInR5cGUiOiJwYXJhZ3JhcGgiLCJyaWNoVGV4dCI6eyJkYXRhIjpbeyJjaGFyIjoiNSJ9LHsiY2hhciI6Ii4ifSx7ImNoYXIiOiJ0In0seyJjaGFyIjoiciJ9LHsiY2hhciI6Im8ifSx7ImNoYXIiOiJuIn0seyJjaGFyIjoicyJ9LHsiY2hhciI6ImMifSx7ImNoYXIiOiJhIn0seyJjaGFyIjoibiJ9LHsiY2hhciI6IiAifSx7ImNoYXIiOiJBIn0seyJjaGFyIjoiUCJ9LHsiY2hhciI6IkkifSx7ImNoYXIiOiLpl64ifSx7ImNoYXIiOiLpopgifSx7ImNoYXIiOiIgIn0seyJjaGFyIjoiLSJ9LHsiY2hhciI6Ii0ifSx7ImNoYXIiOiItIn0seyJjaGFyIjoi5beyIiwic3R5bGVzIjp7ImNvbG9yIjoiIzE5MWYyNSIsImJhY2stY29sb3IiOiIjZmZmZmZmIn19LHsiY2hhciI6IuaUryIsInN0eWxlcyI6eyJjb2xvciI6IiMxOTFmMjUiLCJiYWNrLWNvbG9yIjoiI2ZmZmZmZiJ9fSx7ImNoYXIiOiLmjIEiLCJzdHlsZXMiOnsiY29sb3IiOiIjMTkxZjI1IiwiYmFjay1jb2xvciI6IiNmZmZmZmYifX1dLCJpc1JpY2hUZXh0Ijp0cnVlLCJrZWVwTGluZUJyZWFrIjp0cnVlfX0seyJibG9ja0lkIjoiMTg3MC0xNTQ3NzI5MDM0MDkwIiwiYmxvY2tUeXBlIjoicGFyYWdyYXBoIiwic3R5bGVzIjp7ImFsaWduIjoibGVmdCIsImluZGVudCI6MCwidGV4dC1pbmRlbnQiOjAsImxpbmUtaGVpZ2h0IjoxLjc1fSwidHlwZSI6InBhcmFncmFwaCIsInJpY2hUZXh0Ijp7ImRhdGEiOlt7ImNoYXIiOiLCoCJ9XSwiaXNSaWNoVGV4dCI6dHJ1ZSwia2VlcExpbmVCcmVhayI6dHJ1ZX19LHsiYmxvY2tJZCI6Ijg5NTAtMTU0NzcyOTAzNDA5MCIsImJsb2NrVHlwZSI6InBhcmFncmFwaCIsInN0eWxlcyI6eyJhbGlnbiI6ImxlZnQiLCJpbmRlbnQiOjAsInRleHQtaW5kZW50IjowLCJsaW5lLWhlaWdodCI6MS43NX0sInR5cGUiOiJwYXJhZ3JhcGgiLCJyaWNoVGV4dCI6eyJkYXRhIjpbeyJjaGFyIjoi5oSfIn0seyJjaGFyIjoi6LCiIn0seyJjaGFyIjoi5oKoIn0seyJjaGFyIjoi5a+5In0seyJjaGFyIjoidCJ9LHsiY2hhciI6InIifSx7ImNoYXIiOiJvIn0seyJjaGFyIjoibiJ9LHsiY2hhciI6InMifSx7ImNoYXIiOiJjIn0seyJjaGFyIjoiYSJ9LHsiY2hhciI6Im4ifSx7ImNoYXIiOiLnmoQifSx7ImNoYXIiOiLmlK8ifSx7ImNoYXIiOiLmjIEifSx7ImNoYXIiOiLvvIEifV0sImlzUmljaFRleHQiOnRydWUsImtlZXBMaW5lQnJlYWsiOnRydWV9fSx7ImJsb2NrSWQiOiI4NzQwLTE1NDc3MjkwMzQwOTAiLCJibG9ja1R5cGUiOiJwYXJhZ3JhcGgiLCJzdHlsZXMiOnsiYWxpZ24iOiJsZWZ0IiwiaW5kZW50IjowLCJ0ZXh0LWluZGVudCI6MCwibGluZS1oZWlnaHQiOjEuNzV9LCJ0eXBlIjoicGFyYWdyYXBoIiwicmljaFRleHQiOnsiZGF0YSI6W3siY2hhciI6InQifSx7ImNoYXIiOiJyIn0seyJjaGFyIjoibyJ9LHsiY2hhciI6Im4ifSx7ImNoYXIiOiJzIn0seyJjaGFyIjoiYyJ9LHsiY2hhciI6ImEifSx7ImNoYXIiOiJuIn0seyJjaGFyIjoi5ZuiIn0seyJjaGFyIjoi6ZifIn1dLCJpc1JpY2hUZXh0Ijp0cnVlLCJrZWVwTGluZUJyZWFrIjp0cnVlfX0seyJibG9ja0lkIjoiOTA2MS0xNTQ3NzI5MDM0MDkwIiwiYmxvY2tUeXBlIjoicGFyYWdyYXBoIiwic3R5bGVzIjp7ImFsaWduIjoibGVmdCIsImluZGVudCI6MCwidGV4dC1pbmRlbnQiOjAsImxpbmUtaGVpZ2h0IjoxLjc1fSwidHlwZSI6InBhcmFncmFwaCIsInJpY2hUZXh0Ijp7ImRhdGEiOlt7ImNoYXIiOiIyIn0seyJjaGFyIjoiMCJ9LHsiY2hhciI6IjEifSx7ImNoYXIiOiI5In0seyJjaGFyIjoi5bm0In0seyJjaGFyIjoiMSJ9LHsiY2hhciI6IuaciCJ9LHsiY2hhciI6IjEifSx7ImNoYXIiOiI0In0seyJjaGFyIjoi5pelIn1dLCJpc1JpY2hUZXh0Ijp0cnVlLCJrZWVwTGluZUJyZWFrIjp0cnVlfX1d--></div>\n<p><!--5f39ae17-8c62-4a45-bc43-b32064c9388a:W3siYmxvY2tJZCI6Ijg5ODQtMTU0NzcyOTAzMzQ4OSIsImJsb2NrVHlwZSI6InBhcmFncmFwaCIsInN0eWxlcyI6eyJhbGlnbiI6ImxlZnQiLCJpbmRlbnQiOjAsInRleHQtaW5kZW50IjowLCJsaW5lLWhlaWdodCI6MS43NX0sInR5cGUiOiJwYXJhZ3JhcGgiLCJyaWNoVGV4dCI6eyJkYXRhIjpbeyJjaGFyIjoi5LqyIn0seyJjaGFyIjoi54ixIn0seyJjaGFyIjoi55qEIn0seyJjaGFyIjoi55SoIn0seyJjaGFyIjoi5oi3In1dLCJpc1JpY2hUZXh0Ijp0cnVlLCJrZWVwTGluZUJyZWFrIjp0cnVlfX0seyJibG9ja0lkIjoiODQ4Ny0xNTQ3NzI5MDM0MDkwIiwiYmxvY2tUeXBlIjoicGFyYWdyYXBoIiwic3R5bGVzIjp7ImFsaWduIjoibGVmdCIsImluZGVudCI6MCwidGV4dC1pbmRlbnQiOjAsImxpbmUtaGVpZ2h0IjoxLjc1fSwidHlwZSI6InBhcmFncmFwaCIsInJpY2hUZXh0Ijp7ImRhdGEiOlt7ImNoYXIiOiLCoCJ9XSwiaXNSaWNoVGV4dCI6dHJ1ZSwia2VlcExpbmVCcmVhayI6dHJ1ZX19LHsiYmxvY2tJZCI6Ijc5MjAtMTU0NzcyOTAzNDA5MCIsImJsb2NrVHlwZSI6InBhcmFncmFwaCIsInN0eWxlcyI6eyJhbGlnbiI6ImxlZnQiLCJpbmRlbnQiOjAsInRleHQtaW5kZW50IjowLCJsaW5lLWhlaWdodCI6MS43NX0sInR5cGUiOiJwYXJhZ3JhcGgiLCJyaWNoVGV4dCI6eyJkYXRhIjpbeyJjaGFyIjoi5a+5In0seyJjaGFyIjoi5LqOIn0seyJjaGFyIjoi6L+RIn0seyJjaGFyIjoi5pyfIn0seyJjaGFyIjoi5Y+NIn0seyJjaGFyIjoi6aaIIn0seyJjaGFyIjoi6L6DIn0seyJjaGFyIjoi5aSaIn0seyJjaGFyIjoi55qEIn0seyJjaGFyIjoi6ZeuIn0seyJjaGFyIjoi6aKYIn0seyJjaGFyIjoi77yMIn0seyJjaGFyIjoi5ZuiIn0seyJjaGFyIjoi6ZifIn0seyJjaGFyIjoi5q2jIn0seyJjaGFyIjoi5ZyoIn0seyJjaGFyIjoi5YWoIn0seyJjaGFyIjoi5YqbIn0seyJjaGFyIjoi5L+uIn0seyJjaGFyIjoi5aSNIn0seyJjaGFyIjoi77yMIn0seyJjaGFyIjoi6ZeuIn0seyJjaGFyIjoi6aKYIn0seyJjaGFyIjoi5L+uIn0seyJjaGFyIjoi5aSNIn0seyJjaGFyIjoi5pe2In0seyJjaGFyIjoi6Ze0In0seyJjaGFyIjoi5aaCIn0seyJjaGFyIjoi5LiLIn0seyJjaGFyIjoi44CCIn1dLCJpc1JpY2hUZXh0Ijp0cnVlLCJrZWVwTGluZUJyZWFrIjp0cnVlfX0seyJibG9ja0lkIjoiNjU1MC0xNTQ3NzI5MDM0MDkwIiwiYmxvY2tUeXBlIjoicGFyYWdyYXBoIiwic3R5bGVzIjp7ImFsaWduIjoibGVmdCIsImluZGVudCI6MCwidGV4dC1pbmRlbnQiOjAsImxpbmUtaGVpZ2h0IjoxLjc1fSwidHlwZSI6InBhcmFncmFwaCIsInJpY2hUZXh0Ijp7ImRhdGEiOlt7ImNoYXIiOiLCoCJ9XSwiaXNSaWNoVGV4dCI6dHJ1ZSwia2VlcExpbmVCcmVhayI6dHJ1ZX19LHsiYmxvY2tJZCI6Ijk5ODEtMTU0NzcyOTAzNDA5MCIsImJsb2NrVHlwZSI6InBhcmFncmFwaCIsInN0eWxlcyI6eyJhbGlnbiI6ImxlZnQiLCJpbmRlbnQiOjAsInRleHQtaW5kZW50IjowLCJsaW5lLWhlaWdodCI6MS43NX0sInR5cGUiOiJwYXJhZ3JhcGgiLCJyaWNoVGV4dCI6eyJkYXRhIjpbeyJjaGFyIjoiMSJ9LHsiY2hhciI6Ii4ifSx7ImNoYXIiOiJUIn0seyJjaGFyIjoiciJ9LHsiY2hhciI6Im8ifSx7ImNoYXIiOiJuIn0seyJjaGFyIjoibCJ9LHsiY2hhciI6ImkifSx7ImNoYXIiOiJuIn0seyJjaGFyIjoiayJ9LHsiY2hhciI6IiAifSx7ImNoYXIiOiJUIn0seyJjaGFyIjoiUiJ9LHsiY2hhciI6IkMifSx7ImNoYXIiOiIxIn0seyJjaGFyIjoiMCJ9LHsiY2hhciI6Iui9rCJ9LHsiY2hhciI6Iui0piJ9LHsiY2hhciI6IumXriJ9LHsiY2hhciI6IumimCJ9LHsiY2hhciI6IiAifSx7ImNoYXIiOiItIn0seyJjaGFyIjoiLSJ9LHsiY2hhciI6Ii0ifSx7ImNoYXIiOiLlvoUifSx7ImNoYXIiOiJjIn0seyJjaGFyIjoiaCJ9LHsiY2hhciI6InIifSx7ImNoYXIiOiJvIn0seyJjaGFyIjoibSJ9LHsiY2hhciI6ImUifSx7ImNoYXIiOiLllYYifSx7ImNoYXIiOiLlupcifSx7ImNoYXIiOiLlrqEifSx7ImNoYXIiOiLmoLgifSx7ImNoYXIiOiLpgJoifSx7ImNoYXIiOiLov4cifSx7ImNoYXIiOiLmnIAifSx7ImNoYXIiOiLmlrAifSx7ImNoYXIiOiLniYgifSx7ImNoYXIiOiLmnKwifV0sImlzUmljaFRleHQiOnRydWUsImtlZXBMaW5lQnJlYWsiOnRydWV9fSx7ImJsb2NrSWQiOiI0MDY1LTE1NDc3MjkwMzQwOTAiLCJibG9ja1R5cGUiOiJwYXJhZ3JhcGgiLCJzdHlsZXMiOnsiYWxpZ24iOiJsZWZ0IiwiaW5kZW50IjowLCJ0ZXh0LWluZGVudCI6MCwibGluZS1oZWlnaHQiOjEuNzV9LCJ0eXBlIjoicGFyYWdyYXBoIiwicmljaFRleHQiOnsiZGF0YSI6W3siY2hhciI6IjIifSx7ImNoYXIiOiIuIn0seyJjaGFyIjoiVCJ9LHsiY2hhciI6IlIifSx7ImNoYXIiOiJDIn0seyJjaGFyIjoiMiJ9LHsiY2hhciI6IjAifSx7ImNoYXIiOiLmlbAifSx7ImNoYXIiOiLmja4ifSx7ImNoYXIiOiLpl64ifSx7ImNoYXIiOiLpopgifSx7ImNoYXIiOiIgIn0seyJjaGFyIjoiLSJ9LHsiY2hhciI6Ii0ifSx7ImNoYXIiOiItIn0seyJjaGFyIjoiMSJ9LHsiY2hhciI6IuaciCJ9LHsiY2hhciI6IjIifSx7ImNoYXIiOiIwIn0seyJjaGFyIjoi5pelIn1dLCJpc1JpY2hUZXh0Ijp0cnVlLCJrZWVwTGluZUJyZWFrIjp0cnVlfX0seyJibG9ja0lkIjoiMTE2My0xNTQ3NzI5MDM0MDkwIiwiYmxvY2tUeXBlIjoicGFyYWdyYXBoIiwic3R5bGVzIjp7ImFsaWduIjoibGVmdCIsImluZGVudCI6MCwidGV4dC1pbmRlbnQiOjAsImxpbmUtaGVpZ2h0IjoxLjc1fSwidHlwZSI6InBhcmFncmFwaCIsInJpY2hUZXh0Ijp7ImRhdGEiOlt7ImNoYXIiOiIzIn0seyJjaGFyIjoiLiJ9LHsiY2hhciI6IuaUryJ9LHsiY2hhciI6IuaMgSJ9LHsiY2hhciI6IuafpSJ9LHsiY2hhciI6IueciyJ9LHsiY2hhciI6IlQifSx7ImNoYXIiOiJSIn0seyJjaGFyIjoiQyJ9LHsiY2hhciI6IjIifSx7ImNoYXIiOiIwIn0seyJjaGFyIjoi6L2sIn0seyJjaGFyIjoi6LSmIn0seyJjaGFyIjoi6K+mIn0seyJjaGFyIjoi5oOFIn0seyJjaGFyIjoiICJ9LHsiY2hhciI6Ii0ifSx7ImNoYXIiOiItIn0seyJjaGFyIjoiLSJ9LHsiY2hhciI6IjEifSx7ImNoYXIiOiLmnIgifSx7ImNoYXIiOiIyIn0seyJjaGFyIjoiMCJ9LHsiY2hhciI6IuaXpSJ9XSwiaXNSaWNoVGV4dCI6dHJ1ZSwia2VlcExpbmVCcmVhayI6dHJ1ZX19LHsiYmxvY2tJZCI6IjgxOTYtMTU0NzcyOTAzNDA5MCIsImJsb2NrVHlwZSI6InBhcmFncmFwaCIsInN0eWxlcyI6eyJhbGlnbiI6ImxlZnQiLCJpbmRlbnQiOjAsInRleHQtaW5kZW50IjowLCJsaW5lLWhlaWdodCI6MS43NX0sInR5cGUiOiJwYXJhZ3JhcGgiLCJyaWNoVGV4dCI6eyJkYXRhIjpbeyJjaGFyIjoiNCJ9LHsiY2hhciI6Ii4ifSx7ImNoYXIiOiJMIiwic3R5bGVzIjp7ImNvbG9yIjoiIzE5MWYyNSIsImJhY2stY29sb3IiOiIjZmZmZmZmIn19LHsiY2hhciI6ImUiLCJzdHlsZXMiOnsiY29sb3IiOiIjMTkxZjI1IiwiYmFjay1jb2xvciI6IiNmZmZmZmYifX0seyJjaGFyIjoiZCIsInN0eWxlcyI6eyJjb2xvciI6IiMxOTFmMjUiLCJiYWNrLWNvbG9yIjoiI2ZmZmZmZiJ9fSx7ImNoYXIiOiJnIiwic3R5bGVzIjp7ImNvbG9yIjoiIzE5MWYyNSIsImJhY2stY29sb3IiOiIjZmZmZmZmIn19LHsiY2hhciI6ImUiLCJzdHlsZXMiOnsiY29sb3IiOiIjMTkxZjI1IiwiYmFjay1jb2xvciI6IiNmZmZmZmYifX0seyJjaGFyIjoiciIsInN0eWxlcyI6eyJjb2xvciI6IiMxOTFmMjUiLCJiYWNrLWNvbG9yIjoiI2ZmZmZmZiJ9fSx7ImNoYXIiOiIgIiwic3R5bGVzIjp7ImNvbG9yIjoiIzE5MWYyNSIsImJhY2stY29sb3IiOiIjZmZmZmZmIn19LHsiY2hhciI6Ik4iLCJzdHlsZXMiOnsiY29sb3IiOiIjMTkxZjI1IiwiYmFjay1jb2xvciI6IiNmZmZmZmYifX0seyJjaGFyIjoiYSIsInN0eWxlcyI6eyJjb2xvciI6IiMxOTFmMjUiLCJiYWNrLWNvbG9yIjoiI2ZmZmZmZiJ9fSx7ImNoYXIiOiJuIiwic3R5bGVzIjp7ImNvbG9yIjoiIzE5MWYyNSIsImJhY2stY29sb3IiOiIjZmZmZmZmIn19LHsiY2hhciI6Im8iLCJzdHlsZXMiOnsiY29sb3IiOiIjMTkxZjI1IiwiYmFjay1jb2xvciI6IiNmZmZmZmYifX0seyJjaGFyIjoiICIsInN0eWxlcyI6eyJjb2xvciI6IiMxOTFmMjUiLCJiYWNrLWNvbG9yIjoiI2ZmZmZmZiJ9fSx7ImNoYXIiOiJTIiwic3R5bGVzIjp7ImNvbG9yIjoiIzE5MWYyNSIsImJhY2stY29sb3IiOiIjZmZmZmZmIn19LHsiY2hhciI6IumXriJ9LHsiY2hhciI6IumimCJ9LHsiY2hhciI6IiAifSx7ImNoYXIiOiItIn0seyJjaGFyIjoiLSJ9LHsiY2hhciI6Ii0ifSx7ImNoYXIiOiIxIn0seyJjaGFyIjoi5pyIIn0seyJjaGFyIjoiMSJ9LHsiY2hhciI6IjYifSx7ImNoYXIiOiLml6UifV0sImlzUmljaFRleHQiOnRydWUsImtlZXBMaW5lQnJlYWsiOnRydWV9fSx7ImJsb2NrSWQiOiI4NDY0LTE1NDc3MjkwNTE0MDkiLCJibG9ja1R5cGUiOiJwYXJhZ3JhcGgiLCJzdHlsZXMiOnsiYWxpZ24iOiJsZWZ0IiwiaW5kZW50IjowLCJ0ZXh0LWluZGVudCI6MCwibGluZS1oZWlnaHQiOjEuNzV9LCJ0eXBlIjoicGFyYWdyYXBoIiwicmljaFRleHQiOnsiZGF0YSI6W3siY2hhciI6ImwiLCJzdHlsZXMiOnsiY29sb3IiOiIjMTkxZjI1IiwiYmFjay1jb2xvciI6IiNmZmZmZmYifX0seyJjaGFyIjoiZSIsInN0eWxlcyI6eyJjb2xvciI6IiMxOTFmMjUiLCJiYWNrLWNvbG9yIjoiI2ZmZmZmZiJ9fSx7ImNoYXIiOiJkIiwic3R5bGVzIjp7ImNvbG9yIjoiIzE5MWYyNSIsImJhY2stY29sb3IiOiIjZmZmZmZmIn19LHsiY2hhciI6ImciLCJzdHlsZXMiOnsiY29sb3IiOiIjMTkxZjI1IiwiYmFjay1jb2xvciI6IiNmZmZmZmYifX0seyJjaGFyIjoiZSIsInN0eWxlcyI6eyJjb2xvciI6IiMxOTFmMjUiLCJiYWNrLWNvbG9yIjoiI2ZmZmZmZiJ9fSx7ImNoYXIiOiJyIiwic3R5bGVzIjp7ImNvbG9yIjoiIzE5MWYyNSIsImJhY2stY29sb3IiOiIjZmZmZmZmIn19LHsiY2hhciI6IuebriIsInN0eWxlcyI6eyJjb2xvciI6IiMxOTFmMjUiLCJiYWNrLWNvbG9yIjoiI2ZmZmZmZiJ9fSx7ImNoYXIiOiLliY0iLCJzdHlsZXMiOnsiY29sb3IiOiIjMTkxZjI1IiwiYmFjay1jb2xvciI6IiNmZmZmZmYifX0seyJjaGFyIjoi5beyIiwic3R5bGVzIjp7ImNvbG9yIjoiIzE5MWYyNSIsImJhY2stY29sb3IiOiIjZmZmZmZmIn19LHsiY2hhciI6IuaUryIsInN0eWxlcyI6eyJjb2xvciI6IiMxOTFmMjUiLCJiYWNrLWNvbG9yIjoiI2ZmZmZmZiJ9fSx7ImNoYXIiOiLmjIEiLCJzdHlsZXMiOnsiY29sb3IiOiIjMTkxZjI1IiwiYmFjay1jb2xvciI6IiNmZmZmZmYifX0seyJjaGFyIjoi6L2sIiwic3R5bGVzIjp7ImNvbG9yIjoiIzE5MWYyNSIsImJhY2stY29sb3IiOiIjZmZmZmZmIn19LHsiY2hhciI6Iui0piIsInN0eWxlcyI6eyJjb2xvciI6IiMxOTFmMjUiLCJiYWNrLWNvbG9yIjoiI2ZmZmZmZiJ9fSx7ImNoYXIiOiJUIiwic3R5bGVzIjp7ImNvbG9yIjoiIzE5MWYyNSIsImJhY2stY29sb3IiOiIjZmZmZmZmIn19LHsiY2hhciI6IlIiLCJzdHlsZXMiOnsiY29sb3IiOiIjMTkxZjI1IiwiYmFjay1jb2xvciI6IiNmZmZmZmYifX0seyJjaGFyIjoiWCIsInN0eWxlcyI6eyJjb2xvciI6IiMxOTFmMjUiLCJiYWNrLWNvbG9yIjoiI2ZmZmZmZiJ9fSx7ImNoYXIiOiLlkowiLCJzdHlsZXMiOnsiY29sb3IiOiIjMTkxZjI1IiwiYmFjay1jb2xvciI6IiNmZmZmZmYifX0seyJjaGFyIjoiMSIsInN0eWxlcyI6eyJjb2xvciI6IiMxOTFmMjUiLCJiYWNrLWNvbG9yIjoiI2ZmZmZmZiJ9fSx7ImNoYXIiOiIwIiwic3R5bGVzIjp7ImNvbG9yIjoiIzE5MWYyNSIsImJhY2stY29sb3IiOiIjZmZmZmZmIn19LHsiY2hhciI6InQiLCJzdHlsZXMiOnsiY29sb3IiOiIjMTkxZjI1IiwiYmFjay1jb2xvciI6IiNmZmZmZmYifX0seyJjaGFyIjoibyIsInN0eWxlcyI6eyJjb2xvciI6IiMxOTFmMjUiLCJiYWNrLWNvbG9yIjoiI2ZmZmZmZiJ9fSx7ImNoYXIiOiJrIiwic3R5bGVzIjp7ImNvbG9yIjoiIzE5MWYyNSIsImJhY2stY29sb3IiOiIjZmZmZmZmIn19LHsiY2hhciI6ImUiLCJzdHlsZXMiOnsiY29sb3IiOiIjMTkxZjI1IiwiYmFjay1jb2xvciI6IiNmZmZmZmYifX0seyJjaGFyIjoibiIsInN0eWxlcyI6eyJjb2xvciI6IiMxOTFmMjUiLCJiYWNrLWNvbG9yIjoiI2ZmZmZmZiJ9fSx7ImNoYXIiOiLvvIwiLCJzdHlsZXMiOnsiY29sb3IiOiIjMTkxZjI1IiwiYmFjay1jb2xvciI6IiNmZmZmZmYifX0seyJjaGFyIjoiICIsInN0eWxlcyI6eyJjb2xvciI6IiMxOTFmMjUiLCJiYWNrLWNvbG9yIjoiI2ZmZmZmZiJ9fSx7ImNoYXIiOiLlhrsiLCJzdHlsZXMiOnsiY29sb3IiOiIjMTkxZjI1IiwiYmFjay1jb2xvciI6IiNmZmZmZmYifX0seyJjaGFyIjoi57uTIiwic3R5bGVzIjp7ImNvbG9yIjoiIzE5MWYyNSIsImJhY2stY29sb3IiOiIjZmZmZmZmIn19LHsiY2hhciI6Iu+8jCIsInN0eWxlcyI6eyJjb2xvciI6IiMxOTFmMjUiLCJiYWNrLWNvbG9yIjoiI2ZmZmZmZiJ9fSx7ImNoYXIiOiLop6MiLCJzdHlsZXMiOnsiY29sb3IiOiIjMTkxZjI1IiwiYmFjay1jb2xvciI6IiNmZmZmZmYifX0seyJjaGFyIjoi5Ya7Iiwic3R5bGVzIjp7ImNvbG9yIjoiIzE5MWYyNSIsImJhY2stY29sb3IiOiIjZmZmZmZmIn19LHsiY2hhciI6Iu+8jCIsInN0eWxlcyI6eyJjb2xvciI6IiMxOTFmMjUiLCJiYWNrLWNvbG9yIjoiI2ZmZmZmZiJ9fSx7ImNoYXIiOiLmipUiLCJzdHlsZXMiOnsiY29sb3IiOiIjMTkxZjI1IiwiYmFjay1jb2xvciI6IiNmZmZmZmYifX0seyJjaGFyIjoi56WoIiwic3R5bGVzIjp7ImNvbG9yIjoiIzE5MWYyNSIsImJhY2stY29sb3IiOiIjZmZmZmZmIn19LHsiY2hhciI6Iu+8jCIsInN0eWxlcyI6eyJjb2xvciI6IiMxOTFmMjUiLCJiYWNrLWNvbG9yIjoiI2ZmZmZmZiJ9fSx7ImNoYXIiOiLkv64iLCJzdHlsZXMiOnsiY29sb3IiOiIjMTkxZjI1IiwiYmFjay1jb2xvciI6IiNmZmZmZmYifX0seyJjaGFyIjoi5pS5Iiwic3R5bGVzIjp7ImNvbG9yIjoiIzE5MWYyNSIsImJhY2stY29sb3IiOiIjZmZmZmZmIn19LHsiY2hhciI6Iui0piIsInN0eWxlcyI6eyJjb2xvciI6IiMxOTFmMjUiLCJiYWNrLWNvbG9yIjoiI2ZmZmZmZiJ9fSx7ImNoYXIiOiLmiLciLCJzdHlsZXMiOnsiY29sb3IiOiIjMTkxZjI1IiwiYmFjay1jb2xvciI6IiNmZmZmZmYifX0seyJjaGFyIjoi5ZCNIiwic3R5bGVzIjp7ImNvbG9yIjoiIzE5MWYyNSIsImJhY2stY29sb3IiOiIjZmZmZmZmIn19LHsiY2hhciI6IuensCIsInN0eWxlcyI6eyJjb2xvciI6IiMxOTFmMjUiLCJiYWNrLWNvbG9yIjoiI2ZmZmZmZiJ9fSx7ImNoYXIiOiLvvIwiLCJzdHlsZXMiOnsiY29sb3IiOiIjMTkxZjI1IiwiYmFjay1jb2xvciI6IiNmZmZmZmYifX0seyJjaGFyIjoidCIsInN0eWxlcyI6eyJjb2xvciI6IiMxOTFmMjUiLCJiYWNrLWNvbG9yIjoiI2ZmZmZmZiJ9fSx7ImNoYXIiOiJvIiwic3R5bGVzIjp7ImNvbG9yIjoiIzE5MWYyNSIsImJhY2stY29sb3IiOiIjZmZmZmZmIn19LHsiY2hhciI6ImsiLCJzdHlsZXMiOnsiY29sb3IiOiIjMTkxZjI1IiwiYmFjay1jb2xvciI6IiNmZmZmZmYifX0seyJjaGFyIjoiZSIsInN0eWxlcyI6eyJjb2xvciI6IiMxOTFmMjUiLCJiYWNrLWNvbG9yIjoiI2ZmZmZmZiJ9fSx7ImNoYXIiOiJuIiwic3R5bGVzIjp7ImNvbG9yIjoiIzE5MWYyNSIsImJhY2stY29sb3IiOiIjZmZmZmZmIn19LHsiY2hhciI6IiAiLCJzdHlsZXMiOnsiY29sb3IiOiIjMTkxZjI1IiwiYmFjay1jb2xvciI6IiNmZmZmZmYifX0seyJjaGFyIjoi5Y+CIiwic3R5bGVzIjp7ImNvbG9yIjoiIzE5MWYyNSIsImJhY2stY29sb3IiOiIjZmZmZmZmIn19LHsiY2hhciI6IuS4jiIsInN0eWxlcyI6eyJjb2xvciI6IiMxOTFmMjUiLCJiYWNrLWNvbG9yIjoiI2ZmZmZmZiJ9fSx7ImNoYXIiOiLlip8iLCJzdHlsZXMiOnsiY29sb3IiOiIjMTkxZjI1IiwiYmFjay1jb2xvciI6IiNmZmZmZmYifX0seyJjaGFyIjoi6IO9Iiwic3R5bGVzIjp7ImNvbG9yIjoiIzE5MWYyNSIsImJhY2stY29sb3IiOiIjZmZmZmZmIn19LHsiY2hhciI6IuOAgiIsInN0eWxlcyI6eyJjb2xvciI6IiMxOTFmMjUiLCJiYWNrLWNvbG9yIjoiI2ZmZmZmZiJ9fV0sImlzUmljaFRleHQiOnRydWUsImtlZXBMaW5lQnJlYWsiOnRydWV9fSx7ImJsb2NrSWQiOiI1MDMwLTE1NDc3MjkwMzQwOTAiLCJibG9ja1R5cGUiOiJwYXJhZ3JhcGgiLCJzdHlsZXMiOnsiYWxpZ24iOiJsZWZ0IiwiaW5kZW50IjowLCJ0ZXh0LWluZGVudCI6MCwibGluZS1oZWlnaHQiOjEuNzV9LCJ0eXBlIjoicGFyYWdyYXBoIiwicmljaFRleHQiOnsiZGF0YSI6W3siY2hhciI6IjUifSx7ImNoYXIiOiIuIn0seyJjaGFyIjoidCJ9LHsiY2hhciI6InIifSx7ImNoYXIiOiJvIn0seyJjaGFyIjoibiJ9LHsiY2hhciI6InMifSx7ImNoYXIiOiJjIn0seyJjaGFyIjoiYSJ9LHsiY2hhciI6Im4ifSx7ImNoYXIiOiIgIn0seyJjaGFyIjoiQSJ9LHsiY2hhciI6IlAifSx7ImNoYXIiOiJJIn0seyJjaGFyIjoi6ZeuIn0seyJjaGFyIjoi6aKYIn0seyJjaGFyIjoiICJ9LHsiY2hhciI6Ii0ifSx7ImNoYXIiOiItIn0seyJjaGFyIjoiLSJ9LHsiY2hhciI6IjEifSx7ImNoYXIiOiLmnIgifSx7ImNoYXIiOiIyIn0seyJjaGFyIjoiMCJ9LHsiY2hhciI6IuaXpSJ9XSwiaXNSaWNoVGV4dCI6dHJ1ZSwia2VlcExpbmVCcmVhayI6dHJ1ZX19LHsiYmxvY2tJZCI6IjE4NzAtMTU0NzcyOTAzNDA5MCIsImJsb2NrVHlwZSI6InBhcmFncmFwaCIsInN0eWxlcyI6eyJhbGlnbiI6ImxlZnQiLCJpbmRlbnQiOjAsInRleHQtaW5kZW50IjowLCJsaW5lLWhlaWdodCI6MS43NX0sInR5cGUiOiJwYXJhZ3JhcGgiLCJyaWNoVGV4dCI6eyJkYXRhIjpbeyJjaGFyIjoiwqAifV0sImlzUmljaFRleHQiOnRydWUsImtlZXBMaW5lQnJlYWsiOnRydWV9fSx7ImJsb2NrSWQiOiI4OTUwLTE1NDc3MjkwMzQwOTAiLCJibG9ja1R5cGUiOiJwYXJhZ3JhcGgiLCJzdHlsZXMiOnsiYWxpZ24iOiJsZWZ0IiwiaW5kZW50IjowLCJ0ZXh0LWluZGVudCI6MCwibGluZS1oZWlnaHQiOjEuNzV9LCJ0eXBlIjoicGFyYWdyYXBoIiwicmljaFRleHQiOnsiZGF0YSI6W3siY2hhciI6IuaEnyJ9LHsiY2hhciI6IuiwoiJ9LHsiY2hhciI6IuaCqCJ9LHsiY2hhciI6IuWvuSJ9LHsiY2hhciI6InQifSx7ImNoYXIiOiJyIn0seyJjaGFyIjoibyJ9LHsiY2hhciI6Im4ifSx7ImNoYXIiOiJzIn0seyJjaGFyIjoiYyJ9LHsiY2hhciI6ImEifSx7ImNoYXIiOiJuIn0seyJjaGFyIjoi55qEIn0seyJjaGFyIjoi5pSvIn0seyJjaGFyIjoi5oyBIn0seyJjaGFyIjoi77yBIn1dLCJpc1JpY2hUZXh0Ijp0cnVlLCJrZWVwTGluZUJyZWFrIjp0cnVlfX0seyJibG9ja0lkIjoiODc0MC0xNTQ3NzI5MDM0MDkwIiwiYmxvY2tUeXBlIjoicGFyYWdyYXBoIiwic3R5bGVzIjp7ImFsaWduIjoibGVmdCIsImluZGVudCI6MCwidGV4dC1pbmRlbnQiOjAsImxpbmUtaGVpZ2h0IjoxLjc1fSwidHlwZSI6InBhcmFncmFwaCIsInJpY2hUZXh0Ijp7ImRhdGEiOlt7ImNoYXIiOiJ0In0seyJjaGFyIjoiciJ9LHsiY2hhciI6Im8ifSx7ImNoYXIiOiJuIn0seyJjaGFyIjoicyJ9LHsiY2hhciI6ImMifSx7ImNoYXIiOiJhIn0seyJjaGFyIjoibiJ9LHsiY2hhciI6IuWboiJ9LHsiY2hhciI6IumYnyJ9XSwiaXNSaWNoVGV4dCI6dHJ1ZSwia2VlcExpbmVCcmVhayI6dHJ1ZX19LHsiYmxvY2tJZCI6IjkwNjEtMTU0NzcyOTAzNDA5MCIsImJsb2NrVHlwZSI6InBhcmFncmFwaCIsInN0eWxlcyI6eyJhbGlnbiI6ImxlZnQiLCJpbmRlbnQiOjAsInRleHQtaW5kZW50IjowLCJsaW5lLWhlaWdodCI6MS43NX0sInR5cGUiOiJwYXJhZ3JhcGgiLCJyaWNoVGV4dCI6eyJkYXRhIjpbeyJjaGFyIjoiMiJ9LHsiY2hhciI6IjAifSx7ImNoYXIiOiIxIn0seyJjaGFyIjoiOSJ9LHsiY2hhciI6IuW5tCJ9LHsiY2hhciI6IjEifSx7ImNoYXIiOiLmnIgifSx7ImNoYXIiOiIxIn0seyJjaGFyIjoiNCJ9LHsiY2hhciI6IuaXpSJ9XSwiaXNSaWNoVGV4dCI6dHJ1ZSwia2VlcExpbmVCcmVhayI6dHJ1ZX19XQ==--></p>","updateTime":"2019-01-23 09:14:37","id":83,"type":1,"status":0,"extInfo":"[{\"method\":\"Telegram\",\"link\":\"https://t.me/tronscan\"},{\"method\":\"Twitter\",\"link\":\"https://twitter.com/tronscan_org\"}]"},{"titleEN":"The Integration of TRXMarket into CoinGecko","createTime":"2019-01-07 11:37:43","titleCN":"关于TRXMarket接入CoinGecko的公告","contextEN":"<p>Dear users:</p>\n<p>TRXMarket firstly integrated into CoinGecko, one of the largest market data website in the world. CoinGecko provides a fundamental analysis of the crypto market including price tracker, volume and market capitalization, community growth, open-source code development, major events and on-chain metrics.<br /> <a href=\"https://www.coingecko.com/en/exchanges/trx_market\">https://www.coingecko.com/en/exchanges/trx_market</a></p>\n<p>&nbsp;</p>\n<p>TRXMarket Team</p>\n<p>January 7, 2019</p>","contextCN":"<p>亲爱的用户：</p>\n<p>您好！TRXMarket已经接入CoinGecko。CoinGecko是世界最大市场数据网站之一，为加密市场提供包括价格追踪、交易量、市值、社区增长情况、开源代码开发、重大事件披露及链上指标等基本分析。</p>\n<p><a href=\"https://www.coingecko.com/zh/exchanges/trx_market\">https://www.coingecko.com/zh/exchanges/trx_market</a></p>\n<p>&nbsp;</p>\n<p>TRXMarket团队</p>\n<p>2019年1月7日</p>","updateTime":"2019-02-25 10:08:08","id":82,"type":1,"status":0,"extInfo":"[{\"method\":\"Telegram\",\"link\":\"https://t.me/trxmarketEN\"},{\"method\":\"Twitter\",\"link\":\"https://twitter.com/TRX_Market\"}]"}]
12:58:42.358 [TestNG-tests-1] INFO tron.common.TronscanApiList - JSON content size are: 2
12:58:42.358 [TestNG-tests-1] INFO tron.common.TronscanApiList - ----------------------------Print JSON End-----------------------------
]]></system-out>
  <system-err><![CDATA[]]></system-err>
</testsuite>
