<?xml version="1.0" encoding="UTF-8"?>
<testsuite name="tron.tronscan.api.SystemList" tests="3" skipped="0" failures="1" errors="0" timestamp="2020-03-27T04:58:47" hostname="zhukaideiMac.local" time="2.1">
  <properties/>
  <testcase name="getSystemHomepage" classname="tron.tronscan.api.SystemList" time="0.546">
    <failure message="java.lang.AssertionError" type="java.lang.AssertionError">java.lang.AssertionError
	at org.junit.Assert.fail(Assert.java:86)
	at org.junit.Assert.assertTrue(Assert.java:41)
	at org.junit.Assert.assertTrue(Assert.java:52)
	at tron.tronscan.api.SystemList.getSystemHomepage(SystemList.java:117)
	at sun.reflect.NativeMethodAccessorImpl.invoke0(Native Method)
	at sun.reflect.NativeMethodAccessorImpl.invoke(NativeMethodAccessorImpl.java:62)
	at sun.reflect.DelegatingMethodAccessorImpl.invoke(DelegatingMethodAccessorImpl.java:43)
	at java.lang.reflect.Method.invoke(Method.java:498)
	at org.testng.internal.MethodInvocationHelper.invokeMethod(MethodInvocationHelper.java:124)
	at org.testng.internal.Invoker.invokeMethod(Invoker.java:583)
	at org.testng.internal.Invoker.invokeTestMethod(Invoker.java:719)
	at org.testng.internal.Invoker.invokeTestMethods(Invoker.java:989)
	at org.testng.internal.TestMethodWorker.invokeTestMethods(TestMethodWorker.java:125)
	at org.testng.internal.TestMethodWorker.run(TestMethodWorker.java:109)
	at org.testng.TestRunner.privateRun(TestRunner.java:648)
	at org.testng.TestRunner.run(TestRunner.java:505)
	at org.testng.SuiteRunner.runTest(SuiteRunner.java:455)
	at org.testng.SuiteRunner.access$000(SuiteRunner.java:40)
	at org.testng.SuiteRunner$SuiteWorker.run(SuiteRunner.java:489)
	at org.testng.internal.thread.ThreadUtil$1.call(ThreadUtil.java:52)
	at java.util.concurrent.FutureTask.run(FutureTask.java:266)
	at java.util.concurrent.ThreadPoolExecutor.runWorker(ThreadPoolExecutor.java:1149)
	at java.util.concurrent.ThreadPoolExecutor$Worker.run(ThreadPoolExecutor.java:624)
	at java.lang.Thread.run(Thread.java:748)
</failure>
  </testcase>
  <testcase name="getSystemStatus" classname="tron.tronscan.api.SystemList" time="1.09"/>
  <testcase name="getSystemTps" classname="tron.tronscan.api.SystemList" time="0.464"/>
  <system-out><![CDATA[12:58:47.594 [TestNG-tests-1] DEBUG org.apache.http.impl.conn.PoolingClientConnectionManager - Connection request: [route: {}->http://apilist.tronscan.org:80][total kept alive: 0; route allocated: 0 of 80; total allocated: 0 of 100]
12:58:47.594 [TestNG-tests-1] DEBUG org.apache.http.impl.conn.PoolingClientConnectionManager - Connection leased: [id: 67][route: {}->http://apilist.tronscan.org:80][total kept alive: 0; route allocated: 1 of 80; total allocated: 1 of 100]
12:58:47.594 [TestNG-tests-1] DEBUG org.apache.http.impl.conn.DefaultClientConnectionOperator - Connecting to apilist.tronscan.org:80
12:58:47.898 [TestNG-tests-1] DEBUG org.apache.http.client.protocol.RequestAddCookies - CookieSpec selected: default
12:58:47.898 [TestNG-tests-1] DEBUG org.apache.http.client.protocol.RequestAuthCache - Auth cache not set in the context
12:58:47.898 [TestNG-tests-1] DEBUG org.apache.http.client.protocol.RequestTargetAuthentication - Target auth state: UNCHALLENGED
12:58:47.898 [TestNG-tests-1] DEBUG org.apache.http.client.protocol.RequestProxyAuthentication - Proxy auth state: UNCHALLENGED
12:58:47.898 [TestNG-tests-1] DEBUG org.apache.http.impl.client.DefaultHttpClient - Attempt 1 to execute request
12:58:47.898 [TestNG-tests-1] DEBUG org.apache.http.impl.conn.DefaultClientConnection - Sending request: GET /api/system/homepage-bundle HTTP/1.1
12:58:47.898 [TestNG-tests-1] DEBUG org.apache.http.wire -  >> "GET /api/system/homepage-bundle HTTP/1.1[\r][\n]"
12:58:47.898 [TestNG-tests-1] DEBUG org.apache.http.wire -  >> "Content-type: application/json; charset=utf-8[\r][\n]"
12:58:47.898 [TestNG-tests-1] DEBUG org.apache.http.wire -  >> "Connection: Close[\r][\n]"
12:58:47.898 [TestNG-tests-1] DEBUG org.apache.http.wire -  >> "Host: apilist.tronscan.org[\r][\n]"
12:58:47.898 [TestNG-tests-1] DEBUG org.apache.http.wire -  >> "User-Agent: Apache-HttpClient/4.5.3 (Java/1.8.0_211)[\r][\n]"
12:58:47.898 [TestNG-tests-1] DEBUG org.apache.http.wire -  >> "[\r][\n]"
12:58:47.898 [TestNG-tests-1] DEBUG org.apache.http.headers - >> GET /api/system/homepage-bundle HTTP/1.1
12:58:47.898 [TestNG-tests-1] DEBUG org.apache.http.headers - >> Content-type: application/json; charset=utf-8
12:58:47.898 [TestNG-tests-1] DEBUG org.apache.http.headers - >> Connection: Close
12:58:47.898 [TestNG-tests-1] DEBUG org.apache.http.headers - >> Host: apilist.tronscan.org
12:58:47.898 [TestNG-tests-1] DEBUG org.apache.http.headers - >> User-Agent: Apache-HttpClient/4.5.3 (Java/1.8.0_211)
12:58:48.139 [TestNG-tests-1] DEBUG org.apache.http.wire -  << "HTTP/1.1 200 OK[\r][\n]"
12:58:48.139 [TestNG-tests-1] DEBUG org.apache.http.wire -  << "Server: nginx[\r][\n]"
12:58:48.139 [TestNG-tests-1] DEBUG org.apache.http.wire -  << "Date: Fri, 27 Mar 2020 04:58:48 GMT[\r][\n]"
12:58:48.139 [TestNG-tests-1] DEBUG org.apache.http.wire -  << "Content-Type: application/json;charset=utf-8[\r][\n]"
12:58:48.139 [TestNG-tests-1] DEBUG org.apache.http.wire -  << "Content-Length: 1179[\r][\n]"
12:58:48.139 [TestNG-tests-1] DEBUG org.apache.http.wire -  << "Connection: close[\r][\n]"
12:58:48.139 [TestNG-tests-1] DEBUG org.apache.http.wire -  << "Vary: Accept-Encoding[\r][\n]"
12:58:48.139 [TestNG-tests-1] DEBUG org.apache.http.wire -  << "Access-Control-Allow-Origin: *[\r][\n]"
12:58:48.139 [TestNG-tests-1] DEBUG org.apache.http.wire -  << "Access-Control-Allow-Headers: DNT,X-Mx-ReqToken,Keep-Alive,User-Agent,X-Requested-With,If-Modified-Since,Cache-Control,Content-Type,Authorization[\r][\n]"
12:58:48.139 [TestNG-tests-1] DEBUG org.apache.http.wire -  << "Access-Control-Allow-Methods: GET,POST,PUT,DELETE,OPTIONS[\r][\n]"
12:58:48.139 [TestNG-tests-1] DEBUG org.apache.http.wire -  << "X-Proxy-Cache: EXPIRED[\r][\n]"
12:58:48.139 [TestNG-tests-1] DEBUG org.apache.http.wire -  << "[\r][\n]"
12:58:48.139 [TestNG-tests-1] DEBUG org.apache.http.impl.conn.DefaultClientConnection - Receiving response: HTTP/1.1 200 OK
12:58:48.139 [TestNG-tests-1] DEBUG org.apache.http.headers - << HTTP/1.1 200 OK
12:58:48.139 [TestNG-tests-1] DEBUG org.apache.http.headers - << Server: nginx
12:58:48.139 [TestNG-tests-1] DEBUG org.apache.http.headers - << Date: Fri, 27 Mar 2020 04:58:48 GMT
12:58:48.139 [TestNG-tests-1] DEBUG org.apache.http.headers - << Content-Type: application/json;charset=utf-8
12:58:48.139 [TestNG-tests-1] DEBUG org.apache.http.headers - << Content-Length: 1179
12:58:48.139 [TestNG-tests-1] DEBUG org.apache.http.headers - << Connection: close
12:58:48.139 [TestNG-tests-1] DEBUG org.apache.http.headers - << Vary: Accept-Encoding
12:58:48.139 [TestNG-tests-1] DEBUG org.apache.http.headers - << Access-Control-Allow-Origin: *
12:58:48.139 [TestNG-tests-1] DEBUG org.apache.http.headers - << Access-Control-Allow-Headers: DNT,X-Mx-ReqToken,Keep-Alive,User-Agent,X-Requested-With,If-Modified-Since,Cache-Control,Content-Type,Authorization
12:58:48.139 [TestNG-tests-1] DEBUG org.apache.http.headers - << Access-Control-Allow-Methods: GET,POST,PUT,DELETE,OPTIONS
12:58:48.139 [TestNG-tests-1] DEBUG org.apache.http.headers - << X-Proxy-Cache: EXPIRED
http://apilist.tronscan.org/api/system/homepage-bundle 请求总耗时：545 毫秒
12:58:48.139 [TestNG-tests-1] INFO tron.tronscan.api.SystemList - code is 200
12:58:48.139 [TestNG-tests-1] DEBUG org.apache.http.wire -  << "{"node":{"total":824,"code":0},"yesterdayStat":{"data":[{"date":1585180800000,"avgBlockSize":15260,"newTransactionSeen":1198673,"freeze_transaction":2145,"totalTransaction":933845157,"other_transaction":2516,"totalTrc20":2692,"shielded_transaction":0,"newAddressSeen":6802,"triggers":802416932,"newBlockSeen":28788,"avgBlockTime":3,"trx_transfer":80132,"totalBlockCount":18331308,"blockchainSize":295072873825,"trc10_transfer":82302,"vote_transaction":3111,"accountWithTrx":3018042,"newTrc10":2,"totalTrc10":2928,"totalAddress":4962681,"newTrigger":1028467,"newTrc20":1},{"date":1585267200000,"avgBlockSize":14474,"newTransactionSeen":217839,"freeze_transaction":390,"totalTransaction":934062996,"other_transaction":420,"totalTrc20":2692,"shielded_transaction":0,"newAddressSeen":897,"triggers":802600294,"newBlockSeen":4891,"avgBlockTime":3,"trx_transfer":22718,"totalBlockCount":18336199,"blockchainSize":295143669969,"trc10_transfer":12046,"vote_transaction":492,"accountWithTrx":3019104,"newTrc10":0,"totalTrc10":2928,"totalAddress":4963578,"newTrigger":183362,"newTrc20":0}],"success":true},"tps":{"data":{"blockHeight":18340877,"currentTps":10,"maxTps":748},"type":"tps"}}[\n]"
12:58:48.140 [TestNG-tests-1] DEBUG org.apache.http.impl.conn.DefaultClientConnection - Connection 0.0.0.0:61357<->18.216.178.128:80 closed
12:58:48.140 [TestNG-tests-1] DEBUG org.apache.http.impl.conn.PoolingClientConnectionManager - Connection released: [id: 67][route: {}->http://apilist.tronscan.org:80][total kept alive: 0; route allocated: 0 of 80; total allocated: 0 of 100]
12:58:48.140 [TestNG-tests-1] INFO tron.common.TronscanApiList - ----------------------------Print JSON Start---------------------------
12:58:48.140 [TestNG-tests-1] INFO tron.common.TronscanApiList - node:{"total":824,"code":0}
12:58:48.140 [TestNG-tests-1] INFO tron.common.TronscanApiList - yesterdayStat:{"data":[{"date":1585180800000,"avgBlockSize":15260,"newTransactionSeen":1198673,"freeze_transaction":2145,"totalTransaction":933845157,"other_transaction":2516,"totalTrc20":2692,"shielded_transaction":0,"newAddressSeen":6802,"triggers":802416932,"newBlockSeen":28788,"avgBlockTime":3,"trx_transfer":80132,"totalBlockCount":18331308,"blockchainSize":295072873825,"trc10_transfer":82302,"vote_transaction":3111,"accountWithTrx":3018042,"newTrc10":2,"totalTrc10":2928,"totalAddress":4962681,"newTrigger":1028467,"newTrc20":1},{"date":1585267200000,"avgBlockSize":14474,"newTransactionSeen":217839,"freeze_transaction":390,"totalTransaction":934062996,"other_transaction":420,"totalTrc20":2692,"shielded_transaction":0,"newAddressSeen":897,"triggers":802600294,"newBlockSeen":4891,"avgBlockTime":3,"trx_transfer":22718,"totalBlockCount":18336199,"blockchainSize":295143669969,"trc10_transfer":12046,"vote_transaction":492,"accountWithTrx":3019104,"newTrc10":0,"totalTrc10":2928,"totalAddress":4963578,"newTrigger":183362,"newTrc20":0}],"success":true}
12:58:48.140 [TestNG-tests-1] INFO tron.common.TronscanApiList - tps:{"data":{"blockHeight":18340877,"currentTps":10,"maxTps":748},"type":"tps"}
12:58:48.140 [TestNG-tests-1] INFO tron.common.TronscanApiList - JSON content size are: 3
12:58:48.140 [TestNG-tests-1] INFO tron.common.TronscanApiList - ----------------------------Print JSON End-----------------------------
http://apilist.tronscan.org/api/system/status
12:58:48.140 [TestNG-tests-1] DEBUG org.apache.http.impl.conn.PoolingClientConnectionManager - Connection request: [route: {}->http://apilist.tronscan.org:80][total kept alive: 0; route allocated: 0 of 80; total allocated: 0 of 100]
12:58:48.141 [TestNG-tests-1] DEBUG org.apache.http.impl.conn.PoolingClientConnectionManager - Connection leased: [id: 68][route: {}->http://apilist.tronscan.org:80][total kept alive: 0; route allocated: 1 of 80; total allocated: 1 of 100]
12:58:48.141 [TestNG-tests-1] DEBUG org.apache.http.impl.conn.DefaultClientConnectionOperator - Connecting to apilist.tronscan.org:80
12:58:48.412 [TestNG-tests-1] DEBUG org.apache.http.client.protocol.RequestAddCookies - CookieSpec selected: default
12:58:48.413 [TestNG-tests-1] DEBUG org.apache.http.client.protocol.RequestAuthCache - Auth cache not set in the context
12:58:48.413 [TestNG-tests-1] DEBUG org.apache.http.client.protocol.RequestTargetAuthentication - Target auth state: UNCHALLENGED
12:58:48.413 [TestNG-tests-1] DEBUG org.apache.http.client.protocol.RequestProxyAuthentication - Proxy auth state: UNCHALLENGED
12:58:48.413 [TestNG-tests-1] DEBUG org.apache.http.impl.client.DefaultHttpClient - Attempt 1 to execute request
12:58:48.413 [TestNG-tests-1] DEBUG org.apache.http.impl.conn.DefaultClientConnection - Sending request: GET /api/system/status HTTP/1.1
12:58:48.413 [TestNG-tests-1] DEBUG org.apache.http.wire -  >> "GET /api/system/status HTTP/1.1[\r][\n]"
12:58:48.413 [TestNG-tests-1] DEBUG org.apache.http.wire -  >> "Content-type: application/json; charset=utf-8[\r][\n]"
12:58:48.413 [TestNG-tests-1] DEBUG org.apache.http.wire -  >> "Connection: Close[\r][\n]"
12:58:48.413 [TestNG-tests-1] DEBUG org.apache.http.wire -  >> "Host: apilist.tronscan.org[\r][\n]"
12:58:48.413 [TestNG-tests-1] DEBUG org.apache.http.wire -  >> "User-Agent: Apache-HttpClient/4.5.3 (Java/1.8.0_211)[\r][\n]"
12:58:48.413 [TestNG-tests-1] DEBUG org.apache.http.wire -  >> "[\r][\n]"
12:58:48.413 [TestNG-tests-1] DEBUG org.apache.http.headers - >> GET /api/system/status HTTP/1.1
12:58:48.413 [TestNG-tests-1] DEBUG org.apache.http.headers - >> Content-type: application/json; charset=utf-8
12:58:48.413 [TestNG-tests-1] DEBUG org.apache.http.headers - >> Connection: Close
12:58:48.413 [TestNG-tests-1] DEBUG org.apache.http.headers - >> Host: apilist.tronscan.org
12:58:48.413 [TestNG-tests-1] DEBUG org.apache.http.headers - >> User-Agent: Apache-HttpClient/4.5.3 (Java/1.8.0_211)
12:58:48.646 [TestNG-tests-1] DEBUG org.apache.http.wire -  << "HTTP/1.1 200 OK[\r][\n]"
12:58:48.647 [TestNG-tests-1] DEBUG org.apache.http.wire -  << "Server: nginx[\r][\n]"
12:58:48.647 [TestNG-tests-1] DEBUG org.apache.http.wire -  << "Date: Fri, 27 Mar 2020 04:58:49 GMT[\r][\n]"
12:58:48.647 [TestNG-tests-1] DEBUG org.apache.http.wire -  << "Content-Type: application/json;charset=utf-8[\r][\n]"
12:58:48.647 [TestNG-tests-1] DEBUG org.apache.http.wire -  << "Content-Length: 181[\r][\n]"
12:58:48.647 [TestNG-tests-1] DEBUG org.apache.http.wire -  << "Connection: close[\r][\n]"
12:58:48.647 [TestNG-tests-1] DEBUG org.apache.http.wire -  << "Access-Control-Allow-Origin: *[\r][\n]"
12:58:48.647 [TestNG-tests-1] DEBUG org.apache.http.wire -  << "Access-Control-Allow-Headers: DNT,X-Mx-ReqToken,Keep-Alive,User-Agent,X-Requested-With,If-Modified-Since,Cache-Control,Content-Type,Authorization[\r][\n]"
12:58:48.647 [TestNG-tests-1] DEBUG org.apache.http.wire -  << "Access-Control-Allow-Methods: GET,POST,PUT,DELETE,OPTIONS[\r][\n]"
12:58:48.647 [TestNG-tests-1] DEBUG org.apache.http.wire -  << "X-Proxy-Cache: HIT[\r][\n]"
12:58:48.647 [TestNG-tests-1] DEBUG org.apache.http.wire -  << "[\r][\n]"
12:58:48.647 [TestNG-tests-1] DEBUG org.apache.http.impl.conn.DefaultClientConnection - Receiving response: HTTP/1.1 200 OK
12:58:48.647 [TestNG-tests-1] DEBUG org.apache.http.headers - << HTTP/1.1 200 OK
12:58:48.647 [TestNG-tests-1] DEBUG org.apache.http.headers - << Server: nginx
12:58:48.647 [TestNG-tests-1] DEBUG org.apache.http.headers - << Date: Fri, 27 Mar 2020 04:58:49 GMT
12:58:48.647 [TestNG-tests-1] DEBUG org.apache.http.headers - << Content-Type: application/json;charset=utf-8
12:58:48.647 [TestNG-tests-1] DEBUG org.apache.http.headers - << Content-Length: 181
12:58:48.647 [TestNG-tests-1] DEBUG org.apache.http.headers - << Connection: close
12:58:48.647 [TestNG-tests-1] DEBUG org.apache.http.headers - << Access-Control-Allow-Origin: *
12:58:48.647 [TestNG-tests-1] DEBUG org.apache.http.headers - << Access-Control-Allow-Headers: DNT,X-Mx-ReqToken,Keep-Alive,User-Agent,X-Requested-With,If-Modified-Since,Cache-Control,Content-Type,Authorization
12:58:48.647 [TestNG-tests-1] DEBUG org.apache.http.headers - << Access-Control-Allow-Methods: GET,POST,PUT,DELETE,OPTIONS
12:58:48.647 [TestNG-tests-1] DEBUG org.apache.http.headers - << X-Proxy-Cache: HIT
http://apilist.tronscan.org/api/system/status 请求总耗时：507 毫秒
12:58:48.647 [TestNG-tests-1] INFO tron.tronscan.api.SystemList - code is 200
12:58:48.647 [TestNG-tests-1] DEBUG org.apache.http.wire -  << "{"database":{"block":18340875,"confirmedBlock":18340857},"sync":{"progress":99.99999182154346},"network":{"type":"mainnet"},"full":{"block":18340875},"solidity":{"block":18340857}}[\n]"
12:58:48.647 [TestNG-tests-1] DEBUG org.apache.http.impl.conn.DefaultClientConnection - Connection 0.0.0.0:61362<->18.216.178.128:80 closed
12:58:48.647 [TestNG-tests-1] DEBUG org.apache.http.impl.conn.PoolingClientConnectionManager - Connection released: [id: 68][route: {}->http://apilist.tronscan.org:80][total kept alive: 0; route allocated: 0 of 80; total allocated: 0 of 100]
12:58:48.647 [TestNG-tests-1] INFO tron.common.TronscanApiList - ----------------------------Print JSON Start---------------------------
12:58:48.647 [TestNG-tests-1] INFO tron.common.TronscanApiList - database:{"block":18340875,"confirmedBlock":18340857}
12:58:48.647 [TestNG-tests-1] INFO tron.common.TronscanApiList - sync:{"progress":99.99999182154346}
12:58:48.647 [TestNG-tests-1] INFO tron.common.TronscanApiList - network:{"type":"mainnet"}
12:58:48.647 [TestNG-tests-1] INFO tron.common.TronscanApiList - full:{"block":18340875}
12:58:48.647 [TestNG-tests-1] INFO tron.common.TronscanApiList - solidity:{"block":18340857}
12:58:48.647 [TestNG-tests-1] INFO tron.common.TronscanApiList - JSON content size are: 5
12:58:48.647 [TestNG-tests-1] INFO tron.common.TronscanApiList - ----------------------------Print JSON End-----------------------------
12:58:48.647 [TestNG-tests-1] INFO tron.tronscan.api.SystemList - full:18340875 , databaseBlock:18340875
请求开始时间： 12:58:48:648
12:58:48.648 [TestNG-tests-1] DEBUG org.apache.http.impl.conn.PoolingClientConnectionManager - Connection request: [route: {}->http://47.252.81.126:8090][total kept alive: 0; route allocated: 0 of 80; total allocated: 0 of 100]
12:58:48.648 [TestNG-tests-1] DEBUG org.apache.http.impl.conn.PoolingClientConnectionManager - Connection leased: [id: 69][route: {}->http://47.252.81.126:8090][total kept alive: 0; route allocated: 1 of 80; total allocated: 1 of 100]
12:58:48.648 [TestNG-tests-1] DEBUG org.apache.http.impl.conn.DefaultClientConnectionOperator - Connecting to 47.252.81.126:8090
12:58:48.919 [TestNG-tests-1] DEBUG org.apache.http.client.protocol.RequestAddCookies - CookieSpec selected: default
12:58:48.919 [TestNG-tests-1] DEBUG org.apache.http.client.protocol.RequestAuthCache - Auth cache not set in the context
12:58:48.919 [TestNG-tests-1] DEBUG org.apache.http.client.protocol.RequestTargetAuthentication - Target auth state: UNCHALLENGED
12:58:48.919 [TestNG-tests-1] DEBUG org.apache.http.client.protocol.RequestProxyAuthentication - Proxy auth state: UNCHALLENGED
12:58:48.919 [TestNG-tests-1] DEBUG org.apache.http.impl.client.DefaultHttpClient - Attempt 1 to execute request
12:58:48.919 [TestNG-tests-1] DEBUG org.apache.http.impl.conn.DefaultClientConnection - Sending request: POST /wallet/generateaddress HTTP/1.1
12:58:48.919 [TestNG-tests-1] DEBUG org.apache.http.wire -  >> "POST /wallet/generateaddress HTTP/1.1[\r][\n]"
12:58:48.919 [TestNG-tests-1] DEBUG org.apache.http.wire -  >> "Content-type: application/json; charset=utf-8[\r][\n]"
12:58:48.919 [TestNG-tests-1] DEBUG org.apache.http.wire -  >> "Connection: Close[\r][\n]"
12:58:48.919 [TestNG-tests-1] DEBUG org.apache.http.wire -  >> "Content-Length: 0[\r][\n]"
12:58:48.919 [TestNG-tests-1] DEBUG org.apache.http.wire -  >> "Host: 47.252.81.126:8090[\r][\n]"
12:58:48.919 [TestNG-tests-1] DEBUG org.apache.http.wire -  >> "User-Agent: Apache-HttpClient/4.5.3 (Java/1.8.0_211)[\r][\n]"
12:58:48.919 [TestNG-tests-1] DEBUG org.apache.http.wire -  >> "[\r][\n]"
12:58:48.919 [TestNG-tests-1] DEBUG org.apache.http.headers - >> POST /wallet/generateaddress HTTP/1.1
12:58:48.919 [TestNG-tests-1] DEBUG org.apache.http.headers - >> Content-type: application/json; charset=utf-8
12:58:48.919 [TestNG-tests-1] DEBUG org.apache.http.headers - >> Connection: Close
12:58:48.919 [TestNG-tests-1] DEBUG org.apache.http.headers - >> Content-Length: 0
12:58:48.919 [TestNG-tests-1] DEBUG org.apache.http.headers - >> Host: 47.252.81.126:8090
12:58:48.919 [TestNG-tests-1] DEBUG org.apache.http.headers - >> User-Agent: Apache-HttpClient/4.5.3 (Java/1.8.0_211)
12:58:49.229 [TestNG-tests-1] DEBUG org.apache.http.wire -  << "HTTP/1.1 200 OK[\r][\n]"
12:58:49.229 [TestNG-tests-1] DEBUG org.apache.http.wire -  << "Connection: close[\r][\n]"
12:58:49.229 [TestNG-tests-1] DEBUG org.apache.http.wire -  << "Date: Fri, 27 Mar 2020 04:58:49 GMT[\r][\n]"
12:58:49.229 [TestNG-tests-1] DEBUG org.apache.http.wire -  << "Content-Length: 187[\r][\n]"
12:58:49.229 [TestNG-tests-1] DEBUG org.apache.http.wire -  << "Server: Jetty(9.4.11.v20180605)[\r][\n]"
12:58:49.229 [TestNG-tests-1] DEBUG org.apache.http.wire -  << "[\r][\n]"
12:58:49.229 [TestNG-tests-1] DEBUG org.apache.http.impl.conn.DefaultClientConnection - Receiving response: HTTP/1.1 200 OK
12:58:49.229 [TestNG-tests-1] DEBUG org.apache.http.headers - << HTTP/1.1 200 OK
12:58:49.229 [TestNG-tests-1] DEBUG org.apache.http.headers - << Connection: close
12:58:49.229 [TestNG-tests-1] DEBUG org.apache.http.headers - << Date: Fri, 27 Mar 2020 04:58:49 GMT
12:58:49.229 [TestNG-tests-1] DEBUG org.apache.http.headers - << Content-Length: 187
12:58:49.229 [TestNG-tests-1] DEBUG org.apache.http.headers - << Server: Jetty(9.4.11.v20180605)
请求结束时间： 12:58:49:229
12:58:49.229 [TestNG-tests-1] DEBUG org.apache.http.wire -  << "{"privateKey":"17cab8705eabd23045de94b660195c4a9091f47f8136b017f985c7df35d7f873","address":"TUjH14drWjKZxWiE28D9fV3m8j9tGYaN91","hexAddress":"41cdc7e7d05fd81ac7e451f9a9604e35d39be328c8"}[\n]"
12:58:49.229 [TestNG-tests-1] DEBUG org.apache.http.impl.conn.DefaultClientConnection - Connection 0.0.0.0:61363<->47.252.81.126:8090 closed
12:58:49.229 [TestNG-tests-1] DEBUG org.apache.http.impl.conn.PoolingClientConnectionManager - Connection released: [id: 69][route: {}->http://47.252.81.126:8090][total kept alive: 0; route allocated: 0 of 80; total allocated: 0 of 100]
12:58:49.230 [TestNG-tests-1] INFO tron.common.TronscanApiList - privateKey:17cab8705eabd23045de94b660195c4a9091f47f8136b017f985c7df35d7f873
12:58:49.230 [TestNG-tests-1] INFO tron.common.TronscanApiList - hexAddress:41cdc7e7d05fd81ac7e451f9a9604e35d39be328c8
12:58:49.230 [TestNG-tests-1] INFO tron.common.TronscanApiList - address:TUjH14drWjKZxWiE28D9fV3m8j9tGYaN91
12:58:49.230 [TestNG-tests-1] INFO tron.tronscan.api.SystemList - privateKey:17cab8705eabd23045de94b660195c4a9091f47f8136b017f985c7df35d7f873
12:58:49.230 [TestNG-tests-1] INFO tron.tronscan.api.SystemList - hexAddress:41cdc7e7d05fd81ac7e451f9a9604e35d39be328c8
12:58:49.230 [TestNG-tests-1] INFO tron.tronscan.api.SystemList - address:TUjH14drWjKZxWiE28D9fV3m8j9tGYaN91
12:58:49.230 [TestNG-tests-1] DEBUG org.apache.http.impl.conn.PoolingClientConnectionManager - Connection request: [route: {}->http://apilist.tronscan.org:80][total kept alive: 0; route allocated: 0 of 80; total allocated: 0 of 100]
12:58:49.230 [TestNG-tests-1] DEBUG org.apache.http.impl.conn.PoolingClientConnectionManager - Connection leased: [id: 70][route: {}->http://apilist.tronscan.org:80][total kept alive: 0; route allocated: 1 of 80; total allocated: 1 of 100]
12:58:49.230 [TestNG-tests-1] DEBUG org.apache.http.impl.conn.DefaultClientConnectionOperator - Connecting to apilist.tronscan.org:80
12:58:49.460 [TestNG-tests-1] DEBUG org.apache.http.client.protocol.RequestAddCookies - CookieSpec selected: default
12:58:49.460 [TestNG-tests-1] DEBUG org.apache.http.client.protocol.RequestAuthCache - Auth cache not set in the context
12:58:49.460 [TestNG-tests-1] DEBUG org.apache.http.client.protocol.RequestTargetAuthentication - Target auth state: UNCHALLENGED
12:58:49.460 [TestNG-tests-1] DEBUG org.apache.http.client.protocol.RequestProxyAuthentication - Proxy auth state: UNCHALLENGED
12:58:49.460 [TestNG-tests-1] DEBUG org.apache.http.impl.client.DefaultHttpClient - Attempt 1 to execute request
12:58:49.460 [TestNG-tests-1] DEBUG org.apache.http.impl.conn.DefaultClientConnection - Sending request: GET /api/system/tps HTTP/1.1
12:58:49.460 [TestNG-tests-1] DEBUG org.apache.http.wire -  >> "GET /api/system/tps HTTP/1.1[\r][\n]"
12:58:49.460 [TestNG-tests-1] DEBUG org.apache.http.wire -  >> "Content-type: application/json; charset=utf-8[\r][\n]"
12:58:49.460 [TestNG-tests-1] DEBUG org.apache.http.wire -  >> "Connection: Close[\r][\n]"
12:58:49.460 [TestNG-tests-1] DEBUG org.apache.http.wire -  >> "Host: apilist.tronscan.org[\r][\n]"
12:58:49.460 [TestNG-tests-1] DEBUG org.apache.http.wire -  >> "User-Agent: Apache-HttpClient/4.5.3 (Java/1.8.0_211)[\r][\n]"
12:58:49.460 [TestNG-tests-1] DEBUG org.apache.http.wire -  >> "[\r][\n]"
12:58:49.460 [TestNG-tests-1] DEBUG org.apache.http.headers - >> GET /api/system/tps HTTP/1.1
12:58:49.460 [TestNG-tests-1] DEBUG org.apache.http.headers - >> Content-type: application/json; charset=utf-8
12:58:49.460 [TestNG-tests-1] DEBUG org.apache.http.headers - >> Connection: Close
12:58:49.460 [TestNG-tests-1] DEBUG org.apache.http.headers - >> Host: apilist.tronscan.org
12:58:49.460 [TestNG-tests-1] DEBUG org.apache.http.headers - >> User-Agent: Apache-HttpClient/4.5.3 (Java/1.8.0_211)
12:58:49.693 [TestNG-tests-1] DEBUG org.apache.http.wire -  << "HTTP/1.1 200 OK[\r][\n]"
12:58:49.693 [TestNG-tests-1] DEBUG org.apache.http.wire -  << "Server: nginx[\r][\n]"
12:58:49.693 [TestNG-tests-1] DEBUG org.apache.http.wire -  << "Date: Fri, 27 Mar 2020 04:58:50 GMT[\r][\n]"
12:58:49.693 [TestNG-tests-1] DEBUG org.apache.http.wire -  << "Content-Type: application/json;charset=utf-8[\r][\n]"
12:58:49.693 [TestNG-tests-1] DEBUG org.apache.http.wire -  << "Content-Length: 76[\r][\n]"
12:58:49.693 [TestNG-tests-1] DEBUG org.apache.http.wire -  << "Connection: close[\r][\n]"
12:58:49.693 [TestNG-tests-1] DEBUG org.apache.http.wire -  << "Access-Control-Allow-Origin: *[\r][\n]"
12:58:49.693 [TestNG-tests-1] DEBUG org.apache.http.wire -  << "Access-Control-Allow-Headers: DNT,X-Mx-ReqToken,Keep-Alive,User-Agent,X-Requested-With,If-Modified-Since,Cache-Control,Content-Type,Authorization[\r][\n]"
12:58:49.693 [TestNG-tests-1] DEBUG org.apache.http.wire -  << "Access-Control-Allow-Methods: GET,POST,PUT,DELETE,OPTIONS[\r][\n]"
12:58:49.693 [TestNG-tests-1] DEBUG org.apache.http.wire -  << "X-Proxy-Cache: MISS[\r][\n]"
12:58:49.693 [TestNG-tests-1] DEBUG org.apache.http.wire -  << "[\r][\n]"
12:58:49.693 [TestNG-tests-1] DEBUG org.apache.http.impl.conn.DefaultClientConnection - Receiving response: HTTP/1.1 200 OK
12:58:49.693 [TestNG-tests-1] DEBUG org.apache.http.headers - << HTTP/1.1 200 OK
12:58:49.693 [TestNG-tests-1] DEBUG org.apache.http.headers - << Server: nginx
12:58:49.693 [TestNG-tests-1] DEBUG org.apache.http.headers - << Date: Fri, 27 Mar 2020 04:58:50 GMT
12:58:49.693 [TestNG-tests-1] DEBUG org.apache.http.headers - << Content-Type: application/json;charset=utf-8
12:58:49.693 [TestNG-tests-1] DEBUG org.apache.http.headers - << Content-Length: 76
12:58:49.693 [TestNG-tests-1] DEBUG org.apache.http.headers - << Connection: close
12:58:49.693 [TestNG-tests-1] DEBUG org.apache.http.headers - << Access-Control-Allow-Origin: *
12:58:49.693 [TestNG-tests-1] DEBUG org.apache.http.headers - << Access-Control-Allow-Headers: DNT,X-Mx-ReqToken,Keep-Alive,User-Agent,X-Requested-With,If-Modified-Since,Cache-Control,Content-Type,Authorization
12:58:49.693 [TestNG-tests-1] DEBUG org.apache.http.headers - << Access-Control-Allow-Methods: GET,POST,PUT,DELETE,OPTIONS
12:58:49.693 [TestNG-tests-1] DEBUG org.apache.http.headers - << X-Proxy-Cache: MISS
http://apilist.tronscan.org/api/system/tps 请求总耗时：464 毫秒
12:58:49.694 [TestNG-tests-1] INFO tron.tronscan.api.SystemList - code is 200
12:58:49.694 [TestNG-tests-1] DEBUG org.apache.http.wire -  << "{"data":{"blockHeight":18340878,"currentTps":13,"maxTps":748},"type":"tps"}[\n]"
12:58:49.694 [TestNG-tests-1] DEBUG org.apache.http.impl.conn.DefaultClientConnection - Connection 0.0.0.0:61369<->18.216.178.128:80 closed
12:58:49.694 [TestNG-tests-1] DEBUG org.apache.http.impl.conn.PoolingClientConnectionManager - Connection released: [id: 70][route: {}->http://apilist.tronscan.org:80][total kept alive: 0; route allocated: 0 of 80; total allocated: 0 of 100]
12:58:49.694 [TestNG-tests-1] INFO tron.common.TronscanApiList - ----------------------------Print JSON Start---------------------------
12:58:49.694 [TestNG-tests-1] INFO tron.common.TronscanApiList - data:{"blockHeight":18340878,"currentTps":13,"maxTps":748}
12:58:49.694 [TestNG-tests-1] INFO tron.common.TronscanApiList - type:tps
12:58:49.694 [TestNG-tests-1] INFO tron.common.TronscanApiList - JSON content size are: 2
12:58:49.694 [TestNG-tests-1] INFO tron.common.TronscanApiList - ----------------------------Print JSON End-----------------------------
]]></system-out>
  <system-err><![CDATA[]]></system-err>
</testsuite>
