<?xml version="1.0" encoding="UTF-8"?>
<testsuite name="tron.tronscan.api.TransferAsset" tests="1" skipped="0" failures="0" errors="0" timestamp="2020-03-27T04:58:28" hostname="zhukaideiMac.local" time="3.966">
  <properties/>
  <testcase name="test01getBlockDetail" classname="tron.tronscan.api.TransferAsset" time="3.966"/>
  <system-out><![CDATA[12:58:28.347 [TestNG-tests-1] DEBUG org.apache.http.impl.conn.PoolingClientConnectionManager - Connection request: [route: {}->http://apilist.tronscan.org:80][total kept alive: 0; route allocated: 0 of 80; total allocated: 0 of 100]
12:58:28.347 [TestNG-tests-1] DEBUG org.apache.http.impl.conn.PoolingClientConnectionManager - Connection leased: [id: 47][route: {}->http://apilist.tronscan.org:80][total kept alive: 0; route allocated: 1 of 80; total allocated: 1 of 100]
12:58:28.347 [TestNG-tests-1] DEBUG org.apache.http.impl.conn.DefaultClientConnectionOperator - Connecting to apilist.tronscan.org:80
12:58:28.646 [TestNG-tests-1] DEBUG org.apache.http.client.protocol.RequestAddCookies - CookieSpec selected: default
12:58:28.646 [TestNG-tests-1] DEBUG org.apache.http.client.protocol.RequestAuthCache - Auth cache not set in the context
12:58:28.646 [TestNG-tests-1] DEBUG org.apache.http.client.protocol.RequestTargetAuthentication - Target auth state: UNCHALLENGED
12:58:28.646 [TestNG-tests-1] DEBUG org.apache.http.client.protocol.RequestProxyAuthentication - Proxy auth state: UNCHALLENGED
12:58:28.646 [TestNG-tests-1] DEBUG org.apache.http.impl.client.DefaultHttpClient - Attempt 1 to execute request
12:58:28.646 [TestNG-tests-1] DEBUG org.apache.http.impl.conn.DefaultClientConnection - Sending request: GET /api/asset/transfer?end_timestamp=1552549912537&start_timestamp=1529856000000&limit=20&start=0&name=IGG&issueAddress=TSbhZijH2t7Qn1UAHAu7PBHQdVAvRwSyYr HTTP/1.1
12:58:28.646 [TestNG-tests-1] DEBUG org.apache.http.wire -  >> "GET /api/asset/transfer?end_timestamp=1552549912537&start_timestamp=1529856000000&limit=20&start=0&name=IGG&issueAddress=TSbhZijH2t7Qn1UAHAu7PBHQdVAvRwSyYr HTTP/1.1[\r][\n]"
12:58:28.646 [TestNG-tests-1] DEBUG org.apache.http.wire -  >> "Content-type: application/json; charset=utf-8[\r][\n]"
12:58:28.646 [TestNG-tests-1] DEBUG org.apache.http.wire -  >> "Connection: Close[\r][\n]"
12:58:28.647 [TestNG-tests-1] DEBUG org.apache.http.wire -  >> "Host: apilist.tronscan.org[\r][\n]"
12:58:28.647 [TestNG-tests-1] DEBUG org.apache.http.wire -  >> "User-Agent: Apache-HttpClient/4.5.3 (Java/1.8.0_211)[\r][\n]"
12:58:28.647 [TestNG-tests-1] DEBUG org.apache.http.wire -  >> "[\r][\n]"
12:58:28.647 [TestNG-tests-1] DEBUG org.apache.http.headers - >> GET /api/asset/transfer?end_timestamp=1552549912537&start_timestamp=1529856000000&limit=20&start=0&name=IGG&issueAddress=TSbhZijH2t7Qn1UAHAu7PBHQdVAvRwSyYr HTTP/1.1
12:58:28.647 [TestNG-tests-1] DEBUG org.apache.http.headers - >> Content-type: application/json; charset=utf-8
12:58:28.647 [TestNG-tests-1] DEBUG org.apache.http.headers - >> Connection: Close
12:58:28.647 [TestNG-tests-1] DEBUG org.apache.http.headers - >> Host: apilist.tronscan.org
12:58:28.647 [TestNG-tests-1] DEBUG org.apache.http.headers - >> User-Agent: Apache-HttpClient/4.5.3 (Java/1.8.0_211)
12:58:32.311 [TestNG-tests-1] DEBUG org.apache.http.wire -  << "HTTP/1.1 200 OK[\r][\n]"
12:58:32.311 [TestNG-tests-1] DEBUG org.apache.http.wire -  << "Server: nginx[\r][\n]"
12:58:32.311 [TestNG-tests-1] DEBUG org.apache.http.wire -  << "Date: Fri, 27 Mar 2020 04:58:32 GMT[\r][\n]"
12:58:32.311 [TestNG-tests-1] DEBUG org.apache.http.wire -  << "Content-Type: application/json;charset=utf-8[\r][\n]"
12:58:32.311 [TestNG-tests-1] DEBUG org.apache.http.wire -  << "Content-Length: 8137[\r][\n]"
12:58:32.311 [TestNG-tests-1] DEBUG org.apache.http.wire -  << "Connection: close[\r][\n]"
12:58:32.311 [TestNG-tests-1] DEBUG org.apache.http.wire -  << "Vary: Accept-Encoding[\r][\n]"
12:58:32.311 [TestNG-tests-1] DEBUG org.apache.http.wire -  << "Access-Control-Allow-Origin: *[\r][\n]"
12:58:32.311 [TestNG-tests-1] DEBUG org.apache.http.wire -  << "Access-Control-Allow-Headers: DNT,X-Mx-ReqToken,Keep-Alive,User-Agent,X-Requested-With,If-Modified-Since,Cache-Control,Content-Type,Authorization[\r][\n]"
12:58:32.311 [TestNG-tests-1] DEBUG org.apache.http.wire -  << "Access-Control-Allow-Methods: GET,POST,PUT,DELETE,OPTIONS[\r][\n]"
12:58:32.311 [TestNG-tests-1] DEBUG org.apache.http.wire -  << "X-Proxy-Cache: MISS[\r][\n]"
12:58:32.312 [TestNG-tests-1] DEBUG org.apache.http.wire -  << "[\r][\n]"
12:58:32.312 [TestNG-tests-1] DEBUG org.apache.http.impl.conn.DefaultClientConnection - Receiving response: HTTP/1.1 200 OK
12:58:32.312 [TestNG-tests-1] DEBUG org.apache.http.headers - << HTTP/1.1 200 OK
12:58:32.312 [TestNG-tests-1] DEBUG org.apache.http.headers - << Server: nginx
12:58:32.312 [TestNG-tests-1] DEBUG org.apache.http.headers - << Date: Fri, 27 Mar 2020 04:58:32 GMT
12:58:32.312 [TestNG-tests-1] DEBUG org.apache.http.headers - << Content-Type: application/json;charset=utf-8
12:58:32.312 [TestNG-tests-1] DEBUG org.apache.http.headers - << Content-Length: 8137
12:58:32.312 [TestNG-tests-1] DEBUG org.apache.http.headers - << Connection: close
12:58:32.312 [TestNG-tests-1] DEBUG org.apache.http.headers - << Vary: Accept-Encoding
12:58:32.312 [TestNG-tests-1] DEBUG org.apache.http.headers - << Access-Control-Allow-Origin: *
12:58:32.312 [TestNG-tests-1] DEBUG org.apache.http.headers - << Access-Control-Allow-Headers: DNT,X-Mx-ReqToken,Keep-Alive,User-Agent,X-Requested-With,If-Modified-Since,Cache-Control,Content-Type,Authorization
12:58:32.312 [TestNG-tests-1] DEBUG org.apache.http.headers - << Access-Control-Allow-Methods: GET,POST,PUT,DELETE,OPTIONS
12:58:32.312 [TestNG-tests-1] DEBUG org.apache.http.headers - << X-Proxy-Cache: MISS
http://apilist.tronscan.org/api/asset/transfer?end_timestamp=1552549912537&start_timestamp=1529856000000&limit=20&start=0&name=IGG&issueAddress=TSbhZijH2t7Qn1UAHAu7PBHQdVAvRwSyYr 请求总耗时：3965 毫秒
12:58:32.312 [TestNG-tests-1] INFO tron.tronscan.api.TransferAsset - code is 200
12:58:32.312 [TestNG-tests-1] DEBUG org.apache.http.wire -  << "{"total":2400,"rangeTotal":277410,"Data":[{"blockId":7478387,"transactionHash":"0b8ba361468bde5ee2d5fd0bb33dad394bf7818586f9197b36db9c4ea65f0684","timestamp":1552549266000,"transferFromAddress":"TFFWbnGeNSPTxfkcKrzwDWbTRUaPjaim4q","transferToAddress":"TVQ6jYV5yTtRsKcD8aRc1a4Kei4V45ixLn","amount":316,"tokenName":"1000317","finalResult":"SUCCESS","contractRet":"SUCCESS","confirmed":true,"fromAddressIsContract":false,"toAddressIsContract":true},{"blockId":7477730,"transactionHash":"158f9d1ccbc587f470e49403b5bc1638c86705b29ca447d2aa56223a2bc559c8","timestamp":1552547265000,"transferFromAddress":"TVsu7iRuTWR4gkLR5spj4XjUJYJWS855xo","transferToAddress":"TNgecdBdYY7ZvMC1p2ycPiyJ1siwHcS6KQ","amount":316,"tokenName":"1000317","finalResult":"SUCCESS","contractRet":"SUCCESS","confirmed":true,"fromAddressIsContract":false,"toAddressIsContract":false},{"blockId":7477726,"transactionHash":"eec60cf593ed22b45e2d5e330c8914d8d9330d1ac7887644da9dda95c811fecc","timestamp":1552547253000,"transferFromAddress":"TXsQ39v5CqfCk7go1dJhn3Yd797Y2x8on5","transferToAddress":"TUyt8qwFCR6rc5m7weuuTvq3o1XZqb9Cs7","amount":732,"tokenName":"1000317","finalResult":"SUCCESS","contractRet":"SUCCESS","confirmed":true,"fromAddressIsContract":false,"toAddressIsContract":false},{"blockId":7477623,"transactionHash":"43cb72a7938398f53cb677f36c7b0654ec79b31653ef8c6a22dc8485e091c37"
12:58:32.312 [TestNG-tests-1] DEBUG org.apache.http.wire -  << "c","timestamp":1552546938000,"transferFromAddress":"TG3UoaqD1ecd98vRcA5LiSSzfWhu8AXJoe","transferToAddress":"TVsu7iRuTWR4gkLR5spj4XjUJYJWS855xo","amount":316,"tokenName":"1000317","finalResult":"SUCCESS","contractRet":"SUCCESS","confirmed":true,"fromAddressIsContract":false,"toAddressIsContract":false},{"blockId":7476650,"transactionHash":"d64b819acc692459340fc55a0993e49251a2f82b44591931be98ea76625a7b86","timestamp":1552544004000,"transferFromAddress":"TAKVE5RBauV3sFbYXZt7vMtLsNQeUQc1vF","transferToAddress":"TNgecdBdYY7ZvMC1p2ycPiyJ1siwHcS6KQ","amount":316,"tokenName":"1000317","finalResult":"SUCCESS","contractRet":"SUCCESS","confirmed":true,"fromAddressIsContract":false,"toAddressIsContract":false},{"blockId":7476555,"transactionHash":"c3957bcd989fbbd29fa7081ae477d65f4006f149334d2d8244496e7fa5cc7106","timestamp":1552543713000,"transferFromAddress":"TPyBd1LMSFQ4B8PGHtTN4iej8zybguT9JM","transferToAddress":"TNgecdBdYY7ZvMC1p2ycPiyJ1siwHcS6KQ","amount":316,"tokenName":"1000317","finalResult":"SUCCESS","contractRet":"SUCCESS","confirmed":true,"fromAddressIsContract":false,"toAddressIsContract":false},{"blockId":7476525,"transactionHash":"e9b9d25fff9c0aa1a073613faf393ef38935f6068c96dad8ae34378295edc9ba","timestamp":1552543623000,"transferFromAddress":"TM8fpjMKPefNsjMkXL9Pr1AvPCmwKJYK7H","transferToAddress":"TNgecdBdYY7ZvMC1p2ycPiyJ1siwHcS6K"
12:58:32.312 [TestNG-tests-1] DEBUG org.apache.http.wire -  << "Q","amount":3161,"tokenName":"1000317","finalResult":"SUCCESS","contractRet":"SUCCESS","confirmed":true,"fromAddressIsContract":false,"toAddressIsContract":false},{"blockId":7476358,"transactionHash":"2b083591716c442399db85c2f0d415cc9357cedd110d9566ffab66bb772a247a","timestamp":1552543113000,"transferFromAddress":"TDQTg5Qx37djroUTBN1reZ5b2vF4Ywe7ae","transferToAddress":"TAKVE5RBauV3sFbYXZt7vMtLsNQeUQc1vF","amount":316,"tokenName":"1000317","finalResult":"SUCCESS","contractRet":"SUCCESS","confirmed":true,"fromAddressIsContract":false,"toAddressIsContract":false},{"blockId":7476193,"transactionHash":"166f55e543262f5bf1d773140de93b951c5ac2ce5f829f2051ec471d9b302a2c","timestamp":1552542609000,"transferFromAddress":"TBe6zxmZbGm7w9EBigTSCWxiTeAsEogS9V","transferToAddress":"TEmELQ1tmrUdhzMYAUUyXBFwNGVubDSM4E","amount":18,"tokenName":"1000317","finalResult":"SUCCESS","contractRet":"SUCCESS","confirmed":true,"fromAddressIsContract":false,"toAddressIsContract":false},{"blockId":7475886,"transactionHash":"a33340b11bddf44b409052c163db35a34db2a7a11dfaf8074d869498f63d0f53","timestamp":1552541682000,"transferFromAddress":"TYkT3A3bXXYYxyVXnufHiXTcLhMY8EFD4n","transferToAddress":"TNawNQqpTQVFKgN2y1YRSDqsfxdihNZTG8","amount":61,"tokenName":"1000317","finalResult":"SUCCESS","contractRet":"SUCCESS","confirmed":true,"fromAddressIsContract":false,"toAddress"
12:58:32.312 [TestNG-tests-1] DEBUG org.apache.http.wire -  << "IsContract":false},{"blockId":7475807,"transactionHash":"1e38683ca958fb083aac6225b9c3aaeda09d5b74ec10e3bb98257834fe51303e","timestamp":1552541436000,"transferFromAddress":"TAKVE5RBauV3sFbYXZt7vMtLsNQeUQc1vF","transferToAddress":"TPeKeXVek2ABDMi2icSdWrSas72gaPUe2B","amount":316,"tokenName":"1000317","finalResult":"SUCCESS","contractRet":"SUCCESS","confirmed":true,"fromAddressIsContract":false,"toAddressIsContract":false},{"blockId":7475807,"transactionHash":"9c3800e3f6ad14ebe3d85fbfb312fc433afbba2a4b09b3c4d5edc5738ac67141","timestamp":1552541436000,"transferFromAddress":"TMqVRgoCbKvcZcSmNaUADFsnKpyPRxHnEm","transferToAddress":"TBe6zxmZbGm7w9EBigTSCWxiTeAsEogS9V","amount":18,"tokenName":"1000317","finalResult":"SUCCESS","contractRet":"SUCCESS","confirmed":true,"fromAddressIsContract":false,"toAddressIsContract":false},{"blockId":7475717,"transactionHash":"c9b3775982e429260bd112499c58f42857986f0b97a6e819819e3745827cf56f","timestamp":1552541166000,"transferFromAddress":"TKDTiQCEqXdR7QzwgVW7fLECyzRcUT9Kkg","transferToAddress":"TFj7eBaeNAio9MxF3oLYg9vLS5Z83VuCQb","amount":316,"tokenName":"1000317","finalResult":"SUCCESS","contractRet":"SUCCESS","confirmed":true,"fromAddressIsContract":false,"toAddressIsContract":false},{"blockId":7475566,"transactionHash":"998762025707e3225aeeaf66c9ea061fbf6c715c8950c73423bab6e3c16db82c","timestamp":1552540701000,"transferFromAddress":"TPaVoERvjAAjcdwmUEKR8LHe6m87o6A5KR","transferToAddress":"TNgecdBdYY7ZvMC1p2ycPiyJ1siwHcS6KQ","amount":316,"tokenName":"1000317","finalResult":"SUCCESS","contractRet":"SUCCESS","confirmed":true,"fromAddressIsContract":false,"toAddressIsContract":false},{"blockId":7475432,"transactionHash":"dc6bb09f25de2c0a2f503e08272993c673ae7d6adb9f334faa3e6358ad94a72f","timestamp":1552540293000,"transferFromAddress":"TP8p2si4St1ZQ55urgk24WhPjV4jK9jQtN","transferToAddress":"TNgecdBdYY7ZvMC1p2ycPiyJ1siwHcS6KQ","amount":316,"tokenName":"1000317","finalResult":"SUCCESS","contractRet":"SUCCESS","confirmed":true,"fromAddressIsContract":false,"toAddressIsContract":false},{"blockId":7475396,"transactionHash":"714c5cc480e7393225bbe263a68329275ee8a18922cec5f6b0a73226aab40533","timestamp":1552540185000,"transferFromAddress":"TRkGwb8eafWhR7jYCVwFuKsnUMAEXA1pPy","transferToAddress":"TNgecdBdYY7ZvMC1p2ycPiyJ1siwHcS6KQ","amount":3,"tokenName":"1000317","finalResult":"SUCCESS","contractRet":"SUCCESS","confirmed":true,"fromAddressIsContract":false,"toAddressIsContract":false},{"blockId":7475140,"transactionHash":"370d43771d5e51a98e2016de1e9a2e97b8e61ec49be37405dac6a99abcb67b48","timestamp":1552539411000,"transferFromAddress":"TCqX3w4ndHCmHFX7DgYG5PL3kHnX2toiNN","transferToAddress":"TNgecdBdYY7ZvMC1p2ycPiyJ1siwHcS6KQ","amount":316,"tokenName":"1000317","finalResult":"SUCCESS","contractRet":"SUCCESS","confirmed":true,"fromAddressIsContract":false,"toAddressIsContract":false},{"blockId":7475096,"transactionHash":"cbeeacb3967b1b14a7f68c1c30039aba8495481f9d2b8301a45b8dcf888f5f08","timestamp":1552539273000,"transferFromAddress":"THjud5R6JJAdQzWshSS98QxhPyUSauUw4F","transferToAddress":"TP8p2si4St1ZQ55urgk24WhPjV4jK9jQtN","amount":316,"tokenName":"1000317","finalResult":"SUCCESS","contractRet":"SUCCESS","confirmed":true,"fromAddressIsContract":false,"toAddressIsContract":false},{"blockId":7475044,"transactionHash":"39f7fd59c6c0db62b9cdb058df8f60715d308e2a2455f95614ccdb4dbea2bdff","timestamp":1552539117000,"transferFromAddress":"TBfUDqRhJTuSeVsR8Nj4SZEVVisuAobwp9","transferToAddress":"TPaVoERvjAAjcdwmUEKR8LHe6m87o6A5KR","amount":316,"tokenName":"1000317","finalResult":"SUCCESS","contractRet":"SUCCESS","confirmed":true,"fromAddressIsContract":false,"toAddressIsContract":false},{"blockId":7474963,"transactionHash":"0de18442fb6c441e7be5b90c32b190513978686166f746f2fed0eb836ecfd75b","timestamp":1552538874000,"transferFromAddress":"TQBMZSfSDLbTRhMbHeGS6Q7m6GiXD9VC2Z","transferToAddress":"TAxRuqVnnt5MacfxYixStK6oWNwG6537Pm","amount":1,"tokenName":"1000317","finalResult":"SUCCESS","contractRet":"SUCCESS","confirmed":true,"fromAddressIsContract":false,"toAddressIsContract":false}]}[\n]"
12:58:32.313 [TestNG-tests-1] DEBUG org.apache.http.impl.conn.DefaultClientConnection - Connection 0.0.0.0:61242<->18.216.178.128:80 closed
12:58:32.313 [TestNG-tests-1] DEBUG org.apache.http.impl.conn.PoolingClientConnectionManager - Connection released: [id: 47][route: {}->http://apilist.tronscan.org:80][total kept alive: 0; route allocated: 0 of 80; total allocated: 0 of 100]
12:58:32.313 [TestNG-tests-1] INFO tron.common.TronscanApiList - ----------------------------Print JSON Start---------------------------
12:58:32.313 [TestNG-tests-1] INFO tron.common.TronscanApiList - total:2400
12:58:32.313 [TestNG-tests-1] INFO tron.common.TronscanApiList - rangeTotal:277410
12:58:32.313 [TestNG-tests-1] INFO tron.common.TronscanApiList - Data:[{"blockId":7478387,"contractRet":"SUCCESS","toAddressIsContract":true,"amount":316,"transferFromAddress":"TFFWbnGeNSPTxfkcKrzwDWbTRUaPjaim4q","fromAddressIsContract":false,"tokenName":"1000317","transferToAddress":"TVQ6jYV5yTtRsKcD8aRc1a4Kei4V45ixLn","confirmed":true,"transactionHash":"0b8ba361468bde5ee2d5fd0bb33dad394bf7818586f9197b36db9c4ea65f0684","timestamp":1552549266000,"finalResult":"SUCCESS"},{"blockId":7477730,"contractRet":"SUCCESS","toAddressIsContract":false,"amount":316,"transferFromAddress":"TVsu7iRuTWR4gkLR5spj4XjUJYJWS855xo","fromAddressIsContract":false,"tokenName":"1000317","transferToAddress":"TNgecdBdYY7ZvMC1p2ycPiyJ1siwHcS6KQ","confirmed":true,"transactionHash":"158f9d1ccbc587f470e49403b5bc1638c86705b29ca447d2aa56223a2bc559c8","timestamp":1552547265000,"finalResult":"SUCCESS"},{"blockId":7477726,"contractRet":"SUCCESS","toAddressIsContract":false,"amount":732,"transferFromAddress":"TXsQ39v5CqfCk7go1dJhn3Yd797Y2x8on5","fromAddressIsContract":false,"tokenName":"1000317","transferToAddress":"TUyt8qwFCR6rc5m7weuuTvq3o1XZqb9Cs7","confirmed":true,"transactionHash":"eec60cf593ed22b45e2d5e330c8914d8d9330d1ac7887644da9dda95c811fecc","timestamp":1552547253000,"finalResult":"SUCCESS"},{"blockId":7477623,"contractRet":"SUCCESS","toAddressIsContract":false,"amount":316,"transferFromAddress":"TG3UoaqD1ecd98vRcA5LiSSzfWhu8AXJoe","fromAddressIsContract":false,"tokenName":"1000317","transferToAddress":"TVsu7iRuTWR4gkLR5spj4XjUJYJWS855xo","confirmed":true,"transactionHash":"43cb72a7938398f53cb677f36c7b0654ec79b31653ef8c6a22dc8485e091c37c","timestamp":1552546938000,"finalResult":"SUCCESS"},{"blockId":7476650,"contractRet":"SUCCESS","toAddressIsContract":false,"amount":316,"transferFromAddress":"TAKVE5RBauV3sFbYXZt7vMtLsNQeUQc1vF","fromAddressIsContract":false,"tokenName":"1000317","transferToAddress":"TNgecdBdYY7ZvMC1p2ycPiyJ1siwHcS6KQ","confirmed":true,"transactionHash":"d64b819acc692459340fc55a0993e49251a2f82b44591931be98ea76625a7b86","timestamp":1552544004000,"finalResult":"SUCCESS"},{"blockId":7476555,"contractRet":"SUCCESS","toAddressIsContract":false,"amount":316,"transferFromAddress":"TPyBd1LMSFQ4B8PGHtTN4iej8zybguT9JM","fromAddressIsContract":false,"tokenName":"1000317","transferToAddress":"TNgecdBdYY7ZvMC1p2ycPiyJ1siwHcS6KQ","confirmed":true,"transactionHash":"c3957bcd989fbbd29fa7081ae477d65f4006f149334d2d8244496e7fa5cc7106","timestamp":1552543713000,"finalResult":"SUCCESS"},{"blockId":7476525,"contractRet":"SUCCESS","toAddressIsContract":false,"amount":3161,"transferFromAddress":"TM8fpjMKPefNsjMkXL9Pr1AvPCmwKJYK7H","fromAddressIsContract":false,"tokenName":"1000317","transferToAddress":"TNgecdBdYY7ZvMC1p2ycPiyJ1siwHcS6KQ","confirmed":true,"transactionHash":"e9b9d25fff9c0aa1a073613faf393ef38935f6068c96dad8ae34378295edc9ba","timestamp":1552543623000,"finalResult":"SUCCESS"},{"blockId":7476358,"contractRet":"SUCCESS","toAddressIsContract":false,"amount":316,"transferFromAddress":"TDQTg5Qx37djroUTBN1reZ5b2vF4Ywe7ae","fromAddressIsContract":false,"tokenName":"1000317","transferToAddress":"TAKVE5RBauV3sFbYXZt7vMtLsNQeUQc1vF","confirmed":true,"transactionHash":"2b083591716c442399db85c2f0d415cc9357cedd110d9566ffab66bb772a247a","timestamp":1552543113000,"finalResult":"SUCCESS"},{"blockId":7476193,"contractRet":"SUCCESS","toAddressIsContract":false,"amount":18,"transferFromAddress":"TBe6zxmZbGm7w9EBigTSCWxiTeAsEogS9V","fromAddressIsContract":false,"tokenName":"1000317","transferToAddress":"TEmELQ1tmrUdhzMYAUUyXBFwNGVubDSM4E","confirmed":true,"transactionHash":"166f55e543262f5bf1d773140de93b951c5ac2ce5f829f2051ec471d9b302a2c","timestamp":1552542609000,"finalResult":"SUCCESS"},{"blockId":7475886,"contractRet":"SUCCESS","toAddressIsContract":false,"amount":61,"transferFromAddress":"TYkT3A3bXXYYxyVXnufHiXTcLhMY8EFD4n","fromAddressIsContract":false,"tokenName":"1000317","transferToAddress":"TNawNQqpTQVFKgN2y1YRSDqsfxdihNZTG8","confirmed":true,"transactionHash":"a33340b11bddf44b409052c163db35a34db2a7a11dfaf8074d869498f63d0f53","timestamp":1552541682000,"finalResult":"SUCCESS"},{"blockId":7475807,"contractRet":"SUCCESS","toAddressIsContract":false,"amount":316,"transferFromAddress":"TAKVE5RBauV3sFbYXZt7vMtLsNQeUQc1vF","fromAddressIsContract":false,"tokenName":"1000317","transferToAddress":"TPeKeXVek2ABDMi2icSdWrSas72gaPUe2B","confirmed":true,"transactionHash":"1e38683ca958fb083aac6225b9c3aaeda09d5b74ec10e3bb98257834fe51303e","timestamp":1552541436000,"finalResult":"SUCCESS"},{"blockId":7475807,"contractRet":"SUCCESS","toAddressIsContract":false,"amount":18,"transferFromAddress":"TMqVRgoCbKvcZcSmNaUADFsnKpyPRxHnEm","fromAddressIsContract":false,"tokenName":"1000317","transferToAddress":"TBe6zxmZbGm7w9EBigTSCWxiTeAsEogS9V","confirmed":true,"transactionHash":"9c3800e3f6ad14ebe3d85fbfb312fc433afbba2a4b09b3c4d5edc5738ac67141","timestamp":1552541436000,"finalResult":"SUCCESS"},{"blockId":7475717,"contractRet":"SUCCESS","toAddressIsContract":false,"amount":316,"transferFromAddress":"TKDTiQCEqXdR7QzwgVW7fLECyzRcUT9Kkg","fromAddressIsContract":false,"tokenName":"1000317","transferToAddress":"TFj7eBaeNAio9MxF3oLYg9vLS5Z83VuCQb","confirmed":true,"transactionHash":"c9b3775982e429260bd112499c58f42857986f0b97a6e819819e3745827cf56f","timestamp":1552541166000,"finalResult":"SUCCESS"},{"blockId":7475566,"contractRet":"SUCCESS","toAddressIsContract":false,"amount":316,"transferFromAddress":"TPaVoERvjAAjcdwmUEKR8LHe6m87o6A5KR","fromAddressIsContract":false,"tokenName":"1000317","transferToAddress":"TNgecdBdYY7ZvMC1p2ycPiyJ1siwHcS6KQ","confirmed":true,"transactionHash":"998762025707e3225aeeaf66c9ea061fbf6c715c8950c73423bab6e3c16db82c","timestamp":1552540701000,"finalResult":"SUCCESS"},{"blockId":7475432,"contractRet":"SUCCESS","toAddressIsContract":false,"amount":316,"transferFromAddress":"TP8p2si4St1ZQ55urgk24WhPjV4jK9jQtN","fromAddressIsContract":false,"tokenName":"1000317","transferToAddress":"TNgecdBdYY7ZvMC1p2ycPiyJ1siwHcS6KQ","confirmed":true,"transactionHash":"dc6bb09f25de2c0a2f503e08272993c673ae7d6adb9f334faa3e6358ad94a72f","timestamp":1552540293000,"finalResult":"SUCCESS"},{"blockId":7475396,"contractRet":"SUCCESS","toAddressIsContract":false,"amount":3,"transferFromAddress":"TRkGwb8eafWhR7jYCVwFuKsnUMAEXA1pPy","fromAddressIsContract":false,"tokenName":"1000317","transferToAddress":"TNgecdBdYY7ZvMC1p2ycPiyJ1siwHcS6KQ","confirmed":true,"transactionHash":"714c5cc480e7393225bbe263a68329275ee8a18922cec5f6b0a73226aab40533","timestamp":1552540185000,"finalResult":"SUCCESS"},{"blockId":7475140,"contractRet":"SUCCESS","toAddressIsContract":false,"amount":316,"transferFromAddress":"TCqX3w4ndHCmHFX7DgYG5PL3kHnX2toiNN","fromAddressIsContract":false,"tokenName":"1000317","transferToAddress":"TNgecdBdYY7ZvMC1p2ycPiyJ1siwHcS6KQ","confirmed":true,"transactionHash":"370d43771d5e51a98e2016de1e9a2e97b8e61ec49be37405dac6a99abcb67b48","timestamp":1552539411000,"finalResult":"SUCCESS"},{"blockId":7475096,"contractRet":"SUCCESS","toAddressIsContract":false,"amount":316,"transferFromAddress":"THjud5R6JJAdQzWshSS98QxhPyUSauUw4F","fromAddressIsContract":false,"tokenName":"1000317","transferToAddress":"TP8p2si4St1ZQ55urgk24WhPjV4jK9jQtN","confirmed":true,"transactionHash":"cbeeacb3967b1b14a7f68c1c30039aba8495481f9d2b8301a45b8dcf888f5f08","timestamp":1552539273000,"finalResult":"SUCCESS"},{"blockId":7475044,"contractRet":"SUCCESS","toAddressIsContract":false,"amount":316,"transferFromAddress":"TBfUDqRhJTuSeVsR8Nj4SZEVVisuAobwp9","fromAddressIsContract":false,"tokenName":"1000317","transferToAddress":"TPaVoERvjAAjcdwmUEKR8LHe6m87o6A5KR","confirmed":true,"transactionHash":"39f7fd59c6c0db62b9cdb058df8f60715d308e2a2455f95614ccdb4dbea2bdff","timestamp":1552539117000,"finalResult":"SUCCESS"},{"blockId":7474963,"contractRet":"SUCCESS","toAddressIsContract":false,"amount":1,"transferFromAddress":"TQBMZSfSDLbTRhMbHeGS6Q7m6GiXD9VC2Z","fromAddressIsContract":false,"tokenName":"1000317","transferToAddress":"TAxRuqVnnt5MacfxYixStK6oWNwG6537Pm","confirmed":true,"transactionHash":"0de18442fb6c441e7be5b90c32b190513978686166f746f2fed0eb836ecfd75b","timestamp":1552538874000,"finalResult":"SUCCESS"}]
12:58:32.313 [TestNG-tests-1] INFO tron.common.TronscanApiList - JSON content size are: 3
12:58:32.313 [TestNG-tests-1] INFO tron.common.TronscanApiList - ----------------------------Print JSON End-----------------------------
]]></system-out>
  <system-err><![CDATA[]]></system-err>
</testsuite>
