<?xml version="1.0" encoding="UTF-8"?>
<testsuite name="tron.tronscan.api.SingleProposalList" tests="1" skipped="0" failures="0" errors="0" timestamp="2020-03-27T04:57:57" hostname="zhukaideiMac.local" time="0.818">
  <properties/>
  <testcase name="test01getSingleProposalList" classname="tron.tronscan.api.SingleProposalList" time="0.818"/>
  <system-out><![CDATA[12:57:57.726 [TestNG-tests-1] DEBUG org.apache.http.impl.conn.PoolingClientConnectionManager - Connection request: [route: {}->http://apilist.tronscan.org:80][total kept alive: 0; route allocated: 0 of 80; total allocated: 0 of 100]
12:57:57.726 [TestNG-tests-1] DEBUG org.apache.http.impl.conn.PoolingClientConnectionManager - Connection leased: [id: 40][route: {}->http://apilist.tronscan.org:80][total kept alive: 0; route allocated: 1 of 80; total allocated: 1 of 100]
12:57:57.726 [TestNG-tests-1] DEBUG org.apache.http.impl.conn.DefaultClientConnectionOperator - Connecting to apilist.tronscan.org:80
12:57:57.963 [TestNG-tests-1] DEBUG org.apache.http.client.protocol.RequestAddCookies - CookieSpec selected: default
12:57:57.963 [TestNG-tests-1] DEBUG org.apache.http.client.protocol.RequestAuthCache - Auth cache not set in the context
12:57:57.963 [TestNG-tests-1] DEBUG org.apache.http.client.protocol.RequestTargetAuthentication - Target auth state: UNCHALLENGED
12:57:57.963 [TestNG-tests-1] DEBUG org.apache.http.client.protocol.RequestProxyAuthentication - Proxy auth state: UNCHALLENGED
12:57:57.963 [TestNG-tests-1] DEBUG org.apache.http.impl.client.DefaultHttpClient - Attempt 1 to execute request
12:57:57.963 [TestNG-tests-1] DEBUG org.apache.http.impl.conn.DefaultClientConnection - Sending request: GET /api/proposal?id=16 HTTP/1.1
12:57:57.963 [TestNG-tests-1] DEBUG org.apache.http.wire -  >> "GET /api/proposal?id=16 HTTP/1.1[\r][\n]"
12:57:57.963 [TestNG-tests-1] DEBUG org.apache.http.wire -  >> "Content-type: application/json; charset=utf-8[\r][\n]"
12:57:57.963 [TestNG-tests-1] DEBUG org.apache.http.wire -  >> "Connection: Close[\r][\n]"
12:57:57.963 [TestNG-tests-1] DEBUG org.apache.http.wire -  >> "Host: apilist.tronscan.org[\r][\n]"
12:57:57.963 [TestNG-tests-1] DEBUG org.apache.http.wire -  >> "User-Agent: Apache-HttpClient/4.5.3 (Java/1.8.0_211)[\r][\n]"
12:57:57.963 [TestNG-tests-1] DEBUG org.apache.http.wire -  >> "[\r][\n]"
12:57:57.963 [TestNG-tests-1] DEBUG org.apache.http.headers - >> GET /api/proposal?id=16 HTTP/1.1
12:57:57.963 [TestNG-tests-1] DEBUG org.apache.http.headers - >> Content-type: application/json; charset=utf-8
12:57:57.963 [TestNG-tests-1] DEBUG org.apache.http.headers - >> Connection: Close
12:57:57.963 [TestNG-tests-1] DEBUG org.apache.http.headers - >> Host: apilist.tronscan.org
12:57:57.963 [TestNG-tests-1] DEBUG org.apache.http.headers - >> User-Agent: Apache-HttpClient/4.5.3 (Java/1.8.0_211)
12:57:58.279 [TestNG-tests-1] DEBUG org.apache.http.wire -  << "HTTP/1.1 200 OK[\r][\n]"
12:57:58.279 [TestNG-tests-1] DEBUG org.apache.http.wire -  << "Server: nginx[\r][\n]"
12:57:58.279 [TestNG-tests-1] DEBUG org.apache.http.wire -  << "Date: Fri, 27 Mar 2020 04:57:58 GMT[\r][\n]"
12:57:58.279 [TestNG-tests-1] DEBUG org.apache.http.wire -  << "Content-Type: application/json;charset=utf-8[\r][\n]"
12:57:58.279 [TestNG-tests-1] DEBUG org.apache.http.wire -  << "Content-Length: 16112[\r][\n]"
12:57:58.279 [TestNG-tests-1] DEBUG org.apache.http.wire -  << "Connection: close[\r][\n]"
12:57:58.279 [TestNG-tests-1] DEBUG org.apache.http.wire -  << "Vary: Accept-Encoding[\r][\n]"
12:57:58.279 [TestNG-tests-1] DEBUG org.apache.http.wire -  << "Access-Control-Allow-Origin: *[\r][\n]"
12:57:58.279 [TestNG-tests-1] DEBUG org.apache.http.wire -  << "Access-Control-Allow-Headers: DNT,X-Mx-ReqToken,Keep-Alive,User-Agent,X-Requested-With,If-Modified-Since,Cache-Control,Content-Type,Authorization[\r][\n]"
12:57:58.279 [TestNG-tests-1] DEBUG org.apache.http.wire -  << "Access-Control-Allow-Methods: GET,POST,PUT,DELETE,OPTIONS[\r][\n]"
12:57:58.279 [TestNG-tests-1] DEBUG org.apache.http.wire -  << "X-Proxy-Cache: MISS[\r][\n]"
12:57:58.279 [TestNG-tests-1] DEBUG org.apache.http.wire -  << "[\r][\n]"
12:57:58.279 [TestNG-tests-1] DEBUG org.apache.http.impl.conn.DefaultClientConnection - Receiving response: HTTP/1.1 200 OK
12:57:58.279 [TestNG-tests-1] DEBUG org.apache.http.headers - << HTTP/1.1 200 OK
12:57:58.279 [TestNG-tests-1] DEBUG org.apache.http.headers - << Server: nginx
12:57:58.279 [TestNG-tests-1] DEBUG org.apache.http.headers - << Date: Fri, 27 Mar 2020 04:57:58 GMT
12:57:58.279 [TestNG-tests-1] DEBUG org.apache.http.headers - << Content-Type: application/json;charset=utf-8
12:57:58.279 [TestNG-tests-1] DEBUG org.apache.http.headers - << Content-Length: 16112
12:57:58.279 [TestNG-tests-1] DEBUG org.apache.http.headers - << Connection: close
12:57:58.279 [TestNG-tests-1] DEBUG org.apache.http.headers - << Vary: Accept-Encoding
12:57:58.279 [TestNG-tests-1] DEBUG org.apache.http.headers - << Access-Control-Allow-Origin: *
12:57:58.279 [TestNG-tests-1] DEBUG org.apache.http.headers - << Access-Control-Allow-Headers: DNT,X-Mx-ReqToken,Keep-Alive,User-Agent,X-Requested-With,If-Modified-Since,Cache-Control,Content-Type,Authorization
12:57:58.279 [TestNG-tests-1] DEBUG org.apache.http.headers - << Access-Control-Allow-Methods: GET,POST,PUT,DELETE,OPTIONS
12:57:58.279 [TestNG-tests-1] DEBUG org.apache.http.headers - << X-Proxy-Cache: MISS
http://apilist.tronscan.org/api/proposal?id=16 请求总耗时：553 毫秒
12:57:58.279 [TestNG-tests-1] INFO tron.tronscan.api.SingleProposalList - code is 200
12:57:58.279 [TestNG-tests-1] DEBUG org.apache.http.wire -  << "{"proposalId":16,"proposer":{"producePercentage":98.42101945113939,"address":"TEKUPpjTMKWw9LJZ9YJ4enhCjAmVXSL7M6","latestSlotNumber":5.21575194E8,"url":"http://www.lianjinshu.com","latestBlockNumber":1.1497746E7,"producedTotal":405906.0,"name":"lianjinshu","producer":false,"votes":6265075,"missedTotal":6512.0,"producedTrx":0,"votesPercentage":0.025838089893874806},"paramters":[{"value":1,"key":16}],"expirationTime":1547704800000,"createTime":1547443404000,"approveSelf":false,"typeApprovals":{"candidate":[],"partner":[],"sr":[{"producePercentage":98.42101945113939,"address":"TEKUPpjTMKWw9LJZ9YJ4enhCjAmVXSL7M6","latestSlotNumber":5.21575194E8,"url":"http://www.lianjinshu.com","latestBlockNumber":1.1497746E7,"producedTotal":405906.0,"name":"lianjinshu","producer":false,"votes":6265075,"missedTotal":6512.0,"producedTrx":0,"votesPercentage":0.025838089893874806},{"producePercentage":99.72781769820159,"address":"TFA1qpUkQ1yBDw4pgZKx25wEZAqkjGoZo1","latestSlotNumber":5.28428301E8,"url":"https://twitter.com/justinsuntron","latestBlockNumber":1.8340803E7,"producedTotal":628011.0,"name":"JustinSunTron","producer":true,"votes":311446630,"missedTotal":1714.0,"producedTrx":0,"votesPercentage":1.2844516662744447},{"producePercentage":99.02021463966287,"address":"TYVJ8JuQ6ctzCa2u79MFmvvNQ1U2tYQEUM","latestSlotNumber":5.25232781E8,"url":"http://tronone.com","latestBlockNumber":1.5149942E7,"producedTotal":518353.0,"name":"TRON-ONE","producer":false,"votes":46899291,"missedTotal":5129.0,"producedTrx":0,"votesPercentage":0.19341956749392364},{"producePercentage":99.559248824381,"address":"TV9QitxEJ3pdiAUAfJ2QuPxLKp9qTTR3og","latestSlotNumber":5.28428315E8,"url":"https://www.bitguild.com","latestBlockNumber":1.8340817E7,"producedTotal":587302.0,"name":"BitGuild","producer":true,"votes":717572645,"missedTotal":2600.0,"producedTrx":0,"votesPercentage":2.959375028534457},{"producePercentage":99.64979360077398,"address":"TKSXDA8HfE9E1y39RczVQ1ZascUEtaSToF","latestSlotNumber":5.28428299E8,"url":"http://cryptochain.network","latestBlockNumber":1.8340801E7,"producedTotal":644781.0,"name":"CryptoChain","producer":true,"votes":316549660,"missedTotal":2266.0,"producedTrx":0,"votesPercentage":1.3054973118367308},{"producePercentage":99.40907431398858,"address":"TSNbzxac4WhxN91XvaUfPTKP2jNT18mP6T","latestSlotNumber":5.28428303E8,"url":"https://www.bittorrent.com/","latestBlockNumber":1.8340805E7,"producedTotal":645315.0,"name":"BitTorrent","producer":true,"votes":297079432,"missedTotal":3836.0,"producedTrx":0,"votesPercentage":1.225199230597761},{"producePercentage":99.00614905199443,"address":"TSbhZijH2t7Qn1UAHAu7PBHQdVAvRwSyYr","latestSlotNumber":5.18464799E8,"url":"https://www.iggalaxy.com","la"
12:57:58.279 [TestNG-tests-1] DEBUG org.apache.http.wire -  << "testBlockNumber":8416221.0,"producedTotal":154409.0,"name":"Intergalactic-Gaming","producer":false,"votes":6086168,"missedTotal":1550.0,"producedTrx":0,"votesPercentage":0.025100251137173017},{"producePercentage":99.64490380523401,"address":"TTcYhypP8m4phDhN6oRexz2174zAerjEWP","latestSlotNumber":5.28428319E8,"url":"https://www.cryptoguyinza.co.za/","latestBlockNumber":1.8340821E7,"producedTotal":653269.0,"name":"CryptoGuyInZA","producer":true,"votes":382448060,"missedTotal":2328.0,"producedTrx":0,"votesPercentage":1.5772719965871158},{"producePercentage":99.03690739388165,"address":"TPRxUBEakukBMwTScCHgvCPSBYk5UhfboJ","latestSlotNumber":5.2408798E8,"url":"http://www.cryptodiva.io/","latestBlockNumber":1.4005616E7,"producedTotal":503055.0,"name":"CryptoDivaSR","producer":false,"votes":1840665,"missedTotal":4892.0,"producedTrx":0,"votesPercentage":0.007591172928418107},{"producePercentage":99.571136827774,"address":"TN2MEB71iox2mDwwngdTrUyUZXeENcb79F","latestSlotNumber":5.27032788E8,"url":"https://www.tron-europe.org","latestBlockNumber":1.6947364E7,"producedTotal":438810.0,"name":"SR-TRON-Europe","producer":false,"votes":169410377,"missedTotal":1890.0,"producedTrx":0,"votesPercentage":0.6986732880103145},{"producePercentage":99.63845358596802,"address":"TNaJADoq1u2atryP1ZzwvmEE4ZBELXfMqw","latestSlotNumber":5.28428305E8,"url":"http://zempty.peiwo.cn/","latestBlockNumber":1.8340807E7,"producedTotal":511770.0,"name":"callmeSR","producer":true,"votes":295527279,"missedTotal":1857.0,"producedTrx":0,"votesPercentage":1.218797923551469},{"producePercentage":99.57515373981028,"address":"TPMGfspxLQGom8sKutrbHcDKtHjRHFbGKw","latestSlotNumber":5.28428322E8,"url":"https://infstones.io/","latestBlockNumber":1.8340824E7,"producedTotal":522197.0,"name":"Infinity-Stones","producer":true,"votes":331328946,"missedTotal":2228.0,"producedTrx":0,"votesPercentage":1.366449258977872},{"producePercentage":99.77451211951227,"address":"TE7hnUtWRRBz3SkFrX8JESWUmEvxxAhoPt","latestSlotNumber":5.28428312E8,"url":"https://www.tronwallet.me/","latestBlockNumber":1.8340814E7,"producedTotal":540714.0,"name":"TronWalletMe","producer":true,"votes":287498369,"missedTotal":1222.0,"producedTrx":0,"votesPercentage":1.1856855189386224},{"producePercentage":99.3357973110504,"address":"TSzoLaVCdSNDpNxgChcFt9rSRF5wWAZiR4","latestSlotNumber":5.28428304E8,"url":"http://trx.market","latestBlockNumber":1.8340806E7,"producedTotal":611985.0,"name":"TRXMarket","producer":true,"votes":296064343,"missedTotal":4092.0,"producedTrx":0,"votesPercentage":1.2210128544039751},{"producePercentage":99.69627836667317,"address":"TY65QiDt4hLTMpf3WRzcX357BnmdxT2sw9","latestSlotNumber":5.28428323E8,"url":"https://www.utorrent.com/""
12:57:58.280 [TestNG-tests-1] DEBUG org.apache.http.wire -  << ","latestBlockNumber":1.8340825E7,"producedTotal":645009.0,"name":"uTorrent","producer":true,"votes":330853949,"missedTotal":1965.0,"producedTrx":0,"votesPercentage":1.3644903015535281},{"producePercentage":98.57857284741128,"address":"TQwqK8LhHGria5gkkfCVqQfE5mSwpvdp3B","latestSlotNumber":5.18255974E8,"url":"https://tron-society.com","latestBlockNumber":8208429.0,"producedTotal":168733.0,"name":"Tron-Society","producer":false,"votes":30699903,"missedTotal":2433.0,"producedTrx":0,"votesPercentage":0.12661091103414354},{"producePercentage":99.70984621379827,"address":"TTW663tQYJTTCtHh6DWKAfexRhPMf2DxQ1","latestSlotNumber":5.284283E8,"url":"http://tronalliance.org","latestBlockNumber":1.8340802E7,"producedTotal":424745.0,"name":"TRONALLIANCE","producer":true,"votes":311978679,"missedTotal":1236.0,"producedTrx":0,"votesPercentage":1.2866459145300435},{"producePercentage":99.0132693036775,"address":"TV6qcwSp38uESiDczxxb7zbJX1h2LfDs78","latestSlotNumber":5.16002399E8,"url":"Tronstronics","latestBlockNumber":5971325.0,"producedTotal":195873.0,"name":"TronsTronics","producer":false,"votes":6402656,"missedTotal":1952.0,"producedTrx":0,"votesPercentage":0.02640549415410939},{"producePercentage":99.73090323188148,"address":"TVa6MF7SgZa8PToLoQ9PNq6KQHyTXLBz1p","latestSlotNumber":5.28428306E8,"url":"http://krypto-knight.us/","latestBlockNumber":1.8"
12:57:58.280 [TestNG-tests-1] DEBUG org.apache.http.wire -  << "340808E7,"producedTotal":476609.0,"name":"KryptoKnight","producer":true,"votes":295241924,"missedTotal":1286.0,"producedTrx":0,"votesPercentage":1.2176210776012344},{"producePercentage":98.7338106812906,"address":"TJ2aDMgeipmoZRuUEru2ri8t7TGkxnm6qY","latestSlotNumber":5.28428311E8,"url":"https://www.huobipool.com","latestBlockNumber":1.8340813E7,"producedTotal":613758.0,"name":"Huobi_pool","producer":true,"votes":287939588,"missedTotal":7871.0,"producedTrx":0,"votesPercentage":1.1875051709276068},{"producePercentage":99.39076958445888,"address":"TVFKwzE8qeETLaZEHMx2tjEsdnujAgAWaA","latestSlotNumber":5.28428325E8,"url":"http://blockchain.org","latestBlockNumber":1.8340827E7,"producedTotal":432325.0,"name":"BlockchainOrg","producer":true,"votes":317451639,"missedTotal":2650.0,"producedTrx":0,"votesPercentage":1.3092172057700655},{"producePercentage":99.07332301933677,"address":"TSRmKPv8kvokcHKfLeySQ3gNHyYrAAXrnc","latestSlotNumber":5.18435979E8,"url":"http://dapps.house","latestBlockNumber":8387532.0,"producedTotal":250389.0,"name":"DAPPHOUSE","producer":false,"votes":100570,"missedTotal":2342.0,"producedTrx":0,"votesPercentage":4.1476545781606597E-4},{"producePercentage":99.13681772974898,"address":"TTuT2AG5q37f74zra7PjAApUmyVaXmFvC4","latestSlotNumber":5.18572799E8,"url":"http://raybo.com","latestBlockNumber":8523378.0,"producedTotal":267142.0,"name":"RayboTron","producer":false,"votes":74940,"missedTotal":2326.0,"producedTrx":0,"votesPercentage":3.090635717285073E-4}]},"approvals":[{"producePercentage":98.42101945113939,"address":"TEKUPpjTMKWw9LJZ9YJ4enhCjAmVXSL7M6","latestSlotNumber":5.21575194E8,"url":"http://www.lianjinshu.com","latestBlockNumber":1.1497746E7,"producedTotal":405906.0,"name":"lianjinshu","producer":false,"votes":6265075,"missedTotal":6512.0,"producedTrx":0,"votesPercentage":0.025838089893874806},{"producePercentage":99.72781769820159,"address":"TFA1qpUkQ1yBDw4pgZKx25wEZAqkjGoZo1","latestSlotNumber":5.28428301E8,"url":"https://twitter.com/justinsuntron","latestBlockNumber":1.8340803E7,"producedTotal":628011.0,"name":"JustinSunTron","producer":true,"votes":311446630,"missedTotal":1714.0,"producedTrx":0,"votesPercentage":1.2844516662744447},{"producePercentage":99.02021463966287,"address":"TYVJ8JuQ6ctzCa2u79MFmvvNQ1U2tYQEUM","latestSlotNumber":5.25232781E8,"url":"http://tronone.com","latestBlockNumber":1.5149942E7,"producedTotal":518353.0,"name":"TRON-ONE","producer":false,"votes":46899291,"missedTotal":5129.0,"producedTrx":0,"votesPercentage":0.19341956749392364},{"producePercentage":99.559248824381,"address":"TV9QitxEJ3pdiAUAfJ2QuPxLKp9qTTR3og","latestSlotNumber":5.28428315E8,"url":"https://www.bitguild.com","latestBlockNumber":1.8340817E7,"produc"
12:57:58.280 [TestNG-tests-1] DEBUG org.apache.http.wire -  << "edTotal":587302.0,"name":"BitGuild","producer":true,"votes":717572645,"missedTotal":2600.0,"producedTrx":0,"votesPercentage":2.959375028534457},{"producePercentage":99.64979360077398,"address":"TKSXDA8HfE9E1y39RczVQ1ZascUEtaSToF","latestSlotNumber":5.28428299E8,"url":"http://cryptochain.network","latestBlockNumber":1.8340801E7,"producedTotal":644781.0,"name":"CryptoChain","producer":true,"votes":316549660,"missedTotal":2266.0,"producedTrx":0,"votesPercentage":1.3054973118367308},{"producePercentage":99.40907431398858,"address":"TSNbzxac4WhxN91XvaUfPTKP2jNT18mP6T","latestSlotNumber":5.28428303E8,"url":"https://www.bittorrent.com/","latestBlockNumber":1.8340805E7,"producedTotal":645315.0,"name":"BitTorrent","producer":true,"votes":297079432,"missedTotal":3836.0,"producedTrx":0,"votesPercentage":1.225199230597761},{"producePercentage":99.00614905199443,"address":"TSbhZijH2t7Qn1UAHAu7PBHQdVAvRwSyYr","latestSlotNumber":5.18464799E8,"url":"https://www.iggalaxy.com","latestBlockNumber":8416221.0,"producedTotal":154409.0,"name":"Intergalactic-Gaming","producer":false,"votes":6086168,"missedTotal":1550.0,"producedTrx":0,"votesPercentage":0.025100251137173017},{"producePercentage":99.64490380523401,"address":"TTcYhypP8m4phDhN6oRexz2174zAerjEWP","latestSlotNumber":5.28428319E8,"url":"https://www.cryptoguyinza.co.za/","latestBlockNumber":1.8340821E7,"producedTotal":653269.0,"name":"CryptoGuyInZA","producer":true,"votes":382448060,"missedTotal":2328.0,"producedTrx":0,"votesPercentage":1.5772719965871158},{"producePercentage":99.03690739388165,"address":"TPRxUBEakukBMwTScCHgvCPSBYk5UhfboJ","latestSlotNumber":5.2408798E8,"url":"http://www.cryptodiva.io/","latestBlockNumber":1.4005616E7,"producedTotal":503055.0,"name":"CryptoDivaSR","producer":false,"votes":1840665,"missedTotal":4892.0,"producedTrx":0,"votesPercentage":0.007591172928418107},{"producePercentage":99.571136827774,"address":"TN2MEB71iox2mDwwngdTrUyUZXeENcb79F","latestSlotNumber":5.27032788E8,"url":"https://www.tron-europe.org","latestBlockNumber":1.6947364E7,"producedTotal":438810.0,"name":"SR-TRON-Europe","producer":false,"votes":169410377,"missedTotal":1890.0,"producedTrx":0,"votesPercentage":0.6986732880103145},{"producePercentage":99.63845358596802,"address":"TNaJADoq1u2atryP1ZzwvmEE4ZBELXfMqw","latestSlotNumber":5.28428305E8,"url":"http://zempty.peiwo.cn/","latestBlockNumber":1.8340807E7,"producedTotal":511770.0,"name":"callmeSR","producer":true,"votes":295527279,"missedTotal":1857.0,"producedTrx":0,"votesPercentage":1.218797923551469},{"producePercentage":99.57515373981028,"address":"TPMGfspxLQGom8sKutrbHcDKtHjRHFbGKw","latestSlotNumber":5.28428322E8,"url":"https://infstones.io/","latestBlockNumber":1.8340824E7,""
12:57:58.541 [TestNG-tests-1] DEBUG org.apache.http.wire -  << "producedTotal":522197.0,"name":"Infinity-Stones","producer":true,"votes":331328946,"missedTotal":2228.0,"producedTrx":0,"votesPercentage":1.366449258977872},{"producePercentage":99.77451211951227,"address":"TE7hnUtWRRBz3SkFrX8JESWUmEvxxAhoPt","latestSlotNumber":5.28428312E8,"url":"https://www.tronwallet.me/","latestBlockNumber":1.8340814E7,"producedTotal":540714.0,"name":"TronWalletMe","producer":true,"votes":287498369,"missedTotal":1222.0,"producedTrx":0,"votesPercentage":1.1856855189386224},{"producePercentage":99.3357973110504,"address":"TSzoLaVCdSNDpNxgChcFt9rSRF5wWAZiR4","latestSlotNumber":5.28428304E8,"url":"http://trx.market","latestBlockNumber":1.8340806E7,"producedTotal":611985.0,"name":"TRXMarket","producer":true,"votes":296064343,"missedTotal":4092.0,"producedTrx":0,"votesPercentage":1.2210128544039751},{"producePercentage":99.69627836667317,"address":"TY65QiDt4hLTMpf3WRzcX357BnmdxT2sw9","latestSlotNumber":5.28428323E8,"url":"https://www.utorrent.com/","latestBlockNumber":1.8340825E7,"producedTotal":645009.0,"name":"uTorrent","producer":true,"votes":330853949,"missedTotal":1965.0,"producedTrx":0,"votesPercentage":1.3644903015535281},{"producePercentage":98.57857284741128,"address":"TQwqK8LhHGria5gkkfCVqQfE5mSwpvdp3B","latestSlotNumber":5.18255974E8,"url":"https://tron-society.com","latestBlockNumber":8208429.0,"producedTotal"
12:57:58.542 [TestNG-tests-1] DEBUG org.apache.http.wire -  << "":168733.0,"name":"Tron-Society","producer":false,"votes":30699903,"missedTotal":2433.0,"producedTrx":0,"votesPercentage":0.12661091103414354},{"producePercentage":99.70984621379827,"address":"TTW663tQYJTTCtHh6DWKAfexRhPMf2DxQ1","latestSlotNumber":5.284283E8,"url":"http://tronalliance.org","latestBlockNumber":1.8340802E7,"producedTotal":424745.0,"name":"TRONALLIANCE","producer":true,"votes":311978679,"missedTotal":1236.0,"producedTrx":0,"votesPercentage":1.2866459145300435},{"producePercentage":99.0132693036775,"address":"TV6qcwSp38uESiDczxxb7zbJX1h2LfDs78","latestSlotNumber":5.16002399E8,"url":"Tronstronics","latestBlockNumber":5971325.0,"producedTotal":195873.0,"name":"TronsTronics","producer":false,"votes":6402656,"missedTotal":1952.0,"producedTrx":0,"votesPercentage":0.02640549415410939},{"producePercentage":99.73090323188148,"address":"TVa6MF7SgZa8PToLoQ9PNq6KQHyTXLBz1p","latestSlotNumber":5.28428306E8,"url":"http://krypto-knight.us/","latestBlockNumber":1.8340808E7,"producedTotal":476609.0,"name":"KryptoKnight","producer":true,"votes":295241924,"missedTotal":1286.0,"producedTrx":0,"votesPercentage":1.2176210776012344},{"producePercentage":98.7338106812906,"address":"TJ2aDMgeipmoZRuUEru2ri8t7TGkxnm6qY","latestSlotNumber":5.28428311E8,"url":"https://www.huobipool.com","latestBlockNumber":1.8340813E7,"producedTotal":613758.0,"name":"Huobi_pool","producer":true,"votes":287939588,"missedTotal":7871.0,"producedTrx":0,"votesPercentage":1.1875051709276068},{"producePercentage":99.39076958445888,"address":"TVFKwzE8qeETLaZEHMx2tjEsdnujAgAWaA","latestSlotNumber":5.28428325E8,"url":"http://blockchain.org","latestBlockNumber":1.8340827E7,"producedTotal":432325.0,"name":"BlockchainOrg","producer":true,"votes":317451639,"missedTotal":2650.0,"producedTrx":0,"votesPercentage":1.3092172057700655},{"producePercentage":99.07332301933677,"address":"TSRmKPv8kvokcHKfLeySQ3gNHyYrAAXrnc","latestSlotNumber":5.18435979E8,"url":"http://dapps.house","latestBlockNumber":8387532.0,"producedTotal":250389.0,"name":"DAPPHOUSE","producer":false,"votes":100570,"missedTotal":2342.0,"producedTrx":0,"votesPercentage":4.1476545781606597E-4},{"producePercentage":99.13681772974898,"address":"TTuT2AG5q37f74zra7PjAApUmyVaXmFvC4","latestSlotNumber":5.18572799E8,"url":"http://raybo.com","latestBlockNumber":8523378.0,"producedTotal":267142.0,"name":"RayboTron","producer":false,"votes":74940,"missedTotal":2326.0,"producedTrx":0,"votesPercentage":3.090635717285073E-4}],"state":"APPROVED","totalVotes":23,"validVotes":23,"createSelf":false}[\n]"
12:57:58.542 [TestNG-tests-1] DEBUG org.apache.http.impl.conn.DefaultClientConnection - Connection 0.0.0.0:61103<->18.216.178.128:80 closed
12:57:58.542 [TestNG-tests-1] DEBUG org.apache.http.impl.conn.PoolingClientConnectionManager - Connection released: [id: 40][route: {}->http://apilist.tronscan.org:80][total kept alive: 0; route allocated: 0 of 80; total allocated: 0 of 100]
12:57:58.543 [TestNG-tests-1] INFO tron.common.TronscanApiList - ----------------------------Print JSON Start---------------------------
12:57:58.543 [TestNG-tests-1] INFO tron.common.TronscanApiList - typeApprovals:{"candidate":[],"partner":[],"sr":[{"producePercentage":98.42101945113939,"producedTotal":405906.0,"address":"TEKUPpjTMKWw9LJZ9YJ4enhCjAmVXSL7M6","latestSlotNumber":521575194,"name":"lianjinshu","producer":false,"votes":6265075,"missedTotal":6512.0,"producedTrx":0,"votesPercentage":0.025838089893874806,"url":"http://www.lianjinshu.com","latestBlockNumber":11497746},{"producePercentage":99.72781769820159,"producedTotal":628011.0,"address":"TFA1qpUkQ1yBDw4pgZKx25wEZAqkjGoZo1","latestSlotNumber":528428301,"name":"JustinSunTron","producer":true,"votes":311446630,"missedTotal":1714.0,"producedTrx":0,"votesPercentage":1.2844516662744447,"url":"https://twitter.com/justinsuntron","latestBlockNumber":18340803},{"producePercentage":99.02021463966287,"producedTotal":518353.0,"address":"TYVJ8JuQ6ctzCa2u79MFmvvNQ1U2tYQEUM","latestSlotNumber":525232781,"name":"TRON-ONE","producer":false,"votes":46899291,"missedTotal":5129.0,"producedTrx":0,"votesPercentage":0.19341956749392364,"url":"http://tronone.com","latestBlockNumber":15149942},{"producePercentage":99.559248824381,"producedTotal":587302.0,"address":"TV9QitxEJ3pdiAUAfJ2QuPxLKp9qTTR3og","latestSlotNumber":528428315,"name":"BitGuild","producer":true,"votes":717572645,"missedTotal":2600.0,"producedTrx":0,"votesPercentage":2.959375028534457,"url":"https://www.bitguild.com","latestBlockNumber":18340817},{"producePercentage":99.64979360077398,"producedTotal":644781.0,"address":"TKSXDA8HfE9E1y39RczVQ1ZascUEtaSToF","latestSlotNumber":528428299,"name":"CryptoChain","producer":true,"votes":316549660,"missedTotal":2266.0,"producedTrx":0,"votesPercentage":1.3054973118367308,"url":"http://cryptochain.network","latestBlockNumber":18340801},{"producePercentage":99.40907431398858,"producedTotal":645315.0,"address":"TSNbzxac4WhxN91XvaUfPTKP2jNT18mP6T","latestSlotNumber":528428303,"name":"BitTorrent","producer":true,"votes":297079432,"missedTotal":3836.0,"producedTrx":0,"votesPercentage":1.225199230597761,"url":"https://www.bittorrent.com/","latestBlockNumber":18340805},{"producePercentage":99.00614905199443,"producedTotal":154409.0,"address":"TSbhZijH2t7Qn1UAHAu7PBHQdVAvRwSyYr","latestSlotNumber":518464799,"name":"Intergalactic-Gaming","producer":false,"votes":6086168,"missedTotal":1550.0,"producedTrx":0,"votesPercentage":0.025100251137173017,"url":"https://www.iggalaxy.com","latestBlockNumber":8416221.0},{"producePercentage":99.64490380523401,"producedTotal":653269.0,"address":"TTcYhypP8m4phDhN6oRexz2174zAerjEWP","latestSlotNumber":528428319,"name":"CryptoGuyInZA","producer":true,"votes":382448060,"missedTotal":2328.0,"producedTrx":0,"votesPercentage":1.5772719965871158,"url":"https://www.cryptoguyinza.co.za/","latestBlockNumber":18340821},{"producePercentage":99.03690739388165,"producedTotal":503055.0,"address":"TPRxUBEakukBMwTScCHgvCPSBYk5UhfboJ","latestSlotNumber":5.2408798E+8,"name":"CryptoDivaSR","producer":false,"votes":1840665,"missedTotal":4892.0,"producedTrx":0,"votesPercentage":0.007591172928418107,"url":"http://www.cryptodiva.io/","latestBlockNumber":14005616},{"producePercentage":99.571136827774,"producedTotal":438810.0,"address":"TN2MEB71iox2mDwwngdTrUyUZXeENcb79F","latestSlotNumber":527032788,"name":"SR-TRON-Europe","producer":false,"votes":169410377,"missedTotal":1890.0,"producedTrx":0,"votesPercentage":0.6986732880103145,"url":"https://www.tron-europe.org","latestBlockNumber":16947364},{"producePercentage":99.63845358596802,"producedTotal":511770.0,"address":"TNaJADoq1u2atryP1ZzwvmEE4ZBELXfMqw","latestSlotNumber":528428305,"name":"callmeSR","producer":true,"votes":295527279,"missedTotal":1857.0,"producedTrx":0,"votesPercentage":1.218797923551469,"url":"http://zempty.peiwo.cn/","latestBlockNumber":18340807},{"producePercentage":99.57515373981028,"producedTotal":522197.0,"address":"TPMGfspxLQGom8sKutrbHcDKtHjRHFbGKw","latestSlotNumber":528428322,"name":"Infinity-Stones","producer":true,"votes":331328946,"missedTotal":2228.0,"producedTrx":0,"votesPercentage":1.366449258977872,"url":"https://infstones.io/","latestBlockNumber":18340824},{"producePercentage":99.77451211951227,"producedTotal":540714.0,"address":"TE7hnUtWRRBz3SkFrX8JESWUmEvxxAhoPt","latestSlotNumber":528428312,"name":"TronWalletMe","producer":true,"votes":287498369,"missedTotal":1222.0,"producedTrx":0,"votesPercentage":1.1856855189386224,"url":"https://www.tronwallet.me/","latestBlockNumber":18340814},{"producePercentage":99.3357973110504,"producedTotal":611985.0,"address":"TSzoLaVCdSNDpNxgChcFt9rSRF5wWAZiR4","latestSlotNumber":528428304,"name":"TRXMarket","producer":true,"votes":296064343,"missedTotal":4092.0,"producedTrx":0,"votesPercentage":1.2210128544039751,"url":"http://trx.market","latestBlockNumber":18340806},{"producePercentage":99.69627836667317,"producedTotal":645009.0,"address":"TY65QiDt4hLTMpf3WRzcX357BnmdxT2sw9","latestSlotNumber":528428323,"name":"uTorrent","producer":true,"votes":330853949,"missedTotal":1965.0,"producedTrx":0,"votesPercentage":1.3644903015535281,"url":"https://www.utorrent.com/","latestBlockNumber":18340825},{"producePercentage":98.57857284741128,"producedTotal":168733.0,"address":"TQwqK8LhHGria5gkkfCVqQfE5mSwpvdp3B","latestSlotNumber":518255974,"name":"Tron-Society","producer":false,"votes":30699903,"missedTotal":2433.0,"producedTrx":0,"votesPercentage":0.12661091103414354,"url":"https://tron-society.com","latestBlockNumber":8208429.0},{"producePercentage":99.70984621379827,"producedTotal":424745.0,"address":"TTW663tQYJTTCtHh6DWKAfexRhPMf2DxQ1","latestSlotNumber":5.284283E+8,"name":"TRONALLIANCE","producer":true,"votes":311978679,"missedTotal":1236.0,"producedTrx":0,"votesPercentage":1.2866459145300435,"url":"http://tronalliance.org","latestBlockNumber":18340802},{"producePercentage":99.0132693036775,"producedTotal":195873.0,"address":"TV6qcwSp38uESiDczxxb7zbJX1h2LfDs78","latestSlotNumber":516002399,"name":"TronsTronics","producer":false,"votes":6402656,"missedTotal":1952.0,"producedTrx":0,"votesPercentage":0.02640549415410939,"url":"Tronstronics","latestBlockNumber":5971325.0},{"producePercentage":99.73090323188148,"producedTotal":476609.0,"address":"TVa6MF7SgZa8PToLoQ9PNq6KQHyTXLBz1p","latestSlotNumber":528428306,"name":"KryptoKnight","producer":true,"votes":295241924,"missedTotal":1286.0,"producedTrx":0,"votesPercentage":1.2176210776012344,"url":"http://krypto-knight.us/","latestBlockNumber":18340808},{"producePercentage":98.7338106812906,"producedTotal":613758.0,"address":"TJ2aDMgeipmoZRuUEru2ri8t7TGkxnm6qY","latestSlotNumber":528428311,"name":"Huobi_pool","producer":true,"votes":287939588,"missedTotal":7871.0,"producedTrx":0,"votesPercentage":1.1875051709276068,"url":"https://www.huobipool.com","latestBlockNumber":18340813},{"producePercentage":99.39076958445888,"producedTotal":432325.0,"address":"TVFKwzE8qeETLaZEHMx2tjEsdnujAgAWaA","latestSlotNumber":528428325,"name":"BlockchainOrg","producer":true,"votes":317451639,"missedTotal":2650.0,"producedTrx":0,"votesPercentage":1.3092172057700655,"url":"http://blockchain.org","latestBlockNumber":18340827},{"producePercentage":99.07332301933677,"producedTotal":250389.0,"address":"TSRmKPv8kvokcHKfLeySQ3gNHyYrAAXrnc","latestSlotNumber":518435979,"name":"DAPPHOUSE","producer":false,"votes":100570,"missedTotal":2342.0,"producedTrx":0,"votesPercentage":0.00041476545781606597,"url":"http://dapps.house","latestBlockNumber":8387532.0},{"producePercentage":99.13681772974898,"producedTotal":267142.0,"address":"TTuT2AG5q37f74zra7PjAApUmyVaXmFvC4","latestSlotNumber":518572799,"name":"RayboTron","producer":false,"votes":74940,"missedTotal":2326.0,"producedTrx":0,"votesPercentage":0.0003090635717285073,"url":"http://raybo.com","latestBlockNumber":8523378.0}]}
12:57:58.543 [TestNG-tests-1] INFO tron.common.TronscanApiList - createSelf:false
12:57:58.543 [TestNG-tests-1] INFO tron.common.TronscanApiList - createTime:1547443404000
12:57:58.543 [TestNG-tests-1] INFO tron.common.TronscanApiList - proposer:{"producePercentage":98.42101945113939,"producedTotal":405906.0,"address":"TEKUPpjTMKWw9LJZ9YJ4enhCjAmVXSL7M6","latestSlotNumber":521575194,"name":"lianjinshu","producer":false,"votes":6265075,"missedTotal":6512.0,"producedTrx":0,"votesPercentage":0.025838089893874806,"url":"http://www.lianjinshu.com","latestBlockNumber":11497746}
12:57:58.543 [TestNG-tests-1] INFO tron.common.TronscanApiList - expirationTime:1547704800000
12:57:58.543 [TestNG-tests-1] INFO tron.common.TronscanApiList - totalVotes:23
12:57:58.543 [TestNG-tests-1] INFO tron.common.TronscanApiList - approvals:[{"producePercentage":98.42101945113939,"producedTotal":405906.0,"address":"TEKUPpjTMKWw9LJZ9YJ4enhCjAmVXSL7M6","latestSlotNumber":521575194,"name":"lianjinshu","producer":false,"votes":6265075,"missedTotal":6512.0,"producedTrx":0,"votesPercentage":0.025838089893874806,"url":"http://www.lianjinshu.com","latestBlockNumber":11497746},{"producePercentage":99.72781769820159,"producedTotal":628011.0,"address":"TFA1qpUkQ1yBDw4pgZKx25wEZAqkjGoZo1","latestSlotNumber":528428301,"name":"JustinSunTron","producer":true,"votes":311446630,"missedTotal":1714.0,"producedTrx":0,"votesPercentage":1.2844516662744447,"url":"https://twitter.com/justinsuntron","latestBlockNumber":18340803},{"producePercentage":99.02021463966287,"producedTotal":518353.0,"address":"TYVJ8JuQ6ctzCa2u79MFmvvNQ1U2tYQEUM","latestSlotNumber":525232781,"name":"TRON-ONE","producer":false,"votes":46899291,"missedTotal":5129.0,"producedTrx":0,"votesPercentage":0.19341956749392364,"url":"http://tronone.com","latestBlockNumber":15149942},{"producePercentage":99.559248824381,"producedTotal":587302.0,"address":"TV9QitxEJ3pdiAUAfJ2QuPxLKp9qTTR3og","latestSlotNumber":528428315,"name":"BitGuild","producer":true,"votes":717572645,"missedTotal":2600.0,"producedTrx":0,"votesPercentage":2.959375028534457,"url":"https://www.bitguild.com","latestBlockNumber":18340817},{"producePercentage":99.64979360077398,"producedTotal":644781.0,"address":"TKSXDA8HfE9E1y39RczVQ1ZascUEtaSToF","latestSlotNumber":528428299,"name":"CryptoChain","producer":true,"votes":316549660,"missedTotal":2266.0,"producedTrx":0,"votesPercentage":1.3054973118367308,"url":"http://cryptochain.network","latestBlockNumber":18340801},{"producePercentage":99.40907431398858,"producedTotal":645315.0,"address":"TSNbzxac4WhxN91XvaUfPTKP2jNT18mP6T","latestSlotNumber":528428303,"name":"BitTorrent","producer":true,"votes":297079432,"missedTotal":3836.0,"producedTrx":0,"votesPercentage":1.225199230597761,"url":"https://www.bittorrent.com/","latestBlockNumber":18340805},{"producePercentage":99.00614905199443,"producedTotal":154409.0,"address":"TSbhZijH2t7Qn1UAHAu7PBHQdVAvRwSyYr","latestSlotNumber":518464799,"name":"Intergalactic-Gaming","producer":false,"votes":6086168,"missedTotal":1550.0,"producedTrx":0,"votesPercentage":0.025100251137173017,"url":"https://www.iggalaxy.com","latestBlockNumber":8416221.0},{"producePercentage":99.64490380523401,"producedTotal":653269.0,"address":"TTcYhypP8m4phDhN6oRexz2174zAerjEWP","latestSlotNumber":528428319,"name":"CryptoGuyInZA","producer":true,"votes":382448060,"missedTotal":2328.0,"producedTrx":0,"votesPercentage":1.5772719965871158,"url":"https://www.cryptoguyinza.co.za/","latestBlockNumber":18340821},{"producePercentage":99.03690739388165,"producedTotal":503055.0,"address":"TPRxUBEakukBMwTScCHgvCPSBYk5UhfboJ","latestSlotNumber":5.2408798E+8,"name":"CryptoDivaSR","producer":false,"votes":1840665,"missedTotal":4892.0,"producedTrx":0,"votesPercentage":0.007591172928418107,"url":"http://www.cryptodiva.io/","latestBlockNumber":14005616},{"producePercentage":99.571136827774,"producedTotal":438810.0,"address":"TN2MEB71iox2mDwwngdTrUyUZXeENcb79F","latestSlotNumber":527032788,"name":"SR-TRON-Europe","producer":false,"votes":169410377,"missedTotal":1890.0,"producedTrx":0,"votesPercentage":0.6986732880103145,"url":"https://www.tron-europe.org","latestBlockNumber":16947364},{"producePercentage":99.63845358596802,"producedTotal":511770.0,"address":"TNaJADoq1u2atryP1ZzwvmEE4ZBELXfMqw","latestSlotNumber":528428305,"name":"callmeSR","producer":true,"votes":295527279,"missedTotal":1857.0,"producedTrx":0,"votesPercentage":1.218797923551469,"url":"http://zempty.peiwo.cn/","latestBlockNumber":18340807},{"producePercentage":99.57515373981028,"producedTotal":522197.0,"address":"TPMGfspxLQGom8sKutrbHcDKtHjRHFbGKw","latestSlotNumber":528428322,"name":"Infinity-Stones","producer":true,"votes":331328946,"missedTotal":2228.0,"producedTrx":0,"votesPercentage":1.366449258977872,"url":"https://infstones.io/","latestBlockNumber":18340824},{"producePercentage":99.77451211951227,"producedTotal":540714.0,"address":"TE7hnUtWRRBz3SkFrX8JESWUmEvxxAhoPt","latestSlotNumber":528428312,"name":"TronWalletMe","producer":true,"votes":287498369,"missedTotal":1222.0,"producedTrx":0,"votesPercentage":1.1856855189386224,"url":"https://www.tronwallet.me/","latestBlockNumber":18340814},{"producePercentage":99.3357973110504,"producedTotal":611985.0,"address":"TSzoLaVCdSNDpNxgChcFt9rSRF5wWAZiR4","latestSlotNumber":528428304,"name":"TRXMarket","producer":true,"votes":296064343,"missedTotal":4092.0,"producedTrx":0,"votesPercentage":1.2210128544039751,"url":"http://trx.market","latestBlockNumber":18340806},{"producePercentage":99.69627836667317,"producedTotal":645009.0,"address":"TY65QiDt4hLTMpf3WRzcX357BnmdxT2sw9","latestSlotNumber":528428323,"name":"uTorrent","producer":true,"votes":330853949,"missedTotal":1965.0,"producedTrx":0,"votesPercentage":1.3644903015535281,"url":"https://www.utorrent.com/","latestBlockNumber":18340825},{"producePercentage":98.57857284741128,"producedTotal":168733.0,"address":"TQwqK8LhHGria5gkkfCVqQfE5mSwpvdp3B","latestSlotNumber":518255974,"name":"Tron-Society","producer":false,"votes":30699903,"missedTotal":2433.0,"producedTrx":0,"votesPercentage":0.12661091103414354,"url":"https://tron-society.com","latestBlockNumber":8208429.0},{"producePercentage":99.70984621379827,"producedTotal":424745.0,"address":"TTW663tQYJTTCtHh6DWKAfexRhPMf2DxQ1","latestSlotNumber":5.284283E+8,"name":"TRONALLIANCE","producer":true,"votes":311978679,"missedTotal":1236.0,"producedTrx":0,"votesPercentage":1.2866459145300435,"url":"http://tronalliance.org","latestBlockNumber":18340802},{"producePercentage":99.0132693036775,"producedTotal":195873.0,"address":"TV6qcwSp38uESiDczxxb7zbJX1h2LfDs78","latestSlotNumber":516002399,"name":"TronsTronics","producer":false,"votes":6402656,"missedTotal":1952.0,"producedTrx":0,"votesPercentage":0.02640549415410939,"url":"Tronstronics","latestBlockNumber":5971325.0},{"producePercentage":99.73090323188148,"producedTotal":476609.0,"address":"TVa6MF7SgZa8PToLoQ9PNq6KQHyTXLBz1p","latestSlotNumber":528428306,"name":"KryptoKnight","producer":true,"votes":295241924,"missedTotal":1286.0,"producedTrx":0,"votesPercentage":1.2176210776012344,"url":"http://krypto-knight.us/","latestBlockNumber":18340808},{"producePercentage":98.7338106812906,"producedTotal":613758.0,"address":"TJ2aDMgeipmoZRuUEru2ri8t7TGkxnm6qY","latestSlotNumber":528428311,"name":"Huobi_pool","producer":true,"votes":287939588,"missedTotal":7871.0,"producedTrx":0,"votesPercentage":1.1875051709276068,"url":"https://www.huobipool.com","latestBlockNumber":18340813},{"producePercentage":99.39076958445888,"producedTotal":432325.0,"address":"TVFKwzE8qeETLaZEHMx2tjEsdnujAgAWaA","latestSlotNumber":528428325,"name":"BlockchainOrg","producer":true,"votes":317451639,"missedTotal":2650.0,"producedTrx":0,"votesPercentage":1.3092172057700655,"url":"http://blockchain.org","latestBlockNumber":18340827},{"producePercentage":99.07332301933677,"producedTotal":250389.0,"address":"TSRmKPv8kvokcHKfLeySQ3gNHyYrAAXrnc","latestSlotNumber":518435979,"name":"DAPPHOUSE","producer":false,"votes":100570,"missedTotal":2342.0,"producedTrx":0,"votesPercentage":0.00041476545781606597,"url":"http://dapps.house","latestBlockNumber":8387532.0},{"producePercentage":99.13681772974898,"producedTotal":267142.0,"address":"TTuT2AG5q37f74zra7PjAApUmyVaXmFvC4","latestSlotNumber":518572799,"name":"RayboTron","producer":false,"votes":74940,"missedTotal":2326.0,"producedTrx":0,"votesPercentage":0.0003090635717285073,"url":"http://raybo.com","latestBlockNumber":8523378.0}]
12:57:58.543 [TestNG-tests-1] INFO tron.common.TronscanApiList - validVotes:23
12:57:58.543 [TestNG-tests-1] INFO tron.common.TronscanApiList - paramters:[{"value":1,"key":16}]
12:57:58.543 [TestNG-tests-1] INFO tron.common.TronscanApiList - state:APPROVED
12:57:58.543 [TestNG-tests-1] INFO tron.common.TronscanApiList - approveSelf:false
12:57:58.543 [TestNG-tests-1] INFO tron.common.TronscanApiList - proposalId:16
12:57:58.543 [TestNG-tests-1] INFO tron.common.TronscanApiList - JSON content size are: 12
12:57:58.543 [TestNG-tests-1] INFO tron.common.TronscanApiList - ----------------------------Print JSON End-----------------------------
]]></system-out>
  <system-err><![CDATA[]]></system-err>
</testsuite>
