<?xml version="1.0" encoding="UTF-8"?>
<testsuite name="tron.tronscan.api.TriggerList" tests="2" skipped="0" failures="0" errors="0" timestamp="2020-03-27T04:57:39" hostname="zhukaideiMac.local" time="1.391">
  <properties/>
  <testcase name="getTriggerAmountStatistic" classname="tron.tronscan.api.TriggerList" time="0.598"/>
  <testcase name="getTriggerStatistic" classname="tron.tronscan.api.TriggerList" time="0.793"/>
  <system-out><![CDATA[12:57:39.923 [TestNG-tests-1] DEBUG org.apache.http.impl.conn.PoolingClientConnectionManager - Connection request: [route: {}->http://apilist.tronscan.org:80][total kept alive: 0; route allocated: 0 of 80; total allocated: 0 of 100]
12:57:39.923 [TestNG-tests-1] DEBUG org.apache.http.impl.conn.PoolingClientConnectionManager - Connection leased: [id: 16][route: {}->http://apilist.tronscan.org:80][total kept alive: 0; route allocated: 1 of 80; total allocated: 1 of 100]
12:57:39.923 [TestNG-tests-1] DEBUG org.apache.http.impl.conn.DefaultClientConnectionOperator - Connecting to apilist.tronscan.org:80
12:57:40.211 [TestNG-tests-1] DEBUG org.apache.http.client.protocol.RequestAddCookies - CookieSpec selected: default
12:57:40.212 [TestNG-tests-1] DEBUG org.apache.http.client.protocol.RequestAuthCache - Auth cache not set in the context
12:57:40.212 [TestNG-tests-1] DEBUG org.apache.http.client.protocol.RequestTargetAuthentication - Target auth state: UNCHALLENGED
12:57:40.212 [TestNG-tests-1] DEBUG org.apache.http.client.protocol.RequestProxyAuthentication - Proxy auth state: UNCHALLENGED
12:57:40.212 [TestNG-tests-1] DEBUG org.apache.http.impl.client.DefaultHttpClient - Attempt 1 to execute request
12:57:40.212 [TestNG-tests-1] DEBUG org.apache.http.impl.conn.DefaultClientConnection - Sending request: GET /api/triggeramountstatistic HTTP/1.1
12:57:40.212 [TestNG-tests-1] DEBUG org.apache.http.wire -  >> "GET /api/triggeramountstatistic HTTP/1.1[\r][\n]"
12:57:40.212 [TestNG-tests-1] DEBUG org.apache.http.wire -  >> "Content-type: application/json; charset=utf-8[\r][\n]"
12:57:40.212 [TestNG-tests-1] DEBUG org.apache.http.wire -  >> "Connection: Close[\r][\n]"
12:57:40.212 [TestNG-tests-1] DEBUG org.apache.http.wire -  >> "Host: apilist.tronscan.org[\r][\n]"
12:57:40.212 [TestNG-tests-1] DEBUG org.apache.http.wire -  >> "User-Agent: Apache-HttpClient/4.5.3 (Java/1.8.0_211)[\r][\n]"
12:57:40.212 [TestNG-tests-1] DEBUG org.apache.http.wire -  >> "[\r][\n]"
12:57:40.212 [TestNG-tests-1] DEBUG org.apache.http.headers - >> GET /api/triggeramountstatistic HTTP/1.1
12:57:40.212 [TestNG-tests-1] DEBUG org.apache.http.headers - >> Content-type: application/json; charset=utf-8
12:57:40.212 [TestNG-tests-1] DEBUG org.apache.http.headers - >> Connection: Close
12:57:40.212 [TestNG-tests-1] DEBUG org.apache.http.headers - >> Host: apilist.tronscan.org
12:57:40.212 [TestNG-tests-1] DEBUG org.apache.http.headers - >> User-Agent: Apache-HttpClient/4.5.3 (Java/1.8.0_211)
12:57:40.518 [TestNG-tests-1] DEBUG org.apache.http.wire -  << "HTTP/1.1 200 OK[\r][\n]"
12:57:40.519 [TestNG-tests-1] DEBUG org.apache.http.wire -  << "Server: nginx[\r][\n]"
12:57:40.519 [TestNG-tests-1] DEBUG org.apache.http.wire -  << "Date: Fri, 27 Mar 2020 04:57:41 GMT[\r][\n]"
12:57:40.519 [TestNG-tests-1] DEBUG org.apache.http.wire -  << "Content-Type: application/json;charset=utf-8[\r][\n]"
12:57:40.519 [TestNG-tests-1] DEBUG org.apache.http.wire -  << "Content-Length: 1307[\r][\n]"
12:57:40.519 [TestNG-tests-1] DEBUG org.apache.http.wire -  << "Connection: close[\r][\n]"
12:57:40.519 [TestNG-tests-1] DEBUG org.apache.http.wire -  << "Vary: Accept-Encoding[\r][\n]"
12:57:40.519 [TestNG-tests-1] DEBUG org.apache.http.wire -  << "Access-Control-Allow-Origin: *[\r][\n]"
12:57:40.519 [TestNG-tests-1] DEBUG org.apache.http.wire -  << "Access-Control-Allow-Headers: DNT,X-Mx-ReqToken,Keep-Alive,User-Agent,X-Requested-With,If-Modified-Since,Cache-Control,Content-Type,Authorization[\r][\n]"
12:57:40.519 [TestNG-tests-1] DEBUG org.apache.http.wire -  << "Access-Control-Allow-Methods: GET,POST,PUT,DELETE,OPTIONS[\r][\n]"
12:57:40.519 [TestNG-tests-1] DEBUG org.apache.http.wire -  << "X-Proxy-Cache: MISS[\r][\n]"
12:57:40.519 [TestNG-tests-1] DEBUG org.apache.http.wire -  << "[\r][\n]"
12:57:40.519 [TestNG-tests-1] DEBUG org.apache.http.impl.conn.DefaultClientConnection - Receiving response: HTTP/1.1 200 OK
12:57:40.519 [TestNG-tests-1] DEBUG org.apache.http.headers - << HTTP/1.1 200 OK
12:57:40.519 [TestNG-tests-1] DEBUG org.apache.http.headers - << Server: nginx
12:57:40.519 [TestNG-tests-1] DEBUG org.apache.http.headers - << Date: Fri, 27 Mar 2020 04:57:41 GMT
12:57:40.519 [TestNG-tests-1] DEBUG org.apache.http.headers - << Content-Type: application/json;charset=utf-8
12:57:40.519 [TestNG-tests-1] DEBUG org.apache.http.headers - << Content-Length: 1307
12:57:40.519 [TestNG-tests-1] DEBUG org.apache.http.headers - << Connection: close
12:57:40.519 [TestNG-tests-1] DEBUG org.apache.http.headers - << Vary: Accept-Encoding
12:57:40.519 [TestNG-tests-1] DEBUG org.apache.http.headers - << Access-Control-Allow-Origin: *
12:57:40.519 [TestNG-tests-1] DEBUG org.apache.http.headers - << Access-Control-Allow-Headers: DNT,X-Mx-ReqToken,Keep-Alive,User-Agent,X-Requested-With,If-Modified-Since,Cache-Control,Content-Type,Authorization
12:57:40.519 [TestNG-tests-1] DEBUG org.apache.http.headers - << Access-Control-Allow-Methods: GET,POST,PUT,DELETE,OPTIONS
12:57:40.519 [TestNG-tests-1] DEBUG org.apache.http.headers - << X-Proxy-Cache: MISS
http://apilist.tronscan.org/api/triggeramountstatistic 请求总耗时：596 毫秒
12:57:40.519 [TestNG-tests-1] INFO tron.tronscan.api.TriggerList - code is 200
12:57:40.520 [TestNG-tests-1] DEBUG org.apache.http.wire -  << "{"total":526,"totalTrigger":1028467,"totalCallerAmount":38305,"data":[{"contract_address":"TWmhXhXjgXTj87trBufmWFuXtQP8sCWZZV","caller_amount":644,"trigger_amount":141469.0,"name":"TronBetDice"},{"contract_address":"TK5qKN9xJoLfCzZPG6Mj642WQtvbiHCTMx","caller_amount":1,"trigger_amount":140226.0,"name":""},{"contract_address":"TXnBP1MHkYww9R9mrAgcZ8i4t5TKvFnXWy","caller_amount":76,"trigger_amount":103755.0,"name":"DiceGame"},{"contract_address":"TK7JSqnLif1A3NQUhonRbxFw6g3aqhtjh1","caller_amount":48,"trigger_amount":85467.0,"name":"TRONtopia_ultimate_dice"},{"contract_address":"TBTxi4miSX4SJL8rM38eTaRb8AA16py27x","caller_amount":326,"trigger_amount":47615.0,"name":"TronBetRing"},{"contract_address":"TNE6kmX6EiCgE9HH4bSuWZBuknQ389kU7w","caller_amount":572,"trigger_amount":42590.0,"name":"Token"},{"contract_address":"TTcz2rtb8uDD7NZz5MVU8U9wLAcS72bgYf","caller_amount":51,"trigger_amount":32279.0,"name":"DiceGame"},{"contract_address":"TRyzgWGjzvXx88ExpHS8L9DXxwTtNEaN68","caller_amount":1,"trigger_amount":29578.0,"name":"WinDividend"},{"contract_address":"TYFnFN4Wy7fJirF7jriJNEnfyCo841em7g","caller_amount":26,"trigger_amount":28508.0,"name":"TRONtopia_classic_dice"},{"contract_address":"TTH1sxRXqdLtbNXTCjQGdRp9nKV6DhdzJk","caller_amount":376,"trigger_amount":23842.0,"name":"TronBetMoon"}]}[\n]"
12:57:40.520 [TestNG-tests-1] DEBUG org.apache.http.impl.conn.DefaultClientConnection - Connection 0.0.0.0:61006<->18.216.178.128:80 closed
12:57:40.520 [TestNG-tests-1] DEBUG org.apache.http.impl.conn.PoolingClientConnectionManager - Connection released: [id: 16][route: {}->http://apilist.tronscan.org:80][total kept alive: 0; route allocated: 0 of 80; total allocated: 0 of 100]
12:57:40.520 [TestNG-tests-1] INFO tron.common.TronscanApiList - ----------------------------Print JSON Start---------------------------
12:57:40.520 [TestNG-tests-1] INFO tron.common.TronscanApiList - total:526
12:57:40.520 [TestNG-tests-1] INFO tron.common.TronscanApiList - data:[{"name":"TronBetDice","trigger_amount":141469.0,"contract_address":"TWmhXhXjgXTj87trBufmWFuXtQP8sCWZZV","caller_amount":644},{"name":"","trigger_amount":140226.0,"contract_address":"TK5qKN9xJoLfCzZPG6Mj642WQtvbiHCTMx","caller_amount":1},{"name":"DiceGame","trigger_amount":103755.0,"contract_address":"TXnBP1MHkYww9R9mrAgcZ8i4t5TKvFnXWy","caller_amount":76},{"name":"TRONtopia_ultimate_dice","trigger_amount":85467.0,"contract_address":"TK7JSqnLif1A3NQUhonRbxFw6g3aqhtjh1","caller_amount":48},{"name":"TronBetRing","trigger_amount":47615.0,"contract_address":"TBTxi4miSX4SJL8rM38eTaRb8AA16py27x","caller_amount":326},{"name":"Token","trigger_amount":42590.0,"contract_address":"TNE6kmX6EiCgE9HH4bSuWZBuknQ389kU7w","caller_amount":572},{"name":"DiceGame","trigger_amount":32279.0,"contract_address":"TTcz2rtb8uDD7NZz5MVU8U9wLAcS72bgYf","caller_amount":51},{"name":"WinDividend","trigger_amount":29578.0,"contract_address":"TRyzgWGjzvXx88ExpHS8L9DXxwTtNEaN68","caller_amount":1},{"name":"TRONtopia_classic_dice","trigger_amount":28508.0,"contract_address":"TYFnFN4Wy7fJirF7jriJNEnfyCo841em7g","caller_amount":26},{"name":"TronBetMoon","trigger_amount":23842.0,"contract_address":"TTH1sxRXqdLtbNXTCjQGdRp9nKV6DhdzJk","caller_amount":376}]
12:57:40.520 [TestNG-tests-1] INFO tron.common.TronscanApiList - totalCallerAmount:38305
12:57:40.520 [TestNG-tests-1] INFO tron.common.TronscanApiList - totalTrigger:1028467
12:57:40.520 [TestNG-tests-1] INFO tron.common.TronscanApiList - JSON content size are: 4
12:57:40.520 [TestNG-tests-1] INFO tron.common.TronscanApiList - ----------------------------Print JSON End-----------------------------
12:57:40.521 [TestNG-tests-1] DEBUG org.apache.http.impl.conn.PoolingClientConnectionManager - Connection request: [route: {}->http://apilist.tronscan.org:80][total kept alive: 0; route allocated: 0 of 80; total allocated: 0 of 100]
12:57:40.521 [TestNG-tests-1] DEBUG org.apache.http.impl.conn.PoolingClientConnectionManager - Connection leased: [id: 17][route: {}->http://apilist.tronscan.org:80][total kept alive: 0; route allocated: 1 of 80; total allocated: 1 of 100]
12:57:40.521 [TestNG-tests-1] DEBUG org.apache.http.impl.conn.DefaultClientConnectionOperator - Connecting to apilist.tronscan.org:80
12:57:40.827 [TestNG-tests-1] DEBUG org.apache.http.client.protocol.RequestAddCookies - CookieSpec selected: default
12:57:40.827 [TestNG-tests-1] DEBUG org.apache.http.client.protocol.RequestAuthCache - Auth cache not set in the context
12:57:40.827 [TestNG-tests-1] DEBUG org.apache.http.client.protocol.RequestTargetAuthentication - Target auth state: UNCHALLENGED
12:57:40.827 [TestNG-tests-1] DEBUG org.apache.http.client.protocol.RequestProxyAuthentication - Proxy auth state: UNCHALLENGED
12:57:40.827 [TestNG-tests-1] DEBUG org.apache.http.impl.client.DefaultHttpClient - Attempt 1 to execute request
12:57:40.827 [TestNG-tests-1] DEBUG org.apache.http.impl.conn.DefaultClientConnection - Sending request: GET /api/triggerstatistic HTTP/1.1
12:57:40.827 [TestNG-tests-1] DEBUG org.apache.http.wire -  >> "GET /api/triggerstatistic HTTP/1.1[\r][\n]"
12:57:40.827 [TestNG-tests-1] DEBUG org.apache.http.wire -  >> "Content-type: application/json; charset=utf-8[\r][\n]"
12:57:40.827 [TestNG-tests-1] DEBUG org.apache.http.wire -  >> "Connection: Close[\r][\n]"
12:57:40.827 [TestNG-tests-1] DEBUG org.apache.http.wire -  >> "Host: apilist.tronscan.org[\r][\n]"
12:57:40.827 [TestNG-tests-1] DEBUG org.apache.http.wire -  >> "User-Agent: Apache-HttpClient/4.5.3 (Java/1.8.0_211)[\r][\n]"
12:57:40.827 [TestNG-tests-1] DEBUG org.apache.http.wire -  >> "[\r][\n]"
12:57:40.827 [TestNG-tests-1] DEBUG org.apache.http.headers - >> GET /api/triggerstatistic HTTP/1.1
12:57:40.827 [TestNG-tests-1] DEBUG org.apache.http.headers - >> Content-type: application/json; charset=utf-8
12:57:40.827 [TestNG-tests-1] DEBUG org.apache.http.headers - >> Connection: Close
12:57:40.827 [TestNG-tests-1] DEBUG org.apache.http.headers - >> Host: apilist.tronscan.org
12:57:40.827 [TestNG-tests-1] DEBUG org.apache.http.headers - >> User-Agent: Apache-HttpClient/4.5.3 (Java/1.8.0_211)
12:57:41.078 [TestNG-tests-1] DEBUG org.apache.http.wire -  << "HTTP/1.1 200 OK[\r][\n]"
12:57:41.078 [TestNG-tests-1] DEBUG org.apache.http.wire -  << "Server: nginx[\r][\n]"
12:57:41.078 [TestNG-tests-1] DEBUG org.apache.http.wire -  << "Date: Fri, 27 Mar 2020 04:57:41 GMT[\r][\n]"
12:57:41.078 [TestNG-tests-1] DEBUG org.apache.http.wire -  << "Content-Type: application/json;charset=utf-8[\r][\n]"
12:57:41.078 [TestNG-tests-1] DEBUG org.apache.http.wire -  << "Content-Length: 25574[\r][\n]"
12:57:41.078 [TestNG-tests-1] DEBUG org.apache.http.wire -  << "Connection: close[\r][\n]"
12:57:41.078 [TestNG-tests-1] DEBUG org.apache.http.wire -  << "Vary: Accept-Encoding[\r][\n]"
12:57:41.078 [TestNG-tests-1] DEBUG org.apache.http.wire -  << "Access-Control-Allow-Origin: *[\r][\n]"
12:57:41.078 [TestNG-tests-1] DEBUG org.apache.http.wire -  << "Access-Control-Allow-Headers: DNT,X-Mx-ReqToken,Keep-Alive,User-Agent,X-Requested-With,If-Modified-Since,Cache-Control,Content-Type,Authorization[\r][\n]"
12:57:41.078 [TestNG-tests-1] DEBUG org.apache.http.wire -  << "Access-Control-Allow-Methods: GET,POST,PUT,DELETE,OPTIONS[\r][\n]"
12:57:41.078 [TestNG-tests-1] DEBUG org.apache.http.wire -  << "X-Proxy-Cache: MISS[\r][\n]"
12:57:41.078 [TestNG-tests-1] DEBUG org.apache.http.wire -  << "[\r][\n]"
12:57:41.078 [TestNG-tests-1] DEBUG org.apache.http.impl.conn.DefaultClientConnection - Receiving response: HTTP/1.1 200 OK
12:57:41.078 [TestNG-tests-1] DEBUG org.apache.http.headers - << HTTP/1.1 200 OK
12:57:41.078 [TestNG-tests-1] DEBUG org.apache.http.headers - << Server: nginx
12:57:41.078 [TestNG-tests-1] DEBUG org.apache.http.headers - << Date: Fri, 27 Mar 2020 04:57:41 GMT
12:57:41.078 [TestNG-tests-1] DEBUG org.apache.http.headers - << Content-Type: application/json;charset=utf-8
12:57:41.078 [TestNG-tests-1] DEBUG org.apache.http.headers - << Content-Length: 25574
12:57:41.078 [TestNG-tests-1] DEBUG org.apache.http.headers - << Connection: close
12:57:41.078 [TestNG-tests-1] DEBUG org.apache.http.headers - << Vary: Accept-Encoding
12:57:41.078 [TestNG-tests-1] DEBUG org.apache.http.headers - << Access-Control-Allow-Origin: *
12:57:41.078 [TestNG-tests-1] DEBUG org.apache.http.headers - << Access-Control-Allow-Headers: DNT,X-Mx-ReqToken,Keep-Alive,User-Agent,X-Requested-With,If-Modified-Since,Cache-Control,Content-Type,Authorization
12:57:41.078 [TestNG-tests-1] DEBUG org.apache.http.headers - << Access-Control-Allow-Methods: GET,POST,PUT,DELETE,OPTIONS
12:57:41.078 [TestNG-tests-1] DEBUG org.apache.http.headers - << X-Proxy-Cache: MISS
http://apilist.tronscan.org/api/triggerstatistic 请求总耗时：557 毫秒
12:57:41.078 [TestNG-tests-1] INFO tron.tronscan.api.TriggerList - code is 200
12:57:41.078 [TestNG-tests-1] DEBUG org.apache.http.wire -  << "{"total":534,"max":{"day":1563753600000,"triggers_amount":5057908},"min":{"day":1539216000000,"triggers_amount":17},"data":[{"day":1539216000000,"triggers_amount":17},{"day":1539302400000,"triggers_amount":3551},{"day":1539388800000,"triggers_amount":44667},{"day":1539475200000,"triggers_amount":15695},{"day":1539561600000,"triggers_amount":15427},{"day":1539648000000,"triggers_amount":21226},{"day":1539734400000,"triggers_amount":92969},{"day":1539820800000,"triggers_amount":465644},{"day":1539907200000,"triggers_amount":483022},{"day":1539993600000,"triggers_amount":413641},{"day":1540080000000,"triggers_amount":301237},{"day":1540166400000,"triggers_amount":304904},{"day":1540252800000,"triggers_amount":294795},{"day":1540339200000,"triggers_amount":392352},{"day":1540425600000,"triggers_amount":393273},{"day":1540512000000,"triggers_amount":462007},{"day":1540598400000,"triggers_amount":503451},{"day":1540684800000,"triggers_amount":492361},{"day":1540771200000,"triggers_amount":405717},{"day":1540857600000,"triggers_amount":513262},{"day":1540944000000,"triggers_amount":598860},{"day":1541030400000,"triggers_amount":593885},{"day":1541116800000,"triggers_amount":562367},{"day":1541203200000,"triggers_amount":872254},{"day":1541289600000,"triggers_amount":909554},{"day":1541376000000,"triggers_amount":991343},{"day":1541462400000,"triggers_amount":918653},{"day":1541548800000,"triggers_amount":1085551},{"day":1541635200000,"triggers_amount":1140154},{"day":1541721600000,"triggers_amount":1181043},{"day":1541808000000,"triggers_amount":1084391},{"day":1541894400000,"triggers_amount":1267027},{"day":1541980800000,"triggers_amount":1072088},{"day":1542067200000,"triggers_amount":1015555},{"day":1542153600000,"triggers_amount":970257},{"day":1542240000000,"triggers_amount":1013710},{"day":1542326400000,"triggers_amount":1415714},{"day":1542412800000,"triggers_amount":1181952},{"day":1542499200000,"triggers_amount":1120036},{"day":1542585600000,"triggers_amount":1221481},{"day":1542672000000,"triggers_amount":915898},{"day":1542758400000,"triggers_amount":1062013},{"day":1542844800000,"triggers_amount":1287446},{"day":1542931200000,"triggers_amount":1660864},{"day":1543017600000,"triggers_amount":1388303},{"day":1543104000000,"triggers_amount":1439273},{"day":1543190400000,"triggers_amount":1467887},{"day":1543276800000,"triggers_amount":1692525},{"day":1543363200000,"triggers_amount":1685332},{"day":1543449600000,"triggers_amount":1764499},{"day":1543536000000,"triggers_amount":1654522},{"day":1543622400000,"triggers_amount":1535339},{"day":1543708800000,"triggers_amount":1565870},{"day":1543795200000,"triggers_amount":1536744},{"day":1543881600000,"triggers_amount":1502469},{"day":1543968000000,"triggers_amount":1767346},{"day":1544054400000,"triggers_amount":1903097},{"day":1544140800000,"triggers_amount":1841366},{"day":1544227200000,"triggers_amount":1999528},{"day":1544313600000,"triggers_amount":1945117},{"day":1544400000000,"triggers_amount":2227190},{"day":1544486400000,"triggers_amount":2202148},{"day":1544572800000,"triggers_amount":2185653},{"day":1544659200000,"triggers_amount":2347868},{"day":1544745600000,"triggers_amount":2490183},{"day":1544832000000,"triggers_amount":2730218},{"day":1544918400000,"triggers_amount":2835958},{"day":1545004800000,"triggers_amount":2634289},{"day":1545091200000,"triggers_amount":2552757},{"day":1545177600000,"triggers_amount":1589133},{"day":1545264000000,"triggers_amount":2872871},{"day":1545350400000,"triggers_amount":3100281},{"day":1545436800000,"triggers_amount":2447612},{"day":1545523200000,"triggers_amount":3124093},{"day":1545609600000,"triggers_amount":2418166},{"day":1545696000000,"triggers_amount":2184469},{"day":1545782400000,"triggers_amount":2287157},{"day":1545868800000,"triggers_amount":2161791},{"day":1545955200000,"triggers_amount":2193141},{"day":1546041600000,"triggers_amount":2354720},{"day":1546128000000,"triggers_amount":2558317},{"day":1546214400000,"triggers_amount":2550545},{"day":1546300800000,"triggers_amount":2412706},{"day":1546387200000,"triggers_amount":2465465},{"day":1546473600000,"triggers_amount":2207823},{"day":1546560000000,"triggers_amount":2422109},{"day":1546646400000,"triggers_amount":2242871},{"day":1546732800000,"triggers_amount":1954678},{"day":1546819200000,"triggers_amount":1712667},{"day":1546905600000,"triggers_amount":1799279},{"day":1546992000000,"triggers_amount":1592150},{"day":1547078400000,"triggers_amount":1598102},{"day":1547164800000,"triggers_amount":2109894},{"day":1547251200000,"triggers_amount":2295144},{"day":1547337600000,"triggers_amount":2453484},{"day":1547424000000,"triggers_amount":2562882},{"day":1547510400000,"triggers_amount":2699265},{"day":1547596800000,"triggers_amount":3246464},{"day":1547683200000,"triggers_amount":3006991},{"day":1547769600000,"triggers_amount":2685004},{"day":1547856000000,"triggers_amount":2471742},{"day":1547942400000,"triggers_amount":2144746},{"day":1548028800000,"triggers_amount":1872557},{"day":1548115200000,"triggers_amount":1918047},{"day":1548201600000,"triggers_amount":2279854},{"day":1548288000000,"triggers_amount":2112798},{"day":1548374400000,"triggers_amount":1911302},{"day":1548460800000,"triggers_amount":2374843},{"day":1548547200000,"triggers_amount":2053997},{"day":1548633600000,"triggers_amount":1586884},{"day":1548720000000,"triggers_amount":1583955},{"day":1548806400000,"triggers_amount":1717126},{"day":1548892800000,"triggers_amount":1693500},{"day":1548979200000,"triggers_amount":1805385},{"day":1549065600000,"triggers_amount":1674775},{"day":1549152000000,"triggers_amount":1642140},{"day":1549238400000,"triggers_amount":1469125},{"day":1549324800000,"triggers_amount":1360556},{"day":1549411200000,"triggers_amount":1363257},{"day":1549497600000,"triggers_amount":1362336},{"day":1549584000000,"triggers_amount":1305635},{"day":1549670400000,"triggers_amount":1484469},{"day":1549756800000,"triggers_amount":1352334},{"day":1549843200000,"triggers_amount":1216455},{"day":1549929600000,"triggers_amount":1234800},{"day":1550016000000,"triggers_amount":1271565},{"day":1550102400000,"triggers_amount":1232273},{"day":1550188800000,"triggers_amount":1300661},{"day":1550275200000,"triggers_amount":1347649},{"day":1550361600000,"triggers_amount":1128470},{"day":1550448000000,"triggers_amount":1157650},{"day":1550534400000,"triggers_amount":1290962},{"day":1550620800000,"triggers_amount":1237004},{"day":1550707200000,"triggers_amount":1246360},{"day":1550793600000,"triggers_amount":1097107},{"day":1550880000000,"triggers_amount":1162253},{"day":1550966400000,"triggers_amount":1194351},{"day":1551052800000,"triggers_amount":1266780},{"day":1551139200000,"triggers_amount":1418717},{"day":1551225600000,"triggers_amount":1393607},{"day":1551312000000,"triggers_amount":1338952},{"day":1551398400000,"triggers_amount":1322493},{"day":1551484800000,"triggers_amount":1450663},{"day":1551571200000,"triggers_amount":1485765},{"day":1551657600000,"triggers_amount":1675354},{"day":1551744000000,"triggers_amount":2166681},{"day":1551830400000,"triggers_amount":2532103},{"day":1551916800000,"triggers_amount":2855326},{"day":1552003200000,"triggers_amount":2562567},{"day":1552089600000,"triggers_amount":2497684},{"day":1552176000000,"triggers_amount":2387836},{"day":1552262400000,"triggers_amount":2393448},{"day":1552348800000,"triggers_amount":2583699},{"day":1552435200000,"triggers_amount":2659602},{"day":1552521600000,"triggers_amount":2764877},{"day":1552608000000,"triggers_amount":2629025},{"day":1552694400000,"triggers_amount":2385788},{"day":1552780800000,"triggers_amount":1767543},{"day":1552867200000,"triggers_amount":2061005},{"day":1552953600000,"triggers_amount":2092236},{"day":1553040000000,"triggers_amount":1913474},{"day":1553126400000,"triggers_amount":2199583},{"day":1553212800000,"triggers_amount":2072047},{"day":1553299200000,"triggers_amount":1606330},{"day":1553385600000,"triggers_amount":1328659},{"day":1553472000000,"triggers_amount":1377066},{"day":1553558400000,"triggers_amount":4114629},{"day":1553644800000,"triggers_amount":286"
12:57:41.079 [TestNG-tests-1] DEBUG org.apache.http.wire -  << "2898},{"day":1553731200000,"triggers_amount":2560705},{"day":1553817600000,"triggers_amount":1911925},{"day":1553904000000,"triggers_amount":1652535},{"day":1553990400000,"triggers_amount":1654913},{"day":1554076800000,"triggers_amount":1406340},{"day":1554163200000,"triggers_amount":1347178},{"day":1554249600000,"triggers_amount":1573682},{"day":1554336000000,"triggers_amount":1620749},{"day":1554422400000,"triggers_amount":1584069},{"day":1554508800000,"triggers_amount":1711989},{"day":1554595200000,"triggers_amount":1985217},{"day":1554681600000,"triggers_amount":1761130},{"day":1554768000000,"triggers_amount":1727462},{"day":1554854400000,"triggers_amount":1617336},{"day":1554940800000,"triggers_amount":1520575},{"day":1555027200000,"triggers_amount":1742500},{"day":1555113600000,"triggers_amount":1712825},{"day":1555200000000,"triggers_amount":1800473},{"day":1555286400000,"triggers_amount":1982750},{"day":1555372800000,"triggers_amount":1447745},{"day":1555459200000,"triggers_amount":1445027},{"day":1555545600000,"triggers_amount":1305643},{"day":1555632000000,"triggers_amount":1386271},{"day":1555718400000,"triggers_amount":1360649},{"day":1555804800000,"triggers_amount":1477879},{"day":1555891200000,"triggers_amount":1522297},{"day":1555977600000,"triggers_amount":1475943},{"day":1556064000000,"triggers_amount":1560578},{"day":1556150400000,"triggers_amount":1708377},{"day":1556236800000,"triggers_amount":2056179},{"day":1556323200000,"triggers_amount":2169256},{"day":1556409600000,"triggers_amount":1941808},{"day":1556496000000,"triggers_amount":1911954},{"day":1556582400000,"triggers_amount":1933637},{"day":1556668800000,"triggers_amount":1827965},{"day":1556755200000,"triggers_amount":1870287},{"day":1556841600000,"triggers_amount":2171269},{"day":1556928000000,"triggers_amount":2112221},{"day":1557014400000,"triggers_amount":1977823},{"day":1557100800000,"triggers_amount":1733167},{"day":1557187200000,"triggers_amount":1706771},{"day":1557273600000,"triggers_amount":1538041},{"day":1557360000000,"triggers_amount":1765116},{"day":1557446400000,"triggers_amount":1671324},{"day":1557532800000,"triggers_amount":1930683},{"day":1557619200000,"triggers_amount":1832845},{"day":1557705600000,"triggers_amount":1504596},{"day":1557792000000,"triggers_amount":1543283},{"day":1557878400000,"triggers_amount":1529341},{"day":1557964800000,"triggers_amount":1659718},{"day":1558051200000,"triggers_amount":1281187},{"day":1558137600000,"triggers_amount":1241193},{"day":1558224000000,"triggers_amount":1305904},{"day":1558310400000,"triggers_amount":1278778},{"day":1558396800000,"triggers_amount":1314972},{"day":1558483200000,"triggers_amount":1374265},{"day":1558569600000,"triggers_amount":1397304},{"day":1558656000000,"triggers_amount":1218275},{"day":1558742400000,"triggers_amount":1219518},{"day":1558828800000,"triggers_amount":1140197},{"day":1558915200000,"triggers_amount":1187170},{"day":1559001600000,"triggers_amount":1163728},{"day":1559088000000,"triggers_amount":1016983},{"day":1559174400000,"triggers_amount":1312572},{"day":1559260800000,"triggers_amount":985908},{"day":1559347200000,"triggers_amount":902639},{"day":1559433600000,"triggers_amount":962106},{"day":1559520000000,"triggers_amount":906448},{"day":1559606400000,"triggers_amount":977308},{"day":1559692800000,"triggers_amount":983053},{"day":1559779200000,"triggers_amount":946960},{"day":1559865600000,"triggers_amount":1766910},{"day":1559952000000,"triggers_amount":1585545},{"day":1560038400000,"triggers_amount":1191787},{"day":1560124800000,"triggers_amount":1708304},{"day":1560211200000,"triggers_amount":1068697},{"day":1560297600000,"triggers_amount":1059542},{"day":1560384000000,"triggers_amount":1047730},{"day":1560470400000,"triggers_amount":1125468},{"day":1560556800000,"triggers_amount":1160634},{"day":1560643200000,"triggers_amount":1012891},{"day":1560729600000,"triggers_amount":967143},{"day":1560816000000,"triggers_amount":996604},{"day":1560902400000,"triggers_amount":1262952},{"day":1560988800000,"triggers_amount":100"
12:57:41.308 [TestNG-tests-1] DEBUG org.apache.http.wire -  << "0017},{"day":1561075200000,"triggers_amount":1243972},{"day":1561161600000,"triggers_amount":1152828},{"day":1561248000000,"triggers_amount":1148010},{"day":1561334400000,"triggers_amount":849194},{"day":1561420800000,"triggers_amount":894722},{"day":1561507200000,"triggers_amount":863998},{"day":1561593600000,"triggers_amount":917088},{"day":1561680000000,"triggers_amount":884354},{"day":1561766400000,"triggers_amount":877577},{"day":1561852800000,"triggers_amount":907146},{"day":1561939200000,"triggers_amount":852596},{"day":1562025600000,"triggers_amount":852679},{"day":1562112000000,"triggers_amount":892465},{"day":1562198400000,"triggers_amount":795454},{"day":1562284800000,"triggers_amount":637059},{"day":1562371200000,"triggers_amount":738256},{"day":1562457600000,"triggers_amount":671396},{"day":1562544000000,"triggers_amount":829564},{"day":1562630400000,"triggers_amount":683755},{"day":1562716800000,"triggers_amount":678877},{"day":1562803200000,"triggers_amount":742929},{"day":1562889600000,"triggers_amount":669675},{"day":1562976000000,"triggers_amount":707984},{"day":1563062400000,"triggers_amount":681828},{"day":1563148800000,"triggers_amount":711173},{"day":1563235200000,"triggers_amount":795577},{"day":1563321600000,"triggers_amount":802513},{"day":1563408000000,"triggers_amount":833419},{"day":1563494400000,"triggers_a"
12:57:41.310 [TestNG-tests-1] DEBUG org.apache.http.wire -  << "mount":878432},{"day":1563580800000,"triggers_amount":961504},{"day":1563667200000,"triggers_amount":3297031},{"day":1563753600000,"triggers_amount":5057908},{"day":1563840000000,"triggers_amount":4843719},{"day":1563926400000,"triggers_amount":4474907},{"day":1564012800000,"triggers_amount":3997904},{"day":1564099200000,"triggers_amount":3998296},{"day":1564185600000,"triggers_amount":4379089},{"day":1564272000000,"triggers_amount":4521593},{"day":1564358400000,"triggers_amount":4012678},{"day":1564444800000,"triggers_amount":3407813},{"day":1564531200000,"triggers_amount":2678193},{"day":1564617600000,"triggers_amount":2248138},{"day":1564704000000,"triggers_amount":2079773},{"day":1564790400000,"triggers_amount":2474991},{"day":1564876800000,"triggers_amount":2900258},{"day":1564963200000,"triggers_amount":2928811},{"day":1565049600000,"triggers_amount":2471597},{"day":1565136000000,"triggers_amount":3037025},{"day":1565222400000,"triggers_amount":2780664},{"day":1565308800000,"triggers_amount":2309237},{"day":1565395200000,"triggers_amount":2312861},{"day":1565481600000,"triggers_amount":3316306},{"day":1565568000000,"triggers_amount":2612391},{"day":1565654400000,"triggers_amount":2633727},{"day":1565740800000,"triggers_amount":2733936},{"day":1565827200000,"triggers_amount":2894367},{"day":1565913600000,"triggers_amount":3311267},{"day":1566000000000,"triggers_amount":3686668},{"day":1566086400000,"triggers_amount":3741884},{"day":1566172800000,"triggers_amount":3415603},{"day":1566259200000,"triggers_amount":3337443},{"day":1566345600000,"triggers_amount":2924571},{"day":1566432000000,"triggers_amount":3010100},{"day":1566518400000,"triggers_amount":2562753},{"day":1566604800000,"triggers_amount":2297120},{"day":1566691200000,"triggers_amount":2074752},{"day":1566777600000,"triggers_amount":2245205},{"day":1566864000000,"triggers_amount":2077366},{"day":1566950400000,"triggers_amount":2195854},{"day":1567036800000,"triggers_amount":1964977},{"day":1567123200000,"triggers_amount":1962272},{"day":1567209600000,"triggers_amount":2011435},{"day":1567296000000,"triggers_amount":2138222},{"day":1567382400000,"triggers_amount":1929726},{"day":1567468800000,"triggers_amount":1886533},{"day":1567555200000,"triggers_amount":1764787},{"day":1567641600000,"triggers_amount":1686340},{"day":1567728000000,"triggers_amount":1702427},{"day":1567814400000,"triggers_amount":1802113},{"day":1567900800000,"triggers_amount":1745944},{"day":1567987200000,"triggers_amount":1548903},{"day":1568073600000,"triggers_amount":1431905},{"day":1568160000000,"triggers_amount":1495232},{"day":1568246400000,"triggers_amount":1358720},{"day":1568332800000,"triggers_amount":1398102},{"day":15684"
12:57:41.310 [TestNG-tests-1] DEBUG org.apache.http.wire -  << "19200000,"triggers_amount":1601630},{"day":1568505600000,"triggers_amount":1482533},{"day":1568592000000,"triggers_amount":1455450},{"day":1568678400000,"triggers_amount":1467894},{"day":1568764800000,"triggers_amount":1260333},{"day":1568851200000,"triggers_amount":1413128},{"day":1568937600000,"triggers_amount":1512381},{"day":1569024000000,"triggers_amount":1443053},{"day":1569110400000,"triggers_amount":1664987},{"day":1569196800000,"triggers_amount":1844564},{"day":1569283200000,"triggers_amount":1956829},{"day":1569369600000,"triggers_amount":1918929},{"day":1569456000000,"triggers_amount":2103929},{"day":1569542400000,"triggers_amount":2064257},{"day":1569628800000,"triggers_amount":2208911},{"day":1569715200000,"triggers_amount":2163872},{"day":1569801600000,"triggers_amount":1878135},{"day":1569888000000,"triggers_amount":1923630},{"day":1569974400000,"triggers_amount":2013364},{"day":1570060800000,"triggers_amount":1979865},{"day":1570147200000,"triggers_amount":2125873},{"day":1570233600000,"triggers_amount":1590096},{"day":1570320000000,"triggers_amount":1662622},{"day":1570406400000,"triggers_amount":1778908},{"day":1570492800000,"triggers_amount":2003769},{"day":1570579200000,"triggers_amount":2241596},{"day":1570665600000,"triggers_amount":2147939},{"day":1570752000000,"triggers_amount":2038721},{"day":1570838400000,"triggers_amount":2150376},{"day":1570924800000,"triggers_amount":2095919},{"day":1571011200000,"triggers_amount":2077263},{"day":1571097600000,"triggers_amount":1756343},{"day":1571184000000,"triggers_amount":1916429},{"day":1571270400000,"triggers_amount":2026639},{"day":1571356800000,"triggers_amount":2106722},{"day":1571443200000,"triggers_amount":1803235},{"day":1571529600000,"triggers_amount":1907268},{"day":1571616000000,"triggers_amount":1710036},{"day":1571702400000,"triggers_amount":2212167},{"day":1571788800000,"triggers_amount":2632034},{"day":1571875200000,"triggers_amount":2534829},{"day":1571961600000,"triggers_amount":2431553},{"day":1572048000000,"triggers_amount":2195330},{"day":1572134400000,"triggers_amount":2147964},{"day":1572220800000,"triggers_amount":2339033},{"day":1572307200000,"triggers_amount":1961577},{"day":1572393600000,"triggers_amount":1417732},{"day":1572480000000,"triggers_amount":1353548},{"day":1572566400000,"triggers_amount":1453411},{"day":1572652800000,"triggers_amount":1705201},{"day":1572739200000,"triggers_amount":1582168},{"day":1572825600000,"triggers_amount":1580291},{"day":1572912000000,"triggers_amount":1418855},{"day":1572998400000,"triggers_amount":1195640},{"day":1573084800000,"triggers_amount":1100182},{"day":1573171200000,"triggers_amount":1167340},{"day":1573257600000,"triggers_amount""
12:57:41.310 [TestNG-tests-1] DEBUG org.apache.http.wire -  << ":1521996},{"day":1573344000000,"triggers_amount":1393062},{"day":1573430400000,"triggers_amount":1281765},{"day":1573516800000,"triggers_amount":1162222},{"day":1573603200000,"triggers_amount":1150557},{"day":1573689600000,"triggers_amount":1145952},{"day":1573776000000,"triggers_amount":1115617},{"day":1573862400000,"triggers_amount":902973},{"day":1573948800000,"triggers_amount":1268015},{"day":1574035200000,"triggers_amount":927985},{"day":1574121600000,"triggers_amount":889542},{"day":1574208000000,"triggers_amount":865532},{"day":1574294400000,"triggers_amount":914815},{"day":1574380800000,"triggers_amount":991963},{"day":1574467200000,"triggers_amount":930452},{"day":1574553600000,"triggers_amount":983764},{"day":1574640000000,"triggers_amount":827932},{"day":1574726400000,"triggers_amount":914374},{"day":1574812800000,"triggers_amount":892847},{"day":1574899200000,"triggers_amount":1017158},{"day":1574985600000,"triggers_amount":945212},{"day":1575072000000,"triggers_amount":860371},{"day":1575158400000,"triggers_amount":837542},{"day":1575244800000,"triggers_amount":889085},{"day":1575331200000,"triggers_amount":857624},{"day":1575417600000,"triggers_amount":1023721},{"day":1575504000000,"triggers_amount":951741},{"day":1575590400000,"triggers_amount":986606},{"day":1575676800000,"triggers_amount":898027},{"day":1575763200000,""
12:57:41.310 [TestNG-tests-1] DEBUG org.apache.http.wire -  << "triggers_amount":848461},{"day":1575849600000,"triggers_amount":832289},{"day":1575936000000,"triggers_amount":758903},{"day":1576022400000,"triggers_amount":929561},{"day":1576108800000,"triggers_amount":814030},{"day":1576195200000,"triggers_amount":851293},{"day":1576281600000,"triggers_amount":807392},{"day":1576368000000,"triggers_amount":867492},{"day":1576454400000,"triggers_amount":839167},{"day":1576540800000,"triggers_amount":746196},{"day":1576627200000,"triggers_amount":767612},{"day":1576713600000,"triggers_amount":824703},{"day":1576800000000,"triggers_amount":784156},{"day":1576886400000,"triggers_amount":772961},{"day":1576972800000,"triggers_amount":756673},{"day":1577059200000,"triggers_amount":968447},{"day":1577145600000,"triggers_amount":1443336},{"day":1577232000000,"triggers_amount":1268782},{"day":1577318400000,"triggers_amount":1145975},{"day":1577404800000,"triggers_amount":975755},{"day":1577491200000,"triggers_amount":1570234},{"day":1577577600000,"triggers_amount":1223330},{"day":1577664000000,"triggers_amount":1223331},{"day":1577750400000,"triggers_amount":1291251},{"day":1577836800000,"triggers_amount":1187116},{"day":1577923200000,"triggers_amount":1000847},{"day":1578009600000,"triggers_amount":911316},{"day":1578096000000,"triggers_amount":853473},{"day":1578182400000,"triggers_amount":860825},{"day":"
12:57:41.310 [TestNG-tests-1] DEBUG org.apache.http.wire -  << "1578268800000,"triggers_amount":787131},{"day":1578355200000,"triggers_amount":707667},{"day":1578441600000,"triggers_amount":691875},{"day":1578528000000,"triggers_amount":749863},{"day":1578614400000,"triggers_amount":745677},{"day":1578700800000,"triggers_amount":747775},{"day":1578787200000,"triggers_amount":759081},{"day":1578873600000,"triggers_amount":743572},{"day":1578960000000,"triggers_amount":802661},{"day":1579046400000,"triggers_amount":690703},{"day":1579132800000,"triggers_amount":716535},{"day":1579219200000,"triggers_amount":710943},{"day":1579305600000,"triggers_amount":739834},{"day":1579392000000,"triggers_amount":730103},{"day":1579478400000,"triggers_amount":659883},{"day":1579564800000,"triggers_amount":696460},{"day":1579651200000,"triggers_amount":806729},{"day":1579737600000,"triggers_amount":768366},{"day":1579824000000,"triggers_amount":839156},{"day":1579910400000,"triggers_amount":700971},{"day":1579996800000,"triggers_amount":688736},{"day":1580083200000,"triggers_amount":898022},{"day":1580169600000,"triggers_amount":1161668},{"day":1580256000000,"triggers_amount":922695},{"day":1580342400000,"triggers_amount":835865},{"day":1580428800000,"triggers_amount":763475},{"day":1580515200000,"triggers_amount":727295},{"day":1580601600000,"triggers_amount":861388},{"day":1580688000000,"triggers_amount":848996},"
12:57:41.310 [TestNG-tests-1] DEBUG org.apache.http.wire -  << "{"day":1580774400000,"triggers_amount":835588},{"day":1580860800000,"triggers_amount":721437},{"day":1580947200000,"triggers_amount":638101},{"day":1581033600000,"triggers_amount":653491},{"day":1581120000000,"triggers_amount":679984},{"day":1581206400000,"triggers_amount":664222},{"day":1581292800000,"triggers_amount":606523},{"day":1581379200000,"triggers_amount":622886},{"day":1581465600000,"triggers_amount":606585},{"day":1581552000000,"triggers_amount":657706},{"day":1581638400000,"triggers_amount":677447},{"day":1581724800000,"triggers_amount":706725},{"day":1581811200000,"triggers_amount":740154},{"day":1581897600000,"triggers_amount":694066},{"day":1581984000000,"triggers_amount":681048},{"day":1582070400000,"triggers_amount":679508},{"day":1582156800000,"triggers_amount":723533},{"day":1582243200000,"triggers_amount":775457},{"day":1582329600000,"triggers_amount":870215},{"day":1582416000000,"triggers_amount":902426},{"day":1582502400000,"triggers_amount":771167},{"day":1582588800000,"triggers_amount":767114},{"day":1582675200000,"triggers_amount":814436},{"day":1582761600000,"triggers_amount":865496},{"day":1582848000000,"triggers_amount":1019347},{"day":1582934400000,"triggers_amount":786462},{"day":1583020800000,"triggers_amount":789294},{"day":1583107200000,"triggers_amount":765769},{"day":1583193600000,"triggers_amount":841913},{"day":1583280000000,"triggers_amount":691892},{"day":1583366400000,"triggers_amount":711833},{"day":1583452800000,"triggers_amount":700928},{"day":1583539200000,"triggers_amount":810112},{"day":1583625600000,"triggers_amount":839667},{"day":1583712000000,"triggers_amount":796490},{"day":1583798400000,"triggers_amount":833467},{"day":1583884800000,"triggers_amount":963467},{"day":1583971200000,"triggers_amount":829681},{"day":1584057600000,"triggers_amount":1002025},{"day":1584144000000,"triggers_amount":1044488},{"day":1584230400000,"triggers_amount":1158486},{"day":1584316800000,"triggers_amount":1027392},{"day":1584403200000,"triggers_amount":1095125},{"day":1584489600000,"triggers_amount":1143422},{"day":1584576000000,"triggers_amount":1084140},{"day":1584662400000,"triggers_amount":1005370},{"day":1584748800000,"triggers_amount":1112867},{"day":1584835200000,"triggers_amount":1024733},{"day":1584921600000,"triggers_amount":961280},{"day":1585008000000,"triggers_amount":946255},{"day":1585094400000,"triggers_amount":1009142},{"day":1585180800000,"triggers_amount":1028467},{"day":1585267200000,"triggers_amount":24432}]}[\n]"
12:57:41.310 [TestNG-tests-1] DEBUG org.apache.http.impl.conn.DefaultClientConnection - Connection 0.0.0.0:61007<->18.216.178.128:80 closed
12:57:41.310 [TestNG-tests-1] DEBUG org.apache.http.impl.conn.PoolingClientConnectionManager - Connection released: [id: 17][route: {}->http://apilist.tronscan.org:80][total kept alive: 0; route allocated: 0 of 80; total allocated: 0 of 100]
12:57:41.311 [TestNG-tests-1] INFO tron.common.TronscanApiList - ----------------------------Print JSON Start---------------------------
12:57:41.311 [TestNG-tests-1] INFO tron.common.TronscanApiList - total:534
12:57:41.311 [TestNG-tests-1] INFO tron.common.TronscanApiList - min:{"triggers_amount":17,"day":1539216000000}
12:57:41.313 [TestNG-tests-1] INFO tron.common.TronscanApiList - data:[{"triggers_amount":17,"day":1539216000000},{"triggers_amount":3551,"day":1539302400000},{"triggers_amount":44667,"day":1539388800000},{"triggers_amount":15695,"day":1539475200000},{"triggers_amount":15427,"day":1539561600000},{"triggers_amount":21226,"day":1539648000000},{"triggers_amount":92969,"day":1539734400000},{"triggers_amount":465644,"day":1539820800000},{"triggers_amount":483022,"day":1539907200000},{"triggers_amount":413641,"day":1539993600000},{"triggers_amount":301237,"day":1540080000000},{"triggers_amount":304904,"day":1540166400000},{"triggers_amount":294795,"day":1540252800000},{"triggers_amount":392352,"day":1540339200000},{"triggers_amount":393273,"day":1540425600000},{"triggers_amount":462007,"day":1540512000000},{"triggers_amount":503451,"day":1540598400000},{"triggers_amount":492361,"day":1540684800000},{"triggers_amount":405717,"day":1540771200000},{"triggers_amount":513262,"day":1540857600000},{"triggers_amount":598860,"day":1540944000000},{"triggers_amount":593885,"day":1541030400000},{"triggers_amount":562367,"day":1541116800000},{"triggers_amount":872254,"day":1541203200000},{"triggers_amount":909554,"day":1541289600000},{"triggers_amount":991343,"day":1541376000000},{"triggers_amount":918653,"day":1541462400000},{"triggers_amount":1085551,"day":1541548800000},{"triggers_amount":1140154,"day":1541635200000},{"triggers_amount":1181043,"day":1541721600000},{"triggers_amount":1084391,"day":1541808000000},{"triggers_amount":1267027,"day":1541894400000},{"triggers_amount":1072088,"day":1541980800000},{"triggers_amount":1015555,"day":1542067200000},{"triggers_amount":970257,"day":1542153600000},{"triggers_amount":1013710,"day":1542240000000},{"triggers_amount":1415714,"day":1542326400000},{"triggers_amount":1181952,"day":1542412800000},{"triggers_amount":1120036,"day":1542499200000},{"triggers_amount":1221481,"day":1542585600000},{"triggers_amount":915898,"day":1542672000000},{"triggers_amount":1062013,"day":1542758400000},{"triggers_amount":1287446,"day":1542844800000},{"triggers_amount":1660864,"day":1542931200000},{"triggers_amount":1388303,"day":1543017600000},{"triggers_amount":1439273,"day":1543104000000},{"triggers_amount":1467887,"day":1543190400000},{"triggers_amount":1692525,"day":1543276800000},{"triggers_amount":1685332,"day":1543363200000},{"triggers_amount":1764499,"day":1543449600000},{"triggers_amount":1654522,"day":1543536000000},{"triggers_amount":1535339,"day":1543622400000},{"triggers_amount":1565870,"day":1543708800000},{"triggers_amount":1536744,"day":1543795200000},{"triggers_amount":1502469,"day":1543881600000},{"triggers_amount":1767346,"day":1543968000000},{"triggers_amount":1903097,"day":1544054400000},{"triggers_amount":1841366,"day":1544140800000},{"triggers_amount":1999528,"day":1544227200000},{"triggers_amount":1945117,"day":1544313600000},{"triggers_amount":2227190,"day":1544400000000},{"triggers_amount":2202148,"day":1544486400000},{"triggers_amount":2185653,"day":1544572800000},{"triggers_amount":2347868,"day":1544659200000},{"triggers_amount":2490183,"day":1544745600000},{"triggers_amount":2730218,"day":1544832000000},{"triggers_amount":2835958,"day":1544918400000},{"triggers_amount":2634289,"day":1545004800000},{"triggers_amount":2552757,"day":1545091200000},{"triggers_amount":1589133,"day":1545177600000},{"triggers_amount":2872871,"day":1545264000000},{"triggers_amount":3100281,"day":1545350400000},{"triggers_amount":2447612,"day":1545436800000},{"triggers_amount":3124093,"day":1545523200000},{"triggers_amount":2418166,"day":1545609600000},{"triggers_amount":2184469,"day":1545696000000},{"triggers_amount":2287157,"day":1545782400000},{"triggers_amount":2161791,"day":1545868800000},{"triggers_amount":2193141,"day":1545955200000},{"triggers_amount":2354720,"day":1546041600000},{"triggers_amount":2558317,"day":1546128000000},{"triggers_amount":2550545,"day":1546214400000},{"triggers_amount":2412706,"day":1546300800000},{"triggers_amount":2465465,"day":1546387200000},{"triggers_amount":2207823,"day":1546473600000},{"triggers_amount":2422109,"day":1546560000000},{"triggers_amount":2242871,"day":1546646400000},{"triggers_amount":1954678,"day":1546732800000},{"triggers_amount":1712667,"day":1546819200000},{"triggers_amount":1799279,"day":1546905600000},{"triggers_amount":1592150,"day":1546992000000},{"triggers_amount":1598102,"day":1547078400000},{"triggers_amount":2109894,"day":1547164800000},{"triggers_amount":2295144,"day":1547251200000},{"triggers_amount":2453484,"day":1547337600000},{"triggers_amount":2562882,"day":1547424000000},{"triggers_amount":2699265,"day":1547510400000},{"triggers_amount":3246464,"day":1547596800000},{"triggers_amount":3006991,"day":1547683200000},{"triggers_amount":2685004,"day":1547769600000},{"triggers_amount":2471742,"day":1547856000000},{"triggers_amount":2144746,"day":1547942400000},{"triggers_amount":1872557,"day":1548028800000},{"triggers_amount":1918047,"day":1548115200000},{"triggers_amount":2279854,"day":1548201600000},{"triggers_amount":2112798,"day":1548288000000},{"triggers_amount":1911302,"day":1548374400000},{"triggers_amount":2374843,"day":1548460800000},{"triggers_amount":2053997,"day":1548547200000},{"triggers_amount":1586884,"day":1548633600000},{"triggers_amount":1583955,"day":1548720000000},{"triggers_amount":1717126,"day":1548806400000},{"triggers_amount":1693500,"day":1548892800000},{"triggers_amount":1805385,"day":1548979200000},{"triggers_amount":1674775,"day":1549065600000},{"triggers_amount":1642140,"day":1549152000000},{"triggers_amount":1469125,"day":1549238400000},{"triggers_amount":1360556,"day":1549324800000},{"triggers_amount":1363257,"day":1549411200000},{"triggers_amount":1362336,"day":1549497600000},{"triggers_amount":1305635,"day":1549584000000},{"triggers_amount":1484469,"day":1549670400000},{"triggers_amount":1352334,"day":1549756800000},{"triggers_amount":1216455,"day":1549843200000},{"triggers_amount":1234800,"day":1549929600000},{"triggers_amount":1271565,"day":1550016000000},{"triggers_amount":1232273,"day":1550102400000},{"triggers_amount":1300661,"day":1550188800000},{"triggers_amount":1347649,"day":1550275200000},{"triggers_amount":1128470,"day":1550361600000},{"triggers_amount":1157650,"day":1550448000000},{"triggers_amount":1290962,"day":1550534400000},{"triggers_amount":1237004,"day":1550620800000},{"triggers_amount":1246360,"day":1550707200000},{"triggers_amount":1097107,"day":1550793600000},{"triggers_amount":1162253,"day":1550880000000},{"triggers_amount":1194351,"day":1550966400000},{"triggers_amount":1266780,"day":1551052800000},{"triggers_amount":1418717,"day":1551139200000},{"triggers_amount":1393607,"day":1551225600000},{"triggers_amount":1338952,"day":1551312000000},{"triggers_amount":1322493,"day":1551398400000},{"triggers_amount":1450663,"day":1551484800000},{"triggers_amount":1485765,"day":1551571200000},{"triggers_amount":1675354,"day":1551657600000},{"triggers_amount":2166681,"day":1551744000000},{"triggers_amount":2532103,"day":1551830400000},{"triggers_amount":2855326,"day":1551916800000},{"triggers_amount":2562567,"day":1552003200000},{"triggers_amount":2497684,"day":1552089600000},{"triggers_amount":2387836,"day":1552176000000},{"triggers_amount":2393448,"day":1552262400000},{"triggers_amount":2583699,"day":1552348800000},{"triggers_amount":2659602,"day":1552435200000},{"triggers_amount":2764877,"day":1552521600000},{"triggers_amount":2629025,"day":1552608000000},{"triggers_amount":2385788,"day":1552694400000},{"triggers_amount":1767543,"day":1552780800000},{"triggers_amount":2061005,"day":1552867200000},{"triggers_amount":2092236,"day":1552953600000},{"triggers_amount":1913474,"day":1553040000000},{"triggers_amount":2199583,"day":1553126400000},{"triggers_amount":2072047,"day":1553212800000},{"triggers_amount":1606330,"day":1553299200000},{"triggers_amount":1328659,"day":1553385600000},{"triggers_amount":1377066,"day":1553472000000},{"triggers_amount":4114629,"day":1553558400000},{"triggers_amount":2862898,"day":1553644800000},{"triggers_amount":2560705,"day":1553731200000},{"triggers_amount":1911925,"day":1553817600000},{"triggers_amount":1652535,"day":1553904000000},{"triggers_amount":1654913,"day":1553990400000},{"triggers_amount":1406340,"day":1554076800000},{"triggers_amount":1347178,"day":1554163200000},{"triggers_amount":1573682,"day":1554249600000},{"triggers_amount":1620749,"day":1554336000000},{"triggers_amount":1584069,"day":1554422400000},{"triggers_amount":1711989,"day":1554508800000},{"triggers_amount":1985217,"day":1554595200000},{"triggers_amount":1761130,"day":1554681600000},{"triggers_amount":1727462,"day":1554768000000},{"triggers_amount":1617336,"day":1554854400000},{"triggers_amount":1520575,"day":1554940800000},{"triggers_amount":1742500,"day":1555027200000},{"triggers_amount":1712825,"day":1555113600000},{"triggers_amount":1800473,"day":1555200000000},{"triggers_amount":1982750,"day":1555286400000},{"triggers_amount":1447745,"day":1555372800000},{"triggers_amount":1445027,"day":1555459200000},{"triggers_amount":1305643,"day":1555545600000},{"triggers_amount":1386271,"day":1555632000000},{"triggers_amount":1360649,"day":1555718400000},{"triggers_amount":1477879,"day":1555804800000},{"triggers_amount":1522297,"day":1555891200000},{"triggers_amount":1475943,"day":1555977600000},{"triggers_amount":1560578,"day":1556064000000},{"triggers_amount":1708377,"day":1556150400000},{"triggers_amount":2056179,"day":1556236800000},{"triggers_amount":2169256,"day":1556323200000},{"triggers_amount":1941808,"day":1556409600000},{"triggers_amount":1911954,"day":1556496000000},{"triggers_amount":1933637,"day":1556582400000},{"triggers_amount":1827965,"day":1556668800000},{"triggers_amount":1870287,"day":1556755200000},{"triggers_amount":2171269,"day":1556841600000},{"triggers_amount":2112221,"day":1556928000000},{"triggers_amount":1977823,"day":1557014400000},{"triggers_amount":1733167,"day":1557100800000},{"triggers_amount":1706771,"day":1557187200000},{"triggers_amount":1538041,"day":1557273600000},{"triggers_amount":1765116,"day":1557360000000},{"triggers_amount":1671324,"day":1557446400000},{"triggers_amount":1930683,"day":1557532800000},{"triggers_amount":1832845,"day":1557619200000},{"triggers_amount":1504596,"day":1557705600000},{"triggers_amount":1543283,"day":1557792000000},{"triggers_amount":1529341,"day":1557878400000},{"triggers_amount":1659718,"day":1557964800000},{"triggers_amount":1281187,"day":1558051200000},{"triggers_amount":1241193,"day":1558137600000},{"triggers_amount":1305904,"day":1558224000000},{"triggers_amount":1278778,"day":1558310400000},{"triggers_amount":1314972,"day":1558396800000},{"triggers_amount":1374265,"day":1558483200000},{"triggers_amount":1397304,"day":1558569600000},{"triggers_amount":1218275,"day":1558656000000},{"triggers_amount":1219518,"day":1558742400000},{"triggers_amount":1140197,"day":1558828800000},{"triggers_amount":1187170,"day":1558915200000},{"triggers_amount":1163728,"day":1559001600000},{"triggers_amount":1016983,"day":1559088000000},{"triggers_amount":1312572,"day":1559174400000},{"triggers_amount":985908,"day":1559260800000},{"triggers_amount":902639,"day":1559347200000},{"triggers_amount":962106,"day":1559433600000},{"triggers_amount":906448,"day":1559520000000},{"triggers_amount":977308,"day":1559606400000},{"triggers_amount":983053,"day":1559692800000},{"triggers_amount":946960,"day":1559779200000},{"triggers_amount":1766910,"day":1559865600000},{"triggers_amount":1585545,"day":1559952000000},{"triggers_amount":1191787,"day":1560038400000},{"triggers_amount":1708304,"day":1560124800000},{"triggers_amount":1068697,"day":1560211200000},{"triggers_amount":1059542,"day":1560297600000},{"triggers_amount":1047730,"day":1560384000000},{"triggers_amount":1125468,"day":1560470400000},{"triggers_amount":1160634,"day":1560556800000},{"triggers_amount":1012891,"day":1560643200000},{"triggers_amount":967143,"day":1560729600000},{"triggers_amount":996604,"day":1560816000000},{"triggers_amount":1262952,"day":1560902400000},{"triggers_amount":1000017,"day":1560988800000},{"triggers_amount":1243972,"day":1561075200000},{"triggers_amount":1152828,"day":1561161600000},{"triggers_amount":1148010,"day":1561248000000},{"triggers_amount":849194,"day":1561334400000},{"triggers_amount":894722,"day":1561420800000},{"triggers_amount":863998,"day":1561507200000},{"triggers_amount":917088,"day":1561593600000},{"triggers_amount":884354,"day":1561680000000},{"triggers_amount":877577,"day":1561766400000},{"triggers_amount":907146,"day":1561852800000},{"triggers_amount":852596,"day":1561939200000},{"triggers_amount":852679,"day":1562025600000},{"triggers_amount":892465,"day":1562112000000},{"triggers_amount":795454,"day":1562198400000},{"triggers_amount":637059,"day":1562284800000},{"triggers_amount":738256,"day":1562371200000},{"triggers_amount":671396,"day":1562457600000},{"triggers_amount":829564,"day":1562544000000},{"triggers_amount":683755,"day":1562630400000},{"triggers_amount":678877,"day":1562716800000},{"triggers_amount":742929,"day":1562803200000},{"triggers_amount":669675,"day":1562889600000},{"triggers_amount":707984,"day":1562976000000},{"triggers_amount":681828,"day":1563062400000},{"triggers_amount":711173,"day":1563148800000},{"triggers_amount":795577,"day":1563235200000},{"triggers_amount":802513,"day":1563321600000},{"triggers_amount":833419,"day":1563408000000},{"triggers_amount":878432,"day":1563494400000},{"triggers_amount":961504,"day":1563580800000},{"triggers_amount":3297031,"day":1563667200000},{"triggers_amount":5057908,"day":1563753600000},{"triggers_amount":4843719,"day":1563840000000},{"triggers_amount":4474907,"day":1563926400000},{"triggers_amount":3997904,"day":1564012800000},{"triggers_amount":3998296,"day":1564099200000},{"triggers_amount":4379089,"day":1564185600000},{"triggers_amount":4521593,"day":1564272000000},{"triggers_amount":4012678,"day":1564358400000},{"triggers_amount":3407813,"day":1564444800000},{"triggers_amount":2678193,"day":1564531200000},{"triggers_amount":2248138,"day":1564617600000},{"triggers_amount":2079773,"day":1564704000000},{"triggers_amount":2474991,"day":1564790400000},{"triggers_amount":2900258,"day":1564876800000},{"triggers_amount":2928811,"day":1564963200000},{"triggers_amount":2471597,"day":1565049600000},{"triggers_amount":3037025,"day":1565136000000},{"triggers_amount":2780664,"day":1565222400000},{"triggers_amount":2309237,"day":1565308800000},{"triggers_amount":2312861,"day":1565395200000},{"triggers_amount":3316306,"day":1565481600000},{"triggers_amount":2612391,"day":1565568000000},{"triggers_amount":2633727,"day":1565654400000},{"triggers_amount":2733936,"day":1565740800000},{"triggers_amount":2894367,"day":1565827200000},{"triggers_amount":3311267,"day":1565913600000},{"triggers_amount":3686668,"day":1566000000000},{"triggers_amount":3741884,"day":1566086400000},{"triggers_amount":3415603,"day":1566172800000},{"triggers_amount":3337443,"day":1566259200000},{"triggers_amount":2924571,"day":1566345600000},{"triggers_amount":3010100,"day":1566432000000},{"triggers_amount":2562753,"day":1566518400000},{"triggers_amount":2297120,"day":1566604800000},{"triggers_amount":2074752,"day":1566691200000},{"triggers_amount":2245205,"day":1566777600000},{"triggers_amount":2077366,"day":1566864000000},{"triggers_amount":2195854,"day":1566950400000},{"triggers_amount":1964977,"day":1567036800000},{"triggers_amount":1962272,"day":1567123200000},{"triggers_amount":2011435,"day":1567209600000},{"triggers_amount":2138222,"day":1567296000000},{"triggers_amount":1929726,"day":1567382400000},{"triggers_amount":1886533,"day":1567468800000},{"triggers_amount":1764787,"day":1567555200000},{"triggers_amount":1686340,"day":1567641600000},{"triggers_amount":1702427,"day":1567728000000},{"triggers_amount":1802113,"day":1567814400000},{"triggers_amount":1745944,"day":1567900800000},{"triggers_amount":1548903,"day":1567987200000},{"triggers_amount":1431905,"day":1568073600000},{"triggers_amount":1495232,"day":1568160000000},{"triggers_amount":1358720,"day":1568246400000},{"triggers_amount":1398102,"day":1568332800000},{"triggers_amount":1601630,"day":1568419200000},{"triggers_amount":1482533,"day":1568505600000},{"triggers_amount":1455450,"day":1568592000000},{"triggers_amount":1467894,"day":1568678400000},{"triggers_amount":1260333,"day":1568764800000},{"triggers_amount":1413128,"day":1568851200000},{"triggers_amount":1512381,"day":1568937600000},{"triggers_amount":1443053,"day":1569024000000},{"triggers_amount":1664987,"day":1569110400000},{"triggers_amount":1844564,"day":1569196800000},{"triggers_amount":1956829,"day":1569283200000},{"triggers_amount":1918929,"day":1569369600000},{"triggers_amount":2103929,"day":1569456000000},{"triggers_amount":2064257,"day":1569542400000},{"triggers_amount":2208911,"day":1569628800000},{"triggers_amount":2163872,"day":1569715200000},{"triggers_amount":1878135,"day":1569801600000},{"triggers_amount":1923630,"day":1569888000000},{"triggers_amount":2013364,"day":1569974400000},{"triggers_amount":1979865,"day":1570060800000},{"triggers_amount":2125873,"day":1570147200000},{"triggers_amount":1590096,"day":1570233600000},{"triggers_amount":1662622,"day":1570320000000},{"triggers_amount":1778908,"day":1570406400000},{"triggers_amount":2003769,"day":1570492800000},{"triggers_amount":2241596,"day":1570579200000},{"triggers_amount":2147939,"day":1570665600000},{"triggers_amount":2038721,"day":1570752000000},{"triggers_amount":2150376,"day":1570838400000},{"triggers_amount":2095919,"day":1570924800000},{"triggers_amount":2077263,"day":1571011200000},{"triggers_amount":1756343,"day":1571097600000},{"triggers_amount":1916429,"day":1571184000000},{"triggers_amount":2026639,"day":1571270400000},{"triggers_amount":2106722,"day":1571356800000},{"triggers_amount":1803235,"day":1571443200000},{"triggers_amount":1907268,"day":1571529600000},{"triggers_amount":1710036,"day":1571616000000},{"triggers_amount":2212167,"day":1571702400000},{"triggers_amount":2632034,"day":1571788800000},{"triggers_amount":2534829,"day":1571875200000},{"triggers_amount":2431553,"day":1571961600000},{"triggers_amount":2195330,"day":1572048000000},{"triggers_amount":2147964,"day":1572134400000},{"triggers_amount":2339033,"day":1572220800000},{"triggers_amount":1961577,"day":1572307200000},{"triggers_amount":1417732,"day":1572393600000},{"triggers_amount":1353548,"day":1572480000000},{"triggers_amount":1453411,"day":1572566400000},{"triggers_amount":1705201,"day":1572652800000},{"triggers_amount":1582168,"day":1572739200000},{"triggers_amount":1580291,"day":1572825600000},{"triggers_amount":1418855,"day":1572912000000},{"triggers_amount":1195640,"day":1572998400000},{"triggers_amount":1100182,"day":1573084800000},{"triggers_amount":1167340,"day":1573171200000},{"triggers_amount":1521996,"day":1573257600000},{"triggers_amount":1393062,"day":1573344000000},{"triggers_amount":1281765,"day":1573430400000},{"triggers_amount":1162222,"day":1573516800000},{"triggers_amount":1150557,"day":1573603200000},{"triggers_amount":1145952,"day":1573689600000},{"triggers_amount":1115617,"day":1573776000000},{"triggers_amount":902973,"day":1573862400000},{"triggers_amount":1268015,"day":1573948800000},{"triggers_amount":927985,"day":1574035200000},{"triggers_amount":889542,"day":1574121600000},{"triggers_amount":865532,"day":1574208000000},{"triggers_amount":914815,"day":1574294400000},{"triggers_amount":991963,"day":1574380800000},{"triggers_amount":930452,"day":1574467200000},{"triggers_amount":983764,"day":1574553600000},{"triggers_amount":827932,"day":1574640000000},{"triggers_amount":914374,"day":1574726400000},{"triggers_amount":892847,"day":1574812800000},{"triggers_amount":1017158,"day":1574899200000},{"triggers_amount":945212,"day":1574985600000},{"triggers_amount":860371,"day":1575072000000},{"triggers_amount":837542,"day":1575158400000},{"triggers_amount":889085,"day":1575244800000},{"triggers_amount":857624,"day":1575331200000},{"triggers_amount":1023721,"day":1575417600000},{"triggers_amount":951741,"day":1575504000000},{"triggers_amount":986606,"day":1575590400000},{"triggers_amount":898027,"day":1575676800000},{"triggers_amount":848461,"day":1575763200000},{"triggers_amount":832289,"day":1575849600000},{"triggers_amount":758903,"day":1575936000000},{"triggers_amount":929561,"day":1576022400000},{"triggers_amount":814030,"day":1576108800000},{"triggers_amount":851293,"day":1576195200000},{"triggers_amount":807392,"day":1576281600000},{"triggers_amount":867492,"day":1576368000000},{"triggers_amount":839167,"day":1576454400000},{"triggers_amount":746196,"day":1576540800000},{"triggers_amount":767612,"day":1576627200000},{"triggers_amount":824703,"day":1576713600000},{"triggers_amount":784156,"day":1576800000000},{"triggers_amount":772961,"day":1576886400000},{"triggers_amount":756673,"day":1576972800000},{"triggers_amount":968447,"day":1577059200000},{"triggers_amount":1443336,"day":1577145600000},{"triggers_amount":1268782,"day":1577232000000},{"triggers_amount":1145975,"day":1577318400000},{"triggers_amount":975755,"day":1577404800000},{"triggers_amount":1570234,"day":1577491200000},{"triggers_amount":1223330,"day":1577577600000},{"triggers_amount":1223331,"day":1577664000000},{"triggers_amount":1291251,"day":1577750400000},{"triggers_amount":1187116,"day":1577836800000},{"triggers_amount":1000847,"day":1577923200000},{"triggers_amount":911316,"day":1578009600000},{"triggers_amount":853473,"day":1578096000000},{"triggers_amount":860825,"day":1578182400000},{"triggers_amount":787131,"day":1578268800000},{"triggers_amount":707667,"day":1578355200000},{"triggers_amount":691875,"day":1578441600000},{"triggers_amount":749863,"day":1578528000000},{"triggers_amount":745677,"day":1578614400000},{"triggers_amount":747775,"day":1578700800000},{"triggers_amount":759081,"day":1578787200000},{"triggers_amount":743572,"day":1578873600000},{"triggers_amount":802661,"day":1578960000000},{"triggers_amount":690703,"day":1579046400000},{"triggers_amount":716535,"day":1579132800000},{"triggers_amount":710943,"day":1579219200000},{"triggers_amount":739834,"day":1579305600000},{"triggers_amount":730103,"day":1579392000000},{"triggers_amount":659883,"day":1579478400000},{"triggers_amount":696460,"day":1579564800000},{"triggers_amount":806729,"day":1579651200000},{"triggers_amount":768366,"day":1579737600000},{"triggers_amount":839156,"day":1579824000000},{"triggers_amount":700971,"day":1579910400000},{"triggers_amount":688736,"day":1579996800000},{"triggers_amount":898022,"day":1580083200000},{"triggers_amount":1161668,"day":1580169600000},{"triggers_amount":922695,"day":1580256000000},{"triggers_amount":835865,"day":1580342400000},{"triggers_amount":763475,"day":1580428800000},{"triggers_amount":727295,"day":1580515200000},{"triggers_amount":861388,"day":1580601600000},{"triggers_amount":848996,"day":1580688000000},{"triggers_amount":835588,"day":1580774400000},{"triggers_amount":721437,"day":1580860800000},{"triggers_amount":638101,"day":1580947200000},{"triggers_amount":653491,"day":1581033600000},{"triggers_amount":679984,"day":1581120000000},{"triggers_amount":664222,"day":1581206400000},{"triggers_amount":606523,"day":1581292800000},{"triggers_amount":622886,"day":1581379200000},{"triggers_amount":606585,"day":1581465600000},{"triggers_amount":657706,"day":1581552000000},{"triggers_amount":677447,"day":1581638400000},{"triggers_amount":706725,"day":1581724800000},{"triggers_amount":740154,"day":1581811200000},{"triggers_amount":694066,"day":1581897600000},{"triggers_amount":681048,"day":1581984000000},{"triggers_amount":679508,"day":1582070400000},{"triggers_amount":723533,"day":1582156800000},{"triggers_amount":775457,"day":1582243200000},{"triggers_amount":870215,"day":1582329600000},{"triggers_amount":902426,"day":1582416000000},{"triggers_amount":771167,"day":1582502400000},{"triggers_amount":767114,"day":1582588800000},{"triggers_amount":814436,"day":1582675200000},{"triggers_amount":865496,"day":1582761600000},{"triggers_amount":1019347,"day":1582848000000},{"triggers_amount":786462,"day":1582934400000},{"triggers_amount":789294,"day":1583020800000},{"triggers_amount":765769,"day":1583107200000},{"triggers_amount":841913,"day":1583193600000},{"triggers_amount":691892,"day":1583280000000},{"triggers_amount":711833,"day":1583366400000},{"triggers_amount":700928,"day":1583452800000},{"triggers_amount":810112,"day":1583539200000},{"triggers_amount":839667,"day":1583625600000},{"triggers_amount":796490,"day":1583712000000},{"triggers_amount":833467,"day":1583798400000},{"triggers_amount":963467,"day":1583884800000},{"triggers_amount":829681,"day":1583971200000},{"triggers_amount":1002025,"day":1584057600000},{"triggers_amount":1044488,"day":1584144000000},{"triggers_amount":1158486,"day":1584230400000},{"triggers_amount":1027392,"day":1584316800000},{"triggers_amount":1095125,"day":1584403200000},{"triggers_amount":1143422,"day":1584489600000},{"triggers_amount":1084140,"day":1584576000000},{"triggers_amount":1005370,"day":1584662400000},{"triggers_amount":1112867,"day":1584748800000},{"triggers_amount":1024733,"day":1584835200000},{"triggers_amount":961280,"day":1584921600000},{"triggers_amount":946255,"day":1585008000000},{"triggers_amount":1009142,"day":1585094400000},{"triggers_amount":1028467,"day":1585180800000},{"triggers_amount":24432,"day":1585267200000}]
12:57:41.313 [TestNG-tests-1] INFO tron.common.TronscanApiList - max:{"triggers_amount":5057908,"day":1563753600000}
12:57:41.313 [TestNG-tests-1] INFO tron.common.TronscanApiList - JSON content size are: 4
12:57:41.313 [TestNG-tests-1] INFO tron.common.TronscanApiList - ----------------------------Print JSON End-----------------------------
]]></system-out>
  <system-err><![CDATA[]]></system-err>
</testsuite>
