<?xml version="1.0" encoding="UTF-8"?>
<testsuite name="tron.tronscan.api.LastestBlock" tests="1" skipped="0" failures="0" errors="0" timestamp="2020-03-27T04:58:44" hostname="zhukaideiMac.local" time="0.468">
  <properties/>
  <testcase name="getLastestBlockTest" classname="tron.tronscan.api.LastestBlock" time="0.468"/>
  <system-out><![CDATA[http://apilist.tronscan.org/api/block/latest
12:58:44.783 [TestNG-tests-1] DEBUG org.apache.http.impl.conn.PoolingClientConnectionManager - Connection request: [route: {}->http://apilist.tronscan.org:80][total kept alive: 0; route allocated: 0 of 80; total allocated: 0 of 100]
12:58:44.783 [TestNG-tests-1] DEBUG org.apache.http.impl.conn.PoolingClientConnectionManager - Connection leased: [id: 63][route: {}->http://apilist.tronscan.org:80][total kept alive: 0; route allocated: 1 of 80; total allocated: 1 of 100]
12:58:44.783 [TestNG-tests-1] DEBUG org.apache.http.impl.conn.DefaultClientConnectionOperator - Connecting to apilist.tronscan.org:80
12:58:45.014 [TestNG-tests-1] DEBUG org.apache.http.client.protocol.RequestAddCookies - CookieSpec selected: default
12:58:45.014 [TestNG-tests-1] DEBUG org.apache.http.client.protocol.RequestAuthCache - Auth cache not set in the context
12:58:45.014 [TestNG-tests-1] DEBUG org.apache.http.client.protocol.RequestTargetAuthentication - Target auth state: UNCHALLENGED
12:58:45.015 [TestNG-tests-1] DEBUG org.apache.http.client.protocol.RequestProxyAuthentication - Proxy auth state: UNCHALLENGED
12:58:45.015 [TestNG-tests-1] DEBUG org.apache.http.impl.client.DefaultHttpClient - Attempt 1 to execute request
12:58:45.015 [TestNG-tests-1] DEBUG org.apache.http.impl.conn.DefaultClientConnection - Sending request: GET /api/block/latest HTTP/1.1
12:58:45.015 [TestNG-tests-1] DEBUG org.apache.http.wire -  >> "GET /api/block/latest HTTP/1.1[\r][\n]"
12:58:45.015 [TestNG-tests-1] DEBUG org.apache.http.wire -  >> "Content-type: application/json; charset=utf-8[\r][\n]"
12:58:45.015 [TestNG-tests-1] DEBUG org.apache.http.wire -  >> "Connection: Close[\r][\n]"
12:58:45.015 [TestNG-tests-1] DEBUG org.apache.http.wire -  >> "Host: apilist.tronscan.org[\r][\n]"
12:58:45.015 [TestNG-tests-1] DEBUG org.apache.http.wire -  >> "User-Agent: Apache-HttpClient/4.5.3 (Java/1.8.0_211)[\r][\n]"
12:58:45.015 [TestNG-tests-1] DEBUG org.apache.http.wire -  >> "[\r][\n]"
12:58:45.015 [TestNG-tests-1] DEBUG org.apache.http.headers - >> GET /api/block/latest HTTP/1.1
12:58:45.015 [TestNG-tests-1] DEBUG org.apache.http.headers - >> Content-type: application/json; charset=utf-8
12:58:45.015 [TestNG-tests-1] DEBUG org.apache.http.headers - >> Connection: Close
12:58:45.015 [TestNG-tests-1] DEBUG org.apache.http.headers - >> Host: apilist.tronscan.org
12:58:45.015 [TestNG-tests-1] DEBUG org.apache.http.headers - >> User-Agent: Apache-HttpClient/4.5.3 (Java/1.8.0_211)
12:58:45.250 [TestNG-tests-1] DEBUG org.apache.http.wire -  << "HTTP/1.1 200 OK[\r][\n]"
12:58:45.250 [TestNG-tests-1] DEBUG org.apache.http.wire -  << "Server: nginx[\r][\n]"
12:58:45.250 [TestNG-tests-1] DEBUG org.apache.http.wire -  << "Date: Fri, 27 Mar 2020 04:58:45 GMT[\r][\n]"
12:58:45.250 [TestNG-tests-1] DEBUG org.apache.http.wire -  << "Content-Type: application/json;charset=utf-8[\r][\n]"
12:58:45.250 [TestNG-tests-1] DEBUG org.apache.http.wire -  << "Content-Length: 377[\r][\n]"
12:58:45.250 [TestNG-tests-1] DEBUG org.apache.http.wire -  << "Connection: close[\r][\n]"
12:58:45.250 [TestNG-tests-1] DEBUG org.apache.http.wire -  << "Access-Control-Allow-Origin: *[\r][\n]"
12:58:45.250 [TestNG-tests-1] DEBUG org.apache.http.wire -  << "Access-Control-Allow-Headers: DNT,X-Mx-ReqToken,Keep-Alive,User-Agent,X-Requested-With,If-Modified-Since,Cache-Control,Content-Type,Authorization[\r][\n]"
12:58:45.250 [TestNG-tests-1] DEBUG org.apache.http.wire -  << "Access-Control-Allow-Methods: GET,POST,PUT,DELETE,OPTIONS[\r][\n]"
12:58:45.250 [TestNG-tests-1] DEBUG org.apache.http.wire -  << "X-Proxy-Cache: UPDATING[\r][\n]"
12:58:45.250 [TestNG-tests-1] DEBUG org.apache.http.wire -  << "[\r][\n]"
12:58:45.250 [TestNG-tests-1] DEBUG org.apache.http.impl.conn.DefaultClientConnection - Receiving response: HTTP/1.1 200 OK
12:58:45.250 [TestNG-tests-1] DEBUG org.apache.http.headers - << HTTP/1.1 200 OK
12:58:45.250 [TestNG-tests-1] DEBUG org.apache.http.headers - << Server: nginx
12:58:45.250 [TestNG-tests-1] DEBUG org.apache.http.headers - << Date: Fri, 27 Mar 2020 04:58:45 GMT
12:58:45.250 [TestNG-tests-1] DEBUG org.apache.http.headers - << Content-Type: application/json;charset=utf-8
12:58:45.250 [TestNG-tests-1] DEBUG org.apache.http.headers - << Content-Length: 377
12:58:45.250 [TestNG-tests-1] DEBUG org.apache.http.headers - << Connection: close
12:58:45.250 [TestNG-tests-1] DEBUG org.apache.http.headers - << Access-Control-Allow-Origin: *
12:58:45.250 [TestNG-tests-1] DEBUG org.apache.http.headers - << Access-Control-Allow-Headers: DNT,X-Mx-ReqToken,Keep-Alive,User-Agent,X-Requested-With,If-Modified-Since,Cache-Control,Content-Type,Authorization
12:58:45.250 [TestNG-tests-1] DEBUG org.apache.http.headers - << Access-Control-Allow-Methods: GET,POST,PUT,DELETE,OPTIONS
12:58:45.250 [TestNG-tests-1] DEBUG org.apache.http.headers - << X-Proxy-Cache: UPDATING
http://apilist.tronscan.org/api/block/latest 请求总耗时：467 毫秒
12:58:45.250 [TestNG-tests-1] DEBUG org.apache.http.wire -  << "{"number":18340871,"hash":"000000000117dc072a20df6c41c76b837e7e8f3fd522378c4fd52528998ed429","size":11527,"timestamp":1585285107000,"txTrieRoot":"srPdYkNtcUfqNEs2KVh4nN753GVYa9itiCt9UrkWiQUa24b5u","parentHash":"000000000117dc066dcd449185477b569215fd2c1ed35c1a62698ecb4a96b25c","witnessId":0,"witnessAddress":"TV9QitxEJ3pdiAUAfJ2QuPxLKp9qTTR3og","nrOfTrx":30,"confirmed":false}[\n]"
12:58:45.250 [TestNG-tests-1] DEBUG org.apache.http.impl.conn.DefaultClientConnection - Connection 0.0.0.0:61345<->18.216.178.128:80 closed
12:58:45.250 [TestNG-tests-1] DEBUG org.apache.http.impl.conn.PoolingClientConnectionManager - Connection released: [id: 63][route: {}->http://apilist.tronscan.org:80][total kept alive: 0; route allocated: 0 of 80; total allocated: 0 of 100]
12:58:45.250 [TestNG-tests-1] INFO tron.common.TronscanApiList - ----------------------------Print JSON Start---------------------------
12:58:45.250 [TestNG-tests-1] INFO tron.common.TronscanApiList - number:18340871
12:58:45.250 [TestNG-tests-1] INFO tron.common.TronscanApiList - nrOfTrx:30
12:58:45.250 [TestNG-tests-1] INFO tron.common.TronscanApiList - witnessAddress:TV9QitxEJ3pdiAUAfJ2QuPxLKp9qTTR3og
12:58:45.250 [TestNG-tests-1] INFO tron.common.TronscanApiList - size:11527
12:58:45.250 [TestNG-tests-1] INFO tron.common.TronscanApiList - txTrieRoot:srPdYkNtcUfqNEs2KVh4nN753GVYa9itiCt9UrkWiQUa24b5u
12:58:45.250 [TestNG-tests-1] INFO tron.common.TronscanApiList - parentHash:000000000117dc066dcd449185477b569215fd2c1ed35c1a62698ecb4a96b25c
12:58:45.250 [TestNG-tests-1] INFO tron.common.TronscanApiList - witnessId:0
12:58:45.250 [TestNG-tests-1] INFO tron.common.TronscanApiList - confirmed:false
12:58:45.250 [TestNG-tests-1] INFO tron.common.TronscanApiList - hash:000000000117dc072a20df6c41c76b837e7e8f3fd522378c4fd52528998ed429
12:58:45.250 [TestNG-tests-1] INFO tron.common.TronscanApiList - timestamp:1585285107000
12:58:45.250 [TestNG-tests-1] INFO tron.common.TronscanApiList - JSON content size are: 10
12:58:45.250 [TestNG-tests-1] INFO tron.common.TronscanApiList - ----------------------------Print JSON End-----------------------------
]]></system-out>
  <system-err><![CDATA[]]></system-err>
</testsuite>
