<?xml version="1.0" encoding="UTF-8"?>
<testsuite name="tron.tronscan.api.TransactionList" tests="6" skipped="0" failures="5" errors="0" timestamp="2020-03-27T04:57:58" hostname="zhukaideiMac.local" time="29.802">
  <properties/>
  <testcase name="getSimple_Transaction" classname="tron.tronscan.api.TransactionList" time="4.106">
    <failure message="java.lang.AssertionError" type="java.lang.AssertionError">java.lang.AssertionError
	at org.junit.Assert.fail(Assert.java:86)
	at org.junit.Assert.assertTrue(Assert.java:41)
	at org.junit.Assert.assertTrue(Assert.java:52)
	at tron.tronscan.api.TransactionList.getSimple_Transaction(TransactionList.java:303)
	at sun.reflect.NativeMethodAccessorImpl.invoke0(Native Method)
	at sun.reflect.NativeMethodAccessorImpl.invoke(NativeMethodAccessorImpl.java:62)
	at sun.reflect.DelegatingMethodAccessorImpl.invoke(DelegatingMethodAccessorImpl.java:43)
	at java.lang.reflect.Method.invoke(Method.java:498)
	at org.testng.internal.MethodInvocationHelper.invokeMethod(MethodInvocationHelper.java:124)
	at org.testng.internal.Invoker.invokeMethod(Invoker.java:583)
	at org.testng.internal.Invoker.invokeTestMethod(Invoker.java:719)
	at org.testng.internal.Invoker.invokeTestMethods(Invoker.java:989)
	at org.testng.internal.TestMethodWorker.invokeTestMethods(TestMethodWorker.java:125)
	at org.testng.internal.TestMethodWorker.run(TestMethodWorker.java:109)
	at org.testng.TestRunner.privateRun(TestRunner.java:648)
	at org.testng.TestRunner.run(TestRunner.java:505)
	at org.testng.SuiteRunner.runTest(SuiteRunner.java:455)
	at org.testng.SuiteRunner.access$000(SuiteRunner.java:40)
	at org.testng.SuiteRunner$SuiteWorker.run(SuiteRunner.java:489)
	at org.testng.internal.thread.ThreadUtil$1.call(ThreadUtil.java:52)
	at java.util.concurrent.FutureTask.run(FutureTask.java:266)
	at java.util.concurrent.ThreadPoolExecutor.runWorker(ThreadPoolExecutor.java:1149)
	at java.util.concurrent.ThreadPoolExecutor$Worker.run(ThreadPoolExecutor.java:624)
	at java.lang.Thread.run(Thread.java:748)
</failure>
  </testcase>
  <testcase name="getTransactionTest" classname="tron.tronscan.api.TransactionList" time="0.529"/>
  <testcase name="getTransactionTestBlock" classname="tron.tronscan.api.TransactionList" time="1.278">
    <failure message="java.lang.AssertionError" type="java.lang.AssertionError">java.lang.AssertionError
	at org.junit.Assert.fail(Assert.java:86)
	at org.junit.Assert.assertTrue(Assert.java:41)
	at org.junit.Assert.assertTrue(Assert.java:52)
	at tron.tronscan.api.TransactionList.getTransactionTestBlock(TransactionList.java:214)
	at sun.reflect.NativeMethodAccessorImpl.invoke0(Native Method)
	at sun.reflect.NativeMethodAccessorImpl.invoke(NativeMethodAccessorImpl.java:62)
	at sun.reflect.DelegatingMethodAccessorImpl.invoke(DelegatingMethodAccessorImpl.java:43)
	at java.lang.reflect.Method.invoke(Method.java:498)
	at org.testng.internal.MethodInvocationHelper.invokeMethod(MethodInvocationHelper.java:124)
	at org.testng.internal.Invoker.invokeMethod(Invoker.java:583)
	at org.testng.internal.Invoker.invokeTestMethod(Invoker.java:719)
	at org.testng.internal.Invoker.invokeTestMethods(Invoker.java:989)
	at org.testng.internal.TestMethodWorker.invokeTestMethods(TestMethodWorker.java:125)
	at org.testng.internal.TestMethodWorker.run(TestMethodWorker.java:109)
	at org.testng.TestRunner.privateRun(TestRunner.java:648)
	at org.testng.TestRunner.run(TestRunner.java:505)
	at org.testng.SuiteRunner.runTest(SuiteRunner.java:455)
	at org.testng.SuiteRunner.access$000(SuiteRunner.java:40)
	at org.testng.SuiteRunner$SuiteWorker.run(SuiteRunner.java:489)
	at org.testng.internal.thread.ThreadUtil$1.call(ThreadUtil.java:52)
	at java.util.concurrent.FutureTask.run(FutureTask.java:266)
	at java.util.concurrent.ThreadPoolExecutor.runWorker(ThreadPoolExecutor.java:1149)
	at java.util.concurrent.ThreadPoolExecutor$Worker.run(ThreadPoolExecutor.java:624)
	at java.lang.Thread.run(Thread.java:748)
</failure>
  </testcase>
  <testcase name="getTransactionTestRang" classname="tron.tronscan.api.TransactionList" time="21.362">
    <failure message="java.lang.AssertionError" type="java.lang.AssertionError">java.lang.AssertionError
	at org.junit.Assert.fail(Assert.java:86)
	at org.junit.Assert.assertTrue(Assert.java:41)
	at org.junit.Assert.assertTrue(Assert.java:52)
	at tron.tronscan.api.TransactionList.getTransactionTestRang(TransactionList.java:153)
	at sun.reflect.NativeMethodAccessorImpl.invoke0(Native Method)
	at sun.reflect.NativeMethodAccessorImpl.invoke(NativeMethodAccessorImpl.java:62)
	at sun.reflect.DelegatingMethodAccessorImpl.invoke(DelegatingMethodAccessorImpl.java:43)
	at java.lang.reflect.Method.invoke(Method.java:498)
	at org.testng.internal.MethodInvocationHelper.invokeMethod(MethodInvocationHelper.java:124)
	at org.testng.internal.Invoker.invokeMethod(Invoker.java:583)
	at org.testng.internal.Invoker.invokeTestMethod(Invoker.java:719)
	at org.testng.internal.Invoker.invokeTestMethods(Invoker.java:989)
	at org.testng.internal.TestMethodWorker.invokeTestMethods(TestMethodWorker.java:125)
	at org.testng.internal.TestMethodWorker.run(TestMethodWorker.java:109)
	at org.testng.TestRunner.privateRun(TestRunner.java:648)
	at org.testng.TestRunner.run(TestRunner.java:505)
	at org.testng.SuiteRunner.runTest(SuiteRunner.java:455)
	at org.testng.SuiteRunner.access$000(SuiteRunner.java:40)
	at org.testng.SuiteRunner$SuiteWorker.run(SuiteRunner.java:489)
	at org.testng.internal.thread.ThreadUtil$1.call(ThreadUtil.java:52)
	at java.util.concurrent.FutureTask.run(FutureTask.java:266)
	at java.util.concurrent.ThreadPoolExecutor.runWorker(ThreadPoolExecutor.java:1149)
	at java.util.concurrent.ThreadPoolExecutor$Worker.run(ThreadPoolExecutor.java:624)
	at java.lang.Thread.run(Thread.java:748)
</failure>
  </testcase>
  <testcase name="test01getBlockDetail" classname="tron.tronscan.api.TransactionList" time="1.907">
    <failure message="java.lang.AssertionError" type="java.lang.AssertionError">java.lang.AssertionError
	at org.junit.Assert.fail(Assert.java:86)
	at org.junit.Assert.assertTrue(Assert.java:41)
	at org.junit.Assert.assertTrue(Assert.java:52)
	at tron.tronscan.api.TransactionList.test01getBlockDetail(TransactionList.java:48)
	at sun.reflect.NativeMethodAccessorImpl.invoke0(Native Method)
	at sun.reflect.NativeMethodAccessorImpl.invoke(NativeMethodAccessorImpl.java:62)
	at sun.reflect.DelegatingMethodAccessorImpl.invoke(DelegatingMethodAccessorImpl.java:43)
	at java.lang.reflect.Method.invoke(Method.java:498)
	at org.testng.internal.MethodInvocationHelper.invokeMethod(MethodInvocationHelper.java:124)
	at org.testng.internal.Invoker.invokeMethod(Invoker.java:583)
	at org.testng.internal.Invoker.invokeTestMethod(Invoker.java:719)
	at org.testng.internal.Invoker.invokeTestMethods(Invoker.java:989)
	at org.testng.internal.TestMethodWorker.invokeTestMethods(TestMethodWorker.java:125)
	at org.testng.internal.TestMethodWorker.run(TestMethodWorker.java:109)
	at org.testng.TestRunner.privateRun(TestRunner.java:648)
	at org.testng.TestRunner.run(TestRunner.java:505)
	at org.testng.SuiteRunner.runTest(SuiteRunner.java:455)
	at org.testng.SuiteRunner.access$000(SuiteRunner.java:40)
	at org.testng.SuiteRunner$SuiteWorker.run(SuiteRunner.java:489)
	at org.testng.internal.thread.ThreadUtil$1.call(ThreadUtil.java:52)
	at java.util.concurrent.FutureTask.run(FutureTask.java:266)
	at java.util.concurrent.ThreadPoolExecutor.runWorker(ThreadPoolExecutor.java:1149)
	at java.util.concurrent.ThreadPoolExecutor$Worker.run(ThreadPoolExecutor.java:624)
	at java.lang.Thread.run(Thread.java:748)
</failure>
  </testcase>
  <testcase name="test02getBlockDetail" classname="tron.tronscan.api.TransactionList" time="0.619">
    <failure message="java.lang.AssertionError" type="java.lang.AssertionError">java.lang.AssertionError
	at org.junit.Assert.fail(Assert.java:86)
	at org.junit.Assert.assertTrue(Assert.java:41)
	at org.junit.Assert.assertTrue(Assert.java:52)
	at tron.tronscan.api.TransactionList.test02getBlockDetail(TransactionList.java:87)
	at sun.reflect.NativeMethodAccessorImpl.invoke0(Native Method)
	at sun.reflect.NativeMethodAccessorImpl.invoke(NativeMethodAccessorImpl.java:62)
	at sun.reflect.DelegatingMethodAccessorImpl.invoke(DelegatingMethodAccessorImpl.java:43)
	at java.lang.reflect.Method.invoke(Method.java:498)
	at org.testng.internal.MethodInvocationHelper.invokeMethod(MethodInvocationHelper.java:124)
	at org.testng.internal.Invoker.invokeMethod(Invoker.java:583)
	at org.testng.internal.Invoker.invokeTestMethod(Invoker.java:719)
	at org.testng.internal.Invoker.invokeTestMethods(Invoker.java:989)
	at org.testng.internal.TestMethodWorker.invokeTestMethods(TestMethodWorker.java:125)
	at org.testng.internal.TestMethodWorker.run(TestMethodWorker.java:109)
	at org.testng.TestRunner.privateRun(TestRunner.java:648)
	at org.testng.TestRunner.run(TestRunner.java:505)
	at org.testng.SuiteRunner.runTest(SuiteRunner.java:455)
	at org.testng.SuiteRunner.access$000(SuiteRunner.java:40)
	at org.testng.SuiteRunner$SuiteWorker.run(SuiteRunner.java:489)
	at org.testng.internal.thread.ThreadUtil$1.call(ThreadUtil.java:52)
	at java.util.concurrent.FutureTask.run(FutureTask.java:266)
	at java.util.concurrent.ThreadPoolExecutor.runWorker(ThreadPoolExecutor.java:1149)
	at java.util.concurrent.ThreadPoolExecutor$Worker.run(ThreadPoolExecutor.java:624)
	at java.lang.Thread.run(Thread.java:748)
</failure>
  </testcase>
  <system-out><![CDATA[http://apilist.tronscan.org/api/simple-transaction
12:57:58.544 [TestNG-tests-1] DEBUG org.apache.http.impl.conn.PoolingClientConnectionManager - Connection request: [route: {}->http://apilist.tronscan.org:80][total kept alive: 0; route allocated: 0 of 80; total allocated: 0 of 100]
12:57:58.544 [TestNG-tests-1] DEBUG org.apache.http.impl.conn.PoolingClientConnectionManager - Connection leased: [id: 41][route: {}->http://apilist.tronscan.org:80][total kept alive: 0; route allocated: 1 of 80; total allocated: 1 of 100]
12:57:58.544 [TestNG-tests-1] DEBUG org.apache.http.impl.conn.DefaultClientConnectionOperator - Connecting to apilist.tronscan.org:80
12:57:58.848 [TestNG-tests-1] DEBUG org.apache.http.client.protocol.RequestAddCookies - CookieSpec selected: default
12:57:58.848 [TestNG-tests-1] DEBUG org.apache.http.client.protocol.RequestAuthCache - Auth cache not set in the context
12:57:58.848 [TestNG-tests-1] DEBUG org.apache.http.client.protocol.RequestTargetAuthentication - Target auth state: UNCHALLENGED
12:57:58.848 [TestNG-tests-1] DEBUG org.apache.http.client.protocol.RequestProxyAuthentication - Proxy auth state: UNCHALLENGED
12:57:58.848 [TestNG-tests-1] DEBUG org.apache.http.impl.client.DefaultHttpClient - Attempt 1 to execute request
12:57:58.848 [TestNG-tests-1] DEBUG org.apache.http.impl.conn.DefaultClientConnection - Sending request: GET /api/simple-transaction HTTP/1.1
12:57:58.849 [TestNG-tests-1] DEBUG org.apache.http.wire -  >> "GET /api/simple-transaction HTTP/1.1[\r][\n]"
12:57:58.849 [TestNG-tests-1] DEBUG org.apache.http.wire -  >> "Content-type: application/json; charset=utf-8[\r][\n]"
12:57:58.849 [TestNG-tests-1] DEBUG org.apache.http.wire -  >> "Connection: Close[\r][\n]"
12:57:58.849 [TestNG-tests-1] DEBUG org.apache.http.wire -  >> "Host: apilist.tronscan.org[\r][\n]"
12:57:58.849 [TestNG-tests-1] DEBUG org.apache.http.wire -  >> "User-Agent: Apache-HttpClient/4.5.3 (Java/1.8.0_211)[\r][\n]"
12:57:58.849 [TestNG-tests-1] DEBUG org.apache.http.wire -  >> "[\r][\n]"
12:57:58.849 [TestNG-tests-1] DEBUG org.apache.http.headers - >> GET /api/simple-transaction HTTP/1.1
12:57:58.849 [TestNG-tests-1] DEBUG org.apache.http.headers - >> Content-type: application/json; charset=utf-8
12:57:58.849 [TestNG-tests-1] DEBUG org.apache.http.headers - >> Connection: Close
12:57:58.849 [TestNG-tests-1] DEBUG org.apache.http.headers - >> Host: apilist.tronscan.org
12:57:58.849 [TestNG-tests-1] DEBUG org.apache.http.headers - >> User-Agent: Apache-HttpClient/4.5.3 (Java/1.8.0_211)
12:58:02.649 [TestNG-tests-1] DEBUG org.apache.http.wire -  << "HTTP/1.1 200 OK[\r][\n]"
12:58:02.649 [TestNG-tests-1] DEBUG org.apache.http.wire -  << "Server: nginx[\r][\n]"
12:58:02.649 [TestNG-tests-1] DEBUG org.apache.http.wire -  << "Date: Fri, 27 Mar 2020 04:58:03 GMT[\r][\n]"
12:58:02.649 [TestNG-tests-1] DEBUG org.apache.http.wire -  << "Content-Type: application/json;charset=utf-8[\r][\n]"
12:58:02.649 [TestNG-tests-1] DEBUG org.apache.http.wire -  << "Content-Length: 6822[\r][\n]"
12:58:02.649 [TestNG-tests-1] DEBUG org.apache.http.wire -  << "Connection: close[\r][\n]"
12:58:02.649 [TestNG-tests-1] DEBUG org.apache.http.wire -  << "Vary: Accept-Encoding[\r][\n]"
12:58:02.649 [TestNG-tests-1] DEBUG org.apache.http.wire -  << "Access-Control-Allow-Origin: *[\r][\n]"
12:58:02.649 [TestNG-tests-1] DEBUG org.apache.http.wire -  << "Access-Control-Allow-Headers: DNT,X-Mx-ReqToken,Keep-Alive,User-Agent,X-Requested-With,If-Modified-Since,Cache-Control,Content-Type,Authorization[\r][\n]"
12:58:02.649 [TestNG-tests-1] DEBUG org.apache.http.wire -  << "Access-Control-Allow-Methods: GET,POST,PUT,DELETE,OPTIONS[\r][\n]"
12:58:02.649 [TestNG-tests-1] DEBUG org.apache.http.wire -  << "X-Proxy-Cache: MISS[\r][\n]"
12:58:02.649 [TestNG-tests-1] DEBUG org.apache.http.wire -  << "[\r][\n]"
12:58:02.649 [TestNG-tests-1] DEBUG org.apache.http.impl.conn.DefaultClientConnection - Receiving response: HTTP/1.1 200 OK
12:58:02.649 [TestNG-tests-1] DEBUG org.apache.http.headers - << HTTP/1.1 200 OK
12:58:02.649 [TestNG-tests-1] DEBUG org.apache.http.headers - << Server: nginx
12:58:02.649 [TestNG-tests-1] DEBUG org.apache.http.headers - << Date: Fri, 27 Mar 2020 04:58:03 GMT
12:58:02.649 [TestNG-tests-1] DEBUG org.apache.http.headers - << Content-Type: application/json;charset=utf-8
12:58:02.649 [TestNG-tests-1] DEBUG org.apache.http.headers - << Content-Length: 6822
12:58:02.649 [TestNG-tests-1] DEBUG org.apache.http.headers - << Connection: close
12:58:02.649 [TestNG-tests-1] DEBUG org.apache.http.headers - << Vary: Accept-Encoding
12:58:02.649 [TestNG-tests-1] DEBUG org.apache.http.headers - << Access-Control-Allow-Origin: *
12:58:02.649 [TestNG-tests-1] DEBUG org.apache.http.headers - << Access-Control-Allow-Headers: DNT,X-Mx-ReqToken,Keep-Alive,User-Agent,X-Requested-With,If-Modified-Since,Cache-Control,Content-Type,Authorization
12:58:02.649 [TestNG-tests-1] DEBUG org.apache.http.headers - << Access-Control-Allow-Methods: GET,POST,PUT,DELETE,OPTIONS
12:58:02.649 [TestNG-tests-1] DEBUG org.apache.http.headers - << X-Proxy-Cache: MISS
http://apilist.tronscan.org/api/simple-transaction 请求总耗时：4105 毫秒
12:58:02.649 [TestNG-tests-1] DEBUG org.apache.http.wire -  << "{"total":10000,"data":[{"hash":"55c5d09a70371b6e231f22c1e109b70baeda3c4f01662918fc65672340206c89","timestamp":1585285077000,"ownerAddress":"TNui6Q7MHNdAVo5UZfGR8JrYq24PfLFhqB","toAddress":"TWmhXhXjgXTj87trBufmWFuXtQP8sCWZZV","contractType":31,"confirmed":false,"contractData":{"data":"a3082be900000000000000000000000000000000000000000000000000000000000000320000000000000000000000000000000000000000000000000000000000000001","owner_address":"TNui6Q7MHNdAVo5UZfGR8JrYq24PfLFhqB","contract_address":"TWmhXhXjgXTj87trBufmWFuXtQP8sCWZZV","call_value":101000000}},{"hash":"b63f2b0c68f3d4071ce4c09ac552da4f3693aba288415f5b6fc8cb59ac5f0fa1","timestamp":1585285077000,"ownerAddress":"TT6vxaSbHuyrCqXMervgB28pziyS4Gmt5u","toAddress":"TYFnFN4Wy7fJirF7jriJNEnfyCo841em7g","contractType":31,"confirmed":false,"contractData":{"data":"2465af5600000000000000000000000000000000000000000000000000000000000000c000000000000000000000000000000000000000000000000000000000000001000000000000000000000000000000000000000000000000000000000000000140000000000000000000000000000000000000000000000000000000000000018000000000000000000000000000000000000000000000000000000000000001c000000000000000000000000000000000000000000000000000000000000b71b00000000000000000000000000000000000000000000000000000000000000001000000000000000000000000926866db543b9224432bc74116f6fb8ea6cc75df000000000000000000"
12:58:02.649 [TestNG-tests-1] DEBUG org.apache.http.wire -  << "00000000000000000000000000000000000000000000019c30643f2451197772598b14d552afe8094e0ad0b5f23fe0121289bcc66b9cbe00000000000000000000000000000000000000000000000000000000000000019c30643f2451197772598b14d552afe8094e0ad0b5f23fe0121289bcc66b9cbe0000000000000000000000000000000000000000000000000000000000000001000000000000000000000000000000000000000000000000000000000117dbf900000000000000000000000000000000000000000000000000000000000000010000000000000000000000000000000000000000000000000000000000000005000000000000000000000000000000000000000000000000000000000000000100000000000000000000000000000000000000000000000000000000000001f4","owner_address":"TT6vxaSbHuyrCqXMervgB28pziyS4Gmt5u","contract_address":"TYFnFN4Wy7fJirF7jriJNEnfyCo841em7g"}},{"hash":"fe17de3f0b0313eee56907b72ec1a6c1a5e2944e6fcd00ed67706b3327dcb16f","timestamp":1585285077000,"ownerAddress":"TKhASU5seXDfEAErn3YXVWZEEU4gXqd5mG","toAddress":"TFbcxsrPKovqSFrH3ZvtMXZa5nJN2UXXpJ","contractType":2,"confirmed":false,"contractData":{"amount":2840,"asset_name":"1002263","owner_address":"TKhASU5seXDfEAErn3YXVWZEEU4gXqd5mG","to_address":"TFbcxsrPKovqSFrH3ZvtMXZa5nJN2UXXpJ"}},{"hash":"2d399900ed31c59be3266c3cd9b2aa7b7ee6ec5ef07c48490d49f50dfecedd38","timestamp":1585285077000,"ownerAddress":"TKhASU5seXDfEAErn3YXVWZEEU4gXqd5mG","toAddress":"TWyTgTVWraH54VfcH2fsW1QdyyCvAfGwwk","contractType":2,"confirmed":false,"contractData":{"amount":2840,"asset_name":"1002263","owner_address":"TKhASU5seXDfEAErn3YXVWZEEU4gXqd5mG","to_address":"TWyTgTVWraH54VfcH2fsW1QdyyCvAfGwwk"}},{"hash":"120bf6c16bb8e78d45b513f29ba21a0259deb358955dea5bed1000f81f163fce","timestamp":1585285077000,"ownerAddress":"TKhASU5seXDfEAErn3YXVWZEEU4gXqd5mG","toAddress":"TW9GXAX9PfnK22vZ8h8DcDpJQfZEBbwGWE","contractType":2,"confirmed":false,"contractData":{"amount":2840,"asset_name":"1002263","owner_address":"TKhASU5seXDfEAErn3YXVWZEEU4gXqd5mG","to_address":"TW9GXAX9PfnK22vZ8h8DcDpJQfZEBbwGWE"}},{"hash":"5e5871ecd2a30613382e958a2721ecc10561474447f9b950c2953212fc94eea1","timestamp":1585285077000,"ownerAddress":"TKhASU5seXDfEAErn3YXVWZEEU4gXqd5mG","toAddress":"TD4KNGLuUr5YjCGGcUcC6i1YY9x6Jabu3U","contractType":2,"confirmed":false,"contractData":{"amount":2840,"asset_name":"1002263","owner_address":"TKhASU5seXDfEAErn3YXVWZEEU4gXqd5mG","to_address":"TD4KNGLuUr5YjCGGcUcC6i1YY9x6Jabu3U"}},{"hash":"5302a61a583ee2b029962e62b69c1cd646f1e1e7643073c98d3de53d2938f1c5","timestamp":1585285077000,"ownerAddress":"TKhASU5seXDfEAErn3YXVWZEEU4gXqd5mG","toAddress":"TSujfBtbJv5sF6MEDvnEdQnWvT2mskz82P","contractType":2,"confirmed":false,"contractData":{"amount":2840,"asset_name":"1002263","owner_address":"TKhASU5seXDfEAErn3YXVWZEEU4gXqd5mG","to_address":"TSujfBtbJv5sF6MEDvnEdQnWvT2mskz82P"}},{"ha"
12:58:02.649 [TestNG-tests-1] DEBUG org.apache.http.wire -  << "sh":"aad44615adc12e72e1329fa2969e72b2aa5785bac39e86fa58cf2ae025df610c","timestamp":1585285077000,"ownerAddress":"TT6vxaSbHuyrCqXMervgB28pziyS4Gmt5u","toAddress":"TK7JSqnLif1A3NQUhonRbxFw6g3aqhtjh1","contractType":31,"confirmed":false,"contractData":{"data":"583d1a6a00000000000000000000000000000000000000000000000000000000000000c000000000000000000000000000000000000000000000000000000000000001000000000000000000000000000000000000000000000000000000000000000140000000000000000000000000000000000000000000000000000000000000018000000000000000000000000000000000000000000000000000000000000001c000000000000000000000000000000000000000000000000000000000000b71b000000000000000000000000000000000000000000000000000000000000000010000000000000000000000007ceb3a7c6b44fcfd89b43f872523b92e1c8ff2250000000000000000000000000000000000000000000000000000000000000001c46f915eeea28348cef4cc9e7934f7f93b3b932c1f1f98ec29c8f6d8b3ff814a0000000000000000000000000000000000000000000000000000000000000001c46f915eeea28348cef4cc9e7934f7f93b3b932c1f1f98ec29c8f6d8b3ff814a0000000000000000000000000000000000000000000000000000000000000001000000000000000000000000000000000000000000000000000000000117dbfa000000000000000000000000000000000000000000000000000000000000000100000000000000000000000000000000000000000000000000000000000000050000000000000000000000000000000000000000000000000000000000000063000"
12:58:02.649 [TestNG-tests-1] DEBUG org.apache.http.wire -  << "000000000000000000000000000000000000000000000000000000000003200000000000000000000000000000000000000000000000000000000000000370000000000000000000000000000000000000000000000000000000000000002","owner_address":"TT6vxaSbHuyrCqXMervgB28pziyS4Gmt5u","contract_address":"TK7JSqnLif1A3NQUhonRbxFw6g3aqhtjh1"}},{"hash":"235e308fb5b17ca1563430dcf52fcf43718a68e4842db297592c49336ef5a4c5","timestamp":1585285077000,"ownerAddress":"TEwwMcgnubSfN4fjQDxWwZDyVH8Td7Gcc9","toAddress":"TTcz2rtb8uDD7NZz5MVU8U9wLAcS72bgYf","contractType":31,"confirmed":false,"contractData":{"data":"e9b038dc000000000000000000000000000000000000000000000000000000000000005f0000000000000000000000000000000000000000000000000000000000000001","owner_address":"TEwwMcgnubSfN4fjQDxWwZDyVH8Td7Gcc9","contract_address":"TTcz2rtb8uDD7NZz5MVU8U9wLAcS72bgYf","call_value":150000000}},{"hash":"0dc9ccd7603e75905b11abd456d51aee94ae51176d62f3e9a37b288b0cd81e9d","timestamp":1585285077000,"ownerAddress":"THEQMfG4G9zdz3rz22yVMGhsBT7fSbUw6i","toAddress":"TWmhXhXjgXTj87trBufmWFuXtQP8sCWZZV","contractType":31,"confirmed":false,"contractData":{"data":"a3082be9000000000000000000000000000000000000000000000000000000000000005f0000000000000000000000000000000000000000000000000000000000000000","owner_address":"THEQMfG4G9zdz3rz22yVMGhsBT7fSbUw6i","contract_address":"TWmhXhXjgXTj87trBufmWFuXtQP8sCWZZV","call_value":10000000}}],"rangeTotal":934153774}[\n]"
12:58:02.650 [TestNG-tests-1] DEBUG org.apache.http.impl.conn.DefaultClientConnection - Connection 0.0.0.0:61104<->18.216.178.128:80 closed
12:58:02.650 [TestNG-tests-1] DEBUG org.apache.http.impl.conn.PoolingClientConnectionManager - Connection released: [id: 41][route: {}->http://apilist.tronscan.org:80][total kept alive: 0; route allocated: 0 of 80; total allocated: 0 of 100]
12:58:02.650 [TestNG-tests-1] INFO tron.common.TronscanApiList - ----------------------------Print JSON Start---------------------------
12:58:02.650 [TestNG-tests-1] INFO tron.common.TronscanApiList - total:10000
12:58:02.650 [TestNG-tests-1] INFO tron.common.TronscanApiList - data:[{"contractType":31,"ownerAddress":"TNui6Q7MHNdAVo5UZfGR8JrYq24PfLFhqB","toAddress":"TWmhXhXjgXTj87trBufmWFuXtQP8sCWZZV","confirmed":false,"hash":"55c5d09a70371b6e231f22c1e109b70baeda3c4f01662918fc65672340206c89","contractData":{"data":"a3082be900000000000000000000000000000000000000000000000000000000000000320000000000000000000000000000000000000000000000000000000000000001","owner_address":"TNui6Q7MHNdAVo5UZfGR8JrYq24PfLFhqB","contract_address":"TWmhXhXjgXTj87trBufmWFuXtQP8sCWZZV","call_value":101000000},"timestamp":1585285077000},{"contractType":31,"ownerAddress":"TT6vxaSbHuyrCqXMervgB28pziyS4Gmt5u","toAddress":"TYFnFN4Wy7fJirF7jriJNEnfyCo841em7g","confirmed":false,"hash":"b63f2b0c68f3d4071ce4c09ac552da4f3693aba288415f5b6fc8cb59ac5f0fa1","contractData":{"data":"2465af5600000000000000000000000000000000000000000000000000000000000000c000000000000000000000000000000000000000000000000000000000000001000000000000000000000000000000000000000000000000000000000000000140000000000000000000000000000000000000000000000000000000000000018000000000000000000000000000000000000000000000000000000000000001c000000000000000000000000000000000000000000000000000000000000b71b00000000000000000000000000000000000000000000000000000000000000001000000000000000000000000926866db543b9224432bc74116f6fb8ea6cc75df00000000000000000000000000000000000000000000000000000000000000019c30643f2451197772598b14d552afe8094e0ad0b5f23fe0121289bcc66b9cbe00000000000000000000000000000000000000000000000000000000000000019c30643f2451197772598b14d552afe8094e0ad0b5f23fe0121289bcc66b9cbe0000000000000000000000000000000000000000000000000000000000000001000000000000000000000000000000000000000000000000000000000117dbf900000000000000000000000000000000000000000000000000000000000000010000000000000000000000000000000000000000000000000000000000000005000000000000000000000000000000000000000000000000000000000000000100000000000000000000000000000000000000000000000000000000000001f4","owner_address":"TT6vxaSbHuyrCqXMervgB28pziyS4Gmt5u","contract_address":"TYFnFN4Wy7fJirF7jriJNEnfyCo841em7g"},"timestamp":1585285077000},{"contractType":2,"ownerAddress":"TKhASU5seXDfEAErn3YXVWZEEU4gXqd5mG","toAddress":"TFbcxsrPKovqSFrH3ZvtMXZa5nJN2UXXpJ","confirmed":false,"hash":"fe17de3f0b0313eee56907b72ec1a6c1a5e2944e6fcd00ed67706b3327dcb16f","contractData":{"amount":2840,"asset_name":"1002263","owner_address":"TKhASU5seXDfEAErn3YXVWZEEU4gXqd5mG","to_address":"TFbcxsrPKovqSFrH3ZvtMXZa5nJN2UXXpJ"},"timestamp":1585285077000},{"contractType":2,"ownerAddress":"TKhASU5seXDfEAErn3YXVWZEEU4gXqd5mG","toAddress":"TWyTgTVWraH54VfcH2fsW1QdyyCvAfGwwk","confirmed":false,"hash":"2d399900ed31c59be3266c3cd9b2aa7b7ee6ec5ef07c48490d49f50dfecedd38","contractData":{"amount":2840,"asset_name":"1002263","owner_address":"TKhASU5seXDfEAErn3YXVWZEEU4gXqd5mG","to_address":"TWyTgTVWraH54VfcH2fsW1QdyyCvAfGwwk"},"timestamp":1585285077000},{"contractType":2,"ownerAddress":"TKhASU5seXDfEAErn3YXVWZEEU4gXqd5mG","toAddress":"TW9GXAX9PfnK22vZ8h8DcDpJQfZEBbwGWE","confirmed":false,"hash":"120bf6c16bb8e78d45b513f29ba21a0259deb358955dea5bed1000f81f163fce","contractData":{"amount":2840,"asset_name":"1002263","owner_address":"TKhASU5seXDfEAErn3YXVWZEEU4gXqd5mG","to_address":"TW9GXAX9PfnK22vZ8h8DcDpJQfZEBbwGWE"},"timestamp":1585285077000},{"contractType":2,"ownerAddress":"TKhASU5seXDfEAErn3YXVWZEEU4gXqd5mG","toAddress":"TD4KNGLuUr5YjCGGcUcC6i1YY9x6Jabu3U","confirmed":false,"hash":"5e5871ecd2a30613382e958a2721ecc10561474447f9b950c2953212fc94eea1","contractData":{"amount":2840,"asset_name":"1002263","owner_address":"TKhASU5seXDfEAErn3YXVWZEEU4gXqd5mG","to_address":"TD4KNGLuUr5YjCGGcUcC6i1YY9x6Jabu3U"},"timestamp":1585285077000},{"contractType":2,"ownerAddress":"TKhASU5seXDfEAErn3YXVWZEEU4gXqd5mG","toAddress":"TSujfBtbJv5sF6MEDvnEdQnWvT2mskz82P","confirmed":false,"hash":"5302a61a583ee2b029962e62b69c1cd646f1e1e7643073c98d3de53d2938f1c5","contractData":{"amount":2840,"asset_name":"1002263","owner_address":"TKhASU5seXDfEAErn3YXVWZEEU4gXqd5mG","to_address":"TSujfBtbJv5sF6MEDvnEdQnWvT2mskz82P"},"timestamp":1585285077000},{"contractType":31,"ownerAddress":"TT6vxaSbHuyrCqXMervgB28pziyS4Gmt5u","toAddress":"TK7JSqnLif1A3NQUhonRbxFw6g3aqhtjh1","confirmed":false,"hash":"aad44615adc12e72e1329fa2969e72b2aa5785bac39e86fa58cf2ae025df610c","contractData":{"data":"583d1a6a00000000000000000000000000000000000000000000000000000000000000c000000000000000000000000000000000000000000000000000000000000001000000000000000000000000000000000000000000000000000000000000000140000000000000000000000000000000000000000000000000000000000000018000000000000000000000000000000000000000000000000000000000000001c000000000000000000000000000000000000000000000000000000000000b71b000000000000000000000000000000000000000000000000000000000000000010000000000000000000000007ceb3a7c6b44fcfd89b43f872523b92e1c8ff2250000000000000000000000000000000000000000000000000000000000000001c46f915eeea28348cef4cc9e7934f7f93b3b932c1f1f98ec29c8f6d8b3ff814a0000000000000000000000000000000000000000000000000000000000000001c46f915eeea28348cef4cc9e7934f7f93b3b932c1f1f98ec29c8f6d8b3ff814a0000000000000000000000000000000000000000000000000000000000000001000000000000000000000000000000000000000000000000000000000117dbfa000000000000000000000000000000000000000000000000000000000000000100000000000000000000000000000000000000000000000000000000000000050000000000000000000000000000000000000000000000000000000000000063000000000000000000000000000000000000000000000000000000000000003200000000000000000000000000000000000000000000000000000000000000370000000000000000000000000000000000000000000000000000000000000002","owner_address":"TT6vxaSbHuyrCqXMervgB28pziyS4Gmt5u","contract_address":"TK7JSqnLif1A3NQUhonRbxFw6g3aqhtjh1"},"timestamp":1585285077000},{"contractType":31,"ownerAddress":"TEwwMcgnubSfN4fjQDxWwZDyVH8Td7Gcc9","toAddress":"TTcz2rtb8uDD7NZz5MVU8U9wLAcS72bgYf","confirmed":false,"hash":"235e308fb5b17ca1563430dcf52fcf43718a68e4842db297592c49336ef5a4c5","contractData":{"data":"e9b038dc000000000000000000000000000000000000000000000000000000000000005f0000000000000000000000000000000000000000000000000000000000000001","owner_address":"TEwwMcgnubSfN4fjQDxWwZDyVH8Td7Gcc9","contract_address":"TTcz2rtb8uDD7NZz5MVU8U9wLAcS72bgYf","call_value":150000000},"timestamp":1585285077000},{"contractType":31,"ownerAddress":"THEQMfG4G9zdz3rz22yVMGhsBT7fSbUw6i","toAddress":"TWmhXhXjgXTj87trBufmWFuXtQP8sCWZZV","confirmed":false,"hash":"0dc9ccd7603e75905b11abd456d51aee94ae51176d62f3e9a37b288b0cd81e9d","contractData":{"data":"a3082be9000000000000000000000000000000000000000000000000000000000000005f0000000000000000000000000000000000000000000000000000000000000000","owner_address":"THEQMfG4G9zdz3rz22yVMGhsBT7fSbUw6i","contract_address":"TWmhXhXjgXTj87trBufmWFuXtQP8sCWZZV","call_value":10000000},"timestamp":1585285077000}]
12:58:02.650 [TestNG-tests-1] INFO tron.common.TronscanApiList - rangeTotal:934153774
12:58:02.650 [TestNG-tests-1] INFO tron.common.TronscanApiList - JSON content size are: 3
12:58:02.650 [TestNG-tests-1] INFO tron.common.TronscanApiList - ----------------------------Print JSON End-----------------------------
http://apilist.tronscan.org/api/exchange/transaction
12:58:02.650 [TestNG-tests-1] DEBUG org.apache.http.impl.conn.PoolingClientConnectionManager - Connection request: [route: {}->http://apilist.tronscan.org:80][total kept alive: 0; route allocated: 0 of 80; total allocated: 0 of 100]
12:58:02.650 [TestNG-tests-1] DEBUG org.apache.http.impl.conn.PoolingClientConnectionManager - Connection leased: [id: 42][route: {}->http://apilist.tronscan.org:80][total kept alive: 0; route allocated: 1 of 80; total allocated: 1 of 100]
12:58:02.650 [TestNG-tests-1] DEBUG org.apache.http.impl.conn.DefaultClientConnectionOperator - Connecting to apilist.tronscan.org:80
12:58:02.887 [TestNG-tests-1] DEBUG org.apache.http.client.protocol.RequestAddCookies - CookieSpec selected: default
12:58:02.887 [TestNG-tests-1] DEBUG org.apache.http.client.protocol.RequestAuthCache - Auth cache not set in the context
12:58:02.887 [TestNG-tests-1] DEBUG org.apache.http.client.protocol.RequestTargetAuthentication - Target auth state: UNCHALLENGED
12:58:02.887 [TestNG-tests-1] DEBUG org.apache.http.client.protocol.RequestProxyAuthentication - Proxy auth state: UNCHALLENGED
12:58:02.887 [TestNG-tests-1] DEBUG org.apache.http.impl.client.DefaultHttpClient - Attempt 1 to execute request
12:58:02.887 [TestNG-tests-1] DEBUG org.apache.http.impl.conn.DefaultClientConnection - Sending request: GET /api/exchange/transaction?limit=20&count=true&start=0&sort=-timestamp HTTP/1.1
12:58:02.887 [TestNG-tests-1] DEBUG org.apache.http.wire -  >> "GET /api/exchange/transaction?limit=20&count=true&start=0&sort=-timestamp HTTP/1.1[\r][\n]"
12:58:02.887 [TestNG-tests-1] DEBUG org.apache.http.wire -  >> "Content-type: application/json; charset=utf-8[\r][\n]"
12:58:02.887 [TestNG-tests-1] DEBUG org.apache.http.wire -  >> "Connection: Close[\r][\n]"
12:58:02.887 [TestNG-tests-1] DEBUG org.apache.http.wire -  >> "Host: apilist.tronscan.org[\r][\n]"
12:58:02.887 [TestNG-tests-1] DEBUG org.apache.http.wire -  >> "User-Agent: Apache-HttpClient/4.5.3 (Java/1.8.0_211)[\r][\n]"
12:58:02.887 [TestNG-tests-1] DEBUG org.apache.http.wire -  >> "[\r][\n]"
12:58:02.887 [TestNG-tests-1] DEBUG org.apache.http.headers - >> GET /api/exchange/transaction?limit=20&count=true&start=0&sort=-timestamp HTTP/1.1
12:58:02.887 [TestNG-tests-1] DEBUG org.apache.http.headers - >> Content-type: application/json; charset=utf-8
12:58:02.887 [TestNG-tests-1] DEBUG org.apache.http.headers - >> Connection: Close
12:58:02.887 [TestNG-tests-1] DEBUG org.apache.http.headers - >> Host: apilist.tronscan.org
12:58:02.887 [TestNG-tests-1] DEBUG org.apache.http.headers - >> User-Agent: Apache-HttpClient/4.5.3 (Java/1.8.0_211)
12:58:03.178 [TestNG-tests-1] DEBUG org.apache.http.wire -  << "HTTP/1.1 200 OK[\r][\n]"
12:58:03.178 [TestNG-tests-1] DEBUG org.apache.http.wire -  << "Server: nginx[\r][\n]"
12:58:03.178 [TestNG-tests-1] DEBUG org.apache.http.wire -  << "Date: Fri, 27 Mar 2020 04:58:03 GMT[\r][\n]"
12:58:03.178 [TestNG-tests-1] DEBUG org.apache.http.wire -  << "Content-Type: application/json;charset=utf-8[\r][\n]"
12:58:03.178 [TestNG-tests-1] DEBUG org.apache.http.wire -  << "Content-Length: 4936[\r][\n]"
12:58:03.178 [TestNG-tests-1] DEBUG org.apache.http.wire -  << "Connection: close[\r][\n]"
12:58:03.178 [TestNG-tests-1] DEBUG org.apache.http.wire -  << "Vary: Accept-Encoding[\r][\n]"
12:58:03.178 [TestNG-tests-1] DEBUG org.apache.http.wire -  << "Access-Control-Allow-Origin: *[\r][\n]"
12:58:03.178 [TestNG-tests-1] DEBUG org.apache.http.wire -  << "Access-Control-Allow-Headers: DNT,X-Mx-ReqToken,Keep-Alive,User-Agent,X-Requested-With,If-Modified-Since,Cache-Control,Content-Type,Authorization[\r][\n]"
12:58:03.178 [TestNG-tests-1] DEBUG org.apache.http.wire -  << "Access-Control-Allow-Methods: GET,POST,PUT,DELETE,OPTIONS[\r][\n]"
12:58:03.178 [TestNG-tests-1] DEBUG org.apache.http.wire -  << "X-Proxy-Cache: MISS[\r][\n]"
12:58:03.178 [TestNG-tests-1] DEBUG org.apache.http.wire -  << "[\r][\n]"
12:58:03.179 [TestNG-tests-1] DEBUG org.apache.http.impl.conn.DefaultClientConnection - Receiving response: HTTP/1.1 200 OK
12:58:03.179 [TestNG-tests-1] DEBUG org.apache.http.headers - << HTTP/1.1 200 OK
12:58:03.179 [TestNG-tests-1] DEBUG org.apache.http.headers - << Server: nginx
12:58:03.179 [TestNG-tests-1] DEBUG org.apache.http.headers - << Date: Fri, 27 Mar 2020 04:58:03 GMT
12:58:03.179 [TestNG-tests-1] DEBUG org.apache.http.headers - << Content-Type: application/json;charset=utf-8
12:58:03.179 [TestNG-tests-1] DEBUG org.apache.http.headers - << Content-Length: 4936
12:58:03.179 [TestNG-tests-1] DEBUG org.apache.http.headers - << Connection: close
12:58:03.179 [TestNG-tests-1] DEBUG org.apache.http.headers - << Vary: Accept-Encoding
12:58:03.179 [TestNG-tests-1] DEBUG org.apache.http.headers - << Access-Control-Allow-Origin: *
12:58:03.179 [TestNG-tests-1] DEBUG org.apache.http.headers - << Access-Control-Allow-Headers: DNT,X-Mx-ReqToken,Keep-Alive,User-Agent,X-Requested-With,If-Modified-Since,Cache-Control,Content-Type,Authorization
12:58:03.179 [TestNG-tests-1] DEBUG org.apache.http.headers - << Access-Control-Allow-Methods: GET,POST,PUT,DELETE,OPTIONS
12:58:03.179 [TestNG-tests-1] DEBUG org.apache.http.headers - << X-Proxy-Cache: MISS
http://apilist.tronscan.org/api/exchange/transaction?limit=20&count=true&start=0&sort=-timestamp 请求总耗时：529 毫秒
12:58:03.179 [TestNG-tests-1] DEBUG org.apache.http.wire -  << "{"total":56,"data":[{"exchangeID":44,"blockID":18330308,"tokenID":"1001090","createTime":1585253412000,"trx_hash":"2c224da80125836ffc8747a7df9936e7a4edc93faeb0511597e70dbc067ef11f","quant":10500,"creatorAddress":"TEBz4tw54xax8oku3qBn52sTza7ZSHDQXQ","confirmed":true},{"exchangeID":44,"blockID":18330287,"tokenID":"1001090","createTime":1585253349000,"trx_hash":"dc4cc349f662fd83dd3d2f4525043a030131fe9d4051105dbe38394be5821302","quant":10000,"creatorAddress":"TEBz4tw54xax8oku3qBn52sTza7ZSHDQXQ","confirmed":true},{"exchangeID":44,"blockID":18330259,"tokenID":"1001090","createTime":1585253265000,"trx_hash":"30bdbc0bc375e5bcf1fa4484165b5527a432f1457ba1e4e3fb09173355d5e4bc","quant":10000,"creatorAddress":"TEBz4tw54xax8oku3qBn52sTza7ZSHDQXQ","confirmed":true},{"exchangeID":44,"blockID":18330231,"tokenID":"1001090","createTime":1585253181000,"trx_hash":"ddef7d317faf3ccd88e024b7a65f693ebbe33fbc0df8c6bbfa93b5db9d057297","quant":5000,"creatorAddress":"TEBz4tw54xax8oku3qBn52sTza7ZSHDQXQ","confirmed":true},{"exchangeID":44,"blockID":18330192,"tokenID":"1001090","createTime":1585253064000,"trx_hash":"b25a63ee8cfb9d7b7eaa37a4287a03a6a93147f7972c8f8728f9663f81b95f26","quant":2500,"creatorAddress":"TEBz4tw54xax8oku3qBn52sTza7ZSHDQXQ","confirmed":true},{"exchangeID":25,"blockID":18330097,"tokenID":"_","createTime":1585252779000,"trx_hash":"aec6ffb3f8c5daa77cd7b252f6638c9616227dfe40d05d81340857e9a0125c6d","quant":62448592,"creatorAddress":"TEBz4tw54xax8oku3qBn52sTza7ZSHDQXQ","confirmed":true},{"exchangeID":25,"blockID":18330066,"tokenID":"_","createTime":1585252686000,"trx_hash":"e4bfee29e597f7bb2731357c9fbe6aad8d59a48b77a1dd868e8dfeac4400366d","quant":61241417,"creatorAddress":"TEBz4tw54xax8oku3qBn52sTza7ZSHDQXQ","confirmed":true},{"exchangeID":25,"blockID":18330041,"tokenID":"_","createTime":1585252611000,"trx_hash":"25863b9407a949b8b3b563f7464b95f520517ca5bd17f49850c466d4bd7be549","quant":60068858,"creatorAddress":"TEBz4tw54xax8oku3qBn52sTza7ZSHDQXQ","confirmed":true},{"exchangeID":25,"blockID":18330013,"tokenID":"_","createTime":1585252527000,"trx_hash":"ddc5a96b037d69fe8ecd3b6278b3756dfe9e120df7f121e0c83556ec147a5ea4","quant":58929608,"creatorAddress":"TEBz4tw54xax8oku3qBn52sTza7ZSHDQXQ","confirmed":true},{"exchangeID":25,"blockID":18329974,"tokenID":"_","createTime":1585252410000,"trx_hash":"bdd7ecebe67cad5307071c914dc7030f20da5e72d1fc3267ad8555177ac1e35c","quant":57822403,"creatorAddress":"TEBz4tw54xax8oku3qBn52sTza7ZSHDQXQ","confirmed":true},{"exchangeID":25,"blockID":18329950,"tokenID":"_","createTime":1585252338000,"trx_hash":"a1077d244a28dfcb65b90eac6de1d58fe829822e787c1e84935e9eee1f257331","quant":42758530,"creatorAddress":"TEBz4tw54xax8oku3qBn52sTza7ZSHDQXQ","confirmed":true},{"exchangeID":25,"blockID":18329922,"tokenID":"_","createTime":1585252254000,"trx_hash":"739394632570cd1da1c3c5c239542e9335690704c9b2075ebf4dece16bd48123","quant":42162950,"creatorAddress":"TEBz4tw54xax8oku3qBn52sTza7ZSHDQXQ","confirmed":true},{"exchangeID":74,"blockID":18322976,"tokenID":"1001107","createTime":1585231404000,"trx_hash":"7b20806bc3060263373da4bafc9c40f3189dacd92d656849a916b64a90138982","quant":10,"creatorAddress":"TRTBT1UTPhZ5FojyGXsF751dg3C3ExmSKq","confirmed":true},{"exchangeID":74,"blockID":18322841,"tokenID":"_","createTime":1585230999000,"trx_hash":"bb48ea0fb22c91eb0bd3929afdff123a095ff226ea2fbe85b6330292a44e249c","quant":20942807,"creatorAddress":"TRTBT1UTPhZ5FojyGXsF751dg3C3ExmSKq","confirmed":true},{"exchangeID":25,"blockID":18244563,"tokenID":"_","createTime":1584996018000,"trx_hash":"12d44f006b058aac91bde76afb488a8e445605b9e397506192ff818cc9e6187a","quant":41579700,"creatorAddress":"TEBz4tw54xax8oku3qBn52sTza7ZSHDQXQ","confirmed":true},{"exchangeID":25,"blockID":18207761,"tokenID":"_","createTime":1584885576000,"trx_hash":"55b93a7961cdfbc59f127b335dc41f2cfcad0b7409a3c1357a2623920d45d80b","quant":32897156,"creatorAddress":"TPS4e23JzqNaMLy7kvHnpkvTJjXfGCguhW","confirmed":true},{"exchangeID":25,"blockID":18207752,"tokenID":"_","createTime":1584885549000,"trx_hash":"ba0b28b878fb36293a49cc62bd36c3a1cabe63b8f5a85b4a2525e45a1bfbbec5","quant":57793185,"creatorAddress":"TPS4e23JzqNaMLy7kvHnpkvTJjXfGCguhW","confirmed":true},{"exchangeID":25,"blockID":18207732,"tokenID":"_","createTime":1584885489000,"trx_hash":"74d9b0e0ad07610eae881958e066cf45b5d585fe590462bc0ca03b5767240f79","quant":57712563,"creatorAddress":"TPS4e23JzqNaMLy7kvHnpkvTJjXfGCguhW","confirmed":true},{"exchangeID":25,"blockID":18207719,"tokenID":"_","createTime":1584885450000,"trx_hash":"d0c6170c42ba996bb463f76554846fb1c71892fa3b80fe4d1dc3652f21c3cda3","quant":56843716,"creatorAddress":"TPS4e23JzqNaMLy7kvHnpkvTJjXfGCguhW","confirmed":true},{"exchangeID":25,"blockID":18207710,"tokenID":"_","createTime":1584885423000,"trx_hash":"bd35ca37af2d3f76f54e9b352745894ffcbb3a656ffc05c706e477510c3f7350","quant":55744147,"creatorAddress":"TPS4e23JzqNaMLy7kvHnpkvTJjXfGCguhW","confirmed":true}],"rangeTotal":1609320}[\n]"
12:58:03.179 [TestNG-tests-1] DEBUG org.apache.http.impl.conn.DefaultClientConnection - Connection 0.0.0.0:61125<->18.216.178.128:80 closed
12:58:03.179 [TestNG-tests-1] DEBUG org.apache.http.impl.conn.PoolingClientConnectionManager - Connection released: [id: 42][route: {}->http://apilist.tronscan.org:80][total kept alive: 0; route allocated: 0 of 80; total allocated: 0 of 100]
12:58:03.179 [TestNG-tests-1] INFO tron.common.TronscanApiList - ----------------------------Print JSON Start---------------------------
12:58:03.179 [TestNG-tests-1] INFO tron.common.TronscanApiList - total:56
12:58:03.179 [TestNG-tests-1] INFO tron.common.TronscanApiList - data:[{"exchangeID":44,"blockID":18330308,"tokenID":"1001090","createTime":1585253412000,"trx_hash":"2c224da80125836ffc8747a7df9936e7a4edc93faeb0511597e70dbc067ef11f","quant":10500,"creatorAddress":"TEBz4tw54xax8oku3qBn52sTza7ZSHDQXQ","confirmed":true},{"exchangeID":44,"blockID":18330287,"tokenID":"1001090","createTime":1585253349000,"trx_hash":"dc4cc349f662fd83dd3d2f4525043a030131fe9d4051105dbe38394be5821302","quant":10000,"creatorAddress":"TEBz4tw54xax8oku3qBn52sTza7ZSHDQXQ","confirmed":true},{"exchangeID":44,"blockID":18330259,"tokenID":"1001090","createTime":1585253265000,"trx_hash":"30bdbc0bc375e5bcf1fa4484165b5527a432f1457ba1e4e3fb09173355d5e4bc","quant":10000,"creatorAddress":"TEBz4tw54xax8oku3qBn52sTza7ZSHDQXQ","confirmed":true},{"exchangeID":44,"blockID":18330231,"tokenID":"1001090","createTime":1585253181000,"trx_hash":"ddef7d317faf3ccd88e024b7a65f693ebbe33fbc0df8c6bbfa93b5db9d057297","quant":5000,"creatorAddress":"TEBz4tw54xax8oku3qBn52sTza7ZSHDQXQ","confirmed":true},{"exchangeID":44,"blockID":18330192,"tokenID":"1001090","createTime":1585253064000,"trx_hash":"b25a63ee8cfb9d7b7eaa37a4287a03a6a93147f7972c8f8728f9663f81b95f26","quant":2500,"creatorAddress":"TEBz4tw54xax8oku3qBn52sTza7ZSHDQXQ","confirmed":true},{"exchangeID":25,"blockID":18330097,"tokenID":"_","createTime":1585252779000,"trx_hash":"aec6ffb3f8c5daa77cd7b252f6638c9616227dfe40d05d81340857e9a0125c6d","quant":62448592,"creatorAddress":"TEBz4tw54xax8oku3qBn52sTza7ZSHDQXQ","confirmed":true},{"exchangeID":25,"blockID":18330066,"tokenID":"_","createTime":1585252686000,"trx_hash":"e4bfee29e597f7bb2731357c9fbe6aad8d59a48b77a1dd868e8dfeac4400366d","quant":61241417,"creatorAddress":"TEBz4tw54xax8oku3qBn52sTza7ZSHDQXQ","confirmed":true},{"exchangeID":25,"blockID":18330041,"tokenID":"_","createTime":1585252611000,"trx_hash":"25863b9407a949b8b3b563f7464b95f520517ca5bd17f49850c466d4bd7be549","quant":60068858,"creatorAddress":"TEBz4tw54xax8oku3qBn52sTza7ZSHDQXQ","confirmed":true},{"exchangeID":25,"blockID":18330013,"tokenID":"_","createTime":1585252527000,"trx_hash":"ddc5a96b037d69fe8ecd3b6278b3756dfe9e120df7f121e0c83556ec147a5ea4","quant":58929608,"creatorAddress":"TEBz4tw54xax8oku3qBn52sTza7ZSHDQXQ","confirmed":true},{"exchangeID":25,"blockID":18329974,"tokenID":"_","createTime":1585252410000,"trx_hash":"bdd7ecebe67cad5307071c914dc7030f20da5e72d1fc3267ad8555177ac1e35c","quant":57822403,"creatorAddress":"TEBz4tw54xax8oku3qBn52sTza7ZSHDQXQ","confirmed":true},{"exchangeID":25,"blockID":18329950,"tokenID":"_","createTime":1585252338000,"trx_hash":"a1077d244a28dfcb65b90eac6de1d58fe829822e787c1e84935e9eee1f257331","quant":42758530,"creatorAddress":"TEBz4tw54xax8oku3qBn52sTza7ZSHDQXQ","confirmed":true},{"exchangeID":25,"blockID":18329922,"tokenID":"_","createTime":1585252254000,"trx_hash":"739394632570cd1da1c3c5c239542e9335690704c9b2075ebf4dece16bd48123","quant":42162950,"creatorAddress":"TEBz4tw54xax8oku3qBn52sTza7ZSHDQXQ","confirmed":true},{"exchangeID":74,"blockID":18322976,"tokenID":"1001107","createTime":1585231404000,"trx_hash":"7b20806bc3060263373da4bafc9c40f3189dacd92d656849a916b64a90138982","quant":10,"creatorAddress":"TRTBT1UTPhZ5FojyGXsF751dg3C3ExmSKq","confirmed":true},{"exchangeID":74,"blockID":18322841,"tokenID":"_","createTime":1585230999000,"trx_hash":"bb48ea0fb22c91eb0bd3929afdff123a095ff226ea2fbe85b6330292a44e249c","quant":20942807,"creatorAddress":"TRTBT1UTPhZ5FojyGXsF751dg3C3ExmSKq","confirmed":true},{"exchangeID":25,"blockID":18244563,"tokenID":"_","createTime":1584996018000,"trx_hash":"12d44f006b058aac91bde76afb488a8e445605b9e397506192ff818cc9e6187a","quant":41579700,"creatorAddress":"TEBz4tw54xax8oku3qBn52sTza7ZSHDQXQ","confirmed":true},{"exchangeID":25,"blockID":18207761,"tokenID":"_","createTime":1584885576000,"trx_hash":"55b93a7961cdfbc59f127b335dc41f2cfcad0b7409a3c1357a2623920d45d80b","quant":32897156,"creatorAddress":"TPS4e23JzqNaMLy7kvHnpkvTJjXfGCguhW","confirmed":true},{"exchangeID":25,"blockID":18207752,"tokenID":"_","createTime":1584885549000,"trx_hash":"ba0b28b878fb36293a49cc62bd36c3a1cabe63b8f5a85b4a2525e45a1bfbbec5","quant":57793185,"creatorAddress":"TPS4e23JzqNaMLy7kvHnpkvTJjXfGCguhW","confirmed":true},{"exchangeID":25,"blockID":18207732,"tokenID":"_","createTime":1584885489000,"trx_hash":"74d9b0e0ad07610eae881958e066cf45b5d585fe590462bc0ca03b5767240f79","quant":57712563,"creatorAddress":"TPS4e23JzqNaMLy7kvHnpkvTJjXfGCguhW","confirmed":true},{"exchangeID":25,"blockID":18207719,"tokenID":"_","createTime":1584885450000,"trx_hash":"d0c6170c42ba996bb463f76554846fb1c71892fa3b80fe4d1dc3652f21c3cda3","quant":56843716,"creatorAddress":"TPS4e23JzqNaMLy7kvHnpkvTJjXfGCguhW","confirmed":true},{"exchangeID":25,"blockID":18207710,"tokenID":"_","createTime":1584885423000,"trx_hash":"bd35ca37af2d3f76f54e9b352745894ffcbb3a656ffc05c706e477510c3f7350","quant":55744147,"creatorAddress":"TPS4e23JzqNaMLy7kvHnpkvTJjXfGCguhW","confirmed":true}]
12:58:03.179 [TestNG-tests-1] INFO tron.common.TronscanApiList - rangeTotal:1609320
12:58:03.179 [TestNG-tests-1] INFO tron.common.TronscanApiList - JSON content size are: 3
12:58:03.179 [TestNG-tests-1] INFO tron.common.TronscanApiList - ----------------------------Print JSON End-----------------------------
12:58:03.180 [TestNG-tests-1] DEBUG org.apache.http.impl.conn.PoolingClientConnectionManager - Connection request: [route: {}->http://apilist.tronscan.org:80][total kept alive: 0; route allocated: 0 of 80; total allocated: 0 of 100]
12:58:03.180 [TestNG-tests-1] DEBUG org.apache.http.impl.conn.PoolingClientConnectionManager - Connection leased: [id: 43][route: {}->http://apilist.tronscan.org:80][total kept alive: 0; route allocated: 1 of 80; total allocated: 1 of 100]
12:58:03.180 [TestNG-tests-1] DEBUG org.apache.http.impl.conn.DefaultClientConnectionOperator - Connecting to apilist.tronscan.org:80
12:58:03.417 [TestNG-tests-1] DEBUG org.apache.http.client.protocol.RequestAddCookies - CookieSpec selected: default
12:58:03.417 [TestNG-tests-1] DEBUG org.apache.http.client.protocol.RequestAuthCache - Auth cache not set in the context
12:58:03.417 [TestNG-tests-1] DEBUG org.apache.http.client.protocol.RequestTargetAuthentication - Target auth state: UNCHALLENGED
12:58:03.417 [TestNG-tests-1] DEBUG org.apache.http.client.protocol.RequestProxyAuthentication - Proxy auth state: UNCHALLENGED
12:58:03.417 [TestNG-tests-1] DEBUG org.apache.http.impl.client.DefaultHttpClient - Attempt 1 to execute request
12:58:03.417 [TestNG-tests-1] DEBUG org.apache.http.impl.conn.DefaultClientConnection - Sending request: GET /api/transaction?total=0&limit=20&count=true&start=0&block=12448572&sort=-timestamp HTTP/1.1
12:58:03.417 [TestNG-tests-1] DEBUG org.apache.http.wire -  >> "GET /api/transaction?total=0&limit=20&count=true&start=0&block=12448572&sort=-timestamp HTTP/1.1[\r][\n]"
12:58:03.417 [TestNG-tests-1] DEBUG org.apache.http.wire -  >> "Content-type: application/json; charset=utf-8[\r][\n]"
12:58:03.417 [TestNG-tests-1] DEBUG org.apache.http.wire -  >> "Connection: Close[\r][\n]"
12:58:03.417 [TestNG-tests-1] DEBUG org.apache.http.wire -  >> "Host: apilist.tronscan.org[\r][\n]"
12:58:03.417 [TestNG-tests-1] DEBUG org.apache.http.wire -  >> "User-Agent: Apache-HttpClient/4.5.3 (Java/1.8.0_211)[\r][\n]"
12:58:03.417 [TestNG-tests-1] DEBUG org.apache.http.wire -  >> "[\r][\n]"
12:58:03.417 [TestNG-tests-1] DEBUG org.apache.http.headers - >> GET /api/transaction?total=0&limit=20&count=true&start=0&block=12448572&sort=-timestamp HTTP/1.1
12:58:03.417 [TestNG-tests-1] DEBUG org.apache.http.headers - >> Content-type: application/json; charset=utf-8
12:58:03.418 [TestNG-tests-1] DEBUG org.apache.http.headers - >> Connection: Close
12:58:03.418 [TestNG-tests-1] DEBUG org.apache.http.headers - >> Host: apilist.tronscan.org
12:58:03.418 [TestNG-tests-1] DEBUG org.apache.http.headers - >> User-Agent: Apache-HttpClient/4.5.3 (Java/1.8.0_211)
12:58:04.220 [TestNG-tests-1] DEBUG org.apache.http.wire -  << "HTTP/1.1 200 OK[\r][\n]"
12:58:04.220 [TestNG-tests-1] DEBUG org.apache.http.wire -  << "Server: nginx[\r][\n]"
12:58:04.220 [TestNG-tests-1] DEBUG org.apache.http.wire -  << "Date: Fri, 27 Mar 2020 04:58:04 GMT[\r][\n]"
12:58:04.220 [TestNG-tests-1] DEBUG org.apache.http.wire -  << "Content-Type: application/json;charset=utf-8[\r][\n]"
12:58:04.220 [TestNG-tests-1] DEBUG org.apache.http.wire -  << "Content-Length: 16942[\r][\n]"
12:58:04.220 [TestNG-tests-1] DEBUG org.apache.http.wire -  << "Connection: close[\r][\n]"
12:58:04.220 [TestNG-tests-1] DEBUG org.apache.http.wire -  << "Vary: Accept-Encoding[\r][\n]"
12:58:04.220 [TestNG-tests-1] DEBUG org.apache.http.wire -  << "Access-Control-Allow-Origin: *[\r][\n]"
12:58:04.220 [TestNG-tests-1] DEBUG org.apache.http.wire -  << "Access-Control-Allow-Headers: DNT,X-Mx-ReqToken,Keep-Alive,User-Agent,X-Requested-With,If-Modified-Since,Cache-Control,Content-Type,Authorization[\r][\n]"
12:58:04.220 [TestNG-tests-1] DEBUG org.apache.http.wire -  << "Access-Control-Allow-Methods: GET,POST,PUT,DELETE,OPTIONS[\r][\n]"
12:58:04.220 [TestNG-tests-1] DEBUG org.apache.http.wire -  << "X-Proxy-Cache: MISS[\r][\n]"
12:58:04.220 [TestNG-tests-1] DEBUG org.apache.http.wire -  << "[\r][\n]"
12:58:04.220 [TestNG-tests-1] DEBUG org.apache.http.impl.conn.DefaultClientConnection - Receiving response: HTTP/1.1 200 OK
12:58:04.220 [TestNG-tests-1] DEBUG org.apache.http.headers - << HTTP/1.1 200 OK
12:58:04.220 [TestNG-tests-1] DEBUG org.apache.http.headers - << Server: nginx
12:58:04.220 [TestNG-tests-1] DEBUG org.apache.http.headers - << Date: Fri, 27 Mar 2020 04:58:04 GMT
12:58:04.220 [TestNG-tests-1] DEBUG org.apache.http.headers - << Content-Type: application/json;charset=utf-8
12:58:04.220 [TestNG-tests-1] DEBUG org.apache.http.headers - << Content-Length: 16942
12:58:04.220 [TestNG-tests-1] DEBUG org.apache.http.headers - << Connection: close
12:58:04.220 [TestNG-tests-1] DEBUG org.apache.http.headers - << Vary: Accept-Encoding
12:58:04.220 [TestNG-tests-1] DEBUG org.apache.http.headers - << Access-Control-Allow-Origin: *
12:58:04.220 [TestNG-tests-1] DEBUG org.apache.http.headers - << Access-Control-Allow-Headers: DNT,X-Mx-ReqToken,Keep-Alive,User-Agent,X-Requested-With,If-Modified-Since,Cache-Control,Content-Type,Authorization
12:58:04.220 [TestNG-tests-1] DEBUG org.apache.http.headers - << Access-Control-Allow-Methods: GET,POST,PUT,DELETE,OPTIONS
12:58:04.220 [TestNG-tests-1] DEBUG org.apache.http.headers - << X-Proxy-Cache: MISS
http://apilist.tronscan.org/api/transaction?total=0&limit=20&count=true&start=0&block=12448572&sort=-timestamp 请求总耗时：1041 毫秒
12:58:04.220 [TestNG-tests-1] DEBUG org.apache.http.wire -  << "{"total":58,"rangeTotal":58,"data":[{"block":12448572,"hash":"80350c1f01783592187d5daa429c6de9bc78fa9929d189bf9264a309f7a4bb3c","timestamp":1567588233000,"ownerAddress":"TNNc1HGDUrRkowQxdcUaWyBodZXshuVtBp","toAddress":"TK5qKN9xJoLfCzZPG6Mj642WQtvbiHCTMx","contractType":31,"confirmed":true,"revert":false,"contractData":{"data":"4977468300000000000000000000000057b87b34840dd1a41902dd3f9ecee670ead339cdee32c48d5fb08b25ddfcc70a47a1eda37b72baf71d68673d3d7e8b1ffb94428f000000000000000000000000000000000000000000000000000000000064d4840000000000000000000000000000000000000000000000000000000005f5e100","owner_address":"TNNc1HGDUrRkowQxdcUaWyBodZXshuVtBp","contract_address":"TK5qKN9xJoLfCzZPG6Mj642WQtvbiHCTMx"},"SmartCalls":"","Events":"","id":"","data":"","fee":"","contractRet":"SUCCESS","result":"SUCCESS","cost":{"net_fee":4110,"energy_usage":0,"energy_fee":0,"energy_usage_total":41865,"origin_energy_usage":41865,"net_usage":0}},{"block":12448572,"hash":"bbe4d529e93a9d7bb0c0b0a746128631e4c8662e31855865e5287ffe736eb6de","timestamp":1567588233000,"ownerAddress":"TLLRM7tYaY1JzQUYKMmGRHdmBFXeH9Jkyx","toAddress":"TEjS2DnoHRZUEVxoNBxnVNKSqq66U5dFB7","contractType":2,"confirmed":true,"revert":false,"contractData":{"amount":132000000,"asset_name":"1002469","owner_address":"TLLRM7tYaY1JzQUYKMmGRHdmBFXeH9Jkyx","to_address":"TEjS2DnoHRZUEVxoNBxnVNKSqq66U5dFB7"},"SmartCalls":"","Events":"","id":"","data":"","fee":"","contractRet":"SUCCESS","result":"SUCCESS","cost":{"net_fee":2820,"energy_usage":0,"energy_fee":0,"energy_usage_total":0,"origin_energy_usage":0,"net_usage":0}},{"block":12448572,"hash":"3dbda9cdd7783797b2ac1ce979564b357bea031b2eaaa5bc943958adfcee33be","timestamp":1567588233000,"ownerAddress":"TAj2AnCUobW8jSRT9Dhxvo7oztAZJEmL2G","toAddress":"TWmhXhXjgXTj87trBufmWFuXtQP8sCWZZV","contractType":31,"confirmed":true,"revert":false,"contractData":{"data":"a3082be900000000000000000000000000000000000000000000000000000000000000040000000000000000000000000000000000000000000000000000000000000001","owner_address":"TAj2AnCUobW8jSRT9Dhxvo7oztAZJEmL2G","contract_address":"TWmhXhXjgXTj87trBufmWFuXtQP8sCWZZV","call_value":1000000000},"SmartCalls":"","Events":"","id":"","data":"","fee":"","contractRet":"SUCCESS","result":"SUCCESS","cost":{"net_fee":3510,"energy_usage":0,"energy_fee":0,"energy_usage_total":16799,"origin_energy_usage":16799,"net_usage":0}},{"block":12448572,"hash":"94a61fe0f7155eae2c2a6f4bb11942f90b7dafd804cb420bb9b03490e1edf02d","timestamp":1567588233000,"ownerAddress":"TNNc1HGDUrRkowQxdcUaWyBodZXshuVtBp","toAddress":"TK5qKN9xJoLfCzZPG6Mj642WQtvbiHCTMx","contractType":31,"confirmed":true,"revert":false,"contractData":{"data":"49774683000000000000000000000000de7e0cf0775301ec67d482053e927eed9974887922e3a09e1d23a7259072e31e8ea3218b03e3e1d0d18d3d62d1f5280080e037530000000000000000000000000000000000000000000000000000000001522d840000000000000000000000000000000000000000000000000000000004c4b400","owner_address":"TNNc1HGDUrRkowQxdcUaWyBodZXshuVtBp","contract_address":"TK5qKN9xJoLfCzZPG6Mj642WQtvbiHCTMx"},"SmartCalls":"","Events":"","id":"","data":"","fee":"","contractRet":"SUCCESS","result":"SUCCESS","cost":{"net_fee":4110,"energy_usage":0,"energy_fee":0,"energy_usage_total":41557,"origin_energy_usage":41557,"net_usage":0}},{"block":12448572,"hash":"e0b80b84b4eae8012d62a676e078348a8f7859fbde47ad2467f6c8fa32c032af","timestamp":1567588233000,"ownerAddress":"TLLRM7tYaY1JzQUYKMmGRHdmBFXeH9Jkyx","toAddress":"TFCthrjJokScbEE49sdBYjviz2gnS52jTj","contractType":2,"confirmed":true,"revert":false,"contractData":{"amount":132000000,"asset_name":"1002469","owner_address":"TLLRM7tYaY1JzQUYKMmGRHdmBFXeH9Jkyx","to_address":"TFCthrjJokScbEE49sdBYjviz2gnS52jTj"},"SmartCalls":"","Events":"","id":"","data":"","fee":"","contractRet":"SUCCESS","result":"SUCCESS","cost":{"net_fee":2820,"energy_usage":0,"energy_fee":0,"energy_usage_total":0,"origin_energy_usage":0,"net_usage":0}},{"block":12448572,"hash":"9947038f9fec12c1e1a5244fb0431123cf092671309a1d87fde9141ecfdb3a71","timestamp":1567588233000,"ownerAddress":"TNNc1HGDUrRkowQxdcUaWyBodZXshuVtBp","toAddress":"TK5qKN9xJoLfCzZPG6Mj642WQtvbiHCTMx","contractType":31,"confirmed":true,"revert":false,"contractData":{"data":"4977468300000000000000000000000052c7ff55bd306e7e6a460ca1a3c8dd08c7ee1fae23f39e3bde1c70e2f59fac78035dd7f7224b963f4764f4e515e3e6d13208d7f100000000000000000000000000000000000000000000000000000000000072550000000000000000000000000000000000000000000000000000000000989680","owner_address":"TNNc1HGDUrRkowQxdcUaWyBodZXshuVtBp","contract_address":"TK5qKN9xJoLfCzZPG6Mj642WQtvbiHCTMx"},"SmartCalls":"","Events":"","id":"","data":"","fee":"","contractRet":"SUCCESS","result":"SUCCESS","cost":{"net_fee":4110,"energy_usage":0,"energy_fee":418590,"energy_usage_total":41859,"origin_energy_usage":0,"net_usage":0}},{"block":12448572,"hash":"a9eb91530d3845142cdab449ba8f48632ff4ae184f854a44c424078494368547","timestamp":1567588233000,"ownerAddress":"TNNc1HGDUrRkowQxdcUaWyBodZXshuVtBp","toAddress":"TK5qKN9xJoLfCzZPG6Mj642WQtvbiHCTMx","contractType":31,"confirmed":true,"revert":false,"contractData":{"data":"497746830000000000000000000000009054c1d52878862cc658e3e27796932cbd53d09f033b7e2a5b7bb436b76bc35bc6293d843fb8df75d7cb17b3ebd90e8e8bb052510000000000000000000000000000000000000000000000000000000000b63c84000000000000000000000000000000000000000000000000000000003b9aca00","owner_address":"TNNc1HGDUrRkowQxdcUaWyBodZXshuVtBp","contract_address":"
12:58:04.220 [TestNG-tests-1] DEBUG org.apache.http.wire -  << ""TK5qKN9xJoLfCzZPG6Mj642WQtvbiHCTMx"},"SmartCalls":"","Events":"","id":"","data":"","fee":"","contractRet":"SUCCESS","result":"SUCCESS","cost":{"net_fee":4110,"energy_usage":0,"energy_fee":415570,"energy_usage_total":41557,"origin_energy_usage":0,"net_usage":0}},{"block":12448572,"hash":"91c3e3292e31bd2a893ce9d1072849c1de21feeadc783498209a6127098360e6","timestamp":1567588233000,"ownerAddress":"TVvQSmf5jm3EQzQ12MoiXzRirx7zjiVFvT","toAddress":"TWmhXhXjgXTj87trBufmWFuXtQP8sCWZZV","contractType":31,"confirmed":true,"revert":false,"contractData":{"data":"a3082be9000000000000000000000000000000000000000000000000000000000000005f0000000000000000000000000000000000000000000000000000000000000000","owner_address":"TVvQSmf5jm3EQzQ12MoiXzRirx7zjiVFvT","contract_address":"TWmhXhXjgXTj87trBufmWFuXtQP8sCWZZV","call_value":100000000},"SmartCalls":"","Events":"","id":"","data":"","fee":"","contractRet":"SUCCESS","result":"SUCCESS","cost":{"net_fee":3500,"energy_usage":0,"energy_fee":0,"energy_usage_total":16755,"origin_energy_usage":16755,"net_usage":0}},{"block":12448572,"hash":"d80fb05c0e0003e14fd997b40d213de00854298272cdc245503cb23d5b78b357","timestamp":1567588233000,"ownerAddress":"TMt5dBMhJg6GVQDUtR4YXZuqvAtB1RowcR","toAddress":"TWmhXhXjgXTj87trBufmWFuXtQP8sCWZZV","contractType":31,"confirmed":true,"revert":false,"contractData":{"data":"a3082be900000000000000000000000000000000000000000000000000000000000000040000000000000000000000000000000000000000000000000000000000000001","owner_address":"TMt5dBMhJg6GVQDUtR4YXZuqvAtB1RowcR","contract_address":"TWmhXhXjgXTj87trBufmWFuXtQP8sCWZZV","call_value":10000000},"SmartCalls":"","Events":"","id":"","data":"","fee":"","contractRet":"SUCCESS","result":"SUCCESS","cost":{"net_fee":3500,"energy_usage":0,"energy_fee":0,"energy_usage_total":16799,"origin_energy_usage":16799,"net_usage":0}},{"block":12448572,"hash":"d68534c379a92c03ffa6e3b3876eed38cd5689c621240dc18ae62546250eb7f2","timestamp":1567588233000,"ownerAddress":"TNNc1HGDUrRkowQxdcUaWyBodZXshuVtBp","toAddress":"TK5qKN9xJoLfCzZPG6Mj642WQtvbiHCTMx","contractType":31,"confirmed":true,"revert":false,"contractData":{"data":"497746830000000000000000000000005eb3eb6aa98e2dd86fd94049b68ee52f81d3a2b73201bcc9fa6ca1f693e1fc382bb016d06021df85dbe8de41f19594011246422400000000000000000000000000000000000000000000000000000000051d40840000000000000000000000000000000000000000000000000000000002faf080","owner_address":"TNNc1HGDUrRkowQxdcUaWyBodZXshuVtBp","contract_address":"TK5qKN9xJoLfCzZPG6Mj642WQtvbiHCTMx"},"SmartCalls":"","Events":"","id":"","data":"","fee":"","contractRet":"SUCCESS","result":"SUCCESS","cost":{"net_fee":4110,"energy_usage":0,"energy_fee":0,"energy_usage_total":50954,"origin_energy_usage":50954"
12:58:04.220 [TestNG-tests-1] DEBUG org.apache.http.wire -  << ","net_usage":0}},{"block":12448572,"hash":"a9dab24ed2d28cb2423374bc89b27b1d8f687c146c777db305c04d2d5301766b","timestamp":1567588233000,"ownerAddress":"TT7FqXvVHux2fNdJCorp7YnEiewEtDwQwL","toAddress":"TWmhXhXjgXTj87trBufmWFuXtQP8sCWZZV","contractType":31,"confirmed":true,"revert":false,"contractData":{"data":"a3082be900000000000000000000000000000000000000000000000000000000000000080000000000000000000000000000000000000000000000000000000000000001","owner_address":"TT7FqXvVHux2fNdJCorp7YnEiewEtDwQwL","contract_address":"TWmhXhXjgXTj87trBufmWFuXtQP8sCWZZV","call_value":13000000},"SmartCalls":"","Events":"","id":"","data":"","fee":"","contractRet":"SUCCESS","result":"SUCCESS","cost":{"net_fee":3500,"energy_usage":0,"energy_fee":0,"energy_usage_total":16799,"origin_energy_usage":16799,"net_usage":0}},{"block":12448572,"hash":"c05f6d8c1bc3381a6eec86d876034dcd8bf39055b35ae3ea58998db25dbe7291","timestamp":1567588233000,"ownerAddress":"TNNc1HGDUrRkowQxdcUaWyBodZXshuVtBp","toAddress":"TK5qKN9xJoLfCzZPG6Mj642WQtvbiHCTMx","contractType":31,"confirmed":true,"revert":false,"contractData":{"data":"49774683000000000000000000000000e8c18436f9cbf4bc021b66e23d072e4ffcedd11985ff8ca217b3e7a5f0695d5eec3ff95a635a364b1c6b0e728b468c2ecbf3fb9a000000000000000000000000000000000000000000000000000000000144b5840000000000000000000000000000000000000000000000000000000004c4"
12:58:04.220 [TestNG-tests-1] DEBUG org.apache.http.wire -  << "b400","owner_address":"TNNc1HGDUrRkowQxdcUaWyBodZXshuVtBp","contract_address":"TK5qKN9xJoLfCzZPG6Mj642WQtvbiHCTMx"},"SmartCalls":"","Events":"","id":"","data":"","fee":"","contractRet":"SUCCESS","result":"SUCCESS","cost":{"net_fee":4110,"energy_usage":0,"energy_fee":0,"energy_usage_total":42504,"origin_energy_usage":42504,"net_usage":0}},{"block":12448572,"hash":"a82e53c1df8e8db3ede9138d48af8a6f204e9943f0ed934e9dded9b823c65bf0","timestamp":1567588233000,"ownerAddress":"TAJPZHk9h2zVkSYiDnKReno7z9MMt8nUkN","toAddress":"TWmhXhXjgXTj87trBufmWFuXtQP8sCWZZV","contractType":31,"confirmed":true,"revert":false,"contractData":{"data":"a3082be900000000000000000000000000000000000000000000000000000000000000040000000000000000000000000000000000000000000000000000000000000001","owner_address":"TAJPZHk9h2zVkSYiDnKReno7z9MMt8nUkN","contract_address":"TWmhXhXjgXTj87trBufmWFuXtQP8sCWZZV","call_value":1000000000},"SmartCalls":"","Events":"","id":"","data":"","fee":"","contractRet":"SUCCESS","result":"SUCCESS","cost":{"net_fee":3510,"energy_usage":0,"energy_fee":0,"energy_usage_total":16799,"origin_energy_usage":16799,"net_usage":0}},{"block":12448572,"hash":"3494fe16f2e808248aaa60f9e031a34c40fc09f93e7f32aabe1a64509a510e61","timestamp":1567588233000,"ownerAddress":"TFvvGrvBuBnCUNnxNMuevAjah85ZsT3SyC","toAddress":"TSvin3om2vWuw5stbxTeDQrpqH2VSKTpKz","contract"
12:58:04.220 [TestNG-tests-1] DEBUG org.apache.http.wire -  << "Type":31,"confirmed":true,"revert":false,"contractData":{"data":"d09304bc","owner_address":"TFvvGrvBuBnCUNnxNMuevAjah85ZsT3SyC","contract_address":"TSvin3om2vWuw5stbxTeDQrpqH2VSKTpKz"},"SmartCalls":"","Events":"","id":"","data":"","fee":"","contractRet":"SUCCESS","result":"SUCCESS","cost":{"net_fee":0,"energy_usage":0,"energy_fee":0,"energy_usage_total":24998,"origin_energy_usage":24998,"net_usage":280}},{"block":12448572,"hash":"731d94650ceb89f7dc468b4ab917e2c8fc1084a3d6cab4bf9036d307f568ffcd","timestamp":1567588233000,"ownerAddress":"TLFu93cLG9XpatUvQMxNcnXPrvN2hzjxKS","toAddress":"TWmhXhXjgXTj87trBufmWFuXtQP8sCWZZV","contractType":31,"confirmed":true,"revert":false,"contractData":{"data":"a3082be900000000000000000000000000000000000000000000000000000000000000040000000000000000000000000000000000000000000000000000000000000001","owner_address":"TLFu93cLG9XpatUvQMxNcnXPrvN2hzjxKS","contract_address":"TWmhXhXjgXTj87trBufmWFuXtQP8sCWZZV","call_value":10000000},"SmartCalls":"","Events":"","id":"","data":"","fee":"","contractRet":"SUCCESS","result":"SUCCESS","cost":{"net_fee":3500,"energy_usage":0,"energy_fee":0,"energy_usage_total":16799,"origin_energy_usage":16799,"net_usage":0}},{"block":12448572,"hash":"d2e5cb4bc5d03789e9c66a6827e38596e2e916c13c5335dc15d03abf8a9e93cb","timestamp":1567588233000,"ownerAddress":"TLLRM7tYaY1JzQUYKMmGRHdmBFXe"
12:58:04.456 [TestNG-tests-1] DEBUG org.apache.http.wire -  << "H9Jkyx","toAddress":"TJyrefvaTbtTvEGDYhM3gLr6tKzGjst72E","contractType":2,"confirmed":true,"revert":false,"contractData":{"amount":132000000,"asset_name":"1002469","owner_address":"TLLRM7tYaY1JzQUYKMmGRHdmBFXeH9Jkyx","to_address":"TJyrefvaTbtTvEGDYhM3gLr6tKzGjst72E"},"SmartCalls":"","Events":"","id":"","data":"","fee":"","contractRet":"SUCCESS","result":"SUCCESS","cost":{"net_fee":2820,"energy_usage":0,"energy_fee":0,"energy_usage_total":0,"origin_energy_usage":0,"net_usage":0}},{"block":12448572,"hash":"f7440f4e369f2946d5fe6cea9a84251cb897218ebefcce0028036dce00cf1e71","timestamp":1567588233000,"ownerAddress":"TNNc1HGDUrRkowQxdcUaWyBodZXshuVtBp","toAddress":"TK5qKN9xJoLfCzZPG6Mj642WQtvbiHCTMx","contractType":31,"confirmed":true,"revert":false,"contractData":{"data":"497746830000000000000000000000005a60eee54515654e1d3ee23e1697c721a0a5c496d4745148887e0fead6e8037ba830fe640dd1b1bcbd5b0e0cb6c7575856fa7b4300000000000000000000000000000000000000000000000000000000007d69840000000000000000000000000000000000000000000000000000000000989680","owner_address":"TNNc1HGDUrRkowQxdcUaWyBodZXshuVtBp","contract_address":"TK5qKN9xJoLfCzZPG6Mj642WQtvbiHCTMx"},"SmartCalls":"","Events":"","id":"","data":"","fee":"","contractRet":"SUCCESS","result":"SUCCESS","cost":{"net_fee":4110,"energy_usage":0,"energy_fee":0,"energy_usage_total":41557,"origin_energy_usage":41"
12:58:04.457 [TestNG-tests-1] DEBUG org.apache.http.wire -  << "557,"net_usage":0}},{"block":12448572,"hash":"97269fa1e3efb7077409ed66a409c66f337e46307307fc9d9a05bdb8c0019ea5","timestamp":1567588233000,"ownerAddress":"TT6vxaSbHuyrCqXMervgB28pziyS4Gmt5u","toAddress":"TKB2jX2TsLGsqDiUCNf8TSE6z7kRuqQmU2","contractType":31,"confirmed":true,"revert":false,"contractData":{"data":"583d1a6a00000000000000000000000000000000000000000000000000000000000000c000000000000000000000000000000000000000000000000000000000000001000000000000000000000000000000000000000000000000000000000000000140000000000000000000000000000000000000000000000000000000000000018000000000000000000000000000000000000000000000000000000000000001c000000000000000000000000000000000000000000000000000000000000b71b00000000000000000000000000000000000000000000000000000000000000001000000000000000000000000a83dbf4fe59e6c0295e6880425396d08068f266c000000000000000000000000000000000000000000000000000000000000000124ef49fc69c599faef9ed9d4a70decab61444f7450a2f9c605f86debc1beb39a000000000000000000000000000000000000000000000000000000000000000124ef49fc69c599faef9ed9d4a70decab61444f7450a2f9c605f86debc1beb39a00000000000000000000000000000000000000000000000000000000000000010000000000000000000000000000000000000000000000000000000000bdf33a00000000000000000000000000000000000000000000000000000000000000010000000000000000000000000000000000000000000000000000000000000001000000000000"
12:58:04.457 [TestNG-tests-1] DEBUG org.apache.http.wire -  << "000000000000000000000000000000000000000000000000005f000000000000000000000000000000000000000000000000000000000000003200000000000000000000000000000000000000000000000000000000000000000000000000000000000000000000000000000000000000000000000000000000","owner_address":"TT6vxaSbHuyrCqXMervgB28pziyS4Gmt5u","contract_address":"TKB2jX2TsLGsqDiUCNf8TSE6z7kRuqQmU2"},"SmartCalls":"","Events":"","id":"","data":"","fee":"","contractRet":"SUCCESS","result":"SUCCESS","cost":{"net_fee":9230,"energy_usage":23907,"energy_fee":0,"energy_usage_total":23907,"origin_energy_usage":0,"net_usage":0}},{"block":12448572,"hash":"948d2fd0a4a0df4c7aaa6c27c293b48fc0191d78f6e6382bdbae766b4f836a24","timestamp":1567588233000,"ownerAddress":"TJBatnyAZox1c4cGyHCQrypivj5P8ByA1K","toAddress":"TWmhXhXjgXTj87trBufmWFuXtQP8sCWZZV","contractType":31,"confirmed":true,"revert":false,"contractData":{"data":"a3082be900000000000000000000000000000000000000000000000000000000000000060000000000000000000000000000000000000000000000000000000000000001","owner_address":"TJBatnyAZox1c4cGyHCQrypivj5P8ByA1K","contract_address":"TWmhXhXjgXTj87trBufmWFuXtQP8sCWZZV","call_value":20000000},"SmartCalls":"","Events":"","id":"","data":"","fee":"","contractRet":"SUCCESS","result":"SUCCESS","cost":{"net_fee":3500,"energy_usage":0,"energy_fee":0,"energy_usage_total":16799,"origin_energy_usage":16799,"net_u"
12:58:04.457 [TestNG-tests-1] DEBUG org.apache.http.wire -  << "sage":0}},{"block":12448572,"hash":"9bd29f337eee672dc656ef40c021c077e7d0fdb60f8bf0bdf56d30c59cfe466f","timestamp":1567588233000,"ownerAddress":"TQfatfkXsyXCBPHxnaY1Z8yWYLBAjVBwYZ","toAddress":"TXnQHq7647qmtbNXHjBdh8GRkQULZ1XYuk","contractType":1,"confirmed":true,"revert":false,"contractData":{"amount":100,"owner_address":"TQfatfkXsyXCBPHxnaY1Z8yWYLBAjVBwYZ","to_address":"TXnQHq7647qmtbNXHjBdh8GRkQULZ1XYuk"},"SmartCalls":"","Events":"","id":"","data":"","fee":"","contractRet":"SUCCESS","result":"SUCCESS","cost":{"net_fee":0,"energy_usage":0,"energy_fee":0,"energy_usage_total":0,"origin_energy_usage":0,"net_usage":265}}],"wholeChainTxCount":934157972}[\n]"
12:58:04.457 [TestNG-tests-1] DEBUG org.apache.http.impl.conn.DefaultClientConnection - Connection 0.0.0.0:61130<->18.216.178.128:80 closed
12:58:04.457 [TestNG-tests-1] DEBUG org.apache.http.impl.conn.PoolingClientConnectionManager - Connection released: [id: 43][route: {}->http://apilist.tronscan.org:80][total kept alive: 0; route allocated: 0 of 80; total allocated: 0 of 100]
12:58:04.457 [TestNG-tests-1] INFO tron.common.TronscanApiList - ----------------------------Print JSON Start---------------------------
12:58:04.457 [TestNG-tests-1] INFO tron.common.TronscanApiList - wholeChainTxCount:934157972
12:58:04.457 [TestNG-tests-1] INFO tron.common.TronscanApiList - total:58
12:58:04.457 [TestNG-tests-1] INFO tron.common.TronscanApiList - data:[{"contractRet":"SUCCESS","cost":{"net_fee":4110,"energy_usage":0,"energy_fee":0,"energy_usage_total":41865,"origin_energy_usage":41865,"net_usage":0},"data":"","contractType":31,"fee":"","revert":false,"toAddress":"TK5qKN9xJoLfCzZPG6Mj642WQtvbiHCTMx","confirmed":true,"result":"SUCCESS","Events":"","SmartCalls":"","block":12448572,"ownerAddress":"TNNc1HGDUrRkowQxdcUaWyBodZXshuVtBp","id":"","hash":"80350c1f01783592187d5daa429c6de9bc78fa9929d189bf9264a309f7a4bb3c","contractData":{"data":"4977468300000000000000000000000057b87b34840dd1a41902dd3f9ecee670ead339cdee32c48d5fb08b25ddfcc70a47a1eda37b72baf71d68673d3d7e8b1ffb94428f000000000000000000000000000000000000000000000000000000000064d4840000000000000000000000000000000000000000000000000000000005f5e100","owner_address":"TNNc1HGDUrRkowQxdcUaWyBodZXshuVtBp","contract_address":"TK5qKN9xJoLfCzZPG6Mj642WQtvbiHCTMx"},"timestamp":1567588233000},{"contractRet":"SUCCESS","cost":{"net_fee":2820,"energy_usage":0,"energy_fee":0,"energy_usage_total":0,"origin_energy_usage":0,"net_usage":0},"data":"","contractType":2,"fee":"","revert":false,"toAddress":"TEjS2DnoHRZUEVxoNBxnVNKSqq66U5dFB7","confirmed":true,"result":"SUCCESS","Events":"","SmartCalls":"","block":12448572,"ownerAddress":"TLLRM7tYaY1JzQUYKMmGRHdmBFXeH9Jkyx","id":"","hash":"bbe4d529e93a9d7bb0c0b0a746128631e4c8662e31855865e5287ffe736eb6de","contractData":{"amount":132000000,"asset_name":"1002469","owner_address":"TLLRM7tYaY1JzQUYKMmGRHdmBFXeH9Jkyx","to_address":"TEjS2DnoHRZUEVxoNBxnVNKSqq66U5dFB7"},"timestamp":1567588233000},{"contractRet":"SUCCESS","cost":{"net_fee":3510,"energy_usage":0,"energy_fee":0,"energy_usage_total":16799,"origin_energy_usage":16799,"net_usage":0},"data":"","contractType":31,"fee":"","revert":false,"toAddress":"TWmhXhXjgXTj87trBufmWFuXtQP8sCWZZV","confirmed":true,"result":"SUCCESS","Events":"","SmartCalls":"","block":12448572,"ownerAddress":"TAj2AnCUobW8jSRT9Dhxvo7oztAZJEmL2G","id":"","hash":"3dbda9cdd7783797b2ac1ce979564b357bea031b2eaaa5bc943958adfcee33be","contractData":{"data":"a3082be900000000000000000000000000000000000000000000000000000000000000040000000000000000000000000000000000000000000000000000000000000001","owner_address":"TAj2AnCUobW8jSRT9Dhxvo7oztAZJEmL2G","contract_address":"TWmhXhXjgXTj87trBufmWFuXtQP8sCWZZV","call_value":1000000000},"timestamp":1567588233000},{"contractRet":"SUCCESS","cost":{"net_fee":4110,"energy_usage":0,"energy_fee":0,"energy_usage_total":41557,"origin_energy_usage":41557,"net_usage":0},"data":"","contractType":31,"fee":"","revert":false,"toAddress":"TK5qKN9xJoLfCzZPG6Mj642WQtvbiHCTMx","confirmed":true,"result":"SUCCESS","Events":"","SmartCalls":"","block":12448572,"ownerAddress":"TNNc1HGDUrRkowQxdcUaWyBodZXshuVtBp","id":"","hash":"94a61fe0f7155eae2c2a6f4bb11942f90b7dafd804cb420bb9b03490e1edf02d","contractData":{"data":"49774683000000000000000000000000de7e0cf0775301ec67d482053e927eed9974887922e3a09e1d23a7259072e31e8ea3218b03e3e1d0d18d3d62d1f5280080e037530000000000000000000000000000000000000000000000000000000001522d840000000000000000000000000000000000000000000000000000000004c4b400","owner_address":"TNNc1HGDUrRkowQxdcUaWyBodZXshuVtBp","contract_address":"TK5qKN9xJoLfCzZPG6Mj642WQtvbiHCTMx"},"timestamp":1567588233000},{"contractRet":"SUCCESS","cost":{"net_fee":2820,"energy_usage":0,"energy_fee":0,"energy_usage_total":0,"origin_energy_usage":0,"net_usage":0},"data":"","contractType":2,"fee":"","revert":false,"toAddress":"TFCthrjJokScbEE49sdBYjviz2gnS52jTj","confirmed":true,"result":"SUCCESS","Events":"","SmartCalls":"","block":12448572,"ownerAddress":"TLLRM7tYaY1JzQUYKMmGRHdmBFXeH9Jkyx","id":"","hash":"e0b80b84b4eae8012d62a676e078348a8f7859fbde47ad2467f6c8fa32c032af","contractData":{"amount":132000000,"asset_name":"1002469","owner_address":"TLLRM7tYaY1JzQUYKMmGRHdmBFXeH9Jkyx","to_address":"TFCthrjJokScbEE49sdBYjviz2gnS52jTj"},"timestamp":1567588233000},{"contractRet":"SUCCESS","cost":{"net_fee":4110,"energy_usage":0,"energy_fee":418590,"energy_usage_total":41859,"origin_energy_usage":0,"net_usage":0},"data":"","contractType":31,"fee":"","revert":false,"toAddress":"TK5qKN9xJoLfCzZPG6Mj642WQtvbiHCTMx","confirmed":true,"result":"SUCCESS","Events":"","SmartCalls":"","block":12448572,"ownerAddress":"TNNc1HGDUrRkowQxdcUaWyBodZXshuVtBp","id":"","hash":"9947038f9fec12c1e1a5244fb0431123cf092671309a1d87fde9141ecfdb3a71","contractData":{"data":"4977468300000000000000000000000052c7ff55bd306e7e6a460ca1a3c8dd08c7ee1fae23f39e3bde1c70e2f59fac78035dd7f7224b963f4764f4e515e3e6d13208d7f100000000000000000000000000000000000000000000000000000000000072550000000000000000000000000000000000000000000000000000000000989680","owner_address":"TNNc1HGDUrRkowQxdcUaWyBodZXshuVtBp","contract_address":"TK5qKN9xJoLfCzZPG6Mj642WQtvbiHCTMx"},"timestamp":1567588233000},{"contractRet":"SUCCESS","cost":{"net_fee":4110,"energy_usage":0,"energy_fee":415570,"energy_usage_total":41557,"origin_energy_usage":0,"net_usage":0},"data":"","contractType":31,"fee":"","revert":false,"toAddress":"TK5qKN9xJoLfCzZPG6Mj642WQtvbiHCTMx","confirmed":true,"result":"SUCCESS","Events":"","SmartCalls":"","block":12448572,"ownerAddress":"TNNc1HGDUrRkowQxdcUaWyBodZXshuVtBp","id":"","hash":"a9eb91530d3845142cdab449ba8f48632ff4ae184f854a44c424078494368547","contractData":{"data":"497746830000000000000000000000009054c1d52878862cc658e3e27796932cbd53d09f033b7e2a5b7bb436b76bc35bc6293d843fb8df75d7cb17b3ebd90e8e8bb052510000000000000000000000000000000000000000000000000000000000b63c84000000000000000000000000000000000000000000000000000000003b9aca00","owner_address":"TNNc1HGDUrRkowQxdcUaWyBodZXshuVtBp","contract_address":"TK5qKN9xJoLfCzZPG6Mj642WQtvbiHCTMx"},"timestamp":1567588233000},{"contractRet":"SUCCESS","cost":{"net_fee":3500,"energy_usage":0,"energy_fee":0,"energy_usage_total":16755,"origin_energy_usage":16755,"net_usage":0},"data":"","contractType":31,"fee":"","revert":false,"toAddress":"TWmhXhXjgXTj87trBufmWFuXtQP8sCWZZV","confirmed":true,"result":"SUCCESS","Events":"","SmartCalls":"","block":12448572,"ownerAddress":"TVvQSmf5jm3EQzQ12MoiXzRirx7zjiVFvT","id":"","hash":"91c3e3292e31bd2a893ce9d1072849c1de21feeadc783498209a6127098360e6","contractData":{"data":"a3082be9000000000000000000000000000000000000000000000000000000000000005f0000000000000000000000000000000000000000000000000000000000000000","owner_address":"TVvQSmf5jm3EQzQ12MoiXzRirx7zjiVFvT","contract_address":"TWmhXhXjgXTj87trBufmWFuXtQP8sCWZZV","call_value":100000000},"timestamp":1567588233000},{"contractRet":"SUCCESS","cost":{"net_fee":3500,"energy_usage":0,"energy_fee":0,"energy_usage_total":16799,"origin_energy_usage":16799,"net_usage":0},"data":"","contractType":31,"fee":"","revert":false,"toAddress":"TWmhXhXjgXTj87trBufmWFuXtQP8sCWZZV","confirmed":true,"result":"SUCCESS","Events":"","SmartCalls":"","block":12448572,"ownerAddress":"TMt5dBMhJg6GVQDUtR4YXZuqvAtB1RowcR","id":"","hash":"d80fb05c0e0003e14fd997b40d213de00854298272cdc245503cb23d5b78b357","contractData":{"data":"a3082be900000000000000000000000000000000000000000000000000000000000000040000000000000000000000000000000000000000000000000000000000000001","owner_address":"TMt5dBMhJg6GVQDUtR4YXZuqvAtB1RowcR","contract_address":"TWmhXhXjgXTj87trBufmWFuXtQP8sCWZZV","call_value":10000000},"timestamp":1567588233000},{"contractRet":"SUCCESS","cost":{"net_fee":4110,"energy_usage":0,"energy_fee":0,"energy_usage_total":50954,"origin_energy_usage":50954,"net_usage":0},"data":"","contractType":31,"fee":"","revert":false,"toAddress":"TK5qKN9xJoLfCzZPG6Mj642WQtvbiHCTMx","confirmed":true,"result":"SUCCESS","Events":"","SmartCalls":"","block":12448572,"ownerAddress":"TNNc1HGDUrRkowQxdcUaWyBodZXshuVtBp","id":"","hash":"d68534c379a92c03ffa6e3b3876eed38cd5689c621240dc18ae62546250eb7f2","contractData":{"data":"497746830000000000000000000000005eb3eb6aa98e2dd86fd94049b68ee52f81d3a2b73201bcc9fa6ca1f693e1fc382bb016d06021df85dbe8de41f19594011246422400000000000000000000000000000000000000000000000000000000051d40840000000000000000000000000000000000000000000000000000000002faf080","owner_address":"TNNc1HGDUrRkowQxdcUaWyBodZXshuVtBp","contract_address":"TK5qKN9xJoLfCzZPG6Mj642WQtvbiHCTMx"},"timestamp":1567588233000},{"contractRet":"SUCCESS","cost":{"net_fee":3500,"energy_usage":0,"energy_fee":0,"energy_usage_total":16799,"origin_energy_usage":16799,"net_usage":0},"data":"","contractType":31,"fee":"","revert":false,"toAddress":"TWmhXhXjgXTj87trBufmWFuXtQP8sCWZZV","confirmed":true,"result":"SUCCESS","Events":"","SmartCalls":"","block":12448572,"ownerAddress":"TT7FqXvVHux2fNdJCorp7YnEiewEtDwQwL","id":"","hash":"a9dab24ed2d28cb2423374bc89b27b1d8f687c146c777db305c04d2d5301766b","contractData":{"data":"a3082be900000000000000000000000000000000000000000000000000000000000000080000000000000000000000000000000000000000000000000000000000000001","owner_address":"TT7FqXvVHux2fNdJCorp7YnEiewEtDwQwL","contract_address":"TWmhXhXjgXTj87trBufmWFuXtQP8sCWZZV","call_value":13000000},"timestamp":1567588233000},{"contractRet":"SUCCESS","cost":{"net_fee":4110,"energy_usage":0,"energy_fee":0,"energy_usage_total":42504,"origin_energy_usage":42504,"net_usage":0},"data":"","contractType":31,"fee":"","revert":false,"toAddress":"TK5qKN9xJoLfCzZPG6Mj642WQtvbiHCTMx","confirmed":true,"result":"SUCCESS","Events":"","SmartCalls":"","block":12448572,"ownerAddress":"TNNc1HGDUrRkowQxdcUaWyBodZXshuVtBp","id":"","hash":"c05f6d8c1bc3381a6eec86d876034dcd8bf39055b35ae3ea58998db25dbe7291","contractData":{"data":"49774683000000000000000000000000e8c18436f9cbf4bc021b66e23d072e4ffcedd11985ff8ca217b3e7a5f0695d5eec3ff95a635a364b1c6b0e728b468c2ecbf3fb9a000000000000000000000000000000000000000000000000000000000144b5840000000000000000000000000000000000000000000000000000000004c4b400","owner_address":"TNNc1HGDUrRkowQxdcUaWyBodZXshuVtBp","contract_address":"TK5qKN9xJoLfCzZPG6Mj642WQtvbiHCTMx"},"timestamp":1567588233000},{"contractRet":"SUCCESS","cost":{"net_fee":3510,"energy_usage":0,"energy_fee":0,"energy_usage_total":16799,"origin_energy_usage":16799,"net_usage":0},"data":"","contractType":31,"fee":"","revert":false,"toAddress":"TWmhXhXjgXTj87trBufmWFuXtQP8sCWZZV","confirmed":true,"result":"SUCCESS","Events":"","SmartCalls":"","block":12448572,"ownerAddress":"TAJPZHk9h2zVkSYiDnKReno7z9MMt8nUkN","id":"","hash":"a82e53c1df8e8db3ede9138d48af8a6f204e9943f0ed934e9dded9b823c65bf0","contractData":{"data":"a3082be900000000000000000000000000000000000000000000000000000000000000040000000000000000000000000000000000000000000000000000000000000001","owner_address":"TAJPZHk9h2zVkSYiDnKReno7z9MMt8nUkN","contract_address":"TWmhXhXjgXTj87trBufmWFuXtQP8sCWZZV","call_value":1000000000},"timestamp":1567588233000},{"contractRet":"SUCCESS","cost":{"net_fee":0,"energy_usage":0,"energy_fee":0,"energy_usage_total":24998,"origin_energy_usage":24998,"net_usage":280},"data":"","contractType":31,"fee":"","revert":false,"toAddress":"TSvin3om2vWuw5stbxTeDQrpqH2VSKTpKz","confirmed":true,"result":"SUCCESS","Events":"","SmartCalls":"","block":12448572,"ownerAddress":"TFvvGrvBuBnCUNnxNMuevAjah85ZsT3SyC","id":"","hash":"3494fe16f2e808248aaa60f9e031a34c40fc09f93e7f32aabe1a64509a510e61","contractData":{"data":"d09304bc","owner_address":"TFvvGrvBuBnCUNnxNMuevAjah85ZsT3SyC","contract_address":"TSvin3om2vWuw5stbxTeDQrpqH2VSKTpKz"},"timestamp":1567588233000},{"contractRet":"SUCCESS","cost":{"net_fee":3500,"energy_usage":0,"energy_fee":0,"energy_usage_total":16799,"origin_energy_usage":16799,"net_usage":0},"data":"","contractType":31,"fee":"","revert":false,"toAddress":"TWmhXhXjgXTj87trBufmWFuXtQP8sCWZZV","confirmed":true,"result":"SUCCESS","Events":"","SmartCalls":"","block":12448572,"ownerAddress":"TLFu93cLG9XpatUvQMxNcnXPrvN2hzjxKS","id":"","hash":"731d94650ceb89f7dc468b4ab917e2c8fc1084a3d6cab4bf9036d307f568ffcd","contractData":{"data":"a3082be900000000000000000000000000000000000000000000000000000000000000040000000000000000000000000000000000000000000000000000000000000001","owner_address":"TLFu93cLG9XpatUvQMxNcnXPrvN2hzjxKS","contract_address":"TWmhXhXjgXTj87trBufmWFuXtQP8sCWZZV","call_value":10000000},"timestamp":1567588233000},{"contractRet":"SUCCESS","cost":{"net_fee":2820,"energy_usage":0,"energy_fee":0,"energy_usage_total":0,"origin_energy_usage":0,"net_usage":0},"data":"","contractType":2,"fee":"","revert":false,"toAddress":"TJyrefvaTbtTvEGDYhM3gLr6tKzGjst72E","confirmed":true,"result":"SUCCESS","Events":"","SmartCalls":"","block":12448572,"ownerAddress":"TLLRM7tYaY1JzQUYKMmGRHdmBFXeH9Jkyx","id":"","hash":"d2e5cb4bc5d03789e9c66a6827e38596e2e916c13c5335dc15d03abf8a9e93cb","contractData":{"amount":132000000,"asset_name":"1002469","owner_address":"TLLRM7tYaY1JzQUYKMmGRHdmBFXeH9Jkyx","to_address":"TJyrefvaTbtTvEGDYhM3gLr6tKzGjst72E"},"timestamp":1567588233000},{"contractRet":"SUCCESS","cost":{"net_fee":4110,"energy_usage":0,"energy_fee":0,"energy_usage_total":41557,"origin_energy_usage":41557,"net_usage":0},"data":"","contractType":31,"fee":"","revert":false,"toAddress":"TK5qKN9xJoLfCzZPG6Mj642WQtvbiHCTMx","confirmed":true,"result":"SUCCESS","Events":"","SmartCalls":"","block":12448572,"ownerAddress":"TNNc1HGDUrRkowQxdcUaWyBodZXshuVtBp","id":"","hash":"f7440f4e369f2946d5fe6cea9a84251cb897218ebefcce0028036dce00cf1e71","contractData":{"data":"497746830000000000000000000000005a60eee54515654e1d3ee23e1697c721a0a5c496d4745148887e0fead6e8037ba830fe640dd1b1bcbd5b0e0cb6c7575856fa7b4300000000000000000000000000000000000000000000000000000000007d69840000000000000000000000000000000000000000000000000000000000989680","owner_address":"TNNc1HGDUrRkowQxdcUaWyBodZXshuVtBp","contract_address":"TK5qKN9xJoLfCzZPG6Mj642WQtvbiHCTMx"},"timestamp":1567588233000},{"contractRet":"SUCCESS","cost":{"net_fee":9230,"energy_usage":23907,"energy_fee":0,"energy_usage_total":23907,"origin_energy_usage":0,"net_usage":0},"data":"","contractType":31,"fee":"","revert":false,"toAddress":"TKB2jX2TsLGsqDiUCNf8TSE6z7kRuqQmU2","confirmed":true,"result":"SUCCESS","Events":"","SmartCalls":"","block":12448572,"ownerAddress":"TT6vxaSbHuyrCqXMervgB28pziyS4Gmt5u","id":"","hash":"97269fa1e3efb7077409ed66a409c66f337e46307307fc9d9a05bdb8c0019ea5","contractData":{"data":"583d1a6a00000000000000000000000000000000000000000000000000000000000000c000000000000000000000000000000000000000000000000000000000000001000000000000000000000000000000000000000000000000000000000000000140000000000000000000000000000000000000000000000000000000000000018000000000000000000000000000000000000000000000000000000000000001c000000000000000000000000000000000000000000000000000000000000b71b00000000000000000000000000000000000000000000000000000000000000001000000000000000000000000a83dbf4fe59e6c0295e6880425396d08068f266c000000000000000000000000000000000000000000000000000000000000000124ef49fc69c599faef9ed9d4a70decab61444f7450a2f9c605f86debc1beb39a000000000000000000000000000000000000000000000000000000000000000124ef49fc69c599faef9ed9d4a70decab61444f7450a2f9c605f86debc1beb39a00000000000000000000000000000000000000000000000000000000000000010000000000000000000000000000000000000000000000000000000000bdf33a00000000000000000000000000000000000000000000000000000000000000010000000000000000000000000000000000000000000000000000000000000001000000000000000000000000000000000000000000000000000000000000005f000000000000000000000000000000000000000000000000000000000000003200000000000000000000000000000000000000000000000000000000000000000000000000000000000000000000000000000000000000000000000000000000","owner_address":"TT6vxaSbHuyrCqXMervgB28pziyS4Gmt5u","contract_address":"TKB2jX2TsLGsqDiUCNf8TSE6z7kRuqQmU2"},"timestamp":1567588233000},{"contractRet":"SUCCESS","cost":{"net_fee":3500,"energy_usage":0,"energy_fee":0,"energy_usage_total":16799,"origin_energy_usage":16799,"net_usage":0},"data":"","contractType":31,"fee":"","revert":false,"toAddress":"TWmhXhXjgXTj87trBufmWFuXtQP8sCWZZV","confirmed":true,"result":"SUCCESS","Events":"","SmartCalls":"","block":12448572,"ownerAddress":"TJBatnyAZox1c4cGyHCQrypivj5P8ByA1K","id":"","hash":"948d2fd0a4a0df4c7aaa6c27c293b48fc0191d78f6e6382bdbae766b4f836a24","contractData":{"data":"a3082be900000000000000000000000000000000000000000000000000000000000000060000000000000000000000000000000000000000000000000000000000000001","owner_address":"TJBatnyAZox1c4cGyHCQrypivj5P8ByA1K","contract_address":"TWmhXhXjgXTj87trBufmWFuXtQP8sCWZZV","call_value":20000000},"timestamp":1567588233000},{"contractRet":"SUCCESS","cost":{"net_fee":0,"energy_usage":0,"energy_fee":0,"energy_usage_total":0,"origin_energy_usage":0,"net_usage":265},"data":"","contractType":1,"fee":"","revert":false,"toAddress":"TXnQHq7647qmtbNXHjBdh8GRkQULZ1XYuk","confirmed":true,"result":"SUCCESS","Events":"","SmartCalls":"","block":12448572,"ownerAddress":"TQfatfkXsyXCBPHxnaY1Z8yWYLBAjVBwYZ","id":"","hash":"9bd29f337eee672dc656ef40c021c077e7d0fdb60f8bf0bdf56d30c59cfe466f","contractData":{"amount":100,"owner_address":"TQfatfkXsyXCBPHxnaY1Z8yWYLBAjVBwYZ","to_address":"TXnQHq7647qmtbNXHjBdh8GRkQULZ1XYuk"},"timestamp":1567588233000}]
12:58:04.457 [TestNG-tests-1] INFO tron.common.TronscanApiList - rangeTotal:58
12:58:04.457 [TestNG-tests-1] INFO tron.common.TronscanApiList - JSON content size are: 4
12:58:04.457 [TestNG-tests-1] INFO tron.common.TronscanApiList - ----------------------------Print JSON End-----------------------------
12:58:04.458 [TestNG-tests-1] DEBUG org.apache.http.impl.conn.PoolingClientConnectionManager - Connection request: [route: {}->http://apilist.tronscan.org:80][total kept alive: 0; route allocated: 0 of 80; total allocated: 0 of 100]
12:58:04.458 [TestNG-tests-1] DEBUG org.apache.http.impl.conn.PoolingClientConnectionManager - Connection leased: [id: 44][route: {}->http://apilist.tronscan.org:80][total kept alive: 0; route allocated: 1 of 80; total allocated: 1 of 100]
12:58:04.458 [TestNG-tests-1] DEBUG org.apache.http.impl.conn.DefaultClientConnectionOperator - Connecting to apilist.tronscan.org:80
12:58:04.788 [TestNG-tests-1] DEBUG org.apache.http.client.protocol.RequestAddCookies - CookieSpec selected: default
12:58:04.788 [TestNG-tests-1] DEBUG org.apache.http.client.protocol.RequestAuthCache - Auth cache not set in the context
12:58:04.788 [TestNG-tests-1] DEBUG org.apache.http.client.protocol.RequestTargetAuthentication - Target auth state: UNCHALLENGED
12:58:04.788 [TestNG-tests-1] DEBUG org.apache.http.client.protocol.RequestProxyAuthentication - Proxy auth state: UNCHALLENGED
12:58:04.788 [TestNG-tests-1] DEBUG org.apache.http.impl.client.DefaultHttpClient - Attempt 1 to execute request
12:58:04.788 [TestNG-tests-1] DEBUG org.apache.http.impl.conn.DefaultClientConnection - Sending request: GET /api/transaction?end_timestamp=1548056638507&start_timestamp=1548000000000&limit=20&count=true&start=0&sort=-timestamp HTTP/1.1
12:58:04.788 [TestNG-tests-1] DEBUG org.apache.http.wire -  >> "GET /api/transaction?end_timestamp=1548056638507&start_timestamp=1548000000000&limit=20&count=true&start=0&sort=-timestamp HTTP/1.1[\r][\n]"
12:58:04.788 [TestNG-tests-1] DEBUG org.apache.http.wire -  >> "Content-type: application/json; charset=utf-8[\r][\n]"
12:58:04.788 [TestNG-tests-1] DEBUG org.apache.http.wire -  >> "Connection: Close[\r][\n]"
12:58:04.788 [TestNG-tests-1] DEBUG org.apache.http.wire -  >> "Host: apilist.tronscan.org[\r][\n]"
12:58:04.788 [TestNG-tests-1] DEBUG org.apache.http.wire -  >> "User-Agent: Apache-HttpClient/4.5.3 (Java/1.8.0_211)[\r][\n]"
12:58:04.788 [TestNG-tests-1] DEBUG org.apache.http.wire -  >> "[\r][\n]"
12:58:04.788 [TestNG-tests-1] DEBUG org.apache.http.headers - >> GET /api/transaction?end_timestamp=1548056638507&start_timestamp=1548000000000&limit=20&count=true&start=0&sort=-timestamp HTTP/1.1
12:58:04.788 [TestNG-tests-1] DEBUG org.apache.http.headers - >> Content-type: application/json; charset=utf-8
12:58:04.788 [TestNG-tests-1] DEBUG org.apache.http.headers - >> Connection: Close
12:58:04.788 [TestNG-tests-1] DEBUG org.apache.http.headers - >> Host: apilist.tronscan.org
12:58:04.788 [TestNG-tests-1] DEBUG org.apache.http.headers - >> User-Agent: Apache-HttpClient/4.5.3 (Java/1.8.0_211)
12:58:25.575 [TestNG-tests-1] DEBUG org.apache.http.wire -  << "HTTP/1.1 200 OK[\r][\n]"
12:58:25.575 [TestNG-tests-1] DEBUG org.apache.http.wire -  << "Server: nginx[\r][\n]"
12:58:25.575 [TestNG-tests-1] DEBUG org.apache.http.wire -  << "Date: Fri, 27 Mar 2020 04:58:26 GMT[\r][\n]"
12:58:25.575 [TestNG-tests-1] DEBUG org.apache.http.wire -  << "Content-Type: application/json;charset=utf-8[\r][\n]"
12:58:25.575 [TestNG-tests-1] DEBUG org.apache.http.wire -  << "Content-Length: 15816[\r][\n]"
12:58:25.575 [TestNG-tests-1] DEBUG org.apache.http.wire -  << "Connection: close[\r][\n]"
12:58:25.575 [TestNG-tests-1] DEBUG org.apache.http.wire -  << "Vary: Accept-Encoding[\r][\n]"
12:58:25.575 [TestNG-tests-1] DEBUG org.apache.http.wire -  << "Access-Control-Allow-Origin: *[\r][\n]"
12:58:25.575 [TestNG-tests-1] DEBUG org.apache.http.wire -  << "Access-Control-Allow-Headers: DNT,X-Mx-ReqToken,Keep-Alive,User-Agent,X-Requested-With,If-Modified-Since,Cache-Control,Content-Type,Authorization[\r][\n]"
12:58:25.575 [TestNG-tests-1] DEBUG org.apache.http.wire -  << "Access-Control-Allow-Methods: GET,POST,PUT,DELETE,OPTIONS[\r][\n]"
12:58:25.575 [TestNG-tests-1] DEBUG org.apache.http.wire -  << "X-Proxy-Cache: MISS[\r][\n]"
12:58:25.575 [TestNG-tests-1] DEBUG org.apache.http.wire -  << "[\r][\n]"
12:58:25.575 [TestNG-tests-1] DEBUG org.apache.http.impl.conn.DefaultClientConnection - Receiving response: HTTP/1.1 200 OK
12:58:25.575 [TestNG-tests-1] DEBUG org.apache.http.headers - << HTTP/1.1 200 OK
12:58:25.575 [TestNG-tests-1] DEBUG org.apache.http.headers - << Server: nginx
12:58:25.575 [TestNG-tests-1] DEBUG org.apache.http.headers - << Date: Fri, 27 Mar 2020 04:58:26 GMT
12:58:25.575 [TestNG-tests-1] DEBUG org.apache.http.headers - << Content-Type: application/json;charset=utf-8
12:58:25.576 [TestNG-tests-1] DEBUG org.apache.http.headers - << Content-Length: 15816
12:58:25.576 [TestNG-tests-1] DEBUG org.apache.http.headers - << Connection: close
12:58:25.576 [TestNG-tests-1] DEBUG org.apache.http.headers - << Vary: Accept-Encoding
12:58:25.576 [TestNG-tests-1] DEBUG org.apache.http.headers - << Access-Control-Allow-Origin: *
12:58:25.576 [TestNG-tests-1] DEBUG org.apache.http.headers - << Access-Control-Allow-Headers: DNT,X-Mx-ReqToken,Keep-Alive,User-Agent,X-Requested-With,If-Modified-Since,Cache-Control,Content-Type,Authorization
12:58:25.576 [TestNG-tests-1] DEBUG org.apache.http.headers - << Access-Control-Allow-Methods: GET,POST,PUT,DELETE,OPTIONS
12:58:25.576 [TestNG-tests-1] DEBUG org.apache.http.headers - << X-Proxy-Cache: MISS
http://apilist.tronscan.org/api/transaction?end_timestamp=1548056638507&start_timestamp=1548000000000&limit=20&count=true&start=0&sort=-timestamp 请求总耗时：21118 毫秒
12:58:25.576 [TestNG-tests-1] DEBUG org.apache.http.wire -  << "{"total":10000,"rangeTotal":1294239,"data":[{"block":5987599,"hash":"8cd150f5acc46f458e6e3b4fa616b2386fb729a970f128bd0663d4a144b6ca69","timestamp":1548056637000,"ownerAddress":"TPFWZ4CWreXZPVVcsRtNCLrQ8jnnAEbEyX","toAddress":"TKQ2WmYs9KRmD3c9TwUMjZ3vj5BKgADUZ5","contractType":31,"confirmed":true,"revert":false,"contractData":{"data":"ccdc535e000000000000000000000000000000000000000000000000000000000000006000000000000000000000000000000000000000000000000000000000000000640000000000000000000000000000000000000000000000000284804f3f891000","owner_address":"TPFWZ4CWreXZPVVcsRtNCLrQ8jnnAEbEyX","contract_address":"TKQ2WmYs9KRmD3c9TwUMjZ3vj5BKgADUZ5","call_value":40000000},"SmartCalls":"","Events":"","id":"","data":"","fee":"","contractRet":"SUCCESS","result":"SUCCESS","cost":{"net_fee":3840,"energy_usage":0,"energy_fee":852910,"energy_usage_total":106679,"origin_energy_usage":21388,"net_usage":0}},{"block":5987599,"hash":"e70ec024f6da55fad6cfd3e231c3882eee28c058380f0972e35b9e52e1127dcd","timestamp":1548056637000,"ownerAddress":"TL9N4ZKLVwreWPp48JNbM9B9xNnDaGnLYo","toAddress":"TRkXAjRA6rRsCZ31DofFsZYYPjtz8fvL1u","contractType":31,"confirmed":true,"revert":false,"contractData":{"data":"fd8b088900000000000000000000000000000000000000000000000000000000000000030000000000000000000000000000000000000000000000000000000000000004","owner_address":"TL9N4ZKLVwreWPp48JNbM9B9xNnDaGnLYo","contract_address":"TRkXAjRA6rRsCZ31DofFsZYYPjtz8fvL1u","call_value":10000000},"SmartCalls":"","Events":"","id":"","data":"","fee":"","contractRet":"SUCCESS","result":"SUCCESS","cost":{"net_fee":0,"energy_usage":0,"energy_fee":0,"energy_usage_total":45159,"origin_energy_usage":45159,"net_usage":350}},{"block":5987599,"hash":"b0a8680bdba3ea4fab1d9b2c21746de43cb84bca7e07f9e94a09b4b1ca7441bd","timestamp":1548056637000,"ownerAddress":"TE8HwuoFMMN2wHYZRZLczNxzjuRzNNejC5","toAddress":"TEEXEWrkMFKapSMJ6mErg39ELFKDqEs6w3","contractType":31,"confirmed":true,"revert":false,"contractData":{"data":"a3082be900000000000000000000000000000000000000000000000000000000000000420000000000000000000000000000000000000000000000000000000000000001","owner_address":"TE8HwuoFMMN2wHYZRZLczNxzjuRzNNejC5","contract_address":"TEEXEWrkMFKapSMJ6mErg39ELFKDqEs6w3","call_value":40000000},"SmartCalls":"","Events":"","id":"","data":"","fee":"","contractRet":"SUCCESS","result":"SUCCESS","cost":{"net_fee":3500,"energy_usage":0,"energy_fee":0,"energy_usage_total":14557,"origin_energy_usage":14557,"net_usage":0}},{"block":5987599,"hash":"7a944ce01ad9ab667b9afce3a02be28bd8fea7cfc727cb605b5b5e15af0dbd16","timestamp":1548056637000,"ownerAddress":"TBv7igM3eVRsd144ayw7X3ecxsAdMQfBne","toAddress":"TXSjGe7jtfHwiTFxxfER8PKVz9vc1N8u2x","contractType":31,"confir"
12:58:25.576 [TestNG-tests-1] DEBUG org.apache.http.wire -  << "med":true,"revert":false,"contractData":{"data":"497746830000000000000000000000002050561738f7501f1b3479f057534d702a880d38bc12d72a6345de9372da280c8f547dfc742eb4c832311ebee10fd4b47d6a6c24000000000000000000000000000000000000000000000000000000000013f2320000000000000000000000000000000000000000000000000000000002625a00","owner_address":"TBv7igM3eVRsd144ayw7X3ecxsAdMQfBne","contract_address":"TXSjGe7jtfHwiTFxxfER8PKVz9vc1N8u2x"},"SmartCalls":"","Events":"","id":"","data":"","fee":"","contractRet":"SUCCESS","result":"SUCCESS","cost":{"net_fee":4110,"energy_usage":0,"energy_fee":293330,"energy_usage_total":29333,"origin_energy_usage":0,"net_usage":0}},{"block":5987599,"hash":"f1094d79f43ce481e7fc91f199b04d0115e1927778a473d82d84fbb6820c654e","timestamp":1548056637000,"ownerAddress":"TXYeahu7J6Hr7X33XFRaHgyznvun578jPm","toAddress":"THzuXNFiDe4jBGiVRpRLxCf4u3WWxgrUZE","contractType":2,"confirmed":true,"revert":false,"contractData":{"amount":21,"asset_name":"1000633","owner_address":"TXYeahu7J6Hr7X33XFRaHgyznvun578jPm","to_address":"THzuXNFiDe4jBGiVRpRLxCf4u3WWxgrUZE"},"SmartCalls":"","Events":"","id":"","data":"","fee":"","contractRet":"SUCCESS","result":"SUCCESS"},{"block":5987599,"hash":"4428b1c8f0610c93c8ad535394f56edc497cb894477d9c5aec9552404a65e4b5","timestamp":1548056637000,"ownerAddress":"TBv7igM3eVRsd144ayw7X3ecxsAdMQfBne","toAddress":"TXSjGe7jtfHwiTFxxfER8PKVz9vc1N8u2x","contractType":31,"confirmed":true,"revert":false,"contractData":{"data":"49774683000000000000000000000000ecc8d94012154d951daa4611a5fa9565380de21c5ecfe29aea18de7df514ea4b4a3e8c5c838c71c81d55ecedcab9dffaff04595b00000000000000000000000000000000000000000000000000000000000c9e8400000000000000000000000000000000000000000000000000000000134096c0","owner_address":"TBv7igM3eVRsd144ayw7X3ecxsAdMQfBne","contract_address":"TXSjGe7jtfHwiTFxxfER8PKVz9vc1N8u2x"},"SmartCalls":"","Events":"","id":"","data":"","fee":"","contractRet":"SUCCESS","result":"SUCCESS","cost":{"net_fee":4110,"energy_usage":0,"energy_fee":469460,"energy_usage_total":46946,"origin_energy_usage":0,"net_usage":0}},{"block":5987599,"hash":"b1fd1c2202be54c8c19159236826fabd78d054f801f0ca826a806337b1eb1e6b","timestamp":1548056637000,"ownerAddress":"TMoXEAyQFaYefNWZeEZTviYmQddM1uULi9","toAddress":"TEEXEWrkMFKapSMJ6mErg39ELFKDqEs6w3","contractType":31,"confirmed":true,"revert":false,"contractData":{"data":"a3082be9000000000000000000000000000000000000000000000000000000000000000a0000000000000000000000000000000000000000000000000000000000000001","owner_address":"TMoXEAyQFaYefNWZeEZTviYmQddM1uULi9","contract_address":"TEEXEWrkMFKapSMJ6mErg39ELFKDqEs6w3","call_value":100000000},"SmartCalls":"","Events":"","id":"","data":"","fee":"","contractRet":"SUCCESS","result":"SUCCESS","cost":{"net_fee":3500,"energy_usage":0,"energy_fee":0,"energy_usage_total":14557,"origin_energy_usage":14557,"net_usage":0}},{"block":5987599,"hash":"009e8b97ae8fbb39e85d990e51452c51852eabe083b77cd8a679d96a8edb8c8d","timestamp":1548056637000,"ownerAddress":"TNKj4VEjVhGXmxZp7veERVAjoGP4oiinuN","toAddress":"TEEXEWrkMFKapSMJ6mErg39ELFKDqEs6w3","contractType":31,"confirmed":true,"revert":false,"contractData":{"data":"a3082be9000000000000000000000000000000000000000000000000000000000000005f0000000000000000000000000000000000000000000000000000000000000000","owner_address":"TNKj4VEjVhGXmxZp7veERVAjoGP4oiinuN","contract_address":"TEEXEWrkMFKapSMJ6mErg39ELFKDqEs6w3","call_value":500000000},"SmartCalls":"","Events":"","id":"","data":"","fee":"","contractRet":"SUCCESS","result":"SUCCESS","cost":{"net_fee":3510,"energy_usage":0,"energy_fee":0,"energy_usage_total":14513,"origin_energy_usage":14513,"net_usage":0}},{"block":5987599,"hash":"acc0d3a12e7c309fb4946f687688c37e4f567ad30933f95d3a02c383a611dd64","timestamp":1548056637000,"ownerAddress":"TE9bBQQmfZ97VgMqEgTBPV6c4m7kh8oKM5","toAddress":"TEEXEWrkMFKapSMJ6mErg39ELFKDqEs6w3","contractType":31,"confirmed":true,"revert":false,"contractData":{"data":"a3082be900000000000000000000000000000000000000000000000000000000000000040000000000000000000000000000000000000000000000000000000000000001","ow"
12:58:25.576 [TestNG-tests-1] DEBUG org.apache.http.wire -  << "ner_address":"TE9bBQQmfZ97VgMqEgTBPV6c4m7kh8oKM5","contract_address":"TEEXEWrkMFKapSMJ6mErg39ELFKDqEs6w3","call_value":40000000},"SmartCalls":"","Events":"","id":"","data":"","fee":"","contractRet":"SUCCESS","result":"SUCCESS","cost":{"net_fee":3500,"energy_usage":0,"energy_fee":0,"energy_usage_total":14557,"origin_energy_usage":14557,"net_usage":0}},{"block":5987599,"hash":"0f2581023171d6adcb9c94a40d95cb5692b8d42efa511234677a477c79406d4e","timestamp":1548056637000,"ownerAddress":"TJaQN5RYnMAqNtaZ9LaarEZNHf3EpYuNLV","toAddress":"TEEXEWrkMFKapSMJ6mErg39ELFKDqEs6w3","contractType":31,"confirmed":true,"revert":false,"contractData":{"data":"a3082be900000000000000000000000000000000000000000000000000000000000000040000000000000000000000000000000000000000000000000000000000000001","owner_address":"TJaQN5RYnMAqNtaZ9LaarEZNHf3EpYuNLV","contract_address":"TEEXEWrkMFKapSMJ6mErg39ELFKDqEs6w3","call_value":10000000},"SmartCalls":"","Events":"","id":"","data":"","fee":"","contractRet":"SUCCESS","result":"SUCCESS","cost":{"net_fee":0,"energy_usage":0,"energy_fee":0,"energy_usage_total":14557,"origin_energy_usage":14557,"net_usage":350}},{"block":5987599,"hash":"a2bd22e4f8a16623f9e9f43759f6f5c9fb1b0ca43c1a5550f512191afb1e858e","timestamp":1548056637000,"ownerAddress":"TWSdYQrZDRDw3M163QA4p9HeCas8rSNS3n","toAddress":"TR5Ffqku2qeMH1do646K25bkGMaCqjZN1o","contractType":31,"confirmed":true,"revert":false,"contractData":{"data":"2af7ac0a000000000000000000000000000000000000000000000000000000000000005b","owner_address":"TWSdYQrZDRDw3M163QA4p9HeCas8rSNS3n","contract_address":"TR5Ffqku2qeMH1do646K25bkGMaCqjZN1o"},"SmartCalls":"","Events":"","id":"","data":"","fee":"","contractRet":"SUCCESS","result":"SUCCESS","cost":{"net_fee":3140,"energy_usage":0,"energy_fee":0,"energy_usage_total":62388,"origin_energy_usage":62388,"net_usage":0}},{"block":5987599,"hash":"790ddad2a9a92e032581ea6e2d9211b438c19729e06b314e1131811128b727ef","timestamp":1548056637000,"ownerAddress":"TEqw8GjfeDpZMb5jE1kQL4Cf2fbbxzJCeT","toAddress":"TEEXEWrkMFKapSMJ6mErg39ELFKDqEs6w3","contractType":31,"confirmed":true,"revert":false,"contractData":{"data":"a3082be9000000000000000000000000000000000000000000000000000000000000005f0000000000000000000000000000000000000000000000000000000000000000","owner_address":"TEqw8GjfeDpZMb5jE1kQL4Cf2fbbxzJCeT","contract_address":"TEEXEWrkMFKapSMJ6mErg39ELFKDqEs6w3","call_value":600000000},"SmartCalls":"","Events":"","id":"","data":"","fee":"","contractRet":"SUCCESS","result":"SUCCESS","cost":{"net_fee":3510,"energy_usage":0,"energy_fee":0,"energy_usage_total":14513,"origin_energy_usage":14513,"net_usage":0}},{"block":5987599,"hash":"d47a88aed6b955adf48db1dc8283a94cb8ffe44c9ed58369fc31b53f1872ce9e","timestamp":1548056637000,"ownerAddress":"TBv7igM3eVRsd144ayw7X3ecxsAdMQfBne","toAddress":"TXSjGe7jtfHwiTFxxfER8PKVz9vc1N8u2x","contractType":31,"confirmed":true,"revert":false,"contractData":{"data":"4977468300000000000000000000000017e3971f97ce4d7159e3f301beccec720eda454ccccf12fa28c08183e0c8195360668fceaa56eea1dcf6c4510595f2836e4bab9a00000000000000000000000000000000000000000000000000000000002d9e9d0000000000000000000000000000000000000000000000000000000002faf080","owner_address":"TBv7igM3eVRsd144ayw7X3ecxsAdMQfBne","contract_address":"TXSjGe7jtfHwiTFxxfER8PKVz9vc1N8u2x"},"SmartCalls":"","Events":"","id":"","data":"","fee":"","contractRet":"SUCCESS","result":"SUCCESS","cost":{"net_fee":4110,"energy_usage":0,"energy_fee":57830,"energy_usage_total":38627,"origin_energy_usage":32844,"net_usage":0}},{"block":5987599,"hash":"d1dcbe909f7d426265b0d319bb0525813386f18d0baf783a2bc36f74c9fc52b4","timestamp":1548056637000,"ownerAddress":"TKu3gRiJvHwz7fVHqiSvgMRKGPdjCsUHw9","toAddress":"TEEXEWrkMFKapSMJ6mErg39ELFKDqEs6w3","contractType":31,"confirmed":true,"revert":false,"contractData":{"data":"a3082be900000000000000000000000000000000000000000000000000000000000000320000000000000000000000000000000000000000000000000000000000000001","owner_address":"TKu3gRiJvHwz7fVHqiSvgMRKGPdjCsUHw9","contract_address":"TEEXEWrkMFKapSMJ6mErg39ELFKDqEs6w3","call_value"
12:58:25.576 [TestNG-tests-1] DEBUG org.apache.http.wire -  << "":2500000000},"SmartCalls":"","Events":"","id":"","data":"","fee":"","contractRet":"SUCCESS","result":"SUCCESS","cost":{"net_fee":3510,"energy_usage":0,"energy_fee":145570,"energy_usage_total":14557,"origin_energy_usage":0,"net_usage":0}},{"block":5987599,"hash":"662eae4385bd15ae1fe438a6cdac445d9992833c8328c8d175b0d37c1c9f35c5","timestamp":1548056637000,"ownerAddress":"TBv7igM3eVRsd144ayw7X3ecxsAdMQfBne","toAddress":"TXSjGe7jtfHwiTFxxfER8PKVz9vc1N8u2x","contractType":31,"confirmed":true,"revert":false,"contractData":{"data":"49774683000000000000000000000000538c9f309d80e544d0bd4d19c7f9b9e05ed54c3934f1748ce64528f96c878519c5d0db9276bea5a1907dd6e3d7a9de2dcb7391770000000000000000000000000000000000000000000000000000000000697e84000000000000000000000000000000000000000000000000000000003b9aca00","owner_address":"TBv7igM3eVRsd144ayw7X3ecxsAdMQfBne","contract_address":"TXSjGe7jtfHwiTFxxfER8PKVz9vc1N8u2x"},"SmartCalls":"","Events":"","id":"","data":"","fee":"","contractRet":"SUCCESS","result":"SUCCESS","cost":{"net_fee":4110,"energy_usage":0,"energy_fee":0,"energy_usage_total":38627,"origin_energy_usage":38627,"net_usage":0}},{"block":5987599,"hash":"5d2a2492cb0b07128b559ec4fdd1af0df7e11165e6f7fe05fedab4adf873646e","timestamp":1548056637000,"ownerAddress":"TA8FLXmpkmpCsQ7LAeQwsaCVFM32wryn3W","toAddress":"TR5Ffqku2qeMH1do646K25bkGMaCqjZN1o","contrac"
12:58:25.817 [TestNG-tests-1] DEBUG org.apache.http.wire -  << "tType":31,"confirmed":true,"revert":false,"contractData":{"data":"7365870b0000000000000000000000000000000000000000000000000000000000000060","owner_address":"TA8FLXmpkmpCsQ7LAeQwsaCVFM32wryn3W","contract_address":"TR5Ffqku2qeMH1do646K25bkGMaCqjZN1o","call_value":20000000},"SmartCalls":"","Events":"","id":"","data":"","fee":"","contractRet":"SUCCESS","result":"SUCCESS","cost":{"net_fee":3190,"energy_usage":0,"energy_fee":0,"energy_usage_total":97853,"origin_energy_usage":97853,"net_usage":0}},{"block":5987599,"hash":"7161c9c471d12484a68231714adbfd80bc6e68b957b32e5ce1291655d2476c7d","timestamp":1548056637000,"ownerAddress":"TBv7igM3eVRsd144ayw7X3ecxsAdMQfBne","toAddress":"TXSjGe7jtfHwiTFxxfER8PKVz9vc1N8u2x","contractType":31,"confirmed":true,"revert":false,"contractData":{"data":"497746830000000000000000000000000bcf3e86e8d9d5e80f8e892e3ed1ea4a790cae025270e2ded663fdfdd78997f6c605bae60e1fc67bfa8146732dc41894f5af872a0000000000000000000000000000000000000000000000000000000000ba0d890000000000000000000000000000000000000000000000000000000002faf080","owner_address":"TBv7igM3eVRsd144ayw7X3ecxsAdMQfBne","contract_address":"TXSjGe7jtfHwiTFxxfER8PKVz9vc1N8u2x"},"SmartCalls":"","Events":"","id":"","data":"","fee":"","contractRet":"SUCCESS","result":"SUCCESS","cost":{"net_fee":4110,"energy_usage":0,"energy_fee":0,"energy_usage_total":38627,"origin_energ"
12:58:25.819 [TestNG-tests-1] DEBUG org.apache.http.wire -  << "y_usage":38627,"net_usage":0}},{"block":5987599,"hash":"6d288017f7427c59b45c77c329aa323c868e6ac3a50c7c2fa933d897f9a8ba9d","timestamp":1548056637000,"ownerAddress":"TBv7igM3eVRsd144ayw7X3ecxsAdMQfBne","toAddress":"TCuAmDG9EfPQu6Ysywe92754y9tXN5GaFX","contractType":31,"confirmed":true,"revert":false,"contractData":{"data":"60d587b4","owner_address":"TBv7igM3eVRsd144ayw7X3ecxsAdMQfBne","contract_address":"TCuAmDG9EfPQu6Ysywe92754y9tXN5GaFX"},"SmartCalls":"","Events":"","id":"","data":"","fee":"","contractRet":"SUCCESS","result":"SUCCESS","cost":{"net_fee":2790,"energy_usage":0,"energy_fee":61620,"energy_usage_total":6162,"origin_energy_usage":0,"net_usage":0}},{"block":5987599,"hash":"cc0d9d9b9a007acfb79f584e05cd760c399c8a65c61b317ded68fc1e0b64daf6","timestamp":1548056637000,"ownerAddress":"TEKYFBAGGaitAXWT8qX9geozKB5NBet7TN","toAddress":"TEEXEWrkMFKapSMJ6mErg39ELFKDqEs6w3","contractType":31,"confirmed":true,"revert":false,"contractData":{"data":"a3082be900000000000000000000000000000000000000000000000000000000000000040000000000000000000000000000000000000000000000000000000000000001","owner_address":"TEKYFBAGGaitAXWT8qX9geozKB5NBet7TN","contract_address":"TEEXEWrkMFKapSMJ6mErg39ELFKDqEs6w3","call_value":10000000},"SmartCalls":"","Events":"","id":"","data":"","fee":"","contractRet":"SUCCESS","result":"SUCCESS","cost":{"net_fee":0,"energy_usage":0,"energy_fee":0,"energy_usage_total":14557,"origin_energy_usage":14557,"net_usage":350}},{"block":5987599,"hash":"15330a4e398b3f754d68efc2c87dabb600a4d36fc7d15444b3fa4ef7cf259997","timestamp":1548056637000,"ownerAddress":"TDYqZibRpXhivwrxGyDdhFexgzumGGbXH4","toAddress":"TPvL3fEmVgaQg9th56eA1Ck1KS5koba37S","contractType":31,"confirmed":true,"revert":false,"contractData":{"data":"095ea7b3000000000000000000000000618d0e037332312282c9e41da0400d92f5120f03000000000000000000000000000000000000000000000000000000e8d4a51000","owner_address":"TDYqZibRpXhivwrxGyDdhFexgzumGGbXH4","contract_address":"TPvL3fEmVgaQg9th56eA1Ck1KS5koba37S"},"SmartCalls":"","Events":"","id":"","data":"","fee":"","contractRet":"SUCCESS","result":"SUCCESS","cost":{"net_fee":0,"energy_usage":22320,"energy_fee":0,"energy_usage_total":22320,"origin_energy_usage":0,"net_usage":345}}],"wholeChainTxCount":934158272}[\n]"
12:58:25.819 [TestNG-tests-1] DEBUG org.apache.http.impl.conn.DefaultClientConnection - Connection 0.0.0.0:61135<->18.216.178.128:80 closed
12:58:25.819 [TestNG-tests-1] DEBUG org.apache.http.impl.conn.PoolingClientConnectionManager - Connection released: [id: 44][route: {}->http://apilist.tronscan.org:80][total kept alive: 0; route allocated: 0 of 80; total allocated: 0 of 100]
12:58:25.819 [TestNG-tests-1] INFO tron.common.TronscanApiList - ----------------------------Print JSON Start---------------------------
12:58:25.819 [TestNG-tests-1] INFO tron.common.TronscanApiList - wholeChainTxCount:934158272
12:58:25.819 [TestNG-tests-1] INFO tron.common.TronscanApiList - total:10000
12:58:25.819 [TestNG-tests-1] INFO tron.common.TronscanApiList - data:[{"contractRet":"SUCCESS","cost":{"net_fee":3840,"energy_usage":0,"energy_fee":852910,"energy_usage_total":106679,"origin_energy_usage":21388,"net_usage":0},"data":"","contractType":31,"fee":"","revert":false,"toAddress":"TKQ2WmYs9KRmD3c9TwUMjZ3vj5BKgADUZ5","confirmed":true,"result":"SUCCESS","Events":"","SmartCalls":"","block":5987599,"ownerAddress":"TPFWZ4CWreXZPVVcsRtNCLrQ8jnnAEbEyX","id":"","hash":"8cd150f5acc46f458e6e3b4fa616b2386fb729a970f128bd0663d4a144b6ca69","contractData":{"data":"ccdc535e000000000000000000000000000000000000000000000000000000000000006000000000000000000000000000000000000000000000000000000000000000640000000000000000000000000000000000000000000000000284804f3f891000","owner_address":"TPFWZ4CWreXZPVVcsRtNCLrQ8jnnAEbEyX","contract_address":"TKQ2WmYs9KRmD3c9TwUMjZ3vj5BKgADUZ5","call_value":40000000},"timestamp":1548056637000},{"contractRet":"SUCCESS","cost":{"net_fee":0,"energy_usage":0,"energy_fee":0,"energy_usage_total":45159,"origin_energy_usage":45159,"net_usage":350},"data":"","contractType":31,"fee":"","revert":false,"toAddress":"TRkXAjRA6rRsCZ31DofFsZYYPjtz8fvL1u","confirmed":true,"result":"SUCCESS","Events":"","SmartCalls":"","block":5987599,"ownerAddress":"TL9N4ZKLVwreWPp48JNbM9B9xNnDaGnLYo","id":"","hash":"e70ec024f6da55fad6cfd3e231c3882eee28c058380f0972e35b9e52e1127dcd","contractData":{"data":"fd8b088900000000000000000000000000000000000000000000000000000000000000030000000000000000000000000000000000000000000000000000000000000004","owner_address":"TL9N4ZKLVwreWPp48JNbM9B9xNnDaGnLYo","contract_address":"TRkXAjRA6rRsCZ31DofFsZYYPjtz8fvL1u","call_value":10000000},"timestamp":1548056637000},{"contractRet":"SUCCESS","cost":{"net_fee":3500,"energy_usage":0,"energy_fee":0,"energy_usage_total":14557,"origin_energy_usage":14557,"net_usage":0},"data":"","contractType":31,"fee":"","revert":false,"toAddress":"TEEXEWrkMFKapSMJ6mErg39ELFKDqEs6w3","confirmed":true,"result":"SUCCESS","Events":"","SmartCalls":"","block":5987599,"ownerAddress":"TE8HwuoFMMN2wHYZRZLczNxzjuRzNNejC5","id":"","hash":"b0a8680bdba3ea4fab1d9b2c21746de43cb84bca7e07f9e94a09b4b1ca7441bd","contractData":{"data":"a3082be900000000000000000000000000000000000000000000000000000000000000420000000000000000000000000000000000000000000000000000000000000001","owner_address":"TE8HwuoFMMN2wHYZRZLczNxzjuRzNNejC5","contract_address":"TEEXEWrkMFKapSMJ6mErg39ELFKDqEs6w3","call_value":40000000},"timestamp":1548056637000},{"contractRet":"SUCCESS","cost":{"net_fee":4110,"energy_usage":0,"energy_fee":293330,"energy_usage_total":29333,"origin_energy_usage":0,"net_usage":0},"data":"","contractType":31,"fee":"","revert":false,"toAddress":"TXSjGe7jtfHwiTFxxfER8PKVz9vc1N8u2x","confirmed":true,"result":"SUCCESS","Events":"","SmartCalls":"","block":5987599,"ownerAddress":"TBv7igM3eVRsd144ayw7X3ecxsAdMQfBne","id":"","hash":"7a944ce01ad9ab667b9afce3a02be28bd8fea7cfc727cb605b5b5e15af0dbd16","contractData":{"data":"497746830000000000000000000000002050561738f7501f1b3479f057534d702a880d38bc12d72a6345de9372da280c8f547dfc742eb4c832311ebee10fd4b47d6a6c24000000000000000000000000000000000000000000000000000000000013f2320000000000000000000000000000000000000000000000000000000002625a00","owner_address":"TBv7igM3eVRsd144ayw7X3ecxsAdMQfBne","contract_address":"TXSjGe7jtfHwiTFxxfER8PKVz9vc1N8u2x"},"timestamp":1548056637000},{"contractRet":"SUCCESS","data":"","contractType":2,"fee":"","revert":false,"toAddress":"THzuXNFiDe4jBGiVRpRLxCf4u3WWxgrUZE","confirmed":true,"result":"SUCCESS","Events":"","SmartCalls":"","block":5987599,"ownerAddress":"TXYeahu7J6Hr7X33XFRaHgyznvun578jPm","id":"","hash":"f1094d79f43ce481e7fc91f199b04d0115e1927778a473d82d84fbb6820c654e","contractData":{"amount":21,"asset_name":"1000633","owner_address":"TXYeahu7J6Hr7X33XFRaHgyznvun578jPm","to_address":"THzuXNFiDe4jBGiVRpRLxCf4u3WWxgrUZE"},"timestamp":1548056637000},{"contractRet":"SUCCESS","cost":{"net_fee":4110,"energy_usage":0,"energy_fee":469460,"energy_usage_total":46946,"origin_energy_usage":0,"net_usage":0},"data":"","contractType":31,"fee":"","revert":false,"toAddress":"TXSjGe7jtfHwiTFxxfER8PKVz9vc1N8u2x","confirmed":true,"result":"SUCCESS","Events":"","SmartCalls":"","block":5987599,"ownerAddress":"TBv7igM3eVRsd144ayw7X3ecxsAdMQfBne","id":"","hash":"4428b1c8f0610c93c8ad535394f56edc497cb894477d9c5aec9552404a65e4b5","contractData":{"data":"49774683000000000000000000000000ecc8d94012154d951daa4611a5fa9565380de21c5ecfe29aea18de7df514ea4b4a3e8c5c838c71c81d55ecedcab9dffaff04595b00000000000000000000000000000000000000000000000000000000000c9e8400000000000000000000000000000000000000000000000000000000134096c0","owner_address":"TBv7igM3eVRsd144ayw7X3ecxsAdMQfBne","contract_address":"TXSjGe7jtfHwiTFxxfER8PKVz9vc1N8u2x"},"timestamp":1548056637000},{"contractRet":"SUCCESS","cost":{"net_fee":3500,"energy_usage":0,"energy_fee":0,"energy_usage_total":14557,"origin_energy_usage":14557,"net_usage":0},"data":"","contractType":31,"fee":"","revert":false,"toAddress":"TEEXEWrkMFKapSMJ6mErg39ELFKDqEs6w3","confirmed":true,"result":"SUCCESS","Events":"","SmartCalls":"","block":5987599,"ownerAddress":"TMoXEAyQFaYefNWZeEZTviYmQddM1uULi9","id":"","hash":"b1fd1c2202be54c8c19159236826fabd78d054f801f0ca826a806337b1eb1e6b","contractData":{"data":"a3082be9000000000000000000000000000000000000000000000000000000000000000a0000000000000000000000000000000000000000000000000000000000000001","owner_address":"TMoXEAyQFaYefNWZeEZTviYmQddM1uULi9","contract_address":"TEEXEWrkMFKapSMJ6mErg39ELFKDqEs6w3","call_value":100000000},"timestamp":1548056637000},{"contractRet":"SUCCESS","cost":{"net_fee":3510,"energy_usage":0,"energy_fee":0,"energy_usage_total":14513,"origin_energy_usage":14513,"net_usage":0},"data":"","contractType":31,"fee":"","revert":false,"toAddress":"TEEXEWrkMFKapSMJ6mErg39ELFKDqEs6w3","confirmed":true,"result":"SUCCESS","Events":"","SmartCalls":"","block":5987599,"ownerAddress":"TNKj4VEjVhGXmxZp7veERVAjoGP4oiinuN","id":"","hash":"009e8b97ae8fbb39e85d990e51452c51852eabe083b77cd8a679d96a8edb8c8d","contractData":{"data":"a3082be9000000000000000000000000000000000000000000000000000000000000005f0000000000000000000000000000000000000000000000000000000000000000","owner_address":"TNKj4VEjVhGXmxZp7veERVAjoGP4oiinuN","contract_address":"TEEXEWrkMFKapSMJ6mErg39ELFKDqEs6w3","call_value":500000000},"timestamp":1548056637000},{"contractRet":"SUCCESS","cost":{"net_fee":3500,"energy_usage":0,"energy_fee":0,"energy_usage_total":14557,"origin_energy_usage":14557,"net_usage":0},"data":"","contractType":31,"fee":"","revert":false,"toAddress":"TEEXEWrkMFKapSMJ6mErg39ELFKDqEs6w3","confirmed":true,"result":"SUCCESS","Events":"","SmartCalls":"","block":5987599,"ownerAddress":"TE9bBQQmfZ97VgMqEgTBPV6c4m7kh8oKM5","id":"","hash":"acc0d3a12e7c309fb4946f687688c37e4f567ad30933f95d3a02c383a611dd64","contractData":{"data":"a3082be900000000000000000000000000000000000000000000000000000000000000040000000000000000000000000000000000000000000000000000000000000001","owner_address":"TE9bBQQmfZ97VgMqEgTBPV6c4m7kh8oKM5","contract_address":"TEEXEWrkMFKapSMJ6mErg39ELFKDqEs6w3","call_value":40000000},"timestamp":1548056637000},{"contractRet":"SUCCESS","cost":{"net_fee":0,"energy_usage":0,"energy_fee":0,"energy_usage_total":14557,"origin_energy_usage":14557,"net_usage":350},"data":"","contractType":31,"fee":"","revert":false,"toAddress":"TEEXEWrkMFKapSMJ6mErg39ELFKDqEs6w3","confirmed":true,"result":"SUCCESS","Events":"","SmartCalls":"","block":5987599,"ownerAddress":"TJaQN5RYnMAqNtaZ9LaarEZNHf3EpYuNLV","id":"","hash":"0f2581023171d6adcb9c94a40d95cb5692b8d42efa511234677a477c79406d4e","contractData":{"data":"a3082be900000000000000000000000000000000000000000000000000000000000000040000000000000000000000000000000000000000000000000000000000000001","owner_address":"TJaQN5RYnMAqNtaZ9LaarEZNHf3EpYuNLV","contract_address":"TEEXEWrkMFKapSMJ6mErg39ELFKDqEs6w3","call_value":10000000},"timestamp":1548056637000},{"contractRet":"SUCCESS","cost":{"net_fee":3140,"energy_usage":0,"energy_fee":0,"energy_usage_total":62388,"origin_energy_usage":62388,"net_usage":0},"data":"","contractType":31,"fee":"","revert":false,"toAddress":"TR5Ffqku2qeMH1do646K25bkGMaCqjZN1o","confirmed":true,"result":"SUCCESS","Events":"","SmartCalls":"","block":5987599,"ownerAddress":"TWSdYQrZDRDw3M163QA4p9HeCas8rSNS3n","id":"","hash":"a2bd22e4f8a16623f9e9f43759f6f5c9fb1b0ca43c1a5550f512191afb1e858e","contractData":{"data":"2af7ac0a000000000000000000000000000000000000000000000000000000000000005b","owner_address":"TWSdYQrZDRDw3M163QA4p9HeCas8rSNS3n","contract_address":"TR5Ffqku2qeMH1do646K25bkGMaCqjZN1o"},"timestamp":1548056637000},{"contractRet":"SUCCESS","cost":{"net_fee":3510,"energy_usage":0,"energy_fee":0,"energy_usage_total":14513,"origin_energy_usage":14513,"net_usage":0},"data":"","contractType":31,"fee":"","revert":false,"toAddress":"TEEXEWrkMFKapSMJ6mErg39ELFKDqEs6w3","confirmed":true,"result":"SUCCESS","Events":"","SmartCalls":"","block":5987599,"ownerAddress":"TEqw8GjfeDpZMb5jE1kQL4Cf2fbbxzJCeT","id":"","hash":"790ddad2a9a92e032581ea6e2d9211b438c19729e06b314e1131811128b727ef","contractData":{"data":"a3082be9000000000000000000000000000000000000000000000000000000000000005f0000000000000000000000000000000000000000000000000000000000000000","owner_address":"TEqw8GjfeDpZMb5jE1kQL4Cf2fbbxzJCeT","contract_address":"TEEXEWrkMFKapSMJ6mErg39ELFKDqEs6w3","call_value":600000000},"timestamp":1548056637000},{"contractRet":"SUCCESS","cost":{"net_fee":4110,"energy_usage":0,"energy_fee":57830,"energy_usage_total":38627,"origin_energy_usage":32844,"net_usage":0},"data":"","contractType":31,"fee":"","revert":false,"toAddress":"TXSjGe7jtfHwiTFxxfER8PKVz9vc1N8u2x","confirmed":true,"result":"SUCCESS","Events":"","SmartCalls":"","block":5987599,"ownerAddress":"TBv7igM3eVRsd144ayw7X3ecxsAdMQfBne","id":"","hash":"d47a88aed6b955adf48db1dc8283a94cb8ffe44c9ed58369fc31b53f1872ce9e","contractData":{"data":"4977468300000000000000000000000017e3971f97ce4d7159e3f301beccec720eda454ccccf12fa28c08183e0c8195360668fceaa56eea1dcf6c4510595f2836e4bab9a00000000000000000000000000000000000000000000000000000000002d9e9d0000000000000000000000000000000000000000000000000000000002faf080","owner_address":"TBv7igM3eVRsd144ayw7X3ecxsAdMQfBne","contract_address":"TXSjGe7jtfHwiTFxxfER8PKVz9vc1N8u2x"},"timestamp":1548056637000},{"contractRet":"SUCCESS","cost":{"net_fee":3510,"energy_usage":0,"energy_fee":145570,"energy_usage_total":14557,"origin_energy_usage":0,"net_usage":0},"data":"","contractType":31,"fee":"","revert":false,"toAddress":"TEEXEWrkMFKapSMJ6mErg39ELFKDqEs6w3","confirmed":true,"result":"SUCCESS","Events":"","SmartCalls":"","block":5987599,"ownerAddress":"TKu3gRiJvHwz7fVHqiSvgMRKGPdjCsUHw9","id":"","hash":"d1dcbe909f7d426265b0d319bb0525813386f18d0baf783a2bc36f74c9fc52b4","contractData":{"data":"a3082be900000000000000000000000000000000000000000000000000000000000000320000000000000000000000000000000000000000000000000000000000000001","owner_address":"TKu3gRiJvHwz7fVHqiSvgMRKGPdjCsUHw9","contract_address":"TEEXEWrkMFKapSMJ6mErg39ELFKDqEs6w3","call_value":2500000000},"timestamp":1548056637000},{"contractRet":"SUCCESS","cost":{"net_fee":4110,"energy_usage":0,"energy_fee":0,"energy_usage_total":38627,"origin_energy_usage":38627,"net_usage":0},"data":"","contractType":31,"fee":"","revert":false,"toAddress":"TXSjGe7jtfHwiTFxxfER8PKVz9vc1N8u2x","confirmed":true,"result":"SUCCESS","Events":"","SmartCalls":"","block":5987599,"ownerAddress":"TBv7igM3eVRsd144ayw7X3ecxsAdMQfBne","id":"","hash":"662eae4385bd15ae1fe438a6cdac445d9992833c8328c8d175b0d37c1c9f35c5","contractData":{"data":"49774683000000000000000000000000538c9f309d80e544d0bd4d19c7f9b9e05ed54c3934f1748ce64528f96c878519c5d0db9276bea5a1907dd6e3d7a9de2dcb7391770000000000000000000000000000000000000000000000000000000000697e84000000000000000000000000000000000000000000000000000000003b9aca00","owner_address":"TBv7igM3eVRsd144ayw7X3ecxsAdMQfBne","contract_address":"TXSjGe7jtfHwiTFxxfER8PKVz9vc1N8u2x"},"timestamp":1548056637000},{"contractRet":"SUCCESS","cost":{"net_fee":3190,"energy_usage":0,"energy_fee":0,"energy_usage_total":97853,"origin_energy_usage":97853,"net_usage":0},"data":"","contractType":31,"fee":"","revert":false,"toAddress":"TR5Ffqku2qeMH1do646K25bkGMaCqjZN1o","confirmed":true,"result":"SUCCESS","Events":"","SmartCalls":"","block":5987599,"ownerAddress":"TA8FLXmpkmpCsQ7LAeQwsaCVFM32wryn3W","id":"","hash":"5d2a2492cb0b07128b559ec4fdd1af0df7e11165e6f7fe05fedab4adf873646e","contractData":{"data":"7365870b0000000000000000000000000000000000000000000000000000000000000060","owner_address":"TA8FLXmpkmpCsQ7LAeQwsaCVFM32wryn3W","contract_address":"TR5Ffqku2qeMH1do646K25bkGMaCqjZN1o","call_value":20000000},"timestamp":1548056637000},{"contractRet":"SUCCESS","cost":{"net_fee":4110,"energy_usage":0,"energy_fee":0,"energy_usage_total":38627,"origin_energy_usage":38627,"net_usage":0},"data":"","contractType":31,"fee":"","revert":false,"toAddress":"TXSjGe7jtfHwiTFxxfER8PKVz9vc1N8u2x","confirmed":true,"result":"SUCCESS","Events":"","SmartCalls":"","block":5987599,"ownerAddress":"TBv7igM3eVRsd144ayw7X3ecxsAdMQfBne","id":"","hash":"7161c9c471d12484a68231714adbfd80bc6e68b957b32e5ce1291655d2476c7d","contractData":{"data":"497746830000000000000000000000000bcf3e86e8d9d5e80f8e892e3ed1ea4a790cae025270e2ded663fdfdd78997f6c605bae60e1fc67bfa8146732dc41894f5af872a0000000000000000000000000000000000000000000000000000000000ba0d890000000000000000000000000000000000000000000000000000000002faf080","owner_address":"TBv7igM3eVRsd144ayw7X3ecxsAdMQfBne","contract_address":"TXSjGe7jtfHwiTFxxfER8PKVz9vc1N8u2x"},"timestamp":1548056637000},{"contractRet":"SUCCESS","cost":{"net_fee":2790,"energy_usage":0,"energy_fee":61620,"energy_usage_total":6162,"origin_energy_usage":0,"net_usage":0},"data":"","contractType":31,"fee":"","revert":false,"toAddress":"TCuAmDG9EfPQu6Ysywe92754y9tXN5GaFX","confirmed":true,"result":"SUCCESS","Events":"","SmartCalls":"","block":5987599,"ownerAddress":"TBv7igM3eVRsd144ayw7X3ecxsAdMQfBne","id":"","hash":"6d288017f7427c59b45c77c329aa323c868e6ac3a50c7c2fa933d897f9a8ba9d","contractData":{"data":"60d587b4","owner_address":"TBv7igM3eVRsd144ayw7X3ecxsAdMQfBne","contract_address":"TCuAmDG9EfPQu6Ysywe92754y9tXN5GaFX"},"timestamp":1548056637000},{"contractRet":"SUCCESS","cost":{"net_fee":0,"energy_usage":0,"energy_fee":0,"energy_usage_total":14557,"origin_energy_usage":14557,"net_usage":350},"data":"","contractType":31,"fee":"","revert":false,"toAddress":"TEEXEWrkMFKapSMJ6mErg39ELFKDqEs6w3","confirmed":true,"result":"SUCCESS","Events":"","SmartCalls":"","block":5987599,"ownerAddress":"TEKYFBAGGaitAXWT8qX9geozKB5NBet7TN","id":"","hash":"cc0d9d9b9a007acfb79f584e05cd760c399c8a65c61b317ded68fc1e0b64daf6","contractData":{"data":"a3082be900000000000000000000000000000000000000000000000000000000000000040000000000000000000000000000000000000000000000000000000000000001","owner_address":"TEKYFBAGGaitAXWT8qX9geozKB5NBet7TN","contract_address":"TEEXEWrkMFKapSMJ6mErg39ELFKDqEs6w3","call_value":10000000},"timestamp":1548056637000},{"contractRet":"SUCCESS","cost":{"net_fee":0,"energy_usage":22320,"energy_fee":0,"energy_usage_total":22320,"origin_energy_usage":0,"net_usage":345},"data":"","contractType":31,"fee":"","revert":false,"toAddress":"TPvL3fEmVgaQg9th56eA1Ck1KS5koba37S","confirmed":true,"result":"SUCCESS","Events":"","SmartCalls":"","block":5987599,"ownerAddress":"TDYqZibRpXhivwrxGyDdhFexgzumGGbXH4","id":"","hash":"15330a4e398b3f754d68efc2c87dabb600a4d36fc7d15444b3fa4ef7cf259997","contractData":{"data":"095ea7b3000000000000000000000000618d0e037332312282c9e41da0400d92f5120f03000000000000000000000000000000000000000000000000000000e8d4a51000","owner_address":"TDYqZibRpXhivwrxGyDdhFexgzumGGbXH4","contract_address":"TPvL3fEmVgaQg9th56eA1Ck1KS5koba37S"},"timestamp":1548056637000}]
12:58:25.820 [TestNG-tests-1] INFO tron.common.TronscanApiList - rangeTotal:1294239
12:58:25.820 [TestNG-tests-1] INFO tron.common.TronscanApiList - JSON content size are: 4
12:58:25.820 [TestNG-tests-1] INFO tron.common.TronscanApiList - ----------------------------Print JSON End-----------------------------
12:58:25.820 [TestNG-tests-1] DEBUG org.apache.http.impl.conn.PoolingClientConnectionManager - Connection request: [route: {}->http://apilist.tronscan.org:80][total kept alive: 0; route allocated: 0 of 80; total allocated: 0 of 100]
12:58:25.820 [TestNG-tests-1] DEBUG org.apache.http.impl.conn.PoolingClientConnectionManager - Connection leased: [id: 45][route: {}->http://apilist.tronscan.org:80][total kept alive: 0; route allocated: 1 of 80; total allocated: 1 of 100]
12:58:25.821 [TestNG-tests-1] DEBUG org.apache.http.impl.conn.DefaultClientConnectionOperator - Connecting to apilist.tronscan.org:80
12:58:26.077 [TestNG-tests-1] DEBUG org.apache.http.client.protocol.RequestAddCookies - CookieSpec selected: default
12:58:26.077 [TestNG-tests-1] DEBUG org.apache.http.client.protocol.RequestAuthCache - Auth cache not set in the context
12:58:26.077 [TestNG-tests-1] DEBUG org.apache.http.client.protocol.RequestTargetAuthentication - Target auth state: UNCHALLENGED
12:58:26.077 [TestNG-tests-1] DEBUG org.apache.http.client.protocol.RequestProxyAuthentication - Proxy auth state: UNCHALLENGED
12:58:26.077 [TestNG-tests-1] DEBUG org.apache.http.impl.client.DefaultHttpClient - Attempt 1 to execute request
12:58:26.077 [TestNG-tests-1] DEBUG org.apache.http.impl.conn.DefaultClientConnection - Sending request: GET /api/transaction?address=TMuA6YqfCeX8EhbfYEg5y7S4DqzSJireY9&limit=20&count=true&start=0&sort=-number HTTP/1.1
12:58:26.077 [TestNG-tests-1] DEBUG org.apache.http.wire -  >> "GET /api/transaction?address=TMuA6YqfCeX8EhbfYEg5y7S4DqzSJireY9&limit=20&count=true&start=0&sort=-number HTTP/1.1[\r][\n]"
12:58:26.077 [TestNG-tests-1] DEBUG org.apache.http.wire -  >> "Content-type: application/json; charset=utf-8[\r][\n]"
12:58:26.077 [TestNG-tests-1] DEBUG org.apache.http.wire -  >> "Connection: Close[\r][\n]"
12:58:26.077 [TestNG-tests-1] DEBUG org.apache.http.wire -  >> "Host: apilist.tronscan.org[\r][\n]"
12:58:26.077 [TestNG-tests-1] DEBUG org.apache.http.wire -  >> "User-Agent: Apache-HttpClient/4.5.3 (Java/1.8.0_211)[\r][\n]"
12:58:26.077 [TestNG-tests-1] DEBUG org.apache.http.wire -  >> "[\r][\n]"
12:58:26.077 [TestNG-tests-1] DEBUG org.apache.http.headers - >> GET /api/transaction?address=TMuA6YqfCeX8EhbfYEg5y7S4DqzSJireY9&limit=20&count=true&start=0&sort=-number HTTP/1.1
12:58:26.077 [TestNG-tests-1] DEBUG org.apache.http.headers - >> Content-type: application/json; charset=utf-8
12:58:26.077 [TestNG-tests-1] DEBUG org.apache.http.headers - >> Connection: Close
12:58:26.077 [TestNG-tests-1] DEBUG org.apache.http.headers - >> Host: apilist.tronscan.org
12:58:26.077 [TestNG-tests-1] DEBUG org.apache.http.headers - >> User-Agent: Apache-HttpClient/4.5.3 (Java/1.8.0_211)
12:58:27.405 [TestNG-tests-1] DEBUG org.apache.http.wire -  << "HTTP/1.1 200 OK[\r][\n]"
12:58:27.405 [TestNG-tests-1] DEBUG org.apache.http.wire -  << "Server: nginx[\r][\n]"
12:58:27.405 [TestNG-tests-1] DEBUG org.apache.http.wire -  << "Date: Fri, 27 Mar 2020 04:58:28 GMT[\r][\n]"
12:58:27.405 [TestNG-tests-1] DEBUG org.apache.http.wire -  << "Content-Type: application/json;charset=utf-8[\r][\n]"
12:58:27.405 [TestNG-tests-1] DEBUG org.apache.http.wire -  << "Content-Length: 17015[\r][\n]"
12:58:27.405 [TestNG-tests-1] DEBUG org.apache.http.wire -  << "Connection: close[\r][\n]"
12:58:27.405 [TestNG-tests-1] DEBUG org.apache.http.wire -  << "Vary: Accept-Encoding[\r][\n]"
12:58:27.405 [TestNG-tests-1] DEBUG org.apache.http.wire -  << "Access-Control-Allow-Origin: *[\r][\n]"
12:58:27.405 [TestNG-tests-1] DEBUG org.apache.http.wire -  << "Access-Control-Allow-Headers: DNT,X-Mx-ReqToken,Keep-Alive,User-Agent,X-Requested-With,If-Modified-Since,Cache-Control,Content-Type,Authorization[\r][\n]"
12:58:27.405 [TestNG-tests-1] DEBUG org.apache.http.wire -  << "Access-Control-Allow-Methods: GET,POST,PUT,DELETE,OPTIONS[\r][\n]"
12:58:27.405 [TestNG-tests-1] DEBUG org.apache.http.wire -  << "X-Proxy-Cache: MISS[\r][\n]"
12:58:27.405 [TestNG-tests-1] DEBUG org.apache.http.wire -  << "[\r][\n]"
12:58:27.405 [TestNG-tests-1] DEBUG org.apache.http.impl.conn.DefaultClientConnection - Receiving response: HTTP/1.1 200 OK
12:58:27.405 [TestNG-tests-1] DEBUG org.apache.http.headers - << HTTP/1.1 200 OK
12:58:27.405 [TestNG-tests-1] DEBUG org.apache.http.headers - << Server: nginx
12:58:27.405 [TestNG-tests-1] DEBUG org.apache.http.headers - << Date: Fri, 27 Mar 2020 04:58:28 GMT
12:58:27.405 [TestNG-tests-1] DEBUG org.apache.http.headers - << Content-Type: application/json;charset=utf-8
12:58:27.405 [TestNG-tests-1] DEBUG org.apache.http.headers - << Content-Length: 17015
12:58:27.405 [TestNG-tests-1] DEBUG org.apache.http.headers - << Connection: close
12:58:27.405 [TestNG-tests-1] DEBUG org.apache.http.headers - << Vary: Accept-Encoding
12:58:27.405 [TestNG-tests-1] DEBUG org.apache.http.headers - << Access-Control-Allow-Origin: *
12:58:27.405 [TestNG-tests-1] DEBUG org.apache.http.headers - << Access-Control-Allow-Headers: DNT,X-Mx-ReqToken,Keep-Alive,User-Agent,X-Requested-With,If-Modified-Since,Cache-Control,Content-Type,Authorization
12:58:27.405 [TestNG-tests-1] DEBUG org.apache.http.headers - << Access-Control-Allow-Methods: GET,POST,PUT,DELETE,OPTIONS
12:58:27.405 [TestNG-tests-1] DEBUG org.apache.http.headers - << X-Proxy-Cache: MISS
http://apilist.tronscan.org/api/transaction?address=TMuA6YqfCeX8EhbfYEg5y7S4DqzSJireY9&limit=20&count=true&start=0&sort=-number 请求总耗时：1585 毫秒
12:58:27.406 [TestNG-tests-1] INFO tron.tronscan.api.TransactionList - code is 200
12:58:27.406 [TestNG-tests-1] DEBUG org.apache.http.wire -  << "{"total":463,"rangeTotal":463,"data":[{"block":18310914,"hash":"41c9411cd6448b2d7f20e39d05cf9f1d3b6eb3b4cf9c3573bb19ad79055b1af6","timestamp":1585195203000,"ownerAddress":"TLyqzVGLV1srkB7dToTAEqgDSfPtXRJZYH","toAddress":"TMuA6YqfCeX8EhbfYEg5y7S4DqzSJireY9","contractType":1,"confirmed":true,"revert":false,"contractData":{"amount":1036299098189,"owner_address":"TLyqzVGLV1srkB7dToTAEqgDSfPtXRJZYH","to_address":"TMuA6YqfCeX8EhbfYEg5y7S4DqzSJireY9"},"SmartCalls":"","Events":"","id":"","data":"","fee":"","contractRet":"SUCCESS","result":"SUCCESS","cost":{"net_fee":0,"energy_usage":0,"energy_fee":0,"energy_usage_total":0,"origin_energy_usage":0,"net_usage":270}},{"block":18290751,"hash":"fc256408e6455f24c18a0fa269dec51d1ada3f377ddcb2e73d708c383064e143","timestamp":1585134630000,"ownerAddress":"TTHZv5rL8MeQMettvXrKbpmPP88C1NQeLC","toAddress":"TMuA6YqfCeX8EhbfYEg5y7S4DqzSJireY9","contractType":2,"confirmed":true,"revert":false,"contractData":{"amount":1,"asset_name":"1002933","owner_address":"TTHZv5rL8MeQMettvXrKbpmPP88C1NQeLC","to_address":"TMuA6YqfCeX8EhbfYEg5y7S4DqzSJireY9"},"SmartCalls":"","Events":"","id":"","data":"","fee":"","contractRet":"SUCCESS","result":"SUCCESS","cost":{"net_fee":2790,"energy_usage":0,"energy_fee":0,"energy_usage_total":0,"origin_energy_usage":0,"net_usage":0}},{"block":18253356,"hash":"a20acdcf3dfd53f9a3a9dacb69114fde6acec6b01346fa9521202b14e01e13db","timestamp":1585022403000,"ownerAddress":"TLyqzVGLV1srkB7dToTAEqgDSfPtXRJZYH","toAddress":"TMuA6YqfCeX8EhbfYEg5y7S4DqzSJireY9","contractType":1,"confirmed":true,"revert":false,"contractData":{"amount":1037148728370,"owner_address":"TLyqzVGLV1srkB7dToTAEqgDSfPtXRJZYH","to_address":"TMuA6YqfCeX8EhbfYEg5y7S4DqzSJireY9"},"SmartCalls":"","Events":"","id":"","data":"","fee":"","contractRet":"SUCCESS","result":"SUCCESS","cost":{"net_fee":0,"energy_usage":0,"energy_fee":0,"energy_usage_total":0,"origin_energy_usage":0,"net_usage":270}},{"block":18248845,"hash":"f48f58199e2812e86d575767ca2282b6ce790cdc91c0a6bebfe8a32162908b2d","timestamp":1585008870000,"ownerAddress":"TXUqMBAisbzUg3myoZys7q9wQqafyUUJib","toAddress":"TYdv9js4wucM5JKDhJhXRQg2BSP46bTNAT","contractType":31,"confirmed":true,"revert":false,"contractData":{"data":"abbc44ed0000000000000000000000007b25cca032145f1694978e6538bab46b25b55d9e00000000000000000000000000000000000000000000000000000000000000800000000000000000000000000000000000000000000000000000000000000480d4a6a48d5be3603695d479937b5aba19acdbeda38fd70c9ff3c82cfad9c7acd9000000000000000000000000000000000000000000000000000000000000001f000000000000000000000000e733d9ef6e6b9f4e8d75a861523776b83c4691350000000000000000000000004f92846c191c774d761f3949f9794288b3b9a9950000000000000000000000009830bc48ead4c"
12:58:27.406 [TestNG-tests-1] DEBUG org.apache.http.wire -  << "fd125b4e6ba8fc28d0967c962720000000000000000000000000583a68a3bcd86c25ab1bee482bac04a216b02610000000000000000000000008632237fd33f62c549ee044dd3da779aba947dcc00000000000000000000000082dd6b9966724ae2fdc79b416c7588da67ff1b350000000000000000000000004914cd4664fc921ca2a833a68110f1b83d2acada000000000000000000000000e8e81644c4cf28e9bfe9f6a99155c11b861ad78d000000000000000000000000f8a4ec7e83a66c2292acbac4a00c9ab93eabe9ce0000000000000000000000006d313649aca26354a1aec3b46862f27a89c15b950000000000000000000000008a310223b44c1f9b99fcee4aca5619205e571f2f0000000000000000000000005ad6a14f5db65d11e6bc3d62b3a1bc2287ef8a6a00000000000000000000000025044ec6f0f3ab1489c0cdf580f7921bbabbbd0a000000000000000000000000817277e2f42e45099803d0141abc4f2198938951000000000000000000000000c2f167c7011adf762053bb7a76ae2f573cc0129b000000000000000000000000f24d4d80605525c1f7ac14a899e692853a52c4a70000000000000000000000003954461332d91e6fdddf3a1770b798f495faf48a000000000000000000000000936e0151d7401cd4c8b574cbf28f3c68c0147fd30000000000000000000000000bb7938e7cef12085fab1f5f6b03b4d7e7e0e503000000000000000000000000c1a1d445a260577489ff18c103439e8446bf621a0000000000000000000000004adf2a11026aade74fa7142e7d6e583e1c7069ff000000000000000000000000a37d7f8850d748e303606a207da5cc2b0ae34eb40000000000000000000000000e63bc341eed535db0775bc61475989acf3dfc260000000000000000000000008d13970521bd6c9185945d863aac57ec3e18c26e00000000000000000000000072dedbef3c9c59bc531f1ac913aa8a9943c458cc0000000000000000000000007ef2aa2655e298cd676a1d69533fea954426be5100000000000000000000000094b3bb939d5bd36ca6163cac7cb41fea3e79f6a50000000000000000000000005212380ed534b387c2c5f536ac77c386d2ce3b490000000000000000000000000820c4164f4f639bbf8acf6d58c321619cba1f82000000000000000000000000d17f3ad11e1b07a5645a833f68b305c58d91096100000000000000000000000008a986f73c8fb3c7933bf3bd912207000adeb76d000000000000000000000000000000000000000000000000000000000000001f00000000000000000000000000000000000000000000000000000022ecb25c00000000000000000000000000000000000000000000000000000000012a05f200000000000000000000000000000000000000000000000000000000012a05f200000000000000000000000000000000000000000000000000000000012a05f200000000000000000000000000000000000000000000000000000000012a05f200000000000000000000000000000000000000000000000000000000012a05f200000000000000000000000000000000000000000000000000000000012a05f200000000000000000000000000000000000000000000000000000000012a05f200000000000000000000000000000000000000000000000000000000012a05f200000000000000000000000000000000000000000000000000000000012a05f200000000000000000000000000000000000000000000000000000000012a05f200000000000000000000000000000000000000000000000000000000012a05f200000000000000000000000000000000000000000000000000000000012a05f20"
12:58:27.407 [TestNG-tests-1] DEBUG org.apache.http.wire -  << "0000000000000000000000000000000000000000000000000000000012a05f200000000000000000000000000000000000000000000000000000000012a05f200000000000000000000000000000000000000000000000000000000012a05f200000000000000000000000000000000000000000000000000000000012a05f200000000000000000000000000000000000000000000000000000000012a05f200000000000000000000000000000000000000000000000000000000012a05f200000000000000000000000000000000000000000000000000000000012a05f200000000000000000000000000000000000000000000000000000000012a05f200000000000000000000000000000000000000000000000000000000012a05f200000000000000000000000000000000000000000000000000000000012a05f200000000000000000000000000000000000000000000000000000000012a05f200000000000000000000000000000000000000000000000000000000012a05f200000000000000000000000000000000000000000000000000000000012a05f200000000000000000000000000000000000000000000000000000000012a05f200000000000000000000000000000000000000000000000000000000012a05f200000000000000000000000000000000000000000000000000000000012a05f200000000000000000000000000000000000000000000000000000000012a05f200000000000000000000000000000000000000000000000000000000012a05f200","owner_address":"TXUqMBAisbzUg3myoZys7q9wQqafyUUJib","contract_address":"TX3hD4fVQpjJrEgToTGeBkrb2xrZ1RtjDE","call_value":100000000},"SmartCalls":"","Events":"","id":"","data":"","fee":"","contractRet":"SUCCESS","result":"SUCCESS","cost":{"net_fee":24650,"energy_usage":3,"energy_fee":10524090,"energy_usage_total":1052412,"origin_energy_usage":0,"net_usage":0}},{"block":18195782,"hash":"830db9cd52f9f6b1e4f3af4425f733071f0f1176741c9e9eea939f9b7e90cfe1","timestamp":1584849603000,"ownerAddress":"TLyqzVGLV1srkB7dToTAEqgDSfPtXRJZYH","toAddress":"TMuA6YqfCeX8EhbfYEg5y7S4DqzSJireY9","contractType":1,"confirmed":true,"revert":false,"contractData":{"amount":1036355873600,"owner_address":"TLyqzVGLV1srkB7dToTAEqgDSfPtXRJZYH","to_address":"TMuA6YqfCeX8EhbfYEg5y7S4DqzSJireY9"},"SmartCalls":"","Events":"","id":"","data":"","fee":"","contractRet":"SUCCESS","result":"SUCCESS","cost":{"net_fee":0,"energy_usage":0,"energy_fee":0,"energy_usage_total":0,"origin_energy_usage":0,"net_usage":270}},{"block":18138734,"hash":"d04435b70fa03e97ad08cc16fc91febdb171a8cf07fc98c8bf45c40286da1fc8","timestamp":1584678339000,"ownerAddress":"TAp5u4oB7g1uSJFLr3AU3T7iSWYSvxMfaC","toAddress":"TMuA6YqfCeX8EhbfYEg5y7S4DqzSJireY9","contractType":2,"confirmed":true,"revert":false,"contractData":{"amount":10000000,"asset_name":"1002926","owner_address":"TAp5u4oB7g1uSJFLr3AU3T7iSWYSvxMfaC","to_address":"TMuA6YqfCeX8EhbfYEg5y7S4DqzSJireY9"},"SmartCalls":"","Events":"","id":"","data":"","fee":"","contractRet":"SUCCESS","result":"SUCCESS","cost":{"net_fee":0,"energy_usage":0,"energ"
12:58:27.407 [TestNG-tests-1] DEBUG org.apache.http.wire -  << "y_fee":0,"energy_usage_total":0,"origin_energy_usage":0,"net_usage":282}},{"block":18138224,"hash":"9cc7dfd8c2d0cd6bbc79c32a1c4b70f711ec8dfe1900418fae2b428451920b77","timestamp":1584676803000,"ownerAddress":"TLyqzVGLV1srkB7dToTAEqgDSfPtXRJZYH","toAddress":"TMuA6YqfCeX8EhbfYEg5y7S4DqzSJireY9","contractType":1,"confirmed":true,"revert":false,"contractData":{"amount":1035741367046,"owner_address":"TLyqzVGLV1srkB7dToTAEqgDSfPtXRJZYH","to_address":"TMuA6YqfCeX8EhbfYEg5y7S4DqzSJireY9"},"SmartCalls":"","Events":"","id":"","data":"","fee":"","contractRet":"SUCCESS","result":"SUCCESS","cost":{"net_fee":0,"energy_usage":0,"energy_fee":0,"energy_usage_total":0,"origin_energy_usage":0,"net_usage":270}},{"block":18080673,"hash":"e0161352a49ae403646108d4738959acbe05b3c3f7c742f9b162158a28cc0450","timestamp":1584504009000,"ownerAddress":"TNc5EYnFnz8dTStx1KC7TTaEYDekQLNXp5","toAddress":"TMuA6YqfCeX8EhbfYEg5y7S4DqzSJireY9","contractType":2,"confirmed":true,"revert":false,"contractData":{"amount":10000000,"asset_name":"1002927","owner_address":"TNc5EYnFnz8dTStx1KC7TTaEYDekQLNXp5","to_address":"TMuA6YqfCeX8EhbfYEg5y7S4DqzSJireY9"},"SmartCalls":"","Events":"","id":"","data":"","fee":"","contractRet":"SUCCESS","result":"SUCCESS","cost":{"net_fee":0,"energy_usage":0,"energy_fee":0,"energy_usage_total":0,"origin_energy_usage":0,"net_usage":282}},{"block":18080671,"hash":"f6a5703d07da6f3e7e8dde7409da9c2192206a63e10ecfe94852bfa5fe1f0028","timestamp":1584504003000,"ownerAddress":"TLyqzVGLV1srkB7dToTAEqgDSfPtXRJZYH","toAddress":"TMuA6YqfCeX8EhbfYEg5y7S4DqzSJireY9","contractType":1,"confirmed":true,"revert":false,"contractData":{"amount":482231678106,"owner_address":"TLyqzVGLV1srkB7dToTAEqgDSfPtXRJZYH","to_address":"TMuA6YqfCeX8EhbfYEg5y7S4DqzSJireY9"},"SmartCalls":"","Events":"","id":"","data":"","fee":"","contractRet":"SUCCESS","result":"SUCCESS","cost":{"net_fee":0,"energy_usage":0,"energy_fee":0,"energy_usage_total":0,"origin_energy_usage":0,"net_usage":270}},{"block":18048561,"hash":"1f16183349fbd8dd761a0af48bf2ec19dcc27018c2898a914a2b36482f5c7f25","timestamp":1584407613000,"ownerAddress":"TMuA6YqfCeX8EhbfYEg5y7S4DqzSJireY9","ownerAddressTag":"Binance-Cold 1","toAddress":"TLyqzVGLV1srkB7dToTAEqgDSfPtXRJZYH","contractType":4,"confirmed":true,"revert":false,"contractData":{"owner_address":"TMuA6YqfCeX8EhbfYEg5y7S4DqzSJireY9","votes":[{"vote_address":"TLyqzVGLV1srkB7dToTAEqgDSfPtXRJZYH","vote_count":13274185141}]},"SmartCalls":"","Events":"","id":"","data":"","fee":"","contractRet":"SUCCESS","result":"SUCCESS","cost":{"net_fee":0,"energy_usage":0,"energy_fee":0,"energy_usage_total":0,"origin_energy_usage":0,"net_usage":274}},{"block":18023115,"hash":"896d0423eac7fda825191592ede816fa91ee9dcad7cfa3773a9d14c000519f95","timestamp":1584331203000,"ownerAddress":"TLyqzVGLV1srkB7dToTAEqgDSfPtXRJZYH","toAddress":"TMuA6YqfCeX8EhbfYEg5y7S4DqzSJireY9","contractType":1,"confirmed":true,"revert":false,"contractData":{"amount":52499285175,"owner_address":"TLyqzVGLV1srkB7dToTAEqgDSfPtXRJZYH","to_address":"TMuA6YqfCeX8EhbfYEg5y7S4DqzSJireY9"},"SmartCalls":"","Events":"","id":"","data":"","fee":"","contractRet":"SUCCESS","result":"SUCCESS","cost":{"net_fee":0,"energy_usage":0,"energy_fee":0,"energy_usage_total":0,"origin_energy_usage":0,"net_usage":270}},{"block":17973095,"hash":"e3968d3728df9ce383d52df0d3cfd20c7c77eb49012fb94721d6d15dc178d2fb","timestamp":1584181011000,"ownerAddress":"TMuA6YqfCeX8EhbfYEg5y7S4DqzSJireY9","ownerAddressTag":"Binance-Cold 1","toAddress":"","contractType":11,"confirmed":true,"revert":false,"contractData":{"frozen_duration":3,"frozen_balance":8578941000000,"owner_address":"TMuA6YqfCeX8EhbfYEg5y7S4DqzSJireY9"},"SmartCalls":"","Events":"","id":"","data":"","fee":"","contractRet":"SUCCESS","result":"SUCCESS","cost":{"net_fee":0,"energy_usage":0,"energy_fee":0,"energy_usage_total":0,"origin_energy_usage":0,"net_usage":254}},{"block":17965568,"hash":"1736cc3ea2e0de02815efcc64f62f928b39c25f63dcab8769e9f1f4a09e6ae59","timestamp":1584158403000,"ownerAddress":"TLyqzVGLV1srkB7dToTAEqgDSfPtXRJZYH","toAddress":"TMuA6YqfCeX8"
12:58:27.726 [TestNG-tests-1] DEBUG org.apache.http.wire -  << "EhbfYEg5y7S4DqzSJireY9","contractType":1,"confirmed":true,"revert":false,"contractData":{"amount":708473588303,"owner_address":"TLyqzVGLV1srkB7dToTAEqgDSfPtXRJZYH","to_address":"TMuA6YqfCeX8EhbfYEg5y7S4DqzSJireY9"},"SmartCalls":"","Events":"","id":"","data":"","fee":"","contractRet":"SUCCESS","result":"SUCCESS","cost":{"net_fee":0,"energy_usage":0,"energy_fee":0,"energy_usage_total":0,"origin_energy_usage":0,"net_usage":270}},{"block":17941713,"hash":"169ea61572e797b5c66c229a66c2ec813c9fefb08d042afcea590d58625f195b","timestamp":1584086796000,"ownerAddress":"TMuA6YqfCeX8EhbfYEg5y7S4DqzSJireY9","ownerAddressTag":"Binance-Cold 1","toAddress":"TWd4WrZ9wn84f5x1hZhL4DHvk738ns5jwb","contractType":1,"confirmed":true,"revert":false,"contractData":{"amount":500566210135508,"owner_address":"TMuA6YqfCeX8EhbfYEg5y7S4DqzSJireY9","to_address":"TWd4WrZ9wn84f5x1hZhL4DHvk738ns5jwb"},"SmartCalls":"","Events":"","id":"","data":"","fee":"","contractRet":"SUCCESS","result":"SUCCESS","cost":{"net_fee":0,"energy_usage":0,"energy_fee":0,"energy_usage_total":0,"origin_energy_usage":0,"net_usage":271}},{"block":17941682,"hash":"af1f1b4387bbefbe88cacc282f4ca0246ce1784d93a97e172549e4d9a7c4bcd5","timestamp":1584086703000,"ownerAddress":"TMuA6YqfCeX8EhbfYEg5y7S4DqzSJireY9","ownerAddressTag":"Binance-Cold 1","toAddress":"","contractType":13,"confirmed":true,"revert":"
12:58:27.726 [TestNG-tests-1] DEBUG org.apache.http.wire -  << "false,"contractData":{"owner_address":"TMuA6YqfCeX8EhbfYEg5y7S4DqzSJireY9"},"SmartCalls":"","Events":"","id":"","data":"","fee":"","contractRet":"SUCCESS","result":"SUCCESS","cost":{"net_fee":0,"energy_usage":0,"energy_fee":0,"energy_usage_total":0,"origin_energy_usage":0,"net_usage":246}},{"block":17941652,"hash":"e8279ffb3eeac616ffbd3e27c8297f629b201820070662d6ecf994796e216fc9","timestamp":1584086613000,"ownerAddress":"TQ2jhh2diL1KnXkUsuKP7KApKyHXuDxPfp","toAddress":"TMuA6YqfCeX8EhbfYEg5y7S4DqzSJireY9","contractType":2,"confirmed":true,"revert":false,"contractData":{"amount":10000000,"asset_name":"1002907","owner_address":"TQ2jhh2diL1KnXkUsuKP7KApKyHXuDxPfp","to_address":"TMuA6YqfCeX8EhbfYEg5y7S4DqzSJireY9"},"SmartCalls":"","Events":"","id":"","data":"","fee":"","contractRet":"SUCCESS","result":"SUCCESS","cost":{"net_fee":0,"energy_usage":0,"energy_fee":0,"energy_usage_total":0,"origin_energy_usage":0,"net_usage":282}},{"block":17941650,"hash":"012952506ac732659a6a90322e5fb216b96d7c04fde02162902d34994578f513","timestamp":1584086607000,"ownerAddress":"TMuA6YqfCeX8EhbfYEg5y7S4DqzSJireY9","ownerAddressTag":"Binance-Cold 1","toAddress":"","contractType":12,"confirmed":true,"revert":false,"contractData":{"resource":"ENERGY","owner_address":"TMuA6YqfCeX8EhbfYEg5y7S4DqzSJireY9"},"SmartCalls":"","Events":"","id":"","data":"","fee":"","contra"
12:58:27.726 [TestNG-tests-1] DEBUG org.apache.http.wire -  << "ctRet":"SUCCESS","result":"SUCCESS","cost":{"net_fee":0,"energy_usage":0,"energy_fee":0,"energy_usage_total":0,"origin_energy_usage":0,"net_usage":248}},{"block":17908001,"hash":"36b4fc1868d560c40a4f43e2bb788be17221e29b664fa85395ea8d74ca9a608e","timestamp":1583985603000,"ownerAddress":"TLyqzVGLV1srkB7dToTAEqgDSfPtXRJZYH","toAddress":"TMuA6YqfCeX8EhbfYEg5y7S4DqzSJireY9","contractType":1,"confirmed":true,"revert":false,"contractData":{"amount":1007055429657,"owner_address":"TLyqzVGLV1srkB7dToTAEqgDSfPtXRJZYH","to_address":"TMuA6YqfCeX8EhbfYEg5y7S4DqzSJireY9"},"SmartCalls":"","Events":"","id":"","data":"","fee":"","contractRet":"SUCCESS","result":"SUCCESS","cost":{"net_fee":0,"energy_usage":0,"energy_fee":0,"energy_usage_total":0,"origin_energy_usage":0,"net_usage":270}},{"block":17878258,"hash":"a2d0f7dbbe7acd6f7e231689c7a483a779b981a9fcbecd13c529a751e528c393","timestamp":1583896335000,"ownerAddress":"TPQ6oivLyGHoUYVGru6hbGQKNAay3tL1Mt","toAddress":"TMuA6YqfCeX8EhbfYEg5y7S4DqzSJireY9","contractType":2,"confirmed":true,"revert":false,"contractData":{"amount":147569889323546,"asset_name":"1002000","owner_address":"TPQ6oivLyGHoUYVGru6hbGQKNAay3tL1Mt","to_address":"TMuA6YqfCeX8EhbfYEg5y7S4DqzSJireY9"},"SmartCalls":"","Events":"","id":"","data":"","fee":"","contractRet":"SUCCESS","result":"SUCCESS","cost":{"net_fee":0,"energy_usage":0,"energy"
12:58:27.726 [TestNG-tests-1] DEBUG org.apache.http.wire -  << "_fee":0,"energy_usage_total":0,"origin_energy_usage":0,"net_usage":285}},{"block":17850429,"hash":"9122489bcb20dcd5222e68573f92333d467ee9fbb43c1cf177c9eaffd4154793","timestamp":1583812803000,"ownerAddress":"TLyqzVGLV1srkB7dToTAEqgDSfPtXRJZYH","toAddress":"TMuA6YqfCeX8EhbfYEg5y7S4DqzSJireY9","contractType":1,"confirmed":true,"revert":false,"contractData":{"amount":1007487278999,"owner_address":"TLyqzVGLV1srkB7dToTAEqgDSfPtXRJZYH","to_address":"TMuA6YqfCeX8EhbfYEg5y7S4DqzSJireY9"},"SmartCalls":"","Events":"","id":"","data":"","fee":"","contractRet":"SUCCESS","result":"SUCCESS","cost":{"net_fee":0,"energy_usage":0,"energy_fee":0,"energy_usage_total":0,"origin_energy_usage":0,"net_usage":270}}],"wholeChainTxCount":934158315}[\n]"
12:58:27.726 [TestNG-tests-1] DEBUG org.apache.http.impl.conn.DefaultClientConnection - Connection 0.0.0.0:61231<->18.216.178.128:80 closed
12:58:27.726 [TestNG-tests-1] DEBUG org.apache.http.impl.conn.PoolingClientConnectionManager - Connection released: [id: 45][route: {}->http://apilist.tronscan.org:80][total kept alive: 0; route allocated: 0 of 80; total allocated: 0 of 100]
12:58:27.726 [TestNG-tests-1] INFO tron.common.TronscanApiList - ----------------------------Print JSON Start---------------------------
12:58:27.726 [TestNG-tests-1] INFO tron.common.TronscanApiList - wholeChainTxCount:934158315
12:58:27.726 [TestNG-tests-1] INFO tron.common.TronscanApiList - total:463
12:58:27.726 [TestNG-tests-1] INFO tron.common.TronscanApiList - data:[{"contractRet":"SUCCESS","cost":{"net_fee":0,"energy_usage":0,"energy_fee":0,"energy_usage_total":0,"origin_energy_usage":0,"net_usage":270},"data":"","contractType":1,"fee":"","revert":false,"toAddress":"TMuA6YqfCeX8EhbfYEg5y7S4DqzSJireY9","confirmed":true,"result":"SUCCESS","Events":"","SmartCalls":"","block":18310914,"ownerAddress":"TLyqzVGLV1srkB7dToTAEqgDSfPtXRJZYH","id":"","hash":"41c9411cd6448b2d7f20e39d05cf9f1d3b6eb3b4cf9c3573bb19ad79055b1af6","contractData":{"amount":1036299098189,"owner_address":"TLyqzVGLV1srkB7dToTAEqgDSfPtXRJZYH","to_address":"TMuA6YqfCeX8EhbfYEg5y7S4DqzSJireY9"},"timestamp":1585195203000},{"contractRet":"SUCCESS","cost":{"net_fee":2790,"energy_usage":0,"energy_fee":0,"energy_usage_total":0,"origin_energy_usage":0,"net_usage":0},"data":"","contractType":2,"fee":"","revert":false,"toAddress":"TMuA6YqfCeX8EhbfYEg5y7S4DqzSJireY9","confirmed":true,"result":"SUCCESS","Events":"","SmartCalls":"","block":18290751,"ownerAddress":"TTHZv5rL8MeQMettvXrKbpmPP88C1NQeLC","id":"","hash":"fc256408e6455f24c18a0fa269dec51d1ada3f377ddcb2e73d708c383064e143","contractData":{"amount":1,"asset_name":"1002933","owner_address":"TTHZv5rL8MeQMettvXrKbpmPP88C1NQeLC","to_address":"TMuA6YqfCeX8EhbfYEg5y7S4DqzSJireY9"},"timestamp":1585134630000},{"contractRet":"SUCCESS","cost":{"net_fee":0,"energy_usage":0,"energy_fee":0,"energy_usage_total":0,"origin_energy_usage":0,"net_usage":270},"data":"","contractType":1,"fee":"","revert":false,"toAddress":"TMuA6YqfCeX8EhbfYEg5y7S4DqzSJireY9","confirmed":true,"result":"SUCCESS","Events":"","SmartCalls":"","block":18253356,"ownerAddress":"TLyqzVGLV1srkB7dToTAEqgDSfPtXRJZYH","id":"","hash":"a20acdcf3dfd53f9a3a9dacb69114fde6acec6b01346fa9521202b14e01e13db","contractData":{"amount":1037148728370,"owner_address":"TLyqzVGLV1srkB7dToTAEqgDSfPtXRJZYH","to_address":"TMuA6YqfCeX8EhbfYEg5y7S4DqzSJireY9"},"timestamp":1585022403000},{"contractRet":"SUCCESS","cost":{"net_fee":24650,"energy_usage":3,"energy_fee":10524090,"energy_usage_total":1052412,"origin_energy_usage":0,"net_usage":0},"data":"","contractType":31,"fee":"","revert":false,"toAddress":"TYdv9js4wucM5JKDhJhXRQg2BSP46bTNAT","confirmed":true,"result":"SUCCESS","Events":"","SmartCalls":"","block":18248845,"ownerAddress":"TXUqMBAisbzUg3myoZys7q9wQqafyUUJib","id":"","hash":"f48f58199e2812e86d575767ca2282b6ce790cdc91c0a6bebfe8a32162908b2d","contractData":{"data":"abbc44ed0000000000000000000000007b25cca032145f1694978e6538bab46b25b55d9e00000000000000000000000000000000000000000000000000000000000000800000000000000000000000000000000000000000000000000000000000000480d4a6a48d5be3603695d479937b5aba19acdbeda38fd70c9ff3c82cfad9c7acd9000000000000000000000000000000000000000000000000000000000000001f000000000000000000000000e733d9ef6e6b9f4e8d75a861523776b83c4691350000000000000000000000004f92846c191c774d761f3949f9794288b3b9a9950000000000000000000000009830bc48ead4cfd125b4e6ba8fc28d0967c962720000000000000000000000000583a68a3bcd86c25ab1bee482bac04a216b02610000000000000000000000008632237fd33f62c549ee044dd3da779aba947dcc00000000000000000000000082dd6b9966724ae2fdc79b416c7588da67ff1b350000000000000000000000004914cd4664fc921ca2a833a68110f1b83d2acada000000000000000000000000e8e81644c4cf28e9bfe9f6a99155c11b861ad78d000000000000000000000000f8a4ec7e83a66c2292acbac4a00c9ab93eabe9ce0000000000000000000000006d313649aca26354a1aec3b46862f27a89c15b950000000000000000000000008a310223b44c1f9b99fcee4aca5619205e571f2f0000000000000000000000005ad6a14f5db65d11e6bc3d62b3a1bc2287ef8a6a00000000000000000000000025044ec6f0f3ab1489c0cdf580f7921bbabbbd0a000000000000000000000000817277e2f42e45099803d0141abc4f2198938951000000000000000000000000c2f167c7011adf762053bb7a76ae2f573cc0129b000000000000000000000000f24d4d80605525c1f7ac14a899e692853a52c4a70000000000000000000000003954461332d91e6fdddf3a1770b798f495faf48a000000000000000000000000936e0151d7401cd4c8b574cbf28f3c68c0147fd30000000000000000000000000bb7938e7cef12085fab1f5f6b03b4d7e7e0e503000000000000000000000000c1a1d445a260577489ff18c103439e8446bf621a0000000000000000000000004adf2a11026aade74fa7142e7d6e583e1c7069ff000000000000000000000000a37d7f8850d748e303606a207da5cc2b0ae34eb40000000000000000000000000e63bc341eed535db0775bc61475989acf3dfc260000000000000000000000008d13970521bd6c9185945d863aac57ec3e18c26e00000000000000000000000072dedbef3c9c59bc531f1ac913aa8a9943c458cc0000000000000000000000007ef2aa2655e298cd676a1d69533fea954426be5100000000000000000000000094b3bb939d5bd36ca6163cac7cb41fea3e79f6a50000000000000000000000005212380ed534b387c2c5f536ac77c386d2ce3b490000000000000000000000000820c4164f4f639bbf8acf6d58c321619cba1f82000000000000000000000000d17f3ad11e1b07a5645a833f68b305c58d91096100000000000000000000000008a986f73c8fb3c7933bf3bd912207000adeb76d000000000000000000000000000000000000000000000000000000000000001f00000000000000000000000000000000000000000000000000000022ecb25c00000000000000000000000000000000000000000000000000000000012a05f200000000000000000000000000000000000000000000000000000000012a05f200000000000000000000000000000000000000000000000000000000012a05f200000000000000000000000000000000000000000000000000000000012a05f200000000000000000000000000000000000000000000000000000000012a05f200000000000000000000000000000000000000000000000000000000012a05f200000000000000000000000000000000000000000000000000000000012a05f200000000000000000000000000000000000000000000000000000000012a05f200000000000000000000000000000000000000000000000000000000012a05f200000000000000000000000000000000000000000000000000000000012a05f200000000000000000000000000000000000000000000000000000000012a05f200000000000000000000000000000000000000000000000000000000012a05f200000000000000000000000000000000000000000000000000000000012a05f200000000000000000000000000000000000000000000000000000000012a05f200000000000000000000000000000000000000000000000000000000012a05f200000000000000000000000000000000000000000000000000000000012a05f200000000000000000000000000000000000000000000000000000000012a05f200000000000000000000000000000000000000000000000000000000012a05f200000000000000000000000000000000000000000000000000000000012a05f200000000000000000000000000000000000000000000000000000000012a05f200000000000000000000000000000000000000000000000000000000012a05f200000000000000000000000000000000000000000000000000000000012a05f200000000000000000000000000000000000000000000000000000000012a05f200000000000000000000000000000000000000000000000000000000012a05f200000000000000000000000000000000000000000000000000000000012a05f200000000000000000000000000000000000000000000000000000000012a05f200000000000000000000000000000000000000000000000000000000012a05f200000000000000000000000000000000000000000000000000000000012a05f200000000000000000000000000000000000000000000000000000000012a05f200000000000000000000000000000000000000000000000000000000012a05f200","owner_address":"TXUqMBAisbzUg3myoZys7q9wQqafyUUJib","contract_address":"TX3hD4fVQpjJrEgToTGeBkrb2xrZ1RtjDE","call_value":100000000},"timestamp":1585008870000},{"contractRet":"SUCCESS","cost":{"net_fee":0,"energy_usage":0,"energy_fee":0,"energy_usage_total":0,"origin_energy_usage":0,"net_usage":270},"data":"","contractType":1,"fee":"","revert":false,"toAddress":"TMuA6YqfCeX8EhbfYEg5y7S4DqzSJireY9","confirmed":true,"result":"SUCCESS","Events":"","SmartCalls":"","block":18195782,"ownerAddress":"TLyqzVGLV1srkB7dToTAEqgDSfPtXRJZYH","id":"","hash":"830db9cd52f9f6b1e4f3af4425f733071f0f1176741c9e9eea939f9b7e90cfe1","contractData":{"amount":1036355873600,"owner_address":"TLyqzVGLV1srkB7dToTAEqgDSfPtXRJZYH","to_address":"TMuA6YqfCeX8EhbfYEg5y7S4DqzSJireY9"},"timestamp":1584849603000},{"contractRet":"SUCCESS","cost":{"net_fee":0,"energy_usage":0,"energy_fee":0,"energy_usage_total":0,"origin_energy_usage":0,"net_usage":282},"data":"","contractType":2,"fee":"","revert":false,"toAddress":"TMuA6YqfCeX8EhbfYEg5y7S4DqzSJireY9","confirmed":true,"result":"SUCCESS","Events":"","SmartCalls":"","block":18138734,"ownerAddress":"TAp5u4oB7g1uSJFLr3AU3T7iSWYSvxMfaC","id":"","hash":"d04435b70fa03e97ad08cc16fc91febdb171a8cf07fc98c8bf45c40286da1fc8","contractData":{"amount":10000000,"asset_name":"1002926","owner_address":"TAp5u4oB7g1uSJFLr3AU3T7iSWYSvxMfaC","to_address":"TMuA6YqfCeX8EhbfYEg5y7S4DqzSJireY9"},"timestamp":1584678339000},{"contractRet":"SUCCESS","cost":{"net_fee":0,"energy_usage":0,"energy_fee":0,"energy_usage_total":0,"origin_energy_usage":0,"net_usage":270},"data":"","contractType":1,"fee":"","revert":false,"toAddress":"TMuA6YqfCeX8EhbfYEg5y7S4DqzSJireY9","confirmed":true,"result":"SUCCESS","Events":"","SmartCalls":"","block":18138224,"ownerAddress":"TLyqzVGLV1srkB7dToTAEqgDSfPtXRJZYH","id":"","hash":"9cc7dfd8c2d0cd6bbc79c32a1c4b70f711ec8dfe1900418fae2b428451920b77","contractData":{"amount":1035741367046,"owner_address":"TLyqzVGLV1srkB7dToTAEqgDSfPtXRJZYH","to_address":"TMuA6YqfCeX8EhbfYEg5y7S4DqzSJireY9"},"timestamp":1584676803000},{"contractRet":"SUCCESS","cost":{"net_fee":0,"energy_usage":0,"energy_fee":0,"energy_usage_total":0,"origin_energy_usage":0,"net_usage":282},"data":"","contractType":2,"fee":"","revert":false,"toAddress":"TMuA6YqfCeX8EhbfYEg5y7S4DqzSJireY9","confirmed":true,"result":"SUCCESS","Events":"","SmartCalls":"","block":18080673,"ownerAddress":"TNc5EYnFnz8dTStx1KC7TTaEYDekQLNXp5","id":"","hash":"e0161352a49ae403646108d4738959acbe05b3c3f7c742f9b162158a28cc0450","contractData":{"amount":10000000,"asset_name":"1002927","owner_address":"TNc5EYnFnz8dTStx1KC7TTaEYDekQLNXp5","to_address":"TMuA6YqfCeX8EhbfYEg5y7S4DqzSJireY9"},"timestamp":1584504009000},{"contractRet":"SUCCESS","cost":{"net_fee":0,"energy_usage":0,"energy_fee":0,"energy_usage_total":0,"origin_energy_usage":0,"net_usage":270},"data":"","contractType":1,"fee":"","revert":false,"toAddress":"TMuA6YqfCeX8EhbfYEg5y7S4DqzSJireY9","confirmed":true,"result":"SUCCESS","Events":"","SmartCalls":"","block":18080671,"ownerAddress":"TLyqzVGLV1srkB7dToTAEqgDSfPtXRJZYH","id":"","hash":"f6a5703d07da6f3e7e8dde7409da9c2192206a63e10ecfe94852bfa5fe1f0028","contractData":{"amount":482231678106,"owner_address":"TLyqzVGLV1srkB7dToTAEqgDSfPtXRJZYH","to_address":"TMuA6YqfCeX8EhbfYEg5y7S4DqzSJireY9"},"timestamp":1584504003000},{"contractRet":"SUCCESS","cost":{"net_fee":0,"energy_usage":0,"energy_fee":0,"energy_usage_total":0,"origin_energy_usage":0,"net_usage":274},"data":"","contractType":4,"fee":"","revert":false,"toAddress":"TLyqzVGLV1srkB7dToTAEqgDSfPtXRJZYH","confirmed":true,"ownerAddressTag":"Binance-Cold 1","result":"SUCCESS","Events":"","SmartCalls":"","block":18048561,"ownerAddress":"TMuA6YqfCeX8EhbfYEg5y7S4DqzSJireY9","id":"","hash":"1f16183349fbd8dd761a0af48bf2ec19dcc27018c2898a914a2b36482f5c7f25","contractData":{"owner_address":"TMuA6YqfCeX8EhbfYEg5y7S4DqzSJireY9","votes":[{"vote_address":"TLyqzVGLV1srkB7dToTAEqgDSfPtXRJZYH","vote_count":13274185141}]},"timestamp":1584407613000},{"contractRet":"SUCCESS","cost":{"net_fee":0,"energy_usage":0,"energy_fee":0,"energy_usage_total":0,"origin_energy_usage":0,"net_usage":270},"data":"","contractType":1,"fee":"","revert":false,"toAddress":"TMuA6YqfCeX8EhbfYEg5y7S4DqzSJireY9","confirmed":true,"result":"SUCCESS","Events":"","SmartCalls":"","block":18023115,"ownerAddress":"TLyqzVGLV1srkB7dToTAEqgDSfPtXRJZYH","id":"","hash":"896d0423eac7fda825191592ede816fa91ee9dcad7cfa3773a9d14c000519f95","contractData":{"amount":52499285175,"owner_address":"TLyqzVGLV1srkB7dToTAEqgDSfPtXRJZYH","to_address":"TMuA6YqfCeX8EhbfYEg5y7S4DqzSJireY9"},"timestamp":1584331203000},{"contractRet":"SUCCESS","cost":{"net_fee":0,"energy_usage":0,"energy_fee":0,"energy_usage_total":0,"origin_energy_usage":0,"net_usage":254},"data":"","contractType":11,"fee":"","revert":false,"toAddress":"","confirmed":true,"ownerAddressTag":"Binance-Cold 1","result":"SUCCESS","Events":"","SmartCalls":"","block":17973095,"ownerAddress":"TMuA6YqfCeX8EhbfYEg5y7S4DqzSJireY9","id":"","hash":"e3968d3728df9ce383d52df0d3cfd20c7c77eb49012fb94721d6d15dc178d2fb","contractData":{"frozen_duration":3,"frozen_balance":8578941000000,"owner_address":"TMuA6YqfCeX8EhbfYEg5y7S4DqzSJireY9"},"timestamp":1584181011000},{"contractRet":"SUCCESS","cost":{"net_fee":0,"energy_usage":0,"energy_fee":0,"energy_usage_total":0,"origin_energy_usage":0,"net_usage":270},"data":"","contractType":1,"fee":"","revert":false,"toAddress":"TMuA6YqfCeX8EhbfYEg5y7S4DqzSJireY9","confirmed":true,"result":"SUCCESS","Events":"","SmartCalls":"","block":17965568,"ownerAddress":"TLyqzVGLV1srkB7dToTAEqgDSfPtXRJZYH","id":"","hash":"1736cc3ea2e0de02815efcc64f62f928b39c25f63dcab8769e9f1f4a09e6ae59","contractData":{"amount":708473588303,"owner_address":"TLyqzVGLV1srkB7dToTAEqgDSfPtXRJZYH","to_address":"TMuA6YqfCeX8EhbfYEg5y7S4DqzSJireY9"},"timestamp":1584158403000},{"contractRet":"SUCCESS","cost":{"net_fee":0,"energy_usage":0,"energy_fee":0,"energy_usage_total":0,"origin_energy_usage":0,"net_usage":271},"data":"","contractType":1,"fee":"","revert":false,"toAddress":"TWd4WrZ9wn84f5x1hZhL4DHvk738ns5jwb","confirmed":true,"ownerAddressTag":"Binance-Cold 1","result":"SUCCESS","Events":"","SmartCalls":"","block":17941713,"ownerAddress":"TMuA6YqfCeX8EhbfYEg5y7S4DqzSJireY9","id":"","hash":"169ea61572e797b5c66c229a66c2ec813c9fefb08d042afcea590d58625f195b","contractData":{"amount":500566210135508,"owner_address":"TMuA6YqfCeX8EhbfYEg5y7S4DqzSJireY9","to_address":"TWd4WrZ9wn84f5x1hZhL4DHvk738ns5jwb"},"timestamp":1584086796000},{"contractRet":"SUCCESS","cost":{"net_fee":0,"energy_usage":0,"energy_fee":0,"energy_usage_total":0,"origin_energy_usage":0,"net_usage":246},"data":"","contractType":13,"fee":"","revert":false,"toAddress":"","confirmed":true,"ownerAddressTag":"Binance-Cold 1","result":"SUCCESS","Events":"","SmartCalls":"","block":17941682,"ownerAddress":"TMuA6YqfCeX8EhbfYEg5y7S4DqzSJireY9","id":"","hash":"af1f1b4387bbefbe88cacc282f4ca0246ce1784d93a97e172549e4d9a7c4bcd5","contractData":{"owner_address":"TMuA6YqfCeX8EhbfYEg5y7S4DqzSJireY9"},"timestamp":1584086703000},{"contractRet":"SUCCESS","cost":{"net_fee":0,"energy_usage":0,"energy_fee":0,"energy_usage_total":0,"origin_energy_usage":0,"net_usage":282},"data":"","contractType":2,"fee":"","revert":false,"toAddress":"TMuA6YqfCeX8EhbfYEg5y7S4DqzSJireY9","confirmed":true,"result":"SUCCESS","Events":"","SmartCalls":"","block":17941652,"ownerAddress":"TQ2jhh2diL1KnXkUsuKP7KApKyHXuDxPfp","id":"","hash":"e8279ffb3eeac616ffbd3e27c8297f629b201820070662d6ecf994796e216fc9","contractData":{"amount":10000000,"asset_name":"1002907","owner_address":"TQ2jhh2diL1KnXkUsuKP7KApKyHXuDxPfp","to_address":"TMuA6YqfCeX8EhbfYEg5y7S4DqzSJireY9"},"timestamp":1584086613000},{"contractRet":"SUCCESS","cost":{"net_fee":0,"energy_usage":0,"energy_fee":0,"energy_usage_total":0,"origin_energy_usage":0,"net_usage":248},"data":"","contractType":12,"fee":"","revert":false,"toAddress":"","confirmed":true,"ownerAddressTag":"Binance-Cold 1","result":"SUCCESS","Events":"","SmartCalls":"","block":17941650,"ownerAddress":"TMuA6YqfCeX8EhbfYEg5y7S4DqzSJireY9","id":"","hash":"012952506ac732659a6a90322e5fb216b96d7c04fde02162902d34994578f513","contractData":{"resource":"ENERGY","owner_address":"TMuA6YqfCeX8EhbfYEg5y7S4DqzSJireY9"},"timestamp":1584086607000},{"contractRet":"SUCCESS","cost":{"net_fee":0,"energy_usage":0,"energy_fee":0,"energy_usage_total":0,"origin_energy_usage":0,"net_usage":270},"data":"","contractType":1,"fee":"","revert":false,"toAddress":"TMuA6YqfCeX8EhbfYEg5y7S4DqzSJireY9","confirmed":true,"result":"SUCCESS","Events":"","SmartCalls":"","block":17908001,"ownerAddress":"TLyqzVGLV1srkB7dToTAEqgDSfPtXRJZYH","id":"","hash":"36b4fc1868d560c40a4f43e2bb788be17221e29b664fa85395ea8d74ca9a608e","contractData":{"amount":1007055429657,"owner_address":"TLyqzVGLV1srkB7dToTAEqgDSfPtXRJZYH","to_address":"TMuA6YqfCeX8EhbfYEg5y7S4DqzSJireY9"},"timestamp":1583985603000},{"contractRet":"SUCCESS","cost":{"net_fee":0,"energy_usage":0,"energy_fee":0,"energy_usage_total":0,"origin_energy_usage":0,"net_usage":285},"data":"","contractType":2,"fee":"","revert":false,"toAddress":"TMuA6YqfCeX8EhbfYEg5y7S4DqzSJireY9","confirmed":true,"result":"SUCCESS","Events":"","SmartCalls":"","block":17878258,"ownerAddress":"TPQ6oivLyGHoUYVGru6hbGQKNAay3tL1Mt","id":"","hash":"a2d0f7dbbe7acd6f7e231689c7a483a779b981a9fcbecd13c529a751e528c393","contractData":{"amount":147569889323546,"asset_name":"1002000","owner_address":"TPQ6oivLyGHoUYVGru6hbGQKNAay3tL1Mt","to_address":"TMuA6YqfCeX8EhbfYEg5y7S4DqzSJireY9"},"timestamp":1583896335000},{"contractRet":"SUCCESS","cost":{"net_fee":0,"energy_usage":0,"energy_fee":0,"energy_usage_total":0,"origin_energy_usage":0,"net_usage":270},"data":"","contractType":1,"fee":"","revert":false,"toAddress":"TMuA6YqfCeX8EhbfYEg5y7S4DqzSJireY9","confirmed":true,"result":"SUCCESS","Events":"","SmartCalls":"","block":17850429,"ownerAddress":"TLyqzVGLV1srkB7dToTAEqgDSfPtXRJZYH","id":"","hash":"9122489bcb20dcd5222e68573f92333d467ee9fbb43c1cf177c9eaffd4154793","contractData":{"amount":1007487278999,"owner_address":"TLyqzVGLV1srkB7dToTAEqgDSfPtXRJZYH","to_address":"TMuA6YqfCeX8EhbfYEg5y7S4DqzSJireY9"},"timestamp":1583812803000}]
12:58:27.727 [TestNG-tests-1] INFO tron.common.TronscanApiList - rangeTotal:463
12:58:27.727 [TestNG-tests-1] INFO tron.common.TronscanApiList - JSON content size are: 4
12:58:27.727 [TestNG-tests-1] INFO tron.common.TronscanApiList - ----------------------------Print JSON End-----------------------------
12:58:27.727 [TestNG-tests-1] DEBUG org.apache.http.impl.conn.PoolingClientConnectionManager - Connection request: [route: {}->http://apilist.tronscan.org:80][total kept alive: 0; route allocated: 0 of 80; total allocated: 0 of 100]
12:58:27.727 [TestNG-tests-1] DEBUG org.apache.http.impl.conn.PoolingClientConnectionManager - Connection leased: [id: 46][route: {}->http://apilist.tronscan.org:80][total kept alive: 0; route allocated: 1 of 80; total allocated: 1 of 100]
12:58:27.727 [TestNG-tests-1] DEBUG org.apache.http.impl.conn.DefaultClientConnectionOperator - Connecting to apilist.tronscan.org:80
12:58:28.033 [TestNG-tests-1] DEBUG org.apache.http.client.protocol.RequestAddCookies - CookieSpec selected: default
12:58:28.033 [TestNG-tests-1] DEBUG org.apache.http.client.protocol.RequestAuthCache - Auth cache not set in the context
12:58:28.033 [TestNG-tests-1] DEBUG org.apache.http.client.protocol.RequestTargetAuthentication - Target auth state: UNCHALLENGED
12:58:28.033 [TestNG-tests-1] DEBUG org.apache.http.client.protocol.RequestProxyAuthentication - Proxy auth state: UNCHALLENGED
12:58:28.033 [TestNG-tests-1] DEBUG org.apache.http.impl.client.DefaultHttpClient - Attempt 1 to execute request
12:58:28.033 [TestNG-tests-1] DEBUG org.apache.http.impl.conn.DefaultClientConnection - Sending request: GET /api/transaction?address=TMuA6YqfCeX8EhbfYEg5y7S4DqzSJireY9&limit=0&count=true&start=0&sort=-number HTTP/1.1
12:58:28.034 [TestNG-tests-1] DEBUG org.apache.http.wire -  >> "GET /api/transaction?address=TMuA6YqfCeX8EhbfYEg5y7S4DqzSJireY9&limit=0&count=true&start=0&sort=-number HTTP/1.1[\r][\n]"
12:58:28.034 [TestNG-tests-1] DEBUG org.apache.http.wire -  >> "Content-type: application/json; charset=utf-8[\r][\n]"
12:58:28.034 [TestNG-tests-1] DEBUG org.apache.http.wire -  >> "Connection: Close[\r][\n]"
12:58:28.034 [TestNG-tests-1] DEBUG org.apache.http.wire -  >> "Host: apilist.tronscan.org[\r][\n]"
12:58:28.034 [TestNG-tests-1] DEBUG org.apache.http.wire -  >> "User-Agent: Apache-HttpClient/4.5.3 (Java/1.8.0_211)[\r][\n]"
12:58:28.034 [TestNG-tests-1] DEBUG org.apache.http.wire -  >> "[\r][\n]"
12:58:28.034 [TestNG-tests-1] DEBUG org.apache.http.headers - >> GET /api/transaction?address=TMuA6YqfCeX8EhbfYEg5y7S4DqzSJireY9&limit=0&count=true&start=0&sort=-number HTTP/1.1
12:58:28.034 [TestNG-tests-1] DEBUG org.apache.http.headers - >> Content-type: application/json; charset=utf-8
12:58:28.034 [TestNG-tests-1] DEBUG org.apache.http.headers - >> Connection: Close
12:58:28.034 [TestNG-tests-1] DEBUG org.apache.http.headers - >> Host: apilist.tronscan.org
12:58:28.034 [TestNG-tests-1] DEBUG org.apache.http.headers - >> User-Agent: Apache-HttpClient/4.5.3 (Java/1.8.0_211)
12:58:28.346 [TestNG-tests-1] DEBUG org.apache.http.wire -  << "HTTP/1.1 200 OK[\r][\n]"
12:58:28.346 [TestNG-tests-1] DEBUG org.apache.http.wire -  << "Server: nginx[\r][\n]"
12:58:28.346 [TestNG-tests-1] DEBUG org.apache.http.wire -  << "Date: Fri, 27 Mar 2020 04:58:28 GMT[\r][\n]"
12:58:28.346 [TestNG-tests-1] DEBUG org.apache.http.wire -  << "Content-Type: application/json;charset=utf-8[\r][\n]"
12:58:28.346 [TestNG-tests-1] DEBUG org.apache.http.wire -  << "Content-Length: 71[\r][\n]"
12:58:28.346 [TestNG-tests-1] DEBUG org.apache.http.wire -  << "Connection: close[\r][\n]"
12:58:28.346 [TestNG-tests-1] DEBUG org.apache.http.wire -  << "Access-Control-Allow-Origin: *[\r][\n]"
12:58:28.346 [TestNG-tests-1] DEBUG org.apache.http.wire -  << "Access-Control-Allow-Headers: DNT,X-Mx-ReqToken,Keep-Alive,User-Agent,X-Requested-With,If-Modified-Since,Cache-Control,Content-Type,Authorization[\r][\n]"
12:58:28.346 [TestNG-tests-1] DEBUG org.apache.http.wire -  << "Access-Control-Allow-Methods: GET,POST,PUT,DELETE,OPTIONS[\r][\n]"
12:58:28.346 [TestNG-tests-1] DEBUG org.apache.http.wire -  << "X-Proxy-Cache: MISS[\r][\n]"
12:58:28.346 [TestNG-tests-1] DEBUG org.apache.http.wire -  << "[\r][\n]"
12:58:28.346 [TestNG-tests-1] DEBUG org.apache.http.impl.conn.DefaultClientConnection - Receiving response: HTTP/1.1 200 OK
12:58:28.346 [TestNG-tests-1] DEBUG org.apache.http.headers - << HTTP/1.1 200 OK
12:58:28.346 [TestNG-tests-1] DEBUG org.apache.http.headers - << Server: nginx
12:58:28.346 [TestNG-tests-1] DEBUG org.apache.http.headers - << Date: Fri, 27 Mar 2020 04:58:28 GMT
12:58:28.346 [TestNG-tests-1] DEBUG org.apache.http.headers - << Content-Type: application/json;charset=utf-8
12:58:28.346 [TestNG-tests-1] DEBUG org.apache.http.headers - << Content-Length: 71
12:58:28.346 [TestNG-tests-1] DEBUG org.apache.http.headers - << Connection: close
12:58:28.346 [TestNG-tests-1] DEBUG org.apache.http.headers - << Access-Control-Allow-Origin: *
12:58:28.346 [TestNG-tests-1] DEBUG org.apache.http.headers - << Access-Control-Allow-Headers: DNT,X-Mx-ReqToken,Keep-Alive,User-Agent,X-Requested-With,If-Modified-Since,Cache-Control,Content-Type,Authorization
12:58:28.346 [TestNG-tests-1] DEBUG org.apache.http.headers - << Access-Control-Allow-Methods: GET,POST,PUT,DELETE,OPTIONS
12:58:28.346 [TestNG-tests-1] DEBUG org.apache.http.headers - << X-Proxy-Cache: MISS
http://apilist.tronscan.org/api/transaction?address=TMuA6YqfCeX8EhbfYEg5y7S4DqzSJireY9&limit=0&count=true&start=0&sort=-number 请求总耗时：619 毫秒
12:58:28.346 [TestNG-tests-1] INFO tron.tronscan.api.TransactionList - code is 200
12:58:28.346 [TestNG-tests-1] DEBUG org.apache.http.wire -  << "{"total":463,"rangeTotal":463,"data":[],"wholeChainTxCount":934158315}[\n]"
12:58:28.346 [TestNG-tests-1] DEBUG org.apache.http.impl.conn.DefaultClientConnection - Connection 0.0.0.0:61236<->18.216.178.128:80 closed
12:58:28.346 [TestNG-tests-1] DEBUG org.apache.http.impl.conn.PoolingClientConnectionManager - Connection released: [id: 46][route: {}->http://apilist.tronscan.org:80][total kept alive: 0; route allocated: 0 of 80; total allocated: 0 of 100]
12:58:28.346 [TestNG-tests-1] INFO tron.common.TronscanApiList - ----------------------------Print JSON Start---------------------------
12:58:28.346 [TestNG-tests-1] INFO tron.common.TronscanApiList - wholeChainTxCount:934158315
12:58:28.346 [TestNG-tests-1] INFO tron.common.TronscanApiList - total:463
12:58:28.346 [TestNG-tests-1] INFO tron.common.TronscanApiList - data:[]
12:58:28.346 [TestNG-tests-1] INFO tron.common.TronscanApiList - rangeTotal:463
12:58:28.346 [TestNG-tests-1] INFO tron.common.TronscanApiList - JSON content size are: 4
12:58:28.346 [TestNG-tests-1] INFO tron.common.TronscanApiList - ----------------------------Print JSON End-----------------------------
]]></system-out>
  <system-err><![CDATA[]]></system-err>
</testsuite>
