<?xml version="1.0" encoding="UTF-8"?>
<testsuite name="tron.tronscan.api.RecaptchaCase" tests="1" skipped="0" failures="0" errors="0" timestamp="2020-05-12T03:08:39" hostname="zhukaideiMac" time="0.715">
  <properties/>
  <testcase name="getRecaptcha" classname="tron.tronscan.api.RecaptchaCase" time="0.715"/>
  <system-out><![CDATA[11:08:39.155 [TestNG-tests-1] DEBUG org.apache.http.impl.conn.PoolingClientConnectionManager - Connection request: [route: {}->http://tronexapi.tronscan.org:80][total kept alive: 0; route allocated: 0 of 80; total allocated: 0 of 100]
11:08:39.155 [TestNG-tests-1] DEBUG org.apache.http.impl.conn.PoolingClientConnectionManager - Connection leased: [id: 83][route: {}->http://tronexapi.tronscan.org:80][total kept alive: 0; route allocated: 1 of 80; total allocated: 1 of 100]
11:08:39.155 [TestNG-tests-1] DEBUG org.apache.http.impl.conn.DefaultClientConnectionOperator - Connecting to tronexapi.tronscan.org:80
11:08:39.460 [TestNG-tests-1] DEBUG org.apache.http.client.protocol.RequestAddCookies - CookieSpec selected: default
11:08:39.460 [TestNG-tests-1] DEBUG org.apache.http.client.protocol.RequestAuthCache - Auth cache not set in the context
11:08:39.460 [TestNG-tests-1] DEBUG org.apache.http.client.protocol.RequestTargetAuthentication - Target auth state: UNCHALLENGED
11:08:39.460 [TestNG-tests-1] DEBUG org.apache.http.client.protocol.RequestProxyAuthentication - Proxy auth state: UNCHALLENGED
11:08:39.460 [TestNG-tests-1] DEBUG org.apache.http.impl.client.DefaultHttpClient - Attempt 1 to execute request
11:08:39.460 [TestNG-tests-1] DEBUG org.apache.http.impl.conn.DefaultClientConnection - Sending request: GET /external/recaptcha?response=trx HTTP/1.1
11:08:39.460 [TestNG-tests-1] DEBUG org.apache.http.wire -  >> "GET /external/recaptcha?response=trx HTTP/1.1[\r][\n]"
11:08:39.460 [TestNG-tests-1] DEBUG org.apache.http.wire -  >> "Content-type: application/json; charset=utf-8[\r][\n]"
11:08:39.460 [TestNG-tests-1] DEBUG org.apache.http.wire -  >> "Connection: Close[\r][\n]"
11:08:39.460 [TestNG-tests-1] DEBUG org.apache.http.wire -  >> "Host: tronexapi.tronscan.org[\r][\n]"
11:08:39.460 [TestNG-tests-1] DEBUG org.apache.http.wire -  >> "User-Agent: Apache-HttpClient/4.5.3 (Java/1.8.0_211)[\r][\n]"
11:08:39.460 [TestNG-tests-1] DEBUG org.apache.http.wire -  >> "[\r][\n]"
11:08:39.460 [TestNG-tests-1] DEBUG org.apache.http.headers - >> GET /external/recaptcha?response=trx HTTP/1.1
11:08:39.460 [TestNG-tests-1] DEBUG org.apache.http.headers - >> Content-type: application/json; charset=utf-8
11:08:39.460 [TestNG-tests-1] DEBUG org.apache.http.headers - >> Connection: Close
11:08:39.460 [TestNG-tests-1] DEBUG org.apache.http.headers - >> Host: tronexapi.tronscan.org
11:08:39.460 [TestNG-tests-1] DEBUG org.apache.http.headers - >> User-Agent: Apache-HttpClient/4.5.3 (Java/1.8.0_211)
11:08:39.868 [TestNG-tests-1] DEBUG org.apache.http.wire -  << "HTTP/1.1 200 OK[\r][\n]"
11:08:39.868 [TestNG-tests-1] DEBUG org.apache.http.wire -  << "Server: nginx/1.12.2[\r][\n]"
11:08:39.868 [TestNG-tests-1] DEBUG org.apache.http.wire -  << "Date: Tue, 12 May 2020 03:08:41 GMT[\r][\n]"
11:08:39.868 [TestNG-tests-1] DEBUG org.apache.http.wire -  << "Content-Type: application/json;charset=UTF-8[\r][\n]"
11:08:39.868 [TestNG-tests-1] DEBUG org.apache.http.wire -  << "Content-Length: 112[\r][\n]"
11:08:39.868 [TestNG-tests-1] DEBUG org.apache.http.wire -  << "Connection: close[\r][\n]"
11:08:39.868 [TestNG-tests-1] DEBUG org.apache.http.wire -  << "Access-Control-Allow-Origin: *[\r][\n]"
11:08:39.868 [TestNG-tests-1] DEBUG org.apache.http.wire -  << "Access-Control-Allow-Headers: *[\r][\n]"
11:08:39.868 [TestNG-tests-1] DEBUG org.apache.http.wire -  << "Access-Control-Allow-Methods: GET,POST,PUT,DELETE,OPTIONS[\r][\n]"
11:08:39.868 [TestNG-tests-1] DEBUG org.apache.http.wire -  << "[\r][\n]"
11:08:39.868 [TestNG-tests-1] DEBUG org.apache.http.impl.conn.DefaultClientConnection - Receiving response: HTTP/1.1 200 OK
11:08:39.868 [TestNG-tests-1] DEBUG org.apache.http.headers - << HTTP/1.1 200 OK
11:08:39.868 [TestNG-tests-1] DEBUG org.apache.http.headers - << Server: nginx/1.12.2
11:08:39.868 [TestNG-tests-1] DEBUG org.apache.http.headers - << Date: Tue, 12 May 2020 03:08:41 GMT
11:08:39.868 [TestNG-tests-1] DEBUG org.apache.http.headers - << Content-Type: application/json;charset=UTF-8
11:08:39.868 [TestNG-tests-1] DEBUG org.apache.http.headers - << Content-Length: 112
11:08:39.868 [TestNG-tests-1] DEBUG org.apache.http.headers - << Connection: close
11:08:39.868 [TestNG-tests-1] DEBUG org.apache.http.headers - << Access-Control-Allow-Origin: *
11:08:39.868 [TestNG-tests-1] DEBUG org.apache.http.headers - << Access-Control-Allow-Headers: *
11:08:39.868 [TestNG-tests-1] DEBUG org.apache.http.headers - << Access-Control-Allow-Methods: GET,POST,PUT,DELETE,OPTIONS
http://tronexapi.tronscan.org/external/recaptcha?response=trx 请求总耗时：714 毫秒
11:08:39.868 [TestNG-tests-1] INFO tron.tronscan.api.RecaptchaCase - code is 200
11:08:39.868 [TestNG-tests-1] DEBUG org.apache.http.wire -  << "{"retCode":"1","retMsg":[],"data":{"result":"{\"success\":false,\"error-codes\":[\"invalid-input-response\"]}"}}"
11:08:39.868 [TestNG-tests-1] DEBUG org.apache.http.impl.conn.DefaultClientConnection - Connection 0.0.0.0:56809<->3.14.14.175:80 closed
11:08:39.868 [TestNG-tests-1] DEBUG org.apache.http.impl.conn.PoolingClientConnectionManager - Connection released: [id: 83][route: {}->http://tronexapi.tronscan.org:80][total kept alive: 0; route allocated: 0 of 80; total allocated: 0 of 100]
11:08:39.868 [TestNG-tests-1] INFO tron.common.TronscanApiList - ----------------------------Print JSON Start---------------------------
11:08:39.868 [TestNG-tests-1] INFO tron.common.TronscanApiList - data:{"result":"{\"success\":false,\"error-codes\":[\"invalid-input-response\"]}"}
11:08:39.868 [TestNG-tests-1] INFO tron.common.TronscanApiList - retCode:1
11:08:39.868 [TestNG-tests-1] INFO tron.common.TronscanApiList - retMsg:[]
11:08:39.868 [TestNG-tests-1] INFO tron.common.TronscanApiList - JSON content size are: 3
11:08:39.868 [TestNG-tests-1] INFO tron.common.TronscanApiList - ----------------------------Print JSON End-----------------------------
]]></system-out>
  <system-err><![CDATA[]]></system-err>
</testsuite>
