<?xml version="1.0" encoding="UTF-8"?>
<testsuite name="tron.tronscan.api.WitnessesList" tests="2" skipped="0" failures="0" errors="0" timestamp="2020-03-27T04:59:01" hostname="zhukaideiMac.local" time="2.007">
  <properties/>
  <testcase name="getMaintenance_Statistic" classname="tron.tronscan.api.WitnessesList" time="0.545"/>
  <testcase name="test01getWitnesses" classname="tron.tronscan.api.WitnessesList" time="1.461"/>
  <system-out><![CDATA[http://apilist.tronscan.org/api/witness/maintenance-statistic
12:59:01.970 [TestNG-tests-1] DEBUG org.apache.http.impl.conn.PoolingClientConnectionManager - Connection request: [route: {}->http://apilist.tronscan.org:80][total kept alive: 0; route allocated: 0 of 80; total allocated: 0 of 100]
12:59:01.970 [TestNG-tests-1] DEBUG org.apache.http.impl.conn.PoolingClientConnectionManager - Connection leased: [id: 79][route: {}->http://apilist.tronscan.org:80][total kept alive: 0; route allocated: 1 of 80; total allocated: 1 of 100]
12:59:01.970 [TestNG-tests-1] DEBUG org.apache.http.impl.conn.DefaultClientConnectionOperator - Connecting to apilist.tronscan.org:80
12:59:02.235 [TestNG-tests-1] DEBUG org.apache.http.client.protocol.RequestAddCookies - CookieSpec selected: default
12:59:02.235 [TestNG-tests-1] DEBUG org.apache.http.client.protocol.RequestAuthCache - Auth cache not set in the context
12:59:02.235 [TestNG-tests-1] DEBUG org.apache.http.client.protocol.RequestTargetAuthentication - Target auth state: UNCHALLENGED
12:59:02.235 [TestNG-tests-1] DEBUG org.apache.http.client.protocol.RequestProxyAuthentication - Proxy auth state: UNCHALLENGED
12:59:02.235 [TestNG-tests-1] DEBUG org.apache.http.impl.client.DefaultHttpClient - Attempt 1 to execute request
12:59:02.235 [TestNG-tests-1] DEBUG org.apache.http.impl.conn.DefaultClientConnection - Sending request: GET /api/witness/maintenance-statistic HTTP/1.1
12:59:02.235 [TestNG-tests-1] DEBUG org.apache.http.wire -  >> "GET /api/witness/maintenance-statistic HTTP/1.1[\r][\n]"
12:59:02.235 [TestNG-tests-1] DEBUG org.apache.http.wire -  >> "Content-type: application/json; charset=utf-8[\r][\n]"
12:59:02.235 [TestNG-tests-1] DEBUG org.apache.http.wire -  >> "Connection: Close[\r][\n]"
12:59:02.235 [TestNG-tests-1] DEBUG org.apache.http.wire -  >> "Host: apilist.tronscan.org[\r][\n]"
12:59:02.235 [TestNG-tests-1] DEBUG org.apache.http.wire -  >> "User-Agent: Apache-HttpClient/4.5.3 (Java/1.8.0_211)[\r][\n]"
12:59:02.235 [TestNG-tests-1] DEBUG org.apache.http.wire -  >> "[\r][\n]"
12:59:02.235 [TestNG-tests-1] DEBUG org.apache.http.headers - >> GET /api/witness/maintenance-statistic HTTP/1.1
12:59:02.235 [TestNG-tests-1] DEBUG org.apache.http.headers - >> Content-type: application/json; charset=utf-8
12:59:02.235 [TestNG-tests-1] DEBUG org.apache.http.headers - >> Connection: Close
12:59:02.235 [TestNG-tests-1] DEBUG org.apache.http.headers - >> Host: apilist.tronscan.org
12:59:02.235 [TestNG-tests-1] DEBUG org.apache.http.headers - >> User-Agent: Apache-HttpClient/4.5.3 (Java/1.8.0_211)
12:59:02.514 [TestNG-tests-1] DEBUG org.apache.http.wire -  << "HTTP/1.1 200 OK[\r][\n]"
12:59:02.514 [TestNG-tests-1] DEBUG org.apache.http.wire -  << "Server: nginx[\r][\n]"
12:59:02.514 [TestNG-tests-1] DEBUG org.apache.http.wire -  << "Date: Fri, 27 Mar 2020 04:59:03 GMT[\r][\n]"
12:59:02.514 [TestNG-tests-1] DEBUG org.apache.http.wire -  << "Content-Type: application/json;charset=utf-8[\r][\n]"
12:59:02.514 [TestNG-tests-1] DEBUG org.apache.http.wire -  << "Content-Length: 4225[\r][\n]"
12:59:02.514 [TestNG-tests-1] DEBUG org.apache.http.wire -  << "Connection: close[\r][\n]"
12:59:02.514 [TestNG-tests-1] DEBUG org.apache.http.wire -  << "Vary: Accept-Encoding[\r][\n]"
12:59:02.514 [TestNG-tests-1] DEBUG org.apache.http.wire -  << "Access-Control-Allow-Origin: *[\r][\n]"
12:59:02.514 [TestNG-tests-1] DEBUG org.apache.http.wire -  << "Access-Control-Allow-Headers: DNT,X-Mx-ReqToken,Keep-Alive,User-Agent,X-Requested-With,If-Modified-Since,Cache-Control,Content-Type,Authorization[\r][\n]"
12:59:02.514 [TestNG-tests-1] DEBUG org.apache.http.wire -  << "Access-Control-Allow-Methods: GET,POST,PUT,DELETE,OPTIONS[\r][\n]"
12:59:02.514 [TestNG-tests-1] DEBUG org.apache.http.wire -  << "X-Proxy-Cache: EXPIRED[\r][\n]"
12:59:02.514 [TestNG-tests-1] DEBUG org.apache.http.wire -  << "[\r][\n]"
12:59:02.514 [TestNG-tests-1] DEBUG org.apache.http.impl.conn.DefaultClientConnection - Receiving response: HTTP/1.1 200 OK
12:59:02.514 [TestNG-tests-1] DEBUG org.apache.http.headers - << HTTP/1.1 200 OK
12:59:02.514 [TestNG-tests-1] DEBUG org.apache.http.headers - << Server: nginx
12:59:02.514 [TestNG-tests-1] DEBUG org.apache.http.headers - << Date: Fri, 27 Mar 2020 04:59:03 GMT
12:59:02.514 [TestNG-tests-1] DEBUG org.apache.http.headers - << Content-Type: application/json;charset=utf-8
12:59:02.514 [TestNG-tests-1] DEBUG org.apache.http.headers - << Content-Length: 4225
12:59:02.514 [TestNG-tests-1] DEBUG org.apache.http.headers - << Connection: close
12:59:02.514 [TestNG-tests-1] DEBUG org.apache.http.headers - << Vary: Accept-Encoding
12:59:02.514 [TestNG-tests-1] DEBUG org.apache.http.headers - << Access-Control-Allow-Origin: *
12:59:02.514 [TestNG-tests-1] DEBUG org.apache.http.headers - << Access-Control-Allow-Headers: DNT,X-Mx-ReqToken,Keep-Alive,User-Agent,X-Requested-With,If-Modified-Since,Cache-Control,Content-Type,Authorization
12:59:02.514 [TestNG-tests-1] DEBUG org.apache.http.headers - << Access-Control-Allow-Methods: GET,POST,PUT,DELETE,OPTIONS
12:59:02.514 [TestNG-tests-1] DEBUG org.apache.http.headers - << X-Proxy-Cache: EXPIRED
http://apilist.tronscan.org/api/witness/maintenance-statistic 请求总耗时：544 毫秒
12:59:02.515 [TestNG-tests-1] DEBUG org.apache.http.wire -  << "[{"address":"TVFKwzE8qeETLaZEHMx2tjEsdnujAgAWaA","name":"BlockchainOrg","url":"http://blockchain.org","blockProduced":219,"total":5934,"percentage":"0.037"},{"address":"TJvaAeFb8Lykt9RQcVyyTFN2iDvGMuyD4M","name":"Poloniex","url":"https://poloniex.com/","blockProduced":220,"total":5934,"percentage":"0.037"},{"address":"TNmas2SUNGJ2R1jq4Sivya5nHDLYN9ggpG","name":"TheLastMe","url":"http://www.thelast.me","blockProduced":220,"total":5934,"percentage":"0.037"},{"address":"TWkpg1ZQ4fTv7sj41zBUTMo1kuJEUWTere","name":"TRONLink","url":"https://tronlink.org","blockProduced":220,"total":5934,"percentage":"0.037"},{"address":"TNaJADoq1u2atryP1ZzwvmEE4ZBELXfMqw","name":"callmeSR","url":"http://zempty.peiwo.cn/","blockProduced":220,"total":5934,"percentage":"0.037"},{"address":"TKSXDA8HfE9E1y39RczVQ1ZascUEtaSToF","name":"CryptoChain","url":"http://cryptochain.network","blockProduced":218,"total":5934,"percentage":"0.037"},{"address":"TMG95kirH4cKW5GnKoCcCye1dBqbt77yGu","name":"MinerGate","url":"https://minergate.com","blockProduced":220,"total":5934,"percentage":"0.037"},{"address":"TVa6MF7SgZa8PToLoQ9PNq6KQHyTXLBz1p","name":"KryptoKnight","url":"http://krypto-knight.us/","blockProduced":220,"total":5934,"percentage":"0.037"},{"address":"TJ2aDMgeipmoZRuUEru2ri8t7TGkxnm6qY","name":"Huobi_pool","url":"https://www.huobipool.com","blockProduced":220,"to"
12:59:02.515 [TestNG-tests-1] DEBUG org.apache.http.wire -  << "tal":5934,"percentage":"0.037"},{"address":"TTcYhypP8m4phDhN6oRexz2174zAerjEWP","name":"CryptoGuyInZA","url":"https://www.cryptoguyinza.co.za/","blockProduced":221,"total":5934,"percentage":"0.037"},{"address":"TGzz8gjYiYRqpfmDwnLxfgPuLVNmpCswVp","name":"Sesameseed","url":"https://www.sesameseed.org","blockProduced":221,"total":5934,"percentage":"0.037"},{"address":"TCEo1hMAdaJrQmvnGTCcGT2LqrGU4N7Jqf","name":"TRONScan","url":"https://tronscan.org","blockProduced":219,"total":5934,"percentage":"0.037"},{"address":"THYPk7Z72REsPrHtZkcwp9pWJadsPxp1UP","name":"bitwirespool","url":"https://www.beekuaibao.com","blockProduced":221,"total":5934,"percentage":"0.037"},{"address":"TTMNxTmRpBZnjtUnohX84j25NLkTqDga7j","name":"TronSpark","url":"https://tronspark.com","blockProduced":220,"total":5934,"percentage":"0.037"},{"address":"TSNbzxac4WhxN91XvaUfPTKP2jNT18mP6T","name":"BitTorrent","url":"https://www.bittorrent.com/","blockProduced":219,"total":5934,"percentage":"0.037"},{"address":"TGj1Ej1qRzL9feLTLhjwgxXF4Ct6GTWg2U","name":"Skypeople","url":"http://www.skypeople.co.kr","blockProduced":221,"total":5934,"percentage":"0.037"},{"address":"TRTC1DxDg2eWPHmyc3DTGR672rVHoZQa8h","name":"https://hitbtc.com","url":"https://hitbtc.com","blockProduced":220,"total":5934,"percentage":"0.037"},{"address":"TAHg5zi2ejWeWiE6bqtDT9vfbH3zNTWrfA","name":"TRXUltra","url":"https://trxultra.org","blockProduced":220,"total":5934,"percentage":"0.037"},{"address":"TFA1qpUkQ1yBDw4pgZKx25wEZAqkjGoZo1","name":"JustinSunTron","url":"https://twitter.com/justinsuntron","blockProduced":218,"total":5934,"percentage":"0.037"},{"address":"TLyqzVGLV1srkB7dToTAEqgDSfPtXRJZYH","name":"Binance Staking","url":"https://www.binance.com/en/staking","blockProduced":220,"total":5934,"percentage":"0.037"},{"address":"TTW663tQYJTTCtHh6DWKAfexRhPMf2DxQ1","name":"TRONALLIANCE","url":"http://tronalliance.org","blockProduced":218,"total":5934,"percentage":"0.037"},{"address":"TE7hnUtWRRBz3SkFrX8JESWUmEvxxAhoPt","name":"TronWalletMe","url":"https://www.tronwallet.me/","blockProduced":220,"total":5934,"percentage":"0.037"},{"address":"TV9QitxEJ3pdiAUAfJ2QuPxLKp9qTTR3og","name":"BitGuild","url":"https://www.bitguild.com","blockProduced":220,"total":5934,"percentage":"0.037"},{"address":"TPMGfspxLQGom8sKutrbHcDKtHjRHFbGKw","name":"Infinity-Stones","url":"https://infstones.io/","blockProduced":220,"total":5934,"percentage":"0.037"},{"address":"TY65QiDt4hLTMpf3WRzcX357BnmdxT2sw9","name":"uTorrent","url":"https://www.utorrent.com/","blockProduced":220,"total":5934,"percentage":"0.037"},{"address":"TUD4YXYdj2t1gP5th3A7t97mx1AUmrrQRt","name":"TRONGrid","url":"https://www.trongrid.io","blockProduced":220,"total":5934,"percentage":"0.037"},{"address":"TSzoLaVCdSNDpNxgChcFt9rSRF5wWAZiR4","name":"TRXMarket","url":"http://trx.market","blockProduced":219,"total":5934,"percentage":"0.037"}][\n]"
12:59:02.515 [TestNG-tests-1] DEBUG org.apache.http.impl.conn.DefaultClientConnection - Connection 0.0.0.0:61432<->18.216.178.128:80 closed
12:59:02.515 [TestNG-tests-1] DEBUG org.apache.http.impl.conn.PoolingClientConnectionManager - Connection released: [id: 79][route: {}->http://apilist.tronscan.org:80][total kept alive: 0; route allocated: 0 of 80; total allocated: 0 of 100]
[{"address":"TVFKwzE8qeETLaZEHMx2tjEsdnujAgAWaA","name":"BlockchainOrg","url":"http://blockchain.org","blockProduced":219,"total":5934,"percentage":"0.037"},{"address":"TJvaAeFb8Lykt9RQcVyyTFN2iDvGMuyD4M","name":"Poloniex","url":"https://poloniex.com/","blockProduced":220,"total":5934,"percentage":"0.037"},{"address":"TNmas2SUNGJ2R1jq4Sivya5nHDLYN9ggpG","name":"TheLastMe","url":"http://www.thelast.me","blockProduced":220,"total":5934,"percentage":"0.037"},{"address":"TWkpg1ZQ4fTv7sj41zBUTMo1kuJEUWTere","name":"TRONLink","url":"https://tronlink.org","blockProduced":220,"total":5934,"percentage":"0.037"},{"address":"TNaJADoq1u2atryP1ZzwvmEE4ZBELXfMqw","name":"callmeSR","url":"http://zempty.peiwo.cn/","blockProduced":220,"total":5934,"percentage":"0.037"},{"address":"TKSXDA8HfE9E1y39RczVQ1ZascUEtaSToF","name":"CryptoChain","url":"http://cryptochain.network","blockProduced":218,"total":5934,"percentage":"0.037"},{"address":"TMG95kirH4cKW5GnKoCcCye1dBqbt77yGu","name":"MinerGate","url":"https://minergate.com","blockProduced":220,"total":5934,"percentage":"0.037"},{"address":"TVa6MF7SgZa8PToLoQ9PNq6KQHyTXLBz1p","name":"KryptoKnight","url":"http://krypto-knight.us/","blockProduced":220,"total":5934,"percentage":"0.037"},{"address":"TJ2aDMgeipmoZRuUEru2ri8t7TGkxnm6qY","name":"Huobi_pool","url":"https://www.huobipool.com","blockProduced":220,"total":5934,"percentage":"0.037"},{"address":"TTcYhypP8m4phDhN6oRexz2174zAerjEWP","name":"CryptoGuyInZA","url":"https://www.cryptoguyinza.co.za/","blockProduced":221,"total":5934,"percentage":"0.037"},{"address":"TGzz8gjYiYRqpfmDwnLxfgPuLVNmpCswVp","name":"Sesameseed","url":"https://www.sesameseed.org","blockProduced":221,"total":5934,"percentage":"0.037"},{"address":"TCEo1hMAdaJrQmvnGTCcGT2LqrGU4N7Jqf","name":"TRONScan","url":"https://tronscan.org","blockProduced":219,"total":5934,"percentage":"0.037"},{"address":"THYPk7Z72REsPrHtZkcwp9pWJadsPxp1UP","name":"bitwirespool","url":"https://www.beekuaibao.com","blockProduced":221,"total":5934,"percentage":"0.037"},{"address":"TTMNxTmRpBZnjtUnohX84j25NLkTqDga7j","name":"TronSpark","url":"https://tronspark.com","blockProduced":220,"total":5934,"percentage":"0.037"},{"address":"TSNbzxac4WhxN91XvaUfPTKP2jNT18mP6T","name":"BitTorrent","url":"https://www.bittorrent.com/","blockProduced":219,"total":5934,"percentage":"0.037"},{"address":"TGj1Ej1qRzL9feLTLhjwgxXF4Ct6GTWg2U","name":"Skypeople","url":"http://www.skypeople.co.kr","blockProduced":221,"total":5934,"percentage":"0.037"},{"address":"TRTC1DxDg2eWPHmyc3DTGR672rVHoZQa8h","name":"https://hitbtc.com","url":"https://hitbtc.com","blockProduced":220,"total":5934,"percentage":"0.037"},{"address":"TAHg5zi2ejWeWiE6bqtDT9vfbH3zNTWrfA","name":"TRXUltra","url":"https://trxultra.org","blockProduced":220,"total":5934,"percentage":"0.037"},{"address":"TFA1qpUkQ1yBDw4pgZKx25wEZAqkjGoZo1","name":"JustinSunTron","url":"https://twitter.com/justinsuntron","blockProduced":218,"total":5934,"percentage":"0.037"},{"address":"TLyqzVGLV1srkB7dToTAEqgDSfPtXRJZYH","name":"Binance Staking","url":"https://www.binance.com/en/staking","blockProduced":220,"total":5934,"percentage":"0.037"},{"address":"TTW663tQYJTTCtHh6DWKAfexRhPMf2DxQ1","name":"TRONALLIANCE","url":"http://tronalliance.org","blockProduced":218,"total":5934,"percentage":"0.037"},{"address":"TE7hnUtWRRBz3SkFrX8JESWUmEvxxAhoPt","name":"TronWalletMe","url":"https://www.tronwallet.me/","blockProduced":220,"total":5934,"percentage":"0.037"},{"address":"TV9QitxEJ3pdiAUAfJ2QuPxLKp9qTTR3og","name":"BitGuild","url":"https://www.bitguild.com","blockProduced":220,"total":5934,"percentage":"0.037"},{"address":"TPMGfspxLQGom8sKutrbHcDKtHjRHFbGKw","name":"Infinity-Stones","url":"https://infstones.io/","blockProduced":220,"total":5934,"percentage":"0.037"},{"address":"TY65QiDt4hLTMpf3WRzcX357BnmdxT2sw9","name":"uTorrent","url":"https://www.utorrent.com/","blockProduced":220,"total":5934,"percentage":"0.037"},{"address":"TUD4YXYdj2t1gP5th3A7t97mx1AUmrrQRt","name":"TRONGrid","url":"https://www.trongrid.io","blockProduced":220,"total":5934,"percentage":"0.037"},{"address":"TSzoLaVCdSNDpNxgChcFt9rSRF5wWAZiR4","name":"TRXMarket","url":"http://trx.market","blockProduced":219,"total":5934,"percentage":"0.037"}]

http://apilist.tronscan.org/api/witness
12:59:02.516 [TestNG-tests-1] DEBUG org.apache.http.impl.conn.PoolingClientConnectionManager - Connection request: [route: {}->http://apilist.tronscan.org:80][total kept alive: 0; route allocated: 0 of 80; total allocated: 0 of 100]
12:59:02.516 [TestNG-tests-1] DEBUG org.apache.http.impl.conn.PoolingClientConnectionManager - Connection leased: [id: 80][route: {}->http://apilist.tronscan.org:80][total kept alive: 0; route allocated: 1 of 80; total allocated: 1 of 100]
12:59:02.516 [TestNG-tests-1] DEBUG org.apache.http.impl.conn.DefaultClientConnectionOperator - Connecting to apilist.tronscan.org:80
12:59:02.848 [TestNG-tests-1] DEBUG org.apache.http.client.protocol.RequestAddCookies - CookieSpec selected: default
12:59:02.848 [TestNG-tests-1] DEBUG org.apache.http.client.protocol.RequestAuthCache - Auth cache not set in the context
12:59:02.848 [TestNG-tests-1] DEBUG org.apache.http.client.protocol.RequestTargetAuthentication - Target auth state: UNCHALLENGED
12:59:02.848 [TestNG-tests-1] DEBUG org.apache.http.client.protocol.RequestProxyAuthentication - Proxy auth state: UNCHALLENGED
12:59:02.848 [TestNG-tests-1] DEBUG org.apache.http.impl.client.DefaultHttpClient - Attempt 1 to execute request
12:59:02.848 [TestNG-tests-1] DEBUG org.apache.http.impl.conn.DefaultClientConnection - Sending request: GET /api/witness HTTP/1.1
12:59:02.848 [TestNG-tests-1] DEBUG org.apache.http.wire -  >> "GET /api/witness HTTP/1.1[\r][\n]"
12:59:02.848 [TestNG-tests-1] DEBUG org.apache.http.wire -  >> "Content-type: application/json; charset=utf-8[\r][\n]"
12:59:02.848 [TestNG-tests-1] DEBUG org.apache.http.wire -  >> "Connection: Close[\r][\n]"
12:59:02.848 [TestNG-tests-1] DEBUG org.apache.http.wire -  >> "Host: apilist.tronscan.org[\r][\n]"
12:59:02.848 [TestNG-tests-1] DEBUG org.apache.http.wire -  >> "User-Agent: Apache-HttpClient/4.5.3 (Java/1.8.0_211)[\r][\n]"
12:59:02.848 [TestNG-tests-1] DEBUG org.apache.http.wire -  >> "[\r][\n]"
12:59:02.848 [TestNG-tests-1] DEBUG org.apache.http.headers - >> GET /api/witness HTTP/1.1
12:59:02.848 [TestNG-tests-1] DEBUG org.apache.http.headers - >> Content-type: application/json; charset=utf-8
12:59:02.848 [TestNG-tests-1] DEBUG org.apache.http.headers - >> Connection: Close
12:59:02.848 [TestNG-tests-1] DEBUG org.apache.http.headers - >> Host: apilist.tronscan.org
12:59:02.848 [TestNG-tests-1] DEBUG org.apache.http.headers - >> User-Agent: Apache-HttpClient/4.5.3 (Java/1.8.0_211)
12:59:03.143 [TestNG-tests-1] DEBUG org.apache.http.wire -  << "HTTP/1.1 200 OK[\r][\n]"
12:59:03.143 [TestNG-tests-1] DEBUG org.apache.http.wire -  << "Server: nginx[\r][\n]"
12:59:03.143 [TestNG-tests-1] DEBUG org.apache.http.wire -  << "Date: Fri, 27 Mar 2020 04:59:03 GMT[\r][\n]"
12:59:03.143 [TestNG-tests-1] DEBUG org.apache.http.wire -  << "Content-Type: application/json;charset=utf-8[\r][\n]"
12:59:03.143 [TestNG-tests-1] DEBUG org.apache.http.wire -  << "Transfer-Encoding: chunked[\r][\n]"
12:59:03.143 [TestNG-tests-1] DEBUG org.apache.http.wire -  << "Connection: close[\r][\n]"
12:59:03.143 [TestNG-tests-1] DEBUG org.apache.http.wire -  << "Vary: Accept-Encoding[\r][\n]"
12:59:03.143 [TestNG-tests-1] DEBUG org.apache.http.wire -  << "Access-Control-Allow-Origin: *[\r][\n]"
12:59:03.143 [TestNG-tests-1] DEBUG org.apache.http.wire -  << "Access-Control-Allow-Headers: DNT,X-Mx-ReqToken,Keep-Alive,User-Agent,X-Requested-With,If-Modified-Since,Cache-Control,Content-Type,Authorization[\r][\n]"
12:59:03.143 [TestNG-tests-1] DEBUG org.apache.http.wire -  << "Access-Control-Allow-Methods: GET,POST,PUT,DELETE,OPTIONS[\r][\n]"
12:59:03.143 [TestNG-tests-1] DEBUG org.apache.http.wire -  << "X-Proxy-Cache: EXPIRED[\r][\n]"
12:59:03.143 [TestNG-tests-1] DEBUG org.apache.http.wire -  << "[\r][\n]"
12:59:03.143 [TestNG-tests-1] DEBUG org.apache.http.impl.conn.DefaultClientConnection - Receiving response: HTTP/1.1 200 OK
12:59:03.143 [TestNG-tests-1] DEBUG org.apache.http.headers - << HTTP/1.1 200 OK
12:59:03.143 [TestNG-tests-1] DEBUG org.apache.http.headers - << Server: nginx
12:59:03.143 [TestNG-tests-1] DEBUG org.apache.http.headers - << Date: Fri, 27 Mar 2020 04:59:03 GMT
12:59:03.143 [TestNG-tests-1] DEBUG org.apache.http.headers - << Content-Type: application/json;charset=utf-8
12:59:03.143 [TestNG-tests-1] DEBUG org.apache.http.headers - << Transfer-Encoding: chunked
12:59:03.143 [TestNG-tests-1] DEBUG org.apache.http.headers - << Connection: close
12:59:03.143 [TestNG-tests-1] DEBUG org.apache.http.headers - << Vary: Accept-Encoding
12:59:03.143 [TestNG-tests-1] DEBUG org.apache.http.headers - << Access-Control-Allow-Origin: *
12:59:03.143 [TestNG-tests-1] DEBUG org.apache.http.headers - << Access-Control-Allow-Headers: DNT,X-Mx-ReqToken,Keep-Alive,User-Agent,X-Requested-With,If-Modified-Since,Cache-Control,Content-Type,Authorization
12:59:03.143 [TestNG-tests-1] DEBUG org.apache.http.headers - << Access-Control-Allow-Methods: GET,POST,PUT,DELETE,OPTIONS
12:59:03.143 [TestNG-tests-1] DEBUG org.apache.http.headers - << X-Proxy-Cache: EXPIRED
http://apilist.tronscan.org/api/witness 请求总耗时：627 毫秒
12:59:03.143 [TestNG-tests-1] INFO tron.tronscan.api.WitnessesList - code is 200
12:59:03.143 [TestNG-tests-1] DEBUG org.apache.http.wire -  << "7df0[\r][\n]"
12:59:03.143 [TestNG-tests-1] DEBUG org.apache.http.wire -  << "[{"address":"TLyqzVGLV1srkB7dToTAEqgDSfPtXRJZYH","name":"Binance Staking","url":"https://www.binance.com/en/staking","producer":true,"latestBlockNumber":1.8340815E7,"latestSlotNumber":5.28428313E8,"missedTotal":67.0,"producedTotal":191086.0,"producedTrx":0,"votes":13538303260,"producePercentage":99.96494954303621,"brokerage":20,"votesPercentage":55.83395197063376,"version":10},{"address":"TGj1Ej1qRzL9feLTLhjwgxXF4Ct6GTWg2U","name":"Skypeople","url":"http://www.skypeople.co.kr","producer":true,"latestBlockNumber":1.8340816E7,"latestSlotNumber":5.28428314E8,"missedTotal":4877.0,"producedTotal":676026.0,"producedTrx":0,"votes":982129390,"producePercentage":99.28374526180674,"brokerage":0,"votesPercentage":4.050445919041101,"version":10},{"address":"TV9QitxEJ3pdiAUAfJ2QuPxLKp9qTTR3og","name":"BitGuild","url":"https://www.bitguild.com","producer":true,"latestBlockNumber":1.8340817E7,"latestSlotNumber":5.28428315E8,"missedTotal":2600.0,"producedTotal":587302.0,"producedTrx":0,"votes":717572645,"producePercentage":99.559248824381,"brokerage":100,"votesPercentage":2.959375028534457,"version":10},{"address":"TJvaAeFb8Lykt9RQcVyyTFN2iDvGMuyD4M","name":"Poloniex","url":"https://poloniex.com/","producer":true,"latestBlockNumber":1.8340818E7,"latestSlotNumber":5.28428316E8,"missedTotal":1.0,"producedTotal":39111.0,"producedTrx":0,"votes":674334883,"producePercentage":99.99744323992637,"brokerage":0,"votesPercentage":2.7810561446637987,"version":15},{"address":"THYPk7Z72REsPrHtZkcwp9pWJadsPxp1UP","name":"bitwirespool","url":"https://www.beekuaibao.com","producer":true,"latestBlockNumber":1.8340819E7,"latestSlotNumber":5.28428317E8,"missedTotal":313.0,"producedTotal":163214.0,"producedTrx":0,"votes":450776947,"producePercentage":99.80859429941233,"brokerage":100,"votesPercentage":1.8590703668627175,"version":10},{"address":"TGzz8gjYiYRqpfmDwnLxfgPuLVNmpCswVp","name":"Sesameseed","url":"https://www.sesameseed.org","producer":true,"latestBlockNumber":1.834082E7,"latestSlotNumber":5.28428318E8,"missedTotal":5733.0,"producedTotal":660817.0,"producedTrx":0,"votes":391145419,"producePercentage":99.13989948240942,"brokerage":100,"votesPercentage":1.6131411830982594,"version":10},{"address":"TTcYhypP8m4phDhN6oRexz2174zAerjEWP","name":"CryptoGuyInZA","url":"https://www.cryptoguyinza.co.za/","producer":true,"latestBlockNumber":1.8340821E7,"latestSlotNumber":5.28428319E8,"missedTotal":2328.0,"producedTotal":653269.0,"producedTrx":0,"votes":382448060,"producePercentage":99.64490380523401,"brokerage":100,"votesPercentage":1.5772719965871158,"version":10},{"address":"TUD4YXYdj2t1gP5th3A7t97mx1AUmrrQRt","name":"TRONGrid","url":"https://www.trongrid.io","producer":true,"latestBlockNumber":1.8340822E7,"latestSlotNumber":5.2842832E8,"missedTotal":87.0,"producedTotal":288609.0,"producedTrx":0,"votes":368358512,"producePercentage":99.96986449413916,"brokerage":20,"votesPercentage":1.5191646303084898,"version":15},{"address":"TWkpg1ZQ4fTv7sj41zBUTMo1kuJEUWTere","name":"TRONLink","url":"https://tronlink.org","producer":true,"latestBlockNumber":1.8340823E7,"latestSlotNumber":5.28428321E8,"missedTotal":330.0,"producedTotal":363357.0,"producedTrx":0,"votes":346070027,"producePercentage":99.90926263517805,"brokerage":20,"votesPercentage":1.4272436430851476,"version":15},{"address":"TPMGfspxLQGom8sKutrbHcDKtHjRHFbGKw","name":"Infinity-Stones","url":"https://infstones.io/","producer":true,"latestBlockNumber":1.8340824E7,"latestSlotNumber":5.28428322E8,"missedTotal":2228.0,"producedTotal":522197.0,"producedTrx":0,"votes":331328946,"producePercentage":99.57515373981028,"brokerage":100,"votesPercentage":1.366449258977872,"version":10},{"address":"TY65QiDt4hLTMpf3WRzcX357BnmdxT2sw9","name":"uTorrent","url":"https://www.utorrent.com/","producer":true,"latestBlockNumber":1.8340825E7,"latestSlotNumber":5.28428323E8,"missedTotal":1965.0,"producedTotal":645009.0,"producedTrx":0,"votes":330853949,"producePercentage":99.69627836667317,"brokerage":20,"votesPercentage":1.3644903015535281,"version":15},{"address":"TTMNxTmRpBZnjtUnohX84j25NLkTqDga7j","name":"TronSpark","url":"https://tronspark.com","producer":true,"latestBlockNumber":1.8340826E7,"latestSlotNumber":5.28428324E8,"missedTotal":3504.0,"producedTotal":621087.0,"producedTrx":0,"votes":326489461,"producePercentage":99.43899287693867,"brokerage":100,"votesPercentage":1.3464905117210462,"version":10},{"address":"TVFKwzE8qeETLaZEHMx2tjEsdnujAgAWaA","name":"BlockchainOrg","url":"http://blockchain.org","producer":true,"latestBlockNumber":1.8340827E7,"latestSlotNumber":5.28428325E8,"missedTotal":2650.0,"producedTotal":432325.0,"producedTrx":0,"votes":317451639,"producePercentage":99.39076958445888,"brokerage":100,"votesPercentage":1.3092172057700655,"version":15},{"address":"TKSXDA8HfE9E1y39RczVQ1ZascUEtaSToF","name":"CryptoChain","url":"http://cryptochain.network","producer":true,"latestBlockNumber":1.8340801E7,"latestSlotNumber":5.28428299E8,"missedTotal":2266.0,"producedTotal":644781.0,"producedTrx":0,"votes":316549660,"producePercentage":99.64979360077398,"brokerage":100,"votesPercentage":1.3054973118367308,"version":15},{"address":"TTW663tQYJTTCtHh6DWKAfexRhPMf2DxQ1","name":"TRONALLIANCE","url":"http://tronalliance.org","producer":true,"latestBlockNumber":1.8340802E7,"latestSlotNumber":5.284283E8,"missedTotal":1236.0,"producedTotal":424745.0,"producedTrx":0,"votes":311978679,"producePercentage":99.70984621379827,"brokerage":100,"votesPercentage":1.2866459145300435,"version":15},{"address":"TFA1qpUkQ1yBDw4pgZKx25wEZAqkjGoZo1","name":"JustinSunTron","url":"https://twitter.com/justinsuntron","producer":true,"latestBlockNumber":1.8340803E7,"latestSlotNumber":5.28428301E8,"missedTotal":1714.0,"producedTotal":628011.0,"producedTrx":0,"votes":311446630,"producePercentage":99.72781769820159,"brokerage":20,"votesPercentage":1.2844516662744447,"version":15},{"address":"TCEo1hMAdaJrQmvnGTCcGT2LqrGU4N7Jqf","name":"TRONScan","url":"https://tronscan.org","producer":true,"latestBlockNumber":1.8340804E7,"latestSlotNumber":5.28428302E8,"missedTotal":436.0,"producedTotal":369620.0,"producedTrx":0,"votes":305414830,"producePercentage":99.88217999437923,"brokerage":20,"votesPercentage":1.259575636758138,"version":15},{"address":"TSNbzxac4WhxN91XvaUfPTKP2jNT18mP6T","name":"BitTorrent","url":"https://www.bittorrent.com/","producer":true,"latestBlockNumber":1.8340805E7,"latestSlotNumber":5.28428303E8,"missedTotal":3836.0,"producedTotal":645315.0,"producedTrx":0,"votes":297079432,"producePercentage":99.40907431398858,"brokerage":20,"votesPercentage":1.225199230597761,"version":15},{"address":"TSzoLaVCdSNDpNxgChcFt9rSRF5wWAZiR4","name":"TRXMarket","url":"http://trx.market","producer":true,"latestBlockNumber":1.8340806E7,"latestSlotNumber":5.28428304E8,"missedTotal":4092.0,"producedTotal":611985.0,"producedTrx":0,"votes":296064343,"producePercentage":99.3357973110504,"brokerage":20,"votesPercentage":1.2210128544039751,"version":15},{"address":"TNaJADoq1u2atryP1ZzwvmEE4ZBELXfMqw","name":"callmeSR","url":"http://zempty.peiwo.cn/","producer":true,"latestBlockNumber":1.8340807E7,"latestSlotNumber":5.28428305E8,"missedTotal":1857.0,"producedTotal":511770.0,"producedTrx":0,"votes":295527279,"producePercentage":99.63845358596802,"brokerage":100,"votesPercentage":1.218797923551469,"version":15},{"address":"TVa6MF7SgZa8PToLoQ9PNq6KQHyTXLBz1p","name":"KryptoKnight","url":"http://krypto-knight.us/","producer":true,"latestBlockNumber":1.8340808E7,"latestSlotNumber":5.28428306E8,"missedTotal":1286.0,"producedTotal":476609.0,"producedTrx":0,"votes":295241924,"producePercentage":99.73090323188148,"brokerage":100,"votesPercentage":1.2176210776012344,"version":10},{"address":"TRTC1DxDg2eWPHmyc3DTGR672rVHoZQa8h","name":"","url":"https://hitbtc.com","producer":true,"latestBlockNumber":1.8340809E7,"latestSlotNumber":5.28428307E8,"missedTotal":4552.0,"producedTotal":352293.0,"producedTrx":0,"votes":294058426,"producePercentage":98.72437612969216,"brokerage":100,"votesPercentage":1.212740157945329,"version":10},{"address":"TAHg5zi2ejWeWiE6bqtDT9vfbH3zNTWrfA","name":"TRXUltra","url":"https://trxultra.org","producer":true,"latestBlock"
12:59:03.144 [TestNG-tests-1] DEBUG org.apache.http.wire -  << "Number":1.834081E7,"latestSlotNumber":5.28428308E8,"missedTotal":1614.0,"producedTotal":364109.0,"producedTrx":0,"votes":293558975,"producePercentage":99.55868239077115,"brokerage":100,"votesPercentage":1.2106803486316997,"version":10},{"address":"TMG95kirH4cKW5GnKoCcCye1dBqbt77yGu","name":"MinerGate","url":"https://minergate.com","producer":true,"latestBlockNumber":1.8340811E7,"latestSlotNumber":5.28428309E8,"missedTotal":798.0,"producedTotal":359094.0,"producedTrx":0,"votes":292494194,"producePercentage":99.77826681337734,"brokerage":100,"votesPercentage":1.2062890353281417,"version":10},{"address":"TNmas2SUNGJ2R1jq4Sivya5nHDLYN9ggpG","name":"TheLastMe","url":"http://www.thelast.me","producer":true,"latestBlockNumber":1.8340812E7,"latestSlotNumber":5.2842831E8,"missedTotal":3326.0,"producedTotal":194965.0,"producedTrx":0,"votes":291339221,"producePercentage":98.32266719114835,"brokerage":20,"votesPercentage":1.2015257569637168,"version":15},{"address":"TJ2aDMgeipmoZRuUEru2ri8t7TGkxnm6qY","name":"Huobi_pool","url":"https://www.huobipool.com","producer":true,"latestBlockNumber":1.8340813E7,"latestSlotNumber":5.28428311E8,"missedTotal":7871.0,"producedTotal":613758.0,"producedTrx":0,"votes":287939588,"producePercentage":98.7338106812906,"brokerage":100,"votesPercentage":1.1875051709276068,"version":10},{"address":"TE7hnUtWRRBz3SkFrX8JESWUmEvxxAhoPt","name":"TronWalletMe","url":"https://www.tronwallet.me/","producer":true,"latestBlockNumber":1.8340814E7,"latestSlotNumber":5.28428312E8,"missedTotal":1222.0,"producedTotal":540714.0,"producedTrx":0,"votes":287498369,"producePercentage":99.77451211951227,"brokerage":100,"votesPercentage":1.1856855189386224,"version":10},{"address":"TN2MEB71iox2mDwwngdTrUyUZXeENcb79F","name":"SR-TRON-Europe","url":"https://www.tron-europe.org","producer":false,"latestBlockNumber":1.6947364E7,"latestSlotNumber":5.27032788E8,"missedTotal":1890.0,"producedTotal":438810.0,"producedTrx":0,"votes":169410377,"producePercentage":99.571136827774,"brokerage":100,"votesPercentage":0.6986732880103145,"version":0},{"address":"TBXB5tobBPCFkC8ihFDBWjaiwW2iSpzSfr","name":"TRONVIETNAM","url":"https://www.tronvietnam.com/","producer":false,"latestBlockNumber":1.7299301E7,"latestSlotNumber":5.27385598E8,"missedTotal":9060.0,"producedTotal":594831.0,"producedTrx":0,"votes":148275995,"producePercentage":98.49972925577629,"brokerage":19,"votesPercentage":0.6115119911435587,"version":0},{"address":"TVSdAnnZUdSH8gdeUgMPTht1mXmhtEXAN3","name":"TRON-BOOM","url":"www.tronspirit.com","producer":false,"latestBlockNumber":1.7284888E7,"latestSlotNumber":5.27371181E8,"missedTotal":4863.0,"producedTotal":214599.0,"producedTrx":0,"votes":121393356,"producePercentage":97.78"
12:59:03.377 [TestNG-tests-1] DEBUG org.apache.http.wire -  << "412663695765,"brokerage":15,"votesPercentage":0.5006440377564748,"version":0},{"address":"TW5oEHAE2LqMdozna7HBDiW6U56f6m8Vfa","name":"TRON-Ace","url":"https://www.tronace.com","producer":false,"latestBlockNumber":1.7306495E7,"latestSlotNumber":5.27392797E8,"missedTotal":0.0,"producedTotal":800.0,"producedTrx":0,"votes":110007639,"producePercentage":100.0,"brokerage":20,"votesPercentage":0.45368766782439607,"version":0},{"address":"TNMcBfKauBykfamL2YkE8WFNDUBmahQzYx","name":"Newpool-TRON","url":"https://tron.newdex.one","producer":false,"latestBlockNumber":0.0,"latestSlotNumber":0.0,"missedTotal":0.0,"producedTotal":0.0,"producedTrx":0,"votes":95524546,"producePercentage":0.0,"brokerage":100,"votesPercentage":0.3939572641380317,"version":0},{"address":"TYVJ8JuQ6ctzCa2u79MFmvvNQ1U2tYQEUM","name":"TRON-ONE","url":"http://tronone.com","producer":false,"latestBlockNumber":1.5149942E7,"latestSlotNumber":5.25232781E8,"missedTotal":5129.0,"producedTotal":518353.0,"producedTrx":0,"votes":46899291,"producePercentage":99.02021463966287,"brokerage":100,"votesPercentage":0.19341956749392364,"version":0},{"address":"TPjc5LNkpa5iwjUv8u4XXV92JA2JaAxHgL","name":"","url":"http://bz.com/","producer":false,"latestBlockNumber":0.0,"latestSlotNumber":0.0,"missedTotal":0.0,"producedTotal":0.0,"producedTrx":0,"votes":35000404,"producePercentage":0.0,"brokerag"
12:59:03.377 [TestNG-tests-1] DEBUG org.apache.http.wire -  << "e":100,"votesPercentage":0.14434680907633754,"version":0},{"address":"TN2W4cc7a4dsYyTLiLMWa9m7jVpdLjGvYs","name":"Huobi_Wallet","url":"https://www.huobiwallet.com/","producer":false,"latestBlockNumber":0.0,"latestSlotNumber":0.0,"missedTotal":0.0,"producedTotal":0.0,"producedTrx":0,"votes":33160979,"producePercentage":0.0,"brokerage":5,"votesPercentage":0.13676075009012575,"version":0},{"address":"TQwqK8LhHGria5gkkfCVqQfE5mSwpvdp3B","name":"Tron-Society","url":"https://tron-society.com","producer":false,"latestBlockNumber":8208429.0,"latestSlotNumber":5.18255974E8,"missedTotal":2433.0,"producedTotal":168733.0,"producedTrx":0,"votes":30699903,"producePercentage":98.57857284741128,"brokerage":100,"votesPercentage":0.12661091103414354,"version":0},{"address":"TGfUjDNr5Huk8DumHfmzY2ksE6RRYpuGLG","name":"BeatzCoin","url":"https://www.beatzcoin.io/","producer":false,"latestBlockNumber":1.4077587E7,"latestSlotNumber":5.24159989E8,"missedTotal":3004.0,"producedTotal":221974.0,"producedTrx":0,"votes":26812811,"producePercentage":98.66475833192578,"brokerage":100,"votesPercentage":0.11057997245451576,"version":0},{"address":"TEe7HDXdHJemT142R643cajh8BbKdWgR3H","name":"CashierestStaking","url":"\thttps://www.cashierest.com","producer":false,"latestBlockNumber":0.0,"latestSlotNumber":0.0,"missedTotal":0.0,"producedTotal":0.0,"producedTrx":0,"votes"
12:59:03.379 [TestNG-tests-1] DEBUG org.apache.http.wire -  << "":17811770,"producePercentage":0.0,"brokerage":10,"votesPercentage":0.0734583567521574,"version":0},{"address":"TDGmmTC7xDgQGwH4FYRGuE7SFH2MePHYeH","name":"TeamTronics","url":"https://www.tronics.io/","producer":false,"latestBlockNumber":4203064.0,"latestSlotNumber":5.14187999E8,"missedTotal":96.0,"producedTotal":134119.0,"producedTrx":0,"votes":6923071,"producePercentage":99.92847297246954,"brokerage":100,"votesPercentage":0.02855176208420135,"version":0},{"address":"TV6qcwSp38uESiDczxxb7zbJX1h2LfDs78","name":"TronsTronics","url":"Tronstronics","producer":false,"latestBlockNumber":5971325.0,"latestSlotNumber":5.16002399E8,"missedTotal":1952.0,"producedTotal":195873.0,"producedTrx":0,"votes":6402656,"producePercentage":99.0132693036775,"brokerage":100,"votesPercentage":0.02640549415410939,"version":0},{"address":"TEKUPpjTMKWw9LJZ9YJ4enhCjAmVXSL7M6","name":"lianjinshu","url":"http://www.lianjinshu.com","producer":false,"latestBlockNumber":1.1497746E7,"latestSlotNumber":5.21575194E8,"missedTotal":6512.0,"producedTotal":405906.0,"producedTrx":0,"votes":6265075,"producePercentage":98.42101945113939,"brokerage":20,"votesPercentage":0.025838089893874806,"version":0},{"address":"TSbhZijH2t7Qn1UAHAu7PBHQdVAvRwSyYr","name":"Intergalactic-Gaming","url":"https://www.iggalaxy.com","producer":false,"latestBlockNumber":8416221.0,"latestSlotNumber":5.18464799E8,"missedTotal":1550.0,"producedTotal":154409.0,"producedTrx":0,"votes":6086168,"producePercentage":99.00614905199443,"brokerage":20,"votesPercentage":0.025100251137173017,"version":0},{"address":"TWGGB35HUudizmcLheQN7kANDnD8KfgKkK","name":"TRON-Family","url":"https://www.tron-family.de","producer":false,"latestBlockNumber":0.0,"latestSlotNumber":0.0,"missedTotal":0.0,"producedTotal":0.0,"producedTrx":0,"votes":4480843,"producePercentage":0.0,"brokerage":20,"votesPercentage":0.018479654949755536,"version":0},{"address":"TAD78uBWAveGNg3nDN8Ku18MSDeHmTRpbB","name":"SmartRealEstateXRE","url":"XREGlobal.com","producer":false,"latestBlockNumber":0.0,"latestSlotNumber":0.0,"missedTotal":0.0,"producedTotal":0.0,"producedTrx":0,"votes":3890247,"producePercentage":0.0,"brokerage":100,"votesPercentage":0.016043950263225387,"version":0},{"address":"TKV52nvtpLe5uapeTabyAYANMQYBXPGVds","name":"TronKorea","url":"http://tronkorea.io","producer":false,"latestBlockNumber":300029.0,"latestSlotNumber":5.10263985E8,"missedTotal":28.0,"producedTotal":238.0,"producedTrx":0,"votes":3527016,"producePercentage":89.47368421052632,"brokerage":20,"votesPercentage":0.014545932245844582,"version":0},{"address":"TB6nqQpQDoiWm3VKFjxQrEDi7m84jXjfus","name":"","url":"https://bixin.com","producer":false,"latestBlockNumber":0.0,"latestSlotNumber":0.0,"missedTot"
12:59:03.379 [TestNG-tests-1] DEBUG org.apache.http.wire -  << "al":0.0,"producedTotal":0.0,"producedTrx":0,"votes":3408566,"producePercentage":0.0,"brokerage":20,"votesPercentage":0.0140574270407306,"version":0},{"address":"TRXDEXMoaAprSGJSwKanEUBqfQjvQEDuaw","name":"TrxDexCom","url":"https://github.com/trondex/","producer":false,"latestBlockNumber":1154111.0,"latestSlotNumber":5.11120783E8,"missedTotal":0.0,"producedTotal":25313.0,"producedTrx":0,"votes":2839986,"producePercentage":100.0,"brokerage":20,"votesPercentage":0.011712519573244684,"version":0},{"address":"TDGy2M9qWBepSHDEutWWxWd1JZfmAed3BP","name":"CommunityNode","url":"http://www.communitynode.org/","producer":false,"latestBlockNumber":0.0,"latestSlotNumber":0.0,"missedTotal":0.0,"producedTotal":0.0,"producedTrx":0,"votes":2428751,"producePercentage":0.0,"brokerage":5,"votesPercentage":0.010016526006127353,"version":0},{"address":"TMEQ4hu7DtLTHPn6qPsYktk1QGdTbAyTEK","name":"Tron-Europe","url":"www.Tron-Europe.com","producer":false,"latestBlockNumber":5101331.0,"latestSlotNumber":5.15111693E8,"missedTotal":5326.0,"producedTotal":122888.0,"producedTrx":0,"votes":2410772,"producePercentage":95.84600745628403,"brokerage":100,"votesPercentage":0.00994237796828232,"version":0},{"address":"TVMP5r12ymtNerq5KB4E8zAgLDmg2FqsEG","name":"CryptoGirls","url":"https://www.cryptogirls.ro/","producer":false,"latestBlockNumber":4052661.0,"latestSlotNumb"
12:59:03.381 [TestNG-tests-1] DEBUG org.apache.http.wire -  << "er":5.14036796E8,"missedTotal":305.0,"producedTotal":127145.0,"producedTrx":0,"votes":2274217,"producePercentage":99.76069046684974,"brokerage":100,"votesPercentage":0.00937920508280879,"version":0},{"address":"TFQVyHpWSRtH7YbH6xYDamNmKpqBGHmWwc","name":"","url":"https://www.coinnest.co.kr","producer":false,"latestBlockNumber":0.0,"latestSlotNumber":0.0,"missedTotal":0.0,"producedTotal":0.0,"producedTrx":0,"votes":2138794,"producePercentage":0.0,"brokerage":20,"votesPercentage":0.008820700731672019,"version":0},{"address":"TJgmwx9TYaqujmdthJkjaLyWXrwTCmmTan","name":"ZADEA-MadeInItaly","url":"www","producer":false,"latestBlockNumber":0.0,"latestSlotNumber":0.0,"missedTotal":0.0,"producedTotal":0.0,"producedTrx":0,"votes":2028994,"producePercentage":0.0,"brokerage":20,"votesPercentage":0.008367869397594221,"version":0},{"address":"TWEcP8CPhcdmmo1R2RANXGBRYAHvxNoLst","name":"OneMillionCom_Community","url":"https://www.millioncoinx.com/pl","producer":false,"latestBlockNumber":0.0,"latestSlotNumber":0.0,"missedTotal":0.0,"producedTotal":0.0,"producedTrx":0,"votes":1886395,"producePercentage":0.0,"brokerage":50,"votesPercentage":0.00777977016801171,"version":0},{"address":"TK4qxwmq8nDeymtjxzXMkPzq4Gsb39fkLu","name":"Activ8Coin","url":"https://activ8coin.com","producer":false,"latestBlockNumber":0.0,"latestSlotNumber":0.0,"missedTotal":0.0,"producedTotal":0.0,"producedTrx":0,"votes":1879888,"producePercentage":0.0,"brokerage":0,"votesPercentage":0.007752934343869231,"version":0},{"address":"TPRxUBEakukBMwTScCHgvCPSBYk5UhfboJ","name":"CryptoDivaSR","url":"http://www.cryptodiva.io/","producer":false,"latestBlockNumber":1.4005616E7,"latestSlotNumber":5.2408798E8,"missedTotal":4892.0,"producedTotal":503055.0,"producedTrx":0,"votes":1840665,"producePercentage":99.03690739388165,"brokerage":20,"votesPercentage":0.007591172928418107,"version":0},{"address":"TN8Y2ZztFHW3CrgPYQMK3BPp7VYiHKfvF9","name":"SexTronsAndRocknRoll","url":"https://twitter.com/TronsRocknRoll","producer":false,"latestBlockNumber":0.0,"latestSlotNumber":0.0,"missedTotal":0.0,"producedTotal":0.0,"producedTrx":0,"votes":1594959,"producePercentage":0.0,"brokerage":100,"votesPercentage":0.006577845280231229,"version":0},{"address":"TA43K3sTFYstnRu5ku7DtyzjsR4MLdUgEu","name":"TronMacau","url":"https://www.tronmacau.com","producer":false,"latestBlockNumber":0.0,"latestSlotNumber":0.0,"missedTotal":0.0,"producedTotal":0.0,"producedTrx":0,"votes":1304267,"producePercentage":0.0,"brokerage":0,"votesPercentage":0.0053789887577745535,"version":0},{"address":"TEsRRMAs4n1yBwzdMuTFEdaKsYANzprtUb","name":"NORA-IGI","url":"https://noraigi.com/en/home","producer":false,"latestBlockNumber":0.0,"latestSlotNumber":0.0,"missedTotal":0.0,"producedTotal":0.0,"producedTrx":0,"votes":1171524,"producePercentage":0.0,"brokerage":10,"votesPercentage":0.004831537120438588,"version":0},{"address":"TMwGtBQioBk2pjCsLWUaQ4rcQNf5DS6FLQ","name":"siqveland","url":"http://tronsiqveland.co.uk/","producer":false,"latestBlockNumber":0.0,"latestSlotNumber":0.0,"missedTotal":0.0,"producedTotal":0.0,"producedTrx":0,"votes":968278,"producePercentage":0.0,"brokerage":0,"votesPercentage":0.0039933207513495545,"version":0},{"address":"TWcebMiHwZbnt6viAtyVEG57bj7DWcZUPx","name":"whaleexbp","url":"https://www.whaleex.com","producer":false,"latestBlockNumber":0.0,"latestSlotNumber":0.0,"missedTotal":0.0,"producedTotal":0.0,"producedTrx":0,"votes":963216,"producePercentage":0.0,"brokerage":0,"votesPercentage":0.003972444319536241,"version":0},{"address":"TJQHeWxaxaSskBmi7EN19psRe5s9Xn8AcY","name":"mrlavman","url":"https://www.cityuptake.com","producer":false,"latestBlockNumber":0.0,"latestSlotNumber":0.0,"missedTotal":0.0,"producedTotal":0.0,"producedTrx":0,"votes":942670,"producePercentage":0.0,"brokerage":100,"votesPercentage":0.003887709596494689,"version":0},{"address":"TVGYho2v6mUhFMuhYy4sWx8BA79b4FzwSg","name":"AOCOINIO","url":"HTTPS://AOCOIN.IO","producer":false,"latestBlockNumber":0.0,"latestSlotNumber":0.0,"missedTotal":0.0,"producedTotal":0.0,"producedTrx":0,"votes":900163,"produc"
12:59:03.382 [TestNG-tests-1] DEBUG org.apache.http.wire -  << "ePercentage":0.0,"brokerage":0,"votesPercentage":0.003712404482490637,"version":0},{"address":"TBzwNEE7D3DdTB4wALiSBaMmpSK7jdoxYF","name":"TRONSiliconValley","url":"https://WINTokenGames.com","producer":false,"latestBlockNumber":4144662.0,"latestSlotNumber":5.14129269E8,"missedTotal":819.0,"producedTotal":104760.0,"producedTrx":0,"votes":811013,"producePercentage":99.22427755519564,"brokerage":20,"votesPercentage":0.0033447367827362144,"version":0},{"address":"TG519wQRpmBNSzVUiHVx6wkVZkLKmxTXxS","name":"ALLE_Exchange","url":"https://member.alleexchange.com","producer":false,"latestBlockNumber":5116518.0,"latestSlotNumber":5.15131163E8,"missedTotal":1002.0,"producedTotal":37122.0,"producedTrx":0,"votes":801813,"producePercentage":97.37173434057287,"brokerage":20,"votesPercentage":0.0033067946308827016,"version":0},{"address":"TAyVDZqhtymJq32itDSxdkRKTRTEb8kkXE","name":"","url":"http://test.com","producer":false,"latestBlockNumber":0.0,"latestSlotNumber":0.0,"missedTotal":0.0,"producedTotal":0.0,"producedTrx":0,"votes":778743,"producePercentage":0.0,"brokerage":100,"votesPercentage":0.003211650560963077,"version":0},{"address":"TKYW4wDGg3FcaAR8cP8sbmiU8RdZwcK7Bz","name":"WINTokenCommunity","url":"https://WinTokenGames.com","producer":false,"latestBlockNumber":4791405.0,"latestSlotNumber":5.14782404E8,"missedTotal":187.0,"producedTotal":23273.0,"producedTrx":0,"votes":644009,"producePercentage":99.20289855072464,"brokerage":20,"votesPercentage":0.0026559877470683784,"version":0},{"address":"TZ1ZBqgZ8PUdEk6dxEYwyZCqxYwHj9PmS2","name":"Metronix","url":"https://metronix.imba-exchange.co","producer":false,"latestBlockNumber":0.0,"latestSlotNumber":0.0,"missedTotal":0.0,"producedTotal":0.0,"producedTrx":0,"votes":438678,"producePercentage":0.0,"brokerage":0,"votesPercentage":0.001809172531608195,"version":0},{"address":"TLpWEwR5bXM1GBJ2P3BgXLa8DzWTGsaRPb","name":"TronShares","url":"http://tronshares.com","producer":false,"latestBlockNumber":0.0,"latestSlotNumber":0.0,"missedTotal":0.0,"producedTotal":0.0,"producedTrx":0,"votes":413318,"producePercentage":0.0,"brokerage":12,"votesPercentage":0.0017045841651945983,"version":0},{"address":"TWjGyMHSxx4pJ3V4ES5E4ANE2NWW9xcWcp","name":"TronVote","url":"https://tronvote.club","producer":false,"latestBlockNumber":0.0,"latestSlotNumber":0.0,"missedTotal":0.0,"producedTotal":0.0,"producedTrx":0,"votes":412807,"producePercentage":0.0,"brokerage":20,"votesPercentage":0.0017024767261079518,"version":0},{"address":"TFDEzwPqeyKyYGQrXtUTJqiLNKCqBHhVi6","name":"TronCommunityGroup","url":".","producer":false,"latestBlockNumber":0.0,"latestSlotNumber":0.0,"missedTotal":0.0,"producedTotal":0.0,"producedTrx":0,"votes":408495,"producePercentage":0.0,"brokerage":20,"votesPercentage":0.001684693404500088,"version":0},{"address":"TNddBi3qJv26Ghqqd3qb97ERx47AwMWhR6","name":"Segrith1","url":"https://www.baggi.co/","producer":false,"latestBlockNumber":0.0,"latestSlotNumber":0.0,"missedTotal":0.0,"producedTotal":0.0,"producedTrx":0,"votes":380161,"producePercentage":0.0,"brokerage":20,"votesPercentage":0.001567839825085149,"version":0},{"address":"TLxcpCwAPTnBVYYrL7JeQCohnLVAfnyQQf","name":"becometa","url":"https://kryptowaluty.org.pl","producer":false,"latestBlockNumber":0.0,"latestSlotNumber":0.0,"missedTotal":0.0,"producedTotal":0.0,"producedTrx":0,"votes":349102,"producePercentage":0.0,"brokerage":0,"votesPercentage":0.0014397479452570772,"version":0},{"address":"TCKLRjJmhFABs4Hbjy5S3DBFoytMQ95hS4","name":"GeoTreasureSR","url":"digitalgeotreasure.com/","producer":false,"latestBlockNumber":0.0,"latestSlotNumber":0.0,"missedTotal":0.0,"producedTotal":0.0,"producedTrx":0,"votes":340084,"producePercentage":0.0,"brokerage":0,"votesPercentage":0.0014025563881467531,"version":0},{"address":"TK9qME8revUZ2KfuZApTHwGqqXS9AoTuBX","name":"Tronhuborg","url":"https://tran.systems/tronhub/","producer":false,"latestBlockNumber":0.0,"latestSlotNumber":0.0,"missedTotal":0.0,"producedTotal":0.0,"producedTrx":0,"votes":339976,"producePercentage":0.0,"brokerage":20,"votesPercentage":0.0014021109802771685,"version":0},{"address":"TMXiQ2W35fDochXM6dDUrF3ZDnWR2uwcRW","name":"PHI-ECAFE","url":" https://www.phituasesor.com/smart-2/","producer":false,"latestBlockNumber":0.0,"latestSlotNumber":0.0,"missedTotal":0.0,"producedTotal":0.0,"producedTrx":0,"votes":336281,"producePercentage":0.0,"brokerage":0,"votesPercentage":0.0013868722573316542,"version":0},{"address":"TJPgacRkihkAxtsEgH3VY5R6fr8bqykf4j","name":"TronHope","url":"https://tronhope.org/","producer":false,"latestBlockNumber":0.0,"latestSlotNumber":0.0,"missedTotal":0.0,"producedTotal":0.0,"producedTrx":0,"votes":297537,"producePercentage":0.0,"brokerage":1,"votesPercentage":0.0012270863082650772,"version":0},{"address":"TMAbjAuefZqzJAyGhkn4AbWa3jinzcZtGc","name":"MLG-Global","url":"https://mlgblockchain.com","producer":false,"latestBlockNumber":1370030.0,"latestSlotNumber":5.11336789E8,"missedTotal":963.0,"producedTotal":16896.0,"producedTrx":0,"votes":221492,"producePercentage":94.60776079287754,"brokerage":20,"votesPercentage":9.134655541672077E-4,"version":0},{"address":"TX663KZ2dKmLvxhCnyY3rytowLNR4TmdVf","name":"MusicCasper","url":"https://www.musiccasper.com/","producer":false,"latestBlockNumber":0.0,"latestSlotNumber":0.0,"missedTotal":0.0,"producedTotal":0.0,"producedTrx":0,"votes":218677,"producePercentage":0.0,"brokerage":100,"votesPercentage":9.018560805294208E-4,"v"
12:59:03.382 [TestNG-tests-1] DEBUG org.apache.http.wire -  << "ersion":0},{"address":"TXUqMBAisbzUg3myoZys7q9wQqafyUUJib","name":"PYRO-Network","url":"https://pyro.network","producer":false,"latestBlockNumber":0.0,"latestSlotNumber":0.0,"missedTotal":0.0,"producedTotal":0.0,"producedTrx":0,"votes":185560,"producePercentage":0.0,"brokerage":20,"votesPercentage":7.652767062975957E-4,"version":0},{"address":"TYftfpnCitoxju9rMYx6XNegUHmFoPMary","name":"ReynaExchange","url":"https://reyna.exchange/","producer":false,"latestBlockNumber":0.0,"latestSlotNumber":0.0,"missedTotal":0.0,"producedTotal":0.0,"producedTrx":0,"votes":177999,"producePercentage":0.0,"brokerage":100,"votesPercentage":7.340940312797248E-4,"version":0},{"address":"TJX4T7AgfkvWbNAyWTxhgXrJv6Yed6BgDx","name":"TRON-MINING","url":"https://www.tron-mining.com","producer":false,"latestBlockNumber":0.0,"latestSlotNumber":0.0,"missedTotal":0.0,"producedTotal":0.0,"producedTrx":0,"votes":161593,"producePercentage":0.0,"brokerage":100,"votesPercentage":6.664332765722536E-4,"version":0},{"address":"TXnqPcy9zWHYyCiQ7Kmvt3aCx5jm9Qnq3e","name":"TRON-Want","url":"https://TRON-Want","producer":false,"latestBlockNumber":0.0,"latestSlotNumber":0.0,"missedTotal":0.0,"producedTotal":0.0,"producedTrx":0,"votes":161209,"producePercentage":0.0,"brokerage":0,"votesPercentage":6.648496041470634E-4,"version":0},{"address":"TKXnhSWxKAfYhsYLkh5wS8qUT1ESBbMSpn","name":"PROMO-NETWORK","url":"https://promo.network/","producer":false,"latestBlockNumber":0.0,"latestSlotNumber":0.0,"missedTotal":0.0,"producedTotal":0.0,"producedTrx":0,"votes":158783,"producePercentage":0.0,"brokerage":100,"votesPercentage":6.548444236691698E-4,"version":0},{"address":"TAKFctfLwhcUwU7PPfijB35GzpPuiph2XE","name":"oceanview","url":"https://twitter.com/mr_oceanview","producer":false,"latestBlockNumber":0.0,"latestSlotNumber":0.0,"missedTotal":0.0,"producedTotal":0.0,"producedTrx":0,"votes":151282,"producePercentage":0.0,"brokerage":100,"votesPercentage":6.239091974677347E-4,"version":0},{"address":"TSyG9BdjsGE2GoHG9eeYKMns6zMQFDmbvS","name":"TarquinRealEstate","url":"xreglobal.com","producer":false,"latestBlockNumber":0.0,"latestSlotNumber":0.0,"missedTotal":0.0,"producedTotal":0.0,"producedTrx":0,"votes":143832,"producePercentage":0.0,"brokerage":100,"votesPercentage":5.931843027602704E-4,"version":0},{"address":"TGnTYAB6XjLWoAGYXmDoLeLeX9X59JFBVK","name":"","url":"https://cobo.com","producer":false,"latestBlockNumber":0.0,"latestSlotNumber":0.0,"missedTotal":0.0,"producedTotal":0.0,"producedTrx":0,"votes":137713,"producePercentage":0.0,"brokerage":20,"votesPercentage":5.679486476307437E-4,"version":0},{"address":"THM4SAoJrNebe8zdQJ8d6eu41XFHHNbb8N","name":"CharityCompassionCoin-CCC","url":"https://CharityCompassionCoin.com","producer":false,"latestBlockNumber":0.0,"latestSlotNumber":0.0,"missedTotal":0.0,"producedTotal":0.0,"producedTrx":0,"votes":135353,"producePercentage":0.0,"brokerage":0,"votesPercentage":5.582156608509295E-4,"version":0},{"address":"TYTYuSyiEpxNsjakQSRmjiZAymvxoBbziH","name":"TronLabsRomania","url":"https://www.tronlabs.ro","producer":false,"latestBlockNumber":0.0,"latestSlotNumber":0.0,"missedTotal":0.0,"producedTotal":0.0,"producedTrx":0,"votes":132619,"producePercentage":0.0,"brokerage":40,"votesPercentage":5.469402431153311E-4,"version":0},{"address":"TTENv9A7zf543xdVmnaon42SqsGGd7L7p8","name":"Bankroll_Network","url":"https://bankroll.network","producer":false,"latestBlockNumber":0.0,"latestSlotNumber":0.0,"missedTotal":0.0,"producedTotal":0.0,"producedTrx":0,"votes":118205,"producePercentage":0.0,"brokerage":20,"votesPercentage":4.874947891135336E-4,"version":0},{"address":"TFcBLX6W4u7xAFYvcyUDEHT6Cy7GroVLfD","name":"TRONbet","url":"https://tronbet.com","producer":false,"latestBlockNumber":4259295.0,"latestSlotNumber":5.14245587E8,"missedTotal":1.0,"producedTotal":13060.0,"producedTrx":0,"votes":118184,"producePercentage":99.99234361840594,"brokerage":20,"votesPercentage":4.87408182027781E-4,"version":0},{"address":"TA8VRz8ofdpmqAvxTKDVGkQRHRWxmRTXGA","name":"TRONPADCOM","url":"https://tronpad.com","producer":false,"latestBlockNumber":0.0,"latestSlotNumber":0.0,"missedTotal":0.0,"producedTotal":0.0,"producedTrx":0,"votes":112463,"producePercentage":0.0,"brokerage":1,"votesPercentage":4.6381393738061273E-4,"version":0},{"address":"TZ8NZA6PPKSK2wHuFAo8vzf4VZnMtmDugF","name":"Surface-Foundation","url":"https://t.me/tron_my","producer":false,"latestBlockNumber":0.0,"latestSlotNumber":0.0,"missedTotal":0.0,"producedTotal":0.0,"producedTrx":0,"votes":108699,"producePercentage":0.0,"brokerage":25,"votesPercentage":4.482906482961972E-4,"version":0},{"address":"TNkRSKWP7VvdrisTwC8iNzUV6MRoEJh6xx","name":"Health-Port-EHR-Issuing-Account","url":"https://healthport.io/","producer":false,"latestBlockNumber":0.0,"latestSlotNumber":0.0,"missedTotal":0.0,"producedTotal":0.0,"producedTrx":0,"votes":105111,"producePercentage":0.0,"brokerage":100,"votesPercentage":4.3349320907332714E-4,"version":0},{"address":"TD4anu8auWfCDYqQpAEcLXVK6UgME9Jsid","name":"TronSecure-Super-Representative","url":"https://tronsecure.io","producer":false,"latestBlockNum"
12:59:03.382 [TestNG-tests-1] DEBUG org.apache.http.wire -  << "[\r][\n]"
12:59:03.382 [TestNG-tests-1] DEBUG org.apache.http.wire -  << "8000[\r][\n]"
12:59:03.382 [TestNG-tests-1] DEBUG org.apache.http.wire -  << "ber":0.0,"latestSlotNumber":0.0,"missedTotal":0.0,"producedTotal":0.0,"producedTrx":0,"votes":104018,"producePercentage":0.0,"brokerage":0,"votesPercentage":4.289855164672521E-4,"version":0},{"address":"TSRmKPv8kvokcHKfLeySQ3gNHyYrAAXrnc","name":"DAPPHOUSE","url":"http://dapps.house","producer":false,"latestBlockNumber":8387532.0,"latestSlotNumber":5.18435979E8,"missedTotal":2342.0,"producedTotal":250389.0,"producedTrx":0,"votes":100570,"producePercentage":99.07332301933677,"brokerage":20,"votesPercentage":4.1476545781606597E-4,"version":0},{"address":"TGiDnq7cxAFwProHPo8MFwhs7C5PU7EyJR","name":"1000WONG","url":"https://twitter.com/1000WONG","producer":false,"latestBlockNumber":0.0,"latestSlotNumber":0.0,"missedTotal":0.0,"producedTotal":0.0,"producedTrx":0,"votes":90408,"producePercentage":0.0,"brokerage":0,"votesPercentage":3.728558766056964E-4,"version":0},{"address":"TE7BWvxSPbsxZ5MVFFLfmkDnBw3MRFQGtw","name":"ProudBTC1nvest","url":"https://sites.google.com/view/proudbtc1nvest/startsida","producer":false,"latestBlockNumber":0.0,"latestSlotNumber":0.0,"missedTotal":0.0,"producedTotal":0.0,"producedTrx":0,"votes":83130,"producePercentage":0.0,"brokerage":0,"votesPercentage":3.428403351720151E-4,"version":0},{"address":"TAXZHpzFwGdqMzF7w8KkFhWkikGY12yUpk","name":"","url":"https://dexnode.net","producer":false,"latestBlockNumber":0.0,"latestSlotNumber":0.0,"missedTotal":0.0,"producedTotal":0.0,"producedTrx":0,"votes":82613,"producePercentage":0.0,"brokerage":20,"votesPercentage":3.407081512037253E-4,"version":0},{"address":"TTCrBKXyTCS2B5ktjivNtHiSyCPTCLWv3v","name":"TronVietNam","url":"https://www.tronvietnam.org","producer":false,"latestBlockNumber":0.0,"latestSlotNumber":0.0,"missedTotal":0.0,"producedTotal":0.0,"producedTrx":0,"votes":75808,"producePercentage":0.0,"brokerage":15,"votesPercentage":3.126433312729474E-4,"version":0},{"address":"TTuT2AG5q37f74zra7PjAApUmyVaXmFvC4","name":"RayboTron","url":"http://raybo.com","producer":false,"latestBlockNumber":8523378.0,"latestSlotNumber":5.18572799E8,"missedTotal":2326.0,"producedTotal":267142.0,"producedTrx":0,"votes":74940,"producePercentage":99.13681772974898,"brokerage":20,"votesPercentage":3.090635717285073E-4,"version":0},{"address":"TDdYEXqbqYGXaufkh2kiZhFQA3oi6A8yoi","name":"TronBoston","url":"https://www.tronboston.com","producer":false,"latestBlockNumber":0.0,"latestSlotNumber":0.0,"missedTotal":0.0,"producedTotal":0.0,"producedTrx":0,"votes":54303,"producePercentage":0.0,"brokerage":20,"votesPercentage":2.2395355131536073E-4,"version":0},{"address":"TDJ8A5jRuAmb2ctYvZcwtPQaGDv33sVbDD","name":"TronLottery","url":"https://tronlottery.io","producer":false,"latestBlockNumber":0.0,"latestSlotNumber":0.0,"missedTotal":0.0,"producedTotal":0.0,"producedTrx":0,"votes":30734,"producePercentage":0.0,"brokerage":100,"votesPercentage":1.2675153207237716E-4,"version":0},{"address":"TGBnYeW24FC9zcVmV3T2Vrz21hJQrHWfJW","name":"Swisstron","url":"https://www.tron.buzz","producer":false,"latestBlockNumber":0.0,"latestSlotNumber":0.0,"mi"
12:59:03.667 [TestNG-tests-1] DEBUG org.apache.http.wire -  << "ssedTotal":0.0,"producedTotal":0.0,"producedTrx":0,"votes":30095,"producePercentage":0.0,"brokerage":20,"votesPercentage":1.2411620217733424E-4,"version":0},{"address":"TMs377k86n2NXwoZoN6gNCf929u6BKdbvn","name":"odintron","url":"https://twitter.com/black0din","producer":false,"latestBlockNumber":0.0,"latestSlotNumber":0.0,"missedTotal":0.0,"producedTotal":0.0,"producedTrx":0,"votes":30016,"producePercentage":0.0,"brokerage":20,"votesPercentage":1.237903945690269E-4,"version":0},{"address":"TCf5cqLffPccEY7hcsabiFnMfdipfyryvr","name":"","url":"http://TronGr20.com","producer":false,"latestBlockNumber":1549970.0,"latestSlotNumber":5.1151678E8,"missedTotal":0.0,"producedTotal":56172.0,"producedTrx":0,"votes":29284,"producePercentage":100.0,"brokerage":20,"votesPercentage":1.2077151900850825E-4,"version":0},{"address":"TN9rYynDSPinTuvRg8G1TdrEjAc2f3X2dX","name":"Tron-France","url":"http://www.tron-france.com","producer":false,"latestBlockNumber":0.0,"latestSlotNumber":0.0,"missedTotal":0.0,"producedTotal":0.0,"producedTrx":0,"votes":22936,"producePercentage":0.0,"brokerage":20,"votesPercentage":9.459143422958425E-5,"version":0},{"address":"TBkF5gRmwxq4Zm4K7oBMHvfvUKxD8KYkJ5","name":"TRONJAPAN","url":"http://tronjapan.io","producer":false,"latestBlockNumber":0.0,"latestSlotNumber":0.0,"missedTotal":0.0,"producedTotal":0.0,"producedTrx":0,"vo"
12:59:03.667 [TestNG-tests-1] DEBUG org.apache.http.wire -  << "tes":20821,"producePercentage":0.0,"brokerage":20,"votesPercentage":8.586886345021686E-5,"version":0},{"address":"THX1ZF1CNdcDMNai2QUSYgdBmsECah6vtJ","name":"","url":"https://www.thz.net","producer":false,"latestBlockNumber":0.0,"latestSlotNumber":0.0,"missedTotal":0.0,"producedTotal":0.0,"producedTrx":0,"votes":20658,"producePercentage":0.0,"brokerage":11,"votesPercentage":8.519662749889917E-5,"version":0},{"address":"TU5gKG2QrysL4wmjM6ydonVDcEtupuVHCN","name":"DEXExchange-DEXCOIN","url":"https://dexexchange.us","producer":false,"latestBlockNumber":0.0,"latestSlotNumber":0.0,"missedTotal":0.0,"producedTotal":0.0,"producedTrx":0,"votes":19392,"producePercentage":0.0,"brokerage":100,"votesPercentage":7.997545747210053E-5,"version":0},{"address":"TCjwPyWLgry8dD8QCgpYv7cvKe6oK5PM1j","name":"theseusx","url":"https://theseusx.net","producer":false,"latestBlockNumber":0.0,"latestSlotNumber":0.0,"missedTotal":0.0,"producedTotal":0.0,"producedTrx":0,"votes":18082,"producePercentage":0.0,"brokerage":20,"votesPercentage":7.457282497991552E-5,"version":0},{"address":"TS4vTdFRNJCHZex8j7bozAiRXGXvtRjhAF","name":"TEAMHELIOS","url":"https://teamhelios.org/","producer":false,"latestBlockNumber":0.0,"latestSlotNumber":0.0,"missedTotal":0.0,"producedTotal":0.0,"producedTrx":0,"votes":13457,"producePercentage":0.0,"brokerage":100,"votesPercentage":5.549864537964403E-5,"version":0},{"address":"THWCmwMwtc97qDd1fqkeK8LBwSPgwTeq79","name":"NEOPLY-TRON","url":"https://www.neoply.com","producer":false,"latestBlockNumber":0.0,"latestSlotNumber":0.0,"missedTotal":0.0,"producedTotal":0.0,"producedTrx":0,"votes":12736,"producePercentage":0.0,"brokerage":100,"votesPercentage":5.252513543547197E-5,"version":0},{"address":"TN8jmSQv79QHa37cckKMguDyf3vAKtpvDs","name":"BlockChainRealEstate","url":"tronsr","producer":false,"latestBlockNumber":3908714.0,"latestSlotNumber":5.13892774E8,"missedTotal":0.0,"producedTotal":1065.0,"producedTrx":0,"votes":12230,"producePercentage":100.0,"brokerage":100,"votesPercentage":5.043831708352875E-5,"version":0},{"address":"TLTeJxavvgAC5opkDXfXfhRXp4thLfHL5p","name":"BitDogSR","url":"https://weibo.com/bitdog666","producer":false,"latestBlockNumber":3226491.0,"latestSlotNumber":5.1320879E8,"missedTotal":1.0,"producedTotal":27199.0,"producedTrx":0,"votes":12205,"producePercentage":99.99632352941177,"brokerage":20,"votesPercentage":5.0335213410013767E-5,"version":0},{"address":"TX3ZceVew6yLC5hWTXnjrUFtiFfUDGKGty","name":"","url":"http://TronGr18.com","producer":false,"latestBlockNumber":1492396.0,"latestSlotNumber":5.11459189E8,"missedTotal":0.0,"producedTotal":34565.0,"producedTrx":0,"votes":8758,"producePercentage":100.0,"brokerage":20,"votesPercentage":3.6119278905768"
12:59:03.667 [TestNG-tests-1] DEBUG org.apache.http.wire -  << "175E-5,"version":0},{"address":"TUpoK1NUFcXpVjn7AvTsSCAYwD559CEaxr","name":"TrIP4web","url":"https://trip4web.com","producer":false,"latestBlockNumber":0.0,"latestSlotNumber":0.0,"missedTotal":0.0,"producedTotal":0.0,"producedTrx":0,"votes":7070,"producePercentage":0.0,"brokerage":20,"votesPercentage":2.9157718870036654E-5,"version":0},{"address":"TQxyQu5d76MaxsEF4nBf9tFa8s93nSHe8M","name":"tronproio","url":"http://tronpro.io","producer":false,"latestBlockNumber":1305260.0,"latestSlotNumber":5.11271991E8,"missedTotal":1.0,"producedTotal":15194.0,"producedTrx":0,"votes":6859,"producePercentage":99.99341888779205,"brokerage":20,"votesPercentage":2.8287523865570212E-5,"version":0},{"address":"TLaqfGrxZ3dykAFps7M2B4gETTX1yixPgN","name":"","url":"http://TronGr17.com","producer":false,"latestBlockNumber":1650121.0,"latestSlotNumber":5.11617598E8,"missedTotal":8.0,"producedTotal":49765.0,"producedTrx":0,"votes":6831,"producePercentage":99.98392702871034,"brokerage":20,"votesPercentage":2.8172047751233432E-5,"version":0},{"address":"TRSZydUjAZaA5aMYA21J9iWriNF1q1bwzW","name":"TRONCanada","url":"https://www.troncanada.com/","producer":false,"latestBlockNumber":0.0,"latestSlotNumber":0.0,"missedTotal":0.0,"producedTotal":0.0,"producedTrx":0,"votes":6283,"producePercentage":0.0,"brokerage":20,"votesPercentage":2.591201522778505E-5,"version":0},{"address":"TUbPJqc7pw9iSkWC2a3dWJAThSnnesAwFq","name":"","url":"https://www.hashfin.com","producer":false,"latestBlockNumber":0.0,"latestSlotNumber":0.0,"missedTotal":0.0,"producedTotal":0.0,"producedTrx":0,"votes":6020,"producePercentage":0.0,"brokerage":20,"votesPercentage":2.4827364582407448E-5,"version":0},{"address":"TRKJzrZxN34YyB8aBqqPDt7g4fv6sieemz","name":"","url":"http://TronGr24.com","producer":false,"latestBlockNumber":1614750.0,"latestSlotNumber":5.1158158E8,"missedTotal":0.0,"producedTotal":21248.0,"producedTrx":0,"votes":6007,"producePercentage":100.0,"brokerage":20,"votesPercentage":2.4773750672179655E-5,"version":0},{"address":"THKJYuUmMKKARNf7s2VT51g5uPY6KEqnat","name":"","url":"http://TronGr1.com","producer":false,"latestBlockNumber":1621714.0,"latestSlotNumber":5.11588788E8,"missedTotal":0.0,"producedTotal":58297.0,"producedTrx":0,"votes":5783,"producePercentage":100.0,"brokerage":20,"votesPercentage":2.3849941757485423E-5,"version":0},{"address":"TLCuBEirVzB6V4menLZKw1jfBTFMZbuKq7","name":"","url":"https://game.com","producer":false,"latestBlockNumber":0.0,"latestSlotNumber":0.0,"missedTotal":0.0,"producedTotal":0.0,"producedTrx":0,"votes":5597,"producePercentage":0.0,"brokerage":20,"votesPercentage":2.3082850426533966E-5,"version":0},{"address":"TFuC2Qge4GxA2U9abKxk1pw3YZvGM5XRir","name":"","url":"http://TronGr11.com","producer":false,"latestBlockNumber":1463589.0,"latestSlotNumber":5.11430374E8,"missedTotal":5.0,"producedTotal":30041.0,"producedTrx":0,"votes":5501,"producePercentage":99.98335884976369,"brokerage":20,"votesPercentage":2.268693232023644E-5,"version":0},{"address":"TWwaKmzCGF4Hka99GHuR8Waz1mrEtkByeN","name":"TronInvestGroup","url":"https://www.troninvestgroup.org","producer":false,"latestBlockNumber":0.0,"latestSlotNumber":0.0,"missedTotal":0.0,"producedTotal":0.0,"producedTrx":0,"votes":5496,"producePercentage":0.0,"brokerage":100,"votesPercentage":2.2666311585533443E-5,"version":0},{"address":"TQQ6akqQfkUoB26PfnkLkEqKoh1BNvQoFs","name":"BitcoinWorld","url":"https://www.bitcoinworld.com/","producer":false,"latestBlockNumber":0.0,"latestSlotNumber":0.0,"missedTotal":0.0,"producedTotal":0.0,"producedTrx":0,"votes":5252,"producePercentage":0.0,"brokerage":20,"votesPercentage":2.166001973202723E-5,"version":0},{"address":"TLF5cNeWQKGUyDDHebQnLTfCNCKGCb4wiu","name":"TeamTronVIP","url":"https://tronvip.io","producer":false,"latestBlockNumber":0.0,"latestSlotNumber":0.0,"missedTotal":0.0,"producedTotal":0.0,"producedTrx":0,"votes":5109,"producePercentage":0.0,"brokerage":20,"votesPercentage":2.1070266719521537E-5,"version":0},{"address":"TWeZZDaDu63CebHsnDGUhsKAZ2cHz7uFJt","name":"NodeCapital","url":"http://www.nodecap.com/","producer":"
12:59:03.668 [TestNG-tests-1] DEBUG org.apache.http.wire -  << "false,"latestBlockNumber":0.0,"latestSlotNumber":0.0,"missedTotal":0.0,"producedTotal":0.0,"producedTrx":0,"votes":5056,"producePercentage":0.0,"brokerage":20,"votesPercentage":2.0851686931669778E-5,"version":0},{"address":"TYNh7Td8z7jga1tZYvkZvn4AKxq8aPmGZm","name":"genesiscap","url":"http://newgenesiscap.com/","producer":false,"latestBlockNumber":0.0,"latestSlotNumber":0.0,"missedTotal":0.0,"producedTotal":0.0,"producedTrx":0,"votes":5012,"producePercentage":0.0,"brokerage":20,"votesPercentage":2.067022446628341E-5,"version":0},{"address":"TH4nPzmbioavDew4GPxD4hHzsLXAetDFSA","name":"","url":"https://tron.34rth.com/","producer":false,"latestBlockNumber":0.0,"latestSlotNumber":0.0,"missedTotal":0.0,"producedTotal":0.0,"producedTrx":0,"votes":5004,"producePercentage":0.0,"brokerage":20,"votesPercentage":2.0637231290758616E-5,"version":0},{"address":"TWmYacoioZVVDn3jwVCd28sEJpJARyybSF","name":"BitTorrentNow","url":"http://bt.co","producer":false,"latestBlockNumber":0.0,"latestSlotNumber":0.0,"missedTotal":0.0,"producedTotal":0.0,"producedTrx":0,"votes":4470,"producePercentage":0.0,"brokerage":20,"votesPercentage":1.843493682447862E-5,"version":0},{"address":"TFYhSxKGD7Ysqi96wozmpGw5P3vC324Kem","name":"HelloWorld","url":"https://helloworldteam.org","producer":false,"latestBlockNumber":0.0,"latestSlotNumber":0.0,"missedTotal":0.0,"producedTotal":0.0,"producedTrx":0,"votes":4360,"producePercentage":0.0,"brokerage":20,"votesPercentage":1.7981280661012703E-5,"version":0},{"address":"TGK6iAKgBmHeQyp5hn3imB71EDnFPkXiPR","name":"","url":"http://TronGr16.com","producer":false,"latestBlockNumber":1542790.0,"latestSlotNumber":5.11509598E8,"missedTotal":559.0,"producedTotal":54023.0,"producedTrx":0,"votes":4236,"producePercentage":98.97585284526033,"brokerage":20,"votesPercentage":1.7469886440378398E-5,"version":0},{"address":"TM2WoRPjYAWjJuR6QSZgaGWkr2qDP2d6sA","name":"Tron-Man","url":"http://tron-man.com/","producer":false,"latestBlockNumber":0.0,"latestSlotNumber":0.0,"missedTotal":0.0,"producedTotal":0.0,"producedTrx":0,"votes":4100,"producePercentage":0.0,"brokerage":20,"votesPercentage":1.69090024564569E-5,"version":0},{"address":"TNHpUuakVeceLagF9k6j8HU9KruSQ23cXW","name":"TronWatch","url":"https://www.google.com/","producer":false,"latestBlockNumber":0.0,"latestSlotNumber":0.0,"missedTotal":0.0,"producedTotal":0.0,"producedTrx":0,"votes":3676,"producePercentage":0.0,"brokerage":100,"votesPercentage":1.516036415364282E-5,"version":0},{"address":"TNEqakRxoJ1YsLK2t5c57vZyWWbDpetq7y","name":"GameOfTron","url":"https://www.gameoftron.net/","producer":false,"latestBlockNumber":0.0,"latestSlotNumber":0.0,"missedTotal":0.0,"producedTotal":0.0,"producedTrx":0,"votes":3552,"producePercentage":0.0,"brokerage":20,"votesPercentage":1.4648969933008514E-5,"version":0},{"address":"TNGoca1VHC6Y5Jd2B1VFpFEhizVk92Rz85","name":"","url":"http://TronGr12.com","producer":false,"latestBlockNumber":1492394.0,"latestSlotNumber":5.11459187E8,"missedTotal":0.0,"producedTotal":46832.0,"producedTrx":0,"votes":3365,"producePercentage":100.0,"brokerage":20,"votesPercentage":1.3877754455116454E-5,"version":0},{"address":"TK6V5Pw2UWQWpySnZyCDZaAvu1y48oRgXN","name":"","url":"http://TronGr6.com","producer":false,"latestBlockNumber":1513988.0,"latestSlotNumber":5.11480787E8,"missedTotal":1.0,"producedTotal":55640.0,"producedTrx":0,"votes":3257,"producePercentage":99.99820276414873,"brokerage":20,"votesPercentage":1.3432346585531738E-5,"version":0},{"address":"TYy6xnc35LkyEuU9fJv4x89vkhLZim1yJv","name":"EtherPoker","url":"http://www.etherpoker.cc","producer":false,"latestBlockNumber":3548904.0,"latestSlotNumber":5.1353279E8,"missedTotal":249.0,"producedTotal":69878.0,"producedTrx":0,"votes":3089,"producePercentage":99.64492991287236,"brokerage":20,"votesPercentage":1.2739489899511065E-5,"version":0},{"address":"TVDmPWGYxgi5DNeW8hXrzrhY8Y6zgxPNg4","name":"","url":"http://TronGr2.com","producer":false,"latestBlockNumber":1549967.0,"latestSlotNumber":5.11516777E8,"missedTotal":2.0,"producedTotal":53764.0,"producedTrx":0,"votes":3050,"produceP"
12:59:03.668 [TestNG-tests-1] DEBUG org.apache.http.wire -  << "ercentage":99.99628017706357,"brokerage":20,"votesPercentage":1.2578648168827693E-5,"version":0},{"address":"TGgF85TNinitZZ1zTf1bKbUyTByAxHLd7G","name":"HOLDTRON","url":"https://t.me/joinchat/F5QrYU9C8y-nAN2w0M327Q","producer":false,"latestBlockNumber":0.0,"latestSlotNumber":0.0,"missedTotal":0.0,"producedTotal":0.0,"producedTrx":0,"votes":2926,"producePercentage":0.0,"brokerage":20,"votesPercentage":1.2067253948193388E-5,"version":0},{"address":"TDarXEG2rAD57oa7JTK785Yb2Et32UzY32","name":"","url":"http://TronGr4.com","producer":false,"latestBlockNumber":1513990.0,"latestSlotNumber":5.11480789E8,"missedTotal":0.0,"producedTotal":53772.0,"producedTrx":0,"votes":2731,"producePercentage":100.0,"brokerage":20,"votesPercentage":1.1263045294776534E-5,"version":0},{"address":"TMXamLGmArfCEFoVXbrvbyXpzMT2Tq1FBy","name":"DEXExchange-DEXCOIN-XDEX","url":"Change Your Vote From This SR Position, To Our New SR Position: \"DEXExchange-DEXCOIN\"","producer":false,"latestBlockNumber":0.0,"latestSlotNumber":0.0,"missedTotal":0.0,"producedTotal":0.0,"producedTrx":0,"votes":2453,"producePercentage":0.0,"brokerage":100,"votesPercentage":1.0116532445289945E-5,"version":0},{"address":"TWm3id3mrQ42guf7c4oVpYExyTYnEGy3JL","name":"","url":"http://TronGr9.com","producer":false,"latestBlockNumber":1362829.0,"latestSlotNumber":5.11329585E8,"missedTotal":0.0,"producedTotal":47904.0,"producedTrx":0,"votes":2452,"producePercentage":100.0,"brokerage":20,"votesPercentage":1.0112408298349346E-5,"version":0},{"address":"TEuVwDCt4qGehQTg7DJEC1EsJHpTkWHhqJ","name":"MEG4TRON","url":"http://www.meg4tron.com/","producer":false,"latestBlockNumber":0.0,"latestSlotNumber":0.0,"missedTotal":0.0,"producedTotal":0.0,"producedTrx":0,"votes":2042,"producePercentage":0.0,"brokerage":20,"votesPercentage":8.421508052703656E-6,"version":0},{"address":"TRLnLri5w7q9VigSeTJEjog4RuVtwoqvCr","name":"","url":"https://mdt.co","producer":false,"latestBlockNumber":0.0,"latestSlotNumber":0.0,"missedTotal":0.0,"producedTotal":0.0,"producedTrx":0,"votes":2001,"producePercentage":0.0,"brokerage":20,"votesPercentage":8.252418028139087E-6,"version":0},{"address":"TEEzguTtCihbRPfjf1CvW8Euxz1kKuvtR9","name":"","url":"http://TronGr14.com","producer":false,"latestBlockNumber":760520.0,"latestSlotNumber":5.10724788E8,"missedTotal":0.0,"producedTotal":27117.0,"producedTrx":0,"votes":1839,"producePercentage":100.0,"brokerage":20,"votesPercentage":7.584306223762008E-6,"version":0},{"address":"TRE6JANcQBfmXTDooRyStoALZNWvEgNpsE","name":"Tronbite","url":" ","producer":false,"latestBlockNumber":1.3998453E7,"latestSlotNumber":5.24080797E8,"missedTotal":426.0,"producedTotal":102241.0,"producedTrx":0,"votes":1643,"producePercentage":99.585066282"
12:59:03.668 [TestNG-tests-1] DEBUG org.apache.http.wire -  << "25233,"brokerage":100,"votesPercentage":6.775973423404557E-6,"version":0},{"address":"TRMP6SKeFUt5NtMLzJv8kdpYuHRnEGjGfe","name":"","url":"http://TronGr25.com","producer":false,"latestBlockNumber":1542791.0,"latestSlotNumber":5.11509599E8,"missedTotal":11.0,"producedTotal":18571.0,"producedTrx":0,"votes":1626,"producePercentage":99.9408029275643,"brokerage":20,"votesPercentage":6.705862925414371E-6,"version":0},{"address":"TSkXBuJBsnjdVFADqU2CsmD6YaCuxN7AHe","name":"","url":"https://antpool.com","producer":false,"latestBlockNumber":0.0,"latestSlotNumber":0.0,"missedTotal":0.0,"producedTotal":0.0,"producedTrx":0,"votes":1589,"producePercentage":0.0,"brokerage":20,"votesPercentage":6.553269488612198E-6,"version":0},{"address":"TEVAq8dmSQyTYK7uP1ZnZpa6MBVR83GsV6","name":"","url":"http://TronGr23.com","producer":false,"latestBlockNumber":1557177.0,"latestSlotNumber":5.1152399E8,"missedTotal":0.0,"producedTotal":19115.0,"producedTrx":0,"votes":1525,"producePercentage":100.0,"brokerage":20,"votesPercentage":6.2893240844138465E-6,"version":0},{"address":"TAa14iLEKPAetX49mzaxZmH6saRxcX7dT5","name":"","url":"http://TronGr21.com","producer":false,"latestBlockNumber":1614751.0,"latestSlotNumber":5.11581581E8,"missedTotal":0.0,"producedTotal":28449.0,"producedTrx":0,"votes":1501,"producePercentage":100.0,"brokerage":20,"votesPercentage":6.190344557839464E-6,"version":0},{"address":"TDEhi48MepJYzdb2XfEKe294prSiMssmTx","name":"trongalaxy","url":"http://www.trongalaxy.io","producer":false,"latestBlockNumber":0.0,"latestSlotNumber":0.0,"missedTotal":0.0,"producedTotal":0.0,"producedTrx":0,"votes":1405,"producePercentage":0.0,"brokerage":20,"votesPercentage":5.794426451541937E-6,"version":0},{"address":"TBzaVm3e3QmoaG5xjR98DNqZE9bYwqgZcg","name":"BitcoinGOD","url":"https://trx.bitcoingod.org","producer":false,"latestBlockNumber":0.0,"latestSlotNumber":0.0,"missedTotal":0.0,"producedTotal":0.0,"producedTrx":0,"votes":1370,"producePercentage":0.0,"brokerage":20,"votesPercentage":5.650081308620964E-6,"version":0},{"address":"TVsofxarmK6TYPzF7QkYsKxUhYtKFzrsRW","name":"COINHEIO","url":"https://coinhe.io","producer":false,"latestBlockNumber":0.0,"latestSlotNumber":0.0,"missedTotal":0.0,"producedTotal":0.0,"producedTrx":0,"votes":1357,"producePercentage":0.0,"brokerage":20,"votesPercentage":5.596467398393174E-6,"version":0},{"address":"TFuWG1FeQ3CXTsXnuydHahy3JsZZy11w5M","name":"Lucky2019YearOfThePig","url":"https://globalricetoken.wixsite.com/grttoken","producer":false,"latestBlockNumber":0.0,"latestSlotNumber":0.0,"missedTotal":0.0,"producedTotal":0.0,"producedTrx":0,"votes":1312,"producePercentage":0.0,"brokerage":20,"votesPercentage":5.410880786066208E-6,"version":0},{"address":"TJz3YaEaeceU3qhsanaomQp9oomR2Rbecf","name":"Tronix_Global","url":"www.tronixglobal.com","producer":false,"latestBlockNumber":0.0,"latestSlotNumber":0.0,"missedTotal":0.0,"producedTotal":0.0,"producedTrx":0,"votes":1222,"producePercentage":0.0,"brokerage":97,"votesPercentage":5.0397075614122755E-6,"version":0},{"address":"TDbNE1VajxjpgM5p7FyGNDASt3UVoFbiD3","name":"","url":"http://TronGr26.com","producer":false,"latestBlockNumber":1104788.0,"latestSlotNumber":5.11070388E8,"missedTotal":0.0,"producedTotal":24711.0,"producedTrx":0,"votes":1214,"producePercentage":100.0,"brokerage":20,"votesPercentage":5.006714385887481E-6,"version":0},{"address":"TTyNZXwUjF9g8us4HUgEXMvNuzRkcvopbL","name":"TRONBITCOIN","url":"http://tronbitcoin.io","producer":false,"latestBlockNumber":0.0,"latestSlotNumber":0.0,"missedTotal":0.0,"producedTotal":0.0,"producedTrx":0,"votes":1176,"producePercentage":0.0,"brokerage":100,"votesPercentage":4.849996802144711E-6,"version":0},{"address":"TNi5gk1xVLR3QddJ5t6ReraYed63WjWGPj","name":"smoksolutios","url":"ffgtrgh","producer":false,"latestBlockNumber":0.0,"latestSlotNumber":0.0,"missedTotal":0.0,"producedTotal":0.0,"producedTrx":0,"votes":1158,"producePercentage":0.0,"brokerage":20,"votesPercentage":4.775762157213924E-6,"version":0},{"address":"TBWMoK75hMmjRUtDrEEweA7g8nkSPUzDjG","name":"","url":"http://www.ocoins.cc/","pro"
12:59:03.668 [TestNG-tests-1] DEBUG org.apache.http.wire -  << "ducer":false,"latestBlockNumber":0.0,"latestSlotNumber":0.0,"missedTotal":0.0,"producedTotal":0.0,"producedTrx":0,"votes":1087,"producePercentage":0.0,"brokerage":20,"votesPercentage":4.4829477244313776E-6,"version":0},{"address":"TQ4EtNraCeAh4xkw7xLGiWZMbtMtbBv7Bj","name":"TronTexas","url":"https://trontx.com","producer":false,"latestBlockNumber":0.0,"latestSlotNumber":0.0,"missedTotal":0.0,"producedTotal":0.0,"producedTrx":0,"votes":1078,"producePercentage":0.0,"brokerage":20,"votesPercentage":4.445830401965985E-6,"version":0},{"address":"TCvwc3FV3ssq2rD82rMmjhT4PVXYTsFcKV","name":"","url":"http://TronGr10.com","producer":false,"latestBlockNumber":1076255.0,"latestSlotNumber":5.11041581E8,"missedTotal":0.0,"producedTotal":26298.0,"producedTrx":0,"votes":1000,"producePercentage":100.0,"brokerage":20,"votesPercentage":4.124146940599244E-6,"version":0},{"address":"TGXRA72hwr47NDezgfSqhBJczxsYFQcK2H","name":"","url":"http://VeganIS.ME/","producer":false,"latestBlockNumber":0.0,"latestSlotNumber":0.0,"missedTotal":0.0,"producedTotal":0.0,"producedTrx":0,"votes":877,"producePercentage":0.0,"brokerage":20,"votesPercentage":3.616876866905537E-6,"version":0},{"address":"TTTZFEVSxpZ8gVHwJVs6yhzBuN4xbHuoES","name":"--BANK--","url":"www.tbd.com","producer":false,"latestBlockNumber":0.0,"latestSlotNumber":0.0,"missedTotal":0.0,"producedTotal":0.0,"producedTrx":0,"votes":876,"producePercentage":0.0,"brokerage":20,"votesPercentage":3.6127527199649375E-6,"version":0},{"address":"THWeUoi3HYEnLDXigeyejjFSFAMaAJGnDU","name":"TronicStorm","url":"VoteTronicStorm","producer":false,"latestBlockNumber":0.0,"latestSlotNumber":0.0,"missedTotal":0.0,"producedTotal":0.0,"producedTrx":0,"votes":864,"producePercentage":0.0,"brokerage":15,"votesPercentage":3.5632629566777468E-6,"version":0},{"address":"TUHkTGbNAYWVbJ8WCcUJj66ui1nrFd9k2m","name":"Huxliumworkforce","url":"https://huxlium.org","producer":false,"latestBlockNumber":0.0,"latestSlotNumber":0.0,"missedTotal":0.0,"producedTotal":0.0,"producedTrx":0,"votes":844,"producePercentage":0.0,"brokerage":100,"votesPercentage":3.4807800178657617E-6,"version":0},{"address":"TGK8YYb9bJVnkw2hRFG1FyNVvXuqkWB4VD","name":"TronGameGlobal","url":"https://trongameglobal.network","producer":false,"latestBlockNumber":0.0,"latestSlotNumber":0.0,"missedTotal":0.0,"producedTotal":0.0,"producedTrx":0,"votes":804,"producePercentage":0.0,"brokerage":20,"votesPercentage":3.315814140241792E-6,"version":0},{"address":"TQq5ynrFUoDt338dXSWM4abFfF8YQ1PysX","name":"TRXKings","url":"https://www.trxkings.com","producer":false,"latestBlockNumber":0.0,"latestSlotNumber":0.0,"missedTotal":0.0,"producedTotal":0.0,"producedTrx":0,"votes":752,"producePercentage":0.0,"brokerage""
12:59:03.668 [TestNG-tests-1] DEBUG org.apache.http.wire -  << ":20,"votesPercentage":3.1013584993306317E-6,"version":0},{"address":"TQNCne1UuKFmihsHjzebNSob7nS9xk9JNL","name":"","url":"https://TRXGUARDIAN.ORG","producer":false,"latestBlockNumber":0.0,"latestSlotNumber":0.0,"missedTotal":0.0,"producedTotal":0.0,"producedTrx":0,"votes":750,"producePercentage":0.0,"brokerage":20,"votesPercentage":3.093110205449433E-6,"version":0},{"address":"TYEYCoYyKdH2zekWo7fy77sALpQJmSTixr","name":"Tron-DAG","url":"http://www.dagbvi.com","producer":false,"latestBlockNumber":0.0,"latestSlotNumber":0.0,"missedTotal":0.0,"producedTotal":0.0,"producedTrx":0,"votes":652,"producePercentage":0.0,"brokerage":20,"votesPercentage":2.688943805270707E-6,"version":0},{"address":"TG6Nn9pnTv6XLKqoda1CHpaEYYFfyLS9T6","name":"JDI-Venture","url":"http://jdi.group","producer":false,"latestBlockNumber":0.0,"latestSlotNumber":0.0,"missedTotal":0.0,"producedTotal":0.0,"producedTrx":0,"votes":645,"producePercentage":0.0,"brokerage":20,"votesPercentage":2.660074776686512E-6,"version":0},{"address":"TEbYtf3gRudzLGEGhfqxkVuUWsNAqmjCLi","name":"RoboCoin","url":"https://www.robocoinexchange.com","producer":false,"latestBlockNumber":0.0,"latestSlotNumber":0.0,"missedTotal":0.0,"producedTotal":0.0,"producedTrx":0,"votes":640,"producePercentage":0.0,"brokerage":20,"votesPercentage":2.639454041983516E-6,"version":0},{"address":"TFsgyrtVwUFdc5uZSprhyBJNQzpuoMXjwC","name":"TRONCAMBODIA","url":"https://tronkh.org","producer":false,"latestBlockNumber":0.0,"latestSlotNumber":0.0,"missedTotal":0.0,"producedTotal":0.0,"producedTrx":0,"votes":621,"producePercentage":0.0,"brokerage":20,"votesPercentage":2.5610952501121305E-6,"version":0},{"address":"TC1ZCj9Ne3j5v3TLx5ZCDLD55MU9g3XqQW","name":"","url":"http://TronGr8.com","producer":false,"latestBlockNumber":1650122.0,"latestSlotNumber":5.11617599E8,"missedTotal":1.0,"producedTotal":47910.0,"producedTrx":0,"votes":611,"producePercentage":99.99791279664377,"brokerage":20,"votesPercentage":2.5198537807061378E-6,"version":0},{"address":"TGZdwPPqsR3B9JghJryozpBtZz3kbDEjGM","name":"MyTronScan-FullNode","url":"https://DoNotVote-Not-Active-SR","producer":false,"latestBlockNumber":0.0,"latestSlotNumber":0.0,"missedTotal":0.0,"producedTotal":0.0,"producedTrx":0,"votes":600,"producePercentage":0.0,"brokerage":20,"votesPercentage":2.474488164359546E-6,"version":0},{"address":"TDpzrQUkUuMBsx67HXByZZNT6u9PUvbifE","name":"","url":"http://www.linkvc.com/","producer":false,"latestBlockNumber":0.0,"latestSlotNumber":0.0,"missedTotal":0.0,"producedTotal":0.0,"producedTrx":0,"votes":600,"producePercentage":0.0,"brokerage":20,"votesPercentage":2.474488164359546E-6,"version":0},{"address":"TDGAnbNhYA1dsbPSF2RBNEu1fz4c2vRWbU","name":"Muse_Incorporated","url"
12:59:03.668 [TestNG-tests-1] DEBUG org.apache.http.wire -  << "":"https://www.museprotocol.com","producer":false,"latestBlockNumber":0.0,"latestSlotNumber":0.0,"missedTotal":0.0,"producedTotal":0.0,"producedTrx":0,"votes":580,"producePercentage":0.0,"brokerage":20,"votesPercentage":2.3920052255475614E-6,"version":0},{"address":"TBYsHxDmFaRmfCF3jZNmgeJE8sDnTNKHbz","name":"","url":"http://TronGr22.com","producer":false,"latestBlockNumber":1593157.0,"latestSlotNumber":5.11559981E8,"missedTotal":0.0,"producedTotal":21773.0,"producedTrx":0,"votes":529,"producePercentage":100.0,"brokerage":20,"votesPercentage":2.181673731577E-6,"version":0},{"address":"TTxt1K49riY6FvAkk84xJzBEBPtMbFa85M","name":"BittrexStaking","url":"https://global.bittrex.com/","producer":false,"latestBlockNumber":0.0,"latestSlotNumber":0.0,"missedTotal":0.0,"producedTotal":0.0,"producedTrx":0,"votes":513,"producePercentage":0.0,"brokerage":20,"votesPercentage":2.1156873805274117E-6,"version":0},{"address":"TSeJtWDCowLuYnibVsZVr3N2U3ypVap5hG","name":"TronSwap","url":"https://tronswap.io","producer":false,"latestBlockNumber":0.0,"latestSlotNumber":0.0,"missedTotal":0.0,"producedTotal":0.0,"producedTrx":0,"votes":510,"producePercentage":0.0,"brokerage":20,"votesPercentage":2.1033149397056144E-6,"version":0},{"address":"TNRKgJ6Le7xLsewFayFonaVhftxV5KNVnC","name":"TRONIUM-SR","url":"http://www.tronium.net","producer":false,"latestBlockNum"
12:59:03.668 [TestNG-tests-1] DEBUG org.apache.http.wire -  << "ber":0.0,"latestSlotNumber":0.0,"missedTotal":0.0,"producedTotal":0.0,"producedTrx":0,"votes":505,"producePercentage":0.0,"brokerage":20,"votesPercentage":2.0826942050026178E-6,"version":0},{"address":"TJuRfL3tRdSQvVPKDXi6FRivcbZpsbz7AD","name":"ApexInformatics","url":"http://www.apexinformatics.com","producer":false,"latestBlockNumber":0.0,"latestSlotNumber":0.0,"missedTotal":0.0,"producedTotal":0.0,"producedTrx":0,"votes":502,"producePercentage":0.0,"brokerage":20,"votesPercentage":2.0703217641808204E-6,"version":0},{"address":"TKEppdcqcY73hgeL9ogta6ZoXR1jfzA2gV","name":"","url":"http://d2fapp.com","producer":false,"latestBlockNumber":0.0,"latestSlotNumber":0.0,"missedTotal":0.0,"producedTotal":0.0,"producedTrx":0,"votes":501,"producePercentage":0.0,"brokerage":20,"votesPercentage":2.066197617240221E-6,"version":0},{"address":"TRni6NxF8CQVcywcDm67sEpCYCo7BUGXCD","name":"FreeSpace","url":"https://youtu.be/pWhw_NjVV68","producer":false,"latestBlockNumber":0.0,"latestSlotNumber":0.0,"missedTotal":0.0,"producedTotal":0.0,"producedTrx":0,"votes":498,"producePercentage":0.0,"brokerage":20,"votesPercentage":2.0538251764184233E-6,"version":0},{"address":"TJE3hXDseyEgwv31QzysrNBJyDjEhVDBVQ","name":"PRESIDENT","url":"Https://www.numeriuno.eu","producer":false,"latestBlockNumber":0.0,"latestSlotNumber":0.0,"missedTotal":0.0,"producedTotal":0.0,"
12:59:03.668 [TestNG-tests-1] DEBUG org.apache.http.wire -  << ""producedTrx":0,"votes":407,"producePercentage":0.0,"brokerage":20,"votesPercentage":1.678527804823892E-6,"version":0},{"address":"TZ2iD3EW2fGSkez7zZXEo7VwXhQPPXRkVR","name":"rewards-for-all-not-just-for-SR","url":"http://bit.ly/libertytron","producer":false,"latestBlockNumber":0.0,"latestSlotNumber":0.0,"missedTotal":0.0,"producedTotal":0.0,"producedTrx":0,"votes":362,"producePercentage":0.0,"brokerage":20,"votesPercentage":1.4929411924969261E-6,"version":0},{"address":"TLCjmH6SqGK8twZ9XrBDWpBbfyvEXihhNS","name":"","url":"http://TronGr13.com","producer":false,"latestBlockNumber":1571564.0,"latestSlotNumber":5.11538381E8,"missedTotal":0.0,"producedTotal":24448.0,"producedTrx":0,"votes":340,"producePercentage":100.0,"brokerage":20,"votesPercentage":1.402209959803743E-6,"version":0},{"address":"TLTDZBcPoJ8tZ6TTEeEqEvwYFk2wgotSfD","name":"","url":"http://TronGr27.com","producer":false,"latestBlockNumber":1513987.0,"latestSlotNumber":5.11480786E8,"missedTotal":0.0,"producedTotal":30838.0,"producedTrx":0,"votes":315,"producePercentage":100.0,"brokerage":20,"votesPercentage":1.2991062862887617E-6,"version":0},{"address":"TDirsgwgL8i95nzQqyPZ6XuHv9jvJQfTmF","name":"vongabau","url":"http://hqn.vn","producer":false,"latestBlockNumber":0.0,"latestSlotNumber":0.0,"missedTotal":0.0,"producedTotal":0.0,"producedTrx":0,"votes":300,"producePercentage"
12:59:03.668 [TestNG-tests-1] DEBUG org.apache.http.wire -  << "":0.0,"brokerage":20,"votesPercentage":1.237244082179773E-6,"version":0},{"address":"TNaMNHgtqS763tXwbzGDRhn5qUL9RwfcTn","name":"TronixInternational","url":"https://tronix.international/","producer":false,"latestBlockNumber":0.0,"latestSlotNumber":0.0,"missedTotal":0.0,"producedTotal":0.0,"producedTrx":0,"votes":300,"producePercentage":0.0,"brokerage":20,"votesPercentage":1.237244082179773E-6,"version":0},{"address":"TNfqpGrR3v4bQo8jemVyEpiUGFipQxj8sH","name":"TheProphet","url":"www.dtroynx.com","producer":false,"latestBlockNumber":0.0,"latestSlotNumber":0.0,"missedTotal":0.0,"producedTotal":0.0,"producedTrx":0,"votes":250,"producePercentage":0.0,"brokerage":20,"votesPercentage":1.031036735149811E-6,"version":0},{"address":"TTDY8aQQizYCHA7qdmgtLgPNEe2YWEfPZa","name":"TEAMX-SR","url":"https://www.teamx.com","producer":false,"latestBlockNumber":3966296.0,"latestSlotNumber":5.13950399E8,"missedTotal":2.0,"producedTotal":17850.0,"producedTrx":0,"votes":200,"producePercentage":99.98879677347075,"brokerage":100,"votesPercentage":8.248293881198487E-7,"version":0},{"address":"TMNUDeyr6ZEW8vHAUnaKi2Bbgi14TPq63q","name":"","url":"https://cobo.com","producer":false,"latestBlockNumber":0.0,"latestSlotNumber":0.0,"missedTotal":0.0"
12:59:03.668 [TestNG-tests-1] DEBUG org.apache.http.wire -  << "[\r][\n]"
12:59:03.668 [TestNG-tests-1] DEBUG org.apache.http.wire -  << "3f1f[\r][\n]"
12:59:03.668 [TestNG-tests-1] DEBUG org.apache.http.wire -  << ","producedTotal":0.0,"producedTrx":0,"votes":167,"producePercentage":0.0,"brokerage":20,"votesPercentage":6.887325390800737E-7,"version":0},{"address":"TA5Ub5djuEe8naTMxyXyRoKjemqFiE3RmC","name":"FireKrakenMedia","url":"https://firekraken.media","producer":false,"latestBlockNumber":0.0,"latestSlotNumber":0.0,"missedTotal":0.0,"producedTotal":0.0,"producedTrx":0,"votes":163,"producePercentage":0.0,"brokerage":100,"votesPercentage":6.722359513176767E-7,"version":0},{"address":"TX9nw7PXpGHLqRNMWmj8izyNvzy7JU5qXi","name":"TronCenter","url":"http://www.troncenter.com","producer":false,"latestBlockNumber":0.0,"latestSlotNumber":0.0,"missedTotal":0.0,"producedTotal":0.0,"producedTrx":0,"votes":159,"producePercentage":0.0,"brokerage":20,"votesPercentage":6.557393635552797E-7,"version":0},{"address":"TSQ8c97uCRG5ZugLDZ8jdbhtktNLgh6f26","name":"AurumCryptoCompany","url":" ","producer":false,"latestBlockNumber":0.0,"latestSlotNumber":0.0,"missedTotal":0.0,"producedTotal":0.0,"producedTrx":0,"votes":140,"producePercentage":0.0,"brokerage":20,"votesPercentage":5.773805716838941E-7,"version":0},{"address":"TZHvwiw9cehbMxrtTbmAexm9oPo4eFFvLS","name":"","url":"http://TronGr15.com","producer":false,"latestBlockNumber":1549971.0,"latestSlotNumber":5.11516781E8,"missedTotal":0.0,"producedTotal":25516.0,"producedTrx":0,"votes":125,"producePercentage":100.0,"brokerage":20,"votesPercentage":5.155183675749055E-7,"version":0},{"address":"TAEw4zwwYMiDcWFC9xQrLP9moMi34YA"
12:59:03.668 [TestNG-tests-1] DEBUG org.apache.http.wire -  << "Zbz","name":"","url":"http://imcash.io","producer":false,"latestBlockNumber":0.0,"latestSlotNumber":0.0,"missedTotal":0.0,"producedTotal":0.0,"producedTrx":0,"votes":114,"producePercentage":0.0,"brokerage":100,"votesPercentage":4.701527512283138E-7,"version":0},{"address":"TVQ6wERJ4YBd1TqH9bdYT1VV93CP393eiT","name":"TRON-Bet","url":"https://www.tronbet.io","producer":false,"latestBlockNumber":1.7306496E7,"latestSlotNumber":5.27392798E8,"missedTotal":0.0,"producedTotal":800.0,"producedTrx":0,"votes":113,"producePercentage":100.0,"brokerage":20,"votesPercentage":4.6602860428771456E-7,"version":0},{"address":"TK1Q72E87K9T8evFW2ucBGByf96WEbX777","name":"MolotovLab","url":"https://molotovlab.com","producer":false,"latestBlockNumber":0.0,"latestSlotNumber":0.0,"missedTotal":0.0,"producedTotal":0.0,"producedTrx":0,"votes":107,"producePercentage":0.0,"brokerage":20,"votesPercentage":4.4128372264411905E-7,"version":0},{"address":"TSeU7Sa22kRVo2gUSt47S6PiW8NRktPt8o","name":"a4ooooooo","url":"https://a4oo.ml","producer":false,"latestBlockNumber":0.0,"latestSlotNumber":0.0,"missedTotal":0.0,"producedTotal":0.0,"producedTrx":0,"votes":106,"producePercentage":0.0,"brokerage":20,"votesPercentage":4.371595757035198E-7,"version":0},{"address":"TVMC8C7Y4f4ABr48PJencVdunVVB4XUW96","name":"","url":"https://dootron.com/en/home","producer":false,"latestBlockNumber":0.0,"latestSlotNumber":0.0,"missedTotal":0.0,"producedTotal":0.0,"producedTrx":0,"votes":106,"producePercentage":0.0,"brokerage":20,"votesPercentage":4.371595757035198E-7,"version":0},{"address":"TZBABURn1nNxw63QiezbTvhRPmFjomSz2Q","name":"RB-Main-L","url":"https://cryptotalkers.com","producer":false,"latestBlockNumber":0.0,"latestSlotNumber":0.0,"missedTotal":0.0,"producedTotal":0.0,"producedTrx":0,"votes":105,"producePercentage":0.0,"brokerage":20,"votesPercentage":4.3303542876292057E-7,"version":0},{"address":"TAmFfS4Tmm8yKeoqZN8x51ASwdQBdnVizt","name":"","url":"http://TronGr5.com","producer":false,"latestBlockNumber":1226106.0,"latestSlotNumber":5.111928E8,"missedTotal":0.0,"producedTotal":36710.0,"producedTrx":0,"votes":103,"producePercentage":100.0,"brokerage":20,"votesPercentage":4.247871348817221E-7,"version":0},{"address":"TWKZN1JJPFydd5rMgMCV5aZTSiwmoksSZv","name":"","url":"http://TronGr3.com","producer":false,"latestBlockNumber":681353.0,"latestSlotNumber":5.10645598E8,"missedTotal":0.0,"producedTotal":25247.0,"producedTrx":0,"votes":102,"producePercentage":100.0,"brokerage":20,"votesPercentage":4.2066298794112284E-7,"version":0},{"address":"TGqFJPFiEqdZx52ZR4QcKHz4Zr3QXA24VL","name":"","url":"http://TronGr7.com","producer":false,"latestBlockNumber":1571562.0,"latestSlotNumber":5.11538379E8,"missedTotal":0.0,"producedTotal":35113.0,"producedTrx":0,"votes":101,"producePercentage":100.0,"brokerage":20,"votesPercentage":4.165388410005236E-7,"version":0},{"address":"TAhXnVYaAKx6xa8E6JeASR5SrGXHSeyqaL","name":"RinzlerSR","url":"https://rinzler.eu","producer":false,"latestBlockNumber":0.0,"latestSlotNumber":0.0,"missedTotal":0.0,"producedTotal":0.0,"producedTrx":0,"votes":100,"producePercentage":0.0,"brokerage":100,"votesPercentage":4.1241469405992436E-7,"version":0},{"address":"THyFzhbcfWw2CJa4eAaHRCst3d5hnyqXLL","name":"LivenodesNetwork","url":"https://www.livenodes.network/","producer":false,"latestBlockNumber":0.0,"latestSlotNumber":0.0,"missedTotal":0.0,"producedTotal":0.0,"producedTrx":0,"votes":100,"producePercentage":0.0,"brokerage":20,"votesPercentage":4.1241469405992436E-7,"version":0},{"address":"TPsQ4XsQEFwSWGr2Zae62kuo69MABA1cVU","name":"FedayKeen","url":"http://www.contactnetwork.fr/","producer":false,"latestBlockNumber":0.0,"latestSlotNumber":0.0,"missedTotal":0.0,"producedTotal":0.0,"producedTrx":0,"votes":100,"producePercentage":0.0,"brokerage":20,"votesPercentage":4.1241469405992436E-7,"version":0},{"address":"TSEHJbvpnevJP4zR3uTgXJ1toZ16bPz3uW","name":"","url":"https://zhizhu.top/","producer":false,"latestBlockNumber":0.0,"latestSlotNumber":0.0,"missedTotal":0.0,"producedTotal":0.0,"producedTrx":0,"votes":97,"producePercentage":0.0,""
12:59:03.668 [TestNG-tests-1] DEBUG org.apache.http.wire -  << "brokerage":20,"votesPercentage":4.0004225323812663E-7,"version":0},{"address":"TL8rrg2ZNPHtpPFp3j2nwH9BLhN7qg32dh","name":"","url":"https://cobo.com","producer":false,"latestBlockNumber":0.0,"latestSlotNumber":0.0,"missedTotal":0.0,"producedTotal":0.0,"producedTrx":0,"votes":90,"producePercentage":0.0,"brokerage":20,"votesPercentage":3.7117322465393194E-7,"version":0},{"address":"TRAzTRvjfd7TCqfUkB1zJ6vMv7Y7F7puZr","name":"Vena_Family","url":"https://www.vena.network","producer":false,"latestBlockNumber":0.0,"latestSlotNumber":0.0,"missedTotal":0.0,"producedTotal":0.0,"producedTrx":0,"votes":63,"producePercentage":0.0,"brokerage":20,"votesPercentage":2.5982125725775235E-7,"version":0},{"address":"TPtryrrXSVT9cefs4wvL3ks2J5sr8PJLcg","name":"TronBlock","url":"https://tronblock.co","producer":false,"latestBlockNumber":0.0,"latestSlotNumber":0.0,"missedTotal":0.0,"producedTotal":0.0,"producedTrx":0,"votes":62,"producePercentage":0.0,"brokerage":20,"votesPercentage":2.556971103171531E-7,"version":0},{"address":"TXSh73A7dwbQU3Navx5217hf9Yjp3QEGD1","name":"LUCKYGAMES","url":"https://t.me/TronParty","producer":false,"latestBlockNumber":0.0,"latestSlotNumber":0.0,"missedTotal":0.0,"producedTotal":0.0,"producedTrx":0,"votes":60,"producePercentage":0.0,"brokerage":20,"votesPercentage":2.474488164359546E-7,"version":0},{"address":"TGMZpmGpx8KTGJc8NzBkEBnfzpWGp9Rar8","name":"NextGenius","url":"http://www.nextgenius.com.au","producer":false,"latestBlockNumber":0.0,"latestSlotNumber":0.0,"missedTotal":0.0,"producedTotal":0.0,"producedTrx":0,"votes":60,"producePercentage":0.0,"brokerage":20,"votesPercentage":2.474488164359546E-7,"version":0},{"address":"TDo2qwRLEkTZCXzcotiEQLt2wLeTttKTnZ","name":"TronSchool","url":"http://www.tron.school/","producer":false,"latestBlockNumber":0.0,"latestSlotNumber":0.0,"missedTotal":0.0,"producedTotal":0.0,"producedTrx":0,"votes":55,"producePercentage":0.0,"brokerage":20,"votesPercentage":2.2682808173295842E-7,"version":0},{"address":"TFkHXapDnFCq8Cw4LFUzM3cSe6EGnMb4pk","name":"","url":"https://atticlab.net","producer":false,"latestBlockNumber":0.0,"latestSlotNumber":0.0,"missedTotal":0.0,"producedTotal":0.0,"producedTrx":0,"votes":54,"producePercentage":0.0,"brokerage":20,"votesPercentage":2.2270393479235917E-7,"version":0},{"address":"TXio2SKopbzwyZ5XPxfFwceBFFHDKjEvUZ","name":"","url":"www","producer":false,"latestBlockNumber":0.0,"latestSlotNumber":0.0,"missedTotal":0.0,"producedTotal":0.0,"producedTrx":0,"votes":53,"producePercentage":0.0,"brokerage":20,"votesPercentage":2.185797878517599E-7,"version":0},{"address":"TQANnQ4DwspKuuF3BCvaukwXGHD4G36XGH","name":"BlakeStorie","url":"htt"
12:59:03.976 [TestNG-tests-1] DEBUG org.apache.http.wire -  << "ps://mobile.twitter.com/busyblaze","producer":false,"latestBlockNumber":0.0,"latestSlotNumber":0.0,"missedTotal":0.0,"producedTotal":0.0,"producedTrx":0,"votes":52,"producePercentage":0.0,"brokerage":20,"votesPercentage":2.1445564091116066E-7,"version":0},{"address":"TCmubWCoL7cLA2VDkVn4WGWCT7nqcFavXX","name":"KaanKOZAN","url":"https://twitter.com/KaanKOZANn","producer":false,"latestBlockNumber":0.0,"latestSlotNumber":0.0,"missedTotal":0.0,"producedTotal":0.0,"producedTrx":0,"votes":52,"producePercentage":0.0,"brokerage":20,"votesPercentage":2.1445564091116066E-7,"version":0},{"address":"TMofnVBZeuFTrkYAnQ54TDWNyMbrHzXkwy","name":"BrianJun_Web","url":"https://twitter.com/@brianjun09","producer":false,"latestBlockNumber":0.0,"latestSlotNumber":0.0,"missedTotal":0.0,"producedTotal":0.0,"producedTrx":0,"votes":51,"producePercentage":0.0,"brokerage":20,"votesPercentage":2.1033149397056142E-7,"version":0},{"address":"TFxanMr7ffV9YsbXcaSzA9Eja7AA318rha","name":"TRONMANkr","url":"http://tronman.io/","producer":false,"latestBlockNumber":0.0,"latestSlotNumber":0.0,"missedTotal":0.0,"producedTotal":0.0,"producedTrx":0,"votes":49,"producePercentage":0.0,"brokerage":20,"votesPercentage":2.0208320008936294E-7,"version":0},{"address":"TLipnfPL5ajqYB9eqEJuaUBqr2jEG75X2B","name":"","url":"https://gconnect.io/","producer":false,"latestBlockNumber":0.0,"latestSlotNumber":0.0,"missedTotal":0.0,"producedTotal":0.0,"producedTrx":0,"votes":35,"producePercentage":0.0,"brokerage":20,"votesPercentage":1.4434514292097352E-7,"version":0},{"address":"THpWeDXW422Suo5fNZtz1XU8kpPJ3jo4q1","name":"","url":"https://www.rightbtc.com","producer":false,"latestBlockNumber":0.0,"latestSlotNumber":0.0,"missedTotal":0.0,"producedTotal":0.0,"producedTrx":0,"votes":35,"producePercentage":0.0,"brokerage":20,"votesPercentage":1.4434514292097352E-7,"version":0},{"address":"TTiAHqKadiLPVZjiKaAjHDXkq7sfEozQZr","name":"Cancancan","url":"Can","producer":false,"latestBlockNumber":0.0,"latestSlotNumber":0.0,"missedTotal":0.0,"producedTotal":0.0,"producedTrx":0,"votes":31,"producePercentage":0.0,"brokerage":20,"votesPercentage":1.2784855515857655E-7,"version":0},{"address":"TPVMxXoci8SAoJMF1Xyqzethg4Qzoh51Z7","name":"SevoNikolovTRX","url":"https://www.facebook.com/sevo.nikolov","producer":false,"latestBlockNumber":0.0,"latestSlotNumber":0.0,"missedTotal":0.0,"producedTotal":0.0,"producedTrx":0,"votes":30,"producePercentage":0.0,"brokerage":20,"votesPercentage":1.237244082179773E-7,"version":0},{"address":"TELjcuZeP3vCXjq2zvgLsi7dNQry6pDKn5","name":"SteveJobs","url":"http://the-crazy-once.de","producer":false,"latestBlockNumber":0.0,"latestSlotNumber":0.0,"missedTotal":0.0,"producedTotal":0.0,"producedTrx":0,"votes":3"
12:59:03.976 [TestNG-tests-1] DEBUG org.apache.http.wire -  << "0,"producePercentage":0.0,"brokerage":100,"votesPercentage":1.237244082179773E-7,"version":0},{"address":"TGuS4RVh8wpQCtAdxij6pYSk9ur6J8fsmb","name":"Happy_East_Capital","url":"http://he.capital/","producer":false,"latestBlockNumber":0.0,"latestSlotNumber":0.0,"missedTotal":0.0,"producedTotal":0.0,"producedTrx":0,"votes":27,"producePercentage":0.0,"brokerage":20,"votesPercentage":1.1135196739617959E-7,"version":0},{"address":"TU5Td1DnsL84aeoMXTm7HGW7Nt5kuxHoCs","name":"GSC-GlobalSocialChain","url":"https://gsc.social","producer":false,"latestBlockNumber":0.0,"latestSlotNumber":0.0,"missedTotal":0.0,"producedTotal":0.0,"producedTrx":0,"votes":27,"producePercentage":0.0,"brokerage":20,"votesPercentage":1.1135196739617959E-7,"version":0},{"address":"TC1yZaa75GPPzM26pxfSP3AxsPT8yartQR","name":"CBD-OIL-NETWORK-TOKEN","url":"https://twitter.com/Filo_0x","producer":false,"latestBlockNumber":0.0,"latestSlotNumber":0.0,"missedTotal":0.0,"producedTotal":0.0,"producedTrx":0,"votes":27,"producePercentage":0.0,"brokerage":100,"votesPercentage":1.1135196739617959E-7,"version":0},{"address":"TEsuA4ULsZwfvSRSbu8yx7K3UB6aLi5Djn","name":"TheL1Crew","url":"http://t.me/TheL1Crew","producer":false,"latestBlockNumber":0.0,"latestSlotNumber":0.0,"missedTotal":0.0,"producedTotal":0.0,"producedTrx":0,"votes":27,"producePercentage":0.0,"brokerage":20,"votesPercentage":1.1135196739617959E-7,"version":0},{"address":"TNd2MPxccwBZoqpJuCrDEeNJizx5tmyNLs","name":"TRAC_REG","url":"www.upvote.world TBD","producer":false,"latestBlockNumber":0.0,"latestSlotNumber":0.0,"missedTotal":0.0,"producedTotal":0.0,"producedTrx":0,"votes":25,"producePercentage":0.0,"brokerage":20,"votesPercentage":1.0310367351498109E-7,"version":0},{"address":"TMykaWQe9YinNb36yE5k4MH9VUEGyKgQQA","name":"testmain","url":"https://www.wunderchain.com","producer":false,"latestBlockNumber":0.0,"latestSlotNumber":0.0,"missedTotal":0.0,"producedTotal":0.0,"producedTrx":0,"votes":23,"producePercentage":0.0,"brokerage":20,"votesPercentage":9.485537963378262E-8,"version":0},{"address":"TWT4BantYCwgQCN9ubxd8Lz765Sw8yv8iL","name":"ROCA-TRON","url":"    ","producer":false,"latestBlockNumber":0.0,"latestSlotNumber":0.0,"missedTotal":0.0,"producedTotal":0.0,"producedTrx":0,"votes":22,"producePercentage":0.0,"brokerage":20,"votesPercentage":9.073123269318336E-8,"version":0},{"address":"TC34KZDLwARaBrZ2B8eet9GqgLGDpvifiz","name":"Peterkim7238","url":"http://blog.naver.com/coolkim01","producer":false,"latestBlockNumber":0.0,"latestSlotNumber":0.0,"missedTotal":0.0,"producedTotal":0.0,"producedTrx":0,"votes":20,"producePercentage":0.0,"brokerage":20,"votesPercentage":8.248293881198488E-8,"version":0},{"address":"TDUjtGPXM6UJkxREWyNV53c9r1L5ZVJLPb","name":"justanthonyhero","url":"https://reyna2.com","producer":false,"latestBlockNumber":0.0,"latestSlotNumber":0.0,"missedTotal":0.0,"producedTotal":0.0,"producedTrx":0,"votes":20,"producePercentage":0.0,"brokerage":100,"votesPercentage":8.248293881198488E-8,"version":0},{"address":"TLyKxzA5QUkV6R4PCZKZiLaKeoyT5qnEAA","name":"C773Tron","url":"https://c773.com/","producer":false,"latestBlockNumber":0.0,"latestSlotNumber":0.0,"missedTotal":0.0,"producedTotal":0.0,"producedTrx":0,"votes":19,"producePercentage":0.0,"brokerage":20,"votesPercentage":7.835879187138562E-8,"version":0},{"address":"TPr4Po9LHUuxqfuRyjpiWctkP39EbpujXH","name":"ONGISTRON[0xe2][0x84][0xa2] ","url":"https://t.me/ONGISTRON_NewsChannel","producer":false,"latestBlockNumber":0.0,"latestSlotNumber":0.0,"missedTotal":0.0,"producedTotal":0.0,"producedTrx":0,"votes":18,"producePercentage":0.0,"brokerage":20,"votesPercentage":7.42346449307864E-8,"version":0},{"address":"TYShuadcBNBKgk8UgxsnB43yeBdyioswHh","name":"tronfans","url":"http://www.tronfans.info","producer":false,"latestBlockNumber":2480734.0,"latestSlotNumber":5.12452775E8,"missedTotal":0.0,"producedTotal":5328.0,"producedTrx":0,"votes":12,"producePercentage":100.0,"brokerage":20,"votesPercentage":4.9489763287190924E-8,"version":0},{"address":"TYednHaV9zXpnPchSywVpnseQxY9Pxw4do","name":"","url":"http://TronGr19.com","producer":false,"latestBlockNumber":1621715.0,"latestSlotNumber":5.11588789E8,"missedTotal":0.0,"producedTotal":26567.0,"producedTrx":0,"votes":10,"producePercentage":100.0,"brokerage":20,"votesPercentage":4.124146940599244E-8,"version":0},{"address":"TYqxoFgQLtq7f146uJS533GMU88nEpwKgz","name":"GM-Informatics-SR-001","url":"https://www.gm-informatics.com","producer":false,"latestBlockNumber":0.0,"latestSlotNumber":0.0,"missedTotal":0.0,"producedTotal":0.0,"producedTrx":0,"votes":4,"producePercentage":0.0,"brokerage":20,"votesPercentage":1.6496587762396975E-8,"version":0},{"address":"TEVwq7bwFf6ToBu8M3ydD96tnVPyGXf394","name":"daranonetwork","url":"https://darano.network/","producer":false,"latestBlockNumber":0.0,"latestSlotNumber":0.0,"missedTotal":0.0,"producedTotal":0.0,"producedTrx":0,"votes":2,"producePercentage":0.0,"brokerage":20,"votesPercentage":8.248293881198487E-9,"version":0},{"address":"TTjacDH5PL8hpWirqU7HQQNZDyF723PuCg","name":"","url":"https://www.neoply.com","producer":false,"latestBlockNumber":0.0,"latestSlotNumber":0.0,"missedTotal":0.0,"producedTotal":0.0,"producedTrx":0,"votes":0,"producePercentage":0.0,"brokerage":20,"votesPercentage":0.0,"version":0}][\n]"
12:59:03.976 [TestNG-tests-1] DEBUG org.apache.http.wire -  << "[\r][\n]"
12:59:03.976 [TestNG-tests-1] DEBUG org.apache.http.wire -  << "0[\r][\n]"
12:59:03.976 [TestNG-tests-1] DEBUG org.apache.http.wire -  << "[\r][\n]"
12:59:03.976 [TestNG-tests-1] DEBUG org.apache.http.impl.conn.DefaultClientConnection - Connection 0.0.0.0:61433<->18.216.178.128:80 closed
12:59:03.976 [TestNG-tests-1] DEBUG org.apache.http.impl.conn.PoolingClientConnectionManager - Connection released: [id: 80][route: {}->http://apilist.tronscan.org:80][total kept alive: 0; route allocated: 0 of 80; total allocated: 0 of 100]
[{"address":"TLyqzVGLV1srkB7dToTAEqgDSfPtXRJZYH","name":"Binance Staking","url":"https://www.binance.com/en/staking","producer":true,"latestBlockNumber":1.8340815E7,"latestSlotNumber":5.28428313E8,"missedTotal":67.0,"producedTotal":191086.0,"producedTrx":0,"votes":13538303260,"producePercentage":99.96494954303621,"brokerage":20,"votesPercentage":55.83395197063376,"version":10},{"address":"TGj1Ej1qRzL9feLTLhjwgxXF4Ct6GTWg2U","name":"Skypeople","url":"http://www.skypeople.co.kr","producer":true,"latestBlockNumber":1.8340816E7,"latestSlotNumber":5.28428314E8,"missedTotal":4877.0,"producedTotal":676026.0,"producedTrx":0,"votes":982129390,"producePercentage":99.28374526180674,"brokerage":0,"votesPercentage":4.050445919041101,"version":10},{"address":"TV9QitxEJ3pdiAUAfJ2QuPxLKp9qTTR3og","name":"BitGuild","url":"https://www.bitguild.com","producer":true,"latestBlockNumber":1.8340817E7,"latestSlotNumber":5.28428315E8,"missedTotal":2600.0,"producedTotal":587302.0,"producedTrx":0,"votes":717572645,"producePercentage":99.559248824381,"brokerage":100,"votesPercentage":2.959375028534457,"version":10},{"address":"TJvaAeFb8Lykt9RQcVyyTFN2iDvGMuyD4M","name":"Poloniex","url":"https://poloniex.com/","producer":true,"latestBlockNumber":1.8340818E7,"latestSlotNumber":5.28428316E8,"missedTotal":1.0,"producedTotal":39111.0,"producedTrx":0,"votes":674334883,"producePercentage":99.99744323992637,"brokerage":0,"votesPercentage":2.7810561446637987,"version":15},{"address":"THYPk7Z72REsPrHtZkcwp9pWJadsPxp1UP","name":"bitwirespool","url":"https://www.beekuaibao.com","producer":true,"latestBlockNumber":1.8340819E7,"latestSlotNumber":5.28428317E8,"missedTotal":313.0,"producedTotal":163214.0,"producedTrx":0,"votes":450776947,"producePercentage":99.80859429941233,"brokerage":100,"votesPercentage":1.8590703668627175,"version":10},{"address":"TGzz8gjYiYRqpfmDwnLxfgPuLVNmpCswVp","name":"Sesameseed","url":"https://www.sesameseed.org","producer":true,"latestBlockNumber":1.834082E7,"latestSlotNumber":5.28428318E8,"missedTotal":5733.0,"producedTotal":660817.0,"producedTrx":0,"votes":391145419,"producePercentage":99.13989948240942,"brokerage":100,"votesPercentage":1.6131411830982594,"version":10},{"address":"TTcYhypP8m4phDhN6oRexz2174zAerjEWP","name":"CryptoGuyInZA","url":"https://www.cryptoguyinza.co.za/","producer":true,"latestBlockNumber":1.8340821E7,"latestSlotNumber":5.28428319E8,"missedTotal":2328.0,"producedTotal":653269.0,"producedTrx":0,"votes":382448060,"producePercentage":99.64490380523401,"brokerage":100,"votesPercentage":1.5772719965871158,"version":10},{"address":"TUD4YXYdj2t1gP5th3A7t97mx1AUmrrQRt","name":"TRONGrid","url":"https://www.trongrid.io","producer":true,"latestBlockNumber":1.8340822E7,"latestSlotNumber":5.2842832E8,"missedTotal":87.0,"producedTotal":288609.0,"producedTrx":0,"votes":368358512,"producePercentage":99.96986449413916,"brokerage":20,"votesPercentage":1.5191646303084898,"version":15},{"address":"TWkpg1ZQ4fTv7sj41zBUTMo1kuJEUWTere","name":"TRONLink","url":"https://tronlink.org","producer":true,"latestBlockNumber":1.8340823E7,"latestSlotNumber":5.28428321E8,"missedTotal":330.0,"producedTotal":363357.0,"producedTrx":0,"votes":346070027,"producePercentage":99.90926263517805,"brokerage":20,"votesPercentage":1.4272436430851476,"version":15},{"address":"TPMGfspxLQGom8sKutrbHcDKtHjRHFbGKw","name":"Infinity-Stones","url":"https://infstones.io/","producer":true,"latestBlockNumber":1.8340824E7,"latestSlotNumber":5.28428322E8,"missedTotal":2228.0,"producedTotal":522197.0,"producedTrx":0,"votes":331328946,"producePercentage":99.57515373981028,"brokerage":100,"votesPercentage":1.366449258977872,"version":10},{"address":"TY65QiDt4hLTMpf3WRzcX357BnmdxT2sw9","name":"uTorrent","url":"https://www.utorrent.com/","producer":true,"latestBlockNumber":1.8340825E7,"latestSlotNumber":5.28428323E8,"missedTotal":1965.0,"producedTotal":645009.0,"producedTrx":0,"votes":330853949,"producePercentage":99.69627836667317,"brokerage":20,"votesPercentage":1.3644903015535281,"version":15},{"address":"TTMNxTmRpBZnjtUnohX84j25NLkTqDga7j","name":"TronSpark","url":"https://tronspark.com","producer":true,"latestBlockNumber":1.8340826E7,"latestSlotNumber":5.28428324E8,"missedTotal":3504.0,"producedTotal":621087.0,"producedTrx":0,"votes":326489461,"producePercentage":99.43899287693867,"brokerage":100,"votesPercentage":1.3464905117210462,"version":10},{"address":"TVFKwzE8qeETLaZEHMx2tjEsdnujAgAWaA","name":"BlockchainOrg","url":"http://blockchain.org","producer":true,"latestBlockNumber":1.8340827E7,"latestSlotNumber":5.28428325E8,"missedTotal":2650.0,"producedTotal":432325.0,"producedTrx":0,"votes":317451639,"producePercentage":99.39076958445888,"brokerage":100,"votesPercentage":1.3092172057700655,"version":15},{"address":"TKSXDA8HfE9E1y39RczVQ1ZascUEtaSToF","name":"CryptoChain","url":"http://cryptochain.network","producer":true,"latestBlockNumber":1.8340801E7,"latestSlotNumber":5.28428299E8,"missedTotal":2266.0,"producedTotal":644781.0,"producedTrx":0,"votes":316549660,"producePercentage":99.64979360077398,"brokerage":100,"votesPercentage":1.3054973118367308,"version":15},{"address":"TTW663tQYJTTCtHh6DWKAfexRhPMf2DxQ1","name":"TRONALLIANCE","url":"http://tronalliance.org","producer":true,"latestBlockNumber":1.8340802E7,"latestSlotNumber":5.284283E8,"missedTotal":1236.0,"producedTotal":424745.0,"producedTrx":0,"votes":311978679,"producePercentage":99.70984621379827,"brokerage":100,"votesPercentage":1.2866459145300435,"version":15},{"address":"TFA1qpUkQ1yBDw4pgZKx25wEZAqkjGoZo1","name":"JustinSunTron","url":"https://twitter.com/justinsuntron","producer":true,"latestBlockNumber":1.8340803E7,"latestSlotNumber":5.28428301E8,"missedTotal":1714.0,"producedTotal":628011.0,"producedTrx":0,"votes":311446630,"producePercentage":99.72781769820159,"brokerage":20,"votesPercentage":1.2844516662744447,"version":15},{"address":"TCEo1hMAdaJrQmvnGTCcGT2LqrGU4N7Jqf","name":"TRONScan","url":"https://tronscan.org","producer":true,"latestBlockNumber":1.8340804E7,"latestSlotNumber":5.28428302E8,"missedTotal":436.0,"producedTotal":369620.0,"producedTrx":0,"votes":305414830,"producePercentage":99.88217999437923,"brokerage":20,"votesPercentage":1.259575636758138,"version":15},{"address":"TSNbzxac4WhxN91XvaUfPTKP2jNT18mP6T","name":"BitTorrent","url":"https://www.bittorrent.com/","producer":true,"latestBlockNumber":1.8340805E7,"latestSlotNumber":5.28428303E8,"missedTotal":3836.0,"producedTotal":645315.0,"producedTrx":0,"votes":297079432,"producePercentage":99.40907431398858,"brokerage":20,"votesPercentage":1.225199230597761,"version":15},{"address":"TSzoLaVCdSNDpNxgChcFt9rSRF5wWAZiR4","name":"TRXMarket","url":"http://trx.market","producer":true,"latestBlockNumber":1.8340806E7,"latestSlotNumber":5.28428304E8,"missedTotal":4092.0,"producedTotal":611985.0,"producedTrx":0,"votes":296064343,"producePercentage":99.3357973110504,"brokerage":20,"votesPercentage":1.2210128544039751,"version":15},{"address":"TNaJADoq1u2atryP1ZzwvmEE4ZBELXfMqw","name":"callmeSR","url":"http://zempty.peiwo.cn/","producer":true,"latestBlockNumber":1.8340807E7,"latestSlotNumber":5.28428305E8,"missedTotal":1857.0,"producedTotal":511770.0,"producedTrx":0,"votes":295527279,"producePercentage":99.63845358596802,"brokerage":100,"votesPercentage":1.218797923551469,"version":15},{"address":"TVa6MF7SgZa8PToLoQ9PNq6KQHyTXLBz1p","name":"KryptoKnight","url":"http://krypto-knight.us/","producer":true,"latestBlockNumber":1.8340808E7,"latestSlotNumber":5.28428306E8,"missedTotal":1286.0,"producedTotal":476609.0,"producedTrx":0,"votes":295241924,"producePercentage":99.73090323188148,"brokerage":100,"votesPercentage":1.2176210776012344,"version":10},{"address":"TRTC1DxDg2eWPHmyc3DTGR672rVHoZQa8h","name":"","url":"https://hitbtc.com","producer":true,"latestBlockNumber":1.8340809E7,"latestSlotNumber":5.28428307E8,"missedTotal":4552.0,"producedTotal":352293.0,"producedTrx":0,"votes":294058426,"producePercentage":98.72437612969216,"brokerage":100,"votesPercentage":1.212740157945329,"version":10},{"address":"TAHg5zi2ejWeWiE6bqtDT9vfbH3zNTWrfA","name":"TRXUltra","url":"https://trxultra.org","producer":true,"latestBlockNumber":1.834081E7,"latestSlotNumber":5.28428308E8,"missedTotal":1614.0,"producedTotal":364109.0,"producedTrx":0,"votes":293558975,"producePercentage":99.55868239077115,"brokerage":100,"votesPercentage":1.2106803486316997,"version":10},{"address":"TMG95kirH4cKW5GnKoCcCye1dBqbt77yGu","name":"MinerGate","url":"https://minergate.com","producer":true,"latestBlockNumber":1.8340811E7,"latestSlotNumber":5.28428309E8,"missedTotal":798.0,"producedTotal":359094.0,"producedTrx":0,"votes":292494194,"producePercentage":99.77826681337734,"brokerage":100,"votesPercentage":1.2062890353281417,"version":10},{"address":"TNmas2SUNGJ2R1jq4Sivya5nHDLYN9ggpG","name":"TheLastMe","url":"http://www.thelast.me","producer":true,"latestBlockNumber":1.8340812E7,"latestSlotNumber":5.2842831E8,"missedTotal":3326.0,"producedTotal":194965.0,"producedTrx":0,"votes":291339221,"producePercentage":98.32266719114835,"brokerage":20,"votesPercentage":1.2015257569637168,"version":15},{"address":"TJ2aDMgeipmoZRuUEru2ri8t7TGkxnm6qY","name":"Huobi_pool","url":"https://www.huobipool.com","producer":true,"latestBlockNumber":1.8340813E7,"latestSlotNumber":5.28428311E8,"missedTotal":7871.0,"producedTotal":613758.0,"producedTrx":0,"votes":287939588,"producePercentage":98.7338106812906,"brokerage":100,"votesPercentage":1.1875051709276068,"version":10},{"address":"TE7hnUtWRRBz3SkFrX8JESWUmEvxxAhoPt","name":"TronWalletMe","url":"https://www.tronwallet.me/","producer":true,"latestBlockNumber":1.8340814E7,"latestSlotNumber":5.28428312E8,"missedTotal":1222.0,"producedTotal":540714.0,"producedTrx":0,"votes":287498369,"producePercentage":99.77451211951227,"brokerage":100,"votesPercentage":1.1856855189386224,"version":10},{"address":"TN2MEB71iox2mDwwngdTrUyUZXeENcb79F","name":"SR-TRON-Europe","url":"https://www.tron-europe.org","producer":false,"latestBlockNumber":1.6947364E7,"latestSlotNumber":5.27032788E8,"missedTotal":1890.0,"producedTotal":438810.0,"producedTrx":0,"votes":169410377,"producePercentage":99.571136827774,"brokerage":100,"votesPercentage":0.6986732880103145,"version":0},{"address":"TBXB5tobBPCFkC8ihFDBWjaiwW2iSpzSfr","name":"TRONVIETNAM","url":"https://www.tronvietnam.com/","producer":false,"latestBlockNumber":1.7299301E7,"latestSlotNumber":5.27385598E8,"missedTotal":9060.0,"producedTotal":594831.0,"producedTrx":0,"votes":148275995,"producePercentage":98.49972925577629,"brokerage":19,"votesPercentage":0.6115119911435587,"version":0},{"address":"TVSdAnnZUdSH8gdeUgMPTht1mXmhtEXAN3","name":"TRON-BOOM","url":"www.tronspirit.com","producer":false,"latestBlockNumber":1.7284888E7,"latestSlotNumber":5.27371181E8,"missedTotal":4863.0,"producedTotal":214599.0,"producedTrx":0,"votes":121393356,"producePercentage":97.78412663695765,"brokerage":15,"votesPercentage":0.5006440377564748,"version":0},{"address":"TW5oEHAE2LqMdozna7HBDiW6U56f6m8Vfa","name":"TRON-Ace","url":"https://www.tronace.com","producer":false,"latestBlockNumber":1.7306495E7,"latestSlotNumber":5.27392797E8,"missedTotal":0.0,"producedTotal":800.0,"producedTrx":0,"votes":110007639,"producePercentage":100.0,"brokerage":20,"votesPercentage":0.45368766782439607,"version":0},{"address":"TNMcBfKauBykfamL2YkE8WFNDUBmahQzYx","name":"Newpool-TRON","url":"https://tron.newdex.one","producer":false,"latestBlockNumber":0.0,"latestSlotNumber":0.0,"missedTotal":0.0,"producedTotal":0.0,"producedTrx":0,"votes":95524546,"producePercentage":0.0,"brokerage":100,"votesPercentage":0.3939572641380317,"version":0},{"address":"TYVJ8JuQ6ctzCa2u79MFmvvNQ1U2tYQEUM","name":"TRON-ONE","url":"http://tronone.com","producer":false,"latestBlockNumber":1.5149942E7,"latestSlotNumber":5.25232781E8,"missedTotal":5129.0,"producedTotal":518353.0,"producedTrx":0,"votes":46899291,"producePercentage":99.02021463966287,"brokerage":100,"votesPercentage":0.19341956749392364,"version":0},{"address":"TPjc5LNkpa5iwjUv8u4XXV92JA2JaAxHgL","name":"","url":"http://bz.com/","producer":false,"latestBlockNumber":0.0,"latestSlotNumber":0.0,"missedTotal":0.0,"producedTotal":0.0,"producedTrx":0,"votes":35000404,"producePercentage":0.0,"brokerage":100,"votesPercentage":0.14434680907633754,"version":0},{"address":"TN2W4cc7a4dsYyTLiLMWa9m7jVpdLjGvYs","name":"Huobi_Wallet","url":"https://www.huobiwallet.com/","producer":false,"latestBlockNumber":0.0,"latestSlotNumber":0.0,"missedTotal":0.0,"producedTotal":0.0,"producedTrx":0,"votes":33160979,"producePercentage":0.0,"brokerage":5,"votesPercentage":0.13676075009012575,"version":0},{"address":"TQwqK8LhHGria5gkkfCVqQfE5mSwpvdp3B","name":"Tron-Society","url":"https://tron-society.com","producer":false,"latestBlockNumber":8208429.0,"latestSlotNumber":5.18255974E8,"missedTotal":2433.0,"producedTotal":168733.0,"producedTrx":0,"votes":30699903,"producePercentage":98.57857284741128,"brokerage":100,"votesPercentage":0.12661091103414354,"version":0},{"address":"TGfUjDNr5Huk8DumHfmzY2ksE6RRYpuGLG","name":"BeatzCoin","url":"https://www.beatzcoin.io/","producer":false,"latestBlockNumber":1.4077587E7,"latestSlotNumber":5.24159989E8,"missedTotal":3004.0,"producedTotal":221974.0,"producedTrx":0,"votes":26812811,"producePercentage":98.66475833192578,"brokerage":100,"votesPercentage":0.11057997245451576,"version":0},{"address":"TEe7HDXdHJemT142R643cajh8BbKdWgR3H","name":"CashierestStaking","url":"\thttps://www.cashierest.com","producer":false,"latestBlockNumber":0.0,"latestSlotNumber":0.0,"missedTotal":0.0,"producedTotal":0.0,"producedTrx":0,"votes":17811770,"producePercentage":0.0,"brokerage":10,"votesPercentage":0.0734583567521574,"version":0},{"address":"TDGmmTC7xDgQGwH4FYRGuE7SFH2MePHYeH","name":"TeamTronics","url":"https://www.tronics.io/","producer":false,"latestBlockNumber":4203064.0,"latestSlotNumber":5.14187999E8,"missedTotal":96.0,"producedTotal":134119.0,"producedTrx":0,"votes":6923071,"producePercentage":99.92847297246954,"brokerage":100,"votesPercentage":0.02855176208420135,"version":0},{"address":"TV6qcwSp38uESiDczxxb7zbJX1h2LfDs78","name":"TronsTronics","url":"Tronstronics","producer":false,"latestBlockNumber":5971325.0,"latestSlotNumber":5.16002399E8,"missedTotal":1952.0,"producedTotal":195873.0,"producedTrx":0,"votes":6402656,"producePercentage":99.0132693036775,"brokerage":100,"votesPercentage":0.02640549415410939,"version":0},{"address":"TEKUPpjTMKWw9LJZ9YJ4enhCjAmVXSL7M6","name":"lianjinshu","url":"http://www.lianjinshu.com","producer":false,"latestBlockNumber":1.1497746E7,"latestSlotNumber":5.21575194E8,"missedTotal":6512.0,"producedTotal":405906.0,"producedTrx":0,"votes":6265075,"producePercentage":98.42101945113939,"brokerage":20,"votesPercentage":0.025838089893874806,"version":0},{"address":"TSbhZijH2t7Qn1UAHAu7PBHQdVAvRwSyYr","name":"Intergalactic-Gaming","url":"https://www.iggalaxy.com","producer":false,"latestBlockNumber":8416221.0,"latestSlotNumber":5.18464799E8,"missedTotal":1550.0,"producedTotal":154409.0,"producedTrx":0,"votes":6086168,"producePercentage":99.00614905199443,"brokerage":20,"votesPercentage":0.025100251137173017,"version":0},{"address":"TWGGB35HUudizmcLheQN7kANDnD8KfgKkK","name":"TRON-Family","url":"https://www.tron-family.de","producer":false,"latestBlockNumber":0.0,"latestSlotNumber":0.0,"missedTotal":0.0,"producedTotal":0.0,"producedTrx":0,"votes":4480843,"producePercentage":0.0,"brokerage":20,"votesPercentage":0.018479654949755536,"version":0},{"address":"TAD78uBWAveGNg3nDN8Ku18MSDeHmTRpbB","name":"SmartRealEstateXRE","url":"XREGlobal.com","producer":false,"latestBlockNumber":0.0,"latestSlotNumber":0.0,"missedTotal":0.0,"producedTotal":0.0,"producedTrx":0,"votes":3890247,"producePercentage":0.0,"brokerage":100,"votesPercentage":0.016043950263225387,"version":0},{"address":"TKV52nvtpLe5uapeTabyAYANMQYBXPGVds","name":"TronKorea","url":"http://tronkorea.io","producer":false,"latestBlockNumber":300029.0,"latestSlotNumber":5.10263985E8,"missedTotal":28.0,"producedTotal":238.0,"producedTrx":0,"votes":3527016,"producePercentage":89.47368421052632,"brokerage":20,"votesPercentage":0.014545932245844582,"version":0},{"address":"TB6nqQpQDoiWm3VKFjxQrEDi7m84jXjfus","name":"","url":"https://bixin.com","producer":false,"latestBlockNumber":0.0,"latestSlotNumber":0.0,"missedTotal":0.0,"producedTotal":0.0,"producedTrx":0,"votes":3408566,"producePercentage":0.0,"brokerage":20,"votesPercentage":0.0140574270407306,"version":0},{"address":"TRXDEXMoaAprSGJSwKanEUBqfQjvQEDuaw","name":"TrxDexCom","url":"https://github.com/trondex/","producer":false,"latestBlockNumber":1154111.0,"latestSlotNumber":5.11120783E8,"missedTotal":0.0,"producedTotal":25313.0,"producedTrx":0,"votes":2839986,"producePercentage":100.0,"brokerage":20,"votesPercentage":0.011712519573244684,"version":0},{"address":"TDGy2M9qWBepSHDEutWWxWd1JZfmAed3BP","name":"CommunityNode","url":"http://www.communitynode.org/","producer":false,"latestBlockNumber":0.0,"latestSlotNumber":0.0,"missedTotal":0.0,"producedTotal":0.0,"producedTrx":0,"votes":2428751,"producePercentage":0.0,"brokerage":5,"votesPercentage":0.010016526006127353,"version":0},{"address":"TMEQ4hu7DtLTHPn6qPsYktk1QGdTbAyTEK","name":"Tron-Europe","url":"www.Tron-Europe.com","producer":false,"latestBlockNumber":5101331.0,"latestSlotNumber":5.15111693E8,"missedTotal":5326.0,"producedTotal":122888.0,"producedTrx":0,"votes":2410772,"producePercentage":95.84600745628403,"brokerage":100,"votesPercentage":0.00994237796828232,"version":0},{"address":"TVMP5r12ymtNerq5KB4E8zAgLDmg2FqsEG","name":"CryptoGirls","url":"https://www.cryptogirls.ro/","producer":false,"latestBlockNumber":4052661.0,"latestSlotNumber":5.14036796E8,"missedTotal":305.0,"producedTotal":127145.0,"producedTrx":0,"votes":2274217,"producePercentage":99.76069046684974,"brokerage":100,"votesPercentage":0.00937920508280879,"version":0},{"address":"TFQVyHpWSRtH7YbH6xYDamNmKpqBGHmWwc","name":"","url":"https://www.coinnest.co.kr","producer":false,"latestBlockNumber":0.0,"latestSlotNumber":0.0,"missedTotal":0.0,"producedTotal":0.0,"producedTrx":0,"votes":2138794,"producePercentage":0.0,"brokerage":20,"votesPercentage":0.008820700731672019,"version":0},{"address":"TJgmwx9TYaqujmdthJkjaLyWXrwTCmmTan","name":"ZADEA-MadeInItaly","url":"www","producer":false,"latestBlockNumber":0.0,"latestSlotNumber":0.0,"missedTotal":0.0,"producedTotal":0.0,"producedTrx":0,"votes":2028994,"producePercentage":0.0,"brokerage":20,"votesPercentage":0.008367869397594221,"version":0},{"address":"TWEcP8CPhcdmmo1R2RANXGBRYAHvxNoLst","name":"OneMillionCom_Community","url":"https://www.millioncoinx.com/pl","producer":false,"latestBlockNumber":0.0,"latestSlotNumber":0.0,"missedTotal":0.0,"producedTotal":0.0,"producedTrx":0,"votes":1886395,"producePercentage":0.0,"brokerage":50,"votesPercentage":0.00777977016801171,"version":0},{"address":"TK4qxwmq8nDeymtjxzXMkPzq4Gsb39fkLu","name":"Activ8Coin","url":"https://activ8coin.com","producer":false,"latestBlockNumber":0.0,"latestSlotNumber":0.0,"missedTotal":0.0,"producedTotal":0.0,"producedTrx":0,"votes":1879888,"producePercentage":0.0,"brokerage":0,"votesPercentage":0.007752934343869231,"version":0},{"address":"TPRxUBEakukBMwTScCHgvCPSBYk5UhfboJ","name":"CryptoDivaSR","url":"http://www.cryptodiva.io/","producer":false,"latestBlockNumber":1.4005616E7,"latestSlotNumber":5.2408798E8,"missedTotal":4892.0,"producedTotal":503055.0,"producedTrx":0,"votes":1840665,"producePercentage":99.03690739388165,"brokerage":20,"votesPercentage":0.007591172928418107,"version":0},{"address":"TN8Y2ZztFHW3CrgPYQMK3BPp7VYiHKfvF9","name":"SexTronsAndRocknRoll","url":"https://twitter.com/TronsRocknRoll","producer":false,"latestBlockNumber":0.0,"latestSlotNumber":0.0,"missedTotal":0.0,"producedTotal":0.0,"producedTrx":0,"votes":1594959,"producePercentage":0.0,"brokerage":100,"votesPercentage":0.006577845280231229,"version":0},{"address":"TA43K3sTFYstnRu5ku7DtyzjsR4MLdUgEu","name":"TronMacau","url":"https://www.tronmacau.com","producer":false,"latestBlockNumber":0.0,"latestSlotNumber":0.0,"missedTotal":0.0,"producedTotal":0.0,"producedTrx":0,"votes":1304267,"producePercentage":0.0,"brokerage":0,"votesPercentage":0.0053789887577745535,"version":0},{"address":"TEsRRMAs4n1yBwzdMuTFEdaKsYANzprtUb","name":"NORA-IGI","url":"https://noraigi.com/en/home","producer":false,"latestBlockNumber":0.0,"latestSlotNumber":0.0,"missedTotal":0.0,"producedTotal":0.0,"producedTrx":0,"votes":1171524,"producePercentage":0.0,"brokerage":10,"votesPercentage":0.004831537120438588,"version":0},{"address":"TMwGtBQioBk2pjCsLWUaQ4rcQNf5DS6FLQ","name":"siqveland","url":"http://tronsiqveland.co.uk/","producer":false,"latestBlockNumber":0.0,"latestSlotNumber":0.0,"missedTotal":0.0,"producedTotal":0.0,"producedTrx":0,"votes":968278,"producePercentage":0.0,"brokerage":0,"votesPercentage":0.0039933207513495545,"version":0},{"address":"TWcebMiHwZbnt6viAtyVEG57bj7DWcZUPx","name":"whaleexbp","url":"https://www.whaleex.com","producer":false,"latestBlockNumber":0.0,"latestSlotNumber":0.0,"missedTotal":0.0,"producedTotal":0.0,"producedTrx":0,"votes":963216,"producePercentage":0.0,"brokerage":0,"votesPercentage":0.003972444319536241,"version":0},{"address":"TJQHeWxaxaSskBmi7EN19psRe5s9Xn8AcY","name":"mrlavman","url":"https://www.cityuptake.com","producer":false,"latestBlockNumber":0.0,"latestSlotNumber":0.0,"missedTotal":0.0,"producedTotal":0.0,"producedTrx":0,"votes":942670,"producePercentage":0.0,"brokerage":100,"votesPercentage":0.003887709596494689,"version":0},{"address":"TVGYho2v6mUhFMuhYy4sWx8BA79b4FzwSg","name":"AOCOINIO","url":"HTTPS://AOCOIN.IO","producer":false,"latestBlockNumber":0.0,"latestSlotNumber":0.0,"missedTotal":0.0,"producedTotal":0.0,"producedTrx":0,"votes":900163,"producePercentage":0.0,"brokerage":0,"votesPercentage":0.003712404482490637,"version":0},{"address":"TBzwNEE7D3DdTB4wALiSBaMmpSK7jdoxYF","name":"TRONSiliconValley","url":"https://WINTokenGames.com","producer":false,"latestBlockNumber":4144662.0,"latestSlotNumber":5.14129269E8,"missedTotal":819.0,"producedTotal":104760.0,"producedTrx":0,"votes":811013,"producePercentage":99.22427755519564,"brokerage":20,"votesPercentage":0.0033447367827362144,"version":0},{"address":"TG519wQRpmBNSzVUiHVx6wkVZkLKmxTXxS","name":"ALLE_Exchange","url":"https://member.alleexchange.com","producer":false,"latestBlockNumber":5116518.0,"latestSlotNumber":5.15131163E8,"missedTotal":1002.0,"producedTotal":37122.0,"producedTrx":0,"votes":801813,"producePercentage":97.37173434057287,"brokerage":20,"votesPercentage":0.0033067946308827016,"version":0},{"address":"TAyVDZqhtymJq32itDSxdkRKTRTEb8kkXE","name":"","url":"http://test.com","producer":false,"latestBlockNumber":0.0,"latestSlotNumber":0.0,"missedTotal":0.0,"producedTotal":0.0,"producedTrx":0,"votes":778743,"producePercentage":0.0,"brokerage":100,"votesPercentage":0.003211650560963077,"version":0},{"address":"TKYW4wDGg3FcaAR8cP8sbmiU8RdZwcK7Bz","name":"WINTokenCommunity","url":"https://WinTokenGames.com","producer":false,"latestBlockNumber":4791405.0,"latestSlotNumber":5.14782404E8,"missedTotal":187.0,"producedTotal":23273.0,"producedTrx":0,"votes":644009,"producePercentage":99.20289855072464,"brokerage":20,"votesPercentage":0.0026559877470683784,"version":0},{"address":"TZ1ZBqgZ8PUdEk6dxEYwyZCqxYwHj9PmS2","name":"Metronix","url":"https://metronix.imba-exchange.co","producer":false,"latestBlockNumber":0.0,"latestSlotNumber":0.0,"missedTotal":0.0,"producedTotal":0.0,"producedTrx":0,"votes":438678,"producePercentage":0.0,"brokerage":0,"votesPercentage":0.001809172531608195,"version":0},{"address":"TLpWEwR5bXM1GBJ2P3BgXLa8DzWTGsaRPb","name":"TronShares","url":"http://tronshares.com","producer":false,"latestBlockNumber":0.0,"latestSlotNumber":0.0,"missedTotal":0.0,"producedTotal":0.0,"producedTrx":0,"votes":413318,"producePercentage":0.0,"brokerage":12,"votesPercentage":0.0017045841651945983,"version":0},{"address":"TWjGyMHSxx4pJ3V4ES5E4ANE2NWW9xcWcp","name":"TronVote","url":"https://tronvote.club","producer":false,"latestBlockNumber":0.0,"latestSlotNumber":0.0,"missedTotal":0.0,"producedTotal":0.0,"producedTrx":0,"votes":412807,"producePercentage":0.0,"brokerage":20,"votesPercentage":0.0017024767261079518,"version":0},{"address":"TFDEzwPqeyKyYGQrXtUTJqiLNKCqBHhVi6","name":"TronCommunityGroup","url":".","producer":false,"latestBlockNumber":0.0,"latestSlotNumber":0.0,"missedTotal":0.0,"producedTotal":0.0,"producedTrx":0,"votes":408495,"producePercentage":0.0,"brokerage":20,"votesPercentage":0.001684693404500088,"version":0},{"address":"TNddBi3qJv26Ghqqd3qb97ERx47AwMWhR6","name":"Segrith1","url":"https://www.baggi.co/","producer":false,"latestBlockNumber":0.0,"latestSlotNumber":0.0,"missedTotal":0.0,"producedTotal":0.0,"producedTrx":0,"votes":380161,"producePercentage":0.0,"brokerage":20,"votesPercentage":0.001567839825085149,"version":0},{"address":"TLxcpCwAPTnBVYYrL7JeQCohnLVAfnyQQf","name":"becometa","url":"https://kryptowaluty.org.pl","producer":false,"latestBlockNumber":0.0,"latestSlotNumber":0.0,"missedTotal":0.0,"producedTotal":0.0,"producedTrx":0,"votes":349102,"producePercentage":0.0,"brokerage":0,"votesPercentage":0.0014397479452570772,"version":0},{"address":"TCKLRjJmhFABs4Hbjy5S3DBFoytMQ95hS4","name":"GeoTreasureSR","url":"digitalgeotreasure.com/","producer":false,"latestBlockNumber":0.0,"latestSlotNumber":0.0,"missedTotal":0.0,"producedTotal":0.0,"producedTrx":0,"votes":340084,"producePercentage":0.0,"brokerage":0,"votesPercentage":0.0014025563881467531,"version":0},{"address":"TK9qME8revUZ2KfuZApTHwGqqXS9AoTuBX","name":"Tronhuborg","url":"https://tran.systems/tronhub/","producer":false,"latestBlockNumber":0.0,"latestSlotNumber":0.0,"missedTotal":0.0,"producedTotal":0.0,"producedTrx":0,"votes":339976,"producePercentage":0.0,"brokerage":20,"votesPercentage":0.0014021109802771685,"version":0},{"address":"TMXiQ2W35fDochXM6dDUrF3ZDnWR2uwcRW","name":"PHI-ECAFE","url":" https://www.phituasesor.com/smart-2/","producer":false,"latestBlockNumber":0.0,"latestSlotNumber":0.0,"missedTotal":0.0,"producedTotal":0.0,"producedTrx":0,"votes":336281,"producePercentage":0.0,"brokerage":0,"votesPercentage":0.0013868722573316542,"version":0},{"address":"TJPgacRkihkAxtsEgH3VY5R6fr8bqykf4j","name":"TronHope","url":"https://tronhope.org/","producer":false,"latestBlockNumber":0.0,"latestSlotNumber":0.0,"missedTotal":0.0,"producedTotal":0.0,"producedTrx":0,"votes":297537,"producePercentage":0.0,"brokerage":1,"votesPercentage":0.0012270863082650772,"version":0},{"address":"TMAbjAuefZqzJAyGhkn4AbWa3jinzcZtGc","name":"MLG-Global","url":"https://mlgblockchain.com","producer":false,"latestBlockNumber":1370030.0,"latestSlotNumber":5.11336789E8,"missedTotal":963.0,"producedTotal":16896.0,"producedTrx":0,"votes":221492,"producePercentage":94.60776079287754,"brokerage":20,"votesPercentage":9.134655541672077E-4,"version":0},{"address":"TX663KZ2dKmLvxhCnyY3rytowLNR4TmdVf","name":"MusicCasper","url":"https://www.musiccasper.com/","producer":false,"latestBlockNumber":0.0,"latestSlotNumber":0.0,"missedTotal":0.0,"producedTotal":0.0,"producedTrx":0,"votes":218677,"producePercentage":0.0,"brokerage":100,"votesPercentage":9.018560805294208E-4,"version":0},{"address":"TXUqMBAisbzUg3myoZys7q9wQqafyUUJib","name":"PYRO-Network","url":"https://pyro.network","producer":false,"latestBlockNumber":0.0,"latestSlotNumber":0.0,"missedTotal":0.0,"producedTotal":0.0,"producedTrx":0,"votes":185560,"producePercentage":0.0,"brokerage":20,"votesPercentage":7.652767062975957E-4,"version":0},{"address":"TYftfpnCitoxju9rMYx6XNegUHmFoPMary","name":"ReynaExchange","url":"https://reyna.exchange/","producer":false,"latestBlockNumber":0.0,"latestSlotNumber":0.0,"missedTotal":0.0,"producedTotal":0.0,"producedTrx":0,"votes":177999,"producePercentage":0.0,"brokerage":100,"votesPercentage":7.340940312797248E-4,"version":0},{"address":"TJX4T7AgfkvWbNAyWTxhgXrJv6Yed6BgDx","name":"TRON-MINING","url":"https://www.tron-mining.com","producer":false,"latestBlockNumber":0.0,"latestSlotNumber":0.0,"missedTotal":0.0,"producedTotal":0.0,"producedTrx":0,"votes":161593,"producePercentage":0.0,"brokerage":100,"votesPercentage":6.664332765722536E-4,"version":0},{"address":"TXnqPcy9zWHYyCiQ7Kmvt3aCx5jm9Qnq3e","name":"TRON-Want","url":"https://TRON-Want","producer":false,"latestBlockNumber":0.0,"latestSlotNumber":0.0,"missedTotal":0.0,"producedTotal":0.0,"producedTrx":0,"votes":161209,"producePercentage":0.0,"brokerage":0,"votesPercentage":6.648496041470634E-4,"version":0},{"address":"TKXnhSWxKAfYhsYLkh5wS8qUT1ESBbMSpn","name":"PROMO-NETWORK","url":"https://promo.network/","producer":false,"latestBlockNumber":0.0,"latestSlotNumber":0.0,"missedTotal":0.0,"producedTotal":0.0,"producedTrx":0,"votes":158783,"producePercentage":0.0,"brokerage":100,"votesPercentage":6.548444236691698E-4,"version":0},{"address":"TAKFctfLwhcUwU7PPfijB35GzpPuiph2XE","name":"oceanview","url":"https://twitter.com/mr_oceanview","producer":false,"latestBlockNumber":0.0,"latestSlotNumber":0.0,"missedTotal":0.0,"producedTotal":0.0,"producedTrx":0,"votes":151282,"producePercentage":0.0,"brokerage":100,"votesPercentage":6.239091974677347E-4,"version":0},{"address":"TSyG9BdjsGE2GoHG9eeYKMns6zMQFDmbvS","name":"TarquinRealEstate","url":"xreglobal.com","producer":false,"latestBlockNumber":0.0,"latestSlotNumber":0.0,"missedTotal":0.0,"producedTotal":0.0,"producedTrx":0,"votes":143832,"producePercentage":0.0,"brokerage":100,"votesPercentage":5.931843027602704E-4,"version":0},{"address":"TGnTYAB6XjLWoAGYXmDoLeLeX9X59JFBVK","name":"","url":"https://cobo.com","producer":false,"latestBlockNumber":0.0,"latestSlotNumber":0.0,"missedTotal":0.0,"producedTotal":0.0,"producedTrx":0,"votes":137713,"producePercentage":0.0,"brokerage":20,"votesPercentage":5.679486476307437E-4,"version":0},{"address":"THM4SAoJrNebe8zdQJ8d6eu41XFHHNbb8N","name":"CharityCompassionCoin-CCC","url":"https://CharityCompassionCoin.com","producer":false,"latestBlockNumber":0.0,"latestSlotNumber":0.0,"missedTotal":0.0,"producedTotal":0.0,"producedTrx":0,"votes":135353,"producePercentage":0.0,"brokerage":0,"votesPercentage":5.582156608509295E-4,"version":0},{"address":"TYTYuSyiEpxNsjakQSRmjiZAymvxoBbziH","name":"TronLabsRomania","url":"https://www.tronlabs.ro","producer":false,"latestBlockNumber":0.0,"latestSlotNumber":0.0,"missedTotal":0.0,"producedTotal":0.0,"producedTrx":0,"votes":132619,"producePercentage":0.0,"brokerage":40,"votesPercentage":5.469402431153311E-4,"version":0},{"address":"TTENv9A7zf543xdVmnaon42SqsGGd7L7p8","name":"Bankroll_Network","url":"https://bankroll.network","producer":false,"latestBlockNumber":0.0,"latestSlotNumber":0.0,"missedTotal":0.0,"producedTotal":0.0,"producedTrx":0,"votes":118205,"producePercentage":0.0,"brokerage":20,"votesPercentage":4.874947891135336E-4,"version":0},{"address":"TFcBLX6W4u7xAFYvcyUDEHT6Cy7GroVLfD","name":"TRONbet","url":"https://tronbet.com","producer":false,"latestBlockNumber":4259295.0,"latestSlotNumber":5.14245587E8,"missedTotal":1.0,"producedTotal":13060.0,"producedTrx":0,"votes":118184,"producePercentage":99.99234361840594,"brokerage":20,"votesPercentage":4.87408182027781E-4,"version":0},{"address":"TA8VRz8ofdpmqAvxTKDVGkQRHRWxmRTXGA","name":"TRONPADCOM","url":"https://tronpad.com","producer":false,"latestBlockNumber":0.0,"latestSlotNumber":0.0,"missedTotal":0.0,"producedTotal":0.0,"producedTrx":0,"votes":112463,"producePercentage":0.0,"brokerage":1,"votesPercentage":4.6381393738061273E-4,"version":0},{"address":"TZ8NZA6PPKSK2wHuFAo8vzf4VZnMtmDugF","name":"Surface-Foundation","url":"https://t.me/tron_my","producer":false,"latestBlockNumber":0.0,"latestSlotNumber":0.0,"missedTotal":0.0,"producedTotal":0.0,"producedTrx":0,"votes":108699,"producePercentage":0.0,"brokerage":25,"votesPercentage":4.482906482961972E-4,"version":0},{"address":"TNkRSKWP7VvdrisTwC8iNzUV6MRoEJh6xx","name":"Health-Port-EHR-Issuing-Account","url":"https://healthport.io/","producer":false,"latestBlockNumber":0.0,"latestSlotNumber":0.0,"missedTotal":0.0,"producedTotal":0.0,"producedTrx":0,"votes":105111,"producePercentage":0.0,"brokerage":100,"votesPercentage":4.3349320907332714E-4,"version":0},{"address":"TD4anu8auWfCDYqQpAEcLXVK6UgME9Jsid","name":"TronSecure-Super-Representative","url":"https://tronsecure.io","producer":false,"latestBlockNumber":0.0,"latestSlotNumber":0.0,"missedTotal":0.0,"producedTotal":0.0,"producedTrx":0,"votes":104018,"producePercentage":0.0,"brokerage":0,"votesPercentage":4.289855164672521E-4,"version":0},{"address":"TSRmKPv8kvokcHKfLeySQ3gNHyYrAAXrnc","name":"DAPPHOUSE","url":"http://dapps.house","producer":false,"latestBlockNumber":8387532.0,"latestSlotNumber":5.18435979E8,"missedTotal":2342.0,"producedTotal":250389.0,"producedTrx":0,"votes":100570,"producePercentage":99.07332301933677,"brokerage":20,"votesPercentage":4.1476545781606597E-4,"version":0},{"address":"TGiDnq7cxAFwProHPo8MFwhs7C5PU7EyJR","name":"1000WONG","url":"https://twitter.com/1000WONG","producer":false,"latestBlockNumber":0.0,"latestSlotNumber":0.0,"missedTotal":0.0,"producedTotal":0.0,"producedTrx":0,"votes":90408,"producePercentage":0.0,"brokerage":0,"votesPercentage":3.728558766056964E-4,"version":0},{"address":"TE7BWvxSPbsxZ5MVFFLfmkDnBw3MRFQGtw","name":"ProudBTC1nvest","url":"https://sites.google.com/view/proudbtc1nvest/startsida","producer":false,"latestBlockNumber":0.0,"latestSlotNumber":0.0,"missedTotal":0.0,"producedTotal":0.0,"producedTrx":0,"votes":83130,"producePercentage":0.0,"brokerage":0,"votesPercentage":3.428403351720151E-4,"version":0},{"address":"TAXZHpzFwGdqMzF7w8KkFhWkikGY12yUpk","name":"","url":"https://dexnode.net","producer":false,"latestBlockNumber":0.0,"latestSlotNumber":0.0,"missedTotal":0.0,"producedTotal":0.0,"producedTrx":0,"votes":82613,"producePercentage":0.0,"brokerage":20,"votesPercentage":3.407081512037253E-4,"version":0},{"address":"TTCrBKXyTCS2B5ktjivNtHiSyCPTCLWv3v","name":"TronVietNam","url":"https://www.tronvietnam.org","producer":false,"latestBlockNumber":0.0,"latestSlotNumber":0.0,"missedTotal":0.0,"producedTotal":0.0,"producedTrx":0,"votes":75808,"producePercentage":0.0,"brokerage":15,"votesPercentage":3.126433312729474E-4,"version":0},{"address":"TTuT2AG5q37f74zra7PjAApUmyVaXmFvC4","name":"RayboTron","url":"http://raybo.com","producer":false,"latestBlockNumber":8523378.0,"latestSlotNumber":5.18572799E8,"missedTotal":2326.0,"producedTotal":267142.0,"producedTrx":0,"votes":74940,"producePercentage":99.13681772974898,"brokerage":20,"votesPercentage":3.090635717285073E-4,"version":0},{"address":"TDdYEXqbqYGXaufkh2kiZhFQA3oi6A8yoi","name":"TronBoston","url":"https://www.tronboston.com","producer":false,"latestBlockNumber":0.0,"latestSlotNumber":0.0,"missedTotal":0.0,"producedTotal":0.0,"producedTrx":0,"votes":54303,"producePercentage":0.0,"brokerage":20,"votesPercentage":2.2395355131536073E-4,"version":0},{"address":"TDJ8A5jRuAmb2ctYvZcwtPQaGDv33sVbDD","name":"TronLottery","url":"https://tronlottery.io","producer":false,"latestBlockNumber":0.0,"latestSlotNumber":0.0,"missedTotal":0.0,"producedTotal":0.0,"producedTrx":0,"votes":30734,"producePercentage":0.0,"brokerage":100,"votesPercentage":1.2675153207237716E-4,"version":0},{"address":"TGBnYeW24FC9zcVmV3T2Vrz21hJQrHWfJW","name":"Swisstron","url":"https://www.tron.buzz","producer":false,"latestBlockNumber":0.0,"latestSlotNumber":0.0,"missedTotal":0.0,"producedTotal":0.0,"producedTrx":0,"votes":30095,"producePercentage":0.0,"brokerage":20,"votesPercentage":1.2411620217733424E-4,"version":0},{"address":"TMs377k86n2NXwoZoN6gNCf929u6BKdbvn","name":"odintron","url":"https://twitter.com/black0din","producer":false,"latestBlockNumber":0.0,"latestSlotNumber":0.0,"missedTotal":0.0,"producedTotal":0.0,"producedTrx":0,"votes":30016,"producePercentage":0.0,"brokerage":20,"votesPercentage":1.237903945690269E-4,"version":0},{"address":"TCf5cqLffPccEY7hcsabiFnMfdipfyryvr","name":"","url":"http://TronGr20.com","producer":false,"latestBlockNumber":1549970.0,"latestSlotNumber":5.1151678E8,"missedTotal":0.0,"producedTotal":56172.0,"producedTrx":0,"votes":29284,"producePercentage":100.0,"brokerage":20,"votesPercentage":1.2077151900850825E-4,"version":0},{"address":"TN9rYynDSPinTuvRg8G1TdrEjAc2f3X2dX","name":"Tron-France","url":"http://www.tron-france.com","producer":false,"latestBlockNumber":0.0,"latestSlotNumber":0.0,"missedTotal":0.0,"producedTotal":0.0,"producedTrx":0,"votes":22936,"producePercentage":0.0,"brokerage":20,"votesPercentage":9.459143422958425E-5,"version":0},{"address":"TBkF5gRmwxq4Zm4K7oBMHvfvUKxD8KYkJ5","name":"TRONJAPAN","url":"http://tronjapan.io","producer":false,"latestBlockNumber":0.0,"latestSlotNumber":0.0,"missedTotal":0.0,"producedTotal":0.0,"producedTrx":0,"votes":20821,"producePercentage":0.0,"brokerage":20,"votesPercentage":8.586886345021686E-5,"version":0},{"address":"THX1ZF1CNdcDMNai2QUSYgdBmsECah6vtJ","name":"","url":"https://www.thz.net","producer":false,"latestBlockNumber":0.0,"latestSlotNumber":0.0,"missedTotal":0.0,"producedTotal":0.0,"producedTrx":0,"votes":20658,"producePercentage":0.0,"brokerage":11,"votesPercentage":8.519662749889917E-5,"version":0},{"address":"TU5gKG2QrysL4wmjM6ydonVDcEtupuVHCN","name":"DEXExchange-DEXCOIN","url":"https://dexexchange.us","producer":false,"latestBlockNumber":0.0,"latestSlotNumber":0.0,"missedTotal":0.0,"producedTotal":0.0,"producedTrx":0,"votes":19392,"producePercentage":0.0,"brokerage":100,"votesPercentage":7.997545747210053E-5,"version":0},{"address":"TCjwPyWLgry8dD8QCgpYv7cvKe6oK5PM1j","name":"theseusx","url":"https://theseusx.net","producer":false,"latestBlockNumber":0.0,"latestSlotNumber":0.0,"missedTotal":0.0,"producedTotal":0.0,"producedTrx":0,"votes":18082,"producePercentage":0.0,"brokerage":20,"votesPercentage":7.457282497991552E-5,"version":0},{"address":"TS4vTdFRNJCHZex8j7bozAiRXGXvtRjhAF","name":"TEAMHELIOS","url":"https://teamhelios.org/","producer":false,"latestBlockNumber":0.0,"latestSlotNumber":0.0,"missedTotal":0.0,"producedTotal":0.0,"producedTrx":0,"votes":13457,"producePercentage":0.0,"brokerage":100,"votesPercentage":5.549864537964403E-5,"version":0},{"address":"THWCmwMwtc97qDd1fqkeK8LBwSPgwTeq79","name":"NEOPLY-TRON","url":"https://www.neoply.com","producer":false,"latestBlockNumber":0.0,"latestSlotNumber":0.0,"missedTotal":0.0,"producedTotal":0.0,"producedTrx":0,"votes":12736,"producePercentage":0.0,"brokerage":100,"votesPercentage":5.252513543547197E-5,"version":0},{"address":"TN8jmSQv79QHa37cckKMguDyf3vAKtpvDs","name":"BlockChainRealEstate","url":"tronsr","producer":false,"latestBlockNumber":3908714.0,"latestSlotNumber":5.13892774E8,"missedTotal":0.0,"producedTotal":1065.0,"producedTrx":0,"votes":12230,"producePercentage":100.0,"brokerage":100,"votesPercentage":5.043831708352875E-5,"version":0},{"address":"TLTeJxavvgAC5opkDXfXfhRXp4thLfHL5p","name":"BitDogSR","url":"https://weibo.com/bitdog666","producer":false,"latestBlockNumber":3226491.0,"latestSlotNumber":5.1320879E8,"missedTotal":1.0,"producedTotal":27199.0,"producedTrx":0,"votes":12205,"producePercentage":99.99632352941177,"brokerage":20,"votesPercentage":5.0335213410013767E-5,"version":0},{"address":"TX3ZceVew6yLC5hWTXnjrUFtiFfUDGKGty","name":"","url":"http://TronGr18.com","producer":false,"latestBlockNumber":1492396.0,"latestSlotNumber":5.11459189E8,"missedTotal":0.0,"producedTotal":34565.0,"producedTrx":0,"votes":8758,"producePercentage":100.0,"brokerage":20,"votesPercentage":3.6119278905768175E-5,"version":0},{"address":"TUpoK1NUFcXpVjn7AvTsSCAYwD559CEaxr","name":"TrIP4web","url":"https://trip4web.com","producer":false,"latestBlockNumber":0.0,"latestSlotNumber":0.0,"missedTotal":0.0,"producedTotal":0.0,"producedTrx":0,"votes":7070,"producePercentage":0.0,"brokerage":20,"votesPercentage":2.9157718870036654E-5,"version":0},{"address":"TQxyQu5d76MaxsEF4nBf9tFa8s93nSHe8M","name":"tronproio","url":"http://tronpro.io","producer":false,"latestBlockNumber":1305260.0,"latestSlotNumber":5.11271991E8,"missedTotal":1.0,"producedTotal":15194.0,"producedTrx":0,"votes":6859,"producePercentage":99.99341888779205,"brokerage":20,"votesPercentage":2.8287523865570212E-5,"version":0},{"address":"TLaqfGrxZ3dykAFps7M2B4gETTX1yixPgN","name":"","url":"http://TronGr17.com","producer":false,"latestBlockNumber":1650121.0,"latestSlotNumber":5.11617598E8,"missedTotal":8.0,"producedTotal":49765.0,"producedTrx":0,"votes":6831,"producePercentage":99.98392702871034,"brokerage":20,"votesPercentage":2.8172047751233432E-5,"version":0},{"address":"TRSZydUjAZaA5aMYA21J9iWriNF1q1bwzW","name":"TRONCanada","url":"https://www.troncanada.com/","producer":false,"latestBlockNumber":0.0,"latestSlotNumber":0.0,"missedTotal":0.0,"producedTotal":0.0,"producedTrx":0,"votes":6283,"producePercentage":0.0,"brokerage":20,"votesPercentage":2.591201522778505E-5,"version":0},{"address":"TUbPJqc7pw9iSkWC2a3dWJAThSnnesAwFq","name":"","url":"https://www.hashfin.com","producer":false,"latestBlockNumber":0.0,"latestSlotNumber":0.0,"missedTotal":0.0,"producedTotal":0.0,"producedTrx":0,"votes":6020,"producePercentage":0.0,"brokerage":20,"votesPercentage":2.4827364582407448E-5,"version":0},{"address":"TRKJzrZxN34YyB8aBqqPDt7g4fv6sieemz","name":"","url":"http://TronGr24.com","producer":false,"latestBlockNumber":1614750.0,"latestSlotNumber":5.1158158E8,"missedTotal":0.0,"producedTotal":21248.0,"producedTrx":0,"votes":6007,"producePercentage":100.0,"brokerage":20,"votesPercentage":2.4773750672179655E-5,"version":0},{"address":"THKJYuUmMKKARNf7s2VT51g5uPY6KEqnat","name":"","url":"http://TronGr1.com","producer":false,"latestBlockNumber":1621714.0,"latestSlotNumber":5.11588788E8,"missedTotal":0.0,"producedTotal":58297.0,"producedTrx":0,"votes":5783,"producePercentage":100.0,"brokerage":20,"votesPercentage":2.3849941757485423E-5,"version":0},{"address":"TLCuBEirVzB6V4menLZKw1jfBTFMZbuKq7","name":"","url":"https://game.com","producer":false,"latestBlockNumber":0.0,"latestSlotNumber":0.0,"missedTotal":0.0,"producedTotal":0.0,"producedTrx":0,"votes":5597,"producePercentage":0.0,"brokerage":20,"votesPercentage":2.3082850426533966E-5,"version":0},{"address":"TFuC2Qge4GxA2U9abKxk1pw3YZvGM5XRir","name":"","url":"http://TronGr11.com","producer":false,"latestBlockNumber":1463589.0,"latestSlotNumber":5.11430374E8,"missedTotal":5.0,"producedTotal":30041.0,"producedTrx":0,"votes":5501,"producePercentage":99.98335884976369,"brokerage":20,"votesPercentage":2.268693232023644E-5,"version":0},{"address":"TWwaKmzCGF4Hka99GHuR8Waz1mrEtkByeN","name":"TronInvestGroup","url":"https://www.troninvestgroup.org","producer":false,"latestBlockNumber":0.0,"latestSlotNumber":0.0,"missedTotal":0.0,"producedTotal":0.0,"producedTrx":0,"votes":5496,"producePercentage":0.0,"brokerage":100,"votesPercentage":2.2666311585533443E-5,"version":0},{"address":"TQQ6akqQfkUoB26PfnkLkEqKoh1BNvQoFs","name":"BitcoinWorld","url":"https://www.bitcoinworld.com/","producer":false,"latestBlockNumber":0.0,"latestSlotNumber":0.0,"missedTotal":0.0,"producedTotal":0.0,"producedTrx":0,"votes":5252,"producePercentage":0.0,"brokerage":20,"votesPercentage":2.166001973202723E-5,"version":0},{"address":"TLF5cNeWQKGUyDDHebQnLTfCNCKGCb4wiu","name":"TeamTronVIP","url":"https://tronvip.io","producer":false,"latestBlockNumber":0.0,"latestSlotNumber":0.0,"missedTotal":0.0,"producedTotal":0.0,"producedTrx":0,"votes":5109,"producePercentage":0.0,"brokerage":20,"votesPercentage":2.1070266719521537E-5,"version":0},{"address":"TWeZZDaDu63CebHsnDGUhsKAZ2cHz7uFJt","name":"NodeCapital","url":"http://www.nodecap.com/","producer":false,"latestBlockNumber":0.0,"latestSlotNumber":0.0,"missedTotal":0.0,"producedTotal":0.0,"producedTrx":0,"votes":5056,"producePercentage":0.0,"brokerage":20,"votesPercentage":2.0851686931669778E-5,"version":0},{"address":"TYNh7Td8z7jga1tZYvkZvn4AKxq8aPmGZm","name":"genesiscap","url":"http://newgenesiscap.com/","producer":false,"latestBlockNumber":0.0,"latestSlotNumber":0.0,"missedTotal":0.0,"producedTotal":0.0,"producedTrx":0,"votes":5012,"producePercentage":0.0,"brokerage":20,"votesPercentage":2.067022446628341E-5,"version":0},{"address":"TH4nPzmbioavDew4GPxD4hHzsLXAetDFSA","name":"","url":"https://tron.34rth.com/","producer":false,"latestBlockNumber":0.0,"latestSlotNumber":0.0,"missedTotal":0.0,"producedTotal":0.0,"producedTrx":0,"votes":5004,"producePercentage":0.0,"brokerage":20,"votesPercentage":2.0637231290758616E-5,"version":0},{"address":"TWmYacoioZVVDn3jwVCd28sEJpJARyybSF","name":"BitTorrentNow","url":"http://bt.co","producer":false,"latestBlockNumber":0.0,"latestSlotNumber":0.0,"missedTotal":0.0,"producedTotal":0.0,"producedTrx":0,"votes":4470,"producePercentage":0.0,"brokerage":20,"votesPercentage":1.843493682447862E-5,"version":0},{"address":"TFYhSxKGD7Ysqi96wozmpGw5P3vC324Kem","name":"HelloWorld","url":"https://helloworldteam.org","producer":false,"latestBlockNumber":0.0,"latestSlotNumber":0.0,"missedTotal":0.0,"producedTotal":0.0,"producedTrx":0,"votes":4360,"producePercentage":0.0,"brokerage":20,"votesPercentage":1.7981280661012703E-5,"version":0},{"address":"TGK6iAKgBmHeQyp5hn3imB71EDnFPkXiPR","name":"","url":"http://TronGr16.com","producer":false,"latestBlockNumber":1542790.0,"latestSlotNumber":5.11509598E8,"missedTotal":559.0,"producedTotal":54023.0,"producedTrx":0,"votes":4236,"producePercentage":98.97585284526033,"brokerage":20,"votesPercentage":1.7469886440378398E-5,"version":0},{"address":"TM2WoRPjYAWjJuR6QSZgaGWkr2qDP2d6sA","name":"Tron-Man","url":"http://tron-man.com/","producer":false,"latestBlockNumber":0.0,"latestSlotNumber":0.0,"missedTotal":0.0,"producedTotal":0.0,"producedTrx":0,"votes":4100,"producePercentage":0.0,"brokerage":20,"votesPercentage":1.69090024564569E-5,"version":0},{"address":"TNHpUuakVeceLagF9k6j8HU9KruSQ23cXW","name":"TronWatch","url":"https://www.google.com/","producer":false,"latestBlockNumber":0.0,"latestSlotNumber":0.0,"missedTotal":0.0,"producedTotal":0.0,"producedTrx":0,"votes":3676,"producePercentage":0.0,"brokerage":100,"votesPercentage":1.516036415364282E-5,"version":0},{"address":"TNEqakRxoJ1YsLK2t5c57vZyWWbDpetq7y","name":"GameOfTron","url":"https://www.gameoftron.net/","producer":false,"latestBlockNumber":0.0,"latestSlotNumber":0.0,"missedTotal":0.0,"producedTotal":0.0,"producedTrx":0,"votes":3552,"producePercentage":0.0,"brokerage":20,"votesPercentage":1.4648969933008514E-5,"version":0},{"address":"TNGoca1VHC6Y5Jd2B1VFpFEhizVk92Rz85","name":"","url":"http://TronGr12.com","producer":false,"latestBlockNumber":1492394.0,"latestSlotNumber":5.11459187E8,"missedTotal":0.0,"producedTotal":46832.0,"producedTrx":0,"votes":3365,"producePercentage":100.0,"brokerage":20,"votesPercentage":1.3877754455116454E-5,"version":0},{"address":"TK6V5Pw2UWQWpySnZyCDZaAvu1y48oRgXN","name":"","url":"http://TronGr6.com","producer":false,"latestBlockNumber":1513988.0,"latestSlotNumber":5.11480787E8,"missedTotal":1.0,"producedTotal":55640.0,"producedTrx":0,"votes":3257,"producePercentage":99.99820276414873,"brokerage":20,"votesPercentage":1.3432346585531738E-5,"version":0},{"address":"TYy6xnc35LkyEuU9fJv4x89vkhLZim1yJv","name":"EtherPoker","url":"http://www.etherpoker.cc","producer":false,"latestBlockNumber":3548904.0,"latestSlotNumber":5.1353279E8,"missedTotal":249.0,"producedTotal":69878.0,"producedTrx":0,"votes":3089,"producePercentage":99.64492991287236,"brokerage":20,"votesPercentage":1.2739489899511065E-5,"version":0},{"address":"TVDmPWGYxgi5DNeW8hXrzrhY8Y6zgxPNg4","name":"","url":"http://TronGr2.com","producer":false,"latestBlockNumber":1549967.0,"latestSlotNumber":5.11516777E8,"missedTotal":2.0,"producedTotal":53764.0,"producedTrx":0,"votes":3050,"producePercentage":99.99628017706357,"brokerage":20,"votesPercentage":1.2578648168827693E-5,"version":0},{"address":"TGgF85TNinitZZ1zTf1bKbUyTByAxHLd7G","name":"HOLDTRON","url":"https://t.me/joinchat/F5QrYU9C8y-nAN2w0M327Q","producer":false,"latestBlockNumber":0.0,"latestSlotNumber":0.0,"missedTotal":0.0,"producedTotal":0.0,"producedTrx":0,"votes":2926,"producePercentage":0.0,"brokerage":20,"votesPercentage":1.2067253948193388E-5,"version":0},{"address":"TDarXEG2rAD57oa7JTK785Yb2Et32UzY32","name":"","url":"http://TronGr4.com","producer":false,"latestBlockNumber":1513990.0,"latestSlotNumber":5.11480789E8,"missedTotal":0.0,"producedTotal":53772.0,"producedTrx":0,"votes":2731,"producePercentage":100.0,"brokerage":20,"votesPercentage":1.1263045294776534E-5,"version":0},{"address":"TMXamLGmArfCEFoVXbrvbyXpzMT2Tq1FBy","name":"DEXExchange-DEXCOIN-XDEX","url":"Change Your Vote From This SR Position, To Our New SR Position: \"DEXExchange-DEXCOIN\"","producer":false,"latestBlockNumber":0.0,"latestSlotNumber":0.0,"missedTotal":0.0,"producedTotal":0.0,"producedTrx":0,"votes":2453,"producePercentage":0.0,"brokerage":100,"votesPercentage":1.0116532445289945E-5,"version":0},{"address":"TWm3id3mrQ42guf7c4oVpYExyTYnEGy3JL","name":"","url":"http://TronGr9.com","producer":false,"latestBlockNumber":1362829.0,"latestSlotNumber":5.11329585E8,"missedTotal":0.0,"producedTotal":47904.0,"producedTrx":0,"votes":2452,"producePercentage":100.0,"brokerage":20,"votesPercentage":1.0112408298349346E-5,"version":0},{"address":"TEuVwDCt4qGehQTg7DJEC1EsJHpTkWHhqJ","name":"MEG4TRON","url":"http://www.meg4tron.com/","producer":false,"latestBlockNumber":0.0,"latestSlotNumber":0.0,"missedTotal":0.0,"producedTotal":0.0,"producedTrx":0,"votes":2042,"producePercentage":0.0,"brokerage":20,"votesPercentage":8.421508052703656E-6,"version":0},{"address":"TRLnLri5w7q9VigSeTJEjog4RuVtwoqvCr","name":"","url":"https://mdt.co","producer":false,"latestBlockNumber":0.0,"latestSlotNumber":0.0,"missedTotal":0.0,"producedTotal":0.0,"producedTrx":0,"votes":2001,"producePercentage":0.0,"brokerage":20,"votesPercentage":8.252418028139087E-6,"version":0},{"address":"TEEzguTtCihbRPfjf1CvW8Euxz1kKuvtR9","name":"","url":"http://TronGr14.com","producer":false,"latestBlockNumber":760520.0,"latestSlotNumber":5.10724788E8,"missedTotal":0.0,"producedTotal":27117.0,"producedTrx":0,"votes":1839,"producePercentage":100.0,"brokerage":20,"votesPercentage":7.584306223762008E-6,"version":0},{"address":"TRE6JANcQBfmXTDooRyStoALZNWvEgNpsE","name":"Tronbite","url":" ","producer":false,"latestBlockNumber":1.3998453E7,"latestSlotNumber":5.24080797E8,"missedTotal":426.0,"producedTotal":102241.0,"producedTrx":0,"votes":1643,"producePercentage":99.58506628225233,"brokerage":100,"votesPercentage":6.775973423404557E-6,"version":0},{"address":"TRMP6SKeFUt5NtMLzJv8kdpYuHRnEGjGfe","name":"","url":"http://TronGr25.com","producer":false,"latestBlockNumber":1542791.0,"latestSlotNumber":5.11509599E8,"missedTotal":11.0,"producedTotal":18571.0,"producedTrx":0,"votes":1626,"producePercentage":99.9408029275643,"brokerage":20,"votesPercentage":6.705862925414371E-6,"version":0},{"address":"TSkXBuJBsnjdVFADqU2CsmD6YaCuxN7AHe","name":"","url":"https://antpool.com","producer":false,"latestBlockNumber":0.0,"latestSlotNumber":0.0,"missedTotal":0.0,"producedTotal":0.0,"producedTrx":0,"votes":1589,"producePercentage":0.0,"brokerage":20,"votesPercentage":6.553269488612198E-6,"version":0},{"address":"TEVAq8dmSQyTYK7uP1ZnZpa6MBVR83GsV6","name":"","url":"http://TronGr23.com","producer":false,"latestBlockNumber":1557177.0,"latestSlotNumber":5.1152399E8,"missedTotal":0.0,"producedTotal":19115.0,"producedTrx":0,"votes":1525,"producePercentage":100.0,"brokerage":20,"votesPercentage":6.2893240844138465E-6,"version":0},{"address":"TAa14iLEKPAetX49mzaxZmH6saRxcX7dT5","name":"","url":"http://TronGr21.com","producer":false,"latestBlockNumber":1614751.0,"latestSlotNumber":5.11581581E8,"missedTotal":0.0,"producedTotal":28449.0,"producedTrx":0,"votes":1501,"producePercentage":100.0,"brokerage":20,"votesPercentage":6.190344557839464E-6,"version":0},{"address":"TDEhi48MepJYzdb2XfEKe294prSiMssmTx","name":"trongalaxy","url":"http://www.trongalaxy.io","producer":false,"latestBlockNumber":0.0,"latestSlotNumber":0.0,"missedTotal":0.0,"producedTotal":0.0,"producedTrx":0,"votes":1405,"producePercentage":0.0,"brokerage":20,"votesPercentage":5.794426451541937E-6,"version":0},{"address":"TBzaVm3e3QmoaG5xjR98DNqZE9bYwqgZcg","name":"BitcoinGOD","url":"https://trx.bitcoingod.org","producer":false,"latestBlockNumber":0.0,"latestSlotNumber":0.0,"missedTotal":0.0,"producedTotal":0.0,"producedTrx":0,"votes":1370,"producePercentage":0.0,"brokerage":20,"votesPercentage":5.650081308620964E-6,"version":0},{"address":"TVsofxarmK6TYPzF7QkYsKxUhYtKFzrsRW","name":"COINHEIO","url":"https://coinhe.io","producer":false,"latestBlockNumber":0.0,"latestSlotNumber":0.0,"missedTotal":0.0,"producedTotal":0.0,"producedTrx":0,"votes":1357,"producePercentage":0.0,"brokerage":20,"votesPercentage":5.596467398393174E-6,"version":0},{"address":"TFuWG1FeQ3CXTsXnuydHahy3JsZZy11w5M","name":"Lucky2019YearOfThePig","url":"https://globalricetoken.wixsite.com/grttoken","producer":false,"latestBlockNumber":0.0,"latestSlotNumber":0.0,"missedTotal":0.0,"producedTotal":0.0,"producedTrx":0,"votes":1312,"producePercentage":0.0,"brokerage":20,"votesPercentage":5.410880786066208E-6,"version":0},{"address":"TJz3YaEaeceU3qhsanaomQp9oomR2Rbecf","name":"Tronix_Global","url":"www.tronixglobal.com","producer":false,"latestBlockNumber":0.0,"latestSlotNumber":0.0,"missedTotal":0.0,"producedTotal":0.0,"producedTrx":0,"votes":1222,"producePercentage":0.0,"brokerage":97,"votesPercentage":5.0397075614122755E-6,"version":0},{"address":"TDbNE1VajxjpgM5p7FyGNDASt3UVoFbiD3","name":"","url":"http://TronGr26.com","producer":false,"latestBlockNumber":1104788.0,"latestSlotNumber":5.11070388E8,"missedTotal":0.0,"producedTotal":24711.0,"producedTrx":0,"votes":1214,"producePercentage":100.0,"brokerage":20,"votesPercentage":5.006714385887481E-6,"version":0},{"address":"TTyNZXwUjF9g8us4HUgEXMvNuzRkcvopbL","name":"TRONBITCOIN","url":"http://tronbitcoin.io","producer":false,"latestBlockNumber":0.0,"latestSlotNumber":0.0,"missedTotal":0.0,"producedTotal":0.0,"producedTrx":0,"votes":1176,"producePercentage":0.0,"brokerage":100,"votesPercentage":4.849996802144711E-6,"version":0},{"address":"TNi5gk1xVLR3QddJ5t6ReraYed63WjWGPj","name":"smoksolutios","url":"ffgtrgh","producer":false,"latestBlockNumber":0.0,"latestSlotNumber":0.0,"missedTotal":0.0,"producedTotal":0.0,"producedTrx":0,"votes":1158,"producePercentage":0.0,"brokerage":20,"votesPercentage":4.775762157213924E-6,"version":0},{"address":"TBWMoK75hMmjRUtDrEEweA7g8nkSPUzDjG","name":"","url":"http://www.ocoins.cc/","producer":false,"latestBlockNumber":0.0,"latestSlotNumber":0.0,"missedTotal":0.0,"producedTotal":0.0,"producedTrx":0,"votes":1087,"producePercentage":0.0,"brokerage":20,"votesPercentage":4.4829477244313776E-6,"version":0},{"address":"TQ4EtNraCeAh4xkw7xLGiWZMbtMtbBv7Bj","name":"TronTexas","url":"https://trontx.com","producer":false,"latestBlockNumber":0.0,"latestSlotNumber":0.0,"missedTotal":0.0,"producedTotal":0.0,"producedTrx":0,"votes":1078,"producePercentage":0.0,"brokerage":20,"votesPercentage":4.445830401965985E-6,"version":0},{"address":"TCvwc3FV3ssq2rD82rMmjhT4PVXYTsFcKV","name":"","url":"http://TronGr10.com","producer":false,"latestBlockNumber":1076255.0,"latestSlotNumber":5.11041581E8,"missedTotal":0.0,"producedTotal":26298.0,"producedTrx":0,"votes":1000,"producePercentage":100.0,"brokerage":20,"votesPercentage":4.124146940599244E-6,"version":0},{"address":"TGXRA72hwr47NDezgfSqhBJczxsYFQcK2H","name":"","url":"http://VeganIS.ME/","producer":false,"latestBlockNumber":0.0,"latestSlotNumber":0.0,"missedTotal":0.0,"producedTotal":0.0,"producedTrx":0,"votes":877,"producePercentage":0.0,"brokerage":20,"votesPercentage":3.616876866905537E-6,"version":0},{"address":"TTTZFEVSxpZ8gVHwJVs6yhzBuN4xbHuoES","name":"--BANK--","url":"www.tbd.com","producer":false,"latestBlockNumber":0.0,"latestSlotNumber":0.0,"missedTotal":0.0,"producedTotal":0.0,"producedTrx":0,"votes":876,"producePercentage":0.0,"brokerage":20,"votesPercentage":3.6127527199649375E-6,"version":0},{"address":"THWeUoi3HYEnLDXigeyejjFSFAMaAJGnDU","name":"TronicStorm","url":"VoteTronicStorm","producer":false,"latestBlockNumber":0.0,"latestSlotNumber":0.0,"missedTotal":0.0,"producedTotal":0.0,"producedTrx":0,"votes":864,"producePercentage":0.0,"brokerage":15,"votesPercentage":3.5632629566777468E-6,"version":0},{"address":"TUHkTGbNAYWVbJ8WCcUJj66ui1nrFd9k2m","name":"Huxliumworkforce","url":"https://huxlium.org","producer":false,"latestBlockNumber":0.0,"latestSlotNumber":0.0,"missedTotal":0.0,"producedTotal":0.0,"producedTrx":0,"votes":844,"producePercentage":0.0,"brokerage":100,"votesPercentage":3.4807800178657617E-6,"version":0},{"address":"TGK8YYb9bJVnkw2hRFG1FyNVvXuqkWB4VD","name":"TronGameGlobal","url":"https://trongameglobal.network","producer":false,"latestBlockNumber":0.0,"latestSlotNumber":0.0,"missedTotal":0.0,"producedTotal":0.0,"producedTrx":0,"votes":804,"producePercentage":0.0,"brokerage":20,"votesPercentage":3.315814140241792E-6,"version":0},{"address":"TQq5ynrFUoDt338dXSWM4abFfF8YQ1PysX","name":"TRXKings","url":"https://www.trxkings.com","producer":false,"latestBlockNumber":0.0,"latestSlotNumber":0.0,"missedTotal":0.0,"producedTotal":0.0,"producedTrx":0,"votes":752,"producePercentage":0.0,"brokerage":20,"votesPercentage":3.1013584993306317E-6,"version":0},{"address":"TQNCne1UuKFmihsHjzebNSob7nS9xk9JNL","name":"","url":"https://TRXGUARDIAN.ORG","producer":false,"latestBlockNumber":0.0,"latestSlotNumber":0.0,"missedTotal":0.0,"producedTotal":0.0,"producedTrx":0,"votes":750,"producePercentage":0.0,"brokerage":20,"votesPercentage":3.093110205449433E-6,"version":0},{"address":"TYEYCoYyKdH2zekWo7fy77sALpQJmSTixr","name":"Tron-DAG","url":"http://www.dagbvi.com","producer":false,"latestBlockNumber":0.0,"latestSlotNumber":0.0,"missedTotal":0.0,"producedTotal":0.0,"producedTrx":0,"votes":652,"producePercentage":0.0,"brokerage":20,"votesPercentage":2.688943805270707E-6,"version":0},{"address":"TG6Nn9pnTv6XLKqoda1CHpaEYYFfyLS9T6","name":"JDI-Venture","url":"http://jdi.group","producer":false,"latestBlockNumber":0.0,"latestSlotNumber":0.0,"missedTotal":0.0,"producedTotal":0.0,"producedTrx":0,"votes":645,"producePercentage":0.0,"brokerage":20,"votesPercentage":2.660074776686512E-6,"version":0},{"address":"TEbYtf3gRudzLGEGhfqxkVuUWsNAqmjCLi","name":"RoboCoin","url":"https://www.robocoinexchange.com","producer":false,"latestBlockNumber":0.0,"latestSlotNumber":0.0,"missedTotal":0.0,"producedTotal":0.0,"producedTrx":0,"votes":640,"producePercentage":0.0,"brokerage":20,"votesPercentage":2.639454041983516E-6,"version":0},{"address":"TFsgyrtVwUFdc5uZSprhyBJNQzpuoMXjwC","name":"TRONCAMBODIA","url":"https://tronkh.org","producer":false,"latestBlockNumber":0.0,"latestSlotNumber":0.0,"missedTotal":0.0,"producedTotal":0.0,"producedTrx":0,"votes":621,"producePercentage":0.0,"brokerage":20,"votesPercentage":2.5610952501121305E-6,"version":0},{"address":"TC1ZCj9Ne3j5v3TLx5ZCDLD55MU9g3XqQW","name":"","url":"http://TronGr8.com","producer":false,"latestBlockNumber":1650122.0,"latestSlotNumber":5.11617599E8,"missedTotal":1.0,"producedTotal":47910.0,"producedTrx":0,"votes":611,"producePercentage":99.99791279664377,"brokerage":20,"votesPercentage":2.5198537807061378E-6,"version":0},{"address":"TGZdwPPqsR3B9JghJryozpBtZz3kbDEjGM","name":"MyTronScan-FullNode","url":"https://DoNotVote-Not-Active-SR","producer":false,"latestBlockNumber":0.0,"latestSlotNumber":0.0,"missedTotal":0.0,"producedTotal":0.0,"producedTrx":0,"votes":600,"producePercentage":0.0,"brokerage":20,"votesPercentage":2.474488164359546E-6,"version":0},{"address":"TDpzrQUkUuMBsx67HXByZZNT6u9PUvbifE","name":"","url":"http://www.linkvc.com/","producer":false,"latestBlockNumber":0.0,"latestSlotNumber":0.0,"missedTotal":0.0,"producedTotal":0.0,"producedTrx":0,"votes":600,"producePercentage":0.0,"brokerage":20,"votesPercentage":2.474488164359546E-6,"version":0},{"address":"TDGAnbNhYA1dsbPSF2RBNEu1fz4c2vRWbU","name":"Muse_Incorporated","url":"https://www.museprotocol.com","producer":false,"latestBlockNumber":0.0,"latestSlotNumber":0.0,"missedTotal":0.0,"producedTotal":0.0,"producedTrx":0,"votes":580,"producePercentage":0.0,"brokerage":20,"votesPercentage":2.3920052255475614E-6,"version":0},{"address":"TBYsHxDmFaRmfCF3jZNmgeJE8sDnTNKHbz","name":"","url":"http://TronGr22.com","producer":false,"latestBlockNumber":1593157.0,"latestSlotNumber":5.11559981E8,"missedTotal":0.0,"producedTotal":21773.0,"producedTrx":0,"votes":529,"producePercentage":100.0,"brokerage":20,"votesPercentage":2.181673731577E-6,"version":0},{"address":"TTxt1K49riY6FvAkk84xJzBEBPtMbFa85M","name":"BittrexStaking","url":"https://global.bittrex.com/","producer":false,"latestBlockNumber":0.0,"latestSlotNumber":0.0,"missedTotal":0.0,"producedTotal":0.0,"producedTrx":0,"votes":513,"producePercentage":0.0,"brokerage":20,"votesPercentage":2.1156873805274117E-6,"version":0},{"address":"TSeJtWDCowLuYnibVsZVr3N2U3ypVap5hG","name":"TronSwap","url":"https://tronswap.io","producer":false,"latestBlockNumber":0.0,"latestSlotNumber":0.0,"missedTotal":0.0,"producedTotal":0.0,"producedTrx":0,"votes":510,"producePercentage":0.0,"brokerage":20,"votesPercentage":2.1033149397056144E-6,"version":0},{"address":"TNRKgJ6Le7xLsewFayFonaVhftxV5KNVnC","name":"TRONIUM-SR","url":"http://www.tronium.net","producer":false,"latestBlockNumber":0.0,"latestSlotNumber":0.0,"missedTotal":0.0,"producedTotal":0.0,"producedTrx":0,"votes":505,"producePercentage":0.0,"brokerage":20,"votesPercentage":2.0826942050026178E-6,"version":0},{"address":"TJuRfL3tRdSQvVPKDXi6FRivcbZpsbz7AD","name":"ApexInformatics","url":"http://www.apexinformatics.com","producer":false,"latestBlockNumber":0.0,"latestSlotNumber":0.0,"missedTotal":0.0,"producedTotal":0.0,"producedTrx":0,"votes":502,"producePercentage":0.0,"brokerage":20,"votesPercentage":2.0703217641808204E-6,"version":0},{"address":"TKEppdcqcY73hgeL9ogta6ZoXR1jfzA2gV","name":"","url":"http://d2fapp.com","producer":false,"latestBlockNumber":0.0,"latestSlotNumber":0.0,"missedTotal":0.0,"producedTotal":0.0,"producedTrx":0,"votes":501,"producePercentage":0.0,"brokerage":20,"votesPercentage":2.066197617240221E-6,"version":0},{"address":"TRni6NxF8CQVcywcDm67sEpCYCo7BUGXCD","name":"FreeSpace","url":"https://youtu.be/pWhw_NjVV68","producer":false,"latestBlockNumber":0.0,"latestSlotNumber":0.0,"missedTotal":0.0,"producedTotal":0.0,"producedTrx":0,"votes":498,"producePercentage":0.0,"brokerage":20,"votesPercentage":2.0538251764184233E-6,"version":0},{"address":"TJE3hXDseyEgwv31QzysrNBJyDjEhVDBVQ","name":"PRESIDENT","url":"Https://www.numeriuno.eu","producer":false,"latestBlockNumber":0.0,"latestSlotNumber":0.0,"missedTotal":0.0,"producedTotal":0.0,"producedTrx":0,"votes":407,"producePercentage":0.0,"brokerage":20,"votesPercentage":1.678527804823892E-6,"version":0},{"address":"TZ2iD3EW2fGSkez7zZXEo7VwXhQPPXRkVR","name":"rewards-for-all-not-just-for-SR","url":"http://bit.ly/libertytron","producer":false,"latestBlockNumber":0.0,"latestSlotNumber":0.0,"missedTotal":0.0,"producedTotal":0.0,"producedTrx":0,"votes":362,"producePercentage":0.0,"brokerage":20,"votesPercentage":1.4929411924969261E-6,"version":0},{"address":"TLCjmH6SqGK8twZ9XrBDWpBbfyvEXihhNS","name":"","url":"http://TronGr13.com","producer":false,"latestBlockNumber":1571564.0,"latestSlotNumber":5.11538381E8,"missedTotal":0.0,"producedTotal":24448.0,"producedTrx":0,"votes":340,"producePercentage":100.0,"brokerage":20,"votesPercentage":1.402209959803743E-6,"version":0},{"address":"TLTDZBcPoJ8tZ6TTEeEqEvwYFk2wgotSfD","name":"","url":"http://TronGr27.com","producer":false,"latestBlockNumber":1513987.0,"latestSlotNumber":5.11480786E8,"missedTotal":0.0,"producedTotal":30838.0,"producedTrx":0,"votes":315,"producePercentage":100.0,"brokerage":20,"votesPercentage":1.2991062862887617E-6,"version":0},{"address":"TDirsgwgL8i95nzQqyPZ6XuHv9jvJQfTmF","name":"vongabau","url":"http://hqn.vn","producer":false,"latestBlockNumber":0.0,"latestSlotNumber":0.0,"missedTotal":0.0,"producedTotal":0.0,"producedTrx":0,"votes":300,"producePercentage":0.0,"brokerage":20,"votesPercentage":1.237244082179773E-6,"version":0},{"address":"TNaMNHgtqS763tXwbzGDRhn5qUL9RwfcTn","name":"TronixInternational","url":"https://tronix.international/","producer":false,"latestBlockNumber":0.0,"latestSlotNumber":0.0,"missedTotal":0.0,"producedTotal":0.0,"producedTrx":0,"votes":300,"producePercentage":0.0,"brokerage":20,"votesPercentage":1.237244082179773E-6,"version":0},{"address":"TNfqpGrR3v4bQo8jemVyEpiUGFipQxj8sH","name":"TheProphet","url":"www.dtroynx.com","producer":false,"latestBlockNumber":0.0,"latestSlotNumber":0.0,"missedTotal":0.0,"producedTotal":0.0,"producedTrx":0,"votes":250,"producePercentage":0.0,"brokerage":20,"votesPercentage":1.031036735149811E-6,"version":0},{"address":"TTDY8aQQizYCHA7qdmgtLgPNEe2YWEfPZa","name":"TEAMX-SR","url":"https://www.teamx.com","producer":false,"latestBlockNumber":3966296.0,"latestSlotNumber":5.13950399E8,"missedTotal":2.0,"producedTotal":17850.0,"producedTrx":0,"votes":200,"producePercentage":99.98879677347075,"brokerage":100,"votesPercentage":8.248293881198487E-7,"version":0},{"address":"TMNUDeyr6ZEW8vHAUnaKi2Bbgi14TPq63q","name":"","url":"https://cobo.com","producer":false,"latestBlockNumber":0.0,"latestSlotNumber":0.0,"missedTotal":0.0,"producedTotal":0.0,"producedTrx":0,"votes":167,"producePercentage":0.0,"brokerage":20,"votesPercentage":6.887325390800737E-7,"version":0},{"address":"TA5Ub5djuEe8naTMxyXyRoKjemqFiE3RmC","name":"FireKrakenMedia","url":"https://firekraken.media","producer":false,"latestBlockNumber":0.0,"latestSlotNumber":0.0,"missedTotal":0.0,"producedTotal":0.0,"producedTrx":0,"votes":163,"producePercentage":0.0,"brokerage":100,"votesPercentage":6.722359513176767E-7,"version":0},{"address":"TX9nw7PXpGHLqRNMWmj8izyNvzy7JU5qXi","name":"TronCenter","url":"http://www.troncenter.com","producer":false,"latestBlockNumber":0.0,"latestSlotNumber":0.0,"missedTotal":0.0,"producedTotal":0.0,"producedTrx":0,"votes":159,"producePercentage":0.0,"brokerage":20,"votesPercentage":6.557393635552797E-7,"version":0},{"address":"TSQ8c97uCRG5ZugLDZ8jdbhtktNLgh6f26","name":"AurumCryptoCompany","url":" ","producer":false,"latestBlockNumber":0.0,"latestSlotNumber":0.0,"missedTotal":0.0,"producedTotal":0.0,"producedTrx":0,"votes":140,"producePercentage":0.0,"brokerage":20,"votesPercentage":5.773805716838941E-7,"version":0},{"address":"TZHvwiw9cehbMxrtTbmAexm9oPo4eFFvLS","name":"","url":"http://TronGr15.com","producer":false,"latestBlockNumber":1549971.0,"latestSlotNumber":5.11516781E8,"missedTotal":0.0,"producedTotal":25516.0,"producedTrx":0,"votes":125,"producePercentage":100.0,"brokerage":20,"votesPercentage":5.155183675749055E-7,"version":0},{"address":"TAEw4zwwYMiDcWFC9xQrLP9moMi34YAZbz","name":"","url":"http://imcash.io","producer":false,"latestBlockNumber":0.0,"latestSlotNumber":0.0,"missedTotal":0.0,"producedTotal":0.0,"producedTrx":0,"votes":114,"producePercentage":0.0,"brokerage":100,"votesPercentage":4.701527512283138E-7,"version":0},{"address":"TVQ6wERJ4YBd1TqH9bdYT1VV93CP393eiT","name":"TRON-Bet","url":"https://www.tronbet.io","producer":false,"latestBlockNumber":1.7306496E7,"latestSlotNumber":5.27392798E8,"missedTotal":0.0,"producedTotal":800.0,"producedTrx":0,"votes":113,"producePercentage":100.0,"brokerage":20,"votesPercentage":4.6602860428771456E-7,"version":0},{"address":"TK1Q72E87K9T8evFW2ucBGByf96WEbX777","name":"MolotovLab","url":"https://molotovlab.com","producer":false,"latestBlockNumber":0.0,"latestSlotNumber":0.0,"missedTotal":0.0,"producedTotal":0.0,"producedTrx":0,"votes":107,"producePercentage":0.0,"brokerage":20,"votesPercentage":4.4128372264411905E-7,"version":0},{"address":"TSeU7Sa22kRVo2gUSt47S6PiW8NRktPt8o","name":"a4ooooooo","url":"https://a4oo.ml","producer":false,"latestBlockNumber":0.0,"latestSlotNumber":0.0,"missedTotal":0.0,"producedTotal":0.0,"producedTrx":0,"votes":106,"producePercentage":0.0,"brokerage":20,"votesPercentage":4.371595757035198E-7,"version":0},{"address":"TVMC8C7Y4f4ABr48PJencVdunVVB4XUW96","name":"","url":"https://dootron.com/en/home","producer":false,"latestBlockNumber":0.0,"latestSlotNumber":0.0,"missedTotal":0.0,"producedTotal":0.0,"producedTrx":0,"votes":106,"producePercentage":0.0,"brokerage":20,"votesPercentage":4.371595757035198E-7,"version":0},{"address":"TZBABURn1nNxw63QiezbTvhRPmFjomSz2Q","name":"RB-Main-L","url":"https://cryptotalkers.com","producer":false,"latestBlockNumber":0.0,"latestSlotNumber":0.0,"missedTotal":0.0,"producedTotal":0.0,"producedTrx":0,"votes":105,"producePercentage":0.0,"brokerage":20,"votesPercentage":4.3303542876292057E-7,"version":0},{"address":"TAmFfS4Tmm8yKeoqZN8x51ASwdQBdnVizt","name":"","url":"http://TronGr5.com","producer":false,"latestBlockNumber":1226106.0,"latestSlotNumber":5.111928E8,"missedTotal":0.0,"producedTotal":36710.0,"producedTrx":0,"votes":103,"producePercentage":100.0,"brokerage":20,"votesPercentage":4.247871348817221E-7,"version":0},{"address":"TWKZN1JJPFydd5rMgMCV5aZTSiwmoksSZv","name":"","url":"http://TronGr3.com","producer":false,"latestBlockNumber":681353.0,"latestSlotNumber":5.10645598E8,"missedTotal":0.0,"producedTotal":25247.0,"producedTrx":0,"votes":102,"producePercentage":100.0,"brokerage":20,"votesPercentage":4.2066298794112284E-7,"version":0},{"address":"TGqFJPFiEqdZx52ZR4QcKHz4Zr3QXA24VL","name":"","url":"http://TronGr7.com","producer":false,"latestBlockNumber":1571562.0,"latestSlotNumber":5.11538379E8,"missedTotal":0.0,"producedTotal":35113.0,"producedTrx":0,"votes":101,"producePercentage":100.0,"brokerage":20,"votesPercentage":4.165388410005236E-7,"version":0},{"address":"TAhXnVYaAKx6xa8E6JeASR5SrGXHSeyqaL","name":"RinzlerSR","url":"https://rinzler.eu","producer":false,"latestBlockNumber":0.0,"latestSlotNumber":0.0,"missedTotal":0.0,"producedTotal":0.0,"producedTrx":0,"votes":100,"producePercentage":0.0,"brokerage":100,"votesPercentage":4.1241469405992436E-7,"version":0},{"address":"THyFzhbcfWw2CJa4eAaHRCst3d5hnyqXLL","name":"LivenodesNetwork","url":"https://www.livenodes.network/","producer":false,"latestBlockNumber":0.0,"latestSlotNumber":0.0,"missedTotal":0.0,"producedTotal":0.0,"producedTrx":0,"votes":100,"producePercentage":0.0,"brokerage":20,"votesPercentage":4.1241469405992436E-7,"version":0},{"address":"TPsQ4XsQEFwSWGr2Zae62kuo69MABA1cVU","name":"FedayKeen","url":"http://www.contactnetwork.fr/","producer":false,"latestBlockNumber":0.0,"latestSlotNumber":0.0,"missedTotal":0.0,"producedTotal":0.0,"producedTrx":0,"votes":100,"producePercentage":0.0,"brokerage":20,"votesPercentage":4.1241469405992436E-7,"version":0},{"address":"TSEHJbvpnevJP4zR3uTgXJ1toZ16bPz3uW","name":"","url":"https://zhizhu.top/","producer":false,"latestBlockNumber":0.0,"latestSlotNumber":0.0,"missedTotal":0.0,"producedTotal":0.0,"producedTrx":0,"votes":97,"producePercentage":0.0,"brokerage":20,"votesPercentage":4.0004225323812663E-7,"version":0},{"address":"TL8rrg2ZNPHtpPFp3j2nwH9BLhN7qg32dh","name":"","url":"https://cobo.com","producer":false,"latestBlockNumber":0.0,"latestSlotNumber":0.0,"missedTotal":0.0,"producedTotal":0.0,"producedTrx":0,"votes":90,"producePercentage":0.0,"brokerage":20,"votesPercentage":3.7117322465393194E-7,"version":0},{"address":"TRAzTRvjfd7TCqfUkB1zJ6vMv7Y7F7puZr","name":"Vena_Family","url":"https://www.vena.network","producer":false,"latestBlockNumber":0.0,"latestSlotNumber":0.0,"missedTotal":0.0,"producedTotal":0.0,"producedTrx":0,"votes":63,"producePercentage":0.0,"brokerage":20,"votesPercentage":2.5982125725775235E-7,"version":0},{"address":"TPtryrrXSVT9cefs4wvL3ks2J5sr8PJLcg","name":"TronBlock","url":"https://tronblock.co","producer":false,"latestBlockNumber":0.0,"latestSlotNumber":0.0,"missedTotal":0.0,"producedTotal":0.0,"producedTrx":0,"votes":62,"producePercentage":0.0,"brokerage":20,"votesPercentage":2.556971103171531E-7,"version":0},{"address":"TXSh73A7dwbQU3Navx5217hf9Yjp3QEGD1","name":"LUCKYGAMES","url":"https://t.me/TronParty","producer":false,"latestBlockNumber":0.0,"latestSlotNumber":0.0,"missedTotal":0.0,"producedTotal":0.0,"producedTrx":0,"votes":60,"producePercentage":0.0,"brokerage":20,"votesPercentage":2.474488164359546E-7,"version":0},{"address":"TGMZpmGpx8KTGJc8NzBkEBnfzpWGp9Rar8","name":"NextGenius","url":"http://www.nextgenius.com.au","producer":false,"latestBlockNumber":0.0,"latestSlotNumber":0.0,"missedTotal":0.0,"producedTotal":0.0,"producedTrx":0,"votes":60,"producePercentage":0.0,"brokerage":20,"votesPercentage":2.474488164359546E-7,"version":0},{"address":"TDo2qwRLEkTZCXzcotiEQLt2wLeTttKTnZ","name":"TronSchool","url":"http://www.tron.school/","producer":false,"latestBlockNumber":0.0,"latestSlotNumber":0.0,"missedTotal":0.0,"producedTotal":0.0,"producedTrx":0,"votes":55,"producePercentage":0.0,"brokerage":20,"votesPercentage":2.2682808173295842E-7,"version":0},{"address":"TFkHXapDnFCq8Cw4LFUzM3cSe6EGnMb4pk","name":"","url":"https://atticlab.net","producer":false,"latestBlockNumber":0.0,"latestSlotNumber":0.0,"missedTotal":0.0,"producedTotal":0.0,"producedTrx":0,"votes":54,"producePercentage":0.0,"brokerage":20,"votesPercentage":2.2270393479235917E-7,"version":0},{"address":"TXio2SKopbzwyZ5XPxfFwceBFFHDKjEvUZ","name":"","url":"www","producer":false,"latestBlockNumber":0.0,"latestSlotNumber":0.0,"missedTotal":0.0,"producedTotal":0.0,"producedTrx":0,"votes":53,"producePercentage":0.0,"brokerage":20,"votesPercentage":2.185797878517599E-7,"version":0},{"address":"TQANnQ4DwspKuuF3BCvaukwXGHD4G36XGH","name":"BlakeStorie","url":"https://mobile.twitter.com/busyblaze","producer":false,"latestBlockNumber":0.0,"latestSlotNumber":0.0,"missedTotal":0.0,"producedTotal":0.0,"producedTrx":0,"votes":52,"producePercentage":0.0,"brokerage":20,"votesPercentage":2.1445564091116066E-7,"version":0},{"address":"TCmubWCoL7cLA2VDkVn4WGWCT7nqcFavXX","name":"KaanKOZAN","url":"https://twitter.com/KaanKOZANn","producer":false,"latestBlockNumber":0.0,"latestSlotNumber":0.0,"missedTotal":0.0,"producedTotal":0.0,"producedTrx":0,"votes":52,"producePercentage":0.0,"brokerage":20,"votesPercentage":2.1445564091116066E-7,"version":0},{"address":"TMofnVBZeuFTrkYAnQ54TDWNyMbrHzXkwy","name":"BrianJun_Web","url":"https://twitter.com/@brianjun09","producer":false,"latestBlockNumber":0.0,"latestSlotNumber":0.0,"missedTotal":0.0,"producedTotal":0.0,"producedTrx":0,"votes":51,"producePercentage":0.0,"brokerage":20,"votesPercentage":2.1033149397056142E-7,"version":0},{"address":"TFxanMr7ffV9YsbXcaSzA9Eja7AA318rha","name":"TRONMANkr","url":"http://tronman.io/","producer":false,"latestBlockNumber":0.0,"latestSlotNumber":0.0,"missedTotal":0.0,"producedTotal":0.0,"producedTrx":0,"votes":49,"producePercentage":0.0,"brokerage":20,"votesPercentage":2.0208320008936294E-7,"version":0},{"address":"TLipnfPL5ajqYB9eqEJuaUBqr2jEG75X2B","name":"","url":"https://gconnect.io/","producer":false,"latestBlockNumber":0.0,"latestSlotNumber":0.0,"missedTotal":0.0,"producedTotal":0.0,"producedTrx":0,"votes":35,"producePercentage":0.0,"brokerage":20,"votesPercentage":1.4434514292097352E-7,"version":0},{"address":"THpWeDXW422Suo5fNZtz1XU8kpPJ3jo4q1","name":"","url":"https://www.rightbtc.com","producer":false,"latestBlockNumber":0.0,"latestSlotNumber":0.0,"missedTotal":0.0,"producedTotal":0.0,"producedTrx":0,"votes":35,"producePercentage":0.0,"brokerage":20,"votesPercentage":1.4434514292097352E-7,"version":0},{"address":"TTiAHqKadiLPVZjiKaAjHDXkq7sfEozQZr","name":"Cancancan","url":"Can","producer":false,"latestBlockNumber":0.0,"latestSlotNumber":0.0,"missedTotal":0.0,"producedTotal":0.0,"producedTrx":0,"votes":31,"producePercentage":0.0,"brokerage":20,"votesPercentage":1.2784855515857655E-7,"version":0},{"address":"TPVMxXoci8SAoJMF1Xyqzethg4Qzoh51Z7","name":"SevoNikolovTRX","url":"https://www.facebook.com/sevo.nikolov","producer":false,"latestBlockNumber":0.0,"latestSlotNumber":0.0,"missedTotal":0.0,"producedTotal":0.0,"producedTrx":0,"votes":30,"producePercentage":0.0,"brokerage":20,"votesPercentage":1.237244082179773E-7,"version":0},{"address":"TELjcuZeP3vCXjq2zvgLsi7dNQry6pDKn5","name":"SteveJobs","url":"http://the-crazy-once.de","producer":false,"latestBlockNumber":0.0,"latestSlotNumber":0.0,"missedTotal":0.0,"producedTotal":0.0,"producedTrx":0,"votes":30,"producePercentage":0.0,"brokerage":100,"votesPercentage":1.237244082179773E-7,"version":0},{"address":"TGuS4RVh8wpQCtAdxij6pYSk9ur6J8fsmb","name":"Happy_East_Capital","url":"http://he.capital/","producer":false,"latestBlockNumber":0.0,"latestSlotNumber":0.0,"missedTotal":0.0,"producedTotal":0.0,"producedTrx":0,"votes":27,"producePercentage":0.0,"brokerage":20,"votesPercentage":1.1135196739617959E-7,"version":0},{"address":"TU5Td1DnsL84aeoMXTm7HGW7Nt5kuxHoCs","name":"GSC-GlobalSocialChain","url":"https://gsc.social","producer":false,"latestBlockNumber":0.0,"latestSlotNumber":0.0,"missedTotal":0.0,"producedTotal":0.0,"producedTrx":0,"votes":27,"producePercentage":0.0,"brokerage":20,"votesPercentage":1.1135196739617959E-7,"version":0},{"address":"TC1yZaa75GPPzM26pxfSP3AxsPT8yartQR","name":"CBD-OIL-NETWORK-TOKEN","url":"https://twitter.com/Filo_0x","producer":false,"latestBlockNumber":0.0,"latestSlotNumber":0.0,"missedTotal":0.0,"producedTotal":0.0,"producedTrx":0,"votes":27,"producePercentage":0.0,"brokerage":100,"votesPercentage":1.1135196739617959E-7,"version":0},{"address":"TEsuA4ULsZwfvSRSbu8yx7K3UB6aLi5Djn","name":"TheL1Crew","url":"http://t.me/TheL1Crew","producer":false,"latestBlockNumber":0.0,"latestSlotNumber":0.0,"missedTotal":0.0,"producedTotal":0.0,"producedTrx":0,"votes":27,"producePercentage":0.0,"brokerage":20,"votesPercentage":1.1135196739617959E-7,"version":0},{"address":"TNd2MPxccwBZoqpJuCrDEeNJizx5tmyNLs","name":"TRAC_REG","url":"www.upvote.world TBD","producer":false,"latestBlockNumber":0.0,"latestSlotNumber":0.0,"missedTotal":0.0,"producedTotal":0.0,"producedTrx":0,"votes":25,"producePercentage":0.0,"brokerage":20,"votesPercentage":1.0310367351498109E-7,"version":0},{"address":"TMykaWQe9YinNb36yE5k4MH9VUEGyKgQQA","name":"testmain","url":"https://www.wunderchain.com","producer":false,"latestBlockNumber":0.0,"latestSlotNumber":0.0,"missedTotal":0.0,"producedTotal":0.0,"producedTrx":0,"votes":23,"producePercentage":0.0,"brokerage":20,"votesPercentage":9.485537963378262E-8,"version":0},{"address":"TWT4BantYCwgQCN9ubxd8Lz765Sw8yv8iL","name":"ROCA-TRON","url":"    ","producer":false,"latestBlockNumber":0.0,"latestSlotNumber":0.0,"missedTotal":0.0,"producedTotal":0.0,"producedTrx":0,"votes":22,"producePercentage":0.0,"brokerage":20,"votesPercentage":9.073123269318336E-8,"version":0},{"address":"TC34KZDLwARaBrZ2B8eet9GqgLGDpvifiz","name":"Peterkim7238","url":"http://blog.naver.com/coolkim01","producer":false,"latestBlockNumber":0.0,"latestSlotNumber":0.0,"missedTotal":0.0,"producedTotal":0.0,"producedTrx":0,"votes":20,"producePercentage":0.0,"brokerage":20,"votesPercentage":8.248293881198488E-8,"version":0},{"address":"TDUjtGPXM6UJkxREWyNV53c9r1L5ZVJLPb","name":"justanthonyhero","url":"https://reyna2.com","producer":false,"latestBlockNumber":0.0,"latestSlotNumber":0.0,"missedTotal":0.0,"producedTotal":0.0,"producedTrx":0,"votes":20,"producePercentage":0.0,"brokerage":100,"votesPercentage":8.248293881198488E-8,"version":0},{"address":"TLyKxzA5QUkV6R4PCZKZiLaKeoyT5qnEAA","name":"C773Tron","url":"https://c773.com/","producer":false,"latestBlockNumber":0.0,"latestSlotNumber":0.0,"missedTotal":0.0,"producedTotal":0.0,"producedTrx":0,"votes":19,"producePercentage":0.0,"brokerage":20,"votesPercentage":7.835879187138562E-8,"version":0},{"address":"TPr4Po9LHUuxqfuRyjpiWctkP39EbpujXH","name":"ONGISTRON™ ","url":"https://t.me/ONGISTRON_NewsChannel","producer":false,"latestBlockNumber":0.0,"latestSlotNumber":0.0,"missedTotal":0.0,"producedTotal":0.0,"producedTrx":0,"votes":18,"producePercentage":0.0,"brokerage":20,"votesPercentage":7.42346449307864E-8,"version":0},{"address":"TYShuadcBNBKgk8UgxsnB43yeBdyioswHh","name":"tronfans","url":"http://www.tronfans.info","producer":false,"latestBlockNumber":2480734.0,"latestSlotNumber":5.12452775E8,"missedTotal":0.0,"producedTotal":5328.0,"producedTrx":0,"votes":12,"producePercentage":100.0,"brokerage":20,"votesPercentage":4.9489763287190924E-8,"version":0},{"address":"TYednHaV9zXpnPchSywVpnseQxY9Pxw4do","name":"","url":"http://TronGr19.com","producer":false,"latestBlockNumber":1621715.0,"latestSlotNumber":5.11588789E8,"missedTotal":0.0,"producedTotal":26567.0,"producedTrx":0,"votes":10,"producePercentage":100.0,"brokerage":20,"votesPercentage":4.124146940599244E-8,"version":0},{"address":"TYqxoFgQLtq7f146uJS533GMU88nEpwKgz","name":"GM-Informatics-SR-001","url":"https://www.gm-informatics.com","producer":false,"latestBlockNumber":0.0,"latestSlotNumber":0.0,"missedTotal":0.0,"producedTotal":0.0,"producedTrx":0,"votes":4,"producePercentage":0.0,"brokerage":20,"votesPercentage":1.6496587762396975E-8,"version":0},{"address":"TEVwq7bwFf6ToBu8M3ydD96tnVPyGXf394","name":"daranonetwork","url":"https://darano.network/","producer":false,"latestBlockNumber":0.0,"latestSlotNumber":0.0,"missedTotal":0.0,"producedTotal":0.0,"producedTrx":0,"votes":2,"producePercentage":0.0,"brokerage":20,"votesPercentage":8.248293881198487E-9,"version":0},{"address":"TTjacDH5PL8hpWirqU7HQQNZDyF723PuCg","name":"","url":"https://www.neoply.com","producer":false,"latestBlockNumber":0.0,"latestSlotNumber":0.0,"missedTotal":0.0,"producedTotal":0.0,"producedTrx":0,"votes":0,"producePercentage":0.0,"brokerage":20,"votesPercentage":0.0,"version":0}]

]]></system-out>
  <system-err><![CDATA[]]></system-err>
</testsuite>
