<?xml version="1.0" encoding="UTF-8"?>
<testsuite name="tron.tronscan.api.PostTagChange" tests="3" skipped="0" failures="0" errors="0" timestamp="2020-05-12T03:07:22" hostname="zhukaideiMac" time="1.615">
  <properties/>
  <testcase name="postTagDelete" classname="tron.tronscan.api.PostTagChange" time="0.614"/>
  <testcase name="postTagInsert" classname="tron.tronscan.api.PostTagChange" time="0.519"/>
  <testcase name="postTagUpdate" classname="tron.tronscan.api.PostTagChange" time="0.481"/>
  <system-out><![CDATA[requestUrlhttp://tronexapi.tronscan.org/external/tag/delete
请求开始时间： 11:07:22:048
11:07:22.048 [TestNG-tests-1] DEBUG org.apache.http.impl.conn.PoolingClientConnectionManager - Connection request: [route: {}->http://tronexapi.tronscan.org:80][total kept alive: 0; route allocated: 0 of 80; total allocated: 0 of 100]
11:07:22.048 [TestNG-tests-1] DEBUG org.apache.http.impl.conn.PoolingClientConnectionManager - Connection leased: [id: 34][route: {}->http://tronexapi.tronscan.org:80][total kept alive: 0; route allocated: 1 of 80; total allocated: 1 of 100]
11:07:22.049 [TestNG-tests-1] DEBUG org.apache.http.impl.conn.DefaultClientConnectionOperator - Connecting to tronexapi.tronscan.org:80
11:07:22.315 [TestNG-tests-1] DEBUG org.apache.http.client.protocol.RequestAddCookies - CookieSpec selected: default
11:07:22.315 [TestNG-tests-1] DEBUG org.apache.http.client.protocol.RequestAuthCache - Auth cache not set in the context
11:07:22.315 [TestNG-tests-1] DEBUG org.apache.http.client.protocol.RequestTargetAuthentication - Target auth state: UNCHALLENGED
11:07:22.315 [TestNG-tests-1] DEBUG org.apache.http.client.protocol.RequestProxyAuthentication - Proxy auth state: UNCHALLENGED
11:07:22.315 [TestNG-tests-1] DEBUG org.apache.http.impl.client.DefaultHttpClient - Attempt 1 to execute request
11:07:22.315 [TestNG-tests-1] DEBUG org.apache.http.impl.conn.DefaultClientConnection - Sending request: POST /external/tag/delete HTTP/1.1
11:07:22.315 [TestNG-tests-1] DEBUG org.apache.http.wire -  >> "POST /external/tag/delete HTTP/1.1[\r][\n]"
11:07:22.315 [TestNG-tests-1] DEBUG org.apache.http.wire -  >> "Content-type: application/json; charset=utf-8[\r][\n]"
11:07:22.315 [TestNG-tests-1] DEBUG org.apache.http.wire -  >> "Connection: Close[\r][\n]"
11:07:22.315 [TestNG-tests-1] DEBUG org.apache.http.wire -  >> "Content-Length: 107[\r][\n]"
11:07:22.315 [TestNG-tests-1] DEBUG org.apache.http.wire -  >> "Content-Encoding: UTF-8[\r][\n]"
11:07:22.315 [TestNG-tests-1] DEBUG org.apache.http.wire -  >> "Host: tronexapi.tronscan.org[\r][\n]"
11:07:22.315 [TestNG-tests-1] DEBUG org.apache.http.wire -  >> "User-Agent: Apache-HttpClient/4.5.3 (Java/1.8.0_211)[\r][\n]"
11:07:22.315 [TestNG-tests-1] DEBUG org.apache.http.wire -  >> "[\r][\n]"
11:07:22.315 [TestNG-tests-1] DEBUG org.apache.http.headers - >> POST /external/tag/delete HTTP/1.1
11:07:22.315 [TestNG-tests-1] DEBUG org.apache.http.headers - >> Content-type: application/json; charset=utf-8
11:07:22.315 [TestNG-tests-1] DEBUG org.apache.http.headers - >> Connection: Close
11:07:22.315 [TestNG-tests-1] DEBUG org.apache.http.headers - >> Content-Length: 107
11:07:22.315 [TestNG-tests-1] DEBUG org.apache.http.headers - >> Content-Encoding: UTF-8
11:07:22.315 [TestNG-tests-1] DEBUG org.apache.http.headers - >> Host: tronexapi.tronscan.org
11:07:22.315 [TestNG-tests-1] DEBUG org.apache.http.headers - >> User-Agent: Apache-HttpClient/4.5.3 (Java/1.8.0_211)
11:07:22.315 [TestNG-tests-1] DEBUG org.apache.http.wire -  >> "{"user_address":"TDaVYpgwV1cBuM2p4byRpgZrBmnoLUqE1n","target_address":"TXTZtfVD7ghfjSfVrnPwDFowoYXaV6cp9Y"}"
11:07:22.660 [TestNG-tests-1] DEBUG org.apache.http.wire -  << "HTTP/1.1 200 OK[\r][\n]"
11:07:22.660 [TestNG-tests-1] DEBUG org.apache.http.wire -  << "Server: nginx/1.12.2[\r][\n]"
11:07:22.660 [TestNG-tests-1] DEBUG org.apache.http.wire -  << "Date: Tue, 12 May 2020 03:07:23 GMT[\r][\n]"
11:07:22.660 [TestNG-tests-1] DEBUG org.apache.http.wire -  << "Content-Type: application/json;charset=UTF-8[\r][\n]"
11:07:22.660 [TestNG-tests-1] DEBUG org.apache.http.wire -  << "Content-Length: 46[\r][\n]"
11:07:22.660 [TestNG-tests-1] DEBUG org.apache.http.wire -  << "Connection: close[\r][\n]"
11:07:22.660 [TestNG-tests-1] DEBUG org.apache.http.wire -  << "Access-Control-Allow-Origin: *[\r][\n]"
11:07:22.660 [TestNG-tests-1] DEBUG org.apache.http.wire -  << "Access-Control-Allow-Headers: *[\r][\n]"
11:07:22.660 [TestNG-tests-1] DEBUG org.apache.http.wire -  << "Access-Control-Allow-Methods: GET,POST,PUT,DELETE,OPTIONS[\r][\n]"
11:07:22.660 [TestNG-tests-1] DEBUG org.apache.http.wire -  << "[\r][\n]"
11:07:22.660 [TestNG-tests-1] DEBUG org.apache.http.impl.conn.DefaultClientConnection - Receiving response: HTTP/1.1 200 OK
11:07:22.660 [TestNG-tests-1] DEBUG org.apache.http.headers - << HTTP/1.1 200 OK
11:07:22.660 [TestNG-tests-1] DEBUG org.apache.http.headers - << Server: nginx/1.12.2
11:07:22.660 [TestNG-tests-1] DEBUG org.apache.http.headers - << Date: Tue, 12 May 2020 03:07:23 GMT
11:07:22.660 [TestNG-tests-1] DEBUG org.apache.http.headers - << Content-Type: application/json;charset=UTF-8
11:07:22.660 [TestNG-tests-1] DEBUG org.apache.http.headers - << Content-Length: 46
11:07:22.660 [TestNG-tests-1] DEBUG org.apache.http.headers - << Connection: close
11:07:22.660 [TestNG-tests-1] DEBUG org.apache.http.headers - << Access-Control-Allow-Origin: *
11:07:22.660 [TestNG-tests-1] DEBUG org.apache.http.headers - << Access-Control-Allow-Headers: *
11:07:22.660 [TestNG-tests-1] DEBUG org.apache.http.headers - << Access-Control-Allow-Methods: GET,POST,PUT,DELETE,OPTIONS
请求结束时间： 11:07:22:660
11:07:22.660 [TestNG-tests-1] INFO tron.tronscan.api.PostTagChange - code is 200
11:07:22.661 [TestNG-tests-1] DEBUG org.apache.http.wire -  << "{"retCode":"0","retMsg":["SUCCESS"],"data":{}}"
11:07:22.661 [TestNG-tests-1] DEBUG org.apache.http.impl.conn.DefaultClientConnection - Connection 0.0.0.0:56756<->3.14.14.175:80 closed
11:07:22.661 [TestNG-tests-1] DEBUG org.apache.http.impl.conn.PoolingClientConnectionManager - Connection released: [id: 34][route: {}->http://tronexapi.tronscan.org:80][total kept alive: 0; route allocated: 0 of 80; total allocated: 0 of 100]
11:07:22.661 [TestNG-tests-1] INFO tron.common.TronscanApiList - ----------------------------Print JSON Start---------------------------
11:07:22.661 [TestNG-tests-1] INFO tron.common.TronscanApiList - data:{}
11:07:22.661 [TestNG-tests-1] INFO tron.common.TronscanApiList - retCode:0
11:07:22.661 [TestNG-tests-1] INFO tron.common.TronscanApiList - retMsg:["SUCCESS"]
11:07:22.661 [TestNG-tests-1] INFO tron.common.TronscanApiList - JSON content size are: 3
11:07:22.661 [TestNG-tests-1] INFO tron.common.TronscanApiList - ----------------------------Print JSON End-----------------------------
requestUrlhttp://tronexapi.tronscan.org/external/tag/insert
请求开始时间： 11:07:22:661
11:07:22.661 [TestNG-tests-1] DEBUG org.apache.http.impl.conn.PoolingClientConnectionManager - Connection request: [route: {}->http://tronexapi.tronscan.org:80][total kept alive: 0; route allocated: 0 of 80; total allocated: 0 of 100]
11:07:22.661 [TestNG-tests-1] DEBUG org.apache.http.impl.conn.PoolingClientConnectionManager - Connection leased: [id: 35][route: {}->http://tronexapi.tronscan.org:80][total kept alive: 0; route allocated: 1 of 80; total allocated: 1 of 100]
11:07:22.661 [TestNG-tests-1] DEBUG org.apache.http.impl.conn.DefaultClientConnectionOperator - Connecting to tronexapi.tronscan.org:80
11:07:22.908 [TestNG-tests-1] DEBUG org.apache.http.client.protocol.RequestAddCookies - CookieSpec selected: default
11:07:22.908 [TestNG-tests-1] DEBUG org.apache.http.client.protocol.RequestAuthCache - Auth cache not set in the context
11:07:22.908 [TestNG-tests-1] DEBUG org.apache.http.client.protocol.RequestTargetAuthentication - Target auth state: UNCHALLENGED
11:07:22.908 [TestNG-tests-1] DEBUG org.apache.http.client.protocol.RequestProxyAuthentication - Proxy auth state: UNCHALLENGED
11:07:22.908 [TestNG-tests-1] DEBUG org.apache.http.impl.client.DefaultHttpClient - Attempt 1 to execute request
11:07:22.908 [TestNG-tests-1] DEBUG org.apache.http.impl.conn.DefaultClientConnection - Sending request: POST /external/tag/insert HTTP/1.1
11:07:22.908 [TestNG-tests-1] DEBUG org.apache.http.wire -  >> "POST /external/tag/insert HTTP/1.1[\r][\n]"
11:07:22.908 [TestNG-tests-1] DEBUG org.apache.http.wire -  >> "Content-type: application/json; charset=utf-8[\r][\n]"
11:07:22.908 [TestNG-tests-1] DEBUG org.apache.http.wire -  >> "Connection: Close[\r][\n]"
11:07:22.908 [TestNG-tests-1] DEBUG org.apache.http.wire -  >> "Content-Length: 151[\r][\n]"
11:07:22.908 [TestNG-tests-1] DEBUG org.apache.http.wire -  >> "Content-Encoding: UTF-8[\r][\n]"
11:07:22.908 [TestNG-tests-1] DEBUG org.apache.http.wire -  >> "Host: tronexapi.tronscan.org[\r][\n]"
11:07:22.908 [TestNG-tests-1] DEBUG org.apache.http.wire -  >> "User-Agent: Apache-HttpClient/4.5.3 (Java/1.8.0_211)[\r][\n]"
11:07:22.908 [TestNG-tests-1] DEBUG org.apache.http.wire -  >> "[\r][\n]"
11:07:22.908 [TestNG-tests-1] DEBUG org.apache.http.headers - >> POST /external/tag/insert HTTP/1.1
11:07:22.908 [TestNG-tests-1] DEBUG org.apache.http.headers - >> Content-type: application/json; charset=utf-8
11:07:22.908 [TestNG-tests-1] DEBUG org.apache.http.headers - >> Connection: Close
11:07:22.908 [TestNG-tests-1] DEBUG org.apache.http.headers - >> Content-Length: 151
11:07:22.908 [TestNG-tests-1] DEBUG org.apache.http.headers - >> Content-Encoding: UTF-8
11:07:22.908 [TestNG-tests-1] DEBUG org.apache.http.headers - >> Host: tronexapi.tronscan.org
11:07:22.908 [TestNG-tests-1] DEBUG org.apache.http.headers - >> User-Agent: Apache-HttpClient/4.5.3 (Java/1.8.0_211)
11:07:22.908 [TestNG-tests-1] DEBUG org.apache.http.wire -  >> "{"user_address":"TDaVYpgwV1cBuM2p4byRpgZrBmnoLUqE1n","target_address":"TXTZtfVD7ghfjSfVrnPwDFowoYXaV6cp9Y","tag":"[0xe6][0xb5][0x8b][0xe8][0xaf][0x95][0xe6][0x8f][0x92][0xe5][0x85][0xa5]","description":"[0xe6][0x88][0x90][0xe5][0x8a][0x9f]"}"
11:07:23.180 [TestNG-tests-1] DEBUG org.apache.http.wire -  << "HTTP/1.1 200 OK[\r][\n]"
11:07:23.180 [TestNG-tests-1] DEBUG org.apache.http.wire -  << "Server: nginx/1.12.2[\r][\n]"
11:07:23.180 [TestNG-tests-1] DEBUG org.apache.http.wire -  << "Date: Tue, 12 May 2020 03:07:24 GMT[\r][\n]"
11:07:23.180 [TestNG-tests-1] DEBUG org.apache.http.wire -  << "Content-Type: application/json;charset=UTF-8[\r][\n]"
11:07:23.180 [TestNG-tests-1] DEBUG org.apache.http.wire -  << "Content-Length: 46[\r][\n]"
11:07:23.180 [TestNG-tests-1] DEBUG org.apache.http.wire -  << "Connection: close[\r][\n]"
11:07:23.180 [TestNG-tests-1] DEBUG org.apache.http.wire -  << "Access-Control-Allow-Origin: *[\r][\n]"
11:07:23.180 [TestNG-tests-1] DEBUG org.apache.http.wire -  << "Access-Control-Allow-Headers: *[\r][\n]"
11:07:23.180 [TestNG-tests-1] DEBUG org.apache.http.wire -  << "Access-Control-Allow-Methods: GET,POST,PUT,DELETE,OPTIONS[\r][\n]"
11:07:23.180 [TestNG-tests-1] DEBUG org.apache.http.wire -  << "[\r][\n]"
11:07:23.180 [TestNG-tests-1] DEBUG org.apache.http.impl.conn.DefaultClientConnection - Receiving response: HTTP/1.1 200 OK
11:07:23.180 [TestNG-tests-1] DEBUG org.apache.http.headers - << HTTP/1.1 200 OK
11:07:23.180 [TestNG-tests-1] DEBUG org.apache.http.headers - << Server: nginx/1.12.2
11:07:23.180 [TestNG-tests-1] DEBUG org.apache.http.headers - << Date: Tue, 12 May 2020 03:07:24 GMT
11:07:23.180 [TestNG-tests-1] DEBUG org.apache.http.headers - << Content-Type: application/json;charset=UTF-8
11:07:23.180 [TestNG-tests-1] DEBUG org.apache.http.headers - << Content-Length: 46
11:07:23.180 [TestNG-tests-1] DEBUG org.apache.http.headers - << Connection: close
11:07:23.180 [TestNG-tests-1] DEBUG org.apache.http.headers - << Access-Control-Allow-Origin: *
11:07:23.180 [TestNG-tests-1] DEBUG org.apache.http.headers - << Access-Control-Allow-Headers: *
11:07:23.180 [TestNG-tests-1] DEBUG org.apache.http.headers - << Access-Control-Allow-Methods: GET,POST,PUT,DELETE,OPTIONS
请求结束时间： 11:07:23:180
11:07:23.180 [TestNG-tests-1] INFO tron.tronscan.api.PostTagChange - code is 200
11:07:23.180 [TestNG-tests-1] DEBUG org.apache.http.wire -  << "{"retCode":"0","retMsg":["SUCCESS"],"data":{}}"
11:07:23.180 [TestNG-tests-1] DEBUG org.apache.http.impl.conn.DefaultClientConnection - Connection 0.0.0.0:56757<->3.14.14.175:80 closed
11:07:23.180 [TestNG-tests-1] DEBUG org.apache.http.impl.conn.PoolingClientConnectionManager - Connection released: [id: 35][route: {}->http://tronexapi.tronscan.org:80][total kept alive: 0; route allocated: 0 of 80; total allocated: 0 of 100]
11:07:23.180 [TestNG-tests-1] INFO tron.common.TronscanApiList - ----------------------------Print JSON Start---------------------------
11:07:23.180 [TestNG-tests-1] INFO tron.common.TronscanApiList - data:{}
11:07:23.180 [TestNG-tests-1] INFO tron.common.TronscanApiList - retCode:0
11:07:23.180 [TestNG-tests-1] INFO tron.common.TronscanApiList - retMsg:["SUCCESS"]
11:07:23.180 [TestNG-tests-1] INFO tron.common.TronscanApiList - JSON content size are: 3
11:07:23.180 [TestNG-tests-1] INFO tron.common.TronscanApiList - ----------------------------Print JSON End-----------------------------
requestUrlhttp://tronexapi.tronscan.org/external/tag/update
请求开始时间： 11:07:23:181
11:07:23.181 [TestNG-tests-1] DEBUG org.apache.http.impl.conn.PoolingClientConnectionManager - Connection request: [route: {}->http://tronexapi.tronscan.org:80][total kept alive: 0; route allocated: 0 of 80; total allocated: 0 of 100]
11:07:23.181 [TestNG-tests-1] DEBUG org.apache.http.impl.conn.PoolingClientConnectionManager - Connection leased: [id: 36][route: {}->http://tronexapi.tronscan.org:80][total kept alive: 0; route allocated: 1 of 80; total allocated: 1 of 100]
11:07:23.181 [TestNG-tests-1] DEBUG org.apache.http.impl.conn.DefaultClientConnectionOperator - Connecting to tronexapi.tronscan.org:80
11:07:23.418 [TestNG-tests-1] DEBUG org.apache.http.client.protocol.RequestAddCookies - CookieSpec selected: default
11:07:23.418 [TestNG-tests-1] DEBUG org.apache.http.client.protocol.RequestAuthCache - Auth cache not set in the context
11:07:23.418 [TestNG-tests-1] DEBUG org.apache.http.client.protocol.RequestTargetAuthentication - Target auth state: UNCHALLENGED
11:07:23.418 [TestNG-tests-1] DEBUG org.apache.http.client.protocol.RequestProxyAuthentication - Proxy auth state: UNCHALLENGED
11:07:23.418 [TestNG-tests-1] DEBUG org.apache.http.impl.client.DefaultHttpClient - Attempt 1 to execute request
11:07:23.418 [TestNG-tests-1] DEBUG org.apache.http.impl.conn.DefaultClientConnection - Sending request: POST /external/tag/update HTTP/1.1
11:07:23.418 [TestNG-tests-1] DEBUG org.apache.http.wire -  >> "POST /external/tag/update HTTP/1.1[\r][\n]"
11:07:23.418 [TestNG-tests-1] DEBUG org.apache.http.wire -  >> "Content-type: application/json; charset=utf-8[\r][\n]"
11:07:23.418 [TestNG-tests-1] DEBUG org.apache.http.wire -  >> "Connection: Close[\r][\n]"
11:07:23.418 [TestNG-tests-1] DEBUG org.apache.http.wire -  >> "Content-Length: 151[\r][\n]"
11:07:23.418 [TestNG-tests-1] DEBUG org.apache.http.wire -  >> "Content-Encoding: UTF-8[\r][\n]"
11:07:23.418 [TestNG-tests-1] DEBUG org.apache.http.wire -  >> "Host: tronexapi.tronscan.org[\r][\n]"
11:07:23.418 [TestNG-tests-1] DEBUG org.apache.http.wire -  >> "User-Agent: Apache-HttpClient/4.5.3 (Java/1.8.0_211)[\r][\n]"
11:07:23.418 [TestNG-tests-1] DEBUG org.apache.http.wire -  >> "[\r][\n]"
11:07:23.418 [TestNG-tests-1] DEBUG org.apache.http.headers - >> POST /external/tag/update HTTP/1.1
11:07:23.418 [TestNG-tests-1] DEBUG org.apache.http.headers - >> Content-type: application/json; charset=utf-8
11:07:23.418 [TestNG-tests-1] DEBUG org.apache.http.headers - >> Connection: Close
11:07:23.418 [TestNG-tests-1] DEBUG org.apache.http.headers - >> Content-Length: 151
11:07:23.418 [TestNG-tests-1] DEBUG org.apache.http.headers - >> Content-Encoding: UTF-8
11:07:23.418 [TestNG-tests-1] DEBUG org.apache.http.headers - >> Host: tronexapi.tronscan.org
11:07:23.418 [TestNG-tests-1] DEBUG org.apache.http.headers - >> User-Agent: Apache-HttpClient/4.5.3 (Java/1.8.0_211)
11:07:23.418 [TestNG-tests-1] DEBUG org.apache.http.wire -  >> "{"user_address":"TDaVYpgwV1cBuM2p4byRpgZrBmnoLUqE1n","target_address":"TXTZtfVD7ghfjSfVrnPwDFowoYXaV6cp9Y","tag":"[0xe6][0xb5][0x8b][0xe8][0xaf][0x95][0xe6][0x8f][0x92][0xe5][0x85][0xa5]","description":"[0xe6][0x88][0x90][0xe5][0x8a][0x9f]"}"
11:07:23.661 [TestNG-tests-1] DEBUG org.apache.http.wire -  << "HTTP/1.1 200 OK[\r][\n]"
11:07:23.661 [TestNG-tests-1] DEBUG org.apache.http.wire -  << "Server: nginx/1.12.2[\r][\n]"
11:07:23.661 [TestNG-tests-1] DEBUG org.apache.http.wire -  << "Date: Tue, 12 May 2020 03:07:25 GMT[\r][\n]"
11:07:23.661 [TestNG-tests-1] DEBUG org.apache.http.wire -  << "Content-Type: application/json;charset=UTF-8[\r][\n]"
11:07:23.661 [TestNG-tests-1] DEBUG org.apache.http.wire -  << "Content-Length: 46[\r][\n]"
11:07:23.661 [TestNG-tests-1] DEBUG org.apache.http.wire -  << "Connection: close[\r][\n]"
11:07:23.661 [TestNG-tests-1] DEBUG org.apache.http.wire -  << "Access-Control-Allow-Origin: *[\r][\n]"
11:07:23.661 [TestNG-tests-1] DEBUG org.apache.http.wire -  << "Access-Control-Allow-Headers: *[\r][\n]"
11:07:23.661 [TestNG-tests-1] DEBUG org.apache.http.wire -  << "Access-Control-Allow-Methods: GET,POST,PUT,DELETE,OPTIONS[\r][\n]"
11:07:23.661 [TestNG-tests-1] DEBUG org.apache.http.wire -  << "[\r][\n]"
11:07:23.661 [TestNG-tests-1] DEBUG org.apache.http.impl.conn.DefaultClientConnection - Receiving response: HTTP/1.1 200 OK
11:07:23.661 [TestNG-tests-1] DEBUG org.apache.http.headers - << HTTP/1.1 200 OK
11:07:23.661 [TestNG-tests-1] DEBUG org.apache.http.headers - << Server: nginx/1.12.2
11:07:23.661 [TestNG-tests-1] DEBUG org.apache.http.headers - << Date: Tue, 12 May 2020 03:07:25 GMT
11:07:23.661 [TestNG-tests-1] DEBUG org.apache.http.headers - << Content-Type: application/json;charset=UTF-8
11:07:23.661 [TestNG-tests-1] DEBUG org.apache.http.headers - << Content-Length: 46
11:07:23.661 [TestNG-tests-1] DEBUG org.apache.http.headers - << Connection: close
11:07:23.661 [TestNG-tests-1] DEBUG org.apache.http.headers - << Access-Control-Allow-Origin: *
11:07:23.661 [TestNG-tests-1] DEBUG org.apache.http.headers - << Access-Control-Allow-Headers: *
11:07:23.661 [TestNG-tests-1] DEBUG org.apache.http.headers - << Access-Control-Allow-Methods: GET,POST,PUT,DELETE,OPTIONS
请求结束时间： 11:07:23:661
11:07:23.661 [TestNG-tests-1] INFO tron.tronscan.api.PostTagChange - code is 200
11:07:23.661 [TestNG-tests-1] DEBUG org.apache.http.wire -  << "{"retCode":"0","retMsg":["SUCCESS"],"data":{}}"
11:07:23.661 [TestNG-tests-1] DEBUG org.apache.http.impl.conn.DefaultClientConnection - Connection 0.0.0.0:56758<->3.14.14.175:80 closed
11:07:23.661 [TestNG-tests-1] DEBUG org.apache.http.impl.conn.PoolingClientConnectionManager - Connection released: [id: 36][route: {}->http://tronexapi.tronscan.org:80][total kept alive: 0; route allocated: 0 of 80; total allocated: 0 of 100]
11:07:23.661 [TestNG-tests-1] INFO tron.common.TronscanApiList - ----------------------------Print JSON Start---------------------------
11:07:23.661 [TestNG-tests-1] INFO tron.common.TronscanApiList - data:{}
11:07:23.661 [TestNG-tests-1] INFO tron.common.TronscanApiList - retCode:0
11:07:23.661 [TestNG-tests-1] INFO tron.common.TronscanApiList - retMsg:["SUCCESS"]
11:07:23.661 [TestNG-tests-1] INFO tron.common.TronscanApiList - JSON content size are: 3
11:07:23.661 [TestNG-tests-1] INFO tron.common.TronscanApiList - ----------------------------Print JSON End-----------------------------
]]></system-out>
  <system-err><![CDATA[]]></system-err>
</testsuite>
