<?xml version="1.0" encoding="UTF-8"?>
<testsuite name="tron.tronscan.api.EnergyList" tests="2" skipped="0" failures="0" errors="0" timestamp="2020-03-27T04:57:43" hostname="zhukaideiMac.local" time="1.586">
  <properties/>
  <testcase name="getEnergyDailyStatistic" classname="tron.tronscan.api.EnergyList" time="0.503"/>
  <testcase name="getEnergyStatistic" classname="tron.tronscan.api.EnergyList" time="1.083"/>
  <system-out><![CDATA[12:57:43.880 [TestNG-tests-1] DEBUG org.apache.http.impl.conn.PoolingClientConnectionManager - Connection request: [route: {}->http://apilist.tronscan.org:80][total kept alive: 0; route allocated: 0 of 80; total allocated: 0 of 100]
12:57:43.880 [TestNG-tests-1] DEBUG org.apache.http.impl.conn.PoolingClientConnectionManager - Connection leased: [id: 21][route: {}->http://apilist.tronscan.org:80][total kept alive: 0; route allocated: 1 of 80; total allocated: 1 of 100]
12:57:43.880 [TestNG-tests-1] DEBUG org.apache.http.impl.conn.DefaultClientConnectionOperator - Connecting to apilist.tronscan.org:80
12:57:44.123 [TestNG-tests-1] DEBUG org.apache.http.client.protocol.RequestAddCookies - CookieSpec selected: default
12:57:44.123 [TestNG-tests-1] DEBUG org.apache.http.client.protocol.RequestAuthCache - Auth cache not set in the context
12:57:44.123 [TestNG-tests-1] DEBUG org.apache.http.client.protocol.RequestTargetAuthentication - Target auth state: UNCHALLENGED
12:57:44.123 [TestNG-tests-1] DEBUG org.apache.http.client.protocol.RequestProxyAuthentication - Proxy auth state: UNCHALLENGED
12:57:44.123 [TestNG-tests-1] DEBUG org.apache.http.impl.client.DefaultHttpClient - Attempt 1 to execute request
12:57:44.123 [TestNG-tests-1] DEBUG org.apache.http.impl.conn.DefaultClientConnection - Sending request: GET /api/energydailystatistic HTTP/1.1
12:57:44.123 [TestNG-tests-1] DEBUG org.apache.http.wire -  >> "GET /api/energydailystatistic HTTP/1.1[\r][\n]"
12:57:44.123 [TestNG-tests-1] DEBUG org.apache.http.wire -  >> "Content-type: application/json; charset=utf-8[\r][\n]"
12:57:44.123 [TestNG-tests-1] DEBUG org.apache.http.wire -  >> "Connection: Close[\r][\n]"
12:57:44.123 [TestNG-tests-1] DEBUG org.apache.http.wire -  >> "Host: apilist.tronscan.org[\r][\n]"
12:57:44.123 [TestNG-tests-1] DEBUG org.apache.http.wire -  >> "User-Agent: Apache-HttpClient/4.5.3 (Java/1.8.0_211)[\r][\n]"
12:57:44.123 [TestNG-tests-1] DEBUG org.apache.http.wire -  >> "[\r][\n]"
12:57:44.123 [TestNG-tests-1] DEBUG org.apache.http.headers - >> GET /api/energydailystatistic HTTP/1.1
12:57:44.123 [TestNG-tests-1] DEBUG org.apache.http.headers - >> Content-type: application/json; charset=utf-8
12:57:44.123 [TestNG-tests-1] DEBUG org.apache.http.headers - >> Connection: Close
12:57:44.123 [TestNG-tests-1] DEBUG org.apache.http.headers - >> Host: apilist.tronscan.org
12:57:44.123 [TestNG-tests-1] DEBUG org.apache.http.headers - >> User-Agent: Apache-HttpClient/4.5.3 (Java/1.8.0_211)
12:57:44.382 [TestNG-tests-1] DEBUG org.apache.http.wire -  << "HTTP/1.1 200 OK[\r][\n]"
12:57:44.382 [TestNG-tests-1] DEBUG org.apache.http.wire -  << "Server: nginx[\r][\n]"
12:57:44.382 [TestNG-tests-1] DEBUG org.apache.http.wire -  << "Date: Fri, 27 Mar 2020 04:57:45 GMT[\r][\n]"
12:57:44.382 [TestNG-tests-1] DEBUG org.apache.http.wire -  << "Content-Type: application/json;charset=utf-8[\r][\n]"
12:57:44.382 [TestNG-tests-1] DEBUG org.apache.http.wire -  << "Content-Length: 1651[\r][\n]"
12:57:44.382 [TestNG-tests-1] DEBUG org.apache.http.wire -  << "Connection: close[\r][\n]"
12:57:44.382 [TestNG-tests-1] DEBUG org.apache.http.wire -  << "Vary: Accept-Encoding[\r][\n]"
12:57:44.382 [TestNG-tests-1] DEBUG org.apache.http.wire -  << "Access-Control-Allow-Origin: *[\r][\n]"
12:57:44.382 [TestNG-tests-1] DEBUG org.apache.http.wire -  << "Access-Control-Allow-Headers: DNT,X-Mx-ReqToken,Keep-Alive,User-Agent,X-Requested-With,If-Modified-Since,Cache-Control,Content-Type,Authorization[\r][\n]"
12:57:44.382 [TestNG-tests-1] DEBUG org.apache.http.wire -  << "Access-Control-Allow-Methods: GET,POST,PUT,DELETE,OPTIONS[\r][\n]"
12:57:44.382 [TestNG-tests-1] DEBUG org.apache.http.wire -  << "X-Proxy-Cache: MISS[\r][\n]"
12:57:44.382 [TestNG-tests-1] DEBUG org.apache.http.wire -  << "[\r][\n]"
12:57:44.382 [TestNG-tests-1] DEBUG org.apache.http.impl.conn.DefaultClientConnection - Receiving response: HTTP/1.1 200 OK
12:57:44.382 [TestNG-tests-1] DEBUG org.apache.http.headers - << HTTP/1.1 200 OK
12:57:44.382 [TestNG-tests-1] DEBUG org.apache.http.headers - << Server: nginx
12:57:44.382 [TestNG-tests-1] DEBUG org.apache.http.headers - << Date: Fri, 27 Mar 2020 04:57:45 GMT
12:57:44.382 [TestNG-tests-1] DEBUG org.apache.http.headers - << Content-Type: application/json;charset=utf-8
12:57:44.382 [TestNG-tests-1] DEBUG org.apache.http.headers - << Content-Length: 1651
12:57:44.382 [TestNG-tests-1] DEBUG org.apache.http.headers - << Connection: close
12:57:44.382 [TestNG-tests-1] DEBUG org.apache.http.headers - << Vary: Accept-Encoding
12:57:44.382 [TestNG-tests-1] DEBUG org.apache.http.headers - << Access-Control-Allow-Origin: *
12:57:44.382 [TestNG-tests-1] DEBUG org.apache.http.headers - << Access-Control-Allow-Headers: DNT,X-Mx-ReqToken,Keep-Alive,User-Agent,X-Requested-With,If-Modified-Since,Cache-Control,Content-Type,Authorization
12:57:44.382 [TestNG-tests-1] DEBUG org.apache.http.headers - << Access-Control-Allow-Methods: GET,POST,PUT,DELETE,OPTIONS
12:57:44.382 [TestNG-tests-1] DEBUG org.apache.http.headers - << X-Proxy-Cache: MISS
http://apilist.tronscan.org/api/energydailystatistic 请求总耗时：502 毫秒
12:57:44.382 [TestNG-tests-1] INFO tron.tronscan.api.EnergyList - code is 200
12:57:44.383 [TestNG-tests-1] DEBUG org.apache.http.wire -  << "{"total":526,"totalEnergy":27198889970,"data":[{"contract_address":"TK5qKN9xJoLfCzZPG6Mj642WQtvbiHCTMx","total_energy":6080595062,"energy":0,"contract_supplied":6067595062,"trx":13000000,"name":""},{"contract_address":"TWmhXhXjgXTj87trBufmWFuXtQP8sCWZZV","total_energy":2353866026,"energy":0,"contract_supplied":2353266026,"trx":600000,"name":"TronBetDice"},{"contract_address":"TBTxi4miSX4SJL8rM38eTaRb8AA16py27x","total_energy":2239016580,"energy":0,"contract_supplied":2237816580,"trx":1200000,"name":"TronBetRing"},{"contract_address":"TK7JSqnLif1A3NQUhonRbxFw6g3aqhtjh1","total_energy":2226689033,"energy":683857754,"contract_supplied":0,"trx":1542831279,"name":"TRONtopia_ultimate_dice"},{"contract_address":"TTH1sxRXqdLtbNXTCjQGdRp9nKV6DhdzJk","total_energy":1041168179,"energy":0,"contract_supplied":1040568179,"trx":600000,"name":"TronBetMoon"},{"contract_address":"TXnBP1MHkYww9R9mrAgcZ8i4t5TKvFnXWy","total_energy":883358259,"energy":17736138,"contract_supplied":0,"trx":865622121,"name":"DiceGame"},{"contract_address":"TTvmyKfJP2MQy4XGi7W6qo9LcyA4fhd64e","total_energy":661814424,"energy":110381607,"contract_supplied":0,"trx":551432817,"name":"GeneApp"},{"contract_address":"TNE6kmX6EiCgE9HH4bSuWZBuknQ389kU7w","total_energy":541172055,"energy":1429731,"contract_supplied":0,"trx":539742324,"name":"Token"},{"contract_address":"TYFnFN4Wy7fJirF"
12:57:44.383 [TestNG-tests-1] DEBUG org.apache.http.wire -  << "7jriJNEnfyCo841em7g","total_energy":446702094,"energy":136926903,"contract_supplied":0,"trx":309775191,"name":"TRONtopia_classic_dice"},{"contract_address":"TTcz2rtb8uDD7NZz5MVU8U9wLAcS72bgYf","total_energy":435980645,"energy":1686209,"contract_supplied":0,"trx":434294436,"name":"DiceGame"}]}[\n]"
12:57:44.383 [TestNG-tests-1] DEBUG org.apache.http.impl.conn.DefaultClientConnection - Connection 0.0.0.0:61028<->18.216.178.128:80 closed
12:57:44.383 [TestNG-tests-1] DEBUG org.apache.http.impl.conn.PoolingClientConnectionManager - Connection released: [id: 21][route: {}->http://apilist.tronscan.org:80][total kept alive: 0; route allocated: 0 of 80; total allocated: 0 of 100]
12:57:44.383 [TestNG-tests-1] INFO tron.common.TronscanApiList - ----------------------------Print JSON Start---------------------------
12:57:44.383 [TestNG-tests-1] INFO tron.common.TronscanApiList - total:526
12:57:44.383 [TestNG-tests-1] INFO tron.common.TronscanApiList - data:[{"total_energy":6080595062,"contract_supplied":6067595062,"name":"","trx":13000000,"contract_address":"TK5qKN9xJoLfCzZPG6Mj642WQtvbiHCTMx","energy":0},{"total_energy":2353866026,"contract_supplied":2353266026,"name":"TronBetDice","trx":600000,"contract_address":"TWmhXhXjgXTj87trBufmWFuXtQP8sCWZZV","energy":0},{"total_energy":2239016580,"contract_supplied":2237816580,"name":"TronBetRing","trx":1200000,"contract_address":"TBTxi4miSX4SJL8rM38eTaRb8AA16py27x","energy":0},{"total_energy":2226689033,"contract_supplied":0,"name":"TRONtopia_ultimate_dice","trx":1542831279,"contract_address":"TK7JSqnLif1A3NQUhonRbxFw6g3aqhtjh1","energy":683857754},{"total_energy":1041168179,"contract_supplied":1040568179,"name":"TronBetMoon","trx":600000,"contract_address":"TTH1sxRXqdLtbNXTCjQGdRp9nKV6DhdzJk","energy":0},{"total_energy":883358259,"contract_supplied":0,"name":"DiceGame","trx":865622121,"contract_address":"TXnBP1MHkYww9R9mrAgcZ8i4t5TKvFnXWy","energy":17736138},{"total_energy":661814424,"contract_supplied":0,"name":"GeneApp","trx":551432817,"contract_address":"TTvmyKfJP2MQy4XGi7W6qo9LcyA4fhd64e","energy":110381607},{"total_energy":541172055,"contract_supplied":0,"name":"Token","trx":539742324,"contract_address":"TNE6kmX6EiCgE9HH4bSuWZBuknQ389kU7w","energy":1429731},{"total_energy":446702094,"contract_supplied":0,"name":"TRONtopia_classic_dice","trx":309775191,"contract_address":"TYFnFN4Wy7fJirF7jriJNEnfyCo841em7g","energy":136926903},{"total_energy":435980645,"contract_supplied":0,"name":"DiceGame","trx":434294436,"contract_address":"TTcz2rtb8uDD7NZz5MVU8U9wLAcS72bgYf","energy":1686209}]
12:57:44.383 [TestNG-tests-1] INFO tron.common.TronscanApiList - totalEnergy:27198889970
12:57:44.383 [TestNG-tests-1] INFO tron.common.TronscanApiList - JSON content size are: 3
12:57:44.383 [TestNG-tests-1] INFO tron.common.TronscanApiList - ----------------------------Print JSON End-----------------------------
12:57:44.383 [TestNG-tests-1] DEBUG org.apache.http.impl.conn.PoolingClientConnectionManager - Connection request: [route: {}->http://apilist.tronscan.org:80][total kept alive: 0; route allocated: 0 of 80; total allocated: 0 of 100]
12:57:44.383 [TestNG-tests-1] DEBUG org.apache.http.impl.conn.PoolingClientConnectionManager - Connection leased: [id: 22][route: {}->http://apilist.tronscan.org:80][total kept alive: 0; route allocated: 1 of 80; total allocated: 1 of 100]
12:57:44.384 [TestNG-tests-1] DEBUG org.apache.http.impl.conn.DefaultClientConnectionOperator - Connecting to apilist.tronscan.org:80
12:57:44.717 [TestNG-tests-1] DEBUG org.apache.http.client.protocol.RequestAddCookies - CookieSpec selected: default
12:57:44.717 [TestNG-tests-1] DEBUG org.apache.http.client.protocol.RequestAuthCache - Auth cache not set in the context
12:57:44.717 [TestNG-tests-1] DEBUG org.apache.http.client.protocol.RequestTargetAuthentication - Target auth state: UNCHALLENGED
12:57:44.717 [TestNG-tests-1] DEBUG org.apache.http.client.protocol.RequestProxyAuthentication - Proxy auth state: UNCHALLENGED
12:57:44.717 [TestNG-tests-1] DEBUG org.apache.http.impl.client.DefaultHttpClient - Attempt 1 to execute request
12:57:44.717 [TestNG-tests-1] DEBUG org.apache.http.impl.conn.DefaultClientConnection - Sending request: GET /api/energystatistic HTTP/1.1
12:57:44.717 [TestNG-tests-1] DEBUG org.apache.http.wire -  >> "GET /api/energystatistic HTTP/1.1[\r][\n]"
12:57:44.717 [TestNG-tests-1] DEBUG org.apache.http.wire -  >> "Content-type: application/json; charset=utf-8[\r][\n]"
12:57:44.717 [TestNG-tests-1] DEBUG org.apache.http.wire -  >> "Connection: Close[\r][\n]"
12:57:44.717 [TestNG-tests-1] DEBUG org.apache.http.wire -  >> "Host: apilist.tronscan.org[\r][\n]"
12:57:44.717 [TestNG-tests-1] DEBUG org.apache.http.wire -  >> "User-Agent: Apache-HttpClient/4.5.3 (Java/1.8.0_211)[\r][\n]"
12:57:44.717 [TestNG-tests-1] DEBUG org.apache.http.wire -  >> "[\r][\n]"
12:57:44.717 [TestNG-tests-1] DEBUG org.apache.http.headers - >> GET /api/energystatistic HTTP/1.1
12:57:44.717 [TestNG-tests-1] DEBUG org.apache.http.headers - >> Content-type: application/json; charset=utf-8
12:57:44.717 [TestNG-tests-1] DEBUG org.apache.http.headers - >> Connection: Close
12:57:44.717 [TestNG-tests-1] DEBUG org.apache.http.headers - >> Host: apilist.tronscan.org
12:57:44.717 [TestNG-tests-1] DEBUG org.apache.http.headers - >> User-Agent: Apache-HttpClient/4.5.3 (Java/1.8.0_211)
12:57:44.979 [TestNG-tests-1] DEBUG org.apache.http.wire -  << "HTTP/1.1 200 OK[\r][\n]"
12:57:44.979 [TestNG-tests-1] DEBUG org.apache.http.wire -  << "Server: nginx[\r][\n]"
12:57:44.979 [TestNG-tests-1] DEBUG org.apache.http.wire -  << "Date: Fri, 27 Mar 2020 04:57:45 GMT[\r][\n]"
12:57:44.979 [TestNG-tests-1] DEBUG org.apache.http.wire -  << "Content-Type: application/json;charset=utf-8[\r][\n]"
12:57:44.979 [TestNG-tests-1] DEBUG org.apache.http.wire -  << "Transfer-Encoding: chunked[\r][\n]"
12:57:44.979 [TestNG-tests-1] DEBUG org.apache.http.wire -  << "Connection: close[\r][\n]"
12:57:44.979 [TestNG-tests-1] DEBUG org.apache.http.wire -  << "Vary: Accept-Encoding[\r][\n]"
12:57:44.979 [TestNG-tests-1] DEBUG org.apache.http.wire -  << "Access-Control-Allow-Origin: *[\r][\n]"
12:57:44.979 [TestNG-tests-1] DEBUG org.apache.http.wire -  << "Access-Control-Allow-Headers: DNT,X-Mx-ReqToken,Keep-Alive,User-Agent,X-Requested-With,If-Modified-Since,Cache-Control,Content-Type,Authorization[\r][\n]"
12:57:44.979 [TestNG-tests-1] DEBUG org.apache.http.wire -  << "Access-Control-Allow-Methods: GET,POST,PUT,DELETE,OPTIONS[\r][\n]"
12:57:44.979 [TestNG-tests-1] DEBUG org.apache.http.wire -  << "X-Proxy-Cache: MISS[\r][\n]"
12:57:44.979 [TestNG-tests-1] DEBUG org.apache.http.wire -  << "[\r][\n]"
12:57:44.979 [TestNG-tests-1] DEBUG org.apache.http.impl.conn.DefaultClientConnection - Receiving response: HTTP/1.1 200 OK
12:57:44.979 [TestNG-tests-1] DEBUG org.apache.http.headers - << HTTP/1.1 200 OK
12:57:44.979 [TestNG-tests-1] DEBUG org.apache.http.headers - << Server: nginx
12:57:44.979 [TestNG-tests-1] DEBUG org.apache.http.headers - << Date: Fri, 27 Mar 2020 04:57:45 GMT
12:57:44.979 [TestNG-tests-1] DEBUG org.apache.http.headers - << Content-Type: application/json;charset=utf-8
12:57:44.979 [TestNG-tests-1] DEBUG org.apache.http.headers - << Transfer-Encoding: chunked
12:57:44.979 [TestNG-tests-1] DEBUG org.apache.http.headers - << Connection: close
12:57:44.979 [TestNG-tests-1] DEBUG org.apache.http.headers - << Vary: Accept-Encoding
12:57:44.979 [TestNG-tests-1] DEBUG org.apache.http.headers - << Access-Control-Allow-Origin: *
12:57:44.979 [TestNG-tests-1] DEBUG org.apache.http.headers - << Access-Control-Allow-Headers: DNT,X-Mx-ReqToken,Keep-Alive,User-Agent,X-Requested-With,If-Modified-Since,Cache-Control,Content-Type,Authorization
12:57:44.979 [TestNG-tests-1] DEBUG org.apache.http.headers - << Access-Control-Allow-Methods: GET,POST,PUT,DELETE,OPTIONS
12:57:44.979 [TestNG-tests-1] DEBUG org.apache.http.headers - << X-Proxy-Cache: MISS
http://apilist.tronscan.org/api/energystatistic 请求总耗时：596 毫秒
12:57:44.979 [TestNG-tests-1] INFO tron.tronscan.api.EnergyList - code is 200
12:57:44.979 [TestNG-tests-1] DEBUG org.apache.http.wire -  << "7de8[\r][\n]"
12:57:44.980 [TestNG-tests-1] DEBUG org.apache.http.wire -  << "{"total":642,"max":{"day":1552521600000,"total_energy":150278816458,"energy":10620661535,"contract_supplied":17394804690,"trx":122263350233},"min":{"day":1529971200000,"total_energy":0,"energy":0,"contract_supplied":0,"trx":0},"data":[{"day":1529798400000,"total_energy":0,"energy":0,"contract_supplied":0,"trx":0},{"day":1529884800000,"total_energy":0,"energy":0,"contract_supplied":0,"trx":0},{"day":1529971200000,"total_energy":0,"energy":0,"contract_supplied":0,"trx":0},{"day":1530057600000,"total_energy":0,"energy":0,"contract_supplied":0,"trx":0},{"day":1530144000000,"total_energy":0,"energy":0,"contract_supplied":0,"trx":0},{"day":1530230400000,"total_energy":0,"energy":0,"contract_supplied":0,"trx":0},{"day":1530316800000,"total_energy":0,"energy":0,"contract_supplied":0,"trx":0},{"day":1530403200000,"total_energy":0,"energy":0,"contract_supplied":0,"trx":0},{"day":1530489600000,"total_energy":0,"energy":0,"contract_supplied":0,"trx":0},{"day":1530576000000,"total_energy":0,"energy":0,"contract_supplied":0,"trx":0},{"day":1530662400000,"total_energy":0,"energy":0,"contract_supplied":0,"trx":0},{"day":1530748800000,"total_energy":0,"energy":0,"contract_supplied":0,"trx":0},{"day":1530835200000,"total_energy":0,"energy":0,"contract_supplied":0,"trx":0},{"day":1530921600000,"total_energy":0,"energy":0,"contract_supplied":0,"trx":0},{""
12:57:44.980 [TestNG-tests-1] DEBUG org.apache.http.wire -  << "day":1531008000000,"total_energy":0,"energy":0,"contract_supplied":0,"trx":0},{"day":1531094400000,"total_energy":0,"energy":0,"contract_supplied":0,"trx":0},{"day":1531180800000,"total_energy":0,"energy":0,"contract_supplied":0,"trx":0},{"day":1531267200000,"total_energy":0,"energy":0,"contract_supplied":0,"trx":0},{"day":1531353600000,"total_energy":0,"energy":0,"contract_supplied":0,"trx":0},{"day":1531440000000,"total_energy":0,"energy":0,"contract_supplied":0,"trx":0},{"day":1531526400000,"total_energy":0,"energy":0,"contract_supplied":0,"trx":0},{"day":1531612800000,"total_energy":0,"energy":0,"contract_supplied":0,"trx":0},{"day":1531699200000,"total_energy":0,"energy":0,"contract_supplied":0,"trx":0},{"day":1531785600000,"total_energy":0,"energy":0,"contract_supplied":0,"trx":0},{"day":1531872000000,"total_energy":0,"energy":0,"contract_supplied":0,"trx":0},{"day":1531958400000,"total_energy":0,"energy":0,"contract_supplied":0,"trx":0},{"day":1532044800000,"total_energy":0,"energy":0,"contract_supplied":0,"trx":0},{"day":1532131200000,"total_energy":0,"energy":0,"contract_supplied":0,"trx":0},{"day":1532217600000,"total_energy":0,"energy":0,"contract_supplied":0,"trx":0},{"day":1532304000000,"total_energy":0,"energy":0,"contract_supplied":0,"trx":0},{"day":1532390400000,"total_energy":0,"energy":0,"contract_supplied":0,"trx":0}"
12:57:44.980 [TestNG-tests-1] DEBUG org.apache.http.wire -  << ",{"day":1532476800000,"total_energy":0,"energy":0,"contract_supplied":0,"trx":0},{"day":1532563200000,"total_energy":0,"energy":0,"contract_supplied":0,"trx":0},{"day":1532649600000,"total_energy":0,"energy":0,"contract_supplied":0,"trx":0},{"day":1532736000000,"total_energy":0,"energy":0,"contract_supplied":0,"trx":0},{"day":1532822400000,"total_energy":0,"energy":0,"contract_supplied":0,"trx":0},{"day":1532908800000,"total_energy":0,"energy":0,"contract_supplied":0,"trx":0},{"day":1532995200000,"total_energy":0,"energy":0,"contract_supplied":0,"trx":0},{"day":1533081600000,"total_energy":0,"energy":0,"contract_supplied":0,"trx":0},{"day":1533168000000,"total_energy":0,"energy":0,"contract_supplied":0,"trx":0},{"day":1533254400000,"total_energy":0,"energy":0,"contract_supplied":0,"trx":0},{"day":1533340800000,"total_energy":0,"energy":0,"contract_supplied":0,"trx":0},{"day":1533427200000,"total_energy":0,"energy":0,"contract_supplied":0,"trx":0},{"day":1533513600000,"total_energy":0,"energy":0,"contract_supplied":0,"trx":0},{"day":1533600000000,"total_energy":0,"energy":0,"contract_supplied":0,"trx":0},{"day":1533686400000,"total_energy":0,"energy":0,"contract_supplied":0,"trx":0},{"day":1533772800000,"total_energy":0,"energy":0,"contract_supplied":0,"trx":0},{"day":1533859200000,"total_energy":0,"energy":0,"contract_supplied":0,"trx""
12:57:44.980 [TestNG-tests-1] DEBUG org.apache.http.wire -  << ":0},{"day":1533945600000,"total_energy":0,"energy":0,"contract_supplied":0,"trx":0},{"day":1534032000000,"total_energy":0,"energy":0,"contract_supplied":0,"trx":0},{"day":1534118400000,"total_energy":0,"energy":0,"contract_supplied":0,"trx":0},{"day":1534204800000,"total_energy":0,"energy":0,"contract_supplied":0,"trx":0},{"day":1534291200000,"total_energy":0,"energy":0,"contract_supplied":0,"trx":0},{"day":1534377600000,"total_energy":0,"energy":0,"contract_supplied":0,"trx":0},{"day":1534464000000,"total_energy":0,"energy":0,"contract_supplied":0,"trx":0},{"day":1534550400000,"total_energy":0,"energy":0,"contract_supplied":0,"trx":0},{"day":1534636800000,"total_energy":0,"energy":0,"contract_supplied":0,"trx":0},{"day":1534723200000,"total_energy":0,"energy":0,"contract_supplied":0,"trx":0},{"day":1534809600000,"total_energy":0,"energy":0,"contract_supplied":0,"trx":0},{"day":1534896000000,"total_energy":0,"energy":0,"contract_supplied":0,"trx":0},{"day":1534982400000,"total_energy":0,"energy":0,"contract_supplied":0,"trx":0},{"day":1535068800000,"total_energy":0,"energy":0,"contract_supplied":0,"trx":0},{"day":1535155200000,"total_energy":0,"energy":0,"contract_supplied":0,"trx":0},{"day":1535241600000,"total_energy":0,"energy":0,"contract_supplied":0,"trx":0},{"day":1535328000000,"total_energy":0,"energy":0,"contract_supplied":0,"trx":0},{"day":1535414400000,"total_energy":0,"energy":0,"contract_supplied":0,"trx":0},{"day":1535500800000,"total_energy":0,"energy":0,"contract_supplied":0,"trx":0},{"day":1535587200000,"total_energy":0,"energy":0,"contract_supplied":0,"trx":0},{"day":1535673600000,"total_energy":0,"energy":0,"contract_supplied":0,"trx":0},{"day":1535760000000,"total_energy":0,"energy":0,"contract_supplied":0,"trx":0},{"day":1535846400000,"total_energy":0,"energy":0,"contract_supplied":0,"trx":0},{"day":1535932800000,"total_energy":0,"energy":0,"contract_supplied":0,"trx":0},{"day":1536019200000,"total_energy":0,"energy":0,"contract_supplied":0,"trx":0},{"day":1536105600000,"total_energy":0,"energy":0,"contract_supplied":0,"trx":0},{"day":1536192000000,"total_energy":0,"energy":0,"contract_supplied":0,"trx":0},{"day":1536278400000,"total_energy":0,"energy":0,"contract_supplied":0,"trx":0},{"day":1536364800000,"total_energy":0,"energy":0,"contract_supplied":0,"trx":0},{"day":1536451200000,"total_energy":0,"energy":0,"contract_supplied":0,"trx":0},{"day":1536537600000,"total_energy":0,"energy":0,"contract_supplied":0,"trx":0},{"day":1536624000000,"total_energy":0,"energy":0,"contract_supplied":0,"trx":0},{"day":1536710400000,"total_energy":0,"energy":0,"contract_supplied":0,"trx":0},{"day":1536796800000,"total_energy":0,"energy":0,"contract_supplied":0"
12:57:44.980 [TestNG-tests-1] DEBUG org.apache.http.wire -  << ","trx":0},{"day":1536883200000,"total_energy":0,"energy":0,"contract_supplied":0,"trx":0},{"day":1536969600000,"total_energy":0,"energy":0,"contract_supplied":0,"trx":0},{"day":1537056000000,"total_energy":0,"energy":0,"contract_supplied":0,"trx":0},{"day":1537142400000,"total_energy":0,"energy":0,"contract_supplied":0,"trx":0},{"day":1537228800000,"total_energy":0,"energy":0,"contract_supplied":0,"trx":0},{"day":1537315200000,"total_energy":0,"energy":0,"contract_supplied":0,"trx":0},{"day":1537401600000,"total_energy":0,"energy":0,"contract_supplied":0,"trx":0},{"day":1537488000000,"total_energy":0,"energy":0,"contract_supplied":0,"trx":0},{"day":1537574400000,"total_energy":0,"energy":0,"contract_supplied":0,"trx":0},{"day":1537660800000,"total_energy":0,"energy":0,"contract_supplied":0,"trx":0},{"day":1537747200000,"total_energy":0,"energy":0,"contract_supplied":0,"trx":0},{"day":1537833600000,"total_energy":0,"energy":0,"contract_supplied":0,"trx":0},{"day":1537920000000,"total_energy":0,"energy":0,"contract_supplied":0,"trx":0},{"day":1538006400000,"total_energy":0,"energy":0,"contract_supplied":0,"trx":0},{"day":1538092800000,"total_energy":0,"energy":0,"contract_supplied":0,"trx":0},{"day":1538179200000,"total_energy":0,"energy":0,"contract_supplied":0,"trx":0},{"day":1538265600000,"total_energy":0,"energy":0,"contract_supplied"
12:57:44.980 [TestNG-tests-1] DEBUG org.apache.http.wire -  << "":0,"trx":0},{"day":1538352000000,"total_energy":0,"energy":0,"contract_supplied":0,"trx":0},{"day":1538438400000,"total_energy":0,"energy":0,"contract_supplied":0,"trx":0},{"day":1538524800000,"total_energy":0,"energy":0,"contract_supplied":0,"trx":0},{"day":1538611200000,"total_energy":0,"energy":0,"contract_supplied":0,"trx":0},{"day":1538697600000,"total_energy":0,"energy":0,"contract_supplied":0,"trx":0},{"day":1538784000000,"total_energy":0,"energy":0,"contract_supplied":0,"trx":0},{"day":1538870400000,"total_energy":0,"energy":0,"contract_supplied":0,"trx":0},{"day":1538956800000,"total_energy":0,"energy":0,"contract_supplied":0,"trx":0},{"day":1539043200000,"total_energy":0,"energy":0,"contract_supplied":0,"trx":0},{"day":1539129600000,"total_energy":0,"energy":0,"contract_supplied":0,"trx":0},{"day":1539216000000,"total_energy":909971,"energy":0,"contract_supplied":0,"trx":909971},{"day":1539302400000,"total_energy":82363897,"energy":57394758,"contract_supplied":23576496,"trx":1392643},{"day":1539388800000,"total_energy":1045434381,"energy":577283124,"contract_supplied":465281217,"trx":2870040},{"day":1539475200000,"total_energy":386571564,"energy":32847,"contract_supplied":386243455,"trx":295262},{"day":1539561600000,"total_energy":363779909,"energy":815,"contract_supplied":362981926,"trx":797168},{"day":1539648000000,"total_energy":517548369,"energy":72748,"contract_supplied":517050843,"trx":424778},{"day":1539734400000,"total_energy":2085525289,"energy":326401,"contract_supplied":2083382671,"trx":1816217},{"day":1539820800000,"total_energy":26822614891,"energy":1779654,"contract_supplied":26735268556,"trx":85566681},{"day":1539907200000,"total_energy":19195672342,"energy":510603,"contract_supplied":19194807491,"trx":354248},{"day":1539993600000,"total_energy":10791707732,"energy":135856,"contract_supplied":10788812412,"trx":2759464},{"day":1540080000000,"total_energy":13381828547,"energy":1107243,"contract_supplied":13373926672,"trx":6794632},{"day":1540166400000,"total_energy":28410506709,"energy":3660084,"contract_supplied":28381211779,"trx":25634846},{"day":1540252800000,"total_energy":21052650672,"energy":12498571,"contract_supplied":20739028749,"trx":301123352},{"day":1540339200000,"total_energy":11214915452,"energy":3819732,"contract_supplied":10699397411,"trx":511698309},{"day":1540425600000,"total_energy":12397317732,"energy":20092810,"contract_supplied":12318905219,"trx":58319703},{"day":1540512000000,"total_energy":15002253772,"energy":22272551,"contract_supplied":14757572508,"trx":222408713},{"day":1540598400000,"total_energy":26953836908,"energy":24346722,"contract_supplied":26702768835,"trx":226721351},{"day":1540684800000,"total_energy":547"
12:57:45.219 [TestNG-tests-1] DEBUG org.apache.http.wire -  << "94415793,"energy":14581718,"contract_supplied":54244166675,"trx":535667400},{"day":1540771200000,"total_energy":30638131139,"energy":154565535,"contract_supplied":29346070039,"trx":1137495565},{"day":1540857600000,"total_energy":31995623966,"energy":31578230,"contract_supplied":31281390810,"trx":682654926},{"day":1540944000000,"total_energy":32316072323,"energy":29256629,"contract_supplied":31995774384,"trx":291041310},{"day":1541030400000,"total_energy":24754732315,"energy":24416260,"contract_supplied":24453540983,"trx":276775072},{"day":1541116800000,"total_energy":21708387874,"energy":27595139,"contract_supplied":21613202805,"trx":67589930},{"day":1541203200000,"total_energy":30860832611,"energy":31908831,"contract_supplied":30625648419,"trx":203275361},{"day":1541289600000,"total_energy":28263343178,"energy":26496376,"contract_supplied":28175045426,"trx":61801376},{"day":1541376000000,"total_energy":26129805325,"energy":41365511,"contract_supplied":26025687908,"trx":62751906},{"day":1541462400000,"total_energy":24588422587,"energy":67435449,"contract_supplied":24424197129,"trx":96790009},{"day":1541548800000,"total_energy":34279157650,"energy":209672085,"contract_supplied":33460940313,"trx":608545252},{"day":1541635200000,"total_energy":31647222191,"energy":1386780810,"contract_supplied":29827699704,"trx":432741677},{"day":1541721600000,"total_energy":31915102074,"energy":1065485784,"contract_supplied":29752827304,"trx":1096788986},{"day":1541808000000,"total_energy":30987784075,"energy":1191581219,"contract_supplied":29776918183,"trx":19284673},{"day":1541894400000,"total_energy":33418644399,"energy":1225341101,"contract_supplied":31296327919,"trx":896975379},{"day":1541980800000,"total_energy":32985276765,"energy":732619024,"contract_supplied":32170099636,"trx":82558105},{"day":1542067200000,"total_energy":35341249473,"energy":1828295453,"contract_supplied":33424969454,"trx":87984566},{"day":1542153600000,"total_energy":35985948477,"energy":2016557508,"contract_supplied":33906654885,"trx":62736084},{"day":1542240000000,"total_energy":32669211762,"energy":1362556158,"contract_supplied":31069674700,"trx":236980904},{"day":1542326400000,"total_energy":38850371437,"energy":1357963069,"contract_supplied":35295381134,"trx":2197027234},{"day":1542412800000,"total_energy":32667044630,"energy":394005168,"contract_supplied":32114001890,"trx":159037572},{"day":1542499200000,"total_energy":32675171662,"energy":479260380,"contract_supplied":32024315436,"trx":171595846},{"day":1542585600000,"total_energy":34693401787,"energy":983076144,"contract_supplied":32363590926,"trx":1346734717},{"day":1542672000000,"total_energy":30345841573,"energy":820786547,"contract_supplied":200"
12:57:45.219 [TestNG-tests-1] DEBUG org.apache.http.wire -  << "10975984,"trx":9514079042},{"day":1542758400000,"total_energy":38936352488,"energy":94662779,"contract_supplied":27973983706,"trx":10867706003},{"day":1542844800000,"total_energy":45911056362,"energy":97849145,"contract_supplied":30597877757,"trx":15215329460},{"day":1542931200000,"total_energy":58033291033,"energy":39189482,"contract_supplied":39723588445,"trx":18270513106},{"day":1543017600000,"total_energy":42508076512,"energy":33782557,"contract_supplied":27720887241,"trx":14753406714},{"day":1543104000000,"total_energy":56262880424,"energy":48995600,"contract_supplied":40370247390,"trx":15843637434},{"day":1543190400000,"total_energy":51904381850,"energy":58454473,"contract_supplied":34052960118,"trx":17792967259},{"day":1543276800000,"total_energy":53767290851,"energy":30174707,"contract_supplied":32893302924,"trx":20843813220},{"day":1543363200000,"total_energy":66075762322,"energy":165878396,"contract_supplied":37008530193,"trx":28901353733},{"day":1543449600000,"total_energy":62277139061,"energy":266452171,"contract_supplied":38349843166,"trx":23660843724},{"day":1543536000000,"total_energy":52684350857,"energy":168313695,"contract_supplied":28767355202,"trx":23748681960},{"day":1543622400000,"total_energy":50573936875,"energy":114126706,"contract_supplied":28287559014,"trx":22172251155},{"day":1543708800000,"total_energy":630"
12:57:45.219 [TestNG-tests-1] DEBUG org.apache.http.wire -  << "89272041,"energy":254781156,"contract_supplied":34867647912,"trx":27966842973},{"day":1543795200000,"total_energy":60139677181,"energy":261219265,"contract_supplied":29234669745,"trx":30643788171},{"day":1543881600000,"total_energy":48507100334,"energy":251425141,"contract_supplied":22912145162,"trx":25343530031},{"day":1543968000000,"total_energy":60245324364,"energy":146729632,"contract_supplied":31158430657,"trx":28940164075},{"day":1544054400000,"total_energy":61609196985,"energy":137764256,"contract_supplied":29707377820,"trx":31764054909},{"day":1544140800000,"total_energy":50765650813,"energy":115599739,"contract_supplied":21993295466,"trx":28656755608},{"day":1544227200000,"total_energy":56146245130,"energy":895973677,"contract_supplied":22789914065,"trx":32460357388},{"day":1544313600000,"total_energy":52494314533,"energy":172119195,"contract_supplied":19078835910,"trx":33243359428},{"day":1544400000000,"total_energy":60491338288,"energy":142453930,"contract_supplied":21992640830,"trx":38356243528},{"day":1544486400000,"total_energy":59689976202,"energy":198985537,"contract_supplied":19664610041,"trx":39826380624},{"day":1544572800000,"total_energy":63374896993,"energy":228505594,"contract_supplied":22093852450,"trx":41052538949},{"day":1544659200000,"total_energy":70454898574,"energy":219568172,"contract_supplied":24352675310,"trx":45882655092},{"day":1544745600000,"total_energy":76272377935,"energy":235613264,"contract_supplied":22816126442,"trx":53220638229},{"day":1544832000000,"total_energy":79469306467,"energy":225690057,"contract_supplied":23439093822,"trx":55804522588},{"day":1544918400000,"total_energy":83026809080,"energy":416368899,"contract_supplied":22781077294,"trx":59829362887},{"day":1545004800000,"total_energy":81015692207,"energy":388700246,"contract_supplied":21079781616,"trx":59547210345},{"day":1545091200000,"total_energy":79804500126,"energy":177004071,"contract_supplied":22902785377,"trx":56724710678},{"day":1545177600000,"total_energy":53226100725,"energy":230601422,"contract_supplied":22779280220,"trx":30216219083},{"day":1545264000000,"total_energy":76123799369,"energy":211967079,"contract_supplied":29186880617,"trx":46724951673},{"day":1545350400000,"total_energy":74169008103,"energy":202870537,"contract_supplied":21481533478,"trx":52484604088},{"day":1545436800000,"total_energy":59875677923,"energy":202134603,"contract_supplied":28149888184,"trx":31523655136},{"day":1545523200000,"total_energy":71326927592,"energy":187908464,"contract_supplied":27450271754,"trx":43688747374},{"day":1545609600000,"total_energy":67779850374,"energy":235894615,"contract_supplied":30485971227,"trx":37057984532},{"day":1545696000000,"total_energy":605"
12:57:45.220 [TestNG-tests-1] DEBUG org.apache.http.wire -  << "66235066,"energy":228026821,"contract_supplied":27892998912,"trx":32445209333},{"day":1545782400000,"total_energy":74039437279,"energy":258754570,"contract_supplied":32411574447,"trx":41369108262},{"day":1545868800000,"total_energy":66260624483,"energy":343126032,"contract_supplied":29258941829,"trx":36658556622},{"day":1545955200000,"total_energy":136002565467,"energy":655348528,"contract_supplied":34181169545,"trx":101166047394},{"day":1546041600000,"total_energy":73241350708,"energy":314679133,"contract_supplied":30655250010,"trx":42271421565},{"day":1546128000000,"total_energy":70723406480,"energy":334768271,"contract_supplied":39799436535,"trx":30589201674},{"day":1546214400000,"total_energy":70230451985,"energy":384650854,"contract_supplied":40706352015,"trx":29139449116},{"day":1546300800000,"total_energy":70455894476,"energy":294333559,"contract_supplied":38880823216,"trx":31280737701},{"day":1546387200000,"total_energy":76456066725,"energy":627871867,"contract_supplied":46221438568,"trx":29606756290},{"day":1546473600000,"total_energy":66311351698,"energy":392390477,"contract_supplied":41347951125,"trx":24571010096},{"day":1546560000000,"total_energy":71225169135,"energy":765938129,"contract_supplied":38851425337,"trx":31607805669},{"day":1546646400000,"total_energy":66773666532,"energy":669009958,"contract_supplied":364019115"
12:57:45.220 [TestNG-tests-1] DEBUG org.apache.http.wire -  << "73,"trx":29702745001},{"day":1546732800000,"total_energy":60205321107,"energy":477881439,"contract_supplied":34678372738,"trx":25049066930},{"day":1546819200000,"total_energy":50390116381,"energy":847925138,"contract_supplied":28803663818,"trx":20738527425},{"day":1546905600000,"total_energy":66324595668,"energy":612066884,"contract_supplied":41763400697,"trx":23949128087},{"day":1546992000000,"total_energy":55052689123,"energy":634404642,"contract_supplied":30720396087,"trx":23697888394},{"day":1547078400000,"total_energy":49202294307,"energy":702291578,"contract_supplied":23832062699,"trx":24667940030},{"day":1547164800000,"total_energy":55437292413,"energy":711456615,"contract_supplied":23171160868,"trx":31554674930},{"day":1547251200000,"total_energy":66062826220,"energy":932510904,"contract_supplied":23559367866,"trx":41570947450},{"day":1547337600000,"total_energy":68624461967,"energy":1077524293,"contract_supplied":22565747840,"trx":44981189834},{"day":1547424000000,"total_energy":72215332282,"energy":1136178350,"contract_supplied":22953345334,"trx":48125808598},{"day":1547510400000,"total_energy":74514181836,"energy":1085851567,"contract_supplied":23891410932,"trx":49536919337},{"day":1547596800000,"total_energy":81521997637,"energy":869618552,"contract_supplied":22956707057,"trx":57695672028},{"day":1547683200000,"total_energy":78536278736,"energy":978100632,"contract_supplied":21534344303,"trx":56023833801},{"day":1547769600000,"total_energy":78012992635,"energy":1247911828,"contract_supplied":21022641283,"trx":55742439524},{"day":1547856000000,"total_energy":78774849175,"energy":1178442267,"contract_supplied":21441423671,"trx":56154983237},{"day":1547942400000,"total_energy":67855959257,"energy":856214582,"contract_supplied":20194343793,"trx":46805400882},{"day":1548028800000,"total_energy":60932091276,"energy":1307532317,"contract_supplied":21953865756,"trx":37670693203},{"day":1548115200000,"total_energy":62973704952,"energy":1030275975,"contract_supplied":21260867980,"trx":40682560997},{"day":1548201600000,"total_energy":61800166056,"energy":1098109212,"contract_supplied":21104488128,"trx":39597568716},{"day":1548288000000,"total_energy":53668117915,"energy":962492114,"contract_supplied":22488168048,"trx":30217457753},{"day":1548374400000,"total_energy":50550652835,"energy":960483468,"contract_supplied":22444444347,"trx":27145725020},{"day":1548460800000,"total_energy":49289463943,"energy":796930484,"contract_supplied":22188434613,"trx":26304098846},{"day":1548547200000,"total_energy":44043861196,"energy":786079032,"contract_supplied":22157731714,"trx":21100050450},{"day":1548633600000,"total_energy":47311123877,"energy":911778500,"contract_supplied":22425735706,"trx":23973609671},{"day":1548720000000,"total_energy":49713970589,"energy":858905868,"contract_supplied":24092154386,"trx":24762910335},{"day":1548806400000,"total_energy":56297177502,"energy":878168779,"contract_supplied":29450098480,"trx":25968910243},{"day":1548892800000,"total_energy":56169917341,"energy":996024975,"contract_supplied":30052587321,"trx":25121305045},{"day":1548979200000,"total_energy":72144533184,"energy":1196053379,"contract_supplied":31484825289,"trx":39463654516},{"day":1549065600000,"total_energy":67000239566,"energy":6360605800,"contract_supplied":34107313664,"trx":26532320102},{"day":1549152000000,"total_energy":72003065039,"energy":4406972037,"contract_supplied":32882269574,"trx":34713823428},{"day":1549238400000,"total_energy":94054007075,"energy":5383001230,"contract_supplied":31349713017,"trx":57321292828},{"day":1549324800000,"total_energy":49824093884,"energy":6521329014,"contract_supplied":22544047801,"trx":20758717069},{"day":1549411200000,"total_energy":49945893437,"energy":4866042817,"contract_supplied":23582343883,"trx":21497506737},{"day":1549497600000,"total_energy":53156965832,"energy":4881976159,"contract_supplied":29044966868,"trx":19230022805},{"day":1549584000000,"total_energy":47311711298,"energy":3761598234,"contract_supplied":27755582557,"trx":15794530507},{"day":1549670400000,"
12:57:45.220 [TestNG-tests-1] DEBUG org.apache.http.wire -  << ""total_energy":51363246011,"energy":5678250261,"contract_supplied":28453136410,"trx":17231859340},{"day":1549756800000,"total_energy":64844442264,"energy":11504725111,"contract_supplied":27466365768,"trx":25873351385},{"day":1549843200000,"total_energy":46117322261,"energy":4554457066,"contract_supplied":24925121934,"trx":16637743261},{"day":1549929600000,"total_energy":44588070507,"energy":4392898486,"contract_supplied":24054798200,"trx":16140373821},{"day":1550016000000,"total_energy":42892126443,"energy":3460846812,"contract_supplied":24778669316,"trx":14652610315},{"day":1550102400000,"total_energy":44806947408,"energy":3332333033,"contract_supplied":26318579172,"trx":15156035203},{"day":1550188800000,"total_energy":43469970157,"energy":3375184507,"contract_supplied":26080835239,"trx":14013950411},{"day":1550275200000,"total_energy":42594709188,"energy":3958441503,"contract_supplied":24256308719,"trx":14379958966},{"day":1550361600000,"total_energy":33639354864,"energy":2192155675,"contract_supplied":19873158688,"trx":11574040501},{"day":1550448000000,"total_energy":37903996517,"energy":2043441926,"contract_supplied":25749171230,"trx":10111383361},{"day":1550534400000,"total_energy":46707050991,"energy":1978182343,"contract_supplied":34058956033,"trx":10669912615},{"day":1550620800000,"total_energy":45694356066,"energy":1484429028,"contract_supplied":33328937782,"trx":10880989256},{"day":1550707200000,"total_energy":44319874141,"energy":1773944594,"contract_supplied":29237872715,"trx":13308056832},{"day":1550793600000,"total_energy":36811974880,"energy":1857994857,"contract_supplied":22566833679,"trx":12387146344},{"day":1550880000000,"total_energy":39061321751,"energy":1657626475,"contract_supplied":26153976348,"trx":11249718928},{"day":1550966400000,"total_energy":38854110589,"energy":1869580342,"contract_supplied":25879497295,"trx":11105032952},{"day":1551052800000,"total_energy":42266526872,"energy":1964626146,"contract_supplied":28494586436,"trx":11807314290},{"day":1551139200000,"total_energy":45890070228,"energy":1571287972,"contract_supplied":30026196657,"trx":14292585599},{"day":1551225600000,"total_energy":42844791312,"energy":1993623485,"contract_supplied":26324803163,"trx":14526364664},{"day":1551312000000,"total_energy":38422899152,"energy":2321644795,"contract_supplied":21924907477,"trx":14176346880},{"day":1551398400000,"total_energy":38500912366,"energy":2273459109,"contract_supplied":19301962245,"trx":16925491012},{"day":1551484800000,"total_energy":46134239806,"energy":2047876727,"contract_supplied":26035807951,"trx":18050555128},{"day":1551571200000,"total_energy":47253855878,"energy":2184075320,"contract_supplied":26632955966,"trx":18436824592},{"day":1551657600000,"total_energy":51202224605,"energy":1929693402,"contract_supplied":21662998658,"trx":27609532545},{"day":1551744000000,"total_energy":64924274952,"energy":1850547589,"contract_supplied":21935167443,"trx":41138559920},{"day":1551830400000,"total_energy":71509995520,"energy":1729342419,"contract_supplied":19842624106,"trx":49938028995},{"day":1551916800000,"total_energy":75799404319,"energy":1215956525,"contract_supplied":19088037051,"trx":55495410743},{"day":1552003200000,"total_energy":82276264588,"energy":1932084617,"contract_supplied":19378673994,"trx":60965505977},{"day":1552089600000,"total_energy":93579489613,"energy":1810777377,"contract_supplied":18870053181,"trx":72898659055},{"day":1552176000000,"total_energy":104826679224,"energy":1811462353,"contract_supplied":17518326729,"trx":85496890142},{"day":1552262400000,"total_energy":114189403492,"energy":1857937177,"contract_supplied":17585536018,"trx":94745930297},{"day":1552348800000,"total_energy":132247890572,"energy":3124468543,"contract_supplied":16472104529,"trx":112651317500},{"day":1552435200000,"total_energy":133470960618,"energy":4066959890,"contract_supplied":17347802851,"trx":112056197877},{"day":1552521600000,"total_energy":150278816458,"energy":10620661535,"contract_supplied":17394804690,"trx":122263350233},{"day":1552608000000,"total_energy":142197025989,"energy":8395510322,"contract_supplied":20561846535,"trx":113239669132},{"day":1552694400000,"total_energy":128000494565,"energy":8756756816,"contract_supplied":20395420432,"trx":98848317317},{"day":1552780800000,"total_energy":83801086952,"energy":7501464156,"contract_supplied":18444418687,"trx":57855204109},{"day":1552867200000,"total_energy":79523153146,"energy":4745987691,"contract_supplied":16819003482,"trx":57958161973},{"day":1552953600000,"total_energy":73652003756,"energy":4083527655,"contract_supplied":16642731404,"trx":52925744697},{"day":1553040000000,"total_energy":69828313562,"energy":4502695378,"contract_supplied":16393548942,"trx":48932069242},{"day":1553126400000,"total_energy":89289479651,"energy":4644918219,"contract_supplied":16954710354,"trx":67689851078},{"day":1553212800000,"total_energy":82444483726,"energy":3648032000,"contract_supplied":16114999739,"trx":62681451987},{"day":1553299200000,"total_energy":58704869754,"energy":2798893244,"contract_supplied":16123919858,"trx":39782056652},{"day":1553385600000,"total_energy":49029002807,"energy":2090047290,"contract_supplied":14619862727,"trx":32319092790},{"day":1553472000000,"total_energy":50015710508,"energy":2165816692,"contract_supplied":15244946849,"trx":32604946967},{"day":1553558400000,"total_energy":63133109476,"energy":1908555049,"contract_sup"
12:57:45.220 [TestNG-tests-1] DEBUG org.apache.http.wire -  << "plied":13702186953,"trx":47522367474},{"day":1553644800000,"total_energy":58774522399,"energy":1950742759,"contract_supplied":13858945914,"trx":42964833726},{"day":1553731200000,"total_energy":59025853504,"energy":1978279510,"contract_supplied":14920699295,"trx":42126874699},{"day":1553817600000,"total_energy":53923443795,"energy":2571409201,"contract_supplied":14601810972,"trx":36750223622},{"day":1553904000000,"total_energy":50899286810,"energy":1935871129,"contract_supplied":14786337605,"trx":34177078076},{"day":1553990400000,"total_energy":52571668061,"energy":2267728638,"contract_supplied":15240249855,"trx":35063689568},{"day":1554076800000,"total_energy":48771657996,"energy":2418200317,"contract_supplied":15493575205,"trx":30859882474},{"day":1554163200000,"total_energy":45970387907,"energy":1744295710,"contract_supplied":15505866098,"trx":28720226099},{"day":1554249600000,"total_energy":59177206984,"energy":2382804695,"contract_supplied":16303464820,"trx":40490937469},{"day":1554336000000,"total_energy":57415276917,"energy":2561279345,"contract_supplied":15172062125,"trx":39681935447},{"day":1554422400000,"total_energy":54143663023,"energy":2484301336,"contract_supplied":13959866974,"trx":37699494713},{"day":1554508800000,"total_energy":77048081527,"energy":3019642115,"contract_supplied":14692711106,"trx":59335728306},{"day":1554595200000,"total_energy":123379750165,"energy":2768342044,"contract_supplied":14335054460,"trx":106276353661},{"day":1554681600000,"total_energy":76841063269,"energy":2871674875,"contract_supplied":14144358233,"trx":59825030161},{"day":1554768000000,"total_energy":67529538476,"energy":2619419330,"contract_supplied":19172269074,"trx":45737850072},{"day":1554854400000,"total_energy":71825033997,"energy":5946928051,"contract_supplied":23103529637,"trx":42774576309},{"day":1554940800000,"total_energy":66208801010,"energy":4101153859,"contract_supplied":19046939027,"trx":43060708124},{"day":1555027200000,"total_energy":74394682125,"energy":3252928133,"contract_supplied":21819571058,"trx":49322182934},{"day":1555113600000,"total_energy":82288976301,"energy":3000634775,"contract_supplied":21570389597,"trx":57717951929},{"day":1555200000000,"total_energy":83710448260,"energy":3030925370,"contract_supplied":21225946254,"trx":59453576636},{"day":1555286400000,"total_energy":82098672468,"energy":3678981773,"contract_supplied":20549807623,"trx":57869883072},{"day":1555372800000,"total_energy":59966272286,"energy":2714322236,"contract_supplied":21014547393,"trx":36237402657},{"day":1555459200000,"total_energy":63918656828,"energy":3704542913,"contract_supplied":22987804899,"trx":37226309016},{"day":1555545600000,"total_energy":55614898514,"energy":2825260798,"contract_supplied":21740121740,"trx":31049515976},{"day":1555632000000,"total_energy":56776152920,"energy":2844119746,"contract_supplied":20158604418,"trx":33773428756},{"day":1555718400000,"total_energy":57534562460,"energy":2784484214,"contract_supplied":19956624288,"trx":34793453958},{"day":1555804800000,"total_energy":61092839044,"energy":2513834361,"contract_supplied":21955375233,"trx":36623629450},{"day":1555891200000,"total_energy":59054295737,"energy":2364090008,"contract_supplied":21073786312,"trx":35616419417},{"day":1555977600000,"total_energy":58666628495,"energy":1965255550,"contract_supplied":23600486066,"trx":33100886879},{"day":1556064000000,"total_energy":62749369526,"energy":2383982150,"contract_supplied":29245044373,"trx":31120343003},{"day":1556150400000,"total_energy":76774354595,"energy":6272736472,"contract_supplied":32250856448,"trx":38250761675},{"day":1556236800000,"total_energy":84758087273,"energy":3127467011,"contract_supplied":35126404719,"trx":46504215543},{"day""
12:57:45.220 [TestNG-tests-1] DEBUG org.apache.http.wire -  << "[\r][\n]"
12:57:45.220 [TestNG-tests-1] DEBUG org.apache.http.wire -  << "8000[\r][\n]"
12:57:45.220 [TestNG-tests-1] DEBUG org.apache.http.wire -  << ":1556323200000,"total_energy":89445406380,"energy":3227571962,"contract_supplied":31581241263,"trx":54636593155},{"day":1556409600000,"total_energy":79399366025,"energy":3730894607,"contract_supplied":33052786583,"trx":42615684835},{"day":1556496000000,"total_energy":74381047736,"energy":5424637814,"contract_supplied":33162508053,"trx":35793901869},{"day":1556582400000,"total_energy":73893962440,"energy":5496572328,"contract_supplied":39790997399,"trx":28606392713},{"day":1556668800000,"total_energy":69521397703,"energy":4721750709,"contract_supplied":39239768185,"trx":25559878809},{"day":1556755200000,"total_energy":71163452944,"energy":5412191616,"contract_supplied":35867274469,"trx":29883986859},{"day":1556841600000,"total_energy":74534208052,"energy":4379441450,"contract_supplied":34098912608,"trx":36055853994},{"day":1556928000000,"total_energy":75634525391,"energy":3604918901,"contract_supplied":34323438870,"trx":37706167620},{"day":1557014400000,"total_energy":71814639628,"energy":2621691952,"contract_supplied":37120363245,"trx":32072584431},{"day":1557100800000,"total_energy":61050274795,"energy":2202266721,"contract_supplied":32627270220,"trx":26220737854},{"day":1557187200000,"total_energy":58291744277,"energy":2394763078,"contract_supplied":31386368038,"trx":24510613161},{"day":1557273600000,"total_energy":54152135095,"energy":2130753153,"contract_supplied":32097451415,"trx":19923930527},{"day":1557360000000,"total_energy":68962192214,"energy":2592492174,"contract_supplied":32925425786,"trx":33444274254},{"day":1557446400000,"total_energy":66032223951,"energy":2872787527,"contract_supplied":29844527988,"trx":33314908436},{"day":1557532800000,"tot"
12:57:45.221 [TestNG-tests-1] DEBUG org.apache.http.wire -  << "al_energy":84181965503,"energy":2251436762,"contract_supplied":30213918124,"trx":51716610617},{"day":1557619200000,"total_energy":80549618392,"energy":2171780776,"contract_supplied":30480706221,"trx":47897131395},{"day":1557705600000,"total_energy":58404768501,"energy":2394738310,"contract_supplied":28585840572,"trx":27424189619},{"day":1557792000000,"total_energy":58389975482,"energy":1975054409,"contract_supplied":28700673128,"trx":27714247945},{"day":1557878400000,"total_energy":48376759602,"energy":1729295326,"contract_supplied":27687662144,"trx":18959802132},{"day":1557964800000,"total_energy":47152293931,"energy":1480927339,"contract_supplied":29450847026,"trx":16220519566},{"day":1558051200000,"total_energy":38568140996,"energy":1608915545,"contract_supplied":25784147881,"trx":11175077570},{"day":1558137600000,"total_energy":36817059985,"energy":1506180616,"contract_supplied":25064830270,"trx":10246049099},{"day":1558224000000,"total_energy":40403504012,"energy":1613644186,"contract_supplied":27549222516,"trx":11240637310},{"day":1558310400000,"total_energy":41104669754,"energy":1675988789,"contract_supplied":27287298437,"trx":12141382528},{"day":1558396800000,"total_energy":47423476166,"energy":1837805360,"contract_supplied":26902074130,"trx":18683596676},{"day":1558483200000,"total_energy":44882448803,"energy":2014473850,"cont"
12:57:45.457 [TestNG-tests-1] DEBUG org.apache.http.wire -  << "ract_supplied":28136881501,"trx":14731093452},{"day":1558569600000,"total_energy":44983111416,"energy":1784312772,"contract_supplied":24490766056,"trx":18708032588},{"day":1558656000000,"total_energy":39273145744,"energy":1974057344,"contract_supplied":23937571637,"trx":13361516763},{"day":1558742400000,"total_energy":38585012056,"energy":1788981275,"contract_supplied":24166061438,"trx":12629969343},{"day":1558828800000,"total_energy":34533435832,"energy":1702113548,"contract_supplied":23568781930,"trx":9262540354},{"day":1558915200000,"total_energy":35890009994,"energy":2111524626,"contract_supplied":23872914495,"trx":9905570873},{"day":1559001600000,"total_energy":38240222502,"energy":4270989582,"contract_supplied":22111594471,"trx":11857638449},{"day":1559088000000,"total_energy":32160240806,"energy":2356749084,"contract_supplied":19795108886,"trx":10008382836},{"day":1559174400000,"total_energy":32704886580,"energy":1777042374,"contract_supplied":20660573089,"trx":10267271117},{"day":1559260800000,"total_energy":28421326634,"energy":1661690302,"contract_supplied":19241110461,"trx":7518525871},{"day":1559347200000,"total_energy":30219349346,"energy":1743005260,"contract_supplied":19805284359,"trx":8671059727},{"day":1559433600000,"total_energy":30128857196,"energy":1660634262,"contract_supplied":21006205064,"trx":7462017870},{"day":1559520000000,"total_energy":28572541346,"energy":1658667121,"contract_supplied":18990653254,"trx":7923220971},{"day":1559606400000,"total_energy":29502078794,"energy":1941167791,"contract_supplied":19845091439,"trx":7715819564},{"day":1559692800000,"total_energy":31359896187,"energy":2044366762,"contract_supplied":20295199341,"trx":9020330084},{"day":1559779200000,"total_energy":29008962387,"energy":1993999326,"contract_supplied":17945966981,"trx":9068996080},{"day":1559865600000,"total_energy":28742965079,"energy":1247935258,"contract_supplied":19111768788,"trx":8383261033},{"day":1559952000000,"total_energy":29950175497,"energy":1343885714,"contract_supplied":18917086833,"trx":9689202950},{"day":1560038400000,"total_energy":27732279586,"energy":1454168062,"contract_supplied":17547354647,"trx":8730756877},{"day":1560124800000,"total_energy":32876928514,"energy":1436022509,"contract_supplied":22993716312,"trx":8447189693},{"day":1560211200000,"total_energy":34658117277,"energy":1751603085,"contract_supplied":22458554034,"trx":10447960158},{"day":1560297600000,"total_energy":33071171573,"energy":1307968275,"contract_supplied":22160029710,"trx":9603173588},{"day":1560384000000,"total_energy":33860600972,"energy":1248820062,"contract_supplied":23259514243,"trx":9352266667},{"day":1560470400000,"total_energy":36602154289,"energy":1263684937,"contract_supplied":26405669557,"trx":8932799795},{"day":1560556800000,"total_energy":37553937832,"energy":1233525397,"contract_supplied":27328715065,"trx":8991697370},{"day":1560643200000,"total_energy":33416667752,"energy":1242601775,"contract_supplied":21353230515,"trx":10820835462},{"day":1560729600000,"total_energy":29803378386,"energy":1028551278,"contract_supplied":20529183878,"trx":8245643230},{"day":1560816000000,"total_energy":29864913308,"energy":964363444,"contract_supplied":21608353150,"trx":7292196714},{"day":1560902400000,"total_energy":31701984628,"energy":1148144437,"contract_supplied":22063475443,"trx":8490364748},{"day":1560988800000,"total_energy":29477492880,"energy":1195932807,"contract_supplied":21060000219,"trx":7221559854},{"day":1561075200000,"total_energy":33024965735,"energy":1405196766,"contract_supplied":21457461036,"trx":10162307933},{"day":1561161600000,"total_energy":31348601544,"energy":1034152120,"contract_supplied":21319042476,"trx":8995406948},{"day":1561248000000,"total_energy":29803887843,"energy":960017698,"contract_supplied":18698234410,"trx":10145635735},{"day":1561334400000,"total_energy":25415736299,"energy":865995871,"contract_supplied":18992727490,"trx":5557012938},{"day":1561420800000,"total_energy":26826814528,"energy":1120732760,"contract_supplied":19680805293,"trx":6025276475},{"day""
12:57:45.458 [TestNG-tests-1] DEBUG org.apache.http.wire -  << ":1561507200000,"total_energy":26726204022,"energy":975211695,"contract_supplied":20108163421,"trx":5642828906},{"day":1561593600000,"total_energy":27837483505,"energy":1075445202,"contract_supplied":19020927193,"trx":7741111110},{"day":1561680000000,"total_energy":27179563776,"energy":912104147,"contract_supplied":19472736449,"trx":6794723180},{"day":1561766400000,"total_energy":28955763926,"energy":1025375237,"contract_supplied":19308673925,"trx":8621714764},{"day":1561852800000,"total_energy":27163161972,"energy":1018277220,"contract_supplied":17809719515,"trx":8335165237},{"day":1561939200000,"total_energy":26235018437,"energy":1057665159,"contract_supplied":17724028751,"trx":7453324527},{"day":1562025600000,"total_energy":25123195806,"energy":984399061,"contract_supplied":18060014492,"trx":6078782253},{"day":1562112000000,"total_energy":27703497876,"energy":1072145277,"contract_supplied":16281981447,"trx":10349371152},{"day":1562198400000,"total_energy":25540848348,"energy":849153044,"contract_supplied":17762747204,"trx":6928948100},{"day":1562284800000,"total_energy":21660034348,"energy":815043773,"contract_supplied":14978615568,"trx":5866375007},{"day":1562371200000,"total_energy":23955040156,"energy":904923658,"contract_supplied":15763951608,"trx":7286164890},{"day":1562457600000,"total_energy":20048055859,"energy":635379846,"co"
12:57:45.459 [TestNG-tests-1] DEBUG org.apache.http.wire -  << "ntract_supplied":14889065911,"trx":4523610102},{"day":1562544000000,"total_energy":23676769439,"energy":665297236,"contract_supplied":16385255883,"trx":6626216320},{"day":1562630400000,"total_energy":23399529319,"energy":740105211,"contract_supplied":16432949929,"trx":6226474179},{"day":1562716800000,"total_energy":22857473391,"energy":808548408,"contract_supplied":16342348964,"trx":5706576019},{"day":1562803200000,"total_energy":25749872132,"energy":897349913,"contract_supplied":17742585639,"trx":7109936580},{"day":1562889600000,"total_energy":23181556825,"energy":918901764,"contract_supplied":16601280162,"trx":5661374899},{"day":1562976000000,"total_energy":23881307943,"energy":720174380,"contract_supplied":17576726774,"trx":5584406789},{"day":1563062400000,"total_energy":24283559526,"energy":937597164,"contract_supplied":16907571805,"trx":6438390557},{"day":1563148800000,"total_energy":23747716548,"energy":1138039376,"contract_supplied":16440548757,"trx":6169128415},{"day":1563235200000,"total_energy":28923417133,"energy":1203674038,"contract_supplied":19284977815,"trx":8434765280},{"day":1563321600000,"total_energy":28347662568,"energy":1031063709,"contract_supplied":19921089823,"trx":7395509036},{"day":1563408000000,"total_energy":28213358949,"energy":849086015,"contract_supplied":19678200988,"trx":7686071946},{"day":1563494400000,"total_energy":28484903913,"energy":867212870,"contract_supplied":20230892849,"trx":7386798194},{"day":1563580800000,"total_energy":30758275935,"energy":1028476606,"contract_supplied":23904873532,"trx":5824925797},{"day":1563667200000,"total_energy":81300895314,"energy":1490162325,"contract_supplied":29761136729,"trx":50049596260},{"day":1563753600000,"total_energy":115079043025,"energy":1440121140,"contract_supplied":32090239576,"trx":81548682309},{"day":1563840000000,"total_energy":98159464704,"energy":1397385532,"contract_supplied":31752657671,"trx":65009421501},{"day":1563926400000,"total_energy":104184215471,"energy":1354477114,"contract_supplied":31259562106,"trx":71570176251},{"day":1564012800000,"total_energy":116498039789,"energy":1429259817,"contract_supplied":30711645309,"trx":84357134663},{"day":1564099200000,"total_energy":114522349145,"energy":1364105645,"contract_supplied":30382276822,"trx":82775966678},{"day":1564185600000,"total_energy":119218487886,"energy":1421246313,"contract_supplied":30887255291,"trx":86909986282},{"day":1564272000000,"total_energy":122750050268,"energy":1368436812,"contract_supplied":30662979733,"trx":90718633723},{"day":1564358400000,"total_energy":116646069160,"energy":1274549809,"contract_supplied":31304573039,"trx":84066946312},{"day":1564444800000,"total_energy":101890735954,"energy":132701"
12:57:45.459 [TestNG-tests-1] DEBUG org.apache.http.wire -  << "3317,"contract_supplied":30962494815,"trx":69601227822},{"day":1564531200000,"total_energy":83048874065,"energy":1223883983,"contract_supplied":30204494927,"trx":51620495155},{"day":1564617600000,"total_energy":69391521276,"energy":997250593,"contract_supplied":30723549338,"trx":37670721345},{"day":1564704000000,"total_energy":66633056809,"energy":1545067342,"contract_supplied":33022245463,"trx":32065744004},{"day":1564790400000,"total_energy":78150396521,"energy":2922374124,"contract_supplied":30888611329,"trx":44339411068},{"day":1564876800000,"total_energy":88456120190,"energy":2580613389,"contract_supplied":31356521723,"trx":54518985078},{"day":1564963200000,"total_energy":91014133452,"energy":2238019308,"contract_supplied":31956094884,"trx":56820019260},{"day":1565049600000,"total_energy":77352523903,"energy":2095456912,"contract_supplied":34355714858,"trx":40901352133},{"day":1565136000000,"total_energy":93135593199,"energy":2126790389,"contract_supplied":35761414329,"trx":55247388481},{"day":1565222400000,"total_energy":85011900376,"energy":2042944451,"contract_supplied":35820364289,"trx":47148591636},{"day":1565308800000,"total_energy":72642662385,"energy":2280305292,"contract_supplied":36046182588,"trx":34316174505},{"day":1565395200000,"total_energy":78601977535,"energy":2184964952,"contract_supplied":35793339660,"trx":406236"
12:57:45.459 [TestNG-tests-1] DEBUG org.apache.http.wire -  << "72923},{"day":1565481600000,"total_energy":74738468361,"energy":2527366614,"contract_supplied":35378421809,"trx":36832679938},{"day":1565568000000,"total_energy":81459970044,"energy":2667572505,"contract_supplied":35935366369,"trx":42857031170},{"day":1565654400000,"total_energy":80215793867,"energy":2709361642,"contract_supplied":36542039393,"trx":40964392832},{"day":1565740800000,"total_energy":82503957339,"energy":2631129951,"contract_supplied":36873337381,"trx":42999490007},{"day":1565827200000,"total_energy":90060924124,"energy":2552549750,"contract_supplied":37385943957,"trx":50122430417},{"day":1565913600000,"total_energy":103732382401,"energy":2884354962,"contract_supplied":37878529535,"trx":62969497904},{"day":1566000000000,"total_energy":111954484291,"energy":3690035752,"contract_supplied":36909749737,"trx":71354698802},{"day":1566086400000,"total_energy":110696005826,"energy":3325377565,"contract_supplied":35451243236,"trx":71919385025},{"day":1566172800000,"total_energy":104145841028,"energy":3459416411,"contract_supplied":36432421480,"trx":64254003137},{"day":1566259200000,"total_energy":97854896995,"energy":3316043907,"contract_supplied":36117779029,"trx":58421074059},{"day":1566345600000,"total_energy":86614099531,"energy":3160811564,"contract_supplied":36449791093,"trx":47003496874},{"day":1566432000000,"total_energy":9"
12:57:45.459 [TestNG-tests-1] DEBUG org.apache.http.wire -  << "1516099656,"energy":2406506435,"contract_supplied":37917534664,"trx":51192058557},{"day":1566518400000,"total_energy":76056567280,"energy":2653487223,"contract_supplied":37355368680,"trx":36047711377},{"day":1566604800000,"total_energy":68523545642,"energy":2674489266,"contract_supplied":34974149368,"trx":30874907008},{"day":1566691200000,"total_energy":63438262327,"energy":2545280380,"contract_supplied":35287481165,"trx":25605500782},{"day":1566777600000,"total_energy":67324108257,"energy":2472002335,"contract_supplied":35348039038,"trx":29504066884},{"day":1566864000000,"total_energy":62736359900,"energy":2309634919,"contract_supplied":32636276934,"trx":27790448047},{"day":1566950400000,"total_energy":65566687962,"energy":5238632112,"contract_supplied":34913015444,"trx":25415040406},{"day":1567036800000,"total_energy":59865604248,"energy":2952993656,"contract_supplied":33093722966,"trx":23818887626},{"day":1567123200000,"total_energy":61567082257,"energy":2901218726,"contract_supplied":33574624503,"trx":25091239028},{"day":1567209600000,"total_energy":62604272519,"energy":2586022594,"contract_supplied":33178321348,"trx":26839928577},{"day":1567296000000,"total_energy":65639253358,"energy":2715928151,"contract_supplied":26441024523,"trx":36482300684},{"day":1567382400000,"total_energy":60480736296,"energy":2779146176,"contract_supplie"
12:57:45.459 [TestNG-tests-1] DEBUG org.apache.http.wire -  << "d":29546767473,"trx":28154822647},{"day":1567468800000,"total_energy":55936605458,"energy":2929907571,"contract_supplied":29371866044,"trx":23634831843},{"day":1567555200000,"total_energy":50823641858,"energy":3289348649,"contract_supplied":30484985667,"trx":17049307542},{"day":1567641600000,"total_energy":47403489852,"energy":2841656542,"contract_supplied":29431023260,"trx":15130810050},{"day":1567728000000,"total_energy":46489959263,"energy":3158335195,"contract_supplied":29679866877,"trx":13651757191},{"day":1567814400000,"total_energy":49132108740,"energy":2968873099,"contract_supplied":30008842255,"trx":16154393386},{"day":1567900800000,"total_energy":46759859391,"energy":2761735572,"contract_supplied":29915902618,"trx":14082221201},{"day":1567987200000,"total_energy":43430577583,"energy":2425351955,"contract_supplied":29031900671,"trx":11973324957},{"day":1568073600000,"total_energy":41566715452,"energy":2685455782,"contract_supplied":29595305330,"trx":9285954340},{"day":1568160000000,"total_energy":46333991749,"energy":2888928887,"contract_supplied":29473727215,"trx":13971335647},{"day":1568246400000,"total_energy":43243829480,"energy":2985640292,"contract_supplied":28697110605,"trx":11561078583},{"day":1568332800000,"total_energy":44504834104,"energy":2537026671,"contract_supplied":28785200181,"trx":13182607252},{"day":15684192"
12:57:45.459 [TestNG-tests-1] DEBUG org.apache.http.wire -  << "00000,"total_energy":50569326366,"energy":2888734631,"contract_supplied":29298941219,"trx":18381650516},{"day":1568505600000,"total_energy":46601279159,"energy":2703926152,"contract_supplied":29041755477,"trx":14855597530},{"day":1568592000000,"total_energy":46077223856,"energy":2863089327,"contract_supplied":28890834574,"trx":14323299955},{"day":1568678400000,"total_energy":45339811449,"energy":2802440553,"contract_supplied":29129600942,"trx":13407769954},{"day":1568764800000,"total_energy":39218491419,"energy":2556482662,"contract_supplied":27674349926,"trx":8987658831},{"day":1568851200000,"total_energy":41890792655,"energy":2350004245,"contract_supplied":29944788672,"trx":9595999738},{"day":1568937600000,"total_energy":45767483982,"energy":2514991158,"contract_supplied":29267622313,"trx":13984870511},{"day":1569024000000,"total_energy":44276481740,"energy":2377422998,"contract_supplied":29186272551,"trx":12712786191},{"day":1569110400000,"total_energy":51773325913,"energy":3295302551,"contract_supplied":28860667540,"trx":19617355822},{"day":1569196800000,"total_energy":55667787000,"energy":3189000454,"contract_supplied":29166209842,"trx":23312576704},{"day":1569283200000,"total_energy":59843582256,"energy":3491918867,"contract_supplied":29088324555,"trx":27263338834},{"day":1569369600000,"total_energy":58302318877,"energy":28824541"
12:57:45.459 [TestNG-tests-1] DEBUG org.apache.http.wire -  << "53,"contract_supplied":28680917618,"trx":26738947106},{"day":1569456000000,"total_energy":63659779919,"energy":2691153356,"contract_supplied":29500440389,"trx":31468186174},{"day":1569542400000,"total_energy":60916567425,"energy":2713422347,"contract_supplied":30527790262,"trx":27675354816},{"day":1569628800000,"total_energy":64847161670,"energy":3494255257,"contract_supplied":30590276784,"trx":30762629629},{"day":1569715200000,"total_energy":63260268259,"energy":3621886228,"contract_supplied":29343377651,"trx":30295004380},{"day":1569801600000,"total_energy":56654237309,"energy":3375992893,"contract_supplied":30075923215,"trx":23202321201},{"day":1569888000000,"total_energy":58146652784,"energy":3862566338,"contract_supplied":29767407188,"trx":24516679258},{"day":1569974400000,"total_energy":58127007889,"energy":3869981821,"contract_supplied":29947618441,"trx":24309407627},{"day":1570060800000,"total_energy":58685747479,"energy":3869787392,"contract_supplied":29822246496,"trx":24993713591},{"day":1570147200000,"total_energy":61333179366,"energy":3976354735,"contract_supplied":29433570850,"trx":27923253781},{"day":1570233600000,"total_energy":50230743840,"energy":3869547769,"contract_supplied":30094725794,"trx":16266470277},{"day":1570320000000,"total_energy":49652642880,"energy":3872666461,"contract_supplied":29768142709,"trx":1601183"
12:57:45.459 [TestNG-tests-1] DEBUG org.apache.http.wire -  << "3710},{"day":1570406400000,"total_energy":53483588392,"energy":3663267976,"contract_supplied":29186472590,"trx":20633847826},{"day":1570492800000,"total_energy":62113108262,"energy":4048827070,"contract_supplied":29169630177,"trx":28894651015},{"day":1570579200000,"total_energy":63826869381,"energy":3846117486,"contract_supplied":28644195298,"trx":31336556597},{"day":1570665600000,"total_energy":59893084421,"energy":3385187404,"contract_supplied":28894894501,"trx":27613002516},{"day":1570752000000,"total_energy":55364551212,"energy":3215114222,"contract_supplied":28689588843,"trx":23459848147},{"day":1570838400000,"total_energy":60036426641,"energy":2970876968,"contract_supplied":28319619122,"trx":28745930551},{"day":1570924800000,"total_energy":55870130208,"energy":3066302527,"contract_supplied":28333058690,"trx":24470768991},{"day":1571011200000,"total_energy":53333543658,"energy":3195810563,"contract_supplied":28514151719,"trx":21623581376},{"day":1571097600000,"total_energy":47439737162,"energy":3157371107,"contract_supplied":26572331034,"trx":17710035021},{"day":1571184000000,"total_energy":51190100914,"energy":2971948941,"contract_supplied":27934388322,"trx":20283763651},{"day":1571270400000,"total_energy":51882493803,"energy":2511624780,"contract_supplied":28393251460,"trx":20977617563},{"day":1571356800000,"total_energy":563982"
12:57:45.459 [TestNG-tests-1] DEBUG org.apache.http.wire -  << "20467,"energy":3377561220,"contract_supplied":29706460369,"trx":23314198878},{"day":1571443200000,"total_energy":51446565646,"energy":3097035594,"contract_supplied":27840665434,"trx":20508864618},{"day":1571529600000,"total_energy":56204243943,"energy":3653407395,"contract_supplied":29407434654,"trx":23143401894},{"day":1571616000000,"total_energy":52572000899,"energy":2442889046,"contract_supplied":28716298139,"trx":21412813714},{"day":1571702400000,"total_energy":68592695972,"energy":2804693760,"contract_supplied":29539962485,"trx":36248039727},{"day":1571788800000,"total_energy":79905173600,"energy":2027761568,"contract_supplied":26721533711,"trx":51155878321},{"day":1571875200000,"total_energy":77015182618,"energy":1952996931,"contract_supplied":27585043268,"trx":47477142419},{"day":1571961600000,"total_energy":75866893346,"energy":1997100933,"contract_supplied":27757644670,"trx":46112147743},{"day":1572048000000,"total_energy":69684891172,"energy":2040025290,"contract_supplied":27437443630,"trx":40207422252},{"day":1572134400000,"total_energy":69135108836,"energy":2612701208,"contract_supplied":27745208758,"trx":38777198870},{"day":1572220800000,"total_energy":71285574803,"energy":2788211374,"contract_supplied":28736245266,"trx":39761118163},{"day":1572307200000,"total_energy":60136020982,"energy":2640498970,"contract_supplied":27"
12:57:45.460 [TestNG-tests-1] DEBUG org.apache.http.wire -  << "421228216,"trx":30074293796},{"day":1572393600000,"total_energy":44063336375,"energy":2409748540,"contract_supplied":26164622997,"trx":15488964838},{"day":1572480000000,"total_energy":40912799402,"energy":2343756437,"contract_supplied":26321923931,"trx":12247119034},{"day":1572566400000,"total_energy":43093488000,"energy":2175520239,"contract_supplied":27289771444,"trx":13628196317},{"day":1572652800000,"total_energy":47931880869,"energy":3491632878,"contract_supplied":27418715277,"trx":17021532714},{"day":1572739200000,"total_energy":47318263132,"energy":4241283259,"contract_supplied":26772087364,"trx":16304892509},{"day":1572825600000,"total_energy":45484343724,"energy":3269835696,"contract_supplied":25832217244,"trx":16382290784},{"day":1572912000000,"total_energy":39416194756,"energy":2490988918,"contract_supplied":23844418441,"trx":13080787397},{"day":1572998400000,"total_energy":35460406756,"energy":2396078859,"contract_supplied":19930801814,"trx":13133526083},{"day":1573084800000,"total_energy":32048920437,"energy":2668221528,"contract_supplied":18325757488,"trx":11054941421},{"day":1573171200000,"total_energy":37487949353,"energy":2479426930,"contract_supplied":20279588749,"trx":14728933674},{"day":1573257600000,"total_energy":48740533556,"energy":3664080613,"contract_supplied":26733794557,"trx":18342658386},{"day":1573344000000,"total_energy":42352764516,"energy":3249236714,"contract_supplied":24659689910,"trx":14443837892},{"day":1573430400000,"total_energy":39559555925,"energy":3473006968,"contract_supplied":22653035588,"trx":13433513369},{"day":1573516800000,"total_energy":35769767573,"energy":2894741528,"contract_supplied":20277290108,"trx":12597735937},{"day":1573603200000,"total_energy":35847655901,"energy":3140394104,"contract_supplied":20897649301,"trx":11809612496},{"day":1573689600000,"total_energy":35079633802,"energy":3251585677,"contract_supplied":21468900612,"trx":10359147513},{"day":1573776000000,"total_energy":33534490107,"energy":2796743747,"contract_supplied":21277640312,"trx":9460106048},{"day":1573862400000,"total_energy":26338610475,"energy":2895805471,"contract_supplied":14852927888,"trx":8589877116},{"day":1573948800000,"total_energy":35671641893,"energy":2806673973,"contract_supplied":25415372324,"trx":7449595596},{"day":1574035200000,"total_energy":28675047014,"energy":3034004257,"contract_supplied":18288711382,"trx":7352331375},{"day":1574121600000,"total_energy":27398757058,"energy":2186292047,"contract_supplied":16066503362,"trx":9145961649},{"day":1574208000000,"total_energy":26711518261,"energy":2315493116,"contract_supplied":16472530462,"trx":7923494683},{"day":1574294400000,"total_energy":28552579537,"energy":3946800924,"cont"
12:57:45.460 [TestNG-tests-1] DEBUG org.apache.http.wire -  << "ract_supplied":15923811397,"trx":8681967216},{"day":1574380800000,"total_energy":31476112062,"energy":4914275579,"contract_supplied":16949493230,"trx":9612343253},{"day":1574467200000,"total_energy":32402916686,"energy":5014171917,"contract_supplied":14970410933,"trx":12418333836},{"day":1574553600000,"total_energy":31575526680,"energy":4823561650,"contract_supplied":17826221916,"trx":8925743114},{"day":1574640000000,"total_energy":26276632848,"energy":4196917168,"contract_supplied":14663513021,"trx":7416202659},{"day":1574726400000,"total_energy":30375271289,"energy":4997164635,"contract_supplied":15443526750,"trx":9934579904},{"day":1574812800000,"total_energy":28675351591,"energy":5132804484,"contract_supplied":16381216224,"trx":7161330883},{"day":1574899200000,"total_energy":32671851652,"energy":5801052642,"contract_supplied":15121624452,"trx":11749174558},{"day":1574985600000,"total_energy":32537684515,"energy":5813954517,"contract_supplied":18112123450,"trx":8611606548},{"day":1575072000000,"total_energy":29687775045,"energy":5648084956,"contract_supplied":15648090910,"trx":8391599179},{"day":1575158400000,"total_energy":28403204431,"energy":5286003528,"contract_supplied":14423624535,"trx":8693576368},{"day":1575244800000,"total_energy":29991380678,"energy":5742295264,"contract_supplied":14954548515,"trx":9294536899},{"day":1575331200000,"total_energy":26456284374,"energy":5205461013,"contract_supplied":14996938024,"trx":6253885337},{"day":1575417600000,"total_energy":29365432683,"energy":5543444767,"contract_supplied":16561318740,"trx":7260669176},{"day":1575504000000,"total_energy":29185820908,"energy":5460185733,"contract_supplied":16556809678,"trx":7168825497},{"day":1575590400000,"total_energy":28893495630,"energy":5740505343,"contract_supplied":15130519223,"trx":8022471064},{"day":1575676800000,"total_energy":28874085544,"energy":5727349760,"contract_supplied":15886174998,"trx":7260560786},{"day":1575763200000,"total_energy":29215143819,"energy":6621256733,"contract_supplied":14657797533,"trx":7936089553},{"day":1575849600000,"total_energy":28626344479,"energy":5496667158,"contract_supplied":15262737986,"trx":7866939335},{"day":1575936000000,"total_energy":25096022482,"energy":5615085143,"contract_supplied":13023000601,"trx":6457936738},{"day":1576022400000,"total_energy":30272540065,"energy":6774401017,"contract_supplied":16513313104,"trx":6984825944},{"day":1576108800000,"total_energy":28154131328,"energy":6464643930,"contract_supplied":14493898793,"trx":7195588605},{"day":1576195200000,"total_energy":27177739595,"energy":5701718029,"contract_supplied":12355912898,"trx":9120108668},{"day":1576281600000,"total_energy":28598499372,"energy":7115397839,"co"
12:57:45.460 [TestNG-tests-1] DEBUG org.apache.http.wire -  << "ntract_supplied":12610947277,"trx":8872154256},{"day":1576368000000,"total_energy":28120335635,"energy":6407642016,"contract_supplied":15823070130,"trx":5889623489},{"day":1576454400000,"total_energy":28256187335,"energy":6140185080,"contract_supplied":15158618965,"trx":6957383290},{"day":1576540800000,"total_energy":25014726441,"energy":6211662231,"contract_supplied":12669846717,"trx":6133217493},{"day":1576627200000,"total_energy":26374760697,"energy":6227654572,"contract_supplied":13268130014,"trx":6878976111},{"day":1576713600000,"total_energy":28714725688,"energy":6272242636,"contract_supplied":15143436089,"trx":7299046963},{"day":1576800000000,"total_energy":27151191112,"energy":6655509372,"contract_supplied":12994309681,"trx":7501372059},{"day":1576886400000,"total_energy":25580856982,"energy":6483640846,"contract_supplied":12611720058,"trx":6485496078},{"day":1576972800000,"total_energy":25575318928,"energy":6784347038,"contract_supplied":13639831283,"trx":5151140607},{"day":1577059200000,"total_energy":36638639776,"energy":5694854323,"contract_supplied":13769164964,"trx":17174620489},{"day":1577145600000,"total_energy":48058573826,"energy":5734566677,"contract_supplied":27108400949,"trx":15215606200},{"day":1577232000000,"total_energy":40463621875,"energy":4336413152,"contract_supplied":23270952744,"trx":12856255979},{"day":1577318400000,"total_energy":36476475755,"energy":4293522187,"contract_supplied":21659979863,"trx":10522973705},{"day":1577404800000,"total_energy":31179341967,"energy":4926728315,"contract_supplied":18348241174,"trx":7904372478},{"day":1577491200000,"total_energy":45664070091,"energy":5135862593,"contract_supplied":25649188434,"trx":14879019064},{"day":1577577600000,"total_energy":39072724681,"energy":4861211942,"contract_supplied":21154044581,"trx":13057468158},{"day":1577664000000,"total_energy":37824508400,"energy":4372876348,"contract_supplied":23615707838,"trx":9835924214},{"day":1577750400000,"total_energy":44520136273,"energy":4360556075,"contract_supplied":22889396733,"trx":17270183465},{"day":1577836800000,"total_energy":37486353647,"energy":2795984607,"contract_supplied":21704281242,"trx":12986087798},{"day":1577923200000,"total_energy":30636473798,"energy":3770679333,"contract_supplied":18313784135,"trx":8552010330},{"day":1578009600000,"total_energy":28546119767,"energy":2813050795,"contract_supplied":16831962499,"trx":8901106473},{"day":1578096000000,"total_energy":27127094849,"energy":2597667546,"contract_supplied":17082772662,"trx":7446654641},{"day":1578182400000,"total_energy":27721780321,"energy":2790308696,"contract_supplied":16356013899,"trx":8575457726},{"day":1578268800000,"total_energy":26038948271,"energy":2870313889,"contract_supplied":13860551683,"trx":9308082699},{"day":1578355200000,"total_energy":22487878714,"energy":2571542735,"contract_supplied":12636726052,"trx":7279609927},{"day":1578441600000,"total_energy":22520829331,"energy":3148796098,"contract_supplied":12043156994,"trx":7328876239},{"day":1578528000000,"total_energy":22946279341,"energy":2105048834,"contract_supplied":14586529826,"trx":6254700681},{"day":1578614400000,"total_energy":23662644741,"energy":2737852048,"contract_supplied":13846051968,"trx":7078740725},{"day":1578700800000,"total_energy":24668188175,"energy":2746725418,"contract_supplied":14279911110,"trx":7641551647},{"day":1578787200000,"total_energy":24388360977,"energy":2505233205,"contract_supplied":13713659924,"trx":8169467848},{"day":1578873600000,"total_energy":23192430081,"energy":2374279793,"contract_supplied":14185876403,"trx":6632273885},{"day":1578960000000,"total_energy":25168592879,"energy":2538950587,"contract_supplied":16461548337,"trx":6168093955},{"day":1579046400000,"total_energy":21887744229,"energy":2511470277,"contract_supplied":13706941822,"trx":5669332130},{"day":1579132800000,"total_energy":22827318689,"energy":2008068724,"contract_supplied":14924740776,"trx":5894509189},{"day":1579219200000,"total_energy":22188545455,"energy":2335735651,"contract_supplied":14284777335,"trx":5568032469},{"da"
12:57:45.461 [TestNG-tests-1] DEBUG org.apache.http.wire -  << "y":1579305600000,"total_energy":25526084279,"energy":2098169671,"contract_supplied":14861087082,"trx":8566827526},{"day":1579392000000,"total_energy":24187004869,"energy":2070190246,"contract_supplied":16028009541,"trx":6088805082},{"day":1579478400000,"total_energy":20226111704,"energy":1851155291,"contract_supplied":13482529505,"trx":4892426908},{"day":1579564800000,"total_energy":21457070844,"energy":1826541856,"contract_supplied":14787867336,"trx":4842661652},{"day":1579651200000,"total_energy":28600553332,"energy":1610732561,"contract_supplied":16417576449,"trx":10572244322},{"day":1579737600000,"total_energy":28542413283,"energy":2126356108,"contract_supplied":13240329687,"trx":13175727488},{"day":1579824000000,"total_energy":30442711430,"energy":1462208151,"contract_supplied":15028051064,"trx":13952452215},{"day":1579910400000,"total_energy":23437969514,"energy":1866838685,"contract_supplied":12908449747,"trx":8662681082},{"day":1579996800000,"total_energy":23039650661,"energy":2180384183,"contract_supplied":12502300962,"trx":8356965516},{"day":1580083200000,"total_energy":28854798522,"energy":2364614518,"contract_supplied":17625220042,"trx":8864963962},{"day":1580169600000,"total_energy":33222292071,"e"
12:57:45.461 [TestNG-tests-1] DEBUG org.apache.http.wire -  << "[\r][\n]"
12:57:45.461 [TestNG-tests-1] DEBUG org.apache.http.wire -  << "1b08[\r][\n]"
12:57:45.461 [TestNG-tests-1] DEBUG org.apache.http.wire -  << "nergy":2535936506,"contract_supplied":19434493713,"trx":11251861852},{"day":1580256000000,"total_energy":28377790324,"en"
12:57:45.461 [TestNG-tests-1] DEBUG org.apache.http.wire -  << "ergy":2285906236,"contract_supplied":17735797568,"trx":8356086520},{"day":1580342400000,"total_energy":24389908418,"energy":1716025574,"contract_supplied":16267703931,"trx":6406178913},{"day":1580428800000,"total_energy":22949190921,"energy":1811811089,"contract_supplied":14882176692,"trx":6255203140},{"day":1580515200000,"total_energy":21368606599,"energy":1569497870,"contract_supplied":13829190899,"trx":5969917830},{"day":1580601600000,"total_energy":25496093293,"energy":1787198697,"contract_supplied":17531418237,"trx":6177476359},{"day":1580688000000,"total_energy":24504610783,"energy":1565866282,"contract_supplied":16294989347,"trx":6643755154},{"day":1580774400000,"total_energy":24308134235,"energy":1660151830,"contract_supplied":17175529202,"trx":5472453203},{"day":1580860800000,"total_energy":23375970818,"energy":1431281526,"contract_supplied":13967262514,"trx":7977426778},{"day":1580947200000,"total_energy":19092013722,"energy":1308689474,"contract_supplied":11721787469,"trx":6061536779},{"day":1581033600000,"total_energy":18736152565,"energy":1069020593,"contract_supplied":12433435051,"trx":5233696921},{"day":1581120000000,"total_energy":20811859475,"energy":1056837822,"contract_supplied":13032128127,"trx":6722893526},{"day":1581206400000,"total_energy":19842447264,"energy":1327518038,"contract_supplied":12505720838,"trx":6009208388},{"day":1581292800000,"total_energy":16817050492,"energy":1211529560,"contract_supplied":10463714356,"trx":5141806576},{"day":1581379200000,"total_energy":16892046845,"energy":1026343792,"contract_supplied":11730508250,"trx":4135194803},{"day":1581465600000,"total_energy":16805721179,"energy":1274974867,"contract_supplied":10824829146,"trx":4705917166},{"day":1581552000000,"total_energy":18994034969,"energy":1477806135,"contract_supplied":12643937754,"trx":4872291080},{"day":1581638400000,"total_energy":18643321204,"energy":1506426714,"contract_supplied":12744326509,"trx":4392567981},{"day":1581724800000,"total_energy":19594004395,"energy":1324614858,"contract_supplied":13091318051,"trx":5178071486},{"day":1581811200000,"total_energy":18875931546,"energy":1500302934,"contract_supplied":11861166314,"trx":5514462298},{"day":1581897600000,"total_energy":18776139743,"energy":1603081996,"contract_supplied":10813961397,"trx":6359096350},{"day":1581984000000,"total_energy":18095160380,"energy":1847900729,"contract_supplied":11356177638,"trx":4891082013},{"day":1582070400000,"total_energy":18146885297,"energy":1716310095,"contract_supplied":11445439735,"trx":4985135467},{"day":1582156800000,"total_energy":19252583618,"energy":1610832389,"contract_supplied":11416577795,"trx":6225173434},{"day":1582243200000,"total_energy":19716365871,"en"
12:57:45.462 [TestNG-tests-1] DEBUG org.apache.http.wire -  << "ergy":1662980625,"contract_supplied":12564942187,"trx":5488443059},{"day":1582329600000,"total_energy":23654621490,"energy":2511519284,"contract_supplied":13846788557,"trx":7296313649},{"day":1582416000000,"total_energy":22982647113,"energy":2408019601,"contract_supplied":14699292251,"trx":5875335261},{"day":1582502400000,"total_energy":18269668837,"energy":2151943852,"contract_supplied":10760535043,"trx":5357189942},{"day":1582588800000,"total_energy":19191830411,"energy":2114358871,"contract_supplied":11267030546,"trx":5810440994},{"day":1582675200000,"total_energy":19940839411,"energy":1956631862,"contract_supplied":11765384114,"trx":6218823435},{"day":1582761600000,"total_energy":22729023498,"energy":2821264728,"contract_supplied":13217412803,"trx":6690345967},{"day":1582848000000,"total_energy":23778732837,"energy":2109000721,"contract_supplied":12927658831,"trx":8742073285},{"day":1582934400000,"total_energy":19968362795,"energy":2115962903,"contract_supplied":12311870937,"trx":5540528955},{"day":1583020800000,"total_energy":21661729937,"energy":2211762245,"contract_supplied":12816114576,"trx":6633853116},{"day":1583107200000,"total_energy":21963193472,"energy":2218144554,"contract_supplied":11762214009,"trx":7982834909},{"day":1583193600000,"total_energy":26334079884,"energy":2394286321,"contract_supplied":12390721453,"trx":1154"
12:57:45.462 [TestNG-tests-1] DEBUG org.apache.http.wire -  << "9072110},{"day":1583280000000,"total_energy":20242254618,"energy":1819920172,"contract_supplied":12353666816,"trx":6068667630},{"day":1583366400000,"total_energy":20832158586,"energy":1594565887,"contract_supplied":12812704291,"trx":6424888408},{"day":1583452800000,"total_energy":20013007179,"energy":2330990239,"contract_supplied":11301994224,"trx":6380022716},{"day":1583539200000,"total_energy":24081349392,"energy":2098323452,"contract_supplied":13632381114,"trx":8350644826},{"day":1583625600000,"total_energy":24181730937,"energy":1736644172,"contract_supplied":14368595475,"trx":8076491290},{"day":1583712000000,"total_energy":22147884282,"energy":1251026197,"contract_supplied":14446460173,"trx":6450397912},{"day":1583798400000,"total_energy":23708670480,"energy":2152862537,"contract_supplied":14745948326,"trx":6809859617},{"day":1583884800000,"total_energy":27997587166,"energy":2765559601,"contract_supplied":14476507572,"trx":10755519993},{"day":1583971200000,"total_energy":25022468354,"energy":2236053503,"contract_supplied":15036783493,"trx":7749631358},{"day":1584057600000,"total_energy":28502987345,"energy":2831505257,"contract_supplied":18587149588,"trx":7084332500},{"day":1584144000000,"total_energy":28608747464,"energy":2110551033,"contract_supplied":18053238320,"trx":8444958111},{"day":1584230400000,"total_energy":31280484153,"energy":2036784424,"contract_supplied":19826585377,"trx":9417114352},{"day":1584316800000,"total_energy":32391658606,"energy":2758591976,"contract_supplied":18034529655,"trx":11598536975},{"day":1584403200000,"total_energy":30414219908,"energy":1821483963,"contract_supplied":20930103051,"trx":7662632894},{"day":1584489600000,"total_energy":32566318301,"energy":1850092091,"contract_supplied":22208248922,"trx":8507977288},{"day":1584576000000,"total_energy":29982689209,"energy":1992577179,"contract_supplied":18378305421,"trx":9611806609},{"day":1584662400000,"total_energy":26626915195,"energy":2146772961,"contract_supplied":16175544182,"trx":8304598052},{"day":1584748800000,"total_energy":30749650465,"energy":2488736594,"contract_supplied":16744565910,"trx":11516347961},{"day":1584835200000,"total_energy":31630957699,"energy":2185103795,"contract_supplied":17428118112,"trx":12017735792},{"day":1584921600000,"total_energy":24723772420,"energy":1891618073,"contract_supplied":15433641165,"trx":7398513182},{"day":1585008000000,"total_energy":24967127793,"energy":1798505648,"contract_supplied":15832102564,"trx":7336519581},{"day":1585094400000,"total_energy":26758351004,"energy":1753971751,"contract_supplied":17323539011,"trx":7680840242},{"day":1585180800000,"total_energy":27198889970,"energy":2150546967,"contract_supplied":16566298227,"trx":8482044776}]}[\n]"
12:57:45.462 [TestNG-tests-1] DEBUG org.apache.http.wire -  << "[\r][\n]"
12:57:45.462 [TestNG-tests-1] DEBUG org.apache.http.wire -  << "0[\r][\n]"
12:57:45.462 [TestNG-tests-1] DEBUG org.apache.http.wire -  << "[\r][\n]"
12:57:45.462 [TestNG-tests-1] DEBUG org.apache.http.impl.conn.DefaultClientConnection - Connection 0.0.0.0:61029<->18.216.178.128:80 closed
12:57:45.462 [TestNG-tests-1] DEBUG org.apache.http.impl.conn.PoolingClientConnectionManager - Connection released: [id: 22][route: {}->http://apilist.tronscan.org:80][total kept alive: 0; route allocated: 0 of 80; total allocated: 0 of 100]
12:57:45.463 [TestNG-tests-1] INFO tron.common.TronscanApiList - ----------------------------Print JSON Start---------------------------
12:57:45.463 [TestNG-tests-1] INFO tron.common.TronscanApiList - total:642
12:57:45.463 [TestNG-tests-1] INFO tron.common.TronscanApiList - min:{"total_energy":0,"contract_supplied":0,"trx":0,"day":1529971200000,"energy":0}
12:57:45.464 [TestNG-tests-1] INFO tron.common.TronscanApiList - data:[{"total_energy":0,"contract_supplied":0,"trx":0,"day":1529798400000,"energy":0},{"total_energy":0,"contract_supplied":0,"trx":0,"day":1529884800000,"energy":0},{"total_energy":0,"contract_supplied":0,"trx":0,"day":1529971200000,"energy":0},{"total_energy":0,"contract_supplied":0,"trx":0,"day":1530057600000,"energy":0},{"total_energy":0,"contract_supplied":0,"trx":0,"day":1530144000000,"energy":0},{"total_energy":0,"contract_supplied":0,"trx":0,"day":1530230400000,"energy":0},{"total_energy":0,"contract_supplied":0,"trx":0,"day":1530316800000,"energy":0},{"total_energy":0,"contract_supplied":0,"trx":0,"day":1530403200000,"energy":0},{"total_energy":0,"contract_supplied":0,"trx":0,"day":1530489600000,"energy":0},{"total_energy":0,"contract_supplied":0,"trx":0,"day":1530576000000,"energy":0},{"total_energy":0,"contract_supplied":0,"trx":0,"day":1530662400000,"energy":0},{"total_energy":0,"contract_supplied":0,"trx":0,"day":1530748800000,"energy":0},{"total_energy":0,"contract_supplied":0,"trx":0,"day":1530835200000,"energy":0},{"total_energy":0,"contract_supplied":0,"trx":0,"day":1530921600000,"energy":0},{"total_energy":0,"contract_supplied":0,"trx":0,"day":1531008000000,"energy":0},{"total_energy":0,"contract_supplied":0,"trx":0,"day":1531094400000,"energy":0},{"total_energy":0,"contract_supplied":0,"trx":0,"day":1531180800000,"energy":0},{"total_energy":0,"contract_supplied":0,"trx":0,"day":1531267200000,"energy":0},{"total_energy":0,"contract_supplied":0,"trx":0,"day":1531353600000,"energy":0},{"total_energy":0,"contract_supplied":0,"trx":0,"day":1531440000000,"energy":0},{"total_energy":0,"contract_supplied":0,"trx":0,"day":1531526400000,"energy":0},{"total_energy":0,"contract_supplied":0,"trx":0,"day":1531612800000,"energy":0},{"total_energy":0,"contract_supplied":0,"trx":0,"day":1531699200000,"energy":0},{"total_energy":0,"contract_supplied":0,"trx":0,"day":1531785600000,"energy":0},{"total_energy":0,"contract_supplied":0,"trx":0,"day":1531872000000,"energy":0},{"total_energy":0,"contract_supplied":0,"trx":0,"day":1531958400000,"energy":0},{"total_energy":0,"contract_supplied":0,"trx":0,"day":1532044800000,"energy":0},{"total_energy":0,"contract_supplied":0,"trx":0,"day":1532131200000,"energy":0},{"total_energy":0,"contract_supplied":0,"trx":0,"day":1532217600000,"energy":0},{"total_energy":0,"contract_supplied":0,"trx":0,"day":1532304000000,"energy":0},{"total_energy":0,"contract_supplied":0,"trx":0,"day":1532390400000,"energy":0},{"total_energy":0,"contract_supplied":0,"trx":0,"day":1532476800000,"energy":0},{"total_energy":0,"contract_supplied":0,"trx":0,"day":1532563200000,"energy":0},{"total_energy":0,"contract_supplied":0,"trx":0,"day":1532649600000,"energy":0},{"total_energy":0,"contract_supplied":0,"trx":0,"day":1532736000000,"energy":0},{"total_energy":0,"contract_supplied":0,"trx":0,"day":1532822400000,"energy":0},{"total_energy":0,"contract_supplied":0,"trx":0,"day":1532908800000,"energy":0},{"total_energy":0,"contract_supplied":0,"trx":0,"day":1532995200000,"energy":0},{"total_energy":0,"contract_supplied":0,"trx":0,"day":1533081600000,"energy":0},{"total_energy":0,"contract_supplied":0,"trx":0,"day":1533168000000,"energy":0},{"total_energy":0,"contract_supplied":0,"trx":0,"day":1533254400000,"energy":0},{"total_energy":0,"contract_supplied":0,"trx":0,"day":1533340800000,"energy":0},{"total_energy":0,"contract_supplied":0,"trx":0,"day":1533427200000,"energy":0},{"total_energy":0,"contract_supplied":0,"trx":0,"day":1533513600000,"energy":0},{"total_energy":0,"contract_supplied":0,"trx":0,"day":1533600000000,"energy":0},{"total_energy":0,"contract_supplied":0,"trx":0,"day":1533686400000,"energy":0},{"total_energy":0,"contract_supplied":0,"trx":0,"day":1533772800000,"energy":0},{"total_energy":0,"contract_supplied":0,"trx":0,"day":1533859200000,"energy":0},{"total_energy":0,"contract_supplied":0,"trx":0,"day":1533945600000,"energy":0},{"total_energy":0,"contract_supplied":0,"trx":0,"day":1534032000000,"energy":0},{"total_energy":0,"contract_supplied":0,"trx":0,"day":1534118400000,"energy":0},{"total_energy":0,"contract_supplied":0,"trx":0,"day":1534204800000,"energy":0},{"total_energy":0,"contract_supplied":0,"trx":0,"day":1534291200000,"energy":0},{"total_energy":0,"contract_supplied":0,"trx":0,"day":1534377600000,"energy":0},{"total_energy":0,"contract_supplied":0,"trx":0,"day":1534464000000,"energy":0},{"total_energy":0,"contract_supplied":0,"trx":0,"day":1534550400000,"energy":0},{"total_energy":0,"contract_supplied":0,"trx":0,"day":1534636800000,"energy":0},{"total_energy":0,"contract_supplied":0,"trx":0,"day":1534723200000,"energy":0},{"total_energy":0,"contract_supplied":0,"trx":0,"day":1534809600000,"energy":0},{"total_energy":0,"contract_supplied":0,"trx":0,"day":1534896000000,"energy":0},{"total_energy":0,"contract_supplied":0,"trx":0,"day":1534982400000,"energy":0},{"total_energy":0,"contract_supplied":0,"trx":0,"day":1535068800000,"energy":0},{"total_energy":0,"contract_supplied":0,"trx":0,"day":1535155200000,"energy":0},{"total_energy":0,"contract_supplied":0,"trx":0,"day":1535241600000,"energy":0},{"total_energy":0,"contract_supplied":0,"trx":0,"day":1535328000000,"energy":0},{"total_energy":0,"contract_supplied":0,"trx":0,"day":1535414400000,"energy":0},{"total_energy":0,"contract_supplied":0,"trx":0,"day":1535500800000,"energy":0},{"total_energy":0,"contract_supplied":0,"trx":0,"day":1535587200000,"energy":0},{"total_energy":0,"contract_supplied":0,"trx":0,"day":1535673600000,"energy":0},{"total_energy":0,"contract_supplied":0,"trx":0,"day":1535760000000,"energy":0},{"total_energy":0,"contract_supplied":0,"trx":0,"day":1535846400000,"energy":0},{"total_energy":0,"contract_supplied":0,"trx":0,"day":1535932800000,"energy":0},{"total_energy":0,"contract_supplied":0,"trx":0,"day":1536019200000,"energy":0},{"total_energy":0,"contract_supplied":0,"trx":0,"day":1536105600000,"energy":0},{"total_energy":0,"contract_supplied":0,"trx":0,"day":1536192000000,"energy":0},{"total_energy":0,"contract_supplied":0,"trx":0,"day":1536278400000,"energy":0},{"total_energy":0,"contract_supplied":0,"trx":0,"day":1536364800000,"energy":0},{"total_energy":0,"contract_supplied":0,"trx":0,"day":1536451200000,"energy":0},{"total_energy":0,"contract_supplied":0,"trx":0,"day":1536537600000,"energy":0},{"total_energy":0,"contract_supplied":0,"trx":0,"day":1536624000000,"energy":0},{"total_energy":0,"contract_supplied":0,"trx":0,"day":1536710400000,"energy":0},{"total_energy":0,"contract_supplied":0,"trx":0,"day":1536796800000,"energy":0},{"total_energy":0,"contract_supplied":0,"trx":0,"day":1536883200000,"energy":0},{"total_energy":0,"contract_supplied":0,"trx":0,"day":1536969600000,"energy":0},{"total_energy":0,"contract_supplied":0,"trx":0,"day":1537056000000,"energy":0},{"total_energy":0,"contract_supplied":0,"trx":0,"day":1537142400000,"energy":0},{"total_energy":0,"contract_supplied":0,"trx":0,"day":1537228800000,"energy":0},{"total_energy":0,"contract_supplied":0,"trx":0,"day":1537315200000,"energy":0},{"total_energy":0,"contract_supplied":0,"trx":0,"day":1537401600000,"energy":0},{"total_energy":0,"contract_supplied":0,"trx":0,"day":1537488000000,"energy":0},{"total_energy":0,"contract_supplied":0,"trx":0,"day":1537574400000,"energy":0},{"total_energy":0,"contract_supplied":0,"trx":0,"day":1537660800000,"energy":0},{"total_energy":0,"contract_supplied":0,"trx":0,"day":1537747200000,"energy":0},{"total_energy":0,"contract_supplied":0,"trx":0,"day":1537833600000,"energy":0},{"total_energy":0,"contract_supplied":0,"trx":0,"day":1537920000000,"energy":0},{"total_energy":0,"contract_supplied":0,"trx":0,"day":1538006400000,"energy":0},{"total_energy":0,"contract_supplied":0,"trx":0,"day":1538092800000,"energy":0},{"total_energy":0,"contract_supplied":0,"trx":0,"day":1538179200000,"energy":0},{"total_energy":0,"contract_supplied":0,"trx":0,"day":1538265600000,"energy":0},{"total_energy":0,"contract_supplied":0,"trx":0,"day":1538352000000,"energy":0},{"total_energy":0,"contract_supplied":0,"trx":0,"day":1538438400000,"energy":0},{"total_energy":0,"contract_supplied":0,"trx":0,"day":1538524800000,"energy":0},{"total_energy":0,"contract_supplied":0,"trx":0,"day":1538611200000,"energy":0},{"total_energy":0,"contract_supplied":0,"trx":0,"day":1538697600000,"energy":0},{"total_energy":0,"contract_supplied":0,"trx":0,"day":1538784000000,"energy":0},{"total_energy":0,"contract_supplied":0,"trx":0,"day":1538870400000,"energy":0},{"total_energy":0,"contract_supplied":0,"trx":0,"day":1538956800000,"energy":0},{"total_energy":0,"contract_supplied":0,"trx":0,"day":1539043200000,"energy":0},{"total_energy":0,"contract_supplied":0,"trx":0,"day":1539129600000,"energy":0},{"total_energy":909971,"contract_supplied":0,"trx":909971,"day":1539216000000,"energy":0},{"total_energy":82363897,"contract_supplied":23576496,"trx":1392643,"day":1539302400000,"energy":57394758},{"total_energy":1045434381,"contract_supplied":465281217,"trx":2870040,"day":1539388800000,"energy":577283124},{"total_energy":386571564,"contract_supplied":386243455,"trx":295262,"day":1539475200000,"energy":32847},{"total_energy":363779909,"contract_supplied":362981926,"trx":797168,"day":1539561600000,"energy":815},{"total_energy":517548369,"contract_supplied":517050843,"trx":424778,"day":1539648000000,"energy":72748},{"total_energy":2085525289,"contract_supplied":2083382671,"trx":1816217,"day":1539734400000,"energy":326401},{"total_energy":26822614891,"contract_supplied":26735268556,"trx":85566681,"day":1539820800000,"energy":1779654},{"total_energy":19195672342,"contract_supplied":19194807491,"trx":354248,"day":1539907200000,"energy":510603},{"total_energy":10791707732,"contract_supplied":10788812412,"trx":2759464,"day":1539993600000,"energy":135856},{"total_energy":13381828547,"contract_supplied":13373926672,"trx":6794632,"day":1540080000000,"energy":1107243},{"total_energy":28410506709,"contract_supplied":28381211779,"trx":25634846,"day":1540166400000,"energy":3660084},{"total_energy":21052650672,"contract_supplied":20739028749,"trx":301123352,"day":1540252800000,"energy":12498571},{"total_energy":11214915452,"contract_supplied":10699397411,"trx":511698309,"day":1540339200000,"energy":3819732},{"total_energy":12397317732,"contract_supplied":12318905219,"trx":58319703,"day":1540425600000,"energy":20092810},{"total_energy":15002253772,"contract_supplied":14757572508,"trx":222408713,"day":1540512000000,"energy":22272551},{"total_energy":26953836908,"contract_supplied":26702768835,"trx":226721351,"day":1540598400000,"energy":24346722},{"total_energy":54794415793,"contract_supplied":54244166675,"trx":535667400,"day":1540684800000,"energy":14581718},{"total_energy":30638131139,"contract_supplied":29346070039,"trx":1137495565,"day":1540771200000,"energy":154565535},{"total_energy":31995623966,"contract_supplied":31281390810,"trx":682654926,"day":1540857600000,"energy":31578230},{"total_energy":32316072323,"contract_supplied":31995774384,"trx":291041310,"day":1540944000000,"energy":29256629},{"total_energy":24754732315,"contract_supplied":24453540983,"trx":276775072,"day":1541030400000,"energy":24416260},{"total_energy":21708387874,"contract_supplied":21613202805,"trx":67589930,"day":1541116800000,"energy":27595139},{"total_energy":30860832611,"contract_supplied":30625648419,"trx":203275361,"day":1541203200000,"energy":31908831},{"total_energy":28263343178,"contract_supplied":28175045426,"trx":61801376,"day":1541289600000,"energy":26496376},{"total_energy":26129805325,"contract_supplied":26025687908,"trx":62751906,"day":1541376000000,"energy":41365511},{"total_energy":24588422587,"contract_supplied":24424197129,"trx":96790009,"day":1541462400000,"energy":67435449},{"total_energy":34279157650,"contract_supplied":33460940313,"trx":608545252,"day":1541548800000,"energy":209672085},{"total_energy":31647222191,"contract_supplied":29827699704,"trx":432741677,"day":1541635200000,"energy":1386780810},{"total_energy":31915102074,"contract_supplied":29752827304,"trx":1096788986,"day":1541721600000,"energy":1065485784},{"total_energy":30987784075,"contract_supplied":29776918183,"trx":19284673,"day":1541808000000,"energy":1191581219},{"total_energy":33418644399,"contract_supplied":31296327919,"trx":896975379,"day":1541894400000,"energy":1225341101},{"total_energy":32985276765,"contract_supplied":32170099636,"trx":82558105,"day":1541980800000,"energy":732619024},{"total_energy":35341249473,"contract_supplied":33424969454,"trx":87984566,"day":1542067200000,"energy":1828295453},{"total_energy":35985948477,"contract_supplied":33906654885,"trx":62736084,"day":1542153600000,"energy":2016557508},{"total_energy":32669211762,"contract_supplied":31069674700,"trx":236980904,"day":1542240000000,"energy":1362556158},{"total_energy":38850371437,"contract_supplied":35295381134,"trx":2197027234,"day":1542326400000,"energy":1357963069},{"total_energy":32667044630,"contract_supplied":32114001890,"trx":159037572,"day":1542412800000,"energy":394005168},{"total_energy":32675171662,"contract_supplied":32024315436,"trx":171595846,"day":1542499200000,"energy":479260380},{"total_energy":34693401787,"contract_supplied":32363590926,"trx":1346734717,"day":1542585600000,"energy":983076144},{"total_energy":30345841573,"contract_supplied":20010975984,"trx":9514079042,"day":1542672000000,"energy":820786547},{"total_energy":38936352488,"contract_supplied":27973983706,"trx":10867706003,"day":1542758400000,"energy":94662779},{"total_energy":45911056362,"contract_supplied":30597877757,"trx":15215329460,"day":1542844800000,"energy":97849145},{"total_energy":58033291033,"contract_supplied":39723588445,"trx":18270513106,"day":1542931200000,"energy":39189482},{"total_energy":42508076512,"contract_supplied":27720887241,"trx":14753406714,"day":1543017600000,"energy":33782557},{"total_energy":56262880424,"contract_supplied":40370247390,"trx":15843637434,"day":1543104000000,"energy":48995600},{"total_energy":51904381850,"contract_supplied":34052960118,"trx":17792967259,"day":1543190400000,"energy":58454473},{"total_energy":53767290851,"contract_supplied":32893302924,"trx":20843813220,"day":1543276800000,"energy":30174707},{"total_energy":66075762322,"contract_supplied":37008530193,"trx":28901353733,"day":1543363200000,"energy":165878396},{"total_energy":62277139061,"contract_supplied":38349843166,"trx":23660843724,"day":1543449600000,"energy":266452171},{"total_energy":52684350857,"contract_supplied":28767355202,"trx":23748681960,"day":1543536000000,"energy":168313695},{"total_energy":50573936875,"contract_supplied":28287559014,"trx":22172251155,"day":1543622400000,"energy":114126706},{"total_energy":63089272041,"contract_supplied":34867647912,"trx":27966842973,"day":1543708800000,"energy":254781156},{"total_energy":60139677181,"contract_supplied":29234669745,"trx":30643788171,"day":1543795200000,"energy":261219265},{"total_energy":48507100334,"contract_supplied":22912145162,"trx":25343530031,"day":1543881600000,"energy":251425141},{"total_energy":60245324364,"contract_supplied":31158430657,"trx":28940164075,"day":1543968000000,"energy":146729632},{"total_energy":61609196985,"contract_supplied":29707377820,"trx":31764054909,"day":1544054400000,"energy":137764256},{"total_energy":50765650813,"contract_supplied":21993295466,"trx":28656755608,"day":1544140800000,"energy":115599739},{"total_energy":56146245130,"contract_supplied":22789914065,"trx":32460357388,"day":1544227200000,"energy":895973677},{"total_energy":52494314533,"contract_supplied":19078835910,"trx":33243359428,"day":1544313600000,"energy":172119195},{"total_energy":60491338288,"contract_supplied":21992640830,"trx":38356243528,"day":1544400000000,"energy":142453930},{"total_energy":59689976202,"contract_supplied":19664610041,"trx":39826380624,"day":1544486400000,"energy":198985537},{"total_energy":63374896993,"contract_supplied":22093852450,"trx":41052538949,"day":1544572800000,"energy":228505594},{"total_energy":70454898574,"contract_supplied":24352675310,"trx":45882655092,"day":1544659200000,"energy":219568172},{"total_energy":76272377935,"contract_supplied":22816126442,"trx":53220638229,"day":1544745600000,"energy":235613264},{"total_energy":79469306467,"contract_supplied":23439093822,"trx":55804522588,"day":1544832000000,"energy":225690057},{"total_energy":83026809080,"contract_supplied":22781077294,"trx":59829362887,"day":1544918400000,"energy":416368899},{"total_energy":81015692207,"contract_supplied":21079781616,"trx":59547210345,"day":1545004800000,"energy":388700246},{"total_energy":79804500126,"contract_supplied":22902785377,"trx":56724710678,"day":1545091200000,"energy":177004071},{"total_energy":53226100725,"contract_supplied":22779280220,"trx":30216219083,"day":1545177600000,"energy":230601422},{"total_energy":76123799369,"contract_supplied":29186880617,"trx":46724951673,"day":1545264000000,"energy":211967079},{"total_energy":74169008103,"contract_supplied":21481533478,"trx":52484604088,"day":1545350400000,"energy":202870537},{"total_energy":59875677923,"contract_supplied":28149888184,"trx":31523655136,"day":1545436800000,"energy":202134603},{"total_energy":71326927592,"contract_supplied":27450271754,"trx":43688747374,"day":1545523200000,"energy":187908464},{"total_energy":67779850374,"contract_supplied":30485971227,"trx":37057984532,"day":1545609600000,"energy":235894615},{"total_energy":60566235066,"contract_supplied":27892998912,"trx":32445209333,"day":1545696000000,"energy":228026821},{"total_energy":74039437279,"contract_supplied":32411574447,"trx":41369108262,"day":1545782400000,"energy":258754570},{"total_energy":66260624483,"contract_supplied":29258941829,"trx":36658556622,"day":1545868800000,"energy":343126032},{"total_energy":136002565467,"contract_supplied":34181169545,"trx":101166047394,"day":1545955200000,"energy":655348528},{"total_energy":73241350708,"contract_supplied":30655250010,"trx":42271421565,"day":1546041600000,"energy":314679133},{"total_energy":70723406480,"contract_supplied":39799436535,"trx":30589201674,"day":1546128000000,"energy":334768271},{"total_energy":70230451985,"contract_supplied":40706352015,"trx":29139449116,"day":1546214400000,"energy":384650854},{"total_energy":70455894476,"contract_supplied":38880823216,"trx":31280737701,"day":1546300800000,"energy":294333559},{"total_energy":76456066725,"contract_supplied":46221438568,"trx":29606756290,"day":1546387200000,"energy":627871867},{"total_energy":66311351698,"contract_supplied":41347951125,"trx":24571010096,"day":1546473600000,"energy":392390477},{"total_energy":71225169135,"contract_supplied":38851425337,"trx":31607805669,"day":1546560000000,"energy":765938129},{"total_energy":66773666532,"contract_supplied":36401911573,"trx":29702745001,"day":1546646400000,"energy":669009958},{"total_energy":60205321107,"contract_supplied":34678372738,"trx":25049066930,"day":1546732800000,"energy":477881439},{"total_energy":50390116381,"contract_supplied":28803663818,"trx":20738527425,"day":1546819200000,"energy":847925138},{"total_energy":66324595668,"contract_supplied":41763400697,"trx":23949128087,"day":1546905600000,"energy":612066884},{"total_energy":55052689123,"contract_supplied":30720396087,"trx":23697888394,"day":1546992000000,"energy":634404642},{"total_energy":49202294307,"contract_supplied":23832062699,"trx":24667940030,"day":1547078400000,"energy":702291578},{"total_energy":55437292413,"contract_supplied":23171160868,"trx":31554674930,"day":1547164800000,"energy":711456615},{"total_energy":66062826220,"contract_supplied":23559367866,"trx":41570947450,"day":1547251200000,"energy":932510904},{"total_energy":68624461967,"contract_supplied":22565747840,"trx":44981189834,"day":1547337600000,"energy":1077524293},{"total_energy":72215332282,"contract_supplied":22953345334,"trx":48125808598,"day":1547424000000,"energy":1136178350},{"total_energy":74514181836,"contract_supplied":23891410932,"trx":49536919337,"day":1547510400000,"energy":1085851567},{"total_energy":81521997637,"contract_supplied":22956707057,"trx":57695672028,"day":1547596800000,"energy":869618552},{"total_energy":78536278736,"contract_supplied":21534344303,"trx":56023833801,"day":1547683200000,"energy":978100632},{"total_energy":78012992635,"contract_supplied":21022641283,"trx":55742439524,"day":1547769600000,"energy":1247911828},{"total_energy":78774849175,"contract_supplied":21441423671,"trx":56154983237,"day":1547856000000,"energy":1178442267},{"total_energy":67855959257,"contract_supplied":20194343793,"trx":46805400882,"day":1547942400000,"energy":856214582},{"total_energy":60932091276,"contract_supplied":21953865756,"trx":37670693203,"day":1548028800000,"energy":1307532317},{"total_energy":62973704952,"contract_supplied":21260867980,"trx":40682560997,"day":1548115200000,"energy":1030275975},{"total_energy":61800166056,"contract_supplied":21104488128,"trx":39597568716,"day":1548201600000,"energy":1098109212},{"total_energy":53668117915,"contract_supplied":22488168048,"trx":30217457753,"day":1548288000000,"energy":962492114},{"total_energy":50550652835,"contract_supplied":22444444347,"trx":27145725020,"day":1548374400000,"energy":960483468},{"total_energy":49289463943,"contract_supplied":22188434613,"trx":26304098846,"day":1548460800000,"energy":796930484},{"total_energy":44043861196,"contract_supplied":22157731714,"trx":21100050450,"day":1548547200000,"energy":786079032},{"total_energy":47311123877,"contract_supplied":22425735706,"trx":23973609671,"day":1548633600000,"energy":911778500},{"total_energy":49713970589,"contract_supplied":24092154386,"trx":24762910335,"day":1548720000000,"energy":858905868},{"total_energy":56297177502,"contract_supplied":29450098480,"trx":25968910243,"day":1548806400000,"energy":878168779},{"total_energy":56169917341,"contract_supplied":30052587321,"trx":25121305045,"day":1548892800000,"energy":996024975},{"total_energy":72144533184,"contract_supplied":31484825289,"trx":39463654516,"day":1548979200000,"energy":1196053379},{"total_energy":67000239566,"contract_supplied":34107313664,"trx":26532320102,"day":1549065600000,"energy":6360605800},{"total_energy":72003065039,"contract_supplied":32882269574,"trx":34713823428,"day":1549152000000,"energy":4406972037},{"total_energy":94054007075,"contract_supplied":31349713017,"trx":57321292828,"day":1549238400000,"energy":5383001230},{"total_energy":49824093884,"contract_supplied":22544047801,"trx":20758717069,"day":1549324800000,"energy":6521329014},{"total_energy":49945893437,"contract_supplied":23582343883,"trx":21497506737,"day":1549411200000,"energy":4866042817},{"total_energy":53156965832,"contract_supplied":29044966868,"trx":19230022805,"day":1549497600000,"energy":4881976159},{"total_energy":47311711298,"contract_supplied":27755582557,"trx":15794530507,"day":1549584000000,"energy":3761598234},{"total_energy":51363246011,"contract_supplied":28453136410,"trx":17231859340,"day":1549670400000,"energy":5678250261},{"total_energy":64844442264,"contract_supplied":27466365768,"trx":25873351385,"day":1549756800000,"energy":11504725111},{"total_energy":46117322261,"contract_supplied":24925121934,"trx":16637743261,"day":1549843200000,"energy":4554457066},{"total_energy":44588070507,"contract_supplied":24054798200,"trx":16140373821,"day":1549929600000,"energy":4392898486},{"total_energy":42892126443,"contract_supplied":24778669316,"trx":14652610315,"day":1550016000000,"energy":3460846812},{"total_energy":44806947408,"contract_supplied":26318579172,"trx":15156035203,"day":1550102400000,"energy":3332333033},{"total_energy":43469970157,"contract_supplied":26080835239,"trx":14013950411,"day":1550188800000,"energy":3375184507},{"total_energy":42594709188,"contract_supplied":24256308719,"trx":14379958966,"day":1550275200000,"energy":3958441503},{"total_energy":33639354864,"contract_supplied":19873158688,"trx":11574040501,"day":1550361600000,"energy":2192155675},{"total_energy":37903996517,"contract_supplied":25749171230,"trx":10111383361,"day":1550448000000,"energy":2043441926},{"total_energy":46707050991,"contract_supplied":34058956033,"trx":10669912615,"day":1550534400000,"energy":1978182343},{"total_energy":45694356066,"contract_supplied":33328937782,"trx":10880989256,"day":1550620800000,"energy":1484429028},{"total_energy":44319874141,"contract_supplied":29237872715,"trx":13308056832,"day":1550707200000,"energy":1773944594},{"total_energy":36811974880,"contract_supplied":22566833679,"trx":12387146344,"day":1550793600000,"energy":1857994857},{"total_energy":39061321751,"contract_supplied":26153976348,"trx":11249718928,"day":1550880000000,"energy":1657626475},{"total_energy":38854110589,"contract_supplied":25879497295,"trx":11105032952,"day":1550966400000,"energy":1869580342},{"total_energy":42266526872,"contract_supplied":28494586436,"trx":11807314290,"day":1551052800000,"energy":1964626146},{"total_energy":45890070228,"contract_supplied":30026196657,"trx":14292585599,"day":1551139200000,"energy":1571287972},{"total_energy":42844791312,"contract_supplied":26324803163,"trx":14526364664,"day":1551225600000,"energy":1993623485},{"total_energy":38422899152,"contract_supplied":21924907477,"trx":14176346880,"day":1551312000000,"energy":2321644795},{"total_energy":38500912366,"contract_supplied":19301962245,"trx":16925491012,"day":1551398400000,"energy":2273459109},{"total_energy":46134239806,"contract_supplied":26035807951,"trx":18050555128,"day":1551484800000,"energy":2047876727},{"total_energy":47253855878,"contract_supplied":26632955966,"trx":18436824592,"day":1551571200000,"energy":2184075320},{"total_energy":51202224605,"contract_supplied":21662998658,"trx":27609532545,"day":1551657600000,"energy":1929693402},{"total_energy":64924274952,"contract_supplied":21935167443,"trx":41138559920,"day":1551744000000,"energy":1850547589},{"total_energy":71509995520,"contract_supplied":19842624106,"trx":49938028995,"day":1551830400000,"energy":1729342419},{"total_energy":75799404319,"contract_supplied":19088037051,"trx":55495410743,"day":1551916800000,"energy":1215956525},{"total_energy":82276264588,"contract_supplied":19378673994,"trx":60965505977,"day":1552003200000,"energy":1932084617},{"total_energy":93579489613,"contract_supplied":18870053181,"trx":72898659055,"day":1552089600000,"energy":1810777377},{"total_energy":104826679224,"contract_supplied":17518326729,"trx":85496890142,"day":1552176000000,"energy":1811462353},{"total_energy":114189403492,"contract_supplied":17585536018,"trx":94745930297,"day":1552262400000,"energy":1857937177},{"total_energy":132247890572,"contract_supplied":16472104529,"trx":112651317500,"day":1552348800000,"energy":3124468543},{"total_energy":133470960618,"contract_supplied":17347802851,"trx":112056197877,"day":1552435200000,"energy":4066959890},{"total_energy":150278816458,"contract_supplied":17394804690,"trx":122263350233,"day":1552521600000,"energy":10620661535},{"total_energy":142197025989,"contract_supplied":20561846535,"trx":113239669132,"day":1552608000000,"energy":8395510322},{"total_energy":128000494565,"contract_supplied":20395420432,"trx":98848317317,"day":1552694400000,"energy":8756756816},{"total_energy":83801086952,"contract_supplied":18444418687,"trx":57855204109,"day":1552780800000,"energy":7501464156},{"total_energy":79523153146,"contract_supplied":16819003482,"trx":57958161973,"day":1552867200000,"energy":4745987691},{"total_energy":73652003756,"contract_supplied":16642731404,"trx":52925744697,"day":1552953600000,"energy":4083527655},{"total_energy":69828313562,"contract_supplied":16393548942,"trx":48932069242,"day":1553040000000,"energy":4502695378},{"total_energy":89289479651,"contract_supplied":16954710354,"trx":67689851078,"day":1553126400000,"energy":4644918219},{"total_energy":82444483726,"contract_supplied":16114999739,"trx":62681451987,"day":1553212800000,"energy":3648032000},{"total_energy":58704869754,"contract_supplied":16123919858,"trx":39782056652,"day":1553299200000,"energy":2798893244},{"total_energy":49029002807,"contract_supplied":14619862727,"trx":32319092790,"day":1553385600000,"energy":2090047290},{"total_energy":50015710508,"contract_supplied":15244946849,"trx":32604946967,"day":1553472000000,"energy":2165816692},{"total_energy":63133109476,"contract_supplied":13702186953,"trx":47522367474,"day":1553558400000,"energy":1908555049},{"total_energy":58774522399,"contract_supplied":13858945914,"trx":42964833726,"day":1553644800000,"energy":1950742759},{"total_energy":59025853504,"contract_supplied":14920699295,"trx":42126874699,"day":1553731200000,"energy":1978279510},{"total_energy":53923443795,"contract_supplied":14601810972,"trx":36750223622,"day":1553817600000,"energy":2571409201},{"total_energy":50899286810,"contract_supplied":14786337605,"trx":34177078076,"day":1553904000000,"energy":1935871129},{"total_energy":52571668061,"contract_supplied":15240249855,"trx":35063689568,"day":1553990400000,"energy":2267728638},{"total_energy":48771657996,"contract_supplied":15493575205,"trx":30859882474,"day":1554076800000,"energy":2418200317},{"total_energy":45970387907,"contract_supplied":15505866098,"trx":28720226099,"day":1554163200000,"energy":1744295710},{"total_energy":59177206984,"contract_supplied":16303464820,"trx":40490937469,"day":1554249600000,"energy":2382804695},{"total_energy":57415276917,"contract_supplied":15172062125,"trx":39681935447,"day":1554336000000,"energy":2561279345},{"total_energy":54143663023,"contract_supplied":13959866974,"trx":37699494713,"day":1554422400000,"energy":2484301336},{"total_energy":77048081527,"contract_supplied":14692711106,"trx":59335728306,"day":1554508800000,"energy":3019642115},{"total_energy":123379750165,"contract_supplied":14335054460,"trx":106276353661,"day":1554595200000,"energy":2768342044},{"total_energy":76841063269,"contract_supplied":14144358233,"trx":59825030161,"day":1554681600000,"energy":2871674875},{"total_energy":67529538476,"contract_supplied":19172269074,"trx":45737850072,"day":1554768000000,"energy":2619419330},{"total_energy":71825033997,"contract_supplied":23103529637,"trx":42774576309,"day":1554854400000,"energy":5946928051},{"total_energy":66208801010,"contract_supplied":19046939027,"trx":43060708124,"day":1554940800000,"energy":4101153859},{"total_energy":74394682125,"contract_supplied":21819571058,"trx":49322182934,"day":1555027200000,"energy":3252928133},{"total_energy":82288976301,"contract_supplied":21570389597,"trx":57717951929,"day":1555113600000,"energy":3000634775},{"total_energy":83710448260,"contract_supplied":21225946254,"trx":59453576636,"day":1555200000000,"energy":3030925370},{"total_energy":82098672468,"contract_supplied":20549807623,"trx":57869883072,"day":1555286400000,"energy":3678981773},{"total_energy":59966272286,"contract_supplied":21014547393,"trx":36237402657,"day":1555372800000,"energy":2714322236},{"total_energy":63918656828,"contract_supplied":22987804899,"trx":37226309016,"day":1555459200000,"energy":3704542913},{"total_energy":55614898514,"contract_supplied":21740121740,"trx":31049515976,"day":1555545600000,"energy":2825260798},{"total_energy":56776152920,"contract_supplied":20158604418,"trx":33773428756,"day":1555632000000,"energy":2844119746},{"total_energy":57534562460,"contract_supplied":19956624288,"trx":34793453958,"day":1555718400000,"energy":2784484214},{"total_energy":61092839044,"contract_supplied":21955375233,"trx":36623629450,"day":1555804800000,"energy":2513834361},{"total_energy":59054295737,"contract_supplied":21073786312,"trx":35616419417,"day":1555891200000,"energy":2364090008},{"total_energy":58666628495,"contract_supplied":23600486066,"trx":33100886879,"day":1555977600000,"energy":1965255550},{"total_energy":62749369526,"contract_supplied":29245044373,"trx":31120343003,"day":1556064000000,"energy":2383982150},{"total_energy":76774354595,"contract_supplied":32250856448,"trx":38250761675,"day":1556150400000,"energy":6272736472},{"total_energy":84758087273,"contract_supplied":35126404719,"trx":46504215543,"day":1556236800000,"energy":3127467011},{"total_energy":89445406380,"contract_supplied":31581241263,"trx":54636593155,"day":1556323200000,"energy":3227571962},{"total_energy":79399366025,"contract_supplied":33052786583,"trx":42615684835,"day":1556409600000,"energy":3730894607},{"total_energy":74381047736,"contract_supplied":33162508053,"trx":35793901869,"day":1556496000000,"energy":5424637814},{"total_energy":73893962440,"contract_supplied":39790997399,"trx":28606392713,"day":1556582400000,"energy":5496572328},{"total_energy":69521397703,"contract_supplied":39239768185,"trx":25559878809,"day":1556668800000,"energy":4721750709},{"total_energy":71163452944,"contract_supplied":35867274469,"trx":29883986859,"day":1556755200000,"energy":5412191616},{"total_energy":74534208052,"contract_supplied":34098912608,"trx":36055853994,"day":1556841600000,"energy":4379441450},{"total_energy":75634525391,"contract_supplied":34323438870,"trx":37706167620,"day":1556928000000,"energy":3604918901},{"total_energy":71814639628,"contract_supplied":37120363245,"trx":32072584431,"day":1557014400000,"energy":2621691952},{"total_energy":61050274795,"contract_supplied":32627270220,"trx":26220737854,"day":1557100800000,"energy":2202266721},{"total_energy":58291744277,"contract_supplied":31386368038,"trx":24510613161,"day":1557187200000,"energy":2394763078},{"total_energy":54152135095,"contract_supplied":32097451415,"trx":19923930527,"day":1557273600000,"energy":2130753153},{"total_energy":68962192214,"contract_supplied":32925425786,"trx":33444274254,"day":1557360000000,"energy":2592492174},{"total_energy":66032223951,"contract_supplied":29844527988,"trx":33314908436,"day":1557446400000,"energy":2872787527},{"total_energy":84181965503,"contract_supplied":30213918124,"trx":51716610617,"day":1557532800000,"energy":2251436762},{"total_energy":80549618392,"contract_supplied":30480706221,"trx":47897131395,"day":1557619200000,"energy":2171780776},{"total_energy":58404768501,"contract_supplied":28585840572,"trx":27424189619,"day":1557705600000,"energy":2394738310},{"total_energy":58389975482,"contract_supplied":28700673128,"trx":27714247945,"day":1557792000000,"energy":1975054409},{"total_energy":48376759602,"contract_supplied":27687662144,"trx":18959802132,"day":1557878400000,"energy":1729295326},{"total_energy":47152293931,"contract_supplied":29450847026,"trx":16220519566,"day":1557964800000,"energy":1480927339},{"total_energy":38568140996,"contract_supplied":25784147881,"trx":11175077570,"day":1558051200000,"energy":1608915545},{"total_energy":36817059985,"contract_supplied":25064830270,"trx":10246049099,"day":1558137600000,"energy":1506180616},{"total_energy":40403504012,"contract_supplied":27549222516,"trx":11240637310,"day":1558224000000,"energy":1613644186},{"total_energy":41104669754,"contract_supplied":27287298437,"trx":12141382528,"day":1558310400000,"energy":1675988789},{"total_energy":47423476166,"contract_supplied":26902074130,"trx":18683596676,"day":1558396800000,"energy":1837805360},{"total_energy":44882448803,"contract_supplied":28136881501,"trx":14731093452,"day":1558483200000,"energy":2014473850},{"total_energy":44983111416,"contract_supplied":24490766056,"trx":18708032588,"day":1558569600000,"energy":1784312772},{"total_energy":39273145744,"contract_supplied":23937571637,"trx":13361516763,"day":1558656000000,"energy":1974057344},{"total_energy":38585012056,"contract_supplied":24166061438,"trx":12629969343,"day":1558742400000,"energy":1788981275},{"total_energy":34533435832,"contract_supplied":23568781930,"trx":9262540354,"day":1558828800000,"energy":1702113548},{"total_energy":35890009994,"contract_supplied":23872914495,"trx":9905570873,"day":1558915200000,"energy":2111524626},{"total_energy":38240222502,"contract_supplied":22111594471,"trx":11857638449,"day":1559001600000,"energy":4270989582},{"total_energy":32160240806,"contract_supplied":19795108886,"trx":10008382836,"day":1559088000000,"energy":2356749084},{"total_energy":32704886580,"contract_supplied":20660573089,"trx":10267271117,"day":1559174400000,"energy":1777042374},{"total_energy":28421326634,"contract_supplied":19241110461,"trx":7518525871,"day":1559260800000,"energy":1661690302},{"total_energy":30219349346,"contract_supplied":19805284359,"trx":8671059727,"day":1559347200000,"energy":1743005260},{"total_energy":30128857196,"contract_supplied":21006205064,"trx":7462017870,"day":1559433600000,"energy":1660634262},{"total_energy":28572541346,"contract_supplied":18990653254,"trx":7923220971,"day":1559520000000,"energy":1658667121},{"total_energy":29502078794,"contract_supplied":19845091439,"trx":7715819564,"day":1559606400000,"energy":1941167791},{"total_energy":31359896187,"contract_supplied":20295199341,"trx":9020330084,"day":1559692800000,"energy":2044366762},{"total_energy":29008962387,"contract_supplied":17945966981,"trx":9068996080,"day":1559779200000,"energy":1993999326},{"total_energy":28742965079,"contract_supplied":19111768788,"trx":8383261033,"day":1559865600000,"energy":1247935258},{"total_energy":29950175497,"contract_supplied":18917086833,"trx":9689202950,"day":1559952000000,"energy":1343885714},{"total_energy":27732279586,"contract_supplied":17547354647,"trx":8730756877,"day":1560038400000,"energy":1454168062},{"total_energy":32876928514,"contract_supplied":22993716312,"trx":8447189693,"day":1560124800000,"energy":1436022509},{"total_energy":34658117277,"contract_supplied":22458554034,"trx":10447960158,"day":1560211200000,"energy":1751603085},{"total_energy":33071171573,"contract_supplied":22160029710,"trx":9603173588,"day":1560297600000,"energy":1307968275},{"total_energy":33860600972,"contract_supplied":23259514243,"trx":9352266667,"day":1560384000000,"energy":1248820062},{"total_energy":36602154289,"contract_supplied":26405669557,"trx":8932799795,"day":1560470400000,"energy":1263684937},{"total_energy":37553937832,"contract_supplied":27328715065,"trx":8991697370,"day":1560556800000,"energy":1233525397},{"total_energy":33416667752,"contract_supplied":21353230515,"trx":10820835462,"day":1560643200000,"energy":1242601775},{"total_energy":29803378386,"contract_supplied":20529183878,"trx":8245643230,"day":1560729600000,"energy":1028551278},{"total_energy":29864913308,"contract_supplied":21608353150,"trx":7292196714,"day":1560816000000,"energy":964363444},{"total_energy":31701984628,"contract_supplied":22063475443,"trx":8490364748,"day":1560902400000,"energy":1148144437},{"total_energy":29477492880,"contract_supplied":21060000219,"trx":7221559854,"day":1560988800000,"energy":1195932807},{"total_energy":33024965735,"contract_supplied":21457461036,"trx":10162307933,"day":1561075200000,"energy":1405196766},{"total_energy":31348601544,"contract_supplied":21319042476,"trx":8995406948,"day":1561161600000,"energy":1034152120},{"total_energy":29803887843,"contract_supplied":18698234410,"trx":10145635735,"day":1561248000000,"energy":960017698},{"total_energy":25415736299,"contract_supplied":18992727490,"trx":5557012938,"day":1561334400000,"energy":865995871},{"total_energy":26826814528,"contract_supplied":19680805293,"trx":6025276475,"day":1561420800000,"energy":1120732760},{"total_energy":26726204022,"contract_supplied":20108163421,"trx":5642828906,"day":1561507200000,"energy":975211695},{"total_energy":27837483505,"contract_supplied":19020927193,"trx":7741111110,"day":1561593600000,"energy":1075445202},{"total_energy":27179563776,"contract_supplied":19472736449,"trx":6794723180,"day":1561680000000,"energy":912104147},{"total_energy":28955763926,"contract_supplied":19308673925,"trx":8621714764,"day":1561766400000,"energy":1025375237},{"total_energy":27163161972,"contract_supplied":17809719515,"trx":8335165237,"day":1561852800000,"energy":1018277220},{"total_energy":26235018437,"contract_supplied":17724028751,"trx":7453324527,"day":1561939200000,"energy":1057665159},{"total_energy":25123195806,"contract_supplied":18060014492,"trx":6078782253,"day":1562025600000,"energy":984399061},{"total_energy":27703497876,"contract_supplied":16281981447,"trx":10349371152,"day":1562112000000,"energy":1072145277},{"total_energy":25540848348,"contract_supplied":17762747204,"trx":6928948100,"day":1562198400000,"energy":849153044},{"total_energy":21660034348,"contract_supplied":14978615568,"trx":5866375007,"day":1562284800000,"energy":815043773},{"total_energy":23955040156,"contract_supplied":15763951608,"trx":7286164890,"day":1562371200000,"energy":904923658},{"total_energy":20048055859,"contract_supplied":14889065911,"trx":4523610102,"day":1562457600000,"energy":635379846},{"total_energy":23676769439,"contract_supplied":16385255883,"trx":6626216320,"day":1562544000000,"energy":665297236},{"total_energy":23399529319,"contract_supplied":16432949929,"trx":6226474179,"day":1562630400000,"energy":740105211},{"total_energy":22857473391,"contract_supplied":16342348964,"trx":5706576019,"day":1562716800000,"energy":808548408},{"total_energy":25749872132,"contract_supplied":17742585639,"trx":7109936580,"day":1562803200000,"energy":897349913},{"total_energy":23181556825,"contract_supplied":16601280162,"trx":5661374899,"day":1562889600000,"energy":918901764},{"total_energy":23881307943,"contract_supplied":17576726774,"trx":5584406789,"day":1562976000000,"energy":720174380},{"total_energy":24283559526,"contract_supplied":16907571805,"trx":6438390557,"day":1563062400000,"energy":937597164},{"total_energy":23747716548,"contract_supplied":16440548757,"trx":6169128415,"day":1563148800000,"energy":1138039376},{"total_energy":28923417133,"contract_supplied":19284977815,"trx":8434765280,"day":1563235200000,"energy":1203674038},{"total_energy":28347662568,"contract_supplied":19921089823,"trx":7395509036,"day":1563321600000,"energy":1031063709},{"total_energy":28213358949,"contract_supplied":19678200988,"trx":7686071946,"day":1563408000000,"energy":849086015},{"total_energy":28484903913,"contract_supplied":20230892849,"trx":7386798194,"day":1563494400000,"energy":867212870},{"total_energy":30758275935,"contract_supplied":23904873532,"trx":5824925797,"day":1563580800000,"energy":1028476606},{"total_energy":81300895314,"contract_supplied":29761136729,"trx":50049596260,"day":1563667200000,"energy":1490162325},{"total_energy":115079043025,"contract_supplied":32090239576,"trx":81548682309,"day":1563753600000,"energy":1440121140},{"total_energy":98159464704,"contract_supplied":31752657671,"trx":65009421501,"day":1563840000000,"energy":1397385532},{"total_energy":104184215471,"contract_supplied":31259562106,"trx":71570176251,"day":1563926400000,"energy":1354477114},{"total_energy":116498039789,"contract_supplied":30711645309,"trx":84357134663,"day":1564012800000,"energy":1429259817},{"total_energy":114522349145,"contract_supplied":30382276822,"trx":82775966678,"day":1564099200000,"energy":1364105645},{"total_energy":119218487886,"contract_supplied":30887255291,"trx":86909986282,"day":1564185600000,"energy":1421246313},{"total_energy":122750050268,"contract_supplied":30662979733,"trx":90718633723,"day":1564272000000,"energy":1368436812},{"total_energy":116646069160,"contract_supplied":31304573039,"trx":84066946312,"day":1564358400000,"energy":1274549809},{"total_energy":101890735954,"contract_supplied":30962494815,"trx":69601227822,"day":1564444800000,"energy":1327013317},{"total_energy":83048874065,"contract_supplied":30204494927,"trx":51620495155,"day":1564531200000,"energy":1223883983},{"total_energy":69391521276,"contract_supplied":30723549338,"trx":37670721345,"day":1564617600000,"energy":997250593},{"total_energy":66633056809,"contract_supplied":33022245463,"trx":32065744004,"day":1564704000000,"energy":1545067342},{"total_energy":78150396521,"contract_supplied":30888611329,"trx":44339411068,"day":1564790400000,"energy":2922374124},{"total_energy":88456120190,"contract_supplied":31356521723,"trx":54518985078,"day":1564876800000,"energy":2580613389},{"total_energy":91014133452,"contract_supplied":31956094884,"trx":56820019260,"day":1564963200000,"energy":2238019308},{"total_energy":77352523903,"contract_supplied":34355714858,"trx":40901352133,"day":1565049600000,"energy":2095456912},{"total_energy":93135593199,"contract_supplied":35761414329,"trx":55247388481,"day":1565136000000,"energy":2126790389},{"total_energy":85011900376,"contract_supplied":35820364289,"trx":47148591636,"day":1565222400000,"energy":2042944451},{"total_energy":72642662385,"contract_supplied":36046182588,"trx":34316174505,"day":1565308800000,"energy":2280305292},{"total_energy":78601977535,"contract_supplied":35793339660,"trx":40623672923,"day":1565395200000,"energy":2184964952},{"total_energy":74738468361,"contract_supplied":35378421809,"trx":36832679938,"day":1565481600000,"energy":2527366614},{"total_energy":81459970044,"contract_supplied":35935366369,"trx":42857031170,"day":1565568000000,"energy":2667572505},{"total_energy":80215793867,"contract_supplied":36542039393,"trx":40964392832,"day":1565654400000,"energy":2709361642},{"total_energy":82503957339,"contract_supplied":36873337381,"trx":42999490007,"day":1565740800000,"energy":2631129951},{"total_energy":90060924124,"contract_supplied":37385943957,"trx":50122430417,"day":1565827200000,"energy":2552549750},{"total_energy":103732382401,"contract_supplied":37878529535,"trx":62969497904,"day":1565913600000,"energy":2884354962},{"total_energy":111954484291,"contract_supplied":36909749737,"trx":71354698802,"day":1566000000000,"energy":3690035752},{"total_energy":110696005826,"contract_supplied":35451243236,"trx":71919385025,"day":1566086400000,"energy":3325377565},{"total_energy":104145841028,"contract_supplied":36432421480,"trx":64254003137,"day":1566172800000,"energy":3459416411},{"total_energy":97854896995,"contract_supplied":36117779029,"trx":58421074059,"day":1566259200000,"energy":3316043907},{"total_energy":86614099531,"contract_supplied":36449791093,"trx":47003496874,"day":1566345600000,"energy":3160811564},{"total_energy":91516099656,"contract_supplied":37917534664,"trx":51192058557,"day":1566432000000,"energy":2406506435},{"total_energy":76056567280,"contract_supplied":37355368680,"trx":36047711377,"day":1566518400000,"energy":2653487223},{"total_energy":68523545642,"contract_supplied":34974149368,"trx":30874907008,"day":1566604800000,"energy":2674489266},{"total_energy":63438262327,"contract_supplied":35287481165,"trx":25605500782,"day":1566691200000,"energy":2545280380},{"total_energy":67324108257,"contract_supplied":35348039038,"trx":29504066884,"day":1566777600000,"energy":2472002335},{"total_energy":62736359900,"contract_supplied":32636276934,"trx":27790448047,"day":1566864000000,"energy":2309634919},{"total_energy":65566687962,"contract_supplied":34913015444,"trx":25415040406,"day":1566950400000,"energy":5238632112},{"total_energy":59865604248,"contract_supplied":33093722966,"trx":23818887626,"day":1567036800000,"energy":2952993656},{"total_energy":61567082257,"contract_supplied":33574624503,"trx":25091239028,"day":1567123200000,"energy":2901218726},{"total_energy":62604272519,"contract_supplied":33178321348,"trx":26839928577,"day":1567209600000,"energy":2586022594},{"total_energy":65639253358,"contract_supplied":26441024523,"trx":36482300684,"day":1567296000000,"energy":2715928151},{"total_energy":60480736296,"contract_supplied":29546767473,"trx":28154822647,"day":1567382400000,"energy":2779146176},{"total_energy":55936605458,"contract_supplied":29371866044,"trx":23634831843,"day":1567468800000,"energy":2929907571},{"total_energy":50823641858,"contract_supplied":30484985667,"trx":17049307542,"day":1567555200000,"energy":3289348649},{"total_energy":47403489852,"contract_supplied":29431023260,"trx":15130810050,"day":1567641600000,"energy":2841656542},{"total_energy":46489959263,"contract_supplied":29679866877,"trx":13651757191,"day":1567728000000,"energy":3158335195},{"total_energy":49132108740,"contract_supplied":30008842255,"trx":16154393386,"day":1567814400000,"energy":2968873099},{"total_energy":46759859391,"contract_supplied":29915902618,"trx":14082221201,"day":1567900800000,"energy":2761735572},{"total_energy":43430577583,"contract_supplied":29031900671,"trx":11973324957,"day":1567987200000,"energy":2425351955},{"total_energy":41566715452,"contract_supplied":29595305330,"trx":9285954340,"day":1568073600000,"energy":2685455782},{"total_energy":46333991749,"contract_supplied":29473727215,"trx":13971335647,"day":1568160000000,"energy":2888928887},{"total_energy":43243829480,"contract_supplied":28697110605,"trx":11561078583,"day":1568246400000,"energy":2985640292},{"total_energy":44504834104,"contract_supplied":28785200181,"trx":13182607252,"day":1568332800000,"energy":2537026671},{"total_energy":50569326366,"contract_supplied":29298941219,"trx":18381650516,"day":1568419200000,"energy":2888734631},{"total_energy":46601279159,"contract_supplied":29041755477,"trx":14855597530,"day":1568505600000,"energy":2703926152},{"total_energy":46077223856,"contract_supplied":28890834574,"trx":14323299955,"day":1568592000000,"energy":2863089327},{"total_energy":45339811449,"contract_supplied":29129600942,"trx":13407769954,"day":1568678400000,"energy":2802440553},{"total_energy":39218491419,"contract_supplied":27674349926,"trx":8987658831,"day":1568764800000,"energy":2556482662},{"total_energy":41890792655,"contract_supplied":29944788672,"trx":9595999738,"day":1568851200000,"energy":2350004245},{"total_energy":45767483982,"contract_supplied":29267622313,"trx":13984870511,"day":1568937600000,"energy":2514991158},{"total_energy":44276481740,"contract_supplied":29186272551,"trx":12712786191,"day":1569024000000,"energy":2377422998},{"total_energy":51773325913,"contract_supplied":28860667540,"trx":19617355822,"day":1569110400000,"energy":3295302551},{"total_energy":55667787000,"contract_supplied":29166209842,"trx":23312576704,"day":1569196800000,"energy":3189000454},{"total_energy":59843582256,"contract_supplied":29088324555,"trx":27263338834,"day":1569283200000,"energy":3491918867},{"total_energy":58302318877,"contract_supplied":28680917618,"trx":26738947106,"day":1569369600000,"energy":2882454153},{"total_energy":63659779919,"contract_supplied":29500440389,"trx":31468186174,"day":1569456000000,"energy":2691153356},{"total_energy":60916567425,"contract_supplied":30527790262,"trx":27675354816,"day":1569542400000,"energy":2713422347},{"total_energy":64847161670,"contract_supplied":30590276784,"trx":30762629629,"day":1569628800000,"energy":3494255257},{"total_energy":63260268259,"contract_supplied":29343377651,"trx":30295004380,"day":1569715200000,"energy":3621886228},{"total_energy":56654237309,"contract_supplied":30075923215,"trx":23202321201,"day":1569801600000,"energy":3375992893},{"total_energy":58146652784,"contract_supplied":29767407188,"trx":24516679258,"day":1569888000000,"energy":3862566338},{"total_energy":58127007889,"contract_supplied":29947618441,"trx":24309407627,"day":1569974400000,"energy":3869981821},{"total_energy":58685747479,"contract_supplied":29822246496,"trx":24993713591,"day":1570060800000,"energy":3869787392},{"total_energy":61333179366,"contract_supplied":29433570850,"trx":27923253781,"day":1570147200000,"energy":3976354735},{"total_energy":50230743840,"contract_supplied":30094725794,"trx":16266470277,"day":1570233600000,"energy":3869547769},{"total_energy":49652642880,"contract_supplied":29768142709,"trx":16011833710,"day":1570320000000,"energy":3872666461},{"total_energy":53483588392,"contract_supplied":29186472590,"trx":20633847826,"day":1570406400000,"energy":3663267976},{"total_energy":62113108262,"contract_supplied":29169630177,"trx":28894651015,"day":1570492800000,"energy":4048827070},{"total_energy":63826869381,"contract_supplied":28644195298,"trx":31336556597,"day":1570579200000,"energy":3846117486},{"total_energy":59893084421,"contract_supplied":28894894501,"trx":27613002516,"day":1570665600000,"energy":3385187404},{"total_energy":55364551212,"contract_supplied":28689588843,"trx":23459848147,"day":1570752000000,"energy":3215114222},{"total_energy":60036426641,"contract_supplied":28319619122,"trx":28745930551,"day":1570838400000,"energy":2970876968},{"total_energy":55870130208,"contract_supplied":28333058690,"trx":24470768991,"day":1570924800000,"energy":3066302527},{"total_energy":53333543658,"contract_supplied":28514151719,"trx":21623581376,"day":1571011200000,"energy":3195810563},{"total_energy":47439737162,"contract_supplied":26572331034,"trx":17710035021,"day":1571097600000,"energy":3157371107},{"total_energy":51190100914,"contract_supplied":27934388322,"trx":20283763651,"day":1571184000000,"energy":2971948941},{"total_energy":51882493803,"contract_supplied":28393251460,"trx":20977617563,"day":1571270400000,"energy":2511624780},{"total_energy":56398220467,"contract_supplied":29706460369,"trx":23314198878,"day":1571356800000,"energy":3377561220},{"total_energy":51446565646,"contract_supplied":27840665434,"trx":20508864618,"day":1571443200000,"energy":3097035594},{"total_energy":56204243943,"contract_supplied":29407434654,"trx":23143401894,"day":1571529600000,"energy":3653407395},{"total_energy":52572000899,"contract_supplied":28716298139,"trx":21412813714,"day":1571616000000,"energy":2442889046},{"total_energy":68592695972,"contract_supplied":29539962485,"trx":36248039727,"day":1571702400000,"energy":2804693760},{"total_energy":79905173600,"contract_supplied":26721533711,"trx":51155878321,"day":1571788800000,"energy":2027761568},{"total_energy":77015182618,"contract_supplied":27585043268,"trx":47477142419,"day":1571875200000,"energy":1952996931},{"total_energy":75866893346,"contract_supplied":27757644670,"trx":46112147743,"day":1571961600000,"energy":1997100933},{"total_energy":69684891172,"contract_supplied":27437443630,"trx":40207422252,"day":1572048000000,"energy":2040025290},{"total_energy":69135108836,"contract_supplied":27745208758,"trx":38777198870,"day":1572134400000,"energy":2612701208},{"total_energy":71285574803,"contract_supplied":28736245266,"trx":39761118163,"day":1572220800000,"energy":2788211374},{"total_energy":60136020982,"contract_supplied":27421228216,"trx":30074293796,"day":1572307200000,"energy":2640498970},{"total_energy":44063336375,"contract_supplied":26164622997,"trx":15488964838,"day":1572393600000,"energy":2409748540},{"total_energy":40912799402,"contract_supplied":26321923931,"trx":12247119034,"day":1572480000000,"energy":2343756437},{"total_energy":43093488000,"contract_supplied":27289771444,"trx":13628196317,"day":1572566400000,"energy":2175520239},{"total_energy":47931880869,"contract_supplied":27418715277,"trx":17021532714,"day":1572652800000,"energy":3491632878},{"total_energy":47318263132,"contract_supplied":26772087364,"trx":16304892509,"day":1572739200000,"energy":4241283259},{"total_energy":45484343724,"contract_supplied":25832217244,"trx":16382290784,"day":1572825600000,"energy":3269835696},{"total_energy":39416194756,"contract_supplied":23844418441,"trx":13080787397,"day":1572912000000,"energy":2490988918},{"total_energy":35460406756,"contract_supplied":19930801814,"trx":13133526083,"day":1572998400000,"energy":2396078859},{"total_energy":32048920437,"contract_supplied":18325757488,"trx":11054941421,"day":1573084800000,"energy":2668221528},{"total_energy":37487949353,"contract_supplied":20279588749,"trx":14728933674,"day":1573171200000,"energy":2479426930},{"total_energy":48740533556,"contract_supplied":26733794557,"trx":18342658386,"day":1573257600000,"energy":3664080613},{"total_energy":42352764516,"contract_supplied":24659689910,"trx":14443837892,"day":1573344000000,"energy":3249236714},{"total_energy":39559555925,"contract_supplied":22653035588,"trx":13433513369,"day":1573430400000,"energy":3473006968},{"total_energy":35769767573,"contract_supplied":20277290108,"trx":12597735937,"day":1573516800000,"energy":2894741528},{"total_energy":35847655901,"contract_supplied":20897649301,"trx":11809612496,"day":1573603200000,"energy":3140394104},{"total_energy":35079633802,"contract_supplied":21468900612,"trx":10359147513,"day":1573689600000,"energy":3251585677},{"total_energy":33534490107,"contract_supplied":21277640312,"trx":9460106048,"day":1573776000000,"energy":2796743747},{"total_energy":26338610475,"contract_supplied":14852927888,"trx":8589877116,"day":1573862400000,"energy":2895805471},{"total_energy":35671641893,"contract_supplied":25415372324,"trx":7449595596,"day":1573948800000,"energy":2806673973},{"total_energy":28675047014,"contract_supplied":18288711382,"trx":7352331375,"day":1574035200000,"energy":3034004257},{"total_energy":27398757058,"contract_supplied":16066503362,"trx":9145961649,"day":1574121600000,"energy":2186292047},{"total_energy":26711518261,"contract_supplied":16472530462,"trx":7923494683,"day":1574208000000,"energy":2315493116},{"total_energy":28552579537,"contract_supplied":15923811397,"trx":8681967216,"day":1574294400000,"energy":3946800924},{"total_energy":31476112062,"contract_supplied":16949493230,"trx":9612343253,"day":1574380800000,"energy":4914275579},{"total_energy":32402916686,"contract_supplied":14970410933,"trx":12418333836,"day":1574467200000,"energy":5014171917},{"total_energy":31575526680,"contract_supplied":17826221916,"trx":8925743114,"day":1574553600000,"energy":4823561650},{"total_energy":26276632848,"contract_supplied":14663513021,"trx":7416202659,"day":1574640000000,"energy":4196917168},{"total_energy":30375271289,"contract_supplied":15443526750,"trx":9934579904,"day":1574726400000,"energy":4997164635},{"total_energy":28675351591,"contract_supplied":16381216224,"trx":7161330883,"day":1574812800000,"energy":5132804484},{"total_energy":32671851652,"contract_supplied":15121624452,"trx":11749174558,"day":1574899200000,"energy":5801052642},{"total_energy":32537684515,"contract_supplied":18112123450,"trx":8611606548,"day":1574985600000,"energy":5813954517},{"total_energy":29687775045,"contract_supplied":15648090910,"trx":8391599179,"day":1575072000000,"energy":5648084956},{"total_energy":28403204431,"contract_supplied":14423624535,"trx":8693576368,"day":1575158400000,"energy":5286003528},{"total_energy":29991380678,"contract_supplied":14954548515,"trx":9294536899,"day":1575244800000,"energy":5742295264},{"total_energy":26456284374,"contract_supplied":14996938024,"trx":6253885337,"day":1575331200000,"energy":5205461013},{"total_energy":29365432683,"contract_supplied":16561318740,"trx":7260669176,"day":1575417600000,"energy":5543444767},{"total_energy":29185820908,"contract_supplied":16556809678,"trx":7168825497,"day":1575504000000,"energy":5460185733},{"total_energy":28893495630,"contract_supplied":15130519223,"trx":8022471064,"day":1575590400000,"energy":5740505343},{"total_energy":28874085544,"contract_supplied":15886174998,"trx":7260560786,"day":1575676800000,"energy":5727349760},{"total_energy":29215143819,"contract_supplied":14657797533,"trx":7936089553,"day":1575763200000,"energy":6621256733},{"total_energy":28626344479,"contract_supplied":15262737986,"trx":7866939335,"day":1575849600000,"energy":5496667158},{"total_energy":25096022482,"contract_supplied":13023000601,"trx":6457936738,"day":1575936000000,"energy":5615085143},{"total_energy":30272540065,"contract_supplied":16513313104,"trx":6984825944,"day":1576022400000,"energy":6774401017},{"total_energy":28154131328,"contract_supplied":14493898793,"trx":7195588605,"day":1576108800000,"energy":6464643930},{"total_energy":27177739595,"contract_supplied":12355912898,"trx":9120108668,"day":1576195200000,"energy":5701718029},{"total_energy":28598499372,"contract_supplied":12610947277,"trx":8872154256,"day":1576281600000,"energy":7115397839},{"total_energy":28120335635,"contract_supplied":15823070130,"trx":5889623489,"day":1576368000000,"energy":6407642016},{"total_energy":28256187335,"contract_supplied":15158618965,"trx":6957383290,"day":1576454400000,"energy":6140185080},{"total_energy":25014726441,"contract_supplied":12669846717,"trx":6133217493,"day":1576540800000,"energy":6211662231},{"total_energy":26374760697,"contract_supplied":13268130014,"trx":6878976111,"day":1576627200000,"energy":6227654572},{"total_energy":28714725688,"contract_supplied":15143436089,"trx":7299046963,"day":1576713600000,"energy":6272242636},{"total_energy":27151191112,"contract_supplied":12994309681,"trx":7501372059,"day":1576800000000,"energy":6655509372},{"total_energy":25580856982,"contract_supplied":12611720058,"trx":6485496078,"day":1576886400000,"energy":6483640846},{"total_energy":25575318928,"contract_supplied":13639831283,"trx":5151140607,"day":1576972800000,"energy":6784347038},{"total_energy":36638639776,"contract_supplied":13769164964,"trx":17174620489,"day":1577059200000,"energy":5694854323},{"total_energy":48058573826,"contract_supplied":27108400949,"trx":15215606200,"day":1577145600000,"energy":5734566677},{"total_energy":40463621875,"contract_supplied":23270952744,"trx":12856255979,"day":1577232000000,"energy":4336413152},{"total_energy":36476475755,"contract_supplied":21659979863,"trx":10522973705,"day":1577318400000,"energy":4293522187},{"total_energy":31179341967,"contract_supplied":18348241174,"trx":7904372478,"day":1577404800000,"energy":4926728315},{"total_energy":45664070091,"contract_supplied":25649188434,"trx":14879019064,"day":1577491200000,"energy":5135862593},{"total_energy":39072724681,"contract_supplied":21154044581,"trx":13057468158,"day":1577577600000,"energy":4861211942},{"total_energy":37824508400,"contract_supplied":23615707838,"trx":9835924214,"day":1577664000000,"energy":4372876348},{"total_energy":44520136273,"contract_supplied":22889396733,"trx":17270183465,"day":1577750400000,"energy":4360556075},{"total_energy":37486353647,"contract_supplied":21704281242,"trx":12986087798,"day":1577836800000,"energy":2795984607},{"total_energy":30636473798,"contract_supplied":18313784135,"trx":8552010330,"day":1577923200000,"energy":3770679333},{"total_energy":28546119767,"contract_supplied":16831962499,"trx":8901106473,"day":1578009600000,"energy":2813050795},{"total_energy":27127094849,"contract_supplied":17082772662,"trx":7446654641,"day":1578096000000,"energy":2597667546},{"total_energy":27721780321,"contract_supplied":16356013899,"trx":8575457726,"day":1578182400000,"energy":2790308696},{"total_energy":26038948271,"contract_supplied":13860551683,"trx":9308082699,"day":1578268800000,"energy":2870313889},{"total_energy":22487878714,"contract_supplied":12636726052,"trx":7279609927,"day":1578355200000,"energy":2571542735},{"total_energy":22520829331,"contract_supplied":12043156994,"trx":7328876239,"day":1578441600000,"energy":3148796098},{"total_energy":22946279341,"contract_supplied":14586529826,"trx":6254700681,"day":1578528000000,"energy":2105048834},{"total_energy":23662644741,"contract_supplied":13846051968,"trx":7078740725,"day":1578614400000,"energy":2737852048},{"total_energy":24668188175,"contract_supplied":14279911110,"trx":7641551647,"day":1578700800000,"energy":2746725418},{"total_energy":24388360977,"contract_supplied":13713659924,"trx":8169467848,"day":1578787200000,"energy":2505233205},{"total_energy":23192430081,"contract_supplied":14185876403,"trx":6632273885,"day":1578873600000,"energy":2374279793},{"total_energy":25168592879,"contract_supplied":16461548337,"trx":6168093955,"day":1578960000000,"energy":2538950587},{"total_energy":21887744229,"contract_supplied":13706941822,"trx":5669332130,"day":1579046400000,"energy":2511470277},{"total_energy":22827318689,"contract_supplied":14924740776,"trx":5894509189,"day":1579132800000,"energy":2008068724},{"total_energy":22188545455,"contract_supplied":14284777335,"trx":5568032469,"day":1579219200000,"energy":2335735651},{"total_energy":25526084279,"contract_supplied":14861087082,"trx":8566827526,"day":1579305600000,"energy":2098169671},{"total_energy":24187004869,"contract_supplied":16028009541,"trx":6088805082,"day":1579392000000,"energy":2070190246},{"total_energy":20226111704,"contract_supplied":13482529505,"trx":4892426908,"day":1579478400000,"energy":1851155291},{"total_energy":21457070844,"contract_supplied":14787867336,"trx":4842661652,"day":1579564800000,"energy":1826541856},{"total_energy":28600553332,"contract_supplied":16417576449,"trx":10572244322,"day":1579651200000,"energy":1610732561},{"total_energy":28542413283,"contract_supplied":13240329687,"trx":13175727488,"day":1579737600000,"energy":2126356108},{"total_energy":30442711430,"contract_supplied":15028051064,"trx":13952452215,"day":1579824000000,"energy":1462208151},{"total_energy":23437969514,"contract_supplied":12908449747,"trx":8662681082,"day":1579910400000,"energy":1866838685},{"total_energy":23039650661,"contract_supplied":12502300962,"trx":8356965516,"day":1579996800000,"energy":2180384183},{"total_energy":28854798522,"contract_supplied":17625220042,"trx":8864963962,"day":1580083200000,"energy":2364614518},{"total_energy":33222292071,"contract_supplied":19434493713,"trx":11251861852,"day":1580169600000,"energy":2535936506},{"total_energy":28377790324,"contract_supplied":17735797568,"trx":8356086520,"day":1580256000000,"energy":2285906236},{"total_energy":24389908418,"contract_supplied":16267703931,"trx":6406178913,"day":1580342400000,"energy":1716025574},{"total_energy":22949190921,"contract_supplied":14882176692,"trx":6255203140,"day":1580428800000,"energy":1811811089},{"total_energy":21368606599,"contract_supplied":13829190899,"trx":5969917830,"day":1580515200000,"energy":1569497870},{"total_energy":25496093293,"contract_supplied":17531418237,"trx":6177476359,"day":1580601600000,"energy":1787198697},{"total_energy":24504610783,"contract_supplied":16294989347,"trx":6643755154,"day":1580688000000,"energy":1565866282},{"total_energy":24308134235,"contract_supplied":17175529202,"trx":5472453203,"day":1580774400000,"energy":1660151830},{"total_energy":23375970818,"contract_supplied":13967262514,"trx":7977426778,"day":1580860800000,"energy":1431281526},{"total_energy":19092013722,"contract_supplied":11721787469,"trx":6061536779,"day":1580947200000,"energy":1308689474},{"total_energy":18736152565,"contract_supplied":12433435051,"trx":5233696921,"day":1581033600000,"energy":1069020593},{"total_energy":20811859475,"contract_supplied":13032128127,"trx":6722893526,"day":1581120000000,"energy":1056837822},{"total_energy":19842447264,"contract_supplied":12505720838,"trx":6009208388,"day":1581206400000,"energy":1327518038},{"total_energy":16817050492,"contract_supplied":10463714356,"trx":5141806576,"day":1581292800000,"energy":1211529560},{"total_energy":16892046845,"contract_supplied":11730508250,"trx":4135194803,"day":1581379200000,"energy":1026343792},{"total_energy":16805721179,"contract_supplied":10824829146,"trx":4705917166,"day":1581465600000,"energy":1274974867},{"total_energy":18994034969,"contract_supplied":12643937754,"trx":4872291080,"day":1581552000000,"energy":1477806135},{"total_energy":18643321204,"contract_supplied":12744326509,"trx":4392567981,"day":1581638400000,"energy":1506426714},{"total_energy":19594004395,"contract_supplied":13091318051,"trx":5178071486,"day":1581724800000,"energy":1324614858},{"total_energy":18875931546,"contract_supplied":11861166314,"trx":5514462298,"day":1581811200000,"energy":1500302934},{"total_energy":18776139743,"contract_supplied":10813961397,"trx":6359096350,"day":1581897600000,"energy":1603081996},{"total_energy":18095160380,"contract_supplied":11356177638,"trx":4891082013,"day":1581984000000,"energy":1847900729},{"total_energy":18146885297,"contract_supplied":11445439735,"trx":4985135467,"day":1582070400000,"energy":1716310095},{"total_energy":19252583618,"contract_supplied":11416577795,"trx":6225173434,"day":1582156800000,"energy":1610832389},{"total_energy":19716365871,"contract_supplied":12564942187,"trx":5488443059,"day":1582243200000,"energy":1662980625},{"total_energy":23654621490,"contract_supplied":13846788557,"trx":7296313649,"day":1582329600000,"energy":2511519284},{"total_energy":22982647113,"contract_supplied":14699292251,"trx":5875335261,"day":1582416000000,"energy":2408019601},{"total_energy":18269668837,"contract_supplied":10760535043,"trx":5357189942,"day":1582502400000,"energy":2151943852},{"total_energy":19191830411,"contract_supplied":11267030546,"trx":5810440994,"day":1582588800000,"energy":2114358871},{"total_energy":19940839411,"contract_supplied":11765384114,"trx":6218823435,"day":1582675200000,"energy":1956631862},{"total_energy":22729023498,"contract_supplied":13217412803,"trx":6690345967,"day":1582761600000,"energy":2821264728},{"total_energy":23778732837,"contract_supplied":12927658831,"trx":8742073285,"day":1582848000000,"energy":2109000721},{"total_energy":19968362795,"contract_supplied":12311870937,"trx":5540528955,"day":1582934400000,"energy":2115962903},{"total_energy":21661729937,"contract_supplied":12816114576,"trx":6633853116,"day":1583020800000,"energy":2211762245},{"total_energy":21963193472,"contract_supplied":11762214009,"trx":7982834909,"day":1583107200000,"energy":2218144554},{"total_energy":26334079884,"contract_supplied":12390721453,"trx":11549072110,"day":1583193600000,"energy":2394286321},{"total_energy":20242254618,"contract_supplied":12353666816,"trx":6068667630,"day":1583280000000,"energy":1819920172},{"total_energy":20832158586,"contract_supplied":12812704291,"trx":6424888408,"day":1583366400000,"energy":1594565887},{"total_energy":20013007179,"contract_supplied":11301994224,"trx":6380022716,"day":1583452800000,"energy":2330990239},{"total_energy":24081349392,"contract_supplied":13632381114,"trx":8350644826,"day":1583539200000,"energy":2098323452},{"total_energy":24181730937,"contract_supplied":14368595475,"trx":8076491290,"day":1583625600000,"energy":1736644172},{"total_energy":22147884282,"contract_supplied":14446460173,"trx":6450397912,"day":1583712000000,"energy":1251026197},{"total_energy":23708670480,"contract_supplied":14745948326,"trx":6809859617,"day":1583798400000,"energy":2152862537},{"total_energy":27997587166,"contract_supplied":14476507572,"trx":10755519993,"day":1583884800000,"energy":2765559601},{"total_energy":25022468354,"contract_supplied":15036783493,"trx":7749631358,"day":1583971200000,"energy":2236053503},{"total_energy":28502987345,"contract_supplied":18587149588,"trx":7084332500,"day":1584057600000,"energy":2831505257},{"total_energy":28608747464,"contract_supplied":18053238320,"trx":8444958111,"day":1584144000000,"energy":2110551033},{"total_energy":31280484153,"contract_supplied":19826585377,"trx":9417114352,"day":1584230400000,"energy":2036784424},{"total_energy":32391658606,"contract_supplied":18034529655,"trx":11598536975,"day":1584316800000,"energy":2758591976},{"total_energy":30414219908,"contract_supplied":20930103051,"trx":7662632894,"day":1584403200000,"energy":1821483963},{"total_energy":32566318301,"contract_supplied":22208248922,"trx":8507977288,"day":1584489600000,"energy":1850092091},{"total_energy":29982689209,"contract_supplied":18378305421,"trx":9611806609,"day":1584576000000,"energy":1992577179},{"total_energy":26626915195,"contract_supplied":16175544182,"trx":8304598052,"day":1584662400000,"energy":2146772961},{"total_energy":30749650465,"contract_supplied":16744565910,"trx":11516347961,"day":1584748800000,"energy":2488736594},{"total_energy":31630957699,"contract_supplied":17428118112,"trx":12017735792,"day":1584835200000,"energy":2185103795},{"total_energy":24723772420,"contract_supplied":15433641165,"trx":7398513182,"day":1584921600000,"energy":1891618073},{"total_energy":24967127793,"contract_supplied":15832102564,"trx":7336519581,"day":1585008000000,"energy":1798505648},{"total_energy":26758351004,"contract_supplied":17323539011,"trx":7680840242,"day":1585094400000,"energy":1753971751},{"total_energy":27198889970,"contract_supplied":16566298227,"trx":8482044776,"day":1585180800000,"energy":2150546967}]
12:57:45.465 [TestNG-tests-1] INFO tron.common.TronscanApiList - max:{"total_energy":150278816458,"contract_supplied":17394804690,"trx":122263350233,"day":1552521600000,"energy":10620661535}
12:57:45.465 [TestNG-tests-1] INFO tron.common.TronscanApiList - JSON content size are: 4
12:57:45.465 [TestNG-tests-1] INFO tron.common.TronscanApiList - ----------------------------Print JSON End-----------------------------
]]></system-out>
  <system-err><![CDATA[]]></system-err>
</testsuite>
