<?xml version="1.0" encoding="UTF-8"?>
<testsuite name="tron.tronscan.api.TransferList" tests="2" skipped="0" failures="0" errors="0" timestamp="2020-03-27T04:58:32" hostname="zhukaideiMac.local" time="1.762">
  <properties/>
  <testcase name="getSimple_transfer" classname="tron.tronscan.api.TransferList" time="0.775"/>
  <testcase name="test01getBlockDetail" classname="tron.tronscan.api.TransferList" time="0.987"/>
  <system-out><![CDATA[12:58:32.314 [TestNG-tests-1] DEBUG org.apache.http.impl.conn.PoolingClientConnectionManager - Connection request: [route: {}->http://apilist.tronscan.org:80][total kept alive: 0; route allocated: 0 of 80; total allocated: 0 of 100]
12:58:32.314 [TestNG-tests-1] DEBUG org.apache.http.impl.conn.PoolingClientConnectionManager - Connection leased: [id: 48][route: {}->http://apilist.tronscan.org:80][total kept alive: 0; route allocated: 1 of 80; total allocated: 1 of 100]
12:58:32.314 [TestNG-tests-1] DEBUG org.apache.http.impl.conn.DefaultClientConnectionOperator - Connecting to apilist.tronscan.org:80
12:58:32.640 [TestNG-tests-1] DEBUG org.apache.http.client.protocol.RequestAddCookies - CookieSpec selected: default
12:58:32.641 [TestNG-tests-1] DEBUG org.apache.http.client.protocol.RequestAuthCache - Auth cache not set in the context
12:58:32.641 [TestNG-tests-1] DEBUG org.apache.http.client.protocol.RequestTargetAuthentication - Target auth state: UNCHALLENGED
12:58:32.641 [TestNG-tests-1] DEBUG org.apache.http.client.protocol.RequestProxyAuthentication - Proxy auth state: UNCHALLENGED
12:58:32.641 [TestNG-tests-1] DEBUG org.apache.http.impl.client.DefaultHttpClient - Attempt 1 to execute request
12:58:32.641 [TestNG-tests-1] DEBUG org.apache.http.impl.conn.DefaultClientConnection - Sending request: GET /api/simple-transfer?asset_name=trx&end_timestamp=1548056638507&start_timestamp=1548000000000&from=TXYeahu7J6Hr7X33XFRaHgyznvun578jPm&sort=-timestamp&to=THzuXNFiDe4jBGiVRpRLxCf4u3WWxgrUZE HTTP/1.1
12:58:32.641 [TestNG-tests-1] DEBUG org.apache.http.wire -  >> "GET /api/simple-transfer?asset_name=trx&end_timestamp=1548056638507&start_timestamp=1548000000000&from=TXYeahu7J6Hr7X33XFRaHgyznvun578jPm&sort=-timestamp&to=THzuXNFiDe4jBGiVRpRLxCf4u3WWxgrUZE HTTP/1.1[\r][\n]"
12:58:32.641 [TestNG-tests-1] DEBUG org.apache.http.wire -  >> "Content-type: application/json; charset=utf-8[\r][\n]"
12:58:32.641 [TestNG-tests-1] DEBUG org.apache.http.wire -  >> "Connection: Close[\r][\n]"
12:58:32.641 [TestNG-tests-1] DEBUG org.apache.http.wire -  >> "Host: apilist.tronscan.org[\r][\n]"
12:58:32.641 [TestNG-tests-1] DEBUG org.apache.http.wire -  >> "User-Agent: Apache-HttpClient/4.5.3 (Java/1.8.0_211)[\r][\n]"
12:58:32.641 [TestNG-tests-1] DEBUG org.apache.http.wire -  >> "[\r][\n]"
12:58:32.641 [TestNG-tests-1] DEBUG org.apache.http.headers - >> GET /api/simple-transfer?asset_name=trx&end_timestamp=1548056638507&start_timestamp=1548000000000&from=TXYeahu7J6Hr7X33XFRaHgyznvun578jPm&sort=-timestamp&to=THzuXNFiDe4jBGiVRpRLxCf4u3WWxgrUZE HTTP/1.1
12:58:32.641 [TestNG-tests-1] DEBUG org.apache.http.headers - >> Content-type: application/json; charset=utf-8
12:58:32.641 [TestNG-tests-1] DEBUG org.apache.http.headers - >> Connection: Close
12:58:32.641 [TestNG-tests-1] DEBUG org.apache.http.headers - >> Host: apilist.tronscan.org
12:58:32.641 [TestNG-tests-1] DEBUG org.apache.http.headers - >> User-Agent: Apache-HttpClient/4.5.3 (Java/1.8.0_211)
12:58:33.087 [TestNG-tests-1] DEBUG org.apache.http.wire -  << "HTTP/1.1 200 OK[\r][\n]"
12:58:33.087 [TestNG-tests-1] DEBUG org.apache.http.wire -  << "Server: nginx[\r][\n]"
12:58:33.087 [TestNG-tests-1] DEBUG org.apache.http.wire -  << "Date: Fri, 27 Mar 2020 04:58:33 GMT[\r][\n]"
12:58:33.087 [TestNG-tests-1] DEBUG org.apache.http.wire -  << "Content-Type: application/json;charset=utf-8[\r][\n]"
12:58:33.087 [TestNG-tests-1] DEBUG org.apache.http.wire -  << "Content-Length: 2943[\r][\n]"
12:58:33.087 [TestNG-tests-1] DEBUG org.apache.http.wire -  << "Connection: close[\r][\n]"
12:58:33.087 [TestNG-tests-1] DEBUG org.apache.http.wire -  << "Vary: Accept-Encoding[\r][\n]"
12:58:33.087 [TestNG-tests-1] DEBUG org.apache.http.wire -  << "Access-Control-Allow-Origin: *[\r][\n]"
12:58:33.087 [TestNG-tests-1] DEBUG org.apache.http.wire -  << "Access-Control-Allow-Headers: DNT,X-Mx-ReqToken,Keep-Alive,User-Agent,X-Requested-With,If-Modified-Since,Cache-Control,Content-Type,Authorization[\r][\n]"
12:58:33.087 [TestNG-tests-1] DEBUG org.apache.http.wire -  << "Access-Control-Allow-Methods: GET,POST,PUT,DELETE,OPTIONS[\r][\n]"
12:58:33.087 [TestNG-tests-1] DEBUG org.apache.http.wire -  << "X-Proxy-Cache: MISS[\r][\n]"
12:58:33.087 [TestNG-tests-1] DEBUG org.apache.http.wire -  << "[\r][\n]"
12:58:33.087 [TestNG-tests-1] DEBUG org.apache.http.impl.conn.DefaultClientConnection - Receiving response: HTTP/1.1 200 OK
12:58:33.087 [TestNG-tests-1] DEBUG org.apache.http.headers - << HTTP/1.1 200 OK
12:58:33.087 [TestNG-tests-1] DEBUG org.apache.http.headers - << Server: nginx
12:58:33.087 [TestNG-tests-1] DEBUG org.apache.http.headers - << Date: Fri, 27 Mar 2020 04:58:33 GMT
12:58:33.087 [TestNG-tests-1] DEBUG org.apache.http.headers - << Content-Type: application/json;charset=utf-8
12:58:33.087 [TestNG-tests-1] DEBUG org.apache.http.headers - << Content-Length: 2943
12:58:33.087 [TestNG-tests-1] DEBUG org.apache.http.headers - << Connection: close
12:58:33.087 [TestNG-tests-1] DEBUG org.apache.http.headers - << Vary: Accept-Encoding
12:58:33.087 [TestNG-tests-1] DEBUG org.apache.http.headers - << Access-Control-Allow-Origin: *
12:58:33.087 [TestNG-tests-1] DEBUG org.apache.http.headers - << Access-Control-Allow-Headers: DNT,X-Mx-ReqToken,Keep-Alive,User-Agent,X-Requested-With,If-Modified-Since,Cache-Control,Content-Type,Authorization
12:58:33.087 [TestNG-tests-1] DEBUG org.apache.http.headers - << Access-Control-Allow-Methods: GET,POST,PUT,DELETE,OPTIONS
12:58:33.087 [TestNG-tests-1] DEBUG org.apache.http.headers - << X-Proxy-Cache: MISS
http://apilist.tronscan.org/api/simple-transfer?asset_name=trx&end_timestamp=1548056638507&start_timestamp=1548000000000&from=TXYeahu7J6Hr7X33XFRaHgyznvun578jPm&sort=-timestamp&to=THzuXNFiDe4jBGiVRpRLxCf4u3WWxgrUZE 请求总耗时：773 毫秒
12:58:33.088 [TestNG-tests-1] INFO tron.tronscan.api.TransferList - code is 200
12:58:33.088 [TestNG-tests-1] DEBUG org.apache.http.wire -  << "{"total":16,"data":[{"amount":555000000000,"transferFromAddress":"TXYeahu7J6Hr7X33XFRaHgyznvun578jPm","tokenName":"trx","transferToAddress":"THzuXNFiDe4jBGiVRpRLxCf4u3WWxgrUZE","id":"_","confirmed":true,"transactionHash":"a6a032d758ebb2b35cf85b7cc80a581339094ef95e8af83125b6f7c1fe0ece32","timestamp":1548056535000},{"amount":3000000,"transferFromAddress":"TXYeahu7J6Hr7X33XFRaHgyznvun578jPm","tokenName":"trx","transferToAddress":"TMhGEskr2nh451aoLpzjqNuSKdP8TTY5HJ","id":"_","confirmed":true,"transactionHash":"5f0d1bdc8e8e7ef7e8db3dbb8014e74d041d1b8cff50e62d55b321898e5c3391","timestamp":1548056121000},{"amount":3000000,"transferFromAddress":"TXYeahu7J6Hr7X33XFRaHgyznvun578jPm","tokenName":"trx","transferToAddress":"TH1FBDJHxyYtqiMJ7T3pEVgLvvDzbXFNnT","id":"_","confirmed":true,"transactionHash":"5356725fd3a93e40a1b97d71db145406c1142e38c8d88a170e6e8867a4619448","timestamp":1548056097000},{"amount":3000000,"transferFromAddress":"TXYeahu7J6Hr7X33XFRaHgyznvun578jPm","tokenName":"trx","transferToAddress":"TEq24SrfeF4mdzSizCgtTWPa2NAvKB4KB9","id":"_","confirmed":true,"transactionHash":"31c6e3c9dca339798b642e19e6377202aef7eb87ce0b0fdf7c481e689b3b8c02","timestamp":1548056082000},{"amount":3000000,"transferFromAddress":"TXYeahu7J6Hr7X33XFRaHgyznvun578jPm","tokenName":"trx","transferToAddress":"TDHwJrWbbNeWd3MQazimYr8PZMGvpbb8JD","id":"_","confirmed":true,"transactionHash":"17629afed5e8eaff235c6dd4811dff135e84bb7cae8d8033b3914aad84270226","timestamp":1548056043000},{"amount":3000000,"transferFromAddress":"TXYeahu7J6Hr7X33XFRaHgyznvun578jPm","tokenName":"trx","transferToAddress":"THKyJTyYE3bM7VAXwTSaELaC2tidwebtc6","id":"_","confirmed":true,"transactionHash":"c382e05a27cddb4cc33ee3306b2f6b3542bdbca04bb6df32d55994e7bd1f4424","timestamp":1548055989000},{"amount":3000000,"transferFromAddress":"TXYeahu7J6Hr7X33XFRaHgyznvun578jPm","tokenName":"trx","transferToAddress":"TXwdh1s7Dn1VS49BqAfo3UGWRJAJHRBLy9","id":"_","confirmed":true,"transactionHash":"046659f003eb3609bfab26f70ee18cd04798bd48f1589d22170b98c9b9379737","timestamp":1548055971000},{"amount":3000000,"transferFromAddress":"TXYeahu7J6Hr7X33XFRaHgyznvun578jPm","tokenName":"trx","transferToAddress":"TVNsQaLu5aT8SZydBmS3wdesFrqKLMUhku","id":"_","confirmed":true,"transactionHash":"985f1a936ac45f321679dd32a06335f46e35a6c419377597527d55f1e3ec72af","timestamp":1548055959000},{"amount":3000000,"transferFromAddress":"TXYeahu7J6Hr7X33XFRaHgyznvun578jPm","tokenName":"trx","transferToAddress":"TMqkJBy5cLZJYapAxC8w6DhwfCPWiMtSVK","id":"_","confirmed":true,"transactionHash":"9ba39fd1c4039fe51ef17275048d8ef503484ba29fe34d2b8d05b68e1211fafa","timestamp":1548055917000},{"amount":3000000,"transferFromAddress":"TXYeahu7J6Hr7X33XFRaHgyznvun578jPm","tokenName":"trx","transferToAddress":"TCcnuqhSPk713Sjw277yftGaMyAJvT6Ke7","id":"_","confirmed":true,"transactionHash":"491a8c165b62480dbf1e3bc76ad14758669c9189c6a5e2aa55ba4f258c910f4e","timestamp":1548055902000}],"rangeTotal":16}[\n]"
12:58:33.088 [TestNG-tests-1] DEBUG org.apache.http.impl.conn.DefaultClientConnection - Connection 0.0.0.0:61261<->18.216.178.128:80 closed
12:58:33.088 [TestNG-tests-1] DEBUG org.apache.http.impl.conn.PoolingClientConnectionManager - Connection released: [id: 48][route: {}->http://apilist.tronscan.org:80][total kept alive: 0; route allocated: 0 of 80; total allocated: 0 of 100]
12:58:33.088 [TestNG-tests-1] INFO tron.common.TronscanApiList - ----------------------------Print JSON Start---------------------------
12:58:33.088 [TestNG-tests-1] INFO tron.common.TronscanApiList - total:16
12:58:33.088 [TestNG-tests-1] INFO tron.common.TronscanApiList - data:[{"amount":555000000000,"transferFromAddress":"TXYeahu7J6Hr7X33XFRaHgyznvun578jPm","tokenName":"trx","transferToAddress":"THzuXNFiDe4jBGiVRpRLxCf4u3WWxgrUZE","id":"_","confirmed":true,"transactionHash":"a6a032d758ebb2b35cf85b7cc80a581339094ef95e8af83125b6f7c1fe0ece32","timestamp":1548056535000},{"amount":3000000,"transferFromAddress":"TXYeahu7J6Hr7X33XFRaHgyznvun578jPm","tokenName":"trx","transferToAddress":"TMhGEskr2nh451aoLpzjqNuSKdP8TTY5HJ","id":"_","confirmed":true,"transactionHash":"5f0d1bdc8e8e7ef7e8db3dbb8014e74d041d1b8cff50e62d55b321898e5c3391","timestamp":1548056121000},{"amount":3000000,"transferFromAddress":"TXYeahu7J6Hr7X33XFRaHgyznvun578jPm","tokenName":"trx","transferToAddress":"TH1FBDJHxyYtqiMJ7T3pEVgLvvDzbXFNnT","id":"_","confirmed":true,"transactionHash":"5356725fd3a93e40a1b97d71db145406c1142e38c8d88a170e6e8867a4619448","timestamp":1548056097000},{"amount":3000000,"transferFromAddress":"TXYeahu7J6Hr7X33XFRaHgyznvun578jPm","tokenName":"trx","transferToAddress":"TEq24SrfeF4mdzSizCgtTWPa2NAvKB4KB9","id":"_","confirmed":true,"transactionHash":"31c6e3c9dca339798b642e19e6377202aef7eb87ce0b0fdf7c481e689b3b8c02","timestamp":1548056082000},{"amount":3000000,"transferFromAddress":"TXYeahu7J6Hr7X33XFRaHgyznvun578jPm","tokenName":"trx","transferToAddress":"TDHwJrWbbNeWd3MQazimYr8PZMGvpbb8JD","id":"_","confirmed":true,"transactionHash":"17629afed5e8eaff235c6dd4811dff135e84bb7cae8d8033b3914aad84270226","timestamp":1548056043000},{"amount":3000000,"transferFromAddress":"TXYeahu7J6Hr7X33XFRaHgyznvun578jPm","tokenName":"trx","transferToAddress":"THKyJTyYE3bM7VAXwTSaELaC2tidwebtc6","id":"_","confirmed":true,"transactionHash":"c382e05a27cddb4cc33ee3306b2f6b3542bdbca04bb6df32d55994e7bd1f4424","timestamp":1548055989000},{"amount":3000000,"transferFromAddress":"TXYeahu7J6Hr7X33XFRaHgyznvun578jPm","tokenName":"trx","transferToAddress":"TXwdh1s7Dn1VS49BqAfo3UGWRJAJHRBLy9","id":"_","confirmed":true,"transactionHash":"046659f003eb3609bfab26f70ee18cd04798bd48f1589d22170b98c9b9379737","timestamp":1548055971000},{"amount":3000000,"transferFromAddress":"TXYeahu7J6Hr7X33XFRaHgyznvun578jPm","tokenName":"trx","transferToAddress":"TVNsQaLu5aT8SZydBmS3wdesFrqKLMUhku","id":"_","confirmed":true,"transactionHash":"985f1a936ac45f321679dd32a06335f46e35a6c419377597527d55f1e3ec72af","timestamp":1548055959000},{"amount":3000000,"transferFromAddress":"TXYeahu7J6Hr7X33XFRaHgyznvun578jPm","tokenName":"trx","transferToAddress":"TMqkJBy5cLZJYapAxC8w6DhwfCPWiMtSVK","id":"_","confirmed":true,"transactionHash":"9ba39fd1c4039fe51ef17275048d8ef503484ba29fe34d2b8d05b68e1211fafa","timestamp":1548055917000},{"amount":3000000,"transferFromAddress":"TXYeahu7J6Hr7X33XFRaHgyznvun578jPm","tokenName":"trx","transferToAddress":"TCcnuqhSPk713Sjw277yftGaMyAJvT6Ke7","id":"_","confirmed":true,"transactionHash":"491a8c165b62480dbf1e3bc76ad14758669c9189c6a5e2aa55ba4f258c910f4e","timestamp":1548055902000}]
12:58:33.088 [TestNG-tests-1] INFO tron.common.TronscanApiList - rangeTotal:16
12:58:33.088 [TestNG-tests-1] INFO tron.common.TronscanApiList - JSON content size are: 3
12:58:33.088 [TestNG-tests-1] INFO tron.common.TronscanApiList - ----------------------------Print JSON End-----------------------------
12:58:33.088 [TestNG-tests-1] DEBUG org.apache.http.impl.conn.PoolingClientConnectionManager - Connection request: [route: {}->http://apilist.tronscan.org:80][total kept alive: 0; route allocated: 0 of 80; total allocated: 0 of 100]
12:58:33.089 [TestNG-tests-1] DEBUG org.apache.http.impl.conn.PoolingClientConnectionManager - Connection leased: [id: 49][route: {}->http://apilist.tronscan.org:80][total kept alive: 0; route allocated: 1 of 80; total allocated: 1 of 100]
12:58:33.089 [TestNG-tests-1] DEBUG org.apache.http.impl.conn.DefaultClientConnectionOperator - Connecting to apilist.tronscan.org:80
12:58:33.323 [TestNG-tests-1] DEBUG org.apache.http.client.protocol.RequestAddCookies - CookieSpec selected: default
12:58:33.323 [TestNG-tests-1] DEBUG org.apache.http.client.protocol.RequestAuthCache - Auth cache not set in the context
12:58:33.323 [TestNG-tests-1] DEBUG org.apache.http.client.protocol.RequestTargetAuthentication - Target auth state: UNCHALLENGED
12:58:33.323 [TestNG-tests-1] DEBUG org.apache.http.client.protocol.RequestProxyAuthentication - Proxy auth state: UNCHALLENGED
12:58:33.323 [TestNG-tests-1] DEBUG org.apache.http.impl.client.DefaultHttpClient - Attempt 1 to execute request
12:58:33.323 [TestNG-tests-1] DEBUG org.apache.http.impl.conn.DefaultClientConnection - Sending request: GET /api/transfer?address=TMuA6YqfCeX8EhbfYEg5y7S4DqzSJireY9&count=true&limit=20&start=0&sort=-timestamp&token=_ HTTP/1.1
12:58:33.323 [TestNG-tests-1] DEBUG org.apache.http.wire -  >> "GET /api/transfer?address=TMuA6YqfCeX8EhbfYEg5y7S4DqzSJireY9&count=true&limit=20&start=0&sort=-timestamp&token=_ HTTP/1.1[\r][\n]"
12:58:33.323 [TestNG-tests-1] DEBUG org.apache.http.wire -  >> "Content-type: application/json; charset=utf-8[\r][\n]"
12:58:33.323 [TestNG-tests-1] DEBUG org.apache.http.wire -  >> "Connection: Close[\r][\n]"
12:58:33.323 [TestNG-tests-1] DEBUG org.apache.http.wire -  >> "Host: apilist.tronscan.org[\r][\n]"
12:58:33.323 [TestNG-tests-1] DEBUG org.apache.http.wire -  >> "User-Agent: Apache-HttpClient/4.5.3 (Java/1.8.0_211)[\r][\n]"
12:58:33.323 [TestNG-tests-1] DEBUG org.apache.http.wire -  >> "[\r][\n]"
12:58:33.323 [TestNG-tests-1] DEBUG org.apache.http.headers - >> GET /api/transfer?address=TMuA6YqfCeX8EhbfYEg5y7S4DqzSJireY9&count=true&limit=20&start=0&sort=-timestamp&token=_ HTTP/1.1
12:58:33.323 [TestNG-tests-1] DEBUG org.apache.http.headers - >> Content-type: application/json; charset=utf-8
12:58:33.323 [TestNG-tests-1] DEBUG org.apache.http.headers - >> Connection: Close
12:58:33.323 [TestNG-tests-1] DEBUG org.apache.http.headers - >> Host: apilist.tronscan.org
12:58:33.323 [TestNG-tests-1] DEBUG org.apache.http.headers - >> User-Agent: Apache-HttpClient/4.5.3 (Java/1.8.0_211)
12:58:34.075 [TestNG-tests-1] DEBUG org.apache.http.wire -  << "HTTP/1.1 200 OK[\r][\n]"
12:58:34.075 [TestNG-tests-1] DEBUG org.apache.http.wire -  << "Server: nginx[\r][\n]"
12:58:34.075 [TestNG-tests-1] DEBUG org.apache.http.wire -  << "Date: Fri, 27 Mar 2020 04:58:34 GMT[\r][\n]"
12:58:34.075 [TestNG-tests-1] DEBUG org.apache.http.wire -  << "Content-Type: application/json;charset=utf-8[\r][\n]"
12:58:34.075 [TestNG-tests-1] DEBUG org.apache.http.wire -  << "Content-Length: 7132[\r][\n]"
12:58:34.075 [TestNG-tests-1] DEBUG org.apache.http.wire -  << "Connection: close[\r][\n]"
12:58:34.075 [TestNG-tests-1] DEBUG org.apache.http.wire -  << "Vary: Accept-Encoding[\r][\n]"
12:58:34.075 [TestNG-tests-1] DEBUG org.apache.http.wire -  << "Access-Control-Allow-Origin: *[\r][\n]"
12:58:34.075 [TestNG-tests-1] DEBUG org.apache.http.wire -  << "Access-Control-Allow-Headers: DNT,X-Mx-ReqToken,Keep-Alive,User-Agent,X-Requested-With,If-Modified-Since,Cache-Control,Content-Type,Authorization[\r][\n]"
12:58:34.075 [TestNG-tests-1] DEBUG org.apache.http.wire -  << "Access-Control-Allow-Methods: GET,POST,PUT,DELETE,OPTIONS[\r][\n]"
12:58:34.075 [TestNG-tests-1] DEBUG org.apache.http.wire -  << "X-Proxy-Cache: MISS[\r][\n]"
12:58:34.075 [TestNG-tests-1] DEBUG org.apache.http.wire -  << "[\r][\n]"
12:58:34.075 [TestNG-tests-1] DEBUG org.apache.http.impl.conn.DefaultClientConnection - Receiving response: HTTP/1.1 200 OK
12:58:34.075 [TestNG-tests-1] DEBUG org.apache.http.headers - << HTTP/1.1 200 OK
12:58:34.075 [TestNG-tests-1] DEBUG org.apache.http.headers - << Server: nginx
12:58:34.075 [TestNG-tests-1] DEBUG org.apache.http.headers - << Date: Fri, 27 Mar 2020 04:58:34 GMT
12:58:34.075 [TestNG-tests-1] DEBUG org.apache.http.headers - << Content-Type: application/json;charset=utf-8
12:58:34.075 [TestNG-tests-1] DEBUG org.apache.http.headers - << Content-Length: 7132
12:58:34.075 [TestNG-tests-1] DEBUG org.apache.http.headers - << Connection: close
12:58:34.075 [TestNG-tests-1] DEBUG org.apache.http.headers - << Vary: Accept-Encoding
12:58:34.075 [TestNG-tests-1] DEBUG org.apache.http.headers - << Access-Control-Allow-Origin: *
12:58:34.075 [TestNG-tests-1] DEBUG org.apache.http.headers - << Access-Control-Allow-Headers: DNT,X-Mx-ReqToken,Keep-Alive,User-Agent,X-Requested-With,If-Modified-Since,Cache-Control,Content-Type,Authorization
12:58:34.075 [TestNG-tests-1] DEBUG org.apache.http.headers - << Access-Control-Allow-Methods: GET,POST,PUT,DELETE,OPTIONS
12:58:34.075 [TestNG-tests-1] DEBUG org.apache.http.headers - << X-Proxy-Cache: MISS
http://apilist.tronscan.org/api/transfer?address=TMuA6YqfCeX8EhbfYEg5y7S4DqzSJireY9&count=true&limit=20&start=0&sort=-timestamp&token=_ 请求总耗时：987 毫秒
12:58:34.075 [TestNG-tests-1] INFO tron.tronscan.api.TransferList - code is 200
12:58:34.075 [TestNG-tests-1] DEBUG org.apache.http.wire -  << "{"total":170,"data":[{"amount":1036299098189,"transferToTag":"Binance-Cold 1","transferFromAddress":"TLyqzVGLV1srkB7dToTAEqgDSfPtXRJZYH","data":"","tokenName":"_","transferToAddress":"TMuA6YqfCeX8EhbfYEg5y7S4DqzSJireY9","block":18310914,"id":"","confirmed":true,"transactionHash":"41c9411cd6448b2d7f20e39d05cf9f1d3b6eb3b4cf9c3573bb19ad79055b1af6","timestamp":1585195203000},{"amount":1037148728370,"transferToTag":"Binance-Cold 1","transferFromAddress":"TLyqzVGLV1srkB7dToTAEqgDSfPtXRJZYH","data":"","tokenName":"_","transferToAddress":"TMuA6YqfCeX8EhbfYEg5y7S4DqzSJireY9","block":18253356,"id":"","confirmed":true,"transactionHash":"a20acdcf3dfd53f9a3a9dacb69114fde6acec6b01346fa9521202b14e01e13db","timestamp":1585022403000},{"amount":1036355873600,"transferToTag":"Binance-Cold 1","transferFromAddress":"TLyqzVGLV1srkB7dToTAEqgDSfPtXRJZYH","data":"","tokenName":"_","transferToAddress":"TMuA6YqfCeX8EhbfYEg5y7S4DqzSJireY9","block":18195782,"id":"","confirmed":true,"transactionHash":"830db9cd52f9f6b1e4f3af4425f733071f0f1176741c9e9eea939f9b7e90cfe1","timestamp":1584849603000},{"amount":1035741367046,"transferToTag":"Binance-Cold 1","transferFromAddress":"TLyqzVGLV1srkB7dToTAEqgDSfPtXRJZYH","data":"","tokenName":"_","transferToAddress":"TMuA6YqfCeX8EhbfYEg5y7S4DqzSJireY9","block":18138224,"id":"","confirmed":true,"transactionHash":"9cc7dfd8c2d0cd6bbc79c32a1c4b70f711ec8dfe1900418fae2b428451920b77","timestamp":1584676803000},{"amount":482231678106,"transferToTag":"Binance-Cold 1","transferFromAddress":"TLyqzVGLV1srkB7dToTAEqgDSfPtXRJZYH","data":"","tokenName":"_","transferToAddress":"TMuA6YqfCeX8EhbfYEg5y7S4DqzSJireY9","block":18080671,"id":"","confirmed":true,"transactionHash":"f6a5703d07da6f3e7e8dde7409da9c2192206a63e10ecfe94852bfa5fe1f0028","timestamp":1584504003000},{"amount":52499285175,"transferToTag":"Binance-Cold 1","transferFromAddress":"TLyqzVGLV1srkB7dToTAEqgDSfPtXRJZYH","data":"","tokenName":"_","transferToAddress":"TMuA6YqfCeX8EhbfYEg5y7S4DqzSJireY9","block":18023115,"id":"","confirmed":true,"transactionHash":"896d0423eac7fda825191592ede816fa91ee9dcad7cfa3773a9d14c000519f95","timestamp":1584331203000},{"amount":708473588303,"transferToTag":"Binance-Cold 1","transferFromAddress":"TLyqzVGLV1srkB7dToTAEqgDSfPtXRJZYH","data":"","tokenName":"_","transferToAddress":"TMuA6YqfCeX8EhbfYEg5y7S4DqzSJireY9","block":17965568,"id":"","confirmed":true,"transactionHash":"1736cc3ea2e0de02815efcc64f62f928b39c25f63dcab8769e9f1f4a09e6ae59","timestamp":1584158403000},{"amount":500566210135508,"transferToTag":"Binance-Cold 2","transferFromAddress":"TMuA6YqfCeX8EhbfYEg5y7S4DqzSJireY9","data":"","tokenName":"_","transferToAddress":"TWd4WrZ9wn84f5x1hZhL4DHvk738ns5jwb","block":17941713,"id":"","confirmed":true,"transactionHash":"169ea61572e797b5c66c229a66c2ec813c9fefb08d042afcea590d58625f195b","transferFromTag":"Binance-Cold 1","timestamp":1584086796000},{"amount":1007055429657,"transferToTag":"Binance-Cold 1","transferFromAddress":"TLyqzVGLV1srkB7dToTAEqgDSfPtXRJZYH","data":"","tokenName":"_","transferToAddress":"TMuA6YqfCeX8EhbfYEg5y7S4DqzSJireY9","block":17908001,"id":"","confirmed":true,"transactionHash":"36b4fc1868d560c40a4f43e2bb788be17221e29b664fa85395ea8d74ca9a608e","timestamp":1583985603000},{"amount":1007487278999,"transferToTag":"Binance-Cold 1","transferFromAddress":"TLyqzVGLV1srkB7dToTAEqgDSfPtXRJZYH","data":"","tokenName":"_","transferToAddress":"TMuA6YqfCeX8EhbfYEg5y7S4DqzSJireY9","block":17850429,"id":"","confirmed":true,"transactionHash":"9122489bcb20dcd5222e68573f92333d467ee9fbb43c1cf177c9eaffd4154793","timestamp":1583812803000},{"amount":1007246997884,"transferToTag":"Binance-Cold 1","transferFromAddress":"TLyqzVGLV1srkB7dToTAEqgDSfPtXRJZYH","data":"","tokenName":"_","transferToAddress":"TMuA6YqfCeX8EhbfYEg5y7S4DqzSJireY9","block":17792861,"id":"","confirmed":true,"transactionHash":"0ec22d06c3664bfd2f0507a2033788f1d666c4aaf281ccf0abf615f6505b997f","timestamp":1583640003000},{"amount":1007351424600,"transferToTag":"Binance-Cold 1","transferFromAddress":"TLyqzVGLV1srkB7dToTAEqgDSfPtXRJZYH","data":"","tokenName":"_","transferToAddress":"TMuA6YqfCeX8EhbfYEg5y7S4DqzSJireY9","block":17735286,"id":"","confirmed":true,"transactionHash":"32b6dcf483543cd2fa6d6f22a8e5c6594cc685582387bb5a65210bf160d220b9","timestamp":1583467203000},{"amount":1007289803901,"transferToTag":"Binance-Cold 1","transferFromAddress":"TLyqzVGLV1srkB7dToTAEqgDSfPtXRJZYH","data":"","tokenName":"_","transferToAddress":"TMuA6YqfCeX8EhbfYEg5y7S4DqzSJireY9","block":17677708,"id":"","confirmed":true,"transactionHash":"309a66039be434ce107cd46d29e813e4595b7fb5bb37b6ccd510c7d8ff9ee791","timestamp":1583294403000},{"amount":1511359326542,"transferToTag":"Binance-Cold 1","transferFromAddress":"TLyqzVGLV1srkB7dToTAEqgDSfPtXRJZYH","data":"","tokenName":"_","transferToAddress":"TMuA6YqfCeX8EhbfYEg5y7S4DqzSJireY9","block":17620131,"id":"","confirmed":true,"transactionHash":"968f3fb464fc1dafa304a3d570426e81e1776c83107c496d5b1caea58b0f6bc8","timestamp":1583121603000},{"amount":1008430166928,"transferToTag":"Binance-Cold 1","transferFromAddress":"TLyqzVGLV1srkB7dToTAEqgDSfPtXRJZYH","data":"","tokenName":"_","transferToAddress":"TMuA6YqfCeX8EhbfYEg5y7S4DqzSJireY9","block":17533787,"id":"","confirmed":true,"transactionHash":"85a6bb79fbe5b578a1c9eb0fb0be07ab1743f3daa0b098daf367483096507980","timestamp":1582862412000},{"amount":998300093353,"transferToTag":"Binance-Cold 1","transferFromAddress":"TLyqzVGLV1srkB7dToTAEqgDSfPtXRJZYH","data":"","tokenName":"_","transferToAddress":"TMuA6YqfCeX8EhbfYEg5y7S4DqzSJireY9","block":17476240,"id":"","confirmed":true,"transactionHash":"fdd4a201625f48caafeb705d007bd8153e22e91ea491e1bf8a072dcbc34f187b","timestamp":1582689603000},{"amount":1008457018483,"transferToTag":"Binance-Cold 1","transferFromAddress":"TLyqzVGLV1srkB7dToTAEqgDSfPtXRJZYH","data":"","tokenName":"_","transferToAddress":"TMuA6YqfCeX8EhbfYEg5y7S4DqzSJireY9","block":17419257,"id":"","confirmed":true,"transactionHash":"29b8185e5b33570329c9636e5f1510a586f3b7f89513ccf5814fd91291fcee44","timestamp":1582516803000},{"amount":1012501361878,"transferToTag":"Binance-Cold 1","transferFromAddress":"TLyqzVGLV1srkB7dToTAEqgDSfPtXRJZYH","data":"","tokenName":"_","transferToAddress":"TMuA6YqfCeX8EhbfYEg5y7S4DqzSJireY9","block":17361682,"id":"","confirmed":true,"transactionHash":"ddac43eb09bd178fb3d1e6f5e3f6586c6bbf9cf76d8eefbc01af718137811bac","timestamp":1582344003000},{"amount":1028166738153,"transferToTag":"Binance-Cold 1","transferFromAddress":"TLyqzVGLV1srkB7dToTAEqgDSfPtXRJZYH","data":"","tokenName":"_","transferToAddress":"TMuA6YqfCeX8EhbfYEg5y7S4DqzSJireY9","block":17304102,"id":"","confirmed":true,"transactionHash":"8ef52062dc54ba7c3696fd12f2bfb463179fe8d43763d8a3b4669add14111f01","timestamp":1582171203000},{"amount":1047596207774,"transferToTag":"Binance-Cold 1","transferFromAddress":"TLyqzVGLV1srkB7dToTAEqgDSfPtXRJZYH","data":"","tokenName":"_","transferToAddress":"TMuA6YqfCeX8EhbfYEg5y7S4DqzSJireY9","block":17246524,"id":"","confirmed":true,"transactionHash":"d45c00dc09835d977a00d2e6daaddcddb02f738f48fa759768968bfaed21666d","timestamp":1581998403000}],"rangeTotal":170}[\n]"
12:58:34.075 [TestNG-tests-1] DEBUG org.apache.http.impl.conn.DefaultClientConnection - Connection 0.0.0.0:61266<->18.216.178.128:80 closed
12:58:34.075 [TestNG-tests-1] DEBUG org.apache.http.impl.conn.PoolingClientConnectionManager - Connection released: [id: 49][route: {}->http://apilist.tronscan.org:80][total kept alive: 0; route allocated: 0 of 80; total allocated: 0 of 100]
12:58:34.075 [TestNG-tests-1] INFO tron.common.TronscanApiList - ----------------------------Print JSON Start---------------------------
12:58:34.075 [TestNG-tests-1] INFO tron.common.TronscanApiList - total:170
12:58:34.075 [TestNG-tests-1] INFO tron.common.TronscanApiList - data:[{"amount":1036299098189,"transferToTag":"Binance-Cold 1","transferFromAddress":"TLyqzVGLV1srkB7dToTAEqgDSfPtXRJZYH","data":"","tokenName":"_","transferToAddress":"TMuA6YqfCeX8EhbfYEg5y7S4DqzSJireY9","block":18310914,"id":"","confirmed":true,"transactionHash":"41c9411cd6448b2d7f20e39d05cf9f1d3b6eb3b4cf9c3573bb19ad79055b1af6","timestamp":1585195203000},{"amount":1037148728370,"transferToTag":"Binance-Cold 1","transferFromAddress":"TLyqzVGLV1srkB7dToTAEqgDSfPtXRJZYH","data":"","tokenName":"_","transferToAddress":"TMuA6YqfCeX8EhbfYEg5y7S4DqzSJireY9","block":18253356,"id":"","confirmed":true,"transactionHash":"a20acdcf3dfd53f9a3a9dacb69114fde6acec6b01346fa9521202b14e01e13db","timestamp":1585022403000},{"amount":1036355873600,"transferToTag":"Binance-Cold 1","transferFromAddress":"TLyqzVGLV1srkB7dToTAEqgDSfPtXRJZYH","data":"","tokenName":"_","transferToAddress":"TMuA6YqfCeX8EhbfYEg5y7S4DqzSJireY9","block":18195782,"id":"","confirmed":true,"transactionHash":"830db9cd52f9f6b1e4f3af4425f733071f0f1176741c9e9eea939f9b7e90cfe1","timestamp":1584849603000},{"amount":1035741367046,"transferToTag":"Binance-Cold 1","transferFromAddress":"TLyqzVGLV1srkB7dToTAEqgDSfPtXRJZYH","data":"","tokenName":"_","transferToAddress":"TMuA6YqfCeX8EhbfYEg5y7S4DqzSJireY9","block":18138224,"id":"","confirmed":true,"transactionHash":"9cc7dfd8c2d0cd6bbc79c32a1c4b70f711ec8dfe1900418fae2b428451920b77","timestamp":1584676803000},{"amount":482231678106,"transferToTag":"Binance-Cold 1","transferFromAddress":"TLyqzVGLV1srkB7dToTAEqgDSfPtXRJZYH","data":"","tokenName":"_","transferToAddress":"TMuA6YqfCeX8EhbfYEg5y7S4DqzSJireY9","block":18080671,"id":"","confirmed":true,"transactionHash":"f6a5703d07da6f3e7e8dde7409da9c2192206a63e10ecfe94852bfa5fe1f0028","timestamp":1584504003000},{"amount":52499285175,"transferToTag":"Binance-Cold 1","transferFromAddress":"TLyqzVGLV1srkB7dToTAEqgDSfPtXRJZYH","data":"","tokenName":"_","transferToAddress":"TMuA6YqfCeX8EhbfYEg5y7S4DqzSJireY9","block":18023115,"id":"","confirmed":true,"transactionHash":"896d0423eac7fda825191592ede816fa91ee9dcad7cfa3773a9d14c000519f95","timestamp":1584331203000},{"amount":708473588303,"transferToTag":"Binance-Cold 1","transferFromAddress":"TLyqzVGLV1srkB7dToTAEqgDSfPtXRJZYH","data":"","tokenName":"_","transferToAddress":"TMuA6YqfCeX8EhbfYEg5y7S4DqzSJireY9","block":17965568,"id":"","confirmed":true,"transactionHash":"1736cc3ea2e0de02815efcc64f62f928b39c25f63dcab8769e9f1f4a09e6ae59","timestamp":1584158403000},{"amount":500566210135508,"transferToTag":"Binance-Cold 2","transferFromAddress":"TMuA6YqfCeX8EhbfYEg5y7S4DqzSJireY9","data":"","tokenName":"_","transferToAddress":"TWd4WrZ9wn84f5x1hZhL4DHvk738ns5jwb","block":17941713,"id":"","confirmed":true,"transactionHash":"169ea61572e797b5c66c229a66c2ec813c9fefb08d042afcea590d58625f195b","transferFromTag":"Binance-Cold 1","timestamp":1584086796000},{"amount":1007055429657,"transferToTag":"Binance-Cold 1","transferFromAddress":"TLyqzVGLV1srkB7dToTAEqgDSfPtXRJZYH","data":"","tokenName":"_","transferToAddress":"TMuA6YqfCeX8EhbfYEg5y7S4DqzSJireY9","block":17908001,"id":"","confirmed":true,"transactionHash":"36b4fc1868d560c40a4f43e2bb788be17221e29b664fa85395ea8d74ca9a608e","timestamp":1583985603000},{"amount":1007487278999,"transferToTag":"Binance-Cold 1","transferFromAddress":"TLyqzVGLV1srkB7dToTAEqgDSfPtXRJZYH","data":"","tokenName":"_","transferToAddress":"TMuA6YqfCeX8EhbfYEg5y7S4DqzSJireY9","block":17850429,"id":"","confirmed":true,"transactionHash":"9122489bcb20dcd5222e68573f92333d467ee9fbb43c1cf177c9eaffd4154793","timestamp":1583812803000},{"amount":1007246997884,"transferToTag":"Binance-Cold 1","transferFromAddress":"TLyqzVGLV1srkB7dToTAEqgDSfPtXRJZYH","data":"","tokenName":"_","transferToAddress":"TMuA6YqfCeX8EhbfYEg5y7S4DqzSJireY9","block":17792861,"id":"","confirmed":true,"transactionHash":"0ec22d06c3664bfd2f0507a2033788f1d666c4aaf281ccf0abf615f6505b997f","timestamp":1583640003000},{"amount":1007351424600,"transferToTag":"Binance-Cold 1","transferFromAddress":"TLyqzVGLV1srkB7dToTAEqgDSfPtXRJZYH","data":"","tokenName":"_","transferToAddress":"TMuA6YqfCeX8EhbfYEg5y7S4DqzSJireY9","block":17735286,"id":"","confirmed":true,"transactionHash":"32b6dcf483543cd2fa6d6f22a8e5c6594cc685582387bb5a65210bf160d220b9","timestamp":1583467203000},{"amount":1007289803901,"transferToTag":"Binance-Cold 1","transferFromAddress":"TLyqzVGLV1srkB7dToTAEqgDSfPtXRJZYH","data":"","tokenName":"_","transferToAddress":"TMuA6YqfCeX8EhbfYEg5y7S4DqzSJireY9","block":17677708,"id":"","confirmed":true,"transactionHash":"309a66039be434ce107cd46d29e813e4595b7fb5bb37b6ccd510c7d8ff9ee791","timestamp":1583294403000},{"amount":1511359326542,"transferToTag":"Binance-Cold 1","transferFromAddress":"TLyqzVGLV1srkB7dToTAEqgDSfPtXRJZYH","data":"","tokenName":"_","transferToAddress":"TMuA6YqfCeX8EhbfYEg5y7S4DqzSJireY9","block":17620131,"id":"","confirmed":true,"transactionHash":"968f3fb464fc1dafa304a3d570426e81e1776c83107c496d5b1caea58b0f6bc8","timestamp":1583121603000},{"amount":1008430166928,"transferToTag":"Binance-Cold 1","transferFromAddress":"TLyqzVGLV1srkB7dToTAEqgDSfPtXRJZYH","data":"","tokenName":"_","transferToAddress":"TMuA6YqfCeX8EhbfYEg5y7S4DqzSJireY9","block":17533787,"id":"","confirmed":true,"transactionHash":"85a6bb79fbe5b578a1c9eb0fb0be07ab1743f3daa0b098daf367483096507980","timestamp":1582862412000},{"amount":998300093353,"transferToTag":"Binance-Cold 1","transferFromAddress":"TLyqzVGLV1srkB7dToTAEqgDSfPtXRJZYH","data":"","tokenName":"_","transferToAddress":"TMuA6YqfCeX8EhbfYEg5y7S4DqzSJireY9","block":17476240,"id":"","confirmed":true,"transactionHash":"fdd4a201625f48caafeb705d007bd8153e22e91ea491e1bf8a072dcbc34f187b","timestamp":1582689603000},{"amount":1008457018483,"transferToTag":"Binance-Cold 1","transferFromAddress":"TLyqzVGLV1srkB7dToTAEqgDSfPtXRJZYH","data":"","tokenName":"_","transferToAddress":"TMuA6YqfCeX8EhbfYEg5y7S4DqzSJireY9","block":17419257,"id":"","confirmed":true,"transactionHash":"29b8185e5b33570329c9636e5f1510a586f3b7f89513ccf5814fd91291fcee44","timestamp":1582516803000},{"amount":1012501361878,"transferToTag":"Binance-Cold 1","transferFromAddress":"TLyqzVGLV1srkB7dToTAEqgDSfPtXRJZYH","data":"","tokenName":"_","transferToAddress":"TMuA6YqfCeX8EhbfYEg5y7S4DqzSJireY9","block":17361682,"id":"","confirmed":true,"transactionHash":"ddac43eb09bd178fb3d1e6f5e3f6586c6bbf9cf76d8eefbc01af718137811bac","timestamp":1582344003000},{"amount":1028166738153,"transferToTag":"Binance-Cold 1","transferFromAddress":"TLyqzVGLV1srkB7dToTAEqgDSfPtXRJZYH","data":"","tokenName":"_","transferToAddress":"TMuA6YqfCeX8EhbfYEg5y7S4DqzSJireY9","block":17304102,"id":"","confirmed":true,"transactionHash":"8ef52062dc54ba7c3696fd12f2bfb463179fe8d43763d8a3b4669add14111f01","timestamp":1582171203000},{"amount":1047596207774,"transferToTag":"Binance-Cold 1","transferFromAddress":"TLyqzVGLV1srkB7dToTAEqgDSfPtXRJZYH","data":"","tokenName":"_","transferToAddress":"TMuA6YqfCeX8EhbfYEg5y7S4DqzSJireY9","block":17246524,"id":"","confirmed":true,"transactionHash":"d45c00dc09835d977a00d2e6daaddcddb02f738f48fa759768968bfaed21666d","timestamp":1581998403000}]
12:58:34.075 [TestNG-tests-1] INFO tron.common.TronscanApiList - rangeTotal:170
12:58:34.075 [TestNG-tests-1] INFO tron.common.TronscanApiList - JSON content size are: 3
12:58:34.075 [TestNG-tests-1] INFO tron.common.TronscanApiList - ----------------------------Print JSON End-----------------------------
]]></system-out>
  <system-err><![CDATA[]]></system-err>
</testsuite>
