<?xml version="1.0" encoding="UTF-8"?>
<testsuite name="tron.tronscan.api.ExchangeListAll" tests="1" skipped="0" failures="0" errors="0" timestamp="2020-03-27T04:57:53" hostname="zhukaideiMac.local" time="1.551">
  <properties/>
  <testcase name="getExchangeListAll" classname="tron.tronscan.api.ExchangeListAll" time="1.551"/>
  <system-out><![CDATA[http://apilist.tronscan.org/api/exchanges/listall
12:57:53.184 [TestNG-tests-1] DEBUG org.apache.http.impl.conn.PoolingClientConnectionManager - Connection request: [route: {}->http://apilist.tronscan.org:80][total kept alive: 0; route allocated: 0 of 80; total allocated: 0 of 100]
12:57:53.184 [TestNG-tests-1] DEBUG org.apache.http.impl.conn.PoolingClientConnectionManager - Connection leased: [id: 35][route: {}->http://apilist.tronscan.org:80][total kept alive: 0; route allocated: 1 of 80; total allocated: 1 of 100]
12:57:53.184 [TestNG-tests-1] DEBUG org.apache.http.impl.conn.DefaultClientConnectionOperator - Connecting to apilist.tronscan.org:80
12:57:53.425 [TestNG-tests-1] DEBUG org.apache.http.client.protocol.RequestAddCookies - CookieSpec selected: default
12:57:53.425 [TestNG-tests-1] DEBUG org.apache.http.client.protocol.RequestAuthCache - Auth cache not set in the context
12:57:53.425 [TestNG-tests-1] DEBUG org.apache.http.client.protocol.RequestTargetAuthentication - Target auth state: UNCHALLENGED
12:57:53.425 [TestNG-tests-1] DEBUG org.apache.http.client.protocol.RequestProxyAuthentication - Proxy auth state: UNCHALLENGED
12:57:53.425 [TestNG-tests-1] DEBUG org.apache.http.impl.client.DefaultHttpClient - Attempt 1 to execute request
12:57:53.425 [TestNG-tests-1] DEBUG org.apache.http.impl.conn.DefaultClientConnection - Sending request: GET /api/exchanges/listall HTTP/1.1
12:57:53.425 [TestNG-tests-1] DEBUG org.apache.http.wire -  >> "GET /api/exchanges/listall HTTP/1.1[\r][\n]"
12:57:53.425 [TestNG-tests-1] DEBUG org.apache.http.wire -  >> "Content-type: application/json; charset=utf-8[\r][\n]"
12:57:53.425 [TestNG-tests-1] DEBUG org.apache.http.wire -  >> "Connection: Close[\r][\n]"
12:57:53.425 [TestNG-tests-1] DEBUG org.apache.http.wire -  >> "Host: apilist.tronscan.org[\r][\n]"
12:57:53.425 [TestNG-tests-1] DEBUG org.apache.http.wire -  >> "User-Agent: Apache-HttpClient/4.5.3 (Java/1.8.0_211)[\r][\n]"
12:57:53.425 [TestNG-tests-1] DEBUG org.apache.http.wire -  >> "[\r][\n]"
12:57:53.425 [TestNG-tests-1] DEBUG org.apache.http.headers - >> GET /api/exchanges/listall HTTP/1.1
12:57:53.425 [TestNG-tests-1] DEBUG org.apache.http.headers - >> Content-type: application/json; charset=utf-8
12:57:53.425 [TestNG-tests-1] DEBUG org.apache.http.headers - >> Connection: Close
12:57:53.425 [TestNG-tests-1] DEBUG org.apache.http.headers - >> Host: apilist.tronscan.org
12:57:53.425 [TestNG-tests-1] DEBUG org.apache.http.headers - >> User-Agent: Apache-HttpClient/4.5.3 (Java/1.8.0_211)
12:57:53.668 [TestNG-tests-1] DEBUG org.apache.http.wire -  << "HTTP/1.1 200 OK[\r][\n]"
12:57:53.668 [TestNG-tests-1] DEBUG org.apache.http.wire -  << "Server: nginx[\r][\n]"
12:57:53.668 [TestNG-tests-1] DEBUG org.apache.http.wire -  << "Date: Fri, 27 Mar 2020 04:57:54 GMT[\r][\n]"
12:57:53.668 [TestNG-tests-1] DEBUG org.apache.http.wire -  << "Content-Type: application/json;charset=utf-8[\r][\n]"
12:57:53.668 [TestNG-tests-1] DEBUG org.apache.http.wire -  << "Transfer-Encoding: chunked[\r][\n]"
12:57:53.668 [TestNG-tests-1] DEBUG org.apache.http.wire -  << "Connection: close[\r][\n]"
12:57:53.668 [TestNG-tests-1] DEBUG org.apache.http.wire -  << "Vary: Accept-Encoding[\r][\n]"
12:57:53.668 [TestNG-tests-1] DEBUG org.apache.http.wire -  << "Access-Control-Allow-Origin: *[\r][\n]"
12:57:53.668 [TestNG-tests-1] DEBUG org.apache.http.wire -  << "Access-Control-Allow-Headers: DNT,X-Mx-ReqToken,Keep-Alive,User-Agent,X-Requested-With,If-Modified-Since,Cache-Control,Content-Type,Authorization[\r][\n]"
12:57:53.668 [TestNG-tests-1] DEBUG org.apache.http.wire -  << "Access-Control-Allow-Methods: GET,POST,PUT,DELETE,OPTIONS[\r][\n]"
12:57:53.668 [TestNG-tests-1] DEBUG org.apache.http.wire -  << "X-Proxy-Cache: HIT[\r][\n]"
12:57:53.668 [TestNG-tests-1] DEBUG org.apache.http.wire -  << "[\r][\n]"
12:57:53.668 [TestNG-tests-1] DEBUG org.apache.http.impl.conn.DefaultClientConnection - Receiving response: HTTP/1.1 200 OK
12:57:53.668 [TestNG-tests-1] DEBUG org.apache.http.headers - << HTTP/1.1 200 OK
12:57:53.668 [TestNG-tests-1] DEBUG org.apache.http.headers - << Server: nginx
12:57:53.668 [TestNG-tests-1] DEBUG org.apache.http.headers - << Date: Fri, 27 Mar 2020 04:57:54 GMT
12:57:53.668 [TestNG-tests-1] DEBUG org.apache.http.headers - << Content-Type: application/json;charset=utf-8
12:57:53.668 [TestNG-tests-1] DEBUG org.apache.http.headers - << Transfer-Encoding: chunked
12:57:53.668 [TestNG-tests-1] DEBUG org.apache.http.headers - << Connection: close
12:57:53.668 [TestNG-tests-1] DEBUG org.apache.http.headers - << Vary: Accept-Encoding
12:57:53.668 [TestNG-tests-1] DEBUG org.apache.http.headers - << Access-Control-Allow-Origin: *
12:57:53.668 [TestNG-tests-1] DEBUG org.apache.http.headers - << Access-Control-Allow-Headers: DNT,X-Mx-ReqToken,Keep-Alive,User-Agent,X-Requested-With,If-Modified-Since,Cache-Control,Content-Type,Authorization
12:57:53.668 [TestNG-tests-1] DEBUG org.apache.http.headers - << Access-Control-Allow-Methods: GET,POST,PUT,DELETE,OPTIONS
12:57:53.668 [TestNG-tests-1] DEBUG org.apache.http.headers - << X-Proxy-Cache: HIT
http://apilist.tronscan.org/api/exchanges/listall 请求总耗时：484 毫秒
12:57:53.669 [TestNG-tests-1] INFO tron.tronscan.api.ExchangeListAll - code is 200
12:57:53.669 [TestNG-tests-1] DEBUG org.apache.http.wire -  << "1042a[\r][\n]"
12:57:53.669 [TestNG-tests-1] DEBUG org.apache.http.wire -  << "[{"first_token_id":"1001340","up_down_percent":"0.0","second_token_balance":0,"exchange_name":"1001340/_","volume":"0.0","second_token_abbr":"_","exchange_id":113,"high":"0","first_token_balance":0,"low":"0","price":0,"first_owner_address":"","creator_address":"TBi2TZeTfaGBM9wECuo5h1sxgZeo6CAZnj","svolume":"0.0","first_token_abbr":"1001340","exchange_abbr_name":"ton/TRX","second_token_id":"_","status":"0"},{"first_token_id":"1000317","up_down_percent":"0.0","second_token_balance":0,"exchange_name":"1000317/_","volume":"0.0","second_token_abbr":"_","exchange_id":13,"high":"0","first_token_balance":0,"low":"0","price":0,"first_owner_address":"","creator_address":"TSbhZijH2t7Qn1UAHAu7PBHQdVAvRwSyYr","svolume":"0.0","first_token_abbr":"1000317","exchange_abbr_name":"IGG/TRX","second_token_id":"_","status":"0"},{"first_token_id":"1000080","up_down_percent":"0.0","second_token_balance":0,"exchange_name":"1000080/_","volume":"0.0","second_token_abbr":"_","exchange_id":20,"high":"0","first_token_balance":0,"low":"0","price":0,"first_owner_address":"","creator_address":"TJQHeWxaxaSskBmi7EN19psRe5s9Xn8AcY","svolume":"0.0","first_token_abbr":"1000080","exchange_abbr_name":"CITY/TRX","second_token_id":"_","status":"0"},{"first_token_id":"1000526","up_down_percent":"0.0","second_token_balance":0,"exchange_name":"1000526/_","volume":"0.0","second_to"
12:57:53.669 [TestNG-tests-1] DEBUG org.apache.http.wire -  << "ken_abbr":"_","exchange_id":137,"high":"0","first_token_balance":0,"low":"0","price":0,"first_owner_address":"","creator_address":"TFFFyJ6w6bgDa5tciErgrjWGyTPSyE8qRy","svolume":"0.0","first_token_abbr":"1000526","exchange_abbr_name":"HSC/TRX","second_token_id":"_","status":"0"},{"first_token_id":"1000897","up_down_percent":"0.0","second_token_balance":0,"exchange_name":"1000897/_","volume":"0.0","second_token_abbr":"_","exchange_id":151,"high":"0","first_token_balance":0,"low":"0","price":0,"first_owner_address":"","creator_address":"TSB2uAEgU346wqh8QZMZZXQweVUZj56jZJ","svolume":"0.0","first_token_abbr":"1000897","exchange_abbr_name":"XDX/TRX","second_token_id":"_","status":"0"},{"first_token_id":"1001355","up_down_percent":"0.0","second_token_balance":0,"exchange_name":"1001355/_","volume":"0.0","second_token_abbr":"_","exchange_id":33,"high":"0","first_token_balance":0,"low":"0","price":0,"first_owner_address":"","creator_address":"TYWXxTdb7AyGPEg3yRz6QNs8VHUsVGcNUK","svolume":"0.0","first_token_abbr":"1001355","exchange_abbr_name":"PUMP/TRX","second_token_id":"_","status":"0"},{"first_token_id":"1000495","up_down_percent":"0.0","second_token_balance":0,"exchange_name":"1000495/_","volume":"0.0","second_token_abbr":"_","exchange_id":76,"high":"0","first_token_balance":0,"low":"0","price":0,"first_owner_address":"","creator_address":"TDHFYepkGZuFGjxJQFHkps65UjhLxiVtmq","svolume":"0.0","first_token_abbr":"1000495","exchange_abbr_name":"DBC/TRX","second_token_id":"_","status":"0"},{"first_token_id":"1001422","up_down_percent":"0.0","second_token_balance":0,"exchange_name":"1001422/_","volume":"0.0","second_token_abbr":"_","exchange_id":54,"high":"0","first_token_balance":0,"low":"0","price":0,"first_owner_address":"","creator_address":"TUzx6Qv5Chuv8xj3zHM73JiuNPHyuYuPYx","svolume":"0.0","first_token_abbr":"1001422","exchange_abbr_name":"BET/TRX","second_token_id":"_","status":"0"},{"first_token_id":"1000316","up_down_percent":"0.0","second_token_balance":0,"exchange_name":"1000316/_","volume":"0.0","second_token_abbr":"_","exchange_id":29,"high":"0","first_token_balance":0,"low":"0","price":0,"first_owner_address":"","creator_address":"TMYRTppTjnSKWtHzABVpwUX712iHkj8sAs","svolume":"0.0","first_token_abbr":"1000316","exchange_abbr_name":"BRGR/TRX","second_token_id":"_","status":"0"},{"first_token_id":"1000161","up_down_percent":"0.0","second_token_balance":0,"exchange_name":"1000161/_","volume":"0.0","second_token_abbr":"_","exchange_id":7,"high":"0","first_token_balance":0,"low":"0","price":0,"first_owner_address":"","creator_address":"TBzwNEE7D3DdTB4wALiSBaMmpSK7jdoxYF","svolume":"0.0","first_token_abbr":"1000161","exchange_abbr_name":"WIN/TRX","second_token_id":"_","status":"0"},{"first_token_id":"1000451","up_down_percent":"0.0","second_token_balance":0,"exchange_name":"1000451/_","volume":"0.0","second_token_abbr":"_","exchange_id":59,"high":"0","first_token_balance":0,"low":"0","price":0,"first_owner_address":"","creator_address":"TJPTRXBBYdqWHRb4gZ3uG2KARrmetoveoL","svolume":"0.0","first_token_abbr":"1000451","exchange_abbr_name":"LVH/TRX","second_token_id":"_","status":"0"},{"first_token_id":"1001316","up_down_percent":"0.0","second_token_balance":0,"exchange_name":"1001316/_","volume":"0.0","second_token_abbr":"_","exchange_id":104,"high":"0","first_token_balance":0,"low":"0","price":0,"first_owner_address":"","creator_address":"TLck39eRzum8PU7r9v6jPcsqreKt2qC58Z","svolume":"0.0","first_token_abbr":"1001316","exchange_abbr_name":"TSY/TRX","second_token_id":"_","status":"0"},{"first_token_id":"1000577","up_down_percent":"0.0","second_token_balance":0,"exchange_name":"1000577/_","volume":"0.0","second_token_abbr":"_","exchange_id":157,"high":"0.1","first_token_balance":0,"low":"0.1","price":0,"first_owner_address":"","creator_address":"TKSXDA8HfE9E1y39RczVQ1ZascUEtaSToF","svolume":"0.0","first_token_abbr":"1000577","exchange_abbr_name":"MGA/TRX","second_token_id":"_","status":"0"},{"first_token_id":"1000488","up_down_percent":"0.0","second_token_balance":2266529569,"exchange_name":"1000488/_"
12:57:53.671 [TestNG-tests-1] DEBUG org.apache.http.wire -  << "","volume":"0.0","second_token_abbr":"_","exchange_id":101,"high":"1.1540375","first_token_balance":1964,"low":"1.1540375","price":1.1540375,"first_owner_address":"","creator_address":"TJE7QRhXNN9mciFU84waRxeAaZVVhepKTc","svolume":"0.0","first_token_abbr":"1000488","exchange_abbr_name":"VinE/TRX","second_token_id":"_","status":"0"},{"first_token_id":"1001340","up_down_percent":"0.0","second_token_balance":0,"exchange_name":"1001340/_","volume":"0.0","second_token_abbr":"_","exchange_id":17,"high":"0","first_token_balance":0,"low":"0","price":0,"first_owner_address":"","creator_address":"TBi2TZeTfaGBM9wECuo5h1sxgZeo6CAZnj","svolume":"0.0","first_token_abbr":"1001340","exchange_abbr_name":"ton/TRX","second_token_id":"_","status":"0"},{"first_token_id":"1000018","up_down_percent":"0.0","second_token_balance":0,"exchange_name":"1000018/_","volume":"0.0","second_token_abbr":"_","exchange_id":4,"high":"0","first_token_balance":0,"low":"0","price":0,"first_owner_address":"","creator_address":"TE7hnUtWRRBz3SkFrX8JESWUmEvxxAhoPt","svolume":"0.0","first_token_abbr":"1000018","exchange_abbr_name":"TWX/TRX","second_token_id":"_","status":"0"},{"first_token_id":"1000018","up_down_percent":"0.0","second_token_balance":0,"exchange_name":"1000018/_","volume":"0.0","second_token_abbr":"_","exchange_id":12,"high":"0","first_token_balance":0,"low":"0","price":0,"first_owner_address":"","creator_address":"TNFtRfcnATHXmPhQjf5voQHsWykCvXAjkK","svolume":"0.0","first_token_abbr":"1000018","exchange_abbr_name":"TWX/TRX","second_token_id":"_","status":"0"},{"first_token_id":"1001383","up_down_percent":"0.0","second_token_balance":0,"exchange_name":"1001383/_","volume":"0.0","second_token_abbr":"_","exchange_id":45,"high":"0","first_token_balance":0,"low":"0","price":0,"first_owner_address":"","creator_address":"TNdzpMxUCf2qS3hgsiTCrjVUWCjmTUw2ms","svolume":"0.0","first_token_abbr":"1001383","exchange_abbr_name":"CHTRX/TRX","second_token_id":"_","status":"0"},{"first_token_id":"1000467","up_down_percent":"0.0","second_token_balance":0,"exchange_name":"1000467/_","volume":"0.0","second_token_abbr":"_","exchange_id":27,"high":"0","first_token_balance":0,"low":"0","price":0,"first_owner_address":"","creator_address":"TMYRTppTjnSKWtHzABVpwUX712iHkj8sAs","svolume":"0.0","first_token_abbr":"1000467","exchange_abbr_name":"DICK/TRX","second_token_id":"_","status":"0"},{"first_token_id":"1000090","up_down_percent":"0.0","second_token_balance":0,"exchange_name":"1000090/_","volume":"0.0","second_token_abbr":"_","exchange_id":30,"high":"0","first_token_balance":0,"low":"0","price":0,"first_owner_address":"","creator_address":"TMYRTppTjnSKWtHzABVpwUX712iHkj8sAs","svolume":"0.0","first_token_abbr":"1000090","exchange_abbr_name":"TRNX/TRX","second_token_id":"_","status":"0"},{"first_token_id":"1001070","up_down_percent":"0.0","second_token_balance":0,"exchange_name":"1001070/_","volume":"0.0","second_token_abbr":"_","exchange_id":24,"high":"0","first_token_balance":0,"low":"0","price":0,"first_owner_address":"","creator_address":"TReXh4pK593JidArCJwhSiB7AWuH2gDxtz","svolume":"0.0","first_token_abbr":"1001070","exchange_abbr_name":"TRL/TRX","second_token_id":"_","status":"0"},{"first_token_id":"1000375","up_down_percent":"0.0","second_token_balance":0,"exchange_name":"1000375/_","volume":"0.0","second_token_abbr":"_","exchange_id":124,"high":"0","first_token_balance":0,"low":"0","price":0,"first_owner_address":"","creator_address":"TEvpvSRVwpaLPNamwDruEhqxNeF8mCNnbj","svolume":"0.0","first_token_abbr":"1000375","exchange_abbr_name":"SVT/TRX","second_token_id":"_","status":"0"},{"first_token_id":"1001316","up_down_percent":"0.0","second_token_balance":0,"exchange_name":"1001316/_","volume":"0.0","second_token_abbr":"_","exchange_id":102,"high":"0","first_token_balance":0,"low":"0","price":0,"first_owner_address":"","creator_address":"TLck39eRzum8PU7r9v6jPcsqreKt2qC58Z","svolume":"0.0","first_token_abbr":"1001316","exchange_abbr_name":"TSY/TRX","second_token_id":"_","status":"0"},{"first_token_id":"1000111","up_down_percent":"0.0","second_"
12:57:53.672 [TestNG-tests-1] DEBUG org.apache.http.wire -  << "token_balance":0,"exchange_name":"1000111/_","volume":"0.0","second_token_abbr":"_","exchange_id":28,"high":"0","first_token_balance":0,"low":"0","price":0,"first_owner_address":"","creator_address":"TMYRTppTjnSKWtHzABVpwUX712iHkj8sAs","svolume":"0.0","first_token_abbr":"1000111","exchange_abbr_name":"GVD/TRX","second_token_id":"_","status":"0"},{"first_token_id":"1000017","up_down_percent":"0.0","second_token_balance":0,"exchange_name":"1000017/_","volume":"0.0","second_token_abbr":"_","exchange_id":117,"high":"0.0003630284","first_token_balance":0,"low":"0.0003630284","price":0,"first_owner_address":"","creator_address":"TCXvLp84eAk4zDqkjpLKXFjHb2Bur1WXRR","svolume":"0.0","first_token_abbr":"1000017","exchange_abbr_name":"Tarq/TRX","second_token_id":"_","status":"0"},{"first_token_id":"1001369","up_down_percent":"0.0","second_token_balance":290,"exchange_name":"1001369/_","volume":"0.0","second_token_abbr":"_","exchange_id":121,"high":"3.9210384E-8","first_token_balance":7396,"low":"3.9210384E-8","price":3.9210384E-8,"first_owner_address":"","creator_address":"TVsMrCpFE6uVLpktdKWa1yD6QcmpQg19o7","svolume":"0.0","first_token_abbr":"1001369","exchange_abbr_name":"cry/TRX","second_token_id":"_","status":"0"},{"first_token_id":"1000018","up_down_percent":"0.0","second_token_balance":0,"exchange_name":"1000018/_","volume":"0.0","second_token_abbr":"_","exchange_id":15,"high":"0","first_token_balance":0,"low":"0","price":0,"first_owner_address":"","creator_address":"TNFtRfcnATHXmPhQjf5voQHsWykCvXAjkK","svolume":"0.0","first_token_abbr":"1000018","exchange_abbr_name":"TWX/TRX","second_token_id":"_","status":"0"},{"first_token_id":"1000322","up_down_percent":"0.0","second_token_balance":0,"exchange_name":"1000322/_","volume":"0.0","second_token_abbr":"_","exchange_id":31,"high":"0","first_token_balance":0,"low":"0","price":0,"first_owner_address":"","creator_address":"TMYRTppTjnSKWtHzABVpwUX712iHkj8sAs","svolume":"0.0","first_token_abbr":"1000322","exchange_abbr_name":"TRUC/TRX","second_token_id":"_","status":"0"},{"first_token_id":"1000514","up_down_percent":"0.0","second_token_balance":0,"exchange_name":"1000514/_","volume":"0.0","second_token_abbr":"_","exchange_id":26,"high":"0","first_token_balance":0,"low":"0","price":0,"first_owner_address":"","creator_address":"TMYRTppTjnSKWtHzABVpwUX712iHkj8sAs","svolume":"0.0","first_token_abbr":"1000514","exchange_abbr_name":"GOD/TRX","second_token_id":"_","status":"0"},{"first_token_id":"1001355","up_down_percent":"0.0","second_token_balance":0,"exchange_name":"1001355/_","volume":"0.0","second_token_abbr":"_","exchange_id":34,"high":"0","first_token_balance":0,"low":"0","price":0,"first_owner_address":"","creator_address":"TY"
12:57:53.908 [TestNG-tests-1] DEBUG org.apache.http.wire -  << "WXxTdb7AyGPEg3yRz6QNs8VHUsVGcNUK","svolume":"0.0","first_token_abbr":"1001355","exchange_abbr_name":"PUMP/TRX","second_token_id":"_","status":"0"},{"first_token_id":"1002000","up_down_percent":"0.0","second_token_balance":0,"exchange_name":"1002000/_","volume":"0.0","second_token_abbr":"_","exchange_id":154,"high":"2.9917537E-8","first_token_balance":0,"low":"2.9917537E-8","price":0,"first_owner_address":"","creator_address":"TFDDxSXoF3DeKyyCqjgrHMdcYJ6uKLBvYL","svolume":"0.0","first_token_abbr":"1002000","exchange_abbr_name":"BTT/TRX","second_token_id":"_","status":"0"},{"first_token_id":"1000521","up_down_percent":"0.0","second_token_balance":100,"exchange_name":"1000521/_","volume":"0.0","second_token_abbr":"_","exchange_id":66,"high":"9.850276E-9","first_token_balance":10152,"low":"9.850276E-9","price":9.850275E-9,"first_owner_address":"","creator_address":"TXSh73A7dwbQU3Navx5217hf9Yjp3QEGD1","svolume":"0.0","first_token_abbr":"1000521","exchange_abbr_name":"GLT/TRX","second_token_id":"_","status":"0"},{"first_token_id":"1001491","up_down_percent":"0.0","second_token_balance":0,"exchange_name":"1001491/_","volume":"0.0","second_token_abbr":"_","exchange_id":84,"high":"0","first_token_balance":0,"low":"0","price":0,"first_owner_address":"","creator_address":"TNFtRfcnATHXmPhQjf5voQHsWykCvXAjkK","svolume":"0.0","first_token_abbr":"100"
12:57:53.909 [TestNG-tests-1] DEBUG org.apache.http.wire -  << "1491","exchange_abbr_name":"BTFY/TRX","second_token_id":"_","status":"0"},{"first_token_id":"1000226","up_down_percent":"0.0","second_token_balance":0,"exchange_name":"1000226/_","volume":"0.0","second_token_abbr":"_","exchange_id":14,"high":"0.18760993","first_token_balance":0,"low":"0.18760993","price":0,"first_owner_address":"","creator_address":"TBt8JR1V2iD64M9xSBdZBxv89HayHm3chV","svolume":"0.0","first_token_abbr":"1000226","exchange_abbr_name":"TERC/TRX","second_token_id":"_","status":"0"},{"first_token_id":"1000161","up_down_percent":"0.0","second_token_balance":0,"exchange_name":"1000161/_","volume":"0.0","second_token_abbr":"_","exchange_id":111,"high":"0","first_token_balance":0,"low":"0","price":0,"first_owner_address":"","creator_address":"TEk4voFQawyQPkiTvj4MY9ss9PkmVamiyH","svolume":"0.0","first_token_abbr":"1000161","exchange_abbr_name":"WIN/TRX","second_token_id":"_","status":"0"},{"first_token_id":"1000018","up_down_percent":"0.0","second_token_balance":0,"exchange_name":"1000018/_","volume":"0.0","second_token_abbr":"_","exchange_id":3,"high":"0","first_token_balance":0,"low":"0","price":0,"first_owner_address":"","creator_address":"TE7hnUtWRRBz3SkFrX8JESWUmEvxxAhoPt","svolume":"0.0","first_token_abbr":"1000018","exchange_abbr_name":"TWX/TRX","second_token_id":"_","status":"0"},{"first_token_id":"1001316","up_down_percent":"0.0","second_token_balance":0,"exchange_name":"1001316/_","volume":"0.0","second_token_abbr":"_","exchange_id":105,"high":"0","first_token_balance":0,"low":"0","price":0,"first_owner_address":"","creator_address":"TLck39eRzum8PU7r9v6jPcsqreKt2qC58Z","svolume":"0.0","first_token_abbr":"1001316","exchange_abbr_name":"TSY/TRX","second_token_id":"_","status":"0"},{"first_token_id":"1001236","up_down_percent":"0.0","second_token_balance":101,"exchange_name":"1001236/_","volume":"0.0","second_token_abbr":"_","exchange_id":120,"high":"2.9988122E-8","first_token_balance":3368,"low":"2.9988122E-8","price":2.9988122E-8,"first_owner_address":"","creator_address":"TVsMrCpFE6uVLpktdKWa1yD6QcmpQg19o7","svolume":"0.0","first_token_abbr":"1001236","exchange_abbr_name":"TRCT/TRX","second_token_id":"_","status":"0"},{"first_token_id":"1002076","up_down_percent":"0.0","second_token_balance":4931926,"exchange_name":"1002076/_","volume":"0.0","second_token_abbr":"_","exchange_id":158,"high":"0.054799177","first_token_balance":90,"low":"0.054799177","price":0.05479918,"first_owner_address":"","creator_address":"TUAV9MrAigH1kW8A7e4Fa9f1R628bVwE5q","svolume":"0.0","first_token_abbr":"1002076","exchange_abbr_name":"RBT/TRX","second_token_id":"_","status":"0"},{"first_token_id":"1001345","up_down_percent":"0.0","second_token_balance":41283,"exchange_name"
12:57:53.910 [TestNG-tests-1] DEBUG org.apache.http.wire -  << "":"1001345/_","volume":"0.0","second_token_abbr":"_","exchange_id":65,"high":"0.003753","first_token_balance":11,"low":"0.003753","price":0.003753,"first_owner_address":"","creator_address":"TWkH8rZ8a3QjKfhdjAp9biTEpvaATjpvGw","svolume":"0.0","first_token_abbr":"1001345","exchange_abbr_name":"DDX/TRX","second_token_id":"_","status":"0"},{"first_token_id":"1001446","up_down_percent":"0.0","second_token_balance":225650,"exchange_name":"1001446/_","volume":"0.0","second_token_abbr":"_","exchange_id":107,"high":"0.075216666","first_token_balance":3,"low":"0.075216666","price":0.075216666,"first_owner_address":"","creator_address":"TLfJ3F6qe8RDZa9DBb8a4oN1Zz1wvHfKhG","svolume":"0.0","first_token_abbr":"1001446","exchange_abbr_name":"Karma/TRX","second_token_id":"_","status":"0"},{"first_token_id":"1001610","up_down_percent":"0.0","second_token_balance":78310,"exchange_name":"1001610/_","volume":"0.0","second_token_abbr":"_","exchange_id":108,"high":"3.5759836E-8","first_token_balance":2189887,"low":"3.5759836E-8","price":3.5759836E-8,"first_owner_address":"","creator_address":"THM6y2s2BMCarHxsk8MRVRgFnejfmc9LeS","svolume":"0.0","first_token_abbr":"1001610","exchange_abbr_name":"TRL/TRX","second_token_id":"_","status":"0"},{"first_token_id":"1001366","up_down_percent":"0.0","second_token_balance":2047195,"exchange_name":"1001366/_","volume":"0.0","second_token_abbr":"_","exchange_id":42,"high":"0.29245642","first_token_balance":7,"low":"0.29245642","price":0.29245645,"first_owner_address":"","creator_address":"TSzZo1eA1ag4cPuMrsu5FrPQcyE6kiDKb5","svolume":"0.0","first_token_abbr":"1001366","exchange_abbr_name":"SIT/TRX","second_token_id":"_","status":"0"},{"first_token_id":"1001451","up_down_percent":"0.0","second_token_balance":130542,"exchange_name":"1001451/_","volume":"0.0","second_token_abbr":"_","exchange_id":77,"high":"0.000012357251","first_token_balance":10564,"low":"0.000012357251","price":1.2357251E-5,"first_owner_address":"","creator_address":"TLrMgZkrp7RcqpSocmrEoouLu57crESnFQ","svolume":"0.0","first_token_abbr":"1001451","exchange_abbr_name":"BITC/TRX","second_token_id":"_","status":"0"},{"first_token_id":"1000127","up_down_percent":"0.0","second_token_balance":165,"exchange_name":"1000127/_","volume":"0.0","second_token_abbr":"_","exchange_id":149,"high":"2.5009472E-9","first_token_balance":65975,"low":"2.5009472E-9","price":2.5009472E-9,"first_owner_address":"","creator_address":"TTL5M3Y5cjXdv3UZupZMDKbj3ABRnHaipK","svolume":"0.0","first_token_abbr":"1000127","exchange_abbr_name":"token/TRX","second_token_id":"_","status":"0"},{"first_token_id":"1001444","up_down_percent":"0.0","second_token_balance":270,"exchange_name":"1001444/_","volume":"0.0","second_t"
12:57:53.910 [TestNG-tests-1] DEBUG org.apache.http.wire -  << "oken_abbr":"_","exchange_id":80,"high":"3.78756E-9","first_token_balance":71286,"low":"3.78756E-9","price":3.78756E-9,"first_owner_address":"","creator_address":"TE1ueqczDkT5WS4iiY5GaUABKdfKV4BimV","svolume":"0.0","first_token_abbr":"1001444","exchange_abbr_name":"GFC/TRX","second_token_id":"_","status":"0"},{"first_token_id":"1001345","up_down_percent":"0.0","second_token_balance":863583041,"exchange_name":"1001345/_","volume":"0.0","second_token_abbr":"_","exchange_id":67,"high":"0.007351207","first_token_balance":117475,"low":"0.007351207","price":0.007351207,"first_owner_address":"","creator_address":"TWkH8rZ8a3QjKfhdjAp9biTEpvaATjpvGw","svolume":"0.0","first_token_abbr":"1001345","exchange_abbr_name":"DDX/TRX","second_token_id":"_","status":"0"},{"first_token_id":"1000777","up_down_percent":"0.0","second_token_balance":19744981,"exchange_name":"1000777/_","volume":"0.0","second_token_abbr":"_","exchange_id":82,"high":"6.5914996E-8","first_token_balance":299552182,"low":"6.5914996E-8","price":6.591499E-8,"first_owner_address":"","creator_address":"TCjVd9NdVvSrDVZRdS3BKLhvqcD44VbR47","svolume":"0.0","first_token_abbr":"1000777","exchange_abbr_name":"MBP/TRX","second_token_id":"_","status":"0"},{"first_token_id":"1000166","up_down_percent":"0.0","second_token_balance":0,"exchange_name":"1000166/_","volume":"0.0","second_token_abbr":""
12:57:53.911 [TestNG-tests-1] DEBUG org.apache.http.wire -  << "_","exchange_id":161,"high":"0.04","first_token_balance":0,"low":"0.04","price":0,"first_owner_address":"","creator_address":"TUkWD1V2bws2Wt4Lu9EqF9AxnL8vWtNvHy","svolume":"0.0","first_token_abbr":"1000166","exchange_abbr_name":"CCT/TRX","second_token_id":"_","status":"0"},{"first_token_id":"1000166","up_down_percent":"0.0","second_token_balance":0,"exchange_name":"1000166/_","volume":"0.0","second_token_abbr":"_","exchange_id":6,"high":"0.980634","first_token_balance":0,"low":"0.980634","price":0,"first_owner_address":"","creator_address":"TUkWD1V2bws2Wt4Lu9EqF9AxnL8vWtNvHy","svolume":"0.0","first_token_abbr":"1000166","exchange_abbr_name":"CCT/TRX","second_token_id":"_","status":"0"},{"first_token_id":"1000475","up_down_percent":"0.0","second_token_balance":754268,"exchange_name":"1000475/_","volume":"0.0","second_token_abbr":"_","exchange_id":99,"high":"0.0022718916","first_token_balance":332,"low":"0.0022718916","price":0.0022718916,"first_owner_address":"","creator_address":"TJu8wxV97CK7E9nLtF1guDib6dEPD3soaW","svolume":"0.0","first_token_abbr":"1000475","exchange_abbr_name":"TRWJ/TRX","second_token_id":"_","status":"0"},{"first_token_id":"1000234","up_down_percent":"0.0","second_token_balance":13951,"exchange_name":"1000234/_","volume":"0.0","second_token_abbr":"_","exchange_id":41,"high":"4.0427136E-7","first_token_balance":3450"
12:57:53.912 [TestNG-tests-1] DEBUG org.apache.http.wire -  << "9,"low":"4.0427136E-7","price":4.0427136E-7,"first_owner_address":"","creator_address":"TYii7e6cuZpXM2nzZzpfYchuhx4JTjYQfd","svolume":"0.0","first_token_abbr":"1000234","exchange_abbr_name":"TRZ/TRX","second_token_id":"_","status":"0"},{"first_token_id":"1001470","up_down_percent":"0.0","second_token_balance":999542,"exchange_name":"1001470/_","volume":"0.0","second_token_abbr":"_","exchange_id":122,"high":"3.1480488E-7","first_token_balance":3175116,"low":"3.1480488E-7","price":3.1480488E-7,"first_owner_address":"","creator_address":"TNfR9coWH76XNFwhJd4XS5ysFcYW3JfxD8","svolume":"0.0","first_token_abbr":"1001470","exchange_abbr_name":"ATL/TRX","second_token_id":"_","status":"0"},{"first_token_id":"1001612","up_down_percent":"0.0","second_token_balance":1079637,"exchange_name":"1001612/_","volume":"0.0","second_token_abbr":"_","exchange_id":119,"high":"1.14111174E-7","first_token_balance":9461273,"low":"1.14111174E-7","price":1.1411118E-7,"first_owner_address":"","creator_address":"TG5TfnbtpN8T8kzkH9Y8zfoq79m2uFexd6","svolume":"0.0","first_token_abbr":"1001612","exchange_abbr_name":"PALA/TRX","second_token_id":"_","status":"0"},{"first_token_id":"1000234","up_down_percent":"0.0","second_token_balance":34064,"exchange_name":"1000234/_","volume":"0.0","second_token_abbr":"_","exchange_id":116,"high":"4.698807E-7","first_token_balance":72"
12:57:53.912 [TestNG-tests-1] DEBUG org.apache.http.wire -  << "495,"low":"4.698807E-7","price":4.6988066E-7,"first_owner_address":"","creator_address":"TYii7e6cuZpXM2nzZzpfYchuhx4JTjYQfd","svolume":"0.0","first_token_abbr":"1000234","exchange_abbr_name":"TRZ/TRX","second_token_id":"_","status":"0"},{"first_token_id":"1002300","up_down_percent":"0.0","second_token_balance":0,"exchange_name":"1002300/_","volume":"0.0","second_token_abbr":"_","exchange_id":163,"high":"0.0000010","first_token_balance":0,"low":"0.0000010","price":0,"first_owner_address":"","creator_address":"TVJdXKMwynT5aj9mR44xW4BHy6QmTWe8rj","svolume":"0.0","first_token_abbr":"1002300","exchange_abbr_name":"AUSDD/TRX","second_token_id":"_","status":"0"},{"first_token_id":"1000897","up_down_percent":"0.0","second_token_balance":11261939,"exchange_name":"1000897/_","volume":"0.0","second_token_abbr":"_","exchange_id":110,"high":"0.024115501","first_token_balance":467,"low":"0.024115501","price":0.024115503,"first_owner_address":"","creator_address":"TV5snGZ447P665ejy6zXXWgBrk9iPzmSVM","svolume":"0.0","first_token_abbr":"1000897","exchange_abbr_name":"XDX/TRX","second_token_id":"_","status":"0"},{"first_token_id":"1000591","up_down_percent":"0.0","second_token_balance":28005,"exchange_name":"1000591/_","volume":"0.0","second_token_abbr":"_","exchange_id":18,"high":"0.0046675","first_token_balance":6,"low":"0.0046675","price":0.0046675,""
12:57:53.913 [TestNG-tests-1] DEBUG org.apache.http.wire -  << "first_owner_address":"","creator_address":"TK5jhQrW2iotcCc6nzVBZ7uyoneJKwA74u","svolume":"0.0","first_token_abbr":"1000591","exchange_abbr_name":"TRXM/TRX","second_token_id":"_","status":"0"},{"first_token_id":"1001132","up_down_percent":"0.0","second_token_balance":9950,"exchange_name":"1001132/_","volume":"0.0","second_token_abbr":"_","exchange_id":135,"high":"4.961356E-7","first_token_balance":20055,"low":"4.961356E-7","price":4.961356E-7,"first_owner_address":"","creator_address":"TV5snGZ447P665ejy6zXXWgBrk9iPzmSVM","svolume":"0.0","first_token_abbr":"1001132","exchange_abbr_name":"HOT/TRX","second_token_id":"_","status":"0"},{"first_token_id":"1000933","up_down_percent":"0.0","second_token_balance":0,"exchange_name":"1000933/_","volume":"0.0","second_token_abbr":"_","exchange_id":5,"high":"0.6373646","first_token_balance":0,"low":"0.6373646","price":0,"first_owner_address":"","creator_address":"TTGPDT8oR8oyiZeKgb6p1K1fKr8ccETGJr","svolume":"0.0","first_token_abbr":"1000933","exchange_abbr_name":"TWM/TRX","second_token_id":"_","status":"1"},{"first_token_id":"1001071","up_down_percent":"0.0","second_token_balance":0,"exchange_name":"1001071/_","volume":"0.0","second_token_abbr":"_","exchange_id":145,"high":"0.2861508","first_token_balance":0,"low":"0.2861508","price":0,"first_owner_address":"","creator_address":"TTaqgG9dYNkHioXhULS"
12:57:54.224 [TestNG-tests-1] DEBUG org.apache.http.wire -  << "TBAMtHqGL7NPPeK","svolume":"0.0","first_token_abbr":"1001071","exchange_abbr_name":"MMT/TRX","second_token_id":"_","status":"0"},{"first_token_id":"1002052","up_down_percent":"0.0","second_token_balance":1290428256,"exchange_name":"1002052/_","volume":"0.0","second_token_abbr":"_","exchange_id":155,"high":"0.0000016652049","first_token_balance":774936605,"low":"0.0000016652049","price":1.665205E-6,"first_owner_address":"","creator_address":"TFDDxSXoF3DeKyyCqjgrHMdcYJ6uKLBvYL","svolume":"0.0","first_token_abbr":"1002052","exchange_abbr_name":"TWTT/TRX","second_token_id":"_","status":"0"},{"first_token_id":"1000893","up_down_percent":"0.0","second_token_balance":65897,"exchange_name":"1000893/_","volume":"0.0","second_token_abbr":"_","exchange_id":69,"high":"1.7888225E-7","first_token_balance":368382,"low":"1.7888225E-7","price":1.7888225E-7,"first_owner_address":"","creator_address":"TQH3r7WyteKVy1cskhc7BiqbNYSyiyvwPS","svolume":"0.0","first_token_abbr":"1000893","exchange_abbr_name":"REY/TRX","second_token_id":"_","status":"0"},{"first_token_id":"1001360","up_down_percent":"0.0","second_token_balance":4429938,"exchange_name":"1001360/_","volume":"0.0","second_token_abbr":"_","exchange_id":47,"high":"0.000014657118","first_token_balance":302238,"low":"0.000014657118","price":1.4657117E-5,"first_owner_address":"","creator_address":"TEN2P"
12:57:54.224 [TestNG-tests-1] DEBUG org.apache.http.wire -  << "1pjpi8PxwQU1oaVXMhicrjoB8HNGh","svolume":"0.0","first_token_abbr":"1001360","exchange_abbr_name":"PUB/TRX","second_token_id":"_","status":"0"},{"first_token_id":"1000036","up_down_percent":"0.0","second_token_balance":9933220,"exchange_name":"1000036/_","volume":"0.0","second_token_abbr":"_","exchange_id":62,"high":"0.062082626","first_token_balance":160,"low":"0.062082626","price":0.062082626,"first_owner_address":"","creator_address":"TKpF41R7jZqLSuZbai6y5BZ5sRcAh2uf6J","svolume":"0.0","first_token_abbr":"1000036","exchange_abbr_name":"TBTC/TRX","second_token_id":"_","status":"0"},{"first_token_id":"1001189","up_down_percent":"0.0","second_token_balance":221374480,"exchange_name":"1001189/_","volume":"0.0","second_token_abbr":"_","exchange_id":96,"high":"0.0006406679","first_token_balance":345537,"low":"0.0006406679","price":6.40668E-4,"first_owner_address":"","creator_address":"TSiZJw6uakeKCT3CVGvfH8LmybVUT1zQ6t","svolume":"0.0","first_token_abbr":"1001189","exchange_abbr_name":"Gek/TRX","second_token_id":"_","status":"0"},{"first_token_id":"1001787","up_down_percent":"0.0","second_token_balance":7415057,"exchange_name":"1001787/_","volume":"0.0","second_token_abbr":"_","exchange_id":140,"high":"2.9853777E-7","first_token_balance":24837918,"low":"2.9853777E-7","price":2.985378E-7,"first_owner_address":"","creator_address":"TPvm1T6oTSdrMGGhzQn342yGyLtUAhZTgN","svolume":"0.0","first_token_abbr":"1001787","exchange_abbr_name":"TA/TRX","second_token_id":"_","status":"0"},{"first_token_id":"1002072","up_down_percent":"0.0","second_token_balance":0,"exchange_name":"1002072/_","volume":"0.0","second_token_abbr":"_","exchange_id":165,"high":"1.0","first_token_balance":0,"low":"1.0","price":0,"first_owner_address":"","creator_address":"TVBYekepx9ighhoZZiCEc8xvPyCLrpHMDh","svolume":"0.0","first_token_abbr":"1002072","exchange_abbr_name":"TESTT/TRX","second_token_id":"_","status":"0"},{"first_token_id":"1001344","up_down_percent":"0.0","second_token_balance":21,"exchange_name":"1001344/_","volume":"0.0","second_token_abbr":"_","exchange_id":79,"high":"5.1686835E-11","first_token_balance":406293,"low":"5.1686835E-11","price":5.168684E-11,"first_owner_address":"","creator_address":"TCwDzHMG18GqSuTnLx994q3QHq2mUqfnSG","svolume":"0.0","first_token_abbr":"1001344","exchange_abbr_name":"VIVI/TRX","second_token_id":"_","status":"0"},{"first_token_id":"1001655","up_down_percent":"0.0","second_token_balance":541475918,"exchange_name":"1001655/_","volume":"0.0","second_token_abbr":"_","exchange_id":112,"high":"0.000017999437","first_token_balance":30082937,"low":"0.000017999437","price":1.7999437E-5,"first_owner_address":"","creator_address":"TLJhxKVcPed2wuW2XMYAFNqa9iW6toDDGZ","svol"
12:57:54.224 [TestNG-tests-1] DEBUG org.apache.http.wire -  << "ume":"0.0","first_token_abbr":"1001655","exchange_abbr_name":"EXT/TRX","second_token_id":"_","status":"0"},{"first_token_id":"1001305","up_down_percent":"0.0","second_token_balance":3838,"exchange_name":"1001305/_","volume":"0.0","second_token_abbr":"_","exchange_id":43,"high":"1.269096E-7","first_token_balance":30242,"low":"1.269096E-7","price":1.269096E-7,"first_owner_address":"","creator_address":"TKFehUn9AbsW6KtZMALpCyLPf7fKbBoiS1","svolume":"0.0","first_token_abbr":"1001305","exchange_abbr_name":"dice/TRX","second_token_id":"_","status":"0"},{"first_token_id":"1000234","up_down_percent":"0.0","second_token_balance":11768,"exchange_name":"1000234/_","volume":"0.0","second_token_abbr":"_","exchange_id":115,"high":"2.5067632E-7","first_token_balance":46945,"low":"2.5067632E-7","price":2.5067632E-7,"first_owner_address":"","creator_address":"TYii7e6cuZpXM2nzZzpfYchuhx4JTjYQfd","svolume":"0.0","first_token_abbr":"1000234","exchange_abbr_name":"TRZ/TRX","second_token_id":"_","status":"0"},{"first_token_id":"1000234","up_down_percent":"0.0","second_token_balance":30159,"exchange_name":"1000234/_","volume":"0.0","second_token_abbr":"_","exchange_id":150,"high":"2.2109083E-7","first_token_balance":136410,"low":"2.2109083E-7","price":2.2109083E-7,"first_owner_address":"","creator_address":"TKy5C1LsNrt84jPRJNKR2Yh9QzV2L2heR2","svolume":"0.0","first_token_abbr":"1000234","exchange_abbr_name":"TRZ/TRX","second_token_id":"_","status":"0"},{"first_token_id":"1000779","up_down_percent":"0.0","second_token_balance":93399,"exchange_name":"1000779/_","volume":"0.0","second_token_abbr":"_","exchange_id":56,"high":"0.0000311019","first_token_balance":3003,"low":"0.0000311019","price":3.11019E-5,"first_owner_address":"","creator_address":"TEH5ogo96DnxzDW43gqrGdJRS4MBFiJwhD","svolume":"0.0","first_token_abbr":"1000779","exchange_abbr_name":"FUX/TRX","second_token_id":"_","status":"0"},{"first_token_id":"1000897","up_down_percent":"0.0","second_token_balance":13449,"exchange_name":"1000897/_","volume":"0.0","second_token_abbr":"_","exchange_id":152,"high":"0.0012226363","first_token_balance":11,"low":"0.0012226363","price":0.0012226363,"first_owner_address":"","creator_address":"TBUTkVu839Th89Kx5FDzSnMEhRuziiqXmW","svolume":"0.0","first_token_abbr":"1000897","exchange_abbr_name":"XDX/TRX","second_token_id":"_","status":"0"},{"first_token_id":"1001609","up_down_percent":"0.0","second_token_balance":2275603,"exchange_name":"1001609/_","volume":"0.0","second_token_abbr":"_","exchange_id":100,"high":"4.3223537E-7","first_token_balance":5264731,"low":"4.3223537E-7","price":4.322354E-7,"first_owner_address":"","creator_address":"TAAnBE4eHgseK1ikPeQQ5ZxwaUXBsRpPTu","svolume":"0.0","first_tok"
12:57:54.225 [TestNG-tests-1] DEBUG org.apache.http.wire -  << "en_abbr":"1001609","exchange_abbr_name":"TPA/TRX","second_token_id":"_","status":"0"},{"first_token_id":"1001237","up_down_percent":"0.0","second_token_balance":509520,"exchange_name":"1001237/_","volume":"0.0","second_token_abbr":"_","exchange_id":139,"high":"0.00017449315","first_token_balance":2920,"low":"0.00017449315","price":1.7449315E-4,"first_owner_address":"","creator_address":"TCoa7qcyt3FEx23neva6iEZWiPnz83BQ9j","svolume":"0.0","first_token_abbr":"1001237","exchange_abbr_name":"TRXMT/TRX","second_token_id":"_","status":"0"},{"first_token_id":"1001068","up_down_percent":"0.0","second_token_balance":14080721,"exchange_name":"1001068/_","volume":"0.0","second_token_abbr":"_","exchange_id":23,"high":"0.004394732","first_token_balance":3204,"low":"0.004394732","price":0.004394732,"first_owner_address":"","creator_address":"TDWjKceaurVmnBrF89XTuspPvuwDg33zry","svolume":"0.0","first_token_abbr":"1001068","exchange_abbr_name":"SPEED/TRX","second_token_id":"_","status":"0"},{"first_token_id":"1000844","up_down_percent":"0.0","second_token_balance":15978960,"exchange_name":"1000844/_","volume":"0.0","second_token_abbr":"_","exchange_id":36,"high":"0.00032759883","first_token_balance":48776,"low":"0.00032759883","price":3.2759883E-4,"first_owner_address":"","creator_address":"TEJaV3hPEK3UtAyReJDXi7hkZc2UufZhDN","svolume":"0.0","first_token_abbr":"1000844","exchange_abbr_name":"DKN/TRX","second_token_id":"_","status":"0"},{"first_token_id":"1001602","up_down_percent":"0.0","second_token_balance":7923281,"exchange_name":"1001602/_","volume":"0.0","second_token_abbr":"_","exchange_id":97,"high":"0.44018227","first_token_balance":18,"low":"0.44018227","price":0.44018227,"first_owner_address":"","creator_address":"TLp1GSBEwJEgQPD7uG92MGhJRwZPPxiAvf","svolume":"0.0","first_token_abbr":"1001602","exchange_abbr_name":"TW/TRX","second_token_id":"_","status":"0"},{"first_token_id":"1000234","up_down_percent":"0.0","second_token_balance":25232,"exchange_name":"1000234/_","volume":"0.0","second_token_abbr":"_","exchange_id":40,"high":"0.0000013487278","first_token_balance":18708,"low":"0.0000013487278","price":1.3487278E-6,"first_owner_address":"","creator_address":"TYii7e6cuZpXM2nzZzpfYchuhx4JTjYQfd","svolume":"0.0","first_token_abbr":"1000234","exchange_abbr_name":"TRZ/TRX","second_token_id":"_","status":"0"},{"first_token_id":"1000981","up_down_percent":"0.0","second_token_balance":304007438,"exchange_name":"1000981/_","volume":"0.0","second_token_abbr":"_","exchange_id":81,"high":"0.000052635845","first_token_balance":5775673,"low":"0.000052635845","price":5.2635845E-5,"first_owner_address":"","creator_address":"TUcU758qMCmufRsEqS4dL5jupw3EZ6wKAn","svolume":"0.0","first_toke"
12:57:54.226 [TestNG-tests-1] DEBUG org.apache.http.wire -  << "n_abbr":"1000981","exchange_abbr_name":"BEAN/TRX","second_token_id":"_","status":"0"},{"first_token_id":"1000526","up_down_percent":"0.0","second_token_balance":4695844,"exchange_name":"1000526/_","volume":"0.0","second_token_abbr":"_","exchange_id":136,"high":"0.00089274603","first_token_balance":5260,"low":"0.00089274603","price":8.9274603E-4,"first_owner_address":"","creator_address":"TFFFyJ6w6bgDa5tciErgrjWGyTPSyE8qRy","svolume":"0.0","first_token_abbr":"1000526","exchange_abbr_name":"HSC/TRX","second_token_id":"_","status":"0"},{"first_token_id":"1000234","up_down_percent":"0.0","second_token_balance":500082,"exchange_name":"1000234/_","volume":"0.0","second_token_abbr":"_","exchange_id":39,"high":"0.00248797","first_token_balance":201,"low":"0.00248797","price":0.0024879703,"first_owner_address":"","creator_address":"TYii7e6cuZpXM2nzZzpfYchuhx4JTjYQfd","svolume":"0.0","first_token_abbr":"1000234","exchange_abbr_name":"TRZ/TRX","second_token_id":"_","status":"0"},{"first_token_id":"1001612","up_down_percent":"0.0","second_token_balance":7091841,"exchange_name":"1001612/_","volume":"0.0","second_token_abbr":"_","exchange_id":127,"high":"2.8444222E-7","first_token_balance":24932448,"low":"2.8444222E-7","price":2.8444222E-7,"first_owner_address":"","creator_address":"TG5TfnbtpN8T8kzkH9Y8zfoq79m2uFexd6","svolume":"0.0","first_token_abbr":"1001612","exchange_abbr_name":"PALA/TRX","second_token_id":"_","status":"0"},{"first_token_id":"1000375","up_down_percent":"0.0","second_token_balance":2000000,"exchange_name":"1000375/_","volume":"0.0","second_token_abbr":"_","exchange_id":130,"high":"0.00034188034","first_token_balance":5850,"low":"0.00034188034","price":3.4188034E-4,"first_owner_address":"","creator_address":"TEvpvSRVwpaLPNamwDruEhqxNeF8mCNnbj","svolume":"0.0","first_token_abbr":"1000375","exchange_abbr_name":"SVT/TRX","second_token_id":"_","status":"0"},{"first_token_id":"1001058","up_down_percent":"0.0","second_token_balance":2211538910,"exchange_name":"1001058/_","volume":"0.0","second_token_abbr":"_","exchange_id":53,"high":"0.000027625409","first_token_balance":80054522,"low":"0.000027625409","price":2.762541E-5,"first_owner_address":"","creator_address":"TEJD8QNUBJ3Sxw2xUHV9Hq2YRD2p2QjoZq","svolume":"0.0","first_token_abbr":"1001058","exchange_abbr_name":"DLL/TRX","second_token_id":"_","status":"0"},{"first_token_id":"1001367","up_down_percent":"0.0","second_token_balance":6751,"exchange_name":"1001367/_","volume":"0.0","second_token_abbr":"_","exchange_id":94,"high":"3.2183788E-8","first_token_balance":209764,"low":"3.2183788E-8","price":3.2183788E-8,"first_owner_address":"","creator_address":"TLLBWeLjBsiG7xJ3LGaNjS5wMVSJ3sYrTP","svolume":"0.0","first_token_abbr":"1001367","exchange_abbr_name":"PTP/TRX","second_token_id":"_","status":"0"},{"first_token_id":"1001875","up_down_percent":"0.0","second_token_balance":2073944,"exchange_name":"1001875/_","volume":"0.0","second_token_abbr":"_","exchange_id":148,"high":"3.5083966E-7","first_token_balance":5911373,"low":"3.5083966E-7","price":3.5083966E-7,"first_owner_address":"","creator_address":"TCx6NMya57eXwYru6wKdwNKULscdHzAkBH","svolume":"0.0","first_token_abbr":"1001875","exchange_abbr_name":"CLP/TRX","second_token_id":"_","status":"0"},{"first_token_id":"1001339","up_down_percent":"0.0","second_token_balance":6516,"exchange_name":"1001339/_","volume":"0.0","second_token_abbr":"_","exchange_id":16,"high":"6.216371E-8","first_token_balance":104820,"low":"6.216371E-8","price":6.216371E-8,"first_owner_address":"","creator_address":"TCWAobTJGMX7Ybed6YqxbHCuHLCaniwMJ2","svolume":"0.0","first_token_abbr":"1001339","exchange_abbr_name":"EDN/TRX","second_token_id":"_","status":"0"},{"first_token_id":"1001464","up_down_percent":"0.0","second_token_balance":13340,"exchange_name":"1001464/_","volume":"0.0","second_token_abbr":"_","exchange_id":144,"high":"2.549548E-7","first_token_balance":52323,"low":"2.549548E-7","price":2.5495478E-7,"first_owner_address":"","creator_address":"TNfR9coWH76XNFwhJd4XS5ysFcYW3JfxD8","svolume":"0.0","first_token_abbr""
12:57:54.488 [TestNG-tests-1] DEBUG org.apache.http.wire -  << ":"1001464","exchange_abbr_name":"TRXp/TRX","second_token_id":"_","status":"0"},{"first_token_id":"1000105","up_down_percent":"0.0","second_token_balance":1168703,"exchange_name":"1000105/_","volume":"0.0","second_token_abbr":"_","exchange_id":141,"high":"0.004043955","first_token_balance":289,"low":"0.004043955","price":0.004043955,"first_owner_address":"","creator_address":"TQq7yorczP5zh1ZsAriyUkeavkmt6cttJW","svolume":"0.0","first_token_abbr":"1000105","exchange_abbr_name":"VSU/TRX","second_token_id":"_","status":"0"},{"first_token_id":"1001497","up_down_percent":"0.0","second_token_balance":259,"exchange_name":"1001497/_","volume":"0.0","second_token_abbr":"_","exchange_id":123,"high":"1.2940178E-10","first_token_balance":2001518,"low":"1.2940178E-10","price":1.2940178E-10,"first_owner_address":"","creator_address":"TSeeBjuVd45sRxqzowqjqryDWkKeV3EjYx","svolume":"0.0","first_token_abbr":"1001497","exchange_abbr_name":"TV/TRX","second_token_id":"_","status":"0"},{"first_token_id":"1000004","up_down_percent":"0.0","second_token_balance":5710650,"exchange_name":"1000004/_","volume":"0.0","second_token_abbr":"_","exchange_id":61,"high":"0.08158071","first_token_balance":70,"low":"0.08158071","price":0.08158071,"first_owner_address":"","creator_address":"TYzjT67wKhwtCXfezbNZ8aVZGDSTfMZRKH","svolume":"0.0","first_token_abbr":"1000004","exc"
12:57:54.488 [TestNG-tests-1] DEBUG org.apache.http.wire -  << "hange_abbr_name":"BTC/TRX","second_token_id":"_","status":"0"},{"first_token_id":"1001528","up_down_percent":"0.0","second_token_balance":922969,"exchange_name":"1001528/_","volume":"0.0","second_token_abbr":"_","exchange_id":134,"high":"0.000013353526","first_token_balance":69118,"low":"0.000013353526","price":1.3353526E-5,"first_owner_address":"","creator_address":"TYftfpnCitoxju9rMYx6XNegUHmFoPMary","svolume":"0.0","first_token_abbr":"1001528","exchange_abbr_name":"RET/TRX","second_token_id":"_","status":"0"},{"first_token_id":"1001605","up_down_percent":"0.0","second_token_balance":67364935,"exchange_name":"1001605/_","volume":"0.0","second_token_abbr":"_","exchange_id":98,"high":"0.0000047421836","first_token_balance":14205468,"low":"0.0000047421836","price":4.7421836E-6,"first_owner_address":"","creator_address":"TC8ytrJeckUYwdV1apaVzNT6hPtifUdPi2","svolume":"0.0","first_token_abbr":"1001605","exchange_abbr_name":"Dao/TRX","second_token_id":"_","status":"0"},{"first_token_id":"1001013","up_down_percent":"0.0","second_token_balance":56202096,"exchange_name":"1001013/_","volume":"0.0","second_token_abbr":"_","exchange_id":78,"high":"0.00003095315","first_token_balance":1815715,"low":"0.00003095315","price":3.095315E-5,"first_owner_address":"","creator_address":"TNTnMsMBKtJxcsp8EMQnvno3PW4ZhPsDTo","svolume":"0.0","first_token_abbr":"1001013","exchange_abbr_name":"TPL/TRX","second_token_id":"_","status":"0"},{"first_token_id":"1000416","up_down_percent":"0.0","second_token_balance":55324240,"exchange_name":"1000416/_","volume":"0.0","second_token_abbr":"_","exchange_id":86,"high":"8.604257E-7","first_token_balance":64298682,"low":"8.604257E-7","price":8.6042576E-7,"first_owner_address":"","creator_address":"TFkWuXwqwpBTfMuFAyjCjJZxG8R5k9ayJw","svolume":"0.0","first_token_abbr":"1000416","exchange_abbr_name":"fMX/TRX","second_token_id":"_","status":"0"},{"first_token_id":"1000579","up_down_percent":"0.0","second_token_balance":368777627,"exchange_name":"1000579/_","volume":"0.0","second_token_abbr":"_","exchange_id":93,"high":"0.000054439883","first_token_balance":6774034,"low":"0.000054439883","price":5.4439883E-5,"first_owner_address":"","creator_address":"THznRYv1U8CLV3SbSeYoH5Ak1WQCpto7Cb","svolume":"0.0","first_token_abbr":"1000579","exchange_abbr_name":"PSN/TRX","second_token_id":"_","status":"0"},{"first_token_id":"1001135","up_down_percent":"0.0","second_token_balance":27683109,"exchange_name":"1001135/_","volume":"0.0","second_token_abbr":"_","exchange_id":32,"high":"0.00011627894","first_token_balance":238075,"low":"0.00011627894","price":1.1627894E-4,"first_owner_address":"","creator_address":"TAyUQiZ3k2mWuhsVmjMpsk5t3GVybxnhoM","svolume":"0.0","first_token_abbr":"1001135","exchange_abbr_name":"CFE/TRX","second_token_id":"_","status":"0"},{"first_token_id":"1001043","up_down_percent":"0.0","second_token_balance":8831,"exchange_name":"1001043/_","volume":"0.0","second_token_abbr":"_","exchange_id":132,"high":"6.3766336E-8","first_token_balance":138490,"low":"6.3766336E-8","price":6.3766336E-8,"first_owner_address":"","creator_address":"TMmiZ8rJVJj4bLvdj3DWTCbUhNxsgEm6hS","svolume":"0.0","first_token_abbr":"1001043","exchange_abbr_name":"RTR/TRX","second_token_id":"_","status":"0"},{"first_token_id":"1001344","up_down_percent":"0.0","second_token_balance":12585191,"exchange_name":"1001344/_","volume":"0.0","second_token_abbr":"_","exchange_id":19,"high":"1.03681685E-7","first_token_balance":121382973,"low":"1.03681685E-7","price":1.03681685E-7,"first_owner_address":"","creator_address":"TRxAWB5Jo919U3rVWBkm8uMViViWRrUst2","svolume":"0.0","first_token_abbr":"1001344","exchange_abbr_name":"VIVI/TRX","second_token_id":"_","status":"0"},{"first_token_id":"1001340","up_down_percent":"0.0","second_token_balance":139721836,"exchange_name":"1001340/_","volume":"0.0","second_token_abbr":"_","exchange_id":114,"high":"1.2909643E-7","first_token_balance":1082305898,"low":"1.2909643E-7","price":1.2909643E-7,"first_owner_address":"","creator_address":"TBi2TZeTfaGBM9wECuo5h1sxgZeo6CAZnj","svolume":"0.0","first_token_abbr":"1001340","exchange_abbr_name":"ton/TRX","second_token_id":"_","status":"0"},{"first_token_id":"1000555","up_down_percent":"0.0","second_token_balance":397612,"exchange_name":"1000555/_","volume":"0.0","second_token_abbr":"_","exchange_id":52,"high":"0.00016798142","first_token_balance":2367,"low":"0.00016798142","price":1.6798142E-4,"first_owner_address":"","creator_address":"TMdVs5fkTwbGDH8QGipfRvWwyvzL4S2hhM","svolume":"0.0","first_token_abbr":"1000555","exchange_abbr_name":"SBT/TRX","second_token_id":"_","status":"0"},{"first_token_id":"1001305","up_down_percent":"0.0","second_token_balance":15102,"exchange_name":"1001305/_","volume":"0.0","second_token_abbr":"_","exchange_id":2,"high":"0.000117984375","first_token_balance":128,"low":"0.000117984375","price":1.17984375E-4,"first_owner_address":"","creator_address":"TUgE94frLY3CPycEmjgHvT9YVPvgCSLcZ4","svolume":"0.0","first_token_abbr":"1001305","exchange_abbr_name":"dice/TRX","second_token_id":"_","status":"0"},{"first_token_id":"1001612","up_down_percent":"0.0","second_token_balance":17293,"exchange_name":"1001612/_","volume":"0.0","second_token_abbr":"_","exchange_id":131,"high":"1.517662E-7","first_token_balance":113945,"low":"1.517662E-7","price":1.517662E-7,"first_owner_address":"","creator_address":"TGN1ifYKfYwYcZULNZCdNXocTP5xMcZu6r","svolume":"0.0","fi"
12:57:54.488 [TestNG-tests-1] DEBUG org.apache.http.wire -  << "rst_token_abbr":"1001612","exchange_abbr_name":"PALA/TRX","second_token_id":"_","status":"0"},{"first_token_id":"1001390","up_down_percent":"0.0","second_token_balance":2436860,"exchange_name":"1001390/_","volume":"0.0","second_token_abbr":"_","exchange_id":55,"high":"0.00010469861","first_token_balance":23275,"low":"0.00010469861","price":1.046986E-4,"first_owner_address":"","creator_address":"TWtBhDKs7c7EpuJBxwiJ6Ei58X2zC4jkbH","svolume":"0.0","first_token_abbr":"1001390","exchange_abbr_name":"TBX/TRX","second_token_id":"_","status":"0"},{"first_token_id":"1000989","up_down_percent":"0.0","second_token_balance":187639735,"exchange_name":"1000989/_","volume":"0.0","second_token_abbr":"_","exchange_id":87,"high":"0.0001173539","first_token_balance":1598922,"low":"0.0001173539","price":1.173539E-4,"first_owner_address":"","creator_address":"TWHENxn8E7fReiS5euyBFajVSaRb1DmnEr","svolume":"0.0","first_token_abbr":"1000989","exchange_abbr_name":"WHEN/TRX","second_token_id":"_","status":"0"},{"first_token_id":"1000564","up_down_percent":"0.0","second_token_balance":85199,"exchange_name":"1000564/_","volume":"0.0","second_token_abbr":"_","exchange_id":1,"high":"0.0004896494","first_token_balance":174,"low":"0.0004896494","price":4.896494E-4,"first_owner_address":"","creator_address":"TYMmLJeReBpsGT1nA51LkjJf3ipP9JD2ej","svolume":"0.0","first_token_abbr":"1000564","exchange_abbr_name":"LCC/TRX","second_token_id":"_","status":"0"},{"first_token_id":"1001482","up_down_percent":"0.0","second_token_balance":2019874,"exchange_name":"1001482/_","volume":"0.0","second_token_abbr":"_","exchange_id":133,"high":"0.013740639","first_token_balance":147,"low":"0.013740639","price":0.013740639,"first_owner_address":"","creator_address":"TXTkbY4hkMCRBEKBeB6rxARSXWq9VaYDcm","svolume":"0.0","first_token_abbr":"1001482","exchange_abbr_name":"CRYT/TRX","second_token_id":"_","status":"0"},{"first_token_id":"1001427","up_down_percent":"0.0","second_token_balance":2011467,"exchange_name":"1001427/_","volume":"0.0","second_token_abbr":"_","exchange_id":83,"high":"0.0009778644","first_token_balance":2057,"low":"0.0009778644","price":9.778644E-4,"first_owner_address":"","creator_address":"TSwM7KDcCrfe6tdpEQuZcs8nuVj3KNmsYe","svolume":"0.0","first_token_abbr":"1001427","exchange_abbr_name":"RFD/TRX","second_token_id":"_","status":"0"},{"first_token_id":"1001810","up_down_percent":"0.0","second_token_balance":30265648,"exchange_name":"1001810/_","volume":"0.0","second_token_abbr":"_","exchange_id":142,"high":"0.0025560043","first_token_balance":11841,"low":"0.0025560043","price":0.0025560043,"first_owner_address":"","creator_address":"TFFFyJ6w6bgDa5tciErgrjWGyTPSyE8qRy","svolume":"0.0","first_token_abbr":"1001810","exchange_abbr_name":"CLP/TRX","second_token_id":"_","status":"0"},{"first_token_id":"1001314","up_down_percent":"0.0","second_token_balance":7325633174,"exchange_name":"1001314/_","volume":"0.0","second_token_abbr":"_","exchange_id":11,"high":"0.000596007","first_token_balance":12291187,"low":"0.000596007","price":5.96007E-4,"first_owner_address":"","creator_address":"TC71he9PENa2cvvPrHTZjVrnLyW8Vwz1Sk","svolume":"0.0","first_token_abbr":"1001314","exchange_abbr_name":"Info/TRX","second_token_id":"_","status":"0"},{"first_token_id":"1000491","up_down_percent":"0.0","second_token_balance":35000,"exchange_name":"1000491/_","volume":"0.0","second_token_abbr":"_","exchange_id":167,"high":"0.035","first_token_balance":1,"low":"0.035","price":0.035,"first_owner_address":"","creator_address":"TR2183yWekbRuYnxN5hoUyaUQ3uJwJAiGn","svolume":"0.0","first_token_abbr":"BitTorrent","exchange_abbr_name":"BTT/TRX","second_token_id":"_","status":"0"},{"first_token_id":"1000521","up_down_percent":"0.0","second_token_balance":978035126,"exchange_name":"1000521/_","volume":"0.0","second_token_abbr":"_","exchange_id":68,"high":"0.000009564836","first_token_balance":102253210,"low":"0.000009564836","price":9.564836E-6,"first_owner_address":"","creator_address":"TWkH8rZ8a3QjKfhdjAp9biTEpvaATjpvGw","svolume":"0.0","first_token_abbr":"1000521","exchange_abbr_name":"GLT/TRX","second_token_id":"_","status":"0"},{"first_token_id":"1001444","up_down_percent":"0.0","second_token_balance":767070384,"exchange_name":"1001444/_","volume":"0.0","second_token_abbr":"_","exchange_id":70,"high":"0.0000024419628","first_token_balance":314120423,"low":"0.0000024419628","price":2.441963E-6,"first_owner_address":"","creator_address":"TMMUPGBT2zY6qz2YJAooUNq6JXqwYAQKhS","svolume":"0.0","first_token_abbr":"1001444","exchange_abbr_name":"GFC/TRX","second_token_id":"_","status":"0"},{"first_token_id":"1001410","up_down_percent":"0.0","second_token_balance":1000000,"exchange_name":"1001410/_","volume":"0.0","second_token_abbr":"_","exchange_id":168,"high":"0.06666667","first_token_balance":15,"low":"0.06666667","price":0.06666666,"first_owner_address":"","creator_address":"TN5455dWxMfj1gsfG3FuWSbJTKdTGpwDrZ","svolume":"0.0","first_token_abbr":"BitMain","exchange_abbr_name":"BTM/TRX","second_token_id":"_","status":"0"},{"first_token_id":"1000205","up_down_percent":"0.0","second_token_balance":1003000,"exchange_name":"1000205/_","volume":"0.0","second_token_abbr":"_","exchange_id":169,"high":"0.0033433333","first_token_balance":300,"low":"0.0033433333","price":0.0033433333,"first_owner_address":"","creator_address":"TQ8bvpe3X2KrrmiiP1r9SqUuqt5DE4Rq2L","svolume":"0.0","first_token_abbr":"1000205","exchange_abbr_name":"DJ$/TRX","second_token_id":"_","status":"0"},{"first_token_id":"1001953","up_down_percent":"0.0","second_token_balance":1049702,"exchange_name":"1001953/_","volume":"0.0","second_token_abbr":"_","exchange_id":159,"high":"1.4765068E-8","first_token_balance":71093611,"low":"1.4765068E-8","price":1.4765069E-8,"first_owner_address":"","creator_address":"TBJbuSy7a9Cewj449514Cmv8TjJkRKd3Ho","svolume":"0.0","first_token_abbr":"1001953","exchange_abbr_name":"REAL/TRX","second_token_id":"_","status":"0"},{"first_token_id":"1001027","up_down_percent":"0.0","second_token_balance":0,"exchange_name":"1001027/_","volume":"0.0","second_token_abbr":"_","exchange_id":22,"high":"0.012195654","first_token_balance":0,"low":"0.012195654","price":0,"first_owner_address":"","creator_address":"TAPgTNnCQ46LHiJwNQzHdTsLY7pYMj7S5R","svolume":"0.0","first_token_abbr":"1001027","exchange_abbr_name":"Lambo/TRX","second_token_id":"_","status":"0"},{"first_token_id":"1001313","up_down_percent":"0.0","second_token_balance":31872,"exchange_name":"1001313/_","volume":"0.0","second_token_abbr":"_","exchange_id":10,"high":"0.031872","first_token_balance":1,"low":"0.031872","price":0.031872,"first_owner_address":"","creator_address":"TCLJe8giq47DEwX9PtiSJk64LRhQMtNARf","svolume":"0.0","first_token_abbr":"1001313","exchange_abbr_name":"CGIZA/TRX","second"
12:57:54.489 [TestNG-tests-1] DEBUG org.apache.http.wire -  << "_token_id":"_","status":"1"},{"first_token_id":"1001158","up_down_percent":"0.0","second_token_balance":1649102192,"exchange_name":"1001158/_","volume":"0.0","second_token_abbr":"_","exchange_id":64,"high":"0.003020887","first_token_balance":545900,"low":"0.003020887","price":0.003020887,"first_owner_address":"","creator_address":"TVX2YvdQKhBSL3h4AQWzYnQujnaZQsYwkM","svolume":"0.0","first_token_abbr":"1001158","exchange_abbr_name":"THC/TRX","second_token_id":"_","status":"0"},{"first_token_id":"1000036","up_down_percent":"0.0","second_token_balance":216610453,"exchange_name":"1000036/_","volume":"0.0","second_token_abbr":"_","exchange_id":63,"high":"0.0016923221","first_token_balance":127996,"low":"0.0016923221","price":0.001692322,"first_owner_address":"","creator_address":"TKpF41R7jZqLSuZbai6y5BZ5sRcAh2uf6J","svolume":"0.0","first_token_abbr":"1000036","exchange_abbr_name":"TBTC/TRX","second_token_id":"_","status":"0"},{"first_token_id":"1001429","up_down_percent":"0.0","second_token_balance":855462761,"exchange_name":"1001429/_","volume":"0.0","second_token_abbr":"_","exchange_id":60,"high":"0.0000011434615","first_token_balance":748134250,"low":"0.0000011434615","price":1.1434615E-6,"first_owner_address":"","creator_address":"TRu6TzsGe8FwYeYtqp2HNrbpPAymz3GFbM","svolume":"0.0","first_token_abbr":"1001429","exchange_abbr_name":"TGC/"
12:57:54.732 [TestNG-tests-1] DEBUG org.apache.http.wire -  << "TRX","second_token_id":"_","status":"0"},{"first_token_id":"1001384","up_down_percent":"0.0","second_token_balance":2201755145,"exchange_name":"1001384/_","volume":"0.0","second_token_abbr":"_","exchange_id":46,"high":"0.0012140789","first_token_balance":1813519,"low":"0.0012140789","price":0.0012140789,"first_owner_address":"","creator_address":"TJhZzCtF5macLpJuEYFRSMgcvi7g2e3tKo","svolume":"0.0","first_token_abbr":"1001384","exchange_abbr_name":"SIT/TRX","second_token_id":"_","status":"0"},{"first_token_id":"1000761","up_down_percent":"0.0","second_token_balance":25299485,"exchange_name":"1000761/_","volume":"0.0","second_token_abbr":"_","exchange_id":128,"high":"0.000029663315","first_token_balance":852888,"low":"0.000029663315","price":2.9663313E-5,"first_owner_address":"","creator_address":"TDFAAzVA12TCCqTcEqbMYiXnhsVXsRu9bZ","svolume":"0.0","first_token_abbr":"1000761","exchange_abbr_name":"Tbn/TRX","second_token_id":"_","status":"0"},{"first_token_id":"1001351","up_down_percent":"0.0","second_token_balance":833357,"exchange_name":"1001351/_","volume":"0.0","second_token_abbr":"_","exchange_id":35,"high":"0.039683666","first_token_balance":21,"low":"0.039683666","price":0.03968367,"first_owner_address":"","creator_address":"TNkGetoweN4vfxFbvQsk8RgWzajGJLXZBe","svolume":"0.0","first_token_abbr":"1001351","exchange_abbr_name":"CDF/TRX","second_token_id":"_","status":"1"},{"first_token_id":"1001156","up_down_percent":"0.0","second_token_balance":14798180,"exchange_name":"1001156/_","volume":"0.0","second_token_abbr":"_","exchange_id":72,"high":"0.0000015391355","first_token_balance":9614605,"low":"0.0000015391355","price":1.5391355E-6,"first_owner_address":"","creator_address":"TDFAAzVA12TCCqTcEqbMYiXnhsVXsRu9bZ","svolume":"0.0","first_token_abbr":"1001156","exchange_abbr_name":"CC/TRX","second_token_id":"_","status":"0"},{"first_token_id":"1000896","up_down_percent":"0.0","second_token_balance":874751585,"exchange_name":"1000896/_","volume":"0.0","second_token_abbr":"_","exchange_id":48,"high":"0.0000113175765","first_token_balance":77291422,"low":"0.0000113175765","price":1.13175765E-5,"first_owner_address":"","creator_address":"TLizzhLSHBKQA5iFQ1TirQdhm4Enu4JgQ5","svolume":"0.0","first_token_abbr":"1000896","exchange_abbr_name":"GZA/TRX","second_token_id":"_","status":"0"},{"first_token_id":"1001412","up_down_percent":"0.0","second_token_balance":6198564765,"exchange_name":"1001412/_","volume":"0.0","second_token_abbr":"_","exchange_id":58,"high":"0.0000038422086","first_token_balance":1613281693,"low":"0.0000038422086","price":3.8422086E-6,"first_owner_address":"","creator_address":"TTAdeAs1mG6VfT2NxLv47rzTBbnbCUc81F","svolume":"0.0","first_token_abbr":"1001412","exchange_abbr_name":"TSKY/TRX","second_token_id":"_","status":"0"},{"first_token_id":"1002183","up_down_percent":"0.0","second_token_balance":5775780,"exchange_name":"1002183/_","volume":"0.0","second_token_abbr":"_","exchange_id":160,"high":"0.00006072609","first_token_balance":95112,"low":"0.00006072609","price":6.0726088E-5,"first_owner_address":"","creator_address":"TSeFqucwZ4PRuikpeKJ9xAFmbw1bdzFTzy","svolume":"0.0","first_token_abbr":"1002183","exchange_abbr_name":"TXC/TRX","second_token_id":"_","status":"0"},{"first_token_id":"1001872","up_down_percent":"0.0","second_token_balance":726967,"exchange_name":"1001872/_","volume":"0.0","second_token_abbr":"_","exchange_id":147,"high":"0.00000302409","first_token_balance":240392,"low":"0.00000302409","price":3.02409E-6,"first_owner_address":"","creator_address":"TKpJUP4CCymphdug1XmGzDGDmGXZjLyf29","svolume":"0.0","first_token_abbr":"1001872","exchange_abbr_name":"TWX/TRX","second_token_id":"_","status":"0"},{"first_token_id":"1000532","up_down_percent":"0.0","second_token_balance":884781069,"exchange_name":"1000532/_","volume":"0.0","second_token_abbr":"_","exchange_id":95,"high":"6.710596E-7","first_token_balance":1318483667,"low":"6.710596E-7","price":6.710595E-7,"first_owner_address":"","creator_address":"TUJGC4AK1Mp3tfXXnk9Zrxumgcjrv1QJe4","svolume":"0.0","first_token_abbr":""
12:57:54.733 [TestNG-tests-1] DEBUG org.apache.http.wire -  << "1000532","exchange_abbr_name":"Lot/TRX","second_token_id":"_","status":"0"},{"first_token_id":"1000088","up_down_percent":"0.0","second_token_balance":204518,"exchange_name":"1000088/_","volume":"0.0","second_token_abbr":"_","exchange_id":138,"high":"4.512456E-10","first_token_balance":453229919,"low":"4.512456E-10","price":4.5124557E-10,"first_owner_address":"","creator_address":"TCLV5eYzgC7WbcVCiu2yRjEBmpDgsuNs8x","svolume":"0.0","first_token_abbr":"1000088","exchange_abbr_name":"token/TRX","second_token_id":"_","status":"0"},{"first_token_id":"1001192","up_down_percent":"0.0","second_token_balance":6806674239,"exchange_name":"1001192/_","volume":"0.0","second_token_abbr":"_","exchange_id":50,"high":"0.0000012263536","first_token_balance":5550336083,"low":"0.0000012263536","price":1.2263536E-6,"first_owner_address":"","creator_address":"TLizzhLSHBKQA5iFQ1TirQdhm4Enu4JgQ5","svolume":"0.0","first_token_abbr":"1001192","exchange_abbr_name":"MEME/TRX","second_token_id":"_","status":"0"},{"first_token_id":"1000475","up_down_percent":"0.0","second_token_balance":83,"exchange_name":"1000475/_","volume":"0.0","second_token_abbr":"_","exchange_id":90,"high":"8.216087E-13","first_token_balance":101021327,"low":"8.216087E-13","price":8.216087E-13,"first_owner_address":"","creator_address":"TUN7RsQMxAm7Y5NtTmCdrTQvBt9F87wob5","svolume":"0.0","fi"
12:57:54.733 [TestNG-tests-1] DEBUG org.apache.http.wire -  << "rst_token_abbr":"1000475","exchange_abbr_name":"TRWJ/TRX","second_token_id":"_","status":"0"},{"first_token_id":"1000231","up_down_percent":"0.0","second_token_balance":15055954157,"exchange_name":"1000231/_","volume":"0.0","second_token_abbr":"_","exchange_id":21,"high":"0.00008838436","first_token_balance":170346361,"low":"0.00008838436","price":8.838435E-5,"first_owner_address":"","creator_address":"TXr6ScFtkntXGQURAwJkCY7JzoQAyLsv6g","svolume":"0.0","first_token_abbr":"1000231","exchange_abbr_name":"GOLD/TRX","second_token_id":"_","status":"0"},{"first_token_id":"1000386","up_down_percent":"0.0","second_token_balance":17830018,"exchange_name":"1000386/_","volume":"0.0","second_token_abbr":"_","exchange_id":146,"high":"1.2735727","first_token_balance":14,"low":"1.2735727","price":1.2735728,"first_owner_address":"","creator_address":"TK3VSP3kwp7XssTGpisRSKGHE69nhk1hen","svolume":"0.0","first_token_abbr":"1000386","exchange_abbr_name":"BITRO/TRX","second_token_id":"_","status":"0"},{"first_token_id":"1002000","up_down_percent":"0.0","second_token_balance":220776468,"exchange_name":"1002000/_","volume":"0.0","second_token_abbr":"_","exchange_id":166,"high":"3.7494036E-8","first_token_balance":5888308906,"low":"3.7494036E-8","price":3.7494036E-8,"first_owner_address":"","creator_address":"TM8HFiccs27kSCQW4XnxoZE3wRoT6vmQKR","svolume":"0"
12:57:54.733 [TestNG-tests-1] DEBUG org.apache.http.wire -  << ".0","first_token_abbr":"1002000","exchange_abbr_name":"BTT/TRX","second_token_id":"_","status":"0"},{"first_token_id":"1001316","up_down_percent":"0.0","second_token_balance":18988049,"exchange_name":"1001316/_","volume":"0.0","second_token_abbr":"_","exchange_id":106,"high":"0.04238404","first_token_balance":448,"low":"0.04238404","price":0.042384036,"first_owner_address":"","creator_address":"TLck39eRzum8PU7r9v6jPcsqreKt2qC58Z","svolume":"0.0","first_token_abbr":"1001316","exchange_abbr_name":"TSY/TRX","second_token_id":"_","status":"0"},{"first_token_id":"1000945","up_down_percent":"0.0","second_token_balance":13827351884,"exchange_name":"1000945/_","volume":"0.0","second_token_abbr":"_","exchange_id":71,"high":"0.016007362","first_token_balance":863812,"low":"0.016007362","price":0.016007362,"first_owner_address":"","creator_address":"TLhq8jpsU28aPtwDSXkN2txM3N2EGToAzQ","svolume":"0.0","first_token_abbr":"1000945","exchange_abbr_name":"EMS/TRX","second_token_id":"_","status":"0"},{"first_token_id":"1001791","up_down_percent":"0.0","second_token_balance":349842,"exchange_name":"1001791/_","volume":"0.0","second_token_abbr":"_","exchange_id":156,"high":"0.000018830982","first_token_balance":18578,"low":"0.000018830982","price":1.8830982E-5,"first_owner_address":"","creator_address":"TEBgurHiQ1FHHug8WRLdek7KusUBRiLAit","svolume":"0.0","first_token_abbr":"1001791","exchange_abbr_name":"FU/TRX","second_token_id":"_","status":"0"},{"first_token_id":"1000671","up_down_percent":"0.0","second_token_balance":9695146,"exchange_name":"1000671/_","volume":"0.0","second_token_abbr":"_","exchange_id":73,"high":"0.000010480412","first_token_balance":925073,"low":"0.000010480412","price":1.0480411E-5,"first_owner_address":"","creator_address":"TJbweby75yKTPbjKEVTnZ2eQ16QuagxqR3","svolume":"0.0","first_token_abbr":"1000671","exchange_abbr_name":"EdX/TRX","second_token_id":"_","status":"0"},{"first_token_id":"1001628","up_down_percent":"0.0","second_token_balance":6560,"exchange_name":"1001628/_","volume":"0.0","second_token_abbr":"_","exchange_id":109,"high":"1.8095005E-8","first_token_balance":362531,"low":"1.8095005E-8","price":1.8095003E-8,"first_owner_address":"","creator_address":"TYGe1UnXwMpxa5xhX5BPf6moSvwnbhAPu1","svolume":"0.0","first_token_abbr":"1001628","exchange_abbr_name":"GOT/TRX","second_token_id":"_","status":"0"},{"first_token_id":"1000935","up_down_percent":"0.0","second_token_balance":139649494,"exchange_name":"1000935/_","volume":"0.0","second_token_abbr":"_","exchange_id":143,"high":"2.289336","first_token_balance":61,"low":"2.289336","price":2.2893357,"first_owner_address":"","creator_address":"TPVkcFYTEi9Dia45AveiTcaYoaU9ux7xC7","svolume":"0.0","first_token_abbr":"1000935","exchange_abbr_name":"MSK/TRX","second_token_id":"_","status":"0"},{"first_token_id":"1000322","up_down_percent":"0.0","second_token_balance":0,"exchange_name":"1000322/_","volume":"0.0","second_token_abbr":"_","exchange_id":129,"high":"0.00031910377","first_token_balance":0,"low":"0.00031910377","price":0,"first_owner_address":"","creator_address":"TDGy2M9qWBepSHDEutWWxWd1JZfmAed3BP","svolume":"0.0","first_token_abbr":"1000322","exchange_abbr_name":"TRUC/TRX","second_token_id":"_","status":"0"},{"first_token_id":"1001190","up_down_percent":"0.0","second_token_balance":92442853,"exchange_name":"1001190/_","volume":"0.0","second_token_abbr":"_","exchange_id":49,"high":"3.389731E-8","first_token_balance":2727144002,"low":"3.389731E-8","price":3.3897315E-8,"first_owner_address":"","creator_address":"TLizzhLSHBKQA5iFQ1TirQdhm4Enu4JgQ5","svolume":"0.0","first_token_abbr":"1001190","exchange_abbr_name":"DDO/TRX","second_token_id":"_","status":"0"},{"first_token_id":"1000226","up_down_percent":"0.0","second_token_balance":6367283172,"exchange_name":"1000226/_","volume":"0.0","second_token_abbr":"_","exchange_id":25,"high":"0.31530568","first_token_balance":20194,"low":"0.31530568","price":0.31530568,"first_owner_address":"","creator_address":"TKLjUL8aedK5H9AjFahYAzDzT29LU6Z9e4","svolume":"385.432358","first_token_abbr":"1000"
12:57:54.733 [TestNG-tests-1] DEBUG org.apache.http.wire -  << "226","exchange_abbr_name":"TERC/TRX","second_token_id":"_","status":"1"},{"first_token_id":"1001090","up_down_percent":"0.0","second_token_balance":570214845382,"exchange_name":"1001090/_","volume":"38000.0","second_token_abbr":"_","exchange_id":44,"high":"0.0052502607","first_token_balance":108606963,"low":"0.0052502607","price":0.0052502607,"first_owner_address":"","creator_address":"TYjNqmBaTmQ8UFLfmunUuUGuLnGvLLBojK","svolume":"0.0","first_token_abbr":"1001090","exchange_abbr_name":"TONE/TRX","second_token_id":"_","status":"1"},{"first_token_id":"1001107","up_down_percent":"0.0","second_token_balance":1444351553012,"exchange_name":"1001107/_","volume":"10.0","second_token_abbr":"_","exchange_id":74,"high":"2.0838315","first_token_balance":693123,"low":"2.0838315","price":2.0838315,"first_owner_address":"","creator_address":"TRAV331zr8fV8iENKifqGHMxRiKkVji7hs","svolume":"20.942807","first_token_abbr":"1001107","exchange_abbr_name":"KAOS/TRX","second_token_id":"_","status":"1"},{"first_token_id":"1000985","up_down_percent":"-3.6123853E-5","second_token_balance":17965646,"exchange_name":"1000985/_","volume":"0.0","second_token_abbr":"_","exchange_id":38,"high":"0.000012588562","first_token_balance":1427141,"low":"0.000012588562","price":1.2588557E-5,"first_owner_address":"","creator_address":"TRH5jmPx77UnMvfdvfo2m3FCkZVcBiFvqP","svolume":"0.0","first_token_abbr":"1000985","exchange_abbr_name":"Santa/TRX","second_token_id":"_","status":"0"}][\n]"
12:57:54.734 [TestNG-tests-1] DEBUG org.apache.http.wire -  << "[\r][\n]"
12:57:54.734 [TestNG-tests-1] DEBUG org.apache.http.wire -  << "0[\r][\n]"
12:57:54.734 [TestNG-tests-1] DEBUG org.apache.http.wire -  << "[\r][\n]"
12:57:54.734 [TestNG-tests-1] DEBUG org.apache.http.impl.conn.DefaultClientConnection - Connection 0.0.0.0:61078<->18.216.178.128:80 closed
12:57:54.734 [TestNG-tests-1] DEBUG org.apache.http.impl.conn.PoolingClientConnectionManager - Connection released: [id: 35][route: {}->http://apilist.tronscan.org:80][total kept alive: 0; route allocated: 0 of 80; total allocated: 0 of 100]
[{"first_token_id":"1001340","up_down_percent":"0.0","second_token_balance":0,"exchange_name":"1001340/_","volume":"0.0","second_token_abbr":"_","exchange_id":113,"high":"0","first_token_balance":0,"low":"0","price":0,"first_owner_address":"","creator_address":"TBi2TZeTfaGBM9wECuo5h1sxgZeo6CAZnj","svolume":"0.0","first_token_abbr":"1001340","exchange_abbr_name":"ton/TRX","second_token_id":"_","status":"0"},{"first_token_id":"1000317","up_down_percent":"0.0","second_token_balance":0,"exchange_name":"1000317/_","volume":"0.0","second_token_abbr":"_","exchange_id":13,"high":"0","first_token_balance":0,"low":"0","price":0,"first_owner_address":"","creator_address":"TSbhZijH2t7Qn1UAHAu7PBHQdVAvRwSyYr","svolume":"0.0","first_token_abbr":"1000317","exchange_abbr_name":"IGG/TRX","second_token_id":"_","status":"0"},{"first_token_id":"1000080","up_down_percent":"0.0","second_token_balance":0,"exchange_name":"1000080/_","volume":"0.0","second_token_abbr":"_","exchange_id":20,"high":"0","first_token_balance":0,"low":"0","price":0,"first_owner_address":"","creator_address":"TJQHeWxaxaSskBmi7EN19psRe5s9Xn8AcY","svolume":"0.0","first_token_abbr":"1000080","exchange_abbr_name":"CITY/TRX","second_token_id":"_","status":"0"},{"first_token_id":"1000526","up_down_percent":"0.0","second_token_balance":0,"exchange_name":"1000526/_","volume":"0.0","second_token_abbr":"_","exchange_id":137,"high":"0","first_token_balance":0,"low":"0","price":0,"first_owner_address":"","creator_address":"TFFFyJ6w6bgDa5tciErgrjWGyTPSyE8qRy","svolume":"0.0","first_token_abbr":"1000526","exchange_abbr_name":"HSC/TRX","second_token_id":"_","status":"0"},{"first_token_id":"1000897","up_down_percent":"0.0","second_token_balance":0,"exchange_name":"1000897/_","volume":"0.0","second_token_abbr":"_","exchange_id":151,"high":"0","first_token_balance":0,"low":"0","price":0,"first_owner_address":"","creator_address":"TSB2uAEgU346wqh8QZMZZXQweVUZj56jZJ","svolume":"0.0","first_token_abbr":"1000897","exchange_abbr_name":"XDX/TRX","second_token_id":"_","status":"0"},{"first_token_id":"1001355","up_down_percent":"0.0","second_token_balance":0,"exchange_name":"1001355/_","volume":"0.0","second_token_abbr":"_","exchange_id":33,"high":"0","first_token_balance":0,"low":"0","price":0,"first_owner_address":"","creator_address":"TYWXxTdb7AyGPEg3yRz6QNs8VHUsVGcNUK","svolume":"0.0","first_token_abbr":"1001355","exchange_abbr_name":"PUMP/TRX","second_token_id":"_","status":"0"},{"first_token_id":"1000495","up_down_percent":"0.0","second_token_balance":0,"exchange_name":"1000495/_","volume":"0.0","second_token_abbr":"_","exchange_id":76,"high":"0","first_token_balance":0,"low":"0","price":0,"first_owner_address":"","creator_address":"TDHFYepkGZuFGjxJQFHkps65UjhLxiVtmq","svolume":"0.0","first_token_abbr":"1000495","exchange_abbr_name":"DBC/TRX","second_token_id":"_","status":"0"},{"first_token_id":"1001422","up_down_percent":"0.0","second_token_balance":0,"exchange_name":"1001422/_","volume":"0.0","second_token_abbr":"_","exchange_id":54,"high":"0","first_token_balance":0,"low":"0","price":0,"first_owner_address":"","creator_address":"TUzx6Qv5Chuv8xj3zHM73JiuNPHyuYuPYx","svolume":"0.0","first_token_abbr":"1001422","exchange_abbr_name":"BET/TRX","second_token_id":"_","status":"0"},{"first_token_id":"1000316","up_down_percent":"0.0","second_token_balance":0,"exchange_name":"1000316/_","volume":"0.0","second_token_abbr":"_","exchange_id":29,"high":"0","first_token_balance":0,"low":"0","price":0,"first_owner_address":"","creator_address":"TMYRTppTjnSKWtHzABVpwUX712iHkj8sAs","svolume":"0.0","first_token_abbr":"1000316","exchange_abbr_name":"BRGR/TRX","second_token_id":"_","status":"0"},{"first_token_id":"1000161","up_down_percent":"0.0","second_token_balance":0,"exchange_name":"1000161/_","volume":"0.0","second_token_abbr":"_","exchange_id":7,"high":"0","first_token_balance":0,"low":"0","price":0,"first_owner_address":"","creator_address":"TBzwNEE7D3DdTB4wALiSBaMmpSK7jdoxYF","svolume":"0.0","first_token_abbr":"1000161","exchange_abbr_name":"WIN/TRX","second_token_id":"_","status":"0"},{"first_token_id":"1000451","up_down_percent":"0.0","second_token_balance":0,"exchange_name":"1000451/_","volume":"0.0","second_token_abbr":"_","exchange_id":59,"high":"0","first_token_balance":0,"low":"0","price":0,"first_owner_address":"","creator_address":"TJPTRXBBYdqWHRb4gZ3uG2KARrmetoveoL","svolume":"0.0","first_token_abbr":"1000451","exchange_abbr_name":"LVH/TRX","second_token_id":"_","status":"0"},{"first_token_id":"1001316","up_down_percent":"0.0","second_token_balance":0,"exchange_name":"1001316/_","volume":"0.0","second_token_abbr":"_","exchange_id":104,"high":"0","first_token_balance":0,"low":"0","price":0,"first_owner_address":"","creator_address":"TLck39eRzum8PU7r9v6jPcsqreKt2qC58Z","svolume":"0.0","first_token_abbr":"1001316","exchange_abbr_name":"TSY/TRX","second_token_id":"_","status":"0"},{"first_token_id":"1000577","up_down_percent":"0.0","second_token_balance":0,"exchange_name":"1000577/_","volume":"0.0","second_token_abbr":"_","exchange_id":157,"high":"0.1","first_token_balance":0,"low":"0.1","price":0,"first_owner_address":"","creator_address":"TKSXDA8HfE9E1y39RczVQ1ZascUEtaSToF","svolume":"0.0","first_token_abbr":"1000577","exchange_abbr_name":"MGA/TRX","second_token_id":"_","status":"0"},{"first_token_id":"1000488","up_down_percent":"0.0","second_token_balance":2266529569,"exchange_name":"1000488/_","volume":"0.0","second_token_abbr":"_","exchange_id":101,"high":"1.1540375","first_token_balance":1964,"low":"1.1540375","price":1.1540375,"first_owner_address":"","creator_address":"TJE7QRhXNN9mciFU84waRxeAaZVVhepKTc","svolume":"0.0","first_token_abbr":"1000488","exchange_abbr_name":"VinE/TRX","second_token_id":"_","status":"0"},{"first_token_id":"1001340","up_down_percent":"0.0","second_token_balance":0,"exchange_name":"1001340/_","volume":"0.0","second_token_abbr":"_","exchange_id":17,"high":"0","first_token_balance":0,"low":"0","price":0,"first_owner_address":"","creator_address":"TBi2TZeTfaGBM9wECuo5h1sxgZeo6CAZnj","svolume":"0.0","first_token_abbr":"1001340","exchange_abbr_name":"ton/TRX","second_token_id":"_","status":"0"},{"first_token_id":"1000018","up_down_percent":"0.0","second_token_balance":0,"exchange_name":"1000018/_","volume":"0.0","second_token_abbr":"_","exchange_id":4,"high":"0","first_token_balance":0,"low":"0","price":0,"first_owner_address":"","creator_address":"TE7hnUtWRRBz3SkFrX8JESWUmEvxxAhoPt","svolume":"0.0","first_token_abbr":"1000018","exchange_abbr_name":"TWX/TRX","second_token_id":"_","status":"0"},{"first_token_id":"1000018","up_down_percent":"0.0","second_token_balance":0,"exchange_name":"1000018/_","volume":"0.0","second_token_abbr":"_","exchange_id":12,"high":"0","first_token_balance":0,"low":"0","price":0,"first_owner_address":"","creator_address":"TNFtRfcnATHXmPhQjf5voQHsWykCvXAjkK","svolume":"0.0","first_token_abbr":"1000018","exchange_abbr_name":"TWX/TRX","second_token_id":"_","status":"0"},{"first_token_id":"1001383","up_down_percent":"0.0","second_token_balance":0,"exchange_name":"1001383/_","volume":"0.0","second_token_abbr":"_","exchange_id":45,"high":"0","first_token_balance":0,"low":"0","price":0,"first_owner_address":"","creator_address":"TNdzpMxUCf2qS3hgsiTCrjVUWCjmTUw2ms","svolume":"0.0","first_token_abbr":"1001383","exchange_abbr_name":"CHTRX/TRX","second_token_id":"_","status":"0"},{"first_token_id":"1000467","up_down_percent":"0.0","second_token_balance":0,"exchange_name":"1000467/_","volume":"0.0","second_token_abbr":"_","exchange_id":27,"high":"0","first_token_balance":0,"low":"0","price":0,"first_owner_address":"","creator_address":"TMYRTppTjnSKWtHzABVpwUX712iHkj8sAs","svolume":"0.0","first_token_abbr":"1000467","exchange_abbr_name":"DICK/TRX","second_token_id":"_","status":"0"},{"first_token_id":"1000090","up_down_percent":"0.0","second_token_balance":0,"exchange_name":"1000090/_","volume":"0.0","second_token_abbr":"_","exchange_id":30,"high":"0","first_token_balance":0,"low":"0","price":0,"first_owner_address":"","creator_address":"TMYRTppTjnSKWtHzABVpwUX712iHkj8sAs","svolume":"0.0","first_token_abbr":"1000090","exchange_abbr_name":"TRNX/TRX","second_token_id":"_","status":"0"},{"first_token_id":"1001070","up_down_percent":"0.0","second_token_balance":0,"exchange_name":"1001070/_","volume":"0.0","second_token_abbr":"_","exchange_id":24,"high":"0","first_token_balance":0,"low":"0","price":0,"first_owner_address":"","creator_address":"TReXh4pK593JidArCJwhSiB7AWuH2gDxtz","svolume":"0.0","first_token_abbr":"1001070","exchange_abbr_name":"TRL/TRX","second_token_id":"_","status":"0"},{"first_token_id":"1000375","up_down_percent":"0.0","second_token_balance":0,"exchange_name":"1000375/_","volume":"0.0","second_token_abbr":"_","exchange_id":124,"high":"0","first_token_balance":0,"low":"0","price":0,"first_owner_address":"","creator_address":"TEvpvSRVwpaLPNamwDruEhqxNeF8mCNnbj","svolume":"0.0","first_token_abbr":"1000375","exchange_abbr_name":"SVT/TRX","second_token_id":"_","status":"0"},{"first_token_id":"1001316","up_down_percent":"0.0","second_token_balance":0,"exchange_name":"1001316/_","volume":"0.0","second_token_abbr":"_","exchange_id":102,"high":"0","first_token_balance":0,"low":"0","price":0,"first_owner_address":"","creator_address":"TLck39eRzum8PU7r9v6jPcsqreKt2qC58Z","svolume":"0.0","first_token_abbr":"1001316","exchange_abbr_name":"TSY/TRX","second_token_id":"_","status":"0"},{"first_token_id":"1000111","up_down_percent":"0.0","second_token_balance":0,"exchange_name":"1000111/_","volume":"0.0","second_token_abbr":"_","exchange_id":28,"high":"0","first_token_balance":0,"low":"0","price":0,"first_owner_address":"","creator_address":"TMYRTppTjnSKWtHzABVpwUX712iHkj8sAs","svolume":"0.0","first_token_abbr":"1000111","exchange_abbr_name":"GVD/TRX","second_token_id":"_","status":"0"},{"first_token_id":"1000017","up_down_percent":"0.0","second_token_balance":0,"exchange_name":"1000017/_","volume":"0.0","second_token_abbr":"_","exchange_id":117,"high":"0.0003630284","first_token_balance":0,"low":"0.0003630284","price":0,"first_owner_address":"","creator_address":"TCXvLp84eAk4zDqkjpLKXFjHb2Bur1WXRR","svolume":"0.0","first_token_abbr":"1000017","exchange_abbr_name":"Tarq/TRX","second_token_id":"_","status":"0"},{"first_token_id":"1001369","up_down_percent":"0.0","second_token_balance":290,"exchange_name":"1001369/_","volume":"0.0","second_token_abbr":"_","exchange_id":121,"high":"3.9210384E-8","first_token_balance":7396,"low":"3.9210384E-8","price":3.9210384E-8,"first_owner_address":"","creator_address":"TVsMrCpFE6uVLpktdKWa1yD6QcmpQg19o7","svolume":"0.0","first_token_abbr":"1001369","exchange_abbr_name":"cry/TRX","second_token_id":"_","status":"0"},{"first_token_id":"1000018","up_down_percent":"0.0","second_token_balance":0,"exchange_name":"1000018/_","volume":"0.0","second_token_abbr":"_","exchange_id":15,"high":"0","first_token_balance":0,"low":"0","price":0,"first_owner_address":"","creator_address":"TNFtRfcnATHXmPhQjf5voQHsWykCvXAjkK","svolume":"0.0","first_token_abbr":"1000018","exchange_abbr_name":"TWX/TRX","second_token_id":"_","status":"0"},{"first_token_id":"1000322","up_down_percent":"0.0","second_token_balance":0,"exchange_name":"1000322/_","volume":"0.0","second_token_abbr":"_","exchange_id":31,"high":"0","first_token_balance":0,"low":"0","price":0,"first_owner_address":"","creator_address":"TMYRTppTjnSKWtHzABVpwUX712iHkj8sAs","svolume":"0.0","first_token_abbr":"1000322","exchange_abbr_name":"TRUC/TRX","second_token_id":"_","status":"0"},{"first_token_id":"1000514","up_down_percent":"0.0","second_token_balance":0,"exchange_name":"1000514/_","volume":"0.0","second_token_abbr":"_","exchange_id":26,"high":"0","first_token_balance":0,"low":"0","price":0,"first_owner_address":"","creator_address":"TMYRTppTjnSKWtHzABVpwUX712iHkj8sAs","svolume":"0.0","first_token_abbr":"1000514","exchange_abbr_name":"GOD/TRX","second_token_id":"_","status":"0"},{"first_token_id":"1001355","up_down_percent":"0.0","second_token_balance":0,"exchange_name":"1001355/_","volume":"0.0","second_token_abbr":"_","exchange_id":34,"high":"0","first_token_balance":0,"low":"0","price":0,"first_owner_address":"","creator_address":"TYWXxTdb7AyGPEg3yRz6QNs8VHUsVGcNUK","svolume":"0.0","first_token_abbr":"1001355","exchange_abbr_name":"PUMP/TRX","second_token_id":"_","status":"0"},{"first_token_id":"1002000","up_down_percent":"0.0","second_token_balance":0,"exchange_name":"1002000/_","volume":"0.0","second_token_abbr":"_","exchange_id":154,"high":"2.9917537E-8","first_token_balance":0,"low":"2.9917537E-8","price":0,"first_owner_address":"","creator_address":"TFDDxSXoF3DeKyyCqjgrHMdcYJ6uKLBvYL","svolume":"0.0","first_token_abbr":"1002000","exchange_abbr_name":"BTT/TRX","second_token_id":"_","status":"0"},{"first_token_id":"1000521","up_down_percent":"0.0","second_token_balance":100,"exchange_name":"1000521/_","volume":"0.0","second_token_abbr":"_","exchange_id":66,"high":"9.850276E-9","first_token_balance":10152,"low":"9.850276E-9","price":9.850275E-9,"first_owner_address":"","creator_address":"TXSh73A7dwbQU3Navx5217hf9Yjp3QEGD1","svolume":"0.0","first_token_abbr":"1000521","exchange_abbr_name":"GLT/TRX","second_token_id":"_","status":"0"},{"first_token_id":"1001491","up_down_percent":"0.0","second_token_balance":0,"exchange_name":"1001491/_","volume":"0.0","second_token_abbr":"_","exchange_id":84,"high":"0","first_token_balance":0,"low":"0","price":0,"first_owner_address":"","creator_address":"TNFtRfcnATHXmPhQjf5voQHsWykCvXAjkK","svolume":"0.0","first_token_abbr":"1001491","exchange_abbr_name":"BTFY/TRX","second_token_id":"_","status":"0"},{"first_token_id":"1000226","up_down_percent":"0.0","second_token_balance":0,"exchange_name":"1000226/_","volume":"0.0","second_token_abbr":"_","exchange_id":14,"high":"0.18760993","first_token_balance":0,"low":"0.18760993","price":0,"first_owner_address":"","creator_address":"TBt8JR1V2iD64M9xSBdZBxv89HayHm3chV","svolume":"0.0","first_token_abbr":"1000226","exchange_abbr_name":"TERC/TRX","second_token_id":"_","status":"0"},{"first_token_id":"1000161","up_down_percent":"0.0","second_token_balance":0,"exchange_name":"1000161/_","volume":"0.0","second_token_abbr":"_","exchange_id":111,"high":"0","first_token_balance":0,"low":"0","price":0,"first_owner_address":"","creator_address":"TEk4voFQawyQPkiTvj4MY9ss9PkmVamiyH","svolume":"0.0","first_token_abbr":"1000161","exchange_abbr_name":"WIN/TRX","second_token_id":"_","status":"0"},{"first_token_id":"1000018","up_down_percent":"0.0","second_token_balance":0,"exchange_name":"1000018/_","volume":"0.0","second_token_abbr":"_","exchange_id":3,"high":"0","first_token_balance":0,"low":"0","price":0,"first_owner_address":"","creator_address":"TE7hnUtWRRBz3SkFrX8JESWUmEvxxAhoPt","svolume":"0.0","first_token_abbr":"1000018","exchange_abbr_name":"TWX/TRX","second_token_id":"_","status":"0"},{"first_token_id":"1001316","up_down_percent":"0.0","second_token_balance":0,"exchange_name":"1001316/_","volume":"0.0","second_token_abbr":"_","exchange_id":105,"high":"0","first_token_balance":0,"low":"0","price":0,"first_owner_address":"","creator_address":"TLck39eRzum8PU7r9v6jPcsqreKt2qC58Z","svolume":"0.0","first_token_abbr":"1001316","exchange_abbr_name":"TSY/TRX","second_token_id":"_","status":"0"},{"first_token_id":"1001236","up_down_percent":"0.0","second_token_balance":101,"exchange_name":"1001236/_","volume":"0.0","second_token_abbr":"_","exchange_id":120,"high":"2.9988122E-8","first_token_balance":3368,"low":"2.9988122E-8","price":2.9988122E-8,"first_owner_address":"","creator_address":"TVsMrCpFE6uVLpktdKWa1yD6QcmpQg19o7","svolume":"0.0","first_token_abbr":"1001236","exchange_abbr_name":"TRCT/TRX","second_token_id":"_","status":"0"},{"first_token_id":"1002076","up_down_percent":"0.0","second_token_balance":4931926,"exchange_name":"1002076/_","volume":"0.0","second_token_abbr":"_","exchange_id":158,"high":"0.054799177","first_token_balance":90,"low":"0.054799177","price":0.05479918,"first_owner_address":"","creator_address":"TUAV9MrAigH1kW8A7e4Fa9f1R628bVwE5q","svolume":"0.0","first_token_abbr":"1002076","exchange_abbr_name":"RBT/TRX","second_token_id":"_","status":"0"},{"first_token_id":"1001345","up_down_percent":"0.0","second_token_balance":41283,"exchange_name":"1001345/_","volume":"0.0","second_token_abbr":"_","exchange_id":65,"high":"0.003753","first_token_balance":11,"low":"0.003753","price":0.003753,"first_owner_address":"","creator_address":"TWkH8rZ8a3QjKfhdjAp9biTEpvaATjpvGw","svolume":"0.0","first_token_abbr":"1001345","exchange_abbr_name":"DDX/TRX","second_token_id":"_","status":"0"},{"first_token_id":"1001446","up_down_percent":"0.0","second_token_balance":225650,"exchange_name":"1001446/_","volume":"0.0","second_token_abbr":"_","exchange_id":107,"high":"0.075216666","first_token_balance":3,"low":"0.075216666","price":0.075216666,"first_owner_address":"","creator_address":"TLfJ3F6qe8RDZa9DBb8a4oN1Zz1wvHfKhG","svolume":"0.0","first_token_abbr":"1001446","exchange_abbr_name":"Karma/TRX","second_token_id":"_","status":"0"},{"first_token_id":"1001610","up_down_percent":"0.0","second_token_balance":78310,"exchange_name":"1001610/_","volume":"0.0","second_token_abbr":"_","exchange_id":108,"high":"3.5759836E-8","first_token_balance":2189887,"low":"3.5759836E-8","price":3.5759836E-8,"first_owner_address":"","creator_address":"THM6y2s2BMCarHxsk8MRVRgFnejfmc9LeS","svolume":"0.0","first_token_abbr":"1001610","exchange_abbr_name":"TRL/TRX","second_token_id":"_","status":"0"},{"first_token_id":"1001366","up_down_percent":"0.0","second_token_balance":2047195,"exchange_name":"1001366/_","volume":"0.0","second_token_abbr":"_","exchange_id":42,"high":"0.29245642","first_token_balance":7,"low":"0.29245642","price":0.29245645,"first_owner_address":"","creator_address":"TSzZo1eA1ag4cPuMrsu5FrPQcyE6kiDKb5","svolume":"0.0","first_token_abbr":"1001366","exchange_abbr_name":"SIT/TRX","second_token_id":"_","status":"0"},{"first_token_id":"1001451","up_down_percent":"0.0","second_token_balance":130542,"exchange_name":"1001451/_","volume":"0.0","second_token_abbr":"_","exchange_id":77,"high":"0.000012357251","first_token_balance":10564,"low":"0.000012357251","price":1.2357251E-5,"first_owner_address":"","creator_address":"TLrMgZkrp7RcqpSocmrEoouLu57crESnFQ","svolume":"0.0","first_token_abbr":"1001451","exchange_abbr_name":"BITC/TRX","second_token_id":"_","status":"0"},{"first_token_id":"1000127","up_down_percent":"0.0","second_token_balance":165,"exchange_name":"1000127/_","volume":"0.0","second_token_abbr":"_","exchange_id":149,"high":"2.5009472E-9","first_token_balance":65975,"low":"2.5009472E-9","price":2.5009472E-9,"first_owner_address":"","creator_address":"TTL5M3Y5cjXdv3UZupZMDKbj3ABRnHaipK","svolume":"0.0","first_token_abbr":"1000127","exchange_abbr_name":"token/TRX","second_token_id":"_","status":"0"},{"first_token_id":"1001444","up_down_percent":"0.0","second_token_balance":270,"exchange_name":"1001444/_","volume":"0.0","second_token_abbr":"_","exchange_id":80,"high":"3.78756E-9","first_token_balance":71286,"low":"3.78756E-9","price":3.78756E-9,"first_owner_address":"","creator_address":"TE1ueqczDkT5WS4iiY5GaUABKdfKV4BimV","svolume":"0.0","first_token_abbr":"1001444","exchange_abbr_name":"GFC/TRX","second_token_id":"_","status":"0"},{"first_token_id":"1001345","up_down_percent":"0.0","second_token_balance":863583041,"exchange_name":"1001345/_","volume":"0.0","second_token_abbr":"_","exchange_id":67,"high":"0.007351207","first_token_balance":117475,"low":"0.007351207","price":0.007351207,"first_owner_address":"","creator_address":"TWkH8rZ8a3QjKfhdjAp9biTEpvaATjpvGw","svolume":"0.0","first_token_abbr":"1001345","exchange_abbr_name":"DDX/TRX","second_token_id":"_","status":"0"},{"first_token_id":"1000777","up_down_percent":"0.0","second_token_balance":19744981,"exchange_name":"1000777/_","volume":"0.0","second_token_abbr":"_","exchange_id":82,"high":"6.5914996E-8","first_token_balance":299552182,"low":"6.5914996E-8","price":6.591499E-8,"first_owner_address":"","creator_address":"TCjVd9NdVvSrDVZRdS3BKLhvqcD44VbR47","svolume":"0.0","first_token_abbr":"1000777","exchange_abbr_name":"MBP/TRX","second_token_id":"_","status":"0"},{"first_token_id":"1000166","up_down_percent":"0.0","second_token_balance":0,"exchange_name":"1000166/_","volume":"0.0","second_token_abbr":"_","exchange_id":161,"high":"0.04","first_token_balance":0,"low":"0.04","price":0,"first_owner_address":"","creator_address":"TUkWD1V2bws2Wt4Lu9EqF9AxnL8vWtNvHy","svolume":"0.0","first_token_abbr":"1000166","exchange_abbr_name":"CCT/TRX","second_token_id":"_","status":"0"},{"first_token_id":"1000166","up_down_percent":"0.0","second_token_balance":0,"exchange_name":"1000166/_","volume":"0.0","second_token_abbr":"_","exchange_id":6,"high":"0.980634","first_token_balance":0,"low":"0.980634","price":0,"first_owner_address":"","creator_address":"TUkWD1V2bws2Wt4Lu9EqF9AxnL8vWtNvHy","svolume":"0.0","first_token_abbr":"1000166","exchange_abbr_name":"CCT/TRX","second_token_id":"_","status":"0"},{"first_token_id":"1000475","up_down_percent":"0.0","second_token_balance":754268,"exchange_name":"1000475/_","volume":"0.0","second_token_abbr":"_","exchange_id":99,"high":"0.0022718916","first_token_balance":332,"low":"0.0022718916","price":0.0022718916,"first_owner_address":"","creator_address":"TJu8wxV97CK7E9nLtF1guDib6dEPD3soaW","svolume":"0.0","first_token_abbr":"1000475","exchange_abbr_name":"TRWJ/TRX","second_token_id":"_","status":"0"},{"first_token_id":"1000234","up_down_percent":"0.0","second_token_balance":13951,"exchange_name":"1000234/_","volume":"0.0","second_token_abbr":"_","exchange_id":41,"high":"4.0427136E-7","first_token_balance":34509,"low":"4.0427136E-7","price":4.0427136E-7,"first_owner_address":"","creator_address":"TYii7e6cuZpXM2nzZzpfYchuhx4JTjYQfd","svolume":"0.0","first_token_abbr":"1000234","exchange_abbr_name":"TRZ/TRX","second_token_id":"_","status":"0"},{"first_token_id":"1001470","up_down_percent":"0.0","second_token_balance":999542,"exchange_name":"1001470/_","volume":"0.0","second_token_abbr":"_","exchange_id":122,"high":"3.1480488E-7","first_token_balance":3175116,"low":"3.1480488E-7","price":3.1480488E-7,"first_owner_address":"","creator_address":"TNfR9coWH76XNFwhJd4XS5ysFcYW3JfxD8","svolume":"0.0","first_token_abbr":"1001470","exchange_abbr_name":"ATL/TRX","second_token_id":"_","status":"0"},{"first_token_id":"1001612","up_down_percent":"0.0","second_token_balance":1079637,"exchange_name":"1001612/_","volume":"0.0","second_token_abbr":"_","exchange_id":119,"high":"1.14111174E-7","first_token_balance":9461273,"low":"1.14111174E-7","price":1.1411118E-7,"first_owner_address":"","creator_address":"TG5TfnbtpN8T8kzkH9Y8zfoq79m2uFexd6","svolume":"0.0","first_token_abbr":"1001612","exchange_abbr_name":"PALA/TRX","second_token_id":"_","status":"0"},{"first_token_id":"1000234","up_down_percent":"0.0","second_token_balance":34064,"exchange_name":"1000234/_","volume":"0.0","second_token_abbr":"_","exchange_id":116,"high":"4.698807E-7","first_token_balance":72495,"low":"4.698807E-7","price":4.6988066E-7,"first_owner_address":"","creator_address":"TYii7e6cuZpXM2nzZzpfYchuhx4JTjYQfd","svolume":"0.0","first_token_abbr":"1000234","exchange_abbr_name":"TRZ/TRX","second_token_id":"_","status":"0"},{"first_token_id":"1002300","up_down_percent":"0.0","second_token_balance":0,"exchange_name":"1002300/_","volume":"0.0","second_token_abbr":"_","exchange_id":163,"high":"0.0000010","first_token_balance":0,"low":"0.0000010","price":0,"first_owner_address":"","creator_address":"TVJdXKMwynT5aj9mR44xW4BHy6QmTWe8rj","svolume":"0.0","first_token_abbr":"1002300","exchange_abbr_name":"AUSDD/TRX","second_token_id":"_","status":"0"},{"first_token_id":"1000897","up_down_percent":"0.0","second_token_balance":11261939,"exchange_name":"1000897/_","volume":"0.0","second_token_abbr":"_","exchange_id":110,"high":"0.024115501","first_token_balance":467,"low":"0.024115501","price":0.024115503,"first_owner_address":"","creator_address":"TV5snGZ447P665ejy6zXXWgBrk9iPzmSVM","svolume":"0.0","first_token_abbr":"1000897","exchange_abbr_name":"XDX/TRX","second_token_id":"_","status":"0"},{"first_token_id":"1000591","up_down_percent":"0.0","second_token_balance":28005,"exchange_name":"1000591/_","volume":"0.0","second_token_abbr":"_","exchange_id":18,"high":"0.0046675","first_token_balance":6,"low":"0.0046675","price":0.0046675,"first_owner_address":"","creator_address":"TK5jhQrW2iotcCc6nzVBZ7uyoneJKwA74u","svolume":"0.0","first_token_abbr":"1000591","exchange_abbr_name":"TRXM/TRX","second_token_id":"_","status":"0"},{"first_token_id":"1001132","up_down_percent":"0.0","second_token_balance":9950,"exchange_name":"1001132/_","volume":"0.0","second_token_abbr":"_","exchange_id":135,"high":"4.961356E-7","first_token_balance":20055,"low":"4.961356E-7","price":4.961356E-7,"first_owner_address":"","creator_address":"TV5snGZ447P665ejy6zXXWgBrk9iPzmSVM","svolume":"0.0","first_token_abbr":"1001132","exchange_abbr_name":"HOT/TRX","second_token_id":"_","status":"0"},{"first_token_id":"1000933","up_down_percent":"0.0","second_token_balance":0,"exchange_name":"1000933/_","volume":"0.0","second_token_abbr":"_","exchange_id":5,"high":"0.6373646","first_token_balance":0,"low":"0.6373646","price":0,"first_owner_address":"","creator_address":"TTGPDT8oR8oyiZeKgb6p1K1fKr8ccETGJr","svolume":"0.0","first_token_abbr":"1000933","exchange_abbr_name":"TWM/TRX","second_token_id":"_","status":"1"},{"first_token_id":"1001071","up_down_percent":"0.0","second_token_balance":0,"exchange_name":"1001071/_","volume":"0.0","second_token_abbr":"_","exchange_id":145,"high":"0.2861508","first_token_balance":0,"low":"0.2861508","price":0,"first_owner_address":"","creator_address":"TTaqgG9dYNkHioXhULSTBAMtHqGL7NPPeK","svolume":"0.0","first_token_abbr":"1001071","exchange_abbr_name":"MMT/TRX","second_token_id":"_","status":"0"},{"first_token_id":"1002052","up_down_percent":"0.0","second_token_balance":1290428256,"exchange_name":"1002052/_","volume":"0.0","second_token_abbr":"_","exchange_id":155,"high":"0.0000016652049","first_token_balance":774936605,"low":"0.0000016652049","price":1.665205E-6,"first_owner_address":"","creator_address":"TFDDxSXoF3DeKyyCqjgrHMdcYJ6uKLBvYL","svolume":"0.0","first_token_abbr":"1002052","exchange_abbr_name":"TWTT/TRX","second_token_id":"_","status":"0"},{"first_token_id":"1000893","up_down_percent":"0.0","second_token_balance":65897,"exchange_name":"1000893/_","volume":"0.0","second_token_abbr":"_","exchange_id":69,"high":"1.7888225E-7","first_token_balance":368382,"low":"1.7888225E-7","price":1.7888225E-7,"first_owner_address":"","creator_address":"TQH3r7WyteKVy1cskhc7BiqbNYSyiyvwPS","svolume":"0.0","first_token_abbr":"1000893","exchange_abbr_name":"REY/TRX","second_token_id":"_","status":"0"},{"first_token_id":"1001360","up_down_percent":"0.0","second_token_balance":4429938,"exchange_name":"1001360/_","volume":"0.0","second_token_abbr":"_","exchange_id":47,"high":"0.000014657118","first_token_balance":302238,"low":"0.000014657118","price":1.4657117E-5,"first_owner_address":"","creator_address":"TEN2P1pjpi8PxwQU1oaVXMhicrjoB8HNGh","svolume":"0.0","first_token_abbr":"1001360","exchange_abbr_name":"PUB/TRX","second_token_id":"_","status":"0"},{"first_token_id":"1000036","up_down_percent":"0.0","second_token_balance":9933220,"exchange_name":"1000036/_","volume":"0.0","second_token_abbr":"_","exchange_id":62,"high":"0.062082626","first_token_balance":160,"low":"0.062082626","price":0.062082626,"first_owner_address":"","creator_address":"TKpF41R7jZqLSuZbai6y5BZ5sRcAh2uf6J","svolume":"0.0","first_token_abbr":"1000036","exchange_abbr_name":"TBTC/TRX","second_token_id":"_","status":"0"},{"first_token_id":"1001189","up_down_percent":"0.0","second_token_balance":221374480,"exchange_name":"1001189/_","volume":"0.0","second_token_abbr":"_","exchange_id":96,"high":"0.0006406679","first_token_balance":345537,"low":"0.0006406679","price":6.40668E-4,"first_owner_address":"","creator_address":"TSiZJw6uakeKCT3CVGvfH8LmybVUT1zQ6t","svolume":"0.0","first_token_abbr":"1001189","exchange_abbr_name":"Gek/TRX","second_token_id":"_","status":"0"},{"first_token_id":"1001787","up_down_percent":"0.0","second_token_balance":7415057,"exchange_name":"1001787/_","volume":"0.0","second_token_abbr":"_","exchange_id":140,"high":"2.9853777E-7","first_token_balance":24837918,"low":"2.9853777E-7","price":2.985378E-7,"first_owner_address":"","creator_address":"TPvm1T6oTSdrMGGhzQn342yGyLtUAhZTgN","svolume":"0.0","first_token_abbr":"1001787","exchange_abbr_name":"TA/TRX","second_token_id":"_","status":"0"},{"first_token_id":"1002072","up_down_percent":"0.0","second_token_balance":0,"exchange_name":"1002072/_","volume":"0.0","second_token_abbr":"_","exchange_id":165,"high":"1.0","first_token_balance":0,"low":"1.0","price":0,"first_owner_address":"","creator_address":"TVBYekepx9ighhoZZiCEc8xvPyCLrpHMDh","svolume":"0.0","first_token_abbr":"1002072","exchange_abbr_name":"TESTT/TRX","second_token_id":"_","status":"0"},{"first_token_id":"1001344","up_down_percent":"0.0","second_token_balance":21,"exchange_name":"1001344/_","volume":"0.0","second_token_abbr":"_","exchange_id":79,"high":"5.1686835E-11","first_token_balance":406293,"low":"5.1686835E-11","price":5.168684E-11,"first_owner_address":"","creator_address":"TCwDzHMG18GqSuTnLx994q3QHq2mUqfnSG","svolume":"0.0","first_token_abbr":"1001344","exchange_abbr_name":"VIVI/TRX","second_token_id":"_","status":"0"},{"first_token_id":"1001655","up_down_percent":"0.0","second_token_balance":541475918,"exchange_name":"1001655/_","volume":"0.0","second_token_abbr":"_","exchange_id":112,"high":"0.000017999437","first_token_balance":30082937,"low":"0.000017999437","price":1.7999437E-5,"first_owner_address":"","creator_address":"TLJhxKVcPed2wuW2XMYAFNqa9iW6toDDGZ","svolume":"0.0","first_token_abbr":"1001655","exchange_abbr_name":"EXT/TRX","second_token_id":"_","status":"0"},{"first_token_id":"1001305","up_down_percent":"0.0","second_token_balance":3838,"exchange_name":"1001305/_","volume":"0.0","second_token_abbr":"_","exchange_id":43,"high":"1.269096E-7","first_token_balance":30242,"low":"1.269096E-7","price":1.269096E-7,"first_owner_address":"","creator_address":"TKFehUn9AbsW6KtZMALpCyLPf7fKbBoiS1","svolume":"0.0","first_token_abbr":"1001305","exchange_abbr_name":"dice/TRX","second_token_id":"_","status":"0"},{"first_token_id":"1000234","up_down_percent":"0.0","second_token_balance":11768,"exchange_name":"1000234/_","volume":"0.0","second_token_abbr":"_","exchange_id":115,"high":"2.5067632E-7","first_token_balance":46945,"low":"2.5067632E-7","price":2.5067632E-7,"first_owner_address":"","creator_address":"TYii7e6cuZpXM2nzZzpfYchuhx4JTjYQfd","svolume":"0.0","first_token_abbr":"1000234","exchange_abbr_name":"TRZ/TRX","second_token_id":"_","status":"0"},{"first_token_id":"1000234","up_down_percent":"0.0","second_token_balance":30159,"exchange_name":"1000234/_","volume":"0.0","second_token_abbr":"_","exchange_id":150,"high":"2.2109083E-7","first_token_balance":136410,"low":"2.2109083E-7","price":2.2109083E-7,"first_owner_address":"","creator_address":"TKy5C1LsNrt84jPRJNKR2Yh9QzV2L2heR2","svolume":"0.0","first_token_abbr":"1000234","exchange_abbr_name":"TRZ/TRX","second_token_id":"_","status":"0"},{"first_token_id":"1000779","up_down_percent":"0.0","second_token_balance":93399,"exchange_name":"1000779/_","volume":"0.0","second_token_abbr":"_","exchange_id":56,"high":"0.0000311019","first_token_balance":3003,"low":"0.0000311019","price":3.11019E-5,"first_owner_address":"","creator_address":"TEH5ogo96DnxzDW43gqrGdJRS4MBFiJwhD","svolume":"0.0","first_token_abbr":"1000779","exchange_abbr_name":"FUX/TRX","second_token_id":"_","status":"0"},{"first_token_id":"1000897","up_down_percent":"0.0","second_token_balance":13449,"exchange_name":"1000897/_","volume":"0.0","second_token_abbr":"_","exchange_id":152,"high":"0.0012226363","first_token_balance":11,"low":"0.0012226363","price":0.0012226363,"first_owner_address":"","creator_address":"TBUTkVu839Th89Kx5FDzSnMEhRuziiqXmW","svolume":"0.0","first_token_abbr":"1000897","exchange_abbr_name":"XDX/TRX","second_token_id":"_","status":"0"},{"first_token_id":"1001609","up_down_percent":"0.0","second_token_balance":2275603,"exchange_name":"1001609/_","volume":"0.0","second_token_abbr":"_","exchange_id":100,"high":"4.3223537E-7","first_token_balance":5264731,"low":"4.3223537E-7","price":4.322354E-7,"first_owner_address":"","creator_address":"TAAnBE4eHgseK1ikPeQQ5ZxwaUXBsRpPTu","svolume":"0.0","first_token_abbr":"1001609","exchange_abbr_name":"TPA/TRX","second_token_id":"_","status":"0"},{"first_token_id":"1001237","up_down_percent":"0.0","second_token_balance":509520,"exchange_name":"1001237/_","volume":"0.0","second_token_abbr":"_","exchange_id":139,"high":"0.00017449315","first_token_balance":2920,"low":"0.00017449315","price":1.7449315E-4,"first_owner_address":"","creator_address":"TCoa7qcyt3FEx23neva6iEZWiPnz83BQ9j","svolume":"0.0","first_token_abbr":"1001237","exchange_abbr_name":"TRXMT/TRX","second_token_id":"_","status":"0"},{"first_token_id":"1001068","up_down_percent":"0.0","second_token_balance":14080721,"exchange_name":"1001068/_","volume":"0.0","second_token_abbr":"_","exchange_id":23,"high":"0.004394732","first_token_balance":3204,"low":"0.004394732","price":0.004394732,"first_owner_address":"","creator_address":"TDWjKceaurVmnBrF89XTuspPvuwDg33zry","svolume":"0.0","first_token_abbr":"1001068","exchange_abbr_name":"SPEED/TRX","second_token_id":"_","status":"0"},{"first_token_id":"1000844","up_down_percent":"0.0","second_token_balance":15978960,"exchange_name":"1000844/_","volume":"0.0","second_token_abbr":"_","exchange_id":36,"high":"0.00032759883","first_token_balance":48776,"low":"0.00032759883","price":3.2759883E-4,"first_owner_address":"","creator_address":"TEJaV3hPEK3UtAyReJDXi7hkZc2UufZhDN","svolume":"0.0","first_token_abbr":"1000844","exchange_abbr_name":"DKN/TRX","second_token_id":"_","status":"0"},{"first_token_id":"1001602","up_down_percent":"0.0","second_token_balance":7923281,"exchange_name":"1001602/_","volume":"0.0","second_token_abbr":"_","exchange_id":97,"high":"0.44018227","first_token_balance":18,"low":"0.44018227","price":0.44018227,"first_owner_address":"","creator_address":"TLp1GSBEwJEgQPD7uG92MGhJRwZPPxiAvf","svolume":"0.0","first_token_abbr":"1001602","exchange_abbr_name":"TW/TRX","second_token_id":"_","status":"0"},{"first_token_id":"1000234","up_down_percent":"0.0","second_token_balance":25232,"exchange_name":"1000234/_","volume":"0.0","second_token_abbr":"_","exchange_id":40,"high":"0.0000013487278","first_token_balance":18708,"low":"0.0000013487278","price":1.3487278E-6,"first_owner_address":"","creator_address":"TYii7e6cuZpXM2nzZzpfYchuhx4JTjYQfd","svolume":"0.0","first_token_abbr":"1000234","exchange_abbr_name":"TRZ/TRX","second_token_id":"_","status":"0"},{"first_token_id":"1000981","up_down_percent":"0.0","second_token_balance":304007438,"exchange_name":"1000981/_","volume":"0.0","second_token_abbr":"_","exchange_id":81,"high":"0.000052635845","first_token_balance":5775673,"low":"0.000052635845","price":5.2635845E-5,"first_owner_address":"","creator_address":"TUcU758qMCmufRsEqS4dL5jupw3EZ6wKAn","svolume":"0.0","first_token_abbr":"1000981","exchange_abbr_name":"BEAN/TRX","second_token_id":"_","status":"0"},{"first_token_id":"1000526","up_down_percent":"0.0","second_token_balance":4695844,"exchange_name":"1000526/_","volume":"0.0","second_token_abbr":"_","exchange_id":136,"high":"0.00089274603","first_token_balance":5260,"low":"0.00089274603","price":8.9274603E-4,"first_owner_address":"","creator_address":"TFFFyJ6w6bgDa5tciErgrjWGyTPSyE8qRy","svolume":"0.0","first_token_abbr":"1000526","exchange_abbr_name":"HSC/TRX","second_token_id":"_","status":"0"},{"first_token_id":"1000234","up_down_percent":"0.0","second_token_balance":500082,"exchange_name":"1000234/_","volume":"0.0","second_token_abbr":"_","exchange_id":39,"high":"0.00248797","first_token_balance":201,"low":"0.00248797","price":0.0024879703,"first_owner_address":"","creator_address":"TYii7e6cuZpXM2nzZzpfYchuhx4JTjYQfd","svolume":"0.0","first_token_abbr":"1000234","exchange_abbr_name":"TRZ/TRX","second_token_id":"_","status":"0"},{"first_token_id":"1001612","up_down_percent":"0.0","second_token_balance":7091841,"exchange_name":"1001612/_","volume":"0.0","second_token_abbr":"_","exchange_id":127,"high":"2.8444222E-7","first_token_balance":24932448,"low":"2.8444222E-7","price":2.8444222E-7,"first_owner_address":"","creator_address":"TG5TfnbtpN8T8kzkH9Y8zfoq79m2uFexd6","svolume":"0.0","first_token_abbr":"1001612","exchange_abbr_name":"PALA/TRX","second_token_id":"_","status":"0"},{"first_token_id":"1000375","up_down_percent":"0.0","second_token_balance":2000000,"exchange_name":"1000375/_","volume":"0.0","second_token_abbr":"_","exchange_id":130,"high":"0.00034188034","first_token_balance":5850,"low":"0.00034188034","price":3.4188034E-4,"first_owner_address":"","creator_address":"TEvpvSRVwpaLPNamwDruEhqxNeF8mCNnbj","svolume":"0.0","first_token_abbr":"1000375","exchange_abbr_name":"SVT/TRX","second_token_id":"_","status":"0"},{"first_token_id":"1001058","up_down_percent":"0.0","second_token_balance":2211538910,"exchange_name":"1001058/_","volume":"0.0","second_token_abbr":"_","exchange_id":53,"high":"0.000027625409","first_token_balance":80054522,"low":"0.000027625409","price":2.762541E-5,"first_owner_address":"","creator_address":"TEJD8QNUBJ3Sxw2xUHV9Hq2YRD2p2QjoZq","svolume":"0.0","first_token_abbr":"1001058","exchange_abbr_name":"DLL/TRX","second_token_id":"_","status":"0"},{"first_token_id":"1001367","up_down_percent":"0.0","second_token_balance":6751,"exchange_name":"1001367/_","volume":"0.0","second_token_abbr":"_","exchange_id":94,"high":"3.2183788E-8","first_token_balance":209764,"low":"3.2183788E-8","price":3.2183788E-8,"first_owner_address":"","creator_address":"TLLBWeLjBsiG7xJ3LGaNjS5wMVSJ3sYrTP","svolume":"0.0","first_token_abbr":"1001367","exchange_abbr_name":"PTP/TRX","second_token_id":"_","status":"0"},{"first_token_id":"1001875","up_down_percent":"0.0","second_token_balance":2073944,"exchange_name":"1001875/_","volume":"0.0","second_token_abbr":"_","exchange_id":148,"high":"3.5083966E-7","first_token_balance":5911373,"low":"3.5083966E-7","price":3.5083966E-7,"first_owner_address":"","creator_address":"TCx6NMya57eXwYru6wKdwNKULscdHzAkBH","svolume":"0.0","first_token_abbr":"1001875","exchange_abbr_name":"CLP/TRX","second_token_id":"_","status":"0"},{"first_token_id":"1001339","up_down_percent":"0.0","second_token_balance":6516,"exchange_name":"1001339/_","volume":"0.0","second_token_abbr":"_","exchange_id":16,"high":"6.216371E-8","first_token_balance":104820,"low":"6.216371E-8","price":6.216371E-8,"first_owner_address":"","creator_address":"TCWAobTJGMX7Ybed6YqxbHCuHLCaniwMJ2","svolume":"0.0","first_token_abbr":"1001339","exchange_abbr_name":"EDN/TRX","second_token_id":"_","status":"0"},{"first_token_id":"1001464","up_down_percent":"0.0","second_token_balance":13340,"exchange_name":"1001464/_","volume":"0.0","second_token_abbr":"_","exchange_id":144,"high":"2.549548E-7","first_token_balance":52323,"low":"2.549548E-7","price":2.5495478E-7,"first_owner_address":"","creator_address":"TNfR9coWH76XNFwhJd4XS5ysFcYW3JfxD8","svolume":"0.0","first_token_abbr":"1001464","exchange_abbr_name":"TRXp/TRX","second_token_id":"_","status":"0"},{"first_token_id":"1000105","up_down_percent":"0.0","second_token_balance":1168703,"exchange_name":"1000105/_","volume":"0.0","second_token_abbr":"_","exchange_id":141,"high":"0.004043955","first_token_balance":289,"low":"0.004043955","price":0.004043955,"first_owner_address":"","creator_address":"TQq7yorczP5zh1ZsAriyUkeavkmt6cttJW","svolume":"0.0","first_token_abbr":"1000105","exchange_abbr_name":"VSU/TRX","second_token_id":"_","status":"0"},{"first_token_id":"1001497","up_down_percent":"0.0","second_token_balance":259,"exchange_name":"1001497/_","volume":"0.0","second_token_abbr":"_","exchange_id":123,"high":"1.2940178E-10","first_token_balance":2001518,"low":"1.2940178E-10","price":1.2940178E-10,"first_owner_address":"","creator_address":"TSeeBjuVd45sRxqzowqjqryDWkKeV3EjYx","svolume":"0.0","first_token_abbr":"1001497","exchange_abbr_name":"TV/TRX","second_token_id":"_","status":"0"},{"first_token_id":"1000004","up_down_percent":"0.0","second_token_balance":5710650,"exchange_name":"1000004/_","volume":"0.0","second_token_abbr":"_","exchange_id":61,"high":"0.08158071","first_token_balance":70,"low":"0.08158071","price":0.08158071,"first_owner_address":"","creator_address":"TYzjT67wKhwtCXfezbNZ8aVZGDSTfMZRKH","svolume":"0.0","first_token_abbr":"1000004","exchange_abbr_name":"BTC/TRX","second_token_id":"_","status":"0"},{"first_token_id":"1001528","up_down_percent":"0.0","second_token_balance":922969,"exchange_name":"1001528/_","volume":"0.0","second_token_abbr":"_","exchange_id":134,"high":"0.000013353526","first_token_balance":69118,"low":"0.000013353526","price":1.3353526E-5,"first_owner_address":"","creator_address":"TYftfpnCitoxju9rMYx6XNegUHmFoPMary","svolume":"0.0","first_token_abbr":"1001528","exchange_abbr_name":"RET/TRX","second_token_id":"_","status":"0"},{"first_token_id":"1001605","up_down_percent":"0.0","second_token_balance":67364935,"exchange_name":"1001605/_","volume":"0.0","second_token_abbr":"_","exchange_id":98,"high":"0.0000047421836","first_token_balance":14205468,"low":"0.0000047421836","price":4.7421836E-6,"first_owner_address":"","creator_address":"TC8ytrJeckUYwdV1apaVzNT6hPtifUdPi2","svolume":"0.0","first_token_abbr":"1001605","exchange_abbr_name":"Dao/TRX","second_token_id":"_","status":"0"},{"first_token_id":"1001013","up_down_percent":"0.0","second_token_balance":56202096,"exchange_name":"1001013/_","volume":"0.0","second_token_abbr":"_","exchange_id":78,"high":"0.00003095315","first_token_balance":1815715,"low":"0.00003095315","price":3.095315E-5,"first_owner_address":"","creator_address":"TNTnMsMBKtJxcsp8EMQnvno3PW4ZhPsDTo","svolume":"0.0","first_token_abbr":"1001013","exchange_abbr_name":"TPL/TRX","second_token_id":"_","status":"0"},{"first_token_id":"1000416","up_down_percent":"0.0","second_token_balance":55324240,"exchange_name":"1000416/_","volume":"0.0","second_token_abbr":"_","exchange_id":86,"high":"8.604257E-7","first_token_balance":64298682,"low":"8.604257E-7","price":8.6042576E-7,"first_owner_address":"","creator_address":"TFkWuXwqwpBTfMuFAyjCjJZxG8R5k9ayJw","svolume":"0.0","first_token_abbr":"1000416","exchange_abbr_name":"fMX/TRX","second_token_id":"_","status":"0"},{"first_token_id":"1000579","up_down_percent":"0.0","second_token_balance":368777627,"exchange_name":"1000579/_","volume":"0.0","second_token_abbr":"_","exchange_id":93,"high":"0.000054439883","first_token_balance":6774034,"low":"0.000054439883","price":5.4439883E-5,"first_owner_address":"","creator_address":"THznRYv1U8CLV3SbSeYoH5Ak1WQCpto7Cb","svolume":"0.0","first_token_abbr":"1000579","exchange_abbr_name":"PSN/TRX","second_token_id":"_","status":"0"},{"first_token_id":"1001135","up_down_percent":"0.0","second_token_balance":27683109,"exchange_name":"1001135/_","volume":"0.0","second_token_abbr":"_","exchange_id":32,"high":"0.00011627894","first_token_balance":238075,"low":"0.00011627894","price":1.1627894E-4,"first_owner_address":"","creator_address":"TAyUQiZ3k2mWuhsVmjMpsk5t3GVybxnhoM","svolume":"0.0","first_token_abbr":"1001135","exchange_abbr_name":"CFE/TRX","second_token_id":"_","status":"0"},{"first_token_id":"1001043","up_down_percent":"0.0","second_token_balance":8831,"exchange_name":"1001043/_","volume":"0.0","second_token_abbr":"_","exchange_id":132,"high":"6.3766336E-8","first_token_balance":138490,"low":"6.3766336E-8","price":6.3766336E-8,"first_owner_address":"","creator_address":"TMmiZ8rJVJj4bLvdj3DWTCbUhNxsgEm6hS","svolume":"0.0","first_token_abbr":"1001043","exchange_abbr_name":"RTR/TRX","second_token_id":"_","status":"0"},{"first_token_id":"1001344","up_down_percent":"0.0","second_token_balance":12585191,"exchange_name":"1001344/_","volume":"0.0","second_token_abbr":"_","exchange_id":19,"high":"1.03681685E-7","first_token_balance":121382973,"low":"1.03681685E-7","price":1.03681685E-7,"first_owner_address":"","creator_address":"TRxAWB5Jo919U3rVWBkm8uMViViWRrUst2","svolume":"0.0","first_token_abbr":"1001344","exchange_abbr_name":"VIVI/TRX","second_token_id":"_","status":"0"},{"first_token_id":"1001340","up_down_percent":"0.0","second_token_balance":139721836,"exchange_name":"1001340/_","volume":"0.0","second_token_abbr":"_","exchange_id":114,"high":"1.2909643E-7","first_token_balance":1082305898,"low":"1.2909643E-7","price":1.2909643E-7,"first_owner_address":"","creator_address":"TBi2TZeTfaGBM9wECuo5h1sxgZeo6CAZnj","svolume":"0.0","first_token_abbr":"1001340","exchange_abbr_name":"ton/TRX","second_token_id":"_","status":"0"},{"first_token_id":"1000555","up_down_percent":"0.0","second_token_balance":397612,"exchange_name":"1000555/_","volume":"0.0","second_token_abbr":"_","exchange_id":52,"high":"0.00016798142","first_token_balance":2367,"low":"0.00016798142","price":1.6798142E-4,"first_owner_address":"","creator_address":"TMdVs5fkTwbGDH8QGipfRvWwyvzL4S2hhM","svolume":"0.0","first_token_abbr":"1000555","exchange_abbr_name":"SBT/TRX","second_token_id":"_","status":"0"},{"first_token_id":"1001305","up_down_percent":"0.0","second_token_balance":15102,"exchange_name":"1001305/_","volume":"0.0","second_token_abbr":"_","exchange_id":2,"high":"0.000117984375","first_token_balance":128,"low":"0.000117984375","price":1.17984375E-4,"first_owner_address":"","creator_address":"TUgE94frLY3CPycEmjgHvT9YVPvgCSLcZ4","svolume":"0.0","first_token_abbr":"1001305","exchange_abbr_name":"dice/TRX","second_token_id":"_","status":"0"},{"first_token_id":"1001612","up_down_percent":"0.0","second_token_balance":17293,"exchange_name":"1001612/_","volume":"0.0","second_token_abbr":"_","exchange_id":131,"high":"1.517662E-7","first_token_balance":113945,"low":"1.517662E-7","price":1.517662E-7,"first_owner_address":"","creator_address":"TGN1ifYKfYwYcZULNZCdNXocTP5xMcZu6r","svolume":"0.0","first_token_abbr":"1001612","exchange_abbr_name":"PALA/TRX","second_token_id":"_","status":"0"},{"first_token_id":"1001390","up_down_percent":"0.0","second_token_balance":2436860,"exchange_name":"1001390/_","volume":"0.0","second_token_abbr":"_","exchange_id":55,"high":"0.00010469861","first_token_balance":23275,"low":"0.00010469861","price":1.046986E-4,"first_owner_address":"","creator_address":"TWtBhDKs7c7EpuJBxwiJ6Ei58X2zC4jkbH","svolume":"0.0","first_token_abbr":"1001390","exchange_abbr_name":"TBX/TRX","second_token_id":"_","status":"0"},{"first_token_id":"1000989","up_down_percent":"0.0","second_token_balance":187639735,"exchange_name":"1000989/_","volume":"0.0","second_token_abbr":"_","exchange_id":87,"high":"0.0001173539","first_token_balance":1598922,"low":"0.0001173539","price":1.173539E-4,"first_owner_address":"","creator_address":"TWHENxn8E7fReiS5euyBFajVSaRb1DmnEr","svolume":"0.0","first_token_abbr":"1000989","exchange_abbr_name":"WHEN/TRX","second_token_id":"_","status":"0"},{"first_token_id":"1000564","up_down_percent":"0.0","second_token_balance":85199,"exchange_name":"1000564/_","volume":"0.0","second_token_abbr":"_","exchange_id":1,"high":"0.0004896494","first_token_balance":174,"low":"0.0004896494","price":4.896494E-4,"first_owner_address":"","creator_address":"TYMmLJeReBpsGT1nA51LkjJf3ipP9JD2ej","svolume":"0.0","first_token_abbr":"1000564","exchange_abbr_name":"LCC/TRX","second_token_id":"_","status":"0"},{"first_token_id":"1001482","up_down_percent":"0.0","second_token_balance":2019874,"exchange_name":"1001482/_","volume":"0.0","second_token_abbr":"_","exchange_id":133,"high":"0.013740639","first_token_balance":147,"low":"0.013740639","price":0.013740639,"first_owner_address":"","creator_address":"TXTkbY4hkMCRBEKBeB6rxARSXWq9VaYDcm","svolume":"0.0","first_token_abbr":"1001482","exchange_abbr_name":"CRYT/TRX","second_token_id":"_","status":"0"},{"first_token_id":"1001427","up_down_percent":"0.0","second_token_balance":2011467,"exchange_name":"1001427/_","volume":"0.0","second_token_abbr":"_","exchange_id":83,"high":"0.0009778644","first_token_balance":2057,"low":"0.0009778644","price":9.778644E-4,"first_owner_address":"","creator_address":"TSwM7KDcCrfe6tdpEQuZcs8nuVj3KNmsYe","svolume":"0.0","first_token_abbr":"1001427","exchange_abbr_name":"RFD/TRX","second_token_id":"_","status":"0"},{"first_token_id":"1001810","up_down_percent":"0.0","second_token_balance":30265648,"exchange_name":"1001810/_","volume":"0.0","second_token_abbr":"_","exchange_id":142,"high":"0.0025560043","first_token_balance":11841,"low":"0.0025560043","price":0.0025560043,"first_owner_address":"","creator_address":"TFFFyJ6w6bgDa5tciErgrjWGyTPSyE8qRy","svolume":"0.0","first_token_abbr":"1001810","exchange_abbr_name":"CLP/TRX","second_token_id":"_","status":"0"},{"first_token_id":"1001314","up_down_percent":"0.0","second_token_balance":7325633174,"exchange_name":"1001314/_","volume":"0.0","second_token_abbr":"_","exchange_id":11,"high":"0.000596007","first_token_balance":12291187,"low":"0.000596007","price":5.96007E-4,"first_owner_address":"","creator_address":"TC71he9PENa2cvvPrHTZjVrnLyW8Vwz1Sk","svolume":"0.0","first_token_abbr":"1001314","exchange_abbr_name":"Info/TRX","second_token_id":"_","status":"0"},{"first_token_id":"1000491","up_down_percent":"0.0","second_token_balance":35000,"exchange_name":"1000491/_","volume":"0.0","second_token_abbr":"_","exchange_id":167,"high":"0.035","first_token_balance":1,"low":"0.035","price":0.035,"first_owner_address":"","creator_address":"TR2183yWekbRuYnxN5hoUyaUQ3uJwJAiGn","svolume":"0.0","first_token_abbr":"BitTorrent","exchange_abbr_name":"BTT/TRX","second_token_id":"_","status":"0"},{"first_token_id":"1000521","up_down_percent":"0.0","second_token_balance":978035126,"exchange_name":"1000521/_","volume":"0.0","second_token_abbr":"_","exchange_id":68,"high":"0.000009564836","first_token_balance":102253210,"low":"0.000009564836","price":9.564836E-6,"first_owner_address":"","creator_address":"TWkH8rZ8a3QjKfhdjAp9biTEpvaATjpvGw","svolume":"0.0","first_token_abbr":"1000521","exchange_abbr_name":"GLT/TRX","second_token_id":"_","status":"0"},{"first_token_id":"1001444","up_down_percent":"0.0","second_token_balance":767070384,"exchange_name":"1001444/_","volume":"0.0","second_token_abbr":"_","exchange_id":70,"high":"0.0000024419628","first_token_balance":314120423,"low":"0.0000024419628","price":2.441963E-6,"first_owner_address":"","creator_address":"TMMUPGBT2zY6qz2YJAooUNq6JXqwYAQKhS","svolume":"0.0","first_token_abbr":"1001444","exchange_abbr_name":"GFC/TRX","second_token_id":"_","status":"0"},{"first_token_id":"1001410","up_down_percent":"0.0","second_token_balance":1000000,"exchange_name":"1001410/_","volume":"0.0","second_token_abbr":"_","exchange_id":168,"high":"0.06666667","first_token_balance":15,"low":"0.06666667","price":0.06666666,"first_owner_address":"","creator_address":"TN5455dWxMfj1gsfG3FuWSbJTKdTGpwDrZ","svolume":"0.0","first_token_abbr":"BitMain","exchange_abbr_name":"BTM/TRX","second_token_id":"_","status":"0"},{"first_token_id":"1000205","up_down_percent":"0.0","second_token_balance":1003000,"exchange_name":"1000205/_","volume":"0.0","second_token_abbr":"_","exchange_id":169,"high":"0.0033433333","first_token_balance":300,"low":"0.0033433333","price":0.0033433333,"first_owner_address":"","creator_address":"TQ8bvpe3X2KrrmiiP1r9SqUuqt5DE4Rq2L","svolume":"0.0","first_token_abbr":"1000205","exchange_abbr_name":"DJ$/TRX","second_token_id":"_","status":"0"},{"first_token_id":"1001953","up_down_percent":"0.0","second_token_balance":1049702,"exchange_name":"1001953/_","volume":"0.0","second_token_abbr":"_","exchange_id":159,"high":"1.4765068E-8","first_token_balance":71093611,"low":"1.4765068E-8","price":1.4765069E-8,"first_owner_address":"","creator_address":"TBJbuSy7a9Cewj449514Cmv8TjJkRKd3Ho","svolume":"0.0","first_token_abbr":"1001953","exchange_abbr_name":"REAL/TRX","second_token_id":"_","status":"0"},{"first_token_id":"1001027","up_down_percent":"0.0","second_token_balance":0,"exchange_name":"1001027/_","volume":"0.0","second_token_abbr":"_","exchange_id":22,"high":"0.012195654","first_token_balance":0,"low":"0.012195654","price":0,"first_owner_address":"","creator_address":"TAPgTNnCQ46LHiJwNQzHdTsLY7pYMj7S5R","svolume":"0.0","first_token_abbr":"1001027","exchange_abbr_name":"Lambo/TRX","second_token_id":"_","status":"0"},{"first_token_id":"1001313","up_down_percent":"0.0","second_token_balance":31872,"exchange_name":"1001313/_","volume":"0.0","second_token_abbr":"_","exchange_id":10,"high":"0.031872","first_token_balance":1,"low":"0.031872","price":0.031872,"first_owner_address":"","creator_address":"TCLJe8giq47DEwX9PtiSJk64LRhQMtNARf","svolume":"0.0","first_token_abbr":"1001313","exchange_abbr_name":"CGIZA/TRX","second_token_id":"_","status":"1"},{"first_token_id":"1001158","up_down_percent":"0.0","second_token_balance":1649102192,"exchange_name":"1001158/_","volume":"0.0","second_token_abbr":"_","exchange_id":64,"high":"0.003020887","first_token_balance":545900,"low":"0.003020887","price":0.003020887,"first_owner_address":"","creator_address":"TVX2YvdQKhBSL3h4AQWzYnQujnaZQsYwkM","svolume":"0.0","first_token_abbr":"1001158","exchange_abbr_name":"THC/TRX","second_token_id":"_","status":"0"},{"first_token_id":"1000036","up_down_percent":"0.0","second_token_balance":216610453,"exchange_name":"1000036/_","volume":"0.0","second_token_abbr":"_","exchange_id":63,"high":"0.0016923221","first_token_balance":127996,"low":"0.0016923221","price":0.001692322,"first_owner_address":"","creator_address":"TKpF41R7jZqLSuZbai6y5BZ5sRcAh2uf6J","svolume":"0.0","first_token_abbr":"1000036","exchange_abbr_name":"TBTC/TRX","second_token_id":"_","status":"0"},{"first_token_id":"1001429","up_down_percent":"0.0","second_token_balance":855462761,"exchange_name":"1001429/_","volume":"0.0","second_token_abbr":"_","exchange_id":60,"high":"0.0000011434615","first_token_balance":748134250,"low":"0.0000011434615","price":1.1434615E-6,"first_owner_address":"","creator_address":"TRu6TzsGe8FwYeYtqp2HNrbpPAymz3GFbM","svolume":"0.0","first_token_abbr":"1001429","exchange_abbr_name":"TGC/TRX","second_token_id":"_","status":"0"},{"first_token_id":"1001384","up_down_percent":"0.0","second_token_balance":2201755145,"exchange_name":"1001384/_","volume":"0.0","second_token_abbr":"_","exchange_id":46,"high":"0.0012140789","first_token_balance":1813519,"low":"0.0012140789","price":0.0012140789,"first_owner_address":"","creator_address":"TJhZzCtF5macLpJuEYFRSMgcvi7g2e3tKo","svolume":"0.0","first_token_abbr":"1001384","exchange_abbr_name":"SIT/TRX","second_token_id":"_","status":"0"},{"first_token_id":"1000761","up_down_percent":"0.0","second_token_balance":25299485,"exchange_name":"1000761/_","volume":"0.0","second_token_abbr":"_","exchange_id":128,"high":"0.000029663315","first_token_balance":852888,"low":"0.000029663315","price":2.9663313E-5,"first_owner_address":"","creator_address":"TDFAAzVA12TCCqTcEqbMYiXnhsVXsRu9bZ","svolume":"0.0","first_token_abbr":"1000761","exchange_abbr_name":"Tbn/TRX","second_token_id":"_","status":"0"},{"first_token_id":"1001351","up_down_percent":"0.0","second_token_balance":833357,"exchange_name":"1001351/_","volume":"0.0","second_token_abbr":"_","exchange_id":35,"high":"0.039683666","first_token_balance":21,"low":"0.039683666","price":0.03968367,"first_owner_address":"","creator_address":"TNkGetoweN4vfxFbvQsk8RgWzajGJLXZBe","svolume":"0.0","first_token_abbr":"1001351","exchange_abbr_name":"CDF/TRX","second_token_id":"_","status":"1"},{"first_token_id":"1001156","up_down_percent":"0.0","second_token_balance":14798180,"exchange_name":"1001156/_","volume":"0.0","second_token_abbr":"_","exchange_id":72,"high":"0.0000015391355","first_token_balance":9614605,"low":"0.0000015391355","price":1.5391355E-6,"first_owner_address":"","creator_address":"TDFAAzVA12TCCqTcEqbMYiXnhsVXsRu9bZ","svolume":"0.0","first_token_abbr":"1001156","exchange_abbr_name":"CC/TRX","second_token_id":"_","status":"0"},{"first_token_id":"1000896","up_down_percent":"0.0","second_token_balance":874751585,"exchange_name":"1000896/_","volume":"0.0","second_token_abbr":"_","exchange_id":48,"high":"0.0000113175765","first_token_balance":77291422,"low":"0.0000113175765","price":1.13175765E-5,"first_owner_address":"","creator_address":"TLizzhLSHBKQA5iFQ1TirQdhm4Enu4JgQ5","svolume":"0.0","first_token_abbr":"1000896","exchange_abbr_name":"GZA/TRX","second_token_id":"_","status":"0"},{"first_token_id":"1001412","up_down_percent":"0.0","second_token_balance":6198564765,"exchange_name":"1001412/_","volume":"0.0","second_token_abbr":"_","exchange_id":58,"high":"0.0000038422086","first_token_balance":1613281693,"low":"0.0000038422086","price":3.8422086E-6,"first_owner_address":"","creator_address":"TTAdeAs1mG6VfT2NxLv47rzTBbnbCUc81F","svolume":"0.0","first_token_abbr":"1001412","exchange_abbr_name":"TSKY/TRX","second_token_id":"_","status":"0"},{"first_token_id":"1002183","up_down_percent":"0.0","second_token_balance":5775780,"exchange_name":"1002183/_","volume":"0.0","second_token_abbr":"_","exchange_id":160,"high":"0.00006072609","first_token_balance":95112,"low":"0.00006072609","price":6.0726088E-5,"first_owner_address":"","creator_address":"TSeFqucwZ4PRuikpeKJ9xAFmbw1bdzFTzy","svolume":"0.0","first_token_abbr":"1002183","exchange_abbr_name":"TXC/TRX","second_token_id":"_","status":"0"},{"first_token_id":"1001872","up_down_percent":"0.0","second_token_balance":726967,"exchange_name":"1001872/_","volume":"0.0","second_token_abbr":"_","exchange_id":147,"high":"0.00000302409","first_token_balance":240392,"low":"0.00000302409","price":3.02409E-6,"first_owner_address":"","creator_address":"TKpJUP4CCymphdug1XmGzDGDmGXZjLyf29","svolume":"0.0","first_token_abbr":"1001872","exchange_abbr_name":"TWX/TRX","second_token_id":"_","status":"0"},{"first_token_id":"1000532","up_down_percent":"0.0","second_token_balance":884781069,"exchange_name":"1000532/_","volume":"0.0","second_token_abbr":"_","exchange_id":95,"high":"6.710596E-7","first_token_balance":1318483667,"low":"6.710596E-7","price":6.710595E-7,"first_owner_address":"","creator_address":"TUJGC4AK1Mp3tfXXnk9Zrxumgcjrv1QJe4","svolume":"0.0","first_token_abbr":"1000532","exchange_abbr_name":"Lot/TRX","second_token_id":"_","status":"0"},{"first_token_id":"1000088","up_down_percent":"0.0","second_token_balance":204518,"exchange_name":"1000088/_","volume":"0.0","second_token_abbr":"_","exchange_id":138,"high":"4.512456E-10","first_token_balance":453229919,"low":"4.512456E-10","price":4.5124557E-10,"first_owner_address":"","creator_address":"TCLV5eYzgC7WbcVCiu2yRjEBmpDgsuNs8x","svolume":"0.0","first_token_abbr":"1000088","exchange_abbr_name":"token/TRX","second_token_id":"_","status":"0"},{"first_token_id":"1001192","up_down_percent":"0.0","second_token_balance":6806674239,"exchange_name":"1001192/_","volume":"0.0","second_token_abbr":"_","exchange_id":50,"high":"0.0000012263536","first_token_balance":5550336083,"low":"0.0000012263536","price":1.2263536E-6,"first_owner_address":"","creator_address":"TLizzhLSHBKQA5iFQ1TirQdhm4Enu4JgQ5","svolume":"0.0","first_token_abbr":"1001192","exchange_abbr_name":"MEME/TRX","second_token_id":"_","status":"0"},{"first_token_id":"1000475","up_down_percent":"0.0","second_token_balance":83,"exchange_name":"1000475/_","volume":"0.0","second_token_abbr":"_","exchange_id":90,"high":"8.216087E-13","first_token_balance":101021327,"low":"8.216087E-13","price":8.216087E-13,"first_owner_address":"","creator_address":"TUN7RsQMxAm7Y5NtTmCdrTQvBt9F87wob5","svolume":"0.0","first_token_abbr":"1000475","exchange_abbr_name":"TRWJ/TRX","second_token_id":"_","status":"0"},{"first_token_id":"1000231","up_down_percent":"0.0","second_token_balance":15055954157,"exchange_name":"1000231/_","volume":"0.0","second_token_abbr":"_","exchange_id":21,"high":"0.00008838436","first_token_balance":170346361,"low":"0.00008838436","price":8.838435E-5,"first_owner_address":"","creator_address":"TXr6ScFtkntXGQURAwJkCY7JzoQAyLsv6g","svolume":"0.0","first_token_abbr":"1000231","exchange_abbr_name":"GOLD/TRX","second_token_id":"_","status":"0"},{"first_token_id":"1000386","up_down_percent":"0.0","second_token_balance":17830018,"exchange_name":"1000386/_","volume":"0.0","second_token_abbr":"_","exchange_id":146,"high":"1.2735727","first_token_balance":14,"low":"1.2735727","price":1.2735728,"first_owner_address":"","creator_address":"TK3VSP3kwp7XssTGpisRSKGHE69nhk1hen","svolume":"0.0","first_token_abbr":"1000386","exchange_abbr_name":"BITRO/TRX","second_token_id":"_","status":"0"},{"first_token_id":"1002000","up_down_percent":"0.0","second_token_balance":220776468,"exchange_name":"1002000/_","volume":"0.0","second_token_abbr":"_","exchange_id":166,"high":"3.7494036E-8","first_token_balance":5888308906,"low":"3.7494036E-8","price":3.7494036E-8,"first_owner_address":"","creator_address":"TM8HFiccs27kSCQW4XnxoZE3wRoT6vmQKR","svolume":"0.0","first_token_abbr":"1002000","exchange_abbr_name":"BTT/TRX","second_token_id":"_","status":"0"},{"first_token_id":"1001316","up_down_percent":"0.0","second_token_balance":18988049,"exchange_name":"1001316/_","volume":"0.0","second_token_abbr":"_","exchange_id":106,"high":"0.04238404","first_token_balance":448,"low":"0.04238404","price":0.042384036,"first_owner_address":"","creator_address":"TLck39eRzum8PU7r9v6jPcsqreKt2qC58Z","svolume":"0.0","first_token_abbr":"1001316","exchange_abbr_name":"TSY/TRX","second_token_id":"_","status":"0"},{"first_token_id":"1000945","up_down_percent":"0.0","second_token_balance":13827351884,"exchange_name":"1000945/_","volume":"0.0","second_token_abbr":"_","exchange_id":71,"high":"0.016007362","first_token_balance":863812,"low":"0.016007362","price":0.016007362,"first_owner_address":"","creator_address":"TLhq8jpsU28aPtwDSXkN2txM3N2EGToAzQ","svolume":"0.0","first_token_abbr":"1000945","exchange_abbr_name":"EMS/TRX","second_token_id":"_","status":"0"},{"first_token_id":"1001791","up_down_percent":"0.0","second_token_balance":349842,"exchange_name":"1001791/_","volume":"0.0","second_token_abbr":"_","exchange_id":156,"high":"0.000018830982","first_token_balance":18578,"low":"0.000018830982","price":1.8830982E-5,"first_owner_address":"","creator_address":"TEBgurHiQ1FHHug8WRLdek7KusUBRiLAit","svolume":"0.0","first_token_abbr":"1001791","exchange_abbr_name":"FU/TRX","second_token_id":"_","status":"0"},{"first_token_id":"1000671","up_down_percent":"0.0","second_token_balance":9695146,"exchange_name":"1000671/_","volume":"0.0","second_token_abbr":"_","exchange_id":73,"high":"0.000010480412","first_token_balance":925073,"low":"0.000010480412","price":1.0480411E-5,"first_owner_address":"","creator_address":"TJbweby75yKTPbjKEVTnZ2eQ16QuagxqR3","svolume":"0.0","first_token_abbr":"1000671","exchange_abbr_name":"EdX/TRX","second_token_id":"_","status":"0"},{"first_token_id":"1001628","up_down_percent":"0.0","second_token_balance":6560,"exchange_name":"1001628/_","volume":"0.0","second_token_abbr":"_","exchange_id":109,"high":"1.8095005E-8","first_token_balance":362531,"low":"1.8095005E-8","price":1.8095003E-8,"first_owner_address":"","creator_address":"TYGe1UnXwMpxa5xhX5BPf6moSvwnbhAPu1","svolume":"0.0","first_token_abbr":"1001628","exchange_abbr_name":"GOT/TRX","second_token_id":"_","status":"0"},{"first_token_id":"1000935","up_down_percent":"0.0","second_token_balance":139649494,"exchange_name":"1000935/_","volume":"0.0","second_token_abbr":"_","exchange_id":143,"high":"2.289336","first_token_balance":61,"low":"2.289336","price":2.2893357,"first_owner_address":"","creator_address":"TPVkcFYTEi9Dia45AveiTcaYoaU9ux7xC7","svolume":"0.0","first_token_abbr":"1000935","exchange_abbr_name":"MSK/TRX","second_token_id":"_","status":"0"},{"first_token_id":"1000322","up_down_percent":"0.0","second_token_balance":0,"exchange_name":"1000322/_","volume":"0.0","second_token_abbr":"_","exchange_id":129,"high":"0.00031910377","first_token_balance":0,"low":"0.00031910377","price":0,"first_owner_address":"","creator_address":"TDGy2M9qWBepSHDEutWWxWd1JZfmAed3BP","svolume":"0.0","first_token_abbr":"1000322","exchange_abbr_name":"TRUC/TRX","second_token_id":"_","status":"0"},{"first_token_id":"1001190","up_down_percent":"0.0","second_token_balance":92442853,"exchange_name":"1001190/_","volume":"0.0","second_token_abbr":"_","exchange_id":49,"high":"3.389731E-8","first_token_balance":2727144002,"low":"3.389731E-8","price":3.3897315E-8,"first_owner_address":"","creator_address":"TLizzhLSHBKQA5iFQ1TirQdhm4Enu4JgQ5","svolume":"0.0","first_token_abbr":"1001190","exchange_abbr_name":"DDO/TRX","second_token_id":"_","status":"0"},{"first_token_id":"1000226","up_down_percent":"0.0","second_token_balance":6367283172,"exchange_name":"1000226/_","volume":"0.0","second_token_abbr":"_","exchange_id":25,"high":"0.31530568","first_token_balance":20194,"low":"0.31530568","price":0.31530568,"first_owner_address":"","creator_address":"TKLjUL8aedK5H9AjFahYAzDzT29LU6Z9e4","svolume":"385.432358","first_token_abbr":"1000226","exchange_abbr_name":"TERC/TRX","second_token_id":"_","status":"1"},{"first_token_id":"1001090","up_down_percent":"0.0","second_token_balance":570214845382,"exchange_name":"1001090/_","volume":"38000.0","second_token_abbr":"_","exchange_id":44,"high":"0.0052502607","first_token_balance":108606963,"low":"0.0052502607","price":0.0052502607,"first_owner_address":"","creator_address":"TYjNqmBaTmQ8UFLfmunUuUGuLnGvLLBojK","svolume":"0.0","first_token_abbr":"1001090","exchange_abbr_name":"TONE/TRX","second_token_id":"_","status":"1"},{"first_token_id":"1001107","up_down_percent":"0.0","second_token_balance":1444351553012,"exchange_name":"1001107/_","volume":"10.0","second_token_abbr":"_","exchange_id":74,"high":"2.0838315","first_token_balance":693123,"low":"2.0838315","price":2.0838315,"first_owner_address":"","creator_address":"TRAV331zr8fV8iENKifqGHMxRiKkVji7hs","svolume":"20.942807","first_token_abbr":"1001107","exchange_abbr_name":"KAOS/TRX","second_token_id":"_","status":"1"},{"first_token_id":"1000985","up_down_percent":"-3.6123853E-5","second_token_balance":17965646,"exchange_name":"1000985/_","volume":"0.0","second_token_abbr":"_","exchange_id":38,"high":"0.000012588562","first_token_balance":1427141,"low":"0.000012588562","price":1.2588557E-5,"first_owner_address":"","creator_address":"TRH5jmPx77UnMvfdvfo2m3FCkZVcBiFvqP","svolume":"0.0","first_token_abbr":"1000985","exchange_abbr_name":"Santa/TRX","second_token_id":"_","status":"0"}]

]]></system-out>
  <system-err><![CDATA[]]></system-err>
</testsuite>
