<?xml version="1.0" encoding="UTF-8"?>
<testsuite name="tron.tronscan.api.FundsInfo" tests="6" skipped="0" failures="0" errors="0" timestamp="2020-03-27T04:57:46" hostname="zhukaideiMac.local" time="3.907">
  <properties/>
  <testcase name="getBitt_fund" classname="tron.tronscan.api.FundsInfo" time="0.558"/>
  <testcase name="getBitt_graphic" classname="tron.tronscan.api.FundsInfo" time="0.526"/>
  <testcase name="getFundTest" classname="tron.tronscan.api.FundsInfo" time="0.538"/>
  <testcase name="getWinkFund" classname="tron.tronscan.api.FundsInfo" time="0.539"/>
  <testcase name="getWink_graphic" classname="tron.tronscan.api.FundsInfo" time="0.547"/>
  <testcase name="test01FundsInfo" classname="tron.tronscan.api.FundsInfo" time="1.197"/>
  <system-out><![CDATA[http://apilist.tronscan.org/api/bittorrent/fund
12:57:46.105 [TestNG-tests-1] DEBUG org.apache.http.impl.conn.PoolingClientConnectionManager - Connection request: [route: {}->http://apilist.tronscan.org:80][total kept alive: 0; route allocated: 0 of 80; total allocated: 0 of 100]
12:57:46.105 [TestNG-tests-1] DEBUG org.apache.http.impl.conn.PoolingClientConnectionManager - Connection leased: [id: 24][route: {}->http://apilist.tronscan.org:80][total kept alive: 0; route allocated: 1 of 80; total allocated: 1 of 100]
12:57:46.105 [TestNG-tests-1] DEBUG org.apache.http.impl.conn.DefaultClientConnectionOperator - Connecting to apilist.tronscan.org:80
12:57:46.355 [TestNG-tests-1] DEBUG org.apache.http.client.protocol.RequestAddCookies - CookieSpec selected: default
12:57:46.356 [TestNG-tests-1] DEBUG org.apache.http.client.protocol.RequestAuthCache - Auth cache not set in the context
12:57:46.356 [TestNG-tests-1] DEBUG org.apache.http.client.protocol.RequestTargetAuthentication - Target auth state: UNCHALLENGED
12:57:46.356 [TestNG-tests-1] DEBUG org.apache.http.client.protocol.RequestProxyAuthentication - Proxy auth state: UNCHALLENGED
12:57:46.356 [TestNG-tests-1] DEBUG org.apache.http.impl.client.DefaultHttpClient - Attempt 1 to execute request
12:57:46.356 [TestNG-tests-1] DEBUG org.apache.http.impl.conn.DefaultClientConnection - Sending request: GET /api/bittorrent/fund HTTP/1.1
12:57:46.356 [TestNG-tests-1] DEBUG org.apache.http.wire -  >> "GET /api/bittorrent/fund HTTP/1.1[\r][\n]"
12:57:46.356 [TestNG-tests-1] DEBUG org.apache.http.wire -  >> "Content-type: application/json; charset=utf-8[\r][\n]"
12:57:46.356 [TestNG-tests-1] DEBUG org.apache.http.wire -  >> "Connection: Close[\r][\n]"
12:57:46.356 [TestNG-tests-1] DEBUG org.apache.http.wire -  >> "Host: apilist.tronscan.org[\r][\n]"
12:57:46.356 [TestNG-tests-1] DEBUG org.apache.http.wire -  >> "User-Agent: Apache-HttpClient/4.5.3 (Java/1.8.0_211)[\r][\n]"
12:57:46.356 [TestNG-tests-1] DEBUG org.apache.http.wire -  >> "[\r][\n]"
12:57:46.356 [TestNG-tests-1] DEBUG org.apache.http.headers - >> GET /api/bittorrent/fund HTTP/1.1
12:57:46.356 [TestNG-tests-1] DEBUG org.apache.http.headers - >> Content-type: application/json; charset=utf-8
12:57:46.356 [TestNG-tests-1] DEBUG org.apache.http.headers - >> Connection: Close
12:57:46.356 [TestNG-tests-1] DEBUG org.apache.http.headers - >> Host: apilist.tronscan.org
12:57:46.356 [TestNG-tests-1] DEBUG org.apache.http.headers - >> User-Agent: Apache-HttpClient/4.5.3 (Java/1.8.0_211)
12:57:46.662 [TestNG-tests-1] DEBUG org.apache.http.wire -  << "HTTP/1.1 200 OK[\r][\n]"
12:57:46.663 [TestNG-tests-1] DEBUG org.apache.http.wire -  << "Server: nginx[\r][\n]"
12:57:46.663 [TestNG-tests-1] DEBUG org.apache.http.wire -  << "Date: Fri, 27 Mar 2020 04:57:47 GMT[\r][\n]"
12:57:46.663 [TestNG-tests-1] DEBUG org.apache.http.wire -  << "Content-Type: application/json;charset=utf-8[\r][\n]"
12:57:46.663 [TestNG-tests-1] DEBUG org.apache.http.wire -  << "Content-Length: 64[\r][\n]"
12:57:46.663 [TestNG-tests-1] DEBUG org.apache.http.wire -  << "Connection: close[\r][\n]"
12:57:46.663 [TestNG-tests-1] DEBUG org.apache.http.wire -  << "Access-Control-Allow-Origin: *[\r][\n]"
12:57:46.663 [TestNG-tests-1] DEBUG org.apache.http.wire -  << "Access-Control-Allow-Headers: DNT,X-Mx-ReqToken,Keep-Alive,User-Agent,X-Requested-With,If-Modified-Since,Cache-Control,Content-Type,Authorization[\r][\n]"
12:57:46.663 [TestNG-tests-1] DEBUG org.apache.http.wire -  << "Access-Control-Allow-Methods: GET,POST,PUT,DELETE,OPTIONS[\r][\n]"
12:57:46.663 [TestNG-tests-1] DEBUG org.apache.http.wire -  << "X-Proxy-Cache: EXPIRED[\r][\n]"
12:57:46.663 [TestNG-tests-1] DEBUG org.apache.http.wire -  << "[\r][\n]"
12:57:46.663 [TestNG-tests-1] DEBUG org.apache.http.impl.conn.DefaultClientConnection - Receiving response: HTTP/1.1 200 OK
12:57:46.663 [TestNG-tests-1] DEBUG org.apache.http.headers - << HTTP/1.1 200 OK
12:57:46.663 [TestNG-tests-1] DEBUG org.apache.http.headers - << Server: nginx
12:57:46.663 [TestNG-tests-1] DEBUG org.apache.http.headers - << Date: Fri, 27 Mar 2020 04:57:47 GMT
12:57:46.663 [TestNG-tests-1] DEBUG org.apache.http.headers - << Content-Type: application/json;charset=utf-8
12:57:46.663 [TestNG-tests-1] DEBUG org.apache.http.headers - << Content-Length: 64
12:57:46.663 [TestNG-tests-1] DEBUG org.apache.http.headers - << Connection: close
12:57:46.663 [TestNG-tests-1] DEBUG org.apache.http.headers - << Access-Control-Allow-Origin: *
12:57:46.663 [TestNG-tests-1] DEBUG org.apache.http.headers - << Access-Control-Allow-Headers: DNT,X-Mx-ReqToken,Keep-Alive,User-Agent,X-Requested-With,If-Modified-Since,Cache-Control,Content-Type,Authorization
12:57:46.663 [TestNG-tests-1] DEBUG org.apache.http.headers - << Access-Control-Allow-Methods: GET,POST,PUT,DELETE,OPTIONS
12:57:46.663 [TestNG-tests-1] DEBUG org.apache.http.headers - << X-Proxy-Cache: EXPIRED
http://apilist.tronscan.org/api/bittorrent/fund 请求总耗时：558 毫秒
12:57:46.663 [TestNG-tests-1] DEBUG org.apache.http.wire -  << "{"totalTurnOver":"212116500000.00","marketValue":"47366112.09"}[\n]"
12:57:46.663 [TestNG-tests-1] DEBUG org.apache.http.impl.conn.DefaultClientConnection - Connection 0.0.0.0:61039<->18.216.178.128:80 closed
12:57:46.663 [TestNG-tests-1] DEBUG org.apache.http.impl.conn.PoolingClientConnectionManager - Connection released: [id: 24][route: {}->http://apilist.tronscan.org:80][total kept alive: 0; route allocated: 0 of 80; total allocated: 0 of 100]
12:57:46.663 [TestNG-tests-1] INFO tron.common.TronscanApiList - ----------------------------Print JSON Start---------------------------
12:57:46.663 [TestNG-tests-1] INFO tron.common.TronscanApiList - totalTurnOver:212116500000.00
12:57:46.663 [TestNG-tests-1] INFO tron.common.TronscanApiList - marketValue:47366112.09
12:57:46.663 [TestNG-tests-1] INFO tron.common.TronscanApiList - JSON content size are: 2
12:57:46.663 [TestNG-tests-1] INFO tron.common.TronscanApiList - ----------------------------Print JSON End-----------------------------
http://apilist.tronscan.org/api/bittorrent/graphic
12:57:46.664 [TestNG-tests-1] DEBUG org.apache.http.impl.conn.PoolingClientConnectionManager - Connection request: [route: {}->http://apilist.tronscan.org:80][total kept alive: 0; route allocated: 0 of 80; total allocated: 0 of 100]
12:57:46.664 [TestNG-tests-1] DEBUG org.apache.http.impl.conn.PoolingClientConnectionManager - Connection leased: [id: 25][route: {}->http://apilist.tronscan.org:80][total kept alive: 0; route allocated: 1 of 80; total allocated: 1 of 100]
12:57:46.664 [TestNG-tests-1] DEBUG org.apache.http.impl.conn.DefaultClientConnectionOperator - Connecting to apilist.tronscan.org:80
12:57:46.952 [TestNG-tests-1] DEBUG org.apache.http.client.protocol.RequestAddCookies - CookieSpec selected: default
12:57:46.952 [TestNG-tests-1] DEBUG org.apache.http.client.protocol.RequestAuthCache - Auth cache not set in the context
12:57:46.952 [TestNG-tests-1] DEBUG org.apache.http.client.protocol.RequestTargetAuthentication - Target auth state: UNCHALLENGED
12:57:46.952 [TestNG-tests-1] DEBUG org.apache.http.client.protocol.RequestProxyAuthentication - Proxy auth state: UNCHALLENGED
12:57:46.952 [TestNG-tests-1] DEBUG org.apache.http.impl.client.DefaultHttpClient - Attempt 1 to execute request
12:57:46.952 [TestNG-tests-1] DEBUG org.apache.http.impl.conn.DefaultClientConnection - Sending request: GET /api/bittorrent/graphic HTTP/1.1
12:57:46.952 [TestNG-tests-1] DEBUG org.apache.http.wire -  >> "GET /api/bittorrent/graphic HTTP/1.1[\r][\n]"
12:57:46.952 [TestNG-tests-1] DEBUG org.apache.http.wire -  >> "Content-type: application/json; charset=utf-8[\r][\n]"
12:57:46.952 [TestNG-tests-1] DEBUG org.apache.http.wire -  >> "Connection: Close[\r][\n]"
12:57:46.952 [TestNG-tests-1] DEBUG org.apache.http.wire -  >> "Host: apilist.tronscan.org[\r][\n]"
12:57:46.952 [TestNG-tests-1] DEBUG org.apache.http.wire -  >> "User-Agent: Apache-HttpClient/4.5.3 (Java/1.8.0_211)[\r][\n]"
12:57:46.952 [TestNG-tests-1] DEBUG org.apache.http.wire -  >> "[\r][\n]"
12:57:46.952 [TestNG-tests-1] DEBUG org.apache.http.headers - >> GET /api/bittorrent/graphic HTTP/1.1
12:57:46.952 [TestNG-tests-1] DEBUG org.apache.http.headers - >> Content-type: application/json; charset=utf-8
12:57:46.952 [TestNG-tests-1] DEBUG org.apache.http.headers - >> Connection: Close
12:57:46.952 [TestNG-tests-1] DEBUG org.apache.http.headers - >> Host: apilist.tronscan.org
12:57:46.952 [TestNG-tests-1] DEBUG org.apache.http.headers - >> User-Agent: Apache-HttpClient/4.5.3 (Java/1.8.0_211)
12:57:47.189 [TestNG-tests-1] DEBUG org.apache.http.wire -  << "HTTP/1.1 200 OK[\r][\n]"
12:57:47.190 [TestNG-tests-1] DEBUG org.apache.http.wire -  << "Server: nginx[\r][\n]"
12:57:47.190 [TestNG-tests-1] DEBUG org.apache.http.wire -  << "Date: Fri, 27 Mar 2020 04:57:47 GMT[\r][\n]"
12:57:47.190 [TestNG-tests-1] DEBUG org.apache.http.wire -  << "Content-Type: application/json;charset=utf-8[\r][\n]"
12:57:47.190 [TestNG-tests-1] DEBUG org.apache.http.wire -  << "Content-Length: 2131[\r][\n]"
12:57:47.190 [TestNG-tests-1] DEBUG org.apache.http.wire -  << "Connection: close[\r][\n]"
12:57:47.190 [TestNG-tests-1] DEBUG org.apache.http.wire -  << "Vary: Accept-Encoding[\r][\n]"
12:57:47.190 [TestNG-tests-1] DEBUG org.apache.http.wire -  << "Access-Control-Allow-Origin: *[\r][\n]"
12:57:47.190 [TestNG-tests-1] DEBUG org.apache.http.wire -  << "Access-Control-Allow-Headers: DNT,X-Mx-ReqToken,Keep-Alive,User-Agent,X-Requested-With,If-Modified-Since,Cache-Control,Content-Type,Authorization[\r][\n]"
12:57:47.190 [TestNG-tests-1] DEBUG org.apache.http.wire -  << "Access-Control-Allow-Methods: GET,POST,PUT,DELETE,OPTIONS[\r][\n]"
12:57:47.190 [TestNG-tests-1] DEBUG org.apache.http.wire -  << "X-Proxy-Cache: EXPIRED[\r][\n]"
12:57:47.190 [TestNG-tests-1] DEBUG org.apache.http.wire -  << "[\r][\n]"
12:57:47.190 [TestNG-tests-1] DEBUG org.apache.http.impl.conn.DefaultClientConnection - Receiving response: HTTP/1.1 200 OK
12:57:47.190 [TestNG-tests-1] DEBUG org.apache.http.headers - << HTTP/1.1 200 OK
12:57:47.190 [TestNG-tests-1] DEBUG org.apache.http.headers - << Server: nginx
12:57:47.190 [TestNG-tests-1] DEBUG org.apache.http.headers - << Date: Fri, 27 Mar 2020 04:57:47 GMT
12:57:47.190 [TestNG-tests-1] DEBUG org.apache.http.headers - << Content-Type: application/json;charset=utf-8
12:57:47.190 [TestNG-tests-1] DEBUG org.apache.http.headers - << Content-Length: 2131
12:57:47.190 [TestNG-tests-1] DEBUG org.apache.http.headers - << Connection: close
12:57:47.190 [TestNG-tests-1] DEBUG org.apache.http.headers - << Vary: Accept-Encoding
12:57:47.190 [TestNG-tests-1] DEBUG org.apache.http.headers - << Access-Control-Allow-Origin: *
12:57:47.190 [TestNG-tests-1] DEBUG org.apache.http.headers - << Access-Control-Allow-Headers: DNT,X-Mx-ReqToken,Keep-Alive,User-Agent,X-Requested-With,If-Modified-Since,Cache-Control,Content-Type,Authorization
12:57:47.190 [TestNG-tests-1] DEBUG org.apache.http.headers - << Access-Control-Allow-Methods: GET,POST,PUT,DELETE,OPTIONS
12:57:47.190 [TestNG-tests-1] DEBUG org.apache.http.headers - << X-Proxy-Cache: EXPIRED
http://apilist.tronscan.org/api/bittorrent/graphic 请求总耗时：526 毫秒
12:57:47.190 [TestNG-tests-1] DEBUG org.apache.http.wire -  << "[{"data":[1.7,3.3,4.8,6.2,7.6,9.0,9.69,10.28,10.87,11.47,12.06,12.65,13.14,13.64,14.14,14.64,15.13,15.63,15.88,16.13,16.38,16.63,16.88,17.12,17.37,17.62,17.87,17.95,18.04,18.12,18.2,18.29,18.37,18.45,18.53,18.62,18.7,18.78,18.87,18.95,19.03,19.11,19.2,19.28,19.36,19.45,19.53,19.57],"name":"BitTorrent Ecosystem"},{"data":[0.3,0.6,0.9,1.2,1.51,1.81,1.91,2.0,2.1,2.2,2.3,2.4,2.47,2.53,2.6,2.67,2.73,2.8,2.87,2.93,3.0,3.07,3.13,3.2,3.23,3.27,3.3,3.33,3.37,3.4,3.43,3.47,3.5,3.53,3.57,3.6,3.62,3.63,3.65,3.67,3.68,3.7,3.72,3.73,3.75,3.77,3.78,3.81],"name":"Partnerships"},{"data":[0.17,0.33,0.5,0.67,0.83,1.0,1.17,1.33,1.5,1.67,1.83,2.0,2.0,2.0,2.0,2.0,2.0,2.0,2.0,2.0,2.0,2.0,2.0,2.0,2.0,2.0,2.0,2.0,2.0,2.0,2.0,2.0,2.0,2.0,2.0,2.0,2.0,2.0,2.0,2.0,2.0,2.0,2.0,2.0,2.0,2.0,2.0,2.0],"name":"Private Sale"},{"data":[0.53,1.06,1.58,2.11,2.64,3.17,3.69,4.22,4.75,5.28,5.81,6.33,6.86,7.39,7.92,8.44,8.97,9.5,10.03,10.56,11.08,11.61,12.14,12.67,13.19,13.72,14.25,14.78,15.31,15.83,16.36,16.89,17.42,17.94,18.47,19.0,19.0,19.0,19.0,19.0,19.0,19.0,19.0,19.0,19.0,19.0,19.0,19.0],"name":"Team"},{"data":[0.3,1.4,1.5,1.6,1.7,1.8,1.9,2.0,2.1,2.2,2.3,2.4,2.5,2.6,2.71,2.82,2.93,3.03,3.14,3.25,3.36,3.47,3.58,3.68,3.79,3.9,4.02,4.13,4.25,4.37,4.48,4.6,4.72,4.83,4.95,5.07,5.18,5.3,5.43,5.55,5.68,5.8,5.93,6.05,6.18,6.3,6.43,6.55],"name":"TRON Airdrop"},{"data":[0.95,1.91,2.22,2.53,2.84,3.15,3.46,3.77,4.08,4.39,4.7,5.02,5.33,5.64,5.95,6.26,6.57,6.88,7.19,7.5,7.81,8.0,8.13,8.25,8.38,8.5,8.63,8.67,8.71,8.75,8.79,8.83,8.88,8.92,8.96,9.0,9.04,9.08,9.12,9.17,9.21,9.25,9.29,9.33,9.37,9.42,9.46,9.53],"name":"BitTorrent Airdrop"},{"data":[0.75,1.5,2.25,3.0,3.75,4.5,5.25,6.0,6.75,7.5,8.25,9.0,9.0,9.0,9.0,9.0,9.0,9.0,9.0,9.0,9.0,9.0,9.0,9.0,9.0,9.0,9.0,9.0,9.0,9.0,9.0,9.0,9.0,9.0,9.0,9.0,9.0,9.0,9.0,9.0,9.0,9.0,9.0,9.0,9.0,9.0,9.0,9.0],"name":"Seed Sale"},{"data":[0.56,1.11,1.67,2.22,2.78,3.33,3.89,4.44,5.0,5.56,6.11,6.67,7.22,7.78,8.33,8.89,9.44,10.0,10.56,11.11,11.67,12.22,12.78,13.33,13.89,14.44,15.0,15.56,16.11,16.67,17.22,17.78,18.33,18.89,19.44,20.0,20.0,20.0,20.0,20.0,20.0,20.0,20.0,20.0,20.0,20.0,20.0,20.0],"name":"TRON Foundation"}][\n]"
12:57:47.190 [TestNG-tests-1] DEBUG org.apache.http.impl.conn.DefaultClientConnection - Connection 0.0.0.0:61044<->18.216.178.128:80 closed
12:57:47.190 [TestNG-tests-1] DEBUG org.apache.http.impl.conn.PoolingClientConnectionManager - Connection released: [id: 25][route: {}->http://apilist.tronscan.org:80][total kept alive: 0; route allocated: 0 of 80; total allocated: 0 of 100]
[{"data":[1.7,3.3,4.8,6.2,7.6,9.0,9.69,10.28,10.87,11.47,12.06,12.65,13.14,13.64,14.14,14.64,15.13,15.63,15.88,16.13,16.38,16.63,16.88,17.12,17.37,17.62,17.87,17.95,18.04,18.12,18.2,18.29,18.37,18.45,18.53,18.62,18.7,18.78,18.87,18.95,19.03,19.11,19.2,19.28,19.36,19.45,19.53,19.57],"name":"BitTorrent Ecosystem"},{"data":[0.3,0.6,0.9,1.2,1.51,1.81,1.91,2.0,2.1,2.2,2.3,2.4,2.47,2.53,2.6,2.67,2.73,2.8,2.87,2.93,3.0,3.07,3.13,3.2,3.23,3.27,3.3,3.33,3.37,3.4,3.43,3.47,3.5,3.53,3.57,3.6,3.62,3.63,3.65,3.67,3.68,3.7,3.72,3.73,3.75,3.77,3.78,3.81],"name":"Partnerships"},{"data":[0.17,0.33,0.5,0.67,0.83,1.0,1.17,1.33,1.5,1.67,1.83,2.0,2.0,2.0,2.0,2.0,2.0,2.0,2.0,2.0,2.0,2.0,2.0,2.0,2.0,2.0,2.0,2.0,2.0,2.0,2.0,2.0,2.0,2.0,2.0,2.0,2.0,2.0,2.0,2.0,2.0,2.0,2.0,2.0,2.0,2.0,2.0,2.0],"name":"Private Sale"},{"data":[0.53,1.06,1.58,2.11,2.64,3.17,3.69,4.22,4.75,5.28,5.81,6.33,6.86,7.39,7.92,8.44,8.97,9.5,10.03,10.56,11.08,11.61,12.14,12.67,13.19,13.72,14.25,14.78,15.31,15.83,16.36,16.89,17.42,17.94,18.47,19.0,19.0,19.0,19.0,19.0,19.0,19.0,19.0,19.0,19.0,19.0,19.0,19.0],"name":"Team"},{"data":[0.3,1.4,1.5,1.6,1.7,1.8,1.9,2.0,2.1,2.2,2.3,2.4,2.5,2.6,2.71,2.82,2.93,3.03,3.14,3.25,3.36,3.47,3.58,3.68,3.79,3.9,4.02,4.13,4.25,4.37,4.48,4.6,4.72,4.83,4.95,5.07,5.18,5.3,5.43,5.55,5.68,5.8,5.93,6.05,6.18,6.3,6.43,6.55],"name":"TRON Airdrop"},{"data":[0.95,1.91,2.22,2.53,2.84,3.15,3.46,3.77,4.08,4.39,4.7,5.02,5.33,5.64,5.95,6.26,6.57,6.88,7.19,7.5,7.81,8.0,8.13,8.25,8.38,8.5,8.63,8.67,8.71,8.75,8.79,8.83,8.88,8.92,8.96,9.0,9.04,9.08,9.12,9.17,9.21,9.25,9.29,9.33,9.37,9.42,9.46,9.53],"name":"BitTorrent Airdrop"},{"data":[0.75,1.5,2.25,3.0,3.75,4.5,5.25,6.0,6.75,7.5,8.25,9.0,9.0,9.0,9.0,9.0,9.0,9.0,9.0,9.0,9.0,9.0,9.0,9.0,9.0,9.0,9.0,9.0,9.0,9.0,9.0,9.0,9.0,9.0,9.0,9.0,9.0,9.0,9.0,9.0,9.0,9.0,9.0,9.0,9.0,9.0,9.0,9.0],"name":"Seed Sale"},{"data":[0.56,1.11,1.67,2.22,2.78,3.33,3.89,4.44,5.0,5.56,6.11,6.67,7.22,7.78,8.33,8.89,9.44,10.0,10.56,11.11,11.67,12.22,12.78,13.33,13.89,14.44,15.0,15.56,16.11,16.67,17.22,17.78,18.33,18.89,19.44,20.0,20.0,20.0,20.0,20.0,20.0,20.0,20.0,20.0,20.0,20.0,20.0,20.0],"name":"TRON Foundation"}]

http://apilist.tronscan.org/api/fund
12:57:47.191 [TestNG-tests-1] DEBUG org.apache.http.impl.conn.PoolingClientConnectionManager - Connection request: [route: {}->http://apilist.tronscan.org:80][total kept alive: 0; route allocated: 0 of 80; total allocated: 0 of 100]
12:57:47.191 [TestNG-tests-1] DEBUG org.apache.http.impl.conn.PoolingClientConnectionManager - Connection leased: [id: 26][route: {}->http://apilist.tronscan.org:80][total kept alive: 0; route allocated: 1 of 80; total allocated: 1 of 100]
12:57:47.191 [TestNG-tests-1] DEBUG org.apache.http.impl.conn.DefaultClientConnectionOperator - Connecting to apilist.tronscan.org:80
12:57:47.482 [TestNG-tests-1] DEBUG org.apache.http.client.protocol.RequestAddCookies - CookieSpec selected: default
12:57:47.482 [TestNG-tests-1] DEBUG org.apache.http.client.protocol.RequestAuthCache - Auth cache not set in the context
12:57:47.482 [TestNG-tests-1] DEBUG org.apache.http.client.protocol.RequestTargetAuthentication - Target auth state: UNCHALLENGED
12:57:47.482 [TestNG-tests-1] DEBUG org.apache.http.client.protocol.RequestProxyAuthentication - Proxy auth state: UNCHALLENGED
12:57:47.482 [TestNG-tests-1] DEBUG org.apache.http.impl.client.DefaultHttpClient - Attempt 1 to execute request
12:57:47.482 [TestNG-tests-1] DEBUG org.apache.http.impl.conn.DefaultClientConnection - Sending request: GET /api/fund?per_page=20&page_index=1 HTTP/1.1
12:57:47.482 [TestNG-tests-1] DEBUG org.apache.http.wire -  >> "GET /api/fund?per_page=20&page_index=1 HTTP/1.1[\r][\n]"
12:57:47.482 [TestNG-tests-1] DEBUG org.apache.http.wire -  >> "Content-type: application/json; charset=utf-8[\r][\n]"
12:57:47.482 [TestNG-tests-1] DEBUG org.apache.http.wire -  >> "Connection: Close[\r][\n]"
12:57:47.482 [TestNG-tests-1] DEBUG org.apache.http.wire -  >> "Host: apilist.tronscan.org[\r][\n]"
12:57:47.482 [TestNG-tests-1] DEBUG org.apache.http.wire -  >> "User-Agent: Apache-HttpClient/4.5.3 (Java/1.8.0_211)[\r][\n]"
12:57:47.482 [TestNG-tests-1] DEBUG org.apache.http.wire -  >> "[\r][\n]"
12:57:47.482 [TestNG-tests-1] DEBUG org.apache.http.headers - >> GET /api/fund?per_page=20&page_index=1 HTTP/1.1
12:57:47.482 [TestNG-tests-1] DEBUG org.apache.http.headers - >> Content-type: application/json; charset=utf-8
12:57:47.482 [TestNG-tests-1] DEBUG org.apache.http.headers - >> Connection: Close
12:57:47.482 [TestNG-tests-1] DEBUG org.apache.http.headers - >> Host: apilist.tronscan.org
12:57:47.482 [TestNG-tests-1] DEBUG org.apache.http.headers - >> User-Agent: Apache-HttpClient/4.5.3 (Java/1.8.0_211)
12:57:47.726 [TestNG-tests-1] DEBUG org.apache.http.wire -  << "HTTP/1.1 200 OK[\r][\n]"
12:57:47.727 [TestNG-tests-1] DEBUG org.apache.http.wire -  << "Server: nginx[\r][\n]"
12:57:47.727 [TestNG-tests-1] DEBUG org.apache.http.wire -  << "Date: Fri, 27 Mar 2020 04:57:48 GMT[\r][\n]"
12:57:47.727 [TestNG-tests-1] DEBUG org.apache.http.wire -  << "Content-Type: application/json;charset=utf-8[\r][\n]"
12:57:47.727 [TestNG-tests-1] DEBUG org.apache.http.wire -  << "Content-Length: 1736[\r][\n]"
12:57:47.727 [TestNG-tests-1] DEBUG org.apache.http.wire -  << "Connection: close[\r][\n]"
12:57:47.727 [TestNG-tests-1] DEBUG org.apache.http.wire -  << "Vary: Accept-Encoding[\r][\n]"
12:57:47.727 [TestNG-tests-1] DEBUG org.apache.http.wire -  << "Access-Control-Allow-Origin: *[\r][\n]"
12:57:47.727 [TestNG-tests-1] DEBUG org.apache.http.wire -  << "Access-Control-Allow-Headers: DNT,X-Mx-ReqToken,Keep-Alive,User-Agent,X-Requested-With,If-Modified-Since,Cache-Control,Content-Type,Authorization[\r][\n]"
12:57:47.727 [TestNG-tests-1] DEBUG org.apache.http.wire -  << "Access-Control-Allow-Methods: GET,POST,PUT,DELETE,OPTIONS[\r][\n]"
12:57:47.727 [TestNG-tests-1] DEBUG org.apache.http.wire -  << "X-Proxy-Cache: MISS[\r][\n]"
12:57:47.727 [TestNG-tests-1] DEBUG org.apache.http.wire -  << "[\r][\n]"
12:57:47.727 [TestNG-tests-1] DEBUG org.apache.http.impl.conn.DefaultClientConnection - Receiving response: HTTP/1.1 200 OK
12:57:47.727 [TestNG-tests-1] DEBUG org.apache.http.headers - << HTTP/1.1 200 OK
12:57:47.727 [TestNG-tests-1] DEBUG org.apache.http.headers - << Server: nginx
12:57:47.727 [TestNG-tests-1] DEBUG org.apache.http.headers - << Date: Fri, 27 Mar 2020 04:57:48 GMT
12:57:47.727 [TestNG-tests-1] DEBUG org.apache.http.headers - << Content-Type: application/json;charset=utf-8
12:57:47.727 [TestNG-tests-1] DEBUG org.apache.http.headers - << Content-Length: 1736
12:57:47.727 [TestNG-tests-1] DEBUG org.apache.http.headers - << Connection: close
12:57:47.727 [TestNG-tests-1] DEBUG org.apache.http.headers - << Vary: Accept-Encoding
12:57:47.727 [TestNG-tests-1] DEBUG org.apache.http.headers - << Access-Control-Allow-Origin: *
12:57:47.727 [TestNG-tests-1] DEBUG org.apache.http.headers - << Access-Control-Allow-Headers: DNT,X-Mx-ReqToken,Keep-Alive,User-Agent,X-Requested-With,If-Modified-Since,Cache-Control,Content-Type,Authorization
12:57:47.727 [TestNG-tests-1] DEBUG org.apache.http.headers - << Access-Control-Allow-Methods: GET,POST,PUT,DELETE,OPTIONS
12:57:47.727 [TestNG-tests-1] DEBUG org.apache.http.headers - << X-Proxy-Cache: MISS
http://apilist.tronscan.org/api/fund?per_page=20&page_index=1 请求总耗时：536 毫秒
12:57:47.727 [TestNG-tests-1] DEBUG org.apache.http.wire -  << "{"code":0,"message":"OK","data":{"total":33177933703065632,"data":[{"key":1,"address":"TAJAfqk82Kov5WAR8iwPHmaAytCoppU31K","balance":55546128275449},{"key":2,"address":"TSWjcQ9qC7LTP7zjWQFXgC3FQ2T7rShmba","balance":49794412500009},{"key":3,"address":"TY1mDG5CEF5MGEc6x6pUzGRYMvxq5LQUow","balance":49590611794253},{"key":4,"address":"TN76CjLmTTcaXD1bZt4oMCBn8Ybac6Hj5J","balance":49415599448761},{"key":5,"address":"TM8NR8fR4ghmXdvnrqRr8KrjG9hhV4gR2F","balance":49395084964194},{"key":6,"address":"TRntvjCPtkdTBeWorg9QAX9zEp2gXiJiHj","balance":49389053095520},{"key":7,"address":"TKoU7MkprWw8q142Sd199XU4B5fUaMVBNm","balance":49374365688599},{"key":8,"address":"TGvUwv3TvGq294eZFrsi8NHmG8zh7SJRvm","balance":49348617904463},{"key":9,"address":"TTGmWu29n5GZDuXV681xFPu8qhdmrwF79V","balance":49148502666707},{"key":10,"address":"TBo3GV67yKFaXZ7pdEkwdjzqL5UjM2uWXd","balance":49113214955628},{"key":11,"address":"TMrwcjqECRFV34pdDb8GRs5CSjyaxmaiJ3","balance":49039874501272},{"key":12,"address":"TVC37D2RxnMhNYTdNgpq4TiircT9K2VhCU","balance":49021555650875},{"key":13,"address":"TDLxbk6fVDZuiWF1pSd5xF4gUNYeApeVxo","balance":48965316733488},{"key":14,"address":"TVSBprqPMDMevXqVKJn7trQso7wMqssBeo","balance":48964198904426},{"key":15,"address":"TM2EtxE6eLsMwr3GrfyDpauMxzp6cDzjFR","balance":48806186489295},{"key":16,"address":"TYcnzVmd6iBMpWVSGJ52HqTHH6BzWf8qAL","balance":48759099024549},{"key":17,"address":"TTfAynPXFak4NXsDzQpmgXmQj3BKJjEfHu","balance":48725222259001},{"key":18,"address":"TPZUkjLqUAVd5CBm7xGqLdi8o7YDRekbVL","balance":48658440142393},{"key":19,"address":"TVzDREdv1TBxX6zrdkiB3Akb4XCoMWDkWM","balance":48650957297627},{"key":20,"address":"TEDa26J7Wz2b2kHDzJB9XKeprojbsPqoBN","balance":48613982655061}]},"page_index":1}[\n]"
12:57:47.727 [TestNG-tests-1] DEBUG org.apache.http.impl.conn.DefaultClientConnection - Connection 0.0.0.0:61045<->18.216.178.128:80 closed
12:57:47.727 [TestNG-tests-1] DEBUG org.apache.http.impl.conn.PoolingClientConnectionManager - Connection released: [id: 26][route: {}->http://apilist.tronscan.org:80][total kept alive: 0; route allocated: 0 of 80; total allocated: 0 of 100]
12:57:47.727 [TestNG-tests-1] INFO tron.common.TronscanApiList - ----------------------------Print JSON Start---------------------------
12:57:47.727 [TestNG-tests-1] INFO tron.common.TronscanApiList - code:0
12:57:47.727 [TestNG-tests-1] INFO tron.common.TronscanApiList - data:{"total":33177933703065632,"data":[{"address":"TAJAfqk82Kov5WAR8iwPHmaAytCoppU31K","balance":55546128275449,"key":1},{"address":"TSWjcQ9qC7LTP7zjWQFXgC3FQ2T7rShmba","balance":49794412500009,"key":2},{"address":"TY1mDG5CEF5MGEc6x6pUzGRYMvxq5LQUow","balance":49590611794253,"key":3},{"address":"TN76CjLmTTcaXD1bZt4oMCBn8Ybac6Hj5J","balance":49415599448761,"key":4},{"address":"TM8NR8fR4ghmXdvnrqRr8KrjG9hhV4gR2F","balance":49395084964194,"key":5},{"address":"TRntvjCPtkdTBeWorg9QAX9zEp2gXiJiHj","balance":49389053095520,"key":6},{"address":"TKoU7MkprWw8q142Sd199XU4B5fUaMVBNm","balance":49374365688599,"key":7},{"address":"TGvUwv3TvGq294eZFrsi8NHmG8zh7SJRvm","balance":49348617904463,"key":8},{"address":"TTGmWu29n5GZDuXV681xFPu8qhdmrwF79V","balance":49148502666707,"key":9},{"address":"TBo3GV67yKFaXZ7pdEkwdjzqL5UjM2uWXd","balance":49113214955628,"key":10},{"address":"TMrwcjqECRFV34pdDb8GRs5CSjyaxmaiJ3","balance":49039874501272,"key":11},{"address":"TVC37D2RxnMhNYTdNgpq4TiircT9K2VhCU","balance":49021555650875,"key":12},{"address":"TDLxbk6fVDZuiWF1pSd5xF4gUNYeApeVxo","balance":48965316733488,"key":13},{"address":"TVSBprqPMDMevXqVKJn7trQso7wMqssBeo","balance":48964198904426,"key":14},{"address":"TM2EtxE6eLsMwr3GrfyDpauMxzp6cDzjFR","balance":48806186489295,"key":15},{"address":"TYcnzVmd6iBMpWVSGJ52HqTHH6BzWf8qAL","balance":48759099024549,"key":16},{"address":"TTfAynPXFak4NXsDzQpmgXmQj3BKJjEfHu","balance":48725222259001,"key":17},{"address":"TPZUkjLqUAVd5CBm7xGqLdi8o7YDRekbVL","balance":48658440142393,"key":18},{"address":"TVzDREdv1TBxX6zrdkiB3Akb4XCoMWDkWM","balance":48650957297627,"key":19},{"address":"TEDa26J7Wz2b2kHDzJB9XKeprojbsPqoBN","balance":48613982655061,"key":20}]}
12:57:47.727 [TestNG-tests-1] INFO tron.common.TronscanApiList - page_index:1
12:57:47.727 [TestNG-tests-1] INFO tron.common.TronscanApiList - message:OK
12:57:47.727 [TestNG-tests-1] INFO tron.common.TronscanApiList - JSON content size are: 4
12:57:47.727 [TestNG-tests-1] INFO tron.common.TronscanApiList - ----------------------------Print JSON End-----------------------------
http://apilist.tronscan.org/api/wink/fund
12:57:47.728 [TestNG-tests-1] DEBUG org.apache.http.impl.conn.PoolingClientConnectionManager - Connection request: [route: {}->http://apilist.tronscan.org:80][total kept alive: 0; route allocated: 0 of 80; total allocated: 0 of 100]
12:57:47.728 [TestNG-tests-1] DEBUG org.apache.http.impl.conn.PoolingClientConnectionManager - Connection leased: [id: 27][route: {}->http://apilist.tronscan.org:80][total kept alive: 0; route allocated: 1 of 80; total allocated: 1 of 100]
12:57:47.728 [TestNG-tests-1] DEBUG org.apache.http.impl.conn.DefaultClientConnectionOperator - Connecting to apilist.tronscan.org:80
12:57:47.963 [TestNG-tests-1] DEBUG org.apache.http.client.protocol.RequestAddCookies - CookieSpec selected: default
12:57:47.963 [TestNG-tests-1] DEBUG org.apache.http.client.protocol.RequestAuthCache - Auth cache not set in the context
12:57:47.963 [TestNG-tests-1] DEBUG org.apache.http.client.protocol.RequestTargetAuthentication - Target auth state: UNCHALLENGED
12:57:47.963 [TestNG-tests-1] DEBUG org.apache.http.client.protocol.RequestProxyAuthentication - Proxy auth state: UNCHALLENGED
12:57:47.963 [TestNG-tests-1] DEBUG org.apache.http.impl.client.DefaultHttpClient - Attempt 1 to execute request
12:57:47.963 [TestNG-tests-1] DEBUG org.apache.http.impl.conn.DefaultClientConnection - Sending request: GET /api/wink/fund HTTP/1.1
12:57:47.963 [TestNG-tests-1] DEBUG org.apache.http.wire -  >> "GET /api/wink/fund HTTP/1.1[\r][\n]"
12:57:47.963 [TestNG-tests-1] DEBUG org.apache.http.wire -  >> "Content-type: application/json; charset=utf-8[\r][\n]"
12:57:47.963 [TestNG-tests-1] DEBUG org.apache.http.wire -  >> "Connection: Close[\r][\n]"
12:57:47.963 [TestNG-tests-1] DEBUG org.apache.http.wire -  >> "Host: apilist.tronscan.org[\r][\n]"
12:57:47.963 [TestNG-tests-1] DEBUG org.apache.http.wire -  >> "User-Agent: Apache-HttpClient/4.5.3 (Java/1.8.0_211)[\r][\n]"
12:57:47.963 [TestNG-tests-1] DEBUG org.apache.http.wire -  >> "[\r][\n]"
12:57:47.963 [TestNG-tests-1] DEBUG org.apache.http.headers - >> GET /api/wink/fund HTTP/1.1
12:57:47.963 [TestNG-tests-1] DEBUG org.apache.http.headers - >> Content-type: application/json; charset=utf-8
12:57:47.963 [TestNG-tests-1] DEBUG org.apache.http.headers - >> Connection: Close
12:57:47.963 [TestNG-tests-1] DEBUG org.apache.http.headers - >> Host: apilist.tronscan.org
12:57:47.963 [TestNG-tests-1] DEBUG org.apache.http.headers - >> User-Agent: Apache-HttpClient/4.5.3 (Java/1.8.0_211)
12:57:48.267 [TestNG-tests-1] DEBUG org.apache.http.wire -  << "HTTP/1.1 200 OK[\r][\n]"
12:57:48.267 [TestNG-tests-1] DEBUG org.apache.http.wire -  << "Server: nginx[\r][\n]"
12:57:48.267 [TestNG-tests-1] DEBUG org.apache.http.wire -  << "Date: Fri, 27 Mar 2020 04:57:48 GMT[\r][\n]"
12:57:48.267 [TestNG-tests-1] DEBUG org.apache.http.wire -  << "Content-Type: application/json;charset=utf-8[\r][\n]"
12:57:48.267 [TestNG-tests-1] DEBUG org.apache.http.wire -  << "Content-Length: 64[\r][\n]"
12:57:48.267 [TestNG-tests-1] DEBUG org.apache.http.wire -  << "Connection: close[\r][\n]"
12:57:48.267 [TestNG-tests-1] DEBUG org.apache.http.wire -  << "Access-Control-Allow-Origin: *[\r][\n]"
12:57:48.267 [TestNG-tests-1] DEBUG org.apache.http.wire -  << "Access-Control-Allow-Headers: DNT,X-Mx-ReqToken,Keep-Alive,User-Agent,X-Requested-With,If-Modified-Since,Cache-Control,Content-Type,Authorization[\r][\n]"
12:57:48.267 [TestNG-tests-1] DEBUG org.apache.http.wire -  << "Access-Control-Allow-Methods: GET,POST,PUT,DELETE,OPTIONS[\r][\n]"
12:57:48.267 [TestNG-tests-1] DEBUG org.apache.http.wire -  << "X-Proxy-Cache: EXPIRED[\r][\n]"
12:57:48.267 [TestNG-tests-1] DEBUG org.apache.http.wire -  << "[\r][\n]"
12:57:48.267 [TestNG-tests-1] DEBUG org.apache.http.impl.conn.DefaultClientConnection - Receiving response: HTTP/1.1 200 OK
12:57:48.267 [TestNG-tests-1] DEBUG org.apache.http.headers - << HTTP/1.1 200 OK
12:57:48.267 [TestNG-tests-1] DEBUG org.apache.http.headers - << Server: nginx
12:57:48.267 [TestNG-tests-1] DEBUG org.apache.http.headers - << Date: Fri, 27 Mar 2020 04:57:48 GMT
12:57:48.267 [TestNG-tests-1] DEBUG org.apache.http.headers - << Content-Type: application/json;charset=utf-8
12:57:48.267 [TestNG-tests-1] DEBUG org.apache.http.headers - << Content-Length: 64
12:57:48.267 [TestNG-tests-1] DEBUG org.apache.http.headers - << Connection: close
12:57:48.267 [TestNG-tests-1] DEBUG org.apache.http.headers - << Access-Control-Allow-Origin: *
12:57:48.267 [TestNG-tests-1] DEBUG org.apache.http.headers - << Access-Control-Allow-Headers: DNT,X-Mx-ReqToken,Keep-Alive,User-Agent,X-Requested-With,If-Modified-Since,Cache-Control,Content-Type,Authorization
12:57:48.267 [TestNG-tests-1] DEBUG org.apache.http.headers - << Access-Control-Allow-Methods: GET,POST,PUT,DELETE,OPTIONS
12:57:48.267 [TestNG-tests-1] DEBUG org.apache.http.headers - << X-Proxy-Cache: EXPIRED
http://apilist.tronscan.org/api/wink/fund 请求总耗时：539 毫秒
12:57:48.267 [TestNG-tests-1] DEBUG org.apache.http.wire -  << "{"totalTurnOver":"209734500000.00","marketValue":"31619432.13"}[\n]"
12:57:48.267 [TestNG-tests-1] DEBUG org.apache.http.impl.conn.DefaultClientConnection - Connection 0.0.0.0:61050<->18.216.178.128:80 closed
12:57:48.267 [TestNG-tests-1] DEBUG org.apache.http.impl.conn.PoolingClientConnectionManager - Connection released: [id: 27][route: {}->http://apilist.tronscan.org:80][total kept alive: 0; route allocated: 0 of 80; total allocated: 0 of 100]
12:57:48.267 [TestNG-tests-1] INFO tron.common.TronscanApiList - ----------------------------Print JSON Start---------------------------
12:57:48.267 [TestNG-tests-1] INFO tron.common.TronscanApiList - totalTurnOver:209734500000.00
12:57:48.267 [TestNG-tests-1] INFO tron.common.TronscanApiList - marketValue:31619432.13
12:57:48.267 [TestNG-tests-1] INFO tron.common.TronscanApiList - JSON content size are: 2
12:57:48.267 [TestNG-tests-1] INFO tron.common.TronscanApiList - ----------------------------Print JSON End-----------------------------
http://apilist.tronscan.org/api/wink/graphic
12:57:48.268 [TestNG-tests-1] DEBUG org.apache.http.impl.conn.PoolingClientConnectionManager - Connection request: [route: {}->http://apilist.tronscan.org:80][total kept alive: 0; route allocated: 0 of 80; total allocated: 0 of 100]
12:57:48.268 [TestNG-tests-1] DEBUG org.apache.http.impl.conn.PoolingClientConnectionManager - Connection leased: [id: 28][route: {}->http://apilist.tronscan.org:80][total kept alive: 0; route allocated: 1 of 80; total allocated: 1 of 100]
12:57:48.268 [TestNG-tests-1] DEBUG org.apache.http.impl.conn.DefaultClientConnectionOperator - Connecting to apilist.tronscan.org:80
12:57:48.511 [TestNG-tests-1] DEBUG org.apache.http.client.protocol.RequestAddCookies - CookieSpec selected: default
12:57:48.511 [TestNG-tests-1] DEBUG org.apache.http.client.protocol.RequestAuthCache - Auth cache not set in the context
12:57:48.511 [TestNG-tests-1] DEBUG org.apache.http.client.protocol.RequestTargetAuthentication - Target auth state: UNCHALLENGED
12:57:48.511 [TestNG-tests-1] DEBUG org.apache.http.client.protocol.RequestProxyAuthentication - Proxy auth state: UNCHALLENGED
12:57:48.511 [TestNG-tests-1] DEBUG org.apache.http.impl.client.DefaultHttpClient - Attempt 1 to execute request
12:57:48.511 [TestNG-tests-1] DEBUG org.apache.http.impl.conn.DefaultClientConnection - Sending request: GET /api/wink/graphic HTTP/1.1
12:57:48.511 [TestNG-tests-1] DEBUG org.apache.http.wire -  >> "GET /api/wink/graphic HTTP/1.1[\r][\n]"
12:57:48.511 [TestNG-tests-1] DEBUG org.apache.http.wire -  >> "Content-type: application/json; charset=utf-8[\r][\n]"
12:57:48.511 [TestNG-tests-1] DEBUG org.apache.http.wire -  >> "Connection: Close[\r][\n]"
12:57:48.511 [TestNG-tests-1] DEBUG org.apache.http.wire -  >> "Host: apilist.tronscan.org[\r][\n]"
12:57:48.511 [TestNG-tests-1] DEBUG org.apache.http.wire -  >> "User-Agent: Apache-HttpClient/4.5.3 (Java/1.8.0_211)[\r][\n]"
12:57:48.511 [TestNG-tests-1] DEBUG org.apache.http.wire -  >> "[\r][\n]"
12:57:48.511 [TestNG-tests-1] DEBUG org.apache.http.headers - >> GET /api/wink/graphic HTTP/1.1
12:57:48.511 [TestNG-tests-1] DEBUG org.apache.http.headers - >> Content-type: application/json; charset=utf-8
12:57:48.511 [TestNG-tests-1] DEBUG org.apache.http.headers - >> Connection: Close
12:57:48.511 [TestNG-tests-1] DEBUG org.apache.http.headers - >> Host: apilist.tronscan.org
12:57:48.511 [TestNG-tests-1] DEBUG org.apache.http.headers - >> User-Agent: Apache-HttpClient/4.5.3 (Java/1.8.0_211)
12:57:48.814 [TestNG-tests-1] DEBUG org.apache.http.wire -  << "HTTP/1.1 200 OK[\r][\n]"
12:57:48.814 [TestNG-tests-1] DEBUG org.apache.http.wire -  << "Server: nginx[\r][\n]"
12:57:48.814 [TestNG-tests-1] DEBUG org.apache.http.wire -  << "Date: Fri, 27 Mar 2020 04:57:49 GMT[\r][\n]"
12:57:48.814 [TestNG-tests-1] DEBUG org.apache.http.wire -  << "Content-Type: application/json;charset=utf-8[\r][\n]"
12:57:48.814 [TestNG-tests-1] DEBUG org.apache.http.wire -  << "Content-Length: 2111[\r][\n]"
12:57:48.814 [TestNG-tests-1] DEBUG org.apache.http.wire -  << "Connection: close[\r][\n]"
12:57:48.814 [TestNG-tests-1] DEBUG org.apache.http.wire -  << "Vary: Accept-Encoding[\r][\n]"
12:57:48.814 [TestNG-tests-1] DEBUG org.apache.http.wire -  << "Access-Control-Allow-Origin: *[\r][\n]"
12:57:48.814 [TestNG-tests-1] DEBUG org.apache.http.wire -  << "Access-Control-Allow-Headers: DNT,X-Mx-ReqToken,Keep-Alive,User-Agent,X-Requested-With,If-Modified-Since,Cache-Control,Content-Type,Authorization[\r][\n]"
12:57:48.814 [TestNG-tests-1] DEBUG org.apache.http.wire -  << "Access-Control-Allow-Methods: GET,POST,PUT,DELETE,OPTIONS[\r][\n]"
12:57:48.814 [TestNG-tests-1] DEBUG org.apache.http.wire -  << "X-Proxy-Cache: EXPIRED[\r][\n]"
12:57:48.814 [TestNG-tests-1] DEBUG org.apache.http.wire -  << "[\r][\n]"
12:57:48.814 [TestNG-tests-1] DEBUG org.apache.http.impl.conn.DefaultClientConnection - Receiving response: HTTP/1.1 200 OK
12:57:48.814 [TestNG-tests-1] DEBUG org.apache.http.headers - << HTTP/1.1 200 OK
12:57:48.814 [TestNG-tests-1] DEBUG org.apache.http.headers - << Server: nginx
12:57:48.814 [TestNG-tests-1] DEBUG org.apache.http.headers - << Date: Fri, 27 Mar 2020 04:57:49 GMT
12:57:48.814 [TestNG-tests-1] DEBUG org.apache.http.headers - << Content-Type: application/json;charset=utf-8
12:57:48.814 [TestNG-tests-1] DEBUG org.apache.http.headers - << Content-Length: 2111
12:57:48.814 [TestNG-tests-1] DEBUG org.apache.http.headers - << Connection: close
12:57:48.814 [TestNG-tests-1] DEBUG org.apache.http.headers - << Vary: Accept-Encoding
12:57:48.814 [TestNG-tests-1] DEBUG org.apache.http.headers - << Access-Control-Allow-Origin: *
12:57:48.814 [TestNG-tests-1] DEBUG org.apache.http.headers - << Access-Control-Allow-Headers: DNT,X-Mx-ReqToken,Keep-Alive,User-Agent,X-Requested-With,If-Modified-Since,Cache-Control,Content-Type,Authorization
12:57:48.814 [TestNG-tests-1] DEBUG org.apache.http.headers - << Access-Control-Allow-Methods: GET,POST,PUT,DELETE,OPTIONS
12:57:48.814 [TestNG-tests-1] DEBUG org.apache.http.headers - << X-Proxy-Cache: EXPIRED
http://apilist.tronscan.org/api/wink/graphic 请求总耗时：546 毫秒
12:57:48.814 [TestNG-tests-1] DEBUG org.apache.http.wire -  << "[{"data":[0.0,0.0,0.0,0.63,0.63,0.63,1.25,1.25,1.25,1.88,1.88,1.88,2.5,2.5,2.5,3.13,3.13,3.13,3.75,3.75,3.75,3.75,3.75,3.75,3.75,3.75,3.75,3.75,3.75,3.75,3.75,3.75,3.75,3.75,3.75,3.75,3.75],"name":"Reserve"},{"data":[0.19,0.39,0.58,0.78,0.97,1.17,1.36,1.56,1.75,1.94,2.14,2.33,2.53,2.72,2.92,3.11,3.31,3.5,3.69,3.89,4.08,4.28,4.47,4.67,4.86,5.06,5.25,5.44,5.64,5.83,6.03,6.22,6.42,6.61,6.81,7.0,7.0],"name":"Platform Development"},{"data":[12.0,12.0,12.0,12.0,12.0,12.0,12.0,12.0,12.0,12.0,12.0,12.0,12.0,12.0,12.0,12.0,12.0,12.0,12.0,12.0,12.0,12.0,12.0,12.0,12.0,12.0,12.0,12.0,12.0,12.0,12.0,12.0,12.0,12.0,12.0,12.0,12.0],"name":"Initial Community"},{"data":[1.35,1.35,1.35,2.7,2.7,2.7,4.05,4.05,4.05,5.4,5.4,5.4,6.19,6.19,6.19,6.98,6.98,6.98,7.76,7.76,7.76,8.55,8.55,8.55,8.66,8.66,8.66,8.78,8.78,8.78,8.89,8.89,8.89,9.0,9.0,9.0,9.0],"name":"Gaming Partnership"},{"data":[1.35,2.7,4.05,5.4,6.75,8.1,9.45,10.8,12.15,13.5,14.85,16.2,16.99,17.78,18.56,19.35,20.14,20.93,21.71,22.5,23.29,24.08,24.86,25.65,25.76,25.88,25.99,26.1,26.21,26.33,26.44,26.55,26.66,26.78,26.89,27.0,27.0],"name":"Ecosystem"},{"data":[0.0,0.0,0.0,1.67,1.67,1.67,1.67,3.33,3.33,3.33,3.33,5.0,5.0,5.0,5.0,6.67,6.67,6.67,6.67,8.33,8.33,8.33,8.33,10.0,10.0,10.0,10.0,10.0,10.0,10.0,10.0,10.0,10.0,10.0,10.0,10.0,10.0],"name":"Team"},{"data":[5.0,5.0,5.0,5.0,5.0,5.0,5.0,5.0,5.0,5.0,5.0,5.0,5.0,5.0,5.0,5.0,5.0,5.0,5.0,5.0,5.0,5.0,5.0,5.0,5.0,5.0,5.0,5.0,5.0,5.0,5.0,5.0,5.0,5.0,5.0,5.0,5.0],"name":"Public Sale"},{"data":[0.0,0.0,0.0,2.5,2.5,2.5,5.0,5.0,5.0,7.5,7.5,7.5,10.0,10.0,10.0,12.5,12.5,12.5,15.0,15.0,15.0,15.0,15.0,15.0,15.0,15.0,15.0,15.0,15.0,15.0,15.0,15.0,15.0,15.0,15.0,15.0,15.0],"name":"Seed Sale"},{"data":[1.1,1.2,1.3,1.4,1.5,1.6,1.7,1.8,1.9,2.0,2.1,2.2,2.3,2.41,2.52,2.63,2.73,2.84,2.95,3.06,3.17,3.28,3.38,3.49,3.6,3.72,3.83,3.95,4.07,4.18,4.3,4.42,4.53,4.65,4.76,4.88,5.0],"name":"Airdrop"},{"data":[0.0,0.0,0.0,1.04,1.04,1.04,1.04,2.08,2.08,2.08,2.08,3.13,3.13,3.13,3.13,4.17,4.17,4.17,4.17,5.21,5.21,5.21,5.21,6.25,6.25,6.25,6.25,6.25,6.25,6.25,6.25,6.25,6.25,6.25,6.25,6.25,6.25],"name":"Stratigic Partnership"}][\n]"
12:57:48.814 [TestNG-tests-1] DEBUG org.apache.http.impl.conn.DefaultClientConnection - Connection 0.0.0.0:61051<->18.216.178.128:80 closed
12:57:48.814 [TestNG-tests-1] DEBUG org.apache.http.impl.conn.PoolingClientConnectionManager - Connection released: [id: 28][route: {}->http://apilist.tronscan.org:80][total kept alive: 0; route allocated: 0 of 80; total allocated: 0 of 100]
[{"data":[0.0,0.0,0.0,0.63,0.63,0.63,1.25,1.25,1.25,1.88,1.88,1.88,2.5,2.5,2.5,3.13,3.13,3.13,3.75,3.75,3.75,3.75,3.75,3.75,3.75,3.75,3.75,3.75,3.75,3.75,3.75,3.75,3.75,3.75,3.75,3.75,3.75],"name":"Reserve"},{"data":[0.19,0.39,0.58,0.78,0.97,1.17,1.36,1.56,1.75,1.94,2.14,2.33,2.53,2.72,2.92,3.11,3.31,3.5,3.69,3.89,4.08,4.28,4.47,4.67,4.86,5.06,5.25,5.44,5.64,5.83,6.03,6.22,6.42,6.61,6.81,7.0,7.0],"name":"Platform Development"},{"data":[12.0,12.0,12.0,12.0,12.0,12.0,12.0,12.0,12.0,12.0,12.0,12.0,12.0,12.0,12.0,12.0,12.0,12.0,12.0,12.0,12.0,12.0,12.0,12.0,12.0,12.0,12.0,12.0,12.0,12.0,12.0,12.0,12.0,12.0,12.0,12.0,12.0],"name":"Initial Community"},{"data":[1.35,1.35,1.35,2.7,2.7,2.7,4.05,4.05,4.05,5.4,5.4,5.4,6.19,6.19,6.19,6.98,6.98,6.98,7.76,7.76,7.76,8.55,8.55,8.55,8.66,8.66,8.66,8.78,8.78,8.78,8.89,8.89,8.89,9.0,9.0,9.0,9.0],"name":"Gaming Partnership"},{"data":[1.35,2.7,4.05,5.4,6.75,8.1,9.45,10.8,12.15,13.5,14.85,16.2,16.99,17.78,18.56,19.35,20.14,20.93,21.71,22.5,23.29,24.08,24.86,25.65,25.76,25.88,25.99,26.1,26.21,26.33,26.44,26.55,26.66,26.78,26.89,27.0,27.0],"name":"Ecosystem"},{"data":[0.0,0.0,0.0,1.67,1.67,1.67,1.67,3.33,3.33,3.33,3.33,5.0,5.0,5.0,5.0,6.67,6.67,6.67,6.67,8.33,8.33,8.33,8.33,10.0,10.0,10.0,10.0,10.0,10.0,10.0,10.0,10.0,10.0,10.0,10.0,10.0,10.0],"name":"Team"},{"data":[5.0,5.0,5.0,5.0,5.0,5.0,5.0,5.0,5.0,5.0,5.0,5.0,5.0,5.0,5.0,5.0,5.0,5.0,5.0,5.0,5.0,5.0,5.0,5.0,5.0,5.0,5.0,5.0,5.0,5.0,5.0,5.0,5.0,5.0,5.0,5.0,5.0],"name":"Public Sale"},{"data":[0.0,0.0,0.0,2.5,2.5,2.5,5.0,5.0,5.0,7.5,7.5,7.5,10.0,10.0,10.0,12.5,12.5,12.5,15.0,15.0,15.0,15.0,15.0,15.0,15.0,15.0,15.0,15.0,15.0,15.0,15.0,15.0,15.0,15.0,15.0,15.0,15.0],"name":"Seed Sale"},{"data":[1.1,1.2,1.3,1.4,1.5,1.6,1.7,1.8,1.9,2.0,2.1,2.2,2.3,2.41,2.52,2.63,2.73,2.84,2.95,3.06,3.17,3.28,3.38,3.49,3.6,3.72,3.83,3.95,4.07,4.18,4.3,4.42,4.53,4.65,4.76,4.88,5.0],"name":"Airdrop"},{"data":[0.0,0.0,0.0,1.04,1.04,1.04,1.04,2.08,2.08,2.08,2.08,3.13,3.13,3.13,3.13,4.17,4.17,4.17,4.17,5.21,5.21,5.21,5.21,6.25,6.25,6.25,6.25,6.25,6.25,6.25,6.25,6.25,6.25,6.25,6.25,6.25,6.25],"name":"Stratigic Partnership"}]

12:57:48.815 [TestNG-tests-1] DEBUG org.apache.http.impl.conn.PoolingClientConnectionManager - Connection request: [route: {}->http://apilist.tronscan.org:80][total kept alive: 0; route allocated: 0 of 80; total allocated: 0 of 100]
12:57:48.815 [TestNG-tests-1] DEBUG org.apache.http.impl.conn.PoolingClientConnectionManager - Connection leased: [id: 29][route: {}->http://apilist.tronscan.org:80][total kept alive: 0; route allocated: 1 of 80; total allocated: 1 of 100]
12:57:48.815 [TestNG-tests-1] DEBUG org.apache.http.impl.conn.DefaultClientConnectionOperator - Connecting to apilist.tronscan.org:80
12:57:49.121 [TestNG-tests-1] DEBUG org.apache.http.client.protocol.RequestAddCookies - CookieSpec selected: default
12:57:49.121 [TestNG-tests-1] DEBUG org.apache.http.client.protocol.RequestAuthCache - Auth cache not set in the context
12:57:49.121 [TestNG-tests-1] DEBUG org.apache.http.client.protocol.RequestTargetAuthentication - Target auth state: UNCHALLENGED
12:57:49.121 [TestNG-tests-1] DEBUG org.apache.http.client.protocol.RequestProxyAuthentication - Proxy auth state: UNCHALLENGED
12:57:49.121 [TestNG-tests-1] DEBUG org.apache.http.impl.client.DefaultHttpClient - Attempt 1 to execute request
12:57:49.121 [TestNG-tests-1] DEBUG org.apache.http.impl.conn.DefaultClientConnection - Sending request: GET /api/funds HTTP/1.1
12:57:49.121 [TestNG-tests-1] DEBUG org.apache.http.wire -  >> "GET /api/funds HTTP/1.1[\r][\n]"
12:57:49.121 [TestNG-tests-1] DEBUG org.apache.http.wire -  >> "Content-type: application/json; charset=utf-8[\r][\n]"
12:57:49.121 [TestNG-tests-1] DEBUG org.apache.http.wire -  >> "Connection: Close[\r][\n]"
12:57:49.121 [TestNG-tests-1] DEBUG org.apache.http.wire -  >> "Host: apilist.tronscan.org[\r][\n]"
12:57:49.121 [TestNG-tests-1] DEBUG org.apache.http.wire -  >> "User-Agent: Apache-HttpClient/4.5.3 (Java/1.8.0_211)[\r][\n]"
12:57:49.121 [TestNG-tests-1] DEBUG org.apache.http.wire -  >> "[\r][\n]"
12:57:49.121 [TestNG-tests-1] DEBUG org.apache.http.headers - >> GET /api/funds HTTP/1.1
12:57:49.121 [TestNG-tests-1] DEBUG org.apache.http.headers - >> Content-type: application/json; charset=utf-8
12:57:49.121 [TestNG-tests-1] DEBUG org.apache.http.headers - >> Connection: Close
12:57:49.121 [TestNG-tests-1] DEBUG org.apache.http.headers - >> Host: apilist.tronscan.org
12:57:49.121 [TestNG-tests-1] DEBUG org.apache.http.headers - >> User-Agent: Apache-HttpClient/4.5.3 (Java/1.8.0_211)
12:57:50.012 [TestNG-tests-1] DEBUG org.apache.http.wire -  << "HTTP/1.1 200 OK[\r][\n]"
12:57:50.012 [TestNG-tests-1] DEBUG org.apache.http.wire -  << "Server: nginx[\r][\n]"
12:57:50.012 [TestNG-tests-1] DEBUG org.apache.http.wire -  << "Date: Fri, 27 Mar 2020 04:57:50 GMT[\r][\n]"
12:57:50.012 [TestNG-tests-1] DEBUG org.apache.http.wire -  << "Content-Type: application/json;charset=utf-8[\r][\n]"
12:57:50.012 [TestNG-tests-1] DEBUG org.apache.http.wire -  << "Content-Length: 415[\r][\n]"
12:57:50.012 [TestNG-tests-1] DEBUG org.apache.http.wire -  << "Connection: close[\r][\n]"
12:57:50.012 [TestNG-tests-1] DEBUG org.apache.http.wire -  << "Access-Control-Allow-Origin: *[\r][\n]"
12:57:50.012 [TestNG-tests-1] DEBUG org.apache.http.wire -  << "Access-Control-Allow-Headers: DNT,X-Mx-ReqToken,Keep-Alive,User-Agent,X-Requested-With,If-Modified-Since,Cache-Control,Content-Type,Authorization[\r][\n]"
12:57:50.012 [TestNG-tests-1] DEBUG org.apache.http.wire -  << "Access-Control-Allow-Methods: GET,POST,PUT,DELETE,OPTIONS[\r][\n]"
12:57:50.012 [TestNG-tests-1] DEBUG org.apache.http.wire -  << "X-Proxy-Cache: EXPIRED[\r][\n]"
12:57:50.012 [TestNG-tests-1] DEBUG org.apache.http.wire -  << "[\r][\n]"
12:57:50.012 [TestNG-tests-1] DEBUG org.apache.http.impl.conn.DefaultClientConnection - Receiving response: HTTP/1.1 200 OK
12:57:50.012 [TestNG-tests-1] DEBUG org.apache.http.headers - << HTTP/1.1 200 OK
12:57:50.012 [TestNG-tests-1] DEBUG org.apache.http.headers - << Server: nginx
12:57:50.012 [TestNG-tests-1] DEBUG org.apache.http.headers - << Date: Fri, 27 Mar 2020 04:57:50 GMT
12:57:50.012 [TestNG-tests-1] DEBUG org.apache.http.headers - << Content-Type: application/json;charset=utf-8
12:57:50.012 [TestNG-tests-1] DEBUG org.apache.http.headers - << Content-Length: 415
12:57:50.012 [TestNG-tests-1] DEBUG org.apache.http.headers - << Connection: close
12:57:50.012 [TestNG-tests-1] DEBUG org.apache.http.headers - << Access-Control-Allow-Origin: *
12:57:50.012 [TestNG-tests-1] DEBUG org.apache.http.headers - << Access-Control-Allow-Headers: DNT,X-Mx-ReqToken,Keep-Alive,User-Agent,X-Requested-With,If-Modified-Since,Cache-Control,Content-Type,Authorization
12:57:50.012 [TestNG-tests-1] DEBUG org.apache.http.headers - << Access-Control-Allow-Methods: GET,POST,PUT,DELETE,OPTIONS
12:57:50.012 [TestNG-tests-1] DEBUG org.apache.http.headers - << X-Proxy-Cache: EXPIRED
http://apilist.tronscan.org/api/funds 请求总耗时：1197 毫秒
12:57:50.012 [TestNG-tests-1] INFO tron.tronscan.api.FundsInfo - code is 200
12:57:50.012 [TestNG-tests-1] DEBUG org.apache.http.wire -  << "{"totalDonateBalance":652719751205649,"totalFundBalance":33177933703065632,"genesisBlockIssue":100000000000,"totalBlockPay":521112976,"totalNodePay":885603440,"burnPerDay":1000000000,"burnByCharge":137768119.725104987621307373046875,"totalTurnOver":100268948296.27490234375,"fundSumBalance":33177933703065632,"donateBalance":652719751205649,"fundTrx":32525213951.8599853515625,"turnOver":67743734344.4149169921875}[\n]"
12:57:50.012 [TestNG-tests-1] DEBUG org.apache.http.impl.conn.DefaultClientConnection - Connection 0.0.0.0:61056<->18.216.178.128:80 closed
12:57:50.012 [TestNG-tests-1] DEBUG org.apache.http.impl.conn.PoolingClientConnectionManager - Connection released: [id: 29][route: {}->http://apilist.tronscan.org:80][total kept alive: 0; route allocated: 0 of 80; total allocated: 0 of 100]
12:57:50.012 [TestNG-tests-1] INFO tron.common.TronscanApiList - ----------------------------Print JSON Start---------------------------
12:57:50.012 [TestNG-tests-1] INFO tron.common.TronscanApiList - burnPerDay:1000000000
12:57:50.012 [TestNG-tests-1] INFO tron.common.TronscanApiList - burnByCharge:137768119.725104987621307373046875
12:57:50.012 [TestNG-tests-1] INFO tron.common.TronscanApiList - totalTurnOver:100268948296.27490234375
12:57:50.012 [TestNG-tests-1] INFO tron.common.TronscanApiList - fundSumBalance:33177933703065632
12:57:50.012 [TestNG-tests-1] INFO tron.common.TronscanApiList - genesisBlockIssue:100000000000
12:57:50.012 [TestNG-tests-1] INFO tron.common.TronscanApiList - totalFundBalance:33177933703065632
12:57:50.012 [TestNG-tests-1] INFO tron.common.TronscanApiList - totalBlockPay:521112976
12:57:50.012 [TestNG-tests-1] INFO tron.common.TronscanApiList - donateBalance:652719751205649
12:57:50.012 [TestNG-tests-1] INFO tron.common.TronscanApiList - fundTrx:32525213951.8599853515625
12:57:50.012 [TestNG-tests-1] INFO tron.common.TronscanApiList - totalDonateBalance:652719751205649
12:57:50.012 [TestNG-tests-1] INFO tron.common.TronscanApiList - turnOver:67743734344.4149169921875
12:57:50.012 [TestNG-tests-1] INFO tron.common.TronscanApiList - totalNodePay:885603440
12:57:50.012 [TestNG-tests-1] INFO tron.common.TronscanApiList - JSON content size are: 12
12:57:50.012 [TestNG-tests-1] INFO tron.common.TronscanApiList - ----------------------------Print JSON End-----------------------------
]]></system-out>
  <system-err><![CDATA[]]></system-err>
</testsuite>
