<?xml version="1.0" encoding="UTF-8"?>
<testsuite name="tron.tronscan.api.TagCase" tests="2" skipped="0" failures="0" errors="0" timestamp="2020-05-12T03:06:18" hostname="zhukaideiMac" time="1.668">
  <properties/>
  <testcase name="getTagRecommend" classname="tron.tronscan.api.TagCase" time="0.969"/>
  <testcase name="getTagTest" classname="tron.tronscan.api.TagCase" time="0.698"/>
  <system-out><![CDATA[11:06:18.394 [TestNG-tests-1] DEBUG org.apache.http.impl.conn.PoolingClientConnectionManager - Connection request: [route: {}->http://tronexapi.tronscan.org:80][total kept alive: 0; route allocated: 0 of 80; total allocated: 0 of 100]
11:06:18.394 [TestNG-tests-1] DEBUG org.apache.http.impl.conn.PoolingClientConnectionManager - Connection leased: [id: 13][route: {}->http://tronexapi.tronscan.org:80][total kept alive: 0; route allocated: 1 of 80; total allocated: 1 of 100]
11:06:18.763 [TestNG-tests-1] DEBUG org.apache.http.impl.conn.DefaultClientConnectionOperator - Connecting to tronexapi.tronscan.org:80
11:06:18.999 [TestNG-tests-1] DEBUG org.apache.http.client.protocol.RequestAddCookies - CookieSpec selected: default
11:06:18.999 [TestNG-tests-1] DEBUG org.apache.http.client.protocol.RequestAuthCache - Auth cache not set in the context
11:06:18.999 [TestNG-tests-1] DEBUG org.apache.http.client.protocol.RequestTargetAuthentication - Target auth state: UNCHALLENGED
11:06:18.999 [TestNG-tests-1] DEBUG org.apache.http.client.protocol.RequestProxyAuthentication - Proxy auth state: UNCHALLENGED
11:06:18.999 [TestNG-tests-1] DEBUG org.apache.http.impl.client.DefaultHttpClient - Attempt 1 to execute request
11:06:18.999 [TestNG-tests-1] DEBUG org.apache.http.impl.conn.DefaultClientConnection - Sending request: GET /external/tag/recommend?target_address=TXTZtfVD7ghfjSfVrnPwDFowoYXaV6cp9Y&user_address=TDaVYpgwV1cBuM2p4byRpgZrBmnoLUqE1n HTTP/1.1
11:06:18.999 [TestNG-tests-1] DEBUG org.apache.http.wire -  >> "GET /external/tag/recommend?target_address=TXTZtfVD7ghfjSfVrnPwDFowoYXaV6cp9Y&user_address=TDaVYpgwV1cBuM2p4byRpgZrBmnoLUqE1n HTTP/1.1[\r][\n]"
11:06:18.999 [TestNG-tests-1] DEBUG org.apache.http.wire -  >> "Content-type: application/json; charset=utf-8[\r][\n]"
11:06:18.999 [TestNG-tests-1] DEBUG org.apache.http.wire -  >> "Connection: Close[\r][\n]"
11:06:18.999 [TestNG-tests-1] DEBUG org.apache.http.wire -  >> "Host: tronexapi.tronscan.org[\r][\n]"
11:06:18.999 [TestNG-tests-1] DEBUG org.apache.http.wire -  >> "User-Agent: Apache-HttpClient/4.5.3 (Java/1.8.0_211)[\r][\n]"
11:06:18.999 [TestNG-tests-1] DEBUG org.apache.http.wire -  >> "[\r][\n]"
11:06:18.999 [TestNG-tests-1] DEBUG org.apache.http.headers - >> GET /external/tag/recommend?target_address=TXTZtfVD7ghfjSfVrnPwDFowoYXaV6cp9Y&user_address=TDaVYpgwV1cBuM2p4byRpgZrBmnoLUqE1n HTTP/1.1
11:06:18.999 [TestNG-tests-1] DEBUG org.apache.http.headers - >> Content-type: application/json; charset=utf-8
11:06:18.999 [TestNG-tests-1] DEBUG org.apache.http.headers - >> Connection: Close
11:06:18.999 [TestNG-tests-1] DEBUG org.apache.http.headers - >> Host: tronexapi.tronscan.org
11:06:18.999 [TestNG-tests-1] DEBUG org.apache.http.headers - >> User-Agent: Apache-HttpClient/4.5.3 (Java/1.8.0_211)
11:06:19.362 [TestNG-tests-1] DEBUG org.apache.http.wire -  << "HTTP/1.1 200 OK[\r][\n]"
11:06:19.362 [TestNG-tests-1] DEBUG org.apache.http.wire -  << "Server: nginx/1.12.2[\r][\n]"
11:06:19.362 [TestNG-tests-1] DEBUG org.apache.http.wire -  << "Date: Tue, 12 May 2020 03:06:20 GMT[\r][\n]"
11:06:19.362 [TestNG-tests-1] DEBUG org.apache.http.wire -  << "Content-Type: application/json;charset=UTF-8[\r][\n]"
11:06:19.362 [TestNG-tests-1] DEBUG org.apache.http.wire -  << "Content-Length: 159[\r][\n]"
11:06:19.362 [TestNG-tests-1] DEBUG org.apache.http.wire -  << "Connection: close[\r][\n]"
11:06:19.362 [TestNG-tests-1] DEBUG org.apache.http.wire -  << "Access-Control-Allow-Origin: *[\r][\n]"
11:06:19.362 [TestNG-tests-1] DEBUG org.apache.http.wire -  << "Access-Control-Allow-Headers: *[\r][\n]"
11:06:19.362 [TestNG-tests-1] DEBUG org.apache.http.wire -  << "Access-Control-Allow-Methods: GET,POST,PUT,DELETE,OPTIONS[\r][\n]"
11:06:19.362 [TestNG-tests-1] DEBUG org.apache.http.wire -  << "[\r][\n]"
11:06:19.362 [TestNG-tests-1] DEBUG org.apache.http.impl.conn.DefaultClientConnection - Receiving response: HTTP/1.1 200 OK
11:06:19.362 [TestNG-tests-1] DEBUG org.apache.http.headers - << HTTP/1.1 200 OK
11:06:19.362 [TestNG-tests-1] DEBUG org.apache.http.headers - << Server: nginx/1.12.2
11:06:19.362 [TestNG-tests-1] DEBUG org.apache.http.headers - << Date: Tue, 12 May 2020 03:06:20 GMT
11:06:19.362 [TestNG-tests-1] DEBUG org.apache.http.headers - << Content-Type: application/json;charset=UTF-8
11:06:19.362 [TestNG-tests-1] DEBUG org.apache.http.headers - << Content-Length: 159
11:06:19.362 [TestNG-tests-1] DEBUG org.apache.http.headers - << Connection: close
11:06:19.362 [TestNG-tests-1] DEBUG org.apache.http.headers - << Access-Control-Allow-Origin: *
11:06:19.362 [TestNG-tests-1] DEBUG org.apache.http.headers - << Access-Control-Allow-Headers: *
11:06:19.362 [TestNG-tests-1] DEBUG org.apache.http.headers - << Access-Control-Allow-Methods: GET,POST,PUT,DELETE,OPTIONS
http://tronexapi.tronscan.org/external/tag/recommend?target_address=TXTZtfVD7ghfjSfVrnPwDFowoYXaV6cp9Y&user_address=TDaVYpgwV1cBuM2p4byRpgZrBmnoLUqE1n 请求总耗时：969 毫秒
11:06:19.363 [TestNG-tests-1] INFO tron.tronscan.api.TagCase - code is 200
11:06:19.363 [TestNG-tests-1] DEBUG org.apache.http.wire -  << "{"retCode":"0","retMsg":["SUCCESS"],"data":{"recommend_tags":[{"number":1,"tag":"9Y1229Y"},{"number":1,"tag":"[0xe6][0x88][0x91][0xe7][0x9a][0x84]xixi"},{"number":1,"tag":"[0xe8][0xaf][0x95][0xe8][0xaf][0x95][0xe6][0x9f][0xa5][0xe7][0x9c][0x8b]"}]}}"
11:06:19.363 [TestNG-tests-1] DEBUG org.apache.http.impl.conn.DefaultClientConnection - Connection 0.0.0.0:56724<->3.14.14.175:80 closed
11:06:19.363 [TestNG-tests-1] DEBUG org.apache.http.impl.conn.PoolingClientConnectionManager - Connection released: [id: 13][route: {}->http://tronexapi.tronscan.org:80][total kept alive: 0; route allocated: 0 of 80; total allocated: 0 of 100]
11:06:19.363 [TestNG-tests-1] INFO tron.common.TronscanApiList - ----------------------------Print JSON Start---------------------------
11:06:19.363 [TestNG-tests-1] INFO tron.common.TronscanApiList - data:{"recommend_tags":[{"number":1,"tag":"9Y1229Y"},{"number":1,"tag":"我的xixi"},{"number":1,"tag":"试试查看"}]}
11:06:19.363 [TestNG-tests-1] INFO tron.common.TronscanApiList - retCode:0
11:06:19.363 [TestNG-tests-1] INFO tron.common.TronscanApiList - retMsg:["SUCCESS"]
11:06:19.363 [TestNG-tests-1] INFO tron.common.TronscanApiList - JSON content size are: 3
11:06:19.363 [TestNG-tests-1] INFO tron.common.TronscanApiList - ----------------------------Print JSON End-----------------------------
11:06:19.364 [TestNG-tests-1] DEBUG org.apache.http.impl.conn.PoolingClientConnectionManager - Connection request: [route: {}->http://tronexapi.tronscan.org:80][total kept alive: 0; route allocated: 0 of 80; total allocated: 0 of 100]
11:06:19.364 [TestNG-tests-1] DEBUG org.apache.http.impl.conn.PoolingClientConnectionManager - Connection leased: [id: 14][route: {}->http://tronexapi.tronscan.org:80][total kept alive: 0; route allocated: 1 of 80; total allocated: 1 of 100]
11:06:19.364 [TestNG-tests-1] DEBUG org.apache.http.impl.conn.DefaultClientConnectionOperator - Connecting to tronexapi.tronscan.org:80
11:06:19.685 [TestNG-tests-1] DEBUG org.apache.http.client.protocol.RequestAddCookies - CookieSpec selected: default
11:06:19.685 [TestNG-tests-1] DEBUG org.apache.http.client.protocol.RequestAuthCache - Auth cache not set in the context
11:06:19.685 [TestNG-tests-1] DEBUG org.apache.http.client.protocol.RequestTargetAuthentication - Target auth state: UNCHALLENGED
11:06:19.685 [TestNG-tests-1] DEBUG org.apache.http.client.protocol.RequestProxyAuthentication - Proxy auth state: UNCHALLENGED
11:06:19.685 [TestNG-tests-1] DEBUG org.apache.http.impl.client.DefaultHttpClient - Attempt 1 to execute request
11:06:19.685 [TestNG-tests-1] DEBUG org.apache.http.impl.conn.DefaultClientConnection - Sending request: GET /external/tag?user_address=TKpkpvcGriyNoiqhfBMLBGehmyXcDkDtER&start=0&limit=20 HTTP/1.1
11:06:19.685 [TestNG-tests-1] DEBUG org.apache.http.wire -  >> "GET /external/tag?user_address=TKpkpvcGriyNoiqhfBMLBGehmyXcDkDtER&start=0&limit=20 HTTP/1.1[\r][\n]"
11:06:19.685 [TestNG-tests-1] DEBUG org.apache.http.wire -  >> "Content-type: application/json; charset=utf-8[\r][\n]"
11:06:19.685 [TestNG-tests-1] DEBUG org.apache.http.wire -  >> "Connection: Close[\r][\n]"
11:06:19.685 [TestNG-tests-1] DEBUG org.apache.http.wire -  >> "Host: tronexapi.tronscan.org[\r][\n]"
11:06:19.685 [TestNG-tests-1] DEBUG org.apache.http.wire -  >> "User-Agent: Apache-HttpClient/4.5.3 (Java/1.8.0_211)[\r][\n]"
11:06:19.685 [TestNG-tests-1] DEBUG org.apache.http.wire -  >> "[\r][\n]"
11:06:19.685 [TestNG-tests-1] DEBUG org.apache.http.headers - >> GET /external/tag?user_address=TKpkpvcGriyNoiqhfBMLBGehmyXcDkDtER&start=0&limit=20 HTTP/1.1
11:06:19.685 [TestNG-tests-1] DEBUG org.apache.http.headers - >> Content-type: application/json; charset=utf-8
11:06:19.685 [TestNG-tests-1] DEBUG org.apache.http.headers - >> Connection: Close
11:06:19.685 [TestNG-tests-1] DEBUG org.apache.http.headers - >> Host: tronexapi.tronscan.org
11:06:19.685 [TestNG-tests-1] DEBUG org.apache.http.headers - >> User-Agent: Apache-HttpClient/4.5.3 (Java/1.8.0_211)
11:06:20.059 [TestNG-tests-1] DEBUG org.apache.http.wire -  << "HTTP/1.1 200 OK[\r][\n]"
11:06:20.059 [TestNG-tests-1] DEBUG org.apache.http.wire -  << "Server: nginx/1.12.2[\r][\n]"
11:06:20.060 [TestNG-tests-1] DEBUG org.apache.http.wire -  << "Date: Tue, 12 May 2020 03:06:21 GMT[\r][\n]"
11:06:20.060 [TestNG-tests-1] DEBUG org.apache.http.wire -  << "Content-Type: application/json;charset=UTF-8[\r][\n]"
11:06:20.060 [TestNG-tests-1] DEBUG org.apache.http.wire -  << "Content-Length: 3994[\r][\n]"
11:06:20.060 [TestNG-tests-1] DEBUG org.apache.http.wire -  << "Connection: close[\r][\n]"
11:06:20.060 [TestNG-tests-1] DEBUG org.apache.http.wire -  << "Vary: Accept-Encoding[\r][\n]"
11:06:20.060 [TestNG-tests-1] DEBUG org.apache.http.wire -  << "Access-Control-Allow-Origin: *[\r][\n]"
11:06:20.060 [TestNG-tests-1] DEBUG org.apache.http.wire -  << "Access-Control-Allow-Headers: *[\r][\n]"
11:06:20.060 [TestNG-tests-1] DEBUG org.apache.http.wire -  << "Access-Control-Allow-Methods: GET,POST,PUT,DELETE,OPTIONS[\r][\n]"
11:06:20.060 [TestNG-tests-1] DEBUG org.apache.http.wire -  << "[\r][\n]"
11:06:20.060 [TestNG-tests-1] DEBUG org.apache.http.impl.conn.DefaultClientConnection - Receiving response: HTTP/1.1 200 OK
11:06:20.060 [TestNG-tests-1] DEBUG org.apache.http.headers - << HTTP/1.1 200 OK
11:06:20.060 [TestNG-tests-1] DEBUG org.apache.http.headers - << Server: nginx/1.12.2
11:06:20.060 [TestNG-tests-1] DEBUG org.apache.http.headers - << Date: Tue, 12 May 2020 03:06:21 GMT
11:06:20.060 [TestNG-tests-1] DEBUG org.apache.http.headers - << Content-Type: application/json;charset=UTF-8
11:06:20.060 [TestNG-tests-1] DEBUG org.apache.http.headers - << Content-Length: 3994
11:06:20.060 [TestNG-tests-1] DEBUG org.apache.http.headers - << Connection: close
11:06:20.060 [TestNG-tests-1] DEBUG org.apache.http.headers - << Vary: Accept-Encoding
11:06:20.060 [TestNG-tests-1] DEBUG org.apache.http.headers - << Access-Control-Allow-Origin: *
11:06:20.060 [TestNG-tests-1] DEBUG org.apache.http.headers - << Access-Control-Allow-Headers: *
11:06:20.060 [TestNG-tests-1] DEBUG org.apache.http.headers - << Access-Control-Allow-Methods: GET,POST,PUT,DELETE,OPTIONS
http://tronexapi.tronscan.org/external/tag?user_address=TKpkpvcGriyNoiqhfBMLBGehmyXcDkDtER&start=0&limit=20 请求总耗时：696 毫秒
11:06:20.060 [TestNG-tests-1] INFO tron.tronscan.api.TagCase - code is 200
11:06:20.060 [TestNG-tests-1] DEBUG org.apache.http.wire -  << "{"retCode":"0","retMsg":["SUCCESS"],"data":{"contract_map":{"TKpkpvcGriyNoiqhfBMLBGehmyXcDkDtER":false,"TPz7T4sei4b8vqzYNMGzSYu9X6VdMFXzRp":false,"TCKzuVEHYYm3Xiubcen9ymK7T8gPnE9bVb":true,"TVZSrpsVwdn1YT9e7ZrVCiXFBcuUGo73Hb":false,"TFfHw3u5SoeaxaLnUYi3HNhyFYLdA7mt3u":false,"TQFv9JRZhViDTYM36vEKb4M1qvEH8WamBc":false,"TKpJUP4CCymphdug1XmGzDGDmGXZjLyf29":false,"TEqZpKG8cLquDHNVGcHXJhEQMoWE653nBH":false,"TXTZtfVD7ghfjSfVrnPwDFowoYXaV6cp9Y":false,"TZEZWXYQS44388xBoMhQdpL1HrBZFLfDpt":false,"TGNQiQqYRWHT3qQ6Fo6pB5DdVwHxUkvacU":false,"TU32utssKYc8V5a2uYnjvJ3BrgP4upeETj":false},"user_tags":[{"userAddress":"TKpkpvcGriyNoiqhfBMLBGehmyXcDkDtER","targetAddress":"TXTZtfVD7ghfjSfVrnPwDFowoYXaV6cp9Y","tag":"[0xe8][0xaf][0x95][0xe8][0xaf][0x95][0xe6][0x9f][0xa5][0xe7][0x9c][0x8b]","description":"5566778","dateCreated":1586751178389,"dateUpdated":1586751178389,"addressTag":"test 2"},{"userAddress":"TKpkpvcGriyNoiqhfBMLBGehmyXcDkDtER","targetAddress":"TZEZWXYQS44388xBoMhQdpL1HrBZFLfDpt","tag":"f[0xe5][0xb0][0xb1][0xe5][0x8d][0xa1][0xe5][0x9b][0x9e][0xe5][0xbd][0x92]jkasd907[0xe6][0x8b][0x89][0xe5][0xbc][0x80][0xe6][0x97][0xb6][0xe9][0x97][0xb4][0xe5][0x8f][0xaf][0xe6][0xa0][0xb9][0xe6][0x8d][0xae]","description":"[0xe9][0x98][0xbf][0xe6][0x96][0xaf][0xe9][0xa1][0xbf]v[0xe4][0xba][0x86][0xe5][0x8d][0xa1][0xe5][0xb0][0xb1][0xe4][0xbc][0x9a][0xe8][0x8b][0x8f][0xe6][0x89][0x93][0xe7][0xbb][0xbf][0xe9][0x98][0xbf][0xe5][0x8d][0xa1][0xe7][0x90][0x86][0xe8][0xa7][0xa3]","dateCreated":1586498997698,"dateUpdated":1586498997698,"addressTag":"SR Partners"},{"userAddr"
11:06:20.060 [TestNG-tests-1] DEBUG org.apache.http.wire -  << "ess":"TKpkpvcGriyNoiqhfBMLBGehmyXcDkDtER","targetAddress":"TEqZpKG8cLquDHNVGcHXJhEQMoWE653nBH","tag":"[0xe6][0xb5][0x8b][0xe8][0xaf][0x95][0xe6][0x8f][0x92][0xe5][0x85][0xa5]","description":"[0xe6][0x88][0x90][0xe5][0x8a][0x9f]","dateCreated":1586425692424,"dateUpdated":1586959509116,"addressTag":null},{"userAddress":"TKpkpvcGriyNoiqhfBMLBGehmyXcDkDtER","targetAddress":"TVZSrpsVwdn1YT9e7ZrVCiXFBcuUGo73Hb","tag":"[0xe9][0x98][0xbf][0xe5][0x8d][0xa1][0xe5][0xb0][0xb1][0xe6][0x94][0xb6][0xe5][0x88][0xb0][0xe8][0xbf][0x87]","description":"[0xe9][0xbb][0x84][0xe9][0x87][0x91][0xe6][0x97][0xb6][0xe4][0xbb][0xa3][0xe8][0xa7][0x82][0xe7][0x9c][0x8b]","dateCreated":1586425174315,"dateUpdated":1586425174315,"addressTag":null},{"userAddress":"TKpkpvcGriyNoiqhfBMLBGehmyXcDkDtER","targetAddress":"TFfHw3u5SoeaxaLnUYi3HNhyFYLdA7mt3u","tag":"[0xe9][0x98][0xbf][0xe5][0x85][0x8b][0xe8][0x8b][0x8f][0xe7][0x9a][0x84][0xe7][0x81][0xab][0xe9][0x94][0x85][0xe5][0xbc][0x80][0xe5][0xa7][0x8b]","description":"[0xe9][0x98][0xbf][0xe8][0xb4][0xbe][0xe5][0x85][0x8b][0xe6][0x96][0xaf][0xe5][0xbe][0x88][0xe5][0xa4][0x9a][0xe9][0xa1][0xbe][0xe5][0xae][0xa2][0xe8][0xbe][0xa3][0xe6][0xa4][0x92][0xe5][0xb0][0xb1][0xe5][0x8d][0xa1][0xe8][0xbf][0x98][0xe6][0x89][0x93][0xe7][0xae][0x97][0xe7][0x9c][0x8b][0xe8][0xbf][0x87][0xe5][0x93][0x88][0xe7][0x9a][0x84][0xe5][0x95][0x8a][0xef][0xbc][0x9b][0xe8][0x80][0x83][0xe8][0xaf][0x95][0xe5][0xa4][0xa7][0xe7][0xba][0xb2][0xe9][0x98][0xbf][0xe5][0x85][0x8b][0xe8][0x8b][0x8f][0xe7][0x9a][0x84][0xe5][0xb0][0xb1][0xe6][0x8d][0xa2][0xe4][0xb8][0xaa][0xe5][0x95][0x8a][0xe5][0x95][0x8a][0xe8][0x82][0xaf][0xe5][0xae][0x9a][0xe5][0xbe][0x88][0xe9][0xab][0x98][0xe9][0x98][0xbf][0xe8][0xbf][0xaa][0xe5][0x8f][0x91][0xe7][0xa9][0xba][0xe9][0x97][0xb4][0xe4][0xb8][0x8a][0xe7][0x9a][0x84][0xe5][0x8f][0x91][0xe7][0xa9][0xba][0xe9][0x97][0xb4][0xe6][0x89][0x93][0xe5][0xbc][0x80][0xe9][0x93][0xbe][0xe6][0x8e][0xa5][0xe5][0x95][0x8a][0xe7][0x94][0xb5][0xe8][0xaf][0x9d][0xe7][0xbb][0x99][0xe5][0x8d][0xa1][0xe5][0xb0][0xb1][0xe5][0xa6][0x82][0xe4][0xbd][0x95][0xe5][0x8f][0x91]i[0xe4][0xbf][0x84]u[0xe5][0xa6][0x82][0xe4][0xbd][0x95][0xe8][0xaf][0xa5][0xe4][0xb9][0xa6][0xe7][0x9a][0x84][0xe7][0xbb][0x99][0xe5][0x8d][0xa1][0xe5][0x9c][0xa3][0xe8][0xaf][0x9e][0xe5][0xbf][0xab][0xe4][0xb9][0x90][0xe5][0x99][0xb6][0xe9][0x80][0x9f][0xe5][0xba][0xa6][0xe5][0xbf][0xab][0xe6][0x94][0xbe][0xe5][0x81][0x87][0xe5][0x95][0x8a][0xe9][0x80][0x9f][0xe5][0xba][0xa6][0xe5][0xbf][0xab][0xe5][0xb0][0xb1][0xe5][0xa5][0xbd][0xe5][0x95][0x8a][0xe6][0x98][0xaf][0xe6][0x8a][0xa0][0xe8][0x84][0x9a][0xe5][0xa4][0xa7][0xe6][0xb1][0x89][0xe9][0xa5][0xad][0xe5][0x8d][0xa1][0xe4][0xba][0x86][0xe5][0x9b][0x9e][0xe5][0xa4][0x8d][0xe5][0xbf][0xab][0xe4][0xb9][0x90]","dateCreated":1586424925839,"dateUpdated":1586501412483,"addressTag":"I'm test 1"},{"userAddress":"TKpkpvcGriyNoiqhfBMLBGehmyXcDkDtER","targetAddress":"TKpJUP4CCymphdug1XmGzDGDmGXZjLyf29","tag":"[0xe8][0xbf][0x98][0xe5][0x92][0x8c][0xe5][0x99][0xb6][0xe5][0x92][0x96][0xe5][0x96][0xb1][0xe7][0xbb][0x93][0xe5][0xa9][0x9a][0xe8][0x9b][0x8b][0xe7][0xb3][0x95]","description":"[0xe9][0x98][0xbf][0xe6][0x96][0xaf][0xe9][0xa1][0xbf][0xe5][0x8f][0x91]","dateCreated":1586424735834,"dateUpdated":1586424735834,"addressTag":"SR Partners"},{"userAddress":"TKpkpvcGriyNoiqhfBMLBGehmyXcDkDtER","targetAddress":"TKpkpvcGriyNoiqhfBMLBGehmyXcDkDtER","tag":"[0xe6][0xb5][0xaa][0xe5][0x91][0xb3][0xe4][0xbb][0x99][0xe5][0x8f][0x91][0xe9][0x82][0xa3][0xe4][0xb8][0xaa][0xe5][0x93][0xaa][0xe9][0x87][0x8c]12233","description":"[0xe5][0x91][0x80][0xe5][0x93][0x88][0xe5][0x93][0x88]kajhdskgahsdklg asldkj vl; ;ajldhfkajhdkajsdhkv nadkjfbha jkds ghjkgs fweeojfqowrugqi iqw93q04ut9","dateCreated":1586424485306,"dateUpdated":1586498505399,"addressTag":null},{"userAddress":"TKpkpvcGriyNoiqhfBMLBGehmyXcDkDtER","targetAddress":"TPz7T4sei4b8vqzYNMGzSYu9X6VdMFXzRp","tag":"hhhhhhh","description":"fff","dateCreated":1586423965789,"dateUpdated":1586423965789,"addressTag":"SR Partners"},{"userAddress":"TKpkpvcGriyNoiqhfBMLBGehmyXcDkDtER","targetAddress":"TQFv9JRZhViDTYM36vEKb4M1qvEH8WamBc","tag":"[0xe9][0x98][0xbf][0xe9][0x87][0x8c][0xe6][0x96][0xaf][0xe9][0xa1][0xbf][0xe4][0xb8][0xaa]","description":"[0xe9][0x98][0xbf][0xe5][0x8d][0xa1][0xe5][0xb0][0xb1][0xe4][0xb8][0x8a][0xe8][0xaf][0xbe][0xe5][0x99][0xb6][0xe8][0xbf][0x98][0xe6][0x98][0xaf]","dateCreated":1586423770959,"dateUpdated":1586423770959,"addressTag":null},{"userAddress":"TKpkpvcGriyNoiqhfBMLBGehmyXcDkDtER","targetAddress":"TU32utssKYc8V5a2uYnjvJ3BrgP4upeETj","tag":"[0xe5][0x83][0x8f][0xe9][0x98][0xbf][0xe7][0x94][0x98][0xe9][0x98][0xbf][0xe8][0x83][0x9c][0xe5][0x88][0xa9][0xe7][0x9a][0x84][0xe6][0x81][0x90][0xe6][0x83][0xa7][0xe6][0x84][0x9f][0xe5][0x95][0xa6]","description":"[0xe6][0xb0][0xb4][0xe7][0x94][0xb5][0xe8][0xb4][0xb9][0xe6][0xb0][0xb4][0xe7][0x94][0xb5][0xe8][0xb4][0xb9][0xe4][0xb8][0x8d][0xe6][0x87][0x82][0xe4][0xba][0x8b]","dateCreated":1586423490743,"dateUpdated":1586423490743,"addressTag":null},{"userAddress":"TKpkpvcGriyNoiqhfBMLBGehmyXcDkDtER","targetAddress":"TGNQiQqYRWHT3qQ6Fo6pB5DdVwHxUkvacU","tag":"asdgasdg","description":"[0xe8][0x90][0xa8][0xe5][0x98][0x8e][0xe5][0xb1][0xb1][0xe9][0xab][0x98][0xe6][0xb0][0xb4][0xe4][0xbd][0x8e][0xe5][0x99][0xb6][0xe8][0xaf][0xb4]","dateCreated":1586423451856,"dateUpdated":1586423451856,"addressTag":null},{"userAddress":"TKpkpvcGriyNoiqhfBMLBGehmyXcDkDtER","targetAddress":"TCKzuVEHYYm3Xiubcen9ymK7T8gPnE9bVb","tag":"test[0xe6][0x89][0x98][0xe5][0xb0][0x94][0xe6][0x96][0xaf][0xe6][0xb3][0xb0]test[0xe6][0x89][0x98][0xe5][0xb0][0x94][0xe6][0x96][0xaf][0xe6][0xb3][0xb0]test","description":"alkjsdioaiheodokgoawueo[0xe6][0xa1][0x88][0xe4][0xbe][0x8b][0xef][0xbc][0x9b][0xe6][0x94][0xb6][0xe5][0x88][0xb0]v[0xe4][0xbd][0xa0][0xe5][0xae][0xb6][0xe5][0x93][0xa6]i[0xe5][0x95][0x8a]","dateCreated":1586422809430,"dateUpdated":1586422809430,"addressTag":null}],"total":12}}"
11:06:20.061 [TestNG-tests-1] DEBUG org.apache.http.impl.conn.DefaultClientConnection - Connection 0.0.0.0:56725<->3.14.14.175:80 closed
11:06:20.061 [TestNG-tests-1] DEBUG org.apache.http.impl.conn.PoolingClientConnectionManager - Connection released: [id: 14][route: {}->http://tronexapi.tronscan.org:80][total kept alive: 0; route allocated: 0 of 80; total allocated: 0 of 100]
11:06:20.061 [TestNG-tests-1] INFO tron.common.TronscanApiList - ----------------------------Print JSON Start---------------------------
11:06:20.061 [TestNG-tests-1] INFO tron.common.TronscanApiList - data:{"contract_map":{"TKpkpvcGriyNoiqhfBMLBGehmyXcDkDtER":false,"TPz7T4sei4b8vqzYNMGzSYu9X6VdMFXzRp":false,"TCKzuVEHYYm3Xiubcen9ymK7T8gPnE9bVb":true,"TVZSrpsVwdn1YT9e7ZrVCiXFBcuUGo73Hb":false,"TFfHw3u5SoeaxaLnUYi3HNhyFYLdA7mt3u":false,"TQFv9JRZhViDTYM36vEKb4M1qvEH8WamBc":false,"TKpJUP4CCymphdug1XmGzDGDmGXZjLyf29":false,"TEqZpKG8cLquDHNVGcHXJhEQMoWE653nBH":false,"TXTZtfVD7ghfjSfVrnPwDFowoYXaV6cp9Y":false,"TZEZWXYQS44388xBoMhQdpL1HrBZFLfDpt":false,"TGNQiQqYRWHT3qQ6Fo6pB5DdVwHxUkvacU":false,"TU32utssKYc8V5a2uYnjvJ3BrgP4upeETj":false},"user_tags":[{"userAddress":"TKpkpvcGriyNoiqhfBMLBGehmyXcDkDtER","dateCreated":1586751178389,"targetAddress":"TXTZtfVD7ghfjSfVrnPwDFowoYXaV6cp9Y","addressTag":"test 2","description":"5566778","tag":"试试查看","dateUpdated":1586751178389},{"userAddress":"TKpkpvcGriyNoiqhfBMLBGehmyXcDkDtER","dateCreated":1586498997698,"targetAddress":"TZEZWXYQS44388xBoMhQdpL1HrBZFLfDpt","addressTag":"SR Partners","description":"阿斯顿v了卡就会苏打绿阿卡理解","tag":"f就卡回归jkasd907拉开时间可根据","dateUpdated":1586498997698},{"userAddress":"TKpkpvcGriyNoiqhfBMLBGehmyXcDkDtER","dateCreated":1586425692424,"targetAddress":"TEqZpKG8cLquDHNVGcHXJhEQMoWE653nBH","description":"成功","tag":"测试插入","dateUpdated":1586959509116},{"userAddress":"TKpkpvcGriyNoiqhfBMLBGehmyXcDkDtER","dateCreated":1586425174315,"targetAddress":"TVZSrpsVwdn1YT9e7ZrVCiXFBcuUGo73Hb","description":"黄金时代观看","tag":"阿卡就收到过","dateUpdated":1586425174315},{"userAddress":"TKpkpvcGriyNoiqhfBMLBGehmyXcDkDtER","dateCreated":1586424925839,"targetAddress":"TFfHw3u5SoeaxaLnUYi3HNhyFYLdA7mt3u","addressTag":"I'm test 1","description":"阿贾克斯很多顾客辣椒就卡还打算看过哈的啊；考试大纲阿克苏的就换个啊啊肯定很高阿迪发空间上的发空间打开链接啊电话给卡就如何发i俄u如何该书的给卡圣诞快乐噶速度快放假啊速度快就好啊是抠脚大汉饭卡了回复快乐","tag":"阿克苏的火锅开始","dateUpdated":1586501412483},{"userAddress":"TKpkpvcGriyNoiqhfBMLBGehmyXcDkDtER","dateCreated":1586424735834,"targetAddress":"TKpJUP4CCymphdug1XmGzDGDmGXZjLyf29","addressTag":"SR Partners","description":"阿斯顿发","tag":"还和噶咖喱结婚蛋糕","dateUpdated":1586424735834},{"userAddress":"TKpkpvcGriyNoiqhfBMLBGehmyXcDkDtER","dateCreated":1586424485306,"targetAddress":"TKpkpvcGriyNoiqhfBMLBGehmyXcDkDtER","description":"呀哈哈kajhdskgahsdklg asldkj vl; ;ajldhfkajhdkajsdhkv nadkjfbha jkds ghjkgs fweeojfqowrugqi iqw93q04ut9","tag":"浪味仙发那个哪里12233","dateUpdated":1586498505399},{"userAddress":"TKpkpvcGriyNoiqhfBMLBGehmyXcDkDtER","dateCreated":1586423965789,"targetAddress":"TPz7T4sei4b8vqzYNMGzSYu9X6VdMFXzRp","addressTag":"SR Partners","description":"fff","tag":"hhhhhhh","dateUpdated":1586423965789},{"userAddress":"TKpkpvcGriyNoiqhfBMLBGehmyXcDkDtER","dateCreated":1586423770959,"targetAddress":"TQFv9JRZhViDTYM36vEKb4M1qvEH8WamBc","description":"阿卡就上课噶还是","tag":"阿里斯顿个","dateUpdated":1586423770959},{"userAddress":"TKpkpvcGriyNoiqhfBMLBGehmyXcDkDtER","dateCreated":1586423490743,"targetAddress":"TU32utssKYc8V5a2uYnjvJ3BrgP4upeETj","description":"水电费水电费不懂事","tag":"像阿甘阿胜利的恐惧感啦","dateUpdated":1586423490743},{"userAddress":"TKpkpvcGriyNoiqhfBMLBGehmyXcDkDtER","dateCreated":1586423451856,"targetAddress":"TGNQiQqYRWHT3qQ6Fo6pB5DdVwHxUkvacU","description":"萨嘎山高水低噶说","tag":"asdgasdg","dateUpdated":1586423451856},{"userAddress":"TKpkpvcGriyNoiqhfBMLBGehmyXcDkDtER","dateCreated":1586422809430,"targetAddress":"TCKzuVEHYYm3Xiubcen9ymK7T8gPnE9bVb","description":"alkjsdioaiheodokgoawueo案例；收到v你家哦i啊","tag":"test托尔斯泰test托尔斯泰test","dateUpdated":1586422809430}],"total":12}
11:06:20.061 [TestNG-tests-1] INFO tron.common.TronscanApiList - retCode:0
11:06:20.061 [TestNG-tests-1] INFO tron.common.TronscanApiList - retMsg:["SUCCESS"]
11:06:20.061 [TestNG-tests-1] INFO tron.common.TronscanApiList - JSON content size are: 3
11:06:20.061 [TestNG-tests-1] INFO tron.common.TronscanApiList - ----------------------------Print JSON End-----------------------------
]]></system-out>
  <system-err><![CDATA[]]></system-err>
</testsuite>
