<?xml version="1.0" encoding="UTF-8"?>
<testsuite name="tron.tronscan.api.BlockDetail" tests="4" skipped="0" failures="0" errors="0" timestamp="2020-03-27T04:57:19" hostname="zhukaideiMac.local" time="2.817">
  <properties/>
  <testcase name="getBlocksList" classname="tron.tronscan.api.BlockDetail" time="0.921"/>
  <testcase name="test01getBlockDetail" classname="tron.tronscan.api.BlockDetail" time="0.621"/>
  <testcase name="test02getBlocksList" classname="tron.tronscan.api.BlockDetail" time="0.616"/>
  <testcase name="test03getBlocksList" classname="tron.tronscan.api.BlockDetail" time="0.658"/>
  <system-out><![CDATA[12:57:19.330 [TestNG-tests-1] DEBUG org.apache.http.impl.conn.PoolingClientConnectionManager - Connection request: [route: {}->http://apilist.tronscan.org:80][total kept alive: 0; route allocated: 0 of 80; total allocated: 0 of 100]
12:57:19.330 [TestNG-tests-1] DEBUG org.apache.http.impl.conn.PoolingClientConnectionManager - Connection leased: [id: 2][route: {}->http://apilist.tronscan.org:80][total kept alive: 0; route allocated: 1 of 80; total allocated: 1 of 100]
12:57:19.330 [TestNG-tests-1] DEBUG org.apache.http.impl.conn.DefaultClientConnectionOperator - Connecting to apilist.tronscan.org:80
12:57:19.570 [TestNG-tests-1] DEBUG org.apache.http.client.protocol.RequestAddCookies - CookieSpec selected: default
12:57:19.570 [TestNG-tests-1] DEBUG org.apache.http.client.protocol.RequestAuthCache - Auth cache not set in the context
12:57:19.570 [TestNG-tests-1] DEBUG org.apache.http.client.protocol.RequestTargetAuthentication - Target auth state: UNCHALLENGED
12:57:19.570 [TestNG-tests-1] DEBUG org.apache.http.client.protocol.RequestProxyAuthentication - Proxy auth state: UNCHALLENGED
12:57:19.571 [TestNG-tests-1] DEBUG org.apache.http.impl.client.DefaultHttpClient - Attempt 1 to execute request
12:57:19.571 [TestNG-tests-1] DEBUG org.apache.http.impl.conn.DefaultClientConnection - Sending request: GET /api/block?limit=20&count=true&start=0&producer=TLyqzVGLV1srkB7dToTAEqgDSfPtXRJZYH&sort=-number HTTP/1.1
12:57:19.571 [TestNG-tests-1] DEBUG org.apache.http.wire -  >> "GET /api/block?limit=20&count=true&start=0&producer=TLyqzVGLV1srkB7dToTAEqgDSfPtXRJZYH&sort=-number HTTP/1.1[\r][\n]"
12:57:19.571 [TestNG-tests-1] DEBUG org.apache.http.wire -  >> "Content-type: application/json; charset=utf-8[\r][\n]"
12:57:19.571 [TestNG-tests-1] DEBUG org.apache.http.wire -  >> "Connection: Close[\r][\n]"
12:57:19.571 [TestNG-tests-1] DEBUG org.apache.http.wire -  >> "Host: apilist.tronscan.org[\r][\n]"
12:57:19.571 [TestNG-tests-1] DEBUG org.apache.http.wire -  >> "User-Agent: Apache-HttpClient/4.5.3 (Java/1.8.0_211)[\r][\n]"
12:57:19.571 [TestNG-tests-1] DEBUG org.apache.http.wire -  >> "[\r][\n]"
12:57:19.571 [TestNG-tests-1] DEBUG org.apache.http.headers - >> GET /api/block?limit=20&count=true&start=0&producer=TLyqzVGLV1srkB7dToTAEqgDSfPtXRJZYH&sort=-number HTTP/1.1
12:57:19.571 [TestNG-tests-1] DEBUG org.apache.http.headers - >> Content-type: application/json; charset=utf-8
12:57:19.571 [TestNG-tests-1] DEBUG org.apache.http.headers - >> Connection: Close
12:57:19.571 [TestNG-tests-1] DEBUG org.apache.http.headers - >> Host: apilist.tronscan.org
12:57:19.571 [TestNG-tests-1] DEBUG org.apache.http.headers - >> User-Agent: Apache-HttpClient/4.5.3 (Java/1.8.0_211)
12:57:20.245 [TestNG-tests-1] DEBUG org.apache.http.wire -  << "HTTP/1.1 200 OK[\r][\n]"
12:57:20.245 [TestNG-tests-1] DEBUG org.apache.http.wire -  << "Server: nginx[\r][\n]"
12:57:20.246 [TestNG-tests-1] DEBUG org.apache.http.wire -  << "Date: Fri, 27 Mar 2020 04:57:20 GMT[\r][\n]"
12:57:20.246 [TestNG-tests-1] DEBUG org.apache.http.wire -  << "Content-Type: application/json;charset=utf-8[\r][\n]"
12:57:20.246 [TestNG-tests-1] DEBUG org.apache.http.wire -  << "Content-Length: 9991[\r][\n]"
12:57:20.246 [TestNG-tests-1] DEBUG org.apache.http.wire -  << "Connection: close[\r][\n]"
12:57:20.246 [TestNG-tests-1] DEBUG org.apache.http.wire -  << "Vary: Accept-Encoding[\r][\n]"
12:57:20.246 [TestNG-tests-1] DEBUG org.apache.http.wire -  << "Access-Control-Allow-Origin: *[\r][\n]"
12:57:20.246 [TestNG-tests-1] DEBUG org.apache.http.wire -  << "Access-Control-Allow-Headers: DNT,X-Mx-ReqToken,Keep-Alive,User-Agent,X-Requested-With,If-Modified-Since,Cache-Control,Content-Type,Authorization[\r][\n]"
12:57:20.246 [TestNG-tests-1] DEBUG org.apache.http.wire -  << "Access-Control-Allow-Methods: GET,POST,PUT,DELETE,OPTIONS[\r][\n]"
12:57:20.246 [TestNG-tests-1] DEBUG org.apache.http.wire -  << "X-Proxy-Cache: MISS[\r][\n]"
12:57:20.246 [TestNG-tests-1] DEBUG org.apache.http.wire -  << "[\r][\n]"
12:57:20.246 [TestNG-tests-1] DEBUG org.apache.http.impl.conn.DefaultClientConnection - Receiving response: HTTP/1.1 200 OK
12:57:20.246 [TestNG-tests-1] DEBUG org.apache.http.headers - << HTTP/1.1 200 OK
12:57:20.246 [TestNG-tests-1] DEBUG org.apache.http.headers - << Server: nginx
12:57:20.246 [TestNG-tests-1] DEBUG org.apache.http.headers - << Date: Fri, 27 Mar 2020 04:57:20 GMT
12:57:20.246 [TestNG-tests-1] DEBUG org.apache.http.headers - << Content-Type: application/json;charset=utf-8
12:57:20.246 [TestNG-tests-1] DEBUG org.apache.http.headers - << Content-Length: 9991
12:57:20.246 [TestNG-tests-1] DEBUG org.apache.http.headers - << Connection: close
12:57:20.246 [TestNG-tests-1] DEBUG org.apache.http.headers - << Vary: Accept-Encoding
12:57:20.247 [TestNG-tests-1] DEBUG org.apache.http.headers - << Access-Control-Allow-Origin: *
12:57:20.247 [TestNG-tests-1] DEBUG org.apache.http.headers - << Access-Control-Allow-Headers: DNT,X-Mx-ReqToken,Keep-Alive,User-Agent,X-Requested-With,If-Modified-Since,Cache-Control,Content-Type,Authorization
12:57:20.247 [TestNG-tests-1] DEBUG org.apache.http.headers - << Access-Control-Allow-Methods: GET,POST,PUT,DELETE,OPTIONS
12:57:20.247 [TestNG-tests-1] DEBUG org.apache.http.headers - << X-Proxy-Cache: MISS
http://apilist.tronscan.org/api/block?limit=20&count=true&start=0&producer=TLyqzVGLV1srkB7dToTAEqgDSfPtXRJZYH&sort=-number 请求总耗时：918 毫秒
12:57:20.247 [TestNG-tests-1] DEBUG org.apache.http.wire -  << "{"total":7465,"rangeTotal":18340843,"data":[{"number":18340842,"hash":"000000000117dbeac118addb15454ead44c8ae2a6464bcd2d637bf0c6058bb25","size":11706,"timestamp":1585285020000,"txTrieRoot":"24GcvGZnEnEq1R96fXTkyUbBN7nQbaLq4cq7d3iHqRC8uQmDwh","parentHash":"000000000117dbe91a2a1ec018b333985ab792605ddb57343294da2800b3cf33","witnessId":0,"witnessAddress":"TLyqzVGLV1srkB7dToTAEqgDSfPtXRJZYH","nrOfTrx":27,"witnessName":"Binance Staking","confirmed":false,"confirmations":7,"netUsage":13068,"energyUsage":562439,"blockReward":16,"revert":false},{"number":18340815,"hash":"000000000117dbcf47871323b46fda2da0b769b2f9874f1201edb744ca375c6d","size":13088,"timestamp":1585284939000,"txTrieRoot":"2UHYiZemzSRzcgW6CzXH9A7ZuKKDsnX1QxZtpuH1TDnNyyWhGM","parentHash":"000000000117dbce9014595de1801ac16df0ba9aebb8cbd8ff6022ae8779c615","witnessId":0,"witnessAddress":"TLyqzVGLV1srkB7dToTAEqgDSfPtXRJZYH","nrOfTrx":31,"witnessName":"Binance Staking","confirmed":true,"confirmations":34,"netUsage":14678,"energyUsage":810823,"blockReward":16,"revert":false},{"number":18340788,"hash":"000000000117dbb41d81ef18527d4ef776a04bc1c0e067eb73208b321d34b05f","size":9492,"timestamp":1585284858000,"txTrieRoot":"68MT3n1H32tVMXs89nVgNxSKA7W6EYMwx8ztGSJ2juQjEJozK","parentHash":"000000000117dbb33ee1dcbdceeb1a852f0c2c89e5d12757453a7df3637f9a93","witnessId":0,"witnessAddress":"TLyqzVGLV"
12:57:20.247 [TestNG-tests-1] DEBUG org.apache.http.wire -  << "1srkB7dToTAEqgDSfPtXRJZYH","nrOfTrx":26,"witnessName":"Binance Staking","confirmed":true,"confirmations":61,"netUsage":10797,"energyUsage":837573,"blockReward":16,"revert":false},{"number":18340761,"hash":"000000000117db9937011659e9b730b04227897870090212f6f43df8a4efba7c","size":11125,"timestamp":1585284777000,"txTrieRoot":"f4QJMqKrXge3wvv6H5rU3wWnEEhPKk7tANUn4ZPHj1PbsVw9j","parentHash":"000000000117db98f09165cf5b69a395263fc33db28707d7bb9306452e7a97e7","witnessId":0,"witnessAddress":"TLyqzVGLV1srkB7dToTAEqgDSfPtXRJZYH","nrOfTrx":27,"witnessName":"Binance Staking","confirmed":true,"confirmations":88,"netUsage":12487,"energyUsage":758068,"blockReward":16,"revert":false},{"number":18340734,"hash":"000000000117db7e15908ce28345506fe8713fba9960bc4d84057e5a3cec854a","size":9897,"timestamp":1585284696000,"txTrieRoot":"77qTkmc3d5VY283X3L14vjwGD8wZLGeFEH76jJ6kftbuQDVgy","parentHash":"000000000117db7d6e3cac338a7277d032d85e05afe717e68600794f7c698c8b","witnessId":0,"witnessAddress":"TLyqzVGLV1srkB7dToTAEqgDSfPtXRJZYH","nrOfTrx":24,"witnessName":"Binance Staking","confirmed":true,"confirmations":115,"netUsage":11088,"energyUsage":770892,"blockReward":16,"revert":false},{"number":18340707,"hash":"000000000117db639607696f95471cb1c165b0eac2842d4a5a1c14b1f3ffeace","size":12103,"timestamp":1585284615000,"txTrieRoot":"9PCVeddm11Zs2vyE5jDLB4pcNeA1vkX2jXuURdMJAK1ZKTfG1","parentHash":"000000000117db62c5647ff70c11920c80ab1ed6da1353d28e2bbdf6b7794fc2","witnessId":0,"witnessAddress":"TLyqzVGLV1srkB7dToTAEqgDSfPtXRJZYH","nrOfTrx":38,"witnessName":"Binance Staking","confirmed":true,"confirmations":142,"netUsage":14092,"energyUsage":698923,"blockReward":16,"revert":false},{"number":18340680,"hash":"000000000117db48230f2c1f07e12067a5d46fef16e5a5e6df10225bac1a04a5","size":8158,"timestamp":1585284534000,"txTrieRoot":"6iNJD3sxxTJqoHCQYsvJ6v9qasT372VNxxpSGvVnrH2G4kC15","parentHash":"000000000117db474c1798d62a74f0e2e66f3c2f1c601d1ec69323b947ca6954","witnessId":0,"witnessAddress":"TLyqzVGLV1srkB7dToTAEqgDSfPtXRJZYH","nrOfTrx":26,"witnessName":"Binance Staking","confirmed":true,"confirmations":169,"netUsage":9463,"energyUsage":790748,"blockReward":16,"revert":false},{"number":18340653,"hash":"000000000117db2d47f3350372e13ac9aa31d8acf71711530e2e130b3ee97bc3","size":8660,"timestamp":1585284453000,"txTrieRoot":"2UAPFbitGCxkQNK5T85RVee5fou3V92QHeFoDKcB4XtDKn3GcT","parentHash":"000000000117db2c0e2752e2ebf0bdb5a4eba0056cbf18ca12ec66b74d8774ca","witnessId":0,"witnessAddress":"TLyqzVGLV1srkB7dToTAEqgDSfPtXRJZYH","nrOfTrx":24,"witnessName":"Binance Staking","confirmed":true,"confirmations":196,"netUsage":9851,"energyUsage":486035,"blockReward":16,"revert":false},{"number":18340626,"hash":"000000000117db12e8d601fcc1c6255067c4064f8e7e7cad77f8da9e24b53f0c","size":7631,"timestamp":1585284372000,"txTrieRoot":"adrxwLKMxJduFipQiBXztfnKC7pT64dDVMLENC6UKbKt8zTje","parentHash":"000000000117db119bfa329cec783497dd8a6ef751606e2d6acbaa42dc0cea73","witnessId":0,"witnessAddress":"TLyqzVGLV1srkB7dToTAEqgDSfPtXRJZYH","nrOfTrx":20,"witnessName":"Binance Staking","confirmed":true,"confirmations":223,"netUsage":8594,"energyUsage":560948,"blockReward":16,"revert":false},{"number":18340599,"hash":"000000000117daf799e10cdc98bb464542ef3099b3e2838db75c4e0afb2a2b3f","size":13527,"timestamp":1585284291000,"txTrieRoot":"Q9g2uvQieqZpZLZ6TCQyQwzLKa2aS1qufzn2qYMZKTUaH3s2D","parentHash":"000000000117daf683d4631906c636609e39852bf5923b1ca476f4ebfa851615","witnessId":0,"witnessAddress":"TLyqzVGLV1srkB7dToTAEqgDSfPtXRJZYH","nrOfTrx":30,"witnessName":"Binance Staking","confirmed":true,"confirmations":250,"netUsage":15060,"energyUsage":527095,"blockReward":16,"revert":false},{"number":18340572,"hash":"000000000117dadce10df224999bcc908ca8cc7baab5f893629df89694eb00a5","size":12376,"timestamp":1585284210000,"txTrieRoot":"BNG3QKVRtvJi4yrx6U8ora3xLDPMmDzKgrynWB1Qcs1yZ7WFb","parentHash":"000000000117dadb4a551463629d4045ef294ce34b6044252b6faa7f37f3437f","witnessId":0,"witnessAddress":"TLyqzVGLV1srkB7dToTAEqgDSfPtXRJZYH","nrOfTrx":39,"witnessName":"Binance Staking","confirmed":true,"confirmations":277,"netUsage":43618,"energyUsage":400893,"blockReward":16,"revert":false},{"number":18340545,"hash":"000000000117dac1eb758824bf23757d48e7baddd2736a5bf0cef6151a5f0d7b","size":8459,"timestamp":1585284129000,"txTrieRoot":"2EfwqUiMZwCHoNVJfrKuprndKudNGzQCFFyECJcZwqyiW9uC9B","parentHash":"000000000117dac0a0652565cd65da3b125c2bd1a68808d3372943330a7ed898","witnessId":0,"witnessAddress":"TLyqzVGLV1srkB7dToTAEqgDSfPtXRJZYH","nrOfTrx":22,"witnessName":"Binance Staking","confirmed":true,"confirmations":304,"netUsage":9536,"energyUsage":804572,"blockReward":16,"revert":false},{"number":18340518,"hash":"000000000117daa600a2ec4bdb750fc661dba8a0a23d77053a223d4ef3b66367","size":7448,"timestamp":1585284048000,"txTrieRoot":"WospHEMN82K8FH3cgiAg5m9JmppUwiVUPcp2DnZDAYYMQDv8S","parentHash":"000000000117daa5b6659bc1c448a2618a41a74e59c9b5807031c70b21dbf0b6","witnessId":0,"witnessAddress":"TLyqzVGLV1srkB7dToTAEqgDSfPtXRJZYH","nrOfTrx":20,"witnessName":"Binance Staking","confirmed":true,"confirmations":331,"netUsage":8411,"energyUsage":597570,"blockReward":16,"revert":false},{"number":18340491,"hash":"000000000117da8ba3332670c7d06bd15bd1dc40dd302698459366fb2bfc6e57","size":11505,"timestamp":1585283967000,"txTrieRoot":"2ePyaGZjSg4PxAssTJkmSqchYdo7eHKB61z9KxMJAg4EKiEdEP","parentHash":"000000000117da8aecc22cf4cb644dfc5fbe83b9ea01fecc65d1e1be81821be6","witnessId":0,"witnessAddress":"TLyqzVGLV1srkB7dToTAEqgDSfPtXRJZYH","nrOfTrx":29,"witnessName":"Binance Staking","confirmed":true,"confirmations":358,"netUsage":12981,"energyUsage":540959,"blockReward":16,"revert":false},{"number":18340464,"hash":"000000000117da70558ffb76b5c90a4fb7644b2cbd1a9fdb64059fba9b3b8393","size":7672,"timestamp":1585283886000,"txTrieRoot":"tE8YhvXCbxCM6tCY1DrdJdWohyi3FSpQRe7vRsGGm77W8yWpT","parentHash":"000000000117da6fadbc5c9791d7cef4c866165d39d2e567b70c27f3b2ec5c6b","witnessId":0,"witnessAddress":"TLyqzVGLV1srkB7dToTAEqgDSfPtXRJZYH","nrOfTrx":20,"witnessName":"Binance Staking","confirmed":true,"confirmations":385,"netUsage":8635,"energyUsage":672585,"blockReward":16,"revert":false},{"number":18340437,"hash":"000000000117da55b95e91d7693efadb4e07c25c5e26d06f7be915c4626b67a3","size":6457,"timestamp":1585283805000,"txTrieRoot":"2SauaRXA6CNuKG4LP3RsTc6NmBpCNuKroytsAsYscEvdDofBjo","parentHash":"000000000117da5475b977226b0aa1e09a931069c00c9e492954db3177cadaa5","witnessId":0,"witnessAddress":"TLyqzVGLV1srkB7dToTAEqgDSfPtXRJZYH","nrOfTrx":16,"witnessName":"Binance Staking","confirmed":true,"confirmations":412,"netUsage":7192,"energyUsage":404887,"blockReward":16,"revert":false},{"number":18340410,"hash":"000000000117da3a06a1da070efb1695d66973504dcd7db0eda1ea22cfc54c32","size":7916,"timestamp":1585283724000,"txTrieRoot":"Pz99KWLKhKsiYvpxqMG2PDvFeCdc83jZKWVsMapbRczv4fzgT","parentHash":"000000000117da3907d68ab10fadec4917c8fae26d7d874e00e40ec701764975","witnessId":0,"witnessAddress":"TLyqzVGLV1srkB7dToTAEqgDSfPtXRJZYH","nrOfTrx":21,"witnessName":"Binance Staking","confirmed":true,"confirmations":439,"netUsage":8936,"energyUsage":557269,"blockReward":16,"revert":false},{"number":18340383,"hash":"000000000117da1ff0f940d490ca9d5a2cb6fa0c6938a6563db681fe9e4c0cda","size":11610,"timestamp":1585283643000,"txTrieRoot":"2wA7LYXc2tK82x8aSFe7mHFzAgtqVKPirHwqjpoRaELSBn1cEs","parentHash":"000000000117da1e2ad996eded0067b16bde8ea45c37cfc7fb61c497c6b67f0d","witnessId":0,"witnessAddress":"TLyqzVGLV1srkB7dToTAEqgDSfPtXRJZYH","nrOfTrx":31,"witnessName":"Binance Staking","confirmed":true,"confirmations":466,"netUsage":13200,"energyUsage":780091,"blockReward":16,"revert":false},{"number":18340356,"hash":"000000000117da0431d9c07389e5e4eaa074101e7da52cf4baad99ab28ef6409","size":10183,"timestamp":1585283562000,"txTrieRoot":"7XS6bvYcQ3ea5rDsU9AKMn9UYCx2bAzxRdgm9twnXJW64dc7q","parentHash":"000000000117da032e123a43bd5217dcc53af9e08b6f5f3fd7fd263f765a02f9","witnessId":0,"witnessAddress":"TLyqzVGLV1srkB7dToTAEqgDSfPtXRJZYH","nrOfTrx":27,"witnessName":"Binance Staking","confirmed":true,"confirmations":493,"netUsage":11545,"energyUsage":816551,"blockReward":16,"revert":false},{"number":18340329,"hash":"000000000117d9e93ea95099f73648f"
12:57:20.248 [TestNG-tests-1] DEBUG org.apache.http.wire -  << "b76bcf35fcd305c72863c5b5a1824c27b","size":11588,"timestamp":1585283481000,"txTrieRoot":"rQu5rbpWnzhHzT6xtMbPHt7AEHaAiCECsTQ9E2FSaBDJVAqrW","parentHash":"000000000117d9e859bde4ab0a247ba55a562e2c37ec926629d8185cbcfe2b1f","witnessId":0,"witnessAddress":"TLyqzVGLV1srkB7dToTAEqgDSfPtXRJZYH","nrOfTrx":31,"witnessName":"Binance Staking","confirmed":true,"confirmations":520,"netUsage":13178,"energyUsage":926545,"blockReward":16,"revert":false}]}[\n]"
12:57:20.248 [TestNG-tests-1] DEBUG org.apache.http.impl.conn.DefaultClientConnection - Connection 0.0.0.0:60908<->18.216.178.128:80 closed
12:57:20.248 [TestNG-tests-1] DEBUG org.apache.http.impl.conn.PoolingClientConnectionManager - Connection released: [id: 2][route: {}->http://apilist.tronscan.org:80][total kept alive: 0; route allocated: 0 of 80; total allocated: 0 of 100]
12:57:20.249 [TestNG-tests-1] INFO tron.common.TronscanApiList - ----------------------------Print JSON Start---------------------------
12:57:20.249 [TestNG-tests-1] INFO tron.common.TronscanApiList - total:7465
12:57:20.249 [TestNG-tests-1] INFO tron.common.TronscanApiList - data:[{"nrOfTrx":27,"txTrieRoot":"24GcvGZnEnEq1R96fXTkyUbBN7nQbaLq4cq7d3iHqRC8uQmDwh","netUsage":13068,"revert":false,"blockReward":16,"witnessId":0,"confirmations":7,"confirmed":false,"number":18340842,"witnessAddress":"TLyqzVGLV1srkB7dToTAEqgDSfPtXRJZYH","size":11706,"energyUsage":562439,"witnessName":"Binance Staking","parentHash":"000000000117dbe91a2a1ec018b333985ab792605ddb57343294da2800b3cf33","hash":"000000000117dbeac118addb15454ead44c8ae2a6464bcd2d637bf0c6058bb25","timestamp":1585285020000},{"nrOfTrx":31,"txTrieRoot":"2UHYiZemzSRzcgW6CzXH9A7ZuKKDsnX1QxZtpuH1TDnNyyWhGM","netUsage":14678,"revert":false,"blockReward":16,"witnessId":0,"confirmations":34,"confirmed":true,"number":18340815,"witnessAddress":"TLyqzVGLV1srkB7dToTAEqgDSfPtXRJZYH","size":13088,"energyUsage":810823,"witnessName":"Binance Staking","parentHash":"000000000117dbce9014595de1801ac16df0ba9aebb8cbd8ff6022ae8779c615","hash":"000000000117dbcf47871323b46fda2da0b769b2f9874f1201edb744ca375c6d","timestamp":1585284939000},{"nrOfTrx":26,"txTrieRoot":"68MT3n1H32tVMXs89nVgNxSKA7W6EYMwx8ztGSJ2juQjEJozK","netUsage":10797,"revert":false,"blockReward":16,"witnessId":0,"confirmations":61,"confirmed":true,"number":18340788,"witnessAddress":"TLyqzVGLV1srkB7dToTAEqgDSfPtXRJZYH","size":9492,"energyUsage":837573,"witnessName":"Binance Staking","parentHash":"000000000117dbb33ee1dcbdceeb1a852f0c2c89e5d12757453a7df3637f9a93","hash":"000000000117dbb41d81ef18527d4ef776a04bc1c0e067eb73208b321d34b05f","timestamp":1585284858000},{"nrOfTrx":27,"txTrieRoot":"f4QJMqKrXge3wvv6H5rU3wWnEEhPKk7tANUn4ZPHj1PbsVw9j","netUsage":12487,"revert":false,"blockReward":16,"witnessId":0,"confirmations":88,"confirmed":true,"number":18340761,"witnessAddress":"TLyqzVGLV1srkB7dToTAEqgDSfPtXRJZYH","size":11125,"energyUsage":758068,"witnessName":"Binance Staking","parentHash":"000000000117db98f09165cf5b69a395263fc33db28707d7bb9306452e7a97e7","hash":"000000000117db9937011659e9b730b04227897870090212f6f43df8a4efba7c","timestamp":1585284777000},{"nrOfTrx":24,"txTrieRoot":"77qTkmc3d5VY283X3L14vjwGD8wZLGeFEH76jJ6kftbuQDVgy","netUsage":11088,"revert":false,"blockReward":16,"witnessId":0,"confirmations":115,"confirmed":true,"number":18340734,"witnessAddress":"TLyqzVGLV1srkB7dToTAEqgDSfPtXRJZYH","size":9897,"energyUsage":770892,"witnessName":"Binance Staking","parentHash":"000000000117db7d6e3cac338a7277d032d85e05afe717e68600794f7c698c8b","hash":"000000000117db7e15908ce28345506fe8713fba9960bc4d84057e5a3cec854a","timestamp":1585284696000},{"nrOfTrx":38,"txTrieRoot":"9PCVeddm11Zs2vyE5jDLB4pcNeA1vkX2jXuURdMJAK1ZKTfG1","netUsage":14092,"revert":false,"blockReward":16,"witnessId":0,"confirmations":142,"confirmed":true,"number":18340707,"witnessAddress":"TLyqzVGLV1srkB7dToTAEqgDSfPtXRJZYH","size":12103,"energyUsage":698923,"witnessName":"Binance Staking","parentHash":"000000000117db62c5647ff70c11920c80ab1ed6da1353d28e2bbdf6b7794fc2","hash":"000000000117db639607696f95471cb1c165b0eac2842d4a5a1c14b1f3ffeace","timestamp":1585284615000},{"nrOfTrx":26,"txTrieRoot":"6iNJD3sxxTJqoHCQYsvJ6v9qasT372VNxxpSGvVnrH2G4kC15","netUsage":9463,"revert":false,"blockReward":16,"witnessId":0,"confirmations":169,"confirmed":true,"number":18340680,"witnessAddress":"TLyqzVGLV1srkB7dToTAEqgDSfPtXRJZYH","size":8158,"energyUsage":790748,"witnessName":"Binance Staking","parentHash":"000000000117db474c1798d62a74f0e2e66f3c2f1c601d1ec69323b947ca6954","hash":"000000000117db48230f2c1f07e12067a5d46fef16e5a5e6df10225bac1a04a5","timestamp":1585284534000},{"nrOfTrx":24,"txTrieRoot":"2UAPFbitGCxkQNK5T85RVee5fou3V92QHeFoDKcB4XtDKn3GcT","netUsage":9851,"revert":false,"blockReward":16,"witnessId":0,"confirmations":196,"confirmed":true,"number":18340653,"witnessAddress":"TLyqzVGLV1srkB7dToTAEqgDSfPtXRJZYH","size":8660,"energyUsage":486035,"witnessName":"Binance Staking","parentHash":"000000000117db2c0e2752e2ebf0bdb5a4eba0056cbf18ca12ec66b74d8774ca","hash":"000000000117db2d47f3350372e13ac9aa31d8acf71711530e2e130b3ee97bc3","timestamp":1585284453000},{"nrOfTrx":20,"txTrieRoot":"adrxwLKMxJduFipQiBXztfnKC7pT64dDVMLENC6UKbKt8zTje","netUsage":8594,"revert":false,"blockReward":16,"witnessId":0,"confirmations":223,"confirmed":true,"number":18340626,"witnessAddress":"TLyqzVGLV1srkB7dToTAEqgDSfPtXRJZYH","size":7631,"energyUsage":560948,"witnessName":"Binance Staking","parentHash":"000000000117db119bfa329cec783497dd8a6ef751606e2d6acbaa42dc0cea73","hash":"000000000117db12e8d601fcc1c6255067c4064f8e7e7cad77f8da9e24b53f0c","timestamp":1585284372000},{"nrOfTrx":30,"txTrieRoot":"Q9g2uvQieqZpZLZ6TCQyQwzLKa2aS1qufzn2qYMZKTUaH3s2D","netUsage":15060,"revert":false,"blockReward":16,"witnessId":0,"confirmations":250,"confirmed":true,"number":18340599,"witnessAddress":"TLyqzVGLV1srkB7dToTAEqgDSfPtXRJZYH","size":13527,"energyUsage":527095,"witnessName":"Binance Staking","parentHash":"000000000117daf683d4631906c636609e39852bf5923b1ca476f4ebfa851615","hash":"000000000117daf799e10cdc98bb464542ef3099b3e2838db75c4e0afb2a2b3f","timestamp":1585284291000},{"nrOfTrx":39,"txTrieRoot":"BNG3QKVRtvJi4yrx6U8ora3xLDPMmDzKgrynWB1Qcs1yZ7WFb","netUsage":43618,"revert":false,"blockReward":16,"witnessId":0,"confirmations":277,"confirmed":true,"number":18340572,"witnessAddress":"TLyqzVGLV1srkB7dToTAEqgDSfPtXRJZYH","size":12376,"energyUsage":400893,"witnessName":"Binance Staking","parentHash":"000000000117dadb4a551463629d4045ef294ce34b6044252b6faa7f37f3437f","hash":"000000000117dadce10df224999bcc908ca8cc7baab5f893629df89694eb00a5","timestamp":1585284210000},{"nrOfTrx":22,"txTrieRoot":"2EfwqUiMZwCHoNVJfrKuprndKudNGzQCFFyECJcZwqyiW9uC9B","netUsage":9536,"revert":false,"blockReward":16,"witnessId":0,"confirmations":304,"confirmed":true,"number":18340545,"witnessAddress":"TLyqzVGLV1srkB7dToTAEqgDSfPtXRJZYH","size":8459,"energyUsage":804572,"witnessName":"Binance Staking","parentHash":"000000000117dac0a0652565cd65da3b125c2bd1a68808d3372943330a7ed898","hash":"000000000117dac1eb758824bf23757d48e7baddd2736a5bf0cef6151a5f0d7b","timestamp":1585284129000},{"nrOfTrx":20,"txTrieRoot":"WospHEMN82K8FH3cgiAg5m9JmppUwiVUPcp2DnZDAYYMQDv8S","netUsage":8411,"revert":false,"blockReward":16,"witnessId":0,"confirmations":331,"confirmed":true,"number":18340518,"witnessAddress":"TLyqzVGLV1srkB7dToTAEqgDSfPtXRJZYH","size":7448,"energyUsage":597570,"witnessName":"Binance Staking","parentHash":"000000000117daa5b6659bc1c448a2618a41a74e59c9b5807031c70b21dbf0b6","hash":"000000000117daa600a2ec4bdb750fc661dba8a0a23d77053a223d4ef3b66367","timestamp":1585284048000},{"nrOfTrx":29,"txTrieRoot":"2ePyaGZjSg4PxAssTJkmSqchYdo7eHKB61z9KxMJAg4EKiEdEP","netUsage":12981,"revert":false,"blockReward":16,"witnessId":0,"confirmations":358,"confirmed":true,"number":18340491,"witnessAddress":"TLyqzVGLV1srkB7dToTAEqgDSfPtXRJZYH","size":11505,"energyUsage":540959,"witnessName":"Binance Staking","parentHash":"000000000117da8aecc22cf4cb644dfc5fbe83b9ea01fecc65d1e1be81821be6","hash":"000000000117da8ba3332670c7d06bd15bd1dc40dd302698459366fb2bfc6e57","timestamp":1585283967000},{"nrOfTrx":20,"txTrieRoot":"tE8YhvXCbxCM6tCY1DrdJdWohyi3FSpQRe7vRsGGm77W8yWpT","netUsage":8635,"revert":false,"blockReward":16,"witnessId":0,"confirmations":385,"confirmed":true,"number":18340464,"witnessAddress":"TLyqzVGLV1srkB7dToTAEqgDSfPtXRJZYH","size":7672,"energyUsage":672585,"witnessName":"Binance Staking","parentHash":"000000000117da6fadbc5c9791d7cef4c866165d39d2e567b70c27f3b2ec5c6b","hash":"000000000117da70558ffb76b5c90a4fb7644b2cbd1a9fdb64059fba9b3b8393","timestamp":1585283886000},{"nrOfTrx":16,"txTrieRoot":"2SauaRXA6CNuKG4LP3RsTc6NmBpCNuKroytsAsYscEvdDofBjo","netUsage":7192,"revert":false,"blockReward":16,"witnessId":0,"confirmations":412,"confirmed":true,"number":18340437,"witnessAddress":"TLyqzVGLV1srkB7dToTAEqgDSfPtXRJZYH","size":6457,"energyUsage":404887,"witnessName":"Binance Staking","parentHash":"000000000117da5475b977226b0aa1e09a931069c00c9e492954db3177cadaa5","hash":"000000000117da55b95e91d7693efadb4e07c25c5e26d06f7be915c4626b67a3","timestamp":1585283805000},{"nrOfTrx":21,"txTrieRoot":"Pz99KWLKhKsiYvpxqMG2PDvFeCdc83jZKWVsMapbRczv4fzgT","netUsage":8936,"revert":false,"blockReward":16,"witnessId":0,"confirmations":439,"confirmed":true,"number":18340410,"witnessAddress":"TLyqzVGLV1srkB7dToTAEqgDSfPtXRJZYH","size":7916,"energyUsage":557269,"witnessName":"Binance Staking","parentHash":"000000000117da3907d68ab10fadec4917c8fae26d7d874e00e40ec701764975","hash":"000000000117da3a06a1da070efb1695d66973504dcd7db0eda1ea22cfc54c32","timestamp":1585283724000},{"nrOfTrx":31,"txTrieRoot":"2wA7LYXc2tK82x8aSFe7mHFzAgtqVKPirHwqjpoRaELSBn1cEs","netUsage":13200,"revert":false,"blockReward":16,"witnessId":0,"confirmations":466,"confirmed":true,"number":18340383,"witnessAddress":"TLyqzVGLV1srkB7dToTAEqgDSfPtXRJZYH","size":11610,"energyUsage":780091,"witnessName":"Binance Staking","parentHash":"000000000117da1e2ad996eded0067b16bde8ea45c37cfc7fb61c497c6b67f0d","hash":"000000000117da1ff0f940d490ca9d5a2cb6fa0c6938a6563db681fe9e4c0cda","timestamp":1585283643000},{"nrOfTrx":27,"txTrieRoot":"7XS6bvYcQ3ea5rDsU9AKMn9UYCx2bAzxRdgm9twnXJW64dc7q","netUsage":11545,"revert":false,"blockReward":16,"witnessId":0,"confirmations":493,"confirmed":true,"number":18340356,"witnessAddress":"TLyqzVGLV1srkB7dToTAEqgDSfPtXRJZYH","size":10183,"energyUsage":816551,"witnessName":"Binance Staking","parentHash":"000000000117da032e123a43bd5217dcc53af9e08b6f5f3fd7fd263f765a02f9","hash":"000000000117da0431d9c07389e5e4eaa074101e7da52cf4baad99ab28ef6409","timestamp":1585283562000},{"nrOfTrx":31,"txTrieRoot":"rQu5rbpWnzhHzT6xtMbPHt7AEHaAiCECsTQ9E2FSaBDJVAqrW","netUsage":13178,"revert":false,"blockReward":16,"witnessId":0,"confirmations":520,"confirmed":true,"number":18340329,"witnessAddress":"TLyqzVGLV1srkB7dToTAEqgDSfPtXRJZYH","size":11588,"energyUsage":926545,"witnessName":"Binance Staking","parentHash":"000000000117d9e859bde4ab0a247ba55a562e2c37ec926629d8185cbcfe2b1f","hash":"000000000117d9e93ea95099f73648fb76bcf35fcd305c72863c5b5a1824c27b","timestamp":1585283481000}]
12:57:20.250 [TestNG-tests-1] INFO tron.common.TronscanApiList - rangeTotal:18340843
12:57:20.250 [TestNG-tests-1] INFO tron.common.TronscanApiList - JSON content size are: 3
12:57:20.250 [TestNG-tests-1] INFO tron.common.TronscanApiList - ----------------------------Print JSON End-----------------------------
12:57:20.250 [TestNG-tests-1] DEBUG org.apache.http.impl.conn.PoolingClientConnectionManager - Connection request: [route: {}->http://apilist.tronscan.org:80][total kept alive: 0; route allocated: 0 of 80; total allocated: 0 of 100]
12:57:20.250 [TestNG-tests-1] DEBUG org.apache.http.impl.conn.PoolingClientConnectionManager - Connection leased: [id: 3][route: {}->http://apilist.tronscan.org:80][total kept alive: 0; route allocated: 1 of 80; total allocated: 1 of 100]
12:57:20.250 [TestNG-tests-1] DEBUG org.apache.http.impl.conn.DefaultClientConnectionOperator - Connecting to apilist.tronscan.org:80
12:57:20.551 [TestNG-tests-1] DEBUG org.apache.http.client.protocol.RequestAddCookies - CookieSpec selected: default
12:57:20.551 [TestNG-tests-1] DEBUG org.apache.http.client.protocol.RequestAuthCache - Auth cache not set in the context
12:57:20.551 [TestNG-tests-1] DEBUG org.apache.http.client.protocol.RequestTargetAuthentication - Target auth state: UNCHALLENGED
12:57:20.551 [TestNG-tests-1] DEBUG org.apache.http.client.protocol.RequestProxyAuthentication - Proxy auth state: UNCHALLENGED
12:57:20.551 [TestNG-tests-1] DEBUG org.apache.http.impl.client.DefaultHttpClient - Attempt 1 to execute request
12:57:20.551 [TestNG-tests-1] DEBUG org.apache.http.impl.conn.DefaultClientConnection - Sending request: GET /api/block?number=458888 HTTP/1.1
12:57:20.551 [TestNG-tests-1] DEBUG org.apache.http.wire -  >> "GET /api/block?number=458888 HTTP/1.1[\r][\n]"
12:57:20.551 [TestNG-tests-1] DEBUG org.apache.http.wire -  >> "Content-type: application/json; charset=utf-8[\r][\n]"
12:57:20.552 [TestNG-tests-1] DEBUG org.apache.http.wire -  >> "Connection: Close[\r][\n]"
12:57:20.552 [TestNG-tests-1] DEBUG org.apache.http.wire -  >> "Host: apilist.tronscan.org[\r][\n]"
12:57:20.552 [TestNG-tests-1] DEBUG org.apache.http.wire -  >> "User-Agent: Apache-HttpClient/4.5.3 (Java/1.8.0_211)[\r][\n]"
12:57:20.552 [TestNG-tests-1] DEBUG org.apache.http.wire -  >> "[\r][\n]"
12:57:20.552 [TestNG-tests-1] DEBUG org.apache.http.headers - >> GET /api/block?number=458888 HTTP/1.1
12:57:20.552 [TestNG-tests-1] DEBUG org.apache.http.headers - >> Content-type: application/json; charset=utf-8
12:57:20.552 [TestNG-tests-1] DEBUG org.apache.http.headers - >> Connection: Close
12:57:20.552 [TestNG-tests-1] DEBUG org.apache.http.headers - >> Host: apilist.tronscan.org
12:57:20.552 [TestNG-tests-1] DEBUG org.apache.http.headers - >> User-Agent: Apache-HttpClient/4.5.3 (Java/1.8.0_211)
12:57:20.868 [TestNG-tests-1] DEBUG org.apache.http.wire -  << "HTTP/1.1 200 OK[\r][\n]"
12:57:20.868 [TestNG-tests-1] DEBUG org.apache.http.wire -  << "Server: nginx[\r][\n]"
12:57:20.868 [TestNG-tests-1] DEBUG org.apache.http.wire -  << "Date: Fri, 27 Mar 2020 04:57:21 GMT[\r][\n]"
12:57:20.868 [TestNG-tests-1] DEBUG org.apache.http.wire -  << "Content-Type: application/json;charset=utf-8[\r][\n]"
12:57:20.868 [TestNG-tests-1] DEBUG org.apache.http.wire -  << "Content-Length: 535[\r][\n]"
12:57:20.868 [TestNG-tests-1] DEBUG org.apache.http.wire -  << "Connection: close[\r][\n]"
12:57:20.868 [TestNG-tests-1] DEBUG org.apache.http.wire -  << "Access-Control-Allow-Origin: *[\r][\n]"
12:57:20.869 [TestNG-tests-1] DEBUG org.apache.http.wire -  << "Access-Control-Allow-Headers: DNT,X-Mx-ReqToken,Keep-Alive,User-Agent,X-Requested-With,If-Modified-Since,Cache-Control,Content-Type,Authorization[\r][\n]"
12:57:20.869 [TestNG-tests-1] DEBUG org.apache.http.wire -  << "Access-Control-Allow-Methods: GET,POST,PUT,DELETE,OPTIONS[\r][\n]"
12:57:20.869 [TestNG-tests-1] DEBUG org.apache.http.wire -  << "X-Proxy-Cache: MISS[\r][\n]"
12:57:20.869 [TestNG-tests-1] DEBUG org.apache.http.wire -  << "[\r][\n]"
12:57:20.869 [TestNG-tests-1] DEBUG org.apache.http.impl.conn.DefaultClientConnection - Receiving response: HTTP/1.1 200 OK
12:57:20.869 [TestNG-tests-1] DEBUG org.apache.http.headers - << HTTP/1.1 200 OK
12:57:20.869 [TestNG-tests-1] DEBUG org.apache.http.headers - << Server: nginx
12:57:20.869 [TestNG-tests-1] DEBUG org.apache.http.headers - << Date: Fri, 27 Mar 2020 04:57:21 GMT
12:57:20.869 [TestNG-tests-1] DEBUG org.apache.http.headers - << Content-Type: application/json;charset=utf-8
12:57:20.869 [TestNG-tests-1] DEBUG org.apache.http.headers - << Content-Length: 535
12:57:20.869 [TestNG-tests-1] DEBUG org.apache.http.headers - << Connection: close
12:57:20.869 [TestNG-tests-1] DEBUG org.apache.http.headers - << Access-Control-Allow-Origin: *
12:57:20.869 [TestNG-tests-1] DEBUG org.apache.http.headers - << Access-Control-Allow-Headers: DNT,X-Mx-ReqToken,Keep-Alive,User-Agent,X-Requested-With,If-Modified-Since,Cache-Control,Content-Type,Authorization
12:57:20.869 [TestNG-tests-1] DEBUG org.apache.http.headers - << Access-Control-Allow-Methods: GET,POST,PUT,DELETE,OPTIONS
12:57:20.869 [TestNG-tests-1] DEBUG org.apache.http.headers - << X-Proxy-Cache: MISS
http://apilist.tronscan.org/api/block?number=458888 请求总耗时：620 毫秒
12:57:20.870 [TestNG-tests-1] INFO tron.tronscan.api.BlockDetail - code is 200
12:57:20.870 [TestNG-tests-1] DEBUG org.apache.http.wire -  << "{"total":1,"rangeTotal":458889,"data":[{"number":458888,"hash":"00000000000700880c04fd4bccedbd548e2b3926a414d9fe6941496778122cd4","size":1006,"timestamp":1531268670000,"txTrieRoot":"ogt5daZobChoPsU1GXt5d6StqFo4kHpkSXeKHBdpyC2Abm5hd","parentHash":"0000000000070087d73a09fa5ba054414dcb60fe1a6392eefa347531ffd71c87","witnessId":0,"witnessAddress":"TCvwc3FV3ssq2rD82rMmjhT4PVXYTsFcKV","nrOfTrx":4,"witnessName":"http://TronGr10.com","confirmed":true,"confirmations":17881961,"netUsage":0,"energyUsage":0,"blockReward":32,"revert":false}]}[\n]"
12:57:20.870 [TestNG-tests-1] DEBUG org.apache.http.impl.conn.DefaultClientConnection - Connection 0.0.0.0:60913<->18.216.178.128:80 closed
12:57:20.870 [TestNG-tests-1] DEBUG org.apache.http.impl.conn.PoolingClientConnectionManager - Connection released: [id: 3][route: {}->http://apilist.tronscan.org:80][total kept alive: 0; route allocated: 0 of 80; total allocated: 0 of 100]
12:57:20.870 [TestNG-tests-1] INFO tron.common.TronscanApiList - ----------------------------Print JSON Start---------------------------
12:57:20.871 [TestNG-tests-1] INFO tron.common.TronscanApiList - total:1
12:57:20.871 [TestNG-tests-1] INFO tron.common.TronscanApiList - data:[{"nrOfTrx":4,"txTrieRoot":"ogt5daZobChoPsU1GXt5d6StqFo4kHpkSXeKHBdpyC2Abm5hd","netUsage":0,"revert":false,"blockReward":32,"witnessId":0,"confirmations":17881961,"confirmed":true,"number":458888,"witnessAddress":"TCvwc3FV3ssq2rD82rMmjhT4PVXYTsFcKV","size":1006,"energyUsage":0,"witnessName":"http://TronGr10.com","parentHash":"0000000000070087d73a09fa5ba054414dcb60fe1a6392eefa347531ffd71c87","hash":"00000000000700880c04fd4bccedbd548e2b3926a414d9fe6941496778122cd4","timestamp":1531268670000}]
12:57:20.871 [TestNG-tests-1] INFO tron.common.TronscanApiList - rangeTotal:458889
12:57:20.871 [TestNG-tests-1] INFO tron.common.TronscanApiList - JSON content size are: 3
12:57:20.871 [TestNG-tests-1] INFO tron.common.TronscanApiList - ----------------------------Print JSON End-----------------------------
12:57:20.872 [TestNG-tests-1] DEBUG org.apache.http.impl.conn.PoolingClientConnectionManager - Connection request: [route: {}->http://apilist.tronscan.org:80][total kept alive: 0; route allocated: 0 of 80; total allocated: 0 of 100]
12:57:20.872 [TestNG-tests-1] DEBUG org.apache.http.impl.conn.PoolingClientConnectionManager - Connection leased: [id: 4][route: {}->http://apilist.tronscan.org:80][total kept alive: 0; route allocated: 1 of 80; total allocated: 1 of 100]
12:57:20.872 [TestNG-tests-1] DEBUG org.apache.http.impl.conn.DefaultClientConnectionOperator - Connecting to apilist.tronscan.org:80
12:57:21.109 [TestNG-tests-1] DEBUG org.apache.http.client.protocol.RequestAddCookies - CookieSpec selected: default
12:57:21.110 [TestNG-tests-1] DEBUG org.apache.http.client.protocol.RequestAuthCache - Auth cache not set in the context
12:57:21.110 [TestNG-tests-1] DEBUG org.apache.http.client.protocol.RequestTargetAuthentication - Target auth state: UNCHALLENGED
12:57:21.110 [TestNG-tests-1] DEBUG org.apache.http.client.protocol.RequestProxyAuthentication - Proxy auth state: UNCHALLENGED
12:57:21.110 [TestNG-tests-1] DEBUG org.apache.http.impl.client.DefaultHttpClient - Attempt 1 to execute request
12:57:21.110 [TestNG-tests-1] DEBUG org.apache.http.impl.conn.DefaultClientConnection - Sending request: GET /api/block?end_timestamp=1551772172616&start_timestamp=1551715200000&limit=11&count=true&start=20&sort=-number HTTP/1.1
12:57:21.111 [TestNG-tests-1] DEBUG org.apache.http.wire -  >> "GET /api/block?end_timestamp=1551772172616&start_timestamp=1551715200000&limit=11&count=true&start=20&sort=-number HTTP/1.1[\r][\n]"
12:57:21.111 [TestNG-tests-1] DEBUG org.apache.http.wire -  >> "Content-type: application/json; charset=utf-8[\r][\n]"
12:57:21.111 [TestNG-tests-1] DEBUG org.apache.http.wire -  >> "Connection: Close[\r][\n]"
12:57:21.111 [TestNG-tests-1] DEBUG org.apache.http.wire -  >> "Host: apilist.tronscan.org[\r][\n]"
12:57:21.111 [TestNG-tests-1] DEBUG org.apache.http.wire -  >> "User-Agent: Apache-HttpClient/4.5.3 (Java/1.8.0_211)[\r][\n]"
12:57:21.111 [TestNG-tests-1] DEBUG org.apache.http.wire -  >> "[\r][\n]"
12:57:21.111 [TestNG-tests-1] DEBUG org.apache.http.headers - >> GET /api/block?end_timestamp=1551772172616&start_timestamp=1551715200000&limit=11&count=true&start=20&sort=-number HTTP/1.1
12:57:21.111 [TestNG-tests-1] DEBUG org.apache.http.headers - >> Content-type: application/json; charset=utf-8
12:57:21.111 [TestNG-tests-1] DEBUG org.apache.http.headers - >> Connection: Close
12:57:21.111 [TestNG-tests-1] DEBUG org.apache.http.headers - >> Host: apilist.tronscan.org
12:57:21.111 [TestNG-tests-1] DEBUG org.apache.http.headers - >> User-Agent: Apache-HttpClient/4.5.3 (Java/1.8.0_211)
12:57:21.484 [TestNG-tests-1] DEBUG org.apache.http.wire -  << "HTTP/1.1 200 OK[\r][\n]"
12:57:21.484 [TestNG-tests-1] DEBUG org.apache.http.wire -  << "Server: nginx[\r][\n]"
12:57:21.484 [TestNG-tests-1] DEBUG org.apache.http.wire -  << "Date: Fri, 27 Mar 2020 04:57:22 GMT[\r][\n]"
12:57:21.484 [TestNG-tests-1] DEBUG org.apache.http.wire -  << "Content-Type: application/json;charset=utf-8[\r][\n]"
12:57:21.484 [TestNG-tests-1] DEBUG org.apache.http.wire -  << "Content-Length: 5436[\r][\n]"
12:57:21.484 [TestNG-tests-1] DEBUG org.apache.http.wire -  << "Connection: close[\r][\n]"
12:57:21.485 [TestNG-tests-1] DEBUG org.apache.http.wire -  << "Vary: Accept-Encoding[\r][\n]"
12:57:21.485 [TestNG-tests-1] DEBUG org.apache.http.wire -  << "Access-Control-Allow-Origin: *[\r][\n]"
12:57:21.485 [TestNG-tests-1] DEBUG org.apache.http.wire -  << "Access-Control-Allow-Headers: DNT,X-Mx-ReqToken,Keep-Alive,User-Agent,X-Requested-With,If-Modified-Since,Cache-Control,Content-Type,Authorization[\r][\n]"
12:57:21.485 [TestNG-tests-1] DEBUG org.apache.http.wire -  << "Access-Control-Allow-Methods: GET,POST,PUT,DELETE,OPTIONS[\r][\n]"
12:57:21.485 [TestNG-tests-1] DEBUG org.apache.http.wire -  << "X-Proxy-Cache: MISS[\r][\n]"
12:57:21.485 [TestNG-tests-1] DEBUG org.apache.http.wire -  << "[\r][\n]"
12:57:21.485 [TestNG-tests-1] DEBUG org.apache.http.impl.conn.DefaultClientConnection - Receiving response: HTTP/1.1 200 OK
12:57:21.485 [TestNG-tests-1] DEBUG org.apache.http.headers - << HTTP/1.1 200 OK
12:57:21.485 [TestNG-tests-1] DEBUG org.apache.http.headers - << Server: nginx
12:57:21.485 [TestNG-tests-1] DEBUG org.apache.http.headers - << Date: Fri, 27 Mar 2020 04:57:22 GMT
12:57:21.485 [TestNG-tests-1] DEBUG org.apache.http.headers - << Content-Type: application/json;charset=utf-8
12:57:21.485 [TestNG-tests-1] DEBUG org.apache.http.headers - << Content-Length: 5436
12:57:21.485 [TestNG-tests-1] DEBUG org.apache.http.headers - << Connection: close
12:57:21.485 [TestNG-tests-1] DEBUG org.apache.http.headers - << Vary: Accept-Encoding
12:57:21.485 [TestNG-tests-1] DEBUG org.apache.http.headers - << Access-Control-Allow-Origin: *
12:57:21.485 [TestNG-tests-1] DEBUG org.apache.http.headers - << Access-Control-Allow-Headers: DNT,X-Mx-ReqToken,Keep-Alive,User-Agent,X-Requested-With,If-Modified-Since,Cache-Control,Content-Type,Authorization
12:57:21.485 [TestNG-tests-1] DEBUG org.apache.http.headers - << Access-Control-Allow-Methods: GET,POST,PUT,DELETE,OPTIONS
12:57:21.485 [TestNG-tests-1] DEBUG org.apache.http.headers - << X-Proxy-Cache: MISS
http://apilist.tronscan.org/api/block?end_timestamp=1551772172616&start_timestamp=1551715200000&limit=11&count=true&start=20&sort=-number 请求总耗时：614 毫秒
12:57:21.485 [TestNG-tests-1] INFO tron.tronscan.api.BlockDetail - code is 200
12:57:21.486 [TestNG-tests-1] DEBUG org.apache.http.wire -  << "{"total":10000,"rangeTotal":18938,"data":[{"number":7222766,"hash":"00000000006e35eefa841acef8c137461cd09aeda3d1e8d45adb830a92ccdc16","size":24219,"timestamp":1551772110000,"txTrieRoot":"mxoJERVGrUGDHzUmtj2UDbeJm8xxBZahUMQERCSSm62b5d8aR","parentHash":"00000000006e35eda8908874b0350d2b359f7b59a3689c03b18f3c3e55d859d3","witnessId":0,"witnessAddress":"TSNbzxac4WhxN91XvaUfPTKP2jNT18mP6T","nrOfTrx":81,"witnessName":"BitTorrent","confirmed":true,"confirmations":11118084,"netUsage":0,"energyUsage":0,"blockReward":32,"revert":false},{"number":7222765,"hash":"00000000006e35eda8908874b0350d2b359f7b59a3689c03b18f3c3e55d859d3","size":29019,"timestamp":1551772107000,"txTrieRoot":"eNmCnFvUh3uHWUhbg8QbimaU7CqReov3QkcuVChPDw23bXZi3","parentHash":"00000000006e35ecd58d3cc4e497e5c4299ce10d61f3efdd53d0fed155b0958f","witnessId":0,"witnessAddress":"TGj1Ej1qRzL9feLTLhjwgxXF4Ct6GTWg2U","nrOfTrx":96,"witnessName":"Skypeople","confirmed":true,"confirmations":11118085,"netUsage":0,"energyUsage":0,"blockReward":32,"revert":false},{"number":7222764,"hash":"00000000006e35ecd58d3cc4e497e5c4299ce10d61f3efdd53d0fed155b0958f","size":29834,"timestamp":1551772104000,"txTrieRoot":"2pp794sGUoV4Sm8Rbv3HJDTG5w8TBQvFmREXbWpNuGacd2QR2u","parentHash":"00000000006e35ebe3c7c29d6cdb1bc1089e3787e34839b094f9c39ce96a4c75","witnessId":0,"witnessAddress":"TSbhZijH2t7Qn1UAHAu7PBHQdVAvRwSyYr","nrOfTrx":97,"witnessName":"Intergalactic-Gaming","confirmed":true,"confirmations":11118086,"netUsage":0,"energyUsage":0,"blockReward":32,"revert":false},{"number":7222763,"hash":"00000000006e35ebe3c7c29d6cdb1bc1089e3787e34839b094f9c39ce96a4c75","size":36085,"timestamp":1551772101000,"txTrieRoot":"2hEakmSgdQntXVPDaxKQSK1soEi9WtrqPCbmRrT2N867ad8yww","parentHash":"00000000006e35ea5ee0aa00ed2b85bf2c1163342cdc11781d253f996245be26","witnessId":0,"witnessAddress":"TKSXDA8HfE9E1y39RczVQ1ZascUEtaSToF","nrOfTrx":116,"witnessName":"CryptoChain","confirmed":true,"confirmations":11118087,"netUsage":0,"energyUsage":0,"blockReward":32,"revert":false},{"number":7222762,"hash":"00000000006e35ea5ee0aa00ed2b85bf2c1163342cdc11781d253f996245be26","size":26133,"timestamp":1551772098000,"txTrieRoot":"2dGpkk5b1XQtLW7Mfr9UurDtDto315XwC2kkqy9Ffi3y2dtxSd","parentHash":"00000000006e35e911c5a25239c29b024e551c73e3d00627678b2e2a224829a2","witnessId":0,"witnessAddress":"TQwqK8LhHGria5gkkfCVqQfE5mSwpvdp3B","nrOfTrx":89,"witnessName":"Tron-Society","confirmed":true,"confirmations":11118088,"netUsage":0,"energyUsage":0,"blockReward":32,"revert":false},{"number":7222761,"hash":"00000000006e35e911c5a25239c29b024e551c73e3d00627678b2e2a224829a2","size":26844,"timestamp":1551772095000,"txTrieRoot":"eX9NHKKQT6Ng74szg765dmWt9jKbfkjVmj1MiTfJm8VuDuZWn","parentHash":"00000000006e35e8a30718d84d1f9d0e442d083c170ff3ff701bb622d2fbc52e","witnessId":0,"witnessAddress":"TE7hnUtWRRBz3SkFrX8JESWUmEvxxAhoPt","nrOfTrx":92,"witnessName":"TronWalletMe","confirmed":true,"confirmations":11118089,"netUsage":0,"energyUsage":0,"blockReward":32,"revert":false},{"number":7222760,"hash":"00000000006e35e8a30718d84d1f9d0e442d083c170ff3ff701bb622d2fbc52e","size":32533,"timestamp":1551772092000,"txTrieRoot":"2gE8oXisacvWX8jEsuJKExcuomszs5BwFqoX6uHXofjPpEMvtS","parentHash":"00000000006e35e7e09586de74ad08b5da8ee1d55a5d8cf2ab7d35481e88c95f","witnessId":0,"witnessAddress":"TYVJ8JuQ6ctzCa2u79MFmvvNQ1U2tYQEUM","nrOfTrx":101,"witnessName":"TRON-ONE","confirmed":true,"confirmations":11118090,"netUsage":0,"energyUsage":0,"blockReward":32,"revert":false},{"number":7222759,"hash":"00000000006e35e7e09586de74ad08b5da8ee1d55a5d8cf2ab7d35481e88c95f","size":29037,"timestamp":1551772089000,"txTrieRoot":"RcJQULVRLcamwqJCMnL8hjdUGVCEzeS3BucG3cXSjAhSG4BGA","parentHash":"00000000006e35e66f951c5ed9d04e969958144805e6d5d07a74d9579a455c62","witnessId":0,"witnessAddress":"TTcYhypP8m4phDhN6oRexz2174zAerjEWP","nrOfTrx":97,"witnessName":"CryptoGuyInZA","confirmed":true,"confirmations":11118091,"netUsage":0,"energyUsage":0,"blockReward":32,"revert":false},{"number":7222758,"hash":"00000000006e35e66f951c5ed9d04e969958144805e6d5d07a74d9579a455c62","size":29535,"timestamp":1551772086000,"txTrieRoot":"ZVbNDmUdTRnRCkTiT7HC89c28G8WjjcDa5A45P5V1ahYupCD6","parentHash":"00000000006e35e5719a8b802165c5454c5782fb28a299fd0d647f15fee6b48b","witnessId":0,"witnessAddress":"TV9QitxEJ3pdiAUAfJ2QuPxLKp9qTTR3og","nrOfTrx":98,"witnessName":"BitGuild","confirmed":true,"confirmations":11118092,"netUsage":0,"energyUsage":0,"blockReward":32,"revert":false},{"number":7222757,"hash":"00000000006e35e5719a8b802165c5454c5782fb28a299fd0d647f15fee6b48b","size":28658,"timestamp":1551772083000,"txTrieRoot":"3SG5oTT5FBNHybwR62aMACY3BhkFoFo4k3JAW5jcMDhMNvJc9","parentHash":"00000000006e35e448eae863f1cf1ae0852454496eb8b808e6eed9d70cfa6ca5","witnessId":0,"witnessAddress":"TN2MEB71iox2mDwwngdTrUyUZXeENcb79F","nrOfTrx":93,"witnessName":"SR-TRON-Europe","confirmed":true,"confirmations":11118093,"netUsage":0,"energyUsage":0,"blockReward":32,"revert":false},{"number":7222756,"hash":"00000000006e35e448eae863f1cf1ae0852454496eb8b808e6eed9d70cfa6ca5","size":30434,"timestamp":1551772080000,"txTrieRoot":"MvsEvEqYmo4jgZusRb7KaFbZ1gkVKrT8kEdXq5SA7R8WZ9bdR","parentHash":"00000000006e35e322deeade13b16c4bc4aeeba0b7941cb5712647223ae946a6","witnessId":0,"witnessAddress":"TGzz8gjYiYRqpfmDwnLxfgPuLVNmpCswVp","nrOfTrx":102,"witnessName":"Sesameseed","confirmed":true,"confirmations":11118094,"netUsage":0,"energyUsage":0,"blockReward":32,"revert":false}]}[\n]"
12:57:21.486 [TestNG-tests-1] DEBUG org.apache.http.impl.conn.DefaultClientConnection - Connection 0.0.0.0:60918<->18.216.178.128:80 closed
12:57:21.486 [TestNG-tests-1] DEBUG org.apache.http.impl.conn.PoolingClientConnectionManager - Connection released: [id: 4][route: {}->http://apilist.tronscan.org:80][total kept alive: 0; route allocated: 0 of 80; total allocated: 0 of 100]
12:57:21.487 [TestNG-tests-1] INFO tron.common.TronscanApiList - ----------------------------Print JSON Start---------------------------
12:57:21.487 [TestNG-tests-1] INFO tron.common.TronscanApiList - total:10000
12:57:21.487 [TestNG-tests-1] INFO tron.common.TronscanApiList - data:[{"nrOfTrx":81,"txTrieRoot":"mxoJERVGrUGDHzUmtj2UDbeJm8xxBZahUMQERCSSm62b5d8aR","netUsage":0,"revert":false,"blockReward":32,"witnessId":0,"confirmations":11118084,"confirmed":true,"number":7222766,"witnessAddress":"TSNbzxac4WhxN91XvaUfPTKP2jNT18mP6T","size":24219,"energyUsage":0,"witnessName":"BitTorrent","parentHash":"00000000006e35eda8908874b0350d2b359f7b59a3689c03b18f3c3e55d859d3","hash":"00000000006e35eefa841acef8c137461cd09aeda3d1e8d45adb830a92ccdc16","timestamp":1551772110000},{"nrOfTrx":96,"txTrieRoot":"eNmCnFvUh3uHWUhbg8QbimaU7CqReov3QkcuVChPDw23bXZi3","netUsage":0,"revert":false,"blockReward":32,"witnessId":0,"confirmations":11118085,"confirmed":true,"number":7222765,"witnessAddress":"TGj1Ej1qRzL9feLTLhjwgxXF4Ct6GTWg2U","size":29019,"energyUsage":0,"witnessName":"Skypeople","parentHash":"00000000006e35ecd58d3cc4e497e5c4299ce10d61f3efdd53d0fed155b0958f","hash":"00000000006e35eda8908874b0350d2b359f7b59a3689c03b18f3c3e55d859d3","timestamp":1551772107000},{"nrOfTrx":97,"txTrieRoot":"2pp794sGUoV4Sm8Rbv3HJDTG5w8TBQvFmREXbWpNuGacd2QR2u","netUsage":0,"revert":false,"blockReward":32,"witnessId":0,"confirmations":11118086,"confirmed":true,"number":7222764,"witnessAddress":"TSbhZijH2t7Qn1UAHAu7PBHQdVAvRwSyYr","size":29834,"energyUsage":0,"witnessName":"Intergalactic-Gaming","parentHash":"00000000006e35ebe3c7c29d6cdb1bc1089e3787e34839b094f9c39ce96a4c75","hash":"00000000006e35ecd58d3cc4e497e5c4299ce10d61f3efdd53d0fed155b0958f","timestamp":1551772104000},{"nrOfTrx":116,"txTrieRoot":"2hEakmSgdQntXVPDaxKQSK1soEi9WtrqPCbmRrT2N867ad8yww","netUsage":0,"revert":false,"blockReward":32,"witnessId":0,"confirmations":11118087,"confirmed":true,"number":7222763,"witnessAddress":"TKSXDA8HfE9E1y39RczVQ1ZascUEtaSToF","size":36085,"energyUsage":0,"witnessName":"CryptoChain","parentHash":"00000000006e35ea5ee0aa00ed2b85bf2c1163342cdc11781d253f996245be26","hash":"00000000006e35ebe3c7c29d6cdb1bc1089e3787e34839b094f9c39ce96a4c75","timestamp":1551772101000},{"nrOfTrx":89,"txTrieRoot":"2dGpkk5b1XQtLW7Mfr9UurDtDto315XwC2kkqy9Ffi3y2dtxSd","netUsage":0,"revert":false,"blockReward":32,"witnessId":0,"confirmations":11118088,"confirmed":true,"number":7222762,"witnessAddress":"TQwqK8LhHGria5gkkfCVqQfE5mSwpvdp3B","size":26133,"energyUsage":0,"witnessName":"Tron-Society","parentHash":"00000000006e35e911c5a25239c29b024e551c73e3d00627678b2e2a224829a2","hash":"00000000006e35ea5ee0aa00ed2b85bf2c1163342cdc11781d253f996245be26","timestamp":1551772098000},{"nrOfTrx":92,"txTrieRoot":"eX9NHKKQT6Ng74szg765dmWt9jKbfkjVmj1MiTfJm8VuDuZWn","netUsage":0,"revert":false,"blockReward":32,"witnessId":0,"confirmations":11118089,"confirmed":true,"number":7222761,"witnessAddress":"TE7hnUtWRRBz3SkFrX8JESWUmEvxxAhoPt","size":26844,"energyUsage":0,"witnessName":"TronWalletMe","parentHash":"00000000006e35e8a30718d84d1f9d0e442d083c170ff3ff701bb622d2fbc52e","hash":"00000000006e35e911c5a25239c29b024e551c73e3d00627678b2e2a224829a2","timestamp":1551772095000},{"nrOfTrx":101,"txTrieRoot":"2gE8oXisacvWX8jEsuJKExcuomszs5BwFqoX6uHXofjPpEMvtS","netUsage":0,"revert":false,"blockReward":32,"witnessId":0,"confirmations":11118090,"confirmed":true,"number":7222760,"witnessAddress":"TYVJ8JuQ6ctzCa2u79MFmvvNQ1U2tYQEUM","size":32533,"energyUsage":0,"witnessName":"TRON-ONE","parentHash":"00000000006e35e7e09586de74ad08b5da8ee1d55a5d8cf2ab7d35481e88c95f","hash":"00000000006e35e8a30718d84d1f9d0e442d083c170ff3ff701bb622d2fbc52e","timestamp":1551772092000},{"nrOfTrx":97,"txTrieRoot":"RcJQULVRLcamwqJCMnL8hjdUGVCEzeS3BucG3cXSjAhSG4BGA","netUsage":0,"revert":false,"blockReward":32,"witnessId":0,"confirmations":11118091,"confirmed":true,"number":7222759,"witnessAddress":"TTcYhypP8m4phDhN6oRexz2174zAerjEWP","size":29037,"energyUsage":0,"witnessName":"CryptoGuyInZA","parentHash":"00000000006e35e66f951c5ed9d04e969958144805e6d5d07a74d9579a455c62","hash":"00000000006e35e7e09586de74ad08b5da8ee1d55a5d8cf2ab7d35481e88c95f","timestamp":1551772089000},{"nrOfTrx":98,"txTrieRoot":"ZVbNDmUdTRnRCkTiT7HC89c28G8WjjcDa5A45P5V1ahYupCD6","netUsage":0,"revert":false,"blockReward":32,"witnessId":0,"confirmations":11118092,"confirmed":true,"number":7222758,"witnessAddress":"TV9QitxEJ3pdiAUAfJ2QuPxLKp9qTTR3og","size":29535,"energyUsage":0,"witnessName":"BitGuild","parentHash":"00000000006e35e5719a8b802165c5454c5782fb28a299fd0d647f15fee6b48b","hash":"00000000006e35e66f951c5ed9d04e969958144805e6d5d07a74d9579a455c62","timestamp":1551772086000},{"nrOfTrx":93,"txTrieRoot":"3SG5oTT5FBNHybwR62aMACY3BhkFoFo4k3JAW5jcMDhMNvJc9","netUsage":0,"revert":false,"blockReward":32,"witnessId":0,"confirmations":11118093,"confirmed":true,"number":7222757,"witnessAddress":"TN2MEB71iox2mDwwngdTrUyUZXeENcb79F","size":28658,"energyUsage":0,"witnessName":"SR-TRON-Europe","parentHash":"00000000006e35e448eae863f1cf1ae0852454496eb8b808e6eed9d70cfa6ca5","hash":"00000000006e35e5719a8b802165c5454c5782fb28a299fd0d647f15fee6b48b","timestamp":1551772083000},{"nrOfTrx":102,"txTrieRoot":"MvsEvEqYmo4jgZusRb7KaFbZ1gkVKrT8kEdXq5SA7R8WZ9bdR","netUsage":0,"revert":false,"blockReward":32,"witnessId":0,"confirmations":11118094,"confirmed":true,"number":7222756,"witnessAddress":"TGzz8gjYiYRqpfmDwnLxfgPuLVNmpCswVp","size":30434,"energyUsage":0,"witnessName":"Sesameseed","parentHash":"00000000006e35e322deeade13b16c4bc4aeeba0b7941cb5712647223ae946a6","hash":"00000000006e35e448eae863f1cf1ae0852454496eb8b808e6eed9d70cfa6ca5","timestamp":1551772080000}]
12:57:21.487 [TestNG-tests-1] INFO tron.common.TronscanApiList - rangeTotal:18938
12:57:21.487 [TestNG-tests-1] INFO tron.common.TronscanApiList - JSON content size are: 3
12:57:21.487 [TestNG-tests-1] INFO tron.common.TronscanApiList - ----------------------------Print JSON End-----------------------------
12:57:21.488 [TestNG-tests-1] DEBUG org.apache.http.impl.conn.PoolingClientConnectionManager - Connection request: [route: {}->http://apilist.tronscan.org:80][total kept alive: 0; route allocated: 0 of 80; total allocated: 0 of 100]
12:57:21.488 [TestNG-tests-1] DEBUG org.apache.http.impl.conn.PoolingClientConnectionManager - Connection leased: [id: 5][route: {}->http://apilist.tronscan.org:80][total kept alive: 0; route allocated: 1 of 80; total allocated: 1 of 100]
12:57:21.488 [TestNG-tests-1] DEBUG org.apache.http.impl.conn.DefaultClientConnectionOperator - Connecting to apilist.tronscan.org:80
12:57:21.780 [TestNG-tests-1] DEBUG org.apache.http.client.protocol.RequestAddCookies - CookieSpec selected: default
12:57:21.780 [TestNG-tests-1] DEBUG org.apache.http.client.protocol.RequestAuthCache - Auth cache not set in the context
12:57:21.780 [TestNG-tests-1] DEBUG org.apache.http.client.protocol.RequestTargetAuthentication - Target auth state: UNCHALLENGED
12:57:21.780 [TestNG-tests-1] DEBUG org.apache.http.client.protocol.RequestProxyAuthentication - Proxy auth state: UNCHALLENGED
12:57:21.780 [TestNG-tests-1] DEBUG org.apache.http.impl.client.DefaultHttpClient - Attempt 1 to execute request
12:57:21.780 [TestNG-tests-1] DEBUG org.apache.http.impl.conn.DefaultClientConnection - Sending request: GET /api/block?end_timestamp=1551772172616&start_timestamp=1551715200000&limit=0&count=true&start=20&sort=-number HTTP/1.1
12:57:21.780 [TestNG-tests-1] DEBUG org.apache.http.wire -  >> "GET /api/block?end_timestamp=1551772172616&start_timestamp=1551715200000&limit=0&count=true&start=20&sort=-number HTTP/1.1[\r][\n]"
12:57:21.781 [TestNG-tests-1] DEBUG org.apache.http.wire -  >> "Content-type: application/json; charset=utf-8[\r][\n]"
12:57:21.781 [TestNG-tests-1] DEBUG org.apache.http.wire -  >> "Connection: Close[\r][\n]"
12:57:21.781 [TestNG-tests-1] DEBUG org.apache.http.wire -  >> "Host: apilist.tronscan.org[\r][\n]"
12:57:21.781 [TestNG-tests-1] DEBUG org.apache.http.wire -  >> "User-Agent: Apache-HttpClient/4.5.3 (Java/1.8.0_211)[\r][\n]"
12:57:21.781 [TestNG-tests-1] DEBUG org.apache.http.wire -  >> "[\r][\n]"
12:57:21.781 [TestNG-tests-1] DEBUG org.apache.http.headers - >> GET /api/block?end_timestamp=1551772172616&start_timestamp=1551715200000&limit=0&count=true&start=20&sort=-number HTTP/1.1
12:57:21.781 [TestNG-tests-1] DEBUG org.apache.http.headers - >> Content-type: application/json; charset=utf-8
12:57:21.781 [TestNG-tests-1] DEBUG org.apache.http.headers - >> Connection: Close
12:57:21.781 [TestNG-tests-1] DEBUG org.apache.http.headers - >> Host: apilist.tronscan.org
12:57:21.781 [TestNG-tests-1] DEBUG org.apache.http.headers - >> User-Agent: Apache-HttpClient/4.5.3 (Java/1.8.0_211)
12:57:22.144 [TestNG-tests-1] DEBUG org.apache.http.wire -  << "HTTP/1.1 200 OK[\r][\n]"
12:57:22.144 [TestNG-tests-1] DEBUG org.apache.http.wire -  << "Server: nginx[\r][\n]"
12:57:22.144 [TestNG-tests-1] DEBUG org.apache.http.wire -  << "Date: Fri, 27 Mar 2020 04:57:22 GMT[\r][\n]"
12:57:22.144 [TestNG-tests-1] DEBUG org.apache.http.wire -  << "Content-Type: application/json;charset=utf-8[\r][\n]"
12:57:22.144 [TestNG-tests-1] DEBUG org.apache.http.wire -  << "Content-Length: 45[\r][\n]"
12:57:22.144 [TestNG-tests-1] DEBUG org.apache.http.wire -  << "Connection: close[\r][\n]"
12:57:22.144 [TestNG-tests-1] DEBUG org.apache.http.wire -  << "Access-Control-Allow-Origin: *[\r][\n]"
12:57:22.144 [TestNG-tests-1] DEBUG org.apache.http.wire -  << "Access-Control-Allow-Headers: DNT,X-Mx-ReqToken,Keep-Alive,User-Agent,X-Requested-With,If-Modified-Since,Cache-Control,Content-Type,Authorization[\r][\n]"
12:57:22.144 [TestNG-tests-1] DEBUG org.apache.http.wire -  << "Access-Control-Allow-Methods: GET,POST,PUT,DELETE,OPTIONS[\r][\n]"
12:57:22.144 [TestNG-tests-1] DEBUG org.apache.http.wire -  << "X-Proxy-Cache: MISS[\r][\n]"
12:57:22.144 [TestNG-tests-1] DEBUG org.apache.http.wire -  << "[\r][\n]"
12:57:22.145 [TestNG-tests-1] DEBUG org.apache.http.impl.conn.DefaultClientConnection - Receiving response: HTTP/1.1 200 OK
12:57:22.145 [TestNG-tests-1] DEBUG org.apache.http.headers - << HTTP/1.1 200 OK
12:57:22.145 [TestNG-tests-1] DEBUG org.apache.http.headers - << Server: nginx
12:57:22.145 [TestNG-tests-1] DEBUG org.apache.http.headers - << Date: Fri, 27 Mar 2020 04:57:22 GMT
12:57:22.145 [TestNG-tests-1] DEBUG org.apache.http.headers - << Content-Type: application/json;charset=utf-8
12:57:22.145 [TestNG-tests-1] DEBUG org.apache.http.headers - << Content-Length: 45
12:57:22.145 [TestNG-tests-1] DEBUG org.apache.http.headers - << Connection: close
12:57:22.145 [TestNG-tests-1] DEBUG org.apache.http.headers - << Access-Control-Allow-Origin: *
12:57:22.145 [TestNG-tests-1] DEBUG org.apache.http.headers - << Access-Control-Allow-Headers: DNT,X-Mx-ReqToken,Keep-Alive,User-Agent,X-Requested-With,If-Modified-Since,Cache-Control,Content-Type,Authorization
12:57:22.145 [TestNG-tests-1] DEBUG org.apache.http.headers - << Access-Control-Allow-Methods: GET,POST,PUT,DELETE,OPTIONS
12:57:22.145 [TestNG-tests-1] DEBUG org.apache.http.headers - << X-Proxy-Cache: MISS
http://apilist.tronscan.org/api/block?end_timestamp=1551772172616&start_timestamp=1551715200000&limit=0&count=true&start=20&sort=-number 请求总耗时：657 毫秒
12:57:22.145 [TestNG-tests-1] INFO tron.tronscan.api.BlockDetail - code is 200
12:57:22.145 [TestNG-tests-1] DEBUG org.apache.http.wire -  << "{"total":10000,"rangeTotal":18938,"data":[]}[\n]"
12:57:22.146 [TestNG-tests-1] DEBUG org.apache.http.impl.conn.DefaultClientConnection - Connection 0.0.0.0:60919<->18.216.178.128:80 closed
12:57:22.146 [TestNG-tests-1] DEBUG org.apache.http.impl.conn.PoolingClientConnectionManager - Connection released: [id: 5][route: {}->http://apilist.tronscan.org:80][total kept alive: 0; route allocated: 0 of 80; total allocated: 0 of 100]
12:57:22.146 [TestNG-tests-1] INFO tron.common.TronscanApiList - ----------------------------Print JSON Start---------------------------
12:57:22.146 [TestNG-tests-1] INFO tron.common.TronscanApiList - total:10000
12:57:22.146 [TestNG-tests-1] INFO tron.common.TronscanApiList - data:[]
12:57:22.146 [TestNG-tests-1] INFO tron.common.TronscanApiList - rangeTotal:18938
12:57:22.146 [TestNG-tests-1] INFO tron.common.TronscanApiList - JSON content size are: 3
12:57:22.146 [TestNG-tests-1] INFO tron.common.TronscanApiList - ----------------------------Print JSON End-----------------------------
]]></system-out>
  <system-err><![CDATA[]]></system-err>
</testsuite>
