<?xml version="1.0" encoding="UTF-8"?>
<testsuite name="tron.tronscan.api.ExchangeAphList" tests="1" skipped="0" failures="0" errors="0" timestamp="2020-03-27T04:57:42" hostname="zhukaideiMac.local" time="0.902">
  <properties/>
  <testcase name="getExchangAphTest" classname="tron.tronscan.api.ExchangeAphList" time="0.902"/>
  <system-out><![CDATA[http://apilist.tronscan.org/api/exchange/kgraph
12:57:42.978 [TestNG-tests-1] DEBUG org.apache.http.impl.conn.PoolingClientConnectionManager - Connection request: [route: {}->http://apilist.tronscan.org:80][total kept alive: 0; route allocated: 0 of 80; total allocated: 0 of 100]
12:57:42.978 [TestNG-tests-1] DEBUG org.apache.http.impl.conn.PoolingClientConnectionManager - Connection leased: [id: 20][route: {}->http://apilist.tronscan.org:80][total kept alive: 0; route allocated: 1 of 80; total allocated: 1 of 100]
12:57:42.978 [TestNG-tests-1] DEBUG org.apache.http.impl.conn.DefaultClientConnectionOperator - Connecting to apilist.tronscan.org:80
12:57:43.284 [TestNG-tests-1] DEBUG org.apache.http.client.protocol.RequestAddCookies - CookieSpec selected: default
12:57:43.284 [TestNG-tests-1] DEBUG org.apache.http.client.protocol.RequestAuthCache - Auth cache not set in the context
12:57:43.284 [TestNG-tests-1] DEBUG org.apache.http.client.protocol.RequestTargetAuthentication - Target auth state: UNCHALLENGED
12:57:43.284 [TestNG-tests-1] DEBUG org.apache.http.client.protocol.RequestProxyAuthentication - Proxy auth state: UNCHALLENGED
12:57:43.284 [TestNG-tests-1] DEBUG org.apache.http.impl.client.DefaultHttpClient - Attempt 1 to execute request
12:57:43.284 [TestNG-tests-1] DEBUG org.apache.http.impl.conn.DefaultClientConnection - Sending request: GET /api/exchange/kgraph?exchange_id=9&time_start=1547510400&granularity=1h&time_end=1548062933 HTTP/1.1
12:57:43.284 [TestNG-tests-1] DEBUG org.apache.http.wire -  >> "GET /api/exchange/kgraph?exchange_id=9&time_start=1547510400&granularity=1h&time_end=1548062933 HTTP/1.1[\r][\n]"
12:57:43.284 [TestNG-tests-1] DEBUG org.apache.http.wire -  >> "Content-type: application/json; charset=utf-8[\r][\n]"
12:57:43.284 [TestNG-tests-1] DEBUG org.apache.http.wire -  >> "Connection: Close[\r][\n]"
12:57:43.284 [TestNG-tests-1] DEBUG org.apache.http.wire -  >> "Host: apilist.tronscan.org[\r][\n]"
12:57:43.284 [TestNG-tests-1] DEBUG org.apache.http.wire -  >> "User-Agent: Apache-HttpClient/4.5.3 (Java/1.8.0_211)[\r][\n]"
12:57:43.284 [TestNG-tests-1] DEBUG org.apache.http.wire -  >> "[\r][\n]"
12:57:43.284 [TestNG-tests-1] DEBUG org.apache.http.headers - >> GET /api/exchange/kgraph?exchange_id=9&time_start=1547510400&granularity=1h&time_end=1548062933 HTTP/1.1
12:57:43.284 [TestNG-tests-1] DEBUG org.apache.http.headers - >> Content-type: application/json; charset=utf-8
12:57:43.284 [TestNG-tests-1] DEBUG org.apache.http.headers - >> Connection: Close
12:57:43.284 [TestNG-tests-1] DEBUG org.apache.http.headers - >> Host: apilist.tronscan.org
12:57:43.284 [TestNG-tests-1] DEBUG org.apache.http.headers - >> User-Agent: Apache-HttpClient/4.5.3 (Java/1.8.0_211)
12:57:43.646 [TestNG-tests-1] DEBUG org.apache.http.wire -  << "HTTP/1.1 200 OK[\r][\n]"
12:57:43.646 [TestNG-tests-1] DEBUG org.apache.http.wire -  << "Server: nginx[\r][\n]"
12:57:43.646 [TestNG-tests-1] DEBUG org.apache.http.wire -  << "Date: Fri, 27 Mar 2020 04:57:44 GMT[\r][\n]"
12:57:43.646 [TestNG-tests-1] DEBUG org.apache.http.wire -  << "Content-Type: application/json;charset=utf-8[\r][\n]"
12:57:43.646 [TestNG-tests-1] DEBUG org.apache.http.wire -  << "Content-Length: 15303[\r][\n]"
12:57:43.646 [TestNG-tests-1] DEBUG org.apache.http.wire -  << "Connection: close[\r][\n]"
12:57:43.646 [TestNG-tests-1] DEBUG org.apache.http.wire -  << "Vary: Accept-Encoding[\r][\n]"
12:57:43.646 [TestNG-tests-1] DEBUG org.apache.http.wire -  << "Access-Control-Allow-Origin: *[\r][\n]"
12:57:43.646 [TestNG-tests-1] DEBUG org.apache.http.wire -  << "Access-Control-Allow-Headers: DNT,X-Mx-ReqToken,Keep-Alive,User-Agent,X-Requested-With,If-Modified-Since,Cache-Control,Content-Type,Authorization[\r][\n]"
12:57:43.646 [TestNG-tests-1] DEBUG org.apache.http.wire -  << "Access-Control-Allow-Methods: GET,POST,PUT,DELETE,OPTIONS[\r][\n]"
12:57:43.646 [TestNG-tests-1] DEBUG org.apache.http.wire -  << "X-Proxy-Cache: MISS[\r][\n]"
12:57:43.646 [TestNG-tests-1] DEBUG org.apache.http.wire -  << "[\r][\n]"
12:57:43.646 [TestNG-tests-1] DEBUG org.apache.http.impl.conn.DefaultClientConnection - Receiving response: HTTP/1.1 200 OK
12:57:43.646 [TestNG-tests-1] DEBUG org.apache.http.headers - << HTTP/1.1 200 OK
12:57:43.646 [TestNG-tests-1] DEBUG org.apache.http.headers - << Server: nginx
12:57:43.646 [TestNG-tests-1] DEBUG org.apache.http.headers - << Date: Fri, 27 Mar 2020 04:57:44 GMT
12:57:43.646 [TestNG-tests-1] DEBUG org.apache.http.headers - << Content-Type: application/json;charset=utf-8
12:57:43.646 [TestNG-tests-1] DEBUG org.apache.http.headers - << Content-Length: 15303
12:57:43.646 [TestNG-tests-1] DEBUG org.apache.http.headers - << Connection: close
12:57:43.646 [TestNG-tests-1] DEBUG org.apache.http.headers - << Vary: Accept-Encoding
12:57:43.646 [TestNG-tests-1] DEBUG org.apache.http.headers - << Access-Control-Allow-Origin: *
12:57:43.646 [TestNG-tests-1] DEBUG org.apache.http.headers - << Access-Control-Allow-Headers: DNT,X-Mx-ReqToken,Keep-Alive,User-Agent,X-Requested-With,If-Modified-Since,Cache-Control,Content-Type,Authorization
12:57:43.646 [TestNG-tests-1] DEBUG org.apache.http.headers - << Access-Control-Allow-Methods: GET,POST,PUT,DELETE,OPTIONS
12:57:43.646 [TestNG-tests-1] DEBUG org.apache.http.headers - << X-Proxy-Cache: MISS
http://apilist.tronscan.org/api/exchange/kgraph?exchange_id=9&time_start=1547510400&granularity=1h&time_end=1548062933 请求总耗时：668 毫秒
12:57:43.646 [TestNG-tests-1] DEBUG org.apache.http.wire -  << "{"exchange_id":"9","data":[{"c":"4.72286081","t":"1547510400","v":"367585","h":"6.3008275","l":"4.27447081","o":"4.6878047"},{"c":"4.69736195","t":"1547514000","v":"119540","h":"4.71927738","l":"4.51988316","o":"4.66921091"},{"c":"4.63989735","t":"1547517600","v":"160363","h":"4.73267269","l":"4.59817982","o":"4.71920204"},{"c":"4.7096653","t":"1547521200","v":"206673","h":"4.79176426","l":"4.59359264","o":"4.66152477"},{"c":"4.70047235","t":"1547524800","v":"106205","h":"4.75978088","l":"4.38850784","o":"4.70064449"},{"c":"4.6759305","t":"1547528400","v":"32286","h":"4.70622063","l":"4.53788376","o":"4.70622063"},{"c":"4.64005756","t":"1547532000","v":"112399","h":"4.85772324","l":"4.53080988","o":"4.68560505"},{"c":"4.64115524","t":"1547535600","v":"49153","h":"4.70701265","l":"4.55215168","o":"4.64647675"},{"c":"4.62173605","t":"1547539200","v":"160871","h":"4.71461344","l":"4.54095554","o":"4.65410948"},{"c":"4.63764524","t":"1547542800","v":"323728","h":"4.94507551","l":"4.41300726","o":"4.6967454"},{"c":"4.60195398","t":"1547546400","v":"73376","h":"4.71624565","l":"4.57941628","o":"4.66301918"},{"c":"4.6842804","t":"1547550000","v":"48660","h":"4.73461533","l":"4.64223051","o":"4.72008085"},{"c":"4.73698997","t":"1547553600","v":"32261","h":"4.77243376","l":"4.61809587","o":"4.72409439"},{"c":"4.66273165","t":"1547557200","v":"22649","h":"4.69596148","l":"4.57060623","o":"4.64506197"},{"c":"4.68857193","t":"1547560800","v":"18647","h":"4.69426632","l":"4.64620495","o":"4.65362358"},{"c":"4.69056845","t":"1547564400","v":"34848","h":"4.69084072","l":"4.58137369","o":"4.68931913"},{"c":"4.65227556","t":"1547568000","v":"14912","h":"4.67774057","l":"4.61567116","o":"4.67774057"},{"c":"4.6405406","t":"1547571600","v":"82080","h":"4.68700695","l":"4.51553774","o":"4.67051458"},{"c":"4.62759542","t":"1547575200","v":"108141","h":"4.68729162","l":"4.61352873","o":"4.64707327"},{"c":"4.63160181","t":"1547578800","v":"28083","h":"4.68606853","l":"4.60728407","o":"4.6561594"},{"c":"4.51545334","t":"1547582400","v":"142729","h":"4.70290184","l":"4.51545334","o":"4.65066195"},{"c":"4.63631153","t":"1547586000","v":"26595","h":"4.6934967","l":"4.59583139","o":"4.6726079"},{"c":"4.65024376","t":"1547589600","v":"74419","h":"4.68874741","l":"4.55261278","o":"4.61387396"},{"c":"4.61074591","t":"1547593200","v":"69756","h":"4.76635027","l":"4.57239056","o":"4.62402487"},{"c":"4.67100334","t":"1547596800","v":"554966","h":"4.8951478","l":"4.53689957","o":"4.58555079"},{"c":"4.68178177","t":"1547600400","v":"218666","h":"4.692554","l":"4.28859138","o":"4.66725445"},{"c":"4.52464581","t":"1547604000","v":"81825","h":"4.72151089","l":"4.52464581","o":"4.68466568"},{"c":"4.60730124","t":"1547607600","v":"20397","h":"4.63170576","l":"4.55632305","o":"4.63170576"},{"c":"4.66968155","t":"1547611200","v":"307447","h":"5.243258","l":"4.57029343","o":"4.58608723"},{"c":"4.49473333","t":"1547614800","v":"531638","h":"6.25580502","l":"4.49473333","o":"4.67712498"},{"c":"4.67974138","t":"1547618400","v":"89465","h":"4.77728224","l":"4.56017113","o":"4.68776512"},{"c":"4.65316486","t":"1547622000","v":"90045","h":"5.54858971","l":"4.62085533","o":"4.66457748"},{"c":"4.67527723","t":"1547625600","v":"328337","h":"5.39500904","l":"4.66402483","o":"4.67768812"},{"c":"4.71949959","t":"1547629200","v":"21057","h":"4.7352767","l":"4.62027693","o":"4.72381067"},{"c":"4.68148994","t":"1547632800","v":"67477","h":"4.73010254","l":"4.61817265","o":"4.67363262"},{"c":"4.67580748","t":"1547636400","v":"19995","h":"4.72583199","l":"4.60580111","o":"4.66837025"},{"c":"4.64474869","t":"1547640000","v":"11328","h":"4.7978344","l":"4.64234495","o":"4.67186069"},{"c":"4.66031218","t":"1547643600","v":"50598","h":"4.7814064","l":"4.6156106","o":"4.6841588"},{"c":"4.67930603","t":"1547647200","v":"26274","h":"4.75239658","l":"4.6224966","o":"4.68223763"},{"c":"4.66991043","t":"1547650800","v":"34670","h":"4.7693882","l":"4.6443944","o":"4.68780899"},{"c":"4.67929649","t":"1547654400","v":"13830","h":"4.75285387","l":"4.65669775","o":"4.68202591"},{"c":"4.66172409","t":"1547658000","v":"27969","h":"4.72410107","l":"4.55865717","o":"4.67558336"},{"c":"4.64963007","t":"1547661600","v":"32543","h":"4.69308281","l":"4.2948842","o":"4.6563735"},{"c":"4.66157007","t":"1547665200","v":"10146","h":"4.72076511","l":"4.59107924","o":"4.63670111"},{"c":"4.6467309","t":"1547668800","v":"74526","h":"4.71908569","l":"4.26216984","o":"4.67892694"},{"c":"4.67118359","t":"1547672400","v":"64032","h":"4.68038464","l":"4.44884682","o":"4.63683796"},{"c":"4.58085775","t":"1547676000","v":"164497","h":"4.79676056","l":"4.37142134","o":"4.60451078"},{"c":"4.65217161","t":"1547679600","v":"70306","h":"4.8053236","l":"4.32698727","o":"4.63241816"},{"c":"4.60629368","t":"1547683200","v":"75258","h":"4.68348455","l":"4.43218422","o":"4.61498451"},{"c":"4.62320566","t":"1547686800","v":"21609","h":"4.63615322","l":"4.55305529","o":"4.60232449"},{"c":"4.59594393","t":"1547690400","v":"19821","h":"4.60664225","l":"4.55069256","o":"4.59829092"},{"c":"4.56561756","t":"1547694000","v":"11977","h":"4.63222742","l":"4.52913618","o":"4.59759283"},{"c":"4.60645294","t":"1547697600","v":"50842","h":"4.65842438","l":"4.55381203","o":"4.60402393"},{"c":"4.59013796","t":"1547701200","v":"14444","h":"4.64522076","l":"4.57593775","o":"4.64522076"},{"c":"4.55226469","t":"1547704800","v":"29207","h":"4.64522076","l":"4.49724197","o":"4.61886168"},{"c":"4.59139156","t":"1547708400","v":"15917","h":"4.62283707","l":"4.53773212","o":"4.60101604"},{"c":"4.52186966","t":"1547712000","v":"56495","h":"4.61690521","l":"4.42018938","o":"4.61313915"},{"c":"4.5628624","t":"1547715600","v":"63344","h":"4.59002686","l":"4.49258709","o":"4.54836607"},{"c":"4.50211477","t":"1547719200","v":"133076","h":"4.59572172","l":"4.28861141","o":"4.52954006"},{"c":"4.48151302","t":"1547722800","v":"122010","h":"4.6560173","l":"4.37213802","o":"4.52084398"},{"c":"4.54235554","t":"1547726400","v":"17854","h":"4.57405758","l":"4.46472597","o":"4.49448872"},{"c":"4.60373592","t":"1547730000","v":"140293","h":"4.7314024","l":"4.48006821","o":"4.57743406"},{"c":"4.52996349","t":"1547733600","v":"90266","h":"4.85490513","l":"4.42738295","o":"4.5945406"},{"c":"4.60296965","t":"1547737200","v":"35029","h":"4.60296965","l":"4.504457","o":"4.56867266"},{"c":"4.56820679","t":"1547740800","v":"18147","h":"4.61135054","l":"4.50412941","o":"4.5386095"},{"c":"4.51173925","t":"1547744400","v":"58525","h":"4.57554483","l":"4.47109175","o":"4.52877188"},{"c":"4.55621576","t":"1547748000","v":"70269","h":"4.59218502","l":"4.44545937","o":"4.50364351"},{"c":"4.51381731","t":"1547751600","v":"65993","h":"4.55446386","l":"4.39378023","o":"4.52639103"},{"c":"4.53758383","t":"1547755200","v":"1"
12:57:43.647 [TestNG-tests-1] DEBUG org.apache.http.wire -  << "66240","h":"4.61739492","l":"4.351511","o":"4.49476624"},{"c":"4.5355711","t":"1547758800","v":"24945","h":"4.63896036","l":"4.47019672","o":"4.57184601"},{"c":"4.51526165","t":"1547762400","v":"17827","h":"4.56944084","l":"4.47102213","o":"4.5655508"},{"c":"4.51085186","t":"1547766000","v":"9314","h":"4.54154921","l":"4.47764874","o":"4.51530886"},{"c":"4.45071745","t":"1547769600","v":"98119","h":"4.65518808","l":"4.20816565","o":"4.49448776"},{"c":"4.49128008","t":"1547773200","v":"64365","h":"4.57999277","l":"4.06449127","o":"4.49115372"},{"c":"4.53041935","t":"1547776800","v":"3810","h":"4.54576635","l":"4.46781826","o":"4.49338484"},{"c":"4.44996738","t":"1547780400","v":"23852","h":"4.56485701","l":"4.43601036","o":"4.48309231"},{"c":"4.49547005","t":"1547784000","v":"54016","h":"4.55814981","l":"4.34626579","o":"4.43310404"},{"c":"4.49485922","t":"1547787600","v":"211007","h":"4.55177879","l":"4.36364746","o":"4.49736166"},{"c":"4.5082674","t":"1547791200","v":"89233","h":"4.59496403","l":"4.38035297","o":"4.52099514"},{"c":"4.50187302","t":"1547794800","v":"64736","h":"4.51632214","l":"4.42056894","o":"4.49218655"},{"c":"4.49268055","t":"1547798400","v":"32678","h":"4.50495529","l":"4.406919","o":"4.47668791"},{"c":"4.50452709","t":"1547802000","v":"47229","h":"4.53207874","l":"4.42303324","o":"4.49852848"},{"c":"4.45625782",""
12:57:43.647 [TestNG-tests-1] DEBUG org.apache.http.wire -  << "t":"1547805600","v":"246726","h":"5.16122484","l":"4.02945852","o":"4.47290182"},{"c":"4.48084497","t":"1547809200","v":"89348","h":"4.51128769","l":"4.36898136","o":"4.48597193"},{"c":"4.47106218","t":"1547812800","v":"31537","h":"4.50823689","l":"4.42837667","o":"4.44648647"},{"c":"4.45543051","t":"1547816400","v":"6516","h":"4.49341917","l":"4.44613647","o":"4.46054363"},{"c":"4.4320755","t":"1547820000","v":"40106","h":"4.49609613","l":"4.4046855","o":"4.45047903"},{"c":"4.41342497","t":"1547823600","v":"16839","h":"4.45448923","l":"4.36716223","o":"4.43290949"},{"c":"4.38453865","t":"1547827200","v":"80210","h":"4.54191685","l":"4.32576132","o":"4.39830637"},{"c":"4.30153084","t":"1547830800","v":"185835","h":"4.47182941","l":"4.07268095","o":"4.41599894"},{"c":"4.25457239","t":"1547834400","v":"136624","h":"4.38015223","l":"4.12391949","o":"4.28639317"},{"c":"4.31316996","t":"1547838000","v":"100825","h":"4.91384745","l":"4.24234772","o":"4.29011726"},{"c":"4.33153296","t":"1547841600","v":"16941","h":"4.389678","l":"4.28864717","o":"4.30364275"},{"c":"4.35991287","t":"1547845200","v":"22512","h":"4.40626287","l":"4.3052187","o":"4.35319185"},{"c":"4.44430923","t":"1547848800","v":"15821","h":"4.49848509","l":"4.36953068","o":"4.40362024"},{"c":"4.36238384","t":"1547852400","v":"48752","h":"4.44847822","l":"4.34503317","o":"4.42184162"},{"c":"4.26868486","t":"1547856000","v":"53364","h":"4.40094566","l":"4.24480629","o":"4.36758327"},{"c":"4.34893513","t":"1547859600","v":"77478","h":"4.39812422","l":"4.28805685","o":"4.3000617"},{"c":"4.38240623","t":"1547863200","v":"37984","h":"4.4229908","l":"4.27464771","o":"4.34723234"},{"c":"4.14926338","t":"1547866800","v":"63653","h":"4.31304312","l":"4.11778498","o":"4.24940491"},{"c":"4.16931581","t":"1547870400","v":"59266","h":"4.26212692","l":"4.0705862","o":"4.22213316"},{"c":"4.27290249","t":"1547874000","v":"44891","h":"4.42608547","l":"4.18204451","o":"4.25949574"},{"c":"4.26195717","t":"1547877600","v":"39665","h":"4.30447483","l":"4.15828371","o":"4.2026124"},{"c":"4.18178654","t":"1547881200","v":"31070","h":"4.24329567","l":"4.16237545","o":"4.22144365"},{"c":"4.18408823","t":"1547884800","v":"23658","h":"4.23897552","l":"4.1291976","o":"4.21003723"},{"c":"4.16605997","t":"1547888400","v":"71726","h":"4.40840292","l":"4.12514925","o":"4.22322512"},{"c":"4.19732857","t":"1547892000","v":"22612","h":"4.25137854","l":"4.11381483","o":"4.20932198"},{"c":"4.13922882","t":"1547895600","v":"143479","h":"4.20121956","l":"4.0631609","o":"4.08986425"},{"c":"4.09122705","t":"1547899200","v":"121711","h":"4.27234268","l":"4.00368166","o":"4.12709188"},{"c":"4.0909977","t":"1547902800","v":"68850","h":"4.12895012","l""
12:57:43.647 [TestNG-tests-1] DEBUG org.apache.http.wire -  << ":"4.00881386","o":"4.0832262"},{"c":"4.10893154","t":"1547906400","v":"196410","h":"4.1472578","l":"3.95449185","o":"4.06569529"},{"c":"4.06778193","t":"1547910000","v":"40386","h":"4.10223627","l":"4.04115009","o":"4.06497335"},{"c":"4.1283021","t":"1547913600","v":"44264","h":"4.15518475","l":"4.03664684","o":"4.09337568"},{"c":"4.10726547","t":"1547917200","v":"44801","h":"4.2153964","l":"4.02833652","o":"4.09207678"},{"c":"4.35365677","t":"1547920800","v":"272926","h":"4.79283333","l":"4.12529421","o":"4.2491765"},{"c":"4.20386362","t":"1547924400","v":"101551","h":"4.27752161","l":"4.12895203","o":"4.24046135"},{"c":"4.21796751","t":"1547928000","v":"39976","h":"4.29285765","l":"4.16196489","o":"4.21716833"},{"c":"4.27140379","t":"1547931600","v":"0","h":"4.27140379","l":"4.27140379","o":"4.27140379"},{"c":"4.1275177","t":"1547935200","v":"23953","h":"4.38825941","l":"4.10226345","o":"4.17706871"},{"c":"4.18961763","t":"1547938800","v":"809","h":"4.26952028","l":"4.18451691","o":"4.21791553"},{"c":"4.1983304","t":"1547942400","v":"4166","h":"4.22591639","l":"4.18413401","o":"4.1985569"},{"c":"4.28285885","t":"1547946000","v":"538856","h":"5.24493313","l":"3.03194594","o":"4.36094141"},{"c":"4.3268857","t":"1547949600","v":"162347","h":"4.51551056","l":"4.25893545","o":"4.34229183"},{"c":"4.20161581","t":"1547953200","v":"140974",""
12:57:43.878 [TestNG-tests-1] DEBUG org.apache.http.wire -  << "h":"4.32316685","l":"3.73455572","o":"4.27796078"},{"c":"4.10265446","t":"1547956800","v":"40519","h":"4.17734671","l":"4.04523373","o":"4.13983011"},{"c":"4.16193199","t":"1547960400","v":"90244","h":"4.57053518","l":"3.96031046","o":"4.15885401"},{"c":"4.16225004","t":"1547964000","v":"11976","h":"4.21267986","l":"4.14900541","o":"4.17838812"},{"c":"4.10199833","t":"1547967600","v":"219530","h":"4.22998762","l":"2.62524319","o":"4.18437147"},{"c":"4.10857725","t":"1547971200","v":"200478","h":"4.34076977","l":"4.08487463","o":"4.17997313"},{"c":"4.08898783","t":"1547974800","v":"63994","h":"4.18216801","l":"4.07884073","o":"4.123209"},{"c":"4.09392309","t":"1547978400","v":"65861","h":"4.25021172","l":"4.0763998","o":"4.13406706"},{"c":"4.26262569","t":"1547982000","v":"23133","h":"4.29852438","l":"4.17723846","o":"4.18420982"},{"c":"4.2007761","t":"1547985600","v":"11506","h":"4.2349577","l":"4.12938833","o":"4.22556973"},{"c":"4.17645597","t":"1547989200","v":"41991","h":"4.21895361","l":"4.06664228","o":"4.19266558"},{"c":"4.13730526","t":"1547992800","v":"39526","h":"4.20164585","l":"4.04042912","o":"4.18391085"},{"c":"4.20046902","t":"1547996400","v":"62306","h":"4.27456713","l":"4.13947678","o":"4.19852495"},{"c":"4.20094967","t":"1548000000","v":"86834","h":"4.30350828","l":"3.84084654","o":"4.24097347"},{"c":"4.22137403","t":"
12:57:43.879 [TestNG-tests-1] DEBUG org.apache.http.wire -  << ""1548003600","v":"93545","h":"4.27614403","l":"3.84084654","o":"4.21041059"},{"c":"4.26200628","t":"1548007200","v":"137766","h":"4.61801529","l":"4.13355589","o":"4.21016598"},{"c":"4.21297264","t":"1548010800","v":"20090","h":"4.22699785","l":"4.11745882","o":"4.22699785"},{"c":"4.13871241","t":"1548014400","v":"7244","h":"4.2008853","l":"4.13871241","o":"4.15308666"},{"c":"4.20366335","t":"1548018000","v":"48193","h":"4.31784773","l":"4.13265085","o":"4.16760302"},{"c":"4.19300508","t":"1548021600","v":"8611","h":"4.26006651","l":"4.1663785","o":"4.24290419"},{"c":"4.18605804","t":"1548025200","v":"65527","h":"4.3150177","l":"4.14368868","o":"4.17568588"},{"c":"4.23920345","t":"1548028800","v":"47356","h":"4.49188566","l":"4.17185354","o":"4.20670748"},{"c":"4.20876646","t":"1548032400","v":"14166","h":"4.24520397","l":"4.19753408","o":"4.2395792"},{"c":"4.2247777","t":"1548036000","v":"76781","h":"4.57548094","l":"4.19280148","o":"4.21953297"},{"c":"4.11800957","t":"1548039600","v":"66928","h":"4.19581032","l":"4.0913825","o":"4.16078377"},{"c":"4.17676878","t":"1548043200","v":"119002","h":"4.23042631","l":"4.03314781","o":"4.12983799"},{"c":"4.15367985","t":"1548046800","v":"127656","h":"4.20503759","l":"3.99864006","o":"4.18252516"},{"c":"4.1227107","t":"1548050400","v":"25281","h":"4.16444731","l":"4.05699968","o":"4.07184744"}"
12:57:43.879 [TestNG-tests-1] DEBUG org.apache.http.wire -  << ",{"c":"4.14335155","t":"1548054000","v":"15603","h":"4.17302942","l":"4.08531189","o":"4.12060976"},{"c":"4.04097319","t":"1548057600","v":"100941","h":"4.12426472","l":"3.95600176","o":"4.11300945"},{"c":"4.07192183","t":"1548061200","v":"18393","h":"4.11058474","l":"4.05411339","o":"4.11058474"}],"time_start":"1547510400000","granularity":"1h","time_end":"1548062933000"}[\n]"
12:57:43.879 [TestNG-tests-1] DEBUG org.apache.http.impl.conn.DefaultClientConnection - Connection 0.0.0.0:61022<->18.216.178.128:80 closed
12:57:43.879 [TestNG-tests-1] DEBUG org.apache.http.impl.conn.PoolingClientConnectionManager - Connection released: [id: 20][route: {}->http://apilist.tronscan.org:80][total kept alive: 0; route allocated: 0 of 80; total allocated: 0 of 100]
12:57:43.879 [TestNG-tests-1] INFO tron.common.TronscanApiList - ----------------------------Print JSON Start---------------------------
12:57:43.879 [TestNG-tests-1] INFO tron.common.TronscanApiList - exchange_id:9
12:57:43.879 [TestNG-tests-1] INFO tron.common.TronscanApiList - data:[{"c":"4.72286081","t":"1547510400","v":"367585","h":"6.3008275","l":"4.27447081","o":"4.6878047"},{"c":"4.69736195","t":"1547514000","v":"119540","h":"4.71927738","l":"4.51988316","o":"4.66921091"},{"c":"4.63989735","t":"1547517600","v":"160363","h":"4.73267269","l":"4.59817982","o":"4.71920204"},{"c":"4.7096653","t":"1547521200","v":"206673","h":"4.79176426","l":"4.59359264","o":"4.66152477"},{"c":"4.70047235","t":"1547524800","v":"106205","h":"4.75978088","l":"4.38850784","o":"4.70064449"},{"c":"4.6759305","t":"1547528400","v":"32286","h":"4.70622063","l":"4.53788376","o":"4.70622063"},{"c":"4.64005756","t":"1547532000","v":"112399","h":"4.85772324","l":"4.53080988","o":"4.68560505"},{"c":"4.64115524","t":"1547535600","v":"49153","h":"4.70701265","l":"4.55215168","o":"4.64647675"},{"c":"4.62173605","t":"1547539200","v":"160871","h":"4.71461344","l":"4.54095554","o":"4.65410948"},{"c":"4.63764524","t":"1547542800","v":"323728","h":"4.94507551","l":"4.41300726","o":"4.6967454"},{"c":"4.60195398","t":"1547546400","v":"73376","h":"4.71624565","l":"4.57941628","o":"4.66301918"},{"c":"4.6842804","t":"1547550000","v":"48660","h":"4.73461533","l":"4.64223051","o":"4.72008085"},{"c":"4.73698997","t":"1547553600","v":"32261","h":"4.77243376","l":"4.61809587","o":"4.72409439"},{"c":"4.66273165","t":"1547557200","v":"22649","h":"4.69596148","l":"4.57060623","o":"4.64506197"},{"c":"4.68857193","t":"1547560800","v":"18647","h":"4.69426632","l":"4.64620495","o":"4.65362358"},{"c":"4.69056845","t":"1547564400","v":"34848","h":"4.69084072","l":"4.58137369","o":"4.68931913"},{"c":"4.65227556","t":"1547568000","v":"14912","h":"4.67774057","l":"4.61567116","o":"4.67774057"},{"c":"4.6405406","t":"1547571600","v":"82080","h":"4.68700695","l":"4.51553774","o":"4.67051458"},{"c":"4.62759542","t":"1547575200","v":"108141","h":"4.68729162","l":"4.61352873","o":"4.64707327"},{"c":"4.63160181","t":"1547578800","v":"28083","h":"4.68606853","l":"4.60728407","o":"4.6561594"},{"c":"4.51545334","t":"1547582400","v":"142729","h":"4.70290184","l":"4.51545334","o":"4.65066195"},{"c":"4.63631153","t":"1547586000","v":"26595","h":"4.6934967","l":"4.59583139","o":"4.6726079"},{"c":"4.65024376","t":"1547589600","v":"74419","h":"4.68874741","l":"4.55261278","o":"4.61387396"},{"c":"4.61074591","t":"1547593200","v":"69756","h":"4.76635027","l":"4.57239056","o":"4.62402487"},{"c":"4.67100334","t":"1547596800","v":"554966","h":"4.8951478","l":"4.53689957","o":"4.58555079"},{"c":"4.68178177","t":"1547600400","v":"218666","h":"4.692554","l":"4.28859138","o":"4.66725445"},{"c":"4.52464581","t":"1547604000","v":"81825","h":"4.72151089","l":"4.52464581","o":"4.68466568"},{"c":"4.60730124","t":"1547607600","v":"20397","h":"4.63170576","l":"4.55632305","o":"4.63170576"},{"c":"4.66968155","t":"1547611200","v":"307447","h":"5.243258","l":"4.57029343","o":"4.58608723"},{"c":"4.49473333","t":"1547614800","v":"531638","h":"6.25580502","l":"4.49473333","o":"4.67712498"},{"c":"4.67974138","t":"1547618400","v":"89465","h":"4.77728224","l":"4.56017113","o":"4.68776512"},{"c":"4.65316486","t":"1547622000","v":"90045","h":"5.54858971","l":"4.62085533","o":"4.66457748"},{"c":"4.67527723","t":"1547625600","v":"328337","h":"5.39500904","l":"4.66402483","o":"4.67768812"},{"c":"4.71949959","t":"1547629200","v":"21057","h":"4.7352767","l":"4.62027693","o":"4.72381067"},{"c":"4.68148994","t":"1547632800","v":"67477","h":"4.73010254","l":"4.61817265","o":"4.67363262"},{"c":"4.67580748","t":"1547636400","v":"19995","h":"4.72583199","l":"4.60580111","o":"4.66837025"},{"c":"4.64474869","t":"1547640000","v":"11328","h":"4.7978344","l":"4.64234495","o":"4.67186069"},{"c":"4.66031218","t":"1547643600","v":"50598","h":"4.7814064","l":"4.6156106","o":"4.6841588"},{"c":"4.67930603","t":"1547647200","v":"26274","h":"4.75239658","l":"4.6224966","o":"4.68223763"},{"c":"4.66991043","t":"1547650800","v":"34670","h":"4.7693882","l":"4.6443944","o":"4.68780899"},{"c":"4.67929649","t":"1547654400","v":"13830","h":"4.75285387","l":"4.65669775","o":"4.68202591"},{"c":"4.66172409","t":"1547658000","v":"27969","h":"4.72410107","l":"4.55865717","o":"4.67558336"},{"c":"4.64963007","t":"1547661600","v":"32543","h":"4.69308281","l":"4.2948842","o":"4.6563735"},{"c":"4.66157007","t":"1547665200","v":"10146","h":"4.72076511","l":"4.59107924","o":"4.63670111"},{"c":"4.6467309","t":"1547668800","v":"74526","h":"4.71908569","l":"4.26216984","o":"4.67892694"},{"c":"4.67118359","t":"1547672400","v":"64032","h":"4.68038464","l":"4.44884682","o":"4.63683796"},{"c":"4.58085775","t":"1547676000","v":"164497","h":"4.79676056","l":"4.37142134","o":"4.60451078"},{"c":"4.65217161","t":"1547679600","v":"70306","h":"4.8053236","l":"4.32698727","o":"4.63241816"},{"c":"4.60629368","t":"1547683200","v":"75258","h":"4.68348455","l":"4.43218422","o":"4.61498451"},{"c":"4.62320566","t":"1547686800","v":"21609","h":"4.63615322","l":"4.55305529","o":"4.60232449"},{"c":"4.59594393","t":"1547690400","v":"19821","h":"4.60664225","l":"4.55069256","o":"4.59829092"},{"c":"4.56561756","t":"1547694000","v":"11977","h":"4.63222742","l":"4.52913618","o":"4.59759283"},{"c":"4.60645294","t":"1547697600","v":"50842","h":"4.65842438","l":"4.55381203","o":"4.60402393"},{"c":"4.59013796","t":"1547701200","v":"14444","h":"4.64522076","l":"4.57593775","o":"4.64522076"},{"c":"4.55226469","t":"1547704800","v":"29207","h":"4.64522076","l":"4.49724197","o":"4.61886168"},{"c":"4.59139156","t":"1547708400","v":"15917","h":"4.62283707","l":"4.53773212","o":"4.60101604"},{"c":"4.52186966","t":"1547712000","v":"56495","h":"4.61690521","l":"4.42018938","o":"4.61313915"},{"c":"4.5628624","t":"1547715600","v":"63344","h":"4.59002686","l":"4.49258709","o":"4.54836607"},{"c":"4.50211477","t":"1547719200","v":"133076","h":"4.59572172","l":"4.28861141","o":"4.52954006"},{"c":"4.48151302","t":"1547722800","v":"122010","h":"4.6560173","l":"4.37213802","o":"4.52084398"},{"c":"4.54235554","t":"1547726400","v":"17854","h":"4.57405758","l":"4.46472597","o":"4.49448872"},{"c":"4.60373592","t":"1547730000","v":"140293","h":"4.7314024","l":"4.48006821","o":"4.57743406"},{"c":"4.52996349","t":"1547733600","v":"90266","h":"4.85490513","l":"4.42738295","o":"4.5945406"},{"c":"4.60296965","t":"1547737200","v":"35029","h":"4.60296965","l":"4.504457","o":"4.56867266"},{"c":"4.56820679","t":"1547740800","v":"18147","h":"4.61135054","l":"4.50412941","o":"4.5386095"},{"c":"4.51173925","t":"1547744400","v":"58525","h":"4.57554483","l":"4.47109175","o":"4.52877188"},{"c":"4.55621576","t":"1547748000","v":"70269","h":"4.59218502","l":"4.44545937","o":"4.50364351"},{"c":"4.51381731","t":"1547751600","v":"65993","h":"4.55446386","l":"4.39378023","o":"4.52639103"},{"c":"4.53758383","t":"1547755200","v":"166240","h":"4.61739492","l":"4.351511","o":"4.49476624"},{"c":"4.5355711","t":"1547758800","v":"24945","h":"4.63896036","l":"4.47019672","o":"4.57184601"},{"c":"4.51526165","t":"1547762400","v":"17827","h":"4.56944084","l":"4.47102213","o":"4.5655508"},{"c":"4.51085186","t":"1547766000","v":"9314","h":"4.54154921","l":"4.47764874","o":"4.51530886"},{"c":"4.45071745","t":"1547769600","v":"98119","h":"4.65518808","l":"4.20816565","o":"4.49448776"},{"c":"4.49128008","t":"1547773200","v":"64365","h":"4.57999277","l":"4.06449127","o":"4.49115372"},{"c":"4.53041935","t":"1547776800","v":"3810","h":"4.54576635","l":"4.46781826","o":"4.49338484"},{"c":"4.44996738","t":"1547780400","v":"23852","h":"4.56485701","l":"4.43601036","o":"4.48309231"},{"c":"4.49547005","t":"1547784000","v":"54016","h":"4.55814981","l":"4.34626579","o":"4.43310404"},{"c":"4.49485922","t":"1547787600","v":"211007","h":"4.55177879","l":"4.36364746","o":"4.49736166"},{"c":"4.5082674","t":"1547791200","v":"89233","h":"4.59496403","l":"4.38035297","o":"4.52099514"},{"c":"4.50187302","t":"1547794800","v":"64736","h":"4.51632214","l":"4.42056894","o":"4.49218655"},{"c":"4.49268055","t":"1547798400","v":"32678","h":"4.50495529","l":"4.406919","o":"4.47668791"},{"c":"4.50452709","t":"1547802000","v":"47229","h":"4.53207874","l":"4.42303324","o":"4.49852848"},{"c":"4.45625782","t":"1547805600","v":"246726","h":"5.16122484","l":"4.02945852","o":"4.47290182"},{"c":"4.48084497","t":"1547809200","v":"89348","h":"4.51128769","l":"4.36898136","o":"4.48597193"},{"c":"4.47106218","t":"1547812800","v":"31537","h":"4.50823689","l":"4.42837667","o":"4.44648647"},{"c":"4.45543051","t":"1547816400","v":"6516","h":"4.49341917","l":"4.44613647","o":"4.46054363"},{"c":"4.4320755","t":"1547820000","v":"40106","h":"4.49609613","l":"4.4046855","o":"4.45047903"},{"c":"4.41342497","t":"1547823600","v":"16839","h":"4.45448923","l":"4.36716223","o":"4.43290949"},{"c":"4.38453865","t":"1547827200","v":"80210","h":"4.54191685","l":"4.32576132","o":"4.39830637"},{"c":"4.30153084","t":"1547830800","v":"185835","h":"4.47182941","l":"4.07268095","o":"4.41599894"},{"c":"4.25457239","t":"1547834400","v":"136624","h":"4.38015223","l":"4.12391949","o":"4.28639317"},{"c":"4.31316996","t":"1547838000","v":"100825","h":"4.91384745","l":"4.24234772","o":"4.29011726"},{"c":"4.33153296","t":"1547841600","v":"16941","h":"4.389678","l":"4.28864717","o":"4.30364275"},{"c":"4.35991287","t":"1547845200","v":"22512","h":"4.40626287","l":"4.3052187","o":"4.35319185"},{"c":"4.44430923","t":"1547848800","v":"15821","h":"4.49848509","l":"4.36953068","o":"4.40362024"},{"c":"4.36238384","t":"1547852400","v":"48752","h":"4.44847822","l":"4.34503317","o":"4.42184162"},{"c":"4.26868486","t":"1547856000","v":"53364","h":"4.40094566","l":"4.24480629","o":"4.36758327"},{"c":"4.34893513","t":"1547859600","v":"77478","h":"4.39812422","l":"4.28805685","o":"4.3000617"},{"c":"4.38240623","t":"1547863200","v":"37984","h":"4.4229908","l":"4.27464771","o":"4.34723234"},{"c":"4.14926338","t":"1547866800","v":"63653","h":"4.31304312","l":"4.11778498","o":"4.24940491"},{"c":"4.16931581","t":"1547870400","v":"59266","h":"4.26212692","l":"4.0705862","o":"4.22213316"},{"c":"4.27290249","t":"1547874000","v":"44891","h":"4.42608547","l":"4.18204451","o":"4.25949574"},{"c":"4.26195717","t":"1547877600","v":"39665","h":"4.30447483","l":"4.15828371","o":"4.2026124"},{"c":"4.18178654","t":"1547881200","v":"31070","h":"4.24329567","l":"4.16237545","o":"4.22144365"},{"c":"4.18408823","t":"1547884800","v":"23658","h":"4.23897552","l":"4.1291976","o":"4.21003723"},{"c":"4.16605997","t":"1547888400","v":"71726","h":"4.40840292","l":"4.12514925","o":"4.22322512"},{"c":"4.19732857","t":"1547892000","v":"22612","h":"4.25137854","l":"4.11381483","o":"4.20932198"},{"c":"4.13922882","t":"1547895600","v":"143479","h":"4.20121956","l":"4.0631609","o":"4.08986425"},{"c":"4.09122705","t":"1547899200","v":"121711","h":"4.27234268","l":"4.00368166","o":"4.12709188"},{"c":"4.0909977","t":"1547902800","v":"68850","h":"4.12895012","l":"4.00881386","o":"4.0832262"},{"c":"4.10893154","t":"1547906400","v":"196410","h":"4.1472578","l":"3.95449185","o":"4.06569529"},{"c":"4.06778193","t":"1547910000","v":"40386","h":"4.10223627","l":"4.04115009","o":"4.06497335"},{"c":"4.1283021","t":"1547913600","v":"44264","h":"4.15518475","l":"4.03664684","o":"4.09337568"},{"c":"4.10726547","t":"1547917200","v":"44801","h":"4.2153964","l":"4.02833652","o":"4.09207678"},{"c":"4.35365677","t":"1547920800","v":"272926","h":"4.79283333","l":"4.12529421","o":"4.2491765"},{"c":"4.20386362","t":"1547924400","v":"101551","h":"4.27752161","l":"4.12895203","o":"4.24046135"},{"c":"4.21796751","t":"1547928000","v":"39976","h":"4.29285765","l":"4.16196489","o":"4.21716833"},{"c":"4.27140379","t":"1547931600","v":"0","h":"4.27140379","l":"4.27140379","o":"4.27140379"},{"c":"4.1275177","t":"1547935200","v":"23953","h":"4.38825941","l":"4.10226345","o":"4.17706871"},{"c":"4.18961763","t":"1547938800","v":"809","h":"4.26952028","l":"4.18451691","o":"4.21791553"},{"c":"4.1983304","t":"1547942400","v":"4166","h":"4.22591639","l":"4.18413401","o":"4.1985569"},{"c":"4.28285885","t":"1547946000","v":"538856","h":"5.24493313","l":"3.03194594","o":"4.36094141"},{"c":"4.3268857","t":"1547949600","v":"162347","h":"4.51551056","l":"4.25893545","o":"4.34229183"},{"c":"4.20161581","t":"1547953200","v":"140974","h":"4.32316685","l":"3.73455572","o":"4.27796078"},{"c":"4.10265446","t":"1547956800","v":"40519","h":"4.17734671","l":"4.04523373","o":"4.13983011"},{"c":"4.16193199","t":"1547960400","v":"90244","h":"4.57053518","l":"3.96031046","o":"4.15885401"},{"c":"4.16225004","t":"1547964000","v":"11976","h":"4.21267986","l":"4.14900541","o":"4.17838812"},{"c":"4.10199833","t":"1547967600","v":"219530","h":"4.22998762","l":"2.62524319","o":"4.18437147"},{"c":"4.10857725","t":"1547971200","v":"200478","h":"4.34076977","l":"4.08487463","o":"4.17997313"},{"c":"4.08898783","t":"1547974800","v":"63994","h":"4.18216801","l":"4.07884073","o":"4.123209"},{"c":"4.09392309","t":"1547978400","v":"65861","h":"4.25021172","l":"4.0763998","o":"4.13406706"},{"c":"4.26262569","t":"1547982000","v":"23133","h":"4.29852438","l":"4.17723846","o":"4.18420982"},{"c":"4.2007761","t":"1547985600","v":"11506","h":"4.2349577","l":"4.12938833","o":"4.22556973"},{"c":"4.17645597","t":"1547989200","v":"41991","h":"4.21895361","l":"4.06664228","o":"4.19266558"},{"c":"4.13730526","t":"1547992800","v":"39526","h":"4.20164585","l":"4.04042912","o":"4.18391085"},{"c":"4.20046902","t":"1547996400","v":"62306","h":"4.27456713","l":"4.13947678","o":"4.19852495"},{"c":"4.20094967","t":"1548000000","v":"86834","h":"4.30350828","l":"3.84084654","o":"4.24097347"},{"c":"4.22137403","t":"1548003600","v":"93545","h":"4.27614403","l":"3.84084654","o":"4.21041059"},{"c":"4.26200628","t":"1548007200","v":"137766","h":"4.61801529","l":"4.13355589","o":"4.21016598"},{"c":"4.21297264","t":"1548010800","v":"20090","h":"4.22699785","l":"4.11745882","o":"4.22699785"},{"c":"4.13871241","t":"1548014400","v":"7244","h":"4.2008853","l":"4.13871241","o":"4.15308666"},{"c":"4.20366335","t":"1548018000","v":"48193","h":"4.31784773","l":"4.13265085","o":"4.16760302"},{"c":"4.19300508","t":"1548021600","v":"8611","h":"4.26006651","l":"4.1663785","o":"4.24290419"},{"c":"4.18605804","t":"1548025200","v":"65527","h":"4.3150177","l":"4.14368868","o":"4.17568588"},{"c":"4.23920345","t":"1548028800","v":"47356","h":"4.49188566","l":"4.17185354","o":"4.20670748"},{"c":"4.20876646","t":"1548032400","v":"14166","h":"4.24520397","l":"4.19753408","o":"4.2395792"},{"c":"4.2247777","t":"1548036000","v":"76781","h":"4.57548094","l":"4.19280148","o":"4.21953297"},{"c":"4.11800957","t":"1548039600","v":"66928","h":"4.19581032","l":"4.0913825","o":"4.16078377"},{"c":"4.17676878","t":"1548043200","v":"119002","h":"4.23042631","l":"4.03314781","o":"4.12983799"},{"c":"4.15367985","t":"1548046800","v":"127656","h":"4.20503759","l":"3.99864006","o":"4.18252516"},{"c":"4.1227107","t":"1548050400","v":"25281","h":"4.16444731","l":"4.05699968","o":"4.07184744"},{"c":"4.14335155","t":"1548054000","v":"15603","h":"4.17302942","l":"4.08531189","o":"4.12060976"},{"c":"4.04097319","t":"1548057600","v":"100941","h":"4.12426472","l":"3.95600176","o":"4.11300945"},{"c":"4.07192183","t":"1548061200","v":"18393","h":"4.11058474","l":"4.05411339","o":"4.11058474"}]
12:57:43.880 [TestNG-tests-1] INFO tron.common.TronscanApiList - time_start:1547510400000
12:57:43.880 [TestNG-tests-1] INFO tron.common.TronscanApiList - granularity:1h
12:57:43.880 [TestNG-tests-1] INFO tron.common.TronscanApiList - time_end:1548062933000
12:57:43.880 [TestNG-tests-1] INFO tron.common.TronscanApiList - JSON content size are: 5
12:57:43.880 [TestNG-tests-1] INFO tron.common.TronscanApiList - ----------------------------Print JSON End-----------------------------
]]></system-out>
  <system-err><![CDATA[]]></system-err>
</testsuite>
