<?xml version="1.0" encoding="UTF-8"?>
<testsuite name="tron.tronscan.api.MappingByMainchainAddress" tests="2" skipped="0" failures="0" errors="0" timestamp="2020-05-12T03:08:44" hostname="zhukaideiMac" time="1.227">
  <properties/>
  <testcase name="getByMainchain" classname="tron.tronscan.api.MappingByMainchainAddress" time="0.614"/>
  <testcase name="getBySidechain" classname="tron.tronscan.api.MappingByMainchainAddress" time="0.613"/>
  <system-out><![CDATA[11:08:44.275 [TestNG-tests-1] DEBUG org.apache.http.impl.conn.PoolingClientConnectionManager - Connection request: [route: {}->http://tronexapi.tronscan.org:80][total kept alive: 0; route allocated: 0 of 80; total allocated: 0 of 100]
11:08:44.275 [TestNG-tests-1] DEBUG org.apache.http.impl.conn.PoolingClientConnectionManager - Connection leased: [id: 87][route: {}->http://tronexapi.tronscan.org:80][total kept alive: 0; route allocated: 1 of 80; total allocated: 1 of 100]
11:08:44.275 [TestNG-tests-1] DEBUG org.apache.http.impl.conn.DefaultClientConnectionOperator - Connecting to tronexapi.tronscan.org:80
11:08:44.580 [TestNG-tests-1] DEBUG org.apache.http.client.protocol.RequestAddCookies - CookieSpec selected: default
11:08:44.580 [TestNG-tests-1] DEBUG org.apache.http.client.protocol.RequestAuthCache - Auth cache not set in the context
11:08:44.580 [TestNG-tests-1] DEBUG org.apache.http.client.protocol.RequestTargetAuthentication - Target auth state: UNCHALLENGED
11:08:44.580 [TestNG-tests-1] DEBUG org.apache.http.client.protocol.RequestProxyAuthentication - Proxy auth state: UNCHALLENGED
11:08:44.580 [TestNG-tests-1] DEBUG org.apache.http.impl.client.DefaultHttpClient - Attempt 1 to execute request
11:08:44.580 [TestNG-tests-1] DEBUG org.apache.http.impl.conn.DefaultClientConnection - Sending request: GET /external/sidechain/getMappingByMainchainAddress?mainchainAddress=TTT2UVAa28scLpN6zmJUGeJNWV3kSLScKN HTTP/1.1
11:08:44.580 [TestNG-tests-1] DEBUG org.apache.http.wire -  >> "GET /external/sidechain/getMappingByMainchainAddress?mainchainAddress=TTT2UVAa28scLpN6zmJUGeJNWV3kSLScKN HTTP/1.1[\r][\n]"
11:08:44.580 [TestNG-tests-1] DEBUG org.apache.http.wire -  >> "Content-type: application/json; charset=utf-8[\r][\n]"
11:08:44.580 [TestNG-tests-1] DEBUG org.apache.http.wire -  >> "Connection: Close[\r][\n]"
11:08:44.580 [TestNG-tests-1] DEBUG org.apache.http.wire -  >> "Host: tronexapi.tronscan.org[\r][\n]"
11:08:44.580 [TestNG-tests-1] DEBUG org.apache.http.wire -  >> "User-Agent: Apache-HttpClient/4.5.3 (Java/1.8.0_211)[\r][\n]"
11:08:44.580 [TestNG-tests-1] DEBUG org.apache.http.wire -  >> "[\r][\n]"
11:08:44.580 [TestNG-tests-1] DEBUG org.apache.http.headers - >> GET /external/sidechain/getMappingByMainchainAddress?mainchainAddress=TTT2UVAa28scLpN6zmJUGeJNWV3kSLScKN HTTP/1.1
11:08:44.580 [TestNG-tests-1] DEBUG org.apache.http.headers - >> Content-type: application/json; charset=utf-8
11:08:44.580 [TestNG-tests-1] DEBUG org.apache.http.headers - >> Connection: Close
11:08:44.580 [TestNG-tests-1] DEBUG org.apache.http.headers - >> Host: tronexapi.tronscan.org
11:08:44.580 [TestNG-tests-1] DEBUG org.apache.http.headers - >> User-Agent: Apache-HttpClient/4.5.3 (Java/1.8.0_211)
11:08:44.888 [TestNG-tests-1] DEBUG org.apache.http.wire -  << "HTTP/1.1 200 OK[\r][\n]"
11:08:44.888 [TestNG-tests-1] DEBUG org.apache.http.wire -  << "Server: nginx/1.12.2[\r][\n]"
11:08:44.888 [TestNG-tests-1] DEBUG org.apache.http.wire -  << "Date: Tue, 12 May 2020 03:08:46 GMT[\r][\n]"
11:08:44.888 [TestNG-tests-1] DEBUG org.apache.http.wire -  << "Content-Type: application/json;charset=UTF-8[\r][\n]"
11:08:44.888 [TestNG-tests-1] DEBUG org.apache.http.wire -  << "Content-Length: 370[\r][\n]"
11:08:44.888 [TestNG-tests-1] DEBUG org.apache.http.wire -  << "Connection: close[\r][\n]"
11:08:44.888 [TestNG-tests-1] DEBUG org.apache.http.wire -  << "Access-Control-Allow-Origin: *[\r][\n]"
11:08:44.888 [TestNG-tests-1] DEBUG org.apache.http.wire -  << "Access-Control-Allow-Headers: *[\r][\n]"
11:08:44.888 [TestNG-tests-1] DEBUG org.apache.http.wire -  << "Access-Control-Allow-Methods: GET,POST,PUT,DELETE,OPTIONS[\r][\n]"
11:08:44.888 [TestNG-tests-1] DEBUG org.apache.http.wire -  << "[\r][\n]"
11:08:44.888 [TestNG-tests-1] DEBUG org.apache.http.impl.conn.DefaultClientConnection - Receiving response: HTTP/1.1 200 OK
11:08:44.888 [TestNG-tests-1] DEBUG org.apache.http.headers - << HTTP/1.1 200 OK
11:08:44.888 [TestNG-tests-1] DEBUG org.apache.http.headers - << Server: nginx/1.12.2
11:08:44.888 [TestNG-tests-1] DEBUG org.apache.http.headers - << Date: Tue, 12 May 2020 03:08:46 GMT
11:08:44.888 [TestNG-tests-1] DEBUG org.apache.http.headers - << Content-Type: application/json;charset=UTF-8
11:08:44.888 [TestNG-tests-1] DEBUG org.apache.http.headers - << Content-Length: 370
11:08:44.888 [TestNG-tests-1] DEBUG org.apache.http.headers - << Connection: close
11:08:44.888 [TestNG-tests-1] DEBUG org.apache.http.headers - << Access-Control-Allow-Origin: *
11:08:44.888 [TestNG-tests-1] DEBUG org.apache.http.headers - << Access-Control-Allow-Headers: *
11:08:44.888 [TestNG-tests-1] DEBUG org.apache.http.headers - << Access-Control-Allow-Methods: GET,POST,PUT,DELETE,OPTIONS
http://tronexapi.tronscan.org/external/sidechain/getMappingByMainchainAddress?mainchainAddress=TTT2UVAa28scLpN6zmJUGeJNWV3kSLScKN 请求总耗时：613 毫秒
11:08:44.888 [TestNG-tests-1] INFO tron.tronscan.api.MappingByMainchainAddress - code is 200
11:08:44.888 [TestNG-tests-1] DEBUG org.apache.http.wire -  << "{"retCode":"0","retMsg":[],"data":{"sidechains":[{"chainid":"413AF23F37DA0D48234FDD43D89931E98E1144481B","chainName":"[0xe5][0x85][0xac][0xe9][0x93][0xbe][0xe9][0x83][0xa8]-dapp[0xe6][0xb5][0x8b][0xe8][0xaf][0x95][0xe9][0x93][0xbe]","mainchainGateway":"TFLtPoEtVJBMcj6kZPrQrwEdM3W3shxsBU","sidechainGateway":"TRDepx5KoQ8oNbFVZ5sogwUxtdYmATDRgX","mainchainAddress":"TTT2UVAa28scLpN6zmJUGeJNWV3kSLScKN","sidechainAddress":"TM9d82tZmUzWFrM7C8wMjcXYPNhxB8zVtR"}]}}"
11:08:44.888 [TestNG-tests-1] DEBUG org.apache.http.impl.conn.DefaultClientConnection - Connection 0.0.0.0:56813<->3.14.14.175:80 closed
11:08:44.888 [TestNG-tests-1] DEBUG org.apache.http.impl.conn.PoolingClientConnectionManager - Connection released: [id: 87][route: {}->http://tronexapi.tronscan.org:80][total kept alive: 0; route allocated: 0 of 80; total allocated: 0 of 100]
11:08:44.888 [TestNG-tests-1] INFO tron.common.TronscanApiList - ----------------------------Print JSON Start---------------------------
11:08:44.888 [TestNG-tests-1] INFO tron.common.TronscanApiList - data:{"sidechains":[{"chainName":"公链部-dapp测试链","mainchainGateway":"TFLtPoEtVJBMcj6kZPrQrwEdM3W3shxsBU","sidechainGateway":"TRDepx5KoQ8oNbFVZ5sogwUxtdYmATDRgX","chainid":"413AF23F37DA0D48234FDD43D89931E98E1144481B","sidechainAddress":"TM9d82tZmUzWFrM7C8wMjcXYPNhxB8zVtR","mainchainAddress":"TTT2UVAa28scLpN6zmJUGeJNWV3kSLScKN"}]}
11:08:44.888 [TestNG-tests-1] INFO tron.common.TronscanApiList - retCode:0
11:08:44.888 [TestNG-tests-1] INFO tron.common.TronscanApiList - retMsg:[]
11:08:44.888 [TestNG-tests-1] INFO tron.common.TronscanApiList - JSON content size are: 3
11:08:44.888 [TestNG-tests-1] INFO tron.common.TronscanApiList - ----------------------------Print JSON End-----------------------------
11:08:44.889 [TestNG-tests-1] DEBUG org.apache.http.impl.conn.PoolingClientConnectionManager - Connection request: [route: {}->http://tronexapi.tronscan.org:80][total kept alive: 0; route allocated: 0 of 80; total allocated: 0 of 100]
11:08:44.889 [TestNG-tests-1] DEBUG org.apache.http.impl.conn.PoolingClientConnectionManager - Connection leased: [id: 88][route: {}->http://tronexapi.tronscan.org:80][total kept alive: 0; route allocated: 1 of 80; total allocated: 1 of 100]
11:08:44.889 [TestNG-tests-1] DEBUG org.apache.http.impl.conn.DefaultClientConnectionOperator - Connecting to tronexapi.tronscan.org:80
11:08:45.194 [TestNG-tests-1] DEBUG org.apache.http.client.protocol.RequestAddCookies - CookieSpec selected: default
11:08:45.194 [TestNG-tests-1] DEBUG org.apache.http.client.protocol.RequestAuthCache - Auth cache not set in the context
11:08:45.194 [TestNG-tests-1] DEBUG org.apache.http.client.protocol.RequestTargetAuthentication - Target auth state: UNCHALLENGED
11:08:45.194 [TestNG-tests-1] DEBUG org.apache.http.client.protocol.RequestProxyAuthentication - Proxy auth state: UNCHALLENGED
11:08:45.194 [TestNG-tests-1] DEBUG org.apache.http.impl.client.DefaultHttpClient - Attempt 1 to execute request
11:08:45.194 [TestNG-tests-1] DEBUG org.apache.http.impl.conn.DefaultClientConnection - Sending request: GET /external/sidechain/getMappingBySidechainAddress?sidechainAddress=TM9d82tZmUzWFrM7C8wMjcXYPNhxB8zVtR HTTP/1.1
11:08:45.194 [TestNG-tests-1] DEBUG org.apache.http.wire -  >> "GET /external/sidechain/getMappingBySidechainAddress?sidechainAddress=TM9d82tZmUzWFrM7C8wMjcXYPNhxB8zVtR HTTP/1.1[\r][\n]"
11:08:45.194 [TestNG-tests-1] DEBUG org.apache.http.wire -  >> "Content-type: application/json; charset=utf-8[\r][\n]"
11:08:45.194 [TestNG-tests-1] DEBUG org.apache.http.wire -  >> "Connection: Close[\r][\n]"
11:08:45.194 [TestNG-tests-1] DEBUG org.apache.http.wire -  >> "Host: tronexapi.tronscan.org[\r][\n]"
11:08:45.194 [TestNG-tests-1] DEBUG org.apache.http.wire -  >> "User-Agent: Apache-HttpClient/4.5.3 (Java/1.8.0_211)[\r][\n]"
11:08:45.194 [TestNG-tests-1] DEBUG org.apache.http.wire -  >> "[\r][\n]"
11:08:45.194 [TestNG-tests-1] DEBUG org.apache.http.headers - >> GET /external/sidechain/getMappingBySidechainAddress?sidechainAddress=TM9d82tZmUzWFrM7C8wMjcXYPNhxB8zVtR HTTP/1.1
11:08:45.194 [TestNG-tests-1] DEBUG org.apache.http.headers - >> Content-type: application/json; charset=utf-8
11:08:45.195 [TestNG-tests-1] DEBUG org.apache.http.headers - >> Connection: Close
11:08:45.195 [TestNG-tests-1] DEBUG org.apache.http.headers - >> Host: tronexapi.tronscan.org
11:08:45.195 [TestNG-tests-1] DEBUG org.apache.http.headers - >> User-Agent: Apache-HttpClient/4.5.3 (Java/1.8.0_211)
11:08:45.501 [TestNG-tests-1] DEBUG org.apache.http.wire -  << "HTTP/1.1 200 OK[\r][\n]"
11:08:45.502 [TestNG-tests-1] DEBUG org.apache.http.wire -  << "Server: nginx/1.12.2[\r][\n]"
11:08:45.502 [TestNG-tests-1] DEBUG org.apache.http.wire -  << "Date: Tue, 12 May 2020 03:08:46 GMT[\r][\n]"
11:08:45.502 [TestNG-tests-1] DEBUG org.apache.http.wire -  << "Content-Type: application/json;charset=UTF-8[\r][\n]"
11:08:45.502 [TestNG-tests-1] DEBUG org.apache.http.wire -  << "Content-Length: 92[\r][\n]"
11:08:45.502 [TestNG-tests-1] DEBUG org.apache.http.wire -  << "Connection: close[\r][\n]"
11:08:45.502 [TestNG-tests-1] DEBUG org.apache.http.wire -  << "Access-Control-Allow-Origin: *[\r][\n]"
11:08:45.502 [TestNG-tests-1] DEBUG org.apache.http.wire -  << "Access-Control-Allow-Headers: *[\r][\n]"
11:08:45.502 [TestNG-tests-1] DEBUG org.apache.http.wire -  << "Access-Control-Allow-Methods: GET,POST,PUT,DELETE,OPTIONS[\r][\n]"
11:08:45.502 [TestNG-tests-1] DEBUG org.apache.http.wire -  << "[\r][\n]"
11:08:45.502 [TestNG-tests-1] DEBUG org.apache.http.impl.conn.DefaultClientConnection - Receiving response: HTTP/1.1 200 OK
11:08:45.502 [TestNG-tests-1] DEBUG org.apache.http.headers - << HTTP/1.1 200 OK
11:08:45.502 [TestNG-tests-1] DEBUG org.apache.http.headers - << Server: nginx/1.12.2
11:08:45.502 [TestNG-tests-1] DEBUG org.apache.http.headers - << Date: Tue, 12 May 2020 03:08:46 GMT
11:08:45.502 [TestNG-tests-1] DEBUG org.apache.http.headers - << Content-Type: application/json;charset=UTF-8
11:08:45.502 [TestNG-tests-1] DEBUG org.apache.http.headers - << Content-Length: 92
11:08:45.502 [TestNG-tests-1] DEBUG org.apache.http.headers - << Connection: close
11:08:45.502 [TestNG-tests-1] DEBUG org.apache.http.headers - << Access-Control-Allow-Origin: *
11:08:45.502 [TestNG-tests-1] DEBUG org.apache.http.headers - << Access-Control-Allow-Headers: *
11:08:45.502 [TestNG-tests-1] DEBUG org.apache.http.headers - << Access-Control-Allow-Methods: GET,POST,PUT,DELETE,OPTIONS
http://tronexapi.tronscan.org/external/sidechain/getMappingBySidechainAddress?sidechainAddress=TM9d82tZmUzWFrM7C8wMjcXYPNhxB8zVtR 请求总耗时：613 毫秒
11:08:45.502 [TestNG-tests-1] INFO tron.tronscan.api.MappingByMainchainAddress - code is 200
11:08:45.502 [TestNG-tests-1] DEBUG org.apache.http.wire -  << "{"retCode":"0","retMsg":[],"data":{"mainchainAddress":"TTT2UVAa28scLpN6zmJUGeJNWV3kSLScKN"}}"
11:08:45.502 [TestNG-tests-1] DEBUG org.apache.http.impl.conn.DefaultClientConnection - Connection 0.0.0.0:56814<->3.14.14.175:80 closed
11:08:45.502 [TestNG-tests-1] DEBUG org.apache.http.impl.conn.PoolingClientConnectionManager - Connection released: [id: 88][route: {}->http://tronexapi.tronscan.org:80][total kept alive: 0; route allocated: 0 of 80; total allocated: 0 of 100]
11:08:45.502 [TestNG-tests-1] INFO tron.common.TronscanApiList - ----------------------------Print JSON Start---------------------------
11:08:45.502 [TestNG-tests-1] INFO tron.common.TronscanApiList - data:{"mainchainAddress":"TTT2UVAa28scLpN6zmJUGeJNWV3kSLScKN"}
11:08:45.502 [TestNG-tests-1] INFO tron.common.TronscanApiList - retCode:0
11:08:45.502 [TestNG-tests-1] INFO tron.common.TronscanApiList - retMsg:[]
11:08:45.502 [TestNG-tests-1] INFO tron.common.TronscanApiList - JSON content size are: 3
11:08:45.502 [TestNG-tests-1] INFO tron.common.TronscanApiList - ----------------------------Print JSON End-----------------------------
]]></system-out>
  <system-err><![CDATA[]]></system-err>
</testsuite>
