<?xml version="1.0" encoding="UTF-8"?>
<testsuite name="tron.tronscan.api.SystemProxyList" tests="1" skipped="0" failures="1" errors="0" timestamp="2020-03-27T04:57:13" hostname="zhukaideiMac.local" time="0.827">
  <properties/>
  <testcase name="getProxyList" classname="tron.tronscan.api.SystemProxyList" time="0.827">
    <failure message="java.lang.NullPointerException" type="java.lang.NullPointerException">java.lang.NullPointerException
	at tron.tronscan.api.SystemProxyList.getProxyList(SystemProxyList.java:46)
	at sun.reflect.NativeMethodAccessorImpl.invoke0(Native Method)
	at sun.reflect.NativeMethodAccessorImpl.invoke(NativeMethodAccessorImpl.java:62)
	at sun.reflect.DelegatingMethodAccessorImpl.invoke(DelegatingMethodAccessorImpl.java:43)
	at java.lang.reflect.Method.invoke(Method.java:498)
	at org.testng.internal.MethodInvocationHelper.invokeMethod(MethodInvocationHelper.java:124)
	at org.testng.internal.Invoker.invokeMethod(Invoker.java:583)
	at org.testng.internal.Invoker.invokeTestMethod(Invoker.java:719)
	at org.testng.internal.Invoker.invokeTestMethods(Invoker.java:989)
	at org.testng.internal.TestMethodWorker.invokeTestMethods(TestMethodWorker.java:125)
	at org.testng.internal.TestMethodWorker.run(TestMethodWorker.java:109)
	at org.testng.TestRunner.privateRun(TestRunner.java:648)
	at org.testng.TestRunner.run(TestRunner.java:505)
	at org.testng.SuiteRunner.runTest(SuiteRunner.java:455)
	at org.testng.SuiteRunner.access$000(SuiteRunner.java:40)
	at org.testng.SuiteRunner$SuiteWorker.run(SuiteRunner.java:489)
	at org.testng.internal.thread.ThreadUtil$1.call(ThreadUtil.java:52)
	at java.util.concurrent.FutureTask.run(FutureTask.java:266)
	at java.util.concurrent.ThreadPoolExecutor.runWorker(ThreadPoolExecutor.java:1149)
	at java.util.concurrent.ThreadPoolExecutor$Worker.run(ThreadPoolExecutor.java:624)
	at java.lang.Thread.run(Thread.java:748)
</failure>
  </testcase>
  <system-out><![CDATA[http://apilist.tronscan.org/api/system/proxy
12:57:13.985 [TestNG-tests-1] DEBUG org.apache.http.impl.conn.PoolingClientConnectionManager - Connection request: [route: {}->http://apilist.tronscan.org:80][total kept alive: 0; route allocated: 0 of 80; total allocated: 0 of 100]
12:57:13.990 [TestNG-tests-1] DEBUG org.apache.http.impl.conn.PoolingClientConnectionManager - Connection leased: [id: 0][route: {}->http://apilist.tronscan.org:80][total kept alive: 0; route allocated: 1 of 80; total allocated: 1 of 100]
12:57:14.056 [TestNG-tests-1] DEBUG org.apache.http.impl.conn.DefaultClientConnectionOperator - Connecting to apilist.tronscan.org:80
12:57:14.308 [TestNG-tests-1] DEBUG org.apache.http.client.protocol.RequestAddCookies - CookieSpec selected: default
12:57:14.309 [TestNG-tests-1] DEBUG org.apache.http.client.protocol.RequestAuthCache - Auth cache not set in the context
12:57:14.309 [TestNG-tests-1] DEBUG org.apache.http.client.protocol.RequestTargetAuthentication - Target auth state: UNCHALLENGED
12:57:14.309 [TestNG-tests-1] DEBUG org.apache.http.client.protocol.RequestProxyAuthentication - Proxy auth state: UNCHALLENGED
12:57:14.309 [TestNG-tests-1] DEBUG org.apache.http.impl.client.DefaultHttpClient - Attempt 1 to execute request
12:57:14.309 [TestNG-tests-1] DEBUG org.apache.http.impl.conn.DefaultClientConnection - Sending request: GET /api/system/proxy?url=https://api.coinmarketcap.com/v1/ticker/tronix/?convert=CNY HTTP/1.1
12:57:14.310 [TestNG-tests-1] DEBUG org.apache.http.wire -  >> "GET /api/system/proxy?url=https://api.coinmarketcap.com/v1/ticker/tronix/?convert=CNY HTTP/1.1[\r][\n]"
12:57:14.310 [TestNG-tests-1] DEBUG org.apache.http.wire -  >> "Content-type: application/json; charset=utf-8[\r][\n]"
12:57:14.310 [TestNG-tests-1] DEBUG org.apache.http.wire -  >> "Connection: Close[\r][\n]"
12:57:14.310 [TestNG-tests-1] DEBUG org.apache.http.wire -  >> "Host: apilist.tronscan.org[\r][\n]"
12:57:14.310 [TestNG-tests-1] DEBUG org.apache.http.wire -  >> "User-Agent: Apache-HttpClient/4.5.3 (Java/1.8.0_211)[\r][\n]"
12:57:14.310 [TestNG-tests-1] DEBUG org.apache.http.wire -  >> "[\r][\n]"
12:57:14.310 [TestNG-tests-1] DEBUG org.apache.http.headers - >> GET /api/system/proxy?url=https://api.coinmarketcap.com/v1/ticker/tronix/?convert=CNY HTTP/1.1
12:57:14.310 [TestNG-tests-1] DEBUG org.apache.http.headers - >> Content-type: application/json; charset=utf-8
12:57:14.310 [TestNG-tests-1] DEBUG org.apache.http.headers - >> Connection: Close
12:57:14.311 [TestNG-tests-1] DEBUG org.apache.http.headers - >> Host: apilist.tronscan.org
12:57:14.311 [TestNG-tests-1] DEBUG org.apache.http.headers - >> User-Agent: Apache-HttpClient/4.5.3 (Java/1.8.0_211)
12:57:14.613 [TestNG-tests-1] DEBUG org.apache.http.wire -  << "HTTP/1.1 200 OK[\r][\n]"
12:57:14.614 [TestNG-tests-1] DEBUG org.apache.http.wire -  << "Server: nginx[\r][\n]"
12:57:14.614 [TestNG-tests-1] DEBUG org.apache.http.wire -  << "Date: Fri, 27 Mar 2020 04:57:15 GMT[\r][\n]"
12:57:14.614 [TestNG-tests-1] DEBUG org.apache.http.wire -  << "Content-Length: 1[\r][\n]"
12:57:14.614 [TestNG-tests-1] DEBUG org.apache.http.wire -  << "Connection: close[\r][\n]"
12:57:14.615 [TestNG-tests-1] DEBUG org.apache.http.wire -  << "Access-Control-Allow-Origin: *[\r][\n]"
12:57:14.615 [TestNG-tests-1] DEBUG org.apache.http.wire -  << "Access-Control-Allow-Headers: DNT,X-Mx-ReqToken,Keep-Alive,User-Agent,X-Requested-With,If-Modified-Since,Cache-Control,Content-Type,Authorization[\r][\n]"
12:57:14.615 [TestNG-tests-1] DEBUG org.apache.http.wire -  << "Access-Control-Allow-Methods: GET,POST,PUT,DELETE,OPTIONS[\r][\n]"
12:57:14.615 [TestNG-tests-1] DEBUG org.apache.http.wire -  << "X-Proxy-Cache: MISS[\r][\n]"
12:57:14.615 [TestNG-tests-1] DEBUG org.apache.http.wire -  << "[\r][\n]"
12:57:14.615 [TestNG-tests-1] DEBUG org.apache.http.impl.conn.DefaultClientConnection - Receiving response: HTTP/1.1 200 OK
12:57:14.615 [TestNG-tests-1] DEBUG org.apache.http.headers - << HTTP/1.1 200 OK
12:57:14.615 [TestNG-tests-1] DEBUG org.apache.http.headers - << Server: nginx
12:57:14.616 [TestNG-tests-1] DEBUG org.apache.http.headers - << Date: Fri, 27 Mar 2020 04:57:15 GMT
12:57:14.616 [TestNG-tests-1] DEBUG org.apache.http.headers - << Content-Length: 1
12:57:14.616 [TestNG-tests-1] DEBUG org.apache.http.headers - << Connection: close
12:57:14.616 [TestNG-tests-1] DEBUG org.apache.http.headers - << Access-Control-Allow-Origin: *
12:57:14.616 [TestNG-tests-1] DEBUG org.apache.http.headers - << Access-Control-Allow-Headers: DNT,X-Mx-ReqToken,Keep-Alive,User-Agent,X-Requested-With,If-Modified-Since,Cache-Control,Content-Type,Authorization
12:57:14.616 [TestNG-tests-1] DEBUG org.apache.http.headers - << Access-Control-Allow-Methods: GET,POST,PUT,DELETE,OPTIONS
12:57:14.616 [TestNG-tests-1] DEBUG org.apache.http.headers - << X-Proxy-Cache: MISS
http://apilist.tronscan.org/api/system/proxy?url=https://api.coinmarketcap.com/v1/ticker/tronix/?convert=CNY 请求总耗时：657 毫秒
12:57:14.624 [TestNG-tests-1] DEBUG org.apache.http.wire -  << "[\n]"
12:57:14.625 [TestNG-tests-1] DEBUG org.apache.http.impl.conn.DefaultClientConnection - Connection 0.0.0.0:60884<->18.216.178.128:80 closed
12:57:14.625 [TestNG-tests-1] DEBUG org.apache.http.impl.conn.PoolingClientConnectionManager - Connection released: [id: 0][route: {}->http://apilist.tronscan.org:80][total kept alive: 0; route allocated: 0 of 80; total allocated: 0 of 100]


]]></system-out>
  <system-err><![CDATA[]]></system-err>
</testsuite>
