<?xml version="1.0" encoding="UTF-8"?>
<testsuite name="tron.tronscan.api.VotersList" tests="1" skipped="0" failures="0" errors="0" timestamp="2020-03-27T04:59:03" hostname="zhukaideiMac.local" time="0.536">
  <properties/>
  <testcase name="test01getTokensList" classname="tron.tronscan.api.VotersList" time="0.536"/>
  <system-out><![CDATA[12:59:03.978 [TestNG-tests-1] DEBUG org.apache.http.impl.conn.PoolingClientConnectionManager - Connection request: [route: {}->http://apilist.tronscan.org:80][total kept alive: 0; route allocated: 0 of 80; total allocated: 0 of 100]
12:59:03.978 [TestNG-tests-1] DEBUG org.apache.http.impl.conn.PoolingClientConnectionManager - Connection leased: [id: 81][route: {}->http://apilist.tronscan.org:80][total kept alive: 0; route allocated: 1 of 80; total allocated: 1 of 100]
12:59:03.978 [TestNG-tests-1] DEBUG org.apache.http.impl.conn.DefaultClientConnectionOperator - Connecting to apilist.tronscan.org:80
12:59:04.212 [TestNG-tests-1] DEBUG org.apache.http.client.protocol.RequestAddCookies - CookieSpec selected: default
12:59:04.213 [TestNG-tests-1] DEBUG org.apache.http.client.protocol.RequestAuthCache - Auth cache not set in the context
12:59:04.213 [TestNG-tests-1] DEBUG org.apache.http.client.protocol.RequestTargetAuthentication - Target auth state: UNCHALLENGED
12:59:04.213 [TestNG-tests-1] DEBUG org.apache.http.client.protocol.RequestProxyAuthentication - Proxy auth state: UNCHALLENGED
12:59:04.213 [TestNG-tests-1] DEBUG org.apache.http.impl.client.DefaultHttpClient - Attempt 1 to execute request
12:59:04.213 [TestNG-tests-1] DEBUG org.apache.http.impl.conn.DefaultClientConnection - Sending request: GET /api/vote?candidate=TGzz8gjYiYRqpfmDwnLxfgPuLVNmpCswVp&limit=20&start=0&sort=-votes HTTP/1.1
12:59:04.213 [TestNG-tests-1] DEBUG org.apache.http.wire -  >> "GET /api/vote?candidate=TGzz8gjYiYRqpfmDwnLxfgPuLVNmpCswVp&limit=20&start=0&sort=-votes HTTP/1.1[\r][\n]"
12:59:04.213 [TestNG-tests-1] DEBUG org.apache.http.wire -  >> "Content-type: application/json; charset=utf-8[\r][\n]"
12:59:04.213 [TestNG-tests-1] DEBUG org.apache.http.wire -  >> "Connection: Close[\r][\n]"
12:59:04.213 [TestNG-tests-1] DEBUG org.apache.http.wire -  >> "Host: apilist.tronscan.org[\r][\n]"
12:59:04.213 [TestNG-tests-1] DEBUG org.apache.http.wire -  >> "User-Agent: Apache-HttpClient/4.5.3 (Java/1.8.0_211)[\r][\n]"
12:59:04.213 [TestNG-tests-1] DEBUG org.apache.http.wire -  >> "[\r][\n]"
12:59:04.213 [TestNG-tests-1] DEBUG org.apache.http.headers - >> GET /api/vote?candidate=TGzz8gjYiYRqpfmDwnLxfgPuLVNmpCswVp&limit=20&start=0&sort=-votes HTTP/1.1
12:59:04.213 [TestNG-tests-1] DEBUG org.apache.http.headers - >> Content-type: application/json; charset=utf-8
12:59:04.213 [TestNG-tests-1] DEBUG org.apache.http.headers - >> Connection: Close
12:59:04.213 [TestNG-tests-1] DEBUG org.apache.http.headers - >> Host: apilist.tronscan.org
12:59:04.213 [TestNG-tests-1] DEBUG org.apache.http.headers - >> User-Agent: Apache-HttpClient/4.5.3 (Java/1.8.0_211)
12:59:04.513 [TestNG-tests-1] DEBUG org.apache.http.wire -  << "HTTP/1.1 200 OK[\r][\n]"
12:59:04.513 [TestNG-tests-1] DEBUG org.apache.http.wire -  << "Server: nginx[\r][\n]"
12:59:04.513 [TestNG-tests-1] DEBUG org.apache.http.wire -  << "Date: Fri, 27 Mar 2020 04:59:05 GMT[\r][\n]"
12:59:04.513 [TestNG-tests-1] DEBUG org.apache.http.wire -  << "Content-Type: application/json;charset=utf-8[\r][\n]"
12:59:04.513 [TestNG-tests-1] DEBUG org.apache.http.wire -  << "Content-Length: 6011[\r][\n]"
12:59:04.513 [TestNG-tests-1] DEBUG org.apache.http.wire -  << "Connection: close[\r][\n]"
12:59:04.513 [TestNG-tests-1] DEBUG org.apache.http.wire -  << "Vary: Accept-Encoding[\r][\n]"
12:59:04.513 [TestNG-tests-1] DEBUG org.apache.http.wire -  << "Access-Control-Allow-Origin: *[\r][\n]"
12:59:04.513 [TestNG-tests-1] DEBUG org.apache.http.wire -  << "Access-Control-Allow-Headers: DNT,X-Mx-ReqToken,Keep-Alive,User-Agent,X-Requested-With,If-Modified-Since,Cache-Control,Content-Type,Authorization[\r][\n]"
12:59:04.513 [TestNG-tests-1] DEBUG org.apache.http.wire -  << "Access-Control-Allow-Methods: GET,POST,PUT,DELETE,OPTIONS[\r][\n]"
12:59:04.513 [TestNG-tests-1] DEBUG org.apache.http.wire -  << "X-Proxy-Cache: MISS[\r][\n]"
12:59:04.513 [TestNG-tests-1] DEBUG org.apache.http.wire -  << "[\r][\n]"
12:59:04.513 [TestNG-tests-1] DEBUG org.apache.http.impl.conn.DefaultClientConnection - Receiving response: HTTP/1.1 200 OK
12:59:04.513 [TestNG-tests-1] DEBUG org.apache.http.headers - << HTTP/1.1 200 OK
12:59:04.513 [TestNG-tests-1] DEBUG org.apache.http.headers - << Server: nginx
12:59:04.513 [TestNG-tests-1] DEBUG org.apache.http.headers - << Date: Fri, 27 Mar 2020 04:59:05 GMT
12:59:04.513 [TestNG-tests-1] DEBUG org.apache.http.headers - << Content-Type: application/json;charset=utf-8
12:59:04.513 [TestNG-tests-1] DEBUG org.apache.http.headers - << Content-Length: 6011
12:59:04.513 [TestNG-tests-1] DEBUG org.apache.http.headers - << Connection: close
12:59:04.513 [TestNG-tests-1] DEBUG org.apache.http.headers - << Vary: Accept-Encoding
12:59:04.513 [TestNG-tests-1] DEBUG org.apache.http.headers - << Access-Control-Allow-Origin: *
12:59:04.513 [TestNG-tests-1] DEBUG org.apache.http.headers - << Access-Control-Allow-Headers: DNT,X-Mx-ReqToken,Keep-Alive,User-Agent,X-Requested-With,If-Modified-Since,Cache-Control,Content-Type,Authorization
12:59:04.513 [TestNG-tests-1] DEBUG org.apache.http.headers - << Access-Control-Allow-Methods: GET,POST,PUT,DELETE,OPTIONS
12:59:04.513 [TestNG-tests-1] DEBUG org.apache.http.headers - << X-Proxy-Cache: MISS
http://apilist.tronscan.org/api/vote?candidate=TGzz8gjYiYRqpfmDwnLxfgPuLVNmpCswVp&limit=20&start=0&sort=-votes 请求总耗时：535 毫秒
12:59:04.513 [TestNG-tests-1] INFO tron.tronscan.api.VotersList - code is 200
12:59:04.513 [TestNG-tests-1] DEBUG org.apache.http.wire -  << "{"total":7685,"totalVotes":394196284,"data":[{"timestamp":"2020-03-26T13:52:29.470+0800","voterAddress":"TYzChQtyMWGUtjdrHEA1T9uCYULDB14E5M","candidateAddress":"TGzz8gjYiYRqpfmDwnLxfgPuLVNmpCswVp","votes":20888161,"candidateUrl":"https://www.sesameseed.org","candidateName":"Sesameseed","candidateTotalVotes":394196284,"voterAvailableVotes":0},{"timestamp":"2020-03-14T07:56:13.194+0800","voterAddress":"TEd18mwopcGmD4m7xgSqCBKxATsduJ67xJ","candidateAddress":"TGzz8gjYiYRqpfmDwnLxfgPuLVNmpCswVp","votes":10100370,"candidateUrl":"https://www.sesameseed.org","candidateName":"Sesameseed","candidateTotalVotes":394196284,"voterAvailableVotes":0},{"timestamp":"2020-03-14T07:56:23.189+0800","voterAddress":"TADr3j5TkvZgY7rznsrgCVNiGMxgeWxsL7","candidateAddress":"TGzz8gjYiYRqpfmDwnLxfgPuLVNmpCswVp","votes":10000000,"candidateUrl":"https://www.sesameseed.org","candidateName":"Sesameseed","candidateTotalVotes":394196284,"voterAvailableVotes":0},{"timestamp":"2020-03-14T07:56:13.074+0800","voterAddress":"TXnrnJ5d9bo8igsVguV1MXyJNsXWtKiN1L","candidateAddress":"TGzz8gjYiYRqpfmDwnLxfgPuLVNmpCswVp","votes":10000000,"candidateUrl":"https://www.sesameseed.org","candidateName":"Sesameseed","candidateTotalVotes":394196284,"voterAvailableVotes":0},{"timestamp":"2020-03-27T05:51:56.543+0800","voterAddress":"TQZLTQYUZCGPGRPpszZRrE54vreQFVHZ95","candidateAddress":"TGzz8gjYiYRqpfmDwnLxfgPuLVNmpCswVp","votes":9400699,"candidateUrl":"https://www.sesameseed.org","candidateName":"Sesameseed","candidateTotalVotes":394196284,"voterAvailableVotes":0},{"timestamp":"2020-03-27T05:52:36.615+0800","voterAddress":"TRuz1KASZanmoppzwbiRnSnNDr2Bo3AjhT","candidateAddress":"TGzz8gjYiYRqpfmDwnLxfgPuLVNmpCswVp","votes":6503513,"candidateUrl":"https://www.sesameseed.org","candidateName":"Sesameseed","candidateTotalVotes":394196284,"voterAvailableVotes":0},{"timestamp":"2020-03-26T16:18:01.136+0800","voterAddress":"TY6FnbAET2tbq9q2JGZJy91yAvF4dTRV4h","candidateAddress":"TGzz8gjYiYRqpfmDwnLxfgPuLVNmpCswVp","votes":5396829,"candidateUrl":"https://www.sesameseed.org","candidateName":"Sesameseed","candidateTotalVotes":394196284,"voterAvailableVotes":0},{"timestamp":"2020-03-27T05:52:25.527+0800","voterAddress":"TH3AS8uvnqiqCJ54N7hy5KHG13DgiZThQt","candidateAddress":"TGzz8gjYiYRqpfmDwnLxfgPuLVNmpCswVp","votes":4501511,"candidateUrl":"https://www.sesameseed.org","candidateName":"Sesameseed","candidateTotalVotes":394196284,"voterAvailableVotes":0},{"timestamp":"2020-03-26T14:29:44.729+0800","voterAddress":"TQe5phTzqkA5nw73v214ciUhiGednoJK9o","candidateAddress":"TGzz8gjYiYRqpfmDwnLxfgPuLVNmpCswVp","votes":4300000,"candidateUrl":"https://www.sesameseed.org","candidateName":"Sesameseed","candidateTotalVotes":394196284,"voterAvailableVotes":0},{"timestamp":"2020-03-26T14:29:48.747+0800","voterAddress":"TRmiyDkFJFxA1oxMRwTrpFnC5nDxrD7D6w","candidateAddress":"TGzz8gjYiYRqpfmDwnLxfgPuLVNmpCswVp","votes":3363569,"candidateUrl":"https://www.sesameseed.org","candidateName":"Sesameseed","candidateTotalVotes":394196284,"voterAvailableVotes":0},{"timestamp":"2020-03-26T14:47:18.466+0800","voterAddress":"TR96mi5NsP2jK2muy5DeeU7F5PMSSXGtL1","candidateAddress":"TGzz8gjYiYRqpfmDwnLxfgPuLVNmpCswVp","votes":3000000,"candidateUrl":"https://www.sesameseed.org","candidateName":"Sesameseed","candidateTotalVotes":394196284,"voterAvailableVotes":0},{"timestamp":"2020-03-26T14:29:52.323+0800","voterAddress":"TDcF4aR8Jp1UvSvXti9gcmRvuE7pGe72r5","candidateAddress":"TGzz8gjYiYRqpfmDwnLxfgPuLVNmpCswVp","votes":2863000,"candidateUrl":"https://www.sesameseed.org","candidateName":"Sesameseed","candidateTotalVotes":394196284,"voterAvailableVotes":0},{"timestamp":"2020-03-26T14:29:53.025+0800","voterAddress":"TR1s7vJKeV1xVu3cDD5G7cAtC5zzJnNHd5","candidateAddress":"TGzz8gjYiYRqpfmDwnLxfgPuLVNmpCswVp","votes":2809998,"candidateUrl":"https://www.sesameseed.org","candidateName":"Sesameseed","candidateTotalVotes":394196284,"voterAvailableVotes":0},{"timestamp":"2020-03-26T14:45:08.427+0800","voterAddress":"TADQgmpCkgfWiXEg1YvYcHB3teYWX3ir7Z","candidateAddress":"TGzz8gjYiYRqpfmDwnLxfgPuLVNmpCsw"
12:59:04.514 [TestNG-tests-1] DEBUG org.apache.http.wire -  << "Vp","votes":2607112,"candidateUrl":"https://www.sesameseed.org","candidateName":"Sesameseed","candidateTotalVotes":394196284,"voterAvailableVotes":0},{"timestamp":"2020-03-26T14:29:47.839+0800","voterAddress":"TKBneyXb18Xgo4LJkr7KshHuZ4tFroy3kG","candidateAddress":"TGzz8gjYiYRqpfmDwnLxfgPuLVNmpCswVp","votes":2235557,"candidateUrl":"https://www.sesameseed.org","candidateName":"Sesameseed","candidateTotalVotes":394196284,"voterAvailableVotes":0},{"timestamp":"2020-03-26T14:29:48.844+0800","voterAddress":"TGoCvZfHBjL3KoYQNi9F2NtmbYdxd5V6SD","candidateAddress":"TGzz8gjYiYRqpfmDwnLxfgPuLVNmpCswVp","votes":2111093,"candidateUrl":"https://www.sesameseed.org","candidateName":"Sesameseed","candidateTotalVotes":394196284,"voterAvailableVotes":0},{"timestamp":"2020-03-26T14:30:00.850+0800","voterAddress":"TG6fVWzVZptbnXoniH9rrc19i13RwQX4x7","candidateAddress":"TGzz8gjYiYRqpfmDwnLxfgPuLVNmpCswVp","votes":2106413,"candidateUrl":"https://www.sesameseed.org","candidateName":"Sesameseed","candidateTotalVotes":394196284,"voterAvailableVotes":0},{"timestamp":"2020-03-26T14:29:46.080+0800","voterAddress":"TU4qa75YiKRmXMYcmVf4pSCRwkSeYEPY2n","candidateAddress":"TGzz8gjYiYRqpfmDwnLxfgPuLVNmpCswVp","votes":2086897,"candidateUrl":"https://www.sesameseed.org","candidateName":"Sesameseed","candidateTotalVotes":394196284,"voterAvailableVotes":0},{"timestamp":"2020-03-26T14:29:57.373+0800","voterAddress":"TP6Be7wJ61bfNvV9dJ9EqDqXbdBmad4HsP","candidateAddress":"TGzz8gjYiYRqpfmDwnLxfgPuLVNmpCswVp","votes":2060292,"candidateUrl":"https://www.sesameseed.org","candidateName":"Sesameseed","candidateTotalVotes":394196284,"voterAvailableVotes":0},{"timestamp":"2020-03-26T14:44:08.838+0800","voterAddress":"TDhhFUjxAA8fwa4rEHDf2Bc4rqDhQAktpW","candidateAddress":"TGzz8gjYiYRqpfmDwnLxfgPuLVNmpCswVp","votes":2000000,"candidateUrl":"https://www.sesameseed.org","candidateName":"Sesameseed","candidateTotalVotes":394196284,"voterAvailableVotes":0}]}[\n]"
12:59:04.514 [TestNG-tests-1] DEBUG org.apache.http.impl.conn.DefaultClientConnection - Connection 0.0.0.0:61444<->18.216.178.128:80 closed
12:59:04.514 [TestNG-tests-1] DEBUG org.apache.http.impl.conn.PoolingClientConnectionManager - Connection released: [id: 81][route: {}->http://apilist.tronscan.org:80][total kept alive: 0; route allocated: 0 of 80; total allocated: 0 of 100]
12:59:04.514 [TestNG-tests-1] INFO tron.common.TronscanApiList - ----------------------------Print JSON Start---------------------------
12:59:04.514 [TestNG-tests-1] INFO tron.common.TronscanApiList - total:7685
12:59:04.514 [TestNG-tests-1] INFO tron.common.TronscanApiList - data:[{"candidateTotalVotes":394196284,"voterAddress":"TYzChQtyMWGUtjdrHEA1T9uCYULDB14E5M","candidateName":"Sesameseed","voterAvailableVotes":0,"candidateAddress":"TGzz8gjYiYRqpfmDwnLxfgPuLVNmpCswVp","votes":20888161,"candidateUrl":"https://www.sesameseed.org","timestamp":"2020-03-26T13:52:29.470+0800"},{"candidateTotalVotes":394196284,"voterAddress":"TEd18mwopcGmD4m7xgSqCBKxATsduJ67xJ","candidateName":"Sesameseed","voterAvailableVotes":0,"candidateAddress":"TGzz8gjYiYRqpfmDwnLxfgPuLVNmpCswVp","votes":10100370,"candidateUrl":"https://www.sesameseed.org","timestamp":"2020-03-14T07:56:13.194+0800"},{"candidateTotalVotes":394196284,"voterAddress":"TADr3j5TkvZgY7rznsrgCVNiGMxgeWxsL7","candidateName":"Sesameseed","voterAvailableVotes":0,"candidateAddress":"TGzz8gjYiYRqpfmDwnLxfgPuLVNmpCswVp","votes":10000000,"candidateUrl":"https://www.sesameseed.org","timestamp":"2020-03-14T07:56:23.189+0800"},{"candidateTotalVotes":394196284,"voterAddress":"TXnrnJ5d9bo8igsVguV1MXyJNsXWtKiN1L","candidateName":"Sesameseed","voterAvailableVotes":0,"candidateAddress":"TGzz8gjYiYRqpfmDwnLxfgPuLVNmpCswVp","votes":10000000,"candidateUrl":"https://www.sesameseed.org","timestamp":"2020-03-14T07:56:13.074+0800"},{"candidateTotalVotes":394196284,"voterAddress":"TQZLTQYUZCGPGRPpszZRrE54vreQFVHZ95","candidateName":"Sesameseed","voterAvailableVotes":0,"candidateAddress":"TGzz8gjYiYRqpfmDwnLxfgPuLVNmpCswVp","votes":9400699,"candidateUrl":"https://www.sesameseed.org","timestamp":"2020-03-27T05:51:56.543+0800"},{"candidateTotalVotes":394196284,"voterAddress":"TRuz1KASZanmoppzwbiRnSnNDr2Bo3AjhT","candidateName":"Sesameseed","voterAvailableVotes":0,"candidateAddress":"TGzz8gjYiYRqpfmDwnLxfgPuLVNmpCswVp","votes":6503513,"candidateUrl":"https://www.sesameseed.org","timestamp":"2020-03-27T05:52:36.615+0800"},{"candidateTotalVotes":394196284,"voterAddress":"TY6FnbAET2tbq9q2JGZJy91yAvF4dTRV4h","candidateName":"Sesameseed","voterAvailableVotes":0,"candidateAddress":"TGzz8gjYiYRqpfmDwnLxfgPuLVNmpCswVp","votes":5396829,"candidateUrl":"https://www.sesameseed.org","timestamp":"2020-03-26T16:18:01.136+0800"},{"candidateTotalVotes":394196284,"voterAddress":"TH3AS8uvnqiqCJ54N7hy5KHG13DgiZThQt","candidateName":"Sesameseed","voterAvailableVotes":0,"candidateAddress":"TGzz8gjYiYRqpfmDwnLxfgPuLVNmpCswVp","votes":4501511,"candidateUrl":"https://www.sesameseed.org","timestamp":"2020-03-27T05:52:25.527+0800"},{"candidateTotalVotes":394196284,"voterAddress":"TQe5phTzqkA5nw73v214ciUhiGednoJK9o","candidateName":"Sesameseed","voterAvailableVotes":0,"candidateAddress":"TGzz8gjYiYRqpfmDwnLxfgPuLVNmpCswVp","votes":4300000,"candidateUrl":"https://www.sesameseed.org","timestamp":"2020-03-26T14:29:44.729+0800"},{"candidateTotalVotes":394196284,"voterAddress":"TRmiyDkFJFxA1oxMRwTrpFnC5nDxrD7D6w","candidateName":"Sesameseed","voterAvailableVotes":0,"candidateAddress":"TGzz8gjYiYRqpfmDwnLxfgPuLVNmpCswVp","votes":3363569,"candidateUrl":"https://www.sesameseed.org","timestamp":"2020-03-26T14:29:48.747+0800"},{"candidateTotalVotes":394196284,"voterAddress":"TR96mi5NsP2jK2muy5DeeU7F5PMSSXGtL1","candidateName":"Sesameseed","voterAvailableVotes":0,"candidateAddress":"TGzz8gjYiYRqpfmDwnLxfgPuLVNmpCswVp","votes":3000000,"candidateUrl":"https://www.sesameseed.org","timestamp":"2020-03-26T14:47:18.466+0800"},{"candidateTotalVotes":394196284,"voterAddress":"TDcF4aR8Jp1UvSvXti9gcmRvuE7pGe72r5","candidateName":"Sesameseed","voterAvailableVotes":0,"candidateAddress":"TGzz8gjYiYRqpfmDwnLxfgPuLVNmpCswVp","votes":2863000,"candidateUrl":"https://www.sesameseed.org","timestamp":"2020-03-26T14:29:52.323+0800"},{"candidateTotalVotes":394196284,"voterAddress":"TR1s7vJKeV1xVu3cDD5G7cAtC5zzJnNHd5","candidateName":"Sesameseed","voterAvailableVotes":0,"candidateAddress":"TGzz8gjYiYRqpfmDwnLxfgPuLVNmpCswVp","votes":2809998,"candidateUrl":"https://www.sesameseed.org","timestamp":"2020-03-26T14:29:53.025+0800"},{"candidateTotalVotes":394196284,"voterAddress":"TADQgmpCkgfWiXEg1YvYcHB3teYWX3ir7Z","candidateName":"Sesameseed","voterAvailableVotes":0,"candidateAddress":"TGzz8gjYiYRqpfmDwnLxfgPuLVNmpCswVp","votes":2607112,"candidateUrl":"https://www.sesameseed.org","timestamp":"2020-03-26T14:45:08.427+0800"},{"candidateTotalVotes":394196284,"voterAddress":"TKBneyXb18Xgo4LJkr7KshHuZ4tFroy3kG","candidateName":"Sesameseed","voterAvailableVotes":0,"candidateAddress":"TGzz8gjYiYRqpfmDwnLxfgPuLVNmpCswVp","votes":2235557,"candidateUrl":"https://www.sesameseed.org","timestamp":"2020-03-26T14:29:47.839+0800"},{"candidateTotalVotes":394196284,"voterAddress":"TGoCvZfHBjL3KoYQNi9F2NtmbYdxd5V6SD","candidateName":"Sesameseed","voterAvailableVotes":0,"candidateAddress":"TGzz8gjYiYRqpfmDwnLxfgPuLVNmpCswVp","votes":2111093,"candidateUrl":"https://www.sesameseed.org","timestamp":"2020-03-26T14:29:48.844+0800"},{"candidateTotalVotes":394196284,"voterAddress":"TG6fVWzVZptbnXoniH9rrc19i13RwQX4x7","candidateName":"Sesameseed","voterAvailableVotes":0,"candidateAddress":"TGzz8gjYiYRqpfmDwnLxfgPuLVNmpCswVp","votes":2106413,"candidateUrl":"https://www.sesameseed.org","timestamp":"2020-03-26T14:30:00.850+0800"},{"candidateTotalVotes":394196284,"voterAddress":"TU4qa75YiKRmXMYcmVf4pSCRwkSeYEPY2n","candidateName":"Sesameseed","voterAvailableVotes":0,"candidateAddress":"TGzz8gjYiYRqpfmDwnLxfgPuLVNmpCswVp","votes":2086897,"candidateUrl":"https://www.sesameseed.org","timestamp":"2020-03-26T14:29:46.080+0800"},{"candidateTotalVotes":394196284,"voterAddress":"TP6Be7wJ61bfNvV9dJ9EqDqXbdBmad4HsP","candidateName":"Sesameseed","voterAvailableVotes":0,"candidateAddress":"TGzz8gjYiYRqpfmDwnLxfgPuLVNmpCswVp","votes":2060292,"candidateUrl":"https://www.sesameseed.org","timestamp":"2020-03-26T14:29:57.373+0800"},{"candidateTotalVotes":394196284,"voterAddress":"TDhhFUjxAA8fwa4rEHDf2Bc4rqDhQAktpW","candidateName":"Sesameseed","voterAvailableVotes":0,"candidateAddress":"TGzz8gjYiYRqpfmDwnLxfgPuLVNmpCswVp","votes":2000000,"candidateUrl":"https://www.sesameseed.org","timestamp":"2020-03-26T14:44:08.838+0800"}]
12:59:04.514 [TestNG-tests-1] INFO tron.common.TronscanApiList - totalVotes:394196284
12:59:04.514 [TestNG-tests-1] INFO tron.common.TronscanApiList - JSON content size are: 3
12:59:04.514 [TestNG-tests-1] INFO tron.common.TronscanApiList - ----------------------------Print JSON End-----------------------------
]]></system-out>
  <system-err><![CDATA[]]></system-err>
</testsuite>
