<?xml version="1.0" encoding="UTF-8"?>
<testsuite name="tron.tronscan.api.DonatorsList" tests="1" skipped="0" failures="0" errors="0" timestamp="2020-03-27T04:59:01" hostname="zhukaideiMac.local" time="0.531">
  <properties/>
  <testcase name="test01getDonatorsList" classname="tron.tronscan.api.DonatorsList" time="0.531"/>
  <system-out><![CDATA[http://apilist.tronscan.org/api/listdonators
12:59:01.439 [TestNG-tests-1] DEBUG org.apache.http.impl.conn.PoolingClientConnectionManager - Connection request: [route: {}->http://apilist.tronscan.org:80][total kept alive: 0; route allocated: 0 of 80; total allocated: 0 of 100]
12:59:01.439 [TestNG-tests-1] DEBUG org.apache.http.impl.conn.PoolingClientConnectionManager - Connection leased: [id: 78][route: {}->http://apilist.tronscan.org:80][total kept alive: 0; route allocated: 1 of 80; total allocated: 1 of 100]
12:59:01.439 [TestNG-tests-1] DEBUG org.apache.http.impl.conn.DefaultClientConnectionOperator - Connecting to apilist.tronscan.org:80
12:59:01.723 [TestNG-tests-1] DEBUG org.apache.http.client.protocol.RequestAddCookies - CookieSpec selected: default
12:59:01.723 [TestNG-tests-1] DEBUG org.apache.http.client.protocol.RequestAuthCache - Auth cache not set in the context
12:59:01.723 [TestNG-tests-1] DEBUG org.apache.http.client.protocol.RequestTargetAuthentication - Target auth state: UNCHALLENGED
12:59:01.723 [TestNG-tests-1] DEBUG org.apache.http.client.protocol.RequestProxyAuthentication - Proxy auth state: UNCHALLENGED
12:59:01.723 [TestNG-tests-1] DEBUG org.apache.http.impl.client.DefaultHttpClient - Attempt 1 to execute request
12:59:01.723 [TestNG-tests-1] DEBUG org.apache.http.impl.conn.DefaultClientConnection - Sending request: GET /api/listdonators HTTP/1.1
12:59:01.723 [TestNG-tests-1] DEBUG org.apache.http.wire -  >> "GET /api/listdonators HTTP/1.1[\r][\n]"
12:59:01.723 [TestNG-tests-1] DEBUG org.apache.http.wire -  >> "Content-type: application/json; charset=utf-8[\r][\n]"
12:59:01.723 [TestNG-tests-1] DEBUG org.apache.http.wire -  >> "Connection: Close[\r][\n]"
12:59:01.723 [TestNG-tests-1] DEBUG org.apache.http.wire -  >> "Host: apilist.tronscan.org[\r][\n]"
12:59:01.723 [TestNG-tests-1] DEBUG org.apache.http.wire -  >> "User-Agent: Apache-HttpClient/4.5.3 (Java/1.8.0_211)[\r][\n]"
12:59:01.723 [TestNG-tests-1] DEBUG org.apache.http.wire -  >> "[\r][\n]"
12:59:01.723 [TestNG-tests-1] DEBUG org.apache.http.headers - >> GET /api/listdonators HTTP/1.1
12:59:01.723 [TestNG-tests-1] DEBUG org.apache.http.headers - >> Content-type: application/json; charset=utf-8
12:59:01.723 [TestNG-tests-1] DEBUG org.apache.http.headers - >> Connection: Close
12:59:01.723 [TestNG-tests-1] DEBUG org.apache.http.headers - >> Host: apilist.tronscan.org
12:59:01.723 [TestNG-tests-1] DEBUG org.apache.http.headers - >> User-Agent: Apache-HttpClient/4.5.3 (Java/1.8.0_211)
12:59:01.969 [TestNG-tests-1] DEBUG org.apache.http.wire -  << "HTTP/1.1 200 OK[\r][\n]"
12:59:01.969 [TestNG-tests-1] DEBUG org.apache.http.wire -  << "Server: nginx[\r][\n]"
12:59:01.969 [TestNG-tests-1] DEBUG org.apache.http.wire -  << "Date: Fri, 27 Mar 2020 04:59:02 GMT[\r][\n]"
12:59:01.969 [TestNG-tests-1] DEBUG org.apache.http.wire -  << "Content-Type: application/json;charset=utf-8[\r][\n]"
12:59:01.969 [TestNG-tests-1] DEBUG org.apache.http.wire -  << "Content-Length: 631[\r][\n]"
12:59:01.969 [TestNG-tests-1] DEBUG org.apache.http.wire -  << "Connection: close[\r][\n]"
12:59:01.969 [TestNG-tests-1] DEBUG org.apache.http.wire -  << "Access-Control-Allow-Origin: *[\r][\n]"
12:59:01.969 [TestNG-tests-1] DEBUG org.apache.http.wire -  << "Access-Control-Allow-Headers: DNT,X-Mx-ReqToken,Keep-Alive,User-Agent,X-Requested-With,If-Modified-Since,Cache-Control,Content-Type,Authorization[\r][\n]"
12:59:01.969 [TestNG-tests-1] DEBUG org.apache.http.wire -  << "Access-Control-Allow-Methods: GET,POST,PUT,DELETE,OPTIONS[\r][\n]"
12:59:01.969 [TestNG-tests-1] DEBUG org.apache.http.wire -  << "X-Proxy-Cache: MISS[\r][\n]"
12:59:01.969 [TestNG-tests-1] DEBUG org.apache.http.wire -  << "[\r][\n]"
12:59:01.969 [TestNG-tests-1] DEBUG org.apache.http.impl.conn.DefaultClientConnection - Receiving response: HTTP/1.1 200 OK
12:59:01.969 [TestNG-tests-1] DEBUG org.apache.http.headers - << HTTP/1.1 200 OK
12:59:01.969 [TestNG-tests-1] DEBUG org.apache.http.headers - << Server: nginx
12:59:01.969 [TestNG-tests-1] DEBUG org.apache.http.headers - << Date: Fri, 27 Mar 2020 04:59:02 GMT
12:59:01.969 [TestNG-tests-1] DEBUG org.apache.http.headers - << Content-Type: application/json;charset=utf-8
12:59:01.969 [TestNG-tests-1] DEBUG org.apache.http.headers - << Content-Length: 631
12:59:01.969 [TestNG-tests-1] DEBUG org.apache.http.headers - << Connection: close
12:59:01.969 [TestNG-tests-1] DEBUG org.apache.http.headers - << Access-Control-Allow-Origin: *
12:59:01.969 [TestNG-tests-1] DEBUG org.apache.http.headers - << Access-Control-Allow-Headers: DNT,X-Mx-ReqToken,Keep-Alive,User-Agent,X-Requested-With,If-Modified-Since,Cache-Control,Content-Type,Authorization
12:59:01.969 [TestNG-tests-1] DEBUG org.apache.http.headers - << Access-Control-Allow-Methods: GET,POST,PUT,DELETE,OPTIONS
12:59:01.969 [TestNG-tests-1] DEBUG org.apache.http.headers - << X-Proxy-Cache: MISS
http://apilist.tronscan.org/api/listdonators 请求总耗时：530 毫秒
12:59:01.969 [TestNG-tests-1] INFO tron.tronscan.api.DonatorsList - code is 200
12:59:01.969 [TestNG-tests-1] DEBUG org.apache.http.wire -  << "["TEm2izSsyxFGBbz3bVcAxWBHV8Pw59K3Cc","TN4fJGCqurpmoWS4d6BXDiqZxGPvhacmVR","TAv8VH5cnC5Vi5U4v5RMa9CU6pdbu7oGfu","TYRcL4wx2K5NCaHQwNsgoXabkUiNkce3QH","TSjYXTp2EtkPPQatcLmttZMZeQ5nUwY5dL","TPu2anzdQwyX6karyramGnQBoMwdpJSvXH","TMrwcjqECRFV34pdDb8GRs5CSjyaxmaiJ3","TJCT4patUUunwqJkBusWzG6xdfWCcaQ9YN","TNPQsNL3KHz11SP5brH5aX71BLHXiyXNGA","TXtC8wMjaCBmxXNq5yuMC9aYZjJn5Lvdgh","TJ4L5mRcVvd5dvUePy2XvwktT6D23P2csV","TXStuWCx1rX7Kw61CGjQaGyz9DjQEoLHNA","TXNDgSZeVxdEBV2koodmZDV4gfic5b9LAm","TRA7vZqzFxycHjYrrjbjh5iTaywSmDefSV","TG175j8SL5BDRsgFjHtb3tBsNCjbiqFMWU","TYmtcM3APNx678P6kshEi7QJGdQqBqatAM","THtzEq5MiqSeXSnxroz51aJfCjDodZZjX4"][\n]"
12:59:01.970 [TestNG-tests-1] DEBUG org.apache.http.impl.conn.DefaultClientConnection - Connection 0.0.0.0:61427<->18.216.178.128:80 closed
12:59:01.970 [TestNG-tests-1] DEBUG org.apache.http.impl.conn.PoolingClientConnectionManager - Connection released: [id: 78][route: {}->http://apilist.tronscan.org:80][total kept alive: 0; route allocated: 0 of 80; total allocated: 0 of 100]
["TEm2izSsyxFGBbz3bVcAxWBHV8Pw59K3Cc","TN4fJGCqurpmoWS4d6BXDiqZxGPvhacmVR","TAv8VH5cnC5Vi5U4v5RMa9CU6pdbu7oGfu","TYRcL4wx2K5NCaHQwNsgoXabkUiNkce3QH","TSjYXTp2EtkPPQatcLmttZMZeQ5nUwY5dL","TPu2anzdQwyX6karyramGnQBoMwdpJSvXH","TMrwcjqECRFV34pdDb8GRs5CSjyaxmaiJ3","TJCT4patUUunwqJkBusWzG6xdfWCcaQ9YN","TNPQsNL3KHz11SP5brH5aX71BLHXiyXNGA","TXtC8wMjaCBmxXNq5yuMC9aYZjJn5Lvdgh","TJ4L5mRcVvd5dvUePy2XvwktT6D23P2csV","TXStuWCx1rX7Kw61CGjQaGyz9DjQEoLHNA","TXNDgSZeVxdEBV2koodmZDV4gfic5b9LAm","TRA7vZqzFxycHjYrrjbjh5iTaywSmDefSV","TG175j8SL5BDRsgFjHtb3tBsNCjbiqFMWU","TYmtcM3APNx678P6kshEi7QJGdQqBqatAM","THtzEq5MiqSeXSnxroz51aJfCjDodZZjX4"]

]]></system-out>
  <system-err><![CDATA[]]></system-err>
</testsuite>
