<?xml version="1.0" encoding="UTF-8"?>
<testsuite name="tron.tronscan.api.Chainparameters" tests="1" skipped="0" failures="0" errors="0" timestamp="2020-03-27T04:57:54" hostname="zhukaideiMac.local" time="0.632">
  <properties/>
  <testcase name="getchainparameters" classname="tron.tronscan.api.Chainparameters" time="0.632"/>
  <system-out><![CDATA[http://apilist.tronscan.org/api/chainparameters
12:57:54.736 [TestNG-tests-1] DEBUG org.apache.http.impl.conn.PoolingClientConnectionManager - Connection request: [route: {}->http://apilist.tronscan.org:80][total kept alive: 0; route allocated: 0 of 80; total allocated: 0 of 100]
12:57:54.736 [TestNG-tests-1] DEBUG org.apache.http.impl.conn.PoolingClientConnectionManager - Connection leased: [id: 36][route: {}->http://apilist.tronscan.org:80][total kept alive: 0; route allocated: 1 of 80; total allocated: 1 of 100]
12:57:54.736 [TestNG-tests-1] DEBUG org.apache.http.impl.conn.DefaultClientConnectionOperator - Connecting to apilist.tronscan.org:80
12:57:55.060 [TestNG-tests-1] DEBUG org.apache.http.client.protocol.RequestAddCookies - CookieSpec selected: default
12:57:55.060 [TestNG-tests-1] DEBUG org.apache.http.client.protocol.RequestAuthCache - Auth cache not set in the context
12:57:55.060 [TestNG-tests-1] DEBUG org.apache.http.client.protocol.RequestTargetAuthentication - Target auth state: UNCHALLENGED
12:57:55.060 [TestNG-tests-1] DEBUG org.apache.http.client.protocol.RequestProxyAuthentication - Proxy auth state: UNCHALLENGED
12:57:55.060 [TestNG-tests-1] DEBUG org.apache.http.impl.client.DefaultHttpClient - Attempt 1 to execute request
12:57:55.060 [TestNG-tests-1] DEBUG org.apache.http.impl.conn.DefaultClientConnection - Sending request: GET /api/chainparameters HTTP/1.1
12:57:55.060 [TestNG-tests-1] DEBUG org.apache.http.wire -  >> "GET /api/chainparameters HTTP/1.1[\r][\n]"
12:57:55.060 [TestNG-tests-1] DEBUG org.apache.http.wire -  >> "Content-type: application/json; charset=utf-8[\r][\n]"
12:57:55.060 [TestNG-tests-1] DEBUG org.apache.http.wire -  >> "Connection: Close[\r][\n]"
12:57:55.060 [TestNG-tests-1] DEBUG org.apache.http.wire -  >> "Host: apilist.tronscan.org[\r][\n]"
12:57:55.060 [TestNG-tests-1] DEBUG org.apache.http.wire -  >> "User-Agent: Apache-HttpClient/4.5.3 (Java/1.8.0_211)[\r][\n]"
12:57:55.060 [TestNG-tests-1] DEBUG org.apache.http.wire -  >> "[\r][\n]"
12:57:55.060 [TestNG-tests-1] DEBUG org.apache.http.headers - >> GET /api/chainparameters HTTP/1.1
12:57:55.060 [TestNG-tests-1] DEBUG org.apache.http.headers - >> Content-type: application/json; charset=utf-8
12:57:55.060 [TestNG-tests-1] DEBUG org.apache.http.headers - >> Connection: Close
12:57:55.060 [TestNG-tests-1] DEBUG org.apache.http.headers - >> Host: apilist.tronscan.org
12:57:55.060 [TestNG-tests-1] DEBUG org.apache.http.headers - >> User-Agent: Apache-HttpClient/4.5.3 (Java/1.8.0_211)
12:57:55.367 [TestNG-tests-1] DEBUG org.apache.http.wire -  << "HTTP/1.1 200 OK[\r][\n]"
12:57:55.367 [TestNG-tests-1] DEBUG org.apache.http.wire -  << "Server: nginx[\r][\n]"
12:57:55.367 [TestNG-tests-1] DEBUG org.apache.http.wire -  << "Date: Fri, 27 Mar 2020 04:57:55 GMT[\r][\n]"
12:57:55.367 [TestNG-tests-1] DEBUG org.apache.http.wire -  << "Content-Type: application/json;charset=utf-8[\r][\n]"
12:57:55.367 [TestNG-tests-1] DEBUG org.apache.http.wire -  << "Content-Length: 1695[\r][\n]"
12:57:55.367 [TestNG-tests-1] DEBUG org.apache.http.wire -  << "Connection: close[\r][\n]"
12:57:55.367 [TestNG-tests-1] DEBUG org.apache.http.wire -  << "Vary: Accept-Encoding[\r][\n]"
12:57:55.367 [TestNG-tests-1] DEBUG org.apache.http.wire -  << "Access-Control-Allow-Origin: *[\r][\n]"
12:57:55.367 [TestNG-tests-1] DEBUG org.apache.http.wire -  << "Access-Control-Allow-Headers: DNT,X-Mx-ReqToken,Keep-Alive,User-Agent,X-Requested-With,If-Modified-Since,Cache-Control,Content-Type,Authorization[\r][\n]"
12:57:55.367 [TestNG-tests-1] DEBUG org.apache.http.wire -  << "Access-Control-Allow-Methods: GET,POST,PUT,DELETE,OPTIONS[\r][\n]"
12:57:55.367 [TestNG-tests-1] DEBUG org.apache.http.wire -  << "X-Proxy-Cache: EXPIRED[\r][\n]"
12:57:55.367 [TestNG-tests-1] DEBUG org.apache.http.wire -  << "[\r][\n]"
12:57:55.367 [TestNG-tests-1] DEBUG org.apache.http.impl.conn.DefaultClientConnection - Receiving response: HTTP/1.1 200 OK
12:57:55.367 [TestNG-tests-1] DEBUG org.apache.http.headers - << HTTP/1.1 200 OK
12:57:55.367 [TestNG-tests-1] DEBUG org.apache.http.headers - << Server: nginx
12:57:55.367 [TestNG-tests-1] DEBUG org.apache.http.headers - << Date: Fri, 27 Mar 2020 04:57:55 GMT
12:57:55.367 [TestNG-tests-1] DEBUG org.apache.http.headers - << Content-Type: application/json;charset=utf-8
12:57:55.367 [TestNG-tests-1] DEBUG org.apache.http.headers - << Content-Length: 1695
12:57:55.367 [TestNG-tests-1] DEBUG org.apache.http.headers - << Connection: close
12:57:55.367 [TestNG-tests-1] DEBUG org.apache.http.headers - << Vary: Accept-Encoding
12:57:55.367 [TestNG-tests-1] DEBUG org.apache.http.headers - << Access-Control-Allow-Origin: *
12:57:55.367 [TestNG-tests-1] DEBUG org.apache.http.headers - << Access-Control-Allow-Headers: DNT,X-Mx-ReqToken,Keep-Alive,User-Agent,X-Requested-With,If-Modified-Since,Cache-Control,Content-Type,Authorization
12:57:55.367 [TestNG-tests-1] DEBUG org.apache.http.headers - << Access-Control-Allow-Methods: GET,POST,PUT,DELETE,OPTIONS
12:57:55.367 [TestNG-tests-1] DEBUG org.apache.http.headers - << X-Proxy-Cache: EXPIRED
http://apilist.tronscan.org/api/chainparameters 请求总耗时：631 毫秒
12:57:55.367 [TestNG-tests-1] INFO tron.tronscan.api.Chainparameters - code is 200
12:57:55.367 [TestNG-tests-1] DEBUG org.apache.http.wire -  << "{"tronParameters":[{"key":"getMaintenanceTimeInterval","value":21600000},{"key":"getAccountUpgradeCost","value":9999000000},{"key":"getCreateAccountFee","value":100000},{"key":"getTransactionFee","value":10},{"key":"getAssetIssueFee","value":1024000000},{"key":"getWitnessPayPerBlock","value":16000000},{"key":"getWitnessStandbyAllowance","value":115200000000},{"key":"getCreateNewAccountFeeInSystemContract","value":0},{"key":"getCreateNewAccountBandwidthRate","value":1},{"key":"getAllowCreationOfContracts","value":1},{"key":"getRemoveThePowerOfTheGr","value":-1},{"key":"getEnergyFee","value":10},{"key":"getExchangeCreateFee","value":1024000000},{"key":"getMaxCpuTimeOfOneTx","value":50},{"key":"getAllowUpdateAccountName","value":0},{"key":"getAllowSameTokenName","value":1},{"key":"getAllowDelegateResource","value":1},{"key":"getTotalEnergyLimit","value":100000000000},{"key":"getAllowTvmTransferTrc10","value":1},{"key":"getTotalEnergyCurrentLimit","value":100000000000},{"key":"getAllowMultiSign","value":1},{"key":"getAllowAdaptiveEnergy","value":0},{"key":"getTotalEnergyTargetLimit","value":6944444},{"key":"getTotalEnergyAverageUsage","value":0},{"key":"getUpdateAccountPermissionFee","value":100000000},{"key":"getMultiSignFee","value":1000000},{"key":"getAllowAccountStateRoot","value":0},{"key":"getAllowProtoFilterNum","value":0},{"key":"getAllowTvmConstantinople","value":1},{"key":"getAllowTvmSolidity059","value":1},{"key":"getForbidTransferToContract","value":0},{"key":"getAdaptiveResourceLimitTargetRatio","value":10},{"key":"getAdaptiveResourceLimitMultiplier","value":1000},{"key":"getChangeDelegation","value":1},{"key":"getWitness127PayPerBlock","value":160000000}]}[\n]"
12:57:55.367 [TestNG-tests-1] DEBUG org.apache.http.impl.conn.DefaultClientConnection - Connection 0.0.0.0:61087<->18.216.178.128:80 closed
12:57:55.367 [TestNG-tests-1] DEBUG org.apache.http.impl.conn.PoolingClientConnectionManager - Connection released: [id: 36][route: {}->http://apilist.tronscan.org:80][total kept alive: 0; route allocated: 0 of 80; total allocated: 0 of 100]
12:57:55.368 [TestNG-tests-1] INFO tron.common.TronscanApiList - ----------------------------Print JSON Start---------------------------
12:57:55.368 [TestNG-tests-1] INFO tron.common.TronscanApiList - tronParameters:[{"value":21600000,"key":"getMaintenanceTimeInterval"},{"value":9999000000,"key":"getAccountUpgradeCost"},{"value":100000,"key":"getCreateAccountFee"},{"value":10,"key":"getTransactionFee"},{"value":1024000000,"key":"getAssetIssueFee"},{"value":16000000,"key":"getWitnessPayPerBlock"},{"value":115200000000,"key":"getWitnessStandbyAllowance"},{"value":0,"key":"getCreateNewAccountFeeInSystemContract"},{"value":1,"key":"getCreateNewAccountBandwidthRate"},{"value":1,"key":"getAllowCreationOfContracts"},{"value":-1,"key":"getRemoveThePowerOfTheGr"},{"value":10,"key":"getEnergyFee"},{"value":1024000000,"key":"getExchangeCreateFee"},{"value":50,"key":"getMaxCpuTimeOfOneTx"},{"value":0,"key":"getAllowUpdateAccountName"},{"value":1,"key":"getAllowSameTokenName"},{"value":1,"key":"getAllowDelegateResource"},{"value":100000000000,"key":"getTotalEnergyLimit"},{"value":1,"key":"getAllowTvmTransferTrc10"},{"value":100000000000,"key":"getTotalEnergyCurrentLimit"},{"value":1,"key":"getAllowMultiSign"},{"value":0,"key":"getAllowAdaptiveEnergy"},{"value":6944444,"key":"getTotalEnergyTargetLimit"},{"value":0,"key":"getTotalEnergyAverageUsage"},{"value":100000000,"key":"getUpdateAccountPermissionFee"},{"value":1000000,"key":"getMultiSignFee"},{"value":0,"key":"getAllowAccountStateRoot"},{"value":0,"key":"getAllowProtoFilterNum"},{"value":1,"key":"getAllowTvmConstantinople"},{"value":1,"key":"getAllowTvmSolidity059"},{"value":0,"key":"getForbidTransferToContract"},{"value":10,"key":"getAdaptiveResourceLimitTargetRatio"},{"value":1000,"key":"getAdaptiveResourceLimitMultiplier"},{"value":1,"key":"getChangeDelegation"},{"value":160000000,"key":"getWitness127PayPerBlock"}]
12:57:55.368 [TestNG-tests-1] INFO tron.common.TronscanApiList - JSON content size are: 1
12:57:55.368 [TestNG-tests-1] INFO tron.common.TronscanApiList - ----------------------------Print JSON End-----------------------------
12:57:55.368 [TestNG-tests-1] INFO tron.tronscan.api.Chainparameters - 35
]]></system-out>
  <system-err><![CDATA[]]></system-err>
</testsuite>
