<?xml version="1.0" encoding="UTF-8"?>
<testsuite name="tron.tronscan.api.TransfersToken_trc20" tests="1" skipped="0" failures="0" errors="0" timestamp="2020-03-27T04:58:49" hostname="zhukaideiMac.local" time="4.761">
  <properties/>
  <testcase name="test01getBlockDetail" classname="tron.tronscan.api.TransfersToken_trc20" time="4.761"/>
  <system-out><![CDATA[12:58:49.694 [TestNG-tests-1] DEBUG org.apache.http.impl.conn.PoolingClientConnectionManager - Connection request: [route: {}->http://apilist.tronscan.org:80][total kept alive: 0; route allocated: 0 of 80; total allocated: 0 of 100]
12:58:49.694 [TestNG-tests-1] DEBUG org.apache.http.impl.conn.PoolingClientConnectionManager - Connection leased: [id: 71][route: {}->http://apilist.tronscan.org:80][total kept alive: 0; route allocated: 1 of 80; total allocated: 1 of 100]
12:58:49.694 [TestNG-tests-1] DEBUG org.apache.http.impl.conn.DefaultClientConnectionOperator - Connecting to apilist.tronscan.org:80
12:58:49.946 [TestNG-tests-1] DEBUG org.apache.http.client.protocol.RequestAddCookies - CookieSpec selected: default
12:58:49.946 [TestNG-tests-1] DEBUG org.apache.http.client.protocol.RequestAuthCache - Auth cache not set in the context
12:58:49.946 [TestNG-tests-1] DEBUG org.apache.http.client.protocol.RequestTargetAuthentication - Target auth state: UNCHALLENGED
12:58:49.946 [TestNG-tests-1] DEBUG org.apache.http.client.protocol.RequestProxyAuthentication - Proxy auth state: UNCHALLENGED
12:58:49.946 [TestNG-tests-1] DEBUG org.apache.http.impl.client.DefaultHttpClient - Attempt 1 to execute request
12:58:49.946 [TestNG-tests-1] DEBUG org.apache.http.impl.conn.DefaultClientConnection - Sending request: GET /api/token_trc20/transfers?end_timestamp=1552549912537&start_timestamp=1529856000000&limit=20&start=0&contract_address=TCN77KWWyUyi2A4Cu7vrh5dnmRyvUuME1E HTTP/1.1
12:58:49.946 [TestNG-tests-1] DEBUG org.apache.http.wire -  >> "GET /api/token_trc20/transfers?end_timestamp=1552549912537&start_timestamp=1529856000000&limit=20&start=0&contract_address=TCN77KWWyUyi2A4Cu7vrh5dnmRyvUuME1E HTTP/1.1[\r][\n]"
12:58:49.946 [TestNG-tests-1] DEBUG org.apache.http.wire -  >> "Content-type: application/json; charset=utf-8[\r][\n]"
12:58:49.946 [TestNG-tests-1] DEBUG org.apache.http.wire -  >> "Connection: Close[\r][\n]"
12:58:49.946 [TestNG-tests-1] DEBUG org.apache.http.wire -  >> "Host: apilist.tronscan.org[\r][\n]"
12:58:49.946 [TestNG-tests-1] DEBUG org.apache.http.wire -  >> "User-Agent: Apache-HttpClient/4.5.3 (Java/1.8.0_211)[\r][\n]"
12:58:49.946 [TestNG-tests-1] DEBUG org.apache.http.wire -  >> "[\r][\n]"
12:58:49.946 [TestNG-tests-1] DEBUG org.apache.http.headers - >> GET /api/token_trc20/transfers?end_timestamp=1552549912537&start_timestamp=1529856000000&limit=20&start=0&contract_address=TCN77KWWyUyi2A4Cu7vrh5dnmRyvUuME1E HTTP/1.1
12:58:49.946 [TestNG-tests-1] DEBUG org.apache.http.headers - >> Content-type: application/json; charset=utf-8
12:58:49.946 [TestNG-tests-1] DEBUG org.apache.http.headers - >> Connection: Close
12:58:49.946 [TestNG-tests-1] DEBUG org.apache.http.headers - >> Host: apilist.tronscan.org
12:58:49.946 [TestNG-tests-1] DEBUG org.apache.http.headers - >> User-Agent: Apache-HttpClient/4.5.3 (Java/1.8.0_211)
12:58:54.454 [TestNG-tests-1] DEBUG org.apache.http.wire -  << "HTTP/1.1 200 OK[\r][\n]"
12:58:54.454 [TestNG-tests-1] DEBUG org.apache.http.wire -  << "Server: nginx[\r][\n]"
12:58:54.454 [TestNG-tests-1] DEBUG org.apache.http.wire -  << "Date: Fri, 27 Mar 2020 04:58:55 GMT[\r][\n]"
12:58:54.454 [TestNG-tests-1] DEBUG org.apache.http.wire -  << "Content-Type: application/json;charset=utf-8[\r][\n]"
12:58:54.454 [TestNG-tests-1] DEBUG org.apache.http.wire -  << "Content-Length: 7454[\r][\n]"
12:58:54.454 [TestNG-tests-1] DEBUG org.apache.http.wire -  << "Connection: close[\r][\n]"
12:58:54.454 [TestNG-tests-1] DEBUG org.apache.http.wire -  << "Vary: Accept-Encoding[\r][\n]"
12:58:54.454 [TestNG-tests-1] DEBUG org.apache.http.wire -  << "Access-Control-Allow-Origin: *[\r][\n]"
12:58:54.454 [TestNG-tests-1] DEBUG org.apache.http.wire -  << "Access-Control-Allow-Headers: DNT,X-Mx-ReqToken,Keep-Alive,User-Agent,X-Requested-With,If-Modified-Since,Cache-Control,Content-Type,Authorization[\r][\n]"
12:58:54.454 [TestNG-tests-1] DEBUG org.apache.http.wire -  << "Access-Control-Allow-Methods: GET,POST,PUT,DELETE,OPTIONS[\r][\n]"
12:58:54.454 [TestNG-tests-1] DEBUG org.apache.http.wire -  << "X-Proxy-Cache: MISS[\r][\n]"
12:58:54.454 [TestNG-tests-1] DEBUG org.apache.http.wire -  << "[\r][\n]"
12:58:54.454 [TestNG-tests-1] DEBUG org.apache.http.impl.conn.DefaultClientConnection - Receiving response: HTTP/1.1 200 OK
12:58:54.454 [TestNG-tests-1] DEBUG org.apache.http.headers - << HTTP/1.1 200 OK
12:58:54.454 [TestNG-tests-1] DEBUG org.apache.http.headers - << Server: nginx
12:58:54.454 [TestNG-tests-1] DEBUG org.apache.http.headers - << Date: Fri, 27 Mar 2020 04:58:55 GMT
12:58:54.454 [TestNG-tests-1] DEBUG org.apache.http.headers - << Content-Type: application/json;charset=utf-8
12:58:54.454 [TestNG-tests-1] DEBUG org.apache.http.headers - << Content-Length: 7454
12:58:54.454 [TestNG-tests-1] DEBUG org.apache.http.headers - << Connection: close
12:58:54.454 [TestNG-tests-1] DEBUG org.apache.http.headers - << Vary: Accept-Encoding
12:58:54.454 [TestNG-tests-1] DEBUG org.apache.http.headers - << Access-Control-Allow-Origin: *
12:58:54.454 [TestNG-tests-1] DEBUG org.apache.http.headers - << Access-Control-Allow-Headers: DNT,X-Mx-ReqToken,Keep-Alive,User-Agent,X-Requested-With,If-Modified-Since,Cache-Control,Content-Type,Authorization
12:58:54.454 [TestNG-tests-1] DEBUG org.apache.http.headers - << Access-Control-Allow-Methods: GET,POST,PUT,DELETE,OPTIONS
12:58:54.454 [TestNG-tests-1] DEBUG org.apache.http.headers - << X-Proxy-Cache: MISS
http://apilist.tronscan.org/api/token_trc20/transfers?end_timestamp=1552549912537&start_timestamp=1529856000000&limit=20&start=0&contract_address=TCN77KWWyUyi2A4Cu7vrh5dnmRyvUuME1E 请求总耗时：4760 毫秒
12:58:54.454 [TestNG-tests-1] INFO tron.tronscan.api.TransfersToken_trc20 - code is 200
12:58:54.454 [TestNG-tests-1] DEBUG org.apache.http.wire -  << "{"total":10000,"rangeTotal":1721965,"token_transfers":[{"transaction_id":"9f587d510ecee8ddaf89f4a45ac64f48986034845429fa08ee3e46ed37600e65","block_ts":1552549896000,"from_address":"TCgnJmYmMUJ9eS6x62Vj7YFfpBM1DTL8V8","to_address":"TUneZkJnydKkK6ig5hAGfUPw8maenW5fTF","block":7478597,"quant":"32797391","confirmed":true,"contractRet":"SUCCESS","finalResult":"SUCCESS","fromAddressIsContract":true,"toAddressIsContract":false},{"transaction_id":"697bb4c1fba0a18dbc8d13c278c25e479c1d429761439d3db292a75a9111c16e","block_ts":1552549896000,"from_address":"TGgJYxK9pcFcHBKZMJ5hHipnUGETrXc1Rq","to_address":"TCgnJmYmMUJ9eS6x62Vj7YFfpBM1DTL8V8","block":7478597,"quant":"1000000","confirmed":true,"contractRet":"SUCCESS","finalResult":"SUCCESS","fromAddressIsContract":false,"toAddressIsContract":true},{"transaction_id":"457e4545cb28e62babb5658f8b30a828de57a0605de71bf7ff62fbb170b8fba3","block_ts":1552549893000,"from_address":"TD31SKej4iFWZ7NvWVC9DapJNZA3ofaKbB","to_address":"THvZ782DmxoMh7m6dZtVq9K4APrLdVuPyb","block":7478596,"quant":"2295641","confirmed":true,"contractRet":"SUCCESS","finalResult":"SUCCESS","fromAddressIsContract":true,"toAddressIsContract":false},{"transaction_id":"662e70ee76a8e0ac212891b8d1aa5a9af52e3442f638e95728eecef56836b4a8","block_ts":1552549887000,"from_address":"TD31SKej4iFWZ7NvWVC9DapJNZA3ofaKbB","to_address":"TB5dS6vzhv3NsY9XJVYQ65wQKVWzVTzfCu","block":7478594,"quant":"71731","confirmed":true,"contractRet":"SUCCESS","finalResult":"SUCCESS","fromAddressIsContract":true,"toAddressIsContract":false},{"transaction_id":"807eb539bd22e6697172782fe01e6ae3864f6b4efef546d6c98ec340a858d3cd","block_ts":1552549875000,"from_address":"TE2M6Ci4GWPKP68CdMeZ4vUpPNLkq1TFW9","to_address":"TSGE2LwwjFdrVkTLEGS6jT8qHaWF1hWky6","block":7478590,"quant":"125104000","confirmed":true,"contractRet":"SUCCESS","finalResult":"SUCCESS","fromAddressIsContract":false,"toAddressIsContract":true},{"transaction_id":"fa0f6a44e319672cb59507efc68ef8fc8ae8c046c7cae11c65d1cb1c8f78c4ec","block_ts":1552549875000,"from_address":"TJFM4LQFBTGAH8Yq3R2z8zCw6NNANDAsW1","to_address":"TSGE2LwwjFdrVkTLEGS6jT8qHaWF1hWky6","block":7478590,"quant":"5300000000","confirmed":true,"contractRet":"SUCCESS","finalResult":"SUCCESS","fromAddressIsContract":false,"toAddressIsContract":true},{"transaction_id":"f96e55748fc0349a4df475d43de95410944cc2a623213eb19dd8a9c11eb08bc7","block_ts":1552549872000,"from_address":"TBncpCyoGhVTKqWgBkNbCoTX6rowpTGqE8","to_address":"TSMbPm5mUsaTDSEjHCd55ZJaib3Ysvjyc5","block":7478589,"quant":"234080620","confirmed":true,"contractRet":"SUCCESS","finalResult":"SUCCESS","fromAddressIsContract":false,"toAddressIsContract":true},{"transaction_id":"c5625b9018667856c0dc31c019328d95bd94aa15672382d86d56045fd746e265","block_ts":1552549863000,"from_address":"TCgnJmYmMUJ9eS6x62Vj7YFfpBM1DTL8V8","to_address":"TBH4ZLY33JmHK5y7DCLzT9xsYzb2B8zQ2E","block":7478586,"quant":"3000000","confirmed":true,"contractRet":"SUCCESS","finalResult":"SUCCESS","fromAddressIsContract":true,"toAddressIsContract":false},{"transaction_id":"57c98122681b349196febb224823dcdc6a7b3ff4293592985a5aed3dfc057bbf","block_ts":1552549863000,"from_address":"TCgnJmYmMUJ9eS6x62Vj7YFfpBM1DTL8V8","to_address":"TYTMdWAsRqRw1vhSwbAbKMZAhR3Nx7TD3d","block":7478586,"quant":"451822857","confirmed":true,"contractRet":"SUCCESS","finalResult":"SUCCESS","fromAddressIsContract":true,"toAddressIsContract":false},{"transaction_id":"ab631288a696334050d4832f7b2cf4e57914fea5672ac351036688c46f22e97a","block_ts":1552549854000,"from_address":"TWJedvVQLMg6gbCZ7U7FUdW4d6tAQVPHLb","to_address":"TCgnJmYmMUJ9eS6x62Vj7YFfpBM1DTL8V8","block":7478583,"quant":"3000000","confirmed":true,"contractRet":"SUCCESS","finalResult":"SUCCESS","fromAddressIsContract":false,"toAddressIsContract":true},{"transaction_id":"c80b0f09aa8321aa0fb54707104fa08fffde1cab19da0b63b3b9f10731c4873d","block_ts":1552549851000,"from_address":"TMpmYtKpzHXBD9RLvpn2tXqQZA6tzNBTMQ","to_address":"TSGE2LwwjFdrVkTLEGS6jT8qHaWF1hWky6","block":7478582,"quant":"8696000","confirmed":true,"contractRet":"SUCCESS","finalResult":"SUCCESS","fromAddressIsContract":false,"toAddressIsContract":true},{"transaction_id":"69abaf0667a34b278685b84d7139c51c90dec9515e320964845b1bec5f1dd82a","block_ts":1552549848000,"from_address":"TCgnJmYmMUJ9eS6x62Vj7YFfpBM1DTL8V8","to_address":"TWJedvVQLMg6gbCZ7U7FUdW4d6tAQVPHLb","block":7478581,"quant":"3000000","confirmed":true,"contractRet":"SUCCESS","finalResult":"SUCCESS","fromAddressIsContract":true,"toAddressIsContract":false},{"transaction_id":"5a1c98998278ade844dea3520ae065d1c3b130342a9920c0b3f739fc16a1d5ce","block_ts":1552549848000,"from_address":"TTWGo4pwk6s5ED8zcmxW4pNLSxps3QHjsR","to_address":"TSGE2LwwjFdrVkTLEGS6jT8qHaWF1hWky6","block":7478581,"quant":"77585000","confirmed":true,"contractRet":"SUCCESS","finalResult":"SUCCESS","fromAddressIsContract":false,"toAddressIsContract":true},{"transaction_id":"579494985c4111f72560e97a2241d14d9bff1d5014a1a7432c0ba4ff248cf7b1","block_ts":1552549836000,"from_address":"TYTMdWAsRqRw1vhSwbAbKMZAhR3Nx7TD3d","to_address":"TSGE2LwwjFdrVkTLEGS6jT8qHaWF1hWky6","block":7478577,"quant":"2932614000","confirmed":true,"contractRet":"SUCCESS","finalResult":"SUCCESS","fromAddressIsContract":false,"toAddressIsContract":true},{"transaction_id":"b8e8c1c6ec6ea5b5b93ea8df755d37264e2bae1b0ba4c48c2238b3653768a19c","block_ts":1552549833000,"from_address":"TCgnJmYmMUJ9eS6x62Vj7YFfpBM1DTL8V8","to_address":"TE2M6Ci4GWPKP68CdMeZ4vUpPNLkq1TFW9","block":7478576,"quant":"124626323","confirmed":true,"contractRet":"SUCCESS","finalResult":"SUCCESS","fromAddressIsContract":true,"toAddressIsContract":false},{"transaction_id":"3ec2efa7aa2d13f39f5c84848c0f8a4a3c0976997e6ee5ab8c61ae5c135a1c64","block_ts":1552549818000,"from_address":"TCgnJmYmMUJ9eS6x62Vj7YFfpBM1DTL8V8","to_address":"TTWGo4pwk6s5ED8zcmxW4pNLSxps3QHjsR","block":7478571,"quant":"1271904","confirmed":true,"contractRet":"SUCCESS","finalResult":"SUCCESS","fromAddressIsContract":true,"toAddressIsContract":false},{"transaction_id":"0b641222c3d5eb9dbaeb43264a401fd43456e76813592d170bf1a6aefb5864ce","block_ts":1552549815000,"from_address":"TD31SKej4iFWZ7NvWVC9DapJNZA3ofaKbB","to_address":"TMpmYtKpzHXBD9RLvpn2tXqQZA6tzNBTMQ","block":7478570,"quant":"8695652","confirmed":true,"contractRet":"SUCCESS","finalResult":"SUCCESS","fromAddressIsContract":true,"toAddressIsContract":false},{"transaction_id":"40a8c317bf4689b67c70c4713d1d1c23a1f4a2377d8d9acdfe9fd66ac7da79e3","block_ts":1552549815000,"from_address":"TKJ5TJsRsYeBo2pFEZf4N1yap5wRhB7JyQ","to_address":"TSGE2LwwjFdrVkTLEGS6jT8qHaWF1hWky6","block":7478570,"quant":"2408978000","confirmed":true,"contractRet":"SUCCESS","finalResult":"SUCCESS","fromAddressIsContract":false,"toAddressIsContract":true},{"transaction_id":"62403a8f06ebbde5f76aa45f3bff37301e1ebcddb39a53f01661093ea1adce46","block_ts":1552549815000,"from_address":"TD31SKej4iFWZ7NvWVC9DapJNZA3ofaKbB","to_address":"TJNVdUFZA7sjtJ26NHKiFYkWzRUveuQjmZ","block":7478570,"quant":"304342","confirmed":true,"contractRet":"SUCCESS","finalResult":"SUCCESS","fromAddressIsContract":true,"toAddressIsContract":false},{"transaction_id":"1da235cf38fd448d1d7207ca782634371a78d620479c251c7a0ee01dd81f32e4","block_ts":1552549812000,"from_address":"TXcc44eug1kDvCeb5s6TdZJeJcxqWNSe23","to_address":"TJFM4LQFBTGAH8Yq3R2z8zCw6NNANDAsW1","block":7478569,"quant":"20102000","confirmed":true,"contractRet":"SUCCESS","finalResult":"SUCCESS","fromAddressIsContract":true,"toAddressIsContract":false}]}[\n]"
12:58:54.454 [TestNG-tests-1] DEBUG org.apache.http.impl.conn.DefaultClientConnection - Connection 0.0.0.0:61370<->18.216.178.128:80 closed
12:58:54.454 [TestNG-tests-1] DEBUG org.apache.http.impl.conn.PoolingClientConnectionManager - Connection released: [id: 71][route: {}->http://apilist.tronscan.org:80][total kept alive: 0; route allocated: 0 of 80; total allocated: 0 of 100]
12:58:54.454 [TestNG-tests-1] INFO tron.common.TronscanApiList - ----------------------------Print JSON Start---------------------------
12:58:54.454 [TestNG-tests-1] INFO tron.common.TronscanApiList - total:10000
12:58:54.454 [TestNG-tests-1] INFO tron.common.TronscanApiList - rangeTotal:1721965
12:58:54.455 [TestNG-tests-1] INFO tron.common.TronscanApiList - token_transfers:[{"transaction_id":"9f587d510ecee8ddaf89f4a45ac64f48986034845429fa08ee3e46ed37600e65","contractRet":"SUCCESS","toAddressIsContract":false,"block_ts":1552549896000,"fromAddressIsContract":true,"to_address":"TUneZkJnydKkK6ig5hAGfUPw8maenW5fTF","block":7478597,"quant":"32797391","from_address":"TCgnJmYmMUJ9eS6x62Vj7YFfpBM1DTL8V8","confirmed":true,"finalResult":"SUCCESS"},{"transaction_id":"697bb4c1fba0a18dbc8d13c278c25e479c1d429761439d3db292a75a9111c16e","contractRet":"SUCCESS","toAddressIsContract":true,"block_ts":1552549896000,"fromAddressIsContract":false,"to_address":"TCgnJmYmMUJ9eS6x62Vj7YFfpBM1DTL8V8","block":7478597,"quant":"1000000","from_address":"TGgJYxK9pcFcHBKZMJ5hHipnUGETrXc1Rq","confirmed":true,"finalResult":"SUCCESS"},{"transaction_id":"457e4545cb28e62babb5658f8b30a828de57a0605de71bf7ff62fbb170b8fba3","contractRet":"SUCCESS","toAddressIsContract":false,"block_ts":1552549893000,"fromAddressIsContract":true,"to_address":"THvZ782DmxoMh7m6dZtVq9K4APrLdVuPyb","block":7478596,"quant":"2295641","from_address":"TD31SKej4iFWZ7NvWVC9DapJNZA3ofaKbB","confirmed":true,"finalResult":"SUCCESS"},{"transaction_id":"662e70ee76a8e0ac212891b8d1aa5a9af52e3442f638e95728eecef56836b4a8","contractRet":"SUCCESS","toAddressIsContract":false,"block_ts":1552549887000,"fromAddressIsContract":true,"to_address":"TB5dS6vzhv3NsY9XJVYQ65wQKVWzVTzfCu","block":7478594,"quant":"71731","from_address":"TD31SKej4iFWZ7NvWVC9DapJNZA3ofaKbB","confirmed":true,"finalResult":"SUCCESS"},{"transaction_id":"807eb539bd22e6697172782fe01e6ae3864f6b4efef546d6c98ec340a858d3cd","contractRet":"SUCCESS","toAddressIsContract":true,"block_ts":1552549875000,"fromAddressIsContract":false,"to_address":"TSGE2LwwjFdrVkTLEGS6jT8qHaWF1hWky6","block":7478590,"quant":"125104000","from_address":"TE2M6Ci4GWPKP68CdMeZ4vUpPNLkq1TFW9","confirmed":true,"finalResult":"SUCCESS"},{"transaction_id":"fa0f6a44e319672cb59507efc68ef8fc8ae8c046c7cae11c65d1cb1c8f78c4ec","contractRet":"SUCCESS","toAddressIsContract":true,"block_ts":1552549875000,"fromAddressIsContract":false,"to_address":"TSGE2LwwjFdrVkTLEGS6jT8qHaWF1hWky6","block":7478590,"quant":"5300000000","from_address":"TJFM4LQFBTGAH8Yq3R2z8zCw6NNANDAsW1","confirmed":true,"finalResult":"SUCCESS"},{"transaction_id":"f96e55748fc0349a4df475d43de95410944cc2a623213eb19dd8a9c11eb08bc7","contractRet":"SUCCESS","toAddressIsContract":true,"block_ts":1552549872000,"fromAddressIsContract":false,"to_address":"TSMbPm5mUsaTDSEjHCd55ZJaib3Ysvjyc5","block":7478589,"quant":"234080620","from_address":"TBncpCyoGhVTKqWgBkNbCoTX6rowpTGqE8","confirmed":true,"finalResult":"SUCCESS"},{"transaction_id":"c5625b9018667856c0dc31c019328d95bd94aa15672382d86d56045fd746e265","contractRet":"SUCCESS","toAddressIsContract":false,"block_ts":1552549863000,"fromAddressIsContract":true,"to_address":"TBH4ZLY33JmHK5y7DCLzT9xsYzb2B8zQ2E","block":7478586,"quant":"3000000","from_address":"TCgnJmYmMUJ9eS6x62Vj7YFfpBM1DTL8V8","confirmed":true,"finalResult":"SUCCESS"},{"transaction_id":"57c98122681b349196febb224823dcdc6a7b3ff4293592985a5aed3dfc057bbf","contractRet":"SUCCESS","toAddressIsContract":false,"block_ts":1552549863000,"fromAddressIsContract":true,"to_address":"TYTMdWAsRqRw1vhSwbAbKMZAhR3Nx7TD3d","block":7478586,"quant":"451822857","from_address":"TCgnJmYmMUJ9eS6x62Vj7YFfpBM1DTL8V8","confirmed":true,"finalResult":"SUCCESS"},{"transaction_id":"ab631288a696334050d4832f7b2cf4e57914fea5672ac351036688c46f22e97a","contractRet":"SUCCESS","toAddressIsContract":true,"block_ts":1552549854000,"fromAddressIsContract":false,"to_address":"TCgnJmYmMUJ9eS6x62Vj7YFfpBM1DTL8V8","block":7478583,"quant":"3000000","from_address":"TWJedvVQLMg6gbCZ7U7FUdW4d6tAQVPHLb","confirmed":true,"finalResult":"SUCCESS"},{"transaction_id":"c80b0f09aa8321aa0fb54707104fa08fffde1cab19da0b63b3b9f10731c4873d","contractRet":"SUCCESS","toAddressIsContract":true,"block_ts":1552549851000,"fromAddressIsContract":false,"to_address":"TSGE2LwwjFdrVkTLEGS6jT8qHaWF1hWky6","block":7478582,"quant":"8696000","from_address":"TMpmYtKpzHXBD9RLvpn2tXqQZA6tzNBTMQ","confirmed":true,"finalResult":"SUCCESS"},{"transaction_id":"69abaf0667a34b278685b84d7139c51c90dec9515e320964845b1bec5f1dd82a","contractRet":"SUCCESS","toAddressIsContract":false,"block_ts":1552549848000,"fromAddressIsContract":true,"to_address":"TWJedvVQLMg6gbCZ7U7FUdW4d6tAQVPHLb","block":7478581,"quant":"3000000","from_address":"TCgnJmYmMUJ9eS6x62Vj7YFfpBM1DTL8V8","confirmed":true,"finalResult":"SUCCESS"},{"transaction_id":"5a1c98998278ade844dea3520ae065d1c3b130342a9920c0b3f739fc16a1d5ce","contractRet":"SUCCESS","toAddressIsContract":true,"block_ts":1552549848000,"fromAddressIsContract":false,"to_address":"TSGE2LwwjFdrVkTLEGS6jT8qHaWF1hWky6","block":7478581,"quant":"77585000","from_address":"TTWGo4pwk6s5ED8zcmxW4pNLSxps3QHjsR","confirmed":true,"finalResult":"SUCCESS"},{"transaction_id":"579494985c4111f72560e97a2241d14d9bff1d5014a1a7432c0ba4ff248cf7b1","contractRet":"SUCCESS","toAddressIsContract":true,"block_ts":1552549836000,"fromAddressIsContract":false,"to_address":"TSGE2LwwjFdrVkTLEGS6jT8qHaWF1hWky6","block":7478577,"quant":"2932614000","from_address":"TYTMdWAsRqRw1vhSwbAbKMZAhR3Nx7TD3d","confirmed":true,"finalResult":"SUCCESS"},{"transaction_id":"b8e8c1c6ec6ea5b5b93ea8df755d37264e2bae1b0ba4c48c2238b3653768a19c","contractRet":"SUCCESS","toAddressIsContract":false,"block_ts":1552549833000,"fromAddressIsContract":true,"to_address":"TE2M6Ci4GWPKP68CdMeZ4vUpPNLkq1TFW9","block":7478576,"quant":"124626323","from_address":"TCgnJmYmMUJ9eS6x62Vj7YFfpBM1DTL8V8","confirmed":true,"finalResult":"SUCCESS"},{"transaction_id":"3ec2efa7aa2d13f39f5c84848c0f8a4a3c0976997e6ee5ab8c61ae5c135a1c64","contractRet":"SUCCESS","toAddressIsContract":false,"block_ts":1552549818000,"fromAddressIsContract":true,"to_address":"TTWGo4pwk6s5ED8zcmxW4pNLSxps3QHjsR","block":7478571,"quant":"1271904","from_address":"TCgnJmYmMUJ9eS6x62Vj7YFfpBM1DTL8V8","confirmed":true,"finalResult":"SUCCESS"},{"transaction_id":"0b641222c3d5eb9dbaeb43264a401fd43456e76813592d170bf1a6aefb5864ce","contractRet":"SUCCESS","toAddressIsContract":false,"block_ts":1552549815000,"fromAddressIsContract":true,"to_address":"TMpmYtKpzHXBD9RLvpn2tXqQZA6tzNBTMQ","block":7478570,"quant":"8695652","from_address":"TD31SKej4iFWZ7NvWVC9DapJNZA3ofaKbB","confirmed":true,"finalResult":"SUCCESS"},{"transaction_id":"40a8c317bf4689b67c70c4713d1d1c23a1f4a2377d8d9acdfe9fd66ac7da79e3","contractRet":"SUCCESS","toAddressIsContract":true,"block_ts":1552549815000,"fromAddressIsContract":false,"to_address":"TSGE2LwwjFdrVkTLEGS6jT8qHaWF1hWky6","block":7478570,"quant":"2408978000","from_address":"TKJ5TJsRsYeBo2pFEZf4N1yap5wRhB7JyQ","confirmed":true,"finalResult":"SUCCESS"},{"transaction_id":"62403a8f06ebbde5f76aa45f3bff37301e1ebcddb39a53f01661093ea1adce46","contractRet":"SUCCESS","toAddressIsContract":false,"block_ts":1552549815000,"fromAddressIsContract":true,"to_address":"TJNVdUFZA7sjtJ26NHKiFYkWzRUveuQjmZ","block":7478570,"quant":"304342","from_address":"TD31SKej4iFWZ7NvWVC9DapJNZA3ofaKbB","confirmed":true,"finalResult":"SUCCESS"},{"transaction_id":"1da235cf38fd448d1d7207ca782634371a78d620479c251c7a0ee01dd81f32e4","contractRet":"SUCCESS","toAddressIsContract":false,"block_ts":1552549812000,"fromAddressIsContract":true,"to_address":"TJFM4LQFBTGAH8Yq3R2z8zCw6NNANDAsW1","block":7478569,"quant":"20102000","from_address":"TXcc44eug1kDvCeb5s6TdZJeJcxqWNSe23","confirmed":true,"finalResult":"SUCCESS"}]
12:58:54.455 [TestNG-tests-1] INFO tron.common.TronscanApiList - JSON content size are: 3
12:58:54.455 [TestNG-tests-1] INFO tron.common.TronscanApiList - ----------------------------Print JSON End-----------------------------
]]></system-out>
  <system-err><![CDATA[]]></system-err>
</testsuite>
