<?xml version="1.0" encoding="UTF-8"?>
<testsuite name="tron.tronscan.api.AccountsList" tests="5" skipped="0" failures="0" errors="0" timestamp="2020-03-27T04:57:50" hostname="zhukaideiMac.local" time="3.17">
  <properties/>
  <testcase name="getAccountList" classname="tron.tronscan.api.AccountsList" time="0.85"/>
  <testcase name="getAccountSr" classname="tron.tronscan.api.AccountsList" time="0.483"/>
  <testcase name="getAccountStats" classname="tron.tronscan.api.AccountsList" time="0.642"/>
  <testcase name="getAccountVote" classname="tron.tronscan.api.AccountsList" time="0.512"/>
  <testcase name="test01getAccount" classname="tron.tronscan.api.AccountsList" time="0.683"/>
  <system-out><![CDATA[12:57:50.013 [TestNG-tests-1] DEBUG org.apache.http.impl.conn.PoolingClientConnectionManager - Connection request: [route: {}->http://apilist.tronscan.org:80][total kept alive: 0; route allocated: 0 of 80; total allocated: 0 of 100]
12:57:50.013 [TestNG-tests-1] DEBUG org.apache.http.impl.conn.PoolingClientConnectionManager - Connection leased: [id: 30][route: {}->http://apilist.tronscan.org:80][total kept alive: 0; route allocated: 1 of 80; total allocated: 1 of 100]
12:57:50.013 [TestNG-tests-1] DEBUG org.apache.http.impl.conn.DefaultClientConnectionOperator - Connecting to apilist.tronscan.org:80
12:57:50.241 [TestNG-tests-1] DEBUG org.apache.http.client.protocol.RequestAddCookies - CookieSpec selected: default
12:57:50.241 [TestNG-tests-1] DEBUG org.apache.http.client.protocol.RequestAuthCache - Auth cache not set in the context
12:57:50.241 [TestNG-tests-1] DEBUG org.apache.http.client.protocol.RequestTargetAuthentication - Target auth state: UNCHALLENGED
12:57:50.241 [TestNG-tests-1] DEBUG org.apache.http.client.protocol.RequestProxyAuthentication - Proxy auth state: UNCHALLENGED
12:57:50.241 [TestNG-tests-1] DEBUG org.apache.http.impl.client.DefaultHttpClient - Attempt 1 to execute request
12:57:50.241 [TestNG-tests-1] DEBUG org.apache.http.impl.conn.DefaultClientConnection - Sending request: GET /api/account?address=TWd4WrZ9wn84f5x1hZhL4DHvk738ns5jwb HTTP/1.1
12:57:50.241 [TestNG-tests-1] DEBUG org.apache.http.wire -  >> "GET /api/account?address=TWd4WrZ9wn84f5x1hZhL4DHvk738ns5jwb HTTP/1.1[\r][\n]"
12:57:50.241 [TestNG-tests-1] DEBUG org.apache.http.wire -  >> "Content-type: application/json; charset=utf-8[\r][\n]"
12:57:50.241 [TestNG-tests-1] DEBUG org.apache.http.wire -  >> "Connection: Close[\r][\n]"
12:57:50.241 [TestNG-tests-1] DEBUG org.apache.http.wire -  >> "Host: apilist.tronscan.org[\r][\n]"
12:57:50.241 [TestNG-tests-1] DEBUG org.apache.http.wire -  >> "User-Agent: Apache-HttpClient/4.5.3 (Java/1.8.0_211)[\r][\n]"
12:57:50.241 [TestNG-tests-1] DEBUG org.apache.http.wire -  >> "[\r][\n]"
12:57:50.241 [TestNG-tests-1] DEBUG org.apache.http.headers - >> GET /api/account?address=TWd4WrZ9wn84f5x1hZhL4DHvk738ns5jwb HTTP/1.1
12:57:50.241 [TestNG-tests-1] DEBUG org.apache.http.headers - >> Content-type: application/json; charset=utf-8
12:57:50.241 [TestNG-tests-1] DEBUG org.apache.http.headers - >> Connection: Close
12:57:50.241 [TestNG-tests-1] DEBUG org.apache.http.headers - >> Host: apilist.tronscan.org
12:57:50.241 [TestNG-tests-1] DEBUG org.apache.http.headers - >> User-Agent: Apache-HttpClient/4.5.3 (Java/1.8.0_211)
12:57:50.555 [TestNG-tests-1] DEBUG org.apache.http.wire -  << "HTTP/1.1 200 OK[\r][\n]"
12:57:50.555 [TestNG-tests-1] DEBUG org.apache.http.wire -  << "Server: nginx[\r][\n]"
12:57:50.556 [TestNG-tests-1] DEBUG org.apache.http.wire -  << "Date: Fri, 27 Mar 2020 04:57:51 GMT[\r][\n]"
12:57:50.556 [TestNG-tests-1] DEBUG org.apache.http.wire -  << "Content-Type: application/json;charset=utf-8[\r][\n]"
12:57:50.556 [TestNG-tests-1] DEBUG org.apache.http.wire -  << "Content-Length: 18237[\r][\n]"
12:57:50.556 [TestNG-tests-1] DEBUG org.apache.http.wire -  << "Connection: close[\r][\n]"
12:57:50.556 [TestNG-tests-1] DEBUG org.apache.http.wire -  << "Vary: Accept-Encoding[\r][\n]"
12:57:50.556 [TestNG-tests-1] DEBUG org.apache.http.wire -  << "Access-Control-Allow-Origin: *[\r][\n]"
12:57:50.556 [TestNG-tests-1] DEBUG org.apache.http.wire -  << "Access-Control-Allow-Headers: DNT,X-Mx-ReqToken,Keep-Alive,User-Agent,X-Requested-With,If-Modified-Since,Cache-Control,Content-Type,Authorization[\r][\n]"
12:57:50.556 [TestNG-tests-1] DEBUG org.apache.http.wire -  << "Access-Control-Allow-Methods: GET,POST,PUT,DELETE,OPTIONS[\r][\n]"
12:57:50.556 [TestNG-tests-1] DEBUG org.apache.http.wire -  << "X-Proxy-Cache: HIT[\r][\n]"
12:57:50.556 [TestNG-tests-1] DEBUG org.apache.http.wire -  << "[\r][\n]"
12:57:50.556 [TestNG-tests-1] DEBUG org.apache.http.impl.conn.DefaultClientConnection - Receiving response: HTTP/1.1 200 OK
12:57:50.556 [TestNG-tests-1] DEBUG org.apache.http.headers - << HTTP/1.1 200 OK
12:57:50.556 [TestNG-tests-1] DEBUG org.apache.http.headers - << Server: nginx
12:57:50.556 [TestNG-tests-1] DEBUG org.apache.http.headers - << Date: Fri, 27 Mar 2020 04:57:51 GMT
12:57:50.556 [TestNG-tests-1] DEBUG org.apache.http.headers - << Content-Type: application/json;charset=utf-8
12:57:50.556 [TestNG-tests-1] DEBUG org.apache.http.headers - << Content-Length: 18237
12:57:50.556 [TestNG-tests-1] DEBUG org.apache.http.headers - << Connection: close
12:57:50.556 [TestNG-tests-1] DEBUG org.apache.http.headers - << Vary: Accept-Encoding
12:57:50.556 [TestNG-tests-1] DEBUG org.apache.http.headers - << Access-Control-Allow-Origin: *
12:57:50.556 [TestNG-tests-1] DEBUG org.apache.http.headers - << Access-Control-Allow-Headers: DNT,X-Mx-ReqToken,Keep-Alive,User-Agent,X-Requested-With,If-Modified-Since,Cache-Control,Content-Type,Authorization
12:57:50.556 [TestNG-tests-1] DEBUG org.apache.http.headers - << Access-Control-Allow-Methods: GET,POST,PUT,DELETE,OPTIONS
12:57:50.556 [TestNG-tests-1] DEBUG org.apache.http.headers - << X-Proxy-Cache: HIT
http://apilist.tronscan.org/api/account?address=TWd4WrZ9wn84f5x1hZhL4DHvk738ns5jwb 请求总耗时：543 毫秒
12:57:50.556 [TestNG-tests-1] DEBUG org.apache.http.wire -  << "{"trc20token_balances":[{"symbol":"REY","balance":"5000000","decimals":6,"name":"REY","contract_address":"TMWkPhsb1dnkAVNy8ej53KrFNGWy9BJrfu"},{"symbol":"LVH","balance":"8000000","decimals":6,"name":"LoveHeartsToken","contract_address":"TGbhcodQ1jRWB3ZywmfwsRTh4rwbiL2mzh","priceInTrx":0.000485},{"symbol":"WIN","balance":"326600326762646","decimals":6,"name":"WINK","contract_address":"TLa2f6VPqDgRE67v1736s7bJ8Ray5wYjU7","priceInTrx":0.007380},{"symbol":"EME","balance":"16491","decimals":6,"name":"Enme Token","contract_address":"TCRhVHPv6efvXgogNMhiunAMXFKcMmv2pF"},{"symbol":"NOLE","balance":"10000","decimals":6,"name":"NoleCoin","contract_address":"TPt8DTDBZYfJ9fuyRjdWJr4PP68tRfptLG"},{"symbol":"PYRO","balance":"5000000000","decimals":6,"name":"PYRO Network","contract_address":"TMCMPzmosnQ8UAYW1zcBwjLTxDq8ce4Y5e"}],"allowExchange":[],"address":"TWd4WrZ9wn84f5x1hZhL4DHvk738ns5jwb","frozen_supply":[],"bandwidth":{"energyRemaining":62,"totalEnergyLimit":100000000000,"totalEnergyWeight":1596361051,"netUsed":0,"storageLimit":0,"storagePercentage":0.0,"assets":{"1002446":{"netPercentage":0.0,"netLimit":0,"netRemaining":0,"netUsed":0},"1002721":{"netPercentage":0.0,"netLimit":0,"netRemaining":0,"netUsed":0},"1001433":{"netPercentage":0.0,"netLimit":0,"netRemaining":0,"netUsed":0},"1002646":{"netPercentage":0.0,"netLimit":0,"netRemaining":0,"ne"
12:57:50.556 [TestNG-tests-1] DEBUG org.apache.http.wire -  << "tUsed":0},"1002288":{"netPercentage":0.0,"netLimit":0,"netRemaining":0,"netUsed":0},"1002001":{"netPercentage":0.0,"netLimit":0,"netRemaining":0,"netUsed":0},"1002683":{"netPercentage":0.0,"netLimit":0,"netRemaining":0,"netUsed":0},"1002881":{"netPercentage":0.0,"netLimit":0,"netRemaining":0,"netUsed":0},"1002488":{"netPercentage":0.0,"netLimit":0,"netRemaining":0,"netUsed":0},"1001079":{"netPercentage":0.0,"netLimit":0,"netRemaining":0,"netUsed":0},"1001112":{"netPercentage":0.0,"netLimit":0,"netRemaining":0,"netUsed":0},"1002762":{"netPercentage":0.0,"netLimit":0,"netRemaining":0,"netUsed":0},"1000745":{"netPercentage":0.0,"netLimit":0,"netRemaining":0,"netUsed":0},"1000744":{"netPercentage":0.0,"netLimit":0,"netRemaining":0,"netUsed":0},"1002845":{"netPercentage":0.0,"netLimit":0,"netRemaining":0,"netUsed":0},"1001517":{"netPercentage":0.0,"netLimit":0,"netRemaining":0,"netUsed":0},"1000746":{"netPercentage":0.0,"netLimit":0,"netRemaining":0,"netUsed":0},"1002726":{"netPercentage":0.0,"netLimit":0,"netRemaining":0,"netUsed":0},"1002847":{"netPercentage":0.0,"netLimit":0,"netRemaining":0,"netUsed":0},"1002000":{"netPercentage":0.0,"netLimit":0,"netRemaining":0,"netUsed":0},"1001467":{"netPercentage":0.0,"netLimit":0,"netRemaining":0,"netUsed":0},"1002116":{"netPercentage":0.0,"netLimit":0,"netRemaining":0,"netUsed":0},"1002479":{"netPercentage":0.0,"netLimit":0,"netRemaining":0,"netUsed":0},"1000697":{"netPercentage":0.0,"netLimit":0,"netRemaining":0,"netUsed":0},"1001301":{"netPercentage":0.0,"netLimit":0,"netRemaining":0,"netUsed":0},"1000532":{"netPercentage":0.0,"netLimit":0,"netRemaining":0,"netUsed":0},"1002830":{"netPercentage":0.0,"netLimit":0,"netRemaining":0,"netUsed":0},"1002552":{"netPercentage":0.0,"netLimit":0,"netRemaining":0,"netUsed":0},"1000451":{"netPercentage":0.0,"netLimit":0,"netRemaining":0,"netUsed":0},"1002551":{"netPercentage":0.0,"netLimit":0,"netRemaining":0,"netUsed":0},"1002672":{"netPercentage":0.0,"netLimit":0,"netRemaining":0,"netUsed":0},"1002037":{"netPercentage":0.0,"netLimit":0,"netRemaining":0,"netUsed":0},"1002597":{"netPercentage":0.0,"netLimit":0,"netRemaining":0,"netUsed":0},"1002438":{"netPercentage":0.0,"netLimit":0,"netRemaining":0,"netUsed":0},"1002636":{"netPercentage":0.0,"netLimit":0,"netRemaining":0,"netUsed":0},"1001825":{"netPercentage":0.0,"netLimit":0,"netRemaining":0,"netUsed":0},"1002518":{"netPercentage":0.0,"netLimit":0,"netRemaining":0,"netUsed":0},"1002517":{"netPercentage":0.0,"netLimit":0,"netRemaining":0,"netUsed":0},"1000491":{"netPercentage":0.0,"netLimit":0,"netRemaining":0,"netUsed":0},"1002671":{"netPercentage":0.0,"netLimit":0,"netRemaining":0,"netUsed":0},"1001064":{"netPercentage":0.0,"netLimit":0,"netRemaining":0,"netUsed":0},"1001581":{"netPercentage":0.0,"netLimit":0,"netRemaining":0,"netUsed":0},"1002071":{"netPercentage":0.0,"netLimit":0,"netRemaining":0,"netUsed":0},"1002072":{"netPercentage":0.0,"netLimit":0,"netRemaining":0,"netUsed":0},"1002270":{"netPercentage":0.0,"netLimit":0,"netRemaining":0,"netUsed":0},"1000003":{"netPercentage":0.0,"netLimit":0,"netRemaining":0,"netUsed":0},"1000520":{"netPercentage":0.0,"netLimit":0,"netRemaining":0,"netUsed":0},"1000322":{"netPercentage":0.0,"netLimit":0,"netRemaining":0,"netUsed":0},"1002589":{"netPercentage":0.0,"netLimit":0,"netRemaining":0,"netUsed":0},"1002742":{"netPercentage":0.0,"netLimit":0,"netRemaining":0,"netUsed":0},"1000006":{"netPercentage":0.0,"netLimit":0,"netRemaining":0,"netUsed":0},"1002662":{"netPercentage":0.0,"netLimit":0,"netRemaining":0,"netUsed":0},"1001132":{"netPercentage":0.0,"netLimit":0,"netRemaining":0,"netUsed":0},"1001695":{"netPercentage":0.0,"netLimit":0,"netRemaining":0,"netUsed":0},"1002907":{"netPercentage":0.0,"netLimit":0,"netRemaining":0,"netUsed":0},"1002746":{"netPercentage":0.0,"netLimit":0,"netRemaining":0,"netUsed":0},"1001090":{"netPercentage":0.0,"netLimit":0,"netRemaining":0,"netUsed":0},"1002384":{"netPercentage":0.0,"netLimit":0,"netRemaining":0,"netUsed":0},"1002897":{"netPercentage":0.0,"netLimit":0,"netRemaining":0,"netUsed":0},"1000872":{"netPercentage":0.0,"netLimit":0,"netRemaining":0,"netUsed":0},"1002577":{"netPercentage":0.0,"netLimit":0,"netRemaining":0,"netUsed":0},"1002775":{"netPercentage":0.0,"netLimit":0,"netRemaining":0,"netUsed":0},"1002459":{"netPercentage":0.0,"netLimit":0,"netRemaining":0,"netUsed":0},"1002657":{"netPercentage":0.0,"netLimit":0,"netRemaining":0,"netUsed":0},"1001446":{"netPercentage":0.0,"netLimit":0,"netRemaining":0,"netUsed":0},"1000396":{"netPercentage":0.0,"netLimit":0,"netRemaining":0,"netUsed":0},"1002851":{"netPercentage":0.0,"netLimit":0,"netRemaining":0,"netUsed":0},"1000959":{"netPercentage":0.0,"netLimit":0,"netRemaining":0,"netUsed":0},"1002814":{"netPercentage":0.0,"netLimit":0,"netRemaining":0,"netUsed":0},"1002858":{"netPercentage":0.0,"netLimit":0,"netRemaining":0,"netUsed":0},"1002099":{"netPercentage":0.0,"netLimit":0,"netRemaining":0,"netUsed":0}},"netPercentage":0.0,"storageUsed":0,"storageRemaining":0,"freeNetLimit":5000,"energyUsed":0,"freeNetRemaining":5000,"netLimit":0,"netRemaining":0,"energyLimit":62,"freeNetUsed":0,"totalNetWeight":23848962969,"freeNetPercentage":0.0,"energyPercentage":0.0,"totalNetLimit":43200000000},"accountType":0,"addressTag":"Binance-Cold 2","exchanges":[],"frozen":{"total":0,"balances":[]},"accountResource":{"frozen_balance_for_energy":{}},"tokenBalances":[{"balance":100572280132053,"name":"_"},{"balance":1000000,"name":"1001301","owner_address":"TVgJEbc9NEYxVr1h6rJQiMqySePsJQDCA7"},{"balance":2,"name":"1000745","owner_address":"TPCEi45wZQ1PPChUg5uqoK1D5kKnjCR8Li"},{"balance":10,"name":"1001433","owner_address":"TWPMz6FPEAV6qP4VRMG3Y69ftEov1R7YWT"},{"balance":10,"name":"1000532","owner_address":"TGQwBNht8h3zev4gBtDMoQjWE2WJm1Zr9B"},{"balance":13,"name":"1001090","owner_address":"TU1LUTYDMG6iihimUpAmdnnBthawPKh1cm","priceInTrx":0.005500},{"balance":10,"name":"1001517","owner_address":"TMgC4y5btvtZfhUZYSBcM2Cx2YbNYnVoLm"},{"balance":10,"name":"1001064","owner_address":"THnWV416C9mfJ1LFwopUjGXZEr1xFtAdrD"},{"balance":7742069,"name":"1002037","owner_address":"TBekuTCZwPG2o88SmiS58VALkxBemoX4yS"},{"balance":16954,"name":"1002071","owner_address":"TS79aik831csqUnQgnqrKG6hov2iL8yPbD"},{"balance":229784503478315,"name":"1002072","owner_address":"TP6PtaBSMM6sfWtWWD9k77YHWGmh7K3Lae"},{"balance":7000000000000000,"name":"1002000","owner_address":"TF5Bn4cJCT6GVeUgyCN4rBhDg42KBrpAjg","priceInTrx":0.018500},{"balance":520,"name":"1000451","owner_address":"THPXuypwcnWo4wi5KqFfuRjgjeT5khUDKF"},{"balance":10000000,"name":"1001695","owner_address":"TMcp6TajKUGm3AJY3S4nd7KRinrkdSDJbe"},{"balance":50000000,"name":"1002099","owner_address":"TYWmiPERm9kWUcnduqaE5jxT7eeZxfn5SQ"},{"balance":7,"name":"1000322","owner_address":"TDGy2M9qWBepSHDEutWWxWd1JZfmAed3BP","priceInTrx":0.000310},{"balance":12,"name":"1001825","owner_address":"TPcUbNeYwwYqbX23w3sVf1X61cwpAfPK2T"},{"balance":1000,"name":"1002384","owner_address":"TFYuPxyjDTvH1TLm2phpzJFw7AhjCgu8xP"},{"balance":6662,"name":"1001132","owner_address":"TWDUanVdxEShjpbiX57ExztMCDy8vCFcHh"},{"balance":10000050,"name":"1002116","owner_address":"TAEvo6MgLgV3A75L3cr3BAsLDJikWcAt3j"},{"balance":100100,"name":"1001581","owner_address":"TNkRSKWP7VvdrisTwC8iNzUV6MRoEJh6xx"},{"balance":50000000,"name":"1002446","owner_address":"TJKf72NjL1cR49SHfDnPTXTFjRwjgr7v8Z"},{"balance":1,"name":"1001079","owner_address":"TLQfc5EwZQqZc6jMNkMpxyJy5wucA6UX24"},{"balance":10480000,"name":"1002479","owner_address":"TSKwXMaPqGKmxjoE2chGguQcuUx9cuR47D"},{"balance":10000000,"name":"1002288","owner_address":"TPzfpaaKUPgJPZ39YeyvBaTYNXBYpnhxDg"},{"balance":1,"name":"1002488","owner_address":"TMeAzhdgzu1sFMTsP75BffJ2tEzuGsYqR6"},{"balance":10000000,"name":"1002459","owner_address":"TNWy3mX85JsX2mPLgLc4cKJiWtJahhz3t3"},{"balance":66666,"name":"1002438","owner_address":"TMqNJwD3qVmuRxzzP3Q4A24fuByVBKQ39E"},{"balance":10000000,"name":"1002517","owner_address":"TP9m11ERHhE1qgDtL83c2AHHNkWvdUfKTz"},{"balance":10000000,"name":"1000697","owner_address":"TRtY8oJGwRHrWbLYgos1uWWJHA1Hvt65uw"},{"balance":983,"name":"1001112","owner_address":"TVbf7WUSHDKRVDeKYxYBDvfut3vS2YnJap"},{"balance":100000"
12:57:50.556 [TestNG-tests-1] DEBUG org.apache.http.wire -  << "00000,"name":"1002551","owner_address":"TVrGxBCQkWjQ52D7S67UgFsUzcX4E8EsNB"},{"balance":100000000,"name":"1000872","owner_address":"TWfmkWdc2UVxcXrrAuut8MerPkfPbu4U7c"},{"balance":10000000,"name":"1002552","owner_address":"TCxeAH2ajBqoWzqV9m5YiFTyeQ5FvzVqSH"},{"balance":1325000,"name":"1002270","owner_address":"TMSpdYHCgZuxM7AjqKsjGMM1cpxraFuZGp"},{"balance":10000000,"name":"1002597","owner_address":"TDEBhgsdGTSzrgMsPDUQ1pt59fR6wWR7Rq"},{"balance":1000000,"name":"1002662","owner_address":"TEV5PJWga6crSeNLHmHaaco8fon6nm74wJ"},{"balance":24120,"name":"1002657","owner_address":"TCKiVea721ycNAWonb2dpwr65AJkMiGSFb"},{"balance":25000000000,"name":"1002518","owner_address":"TC1yZaa75GPPzM26pxfSP3AxsPT8yartQR"},{"balance":10000000,"name":"1002672","owner_address":"TBHJCf3nymJPt1hVPjSJfH5ssJLdNMPepe"},{"balance":3000000,"name":"1002671","owner_address":"TDQ5q4Hf6UqR43Smp67sndMQfdTcGgP88s"},{"balance":30,"name":"1002577","owner_address":"TGZzci6a9wtcSiNekqYLP84ECRoaJ6pBwY"},{"balance":10000,"name":"1002726","owner_address":"TRXw3Ggt3xs3fHbcoark1aeKwUZFKTYcsS"},{"balance":1800000,"name":"1002683","owner_address":"TL6YggMQQ3YFEc41wesBMHZjDxcGpX3y5q"},{"balance":10000000,"name":"1002721","owner_address":"TUkUgsTTo74B9XG9da4d2NsaZqCKLNFwNS"},{"balance":10000000,"name":"1002646","owner_address":"TRUnzvtzT6o35M4XHUvKr48yCZjw4dQyvp"},{"balance":6520000000,"name":"1002589","owner_address":"TUL9NhGQkRFLTRcHGkdoSniAeVaNPZGgot"},{"balance":10000000,"name":"1002742","owner_address":"TWfrNPVGDh1tyPVM79bfEASb7jw2bLbZPJ"},{"balance":41609185915000000,"name":"1002762","owner_address":"TRChSJM8TjQj7vvJCN9W8WBcfkJq2eBxgv"},{"balance":10000000,"name":"1002775","owner_address":"TRHx5JmDPDb8PMWTGt4rEJpiYctWysuA29"},{"balance":10000000,"name":"1002746","owner_address":"TQbbAyfcrKERXjUDf8TZfcdtjFQbCSgEfc"},{"balance":10000000,"name":"1002636","owner_address":"TKL54NcGXvBckkGbPjYzAmdwFs3usv8VY9"},{"balance":10000000,"name":"1002814","owner_address":"TNvq4y2A2beBENtcGknwhX6XHgk8hqgnVh"},{"balance":1000000000,"name":"1002851","owner_address":"T9zd5NHCSyBndsdbf5VQUF5FQmrRV96HkR"},{"balance":10000000,"name":"1002845","owner_address":"TUzpDkzjWkZasA6Dx7nx5PPskMkCcNxVyQ"},{"balance":10000000,"name":"1002897","owner_address":"TPKqse19ALipJ1uBZHGWHzuTrQqZa4HtaM"},{"balance":10000000,"name":"1002858","owner_address":"TRKJcugHJeffVpCAFGapZMwuH8HaTWjbof"},{"balance":10000000,"name":"1002907","owner_address":"TKC9HMUXx3qLE7d19KWzWVjFxEcWQdSYK9"},{"balance":100,"name":"1002847","owner_address":"TJz3YaEaeceU3qhsanaomQp9oomR2Rbecf"},{"balance":10000000,"name":"1002830","owner_address":"THLLMnsEKEci5e5dJHnW28QQU8AujGhSoK"},{"balance":10000000,"name":"1002881","owner"
12:57:50.861 [TestNG-tests-1] DEBUG org.apache.http.wire -  << "_address":"TWpKN6y3NVXm5mMjGmPEtLpS6boGM4q8T4"}],"balances":[{"balance":100572280132053,"name":"_"},{"balance":1000000,"name":"1001301","owner_address":"TVgJEbc9NEYxVr1h6rJQiMqySePsJQDCA7"},{"balance":2,"name":"1000745","owner_address":"TPCEi45wZQ1PPChUg5uqoK1D5kKnjCR8Li"},{"balance":10,"name":"1001433","owner_address":"TWPMz6FPEAV6qP4VRMG3Y69ftEov1R7YWT"},{"balance":10,"name":"1000532","owner_address":"TGQwBNht8h3zev4gBtDMoQjWE2WJm1Zr9B"},{"balance":13,"name":"1001090","owner_address":"TU1LUTYDMG6iihimUpAmdnnBthawPKh1cm","priceInTrx":0.005500},{"balance":10,"name":"1001517","owner_address":"TMgC4y5btvtZfhUZYSBcM2Cx2YbNYnVoLm"},{"balance":10,"name":"1001064","owner_address":"THnWV416C9mfJ1LFwopUjGXZEr1xFtAdrD"},{"balance":7742069,"name":"1002037","owner_address":"TBekuTCZwPG2o88SmiS58VALkxBemoX4yS"},{"balance":16954,"name":"1002071","owner_address":"TS79aik831csqUnQgnqrKG6hov2iL8yPbD"},{"balance":229784503478315,"name":"1002072","owner_address":"TP6PtaBSMM6sfWtWWD9k77YHWGmh7K3Lae"},{"balance":7000000000000000,"name":"1002000","owner_address":"TF5Bn4cJCT6GVeUgyCN4rBhDg42KBrpAjg","priceInTrx":0.018500},{"balance":520,"name":"1000451","owner_address":"THPXuypwcnWo4wi5KqFfuRjgjeT5khUDKF"},{"balance":10000000,"name":"1001695","owner_address":"TMcp6TajKUGm3AJY3S4nd7KRinrkdSDJbe"},{"balance":50000000,"name":"1002099","owner_address":"TYWmiPER"
12:57:50.862 [TestNG-tests-1] DEBUG org.apache.http.wire -  << "m9kWUcnduqaE5jxT7eeZxfn5SQ"},{"balance":7,"name":"1000322","owner_address":"TDGy2M9qWBepSHDEutWWxWd1JZfmAed3BP","priceInTrx":0.000310},{"balance":12,"name":"1001825","owner_address":"TPcUbNeYwwYqbX23w3sVf1X61cwpAfPK2T"},{"balance":1000,"name":"1002384","owner_address":"TFYuPxyjDTvH1TLm2phpzJFw7AhjCgu8xP"},{"balance":6662,"name":"1001132","owner_address":"TWDUanVdxEShjpbiX57ExztMCDy8vCFcHh"},{"balance":10000050,"name":"1002116","owner_address":"TAEvo6MgLgV3A75L3cr3BAsLDJikWcAt3j"},{"balance":100100,"name":"1001581","owner_address":"TNkRSKWP7VvdrisTwC8iNzUV6MRoEJh6xx"},{"balance":50000000,"name":"1002446","owner_address":"TJKf72NjL1cR49SHfDnPTXTFjRwjgr7v8Z"},{"balance":1,"name":"1001079","owner_address":"TLQfc5EwZQqZc6jMNkMpxyJy5wucA6UX24"},{"balance":10480000,"name":"1002479","owner_address":"TSKwXMaPqGKmxjoE2chGguQcuUx9cuR47D"},{"balance":10000000,"name":"1002288","owner_address":"TPzfpaaKUPgJPZ39YeyvBaTYNXBYpnhxDg"},{"balance":1,"name":"1002488","owner_address":"TMeAzhdgzu1sFMTsP75BffJ2tEzuGsYqR6"},{"balance":10000000,"name":"1002459","owner_address":"TNWy3mX85JsX2mPLgLc4cKJiWtJahhz3t3"},{"balance":66666,"name":"1002438","owner_address":"TMqNJwD3qVmuRxzzP3Q4A24fuByVBKQ39E"},{"balance":10000000,"name":"1002517","owner_address":"TP9m11ERHhE1qgDtL83c2AHHNkWvdUfKTz"},{"balance":10000000,"name":"1000697","owner_address":"TRtY8oJGwRHrWbLYgo"
12:57:50.862 [TestNG-tests-1] DEBUG org.apache.http.wire -  << "s1uWWJHA1Hvt65uw"},{"balance":983,"name":"1001112","owner_address":"TVbf7WUSHDKRVDeKYxYBDvfut3vS2YnJap"},{"balance":10000000000,"name":"1002551","owner_address":"TVrGxBCQkWjQ52D7S67UgFsUzcX4E8EsNB"},{"balance":100000000,"name":"1000872","owner_address":"TWfmkWdc2UVxcXrrAuut8MerPkfPbu4U7c"},{"balance":10000000,"name":"1002552","owner_address":"TCxeAH2ajBqoWzqV9m5YiFTyeQ5FvzVqSH"},{"balance":1325000,"name":"1002270","owner_address":"TMSpdYHCgZuxM7AjqKsjGMM1cpxraFuZGp"},{"balance":10000000,"name":"1002597","owner_address":"TDEBhgsdGTSzrgMsPDUQ1pt59fR6wWR7Rq"},{"balance":1000000,"name":"1002662","owner_address":"TEV5PJWga6crSeNLHmHaaco8fon6nm74wJ"},{"balance":24120,"name":"1002657","owner_address":"TCKiVea721ycNAWonb2dpwr65AJkMiGSFb"},{"balance":25000000000,"name":"1002518","owner_address":"TC1yZaa75GPPzM26pxfSP3AxsPT8yartQR"},{"balance":10000000,"name":"1002672","owner_address":"TBHJCf3nymJPt1hVPjSJfH5ssJLdNMPepe"},{"balance":3000000,"name":"1002671","owner_address":"TDQ5q4Hf6UqR43Smp67sndMQfdTcGgP88s"},{"balance":30,"name":"1002577","owner_address":"TGZzci6a9wtcSiNekqYLP84ECRoaJ6pBwY"},{"balance":10000,"name":"1002726","owner_address":"TRXw3Ggt3xs3fHbcoark1aeKwUZFKTYcsS"},{"balance":1800000,"name":"1002683","owner_address":"TL6YggMQQ3YFEc41wesBMHZjDxcGpX3y5q"},{"balance":10000000,"name":"1002721","owner_address":"TUkUgsTTo74B9XG9da4d2NsaZqCKLNFwNS"},{"balance":10000000,"name":"1002646","owner_address":"TRUnzvtzT6o35M4XHUvKr48yCZjw4dQyvp"},{"balance":6520000000,"name":"1002589","owner_address":"TUL9NhGQkRFLTRcHGkdoSniAeVaNPZGgot"},{"balance":10000000,"name":"1002742","owner_address":"TWfrNPVGDh1tyPVM79bfEASb7jw2bLbZPJ"},{"balance":41609185915000000,"name":"1002762","owner_address":"TRChSJM8TjQj7vvJCN9W8WBcfkJq2eBxgv"},{"balance":10000000,"name":"1002775","owner_address":"TRHx5JmDPDb8PMWTGt4rEJpiYctWysuA29"},{"balance":10000000,"name":"1002746","owner_address":"TQbbAyfcrKERXjUDf8TZfcdtjFQbCSgEfc"},{"balance":10000000,"name":"1002636","owner_address":"TKL54NcGXvBckkGbPjYzAmdwFs3usv8VY9"},{"balance":10000000,"name":"1002814","owner_address":"TNvq4y2A2beBENtcGknwhX6XHgk8hqgnVh"},{"balance":1000000000,"name":"1002851","owner_address":"T9zd5NHCSyBndsdbf5VQUF5FQmrRV96HkR"},{"balance":10000000,"name":"1002845","owner_address":"TUzpDkzjWkZasA6Dx7nx5PPskMkCcNxVyQ"},{"balance":10000000,"name":"1002897","owner_address":"TPKqse19ALipJ1uBZHGWHzuTrQqZa4HtaM"},{"balance":10000000,"name":"1002858","owner_address":"TRKJcugHJeffVpCAFGapZMwuH8HaTWjbof"},{"balance":10000000,"name":"1002907","owner_address":"TKC9HMUXx3qLE7d19KWzWVjFxEcWQdSYK9"},{"balance":100,"name":"1002847","owner_address":"TJz3YaEaeceU3qhsanaomQp9oomR2Rbecf"},{"balance":10000000,"name":"1002830","owner_address":"THLLMnsEKEci5e5dJHnW28QQU8AujGhSoK"},{"balance":10000000,"name":"1002881","owner_address":"TWpKN6y3NVXm5mMjGmPEtLpS6boGM4q8T4"}],"balance":100572280132053,"voteTotal":0,"name":"","delegated":{"sentDelegatedBandwidth":[],"sentDelegatedResource":[],"receivedDelegatedResource":[{"expire_time_for_energy":1549004112000,"frozen_balance_for_energy":1000000,"from":"TCx6NMya57eXwYru6wKdwNKULscdHzAkBH","to":"TWd4WrZ9wn84f5x1hZhL4DHvk738ns5jwb"}],"receivedDelegatedBandwidth":[]},"totalTransactionCount":190,"representative":{"lastWithDrawTime":0,"allowance":0,"enabled":false,"url":""},"activePermissions":[]}[\n]"
12:57:50.862 [TestNG-tests-1] DEBUG org.apache.http.impl.conn.DefaultClientConnection - Connection 0.0.0.0:61061<->18.216.178.128:80 closed
12:57:50.862 [TestNG-tests-1] DEBUG org.apache.http.impl.conn.PoolingClientConnectionManager - Connection released: [id: 30][route: {}->http://apilist.tronscan.org:80][total kept alive: 0; route allocated: 0 of 80; total allocated: 0 of 100]
12:57:50.862 [TestNG-tests-1] INFO tron.common.TronscanApiList - ----------------------------Print JSON Start---------------------------
12:57:50.862 [TestNG-tests-1] INFO tron.common.TronscanApiList - trc20token_balances:[{"symbol":"REY","balance":"5000000","decimals":6,"name":"REY","contract_address":"TMWkPhsb1dnkAVNy8ej53KrFNGWy9BJrfu"},{"symbol":"LVH","balance":"8000000","decimals":6,"name":"LoveHeartsToken","contract_address":"TGbhcodQ1jRWB3ZywmfwsRTh4rwbiL2mzh","priceInTrx":0.000485},{"symbol":"WIN","balance":"326600326762646","decimals":6,"name":"WINK","contract_address":"TLa2f6VPqDgRE67v1736s7bJ8Ray5wYjU7","priceInTrx":0.007380},{"symbol":"EME","balance":"16491","decimals":6,"name":"Enme Token","contract_address":"TCRhVHPv6efvXgogNMhiunAMXFKcMmv2pF"},{"symbol":"NOLE","balance":"10000","decimals":6,"name":"NoleCoin","contract_address":"TPt8DTDBZYfJ9fuyRjdWJr4PP68tRfptLG"},{"symbol":"PYRO","balance":"5000000000","decimals":6,"name":"PYRO Network","contract_address":"TMCMPzmosnQ8UAYW1zcBwjLTxDq8ce4Y5e"}]
12:57:50.862 [TestNG-tests-1] INFO tron.common.TronscanApiList - allowExchange:[]
12:57:50.862 [TestNG-tests-1] INFO tron.common.TronscanApiList - address:TWd4WrZ9wn84f5x1hZhL4DHvk738ns5jwb
12:57:50.862 [TestNG-tests-1] INFO tron.common.TronscanApiList - frozen_supply:[]
12:57:50.862 [TestNG-tests-1] INFO tron.common.TronscanApiList - bandwidth:{"energyRemaining":62,"totalEnergyLimit":100000000000,"totalEnergyWeight":1596361051,"netUsed":0,"storageLimit":0,"storagePercentage":0.0,"assets":{"1002446":{"netPercentage":0.0,"netLimit":0,"netRemaining":0,"netUsed":0},"1002721":{"netPercentage":0.0,"netLimit":0,"netRemaining":0,"netUsed":0},"1001433":{"netPercentage":0.0,"netLimit":0,"netRemaining":0,"netUsed":0},"1002646":{"netPercentage":0.0,"netLimit":0,"netRemaining":0,"netUsed":0},"1002288":{"netPercentage":0.0,"netLimit":0,"netRemaining":0,"netUsed":0},"1002001":{"netPercentage":0.0,"netLimit":0,"netRemaining":0,"netUsed":0},"1002683":{"netPercentage":0.0,"netLimit":0,"netRemaining":0,"netUsed":0},"1002881":{"netPercentage":0.0,"netLimit":0,"netRemaining":0,"netUsed":0},"1002488":{"netPercentage":0.0,"netLimit":0,"netRemaining":0,"netUsed":0},"1001079":{"netPercentage":0.0,"netLimit":0,"netRemaining":0,"netUsed":0},"1001112":{"netPercentage":0.0,"netLimit":0,"netRemaining":0,"netUsed":0},"1002762":{"netPercentage":0.0,"netLimit":0,"netRemaining":0,"netUsed":0},"1000745":{"netPercentage":0.0,"netLimit":0,"netRemaining":0,"netUsed":0},"1000744":{"netPercentage":0.0,"netLimit":0,"netRemaining":0,"netUsed":0},"1002845":{"netPercentage":0.0,"netLimit":0,"netRemaining":0,"netUsed":0},"1001517":{"netPercentage":0.0,"netLimit":0,"netRemaining":0,"netUsed":0},"1000746":{"netPercentage":0.0,"netLimit":0,"netRemaining":0,"netUsed":0},"1002726":{"netPercentage":0.0,"netLimit":0,"netRemaining":0,"netUsed":0},"1002847":{"netPercentage":0.0,"netLimit":0,"netRemaining":0,"netUsed":0},"1002000":{"netPercentage":0.0,"netLimit":0,"netRemaining":0,"netUsed":0},"1001467":{"netPercentage":0.0,"netLimit":0,"netRemaining":0,"netUsed":0},"1002116":{"netPercentage":0.0,"netLimit":0,"netRemaining":0,"netUsed":0},"1002479":{"netPercentage":0.0,"netLimit":0,"netRemaining":0,"netUsed":0},"1000697":{"netPercentage":0.0,"netLimit":0,"netRemaining":0,"netUsed":0},"1001301":{"netPercentage":0.0,"netLimit":0,"netRemaining":0,"netUsed":0},"1000532":{"netPercentage":0.0,"netLimit":0,"netRemaining":0,"netUsed":0},"1002830":{"netPercentage":0.0,"netLimit":0,"netRemaining":0,"netUsed":0},"1002552":{"netPercentage":0.0,"netLimit":0,"netRemaining":0,"netUsed":0},"1000451":{"netPercentage":0.0,"netLimit":0,"netRemaining":0,"netUsed":0},"1002551":{"netPercentage":0.0,"netLimit":0,"netRemaining":0,"netUsed":0},"1002672":{"netPercentage":0.0,"netLimit":0,"netRemaining":0,"netUsed":0},"1002037":{"netPercentage":0.0,"netLimit":0,"netRemaining":0,"netUsed":0},"1002597":{"netPercentage":0.0,"netLimit":0,"netRemaining":0,"netUsed":0},"1002438":{"netPercentage":0.0,"netLimit":0,"netRemaining":0,"netUsed":0},"1002636":{"netPercentage":0.0,"netLimit":0,"netRemaining":0,"netUsed":0},"1001825":{"netPercentage":0.0,"netLimit":0,"netRemaining":0,"netUsed":0},"1002518":{"netPercentage":0.0,"netLimit":0,"netRemaining":0,"netUsed":0},"1002517":{"netPercentage":0.0,"netLimit":0,"netRemaining":0,"netUsed":0},"1000491":{"netPercentage":0.0,"netLimit":0,"netRemaining":0,"netUsed":0},"1002671":{"netPercentage":0.0,"netLimit":0,"netRemaining":0,"netUsed":0},"1001064":{"netPercentage":0.0,"netLimit":0,"netRemaining":0,"netUsed":0},"1001581":{"netPercentage":0.0,"netLimit":0,"netRemaining":0,"netUsed":0},"1002071":{"netPercentage":0.0,"netLimit":0,"netRemaining":0,"netUsed":0},"1002072":{"netPercentage":0.0,"netLimit":0,"netRemaining":0,"netUsed":0},"1002270":{"netPercentage":0.0,"netLimit":0,"netRemaining":0,"netUsed":0},"1000003":{"netPercentage":0.0,"netLimit":0,"netRemaining":0,"netUsed":0},"1000520":{"netPercentage":0.0,"netLimit":0,"netRemaining":0,"netUsed":0},"1000322":{"netPercentage":0.0,"netLimit":0,"netRemaining":0,"netUsed":0},"1002589":{"netPercentage":0.0,"netLimit":0,"netRemaining":0,"netUsed":0},"1002742":{"netPercentage":0.0,"netLimit":0,"netRemaining":0,"netUsed":0},"1000006":{"netPercentage":0.0,"netLimit":0,"netRemaining":0,"netUsed":0},"1002662":{"netPercentage":0.0,"netLimit":0,"netRemaining":0,"netUsed":0},"1001132":{"netPercentage":0.0,"netLimit":0,"netRemaining":0,"netUsed":0},"1001695":{"netPercentage":0.0,"netLimit":0,"netRemaining":0,"netUsed":0},"1002907":{"netPercentage":0.0,"netLimit":0,"netRemaining":0,"netUsed":0},"1002746":{"netPercentage":0.0,"netLimit":0,"netRemaining":0,"netUsed":0},"1001090":{"netPercentage":0.0,"netLimit":0,"netRemaining":0,"netUsed":0},"1002384":{"netPercentage":0.0,"netLimit":0,"netRemaining":0,"netUsed":0},"1002897":{"netPercentage":0.0,"netLimit":0,"netRemaining":0,"netUsed":0},"1000872":{"netPercentage":0.0,"netLimit":0,"netRemaining":0,"netUsed":0},"1002577":{"netPercentage":0.0,"netLimit":0,"netRemaining":0,"netUsed":0},"1002775":{"netPercentage":0.0,"netLimit":0,"netRemaining":0,"netUsed":0},"1002459":{"netPercentage":0.0,"netLimit":0,"netRemaining":0,"netUsed":0},"1002657":{"netPercentage":0.0,"netLimit":0,"netRemaining":0,"netUsed":0},"1001446":{"netPercentage":0.0,"netLimit":0,"netRemaining":0,"netUsed":0},"1000396":{"netPercentage":0.0,"netLimit":0,"netRemaining":0,"netUsed":0},"1002851":{"netPercentage":0.0,"netLimit":0,"netRemaining":0,"netUsed":0},"1000959":{"netPercentage":0.0,"netLimit":0,"netRemaining":0,"netUsed":0},"1002814":{"netPercentage":0.0,"netLimit":0,"netRemaining":0,"netUsed":0},"1002858":{"netPercentage":0.0,"netLimit":0,"netRemaining":0,"netUsed":0},"1002099":{"netPercentage":0.0,"netLimit":0,"netRemaining":0,"netUsed":0}},"netPercentage":0.0,"storageUsed":0,"storageRemaining":0,"freeNetLimit":5000,"energyUsed":0,"freeNetRemaining":5000,"netLimit":0,"netRemaining":0,"energyLimit":62,"freeNetUsed":0,"totalNetWeight":23848962969,"freeNetPercentage":0.0,"energyPercentage":0.0,"totalNetLimit":43200000000}
12:57:50.862 [TestNG-tests-1] INFO tron.common.TronscanApiList - accountType:0
12:57:50.862 [TestNG-tests-1] INFO tron.common.TronscanApiList - addressTag:Binance-Cold 2
12:57:50.862 [TestNG-tests-1] INFO tron.common.TronscanApiList - exchanges:[]
12:57:50.862 [TestNG-tests-1] INFO tron.common.TronscanApiList - frozen:{"total":0,"balances":[]}
12:57:50.862 [TestNG-tests-1] INFO tron.common.TronscanApiList - accountResource:{"frozen_balance_for_energy":{}}
12:57:50.862 [TestNG-tests-1] INFO tron.common.TronscanApiList - tokenBalances:[{"balance":100572280132053,"name":"_"},{"balance":1000000,"name":"1001301","owner_address":"TVgJEbc9NEYxVr1h6rJQiMqySePsJQDCA7"},{"balance":2,"name":"1000745","owner_address":"TPCEi45wZQ1PPChUg5uqoK1D5kKnjCR8Li"},{"balance":10,"name":"1001433","owner_address":"TWPMz6FPEAV6qP4VRMG3Y69ftEov1R7YWT"},{"balance":10,"name":"1000532","owner_address":"TGQwBNht8h3zev4gBtDMoQjWE2WJm1Zr9B"},{"balance":13,"name":"1001090","owner_address":"TU1LUTYDMG6iihimUpAmdnnBthawPKh1cm","priceInTrx":0.005500},{"balance":10,"name":"1001517","owner_address":"TMgC4y5btvtZfhUZYSBcM2Cx2YbNYnVoLm"},{"balance":10,"name":"1001064","owner_address":"THnWV416C9mfJ1LFwopUjGXZEr1xFtAdrD"},{"balance":7742069,"name":"1002037","owner_address":"TBekuTCZwPG2o88SmiS58VALkxBemoX4yS"},{"balance":16954,"name":"1002071","owner_address":"TS79aik831csqUnQgnqrKG6hov2iL8yPbD"},{"balance":229784503478315,"name":"1002072","owner_address":"TP6PtaBSMM6sfWtWWD9k77YHWGmh7K3Lae"},{"balance":7000000000000000,"name":"1002000","owner_address":"TF5Bn4cJCT6GVeUgyCN4rBhDg42KBrpAjg","priceInTrx":0.018500},{"balance":520,"name":"1000451","owner_address":"THPXuypwcnWo4wi5KqFfuRjgjeT5khUDKF"},{"balance":10000000,"name":"1001695","owner_address":"TMcp6TajKUGm3AJY3S4nd7KRinrkdSDJbe"},{"balance":50000000,"name":"1002099","owner_address":"TYWmiPERm9kWUcnduqaE5jxT7eeZxfn5SQ"},{"balance":7,"name":"1000322","owner_address":"TDGy2M9qWBepSHDEutWWxWd1JZfmAed3BP","priceInTrx":0.000310},{"balance":12,"name":"1001825","owner_address":"TPcUbNeYwwYqbX23w3sVf1X61cwpAfPK2T"},{"balance":1000,"name":"1002384","owner_address":"TFYuPxyjDTvH1TLm2phpzJFw7AhjCgu8xP"},{"balance":6662,"name":"1001132","owner_address":"TWDUanVdxEShjpbiX57ExztMCDy8vCFcHh"},{"balance":10000050,"name":"1002116","owner_address":"TAEvo6MgLgV3A75L3cr3BAsLDJikWcAt3j"},{"balance":100100,"name":"1001581","owner_address":"TNkRSKWP7VvdrisTwC8iNzUV6MRoEJh6xx"},{"balance":50000000,"name":"1002446","owner_address":"TJKf72NjL1cR49SHfDnPTXTFjRwjgr7v8Z"},{"balance":1,"name":"1001079","owner_address":"TLQfc5EwZQqZc6jMNkMpxyJy5wucA6UX24"},{"balance":10480000,"name":"1002479","owner_address":"TSKwXMaPqGKmxjoE2chGguQcuUx9cuR47D"},{"balance":10000000,"name":"1002288","owner_address":"TPzfpaaKUPgJPZ39YeyvBaTYNXBYpnhxDg"},{"balance":1,"name":"1002488","owner_address":"TMeAzhdgzu1sFMTsP75BffJ2tEzuGsYqR6"},{"balance":10000000,"name":"1002459","owner_address":"TNWy3mX85JsX2mPLgLc4cKJiWtJahhz3t3"},{"balance":66666,"name":"1002438","owner_address":"TMqNJwD3qVmuRxzzP3Q4A24fuByVBKQ39E"},{"balance":10000000,"name":"1002517","owner_address":"TP9m11ERHhE1qgDtL83c2AHHNkWvdUfKTz"},{"balance":10000000,"name":"1000697","owner_address":"TRtY8oJGwRHrWbLYgos1uWWJHA1Hvt65uw"},{"balance":983,"name":"1001112","owner_address":"TVbf7WUSHDKRVDeKYxYBDvfut3vS2YnJap"},{"balance":10000000000,"name":"1002551","owner_address":"TVrGxBCQkWjQ52D7S67UgFsUzcX4E8EsNB"},{"balance":100000000,"name":"1000872","owner_address":"TWfmkWdc2UVxcXrrAuut8MerPkfPbu4U7c"},{"balance":10000000,"name":"1002552","owner_address":"TCxeAH2ajBqoWzqV9m5YiFTyeQ5FvzVqSH"},{"balance":1325000,"name":"1002270","owner_address":"TMSpdYHCgZuxM7AjqKsjGMM1cpxraFuZGp"},{"balance":10000000,"name":"1002597","owner_address":"TDEBhgsdGTSzrgMsPDUQ1pt59fR6wWR7Rq"},{"balance":1000000,"name":"1002662","owner_address":"TEV5PJWga6crSeNLHmHaaco8fon6nm74wJ"},{"balance":24120,"name":"1002657","owner_address":"TCKiVea721ycNAWonb2dpwr65AJkMiGSFb"},{"balance":25000000000,"name":"1002518","owner_address":"TC1yZaa75GPPzM26pxfSP3AxsPT8yartQR"},{"balance":10000000,"name":"1002672","owner_address":"TBHJCf3nymJPt1hVPjSJfH5ssJLdNMPepe"},{"balance":3000000,"name":"1002671","owner_address":"TDQ5q4Hf6UqR43Smp67sndMQfdTcGgP88s"},{"balance":30,"name":"1002577","owner_address":"TGZzci6a9wtcSiNekqYLP84ECRoaJ6pBwY"},{"balance":10000,"name":"1002726","owner_address":"TRXw3Ggt3xs3fHbcoark1aeKwUZFKTYcsS"},{"balance":1800000,"name":"1002683","owner_address":"TL6YggMQQ3YFEc41wesBMHZjDxcGpX3y5q"},{"balance":10000000,"name":"1002721","owner_address":"TUkUgsTTo74B9XG9da4d2NsaZqCKLNFwNS"},{"balance":10000000,"name":"1002646","owner_address":"TRUnzvtzT6o35M4XHUvKr48yCZjw4dQyvp"},{"balance":6520000000,"name":"1002589","owner_address":"TUL9NhGQkRFLTRcHGkdoSniAeVaNPZGgot"},{"balance":10000000,"name":"1002742","owner_address":"TWfrNPVGDh1tyPVM79bfEASb7jw2bLbZPJ"},{"balance":41609185915000000,"name":"1002762","owner_address":"TRChSJM8TjQj7vvJCN9W8WBcfkJq2eBxgv"},{"balance":10000000,"name":"1002775","owner_address":"TRHx5JmDPDb8PMWTGt4rEJpiYctWysuA29"},{"balance":10000000,"name":"1002746","owner_address":"TQbbAyfcrKERXjUDf8TZfcdtjFQbCSgEfc"},{"balance":10000000,"name":"1002636","owner_address":"TKL54NcGXvBckkGbPjYzAmdwFs3usv8VY9"},{"balance":10000000,"name":"1002814","owner_address":"TNvq4y2A2beBENtcGknwhX6XHgk8hqgnVh"},{"balance":1000000000,"name":"1002851","owner_address":"T9zd5NHCSyBndsdbf5VQUF5FQmrRV96HkR"},{"balance":10000000,"name":"1002845","owner_address":"TUzpDkzjWkZasA6Dx7nx5PPskMkCcNxVyQ"},{"balance":10000000,"name":"1002897","owner_address":"TPKqse19ALipJ1uBZHGWHzuTrQqZa4HtaM"},{"balance":10000000,"name":"1002858","owner_address":"TRKJcugHJeffVpCAFGapZMwuH8HaTWjbof"},{"balance":10000000,"name":"1002907","owner_address":"TKC9HMUXx3qLE7d19KWzWVjFxEcWQdSYK9"},{"balance":100,"name":"1002847","owner_address":"TJz3YaEaeceU3qhsanaomQp9oomR2Rbecf"},{"balance":10000000,"name":"1002830","owner_address":"THLLMnsEKEci5e5dJHnW28QQU8AujGhSoK"},{"balance":10000000,"name":"1002881","owner_address":"TWpKN6y3NVXm5mMjGmPEtLpS6boGM4q8T4"}]
12:57:50.862 [TestNG-tests-1] INFO tron.common.TronscanApiList - balances:[{"balance":100572280132053,"name":"_"},{"balance":1000000,"name":"1001301","owner_address":"TVgJEbc9NEYxVr1h6rJQiMqySePsJQDCA7"},{"balance":2,"name":"1000745","owner_address":"TPCEi45wZQ1PPChUg5uqoK1D5kKnjCR8Li"},{"balance":10,"name":"1001433","owner_address":"TWPMz6FPEAV6qP4VRMG3Y69ftEov1R7YWT"},{"balance":10,"name":"1000532","owner_address":"TGQwBNht8h3zev4gBtDMoQjWE2WJm1Zr9B"},{"balance":13,"name":"1001090","owner_address":"TU1LUTYDMG6iihimUpAmdnnBthawPKh1cm","priceInTrx":0.005500},{"balance":10,"name":"1001517","owner_address":"TMgC4y5btvtZfhUZYSBcM2Cx2YbNYnVoLm"},{"balance":10,"name":"1001064","owner_address":"THnWV416C9mfJ1LFwopUjGXZEr1xFtAdrD"},{"balance":7742069,"name":"1002037","owner_address":"TBekuTCZwPG2o88SmiS58VALkxBemoX4yS"},{"balance":16954,"name":"1002071","owner_address":"TS79aik831csqUnQgnqrKG6hov2iL8yPbD"},{"balance":229784503478315,"name":"1002072","owner_address":"TP6PtaBSMM6sfWtWWD9k77YHWGmh7K3Lae"},{"balance":7000000000000000,"name":"1002000","owner_address":"TF5Bn4cJCT6GVeUgyCN4rBhDg42KBrpAjg","priceInTrx":0.018500},{"balance":520,"name":"1000451","owner_address":"THPXuypwcnWo4wi5KqFfuRjgjeT5khUDKF"},{"balance":10000000,"name":"1001695","owner_address":"TMcp6TajKUGm3AJY3S4nd7KRinrkdSDJbe"},{"balance":50000000,"name":"1002099","owner_address":"TYWmiPERm9kWUcnduqaE5jxT7eeZxfn5SQ"},{"balance":7,"name":"1000322","owner_address":"TDGy2M9qWBepSHDEutWWxWd1JZfmAed3BP","priceInTrx":0.000310},{"balance":12,"name":"1001825","owner_address":"TPcUbNeYwwYqbX23w3sVf1X61cwpAfPK2T"},{"balance":1000,"name":"1002384","owner_address":"TFYuPxyjDTvH1TLm2phpzJFw7AhjCgu8xP"},{"balance":6662,"name":"1001132","owner_address":"TWDUanVdxEShjpbiX57ExztMCDy8vCFcHh"},{"balance":10000050,"name":"1002116","owner_address":"TAEvo6MgLgV3A75L3cr3BAsLDJikWcAt3j"},{"balance":100100,"name":"1001581","owner_address":"TNkRSKWP7VvdrisTwC8iNzUV6MRoEJh6xx"},{"balance":50000000,"name":"1002446","owner_address":"TJKf72NjL1cR49SHfDnPTXTFjRwjgr7v8Z"},{"balance":1,"name":"1001079","owner_address":"TLQfc5EwZQqZc6jMNkMpxyJy5wucA6UX24"},{"balance":10480000,"name":"1002479","owner_address":"TSKwXMaPqGKmxjoE2chGguQcuUx9cuR47D"},{"balance":10000000,"name":"1002288","owner_address":"TPzfpaaKUPgJPZ39YeyvBaTYNXBYpnhxDg"},{"balance":1,"name":"1002488","owner_address":"TMeAzhdgzu1sFMTsP75BffJ2tEzuGsYqR6"},{"balance":10000000,"name":"1002459","owner_address":"TNWy3mX85JsX2mPLgLc4cKJiWtJahhz3t3"},{"balance":66666,"name":"1002438","owner_address":"TMqNJwD3qVmuRxzzP3Q4A24fuByVBKQ39E"},{"balance":10000000,"name":"1002517","owner_address":"TP9m11ERHhE1qgDtL83c2AHHNkWvdUfKTz"},{"balance":10000000,"name":"1000697","owner_address":"TRtY8oJGwRHrWbLYgos1uWWJHA1Hvt65uw"},{"balance":983,"name":"1001112","owner_address":"TVbf7WUSHDKRVDeKYxYBDvfut3vS2YnJap"},{"balance":10000000000,"name":"1002551","owner_address":"TVrGxBCQkWjQ52D7S67UgFsUzcX4E8EsNB"},{"balance":100000000,"name":"1000872","owner_address":"TWfmkWdc2UVxcXrrAuut8MerPkfPbu4U7c"},{"balance":10000000,"name":"1002552","owner_address":"TCxeAH2ajBqoWzqV9m5YiFTyeQ5FvzVqSH"},{"balance":1325000,"name":"1002270","owner_address":"TMSpdYHCgZuxM7AjqKsjGMM1cpxraFuZGp"},{"balance":10000000,"name":"1002597","owner_address":"TDEBhgsdGTSzrgMsPDUQ1pt59fR6wWR7Rq"},{"balance":1000000,"name":"1002662","owner_address":"TEV5PJWga6crSeNLHmHaaco8fon6nm74wJ"},{"balance":24120,"name":"1002657","owner_address":"TCKiVea721ycNAWonb2dpwr65AJkMiGSFb"},{"balance":25000000000,"name":"1002518","owner_address":"TC1yZaa75GPPzM26pxfSP3AxsPT8yartQR"},{"balance":10000000,"name":"1002672","owner_address":"TBHJCf3nymJPt1hVPjSJfH5ssJLdNMPepe"},{"balance":3000000,"name":"1002671","owner_address":"TDQ5q4Hf6UqR43Smp67sndMQfdTcGgP88s"},{"balance":30,"name":"1002577","owner_address":"TGZzci6a9wtcSiNekqYLP84ECRoaJ6pBwY"},{"balance":10000,"name":"1002726","owner_address":"TRXw3Ggt3xs3fHbcoark1aeKwUZFKTYcsS"},{"balance":1800000,"name":"1002683","owner_address":"TL6YggMQQ3YFEc41wesBMHZjDxcGpX3y5q"},{"balance":10000000,"name":"1002721","owner_address":"TUkUgsTTo74B9XG9da4d2NsaZqCKLNFwNS"},{"balance":10000000,"name":"1002646","owner_address":"TRUnzvtzT6o35M4XHUvKr48yCZjw4dQyvp"},{"balance":6520000000,"name":"1002589","owner_address":"TUL9NhGQkRFLTRcHGkdoSniAeVaNPZGgot"},{"balance":10000000,"name":"1002742","owner_address":"TWfrNPVGDh1tyPVM79bfEASb7jw2bLbZPJ"},{"balance":41609185915000000,"name":"1002762","owner_address":"TRChSJM8TjQj7vvJCN9W8WBcfkJq2eBxgv"},{"balance":10000000,"name":"1002775","owner_address":"TRHx5JmDPDb8PMWTGt4rEJpiYctWysuA29"},{"balance":10000000,"name":"1002746","owner_address":"TQbbAyfcrKERXjUDf8TZfcdtjFQbCSgEfc"},{"balance":10000000,"name":"1002636","owner_address":"TKL54NcGXvBckkGbPjYzAmdwFs3usv8VY9"},{"balance":10000000,"name":"1002814","owner_address":"TNvq4y2A2beBENtcGknwhX6XHgk8hqgnVh"},{"balance":1000000000,"name":"1002851","owner_address":"T9zd5NHCSyBndsdbf5VQUF5FQmrRV96HkR"},{"balance":10000000,"name":"1002845","owner_address":"TUzpDkzjWkZasA6Dx7nx5PPskMkCcNxVyQ"},{"balance":10000000,"name":"1002897","owner_address":"TPKqse19ALipJ1uBZHGWHzuTrQqZa4HtaM"},{"balance":10000000,"name":"1002858","owner_address":"TRKJcugHJeffVpCAFGapZMwuH8HaTWjbof"},{"balance":10000000,"name":"1002907","owner_address":"TKC9HMUXx3qLE7d19KWzWVjFxEcWQdSYK9"},{"balance":100,"name":"1002847","owner_address":"TJz3YaEaeceU3qhsanaomQp9oomR2Rbecf"},{"balance":10000000,"name":"1002830","owner_address":"THLLMnsEKEci5e5dJHnW28QQU8AujGhSoK"},{"balance":10000000,"name":"1002881","owner_address":"TWpKN6y3NVXm5mMjGmPEtLpS6boGM4q8T4"}]
12:57:50.862 [TestNG-tests-1] INFO tron.common.TronscanApiList - balance:100572280132053
12:57:50.862 [TestNG-tests-1] INFO tron.common.TronscanApiList - voteTotal:0
12:57:50.862 [TestNG-tests-1] INFO tron.common.TronscanApiList - name:
12:57:50.862 [TestNG-tests-1] INFO tron.common.TronscanApiList - delegated:{"sentDelegatedBandwidth":[],"sentDelegatedResource":[],"receivedDelegatedResource":[{"expire_time_for_energy":1549004112000,"frozen_balance_for_energy":1000000,"from":"TCx6NMya57eXwYru6wKdwNKULscdHzAkBH","to":"TWd4WrZ9wn84f5x1hZhL4DHvk738ns5jwb"}],"receivedDelegatedBandwidth":[]}
12:57:50.862 [TestNG-tests-1] INFO tron.common.TronscanApiList - totalTransactionCount:190
12:57:50.862 [TestNG-tests-1] INFO tron.common.TronscanApiList - representative:{"lastWithDrawTime":0,"allowance":0,"enabled":false,"url":""}
12:57:50.862 [TestNG-tests-1] INFO tron.common.TronscanApiList - activePermissions:[]
12:57:50.862 [TestNG-tests-1] INFO tron.common.TronscanApiList - JSON content size are: 19
12:57:50.862 [TestNG-tests-1] INFO tron.common.TronscanApiList - ----------------------------Print JSON End-----------------------------
12:57:50.863 [TestNG-tests-1] DEBUG org.apache.http.impl.conn.PoolingClientConnectionManager - Connection request: [route: {}->http://apilist.tronscan.org:80][total kept alive: 0; route allocated: 0 of 80; total allocated: 0 of 100]
12:57:50.863 [TestNG-tests-1] DEBUG org.apache.http.impl.conn.PoolingClientConnectionManager - Connection leased: [id: 31][route: {}->http://apilist.tronscan.org:80][total kept alive: 0; route allocated: 1 of 80; total allocated: 1 of 100]
12:57:50.863 [TestNG-tests-1] DEBUG org.apache.http.impl.conn.DefaultClientConnectionOperator - Connecting to apilist.tronscan.org:80
12:57:51.102 [TestNG-tests-1] DEBUG org.apache.http.client.protocol.RequestAddCookies - CookieSpec selected: default
12:57:51.102 [TestNG-tests-1] DEBUG org.apache.http.client.protocol.RequestAuthCache - Auth cache not set in the context
12:57:51.102 [TestNG-tests-1] DEBUG org.apache.http.client.protocol.RequestTargetAuthentication - Target auth state: UNCHALLENGED
12:57:51.102 [TestNG-tests-1] DEBUG org.apache.http.client.protocol.RequestProxyAuthentication - Proxy auth state: UNCHALLENGED
12:57:51.102 [TestNG-tests-1] DEBUG org.apache.http.impl.client.DefaultHttpClient - Attempt 1 to execute request
12:57:51.102 [TestNG-tests-1] DEBUG org.apache.http.impl.conn.DefaultClientConnection - Sending request: GET /api/account/sr?address=TGzz8gjYiYRqpfmDwnLxfgPuLVNmpCswVp HTTP/1.1
12:57:51.102 [TestNG-tests-1] DEBUG org.apache.http.wire -  >> "GET /api/account/sr?address=TGzz8gjYiYRqpfmDwnLxfgPuLVNmpCswVp HTTP/1.1[\r][\n]"
12:57:51.102 [TestNG-tests-1] DEBUG org.apache.http.wire -  >> "Content-type: application/json; charset=utf-8[\r][\n]"
12:57:51.102 [TestNG-tests-1] DEBUG org.apache.http.wire -  >> "Connection: Close[\r][\n]"
12:57:51.103 [TestNG-tests-1] DEBUG org.apache.http.wire -  >> "Host: apilist.tronscan.org[\r][\n]"
12:57:51.103 [TestNG-tests-1] DEBUG org.apache.http.wire -  >> "User-Agent: Apache-HttpClient/4.5.3 (Java/1.8.0_211)[\r][\n]"
12:57:51.103 [TestNG-tests-1] DEBUG org.apache.http.wire -  >> "[\r][\n]"
12:57:51.103 [TestNG-tests-1] DEBUG org.apache.http.headers - >> GET /api/account/sr?address=TGzz8gjYiYRqpfmDwnLxfgPuLVNmpCswVp HTTP/1.1
12:57:51.103 [TestNG-tests-1] DEBUG org.apache.http.headers - >> Content-type: application/json; charset=utf-8
12:57:51.103 [TestNG-tests-1] DEBUG org.apache.http.headers - >> Connection: Close
12:57:51.103 [TestNG-tests-1] DEBUG org.apache.http.headers - >> Host: apilist.tronscan.org
12:57:51.103 [TestNG-tests-1] DEBUG org.apache.http.headers - >> User-Agent: Apache-HttpClient/4.5.3 (Java/1.8.0_211)
12:57:51.346 [TestNG-tests-1] DEBUG org.apache.http.wire -  << "HTTP/1.1 200 OK[\r][\n]"
12:57:51.346 [TestNG-tests-1] DEBUG org.apache.http.wire -  << "Server: nginx[\r][\n]"
12:57:51.346 [TestNG-tests-1] DEBUG org.apache.http.wire -  << "Date: Fri, 27 Mar 2020 04:57:51 GMT[\r][\n]"
12:57:51.346 [TestNG-tests-1] DEBUG org.apache.http.wire -  << "Content-Type: application/json;charset=utf-8[\r][\n]"
12:57:51.346 [TestNG-tests-1] DEBUG org.apache.http.wire -  << "Content-Length: 103[\r][\n]"
12:57:51.346 [TestNG-tests-1] DEBUG org.apache.http.wire -  << "Connection: close[\r][\n]"
12:57:51.346 [TestNG-tests-1] DEBUG org.apache.http.wire -  << "Access-Control-Allow-Origin: *[\r][\n]"
12:57:51.346 [TestNG-tests-1] DEBUG org.apache.http.wire -  << "Access-Control-Allow-Headers: DNT,X-Mx-ReqToken,Keep-Alive,User-Agent,X-Requested-With,If-Modified-Since,Cache-Control,Content-Type,Authorization[\r][\n]"
12:57:51.346 [TestNG-tests-1] DEBUG org.apache.http.wire -  << "Access-Control-Allow-Methods: GET,POST,PUT,DELETE,OPTIONS[\r][\n]"
12:57:51.346 [TestNG-tests-1] DEBUG org.apache.http.wire -  << "X-Proxy-Cache: EXPIRED[\r][\n]"
12:57:51.346 [TestNG-tests-1] DEBUG org.apache.http.wire -  << "[\r][\n]"
12:57:51.346 [TestNG-tests-1] DEBUG org.apache.http.impl.conn.DefaultClientConnection - Receiving response: HTTP/1.1 200 OK
12:57:51.346 [TestNG-tests-1] DEBUG org.apache.http.headers - << HTTP/1.1 200 OK
12:57:51.346 [TestNG-tests-1] DEBUG org.apache.http.headers - << Server: nginx
12:57:51.346 [TestNG-tests-1] DEBUG org.apache.http.headers - << Date: Fri, 27 Mar 2020 04:57:51 GMT
12:57:51.346 [TestNG-tests-1] DEBUG org.apache.http.headers - << Content-Type: application/json;charset=utf-8
12:57:51.346 [TestNG-tests-1] DEBUG org.apache.http.headers - << Content-Length: 103
12:57:51.346 [TestNG-tests-1] DEBUG org.apache.http.headers - << Connection: close
12:57:51.346 [TestNG-tests-1] DEBUG org.apache.http.headers - << Access-Control-Allow-Origin: *
12:57:51.346 [TestNG-tests-1] DEBUG org.apache.http.headers - << Access-Control-Allow-Headers: DNT,X-Mx-ReqToken,Keep-Alive,User-Agent,X-Requested-With,If-Modified-Since,Cache-Control,Content-Type,Authorization
12:57:51.346 [TestNG-tests-1] DEBUG org.apache.http.headers - << Access-Control-Allow-Methods: GET,POST,PUT,DELETE,OPTIONS
12:57:51.346 [TestNG-tests-1] DEBUG org.apache.http.headers - << X-Proxy-Cache: EXPIRED
http://apilist.tronscan.org/api/account/sr?address=TGzz8gjYiYRqpfmDwnLxfgPuLVNmpCswVp 请求总耗时：483 毫秒
12:57:51.346 [TestNG-tests-1] DEBUG org.apache.http.wire -  << "{"data":{"address":"TGzz8gjYiYRqpfmDwnLxfgPuLVNmpCswVp","githubLink":"sesameseedorg/tronsr-template"}}[\n]"
12:57:51.346 [TestNG-tests-1] DEBUG org.apache.http.impl.conn.DefaultClientConnection - Connection 0.0.0.0:61066<->18.216.178.128:80 closed
12:57:51.346 [TestNG-tests-1] DEBUG org.apache.http.impl.conn.PoolingClientConnectionManager - Connection released: [id: 31][route: {}->http://apilist.tronscan.org:80][total kept alive: 0; route allocated: 0 of 80; total allocated: 0 of 100]
12:57:51.346 [TestNG-tests-1] INFO tron.common.TronscanApiList - ----------------------------Print JSON Start---------------------------
12:57:51.346 [TestNG-tests-1] INFO tron.common.TronscanApiList - data:{"address":"TGzz8gjYiYRqpfmDwnLxfgPuLVNmpCswVp","githubLink":"sesameseedorg/tronsr-template"}
12:57:51.346 [TestNG-tests-1] INFO tron.common.TronscanApiList - JSON content size are: 1
12:57:51.346 [TestNG-tests-1] INFO tron.common.TronscanApiList - ----------------------------Print JSON End-----------------------------
12:57:51.347 [TestNG-tests-1] DEBUG org.apache.http.impl.conn.PoolingClientConnectionManager - Connection request: [route: {}->http://apilist.tronscan.org:80][total kept alive: 0; route allocated: 0 of 80; total allocated: 0 of 100]
12:57:51.347 [TestNG-tests-1] DEBUG org.apache.http.impl.conn.PoolingClientConnectionManager - Connection leased: [id: 32][route: {}->http://apilist.tronscan.org:80][total kept alive: 0; route allocated: 1 of 80; total allocated: 1 of 100]
12:57:51.347 [TestNG-tests-1] DEBUG org.apache.http.impl.conn.DefaultClientConnectionOperator - Connecting to apilist.tronscan.org:80
12:57:51.681 [TestNG-tests-1] DEBUG org.apache.http.client.protocol.RequestAddCookies - CookieSpec selected: default
12:57:51.681 [TestNG-tests-1] DEBUG org.apache.http.client.protocol.RequestAuthCache - Auth cache not set in the context
12:57:51.681 [TestNG-tests-1] DEBUG org.apache.http.client.protocol.RequestTargetAuthentication - Target auth state: UNCHALLENGED
12:57:51.681 [TestNG-tests-1] DEBUG org.apache.http.client.protocol.RequestProxyAuthentication - Proxy auth state: UNCHALLENGED
12:57:51.681 [TestNG-tests-1] DEBUG org.apache.http.impl.client.DefaultHttpClient - Attempt 1 to execute request
12:57:51.681 [TestNG-tests-1] DEBUG org.apache.http.impl.conn.DefaultClientConnection - Sending request: GET /api/account/stats?address=TMuA6YqfCeX8EhbfYEg5y7S4DqzSJireY9 HTTP/1.1
12:57:51.681 [TestNG-tests-1] DEBUG org.apache.http.wire -  >> "GET /api/account/stats?address=TMuA6YqfCeX8EhbfYEg5y7S4DqzSJireY9 HTTP/1.1[\r][\n]"
12:57:51.681 [TestNG-tests-1] DEBUG org.apache.http.wire -  >> "Content-type: application/json; charset=utf-8[\r][\n]"
12:57:51.681 [TestNG-tests-1] DEBUG org.apache.http.wire -  >> "Connection: Close[\r][\n]"
12:57:51.681 [TestNG-tests-1] DEBUG org.apache.http.wire -  >> "Host: apilist.tronscan.org[\r][\n]"
12:57:51.681 [TestNG-tests-1] DEBUG org.apache.http.wire -  >> "User-Agent: Apache-HttpClient/4.5.3 (Java/1.8.0_211)[\r][\n]"
12:57:51.681 [TestNG-tests-1] DEBUG org.apache.http.wire -  >> "[\r][\n]"
12:57:51.681 [TestNG-tests-1] DEBUG org.apache.http.headers - >> GET /api/account/stats?address=TMuA6YqfCeX8EhbfYEg5y7S4DqzSJireY9 HTTP/1.1
12:57:51.681 [TestNG-tests-1] DEBUG org.apache.http.headers - >> Content-type: application/json; charset=utf-8
12:57:51.681 [TestNG-tests-1] DEBUG org.apache.http.headers - >> Connection: Close
12:57:51.681 [TestNG-tests-1] DEBUG org.apache.http.headers - >> Host: apilist.tronscan.org
12:57:51.681 [TestNG-tests-1] DEBUG org.apache.http.headers - >> User-Agent: Apache-HttpClient/4.5.3 (Java/1.8.0_211)
12:57:51.987 [TestNG-tests-1] DEBUG org.apache.http.wire -  << "HTTP/1.1 200 OK[\r][\n]"
12:57:51.987 [TestNG-tests-1] DEBUG org.apache.http.wire -  << "Server: nginx[\r][\n]"
12:57:51.987 [TestNG-tests-1] DEBUG org.apache.http.wire -  << "Date: Fri, 27 Mar 2020 04:57:52 GMT[\r][\n]"
12:57:51.987 [TestNG-tests-1] DEBUG org.apache.http.wire -  << "Content-Type: application/json;charset=utf-8[\r][\n]"
12:57:51.987 [TestNG-tests-1] DEBUG org.apache.http.wire -  << "Content-Length: 65[\r][\n]"
12:57:51.987 [TestNG-tests-1] DEBUG org.apache.http.wire -  << "Connection: close[\r][\n]"
12:57:51.987 [TestNG-tests-1] DEBUG org.apache.http.wire -  << "Access-Control-Allow-Origin: *[\r][\n]"
12:57:51.987 [TestNG-tests-1] DEBUG org.apache.http.wire -  << "Access-Control-Allow-Headers: DNT,X-Mx-ReqToken,Keep-Alive,User-Agent,X-Requested-With,If-Modified-Since,Cache-Control,Content-Type,Authorization[\r][\n]"
12:57:51.987 [TestNG-tests-1] DEBUG org.apache.http.wire -  << "Access-Control-Allow-Methods: GET,POST,PUT,DELETE,OPTIONS[\r][\n]"
12:57:51.987 [TestNG-tests-1] DEBUG org.apache.http.wire -  << "X-Proxy-Cache: MISS[\r][\n]"
12:57:51.987 [TestNG-tests-1] DEBUG org.apache.http.wire -  << "[\r][\n]"
12:57:51.987 [TestNG-tests-1] DEBUG org.apache.http.impl.conn.DefaultClientConnection - Receiving response: HTTP/1.1 200 OK
12:57:51.987 [TestNG-tests-1] DEBUG org.apache.http.headers - << HTTP/1.1 200 OK
12:57:51.987 [TestNG-tests-1] DEBUG org.apache.http.headers - << Server: nginx
12:57:51.987 [TestNG-tests-1] DEBUG org.apache.http.headers - << Date: Fri, 27 Mar 2020 04:57:52 GMT
12:57:51.987 [TestNG-tests-1] DEBUG org.apache.http.headers - << Content-Type: application/json;charset=utf-8
12:57:51.987 [TestNG-tests-1] DEBUG org.apache.http.headers - << Content-Length: 65
12:57:51.987 [TestNG-tests-1] DEBUG org.apache.http.headers - << Connection: close
12:57:51.987 [TestNG-tests-1] DEBUG org.apache.http.headers - << Access-Control-Allow-Origin: *
12:57:51.987 [TestNG-tests-1] DEBUG org.apache.http.headers - << Access-Control-Allow-Headers: DNT,X-Mx-ReqToken,Keep-Alive,User-Agent,X-Requested-With,If-Modified-Since,Cache-Control,Content-Type,Authorization
12:57:51.987 [TestNG-tests-1] DEBUG org.apache.http.headers - << Access-Control-Allow-Methods: GET,POST,PUT,DELETE,OPTIONS
12:57:51.987 [TestNG-tests-1] DEBUG org.apache.http.headers - << X-Proxy-Cache: MISS
http://apilist.tronscan.org/api/account/stats?address=TMuA6YqfCeX8EhbfYEg5y7S4DqzSJireY9 请求总耗时：640 毫秒
12:57:51.988 [TestNG-tests-1] DEBUG org.apache.http.wire -  << "{"transactions":454,"transactions_out":26,"transactions_in":428}[\n]"
12:57:51.988 [TestNG-tests-1] DEBUG org.apache.http.impl.conn.DefaultClientConnection - Connection 0.0.0.0:61067<->18.216.178.128:80 closed
12:57:51.988 [TestNG-tests-1] DEBUG org.apache.http.impl.conn.PoolingClientConnectionManager - Connection released: [id: 32][route: {}->http://apilist.tronscan.org:80][total kept alive: 0; route allocated: 0 of 80; total allocated: 0 of 100]
12:57:51.988 [TestNG-tests-1] INFO tron.common.TronscanApiList - ----------------------------Print JSON Start---------------------------
12:57:51.988 [TestNG-tests-1] INFO tron.common.TronscanApiList - transactions_out:26
12:57:51.988 [TestNG-tests-1] INFO tron.common.TronscanApiList - transactions_in:428
12:57:51.988 [TestNG-tests-1] INFO tron.common.TronscanApiList - transactions:454
12:57:51.988 [TestNG-tests-1] INFO tron.common.TronscanApiList - JSON content size are: 3
12:57:51.988 [TestNG-tests-1] INFO tron.common.TronscanApiList - ----------------------------Print JSON End-----------------------------
12:57:51.988 [TestNG-tests-1] DEBUG org.apache.http.impl.conn.PoolingClientConnectionManager - Connection request: [route: {}->http://apilist.tronscan.org:80][total kept alive: 0; route allocated: 0 of 80; total allocated: 0 of 100]
12:57:51.988 [TestNG-tests-1] DEBUG org.apache.http.impl.conn.PoolingClientConnectionManager - Connection leased: [id: 33][route: {}->http://apilist.tronscan.org:80][total kept alive: 0; route allocated: 1 of 80; total allocated: 1 of 100]
12:57:51.988 [TestNG-tests-1] DEBUG org.apache.http.impl.conn.DefaultClientConnectionOperator - Connecting to apilist.tronscan.org:80
12:57:52.226 [TestNG-tests-1] DEBUG org.apache.http.client.protocol.RequestAddCookies - CookieSpec selected: default
12:57:52.227 [TestNG-tests-1] DEBUG org.apache.http.client.protocol.RequestAuthCache - Auth cache not set in the context
12:57:52.227 [TestNG-tests-1] DEBUG org.apache.http.client.protocol.RequestTargetAuthentication - Target auth state: UNCHALLENGED
12:57:52.227 [TestNG-tests-1] DEBUG org.apache.http.client.protocol.RequestProxyAuthentication - Proxy auth state: UNCHALLENGED
12:57:52.227 [TestNG-tests-1] DEBUG org.apache.http.impl.client.DefaultHttpClient - Attempt 1 to execute request
12:57:52.227 [TestNG-tests-1] DEBUG org.apache.http.impl.conn.DefaultClientConnection - Sending request: GET /api/account/votes?address=TGzz8gjYiYRqpfmDwnLxfgPuLVNmpCswVp HTTP/1.1
12:57:52.227 [TestNG-tests-1] DEBUG org.apache.http.wire -  >> "GET /api/account/votes?address=TGzz8gjYiYRqpfmDwnLxfgPuLVNmpCswVp HTTP/1.1[\r][\n]"
12:57:52.227 [TestNG-tests-1] DEBUG org.apache.http.wire -  >> "Content-type: application/json; charset=utf-8[\r][\n]"
12:57:52.227 [TestNG-tests-1] DEBUG org.apache.http.wire -  >> "Connection: Close[\r][\n]"
12:57:52.227 [TestNG-tests-1] DEBUG org.apache.http.wire -  >> "Host: apilist.tronscan.org[\r][\n]"
12:57:52.227 [TestNG-tests-1] DEBUG org.apache.http.wire -  >> "User-Agent: Apache-HttpClient/4.5.3 (Java/1.8.0_211)[\r][\n]"
12:57:52.227 [TestNG-tests-1] DEBUG org.apache.http.wire -  >> "[\r][\n]"
12:57:52.227 [TestNG-tests-1] DEBUG org.apache.http.headers - >> GET /api/account/votes?address=TGzz8gjYiYRqpfmDwnLxfgPuLVNmpCswVp HTTP/1.1
12:57:52.227 [TestNG-tests-1] DEBUG org.apache.http.headers - >> Content-type: application/json; charset=utf-8
12:57:52.227 [TestNG-tests-1] DEBUG org.apache.http.headers - >> Connection: Close
12:57:52.227 [TestNG-tests-1] DEBUG org.apache.http.headers - >> Host: apilist.tronscan.org
12:57:52.227 [TestNG-tests-1] DEBUG org.apache.http.headers - >> User-Agent: Apache-HttpClient/4.5.3 (Java/1.8.0_211)
12:57:52.500 [TestNG-tests-1] DEBUG org.apache.http.wire -  << "HTTP/1.1 200 OK[\r][\n]"
12:57:52.500 [TestNG-tests-1] DEBUG org.apache.http.wire -  << "Server: nginx[\r][\n]"
12:57:52.500 [TestNG-tests-1] DEBUG org.apache.http.wire -  << "Date: Fri, 27 Mar 2020 04:57:53 GMT[\r][\n]"
12:57:52.500 [TestNG-tests-1] DEBUG org.apache.http.wire -  << "Content-Type: application/json;charset=utf-8[\r][\n]"
12:57:52.500 [TestNG-tests-1] DEBUG org.apache.http.wire -  << "Content-Length: 52[\r][\n]"
12:57:52.500 [TestNG-tests-1] DEBUG org.apache.http.wire -  << "Connection: close[\r][\n]"
12:57:52.500 [TestNG-tests-1] DEBUG org.apache.http.wire -  << "Access-Control-Allow-Origin: *[\r][\n]"
12:57:52.500 [TestNG-tests-1] DEBUG org.apache.http.wire -  << "Access-Control-Allow-Headers: DNT,X-Mx-ReqToken,Keep-Alive,User-Agent,X-Requested-With,If-Modified-Since,Cache-Control,Content-Type,Authorization[\r][\n]"
12:57:52.500 [TestNG-tests-1] DEBUG org.apache.http.wire -  << "Access-Control-Allow-Methods: GET,POST,PUT,DELETE,OPTIONS[\r][\n]"
12:57:52.500 [TestNG-tests-1] DEBUG org.apache.http.wire -  << "X-Proxy-Cache: MISS[\r][\n]"
12:57:52.500 [TestNG-tests-1] DEBUG org.apache.http.wire -  << "[\r][\n]"
12:57:52.500 [TestNG-tests-1] DEBUG org.apache.http.impl.conn.DefaultClientConnection - Receiving response: HTTP/1.1 200 OK
12:57:52.500 [TestNG-tests-1] DEBUG org.apache.http.headers - << HTTP/1.1 200 OK
12:57:52.500 [TestNG-tests-1] DEBUG org.apache.http.headers - << Server: nginx
12:57:52.500 [TestNG-tests-1] DEBUG org.apache.http.headers - << Date: Fri, 27 Mar 2020 04:57:53 GMT
12:57:52.500 [TestNG-tests-1] DEBUG org.apache.http.headers - << Content-Type: application/json;charset=utf-8
12:57:52.500 [TestNG-tests-1] DEBUG org.apache.http.headers - << Content-Length: 52
12:57:52.500 [TestNG-tests-1] DEBUG org.apache.http.headers - << Connection: close
12:57:52.500 [TestNG-tests-1] DEBUG org.apache.http.headers - << Access-Control-Allow-Origin: *
12:57:52.500 [TestNG-tests-1] DEBUG org.apache.http.headers - << Access-Control-Allow-Headers: DNT,X-Mx-ReqToken,Keep-Alive,User-Agent,X-Requested-With,If-Modified-Since,Cache-Control,Content-Type,Authorization
12:57:52.500 [TestNG-tests-1] DEBUG org.apache.http.headers - << Access-Control-Allow-Methods: GET,POST,PUT,DELETE,OPTIONS
12:57:52.500 [TestNG-tests-1] DEBUG org.apache.http.headers - << X-Proxy-Cache: MISS
http://apilist.tronscan.org/api/account/votes?address=TGzz8gjYiYRqpfmDwnLxfgPuLVNmpCswVp 请求总耗时：512 毫秒
12:57:52.500 [TestNG-tests-1] DEBUG org.apache.http.wire -  << "{"votes":{"TGzz8gjYiYRqpfmDwnLxfgPuLVNmpCswVp":10}}[\n]"
12:57:52.500 [TestNG-tests-1] DEBUG org.apache.http.impl.conn.DefaultClientConnection - Connection 0.0.0.0:61072<->18.216.178.128:80 closed
12:57:52.500 [TestNG-tests-1] DEBUG org.apache.http.impl.conn.PoolingClientConnectionManager - Connection released: [id: 33][route: {}->http://apilist.tronscan.org:80][total kept alive: 0; route allocated: 0 of 80; total allocated: 0 of 100]
12:57:52.500 [TestNG-tests-1] INFO tron.common.TronscanApiList - ----------------------------Print JSON Start---------------------------
12:57:52.500 [TestNG-tests-1] INFO tron.common.TronscanApiList - votes:{"TGzz8gjYiYRqpfmDwnLxfgPuLVNmpCswVp":10}
12:57:52.500 [TestNG-tests-1] INFO tron.common.TronscanApiList - JSON content size are: 1
12:57:52.500 [TestNG-tests-1] INFO tron.common.TronscanApiList - ----------------------------Print JSON End-----------------------------

12:57:52.501 [TestNG-tests-1] DEBUG org.apache.http.impl.conn.PoolingClientConnectionManager - Connection request: [route: {}->http://apilist.tronscan.org:80][total kept alive: 0; route allocated: 0 of 80; total allocated: 0 of 100]
12:57:52.501 [TestNG-tests-1] DEBUG org.apache.http.impl.conn.PoolingClientConnectionManager - Connection leased: [id: 34][route: {}->http://apilist.tronscan.org:80][total kept alive: 0; route allocated: 1 of 80; total allocated: 1 of 100]
12:57:52.501 [TestNG-tests-1] DEBUG org.apache.http.impl.conn.DefaultClientConnectionOperator - Connecting to apilist.tronscan.org:80
12:57:52.806 [TestNG-tests-1] DEBUG org.apache.http.client.protocol.RequestAddCookies - CookieSpec selected: default
12:57:52.807 [TestNG-tests-1] DEBUG org.apache.http.client.protocol.RequestAuthCache - Auth cache not set in the context
12:57:52.807 [TestNG-tests-1] DEBUG org.apache.http.client.protocol.RequestTargetAuthentication - Target auth state: UNCHALLENGED
12:57:52.807 [TestNG-tests-1] DEBUG org.apache.http.client.protocol.RequestProxyAuthentication - Proxy auth state: UNCHALLENGED
12:57:52.807 [TestNG-tests-1] DEBUG org.apache.http.impl.client.DefaultHttpClient - Attempt 1 to execute request
12:57:52.807 [TestNG-tests-1] DEBUG org.apache.http.impl.conn.DefaultClientConnection - Sending request: GET /api/account/list?limit=3&start=0&sort=-balance HTTP/1.1
12:57:52.807 [TestNG-tests-1] DEBUG org.apache.http.wire -  >> "GET /api/account/list?limit=3&start=0&sort=-balance HTTP/1.1[\r][\n]"
12:57:52.807 [TestNG-tests-1] DEBUG org.apache.http.wire -  >> "Content-type: application/json; charset=utf-8[\r][\n]"
12:57:52.807 [TestNG-tests-1] DEBUG org.apache.http.wire -  >> "Connection: Close[\r][\n]"
12:57:52.807 [TestNG-tests-1] DEBUG org.apache.http.wire -  >> "Host: apilist.tronscan.org[\r][\n]"
12:57:52.807 [TestNG-tests-1] DEBUG org.apache.http.wire -  >> "User-Agent: Apache-HttpClient/4.5.3 (Java/1.8.0_211)[\r][\n]"
12:57:52.807 [TestNG-tests-1] DEBUG org.apache.http.wire -  >> "[\r][\n]"
12:57:52.807 [TestNG-tests-1] DEBUG org.apache.http.headers - >> GET /api/account/list?limit=3&start=0&sort=-balance HTTP/1.1
12:57:52.807 [TestNG-tests-1] DEBUG org.apache.http.headers - >> Content-type: application/json; charset=utf-8
12:57:52.807 [TestNG-tests-1] DEBUG org.apache.http.headers - >> Connection: Close
12:57:52.807 [TestNG-tests-1] DEBUG org.apache.http.headers - >> Host: apilist.tronscan.org
12:57:52.807 [TestNG-tests-1] DEBUG org.apache.http.headers - >> User-Agent: Apache-HttpClient/4.5.3 (Java/1.8.0_211)
12:57:53.183 [TestNG-tests-1] DEBUG org.apache.http.wire -  << "HTTP/1.1 200 OK[\r][\n]"
12:57:53.183 [TestNG-tests-1] DEBUG org.apache.http.wire -  << "Server: nginx[\r][\n]"
12:57:53.183 [TestNG-tests-1] DEBUG org.apache.http.wire -  << "Date: Fri, 27 Mar 2020 04:57:53 GMT[\r][\n]"
12:57:53.183 [TestNG-tests-1] DEBUG org.apache.http.wire -  << "Content-Type: application/json;charset=utf-8[\r][\n]"
12:57:53.183 [TestNG-tests-1] DEBUG org.apache.http.wire -  << "Content-Length: 425[\r][\n]"
12:57:53.183 [TestNG-tests-1] DEBUG org.apache.http.wire -  << "Connection: close[\r][\n]"
12:57:53.183 [TestNG-tests-1] DEBUG org.apache.http.wire -  << "Access-Control-Allow-Origin: *[\r][\n]"
12:57:53.183 [TestNG-tests-1] DEBUG org.apache.http.wire -  << "Access-Control-Allow-Headers: DNT,X-Mx-ReqToken,Keep-Alive,User-Agent,X-Requested-With,If-Modified-Since,Cache-Control,Content-Type,Authorization[\r][\n]"
12:57:53.183 [TestNG-tests-1] DEBUG org.apache.http.wire -  << "Access-Control-Allow-Methods: GET,POST,PUT,DELETE,OPTIONS[\r][\n]"
12:57:53.183 [TestNG-tests-1] DEBUG org.apache.http.wire -  << "X-Proxy-Cache: MISS[\r][\n]"
12:57:53.183 [TestNG-tests-1] DEBUG org.apache.http.wire -  << "[\r][\n]"
12:57:53.183 [TestNG-tests-1] DEBUG org.apache.http.impl.conn.DefaultClientConnection - Receiving response: HTTP/1.1 200 OK
12:57:53.183 [TestNG-tests-1] DEBUG org.apache.http.headers - << HTTP/1.1 200 OK
12:57:53.183 [TestNG-tests-1] DEBUG org.apache.http.headers - << Server: nginx
12:57:53.183 [TestNG-tests-1] DEBUG org.apache.http.headers - << Date: Fri, 27 Mar 2020 04:57:53 GMT
12:57:53.183 [TestNG-tests-1] DEBUG org.apache.http.headers - << Content-Type: application/json;charset=utf-8
12:57:53.183 [TestNG-tests-1] DEBUG org.apache.http.headers - << Content-Length: 425
12:57:53.183 [TestNG-tests-1] DEBUG org.apache.http.headers - << Connection: close
12:57:53.183 [TestNG-tests-1] DEBUG org.apache.http.headers - << Access-Control-Allow-Origin: *
12:57:53.183 [TestNG-tests-1] DEBUG org.apache.http.headers - << Access-Control-Allow-Headers: DNT,X-Mx-ReqToken,Keep-Alive,User-Agent,X-Requested-With,If-Modified-Since,Cache-Control,Content-Type,Authorization
12:57:53.183 [TestNG-tests-1] DEBUG org.apache.http.headers - << Access-Control-Allow-Methods: GET,POST,PUT,DELETE,OPTIONS
12:57:53.183 [TestNG-tests-1] DEBUG org.apache.http.headers - << X-Proxy-Cache: MISS
http://apilist.tronscan.org/api/account/list?limit=3&start=0&sort=-balance 请求总耗时：683 毫秒
12:57:53.183 [TestNG-tests-1] INFO tron.tronscan.api.AccountsList - code is 200
12:57:53.183 [TestNG-tests-1] DEBUG org.apache.http.wire -  << "{"total":10000,"data":[{"address":"TA9FnQrLGdgLW6cwBKue9DyqSBz1UNzUMR","balance":3391229874152087,"power":6000000000000,"totalTransactionCount":8116},{"address":"TNaRAoLUyYEV2uF7GUrzSjRQTU8v5ZJ5VR","balance":2272443459339066,"addressTag":"Huobi","power":0,"totalTransactionCount":1826629},{"address":"TTchBXN17KktQbxpzHRohrANc44G8GEWMD","balance":1604431474140359,"power":0,"totalTransactionCount":55}],"rangeTotal":4963811}[\n]"
12:57:53.183 [TestNG-tests-1] DEBUG org.apache.http.impl.conn.DefaultClientConnection - Connection 0.0.0.0:61073<->18.216.178.128:80 closed
12:57:53.183 [TestNG-tests-1] DEBUG org.apache.http.impl.conn.PoolingClientConnectionManager - Connection released: [id: 34][route: {}->http://apilist.tronscan.org:80][total kept alive: 0; route allocated: 0 of 80; total allocated: 0 of 100]
12:57:53.183 [TestNG-tests-1] INFO tron.common.TronscanApiList - ----------------------------Print JSON Start---------------------------
12:57:53.183 [TestNG-tests-1] INFO tron.common.TronscanApiList - total:10000
12:57:53.183 [TestNG-tests-1] INFO tron.common.TronscanApiList - data:[{"address":"TA9FnQrLGdgLW6cwBKue9DyqSBz1UNzUMR","balance":3391229874152087,"power":6000000000000,"totalTransactionCount":8116},{"address":"TNaRAoLUyYEV2uF7GUrzSjRQTU8v5ZJ5VR","balance":2272443459339066,"addressTag":"Huobi","power":0,"totalTransactionCount":1826629},{"address":"TTchBXN17KktQbxpzHRohrANc44G8GEWMD","balance":1604431474140359,"power":0,"totalTransactionCount":55}]
12:57:53.183 [TestNG-tests-1] INFO tron.common.TronscanApiList - rangeTotal:4963811
12:57:53.183 [TestNG-tests-1] INFO tron.common.TronscanApiList - JSON content size are: 3
12:57:53.183 [TestNG-tests-1] INFO tron.common.TronscanApiList - ----------------------------Print JSON End-----------------------------
]]></system-out>
  <system-err><![CDATA[]]></system-err>
</testsuite>
