<?xml version="1.0" encoding="UTF-8"?>
<testsuite name="tron.tronscan.api.Trc_Appeals" tests="3" skipped="0" failures="0" errors="0" timestamp="2020-05-12T03:08:24" hostname="zhukaideiMac" time="1.843">
  <properties/>
  <testcase name="getRecent" classname="tron.tronscan.api.Trc_Appeals" time="0.614"/>
  <testcase name="getTrcAppeals" classname="tron.tronscan.api.Trc_Appeals" time="0.615"/>
  <testcase name="getTrcAppeals_1" classname="tron.tronscan.api.Trc_Appeals" time="0.614"/>
  <system-out><![CDATA[11:08:24.101 [TestNG-tests-1] DEBUG org.apache.http.impl.conn.PoolingClientConnectionManager - Connection request: [route: {}->http://tronexapi.tronscan.org:80][total kept alive: 0; route allocated: 0 of 80; total allocated: 0 of 100]
11:08:24.101 [TestNG-tests-1] DEBUG org.apache.http.impl.conn.PoolingClientConnectionManager - Connection leased: [id: 72][route: {}->http://tronexapi.tronscan.org:80][total kept alive: 0; route allocated: 1 of 80; total allocated: 1 of 100]
11:08:24.101 [TestNG-tests-1] DEBUG org.apache.http.impl.conn.DefaultClientConnectionOperator - Connecting to tronexapi.tronscan.org:80
11:08:24.408 [TestNG-tests-1] DEBUG org.apache.http.client.protocol.RequestAddCookies - CookieSpec selected: default
11:08:24.408 [TestNG-tests-1] DEBUG org.apache.http.client.protocol.RequestAuthCache - Auth cache not set in the context
11:08:24.408 [TestNG-tests-1] DEBUG org.apache.http.client.protocol.RequestTargetAuthentication - Target auth state: UNCHALLENGED
11:08:24.409 [TestNG-tests-1] DEBUG org.apache.http.client.protocol.RequestProxyAuthentication - Proxy auth state: UNCHALLENGED
11:08:24.409 [TestNG-tests-1] DEBUG org.apache.http.impl.client.DefaultHttpClient - Attempt 1 to execute request
11:08:24.409 [TestNG-tests-1] DEBUG org.apache.http.impl.conn.DefaultClientConnection - Sending request: GET /external/trc_appeals/recent?address=TSmZ71H9S6BQLdyGcr8QfG9qr92N6WUXKS HTTP/1.1
11:08:24.409 [TestNG-tests-1] DEBUG org.apache.http.wire -  >> "GET /external/trc_appeals/recent?address=TSmZ71H9S6BQLdyGcr8QfG9qr92N6WUXKS HTTP/1.1[\r][\n]"
11:08:24.409 [TestNG-tests-1] DEBUG org.apache.http.wire -  >> "Content-type: application/json; charset=utf-8[\r][\n]"
11:08:24.409 [TestNG-tests-1] DEBUG org.apache.http.wire -  >> "Connection: Close[\r][\n]"
11:08:24.409 [TestNG-tests-1] DEBUG org.apache.http.wire -  >> "Host: tronexapi.tronscan.org[\r][\n]"
11:08:24.409 [TestNG-tests-1] DEBUG org.apache.http.wire -  >> "User-Agent: Apache-HttpClient/4.5.3 (Java/1.8.0_211)[\r][\n]"
11:08:24.409 [TestNG-tests-1] DEBUG org.apache.http.wire -  >> "[\r][\n]"
11:08:24.409 [TestNG-tests-1] DEBUG org.apache.http.headers - >> GET /external/trc_appeals/recent?address=TSmZ71H9S6BQLdyGcr8QfG9qr92N6WUXKS HTTP/1.1
11:08:24.409 [TestNG-tests-1] DEBUG org.apache.http.headers - >> Content-type: application/json; charset=utf-8
11:08:24.409 [TestNG-tests-1] DEBUG org.apache.http.headers - >> Connection: Close
11:08:24.409 [TestNG-tests-1] DEBUG org.apache.http.headers - >> Host: tronexapi.tronscan.org
11:08:24.409 [TestNG-tests-1] DEBUG org.apache.http.headers - >> User-Agent: Apache-HttpClient/4.5.3 (Java/1.8.0_211)
11:08:24.714 [TestNG-tests-1] DEBUG org.apache.http.wire -  << "HTTP/1.1 200 OK[\r][\n]"
11:08:24.715 [TestNG-tests-1] DEBUG org.apache.http.wire -  << "Server: nginx/1.12.2[\r][\n]"
11:08:24.715 [TestNG-tests-1] DEBUG org.apache.http.wire -  << "Date: Tue, 12 May 2020 03:08:26 GMT[\r][\n]"
11:08:24.715 [TestNG-tests-1] DEBUG org.apache.http.wire -  << "Content-Type: application/json;charset=UTF-8[\r][\n]"
11:08:24.715 [TestNG-tests-1] DEBUG org.apache.http.wire -  << "Content-Length: 251[\r][\n]"
11:08:24.715 [TestNG-tests-1] DEBUG org.apache.http.wire -  << "Connection: close[\r][\n]"
11:08:24.715 [TestNG-tests-1] DEBUG org.apache.http.wire -  << "Access-Control-Allow-Origin: *[\r][\n]"
11:08:24.715 [TestNG-tests-1] DEBUG org.apache.http.wire -  << "Access-Control-Allow-Headers: *[\r][\n]"
11:08:24.715 [TestNG-tests-1] DEBUG org.apache.http.wire -  << "Access-Control-Allow-Methods: GET,POST,PUT,DELETE,OPTIONS[\r][\n]"
11:08:24.715 [TestNG-tests-1] DEBUG org.apache.http.wire -  << "[\r][\n]"
11:08:24.715 [TestNG-tests-1] DEBUG org.apache.http.impl.conn.DefaultClientConnection - Receiving response: HTTP/1.1 200 OK
11:08:24.715 [TestNG-tests-1] DEBUG org.apache.http.headers - << HTTP/1.1 200 OK
11:08:24.715 [TestNG-tests-1] DEBUG org.apache.http.headers - << Server: nginx/1.12.2
11:08:24.715 [TestNG-tests-1] DEBUG org.apache.http.headers - << Date: Tue, 12 May 2020 03:08:26 GMT
11:08:24.715 [TestNG-tests-1] DEBUG org.apache.http.headers - << Content-Type: application/json;charset=UTF-8
11:08:24.715 [TestNG-tests-1] DEBUG org.apache.http.headers - << Content-Length: 251
11:08:24.715 [TestNG-tests-1] DEBUG org.apache.http.headers - << Connection: close
11:08:24.715 [TestNG-tests-1] DEBUG org.apache.http.headers - << Access-Control-Allow-Origin: *
11:08:24.715 [TestNG-tests-1] DEBUG org.apache.http.headers - << Access-Control-Allow-Headers: *
11:08:24.715 [TestNG-tests-1] DEBUG org.apache.http.headers - << Access-Control-Allow-Methods: GET,POST,PUT,DELETE,OPTIONS
http://tronexapi.tronscan.org/external/trc_appeals/recent?address=TSmZ71H9S6BQLdyGcr8QfG9qr92N6WUXKS 请求总耗时：614 毫秒
11:08:24.715 [TestNG-tests-1] INFO tron.tronscan.api.Trc_Appeals - code is 200
11:08:24.715 [TestNG-tests-1] DEBUG org.apache.http.wire -  << "{"retCode":"0","retMsg":[],"data":{"appeal":{"id":1,"address":"TSmZ71H9S6BQLdyGcr8QfG9qr92N6WUXKS","reasons":"[{\"active\":true,\"id\":11,\"value\":\"abbr:|name:\"}]","content":null,"status":0,"update_time":1570863071000,"create_time":1570863071000}}}"
11:08:24.715 [TestNG-tests-1] DEBUG org.apache.http.impl.conn.DefaultClientConnection - Connection 0.0.0.0:56797<->3.14.14.175:80 closed
11:08:24.715 [TestNG-tests-1] DEBUG org.apache.http.impl.conn.PoolingClientConnectionManager - Connection released: [id: 72][route: {}->http://tronexapi.tronscan.org:80][total kept alive: 0; route allocated: 0 of 80; total allocated: 0 of 100]
11:08:24.715 [TestNG-tests-1] INFO tron.common.TronscanApiList - ----------------------------Print JSON Start---------------------------
11:08:24.715 [TestNG-tests-1] INFO tron.common.TronscanApiList - data:{"appeal":{"update_time":1570863071000,"address":"TSmZ71H9S6BQLdyGcr8QfG9qr92N6WUXKS","reasons":"[{\"active\":true,\"id\":11,\"value\":\"abbr:|name:\"}]","create_time":1570863071000,"id":1,"status":0}}
11:08:24.715 [TestNG-tests-1] INFO tron.common.TronscanApiList - retCode:0
11:08:24.715 [TestNG-tests-1] INFO tron.common.TronscanApiList - retMsg:[]
11:08:24.715 [TestNG-tests-1] INFO tron.common.TronscanApiList - JSON content size are: 3
11:08:24.715 [TestNG-tests-1] INFO tron.common.TronscanApiList - ----------------------------Print JSON End-----------------------------
11:08:24.716 [TestNG-tests-1] DEBUG org.apache.http.impl.conn.PoolingClientConnectionManager - Connection request: [route: {}->http://tronexapi.tronscan.org:80][total kept alive: 0; route allocated: 0 of 80; total allocated: 0 of 100]
11:08:24.716 [TestNG-tests-1] DEBUG org.apache.http.impl.conn.PoolingClientConnectionManager - Connection leased: [id: 73][route: {}->http://tronexapi.tronscan.org:80][total kept alive: 0; route allocated: 1 of 80; total allocated: 1 of 100]
11:08:24.716 [TestNG-tests-1] DEBUG org.apache.http.impl.conn.DefaultClientConnectionOperator - Connecting to tronexapi.tronscan.org:80
11:08:25.022 [TestNG-tests-1] DEBUG org.apache.http.client.protocol.RequestAddCookies - CookieSpec selected: default
11:08:25.022 [TestNG-tests-1] DEBUG org.apache.http.client.protocol.RequestAuthCache - Auth cache not set in the context
11:08:25.022 [TestNG-tests-1] DEBUG org.apache.http.client.protocol.RequestTargetAuthentication - Target auth state: UNCHALLENGED
11:08:25.022 [TestNG-tests-1] DEBUG org.apache.http.client.protocol.RequestProxyAuthentication - Proxy auth state: UNCHALLENGED
11:08:25.022 [TestNG-tests-1] DEBUG org.apache.http.impl.client.DefaultHttpClient - Attempt 1 to execute request
11:08:25.022 [TestNG-tests-1] DEBUG org.apache.http.impl.conn.DefaultClientConnection - Sending request: GET /external/trc_appeals?address=TSmZ71H9S6BQLdyGcr8QfG9qr92N6WUXKS HTTP/1.1
11:08:25.022 [TestNG-tests-1] DEBUG org.apache.http.wire -  >> "GET /external/trc_appeals?address=TSmZ71H9S6BQLdyGcr8QfG9qr92N6WUXKS HTTP/1.1[\r][\n]"
11:08:25.022 [TestNG-tests-1] DEBUG org.apache.http.wire -  >> "Content-type: application/json; charset=utf-8[\r][\n]"
11:08:25.022 [TestNG-tests-1] DEBUG org.apache.http.wire -  >> "Connection: Close[\r][\n]"
11:08:25.022 [TestNG-tests-1] DEBUG org.apache.http.wire -  >> "Host: tronexapi.tronscan.org[\r][\n]"
11:08:25.022 [TestNG-tests-1] DEBUG org.apache.http.wire -  >> "User-Agent: Apache-HttpClient/4.5.3 (Java/1.8.0_211)[\r][\n]"
11:08:25.022 [TestNG-tests-1] DEBUG org.apache.http.wire -  >> "[\r][\n]"
11:08:25.022 [TestNG-tests-1] DEBUG org.apache.http.headers - >> GET /external/trc_appeals?address=TSmZ71H9S6BQLdyGcr8QfG9qr92N6WUXKS HTTP/1.1
11:08:25.022 [TestNG-tests-1] DEBUG org.apache.http.headers - >> Content-type: application/json; charset=utf-8
11:08:25.022 [TestNG-tests-1] DEBUG org.apache.http.headers - >> Connection: Close
11:08:25.022 [TestNG-tests-1] DEBUG org.apache.http.headers - >> Host: tronexapi.tronscan.org
11:08:25.022 [TestNG-tests-1] DEBUG org.apache.http.headers - >> User-Agent: Apache-HttpClient/4.5.3 (Java/1.8.0_211)
11:08:25.329 [TestNG-tests-1] DEBUG org.apache.http.wire -  << "HTTP/1.1 200 OK[\r][\n]"
11:08:25.329 [TestNG-tests-1] DEBUG org.apache.http.wire -  << "Server: nginx/1.12.2[\r][\n]"
11:08:25.329 [TestNG-tests-1] DEBUG org.apache.http.wire -  << "Date: Tue, 12 May 2020 03:08:26 GMT[\r][\n]"
11:08:25.329 [TestNG-tests-1] DEBUG org.apache.http.wire -  << "Content-Type: application/json;charset=UTF-8[\r][\n]"
11:08:25.329 [TestNG-tests-1] DEBUG org.apache.http.wire -  << "Content-Length: 254[\r][\n]"
11:08:25.329 [TestNG-tests-1] DEBUG org.apache.http.wire -  << "Connection: close[\r][\n]"
11:08:25.329 [TestNG-tests-1] DEBUG org.apache.http.wire -  << "Access-Control-Allow-Origin: *[\r][\n]"
11:08:25.329 [TestNG-tests-1] DEBUG org.apache.http.wire -  << "Access-Control-Allow-Headers: *[\r][\n]"
11:08:25.329 [TestNG-tests-1] DEBUG org.apache.http.wire -  << "Access-Control-Allow-Methods: GET,POST,PUT,DELETE,OPTIONS[\r][\n]"
11:08:25.329 [TestNG-tests-1] DEBUG org.apache.http.wire -  << "[\r][\n]"
11:08:25.329 [TestNG-tests-1] DEBUG org.apache.http.impl.conn.DefaultClientConnection - Receiving response: HTTP/1.1 200 OK
11:08:25.329 [TestNG-tests-1] DEBUG org.apache.http.headers - << HTTP/1.1 200 OK
11:08:25.329 [TestNG-tests-1] DEBUG org.apache.http.headers - << Server: nginx/1.12.2
11:08:25.329 [TestNG-tests-1] DEBUG org.apache.http.headers - << Date: Tue, 12 May 2020 03:08:26 GMT
11:08:25.329 [TestNG-tests-1] DEBUG org.apache.http.headers - << Content-Type: application/json;charset=UTF-8
11:08:25.329 [TestNG-tests-1] DEBUG org.apache.http.headers - << Content-Length: 254
11:08:25.329 [TestNG-tests-1] DEBUG org.apache.http.headers - << Connection: close
11:08:25.329 [TestNG-tests-1] DEBUG org.apache.http.headers - << Access-Control-Allow-Origin: *
11:08:25.329 [TestNG-tests-1] DEBUG org.apache.http.headers - << Access-Control-Allow-Headers: *
11:08:25.329 [TestNG-tests-1] DEBUG org.apache.http.headers - << Access-Control-Allow-Methods: GET,POST,PUT,DELETE,OPTIONS
http://tronexapi.tronscan.org/external/trc_appeals?address=TSmZ71H9S6BQLdyGcr8QfG9qr92N6WUXKS 请求总耗时：613 毫秒
11:08:25.329 [TestNG-tests-1] INFO tron.tronscan.api.Trc_Appeals - code is 200
11:08:25.329 [TestNG-tests-1] DEBUG org.apache.http.wire -  << "{"retCode":"0","retMsg":[],"data":{"appeals":[{"id":1,"address":"TSmZ71H9S6BQLdyGcr8QfG9qr92N6WUXKS","reasons":"[{\"active\":true,\"id\":11,\"value\":\"abbr:|name:\"}]","content":null,"status":0,"update_time":1570863071000,"create_time":1570863071000}]}}"
11:08:25.329 [TestNG-tests-1] DEBUG org.apache.http.impl.conn.DefaultClientConnection - Connection 0.0.0.0:56798<->3.14.14.175:80 closed
11:08:25.329 [TestNG-tests-1] DEBUG org.apache.http.impl.conn.PoolingClientConnectionManager - Connection released: [id: 73][route: {}->http://tronexapi.tronscan.org:80][total kept alive: 0; route allocated: 0 of 80; total allocated: 0 of 100]
11:08:25.329 [TestNG-tests-1] INFO tron.common.TronscanApiList - ----------------------------Print JSON Start---------------------------
11:08:25.329 [TestNG-tests-1] INFO tron.common.TronscanApiList - data:{"appeals":[{"update_time":1570863071000,"address":"TSmZ71H9S6BQLdyGcr8QfG9qr92N6WUXKS","reasons":"[{\"active\":true,\"id\":11,\"value\":\"abbr:|name:\"}]","create_time":1570863071000,"id":1,"status":0}]}
11:08:25.329 [TestNG-tests-1] INFO tron.common.TronscanApiList - retCode:0
11:08:25.329 [TestNG-tests-1] INFO tron.common.TronscanApiList - retMsg:[]
11:08:25.329 [TestNG-tests-1] INFO tron.common.TronscanApiList - JSON content size are: 3
11:08:25.329 [TestNG-tests-1] INFO tron.common.TronscanApiList - ----------------------------Print JSON End-----------------------------
11:08:25.330 [TestNG-tests-1] DEBUG org.apache.http.impl.conn.PoolingClientConnectionManager - Connection request: [route: {}->http://tronexapi.tronscan.org:80][total kept alive: 0; route allocated: 0 of 80; total allocated: 0 of 100]
11:08:25.330 [TestNG-tests-1] DEBUG org.apache.http.impl.conn.PoolingClientConnectionManager - Connection leased: [id: 74][route: {}->http://tronexapi.tronscan.org:80][total kept alive: 0; route allocated: 1 of 80; total allocated: 1 of 100]
11:08:25.330 [TestNG-tests-1] DEBUG org.apache.http.impl.conn.DefaultClientConnectionOperator - Connecting to tronexapi.tronscan.org:80
11:08:25.636 [TestNG-tests-1] DEBUG org.apache.http.client.protocol.RequestAddCookies - CookieSpec selected: default
11:08:25.636 [TestNG-tests-1] DEBUG org.apache.http.client.protocol.RequestAuthCache - Auth cache not set in the context
11:08:25.636 [TestNG-tests-1] DEBUG org.apache.http.client.protocol.RequestTargetAuthentication - Target auth state: UNCHALLENGED
11:08:25.636 [TestNG-tests-1] DEBUG org.apache.http.client.protocol.RequestProxyAuthentication - Proxy auth state: UNCHALLENGED
11:08:25.636 [TestNG-tests-1] DEBUG org.apache.http.impl.client.DefaultHttpClient - Attempt 1 to execute request
11:08:25.636 [TestNG-tests-1] DEBUG org.apache.http.impl.conn.DefaultClientConnection - Sending request: GET /external/trc_appeals/1 HTTP/1.1
11:08:25.636 [TestNG-tests-1] DEBUG org.apache.http.wire -  >> "GET /external/trc_appeals/1 HTTP/1.1[\r][\n]"
11:08:25.636 [TestNG-tests-1] DEBUG org.apache.http.wire -  >> "Content-type: application/json; charset=utf-8[\r][\n]"
11:08:25.636 [TestNG-tests-1] DEBUG org.apache.http.wire -  >> "Connection: Close[\r][\n]"
11:08:25.636 [TestNG-tests-1] DEBUG org.apache.http.wire -  >> "Host: tronexapi.tronscan.org[\r][\n]"
11:08:25.636 [TestNG-tests-1] DEBUG org.apache.http.wire -  >> "User-Agent: Apache-HttpClient/4.5.3 (Java/1.8.0_211)[\r][\n]"
11:08:25.636 [TestNG-tests-1] DEBUG org.apache.http.wire -  >> "[\r][\n]"
11:08:25.636 [TestNG-tests-1] DEBUG org.apache.http.headers - >> GET /external/trc_appeals/1 HTTP/1.1
11:08:25.636 [TestNG-tests-1] DEBUG org.apache.http.headers - >> Content-type: application/json; charset=utf-8
11:08:25.636 [TestNG-tests-1] DEBUG org.apache.http.headers - >> Connection: Close
11:08:25.636 [TestNG-tests-1] DEBUG org.apache.http.headers - >> Host: tronexapi.tronscan.org
11:08:25.636 [TestNG-tests-1] DEBUG org.apache.http.headers - >> User-Agent: Apache-HttpClient/4.5.3 (Java/1.8.0_211)
11:08:25.943 [TestNG-tests-1] DEBUG org.apache.http.wire -  << "HTTP/1.1 200 OK[\r][\n]"
11:08:25.943 [TestNG-tests-1] DEBUG org.apache.http.wire -  << "Server: nginx/1.12.2[\r][\n]"
11:08:25.943 [TestNG-tests-1] DEBUG org.apache.http.wire -  << "Date: Tue, 12 May 2020 03:08:27 GMT[\r][\n]"
11:08:25.943 [TestNG-tests-1] DEBUG org.apache.http.wire -  << "Content-Type: application/json;charset=UTF-8[\r][\n]"
11:08:25.943 [TestNG-tests-1] DEBUG org.apache.http.wire -  << "Content-Length: 251[\r][\n]"
11:08:25.943 [TestNG-tests-1] DEBUG org.apache.http.wire -  << "Connection: close[\r][\n]"
11:08:25.943 [TestNG-tests-1] DEBUG org.apache.http.wire -  << "Access-Control-Allow-Origin: *[\r][\n]"
11:08:25.943 [TestNG-tests-1] DEBUG org.apache.http.wire -  << "Access-Control-Allow-Headers: *[\r][\n]"
11:08:25.943 [TestNG-tests-1] DEBUG org.apache.http.wire -  << "Access-Control-Allow-Methods: GET,POST,PUT,DELETE,OPTIONS[\r][\n]"
11:08:25.943 [TestNG-tests-1] DEBUG org.apache.http.wire -  << "[\r][\n]"
11:08:25.943 [TestNG-tests-1] DEBUG org.apache.http.impl.conn.DefaultClientConnection - Receiving response: HTTP/1.1 200 OK
11:08:25.943 [TestNG-tests-1] DEBUG org.apache.http.headers - << HTTP/1.1 200 OK
11:08:25.943 [TestNG-tests-1] DEBUG org.apache.http.headers - << Server: nginx/1.12.2
11:08:25.943 [TestNG-tests-1] DEBUG org.apache.http.headers - << Date: Tue, 12 May 2020 03:08:27 GMT
11:08:25.943 [TestNG-tests-1] DEBUG org.apache.http.headers - << Content-Type: application/json;charset=UTF-8
11:08:25.943 [TestNG-tests-1] DEBUG org.apache.http.headers - << Content-Length: 251
11:08:25.943 [TestNG-tests-1] DEBUG org.apache.http.headers - << Connection: close
11:08:25.943 [TestNG-tests-1] DEBUG org.apache.http.headers - << Access-Control-Allow-Origin: *
11:08:25.943 [TestNG-tests-1] DEBUG org.apache.http.headers - << Access-Control-Allow-Headers: *
11:08:25.943 [TestNG-tests-1] DEBUG org.apache.http.headers - << Access-Control-Allow-Methods: GET,POST,PUT,DELETE,OPTIONS
http://tronexapi.tronscan.org/external/trc_appeals/1 请求总耗时：613 毫秒
11:08:25.944 [TestNG-tests-1] INFO tron.tronscan.api.Trc_Appeals - code is 200
11:08:25.944 [TestNG-tests-1] DEBUG org.apache.http.wire -  << "{"retCode":"0","retMsg":[],"data":{"appeal":{"id":1,"address":"TSmZ71H9S6BQLdyGcr8QfG9qr92N6WUXKS","reasons":"[{\"active\":true,\"id\":11,\"value\":\"abbr:|name:\"}]","content":null,"status":0,"update_time":1570863071000,"create_time":1570863071000}}}"
11:08:25.944 [TestNG-tests-1] DEBUG org.apache.http.impl.conn.DefaultClientConnection - Connection 0.0.0.0:56799<->3.14.14.175:80 closed
11:08:25.944 [TestNG-tests-1] DEBUG org.apache.http.impl.conn.PoolingClientConnectionManager - Connection released: [id: 74][route: {}->http://tronexapi.tronscan.org:80][total kept alive: 0; route allocated: 0 of 80; total allocated: 0 of 100]
11:08:25.944 [TestNG-tests-1] INFO tron.common.TronscanApiList - ----------------------------Print JSON Start---------------------------
11:08:25.944 [TestNG-tests-1] INFO tron.common.TronscanApiList - data:{"appeal":{"update_time":1570863071000,"address":"TSmZ71H9S6BQLdyGcr8QfG9qr92N6WUXKS","reasons":"[{\"active\":true,\"id\":11,\"value\":\"abbr:|name:\"}]","create_time":1570863071000,"id":1,"status":0}}
11:08:25.944 [TestNG-tests-1] INFO tron.common.TronscanApiList - retCode:0
11:08:25.944 [TestNG-tests-1] INFO tron.common.TronscanApiList - retMsg:[]
11:08:25.944 [TestNG-tests-1] INFO tron.common.TronscanApiList - JSON content size are: 3
11:08:25.944 [TestNG-tests-1] INFO tron.common.TronscanApiList - ----------------------------Print JSON End-----------------------------
]]></system-out>
  <system-err><![CDATA[]]></system-err>
</testsuite>
