<?xml version="1.0" encoding="UTF-8"?>
<testsuite name="tron.tronscan.api.VoteList" tests="3" skipped="0" failures="0" errors="0" timestamp="2020-03-27T04:58:34" hostname="zhukaideiMac.local" time="1.941">
  <properties/>
  <testcase name="getCurrent_Cycle" classname="tron.tronscan.api.VoteList" time="0.817"/>
  <testcase name="getInternalTransaction" classname="tron.tronscan.api.VoteList" time="0.53"/>
  <testcase name="getNext_Cycle" classname="tron.tronscan.api.VoteList" time="0.594"/>
  <system-out><![CDATA[http://apilist.tronscan.org/api/vote/current-cycle
12:58:34.076 [TestNG-tests-1] DEBUG org.apache.http.impl.conn.PoolingClientConnectionManager - Connection request: [route: {}->http://apilist.tronscan.org:80][total kept alive: 0; route allocated: 0 of 80; total allocated: 0 of 100]
12:58:34.076 [TestNG-tests-1] DEBUG org.apache.http.impl.conn.PoolingClientConnectionManager - Connection leased: [id: 50][route: {}->http://apilist.tronscan.org:80][total kept alive: 0; route allocated: 1 of 80; total allocated: 1 of 100]
12:58:34.076 [TestNG-tests-1] DEBUG org.apache.http.impl.conn.DefaultClientConnectionOperator - Connecting to apilist.tronscan.org:80
12:58:34.381 [TestNG-tests-1] DEBUG org.apache.http.client.protocol.RequestAddCookies - CookieSpec selected: default
12:58:34.381 [TestNG-tests-1] DEBUG org.apache.http.client.protocol.RequestAuthCache - Auth cache not set in the context
12:58:34.381 [TestNG-tests-1] DEBUG org.apache.http.client.protocol.RequestTargetAuthentication - Target auth state: UNCHALLENGED
12:58:34.381 [TestNG-tests-1] DEBUG org.apache.http.client.protocol.RequestProxyAuthentication - Proxy auth state: UNCHALLENGED
12:58:34.381 [TestNG-tests-1] DEBUG org.apache.http.impl.client.DefaultHttpClient - Attempt 1 to execute request
12:58:34.381 [TestNG-tests-1] DEBUG org.apache.http.impl.conn.DefaultClientConnection - Sending request: GET /api/vote/current-cycle HTTP/1.1
12:58:34.381 [TestNG-tests-1] DEBUG org.apache.http.wire -  >> "GET /api/vote/current-cycle HTTP/1.1[\r][\n]"
12:58:34.381 [TestNG-tests-1] DEBUG org.apache.http.wire -  >> "Content-type: application/json; charset=utf-8[\r][\n]"
12:58:34.381 [TestNG-tests-1] DEBUG org.apache.http.wire -  >> "Connection: Close[\r][\n]"
12:58:34.381 [TestNG-tests-1] DEBUG org.apache.http.wire -  >> "Host: apilist.tronscan.org[\r][\n]"
12:58:34.381 [TestNG-tests-1] DEBUG org.apache.http.wire -  >> "User-Agent: Apache-HttpClient/4.5.3 (Java/1.8.0_211)[\r][\n]"
12:58:34.381 [TestNG-tests-1] DEBUG org.apache.http.wire -  >> "[\r][\n]"
12:58:34.381 [TestNG-tests-1] DEBUG org.apache.http.headers - >> GET /api/vote/current-cycle HTTP/1.1
12:58:34.381 [TestNG-tests-1] DEBUG org.apache.http.headers - >> Content-type: application/json; charset=utf-8
12:58:34.381 [TestNG-tests-1] DEBUG org.apache.http.headers - >> Connection: Close
12:58:34.381 [TestNG-tests-1] DEBUG org.apache.http.headers - >> Host: apilist.tronscan.org
12:58:34.381 [TestNG-tests-1] DEBUG org.apache.http.headers - >> User-Agent: Apache-HttpClient/4.5.3 (Java/1.8.0_211)
12:58:34.658 [TestNG-tests-1] DEBUG org.apache.http.wire -  << "HTTP/1.1 200 OK[\r][\n]"
12:58:34.658 [TestNG-tests-1] DEBUG org.apache.http.wire -  << "Server: nginx[\r][\n]"
12:58:34.658 [TestNG-tests-1] DEBUG org.apache.http.wire -  << "Date: Fri, 27 Mar 2020 04:58:35 GMT[\r][\n]"
12:58:34.658 [TestNG-tests-1] DEBUG org.apache.http.wire -  << "Content-Type: application/json;charset=utf-8[\r][\n]"
12:58:34.658 [TestNG-tests-1] DEBUG org.apache.http.wire -  << "Content-Length: 20005[\r][\n]"
12:58:34.658 [TestNG-tests-1] DEBUG org.apache.http.wire -  << "Connection: close[\r][\n]"
12:58:34.658 [TestNG-tests-1] DEBUG org.apache.http.wire -  << "Vary: Accept-Encoding[\r][\n]"
12:58:34.658 [TestNG-tests-1] DEBUG org.apache.http.wire -  << "Access-Control-Allow-Origin: *[\r][\n]"
12:58:34.658 [TestNG-tests-1] DEBUG org.apache.http.wire -  << "Access-Control-Allow-Headers: DNT,X-Mx-ReqToken,Keep-Alive,User-Agent,X-Requested-With,If-Modified-Since,Cache-Control,Content-Type,Authorization[\r][\n]"
12:58:34.658 [TestNG-tests-1] DEBUG org.apache.http.wire -  << "Access-Control-Allow-Methods: GET,POST,PUT,DELETE,OPTIONS[\r][\n]"
12:58:34.658 [TestNG-tests-1] DEBUG org.apache.http.wire -  << "X-Proxy-Cache: EXPIRED[\r][\n]"
12:58:34.658 [TestNG-tests-1] DEBUG org.apache.http.wire -  << "[\r][\n]"
12:58:34.658 [TestNG-tests-1] DEBUG org.apache.http.impl.conn.DefaultClientConnection - Receiving response: HTTP/1.1 200 OK
12:58:34.658 [TestNG-tests-1] DEBUG org.apache.http.headers - << HTTP/1.1 200 OK
12:58:34.658 [TestNG-tests-1] DEBUG org.apache.http.headers - << Server: nginx
12:58:34.658 [TestNG-tests-1] DEBUG org.apache.http.headers - << Date: Fri, 27 Mar 2020 04:58:35 GMT
12:58:34.658 [TestNG-tests-1] DEBUG org.apache.http.headers - << Content-Type: application/json;charset=utf-8
12:58:34.658 [TestNG-tests-1] DEBUG org.apache.http.headers - << Content-Length: 20005
12:58:34.658 [TestNG-tests-1] DEBUG org.apache.http.headers - << Connection: close
12:58:34.658 [TestNG-tests-1] DEBUG org.apache.http.headers - << Vary: Accept-Encoding
12:58:34.658 [TestNG-tests-1] DEBUG org.apache.http.headers - << Access-Control-Allow-Origin: *
12:58:34.658 [TestNG-tests-1] DEBUG org.apache.http.headers - << Access-Control-Allow-Headers: DNT,X-Mx-ReqToken,Keep-Alive,User-Agent,X-Requested-With,If-Modified-Since,Cache-Control,Content-Type,Authorization
12:58:34.658 [TestNG-tests-1] DEBUG org.apache.http.headers - << Access-Control-Allow-Methods: GET,POST,PUT,DELETE,OPTIONS
12:58:34.658 [TestNG-tests-1] DEBUG org.apache.http.headers - << X-Proxy-Cache: EXPIRED
http://apilist.tronscan.org/api/vote/current-cycle 请求总耗时：582 毫秒
12:58:34.658 [TestNG-tests-1] DEBUG org.apache.http.wire -  << "{"total_votes":24247922612,"candidates":[{"address":"TLyqzVGLV1srkB7dToTAEqgDSfPtXRJZYH","name":"Binance Staking","url":"https://www.binance.com/en/staking","hasPage":"true","votes":13538303260,"realTimeVotes":13538509524,"change_cycle":0,"change_day":0},{"address":"TGj1Ej1qRzL9feLTLhjwgxXF4Ct6GTWg2U","name":"Skypeople","url":"http://www.skypeople.co.kr","hasPage":"false","votes":982129390,"realTimeVotes":953070705,"change_cycle":0,"change_day":0},{"address":"TV9QitxEJ3pdiAUAfJ2QuPxLKp9qTTR3og","name":"BitGuild","url":"https://www.bitguild.com","hasPage":"true","votes":717572645,"realTimeVotes":748403693,"change_cycle":0,"change_day":0},{"address":"TJvaAeFb8Lykt9RQcVyyTFN2iDvGMuyD4M","name":"Poloniex","url":"https://poloniex.com/","hasPage":"true","votes":674334883,"realTimeVotes":672595897,"change_cycle":0,"change_day":0},{"address":"THYPk7Z72REsPrHtZkcwp9pWJadsPxp1UP","name":"bitwirespool","url":"https://www.beekuaibao.com","hasPage":"true","votes":450776947,"realTimeVotes":450779066,"change_cycle":0,"change_day":0},{"address":"TGzz8gjYiYRqpfmDwnLxfgPuLVNmpCswVp","name":"Sesameseed","url":"https://www.sesameseed.org","hasPage":"false","votes":391145419,"realTimeVotes":394196284,"change_cycle":0,"change_day":0},{"address":"TTcYhypP8m4phDhN6oRexz2174zAerjEWP","name":"CryptoGuyInZA","url":"https://www.cryptoguyinza.co.za/","hasPage":"false","votes":382448060,"realTimeVotes":382481892,"change_cycle":0,"change_day":0},{"address":"TUD4YXYdj2t1gP5th3A7t97mx1AUmrrQRt","name":"TRONGrid","url":"https://www.trongrid.io","hasPage":"true","votes":368358512,"realTimeVotes":368360876,"change_cycle":0,"change_day":0},{"address":"TWkpg1ZQ4fTv7sj41zBUTMo1kuJEUWTere","name":"TRONLink","url":"https://tronlink.org","hasPage":"true","votes":346070027,"realTimeVotes":346072009,"change_cycle":0,"change_day":0},{"address":"TTMNxTmRpBZnjtUnohX84j25NLkTqDga7j","name":"TronSpark","url":"https://tronspark.com","hasPage":"true","votes":326489461,"realTimeVotes":339758706,"change_cycle":2,"change_day":0},{"address":"TPMGfspxLQGom8sKutrbHcDKtHjRHFbGKw","name":"Infinity-Stones","url":"https://infstones.io/","hasPage":"false","votes":331328946,"realTimeVotes":331344330,"change_cycle":-1,"change_day":0},{"address":"TY65QiDt4hLTMpf3WRzcX357BnmdxT2sw9","name":"uTorrent","url":"https://www.utorrent.com/","hasPage":"true","votes":330853949,"realTimeVotes":330854324,"change_cycle":-1,"change_day":0},{"address":"TVFKwzE8qeETLaZEHMx2tjEsdnujAgAWaA","name":"BlockchainOrg","url":"http://blockchain.org","hasPage":"true","votes":317451639,"realTimeVotes":317453639,"change_cycle":0,"change_day":0},{"address":"TKSXDA8HfE9E1y39RczVQ1ZascUEtaSToF","name":"CryptoChain","url":"http://cryptochain.network","hasPage":"false","votes":316549660,"realTimeVotes":312874658,"change_cycle":0,"change_day":0},{"address":"TTW663tQYJTTCtHh6DWKAfexRhPMf2DxQ1","name":"TRONALLIANCE","url":"http://tronalliance.org","hasPage":"true","votes":311978679,"realTimeVotes":311980679,"change_cycle":0,"change_day":0},{"address":"TFA1qpUkQ1yBDw4pgZKx25wEZAqkjGoZo1","name":"JustinSunTron","url":"https://twitter.com/justinsuntron","hasPage":"true","votes":311446630,"realTimeVotes":311446605,"change_cycle":0,"change_day":0},{"address":"TCEo1hMAdaJrQmvnGTCcGT2LqrGU4N7Jqf","name":"TRONScan","url":"https://tronscan.org","hasPage":"true","votes":305414830,"realTimeVotes":305409659,"change_cycle":0,"change_day":0},{"address":"TSNbzxac4WhxN91XvaUfPTKP2jNT18mP6T","name":"BitTorrent","url":"https://www.bittorrent.com/","hasPage":"true","votes":297079432,"realTimeVotes":297055377,"change_cycle":0,"change_day":0},{"address":"TSzoLaVCdSNDpNxgChcFt9rSRF5wWAZiR4","name":"TRXMarket","url":"http://trx.market","hasPage":"true","votes":296064343,"realTimeVotes":296065395,"change_cycle":0,"change_day":0},{"address":"TNaJADoq1u2atryP1ZzwvmEE4ZBELXfMqw","name":"callmeSR","url":"http://zempty.peiwo.cn/","hasPage":"true","votes":295527279,"realTimeVotes":295527179,"change_cycle":0,"change_day":0},{"address":"TVa6MF7SgZa8PToLoQ9PNq6KQHyTXLBz1p","name":"KryptoKnight","url":"http://krypto-knight.us/","
12:58:34.658 [TestNG-tests-1] DEBUG org.apache.http.wire -  << ""hasPage":"true","votes":295241924,"realTimeVotes":295241824,"change_cycle":0,"change_day":0},{"address":"TRTC1DxDg2eWPHmyc3DTGR672rVHoZQa8h","name":"","url":"https://hitbtc.com","hasPage":"true","votes":294058426,"realTimeVotes":294058416,"change_cycle":0,"change_day":0},{"address":"TAHg5zi2ejWeWiE6bqtDT9vfbH3zNTWrfA","name":"TRXUltra","url":"https://trxultra.org","hasPage":"true","votes":293558975,"realTimeVotes":293558975,"change_cycle":0,"change_day":0},{"address":"TMG95kirH4cKW5GnKoCcCye1dBqbt77yGu","name":"MinerGate","url":"https://minergate.com","hasPage":"true","votes":292494194,"realTimeVotes":292494194,"change_cycle":0,"change_day":0},{"address":"TNmas2SUNGJ2R1jq4Sivya5nHDLYN9ggpG","name":"TheLastMe","url":"http://www.thelast.me","hasPage":"true","votes":291339221,"realTimeVotes":291339221,"change_cycle":0,"change_day":0},{"address":"TJ2aDMgeipmoZRuUEru2ri8t7TGkxnm6qY","name":"Huobi_pool","url":"https://www.huobipool.com","hasPage":"true","votes":287939588,"realTimeVotes":287939639,"change_cycle":0,"change_day":0},{"address":"TE7hnUtWRRBz3SkFrX8JESWUmEvxxAhoPt","name":"TronWalletMe","url":"https://www.tronwallet.me/","hasPage":"true","votes":287498369,"realTimeVotes":287654824,"change_cycle":0,"change_day":0},{"address":"TN2MEB71iox2mDwwngdTrUyUZXeENcb79F","name":"SR-TRON-Europe","url":"https://www.tron-europe.org","hasPage":"
12:58:34.658 [TestNG-tests-1] DEBUG org.apache.http.wire -  << ""true","votes":169410377,"realTimeVotes":157140605,"change_cycle":0,"change_day":0},{"address":"TBXB5tobBPCFkC8ihFDBWjaiwW2iSpzSfr","name":"TRONVIETNAM","url":"https://www.tronvietnam.com/","hasPage":"true","votes":148275995,"realTimeVotes":148273210,"change_cycle":0,"change_day":0},{"address":"TVSdAnnZUdSH8gdeUgMPTht1mXmhtEXAN3","name":"TRON-BOOM","url":"www.tronspirit.com","hasPage":"true","votes":121393356,"realTimeVotes":121422368,"change_cycle":0,"change_day":0},{"address":"TW5oEHAE2LqMdozna7HBDiW6U56f6m8Vfa","name":"TRON-Ace","url":"https://www.tronace.com","hasPage":"true","votes":110007639,"realTimeVotes":110007639,"change_cycle":0,"change_day":0},{"address":"TNMcBfKauBykfamL2YkE8WFNDUBmahQzYx","name":"Newpool-TRON","url":"https://tron.newdex.one","hasPage":"true","votes":95524546,"realTimeVotes":95524667,"change_cycle":0,"change_day":0},{"address":"TYVJ8JuQ6ctzCa2u79MFmvvNQ1U2tYQEUM","name":"TRON-ONE","url":"http://tronone.com","hasPage":"false","votes":46899291,"realTimeVotes":46899291,"change_cycle":0,"change_day":0},{"address":"TPjc5LNkpa5iwjUv8u4XXV92JA2JaAxHgL","name":"","url":"http://bz.com/","hasPage":"true","votes":35000404,"realTimeVotes":35000404,"change_cycle":0,"change_day":0},{"address":"TN2W4cc7a4dsYyTLiLMWa9m7jVpdLjGvYs","name":"Huobi_Wallet","url":"https://www.huobiwallet.com/","hasPage":"true","votes":33160979"
12:58:34.658 [TestNG-tests-1] DEBUG org.apache.http.wire -  << ","realTimeVotes":33182922,"change_cycle":0,"change_day":0},{"address":"TQwqK8LhHGria5gkkfCVqQfE5mSwpvdp3B","name":"Tron-Society","url":"https://tron-society.com","hasPage":"true","votes":30699903,"realTimeVotes":30699903,"change_cycle":0,"change_day":0},{"address":"TGfUjDNr5Huk8DumHfmzY2ksE6RRYpuGLG","name":"BeatzCoin","url":"https://www.beatzcoin.io/","hasPage":"true","votes":26812811,"realTimeVotes":26794125,"change_cycle":0,"change_day":0},{"address":"TEe7HDXdHJemT142R643cajh8BbKdWgR3H","name":"CashierestStaking","url":"\thttps://www.cashierest.com","hasPage":"true","votes":17811770,"realTimeVotes":17811771,"change_cycle":0,"change_day":0},{"address":"TDGmmTC7xDgQGwH4FYRGuE7SFH2MePHYeH","name":"TeamTronics","url":"https://www.tronics.io/","hasPage":"false","votes":6923071,"realTimeVotes":6923071,"change_cycle":0,"change_day":0},{"address":"TV6qcwSp38uESiDczxxb7zbJX1h2LfDs78","name":"TronsTronics","url":"Tronstronics","hasPage":"false","votes":6402656,"realTimeVotes":6402656,"change_cycle":0,"change_day":0},{"address":"TEKUPpjTMKWw9LJZ9YJ4enhCjAmVXSL7M6","name":"lianjinshu","url":"http://www.lianjinshu.com","hasPage":"false","votes":6265075,"realTimeVotes":6265075,"change_cycle":0,"change_day":0},{"address":"TSbhZijH2t7Qn1UAHAu7PBHQdVAvRwSyYr","name":"Intergalactic-Gaming","url":"https://www.iggalaxy.com","hasPage":"true","votes":608"
12:58:34.659 [TestNG-tests-1] DEBUG org.apache.http.wire -  << "6168,"realTimeVotes":6086303,"change_cycle":0,"change_day":0},{"address":"TWGGB35HUudizmcLheQN7kANDnD8KfgKkK","name":"TRON-Family","url":"https://www.tron-family.de","hasPage":"true","votes":4480843,"realTimeVotes":4484141,"change_cycle":0,"change_day":0},{"address":"TAD78uBWAveGNg3nDN8Ku18MSDeHmTRpbB","name":"SmartRealEstateXRE","url":"XREGlobal.com","hasPage":"true","votes":3890247,"realTimeVotes":3890318,"change_cycle":0,"change_day":0},{"address":"TKV52nvtpLe5uapeTabyAYANMQYBXPGVds","name":"TronKorea","url":"http://tronkorea.io","hasPage":"false","votes":3527016,"realTimeVotes":3527016,"change_cycle":0,"change_day":0},{"address":"TB6nqQpQDoiWm3VKFjxQrEDi7m84jXjfus","name":"","url":"https://bixin.com","hasPage":"false","votes":3408566,"realTimeVotes":3408566,"change_cycle":0,"change_day":0},{"address":"TRXDEXMoaAprSGJSwKanEUBqfQjvQEDuaw","name":"TrxDexCom","url":"https://github.com/trondex/","hasPage":"true","votes":2839986,"realTimeVotes":2839986,"change_cycle":0,"change_day":0},{"address":"TDGy2M9qWBepSHDEutWWxWd1JZfmAed3BP","name":"CommunityNode","url":"http://www.communitynode.org/","hasPage":"false","votes":2428751,"realTimeVotes":2428751,"change_cycle":0,"change_day":0},{"address":"TMEQ4hu7DtLTHPn6qPsYktk1QGdTbAyTEK","name":"Tron-Europe","url":"www.Tron-Europe.com","hasPage":"false","votes":2410772,"realTimeVotes":2410772,"cha"
12:58:34.659 [TestNG-tests-1] DEBUG org.apache.http.wire -  << "nge_cycle":0,"change_day":0},{"address":"TVMP5r12ymtNerq5KB4E8zAgLDmg2FqsEG","name":"CryptoGirls","url":"https://www.cryptogirls.ro/","hasPage":"false","votes":2274217,"realTimeVotes":2279217,"change_cycle":0,"change_day":0},{"address":"TFQVyHpWSRtH7YbH6xYDamNmKpqBGHmWwc","name":"","url":"https://www.coinnest.co.kr","hasPage":"true","votes":2138794,"realTimeVotes":2138794,"change_cycle":0,"change_day":0},{"address":"TJgmwx9TYaqujmdthJkjaLyWXrwTCmmTan","name":"ZADEA-MadeInItaly","url":"www","hasPage":"false","votes":2028994,"realTimeVotes":2028994,"change_cycle":0,"change_day":0},{"address":"TWEcP8CPhcdmmo1R2RANXGBRYAHvxNoLst","name":"OneMillionCom_Community","url":"https://www.millioncoinx.com/pl","hasPage":"true","votes":1886395,"realTimeVotes":1886395,"change_cycle":0,"change_day":0},{"address":"TK4qxwmq8nDeymtjxzXMkPzq4Gsb39fkLu","name":"Activ8Coin","url":"https://activ8coin.com","hasPage":"true","votes":1879888,"realTimeVotes":1879888,"change_cycle":0,"change_day":0},{"address":"TPRxUBEakukBMwTScCHgvCPSBYk5UhfboJ","name":"CryptoDivaSR","url":"http://www.cryptodiva.io/","hasPage":"false","votes":1840665,"realTimeVotes":1840665,"change_cycle":0,"change_day":0},{"address":"TN8Y2ZztFHW3CrgPYQMK3BPp7VYiHKfvF9","name":"SexTronsAndRocknRoll","url":"https://twitter.com/TronsRocknRoll","hasPage":"true","votes":1594959,"realTimeVotes":1594959,"change_cycle":0,"change_day":0},{"address":"TA43K3sTFYstnRu5ku7DtyzjsR4MLdUgEu","name":"TronMacau","url":"https://www.tronmacau.com","hasPage":"true","votes":1304267,"realTimeVotes":1319267,"change_cycle":0,"change_day":0},{"address":"TEsRRMAs4n1yBwzdMuTFEdaKsYANzprtUb","name":"NORA-IGI","url":"https://noraigi.com/en/home","hasPage":"true","votes":1171524,"realTimeVotes":1171524,"change_cycle":0,"change_day":0},{"address":"TMwGtBQioBk2pjCsLWUaQ4rcQNf5DS6FLQ","name":"siqveland","url":"http://tronsiqveland.co.uk/","hasPage":"true","votes":968278,"realTimeVotes":968278,"change_cycle":0,"change_day":0},{"address":"TWcebMiHwZbnt6viAtyVEG57bj7DWcZUPx","name":"whaleexbp","url":"https://www.whaleex.com","hasPage":"true","votes":963216,"realTimeVotes":963216,"change_cycle":0,"change_day":0},{"address":"TJQHeWxaxaSskBmi7EN19psRe5s9Xn8AcY","name":"mrlavman","url":"https://www.cityuptake.com","hasPage":"true","votes":942670,"realTimeVotes":942670,"change_cycle":0,"change_day":0},{"address":"TVGYho2v6mUhFMuhYy4sWx8BA79b4FzwSg","name":"AOCOINIO","url":"HTTPS://AOCOIN.IO","hasPage":"true","votes":900163,"realTimeVotes":900163,"change_cycle":0,"change_day":0},{"address":"TBzwNEE7D3DdTB4wALiSBaMmpSK7jdoxYF","name":"TRONSiliconValley","url":"https://WINTokenGames.com","hasPage":"true","votes":811013,"realTimeVotes":811013,"change_cycle":0,"change_day"
12:58:34.891 [TestNG-tests-1] DEBUG org.apache.http.wire -  << "":0},{"address":"TG519wQRpmBNSzVUiHVx6wkVZkLKmxTXxS","name":"ALLE_Exchange","url":"https://member.alleexchange.com","hasPage":"true","votes":801813,"realTimeVotes":801813,"change_cycle":0,"change_day":0},{"address":"TAyVDZqhtymJq32itDSxdkRKTRTEb8kkXE","name":"","url":"http://test.com","hasPage":"true","votes":778743,"realTimeVotes":778743,"change_cycle":0,"change_day":0},{"address":"TKYW4wDGg3FcaAR8cP8sbmiU8RdZwcK7Bz","name":"WINTokenCommunity","url":"https://WinTokenGames.com","hasPage":"true","votes":644009,"realTimeVotes":644009,"change_cycle":0,"change_day":0},{"address":"TZ1ZBqgZ8PUdEk6dxEYwyZCqxYwHj9PmS2","name":"Metronix","url":"https://metronix.imba-exchange.co","hasPage":"true","votes":438678,"realTimeVotes":438678,"change_cycle":0,"change_day":0},{"address":"TLpWEwR5bXM1GBJ2P3BgXLa8DzWTGsaRPb","name":"TronShares","url":"http://tronshares.com","hasPage":"true","votes":413318,"realTimeVotes":413319,"change_cycle":0,"change_day":0},{"address":"TWjGyMHSxx4pJ3V4ES5E4ANE2NWW9xcWcp","name":"TronVote","url":"https://tronvote.club","hasPage":"true","votes":412807,"realTimeVotes":412812,"change_cycle":0,"change_day":0},{"address":"TFDEzwPqeyKyYGQrXtUTJqiLNKCqBHhVi6","name":"TronCommunityGroup","url":".","hasPage":"true","votes":408495,"realTimeVotes":408495,"change_cycle":0,"change_day":0},{"address":"TNddBi3qJv26Ghqqd3qb97ERx47AwMWhR6"
12:58:34.891 [TestNG-tests-1] DEBUG org.apache.http.wire -  << "","name":"Segrith1","url":"https://www.baggi.co/","hasPage":"true","votes":380161,"realTimeVotes":380161,"change_cycle":0,"change_day":0},{"address":"TLxcpCwAPTnBVYYrL7JeQCohnLVAfnyQQf","name":"becometa","url":"https://kryptowaluty.org.pl","hasPage":"true","votes":349102,"realTimeVotes":349102,"change_cycle":0,"change_day":0},{"address":"TCKLRjJmhFABs4Hbjy5S3DBFoytMQ95hS4","name":"GeoTreasureSR","url":"digitalgeotreasure.com/","hasPage":"true","votes":340084,"realTimeVotes":340084,"change_cycle":0,"change_day":0},{"address":"TK9qME8revUZ2KfuZApTHwGqqXS9AoTuBX","name":"Tronhuborg","url":"https://tran.systems/tronhub/","hasPage":"true","votes":339976,"realTimeVotes":339976,"change_cycle":0,"change_day":0},{"address":"TMXiQ2W35fDochXM6dDUrF3ZDnWR2uwcRW","name":"PHI-ECAFE","url":" https://www.phituasesor.com/smart-2/","hasPage":"true","votes":336281,"realTimeVotes":336281,"change_cycle":0,"change_day":0},{"address":"TJPgacRkihkAxtsEgH3VY5R6fr8bqykf4j","name":"TronHope","url":"https://tronhope.org/","hasPage":"true","votes":297537,"realTimeVotes":297537,"change_cycle":0,"change_day":0},{"address":"TMAbjAuefZqzJAyGhkn4AbWa3jinzcZtGc","name":"MLG-Global","url":"https://mlgblockchain.com","hasPage":"true","votes":221492,"realTimeVotes":221492,"change_cycle":0,"change_day":0},{"address":"TX663KZ2dKmLvxhCnyY3rytowLNR4TmdVf","name":"MusicCasper","
12:58:34.892 [TestNG-tests-1] DEBUG org.apache.http.wire -  << ""url":"https://www.musiccasper.com/","hasPage":"true","votes":218677,"realTimeVotes":218677,"change_cycle":0,"change_day":0},{"address":"TXUqMBAisbzUg3myoZys7q9wQqafyUUJib","name":"PYRO-Network","url":"https://pyro.network","hasPage":"true","votes":185560,"realTimeVotes":185560,"change_cycle":0,"change_day":0},{"address":"TYftfpnCitoxju9rMYx6XNegUHmFoPMary","name":"ReynaExchange","url":"https://reyna.exchange/","hasPage":"true","votes":177999,"realTimeVotes":177999,"change_cycle":0,"change_day":0},{"address":"TJX4T7AgfkvWbNAyWTxhgXrJv6Yed6BgDx","name":"TRON-MINING","url":"https://www.tron-mining.com","hasPage":"true","votes":161593,"realTimeVotes":161593,"change_cycle":0,"change_day":0},{"address":"TXnqPcy9zWHYyCiQ7Kmvt3aCx5jm9Qnq3e","name":"TRON-Want","url":"https://TRON-Want","hasPage":"true","votes":161209,"realTimeVotes":161209,"change_cycle":0,"change_day":0},{"address":"TKXnhSWxKAfYhsYLkh5wS8qUT1ESBbMSpn","name":"PROMO-NETWORK","url":"https://promo.network/","hasPage":"true","votes":158783,"realTimeVotes":158783,"change_cycle":0,"change_day":0},{"address":"TAKFctfLwhcUwU7PPfijB35GzpPuiph2XE","name":"oceanview","url":"https://twitter.com/mr_oceanview","hasPage":"true","votes":151282,"realTimeVotes":151282,"change_cycle":0,"change_day":0},{"address":"TSyG9BdjsGE2GoHG9eeYKMns6zMQFDmbvS","name":"TarquinRealEstate","url":"xreglobal.co"
12:58:34.892 [TestNG-tests-1] DEBUG org.apache.http.wire -  << "m","hasPage":"true","votes":143832,"realTimeVotes":143832,"change_cycle":0,"change_day":0},{"address":"TGnTYAB6XjLWoAGYXmDoLeLeX9X59JFBVK","name":"","url":"https://cobo.com","hasPage":"false","votes":137713,"realTimeVotes":137713,"change_cycle":0,"change_day":0},{"address":"THM4SAoJrNebe8zdQJ8d6eu41XFHHNbb8N","name":"CharityCompassionCoin-CCC","url":"https://CharityCompassionCoin.com","hasPage":"true","votes":135353,"realTimeVotes":135353,"change_cycle":0,"change_day":0},{"address":"TYTYuSyiEpxNsjakQSRmjiZAymvxoBbziH","name":"TronLabsRomania","url":"https://www.tronlabs.ro","hasPage":"true","votes":132619,"realTimeVotes":132619,"change_cycle":0,"change_day":0},{"address":"TTENv9A7zf543xdVmnaon42SqsGGd7L7p8","name":"Bankroll_Network","url":"https://bankroll.network","hasPage":"true","votes":118205,"realTimeVotes":118205,"change_cycle":0,"change_day":0},{"address":"TFcBLX6W4u7xAFYvcyUDEHT6Cy7GroVLfD","name":"TRONbet","url":"https://tronbet.com","hasPage":"true","votes":118184,"realTimeVotes":118184,"change_cycle":0,"change_day":0},{"address":"TA8VRz8ofdpmqAvxTKDVGkQRHRWxmRTXGA","name":"TRONPADCOM","url":"https://tronpad.com","hasPage":"true","votes":112463,"realTimeVotes":112463,"change_cycle":0,"change_day":0},{"address":"TZ8NZA6PPKSK2wHuFAo8vzf4VZnMtmDugF","name":"Surface-Foundation","url":"https://t.me/tron_my","hasPage":"true","votes":108699,"realTimeVotes":108699,"change_cycle":0,"change_day":0},{"address":"TNkRSKWP7VvdrisTwC8iNzUV6MRoEJh6xx","name":"Health-Port-EHR-Issuing-Account","url":"https://healthport.io/","hasPage":"true","votes":105111,"realTimeVotes":105111,"change_cycle":0,"change_day":0},{"address":"TD4anu8auWfCDYqQpAEcLXVK6UgME9Jsid","name":"TronSecure-Super-Representative","url":"https://tronsecure.io","hasPage":"true","votes":104018,"realTimeVotes":104018,"change_cycle":0,"change_day":0},{"address":"TSRmKPv8kvokcHKfLeySQ3gNHyYrAAXrnc","name":"DAPPHOUSE","url":"http://dapps.house","hasPage":"true","votes":100570,"realTimeVotes":100570,"change_cycle":0,"change_day":0},{"address":"TGiDnq7cxAFwProHPo8MFwhs7C5PU7EyJR","name":"1000WONG","url":"https://twitter.com/1000WONG","hasPage":"true","votes":90408,"realTimeVotes":90408,"change_cycle":0,"change_day":0},{"address":"TE7BWvxSPbsxZ5MVFFLfmkDnBw3MRFQGtw","name":"ProudBTC1nvest","url":"https://sites.google.com/view/proudbtc1nvest/startsida","hasPage":"true","votes":83130,"realTimeVotes":83130,"change_cycle":0,"change_day":0},{"address":"TAXZHpzFwGdqMzF7w8KkFhWkikGY12yUpk","name":"","url":"https://dexnode.net","hasPage":"false","votes":82613,"realTimeVotes":82613,"change_cycle":0,"change_day":0},{"address":"TTCrBKXyTCS2B5ktjivNtHiSyCPTCLWv3v","name":"TronVietNam","url":"https://www.tronvietnam.org","hasPage":"true","votes":75808,"realTimeVotes":75808,"change_cycle":0,"change_day":0},{"address":"TTuT2AG5q37f74zra7PjAApUmyVaXmFvC4","name":"RayboTron","url":"http://raybo.com","hasPage":"true","votes":74940,"realTimeVotes":74940,"change_cycle":0,"change_day":0},{"address":"TDdYEXqbqYGXaufkh2kiZhFQA3oi6A8yoi","name":"TronBoston","url":"https://www.tronboston.com","hasPage":"true","votes":54303,"realTimeVotes":54303,"change_cycle":0,"change_day":0},{"address":"TDJ8A5jRuAmb2ctYvZcwtPQaGDv33sVbDD","name":"TronLottery","url":"https://tronlottery.io","hasPage":"true","votes":30734,"realTimeVotes":30734,"change_cycle":0,"change_day":0},{"address":"TGBnYeW24FC9zcVmV3T2Vrz21hJQrHWfJW","name":"Swisstron","url":"https://www.tron.buzz","hasPage":"true","votes":30095,"realTimeVotes":30095,"change_cycle":0,"change_day":0},{"address":"TMs377k86n2NXwoZoN6gNCf929u6BKdbvn","name":"odintron","url":"https://twitter.com/black0din","hasPage":"true","votes":30016,"realTimeVotes":30016,"change_cycle":0,"change_day":0}]}[\n]"
12:58:34.892 [TestNG-tests-1] DEBUG org.apache.http.impl.conn.DefaultClientConnection - Connection 0.0.0.0:61273<->18.216.178.128:80 closed
12:58:34.893 [TestNG-tests-1] DEBUG org.apache.http.impl.conn.PoolingClientConnectionManager - Connection released: [id: 50][route: {}->http://apilist.tronscan.org:80][total kept alive: 0; route allocated: 0 of 80; total allocated: 0 of 100]
12:58:34.893 [TestNG-tests-1] INFO tron.common.TronscanApiList - ----------------------------Print JSON Start---------------------------
12:58:34.893 [TestNG-tests-1] INFO tron.common.TronscanApiList - candidates:[{"hasPage":"true","address":"TLyqzVGLV1srkB7dToTAEqgDSfPtXRJZYH","name":"Binance Staking","votes":13538303260,"change_cycle":0,"realTimeVotes":13538509524,"url":"https://www.binance.com/en/staking","change_day":0},{"hasPage":"false","address":"TGj1Ej1qRzL9feLTLhjwgxXF4Ct6GTWg2U","name":"Skypeople","votes":982129390,"change_cycle":0,"realTimeVotes":953070705,"url":"http://www.skypeople.co.kr","change_day":0},{"hasPage":"true","address":"TV9QitxEJ3pdiAUAfJ2QuPxLKp9qTTR3og","name":"BitGuild","votes":717572645,"change_cycle":0,"realTimeVotes":748403693,"url":"https://www.bitguild.com","change_day":0},{"hasPage":"true","address":"TJvaAeFb8Lykt9RQcVyyTFN2iDvGMuyD4M","name":"Poloniex","votes":674334883,"change_cycle":0,"realTimeVotes":672595897,"url":"https://poloniex.com/","change_day":0},{"hasPage":"true","address":"THYPk7Z72REsPrHtZkcwp9pWJadsPxp1UP","name":"bitwirespool","votes":450776947,"change_cycle":0,"realTimeVotes":450779066,"url":"https://www.beekuaibao.com","change_day":0},{"hasPage":"false","address":"TGzz8gjYiYRqpfmDwnLxfgPuLVNmpCswVp","name":"Sesameseed","votes":391145419,"change_cycle":0,"realTimeVotes":394196284,"url":"https://www.sesameseed.org","change_day":0},{"hasPage":"false","address":"TTcYhypP8m4phDhN6oRexz2174zAerjEWP","name":"CryptoGuyInZA","votes":382448060,"change_cycle":0,"realTimeVotes":382481892,"url":"https://www.cryptoguyinza.co.za/","change_day":0},{"hasPage":"true","address":"TUD4YXYdj2t1gP5th3A7t97mx1AUmrrQRt","name":"TRONGrid","votes":368358512,"change_cycle":0,"realTimeVotes":368360876,"url":"https://www.trongrid.io","change_day":0},{"hasPage":"true","address":"TWkpg1ZQ4fTv7sj41zBUTMo1kuJEUWTere","name":"TRONLink","votes":346070027,"change_cycle":0,"realTimeVotes":346072009,"url":"https://tronlink.org","change_day":0},{"hasPage":"true","address":"TTMNxTmRpBZnjtUnohX84j25NLkTqDga7j","name":"TronSpark","votes":326489461,"change_cycle":2,"realTimeVotes":339758706,"url":"https://tronspark.com","change_day":0},{"hasPage":"false","address":"TPMGfspxLQGom8sKutrbHcDKtHjRHFbGKw","name":"Infinity-Stones","votes":331328946,"change_cycle":-1,"realTimeVotes":331344330,"url":"https://infstones.io/","change_day":0},{"hasPage":"true","address":"TY65QiDt4hLTMpf3WRzcX357BnmdxT2sw9","name":"uTorrent","votes":330853949,"change_cycle":-1,"realTimeVotes":330854324,"url":"https://www.utorrent.com/","change_day":0},{"hasPage":"true","address":"TVFKwzE8qeETLaZEHMx2tjEsdnujAgAWaA","name":"BlockchainOrg","votes":317451639,"change_cycle":0,"realTimeVotes":317453639,"url":"http://blockchain.org","change_day":0},{"hasPage":"false","address":"TKSXDA8HfE9E1y39RczVQ1ZascUEtaSToF","name":"CryptoChain","votes":316549660,"change_cycle":0,"realTimeVotes":312874658,"url":"http://cryptochain.network","change_day":0},{"hasPage":"true","address":"TTW663tQYJTTCtHh6DWKAfexRhPMf2DxQ1","name":"TRONALLIANCE","votes":311978679,"change_cycle":0,"realTimeVotes":311980679,"url":"http://tronalliance.org","change_day":0},{"hasPage":"true","address":"TFA1qpUkQ1yBDw4pgZKx25wEZAqkjGoZo1","name":"JustinSunTron","votes":311446630,"change_cycle":0,"realTimeVotes":311446605,"url":"https://twitter.com/justinsuntron","change_day":0},{"hasPage":"true","address":"TCEo1hMAdaJrQmvnGTCcGT2LqrGU4N7Jqf","name":"TRONScan","votes":305414830,"change_cycle":0,"realTimeVotes":305409659,"url":"https://tronscan.org","change_day":0},{"hasPage":"true","address":"TSNbzxac4WhxN91XvaUfPTKP2jNT18mP6T","name":"BitTorrent","votes":297079432,"change_cycle":0,"realTimeVotes":297055377,"url":"https://www.bittorrent.com/","change_day":0},{"hasPage":"true","address":"TSzoLaVCdSNDpNxgChcFt9rSRF5wWAZiR4","name":"TRXMarket","votes":296064343,"change_cycle":0,"realTimeVotes":296065395,"url":"http://trx.market","change_day":0},{"hasPage":"true","address":"TNaJADoq1u2atryP1ZzwvmEE4ZBELXfMqw","name":"callmeSR","votes":295527279,"change_cycle":0,"realTimeVotes":295527179,"url":"http://zempty.peiwo.cn/","change_day":0},{"hasPage":"true","address":"TVa6MF7SgZa8PToLoQ9PNq6KQHyTXLBz1p","name":"KryptoKnight","votes":295241924,"change_cycle":0,"realTimeVotes":295241824,"url":"http://krypto-knight.us/","change_day":0},{"hasPage":"true","address":"TRTC1DxDg2eWPHmyc3DTGR672rVHoZQa8h","name":"","votes":294058426,"change_cycle":0,"realTimeVotes":294058416,"url":"https://hitbtc.com","change_day":0},{"hasPage":"true","address":"TAHg5zi2ejWeWiE6bqtDT9vfbH3zNTWrfA","name":"TRXUltra","votes":293558975,"change_cycle":0,"realTimeVotes":293558975,"url":"https://trxultra.org","change_day":0},{"hasPage":"true","address":"TMG95kirH4cKW5GnKoCcCye1dBqbt77yGu","name":"MinerGate","votes":292494194,"change_cycle":0,"realTimeVotes":292494194,"url":"https://minergate.com","change_day":0},{"hasPage":"true","address":"TNmas2SUNGJ2R1jq4Sivya5nHDLYN9ggpG","name":"TheLastMe","votes":291339221,"change_cycle":0,"realTimeVotes":291339221,"url":"http://www.thelast.me","change_day":0},{"hasPage":"true","address":"TJ2aDMgeipmoZRuUEru2ri8t7TGkxnm6qY","name":"Huobi_pool","votes":287939588,"change_cycle":0,"realTimeVotes":287939639,"url":"https://www.huobipool.com","change_day":0},{"hasPage":"true","address":"TE7hnUtWRRBz3SkFrX8JESWUmEvxxAhoPt","name":"TronWalletMe","votes":287498369,"change_cycle":0,"realTimeVotes":287654824,"url":"https://www.tronwallet.me/","change_day":0},{"hasPage":"true","address":"TN2MEB71iox2mDwwngdTrUyUZXeENcb79F","name":"SR-TRON-Europe","votes":169410377,"change_cycle":0,"realTimeVotes":157140605,"url":"https://www.tron-europe.org","change_day":0},{"hasPage":"true","address":"TBXB5tobBPCFkC8ihFDBWjaiwW2iSpzSfr","name":"TRONVIETNAM","votes":148275995,"change_cycle":0,"realTimeVotes":148273210,"url":"https://www.tronvietnam.com/","change_day":0},{"hasPage":"true","address":"TVSdAnnZUdSH8gdeUgMPTht1mXmhtEXAN3","name":"TRON-BOOM","votes":121393356,"change_cycle":0,"realTimeVotes":121422368,"url":"www.tronspirit.com","change_day":0},{"hasPage":"true","address":"TW5oEHAE2LqMdozna7HBDiW6U56f6m8Vfa","name":"TRON-Ace","votes":110007639,"change_cycle":0,"realTimeVotes":110007639,"url":"https://www.tronace.com","change_day":0},{"hasPage":"true","address":"TNMcBfKauBykfamL2YkE8WFNDUBmahQzYx","name":"Newpool-TRON","votes":95524546,"change_cycle":0,"realTimeVotes":95524667,"url":"https://tron.newdex.one","change_day":0},{"hasPage":"false","address":"TYVJ8JuQ6ctzCa2u79MFmvvNQ1U2tYQEUM","name":"TRON-ONE","votes":46899291,"change_cycle":0,"realTimeVotes":46899291,"url":"http://tronone.com","change_day":0},{"hasPage":"true","address":"TPjc5LNkpa5iwjUv8u4XXV92JA2JaAxHgL","name":"","votes":35000404,"change_cycle":0,"realTimeVotes":35000404,"url":"http://bz.com/","change_day":0},{"hasPage":"true","address":"TN2W4cc7a4dsYyTLiLMWa9m7jVpdLjGvYs","name":"Huobi_Wallet","votes":33160979,"change_cycle":0,"realTimeVotes":33182922,"url":"https://www.huobiwallet.com/","change_day":0},{"hasPage":"true","address":"TQwqK8LhHGria5gkkfCVqQfE5mSwpvdp3B","name":"Tron-Society","votes":30699903,"change_cycle":0,"realTimeVotes":30699903,"url":"https://tron-society.com","change_day":0},{"hasPage":"true","address":"TGfUjDNr5Huk8DumHfmzY2ksE6RRYpuGLG","name":"BeatzCoin","votes":26812811,"change_cycle":0,"realTimeVotes":26794125,"url":"https://www.beatzcoin.io/","change_day":0},{"hasPage":"true","address":"TEe7HDXdHJemT142R643cajh8BbKdWgR3H","name":"CashierestStaking","votes":17811770,"change_cycle":0,"realTimeVotes":17811771,"url":"\thttps://www.cashierest.com","change_day":0},{"hasPage":"false","address":"TDGmmTC7xDgQGwH4FYRGuE7SFH2MePHYeH","name":"TeamTronics","votes":6923071,"change_cycle":0,"realTimeVotes":6923071,"url":"https://www.tronics.io/","change_day":0},{"hasPage":"false","address":"TV6qcwSp38uESiDczxxb7zbJX1h2LfDs78","name":"TronsTronics","votes":6402656,"change_cycle":0,"realTimeVotes":6402656,"url":"Tronstronics","change_day":0},{"hasPage":"false","address":"TEKUPpjTMKWw9LJZ9YJ4enhCjAmVXSL7M6","name":"lianjinshu","votes":6265075,"change_cycle":0,"realTimeVotes":6265075,"url":"http://www.lianjinshu.com","change_day":0},{"hasPage":"true","address":"TSbhZijH2t7Qn1UAHAu7PBHQdVAvRwSyYr","name":"Intergalactic-Gaming","votes":6086168,"change_cycle":0,"realTimeVotes":6086303,"url":"https://www.iggalaxy.com","change_day":0},{"hasPage":"true","address":"TWGGB35HUudizmcLheQN7kANDnD8KfgKkK","name":"TRON-Family","votes":4480843,"change_cycle":0,"realTimeVotes":4484141,"url":"https://www.tron-family.de","change_day":0},{"hasPage":"true","address":"TAD78uBWAveGNg3nDN8Ku18MSDeHmTRpbB","name":"SmartRealEstateXRE","votes":3890247,"change_cycle":0,"realTimeVotes":3890318,"url":"XREGlobal.com","change_day":0},{"hasPage":"false","address":"TKV52nvtpLe5uapeTabyAYANMQYBXPGVds","name":"TronKorea","votes":3527016,"change_cycle":0,"realTimeVotes":3527016,"url":"http://tronkorea.io","change_day":0},{"hasPage":"false","address":"TB6nqQpQDoiWm3VKFjxQrEDi7m84jXjfus","name":"","votes":3408566,"change_cycle":0,"realTimeVotes":3408566,"url":"https://bixin.com","change_day":0},{"hasPage":"true","address":"TRXDEXMoaAprSGJSwKanEUBqfQjvQEDuaw","name":"TrxDexCom","votes":2839986,"change_cycle":0,"realTimeVotes":2839986,"url":"https://github.com/trondex/","change_day":0},{"hasPage":"false","address":"TDGy2M9qWBepSHDEutWWxWd1JZfmAed3BP","name":"CommunityNode","votes":2428751,"change_cycle":0,"realTimeVotes":2428751,"url":"http://www.communitynode.org/","change_day":0},{"hasPage":"false","address":"TMEQ4hu7DtLTHPn6qPsYktk1QGdTbAyTEK","name":"Tron-Europe","votes":2410772,"change_cycle":0,"realTimeVotes":2410772,"url":"www.Tron-Europe.com","change_day":0},{"hasPage":"false","address":"TVMP5r12ymtNerq5KB4E8zAgLDmg2FqsEG","name":"CryptoGirls","votes":2274217,"change_cycle":0,"realTimeVotes":2279217,"url":"https://www.cryptogirls.ro/","change_day":0},{"hasPage":"true","address":"TFQVyHpWSRtH7YbH6xYDamNmKpqBGHmWwc","name":"","votes":2138794,"change_cycle":0,"realTimeVotes":2138794,"url":"https://www.coinnest.co.kr","change_day":0},{"hasPage":"false","address":"TJgmwx9TYaqujmdthJkjaLyWXrwTCmmTan","name":"ZADEA-MadeInItaly","votes":2028994,"change_cycle":0,"realTimeVotes":2028994,"url":"www","change_day":0},{"hasPage":"true","address":"TWEcP8CPhcdmmo1R2RANXGBRYAHvxNoLst","name":"OneMillionCom_Community","votes":1886395,"change_cycle":0,"realTimeVotes":1886395,"url":"https://www.millioncoinx.com/pl","change_day":0},{"hasPage":"true","address":"TK4qxwmq8nDeymtjxzXMkPzq4Gsb39fkLu","name":"Activ8Coin","votes":1879888,"change_cycle":0,"realTimeVotes":1879888,"url":"https://activ8coin.com","change_day":0},{"hasPage":"false","address":"TPRxUBEakukBMwTScCHgvCPSBYk5UhfboJ","name":"CryptoDivaSR","votes":1840665,"change_cycle":0,"realTimeVotes":1840665,"url":"http://www.cryptodiva.io/","change_day":0},{"hasPage":"true","address":"TN8Y2ZztFHW3CrgPYQMK3BPp7VYiHKfvF9","name":"SexTronsAndRocknRoll","votes":1594959,"change_cycle":0,"realTimeVotes":1594959,"url":"https://twitter.com/TronsRocknRoll","change_day":0},{"hasPage":"true","address":"TA43K3sTFYstnRu5ku7DtyzjsR4MLdUgEu","name":"TronMacau","votes":1304267,"change_cycle":0,"realTimeVotes":1319267,"url":"https://www.tronmacau.com","change_day":0},{"hasPage":"true","address":"TEsRRMAs4n1yBwzdMuTFEdaKsYANzprtUb","name":"NORA-IGI","votes":1171524,"change_cycle":0,"realTimeVotes":1171524,"url":"https://noraigi.com/en/home","change_day":0},{"hasPage":"true","address":"TMwGtBQioBk2pjCsLWUaQ4rcQNf5DS6FLQ","name":"siqveland","votes":968278,"change_cycle":0,"realTimeVotes":968278,"url":"http://tronsiqveland.co.uk/","change_day":0},{"hasPage":"true","address":"TWcebMiHwZbnt6viAtyVEG57bj7DWcZUPx","name":"whaleexbp","votes":963216,"change_cycle":0,"realTimeVotes":963216,"url":"https://www.whaleex.com","change_day":0},{"hasPage":"true","address":"TJQHeWxaxaSskBmi7EN19psRe5s9Xn8AcY","name":"mrlavman","votes":942670,"change_cycle":0,"realTimeVotes":942670,"url":"https://www.cityuptake.com","change_day":0},{"hasPage":"true","address":"TVGYho2v6mUhFMuhYy4sWx8BA79b4FzwSg","name":"AOCOINIO","votes":900163,"change_cycle":0,"realTimeVotes":900163,"url":"HTTPS://AOCOIN.IO","change_day":0},{"hasPage":"true","address":"TBzwNEE7D3DdTB4wALiSBaMmpSK7jdoxYF","name":"TRONSiliconValley","votes":811013,"change_cycle":0,"realTimeVotes":811013,"url":"https://WINTokenGames.com","change_day":0},{"hasPage":"true","address":"TG519wQRpmBNSzVUiHVx6wkVZkLKmxTXxS","name":"ALLE_Exchange","votes":801813,"change_cycle":0,"realTimeVotes":801813,"url":"https://member.alleexchange.com","change_day":0},{"hasPage":"true","address":"TAyVDZqhtymJq32itDSxdkRKTRTEb8kkXE","name":"","votes":778743,"change_cycle":0,"realTimeVotes":778743,"url":"http://test.com","change_day":0},{"hasPage":"true","address":"TKYW4wDGg3FcaAR8cP8sbmiU8RdZwcK7Bz","name":"WINTokenCommunity","votes":644009,"change_cycle":0,"realTimeVotes":644009,"url":"https://WinTokenGames.com","change_day":0},{"hasPage":"true","address":"TZ1ZBqgZ8PUdEk6dxEYwyZCqxYwHj9PmS2","name":"Metronix","votes":438678,"change_cycle":0,"realTimeVotes":438678,"url":"https://metronix.imba-exchange.co","change_day":0},{"hasPage":"true","address":"TLpWEwR5bXM1GBJ2P3BgXLa8DzWTGsaRPb","name":"TronShares","votes":413318,"change_cycle":0,"realTimeVotes":413319,"url":"http://tronshares.com","change_day":0},{"hasPage":"true","address":"TWjGyMHSxx4pJ3V4ES5E4ANE2NWW9xcWcp","name":"TronVote","votes":412807,"change_cycle":0,"realTimeVotes":412812,"url":"https://tronvote.club","change_day":0},{"hasPage":"true","address":"TFDEzwPqeyKyYGQrXtUTJqiLNKCqBHhVi6","name":"TronCommunityGroup","votes":408495,"change_cycle":0,"realTimeVotes":408495,"url":".","change_day":0},{"hasPage":"true","address":"TNddBi3qJv26Ghqqd3qb97ERx47AwMWhR6","name":"Segrith1","votes":380161,"change_cycle":0,"realTimeVotes":380161,"url":"https://www.baggi.co/","change_day":0},{"hasPage":"true","address":"TLxcpCwAPTnBVYYrL7JeQCohnLVAfnyQQf","name":"becometa","votes":349102,"change_cycle":0,"realTimeVotes":349102,"url":"https://kryptowaluty.org.pl","change_day":0},{"hasPage":"true","address":"TCKLRjJmhFABs4Hbjy5S3DBFoytMQ95hS4","name":"GeoTreasureSR","votes":340084,"change_cycle":0,"realTimeVotes":340084,"url":"digitalgeotreasure.com/","change_day":0},{"hasPage":"true","address":"TK9qME8revUZ2KfuZApTHwGqqXS9AoTuBX","name":"Tronhuborg","votes":339976,"change_cycle":0,"realTimeVotes":339976,"url":"https://tran.systems/tronhub/","change_day":0},{"hasPage":"true","address":"TMXiQ2W35fDochXM6dDUrF3ZDnWR2uwcRW","name":"PHI-ECAFE","votes":336281,"change_cycle":0,"realTimeVotes":336281,"url":" https://www.phituasesor.com/smart-2/","change_day":0},{"hasPage":"true","address":"TJPgacRkihkAxtsEgH3VY5R6fr8bqykf4j","name":"TronHope","votes":297537,"change_cycle":0,"realTimeVotes":297537,"url":"https://tronhope.org/","change_day":0},{"hasPage":"true","address":"TMAbjAuefZqzJAyGhkn4AbWa3jinzcZtGc","name":"MLG-Global","votes":221492,"change_cycle":0,"realTimeVotes":221492,"url":"https://mlgblockchain.com","change_day":0},{"hasPage":"true","address":"TX663KZ2dKmLvxhCnyY3rytowLNR4TmdVf","name":"MusicCasper","votes":218677,"change_cycle":0,"realTimeVotes":218677,"url":"https://www.musiccasper.com/","change_day":0},{"hasPage":"true","address":"TXUqMBAisbzUg3myoZys7q9wQqafyUUJib","name":"PYRO-Network","votes":185560,"change_cycle":0,"realTimeVotes":185560,"url":"https://pyro.network","change_day":0},{"hasPage":"true","address":"TYftfpnCitoxju9rMYx6XNegUHmFoPMary","name":"ReynaExchange","votes":177999,"change_cycle":0,"realTimeVotes":177999,"url":"https://reyna.exchange/","change_day":0},{"hasPage":"true","address":"TJX4T7AgfkvWbNAyWTxhgXrJv6Yed6BgDx","name":"TRON-MINING","votes":161593,"change_cycle":0,"realTimeVotes":161593,"url":"https://www.tron-mining.com","change_day":0},{"hasPage":"true","address":"TXnqPcy9zWHYyCiQ7Kmvt3aCx5jm9Qnq3e","name":"TRON-Want","votes":161209,"change_cycle":0,"realTimeVotes":161209,"url":"https://TRON-Want","change_day":0},{"hasPage":"true","address":"TKXnhSWxKAfYhsYLkh5wS8qUT1ESBbMSpn","name":"PROMO-NETWORK","votes":158783,"change_cycle":0,"realTimeVotes":158783,"url":"https://promo.network/","change_day":0},{"hasPage":"true","address":"TAKFctfLwhcUwU7PPfijB35GzpPuiph2XE","name":"oceanview","votes":151282,"change_cycle":0,"realTimeVotes":151282,"url":"https://twitter.com/mr_oceanview","change_day":0},{"hasPage":"true","address":"TSyG9BdjsGE2GoHG9eeYKMns6zMQFDmbvS","name":"TarquinRealEstate","votes":143832,"change_cycle":0,"realTimeVotes":143832,"url":"xreglobal.com","change_day":0},{"hasPage":"false","address":"TGnTYAB6XjLWoAGYXmDoLeLeX9X59JFBVK","name":"","votes":137713,"change_cycle":0,"realTimeVotes":137713,"url":"https://cobo.com","change_day":0},{"hasPage":"true","address":"THM4SAoJrNebe8zdQJ8d6eu41XFHHNbb8N","name":"CharityCompassionCoin-CCC","votes":135353,"change_cycle":0,"realTimeVotes":135353,"url":"https://CharityCompassionCoin.com","change_day":0},{"hasPage":"true","address":"TYTYuSyiEpxNsjakQSRmjiZAymvxoBbziH","name":"TronLabsRomania","votes":132619,"change_cycle":0,"realTimeVotes":132619,"url":"https://www.tronlabs.ro","change_day":0},{"hasPage":"true","address":"TTENv9A7zf543xdVmnaon42SqsGGd7L7p8","name":"Bankroll_Network","votes":118205,"change_cycle":0,"realTimeVotes":118205,"url":"https://bankroll.network","change_day":0},{"hasPage":"true","address":"TFcBLX6W4u7xAFYvcyUDEHT6Cy7GroVLfD","name":"TRONbet","votes":118184,"change_cycle":0,"realTimeVotes":118184,"url":"https://tronbet.com","change_day":0},{"hasPage":"true","address":"TA8VRz8ofdpmqAvxTKDVGkQRHRWxmRTXGA","name":"TRONPADCOM","votes":112463,"change_cycle":0,"realTimeVotes":112463,"url":"https://tronpad.com","change_day":0},{"hasPage":"true","address":"TZ8NZA6PPKSK2wHuFAo8vzf4VZnMtmDugF","name":"Surface-Foundation","votes":108699,"change_cycle":0,"realTimeVotes":108699,"url":"https://t.me/tron_my","change_day":0},{"hasPage":"true","address":"TNkRSKWP7VvdrisTwC8iNzUV6MRoEJh6xx","name":"Health-Port-EHR-Issuing-Account","votes":105111,"change_cycle":0,"realTimeVotes":105111,"url":"https://healthport.io/","change_day":0},{"hasPage":"true","address":"TD4anu8auWfCDYqQpAEcLXVK6UgME9Jsid","name":"TronSecure-Super-Representative","votes":104018,"change_cycle":0,"realTimeVotes":104018,"url":"https://tronsecure.io","change_day":0},{"hasPage":"true","address":"TSRmKPv8kvokcHKfLeySQ3gNHyYrAAXrnc","name":"DAPPHOUSE","votes":100570,"change_cycle":0,"realTimeVotes":100570,"url":"http://dapps.house","change_day":0},{"hasPage":"true","address":"TGiDnq7cxAFwProHPo8MFwhs7C5PU7EyJR","name":"1000WONG","votes":90408,"change_cycle":0,"realTimeVotes":90408,"url":"https://twitter.com/1000WONG","change_day":0},{"hasPage":"true","address":"TE7BWvxSPbsxZ5MVFFLfmkDnBw3MRFQGtw","name":"ProudBTC1nvest","votes":83130,"change_cycle":0,"realTimeVotes":83130,"url":"https://sites.google.com/view/proudbtc1nvest/startsida","change_day":0},{"hasPage":"false","address":"TAXZHpzFwGdqMzF7w8KkFhWkikGY12yUpk","name":"","votes":82613,"change_cycle":0,"realTimeVotes":82613,"url":"https://dexnode.net","change_day":0},{"hasPage":"true","address":"TTCrBKXyTCS2B5ktjivNtHiSyCPTCLWv3v","name":"TronVietNam","votes":75808,"change_cycle":0,"realTimeVotes":75808,"url":"https://www.tronvietnam.org","change_day":0},{"hasPage":"true","address":"TTuT2AG5q37f74zra7PjAApUmyVaXmFvC4","name":"RayboTron","votes":74940,"change_cycle":0,"realTimeVotes":74940,"url":"http://raybo.com","change_day":0},{"hasPage":"true","address":"TDdYEXqbqYGXaufkh2kiZhFQA3oi6A8yoi","name":"TronBoston","votes":54303,"change_cycle":0,"realTimeVotes":54303,"url":"https://www.tronboston.com","change_day":0},{"hasPage":"true","address":"TDJ8A5jRuAmb2ctYvZcwtPQaGDv33sVbDD","name":"TronLottery","votes":30734,"change_cycle":0,"realTimeVotes":30734,"url":"https://tronlottery.io","change_day":0},{"hasPage":"true","address":"TGBnYeW24FC9zcVmV3T2Vrz21hJQrHWfJW","name":"Swisstron","votes":30095,"change_cycle":0,"realTimeVotes":30095,"url":"https://www.tron.buzz","change_day":0},{"hasPage":"true","address":"TMs377k86n2NXwoZoN6gNCf929u6BKdbvn","name":"odintron","votes":30016,"change_cycle":0,"realTimeVotes":30016,"url":"https://twitter.com/black0din","change_day":0}]
12:58:34.893 [TestNG-tests-1] INFO tron.common.TronscanApiList - total_votes:24247922612
12:58:34.893 [TestNG-tests-1] INFO tron.common.TronscanApiList - JSON content size are: 2
12:58:34.893 [TestNG-tests-1] INFO tron.common.TronscanApiList - ----------------------------Print JSON End-----------------------------
http://apilist.tronscan.org/api/vote
12:58:34.893 [TestNG-tests-1] DEBUG org.apache.http.impl.conn.PoolingClientConnectionManager - Connection request: [route: {}->http://apilist.tronscan.org:80][total kept alive: 0; route allocated: 0 of 80; total allocated: 0 of 100]
12:58:34.893 [TestNG-tests-1] DEBUG org.apache.http.impl.conn.PoolingClientConnectionManager - Connection leased: [id: 51][route: {}->http://apilist.tronscan.org:80][total kept alive: 0; route allocated: 1 of 80; total allocated: 1 of 100]
12:58:34.893 [TestNG-tests-1] DEBUG org.apache.http.impl.conn.DefaultClientConnectionOperator - Connecting to apilist.tronscan.org:80
12:58:35.130 [TestNG-tests-1] DEBUG org.apache.http.client.protocol.RequestAddCookies - CookieSpec selected: default
12:58:35.130 [TestNG-tests-1] DEBUG org.apache.http.client.protocol.RequestAuthCache - Auth cache not set in the context
12:58:35.130 [TestNG-tests-1] DEBUG org.apache.http.client.protocol.RequestTargetAuthentication - Target auth state: UNCHALLENGED
12:58:35.130 [TestNG-tests-1] DEBUG org.apache.http.client.protocol.RequestProxyAuthentication - Proxy auth state: UNCHALLENGED
12:58:35.130 [TestNG-tests-1] DEBUG org.apache.http.impl.client.DefaultHttpClient - Attempt 1 to execute request
12:58:35.130 [TestNG-tests-1] DEBUG org.apache.http.impl.conn.DefaultClientConnection - Sending request: GET /api/vote?limit=20&start=0&sort=-votes&voter=TMuA6YqfCeX8EhbfYEg5y7S4DqzSJireY9 HTTP/1.1
12:58:35.130 [TestNG-tests-1] DEBUG org.apache.http.wire -  >> "GET /api/vote?limit=20&start=0&sort=-votes&voter=TMuA6YqfCeX8EhbfYEg5y7S4DqzSJireY9 HTTP/1.1[\r][\n]"
12:58:35.130 [TestNG-tests-1] DEBUG org.apache.http.wire -  >> "Content-type: application/json; charset=utf-8[\r][\n]"
12:58:35.130 [TestNG-tests-1] DEBUG org.apache.http.wire -  >> "Connection: Close[\r][\n]"
12:58:35.130 [TestNG-tests-1] DEBUG org.apache.http.wire -  >> "Host: apilist.tronscan.org[\r][\n]"
12:58:35.130 [TestNG-tests-1] DEBUG org.apache.http.wire -  >> "User-Agent: Apache-HttpClient/4.5.3 (Java/1.8.0_211)[\r][\n]"
12:58:35.130 [TestNG-tests-1] DEBUG org.apache.http.wire -  >> "[\r][\n]"
12:58:35.130 [TestNG-tests-1] DEBUG org.apache.http.headers - >> GET /api/vote?limit=20&start=0&sort=-votes&voter=TMuA6YqfCeX8EhbfYEg5y7S4DqzSJireY9 HTTP/1.1
12:58:35.130 [TestNG-tests-1] DEBUG org.apache.http.headers - >> Content-type: application/json; charset=utf-8
12:58:35.130 [TestNG-tests-1] DEBUG org.apache.http.headers - >> Connection: Close
12:58:35.130 [TestNG-tests-1] DEBUG org.apache.http.headers - >> Host: apilist.tronscan.org
12:58:35.130 [TestNG-tests-1] DEBUG org.apache.http.headers - >> User-Agent: Apache-HttpClient/4.5.3 (Java/1.8.0_211)
12:58:35.423 [TestNG-tests-1] DEBUG org.apache.http.wire -  << "HTTP/1.1 200 OK[\r][\n]"
12:58:35.423 [TestNG-tests-1] DEBUG org.apache.http.wire -  << "Server: nginx[\r][\n]"
12:58:35.423 [TestNG-tests-1] DEBUG org.apache.http.wire -  << "Date: Fri, 27 Mar 2020 04:58:36 GMT[\r][\n]"
12:58:35.423 [TestNG-tests-1] DEBUG org.apache.http.wire -  << "Content-Type: application/json;charset=utf-8[\r][\n]"
12:58:35.423 [TestNG-tests-1] DEBUG org.apache.http.wire -  << "Content-Length: 373[\r][\n]"
12:58:35.423 [TestNG-tests-1] DEBUG org.apache.http.wire -  << "Connection: close[\r][\n]"
12:58:35.423 [TestNG-tests-1] DEBUG org.apache.http.wire -  << "Access-Control-Allow-Origin: *[\r][\n]"
12:58:35.423 [TestNG-tests-1] DEBUG org.apache.http.wire -  << "Access-Control-Allow-Headers: DNT,X-Mx-ReqToken,Keep-Alive,User-Agent,X-Requested-With,If-Modified-Since,Cache-Control,Content-Type,Authorization[\r][\n]"
12:58:35.423 [TestNG-tests-1] DEBUG org.apache.http.wire -  << "Access-Control-Allow-Methods: GET,POST,PUT,DELETE,OPTIONS[\r][\n]"
12:58:35.423 [TestNG-tests-1] DEBUG org.apache.http.wire -  << "X-Proxy-Cache: MISS[\r][\n]"
12:58:35.423 [TestNG-tests-1] DEBUG org.apache.http.wire -  << "[\r][\n]"
12:58:35.423 [TestNG-tests-1] DEBUG org.apache.http.impl.conn.DefaultClientConnection - Receiving response: HTTP/1.1 200 OK
12:58:35.423 [TestNG-tests-1] DEBUG org.apache.http.headers - << HTTP/1.1 200 OK
12:58:35.423 [TestNG-tests-1] DEBUG org.apache.http.headers - << Server: nginx
12:58:35.423 [TestNG-tests-1] DEBUG org.apache.http.headers - << Date: Fri, 27 Mar 2020 04:58:36 GMT
12:58:35.423 [TestNG-tests-1] DEBUG org.apache.http.headers - << Content-Type: application/json;charset=utf-8
12:58:35.423 [TestNG-tests-1] DEBUG org.apache.http.headers - << Content-Length: 373
12:58:35.423 [TestNG-tests-1] DEBUG org.apache.http.headers - << Connection: close
12:58:35.423 [TestNG-tests-1] DEBUG org.apache.http.headers - << Access-Control-Allow-Origin: *
12:58:35.423 [TestNG-tests-1] DEBUG org.apache.http.headers - << Access-Control-Allow-Headers: DNT,X-Mx-ReqToken,Keep-Alive,User-Agent,X-Requested-With,If-Modified-Since,Cache-Control,Content-Type,Authorization
12:58:35.423 [TestNG-tests-1] DEBUG org.apache.http.headers - << Access-Control-Allow-Methods: GET,POST,PUT,DELETE,OPTIONS
12:58:35.423 [TestNG-tests-1] DEBUG org.apache.http.headers - << X-Proxy-Cache: MISS
http://apilist.tronscan.org/api/vote?limit=20&start=0&sort=-votes&voter=TMuA6YqfCeX8EhbfYEg5y7S4DqzSJireY9 请求总耗时：530 毫秒
12:58:35.423 [TestNG-tests-1] DEBUG org.apache.http.wire -  << "{"total":1,"totalVotes":13274185141,"data":[{"timestamp":"2020-03-26T12:02:25.026+0800","voterAddress":"TMuA6YqfCeX8EhbfYEg5y7S4DqzSJireY9","candidateAddress":"TLyqzVGLV1srkB7dToTAEqgDSfPtXRJZYH","votes":13274185141,"candidateUrl":"https://www.binance.com/en/staking","candidateName":"Binance Staking","candidateTotalVotes":13538509524,"voterAvailableVotes":13274185141}]}[\n]"
12:58:35.423 [TestNG-tests-1] DEBUG org.apache.http.impl.conn.DefaultClientConnection - Connection 0.0.0.0:61280<->18.216.178.128:80 closed
12:58:35.423 [TestNG-tests-1] DEBUG org.apache.http.impl.conn.PoolingClientConnectionManager - Connection released: [id: 51][route: {}->http://apilist.tronscan.org:80][total kept alive: 0; route allocated: 0 of 80; total allocated: 0 of 100]
12:58:35.423 [TestNG-tests-1] INFO tron.common.TronscanApiList - ----------------------------Print JSON Start---------------------------
12:58:35.423 [TestNG-tests-1] INFO tron.common.TronscanApiList - total:1
12:58:35.423 [TestNG-tests-1] INFO tron.common.TronscanApiList - data:[{"candidateTotalVotes":13538509524,"voterAddress":"TMuA6YqfCeX8EhbfYEg5y7S4DqzSJireY9","candidateName":"Binance Staking","voterAvailableVotes":13274185141,"candidateAddress":"TLyqzVGLV1srkB7dToTAEqgDSfPtXRJZYH","votes":13274185141,"candidateUrl":"https://www.binance.com/en/staking","timestamp":"2020-03-26T12:02:25.026+0800"}]
12:58:35.423 [TestNG-tests-1] INFO tron.common.TronscanApiList - totalVotes:13274185141
12:58:35.423 [TestNG-tests-1] INFO tron.common.TronscanApiList - JSON content size are: 3
12:58:35.423 [TestNG-tests-1] INFO tron.common.TronscanApiList - ----------------------------Print JSON End-----------------------------
http://apilist.tronscan.org/api/vote/next-cycle
12:58:35.424 [TestNG-tests-1] DEBUG org.apache.http.impl.conn.PoolingClientConnectionManager - Connection request: [route: {}->http://apilist.tronscan.org:80][total kept alive: 0; route allocated: 0 of 80; total allocated: 0 of 100]
12:58:35.424 [TestNG-tests-1] DEBUG org.apache.http.impl.conn.PoolingClientConnectionManager - Connection leased: [id: 52][route: {}->http://apilist.tronscan.org:80][total kept alive: 0; route allocated: 1 of 80; total allocated: 1 of 100]
12:58:35.424 [TestNG-tests-1] DEBUG org.apache.http.impl.conn.DefaultClientConnectionOperator - Connecting to apilist.tronscan.org:80
12:58:35.712 [TestNG-tests-1] DEBUG org.apache.http.client.protocol.RequestAddCookies - CookieSpec selected: default
12:58:35.712 [TestNG-tests-1] DEBUG org.apache.http.client.protocol.RequestAuthCache - Auth cache not set in the context
12:58:35.712 [TestNG-tests-1] DEBUG org.apache.http.client.protocol.RequestTargetAuthentication - Target auth state: UNCHALLENGED
12:58:35.712 [TestNG-tests-1] DEBUG org.apache.http.client.protocol.RequestProxyAuthentication - Proxy auth state: UNCHALLENGED
12:58:35.712 [TestNG-tests-1] DEBUG org.apache.http.impl.client.DefaultHttpClient - Attempt 1 to execute request
12:58:35.712 [TestNG-tests-1] DEBUG org.apache.http.impl.conn.DefaultClientConnection - Sending request: GET /api/vote/next-cycle HTTP/1.1
12:58:35.712 [TestNG-tests-1] DEBUG org.apache.http.wire -  >> "GET /api/vote/next-cycle HTTP/1.1[\r][\n]"
12:58:35.712 [TestNG-tests-1] DEBUG org.apache.http.wire -  >> "Content-type: application/json; charset=utf-8[\r][\n]"
12:58:35.712 [TestNG-tests-1] DEBUG org.apache.http.wire -  >> "Connection: Close[\r][\n]"
12:58:35.712 [TestNG-tests-1] DEBUG org.apache.http.wire -  >> "Host: apilist.tronscan.org[\r][\n]"
12:58:35.712 [TestNG-tests-1] DEBUG org.apache.http.wire -  >> "User-Agent: Apache-HttpClient/4.5.3 (Java/1.8.0_211)[\r][\n]"
12:58:35.712 [TestNG-tests-1] DEBUG org.apache.http.wire -  >> "[\r][\n]"
12:58:35.712 [TestNG-tests-1] DEBUG org.apache.http.headers - >> GET /api/vote/next-cycle HTTP/1.1
12:58:35.712 [TestNG-tests-1] DEBUG org.apache.http.headers - >> Content-type: application/json; charset=utf-8
12:58:35.712 [TestNG-tests-1] DEBUG org.apache.http.headers - >> Connection: Close
12:58:35.712 [TestNG-tests-1] DEBUG org.apache.http.headers - >> Host: apilist.tronscan.org
12:58:35.712 [TestNG-tests-1] DEBUG org.apache.http.headers - >> User-Agent: Apache-HttpClient/4.5.3 (Java/1.8.0_211)
12:58:36.016 [TestNG-tests-1] DEBUG org.apache.http.wire -  << "HTTP/1.1 200 OK[\r][\n]"
12:58:36.016 [TestNG-tests-1] DEBUG org.apache.http.wire -  << "Server: nginx[\r][\n]"
12:58:36.016 [TestNG-tests-1] DEBUG org.apache.http.wire -  << "Date: Fri, 27 Mar 2020 04:58:36 GMT[\r][\n]"
12:58:36.016 [TestNG-tests-1] DEBUG org.apache.http.wire -  << "Content-Type: application/json;charset=utf-8[\r][\n]"
12:58:36.016 [TestNG-tests-1] DEBUG org.apache.http.wire -  << "Content-Length: 22[\r][\n]"
12:58:36.016 [TestNG-tests-1] DEBUG org.apache.http.wire -  << "Connection: close[\r][\n]"
12:58:36.016 [TestNG-tests-1] DEBUG org.apache.http.wire -  << "Access-Control-Allow-Origin: *[\r][\n]"
12:58:36.016 [TestNG-tests-1] DEBUG org.apache.http.wire -  << "Access-Control-Allow-Headers: DNT,X-Mx-ReqToken,Keep-Alive,User-Agent,X-Requested-With,If-Modified-Since,Cache-Control,Content-Type,Authorization[\r][\n]"
12:58:36.016 [TestNG-tests-1] DEBUG org.apache.http.wire -  << "Access-Control-Allow-Methods: GET,POST,PUT,DELETE,OPTIONS[\r][\n]"
12:58:36.016 [TestNG-tests-1] DEBUG org.apache.http.wire -  << "X-Proxy-Cache: EXPIRED[\r][\n]"
12:58:36.016 [TestNG-tests-1] DEBUG org.apache.http.wire -  << "[\r][\n]"
12:58:36.016 [TestNG-tests-1] DEBUG org.apache.http.impl.conn.DefaultClientConnection - Receiving response: HTTP/1.1 200 OK
12:58:36.016 [TestNG-tests-1] DEBUG org.apache.http.headers - << HTTP/1.1 200 OK
12:58:36.016 [TestNG-tests-1] DEBUG org.apache.http.headers - << Server: nginx
12:58:36.016 [TestNG-tests-1] DEBUG org.apache.http.headers - << Date: Fri, 27 Mar 2020 04:58:36 GMT
12:58:36.016 [TestNG-tests-1] DEBUG org.apache.http.headers - << Content-Type: application/json;charset=utf-8
12:58:36.016 [TestNG-tests-1] DEBUG org.apache.http.headers - << Content-Length: 22
12:58:36.016 [TestNG-tests-1] DEBUG org.apache.http.headers - << Connection: close
12:58:36.016 [TestNG-tests-1] DEBUG org.apache.http.headers - << Access-Control-Allow-Origin: *
12:58:36.016 [TestNG-tests-1] DEBUG org.apache.http.headers - << Access-Control-Allow-Headers: DNT,X-Mx-ReqToken,Keep-Alive,User-Agent,X-Requested-With,If-Modified-Since,Cache-Control,Content-Type,Authorization
12:58:36.016 [TestNG-tests-1] DEBUG org.apache.http.headers - << Access-Control-Allow-Methods: GET,POST,PUT,DELETE,OPTIONS
12:58:36.016 [TestNG-tests-1] DEBUG org.apache.http.headers - << X-Proxy-Cache: EXPIRED
http://apilist.tronscan.org/api/vote/next-cycle 请求总耗时：592 毫秒
12:58:36.016 [TestNG-tests-1] DEBUG org.apache.http.wire -  << "{"nextCycle":3683421}[\n]"
12:58:36.016 [TestNG-tests-1] DEBUG org.apache.http.impl.conn.DefaultClientConnection - Connection 0.0.0.0:61281<->18.216.178.128:80 closed
12:58:36.016 [TestNG-tests-1] DEBUG org.apache.http.impl.conn.PoolingClientConnectionManager - Connection released: [id: 52][route: {}->http://apilist.tronscan.org:80][total kept alive: 0; route allocated: 0 of 80; total allocated: 0 of 100]
12:58:36.016 [TestNG-tests-1] INFO tron.common.TronscanApiList - ----------------------------Print JSON Start---------------------------
12:58:36.016 [TestNG-tests-1] INFO tron.common.TronscanApiList - nextCycle:3683421
12:58:36.017 [TestNG-tests-1] INFO tron.common.TronscanApiList - JSON content size are: 1
12:58:36.017 [TestNG-tests-1] INFO tron.common.TronscanApiList - ----------------------------Print JSON End-----------------------------
]]></system-out>
  <system-err><![CDATA[]]></system-err>
</testsuite>
