<?xml version="1.0" encoding="UTF-8"?>
<testsuite name="tron.tronscan.api.ProposalList" tests="1" skipped="0" failures="0" errors="0" timestamp="2020-03-27T04:57:36" hostname="zhukaideiMac.local" time="3.189">
  <properties/>
  <testcase name="getProposalList" classname="tron.tronscan.api.ProposalList" time="3.189"/>
  <system-out><![CDATA[12:57:36.734 [TestNG-tests-1] DEBUG org.apache.http.impl.conn.PoolingClientConnectionManager - Connection request: [route: {}->http://apilist.tronscan.org:80][total kept alive: 0; route allocated: 0 of 80; total allocated: 0 of 100]
12:57:36.735 [TestNG-tests-1] DEBUG org.apache.http.impl.conn.PoolingClientConnectionManager - Connection leased: [id: 15][route: {}->http://apilist.tronscan.org:80][total kept alive: 0; route allocated: 1 of 80; total allocated: 1 of 100]
12:57:36.735 [TestNG-tests-1] DEBUG org.apache.http.impl.conn.DefaultClientConnectionOperator - Connecting to apilist.tronscan.org:80
12:57:37.038 [TestNG-tests-1] DEBUG org.apache.http.client.protocol.RequestAddCookies - CookieSpec selected: default
12:57:37.038 [TestNG-tests-1] DEBUG org.apache.http.client.protocol.RequestAuthCache - Auth cache not set in the context
12:57:37.038 [TestNG-tests-1] DEBUG org.apache.http.client.protocol.RequestTargetAuthentication - Target auth state: UNCHALLENGED
12:57:37.038 [TestNG-tests-1] DEBUG org.apache.http.client.protocol.RequestProxyAuthentication - Proxy auth state: UNCHALLENGED
12:57:37.038 [TestNG-tests-1] DEBUG org.apache.http.impl.client.DefaultHttpClient - Attempt 1 to execute request
12:57:37.038 [TestNG-tests-1] DEBUG org.apache.http.impl.conn.DefaultClientConnection - Sending request: GET /api/proposal?limit=20&start=0&sort=-number HTTP/1.1
12:57:37.038 [TestNG-tests-1] DEBUG org.apache.http.wire -  >> "GET /api/proposal?limit=20&start=0&sort=-number HTTP/1.1[\r][\n]"
12:57:37.038 [TestNG-tests-1] DEBUG org.apache.http.wire -  >> "Content-type: application/json; charset=utf-8[\r][\n]"
12:57:37.038 [TestNG-tests-1] DEBUG org.apache.http.wire -  >> "Connection: Close[\r][\n]"
12:57:37.038 [TestNG-tests-1] DEBUG org.apache.http.wire -  >> "Host: apilist.tronscan.org[\r][\n]"
12:57:37.038 [TestNG-tests-1] DEBUG org.apache.http.wire -  >> "User-Agent: Apache-HttpClient/4.5.3 (Java/1.8.0_211)[\r][\n]"
12:57:37.038 [TestNG-tests-1] DEBUG org.apache.http.wire -  >> "[\r][\n]"
12:57:37.038 [TestNG-tests-1] DEBUG org.apache.http.headers - >> GET /api/proposal?limit=20&start=0&sort=-number HTTP/1.1
12:57:37.038 [TestNG-tests-1] DEBUG org.apache.http.headers - >> Content-type: application/json; charset=utf-8
12:57:37.038 [TestNG-tests-1] DEBUG org.apache.http.headers - >> Connection: Close
12:57:37.038 [TestNG-tests-1] DEBUG org.apache.http.headers - >> Host: apilist.tronscan.org
12:57:37.038 [TestNG-tests-1] DEBUG org.apache.http.headers - >> User-Agent: Apache-HttpClient/4.5.3 (Java/1.8.0_211)
12:57:37.416 [TestNG-tests-1] DEBUG org.apache.http.wire -  << "HTTP/1.1 200 OK[\r][\n]"
12:57:37.416 [TestNG-tests-1] DEBUG org.apache.http.wire -  << "Server: nginx[\r][\n]"
12:57:37.416 [TestNG-tests-1] DEBUG org.apache.http.wire -  << "Date: Fri, 27 Mar 2020 04:57:38 GMT[\r][\n]"
12:57:37.416 [TestNG-tests-1] DEBUG org.apache.http.wire -  << "Content-Type: application/json;charset=utf-8[\r][\n]"
12:57:37.416 [TestNG-tests-1] DEBUG org.apache.http.wire -  << "Transfer-Encoding: chunked[\r][\n]"
12:57:37.416 [TestNG-tests-1] DEBUG org.apache.http.wire -  << "Connection: close[\r][\n]"
12:57:37.416 [TestNG-tests-1] DEBUG org.apache.http.wire -  << "Vary: Accept-Encoding[\r][\n]"
12:57:37.416 [TestNG-tests-1] DEBUG org.apache.http.wire -  << "Access-Control-Allow-Origin: *[\r][\n]"
12:57:37.416 [TestNG-tests-1] DEBUG org.apache.http.wire -  << "Access-Control-Allow-Headers: DNT,X-Mx-ReqToken,Keep-Alive,User-Agent,X-Requested-With,If-Modified-Since,Cache-Control,Content-Type,Authorization[\r][\n]"
12:57:37.416 [TestNG-tests-1] DEBUG org.apache.http.wire -  << "Access-Control-Allow-Methods: GET,POST,PUT,DELETE,OPTIONS[\r][\n]"
12:57:37.416 [TestNG-tests-1] DEBUG org.apache.http.wire -  << "X-Proxy-Cache: MISS[\r][\n]"
12:57:37.416 [TestNG-tests-1] DEBUG org.apache.http.wire -  << "[\r][\n]"
12:57:37.416 [TestNG-tests-1] DEBUG org.apache.http.impl.conn.DefaultClientConnection - Receiving response: HTTP/1.1 200 OK
12:57:37.416 [TestNG-tests-1] DEBUG org.apache.http.headers - << HTTP/1.1 200 OK
12:57:37.416 [TestNG-tests-1] DEBUG org.apache.http.headers - << Server: nginx
12:57:37.416 [TestNG-tests-1] DEBUG org.apache.http.headers - << Date: Fri, 27 Mar 2020 04:57:38 GMT
12:57:37.416 [TestNG-tests-1] DEBUG org.apache.http.headers - << Content-Type: application/json;charset=utf-8
12:57:37.416 [TestNG-tests-1] DEBUG org.apache.http.headers - << Transfer-Encoding: chunked
12:57:37.416 [TestNG-tests-1] DEBUG org.apache.http.headers - << Connection: close
12:57:37.416 [TestNG-tests-1] DEBUG org.apache.http.headers - << Vary: Accept-Encoding
12:57:37.416 [TestNG-tests-1] DEBUG org.apache.http.headers - << Access-Control-Allow-Origin: *
12:57:37.416 [TestNG-tests-1] DEBUG org.apache.http.headers - << Access-Control-Allow-Headers: DNT,X-Mx-ReqToken,Keep-Alive,User-Agent,X-Requested-With,If-Modified-Since,Cache-Control,Content-Type,Authorization
12:57:37.416 [TestNG-tests-1] DEBUG org.apache.http.headers - << Access-Control-Allow-Methods: GET,POST,PUT,DELETE,OPTIONS
12:57:37.416 [TestNG-tests-1] DEBUG org.apache.http.headers - << X-Proxy-Cache: MISS
http://apilist.tronscan.org/api/proposal?limit=20&start=0&sort=-number 请求总耗时：683 毫秒
12:57:37.417 [TestNG-tests-1] DEBUG org.apache.http.wire -  << "7dd1[\r][\n]"
12:57:37.417 [TestNG-tests-1] DEBUG org.apache.http.wire -  << "{"total":33,"data":[{"proposalId":33,"proposer":{"producePercentage":0.0,"address":"TMXiQ2W35fDochXM6dDUrF3ZDnWR2uwcRW","latestSlotNumber":0.0,"url":" https://www.phituasesor.com/smart-2/","latestBlockNumber":0.0,"producedTotal":0.0,"name":"PHI-ECAFE","producer":false,"votes":336281,"missedTotal":0.0,"producedTrx":0,"votesPercentage":0.0013868722573316542},"paramters":[{"value":213000000,"key":31}],"expirationTime":1584057600000,"createTime":1583796660000,"approveSelf":false,"typeApprovals":{"candidate":[],"partner":[{"producePercentage":0.0,"address":"TMXiQ2W35fDochXM6dDUrF3ZDnWR2uwcRW","latestSlotNumber":0.0,"url":" https://www.phituasesor.com/smart-2/","latestBlockNumber":0.0,"producedTotal":0.0,"name":"PHI-ECAFE","producer":false,"votes":336281,"missedTotal":0.0,"producedTrx":0,"votesPercentage":0.0013868722573316542},{"producePercentage":0.0,"address":"TWEcP8CPhcdmmo1R2RANXGBRYAHvxNoLst","latestSlotNumber":0.0,"url":"https://www.millioncoinx.com/pl","latestBlockNumber":0.0,"producedTotal":0.0,"name":"OneMillionCom_Community","producer":false,"votes":1886395,"missedTotal":0.0,"producedTrx":0,"votesPercentage":0.00777977016801171}],"sr":[]},"approvals":[{"producePercentage":0.0,"address":"TMXiQ2W35fDochXM6dDUrF3ZDnWR2uwcRW","latestSlotNumber":0.0,"url":" https://www.phituasesor.com/smart-2/","latestBlockNumber":0.0,"producedTotal":0"
12:57:37.418 [TestNG-tests-1] DEBUG org.apache.http.wire -  << ".0,"name":"PHI-ECAFE","producer":false,"votes":336281,"missedTotal":0.0,"producedTrx":0,"votesPercentage":0.0013868722573316542},{"producePercentage":0.0,"address":"TWEcP8CPhcdmmo1R2RANXGBRYAHvxNoLst","latestSlotNumber":0.0,"url":"https://www.millioncoinx.com/pl","latestBlockNumber":0.0,"producedTotal":0.0,"name":"OneMillionCom_Community","producer":false,"votes":1886395,"missedTotal":0.0,"producedTrx":0,"votesPercentage":0.00777977016801171}],"state":"DISAPPROVED","totalVotes":2,"validVotes":0,"createSelf":false},{"proposalId":32,"proposer":{"producePercentage":0.0,"address":"TMXiQ2W35fDochXM6dDUrF3ZDnWR2uwcRW","latestSlotNumber":0.0,"url":" https://www.phituasesor.com/smart-2/","latestBlockNumber":0.0,"producedTotal":0.0,"name":"PHI-ECAFE","producer":false,"votes":336281,"missedTotal":0.0,"producedTrx":0,"votesPercentage":0.0013868722573316542},"paramters":[{"value":13300000000,"key":1}],"expirationTime":1583796264000,"createTime":1583525277000,"approveSelf":false,"typeApprovals":{"candidate":[],"partner":[{"producePercentage":0.0,"address":"TMXiQ2W35fDochXM6dDUrF3ZDnWR2uwcRW","latestSlotNumber":0.0,"url":" https://www.phituasesor.com/smart-2/","latestBlockNumber":0.0,"producedTotal":0.0,"name":"PHI-ECAFE","producer":false,"votes":336281,"missedTotal":0.0,"producedTrx":0,"votesPercentage":0.0013868722573316542}],"sr":[]},"approvals":[{"producePercentage":0.0,"address":"TMXiQ2W35fDochXM6dDUrF3ZDnWR2uwcRW","latestSlotNumber":0.0,"url":" https://www.phituasesor.com/smart-2/","latestBlockNumber":0.0,"producedTotal":0.0,"name":"PHI-ECAFE","producer":false,"votes":336281,"missedTotal":0.0,"producedTrx":0,"votesPercentage":0.0013868722573316542}],"state":"CANCELED","totalVotes":1,"validVotes":0,"createSelf":false},{"proposalId":31,"proposer":{"producePercentage":0.0,"address":"THWeUoi3HYEnLDXigeyejjFSFAMaAJGnDU","latestSlotNumber":0.0,"url":"VoteTronicStorm","latestBlockNumber":0.0,"producedTotal":0.0,"name":"TronicStorm","producer":false,"votes":864,"missedTotal":0.0,"producedTrx":0,"votesPercentage":3.5632629566777468E-6},"paramters":[{"value":75000000000,"key":1}],"expirationTime":1583452800000,"createTime":1583191653000,"approveSelf":false,"typeApprovals":{"candidate":[{"producePercentage":0.0,"address":"THWeUoi3HYEnLDXigeyejjFSFAMaAJGnDU","latestSlotNumber":0.0,"url":"VoteTronicStorm","latestBlockNumber":0.0,"producedTotal":0.0,"name":"TronicStorm","producer":false,"votes":864,"missedTotal":0.0,"producedTrx":0,"votesPercentage":3.5632629566777468E-6}],"partner":[{"producePercentage":0.0,"address":"TMXiQ2W35fDochXM6dDUrF3ZDnWR2uwcRW","latestSlotNumber":0.0,"url":" https://www.phituasesor.com/smart-2/","latestBlockNumber":0.0,"producedTotal":0.0,"name":"PHI-ECAFE","pr"
12:57:37.418 [TestNG-tests-1] DEBUG org.apache.http.wire -  << "oducer":false,"votes":336281,"missedTotal":0.0,"producedTrx":0,"votesPercentage":0.0013868722573316542}],"sr":[]},"approvals":[{"producePercentage":0.0,"address":"TMXiQ2W35fDochXM6dDUrF3ZDnWR2uwcRW","latestSlotNumber":0.0,"url":" https://www.phituasesor.com/smart-2/","latestBlockNumber":0.0,"producedTotal":0.0,"name":"PHI-ECAFE","producer":false,"votes":336281,"missedTotal":0.0,"producedTrx":0,"votesPercentage":0.0013868722573316542},{"producePercentage":0.0,"address":"THWeUoi3HYEnLDXigeyejjFSFAMaAJGnDU","latestSlotNumber":0.0,"url":"VoteTronicStorm","latestBlockNumber":0.0,"producedTotal":0.0,"name":"TronicStorm","producer":false,"votes":864,"missedTotal":0.0,"producedTrx":0,"votesPercentage":3.5632629566777468E-6}],"state":"DISAPPROVED","totalVotes":2,"validVotes":0,"createSelf":false},{"proposalId":30,"proposer":{"producePercentage":0.0,"address":"TD4anu8auWfCDYqQpAEcLXVK6UgME9Jsid","latestSlotNumber":0.0,"url":"https://tronsecure.io","latestBlockNumber":0.0,"producedTotal":0.0,"name":"TronSecure-Super-Representative","producer":false,"votes":104018,"missedTotal":0.0,"producedTrx":0,"votesPercentage":4.289855164672521E-4},"paramters":[{"value":180000000,"key":31}],"expirationTime":1583452800000,"createTime":1583191362000,"approveSelf":false,"typeApprovals":{"candidate":[],"partner":[{"producePercentage":0.0,"address":"TMXiQ2W35fDochXM6dDUrF3ZDnWR2uwcRW","latestSlotNumber":0.0,"url":" https://www.phituasesor.com/smart-2/","latestBlockNumber":0.0,"producedTotal":0.0,"name":"PHI-ECAFE","producer":false,"votes":336281,"missedTotal":0.0,"producedTrx":0,"votesPercentage":0.0013868722573316542}],"sr":[]},"approvals":[{"producePercentage":0.0,"address":"TMXiQ2W35fDochXM6dDUrF3ZDnWR2uwcRW","latestSlotNumber":0.0,"url":" https://www.phituasesor.com/smart-2/","latestBlockNumber":0.0,"producedTotal":0.0,"name":"PHI-ECAFE","producer":false,"votes":336281,"missedTotal":0.0,"producedTrx":0,"votesPercentage":0.0013868722573316542}],"state":"DISAPPROVED","totalVotes":1,"validVotes":0,"createSelf":false},{"proposalId":29,"proposer":{"producePercentage":99.39076958445888,"address":"TVFKwzE8qeETLaZEHMx2tjEsdnujAgAWaA","latestSlotNumber":5.28428325E8,"url":"http://blockchain.org","latestBlockNumber":1.8340827E7,"producedTotal":432325.0,"name":"BlockchainOrg","producer":true,"votes":317451639,"missedTotal":2650.0,"producedTrx":0,"votesPercentage":1.3092172057700655},"paramters":[{"value":1,"key":32}],"expirationTime":1582524000000,"createTime":1582255857000,"approveSelf":false,"typeApprovals":{"candidate":[],"partner":[{"producePercentage":0.0,"address":"TWGGB35HUudizmcLheQN7kANDnD8KfgKkK","latestSlotNumber":0.0,"url":"https://www.tron-family.de","latestBlockNumber":0.0,"producedTotal":0.0,"name":"TRON-Family","producer":false,"votes":4480843,"missedTotal":0.0,"producedTrx":0,"votesPercentage":0.018479654949755536},{"producePercentage":99.571136827774,"address":"TN2MEB71iox2mDwwngdTrUyUZXeENcb79F","latestSlotNumber":5.27032788E8,"url":"https://www.tron-europe.org","latestBlockNumber":1.6947364E7,"producedTotal":438810.0,"name":"SR-TRON-Europe","producer":false,"votes":169410377,"missedTotal":1890.0,"producedTrx":0,"votesPercentage":0.6986732880103145}],"sr":[{"producePercentage":99.64979360077398,"address":"TKSXDA8HfE9E1y39RczVQ1ZascUEtaSToF","latestSlotNumber":5.28428299E8,"url":"http://cryptochain.network","latestBlockNumber":1.8340801E7,"producedTotal":644781.0,"name":"CryptoChain","producer":true,"votes":316549660,"missedTotal":2266.0,"producedTrx":0,"votesPercentage":1.3054973118367308},{"producePercentage":99.77451211951227,"address":"TE7hnUtWRRBz3SkFrX8JESWUmEvxxAhoPt","latestSlotNumber":5.28428312E8,"url":"https://www.tronwallet.me/","latestBlockNumber":1.8340814E7,"producedTotal":540714.0,"name":"TronWalletMe","producer":true,"votes":287498369,"missedTotal":1222.0,"producedTrx":0,"votesPercentage":1.1856855189386224},{"producePercentage":99.43899287693867,"address":"TTMNxTmRpBZnjtUnohX84j25NLkTqDga7j","latestSlotNumber":5.28428324E8,"url":"https://tronspark.com","latestBlockNumber":1.8340826E7,"producedTotal":621087.0,"name":"TronSpark","producer":true,"votes":326489461,"missedTotal":3504.0,"producedTrx":0,"votesPercentage":1.3464905117210462},{"producePercentage":99.64490380523401,"address":"TTcYhypP8m4phDhN6oRexz2174zAerjEWP","latestSlotNumber":5.28428319E8,"url":"https://www.cryptoguyinza.co.za/","latestBlockNumber":1.8340821E7,"producedTotal":653269.0,"name":"CryptoGuyInZA","producer":true,"votes":382448060,"missedTotal":2328.0,"producedTrx":0,"votesPercentage":1.5772719965871158},{"producePercentage":99.80859429941233,"address":"THYPk7Z72REsPrHtZkcwp9pWJadsPxp1UP","latestSlotNumber":5.28428317E8,"url":"https://www.beekuaibao.com","latestBlockNumber":1.8340819E7,"producedTotal":163214.0,"name":"bitwirespool","producer":true,"votes":450776947,"missedTotal":313.0,"producedTrx":0,"votesPercentage":1.8590703668627175},{"producePercentage":99.96494954303621,"address":"TLyqzVGLV1srkB7dToTAEqgDSfPtXRJZYH","latestSlotNumber":5.28428313E8,"url":"https://www.binance.com/en/staking","latestBlockNumber":1.8340815E7,"producedTotal":191086.0,"name":"Binance Staking","producer":true,"votes":13538303260,"missedTotal":67.0,"producedTrx":0,"votesPercentage":55.83395197063376},{"producePercentage":99.559248824381,"address":"TV9QitxEJ3pdiAUAfJ2QuPxLKp9qTTR3og","latestSlotNumber":5.28428315E8,"url":"https://www.bitguild.com","latestBlockNumber":1.8340817E7,"producedTotal":587302.0,"name":"BitGuild","producer":true,"votes":717572645,"missedTotal":2600.0,"producedTrx":0,"votesPercentage":2.959375028534457},{"producePercentage":99.57515373981028,"address":"TPMGfspxLQGom8sKutrbHcDKtHjRHFbGKw","latestSlotNumber":5.28428322E8,"url":"https://infstones.io/","latestBlockNumber":1.8340824E7,"producedTotal":522197.0,"name":"Infinity-Stones","producer":true,"votes":331328946,"missedTotal":2228.0,"producedTrx":0,"votesPercentage":1.366449258977872},{"producePercentage":99.39076958445888,"address":"TVFKwzE8qeETLaZEHMx2tjEsdnujAgAWaA","latestSlotNumber":5.28428325E8,"url":"http://blockchain.org","latestBlockNumber":1.8340827E7,"producedTotal":432325.0,"name":"BlockchainOrg","producer":true,"votes":317451639,"missedTotal":2650.0,"producedTrx":0,"votesPercentage":1.3092172057700655},{"producePercentage":99.72781769820159,"address":"TFA1qpUkQ1yBDw4pgZKx25wEZAqkjGoZo1","latestSlotNumber":5.28428301E8,"url":"https://twitter.com/justinsuntron","latestBlockNumber":1.8340803E7,"producedTotal":628011.0,"name":"JustinSunTron","producer":true,"votes":311446630,"missedTotal":1714.0,"producedTrx":0,"votesPercentage":1.2844516662744447},{"producePercentage":99.40907431398858,"address":"TSNbzxac4WhxN91XvaUfPTKP2jNT18mP6T","latestSlotNumber":5.28428303E8,"url":"https://www.bittorrent.com/","latestBlockNumber":1.83"
12:57:37.754 [TestNG-tests-1] DEBUG org.apache.http.wire -  << "40805E7,"producedTotal":645315.0,"name":"BitTorrent","producer":true,"votes":297079432,"missedTotal":3836.0,"producedTrx":0,"votesPercentage":1.225199230597761},{"producePercentage":99.69627836667317,"address":"TY65QiDt4hLTMpf3WRzcX357BnmdxT2sw9","latestSlotNumber":5.28428323E8,"url":"https://www.utorrent.com/","latestBlockNumber":1.8340825E7,"producedTotal":645009.0,"name":"uTorrent","producer":true,"votes":330853949,"missedTotal":1965.0,"producedTrx":0,"votesPercentage":1.3644903015535281},{"producePercentage":99.3357973110504,"address":"TSzoLaVCdSNDpNxgChcFt9rSRF5wWAZiR4","latestSlotNumber":5.28428304E8,"url":"http://trx.market","latestBlockNumber":1.8340806E7,"producedTotal":611985.0,"name":"TRXMarket","producer":true,"votes":296064343,"missedTotal":4092.0,"producedTrx":0,"votesPercentage":1.2210128544039751},{"producePercentage":99.88217999437923,"address":"TCEo1hMAdaJrQmvnGTCcGT2LqrGU4N7Jqf","latestSlotNumber":5.28428302E8,"url":"https://tronscan.org","latestBlockNumber":1.8340804E7,"producedTotal":369620.0,"name":"TRONScan","producer":true,"votes":305414830,"missedTotal":436.0,"producedTrx":0,"votesPercentage":1.259575636758138},{"producePercentage":99.90926263517805,"address":"TWkpg1ZQ4fTv7sj41zBUTMo1kuJEUWTere","latestSlotNumber":5.28428321E8,"url":"https://tronlink.org","latestBlockNumber":1.8340823E7,"producedTotal":363357.0"
12:57:37.754 [TestNG-tests-1] DEBUG org.apache.http.wire -  << ","name":"TRONLink","producer":true,"votes":346070027,"missedTotal":330.0,"producedTrx":0,"votesPercentage":1.4272436430851476},{"producePercentage":99.96986449413916,"address":"TUD4YXYdj2t1gP5th3A7t97mx1AUmrrQRt","latestSlotNumber":5.2842832E8,"url":"https://www.trongrid.io","latestBlockNumber":1.8340822E7,"producedTotal":288609.0,"name":"TRONGrid","producer":true,"votes":368358512,"missedTotal":87.0,"producedTrx":0,"votesPercentage":1.5191646303084898},{"producePercentage":99.63845358596802,"address":"TNaJADoq1u2atryP1ZzwvmEE4ZBELXfMqw","latestSlotNumber":5.28428305E8,"url":"http://zempty.peiwo.cn/","latestBlockNumber":1.8340807E7,"producedTotal":511770.0,"name":"callmeSR","producer":true,"votes":295527279,"missedTotal":1857.0,"producedTrx":0,"votesPercentage":1.218797923551469},{"producePercentage":99.70984621379827,"address":"TTW663tQYJTTCtHh6DWKAfexRhPMf2DxQ1","latestSlotNumber":5.284283E8,"url":"http://tronalliance.org","latestBlockNumber":1.8340802E7,"producedTotal":424745.0,"name":"TRONALLIANCE","producer":true,"votes":311978679,"missedTotal":1236.0,"producedTrx":0,"votesPercentage":1.2866459145300435},{"producePercentage":98.32266719114835,"address":"TNmas2SUNGJ2R1jq4Sivya5nHDLYN9ggpG","latestSlotNumber":5.2842831E8,"url":"http://www.thelast.me","latestBlockNumber":1.8340812E7,"producedTotal":194965.0,"name":"TheLastMe","producer":true,"votes":291339221,"missedTotal":3326.0,"producedTrx":0,"votesPercentage":1.2015257569637168},{"producePercentage":99.99744323992637,"address":"TJvaAeFb8Lykt9RQcVyyTFN2iDvGMuyD4M","latestSlotNumber":5.28428316E8,"url":"https://poloniex.com/","latestBlockNumber":1.8340818E7,"producedTotal":39111.0,"name":"Poloniex","producer":true,"votes":674334883,"missedTotal":1.0,"producedTrx":0,"votesPercentage":2.7810561446637987},{"producePercentage":98.7338106812906,"address":"TJ2aDMgeipmoZRuUEru2ri8t7TGkxnm6qY","latestSlotNumber":5.28428311E8,"url":"https://www.huobipool.com","latestBlockNumber":1.8340813E7,"producedTotal":613758.0,"name":"Huobi_pool","producer":true,"votes":287939588,"missedTotal":7871.0,"producedTrx":0,"votesPercentage":1.1875051709276068}]},"approvals":[{"producePercentage":99.64979360077398,"address":"TKSXDA8HfE9E1y39RczVQ1ZascUEtaSToF","latestSlotNumber":5.28428299E8,"url":"http://cryptochain.network","latestBlockNumber":1.8340801E7,"producedTotal":644781.0,"name":"CryptoChain","producer":true,"votes":316549660,"missedTotal":2266.0,"producedTrx":0,"votesPercentage":1.3054973118367308},{"producePercentage":99.77451211951227,"address":"TE7hnUtWRRBz3SkFrX8JESWUmEvxxAhoPt","latestSlotNumber":5.28428312E8,"url":"https://www.tronwallet.me/","latestBlockNumber":1.8340814E7,"producedTotal":540714.0,"name":"TronWalletMe","pr"
12:57:37.755 [TestNG-tests-1] DEBUG org.apache.http.wire -  << "oducer":true,"votes":287498369,"missedTotal":1222.0,"producedTrx":0,"votesPercentage":1.1856855189386224},{"producePercentage":99.43899287693867,"address":"TTMNxTmRpBZnjtUnohX84j25NLkTqDga7j","latestSlotNumber":5.28428324E8,"url":"https://tronspark.com","latestBlockNumber":1.8340826E7,"producedTotal":621087.0,"name":"TronSpark","producer":true,"votes":326489461,"missedTotal":3504.0,"producedTrx":0,"votesPercentage":1.3464905117210462},{"producePercentage":99.64490380523401,"address":"TTcYhypP8m4phDhN6oRexz2174zAerjEWP","latestSlotNumber":5.28428319E8,"url":"https://www.cryptoguyinza.co.za/","latestBlockNumber":1.8340821E7,"producedTotal":653269.0,"name":"CryptoGuyInZA","producer":true,"votes":382448060,"missedTotal":2328.0,"producedTrx":0,"votesPercentage":1.5772719965871158},{"producePercentage":99.80859429941233,"address":"THYPk7Z72REsPrHtZkcwp9pWJadsPxp1UP","latestSlotNumber":5.28428317E8,"url":"https://www.beekuaibao.com","latestBlockNumber":1.8340819E7,"producedTotal":163214.0,"name":"bitwirespool","producer":true,"votes":450776947,"missedTotal":313.0,"producedTrx":0,"votesPercentage":1.8590703668627175},{"producePercentage":99.96494954303621,"address":"TLyqzVGLV1srkB7dToTAEqgDSfPtXRJZYH","latestSlotNumber":5.28428313E8,"url":"https://www.binance.com/en/staking","latestBlockNumber":1.8340815E7,"producedTotal":191086.0,"name":"Bina"
12:57:37.755 [TestNG-tests-1] DEBUG org.apache.http.wire -  << "nce Staking","producer":true,"votes":13538303260,"missedTotal":67.0,"producedTrx":0,"votesPercentage":55.83395197063376},{"producePercentage":99.559248824381,"address":"TV9QitxEJ3pdiAUAfJ2QuPxLKp9qTTR3og","latestSlotNumber":5.28428315E8,"url":"https://www.bitguild.com","latestBlockNumber":1.8340817E7,"producedTotal":587302.0,"name":"BitGuild","producer":true,"votes":717572645,"missedTotal":2600.0,"producedTrx":0,"votesPercentage":2.959375028534457},{"producePercentage":99.57515373981028,"address":"TPMGfspxLQGom8sKutrbHcDKtHjRHFbGKw","latestSlotNumber":5.28428322E8,"url":"https://infstones.io/","latestBlockNumber":1.8340824E7,"producedTotal":522197.0,"name":"Infinity-Stones","producer":true,"votes":331328946,"missedTotal":2228.0,"producedTrx":0,"votesPercentage":1.366449258977872},{"producePercentage":99.39076958445888,"address":"TVFKwzE8qeETLaZEHMx2tjEsdnujAgAWaA","latestSlotNumber":5.28428325E8,"url":"http://blockchain.org","latestBlockNumber":1.8340827E7,"producedTotal":432325.0,"name":"BlockchainOrg","producer":true,"votes":317451639,"missedTotal":2650.0,"producedTrx":0,"votesPercentage":1.3092172057700655},{"producePercentage":99.72781769820159,"address":"TFA1qpUkQ1yBDw4pgZKx25wEZAqkjGoZo1","latestSlotNumber":5.28428301E8,"url":"https://twitter.com/justinsuntron","latestBlockNumber":1.8340803E7,"producedTotal":628011.0,"name":"JustinSunTron","producer":true,"votes":311446630,"missedTotal":1714.0,"producedTrx":0,"votesPercentage":1.2844516662744447},{"producePercentage":99.40907431398858,"address":"TSNbzxac4WhxN91XvaUfPTKP2jNT18mP6T","latestSlotNumber":5.28428303E8,"url":"https://www.bittorrent.com/","latestBlockNumber":1.8340805E7,"producedTotal":645315.0,"name":"BitTorrent","producer":true,"votes":297079432,"missedTotal":3836.0,"producedTrx":0,"votesPercentage":1.225199230597761},{"producePercentage":99.69627836667317,"address":"TY65QiDt4hLTMpf3WRzcX357BnmdxT2sw9","latestSlotNumber":5.28428323E8,"url":"https://www.utorrent.com/","latestBlockNumber":1.8340825E7,"producedTotal":645009.0,"name":"uTorrent","producer":true,"votes":330853949,"missedTotal":1965.0,"producedTrx":0,"votesPercentage":1.3644903015535281},{"producePercentage":99.3357973110504,"address":"TSzoLaVCdSNDpNxgChcFt9rSRF5wWAZiR4","latestSlotNumber":5.28428304E8,"url":"http://trx.market","latestBlockNumber":1.8340806E7,"producedTotal":611985.0,"name":"TRXMarket","producer":true,"votes":296064343,"missedTotal":4092.0,"producedTrx":0,"votesPercentage":1.2210128544039751},{"producePercentage":99.88217999437923,"address":"TCEo1hMAdaJrQmvnGTCcGT2LqrGU4N7Jqf","latestSlotNumber":5.28428302E8,"url":"https://tronscan.org","latestBlockNumber":1.8340804E7,"producedTotal":369620.0,"name":"TRONScan","producer":true,"votes":305414830,"missedTotal":436.0,"producedTrx":0,"votesPercentage":1.259575636758138},{"producePercentage":99.90926263517805,"address":"TWkpg1ZQ4fTv7sj41zBUTMo1kuJEUWTere","latestSlotNumber":5.28428321E8,"url":"https://tronlink.org","latestBlockNumber":1.8340823E7,"producedTotal":363357.0,"name":"TRONLink","producer":true,"votes":346070027,"missedTotal":330.0,"producedTrx":0,"votesPercentage":1.4272436430851476},{"producePercentage":99.96986449413916,"address":"TUD4YXYdj2t1gP5th3A7t97mx1AUmrrQRt","latestSlotNumber":5.2842832E8,"url":"https://www.trongrid.io","latestBlockNumber":1.8340822E7,"producedTotal":288609.0,"name":"TRONGrid","producer":true,"votes":368358512,"missedTotal":87.0,"producedTrx":0,"votesPercentage":1.5191646303084898},{"producePercentage":99.63845358596802,"address":"TNaJADoq1u2atryP1ZzwvmEE4ZBELXfMqw","latestSlotNumber":5.28428305E8,"url":"http://zempty.peiwo.cn/","latestBlockNumber":1.8340807E7,"producedTotal":511770.0,"name":"callmeSR","producer":true,"votes":295527279,"missedTotal":1857.0,"producedTrx":0,"votesPercentage":1.218797923551469},{"producePercentage":99.70984621379827,"address":"TTW663tQYJTTCtHh6DWKAfexRhPMf2DxQ1","latestSlotNumber":5.284283E8,"url":"http://tronalliance.org","latestBlockNumber":1.8340802E7,"producedTotal":424745.0,"name":"TRONALLIANCE","producer":true,"votes":311978679,"missedTotal":1236.0,"producedTrx":0,"votesPercentage":1.2866459145300435},{"producePercentage":98.32266719114835,"address":"TNmas2SUNGJ2R1jq4Sivya5nHDLYN9ggpG","latestSlotNumber":5.2842831E8,"url":"http://www.thelast.me","latestBlockNumber":1.8340812E7,"producedTotal":194965.0,"name":"TheLastMe","producer":true,"votes":291339221,"missedTotal":3326.0,"producedTrx":0,"votesPercentage":1.2015257569637168},{"producePercentage":99.99744323992637,"address":"TJvaAeFb8Lykt9RQcVyyTFN2iDvGMuyD4M","latestSlotNumber":5.28428316E8,"url":"https://poloniex.com/","latestBlockNumber":1.8340818E7,"producedTotal":39111.0,"name":"Poloniex","producer":true,"votes":674334883,"missedTotal":1.0,"producedTrx":0,"votesPercentage":2.7810561446637987},{"producePercentage":98.7338106812906,"address":"TJ2aDMgeipmoZRuUEru2ri8t7TGkxnm6qY","latestSlotNumber":5.28428311E8,"url":"https://www.huobipool.com","latestBlockNumber":1.8340813E7,"producedTotal":613758.0,"name":"Huobi_pool","producer":true,"votes":287939588,"missedTotal":7871.0,"producedTrx":0,"votesPercentage":1.1875051709276068},{"producePercentage":0.0,"address":"TWGGB35HUudizmcLheQN7kANDnD8KfgKkK","latestSlotNumber":0.0,"url":"https://www.tron-family.de","latestBlockNumber":0.0,"producedTotal":0.0,"name":"TRON-Family","producer":false,"votes":4480843,"missedTotal":0.0,"producedTrx":0,"votesPercentage":0.0184796549"
12:57:37.755 [TestNG-tests-1] DEBUG org.apache.http.wire -  << "49755536},{"producePercentage":99.571136827774,"address":"TN2MEB71iox2mDwwngdTrUyUZXeENcb79F","latestSlotNumber":5.27032788E8,"url":"https://www.tron-europe.org","latestBlockNumber":1.6947364E7,"producedTotal":438810.0,"name":"SR-TRON-Europe","producer":false,"votes":169410377,"missedTotal":1890.0,"producedTrx":0,"votesPercentage":0.6986732880103145}],"state":"APPROVED","totalVotes":23,"validVotes":21,"createSelf":false},{"proposalId":28,"proposer":{"producePercentage":99.13989948240942,"address":"TGzz8gjYiYRqpfmDwnLxfgPuLVNmpCswVp","latestSlotNumber":5.28428318E8,"url":"https://www.sesameseed.org","latestBlockNumber":1.834082E7,"producedTotal":660817.0,"name":"Sesameseed","producer":true,"votes":391145419,"missedTotal":5733.0,"producedTrx":0,"votesPercentage":1.6131411830982594},"paramters":[{"value":160000000,"key":31}],"expirationTime":1572955200000,"createTime":1572682965000,"approveSelf":false,"typeApprovals":{"candidate":[],"partner":[],"sr":[{"producePercentage":99.13989948240942,"address":"TGzz8gjYiYRqpfmDwnLxfgPuLVNmpCswVp","latestSlotNumber":5.28428318E8,"url":"https://www.sesameseed.org","latestBlockNumber":1.834082E7,"producedTotal":660817.0,"name":"Sesameseed","producer":true,"votes":391145419,"missedTotal":5733.0,"producedTrx":0,"votesPercentage":1.6131411830982594},{"producePercentage":0.0,"address":"TWGGB35HUudizmcLheQN7kANDnD8KfgKkK","latestSlotNumber":0.0,"url":"https://www.tron-family.de","latestBlockNumber":0.0,"producedTotal":0.0,"name":"TRON-Family","producer":false,"votes":4480843,"missedTotal":0.0,"producedTrx":0,"votesPercentage":0.018479654949755536},{"producePercentage":99.559248824381,"address":"TV9QitxEJ3pdiAUAfJ2QuPxLKp9qTTR3og","latestSlotNumber":5.28428315E8,"url":"https://www.bitguild.com","latestBlockNumber":1.8340817E7,"producedTotal":587302.0,"name":"BitGuild","producer":true,"votes":717572645,"missedTotal":2600.0,"producedTrx":0,"votesPercentage":2.959375028534457},{"producePercentage":99.571136827774,"address":"TN2MEB71iox2mDwwngdTrUyUZXeENcb79F","latestSlotNumber":5.27032788E8,"url":"https://www.tron-europe.org","latestBlockNumber":1.6947364E7,"producedTotal":438810.0,"name":"SR-TRON-Europe","producer":false,"votes":169410377,"missedTotal":1890.0,"producedTrx":0,"votesPercentage":0.6986732880103145},{"producePercentage":0.0,"address":"TDGy2M9qWBepSHDEutWWxWd1JZfmAed3BP","latestSlotNumber":0.0,"url":"http://www.communitynode.org/","latestBlockNumber":0.0,"producedTotal":0.0,"name":"CommunityNode","producer":false,"votes":2428751,"missedTotal":0.0,"producedTrx":0,"votesPercentage":0.010016526006127353},{"producePercentage":98.66475833192578,"address":"TGfUjDNr5Huk8DumHfmzY2ksE6RRYpuGLG","latestSlotNumber":5.24159989E8,"url":"http"
12:57:37.994 [TestNG-tests-1] DEBUG org.apache.http.wire -  << "s://www.beatzcoin.io/","latestBlockNumber":1.4077587E7,"producedTotal":221974.0,"name":"BeatzCoin","producer":false,"votes":26812811,"missedTotal":3004.0,"producedTrx":0,"votesPercentage":0.11057997245451576},{"producePercentage":99.64979360077398,"address":"TKSXDA8HfE9E1y39RczVQ1ZascUEtaSToF","latestSlotNumber":5.28428299E8,"url":"http://cryptochain.network","latestBlockNumber":1.8340801E7,"producedTotal":644781.0,"name":"CryptoChain","producer":true,"votes":316549660,"missedTotal":2266.0,"producedTrx":0,"votesPercentage":1.3054973118367308},{"producePercentage":98.49972925577629,"address":"TBXB5tobBPCFkC8ihFDBWjaiwW2iSpzSfr","latestSlotNumber":5.27385598E8,"url":"https://www.tronvietnam.com/","latestBlockNumber":1.7299301E7,"producedTotal":594831.0,"name":"TRONVIETNAM","producer":false,"votes":148275995,"missedTotal":9060.0,"producedTrx":0,"votesPercentage":0.6115119911435587},{"producePercentage":99.64490380523401,"address":"TTcYhypP8m4phDhN6oRexz2174zAerjEWP","latestSlotNumber":5.28428319E8,"url":"https://www.cryptoguyinza.co.za/","latestBlockNumber":1.8340821E7,"producedTotal":653269.0,"name":"CryptoGuyInZA","producer":true,"votes":382448060,"missedTotal":2328.0,"producedTrx":0,"votesPercentage":1.5772719965871158},{"producePercentage":99.96494954303621,"address":"TLyqzVGLV1srkB7dToTAEqgDSfPtXRJZYH","latestSlotNumber":5.28428313E8"
12:57:37.994 [TestNG-tests-1] DEBUG org.apache.http.wire -  << ","url":"https://www.binance.com/en/staking","latestBlockNumber":1.8340815E7,"producedTotal":191086.0,"name":"Binance Staking","producer":true,"votes":13538303260,"missedTotal":67.0,"producedTrx":0,"votesPercentage":55.83395197063376},{"producePercentage":99.57515373981028,"address":"TPMGfspxLQGom8sKutrbHcDKtHjRHFbGKw","latestSlotNumber":5.28428322E8,"url":"https://infstones.io/","latestBlockNumber":1.8340824E7,"producedTotal":522197.0,"name":"Infinity-Stones","producer":true,"votes":331328946,"missedTotal":2228.0,"producedTrx":0,"votesPercentage":1.366449258977872}]},"approvals":[{"producePercentage":99.13989948240942,"address":"TGzz8gjYiYRqpfmDwnLxfgPuLVNmpCswVp","latestSlotNumber":5.28428318E8,"url":"https://www.sesameseed.org","latestBlockNumber":1.834082E7,"producedTotal":660817.0,"name":"Sesameseed","producer":true,"votes":391145419,"missedTotal":5733.0,"producedTrx":0,"votesPercentage":1.6131411830982594},{"producePercentage":0.0,"address":"TWGGB35HUudizmcLheQN7kANDnD8KfgKkK","latestSlotNumber":0.0,"url":"https://www.tron-family.de","latestBlockNumber":0.0,"producedTotal":0.0,"name":"TRON-Family","producer":false,"votes":4480843,"missedTotal":0.0,"producedTrx":0,"votesPercentage":0.018479654949755536},{"producePercentage":99.559248824381,"address":"TV9QitxEJ3pdiAUAfJ2QuPxLKp9qTTR3og","latestSlotNumber":5.28428315E8,"url":"https:/"
12:57:37.995 [TestNG-tests-1] DEBUG org.apache.http.wire -  << "/www.bitguild.com","latestBlockNumber":1.8340817E7,"producedTotal":587302.0,"name":"BitGuild","producer":true,"votes":717572645,"missedTotal":2600.0,"producedTrx":0,"votesPercentage":2.959375028534457},{"producePercentage":99.571136827774,"address":"TN2MEB71iox2mDwwngdTrUyUZXeENcb79F","latestSlotNumber":5.27032788E8,"url":"https://www.tron-europe.org","latestBlockNumber":1.6947364E7,"producedTotal":438810.0,"name":"SR-TRON-Europe","producer":false,"votes":169410377,"missedTotal":1890.0,"producedTrx":0,"votesPercentage":0.6986732880103145},{"producePercentage":0.0,"address":"TDGy2M9qWBepSHDEutWWxWd1JZfmAed3BP","latestSlotNumber":0.0,"url":"http://www.communitynode.org/","latestBlockNumber":0.0,"producedTotal":0.0,"name":"CommunityNode","producer":false,"votes":2428751,"missedTotal":0.0,"producedTrx":0,"votesPercentage":0.010016526006127353},{"producePercentage":98.66475833192578,"address":"TGfUjDNr5Huk8DumHfmzY2ksE6RRYpuGLG","latestSlotNumber":5.24159989E8,"url":"https://www.beatzcoin.io/","latestBlockNumber":1.4077587E7,"producedTotal":221974.0,"name":"BeatzCoin","producer":false,"votes":26812811,"missedTotal":3004.0,"producedTrx":0,"votesPercentage":0.11057997245451576},{"producePercentage":99.64979360077398,"address":"TKSXDA8HfE9E1y39RczVQ1ZascUEtaSToF","latestSlotNumber":5.28428299E8,"url":"http://cryptochain.network","latestBlockNumber":1.8340801E7,"producedTotal":644781.0,"name":"CryptoChain","producer":true,"votes":316549660,"missedTotal":2266.0,"producedTrx":0,"votesPercentage":1.3054973118367308},{"producePercentage":98.49972925577629,"address":"TBXB5tobBPCFkC8ihFDBWjaiwW2iSpzSfr","latestSlotNumber":5.27385598E8,"url":"https://www.tronvietnam.com/","latestBlockNumber":1.7299301E7,"producedTotal":594831.0,"name":"TRONVIETNAM","producer":false,"votes":148275995,"missedTotal":9060.0,"producedTrx":0,"votesPercentage":0.6115119911435587},{"producePercentage":99.64490380523401,"address":"TTcYhypP8m4phDhN6oRexz2174zAerjEWP","latestSlotNumber":5.28428319E8,"url":"https://www.cryptoguyinza.co.za/","latestBlockNumber":1.8340821E7,"producedTotal":653269.0,"name":"CryptoGuyInZA","producer":true,"votes":382448060,"missedTotal":2328.0,"producedTrx":0,"votesPercentage":1.5772719965871158},{"producePercentage":99.96494954303621,"address":"TLyqzVGLV1srkB7dToTAEqgDSfPtXRJZYH","latestSlotNumber":5.28428313E8,"url":"https://www.binance.com/en/staking","latestBlockNumber":1.8340815E7,"producedTotal":191086.0,"name":"Binance Staking","producer":true,"votes":13538303260,"missedTotal":67.0,"producedTrx":0,"votesPercentage":55.83395197063376},{"producePercentage":99.57515373981028,"address":"TPMGfspxLQGom8sKutrbHcDKtHjRHFbGKw","latestSlotNumber":5.28428322E8,"url":"https://infstones"
12:57:37.995 [TestNG-tests-1] DEBUG org.apache.http.wire -  << ".io/","latestBlockNumber":1.8340824E7,"producedTotal":522197.0,"name":"Infinity-Stones","producer":true,"votes":331328946,"missedTotal":2228.0,"producedTrx":0,"votesPercentage":1.366449258977872}],"state":"DISAPPROVED","totalVotes":11,"validVotes":11,"createSelf":false},{"proposalId":27,"proposer":{"producePercentage":99.39076958445888,"address":"TVFKwzE8qeETLaZEHMx2tjEsdnujAgAWaA","latestSlotNumber":5.28428325E8,"url":"http://blockchain.org","latestBlockNumber":1.8340827E7,"producedTotal":432325.0,"name":"BlockchainOrg","producer":true,"votes":317451639,"missedTotal":2650.0,"producedTrx":0,"votesPercentage":1.3092172057700655},"paramters":[{"value":16000000,"key":5},{"value":160000000,"key":31}],"expirationTime":1572933600000,"createTime":1572673746000,"approveSelf":false,"typeApprovals":{"candidate":[],"partner":[],"sr":[{"producePercentage":99.39076958445888,"address":"TVFKwzE8qeETLaZEHMx2tjEsdnujAgAWaA","latestSlotNumber":5.28428325E8,"url":"http://blockchain.org","latestBlockNumber":1.8340827E7,"producedTotal":432325.0,"name":"BlockchainOrg","producer":true,"votes":317451639,"missedTotal":2650.0,"producedTrx":0,"votesPercentage":1.3092172057700655},{"producePercentage":0.0,"address":"TWGGB35HUudizmcLheQN7kANDnD8KfgKkK","latestSlotNumber":0.0,"url":"https://www.tron-family.de","latestBlockNumber":0.0,"producedTotal":0.0,"name":"TRO"
12:57:37.995 [TestNG-tests-1] DEBUG org.apache.http.wire -  << "N-Family","producer":false,"votes":4480843,"missedTotal":0.0,"producedTrx":0,"votesPercentage":0.018479654949755536},{"producePercentage":98.57857284741128,"address":"TQwqK8LhHGria5gkkfCVqQfE5mSwpvdp3B","latestSlotNumber":5.18255974E8,"url":"https://tron-society.com","latestBlockNumber":8208429.0,"producedTotal":168733.0,"name":"Tron-Society","producer":false,"votes":30699903,"missedTotal":2433.0,"producedTrx":0,"votesPercentage":0.12661091103414354},{"producePercentage":99.571136827774,"address":"TN2MEB71iox2mDwwngdTrUyUZXeENcb79F","latestSlotNumber":5.27032788E8,"url":"https://www.tron-europe.org","latestBlockNumber":1.6947364E7,"producedTotal":438810.0,"name":"SR-TRON-Europe","producer":false,"votes":169410377,"missedTotal":1890.0,"producedTrx":0,"votesPercentage":0.6986732880103145},{"producePercentage":99.64979360077398,"address":"TKSXDA8HfE9E1y39RczVQ1ZascUEtaSToF","latestSlotNumber":5.28428299E8,"url":"http://cryptochain.network","latestBlockNumber":1.8340801E7,"producedTotal""
12:57:37.995 [TestNG-tests-1] DEBUG org.apache.http.wire -  << "[\r][\n]"
12:57:37.995 [TestNG-tests-1] DEBUG org.apache.http.wire -  << "8000[\r][\n]"
12:57:37.996 [TestNG-tests-1] DEBUG org.apache.http.wire -  << ":644781.0,"name":"CryptoChain","producer":true,"votes":316549660,"missedTotal":2266.0,"producedTrx":0,"votesPercentage":1.3054973118367308},{"producePercentage":0.0,"address":"TDGy2M9qWBepSHDEutWWxWd1JZfmAed3BP","latestSlotNumber":0.0,"url":"http://www.communitynode.org/","latestBlockNumber":0.0,"producedTotal":0.0,"name":"CommunityNode","producer":"
12:57:37.996 [TestNG-tests-1] DEBUG org.apache.http.wire -  << "false,"votes":2428751,"missedTotal":0.0,"producedTrx":0,"votesPercentage":0.010016526006127353},{"producePercentage":98.66475833192578,"address":"TGfUjDNr5Huk8DumHfmzY2ksE6RRYpuGLG","latestSlotNumber":5.24159989E8,"url":"https://www.beatzcoin.io/","latestBlockNumber":1.4077587E7,"producedTotal":221974.0,"name":"BeatzCoin","producer":false,"votes":26812811,"missedTotal":3004.0,"producedTrx":0,"votesPercentage":0.11057997245451576},{"producePercentage":98.49972925577629,"address":"TBXB5tobBPCFkC8ihFDBWjaiwW2iSpzSfr","latestSlotNumber":5.27385598E8,"url":"https://www.tronvietnam.com/","latestBlockNumber":1.7299301E7,"producedTotal":594831.0,"name":"TRONVIETNAM","producer":false,"votes":148275995,"missedTotal":9060.0,"producedTrx":0,"votesPercentage":0.6115119911435587},{"producePercentage":99.64490380523401,"address":"TTcYhypP8m4phDhN6oRexz2174zAerjEWP","latestSlotNumber":5.28428319E8,"url":"https://www.cryptoguyinza.co.za/","latestBlockNumber":1.8340821E7,"producedTotal":653269.0,"name":"CryptoGuyInZA","producer":true,"votes":382448060,"missedTotal":2328.0,"producedTrx":0,"votesPercentage":1.5772719965871158},{"producePercentage":99.96494954303621,"address":"TLyqzVGLV1srkB7dToTAEqgDSfPtXRJZYH","latestSlotNumber":5.28428313E8,"url":"https://www.binance.com/en/staking","latestBlockNumber":1.8340815E7,"producedTotal":191086.0,"name":"Binance Staking","producer":true,"votes":13538303260,"missedTotal":67.0,"producedTrx":0,"votesPercentage":55.83395197063376},{"producePercentage":98.7338106812906,"address":"TJ2aDMgeipmoZRuUEru2ri8t7TGkxnm6qY","latestSlotNumber":5.28428311E8,"url":"https://www.huobipool.com","latestBlockNumber":1.8340813E7,"producedTotal":613758.0,"name":"Huobi_pool","producer":true,"votes":287939588,"missedTotal":7871.0,"producedTrx":0,"votesPercentage":1.1875051709276068},{"producePercentage":99.13989948240942,"address":"TGzz8gjYiYRqpfmDwnLxfgPuLVNmpCswVp","latestSlotNumber":5.28428318E8,"url":"https://www.sesameseed.org","latestBlockNumber":1.834082E7,"producedTotal":660817.0,"name":"Sesameseed","producer":true,"votes":391145419,"missedTotal":5733.0,"producedTrx":0,"votesPercentage":1.6131411830982594},{"producePercentage":99.559248824381,"address":"TV9QitxEJ3pdiAUAfJ2QuPxLKp9qTTR3og","latestSlotNumber":5.28428315E8,"url":"https://www.bitguild.com","latestBlockNumber":1.8340817E7,"producedTotal":587302.0,"name":"BitGuild","producer":true,"votes":717572645,"missedTotal":2600.0,"producedTrx":0,"votesPercentage":2.959375028534457},{"producePercentage":99.72781769820159,"address":"TFA1qpUkQ1yBDw4pgZKx25wEZAqkjGoZo1","latestSlotNumber":5.28428301E8,"url":"https://twitter.com/justinsuntron","latestBlockNumber":1.8340803E7,"producedTotal":628011.0,"name":"JustinSunTron","producer":true,"votes":311446630,"missedTotal":1714.0,"producedTrx":0,"votesPercentage":1.2844516662744447},{"producePercentage":99.40907431398858,"address":"TSNbzxac4WhxN91XvaUfPTKP2jNT18mP6T","latestSlotNumber":5.28428303E8,"url":"https://www.bittorrent.com/","latestBlockNumber":1.8340805E7,"producedTotal":645315.0,"name":"BitTorrent","producer":true,"votes":297079432,"missedTotal":3836.0,"producedTrx":0,"votesPercentage":1.225199230597761},{"producePercentage":99.69627836667317,"address":"TY65QiDt4hLTMpf3WRzcX357BnmdxT2sw9","latestSlotNumber":5.28428323E8,"url":"https://www.utorrent.com/","latestBlockNumber":1.8340825E7,"producedTotal":645009.0,"name":"uTorrent","producer":true,"votes":330853949,"missedTotal":1965.0,"producedTrx":0,"votesPercentage":1.3644903015535281},{"producePercentage":99.3357973110504,"address":"TSzoLaVCdSNDpNxgChcFt9rSRF5wWAZiR4","latestSlotNumber":5.28428304E8,"url":"http://trx.market","latestBlockNumber":1.8340806E7,"producedTotal":611985.0,"name":"TRXMarket","producer":true,"votes":296064343,"missedTotal":4092.0,"producedTrx":0,"votesPercentage":1.2210128544039751},{"producePercentage":99.88217999437923,"address":"TCEo1hMAdaJrQmvnGTCcGT2LqrGU4N7Jqf","latestSlotNumber":5.28428302E8,"url":"https://tronscan.org","latestBlockNumber":1.8340804E7,"producedTotal":369620.0,"name":"TRONScan","producer":tru"
12:57:37.997 [TestNG-tests-1] DEBUG org.apache.http.wire -  << "e,"votes":305414830,"missedTotal":436.0,"producedTrx":0,"votesPercentage":1.259575636758138},{"producePercentage":99.90926263517805,"address":"TWkpg1ZQ4fTv7sj41zBUTMo1kuJEUWTere","latestSlotNumber":5.28428321E8,"url":"https://tronlink.org","latestBlockNumber":1.8340823E7,"producedTotal":363357.0,"name":"TRONLink","producer":true,"votes":346070027,"missedTotal":330.0,"producedTrx":0,"votesPercentage":1.4272436430851476},{"producePercentage":99.96986449413916,"address":"TUD4YXYdj2t1gP5th3A7t97mx1AUmrrQRt","latestSlotNumber":5.2842832E8,"url":"https://www.trongrid.io","latestBlockNumber":1.8340822E7,"producedTotal":288609.0,"name":"TRONGrid","producer":true,"votes":368358512,"missedTotal":87.0,"producedTrx":0,"votesPercentage":1.5191646303084898},{"producePercentage":99.63845358596802,"address":"TNaJADoq1u2atryP1ZzwvmEE4ZBELXfMqw","latestSlotNumber":5.28428305E8,"url":"http://zempty.peiwo.cn/","latestBlockNumber":1.8340807E7,"producedTotal":511770.0,"name":"callmeSR","producer":true,"votes":295527279,"missedTotal":1857.0,"producedTrx":0,"votesPercentage":1.218797923551469},{"producePercentage":99.70984621379827,"address":"TTW663tQYJTTCtHh6DWKAfexRhPMf2DxQ1","latestSlotNumber":5.284283E8,"url":"http://tronalliance.org","latestBlockNumber":1.8340802E7,"producedTotal":424745.0,"name":"TRONALLIANCE","producer":true,"votes":311978679,"missedTo"
12:57:38.232 [TestNG-tests-1] DEBUG org.apache.http.wire -  << "tal":1236.0,"producedTrx":0,"votesPercentage":1.2866459145300435},{"producePercentage":99.77451211951227,"address":"TE7hnUtWRRBz3SkFrX8JESWUmEvxxAhoPt","latestSlotNumber":5.28428312E8,"url":"https://www.tronwallet.me/","latestBlockNumber":1.8340814E7,"producedTotal":540714.0,"name":"TronWalletMe","producer":true,"votes":287498369,"missedTotal":1222.0,"producedTrx":0,"votesPercentage":1.1856855189386224},{"producePercentage":99.57515373981028,"address":"TPMGfspxLQGom8sKutrbHcDKtHjRHFbGKw","latestSlotNumber":5.28428322E8,"url":"https://infstones.io/","latestBlockNumber":1.8340824E7,"producedTotal":522197.0,"name":"Infinity-Stones","producer":true,"votes":331328946,"missedTotal":2228.0,"producedTrx":0,"votesPercentage":1.366449258977872}]},"approvals":[{"producePercentage":99.39076958445888,"address":"TVFKwzE8qeETLaZEHMx2tjEsdnujAgAWaA","latestSlotNumber":5.28428325E8,"url":"http://blockchain.org","latestBlockNumber":1.8340827E7,"producedTotal":432325.0,"name":"BlockchainOrg","producer":true,"votes":317451639,"missedTotal":2650.0,"producedTrx":0,"votesPercentage":1.3092172057700655},{"producePercentage":0.0,"address":"TWGGB35HUudizmcLheQN7kANDnD8KfgKkK","latestSlotNumber":0.0,"url":"https://www.tron-family.de","latestBlockNumber":0.0,"producedTotal":0.0,"name":"TRON-Family","producer":false,"votes":4480843,"missedTotal":0.0,"producedTrx":"
12:57:38.232 [TestNG-tests-1] DEBUG org.apache.http.wire -  << "0,"votesPercentage":0.018479654949755536},{"producePercentage":98.57857284741128,"address":"TQwqK8LhHGria5gkkfCVqQfE5mSwpvdp3B","latestSlotNumber":5.18255974E8,"url":"https://tron-society.com","latestBlockNumber":8208429.0,"producedTotal":168733.0,"name":"Tron-Society","producer":false,"votes":30699903,"missedTotal":2433.0,"producedTrx":0,"votesPercentage":0.12661091103414354},{"producePercentage":99.571136827774,"address":"TN2MEB71iox2mDwwngdTrUyUZXeENcb79F","latestSlotNumber":5.27032788E8,"url":"https://www.tron-europe.org","latestBlockNumber":1.6947364E7,"producedTotal":438810.0,"name":"SR-TRON-Europe","producer":false,"votes":169410377,"missedTotal":1890.0,"producedTrx":0,"votesPercentage":0.6986732880103145},{"producePercentage":99.64979360077398,"address":"TKSXDA8HfE9E1y39RczVQ1ZascUEtaSToF","latestSlotNumber":5.28428299E8,"url":"http://cryptochain.network","latestBlockNumber":1.8340801E7,"producedTotal":644781.0,"name":"CryptoChain","producer":true,"votes":316549660,"missedTotal":2266.0,"producedTrx":0,"votesPercentage":1.3054973118367308},{"producePercentage":0.0,"address":"TDGy2M9qWBepSHDEutWWxWd1JZfmAed3BP","latestSlotNumber":0.0,"url":"http://www.communitynode.org/","latestBlockNumber":0.0,"producedTotal":0.0,"name":"CommunityNode","producer":false,"votes":2428751,"missedTotal":0.0,"producedTrx":0,"votesPercentage":0.0100165"
12:57:38.233 [TestNG-tests-1] DEBUG org.apache.http.wire -  << "26006127353},{"producePercentage":98.66475833192578,"address":"TGfUjDNr5Huk8DumHfmzY2ksE6RRYpuGLG","latestSlotNumber":5.24159989E8,"url":"https://www.beatzcoin.io/","latestBlockNumber":1.4077587E7,"producedTotal":221974.0,"name":"BeatzCoin","producer":false,"votes":26812811,"missedTotal":3004.0,"producedTrx":0,"votesPercentage":0.11057997245451576},{"producePercentage":98.49972925577629,"address":"TBXB5tobBPCFkC8ihFDBWjaiwW2iSpzSfr","latestSlotNumber":5.27385598E8,"url":"https://www.tronvietnam.com/","latestBlockNumber":1.7299301E7,"producedTotal":594831.0,"name":"TRONVIETNAM","producer":false,"votes":148275995,"missedTotal":9060.0,"producedTrx":0,"votesPercentage":0.6115119911435587},{"producePercentage":99.64490380523401,"address":"TTcYhypP8m4phDhN6oRexz2174zAerjEWP","latestSlotNumber":5.28428319E8,"url":"https://www.cryptoguyinza.co.za/","latestBlockNumber":1.8340821E7,"producedTotal":653269.0,"name":"CryptoGuyInZA","producer":true,"votes":382448060,"missedTotal":2328.0,"producedTrx":0,"votesPercentage":1.5772719965871158},{"producePercentage":99.96494954303621,"address":"TLyqzVGLV1srkB7dToTAEqgDSfPtXRJZYH","latestSlotNumber":5.28428313E8,"url":"https://www.binance.com/en/staking","latestBlockNumber":1.8340815E7,"producedTotal":191086.0,"name":"Binance Staking","producer":true,"votes":13538303260,"missedTotal":67.0,"producedTrx":0,""
12:57:38.233 [TestNG-tests-1] DEBUG org.apache.http.wire -  << "votesPercentage":55.83395197063376},{"producePercentage":98.7338106812906,"address":"TJ2aDMgeipmoZRuUEru2ri8t7TGkxnm6qY","latestSlotNumber":5.28428311E8,"url":"https://www.huobipool.com","latestBlockNumber":1.8340813E7,"producedTotal":613758.0,"name":"Huobi_pool","producer":true,"votes":287939588,"missedTotal":7871.0,"producedTrx":0,"votesPercentage":1.1875051709276068},{"producePercentage":99.13989948240942,"address":"TGzz8gjYiYRqpfmDwnLxfgPuLVNmpCswVp","latestSlotNumber":5.28428318E8,"url":"https://www.sesameseed.org","latestBlockNumber":1.834082E7,"producedTotal":660817.0,"name":"Sesameseed","producer":true,"votes":391145419,"missedTotal":5733.0,"producedTrx":0,"votesPercentage":1.6131411830982594},{"producePercentage":99.559248824381,"address":"TV9QitxEJ3pdiAUAfJ2QuPxLKp9qTTR3og","latestSlotNumber":5.28428315E8,"url":"https://www.bitguild.com","latestBlockNumber":1.8340817E7,"producedTotal":587302.0,"name":"BitGuild","producer":true,"votes":717572645,"missedTotal":2600.0,"producedTrx":0,"votesPercentage":2.959375028534457},{"producePercentage":99.72781769820159,"address":"TFA1qpUkQ1yBDw4pgZKx25wEZAqkjGoZo1","latestSlotNumber":5.28428301E8,"url":"https://twitter.com/justinsuntron","latestBlockNumber":1.8340803E7,"producedTotal":628011.0,"name":"JustinSunTron","producer":true,"votes":311446630,"missedTotal":1714.0,"producedTrx":0,"vo"
12:57:38.235 [TestNG-tests-1] DEBUG org.apache.http.wire -  << "tesPercentage":1.2844516662744447},{"producePercentage":99.40907431398858,"address":"TSNbzxac4WhxN91XvaUfPTKP2jNT18mP6T","latestSlotNumber":5.28428303E8,"url":"https://www.bittorrent.com/","latestBlockNumber":1.8340805E7,"producedTotal":645315.0,"name":"BitTorrent","producer":true,"votes":297079432,"missedTotal":3836.0,"producedTrx":0,"votesPercentage":1.225199230597761},{"producePercentage":99.69627836667317,"address":"TY65QiDt4hLTMpf3WRzcX357BnmdxT2sw9","latestSlotNumber":5.28428323E8,"url":"https://www.utorrent.com/","latestBlockNumber":1.8340825E7,"producedTotal":645009.0,"name":"uTorrent","producer":true,"votes":330853949,"missedTotal":1965.0,"producedTrx":0,"votesPercentage":1.3644903015535281},{"producePercentage":99.3357973110504,"address":"TSzoLaVCdSNDpNxgChcFt9rSRF5wWAZiR4","latestSlotNumber":5.28428304E8,"url":"http://trx.market","latestBlockNumber":1.8340806E7,"producedTotal":611985.0,"name":"TRXMarket","producer":true,"votes":296064343,"missedTotal":4092.0,"producedTrx":0,"votesPercentage":1.2210128544039751},{"producePercentage":99.88217999437923,"address":"TCEo1hMAdaJrQmvnGTCcGT2LqrGU4N7Jqf","latestSlotNumber":5.28428302E8,"url":"https://tronscan.org","latestBlockNumber":1.8340804E7,"producedTotal":369620.0,"name":"TRONScan","producer":true,"votes":305414830,"missedTotal":436.0,"producedTrx":0,"votesPercentage":1.2595756"
12:57:38.235 [TestNG-tests-1] DEBUG org.apache.http.wire -  << "36758138},{"producePercentage":99.90926263517805,"address":"TWkpg1ZQ4fTv7sj41zBUTMo1kuJEUWTere","latestSlotNumber":5.28428321E8,"url":"https://tronlink.org","latestBlockNumber":1.8340823E7,"producedTotal":363357.0,"name":"TRONLink","producer":true,"votes":346070027,"missedTotal":330.0,"producedTrx":0,"votesPercentage":1.4272436430851476},{"producePercentage":99.96986449413916,"address":"TUD4YXYdj2t1gP5th3A7t97mx1AUmrrQRt","latestSlotNumber":5.2842832E8,"url":"https://www.trongrid.io","latestBlockNumber":1.8340822E7,"producedTotal":288609.0,"name":"TRONGrid","producer":true,"votes":368358512,"missedTotal":87.0,"producedTrx":0,"votesPercentage":1.5191646303084898},{"producePercentage":99.63845358596802,"address":"TNaJADoq1u2atryP1ZzwvmEE4ZBELXfMqw","latestSlotNumber":5.28428305E8,"url":"http://zempty.peiwo.cn/","latestBlockNumber":1.8340807E7,"producedTotal":511770.0,"name":"callmeSR","producer":true,"votes":295527279,"missedTotal":1857.0,"producedTrx":0,"votesPercentage":1.218797923551469},{"producePercentage":99.70984621379827,"address":"TTW663tQYJTTCtHh6DWKAfexRhPMf2DxQ1","latestSlotNumber":5.284283E8,"url":"http://tronalliance.org","latestBlockNumber":1.8340802E7,"producedTotal":424745.0,"name":"TRONALLIANCE","producer":true,"votes":311978679,"missedTotal":1236.0,"producedTrx":0,"votesPercentage":1.2866459145300435},{"producePercenta"
12:57:38.236 [TestNG-tests-1] DEBUG org.apache.http.wire -  << "ge":99.77451211951227,"address":"TE7hnUtWRRBz3SkFrX8JESWUmEvxxAhoPt","latestSlotNumber":5.28428312E8,"url":"https://www.tronwallet.me/","latestBlockNumber":1.8340814E7,"producedTotal":540714.0,"name":"TronWalletMe","producer":true,"votes":287498369,"missedTotal":1222.0,"producedTrx":0,"votesPercentage":1.1856855189386224},{"producePercentage":99.57515373981028,"address":"TPMGfspxLQGom8sKutrbHcDKtHjRHFbGKw","latestSlotNumber":5.28428322E8,"url":"https://infstones.io/","latestBlockNumber":1.8340824E7,"producedTotal":522197.0,"name":"Infinity-Stones","producer":true,"votes":331328946,"missedTotal":2228.0,"producedTrx":0,"votesPercentage":1.366449258977872}],"state":"APPROVED","totalVotes":24,"validVotes":24,"createSelf":false},{"proposalId":26,"proposer":{"producePercentage":99.28374526180674,"address":"TGj1Ej1qRzL9feLTLhjwgxXF4Ct6GTWg2U","latestSlotNumber":5.28428314E8,"url":"http://www.skypeople.co.kr","latestBlockNumber":1.8340816E7,"producedTotal":676026.0,"name":"Skypeople","producer":true,"votes":982129390,"missedTotal":4877.0,"producedTrx":0,"votesPercentage":4.050445919041101},"paramters":[{"value":48000000,"key":5},{"value":128000000,"key":31}],"expirationTime":1572609600000,"createTime":1572330231000,"approveSelf":false,"typeApprovals":{"candidate":[],"partner":[],"sr":[{"producePercentage":99.28374526180674,"address":"TGj1Ej1qR"
12:57:38.236 [TestNG-tests-1] DEBUG org.apache.http.wire -  << "zL9feLTLhjwgxXF4Ct6GTWg2U","latestSlotNumber":5.28428314E8,"url":"http://www.skypeople.co.kr","latestBlockNumber":1.8340816E7,"producedTotal":676026.0,"name":"Skypeople","producer":true,"votes":982129390,"missedTotal":4877.0,"producedTrx":0,"votesPercentage":4.050445919041101},{"producePercentage":98.66475833192578,"address":"TGfUjDNr5Huk8DumHfmzY2ksE6RRYpuGLG","latestSlotNumber":5.24159989E8,"url":"https://www.beatzcoin.io/","latestBlockNumber":1.4077587E7,"producedTotal":221974.0,"name":"BeatzCoin","producer":false,"votes":26812811,"missedTotal":3004.0,"producedTrx":0,"votesPercentage":0.11057997245451576},{"producePercentage":99.43899287693867,"address":"TTMNxTmRpBZnjtUnohX84j25NLkTqDga7j","latestSlotNumber":5.28428324E8,"url":"https://tronspark.com","latestBlockNumber":1.8340826E7,"producedTotal":621087.0,"name":"TronSpark","producer":true,"votes":326489461,"missedTotal":3504.0,"producedTrx":0,"votesPercentage":1.3464905117210462},{"producePercentage":99.559248824381,"address":"TV9QitxEJ3pdiAUAfJ2QuPxLKp9qTTR3og","latestSlotNumber":5.28428315E8,"url":"https://www.bitguild.com","latestBlockNumber":1.8340817E7,"producedTotal":587302.0,"name":"BitGuild","producer":true,"votes":717572645,"missedTotal":2600.0,"producedTrx":0,"votesPercentage":2.959375028534457},{"producePercentage":99.571136827774,"address":"TN2MEB71iox2mDwwngdTrUyUZXeE"
12:57:38.237 [TestNG-tests-1] DEBUG org.apache.http.wire -  << "Ncb79F","latestSlotNumber":5.27032788E8,"url":"https://www.tron-europe.org","latestBlockNumber":1.6947364E7,"producedTotal":438810.0,"name":"SR-TRON-Europe","producer":false,"votes":169410377,"missedTotal":1890.0,"producedTrx":0,"votesPercentage":0.6986732880103145},{"producePercentage":99.13989948240942,"address":"TGzz8gjYiYRqpfmDwnLxfgPuLVNmpCswVp","latestSlotNumber":5.28428318E8,"url":"https://www.sesameseed.org","latestBlockNumber":1.834082E7,"producedTotal":660817.0,"name":"Sesameseed","producer":true,"votes":391145419,"missedTotal":5733.0,"producedTrx":0,"votesPercentage":1.6131411830982594},{"producePercentage":99.3357973110504,"address":"TSzoLaVCdSNDpNxgChcFt9rSRF5wWAZiR4","latestSlotNumber":5.28428304E8,"url":"http://trx.market","latestBlockNumber":1.8340806E7,"producedTotal":611985.0,"name":"TRXMarket","producer":true,"votes":296064343,"missedTotal":4092.0,"producedTrx":0,"votesPercentage":1.2210128544039751},{"producePercentage":99.64979360077398,"address":"TKSXDA8HfE9E1y39RczVQ1ZascUEtaSToF","latestSlotNumber":5.28428299E8,"url":"http://cryptochain.network","latestBlockNumber":1.8340801E7,"producedTotal":644781.0,"name":"CryptoChain","producer":true,"votes":316549660,"missedTotal":2266.0,"producedTrx":0,"votesPercentage":1.3054973118367308},{"producePercentage":98.49972925577629,"address":"TBXB5tobBPCFkC8ihFDBWjaiwW2iSpzSfr"
12:57:38.336 [TestNG-tests-1] DEBUG org.apache.http.wire -  << "","latestSlotNumber":5.27385598E8,"url":"https://www.tronvietnam.com/","latestBlockNumber":1.7299301E7,"producedTotal":594831.0,"name":"TRONVIETNAM","producer":false,"votes":148275995,"missedTotal":9060.0,"producedTrx":0,"votesPercentage":0.6115119911435587},{"producePercentage":99.64490380523401,"address":"TTcYhypP8m4phDhN6oRexz2174zAerjEWP","latestSlotNumber":5.28428319E8,"url":"https://www.cryptoguyinza.co.za/","latestBlockNumber":1.8340821E7,"producedTotal":653269.0,"name":"CryptoGuyInZA","producer":true,"votes":382448060,"missedTotal":2328.0,"producedTrx":0,"votesPercentage":1.5772719965871158}]},"approvals":[{"producePercentage":99.28374526180674,"address":"TGj1Ej1qRzL9feLTLhjwgxXF4Ct6GTWg2U","latestSlotNumber":5.28428314E8,"url":"http://www.skypeople.co.kr","latestBlockNumber":1.8340816E7,"producedTotal":676026.0,"name":"Skypeople","producer":true,"votes":982129390,"missedTotal":4877.0,"producedTrx":0,"votesPercentage":4.050445919041101},{"producePercentage":98.66475833192578,"address":"TGfUjDNr5Huk8DumHfmzY2ksE6RRYpuGLG","latestSlotNumber":5.24159989E8,"url":"https://www.beatzcoin.io/","latestBlockNumber":1.4077587E7,"producedTotal":221974.0,"name":"BeatzCoin","producer":false,"votes":26812811,"missedTotal":3004.0,"producedTrx":0,"votesPercentage":0.11057997245451576},{"producePercentage":99.43899287693867,"address":"TTMNxTmRpB"
12:57:38.336 [TestNG-tests-1] DEBUG org.apache.http.wire -  << "ZnjtUnohX84j25NLkTqDga7j","latestSlotNumber":5.28428324E8,"url":"https://tronspark.com","latestBlockNumber":1.8340826E7,"producedTotal":621087.0,"name":"TronSpark","producer":true,"votes":326489461,"missedTotal":3504.0,"producedTrx":0,"votesPercentage":1.3464905117210462},{"producePercentage":99.559248824381,"address":"TV9QitxEJ3pdiAUAfJ2QuPxLKp9qTTR3og","latestSlotNumber":5.28428315E8,"url":"https://www.bitguild.com","latestBlockNumber":1.8340817E7,"producedTotal":587302.0,"name":"BitGuild","producer":true,"votes":717572645,"missedTotal":2600.0,"producedTrx":0,"votesPercentage":2.959375028534457},{"producePercentage":99.571136827774,"address":"TN2MEB71iox2mDwwngdTrUyUZXeENcb79F","latestSlotNumber":5.27032788E8,"url":"https://www.tron-europe.org","latestBlockNumber":1.6947364E7,"producedTotal":438810.0,"name":"SR-TRON-Europe","producer":false,"votes":169410377,"missedTotal":1890.0,"producedTrx":0,"votesPercentage":0.6986732880103145},{"producePercentage":99.13989948240942,"address":"TGzz8gjYiYRqpfmDwnLxfgPuLVNmpCswVp","latestSlotNumber":5.28428318E8,"url":"https://www.sesameseed.org","latestBlockNumber":1.834082E7,"producedTotal":660817.0,"name":"Sesameseed","producer":true,"votes":391145419,"missedTotal":5733.0,"producedTrx":0,"votesPercentage":1.6131411830982594},{"producePercentage":99.3357973110504,"address":"TSzoLaVCdSNDpNxgChcFt9"
12:57:38.471 [TestNG-tests-1] DEBUG org.apache.http.wire -  << "rSRF5wWAZiR4","latestSlotNumber":5.28428304E8,"url":"http://trx.market","latestBlockNumber":1.8340806E7,"producedTotal":611985.0,"name":"TRXMarket","producer":true,"votes":296064343,"missedTotal":4092.0,"producedTrx":0,"votesPercentage":1.2210128544039751},{"producePercentage":99.64979360077398,"address":"TKSXDA8HfE9E1y39RczVQ1ZascUEtaSToF","latestSlotNumber":5.28428299E8,"url":"http://cryptochain.network","latestBlockNumber":1.8340801E7,"producedTotal":644781.0,"name":"CryptoChain","producer":true,"votes":316549660,"missedTotal":2266.0,"producedTrx":0,"votesPercentage":1.3054973118367308},{"producePercentage":98.49972925577629,"address":"TBXB5tobBPCFkC8ihFDBWjaiwW2iSpzSfr","latestSlotNumber":5.27385598E8,"url":"https://www.tronvietnam.com/","latestBlockNumber":1.7299301E7,"producedTotal":594831.0,"name":"TRONVIETNAM","producer":false,"votes":148275995,"missedTotal":9060.0,"producedTrx":0,"votesPercentage":0.6115119911435587},{"producePercentage":99.64490380523401,"address":"TTcYhypP8m4phDhN6oRexz2174zAerjEWP","latestSlotNumber":5.28428319E8,"url":"https://www.cryptoguyinza.co.za/","latestBlockNumber":1.8340821E7,"producedTotal":653269.0,"name":"CryptoGuyInZA","producer":true,"votes":382448060,"missedTotal":2328.0,"producedTrx":0,"votesPercentage":1.5772719965871158}],"state":"DISAPPROVED","totalVotes":10,"validVotes":10,"createSelf":false},{"proposalId":25,"proposer":{"producePercentage":99.28374526180674,"address":"TGj1Ej1qRzL9feLTLhjwgxXF4Ct6GTWg2U","latestSlotNumber":5.28428314E8,"url":"http://www.skypeople.co.kr","latestBlockNumber":1.8340816E7,"producedTotal":676026.0,"name":"Skypeople","producer":true,"votes":982129390,"missedTotal":4877.0,"producedTrx":0,"votesPercentage":4.050445919041101},"paramters":[{"value":48000000,"key":5}],"expirationTime":1572609600000,"createTime":1572329565000,"approveSelf":false,"typeApprovals":{"candidate":[],"partner":[],"sr":[{"producePercentage":99.28374526180674,"address":"TGj1Ej1qRzL9feLTLhjwgxXF4Ct6GTWg2U","latestSlotNumber":5.28428314E8,"url":"http://www.skypeople.co.kr","latestBlockNumber":1.8340816E7,"producedTotal":676026.0,"name":"Skypeople","producer":true,"votes":982129390,"missedTotal":4877.0,"producedTrx":0,"votesPercentage":4.050445919041101}]},"approvals":[{"producePercentage":99.28374526180674,"address":"TGj1Ej1qRzL9feLTLhjwgxXF4Ct6GTWg2U","latestSlotNumber":5.28428314E8,"url":"http://www.skypeople.co.kr","latestBlockNumber":1.8340816E7,"producedTotal":676026.0,"name":"Skypeople","producer":true,"votes":982129390,"missedTotal":4877.0,"producedTrx":0,"votesPercentage":4.050445919041101}],"state":"CANCELED","totalVotes":1,"validVotes":1,"createSelf":false},{"proposalId":24,"proposer":{"producePercentage":99.28374"
12:57:38.474 [TestNG-tests-1] DEBUG org.apache.http.wire -  << "526180674,"address":"TGj1Ej1qRzL9feLTLhjwgxXF4Ct6GTWg2U","latestSlotNumber":5.28428314E8,"url":"http://www.skypeople.co.kr","latestBlockNumber":1.8340816E7,"producedTotal":676026.0,"name":"Skypeople","producer":true,"votes":982129390,"missedTotal":4877.0,"producedTrx":0,"votesPercentage":4.050445919041101},"paramters":[{"value":48,"key":5}],"expirationTime":1572609600000,"createTime":1572329541000,"approveSelf":false,"typeApprovals":{"candidate":[],"partner":[],"sr":[]},"approvals":[],"state":"CANCELED","totalVotes":0,"validVotes":0,"createSelf":false},{"proposalId":23,"proposer":{"producePercentage":99.39076958445888,"address":"TVFKwzE8qeETLaZEHMx2tjEsdnujAgAWaA","latestSlotNumber":5.28428325E8,"url":"http://blockchain.org","latestBlockNumber":1.8340827E7,"producedTotal":432325.0,"name":"BlockchainOrg","producer":true,"votes":317451639,"missedTotal":2650.0,"producedTrx":0,"votesPercentage":1.3092172057700655},"paramters":[{"value":16000000,"key":5},{"value":160000000,"key":31}],"expirationTime":1572588000000,"createTime":1572328770000,"approveSelf":false,"typeApprovals":{"candidate":[],"partner":[{"producePercentage":98.57857284741128,"address":"TQwqK8LhHGria5gkkfCVqQfE5mSwpvdp3B","latestSlotNumber":5.18255974E8,"url":"https://tron-society.com","latestBlockNumber":8208429.0,"producedTotal":168733.0,"name":"Tron-Society","producer":false,"votes":30699903,"missedTotal":2433.0,"producedTrx":0,"votesPercentage":0.12661091103414354},{"producePercentage":0.0,"address":"TWGGB35HUudizmcLheQN7kANDnD8KfgKkK","latestSlotNumber":0.0,"url":"https://www.tron-family.de","latestBlockNumber":0.0,"producedTotal":0.0,"name":"TRON-Family","producer":false,"votes":4480843,"missedTotal":0.0,"producedTrx":0,"votesPercentage":0.018479654949755536}],"sr":[{"producePercentage":99.96494954303621,"address":"TLyqzVGLV1srkB7dToTAEqgDSfPtXRJZYH","latestSlotNumber":5.28428313E8,"url":"https://www.binance.com/en/staking","latestBlockNumber":1.8340815E7,"producedTotal":191086.0,"name":"Binance Staking","producer":true,"votes":13538303260,"missedTotal":67.0,"producedTrx":0,"votesPercentage":55.83395197063376},{"producePercentage":99.13989948240942,"address":"TGzz8gjYiYRqpfmDwnLxfgPuLVNmpCswVp","latestSlotNumber":5.28428318E8,"url":"https://www.sesameseed.org","latestBlockNumber":1.834082E7,"producedTotal":660817.0,"name":"Sesameseed","producer":true,"votes":391145419,"missedTotal":5733.0,"producedTrx":0,"votesPercentage":1.6131411830982594},{"producePercentage":99.96986449413916,"address":"TUD4YXYdj2t1gP5th3A7t97mx1AUmrrQRt","latestSlotNumber":5.2842832E8,"url":"https://www.trongrid.io","latestBlockNumber":1.8340822E7,"producedTotal":288609.0,"name":"TRONGrid","producer":true,"votes":368358512,"miss"
12:57:38.474 [TestNG-tests-1] DEBUG org.apache.http.wire -  << "edTotal":87.0,"producedTrx":0,"votesPercentage":1.5191646303084898},{"producePercentage":99.90926263517805,"address":"TWkpg1ZQ4fTv7sj41zBUTMo1kuJEUWTere","latestSlotNumber":5.28428321E8,"url":"https://tronlink.org","latestBlockNumber":1.8340823E7,"producedTotal":363357.0,"name":"TRONLink","producer":true,"votes":346070027,"missedTotal":330.0,"producedTrx":0,"votesPercentage":1.4272436430851476},{"producePercentage":99.69627836667317,"address":"TY65QiDt4hLTMpf3WRzcX357BnmdxT2sw9","latestSlotNumber":5.28428323E8,"url":"https://www.utorrent.com/","latestBlockNumber":1.8340825E7,"producedTotal":645009.0,"name":"uTorrent","producer":true,"votes":330853949,"missedTotal":1965.0,"producedTrx":0,"votesPercentage":1.3644903015535281},{"producePercentage":99.39076958445888,"address":"TVFKwzE8qeETLaZEHMx2tjEsdnujAgAWaA","latestSlotNumber":5.28428325E8,"url":"http://blockchain.org","latestBlockNumber":1.8340827E7,"producedTotal":432325.0,"name":"BlockchainOrg","producer":true,"votes":317451639,"missedTotal":2650.0,"producedTrx":0,"votesPercentage":1.3092172057700655},{"producePercentage":99.70984621379827,"address":"TTW663tQYJTTCtHh6DWKAfexRhPMf2DxQ1","latestSlotNumber":5.284283E8,"url":"http://tronalliance.org","latestBlockNumber":1.8340802E7,"producedTotal":424745.0,"name":"TRONALLIANCE","producer":true,"votes":311978679,"missedTotal":1236.0,"pro"
12:57:38.475 [TestNG-tests-1] DEBUG org.apache.http.wire -  << "ducedTrx":0,"votesPercentage":1.2866459145300435},{"producePercentage":99.88217999437923,"address":"TCEo1hMAdaJrQmvnGTCcGT2LqrGU4N7Jqf","latestSlotNumber":5.28428302E8,"url":"https://tronscan.org","latestBlockNumber":1.8340804E7,"producedTotal":369620.0,"name":"TRONScan","producer":true,"votes":305414830,"missedTotal":436.0,"producedTrx":0,"votesPercentage":1.259575636758138},{"producePercentage":99.40907431398858,"address":"TSNbzxac4WhxN91XvaUfPTKP2jNT18mP6T","latestSlotNumber":5.28428303E8,"url":"https://www.bittorrent.com/","latestBlockNumber":1.8340805E7,"producedTotal":645315.0,"name":"BitTorrent","producer":true,"votes":297079432,"missedTotal":3836.0,"producedTrx":0,"votesPercentage":1.225199230597761},{"producePercentage":99.63845358596802,"address":"TNaJADoq1u2atryP1ZzwvmEE4ZBELXfMqw","latestSlotNumber":5.28428305E8,"url":"http://zempty.peiwo.cn/","latestBlockNumber":1.8340807E7,"producedTotal":511770.0,"name":"callmeSR","producer":true,"votes":295527279,"missedTotal":1857.0,"producedTrx":0,"votesPercentage":1.218797923551469},{"producePercentage":99.64979360077398,"address":"TKSXDA8HfE9E1y39RczVQ1ZascUEtaSToF","latestSlotNumber":5.28428299E8,"url":"http://cryptochain.network","latestBlockNumber":1.8340801E7,"producedTotal":644781.0,"name":"CryptoChain","producer":true,"votes":316549660,"missedTotal":2266.0,"producedTrx":0,"vot"
12:57:38.475 [TestNG-tests-1] DEBUG org.apache.http.wire -  << "esPercentage":1.3054973118367308},{"producePercentage":99.3357973110504,"address":"TSzoLaVCdSNDpNxgChcFt9rSRF5wWAZiR4","latestSlotNumber":5.28428304E8,"url":"http://trx.market","latestBlockNumber":1.8340806E7,"producedTotal":611985.0,"name":"TRXMarket","producer":true,"votes":296064343,"missedTotal":4092.0,"producedTrx":0,"votesPercentage":1.2210128544039751},{"producePercentage":99.77451211951227,"address":"TE7hnUtWRRBz3SkFrX8JESWUmEvxxAhoPt","latestSlotNumber":5.28428312E8,"url":"https://www.tronwallet.me/","latestBlockNumber":1.8340814E7,"producedTotal":540714.0,"name":"TronWalletMe","producer":true,"votes":287498369,"missedTotal":1222.0,"producedTrx":0,"votesPercentage":1.1856855189386224},{"producePercentage":98.7338106812906,"address":"TJ2aDMgeipmoZRuUEru2ri8t7TGkxnm6qY","latestSlotNumber":5.28428311E8,"url":"https://www.huobipool.com","latestBlockNumber":1.8340813E7,"producedTotal":613758.0,"name":"Huobi_pool","producer":true,"votes":287939588,"missedTotal":7871.0,"producedTrx":0,"votesPercentage":1.1875051709276068},{"producePercentage":99.72781769820159,"address":"TFA1qpUkQ1yBDw4pgZKx25wEZAqkjGoZo1","latestSlotNumber":5.28428301E8,"url":"https://twitter.com/justinsuntron","latestBlockNumber":1.8340803E7,"producedTotal":628011.0,"name":"JustinSunTron","producer":true,"votes":311446630,"missedTotal":1714.0,"producedTrx":0,"votes"
12:57:38.475 [TestNG-tests-1] DEBUG org.apache.http.wire -  << "Percentage":1.2844516662744447},{"producePercentage":98.49972925577629,"address":"TBXB5tobBPCFkC8ihFDBWjaiwW2iSpzSfr","latestSlotNumber":5.27385598E8,"url":"https://www.tronvietnam.com/","latestBlockNumber":1.7299301E7,"producedTotal":594831.0,"name":"TRONVIETNAM","producer":false,"votes":148275995,"missedTotal":9060.0,"producedTrx":0,"votesPercentage":0.6115119911435587},{"producePercentage":99.571136827774,"address":"TN2MEB71iox2mDwwngdTrUyUZXeENcb79F","latestSlotNumber":5.27032788E8,"url":"https://www.tron-europe.org","latestBlockNumber":1.6947364E7,"producedTotal":438810.0,"name":"SR-TRON-Europe","producer":false,"votes":169410377,"missedTotal":1890.0,"producedTrx":0,"votesPercentage":0.6986732880103145},{"producePercentage":98.66475833192578,"address":"TGfUjDNr5Huk8DumHfmzY2ksE6RRYpuGLG","latestSlotNumber":5.24159989E8,"url":"https://www.beatzcoin.io/","latestBlockNumber":1.4077587E7,"producedTotal":221974.0,"name":"BeatzCoin","producer":false,"votes":26812811,"missedTotal":3004.0,"producedTrx":0,"votesPercentage":0.11057997245451576}]},"approvals":[{"producePercentage":99.96494954303621,"address":"TLyqzVGLV1srkB7dToTAEqgDSfPtXRJZYH","latestSlotNumber":5.28428313E8,"url":"https://www.binance.com/en/staking","latestBlockNumber":1.8340815E7,"producedTotal":191086.0,"name":"Binance Staking","producer":true,"votes":13538303260,"missed"
12:57:38.575 [TestNG-tests-1] DEBUG org.apache.http.wire -  << "Total":67.0,"producedTrx":0,"votesPercentage":55.83395197063376},{"producePercentage":99.13989948240942,"address":"TGzz8gjYiYRqpfmDwnLxfgPuLVNmpCswVp","latestSlotNumber":5.28428318E8,"url":"https://www.sesameseed.org","latestBlockNumber":1.834082E7,"producedTotal":660817.0,"name":"Sesameseed","producer":true,"votes":391145419,"missedTotal":5733.0,"producedTrx":0,"votesPercentage":1.6131411830982594},{"producePercentage":99.96986449413916,"address":"TUD4YXYdj2t1gP5th3A7t97mx1AUmrrQRt","latestSlotNumber":5.2842832E8,"url":"https://www.trongrid.io","latestBlockNumber":1.8340822E7,"producedTotal":288609.0,"name":"TRONGrid","producer":true,"votes":368358512,"missedTotal":87.0,"producedTrx":0,"votesPercentage":1.5191646303084898},{"producePercentage":99.90926263517805,"address":"TWkpg1ZQ4fTv7sj41zBUTMo1kuJEUWTere","latestSlotNumber":5.28428321E8,"url":"https://tronlink.org","latestBlockNumber":1.8340823E7,"producedTotal":363357.0,"name":"TRONLink","producer":true,"votes":346070027,"missedTotal":330.0,"producedTrx":0,"votesPercentage":1.4272436430851476},{"producePercentage":99.69627836667317,"address":"TY65QiDt4hLTMpf3WRzcX357BnmdxT2sw9","latestSlotNumber":5.28428323E8,"url":"https://www.utorr"
12:57:38.575 [TestNG-tests-1] DEBUG org.apache.http.wire -  << "[\r][\n]"
12:57:38.575 [TestNG-tests-1] DEBUG org.apache.http.wire -  << "8000[\r][\n]"
12:57:38.575 [TestNG-tests-1] DEBUG org.apache.http.wire -  << "ent.com/","latestBlockNumber":1.8340825E7,"producedTotal":645009.0,"name":"uTorrent","producer":true,"votes":330853949,"missedTotal":1965.0,"producedTrx":0,"votesPercentage":1.3644903015535281},{"producePercentage":99.39076958445888,"address":"TVFKwzE8qeETLaZEHMx2tjEsdnujAgAWaA","latestSlotNumber":5.28428325E8,"url":"http://blockchain.org","latestBlockNumber":1.8340827E7,"producedTotal":432325.0,"name":"BlockchainOrg","producer":true,"votes":317451639,"missedTotal":2650.0,"producedTrx":0,"votesPercentage":1.3092172057700655},{"producePercentage":99.70984621379827,"address":"TTW663tQYJTTCtHh6DWKAfexRhPMf2DxQ1","latestSlotNumber":5.284283E8,"url":"http://tronalliance.org","latestBlockNumber":1.8340802E7,"producedTotal":424745.0,"name":"TRONALLIANCE","producer":true,"votes":311978679,"missedTotal":1236.0,"producedTrx":0,"votesPercentage":1.2866459145300435},{"producePercentage":99.88217999437923,"address":"TCEo1hMAdaJrQmvnGTCcGT2LqrGU4N7Jqf","latestSlotNumber":5.28428302E8,"url":"https://tronscan.org","latestBlockNumber":1.8340804E7,"producedTotal":369620.0,"name":"TRONScan","producer":true,"votes":305414830,"missedTotal":436.0,"producedTrx":0,"votesPercentage":1.259575636758138},{"producePercentage":99.40907431398858,"address":"TSNbzxac4WhxN91XvaUfPTKP2jNT18mP6T","latestSlotNumber":5.28428303E8,"url":"https://www.bittorrent.com/","latestBlockNumber":1.8340805E7,"producedTotal":645315.0,"name":"BitTorrent","producer":true,"votes":297079432,"missedTotal":3836.0,"producedTrx":0,"v"
12:57:38.576 [TestNG-tests-1] DEBUG org.apache.http.wire -  << "otesPercentage":1.225199230597761},{"producePercentage":99.63845358596802,"address":"TNaJADoq1u2atryP1ZzwvmEE4ZBELXfMqw","latestSlotNumber":5.28428305E8,"url":"http://zempty.peiwo.cn/","latestBlockNumber":1.8340807E7,"producedTotal":511770.0,"name":"callmeSR","producer":true,"votes":295527279,"missedTotal":1857.0,"producedTrx":0,"votesPercentage":1.218797923551469},{"producePercentage":99.64979360077398,"address":"TKSXDA8HfE9E1y39RczVQ1ZascUEtaSToF","latestSlotNumber":5.28428299E8,"url":"http://cryptochain.network","latestBlockNumber":1.8340801E7,"producedTotal":644781.0,"name":"CryptoChain","producer":true,"votes":316549660,"missedTotal":2266.0,"producedTrx":0,"votesPercentage":1.3054973118367308},{"producePercentage":99.3357973110504,"address":"TSzoLaVCdSNDpNxgChcFt9rSRF5wWAZiR4","latestSlotNumber":5.28428304E8,"url":"http://trx.market","latestBlockNumber":1.8340806E7,"producedTotal":611985.0,"name":"TRXMarket","producer":true,"votes":296064343,"missedTotal":4092.0,"producedTrx":0,"votesPercentage":1.2210128544039751},{"producePercentage":99.77451211951227,"address":"TE7hnUtWRRBz3SkFrX8JESWUmEvxxAhoPt","latestSlotNumber":5.28428312E8,"url":"https://www.tronwallet.me/","latestBlockNumber":1.8340814E7,"producedTotal":540714.0,"name":"TronWalletMe","producer":true,"votes":287498369,"missedTotal":1222.0,"producedTrx":0,"votesPercentage":1.1856855189386224},{"producePercentage":98.7338106812906,"address":"TJ2aDMgeipmoZRuUEru2ri8t7TGkxnm6qY","latestSlotNumber":5.28428311E8,"url":"https://www.huobipool.com","latestBlockNumber":1.8340813E7,"producedTotal":613758.0,"name":"Huobi_pool","producer":true,"votes":287939588,"missedTotal":7871.0,"producedTrx":0,"votesPercentage":1.1875051709276068},{"producePercentage":99.72781769820159,"address":"TFA1qpUkQ1yBDw4pgZKx25wEZAqkjGoZo1","latestSlotNumber":5.28428301E8,"url":"https://twitter.com/justinsuntron","latestBlockNumber":1.8340803E7,"producedTotal":628011.0,"name":"JustinSunTron","producer":true,"votes":311446630,"missedTotal":1714.0,"producedTrx":0,"votesPercentage":1.2844516662744447},{"producePercentage":98.49972925577629,"address":"TBXB5tobBPCFkC8ihFDBWjaiwW2iSpzSfr","latestSlotNumber":5.27385598E8,"url":"https://www.tronvietnam.com/","latestBlockNumber":1.7299301E7,"producedTotal":594831.0,"name":"TRONVIETNAM","producer":false,"votes":148275995,"missedTotal":9060.0,"producedTrx":0,"votesPercentage":0.6115119911435587},{"producePercentage":99.571136827774,"address":"TN2MEB71iox2mDwwngdTrUyUZXeENcb79F","latestSlotNumber":5.27032788E8,"url":"https://www.tron-europe.org","latestBlockNumber":1.6947364E7,"producedTotal":438810.0,"name":"SR-TRON-Europe","producer":false,"votes":169410377,"missedTotal":1890.0,"producedTrx":0,"vo"
12:57:38.710 [TestNG-tests-1] DEBUG org.apache.http.wire -  << "tesPercentage":0.6986732880103145},{"producePercentage":98.66475833192578,"address":"TGfUjDNr5Huk8DumHfmzY2ksE6RRYpuGLG","latestSlotNumber":5.24159989E8,"url":"https://www.beatzcoin.io/","latestBlockNumber":1.4077587E7,"producedTotal":221974.0,"name":"BeatzCoin","producer":false,"votes":26812811,"missedTotal":3004.0,"producedTrx":0,"votesPercentage":0.11057997245451576},{"producePercentage":98.57857284741128,"address":"TQwqK8LhHGria5gkkfCVqQfE5mSwpvdp3B","latestSlotNumber":5.18255974E8,"url":"https://tron-society.com","latestBlockNumber":8208429.0,"producedTotal":168733.0,"name":"Tron-Society","producer":false,"votes":30699903,"missedTotal":2433.0,"producedTrx":0,"votesPercentage":0.12661091103414354},{"producePercentage":0.0,"address":"TWGGB35HUudizmcLheQN7kANDnD8KfgKkK","latestSlotNumber":0.0,"url":"https://www.tron-family.de","latestBlockNumber":0.0,"producedTotal":0.0,"name":"TRON-Family","producer":false,"votes":4480843,"missedTotal":0.0,"producedTrx":0,"votesPercentage":0.018479654949755536}],"state":"DISAPPROVED","totalVotes":20,"validVotes":18,"createSelf":false},{"proposalId":22,"proposer":{"producePercentage":99.39076958445888,"address":"TVFKwzE8qeETLaZEHMx2tjEsdnujAgAWaA","latestSlotNumber":5.28428325E8,"url":"http://blockchain.org","latestBlockNumber":1.8340827E7,"producedTotal":432325.0,"name":"BlockchainOrg","producer":tr"
12:57:38.710 [TestNG-tests-1] DEBUG org.apache.http.wire -  << "ue,"votes":317451639,"missedTotal":2650.0,"producedTrx":0,"votesPercentage":1.3092172057700655},"paramters":[{"value":1,"key":30}],"expirationTime":1572523200000,"createTime":1572248358000,"approveSelf":false,"typeApprovals":{"candidate":[],"partner":[],"sr":[{"producePercentage":99.72781769820159,"address":"TFA1qpUkQ1yBDw4pgZKx25wEZAqkjGoZo1","latestSlotNumber":5.28428301E8,"url":"https://twitter.com/justinsuntron","latestBlockNumber":1.8340803E7,"producedTotal":628011.0,"name":"JustinSunTron","producer":true,"votes":311446630,"missedTotal":1714.0,"producedTrx":0,"votesPercentage":1.2844516662744447},{"producePercentage":98.49972925577629,"address":"TBXB5tobBPCFkC8ihFDBWjaiwW2iSpzSfr","latestSlotNumber":5.27385598E8,"url":"https://www.tronvietnam.com/","latestBlockNumber":1.7299301E7,"producedTotal":594831.0,"name":"TRONVIETNAM","producer":false,"votes":148275995,"missedTotal":9060.0,"producedTrx":0,"votesPercentage":0.6115119911435587},{"producePercentage":98.57857284741128,"address":"TQwqK8LhHGria5gkkfCVqQfE5mSwpvdp3B","latestSlotNumber":5.18255974E8,"url":"https://tron-society.com","latestBlockNumber":8208429.0,"producedTotal":168733.0,"name":"Tron-Society","producer":false,"votes":30699903,"missedTotal":2433.0,"producedTrx":0,"votesPercentage":0.12661091103414354},{"producePercentage":0.0,"address":"TWGGB35HUudizmcLheQN7kANDnD8Kfg"
12:57:38.712 [TestNG-tests-1] DEBUG org.apache.http.wire -  << "KkK","latestSlotNumber":0.0,"url":"https://www.tron-family.de","latestBlockNumber":0.0,"producedTotal":0.0,"name":"TRON-Family","producer":false,"votes":4480843,"missedTotal":0.0,"producedTrx":0,"votesPercentage":0.018479654949755536},{"producePercentage":99.64979360077398,"address":"TKSXDA8HfE9E1y39RczVQ1ZascUEtaSToF","latestSlotNumber":5.28428299E8,"url":"http://cryptochain.network","latestBlockNumber":1.8340801E7,"producedTotal":644781.0,"name":"CryptoChain","producer":true,"votes":316549660,"missedTotal":2266.0,"producedTrx":0,"votesPercentage":1.3054973118367308},{"producePercentage":99.28374526180674,"address":"TGj1Ej1qRzL9feLTLhjwgxXF4Ct6GTWg2U","latestSlotNumber":5.28428314E8,"url":"http://www.skypeople.co.kr","latestBlockNumber":1.8340816E7,"producedTotal":676026.0,"name":"Skypeople","producer":true,"votes":982129390,"missedTotal":4877.0,"producedTrx":0,"votesPercentage":4.050445919041101},{"producePercentage":99.571136827774,"address":"TN2MEB71iox2mDwwngdTrUyUZXeENcb79F","latestSlotNumber":5.27032788E8,"url":"https://www.tron-europe.org","latestBlockNumber":1.6947364E7,"producedTotal":438810.0,"name":"SR-TRON-Europe","producer":false,"votes":169410377,"missedTotal":1890.0,"producedTrx":0,"votesPercentage":0.6986732880103145},{"producePercentage":99.64490380523401,"address":"TTcYhypP8m4phDhN6oRexz2174zAerjEWP","latestSlotNumbe"
12:57:38.712 [TestNG-tests-1] DEBUG org.apache.http.wire -  << "r":5.28428319E8,"url":"https://www.cryptoguyinza.co.za/","latestBlockNumber":1.8340821E7,"producedTotal":653269.0,"name":"CryptoGuyInZA","producer":true,"votes":382448060,"missedTotal":2328.0,"producedTrx":0,"votesPercentage":1.5772719965871158},{"producePercentage":99.77451211951227,"address":"TE7hnUtWRRBz3SkFrX8JESWUmEvxxAhoPt","latestSlotNumber":5.28428312E8,"url":"https://www.tronwallet.me/","latestBlockNumber":1.8340814E7,"producedTotal":540714.0,"name":"TronWalletMe","producer":true,"votes":287498369,"missedTotal":1222.0,"producedTrx":0,"votesPercentage":1.1856855189386224},{"producePercentage":99.43899287693867,"address":"TTMNxTmRpBZnjtUnohX84j25NLkTqDga7j","latestSlotNumber":5.28428324E8,"url":"https://tronspark.com","latestBlockNumber":1.8340826E7,"producedTotal":621087.0,"name":"TronSpark","producer":true,"votes":326489461,"missedTotal":3504.0,"producedTrx":0,"votesPercentage":1.3464905117210462},{"producePercentage":99.559248824381,"address":"TV9QitxEJ3pdiAUAfJ2QuPxLKp9qTTR3og","latestSlotNumber":5.28428315E8,"url":"https://www.bitguild.com","latestBlockNumber":1.8340817E7,"producedTotal":587302.0,"name":"BitGuild","producer":true,"votes":717572645,"missedTotal":2600.0,"producedTrx":0,"votesPercentage":2.959375028534457},{"producePercentage":98.66475833192578,"address":"TGfUjDNr5Huk8DumHfmzY2ksE6RRYpuGLG","latestSlotNumber":"
12:57:38.714 [TestNG-tests-1] DEBUG org.apache.http.wire -  << "5.24159989E8,"url":"https://www.beatzcoin.io/","latestBlockNumber":1.4077587E7,"producedTotal":221974.0,"name":"BeatzCoin","producer":false,"votes":26812811,"missedTotal":3004.0,"producedTrx":0,"votesPercentage":0.11057997245451576},{"producePercentage":0.0,"address":"TDGy2M9qWBepSHDEutWWxWd1JZfmAed3BP","latestSlotNumber":0.0,"url":"http://www.communitynode.org/","latestBlockNumber":0.0,"producedTotal":0.0,"name":"CommunityNode","producer":false,"votes":2428751,"missedTotal":0.0,"producedTrx":0,"votesPercentage":0.010016526006127353},{"producePercentage":98.7338106812906,"address":"TJ2aDMgeipmoZRuUEru2ri8t7TGkxnm6qY","latestSlotNumber":5.28428311E8,"url":"https://www.huobipool.com","latestBlockNumber":1.8340813E7,"producedTotal":613758.0,"name":"Huobi_pool","producer":true,"votes":287939588,"missedTotal":7871.0,"producedTrx":0,"votesPercentage":1.1875051709276068},{"producePercentage":99.40907431398858,"address":"TSNbzxac4WhxN91XvaUfPTKP2jNT18mP6T","latestSlotNumber":5.28428303E8,"url":"https://www.bittorrent.com/","latestBlockNumber":1.8340805E7,"producedTotal":645315.0,"name":"BitTorrent","producer":true,"votes":297079432,"missedTotal":3836.0,"producedTrx":0,"votesPercentage":1.225199230597761},{"producePercentage":99.39076958445888,"address":"TVFKwzE8qeETLaZEHMx2tjEsdnujAgAWaA","latestSlotNumber":5.28428325E8,"url":"http://blockchai"
12:57:38.714 [TestNG-tests-1] DEBUG org.apache.http.wire -  << "n.org","latestBlockNumber":1.8340827E7,"producedTotal":432325.0,"name":"BlockchainOrg","producer":true,"votes":317451639,"missedTotal":2650.0,"producedTrx":0,"votesPercentage":1.3092172057700655},{"producePercentage":99.69627836667317,"address":"TY65QiDt4hLTMpf3WRzcX357BnmdxT2sw9","latestSlotNumber":5.28428323E8,"url":"https://www.utorrent.com/","latestBlockNumber":1.8340825E7,"producedTotal":645009.0,"name":"uTorrent","producer":true,"votes":330853949,"missedTotal":1965.0,"producedTrx":0,"votesPercentage":1.3644903015535281},{"producePercentage":99.63845358596802,"address":"TNaJADoq1u2atryP1ZzwvmEE4ZBELXfMqw","latestSlotNumber":5.28428305E8,"url":"http://zempty.peiwo.cn/","latestBlockNumber":1.8340807E7,"producedTotal":511770.0,"name":"callmeSR","producer":true,"votes":295527279,"missedTotal":1857.0,"producedTrx":0,"votesPercentage":1.218797923551469},{"producePercentage":99.70984621379827,"address":"TTW663tQYJTTCtHh6DWKAfexRhPMf2DxQ1","latestSlotNumber":5.284283E8,"url":"http://tronalliance.org","latestBlockNumber":1.8340802E7,"producedTotal":424745.0,"name":"TRONALLIANCE","producer":true,"votes":311978679,"missedTotal":1236.0,"producedTrx":0,"votesPercentage":1.2866459145300435},{"producePercentage":99.96986449413916,"address":"TUD4YXYdj2t1gP5th3A7t97mx1AUmrrQRt","l"
12:57:38.814 [TestNG-tests-1] DEBUG org.apache.http.wire -  << "atestSlotNumber":5.2842832E8,"url":"https://www.trongrid.io","latestBlockNumber":1.8340822E7,"producedTotal":288609.0,"name":"TRONGrid","producer":true,"votes":368358512,"missedTotal":87.0,"producedTrx":0,"votesPercentage":1.5191646303084898},{"producePercentage":99.3357973110504,"address":"TSzoLaVCdSNDpNxgChcFt9rSRF5wWAZiR4","latestSlotNumber":5.28428304E8,"url":"http://trx.market","latestBlockNumber":1.8340806E7,"producedTotal":611985.0,"name":"TRXMarket","producer":true,"votes":296064343,"missedTotal":4092.0,"producedTrx":0,"votesPercentage":1.2210128544039751},{"producePercentage":99.88217999437923,"address":"TCEo1hMAdaJrQmvnGTCcGT2LqrGU4N7Jqf","latestSlotNumber":5.28428302E8,"url":"https://tronscan.org","latestBlockNumber":1.8340804E7,"producedTotal":369620.0,"name":"TRONScan","producer":true,"votes":305414830,"missedTotal":436.0,"producedTrx":0,"votesPercentage":1.259575636758138},{"producePercentage":99.90926263517805,"address":"TWkpg1ZQ4fTv7sj41zBUTMo1kuJEUWTere","latestSlotNumber":5.28428321E8,"url":"https://tronlink.org","latestBlockNumber":1.8340823E7,"producedTotal":363357.0,"name":"TRONLink","producer":true,"votes":346070027,"missedTotal":330.0,"producedTrx":0,"votesPercentage":1.4272436430851476}]},"approvals":[{"producePercentage":99.72781769820159,"address":"TFA1qpUkQ1yBDw4pgZKx25wEZAqkjGoZo1","latestSlotNumber":5.28428"
12:57:38.814 [TestNG-tests-1] DEBUG org.apache.http.wire -  << "301E8,"url":"https://twitter.com/justinsuntron","latestBlockNumber":1.8340803E7,"producedTotal":628011.0,"name":"JustinSunTron","producer":true,"votes":311446630,"missedTotal":1714.0,"producedTrx":0,"votesPercentage":1.2844516662744447},{"producePercentage":98.49972925577629,"address":"TBXB5tobBPCFkC8ihFDBWjaiwW2iSpzSfr","latestSlotNumber":5.27385598E8,"url":"https://www.tronvietnam.com/","latestBlockNumber":1.7299301E7,"producedTotal":594831.0,"name":"TRONVIETNAM","producer":false,"votes":148275995,"missedTotal":9060.0,"producedTrx":0,"votesPercentage":0.6115119911435587},{"producePercentage":98.57857284741128,"address":"TQwqK8LhHGria5gkkfCVqQfE5mSwpvdp3B","latestSlotNumber":5.18255974E8,"url":"https://tron-society.com","latestBlockNumber":8208429.0,"producedTotal":168733.0,"name":"Tron-Society","producer":false,"votes":30699903,"missedTotal":2433.0,"producedTrx":0,"votesPercentage":0.12661091103414354},{"producePercentage":0.0,"address":"TWGGB35HUudizmcLheQN7kANDnD8KfgKkK","latestSlotNumber":0.0,"url":"https://www.tron-family.de","latestBlockNumber":0.0,"producedTotal":0.0,"name":"TRON-Family","producer":false,"votes":4480843,"missedTotal":0.0,"producedTrx":0,"votesPercentage":0.018479654949755536},{"producePercentage":99.64979360077398,"address":"TKSXDA8HfE9E1y39RczVQ1ZascUEtaSToF","latestSlotNumber":5.28428299E8,"url":"http://crypt"
12:57:38.815 [TestNG-tests-1] DEBUG org.apache.http.wire -  << "ochain.network","latestBlockNumber":1.8340801E7,"producedTotal":644781.0,"name":"CryptoChain","producer":true,"votes":316549660,"missedTotal":2266.0,"producedTrx":0,"votesPercentage":1.3054973118367308},{"producePercentage":99.28374526180674,"address":"TGj1Ej1qRzL9feLTLhjwgxXF4Ct6GTWg2U","latestSlotNumber":5.28428314E8,"url":"http://www.skypeople.co.kr","latestBlockNumber":1.8340816E7,"producedTotal":676026.0,"name":"Skypeople","producer":true,"votes":982129390,"missedTotal":4877.0,"producedTrx":0,"votesPercentage":4.050445919041101},{"producePercentage":99.571136827774,"address":"TN2MEB71iox2mDwwngdTrUyUZXeENcb79F","latestSlotNumber":5.27032788E8,"url":"https://www.tron-europe.org","latestBlockNumber":1.6947364E7,"producedTotal":438810.0,"name":"SR-TRON-Europe","producer":false,"votes":169410377,"missedTotal":1890.0,"producedTrx":0,"votesPercentage":0.6986732880103145},{"producePercentage":99.64490380523401,"address":"TTcYhypP8m4phDhN6oRexz2174zAerjEWP","latestSlotNumber":5.28428319E8,"url":"https://www.cryptoguyinza.co.za/","latestBlockNumber":1.8340821E7,"producedTotal":653269.0,"name":"CryptoGuyInZA","producer":true,"votes":382448060,"missedTotal":2328.0,"producedTrx":0,"votesPercentage":1.5772719965871158},{"producePercentage":99.77451211951227,"address":"TE7hnUtWRRBz3SkFrX8JESWUmEvxxAhoPt","latestSlotNumber":5.28428312E8,"url":"h"
12:57:38.815 [TestNG-tests-1] DEBUG org.apache.http.wire -  << "ttps://www.tronwallet.me/","latestBlockNumber":1.8340814E7,"producedTotal":540714.0,"name":"TronWalletMe","producer":true,"votes":287498369,"missedTotal":1222.0,"producedTrx":0,"votesPercentage":1.1856855189386224},{"producePercentage":99.43899287693867,"address":"TTMNxTmRpBZnjtUnohX84j25NLkTqDga7j","latestSlotNumber":5.28428324E8,"url":"https://tronspark.com","latestBlockNumber":1.8340826E7,"producedTotal":621087.0,"name":"TronSpark","producer":true,"votes":326489461,"missedTotal":3504.0,"producedTrx":0,"votesPercentage":1.3464905117210462},{"producePercentage":99.559248824381,"address":"TV9QitxEJ3pdiAUAfJ2QuPxLKp9qTTR3og","latestSlotNumber":5.28428315E8,"url":"https://www.bitguild.com","latestBlockNumber":1.8340817E7,"producedTotal":587302.0,"name":"BitGuild","producer":true,"votes":717572645,"missedTotal":2600.0,"producedTrx":0,"votesPercentage":2.959375028534457},{"producePercentage":98.66475833192578,"address":"TGfUjDNr5Huk8DumHfmzY2ksE6RRYpuGLG","latestSlotNumber":5.24159989E8,"url":"https://www.beatzcoin.io/","latestBlockNumber":1.4077587E7,"producedTotal":221974.0,"name":"BeatzCoin","producer":false,"votes":26812811,"missedTotal":3004.0,"producedTrx":0,"votesPercentage":0.11057997245451576},{"producePercentage":0.0,"address":"TDGy2M9qWBepSHDEutWWxWd1JZfmAed3BP","latestSlotNumber":0.0,"url":"http://www.communitynode.org/","lates"
12:57:38.815 [TestNG-tests-1] DEBUG org.apache.http.wire -  << "tBlockNumber":0.0,"producedTotal":0.0,"name":"CommunityNode","producer":false,"votes":2428751,"missedTotal":0.0,"producedTrx":0,"votesPercentage":0.010016526006127353},{"producePercentage":98.7338106812906,"address":"TJ2aDMgeipmoZRuUEru2ri8t7TGkxnm6qY","latestSlotNumber":5.28428311E8,"url":"https://www.huobipool.com","latestBlockNumber":1.8340813E7,"producedTotal":613758.0,"name":"Huobi_pool","producer":true,"votes":287939588,"missedTotal":7871.0,"producedTrx":0,"votesPercentage":1.1875051709276068},{"producePercentage":99.40907431398858,"address":"TSNbzxac4WhxN91XvaUfPTKP2jNT18mP6T","latestSlotNumber":5.28428303E8,"url":"https://www.bittorrent.com/","latestBlockNumber":1.8340805E7,"producedTotal":645315.0,"name":"BitTorrent","producer":true,"votes":297079432,"missedTotal":3836.0,"producedTrx":0,"votesPercentage":1.225199230597761},{"producePercentage":99.39076958445888,"address":"TVFKwzE8qeETLaZEHMx2tjEsdnujAgAWaA","latestSlotNumber":5.28428325E8,"url":"http://blockchain.org","latestBlockNumber":1.8340827E7,"producedTotal":432325.0,"name":"BlockchainOrg","producer":true,"votes":317451639,"missedTotal":2650.0,"producedTrx":0,"votesPercentage":1.3092172057700655},{"producePercentage":99.69627836667317,"address":"TY65QiDt4hLTMpf3WRzcX357BnmdxT2sw9","latestSlotNumber":5.28428323E8,"url":"https://www.utorrent.com/","latestBlockNumber":1.8340825E7,"producedTotal":645009.0,"name":"uTorrent","producer":true,"votes":330853949,"missedTotal":1965.0,"producedTrx":0,"votesPercentage":1.3644903015535281},{"producePercentage":99.63845358596802,"address":"TNaJADoq1u2atryP1ZzwvmEE4ZBELXfMqw","latestSlotNumber":5.28428305E8,"url":"http://zempty.peiwo.cn/","latestBlockNumber":1.8340807E7,"producedTotal":511770.0,"name":"callmeSR","producer":true,"votes":295527279,"missedTotal":1857.0,"producedTrx":0,"votesPercentage":1.218797923551469},{"producePercentage":99.70984621379827,"address":"TTW663tQYJTTCtHh6DWKAfexRhPMf2DxQ1","latestSlotNumber":5.284283E8,"url":"http://tronalliance.org","latestBlockNumber":1.8340802E7,"producedTotal":424745.0,"name":"TRONALLIANCE","producer":true,"votes":311978679,"missedTotal":1236.0,"producedTrx":0,"votesPercentage":1.2866459145300435},{"producePercentage":99.96986449413916,"address":"TUD4YXYdj2t1gP5th3A7t97mx1AUmrrQRt","latestSlotNumber":5.2842832E8,"url":"https://www.trongrid.io","latestBlockNumber":1.8340822E7,"producedTotal":288609.0,"name":"TRONGrid","producer":true,"votes":368358512,"missedTotal":87.0,"producedTrx":0,"votesPercentage":1.5191646303084898},{"producePercentage":99.3357973110504,"address":"TSzoLaVCdSNDpNxgChcFt9rSRF5wWAZiR4","latestSlotNumber":5.28428304E8,"url":"http://trx.market","latestBlockNumber":1.8340806E7,"producedTotal":611985"
12:57:38.950 [TestNG-tests-1] DEBUG org.apache.http.wire -  << ".0,"name":"TRXMarket","producer":true,"votes":296064343,"missedTotal":4092.0,"producedTrx":0,"votesPercentage":1.2210128544039751},{"producePercentage":99.88217999437923,"address":"TCEo1hMAdaJrQmvnGTCcGT2LqrGU4N7Jqf","latestSlotNumber":5.28428302E8,"url":"https://tronscan.org","latestBlockNumber":1.8340804E7,"producedTotal":369620.0,"name":"TRONScan","producer":true,"votes":305414830,"missedTotal":436.0,"producedTrx":0,"votesPercentage":1.259575636758138},{"producePercentage":99.90926263517805,"address":"TWkpg1ZQ4fTv7sj41zBUTMo1kuJEUWTere","latestSlotNumber":5.28428321E8,"url":"https://tronlink.org","latestBlockNumber":1.8340823E7,"producedTotal":363357.0,"name":"TRONLink","producer":true,"votes":346070027,"missedTotal":330.0,"producedTrx":0,"votesPercentage":1.4272436430851476}],"state":"APPROVED","totalVotes":23,"validVotes":23,"createSelf":false},{"proposalId":21,"proposer":{"producePercentage":0.0,"address":"TDGy2M9qWBepSHDEutWWxWd1JZfmAed3BP","latestSlotNumber":0.0,"url":"http://www.communitynode.org/","latestBlockNumber":0.0,"producedTotal":0.0,"name":"CommunityNode","producer":false,"votes":2428751,"missedTotal":0.0,"producedTrx":0,"votesPercentage":0.010016526006127353},"paramters":[{"value":172800000000,"key":6}],"expirationTime":1571421600000,"createTime":1571142534000,"approveSelf":false,"typeApprovals":{"candidate":[],"partner":[],"sr":[{"producePercentage":0.0,"address":"TDGy2M9qWBepSHDEutWWxWd1JZfmAed3BP","latestSlotNumber":0.0,"url":"http://www.communitynode.org/","latestBlockNumber":0.0,"producedTotal":0.0,"name":"CommunityNode","producer":false,"votes":2428751,"missedTotal":0.0,"producedTrx":0,"votesPercentage":0.010016526006127353}]},"approvals":[{"producePercentage":0.0,"address":"TDGy2M9qWBepSHDEutWWxWd1JZfmAed3BP","latestSlotNumber":0.0,"url":"http://www.communitynode.org/","latestBlockNumber":0.0,"producedTotal":0.0,"name":"CommunityNode","producer":false,"votes":2428751,"missedTotal":0.0,"producedTrx":0,"votesPercentage":0.010016526006127353}],"state":"CANCELED","totalVotes":1,"validVotes":1,"createSelf":false},{"proposalId":20,"proposer":{"producePercentage":0.0,"address":"TDGy2M9qWBepSHDEutWWxWd1JZfmAed3BP","latestSlotNumber":0.0,"url":"http://www.communitynode.org/","latestBlockNumber":0.0,"producedTotal":0.0,"name":"CommunityNode","producer":false,"votes":2428751,"missedTotal":0.0,"producedTrx":0,"votesPercentage":0.010016526006127353},"paramters":[{"value":64000000,"key":5}],"expirationTime":1571421600000,"createTime":1571142435000,"approveSelf":false,"typeApprovals":{"candidate":[],"partner":[],"sr":[{"producePercentage":0.0,"address":"TDGy2M9qWBepSHDEutWWxWd1JZfmAed3BP","latestSlotNumber":0.0,"url":"http://www.communitynode.org/","lates"
12:57:38.954 [TestNG-tests-1] DEBUG org.apache.http.wire -  << "tBlockNumber":0.0,"producedTotal":0.0,"name":"CommunityNode","producer":false,"votes":2428751,"missedTotal":0.0,"producedTrx":0,"votesPercentage":0.010016526006127353}]},"approvals":[{"producePercentage":0.0,"address":"TDGy2M9qWBepSHDEutWWxWd1JZfmAed3BP","latestSlotNumber":0.0,"url":"http://www.communitynode.org/","latestBlockNumber":0.0,"producedTotal":0.0,"name":"CommunityNode","producer":false,"votes":2428751,"missedTotal":0.0,"producedTrx":0,"votesPercentage":0.010016526006127353}],"state":"CANCELED","totalVotes":1,"validVotes":1,"createSelf":false},{"proposalId":19,"proposer":{"producePercentage":99.72781769820159,"address":"TFA1qpUkQ1yBDw4pgZKx25wEZAqkjGoZo1","latestSlotNumber":5.28428301E8,"url":"https://twitter.com/justinsuntron","latestBlockNumber":1.8340803E7,"producedTotal":628011.0,"name":"JustinSunTron","producer":true,"votes":311446630,"missedTotal":1714.0,"producedTrx":0,"votesPercentage":1.2844516662744447},"paramters":[{"value":1,"key":24}],"expirationTime":1564120800000,"createTime":1563853236000,"approveSelf":false,"typeApprovals":{"candidate":[],"partner":[],"sr":[]},"approvals":[],"state":"DISAPPROVED","totalVotes":0,"validVotes":0,"createSelf":false},{"proposalId":18,"proposer":{"producePercentage":99.03690739388165,"address":"TPRxUBEakukBMwTScCHgvCPSBYk5UhfboJ","latestSlotNumber":5.2408798E8,"url":"http://www.cry"
12:57:38.954 [TestNG-tests-1] DEBUG org.apache.http.wire -  << "ptodiva.io/","latestBlockNumber":1.4005616E7,"producedTotal":503055.0,"name":"CryptoDivaSR","producer":false,"votes":1840665,"missedTotal":4892.0,"producedTrx":0,"votesPercentage":0.007591172928418107},"paramters":[{"value":1,"key":26}],"expirationTime":1562587200000,"createTime":1562315022000,"approveSelf":false,"typeApprovals":{"candidate":[],"partner":[],"sr":[{"producePercentage":99.03690739388165,"address":"TPRxUBEakukBMwTScCHgvCPSBYk5UhfboJ","latestSlotNumber":5.2408798E8,"url":"http://www.cryptodiva.io/","latestBlockNumber":1.4005616E7,"producedTotal":503055.0,"name":"CryptoDivaSR","producer":false,"votes":1840665,"missedTotal":4892.0,"producedTrx":0,"votesPercentage":0.007591172928418107},{"producePercentage":98.42101945113939,"address":"TEKUPpjTMKWw9LJZ9YJ4enhCjAmVXSL7M6","latestSlotNumber":5.21575194E8,"url":"http://www.lianjinshu.com","latestBlockNumber":1.1497746E7,"producedTotal":405906.0,"name":"lianjinshu","producer":false,"votes":6265075,"missedTotal":6512.0,"producedTrx":0,"votesPercentage":0.025838089893874806},{"producePercentage":98.66475833192578,"address":"TGfUjDNr5Huk8DumHfmzY2ksE6RRYpuGLG","latestSlotNumber":5.24159989E8,"url":"https://www.beatzcoin.io/","latestBlockNumber":1.4077587E7,"producedTotal":221974.0,"name":"BeatzCoin","producer":false,"votes":26812811,"missedTotal":3004.0,"producedTrx":0,"votesPercent"
12:57:38.954 [TestNG-tests-1] DEBUG org.apache.http.wire -  << "age":0.11057997245451576},{"producePercentage":99.64979360077398,"address":"TKSXDA8HfE9E1y39RczVQ1ZascUEtaSToF","latestSlotNumber":5.28428299E8,"url":"http://cryptochain.network","latestBlockNumber":1.8340801E7,"producedTotal":644781.0,"name":"CryptoChain","producer":true,"votes":316549660,"missedTotal":2266.0,"producedTrx":0,"votesPercentage":1.3054973118367308},{"producePercentage":99.57515373981028,"address":"TPMGfspxLQGom8sKutrbHcDKtHjRHFbGKw","latestSlotNumber":5.28428322E8,"url":"https://infstones.io/","latestBlockNumber":1.8340824E7,"producedTotal":522197.0,"name":"Infinity-Stones","producer":true,"votes":331328946,"missedTotal":2228.0,"producedTrx":0,"votesPercentage":1.366449258977872},{"producePercentage":99.02021463966287,"address":"TYVJ8JuQ6ctzCa2u79MFmvvNQ1U2tYQEUM","latestSlotNumber":5.25232781E8,"url":"http://tronone.com","latestBlockNumber":1.5149942E7,"producedTotal":518353.0,"name":"TRON-ONE","producer":false,"votes":46899291,"missedTotal":5129.0,"producedTrx":0,"votesPercentage":0.19341956749392364},{"producePercentage":99.559248824381,"address":"TV9QitxEJ3pdiAUAfJ2QuPxLKp9qTTR3og","latestSlotNumber":5.28428315E8,"url":"https://www.bitguild.com","latestBlockNumber":1.8340817E7,"producedTotal":587302.0,"name":"BitGuild","producer":true,"votes":717572645,"missedTotal":2600.0,"producedTrx":0,"votesPercentage":2.95937502"
12:57:38.955 [TestNG-tests-1] DEBUG org.apache.http.wire -  << "8534457},{"producePercentage":98.7338106812906,"address":"TJ2aDMgeipmoZRuUEru2ri8t7TGkxnm6qY","latestSlotNumber":5.28428311E8,"url":"https://www.huobipool.com","latestBlockNumber":1.8340813E7,"producedTotal":613758.0,"name":"Huobi_pool","producer":true,"votes":287939588,"missedTotal":7871.0,"producedTrx":0,"votesPercentage":1.1875051709276068},{"producePercentage":99.72781769820159,"address":"TFA1qpUkQ1yBDw4pgZKx25wEZAqkjGoZo1","latestSlotNumber":5.28428301E8,"url":"https://twitter.com/justinsuntron","latestBlockNumber":1.8340803E7,"producedTotal":628011.0,"name":"JustinSunTron","producer":true,"votes":311446630,"missedTotal":1714.0,"producedTrx":0,"votesPercentage":1.2844516662744447},{"producePercentage":99.40907431398858,"address":"TSNbzxac4WhxN91XvaUfPTKP2jNT18mP6T","latestSlotNumber":5.28428303E8,"url":"https://www.bittorrent.com/","latestBlockNumber":1.8340805E7,"producedTotal":645315.0,"name":"BitTorrent","producer":true,"votes":297079432,"missedTotal":3836.0,"producedTrx":0,"votesPercentage":1.225199230597761},{"producePercentage":99.64490380523401,"address":"TTcYhypP8m4phDhN6oRexz2174zAerjEWP","latestSlotNumber":5.28428319E8,"url":"https://www.cryptoguyinza.co.za/","latestBlockNumber":1.8340821E7,"producedTotal":653269.0,"name":"CryptoGuyInZA","producer":true,"votes":382448060,"missedTotal":2328.0,"producedTrx":0,"votesPercent"
12:57:39.053 [TestNG-tests-1] DEBUG org.apache.http.wire -  << "age":1.5772719965871158},{"producePercentage":99.77451211951227,"address":"TE7hnUtWRRBz3SkFrX8JESWUmEvxxAhoPt","latestSlotNumber":5.28428312E8,"url":"https://www.tronwallet.me/","latestBlockNumber":1.8340814E7,"producedTotal":540714.0,"name":"TronWalletMe","producer":true,"votes":287498369,"missedTotal":1222.0,"producedTrx":0,"votesPercentage":1.1856855189386224},{"producePercentage":99.28374526180674,"address":"TGj1Ej1qRzL9feLTLhjwgxXF4Ct6GTWg2U","latestSlotNumber":5.28428314E8,"url":"http://www.skypeople.co.kr","latestBlockNumber":1.8340816E7,"producedTotal":676026.0,"name":"Skypeople","producer":true,"votes":982129390,"missedTotal":4877.0,"producedTrx":0,"votesPercentage":4.050445919041101},{"producePercentage":99.73090323188148,"address":"TVa6MF7SgZa8PToLoQ9PNq6KQHyTXLBz1p","latestSlotNumber":5.28428306E8,"url":"http://krypto-knight.us/","latestBlockNumber":1.8340808E7,"producedTotal":476609.0,"name":"KryptoKnight","producer":true,"votes":295241924,"missedTotal":1286.0,"producedTrx":0,"votesPercentage":1.2176210776012344},{"producePercentage":98.49972925577629,"address":"TBXB5tobBPCFkC8ihFDBWjaiwW2iSpzSfr","latestSlotNumber":5.27385598E8,"url":"https://www.tronvietnam.com/","latestBlockNumber":1.7299301E7,"producedTotal":594831.0,"name":"TRONVIETNAM","producer":false,"votes":148275995,"missedTotal":9060.0,"producedTrx":0,"votesPercentage":0.6115119911435587},{"producePercentage":99.571136827774,"address":"TN2MEB71iox2mDwwngdTrUyUZXeENcb79F","latestSlotNumber":5.27032788E8,"url":"https://www.tron-europe.org","latestBlockNumber":1.6947364E7,"producedTotal":438810.0,"name":"SR-TRON-Europe","producer":false,"votes":169410377,"missedTotal":1890.0,"producedTrx":0,"votesPercentage":0.6986732880103145},{"producePercentage":99.69627836667317,"address":"TY65QiDt4hLTMpf3WRzcX357BnmdxT2sw9","latestSlotNumber":5.28428323E8,"url":"https://www.utorrent.com/","latestBlockNumber":1.8340825E7,"producedTotal":645009.0,"name":"uTorrent","producer":true,"votes":330853949,"missedTotal":1965.0,"producedTrx":0,"votesPercentage":1.3644903015535281},{"producePercentage":99.3357973110504,"address":"TSzoLaVCdSNDpNxgChcFt9rSRF5wWAZiR4","latestSlotNumber":5.28428304E8,"url":"http://trx.market","latestBlockNumber":1.8340806E7,"producedTotal":611985.0,"name":"TRXMarket","producer":true,"votes":296064343,"missedTotal":4092.0,"producedTrx":0,"votesPercentage":1.2210128544039751},{"producePercentage":99.88217999437923,"address":"TCEo1hMAdaJrQmvnGTCcGT2LqrGU4N7Jqf","latestSlotNumber":5.28428302E8,"url":"https://tronscan.org","latestBlockNumber":1.8340804E7,"producedTotal":369620.0,"name":"TRONScan","producer":true,"votes":305414830,"missedTotal":436.0,"producedTrx":0,"votesPercentage":1.2595756367"
12:57:39.055 [TestNG-tests-1] DEBUG org.apache.http.wire -  << "58138}]},"approvals":[{"producePercentage":99.03690739388165,"address":"TPRxUBEakukBMwTScCHgvCPSBYk5UhfboJ","latestSlotNumber":5.2408798E8,"url":"http://www.cryptodiva.io/","latestBlockNumber":1.4005616E7,"producedTotal":503055.0,"name":"CryptoDivaSR","producer":false,"votes":1840665,"missedTotal":4892.0,"producedTrx":0,"votesPercentage":0.007591172928418107},{"producePercentage":98.42101945113939,"address":"TEKUPpjTMKWw9LJZ9YJ4enhCjAmVXSL7M6","latestSlotNumber":5.21575194E8,"url":"http://www.lianjinshu.com","latestBlockNumber":1.1497746E7,"producedTotal":405906.0,"name":"lianjinshu","producer":false,"votes":6265075,"missedTotal":6512.0,"producedTrx":0,"votesPercentage":0.025838089893874806},{"producePercentage":98.66475833192578,"address":"TGfUjDNr5Huk8DumHfmzY2ksE6RRYpuGLG","latestSlotNumber":5.24159989E8,"url":"https://www.beatzcoin.io/","latestBlockNumber":1.4077587E7,"producedTotal":221974.0,"name":"BeatzCoin","producer":false,"votes":26812811,"missedTotal":3004.0,"producedTrx":0,"votesPercentage":0.11057997245451576},{"producePercentage":99.64979360077398,"address":"TKSXDA8HfE9E1y39RczVQ1ZascUEtaSToF","latestSlotNumber":5.28428299E8,"url":"http://cryptochain.network","latestBlockNumber":1.8340801E7,"producedTotal":644781.0,"name":"CryptoChain","producer":true,"votes":316549660,"missedTotal":2266.0,"producedTrx":0,"votesPercentage":1.3054973118367308},{"producePercentage":99.57515373981028,"address":"TPMGfspxLQGom8sKutrbHcDKtHjRHFbGKw","latestSlotNumber"
12:57:39.055 [TestNG-tests-1] DEBUG org.apache.http.wire -  << "[\r][\n]"
12:57:39.055 [TestNG-tests-1] DEBUG org.apache.http.wire -  << "10cea[\r][\n]"
12:57:39.055 [TestNG-tests-1] DEBUG org.apache.http.wire -  << "":5.28428322E8,"url":"https://infstones.io/","latestBlockNumber":1.8340824E7,"producedTotal":522197.0,"name":"Infinity-Stones","producer":true,"votes":331328946,"missedTotal":2228.0,"producedTrx":0,"votesPercentage":1.366449258977872},{"producePercentage":99.02021463966287,"address":"TYVJ8JuQ6ctzCa2u79MFmvvNQ1U2tYQEUM","latestSlotNumber":5.25232781E8,"url":"http://tronone.com","latestBlockNumber":1.5149942E7,"producedTotal":518353.0,"name":"TRON-ONE","producer":false,"votes":46899291,"missedTotal":5129.0,"producedTrx":0,"votesPercentage":0.19341956749392364},{"producePercentage":99.559248824381,"address":"TV9QitxEJ3pdiAUAfJ2QuPxLKp9qTTR3og","latestSlotNumber":5.28428315E8,"url":"https://www.bitguild.com","latestBlockNumber":1.8340817E7,"producedTotal":587302.0,"name":"BitGuild","producer":true,"votes":717572645,"missedTotal":2600.0,"producedTrx":0,"votesPercentage":2.959375028534457},{"producePercentage":98.7338106812906,"address":"TJ2aDMgeipmoZRuUEru2ri8t7TGkxnm6qY","latestSlotNumber":5.28428311E8,"url":"https://www.huobipool.com","latestBlockNumber":1.8340813E7,"producedTotal":613758.0,"name":"Huobi_pool","producer":true,"votes":287939588,"missedTotal":7871.0,"producedTrx":0,"votesPercentage":1.1875051709276068},{"producePercentage":99.72781769820159,"address":"TFA1qpUkQ1yBDw4pgZKx25wEZAqkjGoZo1","latestSlotNumber":5.28428301E8,"url":"https://twitter.com/justinsuntron","latestBlockNumber":1.8340803E7,"producedTotal":628011.0,"name":"JustinSunTron","producer":true,"votes":311446630,"missedTotal":1714.0,"producedTrx":0,"votesPercentage":1.2844516662744447},{"producePercentage":99.40907431398858,"address":"TSNbzxac4WhxN91XvaUfPTKP2jNT18mP6T","latestSlotNumber":5.28428303E8,"url":"https://www.bittorrent.com/","latestBlockNumber":1.8340805E7,"producedTotal":645315.0,"name":"BitTorrent","producer":true,"votes":297079432,"missedTotal":3836.0,"producedTrx":0,"votesPercentage":1.225199230597761},{"producePercentage":99.64490380523401,"address":"TTcYhypP8m4phDhN6oRexz2174zAerjEWP","latestSlotNumber":5.28428319E8,"url":"https://www.cryptoguyinza.co.za/","latestBlockNumber":1.8340821E7,"producedTotal":653269.0,"name":"CryptoGuyInZA","producer":true,"votes":382448060,"missedTotal":2328.0,"producedTrx":0,"votesPercentage":1.5772719965871158},{"producePercentage":99.77451211951227,"address":"TE7hnUtWRRBz3SkFrX8JESWUmEvxxAhoPt","latestSlotNumber":5.28428312E8,"url":"https://www.tronwallet.me/","latestBlockNumber":1.8340814E7,"producedTotal":540714.0,"name":"TronWalletMe","producer":true,"votes":287498369,"missedTotal":1222.0,"producedTrx":0,"votesP"
12:57:39.055 [TestNG-tests-1] DEBUG org.apache.http.wire -  << "ercentage":1.1856855189386224},{"producePercentage":99.28374526180674,"address":"TGj1Ej1qRzL9feLTLhjwgxXF4Ct6GTWg2U","latestSlotNumber":5.28428314E8,"url":"http://www.skypeople.co.kr","latestBlockNumber":1.8340816E7,"producedTotal":676026.0,"name":"Skypeople","producer":true,"votes":982129390,"missedTotal":4877.0,"producedTrx":0,"votesPercentage":4.050445919041101},{"producePercentage":99.73090323188148,"address":"TVa6MF7SgZa8PToLoQ9PNq6KQHyTXLBz1p","latestSlotNumber":5.28428306E8,"url":"http://krypto-knight.us/","latestBlockNumber":1.8340808E7,"producedTotal":476609.0,"name":"KryptoKnight","producer":true,"votes":295241924,"missedTotal":1286.0,"producedTrx":0,"votesPercentage":1.2176210776012344},{"producePercentage":98.49972925577629,"address":"TBXB5tobBPCFkC8ihFDBWjaiwW2iSpzSfr","latestSlotNumber":5.27385598E8,"url":"https://www.tronvietnam.com/","latestBlockNumber":1.7299301E7,"producedTotal":594831.0,"name":"TRONVIETNAM","producer":false,"votes":148275995,"missedTotal":9060.0,"producedTrx":0,"votesPercentage":0.6115119911435587},{"producePercentage":99.571136827774,"address":"TN2MEB71iox2mDwwngdTrUyUZXeENcb79F","latestSlotNumber":5.27032788E8,"url":"https://www.tron-europe.org","latestBlockNumber":1.6947364E7,"producedTotal":438810.0,"name":"SR-TRON-Europe","producer":false,"votes":169410377,"missedTotal":1890.0,"producedTrx":0,"v"
12:57:39.189 [TestNG-tests-1] DEBUG org.apache.http.wire -  << "otesPercentage":0.6986732880103145},{"producePercentage":99.69627836667317,"address":"TY65QiDt4hLTMpf3WRzcX357BnmdxT2sw9","latestSlotNumber":5.28428323E8,"url":"https://www.utorrent.com/","latestBlockNumber":1.8340825E7,"producedTotal":645009.0,"name":"uTorrent","producer":true,"votes":330853949,"missedTotal":1965.0,"producedTrx":0,"votesPercentage":1.3644903015535281},{"producePercentage":99.3357973110504,"address":"TSzoLaVCdSNDpNxgChcFt9rSRF5wWAZiR4","latestSlotNumber":5.28428304E8,"url":"http://trx.market","latestBlockNumber":1.8340806E7,"producedTotal":611985.0,"name":"TRXMarket","producer":true,"votes":296064343,"missedTotal":4092.0,"producedTrx":0,"votesPercentage":1.2210128544039751},{"producePercentage":99.88217999437923,"address":"TCEo1hMAdaJrQmvnGTCcGT2LqrGU4N7Jqf","latestSlotNumber":5.28428302E8,"url":"https://tronscan.org","latestBlockNumber":1.8340804E7,"producedTotal":369620.0,"name":"TRONScan","producer":true,"votes":305414830,"missedTotal":436.0,"producedTrx":0,"votesPercentage":1.259575636758138}],"state":"APPROVED","totalVotes":19,"validVotes":19,"createSelf":false},{"proposalId":17,"proposer":{"producePercentage":99.02021463966287,"address":"TYVJ8JuQ6ctzCa2u79MFmvvNQ1U2tYQEUM","latestSlotNumber":5.25232781E8,"url":"http://tronone.com","latestBlockNumber":1.5149942E7,"producedTotal":518353.0,"name":"TRON-ONE","produce"
12:57:39.189 [TestNG-tests-1] DEBUG org.apache.http.wire -  << "r":false,"votes":46899291,"missedTotal":5129.0,"producedTrx":0,"votesPercentage":0.19341956749392364},"paramters":[{"value":1,"key":20}],"expirationTime":1553148000000,"createTime":1552887978000,"approveSelf":false,"typeApprovals":{"candidate":[],"partner":[],"sr":[{"producePercentage":99.02021463966287,"address":"TYVJ8JuQ6ctzCa2u79MFmvvNQ1U2tYQEUM","latestSlotNumber":5.25232781E8,"url":"http://tronone.com","latestBlockNumber":1.5149942E7,"producedTotal":518353.0,"name":"TRON-ONE","producer":false,"votes":46899291,"missedTotal":5129.0,"producedTrx":0,"votesPercentage":0.19341956749392364},{"producePercentage":98.7338106812906,"address":"TJ2aDMgeipmoZRuUEru2ri8t7TGkxnm6qY","latestSlotNumber":5.28428311E8,"url":"https://www.huobipool.com","latestBlockNumber":1.8340813E7,"producedTotal":613758.0,"name":"Huobi_pool","producer":true,"votes":287939588,"missedTotal":7871.0,"producedTrx":0,"votesPercentage":1.1875051709276068},{"producePercentage":98.42101945113939,"address":"TEKUPpjTMKWw9LJZ9YJ4enhCjAmVXSL7M6","latestSlotNumber":5.21575194E8,"url":"http://www.lianjinshu.com","latestBlockNumber":1.1497746E7,"producedTotal":405906.0,"name":"lianjinshu","producer":false,"votes":6265075,"missedTotal":6512.0,"producedTrx":0,"votesPercentage":0.025838089893874806},{"producePercentage":99.559248824381,"address":"TV9QitxEJ3pdiAUAfJ2QuPxLKp9qTTR3og",""
12:57:39.193 [TestNG-tests-1] DEBUG org.apache.http.wire -  << "latestSlotNumber":5.28428315E8,"url":"https://www.bitguild.com","latestBlockNumber":1.8340817E7,"producedTotal":587302.0,"name":"BitGuild","producer":true,"votes":717572645,"missedTotal":2600.0,"producedTrx":0,"votesPercentage":2.959375028534457},{"producePercentage":99.64490380523401,"address":"TTcYhypP8m4phDhN6oRexz2174zAerjEWP","latestSlotNumber":5.28428319E8,"url":"https://www.cryptoguyinza.co.za/","latestBlockNumber":1.8340821E7,"producedTotal":653269.0,"name":"CryptoGuyInZA","producer":true,"votes":382448060,"missedTotal":2328.0,"producedTrx":0,"votesPercentage":1.5772719965871158},{"producePercentage":99.64979360077398,"address":"TKSXDA8HfE9E1y39RczVQ1ZascUEtaSToF","latestSlotNumber":5.28428299E8,"url":"http://cryptochain.network","latestBlockNumber":1.8340801E7,"producedTotal":644781.0,"name":"CryptoChain","producer":true,"votes":316549660,"missedTotal":2266.0,"producedTrx":0,"votesPercentage":1.3054973118367308},{"producePercentage":99.571136827774,"address":"TN2MEB71iox2mDwwngdTrUyUZXeENcb79F","latestSlotNumber":5.27032788E8,"url":"https://www.tron-europe.org","latestBlockNumber":1.6947364E7,"producedTotal":438810.0,"name":"SR-TRON-Europe","producer":false,"votes":169410377,"missedTotal":1890.0,"producedTrx":0,"votesPercentage":0.6986732880103145},{"producePercentage":99.57515373981028,"address":"TPMGfspxLQGom8sKutrbHcDKtHjRH"
12:57:39.193 [TestNG-tests-1] DEBUG org.apache.http.wire -  << "FbGKw","latestSlotNumber":5.28428322E8,"url":"https://infstones.io/","latestBlockNumber":1.8340824E7,"producedTotal":522197.0,"name":"Infinity-Stones","producer":true,"votes":331328946,"missedTotal":2228.0,"producedTrx":0,"votesPercentage":1.366449258977872},{"producePercentage":99.03690739388165,"address":"TPRxUBEakukBMwTScCHgvCPSBYk5UhfboJ","latestSlotNumber":5.2408798E8,"url":"http://www.cryptodiva.io/","latestBlockNumber":1.4005616E7,"producedTotal":503055.0,"name":"CryptoDivaSR","producer":false,"votes":1840665,"missedTotal":4892.0,"producedTrx":0,"votesPercentage":0.007591172928418107},{"producePercentage":98.57857284741128,"address":"TQwqK8LhHGria5gkkfCVqQfE5mSwpvdp3B","latestSlotNumber":5.18255974E8,"url":"https://tron-society.com","latestBlockNumber":8208429.0,"producedTotal":168733.0,"name":"Tron-Society","producer":false,"votes":30699903,"missedTotal":2433.0,"producedTrx":0,"votesPercentage":0.12661091103414354},{"producePercentage":99.00614905199443,"address":"TSbhZijH2t7Qn1UAHAu7PBHQdVAvRwSyYr","latestSlotNumber":5.18464799E8,"url":"https://www.iggalaxy.com","latestBlockNumber":8416221.0,"producedTotal":154409.0,"name":"Intergalactic-Gaming","producer":false,"votes":6086168,"missedTotal":1550.0,"producedTrx":0,"votesPercentage":0.025100251137173017},{"producePercentage":98.49972925577629,"address":"TBXB5tobBPCFkC8ihFDBWjai"
12:57:39.194 [TestNG-tests-1] DEBUG org.apache.http.wire -  << "wW2iSpzSfr","latestSlotNumber":5.27385598E8,"url":"https://www.tronvietnam.com/","latestBlockNumber":1.7299301E7,"producedTotal":594831.0,"name":"TRONVIETNAM","producer":false,"votes":148275995,"missedTotal":9060.0,"producedTrx":0,"votesPercentage":0.6115119911435587},{"producePercentage":99.13989948240942,"address":"TGzz8gjYiYRqpfmDwnLxfgPuLVNmpCswVp","latestSlotNumber":5.28428318E8,"url":"https://www.sesameseed.org","latestBlockNumber":1.834082E7,"producedTotal":660817.0,"name":"Sesameseed","producer":true,"votes":391145419,"missedTotal":5733.0,"producedTrx":0,"votesPercentage":1.6131411830982594},{"producePercentage":99.72781769820159,"address":"TFA1qpUkQ1yBDw4pgZKx25wEZAqkjGoZo1","latestSlotNumber":5.28428301E8,"url":"https://twitter.com/justinsuntron","latestBlockNumber":1.8340803E7,"producedTotal":628011.0,"name":"JustinSunTron","producer":true,"votes":311446630,"missedTotal":1714.0,"producedTrx":0,"votesPercentage":1.2844516662744447},{"producePercentage":99.63845358596802,"address":"TNaJADoq1u2atryP1ZzwvmEE4ZBELXfMqw","latestSlotNumber":5.28428305E8,"url":"http://zempty.peiwo.cn/","latestBlockNumber":1.8340807E7,"producedTotal":511770.0,"name":"callmeSR","producer":true,"votes":295527279,"missedTotal":1857.0,"producedTrx":0,"votesPercentage":1.218797923551469},{"producePercentage":99.40907431398858,"address":"TSNbzxac4WhxN91Xva"
12:57:39.194 [TestNG-tests-1] DEBUG org.apache.http.wire -  << "UfPTKP2jNT18mP6T","latestSlotNumber":5.28428303E8,"url":"https://www.bittorrent.com/","latestBlockNumber":1.8340805E7,"producedTotal":645315.0,"name":"BitTorrent","producer":true,"votes":297079432,"missedTotal":3836.0,"producedTrx":0,"votesPercentage":1.225199230597761},{"producePercentage":99.69627836667317,"address":"TY65QiDt4hLTMpf3WRzcX357BnmdxT2sw9","latestSlotNumber":5.28428323E8,"url":"https://www.utorrent.com/","latestBlockNumber":1.8340825E7,"producedTotal":645009.0,"name":"uTorrent","producer":true,"votes":330853949,"missedTotal":1965.0,"producedTrx":0,"votesPercentage":1.3644903015535281},{"producePercentage":99.13681772974898,"address":"TTuT2AG5q37f74zra7PjAApUmyVaXmFvC4","latestSlotNumber":5.18572799E8,"url":"http://raybo.com","latestBlockNumber":8523378.0,"producedTotal":267142.0,"name":"RayboTron","producer":false,"votes":74940,"missedTotal":2326.0,"producedTrx":0,"votesPercentage":3.090635717285073E-4},{"producePercentage":99.70984621379827,"address":"TTW663tQYJTTCtHh6DWKAfexRhPMf2DxQ1","latestSlotNumber":5.284283E8,"url":"http://tronalliance.org","latestBlockNumber":1.8340802E7,"producedTotal":424745.0,"name":"TRONALLIANCE","producer":true,"votes":311978679,"missedTotal":1236.0,"producedTrx":0,"votesPercentage":1.2866459145300435},{"producePercentage":99.07332301933677,"address":"TSRmKPv8kvokcHKfLeySQ3gNHyYrAAXrnc","la"
12:57:39.294 [TestNG-tests-1] DEBUG org.apache.http.wire -  << "testSlotNumber":5.18435979E8,"url":"http://dapps.house","latestBlockNumber":8387532.0,"producedTotal":250389.0,"name":"DAPPHOUSE","producer":false,"votes":100570,"missedTotal":2342.0,"producedTrx":0,"votesPercentage":4.1476545781606597E-4}]},"approvals":[{"producePercentage":99.02021463966287,"address":"TYVJ8JuQ6ctzCa2u79MFmvvNQ1U2tYQEUM","latestSlotNumber":5.25232781E8,"url":"http://tronone.com","latestBlockNumber":1.5149942E7,"producedTotal":518353.0,"name":"TRON-ONE","producer":false,"votes":46899291,"missedTotal":5129.0,"producedTrx":0,"votesPercentage":0.19341956749392364},{"producePercentage":98.7338106812906,"address":"TJ2aDMgeipmoZRuUEru2ri8t7TGkxnm6qY","latestSlotNumber":5.28428311E8,"url":"https://www.huobipool.com","latestBlockNumber":1.8340813E7,"producedTotal":613758.0,"name":"Huobi_pool","producer":true,"votes":287939588,"missedTotal":7871.0,"producedTrx":0,"votesPercentage":1.1875051709276068},{"producePercentage":98.42101945113939,"address":"TEKUPpjTMKWw9LJZ9YJ4enhCjAmVXSL7M6","latestSlotNumber":5.21575194E8,"url":"http://www.lianjinshu.com","latestBlockNumber":1.1497746E7,"producedTotal":405906.0,"name":"lianjinshu","producer":false,"votes":6265075,"missedTotal":6512.0,"producedTrx":0,"votesPercentage":0.025838089893874806},{"producePercentage":99.559248824381,"address":"TV9QitxEJ3pdiAUAfJ2QuPxLKp9qTTR3og","latestSlotN"
12:57:39.294 [TestNG-tests-1] DEBUG org.apache.http.wire -  << "umber":5.28428315E8,"url":"https://www.bitguild.com","latestBlockNumber":1.8340817E7,"producedTotal":587302.0,"name":"BitGuild","producer":true,"votes":717572645,"missedTotal":2600.0,"producedTrx":0,"votesPercentage":2.959375028534457},{"producePercentage":99.64490380523401,"address":"TTcYhypP8m4phDhN6oRexz2174zAerjEWP","latestSlotNumber":5.28428319E8,"url":"https://www.cryptoguyinza.co.za/","latestBlockNumber":1.8340821E7,"producedTotal":653269.0,"name":"CryptoGuyInZA","producer":true,"votes":382448060,"missedTotal":2328.0,"producedTrx":0,"votesPercentage":1.5772719965871158},{"producePercentage":99.64979360077398,"address":"TKSXDA8HfE9E1y39RczVQ1ZascUEtaSToF","latestSlotNumber":5.28428299E8,"url":"http://cryptochain.network","latestBlockNumber":1.8340801E7,"producedTotal":644781.0,"name":"CryptoChain","producer":true,"votes":316549660,"missedTotal":2266.0,"producedTrx":0,"votesPercentage":1.3054973118367308},{"producePercentage":99.571136827774,"address":"TN2MEB71iox2mDwwngdTrUyUZXeENcb79F","latestSlotNumber":5.27032788E8,"url":"https://www.tron-europe.org","latestBlockNumber":1.6947364E7,"producedTotal":438810.0,"name":"SR-TRON-Europe","producer":false,"votes":169410377,"missedTotal":1890.0,"producedTrx":0,"votesPercentage":0.6986732880103145},{"producePercentage":99.57515373981028,"address":"TPMGfspxLQGom8sKutrbHcDKtHjRHFbGKw","lat"
12:57:39.294 [TestNG-tests-1] DEBUG org.apache.http.wire -  << "estSlotNumber":5.28428322E8,"url":"https://infstones.io/","latestBlockNumber":1.8340824E7,"producedTotal":522197.0,"name":"Infinity-Stones","producer":true,"votes":331328946,"missedTotal":2228.0,"producedTrx":0,"votesPercentage":1.366449258977872},{"producePercentage":99.03690739388165,"address":"TPRxUBEakukBMwTScCHgvCPSBYk5UhfboJ","latestSlotNumber":5.2408798E8,"url":"http://www.cryptodiva.io/","latestBlockNumber":1.4005616E7,"producedTotal":503055.0,"name":"CryptoDivaSR","producer":false,"votes":1840665,"missedTotal":4892.0,"producedTrx":0,"votesPercentage":0.007591172928418107},{"producePercentage":98.57857284741128,"address":"TQwqK8LhHGria5gkkfCVqQfE5mSwpvdp3B","latestSlotNumber":5.18255974E8,"url":"https://tron-society.com","latestBlockNumber":8208429.0,"producedTotal":168733.0,"name":"Tron-Society","producer":false,"votes":30699903,"missedTotal":2433.0,"producedTrx":0,"votesPercentage":0.12661091103414354},{"producePercentage":99.00614905199443,"address":"TSbhZijH2t7Qn1UAHAu7PBHQdVAvRwSyYr","latestSlotNumber":5.18464799E8,"url":"https://www.iggalaxy.com","latestBlockNumber":8416221.0,"producedTotal":154409.0,"name":"Intergalactic-Gaming","producer":false,"votes":6086168,"missedTotal":1550.0,"producedTrx":0,"votesPercentage":0.025100251137173017},{"producePercentage":98.49972925577629,"address":"TBXB5tobBPCFkC8ihFDBWjaiwW2iSpzSfr""
12:57:39.294 [TestNG-tests-1] DEBUG org.apache.http.wire -  << ","latestSlotNumber":5.27385598E8,"url":"https://www.tronvietnam.com/","latestBlockNumber":1.7299301E7,"producedTotal":594831.0,"name":"TRONVIETNAM","producer":false,"votes":148275995,"missedTotal":9060.0,"producedTrx":0,"votesPercentage":0.6115119911435587},{"producePercentage":99.13989948240942,"address":"TGzz8gjYiYRqpfmDwnLxfgPuLVNmpCswVp","latestSlotNumber":5.28428318E8,"url":"https://www.sesameseed.org","latestBlockNumber":1.834082E7,"producedTotal":660817.0,"name":"Sesameseed","producer":true,"votes":391145419,"missedTotal":5733.0,"producedTrx":0,"votesPercentage":1.6131411830982594},{"producePercentage":99.72781769820159,"address":"TFA1qpUkQ1yBDw4pgZKx25wEZAqkjGoZo1","latestSlotNumber":5.28428301E8,"url":"https://twitter.com/justinsuntron","latestBlockNumber":1.8340803E7,"producedTotal":628011.0,"name":"JustinSunTron","producer":true,"votes":311446630,"missedTotal":1714.0,"producedTrx":0,"votesPercentage":1.2844516662744447},{"producePercentage":99.63845358596802,"address":"TNaJADoq1u2atryP1ZzwvmEE4ZBELXfMqw","latestSlotNumber":5.28428305E8,"url":"http://zempty.peiwo.cn/","latestBlockNumber":1.8340807E7,"producedTotal":511770.0,"name":"callmeSR","producer":true,"votes":295527279,"missedTotal":1857.0,"producedTrx":0,"votesPercentage":1.218797923551469},{"producePercentage":99.40907431398858,"address":"TSNbzxac4WhxN91XvaUfPTKP2jNT1"
12:57:39.294 [TestNG-tests-1] DEBUG org.apache.http.wire -  << "8mP6T","latestSlotNumber":5.28428303E8,"url":"https://www.bittorrent.com/","latestBlockNumber":1.8340805E7,"producedTotal":645315.0,"name":"BitTorrent","producer":true,"votes":297079432,"missedTotal":3836.0,"producedTrx":0,"votesPercentage":1.225199230597761},{"producePercentage":99.69627836667317,"address":"TY65QiDt4hLTMpf3WRzcX357BnmdxT2sw9","latestSlotNumber":5.28428323E8,"url":"https://www.utorrent.com/","latestBlockNumber":1.8340825E7,"producedTotal":645009.0,"name":"uTorrent","producer":true,"votes":330853949,"missedTotal":1965.0,"producedTrx":0,"votesPercentage":1.3644903015535281},{"producePercentage":99.13681772974898,"address":"TTuT2AG5q37f74zra7PjAApUmyVaXmFvC4","latestSlotNumber":5.18572799E8,"url":"http://raybo.com","latestBlockNumber":8523378.0,"producedTotal":267142.0,"name":"RayboTron","producer":false,"votes":74940,"missedTotal":2326.0,"producedTrx":0,"votesPercentage":3.090635717285073E-4},{"producePercentage":99.70984621379827,"address":"TTW663tQYJTTCtHh6DWKAfexRhPMf2DxQ1","latestSlotNumber":5.284283E8,"url":"http://tronalliance.org","latestBlockNumber":1.8340802E7,"producedTotal":424745.0,"name":"TRONALLIANCE","producer":true,"votes":311978679,"missedTotal":1236.0,"producedTrx":0,"votesPercentage":1.2866459145300435},{"producePercentage":99.07332301933677,"address":"TSRmKPv8kvokcHKfLeySQ3gNHyYrAAXrnc","latestSlotNum"
12:57:39.294 [TestNG-tests-1] DEBUG org.apache.http.wire -  << "ber":5.18435979E8,"url":"http://dapps.house","latestBlockNumber":8387532.0,"producedTotal":250389.0,"name":"DAPPHOUSE","producer":false,"votes":100570,"missedTotal":2342.0,"producedTrx":0,"votesPercentage":4.1476545781606597E-4}],"state":"APPROVED","totalVotes":20,"validVotes":20,"createSelf":false},{"proposalId":16,"proposer":{"producePercentage":98.42101945113939,"address":"TEKUPpjTMKWw9LJZ9YJ4enhCjAmVXSL7M6","latestSlotNumber":5.21575194E8,"url":"http://www.lianjinshu.com","latestBlockNumber":1.1497746E7,"producedTotal":405906.0,"name":"lianjinshu","producer":false,"votes":6265075,"missedTotal":6512.0,"producedTrx":0,"votesPercentage":0.025838089893874806},"paramters":[{"value":1,"key":16}],"expirationTime":1547704800000,"createTime":1547443404000,"approveSelf":false,"typeApprovals":{"candidate":[],"partner":[],"sr":[{"producePercentage":98.42101945113939,"address":"TEKUPpjTMKWw9LJZ9YJ4enhCjAmVXSL7M6","latestSlotNumber":5.21575194E8,"url":"http://www.lianjinshu.com","latestBlockNumber":1.1497746E7,"producedTotal":405906.0,"name":"lianjinshu","producer":false,"votes":6265075,"missedTotal":6512.0,"producedTrx":0,"votesPercentage":0.025838089893874806},{"producePercentage":99.72781769820159,"address":"TFA1qpUkQ1yBDw4pgZKx25wEZAqkjGoZo1","latestSlotNumber":5.28428301E8,"url":"https://twitter.com/justinsuntron","latestBlockNumber":1.8340"
12:57:39.428 [TestNG-tests-1] DEBUG org.apache.http.wire -  << "803E7,"producedTotal":628011.0,"name":"JustinSunTron","producer":true,"votes":311446630,"missedTotal":1714.0,"producedTrx":0,"votesPercentage":1.2844516662744447},{"producePercentage":99.02021463966287,"address":"TYVJ8JuQ6ctzCa2u79MFmvvNQ1U2tYQEUM","latestSlotNumber":5.25232781E8,"url":"http://tronone.com","latestBlockNumber":1.5149942E7,"producedTotal":518353.0,"name":"TRON-ONE","producer":false,"votes":46899291,"missedTotal":5129.0,"producedTrx":0,"votesPercentage":0.19341956749392364},{"producePercentage":99.559248824381,"address":"TV9QitxEJ3pdiAUAfJ2QuPxLKp9qTTR3og","latestSlotNumber":5.28428315E8,"url":"https://www.bitguild.com","latestBlockNumber":1.8340817E7,"producedTotal":587302.0,"name":"BitGuild","producer":true,"votes":717572645,"missedTotal":2600.0,"producedTrx":0,"votesPercentage":2.959375028534457},{"producePercentage":99.64979360077398,"address":"TKSXDA8HfE9E1y39RczVQ1ZascUEtaSToF","latestSlotNumber":5.28428299E8,"url":"http://cryptochain.network","latestBlockNumber":1.8340801E7,"producedTotal":644781.0,"name":"CryptoChain","producer":true,"votes":316549660,"missedTotal":2266.0,"producedTrx":0,"votesPercentage":1.3054973118367308},{"producePercentage":99.40907431398858,"address":"TSNbzxac4WhxN91XvaUfPTKP2jNT18mP6T","latestSlotNumber":5.28428303E8,"url":"https://www.bittorrent.com/","latestBlockNumber":1.8340805E7,"producedTotal":645315.0,"name":"BitTorrent","producer":true,"votes":297079432,"missedTotal":3836.0,"producedTrx":0,"votesPercentage":1.225199230597761},{"producePercentage":99.00614905199443,"address":"TSbhZijH2t7Qn1UAHAu7PBHQdVAvRwSyYr","latestSlotNumber":5.18464799E8,"url":"https://www.iggalaxy.com","latestBlockNumber":8416221.0,"producedTotal":154409.0,"name":"Intergalactic-Gaming","producer":false,"votes":6086168,"missedTotal":1550.0,"producedTrx":0,"votesPercentage":0.025100251137173017},{"producePercentage":99.64490380523401,"address":"TTcYhypP8m4phDhN6oRexz2174zAerjEWP","latestSlotNumber":5.28428319E8,"url":"https://www.cryptoguyinza.co.za/","latestBlockNumber":1.8340821E7,"producedTotal":653269.0,"name":"CryptoGuyInZA","producer":true,"votes":382448060,"missedTotal":2328.0,"producedTrx":0,"votesPercentage":1.5772719965871158},{"producePercentage":99.03690739388165,"address":"TPRxUBEakukBMwTScCHgvCPSBYk5UhfboJ","latestSlotNumber":5.2408798E8,"url":"http://www.cryptodiva.io/","latestBlockNumber":1.4005616E7,"producedTotal":503055.0,"name":"CryptoDivaSR","producer":false,"votes":1840665,"missedTotal":4892.0,"producedTrx":0,"votesPercentage":0.007591172928418107},{"producePercentage":99.571136827774,"address":"TN2MEB71iox2mDwwngdTrUyUZXeENcb79F","latestSlotNumber":5.27032788E8,"url":"https://www.tron-europe.org","latestBlockNumber":1.69"
12:57:39.432 [TestNG-tests-1] DEBUG org.apache.http.wire -  << "47364E7,"producedTotal":438810.0,"name":"SR-TRON-Europe","producer":false,"votes":169410377,"missedTotal":1890.0,"producedTrx":0,"votesPercentage":0.6986732880103145},{"producePercentage":99.63845358596802,"address":"TNaJADoq1u2atryP1ZzwvmEE4ZBELXfMqw","latestSlotNumber":5.28428305E8,"url":"http://zempty.peiwo.cn/","latestBlockNumber":1.8340807E7,"producedTotal":511770.0,"name":"callmeSR","producer":true,"votes":295527279,"missedTotal":1857.0,"producedTrx":0,"votesPercentage":1.218797923551469},{"producePercentage":99.57515373981028,"address":"TPMGfspxLQGom8sKutrbHcDKtHjRHFbGKw","latestSlotNumber":5.28428322E8,"url":"https://infstones.io/","latestBlockNumber":1.8340824E7,"producedTotal":522197.0,"name":"Infinity-Stones","producer":true,"votes":331328946,"missedTotal":2228.0,"producedTrx":0,"votesPercentage":1.366449258977872},{"producePercentage":99.77451211951227,"address":"TE7hnUtWRRBz3SkFrX8JESWUmEvxxAhoPt","latestSlotNumber":5.28428312E8,"url":"https://www.tronwallet.me/","latestBlockNumber":1.8340814E7,"producedTotal":540714.0,"name":"TronWalletMe","producer":true,"votes":287498369,"missedTotal":1222.0,"producedTrx":0,"votesPercentage":1.1856855189386224},{"producePercentage":99.3357973110504,"address":"TSzoLaVCdSNDpNxgChcFt9rSRF5wWAZiR4","latestSlotNumber":5.28428304E8,"url":"http://trx.market","latestBlockNumber":1.8340806E7,"pr"
12:57:39.432 [TestNG-tests-1] DEBUG org.apache.http.wire -  << "oducedTotal":611985.0,"name":"TRXMarket","producer":true,"votes":296064343,"missedTotal":4092.0,"producedTrx":0,"votesPercentage":1.2210128544039751},{"producePercentage":99.69627836667317,"address":"TY65QiDt4hLTMpf3WRzcX357BnmdxT2sw9","latestSlotNumber":5.28428323E8,"url":"https://www.utorrent.com/","latestBlockNumber":1.8340825E7,"producedTotal":645009.0,"name":"uTorrent","producer":true,"votes":330853949,"missedTotal":1965.0,"producedTrx":0,"votesPercentage":1.3644903015535281},{"producePercentage":98.57857284741128,"address":"TQwqK8LhHGria5gkkfCVqQfE5mSwpvdp3B","latestSlotNumber":5.18255974E8,"url":"https://tron-society.com","latestBlockNumber":8208429.0,"producedTotal":168733.0,"name":"Tron-Society","producer":false,"votes":30699903,"missedTotal":2433.0,"producedTrx":0,"votesPercentage":0.12661091103414354},{"producePercentage":99.70984621379827,"address":"TTW663tQYJTTCtHh6DWKAfexRhPMf2DxQ1","latestSlotNumber":5.284283E8,"url":"http://tronalliance.org","latestBlockNumber":1.8340802E7,"producedTotal":424745.0,"name":"TRONALLIANCE","producer":true,"votes":311978679,"missedTotal":1236.0,"producedTrx":0,"votesPercentage":1.2866459145300435},{"producePercentage":99.0132693036775,"address":"TV6qcwSp38uESiDczxxb7zbJX1h2LfDs78","latestSlotNumber":5.16002399E8,"url":"Tronstronics","latestBlockNumber":5971325.0,"producedTotal":195873.0,"nam"
12:57:39.433 [TestNG-tests-1] DEBUG org.apache.http.wire -  << "e":"TronsTronics","producer":false,"votes":6402656,"missedTotal":1952.0,"producedTrx":0,"votesPercentage":0.02640549415410939},{"producePercentage":99.73090323188148,"address":"TVa6MF7SgZa8PToLoQ9PNq6KQHyTXLBz1p","latestSlotNumber":5.28428306E8,"url":"http://krypto-knight.us/","latestBlockNumber":1.8340808E7,"producedTotal":476609.0,"name":"KryptoKnight","producer":true,"votes":295241924,"missedTotal":1286.0,"producedTrx":0,"votesPercentage":1.2176210776012344},{"producePercentage":98.7338106812906,"address":"TJ2aDMgeipmoZRuUEru2ri8t7TGkxnm6qY","latestSlotNumber":5.28428311E8,"url":"https://www.huobipool.com","latestBlockNumber":1.8340813E7,"producedTotal":613758.0,"name":"Huobi_pool","producer":true,"votes":287939588,"missedTotal":7871.0,"producedTrx":0,"votesPercentage":1.1875051709276068},{"producePercentage":99.39076958445888,"address":"TVFKwzE8qeETLaZEHMx2tjEsdnujAgAWaA","latestSlotNumber":5.28428325E8,"url":"http://blockchain.org","latestBlockNumber":1.8340827E7,"producedTotal":432325.0,"name":"BlockchainOrg","producer":true,"votes":317451639,"missedTotal":2650.0,"producedTrx":0,"votesPercentage":1.3092172057700655},{"producePercentage":99.07332301933677,"address":"TSRmKPv8kvokcHKfLeySQ3gNHyYrAAXrnc","latestSlotNumber":5.18435979E8,"url":"http://dapps.house","latestBlockNumber":8387532.0,"producedTotal":250389.0,"name":"DAPPHOUSE"
12:57:39.433 [TestNG-tests-1] DEBUG org.apache.http.wire -  << "","producer":false,"votes":100570,"missedTotal":2342.0,"producedTrx":0,"votesPercentage":4.1476545781606597E-4},{"producePercentage":99.13681772974898,"address":"TTuT2AG5q37f74zra7PjAApUmyVaXmFvC4","latestSlotNumber":5.18572799E8,"url":"http://raybo.com","latestBlockNumber":8523378.0,"producedTotal":267142.0,"name":"RayboTron","producer":false,"votes":74940,"missedTotal":2326.0,"producedTrx":0,"votesPercentage":3.090635717285073E-4}]},"approvals":[{"producePercentage":98.42101945113939,"address":"TEKUPpjTMKWw9LJZ9YJ4enhCjAmVXSL7M6","latestSlotNumber":5.21575194E8,"url":"http://www.lianjinshu.com","latestBlockNumber":1.1497746E7,"producedTotal":405906.0,"name":"lianjinshu","producer":false,"votes":6265075,"missedTotal":6512.0,"producedTrx":0,"votesPercentage":0.025838089893874806},{"producePercentage":99.72781769820159,"address":"TFA1qpUkQ1yBDw4pgZKx25wEZAqkjGoZo1","latestSlotNumber":5.28428301E8,"url":"https://twitter.com/justinsuntron","latestBlockNumber":1.8340803E7,"producedTotal":628011.0,"name":"JustinSunTron","producer":true,"votes":311446630,"missedTotal":1714.0,"producedTrx":0,"votesPercentage":1.2844516662744447},{"producePercentage":99.02021463966287,"address":"TYVJ8JuQ6ctzCa2u79MFmvvNQ1U2tYQEUM","latestSlotNumber":5.25232781E8,"url":"http://tronone.com","latestBlockNumber":1.5149942E7,"producedTotal":518353.0,"name":"TRON-ON"
12:57:39.434 [TestNG-tests-1] DEBUG org.apache.http.wire -  << "E","producer":false,"votes":46899291,"missedTotal":5129.0,"producedTrx":0,"votesPercentage":0.19341956749392364},{"producePercentage":99.559248824381,"address":"TV9QitxEJ3pdiAUAfJ2QuPxLKp9qTTR3og","latestSlotNumber":5.28428315E8,"url":"https://www.bitguild.com","latestBlockNumber":1.8340817E7,"producedTotal":587302.0,"name":"BitGuild","producer":true,"votes":717572645,"missedTotal":2600.0,"producedTrx":0,"votesPercentage":2.959375028534457},{"producePercentage":99.64979360077398,"address":"TKSXDA8HfE9E1y39RczVQ1ZascUEtaSToF","latestSlotNumber":5.28428299E8,"url":"http://cryptochain.network","latestBlockNumber":1.8340801E7,"producedTotal":644781.0,"name":"CryptoChain","producer":true,"votes":316549660,"missedTotal":2266.0,"producedTrx":0,"votesPercentage":1.3054973118367308},{"producePercentage":99.40907431398858,"address":"TSNbzxac4WhxN91XvaUfPTKP2jNT18mP6T","latestSlotNumber":5.28428303E8,"url":"https://www.bittorrent.com/","latestBlockNumber":1.8340805E7,"producedTotal":645315.0,"name":"BitTorrent","producer":true,"votes":297079432,"missedTotal":3836.0,"producedTrx":0,"votesPercentage":1.225199230597761},{"producePercentage":99.00614905199443,"address":"TSbhZijH2t7Qn1UAHAu7PBHQdVAvRwSyYr","latestSlotNumber":5.18464799E8,"url":"https://www.iggalaxy.com","latestBlockNumber":8416221.0,"producedTotal":154409.0,"name":"Intergalactic-Gamin"
12:57:39.442 [TestNG-tests-1] DEBUG org.apache.http.wire -  << "g","producer":false,"votes":6086168,"missedTotal":1550.0,"producedTrx":0,"votesPercentage":0.025100251137173017},{"producePercentage":99.64490380523401,"address":"TTcYhypP8m4phDhN6oRexz2174zAerjEWP","latestSlotNumber":5.28428319E8,"url":"https://www.cryptoguyinza.co.za/","latestBlockNumber":1.8340821E7,"producedTotal":653269.0,"name":"CryptoGuyInZA","producer":true,"votes":382448060,"missedTotal":2328.0,"producedTrx":0,"votesPercentage":1.5772719965871158},{"producePercentage":99.03690739388165,"address":"TPRxUBEakukBMwTScCHgvCPSBYk5UhfboJ","latestSlotNumber":5.2408798E8,"url":"http://www.cryptodiva.io/","latestBlockNumber":1.4005616E7,"producedTotal":503055.0,"name":"CryptoDivaSR","producer":false,"votes":1840665,"missedTotal":4892.0,"producedTrx":0,"votesPercentage":0.007591172928418107},{"producePercentage":99.571136827774,"address":"TN2MEB71iox2mDwwngdTrUyUZXeENcb79F","latestSlotNumber":5.27032788E8,"url":"https://www.tron-europe.org","latestBlockNumber":1.6947364E7,"producedTotal":438810.0,"name":"SR-TRON-Europe","producer":false,"votes":169410377,"missedTotal":1890.0,"producedTrx":0,"votesPercentage":0.6986732880103145},{"producePercentage":99.63845358596802,"address":"TNaJADoq1u2atryP1ZzwvmEE4ZBELXfMqw","latestSlotNumber":5.28428305E8,"url":"http://zempty.peiwo.cn/","latestBlockNumber":1.8340807E7,"producedTotal":511770.0,"name""
12:57:39.533 [TestNG-tests-1] DEBUG org.apache.http.wire -  << ":"callmeSR","producer":true,"votes":295527279,"missedTotal":1857.0,"producedTrx":0,"votesPercentage":1.218797923551469},{"producePercentage":99.57515373981028,"address":"TPMGfspxLQGom8sKutrbHcDKtHjRHFbGKw","latestSlotNumber":5.28428322E8,"url":"https://infstones.io/","latestBlockNumber":1.8340824E7,"producedTotal":522197.0,"name":"Infinity-Stones","producer":true,"votes":331328946,"missedTotal":2228.0,"producedTrx":0,"votesPercentage":1.366449258977872},{"producePercentage":99.77451211951227,"address":"TE7hnUtWRRBz3SkFrX8JESWUmEvxxAhoPt","latestSlotNumber":5.28428312E8,"url":"https://www.tronwallet.me/","latestBlockNumber":1.8340814E7,"producedTotal":540714.0,"name":"TronWalletMe","producer":true,"votes":287498369,"missedTotal":1222.0,"producedTrx":0,"votesPercentage":1.1856855189386224},{"producePercentage":99.3357973110504,"address":"TSzoLaVCdSNDpNxgChcFt9rSRF5wWAZiR4","latestSlotNumber":5.28428304E8,"url":"http://trx.market","latestBlockNumber":1.8340806E7,"producedTotal":611985.0,"name":"TRXMarket","producer":true,"votes":296064343,"missedTotal":4092.0,"producedTrx":0,"votesPercentage":1.2210128544039751},{"producePercentage":99.69627836667317,"address":"TY65QiDt4hLTMpf3WRzcX357BnmdxT2sw9","latestSlotNumber":5.28428323E8,"url":"https://www.utorrent.com/","latestBlockNumber":1.8340825E7,"producedTotal":645009.0,"name":"uTorrent","producer":true,"votes":330853949,"missedTotal":1965.0,"producedTrx":0,"votesPercentage":1.3644903015535281},{"producePercentage":98.57857284741128,"address":"TQwqK8LhHGria5gkkfCVqQfE5mSwpvdp3B","latestSlotNumber":5.18255974E8,"url":"https://tron-society.com","latestBlockNumber":8208429.0,"producedTotal":168733.0,"name":"Tron-Society","producer":false,"votes":30699903,"missedTotal":2433.0,"producedTrx":0,"votesPercentage":0.12661091103414354},{"producePercentage":99.70984621379827,"address":"TTW663tQYJTTCtHh6DWKAfexRhPMf2DxQ1","latestSlotNumber":5.284283E8,"url":"http://tronalliance.org","latestBlockNumber":1.8340802E7,"producedTotal":424745.0,"name":"TRONALLIANCE","producer":true,"votes":311978679,"missedTotal":1236.0,"producedTrx":0,"votesPercentage":1.2866459145300435},{"producePercentage":99.0132693036775,"address":"TV6qcwSp38uESiDczxxb7zbJX1h2LfDs78","latestSlotNumber":5.16002399E8,"url":"Tronstronics","latestBlockNumber":5971325.0,"producedTotal":195873.0,"name":"TronsTronics","producer":false,"votes":6402656,"missedTotal":1952.0,"producedTrx":0,"votesPercentage":0.02640549415410939},{"producePercentage":99.73090323188148,"address":"TVa6MF7SgZa8PToLoQ9PNq6KQHyTXLBz1p","latestSlotNumber":5.28428306E8,"url":"http://krypto-knight.us/","latestBlockNumber":1.8340808E7,"producedTotal":476609.0,"name":"KryptoKnight","producer":true,"votes""
12:57:39.534 [TestNG-tests-1] DEBUG org.apache.http.wire -  << ":295241924,"missedTotal":1286.0,"producedTrx":0,"votesPercentage":1.2176210776012344},{"producePercentage":98.7338106812906,"address":"TJ2aDMgeipmoZRuUEru2ri8t7TGkxnm6qY","latestSlotNumber":5.28428311E8,"url":"https://www.huobipool.com","latestBlockNumber":1.8340813E7,"producedTotal":613758.0,"name":"Huobi_pool","producer":true,"votes":287939588,"missedTotal":7871.0,"producedTrx":0,"votesPercentage":1.1875051709276068},{"producePercentage":99.39076958445888,"address":"TVFKwzE8qeETLaZEHMx2tjEsdnujAgAWaA","latestSlotNumber":5.28428325E8,"url":"http://blockchain.org","latestBlockNumber":1.8340827E7,"producedTotal":432325.0,"name":"BlockchainOrg","producer":true,"votes":317451639,"missedTotal":2650.0,"producedTrx":0,"votesPercentage":1.3092172057700655},{"producePercentage":99.07332301933677,"address":"TSRmKPv8kvokcHKfLeySQ3gNHyYrAAXrnc","latestSlotNumber":5.18435979E8,"url":"http://dapps.house","latestBlockNumber":8387532.0,"producedTotal":250389.0,"name":"DAPPHOUSE","producer":false,"votes":100570,"missedTotal":2342.0,"producedTrx":0,"votesPercentage":4.1476545781606597E-4},{"producePercentage":99.13681772974898,"address":"TTuT2AG5q37f74zra7PjAApUmyVaXmFvC4","latestSlotNumber":5.18572799E8,"url":"http://raybo.com","latestBlockNumber":8523378.0,"producedTotal":267142.0,"name":"RayboTron","producer":false,"votes":74940,"missedTotal":2326.0"
12:57:39.534 [TestNG-tests-1] DEBUG org.apache.http.wire -  << ","producedTrx":0,"votesPercentage":3.090635717285073E-4}],"state":"APPROVED","totalVotes":23,"validVotes":23,"createSelf":false},{"proposalId":15,"proposer":{"producePercentage":99.72781769820159,"address":"TFA1qpUkQ1yBDw4pgZKx25wEZAqkjGoZo1","latestSlotNumber":5.28428301E8,"url":"https://twitter.com/justinsuntron","latestBlockNumber":1.8340803E7,"producedTotal":628011.0,"name":"JustinSunTron","producer":true,"votes":311446630,"missedTotal":1714.0,"producedTrx":0,"votesPercentage":1.2844516662744447},"paramters":[{"value":1,"key":18}],"expirationTime":1547208000000,"createTime":1546927365000,"approveSelf":false,"typeApprovals":{"candidate":[],"partner":[],"sr":[{"producePercentage":99.64979360077398,"address":"TKSXDA8HfE9E1y39RczVQ1ZascUEtaSToF","latestSlotNumber":5.28428299E8,"url":"http://cryptochain.network","latestBlockNumber":1.8340801E7,"producedTotal":644781.0,"name":"CryptoChain","producer":true,"votes":316549660,"missedTotal":2266.0,"producedTrx":0,"votesPercentage":1.3054973118367308},{"producePercentage":99.64490380523401,"address":"TTcYhypP8m4phDhN6oRexz2174zAerjEWP","latestSlotNumber":5.28428319E8,"url":"https://www.cryptoguyinza.co.za/","latestBlockNumber":1.8340821E7,"producedTotal":653269.0,"name":"CryptoGuyInZA","producer":true,"votes":382448060,"missedTotal":2328.0,"producedTrx":0,"votesPercentage":1.5772719965871158},{"producePercentage":99.559248824381,"address":"TV9QitxEJ3pdiAUAfJ2QuPxLKp9qTTR3og","latestSlotNumber":5.28428315E8,"url":"https://www.bitguild.com","latestBlockNumber":1.8340817E7,"producedTotal":587302.0,"name":"BitGuild","producer":true,"votes":717572645,"missedTotal":2600.0,"producedTrx":0,"votesPercentage":2.959375028534457},{"producePercentage":98.57857284741128,"address":"TQwqK8LhHGria5gkkfCVqQfE5mSwpvdp3B","latestSlotNumber":5.18255974E8,"url":"https://tron-society.com","latestBlockNumber":8208429.0,"producedTotal":168733.0,"name":"Tron-Society","producer":false,"votes":30699903,"missedTotal":2433.0,"producedTrx":0,"votesPercentage":0.12661091103414354},{"producePercentage":99.00614905199443,"address":"TSbhZijH2t7Qn1UAHAu7PBHQdVAvRwSyYr","latestSlotNumber":5.18464799E8,"url":"https://www.iggalaxy.com","latestBlockNumber":8416221.0,"producedTotal":154409.0,"name":"Intergalactic-Gaming","producer":false,"votes":6086168,"missedTotal":1550.0,"producedTrx":0,"votesPercentage":0.025100251137173017},{"producePercentage":99.77451211951227,"address":"TE7hnUtWRRBz3SkFrX8JESWUmEvxxAhoPt","latestSlotNumber":5.28428312E8,"url":"https://www.tronwallet.me/","latestBlockNumber":1.8340814E7,"producedTotal":540714.0,"name":"TronWalletMe","producer":true,"votes":287498369,"missedTotal":1222.0,"producedTrx":0,"votesPercentage":1.1856855189386224}"
12:57:39.534 [TestNG-tests-1] DEBUG org.apache.http.wire -  << ",{"producePercentage":99.571136827774,"address":"TN2MEB71iox2mDwwngdTrUyUZXeENcb79F","latestSlotNumber":5.27032788E8,"url":"https://www.tron-europe.org","latestBlockNumber":1.6947364E7,"producedTotal":438810.0,"name":"SR-TRON-Europe","producer":false,"votes":169410377,"missedTotal":1890.0,"producedTrx":0,"votesPercentage":0.6986732880103145},{"producePercentage":99.0132693036775,"address":"TV6qcwSp38uESiDczxxb7zbJX1h2LfDs78","latestSlotNumber":5.16002399E8,"url":"Tronstronics","latestBlockNumber":5971325.0,"producedTotal":195873.0,"name":"TronsTronics","producer":false,"votes":6402656,"missedTotal":1952.0,"producedTrx":0,"votesPercentage":0.02640549415410939},{"producePercentage":99.73090323188148,"address":"TVa6MF7SgZa8PToLoQ9PNq6KQHyTXLBz1p","latestSlotNumber":5.28428306E8,"url":"http://krypto-knight.us/","latestBlockNumber":1.8340808E7,"producedTotal":476609.0,"name":"KryptoKnight","producer":true,"votes":295241924,"missedTotal":1286.0,"producedTrx":0,"votesPercentage":1.2176210776012344},{"producePercentage":98.7338106812906,"address":"TJ2aDMgeipmoZRuUEru2ri8t7TGkxnm6qY","latestSlotNumber":5.28428311E8,"url":"https://www.huobipool.com","latestBlockNumber":1.8340813E7,"producedTotal":613758.0,"name":"Huobi_pool","producer":true,"votes":287939588,"missedTotal":7871.0,"producedTrx":0,"votesPercentage":1.1875051709276068},{"producePerc"
12:57:39.670 [TestNG-tests-1] DEBUG org.apache.http.wire -  << "entage":99.57515373981028,"address":"TPMGfspxLQGom8sKutrbHcDKtHjRHFbGKw","latestSlotNumber":5.28428322E8,"url":"https://infstones.io/","latestBlockNumber":1.8340824E7,"producedTotal":522197.0,"name":"Infinity-Stones","producer":true,"votes":331328946,"missedTotal":2228.0,"producedTrx":0,"votesPercentage":1.366449258977872},{"producePercentage":99.13681772974898,"address":"TTuT2AG5q37f74zra7PjAApUmyVaXmFvC4","latestSlotNumber":5.18572799E8,"url":"http://raybo.com","latestBlockNumber":8523378.0,"producedTotal":267142.0,"name":"RayboTron","producer":false,"votes":74940,"missedTotal":2326.0,"producedTrx":0,"votesPercentage":3.090635717285073E-4},{"producePercentage":99.07332301933677,"address":"TSRmKPv8kvokcHKfLeySQ3gNHyYrAAXrnc","latestSlotNumber":5.18435979E8,"url":"http://dapps.house","latestBlockNumber":8387532.0,"producedTotal":250389.0,"name":"DAPPHOUSE","producer":false,"votes":100570,"missedTotal":2342.0,"producedTrx":0,"votesPercentage":4.1476545781606597E-4},{"producePercentage":99.28374526180674,"address":"TGj1Ej1qRzL9feLTLhjwgxXF4Ct6GTWg2U","latestSlotNumber":5.28428314E8,"url":"http://www.skypeople.co.kr","latestBlockNumber":1.8340816E7,"producedTotal":676026.0,"name":"Skypeople","producer":true,"votes":982129390,"missedTotal":4877.0,"producedTrx":0,"votesPercentage":4.050445919041101},{"producePercentage":99.39076958445888,"a"
12:57:39.670 [TestNG-tests-1] DEBUG org.apache.http.wire -  << "ddress":"TVFKwzE8qeETLaZEHMx2tjEsdnujAgAWaA","latestSlotNumber":5.28428325E8,"url":"http://blockchain.org","latestBlockNumber":1.8340827E7,"producedTotal":432325.0,"name":"BlockchainOrg","producer":true,"votes":317451639,"missedTotal":2650.0,"producedTrx":0,"votesPercentage":1.3092172057700655},{"producePercentage":99.03690739388165,"address":"TPRxUBEakukBMwTScCHgvCPSBYk5UhfboJ","latestSlotNumber":5.2408798E8,"url":"http://www.cryptodiva.io/","latestBlockNumber":1.4005616E7,"producedTotal":503055.0,"name":"CryptoDivaSR","producer":false,"votes":1840665,"missedTotal":4892.0,"producedTrx":0,"votesPercentage":0.007591172928418107},{"producePercentage":99.70984621379827,"address":"TTW663tQYJTTCtHh6DWKAfexRhPMf2DxQ1","latestSlotNumber":5.284283E8,"url":"http://tronalliance.org","latestBlockNumber":1.8340802E7,"producedTotal":424745.0,"name":"TRONALLIANCE","producer":true,"votes":311978679,"missedTotal":1236.0,"producedTrx":0,"votesPercentage":1.2866459145300435},{"producePercentage":99.69627836667317,"address":"TY65QiDt4hLTMpf3WRzcX357BnmdxT2sw9","latestSlotNumber":5.28428323E8,"url":"https://www.utorrent.com/","latestBlockNumber":1.8340825E7,"producedTotal":645009.0,"name":"uTorrent","producer":true,"votes":330853949,"missedTotal":1965.0,"producedTrx":0,"votesPercentage":1.3644903015535281},{"producePercentage":99.02021463966287,"address":"
12:57:39.672 [TestNG-tests-1] DEBUG org.apache.http.wire -  << ""TYVJ8JuQ6ctzCa2u79MFmvvNQ1U2tYQEUM","latestSlotNumber":5.25232781E8,"url":"http://tronone.com","latestBlockNumber":1.5149942E7,"producedTotal":518353.0,"name":"TRON-ONE","producer":false,"votes":46899291,"missedTotal":5129.0,"producedTrx":0,"votesPercentage":0.19341956749392364},{"producePercentage":99.13989948240942,"address":"TGzz8gjYiYRqpfmDwnLxfgPuLVNmpCswVp","latestSlotNumber":5.28428318E8,"url":"https://www.sesameseed.org","latestBlockNumber":1.834082E7,"producedTotal":660817.0,"name":"Sesameseed","producer":true,"votes":391145419,"missedTotal":5733.0,"producedTrx":0,"votesPercentage":1.6131411830982594},{"producePercentage":99.43899287693867,"address":"TTMNxTmRpBZnjtUnohX84j25NLkTqDga7j","latestSlotNumber":5.28428324E8,"url":"https://tronspark.com","latestBlockNumber":1.8340826E7,"producedTotal":621087.0,"name":"TronSpark","producer":true,"votes":326489461,"missedTotal":3504.0,"producedTrx":0,"votesPercentage":1.3464905117210462},{"producePercentage":99.3357973110504,"address":"TSzoLaVCdSNDpNxgChcFt9rSRF5wWAZiR4","latestSlotNumber":5.28428304E8,"url":"http://trx.market","latestBlockNumber":1.8340806E7,"producedTotal":611985.0,"name":"TRXMarket","producer":true,"votes":296064343,"missedTotal":4092.0,"producedTrx":0,"votesPercentage":1.2210128544039751},{"producePercentage":99.40907431398858,"address":"TSNbzxac4WhxN91XvaUfPTKP2jNT18mP6T","latestSlotNumber":5.28428303E8,"url":"https://www.bittorrent.com/","latestBlockNumber":1.8340805E7,"producedTotal":645315.0,"name":"BitTorrent","producer":true,"votes":297079432,"missedTotal":3836.0,"producedTrx":0,"votesPercentage":1.225199230597761},{"producePercentage":99.72781769820159,"address":"TFA1qpUkQ1yBDw4pgZKx25wEZAqkjGoZo1","latestSlotNumber":5.28428301E8,"url":"https://twitter.com/justinsuntron","latestBlockNumber":1.8340803E7,"producedTotal":628011.0,"name":"JustinSunTron","producer":true,"votes":311446630,"missedTotal":1714.0,"producedTrx":0,"votesPercentage":1.2844516662744447}]},"approvals":[{"producePercentage":99.64979360077398,"address":"TKSXDA8HfE9E1y39RczVQ1ZascUEtaSToF","latestSlotNumber":5.28428299E8,"url":"http://cryptochain.network","latestBlockNumber":1.8340801E7,"producedTotal":644781.0,"name":"CryptoChain","producer":true,"votes":316549660,"missedTotal":2266.0,"producedTrx":0,"votesPercentage":1.3054973118367308},{"producePercentage":99.64490380523401,"address":"TTcYhypP8m4phDhN6oRexz2174zAerjEWP","latestSlotNumber":5.28428319E8,"url":"https://www.cryptoguyinza.co.za/","latestBlockNumber":1.8340821E7,"producedTotal":653269.0,"name":"CryptoGuyInZA","producer":true,"votes":382448060,"missedTotal":2328.0,"producedTrx":0,"votesPercentage":1.5772719965871158},{"producePercentage":99.559248824381,"addre"
12:57:39.672 [TestNG-tests-1] DEBUG org.apache.http.wire -  << "ss":"TV9QitxEJ3pdiAUAfJ2QuPxLKp9qTTR3og","latestSlotNumber":5.28428315E8,"url":"https://www.bitguild.com","latestBlockNumber":1.8340817E7,"producedTotal":587302.0,"name":"BitGuild","producer":true,"votes":717572645,"missedTotal":2600.0,"producedTrx":0,"votesPercentage":2.959375028534457},{"producePercentage":98.57857284741128,"address":"TQwqK8LhHGria5gkkfCVqQfE5mSwpvdp3B","latestSlotNumber":5.18255974E8,"url":"https://tron-society.com","latestBlockNumber":8208429.0,"producedTotal":168733.0,"name":"Tron-Society","producer":false,"votes":30699903,"missedTotal":2433.0,"producedTrx":0,"votesPercentage":0.12661091103414354},{"producePercentage":99.00614905199443,"address":"TSbhZijH2t7Qn1UAHAu7PBHQdVAvRwSyYr","latestSlotNumber":5.18464799E8,"url":"https://www.iggalaxy.com","latestBlockNumber":8416221.0,"producedTotal":154409.0,"name":"Intergalactic-Gaming","producer":false,"votes":6086168,"missedTotal":1550.0,"producedTrx":0,"votesPercentage":0.025100251137173017},{"producePercentage":99.77451211951227,"address":"TE7hnUtWRRBz3SkFrX8JESWUmEvxxAhoPt","latestSlotNumber":5.28428312E8,"url":"https://www.tronwallet.me/","latestBlockNumber":1.8340814E7,"producedTotal":540714.0,"name":"TronWalletMe","producer":true,"votes":287498369,"missedTotal":1222.0,"producedTrx":0,"votesPercentage":1.1856855189386224},{"producePercentage":99.571136827774,"addre"
12:57:39.673 [TestNG-tests-1] DEBUG org.apache.http.wire -  << "ss":"TN2MEB71iox2mDwwngdTrUyUZXeENcb79F","latestSlotNumber":5.27032788E8,"url":"https://www.tron-europe.org","latestBlockNumber":1.6947364E7,"producedTotal":438810.0,"name":"SR-TRON-Europe","producer":false,"votes":169410377,"missedTotal":1890.0,"producedTrx":0,"votesPercentage":0.6986732880103145},{"producePercentage":99.0132693036775,"address":"TV6qcwSp38uESiDczxxb7zbJX1h2LfDs78","latestSlotNumber":5.16002399E8,"url":"Tronstronics","latestBlockNumber":5971325.0,"producedTotal":195873.0,"name":"TronsTronics","producer":false,"votes":6402656,"missedTotal":1952.0,"producedTrx":0,"votesPercentage":0.02640549415410939},{"producePercentage":99.73090323188148,"address":"TVa6MF7SgZa8PToLoQ9PNq6KQHyTXLBz1p","latestSlotNumber":5.28428306E8,"url":"http://krypto-knight.us/","latestBlockNumber":1.8340808E7,"producedTotal":476609.0,"name":"KryptoKnight","producer":true,"votes":295241924,"missedTotal":1286.0,"producedTrx":0,"votesPercentage":1.2176210776012344},{"producePercentage":98.7338106812906,"address":"TJ2aDMgeipmoZRuUEru2ri8t7TGkxnm6qY","latestSlotNumber":5.28428311E8,"url":"https://www.huobipool.com","latestBlockNumber":1.8340813E7,"producedTotal":613758.0,"name":"Huobi_pool","producer":true,"votes":287939588,"missedTotal":7871.0,"producedTrx":0,"votesPercentage":1.1875051709276068},{"producePercentage":99.57515373981028,"address":"TPMGfspxLQGom8sKutrbHcDKtHjRHFbGKw","latestSlotNumber":5.28428322E8,"url":"https://infstones.io/","latestBlockNumber":1.8340824E7,"producedTotal":522197.0,"name":"Infinity-Stones","producer":true,"votes":331328946,"missedTotal":2228.0,"producedTrx":0,"votesPercentage":1.366449258977872},{"producePercentage":99.13681772974898,"address":"TTuT2AG5q37f74zra7PjAApUmyVaXmFvC4","latestSlotNumber":5.18572799E8,"url":"http://raybo.com","latestBlockNumber":8523378.0,"producedTotal":267142.0,"name":"RayboTron","producer":false,"votes":74940,"missedTotal":2326.0,"producedTrx":0,"votesPercentage":3.090635717285073E-4},{"producePercentage":99.07332301933677,"address":"TSRmKPv8kvokcHKfLeySQ3gNHyYrAAXrnc","latestSlotNumber":5.18435979E8,"url":"http://dapps.house","latestBlockNumber":8387532.0,"producedTotal":250389.0,"name":"DAPPHOUSE","producer":false,"votes":100570,"missedTotal":2342.0,"producedTrx":0,"votesPercentage":4.1476545781606597E-4},{"producePercentage":99.28374526180674,"address":"TGj1Ej1qRzL9feLTLhjwgxXF4Ct6GTWg2U","latestSlotNumber":5.28428314E8,"url":"http://www.skypeople.co.kr","latestBlockNumber":1.8340816E7,"producedTotal":676026.0,"name":"Skypeople","producer":true,"votes":982129390,"missedTotal":4877.0,"producedTrx":0,"votesPercentage":4.050445919041101},{"producePercentage":99.39076958445888,"address":"TVFKwzE8qeETLaZEHMx2tjEsdnujAgAWaA""
12:57:39.674 [TestNG-tests-1] DEBUG org.apache.http.wire -  << ","latestSlotNumber":5.28428325E8,"url":"http://blockchain.org","latestBlockNumber":1.8340827E7,"producedTotal":432325.0,"name":"BlockchainOrg","producer":true,"votes":317451639,"missedTotal":2650.0,"producedTrx":0,"votesPercentage":1.3092172057700655},{"producePercentage":99.03690739388165,"address":"TPRxUBEakukBMwTScCHgvCPSBYk5UhfboJ","latestSlotNumber":5.2408798E8,"url":"http://www.cryptodiva.io/","latestBlockNumber":1.4005616E7,"producedTotal":503055.0,"name":"CryptoDivaSR","producer":false,"votes":1840665,"missedTotal":4892.0,"producedTrx":0,"votesPercentage":0.007591172928418107},{"producePercentage":99.70984621379827,"address":"TTW663tQYJTTCtHh6DWKAfexRhPMf2DxQ1","latestSlotNumber":5.284283E8,"url":"http://tronalliance.org","latestBlockNumber":1.8340802E7,"producedTotal":424745.0,"name":"TRONALLIANCE","producer":true,"votes":311978679,"missedTotal":1236.0,"producedTrx":0,"votesPercentage":1.2866459145300435},{"producePercentage":99.69627836667317,"address":"TY65QiDt4hLTMpf3WRzcX357BnmdxT2sw9","latestSlotNumber":5.28428323E8,"url":"https://www.utorrent.com/","latestBlockNumber":1.8340825E7,"producedTotal":645009.0,"name":"uTorrent","producer":true,"votes":330853949,"missedTotal":1965.0,"producedTrx":0,"votesPercentage":1.3644903015535281},{"producePercentage":99.02021463966287,"address":"TYVJ8JuQ6ctzCa2u79MFmvvNQ1U2tYQEUM","latest"
12:57:39.774 [TestNG-tests-1] DEBUG org.apache.http.wire -  << "SlotNumber":5.25232781E8,"url":"http://tronone.com","latestBlockNumber":1.5149942E7,"producedTotal":518353.0,"name":"TRON-ONE","producer":false,"votes":46899291,"missedTotal":5129.0,"producedTrx":0,"votesPercentage":0.19341956749392364},{"producePercentage":99.13989948240942,"address":"TGzz8gjYiYRqpfmDwnLxfgPuLVNmpCswVp","latestSlotNumber":5.28428318E8,"url":"https://www.sesameseed.org","latestBlockNumber":1.834082E7,"producedTotal":660817.0,"name":"Sesameseed","producer":true,"votes":391145419,"missedTotal":5733.0,"producedTrx":0,"votesPercentage":1.6131411830982594},{"producePercentage":99.43899287693867,"address":"TTMNxTmRpBZnjtUnohX84j25NLkTqDga7j","latestSlotNumber":5.28428324E8,"url":"https://tronspark.com","latestBlockNumber":1.8340826E7,"producedTotal":621087.0,"name":"TronSpark","producer":true,"votes":326489461,"missedTotal":3504.0,"producedTrx":0,"votesPercentage":1.3464905117210462},{"producePercentage":99.3357973110504,"address":"TSzoLaVCdSNDpNxgChcFt9rSRF5wWAZiR4","latestSlotNumber":5.28428304E8,"url":"http://trx.market","latestBlockNumber":1.8340806E7,"producedTotal":611985.0,"name":"TRXMarket","producer":true,"votes":296064343,"missedTotal":4092.0,"producedTrx":0,"votesPercentage":1.2210128544039751},{"producePercentage":99.40907431398858,"address":"TSNbzxac4WhxN91XvaUfPTKP2jNT18mP6T","latestSlotNumber":5.28428303E8,"ur"
12:57:39.774 [TestNG-tests-1] DEBUG org.apache.http.wire -  << "l":"https://www.bittorrent.com/","latestBlockNumber":1.8340805E7,"producedTotal":645315.0,"name":"BitTorrent","producer":true,"votes":297079432,"missedTotal":3836.0,"producedTrx":0,"votesPercentage":1.225199230597761},{"producePercentage":99.72781769820159,"address":"TFA1qpUkQ1yBDw4pgZKx25wEZAqkjGoZo1","latestSlotNumber":5.28428301E8,"url":"https://twitter.com/justinsuntron","latestBlockNumber":1.8340803E7,"producedTotal":628011.0,"name":"JustinSunTron","producer":true,"votes":311446630,"missedTotal":1714.0,"producedTrx":0,"votesPercentage":1.2844516662744447}],"state":"APPROVED","totalVotes":24,"validVotes":24,"createSelf":false},{"proposalId":14,"proposer":{"producePercentage":99.02021463966287,"address":"TYVJ8JuQ6ctzCa2u79MFmvvNQ1U2tYQEUM","latestSlotNumber":5.25232781E8,"url":"http://tronone.com","latestBlockNumber":1.5149942E7,"producedTotal":518353.0,"name":"TRON-ONE","producer":false,"votes":46899291,"missedTotal":5129.0,"producedTrx":0,"votesPercentage":0.19341956749392364},"paramters":[{"value":1,"key":15}],"expirationTime":1546668000000,"createTime":1546402917000,"approveSelf":false,"typeApprovals":{"candidate":[],"partner":[],"sr":[{"producePercentage":99.57515373981028,"address":"TPMGfspxLQGom8sKutrbHcDKtHjRHFbGKw","latestSlotNumber":5.28428322E8,"url":"https://infstones.io/","latestBlockNumber":1.8340824E7,"producedTotal":522197.0,"name":"Infinity-Stones","producer":true,"votes":331328946,"missedTotal":2228.0,"producedTrx":0,"votesPercentage":1.366449258977872},{"producePercentage":99.40907431398858,"address":"TSNbzxac4WhxN91XvaUfPTKP2jNT18mP6T","latestSlotNumber":5.28428303E8,"url":"https://www.bittorrent.com/","latestBlockNumber":1.8340805E7,"producedTotal":645315.0,"name":"BitTorrent","producer":true,"votes":297079432,"missedTotal":3836.0,"producedTrx":0,"votesPercentage":1.225199230597761},{"producePercentage":98.42101945113939,"address":"TEKUPpjTMKWw9LJZ9YJ4enhCjAmVXSL7M6","latestSlotNumber":5.21575194E8,"url":"http://www.lianjinshu.com","latestBlockNumber":1.1497746E7,"producedTotal":405906.0,"name":"lianjinshu","producer":false,"votes":6265075,"missedTotal":6512.0,"producedTrx":0,"votesPercentage":0.025838089893874806},{"producePercentage":99.03690739388165,"address":"TPRxUBEakukBMwTScCHgvCPSBYk5UhfboJ","latestSlotNumber":5.2408798E8,"url":"http://www.cryptodiva.io/","latestBlockNumber":1.4005616E7,"producedTotal":503055.0,"name":"CryptoDivaSR","producer":false,"votes":1840665,"missedTotal":4892.0,"producedTrx":0,"votesPercentage":0.007591172928418107},{"producePercentage":99.02021463966287,"address":"TYVJ8JuQ6ctzCa2u79MFmvvNQ1U2tYQEUM","latestSlotNumber":5.25232781E8,"url":"http://tronone.com","latestBlockNumber":1.5149942E7,"producedTotal":5183"
12:57:39.775 [TestNG-tests-1] DEBUG org.apache.http.wire -  << "53.0,"name":"TRON-ONE","producer":false,"votes":46899291,"missedTotal":5129.0,"producedTrx":0,"votesPercentage":0.19341956749392364},{"producePercentage":99.72781769820159,"address":"TFA1qpUkQ1yBDw4pgZKx25wEZAqkjGoZo1","latestSlotNumber":5.28428301E8,"url":"https://twitter.com/justinsuntron","latestBlockNumber":1.8340803E7,"producedTotal":628011.0,"name":"JustinSunTron","producer":true,"votes":311446630,"missedTotal":1714.0,"producedTrx":0,"votesPercentage":1.2844516662744447},{"producePercentage":99.43899287693867,"address":"TTMNxTmRpBZnjtUnohX84j25NLkTqDga7j","latestSlotNumber":5.28428324E8,"url":"https://tronspark.com","latestBlockNumber":1.8340826E7,"producedTotal":621087.0,"name":"TronSpark","producer":true,"votes":326489461,"missedTotal":3504.0,"producedTrx":0,"votesPercentage":1.3464905117210462},{"producePercentage":99.00614905199443,"address":"TSbhZijH2t7Qn1UAHAu7PBHQdVAvRwSyYr","latestSlotNumber":5.18464799E8,"url":"https://www.iggalaxy.com","latestBlockNumber":8416221.0,"producedTotal":154409.0,"name":"Intergalactic-Gaming","producer":false,"votes":6086168,"missedTotal":1550.0,"producedTrx":0,"votesPercentage":0.025100251137173017},{"producePercentage":99.63845358596802,"address":"TNaJADoq1u2atryP1ZzwvmEE4ZBELXfMqw","latestSlotNumber":5.28428305E8,"url":"http://zempty.peiwo.cn/","latestBlockNumber":1.8340807E7,"producedTotal":511770.0,"name":"callmeSR","producer":true,"votes":295527279,"missedTotal":1857.0,"producedTrx":0,"votesPercentage":1.218797923551469},{"producePercentage":99.3357973110504,"address":"TSzoLaVCdSNDpNxgChcFt9rSRF5wWAZiR4","latestSlotNumber":5.28428304E8,"url":"http://trx.market","latestBlockNumber":1.8340806E7,"producedTotal":611985.0,"name":"TRXMarket","producer":true,"votes":296064343,"missedTotal":4092.0,"producedTrx":0,"votesPercentage":1.2210128544039751},{"producePercentage":99.69627836667317,"address":"TY65QiDt4hLTMpf3WRzcX357BnmdxT2sw9","latestSlotNumber":5.28428323E8,"url":"https://www.utorrent.com/","latestBlockNumber":1.8340825E7,"producedTotal":645009.0,"name":"uTorrent","producer":true,"votes":330853949,"missedTotal":1965.0,"producedTrx":0,"votesPercentage":1.3644903015535281},{"producePercentage":99.70984621379827,"address":"TTW663tQYJTTCtHh6DWKAfexRhPMf2DxQ1","latestSlotNumber":5.284283E8,"url":"http://tronalliance.org","latestBlockNumber":1.8340802E7,"producedTotal":424745.0,"name":"TRONALLIANCE","producer":true,"votes":311978679,"missedTotal":1236.0,"producedTrx":0,"votesPercentage":1.2866459145300435},{"producePercentage":99.39076958445888,"address":"TVFKwzE8qeETLaZEHMx2tjEsdnujAgAWaA","latestSlotNumber":5.28428325E8,"url":"http://blockchain.org","latestBlockNumber":1.8340827E7,"producedTotal":432325.0,"name":"Blockch"
12:57:39.776 [TestNG-tests-1] DEBUG org.apache.http.wire -  << "ainOrg","producer":true,"votes":317451639,"missedTotal":2650.0,"producedTrx":0,"votesPercentage":1.3092172057700655},{"producePercentage":99.07332301933677,"address":"TSRmKPv8kvokcHKfLeySQ3gNHyYrAAXrnc","latestSlotNumber":5.18435979E8,"url":"http://dapps.house","latestBlockNumber":8387532.0,"producedTotal":250389.0,"name":"DAPPHOUSE","producer":false,"votes":100570,"missedTotal":2342.0,"producedTrx":0,"votesPercentage":4.1476545781606597E-4},{"producePercentage":99.13681772974898,"address":"TTuT2AG5q37f74zra7PjAApUmyVaXmFvC4","latestSlotNumber":5.18572799E8,"url":"http://raybo.com","latestBlockNumber":8523378.0,"producedTotal":267142.0,"name":"RayboTron","producer":false,"votes":74940,"missedTotal":2326.0,"producedTrx":0,"votesPercentage":3.090635717285073E-4},{"producePercentage":99.77451211951227,"address":"TE7hnUtWRRBz3SkFrX8JESWUmEvxxAhoPt","latestSlotNumber":5.28428312E8,"url":"https://www.tronwallet.me/","latestBlockNumber":1.8340814E7,"producedTotal":540714.0,"name":"TronWalletMe","producer":true,"votes":287498369,"missedTotal":1222.0,"producedTrx":0,"votesPercentage":1.1856855189386224},{"producePercentage":99.0132693036775,"address":"TV6qcwSp38uESiDczxxb7zbJX1h2LfDs78","latestSlotNumber":5.16002399E8,"url":"Tronstronics","latestBlockNumber":5971325.0,"producedTotal":195873.0,"name":"TronsTronics","producer":false,"votes":64026"
12:57:39.874 [TestNG-tests-1] DEBUG org.apache.http.wire -  << "56,"missedTotal":1952.0,"producedTrx":0,"votesPercentage":0.02640549415410939},{"producePercentage":99.73090323188148,"address":"TVa6MF7SgZa8PToLoQ9PNq6KQHyTXLBz1p","latestSlotNumber":5.28428306E8,"url":"http://krypto-knight.us/","latestBlockNumber":1.8340808E7,"producedTotal":476609.0,"name":"KryptoKnight","producer":true,"votes":295241924,"missedTotal":1286.0,"producedTrx":0,"votesPercentage":1.2176210776012344},{"producePercentage":99.64490380523401,"address":"TTcYhypP8m4phDhN6oRexz2174zAerjEWP","latestSlotNumber":5.28428319E8,"url":"https://www.cryptoguyinza.co.za/","latestBlockNumber":1.8340821E7,"producedTotal":653269.0,"name":"CryptoGuyInZA","producer":true,"votes":382448060,"missedTotal":2328.0,"producedTrx":0,"votesPercentage":1.5772719965871158},{"producePercentage":98.7338106812906,"address":"TJ2aDMgeipmoZRuUEru2ri8t7TGkxnm6qY","latestSlotNumber":5.28428311E8,"url":"https://www.huobipool.com","latestBlockNumber":1.8340813E7,"producedTotal":613758.0,"name":"Huobi_pool","producer":true,"votes":287939588,"missedTotal":7871.0,"producedTrx":0,"votesPercentage":1.1875051709276068},{"producePercentage":99.559248824381,"address":"TV9QitxEJ3pdiAUAfJ2QuPxLKp9qTTR3og","latestSlotNumber":5.28428315E8,"url":"https://www.bitguild.com","latestBlockNumber":1.8340817E7,"producedTotal":587302.0,"name":"BitGuild","producer":true,"votes":717572"
12:57:39.909 [TestNG-tests-1] DEBUG org.apache.http.wire -  << "645,"missedTotal":2600.0,"producedTrx":0,"votesPercentage":2.959375028534457},{"producePercentage":99.64979360077398,"address":"TKSXDA8HfE9E1y39RczVQ1ZascUEtaSToF","latestSlotNumber":5.28428299E8,"url":"http://cryptochain.network","latestBlockNumber":1.8340801E7,"producedTotal":644781.0,"name":"CryptoChain","producer":true,"votes":316549660,"missedTotal":2266.0,"producedTrx":0,"votesPercentage":1.3054973118367308},{"producePercentage":98.57857284741128,"address":"TQwqK8LhHGria5gkkfCVqQfE5mSwpvdp3B","latestSlotNumber":5.18255974E8,"url":"https://tron-society.com","latestBlockNumber":8208429.0,"producedTotal":168733.0,"name":"Tron-Society","producer":false,"votes":30699903,"missedTotal":2433.0,"producedTrx":0,"votesPercentage":0.12661091103414354},{"producePercentage":99.571136827774,"address":"TN2MEB71iox2mDwwngdTrUyUZXeENcb79F","latestSlotNumber":5.27032788E8,"url":"https://www.tron-europe.org","latestBlockNumber":1.6947364E7,"producedTotal":438810.0,"name":"SR-TRON-Europe","producer":false,"votes":169410377,"missedTotal":1890.0,"producedTrx":0,"votesPercentage":0.6986732880103145}]},"approvals":[{"producePercentage":99.57515373981028,"address":"TPMGfspxLQGom8sKutrbHcDKtHjRHFbGKw","latestSlotNumber":5.28428322E8,"url":"https://infstones.io/","latestBlockNumber":1.8340824E7,"producedTotal":522197.0,"name":"Infinity-Stones","producer":true,"votes":331328946,"missedTotal":2228.0,"producedTrx":0,"votesPercentage":1.366449258977872},{"producePercentage":99.40907431398858,"address":"TSNbzxac4WhxN91XvaUfPTKP2jNT18mP6T","latestSlotNumber":5.28428303E8,"url":"https://www.bittorrent.com/","latestBlockNumber":1.8340805E7,"producedTotal":645315.0,"name":"BitTorrent","producer":true,"votes":297079432,"missedTotal":3836.0,"producedTrx":0,"votesPercentage":1.225199230597761},{"producePercentage":98.42101945113939,"address":"TEKUPpjTMKWw9LJZ9YJ4enhCjAmVXSL7M6","latestSlotNumber":5.21575194E8,"url":"http://www.lianjinshu.com","latestBlockNumber":1.1497746E7,"producedTotal":405906.0,"name":"lianjinshu","producer":false,"votes":6265075,"missedTotal":6512.0,"producedTrx":0,"votesPercentage":0.025838089893874806},{"producePercentage":99.03690739388165,"address":"TPRxUBEakukBMwTScCHgvCPSBYk5UhfboJ","latestSlotNumber":5.2408798E8,"url":"http://www.cryptodiva.io/","latestBlockNumber":1.4005616E7,"producedTotal":503055.0,"name":"CryptoDivaSR","producer":false,"votes":1840665,"missedTotal":4892.0,"producedTrx":0,"votesPercentage":0.007591172928418107},{"producePercentage":99.02021463966287,"address":"TYVJ8JuQ6ctzCa2u79MFmvvNQ1U2tYQEUM","latestSlotNumber":5.25232781E8,"url":"http://tronone.com","latestBlockNumber":1.5149942E7,"producedTotal":518353.0,"name":"TRON-ONE","producer":false,"votes""
12:57:39.911 [TestNG-tests-1] DEBUG org.apache.http.wire -  << ":46899291,"missedTotal":5129.0,"producedTrx":0,"votesPercentage":0.19341956749392364},{"producePercentage":99.72781769820159,"address":"TFA1qpUkQ1yBDw4pgZKx25wEZAqkjGoZo1","latestSlotNumber":5.28428301E8,"url":"https://twitter.com/justinsuntron","latestBlockNumber":1.8340803E7,"producedTotal":628011.0,"name":"JustinSunTron","producer":true,"votes":311446630,"missedTotal":1714.0,"producedTrx":0,"votesPercentage":1.2844516662744447},{"producePercentage":99.43899287693867,"address":"TTMNxTmRpBZnjtUnohX84j25NLkTqDga7j","latestSlotNumber":5.28428324E8,"url":"https://tronspark.com","latestBlockNumber":1.8340826E7,"producedTotal":621087.0,"name":"TronSpark","producer":true,"votes":326489461,"missedTotal":3504.0,"producedTrx":0,"votesPercentage":1.3464905117210462},{"producePercentage":99.00614905199443,"address":"TSbhZijH2t7Qn1UAHAu7PBHQdVAvRwSyYr","latestSlotNumber":5.18464799E8,"url":"https://www.iggalaxy.com","latestBlockNumber":8416221.0,"producedTotal":154409.0,"name":"Intergalactic-Gaming","producer":false,"votes":6086168,"missedTotal":1550.0,"producedTrx":0,"votesPercentage":0.025100251137173017},{"producePercentage":99.63845358596802,"address":"TNaJADoq1u2atryP1ZzwvmEE4ZBELXfMqw","latestSlotNumber":5.28428305E8,"url":"http://zempty.peiwo.cn/","latestBlockNumber":1.8340807E7,"producedTotal":511770.0,"name":"callmeSR","producer":true,"votes":295527279,"missedTotal":1857.0,"producedTrx":0,"votesPercentage":1.218797923551469},{"producePercentage":99.3357973110504,"address":"TSzoLaVCdSNDpNxgChcFt9rSRF5wWAZiR4","latestSlotNumber":5.28428304E8,"url":"http://trx.market","latestBlockNumber":1.8340806E7,"producedTotal":611985.0,"name":"TRXMarket","producer":true,"votes":296064343,"missedTotal":4092.0,"producedTrx":0,"votesPercentage":1.2210128544039751},{"producePercentage":99.69627836667317,"address":"TY65QiDt4hLTMpf3WRzcX357BnmdxT2sw9","latestSlotNumber":5.28428323E8,"url":"https://www.utorrent.com/","latestBlockNumber":1.8340825E7,"producedTotal":645009.0,"name":"uTorrent","producer":true,"votes":330853949,"missedTotal":1965.0,"producedTrx":0,"votesPercentage":1.3644903015535281},{"producePercentage":99.70984621379827,"address":"TTW663tQYJTTCtHh6DWKAfexRhPMf2DxQ1","latestSlotNumber":5.284283E8,"url":"http://tronalliance.org","latestBlockNumber":1.8340802E7,"producedTotal":424745.0,"name":"TRONALLIANCE","producer":true,"votes":311978679,"missedTotal":1236.0,"producedTrx":0,"votesPercentage":1.2866459145300435},{"producePercentage":99.39076958445888,"address":"TVFKwzE8qeETLaZEHMx2tjEsdnujAgAWaA","latestSlotNumber":5.28428325E8,"url":"http://blockchain.org","latestBlockNumber":1.8340827E7,"producedTotal":432325.0,"name":"BlockchainOrg","producer":true,"votes":317451639,"miss"
12:57:39.912 [TestNG-tests-1] DEBUG org.apache.http.wire -  << "edTotal":2650.0,"producedTrx":0,"votesPercentage":1.3092172057700655},{"producePercentage":99.07332301933677,"address":"TSRmKPv8kvokcHKfLeySQ3gNHyYrAAXrnc","latestSlotNumber":5.18435979E8,"url":"http://dapps.house","latestBlockNumber":8387532.0,"producedTotal":250389.0,"name":"DAPPHOUSE","producer":false,"votes":100570,"missedTotal":2342.0,"producedTrx":0,"votesPercentage":4.1476545781606597E-4},{"producePercentage":99.13681772974898,"address":"TTuT2AG5q37f74zra7PjAApUmyVaXmFvC4","latestSlotNumber":5.18572799E8,"url":"http://raybo.com","latestBlockNumber":8523378.0,"producedTotal":267142.0,"name":"RayboTron","producer":false,"votes":74940,"missedTotal":2326.0,"producedTrx":0,"votesPercentage":3.090635717285073E-4},{"producePercentage":99.77451211951227,"address":"TE7hnUtWRRBz3SkFrX8JESWUmEvxxAhoPt","latestSlotNumber":5.28428312E8,"url":"https://www.tronwallet.me/","latestBlockNumber":1.8340814E7,"producedTotal":540714.0,"name":"TronWalletMe","producer":true,"votes":287498369,"missedTotal":1222.0,"producedTrx":0,"votesPercentage":1.1856855189386224},{"producePercentage":99.0132693036775,"address":"TV6qcwSp38uESiDczxxb7zbJX1h2LfDs78","latestSlotNumber":5.16002399E8,"url":"Tronstronics","latestBlockNumber":5971325.0,"producedTotal":195873.0,"name":"TronsTronics","producer":false,"votes":6402656,"missedTotal":1952.0,"producedTrx":0,"votesP"
12:57:39.912 [TestNG-tests-1] DEBUG org.apache.http.wire -  << "ercentage":0.02640549415410939},{"producePercentage":99.73090323188148,"address":"TVa6MF7SgZa8PToLoQ9PNq6KQHyTXLBz1p","latestSlotNumber":5.28428306E8,"url":"http://krypto-knight.us/","latestBlockNumber":1.8340808E7,"producedTotal":476609.0,"name":"KryptoKnight","producer":true,"votes":295241924,"missedTotal":1286.0,"producedTrx":0,"votesPercentage":1.2176210776012344},{"producePercentage":99.64490380523401,"address":"TTcYhypP8m4phDhN6oRexz2174zAerjEWP","latestSlotNumber":5.28428319E8,"url":"https://www.cryptoguyinza.co.za/","latestBlockNumber":1.8340821E7,"producedTotal":653269.0,"name":"CryptoGuyInZA","producer":true,"votes":382448060,"missedTotal":2328.0,"producedTrx":0,"votesPercentage":1.5772719965871158},{"producePercentage":98.7338106812906,"address":"TJ2aDMgeipmoZRuUEru2ri8t7TGkxnm6qY","latestSlotNumber":5.28428311E8,"url":"https://www.huobipool.com","latestBlockNumber":1.8340813E7,"producedTotal":613758.0,"name":"Huobi_pool","producer":true,"votes":287939588,"missedTotal":7871.0,"producedTrx":0,"votesPercentage":1.1875051709276068},{"producePercentage":99.559248824381,"address":"TV9QitxEJ3pdiAUAfJ2QuPxLKp9qTTR3og","latestSlotNumber":5.28428315E8,"url":"https://www.bitguild.com","latestBlockNumber":1.8340817E7,"producedTotal":587302.0,"name":"BitGuild","producer":true,"votes":717572645,"missedTotal":2600.0,"producedTrx":0,"votes"
12:57:39.912 [TestNG-tests-1] DEBUG org.apache.http.wire -  << "Percentage":2.959375028534457},{"producePercentage":99.64979360077398,"address":"TKSXDA8HfE9E1y39RczVQ1ZascUEtaSToF","latestSlotNumber":5.28428299E8,"url":"http://cryptochain.network","latestBlockNumber":1.8340801E7,"producedTotal":644781.0,"name":"CryptoChain","producer":true,"votes":316549660,"missedTotal":2266.0,"producedTrx":0,"votesPercentage":1.3054973118367308},{"producePercentage":98.57857284741128,"address":"TQwqK8LhHGria5gkkfCVqQfE5mSwpvdp3B","latestSlotNumber":5.18255974E8,"url":"https://tron-society.com","latestBlockNumber":8208429.0,"producedTotal":168733.0,"name":"Tron-Society","producer":false,"votes":30699903,"missedTotal":2433.0,"producedTrx":0,"votesPercentage":0.12661091103414354},{"producePercentage":99.571136827774,"address":"TN2MEB71iox2mDwwngdTrUyUZXeENcb79F","latestSlotNumber":5.27032788E8,"url":"https://www.tron-europe.org","latestBlockNumber":1.6947364E7,"producedTotal":438810.0,"name":"SR-TRON-Europe","producer":false,"votes":169410377,"missedTotal":1890.0,"producedTrx":0,"votesPercentage":0.6986732880103145}],"state":"APPROVED","totalVotes":24,"validVotes":24,"createSelf":false}]}[\n]"
12:57:39.913 [TestNG-tests-1] DEBUG org.apache.http.wire -  << "[\r][\n]"
12:57:39.913 [TestNG-tests-1] DEBUG org.apache.http.wire -  << "0[\r][\n]"
12:57:39.913 [TestNG-tests-1] DEBUG org.apache.http.wire -  << "[\r][\n]"
12:57:39.913 [TestNG-tests-1] DEBUG org.apache.http.impl.conn.DefaultClientConnection - Connection 0.0.0.0:60993<->18.216.178.128:80 closed
12:57:39.913 [TestNG-tests-1] DEBUG org.apache.http.impl.conn.PoolingClientConnectionManager - Connection released: [id: 15][route: {}->http://apilist.tronscan.org:80][total kept alive: 0; route allocated: 0 of 80; total allocated: 0 of 100]
12:57:39.918 [TestNG-tests-1] INFO tron.common.TronscanApiList - ----------------------------Print JSON Start---------------------------
12:57:39.918 [TestNG-tests-1] INFO tron.common.TronscanApiList - total:33
12:57:39.921 [TestNG-tests-1] INFO tron.common.TronscanApiList - data:[{"typeApprovals":{"candidate":[],"partner":[{"producePercentage":0.0,"producedTotal":0.0,"address":"TMXiQ2W35fDochXM6dDUrF3ZDnWR2uwcRW","latestSlotNumber":0.0,"name":"PHI-ECAFE","producer":false,"votes":336281,"missedTotal":0.0,"producedTrx":0,"votesPercentage":0.0013868722573316542,"url":" https://www.phituasesor.com/smart-2/","latestBlockNumber":0.0},{"producePercentage":0.0,"producedTotal":0.0,"address":"TWEcP8CPhcdmmo1R2RANXGBRYAHvxNoLst","latestSlotNumber":0.0,"name":"OneMillionCom_Community","producer":false,"votes":1886395,"missedTotal":0.0,"producedTrx":0,"votesPercentage":0.00777977016801171,"url":"https://www.millioncoinx.com/pl","latestBlockNumber":0.0}],"sr":[]},"createSelf":false,"createTime":1583796660000,"proposer":{"producePercentage":0.0,"producedTotal":0.0,"address":"TMXiQ2W35fDochXM6dDUrF3ZDnWR2uwcRW","latestSlotNumber":0.0,"name":"PHI-ECAFE","producer":false,"votes":336281,"missedTotal":0.0,"producedTrx":0,"votesPercentage":0.0013868722573316542,"url":" https://www.phituasesor.com/smart-2/","latestBlockNumber":0.0},"expirationTime":1584057600000,"totalVotes":2,"approvals":[{"producePercentage":0.0,"producedTotal":0.0,"address":"TMXiQ2W35fDochXM6dDUrF3ZDnWR2uwcRW","latestSlotNumber":0.0,"name":"PHI-ECAFE","producer":false,"votes":336281,"missedTotal":0.0,"producedTrx":0,"votesPercentage":0.0013868722573316542,"url":" https://www.phituasesor.com/smart-2/","latestBlockNumber":0.0},{"producePercentage":0.0,"producedTotal":0.0,"address":"TWEcP8CPhcdmmo1R2RANXGBRYAHvxNoLst","latestSlotNumber":0.0,"name":"OneMillionCom_Community","producer":false,"votes":1886395,"missedTotal":0.0,"producedTrx":0,"votesPercentage":0.00777977016801171,"url":"https://www.millioncoinx.com/pl","latestBlockNumber":0.0}],"validVotes":0,"paramters":[{"value":213000000,"key":31}],"state":"DISAPPROVED","approveSelf":false,"proposalId":33},{"typeApprovals":{"candidate":[],"partner":[{"producePercentage":0.0,"producedTotal":0.0,"address":"TMXiQ2W35fDochXM6dDUrF3ZDnWR2uwcRW","latestSlotNumber":0.0,"name":"PHI-ECAFE","producer":false,"votes":336281,"missedTotal":0.0,"producedTrx":0,"votesPercentage":0.0013868722573316542,"url":" https://www.phituasesor.com/smart-2/","latestBlockNumber":0.0}],"sr":[]},"createSelf":false,"createTime":1583525277000,"proposer":{"producePercentage":0.0,"producedTotal":0.0,"address":"TMXiQ2W35fDochXM6dDUrF3ZDnWR2uwcRW","latestSlotNumber":0.0,"name":"PHI-ECAFE","producer":false,"votes":336281,"missedTotal":0.0,"producedTrx":0,"votesPercentage":0.0013868722573316542,"url":" https://www.phituasesor.com/smart-2/","latestBlockNumber":0.0},"expirationTime":1583796264000,"totalVotes":1,"approvals":[{"producePercentage":0.0,"producedTotal":0.0,"address":"TMXiQ2W35fDochXM6dDUrF3ZDnWR2uwcRW","latestSlotNumber":0.0,"name":"PHI-ECAFE","producer":false,"votes":336281,"missedTotal":0.0,"producedTrx":0,"votesPercentage":0.0013868722573316542,"url":" https://www.phituasesor.com/smart-2/","latestBlockNumber":0.0}],"validVotes":0,"paramters":[{"value":13300000000,"key":1}],"state":"CANCELED","approveSelf":false,"proposalId":32},{"typeApprovals":{"candidate":[{"producePercentage":0.0,"producedTotal":0.0,"address":"THWeUoi3HYEnLDXigeyejjFSFAMaAJGnDU","latestSlotNumber":0.0,"name":"TronicStorm","producer":false,"votes":864,"missedTotal":0.0,"producedTrx":0,"votesPercentage":0.0000035632629566777468,"url":"VoteTronicStorm","latestBlockNumber":0.0}],"partner":[{"producePercentage":0.0,"producedTotal":0.0,"address":"TMXiQ2W35fDochXM6dDUrF3ZDnWR2uwcRW","latestSlotNumber":0.0,"name":"PHI-ECAFE","producer":false,"votes":336281,"missedTotal":0.0,"producedTrx":0,"votesPercentage":0.0013868722573316542,"url":" https://www.phituasesor.com/smart-2/","latestBlockNumber":0.0}],"sr":[]},"createSelf":false,"createTime":1583191653000,"proposer":{"producePercentage":0.0,"producedTotal":0.0,"address":"THWeUoi3HYEnLDXigeyejjFSFAMaAJGnDU","latestSlotNumber":0.0,"name":"TronicStorm","producer":false,"votes":864,"missedTotal":0.0,"producedTrx":0,"votesPercentage":0.0000035632629566777468,"url":"VoteTronicStorm","latestBlockNumber":0.0},"expirationTime":1583452800000,"totalVotes":2,"approvals":[{"producePercentage":0.0,"producedTotal":0.0,"address":"TMXiQ2W35fDochXM6dDUrF3ZDnWR2uwcRW","latestSlotNumber":0.0,"name":"PHI-ECAFE","producer":false,"votes":336281,"missedTotal":0.0,"producedTrx":0,"votesPercentage":0.0013868722573316542,"url":" https://www.phituasesor.com/smart-2/","latestBlockNumber":0.0},{"producePercentage":0.0,"producedTotal":0.0,"address":"THWeUoi3HYEnLDXigeyejjFSFAMaAJGnDU","latestSlotNumber":0.0,"name":"TronicStorm","producer":false,"votes":864,"missedTotal":0.0,"producedTrx":0,"votesPercentage":0.0000035632629566777468,"url":"VoteTronicStorm","latestBlockNumber":0.0}],"validVotes":0,"paramters":[{"value":75000000000,"key":1}],"state":"DISAPPROVED","approveSelf":false,"proposalId":31},{"typeApprovals":{"candidate":[],"partner":[{"producePercentage":0.0,"producedTotal":0.0,"address":"TMXiQ2W35fDochXM6dDUrF3ZDnWR2uwcRW","latestSlotNumber":0.0,"name":"PHI-ECAFE","producer":false,"votes":336281,"missedTotal":0.0,"producedTrx":0,"votesPercentage":0.0013868722573316542,"url":" https://www.phituasesor.com/smart-2/","latestBlockNumber":0.0}],"sr":[]},"createSelf":false,"createTime":1583191362000,"proposer":{"producePercentage":0.0,"producedTotal":0.0,"address":"TD4anu8auWfCDYqQpAEcLXVK6UgME9Jsid","latestSlotNumber":0.0,"name":"TronSecure-Super-Representative","producer":false,"votes":104018,"missedTotal":0.0,"producedTrx":0,"votesPercentage":0.0004289855164672521,"url":"https://tronsecure.io","latestBlockNumber":0.0},"expirationTime":1583452800000,"totalVotes":1,"approvals":[{"producePercentage":0.0,"producedTotal":0.0,"address":"TMXiQ2W35fDochXM6dDUrF3ZDnWR2uwcRW","latestSlotNumber":0.0,"name":"PHI-ECAFE","producer":false,"votes":336281,"missedTotal":0.0,"producedTrx":0,"votesPercentage":0.0013868722573316542,"url":" https://www.phituasesor.com/smart-2/","latestBlockNumber":0.0}],"validVotes":0,"paramters":[{"value":180000000,"key":31}],"state":"DISAPPROVED","approveSelf":false,"proposalId":30},{"typeApprovals":{"candidate":[],"partner":[{"producePercentage":0.0,"producedTotal":0.0,"address":"TWGGB35HUudizmcLheQN7kANDnD8KfgKkK","latestSlotNumber":0.0,"name":"TRON-Family","producer":false,"votes":4480843,"missedTotal":0.0,"producedTrx":0,"votesPercentage":0.018479654949755536,"url":"https://www.tron-family.de","latestBlockNumber":0.0},{"producePercentage":99.571136827774,"producedTotal":438810.0,"address":"TN2MEB71iox2mDwwngdTrUyUZXeENcb79F","latestSlotNumber":527032788,"name":"SR-TRON-Europe","producer":false,"votes":169410377,"missedTotal":1890.0,"producedTrx":0,"votesPercentage":0.6986732880103145,"url":"https://www.tron-europe.org","latestBlockNumber":16947364}],"sr":[{"producePercentage":99.64979360077398,"producedTotal":644781.0,"address":"TKSXDA8HfE9E1y39RczVQ1ZascUEtaSToF","latestSlotNumber":528428299,"name":"CryptoChain","producer":true,"votes":316549660,"missedTotal":2266.0,"producedTrx":0,"votesPercentage":1.3054973118367308,"url":"http://cryptochain.network","latestBlockNumber":18340801},{"producePercentage":99.77451211951227,"producedTotal":540714.0,"address":"TE7hnUtWRRBz3SkFrX8JESWUmEvxxAhoPt","latestSlotNumber":528428312,"name":"TronWalletMe","producer":true,"votes":287498369,"missedTotal":1222.0,"producedTrx":0,"votesPercentage":1.1856855189386224,"url":"https://www.tronwallet.me/","latestBlockNumber":18340814},{"producePercentage":99.43899287693867,"producedTotal":621087.0,"address":"TTMNxTmRpBZnjtUnohX84j25NLkTqDga7j","latestSlotNumber":528428324,"name":"TronSpark","producer":true,"votes":326489461,"missedTotal":3504.0,"producedTrx":0,"votesPercentage":1.3464905117210462,"url":"https://tronspark.com","latestBlockNumber":18340826},{"producePercentage":99.64490380523401,"producedTotal":653269.0,"address":"TTcYhypP8m4phDhN6oRexz2174zAerjEWP","latestSlotNumber":528428319,"name":"CryptoGuyInZA","producer":true,"votes":382448060,"missedTotal":2328.0,"producedTrx":0,"votesPercentage":1.5772719965871158,"url":"https://www.cryptoguyinza.co.za/","latestBlockNumber":18340821},{"producePercentage":99.80859429941233,"producedTotal":163214.0,"address":"THYPk7Z72REsPrHtZkcwp9pWJadsPxp1UP","latestSlotNumber":528428317,"name":"bitwirespool","producer":true,"votes":450776947,"missedTotal":313.0,"producedTrx":0,"votesPercentage":1.8590703668627175,"url":"https://www.beekuaibao.com","latestBlockNumber":18340819},{"producePercentage":99.96494954303621,"producedTotal":191086.0,"address":"TLyqzVGLV1srkB7dToTAEqgDSfPtXRJZYH","latestSlotNumber":528428313,"name":"Binance Staking","producer":true,"votes":13538303260,"missedTotal":67.0,"producedTrx":0,"votesPercentage":55.83395197063376,"url":"https://www.binance.com/en/staking","latestBlockNumber":18340815},{"producePercentage":99.559248824381,"producedTotal":587302.0,"address":"TV9QitxEJ3pdiAUAfJ2QuPxLKp9qTTR3og","latestSlotNumber":528428315,"name":"BitGuild","producer":true,"votes":717572645,"missedTotal":2600.0,"producedTrx":0,"votesPercentage":2.959375028534457,"url":"https://www.bitguild.com","latestBlockNumber":18340817},{"producePercentage":99.57515373981028,"producedTotal":522197.0,"address":"TPMGfspxLQGom8sKutrbHcDKtHjRHFbGKw","latestSlotNumber":528428322,"name":"Infinity-Stones","producer":true,"votes":331328946,"missedTotal":2228.0,"producedTrx":0,"votesPercentage":1.366449258977872,"url":"https://infstones.io/","latestBlockNumber":18340824},{"producePercentage":99.39076958445888,"producedTotal":432325.0,"address":"TVFKwzE8qeETLaZEHMx2tjEsdnujAgAWaA","latestSlotNumber":528428325,"name":"BlockchainOrg","producer":true,"votes":317451639,"missedTotal":2650.0,"producedTrx":0,"votesPercentage":1.3092172057700655,"url":"http://blockchain.org","latestBlockNumber":18340827},{"producePercentage":99.72781769820159,"producedTotal":628011.0,"address":"TFA1qpUkQ1yBDw4pgZKx25wEZAqkjGoZo1","latestSlotNumber":528428301,"name":"JustinSunTron","producer":true,"votes":311446630,"missedTotal":1714.0,"producedTrx":0,"votesPercentage":1.2844516662744447,"url":"https://twitter.com/justinsuntron","latestBlockNumber":18340803},{"producePercentage":99.40907431398858,"producedTotal":645315.0,"address":"TSNbzxac4WhxN91XvaUfPTKP2jNT18mP6T","latestSlotNumber":528428303,"name":"BitTorrent","producer":true,"votes":297079432,"missedTotal":3836.0,"producedTrx":0,"votesPercentage":1.225199230597761,"url":"https://www.bittorrent.com/","latestBlockNumber":18340805},{"producePercentage":99.69627836667317,"producedTotal":645009.0,"address":"TY65QiDt4hLTMpf3WRzcX357BnmdxT2sw9","latestSlotNumber":528428323,"name":"uTorrent","producer":true,"votes":330853949,"missedTotal":1965.0,"producedTrx":0,"votesPercentage":1.3644903015535281,"url":"https://www.utorrent.com/","latestBlockNumber":18340825},{"producePercentage":99.3357973110504,"producedTotal":611985.0,"address":"TSzoLaVCdSNDpNxgChcFt9rSRF5wWAZiR4","latestSlotNumber":528428304,"name":"TRXMarket","producer":true,"votes":296064343,"missedTotal":4092.0,"producedTrx":0,"votesPercentage":1.2210128544039751,"url":"http://trx.market","latestBlockNumber":18340806},{"producePercentage":99.88217999437923,"producedTotal":369620.0,"address":"TCEo1hMAdaJrQmvnGTCcGT2LqrGU4N7Jqf","latestSlotNumber":528428302,"name":"TRONScan","producer":true,"votes":305414830,"missedTotal":436.0,"producedTrx":0,"votesPercentage":1.259575636758138,"url":"https://tronscan.org","latestBlockNumber":18340804},{"producePercentage":99.90926263517805,"producedTotal":363357.0,"address":"TWkpg1ZQ4fTv7sj41zBUTMo1kuJEUWTere","latestSlotNumber":528428321,"name":"TRONLink","producer":true,"votes":346070027,"missedTotal":330.0,"producedTrx":0,"votesPercentage":1.4272436430851476,"url":"https://tronlink.org","latestBlockNumber":18340823},{"producePercentage":99.96986449413916,"producedTotal":288609.0,"address":"TUD4YXYdj2t1gP5th3A7t97mx1AUmrrQRt","latestSlotNumber":5.2842832E+8,"name":"TRONGrid","producer":true,"votes":368358512,"missedTotal":87.0,"producedTrx":0,"votesPercentage":1.5191646303084898,"url":"https://www.trongrid.io","latestBlockNumber":18340822},{"producePercentage":99.63845358596802,"producedTotal":511770.0,"address":"TNaJADoq1u2atryP1ZzwvmEE4ZBELXfMqw","latestSlotNumber":528428305,"name":"callmeSR","producer":true,"votes":295527279,"missedTotal":1857.0,"producedTrx":0,"votesPercentage":1.218797923551469,"url":"http://zempty.peiwo.cn/","latestBlockNumber":18340807},{"producePercentage":99.70984621379827,"producedTotal":424745.0,"address":"TTW663tQYJTTCtHh6DWKAfexRhPMf2DxQ1","latestSlotNumber":5.284283E+8,"name":"TRONALLIANCE","producer":true,"votes":311978679,"missedTotal":1236.0,"producedTrx":0,"votesPercentage":1.2866459145300435,"url":"http://tronalliance.org","latestBlockNumber":18340802},{"producePercentage":98.32266719114835,"producedTotal":194965.0,"address":"TNmas2SUNGJ2R1jq4Sivya5nHDLYN9ggpG","latestSlotNumber":5.2842831E+8,"name":"TheLastMe","producer":true,"votes":291339221,"missedTotal":3326.0,"producedTrx":0,"votesPercentage":1.2015257569637168,"url":"http://www.thelast.me","latestBlockNumber":18340812},{"producePercentage":99.99744323992637,"producedTotal":39111.0,"address":"TJvaAeFb8Lykt9RQcVyyTFN2iDvGMuyD4M","latestSlotNumber":528428316,"name":"Poloniex","producer":true,"votes":674334883,"missedTotal":1.0,"producedTrx":0,"votesPercentage":2.7810561446637987,"url":"https://poloniex.com/","latestBlockNumber":18340818},{"producePercentage":98.7338106812906,"producedTotal":613758.0,"address":"TJ2aDMgeipmoZRuUEru2ri8t7TGkxnm6qY","latestSlotNumber":528428311,"name":"Huobi_pool","producer":true,"votes":287939588,"missedTotal":7871.0,"producedTrx":0,"votesPercentage":1.1875051709276068,"url":"https://www.huobipool.com","latestBlockNumber":18340813}]},"createSelf":false,"createTime":1582255857000,"proposer":{"producePercentage":99.39076958445888,"producedTotal":432325.0,"address":"TVFKwzE8qeETLaZEHMx2tjEsdnujAgAWaA","latestSlotNumber":528428325,"name":"BlockchainOrg","producer":true,"votes":317451639,"missedTotal":2650.0,"producedTrx":0,"votesPercentage":1.3092172057700655,"url":"http://blockchain.org","latestBlockNumber":18340827},"expirationTime":1582524000000,"totalVotes":23,"approvals":[{"producePercentage":99.64979360077398,"producedTotal":644781.0,"address":"TKSXDA8HfE9E1y39RczVQ1ZascUEtaSToF","latestSlotNumber":528428299,"name":"CryptoChain","producer":true,"votes":316549660,"missedTotal":2266.0,"producedTrx":0,"votesPercentage":1.3054973118367308,"url":"http://cryptochain.network","latestBlockNumber":18340801},{"producePercentage":99.77451211951227,"producedTotal":540714.0,"address":"TE7hnUtWRRBz3SkFrX8JESWUmEvxxAhoPt","latestSlotNumber":528428312,"name":"TronWalletMe","producer":true,"votes":287498369,"missedTotal":1222.0,"producedTrx":0,"votesPercentage":1.1856855189386224,"url":"https://www.tronwallet.me/","latestBlockNumber":18340814},{"producePercentage":99.43899287693867,"producedTotal":621087.0,"address":"TTMNxTmRpBZnjtUnohX84j25NLkTqDga7j","latestSlotNumber":528428324,"name":"TronSpark","producer":true,"votes":326489461,"missedTotal":3504.0,"producedTrx":0,"votesPercentage":1.3464905117210462,"url":"https://tronspark.com","latestBlockNumber":18340826},{"producePercentage":99.64490380523401,"producedTotal":653269.0,"address":"TTcYhypP8m4phDhN6oRexz2174zAerjEWP","latestSlotNumber":528428319,"name":"CryptoGuyInZA","producer":true,"votes":382448060,"missedTotal":2328.0,"producedTrx":0,"votesPercentage":1.5772719965871158,"url":"https://www.cryptoguyinza.co.za/","latestBlockNumber":18340821},{"producePercentage":99.80859429941233,"producedTotal":163214.0,"address":"THYPk7Z72REsPrHtZkcwp9pWJadsPxp1UP","latestSlotNumber":528428317,"name":"bitwirespool","producer":true,"votes":450776947,"missedTotal":313.0,"producedTrx":0,"votesPercentage":1.8590703668627175,"url":"https://www.beekuaibao.com","latestBlockNumber":18340819},{"producePercentage":99.96494954303621,"producedTotal":191086.0,"address":"TLyqzVGLV1srkB7dToTAEqgDSfPtXRJZYH","latestSlotNumber":528428313,"name":"Binance Staking","producer":true,"votes":13538303260,"missedTotal":67.0,"producedTrx":0,"votesPercentage":55.83395197063376,"url":"https://www.binance.com/en/staking","latestBlockNumber":18340815},{"producePercentage":99.559248824381,"producedTotal":587302.0,"address":"TV9QitxEJ3pdiAUAfJ2QuPxLKp9qTTR3og","latestSlotNumber":528428315,"name":"BitGuild","producer":true,"votes":717572645,"missedTotal":2600.0,"producedTrx":0,"votesPercentage":2.959375028534457,"url":"https://www.bitguild.com","latestBlockNumber":18340817},{"producePercentage":99.57515373981028,"producedTotal":522197.0,"address":"TPMGfspxLQGom8sKutrbHcDKtHjRHFbGKw","latestSlotNumber":528428322,"name":"Infinity-Stones","producer":true,"votes":331328946,"missedTotal":2228.0,"producedTrx":0,"votesPercentage":1.366449258977872,"url":"https://infstones.io/","latestBlockNumber":18340824},{"producePercentage":99.39076958445888,"producedTotal":432325.0,"address":"TVFKwzE8qeETLaZEHMx2tjEsdnujAgAWaA","latestSlotNumber":528428325,"name":"BlockchainOrg","producer":true,"votes":317451639,"missedTotal":2650.0,"producedTrx":0,"votesPercentage":1.3092172057700655,"url":"http://blockchain.org","latestBlockNumber":18340827},{"producePercentage":99.72781769820159,"producedTotal":628011.0,"address":"TFA1qpUkQ1yBDw4pgZKx25wEZAqkjGoZo1","latestSlotNumber":528428301,"name":"JustinSunTron","producer":true,"votes":311446630,"missedTotal":1714.0,"producedTrx":0,"votesPercentage":1.2844516662744447,"url":"https://twitter.com/justinsuntron","latestBlockNumber":18340803},{"producePercentage":99.40907431398858,"producedTotal":645315.0,"address":"TSNbzxac4WhxN91XvaUfPTKP2jNT18mP6T","latestSlotNumber":528428303,"name":"BitTorrent","producer":true,"votes":297079432,"missedTotal":3836.0,"producedTrx":0,"votesPercentage":1.225199230597761,"url":"https://www.bittorrent.com/","latestBlockNumber":18340805},{"producePercentage":99.69627836667317,"producedTotal":645009.0,"address":"TY65QiDt4hLTMpf3WRzcX357BnmdxT2sw9","latestSlotNumber":528428323,"name":"uTorrent","producer":true,"votes":330853949,"missedTotal":1965.0,"producedTrx":0,"votesPercentage":1.3644903015535281,"url":"https://www.utorrent.com/","latestBlockNumber":18340825},{"producePercentage":99.3357973110504,"producedTotal":611985.0,"address":"TSzoLaVCdSNDpNxgChcFt9rSRF5wWAZiR4","latestSlotNumber":528428304,"name":"TRXMarket","producer":true,"votes":296064343,"missedTotal":4092.0,"producedTrx":0,"votesPercentage":1.2210128544039751,"url":"http://trx.market","latestBlockNumber":18340806},{"producePercentage":99.88217999437923,"producedTotal":369620.0,"address":"TCEo1hMAdaJrQmvnGTCcGT2LqrGU4N7Jqf","latestSlotNumber":528428302,"name":"TRONScan","producer":true,"votes":305414830,"missedTotal":436.0,"producedTrx":0,"votesPercentage":1.259575636758138,"url":"https://tronscan.org","latestBlockNumber":18340804},{"producePercentage":99.90926263517805,"producedTotal":363357.0,"address":"TWkpg1ZQ4fTv7sj41zBUTMo1kuJEUWTere","latestSlotNumber":528428321,"name":"TRONLink","producer":true,"votes":346070027,"missedTotal":330.0,"producedTrx":0,"votesPercentage":1.4272436430851476,"url":"https://tronlink.org","latestBlockNumber":18340823},{"producePercentage":99.96986449413916,"producedTotal":288609.0,"address":"TUD4YXYdj2t1gP5th3A7t97mx1AUmrrQRt","latestSlotNumber":5.2842832E+8,"name":"TRONGrid","producer":true,"votes":368358512,"missedTotal":87.0,"producedTrx":0,"votesPercentage":1.5191646303084898,"url":"https://www.trongrid.io","latestBlockNumber":18340822},{"producePercentage":99.63845358596802,"producedTotal":511770.0,"address":"TNaJADoq1u2atryP1ZzwvmEE4ZBELXfMqw","latestSlotNumber":528428305,"name":"callmeSR","producer":true,"votes":295527279,"missedTotal":1857.0,"producedTrx":0,"votesPercentage":1.218797923551469,"url":"http://zempty.peiwo.cn/","latestBlockNumber":18340807},{"producePercentage":99.70984621379827,"producedTotal":424745.0,"address":"TTW663tQYJTTCtHh6DWKAfexRhPMf2DxQ1","latestSlotNumber":5.284283E+8,"name":"TRONALLIANCE","producer":true,"votes":311978679,"missedTotal":1236.0,"producedTrx":0,"votesPercentage":1.2866459145300435,"url":"http://tronalliance.org","latestBlockNumber":18340802},{"producePercentage":98.32266719114835,"producedTotal":194965.0,"address":"TNmas2SUNGJ2R1jq4Sivya5nHDLYN9ggpG","latestSlotNumber":5.2842831E+8,"name":"TheLastMe","producer":true,"votes":291339221,"missedTotal":3326.0,"producedTrx":0,"votesPercentage":1.2015257569637168,"url":"http://www.thelast.me","latestBlockNumber":18340812},{"producePercentage":99.99744323992637,"producedTotal":39111.0,"address":"TJvaAeFb8Lykt9RQcVyyTFN2iDvGMuyD4M","latestSlotNumber":528428316,"name":"Poloniex","producer":true,"votes":674334883,"missedTotal":1.0,"producedTrx":0,"votesPercentage":2.7810561446637987,"url":"https://poloniex.com/","latestBlockNumber":18340818},{"producePercentage":98.7338106812906,"producedTotal":613758.0,"address":"TJ2aDMgeipmoZRuUEru2ri8t7TGkxnm6qY","latestSlotNumber":528428311,"name":"Huobi_pool","producer":true,"votes":287939588,"missedTotal":7871.0,"producedTrx":0,"votesPercentage":1.1875051709276068,"url":"https://www.huobipool.com","latestBlockNumber":18340813},{"producePercentage":0.0,"producedTotal":0.0,"address":"TWGGB35HUudizmcLheQN7kANDnD8KfgKkK","latestSlotNumber":0.0,"name":"TRON-Family","producer":false,"votes":4480843,"missedTotal":0.0,"producedTrx":0,"votesPercentage":0.018479654949755536,"url":"https://www.tron-family.de","latestBlockNumber":0.0},{"producePercentage":99.571136827774,"producedTotal":438810.0,"address":"TN2MEB71iox2mDwwngdTrUyUZXeENcb79F","latestSlotNumber":527032788,"name":"SR-TRON-Europe","producer":false,"votes":169410377,"missedTotal":1890.0,"producedTrx":0,"votesPercentage":0.6986732880103145,"url":"https://www.tron-europe.org","latestBlockNumber":16947364}],"validVotes":21,"paramters":[{"value":1,"key":32}],"state":"APPROVED","approveSelf":false,"proposalId":29},{"typeApprovals":{"candidate":[],"partner":[],"sr":[{"producePercentage":99.13989948240942,"producedTotal":660817.0,"address":"TGzz8gjYiYRqpfmDwnLxfgPuLVNmpCswVp","latestSlotNumber":528428318,"name":"Sesameseed","producer":true,"votes":391145419,"missedTotal":5733.0,"producedTrx":0,"votesPercentage":1.6131411830982594,"url":"https://www.sesameseed.org","latestBlockNumber":1.834082E+7},{"producePercentage":0.0,"producedTotal":0.0,"address":"TWGGB35HUudizmcLheQN7kANDnD8KfgKkK","latestSlotNumber":0.0,"name":"TRON-Family","producer":false,"votes":4480843,"missedTotal":0.0,"producedTrx":0,"votesPercentage":0.018479654949755536,"url":"https://www.tron-family.de","latestBlockNumber":0.0},{"producePercentage":99.559248824381,"producedTotal":587302.0,"address":"TV9QitxEJ3pdiAUAfJ2QuPxLKp9qTTR3og","latestSlotNumber":528428315,"name":"BitGuild","producer":true,"votes":717572645,"missedTotal":2600.0,"producedTrx":0,"votesPercentage":2.959375028534457,"url":"https://www.bitguild.com","latestBlockNumber":18340817},{"producePercentage":99.571136827774,"producedTotal":438810.0,"address":"TN2MEB71iox2mDwwngdTrUyUZXeENcb79F","latestSlotNumber":527032788,"name":"SR-TRON-Europe","producer":false,"votes":169410377,"missedTotal":1890.0,"producedTrx":0,"votesPercentage":0.6986732880103145,"url":"https://www.tron-europe.org","latestBlockNumber":16947364},{"producePercentage":0.0,"producedTotal":0.0,"address":"TDGy2M9qWBepSHDEutWWxWd1JZfmAed3BP","latestSlotNumber":0.0,"name":"CommunityNode","producer":false,"votes":2428751,"missedTotal":0.0,"producedTrx":0,"votesPercentage":0.010016526006127353,"url":"http://www.communitynode.org/","latestBlockNumber":0.0},{"producePercentage":98.66475833192578,"producedTotal":221974.0,"address":"TGfUjDNr5Huk8DumHfmzY2ksE6RRYpuGLG","latestSlotNumber":524159989,"name":"BeatzCoin","producer":false,"votes":26812811,"missedTotal":3004.0,"producedTrx":0,"votesPercentage":0.11057997245451576,"url":"https://www.beatzcoin.io/","latestBlockNumber":14077587},{"producePercentage":99.64979360077398,"producedTotal":644781.0,"address":"TKSXDA8HfE9E1y39RczVQ1ZascUEtaSToF","latestSlotNumber":528428299,"name":"CryptoChain","producer":true,"votes":316549660,"missedTotal":2266.0,"producedTrx":0,"votesPercentage":1.3054973118367308,"url":"http://cryptochain.network","latestBlockNumber":18340801},{"producePercentage":98.49972925577629,"producedTotal":594831.0,"address":"TBXB5tobBPCFkC8ihFDBWjaiwW2iSpzSfr","latestSlotNumber":527385598,"name":"TRONVIETNAM","producer":false,"votes":148275995,"missedTotal":9060.0,"producedTrx":0,"votesPercentage":0.6115119911435587,"url":"https://www.tronvietnam.com/","latestBlockNumber":17299301},{"producePercentage":99.64490380523401,"producedTotal":653269.0,"address":"TTcYhypP8m4phDhN6oRexz2174zAerjEWP","latestSlotNumber":528428319,"name":"CryptoGuyInZA","producer":true,"votes":382448060,"missedTotal":2328.0,"producedTrx":0,"votesPercentage":1.5772719965871158,"url":"https://www.cryptoguyinza.co.za/","latestBlockNumber":18340821},{"producePercentage":99.96494954303621,"producedTotal":191086.0,"address":"TLyqzVGLV1srkB7dToTAEqgDSfPtXRJZYH","latestSlotNumber":528428313,"name":"Binance Staking","producer":true,"votes":13538303260,"missedTotal":67.0,"producedTrx":0,"votesPercentage":55.83395197063376,"url":"https://www.binance.com/en/staking","latestBlockNumber":18340815},{"producePercentage":99.57515373981028,"producedTotal":522197.0,"address":"TPMGfspxLQGom8sKutrbHcDKtHjRHFbGKw","latestSlotNumber":528428322,"name":"Infinity-Stones","producer":true,"votes":331328946,"missedTotal":2228.0,"producedTrx":0,"votesPercentage":1.366449258977872,"url":"https://infstones.io/","latestBlockNumber":18340824}]},"createSelf":false,"createTime":1572682965000,"proposer":{"producePercentage":99.13989948240942,"producedTotal":660817.0,"address":"TGzz8gjYiYRqpfmDwnLxfgPuLVNmpCswVp","latestSlotNumber":528428318,"name":"Sesameseed","producer":true,"votes":391145419,"missedTotal":5733.0,"producedTrx":0,"votesPercentage":1.6131411830982594,"url":"https://www.sesameseed.org","latestBlockNumber":1.834082E+7},"expirationTime":1572955200000,"totalVotes":11,"approvals":[{"producePercentage":99.13989948240942,"producedTotal":660817.0,"address":"TGzz8gjYiYRqpfmDwnLxfgPuLVNmpCswVp","latestSlotNumber":528428318,"name":"Sesameseed","producer":true,"votes":391145419,"missedTotal":5733.0,"producedTrx":0,"votesPercentage":1.6131411830982594,"url":"https://www.sesameseed.org","latestBlockNumber":1.834082E+7},{"producePercentage":0.0,"producedTotal":0.0,"address":"TWGGB35HUudizmcLheQN7kANDnD8KfgKkK","latestSlotNumber":0.0,"name":"TRON-Family","producer":false,"votes":4480843,"missedTotal":0.0,"producedTrx":0,"votesPercentage":0.018479654949755536,"url":"https://www.tron-family.de","latestBlockNumber":0.0},{"producePercentage":99.559248824381,"producedTotal":587302.0,"address":"TV9QitxEJ3pdiAUAfJ2QuPxLKp9qTTR3og","latestSlotNumber":528428315,"name":"BitGuild","producer":true,"votes":717572645,"missedTotal":2600.0,"producedTrx":0,"votesPercentage":2.959375028534457,"url":"https://www.bitguild.com","latestBlockNumber":18340817},{"producePercentage":99.571136827774,"producedTotal":438810.0,"address":"TN2MEB71iox2mDwwngdTrUyUZXeENcb79F","latestSlotNumber":527032788,"name":"SR-TRON-Europe","producer":false,"votes":169410377,"missedTotal":1890.0,"producedTrx":0,"votesPercentage":0.6986732880103145,"url":"https://www.tron-europe.org","latestBlockNumber":16947364},{"producePercentage":0.0,"producedTotal":0.0,"address":"TDGy2M9qWBepSHDEutWWxWd1JZfmAed3BP","latestSlotNumber":0.0,"name":"CommunityNode","producer":false,"votes":2428751,"missedTotal":0.0,"producedTrx":0,"votesPercentage":0.010016526006127353,"url":"http://www.communitynode.org/","latestBlockNumber":0.0},{"producePercentage":98.66475833192578,"producedTotal":221974.0,"address":"TGfUjDNr5Huk8DumHfmzY2ksE6RRYpuGLG","latestSlotNumber":524159989,"name":"BeatzCoin","producer":false,"votes":26812811,"missedTotal":3004.0,"producedTrx":0,"votesPercentage":0.11057997245451576,"url":"https://www.beatzcoin.io/","latestBlockNumber":14077587},{"producePercentage":99.64979360077398,"producedTotal":644781.0,"address":"TKSXDA8HfE9E1y39RczVQ1ZascUEtaSToF","latestSlotNumber":528428299,"name":"CryptoChain","producer":true,"votes":316549660,"missedTotal":2266.0,"producedTrx":0,"votesPercentage":1.3054973118367308,"url":"http://cryptochain.network","latestBlockNumber":18340801},{"producePercentage":98.49972925577629,"producedTotal":594831.0,"address":"TBXB5tobBPCFkC8ihFDBWjaiwW2iSpzSfr","latestSlotNumber":527385598,"name":"TRONVIETNAM","producer":false,"votes":148275995,"missedTotal":9060.0,"producedTrx":0,"votesPercentage":0.6115119911435587,"url":"https://www.tronvietnam.com/","latestBlockNumber":17299301},{"producePercentage":99.64490380523401,"producedTotal":653269.0,"address":"TTcYhypP8m4phDhN6oRexz2174zAerjEWP","latestSlotNumber":528428319,"name":"CryptoGuyInZA","producer":true,"votes":382448060,"missedTotal":2328.0,"producedTrx":0,"votesPercentage":1.5772719965871158,"url":"https://www.cryptoguyinza.co.za/","latestBlockNumber":18340821},{"producePercentage":99.96494954303621,"producedTotal":191086.0,"address":"TLyqzVGLV1srkB7dToTAEqgDSfPtXRJZYH","latestSlotNumber":528428313,"name":"Binance Staking","producer":true,"votes":13538303260,"missedTotal":67.0,"producedTrx":0,"votesPercentage":55.83395197063376,"url":"https://www.binance.com/en/staking","latestBlockNumber":18340815},{"producePercentage":99.57515373981028,"producedTotal":522197.0,"address":"TPMGfspxLQGom8sKutrbHcDKtHjRHFbGKw","latestSlotNumber":528428322,"name":"Infinity-Stones","producer":true,"votes":331328946,"missedTotal":2228.0,"producedTrx":0,"votesPercentage":1.366449258977872,"url":"https://infstones.io/","latestBlockNumber":18340824}],"validVotes":11,"paramters":[{"value":160000000,"key":31}],"state":"DISAPPROVED","approveSelf":false,"proposalId":28},{"typeApprovals":{"candidate":[],"partner":[],"sr":[{"producePercentage":99.39076958445888,"producedTotal":432325.0,"address":"TVFKwzE8qeETLaZEHMx2tjEsdnujAgAWaA","latestSlotNumber":528428325,"name":"BlockchainOrg","producer":true,"votes":317451639,"missedTotal":2650.0,"producedTrx":0,"votesPercentage":1.3092172057700655,"url":"http://blockchain.org","latestBlockNumber":18340827},{"producePercentage":0.0,"producedTotal":0.0,"address":"TWGGB35HUudizmcLheQN7kANDnD8KfgKkK","latestSlotNumber":0.0,"name":"TRON-Family","producer":false,"votes":4480843,"missedTotal":0.0,"producedTrx":0,"votesPercentage":0.018479654949755536,"url":"https://www.tron-family.de","latestBlockNumber":0.0},{"producePercentage":98.57857284741128,"producedTotal":168733.0,"address":"TQwqK8LhHGria5gkkfCVqQfE5mSwpvdp3B","latestSlotNumber":518255974,"name":"Tron-Society","producer":false,"votes":30699903,"missedTotal":2433.0,"producedTrx":0,"votesPercentage":0.12661091103414354,"url":"https://tron-society.com","latestBlockNumber":8208429.0},{"producePercentage":99.571136827774,"producedTotal":438810.0,"address":"TN2MEB71iox2mDwwngdTrUyUZXeENcb79F","latestSlotNumber":527032788,"name":"SR-TRON-Europe","producer":false,"votes":169410377,"missedTotal":1890.0,"producedTrx":0,"votesPercentage":0.6986732880103145,"url":"https://www.tron-europe.org","latestBlockNumber":16947364},{"producePercentage":99.64979360077398,"producedTotal":644781.0,"address":"TKSXDA8HfE9E1y39RczVQ1ZascUEtaSToF","latestSlotNumber":528428299,"name":"CryptoChain","producer":true,"votes":316549660,"missedTotal":2266.0,"producedTrx":0,"votesPercentage":1.3054973118367308,"url":"http://cryptochain.network","latestBlockNumber":18340801},{"producePercentage":0.0,"producedTotal":0.0,"address":"TDGy2M9qWBepSHDEutWWxWd1JZfmAed3BP","latestSlotNumber":0.0,"name":"CommunityNode","producer":false,"votes":2428751,"missedTotal":0.0,"producedTrx":0,"votesPercentage":0.010016526006127353,"url":"http://www.communitynode.org/","latestBlockNumber":0.0},{"producePercentage":98.66475833192578,"producedTotal":221974.0,"address":"TGfUjDNr5Huk8DumHfmzY2ksE6RRYpuGLG","latestSlotNumber":524159989,"name":"BeatzCoin","producer":false,"votes":26812811,"missedTotal":3004.0,"producedTrx":0,"votesPercentage":0.11057997245451576,"url":"https://www.beatzcoin.io/","latestBlockNumber":14077587},{"producePercentage":98.49972925577629,"producedTotal":594831.0,"address":"TBXB5tobBPCFkC8ihFDBWjaiwW2iSpzSfr","latestSlotNumber":527385598,"name":"TRONVIETNAM","producer":false,"votes":148275995,"missedTotal":9060.0,"producedTrx":0,"votesPercentage":0.6115119911435587,"url":"https://www.tronvietnam.com/","latestBlockNumber":17299301},{"producePercentage":99.64490380523401,"producedTotal":653269.0,"address":"TTcYhypP8m4phDhN6oRexz2174zAerjEWP","latestSlotNumber":528428319,"name":"CryptoGuyInZA","producer":true,"votes":382448060,"missedTotal":2328.0,"producedTrx":0,"votesPercentage":1.5772719965871158,"url":"https://www.cryptoguyinza.co.za/","latestBlockNumber":18340821},{"producePercentage":99.96494954303621,"producedTotal":191086.0,"address":"TLyqzVGLV1srkB7dToTAEqgDSfPtXRJZYH","latestSlotNumber":528428313,"name":"Binance Staking","producer":true,"votes":13538303260,"missedTotal":67.0,"producedTrx":0,"votesPercentage":55.83395197063376,"url":"https://www.binance.com/en/staking","latestBlockNumber":18340815},{"producePercentage":98.7338106812906,"producedTotal":613758.0,"address":"TJ2aDMgeipmoZRuUEru2ri8t7TGkxnm6qY","latestSlotNumber":528428311,"name":"Huobi_pool","producer":true,"votes":287939588,"missedTotal":7871.0,"producedTrx":0,"votesPercentage":1.1875051709276068,"url":"https://www.huobipool.com","latestBlockNumber":18340813},{"producePercentage":99.13989948240942,"producedTotal":660817.0,"address":"TGzz8gjYiYRqpfmDwnLxfgPuLVNmpCswVp","latestSlotNumber":528428318,"name":"Sesameseed","producer":true,"votes":391145419,"missedTotal":5733.0,"producedTrx":0,"votesPercentage":1.6131411830982594,"url":"https://www.sesameseed.org","latestBlockNumber":1.834082E+7},{"producePercentage":99.559248824381,"producedTotal":587302.0,"address":"TV9QitxEJ3pdiAUAfJ2QuPxLKp9qTTR3og","latestSlotNumber":528428315,"name":"BitGuild","producer":true,"votes":717572645,"missedTotal":2600.0,"producedTrx":0,"votesPercentage":2.959375028534457,"url":"https://www.bitguild.com","latestBlockNumber":18340817},{"producePercentage":99.72781769820159,"producedTotal":628011.0,"address":"TFA1qpUkQ1yBDw4pgZKx25wEZAqkjGoZo1","latestSlotNumber":528428301,"name":"JustinSunTron","producer":true,"votes":311446630,"missedTotal":1714.0,"producedTrx":0,"votesPercentage":1.2844516662744447,"url":"https://twitter.com/justinsuntron","latestBlockNumber":18340803},{"producePercentage":99.40907431398858,"producedTotal":645315.0,"address":"TSNbzxac4WhxN91XvaUfPTKP2jNT18mP6T","latestSlotNumber":528428303,"name":"BitTorrent","producer":true,"votes":297079432,"missedTotal":3836.0,"producedTrx":0,"votesPercentage":1.225199230597761,"url":"https://www.bittorrent.com/","latestBlockNumber":18340805},{"producePercentage":99.69627836667317,"producedTotal":645009.0,"address":"TY65QiDt4hLTMpf3WRzcX357BnmdxT2sw9","latestSlotNumber":528428323,"name":"uTorrent","producer":true,"votes":330853949,"missedTotal":1965.0,"producedTrx":0,"votesPercentage":1.3644903015535281,"url":"https://www.utorrent.com/","latestBlockNumber":18340825},{"producePercentage":99.3357973110504,"producedTotal":611985.0,"address":"TSzoLaVCdSNDpNxgChcFt9rSRF5wWAZiR4","latestSlotNumber":528428304,"name":"TRXMarket","producer":true,"votes":296064343,"missedTotal":4092.0,"producedTrx":0,"votesPercentage":1.2210128544039751,"url":"http://trx.market","latestBlockNumber":18340806},{"producePercentage":99.88217999437923,"producedTotal":369620.0,"address":"TCEo1hMAdaJrQmvnGTCcGT2LqrGU4N7Jqf","latestSlotNumber":528428302,"name":"TRONScan","producer":true,"votes":305414830,"missedTotal":436.0,"producedTrx":0,"votesPercentage":1.259575636758138,"url":"https://tronscan.org","latestBlockNumber":18340804},{"producePercentage":99.90926263517805,"producedTotal":363357.0,"address":"TWkpg1ZQ4fTv7sj41zBUTMo1kuJEUWTere","latestSlotNumber":528428321,"name":"TRONLink","producer":true,"votes":346070027,"missedTotal":330.0,"producedTrx":0,"votesPercentage":1.4272436430851476,"url":"https://tronlink.org","latestBlockNumber":18340823},{"producePercentage":99.96986449413916,"producedTotal":288609.0,"address":"TUD4YXYdj2t1gP5th3A7t97mx1AUmrrQRt","latestSlotNumber":5.2842832E+8,"name":"TRONGrid","producer":true,"votes":368358512,"missedTotal":87.0,"producedTrx":0,"votesPercentage":1.5191646303084898,"url":"https://www.trongrid.io","latestBlockNumber":18340822},{"producePercentage":99.63845358596802,"producedTotal":511770.0,"address":"TNaJADoq1u2atryP1ZzwvmEE4ZBELXfMqw","latestSlotNumber":528428305,"name":"callmeSR","producer":true,"votes":295527279,"missedTotal":1857.0,"producedTrx":0,"votesPercentage":1.218797923551469,"url":"http://zempty.peiwo.cn/","latestBlockNumber":18340807},{"producePercentage":99.70984621379827,"producedTotal":424745.0,"address":"TTW663tQYJTTCtHh6DWKAfexRhPMf2DxQ1","latestSlotNumber":5.284283E+8,"name":"TRONALLIANCE","producer":true,"votes":311978679,"missedTotal":1236.0,"producedTrx":0,"votesPercentage":1.2866459145300435,"url":"http://tronalliance.org","latestBlockNumber":18340802},{"producePercentage":99.77451211951227,"producedTotal":540714.0,"address":"TE7hnUtWRRBz3SkFrX8JESWUmEvxxAhoPt","latestSlotNumber":528428312,"name":"TronWalletMe","producer":true,"votes":287498369,"missedTotal":1222.0,"producedTrx":0,"votesPercentage":1.1856855189386224,"url":"https://www.tronwallet.me/","latestBlockNumber":18340814},{"producePercentage":99.57515373981028,"producedTotal":522197.0,"address":"TPMGfspxLQGom8sKutrbHcDKtHjRHFbGKw","latestSlotNumber":528428322,"name":"Infinity-Stones","producer":true,"votes":331328946,"missedTotal":2228.0,"producedTrx":0,"votesPercentage":1.366449258977872,"url":"https://infstones.io/","latestBlockNumber":18340824}]},"createSelf":false,"createTime":1572673746000,"proposer":{"producePercentage":99.39076958445888,"producedTotal":432325.0,"address":"TVFKwzE8qeETLaZEHMx2tjEsdnujAgAWaA","latestSlotNumber":528428325,"name":"BlockchainOrg","producer":true,"votes":317451639,"missedTotal":2650.0,"producedTrx":0,"votesPercentage":1.3092172057700655,"url":"http://blockchain.org","latestBlockNumber":18340827},"expirationTime":1572933600000,"totalVotes":24,"approvals":[{"producePercentage":99.39076958445888,"producedTotal":432325.0,"address":"TVFKwzE8qeETLaZEHMx2tjEsdnujAgAWaA","latestSlotNumber":528428325,"name":"BlockchainOrg","producer":true,"votes":317451639,"missedTotal":2650.0,"producedTrx":0,"votesPercentage":1.3092172057700655,"url":"http://blockchain.org","latestBlockNumber":18340827},{"producePercentage":0.0,"producedTotal":0.0,"address":"TWGGB35HUudizmcLheQN7kANDnD8KfgKkK","latestSlotNumber":0.0,"name":"TRON-Family","producer":false,"votes":4480843,"missedTotal":0.0,"producedTrx":0,"votesPercentage":0.018479654949755536,"url":"https://www.tron-family.de","latestBlockNumber":0.0},{"producePercentage":98.57857284741128,"producedTotal":168733.0,"address":"TQwqK8LhHGria5gkkfCVqQfE5mSwpvdp3B","latestSlotNumber":518255974,"name":"Tron-Society","producer":false,"votes":30699903,"missedTotal":2433.0,"producedTrx":0,"votesPercentage":0.12661091103414354,"url":"https://tron-society.com","latestBlockNumber":8208429.0},{"producePercentage":99.571136827774,"producedTotal":438810.0,"address":"TN2MEB71iox2mDwwngdTrUyUZXeENcb79F","latestSlotNumber":527032788,"name":"SR-TRON-Europe","producer":false,"votes":169410377,"missedTotal":1890.0,"producedTrx":0,"votesPercentage":0.6986732880103145,"url":"https://www.tron-europe.org","latestBlockNumber":16947364},{"producePercentage":99.64979360077398,"producedTotal":644781.0,"address":"TKSXDA8HfE9E1y39RczVQ1ZascUEtaSToF","latestSlotNumber":528428299,"name":"CryptoChain","producer":true,"votes":316549660,"missedTotal":2266.0,"producedTrx":0,"votesPercentage":1.3054973118367308,"url":"http://cryptochain.network","latestBlockNumber":18340801},{"producePercentage":0.0,"producedTotal":0.0,"address":"TDGy2M9qWBepSHDEutWWxWd1JZfmAed3BP","latestSlotNumber":0.0,"name":"CommunityNode","producer":false,"votes":2428751,"missedTotal":0.0,"producedTrx":0,"votesPercentage":0.010016526006127353,"url":"http://www.communitynode.org/","latestBlockNumber":0.0},{"producePercentage":98.66475833192578,"producedTotal":221974.0,"address":"TGfUjDNr5Huk8DumHfmzY2ksE6RRYpuGLG","latestSlotNumber":524159989,"name":"BeatzCoin","producer":false,"votes":26812811,"missedTotal":3004.0,"producedTrx":0,"votesPercentage":0.11057997245451576,"url":"https://www.beatzcoin.io/","latestBlockNumber":14077587},{"producePercentage":98.49972925577629,"producedTotal":594831.0,"address":"TBXB5tobBPCFkC8ihFDBWjaiwW2iSpzSfr","latestSlotNumber":527385598,"name":"TRONVIETNAM","producer":false,"votes":148275995,"missedTotal":9060.0,"producedTrx":0,"votesPercentage":0.6115119911435587,"url":"https://www.tronvietnam.com/","latestBlockNumber":17299301},{"producePercentage":99.64490380523401,"producedTotal":653269.0,"address":"TTcYhypP8m4phDhN6oRexz2174zAerjEWP","latestSlotNumber":528428319,"name":"CryptoGuyInZA","producer":true,"votes":382448060,"missedTotal":2328.0,"producedTrx":0,"votesPercentage":1.5772719965871158,"url":"https://www.cryptoguyinza.co.za/","latestBlockNumber":18340821},{"producePercentage":99.96494954303621,"producedTotal":191086.0,"address":"TLyqzVGLV1srkB7dToTAEqgDSfPtXRJZYH","latestSlotNumber":528428313,"name":"Binance Staking","producer":true,"votes":13538303260,"missedTotal":67.0,"producedTrx":0,"votesPercentage":55.83395197063376,"url":"https://www.binance.com/en/staking","latestBlockNumber":18340815},{"producePercentage":98.7338106812906,"producedTotal":613758.0,"address":"TJ2aDMgeipmoZRuUEru2ri8t7TGkxnm6qY","latestSlotNumber":528428311,"name":"Huobi_pool","producer":true,"votes":287939588,"missedTotal":7871.0,"producedTrx":0,"votesPercentage":1.1875051709276068,"url":"https://www.huobipool.com","latestBlockNumber":18340813},{"producePercentage":99.13989948240942,"producedTotal":660817.0,"address":"TGzz8gjYiYRqpfmDwnLxfgPuLVNmpCswVp","latestSlotNumber":528428318,"name":"Sesameseed","producer":true,"votes":391145419,"missedTotal":5733.0,"producedTrx":0,"votesPercentage":1.6131411830982594,"url":"https://www.sesameseed.org","latestBlockNumber":1.834082E+7},{"producePercentage":99.559248824381,"producedTotal":587302.0,"address":"TV9QitxEJ3pdiAUAfJ2QuPxLKp9qTTR3og","latestSlotNumber":528428315,"name":"BitGuild","producer":true,"votes":717572645,"missedTotal":2600.0,"producedTrx":0,"votesPercentage":2.959375028534457,"url":"https://www.bitguild.com","latestBlockNumber":18340817},{"producePercentage":99.72781769820159,"producedTotal":628011.0,"address":"TFA1qpUkQ1yBDw4pgZKx25wEZAqkjGoZo1","latestSlotNumber":528428301,"name":"JustinSunTron","producer":true,"votes":311446630,"missedTotal":1714.0,"producedTrx":0,"votesPercentage":1.2844516662744447,"url":"https://twitter.com/justinsuntron","latestBlockNumber":18340803},{"producePercentage":99.40907431398858,"producedTotal":645315.0,"address":"TSNbzxac4WhxN91XvaUfPTKP2jNT18mP6T","latestSlotNumber":528428303,"name":"BitTorrent","producer":true,"votes":297079432,"missedTotal":3836.0,"producedTrx":0,"votesPercentage":1.225199230597761,"url":"https://www.bittorrent.com/","latestBlockNumber":18340805},{"producePercentage":99.69627836667317,"producedTotal":645009.0,"address":"TY65QiDt4hLTMpf3WRzcX357BnmdxT2sw9","latestSlotNumber":528428323,"name":"uTorrent","producer":true,"votes":330853949,"missedTotal":1965.0,"producedTrx":0,"votesPercentage":1.3644903015535281,"url":"https://www.utorrent.com/","latestBlockNumber":18340825},{"producePercentage":99.3357973110504,"producedTotal":611985.0,"address":"TSzoLaVCdSNDpNxgChcFt9rSRF5wWAZiR4","latestSlotNumber":528428304,"name":"TRXMarket","producer":true,"votes":296064343,"missedTotal":4092.0,"producedTrx":0,"votesPercentage":1.2210128544039751,"url":"http://trx.market","latestBlockNumber":18340806},{"producePercentage":99.88217999437923,"producedTotal":369620.0,"address":"TCEo1hMAdaJrQmvnGTCcGT2LqrGU4N7Jqf","latestSlotNumber":528428302,"name":"TRONScan","producer":true,"votes":305414830,"missedTotal":436.0,"producedTrx":0,"votesPercentage":1.259575636758138,"url":"https://tronscan.org","latestBlockNumber":18340804},{"producePercentage":99.90926263517805,"producedTotal":363357.0,"address":"TWkpg1ZQ4fTv7sj41zBUTMo1kuJEUWTere","latestSlotNumber":528428321,"name":"TRONLink","producer":true,"votes":346070027,"missedTotal":330.0,"producedTrx":0,"votesPercentage":1.4272436430851476,"url":"https://tronlink.org","latestBlockNumber":18340823},{"producePercentage":99.96986449413916,"producedTotal":288609.0,"address":"TUD4YXYdj2t1gP5th3A7t97mx1AUmrrQRt","latestSlotNumber":5.2842832E+8,"name":"TRONGrid","producer":true,"votes":368358512,"missedTotal":87.0,"producedTrx":0,"votesPercentage":1.5191646303084898,"url":"https://www.trongrid.io","latestBlockNumber":18340822},{"producePercentage":99.63845358596802,"producedTotal":511770.0,"address":"TNaJADoq1u2atryP1ZzwvmEE4ZBELXfMqw","latestSlotNumber":528428305,"name":"callmeSR","producer":true,"votes":295527279,"missedTotal":1857.0,"producedTrx":0,"votesPercentage":1.218797923551469,"url":"http://zempty.peiwo.cn/","latestBlockNumber":18340807},{"producePercentage":99.70984621379827,"producedTotal":424745.0,"address":"TTW663tQYJTTCtHh6DWKAfexRhPMf2DxQ1","latestSlotNumber":5.284283E+8,"name":"TRONALLIANCE","producer":true,"votes":311978679,"missedTotal":1236.0,"producedTrx":0,"votesPercentage":1.2866459145300435,"url":"http://tronalliance.org","latestBlockNumber":18340802},{"producePercentage":99.77451211951227,"producedTotal":540714.0,"address":"TE7hnUtWRRBz3SkFrX8JESWUmEvxxAhoPt","latestSlotNumber":528428312,"name":"TronWalletMe","producer":true,"votes":287498369,"missedTotal":1222.0,"producedTrx":0,"votesPercentage":1.1856855189386224,"url":"https://www.tronwallet.me/","latestBlockNumber":18340814},{"producePercentage":99.57515373981028,"producedTotal":522197.0,"address":"TPMGfspxLQGom8sKutrbHcDKtHjRHFbGKw","latestSlotNumber":528428322,"name":"Infinity-Stones","producer":true,"votes":331328946,"missedTotal":2228.0,"producedTrx":0,"votesPercentage":1.366449258977872,"url":"https://infstones.io/","latestBlockNumber":18340824}],"validVotes":24,"paramters":[{"value":16000000,"key":5},{"value":160000000,"key":31}],"state":"APPROVED","approveSelf":false,"proposalId":27},{"typeApprovals":{"candidate":[],"partner":[],"sr":[{"producePercentage":99.28374526180674,"producedTotal":676026.0,"address":"TGj1Ej1qRzL9feLTLhjwgxXF4Ct6GTWg2U","latestSlotNumber":528428314,"name":"Skypeople","producer":true,"votes":982129390,"missedTotal":4877.0,"producedTrx":0,"votesPercentage":4.050445919041101,"url":"http://www.skypeople.co.kr","latestBlockNumber":18340816},{"producePercentage":98.66475833192578,"producedTotal":221974.0,"address":"TGfUjDNr5Huk8DumHfmzY2ksE6RRYpuGLG","latestSlotNumber":524159989,"name":"BeatzCoin","producer":false,"votes":26812811,"missedTotal":3004.0,"producedTrx":0,"votesPercentage":0.11057997245451576,"url":"https://www.beatzcoin.io/","latestBlockNumber":14077587},{"producePercentage":99.43899287693867,"producedTotal":621087.0,"address":"TTMNxTmRpBZnjtUnohX84j25NLkTqDga7j","latestSlotNumber":528428324,"name":"TronSpark","producer":true,"votes":326489461,"missedTotal":3504.0,"producedTrx":0,"votesPercentage":1.3464905117210462,"url":"https://tronspark.com","latestBlockNumber":18340826},{"producePercentage":99.559248824381,"producedTotal":587302.0,"address":"TV9QitxEJ3pdiAUAfJ2QuPxLKp9qTTR3og","latestSlotNumber":528428315,"name":"BitGuild","producer":true,"votes":717572645,"missedTotal":2600.0,"producedTrx":0,"votesPercentage":2.959375028534457,"url":"https://www.bitguild.com","latestBlockNumber":18340817},{"producePercentage":99.571136827774,"producedTotal":438810.0,"address":"TN2MEB71iox2mDwwngdTrUyUZXeENcb79F","latestSlotNumber":527032788,"name":"SR-TRON-Europe","producer":false,"votes":169410377,"missedTotal":1890.0,"producedTrx":0,"votesPercentage":0.6986732880103145,"url":"https://www.tron-europe.org","latestBlockNumber":16947364},{"producePercentage":99.13989948240942,"producedTotal":660817.0,"address":"TGzz8gjYiYRqpfmDwnLxfgPuLVNmpCswVp","latestSlotNumber":528428318,"name":"Sesameseed","producer":true,"votes":391145419,"missedTotal":5733.0,"producedTrx":0,"votesPercentage":1.6131411830982594,"url":"https://www.sesameseed.org","latestBlockNumber":1.834082E+7},{"producePercentage":99.3357973110504,"producedTotal":611985.0,"address":"TSzoLaVCdSNDpNxgChcFt9rSRF5wWAZiR4","latestSlotNumber":528428304,"name":"TRXMarket","producer":true,"votes":296064343,"missedTotal":4092.0,"producedTrx":0,"votesPercentage":1.2210128544039751,"url":"http://trx.market","latestBlockNumber":18340806},{"producePercentage":99.64979360077398,"producedTotal":644781.0,"address":"TKSXDA8HfE9E1y39RczVQ1ZascUEtaSToF","latestSlotNumber":528428299,"name":"CryptoChain","producer":true,"votes":316549660,"missedTotal":2266.0,"producedTrx":0,"votesPercentage":1.3054973118367308,"url":"http://cryptochain.network","latestBlockNumber":18340801},{"producePercentage":98.49972925577629,"producedTotal":594831.0,"address":"TBXB5tobBPCFkC8ihFDBWjaiwW2iSpzSfr","latestSlotNumber":527385598,"name":"TRONVIETNAM","producer":false,"votes":148275995,"missedTotal":9060.0,"producedTrx":0,"votesPercentage":0.6115119911435587,"url":"https://www.tronvietnam.com/","latestBlockNumber":17299301},{"producePercentage":99.64490380523401,"producedTotal":653269.0,"address":"TTcYhypP8m4phDhN6oRexz2174zAerjEWP","latestSlotNumber":528428319,"name":"CryptoGuyInZA","producer":true,"votes":382448060,"missedTotal":2328.0,"producedTrx":0,"votesPercentage":1.5772719965871158,"url":"https://www.cryptoguyinza.co.za/","latestBlockNumber":18340821}]},"createSelf":false,"createTime":1572330231000,"proposer":{"producePercentage":99.28374526180674,"producedTotal":676026.0,"address":"TGj1Ej1qRzL9feLTLhjwgxXF4Ct6GTWg2U","latestSlotNumber":528428314,"name":"Skypeople","producer":true,"votes":982129390,"missedTotal":4877.0,"producedTrx":0,"votesPercentage":4.050445919041101,"url":"http://www.skypeople.co.kr","latestBlockNumber":18340816},"expirationTime":1572609600000,"totalVotes":10,"approvals":[{"producePercentage":99.28374526180674,"producedTotal":676026.0,"address":"TGj1Ej1qRzL9feLTLhjwgxXF4Ct6GTWg2U","latestSlotNumber":528428314,"name":"Skypeople","producer":true,"votes":982129390,"missedTotal":4877.0,"producedTrx":0,"votesPercentage":4.050445919041101,"url":"http://www.skypeople.co.kr","latestBlockNumber":18340816},{"producePercentage":98.66475833192578,"producedTotal":221974.0,"address":"TGfUjDNr5Huk8DumHfmzY2ksE6RRYpuGLG","latestSlotNumber":524159989,"name":"BeatzCoin","producer":false,"votes":26812811,"missedTotal":3004.0,"producedTrx":0,"votesPercentage":0.11057997245451576,"url":"https://www.beatzcoin.io/","latestBlockNumber":14077587},{"producePercentage":99.43899287693867,"producedTotal":621087.0,"address":"TTMNxTmRpBZnjtUnohX84j25NLkTqDga7j","latestSlotNumber":528428324,"name":"TronSpark","producer":true,"votes":326489461,"missedTotal":3504.0,"producedTrx":0,"votesPercentage":1.3464905117210462,"url":"https://tronspark.com","latestBlockNumber":18340826},{"producePercentage":99.559248824381,"producedTotal":587302.0,"address":"TV9QitxEJ3pdiAUAfJ2QuPxLKp9qTTR3og","latestSlotNumber":528428315,"name":"BitGuild","producer":true,"votes":717572645,"missedTotal":2600.0,"producedTrx":0,"votesPercentage":2.959375028534457,"url":"https://www.bitguild.com","latestBlockNumber":18340817},{"producePercentage":99.571136827774,"producedTotal":438810.0,"address":"TN2MEB71iox2mDwwngdTrUyUZXeENcb79F","latestSlotNumber":527032788,"name":"SR-TRON-Europe","producer":false,"votes":169410377,"missedTotal":1890.0,"producedTrx":0,"votesPercentage":0.6986732880103145,"url":"https://www.tron-europe.org","latestBlockNumber":16947364},{"producePercentage":99.13989948240942,"producedTotal":660817.0,"address":"TGzz8gjYiYRqpfmDwnLxfgPuLVNmpCswVp","latestSlotNumber":528428318,"name":"Sesameseed","producer":true,"votes":391145419,"missedTotal":5733.0,"producedTrx":0,"votesPercentage":1.6131411830982594,"url":"https://www.sesameseed.org","latestBlockNumber":1.834082E+7},{"producePercentage":99.3357973110504,"producedTotal":611985.0,"address":"TSzoLaVCdSNDpNxgChcFt9rSRF5wWAZiR4","latestSlotNumber":528428304,"name":"TRXMarket","producer":true,"votes":296064343,"missedTotal":4092.0,"producedTrx":0,"votesPercentage":1.2210128544039751,"url":"http://trx.market","latestBlockNumber":18340806},{"producePercentage":99.64979360077398,"producedTotal":644781.0,"address":"TKSXDA8HfE9E1y39RczVQ1ZascUEtaSToF","latestSlotNumber":528428299,"name":"CryptoChain","producer":true,"votes":316549660,"missedTotal":2266.0,"producedTrx":0,"votesPercentage":1.3054973118367308,"url":"http://cryptochain.network","latestBlockNumber":18340801},{"producePercentage":98.49972925577629,"producedTotal":594831.0,"address":"TBXB5tobBPCFkC8ihFDBWjaiwW2iSpzSfr","latestSlotNumber":527385598,"name":"TRONVIETNAM","producer":false,"votes":148275995,"missedTotal":9060.0,"producedTrx":0,"votesPercentage":0.6115119911435587,"url":"https://www.tronvietnam.com/","latestBlockNumber":17299301},{"producePercentage":99.64490380523401,"producedTotal":653269.0,"address":"TTcYhypP8m4phDhN6oRexz2174zAerjEWP","latestSlotNumber":528428319,"name":"CryptoGuyInZA","producer":true,"votes":382448060,"missedTotal":2328.0,"producedTrx":0,"votesPercentage":1.5772719965871158,"url":"https://www.cryptoguyinza.co.za/","latestBlockNumber":18340821}],"validVotes":10,"paramters":[{"value":48000000,"key":5},{"value":128000000,"key":31}],"state":"DISAPPROVED","approveSelf":false,"proposalId":26},{"typeApprovals":{"candidate":[],"partner":[],"sr":[{"producePercentage":99.28374526180674,"producedTotal":676026.0,"address":"TGj1Ej1qRzL9feLTLhjwgxXF4Ct6GTWg2U","latestSlotNumber":528428314,"name":"Skypeople","producer":true,"votes":982129390,"missedTotal":4877.0,"producedTrx":0,"votesPercentage":4.050445919041101,"url":"http://www.skypeople.co.kr","latestBlockNumber":18340816}]},"createSelf":false,"createTime":1572329565000,"proposer":{"producePercentage":99.28374526180674,"producedTotal":676026.0,"address":"TGj1Ej1qRzL9feLTLhjwgxXF4Ct6GTWg2U","latestSlotNumber":528428314,"name":"Skypeople","producer":true,"votes":982129390,"missedTotal":4877.0,"producedTrx":0,"votesPercentage":4.050445919041101,"url":"http://www.skypeople.co.kr","latestBlockNumber":18340816},"expirationTime":1572609600000,"totalVotes":1,"approvals":[{"producePercentage":99.28374526180674,"producedTotal":676026.0,"address":"TGj1Ej1qRzL9feLTLhjwgxXF4Ct6GTWg2U","latestSlotNumber":528428314,"name":"Skypeople","producer":true,"votes":982129390,"missedTotal":4877.0,"producedTrx":0,"votesPercentage":4.050445919041101,"url":"http://www.skypeople.co.kr","latestBlockNumber":18340816}],"validVotes":1,"paramters":[{"value":48000000,"key":5}],"state":"CANCELED","approveSelf":false,"proposalId":25},{"typeApprovals":{"candidate":[],"partner":[],"sr":[]},"createSelf":false,"createTime":1572329541000,"proposer":{"producePercentage":99.28374526180674,"producedTotal":676026.0,"address":"TGj1Ej1qRzL9feLTLhjwgxXF4Ct6GTWg2U","latestSlotNumber":528428314,"name":"Skypeople","producer":true,"votes":982129390,"missedTotal":4877.0,"producedTrx":0,"votesPercentage":4.050445919041101,"url":"http://www.skypeople.co.kr","latestBlockNumber":18340816},"expirationTime":1572609600000,"totalVotes":0,"approvals":[],"validVotes":0,"paramters":[{"value":48,"key":5}],"state":"CANCELED","approveSelf":false,"proposalId":24},{"typeApprovals":{"candidate":[],"partner":[{"producePercentage":98.57857284741128,"producedTotal":168733.0,"address":"TQwqK8LhHGria5gkkfCVqQfE5mSwpvdp3B","latestSlotNumber":518255974,"name":"Tron-Society","producer":false,"votes":30699903,"missedTotal":2433.0,"producedTrx":0,"votesPercentage":0.12661091103414354,"url":"https://tron-society.com","latestBlockNumber":8208429.0},{"producePercentage":0.0,"producedTotal":0.0,"address":"TWGGB35HUudizmcLheQN7kANDnD8KfgKkK","latestSlotNumber":0.0,"name":"TRON-Family","producer":false,"votes":4480843,"missedTotal":0.0,"producedTrx":0,"votesPercentage":0.018479654949755536,"url":"https://www.tron-family.de","latestBlockNumber":0.0}],"sr":[{"producePercentage":99.96494954303621,"producedTotal":191086.0,"address":"TLyqzVGLV1srkB7dToTAEqgDSfPtXRJZYH","latestSlotNumber":528428313,"name":"Binance Staking","producer":true,"votes":13538303260,"missedTotal":67.0,"producedTrx":0,"votesPercentage":55.83395197063376,"url":"https://www.binance.com/en/staking","latestBlockNumber":18340815},{"producePercentage":99.13989948240942,"producedTotal":660817.0,"address":"TGzz8gjYiYRqpfmDwnLxfgPuLVNmpCswVp","latestSlotNumber":528428318,"name":"Sesameseed","producer":true,"votes":391145419,"missedTotal":5733.0,"producedTrx":0,"votesPercentage":1.6131411830982594,"url":"https://www.sesameseed.org","latestBlockNumber":1.834082E+7},{"producePercentage":99.96986449413916,"producedTotal":288609.0,"address":"TUD4YXYdj2t1gP5th3A7t97mx1AUmrrQRt","latestSlotNumber":5.2842832E+8,"name":"TRONGrid","producer":true,"votes":368358512,"missedTotal":87.0,"producedTrx":0,"votesPercentage":1.5191646303084898,"url":"https://www.trongrid.io","latestBlockNumber":18340822},{"producePercentage":99.90926263517805,"producedTotal":363357.0,"address":"TWkpg1ZQ4fTv7sj41zBUTMo1kuJEUWTere","latestSlotNumber":528428321,"name":"TRONLink","producer":true,"votes":346070027,"missedTotal":330.0,"producedTrx":0,"votesPercentage":1.4272436430851476,"url":"https://tronlink.org","latestBlockNumber":18340823},{"producePercentage":99.69627836667317,"producedTotal":645009.0,"address":"TY65QiDt4hLTMpf3WRzcX357BnmdxT2sw9","latestSlotNumber":528428323,"name":"uTorrent","producer":true,"votes":330853949,"missedTotal":1965.0,"producedTrx":0,"votesPercentage":1.3644903015535281,"url":"https://www.utorrent.com/","latestBlockNumber":18340825},{"producePercentage":99.39076958445888,"producedTotal":432325.0,"address":"TVFKwzE8qeETLaZEHMx2tjEsdnujAgAWaA","latestSlotNumber":528428325,"name":"BlockchainOrg","producer":true,"votes":317451639,"missedTotal":2650.0,"producedTrx":0,"votesPercentage":1.3092172057700655,"url":"http://blockchain.org","latestBlockNumber":18340827},{"producePercentage":99.70984621379827,"producedTotal":424745.0,"address":"TTW663tQYJTTCtHh6DWKAfexRhPMf2DxQ1","latestSlotNumber":5.284283E+8,"name":"TRONALLIANCE","producer":true,"votes":311978679,"missedTotal":1236.0,"producedTrx":0,"votesPercentage":1.2866459145300435,"url":"http://tronalliance.org","latestBlockNumber":18340802},{"producePercentage":99.88217999437923,"producedTotal":369620.0,"address":"TCEo1hMAdaJrQmvnGTCcGT2LqrGU4N7Jqf","latestSlotNumber":528428302,"name":"TRONScan","producer":true,"votes":305414830,"missedTotal":436.0,"producedTrx":0,"votesPercentage":1.259575636758138,"url":"https://tronscan.org","latestBlockNumber":18340804},{"producePercentage":99.40907431398858,"producedTotal":645315.0,"address":"TSNbzxac4WhxN91XvaUfPTKP2jNT18mP6T","latestSlotNumber":528428303,"name":"BitTorrent","producer":true,"votes":297079432,"missedTotal":3836.0,"producedTrx":0,"votesPercentage":1.225199230597761,"url":"https://www.bittorrent.com/","latestBlockNumber":18340805},{"producePercentage":99.63845358596802,"producedTotal":511770.0,"address":"TNaJADoq1u2atryP1ZzwvmEE4ZBELXfMqw","latestSlotNumber":528428305,"name":"callmeSR","producer":true,"votes":295527279,"missedTotal":1857.0,"producedTrx":0,"votesPercentage":1.218797923551469,"url":"http://zempty.peiwo.cn/","latestBlockNumber":18340807},{"producePercentage":99.64979360077398,"producedTotal":644781.0,"address":"TKSXDA8HfE9E1y39RczVQ1ZascUEtaSToF","latestSlotNumber":528428299,"name":"CryptoChain","producer":true,"votes":316549660,"missedTotal":2266.0,"producedTrx":0,"votesPercentage":1.3054973118367308,"url":"http://cryptochain.network","latestBlockNumber":18340801},{"producePercentage":99.3357973110504,"producedTotal":611985.0,"address":"TSzoLaVCdSNDpNxgChcFt9rSRF5wWAZiR4","latestSlotNumber":528428304,"name":"TRXMarket","producer":true,"votes":296064343,"missedTotal":4092.0,"producedTrx":0,"votesPercentage":1.2210128544039751,"url":"http://trx.market","latestBlockNumber":18340806},{"producePercentage":99.77451211951227,"producedTotal":540714.0,"address":"TE7hnUtWRRBz3SkFrX8JESWUmEvxxAhoPt","latestSlotNumber":528428312,"name":"TronWalletMe","producer":true,"votes":287498369,"missedTotal":1222.0,"producedTrx":0,"votesPercentage":1.1856855189386224,"url":"https://www.tronwallet.me/","latestBlockNumber":18340814},{"producePercentage":98.7338106812906,"producedTotal":613758.0,"address":"TJ2aDMgeipmoZRuUEru2ri8t7TGkxnm6qY","latestSlotNumber":528428311,"name":"Huobi_pool","producer":true,"votes":287939588,"missedTotal":7871.0,"producedTrx":0,"votesPercentage":1.1875051709276068,"url":"https://www.huobipool.com","latestBlockNumber":18340813},{"producePercentage":99.72781769820159,"producedTotal":628011.0,"address":"TFA1qpUkQ1yBDw4pgZKx25wEZAqkjGoZo1","latestSlotNumber":528428301,"name":"JustinSunTron","producer":true,"votes":311446630,"missedTotal":1714.0,"producedTrx":0,"votesPercentage":1.2844516662744447,"url":"https://twitter.com/justinsuntron","latestBlockNumber":18340803},{"producePercentage":98.49972925577629,"producedTotal":594831.0,"address":"TBXB5tobBPCFkC8ihFDBWjaiwW2iSpzSfr","latestSlotNumber":527385598,"name":"TRONVIETNAM","producer":false,"votes":148275995,"missedTotal":9060.0,"producedTrx":0,"votesPercentage":0.6115119911435587,"url":"https://www.tronvietnam.com/","latestBlockNumber":17299301},{"producePercentage":99.571136827774,"producedTotal":438810.0,"address":"TN2MEB71iox2mDwwngdTrUyUZXeENcb79F","latestSlotNumber":527032788,"name":"SR-TRON-Europe","producer":false,"votes":169410377,"missedTotal":1890.0,"producedTrx":0,"votesPercentage":0.6986732880103145,"url":"https://www.tron-europe.org","latestBlockNumber":16947364},{"producePercentage":98.66475833192578,"producedTotal":221974.0,"address":"TGfUjDNr5Huk8DumHfmzY2ksE6RRYpuGLG","latestSlotNumber":524159989,"name":"BeatzCoin","producer":false,"votes":26812811,"missedTotal":3004.0,"producedTrx":0,"votesPercentage":0.11057997245451576,"url":"https://www.beatzcoin.io/","latestBlockNumber":14077587}]},"createSelf":false,"createTime":1572328770000,"proposer":{"producePercentage":99.39076958445888,"producedTotal":432325.0,"address":"TVFKwzE8qeETLaZEHMx2tjEsdnujAgAWaA","latestSlotNumber":528428325,"name":"BlockchainOrg","producer":true,"votes":317451639,"missedTotal":2650.0,"producedTrx":0,"votesPercentage":1.3092172057700655,"url":"http://blockchain.org","latestBlockNumber":18340827},"expirationTime":1572588000000,"totalVotes":20,"approvals":[{"producePercentage":99.96494954303621,"producedTotal":191086.0,"address":"TLyqzVGLV1srkB7dToTAEqgDSfPtXRJZYH","latestSlotNumber":528428313,"name":"Binance Staking","producer":true,"votes":13538303260,"missedTotal":67.0,"producedTrx":0,"votesPercentage":55.83395197063376,"url":"https://www.binance.com/en/staking","latestBlockNumber":18340815},{"producePercentage":99.13989948240942,"producedTotal":660817.0,"address":"TGzz8gjYiYRqpfmDwnLxfgPuLVNmpCswVp","latestSlotNumber":528428318,"name":"Sesameseed","producer":true,"votes":391145419,"missedTotal":5733.0,"producedTrx":0,"votesPercentage":1.6131411830982594,"url":"https://www.sesameseed.org","latestBlockNumber":1.834082E+7},{"producePercentage":99.96986449413916,"producedTotal":288609.0,"address":"TUD4YXYdj2t1gP5th3A7t97mx1AUmrrQRt","latestSlotNumber":5.2842832E+8,"name":"TRONGrid","producer":true,"votes":368358512,"missedTotal":87.0,"producedTrx":0,"votesPercentage":1.5191646303084898,"url":"https://www.trongrid.io","latestBlockNumber":18340822},{"producePercentage":99.90926263517805,"producedTotal":363357.0,"address":"TWkpg1ZQ4fTv7sj41zBUTMo1kuJEUWTere","latestSlotNumber":528428321,"name":"TRONLink","producer":true,"votes":346070027,"missedTotal":330.0,"producedTrx":0,"votesPercentage":1.4272436430851476,"url":"https://tronlink.org","latestBlockNumber":18340823},{"producePercentage":99.69627836667317,"producedTotal":645009.0,"address":"TY65QiDt4hLTMpf3WRzcX357BnmdxT2sw9","latestSlotNumber":528428323,"name":"uTorrent","producer":true,"votes":330853949,"missedTotal":1965.0,"producedTrx":0,"votesPercentage":1.3644903015535281,"url":"https://www.utorrent.com/","latestBlockNumber":18340825},{"producePercentage":99.39076958445888,"producedTotal":432325.0,"address":"TVFKwzE8qeETLaZEHMx2tjEsdnujAgAWaA","latestSlotNumber":528428325,"name":"BlockchainOrg","producer":true,"votes":317451639,"missedTotal":2650.0,"producedTrx":0,"votesPercentage":1.3092172057700655,"url":"http://blockchain.org","latestBlockNumber":18340827},{"producePercentage":99.70984621379827,"producedTotal":424745.0,"address":"TTW663tQYJTTCtHh6DWKAfexRhPMf2DxQ1","latestSlotNumber":5.284283E+8,"name":"TRONALLIANCE","producer":true,"votes":311978679,"missedTotal":1236.0,"producedTrx":0,"votesPercentage":1.2866459145300435,"url":"http://tronalliance.org","latestBlockNumber":18340802},{"producePercentage":99.88217999437923,"producedTotal":369620.0,"address":"TCEo1hMAdaJrQmvnGTCcGT2LqrGU4N7Jqf","latestSlotNumber":528428302,"name":"TRONScan","producer":true,"votes":305414830,"missedTotal":436.0,"producedTrx":0,"votesPercentage":1.259575636758138,"url":"https://tronscan.org","latestBlockNumber":18340804},{"producePercentage":99.40907431398858,"producedTotal":645315.0,"address":"TSNbzxac4WhxN91XvaUfPTKP2jNT18mP6T","latestSlotNumber":528428303,"name":"BitTorrent","producer":true,"votes":297079432,"missedTotal":3836.0,"producedTrx":0,"votesPercentage":1.225199230597761,"url":"https://www.bittorrent.com/","latestBlockNumber":18340805},{"producePercentage":99.63845358596802,"producedTotal":511770.0,"address":"TNaJADoq1u2atryP1ZzwvmEE4ZBELXfMqw","latestSlotNumber":528428305,"name":"callmeSR","producer":true,"votes":295527279,"missedTotal":1857.0,"producedTrx":0,"votesPercentage":1.218797923551469,"url":"http://zempty.peiwo.cn/","latestBlockNumber":18340807},{"producePercentage":99.64979360077398,"producedTotal":644781.0,"address":"TKSXDA8HfE9E1y39RczVQ1ZascUEtaSToF","latestSlotNumber":528428299,"name":"CryptoChain","producer":true,"votes":316549660,"missedTotal":2266.0,"producedTrx":0,"votesPercentage":1.3054973118367308,"url":"http://cryptochain.network","latestBlockNumber":18340801},{"producePercentage":99.3357973110504,"producedTotal":611985.0,"address":"TSzoLaVCdSNDpNxgChcFt9rSRF5wWAZiR4","latestSlotNumber":528428304,"name":"TRXMarket","producer":true,"votes":296064343,"missedTotal":4092.0,"producedTrx":0,"votesPercentage":1.2210128544039751,"url":"http://trx.market","latestBlockNumber":18340806},{"producePercentage":99.77451211951227,"producedTotal":540714.0,"address":"TE7hnUtWRRBz3SkFrX8JESWUmEvxxAhoPt","latestSlotNumber":528428312,"name":"TronWalletMe","producer":true,"votes":287498369,"missedTotal":1222.0,"producedTrx":0,"votesPercentage":1.1856855189386224,"url":"https://www.tronwallet.me/","latestBlockNumber":18340814},{"producePercentage":98.7338106812906,"producedTotal":613758.0,"address":"TJ2aDMgeipmoZRuUEru2ri8t7TGkxnm6qY","latestSlotNumber":528428311,"name":"Huobi_pool","producer":true,"votes":287939588,"missedTotal":7871.0,"producedTrx":0,"votesPercentage":1.1875051709276068,"url":"https://www.huobipool.com","latestBlockNumber":18340813},{"producePercentage":99.72781769820159,"producedTotal":628011.0,"address":"TFA1qpUkQ1yBDw4pgZKx25wEZAqkjGoZo1","latestSlotNumber":528428301,"name":"JustinSunTron","producer":true,"votes":311446630,"missedTotal":1714.0,"producedTrx":0,"votesPercentage":1.2844516662744447,"url":"https://twitter.com/justinsuntron","latestBlockNumber":18340803},{"producePercentage":98.49972925577629,"producedTotal":594831.0,"address":"TBXB5tobBPCFkC8ihFDBWjaiwW2iSpzSfr","latestSlotNumber":527385598,"name":"TRONVIETNAM","producer":false,"votes":148275995,"missedTotal":9060.0,"producedTrx":0,"votesPercentage":0.6115119911435587,"url":"https://www.tronvietnam.com/","latestBlockNumber":17299301},{"producePercentage":99.571136827774,"producedTotal":438810.0,"address":"TN2MEB71iox2mDwwngdTrUyUZXeENcb79F","latestSlotNumber":527032788,"name":"SR-TRON-Europe","producer":false,"votes":169410377,"missedTotal":1890.0,"producedTrx":0,"votesPercentage":0.6986732880103145,"url":"https://www.tron-europe.org","latestBlockNumber":16947364},{"producePercentage":98.66475833192578,"producedTotal":221974.0,"address":"TGfUjDNr5Huk8DumHfmzY2ksE6RRYpuGLG","latestSlotNumber":524159989,"name":"BeatzCoin","producer":false,"votes":26812811,"missedTotal":3004.0,"producedTrx":0,"votesPercentage":0.11057997245451576,"url":"https://www.beatzcoin.io/","latestBlockNumber":14077587},{"producePercentage":98.57857284741128,"producedTotal":168733.0,"address":"TQwqK8LhHGria5gkkfCVqQfE5mSwpvdp3B","latestSlotNumber":518255974,"name":"Tron-Society","producer":false,"votes":30699903,"missedTotal":2433.0,"producedTrx":0,"votesPercentage":0.12661091103414354,"url":"https://tron-society.com","latestBlockNumber":8208429.0},{"producePercentage":0.0,"producedTotal":0.0,"address":"TWGGB35HUudizmcLheQN7kANDnD8KfgKkK","latestSlotNumber":0.0,"name":"TRON-Family","producer":false,"votes":4480843,"missedTotal":0.0,"producedTrx":0,"votesPercentage":0.018479654949755536,"url":"https://www.tron-family.de","latestBlockNumber":0.0}],"validVotes":18,"paramters":[{"value":16000000,"key":5},{"value":160000000,"key":31}],"state":"DISAPPROVED","approveSelf":false,"proposalId":23},{"typeApprovals":{"candidate":[],"partner":[],"sr":[{"producePercentage":99.72781769820159,"producedTotal":628011.0,"address":"TFA1qpUkQ1yBDw4pgZKx25wEZAqkjGoZo1","latestSlotNumber":528428301,"name":"JustinSunTron","producer":true,"votes":311446630,"missedTotal":1714.0,"producedTrx":0,"votesPercentage":1.2844516662744447,"url":"https://twitter.com/justinsuntron","latestBlockNumber":18340803},{"producePercentage":98.49972925577629,"producedTotal":594831.0,"address":"TBXB5tobBPCFkC8ihFDBWjaiwW2iSpzSfr","latestSlotNumber":527385598,"name":"TRONVIETNAM","producer":false,"votes":148275995,"missedTotal":9060.0,"producedTrx":0,"votesPercentage":0.6115119911435587,"url":"https://www.tronvietnam.com/","latestBlockNumber":17299301},{"producePercentage":98.57857284741128,"producedTotal":168733.0,"address":"TQwqK8LhHGria5gkkfCVqQfE5mSwpvdp3B","latestSlotNumber":518255974,"name":"Tron-Society","producer":false,"votes":30699903,"missedTotal":2433.0,"producedTrx":0,"votesPercentage":0.12661091103414354,"url":"https://tron-society.com","latestBlockNumber":8208429.0},{"producePercentage":0.0,"producedTotal":0.0,"address":"TWGGB35HUudizmcLheQN7kANDnD8KfgKkK","latestSlotNumber":0.0,"name":"TRON-Family","producer":false,"votes":4480843,"missedTotal":0.0,"producedTrx":0,"votesPercentage":0.018479654949755536,"url":"https://www.tron-family.de","latestBlockNumber":0.0},{"producePercentage":99.64979360077398,"producedTotal":644781.0,"address":"TKSXDA8HfE9E1y39RczVQ1ZascUEtaSToF","latestSlotNumber":528428299,"name":"CryptoChain","producer":true,"votes":316549660,"missedTotal":2266.0,"producedTrx":0,"votesPercentage":1.3054973118367308,"url":"http://cryptochain.network","latestBlockNumber":18340801},{"producePercentage":99.28374526180674,"producedTotal":676026.0,"address":"TGj1Ej1qRzL9feLTLhjwgxXF4Ct6GTWg2U","latestSlotNumber":528428314,"name":"Skypeople","producer":true,"votes":982129390,"missedTotal":4877.0,"producedTrx":0,"votesPercentage":4.050445919041101,"url":"http://www.skypeople.co.kr","latestBlockNumber":18340816},{"producePercentage":99.571136827774,"producedTotal":438810.0,"address":"TN2MEB71iox2mDwwngdTrUyUZXeENcb79F","latestSlotNumber":527032788,"name":"SR-TRON-Europe","producer":false,"votes":169410377,"missedTotal":1890.0,"producedTrx":0,"votesPercentage":0.6986732880103145,"url":"https://www.tron-europe.org","latestBlockNumber":16947364},{"producePercentage":99.64490380523401,"producedTotal":653269.0,"address":"TTcYhypP8m4phDhN6oRexz2174zAerjEWP","latestSlotNumber":528428319,"name":"CryptoGuyInZA","producer":true,"votes":382448060,"missedTotal":2328.0,"producedTrx":0,"votesPercentage":1.5772719965871158,"url":"https://www.cryptoguyinza.co.za/","latestBlockNumber":18340821},{"producePercentage":99.77451211951227,"producedTotal":540714.0,"address":"TE7hnUtWRRBz3SkFrX8JESWUmEvxxAhoPt","latestSlotNumber":528428312,"name":"TronWalletMe","producer":true,"votes":287498369,"missedTotal":1222.0,"producedTrx":0,"votesPercentage":1.1856855189386224,"url":"https://www.tronwallet.me/","latestBlockNumber":18340814},{"producePercentage":99.43899287693867,"producedTotal":621087.0,"address":"TTMNxTmRpBZnjtUnohX84j25NLkTqDga7j","latestSlotNumber":528428324,"name":"TronSpark","producer":true,"votes":326489461,"missedTotal":3504.0,"producedTrx":0,"votesPercentage":1.3464905117210462,"url":"https://tronspark.com","latestBlockNumber":18340826},{"producePercentage":99.559248824381,"producedTotal":587302.0,"address":"TV9QitxEJ3pdiAUAfJ2QuPxLKp9qTTR3og","latestSlotNumber":528428315,"name":"BitGuild","producer":true,"votes":717572645,"missedTotal":2600.0,"producedTrx":0,"votesPercentage":2.959375028534457,"url":"https://www.bitguild.com","latestBlockNumber":18340817},{"producePercentage":98.66475833192578,"producedTotal":221974.0,"address":"TGfUjDNr5Huk8DumHfmzY2ksE6RRYpuGLG","latestSlotNumber":524159989,"name":"BeatzCoin","producer":false,"votes":26812811,"missedTotal":3004.0,"producedTrx":0,"votesPercentage":0.11057997245451576,"url":"https://www.beatzcoin.io/","latestBlockNumber":14077587},{"producePercentage":0.0,"producedTotal":0.0,"address":"TDGy2M9qWBepSHDEutWWxWd1JZfmAed3BP","latestSlotNumber":0.0,"name":"CommunityNode","producer":false,"votes":2428751,"missedTotal":0.0,"producedTrx":0,"votesPercentage":0.010016526006127353,"url":"http://www.communitynode.org/","latestBlockNumber":0.0},{"producePercentage":98.7338106812906,"producedTotal":613758.0,"address":"TJ2aDMgeipmoZRuUEru2ri8t7TGkxnm6qY","latestSlotNumber":528428311,"name":"Huobi_pool","producer":true,"votes":287939588,"missedTotal":7871.0,"producedTrx":0,"votesPercentage":1.1875051709276068,"url":"https://www.huobipool.com","latestBlockNumber":18340813},{"producePercentage":99.40907431398858,"producedTotal":645315.0,"address":"TSNbzxac4WhxN91XvaUfPTKP2jNT18mP6T","latestSlotNumber":528428303,"name":"BitTorrent","producer":true,"votes":297079432,"missedTotal":3836.0,"producedTrx":0,"votesPercentage":1.225199230597761,"url":"https://www.bittorrent.com/","latestBlockNumber":18340805},{"producePercentage":99.39076958445888,"producedTotal":432325.0,"address":"TVFKwzE8qeETLaZEHMx2tjEsdnujAgAWaA","latestSlotNumber":528428325,"name":"BlockchainOrg","producer":true,"votes":317451639,"missedTotal":2650.0,"producedTrx":0,"votesPercentage":1.3092172057700655,"url":"http://blockchain.org","latestBlockNumber":18340827},{"producePercentage":99.69627836667317,"producedTotal":645009.0,"address":"TY65QiDt4hLTMpf3WRzcX357BnmdxT2sw9","latestSlotNumber":528428323,"name":"uTorrent","producer":true,"votes":330853949,"missedTotal":1965.0,"producedTrx":0,"votesPercentage":1.3644903015535281,"url":"https://www.utorrent.com/","latestBlockNumber":18340825},{"producePercentage":99.63845358596802,"producedTotal":511770.0,"address":"TNaJADoq1u2atryP1ZzwvmEE4ZBELXfMqw","latestSlotNumber":528428305,"name":"callmeSR","producer":true,"votes":295527279,"missedTotal":1857.0,"producedTrx":0,"votesPercentage":1.218797923551469,"url":"http://zempty.peiwo.cn/","latestBlockNumber":18340807},{"producePercentage":99.70984621379827,"producedTotal":424745.0,"address":"TTW663tQYJTTCtHh6DWKAfexRhPMf2DxQ1","latestSlotNumber":5.284283E+8,"name":"TRONALLIANCE","producer":true,"votes":311978679,"missedTotal":1236.0,"producedTrx":0,"votesPercentage":1.2866459145300435,"url":"http://tronalliance.org","latestBlockNumber":18340802},{"producePercentage":99.96986449413916,"producedTotal":288609.0,"address":"TUD4YXYdj2t1gP5th3A7t97mx1AUmrrQRt","latestSlotNumber":5.2842832E+8,"name":"TRONGrid","producer":true,"votes":368358512,"missedTotal":87.0,"producedTrx":0,"votesPercentage":1.5191646303084898,"url":"https://www.trongrid.io","latestBlockNumber":18340822},{"producePercentage":99.3357973110504,"producedTotal":611985.0,"address":"TSzoLaVCdSNDpNxgChcFt9rSRF5wWAZiR4","latestSlotNumber":528428304,"name":"TRXMarket","producer":true,"votes":296064343,"missedTotal":4092.0,"producedTrx":0,"votesPercentage":1.2210128544039751,"url":"http://trx.market","latestBlockNumber":18340806},{"producePercentage":99.88217999437923,"producedTotal":369620.0,"address":"TCEo1hMAdaJrQmvnGTCcGT2LqrGU4N7Jqf","latestSlotNumber":528428302,"name":"TRONScan","producer":true,"votes":305414830,"missedTotal":436.0,"producedTrx":0,"votesPercentage":1.259575636758138,"url":"https://tronscan.org","latestBlockNumber":18340804},{"producePercentage":99.90926263517805,"producedTotal":363357.0,"address":"TWkpg1ZQ4fTv7sj41zBUTMo1kuJEUWTere","latestSlotNumber":528428321,"name":"TRONLink","producer":true,"votes":346070027,"missedTotal":330.0,"producedTrx":0,"votesPercentage":1.4272436430851476,"url":"https://tronlink.org","latestBlockNumber":18340823}]},"createSelf":false,"createTime":1572248358000,"proposer":{"producePercentage":99.39076958445888,"producedTotal":432325.0,"address":"TVFKwzE8qeETLaZEHMx2tjEsdnujAgAWaA","latestSlotNumber":528428325,"name":"BlockchainOrg","producer":true,"votes":317451639,"missedTotal":2650.0,"producedTrx":0,"votesPercentage":1.3092172057700655,"url":"http://blockchain.org","latestBlockNumber":18340827},"expirationTime":1572523200000,"totalVotes":23,"approvals":[{"producePercentage":99.72781769820159,"producedTotal":628011.0,"address":"TFA1qpUkQ1yBDw4pgZKx25wEZAqkjGoZo1","latestSlotNumber":528428301,"name":"JustinSunTron","producer":true,"votes":311446630,"missedTotal":1714.0,"producedTrx":0,"votesPercentage":1.2844516662744447,"url":"https://twitter.com/justinsuntron","latestBlockNumber":18340803},{"producePercentage":98.49972925577629,"producedTotal":594831.0,"address":"TBXB5tobBPCFkC8ihFDBWjaiwW2iSpzSfr","latestSlotNumber":527385598,"name":"TRONVIETNAM","producer":false,"votes":148275995,"missedTotal":9060.0,"producedTrx":0,"votesPercentage":0.6115119911435587,"url":"https://www.tronvietnam.com/","latestBlockNumber":17299301},{"producePercentage":98.57857284741128,"producedTotal":168733.0,"address":"TQwqK8LhHGria5gkkfCVqQfE5mSwpvdp3B","latestSlotNumber":518255974,"name":"Tron-Society","producer":false,"votes":30699903,"missedTotal":2433.0,"producedTrx":0,"votesPercentage":0.12661091103414354,"url":"https://tron-society.com","latestBlockNumber":8208429.0},{"producePercentage":0.0,"producedTotal":0.0,"address":"TWGGB35HUudizmcLheQN7kANDnD8KfgKkK","latestSlotNumber":0.0,"name":"TRON-Family","producer":false,"votes":4480843,"missedTotal":0.0,"producedTrx":0,"votesPercentage":0.018479654949755536,"url":"https://www.tron-family.de","latestBlockNumber":0.0},{"producePercentage":99.64979360077398,"producedTotal":644781.0,"address":"TKSXDA8HfE9E1y39RczVQ1ZascUEtaSToF","latestSlotNumber":528428299,"name":"CryptoChain","producer":true,"votes":316549660,"missedTotal":2266.0,"producedTrx":0,"votesPercentage":1.3054973118367308,"url":"http://cryptochain.network","latestBlockNumber":18340801},{"producePercentage":99.28374526180674,"producedTotal":676026.0,"address":"TGj1Ej1qRzL9feLTLhjwgxXF4Ct6GTWg2U","latestSlotNumber":528428314,"name":"Skypeople","producer":true,"votes":982129390,"missedTotal":4877.0,"producedTrx":0,"votesPercentage":4.050445919041101,"url":"http://www.skypeople.co.kr","latestBlockNumber":18340816},{"producePercentage":99.571136827774,"producedTotal":438810.0,"address":"TN2MEB71iox2mDwwngdTrUyUZXeENcb79F","latestSlotNumber":527032788,"name":"SR-TRON-Europe","producer":false,"votes":169410377,"missedTotal":1890.0,"producedTrx":0,"votesPercentage":0.6986732880103145,"url":"https://www.tron-europe.org","latestBlockNumber":16947364},{"producePercentage":99.64490380523401,"producedTotal":653269.0,"address":"TTcYhypP8m4phDhN6oRexz2174zAerjEWP","latestSlotNumber":528428319,"name":"CryptoGuyInZA","producer":true,"votes":382448060,"missedTotal":2328.0,"producedTrx":0,"votesPercentage":1.5772719965871158,"url":"https://www.cryptoguyinza.co.za/","latestBlockNumber":18340821},{"producePercentage":99.77451211951227,"producedTotal":540714.0,"address":"TE7hnUtWRRBz3SkFrX8JESWUmEvxxAhoPt","latestSlotNumber":528428312,"name":"TronWalletMe","producer":true,"votes":287498369,"missedTotal":1222.0,"producedTrx":0,"votesPercentage":1.1856855189386224,"url":"https://www.tronwallet.me/","latestBlockNumber":18340814},{"producePercentage":99.43899287693867,"producedTotal":621087.0,"address":"TTMNxTmRpBZnjtUnohX84j25NLkTqDga7j","latestSlotNumber":528428324,"name":"TronSpark","producer":true,"votes":326489461,"missedTotal":3504.0,"producedTrx":0,"votesPercentage":1.3464905117210462,"url":"https://tronspark.com","latestBlockNumber":18340826},{"producePercentage":99.559248824381,"producedTotal":587302.0,"address":"TV9QitxEJ3pdiAUAfJ2QuPxLKp9qTTR3og","latestSlotNumber":528428315,"name":"BitGuild","producer":true,"votes":717572645,"missedTotal":2600.0,"producedTrx":0,"votesPercentage":2.959375028534457,"url":"https://www.bitguild.com","latestBlockNumber":18340817},{"producePercentage":98.66475833192578,"producedTotal":221974.0,"address":"TGfUjDNr5Huk8DumHfmzY2ksE6RRYpuGLG","latestSlotNumber":524159989,"name":"BeatzCoin","producer":false,"votes":26812811,"missedTotal":3004.0,"producedTrx":0,"votesPercentage":0.11057997245451576,"url":"https://www.beatzcoin.io/","latestBlockNumber":14077587},{"producePercentage":0.0,"producedTotal":0.0,"address":"TDGy2M9qWBepSHDEutWWxWd1JZfmAed3BP","latestSlotNumber":0.0,"name":"CommunityNode","producer":false,"votes":2428751,"missedTotal":0.0,"producedTrx":0,"votesPercentage":0.010016526006127353,"url":"http://www.communitynode.org/","latestBlockNumber":0.0},{"producePercentage":98.7338106812906,"producedTotal":613758.0,"address":"TJ2aDMgeipmoZRuUEru2ri8t7TGkxnm6qY","latestSlotNumber":528428311,"name":"Huobi_pool","producer":true,"votes":287939588,"missedTotal":7871.0,"producedTrx":0,"votesPercentage":1.1875051709276068,"url":"https://www.huobipool.com","latestBlockNumber":18340813},{"producePercentage":99.40907431398858,"producedTotal":645315.0,"address":"TSNbzxac4WhxN91XvaUfPTKP2jNT18mP6T","latestSlotNumber":528428303,"name":"BitTorrent","producer":true,"votes":297079432,"missedTotal":3836.0,"producedTrx":0,"votesPercentage":1.225199230597761,"url":"https://www.bittorrent.com/","latestBlockNumber":18340805},{"producePercentage":99.39076958445888,"producedTotal":432325.0,"address":"TVFKwzE8qeETLaZEHMx2tjEsdnujAgAWaA","latestSlotNumber":528428325,"name":"BlockchainOrg","producer":true,"votes":317451639,"missedTotal":2650.0,"producedTrx":0,"votesPercentage":1.3092172057700655,"url":"http://blockchain.org","latestBlockNumber":18340827},{"producePercentage":99.69627836667317,"producedTotal":645009.0,"address":"TY65QiDt4hLTMpf3WRzcX357BnmdxT2sw9","latestSlotNumber":528428323,"name":"uTorrent","producer":true,"votes":330853949,"missedTotal":1965.0,"producedTrx":0,"votesPercentage":1.3644903015535281,"url":"https://www.utorrent.com/","latestBlockNumber":18340825},{"producePercentage":99.63845358596802,"producedTotal":511770.0,"address":"TNaJADoq1u2atryP1ZzwvmEE4ZBELXfMqw","latestSlotNumber":528428305,"name":"callmeSR","producer":true,"votes":295527279,"missedTotal":1857.0,"producedTrx":0,"votesPercentage":1.218797923551469,"url":"http://zempty.peiwo.cn/","latestBlockNumber":18340807},{"producePercentage":99.70984621379827,"producedTotal":424745.0,"address":"TTW663tQYJTTCtHh6DWKAfexRhPMf2DxQ1","latestSlotNumber":5.284283E+8,"name":"TRONALLIANCE","producer":true,"votes":311978679,"missedTotal":1236.0,"producedTrx":0,"votesPercentage":1.2866459145300435,"url":"http://tronalliance.org","latestBlockNumber":18340802},{"producePercentage":99.96986449413916,"producedTotal":288609.0,"address":"TUD4YXYdj2t1gP5th3A7t97mx1AUmrrQRt","latestSlotNumber":5.2842832E+8,"name":"TRONGrid","producer":true,"votes":368358512,"missedTotal":87.0,"producedTrx":0,"votesPercentage":1.5191646303084898,"url":"https://www.trongrid.io","latestBlockNumber":18340822},{"producePercentage":99.3357973110504,"producedTotal":611985.0,"address":"TSzoLaVCdSNDpNxgChcFt9rSRF5wWAZiR4","latestSlotNumber":528428304,"name":"TRXMarket","producer":true,"votes":296064343,"missedTotal":4092.0,"producedTrx":0,"votesPercentage":1.2210128544039751,"url":"http://trx.market","latestBlockNumber":18340806},{"producePercentage":99.88217999437923,"producedTotal":369620.0,"address":"TCEo1hMAdaJrQmvnGTCcGT2LqrGU4N7Jqf","latestSlotNumber":528428302,"name":"TRONScan","producer":true,"votes":305414830,"missedTotal":436.0,"producedTrx":0,"votesPercentage":1.259575636758138,"url":"https://tronscan.org","latestBlockNumber":18340804},{"producePercentage":99.90926263517805,"producedTotal":363357.0,"address":"TWkpg1ZQ4fTv7sj41zBUTMo1kuJEUWTere","latestSlotNumber":528428321,"name":"TRONLink","producer":true,"votes":346070027,"missedTotal":330.0,"producedTrx":0,"votesPercentage":1.4272436430851476,"url":"https://tronlink.org","latestBlockNumber":18340823}],"validVotes":23,"paramters":[{"value":1,"key":30}],"state":"APPROVED","approveSelf":false,"proposalId":22},{"typeApprovals":{"candidate":[],"partner":[],"sr":[{"producePercentage":0.0,"producedTotal":0.0,"address":"TDGy2M9qWBepSHDEutWWxWd1JZfmAed3BP","latestSlotNumber":0.0,"name":"CommunityNode","producer":false,"votes":2428751,"missedTotal":0.0,"producedTrx":0,"votesPercentage":0.010016526006127353,"url":"http://www.communitynode.org/","latestBlockNumber":0.0}]},"createSelf":false,"createTime":1571142534000,"proposer":{"producePercentage":0.0,"producedTotal":0.0,"address":"TDGy2M9qWBepSHDEutWWxWd1JZfmAed3BP","latestSlotNumber":0.0,"name":"CommunityNode","producer":false,"votes":2428751,"missedTotal":0.0,"producedTrx":0,"votesPercentage":0.010016526006127353,"url":"http://www.communitynode.org/","latestBlockNumber":0.0},"expirationTime":1571421600000,"totalVotes":1,"approvals":[{"producePercentage":0.0,"producedTotal":0.0,"address":"TDGy2M9qWBepSHDEutWWxWd1JZfmAed3BP","latestSlotNumber":0.0,"name":"CommunityNode","producer":false,"votes":2428751,"missedTotal":0.0,"producedTrx":0,"votesPercentage":0.010016526006127353,"url":"http://www.communitynode.org/","latestBlockNumber":0.0}],"validVotes":1,"paramters":[{"value":172800000000,"key":6}],"state":"CANCELED","approveSelf":false,"proposalId":21},{"typeApprovals":{"candidate":[],"partner":[],"sr":[{"producePercentage":0.0,"producedTotal":0.0,"address":"TDGy2M9qWBepSHDEutWWxWd1JZfmAed3BP","latestSlotNumber":0.0,"name":"CommunityNode","producer":false,"votes":2428751,"missedTotal":0.0,"producedTrx":0,"votesPercentage":0.010016526006127353,"url":"http://www.communitynode.org/","latestBlockNumber":0.0}]},"createSelf":false,"createTime":1571142435000,"proposer":{"producePercentage":0.0,"producedTotal":0.0,"address":"TDGy2M9qWBepSHDEutWWxWd1JZfmAed3BP","latestSlotNumber":0.0,"name":"CommunityNode","producer":false,"votes":2428751,"missedTotal":0.0,"producedTrx":0,"votesPercentage":0.010016526006127353,"url":"http://www.communitynode.org/","latestBlockNumber":0.0},"expirationTime":1571421600000,"totalVotes":1,"approvals":[{"producePercentage":0.0,"producedTotal":0.0,"address":"TDGy2M9qWBepSHDEutWWxWd1JZfmAed3BP","latestSlotNumber":0.0,"name":"CommunityNode","producer":false,"votes":2428751,"missedTotal":0.0,"producedTrx":0,"votesPercentage":0.010016526006127353,"url":"http://www.communitynode.org/","latestBlockNumber":0.0}],"validVotes":1,"paramters":[{"value":64000000,"key":5}],"state":"CANCELED","approveSelf":false,"proposalId":20},{"typeApprovals":{"candidate":[],"partner":[],"sr":[]},"createSelf":false,"createTime":1563853236000,"proposer":{"producePercentage":99.72781769820159,"producedTotal":628011.0,"address":"TFA1qpUkQ1yBDw4pgZKx25wEZAqkjGoZo1","latestSlotNumber":528428301,"name":"JustinSunTron","producer":true,"votes":311446630,"missedTotal":1714.0,"producedTrx":0,"votesPercentage":1.2844516662744447,"url":"https://twitter.com/justinsuntron","latestBlockNumber":18340803},"expirationTime":1564120800000,"totalVotes":0,"approvals":[],"validVotes":0,"paramters":[{"value":1,"key":24}],"state":"DISAPPROVED","approveSelf":false,"proposalId":19},{"typeApprovals":{"candidate":[],"partner":[],"sr":[{"producePercentage":99.03690739388165,"producedTotal":503055.0,"address":"TPRxUBEakukBMwTScCHgvCPSBYk5UhfboJ","latestSlotNumber":5.2408798E+8,"name":"CryptoDivaSR","producer":false,"votes":1840665,"missedTotal":4892.0,"producedTrx":0,"votesPercentage":0.007591172928418107,"url":"http://www.cryptodiva.io/","latestBlockNumber":14005616},{"producePercentage":98.42101945113939,"producedTotal":405906.0,"address":"TEKUPpjTMKWw9LJZ9YJ4enhCjAmVXSL7M6","latestSlotNumber":521575194,"name":"lianjinshu","producer":false,"votes":6265075,"missedTotal":6512.0,"producedTrx":0,"votesPercentage":0.025838089893874806,"url":"http://www.lianjinshu.com","latestBlockNumber":11497746},{"producePercentage":98.66475833192578,"producedTotal":221974.0,"address":"TGfUjDNr5Huk8DumHfmzY2ksE6RRYpuGLG","latestSlotNumber":524159989,"name":"BeatzCoin","producer":false,"votes":26812811,"missedTotal":3004.0,"producedTrx":0,"votesPercentage":0.11057997245451576,"url":"https://www.beatzcoin.io/","latestBlockNumber":14077587},{"producePercentage":99.64979360077398,"producedTotal":644781.0,"address":"TKSXDA8HfE9E1y39RczVQ1ZascUEtaSToF","latestSlotNumber":528428299,"name":"CryptoChain","producer":true,"votes":316549660,"missedTotal":2266.0,"producedTrx":0,"votesPercentage":1.3054973118367308,"url":"http://cryptochain.network","latestBlockNumber":18340801},{"producePercentage":99.57515373981028,"producedTotal":522197.0,"address":"TPMGfspxLQGom8sKutrbHcDKtHjRHFbGKw","latestSlotNumber":528428322,"name":"Infinity-Stones","producer":true,"votes":331328946,"missedTotal":2228.0,"producedTrx":0,"votesPercentage":1.366449258977872,"url":"https://infstones.io/","latestBlockNumber":18340824},{"producePercentage":99.02021463966287,"producedTotal":518353.0,"address":"TYVJ8JuQ6ctzCa2u79MFmvvNQ1U2tYQEUM","latestSlotNumber":525232781,"name":"TRON-ONE","producer":false,"votes":46899291,"missedTotal":5129.0,"producedTrx":0,"votesPercentage":0.19341956749392364,"url":"http://tronone.com","latestBlockNumber":15149942},{"producePercentage":99.559248824381,"producedTotal":587302.0,"address":"TV9QitxEJ3pdiAUAfJ2QuPxLKp9qTTR3og","latestSlotNumber":528428315,"name":"BitGuild","producer":true,"votes":717572645,"missedTotal":2600.0,"producedTrx":0,"votesPercentage":2.959375028534457,"url":"https://www.bitguild.com","latestBlockNumber":18340817},{"producePercentage":98.7338106812906,"producedTotal":613758.0,"address":"TJ2aDMgeipmoZRuUEru2ri8t7TGkxnm6qY","latestSlotNumber":528428311,"name":"Huobi_pool","producer":true,"votes":287939588,"missedTotal":7871.0,"producedTrx":0,"votesPercentage":1.1875051709276068,"url":"https://www.huobipool.com","latestBlockNumber":18340813},{"producePercentage":99.72781769820159,"producedTotal":628011.0,"address":"TFA1qpUkQ1yBDw4pgZKx25wEZAqkjGoZo1","latestSlotNumber":528428301,"name":"JustinSunTron","producer":true,"votes":311446630,"missedTotal":1714.0,"producedTrx":0,"votesPercentage":1.2844516662744447,"url":"https://twitter.com/justinsuntron","latestBlockNumber":18340803},{"producePercentage":99.40907431398858,"producedTotal":645315.0,"address":"TSNbzxac4WhxN91XvaUfPTKP2jNT18mP6T","latestSlotNumber":528428303,"name":"BitTorrent","producer":true,"votes":297079432,"missedTotal":3836.0,"producedTrx":0,"votesPercentage":1.225199230597761,"url":"https://www.bittorrent.com/","latestBlockNumber":18340805},{"producePercentage":99.64490380523401,"producedTotal":653269.0,"address":"TTcYhypP8m4phDhN6oRexz2174zAerjEWP","latestSlotNumber":528428319,"name":"CryptoGuyInZA","producer":true,"votes":382448060,"missedTotal":2328.0,"producedTrx":0,"votesPercentage":1.5772719965871158,"url":"https://www.cryptoguyinza.co.za/","latestBlockNumber":18340821},{"producePercentage":99.77451211951227,"producedTotal":540714.0,"address":"TE7hnUtWRRBz3SkFrX8JESWUmEvxxAhoPt","latestSlotNumber":528428312,"name":"TronWalletMe","producer":true,"votes":287498369,"missedTotal":1222.0,"producedTrx":0,"votesPercentage":1.1856855189386224,"url":"https://www.tronwallet.me/","latestBlockNumber":18340814},{"producePercentage":99.28374526180674,"producedTotal":676026.0,"address":"TGj1Ej1qRzL9feLTLhjwgxXF4Ct6GTWg2U","latestSlotNumber":528428314,"name":"Skypeople","producer":true,"votes":982129390,"missedTotal":4877.0,"producedTrx":0,"votesPercentage":4.050445919041101,"url":"http://www.skypeople.co.kr","latestBlockNumber":18340816},{"producePercentage":99.73090323188148,"producedTotal":476609.0,"address":"TVa6MF7SgZa8PToLoQ9PNq6KQHyTXLBz1p","latestSlotNumber":528428306,"name":"KryptoKnight","producer":true,"votes":295241924,"missedTotal":1286.0,"producedTrx":0,"votesPercentage":1.2176210776012344,"url":"http://krypto-knight.us/","latestBlockNumber":18340808},{"producePercentage":98.49972925577629,"producedTotal":594831.0,"address":"TBXB5tobBPCFkC8ihFDBWjaiwW2iSpzSfr","latestSlotNumber":527385598,"name":"TRONVIETNAM","producer":false,"votes":148275995,"missedTotal":9060.0,"producedTrx":0,"votesPercentage":0.6115119911435587,"url":"https://www.tronvietnam.com/","latestBlockNumber":17299301},{"producePercentage":99.571136827774,"producedTotal":438810.0,"address":"TN2MEB71iox2mDwwngdTrUyUZXeENcb79F","latestSlotNumber":527032788,"name":"SR-TRON-Europe","producer":false,"votes":169410377,"missedTotal":1890.0,"producedTrx":0,"votesPercentage":0.6986732880103145,"url":"https://www.tron-europe.org","latestBlockNumber":16947364},{"producePercentage":99.69627836667317,"producedTotal":645009.0,"address":"TY65QiDt4hLTMpf3WRzcX357BnmdxT2sw9","latestSlotNumber":528428323,"name":"uTorrent","producer":true,"votes":330853949,"missedTotal":1965.0,"producedTrx":0,"votesPercentage":1.3644903015535281,"url":"https://www.utorrent.com/","latestBlockNumber":18340825},{"producePercentage":99.3357973110504,"producedTotal":611985.0,"address":"TSzoLaVCdSNDpNxgChcFt9rSRF5wWAZiR4","latestSlotNumber":528428304,"name":"TRXMarket","producer":true,"votes":296064343,"missedTotal":4092.0,"producedTrx":0,"votesPercentage":1.2210128544039751,"url":"http://trx.market","latestBlockNumber":18340806},{"producePercentage":99.88217999437923,"producedTotal":369620.0,"address":"TCEo1hMAdaJrQmvnGTCcGT2LqrGU4N7Jqf","latestSlotNumber":528428302,"name":"TRONScan","producer":true,"votes":305414830,"missedTotal":436.0,"producedTrx":0,"votesPercentage":1.259575636758138,"url":"https://tronscan.org","latestBlockNumber":18340804}]},"createSelf":false,"createTime":1562315022000,"proposer":{"producePercentage":99.03690739388165,"producedTotal":503055.0,"address":"TPRxUBEakukBMwTScCHgvCPSBYk5UhfboJ","latestSlotNumber":5.2408798E+8,"name":"CryptoDivaSR","producer":false,"votes":1840665,"missedTotal":4892.0,"producedTrx":0,"votesPercentage":0.007591172928418107,"url":"http://www.cryptodiva.io/","latestBlockNumber":14005616},"expirationTime":1562587200000,"totalVotes":19,"approvals":[{"producePercentage":99.03690739388165,"producedTotal":503055.0,"address":"TPRxUBEakukBMwTScCHgvCPSBYk5UhfboJ","latestSlotNumber":5.2408798E+8,"name":"CryptoDivaSR","producer":false,"votes":1840665,"missedTotal":4892.0,"producedTrx":0,"votesPercentage":0.007591172928418107,"url":"http://www.cryptodiva.io/","latestBlockNumber":14005616},{"producePercentage":98.42101945113939,"producedTotal":405906.0,"address":"TEKUPpjTMKWw9LJZ9YJ4enhCjAmVXSL7M6","latestSlotNumber":521575194,"name":"lianjinshu","producer":false,"votes":6265075,"missedTotal":6512.0,"producedTrx":0,"votesPercentage":0.025838089893874806,"url":"http://www.lianjinshu.com","latestBlockNumber":11497746},{"producePercentage":98.66475833192578,"producedTotal":221974.0,"address":"TGfUjDNr5Huk8DumHfmzY2ksE6RRYpuGLG","latestSlotNumber":524159989,"name":"BeatzCoin","producer":false,"votes":26812811,"missedTotal":3004.0,"producedTrx":0,"votesPercentage":0.11057997245451576,"url":"https://www.beatzcoin.io/","latestBlockNumber":14077587},{"producePercentage":99.64979360077398,"producedTotal":644781.0,"address":"TKSXDA8HfE9E1y39RczVQ1ZascUEtaSToF","latestSlotNumber":528428299,"name":"CryptoChain","producer":true,"votes":316549660,"missedTotal":2266.0,"producedTrx":0,"votesPercentage":1.3054973118367308,"url":"http://cryptochain.network","latestBlockNumber":18340801},{"producePercentage":99.57515373981028,"producedTotal":522197.0,"address":"TPMGfspxLQGom8sKutrbHcDKtHjRHFbGKw","latestSlotNumber":528428322,"name":"Infinity-Stones","producer":true,"votes":331328946,"missedTotal":2228.0,"producedTrx":0,"votesPercentage":1.366449258977872,"url":"https://infstones.io/","latestBlockNumber":18340824},{"producePercentage":99.02021463966287,"producedTotal":518353.0,"address":"TYVJ8JuQ6ctzCa2u79MFmvvNQ1U2tYQEUM","latestSlotNumber":525232781,"name":"TRON-ONE","producer":false,"votes":46899291,"missedTotal":5129.0,"producedTrx":0,"votesPercentage":0.19341956749392364,"url":"http://tronone.com","latestBlockNumber":15149942},{"producePercentage":99.559248824381,"producedTotal":587302.0,"address":"TV9QitxEJ3pdiAUAfJ2QuPxLKp9qTTR3og","latestSlotNumber":528428315,"name":"BitGuild","producer":true,"votes":717572645,"missedTotal":2600.0,"producedTrx":0,"votesPercentage":2.959375028534457,"url":"https://www.bitguild.com","latestBlockNumber":18340817},{"producePercentage":98.7338106812906,"producedTotal":613758.0,"address":"TJ2aDMgeipmoZRuUEru2ri8t7TGkxnm6qY","latestSlotNumber":528428311,"name":"Huobi_pool","producer":true,"votes":287939588,"missedTotal":7871.0,"producedTrx":0,"votesPercentage":1.1875051709276068,"url":"https://www.huobipool.com","latestBlockNumber":18340813},{"producePercentage":99.72781769820159,"producedTotal":628011.0,"address":"TFA1qpUkQ1yBDw4pgZKx25wEZAqkjGoZo1","latestSlotNumber":528428301,"name":"JustinSunTron","producer":true,"votes":311446630,"missedTotal":1714.0,"producedTrx":0,"votesPercentage":1.2844516662744447,"url":"https://twitter.com/justinsuntron","latestBlockNumber":18340803},{"producePercentage":99.40907431398858,"producedTotal":645315.0,"address":"TSNbzxac4WhxN91XvaUfPTKP2jNT18mP6T","latestSlotNumber":528428303,"name":"BitTorrent","producer":true,"votes":297079432,"missedTotal":3836.0,"producedTrx":0,"votesPercentage":1.225199230597761,"url":"https://www.bittorrent.com/","latestBlockNumber":18340805},{"producePercentage":99.64490380523401,"producedTotal":653269.0,"address":"TTcYhypP8m4phDhN6oRexz2174zAerjEWP","latestSlotNumber":528428319,"name":"CryptoGuyInZA","producer":true,"votes":382448060,"missedTotal":2328.0,"producedTrx":0,"votesPercentage":1.5772719965871158,"url":"https://www.cryptoguyinza.co.za/","latestBlockNumber":18340821},{"producePercentage":99.77451211951227,"producedTotal":540714.0,"address":"TE7hnUtWRRBz3SkFrX8JESWUmEvxxAhoPt","latestSlotNumber":528428312,"name":"TronWalletMe","producer":true,"votes":287498369,"missedTotal":1222.0,"producedTrx":0,"votesPercentage":1.1856855189386224,"url":"https://www.tronwallet.me/","latestBlockNumber":18340814},{"producePercentage":99.28374526180674,"producedTotal":676026.0,"address":"TGj1Ej1qRzL9feLTLhjwgxXF4Ct6GTWg2U","latestSlotNumber":528428314,"name":"Skypeople","producer":true,"votes":982129390,"missedTotal":4877.0,"producedTrx":0,"votesPercentage":4.050445919041101,"url":"http://www.skypeople.co.kr","latestBlockNumber":18340816},{"producePercentage":99.73090323188148,"producedTotal":476609.0,"address":"TVa6MF7SgZa8PToLoQ9PNq6KQHyTXLBz1p","latestSlotNumber":528428306,"name":"KryptoKnight","producer":true,"votes":295241924,"missedTotal":1286.0,"producedTrx":0,"votesPercentage":1.2176210776012344,"url":"http://krypto-knight.us/","latestBlockNumber":18340808},{"producePercentage":98.49972925577629,"producedTotal":594831.0,"address":"TBXB5tobBPCFkC8ihFDBWjaiwW2iSpzSfr","latestSlotNumber":527385598,"name":"TRONVIETNAM","producer":false,"votes":148275995,"missedTotal":9060.0,"producedTrx":0,"votesPercentage":0.6115119911435587,"url":"https://www.tronvietnam.com/","latestBlockNumber":17299301},{"producePercentage":99.571136827774,"producedTotal":438810.0,"address":"TN2MEB71iox2mDwwngdTrUyUZXeENcb79F","latestSlotNumber":527032788,"name":"SR-TRON-Europe","producer":false,"votes":169410377,"missedTotal":1890.0,"producedTrx":0,"votesPercentage":0.6986732880103145,"url":"https://www.tron-europe.org","latestBlockNumber":16947364},{"producePercentage":99.69627836667317,"producedTotal":645009.0,"address":"TY65QiDt4hLTMpf3WRzcX357BnmdxT2sw9","latestSlotNumber":528428323,"name":"uTorrent","producer":true,"votes":330853949,"missedTotal":1965.0,"producedTrx":0,"votesPercentage":1.3644903015535281,"url":"https://www.utorrent.com/","latestBlockNumber":18340825},{"producePercentage":99.3357973110504,"producedTotal":611985.0,"address":"TSzoLaVCdSNDpNxgChcFt9rSRF5wWAZiR4","latestSlotNumber":528428304,"name":"TRXMarket","producer":true,"votes":296064343,"missedTotal":4092.0,"producedTrx":0,"votesPercentage":1.2210128544039751,"url":"http://trx.market","latestBlockNumber":18340806},{"producePercentage":99.88217999437923,"producedTotal":369620.0,"address":"TCEo1hMAdaJrQmvnGTCcGT2LqrGU4N7Jqf","latestSlotNumber":528428302,"name":"TRONScan","producer":true,"votes":305414830,"missedTotal":436.0,"producedTrx":0,"votesPercentage":1.259575636758138,"url":"https://tronscan.org","latestBlockNumber":18340804}],"validVotes":19,"paramters":[{"value":1,"key":26}],"state":"APPROVED","approveSelf":false,"proposalId":18},{"typeApprovals":{"candidate":[],"partner":[],"sr":[{"producePercentage":99.02021463966287,"producedTotal":518353.0,"address":"TYVJ8JuQ6ctzCa2u79MFmvvNQ1U2tYQEUM","latestSlotNumber":525232781,"name":"TRON-ONE","producer":false,"votes":46899291,"missedTotal":5129.0,"producedTrx":0,"votesPercentage":0.19341956749392364,"url":"http://tronone.com","latestBlockNumber":15149942},{"producePercentage":98.7338106812906,"producedTotal":613758.0,"address":"TJ2aDMgeipmoZRuUEru2ri8t7TGkxnm6qY","latestSlotNumber":528428311,"name":"Huobi_pool","producer":true,"votes":287939588,"missedTotal":7871.0,"producedTrx":0,"votesPercentage":1.1875051709276068,"url":"https://www.huobipool.com","latestBlockNumber":18340813},{"producePercentage":98.42101945113939,"producedTotal":405906.0,"address":"TEKUPpjTMKWw9LJZ9YJ4enhCjAmVXSL7M6","latestSlotNumber":521575194,"name":"lianjinshu","producer":false,"votes":6265075,"missedTotal":6512.0,"producedTrx":0,"votesPercentage":0.025838089893874806,"url":"http://www.lianjinshu.com","latestBlockNumber":11497746},{"producePercentage":99.559248824381,"producedTotal":587302.0,"address":"TV9QitxEJ3pdiAUAfJ2QuPxLKp9qTTR3og","latestSlotNumber":528428315,"name":"BitGuild","producer":true,"votes":717572645,"missedTotal":2600.0,"producedTrx":0,"votesPercentage":2.959375028534457,"url":"https://www.bitguild.com","latestBlockNumber":18340817},{"producePercentage":99.64490380523401,"producedTotal":653269.0,"address":"TTcYhypP8m4phDhN6oRexz2174zAerjEWP","latestSlotNumber":528428319,"name":"CryptoGuyInZA","producer":true,"votes":382448060,"missedTotal":2328.0,"producedTrx":0,"votesPercentage":1.5772719965871158,"url":"https://www.cryptoguyinza.co.za/","latestBlockNumber":18340821},{"producePercentage":99.64979360077398,"producedTotal":644781.0,"address":"TKSXDA8HfE9E1y39RczVQ1ZascUEtaSToF","latestSlotNumber":528428299,"name":"CryptoChain","producer":true,"votes":316549660,"missedTotal":2266.0,"producedTrx":0,"votesPercentage":1.3054973118367308,"url":"http://cryptochain.network","latestBlockNumber":18340801},{"producePercentage":99.571136827774,"producedTotal":438810.0,"address":"TN2MEB71iox2mDwwngdTrUyUZXeENcb79F","latestSlotNumber":527032788,"name":"SR-TRON-Europe","producer":false,"votes":169410377,"missedTotal":1890.0,"producedTrx":0,"votesPercentage":0.6986732880103145,"url":"https://www.tron-europe.org","latestBlockNumber":16947364},{"producePercentage":99.57515373981028,"producedTotal":522197.0,"address":"TPMGfspxLQGom8sKutrbHcDKtHjRHFbGKw","latestSlotNumber":528428322,"name":"Infinity-Stones","producer":true,"votes":331328946,"missedTotal":2228.0,"producedTrx":0,"votesPercentage":1.366449258977872,"url":"https://infstones.io/","latestBlockNumber":18340824},{"producePercentage":99.03690739388165,"producedTotal":503055.0,"address":"TPRxUBEakukBMwTScCHgvCPSBYk5UhfboJ","latestSlotNumber":5.2408798E+8,"name":"CryptoDivaSR","producer":false,"votes":1840665,"missedTotal":4892.0,"producedTrx":0,"votesPercentage":0.007591172928418107,"url":"http://www.cryptodiva.io/","latestBlockNumber":14005616},{"producePercentage":98.57857284741128,"producedTotal":168733.0,"address":"TQwqK8LhHGria5gkkfCVqQfE5mSwpvdp3B","latestSlotNumber":518255974,"name":"Tron-Society","producer":false,"votes":30699903,"missedTotal":2433.0,"producedTrx":0,"votesPercentage":0.12661091103414354,"url":"https://tron-society.com","latestBlockNumber":8208429.0},{"producePercentage":99.00614905199443,"producedTotal":154409.0,"address":"TSbhZijH2t7Qn1UAHAu7PBHQdVAvRwSyYr","latestSlotNumber":518464799,"name":"Intergalactic-Gaming","producer":false,"votes":6086168,"missedTotal":1550.0,"producedTrx":0,"votesPercentage":0.025100251137173017,"url":"https://www.iggalaxy.com","latestBlockNumber":8416221.0},{"producePercentage":98.49972925577629,"producedTotal":594831.0,"address":"TBXB5tobBPCFkC8ihFDBWjaiwW2iSpzSfr","latestSlotNumber":527385598,"name":"TRONVIETNAM","producer":false,"votes":148275995,"missedTotal":9060.0,"producedTrx":0,"votesPercentage":0.6115119911435587,"url":"https://www.tronvietnam.com/","latestBlockNumber":17299301},{"producePercentage":99.13989948240942,"producedTotal":660817.0,"address":"TGzz8gjYiYRqpfmDwnLxfgPuLVNmpCswVp","latestSlotNumber":528428318,"name":"Sesameseed","producer":true,"votes":391145419,"missedTotal":5733.0,"producedTrx":0,"votesPercentage":1.6131411830982594,"url":"https://www.sesameseed.org","latestBlockNumber":1.834082E+7},{"producePercentage":99.72781769820159,"producedTotal":628011.0,"address":"TFA1qpUkQ1yBDw4pgZKx25wEZAqkjGoZo1","latestSlotNumber":528428301,"name":"JustinSunTron","producer":true,"votes":311446630,"missedTotal":1714.0,"producedTrx":0,"votesPercentage":1.2844516662744447,"url":"https://twitter.com/justinsuntron","latestBlockNumber":18340803},{"producePercentage":99.63845358596802,"producedTotal":511770.0,"address":"TNaJADoq1u2atryP1ZzwvmEE4ZBELXfMqw","latestSlotNumber":528428305,"name":"callmeSR","producer":true,"votes":295527279,"missedTotal":1857.0,"producedTrx":0,"votesPercentage":1.218797923551469,"url":"http://zempty.peiwo.cn/","latestBlockNumber":18340807},{"producePercentage":99.40907431398858,"producedTotal":645315.0,"address":"TSNbzxac4WhxN91XvaUfPTKP2jNT18mP6T","latestSlotNumber":528428303,"name":"BitTorrent","producer":true,"votes":297079432,"missedTotal":3836.0,"producedTrx":0,"votesPercentage":1.225199230597761,"url":"https://www.bittorrent.com/","latestBlockNumber":18340805},{"producePercentage":99.69627836667317,"producedTotal":645009.0,"address":"TY65QiDt4hLTMpf3WRzcX357BnmdxT2sw9","latestSlotNumber":528428323,"name":"uTorrent","producer":true,"votes":330853949,"missedTotal":1965.0,"producedTrx":0,"votesPercentage":1.3644903015535281,"url":"https://www.utorrent.com/","latestBlockNumber":18340825},{"producePercentage":99.13681772974898,"producedTotal":267142.0,"address":"TTuT2AG5q37f74zra7PjAApUmyVaXmFvC4","latestSlotNumber":518572799,"name":"RayboTron","producer":false,"votes":74940,"missedTotal":2326.0,"producedTrx":0,"votesPercentage":0.0003090635717285073,"url":"http://raybo.com","latestBlockNumber":8523378.0},{"producePercentage":99.70984621379827,"producedTotal":424745.0,"address":"TTW663tQYJTTCtHh6DWKAfexRhPMf2DxQ1","latestSlotNumber":5.284283E+8,"name":"TRONALLIANCE","producer":true,"votes":311978679,"missedTotal":1236.0,"producedTrx":0,"votesPercentage":1.2866459145300435,"url":"http://tronalliance.org","latestBlockNumber":18340802},{"producePercentage":99.07332301933677,"producedTotal":250389.0,"address":"TSRmKPv8kvokcHKfLeySQ3gNHyYrAAXrnc","latestSlotNumber":518435979,"name":"DAPPHOUSE","producer":false,"votes":100570,"missedTotal":2342.0,"producedTrx":0,"votesPercentage":0.00041476545781606597,"url":"http://dapps.house","latestBlockNumber":8387532.0}]},"createSelf":false,"createTime":1552887978000,"proposer":{"producePercentage":99.02021463966287,"producedTotal":518353.0,"address":"TYVJ8JuQ6ctzCa2u79MFmvvNQ1U2tYQEUM","latestSlotNumber":525232781,"name":"TRON-ONE","producer":false,"votes":46899291,"missedTotal":5129.0,"producedTrx":0,"votesPercentage":0.19341956749392364,"url":"http://tronone.com","latestBlockNumber":15149942},"expirationTime":1553148000000,"totalVotes":20,"approvals":[{"producePercentage":99.02021463966287,"producedTotal":518353.0,"address":"TYVJ8JuQ6ctzCa2u79MFmvvNQ1U2tYQEUM","latestSlotNumber":525232781,"name":"TRON-ONE","producer":false,"votes":46899291,"missedTotal":5129.0,"producedTrx":0,"votesPercentage":0.19341956749392364,"url":"http://tronone.com","latestBlockNumber":15149942},{"producePercentage":98.7338106812906,"producedTotal":613758.0,"address":"TJ2aDMgeipmoZRuUEru2ri8t7TGkxnm6qY","latestSlotNumber":528428311,"name":"Huobi_pool","producer":true,"votes":287939588,"missedTotal":7871.0,"producedTrx":0,"votesPercentage":1.1875051709276068,"url":"https://www.huobipool.com","latestBlockNumber":18340813},{"producePercentage":98.42101945113939,"producedTotal":405906.0,"address":"TEKUPpjTMKWw9LJZ9YJ4enhCjAmVXSL7M6","latestSlotNumber":521575194,"name":"lianjinshu","producer":false,"votes":6265075,"missedTotal":6512.0,"producedTrx":0,"votesPercentage":0.025838089893874806,"url":"http://www.lianjinshu.com","latestBlockNumber":11497746},{"producePercentage":99.559248824381,"producedTotal":587302.0,"address":"TV9QitxEJ3pdiAUAfJ2QuPxLKp9qTTR3og","latestSlotNumber":528428315,"name":"BitGuild","producer":true,"votes":717572645,"missedTotal":2600.0,"producedTrx":0,"votesPercentage":2.959375028534457,"url":"https://www.bitguild.com","latestBlockNumber":18340817},{"producePercentage":99.64490380523401,"producedTotal":653269.0,"address":"TTcYhypP8m4phDhN6oRexz2174zAerjEWP","latestSlotNumber":528428319,"name":"CryptoGuyInZA","producer":true,"votes":382448060,"missedTotal":2328.0,"producedTrx":0,"votesPercentage":1.5772719965871158,"url":"https://www.cryptoguyinza.co.za/","latestBlockNumber":18340821},{"producePercentage":99.64979360077398,"producedTotal":644781.0,"address":"TKSXDA8HfE9E1y39RczVQ1ZascUEtaSToF","latestSlotNumber":528428299,"name":"CryptoChain","producer":true,"votes":316549660,"missedTotal":2266.0,"producedTrx":0,"votesPercentage":1.3054973118367308,"url":"http://cryptochain.network","latestBlockNumber":18340801},{"producePercentage":99.571136827774,"producedTotal":438810.0,"address":"TN2MEB71iox2mDwwngdTrUyUZXeENcb79F","latestSlotNumber":527032788,"name":"SR-TRON-Europe","producer":false,"votes":169410377,"missedTotal":1890.0,"producedTrx":0,"votesPercentage":0.6986732880103145,"url":"https://www.tron-europe.org","latestBlockNumber":16947364},{"producePercentage":99.57515373981028,"producedTotal":522197.0,"address":"TPMGfspxLQGom8sKutrbHcDKtHjRHFbGKw","latestSlotNumber":528428322,"name":"Infinity-Stones","producer":true,"votes":331328946,"missedTotal":2228.0,"producedTrx":0,"votesPercentage":1.366449258977872,"url":"https://infstones.io/","latestBlockNumber":18340824},{"producePercentage":99.03690739388165,"producedTotal":503055.0,"address":"TPRxUBEakukBMwTScCHgvCPSBYk5UhfboJ","latestSlotNumber":5.2408798E+8,"name":"CryptoDivaSR","producer":false,"votes":1840665,"missedTotal":4892.0,"producedTrx":0,"votesPercentage":0.007591172928418107,"url":"http://www.cryptodiva.io/","latestBlockNumber":14005616},{"producePercentage":98.57857284741128,"producedTotal":168733.0,"address":"TQwqK8LhHGria5gkkfCVqQfE5mSwpvdp3B","latestSlotNumber":518255974,"name":"Tron-Society","producer":false,"votes":30699903,"missedTotal":2433.0,"producedTrx":0,"votesPercentage":0.12661091103414354,"url":"https://tron-society.com","latestBlockNumber":8208429.0},{"producePercentage":99.00614905199443,"producedTotal":154409.0,"address":"TSbhZijH2t7Qn1UAHAu7PBHQdVAvRwSyYr","latestSlotNumber":518464799,"name":"Intergalactic-Gaming","producer":false,"votes":6086168,"missedTotal":1550.0,"producedTrx":0,"votesPercentage":0.025100251137173017,"url":"https://www.iggalaxy.com","latestBlockNumber":8416221.0},{"producePercentage":98.49972925577629,"producedTotal":594831.0,"address":"TBXB5tobBPCFkC8ihFDBWjaiwW2iSpzSfr","latestSlotNumber":527385598,"name":"TRONVIETNAM","producer":false,"votes":148275995,"missedTotal":9060.0,"producedTrx":0,"votesPercentage":0.6115119911435587,"url":"https://www.tronvietnam.com/","latestBlockNumber":17299301},{"producePercentage":99.13989948240942,"producedTotal":660817.0,"address":"TGzz8gjYiYRqpfmDwnLxfgPuLVNmpCswVp","latestSlotNumber":528428318,"name":"Sesameseed","producer":true,"votes":391145419,"missedTotal":5733.0,"producedTrx":0,"votesPercentage":1.6131411830982594,"url":"https://www.sesameseed.org","latestBlockNumber":1.834082E+7},{"producePercentage":99.72781769820159,"producedTotal":628011.0,"address":"TFA1qpUkQ1yBDw4pgZKx25wEZAqkjGoZo1","latestSlotNumber":528428301,"name":"JustinSunTron","producer":true,"votes":311446630,"missedTotal":1714.0,"producedTrx":0,"votesPercentage":1.2844516662744447,"url":"https://twitter.com/justinsuntron","latestBlockNumber":18340803},{"producePercentage":99.63845358596802,"producedTotal":511770.0,"address":"TNaJADoq1u2atryP1ZzwvmEE4ZBELXfMqw","latestSlotNumber":528428305,"name":"callmeSR","producer":true,"votes":295527279,"missedTotal":1857.0,"producedTrx":0,"votesPercentage":1.218797923551469,"url":"http://zempty.peiwo.cn/","latestBlockNumber":18340807},{"producePercentage":99.40907431398858,"producedTotal":645315.0,"address":"TSNbzxac4WhxN91XvaUfPTKP2jNT18mP6T","latestSlotNumber":528428303,"name":"BitTorrent","producer":true,"votes":297079432,"missedTotal":3836.0,"producedTrx":0,"votesPercentage":1.225199230597761,"url":"https://www.bittorrent.com/","latestBlockNumber":18340805},{"producePercentage":99.69627836667317,"producedTotal":645009.0,"address":"TY65QiDt4hLTMpf3WRzcX357BnmdxT2sw9","latestSlotNumber":528428323,"name":"uTorrent","producer":true,"votes":330853949,"missedTotal":1965.0,"producedTrx":0,"votesPercentage":1.3644903015535281,"url":"https://www.utorrent.com/","latestBlockNumber":18340825},{"producePercentage":99.13681772974898,"producedTotal":267142.0,"address":"TTuT2AG5q37f74zra7PjAApUmyVaXmFvC4","latestSlotNumber":518572799,"name":"RayboTron","producer":false,"votes":74940,"missedTotal":2326.0,"producedTrx":0,"votesPercentage":0.0003090635717285073,"url":"http://raybo.com","latestBlockNumber":8523378.0},{"producePercentage":99.70984621379827,"producedTotal":424745.0,"address":"TTW663tQYJTTCtHh6DWKAfexRhPMf2DxQ1","latestSlotNumber":5.284283E+8,"name":"TRONALLIANCE","producer":true,"votes":311978679,"missedTotal":1236.0,"producedTrx":0,"votesPercentage":1.2866459145300435,"url":"http://tronalliance.org","latestBlockNumber":18340802},{"producePercentage":99.07332301933677,"producedTotal":250389.0,"address":"TSRmKPv8kvokcHKfLeySQ3gNHyYrAAXrnc","latestSlotNumber":518435979,"name":"DAPPHOUSE","producer":false,"votes":100570,"missedTotal":2342.0,"producedTrx":0,"votesPercentage":0.00041476545781606597,"url":"http://dapps.house","latestBlockNumber":8387532.0}],"validVotes":20,"paramters":[{"value":1,"key":20}],"state":"APPROVED","approveSelf":false,"proposalId":17},{"typeApprovals":{"candidate":[],"partner":[],"sr":[{"producePercentage":98.42101945113939,"producedTotal":405906.0,"address":"TEKUPpjTMKWw9LJZ9YJ4enhCjAmVXSL7M6","latestSlotNumber":521575194,"name":"lianjinshu","producer":false,"votes":6265075,"missedTotal":6512.0,"producedTrx":0,"votesPercentage":0.025838089893874806,"url":"http://www.lianjinshu.com","latestBlockNumber":11497746},{"producePercentage":99.72781769820159,"producedTotal":628011.0,"address":"TFA1qpUkQ1yBDw4pgZKx25wEZAqkjGoZo1","latestSlotNumber":528428301,"name":"JustinSunTron","producer":true,"votes":311446630,"missedTotal":1714.0,"producedTrx":0,"votesPercentage":1.2844516662744447,"url":"https://twitter.com/justinsuntron","latestBlockNumber":18340803},{"producePercentage":99.02021463966287,"producedTotal":518353.0,"address":"TYVJ8JuQ6ctzCa2u79MFmvvNQ1U2tYQEUM","latestSlotNumber":525232781,"name":"TRON-ONE","producer":false,"votes":46899291,"missedTotal":5129.0,"producedTrx":0,"votesPercentage":0.19341956749392364,"url":"http://tronone.com","latestBlockNumber":15149942},{"producePercentage":99.559248824381,"producedTotal":587302.0,"address":"TV9QitxEJ3pdiAUAfJ2QuPxLKp9qTTR3og","latestSlotNumber":528428315,"name":"BitGuild","producer":true,"votes":717572645,"missedTotal":2600.0,"producedTrx":0,"votesPercentage":2.959375028534457,"url":"https://www.bitguild.com","latestBlockNumber":18340817},{"producePercentage":99.64979360077398,"producedTotal":644781.0,"address":"TKSXDA8HfE9E1y39RczVQ1ZascUEtaSToF","latestSlotNumber":528428299,"name":"CryptoChain","producer":true,"votes":316549660,"missedTotal":2266.0,"producedTrx":0,"votesPercentage":1.3054973118367308,"url":"http://cryptochain.network","latestBlockNumber":18340801},{"producePercentage":99.40907431398858,"producedTotal":645315.0,"address":"TSNbzxac4WhxN91XvaUfPTKP2jNT18mP6T","latestSlotNumber":528428303,"name":"BitTorrent","producer":true,"votes":297079432,"missedTotal":3836.0,"producedTrx":0,"votesPercentage":1.225199230597761,"url":"https://www.bittorrent.com/","latestBlockNumber":18340805},{"producePercentage":99.00614905199443,"producedTotal":154409.0,"address":"TSbhZijH2t7Qn1UAHAu7PBHQdVAvRwSyYr","latestSlotNumber":518464799,"name":"Intergalactic-Gaming","producer":false,"votes":6086168,"missedTotal":1550.0,"producedTrx":0,"votesPercentage":0.025100251137173017,"url":"https://www.iggalaxy.com","latestBlockNumber":8416221.0},{"producePercentage":99.64490380523401,"producedTotal":653269.0,"address":"TTcYhypP8m4phDhN6oRexz2174zAerjEWP","latestSlotNumber":528428319,"name":"CryptoGuyInZA","producer":true,"votes":382448060,"missedTotal":2328.0,"producedTrx":0,"votesPercentage":1.5772719965871158,"url":"https://www.cryptoguyinza.co.za/","latestBlockNumber":18340821},{"producePercentage":99.03690739388165,"producedTotal":503055.0,"address":"TPRxUBEakukBMwTScCHgvCPSBYk5UhfboJ","latestSlotNumber":5.2408798E+8,"name":"CryptoDivaSR","producer":false,"votes":1840665,"missedTotal":4892.0,"producedTrx":0,"votesPercentage":0.007591172928418107,"url":"http://www.cryptodiva.io/","latestBlockNumber":14005616},{"producePercentage":99.571136827774,"producedTotal":438810.0,"address":"TN2MEB71iox2mDwwngdTrUyUZXeENcb79F","latestSlotNumber":527032788,"name":"SR-TRON-Europe","producer":false,"votes":169410377,"missedTotal":1890.0,"producedTrx":0,"votesPercentage":0.6986732880103145,"url":"https://www.tron-europe.org","latestBlockNumber":16947364},{"producePercentage":99.63845358596802,"producedTotal":511770.0,"address":"TNaJADoq1u2atryP1ZzwvmEE4ZBELXfMqw","latestSlotNumber":528428305,"name":"callmeSR","producer":true,"votes":295527279,"missedTotal":1857.0,"producedTrx":0,"votesPercentage":1.218797923551469,"url":"http://zempty.peiwo.cn/","latestBlockNumber":18340807},{"producePercentage":99.57515373981028,"producedTotal":522197.0,"address":"TPMGfspxLQGom8sKutrbHcDKtHjRHFbGKw","latestSlotNumber":528428322,"name":"Infinity-Stones","producer":true,"votes":331328946,"missedTotal":2228.0,"producedTrx":0,"votesPercentage":1.366449258977872,"url":"https://infstones.io/","latestBlockNumber":18340824},{"producePercentage":99.77451211951227,"producedTotal":540714.0,"address":"TE7hnUtWRRBz3SkFrX8JESWUmEvxxAhoPt","latestSlotNumber":528428312,"name":"TronWalletMe","producer":true,"votes":287498369,"missedTotal":1222.0,"producedTrx":0,"votesPercentage":1.1856855189386224,"url":"https://www.tronwallet.me/","latestBlockNumber":18340814},{"producePercentage":99.3357973110504,"producedTotal":611985.0,"address":"TSzoLaVCdSNDpNxgChcFt9rSRF5wWAZiR4","latestSlotNumber":528428304,"name":"TRXMarket","producer":true,"votes":296064343,"missedTotal":4092.0,"producedTrx":0,"votesPercentage":1.2210128544039751,"url":"http://trx.market","latestBlockNumber":18340806},{"producePercentage":99.69627836667317,"producedTotal":645009.0,"address":"TY65QiDt4hLTMpf3WRzcX357BnmdxT2sw9","latestSlotNumber":528428323,"name":"uTorrent","producer":true,"votes":330853949,"missedTotal":1965.0,"producedTrx":0,"votesPercentage":1.3644903015535281,"url":"https://www.utorrent.com/","latestBlockNumber":18340825},{"producePercentage":98.57857284741128,"producedTotal":168733.0,"address":"TQwqK8LhHGria5gkkfCVqQfE5mSwpvdp3B","latestSlotNumber":518255974,"name":"Tron-Society","producer":false,"votes":30699903,"missedTotal":2433.0,"producedTrx":0,"votesPercentage":0.12661091103414354,"url":"https://tron-society.com","latestBlockNumber":8208429.0},{"producePercentage":99.70984621379827,"producedTotal":424745.0,"address":"TTW663tQYJTTCtHh6DWKAfexRhPMf2DxQ1","latestSlotNumber":5.284283E+8,"name":"TRONALLIANCE","producer":true,"votes":311978679,"missedTotal":1236.0,"producedTrx":0,"votesPercentage":1.2866459145300435,"url":"http://tronalliance.org","latestBlockNumber":18340802},{"producePercentage":99.0132693036775,"producedTotal":195873.0,"address":"TV6qcwSp38uESiDczxxb7zbJX1h2LfDs78","latestSlotNumber":516002399,"name":"TronsTronics","producer":false,"votes":6402656,"missedTotal":1952.0,"producedTrx":0,"votesPercentage":0.02640549415410939,"url":"Tronstronics","latestBlockNumber":5971325.0},{"producePercentage":99.73090323188148,"producedTotal":476609.0,"address":"TVa6MF7SgZa8PToLoQ9PNq6KQHyTXLBz1p","latestSlotNumber":528428306,"name":"KryptoKnight","producer":true,"votes":295241924,"missedTotal":1286.0,"producedTrx":0,"votesPercentage":1.2176210776012344,"url":"http://krypto-knight.us/","latestBlockNumber":18340808},{"producePercentage":98.7338106812906,"producedTotal":613758.0,"address":"TJ2aDMgeipmoZRuUEru2ri8t7TGkxnm6qY","latestSlotNumber":528428311,"name":"Huobi_pool","producer":true,"votes":287939588,"missedTotal":7871.0,"producedTrx":0,"votesPercentage":1.1875051709276068,"url":"https://www.huobipool.com","latestBlockNumber":18340813},{"producePercentage":99.39076958445888,"producedTotal":432325.0,"address":"TVFKwzE8qeETLaZEHMx2tjEsdnujAgAWaA","latestSlotNumber":528428325,"name":"BlockchainOrg","producer":true,"votes":317451639,"missedTotal":2650.0,"producedTrx":0,"votesPercentage":1.3092172057700655,"url":"http://blockchain.org","latestBlockNumber":18340827},{"producePercentage":99.07332301933677,"producedTotal":250389.0,"address":"TSRmKPv8kvokcHKfLeySQ3gNHyYrAAXrnc","latestSlotNumber":518435979,"name":"DAPPHOUSE","producer":false,"votes":100570,"missedTotal":2342.0,"producedTrx":0,"votesPercentage":0.00041476545781606597,"url":"http://dapps.house","latestBlockNumber":8387532.0},{"producePercentage":99.13681772974898,"producedTotal":267142.0,"address":"TTuT2AG5q37f74zra7PjAApUmyVaXmFvC4","latestSlotNumber":518572799,"name":"RayboTron","producer":false,"votes":74940,"missedTotal":2326.0,"producedTrx":0,"votesPercentage":0.0003090635717285073,"url":"http://raybo.com","latestBlockNumber":8523378.0}]},"createSelf":false,"createTime":1547443404000,"proposer":{"producePercentage":98.42101945113939,"producedTotal":405906.0,"address":"TEKUPpjTMKWw9LJZ9YJ4enhCjAmVXSL7M6","latestSlotNumber":521575194,"name":"lianjinshu","producer":false,"votes":6265075,"missedTotal":6512.0,"producedTrx":0,"votesPercentage":0.025838089893874806,"url":"http://www.lianjinshu.com","latestBlockNumber":11497746},"expirationTime":1547704800000,"totalVotes":23,"approvals":[{"producePercentage":98.42101945113939,"producedTotal":405906.0,"address":"TEKUPpjTMKWw9LJZ9YJ4enhCjAmVXSL7M6","latestSlotNumber":521575194,"name":"lianjinshu","producer":false,"votes":6265075,"missedTotal":6512.0,"producedTrx":0,"votesPercentage":0.025838089893874806,"url":"http://www.lianjinshu.com","latestBlockNumber":11497746},{"producePercentage":99.72781769820159,"producedTotal":628011.0,"address":"TFA1qpUkQ1yBDw4pgZKx25wEZAqkjGoZo1","latestSlotNumber":528428301,"name":"JustinSunTron","producer":true,"votes":311446630,"missedTotal":1714.0,"producedTrx":0,"votesPercentage":1.2844516662744447,"url":"https://twitter.com/justinsuntron","latestBlockNumber":18340803},{"producePercentage":99.02021463966287,"producedTotal":518353.0,"address":"TYVJ8JuQ6ctzCa2u79MFmvvNQ1U2tYQEUM","latestSlotNumber":525232781,"name":"TRON-ONE","producer":false,"votes":46899291,"missedTotal":5129.0,"producedTrx":0,"votesPercentage":0.19341956749392364,"url":"http://tronone.com","latestBlockNumber":15149942},{"producePercentage":99.559248824381,"producedTotal":587302.0,"address":"TV9QitxEJ3pdiAUAfJ2QuPxLKp9qTTR3og","latestSlotNumber":528428315,"name":"BitGuild","producer":true,"votes":717572645,"missedTotal":2600.0,"producedTrx":0,"votesPercentage":2.959375028534457,"url":"https://www.bitguild.com","latestBlockNumber":18340817},{"producePercentage":99.64979360077398,"producedTotal":644781.0,"address":"TKSXDA8HfE9E1y39RczVQ1ZascUEtaSToF","latestSlotNumber":528428299,"name":"CryptoChain","producer":true,"votes":316549660,"missedTotal":2266.0,"producedTrx":0,"votesPercentage":1.3054973118367308,"url":"http://cryptochain.network","latestBlockNumber":18340801},{"producePercentage":99.40907431398858,"producedTotal":645315.0,"address":"TSNbzxac4WhxN91XvaUfPTKP2jNT18mP6T","latestSlotNumber":528428303,"name":"BitTorrent","producer":true,"votes":297079432,"missedTotal":3836.0,"producedTrx":0,"votesPercentage":1.225199230597761,"url":"https://www.bittorrent.com/","latestBlockNumber":18340805},{"producePercentage":99.00614905199443,"producedTotal":154409.0,"address":"TSbhZijH2t7Qn1UAHAu7PBHQdVAvRwSyYr","latestSlotNumber":518464799,"name":"Intergalactic-Gaming","producer":false,"votes":6086168,"missedTotal":1550.0,"producedTrx":0,"votesPercentage":0.025100251137173017,"url":"https://www.iggalaxy.com","latestBlockNumber":8416221.0},{"producePercentage":99.64490380523401,"producedTotal":653269.0,"address":"TTcYhypP8m4phDhN6oRexz2174zAerjEWP","latestSlotNumber":528428319,"name":"CryptoGuyInZA","producer":true,"votes":382448060,"missedTotal":2328.0,"producedTrx":0,"votesPercentage":1.5772719965871158,"url":"https://www.cryptoguyinza.co.za/","latestBlockNumber":18340821},{"producePercentage":99.03690739388165,"producedTotal":503055.0,"address":"TPRxUBEakukBMwTScCHgvCPSBYk5UhfboJ","latestSlotNumber":5.2408798E+8,"name":"CryptoDivaSR","producer":false,"votes":1840665,"missedTotal":4892.0,"producedTrx":0,"votesPercentage":0.007591172928418107,"url":"http://www.cryptodiva.io/","latestBlockNumber":14005616},{"producePercentage":99.571136827774,"producedTotal":438810.0,"address":"TN2MEB71iox2mDwwngdTrUyUZXeENcb79F","latestSlotNumber":527032788,"name":"SR-TRON-Europe","producer":false,"votes":169410377,"missedTotal":1890.0,"producedTrx":0,"votesPercentage":0.6986732880103145,"url":"https://www.tron-europe.org","latestBlockNumber":16947364},{"producePercentage":99.63845358596802,"producedTotal":511770.0,"address":"TNaJADoq1u2atryP1ZzwvmEE4ZBELXfMqw","latestSlotNumber":528428305,"name":"callmeSR","producer":true,"votes":295527279,"missedTotal":1857.0,"producedTrx":0,"votesPercentage":1.218797923551469,"url":"http://zempty.peiwo.cn/","latestBlockNumber":18340807},{"producePercentage":99.57515373981028,"producedTotal":522197.0,"address":"TPMGfspxLQGom8sKutrbHcDKtHjRHFbGKw","latestSlotNumber":528428322,"name":"Infinity-Stones","producer":true,"votes":331328946,"missedTotal":2228.0,"producedTrx":0,"votesPercentage":1.366449258977872,"url":"https://infstones.io/","latestBlockNumber":18340824},{"producePercentage":99.77451211951227,"producedTotal":540714.0,"address":"TE7hnUtWRRBz3SkFrX8JESWUmEvxxAhoPt","latestSlotNumber":528428312,"name":"TronWalletMe","producer":true,"votes":287498369,"missedTotal":1222.0,"producedTrx":0,"votesPercentage":1.1856855189386224,"url":"https://www.tronwallet.me/","latestBlockNumber":18340814},{"producePercentage":99.3357973110504,"producedTotal":611985.0,"address":"TSzoLaVCdSNDpNxgChcFt9rSRF5wWAZiR4","latestSlotNumber":528428304,"name":"TRXMarket","producer":true,"votes":296064343,"missedTotal":4092.0,"producedTrx":0,"votesPercentage":1.2210128544039751,"url":"http://trx.market","latestBlockNumber":18340806},{"producePercentage":99.69627836667317,"producedTotal":645009.0,"address":"TY65QiDt4hLTMpf3WRzcX357BnmdxT2sw9","latestSlotNumber":528428323,"name":"uTorrent","producer":true,"votes":330853949,"missedTotal":1965.0,"producedTrx":0,"votesPercentage":1.3644903015535281,"url":"https://www.utorrent.com/","latestBlockNumber":18340825},{"producePercentage":98.57857284741128,"producedTotal":168733.0,"address":"TQwqK8LhHGria5gkkfCVqQfE5mSwpvdp3B","latestSlotNumber":518255974,"name":"Tron-Society","producer":false,"votes":30699903,"missedTotal":2433.0,"producedTrx":0,"votesPercentage":0.12661091103414354,"url":"https://tron-society.com","latestBlockNumber":8208429.0},{"producePercentage":99.70984621379827,"producedTotal":424745.0,"address":"TTW663tQYJTTCtHh6DWKAfexRhPMf2DxQ1","latestSlotNumber":5.284283E+8,"name":"TRONALLIANCE","producer":true,"votes":311978679,"missedTotal":1236.0,"producedTrx":0,"votesPercentage":1.2866459145300435,"url":"http://tronalliance.org","latestBlockNumber":18340802},{"producePercentage":99.0132693036775,"producedTotal":195873.0,"address":"TV6qcwSp38uESiDczxxb7zbJX1h2LfDs78","latestSlotNumber":516002399,"name":"TronsTronics","producer":false,"votes":6402656,"missedTotal":1952.0,"producedTrx":0,"votesPercentage":0.02640549415410939,"url":"Tronstronics","latestBlockNumber":5971325.0},{"producePercentage":99.73090323188148,"producedTotal":476609.0,"address":"TVa6MF7SgZa8PToLoQ9PNq6KQHyTXLBz1p","latestSlotNumber":528428306,"name":"KryptoKnight","producer":true,"votes":295241924,"missedTotal":1286.0,"producedTrx":0,"votesPercentage":1.2176210776012344,"url":"http://krypto-knight.us/","latestBlockNumber":18340808},{"producePercentage":98.7338106812906,"producedTotal":613758.0,"address":"TJ2aDMgeipmoZRuUEru2ri8t7TGkxnm6qY","latestSlotNumber":528428311,"name":"Huobi_pool","producer":true,"votes":287939588,"missedTotal":7871.0,"producedTrx":0,"votesPercentage":1.1875051709276068,"url":"https://www.huobipool.com","latestBlockNumber":18340813},{"producePercentage":99.39076958445888,"producedTotal":432325.0,"address":"TVFKwzE8qeETLaZEHMx2tjEsdnujAgAWaA","latestSlotNumber":528428325,"name":"BlockchainOrg","producer":true,"votes":317451639,"missedTotal":2650.0,"producedTrx":0,"votesPercentage":1.3092172057700655,"url":"http://blockchain.org","latestBlockNumber":18340827},{"producePercentage":99.07332301933677,"producedTotal":250389.0,"address":"TSRmKPv8kvokcHKfLeySQ3gNHyYrAAXrnc","latestSlotNumber":518435979,"name":"DAPPHOUSE","producer":false,"votes":100570,"missedTotal":2342.0,"producedTrx":0,"votesPercentage":0.00041476545781606597,"url":"http://dapps.house","latestBlockNumber":8387532.0},{"producePercentage":99.13681772974898,"producedTotal":267142.0,"address":"TTuT2AG5q37f74zra7PjAApUmyVaXmFvC4","latestSlotNumber":518572799,"name":"RayboTron","producer":false,"votes":74940,"missedTotal":2326.0,"producedTrx":0,"votesPercentage":0.0003090635717285073,"url":"http://raybo.com","latestBlockNumber":8523378.0}],"validVotes":23,"paramters":[{"value":1,"key":16}],"state":"APPROVED","approveSelf":false,"proposalId":16},{"typeApprovals":{"candidate":[],"partner":[],"sr":[{"producePercentage":99.64979360077398,"producedTotal":644781.0,"address":"TKSXDA8HfE9E1y39RczVQ1ZascUEtaSToF","latestSlotNumber":528428299,"name":"CryptoChain","producer":true,"votes":316549660,"missedTotal":2266.0,"producedTrx":0,"votesPercentage":1.3054973118367308,"url":"http://cryptochain.network","latestBlockNumber":18340801},{"producePercentage":99.64490380523401,"producedTotal":653269.0,"address":"TTcYhypP8m4phDhN6oRexz2174zAerjEWP","latestSlotNumber":528428319,"name":"CryptoGuyInZA","producer":true,"votes":382448060,"missedTotal":2328.0,"producedTrx":0,"votesPercentage":1.5772719965871158,"url":"https://www.cryptoguyinza.co.za/","latestBlockNumber":18340821},{"producePercentage":99.559248824381,"producedTotal":587302.0,"address":"TV9QitxEJ3pdiAUAfJ2QuPxLKp9qTTR3og","latestSlotNumber":528428315,"name":"BitGuild","producer":true,"votes":717572645,"missedTotal":2600.0,"producedTrx":0,"votesPercentage":2.959375028534457,"url":"https://www.bitguild.com","latestBlockNumber":18340817},{"producePercentage":98.57857284741128,"producedTotal":168733.0,"address":"TQwqK8LhHGria5gkkfCVqQfE5mSwpvdp3B","latestSlotNumber":518255974,"name":"Tron-Society","producer":false,"votes":30699903,"missedTotal":2433.0,"producedTrx":0,"votesPercentage":0.12661091103414354,"url":"https://tron-society.com","latestBlockNumber":8208429.0},{"producePercentage":99.00614905199443,"producedTotal":154409.0,"address":"TSbhZijH2t7Qn1UAHAu7PBHQdVAvRwSyYr","latestSlotNumber":518464799,"name":"Intergalactic-Gaming","producer":false,"votes":6086168,"missedTotal":1550.0,"producedTrx":0,"votesPercentage":0.025100251137173017,"url":"https://www.iggalaxy.com","latestBlockNumber":8416221.0},{"producePercentage":99.77451211951227,"producedTotal":540714.0,"address":"TE7hnUtWRRBz3SkFrX8JESWUmEvxxAhoPt","latestSlotNumber":528428312,"name":"TronWalletMe","producer":true,"votes":287498369,"missedTotal":1222.0,"producedTrx":0,"votesPercentage":1.1856855189386224,"url":"https://www.tronwallet.me/","latestBlockNumber":18340814},{"producePercentage":99.571136827774,"producedTotal":438810.0,"address":"TN2MEB71iox2mDwwngdTrUyUZXeENcb79F","latestSlotNumber":527032788,"name":"SR-TRON-Europe","producer":false,"votes":169410377,"missedTotal":1890.0,"producedTrx":0,"votesPercentage":0.6986732880103145,"url":"https://www.tron-europe.org","latestBlockNumber":16947364},{"producePercentage":99.0132693036775,"producedTotal":195873.0,"address":"TV6qcwSp38uESiDczxxb7zbJX1h2LfDs78","latestSlotNumber":516002399,"name":"TronsTronics","producer":false,"votes":6402656,"missedTotal":1952.0,"producedTrx":0,"votesPercentage":0.02640549415410939,"url":"Tronstronics","latestBlockNumber":5971325.0},{"producePercentage":99.73090323188148,"producedTotal":476609.0,"address":"TVa6MF7SgZa8PToLoQ9PNq6KQHyTXLBz1p","latestSlotNumber":528428306,"name":"KryptoKnight","producer":true,"votes":295241924,"missedTotal":1286.0,"producedTrx":0,"votesPercentage":1.2176210776012344,"url":"http://krypto-knight.us/","latestBlockNumber":18340808},{"producePercentage":98.7338106812906,"producedTotal":613758.0,"address":"TJ2aDMgeipmoZRuUEru2ri8t7TGkxnm6qY","latestSlotNumber":528428311,"name":"Huobi_pool","producer":true,"votes":287939588,"missedTotal":7871.0,"producedTrx":0,"votesPercentage":1.1875051709276068,"url":"https://www.huobipool.com","latestBlockNumber":18340813},{"producePercentage":99.57515373981028,"producedTotal":522197.0,"address":"TPMGfspxLQGom8sKutrbHcDKtHjRHFbGKw","latestSlotNumber":528428322,"name":"Infinity-Stones","producer":true,"votes":331328946,"missedTotal":2228.0,"producedTrx":0,"votesPercentage":1.366449258977872,"url":"https://infstones.io/","latestBlockNumber":18340824},{"producePercentage":99.13681772974898,"producedTotal":267142.0,"address":"TTuT2AG5q37f74zra7PjAApUmyVaXmFvC4","latestSlotNumber":518572799,"name":"RayboTron","producer":false,"votes":74940,"missedTotal":2326.0,"producedTrx":0,"votesPercentage":0.0003090635717285073,"url":"http://raybo.com","latestBlockNumber":8523378.0},{"producePercentage":99.07332301933677,"producedTotal":250389.0,"address":"TSRmKPv8kvokcHKfLeySQ3gNHyYrAAXrnc","latestSlotNumber":518435979,"name":"DAPPHOUSE","producer":false,"votes":100570,"missedTotal":2342.0,"producedTrx":0,"votesPercentage":0.00041476545781606597,"url":"http://dapps.house","latestBlockNumber":8387532.0},{"producePercentage":99.28374526180674,"producedTotal":676026.0,"address":"TGj1Ej1qRzL9feLTLhjwgxXF4Ct6GTWg2U","latestSlotNumber":528428314,"name":"Skypeople","producer":true,"votes":982129390,"missedTotal":4877.0,"producedTrx":0,"votesPercentage":4.050445919041101,"url":"http://www.skypeople.co.kr","latestBlockNumber":18340816},{"producePercentage":99.39076958445888,"producedTotal":432325.0,"address":"TVFKwzE8qeETLaZEHMx2tjEsdnujAgAWaA","latestSlotNumber":528428325,"name":"BlockchainOrg","producer":true,"votes":317451639,"missedTotal":2650.0,"producedTrx":0,"votesPercentage":1.3092172057700655,"url":"http://blockchain.org","latestBlockNumber":18340827},{"producePercentage":99.03690739388165,"producedTotal":503055.0,"address":"TPRxUBEakukBMwTScCHgvCPSBYk5UhfboJ","latestSlotNumber":5.2408798E+8,"name":"CryptoDivaSR","producer":false,"votes":1840665,"missedTotal":4892.0,"producedTrx":0,"votesPercentage":0.007591172928418107,"url":"http://www.cryptodiva.io/","latestBlockNumber":14005616},{"producePercentage":99.70984621379827,"producedTotal":424745.0,"address":"TTW663tQYJTTCtHh6DWKAfexRhPMf2DxQ1","latestSlotNumber":5.284283E+8,"name":"TRONALLIANCE","producer":true,"votes":311978679,"missedTotal":1236.0,"producedTrx":0,"votesPercentage":1.2866459145300435,"url":"http://tronalliance.org","latestBlockNumber":18340802},{"producePercentage":99.69627836667317,"producedTotal":645009.0,"address":"TY65QiDt4hLTMpf3WRzcX357BnmdxT2sw9","latestSlotNumber":528428323,"name":"uTorrent","producer":true,"votes":330853949,"missedTotal":1965.0,"producedTrx":0,"votesPercentage":1.3644903015535281,"url":"https://www.utorrent.com/","latestBlockNumber":18340825},{"producePercentage":99.02021463966287,"producedTotal":518353.0,"address":"TYVJ8JuQ6ctzCa2u79MFmvvNQ1U2tYQEUM","latestSlotNumber":525232781,"name":"TRON-ONE","producer":false,"votes":46899291,"missedTotal":5129.0,"producedTrx":0,"votesPercentage":0.19341956749392364,"url":"http://tronone.com","latestBlockNumber":15149942},{"producePercentage":99.13989948240942,"producedTotal":660817.0,"address":"TGzz8gjYiYRqpfmDwnLxfgPuLVNmpCswVp","latestSlotNumber":528428318,"name":"Sesameseed","producer":true,"votes":391145419,"missedTotal":5733.0,"producedTrx":0,"votesPercentage":1.6131411830982594,"url":"https://www.sesameseed.org","latestBlockNumber":1.834082E+7},{"producePercentage":99.43899287693867,"producedTotal":621087.0,"address":"TTMNxTmRpBZnjtUnohX84j25NLkTqDga7j","latestSlotNumber":528428324,"name":"TronSpark","producer":true,"votes":326489461,"missedTotal":3504.0,"producedTrx":0,"votesPercentage":1.3464905117210462,"url":"https://tronspark.com","latestBlockNumber":18340826},{"producePercentage":99.3357973110504,"producedTotal":611985.0,"address":"TSzoLaVCdSNDpNxgChcFt9rSRF5wWAZiR4","latestSlotNumber":528428304,"name":"TRXMarket","producer":true,"votes":296064343,"missedTotal":4092.0,"producedTrx":0,"votesPercentage":1.2210128544039751,"url":"http://trx.market","latestBlockNumber":18340806},{"producePercentage":99.40907431398858,"producedTotal":645315.0,"address":"TSNbzxac4WhxN91XvaUfPTKP2jNT18mP6T","latestSlotNumber":528428303,"name":"BitTorrent","producer":true,"votes":297079432,"missedTotal":3836.0,"producedTrx":0,"votesPercentage":1.225199230597761,"url":"https://www.bittorrent.com/","latestBlockNumber":18340805},{"producePercentage":99.72781769820159,"producedTotal":628011.0,"address":"TFA1qpUkQ1yBDw4pgZKx25wEZAqkjGoZo1","latestSlotNumber":528428301,"name":"JustinSunTron","producer":true,"votes":311446630,"missedTotal":1714.0,"producedTrx":0,"votesPercentage":1.2844516662744447,"url":"https://twitter.com/justinsuntron","latestBlockNumber":18340803}]},"createSelf":false,"createTime":1546927365000,"proposer":{"producePercentage":99.72781769820159,"producedTotal":628011.0,"address":"TFA1qpUkQ1yBDw4pgZKx25wEZAqkjGoZo1","latestSlotNumber":528428301,"name":"JustinSunTron","producer":true,"votes":311446630,"missedTotal":1714.0,"producedTrx":0,"votesPercentage":1.2844516662744447,"url":"https://twitter.com/justinsuntron","latestBlockNumber":18340803},"expirationTime":1547208000000,"totalVotes":24,"approvals":[{"producePercentage":99.64979360077398,"producedTotal":644781.0,"address":"TKSXDA8HfE9E1y39RczVQ1ZascUEtaSToF","latestSlotNumber":528428299,"name":"CryptoChain","producer":true,"votes":316549660,"missedTotal":2266.0,"producedTrx":0,"votesPercentage":1.3054973118367308,"url":"http://cryptochain.network","latestBlockNumber":18340801},{"producePercentage":99.64490380523401,"producedTotal":653269.0,"address":"TTcYhypP8m4phDhN6oRexz2174zAerjEWP","latestSlotNumber":528428319,"name":"CryptoGuyInZA","producer":true,"votes":382448060,"missedTotal":2328.0,"producedTrx":0,"votesPercentage":1.5772719965871158,"url":"https://www.cryptoguyinza.co.za/","latestBlockNumber":18340821},{"producePercentage":99.559248824381,"producedTotal":587302.0,"address":"TV9QitxEJ3pdiAUAfJ2QuPxLKp9qTTR3og","latestSlotNumber":528428315,"name":"BitGuild","producer":true,"votes":717572645,"missedTotal":2600.0,"producedTrx":0,"votesPercentage":2.959375028534457,"url":"https://www.bitguild.com","latestBlockNumber":18340817},{"producePercentage":98.57857284741128,"producedTotal":168733.0,"address":"TQwqK8LhHGria5gkkfCVqQfE5mSwpvdp3B","latestSlotNumber":518255974,"name":"Tron-Society","producer":false,"votes":30699903,"missedTotal":2433.0,"producedTrx":0,"votesPercentage":0.12661091103414354,"url":"https://tron-society.com","latestBlockNumber":8208429.0},{"producePercentage":99.00614905199443,"producedTotal":154409.0,"address":"TSbhZijH2t7Qn1UAHAu7PBHQdVAvRwSyYr","latestSlotNumber":518464799,"name":"Intergalactic-Gaming","producer":false,"votes":6086168,"missedTotal":1550.0,"producedTrx":0,"votesPercentage":0.025100251137173017,"url":"https://www.iggalaxy.com","latestBlockNumber":8416221.0},{"producePercentage":99.77451211951227,"producedTotal":540714.0,"address":"TE7hnUtWRRBz3SkFrX8JESWUmEvxxAhoPt","latestSlotNumber":528428312,"name":"TronWalletMe","producer":true,"votes":287498369,"missedTotal":1222.0,"producedTrx":0,"votesPercentage":1.1856855189386224,"url":"https://www.tronwallet.me/","latestBlockNumber":18340814},{"producePercentage":99.571136827774,"producedTotal":438810.0,"address":"TN2MEB71iox2mDwwngdTrUyUZXeENcb79F","latestSlotNumber":527032788,"name":"SR-TRON-Europe","producer":false,"votes":169410377,"missedTotal":1890.0,"producedTrx":0,"votesPercentage":0.6986732880103145,"url":"https://www.tron-europe.org","latestBlockNumber":16947364},{"producePercentage":99.0132693036775,"producedTotal":195873.0,"address":"TV6qcwSp38uESiDczxxb7zbJX1h2LfDs78","latestSlotNumber":516002399,"name":"TronsTronics","producer":false,"votes":6402656,"missedTotal":1952.0,"producedTrx":0,"votesPercentage":0.02640549415410939,"url":"Tronstronics","latestBlockNumber":5971325.0},{"producePercentage":99.73090323188148,"producedTotal":476609.0,"address":"TVa6MF7SgZa8PToLoQ9PNq6KQHyTXLBz1p","latestSlotNumber":528428306,"name":"KryptoKnight","producer":true,"votes":295241924,"missedTotal":1286.0,"producedTrx":0,"votesPercentage":1.2176210776012344,"url":"http://krypto-knight.us/","latestBlockNumber":18340808},{"producePercentage":98.7338106812906,"producedTotal":613758.0,"address":"TJ2aDMgeipmoZRuUEru2ri8t7TGkxnm6qY","latestSlotNumber":528428311,"name":"Huobi_pool","producer":true,"votes":287939588,"missedTotal":7871.0,"producedTrx":0,"votesPercentage":1.1875051709276068,"url":"https://www.huobipool.com","latestBlockNumber":18340813},{"producePercentage":99.57515373981028,"producedTotal":522197.0,"address":"TPMGfspxLQGom8sKutrbHcDKtHjRHFbGKw","latestSlotNumber":528428322,"name":"Infinity-Stones","producer":true,"votes":331328946,"missedTotal":2228.0,"producedTrx":0,"votesPercentage":1.366449258977872,"url":"https://infstones.io/","latestBlockNumber":18340824},{"producePercentage":99.13681772974898,"producedTotal":267142.0,"address":"TTuT2AG5q37f74zra7PjAApUmyVaXmFvC4","latestSlotNumber":518572799,"name":"RayboTron","producer":false,"votes":74940,"missedTotal":2326.0,"producedTrx":0,"votesPercentage":0.0003090635717285073,"url":"http://raybo.com","latestBlockNumber":8523378.0},{"producePercentage":99.07332301933677,"producedTotal":250389.0,"address":"TSRmKPv8kvokcHKfLeySQ3gNHyYrAAXrnc","latestSlotNumber":518435979,"name":"DAPPHOUSE","producer":false,"votes":100570,"missedTotal":2342.0,"producedTrx":0,"votesPercentage":0.00041476545781606597,"url":"http://dapps.house","latestBlockNumber":8387532.0},{"producePercentage":99.28374526180674,"producedTotal":676026.0,"address":"TGj1Ej1qRzL9feLTLhjwgxXF4Ct6GTWg2U","latestSlotNumber":528428314,"name":"Skypeople","producer":true,"votes":982129390,"missedTotal":4877.0,"producedTrx":0,"votesPercentage":4.050445919041101,"url":"http://www.skypeople.co.kr","latestBlockNumber":18340816},{"producePercentage":99.39076958445888,"producedTotal":432325.0,"address":"TVFKwzE8qeETLaZEHMx2tjEsdnujAgAWaA","latestSlotNumber":528428325,"name":"BlockchainOrg","producer":true,"votes":317451639,"missedTotal":2650.0,"producedTrx":0,"votesPercentage":1.3092172057700655,"url":"http://blockchain.org","latestBlockNumber":18340827},{"producePercentage":99.03690739388165,"producedTotal":503055.0,"address":"TPRxUBEakukBMwTScCHgvCPSBYk5UhfboJ","latestSlotNumber":5.2408798E+8,"name":"CryptoDivaSR","producer":false,"votes":1840665,"missedTotal":4892.0,"producedTrx":0,"votesPercentage":0.007591172928418107,"url":"http://www.cryptodiva.io/","latestBlockNumber":14005616},{"producePercentage":99.70984621379827,"producedTotal":424745.0,"address":"TTW663tQYJTTCtHh6DWKAfexRhPMf2DxQ1","latestSlotNumber":5.284283E+8,"name":"TRONALLIANCE","producer":true,"votes":311978679,"missedTotal":1236.0,"producedTrx":0,"votesPercentage":1.2866459145300435,"url":"http://tronalliance.org","latestBlockNumber":18340802},{"producePercentage":99.69627836667317,"producedTotal":645009.0,"address":"TY65QiDt4hLTMpf3WRzcX357BnmdxT2sw9","latestSlotNumber":528428323,"name":"uTorrent","producer":true,"votes":330853949,"missedTotal":1965.0,"producedTrx":0,"votesPercentage":1.3644903015535281,"url":"https://www.utorrent.com/","latestBlockNumber":18340825},{"producePercentage":99.02021463966287,"producedTotal":518353.0,"address":"TYVJ8JuQ6ctzCa2u79MFmvvNQ1U2tYQEUM","latestSlotNumber":525232781,"name":"TRON-ONE","producer":false,"votes":46899291,"missedTotal":5129.0,"producedTrx":0,"votesPercentage":0.19341956749392364,"url":"http://tronone.com","latestBlockNumber":15149942},{"producePercentage":99.13989948240942,"producedTotal":660817.0,"address":"TGzz8gjYiYRqpfmDwnLxfgPuLVNmpCswVp","latestSlotNumber":528428318,"name":"Sesameseed","producer":true,"votes":391145419,"missedTotal":5733.0,"producedTrx":0,"votesPercentage":1.6131411830982594,"url":"https://www.sesameseed.org","latestBlockNumber":1.834082E+7},{"producePercentage":99.43899287693867,"producedTotal":621087.0,"address":"TTMNxTmRpBZnjtUnohX84j25NLkTqDga7j","latestSlotNumber":528428324,"name":"TronSpark","producer":true,"votes":326489461,"missedTotal":3504.0,"producedTrx":0,"votesPercentage":1.3464905117210462,"url":"https://tronspark.com","latestBlockNumber":18340826},{"producePercentage":99.3357973110504,"producedTotal":611985.0,"address":"TSzoLaVCdSNDpNxgChcFt9rSRF5wWAZiR4","latestSlotNumber":528428304,"name":"TRXMarket","producer":true,"votes":296064343,"missedTotal":4092.0,"producedTrx":0,"votesPercentage":1.2210128544039751,"url":"http://trx.market","latestBlockNumber":18340806},{"producePercentage":99.40907431398858,"producedTotal":645315.0,"address":"TSNbzxac4WhxN91XvaUfPTKP2jNT18mP6T","latestSlotNumber":528428303,"name":"BitTorrent","producer":true,"votes":297079432,"missedTotal":3836.0,"producedTrx":0,"votesPercentage":1.225199230597761,"url":"https://www.bittorrent.com/","latestBlockNumber":18340805},{"producePercentage":99.72781769820159,"producedTotal":628011.0,"address":"TFA1qpUkQ1yBDw4pgZKx25wEZAqkjGoZo1","latestSlotNumber":528428301,"name":"JustinSunTron","producer":true,"votes":311446630,"missedTotal":1714.0,"producedTrx":0,"votesPercentage":1.2844516662744447,"url":"https://twitter.com/justinsuntron","latestBlockNumber":18340803}],"validVotes":24,"paramters":[{"value":1,"key":18}],"state":"APPROVED","approveSelf":false,"proposalId":15},{"typeApprovals":{"candidate":[],"partner":[],"sr":[{"producePercentage":99.57515373981028,"producedTotal":522197.0,"address":"TPMGfspxLQGom8sKutrbHcDKtHjRHFbGKw","latestSlotNumber":528428322,"name":"Infinity-Stones","producer":true,"votes":331328946,"missedTotal":2228.0,"producedTrx":0,"votesPercentage":1.366449258977872,"url":"https://infstones.io/","latestBlockNumber":18340824},{"producePercentage":99.40907431398858,"producedTotal":645315.0,"address":"TSNbzxac4WhxN91XvaUfPTKP2jNT18mP6T","latestSlotNumber":528428303,"name":"BitTorrent","producer":true,"votes":297079432,"missedTotal":3836.0,"producedTrx":0,"votesPercentage":1.225199230597761,"url":"https://www.bittorrent.com/","latestBlockNumber":18340805},{"producePercentage":98.42101945113939,"producedTotal":405906.0,"address":"TEKUPpjTMKWw9LJZ9YJ4enhCjAmVXSL7M6","latestSlotNumber":521575194,"name":"lianjinshu","producer":false,"votes":6265075,"missedTotal":6512.0,"producedTrx":0,"votesPercentage":0.025838089893874806,"url":"http://www.lianjinshu.com","latestBlockNumber":11497746},{"producePercentage":99.03690739388165,"producedTotal":503055.0,"address":"TPRxUBEakukBMwTScCHgvCPSBYk5UhfboJ","latestSlotNumber":5.2408798E+8,"name":"CryptoDivaSR","producer":false,"votes":1840665,"missedTotal":4892.0,"producedTrx":0,"votesPercentage":0.007591172928418107,"url":"http://www.cryptodiva.io/","latestBlockNumber":14005616},{"producePercentage":99.02021463966287,"producedTotal":518353.0,"address":"TYVJ8JuQ6ctzCa2u79MFmvvNQ1U2tYQEUM","latestSlotNumber":525232781,"name":"TRON-ONE","producer":false,"votes":46899291,"missedTotal":5129.0,"producedTrx":0,"votesPercentage":0.19341956749392364,"url":"http://tronone.com","latestBlockNumber":15149942},{"producePercentage":99.72781769820159,"producedTotal":628011.0,"address":"TFA1qpUkQ1yBDw4pgZKx25wEZAqkjGoZo1","latestSlotNumber":528428301,"name":"JustinSunTron","producer":true,"votes":311446630,"missedTotal":1714.0,"producedTrx":0,"votesPercentage":1.2844516662744447,"url":"https://twitter.com/justinsuntron","latestBlockNumber":18340803},{"producePercentage":99.43899287693867,"producedTotal":621087.0,"address":"TTMNxTmRpBZnjtUnohX84j25NLkTqDga7j","latestSlotNumber":528428324,"name":"TronSpark","producer":true,"votes":326489461,"missedTotal":3504.0,"producedTrx":0,"votesPercentage":1.3464905117210462,"url":"https://tronspark.com","latestBlockNumber":18340826},{"producePercentage":99.00614905199443,"producedTotal":154409.0,"address":"TSbhZijH2t7Qn1UAHAu7PBHQdVAvRwSyYr","latestSlotNumber":518464799,"name":"Intergalactic-Gaming","producer":false,"votes":6086168,"missedTotal":1550.0,"producedTrx":0,"votesPercentage":0.025100251137173017,"url":"https://www.iggalaxy.com","latestBlockNumber":8416221.0},{"producePercentage":99.63845358596802,"producedTotal":511770.0,"address":"TNaJADoq1u2atryP1ZzwvmEE4ZBELXfMqw","latestSlotNumber":528428305,"name":"callmeSR","producer":true,"votes":295527279,"missedTotal":1857.0,"producedTrx":0,"votesPercentage":1.218797923551469,"url":"http://zempty.peiwo.cn/","latestBlockNumber":18340807},{"producePercentage":99.3357973110504,"producedTotal":611985.0,"address":"TSzoLaVCdSNDpNxgChcFt9rSRF5wWAZiR4","latestSlotNumber":528428304,"name":"TRXMarket","producer":true,"votes":296064343,"missedTotal":4092.0,"producedTrx":0,"votesPercentage":1.2210128544039751,"url":"http://trx.market","latestBlockNumber":18340806},{"producePercentage":99.69627836667317,"producedTotal":645009.0,"address":"TY65QiDt4hLTMpf3WRzcX357BnmdxT2sw9","latestSlotNumber":528428323,"name":"uTorrent","producer":true,"votes":330853949,"missedTotal":1965.0,"producedTrx":0,"votesPercentage":1.3644903015535281,"url":"https://www.utorrent.com/","latestBlockNumber":18340825},{"producePercentage":99.70984621379827,"producedTotal":424745.0,"address":"TTW663tQYJTTCtHh6DWKAfexRhPMf2DxQ1","latestSlotNumber":5.284283E+8,"name":"TRONALLIANCE","producer":true,"votes":311978679,"missedTotal":1236.0,"producedTrx":0,"votesPercentage":1.2866459145300435,"url":"http://tronalliance.org","latestBlockNumber":18340802},{"producePercentage":99.39076958445888,"producedTotal":432325.0,"address":"TVFKwzE8qeETLaZEHMx2tjEsdnujAgAWaA","latestSlotNumber":528428325,"name":"BlockchainOrg","producer":true,"votes":317451639,"missedTotal":2650.0,"producedTrx":0,"votesPercentage":1.3092172057700655,"url":"http://blockchain.org","latestBlockNumber":18340827},{"producePercentage":99.07332301933677,"producedTotal":250389.0,"address":"TSRmKPv8kvokcHKfLeySQ3gNHyYrAAXrnc","latestSlotNumber":518435979,"name":"DAPPHOUSE","producer":false,"votes":100570,"missedTotal":2342.0,"producedTrx":0,"votesPercentage":0.00041476545781606597,"url":"http://dapps.house","latestBlockNumber":8387532.0},{"producePercentage":99.13681772974898,"producedTotal":267142.0,"address":"TTuT2AG5q37f74zra7PjAApUmyVaXmFvC4","latestSlotNumber":518572799,"name":"RayboTron","producer":false,"votes":74940,"missedTotal":2326.0,"producedTrx":0,"votesPercentage":0.0003090635717285073,"url":"http://raybo.com","latestBlockNumber":8523378.0},{"producePercentage":99.77451211951227,"producedTotal":540714.0,"address":"TE7hnUtWRRBz3SkFrX8JESWUmEvxxAhoPt","latestSlotNumber":528428312,"name":"TronWalletMe","producer":true,"votes":287498369,"missedTotal":1222.0,"producedTrx":0,"votesPercentage":1.1856855189386224,"url":"https://www.tronwallet.me/","latestBlockNumber":18340814},{"producePercentage":99.0132693036775,"producedTotal":195873.0,"address":"TV6qcwSp38uESiDczxxb7zbJX1h2LfDs78","latestSlotNumber":516002399,"name":"TronsTronics","producer":false,"votes":6402656,"missedTotal":1952.0,"producedTrx":0,"votesPercentage":0.02640549415410939,"url":"Tronstronics","latestBlockNumber":5971325.0},{"producePercentage":99.73090323188148,"producedTotal":476609.0,"address":"TVa6MF7SgZa8PToLoQ9PNq6KQHyTXLBz1p","latestSlotNumber":528428306,"name":"KryptoKnight","producer":true,"votes":295241924,"missedTotal":1286.0,"producedTrx":0,"votesPercentage":1.2176210776012344,"url":"http://krypto-knight.us/","latestBlockNumber":18340808},{"producePercentage":99.64490380523401,"producedTotal":653269.0,"address":"TTcYhypP8m4phDhN6oRexz2174zAerjEWP","latestSlotNumber":528428319,"name":"CryptoGuyInZA","producer":true,"votes":382448060,"missedTotal":2328.0,"producedTrx":0,"votesPercentage":1.5772719965871158,"url":"https://www.cryptoguyinza.co.za/","latestBlockNumber":18340821},{"producePercentage":98.7338106812906,"producedTotal":613758.0,"address":"TJ2aDMgeipmoZRuUEru2ri8t7TGkxnm6qY","latestSlotNumber":528428311,"name":"Huobi_pool","producer":true,"votes":287939588,"missedTotal":7871.0,"producedTrx":0,"votesPercentage":1.1875051709276068,"url":"https://www.huobipool.com","latestBlockNumber":18340813},{"producePercentage":99.559248824381,"producedTotal":587302.0,"address":"TV9QitxEJ3pdiAUAfJ2QuPxLKp9qTTR3og","latestSlotNumber":528428315,"name":"BitGuild","producer":true,"votes":717572645,"missedTotal":2600.0,"producedTrx":0,"votesPercentage":2.959375028534457,"url":"https://www.bitguild.com","latestBlockNumber":18340817},{"producePercentage":99.64979360077398,"producedTotal":644781.0,"address":"TKSXDA8HfE9E1y39RczVQ1ZascUEtaSToF","latestSlotNumber":528428299,"name":"CryptoChain","producer":true,"votes":316549660,"missedTotal":2266.0,"producedTrx":0,"votesPercentage":1.3054973118367308,"url":"http://cryptochain.network","latestBlockNumber":18340801},{"producePercentage":98.57857284741128,"producedTotal":168733.0,"address":"TQwqK8LhHGria5gkkfCVqQfE5mSwpvdp3B","latestSlotNumber":518255974,"name":"Tron-Society","producer":false,"votes":30699903,"missedTotal":2433.0,"producedTrx":0,"votesPercentage":0.12661091103414354,"url":"https://tron-society.com","latestBlockNumber":8208429.0},{"producePercentage":99.571136827774,"producedTotal":438810.0,"address":"TN2MEB71iox2mDwwngdTrUyUZXeENcb79F","latestSlotNumber":527032788,"name":"SR-TRON-Europe","producer":false,"votes":169410377,"missedTotal":1890.0,"producedTrx":0,"votesPercentage":0.6986732880103145,"url":"https://www.tron-europe.org","latestBlockNumber":16947364}]},"createSelf":false,"createTime":1546402917000,"proposer":{"producePercentage":99.02021463966287,"producedTotal":518353.0,"address":"TYVJ8JuQ6ctzCa2u79MFmvvNQ1U2tYQEUM","latestSlotNumber":525232781,"name":"TRON-ONE","producer":false,"votes":46899291,"missedTotal":5129.0,"producedTrx":0,"votesPercentage":0.19341956749392364,"url":"http://tronone.com","latestBlockNumber":15149942},"expirationTime":1546668000000,"totalVotes":24,"approvals":[{"producePercentage":99.57515373981028,"producedTotal":522197.0,"address":"TPMGfspxLQGom8sKutrbHcDKtHjRHFbGKw","latestSlotNumber":528428322,"name":"Infinity-Stones","producer":true,"votes":331328946,"missedTotal":2228.0,"producedTrx":0,"votesPercentage":1.366449258977872,"url":"https://infstones.io/","latestBlockNumber":18340824},{"producePercentage":99.40907431398858,"producedTotal":645315.0,"address":"TSNbzxac4WhxN91XvaUfPTKP2jNT18mP6T","latestSlotNumber":528428303,"name":"BitTorrent","producer":true,"votes":297079432,"missedTotal":3836.0,"producedTrx":0,"votesPercentage":1.225199230597761,"url":"https://www.bittorrent.com/","latestBlockNumber":18340805},{"producePercentage":98.42101945113939,"producedTotal":405906.0,"address":"TEKUPpjTMKWw9LJZ9YJ4enhCjAmVXSL7M6","latestSlotNumber":521575194,"name":"lianjinshu","producer":false,"votes":6265075,"missedTotal":6512.0,"producedTrx":0,"votesPercentage":0.025838089893874806,"url":"http://www.lianjinshu.com","latestBlockNumber":11497746},{"producePercentage":99.03690739388165,"producedTotal":503055.0,"address":"TPRxUBEakukBMwTScCHgvCPSBYk5UhfboJ","latestSlotNumber":5.2408798E+8,"name":"CryptoDivaSR","producer":false,"votes":1840665,"missedTotal":4892.0,"producedTrx":0,"votesPercentage":0.007591172928418107,"url":"http://www.cryptodiva.io/","latestBlockNumber":14005616},{"producePercentage":99.02021463966287,"producedTotal":518353.0,"address":"TYVJ8JuQ6ctzCa2u79MFmvvNQ1U2tYQEUM","latestSlotNumber":525232781,"name":"TRON-ONE","producer":false,"votes":46899291,"missedTotal":5129.0,"producedTrx":0,"votesPercentage":0.19341956749392364,"url":"http://tronone.com","latestBlockNumber":15149942},{"producePercentage":99.72781769820159,"producedTotal":628011.0,"address":"TFA1qpUkQ1yBDw4pgZKx25wEZAqkjGoZo1","latestSlotNumber":528428301,"name":"JustinSunTron","producer":true,"votes":311446630,"missedTotal":1714.0,"producedTrx":0,"votesPercentage":1.2844516662744447,"url":"https://twitter.com/justinsuntron","latestBlockNumber":18340803},{"producePercentage":99.43899287693867,"producedTotal":621087.0,"address":"TTMNxTmRpBZnjtUnohX84j25NLkTqDga7j","latestSlotNumber":528428324,"name":"TronSpark","producer":true,"votes":326489461,"missedTotal":3504.0,"producedTrx":0,"votesPercentage":1.3464905117210462,"url":"https://tronspark.com","latestBlockNumber":18340826},{"producePercentage":99.00614905199443,"producedTotal":154409.0,"address":"TSbhZijH2t7Qn1UAHAu7PBHQdVAvRwSyYr","latestSlotNumber":518464799,"name":"Intergalactic-Gaming","producer":false,"votes":6086168,"missedTotal":1550.0,"producedTrx":0,"votesPercentage":0.025100251137173017,"url":"https://www.iggalaxy.com","latestBlockNumber":8416221.0},{"producePercentage":99.63845358596802,"producedTotal":511770.0,"address":"TNaJADoq1u2atryP1ZzwvmEE4ZBELXfMqw","latestSlotNumber":528428305,"name":"callmeSR","producer":true,"votes":295527279,"missedTotal":1857.0,"producedTrx":0,"votesPercentage":1.218797923551469,"url":"http://zempty.peiwo.cn/","latestBlockNumber":18340807},{"producePercentage":99.3357973110504,"producedTotal":611985.0,"address":"TSzoLaVCdSNDpNxgChcFt9rSRF5wWAZiR4","latestSlotNumber":528428304,"name":"TRXMarket","producer":true,"votes":296064343,"missedTotal":4092.0,"producedTrx":0,"votesPercentage":1.2210128544039751,"url":"http://trx.market","latestBlockNumber":18340806},{"producePercentage":99.69627836667317,"producedTotal":645009.0,"address":"TY65QiDt4hLTMpf3WRzcX357BnmdxT2sw9","latestSlotNumber":528428323,"name":"uTorrent","producer":true,"votes":330853949,"missedTotal":1965.0,"producedTrx":0,"votesPercentage":1.3644903015535281,"url":"https://www.utorrent.com/","latestBlockNumber":18340825},{"producePercentage":99.70984621379827,"producedTotal":424745.0,"address":"TTW663tQYJTTCtHh6DWKAfexRhPMf2DxQ1","latestSlotNumber":5.284283E+8,"name":"TRONALLIANCE","producer":true,"votes":311978679,"missedTotal":1236.0,"producedTrx":0,"votesPercentage":1.2866459145300435,"url":"http://tronalliance.org","latestBlockNumber":18340802},{"producePercentage":99.39076958445888,"producedTotal":432325.0,"address":"TVFKwzE8qeETLaZEHMx2tjEsdnujAgAWaA","latestSlotNumber":528428325,"name":"BlockchainOrg","producer":true,"votes":317451639,"missedTotal":2650.0,"producedTrx":0,"votesPercentage":1.3092172057700655,"url":"http://blockchain.org","latestBlockNumber":18340827},{"producePercentage":99.07332301933677,"producedTotal":250389.0,"address":"TSRmKPv8kvokcHKfLeySQ3gNHyYrAAXrnc","latestSlotNumber":518435979,"name":"DAPPHOUSE","producer":false,"votes":100570,"missedTotal":2342.0,"producedTrx":0,"votesPercentage":0.00041476545781606597,"url":"http://dapps.house","latestBlockNumber":8387532.0},{"producePercentage":99.13681772974898,"producedTotal":267142.0,"address":"TTuT2AG5q37f74zra7PjAApUmyVaXmFvC4","latestSlotNumber":518572799,"name":"RayboTron","producer":false,"votes":74940,"missedTotal":2326.0,"producedTrx":0,"votesPercentage":0.0003090635717285073,"url":"http://raybo.com","latestBlockNumber":8523378.0},{"producePercentage":99.77451211951227,"producedTotal":540714.0,"address":"TE7hnUtWRRBz3SkFrX8JESWUmEvxxAhoPt","latestSlotNumber":528428312,"name":"TronWalletMe","producer":true,"votes":287498369,"missedTotal":1222.0,"producedTrx":0,"votesPercentage":1.1856855189386224,"url":"https://www.tronwallet.me/","latestBlockNumber":18340814},{"producePercentage":99.0132693036775,"producedTotal":195873.0,"address":"TV6qcwSp38uESiDczxxb7zbJX1h2LfDs78","latestSlotNumber":516002399,"name":"TronsTronics","producer":false,"votes":6402656,"missedTotal":1952.0,"producedTrx":0,"votesPercentage":0.02640549415410939,"url":"Tronstronics","latestBlockNumber":5971325.0},{"producePercentage":99.73090323188148,"producedTotal":476609.0,"address":"TVa6MF7SgZa8PToLoQ9PNq6KQHyTXLBz1p","latestSlotNumber":528428306,"name":"KryptoKnight","producer":true,"votes":295241924,"missedTotal":1286.0,"producedTrx":0,"votesPercentage":1.2176210776012344,"url":"http://krypto-knight.us/","latestBlockNumber":18340808},{"producePercentage":99.64490380523401,"producedTotal":653269.0,"address":"TTcYhypP8m4phDhN6oRexz2174zAerjEWP","latestSlotNumber":528428319,"name":"CryptoGuyInZA","producer":true,"votes":382448060,"missedTotal":2328.0,"producedTrx":0,"votesPercentage":1.5772719965871158,"url":"https://www.cryptoguyinza.co.za/","latestBlockNumber":18340821},{"producePercentage":98.7338106812906,"producedTotal":613758.0,"address":"TJ2aDMgeipmoZRuUEru2ri8t7TGkxnm6qY","latestSlotNumber":528428311,"name":"Huobi_pool","producer":true,"votes":287939588,"missedTotal":7871.0,"producedTrx":0,"votesPercentage":1.1875051709276068,"url":"https://www.huobipool.com","latestBlockNumber":18340813},{"producePercentage":99.559248824381,"producedTotal":587302.0,"address":"TV9QitxEJ3pdiAUAfJ2QuPxLKp9qTTR3og","latestSlotNumber":528428315,"name":"BitGuild","producer":true,"votes":717572645,"missedTotal":2600.0,"producedTrx":0,"votesPercentage":2.959375028534457,"url":"https://www.bitguild.com","latestBlockNumber":18340817},{"producePercentage":99.64979360077398,"producedTotal":644781.0,"address":"TKSXDA8HfE9E1y39RczVQ1ZascUEtaSToF","latestSlotNumber":528428299,"name":"CryptoChain","producer":true,"votes":316549660,"missedTotal":2266.0,"producedTrx":0,"votesPercentage":1.3054973118367308,"url":"http://cryptochain.network","latestBlockNumber":18340801},{"producePercentage":98.57857284741128,"producedTotal":168733.0,"address":"TQwqK8LhHGria5gkkfCVqQfE5mSwpvdp3B","latestSlotNumber":518255974,"name":"Tron-Society","producer":false,"votes":30699903,"missedTotal":2433.0,"producedTrx":0,"votesPercentage":0.12661091103414354,"url":"https://tron-society.com","latestBlockNumber":8208429.0},{"producePercentage":99.571136827774,"producedTotal":438810.0,"address":"TN2MEB71iox2mDwwngdTrUyUZXeENcb79F","latestSlotNumber":527032788,"name":"SR-TRON-Europe","producer":false,"votes":169410377,"missedTotal":1890.0,"producedTrx":0,"votesPercentage":0.6986732880103145,"url":"https://www.tron-europe.org","latestBlockNumber":16947364}],"validVotes":24,"paramters":[{"value":1,"key":15}],"state":"APPROVED","approveSelf":false,"proposalId":14}]
12:57:39.923 [TestNG-tests-1] INFO tron.common.TronscanApiList - JSON content size are: 2
12:57:39.923 [TestNG-tests-1] INFO tron.common.TronscanApiList - ----------------------------Print JSON End-----------------------------
]]></system-out>
  <system-err><![CDATA[]]></system-err>
</testsuite>
