<?xml version="1.0" encoding="UTF-8"?>
<testsuite name="tron.tronscan.api.TokensList" tests="3" skipped="0" failures="0" errors="0" timestamp="2020-03-27T04:58:45" hostname="zhukaideiMac.local" time="2.343">
  <properties/>
  <testcase name="getTokenholders" classname="tron.tronscan.api.TokensList" time="0.907"/>
  <testcase name="getTokensAddress" classname="tron.tronscan.api.TokensList" time="0.614"/>
  <testcase name="test01getTokensList" classname="tron.tronscan.api.TokensList" time="0.822"/>
  <system-out><![CDATA[12:58:45.251 [TestNG-tests-1] DEBUG org.apache.http.impl.conn.PoolingClientConnectionManager - Connection request: [route: {}->http://apilist.tronscan.org:80][total kept alive: 0; route allocated: 0 of 80; total allocated: 0 of 100]
12:58:45.251 [TestNG-tests-1] DEBUG org.apache.http.impl.conn.PoolingClientConnectionManager - Connection leased: [id: 64][route: {}->http://apilist.tronscan.org:80][total kept alive: 0; route allocated: 1 of 80; total allocated: 1 of 100]
12:58:45.251 [TestNG-tests-1] DEBUG org.apache.http.impl.conn.DefaultClientConnectionOperator - Connecting to apilist.tronscan.org:80
12:58:45.488 [TestNG-tests-1] DEBUG org.apache.http.client.protocol.RequestAddCookies - CookieSpec selected: default
12:58:45.488 [TestNG-tests-1] DEBUG org.apache.http.client.protocol.RequestAuthCache - Auth cache not set in the context
12:58:45.488 [TestNG-tests-1] DEBUG org.apache.http.client.protocol.RequestTargetAuthentication - Target auth state: UNCHALLENGED
12:58:45.489 [TestNG-tests-1] DEBUG org.apache.http.client.protocol.RequestProxyAuthentication - Proxy auth state: UNCHALLENGED
12:58:45.489 [TestNG-tests-1] DEBUG org.apache.http.impl.client.DefaultHttpClient - Attempt 1 to execute request
12:58:45.489 [TestNG-tests-1] DEBUG org.apache.http.impl.conn.DefaultClientConnection - Sending request: GET /api/tokenholders?address=TF5Bn4cJCT6GVeUgyCN4rBhDg42KBrpAjg HTTP/1.1
12:58:45.489 [TestNG-tests-1] DEBUG org.apache.http.wire -  >> "GET /api/tokenholders?address=TF5Bn4cJCT6GVeUgyCN4rBhDg42KBrpAjg HTTP/1.1[\r][\n]"
12:58:45.489 [TestNG-tests-1] DEBUG org.apache.http.wire -  >> "Content-type: application/json; charset=utf-8[\r][\n]"
12:58:45.489 [TestNG-tests-1] DEBUG org.apache.http.wire -  >> "Connection: Close[\r][\n]"
12:58:45.489 [TestNG-tests-1] DEBUG org.apache.http.wire -  >> "Host: apilist.tronscan.org[\r][\n]"
12:58:45.489 [TestNG-tests-1] DEBUG org.apache.http.wire -  >> "User-Agent: Apache-HttpClient/4.5.3 (Java/1.8.0_211)[\r][\n]"
12:58:45.489 [TestNG-tests-1] DEBUG org.apache.http.wire -  >> "[\r][\n]"
12:58:45.489 [TestNG-tests-1] DEBUG org.apache.http.headers - >> GET /api/tokenholders?address=TF5Bn4cJCT6GVeUgyCN4rBhDg42KBrpAjg HTTP/1.1
12:58:45.489 [TestNG-tests-1] DEBUG org.apache.http.headers - >> Content-type: application/json; charset=utf-8
12:58:45.489 [TestNG-tests-1] DEBUG org.apache.http.headers - >> Connection: Close
12:58:45.489 [TestNG-tests-1] DEBUG org.apache.http.headers - >> Host: apilist.tronscan.org
12:58:45.489 [TestNG-tests-1] DEBUG org.apache.http.headers - >> User-Agent: Apache-HttpClient/4.5.3 (Java/1.8.0_211)
12:58:46.157 [TestNG-tests-1] DEBUG org.apache.http.wire -  << "HTTP/1.1 200 OK[\r][\n]"
12:58:46.157 [TestNG-tests-1] DEBUG org.apache.http.wire -  << "Server: nginx[\r][\n]"
12:58:46.157 [TestNG-tests-1] DEBUG org.apache.http.wire -  << "Date: Fri, 27 Mar 2020 04:58:46 GMT[\r][\n]"
12:58:46.157 [TestNG-tests-1] DEBUG org.apache.http.wire -  << "Content-Type: application/json;charset=utf-8[\r][\n]"
12:58:46.157 [TestNG-tests-1] DEBUG org.apache.http.wire -  << "Content-Length: 1572[\r][\n]"
12:58:46.157 [TestNG-tests-1] DEBUG org.apache.http.wire -  << "Connection: close[\r][\n]"
12:58:46.157 [TestNG-tests-1] DEBUG org.apache.http.wire -  << "Vary: Accept-Encoding[\r][\n]"
12:58:46.157 [TestNG-tests-1] DEBUG org.apache.http.wire -  << "Access-Control-Allow-Origin: *[\r][\n]"
12:58:46.157 [TestNG-tests-1] DEBUG org.apache.http.wire -  << "Access-Control-Allow-Headers: DNT,X-Mx-ReqToken,Keep-Alive,User-Agent,X-Requested-With,If-Modified-Since,Cache-Control,Content-Type,Authorization[\r][\n]"
12:58:46.157 [TestNG-tests-1] DEBUG org.apache.http.wire -  << "Access-Control-Allow-Methods: GET,POST,PUT,DELETE,OPTIONS[\r][\n]"
12:58:46.157 [TestNG-tests-1] DEBUG org.apache.http.wire -  << "X-Proxy-Cache: MISS[\r][\n]"
12:58:46.157 [TestNG-tests-1] DEBUG org.apache.http.wire -  << "[\r][\n]"
12:58:46.157 [TestNG-tests-1] DEBUG org.apache.http.impl.conn.DefaultClientConnection - Receiving response: HTTP/1.1 200 OK
12:58:46.157 [TestNG-tests-1] DEBUG org.apache.http.headers - << HTTP/1.1 200 OK
12:58:46.157 [TestNG-tests-1] DEBUG org.apache.http.headers - << Server: nginx
12:58:46.157 [TestNG-tests-1] DEBUG org.apache.http.headers - << Date: Fri, 27 Mar 2020 04:58:46 GMT
12:58:46.157 [TestNG-tests-1] DEBUG org.apache.http.headers - << Content-Type: application/json;charset=utf-8
12:58:46.157 [TestNG-tests-1] DEBUG org.apache.http.headers - << Content-Length: 1572
12:58:46.157 [TestNG-tests-1] DEBUG org.apache.http.headers - << Connection: close
12:58:46.157 [TestNG-tests-1] DEBUG org.apache.http.headers - << Vary: Accept-Encoding
12:58:46.157 [TestNG-tests-1] DEBUG org.apache.http.headers - << Access-Control-Allow-Origin: *
12:58:46.157 [TestNG-tests-1] DEBUG org.apache.http.headers - << Access-Control-Allow-Headers: DNT,X-Mx-ReqToken,Keep-Alive,User-Agent,X-Requested-With,If-Modified-Since,Cache-Control,Content-Type,Authorization
12:58:46.157 [TestNG-tests-1] DEBUG org.apache.http.headers - << Access-Control-Allow-Methods: GET,POST,PUT,DELETE,OPTIONS
12:58:46.157 [TestNG-tests-1] DEBUG org.apache.http.headers - << X-Proxy-Cache: MISS
http://apilist.tronscan.org/api/tokenholders?address=TF5Bn4cJCT6GVeUgyCN4rBhDg42KBrpAjg 请求总耗时：906 毫秒
12:58:46.157 [TestNG-tests-1] DEBUG org.apache.http.wire -  << "{"total":10000,"rangeTotal":712943,"data":[{"index":1,"address":"TMuA6YqfCeX8EhbfYEg5y7S4DqzSJireY9","addressTag":"Binance-Cold 1","srTag":false,"foundationTag":false,"name":"BitTorrent","balance":81059204820733520},{"index":2,"address":"TA9FnQrLGdgLW6cwBKue9DyqSBz1UNzUMR","srTag":false,"foundationTag":false,"name":"BitTorrent","balance":40722196462755946},{"index":3,"address":"TNaRAoLUyYEV2uF7GUrzSjRQTU8v5ZJ5VR","addressTag":"Huobi","srTag":false,"foundationTag":false,"name":"BitTorrent","balance":15007559773891414},{"index":4,"address":"TDgmojeZ5kFNexkfT987ZafzuTrHVCJ85Y","srTag":false,"foundationTag":false,"name":"BitTorrent","balance":9683729105236762},{"index":5,"address":"TWd4WrZ9wn84f5x1hZhL4DHvk738ns5jwb","addressTag":"Binance-Cold 2","srTag":false,"foundationTag":false,"name":"BitTorrent","balance":7000000000000000},{"index":6,"address":"TW739nagcbi15Dz3JuGaFczQgdduan47Ke","srTag":false,"foundationTag":false,"name":"BitTorrent","balance":6334191592949173},{"index":7,"address":"TVawmhPXkGpiZtsRbDUVr53W1fYVb8S4ZM","srTag":false,"foundationTag":false,"name":"BitTorrent","balance":6050212713545824},{"index":8,"address":"TMRWXjjvNzsQAV8VPP9cqZLhCPVwcTghHF","srTag":false,"foundationTag":false,"name":"BitTorrent","balance":5489525122587500},{"index":9,"address":"TEQBe7MdnfEwJ8RK7cjAvjMWmbCa4JgZwc","srTag":false,"foundationTag":false,"name":"BitTorrent","balance":5315683439707017},{"index":10,"address":"TM1zzNDZD2DPASbKcgdVoTYhfmYgtfwx9R","addressTag":"Okex 1","srTag":false,"foundationTag":false,"name":"BitTorrent","balance":5048800423454985}]}[\n]"
12:58:46.157 [TestNG-tests-1] DEBUG org.apache.http.impl.conn.DefaultClientConnection - Connection 0.0.0.0:61346<->18.216.178.128:80 closed
12:58:46.157 [TestNG-tests-1] DEBUG org.apache.http.impl.conn.PoolingClientConnectionManager - Connection released: [id: 64][route: {}->http://apilist.tronscan.org:80][total kept alive: 0; route allocated: 0 of 80; total allocated: 0 of 100]
12:58:46.158 [TestNG-tests-1] INFO tron.common.TronscanApiList - ----------------------------Print JSON Start---------------------------
12:58:46.158 [TestNG-tests-1] INFO tron.common.TronscanApiList - total:10000
12:58:46.158 [TestNG-tests-1] INFO tron.common.TronscanApiList - data:[{"srTag":false,"address":"TMuA6YqfCeX8EhbfYEg5y7S4DqzSJireY9","balance":81059204820733520,"addressTag":"Binance-Cold 1","name":"BitTorrent","index":1,"foundationTag":false},{"srTag":false,"address":"TA9FnQrLGdgLW6cwBKue9DyqSBz1UNzUMR","balance":40722196462755946,"name":"BitTorrent","index":2,"foundationTag":false},{"srTag":false,"address":"TNaRAoLUyYEV2uF7GUrzSjRQTU8v5ZJ5VR","balance":15007559773891414,"addressTag":"Huobi","name":"BitTorrent","index":3,"foundationTag":false},{"srTag":false,"address":"TDgmojeZ5kFNexkfT987ZafzuTrHVCJ85Y","balance":9683729105236762,"name":"BitTorrent","index":4,"foundationTag":false},{"srTag":false,"address":"TWd4WrZ9wn84f5x1hZhL4DHvk738ns5jwb","balance":7000000000000000,"addressTag":"Binance-Cold 2","name":"BitTorrent","index":5,"foundationTag":false},{"srTag":false,"address":"TW739nagcbi15Dz3JuGaFczQgdduan47Ke","balance":6334191592949173,"name":"BitTorrent","index":6,"foundationTag":false},{"srTag":false,"address":"TVawmhPXkGpiZtsRbDUVr53W1fYVb8S4ZM","balance":6050212713545824,"name":"BitTorrent","index":7,"foundationTag":false},{"srTag":false,"address":"TMRWXjjvNzsQAV8VPP9cqZLhCPVwcTghHF","balance":5489525122587500,"name":"BitTorrent","index":8,"foundationTag":false},{"srTag":false,"address":"TEQBe7MdnfEwJ8RK7cjAvjMWmbCa4JgZwc","balance":5315683439707017,"name":"BitTorrent","index":9,"foundationTag":false},{"srTag":false,"address":"TM1zzNDZD2DPASbKcgdVoTYhfmYgtfwx9R","balance":5048800423454985,"addressTag":"Okex 1","name":"BitTorrent","index":10,"foundationTag":false}]
12:58:46.158 [TestNG-tests-1] INFO tron.common.TronscanApiList - rangeTotal:712943
12:58:46.158 [TestNG-tests-1] INFO tron.common.TronscanApiList - JSON content size are: 3
12:58:46.158 [TestNG-tests-1] INFO tron.common.TronscanApiList - ----------------------------Print JSON End-----------------------------
12:58:46.158 [TestNG-tests-1] DEBUG org.apache.http.impl.conn.PoolingClientConnectionManager - Connection request: [route: {}->http://apilist.tronscan.org:80][total kept alive: 0; route allocated: 0 of 80; total allocated: 0 of 100]
12:58:46.158 [TestNG-tests-1] DEBUG org.apache.http.impl.conn.PoolingClientConnectionManager - Connection leased: [id: 65][route: {}->http://apilist.tronscan.org:80][total kept alive: 0; route allocated: 1 of 80; total allocated: 1 of 100]
12:58:46.158 [TestNG-tests-1] DEBUG org.apache.http.impl.conn.DefaultClientConnectionOperator - Connecting to apilist.tronscan.org:80
12:58:46.464 [TestNG-tests-1] DEBUG org.apache.http.client.protocol.RequestAddCookies - CookieSpec selected: default
12:58:46.464 [TestNG-tests-1] DEBUG org.apache.http.client.protocol.RequestAuthCache - Auth cache not set in the context
12:58:46.464 [TestNG-tests-1] DEBUG org.apache.http.client.protocol.RequestTargetAuthentication - Target auth state: UNCHALLENGED
12:58:46.464 [TestNG-tests-1] DEBUG org.apache.http.client.protocol.RequestProxyAuthentication - Proxy auth state: UNCHALLENGED
12:58:46.464 [TestNG-tests-1] DEBUG org.apache.http.impl.client.DefaultHttpClient - Attempt 1 to execute request
12:58:46.464 [TestNG-tests-1] DEBUG org.apache.http.impl.conn.DefaultClientConnection - Sending request: GET /api/token/address?tokenName=USDT HTTP/1.1
12:58:46.464 [TestNG-tests-1] DEBUG org.apache.http.wire -  >> "GET /api/token/address?tokenName=USDT HTTP/1.1[\r][\n]"
12:58:46.464 [TestNG-tests-1] DEBUG org.apache.http.wire -  >> "Content-type: application/json; charset=utf-8[\r][\n]"
12:58:46.464 [TestNG-tests-1] DEBUG org.apache.http.wire -  >> "Connection: Close[\r][\n]"
12:58:46.464 [TestNG-tests-1] DEBUG org.apache.http.wire -  >> "Host: apilist.tronscan.org[\r][\n]"
12:58:46.464 [TestNG-tests-1] DEBUG org.apache.http.wire -  >> "User-Agent: Apache-HttpClient/4.5.3 (Java/1.8.0_211)[\r][\n]"
12:58:46.464 [TestNG-tests-1] DEBUG org.apache.http.wire -  >> "[\r][\n]"
12:58:46.464 [TestNG-tests-1] DEBUG org.apache.http.headers - >> GET /api/token/address?tokenName=USDT HTTP/1.1
12:58:46.464 [TestNG-tests-1] DEBUG org.apache.http.headers - >> Content-type: application/json; charset=utf-8
12:58:46.464 [TestNG-tests-1] DEBUG org.apache.http.headers - >> Connection: Close
12:58:46.464 [TestNG-tests-1] DEBUG org.apache.http.headers - >> Host: apilist.tronscan.org
12:58:46.464 [TestNG-tests-1] DEBUG org.apache.http.headers - >> User-Agent: Apache-HttpClient/4.5.3 (Java/1.8.0_211)
12:58:46.771 [TestNG-tests-1] DEBUG org.apache.http.wire -  << "HTTP/1.1 200 OK[\r][\n]"
12:58:46.771 [TestNG-tests-1] DEBUG org.apache.http.wire -  << "Server: nginx[\r][\n]"
12:58:46.771 [TestNG-tests-1] DEBUG org.apache.http.wire -  << "Date: Fri, 27 Mar 2020 04:58:47 GMT[\r][\n]"
12:58:46.771 [TestNG-tests-1] DEBUG org.apache.http.wire -  << "Content-Type: application/json;charset=utf-8[\r][\n]"
12:58:46.771 [TestNG-tests-1] DEBUG org.apache.http.wire -  << "Content-Length: 202[\r][\n]"
12:58:46.771 [TestNG-tests-1] DEBUG org.apache.http.wire -  << "Connection: close[\r][\n]"
12:58:46.771 [TestNG-tests-1] DEBUG org.apache.http.wire -  << "Access-Control-Allow-Origin: *[\r][\n]"
12:58:46.771 [TestNG-tests-1] DEBUG org.apache.http.wire -  << "Access-Control-Allow-Headers: DNT,X-Mx-ReqToken,Keep-Alive,User-Agent,X-Requested-With,If-Modified-Since,Cache-Control,Content-Type,Authorization[\r][\n]"
12:58:46.771 [TestNG-tests-1] DEBUG org.apache.http.wire -  << "Access-Control-Allow-Methods: GET,POST,PUT,DELETE,OPTIONS[\r][\n]"
12:58:46.771 [TestNG-tests-1] DEBUG org.apache.http.wire -  << "X-Proxy-Cache: MISS[\r][\n]"
12:58:46.771 [TestNG-tests-1] DEBUG org.apache.http.wire -  << "[\r][\n]"
12:58:46.771 [TestNG-tests-1] DEBUG org.apache.http.impl.conn.DefaultClientConnection - Receiving response: HTTP/1.1 200 OK
12:58:46.771 [TestNG-tests-1] DEBUG org.apache.http.headers - << HTTP/1.1 200 OK
12:58:46.771 [TestNG-tests-1] DEBUG org.apache.http.headers - << Server: nginx
12:58:46.771 [TestNG-tests-1] DEBUG org.apache.http.headers - << Date: Fri, 27 Mar 2020 04:58:47 GMT
12:58:46.771 [TestNG-tests-1] DEBUG org.apache.http.headers - << Content-Type: application/json;charset=utf-8
12:58:46.771 [TestNG-tests-1] DEBUG org.apache.http.headers - << Content-Length: 202
12:58:46.771 [TestNG-tests-1] DEBUG org.apache.http.headers - << Connection: close
12:58:46.771 [TestNG-tests-1] DEBUG org.apache.http.headers - << Access-Control-Allow-Origin: *
12:58:46.771 [TestNG-tests-1] DEBUG org.apache.http.headers - << Access-Control-Allow-Headers: DNT,X-Mx-ReqToken,Keep-Alive,User-Agent,X-Requested-With,If-Modified-Since,Cache-Control,Content-Type,Authorization
12:58:46.771 [TestNG-tests-1] DEBUG org.apache.http.headers - << Access-Control-Allow-Methods: GET,POST,PUT,DELETE,OPTIONS
12:58:46.771 [TestNG-tests-1] DEBUG org.apache.http.headers - << X-Proxy-Cache: MISS
http://apilist.tronscan.org/api/token/address?tokenName=USDT 请求总耗时：613 毫秒
12:58:46.772 [TestNG-tests-1] DEBUG org.apache.http.wire -  << "{"total":0,"data":[{"address":"TDetKEyeWwYNnChT97TCoqhEeurKXnrQNt","balance":99999999999999999,"name":"USDT"},{"address":"TDemV7wUk3xvjWbKsy8NZeA6mDC73LJVaz","balance":1,"name":"USDT"}],"rangeTotal":0}[\n]"
12:58:46.772 [TestNG-tests-1] DEBUG org.apache.http.impl.conn.DefaultClientConnection - Connection 0.0.0.0:61351<->18.216.178.128:80 closed
12:58:46.772 [TestNG-tests-1] DEBUG org.apache.http.impl.conn.PoolingClientConnectionManager - Connection released: [id: 65][route: {}->http://apilist.tronscan.org:80][total kept alive: 0; route allocated: 0 of 80; total allocated: 0 of 100]
12:58:46.772 [TestNG-tests-1] INFO tron.common.TronscanApiList - ----------------------------Print JSON Start---------------------------
12:58:46.772 [TestNG-tests-1] INFO tron.common.TronscanApiList - total:0
12:58:46.772 [TestNG-tests-1] INFO tron.common.TronscanApiList - data:[{"address":"TDetKEyeWwYNnChT97TCoqhEeurKXnrQNt","balance":99999999999999999,"name":"USDT"},{"address":"TDemV7wUk3xvjWbKsy8NZeA6mDC73LJVaz","balance":1,"name":"USDT"}]
12:58:46.772 [TestNG-tests-1] INFO tron.common.TronscanApiList - rangeTotal:0
12:58:46.772 [TestNG-tests-1] INFO tron.common.TronscanApiList - JSON content size are: 3
12:58:46.772 [TestNG-tests-1] INFO tron.common.TronscanApiList - ----------------------------Print JSON End-----------------------------
12:58:46.772 [TestNG-tests-1] DEBUG org.apache.http.impl.conn.PoolingClientConnectionManager - Connection request: [route: {}->http://apilist.tronscan.org:80][total kept alive: 0; route allocated: 0 of 80; total allocated: 0 of 100]
12:58:46.772 [TestNG-tests-1] DEBUG org.apache.http.impl.conn.PoolingClientConnectionManager - Connection leased: [id: 66][route: {}->http://apilist.tronscan.org:80][total kept alive: 0; route allocated: 1 of 80; total allocated: 1 of 100]
12:58:46.772 [TestNG-tests-1] DEBUG org.apache.http.impl.conn.DefaultClientConnectionOperator - Connecting to apilist.tronscan.org:80
12:58:47.007 [TestNG-tests-1] DEBUG org.apache.http.client.protocol.RequestAddCookies - CookieSpec selected: default
12:58:47.007 [TestNG-tests-1] DEBUG org.apache.http.client.protocol.RequestAuthCache - Auth cache not set in the context
12:58:47.007 [TestNG-tests-1] DEBUG org.apache.http.client.protocol.RequestTargetAuthentication - Target auth state: UNCHALLENGED
12:58:47.007 [TestNG-tests-1] DEBUG org.apache.http.client.protocol.RequestProxyAuthentication - Proxy auth state: UNCHALLENGED
12:58:47.007 [TestNG-tests-1] DEBUG org.apache.http.impl.client.DefaultHttpClient - Attempt 1 to execute request
12:58:47.007 [TestNG-tests-1] DEBUG org.apache.http.impl.conn.DefaultClientConnection - Sending request: GET /api/token?limit=20&start=0&totalAll=1&sort=-name&status=ico HTTP/1.1
12:58:47.007 [TestNG-tests-1] DEBUG org.apache.http.wire -  >> "GET /api/token?limit=20&start=0&totalAll=1&sort=-name&status=ico HTTP/1.1[\r][\n]"
12:58:47.007 [TestNG-tests-1] DEBUG org.apache.http.wire -  >> "Content-type: application/json; charset=utf-8[\r][\n]"
12:58:47.007 [TestNG-tests-1] DEBUG org.apache.http.wire -  >> "Connection: Close[\r][\n]"
12:58:47.007 [TestNG-tests-1] DEBUG org.apache.http.wire -  >> "Host: apilist.tronscan.org[\r][\n]"
12:58:47.007 [TestNG-tests-1] DEBUG org.apache.http.wire -  >> "User-Agent: Apache-HttpClient/4.5.3 (Java/1.8.0_211)[\r][\n]"
12:58:47.007 [TestNG-tests-1] DEBUG org.apache.http.wire -  >> "[\r][\n]"
12:58:47.007 [TestNG-tests-1] DEBUG org.apache.http.headers - >> GET /api/token?limit=20&start=0&totalAll=1&sort=-name&status=ico HTTP/1.1
12:58:47.007 [TestNG-tests-1] DEBUG org.apache.http.headers - >> Content-type: application/json; charset=utf-8
12:58:47.007 [TestNG-tests-1] DEBUG org.apache.http.headers - >> Connection: Close
12:58:47.007 [TestNG-tests-1] DEBUG org.apache.http.headers - >> Host: apilist.tronscan.org
12:58:47.007 [TestNG-tests-1] DEBUG org.apache.http.headers - >> User-Agent: Apache-HttpClient/4.5.3 (Java/1.8.0_211)
12:58:47.262 [TestNG-tests-1] DEBUG org.apache.http.wire -  << "HTTP/1.1 200 OK[\r][\n]"
12:58:47.262 [TestNG-tests-1] DEBUG org.apache.http.wire -  << "Server: nginx[\r][\n]"
12:58:47.262 [TestNG-tests-1] DEBUG org.apache.http.wire -  << "Date: Fri, 27 Mar 2020 04:58:47 GMT[\r][\n]"
12:58:47.262 [TestNG-tests-1] DEBUG org.apache.http.wire -  << "Content-Type: application/json;charset=utf-8[\r][\n]"
12:58:47.262 [TestNG-tests-1] DEBUG org.apache.http.wire -  << "Content-Length: 25524[\r][\n]"
12:58:47.262 [TestNG-tests-1] DEBUG org.apache.http.wire -  << "Connection: close[\r][\n]"
12:58:47.262 [TestNG-tests-1] DEBUG org.apache.http.wire -  << "Vary: Accept-Encoding[\r][\n]"
12:58:47.262 [TestNG-tests-1] DEBUG org.apache.http.wire -  << "Access-Control-Allow-Origin: *[\r][\n]"
12:58:47.262 [TestNG-tests-1] DEBUG org.apache.http.wire -  << "Access-Control-Allow-Headers: DNT,X-Mx-ReqToken,Keep-Alive,User-Agent,X-Requested-With,If-Modified-Since,Cache-Control,Content-Type,Authorization[\r][\n]"
12:58:47.262 [TestNG-tests-1] DEBUG org.apache.http.wire -  << "Access-Control-Allow-Methods: GET,POST,PUT,DELETE,OPTIONS[\r][\n]"
12:58:47.262 [TestNG-tests-1] DEBUG org.apache.http.wire -  << "X-Proxy-Cache: MISS[\r][\n]"
12:58:47.262 [TestNG-tests-1] DEBUG org.apache.http.wire -  << "[\r][\n]"
12:58:47.262 [TestNG-tests-1] DEBUG org.apache.http.impl.conn.DefaultClientConnection - Receiving response: HTTP/1.1 200 OK
12:58:47.262 [TestNG-tests-1] DEBUG org.apache.http.headers - << HTTP/1.1 200 OK
12:58:47.262 [TestNG-tests-1] DEBUG org.apache.http.headers - << Server: nginx
12:58:47.262 [TestNG-tests-1] DEBUG org.apache.http.headers - << Date: Fri, 27 Mar 2020 04:58:47 GMT
12:58:47.262 [TestNG-tests-1] DEBUG org.apache.http.headers - << Content-Type: application/json;charset=utf-8
12:58:47.262 [TestNG-tests-1] DEBUG org.apache.http.headers - << Content-Length: 25524
12:58:47.262 [TestNG-tests-1] DEBUG org.apache.http.headers - << Connection: close
12:58:47.262 [TestNG-tests-1] DEBUG org.apache.http.headers - << Vary: Accept-Encoding
12:58:47.262 [TestNG-tests-1] DEBUG org.apache.http.headers - << Access-Control-Allow-Origin: *
12:58:47.262 [TestNG-tests-1] DEBUG org.apache.http.headers - << Access-Control-Allow-Headers: DNT,X-Mx-ReqToken,Keep-Alive,User-Agent,X-Requested-With,If-Modified-Since,Cache-Control,Content-Type,Authorization
12:58:47.262 [TestNG-tests-1] DEBUG org.apache.http.headers - << Access-Control-Allow-Methods: GET,POST,PUT,DELETE,OPTIONS
12:58:47.262 [TestNG-tests-1] DEBUG org.apache.http.headers - << X-Proxy-Cache: MISS
http://apilist.tronscan.org/api/token?limit=20&start=0&totalAll=1&sort=-name&status=ico 请求总耗时：490 毫秒
12:58:47.263 [TestNG-tests-1] INFO tron.tronscan.api.TokensList - code is 200
12:58:47.263 [TestNG-tests-1] DEBUG org.apache.http.wire -  << "{"total":598,"data":[{"totalTransactions":7996,"country":"no_message","tokenID":1001466,"participated":91265385000000,"precision":0,"num":1,"available":0,"reputation":"Pending","description":"We develop hardware solutions for TRON blockchain. We are a recognized technological leader in the sector of nano- and microsystems.","issuedPercentage":85.30913869049999,"nrOfTokenHolders":6099,"voteScore":0,"dateCreated":1542667989000,"price":1000000,"percentage":0,"startTime":1542754800000,"id":1001466,"issued":8.53091386905E11,"trxNum":1000000,"abbr":"TX","email":"","website":"no_message","github":"no_message","level":"0","availableSupply":0,"totalSupply":1000000000000,"index":1,"frozenTotal":0,"frozen":[],"canShow":1,"remaining":1.46908613095E11,"url":"http://www.tronicsgroup-bourse.com/en/","frozenPercentage":0,"imgUrl":"https://coin.top/production/logo/1001466.png","isBlack":false,"new_social_media":"","remainingPercentage":0,"name":"Tronics","ownerAddress":"TGkTrnr7aBVVJA4rFrA7XdzCGkyFSABGT4","endTime":1632970800000,"white_paper":"no_message","social_media":[{"name":"Twitter","url":""},{"name":"Weibo","url":""},{"name":"Facebook","url":""},{"name":"Reddit","url":""},{"name":"Telegram","url":""},{"name":"Steem","url":""},{"name":"Medium","url":""},{"name":"Wechat","url":""}]},{"totalTransactions":14188,"country":"no_message","tokenID":1001517,"participated":59648362200000,"precision":0,"num":10,"available":0,"reputation":"Pending","description":"Intelligent enterprise powered with AI, Machine Learning and Predictive Analytics. Next generation deep learning AI for business.","issuedPercentage":97.1596620102,"nrOfTokenHolders":13678,"voteScore":0,"dateCreated":1542866079000,"price":100000,"percentage":0,"startTime":1542866400000,"id":1001517,"issued":9.71596620102E11,"trxNum":1000000,"abbr":"SAPL","email":"","website":"no_message","github":"no_message","level":"0","availableSupply":0,"totalSupply":1000000000000,"index":2,"frozenTotal":0,"frozen":[],"canShow":1,"remaining":2.8403379898E10,"url":"https://www.sap.com/products/leonardo/machine-learning.html","frozenPercentage":0,"imgUrl":"https://coin.top/production/logo/1001517.png","isBlack":false,"new_social_media":"","remainingPercentage":0,"name":"Leonardo","ownerAddress":"TMgC4y5btvtZfhUZYSBcM2Cx2YbNYnVoLm","endTime":1632970800000,"white_paper":"no_message","social_media":[{"name":"Twitter","url":""},{"name":"Weibo","url":""},{"name":"Facebook","url":""},{"name":"Reddit","url":""},{"name":"Telegram","url":""},{"name":"Steem","url":""},{"name":"Medium","url":""},{"name":"Wechat","url":""}]},{"totalTransactions":155,"country":"no_message","tokenID":1000526,"participated":59338034403586,"precision":0,"num":10,"available":0,"reputation":"insufficient_message","description":"The main focus area of our company is the development of cryptographic hardware, creation of blockchain technology-based solutions and provision of remote hardware access services. ","issuedPercentage":76.15032501920001,"nrOfTokenHolders":320,"voteScore":0,"dateCreated":1534217802000,"price":100000,"percentage":0,"startTime":1534304046000,"id":1000526,"issued":7.615032501920001E11,"trxNum":1000000,"abbr":"HSC","website":"no_message","github":"no_message","level":"0","availableSupply":0,"totalSupply":1000000000000,"index":3,"frozenTotal":0,"frozen":[],"canShow":1,"remaining":2.3849674980799988E11,"url":"https://www.hashcoins.com/","frozenPercentage":0,"isBlack":false,"remainingPercentage":0,"name":"HashCoin","ownerAddress":"TN8p9sUqKgdnvWqbE4dCq6bTV6GhkpZhXP","endTime":1640966400000,"white_paper":"no_message","social_media":[{"name":"Twitter","url":""},{"name":"Weibo","url":""},{"name":"Facebook","url":""},{"name":"Reddit","url":""},{"name":"Telegram","url":""},{"name":"Steem","url":""},{"name":"Medium","url":""},{"name":"Wechat","url":""}]},{"totalTransactions":4720,"country":"no_message","tokenID":1001538,"participated":45943184000000,"precision":0,"num":10,"available":0,"reputation":"Pending","description":"We are the best hardware wallet.Will support btc,eth,trx,eos ....","issuedPer"
12:58:47.263 [TestNG-tests-1] DEBUG org.apache.http.wire -  << "centage":20.105669323809526,"nrOfTokenHolders":3216,"voteScore":0,"dateCreated":1543030197000,"price":100000,"percentage":0,"startTime":1543032000000,"id":1001538,"issued":4.2221905580000005E9,"trxNum":1000000,"abbr":"FT","email":"","website":"no_message","github":"no_message","level":"0","availableSupply":0,"totalSupply":21000000000,"index":4,"frozenTotal":0,"frozen":[],"canShow":1,"remaining":1.6777809442E10,"url":"https://www.ftsafe.com/Products/BlockChain","frozenPercentage":0,"imgUrl":"https://coin.top/production/logo/1001538.png","isBlack":false,"new_social_media":"","remainingPercentage":0,"name":"FEITIANWALLET","ownerAddress":"TXzNq6xAJhLDenBwsuSYLirNxjKVLviJEn","endTime":1608825600000,"white_paper":"no_message","social_media":[{"name":"Twitter","url":""},{"name":"Weibo","url":""},{"name":"Facebook","url":""},{"name":"Reddit","url":""},{"name":"Telegram","url":""},{"name":"Steem","url":""},{"name":"Medium","url":""},{"name":"Wechat","url":""}]},{"totalTransactions":30,"country":"no_message","tokenID":1001706,"participated":44332569000000,"precision":0,"num":1,"available":0,"reputation":"insufficient_message","description":"TRXLotto is used to develop a decentralized gambling & lottery platform based on Tron network.","issuedPercentage":90.95387128080809,"nrOfTokenHolders":58,"voteScore":0,"dateCreated":1544409321000,"price":1000000,"percentage":0,"startTime":1544416200000,"id":1001706,"issued":9.0044332568E10,"trxNum":1000000,"abbr":"TLOT","website":"no_message","github":"no_message","level":"0","availableSupply":0,"totalSupply":99000000000,"index":5,"frozenTotal":0,"frozen":[],"canShow":1,"remaining":8.955667432E9,"url":"https://trxlottery.club","frozenPercentage":0,"isBlack":false,"remainingPercentage":0,"name":"TRXLotto","ownerAddress":"TCx2qKJhB5oBtTosznvN4ec2A6ahuviDtU","endTime":1609423800000,"white_paper":"no_message","social_media":[{"name":"Twitter","url":""},{"name":"Weibo","url":""},{"name":"Facebook","url":""},{"name":"Reddit","url":""},{"name":"Telegram","url":""},{"name":"Steem","url":""},{"name":"Medium","url":""},{"name":"Wechat","url":""}]},{"totalTransactions":65451,"country":"no_message","tokenID":1002222,"participated":44320779600000,"precision":0,"num":10,"available":0,"reputation":"insufficient_message","description":"TokenPays focuses on token economy.","issuedPercentage":90.44320849600001,"nrOfTokenHolders":46791,"voteScore":0,"dateCreated":1553475339000,"price":100000,"percentage":0,"startTime":1553529600000,"id":1002222,"issued":9.044320849600002E10,"trxNum":1000000,"abbr":"TPS","website":"no_message","github":"no_message","level":"0","availableSupply":0,"totalSupply":100000000000,"index":6,"frozenTotal":0,"frozen":[],"canShow":1,"remaining":9.556791503999985E9,"url":"https://tokenpays.org","frozenPercentage":0,"isBlack":false,"remainingPercentage":0,"name":"TokenPays","ownerAddress":"TTTS8DESgwTvRgD7mtTKms6zTmP1i8EJEB","endTime":1609344000000,"white_paper":"no_message","social_media":[{"name":"Twitter","url":""},{"name":"Weibo","url":""},{"name":"Facebook","url":""},{"name":"Reddit","url":""},{"name":"Telegram","url":""},{"name":"Steem","url":""},{"name":"Medium","url":""},{"name":"Wechat","url":""}]},{"totalTransactions":57419,"country":"no_message","tokenID":1001411,"participated":41638901000000,"precision":0,"num":1,"available":0,"reputation":"Pending","description":"Decentralized global payment system which already successfully unify traders, companies and individuals wishing to use cryptocurrencies without the risk of volatility.","issuedPercentage":99.1895037,"nrOfTokenHolders":29978,"voteScore":0,"dateCreated":1542440031000,"price":1000000,"percentage":0,"startTime":1542441600000,"id":1001411,"issued":1.983790074E9,"trxNum":1000000,"abbr":"CBC","email":"","website":"no_message","github":"no_message","level":"0","availableSupply":0,"totalSupply":2000000000,"index":7,"frozenTotal":0,"frozen":[],"canShow":1,"remaining":1.6209926E7,"url":"https://cryptobank.co/","frozenPercentage":0,"imgUrl":"https://coin.top/production/logo/1001411.png","isBlack":false,"new_"
12:58:47.263 [TestNG-tests-1] DEBUG org.apache.http.wire -  << "social_media":"","remainingPercentage":0,"name":"CryptoBankCoin","ownerAddress":"TPL6zNujtEQ8kp213n58UxAhGRCU3aozkc","endTime":1630378800000,"white_paper":"no_message","social_media":[{"name":"Twitter","url":""},{"name":"Weibo","url":""},{"name":"Facebook","url":""},{"name":"Reddit","url":""},{"name":"Telegram","url":""},{"name":"Steem","url":""},{"name":"Medium","url":""},{"name":"Wechat","url":""}]},{"totalTransactions":18815,"country":"no_message","tokenID":1000564,"participated":40329207000000,"precision":0,"num":1,"available":0,"reputation":"insufficient_message","description":"People can pay with LCC in hotels and casinos in Las Vegas. When LCC hits the Cryptocurrency Exchange, the initial price is 0.1 USD. Buy more, earn more!","issuedPercentage":47.9105385,"nrOfTokenHolders":15440,"voteScore":0,"dateCreated":1534421895000,"price":1000000,"percentage":0,"startTime":1534507431000,"id":1000564,"issued":4.79105385E8,"trxNum":1000000,"abbr":"LCC","website":"no_message","github":"no_message","level":"0","availableSupply":0,"totalSupply":1000000000,"index":8,"frozenTotal":0,"frozen":[],"canShow":1,"remaining":5.20894615E8,"url":"https://www.lasvegas.com/","frozenPercentage":0,"isBlack":false,"remainingPercentage":0,"name":"LuckyChipsCoin","ownerAddress":"TYMmLJeReBpsGT1nA51LkjJf3ipP9JD2ej","endTime":1608739200000,"white_paper":"no_message","social_media":[{"name":"Twitter","url":""},{"name":"Weibo","url":""},{"name":"Facebook","url":""},{"name":"Reddit","url":""},{"name":"Telegram","url":""},{"name":"Steem","url":""},{"name":"Medium","url":""},{"name":"Wechat","url":""}]},{"totalTransactions":30544,"country":"no_message","tokenID":1000096,"participated":16947835850000,"precision":0,"num":10,"available":0,"reputation":"insufficient_message","description":"U Run It - is the only gambling platform 100% managed by its community.  Players control the house, host all the games and receive most of the profit.","issuedPercentage":99.82195725,"nrOfTokenHolders":16077,"voteScore":0,"dateCreated":1531581699000,"price":100000,"percentage":0,"startTime":1531667655000,"id":1000096,"issued":7.98575658E8,"trxNum":1000000,"abbr":"URUN","website":"no_message","github":"no_message","level":"0","availableSupply":0,"totalSupply":800000000,"index":9,"frozenTotal":0,"frozen":[],"canShow":1,"remaining":1424342.0,"url":"https://urunit.io","frozenPercentage":0,"isBlack":false,"remainingPercentage":0,"name":"URUNIT","ownerAddress":"TSfjkVSKJGW4aybDQcxi4bpythU7WCXV3v","endTime":1593572400000,"white_paper":"no_message","social_media":[{"name":"Twitter","url":""},{"name":"Weibo","url":""},{"name":"Facebook","url":""},{"name":"Reddit","url":""},{"name":"Telegram","url":""},{"name":"Steem","url":""},{"name":"Medium","url":""},{"name":"Wechat","url":""}]},{"totalTransactions":2068,"country":"no_message","tokenID":1002671,"participated":10506837102006,"precision":6,"num":1000000,"available":0,"reputation":"Pending","description":"World Travel Blockchain (WTB) is built on the Tron Network Blockchain platform, allowing all travel industry users to join a unified network to enjoy the most preferential benefits in the ecosystem.","issuedPercentage":25.685926756845973,"nrOfTokenHolders":1391,"voteScore":0,"dateCreated":1570300614000,"price":6,"percentage":0,"startTime":1570640400000,"id":1002671,"issued":1.001751143516993E15,"trxNum":6000000,"abbr":"WTB","email":"contact@worldtravelblockchain.io","website":"https://www.\u001Dworldtravelblockchain.io/","github":"https://github.com/worldtravelchain","level":"1","availableSupply":0,"totalSupply":3900000000000000,"index":10,"frozenTotal":0,"frozen":[],"canShow":1,"remaining":2.898248856483007E15,"url":"https://www.\u001Dworldtravelblockchain.io/","frozenPercentage":0,"imgUrl":"https://coin.top/production/upload/logo/1002671.png?t=1571484281185","isBlack":false,"new_social_media":"[{\"method\":\"Twitter\",\"active\":true,\"link\":[\"https:\\/\\/twitter.com\\/travelschain \"]},{\"method\":\"Facebook\",\"active\":true,\"link\":[\"https:\\/\\/www.facebook.com\\/WorldTravelBlockchain\\/ \",\""
12:58:47.590 [TestNG-tests-1] DEBUG org.apache.http.wire -  << "https:\\/\\/www.facebook.com\\/groups\\/TravelBlockchain\\/ \"]},{\"method\":\"Telegram\",\"active\":true,\"link\":[\"https:\\/\\/t.me\\/WorldTravelBlockchainCommunity \",\"https:\\/\\/t.me\\/WorldTravelBlockchainChannel \"]},{\"method\":\"Reddit\",\"active\":true,\"link\":[\"https:\\/\\/www.reddit.com\\/user\\/WTBlockchain \"]},{\"method\":\"Medium\",\"active\":true,\"link\":[\"https:\\/\\/medium.com\\/@worldtravelblockchain\"]},{\"method\":\"Instagram\",\"active\":true,\"link\":[\"https:\\/\\/www.instagram.com\\/worldtravelblockchain\\/ \"]}]","remainingPercentage":0,"name":"WorldTravelBlockchain","ownerAddress":"TDQ5q4Hf6UqR43Smp67sndMQfdTcGgP88s","endTime":1589043600000,"white_paper":"http://bit.ly/WhitePaperWorldTravelBlockchain","social_media":[{"name":"Twitter","url":""},{"name":"Weibo","url":""},{"name":"Facebook","url":""},{"name":"Reddit","url":""},{"name":"Telegram","url":""},{"name":"Steem","url":""},{"name":"Medium","url":""},{"name":"Wechat","url":""}]},{"totalTransactions":17,"country":"no_message","tokenID":1000939,"participated":8815351000000,"precision":0,"num":1,"available":0,"reputation":"Pending","description":"The most advanced blockchain and cloud cybersecurity platform that protects data using an open, proactive, and AI-driven approach. We revolutionize the way cyber security works!","issuedPercentage":71.715351"
12:58:47.592 [TestNG-tests-1] DEBUG org.apache.http.wire -  << ","nrOfTokenHolders":39,"voteScore":0,"dateCreated":1537497522000,"price":1000000,"percentage":0,"startTime":1537498800000,"id":1000939,"issued":7.1715351E7,"trxNum":1000000,"abbr":"REV","email":"","website":"https://www.symantec.com/","github":"no_message","level":"0","availableSupply":0,"totalSupply":100000000,"index":11,"frozenTotal":0,"frozen":[],"canShow":1,"remaining":2.8284649E7,"url":"https://www.symantec.com/","frozenPercentage":0,"imgUrl":"https://coin.top/production/upload/logo/1000939.png?t=1571976864364","isBlack":false,"new_social_media":"[]","remainingPercentage":0,"name":"REVOLUTION","ownerAddress":"TGQ9S7LSfTX641R8HJjpFYoZdhadfiZpjV","endTime":1664593200000,"white_paper":"no_message","social_media":[{"name":"Twitter","url":""},{"name":"Weibo","url":""},{"name":"Facebook","url":""},{"name":"Reddit","url":""},{"name":"Telegram","url":""},{"name":"Steem","url":""},{"name":"Medium","url":""},{"name":"Wechat","url":""}]},{"totalTransactions":12086,"country":"no_message","tokenID":1000093,"participated":6396498000000,"precision":0,"num":1,"available":0,"reputation":"insufficient_message","description":"Power by Eiichiro Oda, Can be used to pay for the surrounding of One Piece.","issuedPercentage":91.007592584,"nrOfTokenHolders":7537,"voteScore":0,"dateCreated":1531560972000,"price":1000000,"percentage":0,"startTime":1531646358000,"id":1000093,"issued":9.1007592584E10,"trxNum":1000000,"abbr":"OPC","website":"no_message","github":"no_message","level":"0","availableSupply":0,"totalSupply":100000000000,"index":12,"frozenTotal":0,"frozen":[],"canShow":1,"remaining":8.992407416E9,"url":"OnePiece","frozenPercentage":0,"isBlack":false,"remainingPercentage":0,"name":"OnePiece","ownerAddress":"TVd7DoAg9g7E6fDmLybvFRZEGup4o1fg79","endTime":1671811200000,"white_paper":"no_message","social_media":[{"name":"Twitter","url":""},{"name":"Weibo","url":""},{"name":"Facebook","url":""},{"name":"Reddit","url":""},{"name":"Telegram","url":""},{"name":"Steem","url":""},{"name":"Medium","url":""},{"name":"Wechat","url":""}]},{"totalTransactions":3861,"country":"no_message","tokenID":1002197,"participated":6266298000000,"precision":0,"num":1,"available":0,"reputation":"insufficient_message","description":"Crypto Currency Being Brought To The World By Use On The Tron Network! Airdrops As Well","issuedPercentage":0.270750755,"nrOfTokenHolders":222,"voteScore":0,"dateCreated":1552953975000,"price":1000000,"percentage":0,"startTime":1552978800000,"id":1002197,"issued":5.4150151E7,"trxNum":1000000,"abbr":"WTRX","website":"no_message","github":"no_message","level":"0","availableSupply":0,"totalSupply":20000000000,"index":13,"frozenTotal":0,"frozen":[],"canShow":1,"remaining":1.994584984"
12:58:47.592 [TestNG-tests-1] DEBUG org.apache.http.wire -  << "9E10,"url":"Worldwidetrx.com","frozenPercentage":0,"isBlack":false,"remainingPercentage":0,"name":"WorldwideTRX","ownerAddress":"TKQRjFrBsa5PpDSEqQryt4BnFU5A4Gb2cY","endTime":1616223600000,"white_paper":"no_message","social_media":[{"name":"Twitter","url":""},{"name":"Weibo","url":""},{"name":"Facebook","url":""},{"name":"Reddit","url":""},{"name":"Telegram","url":""},{"name":"Steem","url":""},{"name":"Medium","url":""},{"name":"Wechat","url":""}]},{"totalTransactions":205,"country":"no_message","tokenID":1000012,"participated":6097224199776,"precision":0,"num":10,"available":0,"reputation":"insufficient_message","description":"TRXCash(TRXC) is an intelligent high-speed distributed network based on TRX. TRXCash proposes future-oriented incentive and consensus algorithm, aiming for a continuously improving ecosystem.","issuedPercentage":31.5847339,"nrOfTokenHolders":266,"voteScore":0,"dateCreated":1530158235000,"price":100000,"percentage":0,"startTime":1530417627000,"id":1000012,"issued":3.15847339E8,"trxNum":1000000,"abbr":"TRXC","website":"no_message","github":"no_message","level":"0","availableSupply":0,"totalSupply":1000000000,"index":14,"frozenTotal":0,"frozen":[],"canShow":1,"remaining":6.84152661E8,"url":"http://trxcash.org","frozenPercentage":0,"isBlack":false,"remainingPercentage":0,"name":"TRXCash","ownerAddress":"THs5b6Nt8q4NxaFiQPcaSRfXscdjqXfteG","endTime":1924876800000,"white_paper":"no_message","social_media":[{"name":"Twitter","url":""},{"name":"Weibo","url":""},{"name":"Facebook","url":""},{"name":"Reddit","url":""},{"name":"Telegram","url":""},{"name":"Steem","url":""},{"name":"Medium","url":""},{"name":"Wechat","url":""}]},{"totalTransactions":15653,"country":"no_message","tokenID":1000011,"participated":5878968880000,"precision":0,"num":10,"available":0,"reputation":"insufficient_message","description":"The Decentralized Application King. Staying true to Tron's TRC protocol, Tron Cash is the only viable alternative for dApps due to its extreme speed, scalability and near zero transaction fees.","issuedPercentage":41.76193133333334,"nrOfTokenHolders":3488,"voteScore":0,"dateCreated":1530149898000,"price":100000,"percentage":0,"startTime":1530235389000,"id":1000011,"issued":6.264289700000001E7,"trxNum":1000000,"abbr":"TRXC","website":"no_message","github":"no_message","level":"0","availableSupply":0,"totalSupply":150000000,"index":15,"frozenTotal":0,"frozen":[],"canShow":1,"remaining":8.7357103E7,"url":"http://www.troncash.network","frozenPercentage":0,"isBlack":false,"remainingPercentage":0,"name":"TronCash","ownerAddress":"TJdSvPXNCF7fKUjxoagmupEzjc1TVVY1NR","endTime":1593109800000,"white_paper":"no_message","social_media":[{"name":"Twitter","url":""},{"name":"Weibo","url":""},{"name":"Facebook","url":""},{"name":"Reddit","url":""},{"name":"Telegram","url":""},{"name":"Steem","url":""},{"name":"Medium","url":""},{"name":"Wechat","url":""}]},{"totalTransactions":0,"country":"no_message","tokenID":1002749,"participated":5527035000000,"precision":6,"num":1000000,"available":0,"reputation":"insufficient_message","description":"Let's Order Tron Chicken with Samsung Blockchain Keystore Security App.","issuedPercentage":11.054070000000001,"nrOfTokenHolders":6,"voteScore":0,"dateCreated":1572716484000,"price":1,"percentage":0,"startTime":1572793200000,"id":1002749,"issued":5.527035000000001E12,"trxNum":1000000,"abbr":"TCK","website":"no_message","github":"no_message","level":"0","availableSupply":0,"totalSupply":50000000000000,"index":16,"frozenTotal":0,"frozen":[],"canShow":1,"remaining":4.4472965E13,"url":"tronchicken.com","frozenPercentage":0,"isBlack":false,"remainingPercentage":0,"name":"TronChicken","ownerAddress":"TTswobQzKQzSaAdPiCQJa2cMViVSj6mz9H","endTime":1672412400000,"white_paper":"no_message","social_media":[{"name":"Twitter","url":""},{"name":"Weibo","url":""},{"name":"Facebook","url":""},{"name":"Reddit","url":""},{"name":"Telegram","url":""},{"name":"Steem","url":""},{"name":"Medium","url":""},{"name":"Wechat","url":""}]},{"totalTransactions":13,"country":"no_message","
12:58:47.592 [TestNG-tests-1] DEBUG org.apache.http.wire -  << ""tokenID":1002414,"participated":1707837250000,"precision":6,"num":1000000,"available":0,"reputation":"Pending","description":"Amazon Loyalty Token is a TRON blockchain-based ecosystem for loyalty rewards programs, linking both crypto and traditional consumer communities. ","issuedPercentage":1.0136395923125,"nrOfTokenHolders":23,"voteScore":0,"dateCreated":1557599067000,"price":4,"percentage":0,"startTime":1557612000000,"id":1002414,"issued":1.0136395923124999E15,"trxNum":4000000,"abbr":"AMZ","email":"amazontoken@yahoo.com","website":"https://www.amazon.com","github":"no_message","level":"0","availableSupply":0,"totalSupply":100000000000000000,"index":17,"frozenTotal":0,"frozen":[],"canShow":1,"remaining":9.8986360407687504E16,"url":"https://www.amazon.com","frozenPercentage":0,"imgUrl":"https://coin.top/production/upload/logo/1002414.png?t=1580672530954","isBlack":false,"new_social_media":"[]","remainingPercentage":0,"name":"AmazonLoyaltyToken","ownerAddress":"TKjFUexJWWphBJG6GcKNSPNW5vnzFXN8SQ","endTime":1640905200000,"white_paper":"no_message","social_media":[{"name":"Twitter","url":""},{"name":"Weibo","url":""},{"name":"Facebook","url":""},{"name":"Reddit","url":""},{"name":"Telegram","url":""},{"name":"Steem","url":""},{"name":"Medium","url":""},{"name":"Wechat","url":""}]},{"totalTransactions":1372,"country":"Armenia","tokenID":1002116,"participated":1290291000000,"precision":0,"num":1,"available":0,"reputation":"Pending","description":"Arcnet is a blockchain-based system of career-related nods - a labor market, certification and recruitment","issuedPercentage":45.965527333333334,"nrOfTokenHolders":1136,"voteScore":0,"dateCreated":1550649681000,"price":1000000,"percentage":0,"startTime":1550696400000,"id":1002116,"issued":6.8948291E7,"trxNum":1000000,"abbr":"ARC","email":"","website":"no_message","github":"no_message","level":"1","availableSupply":0,"totalSupply":150000000,"index":18,"frozenTotal":0,"frozen":[],"canShow":1,"remaining":8.1051709E7,"url":"https://arcnet.io","frozenPercentage":0,"imgUrl":"https://coin.top/production/logo/1002116.png","isBlack":false,"new_social_media":"","remainingPercentage":0,"name":"Arcnet","ownerAddress":"TAEvo6MgLgV3A75L3cr3BAsLDJikWcAt3j","endTime":1613854800000,"white_paper":"https://arcnet.io/en/white-paper","social_media":[{"name":"Twitter","url":"https://twitter.com/arcnet_io"},{"name":"Weibo","url":""},{"name":"Facebook","url":"https://www.facebook.com/arcnet.network/"},{"name":"Reddit","url":""},{"name":"Telegram","url":"https://t.me/arcnet_io"},{"name":"Steem","url":""},{"name":"Medium","url":"https://medium.com/arcnet-distributed-career-management"},{"name":"Wechat","url":""}]},{"totalTransactions":132,"country":"no_message","tokenID":1002119,"participated":1261815200000,"precision":1,"num":1000,"available":0,"reputation":"insufficient_message","description":"Bitcoin TRON  is an TRC10 token a platform that empowers and enhances the payment systems based on TRON blockchain technology .","issuedPercentage":0.01272639972,"nrOfTokenHolders":69,"voteScore":0,"dateCreated":1550667120000,"price":1000,"percentage":0,"startTime":1550682000000,"id":1002119,"issued":1.272639972E9,"trxNum":1000000,"abbr":"TRON","website":"no_message","github":"no_message","level":"0","availableSupply":0,"totalSupply":10000000000000,"index":19,"frozenTotal":0,"frozen":[],"canShow":1,"remaining":9.998727360028E12,"url":"https://bitcointron.xyz","frozenPercentage":0,"isBlack":false,"remainingPercentage":0,"name":"BitcoinTRON","ownerAddress":"TNvLgZm16trhQf1vcq9XSNwGRWrFcKCmLn","endTime":1756400400000,"white_paper":"no_message","social_media":[{"name":"Twitter","url":""},{"name":"Weibo","url":""},{"name":"Facebook","url":""},{"name":"Reddit","url":""},{"name":"Telegram","url":""},{"name":"Steem","url":""},{"name":"Medium","url":""},{"name":"Wechat","url":""}]},{"totalTransactions":0,"country":"no_message","tokenID":1002728,"participated":1170400000000,"precision":0,"num":1,"available":0,"reputation":"Pending","description":"Every year the United States gives away 50,000 US permanent resident cards (Green Cards)\n10% will be drawn from token holders every year.","issuedPercentage":0.0017474747474747474,"nrOfTokenHolders":3,"voteScore":0,"dateCreated":1571593014000,"price":700000000,"percentage":0,"startTime":1571608800000,"id":1002728,"issued":1730.0,"trxNum":700000000,"abbr":"GCL","website":"https://www.usgreencardoffice.com","github":"no_message","level":"0","availableSupply":0,"totalSupply":99000000,"index":20,"frozenTotal":0,"frozen":[],"canShow":1,"remaining":9.899827E7,"url":"https://www.usgreencardoffice.com","frozenPercentage":0,"imgUrl":"https://coin.top/production/upload/logo/1002728.jpeg?t=1580747405833","isBlack":false,"new_social_media":"[]","remainingPercentage":0,"name":"GreenCardLottery","ownerAddress":"TB1JPGiof981VoETbGj266hMMtTWQskrZ1","endTime":1640905200000,"white_paper":"no_message","social_media":[{"name":"Twitter","url":""},{"name":"Weibo","url":""},{"name":"Facebook","url":""},{"name":"Reddit","url":""},{"name":"Telegram","url":""},{"name":"Steem","url":""},{"name":"Medium","url":""},{"name":"Wechat","url":""}]}],"totalAll":2938}[\n]"
12:58:47.592 [TestNG-tests-1] DEBUG org.apache.http.impl.conn.DefaultClientConnection - Connection 0.0.0.0:61352<->18.216.178.128:80 closed
12:58:47.592 [TestNG-tests-1] DEBUG org.apache.http.impl.conn.PoolingClientConnectionManager - Connection released: [id: 66][route: {}->http://apilist.tronscan.org:80][total kept alive: 0; route allocated: 0 of 80; total allocated: 0 of 100]
12:58:47.593 [TestNG-tests-1] INFO tron.common.TronscanApiList - ----------------------------Print JSON Start---------------------------
12:58:47.593 [TestNG-tests-1] INFO tron.common.TronscanApiList - total:598
12:58:47.594 [TestNG-tests-1] INFO tron.common.TronscanApiList - data:[{"totalTransactions":7996,"country":"no_message","tokenID":1001466,"participated":91265385000000,"precision":0,"num":1,"available":0,"reputation":"Pending","description":"We develop hardware solutions for TRON blockchain. We are a recognized technological leader in the sector of nano- and microsystems.","issuedPercentage":85.30913869049999,"nrOfTokenHolders":6099,"voteScore":0,"dateCreated":1542667989000,"price":1000000,"percentage":0,"startTime":1542754800000,"id":1001466,"issued":853091386905,"trxNum":1000000,"abbr":"TX","email":"","website":"no_message","github":"no_message","level":"0","availableSupply":0,"totalSupply":1000000000000,"index":1,"frozenTotal":0,"frozen":[],"canShow":1,"remaining":146908613095,"url":"http://www.tronicsgroup-bourse.com/en/","frozenPercentage":0,"imgUrl":"https://coin.top/production/logo/1001466.png","isBlack":false,"new_social_media":"","remainingPercentage":0,"name":"Tronics","ownerAddress":"TGkTrnr7aBVVJA4rFrA7XdzCGkyFSABGT4","endTime":1632970800000,"white_paper":"no_message","social_media":[{"name":"Twitter","url":""},{"name":"Weibo","url":""},{"name":"Facebook","url":""},{"name":"Reddit","url":""},{"name":"Telegram","url":""},{"name":"Steem","url":""},{"name":"Medium","url":""},{"name":"Wechat","url":""}]},{"totalTransactions":14188,"country":"no_message","tokenID":1001517,"participated":59648362200000,"precision":0,"num":10,"available":0,"reputation":"Pending","description":"Intelligent enterprise powered with AI, Machine Learning and Predictive Analytics. Next generation deep learning AI for business.","issuedPercentage":97.1596620102,"nrOfTokenHolders":13678,"voteScore":0,"dateCreated":1542866079000,"price":100000,"percentage":0,"startTime":1542866400000,"id":1001517,"issued":971596620102,"trxNum":1000000,"abbr":"SAPL","email":"","website":"no_message","github":"no_message","level":"0","availableSupply":0,"totalSupply":1000000000000,"index":2,"frozenTotal":0,"frozen":[],"canShow":1,"remaining":28403379898,"url":"https://www.sap.com/products/leonardo/machine-learning.html","frozenPercentage":0,"imgUrl":"https://coin.top/production/logo/1001517.png","isBlack":false,"new_social_media":"","remainingPercentage":0,"name":"Leonardo","ownerAddress":"TMgC4y5btvtZfhUZYSBcM2Cx2YbNYnVoLm","endTime":1632970800000,"white_paper":"no_message","social_media":[{"name":"Twitter","url":""},{"name":"Weibo","url":""},{"name":"Facebook","url":""},{"name":"Reddit","url":""},{"name":"Telegram","url":""},{"name":"Steem","url":""},{"name":"Medium","url":""},{"name":"Wechat","url":""}]},{"totalTransactions":155,"country":"no_message","tokenID":1000526,"participated":59338034403586,"precision":0,"num":10,"available":0,"reputation":"insufficient_message","description":"The main focus area of our company is the development of cryptographic hardware, creation of blockchain technology-based solutions and provision of remote hardware access services. ","issuedPercentage":76.15032501920001,"nrOfTokenHolders":320,"voteScore":0,"dateCreated":1534217802000,"price":100000,"percentage":0,"startTime":1534304046000,"id":1000526,"issued":761503250192.0001,"trxNum":1000000,"abbr":"HSC","website":"no_message","github":"no_message","level":"0","availableSupply":0,"totalSupply":1000000000000,"index":3,"frozenTotal":0,"frozen":[],"canShow":1,"remaining":238496749807.99988,"url":"https://www.hashcoins.com/","frozenPercentage":0,"isBlack":false,"remainingPercentage":0,"name":"HashCoin","ownerAddress":"TN8p9sUqKgdnvWqbE4dCq6bTV6GhkpZhXP","endTime":1640966400000,"white_paper":"no_message","social_media":[{"name":"Twitter","url":""},{"name":"Weibo","url":""},{"name":"Facebook","url":""},{"name":"Reddit","url":""},{"name":"Telegram","url":""},{"name":"Steem","url":""},{"name":"Medium","url":""},{"name":"Wechat","url":""}]},{"totalTransactions":4720,"country":"no_message","tokenID":1001538,"participated":45943184000000,"precision":0,"num":10,"available":0,"reputation":"Pending","description":"We are the best hardware wallet.Will support btc,eth,trx,eos ....","issuedPercentage":20.105669323809526,"nrOfTokenHolders":3216,"voteScore":0,"dateCreated":1543030197000,"price":100000,"percentage":0,"startTime":1543032000000,"id":1001538,"issued":4222190558.0000005,"trxNum":1000000,"abbr":"FT","email":"","website":"no_message","github":"no_message","level":"0","availableSupply":0,"totalSupply":21000000000,"index":4,"frozenTotal":0,"frozen":[],"canShow":1,"remaining":16777809442,"url":"https://www.ftsafe.com/Products/BlockChain","frozenPercentage":0,"imgUrl":"https://coin.top/production/logo/1001538.png","isBlack":false,"new_social_media":"","remainingPercentage":0,"name":"FEITIANWALLET","ownerAddress":"TXzNq6xAJhLDenBwsuSYLirNxjKVLviJEn","endTime":1608825600000,"white_paper":"no_message","social_media":[{"name":"Twitter","url":""},{"name":"Weibo","url":""},{"name":"Facebook","url":""},{"name":"Reddit","url":""},{"name":"Telegram","url":""},{"name":"Steem","url":""},{"name":"Medium","url":""},{"name":"Wechat","url":""}]},{"totalTransactions":30,"country":"no_message","tokenID":1001706,"participated":44332569000000,"precision":0,"num":1,"available":0,"reputation":"insufficient_message","description":"TRXLotto is used to develop a decentralized gambling & lottery platform based on Tron network.","issuedPercentage":90.95387128080809,"nrOfTokenHolders":58,"voteScore":0,"dateCreated":1544409321000,"price":1000000,"percentage":0,"startTime":1544416200000,"id":1001706,"issued":90044332568,"trxNum":1000000,"abbr":"TLOT","website":"no_message","github":"no_message","level":"0","availableSupply":0,"totalSupply":99000000000,"index":5,"frozenTotal":0,"frozen":[],"canShow":1,"remaining":8955667432,"url":"https://trxlottery.club","frozenPercentage":0,"isBlack":false,"remainingPercentage":0,"name":"TRXLotto","ownerAddress":"TCx2qKJhB5oBtTosznvN4ec2A6ahuviDtU","endTime":1609423800000,"white_paper":"no_message","social_media":[{"name":"Twitter","url":""},{"name":"Weibo","url":""},{"name":"Facebook","url":""},{"name":"Reddit","url":""},{"name":"Telegram","url":""},{"name":"Steem","url":""},{"name":"Medium","url":""},{"name":"Wechat","url":""}]},{"totalTransactions":65451,"country":"no_message","tokenID":1002222,"participated":44320779600000,"precision":0,"num":10,"available":0,"reputation":"insufficient_message","description":"TokenPays focuses on token economy.","issuedPercentage":90.44320849600001,"nrOfTokenHolders":46791,"voteScore":0,"dateCreated":1553475339000,"price":100000,"percentage":0,"startTime":1553529600000,"id":1002222,"issued":90443208496.00002,"trxNum":1000000,"abbr":"TPS","website":"no_message","github":"no_message","level":"0","availableSupply":0,"totalSupply":100000000000,"index":6,"frozenTotal":0,"frozen":[],"canShow":1,"remaining":9556791503.999985,"url":"https://tokenpays.org","frozenPercentage":0,"isBlack":false,"remainingPercentage":0,"name":"TokenPays","ownerAddress":"TTTS8DESgwTvRgD7mtTKms6zTmP1i8EJEB","endTime":1609344000000,"white_paper":"no_message","social_media":[{"name":"Twitter","url":""},{"name":"Weibo","url":""},{"name":"Facebook","url":""},{"name":"Reddit","url":""},{"name":"Telegram","url":""},{"name":"Steem","url":""},{"name":"Medium","url":""},{"name":"Wechat","url":""}]},{"totalTransactions":57419,"country":"no_message","tokenID":1001411,"participated":41638901000000,"precision":0,"num":1,"available":0,"reputation":"Pending","description":"Decentralized global payment system which already successfully unify traders, companies and individuals wishing to use cryptocurrencies without the risk of volatility.","issuedPercentage":99.1895037,"nrOfTokenHolders":29978,"voteScore":0,"dateCreated":1542440031000,"price":1000000,"percentage":0,"startTime":1542441600000,"id":1001411,"issued":1983790074,"trxNum":1000000,"abbr":"CBC","email":"","website":"no_message","github":"no_message","level":"0","availableSupply":0,"totalSupply":2000000000,"index":7,"frozenTotal":0,"frozen":[],"canShow":1,"remaining":16209926,"url":"https://cryptobank.co/","frozenPercentage":0,"imgUrl":"https://coin.top/production/logo/1001411.png","isBlack":false,"new_social_media":"","remainingPercentage":0,"name":"CryptoBankCoin","ownerAddress":"TPL6zNujtEQ8kp213n58UxAhGRCU3aozkc","endTime":1630378800000,"white_paper":"no_message","social_media":[{"name":"Twitter","url":""},{"name":"Weibo","url":""},{"name":"Facebook","url":""},{"name":"Reddit","url":""},{"name":"Telegram","url":""},{"name":"Steem","url":""},{"name":"Medium","url":""},{"name":"Wechat","url":""}]},{"totalTransactions":18815,"country":"no_message","tokenID":1000564,"participated":40329207000000,"precision":0,"num":1,"available":0,"reputation":"insufficient_message","description":"People can pay with LCC in hotels and casinos in Las Vegas. When LCC hits the Cryptocurrency Exchange, the initial price is 0.1 USD. Buy more, earn more!","issuedPercentage":47.9105385,"nrOfTokenHolders":15440,"voteScore":0,"dateCreated":1534421895000,"price":1000000,"percentage":0,"startTime":1534507431000,"id":1000564,"issued":479105385,"trxNum":1000000,"abbr":"LCC","website":"no_message","github":"no_message","level":"0","availableSupply":0,"totalSupply":1000000000,"index":8,"frozenTotal":0,"frozen":[],"canShow":1,"remaining":520894615,"url":"https://www.lasvegas.com/","frozenPercentage":0,"isBlack":false,"remainingPercentage":0,"name":"LuckyChipsCoin","ownerAddress":"TYMmLJeReBpsGT1nA51LkjJf3ipP9JD2ej","endTime":1608739200000,"white_paper":"no_message","social_media":[{"name":"Twitter","url":""},{"name":"Weibo","url":""},{"name":"Facebook","url":""},{"name":"Reddit","url":""},{"name":"Telegram","url":""},{"name":"Steem","url":""},{"name":"Medium","url":""},{"name":"Wechat","url":""}]},{"totalTransactions":30544,"country":"no_message","tokenID":1000096,"participated":16947835850000,"precision":0,"num":10,"available":0,"reputation":"insufficient_message","description":"U Run It - is the only gambling platform 100% managed by its community.  Players control the house, host all the games and receive most of the profit.","issuedPercentage":99.82195725,"nrOfTokenHolders":16077,"voteScore":0,"dateCreated":1531581699000,"price":100000,"percentage":0,"startTime":1531667655000,"id":1000096,"issued":798575658,"trxNum":1000000,"abbr":"URUN","website":"no_message","github":"no_message","level":"0","availableSupply":0,"totalSupply":800000000,"index":9,"frozenTotal":0,"frozen":[],"canShow":1,"remaining":1424342.0,"url":"https://urunit.io","frozenPercentage":0,"isBlack":false,"remainingPercentage":0,"name":"URUNIT","ownerAddress":"TSfjkVSKJGW4aybDQcxi4bpythU7WCXV3v","endTime":1593572400000,"white_paper":"no_message","social_media":[{"name":"Twitter","url":""},{"name":"Weibo","url":""},{"name":"Facebook","url":""},{"name":"Reddit","url":""},{"name":"Telegram","url":""},{"name":"Steem","url":""},{"name":"Medium","url":""},{"name":"Wechat","url":""}]},{"totalTransactions":2068,"country":"no_message","tokenID":1002671,"participated":10506837102006,"precision":6,"num":1000000,"available":0,"reputation":"Pending","description":"World Travel Blockchain (WTB) is built on the Tron Network Blockchain platform, allowing all travel industry users to join a unified network to enjoy the most preferential benefits in the ecosystem.","issuedPercentage":25.685926756845973,"nrOfTokenHolders":1391,"voteScore":0,"dateCreated":1570300614000,"price":6,"percentage":0,"startTime":1570640400000,"id":1002671,"issued":1001751143516993,"trxNum":6000000,"abbr":"WTB","email":"contact@worldtravelblockchain.io","website":"https://www.\u001Dworldtravelblockchain.io/","github":"https://github.com/worldtravelchain","level":"1","availableSupply":0,"totalSupply":3900000000000000,"index":10,"frozenTotal":0,"frozen":[],"canShow":1,"remaining":2898248856483007,"url":"https://www.\u001Dworldtravelblockchain.io/","frozenPercentage":0,"imgUrl":"https://coin.top/production/upload/logo/1002671.png?t=1571484281185","isBlack":false,"new_social_media":"[{\"method\":\"Twitter\",\"active\":true,\"link\":[\"https:\\/\\/twitter.com\\/travelschain \"]},{\"method\":\"Facebook\",\"active\":true,\"link\":[\"https:\\/\\/www.facebook.com\\/WorldTravelBlockchain\\/ \",\"https:\\/\\/www.facebook.com\\/groups\\/TravelBlockchain\\/ \"]},{\"method\":\"Telegram\",\"active\":true,\"link\":[\"https:\\/\\/t.me\\/WorldTravelBlockchainCommunity \",\"https:\\/\\/t.me\\/WorldTravelBlockchainChannel \"]},{\"method\":\"Reddit\",\"active\":true,\"link\":[\"https:\\/\\/www.reddit.com\\/user\\/WTBlockchain \"]},{\"method\":\"Medium\",\"active\":true,\"link\":[\"https:\\/\\/medium.com\\/@worldtravelblockchain\"]},{\"method\":\"Instagram\",\"active\":true,\"link\":[\"https:\\/\\/www.instagram.com\\/worldtravelblockchain\\/ \"]}]","remainingPercentage":0,"name":"WorldTravelBlockchain","ownerAddress":"TDQ5q4Hf6UqR43Smp67sndMQfdTcGgP88s","endTime":1589043600000,"white_paper":"http://bit.ly/WhitePaperWorldTravelBlockchain","social_media":[{"name":"Twitter","url":""},{"name":"Weibo","url":""},{"name":"Facebook","url":""},{"name":"Reddit","url":""},{"name":"Telegram","url":""},{"name":"Steem","url":""},{"name":"Medium","url":""},{"name":"Wechat","url":""}]},{"totalTransactions":17,"country":"no_message","tokenID":1000939,"participated":8815351000000,"precision":0,"num":1,"available":0,"reputation":"Pending","description":"The most advanced blockchain and cloud cybersecurity platform that protects data using an open, proactive, and AI-driven approach. We revolutionize the way cyber security works!","issuedPercentage":71.715351,"nrOfTokenHolders":39,"voteScore":0,"dateCreated":1537497522000,"price":1000000,"percentage":0,"startTime":1537498800000,"id":1000939,"issued":71715351,"trxNum":1000000,"abbr":"REV","email":"","website":"https://www.symantec.com/","github":"no_message","level":"0","availableSupply":0,"totalSupply":100000000,"index":11,"frozenTotal":0,"frozen":[],"canShow":1,"remaining":28284649,"url":"https://www.symantec.com/","frozenPercentage":0,"imgUrl":"https://coin.top/production/upload/logo/1000939.png?t=1571976864364","isBlack":false,"new_social_media":"[]","remainingPercentage":0,"name":"REVOLUTION","ownerAddress":"TGQ9S7LSfTX641R8HJjpFYoZdhadfiZpjV","endTime":1664593200000,"white_paper":"no_message","social_media":[{"name":"Twitter","url":""},{"name":"Weibo","url":""},{"name":"Facebook","url":""},{"name":"Reddit","url":""},{"name":"Telegram","url":""},{"name":"Steem","url":""},{"name":"Medium","url":""},{"name":"Wechat","url":""}]},{"totalTransactions":12086,"country":"no_message","tokenID":1000093,"participated":6396498000000,"precision":0,"num":1,"available":0,"reputation":"insufficient_message","description":"Power by Eiichiro Oda, Can be used to pay for the surrounding of One Piece.","issuedPercentage":91.007592584,"nrOfTokenHolders":7537,"voteScore":0,"dateCreated":1531560972000,"price":1000000,"percentage":0,"startTime":1531646358000,"id":1000093,"issued":91007592584,"trxNum":1000000,"abbr":"OPC","website":"no_message","github":"no_message","level":"0","availableSupply":0,"totalSupply":100000000000,"index":12,"frozenTotal":0,"frozen":[],"canShow":1,"remaining":8992407416,"url":"OnePiece","frozenPercentage":0,"isBlack":false,"remainingPercentage":0,"name":"OnePiece","ownerAddress":"TVd7DoAg9g7E6fDmLybvFRZEGup4o1fg79","endTime":1671811200000,"white_paper":"no_message","social_media":[{"name":"Twitter","url":""},{"name":"Weibo","url":""},{"name":"Facebook","url":""},{"name":"Reddit","url":""},{"name":"Telegram","url":""},{"name":"Steem","url":""},{"name":"Medium","url":""},{"name":"Wechat","url":""}]},{"totalTransactions":3861,"country":"no_message","tokenID":1002197,"participated":6266298000000,"precision":0,"num":1,"available":0,"reputation":"insufficient_message","description":"Crypto Currency Being Brought To The World By Use On The Tron Network! Airdrops As Well","issuedPercentage":0.270750755,"nrOfTokenHolders":222,"voteScore":0,"dateCreated":1552953975000,"price":1000000,"percentage":0,"startTime":1552978800000,"id":1002197,"issued":54150151,"trxNum":1000000,"abbr":"WTRX","website":"no_message","github":"no_message","level":"0","availableSupply":0,"totalSupply":20000000000,"index":13,"frozenTotal":0,"frozen":[],"canShow":1,"remaining":19945849849,"url":"Worldwidetrx.com","frozenPercentage":0,"isBlack":false,"remainingPercentage":0,"name":"WorldwideTRX","ownerAddress":"TKQRjFrBsa5PpDSEqQryt4BnFU5A4Gb2cY","endTime":1616223600000,"white_paper":"no_message","social_media":[{"name":"Twitter","url":""},{"name":"Weibo","url":""},{"name":"Facebook","url":""},{"name":"Reddit","url":""},{"name":"Telegram","url":""},{"name":"Steem","url":""},{"name":"Medium","url":""},{"name":"Wechat","url":""}]},{"totalTransactions":205,"country":"no_message","tokenID":1000012,"participated":6097224199776,"precision":0,"num":10,"available":0,"reputation":"insufficient_message","description":"TRXCash(TRXC) is an intelligent high-speed distributed network based on TRX. TRXCash proposes future-oriented incentive and consensus algorithm, aiming for a continuously improving ecosystem.","issuedPercentage":31.5847339,"nrOfTokenHolders":266,"voteScore":0,"dateCreated":1530158235000,"price":100000,"percentage":0,"startTime":1530417627000,"id":1000012,"issued":315847339,"trxNum":1000000,"abbr":"TRXC","website":"no_message","github":"no_message","level":"0","availableSupply":0,"totalSupply":1000000000,"index":14,"frozenTotal":0,"frozen":[],"canShow":1,"remaining":684152661,"url":"http://trxcash.org","frozenPercentage":0,"isBlack":false,"remainingPercentage":0,"name":"TRXCash","ownerAddress":"THs5b6Nt8q4NxaFiQPcaSRfXscdjqXfteG","endTime":1924876800000,"white_paper":"no_message","social_media":[{"name":"Twitter","url":""},{"name":"Weibo","url":""},{"name":"Facebook","url":""},{"name":"Reddit","url":""},{"name":"Telegram","url":""},{"name":"Steem","url":""},{"name":"Medium","url":""},{"name":"Wechat","url":""}]},{"totalTransactions":15653,"country":"no_message","tokenID":1000011,"participated":5878968880000,"precision":0,"num":10,"available":0,"reputation":"insufficient_message","description":"The Decentralized Application King. Staying true to Tron's TRC protocol, Tron Cash is the only viable alternative for dApps due to its extreme speed, scalability and near zero transaction fees.","issuedPercentage":41.76193133333334,"nrOfTokenHolders":3488,"voteScore":0,"dateCreated":1530149898000,"price":100000,"percentage":0,"startTime":1530235389000,"id":1000011,"issued":62642897.00000001,"trxNum":1000000,"abbr":"TRXC","website":"no_message","github":"no_message","level":"0","availableSupply":0,"totalSupply":150000000,"index":15,"frozenTotal":0,"frozen":[],"canShow":1,"remaining":87357103,"url":"http://www.troncash.network","frozenPercentage":0,"isBlack":false,"remainingPercentage":0,"name":"TronCash","ownerAddress":"TJdSvPXNCF7fKUjxoagmupEzjc1TVVY1NR","endTime":1593109800000,"white_paper":"no_message","social_media":[{"name":"Twitter","url":""},{"name":"Weibo","url":""},{"name":"Facebook","url":""},{"name":"Reddit","url":""},{"name":"Telegram","url":""},{"name":"Steem","url":""},{"name":"Medium","url":""},{"name":"Wechat","url":""}]},{"totalTransactions":0,"country":"no_message","tokenID":1002749,"participated":5527035000000,"precision":6,"num":1000000,"available":0,"reputation":"insufficient_message","description":"Let's Order Tron Chicken with Samsung Blockchain Keystore Security App.","issuedPercentage":11.054070000000001,"nrOfTokenHolders":6,"voteScore":0,"dateCreated":1572716484000,"price":1,"percentage":0,"startTime":1572793200000,"id":1002749,"issued":5527035000000.001,"trxNum":1000000,"abbr":"TCK","website":"no_message","github":"no_message","level":"0","availableSupply":0,"totalSupply":50000000000000,"index":16,"frozenTotal":0,"frozen":[],"canShow":1,"remaining":4.4472965E+13,"url":"tronchicken.com","frozenPercentage":0,"isBlack":false,"remainingPercentage":0,"name":"TronChicken","ownerAddress":"TTswobQzKQzSaAdPiCQJa2cMViVSj6mz9H","endTime":1672412400000,"white_paper":"no_message","social_media":[{"name":"Twitter","url":""},{"name":"Weibo","url":""},{"name":"Facebook","url":""},{"name":"Reddit","url":""},{"name":"Telegram","url":""},{"name":"Steem","url":""},{"name":"Medium","url":""},{"name":"Wechat","url":""}]},{"totalTransactions":13,"country":"no_message","tokenID":1002414,"participated":1707837250000,"precision":6,"num":1000000,"available":0,"reputation":"Pending","description":"Amazon Loyalty Token is a TRON blockchain-based ecosystem for loyalty rewards programs, linking both crypto and traditional consumer communities. ","issuedPercentage":1.0136395923125,"nrOfTokenHolders":23,"voteScore":0,"dateCreated":1557599067000,"price":4,"percentage":0,"startTime":1557612000000,"id":1002414,"issued":1013639592312499.9,"trxNum":4000000,"abbr":"AMZ","email":"amazontoken@yahoo.com","website":"https://www.amazon.com","github":"no_message","level":"0","availableSupply":0,"totalSupply":100000000000000000,"index":17,"frozenTotal":0,"frozen":[],"canShow":1,"remaining":98986360407687504,"url":"https://www.amazon.com","frozenPercentage":0,"imgUrl":"https://coin.top/production/upload/logo/1002414.png?t=1580672530954","isBlack":false,"new_social_media":"[]","remainingPercentage":0,"name":"AmazonLoyaltyToken","ownerAddress":"TKjFUexJWWphBJG6GcKNSPNW5vnzFXN8SQ","endTime":1640905200000,"white_paper":"no_message","social_media":[{"name":"Twitter","url":""},{"name":"Weibo","url":""},{"name":"Facebook","url":""},{"name":"Reddit","url":""},{"name":"Telegram","url":""},{"name":"Steem","url":""},{"name":"Medium","url":""},{"name":"Wechat","url":""}]},{"totalTransactions":1372,"country":"Armenia","tokenID":1002116,"participated":1290291000000,"precision":0,"num":1,"available":0,"reputation":"Pending","description":"Arcnet is a blockchain-based system of career-related nods - a labor market, certification and recruitment","issuedPercentage":45.965527333333334,"nrOfTokenHolders":1136,"voteScore":0,"dateCreated":1550649681000,"price":1000000,"percentage":0,"startTime":1550696400000,"id":1002116,"issued":68948291,"trxNum":1000000,"abbr":"ARC","email":"","website":"no_message","github":"no_message","level":"1","availableSupply":0,"totalSupply":150000000,"index":18,"frozenTotal":0,"frozen":[],"canShow":1,"remaining":81051709,"url":"https://arcnet.io","frozenPercentage":0,"imgUrl":"https://coin.top/production/logo/1002116.png","isBlack":false,"new_social_media":"","remainingPercentage":0,"name":"Arcnet","ownerAddress":"TAEvo6MgLgV3A75L3cr3BAsLDJikWcAt3j","endTime":1613854800000,"white_paper":"https://arcnet.io/en/white-paper","social_media":[{"name":"Twitter","url":"https://twitter.com/arcnet_io"},{"name":"Weibo","url":""},{"name":"Facebook","url":"https://www.facebook.com/arcnet.network/"},{"name":"Reddit","url":""},{"name":"Telegram","url":"https://t.me/arcnet_io"},{"name":"Steem","url":""},{"name":"Medium","url":"https://medium.com/arcnet-distributed-career-management"},{"name":"Wechat","url":""}]},{"totalTransactions":132,"country":"no_message","tokenID":1002119,"participated":1261815200000,"precision":1,"num":1000,"available":0,"reputation":"insufficient_message","description":"Bitcoin TRON  is an TRC10 token a platform that empowers and enhances the payment systems based on TRON blockchain technology .","issuedPercentage":0.01272639972,"nrOfTokenHolders":69,"voteScore":0,"dateCreated":1550667120000,"price":1000,"percentage":0,"startTime":1550682000000,"id":1002119,"issued":1272639972,"trxNum":1000000,"abbr":"TRON","website":"no_message","github":"no_message","level":"0","availableSupply":0,"totalSupply":10000000000000,"index":19,"frozenTotal":0,"frozen":[],"canShow":1,"remaining":9998727360028,"url":"https://bitcointron.xyz","frozenPercentage":0,"isBlack":false,"remainingPercentage":0,"name":"BitcoinTRON","ownerAddress":"TNvLgZm16trhQf1vcq9XSNwGRWrFcKCmLn","endTime":1756400400000,"white_paper":"no_message","social_media":[{"name":"Twitter","url":""},{"name":"Weibo","url":""},{"name":"Facebook","url":""},{"name":"Reddit","url":""},{"name":"Telegram","url":""},{"name":"Steem","url":""},{"name":"Medium","url":""},{"name":"Wechat","url":""}]},{"totalTransactions":0,"country":"no_message","tokenID":1002728,"participated":1170400000000,"precision":0,"num":1,"available":0,"reputation":"Pending","description":"Every year the United States gives away 50,000 US permanent resident cards (Green Cards)\n10% will be drawn from token holders every year.","issuedPercentage":0.0017474747474747474,"nrOfTokenHolders":3,"voteScore":0,"dateCreated":1571593014000,"price":700000000,"percentage":0,"startTime":1571608800000,"id":1002728,"issued":1730.0,"trxNum":700000000,"abbr":"GCL","website":"https://www.usgreencardoffice.com","github":"no_message","level":"0","availableSupply":0,"totalSupply":99000000,"index":20,"frozenTotal":0,"frozen":[],"canShow":1,"remaining":9.899827E+7,"url":"https://www.usgreencardoffice.com","frozenPercentage":0,"imgUrl":"https://coin.top/production/upload/logo/1002728.jpeg?t=1580747405833","isBlack":false,"new_social_media":"[]","remainingPercentage":0,"name":"GreenCardLottery","ownerAddress":"TB1JPGiof981VoETbGj266hMMtTWQskrZ1","endTime":1640905200000,"white_paper":"no_message","social_media":[{"name":"Twitter","url":""},{"name":"Weibo","url":""},{"name":"Facebook","url":""},{"name":"Reddit","url":""},{"name":"Telegram","url":""},{"name":"Steem","url":""},{"name":"Medium","url":""},{"name":"Wechat","url":""}]}]
12:58:47.594 [TestNG-tests-1] INFO tron.common.TronscanApiList - totalAll:2938
12:58:47.594 [TestNG-tests-1] INFO tron.common.TronscanApiList - JSON content size are: 3
12:58:47.594 [TestNG-tests-1] INFO tron.common.TronscanApiList - ----------------------------Print JSON End-----------------------------
]]></system-out>
  <system-err><![CDATA[]]></system-err>
</testsuite>
