<?xml version="1.0" encoding="UTF-8"?>
<testsuite name="tron.tronscan.api.OverViewList" tests="1" skipped="0" failures="0" errors="0" timestamp="2020-03-27T04:57:45" hostname="zhukaideiMac.local" time="0.638">
  <properties/>
  <testcase name="getOverViewList" classname="tron.tronscan.api.OverViewList" time="0.638"/>
  <system-out><![CDATA[http://apilist.tronscan.org/api/stats/overview
12:57:45.466 [TestNG-tests-1] DEBUG org.apache.http.impl.conn.PoolingClientConnectionManager - Connection request: [route: {}->http://apilist.tronscan.org:80][total kept alive: 0; route allocated: 0 of 80; total allocated: 0 of 100]
12:57:45.466 [TestNG-tests-1] DEBUG org.apache.http.impl.conn.PoolingClientConnectionManager - Connection leased: [id: 23][route: {}->http://apilist.tronscan.org:80][total kept alive: 0; route allocated: 1 of 80; total allocated: 1 of 100]
12:57:45.466 [TestNG-tests-1] DEBUG org.apache.http.impl.conn.DefaultClientConnectionOperator - Connecting to apilist.tronscan.org:80
12:57:45.741 [TestNG-tests-1] DEBUG org.apache.http.client.protocol.RequestAddCookies - CookieSpec selected: default
12:57:45.741 [TestNG-tests-1] DEBUG org.apache.http.client.protocol.RequestAuthCache - Auth cache not set in the context
12:57:45.741 [TestNG-tests-1] DEBUG org.apache.http.client.protocol.RequestTargetAuthentication - Target auth state: UNCHALLENGED
12:57:45.741 [TestNG-tests-1] DEBUG org.apache.http.client.protocol.RequestProxyAuthentication - Proxy auth state: UNCHALLENGED
12:57:45.741 [TestNG-tests-1] DEBUG org.apache.http.impl.client.DefaultHttpClient - Attempt 1 to execute request
12:57:45.741 [TestNG-tests-1] DEBUG org.apache.http.impl.conn.DefaultClientConnection - Sending request: GET /api/stats/overview HTTP/1.1
12:57:45.741 [TestNG-tests-1] DEBUG org.apache.http.wire -  >> "GET /api/stats/overview HTTP/1.1[\r][\n]"
12:57:45.741 [TestNG-tests-1] DEBUG org.apache.http.wire -  >> "Content-type: application/json; charset=utf-8[\r][\n]"
12:57:45.741 [TestNG-tests-1] DEBUG org.apache.http.wire -  >> "Connection: Close[\r][\n]"
12:57:45.741 [TestNG-tests-1] DEBUG org.apache.http.wire -  >> "Host: apilist.tronscan.org[\r][\n]"
12:57:45.741 [TestNG-tests-1] DEBUG org.apache.http.wire -  >> "User-Agent: Apache-HttpClient/4.5.3 (Java/1.8.0_211)[\r][\n]"
12:57:45.741 [TestNG-tests-1] DEBUG org.apache.http.wire -  >> "[\r][\n]"
12:57:45.741 [TestNG-tests-1] DEBUG org.apache.http.headers - >> GET /api/stats/overview HTTP/1.1
12:57:45.741 [TestNG-tests-1] DEBUG org.apache.http.headers - >> Content-type: application/json; charset=utf-8
12:57:45.741 [TestNG-tests-1] DEBUG org.apache.http.headers - >> Connection: Close
12:57:45.741 [TestNG-tests-1] DEBUG org.apache.http.headers - >> Host: apilist.tronscan.org
12:57:45.741 [TestNG-tests-1] DEBUG org.apache.http.headers - >> User-Agent: Apache-HttpClient/4.5.3 (Java/1.8.0_211)
12:57:46.102 [TestNG-tests-1] DEBUG org.apache.http.wire -  << "HTTP/1.1 200 OK[\r][\n]"
12:57:46.103 [TestNG-tests-1] DEBUG org.apache.http.wire -  << "Server: nginx[\r][\n]"
12:57:46.103 [TestNG-tests-1] DEBUG org.apache.http.wire -  << "Date: Fri, 27 Mar 2020 04:57:46 GMT[\r][\n]"
12:57:46.103 [TestNG-tests-1] DEBUG org.apache.http.wire -  << "Content-Type: application/json;charset=utf-8[\r][\n]"
12:57:46.103 [TestNG-tests-1] DEBUG org.apache.http.wire -  << "Content-Length: 7749[\r][\n]"
12:57:46.103 [TestNG-tests-1] DEBUG org.apache.http.wire -  << "Connection: close[\r][\n]"
12:57:46.103 [TestNG-tests-1] DEBUG org.apache.http.wire -  << "Vary: Accept-Encoding[\r][\n]"
12:57:46.103 [TestNG-tests-1] DEBUG org.apache.http.wire -  << "Access-Control-Allow-Origin: *[\r][\n]"
12:57:46.103 [TestNG-tests-1] DEBUG org.apache.http.wire -  << "Access-Control-Allow-Headers: DNT,X-Mx-ReqToken,Keep-Alive,User-Agent,X-Requested-With,If-Modified-Since,Cache-Control,Content-Type,Authorization[\r][\n]"
12:57:46.103 [TestNG-tests-1] DEBUG org.apache.http.wire -  << "Access-Control-Allow-Methods: GET,POST,PUT,DELETE,OPTIONS[\r][\n]"
12:57:46.103 [TestNG-tests-1] DEBUG org.apache.http.wire -  << "X-Proxy-Cache: EXPIRED[\r][\n]"
12:57:46.103 [TestNG-tests-1] DEBUG org.apache.http.wire -  << "[\r][\n]"
12:57:46.103 [TestNG-tests-1] DEBUG org.apache.http.impl.conn.DefaultClientConnection - Receiving response: HTTP/1.1 200 OK
12:57:46.103 [TestNG-tests-1] DEBUG org.apache.http.headers - << HTTP/1.1 200 OK
12:57:46.103 [TestNG-tests-1] DEBUG org.apache.http.headers - << Server: nginx
12:57:46.103 [TestNG-tests-1] DEBUG org.apache.http.headers - << Date: Fri, 27 Mar 2020 04:57:46 GMT
12:57:46.103 [TestNG-tests-1] DEBUG org.apache.http.headers - << Content-Type: application/json;charset=utf-8
12:57:46.103 [TestNG-tests-1] DEBUG org.apache.http.headers - << Content-Length: 7749
12:57:46.103 [TestNG-tests-1] DEBUG org.apache.http.headers - << Connection: close
12:57:46.103 [TestNG-tests-1] DEBUG org.apache.http.headers - << Vary: Accept-Encoding
12:57:46.103 [TestNG-tests-1] DEBUG org.apache.http.headers - << Access-Control-Allow-Origin: *
12:57:46.103 [TestNG-tests-1] DEBUG org.apache.http.headers - << Access-Control-Allow-Headers: DNT,X-Mx-ReqToken,Keep-Alive,User-Agent,X-Requested-With,If-Modified-Since,Cache-Control,Content-Type,Authorization
12:57:46.103 [TestNG-tests-1] DEBUG org.apache.http.headers - << Access-Control-Allow-Methods: GET,POST,PUT,DELETE,OPTIONS
12:57:46.103 [TestNG-tests-1] DEBUG org.apache.http.headers - << X-Proxy-Cache: EXPIRED
http://apilist.tronscan.org/api/stats/overview 请求总耗时：637 毫秒
12:57:46.103 [TestNG-tests-1] DEBUG org.apache.http.wire -  << "{"success":true,"data":[{"accountWithTrx":2954343,"date":1584057600000,"totalTransaction":917651309,"avgBlockTime":3,"avgBlockSize":14004,"totalBlockCount":17961264,"newAddressSeen":5968,"blockchainSize":289500273925,"totalAddress":4860202,"newBlockSeen":28759,"newTransactionSeen":1215046,"newTrigger":1002025,"newTrc10":2,"newTrc20":0,"totalTrc10":2913,"totalTrc20":2643,"triggers":789722020,"trx_transfer":92039,"trc10_transfer":111594,"freeze_transaction":2398,"vote_transaction":3143,"shielded_transaction":0,"other_transaction":2249},{"accountWithTrx":2957060,"date":1584144000000,"totalTransaction":918866545,"avgBlockTime":3,"avgBlockSize":14740,"totalBlockCount":17989887,"newAddressSeen":5795,"blockchainSize":289922203539,"totalAddress":4865997,"newBlockSeen":28623,"newTransactionSeen":1215236,"newTrigger":1044488,"newTrc10":1,"newTrc20":2,"totalTrc10":2914,"totalTrc20":2645,"triggers":790766508,"trx_transfer":88119,"trc10_transfer":73350,"freeze_transaction":2285,"vote_transaction":3357,"shielded_transaction":0,"other_transaction":2376},{"accountWithTrx":2961218,"date":1584230400000,"totalTransaction":920175348,"avgBlockTime":3,"avgBlockSize":16076,"totalBlockCount":18018654,"newAddressSeen":6049,"blockchainSize":290384667492,"totalAddress":4872046,"newBlockSeen":28767,"newTransactionSeen":1308803,"newTrigger":1158486,"newTrc10":1,"n"
12:57:46.103 [TestNG-tests-1] DEBUG org.apache.http.wire -  << "ewTrc20":1,"totalTrc10":2915,"totalTrc20":2646,"triggers":791924994,"trx_transfer":86953,"trc10_transfer":54067,"freeze_transaction":2372,"vote_transaction":3261,"shielded_transaction":0,"other_transaction":2155},{"accountWithTrx":2966727,"date":1584316800000,"totalTransaction":921342603,"avgBlockTime":3,"avgBlockSize":18531,"totalBlockCount":18043517,"newAddressSeen":8002,"blockchainSize":290845406626,"totalAddress":4880048,"newBlockSeen":24863,"newTransactionSeen":1167255,"newTrigger":1027392,"newTrc10":1,"newTrc20":17,"totalTrc10":2916,"totalTrc20":2663,"triggers":792952386,"trx_transfer":80177,"trc10_transfer":49924,"freeze_transaction":2160,"vote_transaction":2833,"shielded_transaction":0,"other_transaction":2100},{"accountWithTrx":2969785,"date":1584403200000,"totalTransaction":922601186,"avgBlockTime":3,"avgBlockSize":14123,"totalBlockCount":18072295,"newAddressSeen":6035,"blockchainSize":291251842588,"totalAddress":4886083,"newBlockSeen":28778,"newTransactionSeen":1258583,"newTrigger":1095125,"newTrc10":2,"newTrc20":3,"totalTrc10":2918,"totalTrc20":2666,"triggers":794047511,"trx_transfer":78082,"trc10_transfer":77462,"freeze_transaction":2337,"vote_transaction":3232,"shielded_transaction":0,"other_transaction":2386},{"accountWithTrx":2972962,"date":1584489600000,"totalTransaction":923962866,"avgBlockTime":3,"avgBlockSize":15088,"totalBlockCount":18101068,"newAddressSeen":5696,"blockchainSize":291685989511,"totalAddress":4891779,"newBlockSeen":28773,"newTransactionSeen":1361680,"newTrigger":1143422,"newTrc10":1,"newTrc20":0,"totalTrc10":2919,"totalTrc20":2666,"triggers":795190933,"trx_transfer":110007,"trc10_transfer":100472,"freeze_transaction":2263,"vote_transaction":3220,"shielded_transaction":0,"other_transaction":2296},{"accountWithTrx":2988803,"date":1584576000000,"totalTransaction":925389635,"avgBlockTime":3,"avgBlockSize":15937,"totalBlockCount":18129849,"newAddressSeen":18849,"blockchainSize":292144692613,"totalAddress":4910628,"newBlockSeen":28781,"newTransactionSeen":1426769,"newTrigger":1084140,"newTrc10":1,"newTrc20":10,"totalTrc10":2920,"totalTrc20":2676,"triggers":796275073,"trx_transfer":113865,"trc10_transfer":220762,"freeze_transaction":2274,"vote_transaction":3230,"shielded_transaction":0,"other_transaction":2498},{"accountWithTrx":2992695,"date":1584662400000,"totalTransaction":926577352,"avgBlockTime":3,"avgBlockSize":13928,"totalBlockCount":18158628,"newAddressSeen":6616,"blockchainSize":292545537820,"totalAddress":4917244,"newBlockSeen":28779,"newTransactionSeen":1187717,"newTrigger":1005370,"newTrc10":0,"newTrc20":9,"totalTrc10":2920,"totalTrc20":2685,"triggers":797280443,"trx_transfer":78599,"trc10_transfer":93307,"freeze_transaction":2285,"vote_transaction":3162,"shielded_transaction":0,"other_transaction":2539},{"accountWithTrx":2997601,"date":1584748800000,"totalTransaction":927913968,"avgBlockTime":3,"avgBlockSize":17514,"totalBlockCount":18187403,"newAddressSeen":7669,"blockchainSize":293049521396,"totalAddress":4924913,"newBlockSeen":28775,"newTransactionSeen":1336616,"newTrigger":1112867,"newTrc10":1,"newTrc20":0,"totalTrc10":2921,"totalTrc20":2685,"triggers":798393310,"trx_transfer":86359,"trc10_transfer":130100,"freeze_transaction":1981,"vote_transaction":2904,"shielded_transaction":0,"other_transaction":2405},{"accountWithTrx":3002299,"date":1584835200000,"totalTransaction":929164977,"avgBlockTime":3,"avgBlockSize":14280,"totalBlockCount":18216173,"newAddressSeen":8705,"blockchainSize":293460359020,"totalAddress":4933618,"newBlockSeen":28770,"newTransactionSeen":1251009,"newTrigger":1024733,"newTrc10":1,"newTrc20":0,"totalTrc10":2922,"totalTrc20":2685,"triggers":799418043,"trx_transfer":85541,"trc10_transfer":123862,"freeze_transaction":3322,"vote_transaction":3052,"shielded_transaction":0,"other_transaction":3560},{"accountWithTrx":3007272,"date":1584921600000,"totalTransaction":930354138,"avgBlockTime":3,"avgBlockSize":14322,"totalBlockCount":18244963,"newAddressSeen":8561,"blockchainSize":293872707492,"totalAddress":4942179,"newBlockSeen":28790,"newTra"
12:57:46.103 [TestNG-tests-1] DEBUG org.apache.http.wire -  << "nsactionSeen":1189161,"newTrigger":961280,"newTrc10":1,"newTrc20":3,"totalTrc10":2923,"totalTrc20":2688,"triggers":800379323,"trx_transfer":93050,"trc10_transfer":126450,"freeze_transaction":2504,"vote_transaction":2814,"shielded_transaction":0,"other_transaction":2648},{"accountWithTrx":3010687,"date":1585008000000,"totalTransaction":931461987,"avgBlockTime":3,"avgBlockSize":12855,"totalBlockCount":18273754,"newAddressSeen":7562,"blockchainSize":294242831015,"totalAddress":4949741,"newBlockSeen":28791,"newTransactionSeen":1107849,"newTrigger":0,"newTrc10":0,"newTrc20":3,"totalTrc10":2923,"totalTrc20":2691,"triggers":800379323,"trx_transfer":82483,"trc10_transfer":71418,"freeze_transaction":2240,"vote_transaction":3041,"shielded_transaction":0,"other_transaction":2412},{"accountWithTrx":3014360,"date":1585094400000,"totalTransaction":932646484,"avgBlockTime":3,"avgBlockSize":13582,"totalBlockCount":18302520,"newAddressSeen":6138,"blockchainSize":294633545134,"totalAddress":4955879,"newBlockSeen":28766,"newTransactionSeen":1184497,"newTrigger":1009142,"newTrc10":3,"newTrc20":0,"totalTrc10":2926,"totalTrc20":2691,"triggers":801388465,"trx_transfer":80044,"trc10_transfer":87311,"freeze_transaction":2362,"vote_transaction":3252,"shielded_transaction":0,"other_transaction":2454},{"accountWithTrx":3018042,"date":1585180800000,"totalTransacti"
12:57:46.103 [TestNG-tests-1] DEBUG org.apache.http.wire -  << "on":933845157,"avgBlockTime":3,"avgBlockSize":15260,"totalBlockCount":18331308,"newAddressSeen":6802,"blockchainSize":295072873825,"totalAddress":4962681,"newBlockSeen":28788,"newTransactionSeen":1198673,"newTrigger":1028467,"newTrc10":2,"newTrc20":1,"totalTrc10":2928,"totalTrc20":2692,"triggers":802416932,"trx_transfer":80132,"trc10_transfer":82302,"freeze_transaction":2145,"vote_transaction":3111,"shielded_transaction":0,"other_transaction":2516},{"accountWithTrx":3019321,"date":1585267200000,"totalTransaction":934107259,"avgBlockTime":3,"avgBlockSize":14433,"totalBlockCount":18337198,"newAddressSeen":1129,"blockchainSize":295157886884,"totalAddress":4963810,"newBlockSeen":5890,"newTransactionSeen":262102,"newTrigger":222884,"newTrc10":0,"newTrc20":0,"totalTrc10":2928,"totalTrc20":2692,"triggers":802639816,"trx_transfer":25463,"trc10_transfer":13808,"freeze_transaction":484,"vote_transaction":576,"shielded_transaction":0,"other_transaction":510}]}[\n]"
12:57:46.104 [TestNG-tests-1] DEBUG org.apache.http.impl.conn.DefaultClientConnection - Connection 0.0.0.0:61034<->18.216.178.128:80 closed
12:57:46.104 [TestNG-tests-1] DEBUG org.apache.http.impl.conn.PoolingClientConnectionManager - Connection released: [id: 23][route: {}->http://apilist.tronscan.org:80][total kept alive: 0; route allocated: 0 of 80; total allocated: 0 of 100]
12:57:46.104 [TestNG-tests-1] INFO tron.common.TronscanApiList - ----------------------------Print JSON Start---------------------------
12:57:46.104 [TestNG-tests-1] INFO tron.common.TronscanApiList - data:[{"date":1584057600000,"avgBlockSize":14004,"newTransactionSeen":1215046,"freeze_transaction":2398,"totalTransaction":917651309,"other_transaction":2249,"totalTrc20":2643,"shielded_transaction":0,"newAddressSeen":5968,"triggers":789722020,"newBlockSeen":28759,"avgBlockTime":3,"trx_transfer":92039,"totalBlockCount":17961264,"blockchainSize":289500273925,"trc10_transfer":111594,"vote_transaction":3143,"accountWithTrx":2954343,"newTrc10":2,"totalTrc10":2913,"totalAddress":4860202,"newTrigger":1002025,"newTrc20":0},{"date":1584144000000,"avgBlockSize":14740,"newTransactionSeen":1215236,"freeze_transaction":2285,"totalTransaction":918866545,"other_transaction":2376,"totalTrc20":2645,"shielded_transaction":0,"newAddressSeen":5795,"triggers":790766508,"newBlockSeen":28623,"avgBlockTime":3,"trx_transfer":88119,"totalBlockCount":17989887,"blockchainSize":289922203539,"trc10_transfer":73350,"vote_transaction":3357,"accountWithTrx":2957060,"newTrc10":1,"totalTrc10":2914,"totalAddress":4865997,"newTrigger":1044488,"newTrc20":2},{"date":1584230400000,"avgBlockSize":16076,"newTransactionSeen":1308803,"freeze_transaction":2372,"totalTransaction":920175348,"other_transaction":2155,"totalTrc20":2646,"shielded_transaction":0,"newAddressSeen":6049,"triggers":791924994,"newBlockSeen":28767,"avgBlockTime":3,"trx_transfer":86953,"totalBlockCount":18018654,"blockchainSize":290384667492,"trc10_transfer":54067,"vote_transaction":3261,"accountWithTrx":2961218,"newTrc10":1,"totalTrc10":2915,"totalAddress":4872046,"newTrigger":1158486,"newTrc20":1},{"date":1584316800000,"avgBlockSize":18531,"newTransactionSeen":1167255,"freeze_transaction":2160,"totalTransaction":921342603,"other_transaction":2100,"totalTrc20":2663,"shielded_transaction":0,"newAddressSeen":8002,"triggers":792952386,"newBlockSeen":24863,"avgBlockTime":3,"trx_transfer":80177,"totalBlockCount":18043517,"blockchainSize":290845406626,"trc10_transfer":49924,"vote_transaction":2833,"accountWithTrx":2966727,"newTrc10":1,"totalTrc10":2916,"totalAddress":4880048,"newTrigger":1027392,"newTrc20":17},{"date":1584403200000,"avgBlockSize":14123,"newTransactionSeen":1258583,"freeze_transaction":2337,"totalTransaction":922601186,"other_transaction":2386,"totalTrc20":2666,"shielded_transaction":0,"newAddressSeen":6035,"triggers":794047511,"newBlockSeen":28778,"avgBlockTime":3,"trx_transfer":78082,"totalBlockCount":18072295,"blockchainSize":291251842588,"trc10_transfer":77462,"vote_transaction":3232,"accountWithTrx":2969785,"newTrc10":2,"totalTrc10":2918,"totalAddress":4886083,"newTrigger":1095125,"newTrc20":3},{"date":1584489600000,"avgBlockSize":15088,"newTransactionSeen":1361680,"freeze_transaction":2263,"totalTransaction":923962866,"other_transaction":2296,"totalTrc20":2666,"shielded_transaction":0,"newAddressSeen":5696,"triggers":795190933,"newBlockSeen":28773,"avgBlockTime":3,"trx_transfer":110007,"totalBlockCount":18101068,"blockchainSize":291685989511,"trc10_transfer":100472,"vote_transaction":3220,"accountWithTrx":2972962,"newTrc10":1,"totalTrc10":2919,"totalAddress":4891779,"newTrigger":1143422,"newTrc20":0},{"date":1584576000000,"avgBlockSize":15937,"newTransactionSeen":1426769,"freeze_transaction":2274,"totalTransaction":925389635,"other_transaction":2498,"totalTrc20":2676,"shielded_transaction":0,"newAddressSeen":18849,"triggers":796275073,"newBlockSeen":28781,"avgBlockTime":3,"trx_transfer":113865,"totalBlockCount":18129849,"blockchainSize":292144692613,"trc10_transfer":220762,"vote_transaction":3230,"accountWithTrx":2988803,"newTrc10":1,"totalTrc10":2920,"totalAddress":4910628,"newTrigger":1084140,"newTrc20":10},{"date":1584662400000,"avgBlockSize":13928,"newTransactionSeen":1187717,"freeze_transaction":2285,"totalTransaction":926577352,"other_transaction":2539,"totalTrc20":2685,"shielded_transaction":0,"newAddressSeen":6616,"triggers":797280443,"newBlockSeen":28779,"avgBlockTime":3,"trx_transfer":78599,"totalBlockCount":18158628,"blockchainSize":292545537820,"trc10_transfer":93307,"vote_transaction":3162,"accountWithTrx":2992695,"newTrc10":0,"totalTrc10":2920,"totalAddress":4917244,"newTrigger":1005370,"newTrc20":9},{"date":1584748800000,"avgBlockSize":17514,"newTransactionSeen":1336616,"freeze_transaction":1981,"totalTransaction":927913968,"other_transaction":2405,"totalTrc20":2685,"shielded_transaction":0,"newAddressSeen":7669,"triggers":798393310,"newBlockSeen":28775,"avgBlockTime":3,"trx_transfer":86359,"totalBlockCount":18187403,"blockchainSize":293049521396,"trc10_transfer":130100,"vote_transaction":2904,"accountWithTrx":2997601,"newTrc10":1,"totalTrc10":2921,"totalAddress":4924913,"newTrigger":1112867,"newTrc20":0},{"date":1584835200000,"avgBlockSize":14280,"newTransactionSeen":1251009,"freeze_transaction":3322,"totalTransaction":929164977,"other_transaction":3560,"totalTrc20":2685,"shielded_transaction":0,"newAddressSeen":8705,"triggers":799418043,"newBlockSeen":28770,"avgBlockTime":3,"trx_transfer":85541,"totalBlockCount":18216173,"blockchainSize":293460359020,"trc10_transfer":123862,"vote_transaction":3052,"accountWithTrx":3002299,"newTrc10":1,"totalTrc10":2922,"totalAddress":4933618,"newTrigger":1024733,"newTrc20":0},{"date":1584921600000,"avgBlockSize":14322,"newTransactionSeen":1189161,"freeze_transaction":2504,"totalTransaction":930354138,"other_transaction":2648,"totalTrc20":2688,"shielded_transaction":0,"newAddressSeen":8561,"triggers":800379323,"newBlockSeen":28790,"avgBlockTime":3,"trx_transfer":93050,"totalBlockCount":18244963,"blockchainSize":293872707492,"trc10_transfer":126450,"vote_transaction":2814,"accountWithTrx":3007272,"newTrc10":1,"totalTrc10":2923,"totalAddress":4942179,"newTrigger":961280,"newTrc20":3},{"date":1585008000000,"avgBlockSize":12855,"newTransactionSeen":1107849,"freeze_transaction":2240,"totalTransaction":931461987,"other_transaction":2412,"totalTrc20":2691,"shielded_transaction":0,"newAddressSeen":7562,"triggers":800379323,"newBlockSeen":28791,"avgBlockTime":3,"trx_transfer":82483,"totalBlockCount":18273754,"blockchainSize":294242831015,"trc10_transfer":71418,"vote_transaction":3041,"accountWithTrx":3010687,"newTrc10":0,"totalTrc10":2923,"totalAddress":4949741,"newTrigger":0,"newTrc20":3},{"date":1585094400000,"avgBlockSize":13582,"newTransactionSeen":1184497,"freeze_transaction":2362,"totalTransaction":932646484,"other_transaction":2454,"totalTrc20":2691,"shielded_transaction":0,"newAddressSeen":6138,"triggers":801388465,"newBlockSeen":28766,"avgBlockTime":3,"trx_transfer":80044,"totalBlockCount":18302520,"blockchainSize":294633545134,"trc10_transfer":87311,"vote_transaction":3252,"accountWithTrx":3014360,"newTrc10":3,"totalTrc10":2926,"totalAddress":4955879,"newTrigger":1009142,"newTrc20":0},{"date":1585180800000,"avgBlockSize":15260,"newTransactionSeen":1198673,"freeze_transaction":2145,"totalTransaction":933845157,"other_transaction":2516,"totalTrc20":2692,"shielded_transaction":0,"newAddressSeen":6802,"triggers":802416932,"newBlockSeen":28788,"avgBlockTime":3,"trx_transfer":80132,"totalBlockCount":18331308,"blockchainSize":295072873825,"trc10_transfer":82302,"vote_transaction":3111,"accountWithTrx":3018042,"newTrc10":2,"totalTrc10":2928,"totalAddress":4962681,"newTrigger":1028467,"newTrc20":1},{"date":1585267200000,"avgBlockSize":14433,"newTransactionSeen":262102,"freeze_transaction":484,"totalTransaction":934107259,"other_transaction":510,"totalTrc20":2692,"shielded_transaction":0,"newAddressSeen":1129,"triggers":802639816,"newBlockSeen":5890,"avgBlockTime":3,"trx_transfer":25463,"totalBlockCount":18337198,"blockchainSize":295157886884,"trc10_transfer":13808,"vote_transaction":576,"accountWithTrx":3019321,"newTrc10":0,"totalTrc10":2928,"totalAddress":4963810,"newTrigger":222884,"newTrc20":0}]
12:57:46.104 [TestNG-tests-1] INFO tron.common.TronscanApiList - success:true
12:57:46.104 [TestNG-tests-1] INFO tron.common.TronscanApiList - JSON content size are: 2
12:57:46.104 [TestNG-tests-1] INFO tron.common.TronscanApiList - ----------------------------Print JSON End-----------------------------
]]></system-out>
  <system-err><![CDATA[]]></system-err>
</testsuite>
