<?xml version="1.0" encoding="UTF-8"?>
<testsuite name="tron.tronscan.api.CallerList" tests="2" skipped="0" failures="0" errors="0" timestamp="2020-03-27T04:57:55" hostname="zhukaideiMac.local" time="1.773">
  <properties/>
  <testcase name="getCallerAddAmouStat" classname="tron.tronscan.api.CallerList" time="0.647"/>
  <testcase name="getCallerAddressStatistic" classname="tron.tronscan.api.CallerList" time="1.125"/>
  <system-out><![CDATA[12:57:55.369 [TestNG-tests-1] DEBUG org.apache.http.impl.conn.PoolingClientConnectionManager - Connection request: [route: {}->http://apilist.tronscan.org:80][total kept alive: 0; route allocated: 0 of 80; total allocated: 0 of 100]
12:57:55.369 [TestNG-tests-1] DEBUG org.apache.http.impl.conn.PoolingClientConnectionManager - Connection leased: [id: 37][route: {}->http://apilist.tronscan.org:80][total kept alive: 0; route allocated: 1 of 80; total allocated: 1 of 100]
12:57:55.369 [TestNG-tests-1] DEBUG org.apache.http.impl.conn.DefaultClientConnectionOperator - Connecting to apilist.tronscan.org:80
12:57:55.674 [TestNG-tests-1] DEBUG org.apache.http.client.protocol.RequestAddCookies - CookieSpec selected: default
12:57:55.674 [TestNG-tests-1] DEBUG org.apache.http.client.protocol.RequestAuthCache - Auth cache not set in the context
12:57:55.674 [TestNG-tests-1] DEBUG org.apache.http.client.protocol.RequestTargetAuthentication - Target auth state: UNCHALLENGED
12:57:55.674 [TestNG-tests-1] DEBUG org.apache.http.client.protocol.RequestProxyAuthentication - Proxy auth state: UNCHALLENGED
12:57:55.674 [TestNG-tests-1] DEBUG org.apache.http.impl.client.DefaultHttpClient - Attempt 1 to execute request
12:57:55.674 [TestNG-tests-1] DEBUG org.apache.http.impl.conn.DefaultClientConnection - Sending request: GET /api/calleraddressamountstatistic HTTP/1.1
12:57:55.674 [TestNG-tests-1] DEBUG org.apache.http.wire -  >> "GET /api/calleraddressamountstatistic HTTP/1.1[\r][\n]"
12:57:55.674 [TestNG-tests-1] DEBUG org.apache.http.wire -  >> "Content-type: application/json; charset=utf-8[\r][\n]"
12:57:55.674 [TestNG-tests-1] DEBUG org.apache.http.wire -  >> "Connection: Close[\r][\n]"
12:57:55.674 [TestNG-tests-1] DEBUG org.apache.http.wire -  >> "Host: apilist.tronscan.org[\r][\n]"
12:57:55.674 [TestNG-tests-1] DEBUG org.apache.http.wire -  >> "User-Agent: Apache-HttpClient/4.5.3 (Java/1.8.0_211)[\r][\n]"
12:57:55.674 [TestNG-tests-1] DEBUG org.apache.http.wire -  >> "[\r][\n]"
12:57:55.674 [TestNG-tests-1] DEBUG org.apache.http.headers - >> GET /api/calleraddressamountstatistic HTTP/1.1
12:57:55.674 [TestNG-tests-1] DEBUG org.apache.http.headers - >> Content-type: application/json; charset=utf-8
12:57:55.674 [TestNG-tests-1] DEBUG org.apache.http.headers - >> Connection: Close
12:57:55.674 [TestNG-tests-1] DEBUG org.apache.http.headers - >> Host: apilist.tronscan.org
12:57:55.674 [TestNG-tests-1] DEBUG org.apache.http.headers - >> User-Agent: Apache-HttpClient/4.5.3 (Java/1.8.0_211)
12:57:56.014 [TestNG-tests-1] DEBUG org.apache.http.wire -  << "HTTP/1.1 200 OK[\r][\n]"
12:57:56.014 [TestNG-tests-1] DEBUG org.apache.http.wire -  << "Server: nginx[\r][\n]"
12:57:56.014 [TestNG-tests-1] DEBUG org.apache.http.wire -  << "Date: Fri, 27 Mar 2020 04:57:56 GMT[\r][\n]"
12:57:56.014 [TestNG-tests-1] DEBUG org.apache.http.wire -  << "Content-Type: application/json;charset=utf-8[\r][\n]"
12:57:56.014 [TestNG-tests-1] DEBUG org.apache.http.wire -  << "Content-Length: 1182[\r][\n]"
12:57:56.014 [TestNG-tests-1] DEBUG org.apache.http.wire -  << "Connection: close[\r][\n]"
12:57:56.014 [TestNG-tests-1] DEBUG org.apache.http.wire -  << "Vary: Accept-Encoding[\r][\n]"
12:57:56.014 [TestNG-tests-1] DEBUG org.apache.http.wire -  << "Access-Control-Allow-Origin: *[\r][\n]"
12:57:56.014 [TestNG-tests-1] DEBUG org.apache.http.wire -  << "Access-Control-Allow-Headers: DNT,X-Mx-ReqToken,Keep-Alive,User-Agent,X-Requested-With,If-Modified-Since,Cache-Control,Content-Type,Authorization[\r][\n]"
12:57:56.014 [TestNG-tests-1] DEBUG org.apache.http.wire -  << "Access-Control-Allow-Methods: GET,POST,PUT,DELETE,OPTIONS[\r][\n]"
12:57:56.014 [TestNG-tests-1] DEBUG org.apache.http.wire -  << "X-Proxy-Cache: MISS[\r][\n]"
12:57:56.014 [TestNG-tests-1] DEBUG org.apache.http.wire -  << "[\r][\n]"
12:57:56.014 [TestNG-tests-1] DEBUG org.apache.http.impl.conn.DefaultClientConnection - Receiving response: HTTP/1.1 200 OK
12:57:56.014 [TestNG-tests-1] DEBUG org.apache.http.headers - << HTTP/1.1 200 OK
12:57:56.014 [TestNG-tests-1] DEBUG org.apache.http.headers - << Server: nginx
12:57:56.014 [TestNG-tests-1] DEBUG org.apache.http.headers - << Date: Fri, 27 Mar 2020 04:57:56 GMT
12:57:56.014 [TestNG-tests-1] DEBUG org.apache.http.headers - << Content-Type: application/json;charset=utf-8
12:57:56.014 [TestNG-tests-1] DEBUG org.apache.http.headers - << Content-Length: 1182
12:57:56.014 [TestNG-tests-1] DEBUG org.apache.http.headers - << Connection: close
12:57:56.014 [TestNG-tests-1] DEBUG org.apache.http.headers - << Vary: Accept-Encoding
12:57:56.014 [TestNG-tests-1] DEBUG org.apache.http.headers - << Access-Control-Allow-Origin: *
12:57:56.014 [TestNG-tests-1] DEBUG org.apache.http.headers - << Access-Control-Allow-Headers: DNT,X-Mx-ReqToken,Keep-Alive,User-Agent,X-Requested-With,If-Modified-Since,Cache-Control,Content-Type,Authorization
12:57:56.014 [TestNG-tests-1] DEBUG org.apache.http.headers - << Access-Control-Allow-Methods: GET,POST,PUT,DELETE,OPTIONS
12:57:56.014 [TestNG-tests-1] DEBUG org.apache.http.headers - << X-Proxy-Cache: MISS
http://apilist.tronscan.org/api/calleraddressamountstatistic 请求总耗时：646 毫秒
12:57:56.015 [TestNG-tests-1] INFO tron.tronscan.api.CallerList - code is 200
12:57:56.015 [TestNG-tests-1] DEBUG org.apache.http.wire -  << "{"total":526,"totalTrigger":1028467,"totalCallerAmount":38305,"data":[{"contract_address":"TR7NHqjeKQxGTCi8q8ZY4pL8otSzgjLj6t","name":"USDT","trigger_amount":11596,"caller_amount":3549},{"contract_address":"TGtGhthzyLBYPUKDysXX1YSgRKPYVTQuMe","name":"","trigger_amount":7239,"caller_amount":2686},{"contract_address":"TP7s2QG9tVESyTnvgTmpDbRzENw7cQnk68","name":"","trigger_amount":5408,"caller_amount":1720},{"contract_address":"TKFDCskgEbmAPYHCPbzFsrDAevcwLt2nVe","name":"","trigger_amount":3099,"caller_amount":1217},{"contract_address":"TXrMLsbhQUQ5QYwWs54ZbBcoeJDULVTTbA","name":"","trigger_amount":1160,"caller_amount":1083},{"contract_address":"TF2Kq77H6ZPdWQE6YKaKHrWGXwwQ4WQ7Bx","name":"","trigger_amount":2783,"caller_amount":1057},{"contract_address":"TARciDTaL5Bpsqf5YeLzNkyj9zj7Uctfpb","name":"","trigger_amount":1601,"caller_amount":1000},{"contract_address":"TCYnMUPyn9KWZDbmrxJe1yFrgTPKu4FdEJ","name":"","trigger_amount":990,"caller_amount":989},{"contract_address":"TFosvmMeExAKeRXaSQPxPBjyCtz13JysoP","name":"","trigger_amount":1098,"caller_amount":854},{"contract_address":"TG99sFX2TVsw9TxjoPJdLaVMAwqWsHTBuR","name":"","trigger_amount":758,"caller_amount":724}]}[\n]"
12:57:56.015 [TestNG-tests-1] DEBUG org.apache.http.impl.conn.DefaultClientConnection - Connection 0.0.0.0:61088<->18.216.178.128:80 closed
12:57:56.015 [TestNG-tests-1] DEBUG org.apache.http.impl.conn.PoolingClientConnectionManager - Connection released: [id: 37][route: {}->http://apilist.tronscan.org:80][total kept alive: 0; route allocated: 0 of 80; total allocated: 0 of 100]
12:57:56.015 [TestNG-tests-1] INFO tron.common.TronscanApiList - ----------------------------Print JSON Start---------------------------
12:57:56.015 [TestNG-tests-1] INFO tron.common.TronscanApiList - total:526
12:57:56.015 [TestNG-tests-1] INFO tron.common.TronscanApiList - data:[{"name":"USDT","trigger_amount":11596,"contract_address":"TR7NHqjeKQxGTCi8q8ZY4pL8otSzgjLj6t","caller_amount":3549},{"name":"","trigger_amount":7239,"contract_address":"TGtGhthzyLBYPUKDysXX1YSgRKPYVTQuMe","caller_amount":2686},{"name":"","trigger_amount":5408,"contract_address":"TP7s2QG9tVESyTnvgTmpDbRzENw7cQnk68","caller_amount":1720},{"name":"","trigger_amount":3099,"contract_address":"TKFDCskgEbmAPYHCPbzFsrDAevcwLt2nVe","caller_amount":1217},{"name":"","trigger_amount":1160,"contract_address":"TXrMLsbhQUQ5QYwWs54ZbBcoeJDULVTTbA","caller_amount":1083},{"name":"","trigger_amount":2783,"contract_address":"TF2Kq77H6ZPdWQE6YKaKHrWGXwwQ4WQ7Bx","caller_amount":1057},{"name":"","trigger_amount":1601,"contract_address":"TARciDTaL5Bpsqf5YeLzNkyj9zj7Uctfpb","caller_amount":1000},{"name":"","trigger_amount":990,"contract_address":"TCYnMUPyn9KWZDbmrxJe1yFrgTPKu4FdEJ","caller_amount":989},{"name":"","trigger_amount":1098,"contract_address":"TFosvmMeExAKeRXaSQPxPBjyCtz13JysoP","caller_amount":854},{"name":"","trigger_amount":758,"contract_address":"TG99sFX2TVsw9TxjoPJdLaVMAwqWsHTBuR","caller_amount":724}]
12:57:56.015 [TestNG-tests-1] INFO tron.common.TronscanApiList - totalCallerAmount:38305
12:57:56.015 [TestNG-tests-1] INFO tron.common.TronscanApiList - totalTrigger:1028467
12:57:56.015 [TestNG-tests-1] INFO tron.common.TronscanApiList - JSON content size are: 4
12:57:56.015 [TestNG-tests-1] INFO tron.common.TronscanApiList - ----------------------------Print JSON End-----------------------------
12:57:56.016 [TestNG-tests-1] DEBUG org.apache.http.impl.conn.PoolingClientConnectionManager - Connection request: [route: {}->http://apilist.tronscan.org:80][total kept alive: 0; route allocated: 0 of 80; total allocated: 0 of 100]
12:57:56.016 [TestNG-tests-1] DEBUG org.apache.http.impl.conn.PoolingClientConnectionManager - Connection leased: [id: 38][route: {}->http://apilist.tronscan.org:80][total kept alive: 0; route allocated: 1 of 80; total allocated: 1 of 100]
12:57:56.016 [TestNG-tests-1] DEBUG org.apache.http.impl.conn.DefaultClientConnectionOperator - Connecting to apilist.tronscan.org:80
12:57:56.246 [TestNG-tests-1] DEBUG org.apache.http.client.protocol.RequestAddCookies - CookieSpec selected: default
12:57:56.246 [TestNG-tests-1] DEBUG org.apache.http.client.protocol.RequestAuthCache - Auth cache not set in the context
12:57:56.246 [TestNG-tests-1] DEBUG org.apache.http.client.protocol.RequestTargetAuthentication - Target auth state: UNCHALLENGED
12:57:56.246 [TestNG-tests-1] DEBUG org.apache.http.client.protocol.RequestProxyAuthentication - Proxy auth state: UNCHALLENGED
12:57:56.246 [TestNG-tests-1] DEBUG org.apache.http.impl.client.DefaultHttpClient - Attempt 1 to execute request
12:57:56.246 [TestNG-tests-1] DEBUG org.apache.http.impl.conn.DefaultClientConnection - Sending request: GET /api/calleraddressstatistic HTTP/1.1
12:57:56.247 [TestNG-tests-1] DEBUG org.apache.http.wire -  >> "GET /api/calleraddressstatistic HTTP/1.1[\r][\n]"
12:57:56.247 [TestNG-tests-1] DEBUG org.apache.http.wire -  >> "Content-type: application/json; charset=utf-8[\r][\n]"
12:57:56.247 [TestNG-tests-1] DEBUG org.apache.http.wire -  >> "Connection: Close[\r][\n]"
12:57:56.247 [TestNG-tests-1] DEBUG org.apache.http.wire -  >> "Host: apilist.tronscan.org[\r][\n]"
12:57:56.247 [TestNG-tests-1] DEBUG org.apache.http.wire -  >> "User-Agent: Apache-HttpClient/4.5.3 (Java/1.8.0_211)[\r][\n]"
12:57:56.247 [TestNG-tests-1] DEBUG org.apache.http.wire -  >> "[\r][\n]"
12:57:56.247 [TestNG-tests-1] DEBUG org.apache.http.headers - >> GET /api/calleraddressstatistic HTTP/1.1
12:57:56.247 [TestNG-tests-1] DEBUG org.apache.http.headers - >> Content-type: application/json; charset=utf-8
12:57:56.247 [TestNG-tests-1] DEBUG org.apache.http.headers - >> Connection: Close
12:57:56.247 [TestNG-tests-1] DEBUG org.apache.http.headers - >> Host: apilist.tronscan.org
12:57:56.247 [TestNG-tests-1] DEBUG org.apache.http.headers - >> User-Agent: Apache-HttpClient/4.5.3 (Java/1.8.0_211)
12:57:56.903 [TestNG-tests-1] DEBUG org.apache.http.wire -  << "HTTP/1.1 200 OK[\r][\n]"
12:57:56.903 [TestNG-tests-1] DEBUG org.apache.http.wire -  << "Server: nginx[\r][\n]"
12:57:56.903 [TestNG-tests-1] DEBUG org.apache.http.wire -  << "Date: Fri, 27 Mar 2020 04:57:57 GMT[\r][\n]"
12:57:56.903 [TestNG-tests-1] DEBUG org.apache.http.wire -  << "Content-Type: application/json;charset=utf-8[\r][\n]"
12:57:56.903 [TestNG-tests-1] DEBUG org.apache.http.wire -  << "Content-Length: 24655[\r][\n]"
12:57:56.903 [TestNG-tests-1] DEBUG org.apache.http.wire -  << "Connection: close[\r][\n]"
12:57:56.904 [TestNG-tests-1] DEBUG org.apache.http.wire -  << "Vary: Accept-Encoding[\r][\n]"
12:57:56.904 [TestNG-tests-1] DEBUG org.apache.http.wire -  << "Access-Control-Allow-Origin: *[\r][\n]"
12:57:56.904 [TestNG-tests-1] DEBUG org.apache.http.wire -  << "Access-Control-Allow-Headers: DNT,X-Mx-ReqToken,Keep-Alive,User-Agent,X-Requested-With,If-Modified-Since,Cache-Control,Content-Type,Authorization[\r][\n]"
12:57:56.904 [TestNG-tests-1] DEBUG org.apache.http.wire -  << "Access-Control-Allow-Methods: GET,POST,PUT,DELETE,OPTIONS[\r][\n]"
12:57:56.904 [TestNG-tests-1] DEBUG org.apache.http.wire -  << "X-Proxy-Cache: MISS[\r][\n]"
12:57:56.904 [TestNG-tests-1] DEBUG org.apache.http.wire -  << "[\r][\n]"
12:57:56.904 [TestNG-tests-1] DEBUG org.apache.http.impl.conn.DefaultClientConnection - Receiving response: HTTP/1.1 200 OK
12:57:56.904 [TestNG-tests-1] DEBUG org.apache.http.headers - << HTTP/1.1 200 OK
12:57:56.904 [TestNG-tests-1] DEBUG org.apache.http.headers - << Server: nginx
12:57:56.904 [TestNG-tests-1] DEBUG org.apache.http.headers - << Date: Fri, 27 Mar 2020 04:57:57 GMT
12:57:56.904 [TestNG-tests-1] DEBUG org.apache.http.headers - << Content-Type: application/json;charset=utf-8
12:57:56.904 [TestNG-tests-1] DEBUG org.apache.http.headers - << Content-Length: 24655
12:57:56.904 [TestNG-tests-1] DEBUG org.apache.http.headers - << Connection: close
12:57:56.904 [TestNG-tests-1] DEBUG org.apache.http.headers - << Vary: Accept-Encoding
12:57:56.904 [TestNG-tests-1] DEBUG org.apache.http.headers - << Access-Control-Allow-Origin: *
12:57:56.904 [TestNG-tests-1] DEBUG org.apache.http.headers - << Access-Control-Allow-Headers: DNT,X-Mx-ReqToken,Keep-Alive,User-Agent,X-Requested-With,If-Modified-Since,Cache-Control,Content-Type,Authorization
12:57:56.904 [TestNG-tests-1] DEBUG org.apache.http.headers - << Access-Control-Allow-Methods: GET,POST,PUT,DELETE,OPTIONS
12:57:56.904 [TestNG-tests-1] DEBUG org.apache.http.headers - << X-Proxy-Cache: MISS
http://apilist.tronscan.org/api/calleraddressstatistic 请求总耗时：888 毫秒
12:57:56.904 [TestNG-tests-1] INFO tron.tronscan.api.CallerList - code is 200
12:57:56.904 [TestNG-tests-1] DEBUG org.apache.http.wire -  << "{"total":534,"max":{"day":1553644800000,"caller_amount":135706.0},"min":{"day":1539216000000,"caller_amount":7.0},"data":[{"day":1539216000000,"caller_amount":7.0},{"day":1539302400000,"caller_amount":54.0},{"day":1539388800000,"caller_amount":101.0},{"day":1539475200000,"caller_amount":80.0},{"day":1539561600000,"caller_amount":75.0},{"day":1539648000000,"caller_amount":59.0},{"day":1539734400000,"caller_amount":745.0},{"day":1539820800000,"caller_amount":805.0},{"day":1539907200000,"caller_amount":1031.0},{"day":1539993600000,"caller_amount":970.0},{"day":1540080000000,"caller_amount":1053.0},{"day":1540166400000,"caller_amount":1221.0},{"day":1540252800000,"caller_amount":2306.0},{"day":1540339200000,"caller_amount":3747.0},{"day":1540425600000,"caller_amount":2237.0},{"day":1540512000000,"caller_amount":2320.0},{"day":1540598400000,"caller_amount":2220.0},{"day":1540684800000,"caller_amount":2279.0},{"day":1540771200000,"caller_amount":2339.0},{"day":1540857600000,"caller_amount":2413.0},{"day":1540944000000,"caller_amount":2566.0},{"day":1541030400000,"caller_amount":2553.0},{"day":1541116800000,"caller_amount":2648.0},{"day":1541203200000,"caller_amount":2891.0},{"day":1541289600000,"caller_amount":3175.0},{"day":1541376000000,"caller_amount":3288.0},{"day":1541462400000,"caller_amount":1906.0},{"day":1541548800000,"caller_amount":2565.0},{"day":1541635200000,"caller_amount":3256.0},{"day":1541721600000,"caller_amount":3245.0},{"day":1541808000000,"caller_amount":2494.0},{"day":1541894400000,"caller_amount":2851.0},{"day":1541980800000,"caller_amount":3250.0},{"day":1542067200000,"caller_amount":2962.0},{"day":1542153600000,"caller_amount":3278.0},{"day":1542240000000,"caller_amount":3669.0},{"day":1542326400000,"caller_amount":5621.0},{"day":1542412800000,"caller_amount":3704.0},{"day":1542499200000,"caller_amount":4126.0},{"day":1542585600000,"caller_amount":5125.0},{"day":1542672000000,"caller_amount":6194.0},{"day":1542758400000,"caller_amount":6025.0},{"day":1542844800000,"caller_amount":5364.0},{"day":1542931200000,"caller_amount":5634.0},{"day":1543017600000,"caller_amount":3897.0},{"day":1543104000000,"caller_amount":5036.0},{"day":1543190400000,"caller_amount":4924.0},{"day":1543276800000,"caller_amount":7434.0},{"day":1543363200000,"caller_amount":7919.0},{"day":1543449600000,"caller_amount":6462.0},{"day":1543536000000,"caller_amount":7315.0},{"day":1543622400000,"caller_amount":8126.0},{"day":1543708800000,"caller_amount":9295.0},{"day":1543795200000,"caller_amount":9742.0},{"day":1543881600000,"caller_amount":7705.0},{"day":1543968000000,"caller_amount":9213.0},{"day":1544054400000,"caller_amount":7982.0},{"day":1544140800000,"caller_amount":6423."
12:57:56.904 [TestNG-tests-1] DEBUG org.apache.http.wire -  << "0},{"day":1544227200000,"caller_amount":6682.0},{"day":1544313600000,"caller_amount":6126.0},{"day":1544400000000,"caller_amount":8651.0},{"day":1544486400000,"caller_amount":9157.0},{"day":1544572800000,"caller_amount":9587.0},{"day":1544659200000,"caller_amount":9940.0},{"day":1544745600000,"caller_amount":10989.0},{"day":1544832000000,"caller_amount":10321.0},{"day":1544918400000,"caller_amount":11022.0},{"day":1545004800000,"caller_amount":30385.0},{"day":1545091200000,"caller_amount":63265.0},{"day":1545177600000,"caller_amount":42581.0},{"day":1545264000000,"caller_amount":39448.0},{"day":1545350400000,"caller_amount":28373.0},{"day":1545436800000,"caller_amount":18865.0},{"day":1545523200000,"caller_amount":16762.0},{"day":1545609600000,"caller_amount":19747.0},{"day":1545696000000,"caller_amount":19566.0},{"day":1545782400000,"caller_amount":23131.0},{"day":1545868800000,"caller_amount":22573.0},{"day":1545955200000,"caller_amount":23458.0},{"day":1546041600000,"caller_amount":24774.0},{"day":1546128000000,"caller_amount":21674.0},{"day":1546214400000,"caller_amount":20198.0},{"day":1546300800000,"caller_amount":19590.0},{"day":1546387200000,"caller_amount":22024.0},{"day":1546473600000,"caller_amount":24890.0},{"day":1546560000000,"caller_amount":28962.0},{"day":1546646400000,"caller_amount":23329.0},{"day":1546732800000,"call"
12:57:56.904 [TestNG-tests-1] DEBUG org.apache.http.wire -  << "er_amount":27813.0},{"day":1546819200000,"caller_amount":27247.0},{"day":1546905600000,"caller_amount":32431.0},{"day":1546992000000,"caller_amount":30588.0},{"day":1547078400000,"caller_amount":31628.0},{"day":1547164800000,"caller_amount":34301.0},{"day":1547251200000,"caller_amount":34404.0},{"day":1547337600000,"caller_amount":36499.0},{"day":1547424000000,"caller_amount":38479.0},{"day":1547510400000,"caller_amount":41364.0},{"day":1547596800000,"caller_amount":43099.0},{"day":1547683200000,"caller_amount":48034.0},{"day":1547769600000,"caller_amount":53129.0},{"day":1547856000000,"caller_amount":46370.0},{"day":1547942400000,"caller_amount":44595.0},{"day":1548028800000,"caller_amount":44328.0},{"day":1548115200000,"caller_amount":46328.0},{"day":1548201600000,"caller_amount":45615.0},{"day":1548288000000,"caller_amount":45285.0},{"day":1548374400000,"caller_amount":53858.0},{"day":1548460800000,"caller_amount":48384.0},{"day":1548547200000,"caller_amount":50668.0},{"day":1548633600000,"caller_amount":57667.0},{"day":1548720000000,"caller_amount":60275.0},{"day":1548806400000,"caller_amount":62424.0},{"day":1548892800000,"caller_amount":63634.0},{"day":1548979200000,"caller_amount":70062.0},{"day":1549065600000,"caller_amount":67452.0},{"day":1549152000000,"caller_amount":71476.0},{"day":1549238400000,"caller_amount":69002.0},{"d"
12:57:56.904 [TestNG-tests-1] DEBUG org.apache.http.wire -  << "ay":1549324800000,"caller_amount":72188.0},{"day":1549411200000,"caller_amount":72532.0},{"day":1549497600000,"caller_amount":70161.0},{"day":1549584000000,"caller_amount":65214.0},{"day":1549670400000,"caller_amount":67369.0},{"day":1549756800000,"caller_amount":63840.0},{"day":1549843200000,"caller_amount":70231.0},{"day":1549929600000,"caller_amount":70578.0},{"day":1550016000000,"caller_amount":70790.0},{"day":1550102400000,"caller_amount":69712.0},{"day":1550188800000,"caller_amount":71857.0},{"day":1550275200000,"caller_amount":69891.0},{"day":1550361600000,"caller_amount":59391.0},{"day":1550448000000,"caller_amount":68262.0},{"day":1550534400000,"caller_amount":71206.0},{"day":1550620800000,"caller_amount":76168.0},{"day":1550707200000,"caller_amount":81410.0},{"day":1550793600000,"caller_amount":78742.0},{"day":1550880000000,"caller_amount":75751.0},{"day":1550966400000,"caller_amount":77259.0},{"day":1551052800000,"caller_amount":77029.0},{"day":1551139200000,"caller_amount":78851.0},{"day":1551225600000,"caller_amount":78981.0},{"day":1551312000000,"caller_amount":78310.0},{"day":1551398400000,"caller_amount":80457.0},{"day":1551484800000,"caller_amount":75070.0},{"day":1551571200000,"caller_amount":70949.0},{"day":1551657600000,"caller_amount":77733.0},{"day":1551744000000,"caller_amount":79142.0},{"day":1551830400000,"call"
12:57:56.904 [TestNG-tests-1] DEBUG org.apache.http.wire -  << "er_amount":77345.0},{"day":1551916800000,"caller_amount":70448.0},{"day":1552003200000,"caller_amount":73304.0},{"day":1552089600000,"caller_amount":80858.0},{"day":1552176000000,"caller_amount":77673.0},{"day":1552262400000,"caller_amount":79057.0},{"day":1552348800000,"caller_amount":82291.0},{"day":1552435200000,"caller_amount":94824.0},{"day":1552521600000,"caller_amount":99085.0},{"day":1552608000000,"caller_amount":94168.0},{"day":1552694400000,"caller_amount":100792.0},{"day":1552780800000,"caller_amount":91913.0},{"day":1552867200000,"caller_amount":98604.0},{"day":1552953600000,"caller_amount":101232.0},{"day":1553040000000,"caller_amount":102709.0},{"day":1553126400000,"caller_amount":110577.0},{"day":1553212800000,"caller_amount":106760.0},{"day":1553299200000,"caller_amount":107739.0},{"day":1553385600000,"caller_amount":108332.0},{"day":1553472000000,"caller_amount":115245.0},{"day":1553558400000,"caller_amount":115079.0},{"day":1553644800000,"caller_amount":135706.0},{"day":1553731200000,"caller_amount":124961.0},{"day":1553817600000,"caller_amount":118263.0},{"day":1553904000000,"caller_amount":120719.0},{"day":1553990400000,"caller_amount":112441.0},{"day":1554076800000,"caller_amount":115854.0},{"day":1554163200000,"caller_amount":118694.0},{"day":1554249600000,"caller_amount":120838.0},{"day":1554336000000,"caller_amo"
12:57:56.904 [TestNG-tests-1] DEBUG org.apache.http.wire -  << "unt":111547.0},{"day":1554422400000,"caller_amount":112665.0},{"day":1554508800000,"caller_amount":109939.0},{"day":1554595200000,"caller_amount":106957.0},{"day":1554681600000,"caller_amount":99178.0},{"day":1554768000000,"caller_amount":93609.0},{"day":1554854400000,"caller_amount":105977.0},{"day":1554940800000,"caller_amount":99730.0},{"day":1555027200000,"caller_amount":99204.0},{"day":1555113600000,"caller_amount":99327.0},{"day":1555200000000,"caller_amount":108948.0},{"day":1555286400000,"caller_amount":96546.0},{"day":1555372800000,"caller_amount":102432.0},{"day":1555459200000,"caller_amount":102739.0},{"day":1555545600000,"caller_amount":99643.0},{"day":1555632000000,"caller_amount":101750.0},{"day":1555718400000,"caller_amount":100592.0},{"day":1555804800000,"caller_amount":108622.0},{"day":1555891200000,"caller_amount":117194.0},{"day":1555977600000,"caller_amount":108570.0},{"day":1556064000000,"caller_amount":105596.0},{"day":1556150400000,"caller_amount":110216.0},{"day":1556236800000,"caller_amount":112242.0},{"day":1556323200000,"caller_amount":109954.0},{"day":1556409600000,"caller_amount":110832.0},{"day":1556496000000,"caller_amount":110900.0},{"day":1556582400000,"caller_amount":113759.0},{"day":1556668800000,"caller_amount":104236.0},{"day":1556755200000,"caller_amount":97543.0},{"day":1556841600000,"caller_amoun"
12:57:56.904 [TestNG-tests-1] DEBUG org.apache.http.wire -  << "t":106664.0},{"day":1556928000000,"caller_amount":100628.0},{"day":1557014400000,"caller_amount":106671.0},{"day":1557100800000,"caller_amount":103179.0},{"day":1557187200000,"caller_amount":103215.0},{"day":1557273600000,"caller_amount":98315.0},{"day":1557360000000,"caller_amount":92912.0},{"day":1557446400000,"caller_amount":96500.0},{"day":1557532800000,"caller_amount":87868.0},{"day":1557619200000,"caller_amount":88879.0},{"day":1557705600000,"caller_amount":85891.0},{"day":1557792000000,"caller_amount":105471.0},{"day":1557878400000,"caller_amount":105584.0},{"day":1557964800000,"caller_amount":103856.0},{"day":1558051200000,"caller_amount":90334.0},{"day":1558137600000,"caller_amount":89727.0},{"day":1558224000000,"caller_amount":90429.0},{"day":1558310400000,"caller_amount":88148.0},{"day":1558396800000,"caller_amount":85304.0},{"day":1558483200000,"caller_amount":79796.0},{"day":1558569600000,"caller_amount":80875.0},{"day":1558656000000,"caller_amount":81265.0},{"day":1558742400000,"caller_amount":90918.0},{"day":1558828800000,"caller_amount":91807.0},{"day":1558915200000,"caller_amount":90704.0},{"day":1559001600000,"caller_amount":83034.0},{"day":1559088000000,"caller_amount":77037.0},{"day":1559174400000,"caller_amount":75524.0},{"day":1559260800000,"caller_amount":72563.0},{"day":1559347200000,"caller_amount":66015.0},{"day":1559433600000,"caller_amount":68172.0},{"day":1559520000000,"caller_amount":74938.0},{"day":1559606400000,"caller_amount":79282.0},{"day":1559692800000,"caller_amount":80296.0},{"day":1559779200000,"caller_amount":78402.0},{"day":1559865600000,"caller_amount":78248.0},{"day":1559952000000,"caller_amount":71245.0},{"day":1560038400000,"caller_amount":66262.0},{"day":1560124800000,"caller_amount":67364.0},{"day":1560211200000,"caller_amount":71106.0},{"day":1560297600000,"caller_amount":72856.0},{"day":1560384000000,"caller_amount":72877.0},{"day":1560470400000,"caller_amount":72492.0},{"day":1560556800000,"caller_amount":69142.0},{"day":1560643200000,"caller_amount":69861.0},{"day":1560729600000,"caller_amount":72984.0},{"day":1560816000000,"caller_amount":71744.0},{"day":1560902400000,"caller_amount":72763.0},{"day":1560988800000,"caller_amount":74420.0},{"day":1561075200000,"caller_amount":69679.0},{"day":1561161600000,"caller_amount":63980.0},{"day":1561248000000,"caller_amount":69848.0},{"day":1561334400000,"caller_amount":73413.0},{"day":1561420800000,"caller_amount":74627.0},{"day":1561507200000,"caller_amount":70524.0},{"day":1561593600000,"caller_amount":58195.0},{"day":1561680000000,"caller_amount":58459.0},{"day":1561766400000,"caller_amount":62678.0},{"day":1561852800000,"caller_amount":71259.0},{"day":1561939200000,"call"
12:57:57.134 [TestNG-tests-1] DEBUG org.apache.http.wire -  << "er_amount":73998.0},{"day":1562025600000,"caller_amount":72666.0},{"day":1562112000000,"caller_amount":73427.0},{"day":1562198400000,"caller_amount":65431.0},{"day":1562284800000,"caller_amount":55114.0},{"day":1562371200000,"caller_amount":54811.0},{"day":1562457600000,"caller_amount":49590.0},{"day":1562544000000,"caller_amount":53731.0},{"day":1562630400000,"caller_amount":49571.0},{"day":1562716800000,"caller_amount":47506.0},{"day":1562803200000,"caller_amount":48287.0},{"day":1562889600000,"caller_amount":40157.0},{"day":1562976000000,"caller_amount":43669.0},{"day":1563062400000,"caller_amount":43591.0},{"day":1563148800000,"caller_amount":45738.0},{"day":1563235200000,"caller_amount":47793.0},{"day":1563321600000,"caller_amount":46341.0},{"day":1563408000000,"caller_amount":56296.0},{"day":1563494400000,"caller_amount":55484.0},{"day":1563580800000,"caller_amount":51579.0},{"day":1563667200000,"caller_amount":45036.0},{"day":1563753600000,"caller_amount":45302.0},{"day":1563840000000,"caller_amount":42942.0},{"day":1563926400000,"caller_amount":40098.0},{"day":1564012800000,"caller_amount":37339.0},{"day":1564099200000,"caller_amount":38010.0},{"day":1564185600000,"caller_amount":35150.0},{"day":1564272000000,"caller_amount":36136.0},{"day":1564358400000,"caller_amount":37245.0},{"day":1564444800000,"caller_amount":39836.0},{"d"
12:57:57.136 [TestNG-tests-1] DEBUG org.apache.http.wire -  << "ay":1564531200000,"caller_amount":37606.0},{"day":1564617600000,"caller_amount":38140.0},{"day":1564704000000,"caller_amount":39642.0},{"day":1564790400000,"caller_amount":39647.0},{"day":1564876800000,"caller_amount":43375.0},{"day":1564963200000,"caller_amount":44606.0},{"day":1565049600000,"caller_amount":43191.0},{"day":1565136000000,"caller_amount":43552.0},{"day":1565222400000,"caller_amount":41444.0},{"day":1565308800000,"caller_amount":40180.0},{"day":1565395200000,"caller_amount":39800.0},{"day":1565481600000,"caller_amount":40564.0},{"day":1565568000000,"caller_amount":44080.0},{"day":1565654400000,"caller_amount":43903.0},{"day":1565740800000,"caller_amount":45920.0},{"day":1565827200000,"caller_amount":35806.0},{"day":1565913600000,"caller_amount":38467.0},{"day":1566000000000,"caller_amount":37009.0},{"day":1566086400000,"caller_amount":37409.0},{"day":1566172800000,"caller_amount":41869.0},{"day":1566259200000,"caller_amount":41949.0},{"day":1566345600000,"caller_amount":38840.0},{"day":1566432000000,"caller_amount":40491.0},{"day":1566518400000,"caller_amount":42992.0},{"day":1566604800000,"caller_amount":40750.0},{"day":1566691200000,"caller_amount":36086.0},{"day":1566777600000,"caller_amount":39525.0},{"day":1566864000000,"caller_amount":37959.0},{"day":1566950400000,"caller_amount":43995.0},{"day":1567036800000,"caller_amount":32846.0},{"day":1567123200000,"caller_amount":34061.0},{"day":1567209600000,"caller_amount":33202.0},{"day":1567296000000,"caller_amount":33701.0},{"day":1567382400000,"caller_amount":36193.0},{"day":1567468800000,"caller_amount":35119.0},{"day":1567555200000,"caller_amount":38669.0},{"day":1567641600000,"caller_amount":37889.0},{"day":1567728000000,"caller_amount":37011.0},{"day":1567814400000,"caller_amount":34025.0},{"day":1567900800000,"caller_amount":35334.0},{"day":1567987200000,"caller_amount":33661.0},{"day":1568073600000,"caller_amount":33877.0},{"day":1568160000000,"caller_amount":38730.0},{"day":1568246400000,"caller_amount":37742.0},{"day":1568332800000,"caller_amount":34413.0},{"day":1568419200000,"caller_amount":33789.0},{"day":1568505600000,"caller_amount":33505.0},{"day":1568592000000,"caller_amount":31098.0},{"day":1568678400000,"caller_amount":32141.0},{"day":1568764800000,"caller_amount":31920.0},{"day":1568851200000,"caller_amount":46671.0},{"day":1568937600000,"caller_amount":37122.0},{"day":1569024000000,"caller_amount":36956.0},{"day":1569110400000,"caller_amount":37282.0},{"day":1569196800000,"caller_amount":40559.0},{"day":1569283200000,"caller_amount":40113.0},{"day":1569369600000,"caller_amount":41954.0},{"day":1569456000000,"caller_amount":41268.0},{"day":1569542400000,"caller_amount":39026.0},{"d"
12:57:57.136 [TestNG-tests-1] DEBUG org.apache.http.wire -  << "ay":1569628800000,"caller_amount":40698.0},{"day":1569715200000,"caller_amount":38934.0},{"day":1569801600000,"caller_amount":41606.0},{"day":1569888000000,"caller_amount":37671.0},{"day":1569974400000,"caller_amount":38055.0},{"day":1570060800000,"caller_amount":38848.0},{"day":1570147200000,"caller_amount":39186.0},{"day":1570233600000,"caller_amount":37818.0},{"day":1570320000000,"caller_amount":37217.0},{"day":1570406400000,"caller_amount":38360.0},{"day":1570492800000,"caller_amount":40667.0},{"day":1570579200000,"caller_amount":41375.0},{"day":1570665600000,"caller_amount":41733.0},{"day":1570752000000,"caller_amount":42002.0},{"day":1570838400000,"caller_amount":39127.0},{"day":1570924800000,"caller_amount":39316.0},{"day":1571011200000,"caller_amount":45287.0},{"day":1571097600000,"caller_amount":42028.0},{"day":1571184000000,"caller_amount":42281.0},{"day":1571270400000,"caller_amount":44750.0},{"day":1571356800000,"caller_amount":50686.0},{"day":1571443200000,"caller_amount":46382.0},{"day":1571529600000,"caller_amount":41211.0},{"day":1571616000000,"caller_amount":39165.0},{"day":1571702400000,"caller_amount":39957.0},{"day":1571788800000,"caller_amount":41498.0},{"day":1571875200000,"caller_amount":47138.0},{"day":1571961600000,"caller_amount":44489.0},{"day":1572048000000,"caller_amount":43935.0},{"day":1572134400000,"caller_amount":42840.0},{"day":1572220800000,"caller_amount":58283.0},{"day":1572307200000,"caller_amount":51628.0},{"day":1572393600000,"caller_amount":48761.0},{"day":1572480000000,"caller_amount":51162.0},{"day":1572566400000,"caller_amount":49695.0},{"day":1572652800000,"caller_amount":49993.0},{"day":1572739200000,"caller_amount":54069.0},{"day":1572825600000,"caller_amount":56885.0},{"day":1572912000000,"caller_amount":59225.0},{"day":1572998400000,"caller_amount":55137.0},{"day":1573084800000,"caller_amount":54959.0},{"day":1573171200000,"caller_amount":56519.0},{"day":1573257600000,"caller_amount":56697.0},{"day":1573344000000,"caller_amount":55690.0},{"day":1573430400000,"caller_amount":57100.0},{"day":1573516800000,"caller_amount":54868.0},{"day":1573603200000,"caller_amount":56894.0},{"day":1573689600000,"caller_amount":55423.0},{"day":1573776000000,"caller_amount":54030.0},{"day":1573862400000,"caller_amount":50367.0},{"day":1573948800000,"caller_amount":54385.0},{"day":1574035200000,"caller_amount":51890.0},{"day":1574121600000,"caller_amount":52403.0},{"day":1574208000000,"caller_amount":51292.0},{"day":1574294400000,"caller_amount":50603.0},{"day":1574380800000,"caller_amount":51249.0},{"day":1574467200000,"caller_amount":49508.0},{"day":1574553600000,"caller_amount":50043.0},{"day":1574640000000,"caller_amount":49703.0},{"d"
12:57:57.137 [TestNG-tests-1] DEBUG org.apache.http.wire -  << "ay":1574726400000,"caller_amount":50768.0},{"day":1574812800000,"caller_amount":51635.0},{"day":1574899200000,"caller_amount":48153.0},{"day":1574985600000,"caller_amount":45202.0},{"day":1575072000000,"caller_amount":40913.0},{"day":1575158400000,"caller_amount":47674.0},{"day":1575244800000,"caller_amount":41300.0},{"day":1575331200000,"caller_amount":51096.0},{"day":1575417600000,"caller_amount":48513.0},{"day":1575504000000,"caller_amount":36198.0},{"day":1575590400000,"caller_amount":35628.0},{"day":1575676800000,"caller_amount":35781.0},{"day":1575763200000,"caller_amount":32658.0},{"day":1575849600000,"caller_amount":34601.0},{"day":1575936000000,"caller_amount":35549.0},{"day":1576022400000,"caller_amount":38145.0},{"day":1576108800000,"caller_amount":35310.0},{"day":1576195200000,"caller_amount":36542.0},{"day":1576281600000,"caller_amount":37381.0},{"day":1576368000000,"caller_amount":36107.0},{"day":1576454400000,"caller_amount":36613.0},{"day":1576540800000,"caller_amount":36938.0},{"day":1576627200000,"caller_amount":35781.0},{"day":1576713600000,"caller_amount":37272.0},{"day":1576800000000,"caller_amount":35821.0},{"day":1576886400000,"caller_amount":33988.0},{"day":1576972800000,"caller_amount":34404.0},{"day":1577059200000,"caller_amount":44182.0},{"day":1577145600000,"caller_amount":41641.0},{"day":1577232000000,"call"
12:57:57.138 [TestNG-tests-1] DEBUG org.apache.http.wire -  << "er_amount":39544.0},{"day":1577318400000,"caller_amount":40215.0},{"day":1577404800000,"caller_amount":39144.0},{"day":1577491200000,"caller_amount":39479.0},{"day":1577577600000,"caller_amount":39260.0},{"day":1577664000000,"caller_amount":35326.0},{"day":1577750400000,"caller_amount":38507.0},{"day":1577836800000,"caller_amount":37440.0},{"day":1577923200000,"caller_amount":38876.0},{"day":1578009600000,"caller_amount":38400.0},{"day":1578096000000,"caller_amount":38364.0},{"day":1578182400000,"caller_amount":37336.0},{"day":1578268800000,"caller_amount":37317.0},{"day":1578355200000,"caller_amount":36116.0},{"day":1578441600000,"caller_amount":35296.0},{"day":1578528000000,"caller_amount":35616.0},{"day":1578614400000,"caller_amount":37131.0},{"day":1578700800000,"caller_amount":34362.0},{"day":1578787200000,"caller_amount":33589.0},{"day":1578873600000,"caller_amount":35210.0},{"day":1578960000000,"caller_amount":37556.0},{"day":1579046400000,"caller_amount":36833.0},{"day":1579132800000,"caller_amount":34262.0},{"day":1579219200000,"caller_amount":35907.0},{"day":1579305600000,"caller_amount":35902.0},{"day":1579392000000,"caller_amount":36404.0},{"day":1579478400000,"caller_amount":39959.0},{"day":1579564800000,"caller_amount":36831.0},{"day":1579651200000,"caller_amount":36387.0},{"day":1579737600000,"caller_amount":35441.0},{"day":1579824000000,"caller_amount":36964.0},{"day":1579910400000,"caller_amount":36600.0},{"day":1579996800000,"caller_amount":36181.0},{"day":1580083200000,"caller_amount":35551.0},{"day":1580169600000,"caller_amount":38673.0},{"day":1580256000000,"caller_amount":39574.0},{"day":1580342400000,"caller_amount":37962.0},{"day":1580428800000,"caller_amount":37726.0},{"day":1580515200000,"caller_amount":38539.0},{"day":1580601600000,"caller_amount":38841.0},{"day":1580688000000,"caller_amount":37467.0},{"day":1580774400000,"caller_amount":38007.0},{"day":1580860800000,"caller_amount":39341.0},{"day":1580947200000,"caller_amount":39084.0},{"day":1581033600000,"caller_amount":38631.0},{"day":1581120000000,"caller_amount":40573.0},{"day":1581206400000,"caller_amount":37356.0},{"day":1581292800000,"caller_amount":36846.0},{"day":1581379200000,"caller_amount":34792.0},{"day":1581465600000,"caller_amount":39065.0},{"day":1581552000000,"caller_amount":38125.0},{"day":1581638400000,"caller_amount":36923.0},{"day":1581724800000,"caller_amount":38580.0},{"day":1581811200000,"caller_amount":37184.0},{"day":1581897600000,"caller_amount":37182.0},{"day":1581984000000,"caller_amount":36407.0},{"day":1582070400000,"caller_amount":37072.0},{"day":1582156800000,"caller_amount":40387.0},{"day":1582243200000,"caller_amount":37473.0},{"day":1582329600000,"call"
12:57:57.138 [TestNG-tests-1] DEBUG org.apache.http.wire -  << "er_amount":37751.0},{"day":1582416000000,"caller_amount":36777.0},{"day":1582502400000,"caller_amount":35380.0},{"day":1582588800000,"caller_amount":37862.0},{"day":1582675200000,"caller_amount":36435.0},{"day":1582761600000,"caller_amount":36442.0},{"day":1582848000000,"caller_amount":36365.0},{"day":1582934400000,"caller_amount":35054.0},{"day":1583020800000,"caller_amount":33589.0},{"day":1583107200000,"caller_amount":34424.0},{"day":1583193600000,"caller_amount":52869.0},{"day":1583280000000,"caller_amount":37708.0},{"day":1583366400000,"caller_amount":34662.0},{"day":1583452800000,"caller_amount":34348.0},{"day":1583539200000,"caller_amount":37076.0},{"day":1583625600000,"caller_amount":38543.0},{"day":1583712000000,"caller_amount":40938.0},{"day":1583798400000,"caller_amount":39745.0},{"day":1583884800000,"caller_amount":40631.0},{"day":1583971200000,"caller_amount":42932.0},{"day":1584057600000,"caller_amount":42729.0},{"day":1584144000000,"caller_amount":40924.0},{"day":1584230400000,"caller_amount":40464.0},{"day":1584316800000,"caller_amount":39804.0},{"day":1584403200000,"caller_amount":41976.0},{"day":1584489600000,"caller_amount":46180.0},{"day":1584576000000,"caller_amount":42639.0},{"day":1584662400000,"caller_amount":39940.0},{"day":1584748800000,"caller_amount":38394.0},{"day":1584835200000,"caller_amount":39897.0},{"day":1584921600000,"caller_amount":38985.0},{"day":1585008000000,"caller_amount":36599.0},{"day":1585094400000,"caller_amount":36377.0},{"day":1585180800000,"caller_amount":38305.0},{"day":1585267200000,"caller_amount":10086.0}]}[\n]"
12:57:57.138 [TestNG-tests-1] DEBUG org.apache.http.impl.conn.DefaultClientConnection - Connection 0.0.0.0:61093<->18.216.178.128:80 closed
12:57:57.138 [TestNG-tests-1] DEBUG org.apache.http.impl.conn.PoolingClientConnectionManager - Connection released: [id: 38][route: {}->http://apilist.tronscan.org:80][total kept alive: 0; route allocated: 0 of 80; total allocated: 0 of 100]
12:57:57.139 [TestNG-tests-1] INFO tron.common.TronscanApiList - ----------------------------Print JSON Start---------------------------
12:57:57.139 [TestNG-tests-1] INFO tron.common.TronscanApiList - total:534
12:57:57.139 [TestNG-tests-1] INFO tron.common.TronscanApiList - min:{"day":1539216000000,"caller_amount":7.0}
12:57:57.140 [TestNG-tests-1] INFO tron.common.TronscanApiList - data:[{"day":1539216000000,"caller_amount":7.0},{"day":1539302400000,"caller_amount":54.0},{"day":1539388800000,"caller_amount":101.0},{"day":1539475200000,"caller_amount":80.0},{"day":1539561600000,"caller_amount":75.0},{"day":1539648000000,"caller_amount":59.0},{"day":1539734400000,"caller_amount":745.0},{"day":1539820800000,"caller_amount":805.0},{"day":1539907200000,"caller_amount":1031.0},{"day":1539993600000,"caller_amount":970.0},{"day":1540080000000,"caller_amount":1053.0},{"day":1540166400000,"caller_amount":1221.0},{"day":1540252800000,"caller_amount":2306.0},{"day":1540339200000,"caller_amount":3747.0},{"day":1540425600000,"caller_amount":2237.0},{"day":1540512000000,"caller_amount":2320.0},{"day":1540598400000,"caller_amount":2220.0},{"day":1540684800000,"caller_amount":2279.0},{"day":1540771200000,"caller_amount":2339.0},{"day":1540857600000,"caller_amount":2413.0},{"day":1540944000000,"caller_amount":2566.0},{"day":1541030400000,"caller_amount":2553.0},{"day":1541116800000,"caller_amount":2648.0},{"day":1541203200000,"caller_amount":2891.0},{"day":1541289600000,"caller_amount":3175.0},{"day":1541376000000,"caller_amount":3288.0},{"day":1541462400000,"caller_amount":1906.0},{"day":1541548800000,"caller_amount":2565.0},{"day":1541635200000,"caller_amount":3256.0},{"day":1541721600000,"caller_amount":3245.0},{"day":1541808000000,"caller_amount":2494.0},{"day":1541894400000,"caller_amount":2851.0},{"day":1541980800000,"caller_amount":3250.0},{"day":1542067200000,"caller_amount":2962.0},{"day":1542153600000,"caller_amount":3278.0},{"day":1542240000000,"caller_amount":3669.0},{"day":1542326400000,"caller_amount":5621.0},{"day":1542412800000,"caller_amount":3704.0},{"day":1542499200000,"caller_amount":4126.0},{"day":1542585600000,"caller_amount":5125.0},{"day":1542672000000,"caller_amount":6194.0},{"day":1542758400000,"caller_amount":6025.0},{"day":1542844800000,"caller_amount":5364.0},{"day":1542931200000,"caller_amount":5634.0},{"day":1543017600000,"caller_amount":3897.0},{"day":1543104000000,"caller_amount":5036.0},{"day":1543190400000,"caller_amount":4924.0},{"day":1543276800000,"caller_amount":7434.0},{"day":1543363200000,"caller_amount":7919.0},{"day":1543449600000,"caller_amount":6462.0},{"day":1543536000000,"caller_amount":7315.0},{"day":1543622400000,"caller_amount":8126.0},{"day":1543708800000,"caller_amount":9295.0},{"day":1543795200000,"caller_amount":9742.0},{"day":1543881600000,"caller_amount":7705.0},{"day":1543968000000,"caller_amount":9213.0},{"day":1544054400000,"caller_amount":7982.0},{"day":1544140800000,"caller_amount":6423.0},{"day":1544227200000,"caller_amount":6682.0},{"day":1544313600000,"caller_amount":6126.0},{"day":1544400000000,"caller_amount":8651.0},{"day":1544486400000,"caller_amount":9157.0},{"day":1544572800000,"caller_amount":9587.0},{"day":1544659200000,"caller_amount":9940.0},{"day":1544745600000,"caller_amount":10989.0},{"day":1544832000000,"caller_amount":10321.0},{"day":1544918400000,"caller_amount":11022.0},{"day":1545004800000,"caller_amount":30385.0},{"day":1545091200000,"caller_amount":63265.0},{"day":1545177600000,"caller_amount":42581.0},{"day":1545264000000,"caller_amount":39448.0},{"day":1545350400000,"caller_amount":28373.0},{"day":1545436800000,"caller_amount":18865.0},{"day":1545523200000,"caller_amount":16762.0},{"day":1545609600000,"caller_amount":19747.0},{"day":1545696000000,"caller_amount":19566.0},{"day":1545782400000,"caller_amount":23131.0},{"day":1545868800000,"caller_amount":22573.0},{"day":1545955200000,"caller_amount":23458.0},{"day":1546041600000,"caller_amount":24774.0},{"day":1546128000000,"caller_amount":21674.0},{"day":1546214400000,"caller_amount":20198.0},{"day":1546300800000,"caller_amount":19590.0},{"day":1546387200000,"caller_amount":22024.0},{"day":1546473600000,"caller_amount":24890.0},{"day":1546560000000,"caller_amount":28962.0},{"day":1546646400000,"caller_amount":23329.0},{"day":1546732800000,"caller_amount":27813.0},{"day":1546819200000,"caller_amount":27247.0},{"day":1546905600000,"caller_amount":32431.0},{"day":1546992000000,"caller_amount":30588.0},{"day":1547078400000,"caller_amount":31628.0},{"day":1547164800000,"caller_amount":34301.0},{"day":1547251200000,"caller_amount":34404.0},{"day":1547337600000,"caller_amount":36499.0},{"day":1547424000000,"caller_amount":38479.0},{"day":1547510400000,"caller_amount":41364.0},{"day":1547596800000,"caller_amount":43099.0},{"day":1547683200000,"caller_amount":48034.0},{"day":1547769600000,"caller_amount":53129.0},{"day":1547856000000,"caller_amount":46370.0},{"day":1547942400000,"caller_amount":44595.0},{"day":1548028800000,"caller_amount":44328.0},{"day":1548115200000,"caller_amount":46328.0},{"day":1548201600000,"caller_amount":45615.0},{"day":1548288000000,"caller_amount":45285.0},{"day":1548374400000,"caller_amount":53858.0},{"day":1548460800000,"caller_amount":48384.0},{"day":1548547200000,"caller_amount":50668.0},{"day":1548633600000,"caller_amount":57667.0},{"day":1548720000000,"caller_amount":60275.0},{"day":1548806400000,"caller_amount":62424.0},{"day":1548892800000,"caller_amount":63634.0},{"day":1548979200000,"caller_amount":70062.0},{"day":1549065600000,"caller_amount":67452.0},{"day":1549152000000,"caller_amount":71476.0},{"day":1549238400000,"caller_amount":69002.0},{"day":1549324800000,"caller_amount":72188.0},{"day":1549411200000,"caller_amount":72532.0},{"day":1549497600000,"caller_amount":70161.0},{"day":1549584000000,"caller_amount":65214.0},{"day":1549670400000,"caller_amount":67369.0},{"day":1549756800000,"caller_amount":63840.0},{"day":1549843200000,"caller_amount":70231.0},{"day":1549929600000,"caller_amount":70578.0},{"day":1550016000000,"caller_amount":70790.0},{"day":1550102400000,"caller_amount":69712.0},{"day":1550188800000,"caller_amount":71857.0},{"day":1550275200000,"caller_amount":69891.0},{"day":1550361600000,"caller_amount":59391.0},{"day":1550448000000,"caller_amount":68262.0},{"day":1550534400000,"caller_amount":71206.0},{"day":1550620800000,"caller_amount":76168.0},{"day":1550707200000,"caller_amount":81410.0},{"day":1550793600000,"caller_amount":78742.0},{"day":1550880000000,"caller_amount":75751.0},{"day":1550966400000,"caller_amount":77259.0},{"day":1551052800000,"caller_amount":77029.0},{"day":1551139200000,"caller_amount":78851.0},{"day":1551225600000,"caller_amount":78981.0},{"day":1551312000000,"caller_amount":78310.0},{"day":1551398400000,"caller_amount":80457.0},{"day":1551484800000,"caller_amount":75070.0},{"day":1551571200000,"caller_amount":70949.0},{"day":1551657600000,"caller_amount":77733.0},{"day":1551744000000,"caller_amount":79142.0},{"day":1551830400000,"caller_amount":77345.0},{"day":1551916800000,"caller_amount":70448.0},{"day":1552003200000,"caller_amount":73304.0},{"day":1552089600000,"caller_amount":80858.0},{"day":1552176000000,"caller_amount":77673.0},{"day":1552262400000,"caller_amount":79057.0},{"day":1552348800000,"caller_amount":82291.0},{"day":1552435200000,"caller_amount":94824.0},{"day":1552521600000,"caller_amount":99085.0},{"day":1552608000000,"caller_amount":94168.0},{"day":1552694400000,"caller_amount":100792.0},{"day":1552780800000,"caller_amount":91913.0},{"day":1552867200000,"caller_amount":98604.0},{"day":1552953600000,"caller_amount":101232.0},{"day":1553040000000,"caller_amount":102709.0},{"day":1553126400000,"caller_amount":110577.0},{"day":1553212800000,"caller_amount":106760.0},{"day":1553299200000,"caller_amount":107739.0},{"day":1553385600000,"caller_amount":108332.0},{"day":1553472000000,"caller_amount":115245.0},{"day":1553558400000,"caller_amount":115079.0},{"day":1553644800000,"caller_amount":135706.0},{"day":1553731200000,"caller_amount":124961.0},{"day":1553817600000,"caller_amount":118263.0},{"day":1553904000000,"caller_amount":120719.0},{"day":1553990400000,"caller_amount":112441.0},{"day":1554076800000,"caller_amount":115854.0},{"day":1554163200000,"caller_amount":118694.0},{"day":1554249600000,"caller_amount":120838.0},{"day":1554336000000,"caller_amount":111547.0},{"day":1554422400000,"caller_amount":112665.0},{"day":1554508800000,"caller_amount":109939.0},{"day":1554595200000,"caller_amount":106957.0},{"day":1554681600000,"caller_amount":99178.0},{"day":1554768000000,"caller_amount":93609.0},{"day":1554854400000,"caller_amount":105977.0},{"day":1554940800000,"caller_amount":99730.0},{"day":1555027200000,"caller_amount":99204.0},{"day":1555113600000,"caller_amount":99327.0},{"day":1555200000000,"caller_amount":108948.0},{"day":1555286400000,"caller_amount":96546.0},{"day":1555372800000,"caller_amount":102432.0},{"day":1555459200000,"caller_amount":102739.0},{"day":1555545600000,"caller_amount":99643.0},{"day":1555632000000,"caller_amount":101750.0},{"day":1555718400000,"caller_amount":100592.0},{"day":1555804800000,"caller_amount":108622.0},{"day":1555891200000,"caller_amount":117194.0},{"day":1555977600000,"caller_amount":108570.0},{"day":1556064000000,"caller_amount":105596.0},{"day":1556150400000,"caller_amount":110216.0},{"day":1556236800000,"caller_amount":112242.0},{"day":1556323200000,"caller_amount":109954.0},{"day":1556409600000,"caller_amount":110832.0},{"day":1556496000000,"caller_amount":110900.0},{"day":1556582400000,"caller_amount":113759.0},{"day":1556668800000,"caller_amount":104236.0},{"day":1556755200000,"caller_amount":97543.0},{"day":1556841600000,"caller_amount":106664.0},{"day":1556928000000,"caller_amount":100628.0},{"day":1557014400000,"caller_amount":106671.0},{"day":1557100800000,"caller_amount":103179.0},{"day":1557187200000,"caller_amount":103215.0},{"day":1557273600000,"caller_amount":98315.0},{"day":1557360000000,"caller_amount":92912.0},{"day":1557446400000,"caller_amount":96500.0},{"day":1557532800000,"caller_amount":87868.0},{"day":1557619200000,"caller_amount":88879.0},{"day":1557705600000,"caller_amount":85891.0},{"day":1557792000000,"caller_amount":105471.0},{"day":1557878400000,"caller_amount":105584.0},{"day":1557964800000,"caller_amount":103856.0},{"day":1558051200000,"caller_amount":90334.0},{"day":1558137600000,"caller_amount":89727.0},{"day":1558224000000,"caller_amount":90429.0},{"day":1558310400000,"caller_amount":88148.0},{"day":1558396800000,"caller_amount":85304.0},{"day":1558483200000,"caller_amount":79796.0},{"day":1558569600000,"caller_amount":80875.0},{"day":1558656000000,"caller_amount":81265.0},{"day":1558742400000,"caller_amount":90918.0},{"day":1558828800000,"caller_amount":91807.0},{"day":1558915200000,"caller_amount":90704.0},{"day":1559001600000,"caller_amount":83034.0},{"day":1559088000000,"caller_amount":77037.0},{"day":1559174400000,"caller_amount":75524.0},{"day":1559260800000,"caller_amount":72563.0},{"day":1559347200000,"caller_amount":66015.0},{"day":1559433600000,"caller_amount":68172.0},{"day":1559520000000,"caller_amount":74938.0},{"day":1559606400000,"caller_amount":79282.0},{"day":1559692800000,"caller_amount":80296.0},{"day":1559779200000,"caller_amount":78402.0},{"day":1559865600000,"caller_amount":78248.0},{"day":1559952000000,"caller_amount":71245.0},{"day":1560038400000,"caller_amount":66262.0},{"day":1560124800000,"caller_amount":67364.0},{"day":1560211200000,"caller_amount":71106.0},{"day":1560297600000,"caller_amount":72856.0},{"day":1560384000000,"caller_amount":72877.0},{"day":1560470400000,"caller_amount":72492.0},{"day":1560556800000,"caller_amount":69142.0},{"day":1560643200000,"caller_amount":69861.0},{"day":1560729600000,"caller_amount":72984.0},{"day":1560816000000,"caller_amount":71744.0},{"day":1560902400000,"caller_amount":72763.0},{"day":1560988800000,"caller_amount":74420.0},{"day":1561075200000,"caller_amount":69679.0},{"day":1561161600000,"caller_amount":63980.0},{"day":1561248000000,"caller_amount":69848.0},{"day":1561334400000,"caller_amount":73413.0},{"day":1561420800000,"caller_amount":74627.0},{"day":1561507200000,"caller_amount":70524.0},{"day":1561593600000,"caller_amount":58195.0},{"day":1561680000000,"caller_amount":58459.0},{"day":1561766400000,"caller_amount":62678.0},{"day":1561852800000,"caller_amount":71259.0},{"day":1561939200000,"caller_amount":73998.0},{"day":1562025600000,"caller_amount":72666.0},{"day":1562112000000,"caller_amount":73427.0},{"day":1562198400000,"caller_amount":65431.0},{"day":1562284800000,"caller_amount":55114.0},{"day":1562371200000,"caller_amount":54811.0},{"day":1562457600000,"caller_amount":49590.0},{"day":1562544000000,"caller_amount":53731.0},{"day":1562630400000,"caller_amount":49571.0},{"day":1562716800000,"caller_amount":47506.0},{"day":1562803200000,"caller_amount":48287.0},{"day":1562889600000,"caller_amount":40157.0},{"day":1562976000000,"caller_amount":43669.0},{"day":1563062400000,"caller_amount":43591.0},{"day":1563148800000,"caller_amount":45738.0},{"day":1563235200000,"caller_amount":47793.0},{"day":1563321600000,"caller_amount":46341.0},{"day":1563408000000,"caller_amount":56296.0},{"day":1563494400000,"caller_amount":55484.0},{"day":1563580800000,"caller_amount":51579.0},{"day":1563667200000,"caller_amount":45036.0},{"day":1563753600000,"caller_amount":45302.0},{"day":1563840000000,"caller_amount":42942.0},{"day":1563926400000,"caller_amount":40098.0},{"day":1564012800000,"caller_amount":37339.0},{"day":1564099200000,"caller_amount":38010.0},{"day":1564185600000,"caller_amount":35150.0},{"day":1564272000000,"caller_amount":36136.0},{"day":1564358400000,"caller_amount":37245.0},{"day":1564444800000,"caller_amount":39836.0},{"day":1564531200000,"caller_amount":37606.0},{"day":1564617600000,"caller_amount":38140.0},{"day":1564704000000,"caller_amount":39642.0},{"day":1564790400000,"caller_amount":39647.0},{"day":1564876800000,"caller_amount":43375.0},{"day":1564963200000,"caller_amount":44606.0},{"day":1565049600000,"caller_amount":43191.0},{"day":1565136000000,"caller_amount":43552.0},{"day":1565222400000,"caller_amount":41444.0},{"day":1565308800000,"caller_amount":40180.0},{"day":1565395200000,"caller_amount":39800.0},{"day":1565481600000,"caller_amount":40564.0},{"day":1565568000000,"caller_amount":44080.0},{"day":1565654400000,"caller_amount":43903.0},{"day":1565740800000,"caller_amount":45920.0},{"day":1565827200000,"caller_amount":35806.0},{"day":1565913600000,"caller_amount":38467.0},{"day":1566000000000,"caller_amount":37009.0},{"day":1566086400000,"caller_amount":37409.0},{"day":1566172800000,"caller_amount":41869.0},{"day":1566259200000,"caller_amount":41949.0},{"day":1566345600000,"caller_amount":38840.0},{"day":1566432000000,"caller_amount":40491.0},{"day":1566518400000,"caller_amount":42992.0},{"day":1566604800000,"caller_amount":40750.0},{"day":1566691200000,"caller_amount":36086.0},{"day":1566777600000,"caller_amount":39525.0},{"day":1566864000000,"caller_amount":37959.0},{"day":1566950400000,"caller_amount":43995.0},{"day":1567036800000,"caller_amount":32846.0},{"day":1567123200000,"caller_amount":34061.0},{"day":1567209600000,"caller_amount":33202.0},{"day":1567296000000,"caller_amount":33701.0},{"day":1567382400000,"caller_amount":36193.0},{"day":1567468800000,"caller_amount":35119.0},{"day":1567555200000,"caller_amount":38669.0},{"day":1567641600000,"caller_amount":37889.0},{"day":1567728000000,"caller_amount":37011.0},{"day":1567814400000,"caller_amount":34025.0},{"day":1567900800000,"caller_amount":35334.0},{"day":1567987200000,"caller_amount":33661.0},{"day":1568073600000,"caller_amount":33877.0},{"day":1568160000000,"caller_amount":38730.0},{"day":1568246400000,"caller_amount":37742.0},{"day":1568332800000,"caller_amount":34413.0},{"day":1568419200000,"caller_amount":33789.0},{"day":1568505600000,"caller_amount":33505.0},{"day":1568592000000,"caller_amount":31098.0},{"day":1568678400000,"caller_amount":32141.0},{"day":1568764800000,"caller_amount":31920.0},{"day":1568851200000,"caller_amount":46671.0},{"day":1568937600000,"caller_amount":37122.0},{"day":1569024000000,"caller_amount":36956.0},{"day":1569110400000,"caller_amount":37282.0},{"day":1569196800000,"caller_amount":40559.0},{"day":1569283200000,"caller_amount":40113.0},{"day":1569369600000,"caller_amount":41954.0},{"day":1569456000000,"caller_amount":41268.0},{"day":1569542400000,"caller_amount":39026.0},{"day":1569628800000,"caller_amount":40698.0},{"day":1569715200000,"caller_amount":38934.0},{"day":1569801600000,"caller_amount":41606.0},{"day":1569888000000,"caller_amount":37671.0},{"day":1569974400000,"caller_amount":38055.0},{"day":1570060800000,"caller_amount":38848.0},{"day":1570147200000,"caller_amount":39186.0},{"day":1570233600000,"caller_amount":37818.0},{"day":1570320000000,"caller_amount":37217.0},{"day":1570406400000,"caller_amount":38360.0},{"day":1570492800000,"caller_amount":40667.0},{"day":1570579200000,"caller_amount":41375.0},{"day":1570665600000,"caller_amount":41733.0},{"day":1570752000000,"caller_amount":42002.0},{"day":1570838400000,"caller_amount":39127.0},{"day":1570924800000,"caller_amount":39316.0},{"day":1571011200000,"caller_amount":45287.0},{"day":1571097600000,"caller_amount":42028.0},{"day":1571184000000,"caller_amount":42281.0},{"day":1571270400000,"caller_amount":44750.0},{"day":1571356800000,"caller_amount":50686.0},{"day":1571443200000,"caller_amount":46382.0},{"day":1571529600000,"caller_amount":41211.0},{"day":1571616000000,"caller_amount":39165.0},{"day":1571702400000,"caller_amount":39957.0},{"day":1571788800000,"caller_amount":41498.0},{"day":1571875200000,"caller_amount":47138.0},{"day":1571961600000,"caller_amount":44489.0},{"day":1572048000000,"caller_amount":43935.0},{"day":1572134400000,"caller_amount":42840.0},{"day":1572220800000,"caller_amount":58283.0},{"day":1572307200000,"caller_amount":51628.0},{"day":1572393600000,"caller_amount":48761.0},{"day":1572480000000,"caller_amount":51162.0},{"day":1572566400000,"caller_amount":49695.0},{"day":1572652800000,"caller_amount":49993.0},{"day":1572739200000,"caller_amount":54069.0},{"day":1572825600000,"caller_amount":56885.0},{"day":1572912000000,"caller_amount":59225.0},{"day":1572998400000,"caller_amount":55137.0},{"day":1573084800000,"caller_amount":54959.0},{"day":1573171200000,"caller_amount":56519.0},{"day":1573257600000,"caller_amount":56697.0},{"day":1573344000000,"caller_amount":55690.0},{"day":1573430400000,"caller_amount":57100.0},{"day":1573516800000,"caller_amount":54868.0},{"day":1573603200000,"caller_amount":56894.0},{"day":1573689600000,"caller_amount":55423.0},{"day":1573776000000,"caller_amount":54030.0},{"day":1573862400000,"caller_amount":50367.0},{"day":1573948800000,"caller_amount":54385.0},{"day":1574035200000,"caller_amount":51890.0},{"day":1574121600000,"caller_amount":52403.0},{"day":1574208000000,"caller_amount":51292.0},{"day":1574294400000,"caller_amount":50603.0},{"day":1574380800000,"caller_amount":51249.0},{"day":1574467200000,"caller_amount":49508.0},{"day":1574553600000,"caller_amount":50043.0},{"day":1574640000000,"caller_amount":49703.0},{"day":1574726400000,"caller_amount":50768.0},{"day":1574812800000,"caller_amount":51635.0},{"day":1574899200000,"caller_amount":48153.0},{"day":1574985600000,"caller_amount":45202.0},{"day":1575072000000,"caller_amount":40913.0},{"day":1575158400000,"caller_amount":47674.0},{"day":1575244800000,"caller_amount":41300.0},{"day":1575331200000,"caller_amount":51096.0},{"day":1575417600000,"caller_amount":48513.0},{"day":1575504000000,"caller_amount":36198.0},{"day":1575590400000,"caller_amount":35628.0},{"day":1575676800000,"caller_amount":35781.0},{"day":1575763200000,"caller_amount":32658.0},{"day":1575849600000,"caller_amount":34601.0},{"day":1575936000000,"caller_amount":35549.0},{"day":1576022400000,"caller_amount":38145.0},{"day":1576108800000,"caller_amount":35310.0},{"day":1576195200000,"caller_amount":36542.0},{"day":1576281600000,"caller_amount":37381.0},{"day":1576368000000,"caller_amount":36107.0},{"day":1576454400000,"caller_amount":36613.0},{"day":1576540800000,"caller_amount":36938.0},{"day":1576627200000,"caller_amount":35781.0},{"day":1576713600000,"caller_amount":37272.0},{"day":1576800000000,"caller_amount":35821.0},{"day":1576886400000,"caller_amount":33988.0},{"day":1576972800000,"caller_amount":34404.0},{"day":1577059200000,"caller_amount":44182.0},{"day":1577145600000,"caller_amount":41641.0},{"day":1577232000000,"caller_amount":39544.0},{"day":1577318400000,"caller_amount":40215.0},{"day":1577404800000,"caller_amount":39144.0},{"day":1577491200000,"caller_amount":39479.0},{"day":1577577600000,"caller_amount":39260.0},{"day":1577664000000,"caller_amount":35326.0},{"day":1577750400000,"caller_amount":38507.0},{"day":1577836800000,"caller_amount":37440.0},{"day":1577923200000,"caller_amount":38876.0},{"day":1578009600000,"caller_amount":38400.0},{"day":1578096000000,"caller_amount":38364.0},{"day":1578182400000,"caller_amount":37336.0},{"day":1578268800000,"caller_amount":37317.0},{"day":1578355200000,"caller_amount":36116.0},{"day":1578441600000,"caller_amount":35296.0},{"day":1578528000000,"caller_amount":35616.0},{"day":1578614400000,"caller_amount":37131.0},{"day":1578700800000,"caller_amount":34362.0},{"day":1578787200000,"caller_amount":33589.0},{"day":1578873600000,"caller_amount":35210.0},{"day":1578960000000,"caller_amount":37556.0},{"day":1579046400000,"caller_amount":36833.0},{"day":1579132800000,"caller_amount":34262.0},{"day":1579219200000,"caller_amount":35907.0},{"day":1579305600000,"caller_amount":35902.0},{"day":1579392000000,"caller_amount":36404.0},{"day":1579478400000,"caller_amount":39959.0},{"day":1579564800000,"caller_amount":36831.0},{"day":1579651200000,"caller_amount":36387.0},{"day":1579737600000,"caller_amount":35441.0},{"day":1579824000000,"caller_amount":36964.0},{"day":1579910400000,"caller_amount":36600.0},{"day":1579996800000,"caller_amount":36181.0},{"day":1580083200000,"caller_amount":35551.0},{"day":1580169600000,"caller_amount":38673.0},{"day":1580256000000,"caller_amount":39574.0},{"day":1580342400000,"caller_amount":37962.0},{"day":1580428800000,"caller_amount":37726.0},{"day":1580515200000,"caller_amount":38539.0},{"day":1580601600000,"caller_amount":38841.0},{"day":1580688000000,"caller_amount":37467.0},{"day":1580774400000,"caller_amount":38007.0},{"day":1580860800000,"caller_amount":39341.0},{"day":1580947200000,"caller_amount":39084.0},{"day":1581033600000,"caller_amount":38631.0},{"day":1581120000000,"caller_amount":40573.0},{"day":1581206400000,"caller_amount":37356.0},{"day":1581292800000,"caller_amount":36846.0},{"day":1581379200000,"caller_amount":34792.0},{"day":1581465600000,"caller_amount":39065.0},{"day":1581552000000,"caller_amount":38125.0},{"day":1581638400000,"caller_amount":36923.0},{"day":1581724800000,"caller_amount":38580.0},{"day":1581811200000,"caller_amount":37184.0},{"day":1581897600000,"caller_amount":37182.0},{"day":1581984000000,"caller_amount":36407.0},{"day":1582070400000,"caller_amount":37072.0},{"day":1582156800000,"caller_amount":40387.0},{"day":1582243200000,"caller_amount":37473.0},{"day":1582329600000,"caller_amount":37751.0},{"day":1582416000000,"caller_amount":36777.0},{"day":1582502400000,"caller_amount":35380.0},{"day":1582588800000,"caller_amount":37862.0},{"day":1582675200000,"caller_amount":36435.0},{"day":1582761600000,"caller_amount":36442.0},{"day":1582848000000,"caller_amount":36365.0},{"day":1582934400000,"caller_amount":35054.0},{"day":1583020800000,"caller_amount":33589.0},{"day":1583107200000,"caller_amount":34424.0},{"day":1583193600000,"caller_amount":52869.0},{"day":1583280000000,"caller_amount":37708.0},{"day":1583366400000,"caller_amount":34662.0},{"day":1583452800000,"caller_amount":34348.0},{"day":1583539200000,"caller_amount":37076.0},{"day":1583625600000,"caller_amount":38543.0},{"day":1583712000000,"caller_amount":40938.0},{"day":1583798400000,"caller_amount":39745.0},{"day":1583884800000,"caller_amount":40631.0},{"day":1583971200000,"caller_amount":42932.0},{"day":1584057600000,"caller_amount":42729.0},{"day":1584144000000,"caller_amount":40924.0},{"day":1584230400000,"caller_amount":40464.0},{"day":1584316800000,"caller_amount":39804.0},{"day":1584403200000,"caller_amount":41976.0},{"day":1584489600000,"caller_amount":46180.0},{"day":1584576000000,"caller_amount":42639.0},{"day":1584662400000,"caller_amount":39940.0},{"day":1584748800000,"caller_amount":38394.0},{"day":1584835200000,"caller_amount":39897.0},{"day":1584921600000,"caller_amount":38985.0},{"day":1585008000000,"caller_amount":36599.0},{"day":1585094400000,"caller_amount":36377.0},{"day":1585180800000,"caller_amount":38305.0},{"day":1585267200000,"caller_amount":10086.0}]
12:57:57.140 [TestNG-tests-1] INFO tron.common.TronscanApiList - max:{"day":1553644800000,"caller_amount":135706.0}
12:57:57.140 [TestNG-tests-1] INFO tron.common.TronscanApiList - JSON content size are: 4
12:57:57.140 [TestNG-tests-1] INFO tron.common.TronscanApiList - ----------------------------Print JSON End-----------------------------
]]></system-out>
  <system-err><![CDATA[]]></system-err>
</testsuite>
