<?xml version="1.0" encoding="UTF-8"?>
<testsuite name="tron.tronscan.api.ExchangeList" tests="1" skipped="0" failures="0" errors="0" timestamp="2020-03-27T04:57:57" hostname="zhukaideiMac.local" time="0.584">
  <properties/>
  <testcase name="getExchangeList" classname="tron.tronscan.api.ExchangeList" time="0.584"/>
  <system-out><![CDATA[http://apilist.tronscan.org/api/exchanges/list?sort=-balance
12:57:57.141 [TestNG-tests-1] DEBUG org.apache.http.impl.conn.PoolingClientConnectionManager - Connection request: [route: {}->http://apilist.tronscan.org:80][total kept alive: 0; route allocated: 0 of 80; total allocated: 0 of 100]
12:57:57.141 [TestNG-tests-1] DEBUG org.apache.http.impl.conn.PoolingClientConnectionManager - Connection leased: [id: 39][route: {}->http://apilist.tronscan.org:80][total kept alive: 0; route allocated: 1 of 80; total allocated: 1 of 100]
12:57:57.142 [TestNG-tests-1] DEBUG org.apache.http.impl.conn.DefaultClientConnectionOperator - Connecting to apilist.tronscan.org:80
12:57:57.379 [TestNG-tests-1] DEBUG org.apache.http.client.protocol.RequestAddCookies - CookieSpec selected: default
12:57:57.379 [TestNG-tests-1] DEBUG org.apache.http.client.protocol.RequestAuthCache - Auth cache not set in the context
12:57:57.379 [TestNG-tests-1] DEBUG org.apache.http.client.protocol.RequestTargetAuthentication - Target auth state: UNCHALLENGED
12:57:57.379 [TestNG-tests-1] DEBUG org.apache.http.client.protocol.RequestProxyAuthentication - Proxy auth state: UNCHALLENGED
12:57:57.379 [TestNG-tests-1] DEBUG org.apache.http.impl.client.DefaultHttpClient - Attempt 1 to execute request
12:57:57.379 [TestNG-tests-1] DEBUG org.apache.http.impl.conn.DefaultClientConnection - Sending request: GET /api/exchanges/list?sort=-balance HTTP/1.1
12:57:57.379 [TestNG-tests-1] DEBUG org.apache.http.wire -  >> "GET /api/exchanges/list?sort=-balance HTTP/1.1[\r][\n]"
12:57:57.379 [TestNG-tests-1] DEBUG org.apache.http.wire -  >> "Content-type: application/json; charset=utf-8[\r][\n]"
12:57:57.379 [TestNG-tests-1] DEBUG org.apache.http.wire -  >> "Connection: Close[\r][\n]"
12:57:57.379 [TestNG-tests-1] DEBUG org.apache.http.wire -  >> "Host: apilist.tronscan.org[\r][\n]"
12:57:57.379 [TestNG-tests-1] DEBUG org.apache.http.wire -  >> "User-Agent: Apache-HttpClient/4.5.3 (Java/1.8.0_211)[\r][\n]"
12:57:57.379 [TestNG-tests-1] DEBUG org.apache.http.wire -  >> "[\r][\n]"
12:57:57.379 [TestNG-tests-1] DEBUG org.apache.http.headers - >> GET /api/exchanges/list?sort=-balance HTTP/1.1
12:57:57.379 [TestNG-tests-1] DEBUG org.apache.http.headers - >> Content-type: application/json; charset=utf-8
12:57:57.379 [TestNG-tests-1] DEBUG org.apache.http.headers - >> Connection: Close
12:57:57.379 [TestNG-tests-1] DEBUG org.apache.http.headers - >> Host: apilist.tronscan.org
12:57:57.379 [TestNG-tests-1] DEBUG org.apache.http.headers - >> User-Agent: Apache-HttpClient/4.5.3 (Java/1.8.0_211)
12:57:57.724 [TestNG-tests-1] DEBUG org.apache.http.wire -  << "HTTP/1.1 200 OK[\r][\n]"
12:57:57.724 [TestNG-tests-1] DEBUG org.apache.http.wire -  << "Server: nginx[\r][\n]"
12:57:57.724 [TestNG-tests-1] DEBUG org.apache.http.wire -  << "Date: Fri, 27 Mar 2020 04:57:58 GMT[\r][\n]"
12:57:57.724 [TestNG-tests-1] DEBUG org.apache.http.wire -  << "Content-Type: application/json;charset=utf-8[\r][\n]"
12:57:57.724 [TestNG-tests-1] DEBUG org.apache.http.wire -  << "Content-Length: 3362[\r][\n]"
12:57:57.724 [TestNG-tests-1] DEBUG org.apache.http.wire -  << "Connection: close[\r][\n]"
12:57:57.724 [TestNG-tests-1] DEBUG org.apache.http.wire -  << "Vary: Accept-Encoding[\r][\n]"
12:57:57.724 [TestNG-tests-1] DEBUG org.apache.http.wire -  << "Access-Control-Allow-Origin: *[\r][\n]"
12:57:57.724 [TestNG-tests-1] DEBUG org.apache.http.wire -  << "Access-Control-Allow-Headers: DNT,X-Mx-ReqToken,Keep-Alive,User-Agent,X-Requested-With,If-Modified-Since,Cache-Control,Content-Type,Authorization[\r][\n]"
12:57:57.724 [TestNG-tests-1] DEBUG org.apache.http.wire -  << "Access-Control-Allow-Methods: GET,POST,PUT,DELETE,OPTIONS[\r][\n]"
12:57:57.724 [TestNG-tests-1] DEBUG org.apache.http.wire -  << "X-Proxy-Cache: EXPIRED[\r][\n]"
12:57:57.724 [TestNG-tests-1] DEBUG org.apache.http.wire -  << "[\r][\n]"
12:57:57.724 [TestNG-tests-1] DEBUG org.apache.http.impl.conn.DefaultClientConnection - Receiving response: HTTP/1.1 200 OK
12:57:57.724 [TestNG-tests-1] DEBUG org.apache.http.headers - << HTTP/1.1 200 OK
12:57:57.724 [TestNG-tests-1] DEBUG org.apache.http.headers - << Server: nginx
12:57:57.724 [TestNG-tests-1] DEBUG org.apache.http.headers - << Date: Fri, 27 Mar 2020 04:57:58 GMT
12:57:57.724 [TestNG-tests-1] DEBUG org.apache.http.headers - << Content-Type: application/json;charset=utf-8
12:57:57.724 [TestNG-tests-1] DEBUG org.apache.http.headers - << Content-Length: 3362
12:57:57.724 [TestNG-tests-1] DEBUG org.apache.http.headers - << Connection: close
12:57:57.724 [TestNG-tests-1] DEBUG org.apache.http.headers - << Vary: Accept-Encoding
12:57:57.724 [TestNG-tests-1] DEBUG org.apache.http.headers - << Access-Control-Allow-Origin: *
12:57:57.724 [TestNG-tests-1] DEBUG org.apache.http.headers - << Access-Control-Allow-Headers: DNT,X-Mx-ReqToken,Keep-Alive,User-Agent,X-Requested-With,If-Modified-Since,Cache-Control,Content-Type,Authorization
12:57:57.724 [TestNG-tests-1] DEBUG org.apache.http.headers - << Access-Control-Allow-Methods: GET,POST,PUT,DELETE,OPTIONS
12:57:57.724 [TestNG-tests-1] DEBUG org.apache.http.headers - << X-Proxy-Cache: EXPIRED
http://apilist.tronscan.org/api/exchanges/list?sort=-balance 请求总耗时：583 毫秒
12:57:57.724 [TestNG-tests-1] INFO tron.tronscan.api.ExchangeList - code is 200
12:57:57.724 [TestNG-tests-1] DEBUG org.apache.http.wire -  << "{"total":7,"Data":[{"first_token_id":"1000226","up_down_percent":"0.0","second_token_balance":6367283172,"exchange_name":"1000226/_","volume":"0.0","second_token_abbr":"_","exchange_id":25,"high":"0.31530568","first_token_balance":20194,"low":"0.31530568","price":0.31530568,"first_owner_address":"TRseWF73sdjasSBmDnZdt6gpcsE8ARFuVG","creator_address":"TKLjUL8aedK5H9AjFahYAzDzT29LU6Z9e4","svolume":"385.432358","first_token_abbr":"1000226","exchange_abbr_name":"TERC/TRX","second_token_id":"_","status":"1"},{"first_token_id":"1001107","up_down_percent":"0.0","second_token_balance":1444351553012,"exchange_name":"1001107/_","volume":"10.0","second_token_abbr":"_","exchange_id":74,"high":"2.0838315","first_token_balance":693123,"low":"2.0838315","price":2.0838315,"first_owner_address":"TPuYjud9uLVCc7kNuXvA3kMj9fw8Jf3pdk","creator_address":"TRAV331zr8fV8iENKifqGHMxRiKkVji7hs","svolume":"20.942807","first_token_abbr":"1001107","exchange_abbr_name":"KAOS/TRX","second_token_id":"_","status":"1"},{"first_token_id":"1000001","up_down_percent":"0.0","second_token_balance":0,"exchange_name":"1000001/_","volume":"0.0","second_token_abbr":"_","exchange_id":9,"high":"3.2097197","first_token_balance":0,"low":"3.2097197","price":0,"first_owner_address":"TGzz8gjYiYRqpfmDwnLxfgPuLVNmpCswVp","creator_address":"TGAGGMBKK1fq2Ym3ZQDzTWa55R68UB5xWU","svolume":"0.0","first_token_abbr":"1000001","exchange_abbr_name":"SEED/TRX","second_token_id":"_","status":"1"},{"first_token_id":"1000933","up_down_percent":"0.0","second_token_balance":0,"exchange_name":"1000933/_","volume":"0.0","second_token_abbr":"_","exchange_id":5,"high":"0.6373646","first_token_balance":0,"low":"0.6373646","price":0,"first_owner_address":"TEa9djUTSptM5t9UenYkubibUTYaxeha3G","creator_address":"TTGPDT8oR8oyiZeKgb6p1K1fKr8ccETGJr","svolume":"0.0","first_token_abbr":"1000933","exchange_abbr_name":"TWM/TRX","second_token_id":"_","status":"1"},{"first_token_id":"1001313","up_down_percent":"0.0","second_token_balance":31872,"exchange_name":"1001313/_","volume":"0.0","second_token_abbr":"_","exchange_id":10,"high":"0.031872","first_token_balance":1,"low":"0.031872","price":0.031872,"first_owner_address":"TCLJe8giq47DEwX9PtiSJk64LRhQMtNARf","creator_address":"TCLJe8giq47DEwX9PtiSJk64LRhQMtNARf","svolume":"0.0","first_token_abbr":"1001313","exchange_abbr_name":"CGIZA/TRX","second_token_id":"_","status":"1"},{"first_token_id":"1001351","up_down_percent":"0.0","second_token_balance":833357,"exchange_name":"1001351/_","volume":"0.0","second_token_abbr":"_","exchange_id":35,"high":"0.039683666","first_token_balance":21,"low":"0.039683666","price":0.03968367,"first_owner_address":"TPRxUBEakukBMwTScCHgvCPSBYk5UhfboJ","creator_address":"TNkGetoweN4vfxFbvQsk8RgWzajGJLXZBe","svolume":"0.0","first_token_abbr":"1001351","exchange_abbr_name":"CDF/TRX","second_token_id":"_","status":"1"},{"first_token_id":"1001090","up_down_percent":"0.0","second_token_balance":570214845382,"exchange_name":"1001090/_","volume":"38000.0","second_token_abbr":"_","exchange_id":44,"high":"0.0052502607","first_token_balance":108606963,"low":"0.0052502607","price":0.0052502607,"first_owner_address":"TU1LUTYDMG6iihimUpAmdnnBthawPKh1cm","creator_address":"TYjNqmBaTmQ8UFLfmunUuUGuLnGvLLBojK","svolume":"0.0","first_token_abbr":"1001090","exchange_abbr_name":"TONE/TRX","second_token_id":"_","status":"1"}]}[\n]"
12:57:57.724 [TestNG-tests-1] DEBUG org.apache.http.impl.conn.DefaultClientConnection - Connection 0.0.0.0:61098<->18.216.178.128:80 closed
12:57:57.724 [TestNG-tests-1] DEBUG org.apache.http.impl.conn.PoolingClientConnectionManager - Connection released: [id: 39][route: {}->http://apilist.tronscan.org:80][total kept alive: 0; route allocated: 0 of 80; total allocated: 0 of 100]
12:57:57.725 [TestNG-tests-1] INFO tron.common.TronscanApiList - ----------------------------Print JSON Start---------------------------
12:57:57.725 [TestNG-tests-1] INFO tron.common.TronscanApiList - total:7
12:57:57.725 [TestNG-tests-1] INFO tron.common.TronscanApiList - Data:[{"first_token_id":"1000226","up_down_percent":"0.0","second_token_balance":6367283172,"exchange_name":"1000226/_","volume":"0.0","second_token_abbr":"_","exchange_id":25,"high":"0.31530568","first_token_balance":20194,"low":"0.31530568","price":0.31530568,"first_owner_address":"TRseWF73sdjasSBmDnZdt6gpcsE8ARFuVG","creator_address":"TKLjUL8aedK5H9AjFahYAzDzT29LU6Z9e4","svolume":"385.432358","first_token_abbr":"1000226","exchange_abbr_name":"TERC/TRX","second_token_id":"_","status":"1"},{"first_token_id":"1001107","up_down_percent":"0.0","second_token_balance":1444351553012,"exchange_name":"1001107/_","volume":"10.0","second_token_abbr":"_","exchange_id":74,"high":"2.0838315","first_token_balance":693123,"low":"2.0838315","price":2.0838315,"first_owner_address":"TPuYjud9uLVCc7kNuXvA3kMj9fw8Jf3pdk","creator_address":"TRAV331zr8fV8iENKifqGHMxRiKkVji7hs","svolume":"20.942807","first_token_abbr":"1001107","exchange_abbr_name":"KAOS/TRX","second_token_id":"_","status":"1"},{"first_token_id":"1000001","up_down_percent":"0.0","second_token_balance":0,"exchange_name":"1000001/_","volume":"0.0","second_token_abbr":"_","exchange_id":9,"high":"3.2097197","first_token_balance":0,"low":"3.2097197","price":0,"first_owner_address":"TGzz8gjYiYRqpfmDwnLxfgPuLVNmpCswVp","creator_address":"TGAGGMBKK1fq2Ym3ZQDzTWa55R68UB5xWU","svolume":"0.0","first_token_abbr":"1000001","exchange_abbr_name":"SEED/TRX","second_token_id":"_","status":"1"},{"first_token_id":"1000933","up_down_percent":"0.0","second_token_balance":0,"exchange_name":"1000933/_","volume":"0.0","second_token_abbr":"_","exchange_id":5,"high":"0.6373646","first_token_balance":0,"low":"0.6373646","price":0,"first_owner_address":"TEa9djUTSptM5t9UenYkubibUTYaxeha3G","creator_address":"TTGPDT8oR8oyiZeKgb6p1K1fKr8ccETGJr","svolume":"0.0","first_token_abbr":"1000933","exchange_abbr_name":"TWM/TRX","second_token_id":"_","status":"1"},{"first_token_id":"1001313","up_down_percent":"0.0","second_token_balance":31872,"exchange_name":"1001313/_","volume":"0.0","second_token_abbr":"_","exchange_id":10,"high":"0.031872","first_token_balance":1,"low":"0.031872","price":0.031872,"first_owner_address":"TCLJe8giq47DEwX9PtiSJk64LRhQMtNARf","creator_address":"TCLJe8giq47DEwX9PtiSJk64LRhQMtNARf","svolume":"0.0","first_token_abbr":"1001313","exchange_abbr_name":"CGIZA/TRX","second_token_id":"_","status":"1"},{"first_token_id":"1001351","up_down_percent":"0.0","second_token_balance":833357,"exchange_name":"1001351/_","volume":"0.0","second_token_abbr":"_","exchange_id":35,"high":"0.039683666","first_token_balance":21,"low":"0.039683666","price":0.03968367,"first_owner_address":"TPRxUBEakukBMwTScCHgvCPSBYk5UhfboJ","creator_address":"TNkGetoweN4vfxFbvQsk8RgWzajGJLXZBe","svolume":"0.0","first_token_abbr":"1001351","exchange_abbr_name":"CDF/TRX","second_token_id":"_","status":"1"},{"first_token_id":"1001090","up_down_percent":"0.0","second_token_balance":570214845382,"exchange_name":"1001090/_","volume":"38000.0","second_token_abbr":"_","exchange_id":44,"high":"0.0052502607","first_token_balance":108606963,"low":"0.0052502607","price":0.0052502607,"first_owner_address":"TU1LUTYDMG6iihimUpAmdnnBthawPKh1cm","creator_address":"TYjNqmBaTmQ8UFLfmunUuUGuLnGvLLBojK","svolume":"0.0","first_token_abbr":"1001090","exchange_abbr_name":"TONE/TRX","second_token_id":"_","status":"1"}]
12:57:57.725 [TestNG-tests-1] INFO tron.common.TronscanApiList - JSON content size are: 2
12:57:57.725 [TestNG-tests-1] INFO tron.common.TronscanApiList - ----------------------------Print JSON End-----------------------------
]]></system-out>
  <system-err><![CDATA[]]></system-err>
</testsuite>
