<?xml version="1.0" encoding="UTF-8"?>
<testsuite name="tron.tronscan.api.SearchList" tests="1" skipped="0" failures="0" errors="0" timestamp="2020-03-27T04:58:36" hostname="zhukaideiMac.local" time="0.763">
  <properties/>
  <testcase name="getSearch" classname="tron.tronscan.api.SearchList" time="0.763"/>
  <system-out><![CDATA[http://apilist.tronscan.org/api/search
12:58:36.017 [TestNG-tests-1] DEBUG org.apache.http.impl.conn.PoolingClientConnectionManager - Connection request: [route: {}->http://apilist.tronscan.org:80][total kept alive: 0; route allocated: 0 of 80; total allocated: 0 of 100]
12:58:36.017 [TestNG-tests-1] DEBUG org.apache.http.impl.conn.PoolingClientConnectionManager - Connection leased: [id: 53][route: {}->http://apilist.tronscan.org:80][total kept alive: 0; route allocated: 1 of 80; total allocated: 1 of 100]
12:58:36.017 [TestNG-tests-1] DEBUG org.apache.http.impl.conn.DefaultClientConnectionOperator - Connecting to apilist.tronscan.org:80
12:58:36.327 [TestNG-tests-1] DEBUG org.apache.http.client.protocol.RequestAddCookies - CookieSpec selected: default
12:58:36.327 [TestNG-tests-1] DEBUG org.apache.http.client.protocol.RequestAuthCache - Auth cache not set in the context
12:58:36.327 [TestNG-tests-1] DEBUG org.apache.http.client.protocol.RequestTargetAuthentication - Target auth state: UNCHALLENGED
12:58:36.327 [TestNG-tests-1] DEBUG org.apache.http.client.protocol.RequestProxyAuthentication - Proxy auth state: UNCHALLENGED
12:58:36.327 [TestNG-tests-1] DEBUG org.apache.http.impl.client.DefaultHttpClient - Attempt 1 to execute request
12:58:36.327 [TestNG-tests-1] DEBUG org.apache.http.impl.conn.DefaultClientConnection - Sending request: GET /api/search?term=1 HTTP/1.1
12:58:36.327 [TestNG-tests-1] DEBUG org.apache.http.wire -  >> "GET /api/search?term=1 HTTP/1.1[\r][\n]"
12:58:36.327 [TestNG-tests-1] DEBUG org.apache.http.wire -  >> "Content-type: application/json; charset=utf-8[\r][\n]"
12:58:36.327 [TestNG-tests-1] DEBUG org.apache.http.wire -  >> "Connection: Close[\r][\n]"
12:58:36.327 [TestNG-tests-1] DEBUG org.apache.http.wire -  >> "Host: apilist.tronscan.org[\r][\n]"
12:58:36.327 [TestNG-tests-1] DEBUG org.apache.http.wire -  >> "User-Agent: Apache-HttpClient/4.5.3 (Java/1.8.0_211)[\r][\n]"
12:58:36.327 [TestNG-tests-1] DEBUG org.apache.http.wire -  >> "[\r][\n]"
12:58:36.327 [TestNG-tests-1] DEBUG org.apache.http.headers - >> GET /api/search?term=1 HTTP/1.1
12:58:36.327 [TestNG-tests-1] DEBUG org.apache.http.headers - >> Content-type: application/json; charset=utf-8
12:58:36.327 [TestNG-tests-1] DEBUG org.apache.http.headers - >> Connection: Close
12:58:36.327 [TestNG-tests-1] DEBUG org.apache.http.headers - >> Host: apilist.tronscan.org
12:58:36.327 [TestNG-tests-1] DEBUG org.apache.http.headers - >> User-Agent: Apache-HttpClient/4.5.3 (Java/1.8.0_211)
12:58:36.779 [TestNG-tests-1] DEBUG org.apache.http.wire -  << "HTTP/1.1 200 OK[\r][\n]"
12:58:36.779 [TestNG-tests-1] DEBUG org.apache.http.wire -  << "Server: nginx[\r][\n]"
12:58:36.779 [TestNG-tests-1] DEBUG org.apache.http.wire -  << "Date: Fri, 27 Mar 2020 04:58:37 GMT[\r][\n]"
12:58:36.779 [TestNG-tests-1] DEBUG org.apache.http.wire -  << "Content-Type: application/json;charset=utf-8[\r][\n]"
12:58:36.779 [TestNG-tests-1] DEBUG org.apache.http.wire -  << "Content-Length: 2853[\r][\n]"
12:58:36.779 [TestNG-tests-1] DEBUG org.apache.http.wire -  << "Connection: close[\r][\n]"
12:58:36.780 [TestNG-tests-1] DEBUG org.apache.http.wire -  << "Vary: Accept-Encoding[\r][\n]"
12:58:36.780 [TestNG-tests-1] DEBUG org.apache.http.wire -  << "Access-Control-Allow-Origin: *[\r][\n]"
12:58:36.780 [TestNG-tests-1] DEBUG org.apache.http.wire -  << "Access-Control-Allow-Headers: DNT,X-Mx-ReqToken,Keep-Alive,User-Agent,X-Requested-With,If-Modified-Since,Cache-Control,Content-Type,Authorization[\r][\n]"
12:58:36.780 [TestNG-tests-1] DEBUG org.apache.http.wire -  << "Access-Control-Allow-Methods: GET,POST,PUT,DELETE,OPTIONS[\r][\n]"
12:58:36.780 [TestNG-tests-1] DEBUG org.apache.http.wire -  << "X-Proxy-Cache: MISS[\r][\n]"
12:58:36.780 [TestNG-tests-1] DEBUG org.apache.http.wire -  << "[\r][\n]"
12:58:36.780 [TestNG-tests-1] DEBUG org.apache.http.impl.conn.DefaultClientConnection - Receiving response: HTTP/1.1 200 OK
12:58:36.780 [TestNG-tests-1] DEBUG org.apache.http.headers - << HTTP/1.1 200 OK
12:58:36.780 [TestNG-tests-1] DEBUG org.apache.http.headers - << Server: nginx
12:58:36.780 [TestNG-tests-1] DEBUG org.apache.http.headers - << Date: Fri, 27 Mar 2020 04:58:37 GMT
12:58:36.780 [TestNG-tests-1] DEBUG org.apache.http.headers - << Content-Type: application/json;charset=utf-8
12:58:36.780 [TestNG-tests-1] DEBUG org.apache.http.headers - << Content-Length: 2853
12:58:36.780 [TestNG-tests-1] DEBUG org.apache.http.headers - << Connection: close
12:58:36.780 [TestNG-tests-1] DEBUG org.apache.http.headers - << Vary: Accept-Encoding
12:58:36.780 [TestNG-tests-1] DEBUG org.apache.http.headers - << Access-Control-Allow-Origin: *
12:58:36.780 [TestNG-tests-1] DEBUG org.apache.http.headers - << Access-Control-Allow-Headers: DNT,X-Mx-ReqToken,Keep-Alive,User-Agent,X-Requested-With,If-Modified-Since,Cache-Control,Content-Type,Authorization
12:58:36.780 [TestNG-tests-1] DEBUG org.apache.http.headers - << Access-Control-Allow-Methods: GET,POST,PUT,DELETE,OPTIONS
12:58:36.780 [TestNG-tests-1] DEBUG org.apache.http.headers - << X-Proxy-Cache: MISS
http://apilist.tronscan.org/api/search?term=1 请求总耗时：763 毫秒
12:58:36.780 [TestNG-tests-1] DEBUG org.apache.http.wire -  << "[{"value":"1","desc":"Block"},{"value":"DEF(DEF) 1002852","desc":"Token-TRC10"},{"value":"KrazyKewlRewardsToken(KKRT) 1002854","desc":"Token-TRC10"},{"value":"OakleighBuilders(OKB) 1000266","desc":"Token-TRC10"},{"value":"TRONcash(TRXCH) 1002847","desc":"Token-TRC10"},{"value":"Whatisthis(VRAG) 1002868","desc":"Token-TRC10"},{"value":"DIAMOND(DIAMOND) 1002869","desc":"Token-TRC10"},{"value":"Capelli(CPL) 1002362","desc":"Token-TRC10"},{"value":"TRONAUCTIONS(TAS) 1000509","desc":"Token-TRC10"},{"value":"ATARI(ATARI) 1001847","desc":"Token-TRC10"},{"value":"InternationalFootbalCoin(IFC) 1001593","desc":"Token-TRC10"},{"value":"CommunityAction(CAT) 1001017","desc":"Token-TRC10"},{"value":"!ADToken(ADT) 1002221","desc":"Token-TRC10"},{"value":"BETSPAY(BTP) 1002027","desc":"Token-TRC10"},{"value":"Tattoo(TTT) 1000426","desc":"Token-TRC10"},{"value":"WorldCoin(WRLD) 1002567","desc":"Token-TRC10"},{"value":"LamboToken(LMB) 1000081","desc":"Token-TRC10"},{"value":"DadBod(DBOD) 1000505","desc":"Token-TRC10"},{"value":"PACO(PACO) 1002620","desc":"Token-TRC10"},{"value":"Very(VER) 1002194","desc":"Token-TRC10"},{"value":"parcelchain(pacha) 1001407","desc":"Token-TRC10"},{"value":"TronSecure(TSC) 1001596","desc":"Token-TRC10"},{"value":"CryptoFlash(CFTX) 1001814","desc":"Token-TRC10"},{"value":"TronGameCoin(TGC) 1001429","desc":"Token-TRC10"},{"va"
12:58:36.780 [TestNG-tests-1] DEBUG org.apache.http.wire -  << "lue":"VMirCo(PTR) 1002626","desc":"Token-TRC10"},{"value":"Lambo(Lambo) 1001027","desc":"Token-TRC10"},{"value":"UgotTRONed(UTRON) 1001547","desc":"Token-TRC10"},{"value":"TronWatchToken(TWT) 1001034","desc":"Token-TRC10"},{"value":"ZerkZ(ZRK) 1001569","desc":"Token-TRC10"},{"value":"KIWIBerry(KIWI) 1001067","desc":"Token-TRC10"},{"value":"SocialMediaCoin(Media) 1000550","desc":"Token-TRC10"},{"value":"GAcoin(GAC) 1000998","desc":"Token-TRC10"},{"value":"SW(Sw) 1001280","desc":"Token-TRC10"},{"value":"LetsTrip(LST) 1002260","desc":"Token-TRC10"},{"value":"TRG(TRG) 1002681","desc":"Token-TRC10"},{"value":"SPACE(SPACE) 1002736","desc":"Token-TRC10"},{"value":"AssChat(ASS) 1001136","desc":"Token-TRC10"},{"value":"AOCOINUSD(AOUSD) 1002685","desc":"Token-TRC10"},{"value":"BLOCKFXGOLD(BFG) 1001831","desc":"Token-TRC10"},{"value":"TronGuarD(TGD) 1002021","desc":"Token-TRC10"},{"value":"KLCTEST(KLCTE) 1002385","desc":"Token-TRC10"},{"value":"ColorPop(clp) 1002026","desc":"Token-TRC10"},{"value":"TRONA(TRA) 1001817","desc":"Token-TRC10"},{"value":"BitCoffe(CAFE) 1002360","desc":"Token-TRC10"},{"value":"TronLoan(TLT) 1002243","desc":"Token-TRC10"},{"value":"GoGoMonster(GGM) 1002800","desc":"Token-TRC10"},{"value":"James(king) 1000821","desc":"Token-TRC10"},{"value":"ALIENEGG(ALEGG) 1001676","desc":"Token-TRC10"},{"value":"DontPanic(BRNC18) 1002371","desc":"Token-TRC10"},{"value":"Metadollar(MD) 1002061","desc":"Token-TRC10"},{"value":"EasterEgg(EGG) 1000915","desc":"Token-TRC10"}][\n]"
12:58:36.780 [TestNG-tests-1] DEBUG org.apache.http.impl.conn.DefaultClientConnection - Connection 0.0.0.0:61286<->18.216.178.128:80 closed
12:58:36.780 [TestNG-tests-1] DEBUG org.apache.http.impl.conn.PoolingClientConnectionManager - Connection released: [id: 53][route: {}->http://apilist.tronscan.org:80][total kept alive: 0; route allocated: 0 of 80; total allocated: 0 of 100]
[{"value":"1","desc":"Block"},{"value":"DEF(DEF) 1002852","desc":"Token-TRC10"},{"value":"KrazyKewlRewardsToken(KKRT) 1002854","desc":"Token-TRC10"},{"value":"OakleighBuilders(OKB) 1000266","desc":"Token-TRC10"},{"value":"TRONcash(TRXCH) 1002847","desc":"Token-TRC10"},{"value":"Whatisthis(VRAG) 1002868","desc":"Token-TRC10"},{"value":"DIAMOND(DIAMOND) 1002869","desc":"Token-TRC10"},{"value":"Capelli(CPL) 1002362","desc":"Token-TRC10"},{"value":"TRONAUCTIONS(TAS) 1000509","desc":"Token-TRC10"},{"value":"ATARI(ATARI) 1001847","desc":"Token-TRC10"},{"value":"InternationalFootbalCoin(IFC) 1001593","desc":"Token-TRC10"},{"value":"CommunityAction(CAT) 1001017","desc":"Token-TRC10"},{"value":"!ADToken(ADT) 1002221","desc":"Token-TRC10"},{"value":"BETSPAY(BTP) 1002027","desc":"Token-TRC10"},{"value":"Tattoo(TTT) 1000426","desc":"Token-TRC10"},{"value":"WorldCoin(WRLD) 1002567","desc":"Token-TRC10"},{"value":"LamboToken(LMB) 1000081","desc":"Token-TRC10"},{"value":"DadBod(DBOD) 1000505","desc":"Token-TRC10"},{"value":"PACO(PACO) 1002620","desc":"Token-TRC10"},{"value":"Very(VER) 1002194","desc":"Token-TRC10"},{"value":"parcelchain(pacha) 1001407","desc":"Token-TRC10"},{"value":"TronSecure(TSC) 1001596","desc":"Token-TRC10"},{"value":"CryptoFlash(CFTX) 1001814","desc":"Token-TRC10"},{"value":"TronGameCoin(TGC) 1001429","desc":"Token-TRC10"},{"value":"VMirCo(PTR) 1002626","desc":"Token-TRC10"},{"value":"Lambo(Lambo) 1001027","desc":"Token-TRC10"},{"value":"UgotTRONed(UTRON) 1001547","desc":"Token-TRC10"},{"value":"TronWatchToken(TWT) 1001034","desc":"Token-TRC10"},{"value":"ZerkZ(ZRK) 1001569","desc":"Token-TRC10"},{"value":"KIWIBerry(KIWI) 1001067","desc":"Token-TRC10"},{"value":"SocialMediaCoin(Media) 1000550","desc":"Token-TRC10"},{"value":"GAcoin(GAC) 1000998","desc":"Token-TRC10"},{"value":"SW(Sw) 1001280","desc":"Token-TRC10"},{"value":"LetsTrip(LST) 1002260","desc":"Token-TRC10"},{"value":"TRG(TRG) 1002681","desc":"Token-TRC10"},{"value":"SPACE(SPACE) 1002736","desc":"Token-TRC10"},{"value":"AssChat(ASS) 1001136","desc":"Token-TRC10"},{"value":"AOCOINUSD(AOUSD) 1002685","desc":"Token-TRC10"},{"value":"BLOCKFXGOLD(BFG) 1001831","desc":"Token-TRC10"},{"value":"TronGuarD(TGD) 1002021","desc":"Token-TRC10"},{"value":"KLCTEST(KLCTE) 1002385","desc":"Token-TRC10"},{"value":"ColorPop(clp) 1002026","desc":"Token-TRC10"},{"value":"TRONA(TRA) 1001817","desc":"Token-TRC10"},{"value":"BitCoffe(CAFE) 1002360","desc":"Token-TRC10"},{"value":"TronLoan(TLT) 1002243","desc":"Token-TRC10"},{"value":"GoGoMonster(GGM) 1002800","desc":"Token-TRC10"},{"value":"James(king) 1000821","desc":"Token-TRC10"},{"value":"ALIENEGG(ALEGG) 1001676","desc":"Token-TRC10"},{"value":"DontPanic(BRNC18) 1002371","desc":"Token-TRC10"},{"value":"Metadollar(MD) 1002061","desc":"Token-TRC10"},{"value":"EasterEgg(EGG) 1000915","desc":"Token-TRC10"}]

]]></system-out>
  <system-err><![CDATA[]]></system-err>
</testsuite>
