<?xml version="1.0" encoding="UTF-8"?>
<testsuite name="tron.tronscan.api.TransferListBetweenTimeRange" tests="1" skipped="0" failures="0" errors="0" timestamp="2020-03-27T04:57:14" hostname="zhukaideiMac.local" time="4.657">
  <properties/>
  <testcase name="test01getTransferListBetweenTimeRange" classname="tron.tronscan.api.TransferListBetweenTimeRange" time="4.657"/>
  <system-out><![CDATA[12:57:14.670 [TestNG-tests-1] DEBUG org.apache.http.impl.conn.PoolingClientConnectionManager - Connection request: [route: {}->http://apilist.tronscan.org:80][total kept alive: 0; route allocated: 0 of 80; total allocated: 0 of 100]
12:57:14.670 [TestNG-tests-1] DEBUG org.apache.http.impl.conn.PoolingClientConnectionManager - Connection leased: [id: 1][route: {}->http://apilist.tronscan.org:80][total kept alive: 0; route allocated: 1 of 80; total allocated: 1 of 100]
12:57:14.670 [TestNG-tests-1] DEBUG org.apache.http.impl.conn.DefaultClientConnectionOperator - Connecting to apilist.tronscan.org:80
12:57:14.907 [TestNG-tests-1] DEBUG org.apache.http.client.protocol.RequestAddCookies - CookieSpec selected: default
12:57:14.907 [TestNG-tests-1] DEBUG org.apache.http.client.protocol.RequestAuthCache - Auth cache not set in the context
12:57:14.907 [TestNG-tests-1] DEBUG org.apache.http.client.protocol.RequestTargetAuthentication - Target auth state: UNCHALLENGED
12:57:14.907 [TestNG-tests-1] DEBUG org.apache.http.client.protocol.RequestProxyAuthentication - Proxy auth state: UNCHALLENGED
12:57:14.907 [TestNG-tests-1] DEBUG org.apache.http.impl.client.DefaultHttpClient - Attempt 1 to execute request
12:57:14.907 [TestNG-tests-1] DEBUG org.apache.http.impl.conn.DefaultClientConnection - Sending request: GET /api/transfer?end_timestamp=1548057645667&start_timestamp=1548000000000&count=true&limit=20&start=0&sort=-timestamp HTTP/1.1
12:57:14.907 [TestNG-tests-1] DEBUG org.apache.http.wire -  >> "GET /api/transfer?end_timestamp=1548057645667&start_timestamp=1548000000000&count=true&limit=20&start=0&sort=-timestamp HTTP/1.1[\r][\n]"
12:57:14.907 [TestNG-tests-1] DEBUG org.apache.http.wire -  >> "Content-type: application/json; charset=utf-8[\r][\n]"
12:57:14.907 [TestNG-tests-1] DEBUG org.apache.http.wire -  >> "Connection: Close[\r][\n]"
12:57:14.907 [TestNG-tests-1] DEBUG org.apache.http.wire -  >> "Host: apilist.tronscan.org[\r][\n]"
12:57:14.907 [TestNG-tests-1] DEBUG org.apache.http.wire -  >> "User-Agent: Apache-HttpClient/4.5.3 (Java/1.8.0_211)[\r][\n]"
12:57:14.908 [TestNG-tests-1] DEBUG org.apache.http.wire -  >> "[\r][\n]"
12:57:14.908 [TestNG-tests-1] DEBUG org.apache.http.headers - >> GET /api/transfer?end_timestamp=1548057645667&start_timestamp=1548000000000&count=true&limit=20&start=0&sort=-timestamp HTTP/1.1
12:57:14.908 [TestNG-tests-1] DEBUG org.apache.http.headers - >> Content-type: application/json; charset=utf-8
12:57:14.908 [TestNG-tests-1] DEBUG org.apache.http.headers - >> Connection: Close
12:57:14.908 [TestNG-tests-1] DEBUG org.apache.http.headers - >> Host: apilist.tronscan.org
12:57:14.908 [TestNG-tests-1] DEBUG org.apache.http.headers - >> User-Agent: Apache-HttpClient/4.5.3 (Java/1.8.0_211)
12:57:19.305 [TestNG-tests-1] DEBUG org.apache.http.wire -  << "HTTP/1.1 200 OK[\r][\n]"
12:57:19.305 [TestNG-tests-1] DEBUG org.apache.http.wire -  << "Server: nginx[\r][\n]"
12:57:19.305 [TestNG-tests-1] DEBUG org.apache.http.wire -  << "Date: Fri, 27 Mar 2020 04:57:19 GMT[\r][\n]"
12:57:19.305 [TestNG-tests-1] DEBUG org.apache.http.wire -  << "Content-Type: application/json;charset=utf-8[\r][\n]"
12:57:19.305 [TestNG-tests-1] DEBUG org.apache.http.wire -  << "Content-Length: 6334[\r][\n]"
12:57:19.305 [TestNG-tests-1] DEBUG org.apache.http.wire -  << "Connection: close[\r][\n]"
12:57:19.305 [TestNG-tests-1] DEBUG org.apache.http.wire -  << "Vary: Accept-Encoding[\r][\n]"
12:57:19.305 [TestNG-tests-1] DEBUG org.apache.http.wire -  << "Access-Control-Allow-Origin: *[\r][\n]"
12:57:19.305 [TestNG-tests-1] DEBUG org.apache.http.wire -  << "Access-Control-Allow-Headers: DNT,X-Mx-ReqToken,Keep-Alive,User-Agent,X-Requested-With,If-Modified-Since,Cache-Control,Content-Type,Authorization[\r][\n]"
12:57:19.305 [TestNG-tests-1] DEBUG org.apache.http.wire -  << "Access-Control-Allow-Methods: GET,POST,PUT,DELETE,OPTIONS[\r][\n]"
12:57:19.306 [TestNG-tests-1] DEBUG org.apache.http.wire -  << "X-Proxy-Cache: MISS[\r][\n]"
12:57:19.306 [TestNG-tests-1] DEBUG org.apache.http.wire -  << "[\r][\n]"
12:57:19.306 [TestNG-tests-1] DEBUG org.apache.http.impl.conn.DefaultClientConnection - Receiving response: HTTP/1.1 200 OK
12:57:19.306 [TestNG-tests-1] DEBUG org.apache.http.headers - << HTTP/1.1 200 OK
12:57:19.306 [TestNG-tests-1] DEBUG org.apache.http.headers - << Server: nginx
12:57:19.306 [TestNG-tests-1] DEBUG org.apache.http.headers - << Date: Fri, 27 Mar 2020 04:57:19 GMT
12:57:19.306 [TestNG-tests-1] DEBUG org.apache.http.headers - << Content-Type: application/json;charset=utf-8
12:57:19.306 [TestNG-tests-1] DEBUG org.apache.http.headers - << Content-Length: 6334
12:57:19.306 [TestNG-tests-1] DEBUG org.apache.http.headers - << Connection: close
12:57:19.306 [TestNG-tests-1] DEBUG org.apache.http.headers - << Vary: Accept-Encoding
12:57:19.306 [TestNG-tests-1] DEBUG org.apache.http.headers - << Access-Control-Allow-Origin: *
12:57:19.306 [TestNG-tests-1] DEBUG org.apache.http.headers - << Access-Control-Allow-Headers: DNT,X-Mx-ReqToken,Keep-Alive,User-Agent,X-Requested-With,If-Modified-Since,Cache-Control,Content-Type,Authorization
12:57:19.306 [TestNG-tests-1] DEBUG org.apache.http.headers - << Access-Control-Allow-Methods: GET,POST,PUT,DELETE,OPTIONS
12:57:19.306 [TestNG-tests-1] DEBUG org.apache.http.headers - << X-Proxy-Cache: MISS
http://apilist.tronscan.org/api/transfer?end_timestamp=1548057645667&start_timestamp=1548000000000&count=true&limit=20&start=0&sort=-timestamp 请求总耗时：4637 毫秒
12:57:19.307 [TestNG-tests-1] INFO tron.tronscan.api.TransferListBetweenTimeRange - code is 200
12:57:19.308 [TestNG-tests-1] DEBUG org.apache.http.wire -  << "{"total":10000,"data":[{"amount":310,"transferFromAddress":"THrmDvTzooiBH7J5LRVJkU1CwL4rfZx4M8","data":"","tokenName":"1001233","transferToAddress":"TRegVSc2SqaP4vskzpBTschws7GBcoZN9g","block":5987935,"id":"","confirmed":true,"transactionHash":"c7294f432eabfddda63122b9c27d67c934d789e0b0f2b92464e19825b5579d0f","timestamp":1548057645000},{"amount":20937000000,"transferFromAddress":"TRWkuqvtjc6FXsbJhpnJNG7bB6CAwu6dfM","data":"","tokenName":"_","transferToAddress":"TUKiZYmSrgFcXn6HtbRRRv7TyQ6eeJiP3k","block":5987935,"id":"","confirmed":true,"transactionHash":"f6d5431c7c53220e0e2c9e14bfb86eda20d46a126b6fe2036b1e907222ba13ca","timestamp":1548057645000},{"amount":2000000,"transferFromAddress":"TLCuBEirVzB6V4menLZKw1jfBTFMZbuKq7","data":"","tokenName":"_","transferToAddress":"TJPFAaCbgSw1P3LiV836yxwgR5kFf3H2fM","block":5987934,"id":"","confirmed":true,"transactionHash":"1f8b20b1316299184a48ce20832714845057c4227693390e3861722996311b9d","timestamp":1548057642000},{"amount":1934180000,"transferFromAddress":"TRWkuqvtjc6FXsbJhpnJNG7bB6CAwu6dfM","data":"","tokenName":"_","transferToAddress":"TANEgWHrPBi1gzKDBKYdwpfrHA7Cn84Vim","block":5987934,"id":"","confirmed":true,"transactionHash":"d0bcfabbdc73ab845e0371cb916088761508de041d54f3b516f0554df5e2e7a7","timestamp":1548057642000},{"amount":310,"transferFromAddress":"THrmDvTzooiBH7J5LRVJkU1CwL4rfZx4M8","
12:57:19.309 [TestNG-tests-1] DEBUG org.apache.http.wire -  << ""data":"","tokenName":"1001233","transferToAddress":"TUhgPVdeiqivBv1tFtiJNMM1xAqEy1WiEb","block":5987934,"id":"","confirmed":true,"transactionHash":"eb5f6d97d6c4abf53e19ec24b1e380815d277cecb204890786d13384feea1925","timestamp":1548057642000},{"amount":310,"transferFromAddress":"THrmDvTzooiBH7J5LRVJkU1CwL4rfZx4M8","data":"","tokenName":"1001233","transferToAddress":"TFYdZpLx2sYWtfoAf54J4YB7CsYq2hbxmG","block":5987934,"id":"","confirmed":true,"transactionHash":"f0ac1fcd80156e69b621f9647fe86ebe7be39f4d1c81898e56c39b82d9eb4d2b","timestamp":1548057642000},{"amount":3500,"transferFromAddress":"TW7kxWkc8mzkNYMxAaxtdTYiL1AffF7iK8","data":"","tokenName":"_","transferToAddress":"TB7tB4YDbHVz3ACWdkX7B6Pxd2HLSvsQPc","block":5987933,"id":"","confirmed":true,"transactionHash":"4799ed55499286239803ed12f3768a319070276e5d37467fe756cf38384e277d","timestamp":1548057639000},{"amount":11000000,"transferFromAddress":"TNNZQv4GRXt8jhZkLuWrXXuj7PjTikfBYV","data":"","tokenName":"_","transferToAddress":"TH4GyYz9kxX9nus4rF3Qt1gaRNek9d5h3F","block":5987933,"id":"","confirmed":true,"transactionHash":"df59381cae4f1e3c13331fe1e4f02f71160d35142e5c6aec07fb2bea90a0db56","timestamp":1548057639000},{"amount":310,"transferFromAddress":"THrmDvTzooiBH7J5LRVJkU1CwL4rfZx4M8","data":"","tokenName":"1001233","transferToAddress":"TSibBM9NtQp8TaX5KcqNCM1rsg25c5MBqm","block":5987933,"id":"","confirmed":true,"transactionHash":"eac4a1c4ee790be0f8bf50cc8386c538d3b588b5a5489fe9b9f4dd19ed53e7d0","timestamp":1548057639000},{"amount":5000000,"transferFromAddress":"TXicAVtbNb63SzfmL2VhkXzH127qUDmy27","data":"","tokenName":"_","transferToAddress":"TWizuZX9iaA4t71CWWGrw7YjPZR124wozX","block":5987932,"id":"","confirmed":true,"transactionHash":"08f5b002c6e71f739ec0545becba5eaec4badf8b0c4bf9cc7d1e77853466b4c2","timestamp":1548057636000},{"amount":150000000,"transferFromAddress":"TWev715gj3ZG3y1SjshkakgqGaRAJYKada","data":"","tokenName":"_","transferToAddress":"TC6S1jRiyRy54qGnzDPYPNzy8Q18Xn3WxU","block":5987932,"id":"","confirmed":true,"transactionHash":"414d10bccb64d271068b722436f62953055e70d545223cd4f0f7e24448957322","timestamp":1548057636000},{"amount":310,"transferFromAddress":"THrmDvTzooiBH7J5LRVJkU1CwL4rfZx4M8","data":"","tokenName":"1001233","transferToAddress":"TCH5gVo4Ru2pvG4G85fPd6qFckG7Wwi1NL","block":5987932,"id":"","confirmed":true,"transactionHash":"56b1145b72565b93150fc81566ce07668663f22263ffe8396ca33f508742a89e","timestamp":1548057636000},{"amount":310,"transferFromAddress":"THrmDvTzooiBH7J5LRVJkU1CwL4rfZx4M8","data":"","tokenName":"1001233","transferToAddress":"TE93bnNLioVDKqR8oZUo1VRZNZsJA8hUuY","block":5987932,"id":"","confirmed":true,"transactionHash":"7e2254963d2fb1f16487a819897364ec0f249ca802b4df95edcf99eda2b8b401","timestamp":1548057636000},{"amount":1000000,"transferFromAddress":"TCVDfo2mDJD96hZmH7ypnbtyNUe8qYt4Ez","data":"","tokenName":"_","transferToAddress":"THdqMYFmRuAA1t4zHQUuoYh1Fqe1diBZM4","block":5987932,"id":"","confirmed":true,"transactionHash":"ed93069b364f1bbf011f44cae4e57d432e7c4f57e19a27575e29c90c89068f3a","timestamp":1548057636000},{"amount":310,"transferFromAddress":"THrmDvTzooiBH7J5LRVJkU1CwL4rfZx4M8","data":"","tokenName":"1001233","transferToAddress":"TMW7sz4fDmQoQHmT7LpNAjDkMYwH4gBKCc","block":5987931,"id":"","confirmed":true,"transactionHash":"39e66539f17183341c1b049bfa3b44a0fd0dc17b3c9a0365639f59f285676b54","timestamp":1548057633000},{"amount":310,"transferFromAddress":"THrmDvTzooiBH7J5LRVJkU1CwL4rfZx4M8","data":"","tokenName":"1001233","transferToAddress":"TWXWdMgE1d3QepcomSTzZmpdQewHvLTDh1","block":5987931,"id":"","confirmed":true,"transactionHash":"44b358ab8e49528024c3f28855cec984c9e0306f1c250c66fd735f04859e0d52","timestamp":1548057633000},{"amount":310,"transferFromAddress":"THrmDvTzooiBH7J5LRVJkU1CwL4rfZx4M8","data":"","tokenName":"1001233","transferToAddress":"TC3zNJgSdYgcuMwnrrEX6oWB4jK8prstpr","block":5987931,"id":"","confirmed":true,"transactionHash":"944cfeef0d801f391350472b88fbdfc15be86a0112f5583fb1ca84b972456dbf","timestamp":1548057633000},{"amount":11000000,"transferFromAddress":"TNNZQv4GRXt8jhZkLuWrXXuj7PjTikfBYV","data":"","tokenName":"_","transferToAddress":"TYPoxe9hKeKCDC4CcNT3g2advV1yDpFCz4","block":5987931,"id":"","confirmed":true,"transactionHash":"f20da92ca424d4b0617aee2ebfa59e0cbe974f88ff80c972f575179fb6c47d84","timestamp":1548057633000},{"amount":310,"transferFromAddress":"THrmDvTzooiBH7J5LRVJkU1CwL4rfZx4M8","data":"","tokenName":"1001233","transferToAddress":"TXWSfP9mgBWJ3prkhsuenA8CovqJRPqayT","block":5987930,"id":"","confirmed":true,"transactionHash":"0c7039831fecda050be621d02704f722b6a7a6782d8c09ef70b205705978ab23","timestamp":1548057630000},{"amount":310,"transferFromAddress":"THrmDvTzooiBH7J5LRVJkU1CwL4rfZx4M8","data":"","tokenName":"1001233","transferToAddress":"TP8PLHNRfxs4hKoXizq54dETY1LGJz4J5o","block":5987930,"id":"","confirmed":true,"transactionHash":"37deb0ca1055c697e0ca1ae443b2d45ecbfcad1ad561f8123feb46d78b6522dc","timestamp":1548057630000}],"rangeTotal":77169}[\n]"
12:57:19.309 [TestNG-tests-1] DEBUG org.apache.http.impl.conn.DefaultClientConnection - Connection 0.0.0.0:60889<->18.216.178.128:80 closed
12:57:19.309 [TestNG-tests-1] DEBUG org.apache.http.impl.conn.PoolingClientConnectionManager - Connection released: [id: 1][route: {}->http://apilist.tronscan.org:80][total kept alive: 0; route allocated: 0 of 80; total allocated: 0 of 100]
12:57:19.311 [TestNG-tests-1] INFO tron.common.TronscanApiList - ----------------------------Print JSON Start---------------------------
12:57:19.311 [TestNG-tests-1] INFO tron.common.TronscanApiList - total:10000
12:57:19.326 [TestNG-tests-1] INFO tron.common.TronscanApiList - data:[{"amount":310,"transferFromAddress":"THrmDvTzooiBH7J5LRVJkU1CwL4rfZx4M8","data":"","tokenName":"1001233","transferToAddress":"TRegVSc2SqaP4vskzpBTschws7GBcoZN9g","block":5987935,"id":"","confirmed":true,"transactionHash":"c7294f432eabfddda63122b9c27d67c934d789e0b0f2b92464e19825b5579d0f","timestamp":1548057645000},{"amount":20937000000,"transferFromAddress":"TRWkuqvtjc6FXsbJhpnJNG7bB6CAwu6dfM","data":"","tokenName":"_","transferToAddress":"TUKiZYmSrgFcXn6HtbRRRv7TyQ6eeJiP3k","block":5987935,"id":"","confirmed":true,"transactionHash":"f6d5431c7c53220e0e2c9e14bfb86eda20d46a126b6fe2036b1e907222ba13ca","timestamp":1548057645000},{"amount":2000000,"transferFromAddress":"TLCuBEirVzB6V4menLZKw1jfBTFMZbuKq7","data":"","tokenName":"_","transferToAddress":"TJPFAaCbgSw1P3LiV836yxwgR5kFf3H2fM","block":5987934,"id":"","confirmed":true,"transactionHash":"1f8b20b1316299184a48ce20832714845057c4227693390e3861722996311b9d","timestamp":1548057642000},{"amount":1934180000,"transferFromAddress":"TRWkuqvtjc6FXsbJhpnJNG7bB6CAwu6dfM","data":"","tokenName":"_","transferToAddress":"TANEgWHrPBi1gzKDBKYdwpfrHA7Cn84Vim","block":5987934,"id":"","confirmed":true,"transactionHash":"d0bcfabbdc73ab845e0371cb916088761508de041d54f3b516f0554df5e2e7a7","timestamp":1548057642000},{"amount":310,"transferFromAddress":"THrmDvTzooiBH7J5LRVJkU1CwL4rfZx4M8","data":"","tokenName":"1001233","transferToAddress":"TUhgPVdeiqivBv1tFtiJNMM1xAqEy1WiEb","block":5987934,"id":"","confirmed":true,"transactionHash":"eb5f6d97d6c4abf53e19ec24b1e380815d277cecb204890786d13384feea1925","timestamp":1548057642000},{"amount":310,"transferFromAddress":"THrmDvTzooiBH7J5LRVJkU1CwL4rfZx4M8","data":"","tokenName":"1001233","transferToAddress":"TFYdZpLx2sYWtfoAf54J4YB7CsYq2hbxmG","block":5987934,"id":"","confirmed":true,"transactionHash":"f0ac1fcd80156e69b621f9647fe86ebe7be39f4d1c81898e56c39b82d9eb4d2b","timestamp":1548057642000},{"amount":3500,"transferFromAddress":"TW7kxWkc8mzkNYMxAaxtdTYiL1AffF7iK8","data":"","tokenName":"_","transferToAddress":"TB7tB4YDbHVz3ACWdkX7B6Pxd2HLSvsQPc","block":5987933,"id":"","confirmed":true,"transactionHash":"4799ed55499286239803ed12f3768a319070276e5d37467fe756cf38384e277d","timestamp":1548057639000},{"amount":11000000,"transferFromAddress":"TNNZQv4GRXt8jhZkLuWrXXuj7PjTikfBYV","data":"","tokenName":"_","transferToAddress":"TH4GyYz9kxX9nus4rF3Qt1gaRNek9d5h3F","block":5987933,"id":"","confirmed":true,"transactionHash":"df59381cae4f1e3c13331fe1e4f02f71160d35142e5c6aec07fb2bea90a0db56","timestamp":1548057639000},{"amount":310,"transferFromAddress":"THrmDvTzooiBH7J5LRVJkU1CwL4rfZx4M8","data":"","tokenName":"1001233","transferToAddress":"TSibBM9NtQp8TaX5KcqNCM1rsg25c5MBqm","block":5987933,"id":"","confirmed":true,"transactionHash":"eac4a1c4ee790be0f8bf50cc8386c538d3b588b5a5489fe9b9f4dd19ed53e7d0","timestamp":1548057639000},{"amount":5000000,"transferFromAddress":"TXicAVtbNb63SzfmL2VhkXzH127qUDmy27","data":"","tokenName":"_","transferToAddress":"TWizuZX9iaA4t71CWWGrw7YjPZR124wozX","block":5987932,"id":"","confirmed":true,"transactionHash":"08f5b002c6e71f739ec0545becba5eaec4badf8b0c4bf9cc7d1e77853466b4c2","timestamp":1548057636000},{"amount":150000000,"transferFromAddress":"TWev715gj3ZG3y1SjshkakgqGaRAJYKada","data":"","tokenName":"_","transferToAddress":"TC6S1jRiyRy54qGnzDPYPNzy8Q18Xn3WxU","block":5987932,"id":"","confirmed":true,"transactionHash":"414d10bccb64d271068b722436f62953055e70d545223cd4f0f7e24448957322","timestamp":1548057636000},{"amount":310,"transferFromAddress":"THrmDvTzooiBH7J5LRVJkU1CwL4rfZx4M8","data":"","tokenName":"1001233","transferToAddress":"TCH5gVo4Ru2pvG4G85fPd6qFckG7Wwi1NL","block":5987932,"id":"","confirmed":true,"transactionHash":"56b1145b72565b93150fc81566ce07668663f22263ffe8396ca33f508742a89e","timestamp":1548057636000},{"amount":310,"transferFromAddress":"THrmDvTzooiBH7J5LRVJkU1CwL4rfZx4M8","data":"","tokenName":"1001233","transferToAddress":"TE93bnNLioVDKqR8oZUo1VRZNZsJA8hUuY","block":5987932,"id":"","confirmed":true,"transactionHash":"7e2254963d2fb1f16487a819897364ec0f249ca802b4df95edcf99eda2b8b401","timestamp":1548057636000},{"amount":1000000,"transferFromAddress":"TCVDfo2mDJD96hZmH7ypnbtyNUe8qYt4Ez","data":"","tokenName":"_","transferToAddress":"THdqMYFmRuAA1t4zHQUuoYh1Fqe1diBZM4","block":5987932,"id":"","confirmed":true,"transactionHash":"ed93069b364f1bbf011f44cae4e57d432e7c4f57e19a27575e29c90c89068f3a","timestamp":1548057636000},{"amount":310,"transferFromAddress":"THrmDvTzooiBH7J5LRVJkU1CwL4rfZx4M8","data":"","tokenName":"1001233","transferToAddress":"TMW7sz4fDmQoQHmT7LpNAjDkMYwH4gBKCc","block":5987931,"id":"","confirmed":true,"transactionHash":"39e66539f17183341c1b049bfa3b44a0fd0dc17b3c9a0365639f59f285676b54","timestamp":1548057633000},{"amount":310,"transferFromAddress":"THrmDvTzooiBH7J5LRVJkU1CwL4rfZx4M8","data":"","tokenName":"1001233","transferToAddress":"TWXWdMgE1d3QepcomSTzZmpdQewHvLTDh1","block":5987931,"id":"","confirmed":true,"transactionHash":"44b358ab8e49528024c3f28855cec984c9e0306f1c250c66fd735f04859e0d52","timestamp":1548057633000},{"amount":310,"transferFromAddress":"THrmDvTzooiBH7J5LRVJkU1CwL4rfZx4M8","data":"","tokenName":"1001233","transferToAddress":"TC3zNJgSdYgcuMwnrrEX6oWB4jK8prstpr","block":5987931,"id":"","confirmed":true,"transactionHash":"944cfeef0d801f391350472b88fbdfc15be86a0112f5583fb1ca84b972456dbf","timestamp":1548057633000},{"amount":11000000,"transferFromAddress":"TNNZQv4GRXt8jhZkLuWrXXuj7PjTikfBYV","data":"","tokenName":"_","transferToAddress":"TYPoxe9hKeKCDC4CcNT3g2advV1yDpFCz4","block":5987931,"id":"","confirmed":true,"transactionHash":"f20da92ca424d4b0617aee2ebfa59e0cbe974f88ff80c972f575179fb6c47d84","timestamp":1548057633000},{"amount":310,"transferFromAddress":"THrmDvTzooiBH7J5LRVJkU1CwL4rfZx4M8","data":"","tokenName":"1001233","transferToAddress":"TXWSfP9mgBWJ3prkhsuenA8CovqJRPqayT","block":5987930,"id":"","confirmed":true,"transactionHash":"0c7039831fecda050be621d02704f722b6a7a6782d8c09ef70b205705978ab23","timestamp":1548057630000},{"amount":310,"transferFromAddress":"THrmDvTzooiBH7J5LRVJkU1CwL4rfZx4M8","data":"","tokenName":"1001233","transferToAddress":"TP8PLHNRfxs4hKoXizq54dETY1LGJz4J5o","block":5987930,"id":"","confirmed":true,"transactionHash":"37deb0ca1055c697e0ca1ae443b2d45ecbfcad1ad561f8123feb46d78b6522dc","timestamp":1548057630000}]
12:57:19.327 [TestNG-tests-1] INFO tron.common.TronscanApiList - rangeTotal:77169
12:57:19.327 [TestNG-tests-1] INFO tron.common.TronscanApiList - JSON content size are: 3
12:57:19.327 [TestNG-tests-1] INFO tron.common.TronscanApiList - ----------------------------Print JSON End-----------------------------
]]></system-out>
  <system-err><![CDATA[]]></system-err>
</testsuite>
