<?xml version="1.0" encoding="UTF-8"?>
<testsuite name="tron.tronscan.tronscanUI.Contract_deplymentTest" tests="4" skipped="3" failures="1" errors="0" timestamp="2020-04-01T03:17:59" hostname="zhukaideiMac.local" time="32.618">
  <properties/>
  <testcase name="testContract_deplyment" classname="tron.tronscan.tronscanUI.Contract_deplymentTest" time="5.088">
    <skipped/>
  </testcase>
  <testcase name="testContract_deplyment" classname="tron.tronscan.tronscanUI.Contract_deplymentTest" time="4.139">
    <skipped/>
  </testcase>
  <testcase name="testContract_deplyment" classname="tron.tronscan.tronscanUI.Contract_deplymentTest" time="4.108">
    <skipped/>
  </testcase>
  <testcase name="testContract_deplyment" classname="tron.tronscan.tronscanUI.Contract_deplymentTest" time="4.861">
    <failure message="org.openqa.selenium.InvalidArgumentException: invalid argument: File not found : /Users/tron/.jenkins/workspace/Tronscan_AutoTest/src/test/resources/right.sol&#10;  (Session info: headless chrome=80.0.3987.162)&#10;Build info: version: '3.6.0', revision: '6fbf3ec767', time: '2017-09-27T15:28:36.4Z'&#10;System info: host: 'zhukaideiMac.local', ip: '127.0.0.1', os.name: 'Mac OS X', os.arch: 'x86_64', os.version: '10.15.3', java.version: '1.8.0_211'&#10;Driver info: org.openqa.selenium.chrome.ChromeDriver&#10;Capabilities [{networkConnectionEnabled=false, chrome={chromedriverVersion=80.0.3987.106 (f68069574609230cf9b635cd784cfb1bf81bb53a-refs/branch-heads/3987@{#882}), userDataDir=/var/folders/fs/0qxrqb5x7zg5dtqrhc9t0clm0000gn/T/.com.google.Chrome.r63mxo}, timeouts={implicit=0, pageLoad=300000, script=30000}, pageLoadStrategy=normal, unhandledPromptBehavior=dismiss and notify, strictFileInteractability=false, platform=MAC, proxy=Proxy(), goog:chromeOptions={debuggerAddress=localhost:53193}, acceptInsecureCerts=false, browserVersion=80.0.3987.162, browserName=chrome, javascriptEnabled=true, platformName=MAC, setWindowRect=true}]&#10;Session ID: 56753d46524f986fe84aadc21d355b4d" type="org.openqa.selenium.InvalidArgumentException">org.openqa.selenium.InvalidArgumentException: invalid argument: File not found : /Users/tron/.jenkins/workspace/Tronscan_AutoTest/src/test/resources/right.sol
  (Session info: headless chrome=80.0.3987.162)
Build info: version: '3.6.0', revision: '6fbf3ec767', time: '2017-09-27T15:28:36.4Z'
System info: host: 'zhukaideiMac.local', ip: '127.0.0.1', os.name: 'Mac OS X', os.arch: 'x86_64', os.version: '10.15.3', java.version: '1.8.0_211'
Driver info: org.openqa.selenium.chrome.ChromeDriver
Capabilities [{networkConnectionEnabled=false, chrome={chromedriverVersion=80.0.3987.106 (f68069574609230cf9b635cd784cfb1bf81bb53a-refs/branch-heads/3987@{#882}), userDataDir=/var/folders/fs/0qxrqb5x7zg5dtqrhc9t0clm0000gn/T/.com.google.Chrome.r63mxo}, timeouts={implicit=0, pageLoad=300000, script=30000}, pageLoadStrategy=normal, unhandledPromptBehavior=dismiss and notify, strictFileInteractability=false, platform=MAC, proxy=Proxy(), goog:chromeOptions={debuggerAddress=localhost:53193}, acceptInsecureCerts=false, browserVersion=80.0.3987.162, browserName=chrome, javascriptEnabled=true, platformName=MAC, setWindowRect=true}]
Session ID: 56753d46524f986fe84aadc21d355b4d
	at sun.reflect.NativeConstructorAccessorImpl.newInstance0(Native Method)
	at sun.reflect.NativeConstructorAccessorImpl.newInstance(NativeConstructorAccessorImpl.java:62)
	at sun.reflect.DelegatingConstructorAccessorImpl.newInstance(DelegatingConstructorAccessorImpl.java:45)
	at java.lang.reflect.Constructor.newInstance(Constructor.java:423)
	at org.openqa.selenium.remote.http.W3CHttpResponseCodec.createException(W3CHttpResponseCodec.java:185)
	at org.openqa.selenium.remote.http.W3CHttpResponseCodec.decode(W3CHttpResponseCodec.java:120)
	at org.openqa.selenium.remote.http.W3CHttpResponseCodec.decode(W3CHttpResponseCodec.java:49)
	at org.openqa.selenium.remote.HttpCommandExecutor.execute(HttpCommandExecutor.java:164)
	at org.openqa.selenium.remote.service.DriverCommandExecutor.execute(DriverCommandExecutor.java:83)
	at org.openqa.selenium.remote.RemoteWebDriver.execute(RemoteWebDriver.java:586)
	at org.openqa.selenium.remote.RemoteWebElement.execute(RemoteWebElement.java:279)
	at org.openqa.selenium.remote.RemoteWebElement.sendKeys(RemoteWebElement.java:100)
	at tron.tronscan.tronscanUI.Contract_deplymentTest.testContract_deplyment(Contract_deplymentTest.java:50)
	at sun.reflect.NativeMethodAccessorImpl.invoke0(Native Method)
	at sun.reflect.NativeMethodAccessorImpl.invoke(NativeMethodAccessorImpl.java:62)
	at sun.reflect.DelegatingMethodAccessorImpl.invoke(DelegatingMethodAccessorImpl.java:43)
	at java.lang.reflect.Method.invoke(Method.java:498)
	at org.testng.internal.MethodInvocationHelper.invokeMethod(MethodInvocationHelper.java:124)
	at org.testng.internal.Invoker.invokeMethod(Invoker.java:583)
	at org.testng.internal.Invoker.retryFailed(Invoker.java:839)
	at org.testng.internal.Invoker.invokeTestMethods(Invoker.java:1010)
	at org.testng.internal.TestMethodWorker.invokeTestMethods(TestMethodWorker.java:125)
	at org.testng.internal.TestMethodWorker.run(TestMethodWorker.java:109)
	at org.testng.TestRunner.privateRun(TestRunner.java:648)
	at org.testng.TestRunner.run(TestRunner.java:505)
	at org.testng.SuiteRunner.runTest(SuiteRunner.java:455)
	at org.testng.SuiteRunner.access$000(SuiteRunner.java:40)
	at org.testng.SuiteRunner$SuiteWorker.run(SuiteRunner.java:489)
	at org.testng.internal.thread.ThreadUtil$1.call(ThreadUtil.java:52)
	at java.util.concurrent.FutureTask.run(FutureTask.java:266)
	at java.util.concurrent.ThreadPoolExecutor.runWorker(ThreadPoolExecutor.java:1149)
	at java.util.concurrent.ThreadPoolExecutor$Worker.run(ThreadPoolExecutor.java:624)
	at java.lang.Thread.run(Thread.java:748)
</failure>
  </testcase>
  <system-out><![CDATA[11:17:57.097 [Forwarding newSession on session null to remote] DEBUG org.apache.http.client.protocol.RequestAddCookies - CookieSpec selected: default
11:17:57.097 [Forwarding newSession on session null to remote] DEBUG org.apache.http.client.protocol.RequestAuthCache - Auth cache not set in the context
11:17:57.097 [Forwarding newSession on session null to remote] DEBUG org.apache.http.impl.conn.PoolingHttpClientConnectionManager - Connection request: [route: {}->http://localhost:37445][total kept alive: 1; route allocated: 0 of 2000; total allocated: 1 of 2000]
11:17:57.097 [Forwarding newSession on session null to remote] DEBUG org.apache.http.impl.conn.PoolingHttpClientConnectionManager - Connection leased: [id: 1][route: {}->http://localhost:37445][total kept alive: 1; route allocated: 1 of 2000; total allocated: 2 of 2000]
11:17:57.097 [Forwarding newSession on session null to remote] DEBUG org.apache.http.impl.execchain.MainClientExec - Opening connection {}->http://localhost:37445
11:17:57.097 [Forwarding newSession on session null to remote] DEBUG org.apache.http.impl.conn.DefaultHttpClientConnectionOperator - Connecting to localhost/127.0.0.1:37445
11:17:57.098 [Forwarding newSession on session null to remote] DEBUG org.apache.http.impl.conn.DefaultHttpClientConnectionOperator - Connection established 127.0.0.1:53073<->127.0.0.1:37445
11:17:57.098 [Forwarding newSession on session null to remote] DEBUG org.apache.http.impl.conn.DefaultManagedHttpClientConnection - http-outgoing-1: set socket timeout to 10800000
11:17:57.098 [Forwarding newSession on session null to remote] DEBUG org.apache.http.impl.execchain.MainClientExec - Executing request POST /session HTTP/1.1
11:17:57.098 [Forwarding newSession on session null to remote] DEBUG org.apache.http.impl.execchain.MainClientExec - Target auth state: UNCHALLENGED
11:17:57.098 [Forwarding newSession on session null to remote] DEBUG org.apache.http.impl.execchain.MainClientExec - Proxy auth state: UNCHALLENGED
11:17:57.098 [Forwarding newSession on session null to remote] DEBUG org.apache.http.headers - http-outgoing-1 >> POST /session HTTP/1.1
11:17:57.098 [Forwarding newSession on session null to remote] DEBUG org.apache.http.headers - http-outgoing-1 >> Content-Type: application/json; charset=utf-8
11:17:57.098 [Forwarding newSession on session null to remote] DEBUG org.apache.http.headers - http-outgoing-1 >> Content-Length: 731
11:17:57.098 [Forwarding newSession on session null to remote] DEBUG org.apache.http.headers - http-outgoing-1 >> Host: localhost:37445
11:17:57.098 [Forwarding newSession on session null to remote] DEBUG org.apache.http.headers - http-outgoing-1 >> Connection: Keep-Alive
11:17:57.098 [Forwarding newSession on session null to remote] DEBUG org.apache.http.headers - http-outgoing-1 >> User-Agent: Apache-HttpClient/4.5.3 (Java/1.8.0_211)
11:17:57.098 [Forwarding newSession on session null to remote] DEBUG org.apache.http.headers - http-outgoing-1 >> Accept-Encoding: gzip,deflate
11:17:57.098 [Forwarding newSession on session null to remote] DEBUG org.apache.http.wire - http-outgoing-1 >> "POST /session HTTP/1.1[\r][\n]"
11:17:57.098 [Forwarding newSession on session null to remote] DEBUG org.apache.http.wire - http-outgoing-1 >> "Content-Type: application/json; charset=utf-8[\r][\n]"
11:17:57.098 [Forwarding newSession on session null to remote] DEBUG org.apache.http.wire - http-outgoing-1 >> "Content-Length: 731[\r][\n]"
11:17:57.098 [Forwarding newSession on session null to remote] DEBUG org.apache.http.wire - http-outgoing-1 >> "Host: localhost:37445[\r][\n]"
11:17:57.098 [Forwarding newSession on session null to remote] DEBUG org.apache.http.wire - http-outgoing-1 >> "Connection: Keep-Alive[\r][\n]"
11:17:57.098 [Forwarding newSession on session null to remote] DEBUG org.apache.http.wire - http-outgoing-1 >> "User-Agent: Apache-HttpClient/4.5.3 (Java/1.8.0_211)[\r][\n]"
11:17:57.098 [Forwarding newSession on session null to remote] DEBUG org.apache.http.wire - http-outgoing-1 >> "Accept-Encoding: gzip,deflate[\r][\n]"
11:17:57.098 [Forwarding newSession on session null to remote] DEBUG org.apache.http.wire - http-outgoing-1 >> "[\r][\n]"
11:17:57.098 [Forwarding newSession on session null to remote] DEBUG org.apache.http.wire - http-outgoing-1 >> "{[\n]"
11:17:57.098 [Forwarding newSession on session null to remote] DEBUG org.apache.http.wire - http-outgoing-1 >> "  "desiredCapabilities": {[\n]"
11:17:57.098 [Forwarding newSession on session null to remote] DEBUG org.apache.http.wire - http-outgoing-1 >> "    "browserName": "chrome",[\n]"
11:17:57.098 [Forwarding newSession on session null to remote] DEBUG org.apache.http.wire - http-outgoing-1 >> "    "goog:chromeOptions": {[\n]"
11:17:57.098 [Forwarding newSession on session null to remote] DEBUG org.apache.http.wire - http-outgoing-1 >> "      "args": [[\n]"
11:17:57.098 [Forwarding newSession on session null to remote] DEBUG org.apache.http.wire - http-outgoing-1 >> "        "--headless",[\n]"
11:17:57.098 [Forwarding newSession on session null to remote] DEBUG org.apache.http.wire - http-outgoing-1 >> "        "--disable-gpu"[\n]"
11:17:57.098 [Forwarding newSession on session null to remote] DEBUG org.apache.http.wire - http-outgoing-1 >> "      ],[\n]"
11:17:57.098 [Forwarding newSession on session null to remote] DEBUG org.apache.http.wire - http-outgoing-1 >> "      "extensions": [][\n]"
11:17:57.098 [Forwarding newSession on session null to remote] DEBUG org.apache.http.wire - http-outgoing-1 >> "    }[\n]"
11:17:57.098 [Forwarding newSession on session null to remote] DEBUG org.apache.http.wire - http-outgoing-1 >> "  },[\n]"
11:17:57.098 [Forwarding newSession on session null to remote] DEBUG org.apache.http.wire - http-outgoing-1 >> "  "requiredCapabilities": {},[\n]"
11:17:57.098 [Forwarding newSession on session null to remote] DEBUG org.apache.http.wire - http-outgoing-1 >> "  "capabilities": {[\n]"
11:17:57.098 [Forwarding newSession on session null to remote] DEBUG org.apache.http.wire - http-outgoing-1 >> "    "desiredCapabilities": {[\n]"
11:17:57.098 [Forwarding newSession on session null to remote] DEBUG org.apache.http.wire - http-outgoing-1 >> "      "browserName": "chrome",[\n]"
11:17:57.098 [Forwarding newSession on session null to remote] DEBUG org.apache.http.wire - http-outgoing-1 >> "      "goog:chromeOptions": {[\n]"
11:17:57.098 [Forwarding newSession on session null to remote] DEBUG org.apache.http.wire - http-outgoing-1 >> "        "args": [[\n]"
11:17:57.098 [Forwarding newSession on session null to remote] DEBUG org.apache.http.wire - http-outgoing-1 >> "          "--headless",[\n]"
11:17:57.098 [Forwarding newSession on session null to remote] DEBUG org.apache.http.wire - http-outgoing-1 >> "          "--disable-gpu"[\n]"
11:17:57.098 [Forwarding newSession on session null to remote] DEBUG org.apache.http.wire - http-outgoing-1 >> "        ],[\n]"
11:17:57.098 [Forwarding newSession on session null to remote] DEBUG org.apache.http.wire - http-outgoing-1 >> "        "extensions": [][\n]"
11:17:57.098 [Forwarding newSession on session null to remote] DEBUG org.apache.http.wire - http-outgoing-1 >> "      }[\n]"
11:17:57.098 [Forwarding newSession on session null to remote] DEBUG org.apache.http.wire - http-outgoing-1 >> "    },[\n]"
11:17:57.098 [Forwarding newSession on session null to remote] DEBUG org.apache.http.wire - http-outgoing-1 >> "    "requiredCapabilities": {},[\n]"
11:17:57.098 [Forwarding newSession on session null to remote] DEBUG org.apache.http.wire - http-outgoing-1 >> "    "alwaysMatch": {[\n]"
11:17:57.098 [Forwarding newSession on session null to remote] DEBUG org.apache.http.wire - http-outgoing-1 >> "      "goog:chromeOptions": {[\n]"
11:17:57.098 [Forwarding newSession on session null to remote] DEBUG org.apache.http.wire - http-outgoing-1 >> "        "args": [[\n]"
11:17:57.098 [Forwarding newSession on session null to remote] DEBUG org.apache.http.wire - http-outgoing-1 >> "          "--headless",[\n]"
11:17:57.098 [Forwarding newSession on session null to remote] DEBUG org.apache.http.wire - http-outgoing-1 >> "          "--disable-gpu"[\n]"
11:17:57.098 [Forwarding newSession on session null to remote] DEBUG org.apache.http.wire - http-outgoing-1 >> "        ],[\n]"
11:17:57.098 [Forwarding newSession on session null to remote] DEBUG org.apache.http.wire - http-outgoing-1 >> "        "extensions": [][\n]"
11:17:57.098 [Forwarding newSession on session null to remote] DEBUG org.apache.http.wire - http-outgoing-1 >> "      }[\n]"
11:17:57.098 [Forwarding newSession on session null to remote] DEBUG org.apache.http.wire - http-outgoing-1 >> "    },[\n]"
11:17:57.098 [Forwarding newSession on session null to remote] DEBUG org.apache.http.wire - http-outgoing-1 >> "    "firstMatch": [[\n]"
11:17:57.098 [Forwarding newSession on session null to remote] DEBUG org.apache.http.wire - http-outgoing-1 >> "      {[\n]"
11:17:57.098 [Forwarding newSession on session null to remote] DEBUG org.apache.http.wire - http-outgoing-1 >> "        "browserName": "chrome"[\n]"
11:17:57.098 [Forwarding newSession on session null to remote] DEBUG org.apache.http.wire - http-outgoing-1 >> "      }[\n]"
11:17:57.098 [Forwarding newSession on session null to remote] DEBUG org.apache.http.wire - http-outgoing-1 >> "    ][\n]"
11:17:57.098 [Forwarding newSession on session null to remote] DEBUG org.apache.http.wire - http-outgoing-1 >> "  }[\n]"
11:17:57.098 [Forwarding newSession on session null to remote] DEBUG org.apache.http.wire - http-outgoing-1 >> "}"
11:17:57.254 [Forwarding newSession on session null to remote] DEBUG org.apache.http.wire - http-outgoing-1 << "HTTP/1.1 200 OK[\r][\n]"
11:17:57.255 [Forwarding newSession on session null to remote] DEBUG org.apache.http.wire - http-outgoing-1 << "Content-Length:690[\r][\n]"
11:17:57.255 [Forwarding newSession on session null to remote] DEBUG org.apache.http.wire - http-outgoing-1 << "Content-Type:application/json; charset=utf-8[\r][\n]"
11:17:57.255 [Forwarding newSession on session null to remote] DEBUG org.apache.http.wire - http-outgoing-1 << "cache-control:no-cache[\r][\n]"
11:17:57.255 [Forwarding newSession on session null to remote] DEBUG org.apache.http.wire - http-outgoing-1 << "[\r][\n]"
11:17:57.255 [Forwarding newSession on session null to remote] DEBUG org.apache.http.wire - http-outgoing-1 << "{"value":{"capabilities":{"acceptInsecureCerts":false,"browserName":"chrome","browserVersion":"80.0.3987.162","chrome":{"chromedriverVersion":"80.0.3987.106 (f68069574609230cf9b635cd784cfb1bf81bb53a-refs/branch-heads/3987@{#882})","userDataDir":"/var/folders/fs/0qxrqb5x7zg5dtqrhc9t0clm0000gn/T/.com.google.Chrome.7RUp0n"},"goog:chromeOptions":{"debuggerAddress":"localhost:53074"},"networkConnectionEnabled":false,"pageLoadStrategy":"normal","platformName":"mac os x","proxy":{},"setWindowRect":true,"strictFileInteractability":false,"timeouts":{"implicit":0,"pageLoad":300000,"script":30000},"unhandledPromptBehavior":"dismiss and notify"},"sessionId":"a94e1aece77984ea7873a75a87be31fb"}}"
11:17:57.255 [Forwarding newSession on session null to remote] DEBUG org.apache.http.headers - http-outgoing-1 << HTTP/1.1 200 OK
11:17:57.255 [Forwarding newSession on session null to remote] DEBUG org.apache.http.headers - http-outgoing-1 << Content-Length:690
11:17:57.255 [Forwarding newSession on session null to remote] DEBUG org.apache.http.headers - http-outgoing-1 << Content-Type:application/json; charset=utf-8
11:17:57.255 [Forwarding newSession on session null to remote] DEBUG org.apache.http.headers - http-outgoing-1 << cache-control:no-cache
11:17:57.255 [Forwarding newSession on session null to remote] DEBUG org.apache.http.impl.execchain.MainClientExec - Connection can be kept alive indefinitely
11:17:57.255 [Forwarding newSession on session null to remote] DEBUG org.apache.http.impl.conn.PoolingHttpClientConnectionManager - Connection [id: 1][route: {}->http://localhost:37445] can be kept alive indefinitely
11:17:57.255 [Forwarding newSession on session null to remote] DEBUG org.apache.http.impl.conn.PoolingHttpClientConnectionManager - Connection released: [id: 1][route: {}->http://localhost:37445][total kept alive: 2; route allocated: 1 of 2000; total allocated: 2 of 2000]
11:17:57.259 [Forwarding get on session a94e1aece77984ea7873a75a87be31fb to remote] DEBUG org.apache.http.client.protocol.RequestAddCookies - CookieSpec selected: default
11:17:57.259 [Forwarding get on session a94e1aece77984ea7873a75a87be31fb to remote] DEBUG org.apache.http.client.protocol.RequestAuthCache - Auth cache not set in the context
11:17:57.259 [Forwarding get on session a94e1aece77984ea7873a75a87be31fb to remote] DEBUG org.apache.http.impl.conn.PoolingHttpClientConnectionManager - Connection request: [route: {}->http://localhost:37445][total kept alive: 2; route allocated: 1 of 2000; total allocated: 2 of 2000]
11:17:57.259 [Forwarding get on session a94e1aece77984ea7873a75a87be31fb to remote] DEBUG org.apache.http.impl.conn.PoolingHttpClientConnectionManager - Connection leased: [id: 1][route: {}->http://localhost:37445][total kept alive: 1; route allocated: 1 of 2000; total allocated: 2 of 2000]
11:17:57.259 [Forwarding get on session a94e1aece77984ea7873a75a87be31fb to remote] DEBUG org.apache.http.impl.execchain.MainClientExec - Stale connection check
11:17:57.260 [Forwarding get on session a94e1aece77984ea7873a75a87be31fb to remote] DEBUG org.apache.http.wire - http-outgoing-1 << "[read] I/O error: Read timed out"
11:17:57.260 [Forwarding get on session a94e1aece77984ea7873a75a87be31fb to remote] DEBUG org.apache.http.impl.conn.DefaultManagedHttpClientConnection - http-outgoing-1: set socket timeout to 10800000
11:17:57.260 [Forwarding get on session a94e1aece77984ea7873a75a87be31fb to remote] DEBUG org.apache.http.impl.execchain.MainClientExec - Executing request POST /session/a94e1aece77984ea7873a75a87be31fb/url HTTP/1.1
11:17:57.260 [Forwarding get on session a94e1aece77984ea7873a75a87be31fb to remote] DEBUG org.apache.http.impl.execchain.MainClientExec - Target auth state: UNCHALLENGED
11:17:57.260 [Forwarding get on session a94e1aece77984ea7873a75a87be31fb to remote] DEBUG org.apache.http.impl.execchain.MainClientExec - Proxy auth state: UNCHALLENGED
11:17:57.260 [Forwarding get on session a94e1aece77984ea7873a75a87be31fb to remote] DEBUG org.apache.http.headers - http-outgoing-1 >> POST /session/a94e1aece77984ea7873a75a87be31fb/url HTTP/1.1
11:17:57.260 [Forwarding get on session a94e1aece77984ea7873a75a87be31fb to remote] DEBUG org.apache.http.headers - http-outgoing-1 >> Content-Type: application/json; charset=utf-8
11:17:57.260 [Forwarding get on session a94e1aece77984ea7873a75a87be31fb to remote] DEBUG org.apache.http.headers - http-outgoing-1 >> Content-Length: 33
11:17:57.260 [Forwarding get on session a94e1aece77984ea7873a75a87be31fb to remote] DEBUG org.apache.http.headers - http-outgoing-1 >> Host: localhost:37445
11:17:57.260 [Forwarding get on session a94e1aece77984ea7873a75a87be31fb to remote] DEBUG org.apache.http.headers - http-outgoing-1 >> Connection: Keep-Alive
11:17:57.260 [Forwarding get on session a94e1aece77984ea7873a75a87be31fb to remote] DEBUG org.apache.http.headers - http-outgoing-1 >> User-Agent: Apache-HttpClient/4.5.3 (Java/1.8.0_211)
11:17:57.260 [Forwarding get on session a94e1aece77984ea7873a75a87be31fb to remote] DEBUG org.apache.http.headers - http-outgoing-1 >> Accept-Encoding: gzip,deflate
11:17:57.260 [Forwarding get on session a94e1aece77984ea7873a75a87be31fb to remote] DEBUG org.apache.http.wire - http-outgoing-1 >> "POST /session/a94e1aece77984ea7873a75a87be31fb/url HTTP/1.1[\r][\n]"
11:17:57.260 [Forwarding get on session a94e1aece77984ea7873a75a87be31fb to remote] DEBUG org.apache.http.wire - http-outgoing-1 >> "Content-Type: application/json; charset=utf-8[\r][\n]"
11:17:57.260 [Forwarding get on session a94e1aece77984ea7873a75a87be31fb to remote] DEBUG org.apache.http.wire - http-outgoing-1 >> "Content-Length: 33[\r][\n]"
11:17:57.260 [Forwarding get on session a94e1aece77984ea7873a75a87be31fb to remote] DEBUG org.apache.http.wire - http-outgoing-1 >> "Host: localhost:37445[\r][\n]"
11:17:57.260 [Forwarding get on session a94e1aece77984ea7873a75a87be31fb to remote] DEBUG org.apache.http.wire - http-outgoing-1 >> "Connection: Keep-Alive[\r][\n]"
11:17:57.260 [Forwarding get on session a94e1aece77984ea7873a75a87be31fb to remote] DEBUG org.apache.http.wire - http-outgoing-1 >> "User-Agent: Apache-HttpClient/4.5.3 (Java/1.8.0_211)[\r][\n]"
11:17:57.260 [Forwarding get on session a94e1aece77984ea7873a75a87be31fb to remote] DEBUG org.apache.http.wire - http-outgoing-1 >> "Accept-Encoding: gzip,deflate[\r][\n]"
11:17:57.260 [Forwarding get on session a94e1aece77984ea7873a75a87be31fb to remote] DEBUG org.apache.http.wire - http-outgoing-1 >> "[\r][\n]"
11:17:57.260 [Forwarding get on session a94e1aece77984ea7873a75a87be31fb to remote] DEBUG org.apache.http.wire - http-outgoing-1 >> "{"url":"https://tronscan.org/#/"}"
11:17:59.807 [Forwarding get on session a94e1aece77984ea7873a75a87be31fb to remote] DEBUG org.apache.http.wire - http-outgoing-1 << "HTTP/1.1 200 OK[\r][\n]"
11:17:59.807 [Forwarding get on session a94e1aece77984ea7873a75a87be31fb to remote] DEBUG org.apache.http.wire - http-outgoing-1 << "Content-Length:14[\r][\n]"
11:17:59.807 [Forwarding get on session a94e1aece77984ea7873a75a87be31fb to remote] DEBUG org.apache.http.wire - http-outgoing-1 << "Content-Type:application/json; charset=utf-8[\r][\n]"
11:17:59.807 [Forwarding get on session a94e1aece77984ea7873a75a87be31fb to remote] DEBUG org.apache.http.wire - http-outgoing-1 << "cache-control:no-cache[\r][\n]"
11:17:59.807 [Forwarding get on session a94e1aece77984ea7873a75a87be31fb to remote] DEBUG org.apache.http.wire - http-outgoing-1 << "[\r][\n]"
11:17:59.807 [Forwarding get on session a94e1aece77984ea7873a75a87be31fb to remote] DEBUG org.apache.http.wire - http-outgoing-1 << "{"value":null}"
11:17:59.807 [Forwarding get on session a94e1aece77984ea7873a75a87be31fb to remote] DEBUG org.apache.http.headers - http-outgoing-1 << HTTP/1.1 200 OK
11:17:59.807 [Forwarding get on session a94e1aece77984ea7873a75a87be31fb to remote] DEBUG org.apache.http.headers - http-outgoing-1 << Content-Length:14
11:17:59.807 [Forwarding get on session a94e1aece77984ea7873a75a87be31fb to remote] DEBUG org.apache.http.headers - http-outgoing-1 << Content-Type:application/json; charset=utf-8
11:17:59.807 [Forwarding get on session a94e1aece77984ea7873a75a87be31fb to remote] DEBUG org.apache.http.headers - http-outgoing-1 << cache-control:no-cache
11:17:59.807 [Forwarding get on session a94e1aece77984ea7873a75a87be31fb to remote] DEBUG org.apache.http.impl.execchain.MainClientExec - Connection can be kept alive indefinitely
11:17:59.808 [Forwarding get on session a94e1aece77984ea7873a75a87be31fb to remote] DEBUG org.apache.http.impl.conn.PoolingHttpClientConnectionManager - Connection [id: 1][route: {}->http://localhost:37445] can be kept alive indefinitely
11:17:59.808 [Forwarding get on session a94e1aece77984ea7873a75a87be31fb to remote] DEBUG org.apache.http.impl.conn.PoolingHttpClientConnectionManager - Connection released: [id: 1][route: {}->http://localhost:37445][total kept alive: 2; route allocated: 1 of 2000; total allocated: 2 of 2000]
成功打开谷歌浏览器！
11:17:59.809 [Forwarding setTimeout on session a94e1aece77984ea7873a75a87be31fb to remote] DEBUG org.apache.http.client.protocol.RequestAddCookies - CookieSpec selected: default
11:17:59.809 [Forwarding setTimeout on session a94e1aece77984ea7873a75a87be31fb to remote] DEBUG org.apache.http.client.protocol.RequestAuthCache - Auth cache not set in the context
11:17:59.809 [Forwarding setTimeout on session a94e1aece77984ea7873a75a87be31fb to remote] DEBUG org.apache.http.impl.conn.PoolingHttpClientConnectionManager - Connection request: [route: {}->http://localhost:37445][total kept alive: 2; route allocated: 1 of 2000; total allocated: 2 of 2000]
11:17:59.809 [Forwarding setTimeout on session a94e1aece77984ea7873a75a87be31fb to remote] DEBUG org.apache.http.impl.conn.PoolingHttpClientConnectionManager - Connection leased: [id: 1][route: {}->http://localhost:37445][total kept alive: 1; route allocated: 1 of 2000; total allocated: 2 of 2000]
11:17:59.809 [Forwarding setTimeout on session a94e1aece77984ea7873a75a87be31fb to remote] DEBUG org.apache.http.impl.execchain.MainClientExec - Stale connection check
11:17:59.810 [Forwarding setTimeout on session a94e1aece77984ea7873a75a87be31fb to remote] DEBUG org.apache.http.wire - http-outgoing-1 << "[read] I/O error: Read timed out"
11:17:59.810 [Forwarding setTimeout on session a94e1aece77984ea7873a75a87be31fb to remote] DEBUG org.apache.http.impl.conn.DefaultManagedHttpClientConnection - http-outgoing-1: set socket timeout to 10800000
11:17:59.810 [Forwarding setTimeout on session a94e1aece77984ea7873a75a87be31fb to remote] DEBUG org.apache.http.impl.execchain.MainClientExec - Executing request POST /session/a94e1aece77984ea7873a75a87be31fb/timeouts HTTP/1.1
11:17:59.810 [Forwarding setTimeout on session a94e1aece77984ea7873a75a87be31fb to remote] DEBUG org.apache.http.impl.execchain.MainClientExec - Target auth state: UNCHALLENGED
11:17:59.810 [Forwarding setTimeout on session a94e1aece77984ea7873a75a87be31fb to remote] DEBUG org.apache.http.impl.execchain.MainClientExec - Proxy auth state: UNCHALLENGED
11:17:59.810 [Forwarding setTimeout on session a94e1aece77984ea7873a75a87be31fb to remote] DEBUG org.apache.http.headers - http-outgoing-1 >> POST /session/a94e1aece77984ea7873a75a87be31fb/timeouts HTTP/1.1
11:17:59.810 [Forwarding setTimeout on session a94e1aece77984ea7873a75a87be31fb to remote] DEBUG org.apache.http.headers - http-outgoing-1 >> Content-Type: application/json; charset=utf-8
11:17:59.810 [Forwarding setTimeout on session a94e1aece77984ea7873a75a87be31fb to remote] DEBUG org.apache.http.headers - http-outgoing-1 >> Content-Length: 18
11:17:59.810 [Forwarding setTimeout on session a94e1aece77984ea7873a75a87be31fb to remote] DEBUG org.apache.http.headers - http-outgoing-1 >> Host: localhost:37445
11:17:59.810 [Forwarding setTimeout on session a94e1aece77984ea7873a75a87be31fb to remote] DEBUG org.apache.http.headers - http-outgoing-1 >> Connection: Keep-Alive
11:17:59.810 [Forwarding setTimeout on session a94e1aece77984ea7873a75a87be31fb to remote] DEBUG org.apache.http.headers - http-outgoing-1 >> User-Agent: Apache-HttpClient/4.5.3 (Java/1.8.0_211)
11:17:59.810 [Forwarding setTimeout on session a94e1aece77984ea7873a75a87be31fb to remote] DEBUG org.apache.http.headers - http-outgoing-1 >> Accept-Encoding: gzip,deflate
11:17:59.810 [Forwarding setTimeout on session a94e1aece77984ea7873a75a87be31fb to remote] DEBUG org.apache.http.wire - http-outgoing-1 >> "POST /session/a94e1aece77984ea7873a75a87be31fb/timeouts HTTP/1.1[\r][\n]"
11:17:59.810 [Forwarding setTimeout on session a94e1aece77984ea7873a75a87be31fb to remote] DEBUG org.apache.http.wire - http-outgoing-1 >> "Content-Type: application/json; charset=utf-8[\r][\n]"
11:17:59.810 [Forwarding setTimeout on session a94e1aece77984ea7873a75a87be31fb to remote] DEBUG org.apache.http.wire - http-outgoing-1 >> "Content-Length: 18[\r][\n]"
11:17:59.810 [Forwarding setTimeout on session a94e1aece77984ea7873a75a87be31fb to remote] DEBUG org.apache.http.wire - http-outgoing-1 >> "Host: localhost:37445[\r][\n]"
11:17:59.810 [Forwarding setTimeout on session a94e1aece77984ea7873a75a87be31fb to remote] DEBUG org.apache.http.wire - http-outgoing-1 >> "Connection: Keep-Alive[\r][\n]"
11:17:59.810 [Forwarding setTimeout on session a94e1aece77984ea7873a75a87be31fb to remote] DEBUG org.apache.http.wire - http-outgoing-1 >> "User-Agent: Apache-HttpClient/4.5.3 (Java/1.8.0_211)[\r][\n]"
11:17:59.810 [Forwarding setTimeout on session a94e1aece77984ea7873a75a87be31fb to remote] DEBUG org.apache.http.wire - http-outgoing-1 >> "Accept-Encoding: gzip,deflate[\r][\n]"
11:17:59.810 [Forwarding setTimeout on session a94e1aece77984ea7873a75a87be31fb to remote] DEBUG org.apache.http.wire - http-outgoing-1 >> "[\r][\n]"
11:17:59.810 [Forwarding setTimeout on session a94e1aece77984ea7873a75a87be31fb to remote] DEBUG org.apache.http.wire - http-outgoing-1 >> "{"implicit":10000}"
11:17:59.810 [Forwarding setTimeout on session a94e1aece77984ea7873a75a87be31fb to remote] DEBUG org.apache.http.wire - http-outgoing-1 << "HTTP/1.1 200 OK[\r][\n]"
11:17:59.810 [Forwarding setTimeout on session a94e1aece77984ea7873a75a87be31fb to remote] DEBUG org.apache.http.wire - http-outgoing-1 << "Content-Length:14[\r][\n]"
11:17:59.810 [Forwarding setTimeout on session a94e1aece77984ea7873a75a87be31fb to remote] DEBUG org.apache.http.wire - http-outgoing-1 << "Content-Type:application/json; charset=utf-8[\r][\n]"
11:17:59.810 [Forwarding setTimeout on session a94e1aece77984ea7873a75a87be31fb to remote] DEBUG org.apache.http.wire - http-outgoing-1 << "cache-control:no-cache[\r][\n]"
11:17:59.810 [Forwarding setTimeout on session a94e1aece77984ea7873a75a87be31fb to remote] DEBUG org.apache.http.wire - http-outgoing-1 << "[\r][\n]"
11:17:59.811 [Forwarding setTimeout on session a94e1aece77984ea7873a75a87be31fb to remote] DEBUG org.apache.http.wire - http-outgoing-1 << "{"value":null}"
11:17:59.811 [Forwarding setTimeout on session a94e1aece77984ea7873a75a87be31fb to remote] DEBUG org.apache.http.headers - http-outgoing-1 << HTTP/1.1 200 OK
11:17:59.811 [Forwarding setTimeout on session a94e1aece77984ea7873a75a87be31fb to remote] DEBUG org.apache.http.headers - http-outgoing-1 << Content-Length:14
11:17:59.811 [Forwarding setTimeout on session a94e1aece77984ea7873a75a87be31fb to remote] DEBUG org.apache.http.headers - http-outgoing-1 << Content-Type:application/json; charset=utf-8
11:17:59.811 [Forwarding setTimeout on session a94e1aece77984ea7873a75a87be31fb to remote] DEBUG org.apache.http.headers - http-outgoing-1 << cache-control:no-cache
11:17:59.811 [Forwarding setTimeout on session a94e1aece77984ea7873a75a87be31fb to remote] DEBUG org.apache.http.impl.execchain.MainClientExec - Connection can be kept alive indefinitely
11:17:59.811 [Forwarding setTimeout on session a94e1aece77984ea7873a75a87be31fb to remote] DEBUG org.apache.http.impl.conn.PoolingHttpClientConnectionManager - Connection [id: 1][route: {}->http://localhost:37445] can be kept alive indefinitely
11:17:59.811 [Forwarding setTimeout on session a94e1aece77984ea7873a75a87be31fb to remote] DEBUG org.apache.http.impl.conn.PoolingHttpClientConnectionManager - Connection released: [id: 1][route: {}->http://localhost:37445][total kept alive: 2; route allocated: 1 of 2000; total allocated: 2 of 2000]
LOGIN
11:17:59.813 [Forwarding setCurrentWindowSize on session a94e1aece77984ea7873a75a87be31fb to remote] DEBUG org.apache.http.client.protocol.RequestAddCookies - CookieSpec selected: default
11:17:59.813 [Forwarding setCurrentWindowSize on session a94e1aece77984ea7873a75a87be31fb to remote] DEBUG org.apache.http.client.protocol.RequestAuthCache - Auth cache not set in the context
11:17:59.813 [Forwarding setCurrentWindowSize on session a94e1aece77984ea7873a75a87be31fb to remote] DEBUG org.apache.http.impl.conn.PoolingHttpClientConnectionManager - Connection request: [route: {}->http://localhost:37445][total kept alive: 2; route allocated: 1 of 2000; total allocated: 2 of 2000]
11:17:59.813 [Forwarding setCurrentWindowSize on session a94e1aece77984ea7873a75a87be31fb to remote] DEBUG org.apache.http.impl.conn.PoolingHttpClientConnectionManager - Connection leased: [id: 1][route: {}->http://localhost:37445][total kept alive: 1; route allocated: 1 of 2000; total allocated: 2 of 2000]
11:17:59.813 [Forwarding setCurrentWindowSize on session a94e1aece77984ea7873a75a87be31fb to remote] DEBUG org.apache.http.impl.execchain.MainClientExec - Stale connection check
11:17:59.815 [Forwarding setCurrentWindowSize on session a94e1aece77984ea7873a75a87be31fb to remote] DEBUG org.apache.http.wire - http-outgoing-1 << "[read] I/O error: Read timed out"
11:17:59.815 [Forwarding setCurrentWindowSize on session a94e1aece77984ea7873a75a87be31fb to remote] DEBUG org.apache.http.impl.conn.DefaultManagedHttpClientConnection - http-outgoing-1: set socket timeout to 10800000
11:17:59.815 [Forwarding setCurrentWindowSize on session a94e1aece77984ea7873a75a87be31fb to remote] DEBUG org.apache.http.impl.execchain.MainClientExec - Executing request POST /session/a94e1aece77984ea7873a75a87be31fb/window/rect HTTP/1.1
11:17:59.815 [Forwarding setCurrentWindowSize on session a94e1aece77984ea7873a75a87be31fb to remote] DEBUG org.apache.http.impl.execchain.MainClientExec - Target auth state: UNCHALLENGED
11:17:59.815 [Forwarding setCurrentWindowSize on session a94e1aece77984ea7873a75a87be31fb to remote] DEBUG org.apache.http.impl.execchain.MainClientExec - Proxy auth state: UNCHALLENGED
11:17:59.815 [Forwarding setCurrentWindowSize on session a94e1aece77984ea7873a75a87be31fb to remote] DEBUG org.apache.http.headers - http-outgoing-1 >> POST /session/a94e1aece77984ea7873a75a87be31fb/window/rect HTTP/1.1
11:17:59.815 [Forwarding setCurrentWindowSize on session a94e1aece77984ea7873a75a87be31fb to remote] DEBUG org.apache.http.headers - http-outgoing-1 >> Content-Type: application/json; charset=utf-8
11:17:59.815 [Forwarding setCurrentWindowSize on session a94e1aece77984ea7873a75a87be31fb to remote] DEBUG org.apache.http.headers - http-outgoing-1 >> Content-Length: 28
11:17:59.815 [Forwarding setCurrentWindowSize on session a94e1aece77984ea7873a75a87be31fb to remote] DEBUG org.apache.http.headers - http-outgoing-1 >> Host: localhost:37445
11:17:59.815 [Forwarding setCurrentWindowSize on session a94e1aece77984ea7873a75a87be31fb to remote] DEBUG org.apache.http.headers - http-outgoing-1 >> Connection: Keep-Alive
11:17:59.815 [Forwarding setCurrentWindowSize on session a94e1aece77984ea7873a75a87be31fb to remote] DEBUG org.apache.http.headers - http-outgoing-1 >> User-Agent: Apache-HttpClient/4.5.3 (Java/1.8.0_211)
11:17:59.815 [Forwarding setCurrentWindowSize on session a94e1aece77984ea7873a75a87be31fb to remote] DEBUG org.apache.http.headers - http-outgoing-1 >> Accept-Encoding: gzip,deflate
11:17:59.815 [Forwarding setCurrentWindowSize on session a94e1aece77984ea7873a75a87be31fb to remote] DEBUG org.apache.http.wire - http-outgoing-1 >> "POST /session/a94e1aece77984ea7873a75a87be31fb/window/rect HTTP/1.1[\r][\n]"
11:17:59.815 [Forwarding setCurrentWindowSize on session a94e1aece77984ea7873a75a87be31fb to remote] DEBUG org.apache.http.wire - http-outgoing-1 >> "Content-Type: application/json; charset=utf-8[\r][\n]"
11:17:59.815 [Forwarding setCurrentWindowSize on session a94e1aece77984ea7873a75a87be31fb to remote] DEBUG org.apache.http.wire - http-outgoing-1 >> "Content-Length: 28[\r][\n]"
11:17:59.815 [Forwarding setCurrentWindowSize on session a94e1aece77984ea7873a75a87be31fb to remote] DEBUG org.apache.http.wire - http-outgoing-1 >> "Host: localhost:37445[\r][\n]"
11:17:59.815 [Forwarding setCurrentWindowSize on session a94e1aece77984ea7873a75a87be31fb to remote] DEBUG org.apache.http.wire - http-outgoing-1 >> "Connection: Keep-Alive[\r][\n]"
11:17:59.815 [Forwarding setCurrentWindowSize on session a94e1aece77984ea7873a75a87be31fb to remote] DEBUG org.apache.http.wire - http-outgoing-1 >> "User-Agent: Apache-HttpClient/4.5.3 (Java/1.8.0_211)[\r][\n]"
11:17:59.815 [Forwarding setCurrentWindowSize on session a94e1aece77984ea7873a75a87be31fb to remote] DEBUG org.apache.http.wire - http-outgoing-1 >> "Accept-Encoding: gzip,deflate[\r][\n]"
11:17:59.815 [Forwarding setCurrentWindowSize on session a94e1aece77984ea7873a75a87be31fb to remote] DEBUG org.apache.http.wire - http-outgoing-1 >> "[\r][\n]"
11:17:59.815 [Forwarding setCurrentWindowSize on session a94e1aece77984ea7873a75a87be31fb to remote] DEBUG org.apache.http.wire - http-outgoing-1 >> "{"width":2560,"height":1440}"
11:17:59.945 [Forwarding setCurrentWindowSize on session a94e1aece77984ea7873a75a87be31fb to remote] DEBUG org.apache.http.wire - http-outgoing-1 << "HTTP/1.1 200 OK[\r][\n]"
11:17:59.945 [Forwarding setCurrentWindowSize on session a94e1aece77984ea7873a75a87be31fb to remote] DEBUG org.apache.http.wire - http-outgoing-1 << "Content-Length:50[\r][\n]"
11:17:59.945 [Forwarding setCurrentWindowSize on session a94e1aece77984ea7873a75a87be31fb to remote] DEBUG org.apache.http.wire - http-outgoing-1 << "Content-Type:application/json; charset=utf-8[\r][\n]"
11:17:59.945 [Forwarding setCurrentWindowSize on session a94e1aece77984ea7873a75a87be31fb to remote] DEBUG org.apache.http.wire - http-outgoing-1 << "cache-control:no-cache[\r][\n]"
11:17:59.945 [Forwarding setCurrentWindowSize on session a94e1aece77984ea7873a75a87be31fb to remote] DEBUG org.apache.http.wire - http-outgoing-1 << "[\r][\n]"
11:17:59.945 [Forwarding setCurrentWindowSize on session a94e1aece77984ea7873a75a87be31fb to remote] DEBUG org.apache.http.wire - http-outgoing-1 << "{"value":{"height":1440,"width":2560,"x":0,"y":0}}"
11:17:59.945 [Forwarding setCurrentWindowSize on session a94e1aece77984ea7873a75a87be31fb to remote] DEBUG org.apache.http.headers - http-outgoing-1 << HTTP/1.1 200 OK
11:17:59.945 [Forwarding setCurrentWindowSize on session a94e1aece77984ea7873a75a87be31fb to remote] DEBUG org.apache.http.headers - http-outgoing-1 << Content-Length:50
11:17:59.945 [Forwarding setCurrentWindowSize on session a94e1aece77984ea7873a75a87be31fb to remote] DEBUG org.apache.http.headers - http-outgoing-1 << Content-Type:application/json; charset=utf-8
11:17:59.945 [Forwarding setCurrentWindowSize on session a94e1aece77984ea7873a75a87be31fb to remote] DEBUG org.apache.http.headers - http-outgoing-1 << cache-control:no-cache
11:17:59.945 [Forwarding setCurrentWindowSize on session a94e1aece77984ea7873a75a87be31fb to remote] DEBUG org.apache.http.impl.execchain.MainClientExec - Connection can be kept alive indefinitely
11:17:59.945 [Forwarding setCurrentWindowSize on session a94e1aece77984ea7873a75a87be31fb to remote] DEBUG org.apache.http.impl.conn.PoolingHttpClientConnectionManager - Connection [id: 1][route: {}->http://localhost:37445] can be kept alive indefinitely
11:17:59.945 [Forwarding setCurrentWindowSize on session a94e1aece77984ea7873a75a87be31fb to remote] DEBUG org.apache.http.impl.conn.PoolingHttpClientConnectionManager - Connection released: [id: 1][route: {}->http://localhost:37445][total kept alive: 2; route allocated: 1 of 2000; total allocated: 2 of 2000]
11:18:00.146 [Forwarding findElement on session a94e1aece77984ea7873a75a87be31fb to remote] DEBUG org.apache.http.client.protocol.RequestAddCookies - CookieSpec selected: default
11:18:00.146 [Forwarding findElement on session a94e1aece77984ea7873a75a87be31fb to remote] DEBUG org.apache.http.client.protocol.RequestAuthCache - Auth cache not set in the context
11:18:00.146 [Forwarding findElement on session a94e1aece77984ea7873a75a87be31fb to remote] DEBUG org.apache.http.impl.conn.PoolingHttpClientConnectionManager - Connection request: [route: {}->http://localhost:37445][total kept alive: 2; route allocated: 1 of 2000; total allocated: 2 of 2000]
11:18:00.147 [Forwarding findElement on session a94e1aece77984ea7873a75a87be31fb to remote] DEBUG org.apache.http.impl.conn.PoolingHttpClientConnectionManager - Connection leased: [id: 1][route: {}->http://localhost:37445][total kept alive: 1; route allocated: 1 of 2000; total allocated: 2 of 2000]
11:18:00.147 [Forwarding findElement on session a94e1aece77984ea7873a75a87be31fb to remote] DEBUG org.apache.http.impl.execchain.MainClientExec - Stale connection check
11:18:00.148 [Forwarding findElement on session a94e1aece77984ea7873a75a87be31fb to remote] DEBUG org.apache.http.wire - http-outgoing-1 << "[read] I/O error: Read timed out"
11:18:00.148 [Forwarding findElement on session a94e1aece77984ea7873a75a87be31fb to remote] DEBUG org.apache.http.impl.conn.DefaultManagedHttpClientConnection - http-outgoing-1: set socket timeout to 10800000
11:18:00.148 [Forwarding findElement on session a94e1aece77984ea7873a75a87be31fb to remote] DEBUG org.apache.http.impl.execchain.MainClientExec - Executing request POST /session/a94e1aece77984ea7873a75a87be31fb/element HTTP/1.1
11:18:00.148 [Forwarding findElement on session a94e1aece77984ea7873a75a87be31fb to remote] DEBUG org.apache.http.impl.execchain.MainClientExec - Target auth state: UNCHALLENGED
11:18:00.148 [Forwarding findElement on session a94e1aece77984ea7873a75a87be31fb to remote] DEBUG org.apache.http.impl.execchain.MainClientExec - Proxy auth state: UNCHALLENGED
11:18:00.148 [Forwarding findElement on session a94e1aece77984ea7873a75a87be31fb to remote] DEBUG org.apache.http.headers - http-outgoing-1 >> POST /session/a94e1aece77984ea7873a75a87be31fb/element HTTP/1.1
11:18:00.148 [Forwarding findElement on session a94e1aece77984ea7873a75a87be31fb to remote] DEBUG org.apache.http.headers - http-outgoing-1 >> Content-Type: application/json; charset=utf-8
11:18:00.148 [Forwarding findElement on session a94e1aece77984ea7873a75a87be31fb to remote] DEBUG org.apache.http.headers - http-outgoing-1 >> Content-Length: 58
11:18:00.148 [Forwarding findElement on session a94e1aece77984ea7873a75a87be31fb to remote] DEBUG org.apache.http.headers - http-outgoing-1 >> Host: localhost:37445
11:18:00.148 [Forwarding findElement on session a94e1aece77984ea7873a75a87be31fb to remote] DEBUG org.apache.http.headers - http-outgoing-1 >> Connection: Keep-Alive
11:18:00.148 [Forwarding findElement on session a94e1aece77984ea7873a75a87be31fb to remote] DEBUG org.apache.http.headers - http-outgoing-1 >> User-Agent: Apache-HttpClient/4.5.3 (Java/1.8.0_211)
11:18:00.148 [Forwarding findElement on session a94e1aece77984ea7873a75a87be31fb to remote] DEBUG org.apache.http.headers - http-outgoing-1 >> Accept-Encoding: gzip,deflate
11:18:00.148 [Forwarding findElement on session a94e1aece77984ea7873a75a87be31fb to remote] DEBUG org.apache.http.wire - http-outgoing-1 >> "POST /session/a94e1aece77984ea7873a75a87be31fb/element HTTP/1.1[\r][\n]"
11:18:00.148 [Forwarding findElement on session a94e1aece77984ea7873a75a87be31fb to remote] DEBUG org.apache.http.wire - http-outgoing-1 >> "Content-Type: application/json; charset=utf-8[\r][\n]"
11:18:00.148 [Forwarding findElement on session a94e1aece77984ea7873a75a87be31fb to remote] DEBUG org.apache.http.wire - http-outgoing-1 >> "Content-Length: 58[\r][\n]"
11:18:00.148 [Forwarding findElement on session a94e1aece77984ea7873a75a87be31fb to remote] DEBUG org.apache.http.wire - http-outgoing-1 >> "Host: localhost:37445[\r][\n]"
11:18:00.148 [Forwarding findElement on session a94e1aece77984ea7873a75a87be31fb to remote] DEBUG org.apache.http.wire - http-outgoing-1 >> "Connection: Keep-Alive[\r][\n]"
11:18:00.148 [Forwarding findElement on session a94e1aece77984ea7873a75a87be31fb to remote] DEBUG org.apache.http.wire - http-outgoing-1 >> "User-Agent: Apache-HttpClient/4.5.3 (Java/1.8.0_211)[\r][\n]"
11:18:00.148 [Forwarding findElement on session a94e1aece77984ea7873a75a87be31fb to remote] DEBUG org.apache.http.wire - http-outgoing-1 >> "Accept-Encoding: gzip,deflate[\r][\n]"
11:18:00.148 [Forwarding findElement on session a94e1aece77984ea7873a75a87be31fb to remote] DEBUG org.apache.http.wire - http-outgoing-1 >> "[\r][\n]"
11:18:00.148 [Forwarding findElement on session a94e1aece77984ea7873a75a87be31fb to remote] DEBUG org.apache.http.wire - http-outgoing-1 >> "{"value":".dropdown-toggle > span","using":"css selector"}"
11:18:00.194 [Forwarding findElement on session a94e1aece77984ea7873a75a87be31fb to remote] DEBUG org.apache.http.wire - http-outgoing-1 << "HTTP/1.1 200 OK[\r][\n]"
11:18:00.194 [Forwarding findElement on session a94e1aece77984ea7873a75a87be31fb to remote] DEBUG org.apache.http.wire - http-outgoing-1 << "Content-Length:88[\r][\n]"
11:18:00.194 [Forwarding findElement on session a94e1aece77984ea7873a75a87be31fb to remote] DEBUG org.apache.http.wire - http-outgoing-1 << "Content-Type:application/json; charset=utf-8[\r][\n]"
11:18:00.194 [Forwarding findElement on session a94e1aece77984ea7873a75a87be31fb to remote] DEBUG org.apache.http.wire - http-outgoing-1 << "cache-control:no-cache[\r][\n]"
11:18:00.194 [Forwarding findElement on session a94e1aece77984ea7873a75a87be31fb to remote] DEBUG org.apache.http.wire - http-outgoing-1 << "[\r][\n]"
11:18:00.194 [Forwarding findElement on session a94e1aece77984ea7873a75a87be31fb to remote] DEBUG org.apache.http.wire - http-outgoing-1 << "{"value":{"element-6066-11e4-a52e-4f735466cecf":"fd02a95d-8e3d-45f5-a8b1-e8b3d38cea78"}}"
11:18:00.194 [Forwarding findElement on session a94e1aece77984ea7873a75a87be31fb to remote] DEBUG org.apache.http.headers - http-outgoing-1 << HTTP/1.1 200 OK
11:18:00.194 [Forwarding findElement on session a94e1aece77984ea7873a75a87be31fb to remote] DEBUG org.apache.http.headers - http-outgoing-1 << Content-Length:88
11:18:00.194 [Forwarding findElement on session a94e1aece77984ea7873a75a87be31fb to remote] DEBUG org.apache.http.headers - http-outgoing-1 << Content-Type:application/json; charset=utf-8
11:18:00.194 [Forwarding findElement on session a94e1aece77984ea7873a75a87be31fb to remote] DEBUG org.apache.http.headers - http-outgoing-1 << cache-control:no-cache
11:18:00.194 [Forwarding findElement on session a94e1aece77984ea7873a75a87be31fb to remote] DEBUG org.apache.http.impl.execchain.MainClientExec - Connection can be kept alive indefinitely
11:18:00.194 [Forwarding findElement on session a94e1aece77984ea7873a75a87be31fb to remote] DEBUG org.apache.http.impl.conn.PoolingHttpClientConnectionManager - Connection [id: 1][route: {}->http://localhost:37445] can be kept alive indefinitely
11:18:00.194 [Forwarding findElement on session a94e1aece77984ea7873a75a87be31fb to remote] DEBUG org.apache.http.impl.conn.PoolingHttpClientConnectionManager - Connection released: [id: 1][route: {}->http://localhost:37445][total kept alive: 2; route allocated: 1 of 2000; total allocated: 2 of 2000]
11:18:00.202 [Forwarding actions on session a94e1aece77984ea7873a75a87be31fb to remote] DEBUG org.apache.http.client.protocol.RequestAddCookies - CookieSpec selected: default
11:18:00.202 [Forwarding actions on session a94e1aece77984ea7873a75a87be31fb to remote] DEBUG org.apache.http.client.protocol.RequestAuthCache - Auth cache not set in the context
11:18:00.202 [Forwarding actions on session a94e1aece77984ea7873a75a87be31fb to remote] DEBUG org.apache.http.impl.conn.PoolingHttpClientConnectionManager - Connection request: [route: {}->http://localhost:37445][total kept alive: 2; route allocated: 1 of 2000; total allocated: 2 of 2000]
11:18:00.202 [Forwarding actions on session a94e1aece77984ea7873a75a87be31fb to remote] DEBUG org.apache.http.impl.conn.PoolingHttpClientConnectionManager - Connection leased: [id: 1][route: {}->http://localhost:37445][total kept alive: 1; route allocated: 1 of 2000; total allocated: 2 of 2000]
11:18:00.202 [Forwarding actions on session a94e1aece77984ea7873a75a87be31fb to remote] DEBUG org.apache.http.impl.execchain.MainClientExec - Stale connection check
11:18:00.203 [Forwarding actions on session a94e1aece77984ea7873a75a87be31fb to remote] DEBUG org.apache.http.wire - http-outgoing-1 << "[read] I/O error: Read timed out"
11:18:00.203 [Forwarding actions on session a94e1aece77984ea7873a75a87be31fb to remote] DEBUG org.apache.http.impl.conn.DefaultManagedHttpClientConnection - http-outgoing-1: set socket timeout to 10800000
11:18:00.203 [Forwarding actions on session a94e1aece77984ea7873a75a87be31fb to remote] DEBUG org.apache.http.impl.execchain.MainClientExec - Executing request POST /session/a94e1aece77984ea7873a75a87be31fb/actions HTTP/1.1
11:18:00.203 [Forwarding actions on session a94e1aece77984ea7873a75a87be31fb to remote] DEBUG org.apache.http.impl.execchain.MainClientExec - Target auth state: UNCHALLENGED
11:18:00.203 [Forwarding actions on session a94e1aece77984ea7873a75a87be31fb to remote] DEBUG org.apache.http.impl.execchain.MainClientExec - Proxy auth state: UNCHALLENGED
11:18:00.203 [Forwarding actions on session a94e1aece77984ea7873a75a87be31fb to remote] DEBUG org.apache.http.headers - http-outgoing-1 >> POST /session/a94e1aece77984ea7873a75a87be31fb/actions HTTP/1.1
11:18:00.203 [Forwarding actions on session a94e1aece77984ea7873a75a87be31fb to remote] DEBUG org.apache.http.headers - http-outgoing-1 >> Content-Type: application/json; charset=utf-8
11:18:00.203 [Forwarding actions on session a94e1aece77984ea7873a75a87be31fb to remote] DEBUG org.apache.http.headers - http-outgoing-1 >> Content-Length: 289
11:18:00.203 [Forwarding actions on session a94e1aece77984ea7873a75a87be31fb to remote] DEBUG org.apache.http.headers - http-outgoing-1 >> Host: localhost:37445
11:18:00.203 [Forwarding actions on session a94e1aece77984ea7873a75a87be31fb to remote] DEBUG org.apache.http.headers - http-outgoing-1 >> Connection: Keep-Alive
11:18:00.203 [Forwarding actions on session a94e1aece77984ea7873a75a87be31fb to remote] DEBUG org.apache.http.headers - http-outgoing-1 >> User-Agent: Apache-HttpClient/4.5.3 (Java/1.8.0_211)
11:18:00.203 [Forwarding actions on session a94e1aece77984ea7873a75a87be31fb to remote] DEBUG org.apache.http.headers - http-outgoing-1 >> Accept-Encoding: gzip,deflate
11:18:00.203 [Forwarding actions on session a94e1aece77984ea7873a75a87be31fb to remote] DEBUG org.apache.http.wire - http-outgoing-1 >> "POST /session/a94e1aece77984ea7873a75a87be31fb/actions HTTP/1.1[\r][\n]"
11:18:00.203 [Forwarding actions on session a94e1aece77984ea7873a75a87be31fb to remote] DEBUG org.apache.http.wire - http-outgoing-1 >> "Content-Type: application/json; charset=utf-8[\r][\n]"
11:18:00.203 [Forwarding actions on session a94e1aece77984ea7873a75a87be31fb to remote] DEBUG org.apache.http.wire - http-outgoing-1 >> "Content-Length: 289[\r][\n]"
11:18:00.203 [Forwarding actions on session a94e1aece77984ea7873a75a87be31fb to remote] DEBUG org.apache.http.wire - http-outgoing-1 >> "Host: localhost:37445[\r][\n]"
11:18:00.203 [Forwarding actions on session a94e1aece77984ea7873a75a87be31fb to remote] DEBUG org.apache.http.wire - http-outgoing-1 >> "Connection: Keep-Alive[\r][\n]"
11:18:00.203 [Forwarding actions on session a94e1aece77984ea7873a75a87be31fb to remote] DEBUG org.apache.http.wire - http-outgoing-1 >> "User-Agent: Apache-HttpClient/4.5.3 (Java/1.8.0_211)[\r][\n]"
11:18:00.203 [Forwarding actions on session a94e1aece77984ea7873a75a87be31fb to remote] DEBUG org.apache.http.wire - http-outgoing-1 >> "Accept-Encoding: gzip,deflate[\r][\n]"
11:18:00.203 [Forwarding actions on session a94e1aece77984ea7873a75a87be31fb to remote] DEBUG org.apache.http.wire - http-outgoing-1 >> "[\r][\n]"
11:18:00.203 [Forwarding actions on session a94e1aece77984ea7873a75a87be31fb to remote] DEBUG org.apache.http.wire - http-outgoing-1 >> "{"actions":[{"id":"default mouse","type":"pointer","parameters":{"pointerType":"mouse"},"actions":[{"duration":100,"x":0,"y":0,"type":"pointerMove","origin":{"ELEMENT":"fd02a95d-8e3d-45f5-a8b1-e8b3d38cea78","element-6066-11e4-a52e-4f735466cecf":"fd02a95d-8e3d-45f5-a8b1-e8b3d38cea78"}}]}]}"
11:18:00.316 [Forwarding actions on session a94e1aece77984ea7873a75a87be31fb to remote] DEBUG org.apache.http.wire - http-outgoing-1 << "HTTP/1.1 200 OK[\r][\n]"
11:18:00.316 [Forwarding actions on session a94e1aece77984ea7873a75a87be31fb to remote] DEBUG org.apache.http.wire - http-outgoing-1 << "Content-Length:14[\r][\n]"
11:18:00.316 [Forwarding actions on session a94e1aece77984ea7873a75a87be31fb to remote] DEBUG org.apache.http.wire - http-outgoing-1 << "Content-Type:application/json; charset=utf-8[\r][\n]"
11:18:00.316 [Forwarding actions on session a94e1aece77984ea7873a75a87be31fb to remote] DEBUG org.apache.http.wire - http-outgoing-1 << "cache-control:no-cache[\r][\n]"
11:18:00.316 [Forwarding actions on session a94e1aece77984ea7873a75a87be31fb to remote] DEBUG org.apache.http.wire - http-outgoing-1 << "[\r][\n]"
11:18:00.316 [Forwarding actions on session a94e1aece77984ea7873a75a87be31fb to remote] DEBUG org.apache.http.wire - http-outgoing-1 << "{"value":null}"
11:18:00.316 [Forwarding actions on session a94e1aece77984ea7873a75a87be31fb to remote] DEBUG org.apache.http.headers - http-outgoing-1 << HTTP/1.1 200 OK
11:18:00.316 [Forwarding actions on session a94e1aece77984ea7873a75a87be31fb to remote] DEBUG org.apache.http.headers - http-outgoing-1 << Content-Length:14
11:18:00.316 [Forwarding actions on session a94e1aece77984ea7873a75a87be31fb to remote] DEBUG org.apache.http.headers - http-outgoing-1 << Content-Type:application/json; charset=utf-8
11:18:00.316 [Forwarding actions on session a94e1aece77984ea7873a75a87be31fb to remote] DEBUG org.apache.http.headers - http-outgoing-1 << cache-control:no-cache
11:18:00.316 [Forwarding actions on session a94e1aece77984ea7873a75a87be31fb to remote] DEBUG org.apache.http.impl.execchain.MainClientExec - Connection can be kept alive indefinitely
11:18:00.316 [Forwarding actions on session a94e1aece77984ea7873a75a87be31fb to remote] DEBUG org.apache.http.impl.conn.PoolingHttpClientConnectionManager - Connection [id: 1][route: {}->http://localhost:37445] can be kept alive indefinitely
11:18:00.316 [Forwarding actions on session a94e1aece77984ea7873a75a87be31fb to remote] DEBUG org.apache.http.impl.conn.PoolingHttpClientConnectionManager - Connection released: [id: 1][route: {}->http://localhost:37445][total kept alive: 2; route allocated: 1 of 2000; total allocated: 2 of 2000]
11:18:00.317 [Forwarding findElement on session a94e1aece77984ea7873a75a87be31fb to remote] DEBUG org.apache.http.client.protocol.RequestAddCookies - CookieSpec selected: default
11:18:00.317 [Forwarding findElement on session a94e1aece77984ea7873a75a87be31fb to remote] DEBUG org.apache.http.client.protocol.RequestAuthCache - Auth cache not set in the context
11:18:00.317 [Forwarding findElement on session a94e1aece77984ea7873a75a87be31fb to remote] DEBUG org.apache.http.impl.conn.PoolingHttpClientConnectionManager - Connection request: [route: {}->http://localhost:37445][total kept alive: 2; route allocated: 1 of 2000; total allocated: 2 of 2000]
11:18:00.317 [Forwarding findElement on session a94e1aece77984ea7873a75a87be31fb to remote] DEBUG org.apache.http.impl.conn.PoolingHttpClientConnectionManager - Connection leased: [id: 1][route: {}->http://localhost:37445][total kept alive: 1; route allocated: 1 of 2000; total allocated: 2 of 2000]
11:18:00.317 [Forwarding findElement on session a94e1aece77984ea7873a75a87be31fb to remote] DEBUG org.apache.http.impl.execchain.MainClientExec - Stale connection check
11:18:00.319 [Forwarding findElement on session a94e1aece77984ea7873a75a87be31fb to remote] DEBUG org.apache.http.wire - http-outgoing-1 << "[read] I/O error: Read timed out"
11:18:00.319 [Forwarding findElement on session a94e1aece77984ea7873a75a87be31fb to remote] DEBUG org.apache.http.impl.conn.DefaultManagedHttpClientConnection - http-outgoing-1: set socket timeout to 10800000
11:18:00.319 [Forwarding findElement on session a94e1aece77984ea7873a75a87be31fb to remote] DEBUG org.apache.http.impl.execchain.MainClientExec - Executing request POST /session/a94e1aece77984ea7873a75a87be31fb/element HTTP/1.1
11:18:00.319 [Forwarding findElement on session a94e1aece77984ea7873a75a87be31fb to remote] DEBUG org.apache.http.impl.execchain.MainClientExec - Target auth state: UNCHALLENGED
11:18:00.319 [Forwarding findElement on session a94e1aece77984ea7873a75a87be31fb to remote] DEBUG org.apache.http.impl.execchain.MainClientExec - Proxy auth state: UNCHALLENGED
11:18:00.319 [Forwarding findElement on session a94e1aece77984ea7873a75a87be31fb to remote] DEBUG org.apache.http.headers - http-outgoing-1 >> POST /session/a94e1aece77984ea7873a75a87be31fb/element HTTP/1.1
11:18:00.319 [Forwarding findElement on session a94e1aece77984ea7873a75a87be31fb to remote] DEBUG org.apache.http.headers - http-outgoing-1 >> Content-Type: application/json; charset=utf-8
11:18:00.319 [Forwarding findElement on session a94e1aece77984ea7873a75a87be31fb to remote] DEBUG org.apache.http.headers - http-outgoing-1 >> Content-Length: 58
11:18:00.319 [Forwarding findElement on session a94e1aece77984ea7873a75a87be31fb to remote] DEBUG org.apache.http.headers - http-outgoing-1 >> Host: localhost:37445
11:18:00.319 [Forwarding findElement on session a94e1aece77984ea7873a75a87be31fb to remote] DEBUG org.apache.http.headers - http-outgoing-1 >> Connection: Keep-Alive
11:18:00.319 [Forwarding findElement on session a94e1aece77984ea7873a75a87be31fb to remote] DEBUG org.apache.http.headers - http-outgoing-1 >> User-Agent: Apache-HttpClient/4.5.3 (Java/1.8.0_211)
11:18:00.319 [Forwarding findElement on session a94e1aece77984ea7873a75a87be31fb to remote] DEBUG org.apache.http.headers - http-outgoing-1 >> Accept-Encoding: gzip,deflate
11:18:00.319 [Forwarding findElement on session a94e1aece77984ea7873a75a87be31fb to remote] DEBUG org.apache.http.wire - http-outgoing-1 >> "POST /session/a94e1aece77984ea7873a75a87be31fb/element HTTP/1.1[\r][\n]"
11:18:00.319 [Forwarding findElement on session a94e1aece77984ea7873a75a87be31fb to remote] DEBUG org.apache.http.wire - http-outgoing-1 >> "Content-Type: application/json; charset=utf-8[\r][\n]"
11:18:00.319 [Forwarding findElement on session a94e1aece77984ea7873a75a87be31fb to remote] DEBUG org.apache.http.wire - http-outgoing-1 >> "Content-Length: 58[\r][\n]"
11:18:00.319 [Forwarding findElement on session a94e1aece77984ea7873a75a87be31fb to remote] DEBUG org.apache.http.wire - http-outgoing-1 >> "Host: localhost:37445[\r][\n]"
11:18:00.319 [Forwarding findElement on session a94e1aece77984ea7873a75a87be31fb to remote] DEBUG org.apache.http.wire - http-outgoing-1 >> "Connection: Keep-Alive[\r][\n]"
11:18:00.319 [Forwarding findElement on session a94e1aece77984ea7873a75a87be31fb to remote] DEBUG org.apache.http.wire - http-outgoing-1 >> "User-Agent: Apache-HttpClient/4.5.3 (Java/1.8.0_211)[\r][\n]"
11:18:00.319 [Forwarding findElement on session a94e1aece77984ea7873a75a87be31fb to remote] DEBUG org.apache.http.wire - http-outgoing-1 >> "Accept-Encoding: gzip,deflate[\r][\n]"
11:18:00.319 [Forwarding findElement on session a94e1aece77984ea7873a75a87be31fb to remote] DEBUG org.apache.http.wire - http-outgoing-1 >> "[\r][\n]"
11:18:00.319 [Forwarding findElement on session a94e1aece77984ea7873a75a87be31fb to remote] DEBUG org.apache.http.wire - http-outgoing-1 >> "{"value":".px-2:nth-child(3) span","using":"css selector"}"
11:18:00.324 [Forwarding findElement on session a94e1aece77984ea7873a75a87be31fb to remote] DEBUG org.apache.http.wire - http-outgoing-1 << "HTTP/1.1 200 OK[\r][\n]"
11:18:00.324 [Forwarding findElement on session a94e1aece77984ea7873a75a87be31fb to remote] DEBUG org.apache.http.wire - http-outgoing-1 << "Content-Length:88[\r][\n]"
11:18:00.324 [Forwarding findElement on session a94e1aece77984ea7873a75a87be31fb to remote] DEBUG org.apache.http.wire - http-outgoing-1 << "Content-Type:application/json; charset=utf-8[\r][\n]"
11:18:00.324 [Forwarding findElement on session a94e1aece77984ea7873a75a87be31fb to remote] DEBUG org.apache.http.wire - http-outgoing-1 << "cache-control:no-cache[\r][\n]"
11:18:00.324 [Forwarding findElement on session a94e1aece77984ea7873a75a87be31fb to remote] DEBUG org.apache.http.wire - http-outgoing-1 << "[\r][\n]"
11:18:00.324 [Forwarding findElement on session a94e1aece77984ea7873a75a87be31fb to remote] DEBUG org.apache.http.wire - http-outgoing-1 << "{"value":{"element-6066-11e4-a52e-4f735466cecf":"74b5da4c-befc-4528-bf2a-efeab09a76cf"}}"
11:18:00.324 [Forwarding findElement on session a94e1aece77984ea7873a75a87be31fb to remote] DEBUG org.apache.http.headers - http-outgoing-1 << HTTP/1.1 200 OK
11:18:00.324 [Forwarding findElement on session a94e1aece77984ea7873a75a87be31fb to remote] DEBUG org.apache.http.headers - http-outgoing-1 << Content-Length:88
11:18:00.324 [Forwarding findElement on session a94e1aece77984ea7873a75a87be31fb to remote] DEBUG org.apache.http.headers - http-outgoing-1 << Content-Type:application/json; charset=utf-8
11:18:00.324 [Forwarding findElement on session a94e1aece77984ea7873a75a87be31fb to remote] DEBUG org.apache.http.headers - http-outgoing-1 << cache-control:no-cache
11:18:00.324 [Forwarding findElement on session a94e1aece77984ea7873a75a87be31fb to remote] DEBUG org.apache.http.impl.execchain.MainClientExec - Connection can be kept alive indefinitely
11:18:00.324 [Forwarding findElement on session a94e1aece77984ea7873a75a87be31fb to remote] DEBUG org.apache.http.impl.conn.PoolingHttpClientConnectionManager - Connection [id: 1][route: {}->http://localhost:37445] can be kept alive indefinitely
11:18:00.324 [Forwarding findElement on session a94e1aece77984ea7873a75a87be31fb to remote] DEBUG org.apache.http.impl.conn.PoolingHttpClientConnectionManager - Connection released: [id: 1][route: {}->http://localhost:37445][total kept alive: 2; route allocated: 1 of 2000; total allocated: 2 of 2000]
11:18:00.325 [Forwarding clickElement on session a94e1aece77984ea7873a75a87be31fb to remote] DEBUG org.apache.http.client.protocol.RequestAddCookies - CookieSpec selected: default
11:18:00.325 [Forwarding clickElement on session a94e1aece77984ea7873a75a87be31fb to remote] DEBUG org.apache.http.client.protocol.RequestAuthCache - Auth cache not set in the context
11:18:00.325 [Forwarding clickElement on session a94e1aece77984ea7873a75a87be31fb to remote] DEBUG org.apache.http.impl.conn.PoolingHttpClientConnectionManager - Connection request: [route: {}->http://localhost:37445][total kept alive: 2; route allocated: 1 of 2000; total allocated: 2 of 2000]
11:18:00.325 [Forwarding clickElement on session a94e1aece77984ea7873a75a87be31fb to remote] DEBUG org.apache.http.impl.conn.PoolingHttpClientConnectionManager - Connection leased: [id: 1][route: {}->http://localhost:37445][total kept alive: 1; route allocated: 1 of 2000; total allocated: 2 of 2000]
11:18:00.325 [Forwarding clickElement on session a94e1aece77984ea7873a75a87be31fb to remote] DEBUG org.apache.http.impl.execchain.MainClientExec - Stale connection check
11:18:00.327 [Forwarding clickElement on session a94e1aece77984ea7873a75a87be31fb to remote] DEBUG org.apache.http.wire - http-outgoing-1 << "[read] I/O error: Read timed out"
11:18:00.327 [Forwarding clickElement on session a94e1aece77984ea7873a75a87be31fb to remote] DEBUG org.apache.http.impl.conn.DefaultManagedHttpClientConnection - http-outgoing-1: set socket timeout to 10800000
11:18:00.327 [Forwarding clickElement on session a94e1aece77984ea7873a75a87be31fb to remote] DEBUG org.apache.http.impl.execchain.MainClientExec - Executing request POST /session/a94e1aece77984ea7873a75a87be31fb/element/74b5da4c-befc-4528-bf2a-efeab09a76cf/click HTTP/1.1
11:18:00.327 [Forwarding clickElement on session a94e1aece77984ea7873a75a87be31fb to remote] DEBUG org.apache.http.impl.execchain.MainClientExec - Target auth state: UNCHALLENGED
11:18:00.327 [Forwarding clickElement on session a94e1aece77984ea7873a75a87be31fb to remote] DEBUG org.apache.http.impl.execchain.MainClientExec - Proxy auth state: UNCHALLENGED
11:18:00.327 [Forwarding clickElement on session a94e1aece77984ea7873a75a87be31fb to remote] DEBUG org.apache.http.headers - http-outgoing-1 >> POST /session/a94e1aece77984ea7873a75a87be31fb/element/74b5da4c-befc-4528-bf2a-efeab09a76cf/click HTTP/1.1
11:18:00.327 [Forwarding clickElement on session a94e1aece77984ea7873a75a87be31fb to remote] DEBUG org.apache.http.headers - http-outgoing-1 >> Content-Type: application/json; charset=utf-8
11:18:00.327 [Forwarding clickElement on session a94e1aece77984ea7873a75a87be31fb to remote] DEBUG org.apache.http.headers - http-outgoing-1 >> Content-Length: 45
11:18:00.327 [Forwarding clickElement on session a94e1aece77984ea7873a75a87be31fb to remote] DEBUG org.apache.http.headers - http-outgoing-1 >> Host: localhost:37445
11:18:00.327 [Forwarding clickElement on session a94e1aece77984ea7873a75a87be31fb to remote] DEBUG org.apache.http.headers - http-outgoing-1 >> Connection: Keep-Alive
11:18:00.327 [Forwarding clickElement on session a94e1aece77984ea7873a75a87be31fb to remote] DEBUG org.apache.http.headers - http-outgoing-1 >> User-Agent: Apache-HttpClient/4.5.3 (Java/1.8.0_211)
11:18:00.327 [Forwarding clickElement on session a94e1aece77984ea7873a75a87be31fb to remote] DEBUG org.apache.http.headers - http-outgoing-1 >> Accept-Encoding: gzip,deflate
11:18:00.327 [Forwarding clickElement on session a94e1aece77984ea7873a75a87be31fb to remote] DEBUG org.apache.http.wire - http-outgoing-1 >> "POST /session/a94e1aece77984ea7873a75a87be31fb/element/74b5da4c-befc-4528-bf2a-efeab09a76cf/click HTTP/1.1[\r][\n]"
11:18:00.327 [Forwarding clickElement on session a94e1aece77984ea7873a75a87be31fb to remote] DEBUG org.apache.http.wire - http-outgoing-1 >> "Content-Type: application/json; charset=utf-8[\r][\n]"
11:18:00.327 [Forwarding clickElement on session a94e1aece77984ea7873a75a87be31fb to remote] DEBUG org.apache.http.wire - http-outgoing-1 >> "Content-Length: 45[\r][\n]"
11:18:00.327 [Forwarding clickElement on session a94e1aece77984ea7873a75a87be31fb to remote] DEBUG org.apache.http.wire - http-outgoing-1 >> "Host: localhost:37445[\r][\n]"
11:18:00.327 [Forwarding clickElement on session a94e1aece77984ea7873a75a87be31fb to remote] DEBUG org.apache.http.wire - http-outgoing-1 >> "Connection: Keep-Alive[\r][\n]"
11:18:00.327 [Forwarding clickElement on session a94e1aece77984ea7873a75a87be31fb to remote] DEBUG org.apache.http.wire - http-outgoing-1 >> "User-Agent: Apache-HttpClient/4.5.3 (Java/1.8.0_211)[\r][\n]"
11:18:00.327 [Forwarding clickElement on session a94e1aece77984ea7873a75a87be31fb to remote] DEBUG org.apache.http.wire - http-outgoing-1 >> "Accept-Encoding: gzip,deflate[\r][\n]"
11:18:00.327 [Forwarding clickElement on session a94e1aece77984ea7873a75a87be31fb to remote] DEBUG org.apache.http.wire - http-outgoing-1 >> "[\r][\n]"
11:18:00.327 [Forwarding clickElement on session a94e1aece77984ea7873a75a87be31fb to remote] DEBUG org.apache.http.wire - http-outgoing-1 >> "{"id":"74b5da4c-befc-4528-bf2a-efeab09a76cf"}"
11:18:00.401 [Forwarding clickElement on session a94e1aece77984ea7873a75a87be31fb to remote] DEBUG org.apache.http.wire - http-outgoing-1 << "HTTP/1.1 200 OK[\r][\n]"
11:18:00.401 [Forwarding clickElement on session a94e1aece77984ea7873a75a87be31fb to remote] DEBUG org.apache.http.wire - http-outgoing-1 << "Content-Length:14[\r][\n]"
11:18:00.401 [Forwarding clickElement on session a94e1aece77984ea7873a75a87be31fb to remote] DEBUG org.apache.http.wire - http-outgoing-1 << "Content-Type:application/json; charset=utf-8[\r][\n]"
11:18:00.401 [Forwarding clickElement on session a94e1aece77984ea7873a75a87be31fb to remote] DEBUG org.apache.http.wire - http-outgoing-1 << "cache-control:no-cache[\r][\n]"
11:18:00.401 [Forwarding clickElement on session a94e1aece77984ea7873a75a87be31fb to remote] DEBUG org.apache.http.wire - http-outgoing-1 << "[\r][\n]"
11:18:00.401 [Forwarding clickElement on session a94e1aece77984ea7873a75a87be31fb to remote] DEBUG org.apache.http.wire - http-outgoing-1 << "{"value":null}"
11:18:00.401 [Forwarding clickElement on session a94e1aece77984ea7873a75a87be31fb to remote] DEBUG org.apache.http.headers - http-outgoing-1 << HTTP/1.1 200 OK
11:18:00.401 [Forwarding clickElement on session a94e1aece77984ea7873a75a87be31fb to remote] DEBUG org.apache.http.headers - http-outgoing-1 << Content-Length:14
11:18:00.401 [Forwarding clickElement on session a94e1aece77984ea7873a75a87be31fb to remote] DEBUG org.apache.http.headers - http-outgoing-1 << Content-Type:application/json; charset=utf-8
11:18:00.401 [Forwarding clickElement on session a94e1aece77984ea7873a75a87be31fb to remote] DEBUG org.apache.http.headers - http-outgoing-1 << cache-control:no-cache
11:18:00.401 [Forwarding clickElement on session a94e1aece77984ea7873a75a87be31fb to remote] DEBUG org.apache.http.impl.execchain.MainClientExec - Connection can be kept alive indefinitely
11:18:00.401 [Forwarding clickElement on session a94e1aece77984ea7873a75a87be31fb to remote] DEBUG org.apache.http.impl.conn.PoolingHttpClientConnectionManager - Connection [id: 1][route: {}->http://localhost:37445] can be kept alive indefinitely
11:18:00.401 [Forwarding clickElement on session a94e1aece77984ea7873a75a87be31fb to remote] DEBUG org.apache.http.impl.conn.PoolingHttpClientConnectionManager - Connection released: [id: 1][route: {}->http://localhost:37445][total kept alive: 2; route allocated: 1 of 2000; total allocated: 2 of 2000]
11:18:00.403 [Forwarding findElement on session a94e1aece77984ea7873a75a87be31fb to remote] DEBUG org.apache.http.client.protocol.RequestAddCookies - CookieSpec selected: default
11:18:00.403 [Forwarding findElement on session a94e1aece77984ea7873a75a87be31fb to remote] DEBUG org.apache.http.client.protocol.RequestAuthCache - Auth cache not set in the context
11:18:00.403 [Forwarding findElement on session a94e1aece77984ea7873a75a87be31fb to remote] DEBUG org.apache.http.impl.conn.PoolingHttpClientConnectionManager - Connection request: [route: {}->http://localhost:37445][total kept alive: 2; route allocated: 1 of 2000; total allocated: 2 of 2000]
11:18:00.403 [Forwarding findElement on session a94e1aece77984ea7873a75a87be31fb to remote] DEBUG org.apache.http.impl.conn.PoolingHttpClientConnectionManager - Connection leased: [id: 1][route: {}->http://localhost:37445][total kept alive: 1; route allocated: 1 of 2000; total allocated: 2 of 2000]
11:18:00.403 [Forwarding findElement on session a94e1aece77984ea7873a75a87be31fb to remote] DEBUG org.apache.http.impl.execchain.MainClientExec - Stale connection check
11:18:00.405 [Forwarding findElement on session a94e1aece77984ea7873a75a87be31fb to remote] DEBUG org.apache.http.wire - http-outgoing-1 << "[read] I/O error: Read timed out"
11:18:00.405 [Forwarding findElement on session a94e1aece77984ea7873a75a87be31fb to remote] DEBUG org.apache.http.impl.conn.DefaultManagedHttpClientConnection - http-outgoing-1: set socket timeout to 10800000
11:18:00.405 [Forwarding findElement on session a94e1aece77984ea7873a75a87be31fb to remote] DEBUG org.apache.http.impl.execchain.MainClientExec - Executing request POST /session/a94e1aece77984ea7873a75a87be31fb/element HTTP/1.1
11:18:00.405 [Forwarding findElement on session a94e1aece77984ea7873a75a87be31fb to remote] DEBUG org.apache.http.impl.execchain.MainClientExec - Target auth state: UNCHALLENGED
11:18:00.405 [Forwarding findElement on session a94e1aece77984ea7873a75a87be31fb to remote] DEBUG org.apache.http.impl.execchain.MainClientExec - Proxy auth state: UNCHALLENGED
11:18:00.405 [Forwarding findElement on session a94e1aece77984ea7873a75a87be31fb to remote] DEBUG org.apache.http.headers - http-outgoing-1 >> POST /session/a94e1aece77984ea7873a75a87be31fb/element HTTP/1.1
11:18:00.405 [Forwarding findElement on session a94e1aece77984ea7873a75a87be31fb to remote] DEBUG org.apache.http.headers - http-outgoing-1 >> Content-Type: application/json; charset=utf-8
11:18:00.405 [Forwarding findElement on session a94e1aece77984ea7873a75a87be31fb to remote] DEBUG org.apache.http.headers - http-outgoing-1 >> Content-Length: 61
11:18:00.405 [Forwarding findElement on session a94e1aece77984ea7873a75a87be31fb to remote] DEBUG org.apache.http.headers - http-outgoing-1 >> Host: localhost:37445
11:18:00.405 [Forwarding findElement on session a94e1aece77984ea7873a75a87be31fb to remote] DEBUG org.apache.http.headers - http-outgoing-1 >> Connection: Keep-Alive
11:18:00.405 [Forwarding findElement on session a94e1aece77984ea7873a75a87be31fb to remote] DEBUG org.apache.http.headers - http-outgoing-1 >> User-Agent: Apache-HttpClient/4.5.3 (Java/1.8.0_211)
11:18:00.405 [Forwarding findElement on session a94e1aece77984ea7873a75a87be31fb to remote] DEBUG org.apache.http.headers - http-outgoing-1 >> Accept-Encoding: gzip,deflate
11:18:00.405 [Forwarding findElement on session a94e1aece77984ea7873a75a87be31fb to remote] DEBUG org.apache.http.wire - http-outgoing-1 >> "POST /session/a94e1aece77984ea7873a75a87be31fb/element HTTP/1.1[\r][\n]"
11:18:00.405 [Forwarding findElement on session a94e1aece77984ea7873a75a87be31fb to remote] DEBUG org.apache.http.wire - http-outgoing-1 >> "Content-Type: application/json; charset=utf-8[\r][\n]"
11:18:00.405 [Forwarding findElement on session a94e1aece77984ea7873a75a87be31fb to remote] DEBUG org.apache.http.wire - http-outgoing-1 >> "Content-Length: 61[\r][\n]"
11:18:00.405 [Forwarding findElement on session a94e1aece77984ea7873a75a87be31fb to remote] DEBUG org.apache.http.wire - http-outgoing-1 >> "Host: localhost:37445[\r][\n]"
11:18:00.405 [Forwarding findElement on session a94e1aece77984ea7873a75a87be31fb to remote] DEBUG org.apache.http.wire - http-outgoing-1 >> "Connection: Keep-Alive[\r][\n]"
11:18:00.405 [Forwarding findElement on session a94e1aece77984ea7873a75a87be31fb to remote] DEBUG org.apache.http.wire - http-outgoing-1 >> "User-Agent: Apache-HttpClient/4.5.3 (Java/1.8.0_211)[\r][\n]"
11:18:00.405 [Forwarding findElement on session a94e1aece77984ea7873a75a87be31fb to remote] DEBUG org.apache.http.wire - http-outgoing-1 >> "Accept-Encoding: gzip,deflate[\r][\n]"
11:18:00.405 [Forwarding findElement on session a94e1aece77984ea7873a75a87be31fb to remote] DEBUG org.apache.http.wire - http-outgoing-1 >> "[\r][\n]"
11:18:00.405 [Forwarding findElement on session a94e1aece77984ea7873a75a87be31fb to remote] DEBUG org.apache.http.wire - http-outgoing-1 >> "{"value":".form-control:nth-child(2)","using":"css selector"}"
11:18:00.411 [Forwarding findElement on session a94e1aece77984ea7873a75a87be31fb to remote] DEBUG org.apache.http.wire - http-outgoing-1 << "HTTP/1.1 200 OK[\r][\n]"
11:18:00.411 [Forwarding findElement on session a94e1aece77984ea7873a75a87be31fb to remote] DEBUG org.apache.http.wire - http-outgoing-1 << "Content-Length:88[\r][\n]"
11:18:00.411 [Forwarding findElement on session a94e1aece77984ea7873a75a87be31fb to remote] DEBUG org.apache.http.wire - http-outgoing-1 << "Content-Type:application/json; charset=utf-8[\r][\n]"
11:18:00.411 [Forwarding findElement on session a94e1aece77984ea7873a75a87be31fb to remote] DEBUG org.apache.http.wire - http-outgoing-1 << "cache-control:no-cache[\r][\n]"
11:18:00.411 [Forwarding findElement on session a94e1aece77984ea7873a75a87be31fb to remote] DEBUG org.apache.http.wire - http-outgoing-1 << "[\r][\n]"
11:18:00.411 [Forwarding findElement on session a94e1aece77984ea7873a75a87be31fb to remote] DEBUG org.apache.http.wire - http-outgoing-1 << "{"value":{"element-6066-11e4-a52e-4f735466cecf":"66bb8264-c2b6-430f-ad24-e9e5d5ce8fba"}}"
11:18:00.411 [Forwarding findElement on session a94e1aece77984ea7873a75a87be31fb to remote] DEBUG org.apache.http.headers - http-outgoing-1 << HTTP/1.1 200 OK
11:18:00.411 [Forwarding findElement on session a94e1aece77984ea7873a75a87be31fb to remote] DEBUG org.apache.http.headers - http-outgoing-1 << Content-Length:88
11:18:00.411 [Forwarding findElement on session a94e1aece77984ea7873a75a87be31fb to remote] DEBUG org.apache.http.headers - http-outgoing-1 << Content-Type:application/json; charset=utf-8
11:18:00.411 [Forwarding findElement on session a94e1aece77984ea7873a75a87be31fb to remote] DEBUG org.apache.http.headers - http-outgoing-1 << cache-control:no-cache
11:18:00.411 [Forwarding findElement on session a94e1aece77984ea7873a75a87be31fb to remote] DEBUG org.apache.http.impl.execchain.MainClientExec - Connection can be kept alive indefinitely
11:18:00.411 [Forwarding findElement on session a94e1aece77984ea7873a75a87be31fb to remote] DEBUG org.apache.http.impl.conn.PoolingHttpClientConnectionManager - Connection [id: 1][route: {}->http://localhost:37445] can be kept alive indefinitely
11:18:00.411 [Forwarding findElement on session a94e1aece77984ea7873a75a87be31fb to remote] DEBUG org.apache.http.impl.conn.PoolingHttpClientConnectionManager - Connection released: [id: 1][route: {}->http://localhost:37445][total kept alive: 2; route allocated: 1 of 2000; total allocated: 2 of 2000]
11:18:00.412 [Forwarding clickElement on session a94e1aece77984ea7873a75a87be31fb to remote] DEBUG org.apache.http.client.protocol.RequestAddCookies - CookieSpec selected: default
11:18:00.412 [Forwarding clickElement on session a94e1aece77984ea7873a75a87be31fb to remote] DEBUG org.apache.http.client.protocol.RequestAuthCache - Auth cache not set in the context
11:18:00.412 [Forwarding clickElement on session a94e1aece77984ea7873a75a87be31fb to remote] DEBUG org.apache.http.impl.conn.PoolingHttpClientConnectionManager - Connection request: [route: {}->http://localhost:37445][total kept alive: 2; route allocated: 1 of 2000; total allocated: 2 of 2000]
11:18:00.412 [Forwarding clickElement on session a94e1aece77984ea7873a75a87be31fb to remote] DEBUG org.apache.http.impl.conn.PoolingHttpClientConnectionManager - Connection leased: [id: 1][route: {}->http://localhost:37445][total kept alive: 1; route allocated: 1 of 2000; total allocated: 2 of 2000]
11:18:00.412 [Forwarding clickElement on session a94e1aece77984ea7873a75a87be31fb to remote] DEBUG org.apache.http.impl.execchain.MainClientExec - Stale connection check
11:18:00.414 [Forwarding clickElement on session a94e1aece77984ea7873a75a87be31fb to remote] DEBUG org.apache.http.wire - http-outgoing-1 << "[read] I/O error: Read timed out"
11:18:00.414 [Forwarding clickElement on session a94e1aece77984ea7873a75a87be31fb to remote] DEBUG org.apache.http.impl.conn.DefaultManagedHttpClientConnection - http-outgoing-1: set socket timeout to 10800000
11:18:00.414 [Forwarding clickElement on session a94e1aece77984ea7873a75a87be31fb to remote] DEBUG org.apache.http.impl.execchain.MainClientExec - Executing request POST /session/a94e1aece77984ea7873a75a87be31fb/element/66bb8264-c2b6-430f-ad24-e9e5d5ce8fba/click HTTP/1.1
11:18:00.414 [Forwarding clickElement on session a94e1aece77984ea7873a75a87be31fb to remote] DEBUG org.apache.http.impl.execchain.MainClientExec - Target auth state: UNCHALLENGED
11:18:00.414 [Forwarding clickElement on session a94e1aece77984ea7873a75a87be31fb to remote] DEBUG org.apache.http.impl.execchain.MainClientExec - Proxy auth state: UNCHALLENGED
11:18:00.414 [Forwarding clickElement on session a94e1aece77984ea7873a75a87be31fb to remote] DEBUG org.apache.http.headers - http-outgoing-1 >> POST /session/a94e1aece77984ea7873a75a87be31fb/element/66bb8264-c2b6-430f-ad24-e9e5d5ce8fba/click HTTP/1.1
11:18:00.414 [Forwarding clickElement on session a94e1aece77984ea7873a75a87be31fb to remote] DEBUG org.apache.http.headers - http-outgoing-1 >> Content-Type: application/json; charset=utf-8
11:18:00.414 [Forwarding clickElement on session a94e1aece77984ea7873a75a87be31fb to remote] DEBUG org.apache.http.headers - http-outgoing-1 >> Content-Length: 45
11:18:00.414 [Forwarding clickElement on session a94e1aece77984ea7873a75a87be31fb to remote] DEBUG org.apache.http.headers - http-outgoing-1 >> Host: localhost:37445
11:18:00.414 [Forwarding clickElement on session a94e1aece77984ea7873a75a87be31fb to remote] DEBUG org.apache.http.headers - http-outgoing-1 >> Connection: Keep-Alive
11:18:00.414 [Forwarding clickElement on session a94e1aece77984ea7873a75a87be31fb to remote] DEBUG org.apache.http.headers - http-outgoing-1 >> User-Agent: Apache-HttpClient/4.5.3 (Java/1.8.0_211)
11:18:00.414 [Forwarding clickElement on session a94e1aece77984ea7873a75a87be31fb to remote] DEBUG org.apache.http.headers - http-outgoing-1 >> Accept-Encoding: gzip,deflate
11:18:00.414 [Forwarding clickElement on session a94e1aece77984ea7873a75a87be31fb to remote] DEBUG org.apache.http.wire - http-outgoing-1 >> "POST /session/a94e1aece77984ea7873a75a87be31fb/element/66bb8264-c2b6-430f-ad24-e9e5d5ce8fba/click HTTP/1.1[\r][\n]"
11:18:00.414 [Forwarding clickElement on session a94e1aece77984ea7873a75a87be31fb to remote] DEBUG org.apache.http.wire - http-outgoing-1 >> "Content-Type: application/json; charset=utf-8[\r][\n]"
11:18:00.414 [Forwarding clickElement on session a94e1aece77984ea7873a75a87be31fb to remote] DEBUG org.apache.http.wire - http-outgoing-1 >> "Content-Length: 45[\r][\n]"
11:18:00.414 [Forwarding clickElement on session a94e1aece77984ea7873a75a87be31fb to remote] DEBUG org.apache.http.wire - http-outgoing-1 >> "Host: localhost:37445[\r][\n]"
11:18:00.414 [Forwarding clickElement on session a94e1aece77984ea7873a75a87be31fb to remote] DEBUG org.apache.http.wire - http-outgoing-1 >> "Connection: Keep-Alive[\r][\n]"
11:18:00.414 [Forwarding clickElement on session a94e1aece77984ea7873a75a87be31fb to remote] DEBUG org.apache.http.wire - http-outgoing-1 >> "User-Agent: Apache-HttpClient/4.5.3 (Java/1.8.0_211)[\r][\n]"
11:18:00.414 [Forwarding clickElement on session a94e1aece77984ea7873a75a87be31fb to remote] DEBUG org.apache.http.wire - http-outgoing-1 >> "Accept-Encoding: gzip,deflate[\r][\n]"
11:18:00.414 [Forwarding clickElement on session a94e1aece77984ea7873a75a87be31fb to remote] DEBUG org.apache.http.wire - http-outgoing-1 >> "[\r][\n]"
11:18:00.414 [Forwarding clickElement on session a94e1aece77984ea7873a75a87be31fb to remote] DEBUG org.apache.http.wire - http-outgoing-1 >> "{"id":"66bb8264-c2b6-430f-ad24-e9e5d5ce8fba"}"
11:18:00.451 [Forwarding clickElement on session a94e1aece77984ea7873a75a87be31fb to remote] DEBUG org.apache.http.wire - http-outgoing-1 << "HTTP/1.1 200 OK[\r][\n]"
11:18:00.451 [Forwarding clickElement on session a94e1aece77984ea7873a75a87be31fb to remote] DEBUG org.apache.http.wire - http-outgoing-1 << "Content-Length:14[\r][\n]"
11:18:00.451 [Forwarding clickElement on session a94e1aece77984ea7873a75a87be31fb to remote] DEBUG org.apache.http.wire - http-outgoing-1 << "Content-Type:application/json; charset=utf-8[\r][\n]"
11:18:00.451 [Forwarding clickElement on session a94e1aece77984ea7873a75a87be31fb to remote] DEBUG org.apache.http.wire - http-outgoing-1 << "cache-control:no-cache[\r][\n]"
11:18:00.451 [Forwarding clickElement on session a94e1aece77984ea7873a75a87be31fb to remote] DEBUG org.apache.http.wire - http-outgoing-1 << "[\r][\n]"
11:18:00.451 [Forwarding clickElement on session a94e1aece77984ea7873a75a87be31fb to remote] DEBUG org.apache.http.wire - http-outgoing-1 << "{"value":null}"
11:18:00.451 [Forwarding clickElement on session a94e1aece77984ea7873a75a87be31fb to remote] DEBUG org.apache.http.headers - http-outgoing-1 << HTTP/1.1 200 OK
11:18:00.451 [Forwarding clickElement on session a94e1aece77984ea7873a75a87be31fb to remote] DEBUG org.apache.http.headers - http-outgoing-1 << Content-Length:14
11:18:00.451 [Forwarding clickElement on session a94e1aece77984ea7873a75a87be31fb to remote] DEBUG org.apache.http.headers - http-outgoing-1 << Content-Type:application/json; charset=utf-8
11:18:00.451 [Forwarding clickElement on session a94e1aece77984ea7873a75a87be31fb to remote] DEBUG org.apache.http.headers - http-outgoing-1 << cache-control:no-cache
11:18:00.451 [Forwarding clickElement on session a94e1aece77984ea7873a75a87be31fb to remote] DEBUG org.apache.http.impl.execchain.MainClientExec - Connection can be kept alive indefinitely
11:18:00.452 [Forwarding clickElement on session a94e1aece77984ea7873a75a87be31fb to remote] DEBUG org.apache.http.impl.conn.PoolingHttpClientConnectionManager - Connection [id: 1][route: {}->http://localhost:37445] can be kept alive indefinitely
11:18:00.452 [Forwarding clickElement on session a94e1aece77984ea7873a75a87be31fb to remote] DEBUG org.apache.http.impl.conn.PoolingHttpClientConnectionManager - Connection released: [id: 1][route: {}->http://localhost:37445][total kept alive: 2; route allocated: 1 of 2000; total allocated: 2 of 2000]
11:18:00.452 [Forwarding findElement on session a94e1aece77984ea7873a75a87be31fb to remote] DEBUG org.apache.http.client.protocol.RequestAddCookies - CookieSpec selected: default
11:18:00.452 [Forwarding findElement on session a94e1aece77984ea7873a75a87be31fb to remote] DEBUG org.apache.http.client.protocol.RequestAuthCache - Auth cache not set in the context
11:18:00.452 [Forwarding findElement on session a94e1aece77984ea7873a75a87be31fb to remote] DEBUG org.apache.http.impl.conn.PoolingHttpClientConnectionManager - Connection request: [route: {}->http://localhost:37445][total kept alive: 2; route allocated: 1 of 2000; total allocated: 2 of 2000]
11:18:00.453 [Forwarding findElement on session a94e1aece77984ea7873a75a87be31fb to remote] DEBUG org.apache.http.impl.conn.PoolingHttpClientConnectionManager - Connection leased: [id: 1][route: {}->http://localhost:37445][total kept alive: 1; route allocated: 1 of 2000; total allocated: 2 of 2000]
11:18:00.453 [Forwarding findElement on session a94e1aece77984ea7873a75a87be31fb to remote] DEBUG org.apache.http.impl.execchain.MainClientExec - Stale connection check
11:18:00.454 [Forwarding findElement on session a94e1aece77984ea7873a75a87be31fb to remote] DEBUG org.apache.http.wire - http-outgoing-1 << "[read] I/O error: Read timed out"
11:18:00.454 [Forwarding findElement on session a94e1aece77984ea7873a75a87be31fb to remote] DEBUG org.apache.http.impl.conn.DefaultManagedHttpClientConnection - http-outgoing-1: set socket timeout to 10800000
11:18:00.454 [Forwarding findElement on session a94e1aece77984ea7873a75a87be31fb to remote] DEBUG org.apache.http.impl.execchain.MainClientExec - Executing request POST /session/a94e1aece77984ea7873a75a87be31fb/element HTTP/1.1
11:18:00.454 [Forwarding findElement on session a94e1aece77984ea7873a75a87be31fb to remote] DEBUG org.apache.http.impl.execchain.MainClientExec - Target auth state: UNCHALLENGED
11:18:00.454 [Forwarding findElement on session a94e1aece77984ea7873a75a87be31fb to remote] DEBUG org.apache.http.impl.execchain.MainClientExec - Proxy auth state: UNCHALLENGED
11:18:00.454 [Forwarding findElement on session a94e1aece77984ea7873a75a87be31fb to remote] DEBUG org.apache.http.headers - http-outgoing-1 >> POST /session/a94e1aece77984ea7873a75a87be31fb/element HTTP/1.1
11:18:00.454 [Forwarding findElement on session a94e1aece77984ea7873a75a87be31fb to remote] DEBUG org.apache.http.headers - http-outgoing-1 >> Content-Type: application/json; charset=utf-8
11:18:00.454 [Forwarding findElement on session a94e1aece77984ea7873a75a87be31fb to remote] DEBUG org.apache.http.headers - http-outgoing-1 >> Content-Length: 61
11:18:00.454 [Forwarding findElement on session a94e1aece77984ea7873a75a87be31fb to remote] DEBUG org.apache.http.headers - http-outgoing-1 >> Host: localhost:37445
11:18:00.454 [Forwarding findElement on session a94e1aece77984ea7873a75a87be31fb to remote] DEBUG org.apache.http.headers - http-outgoing-1 >> Connection: Keep-Alive
11:18:00.454 [Forwarding findElement on session a94e1aece77984ea7873a75a87be31fb to remote] DEBUG org.apache.http.headers - http-outgoing-1 >> User-Agent: Apache-HttpClient/4.5.3 (Java/1.8.0_211)
11:18:00.454 [Forwarding findElement on session a94e1aece77984ea7873a75a87be31fb to remote] DEBUG org.apache.http.headers - http-outgoing-1 >> Accept-Encoding: gzip,deflate
11:18:00.454 [Forwarding findElement on session a94e1aece77984ea7873a75a87be31fb to remote] DEBUG org.apache.http.wire - http-outgoing-1 >> "POST /session/a94e1aece77984ea7873a75a87be31fb/element HTTP/1.1[\r][\n]"
11:18:00.454 [Forwarding findElement on session a94e1aece77984ea7873a75a87be31fb to remote] DEBUG org.apache.http.wire - http-outgoing-1 >> "Content-Type: application/json; charset=utf-8[\r][\n]"
11:18:00.454 [Forwarding findElement on session a94e1aece77984ea7873a75a87be31fb to remote] DEBUG org.apache.http.wire - http-outgoing-1 >> "Content-Length: 61[\r][\n]"
11:18:00.454 [Forwarding findElement on session a94e1aece77984ea7873a75a87be31fb to remote] DEBUG org.apache.http.wire - http-outgoing-1 >> "Host: localhost:37445[\r][\n]"
11:18:00.454 [Forwarding findElement on session a94e1aece77984ea7873a75a87be31fb to remote] DEBUG org.apache.http.wire - http-outgoing-1 >> "Connection: Keep-Alive[\r][\n]"
11:18:00.454 [Forwarding findElement on session a94e1aece77984ea7873a75a87be31fb to remote] DEBUG org.apache.http.wire - http-outgoing-1 >> "User-Agent: Apache-HttpClient/4.5.3 (Java/1.8.0_211)[\r][\n]"
11:18:00.454 [Forwarding findElement on session a94e1aece77984ea7873a75a87be31fb to remote] DEBUG org.apache.http.wire - http-outgoing-1 >> "Accept-Encoding: gzip,deflate[\r][\n]"
11:18:00.454 [Forwarding findElement on session a94e1aece77984ea7873a75a87be31fb to remote] DEBUG org.apache.http.wire - http-outgoing-1 >> "[\r][\n]"
11:18:00.454 [Forwarding findElement on session a94e1aece77984ea7873a75a87be31fb to remote] DEBUG org.apache.http.wire - http-outgoing-1 >> "{"value":".form-control:nth-child(2)","using":"css selector"}"
11:18:00.457 [Forwarding findElement on session a94e1aece77984ea7873a75a87be31fb to remote] DEBUG org.apache.http.wire - http-outgoing-1 << "HTTP/1.1 200 OK[\r][\n]"
11:18:00.457 [Forwarding findElement on session a94e1aece77984ea7873a75a87be31fb to remote] DEBUG org.apache.http.wire - http-outgoing-1 << "Content-Length:88[\r][\n]"
11:18:00.457 [Forwarding findElement on session a94e1aece77984ea7873a75a87be31fb to remote] DEBUG org.apache.http.wire - http-outgoing-1 << "Content-Type:application/json; charset=utf-8[\r][\n]"
11:18:00.457 [Forwarding findElement on session a94e1aece77984ea7873a75a87be31fb to remote] DEBUG org.apache.http.wire - http-outgoing-1 << "cache-control:no-cache[\r][\n]"
11:18:00.457 [Forwarding findElement on session a94e1aece77984ea7873a75a87be31fb to remote] DEBUG org.apache.http.wire - http-outgoing-1 << "[\r][\n]"
11:18:00.457 [Forwarding findElement on session a94e1aece77984ea7873a75a87be31fb to remote] DEBUG org.apache.http.wire - http-outgoing-1 << "{"value":{"element-6066-11e4-a52e-4f735466cecf":"66bb8264-c2b6-430f-ad24-e9e5d5ce8fba"}}"
11:18:00.457 [Forwarding findElement on session a94e1aece77984ea7873a75a87be31fb to remote] DEBUG org.apache.http.headers - http-outgoing-1 << HTTP/1.1 200 OK
11:18:00.457 [Forwarding findElement on session a94e1aece77984ea7873a75a87be31fb to remote] DEBUG org.apache.http.headers - http-outgoing-1 << Content-Length:88
11:18:00.457 [Forwarding findElement on session a94e1aece77984ea7873a75a87be31fb to remote] DEBUG org.apache.http.headers - http-outgoing-1 << Content-Type:application/json; charset=utf-8
11:18:00.457 [Forwarding findElement on session a94e1aece77984ea7873a75a87be31fb to remote] DEBUG org.apache.http.headers - http-outgoing-1 << cache-control:no-cache
11:18:00.458 [Forwarding findElement on session a94e1aece77984ea7873a75a87be31fb to remote] DEBUG org.apache.http.impl.execchain.MainClientExec - Connection can be kept alive indefinitely
11:18:00.458 [Forwarding findElement on session a94e1aece77984ea7873a75a87be31fb to remote] DEBUG org.apache.http.impl.conn.PoolingHttpClientConnectionManager - Connection [id: 1][route: {}->http://localhost:37445] can be kept alive indefinitely
11:18:00.458 [Forwarding findElement on session a94e1aece77984ea7873a75a87be31fb to remote] DEBUG org.apache.http.impl.conn.PoolingHttpClientConnectionManager - Connection released: [id: 1][route: {}->http://localhost:37445][total kept alive: 2; route allocated: 1 of 2000; total allocated: 2 of 2000]
11:18:00.460 [Forwarding sendKeysToElement on session a94e1aece77984ea7873a75a87be31fb to remote] DEBUG org.apache.http.client.protocol.RequestAddCookies - CookieSpec selected: default
11:18:00.460 [Forwarding sendKeysToElement on session a94e1aece77984ea7873a75a87be31fb to remote] DEBUG org.apache.http.client.protocol.RequestAuthCache - Auth cache not set in the context
11:18:00.460 [Forwarding sendKeysToElement on session a94e1aece77984ea7873a75a87be31fb to remote] DEBUG org.apache.http.impl.conn.PoolingHttpClientConnectionManager - Connection request: [route: {}->http://localhost:37445][total kept alive: 2; route allocated: 1 of 2000; total allocated: 2 of 2000]
11:18:00.460 [Forwarding sendKeysToElement on session a94e1aece77984ea7873a75a87be31fb to remote] DEBUG org.apache.http.impl.conn.PoolingHttpClientConnectionManager - Connection leased: [id: 1][route: {}->http://localhost:37445][total kept alive: 1; route allocated: 1 of 2000; total allocated: 2 of 2000]
11:18:00.460 [Forwarding sendKeysToElement on session a94e1aece77984ea7873a75a87be31fb to remote] DEBUG org.apache.http.impl.execchain.MainClientExec - Stale connection check
11:18:00.462 [Forwarding sendKeysToElement on session a94e1aece77984ea7873a75a87be31fb to remote] DEBUG org.apache.http.wire - http-outgoing-1 << "[read] I/O error: Read timed out"
11:18:00.462 [Forwarding sendKeysToElement on session a94e1aece77984ea7873a75a87be31fb to remote] DEBUG org.apache.http.impl.conn.DefaultManagedHttpClientConnection - http-outgoing-1: set socket timeout to 10800000
11:18:00.462 [Forwarding sendKeysToElement on session a94e1aece77984ea7873a75a87be31fb to remote] DEBUG org.apache.http.impl.execchain.MainClientExec - Executing request POST /session/a94e1aece77984ea7873a75a87be31fb/element/66bb8264-c2b6-430f-ad24-e9e5d5ce8fba/value HTTP/1.1
11:18:00.462 [Forwarding sendKeysToElement on session a94e1aece77984ea7873a75a87be31fb to remote] DEBUG org.apache.http.impl.execchain.MainClientExec - Target auth state: UNCHALLENGED
11:18:00.462 [Forwarding sendKeysToElement on session a94e1aece77984ea7873a75a87be31fb to remote] DEBUG org.apache.http.impl.execchain.MainClientExec - Proxy auth state: UNCHALLENGED
11:18:00.462 [Forwarding sendKeysToElement on session a94e1aece77984ea7873a75a87be31fb to remote] DEBUG org.apache.http.headers - http-outgoing-1 >> POST /session/a94e1aece77984ea7873a75a87be31fb/element/66bb8264-c2b6-430f-ad24-e9e5d5ce8fba/value HTTP/1.1
11:18:00.462 [Forwarding sendKeysToElement on session a94e1aece77984ea7873a75a87be31fb to remote] DEBUG org.apache.http.headers - http-outgoing-1 >> Content-Type: application/json; charset=utf-8
11:18:00.462 [Forwarding sendKeysToElement on session a94e1aece77984ea7873a75a87be31fb to remote] DEBUG org.apache.http.headers - http-outgoing-1 >> Content-Length: 385
11:18:00.462 [Forwarding sendKeysToElement on session a94e1aece77984ea7873a75a87be31fb to remote] DEBUG org.apache.http.headers - http-outgoing-1 >> Host: localhost:37445
11:18:00.462 [Forwarding sendKeysToElement on session a94e1aece77984ea7873a75a87be31fb to remote] DEBUG org.apache.http.headers - http-outgoing-1 >> Connection: Keep-Alive
11:18:00.462 [Forwarding sendKeysToElement on session a94e1aece77984ea7873a75a87be31fb to remote] DEBUG org.apache.http.headers - http-outgoing-1 >> User-Agent: Apache-HttpClient/4.5.3 (Java/1.8.0_211)
11:18:00.462 [Forwarding sendKeysToElement on session a94e1aece77984ea7873a75a87be31fb to remote] DEBUG org.apache.http.headers - http-outgoing-1 >> Accept-Encoding: gzip,deflate
11:18:00.462 [Forwarding sendKeysToElement on session a94e1aece77984ea7873a75a87be31fb to remote] DEBUG org.apache.http.wire - http-outgoing-1 >> "POST /session/a94e1aece77984ea7873a75a87be31fb/element/66bb8264-c2b6-430f-ad24-e9e5d5ce8fba/value HTTP/1.1[\r][\n]"
11:18:00.462 [Forwarding sendKeysToElement on session a94e1aece77984ea7873a75a87be31fb to remote] DEBUG org.apache.http.wire - http-outgoing-1 >> "Content-Type: application/json; charset=utf-8[\r][\n]"
11:18:00.462 [Forwarding sendKeysToElement on session a94e1aece77984ea7873a75a87be31fb to remote] DEBUG org.apache.http.wire - http-outgoing-1 >> "Content-Length: 385[\r][\n]"
11:18:00.462 [Forwarding sendKeysToElement on session a94e1aece77984ea7873a75a87be31fb to remote] DEBUG org.apache.http.wire - http-outgoing-1 >> "Host: localhost:37445[\r][\n]"
11:18:00.462 [Forwarding sendKeysToElement on session a94e1aece77984ea7873a75a87be31fb to remote] DEBUG org.apache.http.wire - http-outgoing-1 >> "Connection: Keep-Alive[\r][\n]"
11:18:00.462 [Forwarding sendKeysToElement on session a94e1aece77984ea7873a75a87be31fb to remote] DEBUG org.apache.http.wire - http-outgoing-1 >> "User-Agent: Apache-HttpClient/4.5.3 (Java/1.8.0_211)[\r][\n]"
11:18:00.462 [Forwarding sendKeysToElement on session a94e1aece77984ea7873a75a87be31fb to remote] DEBUG org.apache.http.wire - http-outgoing-1 >> "Accept-Encoding: gzip,deflate[\r][\n]"
11:18:00.462 [Forwarding sendKeysToElement on session a94e1aece77984ea7873a75a87be31fb to remote] DEBUG org.apache.http.wire - http-outgoing-1 >> "[\r][\n]"
11:18:00.462 [Forwarding sendKeysToElement on session a94e1aece77984ea7873a75a87be31fb to remote] DEBUG org.apache.http.wire - http-outgoing-1 >> "{"id":"66bb8264-c2b6-430f-ad24-e9e5d5ce8fba","text":"de164ddc64b1783c3ebced73b32c479b3daa203cf323bd738a9ecfc4674d6017","value":["d","e","1","6","4","d","d","c","6","4","b","1","7","8","3","c","3","e","b","c","e","d","7","3","b","3","2","c","4","7","9","b","3","d","a","a","2","0","3","c","f","3","2","3","b","d","7","3","8","a","9","e","c","f","c","4","6","7","4","d","6","0","1","7"]}"
11:18:00.890 [Forwarding sendKeysToElement on session a94e1aece77984ea7873a75a87be31fb to remote] DEBUG org.apache.http.wire - http-outgoing-1 << "HTTP/1.1 200 OK[\r][\n]"
11:18:00.890 [Forwarding sendKeysToElement on session a94e1aece77984ea7873a75a87be31fb to remote] DEBUG org.apache.http.wire - http-outgoing-1 << "Content-Length:14[\r][\n]"
11:18:00.890 [Forwarding sendKeysToElement on session a94e1aece77984ea7873a75a87be31fb to remote] DEBUG org.apache.http.wire - http-outgoing-1 << "Content-Type:application/json; charset=utf-8[\r][\n]"
11:18:00.890 [Forwarding sendKeysToElement on session a94e1aece77984ea7873a75a87be31fb to remote] DEBUG org.apache.http.wire - http-outgoing-1 << "cache-control:no-cache[\r][\n]"
11:18:00.890 [Forwarding sendKeysToElement on session a94e1aece77984ea7873a75a87be31fb to remote] DEBUG org.apache.http.wire - http-outgoing-1 << "[\r][\n]"
11:18:00.890 [Forwarding sendKeysToElement on session a94e1aece77984ea7873a75a87be31fb to remote] DEBUG org.apache.http.wire - http-outgoing-1 << "{"value":null}"
11:18:00.890 [Forwarding sendKeysToElement on session a94e1aece77984ea7873a75a87be31fb to remote] DEBUG org.apache.http.headers - http-outgoing-1 << HTTP/1.1 200 OK
11:18:00.890 [Forwarding sendKeysToElement on session a94e1aece77984ea7873a75a87be31fb to remote] DEBUG org.apache.http.headers - http-outgoing-1 << Content-Length:14
11:18:00.890 [Forwarding sendKeysToElement on session a94e1aece77984ea7873a75a87be31fb to remote] DEBUG org.apache.http.headers - http-outgoing-1 << Content-Type:application/json; charset=utf-8
11:18:00.890 [Forwarding sendKeysToElement on session a94e1aece77984ea7873a75a87be31fb to remote] DEBUG org.apache.http.headers - http-outgoing-1 << cache-control:no-cache
11:18:00.890 [Forwarding sendKeysToElement on session a94e1aece77984ea7873a75a87be31fb to remote] DEBUG org.apache.http.impl.execchain.MainClientExec - Connection can be kept alive indefinitely
11:18:00.891 [Forwarding sendKeysToElement on session a94e1aece77984ea7873a75a87be31fb to remote] DEBUG org.apache.http.impl.conn.PoolingHttpClientConnectionManager - Connection [id: 1][route: {}->http://localhost:37445] can be kept alive indefinitely
11:18:00.891 [Forwarding sendKeysToElement on session a94e1aece77984ea7873a75a87be31fb to remote] DEBUG org.apache.http.impl.conn.PoolingHttpClientConnectionManager - Connection released: [id: 1][route: {}->http://localhost:37445][total kept alive: 2; route allocated: 1 of 2000; total allocated: 2 of 2000]
11:18:00.891 [Forwarding findElement on session a94e1aece77984ea7873a75a87be31fb to remote] DEBUG org.apache.http.client.protocol.RequestAddCookies - CookieSpec selected: default
11:18:00.892 [Forwarding findElement on session a94e1aece77984ea7873a75a87be31fb to remote] DEBUG org.apache.http.client.protocol.RequestAuthCache - Auth cache not set in the context
11:18:00.892 [Forwarding findElement on session a94e1aece77984ea7873a75a87be31fb to remote] DEBUG org.apache.http.impl.conn.PoolingHttpClientConnectionManager - Connection request: [route: {}->http://localhost:37445][total kept alive: 2; route allocated: 1 of 2000; total allocated: 2 of 2000]
11:18:00.892 [Forwarding findElement on session a94e1aece77984ea7873a75a87be31fb to remote] DEBUG org.apache.http.impl.conn.PoolingHttpClientConnectionManager - Connection leased: [id: 1][route: {}->http://localhost:37445][total kept alive: 1; route allocated: 1 of 2000; total allocated: 2 of 2000]
11:18:00.892 [Forwarding findElement on session a94e1aece77984ea7873a75a87be31fb to remote] DEBUG org.apache.http.impl.execchain.MainClientExec - Stale connection check
11:18:00.893 [Forwarding findElement on session a94e1aece77984ea7873a75a87be31fb to remote] DEBUG org.apache.http.wire - http-outgoing-1 << "[read] I/O error: Read timed out"
11:18:00.893 [Forwarding findElement on session a94e1aece77984ea7873a75a87be31fb to remote] DEBUG org.apache.http.impl.conn.DefaultManagedHttpClientConnection - http-outgoing-1: set socket timeout to 10800000
11:18:00.893 [Forwarding findElement on session a94e1aece77984ea7873a75a87be31fb to remote] DEBUG org.apache.http.impl.execchain.MainClientExec - Executing request POST /session/a94e1aece77984ea7873a75a87be31fb/element HTTP/1.1
11:18:00.893 [Forwarding findElement on session a94e1aece77984ea7873a75a87be31fb to remote] DEBUG org.apache.http.impl.execchain.MainClientExec - Target auth state: UNCHALLENGED
11:18:00.893 [Forwarding findElement on session a94e1aece77984ea7873a75a87be31fb to remote] DEBUG org.apache.http.impl.execchain.MainClientExec - Proxy auth state: UNCHALLENGED
11:18:00.893 [Forwarding findElement on session a94e1aece77984ea7873a75a87be31fb to remote] DEBUG org.apache.http.headers - http-outgoing-1 >> POST /session/a94e1aece77984ea7873a75a87be31fb/element HTTP/1.1
11:18:00.893 [Forwarding findElement on session a94e1aece77984ea7873a75a87be31fb to remote] DEBUG org.apache.http.headers - http-outgoing-1 >> Content-Type: application/json; charset=utf-8
11:18:00.893 [Forwarding findElement on session a94e1aece77984ea7873a75a87be31fb to remote] DEBUG org.apache.http.headers - http-outgoing-1 >> Content-Length: 59
11:18:00.893 [Forwarding findElement on session a94e1aece77984ea7873a75a87be31fb to remote] DEBUG org.apache.http.headers - http-outgoing-1 >> Host: localhost:37445
11:18:00.893 [Forwarding findElement on session a94e1aece77984ea7873a75a87be31fb to remote] DEBUG org.apache.http.headers - http-outgoing-1 >> Connection: Keep-Alive
11:18:00.893 [Forwarding findElement on session a94e1aece77984ea7873a75a87be31fb to remote] DEBUG org.apache.http.headers - http-outgoing-1 >> User-Agent: Apache-HttpClient/4.5.3 (Java/1.8.0_211)
11:18:00.893 [Forwarding findElement on session a94e1aece77984ea7873a75a87be31fb to remote] DEBUG org.apache.http.headers - http-outgoing-1 >> Accept-Encoding: gzip,deflate
11:18:00.893 [Forwarding findElement on session a94e1aece77984ea7873a75a87be31fb to remote] DEBUG org.apache.http.wire - http-outgoing-1 >> "POST /session/a94e1aece77984ea7873a75a87be31fb/element HTTP/1.1[\r][\n]"
11:18:00.893 [Forwarding findElement on session a94e1aece77984ea7873a75a87be31fb to remote] DEBUG org.apache.http.wire - http-outgoing-1 >> "Content-Type: application/json; charset=utf-8[\r][\n]"
11:18:00.893 [Forwarding findElement on session a94e1aece77984ea7873a75a87be31fb to remote] DEBUG org.apache.http.wire - http-outgoing-1 >> "Content-Length: 59[\r][\n]"
11:18:00.893 [Forwarding findElement on session a94e1aece77984ea7873a75a87be31fb to remote] DEBUG org.apache.http.wire - http-outgoing-1 >> "Host: localhost:37445[\r][\n]"
11:18:00.893 [Forwarding findElement on session a94e1aece77984ea7873a75a87be31fb to remote] DEBUG org.apache.http.wire - http-outgoing-1 >> "Connection: Keep-Alive[\r][\n]"
11:18:00.893 [Forwarding findElement on session a94e1aece77984ea7873a75a87be31fb to remote] DEBUG org.apache.http.wire - http-outgoing-1 >> "User-Agent: Apache-HttpClient/4.5.3 (Java/1.8.0_211)[\r][\n]"
11:18:00.893 [Forwarding findElement on session a94e1aece77984ea7873a75a87be31fb to remote] DEBUG org.apache.http.wire - http-outgoing-1 >> "Accept-Encoding: gzip,deflate[\r][\n]"
11:18:00.893 [Forwarding findElement on session a94e1aece77984ea7873a75a87be31fb to remote] DEBUG org.apache.http.wire - http-outgoing-1 >> "[\r][\n]"
11:18:00.893 [Forwarding findElement on session a94e1aece77984ea7873a75a87be31fb to remote] DEBUG org.apache.http.wire - http-outgoing-1 >> "{"value":".btn-danger:nth-child(3)","using":"css selector"}"
11:18:00.902 [Forwarding findElement on session a94e1aece77984ea7873a75a87be31fb to remote] DEBUG org.apache.http.wire - http-outgoing-1 << "HTTP/1.1 200 OK[\r][\n]"
11:18:00.902 [Forwarding findElement on session a94e1aece77984ea7873a75a87be31fb to remote] DEBUG org.apache.http.wire - http-outgoing-1 << "Content-Length:88[\r][\n]"
11:18:00.902 [Forwarding findElement on session a94e1aece77984ea7873a75a87be31fb to remote] DEBUG org.apache.http.wire - http-outgoing-1 << "Content-Type:application/json; charset=utf-8[\r][\n]"
11:18:00.902 [Forwarding findElement on session a94e1aece77984ea7873a75a87be31fb to remote] DEBUG org.apache.http.wire - http-outgoing-1 << "cache-control:no-cache[\r][\n]"
11:18:00.902 [Forwarding findElement on session a94e1aece77984ea7873a75a87be31fb to remote] DEBUG org.apache.http.wire - http-outgoing-1 << "[\r][\n]"
11:18:00.902 [Forwarding findElement on session a94e1aece77984ea7873a75a87be31fb to remote] DEBUG org.apache.http.wire - http-outgoing-1 << "{"value":{"element-6066-11e4-a52e-4f735466cecf":"7ccd535e-ed53-4aea-9d28-ce2257e275f0"}}"
11:18:00.902 [Forwarding findElement on session a94e1aece77984ea7873a75a87be31fb to remote] DEBUG org.apache.http.headers - http-outgoing-1 << HTTP/1.1 200 OK
11:18:00.902 [Forwarding findElement on session a94e1aece77984ea7873a75a87be31fb to remote] DEBUG org.apache.http.headers - http-outgoing-1 << Content-Length:88
11:18:00.902 [Forwarding findElement on session a94e1aece77984ea7873a75a87be31fb to remote] DEBUG org.apache.http.headers - http-outgoing-1 << Content-Type:application/json; charset=utf-8
11:18:00.902 [Forwarding findElement on session a94e1aece77984ea7873a75a87be31fb to remote] DEBUG org.apache.http.headers - http-outgoing-1 << cache-control:no-cache
11:18:00.902 [Forwarding findElement on session a94e1aece77984ea7873a75a87be31fb to remote] DEBUG org.apache.http.impl.execchain.MainClientExec - Connection can be kept alive indefinitely
11:18:00.903 [Forwarding findElement on session a94e1aece77984ea7873a75a87be31fb to remote] DEBUG org.apache.http.impl.conn.PoolingHttpClientConnectionManager - Connection [id: 1][route: {}->http://localhost:37445] can be kept alive indefinitely
11:18:00.903 [Forwarding findElement on session a94e1aece77984ea7873a75a87be31fb to remote] DEBUG org.apache.http.impl.conn.PoolingHttpClientConnectionManager - Connection released: [id: 1][route: {}->http://localhost:37445][total kept alive: 2; route allocated: 1 of 2000; total allocated: 2 of 2000]
11:18:00.903 [Forwarding clickElement on session a94e1aece77984ea7873a75a87be31fb to remote] DEBUG org.apache.http.client.protocol.RequestAddCookies - CookieSpec selected: default
11:18:00.904 [Forwarding clickElement on session a94e1aece77984ea7873a75a87be31fb to remote] DEBUG org.apache.http.client.protocol.RequestAuthCache - Auth cache not set in the context
11:18:00.904 [Forwarding clickElement on session a94e1aece77984ea7873a75a87be31fb to remote] DEBUG org.apache.http.impl.conn.PoolingHttpClientConnectionManager - Connection request: [route: {}->http://localhost:37445][total kept alive: 2; route allocated: 1 of 2000; total allocated: 2 of 2000]
11:18:00.904 [Forwarding clickElement on session a94e1aece77984ea7873a75a87be31fb to remote] DEBUG org.apache.http.impl.conn.PoolingHttpClientConnectionManager - Connection leased: [id: 1][route: {}->http://localhost:37445][total kept alive: 1; route allocated: 1 of 2000; total allocated: 2 of 2000]
11:18:00.904 [Forwarding clickElement on session a94e1aece77984ea7873a75a87be31fb to remote] DEBUG org.apache.http.impl.execchain.MainClientExec - Stale connection check
11:18:00.905 [Forwarding clickElement on session a94e1aece77984ea7873a75a87be31fb to remote] DEBUG org.apache.http.wire - http-outgoing-1 << "[read] I/O error: Read timed out"
11:18:00.905 [Forwarding clickElement on session a94e1aece77984ea7873a75a87be31fb to remote] DEBUG org.apache.http.impl.conn.DefaultManagedHttpClientConnection - http-outgoing-1: set socket timeout to 10800000
11:18:00.905 [Forwarding clickElement on session a94e1aece77984ea7873a75a87be31fb to remote] DEBUG org.apache.http.impl.execchain.MainClientExec - Executing request POST /session/a94e1aece77984ea7873a75a87be31fb/element/7ccd535e-ed53-4aea-9d28-ce2257e275f0/click HTTP/1.1
11:18:00.905 [Forwarding clickElement on session a94e1aece77984ea7873a75a87be31fb to remote] DEBUG org.apache.http.impl.execchain.MainClientExec - Target auth state: UNCHALLENGED
11:18:00.905 [Forwarding clickElement on session a94e1aece77984ea7873a75a87be31fb to remote] DEBUG org.apache.http.impl.execchain.MainClientExec - Proxy auth state: UNCHALLENGED
11:18:00.905 [Forwarding clickElement on session a94e1aece77984ea7873a75a87be31fb to remote] DEBUG org.apache.http.headers - http-outgoing-1 >> POST /session/a94e1aece77984ea7873a75a87be31fb/element/7ccd535e-ed53-4aea-9d28-ce2257e275f0/click HTTP/1.1
11:18:00.905 [Forwarding clickElement on session a94e1aece77984ea7873a75a87be31fb to remote] DEBUG org.apache.http.headers - http-outgoing-1 >> Content-Type: application/json; charset=utf-8
11:18:00.905 [Forwarding clickElement on session a94e1aece77984ea7873a75a87be31fb to remote] DEBUG org.apache.http.headers - http-outgoing-1 >> Content-Length: 45
11:18:00.905 [Forwarding clickElement on session a94e1aece77984ea7873a75a87be31fb to remote] DEBUG org.apache.http.headers - http-outgoing-1 >> Host: localhost:37445
11:18:00.905 [Forwarding clickElement on session a94e1aece77984ea7873a75a87be31fb to remote] DEBUG org.apache.http.headers - http-outgoing-1 >> Connection: Keep-Alive
11:18:00.905 [Forwarding clickElement on session a94e1aece77984ea7873a75a87be31fb to remote] DEBUG org.apache.http.headers - http-outgoing-1 >> User-Agent: Apache-HttpClient/4.5.3 (Java/1.8.0_211)
11:18:00.905 [Forwarding clickElement on session a94e1aece77984ea7873a75a87be31fb to remote] DEBUG org.apache.http.headers - http-outgoing-1 >> Accept-Encoding: gzip,deflate
11:18:00.905 [Forwarding clickElement on session a94e1aece77984ea7873a75a87be31fb to remote] DEBUG org.apache.http.wire - http-outgoing-1 >> "POST /session/a94e1aece77984ea7873a75a87be31fb/element/7ccd535e-ed53-4aea-9d28-ce2257e275f0/click HTTP/1.1[\r][\n]"
11:18:00.905 [Forwarding clickElement on session a94e1aece77984ea7873a75a87be31fb to remote] DEBUG org.apache.http.wire - http-outgoing-1 >> "Content-Type: application/json; charset=utf-8[\r][\n]"
11:18:00.905 [Forwarding clickElement on session a94e1aece77984ea7873a75a87be31fb to remote] DEBUG org.apache.http.wire - http-outgoing-1 >> "Content-Length: 45[\r][\n]"
11:18:00.905 [Forwarding clickElement on session a94e1aece77984ea7873a75a87be31fb to remote] DEBUG org.apache.http.wire - http-outgoing-1 >> "Host: localhost:37445[\r][\n]"
11:18:00.905 [Forwarding clickElement on session a94e1aece77984ea7873a75a87be31fb to remote] DEBUG org.apache.http.wire - http-outgoing-1 >> "Connection: Keep-Alive[\r][\n]"
11:18:00.905 [Forwarding clickElement on session a94e1aece77984ea7873a75a87be31fb to remote] DEBUG org.apache.http.wire - http-outgoing-1 >> "User-Agent: Apache-HttpClient/4.5.3 (Java/1.8.0_211)[\r][\n]"
11:18:00.905 [Forwarding clickElement on session a94e1aece77984ea7873a75a87be31fb to remote] DEBUG org.apache.http.wire - http-outgoing-1 >> "Accept-Encoding: gzip,deflate[\r][\n]"
11:18:00.905 [Forwarding clickElement on session a94e1aece77984ea7873a75a87be31fb to remote] DEBUG org.apache.http.wire - http-outgoing-1 >> "[\r][\n]"
11:18:00.905 [Forwarding clickElement on session a94e1aece77984ea7873a75a87be31fb to remote] DEBUG org.apache.http.wire - http-outgoing-1 >> "{"id":"7ccd535e-ed53-4aea-9d28-ce2257e275f0"}"
11:18:01.050 [Forwarding clickElement on session a94e1aece77984ea7873a75a87be31fb to remote] DEBUG org.apache.http.wire - http-outgoing-1 << "HTTP/1.1 200 OK[\r][\n]"
11:18:01.050 [Forwarding clickElement on session a94e1aece77984ea7873a75a87be31fb to remote] DEBUG org.apache.http.wire - http-outgoing-1 << "Content-Length:14[\r][\n]"
11:18:01.050 [Forwarding clickElement on session a94e1aece77984ea7873a75a87be31fb to remote] DEBUG org.apache.http.wire - http-outgoing-1 << "Content-Type:application/json; charset=utf-8[\r][\n]"
11:18:01.050 [Forwarding clickElement on session a94e1aece77984ea7873a75a87be31fb to remote] DEBUG org.apache.http.wire - http-outgoing-1 << "cache-control:no-cache[\r][\n]"
11:18:01.050 [Forwarding clickElement on session a94e1aece77984ea7873a75a87be31fb to remote] DEBUG org.apache.http.wire - http-outgoing-1 << "[\r][\n]"
11:18:01.050 [Forwarding clickElement on session a94e1aece77984ea7873a75a87be31fb to remote] DEBUG org.apache.http.wire - http-outgoing-1 << "{"value":null}"
11:18:01.051 [Forwarding clickElement on session a94e1aece77984ea7873a75a87be31fb to remote] DEBUG org.apache.http.headers - http-outgoing-1 << HTTP/1.1 200 OK
11:18:01.051 [Forwarding clickElement on session a94e1aece77984ea7873a75a87be31fb to remote] DEBUG org.apache.http.headers - http-outgoing-1 << Content-Length:14
11:18:01.051 [Forwarding clickElement on session a94e1aece77984ea7873a75a87be31fb to remote] DEBUG org.apache.http.headers - http-outgoing-1 << Content-Type:application/json; charset=utf-8
11:18:01.051 [Forwarding clickElement on session a94e1aece77984ea7873a75a87be31fb to remote] DEBUG org.apache.http.headers - http-outgoing-1 << cache-control:no-cache
11:18:01.051 [Forwarding clickElement on session a94e1aece77984ea7873a75a87be31fb to remote] DEBUG org.apache.http.impl.execchain.MainClientExec - Connection can be kept alive indefinitely
11:18:01.051 [Forwarding clickElement on session a94e1aece77984ea7873a75a87be31fb to remote] DEBUG org.apache.http.impl.conn.PoolingHttpClientConnectionManager - Connection [id: 1][route: {}->http://localhost:37445] can be kept alive indefinitely
11:18:01.051 [Forwarding clickElement on session a94e1aece77984ea7873a75a87be31fb to remote] DEBUG org.apache.http.impl.conn.PoolingHttpClientConnectionManager - Connection released: [id: 1][route: {}->http://localhost:37445][total kept alive: 2; route allocated: 1 of 2000; total allocated: 2 of 2000]
11:18:01.252 [Forwarding findElement on session a94e1aece77984ea7873a75a87be31fb to remote] DEBUG org.apache.http.client.protocol.RequestAddCookies - CookieSpec selected: default
11:18:01.252 [Forwarding findElement on session a94e1aece77984ea7873a75a87be31fb to remote] DEBUG org.apache.http.client.protocol.RequestAuthCache - Auth cache not set in the context
11:18:01.252 [Forwarding findElement on session a94e1aece77984ea7873a75a87be31fb to remote] DEBUG org.apache.http.impl.conn.PoolingHttpClientConnectionManager - Connection request: [route: {}->http://localhost:37445][total kept alive: 2; route allocated: 1 of 2000; total allocated: 2 of 2000]
11:18:01.253 [Forwarding findElement on session a94e1aece77984ea7873a75a87be31fb to remote] DEBUG org.apache.http.impl.conn.PoolingHttpClientConnectionManager - Connection leased: [id: 1][route: {}->http://localhost:37445][total kept alive: 1; route allocated: 1 of 2000; total allocated: 2 of 2000]
11:18:01.253 [Forwarding findElement on session a94e1aece77984ea7873a75a87be31fb to remote] DEBUG org.apache.http.impl.execchain.MainClientExec - Stale connection check
11:18:01.254 [Forwarding findElement on session a94e1aece77984ea7873a75a87be31fb to remote] DEBUG org.apache.http.wire - http-outgoing-1 << "[read] I/O error: Read timed out"
11:18:01.254 [Forwarding findElement on session a94e1aece77984ea7873a75a87be31fb to remote] DEBUG org.apache.http.impl.conn.DefaultManagedHttpClientConnection - http-outgoing-1: set socket timeout to 10800000
11:18:01.254 [Forwarding findElement on session a94e1aece77984ea7873a75a87be31fb to remote] DEBUG org.apache.http.impl.execchain.MainClientExec - Executing request POST /session/a94e1aece77984ea7873a75a87be31fb/element HTTP/1.1
11:18:01.254 [Forwarding findElement on session a94e1aece77984ea7873a75a87be31fb to remote] DEBUG org.apache.http.impl.execchain.MainClientExec - Target auth state: UNCHALLENGED
11:18:01.254 [Forwarding findElement on session a94e1aece77984ea7873a75a87be31fb to remote] DEBUG org.apache.http.impl.execchain.MainClientExec - Proxy auth state: UNCHALLENGED
11:18:01.254 [Forwarding findElement on session a94e1aece77984ea7873a75a87be31fb to remote] DEBUG org.apache.http.headers - http-outgoing-1 >> POST /session/a94e1aece77984ea7873a75a87be31fb/element HTTP/1.1
11:18:01.254 [Forwarding findElement on session a94e1aece77984ea7873a75a87be31fb to remote] DEBUG org.apache.http.headers - http-outgoing-1 >> Content-Type: application/json; charset=utf-8
11:18:01.254 [Forwarding findElement on session a94e1aece77984ea7873a75a87be31fb to remote] DEBUG org.apache.http.headers - http-outgoing-1 >> Content-Length: 71
11:18:01.254 [Forwarding findElement on session a94e1aece77984ea7873a75a87be31fb to remote] DEBUG org.apache.http.headers - http-outgoing-1 >> Host: localhost:37445
11:18:01.254 [Forwarding findElement on session a94e1aece77984ea7873a75a87be31fb to remote] DEBUG org.apache.http.headers - http-outgoing-1 >> Connection: Keep-Alive
11:18:01.254 [Forwarding findElement on session a94e1aece77984ea7873a75a87be31fb to remote] DEBUG org.apache.http.headers - http-outgoing-1 >> User-Agent: Apache-HttpClient/4.5.3 (Java/1.8.0_211)
11:18:01.254 [Forwarding findElement on session a94e1aece77984ea7873a75a87be31fb to remote] DEBUG org.apache.http.headers - http-outgoing-1 >> Accept-Encoding: gzip,deflate
11:18:01.254 [Forwarding findElement on session a94e1aece77984ea7873a75a87be31fb to remote] DEBUG org.apache.http.wire - http-outgoing-1 >> "POST /session/a94e1aece77984ea7873a75a87be31fb/element HTTP/1.1[\r][\n]"
11:18:01.254 [Forwarding findElement on session a94e1aece77984ea7873a75a87be31fb to remote] DEBUG org.apache.http.wire - http-outgoing-1 >> "Content-Type: application/json; charset=utf-8[\r][\n]"
11:18:01.254 [Forwarding findElement on session a94e1aece77984ea7873a75a87be31fb to remote] DEBUG org.apache.http.wire - http-outgoing-1 >> "Content-Length: 71[\r][\n]"
11:18:01.254 [Forwarding findElement on session a94e1aece77984ea7873a75a87be31fb to remote] DEBUG org.apache.http.wire - http-outgoing-1 >> "Host: localhost:37445[\r][\n]"
11:18:01.254 [Forwarding findElement on session a94e1aece77984ea7873a75a87be31fb to remote] DEBUG org.apache.http.wire - http-outgoing-1 >> "Connection: Keep-Alive[\r][\n]"
11:18:01.254 [Forwarding findElement on session a94e1aece77984ea7873a75a87be31fb to remote] DEBUG org.apache.http.wire - http-outgoing-1 >> "User-Agent: Apache-HttpClient/4.5.3 (Java/1.8.0_211)[\r][\n]"
11:18:01.254 [Forwarding findElement on session a94e1aece77984ea7873a75a87be31fb to remote] DEBUG org.apache.http.wire - http-outgoing-1 >> "Accept-Encoding: gzip,deflate[\r][\n]"
11:18:01.254 [Forwarding findElement on session a94e1aece77984ea7873a75a87be31fb to remote] DEBUG org.apache.http.wire - http-outgoing-1 >> "[\r][\n]"
11:18:01.254 [Forwarding findElement on session a94e1aece77984ea7873a75a87be31fb to remote] DEBUG org.apache.http.wire - http-outgoing-1 >> "{"value":".dropdown-toggle > span:nth-child(1)","using":"css selector"}"
11:18:02.920 [Forwarding findElement on session a94e1aece77984ea7873a75a87be31fb to remote] DEBUG org.apache.http.wire - http-outgoing-1 << "HTTP/1.1 200 OK[\r][\n]"
11:18:02.920 [Forwarding findElement on session a94e1aece77984ea7873a75a87be31fb to remote] DEBUG org.apache.http.wire - http-outgoing-1 << "Content-Length:88[\r][\n]"
11:18:02.920 [Forwarding findElement on session a94e1aece77984ea7873a75a87be31fb to remote] DEBUG org.apache.http.wire - http-outgoing-1 << "Content-Type:application/json; charset=utf-8[\r][\n]"
11:18:02.920 [Forwarding findElement on session a94e1aece77984ea7873a75a87be31fb to remote] DEBUG org.apache.http.wire - http-outgoing-1 << "cache-control:no-cache[\r][\n]"
11:18:02.920 [Forwarding findElement on session a94e1aece77984ea7873a75a87be31fb to remote] DEBUG org.apache.http.wire - http-outgoing-1 << "[\r][\n]"
11:18:02.920 [Forwarding findElement on session a94e1aece77984ea7873a75a87be31fb to remote] DEBUG org.apache.http.wire - http-outgoing-1 << "{"value":{"element-6066-11e4-a52e-4f735466cecf":"5e3083d1-91a0-4b69-be65-67761a505e96"}}"
11:18:02.920 [Forwarding findElement on session a94e1aece77984ea7873a75a87be31fb to remote] DEBUG org.apache.http.headers - http-outgoing-1 << HTTP/1.1 200 OK
11:18:02.920 [Forwarding findElement on session a94e1aece77984ea7873a75a87be31fb to remote] DEBUG org.apache.http.headers - http-outgoing-1 << Content-Length:88
11:18:02.920 [Forwarding findElement on session a94e1aece77984ea7873a75a87be31fb to remote] DEBUG org.apache.http.headers - http-outgoing-1 << Content-Type:application/json; charset=utf-8
11:18:02.920 [Forwarding findElement on session a94e1aece77984ea7873a75a87be31fb to remote] DEBUG org.apache.http.headers - http-outgoing-1 << cache-control:no-cache
11:18:02.920 [Forwarding findElement on session a94e1aece77984ea7873a75a87be31fb to remote] DEBUG org.apache.http.impl.execchain.MainClientExec - Connection can be kept alive indefinitely
11:18:02.920 [Forwarding findElement on session a94e1aece77984ea7873a75a87be31fb to remote] DEBUG org.apache.http.impl.conn.PoolingHttpClientConnectionManager - Connection [id: 1][route: {}->http://localhost:37445] can be kept alive indefinitely
11:18:02.921 [Forwarding findElement on session a94e1aece77984ea7873a75a87be31fb to remote] DEBUG org.apache.http.impl.conn.PoolingHttpClientConnectionManager - Connection released: [id: 1][route: {}->http://localhost:37445][total kept alive: 2; route allocated: 1 of 2000; total allocated: 2 of 2000]
11:18:02.922 [Forwarding clickElement on session a94e1aece77984ea7873a75a87be31fb to remote] DEBUG org.apache.http.client.protocol.RequestAddCookies - CookieSpec selected: default
11:18:02.922 [Forwarding clickElement on session a94e1aece77984ea7873a75a87be31fb to remote] DEBUG org.apache.http.client.protocol.RequestAuthCache - Auth cache not set in the context
11:18:02.922 [Forwarding clickElement on session a94e1aece77984ea7873a75a87be31fb to remote] DEBUG org.apache.http.impl.conn.PoolingHttpClientConnectionManager - Connection request: [route: {}->http://localhost:37445][total kept alive: 2; route allocated: 1 of 2000; total allocated: 2 of 2000]
11:18:02.922 [Forwarding clickElement on session a94e1aece77984ea7873a75a87be31fb to remote] DEBUG org.apache.http.impl.conn.PoolingHttpClientConnectionManager - Connection leased: [id: 1][route: {}->http://localhost:37445][total kept alive: 1; route allocated: 1 of 2000; total allocated: 2 of 2000]
11:18:02.922 [Forwarding clickElement on session a94e1aece77984ea7873a75a87be31fb to remote] DEBUG org.apache.http.impl.execchain.MainClientExec - Stale connection check
11:18:02.923 [Forwarding clickElement on session a94e1aece77984ea7873a75a87be31fb to remote] DEBUG org.apache.http.wire - http-outgoing-1 << "[read] I/O error: Read timed out"
11:18:02.923 [Forwarding clickElement on session a94e1aece77984ea7873a75a87be31fb to remote] DEBUG org.apache.http.impl.conn.DefaultManagedHttpClientConnection - http-outgoing-1: set socket timeout to 10800000
11:18:02.923 [Forwarding clickElement on session a94e1aece77984ea7873a75a87be31fb to remote] DEBUG org.apache.http.impl.execchain.MainClientExec - Executing request POST /session/a94e1aece77984ea7873a75a87be31fb/element/5e3083d1-91a0-4b69-be65-67761a505e96/click HTTP/1.1
11:18:02.923 [Forwarding clickElement on session a94e1aece77984ea7873a75a87be31fb to remote] DEBUG org.apache.http.impl.execchain.MainClientExec - Target auth state: UNCHALLENGED
11:18:02.923 [Forwarding clickElement on session a94e1aece77984ea7873a75a87be31fb to remote] DEBUG org.apache.http.impl.execchain.MainClientExec - Proxy auth state: UNCHALLENGED
11:18:02.923 [Forwarding clickElement on session a94e1aece77984ea7873a75a87be31fb to remote] DEBUG org.apache.http.headers - http-outgoing-1 >> POST /session/a94e1aece77984ea7873a75a87be31fb/element/5e3083d1-91a0-4b69-be65-67761a505e96/click HTTP/1.1
11:18:02.923 [Forwarding clickElement on session a94e1aece77984ea7873a75a87be31fb to remote] DEBUG org.apache.http.headers - http-outgoing-1 >> Content-Type: application/json; charset=utf-8
11:18:02.923 [Forwarding clickElement on session a94e1aece77984ea7873a75a87be31fb to remote] DEBUG org.apache.http.headers - http-outgoing-1 >> Content-Length: 45
11:18:02.923 [Forwarding clickElement on session a94e1aece77984ea7873a75a87be31fb to remote] DEBUG org.apache.http.headers - http-outgoing-1 >> Host: localhost:37445
11:18:02.923 [Forwarding clickElement on session a94e1aece77984ea7873a75a87be31fb to remote] DEBUG org.apache.http.headers - http-outgoing-1 >> Connection: Keep-Alive
11:18:02.923 [Forwarding clickElement on session a94e1aece77984ea7873a75a87be31fb to remote] DEBUG org.apache.http.headers - http-outgoing-1 >> User-Agent: Apache-HttpClient/4.5.3 (Java/1.8.0_211)
11:18:02.923 [Forwarding clickElement on session a94e1aece77984ea7873a75a87be31fb to remote] DEBUG org.apache.http.headers - http-outgoing-1 >> Accept-Encoding: gzip,deflate
11:18:02.923 [Forwarding clickElement on session a94e1aece77984ea7873a75a87be31fb to remote] DEBUG org.apache.http.wire - http-outgoing-1 >> "POST /session/a94e1aece77984ea7873a75a87be31fb/element/5e3083d1-91a0-4b69-be65-67761a505e96/click HTTP/1.1[\r][\n]"
11:18:02.923 [Forwarding clickElement on session a94e1aece77984ea7873a75a87be31fb to remote] DEBUG org.apache.http.wire - http-outgoing-1 >> "Content-Type: application/json; charset=utf-8[\r][\n]"
11:18:02.923 [Forwarding clickElement on session a94e1aece77984ea7873a75a87be31fb to remote] DEBUG org.apache.http.wire - http-outgoing-1 >> "Content-Length: 45[\r][\n]"
11:18:02.923 [Forwarding clickElement on session a94e1aece77984ea7873a75a87be31fb to remote] DEBUG org.apache.http.wire - http-outgoing-1 >> "Host: localhost:37445[\r][\n]"
11:18:02.923 [Forwarding clickElement on session a94e1aece77984ea7873a75a87be31fb to remote] DEBUG org.apache.http.wire - http-outgoing-1 >> "Connection: Keep-Alive[\r][\n]"
11:18:02.923 [Forwarding clickElement on session a94e1aece77984ea7873a75a87be31fb to remote] DEBUG org.apache.http.wire - http-outgoing-1 >> "User-Agent: Apache-HttpClient/4.5.3 (Java/1.8.0_211)[\r][\n]"
11:18:02.923 [Forwarding clickElement on session a94e1aece77984ea7873a75a87be31fb to remote] DEBUG org.apache.http.wire - http-outgoing-1 >> "Accept-Encoding: gzip,deflate[\r][\n]"
11:18:02.923 [Forwarding clickElement on session a94e1aece77984ea7873a75a87be31fb to remote] DEBUG org.apache.http.wire - http-outgoing-1 >> "[\r][\n]"
11:18:02.923 [Forwarding clickElement on session a94e1aece77984ea7873a75a87be31fb to remote] DEBUG org.apache.http.wire - http-outgoing-1 >> "{"id":"5e3083d1-91a0-4b69-be65-67761a505e96"}"
11:18:03.183 [Forwarding clickElement on session a94e1aece77984ea7873a75a87be31fb to remote] DEBUG org.apache.http.wire - http-outgoing-1 << "HTTP/1.1 200 OK[\r][\n]"
11:18:03.183 [Forwarding clickElement on session a94e1aece77984ea7873a75a87be31fb to remote] DEBUG org.apache.http.wire - http-outgoing-1 << "Content-Length:14[\r][\n]"
11:18:03.183 [Forwarding clickElement on session a94e1aece77984ea7873a75a87be31fb to remote] DEBUG org.apache.http.wire - http-outgoing-1 << "Content-Type:application/json; charset=utf-8[\r][\n]"
11:18:03.183 [Forwarding clickElement on session a94e1aece77984ea7873a75a87be31fb to remote] DEBUG org.apache.http.wire - http-outgoing-1 << "cache-control:no-cache[\r][\n]"
11:18:03.183 [Forwarding clickElement on session a94e1aece77984ea7873a75a87be31fb to remote] DEBUG org.apache.http.wire - http-outgoing-1 << "[\r][\n]"
11:18:03.183 [Forwarding clickElement on session a94e1aece77984ea7873a75a87be31fb to remote] DEBUG org.apache.http.wire - http-outgoing-1 << "{"value":null}"
11:18:03.183 [Forwarding clickElement on session a94e1aece77984ea7873a75a87be31fb to remote] DEBUG org.apache.http.headers - http-outgoing-1 << HTTP/1.1 200 OK
11:18:03.183 [Forwarding clickElement on session a94e1aece77984ea7873a75a87be31fb to remote] DEBUG org.apache.http.headers - http-outgoing-1 << Content-Length:14
11:18:03.183 [Forwarding clickElement on session a94e1aece77984ea7873a75a87be31fb to remote] DEBUG org.apache.http.headers - http-outgoing-1 << Content-Type:application/json; charset=utf-8
11:18:03.183 [Forwarding clickElement on session a94e1aece77984ea7873a75a87be31fb to remote] DEBUG org.apache.http.headers - http-outgoing-1 << cache-control:no-cache
11:18:03.183 [Forwarding clickElement on session a94e1aece77984ea7873a75a87be31fb to remote] DEBUG org.apache.http.impl.execchain.MainClientExec - Connection can be kept alive indefinitely
11:18:03.183 [Forwarding clickElement on session a94e1aece77984ea7873a75a87be31fb to remote] DEBUG org.apache.http.impl.conn.PoolingHttpClientConnectionManager - Connection [id: 1][route: {}->http://localhost:37445] can be kept alive indefinitely
11:18:03.183 [Forwarding clickElement on session a94e1aece77984ea7873a75a87be31fb to remote] DEBUG org.apache.http.impl.conn.PoolingHttpClientConnectionManager - Connection released: [id: 1][route: {}->http://localhost:37445][total kept alive: 2; route allocated: 1 of 2000; total allocated: 2 of 2000]
11:18:03.184 [Forwarding findElement on session a94e1aece77984ea7873a75a87be31fb to remote] DEBUG org.apache.http.client.protocol.RequestAddCookies - CookieSpec selected: default
11:18:03.184 [Forwarding findElement on session a94e1aece77984ea7873a75a87be31fb to remote] DEBUG org.apache.http.client.protocol.RequestAuthCache - Auth cache not set in the context
11:18:03.184 [Forwarding findElement on session a94e1aece77984ea7873a75a87be31fb to remote] DEBUG org.apache.http.impl.conn.PoolingHttpClientConnectionManager - Connection request: [route: {}->http://localhost:37445][total kept alive: 2; route allocated: 1 of 2000; total allocated: 2 of 2000]
11:18:03.185 [Forwarding findElement on session a94e1aece77984ea7873a75a87be31fb to remote] DEBUG org.apache.http.impl.conn.PoolingHttpClientConnectionManager - Connection leased: [id: 1][route: {}->http://localhost:37445][total kept alive: 1; route allocated: 1 of 2000; total allocated: 2 of 2000]
11:18:03.185 [Forwarding findElement on session a94e1aece77984ea7873a75a87be31fb to remote] DEBUG org.apache.http.impl.execchain.MainClientExec - Stale connection check
11:18:03.186 [Forwarding findElement on session a94e1aece77984ea7873a75a87be31fb to remote] DEBUG org.apache.http.wire - http-outgoing-1 << "[read] I/O error: Read timed out"
11:18:03.186 [Forwarding findElement on session a94e1aece77984ea7873a75a87be31fb to remote] DEBUG org.apache.http.impl.conn.DefaultManagedHttpClientConnection - http-outgoing-1: set socket timeout to 10800000
11:18:03.186 [Forwarding findElement on session a94e1aece77984ea7873a75a87be31fb to remote] DEBUG org.apache.http.impl.execchain.MainClientExec - Executing request POST /session/a94e1aece77984ea7873a75a87be31fb/element HTTP/1.1
11:18:03.186 [Forwarding findElement on session a94e1aece77984ea7873a75a87be31fb to remote] DEBUG org.apache.http.impl.execchain.MainClientExec - Target auth state: UNCHALLENGED
11:18:03.186 [Forwarding findElement on session a94e1aece77984ea7873a75a87be31fb to remote] DEBUG org.apache.http.impl.execchain.MainClientExec - Proxy auth state: UNCHALLENGED
11:18:03.186 [Forwarding findElement on session a94e1aece77984ea7873a75a87be31fb to remote] DEBUG org.apache.http.headers - http-outgoing-1 >> POST /session/a94e1aece77984ea7873a75a87be31fb/element HTTP/1.1
11:18:03.186 [Forwarding findElement on session a94e1aece77984ea7873a75a87be31fb to remote] DEBUG org.apache.http.headers - http-outgoing-1 >> Content-Type: application/json; charset=utf-8
11:18:03.186 [Forwarding findElement on session a94e1aece77984ea7873a75a87be31fb to remote] DEBUG org.apache.http.headers - http-outgoing-1 >> Content-Length: 61
11:18:03.186 [Forwarding findElement on session a94e1aece77984ea7873a75a87be31fb to remote] DEBUG org.apache.http.headers - http-outgoing-1 >> Host: localhost:37445
11:18:03.186 [Forwarding findElement on session a94e1aece77984ea7873a75a87be31fb to remote] DEBUG org.apache.http.headers - http-outgoing-1 >> Connection: Keep-Alive
11:18:03.186 [Forwarding findElement on session a94e1aece77984ea7873a75a87be31fb to remote] DEBUG org.apache.http.headers - http-outgoing-1 >> User-Agent: Apache-HttpClient/4.5.3 (Java/1.8.0_211)
11:18:03.186 [Forwarding findElement on session a94e1aece77984ea7873a75a87be31fb to remote] DEBUG org.apache.http.headers - http-outgoing-1 >> Accept-Encoding: gzip,deflate
11:18:03.186 [Forwarding findElement on session a94e1aece77984ea7873a75a87be31fb to remote] DEBUG org.apache.http.wire - http-outgoing-1 >> "POST /session/a94e1aece77984ea7873a75a87be31fb/element HTTP/1.1[\r][\n]"
11:18:03.186 [Forwarding findElement on session a94e1aece77984ea7873a75a87be31fb to remote] DEBUG org.apache.http.wire - http-outgoing-1 >> "Content-Type: application/json; charset=utf-8[\r][\n]"
11:18:03.186 [Forwarding findElement on session a94e1aece77984ea7873a75a87be31fb to remote] DEBUG org.apache.http.wire - http-outgoing-1 >> "Content-Length: 61[\r][\n]"
11:18:03.186 [Forwarding findElement on session a94e1aece77984ea7873a75a87be31fb to remote] DEBUG org.apache.http.wire - http-outgoing-1 >> "Host: localhost:37445[\r][\n]"
11:18:03.186 [Forwarding findElement on session a94e1aece77984ea7873a75a87be31fb to remote] DEBUG org.apache.http.wire - http-outgoing-1 >> "Connection: Keep-Alive[\r][\n]"
11:18:03.186 [Forwarding findElement on session a94e1aece77984ea7873a75a87be31fb to remote] DEBUG org.apache.http.wire - http-outgoing-1 >> "User-Agent: Apache-HttpClient/4.5.3 (Java/1.8.0_211)[\r][\n]"
11:18:03.186 [Forwarding findElement on session a94e1aece77984ea7873a75a87be31fb to remote] DEBUG org.apache.http.wire - http-outgoing-1 >> "Accept-Encoding: gzip,deflate[\r][\n]"
11:18:03.186 [Forwarding findElement on session a94e1aece77984ea7873a75a87be31fb to remote] DEBUG org.apache.http.wire - http-outgoing-1 >> "[\r][\n]"
11:18:03.186 [Forwarding findElement on session a94e1aece77984ea7873a75a87be31fb to remote] DEBUG org.apache.http.wire - http-outgoing-1 >> "{"value":".justify-content-end > div","using":"css selector"}"
11:18:03.191 [Forwarding findElement on session a94e1aece77984ea7873a75a87be31fb to remote] DEBUG org.apache.http.wire - http-outgoing-1 << "HTTP/1.1 200 OK[\r][\n]"
11:18:03.191 [Forwarding findElement on session a94e1aece77984ea7873a75a87be31fb to remote] DEBUG org.apache.http.wire - http-outgoing-1 << "Content-Length:88[\r][\n]"
11:18:03.191 [Forwarding findElement on session a94e1aece77984ea7873a75a87be31fb to remote] DEBUG org.apache.http.wire - http-outgoing-1 << "Content-Type:application/json; charset=utf-8[\r][\n]"
11:18:03.191 [Forwarding findElement on session a94e1aece77984ea7873a75a87be31fb to remote] DEBUG org.apache.http.wire - http-outgoing-1 << "cache-control:no-cache[\r][\n]"
11:18:03.191 [Forwarding findElement on session a94e1aece77984ea7873a75a87be31fb to remote] DEBUG org.apache.http.wire - http-outgoing-1 << "[\r][\n]"
11:18:03.191 [Forwarding findElement on session a94e1aece77984ea7873a75a87be31fb to remote] DEBUG org.apache.http.wire - http-outgoing-1 << "{"value":{"element-6066-11e4-a52e-4f735466cecf":"b642132c-078b-4c33-b012-bee90c07189a"}}"
11:18:03.191 [Forwarding findElement on session a94e1aece77984ea7873a75a87be31fb to remote] DEBUG org.apache.http.headers - http-outgoing-1 << HTTP/1.1 200 OK
11:18:03.191 [Forwarding findElement on session a94e1aece77984ea7873a75a87be31fb to remote] DEBUG org.apache.http.headers - http-outgoing-1 << Content-Length:88
11:18:03.191 [Forwarding findElement on session a94e1aece77984ea7873a75a87be31fb to remote] DEBUG org.apache.http.headers - http-outgoing-1 << Content-Type:application/json; charset=utf-8
11:18:03.191 [Forwarding findElement on session a94e1aece77984ea7873a75a87be31fb to remote] DEBUG org.apache.http.headers - http-outgoing-1 << cache-control:no-cache
11:18:03.191 [Forwarding findElement on session a94e1aece77984ea7873a75a87be31fb to remote] DEBUG org.apache.http.impl.execchain.MainClientExec - Connection can be kept alive indefinitely
11:18:03.191 [Forwarding findElement on session a94e1aece77984ea7873a75a87be31fb to remote] DEBUG org.apache.http.impl.conn.PoolingHttpClientConnectionManager - Connection [id: 1][route: {}->http://localhost:37445] can be kept alive indefinitely
11:18:03.191 [Forwarding findElement on session a94e1aece77984ea7873a75a87be31fb to remote] DEBUG org.apache.http.impl.conn.PoolingHttpClientConnectionManager - Connection released: [id: 1][route: {}->http://localhost:37445][total kept alive: 2; route allocated: 1 of 2000; total allocated: 2 of 2000]
11:18:03.192 [Forwarding clickElement on session a94e1aece77984ea7873a75a87be31fb to remote] DEBUG org.apache.http.client.protocol.RequestAddCookies - CookieSpec selected: default
11:18:03.192 [Forwarding clickElement on session a94e1aece77984ea7873a75a87be31fb to remote] DEBUG org.apache.http.client.protocol.RequestAuthCache - Auth cache not set in the context
11:18:03.192 [Forwarding clickElement on session a94e1aece77984ea7873a75a87be31fb to remote] DEBUG org.apache.http.impl.conn.PoolingHttpClientConnectionManager - Connection request: [route: {}->http://localhost:37445][total kept alive: 2; route allocated: 1 of 2000; total allocated: 2 of 2000]
11:18:03.192 [Forwarding clickElement on session a94e1aece77984ea7873a75a87be31fb to remote] DEBUG org.apache.http.impl.conn.PoolingHttpClientConnectionManager - Connection leased: [id: 1][route: {}->http://localhost:37445][total kept alive: 1; route allocated: 1 of 2000; total allocated: 2 of 2000]
11:18:03.192 [Forwarding clickElement on session a94e1aece77984ea7873a75a87be31fb to remote] DEBUG org.apache.http.impl.execchain.MainClientExec - Stale connection check
11:18:03.194 [Forwarding clickElement on session a94e1aece77984ea7873a75a87be31fb to remote] DEBUG org.apache.http.wire - http-outgoing-1 << "[read] I/O error: Read timed out"
11:18:03.194 [Forwarding clickElement on session a94e1aece77984ea7873a75a87be31fb to remote] DEBUG org.apache.http.impl.conn.DefaultManagedHttpClientConnection - http-outgoing-1: set socket timeout to 10800000
11:18:03.194 [Forwarding clickElement on session a94e1aece77984ea7873a75a87be31fb to remote] DEBUG org.apache.http.impl.execchain.MainClientExec - Executing request POST /session/a94e1aece77984ea7873a75a87be31fb/element/b642132c-078b-4c33-b012-bee90c07189a/click HTTP/1.1
11:18:03.194 [Forwarding clickElement on session a94e1aece77984ea7873a75a87be31fb to remote] DEBUG org.apache.http.impl.execchain.MainClientExec - Target auth state: UNCHALLENGED
11:18:03.194 [Forwarding clickElement on session a94e1aece77984ea7873a75a87be31fb to remote] DEBUG org.apache.http.impl.execchain.MainClientExec - Proxy auth state: UNCHALLENGED
11:18:03.194 [Forwarding clickElement on session a94e1aece77984ea7873a75a87be31fb to remote] DEBUG org.apache.http.headers - http-outgoing-1 >> POST /session/a94e1aece77984ea7873a75a87be31fb/element/b642132c-078b-4c33-b012-bee90c07189a/click HTTP/1.1
11:18:03.194 [Forwarding clickElement on session a94e1aece77984ea7873a75a87be31fb to remote] DEBUG org.apache.http.headers - http-outgoing-1 >> Content-Type: application/json; charset=utf-8
11:18:03.194 [Forwarding clickElement on session a94e1aece77984ea7873a75a87be31fb to remote] DEBUG org.apache.http.headers - http-outgoing-1 >> Content-Length: 45
11:18:03.194 [Forwarding clickElement on session a94e1aece77984ea7873a75a87be31fb to remote] DEBUG org.apache.http.headers - http-outgoing-1 >> Host: localhost:37445
11:18:03.194 [Forwarding clickElement on session a94e1aece77984ea7873a75a87be31fb to remote] DEBUG org.apache.http.headers - http-outgoing-1 >> Connection: Keep-Alive
11:18:03.194 [Forwarding clickElement on session a94e1aece77984ea7873a75a87be31fb to remote] DEBUG org.apache.http.headers - http-outgoing-1 >> User-Agent: Apache-HttpClient/4.5.3 (Java/1.8.0_211)
11:18:03.194 [Forwarding clickElement on session a94e1aece77984ea7873a75a87be31fb to remote] DEBUG org.apache.http.headers - http-outgoing-1 >> Accept-Encoding: gzip,deflate
11:18:03.194 [Forwarding clickElement on session a94e1aece77984ea7873a75a87be31fb to remote] DEBUG org.apache.http.wire - http-outgoing-1 >> "POST /session/a94e1aece77984ea7873a75a87be31fb/element/b642132c-078b-4c33-b012-bee90c07189a/click HTTP/1.1[\r][\n]"
11:18:03.194 [Forwarding clickElement on session a94e1aece77984ea7873a75a87be31fb to remote] DEBUG org.apache.http.wire - http-outgoing-1 >> "Content-Type: application/json; charset=utf-8[\r][\n]"
11:18:03.194 [Forwarding clickElement on session a94e1aece77984ea7873a75a87be31fb to remote] DEBUG org.apache.http.wire - http-outgoing-1 >> "Content-Length: 45[\r][\n]"
11:18:03.194 [Forwarding clickElement on session a94e1aece77984ea7873a75a87be31fb to remote] DEBUG org.apache.http.wire - http-outgoing-1 >> "Host: localhost:37445[\r][\n]"
11:18:03.194 [Forwarding clickElement on session a94e1aece77984ea7873a75a87be31fb to remote] DEBUG org.apache.http.wire - http-outgoing-1 >> "Connection: Keep-Alive[\r][\n]"
11:18:03.194 [Forwarding clickElement on session a94e1aece77984ea7873a75a87be31fb to remote] DEBUG org.apache.http.wire - http-outgoing-1 >> "User-Agent: Apache-HttpClient/4.5.3 (Java/1.8.0_211)[\r][\n]"
11:18:03.194 [Forwarding clickElement on session a94e1aece77984ea7873a75a87be31fb to remote] DEBUG org.apache.http.wire - http-outgoing-1 >> "Accept-Encoding: gzip,deflate[\r][\n]"
11:18:03.194 [Forwarding clickElement on session a94e1aece77984ea7873a75a87be31fb to remote] DEBUG org.apache.http.wire - http-outgoing-1 >> "[\r][\n]"
11:18:03.194 [Forwarding clickElement on session a94e1aece77984ea7873a75a87be31fb to remote] DEBUG org.apache.http.wire - http-outgoing-1 >> "{"id":"b642132c-078b-4c33-b012-bee90c07189a"}"
11:18:03.289 [Forwarding clickElement on session a94e1aece77984ea7873a75a87be31fb to remote] DEBUG org.apache.http.wire - http-outgoing-1 << "HTTP/1.1 200 OK[\r][\n]"
11:18:03.289 [Forwarding clickElement on session a94e1aece77984ea7873a75a87be31fb to remote] DEBUG org.apache.http.wire - http-outgoing-1 << "Content-Length:14[\r][\n]"
11:18:03.289 [Forwarding clickElement on session a94e1aece77984ea7873a75a87be31fb to remote] DEBUG org.apache.http.wire - http-outgoing-1 << "Content-Type:application/json; charset=utf-8[\r][\n]"
11:18:03.289 [Forwarding clickElement on session a94e1aece77984ea7873a75a87be31fb to remote] DEBUG org.apache.http.wire - http-outgoing-1 << "cache-control:no-cache[\r][\n]"
11:18:03.289 [Forwarding clickElement on session a94e1aece77984ea7873a75a87be31fb to remote] DEBUG org.apache.http.wire - http-outgoing-1 << "[\r][\n]"
11:18:03.289 [Forwarding clickElement on session a94e1aece77984ea7873a75a87be31fb to remote] DEBUG org.apache.http.wire - http-outgoing-1 << "{"value":null}"
11:18:03.289 [Forwarding clickElement on session a94e1aece77984ea7873a75a87be31fb to remote] DEBUG org.apache.http.headers - http-outgoing-1 << HTTP/1.1 200 OK
11:18:03.289 [Forwarding clickElement on session a94e1aece77984ea7873a75a87be31fb to remote] DEBUG org.apache.http.headers - http-outgoing-1 << Content-Length:14
11:18:03.290 [Forwarding clickElement on session a94e1aece77984ea7873a75a87be31fb to remote] DEBUG org.apache.http.headers - http-outgoing-1 << Content-Type:application/json; charset=utf-8
11:18:03.290 [Forwarding clickElement on session a94e1aece77984ea7873a75a87be31fb to remote] DEBUG org.apache.http.headers - http-outgoing-1 << cache-control:no-cache
11:18:03.290 [Forwarding clickElement on session a94e1aece77984ea7873a75a87be31fb to remote] DEBUG org.apache.http.impl.execchain.MainClientExec - Connection can be kept alive indefinitely
11:18:03.290 [Forwarding clickElement on session a94e1aece77984ea7873a75a87be31fb to remote] DEBUG org.apache.http.impl.conn.PoolingHttpClientConnectionManager - Connection [id: 1][route: {}->http://localhost:37445] can be kept alive indefinitely
11:18:03.290 [Forwarding clickElement on session a94e1aece77984ea7873a75a87be31fb to remote] DEBUG org.apache.http.impl.conn.PoolingHttpClientConnectionManager - Connection released: [id: 1][route: {}->http://localhost:37445][total kept alive: 2; route allocated: 1 of 2000; total allocated: 2 of 2000]
11:18:03.291 [Forwarding findElement on session a94e1aece77984ea7873a75a87be31fb to remote] DEBUG org.apache.http.client.protocol.RequestAddCookies - CookieSpec selected: default
11:18:03.291 [Forwarding findElement on session a94e1aece77984ea7873a75a87be31fb to remote] DEBUG org.apache.http.client.protocol.RequestAuthCache - Auth cache not set in the context
11:18:03.291 [Forwarding findElement on session a94e1aece77984ea7873a75a87be31fb to remote] DEBUG org.apache.http.impl.conn.PoolingHttpClientConnectionManager - Connection request: [route: {}->http://localhost:37445][total kept alive: 2; route allocated: 1 of 2000; total allocated: 2 of 2000]
11:18:03.291 [Forwarding findElement on session a94e1aece77984ea7873a75a87be31fb to remote] DEBUG org.apache.http.impl.conn.PoolingHttpClientConnectionManager - Connection leased: [id: 1][route: {}->http://localhost:37445][total kept alive: 1; route allocated: 1 of 2000; total allocated: 2 of 2000]
11:18:03.291 [Forwarding findElement on session a94e1aece77984ea7873a75a87be31fb to remote] DEBUG org.apache.http.impl.execchain.MainClientExec - Stale connection check
11:18:03.292 [Forwarding findElement on session a94e1aece77984ea7873a75a87be31fb to remote] DEBUG org.apache.http.wire - http-outgoing-1 << "[read] I/O error: Read timed out"
11:18:03.292 [Forwarding findElement on session a94e1aece77984ea7873a75a87be31fb to remote] DEBUG org.apache.http.impl.conn.DefaultManagedHttpClientConnection - http-outgoing-1: set socket timeout to 10800000
11:18:03.292 [Forwarding findElement on session a94e1aece77984ea7873a75a87be31fb to remote] DEBUG org.apache.http.impl.execchain.MainClientExec - Executing request POST /session/a94e1aece77984ea7873a75a87be31fb/element HTTP/1.1
11:18:03.292 [Forwarding findElement on session a94e1aece77984ea7873a75a87be31fb to remote] DEBUG org.apache.http.impl.execchain.MainClientExec - Target auth state: UNCHALLENGED
11:18:03.292 [Forwarding findElement on session a94e1aece77984ea7873a75a87be31fb to remote] DEBUG org.apache.http.impl.execchain.MainClientExec - Proxy auth state: UNCHALLENGED
11:18:03.292 [Forwarding findElement on session a94e1aece77984ea7873a75a87be31fb to remote] DEBUG org.apache.http.headers - http-outgoing-1 >> POST /session/a94e1aece77984ea7873a75a87be31fb/element HTTP/1.1
11:18:03.292 [Forwarding findElement on session a94e1aece77984ea7873a75a87be31fb to remote] DEBUG org.apache.http.headers - http-outgoing-1 >> Content-Type: application/json; charset=utf-8
11:18:03.292 [Forwarding findElement on session a94e1aece77984ea7873a75a87be31fb to remote] DEBUG org.apache.http.headers - http-outgoing-1 >> Content-Length: 53
11:18:03.292 [Forwarding findElement on session a94e1aece77984ea7873a75a87be31fb to remote] DEBUG org.apache.http.headers - http-outgoing-1 >> Host: localhost:37445
11:18:03.292 [Forwarding findElement on session a94e1aece77984ea7873a75a87be31fb to remote] DEBUG org.apache.http.headers - http-outgoing-1 >> Connection: Keep-Alive
11:18:03.292 [Forwarding findElement on session a94e1aece77984ea7873a75a87be31fb to remote] DEBUG org.apache.http.headers - http-outgoing-1 >> User-Agent: Apache-HttpClient/4.5.3 (Java/1.8.0_211)
11:18:03.292 [Forwarding findElement on session a94e1aece77984ea7873a75a87be31fb to remote] DEBUG org.apache.http.headers - http-outgoing-1 >> Accept-Encoding: gzip,deflate
11:18:03.292 [Forwarding findElement on session a94e1aece77984ea7873a75a87be31fb to remote] DEBUG org.apache.http.wire - http-outgoing-1 >> "POST /session/a94e1aece77984ea7873a75a87be31fb/element HTTP/1.1[\r][\n]"
11:18:03.292 [Forwarding findElement on session a94e1aece77984ea7873a75a87be31fb to remote] DEBUG org.apache.http.wire - http-outgoing-1 >> "Content-Type: application/json; charset=utf-8[\r][\n]"
11:18:03.292 [Forwarding findElement on session a94e1aece77984ea7873a75a87be31fb to remote] DEBUG org.apache.http.wire - http-outgoing-1 >> "Content-Length: 53[\r][\n]"
11:18:03.292 [Forwarding findElement on session a94e1aece77984ea7873a75a87be31fb to remote] DEBUG org.apache.http.wire - http-outgoing-1 >> "Host: localhost:37445[\r][\n]"
11:18:03.292 [Forwarding findElement on session a94e1aece77984ea7873a75a87be31fb to remote] DEBUG org.apache.http.wire - http-outgoing-1 >> "Connection: Keep-Alive[\r][\n]"
11:18:03.292 [Forwarding findElement on session a94e1aece77984ea7873a75a87be31fb to remote] DEBUG org.apache.http.wire - http-outgoing-1 >> "User-Agent: Apache-HttpClient/4.5.3 (Java/1.8.0_211)[\r][\n]"
11:18:03.292 [Forwarding findElement on session a94e1aece77984ea7873a75a87be31fb to remote] DEBUG org.apache.http.wire - http-outgoing-1 >> "Accept-Encoding: gzip,deflate[\r][\n]"
11:18:03.292 [Forwarding findElement on session a94e1aece77984ea7873a75a87be31fb to remote] DEBUG org.apache.http.wire - http-outgoing-1 >> "[\r][\n]"
11:18:03.292 [Forwarding findElement on session a94e1aece77984ea7873a75a87be31fb to remote] DEBUG org.apache.http.wire - http-outgoing-1 >> "{"value":"span > .d-flex div","using":"css selector"}"
11:18:03.524 [Forwarding findElement on session a94e1aece77984ea7873a75a87be31fb to remote] DEBUG org.apache.http.wire - http-outgoing-1 << "HTTP/1.1 200 OK[\r][\n]"
11:18:03.524 [Forwarding findElement on session a94e1aece77984ea7873a75a87be31fb to remote] DEBUG org.apache.http.wire - http-outgoing-1 << "Content-Length:88[\r][\n]"
11:18:03.524 [Forwarding findElement on session a94e1aece77984ea7873a75a87be31fb to remote] DEBUG org.apache.http.wire - http-outgoing-1 << "Content-Type:application/json; charset=utf-8[\r][\n]"
11:18:03.524 [Forwarding findElement on session a94e1aece77984ea7873a75a87be31fb to remote] DEBUG org.apache.http.wire - http-outgoing-1 << "cache-control:no-cache[\r][\n]"
11:18:03.524 [Forwarding findElement on session a94e1aece77984ea7873a75a87be31fb to remote] DEBUG org.apache.http.wire - http-outgoing-1 << "[\r][\n]"
11:18:03.525 [Forwarding findElement on session a94e1aece77984ea7873a75a87be31fb to remote] DEBUG org.apache.http.wire - http-outgoing-1 << "{"value":{"element-6066-11e4-a52e-4f735466cecf":"358ad33a-6288-4200-acda-af49ff9e5f1c"}}"
11:18:03.525 [Forwarding findElement on session a94e1aece77984ea7873a75a87be31fb to remote] DEBUG org.apache.http.headers - http-outgoing-1 << HTTP/1.1 200 OK
11:18:03.525 [Forwarding findElement on session a94e1aece77984ea7873a75a87be31fb to remote] DEBUG org.apache.http.headers - http-outgoing-1 << Content-Length:88
11:18:03.525 [Forwarding findElement on session a94e1aece77984ea7873a75a87be31fb to remote] DEBUG org.apache.http.headers - http-outgoing-1 << Content-Type:application/json; charset=utf-8
11:18:03.525 [Forwarding findElement on session a94e1aece77984ea7873a75a87be31fb to remote] DEBUG org.apache.http.headers - http-outgoing-1 << cache-control:no-cache
11:18:03.525 [Forwarding findElement on session a94e1aece77984ea7873a75a87be31fb to remote] DEBUG org.apache.http.impl.execchain.MainClientExec - Connection can be kept alive indefinitely
11:18:03.525 [Forwarding findElement on session a94e1aece77984ea7873a75a87be31fb to remote] DEBUG org.apache.http.impl.conn.PoolingHttpClientConnectionManager - Connection [id: 1][route: {}->http://localhost:37445] can be kept alive indefinitely
11:18:03.525 [Forwarding findElement on session a94e1aece77984ea7873a75a87be31fb to remote] DEBUG org.apache.http.impl.conn.PoolingHttpClientConnectionManager - Connection released: [id: 1][route: {}->http://localhost:37445][total kept alive: 2; route allocated: 1 of 2000; total allocated: 2 of 2000]
11:18:03.526 [Forwarding getElementText on session a94e1aece77984ea7873a75a87be31fb to remote] DEBUG org.apache.http.client.protocol.RequestAddCookies - CookieSpec selected: default
11:18:03.526 [Forwarding getElementText on session a94e1aece77984ea7873a75a87be31fb to remote] DEBUG org.apache.http.client.protocol.RequestAuthCache - Auth cache not set in the context
11:18:03.526 [Forwarding getElementText on session a94e1aece77984ea7873a75a87be31fb to remote] DEBUG org.apache.http.impl.conn.PoolingHttpClientConnectionManager - Connection request: [route: {}->http://localhost:37445][total kept alive: 2; route allocated: 1 of 2000; total allocated: 2 of 2000]
11:18:03.526 [Forwarding getElementText on session a94e1aece77984ea7873a75a87be31fb to remote] DEBUG org.apache.http.impl.conn.PoolingHttpClientConnectionManager - Connection leased: [id: 1][route: {}->http://localhost:37445][total kept alive: 1; route allocated: 1 of 2000; total allocated: 2 of 2000]
11:18:03.526 [Forwarding getElementText on session a94e1aece77984ea7873a75a87be31fb to remote] DEBUG org.apache.http.impl.execchain.MainClientExec - Stale connection check
11:18:03.527 [Forwarding getElementText on session a94e1aece77984ea7873a75a87be31fb to remote] DEBUG org.apache.http.wire - http-outgoing-1 << "[read] I/O error: Read timed out"
11:18:03.527 [Forwarding getElementText on session a94e1aece77984ea7873a75a87be31fb to remote] DEBUG org.apache.http.impl.conn.DefaultManagedHttpClientConnection - http-outgoing-1: set socket timeout to 10800000
11:18:03.527 [Forwarding getElementText on session a94e1aece77984ea7873a75a87be31fb to remote] DEBUG org.apache.http.impl.execchain.MainClientExec - Executing request GET /session/a94e1aece77984ea7873a75a87be31fb/element/358ad33a-6288-4200-acda-af49ff9e5f1c/text HTTP/1.1
11:18:03.527 [Forwarding getElementText on session a94e1aece77984ea7873a75a87be31fb to remote] DEBUG org.apache.http.impl.execchain.MainClientExec - Target auth state: UNCHALLENGED
11:18:03.527 [Forwarding getElementText on session a94e1aece77984ea7873a75a87be31fb to remote] DEBUG org.apache.http.impl.execchain.MainClientExec - Proxy auth state: UNCHALLENGED
11:18:03.527 [Forwarding getElementText on session a94e1aece77984ea7873a75a87be31fb to remote] DEBUG org.apache.http.headers - http-outgoing-1 >> GET /session/a94e1aece77984ea7873a75a87be31fb/element/358ad33a-6288-4200-acda-af49ff9e5f1c/text HTTP/1.1
11:18:03.527 [Forwarding getElementText on session a94e1aece77984ea7873a75a87be31fb to remote] DEBUG org.apache.http.headers - http-outgoing-1 >> Cache-Control: no-cache
11:18:03.527 [Forwarding getElementText on session a94e1aece77984ea7873a75a87be31fb to remote] DEBUG org.apache.http.headers - http-outgoing-1 >> Host: localhost:37445
11:18:03.527 [Forwarding getElementText on session a94e1aece77984ea7873a75a87be31fb to remote] DEBUG org.apache.http.headers - http-outgoing-1 >> Connection: Keep-Alive
11:18:03.527 [Forwarding getElementText on session a94e1aece77984ea7873a75a87be31fb to remote] DEBUG org.apache.http.headers - http-outgoing-1 >> User-Agent: Apache-HttpClient/4.5.3 (Java/1.8.0_211)
11:18:03.527 [Forwarding getElementText on session a94e1aece77984ea7873a75a87be31fb to remote] DEBUG org.apache.http.headers - http-outgoing-1 >> Accept-Encoding: gzip,deflate
11:18:03.527 [Forwarding getElementText on session a94e1aece77984ea7873a75a87be31fb to remote] DEBUG org.apache.http.wire - http-outgoing-1 >> "GET /session/a94e1aece77984ea7873a75a87be31fb/element/358ad33a-6288-4200-acda-af49ff9e5f1c/text HTTP/1.1[\r][\n]"
11:18:03.527 [Forwarding getElementText on session a94e1aece77984ea7873a75a87be31fb to remote] DEBUG org.apache.http.wire - http-outgoing-1 >> "Cache-Control: no-cache[\r][\n]"
11:18:03.527 [Forwarding getElementText on session a94e1aece77984ea7873a75a87be31fb to remote] DEBUG org.apache.http.wire - http-outgoing-1 >> "Host: localhost:37445[\r][\n]"
11:18:03.527 [Forwarding getElementText on session a94e1aece77984ea7873a75a87be31fb to remote] DEBUG org.apache.http.wire - http-outgoing-1 >> "Connection: Keep-Alive[\r][\n]"
11:18:03.527 [Forwarding getElementText on session a94e1aece77984ea7873a75a87be31fb to remote] DEBUG org.apache.http.wire - http-outgoing-1 >> "User-Agent: Apache-HttpClient/4.5.3 (Java/1.8.0_211)[\r][\n]"
11:18:03.527 [Forwarding getElementText on session a94e1aece77984ea7873a75a87be31fb to remote] DEBUG org.apache.http.wire - http-outgoing-1 >> "Accept-Encoding: gzip,deflate[\r][\n]"
11:18:03.527 [Forwarding getElementText on session a94e1aece77984ea7873a75a87be31fb to remote] DEBUG org.apache.http.wire - http-outgoing-1 >> "[\r][\n]"
11:18:03.535 [Forwarding getElementText on session a94e1aece77984ea7873a75a87be31fb to remote] DEBUG org.apache.http.wire - http-outgoing-1 << "HTTP/1.1 200 OK[\r][\n]"
11:18:03.535 [Forwarding getElementText on session a94e1aece77984ea7873a75a87be31fb to remote] DEBUG org.apache.http.wire - http-outgoing-1 << "Content-Length:46[\r][\n]"
11:18:03.535 [Forwarding getElementText on session a94e1aece77984ea7873a75a87be31fb to remote] DEBUG org.apache.http.wire - http-outgoing-1 << "Content-Type:application/json; charset=utf-8[\r][\n]"
11:18:03.535 [Forwarding getElementText on session a94e1aece77984ea7873a75a87be31fb to remote] DEBUG org.apache.http.wire - http-outgoing-1 << "cache-control:no-cache[\r][\n]"
11:18:03.535 [Forwarding getElementText on session a94e1aece77984ea7873a75a87be31fb to remote] DEBUG org.apache.http.wire - http-outgoing-1 << "[\r][\n]"
11:18:03.535 [Forwarding getElementText on session a94e1aece77984ea7873a75a87be31fb to remote] DEBUG org.apache.http.wire - http-outgoing-1 << "{"value":"TN2jfdYCX9vvozqjwVvPjMd7vRj8HKyxUe"}"
11:18:03.535 [Forwarding getElementText on session a94e1aece77984ea7873a75a87be31fb to remote] DEBUG org.apache.http.headers - http-outgoing-1 << HTTP/1.1 200 OK
11:18:03.535 [Forwarding getElementText on session a94e1aece77984ea7873a75a87be31fb to remote] DEBUG org.apache.http.headers - http-outgoing-1 << Content-Length:46
11:18:03.535 [Forwarding getElementText on session a94e1aece77984ea7873a75a87be31fb to remote] DEBUG org.apache.http.headers - http-outgoing-1 << Content-Type:application/json; charset=utf-8
11:18:03.535 [Forwarding getElementText on session a94e1aece77984ea7873a75a87be31fb to remote] DEBUG org.apache.http.headers - http-outgoing-1 << cache-control:no-cache
11:18:03.535 [Forwarding getElementText on session a94e1aece77984ea7873a75a87be31fb to remote] DEBUG org.apache.http.impl.execchain.MainClientExec - Connection can be kept alive indefinitely
11:18:03.535 [Forwarding getElementText on session a94e1aece77984ea7873a75a87be31fb to remote] DEBUG org.apache.http.impl.conn.PoolingHttpClientConnectionManager - Connection [id: 1][route: {}->http://localhost:37445] can be kept alive indefinitely
11:18:03.535 [Forwarding getElementText on session a94e1aece77984ea7873a75a87be31fb to remote] DEBUG org.apache.http.impl.conn.PoolingHttpClientConnectionManager - Connection released: [id: 1][route: {}->http://localhost:37445][total kept alive: 2; route allocated: 1 of 2000; total allocated: 2 of 2000]
11:18:03.740 [Forwarding findElement on session a94e1aece77984ea7873a75a87be31fb to remote] DEBUG org.apache.http.client.protocol.RequestAddCookies - CookieSpec selected: default
11:18:03.740 [Forwarding findElement on session a94e1aece77984ea7873a75a87be31fb to remote] DEBUG org.apache.http.client.protocol.RequestAuthCache - Auth cache not set in the context
11:18:03.740 [Forwarding findElement on session a94e1aece77984ea7873a75a87be31fb to remote] DEBUG org.apache.http.impl.conn.PoolingHttpClientConnectionManager - Connection request: [route: {}->http://localhost:37445][total kept alive: 2; route allocated: 1 of 2000; total allocated: 2 of 2000]
11:18:03.740 [Forwarding findElement on session a94e1aece77984ea7873a75a87be31fb to remote] DEBUG org.apache.http.impl.conn.PoolingHttpClientConnectionManager - Connection leased: [id: 1][route: {}->http://localhost:37445][total kept alive: 1; route allocated: 1 of 2000; total allocated: 2 of 2000]
11:18:03.740 [Forwarding findElement on session a94e1aece77984ea7873a75a87be31fb to remote] DEBUG org.apache.http.impl.execchain.MainClientExec - Stale connection check
11:18:03.741 [Forwarding findElement on session a94e1aece77984ea7873a75a87be31fb to remote] DEBUG org.apache.http.wire - http-outgoing-1 << "[read] I/O error: Read timed out"
11:18:03.741 [Forwarding findElement on session a94e1aece77984ea7873a75a87be31fb to remote] DEBUG org.apache.http.impl.conn.DefaultManagedHttpClientConnection - http-outgoing-1: set socket timeout to 10800000
11:18:03.741 [Forwarding findElement on session a94e1aece77984ea7873a75a87be31fb to remote] DEBUG org.apache.http.impl.execchain.MainClientExec - Executing request POST /session/a94e1aece77984ea7873a75a87be31fb/element HTTP/1.1
11:18:03.741 [Forwarding findElement on session a94e1aece77984ea7873a75a87be31fb to remote] DEBUG org.apache.http.impl.execchain.MainClientExec - Target auth state: UNCHALLENGED
11:18:03.741 [Forwarding findElement on session a94e1aece77984ea7873a75a87be31fb to remote] DEBUG org.apache.http.impl.execchain.MainClientExec - Proxy auth state: UNCHALLENGED
11:18:03.741 [Forwarding findElement on session a94e1aece77984ea7873a75a87be31fb to remote] DEBUG org.apache.http.headers - http-outgoing-1 >> POST /session/a94e1aece77984ea7873a75a87be31fb/element HTTP/1.1
11:18:03.741 [Forwarding findElement on session a94e1aece77984ea7873a75a87be31fb to remote] DEBUG org.apache.http.headers - http-outgoing-1 >> Content-Type: application/json; charset=utf-8
11:18:03.741 [Forwarding findElement on session a94e1aece77984ea7873a75a87be31fb to remote] DEBUG org.apache.http.headers - http-outgoing-1 >> Content-Length: 58
11:18:03.741 [Forwarding findElement on session a94e1aece77984ea7873a75a87be31fb to remote] DEBUG org.apache.http.headers - http-outgoing-1 >> Host: localhost:37445
11:18:03.741 [Forwarding findElement on session a94e1aece77984ea7873a75a87be31fb to remote] DEBUG org.apache.http.headers - http-outgoing-1 >> Connection: Keep-Alive
11:18:03.741 [Forwarding findElement on session a94e1aece77984ea7873a75a87be31fb to remote] DEBUG org.apache.http.headers - http-outgoing-1 >> User-Agent: Apache-HttpClient/4.5.3 (Java/1.8.0_211)
11:18:03.741 [Forwarding findElement on session a94e1aece77984ea7873a75a87be31fb to remote] DEBUG org.apache.http.headers - http-outgoing-1 >> Accept-Encoding: gzip,deflate
11:18:03.742 [Forwarding findElement on session a94e1aece77984ea7873a75a87be31fb to remote] DEBUG org.apache.http.wire - http-outgoing-1 >> "POST /session/a94e1aece77984ea7873a75a87be31fb/element HTTP/1.1[\r][\n]"
11:18:03.742 [Forwarding findElement on session a94e1aece77984ea7873a75a87be31fb to remote] DEBUG org.apache.http.wire - http-outgoing-1 >> "Content-Type: application/json; charset=utf-8[\r][\n]"
11:18:03.742 [Forwarding findElement on session a94e1aece77984ea7873a75a87be31fb to remote] DEBUG org.apache.http.wire - http-outgoing-1 >> "Content-Length: 58[\r][\n]"
11:18:03.742 [Forwarding findElement on session a94e1aece77984ea7873a75a87be31fb to remote] DEBUG org.apache.http.wire - http-outgoing-1 >> "Host: localhost:37445[\r][\n]"
11:18:03.742 [Forwarding findElement on session a94e1aece77984ea7873a75a87be31fb to remote] DEBUG org.apache.http.wire - http-outgoing-1 >> "Connection: Keep-Alive[\r][\n]"
11:18:03.742 [Forwarding findElement on session a94e1aece77984ea7873a75a87be31fb to remote] DEBUG org.apache.http.wire - http-outgoing-1 >> "User-Agent: Apache-HttpClient/4.5.3 (Java/1.8.0_211)[\r][\n]"
11:18:03.742 [Forwarding findElement on session a94e1aece77984ea7873a75a87be31fb to remote] DEBUG org.apache.http.wire - http-outgoing-1 >> "Accept-Encoding: gzip,deflate[\r][\n]"
11:18:03.742 [Forwarding findElement on session a94e1aece77984ea7873a75a87be31fb to remote] DEBUG org.apache.http.wire - http-outgoing-1 >> "[\r][\n]"
11:18:03.742 [Forwarding findElement on session a94e1aece77984ea7873a75a87be31fb to remote] DEBUG org.apache.http.wire - http-outgoing-1 >> "{"value":".dropdown-toggle > span","using":"css selector"}"
11:18:03.746 [Forwarding findElement on session a94e1aece77984ea7873a75a87be31fb to remote] DEBUG org.apache.http.wire - http-outgoing-1 << "HTTP/1.1 200 OK[\r][\n]"
11:18:03.746 [Forwarding findElement on session a94e1aece77984ea7873a75a87be31fb to remote] DEBUG org.apache.http.wire - http-outgoing-1 << "Content-Length:88[\r][\n]"
11:18:03.746 [Forwarding findElement on session a94e1aece77984ea7873a75a87be31fb to remote] DEBUG org.apache.http.wire - http-outgoing-1 << "Content-Type:application/json; charset=utf-8[\r][\n]"
11:18:03.746 [Forwarding findElement on session a94e1aece77984ea7873a75a87be31fb to remote] DEBUG org.apache.http.wire - http-outgoing-1 << "cache-control:no-cache[\r][\n]"
11:18:03.746 [Forwarding findElement on session a94e1aece77984ea7873a75a87be31fb to remote] DEBUG org.apache.http.wire - http-outgoing-1 << "[\r][\n]"
11:18:03.746 [Forwarding findElement on session a94e1aece77984ea7873a75a87be31fb to remote] DEBUG org.apache.http.wire - http-outgoing-1 << "{"value":{"element-6066-11e4-a52e-4f735466cecf":"5e3083d1-91a0-4b69-be65-67761a505e96"}}"
11:18:03.746 [Forwarding findElement on session a94e1aece77984ea7873a75a87be31fb to remote] DEBUG org.apache.http.headers - http-outgoing-1 << HTTP/1.1 200 OK
11:18:03.746 [Forwarding findElement on session a94e1aece77984ea7873a75a87be31fb to remote] DEBUG org.apache.http.headers - http-outgoing-1 << Content-Length:88
11:18:03.746 [Forwarding findElement on session a94e1aece77984ea7873a75a87be31fb to remote] DEBUG org.apache.http.headers - http-outgoing-1 << Content-Type:application/json; charset=utf-8
11:18:03.746 [Forwarding findElement on session a94e1aece77984ea7873a75a87be31fb to remote] DEBUG org.apache.http.headers - http-outgoing-1 << cache-control:no-cache
11:18:03.746 [Forwarding findElement on session a94e1aece77984ea7873a75a87be31fb to remote] DEBUG org.apache.http.impl.execchain.MainClientExec - Connection can be kept alive indefinitely
11:18:03.747 [Forwarding findElement on session a94e1aece77984ea7873a75a87be31fb to remote] DEBUG org.apache.http.impl.conn.PoolingHttpClientConnectionManager - Connection [id: 1][route: {}->http://localhost:37445] can be kept alive indefinitely
11:18:03.747 [Forwarding findElement on session a94e1aece77984ea7873a75a87be31fb to remote] DEBUG org.apache.http.impl.conn.PoolingHttpClientConnectionManager - Connection released: [id: 1][route: {}->http://localhost:37445][total kept alive: 2; route allocated: 1 of 2000; total allocated: 2 of 2000]
11:18:03.747 [Forwarding actions on session a94e1aece77984ea7873a75a87be31fb to remote] DEBUG org.apache.http.client.protocol.RequestAddCookies - CookieSpec selected: default
11:18:03.748 [Forwarding actions on session a94e1aece77984ea7873a75a87be31fb to remote] DEBUG org.apache.http.client.protocol.RequestAuthCache - Auth cache not set in the context
11:18:03.748 [Forwarding actions on session a94e1aece77984ea7873a75a87be31fb to remote] DEBUG org.apache.http.impl.conn.PoolingHttpClientConnectionManager - Connection request: [route: {}->http://localhost:37445][total kept alive: 2; route allocated: 1 of 2000; total allocated: 2 of 2000]
11:18:03.748 [Forwarding actions on session a94e1aece77984ea7873a75a87be31fb to remote] DEBUG org.apache.http.impl.conn.PoolingHttpClientConnectionManager - Connection leased: [id: 1][route: {}->http://localhost:37445][total kept alive: 1; route allocated: 1 of 2000; total allocated: 2 of 2000]
11:18:03.748 [Forwarding actions on session a94e1aece77984ea7873a75a87be31fb to remote] DEBUG org.apache.http.impl.execchain.MainClientExec - Stale connection check
11:18:03.749 [Forwarding actions on session a94e1aece77984ea7873a75a87be31fb to remote] DEBUG org.apache.http.wire - http-outgoing-1 << "[read] I/O error: Read timed out"
11:18:03.749 [Forwarding actions on session a94e1aece77984ea7873a75a87be31fb to remote] DEBUG org.apache.http.impl.conn.DefaultManagedHttpClientConnection - http-outgoing-1: set socket timeout to 10800000
11:18:03.749 [Forwarding actions on session a94e1aece77984ea7873a75a87be31fb to remote] DEBUG org.apache.http.impl.execchain.MainClientExec - Executing request POST /session/a94e1aece77984ea7873a75a87be31fb/actions HTTP/1.1
11:18:03.749 [Forwarding actions on session a94e1aece77984ea7873a75a87be31fb to remote] DEBUG org.apache.http.impl.execchain.MainClientExec - Target auth state: UNCHALLENGED
11:18:03.749 [Forwarding actions on session a94e1aece77984ea7873a75a87be31fb to remote] DEBUG org.apache.http.impl.execchain.MainClientExec - Proxy auth state: UNCHALLENGED
11:18:03.749 [Forwarding actions on session a94e1aece77984ea7873a75a87be31fb to remote] DEBUG org.apache.http.headers - http-outgoing-1 >> POST /session/a94e1aece77984ea7873a75a87be31fb/actions HTTP/1.1
11:18:03.749 [Forwarding actions on session a94e1aece77984ea7873a75a87be31fb to remote] DEBUG org.apache.http.headers - http-outgoing-1 >> Content-Type: application/json; charset=utf-8
11:18:03.749 [Forwarding actions on session a94e1aece77984ea7873a75a87be31fb to remote] DEBUG org.apache.http.headers - http-outgoing-1 >> Content-Length: 289
11:18:03.749 [Forwarding actions on session a94e1aece77984ea7873a75a87be31fb to remote] DEBUG org.apache.http.headers - http-outgoing-1 >> Host: localhost:37445
11:18:03.749 [Forwarding actions on session a94e1aece77984ea7873a75a87be31fb to remote] DEBUG org.apache.http.headers - http-outgoing-1 >> Connection: Keep-Alive
11:18:03.749 [Forwarding actions on session a94e1aece77984ea7873a75a87be31fb to remote] DEBUG org.apache.http.headers - http-outgoing-1 >> User-Agent: Apache-HttpClient/4.5.3 (Java/1.8.0_211)
11:18:03.749 [Forwarding actions on session a94e1aece77984ea7873a75a87be31fb to remote] DEBUG org.apache.http.headers - http-outgoing-1 >> Accept-Encoding: gzip,deflate
11:18:03.749 [Forwarding actions on session a94e1aece77984ea7873a75a87be31fb to remote] DEBUG org.apache.http.wire - http-outgoing-1 >> "POST /session/a94e1aece77984ea7873a75a87be31fb/actions HTTP/1.1[\r][\n]"
11:18:03.749 [Forwarding actions on session a94e1aece77984ea7873a75a87be31fb to remote] DEBUG org.apache.http.wire - http-outgoing-1 >> "Content-Type: application/json; charset=utf-8[\r][\n]"
11:18:03.749 [Forwarding actions on session a94e1aece77984ea7873a75a87be31fb to remote] DEBUG org.apache.http.wire - http-outgoing-1 >> "Content-Length: 289[\r][\n]"
11:18:03.749 [Forwarding actions on session a94e1aece77984ea7873a75a87be31fb to remote] DEBUG org.apache.http.wire - http-outgoing-1 >> "Host: localhost:37445[\r][\n]"
11:18:03.749 [Forwarding actions on session a94e1aece77984ea7873a75a87be31fb to remote] DEBUG org.apache.http.wire - http-outgoing-1 >> "Connection: Keep-Alive[\r][\n]"
11:18:03.749 [Forwarding actions on session a94e1aece77984ea7873a75a87be31fb to remote] DEBUG org.apache.http.wire - http-outgoing-1 >> "User-Agent: Apache-HttpClient/4.5.3 (Java/1.8.0_211)[\r][\n]"
11:18:03.749 [Forwarding actions on session a94e1aece77984ea7873a75a87be31fb to remote] DEBUG org.apache.http.wire - http-outgoing-1 >> "Accept-Encoding: gzip,deflate[\r][\n]"
11:18:03.749 [Forwarding actions on session a94e1aece77984ea7873a75a87be31fb to remote] DEBUG org.apache.http.wire - http-outgoing-1 >> "[\r][\n]"
11:18:03.749 [Forwarding actions on session a94e1aece77984ea7873a75a87be31fb to remote] DEBUG org.apache.http.wire - http-outgoing-1 >> "{"actions":[{"id":"default mouse","type":"pointer","parameters":{"pointerType":"mouse"},"actions":[{"duration":100,"x":0,"y":0,"type":"pointerMove","origin":{"ELEMENT":"5e3083d1-91a0-4b69-be65-67761a505e96","element-6066-11e4-a52e-4f735466cecf":"5e3083d1-91a0-4b69-be65-67761a505e96"}}]}]}"
11:18:03.864 [Forwarding actions on session a94e1aece77984ea7873a75a87be31fb to remote] DEBUG org.apache.http.wire - http-outgoing-1 << "HTTP/1.1 200 OK[\r][\n]"
11:18:03.865 [Forwarding actions on session a94e1aece77984ea7873a75a87be31fb to remote] DEBUG org.apache.http.wire - http-outgoing-1 << "Content-Length:14[\r][\n]"
11:18:03.865 [Forwarding actions on session a94e1aece77984ea7873a75a87be31fb to remote] DEBUG org.apache.http.wire - http-outgoing-1 << "Content-Type:application/json; charset=utf-8[\r][\n]"
11:18:03.865 [Forwarding actions on session a94e1aece77984ea7873a75a87be31fb to remote] DEBUG org.apache.http.wire - http-outgoing-1 << "cache-control:no-cache[\r][\n]"
11:18:03.865 [Forwarding actions on session a94e1aece77984ea7873a75a87be31fb to remote] DEBUG org.apache.http.wire - http-outgoing-1 << "[\r][\n]"
11:18:03.865 [Forwarding actions on session a94e1aece77984ea7873a75a87be31fb to remote] DEBUG org.apache.http.wire - http-outgoing-1 << "{"value":null}"
11:18:03.865 [Forwarding actions on session a94e1aece77984ea7873a75a87be31fb to remote] DEBUG org.apache.http.headers - http-outgoing-1 << HTTP/1.1 200 OK
11:18:03.865 [Forwarding actions on session a94e1aece77984ea7873a75a87be31fb to remote] DEBUG org.apache.http.headers - http-outgoing-1 << Content-Length:14
11:18:03.865 [Forwarding actions on session a94e1aece77984ea7873a75a87be31fb to remote] DEBUG org.apache.http.headers - http-outgoing-1 << Content-Type:application/json; charset=utf-8
11:18:03.865 [Forwarding actions on session a94e1aece77984ea7873a75a87be31fb to remote] DEBUG org.apache.http.headers - http-outgoing-1 << cache-control:no-cache
11:18:03.865 [Forwarding actions on session a94e1aece77984ea7873a75a87be31fb to remote] DEBUG org.apache.http.impl.execchain.MainClientExec - Connection can be kept alive indefinitely
11:18:03.865 [Forwarding actions on session a94e1aece77984ea7873a75a87be31fb to remote] DEBUG org.apache.http.impl.conn.PoolingHttpClientConnectionManager - Connection [id: 1][route: {}->http://localhost:37445] can be kept alive indefinitely
11:18:03.865 [Forwarding actions on session a94e1aece77984ea7873a75a87be31fb to remote] DEBUG org.apache.http.impl.conn.PoolingHttpClientConnectionManager - Connection released: [id: 1][route: {}->http://localhost:37445][total kept alive: 2; route allocated: 1 of 2000; total allocated: 2 of 2000]
11:18:04.072 [Forwarding findElement on session a94e1aece77984ea7873a75a87be31fb to remote] DEBUG org.apache.http.client.protocol.RequestAddCookies - CookieSpec selected: default
11:18:04.072 [Forwarding findElement on session a94e1aece77984ea7873a75a87be31fb to remote] DEBUG org.apache.http.client.protocol.RequestAuthCache - Auth cache not set in the context
11:18:04.072 [Forwarding findElement on session a94e1aece77984ea7873a75a87be31fb to remote] DEBUG org.apache.http.impl.conn.PoolingHttpClientConnectionManager - Connection request: [route: {}->http://localhost:37445][total kept alive: 2; route allocated: 1 of 2000; total allocated: 2 of 2000]
11:18:04.072 [Forwarding findElement on session a94e1aece77984ea7873a75a87be31fb to remote] DEBUG org.apache.http.impl.conn.PoolingHttpClientConnectionManager - Connection leased: [id: 1][route: {}->http://localhost:37445][total kept alive: 1; route allocated: 1 of 2000; total allocated: 2 of 2000]
11:18:04.072 [Forwarding findElement on session a94e1aece77984ea7873a75a87be31fb to remote] DEBUG org.apache.http.impl.execchain.MainClientExec - Stale connection check
11:18:04.073 [Forwarding findElement on session a94e1aece77984ea7873a75a87be31fb to remote] DEBUG org.apache.http.wire - http-outgoing-1 << "[read] I/O error: Read timed out"
11:18:04.073 [Forwarding findElement on session a94e1aece77984ea7873a75a87be31fb to remote] DEBUG org.apache.http.impl.conn.DefaultManagedHttpClientConnection - http-outgoing-1: set socket timeout to 10800000
11:18:04.073 [Forwarding findElement on session a94e1aece77984ea7873a75a87be31fb to remote] DEBUG org.apache.http.impl.execchain.MainClientExec - Executing request POST /session/a94e1aece77984ea7873a75a87be31fb/element HTTP/1.1
11:18:04.073 [Forwarding findElement on session a94e1aece77984ea7873a75a87be31fb to remote] DEBUG org.apache.http.impl.execchain.MainClientExec - Target auth state: UNCHALLENGED
11:18:04.073 [Forwarding findElement on session a94e1aece77984ea7873a75a87be31fb to remote] DEBUG org.apache.http.impl.execchain.MainClientExec - Proxy auth state: UNCHALLENGED
11:18:04.073 [Forwarding findElement on session a94e1aece77984ea7873a75a87be31fb to remote] DEBUG org.apache.http.headers - http-outgoing-1 >> POST /session/a94e1aece77984ea7873a75a87be31fb/element HTTP/1.1
11:18:04.073 [Forwarding findElement on session a94e1aece77984ea7873a75a87be31fb to remote] DEBUG org.apache.http.headers - http-outgoing-1 >> Content-Type: application/json; charset=utf-8
11:18:04.073 [Forwarding findElement on session a94e1aece77984ea7873a75a87be31fb to remote] DEBUG org.apache.http.headers - http-outgoing-1 >> Content-Length: 87
11:18:04.073 [Forwarding findElement on session a94e1aece77984ea7873a75a87be31fb to remote] DEBUG org.apache.http.headers - http-outgoing-1 >> Host: localhost:37445
11:18:04.073 [Forwarding findElement on session a94e1aece77984ea7873a75a87be31fb to remote] DEBUG org.apache.http.headers - http-outgoing-1 >> Connection: Keep-Alive
11:18:04.073 [Forwarding findElement on session a94e1aece77984ea7873a75a87be31fb to remote] DEBUG org.apache.http.headers - http-outgoing-1 >> User-Agent: Apache-HttpClient/4.5.3 (Java/1.8.0_211)
11:18:04.073 [Forwarding findElement on session a94e1aece77984ea7873a75a87be31fb to remote] DEBUG org.apache.http.headers - http-outgoing-1 >> Accept-Encoding: gzip,deflate
11:18:04.073 [Forwarding findElement on session a94e1aece77984ea7873a75a87be31fb to remote] DEBUG org.apache.http.wire - http-outgoing-1 >> "POST /session/a94e1aece77984ea7873a75a87be31fb/element HTTP/1.1[\r][\n]"
11:18:04.073 [Forwarding findElement on session a94e1aece77984ea7873a75a87be31fb to remote] DEBUG org.apache.http.wire - http-outgoing-1 >> "Content-Type: application/json; charset=utf-8[\r][\n]"
11:18:04.073 [Forwarding findElement on session a94e1aece77984ea7873a75a87be31fb to remote] DEBUG org.apache.http.wire - http-outgoing-1 >> "Content-Length: 87[\r][\n]"
11:18:04.073 [Forwarding findElement on session a94e1aece77984ea7873a75a87be31fb to remote] DEBUG org.apache.http.wire - http-outgoing-1 >> "Host: localhost:37445[\r][\n]"
11:18:04.074 [Forwarding findElement on session a94e1aece77984ea7873a75a87be31fb to remote] DEBUG org.apache.http.wire - http-outgoing-1 >> "Connection: Keep-Alive[\r][\n]"
11:18:04.074 [Forwarding findElement on session a94e1aece77984ea7873a75a87be31fb to remote] DEBUG org.apache.http.wire - http-outgoing-1 >> "User-Agent: Apache-HttpClient/4.5.3 (Java/1.8.0_211)[\r][\n]"
11:18:04.074 [Forwarding findElement on session a94e1aece77984ea7873a75a87be31fb to remote] DEBUG org.apache.http.wire - http-outgoing-1 >> "Accept-Encoding: gzip,deflate[\r][\n]"
11:18:04.074 [Forwarding findElement on session a94e1aece77984ea7873a75a87be31fb to remote] DEBUG org.apache.http.wire - http-outgoing-1 >> "[\r][\n]"
11:18:04.074 [Forwarding findElement on session a94e1aece77984ea7873a75a87be31fb to remote] DEBUG org.apache.http.wire - http-outgoing-1 >> "{"value":"#navbar-top > ul > li:nth-child(2) > span > a > span","using":"css selector"}"
11:18:04.081 [Forwarding findElement on session a94e1aece77984ea7873a75a87be31fb to remote] DEBUG org.apache.http.wire - http-outgoing-1 << "HTTP/1.1 200 OK[\r][\n]"
11:18:04.081 [Forwarding findElement on session a94e1aece77984ea7873a75a87be31fb to remote] DEBUG org.apache.http.wire - http-outgoing-1 << "Content-Length:88[\r][\n]"
11:18:04.081 [Forwarding findElement on session a94e1aece77984ea7873a75a87be31fb to remote] DEBUG org.apache.http.wire - http-outgoing-1 << "Content-Type:application/json; charset=utf-8[\r][\n]"
11:18:04.081 [Forwarding findElement on session a94e1aece77984ea7873a75a87be31fb to remote] DEBUG org.apache.http.wire - http-outgoing-1 << "cache-control:no-cache[\r][\n]"
11:18:04.081 [Forwarding findElement on session a94e1aece77984ea7873a75a87be31fb to remote] DEBUG org.apache.http.wire - http-outgoing-1 << "[\r][\n]"
11:18:04.081 [Forwarding findElement on session a94e1aece77984ea7873a75a87be31fb to remote] DEBUG org.apache.http.wire - http-outgoing-1 << "{"value":{"element-6066-11e4-a52e-4f735466cecf":"16c6da6c-4057-47bd-b81a-771537ab64bb"}}"
11:18:04.081 [Forwarding findElement on session a94e1aece77984ea7873a75a87be31fb to remote] DEBUG org.apache.http.headers - http-outgoing-1 << HTTP/1.1 200 OK
11:18:04.081 [Forwarding findElement on session a94e1aece77984ea7873a75a87be31fb to remote] DEBUG org.apache.http.headers - http-outgoing-1 << Content-Length:88
11:18:04.081 [Forwarding findElement on session a94e1aece77984ea7873a75a87be31fb to remote] DEBUG org.apache.http.headers - http-outgoing-1 << Content-Type:application/json; charset=utf-8
11:18:04.081 [Forwarding findElement on session a94e1aece77984ea7873a75a87be31fb to remote] DEBUG org.apache.http.headers - http-outgoing-1 << cache-control:no-cache
11:18:04.081 [Forwarding findElement on session a94e1aece77984ea7873a75a87be31fb to remote] DEBUG org.apache.http.impl.execchain.MainClientExec - Connection can be kept alive indefinitely
11:18:04.081 [Forwarding findElement on session a94e1aece77984ea7873a75a87be31fb to remote] DEBUG org.apache.http.impl.conn.PoolingHttpClientConnectionManager - Connection [id: 1][route: {}->http://localhost:37445] can be kept alive indefinitely
11:18:04.081 [Forwarding findElement on session a94e1aece77984ea7873a75a87be31fb to remote] DEBUG org.apache.http.impl.conn.PoolingHttpClientConnectionManager - Connection released: [id: 1][route: {}->http://localhost:37445][total kept alive: 2; route allocated: 1 of 2000; total allocated: 2 of 2000]
11:18:04.082 [Forwarding clickElement on session a94e1aece77984ea7873a75a87be31fb to remote] DEBUG org.apache.http.client.protocol.RequestAddCookies - CookieSpec selected: default
11:18:04.082 [Forwarding clickElement on session a94e1aece77984ea7873a75a87be31fb to remote] DEBUG org.apache.http.client.protocol.RequestAuthCache - Auth cache not set in the context
11:18:04.082 [Forwarding clickElement on session a94e1aece77984ea7873a75a87be31fb to remote] DEBUG org.apache.http.impl.conn.PoolingHttpClientConnectionManager - Connection request: [route: {}->http://localhost:37445][total kept alive: 2; route allocated: 1 of 2000; total allocated: 2 of 2000]
11:18:04.082 [Forwarding clickElement on session a94e1aece77984ea7873a75a87be31fb to remote] DEBUG org.apache.http.impl.conn.PoolingHttpClientConnectionManager - Connection leased: [id: 1][route: {}->http://localhost:37445][total kept alive: 1; route allocated: 1 of 2000; total allocated: 2 of 2000]
11:18:04.082 [Forwarding clickElement on session a94e1aece77984ea7873a75a87be31fb to remote] DEBUG org.apache.http.impl.execchain.MainClientExec - Stale connection check
11:18:04.084 [Forwarding clickElement on session a94e1aece77984ea7873a75a87be31fb to remote] DEBUG org.apache.http.wire - http-outgoing-1 << "[read] I/O error: Read timed out"
11:18:04.084 [Forwarding clickElement on session a94e1aece77984ea7873a75a87be31fb to remote] DEBUG org.apache.http.impl.conn.DefaultManagedHttpClientConnection - http-outgoing-1: set socket timeout to 10800000
11:18:04.084 [Forwarding clickElement on session a94e1aece77984ea7873a75a87be31fb to remote] DEBUG org.apache.http.impl.execchain.MainClientExec - Executing request POST /session/a94e1aece77984ea7873a75a87be31fb/element/16c6da6c-4057-47bd-b81a-771537ab64bb/click HTTP/1.1
11:18:04.084 [Forwarding clickElement on session a94e1aece77984ea7873a75a87be31fb to remote] DEBUG org.apache.http.impl.execchain.MainClientExec - Target auth state: UNCHALLENGED
11:18:04.084 [Forwarding clickElement on session a94e1aece77984ea7873a75a87be31fb to remote] DEBUG org.apache.http.impl.execchain.MainClientExec - Proxy auth state: UNCHALLENGED
11:18:04.084 [Forwarding clickElement on session a94e1aece77984ea7873a75a87be31fb to remote] DEBUG org.apache.http.headers - http-outgoing-1 >> POST /session/a94e1aece77984ea7873a75a87be31fb/element/16c6da6c-4057-47bd-b81a-771537ab64bb/click HTTP/1.1
11:18:04.084 [Forwarding clickElement on session a94e1aece77984ea7873a75a87be31fb to remote] DEBUG org.apache.http.headers - http-outgoing-1 >> Content-Type: application/json; charset=utf-8
11:18:04.084 [Forwarding clickElement on session a94e1aece77984ea7873a75a87be31fb to remote] DEBUG org.apache.http.headers - http-outgoing-1 >> Content-Length: 45
11:18:04.084 [Forwarding clickElement on session a94e1aece77984ea7873a75a87be31fb to remote] DEBUG org.apache.http.headers - http-outgoing-1 >> Host: localhost:37445
11:18:04.084 [Forwarding clickElement on session a94e1aece77984ea7873a75a87be31fb to remote] DEBUG org.apache.http.headers - http-outgoing-1 >> Connection: Keep-Alive
11:18:04.084 [Forwarding clickElement on session a94e1aece77984ea7873a75a87be31fb to remote] DEBUG org.apache.http.headers - http-outgoing-1 >> User-Agent: Apache-HttpClient/4.5.3 (Java/1.8.0_211)
11:18:04.084 [Forwarding clickElement on session a94e1aece77984ea7873a75a87be31fb to remote] DEBUG org.apache.http.headers - http-outgoing-1 >> Accept-Encoding: gzip,deflate
11:18:04.084 [Forwarding clickElement on session a94e1aece77984ea7873a75a87be31fb to remote] DEBUG org.apache.http.wire - http-outgoing-1 >> "POST /session/a94e1aece77984ea7873a75a87be31fb/element/16c6da6c-4057-47bd-b81a-771537ab64bb/click HTTP/1.1[\r][\n]"
11:18:04.084 [Forwarding clickElement on session a94e1aece77984ea7873a75a87be31fb to remote] DEBUG org.apache.http.wire - http-outgoing-1 >> "Content-Type: application/json; charset=utf-8[\r][\n]"
11:18:04.084 [Forwarding clickElement on session a94e1aece77984ea7873a75a87be31fb to remote] DEBUG org.apache.http.wire - http-outgoing-1 >> "Content-Length: 45[\r][\n]"
11:18:04.084 [Forwarding clickElement on session a94e1aece77984ea7873a75a87be31fb to remote] DEBUG org.apache.http.wire - http-outgoing-1 >> "Host: localhost:37445[\r][\n]"
11:18:04.084 [Forwarding clickElement on session a94e1aece77984ea7873a75a87be31fb to remote] DEBUG org.apache.http.wire - http-outgoing-1 >> "Connection: Keep-Alive[\r][\n]"
11:18:04.084 [Forwarding clickElement on session a94e1aece77984ea7873a75a87be31fb to remote] DEBUG org.apache.http.wire - http-outgoing-1 >> "User-Agent: Apache-HttpClient/4.5.3 (Java/1.8.0_211)[\r][\n]"
11:18:04.084 [Forwarding clickElement on session a94e1aece77984ea7873a75a87be31fb to remote] DEBUG org.apache.http.wire - http-outgoing-1 >> "Accept-Encoding: gzip,deflate[\r][\n]"
11:18:04.084 [Forwarding clickElement on session a94e1aece77984ea7873a75a87be31fb to remote] DEBUG org.apache.http.wire - http-outgoing-1 >> "[\r][\n]"
11:18:04.084 [Forwarding clickElement on session a94e1aece77984ea7873a75a87be31fb to remote] DEBUG org.apache.http.wire - http-outgoing-1 >> "{"id":"16c6da6c-4057-47bd-b81a-771537ab64bb"}"
11:18:04.129 [Forwarding clickElement on session a94e1aece77984ea7873a75a87be31fb to remote] DEBUG org.apache.http.wire - http-outgoing-1 << "HTTP/1.1 200 OK[\r][\n]"
11:18:04.129 [Forwarding clickElement on session a94e1aece77984ea7873a75a87be31fb to remote] DEBUG org.apache.http.wire - http-outgoing-1 << "Content-Length:14[\r][\n]"
11:18:04.129 [Forwarding clickElement on session a94e1aece77984ea7873a75a87be31fb to remote] DEBUG org.apache.http.wire - http-outgoing-1 << "Content-Type:application/json; charset=utf-8[\r][\n]"
11:18:04.129 [Forwarding clickElement on session a94e1aece77984ea7873a75a87be31fb to remote] DEBUG org.apache.http.wire - http-outgoing-1 << "cache-control:no-cache[\r][\n]"
11:18:04.129 [Forwarding clickElement on session a94e1aece77984ea7873a75a87be31fb to remote] DEBUG org.apache.http.wire - http-outgoing-1 << "[\r][\n]"
11:18:04.129 [Forwarding clickElement on session a94e1aece77984ea7873a75a87be31fb to remote] DEBUG org.apache.http.wire - http-outgoing-1 << "{"value":null}"
11:18:04.129 [Forwarding clickElement on session a94e1aece77984ea7873a75a87be31fb to remote] DEBUG org.apache.http.headers - http-outgoing-1 << HTTP/1.1 200 OK
11:18:04.129 [Forwarding clickElement on session a94e1aece77984ea7873a75a87be31fb to remote] DEBUG org.apache.http.headers - http-outgoing-1 << Content-Length:14
11:18:04.129 [Forwarding clickElement on session a94e1aece77984ea7873a75a87be31fb to remote] DEBUG org.apache.http.headers - http-outgoing-1 << Content-Type:application/json; charset=utf-8
11:18:04.129 [Forwarding clickElement on session a94e1aece77984ea7873a75a87be31fb to remote] DEBUG org.apache.http.headers - http-outgoing-1 << cache-control:no-cache
11:18:04.129 [Forwarding clickElement on session a94e1aece77984ea7873a75a87be31fb to remote] DEBUG org.apache.http.impl.execchain.MainClientExec - Connection can be kept alive indefinitely
11:18:04.129 [Forwarding clickElement on session a94e1aece77984ea7873a75a87be31fb to remote] DEBUG org.apache.http.impl.conn.PoolingHttpClientConnectionManager - Connection [id: 1][route: {}->http://localhost:37445] can be kept alive indefinitely
11:18:04.129 [Forwarding clickElement on session a94e1aece77984ea7873a75a87be31fb to remote] DEBUG org.apache.http.impl.conn.PoolingHttpClientConnectionManager - Connection released: [id: 1][route: {}->http://localhost:37445][total kept alive: 2; route allocated: 1 of 2000; total allocated: 2 of 2000]
11:18:04.431 [Forwarding findElement on session a94e1aece77984ea7873a75a87be31fb to remote] DEBUG org.apache.http.client.protocol.RequestAddCookies - CookieSpec selected: default
11:18:04.432 [Forwarding findElement on session a94e1aece77984ea7873a75a87be31fb to remote] DEBUG org.apache.http.client.protocol.RequestAuthCache - Auth cache not set in the context
11:18:04.432 [Forwarding findElement on session a94e1aece77984ea7873a75a87be31fb to remote] DEBUG org.apache.http.impl.conn.PoolingHttpClientConnectionManager - Connection request: [route: {}->http://localhost:37445][total kept alive: 2; route allocated: 1 of 2000; total allocated: 2 of 2000]
11:18:04.432 [Forwarding findElement on session a94e1aece77984ea7873a75a87be31fb to remote] DEBUG org.apache.http.impl.conn.PoolingHttpClientConnectionManager - Connection leased: [id: 1][route: {}->http://localhost:37445][total kept alive: 1; route allocated: 1 of 2000; total allocated: 2 of 2000]
11:18:04.432 [Forwarding findElement on session a94e1aece77984ea7873a75a87be31fb to remote] DEBUG org.apache.http.impl.execchain.MainClientExec - Stale connection check
11:18:04.433 [Forwarding findElement on session a94e1aece77984ea7873a75a87be31fb to remote] DEBUG org.apache.http.wire - http-outgoing-1 << "[read] I/O error: Read timed out"
11:18:04.433 [Forwarding findElement on session a94e1aece77984ea7873a75a87be31fb to remote] DEBUG org.apache.http.impl.conn.DefaultManagedHttpClientConnection - http-outgoing-1: set socket timeout to 10800000
11:18:04.433 [Forwarding findElement on session a94e1aece77984ea7873a75a87be31fb to remote] DEBUG org.apache.http.impl.execchain.MainClientExec - Executing request POST /session/a94e1aece77984ea7873a75a87be31fb/element HTTP/1.1
11:18:04.433 [Forwarding findElement on session a94e1aece77984ea7873a75a87be31fb to remote] DEBUG org.apache.http.impl.execchain.MainClientExec - Target auth state: UNCHALLENGED
11:18:04.433 [Forwarding findElement on session a94e1aece77984ea7873a75a87be31fb to remote] DEBUG org.apache.http.impl.execchain.MainClientExec - Proxy auth state: UNCHALLENGED
11:18:04.433 [Forwarding findElement on session a94e1aece77984ea7873a75a87be31fb to remote] DEBUG org.apache.http.headers - http-outgoing-1 >> POST /session/a94e1aece77984ea7873a75a87be31fb/element HTTP/1.1
11:18:04.433 [Forwarding findElement on session a94e1aece77984ea7873a75a87be31fb to remote] DEBUG org.apache.http.headers - http-outgoing-1 >> Content-Type: application/json; charset=utf-8
11:18:04.433 [Forwarding findElement on session a94e1aece77984ea7873a75a87be31fb to remote] DEBUG org.apache.http.headers - http-outgoing-1 >> Content-Length: 59
11:18:04.433 [Forwarding findElement on session a94e1aece77984ea7873a75a87be31fb to remote] DEBUG org.apache.http.headers - http-outgoing-1 >> Host: localhost:37445
11:18:04.433 [Forwarding findElement on session a94e1aece77984ea7873a75a87be31fb to remote] DEBUG org.apache.http.headers - http-outgoing-1 >> Connection: Keep-Alive
11:18:04.433 [Forwarding findElement on session a94e1aece77984ea7873a75a87be31fb to remote] DEBUG org.apache.http.headers - http-outgoing-1 >> User-Agent: Apache-HttpClient/4.5.3 (Java/1.8.0_211)
11:18:04.433 [Forwarding findElement on session a94e1aece77984ea7873a75a87be31fb to remote] DEBUG org.apache.http.headers - http-outgoing-1 >> Accept-Encoding: gzip,deflate
11:18:04.433 [Forwarding findElement on session a94e1aece77984ea7873a75a87be31fb to remote] DEBUG org.apache.http.wire - http-outgoing-1 >> "POST /session/a94e1aece77984ea7873a75a87be31fb/element HTTP/1.1[\r][\n]"
11:18:04.433 [Forwarding findElement on session a94e1aece77984ea7873a75a87be31fb to remote] DEBUG org.apache.http.wire - http-outgoing-1 >> "Content-Type: application/json; charset=utf-8[\r][\n]"
11:18:04.433 [Forwarding findElement on session a94e1aece77984ea7873a75a87be31fb to remote] DEBUG org.apache.http.wire - http-outgoing-1 >> "Content-Length: 59[\r][\n]"
11:18:04.433 [Forwarding findElement on session a94e1aece77984ea7873a75a87be31fb to remote] DEBUG org.apache.http.wire - http-outgoing-1 >> "Host: localhost:37445[\r][\n]"
11:18:04.433 [Forwarding findElement on session a94e1aece77984ea7873a75a87be31fb to remote] DEBUG org.apache.http.wire - http-outgoing-1 >> "Connection: Keep-Alive[\r][\n]"
11:18:04.433 [Forwarding findElement on session a94e1aece77984ea7873a75a87be31fb to remote] DEBUG org.apache.http.wire - http-outgoing-1 >> "User-Agent: Apache-HttpClient/4.5.3 (Java/1.8.0_211)[\r][\n]"
11:18:04.434 [Forwarding findElement on session a94e1aece77984ea7873a75a87be31fb to remote] DEBUG org.apache.http.wire - http-outgoing-1 >> "Accept-Encoding: gzip,deflate[\r][\n]"
11:18:04.434 [Forwarding findElement on session a94e1aece77984ea7873a75a87be31fb to remote] DEBUG org.apache.http.wire - http-outgoing-1 >> "[\r][\n]"
11:18:04.434 [Forwarding findElement on session a94e1aece77984ea7873a75a87be31fb to remote] DEBUG org.apache.http.wire - http-outgoing-1 >> "{"value":"//ul/li[2]/div/div[2]/a[3]/span","using":"xpath"}"
11:18:04.440 [Forwarding findElement on session a94e1aece77984ea7873a75a87be31fb to remote] DEBUG org.apache.http.wire - http-outgoing-1 << "HTTP/1.1 200 OK[\r][\n]"
11:18:04.440 [Forwarding findElement on session a94e1aece77984ea7873a75a87be31fb to remote] DEBUG org.apache.http.wire - http-outgoing-1 << "Content-Length:88[\r][\n]"
11:18:04.440 [Forwarding findElement on session a94e1aece77984ea7873a75a87be31fb to remote] DEBUG org.apache.http.wire - http-outgoing-1 << "Content-Type:application/json; charset=utf-8[\r][\n]"
11:18:04.440 [Forwarding findElement on session a94e1aece77984ea7873a75a87be31fb to remote] DEBUG org.apache.http.wire - http-outgoing-1 << "cache-control:no-cache[\r][\n]"
11:18:04.440 [Forwarding findElement on session a94e1aece77984ea7873a75a87be31fb to remote] DEBUG org.apache.http.wire - http-outgoing-1 << "[\r][\n]"
11:18:04.440 [Forwarding findElement on session a94e1aece77984ea7873a75a87be31fb to remote] DEBUG org.apache.http.wire - http-outgoing-1 << "{"value":{"element-6066-11e4-a52e-4f735466cecf":"2e3ea378-dcce-4e60-b373-c048760ad1cb"}}"
11:18:04.440 [Forwarding findElement on session a94e1aece77984ea7873a75a87be31fb to remote] DEBUG org.apache.http.headers - http-outgoing-1 << HTTP/1.1 200 OK
11:18:04.440 [Forwarding findElement on session a94e1aece77984ea7873a75a87be31fb to remote] DEBUG org.apache.http.headers - http-outgoing-1 << Content-Length:88
11:18:04.440 [Forwarding findElement on session a94e1aece77984ea7873a75a87be31fb to remote] DEBUG org.apache.http.headers - http-outgoing-1 << Content-Type:application/json; charset=utf-8
11:18:04.440 [Forwarding findElement on session a94e1aece77984ea7873a75a87be31fb to remote] DEBUG org.apache.http.headers - http-outgoing-1 << cache-control:no-cache
11:18:04.440 [Forwarding findElement on session a94e1aece77984ea7873a75a87be31fb to remote] DEBUG org.apache.http.impl.execchain.MainClientExec - Connection can be kept alive indefinitely
11:18:04.440 [Forwarding findElement on session a94e1aece77984ea7873a75a87be31fb to remote] DEBUG org.apache.http.impl.conn.PoolingHttpClientConnectionManager - Connection [id: 1][route: {}->http://localhost:37445] can be kept alive indefinitely
11:18:04.440 [Forwarding findElement on session a94e1aece77984ea7873a75a87be31fb to remote] DEBUG org.apache.http.impl.conn.PoolingHttpClientConnectionManager - Connection released: [id: 1][route: {}->http://localhost:37445][total kept alive: 2; route allocated: 1 of 2000; total allocated: 2 of 2000]
11:18:04.441 [Forwarding clickElement on session a94e1aece77984ea7873a75a87be31fb to remote] DEBUG org.apache.http.client.protocol.RequestAddCookies - CookieSpec selected: default
11:18:04.441 [Forwarding clickElement on session a94e1aece77984ea7873a75a87be31fb to remote] DEBUG org.apache.http.client.protocol.RequestAuthCache - Auth cache not set in the context
11:18:04.441 [Forwarding clickElement on session a94e1aece77984ea7873a75a87be31fb to remote] DEBUG org.apache.http.impl.conn.PoolingHttpClientConnectionManager - Connection request: [route: {}->http://localhost:37445][total kept alive: 2; route allocated: 1 of 2000; total allocated: 2 of 2000]
11:18:04.441 [Forwarding clickElement on session a94e1aece77984ea7873a75a87be31fb to remote] DEBUG org.apache.http.impl.conn.PoolingHttpClientConnectionManager - Connection leased: [id: 1][route: {}->http://localhost:37445][total kept alive: 1; route allocated: 1 of 2000; total allocated: 2 of 2000]
11:18:04.441 [Forwarding clickElement on session a94e1aece77984ea7873a75a87be31fb to remote] DEBUG org.apache.http.impl.execchain.MainClientExec - Stale connection check
11:18:04.443 [Forwarding clickElement on session a94e1aece77984ea7873a75a87be31fb to remote] DEBUG org.apache.http.wire - http-outgoing-1 << "[read] I/O error: Read timed out"
11:18:04.443 [Forwarding clickElement on session a94e1aece77984ea7873a75a87be31fb to remote] DEBUG org.apache.http.impl.conn.DefaultManagedHttpClientConnection - http-outgoing-1: set socket timeout to 10800000
11:18:04.443 [Forwarding clickElement on session a94e1aece77984ea7873a75a87be31fb to remote] DEBUG org.apache.http.impl.execchain.MainClientExec - Executing request POST /session/a94e1aece77984ea7873a75a87be31fb/element/2e3ea378-dcce-4e60-b373-c048760ad1cb/click HTTP/1.1
11:18:04.443 [Forwarding clickElement on session a94e1aece77984ea7873a75a87be31fb to remote] DEBUG org.apache.http.impl.execchain.MainClientExec - Target auth state: UNCHALLENGED
11:18:04.443 [Forwarding clickElement on session a94e1aece77984ea7873a75a87be31fb to remote] DEBUG org.apache.http.impl.execchain.MainClientExec - Proxy auth state: UNCHALLENGED
11:18:04.443 [Forwarding clickElement on session a94e1aece77984ea7873a75a87be31fb to remote] DEBUG org.apache.http.headers - http-outgoing-1 >> POST /session/a94e1aece77984ea7873a75a87be31fb/element/2e3ea378-dcce-4e60-b373-c048760ad1cb/click HTTP/1.1
11:18:04.443 [Forwarding clickElement on session a94e1aece77984ea7873a75a87be31fb to remote] DEBUG org.apache.http.headers - http-outgoing-1 >> Content-Type: application/json; charset=utf-8
11:18:04.443 [Forwarding clickElement on session a94e1aece77984ea7873a75a87be31fb to remote] DEBUG org.apache.http.headers - http-outgoing-1 >> Content-Length: 45
11:18:04.443 [Forwarding clickElement on session a94e1aece77984ea7873a75a87be31fb to remote] DEBUG org.apache.http.headers - http-outgoing-1 >> Host: localhost:37445
11:18:04.443 [Forwarding clickElement on session a94e1aece77984ea7873a75a87be31fb to remote] DEBUG org.apache.http.headers - http-outgoing-1 >> Connection: Keep-Alive
11:18:04.443 [Forwarding clickElement on session a94e1aece77984ea7873a75a87be31fb to remote] DEBUG org.apache.http.headers - http-outgoing-1 >> User-Agent: Apache-HttpClient/4.5.3 (Java/1.8.0_211)
11:18:04.443 [Forwarding clickElement on session a94e1aece77984ea7873a75a87be31fb to remote] DEBUG org.apache.http.headers - http-outgoing-1 >> Accept-Encoding: gzip,deflate
11:18:04.443 [Forwarding clickElement on session a94e1aece77984ea7873a75a87be31fb to remote] DEBUG org.apache.http.wire - http-outgoing-1 >> "POST /session/a94e1aece77984ea7873a75a87be31fb/element/2e3ea378-dcce-4e60-b373-c048760ad1cb/click HTTP/1.1[\r][\n]"
11:18:04.443 [Forwarding clickElement on session a94e1aece77984ea7873a75a87be31fb to remote] DEBUG org.apache.http.wire - http-outgoing-1 >> "Content-Type: application/json; charset=utf-8[\r][\n]"
11:18:04.443 [Forwarding clickElement on session a94e1aece77984ea7873a75a87be31fb to remote] DEBUG org.apache.http.wire - http-outgoing-1 >> "Content-Length: 45[\r][\n]"
11:18:04.443 [Forwarding clickElement on session a94e1aece77984ea7873a75a87be31fb to remote] DEBUG org.apache.http.wire - http-outgoing-1 >> "Host: localhost:37445[\r][\n]"
11:18:04.443 [Forwarding clickElement on session a94e1aece77984ea7873a75a87be31fb to remote] DEBUG org.apache.http.wire - http-outgoing-1 >> "Connection: Keep-Alive[\r][\n]"
11:18:04.443 [Forwarding clickElement on session a94e1aece77984ea7873a75a87be31fb to remote] DEBUG org.apache.http.wire - http-outgoing-1 >> "User-Agent: Apache-HttpClient/4.5.3 (Java/1.8.0_211)[\r][\n]"
11:18:04.443 [Forwarding clickElement on session a94e1aece77984ea7873a75a87be31fb to remote] DEBUG org.apache.http.wire - http-outgoing-1 >> "Accept-Encoding: gzip,deflate[\r][\n]"
11:18:04.443 [Forwarding clickElement on session a94e1aece77984ea7873a75a87be31fb to remote] DEBUG org.apache.http.wire - http-outgoing-1 >> "[\r][\n]"
11:18:04.443 [Forwarding clickElement on session a94e1aece77984ea7873a75a87be31fb to remote] DEBUG org.apache.http.wire - http-outgoing-1 >> "{"id":"2e3ea378-dcce-4e60-b373-c048760ad1cb"}"
11:18:04.474 [Forwarding clickElement on session a94e1aece77984ea7873a75a87be31fb to remote] DEBUG org.apache.http.wire - http-outgoing-1 << "HTTP/1.1 200 OK[\r][\n]"
11:18:04.474 [Forwarding clickElement on session a94e1aece77984ea7873a75a87be31fb to remote] DEBUG org.apache.http.wire - http-outgoing-1 << "Content-Length:14[\r][\n]"
11:18:04.474 [Forwarding clickElement on session a94e1aece77984ea7873a75a87be31fb to remote] DEBUG org.apache.http.wire - http-outgoing-1 << "Content-Type:application/json; charset=utf-8[\r][\n]"
11:18:04.474 [Forwarding clickElement on session a94e1aece77984ea7873a75a87be31fb to remote] DEBUG org.apache.http.wire - http-outgoing-1 << "cache-control:no-cache[\r][\n]"
11:18:04.474 [Forwarding clickElement on session a94e1aece77984ea7873a75a87be31fb to remote] DEBUG org.apache.http.wire - http-outgoing-1 << "[\r][\n]"
11:18:04.474 [Forwarding clickElement on session a94e1aece77984ea7873a75a87be31fb to remote] DEBUG org.apache.http.wire - http-outgoing-1 << "{"value":null}"
11:18:04.474 [Forwarding clickElement on session a94e1aece77984ea7873a75a87be31fb to remote] DEBUG org.apache.http.headers - http-outgoing-1 << HTTP/1.1 200 OK
11:18:04.474 [Forwarding clickElement on session a94e1aece77984ea7873a75a87be31fb to remote] DEBUG org.apache.http.headers - http-outgoing-1 << Content-Length:14
11:18:04.474 [Forwarding clickElement on session a94e1aece77984ea7873a75a87be31fb to remote] DEBUG org.apache.http.headers - http-outgoing-1 << Content-Type:application/json; charset=utf-8
11:18:04.474 [Forwarding clickElement on session a94e1aece77984ea7873a75a87be31fb to remote] DEBUG org.apache.http.headers - http-outgoing-1 << cache-control:no-cache
11:18:04.474 [Forwarding clickElement on session a94e1aece77984ea7873a75a87be31fb to remote] DEBUG org.apache.http.impl.execchain.MainClientExec - Connection can be kept alive indefinitely
11:18:04.474 [Forwarding clickElement on session a94e1aece77984ea7873a75a87be31fb to remote] DEBUG org.apache.http.impl.conn.PoolingHttpClientConnectionManager - Connection [id: 1][route: {}->http://localhost:37445] can be kept alive indefinitely
11:18:04.474 [Forwarding clickElement on session a94e1aece77984ea7873a75a87be31fb to remote] DEBUG org.apache.http.impl.conn.PoolingHttpClientConnectionManager - Connection released: [id: 1][route: {}->http://localhost:37445][total kept alive: 2; route allocated: 1 of 2000; total allocated: 2 of 2000]
11:18:04.475 [Forwarding findElement on session a94e1aece77984ea7873a75a87be31fb to remote] DEBUG org.apache.http.client.protocol.RequestAddCookies - CookieSpec selected: default
11:18:04.475 [Forwarding findElement on session a94e1aece77984ea7873a75a87be31fb to remote] DEBUG org.apache.http.client.protocol.RequestAuthCache - Auth cache not set in the context
11:18:04.475 [Forwarding findElement on session a94e1aece77984ea7873a75a87be31fb to remote] DEBUG org.apache.http.impl.conn.PoolingHttpClientConnectionManager - Connection request: [route: {}->http://localhost:37445][total kept alive: 2; route allocated: 1 of 2000; total allocated: 2 of 2000]
11:18:04.475 [Forwarding findElement on session a94e1aece77984ea7873a75a87be31fb to remote] DEBUG org.apache.http.impl.conn.PoolingHttpClientConnectionManager - Connection leased: [id: 1][route: {}->http://localhost:37445][total kept alive: 1; route allocated: 1 of 2000; total allocated: 2 of 2000]
11:18:04.475 [Forwarding findElement on session a94e1aece77984ea7873a75a87be31fb to remote] DEBUG org.apache.http.impl.execchain.MainClientExec - Stale connection check
11:18:04.477 [Forwarding findElement on session a94e1aece77984ea7873a75a87be31fb to remote] DEBUG org.apache.http.wire - http-outgoing-1 << "[read] I/O error: Read timed out"
11:18:04.477 [Forwarding findElement on session a94e1aece77984ea7873a75a87be31fb to remote] DEBUG org.apache.http.impl.conn.DefaultManagedHttpClientConnection - http-outgoing-1: set socket timeout to 10800000
11:18:04.477 [Forwarding findElement on session a94e1aece77984ea7873a75a87be31fb to remote] DEBUG org.apache.http.impl.execchain.MainClientExec - Executing request POST /session/a94e1aece77984ea7873a75a87be31fb/element HTTP/1.1
11:18:04.477 [Forwarding findElement on session a94e1aece77984ea7873a75a87be31fb to remote] DEBUG org.apache.http.impl.execchain.MainClientExec - Target auth state: UNCHALLENGED
11:18:04.477 [Forwarding findElement on session a94e1aece77984ea7873a75a87be31fb to remote] DEBUG org.apache.http.impl.execchain.MainClientExec - Proxy auth state: UNCHALLENGED
11:18:04.477 [Forwarding findElement on session a94e1aece77984ea7873a75a87be31fb to remote] DEBUG org.apache.http.headers - http-outgoing-1 >> POST /session/a94e1aece77984ea7873a75a87be31fb/element HTTP/1.1
11:18:04.477 [Forwarding findElement on session a94e1aece77984ea7873a75a87be31fb to remote] DEBUG org.apache.http.headers - http-outgoing-1 >> Content-Type: application/json; charset=utf-8
11:18:04.477 [Forwarding findElement on session a94e1aece77984ea7873a75a87be31fb to remote] DEBUG org.apache.http.headers - http-outgoing-1 >> Content-Length: 96
11:18:04.477 [Forwarding findElement on session a94e1aece77984ea7873a75a87be31fb to remote] DEBUG org.apache.http.headers - http-outgoing-1 >> Host: localhost:37445
11:18:04.477 [Forwarding findElement on session a94e1aece77984ea7873a75a87be31fb to remote] DEBUG org.apache.http.headers - http-outgoing-1 >> Connection: Keep-Alive
11:18:04.477 [Forwarding findElement on session a94e1aece77984ea7873a75a87be31fb to remote] DEBUG org.apache.http.headers - http-outgoing-1 >> User-Agent: Apache-HttpClient/4.5.3 (Java/1.8.0_211)
11:18:04.477 [Forwarding findElement on session a94e1aece77984ea7873a75a87be31fb to remote] DEBUG org.apache.http.headers - http-outgoing-1 >> Accept-Encoding: gzip,deflate
11:18:04.477 [Forwarding findElement on session a94e1aece77984ea7873a75a87be31fb to remote] DEBUG org.apache.http.wire - http-outgoing-1 >> "POST /session/a94e1aece77984ea7873a75a87be31fb/element HTTP/1.1[\r][\n]"
11:18:04.477 [Forwarding findElement on session a94e1aece77984ea7873a75a87be31fb to remote] DEBUG org.apache.http.wire - http-outgoing-1 >> "Content-Type: application/json; charset=utf-8[\r][\n]"
11:18:04.477 [Forwarding findElement on session a94e1aece77984ea7873a75a87be31fb to remote] DEBUG org.apache.http.wire - http-outgoing-1 >> "Content-Length: 96[\r][\n]"
11:18:04.477 [Forwarding findElement on session a94e1aece77984ea7873a75a87be31fb to remote] DEBUG org.apache.http.wire - http-outgoing-1 >> "Host: localhost:37445[\r][\n]"
11:18:04.477 [Forwarding findElement on session a94e1aece77984ea7873a75a87be31fb to remote] DEBUG org.apache.http.wire - http-outgoing-1 >> "Connection: Keep-Alive[\r][\n]"
11:18:04.477 [Forwarding findElement on session a94e1aece77984ea7873a75a87be31fb to remote] DEBUG org.apache.http.wire - http-outgoing-1 >> "User-Agent: Apache-HttpClient/4.5.3 (Java/1.8.0_211)[\r][\n]"
11:18:04.477 [Forwarding findElement on session a94e1aece77984ea7873a75a87be31fb to remote] DEBUG org.apache.http.wire - http-outgoing-1 >> "Accept-Encoding: gzip,deflate[\r][\n]"
11:18:04.477 [Forwarding findElement on session a94e1aece77984ea7873a75a87be31fb to remote] DEBUG org.apache.http.wire - http-outgoing-1 >> "[\r][\n]"
11:18:04.477 [Forwarding findElement on session a94e1aece77984ea7873a75a87be31fb to remote] DEBUG org.apache.http.wire - http-outgoing-1 >> "{"value":"//*[@id=\"root\"]/main/div/div/div[3]/div/div[2]/span/div/span/input","using":"xpath"}"
11:18:04.737 [Forwarding findElement on session a94e1aece77984ea7873a75a87be31fb to remote] DEBUG org.apache.http.wire - http-outgoing-1 << "HTTP/1.1 200 OK[\r][\n]"
11:18:04.737 [Forwarding findElement on session a94e1aece77984ea7873a75a87be31fb to remote] DEBUG org.apache.http.wire - http-outgoing-1 << "Content-Length:88[\r][\n]"
11:18:04.737 [Forwarding findElement on session a94e1aece77984ea7873a75a87be31fb to remote] DEBUG org.apache.http.wire - http-outgoing-1 << "Content-Type:application/json; charset=utf-8[\r][\n]"
11:18:04.737 [Forwarding findElement on session a94e1aece77984ea7873a75a87be31fb to remote] DEBUG org.apache.http.wire - http-outgoing-1 << "cache-control:no-cache[\r][\n]"
11:18:04.737 [Forwarding findElement on session a94e1aece77984ea7873a75a87be31fb to remote] DEBUG org.apache.http.wire - http-outgoing-1 << "[\r][\n]"
11:18:04.737 [Forwarding findElement on session a94e1aece77984ea7873a75a87be31fb to remote] DEBUG org.apache.http.wire - http-outgoing-1 << "{"value":{"element-6066-11e4-a52e-4f735466cecf":"ecfa2720-c61d-4b9a-9609-8fd8bde3eff6"}}"
11:18:04.737 [Forwarding findElement on session a94e1aece77984ea7873a75a87be31fb to remote] DEBUG org.apache.http.headers - http-outgoing-1 << HTTP/1.1 200 OK
11:18:04.737 [Forwarding findElement on session a94e1aece77984ea7873a75a87be31fb to remote] DEBUG org.apache.http.headers - http-outgoing-1 << Content-Length:88
11:18:04.737 [Forwarding findElement on session a94e1aece77984ea7873a75a87be31fb to remote] DEBUG org.apache.http.headers - http-outgoing-1 << Content-Type:application/json; charset=utf-8
11:18:04.738 [Forwarding findElement on session a94e1aece77984ea7873a75a87be31fb to remote] DEBUG org.apache.http.headers - http-outgoing-1 << cache-control:no-cache
11:18:04.738 [Forwarding findElement on session a94e1aece77984ea7873a75a87be31fb to remote] DEBUG org.apache.http.impl.execchain.MainClientExec - Connection can be kept alive indefinitely
11:18:04.738 [Forwarding findElement on session a94e1aece77984ea7873a75a87be31fb to remote] DEBUG org.apache.http.impl.conn.PoolingHttpClientConnectionManager - Connection [id: 1][route: {}->http://localhost:37445] can be kept alive indefinitely
11:18:04.738 [Forwarding findElement on session a94e1aece77984ea7873a75a87be31fb to remote] DEBUG org.apache.http.impl.conn.PoolingHttpClientConnectionManager - Connection released: [id: 1][route: {}->http://localhost:37445][total kept alive: 2; route allocated: 1 of 2000; total allocated: 2 of 2000]
11:18:04.739 [Forwarding sendKeysToElement on session a94e1aece77984ea7873a75a87be31fb to remote] DEBUG org.apache.http.client.protocol.RequestAddCookies - CookieSpec selected: default
11:18:04.739 [Forwarding sendKeysToElement on session a94e1aece77984ea7873a75a87be31fb to remote] DEBUG org.apache.http.client.protocol.RequestAuthCache - Auth cache not set in the context
11:18:04.739 [Forwarding sendKeysToElement on session a94e1aece77984ea7873a75a87be31fb to remote] DEBUG org.apache.http.impl.conn.PoolingHttpClientConnectionManager - Connection request: [route: {}->http://localhost:37445][total kept alive: 2; route allocated: 1 of 2000; total allocated: 2 of 2000]
11:18:04.739 [Forwarding sendKeysToElement on session a94e1aece77984ea7873a75a87be31fb to remote] DEBUG org.apache.http.impl.conn.PoolingHttpClientConnectionManager - Connection leased: [id: 1][route: {}->http://localhost:37445][total kept alive: 1; route allocated: 1 of 2000; total allocated: 2 of 2000]
11:18:04.739 [Forwarding sendKeysToElement on session a94e1aece77984ea7873a75a87be31fb to remote] DEBUG org.apache.http.impl.execchain.MainClientExec - Stale connection check
11:18:04.740 [Forwarding sendKeysToElement on session a94e1aece77984ea7873a75a87be31fb to remote] DEBUG org.apache.http.wire - http-outgoing-1 << "[read] I/O error: Read timed out"
11:18:04.740 [Forwarding sendKeysToElement on session a94e1aece77984ea7873a75a87be31fb to remote] DEBUG org.apache.http.impl.conn.DefaultManagedHttpClientConnection - http-outgoing-1: set socket timeout to 10800000
11:18:04.741 [Forwarding sendKeysToElement on session a94e1aece77984ea7873a75a87be31fb to remote] DEBUG org.apache.http.impl.execchain.MainClientExec - Executing request POST /session/a94e1aece77984ea7873a75a87be31fb/element/ecfa2720-c61d-4b9a-9609-8fd8bde3eff6/value HTTP/1.1
11:18:04.741 [Forwarding sendKeysToElement on session a94e1aece77984ea7873a75a87be31fb to remote] DEBUG org.apache.http.impl.execchain.MainClientExec - Target auth state: UNCHALLENGED
11:18:04.741 [Forwarding sendKeysToElement on session a94e1aece77984ea7873a75a87be31fb to remote] DEBUG org.apache.http.impl.execchain.MainClientExec - Proxy auth state: UNCHALLENGED
11:18:04.741 [Forwarding sendKeysToElement on session a94e1aece77984ea7873a75a87be31fb to remote] DEBUG org.apache.http.headers - http-outgoing-1 >> POST /session/a94e1aece77984ea7873a75a87be31fb/element/ecfa2720-c61d-4b9a-9609-8fd8bde3eff6/value HTTP/1.1
11:18:04.741 [Forwarding sendKeysToElement on session a94e1aece77984ea7873a75a87be31fb to remote] DEBUG org.apache.http.headers - http-outgoing-1 >> Content-Type: application/json; charset=utf-8
11:18:04.741 [Forwarding sendKeysToElement on session a94e1aece77984ea7873a75a87be31fb to remote] DEBUG org.apache.http.headers - http-outgoing-1 >> Content-Length: 450
11:18:04.741 [Forwarding sendKeysToElement on session a94e1aece77984ea7873a75a87be31fb to remote] DEBUG org.apache.http.headers - http-outgoing-1 >> Host: localhost:37445
11:18:04.741 [Forwarding sendKeysToElement on session a94e1aece77984ea7873a75a87be31fb to remote] DEBUG org.apache.http.headers - http-outgoing-1 >> Connection: Keep-Alive
11:18:04.741 [Forwarding sendKeysToElement on session a94e1aece77984ea7873a75a87be31fb to remote] DEBUG org.apache.http.headers - http-outgoing-1 >> User-Agent: Apache-HttpClient/4.5.3 (Java/1.8.0_211)
11:18:04.741 [Forwarding sendKeysToElement on session a94e1aece77984ea7873a75a87be31fb to remote] DEBUG org.apache.http.headers - http-outgoing-1 >> Accept-Encoding: gzip,deflate
11:18:04.741 [Forwarding sendKeysToElement on session a94e1aece77984ea7873a75a87be31fb to remote] DEBUG org.apache.http.wire - http-outgoing-1 >> "POST /session/a94e1aece77984ea7873a75a87be31fb/element/ecfa2720-c61d-4b9a-9609-8fd8bde3eff6/value HTTP/1.1[\r][\n]"
11:18:04.741 [Forwarding sendKeysToElement on session a94e1aece77984ea7873a75a87be31fb to remote] DEBUG org.apache.http.wire - http-outgoing-1 >> "Content-Type: application/json; charset=utf-8[\r][\n]"
11:18:04.741 [Forwarding sendKeysToElement on session a94e1aece77984ea7873a75a87be31fb to remote] DEBUG org.apache.http.wire - http-outgoing-1 >> "Content-Length: 450[\r][\n]"
11:18:04.741 [Forwarding sendKeysToElement on session a94e1aece77984ea7873a75a87be31fb to remote] DEBUG org.apache.http.wire - http-outgoing-1 >> "Host: localhost:37445[\r][\n]"
11:18:04.741 [Forwarding sendKeysToElement on session a94e1aece77984ea7873a75a87be31fb to remote] DEBUG org.apache.http.wire - http-outgoing-1 >> "Connection: Keep-Alive[\r][\n]"
11:18:04.741 [Forwarding sendKeysToElement on session a94e1aece77984ea7873a75a87be31fb to remote] DEBUG org.apache.http.wire - http-outgoing-1 >> "User-Agent: Apache-HttpClient/4.5.3 (Java/1.8.0_211)[\r][\n]"
11:18:04.741 [Forwarding sendKeysToElement on session a94e1aece77984ea7873a75a87be31fb to remote] DEBUG org.apache.http.wire - http-outgoing-1 >> "Accept-Encoding: gzip,deflate[\r][\n]"
11:18:04.741 [Forwarding sendKeysToElement on session a94e1aece77984ea7873a75a87be31fb to remote] DEBUG org.apache.http.wire - http-outgoing-1 >> "[\r][\n]"
11:18:04.741 [Forwarding sendKeysToElement on session a94e1aece77984ea7873a75a87be31fb to remote] DEBUG org.apache.http.wire - http-outgoing-1 >> "{"id":"ecfa2720-c61d-4b9a-9609-8fd8bde3eff6","text":"/Users/tron/.jenkins/workspace/Tronscan_AutoTest/src/test/resources/right.sol","value":["/","U","s","e","r","s","/","t","r","o","n","/",".","j","e","n","k","i","n","s","/","w","o","r","k","s","p","a","c","e","/","T","r","o","n","s","c","a","n","_","A","u","t","o","T","e","s","t","/","s","r","c","/","t","e","s","t","/","r","e","s","o","u","r","c","e","s","/","r","i","g","h","t",".","s","o","l"]}"
11:18:04.746 [Forwarding sendKeysToElement on session a94e1aece77984ea7873a75a87be31fb to remote] DEBUG org.apache.http.wire - http-outgoing-1 << "HTTP/1.1 400 Bad Request[\r][\n]"
11:18:04.746 [Forwarding sendKeysToElement on session a94e1aece77984ea7873a75a87be31fb to remote] DEBUG org.apache.http.wire - http-outgoing-1 << "Content-Length:1955[\r][\n]"
11:18:04.746 [Forwarding sendKeysToElement on session a94e1aece77984ea7873a75a87be31fb to remote] DEBUG org.apache.http.wire - http-outgoing-1 << "Content-Type:application/json; charset=utf-8[\r][\n]"
11:18:04.746 [Forwarding sendKeysToElement on session a94e1aece77984ea7873a75a87be31fb to remote] DEBUG org.apache.http.wire - http-outgoing-1 << "cache-control:no-cache[\r][\n]"
11:18:04.746 [Forwarding sendKeysToElement on session a94e1aece77984ea7873a75a87be31fb to remote] DEBUG org.apache.http.wire - http-outgoing-1 << "[\r][\n]"
11:18:04.746 [Forwarding sendKeysToElement on session a94e1aece77984ea7873a75a87be31fb to remote] DEBUG org.apache.http.wire - http-outgoing-1 << "{"value":{"error":"invalid argument","message":"invalid argument: File not found : /Users/tron/.jenkins/workspace/Tronscan_AutoTest/src/test/resources/right.sol\n  (Session info: headless chrome=80.0.3987.162)","stacktrace":"0   chromedriver                        0x00000001044cb329 chromedriver + 3838761\n1   chromedriver                        0x0000000104465123 chromedriver + 3420451\n2   chromedriver                        0x00000001041d962f chromedriver + 751151\n3   chromedriver                        0x00000001041424e3 chromedriver + 132323\n4   chromedriver                        0x0000000104163592 chromedriver + 267666\n5   chromedriver                        0x000000010413f3c6 chromedriver + 119750\n6   chromedriver                        0x000000010416380e chromedriver + 268302\n7   chromedriver                        0x000000010417038b chromedriver + 320395\n8   chromedriver                        0x00000001041637b3 chromedriver + 268211\n9   chromedriver                        0x000000010413d0bd chromedriver + 110781\n10  chromedriver                        0x000000010413e055 chromedriver + 114773\n11  chromedriver                        0x000000010448cebf chromedriver + 3583679\n12  chromedriver                        0x0000000104499e4a chromedriver + 3636810\n13  chromedriver                        0x0000000104499be7 chromedriver + 3636199\n14  chromedriver                        0x0000000104470839 chromedriver + 3467321\n15  chromedriver                        0x000000010449a707 chromedriver + 3639047\n16  chromedriver                        0x0000000104482cc7 chromedriver + 3542215\n17  chromedriver                        0x00000001044b0324 chromedriver + 3728164\n18  chromedriver                        0x00000001044d1387 chromedriver + 3863431\n19  libsystem_pthread.dylib             0x00007fff7206ce65 _pthread_start + 148\n20  libsystem_pthread.dylib             0x00007fff7206883b thread_start + 15\n"}}"
11:18:04.746 [Forwarding sendKeysToElement on session a94e1aece77984ea7873a75a87be31fb to remote] DEBUG org.apache.http.headers - http-outgoing-1 << HTTP/1.1 400 Bad Request
11:18:04.746 [Forwarding sendKeysToElement on session a94e1aece77984ea7873a75a87be31fb to remote] DEBUG org.apache.http.headers - http-outgoing-1 << Content-Length:1955
11:18:04.746 [Forwarding sendKeysToElement on session a94e1aece77984ea7873a75a87be31fb to remote] DEBUG org.apache.http.headers - http-outgoing-1 << Content-Type:application/json; charset=utf-8
11:18:04.746 [Forwarding sendKeysToElement on session a94e1aece77984ea7873a75a87be31fb to remote] DEBUG org.apache.http.headers - http-outgoing-1 << cache-control:no-cache
11:18:04.746 [Forwarding sendKeysToElement on session a94e1aece77984ea7873a75a87be31fb to remote] DEBUG org.apache.http.impl.execchain.MainClientExec - Connection can be kept alive indefinitely
11:18:04.746 [Forwarding sendKeysToElement on session a94e1aece77984ea7873a75a87be31fb to remote] DEBUG org.apache.http.impl.conn.PoolingHttpClientConnectionManager - Connection [id: 1][route: {}->http://localhost:37445] can be kept alive indefinitely
11:18:04.746 [Forwarding sendKeysToElement on session a94e1aece77984ea7873a75a87be31fb to remote] DEBUG org.apache.http.impl.conn.PoolingHttpClientConnectionManager - Connection released: [id: 1][route: {}->http://localhost:37445][total kept alive: 2; route allocated: 1 of 2000; total allocated: 2 of 2000]
LOGIN
11:18:09.699 [Forwarding setCurrentWindowSize on session 1d3cd22b0bd1bbd9c5501c0091a40b8e to remote] DEBUG org.apache.http.client.protocol.RequestAddCookies - CookieSpec selected: default
11:18:09.699 [Forwarding setCurrentWindowSize on session 1d3cd22b0bd1bbd9c5501c0091a40b8e to remote] DEBUG org.apache.http.client.protocol.RequestAuthCache - Auth cache not set in the context
11:18:09.699 [Forwarding setCurrentWindowSize on session 1d3cd22b0bd1bbd9c5501c0091a40b8e to remote] DEBUG org.apache.http.impl.conn.PoolingHttpClientConnectionManager - Connection request: [route: {}->http://localhost:16620][total kept alive: 3; route allocated: 1 of 2000; total allocated: 3 of 2000]
11:18:09.700 [Forwarding setCurrentWindowSize on session 1d3cd22b0bd1bbd9c5501c0091a40b8e to remote] DEBUG org.apache.http.impl.conn.PoolingHttpClientConnectionManager - Connection leased: [id: 2][route: {}->http://localhost:16620][total kept alive: 2; route allocated: 1 of 2000; total allocated: 3 of 2000]
11:18:09.700 [Forwarding setCurrentWindowSize on session 1d3cd22b0bd1bbd9c5501c0091a40b8e to remote] DEBUG org.apache.http.impl.execchain.MainClientExec - Stale connection check
11:18:09.701 [Forwarding setCurrentWindowSize on session 1d3cd22b0bd1bbd9c5501c0091a40b8e to remote] DEBUG org.apache.http.wire - http-outgoing-2 << "[read] I/O error: Read timed out"
11:18:09.701 [Forwarding setCurrentWindowSize on session 1d3cd22b0bd1bbd9c5501c0091a40b8e to remote] DEBUG org.apache.http.impl.conn.DefaultManagedHttpClientConnection - http-outgoing-2: set socket timeout to 10800000
11:18:09.701 [Forwarding setCurrentWindowSize on session 1d3cd22b0bd1bbd9c5501c0091a40b8e to remote] DEBUG org.apache.http.impl.execchain.MainClientExec - Executing request POST /session/1d3cd22b0bd1bbd9c5501c0091a40b8e/window/rect HTTP/1.1
11:18:09.701 [Forwarding setCurrentWindowSize on session 1d3cd22b0bd1bbd9c5501c0091a40b8e to remote] DEBUG org.apache.http.impl.execchain.MainClientExec - Target auth state: UNCHALLENGED
11:18:09.701 [Forwarding setCurrentWindowSize on session 1d3cd22b0bd1bbd9c5501c0091a40b8e to remote] DEBUG org.apache.http.impl.execchain.MainClientExec - Proxy auth state: UNCHALLENGED
11:18:09.701 [Forwarding setCurrentWindowSize on session 1d3cd22b0bd1bbd9c5501c0091a40b8e to remote] DEBUG org.apache.http.headers - http-outgoing-2 >> POST /session/1d3cd22b0bd1bbd9c5501c0091a40b8e/window/rect HTTP/1.1
11:18:09.701 [Forwarding setCurrentWindowSize on session 1d3cd22b0bd1bbd9c5501c0091a40b8e to remote] DEBUG org.apache.http.headers - http-outgoing-2 >> Content-Type: application/json; charset=utf-8
11:18:09.701 [Forwarding setCurrentWindowSize on session 1d3cd22b0bd1bbd9c5501c0091a40b8e to remote] DEBUG org.apache.http.headers - http-outgoing-2 >> Content-Length: 28
11:18:09.701 [Forwarding setCurrentWindowSize on session 1d3cd22b0bd1bbd9c5501c0091a40b8e to remote] DEBUG org.apache.http.headers - http-outgoing-2 >> Host: localhost:16620
11:18:09.701 [Forwarding setCurrentWindowSize on session 1d3cd22b0bd1bbd9c5501c0091a40b8e to remote] DEBUG org.apache.http.headers - http-outgoing-2 >> Connection: Keep-Alive
11:18:09.701 [Forwarding setCurrentWindowSize on session 1d3cd22b0bd1bbd9c5501c0091a40b8e to remote] DEBUG org.apache.http.headers - http-outgoing-2 >> User-Agent: Apache-HttpClient/4.5.3 (Java/1.8.0_211)
11:18:09.701 [Forwarding setCurrentWindowSize on session 1d3cd22b0bd1bbd9c5501c0091a40b8e to remote] DEBUG org.apache.http.headers - http-outgoing-2 >> Accept-Encoding: gzip,deflate
11:18:09.701 [Forwarding setCurrentWindowSize on session 1d3cd22b0bd1bbd9c5501c0091a40b8e to remote] DEBUG org.apache.http.wire - http-outgoing-2 >> "POST /session/1d3cd22b0bd1bbd9c5501c0091a40b8e/window/rect HTTP/1.1[\r][\n]"
11:18:09.701 [Forwarding setCurrentWindowSize on session 1d3cd22b0bd1bbd9c5501c0091a40b8e to remote] DEBUG org.apache.http.wire - http-outgoing-2 >> "Content-Type: application/json; charset=utf-8[\r][\n]"
11:18:09.701 [Forwarding setCurrentWindowSize on session 1d3cd22b0bd1bbd9c5501c0091a40b8e to remote] DEBUG org.apache.http.wire - http-outgoing-2 >> "Content-Length: 28[\r][\n]"
11:18:09.701 [Forwarding setCurrentWindowSize on session 1d3cd22b0bd1bbd9c5501c0091a40b8e to remote] DEBUG org.apache.http.wire - http-outgoing-2 >> "Host: localhost:16620[\r][\n]"
11:18:09.701 [Forwarding setCurrentWindowSize on session 1d3cd22b0bd1bbd9c5501c0091a40b8e to remote] DEBUG org.apache.http.wire - http-outgoing-2 >> "Connection: Keep-Alive[\r][\n]"
11:18:09.701 [Forwarding setCurrentWindowSize on session 1d3cd22b0bd1bbd9c5501c0091a40b8e to remote] DEBUG org.apache.http.wire - http-outgoing-2 >> "User-Agent: Apache-HttpClient/4.5.3 (Java/1.8.0_211)[\r][\n]"
11:18:09.701 [Forwarding setCurrentWindowSize on session 1d3cd22b0bd1bbd9c5501c0091a40b8e to remote] DEBUG org.apache.http.wire - http-outgoing-2 >> "Accept-Encoding: gzip,deflate[\r][\n]"
11:18:09.701 [Forwarding setCurrentWindowSize on session 1d3cd22b0bd1bbd9c5501c0091a40b8e to remote] DEBUG org.apache.http.wire - http-outgoing-2 >> "[\r][\n]"
11:18:09.701 [Forwarding setCurrentWindowSize on session 1d3cd22b0bd1bbd9c5501c0091a40b8e to remote] DEBUG org.apache.http.wire - http-outgoing-2 >> "{"width":2560,"height":1440}"
11:18:09.807 [Forwarding setCurrentWindowSize on session 1d3cd22b0bd1bbd9c5501c0091a40b8e to remote] DEBUG org.apache.http.wire - http-outgoing-2 << "HTTP/1.1 200 OK[\r][\n]"
11:18:09.807 [Forwarding setCurrentWindowSize on session 1d3cd22b0bd1bbd9c5501c0091a40b8e to remote] DEBUG org.apache.http.wire - http-outgoing-2 << "Content-Length:50[\r][\n]"
11:18:09.807 [Forwarding setCurrentWindowSize on session 1d3cd22b0bd1bbd9c5501c0091a40b8e to remote] DEBUG org.apache.http.wire - http-outgoing-2 << "Content-Type:application/json; charset=utf-8[\r][\n]"
11:18:09.807 [Forwarding setCurrentWindowSize on session 1d3cd22b0bd1bbd9c5501c0091a40b8e to remote] DEBUG org.apache.http.wire - http-outgoing-2 << "cache-control:no-cache[\r][\n]"
11:18:09.807 [Forwarding setCurrentWindowSize on session 1d3cd22b0bd1bbd9c5501c0091a40b8e to remote] DEBUG org.apache.http.wire - http-outgoing-2 << "[\r][\n]"
11:18:09.807 [Forwarding setCurrentWindowSize on session 1d3cd22b0bd1bbd9c5501c0091a40b8e to remote] DEBUG org.apache.http.wire - http-outgoing-2 << "{"value":{"height":1440,"width":2560,"x":0,"y":0}}"
11:18:09.807 [Forwarding setCurrentWindowSize on session 1d3cd22b0bd1bbd9c5501c0091a40b8e to remote] DEBUG org.apache.http.headers - http-outgoing-2 << HTTP/1.1 200 OK
11:18:09.807 [Forwarding setCurrentWindowSize on session 1d3cd22b0bd1bbd9c5501c0091a40b8e to remote] DEBUG org.apache.http.headers - http-outgoing-2 << Content-Length:50
11:18:09.807 [Forwarding setCurrentWindowSize on session 1d3cd22b0bd1bbd9c5501c0091a40b8e to remote] DEBUG org.apache.http.headers - http-outgoing-2 << Content-Type:application/json; charset=utf-8
11:18:09.807 [Forwarding setCurrentWindowSize on session 1d3cd22b0bd1bbd9c5501c0091a40b8e to remote] DEBUG org.apache.http.headers - http-outgoing-2 << cache-control:no-cache
11:18:09.807 [Forwarding setCurrentWindowSize on session 1d3cd22b0bd1bbd9c5501c0091a40b8e to remote] DEBUG org.apache.http.impl.execchain.MainClientExec - Connection can be kept alive indefinitely
11:18:09.807 [Forwarding setCurrentWindowSize on session 1d3cd22b0bd1bbd9c5501c0091a40b8e to remote] DEBUG org.apache.http.impl.conn.PoolingHttpClientConnectionManager - Connection [id: 2][route: {}->http://localhost:16620] can be kept alive indefinitely
11:18:09.807 [Forwarding setCurrentWindowSize on session 1d3cd22b0bd1bbd9c5501c0091a40b8e to remote] DEBUG org.apache.http.impl.conn.PoolingHttpClientConnectionManager - Connection released: [id: 2][route: {}->http://localhost:16620][total kept alive: 3; route allocated: 1 of 2000; total allocated: 3 of 2000]
11:18:10.013 [Forwarding findElement on session 1d3cd22b0bd1bbd9c5501c0091a40b8e to remote] DEBUG org.apache.http.client.protocol.RequestAddCookies - CookieSpec selected: default
11:18:10.013 [Forwarding findElement on session 1d3cd22b0bd1bbd9c5501c0091a40b8e to remote] DEBUG org.apache.http.client.protocol.RequestAuthCache - Auth cache not set in the context
11:18:10.013 [Forwarding findElement on session 1d3cd22b0bd1bbd9c5501c0091a40b8e to remote] DEBUG org.apache.http.impl.conn.PoolingHttpClientConnectionManager - Connection request: [route: {}->http://localhost:16620][total kept alive: 3; route allocated: 1 of 2000; total allocated: 3 of 2000]
11:18:10.013 [Forwarding findElement on session 1d3cd22b0bd1bbd9c5501c0091a40b8e to remote] DEBUG org.apache.http.impl.conn.PoolingHttpClientConnectionManager - Connection leased: [id: 2][route: {}->http://localhost:16620][total kept alive: 2; route allocated: 1 of 2000; total allocated: 3 of 2000]
11:18:10.013 [Forwarding findElement on session 1d3cd22b0bd1bbd9c5501c0091a40b8e to remote] DEBUG org.apache.http.impl.execchain.MainClientExec - Stale connection check
11:18:10.015 [Forwarding findElement on session 1d3cd22b0bd1bbd9c5501c0091a40b8e to remote] DEBUG org.apache.http.wire - http-outgoing-2 << "[read] I/O error: Read timed out"
11:18:10.015 [Forwarding findElement on session 1d3cd22b0bd1bbd9c5501c0091a40b8e to remote] DEBUG org.apache.http.impl.conn.DefaultManagedHttpClientConnection - http-outgoing-2: set socket timeout to 10800000
11:18:10.015 [Forwarding findElement on session 1d3cd22b0bd1bbd9c5501c0091a40b8e to remote] DEBUG org.apache.http.impl.execchain.MainClientExec - Executing request POST /session/1d3cd22b0bd1bbd9c5501c0091a40b8e/element HTTP/1.1
11:18:10.015 [Forwarding findElement on session 1d3cd22b0bd1bbd9c5501c0091a40b8e to remote] DEBUG org.apache.http.impl.execchain.MainClientExec - Target auth state: UNCHALLENGED
11:18:10.015 [Forwarding findElement on session 1d3cd22b0bd1bbd9c5501c0091a40b8e to remote] DEBUG org.apache.http.impl.execchain.MainClientExec - Proxy auth state: UNCHALLENGED
11:18:10.015 [Forwarding findElement on session 1d3cd22b0bd1bbd9c5501c0091a40b8e to remote] DEBUG org.apache.http.headers - http-outgoing-2 >> POST /session/1d3cd22b0bd1bbd9c5501c0091a40b8e/element HTTP/1.1
11:18:10.015 [Forwarding findElement on session 1d3cd22b0bd1bbd9c5501c0091a40b8e to remote] DEBUG org.apache.http.headers - http-outgoing-2 >> Content-Type: application/json; charset=utf-8
11:18:10.015 [Forwarding findElement on session 1d3cd22b0bd1bbd9c5501c0091a40b8e to remote] DEBUG org.apache.http.headers - http-outgoing-2 >> Content-Length: 58
11:18:10.015 [Forwarding findElement on session 1d3cd22b0bd1bbd9c5501c0091a40b8e to remote] DEBUG org.apache.http.headers - http-outgoing-2 >> Host: localhost:16620
11:18:10.015 [Forwarding findElement on session 1d3cd22b0bd1bbd9c5501c0091a40b8e to remote] DEBUG org.apache.http.headers - http-outgoing-2 >> Connection: Keep-Alive
11:18:10.015 [Forwarding findElement on session 1d3cd22b0bd1bbd9c5501c0091a40b8e to remote] DEBUG org.apache.http.headers - http-outgoing-2 >> User-Agent: Apache-HttpClient/4.5.3 (Java/1.8.0_211)
11:18:10.015 [Forwarding findElement on session 1d3cd22b0bd1bbd9c5501c0091a40b8e to remote] DEBUG org.apache.http.headers - http-outgoing-2 >> Accept-Encoding: gzip,deflate
11:18:10.015 [Forwarding findElement on session 1d3cd22b0bd1bbd9c5501c0091a40b8e to remote] DEBUG org.apache.http.wire - http-outgoing-2 >> "POST /session/1d3cd22b0bd1bbd9c5501c0091a40b8e/element HTTP/1.1[\r][\n]"
11:18:10.015 [Forwarding findElement on session 1d3cd22b0bd1bbd9c5501c0091a40b8e to remote] DEBUG org.apache.http.wire - http-outgoing-2 >> "Content-Type: application/json; charset=utf-8[\r][\n]"
11:18:10.015 [Forwarding findElement on session 1d3cd22b0bd1bbd9c5501c0091a40b8e to remote] DEBUG org.apache.http.wire - http-outgoing-2 >> "Content-Length: 58[\r][\n]"
11:18:10.015 [Forwarding findElement on session 1d3cd22b0bd1bbd9c5501c0091a40b8e to remote] DEBUG org.apache.http.wire - http-outgoing-2 >> "Host: localhost:16620[\r][\n]"
11:18:10.015 [Forwarding findElement on session 1d3cd22b0bd1bbd9c5501c0091a40b8e to remote] DEBUG org.apache.http.wire - http-outgoing-2 >> "Connection: Keep-Alive[\r][\n]"
11:18:10.015 [Forwarding findElement on session 1d3cd22b0bd1bbd9c5501c0091a40b8e to remote] DEBUG org.apache.http.wire - http-outgoing-2 >> "User-Agent: Apache-HttpClient/4.5.3 (Java/1.8.0_211)[\r][\n]"
11:18:10.015 [Forwarding findElement on session 1d3cd22b0bd1bbd9c5501c0091a40b8e to remote] DEBUG org.apache.http.wire - http-outgoing-2 >> "Accept-Encoding: gzip,deflate[\r][\n]"
11:18:10.015 [Forwarding findElement on session 1d3cd22b0bd1bbd9c5501c0091a40b8e to remote] DEBUG org.apache.http.wire - http-outgoing-2 >> "[\r][\n]"
11:18:10.015 [Forwarding findElement on session 1d3cd22b0bd1bbd9c5501c0091a40b8e to remote] DEBUG org.apache.http.wire - http-outgoing-2 >> "{"value":".dropdown-toggle > span","using":"css selector"}"
11:18:10.071 [Forwarding findElement on session 1d3cd22b0bd1bbd9c5501c0091a40b8e to remote] DEBUG org.apache.http.wire - http-outgoing-2 << "HTTP/1.1 200 OK[\r][\n]"
11:18:10.071 [Forwarding findElement on session 1d3cd22b0bd1bbd9c5501c0091a40b8e to remote] DEBUG org.apache.http.wire - http-outgoing-2 << "Content-Length:88[\r][\n]"
11:18:10.071 [Forwarding findElement on session 1d3cd22b0bd1bbd9c5501c0091a40b8e to remote] DEBUG org.apache.http.wire - http-outgoing-2 << "Content-Type:application/json; charset=utf-8[\r][\n]"
11:18:10.071 [Forwarding findElement on session 1d3cd22b0bd1bbd9c5501c0091a40b8e to remote] DEBUG org.apache.http.wire - http-outgoing-2 << "cache-control:no-cache[\r][\n]"
11:18:10.071 [Forwarding findElement on session 1d3cd22b0bd1bbd9c5501c0091a40b8e to remote] DEBUG org.apache.http.wire - http-outgoing-2 << "[\r][\n]"
11:18:10.071 [Forwarding findElement on session 1d3cd22b0bd1bbd9c5501c0091a40b8e to remote] DEBUG org.apache.http.wire - http-outgoing-2 << "{"value":{"element-6066-11e4-a52e-4f735466cecf":"f4630fe3-49ba-459b-8018-72d7d556b55f"}}"
11:18:10.071 [Forwarding findElement on session 1d3cd22b0bd1bbd9c5501c0091a40b8e to remote] DEBUG org.apache.http.headers - http-outgoing-2 << HTTP/1.1 200 OK
11:18:10.071 [Forwarding findElement on session 1d3cd22b0bd1bbd9c5501c0091a40b8e to remote] DEBUG org.apache.http.headers - http-outgoing-2 << Content-Length:88
11:18:10.071 [Forwarding findElement on session 1d3cd22b0bd1bbd9c5501c0091a40b8e to remote] DEBUG org.apache.http.headers - http-outgoing-2 << Content-Type:application/json; charset=utf-8
11:18:10.071 [Forwarding findElement on session 1d3cd22b0bd1bbd9c5501c0091a40b8e to remote] DEBUG org.apache.http.headers - http-outgoing-2 << cache-control:no-cache
11:18:10.071 [Forwarding findElement on session 1d3cd22b0bd1bbd9c5501c0091a40b8e to remote] DEBUG org.apache.http.impl.execchain.MainClientExec - Connection can be kept alive indefinitely
11:18:10.071 [Forwarding findElement on session 1d3cd22b0bd1bbd9c5501c0091a40b8e to remote] DEBUG org.apache.http.impl.conn.PoolingHttpClientConnectionManager - Connection [id: 2][route: {}->http://localhost:16620] can be kept alive indefinitely
11:18:10.071 [Forwarding findElement on session 1d3cd22b0bd1bbd9c5501c0091a40b8e to remote] DEBUG org.apache.http.impl.conn.PoolingHttpClientConnectionManager - Connection released: [id: 2][route: {}->http://localhost:16620][total kept alive: 3; route allocated: 1 of 2000; total allocated: 3 of 2000]
11:18:10.072 [Forwarding actions on session 1d3cd22b0bd1bbd9c5501c0091a40b8e to remote] DEBUG org.apache.http.client.protocol.RequestAddCookies - CookieSpec selected: default
11:18:10.072 [Forwarding actions on session 1d3cd22b0bd1bbd9c5501c0091a40b8e to remote] DEBUG org.apache.http.client.protocol.RequestAuthCache - Auth cache not set in the context
11:18:10.072 [Forwarding actions on session 1d3cd22b0bd1bbd9c5501c0091a40b8e to remote] DEBUG org.apache.http.impl.conn.PoolingHttpClientConnectionManager - Connection request: [route: {}->http://localhost:16620][total kept alive: 3; route allocated: 1 of 2000; total allocated: 3 of 2000]
11:18:10.072 [Forwarding actions on session 1d3cd22b0bd1bbd9c5501c0091a40b8e to remote] DEBUG org.apache.http.impl.conn.PoolingHttpClientConnectionManager - Connection leased: [id: 2][route: {}->http://localhost:16620][total kept alive: 2; route allocated: 1 of 2000; total allocated: 3 of 2000]
11:18:10.072 [Forwarding actions on session 1d3cd22b0bd1bbd9c5501c0091a40b8e to remote] DEBUG org.apache.http.impl.execchain.MainClientExec - Stale connection check
11:18:10.073 [Forwarding actions on session 1d3cd22b0bd1bbd9c5501c0091a40b8e to remote] DEBUG org.apache.http.wire - http-outgoing-2 << "[read] I/O error: Read timed out"
11:18:10.073 [Forwarding actions on session 1d3cd22b0bd1bbd9c5501c0091a40b8e to remote] DEBUG org.apache.http.impl.conn.DefaultManagedHttpClientConnection - http-outgoing-2: set socket timeout to 10800000
11:18:10.073 [Forwarding actions on session 1d3cd22b0bd1bbd9c5501c0091a40b8e to remote] DEBUG org.apache.http.impl.execchain.MainClientExec - Executing request POST /session/1d3cd22b0bd1bbd9c5501c0091a40b8e/actions HTTP/1.1
11:18:10.073 [Forwarding actions on session 1d3cd22b0bd1bbd9c5501c0091a40b8e to remote] DEBUG org.apache.http.impl.execchain.MainClientExec - Target auth state: UNCHALLENGED
11:18:10.073 [Forwarding actions on session 1d3cd22b0bd1bbd9c5501c0091a40b8e to remote] DEBUG org.apache.http.impl.execchain.MainClientExec - Proxy auth state: UNCHALLENGED
11:18:10.073 [Forwarding actions on session 1d3cd22b0bd1bbd9c5501c0091a40b8e to remote] DEBUG org.apache.http.headers - http-outgoing-2 >> POST /session/1d3cd22b0bd1bbd9c5501c0091a40b8e/actions HTTP/1.1
11:18:10.073 [Forwarding actions on session 1d3cd22b0bd1bbd9c5501c0091a40b8e to remote] DEBUG org.apache.http.headers - http-outgoing-2 >> Content-Type: application/json; charset=utf-8
11:18:10.073 [Forwarding actions on session 1d3cd22b0bd1bbd9c5501c0091a40b8e to remote] DEBUG org.apache.http.headers - http-outgoing-2 >> Content-Length: 289
11:18:10.073 [Forwarding actions on session 1d3cd22b0bd1bbd9c5501c0091a40b8e to remote] DEBUG org.apache.http.headers - http-outgoing-2 >> Host: localhost:16620
11:18:10.073 [Forwarding actions on session 1d3cd22b0bd1bbd9c5501c0091a40b8e to remote] DEBUG org.apache.http.headers - http-outgoing-2 >> Connection: Keep-Alive
11:18:10.073 [Forwarding actions on session 1d3cd22b0bd1bbd9c5501c0091a40b8e to remote] DEBUG org.apache.http.headers - http-outgoing-2 >> User-Agent: Apache-HttpClient/4.5.3 (Java/1.8.0_211)
11:18:10.073 [Forwarding actions on session 1d3cd22b0bd1bbd9c5501c0091a40b8e to remote] DEBUG org.apache.http.headers - http-outgoing-2 >> Accept-Encoding: gzip,deflate
11:18:10.073 [Forwarding actions on session 1d3cd22b0bd1bbd9c5501c0091a40b8e to remote] DEBUG org.apache.http.wire - http-outgoing-2 >> "POST /session/1d3cd22b0bd1bbd9c5501c0091a40b8e/actions HTTP/1.1[\r][\n]"
11:18:10.073 [Forwarding actions on session 1d3cd22b0bd1bbd9c5501c0091a40b8e to remote] DEBUG org.apache.http.wire - http-outgoing-2 >> "Content-Type: application/json; charset=utf-8[\r][\n]"
11:18:10.073 [Forwarding actions on session 1d3cd22b0bd1bbd9c5501c0091a40b8e to remote] DEBUG org.apache.http.wire - http-outgoing-2 >> "Content-Length: 289[\r][\n]"
11:18:10.073 [Forwarding actions on session 1d3cd22b0bd1bbd9c5501c0091a40b8e to remote] DEBUG org.apache.http.wire - http-outgoing-2 >> "Host: localhost:16620[\r][\n]"
11:18:10.073 [Forwarding actions on session 1d3cd22b0bd1bbd9c5501c0091a40b8e to remote] DEBUG org.apache.http.wire - http-outgoing-2 >> "Connection: Keep-Alive[\r][\n]"
11:18:10.073 [Forwarding actions on session 1d3cd22b0bd1bbd9c5501c0091a40b8e to remote] DEBUG org.apache.http.wire - http-outgoing-2 >> "User-Agent: Apache-HttpClient/4.5.3 (Java/1.8.0_211)[\r][\n]"
11:18:10.073 [Forwarding actions on session 1d3cd22b0bd1bbd9c5501c0091a40b8e to remote] DEBUG org.apache.http.wire - http-outgoing-2 >> "Accept-Encoding: gzip,deflate[\r][\n]"
11:18:10.073 [Forwarding actions on session 1d3cd22b0bd1bbd9c5501c0091a40b8e to remote] DEBUG org.apache.http.wire - http-outgoing-2 >> "[\r][\n]"
11:18:10.073 [Forwarding actions on session 1d3cd22b0bd1bbd9c5501c0091a40b8e to remote] DEBUG org.apache.http.wire - http-outgoing-2 >> "{"actions":[{"id":"default mouse","type":"pointer","parameters":{"pointerType":"mouse"},"actions":[{"duration":100,"x":0,"y":0,"type":"pointerMove","origin":{"ELEMENT":"f4630fe3-49ba-459b-8018-72d7d556b55f","element-6066-11e4-a52e-4f735466cecf":"f4630fe3-49ba-459b-8018-72d7d556b55f"}}]}]}"
11:18:10.183 [Forwarding actions on session 1d3cd22b0bd1bbd9c5501c0091a40b8e to remote] DEBUG org.apache.http.wire - http-outgoing-2 << "HTTP/1.1 200 OK[\r][\n]"
11:18:10.183 [Forwarding actions on session 1d3cd22b0bd1bbd9c5501c0091a40b8e to remote] DEBUG org.apache.http.wire - http-outgoing-2 << "Content-Length:14[\r][\n]"
11:18:10.183 [Forwarding actions on session 1d3cd22b0bd1bbd9c5501c0091a40b8e to remote] DEBUG org.apache.http.wire - http-outgoing-2 << "Content-Type:application/json; charset=utf-8[\r][\n]"
11:18:10.183 [Forwarding actions on session 1d3cd22b0bd1bbd9c5501c0091a40b8e to remote] DEBUG org.apache.http.wire - http-outgoing-2 << "cache-control:no-cache[\r][\n]"
11:18:10.183 [Forwarding actions on session 1d3cd22b0bd1bbd9c5501c0091a40b8e to remote] DEBUG org.apache.http.wire - http-outgoing-2 << "[\r][\n]"
11:18:10.183 [Forwarding actions on session 1d3cd22b0bd1bbd9c5501c0091a40b8e to remote] DEBUG org.apache.http.wire - http-outgoing-2 << "{"value":null}"
11:18:10.183 [Forwarding actions on session 1d3cd22b0bd1bbd9c5501c0091a40b8e to remote] DEBUG org.apache.http.headers - http-outgoing-2 << HTTP/1.1 200 OK
11:18:10.183 [Forwarding actions on session 1d3cd22b0bd1bbd9c5501c0091a40b8e to remote] DEBUG org.apache.http.headers - http-outgoing-2 << Content-Length:14
11:18:10.183 [Forwarding actions on session 1d3cd22b0bd1bbd9c5501c0091a40b8e to remote] DEBUG org.apache.http.headers - http-outgoing-2 << Content-Type:application/json; charset=utf-8
11:18:10.183 [Forwarding actions on session 1d3cd22b0bd1bbd9c5501c0091a40b8e to remote] DEBUG org.apache.http.headers - http-outgoing-2 << cache-control:no-cache
11:18:10.183 [Forwarding actions on session 1d3cd22b0bd1bbd9c5501c0091a40b8e to remote] DEBUG org.apache.http.impl.execchain.MainClientExec - Connection can be kept alive indefinitely
11:18:10.183 [Forwarding actions on session 1d3cd22b0bd1bbd9c5501c0091a40b8e to remote] DEBUG org.apache.http.impl.conn.PoolingHttpClientConnectionManager - Connection [id: 2][route: {}->http://localhost:16620] can be kept alive indefinitely
11:18:10.183 [Forwarding actions on session 1d3cd22b0bd1bbd9c5501c0091a40b8e to remote] DEBUG org.apache.http.impl.conn.PoolingHttpClientConnectionManager - Connection released: [id: 2][route: {}->http://localhost:16620][total kept alive: 3; route allocated: 1 of 2000; total allocated: 3 of 2000]
11:18:10.184 [Forwarding findElement on session 1d3cd22b0bd1bbd9c5501c0091a40b8e to remote] DEBUG org.apache.http.client.protocol.RequestAddCookies - CookieSpec selected: default
11:18:10.184 [Forwarding findElement on session 1d3cd22b0bd1bbd9c5501c0091a40b8e to remote] DEBUG org.apache.http.client.protocol.RequestAuthCache - Auth cache not set in the context
11:18:10.184 [Forwarding findElement on session 1d3cd22b0bd1bbd9c5501c0091a40b8e to remote] DEBUG org.apache.http.impl.conn.PoolingHttpClientConnectionManager - Connection request: [route: {}->http://localhost:16620][total kept alive: 3; route allocated: 1 of 2000; total allocated: 3 of 2000]
11:18:10.184 [Forwarding findElement on session 1d3cd22b0bd1bbd9c5501c0091a40b8e to remote] DEBUG org.apache.http.impl.conn.PoolingHttpClientConnectionManager - Connection leased: [id: 2][route: {}->http://localhost:16620][total kept alive: 2; route allocated: 1 of 2000; total allocated: 3 of 2000]
11:18:10.184 [Forwarding findElement on session 1d3cd22b0bd1bbd9c5501c0091a40b8e to remote] DEBUG org.apache.http.impl.execchain.MainClientExec - Stale connection check
11:18:10.186 [Forwarding findElement on session 1d3cd22b0bd1bbd9c5501c0091a40b8e to remote] DEBUG org.apache.http.wire - http-outgoing-2 << "[read] I/O error: Read timed out"
11:18:10.186 [Forwarding findElement on session 1d3cd22b0bd1bbd9c5501c0091a40b8e to remote] DEBUG org.apache.http.impl.conn.DefaultManagedHttpClientConnection - http-outgoing-2: set socket timeout to 10800000
11:18:10.186 [Forwarding findElement on session 1d3cd22b0bd1bbd9c5501c0091a40b8e to remote] DEBUG org.apache.http.impl.execchain.MainClientExec - Executing request POST /session/1d3cd22b0bd1bbd9c5501c0091a40b8e/element HTTP/1.1
11:18:10.186 [Forwarding findElement on session 1d3cd22b0bd1bbd9c5501c0091a40b8e to remote] DEBUG org.apache.http.impl.execchain.MainClientExec - Target auth state: UNCHALLENGED
11:18:10.186 [Forwarding findElement on session 1d3cd22b0bd1bbd9c5501c0091a40b8e to remote] DEBUG org.apache.http.impl.execchain.MainClientExec - Proxy auth state: UNCHALLENGED
11:18:10.186 [Forwarding findElement on session 1d3cd22b0bd1bbd9c5501c0091a40b8e to remote] DEBUG org.apache.http.headers - http-outgoing-2 >> POST /session/1d3cd22b0bd1bbd9c5501c0091a40b8e/element HTTP/1.1
11:18:10.186 [Forwarding findElement on session 1d3cd22b0bd1bbd9c5501c0091a40b8e to remote] DEBUG org.apache.http.headers - http-outgoing-2 >> Content-Type: application/json; charset=utf-8
11:18:10.186 [Forwarding findElement on session 1d3cd22b0bd1bbd9c5501c0091a40b8e to remote] DEBUG org.apache.http.headers - http-outgoing-2 >> Content-Length: 58
11:18:10.186 [Forwarding findElement on session 1d3cd22b0bd1bbd9c5501c0091a40b8e to remote] DEBUG org.apache.http.headers - http-outgoing-2 >> Host: localhost:16620
11:18:10.186 [Forwarding findElement on session 1d3cd22b0bd1bbd9c5501c0091a40b8e to remote] DEBUG org.apache.http.headers - http-outgoing-2 >> Connection: Keep-Alive
11:18:10.186 [Forwarding findElement on session 1d3cd22b0bd1bbd9c5501c0091a40b8e to remote] DEBUG org.apache.http.headers - http-outgoing-2 >> User-Agent: Apache-HttpClient/4.5.3 (Java/1.8.0_211)
11:18:10.186 [Forwarding findElement on session 1d3cd22b0bd1bbd9c5501c0091a40b8e to remote] DEBUG org.apache.http.headers - http-outgoing-2 >> Accept-Encoding: gzip,deflate
11:18:10.186 [Forwarding findElement on session 1d3cd22b0bd1bbd9c5501c0091a40b8e to remote] DEBUG org.apache.http.wire - http-outgoing-2 >> "POST /session/1d3cd22b0bd1bbd9c5501c0091a40b8e/element HTTP/1.1[\r][\n]"
11:18:10.186 [Forwarding findElement on session 1d3cd22b0bd1bbd9c5501c0091a40b8e to remote] DEBUG org.apache.http.wire - http-outgoing-2 >> "Content-Type: application/json; charset=utf-8[\r][\n]"
11:18:10.186 [Forwarding findElement on session 1d3cd22b0bd1bbd9c5501c0091a40b8e to remote] DEBUG org.apache.http.wire - http-outgoing-2 >> "Content-Length: 58[\r][\n]"
11:18:10.186 [Forwarding findElement on session 1d3cd22b0bd1bbd9c5501c0091a40b8e to remote] DEBUG org.apache.http.wire - http-outgoing-2 >> "Host: localhost:16620[\r][\n]"
11:18:10.186 [Forwarding findElement on session 1d3cd22b0bd1bbd9c5501c0091a40b8e to remote] DEBUG org.apache.http.wire - http-outgoing-2 >> "Connection: Keep-Alive[\r][\n]"
11:18:10.186 [Forwarding findElement on session 1d3cd22b0bd1bbd9c5501c0091a40b8e to remote] DEBUG org.apache.http.wire - http-outgoing-2 >> "User-Agent: Apache-HttpClient/4.5.3 (Java/1.8.0_211)[\r][\n]"
11:18:10.186 [Forwarding findElement on session 1d3cd22b0bd1bbd9c5501c0091a40b8e to remote] DEBUG org.apache.http.wire - http-outgoing-2 >> "Accept-Encoding: gzip,deflate[\r][\n]"
11:18:10.186 [Forwarding findElement on session 1d3cd22b0bd1bbd9c5501c0091a40b8e to remote] DEBUG org.apache.http.wire - http-outgoing-2 >> "[\r][\n]"
11:18:10.186 [Forwarding findElement on session 1d3cd22b0bd1bbd9c5501c0091a40b8e to remote] DEBUG org.apache.http.wire - http-outgoing-2 >> "{"value":".px-2:nth-child(3) span","using":"css selector"}"
11:18:10.191 [Forwarding findElement on session 1d3cd22b0bd1bbd9c5501c0091a40b8e to remote] DEBUG org.apache.http.wire - http-outgoing-2 << "HTTP/1.1 200 OK[\r][\n]"
11:18:10.191 [Forwarding findElement on session 1d3cd22b0bd1bbd9c5501c0091a40b8e to remote] DEBUG org.apache.http.wire - http-outgoing-2 << "Content-Length:88[\r][\n]"
11:18:10.191 [Forwarding findElement on session 1d3cd22b0bd1bbd9c5501c0091a40b8e to remote] DEBUG org.apache.http.wire - http-outgoing-2 << "Content-Type:application/json; charset=utf-8[\r][\n]"
11:18:10.191 [Forwarding findElement on session 1d3cd22b0bd1bbd9c5501c0091a40b8e to remote] DEBUG org.apache.http.wire - http-outgoing-2 << "cache-control:no-cache[\r][\n]"
11:18:10.191 [Forwarding findElement on session 1d3cd22b0bd1bbd9c5501c0091a40b8e to remote] DEBUG org.apache.http.wire - http-outgoing-2 << "[\r][\n]"
11:18:10.191 [Forwarding findElement on session 1d3cd22b0bd1bbd9c5501c0091a40b8e to remote] DEBUG org.apache.http.wire - http-outgoing-2 << "{"value":{"element-6066-11e4-a52e-4f735466cecf":"a28fd464-cb65-41df-95d3-e38f262f3eda"}}"
11:18:10.191 [Forwarding findElement on session 1d3cd22b0bd1bbd9c5501c0091a40b8e to remote] DEBUG org.apache.http.headers - http-outgoing-2 << HTTP/1.1 200 OK
11:18:10.191 [Forwarding findElement on session 1d3cd22b0bd1bbd9c5501c0091a40b8e to remote] DEBUG org.apache.http.headers - http-outgoing-2 << Content-Length:88
11:18:10.191 [Forwarding findElement on session 1d3cd22b0bd1bbd9c5501c0091a40b8e to remote] DEBUG org.apache.http.headers - http-outgoing-2 << Content-Type:application/json; charset=utf-8
11:18:10.191 [Forwarding findElement on session 1d3cd22b0bd1bbd9c5501c0091a40b8e to remote] DEBUG org.apache.http.headers - http-outgoing-2 << cache-control:no-cache
11:18:10.191 [Forwarding findElement on session 1d3cd22b0bd1bbd9c5501c0091a40b8e to remote] DEBUG org.apache.http.impl.execchain.MainClientExec - Connection can be kept alive indefinitely
11:18:10.192 [Forwarding findElement on session 1d3cd22b0bd1bbd9c5501c0091a40b8e to remote] DEBUG org.apache.http.impl.conn.PoolingHttpClientConnectionManager - Connection [id: 2][route: {}->http://localhost:16620] can be kept alive indefinitely
11:18:10.192 [Forwarding findElement on session 1d3cd22b0bd1bbd9c5501c0091a40b8e to remote] DEBUG org.apache.http.impl.conn.PoolingHttpClientConnectionManager - Connection released: [id: 2][route: {}->http://localhost:16620][total kept alive: 3; route allocated: 1 of 2000; total allocated: 3 of 2000]
11:18:10.192 [Forwarding clickElement on session 1d3cd22b0bd1bbd9c5501c0091a40b8e to remote] DEBUG org.apache.http.client.protocol.RequestAddCookies - CookieSpec selected: default
11:18:10.192 [Forwarding clickElement on session 1d3cd22b0bd1bbd9c5501c0091a40b8e to remote] DEBUG org.apache.http.client.protocol.RequestAuthCache - Auth cache not set in the context
11:18:10.192 [Forwarding clickElement on session 1d3cd22b0bd1bbd9c5501c0091a40b8e to remote] DEBUG org.apache.http.impl.conn.PoolingHttpClientConnectionManager - Connection request: [route: {}->http://localhost:16620][total kept alive: 3; route allocated: 1 of 2000; total allocated: 3 of 2000]
11:18:10.192 [Forwarding clickElement on session 1d3cd22b0bd1bbd9c5501c0091a40b8e to remote] DEBUG org.apache.http.impl.conn.PoolingHttpClientConnectionManager - Connection leased: [id: 2][route: {}->http://localhost:16620][total kept alive: 2; route allocated: 1 of 2000; total allocated: 3 of 2000]
11:18:10.192 [Forwarding clickElement on session 1d3cd22b0bd1bbd9c5501c0091a40b8e to remote] DEBUG org.apache.http.impl.execchain.MainClientExec - Stale connection check
11:18:10.194 [Forwarding clickElement on session 1d3cd22b0bd1bbd9c5501c0091a40b8e to remote] DEBUG org.apache.http.wire - http-outgoing-2 << "[read] I/O error: Read timed out"
11:18:10.194 [Forwarding clickElement on session 1d3cd22b0bd1bbd9c5501c0091a40b8e to remote] DEBUG org.apache.http.impl.conn.DefaultManagedHttpClientConnection - http-outgoing-2: set socket timeout to 10800000
11:18:10.194 [Forwarding clickElement on session 1d3cd22b0bd1bbd9c5501c0091a40b8e to remote] DEBUG org.apache.http.impl.execchain.MainClientExec - Executing request POST /session/1d3cd22b0bd1bbd9c5501c0091a40b8e/element/a28fd464-cb65-41df-95d3-e38f262f3eda/click HTTP/1.1
11:18:10.194 [Forwarding clickElement on session 1d3cd22b0bd1bbd9c5501c0091a40b8e to remote] DEBUG org.apache.http.impl.execchain.MainClientExec - Target auth state: UNCHALLENGED
11:18:10.194 [Forwarding clickElement on session 1d3cd22b0bd1bbd9c5501c0091a40b8e to remote] DEBUG org.apache.http.impl.execchain.MainClientExec - Proxy auth state: UNCHALLENGED
11:18:10.194 [Forwarding clickElement on session 1d3cd22b0bd1bbd9c5501c0091a40b8e to remote] DEBUG org.apache.http.headers - http-outgoing-2 >> POST /session/1d3cd22b0bd1bbd9c5501c0091a40b8e/element/a28fd464-cb65-41df-95d3-e38f262f3eda/click HTTP/1.1
11:18:10.194 [Forwarding clickElement on session 1d3cd22b0bd1bbd9c5501c0091a40b8e to remote] DEBUG org.apache.http.headers - http-outgoing-2 >> Content-Type: application/json; charset=utf-8
11:18:10.194 [Forwarding clickElement on session 1d3cd22b0bd1bbd9c5501c0091a40b8e to remote] DEBUG org.apache.http.headers - http-outgoing-2 >> Content-Length: 45
11:18:10.194 [Forwarding clickElement on session 1d3cd22b0bd1bbd9c5501c0091a40b8e to remote] DEBUG org.apache.http.headers - http-outgoing-2 >> Host: localhost:16620
11:18:10.194 [Forwarding clickElement on session 1d3cd22b0bd1bbd9c5501c0091a40b8e to remote] DEBUG org.apache.http.headers - http-outgoing-2 >> Connection: Keep-Alive
11:18:10.194 [Forwarding clickElement on session 1d3cd22b0bd1bbd9c5501c0091a40b8e to remote] DEBUG org.apache.http.headers - http-outgoing-2 >> User-Agent: Apache-HttpClient/4.5.3 (Java/1.8.0_211)
11:18:10.194 [Forwarding clickElement on session 1d3cd22b0bd1bbd9c5501c0091a40b8e to remote] DEBUG org.apache.http.headers - http-outgoing-2 >> Accept-Encoding: gzip,deflate
11:18:10.194 [Forwarding clickElement on session 1d3cd22b0bd1bbd9c5501c0091a40b8e to remote] DEBUG org.apache.http.wire - http-outgoing-2 >> "POST /session/1d3cd22b0bd1bbd9c5501c0091a40b8e/element/a28fd464-cb65-41df-95d3-e38f262f3eda/click HTTP/1.1[\r][\n]"
11:18:10.194 [Forwarding clickElement on session 1d3cd22b0bd1bbd9c5501c0091a40b8e to remote] DEBUG org.apache.http.wire - http-outgoing-2 >> "Content-Type: application/json; charset=utf-8[\r][\n]"
11:18:10.194 [Forwarding clickElement on session 1d3cd22b0bd1bbd9c5501c0091a40b8e to remote] DEBUG org.apache.http.wire - http-outgoing-2 >> "Content-Length: 45[\r][\n]"
11:18:10.194 [Forwarding clickElement on session 1d3cd22b0bd1bbd9c5501c0091a40b8e to remote] DEBUG org.apache.http.wire - http-outgoing-2 >> "Host: localhost:16620[\r][\n]"
11:18:10.194 [Forwarding clickElement on session 1d3cd22b0bd1bbd9c5501c0091a40b8e to remote] DEBUG org.apache.http.wire - http-outgoing-2 >> "Connection: Keep-Alive[\r][\n]"
11:18:10.194 [Forwarding clickElement on session 1d3cd22b0bd1bbd9c5501c0091a40b8e to remote] DEBUG org.apache.http.wire - http-outgoing-2 >> "User-Agent: Apache-HttpClient/4.5.3 (Java/1.8.0_211)[\r][\n]"
11:18:10.194 [Forwarding clickElement on session 1d3cd22b0bd1bbd9c5501c0091a40b8e to remote] DEBUG org.apache.http.wire - http-outgoing-2 >> "Accept-Encoding: gzip,deflate[\r][\n]"
11:18:10.194 [Forwarding clickElement on session 1d3cd22b0bd1bbd9c5501c0091a40b8e to remote] DEBUG org.apache.http.wire - http-outgoing-2 >> "[\r][\n]"
11:18:10.194 [Forwarding clickElement on session 1d3cd22b0bd1bbd9c5501c0091a40b8e to remote] DEBUG org.apache.http.wire - http-outgoing-2 >> "{"id":"a28fd464-cb65-41df-95d3-e38f262f3eda"}"
11:18:10.267 [Forwarding clickElement on session 1d3cd22b0bd1bbd9c5501c0091a40b8e to remote] DEBUG org.apache.http.wire - http-outgoing-2 << "HTTP/1.1 200 OK[\r][\n]"
11:18:10.267 [Forwarding clickElement on session 1d3cd22b0bd1bbd9c5501c0091a40b8e to remote] DEBUG org.apache.http.wire - http-outgoing-2 << "Content-Length:14[\r][\n]"
11:18:10.267 [Forwarding clickElement on session 1d3cd22b0bd1bbd9c5501c0091a40b8e to remote] DEBUG org.apache.http.wire - http-outgoing-2 << "Content-Type:application/json; charset=utf-8[\r][\n]"
11:18:10.267 [Forwarding clickElement on session 1d3cd22b0bd1bbd9c5501c0091a40b8e to remote] DEBUG org.apache.http.wire - http-outgoing-2 << "cache-control:no-cache[\r][\n]"
11:18:10.267 [Forwarding clickElement on session 1d3cd22b0bd1bbd9c5501c0091a40b8e to remote] DEBUG org.apache.http.wire - http-outgoing-2 << "[\r][\n]"
11:18:10.267 [Forwarding clickElement on session 1d3cd22b0bd1bbd9c5501c0091a40b8e to remote] DEBUG org.apache.http.wire - http-outgoing-2 << "{"value":null}"
11:18:10.267 [Forwarding clickElement on session 1d3cd22b0bd1bbd9c5501c0091a40b8e to remote] DEBUG org.apache.http.headers - http-outgoing-2 << HTTP/1.1 200 OK
11:18:10.267 [Forwarding clickElement on session 1d3cd22b0bd1bbd9c5501c0091a40b8e to remote] DEBUG org.apache.http.headers - http-outgoing-2 << Content-Length:14
11:18:10.267 [Forwarding clickElement on session 1d3cd22b0bd1bbd9c5501c0091a40b8e to remote] DEBUG org.apache.http.headers - http-outgoing-2 << Content-Type:application/json; charset=utf-8
11:18:10.267 [Forwarding clickElement on session 1d3cd22b0bd1bbd9c5501c0091a40b8e to remote] DEBUG org.apache.http.headers - http-outgoing-2 << cache-control:no-cache
11:18:10.267 [Forwarding clickElement on session 1d3cd22b0bd1bbd9c5501c0091a40b8e to remote] DEBUG org.apache.http.impl.execchain.MainClientExec - Connection can be kept alive indefinitely
11:18:10.267 [Forwarding clickElement on session 1d3cd22b0bd1bbd9c5501c0091a40b8e to remote] DEBUG org.apache.http.impl.conn.PoolingHttpClientConnectionManager - Connection [id: 2][route: {}->http://localhost:16620] can be kept alive indefinitely
11:18:10.267 [Forwarding clickElement on session 1d3cd22b0bd1bbd9c5501c0091a40b8e to remote] DEBUG org.apache.http.impl.conn.PoolingHttpClientConnectionManager - Connection released: [id: 2][route: {}->http://localhost:16620][total kept alive: 3; route allocated: 1 of 2000; total allocated: 3 of 2000]
11:18:10.269 [Forwarding findElement on session 1d3cd22b0bd1bbd9c5501c0091a40b8e to remote] DEBUG org.apache.http.client.protocol.RequestAddCookies - CookieSpec selected: default
11:18:10.269 [Forwarding findElement on session 1d3cd22b0bd1bbd9c5501c0091a40b8e to remote] DEBUG org.apache.http.client.protocol.RequestAuthCache - Auth cache not set in the context
11:18:10.269 [Forwarding findElement on session 1d3cd22b0bd1bbd9c5501c0091a40b8e to remote] DEBUG org.apache.http.impl.conn.PoolingHttpClientConnectionManager - Connection request: [route: {}->http://localhost:16620][total kept alive: 3; route allocated: 1 of 2000; total allocated: 3 of 2000]
11:18:10.269 [Forwarding findElement on session 1d3cd22b0bd1bbd9c5501c0091a40b8e to remote] DEBUG org.apache.http.impl.conn.PoolingHttpClientConnectionManager - Connection leased: [id: 2][route: {}->http://localhost:16620][total kept alive: 2; route allocated: 1 of 2000; total allocated: 3 of 2000]
11:18:10.269 [Forwarding findElement on session 1d3cd22b0bd1bbd9c5501c0091a40b8e to remote] DEBUG org.apache.http.impl.execchain.MainClientExec - Stale connection check
11:18:10.270 [Forwarding findElement on session 1d3cd22b0bd1bbd9c5501c0091a40b8e to remote] DEBUG org.apache.http.wire - http-outgoing-2 << "[read] I/O error: Read timed out"
11:18:10.270 [Forwarding findElement on session 1d3cd22b0bd1bbd9c5501c0091a40b8e to remote] DEBUG org.apache.http.impl.conn.DefaultManagedHttpClientConnection - http-outgoing-2: set socket timeout to 10800000
11:18:10.270 [Forwarding findElement on session 1d3cd22b0bd1bbd9c5501c0091a40b8e to remote] DEBUG org.apache.http.impl.execchain.MainClientExec - Executing request POST /session/1d3cd22b0bd1bbd9c5501c0091a40b8e/element HTTP/1.1
11:18:10.270 [Forwarding findElement on session 1d3cd22b0bd1bbd9c5501c0091a40b8e to remote] DEBUG org.apache.http.impl.execchain.MainClientExec - Target auth state: UNCHALLENGED
11:18:10.270 [Forwarding findElement on session 1d3cd22b0bd1bbd9c5501c0091a40b8e to remote] DEBUG org.apache.http.impl.execchain.MainClientExec - Proxy auth state: UNCHALLENGED
11:18:10.270 [Forwarding findElement on session 1d3cd22b0bd1bbd9c5501c0091a40b8e to remote] DEBUG org.apache.http.headers - http-outgoing-2 >> POST /session/1d3cd22b0bd1bbd9c5501c0091a40b8e/element HTTP/1.1
11:18:10.270 [Forwarding findElement on session 1d3cd22b0bd1bbd9c5501c0091a40b8e to remote] DEBUG org.apache.http.headers - http-outgoing-2 >> Content-Type: application/json; charset=utf-8
11:18:10.270 [Forwarding findElement on session 1d3cd22b0bd1bbd9c5501c0091a40b8e to remote] DEBUG org.apache.http.headers - http-outgoing-2 >> Content-Length: 61
11:18:10.270 [Forwarding findElement on session 1d3cd22b0bd1bbd9c5501c0091a40b8e to remote] DEBUG org.apache.http.headers - http-outgoing-2 >> Host: localhost:16620
11:18:10.270 [Forwarding findElement on session 1d3cd22b0bd1bbd9c5501c0091a40b8e to remote] DEBUG org.apache.http.headers - http-outgoing-2 >> Connection: Keep-Alive
11:18:10.270 [Forwarding findElement on session 1d3cd22b0bd1bbd9c5501c0091a40b8e to remote] DEBUG org.apache.http.headers - http-outgoing-2 >> User-Agent: Apache-HttpClient/4.5.3 (Java/1.8.0_211)
11:18:10.270 [Forwarding findElement on session 1d3cd22b0bd1bbd9c5501c0091a40b8e to remote] DEBUG org.apache.http.headers - http-outgoing-2 >> Accept-Encoding: gzip,deflate
11:18:10.270 [Forwarding findElement on session 1d3cd22b0bd1bbd9c5501c0091a40b8e to remote] DEBUG org.apache.http.wire - http-outgoing-2 >> "POST /session/1d3cd22b0bd1bbd9c5501c0091a40b8e/element HTTP/1.1[\r][\n]"
11:18:10.270 [Forwarding findElement on session 1d3cd22b0bd1bbd9c5501c0091a40b8e to remote] DEBUG org.apache.http.wire - http-outgoing-2 >> "Content-Type: application/json; charset=utf-8[\r][\n]"
11:18:10.270 [Forwarding findElement on session 1d3cd22b0bd1bbd9c5501c0091a40b8e to remote] DEBUG org.apache.http.wire - http-outgoing-2 >> "Content-Length: 61[\r][\n]"
11:18:10.270 [Forwarding findElement on session 1d3cd22b0bd1bbd9c5501c0091a40b8e to remote] DEBUG org.apache.http.wire - http-outgoing-2 >> "Host: localhost:16620[\r][\n]"
11:18:10.270 [Forwarding findElement on session 1d3cd22b0bd1bbd9c5501c0091a40b8e to remote] DEBUG org.apache.http.wire - http-outgoing-2 >> "Connection: Keep-Alive[\r][\n]"
11:18:10.270 [Forwarding findElement on session 1d3cd22b0bd1bbd9c5501c0091a40b8e to remote] DEBUG org.apache.http.wire - http-outgoing-2 >> "User-Agent: Apache-HttpClient/4.5.3 (Java/1.8.0_211)[\r][\n]"
11:18:10.270 [Forwarding findElement on session 1d3cd22b0bd1bbd9c5501c0091a40b8e to remote] DEBUG org.apache.http.wire - http-outgoing-2 >> "Accept-Encoding: gzip,deflate[\r][\n]"
11:18:10.270 [Forwarding findElement on session 1d3cd22b0bd1bbd9c5501c0091a40b8e to remote] DEBUG org.apache.http.wire - http-outgoing-2 >> "[\r][\n]"
11:18:10.270 [Forwarding findElement on session 1d3cd22b0bd1bbd9c5501c0091a40b8e to remote] DEBUG org.apache.http.wire - http-outgoing-2 >> "{"value":".form-control:nth-child(2)","using":"css selector"}"
11:18:10.276 [Forwarding findElement on session 1d3cd22b0bd1bbd9c5501c0091a40b8e to remote] DEBUG org.apache.http.wire - http-outgoing-2 << "HTTP/1.1 200 OK[\r][\n]"
11:18:10.276 [Forwarding findElement on session 1d3cd22b0bd1bbd9c5501c0091a40b8e to remote] DEBUG org.apache.http.wire - http-outgoing-2 << "Content-Length:88[\r][\n]"
11:18:10.276 [Forwarding findElement on session 1d3cd22b0bd1bbd9c5501c0091a40b8e to remote] DEBUG org.apache.http.wire - http-outgoing-2 << "Content-Type:application/json; charset=utf-8[\r][\n]"
11:18:10.276 [Forwarding findElement on session 1d3cd22b0bd1bbd9c5501c0091a40b8e to remote] DEBUG org.apache.http.wire - http-outgoing-2 << "cache-control:no-cache[\r][\n]"
11:18:10.276 [Forwarding findElement on session 1d3cd22b0bd1bbd9c5501c0091a40b8e to remote] DEBUG org.apache.http.wire - http-outgoing-2 << "[\r][\n]"
11:18:10.276 [Forwarding findElement on session 1d3cd22b0bd1bbd9c5501c0091a40b8e to remote] DEBUG org.apache.http.wire - http-outgoing-2 << "{"value":{"element-6066-11e4-a52e-4f735466cecf":"e8ac9643-c279-4461-ab95-bd5adc91c037"}}"
11:18:10.276 [Forwarding findElement on session 1d3cd22b0bd1bbd9c5501c0091a40b8e to remote] DEBUG org.apache.http.headers - http-outgoing-2 << HTTP/1.1 200 OK
11:18:10.276 [Forwarding findElement on session 1d3cd22b0bd1bbd9c5501c0091a40b8e to remote] DEBUG org.apache.http.headers - http-outgoing-2 << Content-Length:88
11:18:10.276 [Forwarding findElement on session 1d3cd22b0bd1bbd9c5501c0091a40b8e to remote] DEBUG org.apache.http.headers - http-outgoing-2 << Content-Type:application/json; charset=utf-8
11:18:10.276 [Forwarding findElement on session 1d3cd22b0bd1bbd9c5501c0091a40b8e to remote] DEBUG org.apache.http.headers - http-outgoing-2 << cache-control:no-cache
11:18:10.276 [Forwarding findElement on session 1d3cd22b0bd1bbd9c5501c0091a40b8e to remote] DEBUG org.apache.http.impl.execchain.MainClientExec - Connection can be kept alive indefinitely
11:18:10.276 [Forwarding findElement on session 1d3cd22b0bd1bbd9c5501c0091a40b8e to remote] DEBUG org.apache.http.impl.conn.PoolingHttpClientConnectionManager - Connection [id: 2][route: {}->http://localhost:16620] can be kept alive indefinitely
11:18:10.276 [Forwarding findElement on session 1d3cd22b0bd1bbd9c5501c0091a40b8e to remote] DEBUG org.apache.http.impl.conn.PoolingHttpClientConnectionManager - Connection released: [id: 2][route: {}->http://localhost:16620][total kept alive: 3; route allocated: 1 of 2000; total allocated: 3 of 2000]
11:18:10.277 [Forwarding clickElement on session 1d3cd22b0bd1bbd9c5501c0091a40b8e to remote] DEBUG org.apache.http.client.protocol.RequestAddCookies - CookieSpec selected: default
11:18:10.277 [Forwarding clickElement on session 1d3cd22b0bd1bbd9c5501c0091a40b8e to remote] DEBUG org.apache.http.client.protocol.RequestAuthCache - Auth cache not set in the context
11:18:10.277 [Forwarding clickElement on session 1d3cd22b0bd1bbd9c5501c0091a40b8e to remote] DEBUG org.apache.http.impl.conn.PoolingHttpClientConnectionManager - Connection request: [route: {}->http://localhost:16620][total kept alive: 3; route allocated: 1 of 2000; total allocated: 3 of 2000]
11:18:10.277 [Forwarding clickElement on session 1d3cd22b0bd1bbd9c5501c0091a40b8e to remote] DEBUG org.apache.http.impl.conn.PoolingHttpClientConnectionManager - Connection leased: [id: 2][route: {}->http://localhost:16620][total kept alive: 2; route allocated: 1 of 2000; total allocated: 3 of 2000]
11:18:10.277 [Forwarding clickElement on session 1d3cd22b0bd1bbd9c5501c0091a40b8e to remote] DEBUG org.apache.http.impl.execchain.MainClientExec - Stale connection check
11:18:10.278 [Forwarding clickElement on session 1d3cd22b0bd1bbd9c5501c0091a40b8e to remote] DEBUG org.apache.http.wire - http-outgoing-2 << "[read] I/O error: Read timed out"
11:18:10.278 [Forwarding clickElement on session 1d3cd22b0bd1bbd9c5501c0091a40b8e to remote] DEBUG org.apache.http.impl.conn.DefaultManagedHttpClientConnection - http-outgoing-2: set socket timeout to 10800000
11:18:10.279 [Forwarding clickElement on session 1d3cd22b0bd1bbd9c5501c0091a40b8e to remote] DEBUG org.apache.http.impl.execchain.MainClientExec - Executing request POST /session/1d3cd22b0bd1bbd9c5501c0091a40b8e/element/e8ac9643-c279-4461-ab95-bd5adc91c037/click HTTP/1.1
11:18:10.279 [Forwarding clickElement on session 1d3cd22b0bd1bbd9c5501c0091a40b8e to remote] DEBUG org.apache.http.impl.execchain.MainClientExec - Target auth state: UNCHALLENGED
11:18:10.279 [Forwarding clickElement on session 1d3cd22b0bd1bbd9c5501c0091a40b8e to remote] DEBUG org.apache.http.impl.execchain.MainClientExec - Proxy auth state: UNCHALLENGED
11:18:10.279 [Forwarding clickElement on session 1d3cd22b0bd1bbd9c5501c0091a40b8e to remote] DEBUG org.apache.http.headers - http-outgoing-2 >> POST /session/1d3cd22b0bd1bbd9c5501c0091a40b8e/element/e8ac9643-c279-4461-ab95-bd5adc91c037/click HTTP/1.1
11:18:10.279 [Forwarding clickElement on session 1d3cd22b0bd1bbd9c5501c0091a40b8e to remote] DEBUG org.apache.http.headers - http-outgoing-2 >> Content-Type: application/json; charset=utf-8
11:18:10.279 [Forwarding clickElement on session 1d3cd22b0bd1bbd9c5501c0091a40b8e to remote] DEBUG org.apache.http.headers - http-outgoing-2 >> Content-Length: 45
11:18:10.279 [Forwarding clickElement on session 1d3cd22b0bd1bbd9c5501c0091a40b8e to remote] DEBUG org.apache.http.headers - http-outgoing-2 >> Host: localhost:16620
11:18:10.279 [Forwarding clickElement on session 1d3cd22b0bd1bbd9c5501c0091a40b8e to remote] DEBUG org.apache.http.headers - http-outgoing-2 >> Connection: Keep-Alive
11:18:10.279 [Forwarding clickElement on session 1d3cd22b0bd1bbd9c5501c0091a40b8e to remote] DEBUG org.apache.http.headers - http-outgoing-2 >> User-Agent: Apache-HttpClient/4.5.3 (Java/1.8.0_211)
11:18:10.279 [Forwarding clickElement on session 1d3cd22b0bd1bbd9c5501c0091a40b8e to remote] DEBUG org.apache.http.headers - http-outgoing-2 >> Accept-Encoding: gzip,deflate
11:18:10.279 [Forwarding clickElement on session 1d3cd22b0bd1bbd9c5501c0091a40b8e to remote] DEBUG org.apache.http.wire - http-outgoing-2 >> "POST /session/1d3cd22b0bd1bbd9c5501c0091a40b8e/element/e8ac9643-c279-4461-ab95-bd5adc91c037/click HTTP/1.1[\r][\n]"
11:18:10.279 [Forwarding clickElement on session 1d3cd22b0bd1bbd9c5501c0091a40b8e to remote] DEBUG org.apache.http.wire - http-outgoing-2 >> "Content-Type: application/json; charset=utf-8[\r][\n]"
11:18:10.279 [Forwarding clickElement on session 1d3cd22b0bd1bbd9c5501c0091a40b8e to remote] DEBUG org.apache.http.wire - http-outgoing-2 >> "Content-Length: 45[\r][\n]"
11:18:10.279 [Forwarding clickElement on session 1d3cd22b0bd1bbd9c5501c0091a40b8e to remote] DEBUG org.apache.http.wire - http-outgoing-2 >> "Host: localhost:16620[\r][\n]"
11:18:10.279 [Forwarding clickElement on session 1d3cd22b0bd1bbd9c5501c0091a40b8e to remote] DEBUG org.apache.http.wire - http-outgoing-2 >> "Connection: Keep-Alive[\r][\n]"
11:18:10.279 [Forwarding clickElement on session 1d3cd22b0bd1bbd9c5501c0091a40b8e to remote] DEBUG org.apache.http.wire - http-outgoing-2 >> "User-Agent: Apache-HttpClient/4.5.3 (Java/1.8.0_211)[\r][\n]"
11:18:10.279 [Forwarding clickElement on session 1d3cd22b0bd1bbd9c5501c0091a40b8e to remote] DEBUG org.apache.http.wire - http-outgoing-2 >> "Accept-Encoding: gzip,deflate[\r][\n]"
11:18:10.279 [Forwarding clickElement on session 1d3cd22b0bd1bbd9c5501c0091a40b8e to remote] DEBUG org.apache.http.wire - http-outgoing-2 >> "[\r][\n]"
11:18:10.279 [Forwarding clickElement on session 1d3cd22b0bd1bbd9c5501c0091a40b8e to remote] DEBUG org.apache.http.wire - http-outgoing-2 >> "{"id":"e8ac9643-c279-4461-ab95-bd5adc91c037"}"
11:18:10.321 [Forwarding clickElement on session 1d3cd22b0bd1bbd9c5501c0091a40b8e to remote] DEBUG org.apache.http.wire - http-outgoing-2 << "HTTP/1.1 200 OK[\r][\n]"
11:18:10.321 [Forwarding clickElement on session 1d3cd22b0bd1bbd9c5501c0091a40b8e to remote] DEBUG org.apache.http.wire - http-outgoing-2 << "Content-Length:14[\r][\n]"
11:18:10.321 [Forwarding clickElement on session 1d3cd22b0bd1bbd9c5501c0091a40b8e to remote] DEBUG org.apache.http.wire - http-outgoing-2 << "Content-Type:application/json; charset=utf-8[\r][\n]"
11:18:10.321 [Forwarding clickElement on session 1d3cd22b0bd1bbd9c5501c0091a40b8e to remote] DEBUG org.apache.http.wire - http-outgoing-2 << "cache-control:no-cache[\r][\n]"
11:18:10.321 [Forwarding clickElement on session 1d3cd22b0bd1bbd9c5501c0091a40b8e to remote] DEBUG org.apache.http.wire - http-outgoing-2 << "[\r][\n]"
11:18:10.321 [Forwarding clickElement on session 1d3cd22b0bd1bbd9c5501c0091a40b8e to remote] DEBUG org.apache.http.wire - http-outgoing-2 << "{"value":null}"
11:18:10.321 [Forwarding clickElement on session 1d3cd22b0bd1bbd9c5501c0091a40b8e to remote] DEBUG org.apache.http.headers - http-outgoing-2 << HTTP/1.1 200 OK
11:18:10.321 [Forwarding clickElement on session 1d3cd22b0bd1bbd9c5501c0091a40b8e to remote] DEBUG org.apache.http.headers - http-outgoing-2 << Content-Length:14
11:18:10.321 [Forwarding clickElement on session 1d3cd22b0bd1bbd9c5501c0091a40b8e to remote] DEBUG org.apache.http.headers - http-outgoing-2 << Content-Type:application/json; charset=utf-8
11:18:10.321 [Forwarding clickElement on session 1d3cd22b0bd1bbd9c5501c0091a40b8e to remote] DEBUG org.apache.http.headers - http-outgoing-2 << cache-control:no-cache
11:18:10.321 [Forwarding clickElement on session 1d3cd22b0bd1bbd9c5501c0091a40b8e to remote] DEBUG org.apache.http.impl.execchain.MainClientExec - Connection can be kept alive indefinitely
11:18:10.321 [Forwarding clickElement on session 1d3cd22b0bd1bbd9c5501c0091a40b8e to remote] DEBUG org.apache.http.impl.conn.PoolingHttpClientConnectionManager - Connection [id: 2][route: {}->http://localhost:16620] can be kept alive indefinitely
11:18:10.321 [Forwarding clickElement on session 1d3cd22b0bd1bbd9c5501c0091a40b8e to remote] DEBUG org.apache.http.impl.conn.PoolingHttpClientConnectionManager - Connection released: [id: 2][route: {}->http://localhost:16620][total kept alive: 3; route allocated: 1 of 2000; total allocated: 3 of 2000]
11:18:10.322 [Forwarding findElement on session 1d3cd22b0bd1bbd9c5501c0091a40b8e to remote] DEBUG org.apache.http.client.protocol.RequestAddCookies - CookieSpec selected: default
11:18:10.322 [Forwarding findElement on session 1d3cd22b0bd1bbd9c5501c0091a40b8e to remote] DEBUG org.apache.http.client.protocol.RequestAuthCache - Auth cache not set in the context
11:18:10.322 [Forwarding findElement on session 1d3cd22b0bd1bbd9c5501c0091a40b8e to remote] DEBUG org.apache.http.impl.conn.PoolingHttpClientConnectionManager - Connection request: [route: {}->http://localhost:16620][total kept alive: 3; route allocated: 1 of 2000; total allocated: 3 of 2000]
11:18:10.322 [Forwarding findElement on session 1d3cd22b0bd1bbd9c5501c0091a40b8e to remote] DEBUG org.apache.http.impl.conn.PoolingHttpClientConnectionManager - Connection leased: [id: 2][route: {}->http://localhost:16620][total kept alive: 2; route allocated: 1 of 2000; total allocated: 3 of 2000]
11:18:10.322 [Forwarding findElement on session 1d3cd22b0bd1bbd9c5501c0091a40b8e to remote] DEBUG org.apache.http.impl.execchain.MainClientExec - Stale connection check
11:18:10.323 [Forwarding findElement on session 1d3cd22b0bd1bbd9c5501c0091a40b8e to remote] DEBUG org.apache.http.wire - http-outgoing-2 << "[read] I/O error: Read timed out"
11:18:10.323 [Forwarding findElement on session 1d3cd22b0bd1bbd9c5501c0091a40b8e to remote] DEBUG org.apache.http.impl.conn.DefaultManagedHttpClientConnection - http-outgoing-2: set socket timeout to 10800000
11:18:10.323 [Forwarding findElement on session 1d3cd22b0bd1bbd9c5501c0091a40b8e to remote] DEBUG org.apache.http.impl.execchain.MainClientExec - Executing request POST /session/1d3cd22b0bd1bbd9c5501c0091a40b8e/element HTTP/1.1
11:18:10.323 [Forwarding findElement on session 1d3cd22b0bd1bbd9c5501c0091a40b8e to remote] DEBUG org.apache.http.impl.execchain.MainClientExec - Target auth state: UNCHALLENGED
11:18:10.323 [Forwarding findElement on session 1d3cd22b0bd1bbd9c5501c0091a40b8e to remote] DEBUG org.apache.http.impl.execchain.MainClientExec - Proxy auth state: UNCHALLENGED
11:18:10.323 [Forwarding findElement on session 1d3cd22b0bd1bbd9c5501c0091a40b8e to remote] DEBUG org.apache.http.headers - http-outgoing-2 >> POST /session/1d3cd22b0bd1bbd9c5501c0091a40b8e/element HTTP/1.1
11:18:10.323 [Forwarding findElement on session 1d3cd22b0bd1bbd9c5501c0091a40b8e to remote] DEBUG org.apache.http.headers - http-outgoing-2 >> Content-Type: application/json; charset=utf-8
11:18:10.323 [Forwarding findElement on session 1d3cd22b0bd1bbd9c5501c0091a40b8e to remote] DEBUG org.apache.http.headers - http-outgoing-2 >> Content-Length: 61
11:18:10.323 [Forwarding findElement on session 1d3cd22b0bd1bbd9c5501c0091a40b8e to remote] DEBUG org.apache.http.headers - http-outgoing-2 >> Host: localhost:16620
11:18:10.323 [Forwarding findElement on session 1d3cd22b0bd1bbd9c5501c0091a40b8e to remote] DEBUG org.apache.http.headers - http-outgoing-2 >> Connection: Keep-Alive
11:18:10.323 [Forwarding findElement on session 1d3cd22b0bd1bbd9c5501c0091a40b8e to remote] DEBUG org.apache.http.headers - http-outgoing-2 >> User-Agent: Apache-HttpClient/4.5.3 (Java/1.8.0_211)
11:18:10.323 [Forwarding findElement on session 1d3cd22b0bd1bbd9c5501c0091a40b8e to remote] DEBUG org.apache.http.headers - http-outgoing-2 >> Accept-Encoding: gzip,deflate
11:18:10.323 [Forwarding findElement on session 1d3cd22b0bd1bbd9c5501c0091a40b8e to remote] DEBUG org.apache.http.wire - http-outgoing-2 >> "POST /session/1d3cd22b0bd1bbd9c5501c0091a40b8e/element HTTP/1.1[\r][\n]"
11:18:10.323 [Forwarding findElement on session 1d3cd22b0bd1bbd9c5501c0091a40b8e to remote] DEBUG org.apache.http.wire - http-outgoing-2 >> "Content-Type: application/json; charset=utf-8[\r][\n]"
11:18:10.323 [Forwarding findElement on session 1d3cd22b0bd1bbd9c5501c0091a40b8e to remote] DEBUG org.apache.http.wire - http-outgoing-2 >> "Content-Length: 61[\r][\n]"
11:18:10.323 [Forwarding findElement on session 1d3cd22b0bd1bbd9c5501c0091a40b8e to remote] DEBUG org.apache.http.wire - http-outgoing-2 >> "Host: localhost:16620[\r][\n]"
11:18:10.323 [Forwarding findElement on session 1d3cd22b0bd1bbd9c5501c0091a40b8e to remote] DEBUG org.apache.http.wire - http-outgoing-2 >> "Connection: Keep-Alive[\r][\n]"
11:18:10.323 [Forwarding findElement on session 1d3cd22b0bd1bbd9c5501c0091a40b8e to remote] DEBUG org.apache.http.wire - http-outgoing-2 >> "User-Agent: Apache-HttpClient/4.5.3 (Java/1.8.0_211)[\r][\n]"
11:18:10.323 [Forwarding findElement on session 1d3cd22b0bd1bbd9c5501c0091a40b8e to remote] DEBUG org.apache.http.wire - http-outgoing-2 >> "Accept-Encoding: gzip,deflate[\r][\n]"
11:18:10.323 [Forwarding findElement on session 1d3cd22b0bd1bbd9c5501c0091a40b8e to remote] DEBUG org.apache.http.wire - http-outgoing-2 >> "[\r][\n]"
11:18:10.323 [Forwarding findElement on session 1d3cd22b0bd1bbd9c5501c0091a40b8e to remote] DEBUG org.apache.http.wire - http-outgoing-2 >> "{"value":".form-control:nth-child(2)","using":"css selector"}"
11:18:10.326 [Forwarding findElement on session 1d3cd22b0bd1bbd9c5501c0091a40b8e to remote] DEBUG org.apache.http.wire - http-outgoing-2 << "HTTP/1.1 200 OK[\r][\n]"
11:18:10.326 [Forwarding findElement on session 1d3cd22b0bd1bbd9c5501c0091a40b8e to remote] DEBUG org.apache.http.wire - http-outgoing-2 << "Content-Length:88[\r][\n]"
11:18:10.326 [Forwarding findElement on session 1d3cd22b0bd1bbd9c5501c0091a40b8e to remote] DEBUG org.apache.http.wire - http-outgoing-2 << "Content-Type:application/json; charset=utf-8[\r][\n]"
11:18:10.326 [Forwarding findElement on session 1d3cd22b0bd1bbd9c5501c0091a40b8e to remote] DEBUG org.apache.http.wire - http-outgoing-2 << "cache-control:no-cache[\r][\n]"
11:18:10.326 [Forwarding findElement on session 1d3cd22b0bd1bbd9c5501c0091a40b8e to remote] DEBUG org.apache.http.wire - http-outgoing-2 << "[\r][\n]"
11:18:10.326 [Forwarding findElement on session 1d3cd22b0bd1bbd9c5501c0091a40b8e to remote] DEBUG org.apache.http.wire - http-outgoing-2 << "{"value":{"element-6066-11e4-a52e-4f735466cecf":"e8ac9643-c279-4461-ab95-bd5adc91c037"}}"
11:18:10.326 [Forwarding findElement on session 1d3cd22b0bd1bbd9c5501c0091a40b8e to remote] DEBUG org.apache.http.headers - http-outgoing-2 << HTTP/1.1 200 OK
11:18:10.326 [Forwarding findElement on session 1d3cd22b0bd1bbd9c5501c0091a40b8e to remote] DEBUG org.apache.http.headers - http-outgoing-2 << Content-Length:88
11:18:10.326 [Forwarding findElement on session 1d3cd22b0bd1bbd9c5501c0091a40b8e to remote] DEBUG org.apache.http.headers - http-outgoing-2 << Content-Type:application/json; charset=utf-8
11:18:10.326 [Forwarding findElement on session 1d3cd22b0bd1bbd9c5501c0091a40b8e to remote] DEBUG org.apache.http.headers - http-outgoing-2 << cache-control:no-cache
11:18:10.326 [Forwarding findElement on session 1d3cd22b0bd1bbd9c5501c0091a40b8e to remote] DEBUG org.apache.http.impl.execchain.MainClientExec - Connection can be kept alive indefinitely
11:18:10.326 [Forwarding findElement on session 1d3cd22b0bd1bbd9c5501c0091a40b8e to remote] DEBUG org.apache.http.impl.conn.PoolingHttpClientConnectionManager - Connection [id: 2][route: {}->http://localhost:16620] can be kept alive indefinitely
11:18:10.326 [Forwarding findElement on session 1d3cd22b0bd1bbd9c5501c0091a40b8e to remote] DEBUG org.apache.http.impl.conn.PoolingHttpClientConnectionManager - Connection released: [id: 2][route: {}->http://localhost:16620][total kept alive: 3; route allocated: 1 of 2000; total allocated: 3 of 2000]
11:18:10.327 [Forwarding sendKeysToElement on session 1d3cd22b0bd1bbd9c5501c0091a40b8e to remote] DEBUG org.apache.http.client.protocol.RequestAddCookies - CookieSpec selected: default
11:18:10.327 [Forwarding sendKeysToElement on session 1d3cd22b0bd1bbd9c5501c0091a40b8e to remote] DEBUG org.apache.http.client.protocol.RequestAuthCache - Auth cache not set in the context
11:18:10.327 [Forwarding sendKeysToElement on session 1d3cd22b0bd1bbd9c5501c0091a40b8e to remote] DEBUG org.apache.http.impl.conn.PoolingHttpClientConnectionManager - Connection request: [route: {}->http://localhost:16620][total kept alive: 3; route allocated: 1 of 2000; total allocated: 3 of 2000]
11:18:10.327 [Forwarding sendKeysToElement on session 1d3cd22b0bd1bbd9c5501c0091a40b8e to remote] DEBUG org.apache.http.impl.conn.PoolingHttpClientConnectionManager - Connection leased: [id: 2][route: {}->http://localhost:16620][total kept alive: 2; route allocated: 1 of 2000; total allocated: 3 of 2000]
11:18:10.327 [Forwarding sendKeysToElement on session 1d3cd22b0bd1bbd9c5501c0091a40b8e to remote] DEBUG org.apache.http.impl.execchain.MainClientExec - Stale connection check
11:18:10.328 [Forwarding sendKeysToElement on session 1d3cd22b0bd1bbd9c5501c0091a40b8e to remote] DEBUG org.apache.http.wire - http-outgoing-2 << "[read] I/O error: Read timed out"
11:18:10.329 [Forwarding sendKeysToElement on session 1d3cd22b0bd1bbd9c5501c0091a40b8e to remote] DEBUG org.apache.http.impl.conn.DefaultManagedHttpClientConnection - http-outgoing-2: set socket timeout to 10800000
11:18:10.329 [Forwarding sendKeysToElement on session 1d3cd22b0bd1bbd9c5501c0091a40b8e to remote] DEBUG org.apache.http.impl.execchain.MainClientExec - Executing request POST /session/1d3cd22b0bd1bbd9c5501c0091a40b8e/element/e8ac9643-c279-4461-ab95-bd5adc91c037/value HTTP/1.1
11:18:10.329 [Forwarding sendKeysToElement on session 1d3cd22b0bd1bbd9c5501c0091a40b8e to remote] DEBUG org.apache.http.impl.execchain.MainClientExec - Target auth state: UNCHALLENGED
11:18:10.329 [Forwarding sendKeysToElement on session 1d3cd22b0bd1bbd9c5501c0091a40b8e to remote] DEBUG org.apache.http.impl.execchain.MainClientExec - Proxy auth state: UNCHALLENGED
11:18:10.329 [Forwarding sendKeysToElement on session 1d3cd22b0bd1bbd9c5501c0091a40b8e to remote] DEBUG org.apache.http.headers - http-outgoing-2 >> POST /session/1d3cd22b0bd1bbd9c5501c0091a40b8e/element/e8ac9643-c279-4461-ab95-bd5adc91c037/value HTTP/1.1
11:18:10.329 [Forwarding sendKeysToElement on session 1d3cd22b0bd1bbd9c5501c0091a40b8e to remote] DEBUG org.apache.http.headers - http-outgoing-2 >> Content-Type: application/json; charset=utf-8
11:18:10.329 [Forwarding sendKeysToElement on session 1d3cd22b0bd1bbd9c5501c0091a40b8e to remote] DEBUG org.apache.http.headers - http-outgoing-2 >> Content-Length: 385
11:18:10.329 [Forwarding sendKeysToElement on session 1d3cd22b0bd1bbd9c5501c0091a40b8e to remote] DEBUG org.apache.http.headers - http-outgoing-2 >> Host: localhost:16620
11:18:10.329 [Forwarding sendKeysToElement on session 1d3cd22b0bd1bbd9c5501c0091a40b8e to remote] DEBUG org.apache.http.headers - http-outgoing-2 >> Connection: Keep-Alive
11:18:10.329 [Forwarding sendKeysToElement on session 1d3cd22b0bd1bbd9c5501c0091a40b8e to remote] DEBUG org.apache.http.headers - http-outgoing-2 >> User-Agent: Apache-HttpClient/4.5.3 (Java/1.8.0_211)
11:18:10.329 [Forwarding sendKeysToElement on session 1d3cd22b0bd1bbd9c5501c0091a40b8e to remote] DEBUG org.apache.http.headers - http-outgoing-2 >> Accept-Encoding: gzip,deflate
11:18:10.329 [Forwarding sendKeysToElement on session 1d3cd22b0bd1bbd9c5501c0091a40b8e to remote] DEBUG org.apache.http.wire - http-outgoing-2 >> "POST /session/1d3cd22b0bd1bbd9c5501c0091a40b8e/element/e8ac9643-c279-4461-ab95-bd5adc91c037/value HTTP/1.1[\r][\n]"
11:18:10.329 [Forwarding sendKeysToElement on session 1d3cd22b0bd1bbd9c5501c0091a40b8e to remote] DEBUG org.apache.http.wire - http-outgoing-2 >> "Content-Type: application/json; charset=utf-8[\r][\n]"
11:18:10.329 [Forwarding sendKeysToElement on session 1d3cd22b0bd1bbd9c5501c0091a40b8e to remote] DEBUG org.apache.http.wire - http-outgoing-2 >> "Content-Length: 385[\r][\n]"
11:18:10.329 [Forwarding sendKeysToElement on session 1d3cd22b0bd1bbd9c5501c0091a40b8e to remote] DEBUG org.apache.http.wire - http-outgoing-2 >> "Host: localhost:16620[\r][\n]"
11:18:10.329 [Forwarding sendKeysToElement on session 1d3cd22b0bd1bbd9c5501c0091a40b8e to remote] DEBUG org.apache.http.wire - http-outgoing-2 >> "Connection: Keep-Alive[\r][\n]"
11:18:10.329 [Forwarding sendKeysToElement on session 1d3cd22b0bd1bbd9c5501c0091a40b8e to remote] DEBUG org.apache.http.wire - http-outgoing-2 >> "User-Agent: Apache-HttpClient/4.5.3 (Java/1.8.0_211)[\r][\n]"
11:18:10.329 [Forwarding sendKeysToElement on session 1d3cd22b0bd1bbd9c5501c0091a40b8e to remote] DEBUG org.apache.http.wire - http-outgoing-2 >> "Accept-Encoding: gzip,deflate[\r][\n]"
11:18:10.329 [Forwarding sendKeysToElement on session 1d3cd22b0bd1bbd9c5501c0091a40b8e to remote] DEBUG org.apache.http.wire - http-outgoing-2 >> "[\r][\n]"
11:18:10.329 [Forwarding sendKeysToElement on session 1d3cd22b0bd1bbd9c5501c0091a40b8e to remote] DEBUG org.apache.http.wire - http-outgoing-2 >> "{"id":"e8ac9643-c279-4461-ab95-bd5adc91c037","text":"de164ddc64b1783c3ebced73b32c479b3daa203cf323bd738a9ecfc4674d6017","value":["d","e","1","6","4","d","d","c","6","4","b","1","7","8","3","c","3","e","b","c","e","d","7","3","b","3","2","c","4","7","9","b","3","d","a","a","2","0","3","c","f","3","2","3","b","d","7","3","8","a","9","e","c","f","c","4","6","7","4","d","6","0","1","7"]}"
11:18:10.734 [Forwarding sendKeysToElement on session 1d3cd22b0bd1bbd9c5501c0091a40b8e to remote] DEBUG org.apache.http.wire - http-outgoing-2 << "HTTP/1.1 200 OK[\r][\n]"
11:18:10.734 [Forwarding sendKeysToElement on session 1d3cd22b0bd1bbd9c5501c0091a40b8e to remote] DEBUG org.apache.http.wire - http-outgoing-2 << "Content-Length:14[\r][\n]"
11:18:10.734 [Forwarding sendKeysToElement on session 1d3cd22b0bd1bbd9c5501c0091a40b8e to remote] DEBUG org.apache.http.wire - http-outgoing-2 << "Content-Type:application/json; charset=utf-8[\r][\n]"
11:18:10.734 [Forwarding sendKeysToElement on session 1d3cd22b0bd1bbd9c5501c0091a40b8e to remote] DEBUG org.apache.http.wire - http-outgoing-2 << "cache-control:no-cache[\r][\n]"
11:18:10.734 [Forwarding sendKeysToElement on session 1d3cd22b0bd1bbd9c5501c0091a40b8e to remote] DEBUG org.apache.http.wire - http-outgoing-2 << "[\r][\n]"
11:18:10.734 [Forwarding sendKeysToElement on session 1d3cd22b0bd1bbd9c5501c0091a40b8e to remote] DEBUG org.apache.http.wire - http-outgoing-2 << "{"value":null}"
11:18:10.734 [Forwarding sendKeysToElement on session 1d3cd22b0bd1bbd9c5501c0091a40b8e to remote] DEBUG org.apache.http.headers - http-outgoing-2 << HTTP/1.1 200 OK
11:18:10.734 [Forwarding sendKeysToElement on session 1d3cd22b0bd1bbd9c5501c0091a40b8e to remote] DEBUG org.apache.http.headers - http-outgoing-2 << Content-Length:14
11:18:10.734 [Forwarding sendKeysToElement on session 1d3cd22b0bd1bbd9c5501c0091a40b8e to remote] DEBUG org.apache.http.headers - http-outgoing-2 << Content-Type:application/json; charset=utf-8
11:18:10.734 [Forwarding sendKeysToElement on session 1d3cd22b0bd1bbd9c5501c0091a40b8e to remote] DEBUG org.apache.http.headers - http-outgoing-2 << cache-control:no-cache
11:18:10.734 [Forwarding sendKeysToElement on session 1d3cd22b0bd1bbd9c5501c0091a40b8e to remote] DEBUG org.apache.http.impl.execchain.MainClientExec - Connection can be kept alive indefinitely
11:18:10.734 [Forwarding sendKeysToElement on session 1d3cd22b0bd1bbd9c5501c0091a40b8e to remote] DEBUG org.apache.http.impl.conn.PoolingHttpClientConnectionManager - Connection [id: 2][route: {}->http://localhost:16620] can be kept alive indefinitely
11:18:10.734 [Forwarding sendKeysToElement on session 1d3cd22b0bd1bbd9c5501c0091a40b8e to remote] DEBUG org.apache.http.impl.conn.PoolingHttpClientConnectionManager - Connection released: [id: 2][route: {}->http://localhost:16620][total kept alive: 3; route allocated: 1 of 2000; total allocated: 3 of 2000]
11:18:10.735 [Forwarding findElement on session 1d3cd22b0bd1bbd9c5501c0091a40b8e to remote] DEBUG org.apache.http.client.protocol.RequestAddCookies - CookieSpec selected: default
11:18:10.735 [Forwarding findElement on session 1d3cd22b0bd1bbd9c5501c0091a40b8e to remote] DEBUG org.apache.http.client.protocol.RequestAuthCache - Auth cache not set in the context
11:18:10.735 [Forwarding findElement on session 1d3cd22b0bd1bbd9c5501c0091a40b8e to remote] DEBUG org.apache.http.impl.conn.PoolingHttpClientConnectionManager - Connection request: [route: {}->http://localhost:16620][total kept alive: 3; route allocated: 1 of 2000; total allocated: 3 of 2000]
11:18:10.735 [Forwarding findElement on session 1d3cd22b0bd1bbd9c5501c0091a40b8e to remote] DEBUG org.apache.http.impl.conn.PoolingHttpClientConnectionManager - Connection leased: [id: 2][route: {}->http://localhost:16620][total kept alive: 2; route allocated: 1 of 2000; total allocated: 3 of 2000]
11:18:10.735 [Forwarding findElement on session 1d3cd22b0bd1bbd9c5501c0091a40b8e to remote] DEBUG org.apache.http.impl.execchain.MainClientExec - Stale connection check
11:18:10.737 [Forwarding findElement on session 1d3cd22b0bd1bbd9c5501c0091a40b8e to remote] DEBUG org.apache.http.wire - http-outgoing-2 << "[read] I/O error: Read timed out"
11:18:10.737 [Forwarding findElement on session 1d3cd22b0bd1bbd9c5501c0091a40b8e to remote] DEBUG org.apache.http.impl.conn.DefaultManagedHttpClientConnection - http-outgoing-2: set socket timeout to 10800000
11:18:10.737 [Forwarding findElement on session 1d3cd22b0bd1bbd9c5501c0091a40b8e to remote] DEBUG org.apache.http.impl.execchain.MainClientExec - Executing request POST /session/1d3cd22b0bd1bbd9c5501c0091a40b8e/element HTTP/1.1
11:18:10.737 [Forwarding findElement on session 1d3cd22b0bd1bbd9c5501c0091a40b8e to remote] DEBUG org.apache.http.impl.execchain.MainClientExec - Target auth state: UNCHALLENGED
11:18:10.737 [Forwarding findElement on session 1d3cd22b0bd1bbd9c5501c0091a40b8e to remote] DEBUG org.apache.http.impl.execchain.MainClientExec - Proxy auth state: UNCHALLENGED
11:18:10.737 [Forwarding findElement on session 1d3cd22b0bd1bbd9c5501c0091a40b8e to remote] DEBUG org.apache.http.headers - http-outgoing-2 >> POST /session/1d3cd22b0bd1bbd9c5501c0091a40b8e/element HTTP/1.1
11:18:10.737 [Forwarding findElement on session 1d3cd22b0bd1bbd9c5501c0091a40b8e to remote] DEBUG org.apache.http.headers - http-outgoing-2 >> Content-Type: application/json; charset=utf-8
11:18:10.737 [Forwarding findElement on session 1d3cd22b0bd1bbd9c5501c0091a40b8e to remote] DEBUG org.apache.http.headers - http-outgoing-2 >> Content-Length: 59
11:18:10.737 [Forwarding findElement on session 1d3cd22b0bd1bbd9c5501c0091a40b8e to remote] DEBUG org.apache.http.headers - http-outgoing-2 >> Host: localhost:16620
11:18:10.737 [Forwarding findElement on session 1d3cd22b0bd1bbd9c5501c0091a40b8e to remote] DEBUG org.apache.http.headers - http-outgoing-2 >> Connection: Keep-Alive
11:18:10.737 [Forwarding findElement on session 1d3cd22b0bd1bbd9c5501c0091a40b8e to remote] DEBUG org.apache.http.headers - http-outgoing-2 >> User-Agent: Apache-HttpClient/4.5.3 (Java/1.8.0_211)
11:18:10.737 [Forwarding findElement on session 1d3cd22b0bd1bbd9c5501c0091a40b8e to remote] DEBUG org.apache.http.headers - http-outgoing-2 >> Accept-Encoding: gzip,deflate
11:18:10.737 [Forwarding findElement on session 1d3cd22b0bd1bbd9c5501c0091a40b8e to remote] DEBUG org.apache.http.wire - http-outgoing-2 >> "POST /session/1d3cd22b0bd1bbd9c5501c0091a40b8e/element HTTP/1.1[\r][\n]"
11:18:10.737 [Forwarding findElement on session 1d3cd22b0bd1bbd9c5501c0091a40b8e to remote] DEBUG org.apache.http.wire - http-outgoing-2 >> "Content-Type: application/json; charset=utf-8[\r][\n]"
11:18:10.737 [Forwarding findElement on session 1d3cd22b0bd1bbd9c5501c0091a40b8e to remote] DEBUG org.apache.http.wire - http-outgoing-2 >> "Content-Length: 59[\r][\n]"
11:18:10.737 [Forwarding findElement on session 1d3cd22b0bd1bbd9c5501c0091a40b8e to remote] DEBUG org.apache.http.wire - http-outgoing-2 >> "Host: localhost:16620[\r][\n]"
11:18:10.737 [Forwarding findElement on session 1d3cd22b0bd1bbd9c5501c0091a40b8e to remote] DEBUG org.apache.http.wire - http-outgoing-2 >> "Connection: Keep-Alive[\r][\n]"
11:18:10.737 [Forwarding findElement on session 1d3cd22b0bd1bbd9c5501c0091a40b8e to remote] DEBUG org.apache.http.wire - http-outgoing-2 >> "User-Agent: Apache-HttpClient/4.5.3 (Java/1.8.0_211)[\r][\n]"
11:18:10.737 [Forwarding findElement on session 1d3cd22b0bd1bbd9c5501c0091a40b8e to remote] DEBUG org.apache.http.wire - http-outgoing-2 >> "Accept-Encoding: gzip,deflate[\r][\n]"
11:18:10.737 [Forwarding findElement on session 1d3cd22b0bd1bbd9c5501c0091a40b8e to remote] DEBUG org.apache.http.wire - http-outgoing-2 >> "[\r][\n]"
11:18:10.737 [Forwarding findElement on session 1d3cd22b0bd1bbd9c5501c0091a40b8e to remote] DEBUG org.apache.http.wire - http-outgoing-2 >> "{"value":".btn-danger:nth-child(3)","using":"css selector"}"
11:18:10.742 [Forwarding findElement on session 1d3cd22b0bd1bbd9c5501c0091a40b8e to remote] DEBUG org.apache.http.wire - http-outgoing-2 << "HTTP/1.1 200 OK[\r][\n]"
11:18:10.742 [Forwarding findElement on session 1d3cd22b0bd1bbd9c5501c0091a40b8e to remote] DEBUG org.apache.http.wire - http-outgoing-2 << "Content-Length:88[\r][\n]"
11:18:10.742 [Forwarding findElement on session 1d3cd22b0bd1bbd9c5501c0091a40b8e to remote] DEBUG org.apache.http.wire - http-outgoing-2 << "Content-Type:application/json; charset=utf-8[\r][\n]"
11:18:10.742 [Forwarding findElement on session 1d3cd22b0bd1bbd9c5501c0091a40b8e to remote] DEBUG org.apache.http.wire - http-outgoing-2 << "cache-control:no-cache[\r][\n]"
11:18:10.742 [Forwarding findElement on session 1d3cd22b0bd1bbd9c5501c0091a40b8e to remote] DEBUG org.apache.http.wire - http-outgoing-2 << "[\r][\n]"
11:18:10.742 [Forwarding findElement on session 1d3cd22b0bd1bbd9c5501c0091a40b8e to remote] DEBUG org.apache.http.wire - http-outgoing-2 << "{"value":{"element-6066-11e4-a52e-4f735466cecf":"0b87489f-c5b7-405e-be4c-b5e8922272a9"}}"
11:18:10.742 [Forwarding findElement on session 1d3cd22b0bd1bbd9c5501c0091a40b8e to remote] DEBUG org.apache.http.headers - http-outgoing-2 << HTTP/1.1 200 OK
11:18:10.742 [Forwarding findElement on session 1d3cd22b0bd1bbd9c5501c0091a40b8e to remote] DEBUG org.apache.http.headers - http-outgoing-2 << Content-Length:88
11:18:10.742 [Forwarding findElement on session 1d3cd22b0bd1bbd9c5501c0091a40b8e to remote] DEBUG org.apache.http.headers - http-outgoing-2 << Content-Type:application/json; charset=utf-8
11:18:10.742 [Forwarding findElement on session 1d3cd22b0bd1bbd9c5501c0091a40b8e to remote] DEBUG org.apache.http.headers - http-outgoing-2 << cache-control:no-cache
11:18:10.742 [Forwarding findElement on session 1d3cd22b0bd1bbd9c5501c0091a40b8e to remote] DEBUG org.apache.http.impl.execchain.MainClientExec - Connection can be kept alive indefinitely
11:18:10.742 [Forwarding findElement on session 1d3cd22b0bd1bbd9c5501c0091a40b8e to remote] DEBUG org.apache.http.impl.conn.PoolingHttpClientConnectionManager - Connection [id: 2][route: {}->http://localhost:16620] can be kept alive indefinitely
11:18:10.742 [Forwarding findElement on session 1d3cd22b0bd1bbd9c5501c0091a40b8e to remote] DEBUG org.apache.http.impl.conn.PoolingHttpClientConnectionManager - Connection released: [id: 2][route: {}->http://localhost:16620][total kept alive: 3; route allocated: 1 of 2000; total allocated: 3 of 2000]
11:18:10.743 [Forwarding clickElement on session 1d3cd22b0bd1bbd9c5501c0091a40b8e to remote] DEBUG org.apache.http.client.protocol.RequestAddCookies - CookieSpec selected: default
11:18:10.743 [Forwarding clickElement on session 1d3cd22b0bd1bbd9c5501c0091a40b8e to remote] DEBUG org.apache.http.client.protocol.RequestAuthCache - Auth cache not set in the context
11:18:10.743 [Forwarding clickElement on session 1d3cd22b0bd1bbd9c5501c0091a40b8e to remote] DEBUG org.apache.http.impl.conn.PoolingHttpClientConnectionManager - Connection request: [route: {}->http://localhost:16620][total kept alive: 3; route allocated: 1 of 2000; total allocated: 3 of 2000]
11:18:10.743 [Forwarding clickElement on session 1d3cd22b0bd1bbd9c5501c0091a40b8e to remote] DEBUG org.apache.http.impl.conn.PoolingHttpClientConnectionManager - Connection leased: [id: 2][route: {}->http://localhost:16620][total kept alive: 2; route allocated: 1 of 2000; total allocated: 3 of 2000]
11:18:10.743 [Forwarding clickElement on session 1d3cd22b0bd1bbd9c5501c0091a40b8e to remote] DEBUG org.apache.http.impl.execchain.MainClientExec - Stale connection check
11:18:10.744 [Forwarding clickElement on session 1d3cd22b0bd1bbd9c5501c0091a40b8e to remote] DEBUG org.apache.http.wire - http-outgoing-2 << "[read] I/O error: Read timed out"
11:18:10.744 [Forwarding clickElement on session 1d3cd22b0bd1bbd9c5501c0091a40b8e to remote] DEBUG org.apache.http.impl.conn.DefaultManagedHttpClientConnection - http-outgoing-2: set socket timeout to 10800000
11:18:10.744 [Forwarding clickElement on session 1d3cd22b0bd1bbd9c5501c0091a40b8e to remote] DEBUG org.apache.http.impl.execchain.MainClientExec - Executing request POST /session/1d3cd22b0bd1bbd9c5501c0091a40b8e/element/0b87489f-c5b7-405e-be4c-b5e8922272a9/click HTTP/1.1
11:18:10.744 [Forwarding clickElement on session 1d3cd22b0bd1bbd9c5501c0091a40b8e to remote] DEBUG org.apache.http.impl.execchain.MainClientExec - Target auth state: UNCHALLENGED
11:18:10.744 [Forwarding clickElement on session 1d3cd22b0bd1bbd9c5501c0091a40b8e to remote] DEBUG org.apache.http.impl.execchain.MainClientExec - Proxy auth state: UNCHALLENGED
11:18:10.744 [Forwarding clickElement on session 1d3cd22b0bd1bbd9c5501c0091a40b8e to remote] DEBUG org.apache.http.headers - http-outgoing-2 >> POST /session/1d3cd22b0bd1bbd9c5501c0091a40b8e/element/0b87489f-c5b7-405e-be4c-b5e8922272a9/click HTTP/1.1
11:18:10.744 [Forwarding clickElement on session 1d3cd22b0bd1bbd9c5501c0091a40b8e to remote] DEBUG org.apache.http.headers - http-outgoing-2 >> Content-Type: application/json; charset=utf-8
11:18:10.744 [Forwarding clickElement on session 1d3cd22b0bd1bbd9c5501c0091a40b8e to remote] DEBUG org.apache.http.headers - http-outgoing-2 >> Content-Length: 45
11:18:10.744 [Forwarding clickElement on session 1d3cd22b0bd1bbd9c5501c0091a40b8e to remote] DEBUG org.apache.http.headers - http-outgoing-2 >> Host: localhost:16620
11:18:10.744 [Forwarding clickElement on session 1d3cd22b0bd1bbd9c5501c0091a40b8e to remote] DEBUG org.apache.http.headers - http-outgoing-2 >> Connection: Keep-Alive
11:18:10.744 [Forwarding clickElement on session 1d3cd22b0bd1bbd9c5501c0091a40b8e to remote] DEBUG org.apache.http.headers - http-outgoing-2 >> User-Agent: Apache-HttpClient/4.5.3 (Java/1.8.0_211)
11:18:10.744 [Forwarding clickElement on session 1d3cd22b0bd1bbd9c5501c0091a40b8e to remote] DEBUG org.apache.http.headers - http-outgoing-2 >> Accept-Encoding: gzip,deflate
11:18:10.744 [Forwarding clickElement on session 1d3cd22b0bd1bbd9c5501c0091a40b8e to remote] DEBUG org.apache.http.wire - http-outgoing-2 >> "POST /session/1d3cd22b0bd1bbd9c5501c0091a40b8e/element/0b87489f-c5b7-405e-be4c-b5e8922272a9/click HTTP/1.1[\r][\n]"
11:18:10.744 [Forwarding clickElement on session 1d3cd22b0bd1bbd9c5501c0091a40b8e to remote] DEBUG org.apache.http.wire - http-outgoing-2 >> "Content-Type: application/json; charset=utf-8[\r][\n]"
11:18:10.744 [Forwarding clickElement on session 1d3cd22b0bd1bbd9c5501c0091a40b8e to remote] DEBUG org.apache.http.wire - http-outgoing-2 >> "Content-Length: 45[\r][\n]"
11:18:10.744 [Forwarding clickElement on session 1d3cd22b0bd1bbd9c5501c0091a40b8e to remote] DEBUG org.apache.http.wire - http-outgoing-2 >> "Host: localhost:16620[\r][\n]"
11:18:10.744 [Forwarding clickElement on session 1d3cd22b0bd1bbd9c5501c0091a40b8e to remote] DEBUG org.apache.http.wire - http-outgoing-2 >> "Connection: Keep-Alive[\r][\n]"
11:18:10.744 [Forwarding clickElement on session 1d3cd22b0bd1bbd9c5501c0091a40b8e to remote] DEBUG org.apache.http.wire - http-outgoing-2 >> "User-Agent: Apache-HttpClient/4.5.3 (Java/1.8.0_211)[\r][\n]"
11:18:10.744 [Forwarding clickElement on session 1d3cd22b0bd1bbd9c5501c0091a40b8e to remote] DEBUG org.apache.http.wire - http-outgoing-2 >> "Accept-Encoding: gzip,deflate[\r][\n]"
11:18:10.744 [Forwarding clickElement on session 1d3cd22b0bd1bbd9c5501c0091a40b8e to remote] DEBUG org.apache.http.wire - http-outgoing-2 >> "[\r][\n]"
11:18:10.744 [Forwarding clickElement on session 1d3cd22b0bd1bbd9c5501c0091a40b8e to remote] DEBUG org.apache.http.wire - http-outgoing-2 >> "{"id":"0b87489f-c5b7-405e-be4c-b5e8922272a9"}"
11:18:10.888 [Forwarding clickElement on session 1d3cd22b0bd1bbd9c5501c0091a40b8e to remote] DEBUG org.apache.http.wire - http-outgoing-2 << "HTTP/1.1 200 OK[\r][\n]"
11:18:10.888 [Forwarding clickElement on session 1d3cd22b0bd1bbd9c5501c0091a40b8e to remote] DEBUG org.apache.http.wire - http-outgoing-2 << "Content-Length:14[\r][\n]"
11:18:10.888 [Forwarding clickElement on session 1d3cd22b0bd1bbd9c5501c0091a40b8e to remote] DEBUG org.apache.http.wire - http-outgoing-2 << "Content-Type:application/json; charset=utf-8[\r][\n]"
11:18:10.888 [Forwarding clickElement on session 1d3cd22b0bd1bbd9c5501c0091a40b8e to remote] DEBUG org.apache.http.wire - http-outgoing-2 << "cache-control:no-cache[\r][\n]"
11:18:10.888 [Forwarding clickElement on session 1d3cd22b0bd1bbd9c5501c0091a40b8e to remote] DEBUG org.apache.http.wire - http-outgoing-2 << "[\r][\n]"
11:18:10.888 [Forwarding clickElement on session 1d3cd22b0bd1bbd9c5501c0091a40b8e to remote] DEBUG org.apache.http.wire - http-outgoing-2 << "{"value":null}"
11:18:10.888 [Forwarding clickElement on session 1d3cd22b0bd1bbd9c5501c0091a40b8e to remote] DEBUG org.apache.http.headers - http-outgoing-2 << HTTP/1.1 200 OK
11:18:10.888 [Forwarding clickElement on session 1d3cd22b0bd1bbd9c5501c0091a40b8e to remote] DEBUG org.apache.http.headers - http-outgoing-2 << Content-Length:14
11:18:10.888 [Forwarding clickElement on session 1d3cd22b0bd1bbd9c5501c0091a40b8e to remote] DEBUG org.apache.http.headers - http-outgoing-2 << Content-Type:application/json; charset=utf-8
11:18:10.888 [Forwarding clickElement on session 1d3cd22b0bd1bbd9c5501c0091a40b8e to remote] DEBUG org.apache.http.headers - http-outgoing-2 << cache-control:no-cache
11:18:10.888 [Forwarding clickElement on session 1d3cd22b0bd1bbd9c5501c0091a40b8e to remote] DEBUG org.apache.http.impl.execchain.MainClientExec - Connection can be kept alive indefinitely
11:18:10.888 [Forwarding clickElement on session 1d3cd22b0bd1bbd9c5501c0091a40b8e to remote] DEBUG org.apache.http.impl.conn.PoolingHttpClientConnectionManager - Connection [id: 2][route: {}->http://localhost:16620] can be kept alive indefinitely
11:18:10.888 [Forwarding clickElement on session 1d3cd22b0bd1bbd9c5501c0091a40b8e to remote] DEBUG org.apache.http.impl.conn.PoolingHttpClientConnectionManager - Connection released: [id: 2][route: {}->http://localhost:16620][total kept alive: 3; route allocated: 1 of 2000; total allocated: 3 of 2000]
11:18:11.094 [Forwarding findElement on session 1d3cd22b0bd1bbd9c5501c0091a40b8e to remote] DEBUG org.apache.http.client.protocol.RequestAddCookies - CookieSpec selected: default
11:18:11.095 [Forwarding findElement on session 1d3cd22b0bd1bbd9c5501c0091a40b8e to remote] DEBUG org.apache.http.client.protocol.RequestAuthCache - Auth cache not set in the context
11:18:11.095 [Forwarding findElement on session 1d3cd22b0bd1bbd9c5501c0091a40b8e to remote] DEBUG org.apache.http.impl.conn.PoolingHttpClientConnectionManager - Connection request: [route: {}->http://localhost:16620][total kept alive: 3; route allocated: 1 of 2000; total allocated: 3 of 2000]
11:18:11.095 [Forwarding findElement on session 1d3cd22b0bd1bbd9c5501c0091a40b8e to remote] DEBUG org.apache.http.impl.conn.PoolingHttpClientConnectionManager - Connection leased: [id: 2][route: {}->http://localhost:16620][total kept alive: 2; route allocated: 1 of 2000; total allocated: 3 of 2000]
11:18:11.095 [Forwarding findElement on session 1d3cd22b0bd1bbd9c5501c0091a40b8e to remote] DEBUG org.apache.http.impl.execchain.MainClientExec - Stale connection check
11:18:11.096 [Forwarding findElement on session 1d3cd22b0bd1bbd9c5501c0091a40b8e to remote] DEBUG org.apache.http.wire - http-outgoing-2 << "[read] I/O error: Read timed out"
11:18:11.096 [Forwarding findElement on session 1d3cd22b0bd1bbd9c5501c0091a40b8e to remote] DEBUG org.apache.http.impl.conn.DefaultManagedHttpClientConnection - http-outgoing-2: set socket timeout to 10800000
11:18:11.096 [Forwarding findElement on session 1d3cd22b0bd1bbd9c5501c0091a40b8e to remote] DEBUG org.apache.http.impl.execchain.MainClientExec - Executing request POST /session/1d3cd22b0bd1bbd9c5501c0091a40b8e/element HTTP/1.1
11:18:11.096 [Forwarding findElement on session 1d3cd22b0bd1bbd9c5501c0091a40b8e to remote] DEBUG org.apache.http.impl.execchain.MainClientExec - Target auth state: UNCHALLENGED
11:18:11.096 [Forwarding findElement on session 1d3cd22b0bd1bbd9c5501c0091a40b8e to remote] DEBUG org.apache.http.impl.execchain.MainClientExec - Proxy auth state: UNCHALLENGED
11:18:11.096 [Forwarding findElement on session 1d3cd22b0bd1bbd9c5501c0091a40b8e to remote] DEBUG org.apache.http.headers - http-outgoing-2 >> POST /session/1d3cd22b0bd1bbd9c5501c0091a40b8e/element HTTP/1.1
11:18:11.096 [Forwarding findElement on session 1d3cd22b0bd1bbd9c5501c0091a40b8e to remote] DEBUG org.apache.http.headers - http-outgoing-2 >> Content-Type: application/json; charset=utf-8
11:18:11.096 [Forwarding findElement on session 1d3cd22b0bd1bbd9c5501c0091a40b8e to remote] DEBUG org.apache.http.headers - http-outgoing-2 >> Content-Length: 71
11:18:11.096 [Forwarding findElement on session 1d3cd22b0bd1bbd9c5501c0091a40b8e to remote] DEBUG org.apache.http.headers - http-outgoing-2 >> Host: localhost:16620
11:18:11.096 [Forwarding findElement on session 1d3cd22b0bd1bbd9c5501c0091a40b8e to remote] DEBUG org.apache.http.headers - http-outgoing-2 >> Connection: Keep-Alive
11:18:11.096 [Forwarding findElement on session 1d3cd22b0bd1bbd9c5501c0091a40b8e to remote] DEBUG org.apache.http.headers - http-outgoing-2 >> User-Agent: Apache-HttpClient/4.5.3 (Java/1.8.0_211)
11:18:11.096 [Forwarding findElement on session 1d3cd22b0bd1bbd9c5501c0091a40b8e to remote] DEBUG org.apache.http.headers - http-outgoing-2 >> Accept-Encoding: gzip,deflate
11:18:11.096 [Forwarding findElement on session 1d3cd22b0bd1bbd9c5501c0091a40b8e to remote] DEBUG org.apache.http.wire - http-outgoing-2 >> "POST /session/1d3cd22b0bd1bbd9c5501c0091a40b8e/element HTTP/1.1[\r][\n]"
11:18:11.096 [Forwarding findElement on session 1d3cd22b0bd1bbd9c5501c0091a40b8e to remote] DEBUG org.apache.http.wire - http-outgoing-2 >> "Content-Type: application/json; charset=utf-8[\r][\n]"
11:18:11.096 [Forwarding findElement on session 1d3cd22b0bd1bbd9c5501c0091a40b8e to remote] DEBUG org.apache.http.wire - http-outgoing-2 >> "Content-Length: 71[\r][\n]"
11:18:11.096 [Forwarding findElement on session 1d3cd22b0bd1bbd9c5501c0091a40b8e to remote] DEBUG org.apache.http.wire - http-outgoing-2 >> "Host: localhost:16620[\r][\n]"
11:18:11.096 [Forwarding findElement on session 1d3cd22b0bd1bbd9c5501c0091a40b8e to remote] DEBUG org.apache.http.wire - http-outgoing-2 >> "Connection: Keep-Alive[\r][\n]"
11:18:11.096 [Forwarding findElement on session 1d3cd22b0bd1bbd9c5501c0091a40b8e to remote] DEBUG org.apache.http.wire - http-outgoing-2 >> "User-Agent: Apache-HttpClient/4.5.3 (Java/1.8.0_211)[\r][\n]"
11:18:11.096 [Forwarding findElement on session 1d3cd22b0bd1bbd9c5501c0091a40b8e to remote] DEBUG org.apache.http.wire - http-outgoing-2 >> "Accept-Encoding: gzip,deflate[\r][\n]"
11:18:11.096 [Forwarding findElement on session 1d3cd22b0bd1bbd9c5501c0091a40b8e to remote] DEBUG org.apache.http.wire - http-outgoing-2 >> "[\r][\n]"
11:18:11.096 [Forwarding findElement on session 1d3cd22b0bd1bbd9c5501c0091a40b8e to remote] DEBUG org.apache.http.wire - http-outgoing-2 >> "{"value":".dropdown-toggle > span:nth-child(1)","using":"css selector"}"
11:18:11.975 [Forwarding findElement on session 1d3cd22b0bd1bbd9c5501c0091a40b8e to remote] DEBUG org.apache.http.wire - http-outgoing-2 << "HTTP/1.1 200 OK[\r][\n]"
11:18:11.975 [Forwarding findElement on session 1d3cd22b0bd1bbd9c5501c0091a40b8e to remote] DEBUG org.apache.http.wire - http-outgoing-2 << "Content-Length:88[\r][\n]"
11:18:11.975 [Forwarding findElement on session 1d3cd22b0bd1bbd9c5501c0091a40b8e to remote] DEBUG org.apache.http.wire - http-outgoing-2 << "Content-Type:application/json; charset=utf-8[\r][\n]"
11:18:11.975 [Forwarding findElement on session 1d3cd22b0bd1bbd9c5501c0091a40b8e to remote] DEBUG org.apache.http.wire - http-outgoing-2 << "cache-control:no-cache[\r][\n]"
11:18:11.975 [Forwarding findElement on session 1d3cd22b0bd1bbd9c5501c0091a40b8e to remote] DEBUG org.apache.http.wire - http-outgoing-2 << "[\r][\n]"
11:18:11.975 [Forwarding findElement on session 1d3cd22b0bd1bbd9c5501c0091a40b8e to remote] DEBUG org.apache.http.wire - http-outgoing-2 << "{"value":{"element-6066-11e4-a52e-4f735466cecf":"4eeec21c-d478-4432-9ea9-e465e98acc8a"}}"
11:18:11.975 [Forwarding findElement on session 1d3cd22b0bd1bbd9c5501c0091a40b8e to remote] DEBUG org.apache.http.headers - http-outgoing-2 << HTTP/1.1 200 OK
11:18:11.975 [Forwarding findElement on session 1d3cd22b0bd1bbd9c5501c0091a40b8e to remote] DEBUG org.apache.http.headers - http-outgoing-2 << Content-Length:88
11:18:11.975 [Forwarding findElement on session 1d3cd22b0bd1bbd9c5501c0091a40b8e to remote] DEBUG org.apache.http.headers - http-outgoing-2 << Content-Type:application/json; charset=utf-8
11:18:11.975 [Forwarding findElement on session 1d3cd22b0bd1bbd9c5501c0091a40b8e to remote] DEBUG org.apache.http.headers - http-outgoing-2 << cache-control:no-cache
11:18:11.975 [Forwarding findElement on session 1d3cd22b0bd1bbd9c5501c0091a40b8e to remote] DEBUG org.apache.http.impl.execchain.MainClientExec - Connection can be kept alive indefinitely
11:18:11.975 [Forwarding findElement on session 1d3cd22b0bd1bbd9c5501c0091a40b8e to remote] DEBUG org.apache.http.impl.conn.PoolingHttpClientConnectionManager - Connection [id: 2][route: {}->http://localhost:16620] can be kept alive indefinitely
11:18:11.975 [Forwarding findElement on session 1d3cd22b0bd1bbd9c5501c0091a40b8e to remote] DEBUG org.apache.http.impl.conn.PoolingHttpClientConnectionManager - Connection released: [id: 2][route: {}->http://localhost:16620][total kept alive: 3; route allocated: 1 of 2000; total allocated: 3 of 2000]
11:18:11.976 [Forwarding clickElement on session 1d3cd22b0bd1bbd9c5501c0091a40b8e to remote] DEBUG org.apache.http.client.protocol.RequestAddCookies - CookieSpec selected: default
11:18:11.976 [Forwarding clickElement on session 1d3cd22b0bd1bbd9c5501c0091a40b8e to remote] DEBUG org.apache.http.client.protocol.RequestAuthCache - Auth cache not set in the context
11:18:11.976 [Forwarding clickElement on session 1d3cd22b0bd1bbd9c5501c0091a40b8e to remote] DEBUG org.apache.http.impl.conn.PoolingHttpClientConnectionManager - Connection request: [route: {}->http://localhost:16620][total kept alive: 3; route allocated: 1 of 2000; total allocated: 3 of 2000]
11:18:11.976 [Forwarding clickElement on session 1d3cd22b0bd1bbd9c5501c0091a40b8e to remote] DEBUG org.apache.http.impl.conn.PoolingHttpClientConnectionManager - Connection leased: [id: 2][route: {}->http://localhost:16620][total kept alive: 2; route allocated: 1 of 2000; total allocated: 3 of 2000]
11:18:11.976 [Forwarding clickElement on session 1d3cd22b0bd1bbd9c5501c0091a40b8e to remote] DEBUG org.apache.http.impl.execchain.MainClientExec - Stale connection check
11:18:11.977 [Forwarding clickElement on session 1d3cd22b0bd1bbd9c5501c0091a40b8e to remote] DEBUG org.apache.http.wire - http-outgoing-2 << "[read] I/O error: Read timed out"
11:18:11.977 [Forwarding clickElement on session 1d3cd22b0bd1bbd9c5501c0091a40b8e to remote] DEBUG org.apache.http.impl.conn.DefaultManagedHttpClientConnection - http-outgoing-2: set socket timeout to 10800000
11:18:11.977 [Forwarding clickElement on session 1d3cd22b0bd1bbd9c5501c0091a40b8e to remote] DEBUG org.apache.http.impl.execchain.MainClientExec - Executing request POST /session/1d3cd22b0bd1bbd9c5501c0091a40b8e/element/4eeec21c-d478-4432-9ea9-e465e98acc8a/click HTTP/1.1
11:18:11.977 [Forwarding clickElement on session 1d3cd22b0bd1bbd9c5501c0091a40b8e to remote] DEBUG org.apache.http.impl.execchain.MainClientExec - Target auth state: UNCHALLENGED
11:18:11.977 [Forwarding clickElement on session 1d3cd22b0bd1bbd9c5501c0091a40b8e to remote] DEBUG org.apache.http.impl.execchain.MainClientExec - Proxy auth state: UNCHALLENGED
11:18:11.977 [Forwarding clickElement on session 1d3cd22b0bd1bbd9c5501c0091a40b8e to remote] DEBUG org.apache.http.headers - http-outgoing-2 >> POST /session/1d3cd22b0bd1bbd9c5501c0091a40b8e/element/4eeec21c-d478-4432-9ea9-e465e98acc8a/click HTTP/1.1
11:18:11.977 [Forwarding clickElement on session 1d3cd22b0bd1bbd9c5501c0091a40b8e to remote] DEBUG org.apache.http.headers - http-outgoing-2 >> Content-Type: application/json; charset=utf-8
11:18:11.977 [Forwarding clickElement on session 1d3cd22b0bd1bbd9c5501c0091a40b8e to remote] DEBUG org.apache.http.headers - http-outgoing-2 >> Content-Length: 45
11:18:11.977 [Forwarding clickElement on session 1d3cd22b0bd1bbd9c5501c0091a40b8e to remote] DEBUG org.apache.http.headers - http-outgoing-2 >> Host: localhost:16620
11:18:11.977 [Forwarding clickElement on session 1d3cd22b0bd1bbd9c5501c0091a40b8e to remote] DEBUG org.apache.http.headers - http-outgoing-2 >> Connection: Keep-Alive
11:18:11.977 [Forwarding clickElement on session 1d3cd22b0bd1bbd9c5501c0091a40b8e to remote] DEBUG org.apache.http.headers - http-outgoing-2 >> User-Agent: Apache-HttpClient/4.5.3 (Java/1.8.0_211)
11:18:11.977 [Forwarding clickElement on session 1d3cd22b0bd1bbd9c5501c0091a40b8e to remote] DEBUG org.apache.http.headers - http-outgoing-2 >> Accept-Encoding: gzip,deflate
11:18:11.977 [Forwarding clickElement on session 1d3cd22b0bd1bbd9c5501c0091a40b8e to remote] DEBUG org.apache.http.wire - http-outgoing-2 >> "POST /session/1d3cd22b0bd1bbd9c5501c0091a40b8e/element/4eeec21c-d478-4432-9ea9-e465e98acc8a/click HTTP/1.1[\r][\n]"
11:18:11.977 [Forwarding clickElement on session 1d3cd22b0bd1bbd9c5501c0091a40b8e to remote] DEBUG org.apache.http.wire - http-outgoing-2 >> "Content-Type: application/json; charset=utf-8[\r][\n]"
11:18:11.977 [Forwarding clickElement on session 1d3cd22b0bd1bbd9c5501c0091a40b8e to remote] DEBUG org.apache.http.wire - http-outgoing-2 >> "Content-Length: 45[\r][\n]"
11:18:11.977 [Forwarding clickElement on session 1d3cd22b0bd1bbd9c5501c0091a40b8e to remote] DEBUG org.apache.http.wire - http-outgoing-2 >> "Host: localhost:16620[\r][\n]"
11:18:11.977 [Forwarding clickElement on session 1d3cd22b0bd1bbd9c5501c0091a40b8e to remote] DEBUG org.apache.http.wire - http-outgoing-2 >> "Connection: Keep-Alive[\r][\n]"
11:18:11.977 [Forwarding clickElement on session 1d3cd22b0bd1bbd9c5501c0091a40b8e to remote] DEBUG org.apache.http.wire - http-outgoing-2 >> "User-Agent: Apache-HttpClient/4.5.3 (Java/1.8.0_211)[\r][\n]"
11:18:11.977 [Forwarding clickElement on session 1d3cd22b0bd1bbd9c5501c0091a40b8e to remote] DEBUG org.apache.http.wire - http-outgoing-2 >> "Accept-Encoding: gzip,deflate[\r][\n]"
11:18:11.977 [Forwarding clickElement on session 1d3cd22b0bd1bbd9c5501c0091a40b8e to remote] DEBUG org.apache.http.wire - http-outgoing-2 >> "[\r][\n]"
11:18:11.977 [Forwarding clickElement on session 1d3cd22b0bd1bbd9c5501c0091a40b8e to remote] DEBUG org.apache.http.wire - http-outgoing-2 >> "{"id":"4eeec21c-d478-4432-9ea9-e465e98acc8a"}"
11:18:12.244 [Forwarding clickElement on session 1d3cd22b0bd1bbd9c5501c0091a40b8e to remote] DEBUG org.apache.http.wire - http-outgoing-2 << "HTTP/1.1 200 OK[\r][\n]"
11:18:12.244 [Forwarding clickElement on session 1d3cd22b0bd1bbd9c5501c0091a40b8e to remote] DEBUG org.apache.http.wire - http-outgoing-2 << "Content-Length:14[\r][\n]"
11:18:12.244 [Forwarding clickElement on session 1d3cd22b0bd1bbd9c5501c0091a40b8e to remote] DEBUG org.apache.http.wire - http-outgoing-2 << "Content-Type:application/json; charset=utf-8[\r][\n]"
11:18:12.244 [Forwarding clickElement on session 1d3cd22b0bd1bbd9c5501c0091a40b8e to remote] DEBUG org.apache.http.wire - http-outgoing-2 << "cache-control:no-cache[\r][\n]"
11:18:12.244 [Forwarding clickElement on session 1d3cd22b0bd1bbd9c5501c0091a40b8e to remote] DEBUG org.apache.http.wire - http-outgoing-2 << "[\r][\n]"
11:18:12.244 [Forwarding clickElement on session 1d3cd22b0bd1bbd9c5501c0091a40b8e to remote] DEBUG org.apache.http.wire - http-outgoing-2 << "{"value":null}"
11:18:12.244 [Forwarding clickElement on session 1d3cd22b0bd1bbd9c5501c0091a40b8e to remote] DEBUG org.apache.http.headers - http-outgoing-2 << HTTP/1.1 200 OK
11:18:12.244 [Forwarding clickElement on session 1d3cd22b0bd1bbd9c5501c0091a40b8e to remote] DEBUG org.apache.http.headers - http-outgoing-2 << Content-Length:14
11:18:12.244 [Forwarding clickElement on session 1d3cd22b0bd1bbd9c5501c0091a40b8e to remote] DEBUG org.apache.http.headers - http-outgoing-2 << Content-Type:application/json; charset=utf-8
11:18:12.244 [Forwarding clickElement on session 1d3cd22b0bd1bbd9c5501c0091a40b8e to remote] DEBUG org.apache.http.headers - http-outgoing-2 << cache-control:no-cache
11:18:12.244 [Forwarding clickElement on session 1d3cd22b0bd1bbd9c5501c0091a40b8e to remote] DEBUG org.apache.http.impl.execchain.MainClientExec - Connection can be kept alive indefinitely
11:18:12.244 [Forwarding clickElement on session 1d3cd22b0bd1bbd9c5501c0091a40b8e to remote] DEBUG org.apache.http.impl.conn.PoolingHttpClientConnectionManager - Connection [id: 2][route: {}->http://localhost:16620] can be kept alive indefinitely
11:18:12.244 [Forwarding clickElement on session 1d3cd22b0bd1bbd9c5501c0091a40b8e to remote] DEBUG org.apache.http.impl.conn.PoolingHttpClientConnectionManager - Connection released: [id: 2][route: {}->http://localhost:16620][total kept alive: 3; route allocated: 1 of 2000; total allocated: 3 of 2000]
11:18:12.245 [Forwarding findElement on session 1d3cd22b0bd1bbd9c5501c0091a40b8e to remote] DEBUG org.apache.http.client.protocol.RequestAddCookies - CookieSpec selected: default
11:18:12.245 [Forwarding findElement on session 1d3cd22b0bd1bbd9c5501c0091a40b8e to remote] DEBUG org.apache.http.client.protocol.RequestAuthCache - Auth cache not set in the context
11:18:12.245 [Forwarding findElement on session 1d3cd22b0bd1bbd9c5501c0091a40b8e to remote] DEBUG org.apache.http.impl.conn.PoolingHttpClientConnectionManager - Connection request: [route: {}->http://localhost:16620][total kept alive: 3; route allocated: 1 of 2000; total allocated: 3 of 2000]
11:18:12.245 [Forwarding findElement on session 1d3cd22b0bd1bbd9c5501c0091a40b8e to remote] DEBUG org.apache.http.impl.conn.PoolingHttpClientConnectionManager - Connection leased: [id: 2][route: {}->http://localhost:16620][total kept alive: 2; route allocated: 1 of 2000; total allocated: 3 of 2000]
11:18:12.245 [Forwarding findElement on session 1d3cd22b0bd1bbd9c5501c0091a40b8e to remote] DEBUG org.apache.http.impl.execchain.MainClientExec - Stale connection check
11:18:12.247 [Forwarding findElement on session 1d3cd22b0bd1bbd9c5501c0091a40b8e to remote] DEBUG org.apache.http.wire - http-outgoing-2 << "[read] I/O error: Read timed out"
11:18:12.247 [Forwarding findElement on session 1d3cd22b0bd1bbd9c5501c0091a40b8e to remote] DEBUG org.apache.http.impl.conn.DefaultManagedHttpClientConnection - http-outgoing-2: set socket timeout to 10800000
11:18:12.247 [Forwarding findElement on session 1d3cd22b0bd1bbd9c5501c0091a40b8e to remote] DEBUG org.apache.http.impl.execchain.MainClientExec - Executing request POST /session/1d3cd22b0bd1bbd9c5501c0091a40b8e/element HTTP/1.1
11:18:12.247 [Forwarding findElement on session 1d3cd22b0bd1bbd9c5501c0091a40b8e to remote] DEBUG org.apache.http.impl.execchain.MainClientExec - Target auth state: UNCHALLENGED
11:18:12.247 [Forwarding findElement on session 1d3cd22b0bd1bbd9c5501c0091a40b8e to remote] DEBUG org.apache.http.impl.execchain.MainClientExec - Proxy auth state: UNCHALLENGED
11:18:12.247 [Forwarding findElement on session 1d3cd22b0bd1bbd9c5501c0091a40b8e to remote] DEBUG org.apache.http.headers - http-outgoing-2 >> POST /session/1d3cd22b0bd1bbd9c5501c0091a40b8e/element HTTP/1.1
11:18:12.247 [Forwarding findElement on session 1d3cd22b0bd1bbd9c5501c0091a40b8e to remote] DEBUG org.apache.http.headers - http-outgoing-2 >> Content-Type: application/json; charset=utf-8
11:18:12.247 [Forwarding findElement on session 1d3cd22b0bd1bbd9c5501c0091a40b8e to remote] DEBUG org.apache.http.headers - http-outgoing-2 >> Content-Length: 61
11:18:12.247 [Forwarding findElement on session 1d3cd22b0bd1bbd9c5501c0091a40b8e to remote] DEBUG org.apache.http.headers - http-outgoing-2 >> Host: localhost:16620
11:18:12.247 [Forwarding findElement on session 1d3cd22b0bd1bbd9c5501c0091a40b8e to remote] DEBUG org.apache.http.headers - http-outgoing-2 >> Connection: Keep-Alive
11:18:12.247 [Forwarding findElement on session 1d3cd22b0bd1bbd9c5501c0091a40b8e to remote] DEBUG org.apache.http.headers - http-outgoing-2 >> User-Agent: Apache-HttpClient/4.5.3 (Java/1.8.0_211)
11:18:12.247 [Forwarding findElement on session 1d3cd22b0bd1bbd9c5501c0091a40b8e to remote] DEBUG org.apache.http.headers - http-outgoing-2 >> Accept-Encoding: gzip,deflate
11:18:12.247 [Forwarding findElement on session 1d3cd22b0bd1bbd9c5501c0091a40b8e to remote] DEBUG org.apache.http.wire - http-outgoing-2 >> "POST /session/1d3cd22b0bd1bbd9c5501c0091a40b8e/element HTTP/1.1[\r][\n]"
11:18:12.247 [Forwarding findElement on session 1d3cd22b0bd1bbd9c5501c0091a40b8e to remote] DEBUG org.apache.http.wire - http-outgoing-2 >> "Content-Type: application/json; charset=utf-8[\r][\n]"
11:18:12.247 [Forwarding findElement on session 1d3cd22b0bd1bbd9c5501c0091a40b8e to remote] DEBUG org.apache.http.wire - http-outgoing-2 >> "Content-Length: 61[\r][\n]"
11:18:12.247 [Forwarding findElement on session 1d3cd22b0bd1bbd9c5501c0091a40b8e to remote] DEBUG org.apache.http.wire - http-outgoing-2 >> "Host: localhost:16620[\r][\n]"
11:18:12.247 [Forwarding findElement on session 1d3cd22b0bd1bbd9c5501c0091a40b8e to remote] DEBUG org.apache.http.wire - http-outgoing-2 >> "Connection: Keep-Alive[\r][\n]"
11:18:12.247 [Forwarding findElement on session 1d3cd22b0bd1bbd9c5501c0091a40b8e to remote] DEBUG org.apache.http.wire - http-outgoing-2 >> "User-Agent: Apache-HttpClient/4.5.3 (Java/1.8.0_211)[\r][\n]"
11:18:12.247 [Forwarding findElement on session 1d3cd22b0bd1bbd9c5501c0091a40b8e to remote] DEBUG org.apache.http.wire - http-outgoing-2 >> "Accept-Encoding: gzip,deflate[\r][\n]"
11:18:12.247 [Forwarding findElement on session 1d3cd22b0bd1bbd9c5501c0091a40b8e to remote] DEBUG org.apache.http.wire - http-outgoing-2 >> "[\r][\n]"
11:18:12.247 [Forwarding findElement on session 1d3cd22b0bd1bbd9c5501c0091a40b8e to remote] DEBUG org.apache.http.wire - http-outgoing-2 >> "{"value":".justify-content-end > div","using":"css selector"}"
11:18:12.291 [Forwarding findElement on session 1d3cd22b0bd1bbd9c5501c0091a40b8e to remote] DEBUG org.apache.http.wire - http-outgoing-2 << "HTTP/1.1 200 OK[\r][\n]"
11:18:12.291 [Forwarding findElement on session 1d3cd22b0bd1bbd9c5501c0091a40b8e to remote] DEBUG org.apache.http.wire - http-outgoing-2 << "Content-Length:88[\r][\n]"
11:18:12.291 [Forwarding findElement on session 1d3cd22b0bd1bbd9c5501c0091a40b8e to remote] DEBUG org.apache.http.wire - http-outgoing-2 << "Content-Type:application/json; charset=utf-8[\r][\n]"
11:18:12.291 [Forwarding findElement on session 1d3cd22b0bd1bbd9c5501c0091a40b8e to remote] DEBUG org.apache.http.wire - http-outgoing-2 << "cache-control:no-cache[\r][\n]"
11:18:12.291 [Forwarding findElement on session 1d3cd22b0bd1bbd9c5501c0091a40b8e to remote] DEBUG org.apache.http.wire - http-outgoing-2 << "[\r][\n]"
11:18:12.291 [Forwarding findElement on session 1d3cd22b0bd1bbd9c5501c0091a40b8e to remote] DEBUG org.apache.http.wire - http-outgoing-2 << "{"value":{"element-6066-11e4-a52e-4f735466cecf":"5dfd71a8-1859-4ccf-a932-95b331aaaa1a"}}"
11:18:12.291 [Forwarding findElement on session 1d3cd22b0bd1bbd9c5501c0091a40b8e to remote] DEBUG org.apache.http.headers - http-outgoing-2 << HTTP/1.1 200 OK
11:18:12.291 [Forwarding findElement on session 1d3cd22b0bd1bbd9c5501c0091a40b8e to remote] DEBUG org.apache.http.headers - http-outgoing-2 << Content-Length:88
11:18:12.291 [Forwarding findElement on session 1d3cd22b0bd1bbd9c5501c0091a40b8e to remote] DEBUG org.apache.http.headers - http-outgoing-2 << Content-Type:application/json; charset=utf-8
11:18:12.291 [Forwarding findElement on session 1d3cd22b0bd1bbd9c5501c0091a40b8e to remote] DEBUG org.apache.http.headers - http-outgoing-2 << cache-control:no-cache
11:18:12.291 [Forwarding findElement on session 1d3cd22b0bd1bbd9c5501c0091a40b8e to remote] DEBUG org.apache.http.impl.execchain.MainClientExec - Connection can be kept alive indefinitely
11:18:12.291 [Forwarding findElement on session 1d3cd22b0bd1bbd9c5501c0091a40b8e to remote] DEBUG org.apache.http.impl.conn.PoolingHttpClientConnectionManager - Connection [id: 2][route: {}->http://localhost:16620] can be kept alive indefinitely
11:18:12.291 [Forwarding findElement on session 1d3cd22b0bd1bbd9c5501c0091a40b8e to remote] DEBUG org.apache.http.impl.conn.PoolingHttpClientConnectionManager - Connection released: [id: 2][route: {}->http://localhost:16620][total kept alive: 3; route allocated: 1 of 2000; total allocated: 3 of 2000]
11:18:12.292 [Forwarding clickElement on session 1d3cd22b0bd1bbd9c5501c0091a40b8e to remote] DEBUG org.apache.http.client.protocol.RequestAddCookies - CookieSpec selected: default
11:18:12.292 [Forwarding clickElement on session 1d3cd22b0bd1bbd9c5501c0091a40b8e to remote] DEBUG org.apache.http.client.protocol.RequestAuthCache - Auth cache not set in the context
11:18:12.292 [Forwarding clickElement on session 1d3cd22b0bd1bbd9c5501c0091a40b8e to remote] DEBUG org.apache.http.impl.conn.PoolingHttpClientConnectionManager - Connection request: [route: {}->http://localhost:16620][total kept alive: 3; route allocated: 1 of 2000; total allocated: 3 of 2000]
11:18:12.292 [Forwarding clickElement on session 1d3cd22b0bd1bbd9c5501c0091a40b8e to remote] DEBUG org.apache.http.impl.conn.PoolingHttpClientConnectionManager - Connection leased: [id: 2][route: {}->http://localhost:16620][total kept alive: 2; route allocated: 1 of 2000; total allocated: 3 of 2000]
11:18:12.292 [Forwarding clickElement on session 1d3cd22b0bd1bbd9c5501c0091a40b8e to remote] DEBUG org.apache.http.impl.execchain.MainClientExec - Stale connection check
11:18:12.294 [Forwarding clickElement on session 1d3cd22b0bd1bbd9c5501c0091a40b8e to remote] DEBUG org.apache.http.wire - http-outgoing-2 << "[read] I/O error: Read timed out"
11:18:12.294 [Forwarding clickElement on session 1d3cd22b0bd1bbd9c5501c0091a40b8e to remote] DEBUG org.apache.http.impl.conn.DefaultManagedHttpClientConnection - http-outgoing-2: set socket timeout to 10800000
11:18:12.294 [Forwarding clickElement on session 1d3cd22b0bd1bbd9c5501c0091a40b8e to remote] DEBUG org.apache.http.impl.execchain.MainClientExec - Executing request POST /session/1d3cd22b0bd1bbd9c5501c0091a40b8e/element/5dfd71a8-1859-4ccf-a932-95b331aaaa1a/click HTTP/1.1
11:18:12.294 [Forwarding clickElement on session 1d3cd22b0bd1bbd9c5501c0091a40b8e to remote] DEBUG org.apache.http.impl.execchain.MainClientExec - Target auth state: UNCHALLENGED
11:18:12.294 [Forwarding clickElement on session 1d3cd22b0bd1bbd9c5501c0091a40b8e to remote] DEBUG org.apache.http.impl.execchain.MainClientExec - Proxy auth state: UNCHALLENGED
11:18:12.294 [Forwarding clickElement on session 1d3cd22b0bd1bbd9c5501c0091a40b8e to remote] DEBUG org.apache.http.headers - http-outgoing-2 >> POST /session/1d3cd22b0bd1bbd9c5501c0091a40b8e/element/5dfd71a8-1859-4ccf-a932-95b331aaaa1a/click HTTP/1.1
11:18:12.294 [Forwarding clickElement on session 1d3cd22b0bd1bbd9c5501c0091a40b8e to remote] DEBUG org.apache.http.headers - http-outgoing-2 >> Content-Type: application/json; charset=utf-8
11:18:12.294 [Forwarding clickElement on session 1d3cd22b0bd1bbd9c5501c0091a40b8e to remote] DEBUG org.apache.http.headers - http-outgoing-2 >> Content-Length: 45
11:18:12.294 [Forwarding clickElement on session 1d3cd22b0bd1bbd9c5501c0091a40b8e to remote] DEBUG org.apache.http.headers - http-outgoing-2 >> Host: localhost:16620
11:18:12.294 [Forwarding clickElement on session 1d3cd22b0bd1bbd9c5501c0091a40b8e to remote] DEBUG org.apache.http.headers - http-outgoing-2 >> Connection: Keep-Alive
11:18:12.294 [Forwarding clickElement on session 1d3cd22b0bd1bbd9c5501c0091a40b8e to remote] DEBUG org.apache.http.headers - http-outgoing-2 >> User-Agent: Apache-HttpClient/4.5.3 (Java/1.8.0_211)
11:18:12.294 [Forwarding clickElement on session 1d3cd22b0bd1bbd9c5501c0091a40b8e to remote] DEBUG org.apache.http.headers - http-outgoing-2 >> Accept-Encoding: gzip,deflate
11:18:12.294 [Forwarding clickElement on session 1d3cd22b0bd1bbd9c5501c0091a40b8e to remote] DEBUG org.apache.http.wire - http-outgoing-2 >> "POST /session/1d3cd22b0bd1bbd9c5501c0091a40b8e/element/5dfd71a8-1859-4ccf-a932-95b331aaaa1a/click HTTP/1.1[\r][\n]"
11:18:12.294 [Forwarding clickElement on session 1d3cd22b0bd1bbd9c5501c0091a40b8e to remote] DEBUG org.apache.http.wire - http-outgoing-2 >> "Content-Type: application/json; charset=utf-8[\r][\n]"
11:18:12.294 [Forwarding clickElement on session 1d3cd22b0bd1bbd9c5501c0091a40b8e to remote] DEBUG org.apache.http.wire - http-outgoing-2 >> "Content-Length: 45[\r][\n]"
11:18:12.294 [Forwarding clickElement on session 1d3cd22b0bd1bbd9c5501c0091a40b8e to remote] DEBUG org.apache.http.wire - http-outgoing-2 >> "Host: localhost:16620[\r][\n]"
11:18:12.294 [Forwarding clickElement on session 1d3cd22b0bd1bbd9c5501c0091a40b8e to remote] DEBUG org.apache.http.wire - http-outgoing-2 >> "Connection: Keep-Alive[\r][\n]"
11:18:12.294 [Forwarding clickElement on session 1d3cd22b0bd1bbd9c5501c0091a40b8e to remote] DEBUG org.apache.http.wire - http-outgoing-2 >> "User-Agent: Apache-HttpClient/4.5.3 (Java/1.8.0_211)[\r][\n]"
11:18:12.294 [Forwarding clickElement on session 1d3cd22b0bd1bbd9c5501c0091a40b8e to remote] DEBUG org.apache.http.wire - http-outgoing-2 >> "Accept-Encoding: gzip,deflate[\r][\n]"
11:18:12.294 [Forwarding clickElement on session 1d3cd22b0bd1bbd9c5501c0091a40b8e to remote] DEBUG org.apache.http.wire - http-outgoing-2 >> "[\r][\n]"
11:18:12.294 [Forwarding clickElement on session 1d3cd22b0bd1bbd9c5501c0091a40b8e to remote] DEBUG org.apache.http.wire - http-outgoing-2 >> "{"id":"5dfd71a8-1859-4ccf-a932-95b331aaaa1a"}"
11:18:12.340 [Forwarding clickElement on session 1d3cd22b0bd1bbd9c5501c0091a40b8e to remote] DEBUG org.apache.http.wire - http-outgoing-2 << "HTTP/1.1 200 OK[\r][\n]"
11:18:12.341 [Forwarding clickElement on session 1d3cd22b0bd1bbd9c5501c0091a40b8e to remote] DEBUG org.apache.http.wire - http-outgoing-2 << "Content-Length:14[\r][\n]"
11:18:12.341 [Forwarding clickElement on session 1d3cd22b0bd1bbd9c5501c0091a40b8e to remote] DEBUG org.apache.http.wire - http-outgoing-2 << "Content-Type:application/json; charset=utf-8[\r][\n]"
11:18:12.341 [Forwarding clickElement on session 1d3cd22b0bd1bbd9c5501c0091a40b8e to remote] DEBUG org.apache.http.wire - http-outgoing-2 << "cache-control:no-cache[\r][\n]"
11:18:12.341 [Forwarding clickElement on session 1d3cd22b0bd1bbd9c5501c0091a40b8e to remote] DEBUG org.apache.http.wire - http-outgoing-2 << "[\r][\n]"
11:18:12.341 [Forwarding clickElement on session 1d3cd22b0bd1bbd9c5501c0091a40b8e to remote] DEBUG org.apache.http.wire - http-outgoing-2 << "{"value":null}"
11:18:12.341 [Forwarding clickElement on session 1d3cd22b0bd1bbd9c5501c0091a40b8e to remote] DEBUG org.apache.http.headers - http-outgoing-2 << HTTP/1.1 200 OK
11:18:12.341 [Forwarding clickElement on session 1d3cd22b0bd1bbd9c5501c0091a40b8e to remote] DEBUG org.apache.http.headers - http-outgoing-2 << Content-Length:14
11:18:12.341 [Forwarding clickElement on session 1d3cd22b0bd1bbd9c5501c0091a40b8e to remote] DEBUG org.apache.http.headers - http-outgoing-2 << Content-Type:application/json; charset=utf-8
11:18:12.341 [Forwarding clickElement on session 1d3cd22b0bd1bbd9c5501c0091a40b8e to remote] DEBUG org.apache.http.headers - http-outgoing-2 << cache-control:no-cache
11:18:12.341 [Forwarding clickElement on session 1d3cd22b0bd1bbd9c5501c0091a40b8e to remote] DEBUG org.apache.http.impl.execchain.MainClientExec - Connection can be kept alive indefinitely
11:18:12.341 [Forwarding clickElement on session 1d3cd22b0bd1bbd9c5501c0091a40b8e to remote] DEBUG org.apache.http.impl.conn.PoolingHttpClientConnectionManager - Connection [id: 2][route: {}->http://localhost:16620] can be kept alive indefinitely
11:18:12.341 [Forwarding clickElement on session 1d3cd22b0bd1bbd9c5501c0091a40b8e to remote] DEBUG org.apache.http.impl.conn.PoolingHttpClientConnectionManager - Connection released: [id: 2][route: {}->http://localhost:16620][total kept alive: 3; route allocated: 1 of 2000; total allocated: 3 of 2000]
11:18:12.341 [Forwarding findElement on session 1d3cd22b0bd1bbd9c5501c0091a40b8e to remote] DEBUG org.apache.http.client.protocol.RequestAddCookies - CookieSpec selected: default
11:18:12.341 [Forwarding findElement on session 1d3cd22b0bd1bbd9c5501c0091a40b8e to remote] DEBUG org.apache.http.client.protocol.RequestAuthCache - Auth cache not set in the context
11:18:12.341 [Forwarding findElement on session 1d3cd22b0bd1bbd9c5501c0091a40b8e to remote] DEBUG org.apache.http.impl.conn.PoolingHttpClientConnectionManager - Connection request: [route: {}->http://localhost:16620][total kept alive: 3; route allocated: 1 of 2000; total allocated: 3 of 2000]
11:18:12.342 [Forwarding findElement on session 1d3cd22b0bd1bbd9c5501c0091a40b8e to remote] DEBUG org.apache.http.impl.conn.PoolingHttpClientConnectionManager - Connection leased: [id: 2][route: {}->http://localhost:16620][total kept alive: 2; route allocated: 1 of 2000; total allocated: 3 of 2000]
11:18:12.342 [Forwarding findElement on session 1d3cd22b0bd1bbd9c5501c0091a40b8e to remote] DEBUG org.apache.http.impl.execchain.MainClientExec - Stale connection check
11:18:12.343 [Forwarding findElement on session 1d3cd22b0bd1bbd9c5501c0091a40b8e to remote] DEBUG org.apache.http.wire - http-outgoing-2 << "[read] I/O error: Read timed out"
11:18:12.343 [Forwarding findElement on session 1d3cd22b0bd1bbd9c5501c0091a40b8e to remote] DEBUG org.apache.http.impl.conn.DefaultManagedHttpClientConnection - http-outgoing-2: set socket timeout to 10800000
11:18:12.343 [Forwarding findElement on session 1d3cd22b0bd1bbd9c5501c0091a40b8e to remote] DEBUG org.apache.http.impl.execchain.MainClientExec - Executing request POST /session/1d3cd22b0bd1bbd9c5501c0091a40b8e/element HTTP/1.1
11:18:12.343 [Forwarding findElement on session 1d3cd22b0bd1bbd9c5501c0091a40b8e to remote] DEBUG org.apache.http.impl.execchain.MainClientExec - Target auth state: UNCHALLENGED
11:18:12.343 [Forwarding findElement on session 1d3cd22b0bd1bbd9c5501c0091a40b8e to remote] DEBUG org.apache.http.impl.execchain.MainClientExec - Proxy auth state: UNCHALLENGED
11:18:12.343 [Forwarding findElement on session 1d3cd22b0bd1bbd9c5501c0091a40b8e to remote] DEBUG org.apache.http.headers - http-outgoing-2 >> POST /session/1d3cd22b0bd1bbd9c5501c0091a40b8e/element HTTP/1.1
11:18:12.343 [Forwarding findElement on session 1d3cd22b0bd1bbd9c5501c0091a40b8e to remote] DEBUG org.apache.http.headers - http-outgoing-2 >> Content-Type: application/json; charset=utf-8
11:18:12.343 [Forwarding findElement on session 1d3cd22b0bd1bbd9c5501c0091a40b8e to remote] DEBUG org.apache.http.headers - http-outgoing-2 >> Content-Length: 53
11:18:12.343 [Forwarding findElement on session 1d3cd22b0bd1bbd9c5501c0091a40b8e to remote] DEBUG org.apache.http.headers - http-outgoing-2 >> Host: localhost:16620
11:18:12.343 [Forwarding findElement on session 1d3cd22b0bd1bbd9c5501c0091a40b8e to remote] DEBUG org.apache.http.headers - http-outgoing-2 >> Connection: Keep-Alive
11:18:12.343 [Forwarding findElement on session 1d3cd22b0bd1bbd9c5501c0091a40b8e to remote] DEBUG org.apache.http.headers - http-outgoing-2 >> User-Agent: Apache-HttpClient/4.5.3 (Java/1.8.0_211)
11:18:12.343 [Forwarding findElement on session 1d3cd22b0bd1bbd9c5501c0091a40b8e to remote] DEBUG org.apache.http.headers - http-outgoing-2 >> Accept-Encoding: gzip,deflate
11:18:12.343 [Forwarding findElement on session 1d3cd22b0bd1bbd9c5501c0091a40b8e to remote] DEBUG org.apache.http.wire - http-outgoing-2 >> "POST /session/1d3cd22b0bd1bbd9c5501c0091a40b8e/element HTTP/1.1[\r][\n]"
11:18:12.343 [Forwarding findElement on session 1d3cd22b0bd1bbd9c5501c0091a40b8e to remote] DEBUG org.apache.http.wire - http-outgoing-2 >> "Content-Type: application/json; charset=utf-8[\r][\n]"
11:18:12.343 [Forwarding findElement on session 1d3cd22b0bd1bbd9c5501c0091a40b8e to remote] DEBUG org.apache.http.wire - http-outgoing-2 >> "Content-Length: 53[\r][\n]"
11:18:12.343 [Forwarding findElement on session 1d3cd22b0bd1bbd9c5501c0091a40b8e to remote] DEBUG org.apache.http.wire - http-outgoing-2 >> "Host: localhost:16620[\r][\n]"
11:18:12.343 [Forwarding findElement on session 1d3cd22b0bd1bbd9c5501c0091a40b8e to remote] DEBUG org.apache.http.wire - http-outgoing-2 >> "Connection: Keep-Alive[\r][\n]"
11:18:12.343 [Forwarding findElement on session 1d3cd22b0bd1bbd9c5501c0091a40b8e to remote] DEBUG org.apache.http.wire - http-outgoing-2 >> "User-Agent: Apache-HttpClient/4.5.3 (Java/1.8.0_211)[\r][\n]"
11:18:12.343 [Forwarding findElement on session 1d3cd22b0bd1bbd9c5501c0091a40b8e to remote] DEBUG org.apache.http.wire - http-outgoing-2 >> "Accept-Encoding: gzip,deflate[\r][\n]"
11:18:12.343 [Forwarding findElement on session 1d3cd22b0bd1bbd9c5501c0091a40b8e to remote] DEBUG org.apache.http.wire - http-outgoing-2 >> "[\r][\n]"
11:18:12.343 [Forwarding findElement on session 1d3cd22b0bd1bbd9c5501c0091a40b8e to remote] DEBUG org.apache.http.wire - http-outgoing-2 >> "{"value":"span > .d-flex div","using":"css selector"}"
11:18:12.590 [Forwarding findElement on session 1d3cd22b0bd1bbd9c5501c0091a40b8e to remote] DEBUG org.apache.http.wire - http-outgoing-2 << "HTTP/1.1 200 OK[\r][\n]"
11:18:12.590 [Forwarding findElement on session 1d3cd22b0bd1bbd9c5501c0091a40b8e to remote] DEBUG org.apache.http.wire - http-outgoing-2 << "Content-Length:88[\r][\n]"
11:18:12.590 [Forwarding findElement on session 1d3cd22b0bd1bbd9c5501c0091a40b8e to remote] DEBUG org.apache.http.wire - http-outgoing-2 << "Content-Type:application/json; charset=utf-8[\r][\n]"
11:18:12.590 [Forwarding findElement on session 1d3cd22b0bd1bbd9c5501c0091a40b8e to remote] DEBUG org.apache.http.wire - http-outgoing-2 << "cache-control:no-cache[\r][\n]"
11:18:12.590 [Forwarding findElement on session 1d3cd22b0bd1bbd9c5501c0091a40b8e to remote] DEBUG org.apache.http.wire - http-outgoing-2 << "[\r][\n]"
11:18:12.590 [Forwarding findElement on session 1d3cd22b0bd1bbd9c5501c0091a40b8e to remote] DEBUG org.apache.http.wire - http-outgoing-2 << "{"value":{"element-6066-11e4-a52e-4f735466cecf":"ac3967f8-581c-403e-b7a1-6780ab7119da"}}"
11:18:12.590 [Forwarding findElement on session 1d3cd22b0bd1bbd9c5501c0091a40b8e to remote] DEBUG org.apache.http.headers - http-outgoing-2 << HTTP/1.1 200 OK
11:18:12.590 [Forwarding findElement on session 1d3cd22b0bd1bbd9c5501c0091a40b8e to remote] DEBUG org.apache.http.headers - http-outgoing-2 << Content-Length:88
11:18:12.590 [Forwarding findElement on session 1d3cd22b0bd1bbd9c5501c0091a40b8e to remote] DEBUG org.apache.http.headers - http-outgoing-2 << Content-Type:application/json; charset=utf-8
11:18:12.590 [Forwarding findElement on session 1d3cd22b0bd1bbd9c5501c0091a40b8e to remote] DEBUG org.apache.http.headers - http-outgoing-2 << cache-control:no-cache
11:18:12.590 [Forwarding findElement on session 1d3cd22b0bd1bbd9c5501c0091a40b8e to remote] DEBUG org.apache.http.impl.execchain.MainClientExec - Connection can be kept alive indefinitely
11:18:12.590 [Forwarding findElement on session 1d3cd22b0bd1bbd9c5501c0091a40b8e to remote] DEBUG org.apache.http.impl.conn.PoolingHttpClientConnectionManager - Connection [id: 2][route: {}->http://localhost:16620] can be kept alive indefinitely
11:18:12.590 [Forwarding findElement on session 1d3cd22b0bd1bbd9c5501c0091a40b8e to remote] DEBUG org.apache.http.impl.conn.PoolingHttpClientConnectionManager - Connection released: [id: 2][route: {}->http://localhost:16620][total kept alive: 3; route allocated: 1 of 2000; total allocated: 3 of 2000]
11:18:12.591 [Forwarding getElementText on session 1d3cd22b0bd1bbd9c5501c0091a40b8e to remote] DEBUG org.apache.http.client.protocol.RequestAddCookies - CookieSpec selected: default
11:18:12.591 [Forwarding getElementText on session 1d3cd22b0bd1bbd9c5501c0091a40b8e to remote] DEBUG org.apache.http.client.protocol.RequestAuthCache - Auth cache not set in the context
11:18:12.591 [Forwarding getElementText on session 1d3cd22b0bd1bbd9c5501c0091a40b8e to remote] DEBUG org.apache.http.impl.conn.PoolingHttpClientConnectionManager - Connection request: [route: {}->http://localhost:16620][total kept alive: 3; route allocated: 1 of 2000; total allocated: 3 of 2000]
11:18:12.591 [Forwarding getElementText on session 1d3cd22b0bd1bbd9c5501c0091a40b8e to remote] DEBUG org.apache.http.impl.conn.PoolingHttpClientConnectionManager - Connection leased: [id: 2][route: {}->http://localhost:16620][total kept alive: 2; route allocated: 1 of 2000; total allocated: 3 of 2000]
11:18:12.591 [Forwarding getElementText on session 1d3cd22b0bd1bbd9c5501c0091a40b8e to remote] DEBUG org.apache.http.impl.execchain.MainClientExec - Stale connection check
11:18:12.592 [Forwarding getElementText on session 1d3cd22b0bd1bbd9c5501c0091a40b8e to remote] DEBUG org.apache.http.wire - http-outgoing-2 << "[read] I/O error: Read timed out"
11:18:12.592 [Forwarding getElementText on session 1d3cd22b0bd1bbd9c5501c0091a40b8e to remote] DEBUG org.apache.http.impl.conn.DefaultManagedHttpClientConnection - http-outgoing-2: set socket timeout to 10800000
11:18:12.592 [Forwarding getElementText on session 1d3cd22b0bd1bbd9c5501c0091a40b8e to remote] DEBUG org.apache.http.impl.execchain.MainClientExec - Executing request GET /session/1d3cd22b0bd1bbd9c5501c0091a40b8e/element/ac3967f8-581c-403e-b7a1-6780ab7119da/text HTTP/1.1
11:18:12.592 [Forwarding getElementText on session 1d3cd22b0bd1bbd9c5501c0091a40b8e to remote] DEBUG org.apache.http.impl.execchain.MainClientExec - Target auth state: UNCHALLENGED
11:18:12.592 [Forwarding getElementText on session 1d3cd22b0bd1bbd9c5501c0091a40b8e to remote] DEBUG org.apache.http.impl.execchain.MainClientExec - Proxy auth state: UNCHALLENGED
11:18:12.592 [Forwarding getElementText on session 1d3cd22b0bd1bbd9c5501c0091a40b8e to remote] DEBUG org.apache.http.headers - http-outgoing-2 >> GET /session/1d3cd22b0bd1bbd9c5501c0091a40b8e/element/ac3967f8-581c-403e-b7a1-6780ab7119da/text HTTP/1.1
11:18:12.592 [Forwarding getElementText on session 1d3cd22b0bd1bbd9c5501c0091a40b8e to remote] DEBUG org.apache.http.headers - http-outgoing-2 >> Cache-Control: no-cache
11:18:12.592 [Forwarding getElementText on session 1d3cd22b0bd1bbd9c5501c0091a40b8e to remote] DEBUG org.apache.http.headers - http-outgoing-2 >> Host: localhost:16620
11:18:12.592 [Forwarding getElementText on session 1d3cd22b0bd1bbd9c5501c0091a40b8e to remote] DEBUG org.apache.http.headers - http-outgoing-2 >> Connection: Keep-Alive
11:18:12.592 [Forwarding getElementText on session 1d3cd22b0bd1bbd9c5501c0091a40b8e to remote] DEBUG org.apache.http.headers - http-outgoing-2 >> User-Agent: Apache-HttpClient/4.5.3 (Java/1.8.0_211)
11:18:12.592 [Forwarding getElementText on session 1d3cd22b0bd1bbd9c5501c0091a40b8e to remote] DEBUG org.apache.http.headers - http-outgoing-2 >> Accept-Encoding: gzip,deflate
11:18:12.593 [Forwarding getElementText on session 1d3cd22b0bd1bbd9c5501c0091a40b8e to remote] DEBUG org.apache.http.wire - http-outgoing-2 >> "GET /session/1d3cd22b0bd1bbd9c5501c0091a40b8e/element/ac3967f8-581c-403e-b7a1-6780ab7119da/text HTTP/1.1[\r][\n]"
11:18:12.593 [Forwarding getElementText on session 1d3cd22b0bd1bbd9c5501c0091a40b8e to remote] DEBUG org.apache.http.wire - http-outgoing-2 >> "Cache-Control: no-cache[\r][\n]"
11:18:12.593 [Forwarding getElementText on session 1d3cd22b0bd1bbd9c5501c0091a40b8e to remote] DEBUG org.apache.http.wire - http-outgoing-2 >> "Host: localhost:16620[\r][\n]"
11:18:12.593 [Forwarding getElementText on session 1d3cd22b0bd1bbd9c5501c0091a40b8e to remote] DEBUG org.apache.http.wire - http-outgoing-2 >> "Connection: Keep-Alive[\r][\n]"
11:18:12.593 [Forwarding getElementText on session 1d3cd22b0bd1bbd9c5501c0091a40b8e to remote] DEBUG org.apache.http.wire - http-outgoing-2 >> "User-Agent: Apache-HttpClient/4.5.3 (Java/1.8.0_211)[\r][\n]"
11:18:12.593 [Forwarding getElementText on session 1d3cd22b0bd1bbd9c5501c0091a40b8e to remote] DEBUG org.apache.http.wire - http-outgoing-2 >> "Accept-Encoding: gzip,deflate[\r][\n]"
11:18:12.593 [Forwarding getElementText on session 1d3cd22b0bd1bbd9c5501c0091a40b8e to remote] DEBUG org.apache.http.wire - http-outgoing-2 >> "[\r][\n]"
11:18:12.617 [Forwarding getElementText on session 1d3cd22b0bd1bbd9c5501c0091a40b8e to remote] DEBUG org.apache.http.wire - http-outgoing-2 << "HTTP/1.1 200 OK[\r][\n]"
11:18:12.617 [Forwarding getElementText on session 1d3cd22b0bd1bbd9c5501c0091a40b8e to remote] DEBUG org.apache.http.wire - http-outgoing-2 << "Content-Length:46[\r][\n]"
11:18:12.617 [Forwarding getElementText on session 1d3cd22b0bd1bbd9c5501c0091a40b8e to remote] DEBUG org.apache.http.wire - http-outgoing-2 << "Content-Type:application/json; charset=utf-8[\r][\n]"
11:18:12.617 [Forwarding getElementText on session 1d3cd22b0bd1bbd9c5501c0091a40b8e to remote] DEBUG org.apache.http.wire - http-outgoing-2 << "cache-control:no-cache[\r][\n]"
11:18:12.617 [Forwarding getElementText on session 1d3cd22b0bd1bbd9c5501c0091a40b8e to remote] DEBUG org.apache.http.wire - http-outgoing-2 << "[\r][\n]"
11:18:12.617 [Forwarding getElementText on session 1d3cd22b0bd1bbd9c5501c0091a40b8e to remote] DEBUG org.apache.http.wire - http-outgoing-2 << "{"value":"TN2jfdYCX9vvozqjwVvPjMd7vRj8HKyxUe"}"
11:18:12.617 [Forwarding getElementText on session 1d3cd22b0bd1bbd9c5501c0091a40b8e to remote] DEBUG org.apache.http.headers - http-outgoing-2 << HTTP/1.1 200 OK
11:18:12.617 [Forwarding getElementText on session 1d3cd22b0bd1bbd9c5501c0091a40b8e to remote] DEBUG org.apache.http.headers - http-outgoing-2 << Content-Length:46
11:18:12.617 [Forwarding getElementText on session 1d3cd22b0bd1bbd9c5501c0091a40b8e to remote] DEBUG org.apache.http.headers - http-outgoing-2 << Content-Type:application/json; charset=utf-8
11:18:12.617 [Forwarding getElementText on session 1d3cd22b0bd1bbd9c5501c0091a40b8e to remote] DEBUG org.apache.http.headers - http-outgoing-2 << cache-control:no-cache
11:18:12.617 [Forwarding getElementText on session 1d3cd22b0bd1bbd9c5501c0091a40b8e to remote] DEBUG org.apache.http.impl.execchain.MainClientExec - Connection can be kept alive indefinitely
11:18:12.617 [Forwarding getElementText on session 1d3cd22b0bd1bbd9c5501c0091a40b8e to remote] DEBUG org.apache.http.impl.conn.PoolingHttpClientConnectionManager - Connection [id: 2][route: {}->http://localhost:16620] can be kept alive indefinitely
11:18:12.617 [Forwarding getElementText on session 1d3cd22b0bd1bbd9c5501c0091a40b8e to remote] DEBUG org.apache.http.impl.conn.PoolingHttpClientConnectionManager - Connection released: [id: 2][route: {}->http://localhost:16620][total kept alive: 3; route allocated: 1 of 2000; total allocated: 3 of 2000]
11:18:12.823 [Forwarding findElement on session 1d3cd22b0bd1bbd9c5501c0091a40b8e to remote] DEBUG org.apache.http.client.protocol.RequestAddCookies - CookieSpec selected: default
11:18:12.823 [Forwarding findElement on session 1d3cd22b0bd1bbd9c5501c0091a40b8e to remote] DEBUG org.apache.http.client.protocol.RequestAuthCache - Auth cache not set in the context
11:18:12.823 [Forwarding findElement on session 1d3cd22b0bd1bbd9c5501c0091a40b8e to remote] DEBUG org.apache.http.impl.conn.PoolingHttpClientConnectionManager - Connection request: [route: {}->http://localhost:16620][total kept alive: 3; route allocated: 1 of 2000; total allocated: 3 of 2000]
11:18:12.823 [Forwarding findElement on session 1d3cd22b0bd1bbd9c5501c0091a40b8e to remote] DEBUG org.apache.http.impl.conn.PoolingHttpClientConnectionManager - Connection leased: [id: 2][route: {}->http://localhost:16620][total kept alive: 2; route allocated: 1 of 2000; total allocated: 3 of 2000]
11:18:12.823 [Forwarding findElement on session 1d3cd22b0bd1bbd9c5501c0091a40b8e to remote] DEBUG org.apache.http.impl.execchain.MainClientExec - Stale connection check
11:18:12.825 [Forwarding findElement on session 1d3cd22b0bd1bbd9c5501c0091a40b8e to remote] DEBUG org.apache.http.wire - http-outgoing-2 << "[read] I/O error: Read timed out"
11:18:12.825 [Forwarding findElement on session 1d3cd22b0bd1bbd9c5501c0091a40b8e to remote] DEBUG org.apache.http.impl.conn.DefaultManagedHttpClientConnection - http-outgoing-2: set socket timeout to 10800000
11:18:12.825 [Forwarding findElement on session 1d3cd22b0bd1bbd9c5501c0091a40b8e to remote] DEBUG org.apache.http.impl.execchain.MainClientExec - Executing request POST /session/1d3cd22b0bd1bbd9c5501c0091a40b8e/element HTTP/1.1
11:18:12.825 [Forwarding findElement on session 1d3cd22b0bd1bbd9c5501c0091a40b8e to remote] DEBUG org.apache.http.impl.execchain.MainClientExec - Target auth state: UNCHALLENGED
11:18:12.825 [Forwarding findElement on session 1d3cd22b0bd1bbd9c5501c0091a40b8e to remote] DEBUG org.apache.http.impl.execchain.MainClientExec - Proxy auth state: UNCHALLENGED
11:18:12.825 [Forwarding findElement on session 1d3cd22b0bd1bbd9c5501c0091a40b8e to remote] DEBUG org.apache.http.headers - http-outgoing-2 >> POST /session/1d3cd22b0bd1bbd9c5501c0091a40b8e/element HTTP/1.1
11:18:12.825 [Forwarding findElement on session 1d3cd22b0bd1bbd9c5501c0091a40b8e to remote] DEBUG org.apache.http.headers - http-outgoing-2 >> Content-Type: application/json; charset=utf-8
11:18:12.825 [Forwarding findElement on session 1d3cd22b0bd1bbd9c5501c0091a40b8e to remote] DEBUG org.apache.http.headers - http-outgoing-2 >> Content-Length: 58
11:18:12.825 [Forwarding findElement on session 1d3cd22b0bd1bbd9c5501c0091a40b8e to remote] DEBUG org.apache.http.headers - http-outgoing-2 >> Host: localhost:16620
11:18:12.825 [Forwarding findElement on session 1d3cd22b0bd1bbd9c5501c0091a40b8e to remote] DEBUG org.apache.http.headers - http-outgoing-2 >> Connection: Keep-Alive
11:18:12.825 [Forwarding findElement on session 1d3cd22b0bd1bbd9c5501c0091a40b8e to remote] DEBUG org.apache.http.headers - http-outgoing-2 >> User-Agent: Apache-HttpClient/4.5.3 (Java/1.8.0_211)
11:18:12.825 [Forwarding findElement on session 1d3cd22b0bd1bbd9c5501c0091a40b8e to remote] DEBUG org.apache.http.headers - http-outgoing-2 >> Accept-Encoding: gzip,deflate
11:18:12.825 [Forwarding findElement on session 1d3cd22b0bd1bbd9c5501c0091a40b8e to remote] DEBUG org.apache.http.wire - http-outgoing-2 >> "POST /session/1d3cd22b0bd1bbd9c5501c0091a40b8e/element HTTP/1.1[\r][\n]"
11:18:12.825 [Forwarding findElement on session 1d3cd22b0bd1bbd9c5501c0091a40b8e to remote] DEBUG org.apache.http.wire - http-outgoing-2 >> "Content-Type: application/json; charset=utf-8[\r][\n]"
11:18:12.825 [Forwarding findElement on session 1d3cd22b0bd1bbd9c5501c0091a40b8e to remote] DEBUG org.apache.http.wire - http-outgoing-2 >> "Content-Length: 58[\r][\n]"
11:18:12.825 [Forwarding findElement on session 1d3cd22b0bd1bbd9c5501c0091a40b8e to remote] DEBUG org.apache.http.wire - http-outgoing-2 >> "Host: localhost:16620[\r][\n]"
11:18:12.825 [Forwarding findElement on session 1d3cd22b0bd1bbd9c5501c0091a40b8e to remote] DEBUG org.apache.http.wire - http-outgoing-2 >> "Connection: Keep-Alive[\r][\n]"
11:18:12.825 [Forwarding findElement on session 1d3cd22b0bd1bbd9c5501c0091a40b8e to remote] DEBUG org.apache.http.wire - http-outgoing-2 >> "User-Agent: Apache-HttpClient/4.5.3 (Java/1.8.0_211)[\r][\n]"
11:18:12.825 [Forwarding findElement on session 1d3cd22b0bd1bbd9c5501c0091a40b8e to remote] DEBUG org.apache.http.wire - http-outgoing-2 >> "Accept-Encoding: gzip,deflate[\r][\n]"
11:18:12.825 [Forwarding findElement on session 1d3cd22b0bd1bbd9c5501c0091a40b8e to remote] DEBUG org.apache.http.wire - http-outgoing-2 >> "[\r][\n]"
11:18:12.825 [Forwarding findElement on session 1d3cd22b0bd1bbd9c5501c0091a40b8e to remote] DEBUG org.apache.http.wire - http-outgoing-2 >> "{"value":".dropdown-toggle > span","using":"css selector"}"
11:18:12.829 [Forwarding findElement on session 1d3cd22b0bd1bbd9c5501c0091a40b8e to remote] DEBUG org.apache.http.wire - http-outgoing-2 << "HTTP/1.1 200 OK[\r][\n]"
11:18:12.829 [Forwarding findElement on session 1d3cd22b0bd1bbd9c5501c0091a40b8e to remote] DEBUG org.apache.http.wire - http-outgoing-2 << "Content-Length:88[\r][\n]"
11:18:12.829 [Forwarding findElement on session 1d3cd22b0bd1bbd9c5501c0091a40b8e to remote] DEBUG org.apache.http.wire - http-outgoing-2 << "Content-Type:application/json; charset=utf-8[\r][\n]"
11:18:12.829 [Forwarding findElement on session 1d3cd22b0bd1bbd9c5501c0091a40b8e to remote] DEBUG org.apache.http.wire - http-outgoing-2 << "cache-control:no-cache[\r][\n]"
11:18:12.829 [Forwarding findElement on session 1d3cd22b0bd1bbd9c5501c0091a40b8e to remote] DEBUG org.apache.http.wire - http-outgoing-2 << "[\r][\n]"
11:18:12.829 [Forwarding findElement on session 1d3cd22b0bd1bbd9c5501c0091a40b8e to remote] DEBUG org.apache.http.wire - http-outgoing-2 << "{"value":{"element-6066-11e4-a52e-4f735466cecf":"4eeec21c-d478-4432-9ea9-e465e98acc8a"}}"
11:18:12.829 [Forwarding findElement on session 1d3cd22b0bd1bbd9c5501c0091a40b8e to remote] DEBUG org.apache.http.headers - http-outgoing-2 << HTTP/1.1 200 OK
11:18:12.829 [Forwarding findElement on session 1d3cd22b0bd1bbd9c5501c0091a40b8e to remote] DEBUG org.apache.http.headers - http-outgoing-2 << Content-Length:88
11:18:12.829 [Forwarding findElement on session 1d3cd22b0bd1bbd9c5501c0091a40b8e to remote] DEBUG org.apache.http.headers - http-outgoing-2 << Content-Type:application/json; charset=utf-8
11:18:12.829 [Forwarding findElement on session 1d3cd22b0bd1bbd9c5501c0091a40b8e to remote] DEBUG org.apache.http.headers - http-outgoing-2 << cache-control:no-cache
11:18:12.829 [Forwarding findElement on session 1d3cd22b0bd1bbd9c5501c0091a40b8e to remote] DEBUG org.apache.http.impl.execchain.MainClientExec - Connection can be kept alive indefinitely
11:18:12.829 [Forwarding findElement on session 1d3cd22b0bd1bbd9c5501c0091a40b8e to remote] DEBUG org.apache.http.impl.conn.PoolingHttpClientConnectionManager - Connection [id: 2][route: {}->http://localhost:16620] can be kept alive indefinitely
11:18:12.829 [Forwarding findElement on session 1d3cd22b0bd1bbd9c5501c0091a40b8e to remote] DEBUG org.apache.http.impl.conn.PoolingHttpClientConnectionManager - Connection released: [id: 2][route: {}->http://localhost:16620][total kept alive: 3; route allocated: 1 of 2000; total allocated: 3 of 2000]
11:18:12.830 [Forwarding actions on session 1d3cd22b0bd1bbd9c5501c0091a40b8e to remote] DEBUG org.apache.http.client.protocol.RequestAddCookies - CookieSpec selected: default
11:18:12.830 [Forwarding actions on session 1d3cd22b0bd1bbd9c5501c0091a40b8e to remote] DEBUG org.apache.http.client.protocol.RequestAuthCache - Auth cache not set in the context
11:18:12.830 [Forwarding actions on session 1d3cd22b0bd1bbd9c5501c0091a40b8e to remote] DEBUG org.apache.http.impl.conn.PoolingHttpClientConnectionManager - Connection request: [route: {}->http://localhost:16620][total kept alive: 3; route allocated: 1 of 2000; total allocated: 3 of 2000]
11:18:12.830 [Forwarding actions on session 1d3cd22b0bd1bbd9c5501c0091a40b8e to remote] DEBUG org.apache.http.impl.conn.PoolingHttpClientConnectionManager - Connection leased: [id: 2][route: {}->http://localhost:16620][total kept alive: 2; route allocated: 1 of 2000; total allocated: 3 of 2000]
11:18:12.830 [Forwarding actions on session 1d3cd22b0bd1bbd9c5501c0091a40b8e to remote] DEBUG org.apache.http.impl.execchain.MainClientExec - Stale connection check
11:18:12.832 [Forwarding actions on session 1d3cd22b0bd1bbd9c5501c0091a40b8e to remote] DEBUG org.apache.http.wire - http-outgoing-2 << "[read] I/O error: Read timed out"
11:18:12.832 [Forwarding actions on session 1d3cd22b0bd1bbd9c5501c0091a40b8e to remote] DEBUG org.apache.http.impl.conn.DefaultManagedHttpClientConnection - http-outgoing-2: set socket timeout to 10800000
11:18:12.832 [Forwarding actions on session 1d3cd22b0bd1bbd9c5501c0091a40b8e to remote] DEBUG org.apache.http.impl.execchain.MainClientExec - Executing request POST /session/1d3cd22b0bd1bbd9c5501c0091a40b8e/actions HTTP/1.1
11:18:12.832 [Forwarding actions on session 1d3cd22b0bd1bbd9c5501c0091a40b8e to remote] DEBUG org.apache.http.impl.execchain.MainClientExec - Target auth state: UNCHALLENGED
11:18:12.832 [Forwarding actions on session 1d3cd22b0bd1bbd9c5501c0091a40b8e to remote] DEBUG org.apache.http.impl.execchain.MainClientExec - Proxy auth state: UNCHALLENGED
11:18:12.832 [Forwarding actions on session 1d3cd22b0bd1bbd9c5501c0091a40b8e to remote] DEBUG org.apache.http.headers - http-outgoing-2 >> POST /session/1d3cd22b0bd1bbd9c5501c0091a40b8e/actions HTTP/1.1
11:18:12.832 [Forwarding actions on session 1d3cd22b0bd1bbd9c5501c0091a40b8e to remote] DEBUG org.apache.http.headers - http-outgoing-2 >> Content-Type: application/json; charset=utf-8
11:18:12.832 [Forwarding actions on session 1d3cd22b0bd1bbd9c5501c0091a40b8e to remote] DEBUG org.apache.http.headers - http-outgoing-2 >> Content-Length: 289
11:18:12.832 [Forwarding actions on session 1d3cd22b0bd1bbd9c5501c0091a40b8e to remote] DEBUG org.apache.http.headers - http-outgoing-2 >> Host: localhost:16620
11:18:12.832 [Forwarding actions on session 1d3cd22b0bd1bbd9c5501c0091a40b8e to remote] DEBUG org.apache.http.headers - http-outgoing-2 >> Connection: Keep-Alive
11:18:12.832 [Forwarding actions on session 1d3cd22b0bd1bbd9c5501c0091a40b8e to remote] DEBUG org.apache.http.headers - http-outgoing-2 >> User-Agent: Apache-HttpClient/4.5.3 (Java/1.8.0_211)
11:18:12.832 [Forwarding actions on session 1d3cd22b0bd1bbd9c5501c0091a40b8e to remote] DEBUG org.apache.http.headers - http-outgoing-2 >> Accept-Encoding: gzip,deflate
11:18:12.832 [Forwarding actions on session 1d3cd22b0bd1bbd9c5501c0091a40b8e to remote] DEBUG org.apache.http.wire - http-outgoing-2 >> "POST /session/1d3cd22b0bd1bbd9c5501c0091a40b8e/actions HTTP/1.1[\r][\n]"
11:18:12.832 [Forwarding actions on session 1d3cd22b0bd1bbd9c5501c0091a40b8e to remote] DEBUG org.apache.http.wire - http-outgoing-2 >> "Content-Type: application/json; charset=utf-8[\r][\n]"
11:18:12.832 [Forwarding actions on session 1d3cd22b0bd1bbd9c5501c0091a40b8e to remote] DEBUG org.apache.http.wire - http-outgoing-2 >> "Content-Length: 289[\r][\n]"
11:18:12.832 [Forwarding actions on session 1d3cd22b0bd1bbd9c5501c0091a40b8e to remote] DEBUG org.apache.http.wire - http-outgoing-2 >> "Host: localhost:16620[\r][\n]"
11:18:12.832 [Forwarding actions on session 1d3cd22b0bd1bbd9c5501c0091a40b8e to remote] DEBUG org.apache.http.wire - http-outgoing-2 >> "Connection: Keep-Alive[\r][\n]"
11:18:12.832 [Forwarding actions on session 1d3cd22b0bd1bbd9c5501c0091a40b8e to remote] DEBUG org.apache.http.wire - http-outgoing-2 >> "User-Agent: Apache-HttpClient/4.5.3 (Java/1.8.0_211)[\r][\n]"
11:18:12.832 [Forwarding actions on session 1d3cd22b0bd1bbd9c5501c0091a40b8e to remote] DEBUG org.apache.http.wire - http-outgoing-2 >> "Accept-Encoding: gzip,deflate[\r][\n]"
11:18:12.832 [Forwarding actions on session 1d3cd22b0bd1bbd9c5501c0091a40b8e to remote] DEBUG org.apache.http.wire - http-outgoing-2 >> "[\r][\n]"
11:18:12.832 [Forwarding actions on session 1d3cd22b0bd1bbd9c5501c0091a40b8e to remote] DEBUG org.apache.http.wire - http-outgoing-2 >> "{"actions":[{"id":"default mouse","type":"pointer","parameters":{"pointerType":"mouse"},"actions":[{"duration":100,"x":0,"y":0,"type":"pointerMove","origin":{"ELEMENT":"4eeec21c-d478-4432-9ea9-e465e98acc8a","element-6066-11e4-a52e-4f735466cecf":"4eeec21c-d478-4432-9ea9-e465e98acc8a"}}]}]}"
11:18:12.947 [Forwarding actions on session 1d3cd22b0bd1bbd9c5501c0091a40b8e to remote] DEBUG org.apache.http.wire - http-outgoing-2 << "HTTP/1.1 200 OK[\r][\n]"
11:18:12.947 [Forwarding actions on session 1d3cd22b0bd1bbd9c5501c0091a40b8e to remote] DEBUG org.apache.http.wire - http-outgoing-2 << "Content-Length:14[\r][\n]"
11:18:12.947 [Forwarding actions on session 1d3cd22b0bd1bbd9c5501c0091a40b8e to remote] DEBUG org.apache.http.wire - http-outgoing-2 << "Content-Type:application/json; charset=utf-8[\r][\n]"
11:18:12.947 [Forwarding actions on session 1d3cd22b0bd1bbd9c5501c0091a40b8e to remote] DEBUG org.apache.http.wire - http-outgoing-2 << "cache-control:no-cache[\r][\n]"
11:18:12.947 [Forwarding actions on session 1d3cd22b0bd1bbd9c5501c0091a40b8e to remote] DEBUG org.apache.http.wire - http-outgoing-2 << "[\r][\n]"
11:18:12.947 [Forwarding actions on session 1d3cd22b0bd1bbd9c5501c0091a40b8e to remote] DEBUG org.apache.http.wire - http-outgoing-2 << "{"value":null}"
11:18:12.947 [Forwarding actions on session 1d3cd22b0bd1bbd9c5501c0091a40b8e to remote] DEBUG org.apache.http.headers - http-outgoing-2 << HTTP/1.1 200 OK
11:18:12.948 [Forwarding actions on session 1d3cd22b0bd1bbd9c5501c0091a40b8e to remote] DEBUG org.apache.http.headers - http-outgoing-2 << Content-Length:14
11:18:12.948 [Forwarding actions on session 1d3cd22b0bd1bbd9c5501c0091a40b8e to remote] DEBUG org.apache.http.headers - http-outgoing-2 << Content-Type:application/json; charset=utf-8
11:18:12.948 [Forwarding actions on session 1d3cd22b0bd1bbd9c5501c0091a40b8e to remote] DEBUG org.apache.http.headers - http-outgoing-2 << cache-control:no-cache
11:18:12.948 [Forwarding actions on session 1d3cd22b0bd1bbd9c5501c0091a40b8e to remote] DEBUG org.apache.http.impl.execchain.MainClientExec - Connection can be kept alive indefinitely
11:18:12.948 [Forwarding actions on session 1d3cd22b0bd1bbd9c5501c0091a40b8e to remote] DEBUG org.apache.http.impl.conn.PoolingHttpClientConnectionManager - Connection [id: 2][route: {}->http://localhost:16620] can be kept alive indefinitely
11:18:12.948 [Forwarding actions on session 1d3cd22b0bd1bbd9c5501c0091a40b8e to remote] DEBUG org.apache.http.impl.conn.PoolingHttpClientConnectionManager - Connection released: [id: 2][route: {}->http://localhost:16620][total kept alive: 3; route allocated: 1 of 2000; total allocated: 3 of 2000]
11:18:13.150 [Forwarding findElement on session 1d3cd22b0bd1bbd9c5501c0091a40b8e to remote] DEBUG org.apache.http.client.protocol.RequestAddCookies - CookieSpec selected: default
11:18:13.150 [Forwarding findElement on session 1d3cd22b0bd1bbd9c5501c0091a40b8e to remote] DEBUG org.apache.http.client.protocol.RequestAuthCache - Auth cache not set in the context
11:18:13.150 [Forwarding findElement on session 1d3cd22b0bd1bbd9c5501c0091a40b8e to remote] DEBUG org.apache.http.impl.conn.PoolingHttpClientConnectionManager - Connection request: [route: {}->http://localhost:16620][total kept alive: 3; route allocated: 1 of 2000; total allocated: 3 of 2000]
11:18:13.150 [Forwarding findElement on session 1d3cd22b0bd1bbd9c5501c0091a40b8e to remote] DEBUG org.apache.http.impl.conn.PoolingHttpClientConnectionManager - Connection leased: [id: 2][route: {}->http://localhost:16620][total kept alive: 2; route allocated: 1 of 2000; total allocated: 3 of 2000]
11:18:13.150 [Forwarding findElement on session 1d3cd22b0bd1bbd9c5501c0091a40b8e to remote] DEBUG org.apache.http.impl.execchain.MainClientExec - Stale connection check
11:18:13.151 [Forwarding findElement on session 1d3cd22b0bd1bbd9c5501c0091a40b8e to remote] DEBUG org.apache.http.wire - http-outgoing-2 << "[read] I/O error: Read timed out"
11:18:13.151 [Forwarding findElement on session 1d3cd22b0bd1bbd9c5501c0091a40b8e to remote] DEBUG org.apache.http.impl.conn.DefaultManagedHttpClientConnection - http-outgoing-2: set socket timeout to 10800000
11:18:13.151 [Forwarding findElement on session 1d3cd22b0bd1bbd9c5501c0091a40b8e to remote] DEBUG org.apache.http.impl.execchain.MainClientExec - Executing request POST /session/1d3cd22b0bd1bbd9c5501c0091a40b8e/element HTTP/1.1
11:18:13.151 [Forwarding findElement on session 1d3cd22b0bd1bbd9c5501c0091a40b8e to remote] DEBUG org.apache.http.impl.execchain.MainClientExec - Target auth state: UNCHALLENGED
11:18:13.151 [Forwarding findElement on session 1d3cd22b0bd1bbd9c5501c0091a40b8e to remote] DEBUG org.apache.http.impl.execchain.MainClientExec - Proxy auth state: UNCHALLENGED
11:18:13.152 [Forwarding findElement on session 1d3cd22b0bd1bbd9c5501c0091a40b8e to remote] DEBUG org.apache.http.headers - http-outgoing-2 >> POST /session/1d3cd22b0bd1bbd9c5501c0091a40b8e/element HTTP/1.1
11:18:13.152 [Forwarding findElement on session 1d3cd22b0bd1bbd9c5501c0091a40b8e to remote] DEBUG org.apache.http.headers - http-outgoing-2 >> Content-Type: application/json; charset=utf-8
11:18:13.152 [Forwarding findElement on session 1d3cd22b0bd1bbd9c5501c0091a40b8e to remote] DEBUG org.apache.http.headers - http-outgoing-2 >> Content-Length: 87
11:18:13.152 [Forwarding findElement on session 1d3cd22b0bd1bbd9c5501c0091a40b8e to remote] DEBUG org.apache.http.headers - http-outgoing-2 >> Host: localhost:16620
11:18:13.152 [Forwarding findElement on session 1d3cd22b0bd1bbd9c5501c0091a40b8e to remote] DEBUG org.apache.http.headers - http-outgoing-2 >> Connection: Keep-Alive
11:18:13.152 [Forwarding findElement on session 1d3cd22b0bd1bbd9c5501c0091a40b8e to remote] DEBUG org.apache.http.headers - http-outgoing-2 >> User-Agent: Apache-HttpClient/4.5.3 (Java/1.8.0_211)
11:18:13.152 [Forwarding findElement on session 1d3cd22b0bd1bbd9c5501c0091a40b8e to remote] DEBUG org.apache.http.headers - http-outgoing-2 >> Accept-Encoding: gzip,deflate
11:18:13.152 [Forwarding findElement on session 1d3cd22b0bd1bbd9c5501c0091a40b8e to remote] DEBUG org.apache.http.wire - http-outgoing-2 >> "POST /session/1d3cd22b0bd1bbd9c5501c0091a40b8e/element HTTP/1.1[\r][\n]"
11:18:13.152 [Forwarding findElement on session 1d3cd22b0bd1bbd9c5501c0091a40b8e to remote] DEBUG org.apache.http.wire - http-outgoing-2 >> "Content-Type: application/json; charset=utf-8[\r][\n]"
11:18:13.152 [Forwarding findElement on session 1d3cd22b0bd1bbd9c5501c0091a40b8e to remote] DEBUG org.apache.http.wire - http-outgoing-2 >> "Content-Length: 87[\r][\n]"
11:18:13.152 [Forwarding findElement on session 1d3cd22b0bd1bbd9c5501c0091a40b8e to remote] DEBUG org.apache.http.wire - http-outgoing-2 >> "Host: localhost:16620[\r][\n]"
11:18:13.152 [Forwarding findElement on session 1d3cd22b0bd1bbd9c5501c0091a40b8e to remote] DEBUG org.apache.http.wire - http-outgoing-2 >> "Connection: Keep-Alive[\r][\n]"
11:18:13.152 [Forwarding findElement on session 1d3cd22b0bd1bbd9c5501c0091a40b8e to remote] DEBUG org.apache.http.wire - http-outgoing-2 >> "User-Agent: Apache-HttpClient/4.5.3 (Java/1.8.0_211)[\r][\n]"
11:18:13.152 [Forwarding findElement on session 1d3cd22b0bd1bbd9c5501c0091a40b8e to remote] DEBUG org.apache.http.wire - http-outgoing-2 >> "Accept-Encoding: gzip,deflate[\r][\n]"
11:18:13.152 [Forwarding findElement on session 1d3cd22b0bd1bbd9c5501c0091a40b8e to remote] DEBUG org.apache.http.wire - http-outgoing-2 >> "[\r][\n]"
11:18:13.152 [Forwarding findElement on session 1d3cd22b0bd1bbd9c5501c0091a40b8e to remote] DEBUG org.apache.http.wire - http-outgoing-2 >> "{"value":"#navbar-top > ul > li:nth-child(2) > span > a > span","using":"css selector"}"
11:18:13.157 [Forwarding findElement on session 1d3cd22b0bd1bbd9c5501c0091a40b8e to remote] DEBUG org.apache.http.wire - http-outgoing-2 << "HTTP/1.1 200 OK[\r][\n]"
11:18:13.157 [Forwarding findElement on session 1d3cd22b0bd1bbd9c5501c0091a40b8e to remote] DEBUG org.apache.http.wire - http-outgoing-2 << "Content-Length:88[\r][\n]"
11:18:13.157 [Forwarding findElement on session 1d3cd22b0bd1bbd9c5501c0091a40b8e to remote] DEBUG org.apache.http.wire - http-outgoing-2 << "Content-Type:application/json; charset=utf-8[\r][\n]"
11:18:13.157 [Forwarding findElement on session 1d3cd22b0bd1bbd9c5501c0091a40b8e to remote] DEBUG org.apache.http.wire - http-outgoing-2 << "cache-control:no-cache[\r][\n]"
11:18:13.157 [Forwarding findElement on session 1d3cd22b0bd1bbd9c5501c0091a40b8e to remote] DEBUG org.apache.http.wire - http-outgoing-2 << "[\r][\n]"
11:18:13.157 [Forwarding findElement on session 1d3cd22b0bd1bbd9c5501c0091a40b8e to remote] DEBUG org.apache.http.wire - http-outgoing-2 << "{"value":{"element-6066-11e4-a52e-4f735466cecf":"1b31f4fa-d622-48e9-befe-46c24e2de5a2"}}"
11:18:13.157 [Forwarding findElement on session 1d3cd22b0bd1bbd9c5501c0091a40b8e to remote] DEBUG org.apache.http.headers - http-outgoing-2 << HTTP/1.1 200 OK
11:18:13.157 [Forwarding findElement on session 1d3cd22b0bd1bbd9c5501c0091a40b8e to remote] DEBUG org.apache.http.headers - http-outgoing-2 << Content-Length:88
11:18:13.157 [Forwarding findElement on session 1d3cd22b0bd1bbd9c5501c0091a40b8e to remote] DEBUG org.apache.http.headers - http-outgoing-2 << Content-Type:application/json; charset=utf-8
11:18:13.157 [Forwarding findElement on session 1d3cd22b0bd1bbd9c5501c0091a40b8e to remote] DEBUG org.apache.http.headers - http-outgoing-2 << cache-control:no-cache
11:18:13.157 [Forwarding findElement on session 1d3cd22b0bd1bbd9c5501c0091a40b8e to remote] DEBUG org.apache.http.impl.execchain.MainClientExec - Connection can be kept alive indefinitely
11:18:13.157 [Forwarding findElement on session 1d3cd22b0bd1bbd9c5501c0091a40b8e to remote] DEBUG org.apache.http.impl.conn.PoolingHttpClientConnectionManager - Connection [id: 2][route: {}->http://localhost:16620] can be kept alive indefinitely
11:18:13.157 [Forwarding findElement on session 1d3cd22b0bd1bbd9c5501c0091a40b8e to remote] DEBUG org.apache.http.impl.conn.PoolingHttpClientConnectionManager - Connection released: [id: 2][route: {}->http://localhost:16620][total kept alive: 3; route allocated: 1 of 2000; total allocated: 3 of 2000]
11:18:13.158 [Forwarding clickElement on session 1d3cd22b0bd1bbd9c5501c0091a40b8e to remote] DEBUG org.apache.http.client.protocol.RequestAddCookies - CookieSpec selected: default
11:18:13.158 [Forwarding clickElement on session 1d3cd22b0bd1bbd9c5501c0091a40b8e to remote] DEBUG org.apache.http.client.protocol.RequestAuthCache - Auth cache not set in the context
11:18:13.158 [Forwarding clickElement on session 1d3cd22b0bd1bbd9c5501c0091a40b8e to remote] DEBUG org.apache.http.impl.conn.PoolingHttpClientConnectionManager - Connection request: [route: {}->http://localhost:16620][total kept alive: 3; route allocated: 1 of 2000; total allocated: 3 of 2000]
11:18:13.158 [Forwarding clickElement on session 1d3cd22b0bd1bbd9c5501c0091a40b8e to remote] DEBUG org.apache.http.impl.conn.PoolingHttpClientConnectionManager - Connection leased: [id: 2][route: {}->http://localhost:16620][total kept alive: 2; route allocated: 1 of 2000; total allocated: 3 of 2000]
11:18:13.158 [Forwarding clickElement on session 1d3cd22b0bd1bbd9c5501c0091a40b8e to remote] DEBUG org.apache.http.impl.execchain.MainClientExec - Stale connection check
11:18:13.159 [Forwarding clickElement on session 1d3cd22b0bd1bbd9c5501c0091a40b8e to remote] DEBUG org.apache.http.wire - http-outgoing-2 << "[read] I/O error: Read timed out"
11:18:13.159 [Forwarding clickElement on session 1d3cd22b0bd1bbd9c5501c0091a40b8e to remote] DEBUG org.apache.http.impl.conn.DefaultManagedHttpClientConnection - http-outgoing-2: set socket timeout to 10800000
11:18:13.159 [Forwarding clickElement on session 1d3cd22b0bd1bbd9c5501c0091a40b8e to remote] DEBUG org.apache.http.impl.execchain.MainClientExec - Executing request POST /session/1d3cd22b0bd1bbd9c5501c0091a40b8e/element/1b31f4fa-d622-48e9-befe-46c24e2de5a2/click HTTP/1.1
11:18:13.159 [Forwarding clickElement on session 1d3cd22b0bd1bbd9c5501c0091a40b8e to remote] DEBUG org.apache.http.impl.execchain.MainClientExec - Target auth state: UNCHALLENGED
11:18:13.159 [Forwarding clickElement on session 1d3cd22b0bd1bbd9c5501c0091a40b8e to remote] DEBUG org.apache.http.impl.execchain.MainClientExec - Proxy auth state: UNCHALLENGED
11:18:13.159 [Forwarding clickElement on session 1d3cd22b0bd1bbd9c5501c0091a40b8e to remote] DEBUG org.apache.http.headers - http-outgoing-2 >> POST /session/1d3cd22b0bd1bbd9c5501c0091a40b8e/element/1b31f4fa-d622-48e9-befe-46c24e2de5a2/click HTTP/1.1
11:18:13.159 [Forwarding clickElement on session 1d3cd22b0bd1bbd9c5501c0091a40b8e to remote] DEBUG org.apache.http.headers - http-outgoing-2 >> Content-Type: application/json; charset=utf-8
11:18:13.159 [Forwarding clickElement on session 1d3cd22b0bd1bbd9c5501c0091a40b8e to remote] DEBUG org.apache.http.headers - http-outgoing-2 >> Content-Length: 45
11:18:13.159 [Forwarding clickElement on session 1d3cd22b0bd1bbd9c5501c0091a40b8e to remote] DEBUG org.apache.http.headers - http-outgoing-2 >> Host: localhost:16620
11:18:13.159 [Forwarding clickElement on session 1d3cd22b0bd1bbd9c5501c0091a40b8e to remote] DEBUG org.apache.http.headers - http-outgoing-2 >> Connection: Keep-Alive
11:18:13.159 [Forwarding clickElement on session 1d3cd22b0bd1bbd9c5501c0091a40b8e to remote] DEBUG org.apache.http.headers - http-outgoing-2 >> User-Agent: Apache-HttpClient/4.5.3 (Java/1.8.0_211)
11:18:13.159 [Forwarding clickElement on session 1d3cd22b0bd1bbd9c5501c0091a40b8e to remote] DEBUG org.apache.http.headers - http-outgoing-2 >> Accept-Encoding: gzip,deflate
11:18:13.159 [Forwarding clickElement on session 1d3cd22b0bd1bbd9c5501c0091a40b8e to remote] DEBUG org.apache.http.wire - http-outgoing-2 >> "POST /session/1d3cd22b0bd1bbd9c5501c0091a40b8e/element/1b31f4fa-d622-48e9-befe-46c24e2de5a2/click HTTP/1.1[\r][\n]"
11:18:13.159 [Forwarding clickElement on session 1d3cd22b0bd1bbd9c5501c0091a40b8e to remote] DEBUG org.apache.http.wire - http-outgoing-2 >> "Content-Type: application/json; charset=utf-8[\r][\n]"
11:18:13.159 [Forwarding clickElement on session 1d3cd22b0bd1bbd9c5501c0091a40b8e to remote] DEBUG org.apache.http.wire - http-outgoing-2 >> "Content-Length: 45[\r][\n]"
11:18:13.159 [Forwarding clickElement on session 1d3cd22b0bd1bbd9c5501c0091a40b8e to remote] DEBUG org.apache.http.wire - http-outgoing-2 >> "Host: localhost:16620[\r][\n]"
11:18:13.159 [Forwarding clickElement on session 1d3cd22b0bd1bbd9c5501c0091a40b8e to remote] DEBUG org.apache.http.wire - http-outgoing-2 >> "Connection: Keep-Alive[\r][\n]"
11:18:13.160 [Forwarding clickElement on session 1d3cd22b0bd1bbd9c5501c0091a40b8e to remote] DEBUG org.apache.http.wire - http-outgoing-2 >> "User-Agent: Apache-HttpClient/4.5.3 (Java/1.8.0_211)[\r][\n]"
11:18:13.160 [Forwarding clickElement on session 1d3cd22b0bd1bbd9c5501c0091a40b8e to remote] DEBUG org.apache.http.wire - http-outgoing-2 >> "Accept-Encoding: gzip,deflate[\r][\n]"
11:18:13.160 [Forwarding clickElement on session 1d3cd22b0bd1bbd9c5501c0091a40b8e to remote] DEBUG org.apache.http.wire - http-outgoing-2 >> "[\r][\n]"
11:18:13.160 [Forwarding clickElement on session 1d3cd22b0bd1bbd9c5501c0091a40b8e to remote] DEBUG org.apache.http.wire - http-outgoing-2 >> "{"id":"1b31f4fa-d622-48e9-befe-46c24e2de5a2"}"
11:18:13.193 [Forwarding clickElement on session 1d3cd22b0bd1bbd9c5501c0091a40b8e to remote] DEBUG org.apache.http.wire - http-outgoing-2 << "HTTP/1.1 200 OK[\r][\n]"
11:18:13.193 [Forwarding clickElement on session 1d3cd22b0bd1bbd9c5501c0091a40b8e to remote] DEBUG org.apache.http.wire - http-outgoing-2 << "Content-Length:14[\r][\n]"
11:18:13.193 [Forwarding clickElement on session 1d3cd22b0bd1bbd9c5501c0091a40b8e to remote] DEBUG org.apache.http.wire - http-outgoing-2 << "Content-Type:application/json; charset=utf-8[\r][\n]"
11:18:13.193 [Forwarding clickElement on session 1d3cd22b0bd1bbd9c5501c0091a40b8e to remote] DEBUG org.apache.http.wire - http-outgoing-2 << "cache-control:no-cache[\r][\n]"
11:18:13.193 [Forwarding clickElement on session 1d3cd22b0bd1bbd9c5501c0091a40b8e to remote] DEBUG org.apache.http.wire - http-outgoing-2 << "[\r][\n]"
11:18:13.193 [Forwarding clickElement on session 1d3cd22b0bd1bbd9c5501c0091a40b8e to remote] DEBUG org.apache.http.wire - http-outgoing-2 << "{"value":null}"
11:18:13.193 [Forwarding clickElement on session 1d3cd22b0bd1bbd9c5501c0091a40b8e to remote] DEBUG org.apache.http.headers - http-outgoing-2 << HTTP/1.1 200 OK
11:18:13.193 [Forwarding clickElement on session 1d3cd22b0bd1bbd9c5501c0091a40b8e to remote] DEBUG org.apache.http.headers - http-outgoing-2 << Content-Length:14
11:18:13.193 [Forwarding clickElement on session 1d3cd22b0bd1bbd9c5501c0091a40b8e to remote] DEBUG org.apache.http.headers - http-outgoing-2 << Content-Type:application/json; charset=utf-8
11:18:13.193 [Forwarding clickElement on session 1d3cd22b0bd1bbd9c5501c0091a40b8e to remote] DEBUG org.apache.http.headers - http-outgoing-2 << cache-control:no-cache
11:18:13.193 [Forwarding clickElement on session 1d3cd22b0bd1bbd9c5501c0091a40b8e to remote] DEBUG org.apache.http.impl.execchain.MainClientExec - Connection can be kept alive indefinitely
11:18:13.193 [Forwarding clickElement on session 1d3cd22b0bd1bbd9c5501c0091a40b8e to remote] DEBUG org.apache.http.impl.conn.PoolingHttpClientConnectionManager - Connection [id: 2][route: {}->http://localhost:16620] can be kept alive indefinitely
11:18:13.193 [Forwarding clickElement on session 1d3cd22b0bd1bbd9c5501c0091a40b8e to remote] DEBUG org.apache.http.impl.conn.PoolingHttpClientConnectionManager - Connection released: [id: 2][route: {}->http://localhost:16620][total kept alive: 3; route allocated: 1 of 2000; total allocated: 3 of 2000]
11:18:13.496 [Forwarding findElement on session 1d3cd22b0bd1bbd9c5501c0091a40b8e to remote] DEBUG org.apache.http.client.protocol.RequestAddCookies - CookieSpec selected: default
11:18:13.496 [Forwarding findElement on session 1d3cd22b0bd1bbd9c5501c0091a40b8e to remote] DEBUG org.apache.http.client.protocol.RequestAuthCache - Auth cache not set in the context
11:18:13.496 [Forwarding findElement on session 1d3cd22b0bd1bbd9c5501c0091a40b8e to remote] DEBUG org.apache.http.impl.conn.PoolingHttpClientConnectionManager - Connection request: [route: {}->http://localhost:16620][total kept alive: 3; route allocated: 1 of 2000; total allocated: 3 of 2000]
11:18:13.496 [Forwarding findElement on session 1d3cd22b0bd1bbd9c5501c0091a40b8e to remote] DEBUG org.apache.http.impl.conn.PoolingHttpClientConnectionManager - Connection leased: [id: 2][route: {}->http://localhost:16620][total kept alive: 2; route allocated: 1 of 2000; total allocated: 3 of 2000]
11:18:13.496 [Forwarding findElement on session 1d3cd22b0bd1bbd9c5501c0091a40b8e to remote] DEBUG org.apache.http.impl.execchain.MainClientExec - Stale connection check
11:18:13.497 [Forwarding findElement on session 1d3cd22b0bd1bbd9c5501c0091a40b8e to remote] DEBUG org.apache.http.wire - http-outgoing-2 << "[read] I/O error: Read timed out"
11:18:13.498 [Forwarding findElement on session 1d3cd22b0bd1bbd9c5501c0091a40b8e to remote] DEBUG org.apache.http.impl.conn.DefaultManagedHttpClientConnection - http-outgoing-2: set socket timeout to 10800000
11:18:13.498 [Forwarding findElement on session 1d3cd22b0bd1bbd9c5501c0091a40b8e to remote] DEBUG org.apache.http.impl.execchain.MainClientExec - Executing request POST /session/1d3cd22b0bd1bbd9c5501c0091a40b8e/element HTTP/1.1
11:18:13.498 [Forwarding findElement on session 1d3cd22b0bd1bbd9c5501c0091a40b8e to remote] DEBUG org.apache.http.impl.execchain.MainClientExec - Target auth state: UNCHALLENGED
11:18:13.498 [Forwarding findElement on session 1d3cd22b0bd1bbd9c5501c0091a40b8e to remote] DEBUG org.apache.http.impl.execchain.MainClientExec - Proxy auth state: UNCHALLENGED
11:18:13.498 [Forwarding findElement on session 1d3cd22b0bd1bbd9c5501c0091a40b8e to remote] DEBUG org.apache.http.headers - http-outgoing-2 >> POST /session/1d3cd22b0bd1bbd9c5501c0091a40b8e/element HTTP/1.1
11:18:13.498 [Forwarding findElement on session 1d3cd22b0bd1bbd9c5501c0091a40b8e to remote] DEBUG org.apache.http.headers - http-outgoing-2 >> Content-Type: application/json; charset=utf-8
11:18:13.498 [Forwarding findElement on session 1d3cd22b0bd1bbd9c5501c0091a40b8e to remote] DEBUG org.apache.http.headers - http-outgoing-2 >> Content-Length: 59
11:18:13.498 [Forwarding findElement on session 1d3cd22b0bd1bbd9c5501c0091a40b8e to remote] DEBUG org.apache.http.headers - http-outgoing-2 >> Host: localhost:16620
11:18:13.498 [Forwarding findElement on session 1d3cd22b0bd1bbd9c5501c0091a40b8e to remote] DEBUG org.apache.http.headers - http-outgoing-2 >> Connection: Keep-Alive
11:18:13.498 [Forwarding findElement on session 1d3cd22b0bd1bbd9c5501c0091a40b8e to remote] DEBUG org.apache.http.headers - http-outgoing-2 >> User-Agent: Apache-HttpClient/4.5.3 (Java/1.8.0_211)
11:18:13.498 [Forwarding findElement on session 1d3cd22b0bd1bbd9c5501c0091a40b8e to remote] DEBUG org.apache.http.headers - http-outgoing-2 >> Accept-Encoding: gzip,deflate
11:18:13.498 [Forwarding findElement on session 1d3cd22b0bd1bbd9c5501c0091a40b8e to remote] DEBUG org.apache.http.wire - http-outgoing-2 >> "POST /session/1d3cd22b0bd1bbd9c5501c0091a40b8e/element HTTP/1.1[\r][\n]"
11:18:13.498 [Forwarding findElement on session 1d3cd22b0bd1bbd9c5501c0091a40b8e to remote] DEBUG org.apache.http.wire - http-outgoing-2 >> "Content-Type: application/json; charset=utf-8[\r][\n]"
11:18:13.498 [Forwarding findElement on session 1d3cd22b0bd1bbd9c5501c0091a40b8e to remote] DEBUG org.apache.http.wire - http-outgoing-2 >> "Content-Length: 59[\r][\n]"
11:18:13.498 [Forwarding findElement on session 1d3cd22b0bd1bbd9c5501c0091a40b8e to remote] DEBUG org.apache.http.wire - http-outgoing-2 >> "Host: localhost:16620[\r][\n]"
11:18:13.498 [Forwarding findElement on session 1d3cd22b0bd1bbd9c5501c0091a40b8e to remote] DEBUG org.apache.http.wire - http-outgoing-2 >> "Connection: Keep-Alive[\r][\n]"
11:18:13.498 [Forwarding findElement on session 1d3cd22b0bd1bbd9c5501c0091a40b8e to remote] DEBUG org.apache.http.wire - http-outgoing-2 >> "User-Agent: Apache-HttpClient/4.5.3 (Java/1.8.0_211)[\r][\n]"
11:18:13.498 [Forwarding findElement on session 1d3cd22b0bd1bbd9c5501c0091a40b8e to remote] DEBUG org.apache.http.wire - http-outgoing-2 >> "Accept-Encoding: gzip,deflate[\r][\n]"
11:18:13.498 [Forwarding findElement on session 1d3cd22b0bd1bbd9c5501c0091a40b8e to remote] DEBUG org.apache.http.wire - http-outgoing-2 >> "[\r][\n]"
11:18:13.498 [Forwarding findElement on session 1d3cd22b0bd1bbd9c5501c0091a40b8e to remote] DEBUG org.apache.http.wire - http-outgoing-2 >> "{"value":"//ul/li[2]/div/div[2]/a[3]/span","using":"xpath"}"
11:18:13.504 [Forwarding findElement on session 1d3cd22b0bd1bbd9c5501c0091a40b8e to remote] DEBUG org.apache.http.wire - http-outgoing-2 << "HTTP/1.1 200 OK[\r][\n]"
11:18:13.504 [Forwarding findElement on session 1d3cd22b0bd1bbd9c5501c0091a40b8e to remote] DEBUG org.apache.http.wire - http-outgoing-2 << "Content-Length:88[\r][\n]"
11:18:13.504 [Forwarding findElement on session 1d3cd22b0bd1bbd9c5501c0091a40b8e to remote] DEBUG org.apache.http.wire - http-outgoing-2 << "Content-Type:application/json; charset=utf-8[\r][\n]"
11:18:13.504 [Forwarding findElement on session 1d3cd22b0bd1bbd9c5501c0091a40b8e to remote] DEBUG org.apache.http.wire - http-outgoing-2 << "cache-control:no-cache[\r][\n]"
11:18:13.504 [Forwarding findElement on session 1d3cd22b0bd1bbd9c5501c0091a40b8e to remote] DEBUG org.apache.http.wire - http-outgoing-2 << "[\r][\n]"
11:18:13.504 [Forwarding findElement on session 1d3cd22b0bd1bbd9c5501c0091a40b8e to remote] DEBUG org.apache.http.wire - http-outgoing-2 << "{"value":{"element-6066-11e4-a52e-4f735466cecf":"c8a23c37-0b6e-4ca5-af4e-6b06a15a3407"}}"
11:18:13.504 [Forwarding findElement on session 1d3cd22b0bd1bbd9c5501c0091a40b8e to remote] DEBUG org.apache.http.headers - http-outgoing-2 << HTTP/1.1 200 OK
11:18:13.504 [Forwarding findElement on session 1d3cd22b0bd1bbd9c5501c0091a40b8e to remote] DEBUG org.apache.http.headers - http-outgoing-2 << Content-Length:88
11:18:13.504 [Forwarding findElement on session 1d3cd22b0bd1bbd9c5501c0091a40b8e to remote] DEBUG org.apache.http.headers - http-outgoing-2 << Content-Type:application/json; charset=utf-8
11:18:13.504 [Forwarding findElement on session 1d3cd22b0bd1bbd9c5501c0091a40b8e to remote] DEBUG org.apache.http.headers - http-outgoing-2 << cache-control:no-cache
11:18:13.504 [Forwarding findElement on session 1d3cd22b0bd1bbd9c5501c0091a40b8e to remote] DEBUG org.apache.http.impl.execchain.MainClientExec - Connection can be kept alive indefinitely
11:18:13.504 [Forwarding findElement on session 1d3cd22b0bd1bbd9c5501c0091a40b8e to remote] DEBUG org.apache.http.impl.conn.PoolingHttpClientConnectionManager - Connection [id: 2][route: {}->http://localhost:16620] can be kept alive indefinitely
11:18:13.504 [Forwarding findElement on session 1d3cd22b0bd1bbd9c5501c0091a40b8e to remote] DEBUG org.apache.http.impl.conn.PoolingHttpClientConnectionManager - Connection released: [id: 2][route: {}->http://localhost:16620][total kept alive: 3; route allocated: 1 of 2000; total allocated: 3 of 2000]
11:18:13.506 [Forwarding clickElement on session 1d3cd22b0bd1bbd9c5501c0091a40b8e to remote] DEBUG org.apache.http.client.protocol.RequestAddCookies - CookieSpec selected: default
11:18:13.506 [Forwarding clickElement on session 1d3cd22b0bd1bbd9c5501c0091a40b8e to remote] DEBUG org.apache.http.client.protocol.RequestAuthCache - Auth cache not set in the context
11:18:13.506 [Forwarding clickElement on session 1d3cd22b0bd1bbd9c5501c0091a40b8e to remote] DEBUG org.apache.http.impl.conn.PoolingHttpClientConnectionManager - Connection request: [route: {}->http://localhost:16620][total kept alive: 3; route allocated: 1 of 2000; total allocated: 3 of 2000]
11:18:13.506 [Forwarding clickElement on session 1d3cd22b0bd1bbd9c5501c0091a40b8e to remote] DEBUG org.apache.http.impl.conn.PoolingHttpClientConnectionManager - Connection leased: [id: 2][route: {}->http://localhost:16620][total kept alive: 2; route allocated: 1 of 2000; total allocated: 3 of 2000]
11:18:13.506 [Forwarding clickElement on session 1d3cd22b0bd1bbd9c5501c0091a40b8e to remote] DEBUG org.apache.http.impl.execchain.MainClientExec - Stale connection check
11:18:13.507 [Forwarding clickElement on session 1d3cd22b0bd1bbd9c5501c0091a40b8e to remote] DEBUG org.apache.http.wire - http-outgoing-2 << "[read] I/O error: Read timed out"
11:18:13.507 [Forwarding clickElement on session 1d3cd22b0bd1bbd9c5501c0091a40b8e to remote] DEBUG org.apache.http.impl.conn.DefaultManagedHttpClientConnection - http-outgoing-2: set socket timeout to 10800000
11:18:13.507 [Forwarding clickElement on session 1d3cd22b0bd1bbd9c5501c0091a40b8e to remote] DEBUG org.apache.http.impl.execchain.MainClientExec - Executing request POST /session/1d3cd22b0bd1bbd9c5501c0091a40b8e/element/c8a23c37-0b6e-4ca5-af4e-6b06a15a3407/click HTTP/1.1
11:18:13.507 [Forwarding clickElement on session 1d3cd22b0bd1bbd9c5501c0091a40b8e to remote] DEBUG org.apache.http.impl.execchain.MainClientExec - Target auth state: UNCHALLENGED
11:18:13.507 [Forwarding clickElement on session 1d3cd22b0bd1bbd9c5501c0091a40b8e to remote] DEBUG org.apache.http.impl.execchain.MainClientExec - Proxy auth state: UNCHALLENGED
11:18:13.507 [Forwarding clickElement on session 1d3cd22b0bd1bbd9c5501c0091a40b8e to remote] DEBUG org.apache.http.headers - http-outgoing-2 >> POST /session/1d3cd22b0bd1bbd9c5501c0091a40b8e/element/c8a23c37-0b6e-4ca5-af4e-6b06a15a3407/click HTTP/1.1
11:18:13.507 [Forwarding clickElement on session 1d3cd22b0bd1bbd9c5501c0091a40b8e to remote] DEBUG org.apache.http.headers - http-outgoing-2 >> Content-Type: application/json; charset=utf-8
11:18:13.507 [Forwarding clickElement on session 1d3cd22b0bd1bbd9c5501c0091a40b8e to remote] DEBUG org.apache.http.headers - http-outgoing-2 >> Content-Length: 45
11:18:13.507 [Forwarding clickElement on session 1d3cd22b0bd1bbd9c5501c0091a40b8e to remote] DEBUG org.apache.http.headers - http-outgoing-2 >> Host: localhost:16620
11:18:13.507 [Forwarding clickElement on session 1d3cd22b0bd1bbd9c5501c0091a40b8e to remote] DEBUG org.apache.http.headers - http-outgoing-2 >> Connection: Keep-Alive
11:18:13.507 [Forwarding clickElement on session 1d3cd22b0bd1bbd9c5501c0091a40b8e to remote] DEBUG org.apache.http.headers - http-outgoing-2 >> User-Agent: Apache-HttpClient/4.5.3 (Java/1.8.0_211)
11:18:13.507 [Forwarding clickElement on session 1d3cd22b0bd1bbd9c5501c0091a40b8e to remote] DEBUG org.apache.http.headers - http-outgoing-2 >> Accept-Encoding: gzip,deflate
11:18:13.507 [Forwarding clickElement on session 1d3cd22b0bd1bbd9c5501c0091a40b8e to remote] DEBUG org.apache.http.wire - http-outgoing-2 >> "POST /session/1d3cd22b0bd1bbd9c5501c0091a40b8e/element/c8a23c37-0b6e-4ca5-af4e-6b06a15a3407/click HTTP/1.1[\r][\n]"
11:18:13.507 [Forwarding clickElement on session 1d3cd22b0bd1bbd9c5501c0091a40b8e to remote] DEBUG org.apache.http.wire - http-outgoing-2 >> "Content-Type: application/json; charset=utf-8[\r][\n]"
11:18:13.507 [Forwarding clickElement on session 1d3cd22b0bd1bbd9c5501c0091a40b8e to remote] DEBUG org.apache.http.wire - http-outgoing-2 >> "Content-Length: 45[\r][\n]"
11:18:13.507 [Forwarding clickElement on session 1d3cd22b0bd1bbd9c5501c0091a40b8e to remote] DEBUG org.apache.http.wire - http-outgoing-2 >> "Host: localhost:16620[\r][\n]"
11:18:13.507 [Forwarding clickElement on session 1d3cd22b0bd1bbd9c5501c0091a40b8e to remote] DEBUG org.apache.http.wire - http-outgoing-2 >> "Connection: Keep-Alive[\r][\n]"
11:18:13.507 [Forwarding clickElement on session 1d3cd22b0bd1bbd9c5501c0091a40b8e to remote] DEBUG org.apache.http.wire - http-outgoing-2 >> "User-Agent: Apache-HttpClient/4.5.3 (Java/1.8.0_211)[\r][\n]"
11:18:13.507 [Forwarding clickElement on session 1d3cd22b0bd1bbd9c5501c0091a40b8e to remote] DEBUG org.apache.http.wire - http-outgoing-2 >> "Accept-Encoding: gzip,deflate[\r][\n]"
11:18:13.507 [Forwarding clickElement on session 1d3cd22b0bd1bbd9c5501c0091a40b8e to remote] DEBUG org.apache.http.wire - http-outgoing-2 >> "[\r][\n]"
11:18:13.507 [Forwarding clickElement on session 1d3cd22b0bd1bbd9c5501c0091a40b8e to remote] DEBUG org.apache.http.wire - http-outgoing-2 >> "{"id":"c8a23c37-0b6e-4ca5-af4e-6b06a15a3407"}"
11:18:13.539 [Forwarding clickElement on session 1d3cd22b0bd1bbd9c5501c0091a40b8e to remote] DEBUG org.apache.http.wire - http-outgoing-2 << "HTTP/1.1 200 OK[\r][\n]"
11:18:13.539 [Forwarding clickElement on session 1d3cd22b0bd1bbd9c5501c0091a40b8e to remote] DEBUG org.apache.http.wire - http-outgoing-2 << "Content-Length:14[\r][\n]"
11:18:13.539 [Forwarding clickElement on session 1d3cd22b0bd1bbd9c5501c0091a40b8e to remote] DEBUG org.apache.http.wire - http-outgoing-2 << "Content-Type:application/json; charset=utf-8[\r][\n]"
11:18:13.539 [Forwarding clickElement on session 1d3cd22b0bd1bbd9c5501c0091a40b8e to remote] DEBUG org.apache.http.wire - http-outgoing-2 << "cache-control:no-cache[\r][\n]"
11:18:13.539 [Forwarding clickElement on session 1d3cd22b0bd1bbd9c5501c0091a40b8e to remote] DEBUG org.apache.http.wire - http-outgoing-2 << "[\r][\n]"
11:18:13.539 [Forwarding clickElement on session 1d3cd22b0bd1bbd9c5501c0091a40b8e to remote] DEBUG org.apache.http.wire - http-outgoing-2 << "{"value":null}"
11:18:13.540 [Forwarding clickElement on session 1d3cd22b0bd1bbd9c5501c0091a40b8e to remote] DEBUG org.apache.http.headers - http-outgoing-2 << HTTP/1.1 200 OK
11:18:13.540 [Forwarding clickElement on session 1d3cd22b0bd1bbd9c5501c0091a40b8e to remote] DEBUG org.apache.http.headers - http-outgoing-2 << Content-Length:14
11:18:13.540 [Forwarding clickElement on session 1d3cd22b0bd1bbd9c5501c0091a40b8e to remote] DEBUG org.apache.http.headers - http-outgoing-2 << Content-Type:application/json; charset=utf-8
11:18:13.540 [Forwarding clickElement on session 1d3cd22b0bd1bbd9c5501c0091a40b8e to remote] DEBUG org.apache.http.headers - http-outgoing-2 << cache-control:no-cache
11:18:13.540 [Forwarding clickElement on session 1d3cd22b0bd1bbd9c5501c0091a40b8e to remote] DEBUG org.apache.http.impl.execchain.MainClientExec - Connection can be kept alive indefinitely
11:18:13.540 [Forwarding clickElement on session 1d3cd22b0bd1bbd9c5501c0091a40b8e to remote] DEBUG org.apache.http.impl.conn.PoolingHttpClientConnectionManager - Connection [id: 2][route: {}->http://localhost:16620] can be kept alive indefinitely
11:18:13.540 [Forwarding clickElement on session 1d3cd22b0bd1bbd9c5501c0091a40b8e to remote] DEBUG org.apache.http.impl.conn.PoolingHttpClientConnectionManager - Connection released: [id: 2][route: {}->http://localhost:16620][total kept alive: 3; route allocated: 1 of 2000; total allocated: 3 of 2000]
11:18:13.541 [Forwarding findElement on session 1d3cd22b0bd1bbd9c5501c0091a40b8e to remote] DEBUG org.apache.http.client.protocol.RequestAddCookies - CookieSpec selected: default
11:18:13.541 [Forwarding findElement on session 1d3cd22b0bd1bbd9c5501c0091a40b8e to remote] DEBUG org.apache.http.client.protocol.RequestAuthCache - Auth cache not set in the context
11:18:13.541 [Forwarding findElement on session 1d3cd22b0bd1bbd9c5501c0091a40b8e to remote] DEBUG org.apache.http.impl.conn.PoolingHttpClientConnectionManager - Connection request: [route: {}->http://localhost:16620][total kept alive: 3; route allocated: 1 of 2000; total allocated: 3 of 2000]
11:18:13.541 [Forwarding findElement on session 1d3cd22b0bd1bbd9c5501c0091a40b8e to remote] DEBUG org.apache.http.impl.conn.PoolingHttpClientConnectionManager - Connection leased: [id: 2][route: {}->http://localhost:16620][total kept alive: 2; route allocated: 1 of 2000; total allocated: 3 of 2000]
11:18:13.541 [Forwarding findElement on session 1d3cd22b0bd1bbd9c5501c0091a40b8e to remote] DEBUG org.apache.http.impl.execchain.MainClientExec - Stale connection check
11:18:13.542 [Forwarding findElement on session 1d3cd22b0bd1bbd9c5501c0091a40b8e to remote] DEBUG org.apache.http.wire - http-outgoing-2 << "[read] I/O error: Read timed out"
11:18:13.542 [Forwarding findElement on session 1d3cd22b0bd1bbd9c5501c0091a40b8e to remote] DEBUG org.apache.http.impl.conn.DefaultManagedHttpClientConnection - http-outgoing-2: set socket timeout to 10800000
11:18:13.542 [Forwarding findElement on session 1d3cd22b0bd1bbd9c5501c0091a40b8e to remote] DEBUG org.apache.http.impl.execchain.MainClientExec - Executing request POST /session/1d3cd22b0bd1bbd9c5501c0091a40b8e/element HTTP/1.1
11:18:13.542 [Forwarding findElement on session 1d3cd22b0bd1bbd9c5501c0091a40b8e to remote] DEBUG org.apache.http.impl.execchain.MainClientExec - Target auth state: UNCHALLENGED
11:18:13.542 [Forwarding findElement on session 1d3cd22b0bd1bbd9c5501c0091a40b8e to remote] DEBUG org.apache.http.impl.execchain.MainClientExec - Proxy auth state: UNCHALLENGED
11:18:13.542 [Forwarding findElement on session 1d3cd22b0bd1bbd9c5501c0091a40b8e to remote] DEBUG org.apache.http.headers - http-outgoing-2 >> POST /session/1d3cd22b0bd1bbd9c5501c0091a40b8e/element HTTP/1.1
11:18:13.542 [Forwarding findElement on session 1d3cd22b0bd1bbd9c5501c0091a40b8e to remote] DEBUG org.apache.http.headers - http-outgoing-2 >> Content-Type: application/json; charset=utf-8
11:18:13.542 [Forwarding findElement on session 1d3cd22b0bd1bbd9c5501c0091a40b8e to remote] DEBUG org.apache.http.headers - http-outgoing-2 >> Content-Length: 96
11:18:13.542 [Forwarding findElement on session 1d3cd22b0bd1bbd9c5501c0091a40b8e to remote] DEBUG org.apache.http.headers - http-outgoing-2 >> Host: localhost:16620
11:18:13.542 [Forwarding findElement on session 1d3cd22b0bd1bbd9c5501c0091a40b8e to remote] DEBUG org.apache.http.headers - http-outgoing-2 >> Connection: Keep-Alive
11:18:13.542 [Forwarding findElement on session 1d3cd22b0bd1bbd9c5501c0091a40b8e to remote] DEBUG org.apache.http.headers - http-outgoing-2 >> User-Agent: Apache-HttpClient/4.5.3 (Java/1.8.0_211)
11:18:13.542 [Forwarding findElement on session 1d3cd22b0bd1bbd9c5501c0091a40b8e to remote] DEBUG org.apache.http.headers - http-outgoing-2 >> Accept-Encoding: gzip,deflate
11:18:13.542 [Forwarding findElement on session 1d3cd22b0bd1bbd9c5501c0091a40b8e to remote] DEBUG org.apache.http.wire - http-outgoing-2 >> "POST /session/1d3cd22b0bd1bbd9c5501c0091a40b8e/element HTTP/1.1[\r][\n]"
11:18:13.542 [Forwarding findElement on session 1d3cd22b0bd1bbd9c5501c0091a40b8e to remote] DEBUG org.apache.http.wire - http-outgoing-2 >> "Content-Type: application/json; charset=utf-8[\r][\n]"
11:18:13.542 [Forwarding findElement on session 1d3cd22b0bd1bbd9c5501c0091a40b8e to remote] DEBUG org.apache.http.wire - http-outgoing-2 >> "Content-Length: 96[\r][\n]"
11:18:13.542 [Forwarding findElement on session 1d3cd22b0bd1bbd9c5501c0091a40b8e to remote] DEBUG org.apache.http.wire - http-outgoing-2 >> "Host: localhost:16620[\r][\n]"
11:18:13.542 [Forwarding findElement on session 1d3cd22b0bd1bbd9c5501c0091a40b8e to remote] DEBUG org.apache.http.wire - http-outgoing-2 >> "Connection: Keep-Alive[\r][\n]"
11:18:13.542 [Forwarding findElement on session 1d3cd22b0bd1bbd9c5501c0091a40b8e to remote] DEBUG org.apache.http.wire - http-outgoing-2 >> "User-Agent: Apache-HttpClient/4.5.3 (Java/1.8.0_211)[\r][\n]"
11:18:13.542 [Forwarding findElement on session 1d3cd22b0bd1bbd9c5501c0091a40b8e to remote] DEBUG org.apache.http.wire - http-outgoing-2 >> "Accept-Encoding: gzip,deflate[\r][\n]"
11:18:13.542 [Forwarding findElement on session 1d3cd22b0bd1bbd9c5501c0091a40b8e to remote] DEBUG org.apache.http.wire - http-outgoing-2 >> "[\r][\n]"
11:18:13.542 [Forwarding findElement on session 1d3cd22b0bd1bbd9c5501c0091a40b8e to remote] DEBUG org.apache.http.wire - http-outgoing-2 >> "{"value":"//*[@id=\"root\"]/main/div/div/div[3]/div/div[2]/span/div/span/input","using":"xpath"}"
11:18:13.829 [Forwarding findElement on session 1d3cd22b0bd1bbd9c5501c0091a40b8e to remote] DEBUG org.apache.http.wire - http-outgoing-2 << "HTTP/1.1 200 OK[\r][\n]"
11:18:13.829 [Forwarding findElement on session 1d3cd22b0bd1bbd9c5501c0091a40b8e to remote] DEBUG org.apache.http.wire - http-outgoing-2 << "Content-Length:88[\r][\n]"
11:18:13.829 [Forwarding findElement on session 1d3cd22b0bd1bbd9c5501c0091a40b8e to remote] DEBUG org.apache.http.wire - http-outgoing-2 << "Content-Type:application/json; charset=utf-8[\r][\n]"
11:18:13.829 [Forwarding findElement on session 1d3cd22b0bd1bbd9c5501c0091a40b8e to remote] DEBUG org.apache.http.wire - http-outgoing-2 << "cache-control:no-cache[\r][\n]"
11:18:13.829 [Forwarding findElement on session 1d3cd22b0bd1bbd9c5501c0091a40b8e to remote] DEBUG org.apache.http.wire - http-outgoing-2 << "[\r][\n]"
11:18:13.829 [Forwarding findElement on session 1d3cd22b0bd1bbd9c5501c0091a40b8e to remote] DEBUG org.apache.http.wire - http-outgoing-2 << "{"value":{"element-6066-11e4-a52e-4f735466cecf":"a9754edc-6794-438e-8508-aee188634448"}}"
11:18:13.829 [Forwarding findElement on session 1d3cd22b0bd1bbd9c5501c0091a40b8e to remote] DEBUG org.apache.http.headers - http-outgoing-2 << HTTP/1.1 200 OK
11:18:13.829 [Forwarding findElement on session 1d3cd22b0bd1bbd9c5501c0091a40b8e to remote] DEBUG org.apache.http.headers - http-outgoing-2 << Content-Length:88
11:18:13.829 [Forwarding findElement on session 1d3cd22b0bd1bbd9c5501c0091a40b8e to remote] DEBUG org.apache.http.headers - http-outgoing-2 << Content-Type:application/json; charset=utf-8
11:18:13.829 [Forwarding findElement on session 1d3cd22b0bd1bbd9c5501c0091a40b8e to remote] DEBUG org.apache.http.headers - http-outgoing-2 << cache-control:no-cache
11:18:13.829 [Forwarding findElement on session 1d3cd22b0bd1bbd9c5501c0091a40b8e to remote] DEBUG org.apache.http.impl.execchain.MainClientExec - Connection can be kept alive indefinitely
11:18:13.829 [Forwarding findElement on session 1d3cd22b0bd1bbd9c5501c0091a40b8e to remote] DEBUG org.apache.http.impl.conn.PoolingHttpClientConnectionManager - Connection [id: 2][route: {}->http://localhost:16620] can be kept alive indefinitely
11:18:13.829 [Forwarding findElement on session 1d3cd22b0bd1bbd9c5501c0091a40b8e to remote] DEBUG org.apache.http.impl.conn.PoolingHttpClientConnectionManager - Connection released: [id: 2][route: {}->http://localhost:16620][total kept alive: 3; route allocated: 1 of 2000; total allocated: 3 of 2000]
11:18:13.830 [Forwarding sendKeysToElement on session 1d3cd22b0bd1bbd9c5501c0091a40b8e to remote] DEBUG org.apache.http.client.protocol.RequestAddCookies - CookieSpec selected: default
11:18:13.830 [Forwarding sendKeysToElement on session 1d3cd22b0bd1bbd9c5501c0091a40b8e to remote] DEBUG org.apache.http.client.protocol.RequestAuthCache - Auth cache not set in the context
11:18:13.830 [Forwarding sendKeysToElement on session 1d3cd22b0bd1bbd9c5501c0091a40b8e to remote] DEBUG org.apache.http.impl.conn.PoolingHttpClientConnectionManager - Connection request: [route: {}->http://localhost:16620][total kept alive: 3; route allocated: 1 of 2000; total allocated: 3 of 2000]
11:18:13.830 [Forwarding sendKeysToElement on session 1d3cd22b0bd1bbd9c5501c0091a40b8e to remote] DEBUG org.apache.http.impl.conn.PoolingHttpClientConnectionManager - Connection leased: [id: 2][route: {}->http://localhost:16620][total kept alive: 2; route allocated: 1 of 2000; total allocated: 3 of 2000]
11:18:13.830 [Forwarding sendKeysToElement on session 1d3cd22b0bd1bbd9c5501c0091a40b8e to remote] DEBUG org.apache.http.impl.execchain.MainClientExec - Stale connection check
11:18:13.832 [Forwarding sendKeysToElement on session 1d3cd22b0bd1bbd9c5501c0091a40b8e to remote] DEBUG org.apache.http.wire - http-outgoing-2 << "[read] I/O error: Read timed out"
11:18:13.832 [Forwarding sendKeysToElement on session 1d3cd22b0bd1bbd9c5501c0091a40b8e to remote] DEBUG org.apache.http.impl.conn.DefaultManagedHttpClientConnection - http-outgoing-2: set socket timeout to 10800000
11:18:13.832 [Forwarding sendKeysToElement on session 1d3cd22b0bd1bbd9c5501c0091a40b8e to remote] DEBUG org.apache.http.impl.execchain.MainClientExec - Executing request POST /session/1d3cd22b0bd1bbd9c5501c0091a40b8e/element/a9754edc-6794-438e-8508-aee188634448/value HTTP/1.1
11:18:13.832 [Forwarding sendKeysToElement on session 1d3cd22b0bd1bbd9c5501c0091a40b8e to remote] DEBUG org.apache.http.impl.execchain.MainClientExec - Target auth state: UNCHALLENGED
11:18:13.832 [Forwarding sendKeysToElement on session 1d3cd22b0bd1bbd9c5501c0091a40b8e to remote] DEBUG org.apache.http.impl.execchain.MainClientExec - Proxy auth state: UNCHALLENGED
11:18:13.832 [Forwarding sendKeysToElement on session 1d3cd22b0bd1bbd9c5501c0091a40b8e to remote] DEBUG org.apache.http.headers - http-outgoing-2 >> POST /session/1d3cd22b0bd1bbd9c5501c0091a40b8e/element/a9754edc-6794-438e-8508-aee188634448/value HTTP/1.1
11:18:13.832 [Forwarding sendKeysToElement on session 1d3cd22b0bd1bbd9c5501c0091a40b8e to remote] DEBUG org.apache.http.headers - http-outgoing-2 >> Content-Type: application/json; charset=utf-8
11:18:13.832 [Forwarding sendKeysToElement on session 1d3cd22b0bd1bbd9c5501c0091a40b8e to remote] DEBUG org.apache.http.headers - http-outgoing-2 >> Content-Length: 450
11:18:13.832 [Forwarding sendKeysToElement on session 1d3cd22b0bd1bbd9c5501c0091a40b8e to remote] DEBUG org.apache.http.headers - http-outgoing-2 >> Host: localhost:16620
11:18:13.832 [Forwarding sendKeysToElement on session 1d3cd22b0bd1bbd9c5501c0091a40b8e to remote] DEBUG org.apache.http.headers - http-outgoing-2 >> Connection: Keep-Alive
11:18:13.832 [Forwarding sendKeysToElement on session 1d3cd22b0bd1bbd9c5501c0091a40b8e to remote] DEBUG org.apache.http.headers - http-outgoing-2 >> User-Agent: Apache-HttpClient/4.5.3 (Java/1.8.0_211)
11:18:13.832 [Forwarding sendKeysToElement on session 1d3cd22b0bd1bbd9c5501c0091a40b8e to remote] DEBUG org.apache.http.headers - http-outgoing-2 >> Accept-Encoding: gzip,deflate
11:18:13.832 [Forwarding sendKeysToElement on session 1d3cd22b0bd1bbd9c5501c0091a40b8e to remote] DEBUG org.apache.http.wire - http-outgoing-2 >> "POST /session/1d3cd22b0bd1bbd9c5501c0091a40b8e/element/a9754edc-6794-438e-8508-aee188634448/value HTTP/1.1[\r][\n]"
11:18:13.832 [Forwarding sendKeysToElement on session 1d3cd22b0bd1bbd9c5501c0091a40b8e to remote] DEBUG org.apache.http.wire - http-outgoing-2 >> "Content-Type: application/json; charset=utf-8[\r][\n]"
11:18:13.832 [Forwarding sendKeysToElement on session 1d3cd22b0bd1bbd9c5501c0091a40b8e to remote] DEBUG org.apache.http.wire - http-outgoing-2 >> "Content-Length: 450[\r][\n]"
11:18:13.832 [Forwarding sendKeysToElement on session 1d3cd22b0bd1bbd9c5501c0091a40b8e to remote] DEBUG org.apache.http.wire - http-outgoing-2 >> "Host: localhost:16620[\r][\n]"
11:18:13.832 [Forwarding sendKeysToElement on session 1d3cd22b0bd1bbd9c5501c0091a40b8e to remote] DEBUG org.apache.http.wire - http-outgoing-2 >> "Connection: Keep-Alive[\r][\n]"
11:18:13.832 [Forwarding sendKeysToElement on session 1d3cd22b0bd1bbd9c5501c0091a40b8e to remote] DEBUG org.apache.http.wire - http-outgoing-2 >> "User-Agent: Apache-HttpClient/4.5.3 (Java/1.8.0_211)[\r][\n]"
11:18:13.832 [Forwarding sendKeysToElement on session 1d3cd22b0bd1bbd9c5501c0091a40b8e to remote] DEBUG org.apache.http.wire - http-outgoing-2 >> "Accept-Encoding: gzip,deflate[\r][\n]"
11:18:13.832 [Forwarding sendKeysToElement on session 1d3cd22b0bd1bbd9c5501c0091a40b8e to remote] DEBUG org.apache.http.wire - http-outgoing-2 >> "[\r][\n]"
11:18:13.832 [Forwarding sendKeysToElement on session 1d3cd22b0bd1bbd9c5501c0091a40b8e to remote] DEBUG org.apache.http.wire - http-outgoing-2 >> "{"id":"a9754edc-6794-438e-8508-aee188634448","text":"/Users/tron/.jenkins/workspace/Tronscan_AutoTest/src/test/resources/right.sol","value":["/","U","s","e","r","s","/","t","r","o","n","/",".","j","e","n","k","i","n","s","/","w","o","r","k","s","p","a","c","e","/","T","r","o","n","s","c","a","n","_","A","u","t","o","T","e","s","t","/","s","r","c","/","t","e","s","t","/","r","e","s","o","u","r","c","e","s","/","r","i","g","h","t",".","s","o","l"]}"
11:18:13.837 [Forwarding sendKeysToElement on session 1d3cd22b0bd1bbd9c5501c0091a40b8e to remote] DEBUG org.apache.http.wire - http-outgoing-2 << "HTTP/1.1 400 Bad Request[\r][\n]"
11:18:13.837 [Forwarding sendKeysToElement on session 1d3cd22b0bd1bbd9c5501c0091a40b8e to remote] DEBUG org.apache.http.wire - http-outgoing-2 << "Content-Length:1955[\r][\n]"
11:18:13.837 [Forwarding sendKeysToElement on session 1d3cd22b0bd1bbd9c5501c0091a40b8e to remote] DEBUG org.apache.http.wire - http-outgoing-2 << "Content-Type:application/json; charset=utf-8[\r][\n]"
11:18:13.837 [Forwarding sendKeysToElement on session 1d3cd22b0bd1bbd9c5501c0091a40b8e to remote] DEBUG org.apache.http.wire - http-outgoing-2 << "cache-control:no-cache[\r][\n]"
11:18:13.837 [Forwarding sendKeysToElement on session 1d3cd22b0bd1bbd9c5501c0091a40b8e to remote] DEBUG org.apache.http.wire - http-outgoing-2 << "[\r][\n]"
11:18:13.837 [Forwarding sendKeysToElement on session 1d3cd22b0bd1bbd9c5501c0091a40b8e to remote] DEBUG org.apache.http.wire - http-outgoing-2 << "{"value":{"error":"invalid argument","message":"invalid argument: File not found : /Users/tron/.jenkins/workspace/Tronscan_AutoTest/src/test/resources/right.sol\n  (Session info: headless chrome=80.0.3987.162)","stacktrace":"0   chromedriver                        0x000000010444c329 chromedriver + 3838761\n1   chromedriver                        0x00000001043e6123 chromedriver + 3420451\n2   chromedriver                        0x000000010415a62f chromedriver + 751151\n3   chromedriver                        0x00000001040c34e3 chromedriver + 132323\n4   chromedriver                        0x00000001040e4592 chromedriver + 267666\n5   chromedriver                        0x00000001040c03c6 chromedriver + 119750\n6   chromedriver                        0x00000001040e480e chromedriver + 268302\n7   chromedriver                        0x00000001040f138b chromedriver + 320395\n8   chromedriver                        0x00000001040e47b3 chromedriver + 268211\n9   chromedriver                        0x00000001040be0bd chromedriver + 110781\n10  chromedriver                        0x00000001040bf055 chromedriver + 114773\n11  chromedriver                        0x000000010440debf chromedriver + 3583679\n12  chromedriver                        0x000000010441ae4a chromedriver + 3636810\n13  chromedriver                        0x000000010441abe7 chromedriver + 3636199\n14  chromedriver                        0x00000001043f1839 chromedriver + 3467321\n15  chromedriver                        0x000000010441b707 chromedriver + 3639047\n16  chromedriver                        0x0000000104403cc7 chromedriver + 3542215\n17  chromedriver                        0x0000000104431324 chromedriver + 3728164\n18  chromedriver                        0x0000000104452387 chromedriver + 3863431\n19  libsystem_pthread.dylib             0x00007fff7206ce65 _pthread_start + 148\n20  libsystem_pthread.dylib             0x00007fff7206883b thread_start + 15\n"}}"
11:18:13.837 [Forwarding sendKeysToElement on session 1d3cd22b0bd1bbd9c5501c0091a40b8e to remote] DEBUG org.apache.http.headers - http-outgoing-2 << HTTP/1.1 400 Bad Request
11:18:13.837 [Forwarding sendKeysToElement on session 1d3cd22b0bd1bbd9c5501c0091a40b8e to remote] DEBUG org.apache.http.headers - http-outgoing-2 << Content-Length:1955
11:18:13.837 [Forwarding sendKeysToElement on session 1d3cd22b0bd1bbd9c5501c0091a40b8e to remote] DEBUG org.apache.http.headers - http-outgoing-2 << Content-Type:application/json; charset=utf-8
11:18:13.837 [Forwarding sendKeysToElement on session 1d3cd22b0bd1bbd9c5501c0091a40b8e to remote] DEBUG org.apache.http.headers - http-outgoing-2 << cache-control:no-cache
11:18:13.837 [Forwarding sendKeysToElement on session 1d3cd22b0bd1bbd9c5501c0091a40b8e to remote] DEBUG org.apache.http.impl.execchain.MainClientExec - Connection can be kept alive indefinitely
11:18:13.837 [Forwarding sendKeysToElement on session 1d3cd22b0bd1bbd9c5501c0091a40b8e to remote] DEBUG org.apache.http.impl.conn.PoolingHttpClientConnectionManager - Connection [id: 2][route: {}->http://localhost:16620] can be kept alive indefinitely
11:18:13.838 [Forwarding sendKeysToElement on session 1d3cd22b0bd1bbd9c5501c0091a40b8e to remote] DEBUG org.apache.http.impl.conn.PoolingHttpClientConnectionManager - Connection released: [id: 2][route: {}->http://localhost:16620][total kept alive: 3; route allocated: 1 of 2000; total allocated: 3 of 2000]
LOGIN
11:18:18.800 [Forwarding setCurrentWindowSize on session 313530c5c8b49625b5b5e5cfed482eda to remote] DEBUG org.apache.http.client.protocol.RequestAddCookies - CookieSpec selected: default
11:18:18.800 [Forwarding setCurrentWindowSize on session 313530c5c8b49625b5b5e5cfed482eda to remote] DEBUG org.apache.http.client.protocol.RequestAuthCache - Auth cache not set in the context
11:18:18.801 [Forwarding setCurrentWindowSize on session 313530c5c8b49625b5b5e5cfed482eda to remote] DEBUG org.apache.http.impl.conn.PoolingHttpClientConnectionManager - Connection request: [route: {}->http://localhost:38747][total kept alive: 4; route allocated: 1 of 2000; total allocated: 4 of 2000]
11:18:18.801 [Forwarding setCurrentWindowSize on session 313530c5c8b49625b5b5e5cfed482eda to remote] DEBUG org.apache.http.impl.conn.PoolingHttpClientConnectionManager - Connection leased: [id: 3][route: {}->http://localhost:38747][total kept alive: 3; route allocated: 1 of 2000; total allocated: 4 of 2000]
11:18:18.801 [Forwarding setCurrentWindowSize on session 313530c5c8b49625b5b5e5cfed482eda to remote] DEBUG org.apache.http.impl.execchain.MainClientExec - Stale connection check
11:18:18.802 [Forwarding setCurrentWindowSize on session 313530c5c8b49625b5b5e5cfed482eda to remote] DEBUG org.apache.http.wire - http-outgoing-3 << "[read] I/O error: Read timed out"
11:18:18.802 [Forwarding setCurrentWindowSize on session 313530c5c8b49625b5b5e5cfed482eda to remote] DEBUG org.apache.http.impl.conn.DefaultManagedHttpClientConnection - http-outgoing-3: set socket timeout to 10800000
11:18:18.802 [Forwarding setCurrentWindowSize on session 313530c5c8b49625b5b5e5cfed482eda to remote] DEBUG org.apache.http.impl.execchain.MainClientExec - Executing request POST /session/313530c5c8b49625b5b5e5cfed482eda/window/rect HTTP/1.1
11:18:18.802 [Forwarding setCurrentWindowSize on session 313530c5c8b49625b5b5e5cfed482eda to remote] DEBUG org.apache.http.impl.execchain.MainClientExec - Target auth state: UNCHALLENGED
11:18:18.802 [Forwarding setCurrentWindowSize on session 313530c5c8b49625b5b5e5cfed482eda to remote] DEBUG org.apache.http.impl.execchain.MainClientExec - Proxy auth state: UNCHALLENGED
11:18:18.802 [Forwarding setCurrentWindowSize on session 313530c5c8b49625b5b5e5cfed482eda to remote] DEBUG org.apache.http.headers - http-outgoing-3 >> POST /session/313530c5c8b49625b5b5e5cfed482eda/window/rect HTTP/1.1
11:18:18.802 [Forwarding setCurrentWindowSize on session 313530c5c8b49625b5b5e5cfed482eda to remote] DEBUG org.apache.http.headers - http-outgoing-3 >> Content-Type: application/json; charset=utf-8
11:18:18.802 [Forwarding setCurrentWindowSize on session 313530c5c8b49625b5b5e5cfed482eda to remote] DEBUG org.apache.http.headers - http-outgoing-3 >> Content-Length: 28
11:18:18.802 [Forwarding setCurrentWindowSize on session 313530c5c8b49625b5b5e5cfed482eda to remote] DEBUG org.apache.http.headers - http-outgoing-3 >> Host: localhost:38747
11:18:18.802 [Forwarding setCurrentWindowSize on session 313530c5c8b49625b5b5e5cfed482eda to remote] DEBUG org.apache.http.headers - http-outgoing-3 >> Connection: Keep-Alive
11:18:18.802 [Forwarding setCurrentWindowSize on session 313530c5c8b49625b5b5e5cfed482eda to remote] DEBUG org.apache.http.headers - http-outgoing-3 >> User-Agent: Apache-HttpClient/4.5.3 (Java/1.8.0_211)
11:18:18.802 [Forwarding setCurrentWindowSize on session 313530c5c8b49625b5b5e5cfed482eda to remote] DEBUG org.apache.http.headers - http-outgoing-3 >> Accept-Encoding: gzip,deflate
11:18:18.802 [Forwarding setCurrentWindowSize on session 313530c5c8b49625b5b5e5cfed482eda to remote] DEBUG org.apache.http.wire - http-outgoing-3 >> "POST /session/313530c5c8b49625b5b5e5cfed482eda/window/rect HTTP/1.1[\r][\n]"
11:18:18.802 [Forwarding setCurrentWindowSize on session 313530c5c8b49625b5b5e5cfed482eda to remote] DEBUG org.apache.http.wire - http-outgoing-3 >> "Content-Type: application/json; charset=utf-8[\r][\n]"
11:18:18.802 [Forwarding setCurrentWindowSize on session 313530c5c8b49625b5b5e5cfed482eda to remote] DEBUG org.apache.http.wire - http-outgoing-3 >> "Content-Length: 28[\r][\n]"
11:18:18.802 [Forwarding setCurrentWindowSize on session 313530c5c8b49625b5b5e5cfed482eda to remote] DEBUG org.apache.http.wire - http-outgoing-3 >> "Host: localhost:38747[\r][\n]"
11:18:18.802 [Forwarding setCurrentWindowSize on session 313530c5c8b49625b5b5e5cfed482eda to remote] DEBUG org.apache.http.wire - http-outgoing-3 >> "Connection: Keep-Alive[\r][\n]"
11:18:18.802 [Forwarding setCurrentWindowSize on session 313530c5c8b49625b5b5e5cfed482eda to remote] DEBUG org.apache.http.wire - http-outgoing-3 >> "User-Agent: Apache-HttpClient/4.5.3 (Java/1.8.0_211)[\r][\n]"
11:18:18.802 [Forwarding setCurrentWindowSize on session 313530c5c8b49625b5b5e5cfed482eda to remote] DEBUG org.apache.http.wire - http-outgoing-3 >> "Accept-Encoding: gzip,deflate[\r][\n]"
11:18:18.802 [Forwarding setCurrentWindowSize on session 313530c5c8b49625b5b5e5cfed482eda to remote] DEBUG org.apache.http.wire - http-outgoing-3 >> "[\r][\n]"
11:18:18.802 [Forwarding setCurrentWindowSize on session 313530c5c8b49625b5b5e5cfed482eda to remote] DEBUG org.apache.http.wire - http-outgoing-3 >> "{"width":2560,"height":1440}"
11:18:18.966 [Forwarding setCurrentWindowSize on session 313530c5c8b49625b5b5e5cfed482eda to remote] DEBUG org.apache.http.wire - http-outgoing-3 << "HTTP/1.1 200 OK[\r][\n]"
11:18:18.966 [Forwarding setCurrentWindowSize on session 313530c5c8b49625b5b5e5cfed482eda to remote] DEBUG org.apache.http.wire - http-outgoing-3 << "Content-Length:50[\r][\n]"
11:18:18.966 [Forwarding setCurrentWindowSize on session 313530c5c8b49625b5b5e5cfed482eda to remote] DEBUG org.apache.http.wire - http-outgoing-3 << "Content-Type:application/json; charset=utf-8[\r][\n]"
11:18:18.966 [Forwarding setCurrentWindowSize on session 313530c5c8b49625b5b5e5cfed482eda to remote] DEBUG org.apache.http.wire - http-outgoing-3 << "cache-control:no-cache[\r][\n]"
11:18:18.966 [Forwarding setCurrentWindowSize on session 313530c5c8b49625b5b5e5cfed482eda to remote] DEBUG org.apache.http.wire - http-outgoing-3 << "[\r][\n]"
11:18:18.966 [Forwarding setCurrentWindowSize on session 313530c5c8b49625b5b5e5cfed482eda to remote] DEBUG org.apache.http.wire - http-outgoing-3 << "{"value":{"height":1440,"width":2560,"x":0,"y":0}}"
11:18:18.966 [Forwarding setCurrentWindowSize on session 313530c5c8b49625b5b5e5cfed482eda to remote] DEBUG org.apache.http.headers - http-outgoing-3 << HTTP/1.1 200 OK
11:18:18.966 [Forwarding setCurrentWindowSize on session 313530c5c8b49625b5b5e5cfed482eda to remote] DEBUG org.apache.http.headers - http-outgoing-3 << Content-Length:50
11:18:18.966 [Forwarding setCurrentWindowSize on session 313530c5c8b49625b5b5e5cfed482eda to remote] DEBUG org.apache.http.headers - http-outgoing-3 << Content-Type:application/json; charset=utf-8
11:18:18.966 [Forwarding setCurrentWindowSize on session 313530c5c8b49625b5b5e5cfed482eda to remote] DEBUG org.apache.http.headers - http-outgoing-3 << cache-control:no-cache
11:18:18.966 [Forwarding setCurrentWindowSize on session 313530c5c8b49625b5b5e5cfed482eda to remote] DEBUG org.apache.http.impl.execchain.MainClientExec - Connection can be kept alive indefinitely
11:18:18.966 [Forwarding setCurrentWindowSize on session 313530c5c8b49625b5b5e5cfed482eda to remote] DEBUG org.apache.http.impl.conn.PoolingHttpClientConnectionManager - Connection [id: 3][route: {}->http://localhost:38747] can be kept alive indefinitely
11:18:18.966 [Forwarding setCurrentWindowSize on session 313530c5c8b49625b5b5e5cfed482eda to remote] DEBUG org.apache.http.impl.conn.PoolingHttpClientConnectionManager - Connection released: [id: 3][route: {}->http://localhost:38747][total kept alive: 4; route allocated: 1 of 2000; total allocated: 4 of 2000]
11:18:19.168 [Forwarding findElement on session 313530c5c8b49625b5b5e5cfed482eda to remote] DEBUG org.apache.http.client.protocol.RequestAddCookies - CookieSpec selected: default
11:18:19.168 [Forwarding findElement on session 313530c5c8b49625b5b5e5cfed482eda to remote] DEBUG org.apache.http.client.protocol.RequestAuthCache - Auth cache not set in the context
11:18:19.168 [Forwarding findElement on session 313530c5c8b49625b5b5e5cfed482eda to remote] DEBUG org.apache.http.impl.conn.PoolingHttpClientConnectionManager - Connection request: [route: {}->http://localhost:38747][total kept alive: 4; route allocated: 1 of 2000; total allocated: 4 of 2000]
11:18:19.168 [Forwarding findElement on session 313530c5c8b49625b5b5e5cfed482eda to remote] DEBUG org.apache.http.impl.conn.PoolingHttpClientConnectionManager - Connection leased: [id: 3][route: {}->http://localhost:38747][total kept alive: 3; route allocated: 1 of 2000; total allocated: 4 of 2000]
11:18:19.168 [Forwarding findElement on session 313530c5c8b49625b5b5e5cfed482eda to remote] DEBUG org.apache.http.impl.execchain.MainClientExec - Stale connection check
11:18:19.169 [Forwarding findElement on session 313530c5c8b49625b5b5e5cfed482eda to remote] DEBUG org.apache.http.wire - http-outgoing-3 << "[read] I/O error: Read timed out"
11:18:19.169 [Forwarding findElement on session 313530c5c8b49625b5b5e5cfed482eda to remote] DEBUG org.apache.http.impl.conn.DefaultManagedHttpClientConnection - http-outgoing-3: set socket timeout to 10800000
11:18:19.169 [Forwarding findElement on session 313530c5c8b49625b5b5e5cfed482eda to remote] DEBUG org.apache.http.impl.execchain.MainClientExec - Executing request POST /session/313530c5c8b49625b5b5e5cfed482eda/element HTTP/1.1
11:18:19.169 [Forwarding findElement on session 313530c5c8b49625b5b5e5cfed482eda to remote] DEBUG org.apache.http.impl.execchain.MainClientExec - Target auth state: UNCHALLENGED
11:18:19.169 [Forwarding findElement on session 313530c5c8b49625b5b5e5cfed482eda to remote] DEBUG org.apache.http.impl.execchain.MainClientExec - Proxy auth state: UNCHALLENGED
11:18:19.169 [Forwarding findElement on session 313530c5c8b49625b5b5e5cfed482eda to remote] DEBUG org.apache.http.headers - http-outgoing-3 >> POST /session/313530c5c8b49625b5b5e5cfed482eda/element HTTP/1.1
11:18:19.169 [Forwarding findElement on session 313530c5c8b49625b5b5e5cfed482eda to remote] DEBUG org.apache.http.headers - http-outgoing-3 >> Content-Type: application/json; charset=utf-8
11:18:19.169 [Forwarding findElement on session 313530c5c8b49625b5b5e5cfed482eda to remote] DEBUG org.apache.http.headers - http-outgoing-3 >> Content-Length: 58
11:18:19.169 [Forwarding findElement on session 313530c5c8b49625b5b5e5cfed482eda to remote] DEBUG org.apache.http.headers - http-outgoing-3 >> Host: localhost:38747
11:18:19.169 [Forwarding findElement on session 313530c5c8b49625b5b5e5cfed482eda to remote] DEBUG org.apache.http.headers - http-outgoing-3 >> Connection: Keep-Alive
11:18:19.169 [Forwarding findElement on session 313530c5c8b49625b5b5e5cfed482eda to remote] DEBUG org.apache.http.headers - http-outgoing-3 >> User-Agent: Apache-HttpClient/4.5.3 (Java/1.8.0_211)
11:18:19.169 [Forwarding findElement on session 313530c5c8b49625b5b5e5cfed482eda to remote] DEBUG org.apache.http.headers - http-outgoing-3 >> Accept-Encoding: gzip,deflate
11:18:19.169 [Forwarding findElement on session 313530c5c8b49625b5b5e5cfed482eda to remote] DEBUG org.apache.http.wire - http-outgoing-3 >> "POST /session/313530c5c8b49625b5b5e5cfed482eda/element HTTP/1.1[\r][\n]"
11:18:19.169 [Forwarding findElement on session 313530c5c8b49625b5b5e5cfed482eda to remote] DEBUG org.apache.http.wire - http-outgoing-3 >> "Content-Type: application/json; charset=utf-8[\r][\n]"
11:18:19.169 [Forwarding findElement on session 313530c5c8b49625b5b5e5cfed482eda to remote] DEBUG org.apache.http.wire - http-outgoing-3 >> "Content-Length: 58[\r][\n]"
11:18:19.169 [Forwarding findElement on session 313530c5c8b49625b5b5e5cfed482eda to remote] DEBUG org.apache.http.wire - http-outgoing-3 >> "Host: localhost:38747[\r][\n]"
11:18:19.169 [Forwarding findElement on session 313530c5c8b49625b5b5e5cfed482eda to remote] DEBUG org.apache.http.wire - http-outgoing-3 >> "Connection: Keep-Alive[\r][\n]"
11:18:19.169 [Forwarding findElement on session 313530c5c8b49625b5b5e5cfed482eda to remote] DEBUG org.apache.http.wire - http-outgoing-3 >> "User-Agent: Apache-HttpClient/4.5.3 (Java/1.8.0_211)[\r][\n]"
11:18:19.169 [Forwarding findElement on session 313530c5c8b49625b5b5e5cfed482eda to remote] DEBUG org.apache.http.wire - http-outgoing-3 >> "Accept-Encoding: gzip,deflate[\r][\n]"
11:18:19.169 [Forwarding findElement on session 313530c5c8b49625b5b5e5cfed482eda to remote] DEBUG org.apache.http.wire - http-outgoing-3 >> "[\r][\n]"
11:18:19.169 [Forwarding findElement on session 313530c5c8b49625b5b5e5cfed482eda to remote] DEBUG org.apache.http.wire - http-outgoing-3 >> "{"value":".dropdown-toggle > span","using":"css selector"}"
11:18:19.175 [Forwarding findElement on session 313530c5c8b49625b5b5e5cfed482eda to remote] DEBUG org.apache.http.wire - http-outgoing-3 << "HTTP/1.1 200 OK[\r][\n]"
11:18:19.175 [Forwarding findElement on session 313530c5c8b49625b5b5e5cfed482eda to remote] DEBUG org.apache.http.wire - http-outgoing-3 << "Content-Length:88[\r][\n]"
11:18:19.175 [Forwarding findElement on session 313530c5c8b49625b5b5e5cfed482eda to remote] DEBUG org.apache.http.wire - http-outgoing-3 << "Content-Type:application/json; charset=utf-8[\r][\n]"
11:18:19.175 [Forwarding findElement on session 313530c5c8b49625b5b5e5cfed482eda to remote] DEBUG org.apache.http.wire - http-outgoing-3 << "cache-control:no-cache[\r][\n]"
11:18:19.175 [Forwarding findElement on session 313530c5c8b49625b5b5e5cfed482eda to remote] DEBUG org.apache.http.wire - http-outgoing-3 << "[\r][\n]"
11:18:19.175 [Forwarding findElement on session 313530c5c8b49625b5b5e5cfed482eda to remote] DEBUG org.apache.http.wire - http-outgoing-3 << "{"value":{"element-6066-11e4-a52e-4f735466cecf":"fa41bf1f-e098-49ae-809b-27a0caecff0a"}}"
11:18:19.175 [Forwarding findElement on session 313530c5c8b49625b5b5e5cfed482eda to remote] DEBUG org.apache.http.headers - http-outgoing-3 << HTTP/1.1 200 OK
11:18:19.175 [Forwarding findElement on session 313530c5c8b49625b5b5e5cfed482eda to remote] DEBUG org.apache.http.headers - http-outgoing-3 << Content-Length:88
11:18:19.175 [Forwarding findElement on session 313530c5c8b49625b5b5e5cfed482eda to remote] DEBUG org.apache.http.headers - http-outgoing-3 << Content-Type:application/json; charset=utf-8
11:18:19.175 [Forwarding findElement on session 313530c5c8b49625b5b5e5cfed482eda to remote] DEBUG org.apache.http.headers - http-outgoing-3 << cache-control:no-cache
11:18:19.175 [Forwarding findElement on session 313530c5c8b49625b5b5e5cfed482eda to remote] DEBUG org.apache.http.impl.execchain.MainClientExec - Connection can be kept alive indefinitely
11:18:19.175 [Forwarding findElement on session 313530c5c8b49625b5b5e5cfed482eda to remote] DEBUG org.apache.http.impl.conn.PoolingHttpClientConnectionManager - Connection [id: 3][route: {}->http://localhost:38747] can be kept alive indefinitely
11:18:19.175 [Forwarding findElement on session 313530c5c8b49625b5b5e5cfed482eda to remote] DEBUG org.apache.http.impl.conn.PoolingHttpClientConnectionManager - Connection released: [id: 3][route: {}->http://localhost:38747][total kept alive: 4; route allocated: 1 of 2000; total allocated: 4 of 2000]
11:18:19.176 [Forwarding actions on session 313530c5c8b49625b5b5e5cfed482eda to remote] DEBUG org.apache.http.client.protocol.RequestAddCookies - CookieSpec selected: default
11:18:19.176 [Forwarding actions on session 313530c5c8b49625b5b5e5cfed482eda to remote] DEBUG org.apache.http.client.protocol.RequestAuthCache - Auth cache not set in the context
11:18:19.176 [Forwarding actions on session 313530c5c8b49625b5b5e5cfed482eda to remote] DEBUG org.apache.http.impl.conn.PoolingHttpClientConnectionManager - Connection request: [route: {}->http://localhost:38747][total kept alive: 4; route allocated: 1 of 2000; total allocated: 4 of 2000]
11:18:19.176 [Forwarding actions on session 313530c5c8b49625b5b5e5cfed482eda to remote] DEBUG org.apache.http.impl.conn.PoolingHttpClientConnectionManager - Connection leased: [id: 3][route: {}->http://localhost:38747][total kept alive: 3; route allocated: 1 of 2000; total allocated: 4 of 2000]
11:18:19.176 [Forwarding actions on session 313530c5c8b49625b5b5e5cfed482eda to remote] DEBUG org.apache.http.impl.execchain.MainClientExec - Stale connection check
11:18:19.177 [Forwarding actions on session 313530c5c8b49625b5b5e5cfed482eda to remote] DEBUG org.apache.http.wire - http-outgoing-3 << "[read] I/O error: Read timed out"
11:18:19.177 [Forwarding actions on session 313530c5c8b49625b5b5e5cfed482eda to remote] DEBUG org.apache.http.impl.conn.DefaultManagedHttpClientConnection - http-outgoing-3: set socket timeout to 10800000
11:18:19.177 [Forwarding actions on session 313530c5c8b49625b5b5e5cfed482eda to remote] DEBUG org.apache.http.impl.execchain.MainClientExec - Executing request POST /session/313530c5c8b49625b5b5e5cfed482eda/actions HTTP/1.1
11:18:19.177 [Forwarding actions on session 313530c5c8b49625b5b5e5cfed482eda to remote] DEBUG org.apache.http.impl.execchain.MainClientExec - Target auth state: UNCHALLENGED
11:18:19.177 [Forwarding actions on session 313530c5c8b49625b5b5e5cfed482eda to remote] DEBUG org.apache.http.impl.execchain.MainClientExec - Proxy auth state: UNCHALLENGED
11:18:19.177 [Forwarding actions on session 313530c5c8b49625b5b5e5cfed482eda to remote] DEBUG org.apache.http.headers - http-outgoing-3 >> POST /session/313530c5c8b49625b5b5e5cfed482eda/actions HTTP/1.1
11:18:19.177 [Forwarding actions on session 313530c5c8b49625b5b5e5cfed482eda to remote] DEBUG org.apache.http.headers - http-outgoing-3 >> Content-Type: application/json; charset=utf-8
11:18:19.177 [Forwarding actions on session 313530c5c8b49625b5b5e5cfed482eda to remote] DEBUG org.apache.http.headers - http-outgoing-3 >> Content-Length: 289
11:18:19.177 [Forwarding actions on session 313530c5c8b49625b5b5e5cfed482eda to remote] DEBUG org.apache.http.headers - http-outgoing-3 >> Host: localhost:38747
11:18:19.177 [Forwarding actions on session 313530c5c8b49625b5b5e5cfed482eda to remote] DEBUG org.apache.http.headers - http-outgoing-3 >> Connection: Keep-Alive
11:18:19.177 [Forwarding actions on session 313530c5c8b49625b5b5e5cfed482eda to remote] DEBUG org.apache.http.headers - http-outgoing-3 >> User-Agent: Apache-HttpClient/4.5.3 (Java/1.8.0_211)
11:18:19.177 [Forwarding actions on session 313530c5c8b49625b5b5e5cfed482eda to remote] DEBUG org.apache.http.headers - http-outgoing-3 >> Accept-Encoding: gzip,deflate
11:18:19.177 [Forwarding actions on session 313530c5c8b49625b5b5e5cfed482eda to remote] DEBUG org.apache.http.wire - http-outgoing-3 >> "POST /session/313530c5c8b49625b5b5e5cfed482eda/actions HTTP/1.1[\r][\n]"
11:18:19.177 [Forwarding actions on session 313530c5c8b49625b5b5e5cfed482eda to remote] DEBUG org.apache.http.wire - http-outgoing-3 >> "Content-Type: application/json; charset=utf-8[\r][\n]"
11:18:19.177 [Forwarding actions on session 313530c5c8b49625b5b5e5cfed482eda to remote] DEBUG org.apache.http.wire - http-outgoing-3 >> "Content-Length: 289[\r][\n]"
11:18:19.177 [Forwarding actions on session 313530c5c8b49625b5b5e5cfed482eda to remote] DEBUG org.apache.http.wire - http-outgoing-3 >> "Host: localhost:38747[\r][\n]"
11:18:19.177 [Forwarding actions on session 313530c5c8b49625b5b5e5cfed482eda to remote] DEBUG org.apache.http.wire - http-outgoing-3 >> "Connection: Keep-Alive[\r][\n]"
11:18:19.177 [Forwarding actions on session 313530c5c8b49625b5b5e5cfed482eda to remote] DEBUG org.apache.http.wire - http-outgoing-3 >> "User-Agent: Apache-HttpClient/4.5.3 (Java/1.8.0_211)[\r][\n]"
11:18:19.177 [Forwarding actions on session 313530c5c8b49625b5b5e5cfed482eda to remote] DEBUG org.apache.http.wire - http-outgoing-3 >> "Accept-Encoding: gzip,deflate[\r][\n]"
11:18:19.177 [Forwarding actions on session 313530c5c8b49625b5b5e5cfed482eda to remote] DEBUG org.apache.http.wire - http-outgoing-3 >> "[\r][\n]"
11:18:19.177 [Forwarding actions on session 313530c5c8b49625b5b5e5cfed482eda to remote] DEBUG org.apache.http.wire - http-outgoing-3 >> "{"actions":[{"id":"default mouse","type":"pointer","parameters":{"pointerType":"mouse"},"actions":[{"duration":100,"x":0,"y":0,"type":"pointerMove","origin":{"ELEMENT":"fa41bf1f-e098-49ae-809b-27a0caecff0a","element-6066-11e4-a52e-4f735466cecf":"fa41bf1f-e098-49ae-809b-27a0caecff0a"}}]}]}"
11:18:19.298 [Forwarding actions on session 313530c5c8b49625b5b5e5cfed482eda to remote] DEBUG org.apache.http.wire - http-outgoing-3 << "HTTP/1.1 200 OK[\r][\n]"
11:18:19.298 [Forwarding actions on session 313530c5c8b49625b5b5e5cfed482eda to remote] DEBUG org.apache.http.wire - http-outgoing-3 << "Content-Length:14[\r][\n]"
11:18:19.298 [Forwarding actions on session 313530c5c8b49625b5b5e5cfed482eda to remote] DEBUG org.apache.http.wire - http-outgoing-3 << "Content-Type:application/json; charset=utf-8[\r][\n]"
11:18:19.298 [Forwarding actions on session 313530c5c8b49625b5b5e5cfed482eda to remote] DEBUG org.apache.http.wire - http-outgoing-3 << "cache-control:no-cache[\r][\n]"
11:18:19.298 [Forwarding actions on session 313530c5c8b49625b5b5e5cfed482eda to remote] DEBUG org.apache.http.wire - http-outgoing-3 << "[\r][\n]"
11:18:19.298 [Forwarding actions on session 313530c5c8b49625b5b5e5cfed482eda to remote] DEBUG org.apache.http.wire - http-outgoing-3 << "{"value":null}"
11:18:19.298 [Forwarding actions on session 313530c5c8b49625b5b5e5cfed482eda to remote] DEBUG org.apache.http.headers - http-outgoing-3 << HTTP/1.1 200 OK
11:18:19.298 [Forwarding actions on session 313530c5c8b49625b5b5e5cfed482eda to remote] DEBUG org.apache.http.headers - http-outgoing-3 << Content-Length:14
11:18:19.298 [Forwarding actions on session 313530c5c8b49625b5b5e5cfed482eda to remote] DEBUG org.apache.http.headers - http-outgoing-3 << Content-Type:application/json; charset=utf-8
11:18:19.298 [Forwarding actions on session 313530c5c8b49625b5b5e5cfed482eda to remote] DEBUG org.apache.http.headers - http-outgoing-3 << cache-control:no-cache
11:18:19.299 [Forwarding actions on session 313530c5c8b49625b5b5e5cfed482eda to remote] DEBUG org.apache.http.impl.execchain.MainClientExec - Connection can be kept alive indefinitely
11:18:19.299 [Forwarding actions on session 313530c5c8b49625b5b5e5cfed482eda to remote] DEBUG org.apache.http.impl.conn.PoolingHttpClientConnectionManager - Connection [id: 3][route: {}->http://localhost:38747] can be kept alive indefinitely
11:18:19.299 [Forwarding actions on session 313530c5c8b49625b5b5e5cfed482eda to remote] DEBUG org.apache.http.impl.conn.PoolingHttpClientConnectionManager - Connection released: [id: 3][route: {}->http://localhost:38747][total kept alive: 4; route allocated: 1 of 2000; total allocated: 4 of 2000]
11:18:19.299 [Forwarding findElement on session 313530c5c8b49625b5b5e5cfed482eda to remote] DEBUG org.apache.http.client.protocol.RequestAddCookies - CookieSpec selected: default
11:18:19.299 [Forwarding findElement on session 313530c5c8b49625b5b5e5cfed482eda to remote] DEBUG org.apache.http.client.protocol.RequestAuthCache - Auth cache not set in the context
11:18:19.299 [Forwarding findElement on session 313530c5c8b49625b5b5e5cfed482eda to remote] DEBUG org.apache.http.impl.conn.PoolingHttpClientConnectionManager - Connection request: [route: {}->http://localhost:38747][total kept alive: 4; route allocated: 1 of 2000; total allocated: 4 of 2000]
11:18:19.299 [Forwarding findElement on session 313530c5c8b49625b5b5e5cfed482eda to remote] DEBUG org.apache.http.impl.conn.PoolingHttpClientConnectionManager - Connection leased: [id: 3][route: {}->http://localhost:38747][total kept alive: 3; route allocated: 1 of 2000; total allocated: 4 of 2000]
11:18:19.299 [Forwarding findElement on session 313530c5c8b49625b5b5e5cfed482eda to remote] DEBUG org.apache.http.impl.execchain.MainClientExec - Stale connection check
11:18:19.301 [Forwarding findElement on session 313530c5c8b49625b5b5e5cfed482eda to remote] DEBUG org.apache.http.wire - http-outgoing-3 << "[read] I/O error: Read timed out"
11:18:19.301 [Forwarding findElement on session 313530c5c8b49625b5b5e5cfed482eda to remote] DEBUG org.apache.http.impl.conn.DefaultManagedHttpClientConnection - http-outgoing-3: set socket timeout to 10800000
11:18:19.301 [Forwarding findElement on session 313530c5c8b49625b5b5e5cfed482eda to remote] DEBUG org.apache.http.impl.execchain.MainClientExec - Executing request POST /session/313530c5c8b49625b5b5e5cfed482eda/element HTTP/1.1
11:18:19.301 [Forwarding findElement on session 313530c5c8b49625b5b5e5cfed482eda to remote] DEBUG org.apache.http.impl.execchain.MainClientExec - Target auth state: UNCHALLENGED
11:18:19.301 [Forwarding findElement on session 313530c5c8b49625b5b5e5cfed482eda to remote] DEBUG org.apache.http.impl.execchain.MainClientExec - Proxy auth state: UNCHALLENGED
11:18:19.301 [Forwarding findElement on session 313530c5c8b49625b5b5e5cfed482eda to remote] DEBUG org.apache.http.headers - http-outgoing-3 >> POST /session/313530c5c8b49625b5b5e5cfed482eda/element HTTP/1.1
11:18:19.301 [Forwarding findElement on session 313530c5c8b49625b5b5e5cfed482eda to remote] DEBUG org.apache.http.headers - http-outgoing-3 >> Content-Type: application/json; charset=utf-8
11:18:19.301 [Forwarding findElement on session 313530c5c8b49625b5b5e5cfed482eda to remote] DEBUG org.apache.http.headers - http-outgoing-3 >> Content-Length: 58
11:18:19.301 [Forwarding findElement on session 313530c5c8b49625b5b5e5cfed482eda to remote] DEBUG org.apache.http.headers - http-outgoing-3 >> Host: localhost:38747
11:18:19.301 [Forwarding findElement on session 313530c5c8b49625b5b5e5cfed482eda to remote] DEBUG org.apache.http.headers - http-outgoing-3 >> Connection: Keep-Alive
11:18:19.301 [Forwarding findElement on session 313530c5c8b49625b5b5e5cfed482eda to remote] DEBUG org.apache.http.headers - http-outgoing-3 >> User-Agent: Apache-HttpClient/4.5.3 (Java/1.8.0_211)
11:18:19.301 [Forwarding findElement on session 313530c5c8b49625b5b5e5cfed482eda to remote] DEBUG org.apache.http.headers - http-outgoing-3 >> Accept-Encoding: gzip,deflate
11:18:19.301 [Forwarding findElement on session 313530c5c8b49625b5b5e5cfed482eda to remote] DEBUG org.apache.http.wire - http-outgoing-3 >> "POST /session/313530c5c8b49625b5b5e5cfed482eda/element HTTP/1.1[\r][\n]"
11:18:19.301 [Forwarding findElement on session 313530c5c8b49625b5b5e5cfed482eda to remote] DEBUG org.apache.http.wire - http-outgoing-3 >> "Content-Type: application/json; charset=utf-8[\r][\n]"
11:18:19.301 [Forwarding findElement on session 313530c5c8b49625b5b5e5cfed482eda to remote] DEBUG org.apache.http.wire - http-outgoing-3 >> "Content-Length: 58[\r][\n]"
11:18:19.301 [Forwarding findElement on session 313530c5c8b49625b5b5e5cfed482eda to remote] DEBUG org.apache.http.wire - http-outgoing-3 >> "Host: localhost:38747[\r][\n]"
11:18:19.301 [Forwarding findElement on session 313530c5c8b49625b5b5e5cfed482eda to remote] DEBUG org.apache.http.wire - http-outgoing-3 >> "Connection: Keep-Alive[\r][\n]"
11:18:19.301 [Forwarding findElement on session 313530c5c8b49625b5b5e5cfed482eda to remote] DEBUG org.apache.http.wire - http-outgoing-3 >> "User-Agent: Apache-HttpClient/4.5.3 (Java/1.8.0_211)[\r][\n]"
11:18:19.301 [Forwarding findElement on session 313530c5c8b49625b5b5e5cfed482eda to remote] DEBUG org.apache.http.wire - http-outgoing-3 >> "Accept-Encoding: gzip,deflate[\r][\n]"
11:18:19.301 [Forwarding findElement on session 313530c5c8b49625b5b5e5cfed482eda to remote] DEBUG org.apache.http.wire - http-outgoing-3 >> "[\r][\n]"
11:18:19.301 [Forwarding findElement on session 313530c5c8b49625b5b5e5cfed482eda to remote] DEBUG org.apache.http.wire - http-outgoing-3 >> "{"value":".px-2:nth-child(3) span","using":"css selector"}"
11:18:19.306 [Forwarding findElement on session 313530c5c8b49625b5b5e5cfed482eda to remote] DEBUG org.apache.http.wire - http-outgoing-3 << "HTTP/1.1 200 OK[\r][\n]"
11:18:19.306 [Forwarding findElement on session 313530c5c8b49625b5b5e5cfed482eda to remote] DEBUG org.apache.http.wire - http-outgoing-3 << "Content-Length:88[\r][\n]"
11:18:19.306 [Forwarding findElement on session 313530c5c8b49625b5b5e5cfed482eda to remote] DEBUG org.apache.http.wire - http-outgoing-3 << "Content-Type:application/json; charset=utf-8[\r][\n]"
11:18:19.306 [Forwarding findElement on session 313530c5c8b49625b5b5e5cfed482eda to remote] DEBUG org.apache.http.wire - http-outgoing-3 << "cache-control:no-cache[\r][\n]"
11:18:19.306 [Forwarding findElement on session 313530c5c8b49625b5b5e5cfed482eda to remote] DEBUG org.apache.http.wire - http-outgoing-3 << "[\r][\n]"
11:18:19.306 [Forwarding findElement on session 313530c5c8b49625b5b5e5cfed482eda to remote] DEBUG org.apache.http.wire - http-outgoing-3 << "{"value":{"element-6066-11e4-a52e-4f735466cecf":"88b4e8a7-f16f-4448-9d1d-8eb66eba4e2b"}}"
11:18:19.306 [Forwarding findElement on session 313530c5c8b49625b5b5e5cfed482eda to remote] DEBUG org.apache.http.headers - http-outgoing-3 << HTTP/1.1 200 OK
11:18:19.306 [Forwarding findElement on session 313530c5c8b49625b5b5e5cfed482eda to remote] DEBUG org.apache.http.headers - http-outgoing-3 << Content-Length:88
11:18:19.306 [Forwarding findElement on session 313530c5c8b49625b5b5e5cfed482eda to remote] DEBUG org.apache.http.headers - http-outgoing-3 << Content-Type:application/json; charset=utf-8
11:18:19.306 [Forwarding findElement on session 313530c5c8b49625b5b5e5cfed482eda to remote] DEBUG org.apache.http.headers - http-outgoing-3 << cache-control:no-cache
11:18:19.306 [Forwarding findElement on session 313530c5c8b49625b5b5e5cfed482eda to remote] DEBUG org.apache.http.impl.execchain.MainClientExec - Connection can be kept alive indefinitely
11:18:19.306 [Forwarding findElement on session 313530c5c8b49625b5b5e5cfed482eda to remote] DEBUG org.apache.http.impl.conn.PoolingHttpClientConnectionManager - Connection [id: 3][route: {}->http://localhost:38747] can be kept alive indefinitely
11:18:19.306 [Forwarding findElement on session 313530c5c8b49625b5b5e5cfed482eda to remote] DEBUG org.apache.http.impl.conn.PoolingHttpClientConnectionManager - Connection released: [id: 3][route: {}->http://localhost:38747][total kept alive: 4; route allocated: 1 of 2000; total allocated: 4 of 2000]
11:18:19.307 [Forwarding clickElement on session 313530c5c8b49625b5b5e5cfed482eda to remote] DEBUG org.apache.http.client.protocol.RequestAddCookies - CookieSpec selected: default
11:18:19.307 [Forwarding clickElement on session 313530c5c8b49625b5b5e5cfed482eda to remote] DEBUG org.apache.http.client.protocol.RequestAuthCache - Auth cache not set in the context
11:18:19.307 [Forwarding clickElement on session 313530c5c8b49625b5b5e5cfed482eda to remote] DEBUG org.apache.http.impl.conn.PoolingHttpClientConnectionManager - Connection request: [route: {}->http://localhost:38747][total kept alive: 4; route allocated: 1 of 2000; total allocated: 4 of 2000]
11:18:19.307 [Forwarding clickElement on session 313530c5c8b49625b5b5e5cfed482eda to remote] DEBUG org.apache.http.impl.conn.PoolingHttpClientConnectionManager - Connection leased: [id: 3][route: {}->http://localhost:38747][total kept alive: 3; route allocated: 1 of 2000; total allocated: 4 of 2000]
11:18:19.307 [Forwarding clickElement on session 313530c5c8b49625b5b5e5cfed482eda to remote] DEBUG org.apache.http.impl.execchain.MainClientExec - Stale connection check
11:18:19.309 [Forwarding clickElement on session 313530c5c8b49625b5b5e5cfed482eda to remote] DEBUG org.apache.http.wire - http-outgoing-3 << "[read] I/O error: Read timed out"
11:18:19.309 [Forwarding clickElement on session 313530c5c8b49625b5b5e5cfed482eda to remote] DEBUG org.apache.http.impl.conn.DefaultManagedHttpClientConnection - http-outgoing-3: set socket timeout to 10800000
11:18:19.309 [Forwarding clickElement on session 313530c5c8b49625b5b5e5cfed482eda to remote] DEBUG org.apache.http.impl.execchain.MainClientExec - Executing request POST /session/313530c5c8b49625b5b5e5cfed482eda/element/88b4e8a7-f16f-4448-9d1d-8eb66eba4e2b/click HTTP/1.1
11:18:19.309 [Forwarding clickElement on session 313530c5c8b49625b5b5e5cfed482eda to remote] DEBUG org.apache.http.impl.execchain.MainClientExec - Target auth state: UNCHALLENGED
11:18:19.309 [Forwarding clickElement on session 313530c5c8b49625b5b5e5cfed482eda to remote] DEBUG org.apache.http.impl.execchain.MainClientExec - Proxy auth state: UNCHALLENGED
11:18:19.309 [Forwarding clickElement on session 313530c5c8b49625b5b5e5cfed482eda to remote] DEBUG org.apache.http.headers - http-outgoing-3 >> POST /session/313530c5c8b49625b5b5e5cfed482eda/element/88b4e8a7-f16f-4448-9d1d-8eb66eba4e2b/click HTTP/1.1
11:18:19.309 [Forwarding clickElement on session 313530c5c8b49625b5b5e5cfed482eda to remote] DEBUG org.apache.http.headers - http-outgoing-3 >> Content-Type: application/json; charset=utf-8
11:18:19.309 [Forwarding clickElement on session 313530c5c8b49625b5b5e5cfed482eda to remote] DEBUG org.apache.http.headers - http-outgoing-3 >> Content-Length: 45
11:18:19.309 [Forwarding clickElement on session 313530c5c8b49625b5b5e5cfed482eda to remote] DEBUG org.apache.http.headers - http-outgoing-3 >> Host: localhost:38747
11:18:19.309 [Forwarding clickElement on session 313530c5c8b49625b5b5e5cfed482eda to remote] DEBUG org.apache.http.headers - http-outgoing-3 >> Connection: Keep-Alive
11:18:19.309 [Forwarding clickElement on session 313530c5c8b49625b5b5e5cfed482eda to remote] DEBUG org.apache.http.headers - http-outgoing-3 >> User-Agent: Apache-HttpClient/4.5.3 (Java/1.8.0_211)
11:18:19.309 [Forwarding clickElement on session 313530c5c8b49625b5b5e5cfed482eda to remote] DEBUG org.apache.http.headers - http-outgoing-3 >> Accept-Encoding: gzip,deflate
11:18:19.309 [Forwarding clickElement on session 313530c5c8b49625b5b5e5cfed482eda to remote] DEBUG org.apache.http.wire - http-outgoing-3 >> "POST /session/313530c5c8b49625b5b5e5cfed482eda/element/88b4e8a7-f16f-4448-9d1d-8eb66eba4e2b/click HTTP/1.1[\r][\n]"
11:18:19.309 [Forwarding clickElement on session 313530c5c8b49625b5b5e5cfed482eda to remote] DEBUG org.apache.http.wire - http-outgoing-3 >> "Content-Type: application/json; charset=utf-8[\r][\n]"
11:18:19.309 [Forwarding clickElement on session 313530c5c8b49625b5b5e5cfed482eda to remote] DEBUG org.apache.http.wire - http-outgoing-3 >> "Content-Length: 45[\r][\n]"
11:18:19.309 [Forwarding clickElement on session 313530c5c8b49625b5b5e5cfed482eda to remote] DEBUG org.apache.http.wire - http-outgoing-3 >> "Host: localhost:38747[\r][\n]"
11:18:19.309 [Forwarding clickElement on session 313530c5c8b49625b5b5e5cfed482eda to remote] DEBUG org.apache.http.wire - http-outgoing-3 >> "Connection: Keep-Alive[\r][\n]"
11:18:19.309 [Forwarding clickElement on session 313530c5c8b49625b5b5e5cfed482eda to remote] DEBUG org.apache.http.wire - http-outgoing-3 >> "User-Agent: Apache-HttpClient/4.5.3 (Java/1.8.0_211)[\r][\n]"
11:18:19.309 [Forwarding clickElement on session 313530c5c8b49625b5b5e5cfed482eda to remote] DEBUG org.apache.http.wire - http-outgoing-3 >> "Accept-Encoding: gzip,deflate[\r][\n]"
11:18:19.309 [Forwarding clickElement on session 313530c5c8b49625b5b5e5cfed482eda to remote] DEBUG org.apache.http.wire - http-outgoing-3 >> "[\r][\n]"
11:18:19.309 [Forwarding clickElement on session 313530c5c8b49625b5b5e5cfed482eda to remote] DEBUG org.apache.http.wire - http-outgoing-3 >> "{"id":"88b4e8a7-f16f-4448-9d1d-8eb66eba4e2b"}"
11:18:19.385 [Forwarding clickElement on session 313530c5c8b49625b5b5e5cfed482eda to remote] DEBUG org.apache.http.wire - http-outgoing-3 << "HTTP/1.1 200 OK[\r][\n]"
11:18:19.385 [Forwarding clickElement on session 313530c5c8b49625b5b5e5cfed482eda to remote] DEBUG org.apache.http.wire - http-outgoing-3 << "Content-Length:14[\r][\n]"
11:18:19.385 [Forwarding clickElement on session 313530c5c8b49625b5b5e5cfed482eda to remote] DEBUG org.apache.http.wire - http-outgoing-3 << "Content-Type:application/json; charset=utf-8[\r][\n]"
11:18:19.385 [Forwarding clickElement on session 313530c5c8b49625b5b5e5cfed482eda to remote] DEBUG org.apache.http.wire - http-outgoing-3 << "cache-control:no-cache[\r][\n]"
11:18:19.385 [Forwarding clickElement on session 313530c5c8b49625b5b5e5cfed482eda to remote] DEBUG org.apache.http.wire - http-outgoing-3 << "[\r][\n]"
11:18:19.385 [Forwarding clickElement on session 313530c5c8b49625b5b5e5cfed482eda to remote] DEBUG org.apache.http.wire - http-outgoing-3 << "{"value":null}"
11:18:19.386 [Forwarding clickElement on session 313530c5c8b49625b5b5e5cfed482eda to remote] DEBUG org.apache.http.headers - http-outgoing-3 << HTTP/1.1 200 OK
11:18:19.386 [Forwarding clickElement on session 313530c5c8b49625b5b5e5cfed482eda to remote] DEBUG org.apache.http.headers - http-outgoing-3 << Content-Length:14
11:18:19.386 [Forwarding clickElement on session 313530c5c8b49625b5b5e5cfed482eda to remote] DEBUG org.apache.http.headers - http-outgoing-3 << Content-Type:application/json; charset=utf-8
11:18:19.386 [Forwarding clickElement on session 313530c5c8b49625b5b5e5cfed482eda to remote] DEBUG org.apache.http.headers - http-outgoing-3 << cache-control:no-cache
11:18:19.386 [Forwarding clickElement on session 313530c5c8b49625b5b5e5cfed482eda to remote] DEBUG org.apache.http.impl.execchain.MainClientExec - Connection can be kept alive indefinitely
11:18:19.386 [Forwarding clickElement on session 313530c5c8b49625b5b5e5cfed482eda to remote] DEBUG org.apache.http.impl.conn.PoolingHttpClientConnectionManager - Connection [id: 3][route: {}->http://localhost:38747] can be kept alive indefinitely
11:18:19.386 [Forwarding clickElement on session 313530c5c8b49625b5b5e5cfed482eda to remote] DEBUG org.apache.http.impl.conn.PoolingHttpClientConnectionManager - Connection released: [id: 3][route: {}->http://localhost:38747][total kept alive: 4; route allocated: 1 of 2000; total allocated: 4 of 2000]
11:18:19.387 [Forwarding findElement on session 313530c5c8b49625b5b5e5cfed482eda to remote] DEBUG org.apache.http.client.protocol.RequestAddCookies - CookieSpec selected: default
11:18:19.387 [Forwarding findElement on session 313530c5c8b49625b5b5e5cfed482eda to remote] DEBUG org.apache.http.client.protocol.RequestAuthCache - Auth cache not set in the context
11:18:19.387 [Forwarding findElement on session 313530c5c8b49625b5b5e5cfed482eda to remote] DEBUG org.apache.http.impl.conn.PoolingHttpClientConnectionManager - Connection request: [route: {}->http://localhost:38747][total kept alive: 4; route allocated: 1 of 2000; total allocated: 4 of 2000]
11:18:19.387 [Forwarding findElement on session 313530c5c8b49625b5b5e5cfed482eda to remote] DEBUG org.apache.http.impl.conn.PoolingHttpClientConnectionManager - Connection leased: [id: 3][route: {}->http://localhost:38747][total kept alive: 3; route allocated: 1 of 2000; total allocated: 4 of 2000]
11:18:19.388 [Forwarding findElement on session 313530c5c8b49625b5b5e5cfed482eda to remote] DEBUG org.apache.http.impl.execchain.MainClientExec - Stale connection check
11:18:19.389 [Forwarding findElement on session 313530c5c8b49625b5b5e5cfed482eda to remote] DEBUG org.apache.http.wire - http-outgoing-3 << "[read] I/O error: Read timed out"
11:18:19.389 [Forwarding findElement on session 313530c5c8b49625b5b5e5cfed482eda to remote] DEBUG org.apache.http.impl.conn.DefaultManagedHttpClientConnection - http-outgoing-3: set socket timeout to 10800000
11:18:19.389 [Forwarding findElement on session 313530c5c8b49625b5b5e5cfed482eda to remote] DEBUG org.apache.http.impl.execchain.MainClientExec - Executing request POST /session/313530c5c8b49625b5b5e5cfed482eda/element HTTP/1.1
11:18:19.389 [Forwarding findElement on session 313530c5c8b49625b5b5e5cfed482eda to remote] DEBUG org.apache.http.impl.execchain.MainClientExec - Target auth state: UNCHALLENGED
11:18:19.389 [Forwarding findElement on session 313530c5c8b49625b5b5e5cfed482eda to remote] DEBUG org.apache.http.impl.execchain.MainClientExec - Proxy auth state: UNCHALLENGED
11:18:19.389 [Forwarding findElement on session 313530c5c8b49625b5b5e5cfed482eda to remote] DEBUG org.apache.http.headers - http-outgoing-3 >> POST /session/313530c5c8b49625b5b5e5cfed482eda/element HTTP/1.1
11:18:19.389 [Forwarding findElement on session 313530c5c8b49625b5b5e5cfed482eda to remote] DEBUG org.apache.http.headers - http-outgoing-3 >> Content-Type: application/json; charset=utf-8
11:18:19.389 [Forwarding findElement on session 313530c5c8b49625b5b5e5cfed482eda to remote] DEBUG org.apache.http.headers - http-outgoing-3 >> Content-Length: 61
11:18:19.389 [Forwarding findElement on session 313530c5c8b49625b5b5e5cfed482eda to remote] DEBUG org.apache.http.headers - http-outgoing-3 >> Host: localhost:38747
11:18:19.389 [Forwarding findElement on session 313530c5c8b49625b5b5e5cfed482eda to remote] DEBUG org.apache.http.headers - http-outgoing-3 >> Connection: Keep-Alive
11:18:19.389 [Forwarding findElement on session 313530c5c8b49625b5b5e5cfed482eda to remote] DEBUG org.apache.http.headers - http-outgoing-3 >> User-Agent: Apache-HttpClient/4.5.3 (Java/1.8.0_211)
11:18:19.389 [Forwarding findElement on session 313530c5c8b49625b5b5e5cfed482eda to remote] DEBUG org.apache.http.headers - http-outgoing-3 >> Accept-Encoding: gzip,deflate
11:18:19.389 [Forwarding findElement on session 313530c5c8b49625b5b5e5cfed482eda to remote] DEBUG org.apache.http.wire - http-outgoing-3 >> "POST /session/313530c5c8b49625b5b5e5cfed482eda/element HTTP/1.1[\r][\n]"
11:18:19.389 [Forwarding findElement on session 313530c5c8b49625b5b5e5cfed482eda to remote] DEBUG org.apache.http.wire - http-outgoing-3 >> "Content-Type: application/json; charset=utf-8[\r][\n]"
11:18:19.389 [Forwarding findElement on session 313530c5c8b49625b5b5e5cfed482eda to remote] DEBUG org.apache.http.wire - http-outgoing-3 >> "Content-Length: 61[\r][\n]"
11:18:19.389 [Forwarding findElement on session 313530c5c8b49625b5b5e5cfed482eda to remote] DEBUG org.apache.http.wire - http-outgoing-3 >> "Host: localhost:38747[\r][\n]"
11:18:19.389 [Forwarding findElement on session 313530c5c8b49625b5b5e5cfed482eda to remote] DEBUG org.apache.http.wire - http-outgoing-3 >> "Connection: Keep-Alive[\r][\n]"
11:18:19.389 [Forwarding findElement on session 313530c5c8b49625b5b5e5cfed482eda to remote] DEBUG org.apache.http.wire - http-outgoing-3 >> "User-Agent: Apache-HttpClient/4.5.3 (Java/1.8.0_211)[\r][\n]"
11:18:19.389 [Forwarding findElement on session 313530c5c8b49625b5b5e5cfed482eda to remote] DEBUG org.apache.http.wire - http-outgoing-3 >> "Accept-Encoding: gzip,deflate[\r][\n]"
11:18:19.389 [Forwarding findElement on session 313530c5c8b49625b5b5e5cfed482eda to remote] DEBUG org.apache.http.wire - http-outgoing-3 >> "[\r][\n]"
11:18:19.389 [Forwarding findElement on session 313530c5c8b49625b5b5e5cfed482eda to remote] DEBUG org.apache.http.wire - http-outgoing-3 >> "{"value":".form-control:nth-child(2)","using":"css selector"}"
11:18:19.394 [Forwarding findElement on session 313530c5c8b49625b5b5e5cfed482eda to remote] DEBUG org.apache.http.wire - http-outgoing-3 << "HTTP/1.1 200 OK[\r][\n]"
11:18:19.394 [Forwarding findElement on session 313530c5c8b49625b5b5e5cfed482eda to remote] DEBUG org.apache.http.wire - http-outgoing-3 << "Content-Length:88[\r][\n]"
11:18:19.394 [Forwarding findElement on session 313530c5c8b49625b5b5e5cfed482eda to remote] DEBUG org.apache.http.wire - http-outgoing-3 << "Content-Type:application/json; charset=utf-8[\r][\n]"
11:18:19.394 [Forwarding findElement on session 313530c5c8b49625b5b5e5cfed482eda to remote] DEBUG org.apache.http.wire - http-outgoing-3 << "cache-control:no-cache[\r][\n]"
11:18:19.394 [Forwarding findElement on session 313530c5c8b49625b5b5e5cfed482eda to remote] DEBUG org.apache.http.wire - http-outgoing-3 << "[\r][\n]"
11:18:19.394 [Forwarding findElement on session 313530c5c8b49625b5b5e5cfed482eda to remote] DEBUG org.apache.http.wire - http-outgoing-3 << "{"value":{"element-6066-11e4-a52e-4f735466cecf":"a375247e-0c93-42eb-a056-3f311482b2ab"}}"
11:18:19.394 [Forwarding findElement on session 313530c5c8b49625b5b5e5cfed482eda to remote] DEBUG org.apache.http.headers - http-outgoing-3 << HTTP/1.1 200 OK
11:18:19.394 [Forwarding findElement on session 313530c5c8b49625b5b5e5cfed482eda to remote] DEBUG org.apache.http.headers - http-outgoing-3 << Content-Length:88
11:18:19.394 [Forwarding findElement on session 313530c5c8b49625b5b5e5cfed482eda to remote] DEBUG org.apache.http.headers - http-outgoing-3 << Content-Type:application/json; charset=utf-8
11:18:19.394 [Forwarding findElement on session 313530c5c8b49625b5b5e5cfed482eda to remote] DEBUG org.apache.http.headers - http-outgoing-3 << cache-control:no-cache
11:18:19.395 [Forwarding findElement on session 313530c5c8b49625b5b5e5cfed482eda to remote] DEBUG org.apache.http.impl.execchain.MainClientExec - Connection can be kept alive indefinitely
11:18:19.395 [Forwarding findElement on session 313530c5c8b49625b5b5e5cfed482eda to remote] DEBUG org.apache.http.impl.conn.PoolingHttpClientConnectionManager - Connection [id: 3][route: {}->http://localhost:38747] can be kept alive indefinitely
11:18:19.395 [Forwarding findElement on session 313530c5c8b49625b5b5e5cfed482eda to remote] DEBUG org.apache.http.impl.conn.PoolingHttpClientConnectionManager - Connection released: [id: 3][route: {}->http://localhost:38747][total kept alive: 4; route allocated: 1 of 2000; total allocated: 4 of 2000]
11:18:19.420 [Forwarding clickElement on session 313530c5c8b49625b5b5e5cfed482eda to remote] DEBUG org.apache.http.client.protocol.RequestAddCookies - CookieSpec selected: default
11:18:19.420 [Forwarding clickElement on session 313530c5c8b49625b5b5e5cfed482eda to remote] DEBUG org.apache.http.client.protocol.RequestAuthCache - Auth cache not set in the context
11:18:19.420 [Forwarding clickElement on session 313530c5c8b49625b5b5e5cfed482eda to remote] DEBUG org.apache.http.impl.conn.PoolingHttpClientConnectionManager - Connection request: [route: {}->http://localhost:38747][total kept alive: 4; route allocated: 1 of 2000; total allocated: 4 of 2000]
11:18:19.420 [Forwarding clickElement on session 313530c5c8b49625b5b5e5cfed482eda to remote] DEBUG org.apache.http.impl.conn.PoolingHttpClientConnectionManager - Connection leased: [id: 3][route: {}->http://localhost:38747][total kept alive: 3; route allocated: 1 of 2000; total allocated: 4 of 2000]
11:18:19.420 [Forwarding clickElement on session 313530c5c8b49625b5b5e5cfed482eda to remote] DEBUG org.apache.http.impl.execchain.MainClientExec - Stale connection check
11:18:19.421 [Forwarding clickElement on session 313530c5c8b49625b5b5e5cfed482eda to remote] DEBUG org.apache.http.wire - http-outgoing-3 << "[read] I/O error: Read timed out"
11:18:19.421 [Forwarding clickElement on session 313530c5c8b49625b5b5e5cfed482eda to remote] DEBUG org.apache.http.impl.conn.DefaultManagedHttpClientConnection - http-outgoing-3: set socket timeout to 10800000
11:18:19.421 [Forwarding clickElement on session 313530c5c8b49625b5b5e5cfed482eda to remote] DEBUG org.apache.http.impl.execchain.MainClientExec - Executing request POST /session/313530c5c8b49625b5b5e5cfed482eda/element/a375247e-0c93-42eb-a056-3f311482b2ab/click HTTP/1.1
11:18:19.421 [Forwarding clickElement on session 313530c5c8b49625b5b5e5cfed482eda to remote] DEBUG org.apache.http.impl.execchain.MainClientExec - Target auth state: UNCHALLENGED
11:18:19.421 [Forwarding clickElement on session 313530c5c8b49625b5b5e5cfed482eda to remote] DEBUG org.apache.http.impl.execchain.MainClientExec - Proxy auth state: UNCHALLENGED
11:18:19.421 [Forwarding clickElement on session 313530c5c8b49625b5b5e5cfed482eda to remote] DEBUG org.apache.http.headers - http-outgoing-3 >> POST /session/313530c5c8b49625b5b5e5cfed482eda/element/a375247e-0c93-42eb-a056-3f311482b2ab/click HTTP/1.1
11:18:19.421 [Forwarding clickElement on session 313530c5c8b49625b5b5e5cfed482eda to remote] DEBUG org.apache.http.headers - http-outgoing-3 >> Content-Type: application/json; charset=utf-8
11:18:19.421 [Forwarding clickElement on session 313530c5c8b49625b5b5e5cfed482eda to remote] DEBUG org.apache.http.headers - http-outgoing-3 >> Content-Length: 45
11:18:19.421 [Forwarding clickElement on session 313530c5c8b49625b5b5e5cfed482eda to remote] DEBUG org.apache.http.headers - http-outgoing-3 >> Host: localhost:38747
11:18:19.421 [Forwarding clickElement on session 313530c5c8b49625b5b5e5cfed482eda to remote] DEBUG org.apache.http.headers - http-outgoing-3 >> Connection: Keep-Alive
11:18:19.421 [Forwarding clickElement on session 313530c5c8b49625b5b5e5cfed482eda to remote] DEBUG org.apache.http.headers - http-outgoing-3 >> User-Agent: Apache-HttpClient/4.5.3 (Java/1.8.0_211)
11:18:19.421 [Forwarding clickElement on session 313530c5c8b49625b5b5e5cfed482eda to remote] DEBUG org.apache.http.headers - http-outgoing-3 >> Accept-Encoding: gzip,deflate
11:18:19.421 [Forwarding clickElement on session 313530c5c8b49625b5b5e5cfed482eda to remote] DEBUG org.apache.http.wire - http-outgoing-3 >> "POST /session/313530c5c8b49625b5b5e5cfed482eda/element/a375247e-0c93-42eb-a056-3f311482b2ab/click HTTP/1.1[\r][\n]"
11:18:19.421 [Forwarding clickElement on session 313530c5c8b49625b5b5e5cfed482eda to remote] DEBUG org.apache.http.wire - http-outgoing-3 >> "Content-Type: application/json; charset=utf-8[\r][\n]"
11:18:19.421 [Forwarding clickElement on session 313530c5c8b49625b5b5e5cfed482eda to remote] DEBUG org.apache.http.wire - http-outgoing-3 >> "Content-Length: 45[\r][\n]"
11:18:19.421 [Forwarding clickElement on session 313530c5c8b49625b5b5e5cfed482eda to remote] DEBUG org.apache.http.wire - http-outgoing-3 >> "Host: localhost:38747[\r][\n]"
11:18:19.421 [Forwarding clickElement on session 313530c5c8b49625b5b5e5cfed482eda to remote] DEBUG org.apache.http.wire - http-outgoing-3 >> "Connection: Keep-Alive[\r][\n]"
11:18:19.421 [Forwarding clickElement on session 313530c5c8b49625b5b5e5cfed482eda to remote] DEBUG org.apache.http.wire - http-outgoing-3 >> "User-Agent: Apache-HttpClient/4.5.3 (Java/1.8.0_211)[\r][\n]"
11:18:19.421 [Forwarding clickElement on session 313530c5c8b49625b5b5e5cfed482eda to remote] DEBUG org.apache.http.wire - http-outgoing-3 >> "Accept-Encoding: gzip,deflate[\r][\n]"
11:18:19.421 [Forwarding clickElement on session 313530c5c8b49625b5b5e5cfed482eda to remote] DEBUG org.apache.http.wire - http-outgoing-3 >> "[\r][\n]"
11:18:19.421 [Forwarding clickElement on session 313530c5c8b49625b5b5e5cfed482eda to remote] DEBUG org.apache.http.wire - http-outgoing-3 >> "{"id":"a375247e-0c93-42eb-a056-3f311482b2ab"}"
11:18:19.469 [Forwarding clickElement on session 313530c5c8b49625b5b5e5cfed482eda to remote] DEBUG org.apache.http.wire - http-outgoing-3 << "HTTP/1.1 200 OK[\r][\n]"
11:18:19.469 [Forwarding clickElement on session 313530c5c8b49625b5b5e5cfed482eda to remote] DEBUG org.apache.http.wire - http-outgoing-3 << "Content-Length:14[\r][\n]"
11:18:19.469 [Forwarding clickElement on session 313530c5c8b49625b5b5e5cfed482eda to remote] DEBUG org.apache.http.wire - http-outgoing-3 << "Content-Type:application/json; charset=utf-8[\r][\n]"
11:18:19.469 [Forwarding clickElement on session 313530c5c8b49625b5b5e5cfed482eda to remote] DEBUG org.apache.http.wire - http-outgoing-3 << "cache-control:no-cache[\r][\n]"
11:18:19.469 [Forwarding clickElement on session 313530c5c8b49625b5b5e5cfed482eda to remote] DEBUG org.apache.http.wire - http-outgoing-3 << "[\r][\n]"
11:18:19.469 [Forwarding clickElement on session 313530c5c8b49625b5b5e5cfed482eda to remote] DEBUG org.apache.http.wire - http-outgoing-3 << "{"value":null}"
11:18:19.469 [Forwarding clickElement on session 313530c5c8b49625b5b5e5cfed482eda to remote] DEBUG org.apache.http.headers - http-outgoing-3 << HTTP/1.1 200 OK
11:18:19.469 [Forwarding clickElement on session 313530c5c8b49625b5b5e5cfed482eda to remote] DEBUG org.apache.http.headers - http-outgoing-3 << Content-Length:14
11:18:19.469 [Forwarding clickElement on session 313530c5c8b49625b5b5e5cfed482eda to remote] DEBUG org.apache.http.headers - http-outgoing-3 << Content-Type:application/json; charset=utf-8
11:18:19.469 [Forwarding clickElement on session 313530c5c8b49625b5b5e5cfed482eda to remote] DEBUG org.apache.http.headers - http-outgoing-3 << cache-control:no-cache
11:18:19.469 [Forwarding clickElement on session 313530c5c8b49625b5b5e5cfed482eda to remote] DEBUG org.apache.http.impl.execchain.MainClientExec - Connection can be kept alive indefinitely
11:18:19.469 [Forwarding clickElement on session 313530c5c8b49625b5b5e5cfed482eda to remote] DEBUG org.apache.http.impl.conn.PoolingHttpClientConnectionManager - Connection [id: 3][route: {}->http://localhost:38747] can be kept alive indefinitely
11:18:19.469 [Forwarding clickElement on session 313530c5c8b49625b5b5e5cfed482eda to remote] DEBUG org.apache.http.impl.conn.PoolingHttpClientConnectionManager - Connection released: [id: 3][route: {}->http://localhost:38747][total kept alive: 4; route allocated: 1 of 2000; total allocated: 4 of 2000]
11:18:19.470 [Forwarding findElement on session 313530c5c8b49625b5b5e5cfed482eda to remote] DEBUG org.apache.http.client.protocol.RequestAddCookies - CookieSpec selected: default
11:18:19.470 [Forwarding findElement on session 313530c5c8b49625b5b5e5cfed482eda to remote] DEBUG org.apache.http.client.protocol.RequestAuthCache - Auth cache not set in the context
11:18:19.470 [Forwarding findElement on session 313530c5c8b49625b5b5e5cfed482eda to remote] DEBUG org.apache.http.impl.conn.PoolingHttpClientConnectionManager - Connection request: [route: {}->http://localhost:38747][total kept alive: 4; route allocated: 1 of 2000; total allocated: 4 of 2000]
11:18:19.470 [Forwarding findElement on session 313530c5c8b49625b5b5e5cfed482eda to remote] DEBUG org.apache.http.impl.conn.PoolingHttpClientConnectionManager - Connection leased: [id: 3][route: {}->http://localhost:38747][total kept alive: 3; route allocated: 1 of 2000; total allocated: 4 of 2000]
11:18:19.470 [Forwarding findElement on session 313530c5c8b49625b5b5e5cfed482eda to remote] DEBUG org.apache.http.impl.execchain.MainClientExec - Stale connection check
11:18:19.471 [Forwarding findElement on session 313530c5c8b49625b5b5e5cfed482eda to remote] DEBUG org.apache.http.wire - http-outgoing-3 << "[read] I/O error: Read timed out"
11:18:19.471 [Forwarding findElement on session 313530c5c8b49625b5b5e5cfed482eda to remote] DEBUG org.apache.http.impl.conn.DefaultManagedHttpClientConnection - http-outgoing-3: set socket timeout to 10800000
11:18:19.471 [Forwarding findElement on session 313530c5c8b49625b5b5e5cfed482eda to remote] DEBUG org.apache.http.impl.execchain.MainClientExec - Executing request POST /session/313530c5c8b49625b5b5e5cfed482eda/element HTTP/1.1
11:18:19.471 [Forwarding findElement on session 313530c5c8b49625b5b5e5cfed482eda to remote] DEBUG org.apache.http.impl.execchain.MainClientExec - Target auth state: UNCHALLENGED
11:18:19.471 [Forwarding findElement on session 313530c5c8b49625b5b5e5cfed482eda to remote] DEBUG org.apache.http.impl.execchain.MainClientExec - Proxy auth state: UNCHALLENGED
11:18:19.471 [Forwarding findElement on session 313530c5c8b49625b5b5e5cfed482eda to remote] DEBUG org.apache.http.headers - http-outgoing-3 >> POST /session/313530c5c8b49625b5b5e5cfed482eda/element HTTP/1.1
11:18:19.471 [Forwarding findElement on session 313530c5c8b49625b5b5e5cfed482eda to remote] DEBUG org.apache.http.headers - http-outgoing-3 >> Content-Type: application/json; charset=utf-8
11:18:19.471 [Forwarding findElement on session 313530c5c8b49625b5b5e5cfed482eda to remote] DEBUG org.apache.http.headers - http-outgoing-3 >> Content-Length: 61
11:18:19.471 [Forwarding findElement on session 313530c5c8b49625b5b5e5cfed482eda to remote] DEBUG org.apache.http.headers - http-outgoing-3 >> Host: localhost:38747
11:18:19.471 [Forwarding findElement on session 313530c5c8b49625b5b5e5cfed482eda to remote] DEBUG org.apache.http.headers - http-outgoing-3 >> Connection: Keep-Alive
11:18:19.471 [Forwarding findElement on session 313530c5c8b49625b5b5e5cfed482eda to remote] DEBUG org.apache.http.headers - http-outgoing-3 >> User-Agent: Apache-HttpClient/4.5.3 (Java/1.8.0_211)
11:18:19.471 [Forwarding findElement on session 313530c5c8b49625b5b5e5cfed482eda to remote] DEBUG org.apache.http.headers - http-outgoing-3 >> Accept-Encoding: gzip,deflate
11:18:19.471 [Forwarding findElement on session 313530c5c8b49625b5b5e5cfed482eda to remote] DEBUG org.apache.http.wire - http-outgoing-3 >> "POST /session/313530c5c8b49625b5b5e5cfed482eda/element HTTP/1.1[\r][\n]"
11:18:19.471 [Forwarding findElement on session 313530c5c8b49625b5b5e5cfed482eda to remote] DEBUG org.apache.http.wire - http-outgoing-3 >> "Content-Type: application/json; charset=utf-8[\r][\n]"
11:18:19.471 [Forwarding findElement on session 313530c5c8b49625b5b5e5cfed482eda to remote] DEBUG org.apache.http.wire - http-outgoing-3 >> "Content-Length: 61[\r][\n]"
11:18:19.471 [Forwarding findElement on session 313530c5c8b49625b5b5e5cfed482eda to remote] DEBUG org.apache.http.wire - http-outgoing-3 >> "Host: localhost:38747[\r][\n]"
11:18:19.471 [Forwarding findElement on session 313530c5c8b49625b5b5e5cfed482eda to remote] DEBUG org.apache.http.wire - http-outgoing-3 >> "Connection: Keep-Alive[\r][\n]"
11:18:19.471 [Forwarding findElement on session 313530c5c8b49625b5b5e5cfed482eda to remote] DEBUG org.apache.http.wire - http-outgoing-3 >> "User-Agent: Apache-HttpClient/4.5.3 (Java/1.8.0_211)[\r][\n]"
11:18:19.471 [Forwarding findElement on session 313530c5c8b49625b5b5e5cfed482eda to remote] DEBUG org.apache.http.wire - http-outgoing-3 >> "Accept-Encoding: gzip,deflate[\r][\n]"
11:18:19.471 [Forwarding findElement on session 313530c5c8b49625b5b5e5cfed482eda to remote] DEBUG org.apache.http.wire - http-outgoing-3 >> "[\r][\n]"
11:18:19.471 [Forwarding findElement on session 313530c5c8b49625b5b5e5cfed482eda to remote] DEBUG org.apache.http.wire - http-outgoing-3 >> "{"value":".form-control:nth-child(2)","using":"css selector"}"
11:18:19.474 [Forwarding findElement on session 313530c5c8b49625b5b5e5cfed482eda to remote] DEBUG org.apache.http.wire - http-outgoing-3 << "HTTP/1.1 200 OK[\r][\n]"
11:18:19.474 [Forwarding findElement on session 313530c5c8b49625b5b5e5cfed482eda to remote] DEBUG org.apache.http.wire - http-outgoing-3 << "Content-Length:88[\r][\n]"
11:18:19.474 [Forwarding findElement on session 313530c5c8b49625b5b5e5cfed482eda to remote] DEBUG org.apache.http.wire - http-outgoing-3 << "Content-Type:application/json; charset=utf-8[\r][\n]"
11:18:19.474 [Forwarding findElement on session 313530c5c8b49625b5b5e5cfed482eda to remote] DEBUG org.apache.http.wire - http-outgoing-3 << "cache-control:no-cache[\r][\n]"
11:18:19.474 [Forwarding findElement on session 313530c5c8b49625b5b5e5cfed482eda to remote] DEBUG org.apache.http.wire - http-outgoing-3 << "[\r][\n]"
11:18:19.474 [Forwarding findElement on session 313530c5c8b49625b5b5e5cfed482eda to remote] DEBUG org.apache.http.wire - http-outgoing-3 << "{"value":{"element-6066-11e4-a52e-4f735466cecf":"a375247e-0c93-42eb-a056-3f311482b2ab"}}"
11:18:19.475 [Forwarding findElement on session 313530c5c8b49625b5b5e5cfed482eda to remote] DEBUG org.apache.http.headers - http-outgoing-3 << HTTP/1.1 200 OK
11:18:19.475 [Forwarding findElement on session 313530c5c8b49625b5b5e5cfed482eda to remote] DEBUG org.apache.http.headers - http-outgoing-3 << Content-Length:88
11:18:19.475 [Forwarding findElement on session 313530c5c8b49625b5b5e5cfed482eda to remote] DEBUG org.apache.http.headers - http-outgoing-3 << Content-Type:application/json; charset=utf-8
11:18:19.475 [Forwarding findElement on session 313530c5c8b49625b5b5e5cfed482eda to remote] DEBUG org.apache.http.headers - http-outgoing-3 << cache-control:no-cache
11:18:19.475 [Forwarding findElement on session 313530c5c8b49625b5b5e5cfed482eda to remote] DEBUG org.apache.http.impl.execchain.MainClientExec - Connection can be kept alive indefinitely
11:18:19.475 [Forwarding findElement on session 313530c5c8b49625b5b5e5cfed482eda to remote] DEBUG org.apache.http.impl.conn.PoolingHttpClientConnectionManager - Connection [id: 3][route: {}->http://localhost:38747] can be kept alive indefinitely
11:18:19.475 [Forwarding findElement on session 313530c5c8b49625b5b5e5cfed482eda to remote] DEBUG org.apache.http.impl.conn.PoolingHttpClientConnectionManager - Connection released: [id: 3][route: {}->http://localhost:38747][total kept alive: 4; route allocated: 1 of 2000; total allocated: 4 of 2000]
11:18:19.475 [Forwarding sendKeysToElement on session 313530c5c8b49625b5b5e5cfed482eda to remote] DEBUG org.apache.http.client.protocol.RequestAddCookies - CookieSpec selected: default
11:18:19.475 [Forwarding sendKeysToElement on session 313530c5c8b49625b5b5e5cfed482eda to remote] DEBUG org.apache.http.client.protocol.RequestAuthCache - Auth cache not set in the context
11:18:19.475 [Forwarding sendKeysToElement on session 313530c5c8b49625b5b5e5cfed482eda to remote] DEBUG org.apache.http.impl.conn.PoolingHttpClientConnectionManager - Connection request: [route: {}->http://localhost:38747][total kept alive: 4; route allocated: 1 of 2000; total allocated: 4 of 2000]
11:18:19.475 [Forwarding sendKeysToElement on session 313530c5c8b49625b5b5e5cfed482eda to remote] DEBUG org.apache.http.impl.conn.PoolingHttpClientConnectionManager - Connection leased: [id: 3][route: {}->http://localhost:38747][total kept alive: 3; route allocated: 1 of 2000; total allocated: 4 of 2000]
11:18:19.475 [Forwarding sendKeysToElement on session 313530c5c8b49625b5b5e5cfed482eda to remote] DEBUG org.apache.http.impl.execchain.MainClientExec - Stale connection check
11:18:19.477 [Forwarding sendKeysToElement on session 313530c5c8b49625b5b5e5cfed482eda to remote] DEBUG org.apache.http.wire - http-outgoing-3 << "[read] I/O error: Read timed out"
11:18:19.477 [Forwarding sendKeysToElement on session 313530c5c8b49625b5b5e5cfed482eda to remote] DEBUG org.apache.http.impl.conn.DefaultManagedHttpClientConnection - http-outgoing-3: set socket timeout to 10800000
11:18:19.477 [Forwarding sendKeysToElement on session 313530c5c8b49625b5b5e5cfed482eda to remote] DEBUG org.apache.http.impl.execchain.MainClientExec - Executing request POST /session/313530c5c8b49625b5b5e5cfed482eda/element/a375247e-0c93-42eb-a056-3f311482b2ab/value HTTP/1.1
11:18:19.477 [Forwarding sendKeysToElement on session 313530c5c8b49625b5b5e5cfed482eda to remote] DEBUG org.apache.http.impl.execchain.MainClientExec - Target auth state: UNCHALLENGED
11:18:19.477 [Forwarding sendKeysToElement on session 313530c5c8b49625b5b5e5cfed482eda to remote] DEBUG org.apache.http.impl.execchain.MainClientExec - Proxy auth state: UNCHALLENGED
11:18:19.477 [Forwarding sendKeysToElement on session 313530c5c8b49625b5b5e5cfed482eda to remote] DEBUG org.apache.http.headers - http-outgoing-3 >> POST /session/313530c5c8b49625b5b5e5cfed482eda/element/a375247e-0c93-42eb-a056-3f311482b2ab/value HTTP/1.1
11:18:19.477 [Forwarding sendKeysToElement on session 313530c5c8b49625b5b5e5cfed482eda to remote] DEBUG org.apache.http.headers - http-outgoing-3 >> Content-Type: application/json; charset=utf-8
11:18:19.477 [Forwarding sendKeysToElement on session 313530c5c8b49625b5b5e5cfed482eda to remote] DEBUG org.apache.http.headers - http-outgoing-3 >> Content-Length: 385
11:18:19.477 [Forwarding sendKeysToElement on session 313530c5c8b49625b5b5e5cfed482eda to remote] DEBUG org.apache.http.headers - http-outgoing-3 >> Host: localhost:38747
11:18:19.477 [Forwarding sendKeysToElement on session 313530c5c8b49625b5b5e5cfed482eda to remote] DEBUG org.apache.http.headers - http-outgoing-3 >> Connection: Keep-Alive
11:18:19.477 [Forwarding sendKeysToElement on session 313530c5c8b49625b5b5e5cfed482eda to remote] DEBUG org.apache.http.headers - http-outgoing-3 >> User-Agent: Apache-HttpClient/4.5.3 (Java/1.8.0_211)
11:18:19.477 [Forwarding sendKeysToElement on session 313530c5c8b49625b5b5e5cfed482eda to remote] DEBUG org.apache.http.headers - http-outgoing-3 >> Accept-Encoding: gzip,deflate
11:18:19.477 [Forwarding sendKeysToElement on session 313530c5c8b49625b5b5e5cfed482eda to remote] DEBUG org.apache.http.wire - http-outgoing-3 >> "POST /session/313530c5c8b49625b5b5e5cfed482eda/element/a375247e-0c93-42eb-a056-3f311482b2ab/value HTTP/1.1[\r][\n]"
11:18:19.477 [Forwarding sendKeysToElement on session 313530c5c8b49625b5b5e5cfed482eda to remote] DEBUG org.apache.http.wire - http-outgoing-3 >> "Content-Type: application/json; charset=utf-8[\r][\n]"
11:18:19.477 [Forwarding sendKeysToElement on session 313530c5c8b49625b5b5e5cfed482eda to remote] DEBUG org.apache.http.wire - http-outgoing-3 >> "Content-Length: 385[\r][\n]"
11:18:19.477 [Forwarding sendKeysToElement on session 313530c5c8b49625b5b5e5cfed482eda to remote] DEBUG org.apache.http.wire - http-outgoing-3 >> "Host: localhost:38747[\r][\n]"
11:18:19.477 [Forwarding sendKeysToElement on session 313530c5c8b49625b5b5e5cfed482eda to remote] DEBUG org.apache.http.wire - http-outgoing-3 >> "Connection: Keep-Alive[\r][\n]"
11:18:19.477 [Forwarding sendKeysToElement on session 313530c5c8b49625b5b5e5cfed482eda to remote] DEBUG org.apache.http.wire - http-outgoing-3 >> "User-Agent: Apache-HttpClient/4.5.3 (Java/1.8.0_211)[\r][\n]"
11:18:19.477 [Forwarding sendKeysToElement on session 313530c5c8b49625b5b5e5cfed482eda to remote] DEBUG org.apache.http.wire - http-outgoing-3 >> "Accept-Encoding: gzip,deflate[\r][\n]"
11:18:19.477 [Forwarding sendKeysToElement on session 313530c5c8b49625b5b5e5cfed482eda to remote] DEBUG org.apache.http.wire - http-outgoing-3 >> "[\r][\n]"
11:18:19.477 [Forwarding sendKeysToElement on session 313530c5c8b49625b5b5e5cfed482eda to remote] DEBUG org.apache.http.wire - http-outgoing-3 >> "{"id":"a375247e-0c93-42eb-a056-3f311482b2ab","text":"de164ddc64b1783c3ebced73b32c479b3daa203cf323bd738a9ecfc4674d6017","value":["d","e","1","6","4","d","d","c","6","4","b","1","7","8","3","c","3","e","b","c","e","d","7","3","b","3","2","c","4","7","9","b","3","d","a","a","2","0","3","c","f","3","2","3","b","d","7","3","8","a","9","e","c","f","c","4","6","7","4","d","6","0","1","7"]}"
11:18:19.926 [Forwarding sendKeysToElement on session 313530c5c8b49625b5b5e5cfed482eda to remote] DEBUG org.apache.http.wire - http-outgoing-3 << "HTTP/1.1 200 OK[\r][\n]"
11:18:19.926 [Forwarding sendKeysToElement on session 313530c5c8b49625b5b5e5cfed482eda to remote] DEBUG org.apache.http.wire - http-outgoing-3 << "Content-Length:14[\r][\n]"
11:18:19.927 [Forwarding sendKeysToElement on session 313530c5c8b49625b5b5e5cfed482eda to remote] DEBUG org.apache.http.wire - http-outgoing-3 << "Content-Type:application/json; charset=utf-8[\r][\n]"
11:18:19.927 [Forwarding sendKeysToElement on session 313530c5c8b49625b5b5e5cfed482eda to remote] DEBUG org.apache.http.wire - http-outgoing-3 << "cache-control:no-cache[\r][\n]"
11:18:19.927 [Forwarding sendKeysToElement on session 313530c5c8b49625b5b5e5cfed482eda to remote] DEBUG org.apache.http.wire - http-outgoing-3 << "[\r][\n]"
11:18:19.927 [Forwarding sendKeysToElement on session 313530c5c8b49625b5b5e5cfed482eda to remote] DEBUG org.apache.http.wire - http-outgoing-3 << "{"value":null}"
11:18:19.927 [Forwarding sendKeysToElement on session 313530c5c8b49625b5b5e5cfed482eda to remote] DEBUG org.apache.http.headers - http-outgoing-3 << HTTP/1.1 200 OK
11:18:19.927 [Forwarding sendKeysToElement on session 313530c5c8b49625b5b5e5cfed482eda to remote] DEBUG org.apache.http.headers - http-outgoing-3 << Content-Length:14
11:18:19.927 [Forwarding sendKeysToElement on session 313530c5c8b49625b5b5e5cfed482eda to remote] DEBUG org.apache.http.headers - http-outgoing-3 << Content-Type:application/json; charset=utf-8
11:18:19.927 [Forwarding sendKeysToElement on session 313530c5c8b49625b5b5e5cfed482eda to remote] DEBUG org.apache.http.headers - http-outgoing-3 << cache-control:no-cache
11:18:19.927 [Forwarding sendKeysToElement on session 313530c5c8b49625b5b5e5cfed482eda to remote] DEBUG org.apache.http.impl.execchain.MainClientExec - Connection can be kept alive indefinitely
11:18:19.927 [Forwarding sendKeysToElement on session 313530c5c8b49625b5b5e5cfed482eda to remote] DEBUG org.apache.http.impl.conn.PoolingHttpClientConnectionManager - Connection [id: 3][route: {}->http://localhost:38747] can be kept alive indefinitely
11:18:19.927 [Forwarding sendKeysToElement on session 313530c5c8b49625b5b5e5cfed482eda to remote] DEBUG org.apache.http.impl.conn.PoolingHttpClientConnectionManager - Connection released: [id: 3][route: {}->http://localhost:38747][total kept alive: 4; route allocated: 1 of 2000; total allocated: 4 of 2000]
11:18:19.927 [Forwarding findElement on session 313530c5c8b49625b5b5e5cfed482eda to remote] DEBUG org.apache.http.client.protocol.RequestAddCookies - CookieSpec selected: default
11:18:19.927 [Forwarding findElement on session 313530c5c8b49625b5b5e5cfed482eda to remote] DEBUG org.apache.http.client.protocol.RequestAuthCache - Auth cache not set in the context
11:18:19.928 [Forwarding findElement on session 313530c5c8b49625b5b5e5cfed482eda to remote] DEBUG org.apache.http.impl.conn.PoolingHttpClientConnectionManager - Connection request: [route: {}->http://localhost:38747][total kept alive: 4; route allocated: 1 of 2000; total allocated: 4 of 2000]
11:18:19.928 [Forwarding findElement on session 313530c5c8b49625b5b5e5cfed482eda to remote] DEBUG org.apache.http.impl.conn.PoolingHttpClientConnectionManager - Connection leased: [id: 3][route: {}->http://localhost:38747][total kept alive: 3; route allocated: 1 of 2000; total allocated: 4 of 2000]
11:18:19.928 [Forwarding findElement on session 313530c5c8b49625b5b5e5cfed482eda to remote] DEBUG org.apache.http.impl.execchain.MainClientExec - Stale connection check
11:18:19.929 [Forwarding findElement on session 313530c5c8b49625b5b5e5cfed482eda to remote] DEBUG org.apache.http.wire - http-outgoing-3 << "[read] I/O error: Read timed out"
11:18:19.929 [Forwarding findElement on session 313530c5c8b49625b5b5e5cfed482eda to remote] DEBUG org.apache.http.impl.conn.DefaultManagedHttpClientConnection - http-outgoing-3: set socket timeout to 10800000
11:18:19.929 [Forwarding findElement on session 313530c5c8b49625b5b5e5cfed482eda to remote] DEBUG org.apache.http.impl.execchain.MainClientExec - Executing request POST /session/313530c5c8b49625b5b5e5cfed482eda/element HTTP/1.1
11:18:19.929 [Forwarding findElement on session 313530c5c8b49625b5b5e5cfed482eda to remote] DEBUG org.apache.http.impl.execchain.MainClientExec - Target auth state: UNCHALLENGED
11:18:19.929 [Forwarding findElement on session 313530c5c8b49625b5b5e5cfed482eda to remote] DEBUG org.apache.http.impl.execchain.MainClientExec - Proxy auth state: UNCHALLENGED
11:18:19.929 [Forwarding findElement on session 313530c5c8b49625b5b5e5cfed482eda to remote] DEBUG org.apache.http.headers - http-outgoing-3 >> POST /session/313530c5c8b49625b5b5e5cfed482eda/element HTTP/1.1
11:18:19.929 [Forwarding findElement on session 313530c5c8b49625b5b5e5cfed482eda to remote] DEBUG org.apache.http.headers - http-outgoing-3 >> Content-Type: application/json; charset=utf-8
11:18:19.929 [Forwarding findElement on session 313530c5c8b49625b5b5e5cfed482eda to remote] DEBUG org.apache.http.headers - http-outgoing-3 >> Content-Length: 59
11:18:19.929 [Forwarding findElement on session 313530c5c8b49625b5b5e5cfed482eda to remote] DEBUG org.apache.http.headers - http-outgoing-3 >> Host: localhost:38747
11:18:19.929 [Forwarding findElement on session 313530c5c8b49625b5b5e5cfed482eda to remote] DEBUG org.apache.http.headers - http-outgoing-3 >> Connection: Keep-Alive
11:18:19.929 [Forwarding findElement on session 313530c5c8b49625b5b5e5cfed482eda to remote] DEBUG org.apache.http.headers - http-outgoing-3 >> User-Agent: Apache-HttpClient/4.5.3 (Java/1.8.0_211)
11:18:19.929 [Forwarding findElement on session 313530c5c8b49625b5b5e5cfed482eda to remote] DEBUG org.apache.http.headers - http-outgoing-3 >> Accept-Encoding: gzip,deflate
11:18:19.929 [Forwarding findElement on session 313530c5c8b49625b5b5e5cfed482eda to remote] DEBUG org.apache.http.wire - http-outgoing-3 >> "POST /session/313530c5c8b49625b5b5e5cfed482eda/element HTTP/1.1[\r][\n]"
11:18:19.929 [Forwarding findElement on session 313530c5c8b49625b5b5e5cfed482eda to remote] DEBUG org.apache.http.wire - http-outgoing-3 >> "Content-Type: application/json; charset=utf-8[\r][\n]"
11:18:19.929 [Forwarding findElement on session 313530c5c8b49625b5b5e5cfed482eda to remote] DEBUG org.apache.http.wire - http-outgoing-3 >> "Content-Length: 59[\r][\n]"
11:18:19.929 [Forwarding findElement on session 313530c5c8b49625b5b5e5cfed482eda to remote] DEBUG org.apache.http.wire - http-outgoing-3 >> "Host: localhost:38747[\r][\n]"
11:18:19.929 [Forwarding findElement on session 313530c5c8b49625b5b5e5cfed482eda to remote] DEBUG org.apache.http.wire - http-outgoing-3 >> "Connection: Keep-Alive[\r][\n]"
11:18:19.929 [Forwarding findElement on session 313530c5c8b49625b5b5e5cfed482eda to remote] DEBUG org.apache.http.wire - http-outgoing-3 >> "User-Agent: Apache-HttpClient/4.5.3 (Java/1.8.0_211)[\r][\n]"
11:18:19.929 [Forwarding findElement on session 313530c5c8b49625b5b5e5cfed482eda to remote] DEBUG org.apache.http.wire - http-outgoing-3 >> "Accept-Encoding: gzip,deflate[\r][\n]"
11:18:19.929 [Forwarding findElement on session 313530c5c8b49625b5b5e5cfed482eda to remote] DEBUG org.apache.http.wire - http-outgoing-3 >> "[\r][\n]"
11:18:19.929 [Forwarding findElement on session 313530c5c8b49625b5b5e5cfed482eda to remote] DEBUG org.apache.http.wire - http-outgoing-3 >> "{"value":".btn-danger:nth-child(3)","using":"css selector"}"
11:18:19.937 [Forwarding findElement on session 313530c5c8b49625b5b5e5cfed482eda to remote] DEBUG org.apache.http.wire - http-outgoing-3 << "HTTP/1.1 200 OK[\r][\n]"
11:18:19.937 [Forwarding findElement on session 313530c5c8b49625b5b5e5cfed482eda to remote] DEBUG org.apache.http.wire - http-outgoing-3 << "Content-Length:88[\r][\n]"
11:18:19.937 [Forwarding findElement on session 313530c5c8b49625b5b5e5cfed482eda to remote] DEBUG org.apache.http.wire - http-outgoing-3 << "Content-Type:application/json; charset=utf-8[\r][\n]"
11:18:19.937 [Forwarding findElement on session 313530c5c8b49625b5b5e5cfed482eda to remote] DEBUG org.apache.http.wire - http-outgoing-3 << "cache-control:no-cache[\r][\n]"
11:18:19.937 [Forwarding findElement on session 313530c5c8b49625b5b5e5cfed482eda to remote] DEBUG org.apache.http.wire - http-outgoing-3 << "[\r][\n]"
11:18:19.937 [Forwarding findElement on session 313530c5c8b49625b5b5e5cfed482eda to remote] DEBUG org.apache.http.wire - http-outgoing-3 << "{"value":{"element-6066-11e4-a52e-4f735466cecf":"0e242f50-a604-4737-8156-12f99426e0f7"}}"
11:18:19.937 [Forwarding findElement on session 313530c5c8b49625b5b5e5cfed482eda to remote] DEBUG org.apache.http.headers - http-outgoing-3 << HTTP/1.1 200 OK
11:18:19.937 [Forwarding findElement on session 313530c5c8b49625b5b5e5cfed482eda to remote] DEBUG org.apache.http.headers - http-outgoing-3 << Content-Length:88
11:18:19.937 [Forwarding findElement on session 313530c5c8b49625b5b5e5cfed482eda to remote] DEBUG org.apache.http.headers - http-outgoing-3 << Content-Type:application/json; charset=utf-8
11:18:19.937 [Forwarding findElement on session 313530c5c8b49625b5b5e5cfed482eda to remote] DEBUG org.apache.http.headers - http-outgoing-3 << cache-control:no-cache
11:18:19.937 [Forwarding findElement on session 313530c5c8b49625b5b5e5cfed482eda to remote] DEBUG org.apache.http.impl.execchain.MainClientExec - Connection can be kept alive indefinitely
11:18:19.937 [Forwarding findElement on session 313530c5c8b49625b5b5e5cfed482eda to remote] DEBUG org.apache.http.impl.conn.PoolingHttpClientConnectionManager - Connection [id: 3][route: {}->http://localhost:38747] can be kept alive indefinitely
11:18:19.937 [Forwarding findElement on session 313530c5c8b49625b5b5e5cfed482eda to remote] DEBUG org.apache.http.impl.conn.PoolingHttpClientConnectionManager - Connection released: [id: 3][route: {}->http://localhost:38747][total kept alive: 4; route allocated: 1 of 2000; total allocated: 4 of 2000]
11:18:19.938 [Forwarding clickElement on session 313530c5c8b49625b5b5e5cfed482eda to remote] DEBUG org.apache.http.client.protocol.RequestAddCookies - CookieSpec selected: default
11:18:19.938 [Forwarding clickElement on session 313530c5c8b49625b5b5e5cfed482eda to remote] DEBUG org.apache.http.client.protocol.RequestAuthCache - Auth cache not set in the context
11:18:19.938 [Forwarding clickElement on session 313530c5c8b49625b5b5e5cfed482eda to remote] DEBUG org.apache.http.impl.conn.PoolingHttpClientConnectionManager - Connection request: [route: {}->http://localhost:38747][total kept alive: 4; route allocated: 1 of 2000; total allocated: 4 of 2000]
11:18:19.938 [Forwarding clickElement on session 313530c5c8b49625b5b5e5cfed482eda to remote] DEBUG org.apache.http.impl.conn.PoolingHttpClientConnectionManager - Connection leased: [id: 3][route: {}->http://localhost:38747][total kept alive: 3; route allocated: 1 of 2000; total allocated: 4 of 2000]
11:18:19.938 [Forwarding clickElement on session 313530c5c8b49625b5b5e5cfed482eda to remote] DEBUG org.apache.http.impl.execchain.MainClientExec - Stale connection check
11:18:19.939 [Forwarding clickElement on session 313530c5c8b49625b5b5e5cfed482eda to remote] DEBUG org.apache.http.wire - http-outgoing-3 << "[read] I/O error: Read timed out"
11:18:19.939 [Forwarding clickElement on session 313530c5c8b49625b5b5e5cfed482eda to remote] DEBUG org.apache.http.impl.conn.DefaultManagedHttpClientConnection - http-outgoing-3: set socket timeout to 10800000
11:18:19.939 [Forwarding clickElement on session 313530c5c8b49625b5b5e5cfed482eda to remote] DEBUG org.apache.http.impl.execchain.MainClientExec - Executing request POST /session/313530c5c8b49625b5b5e5cfed482eda/element/0e242f50-a604-4737-8156-12f99426e0f7/click HTTP/1.1
11:18:19.939 [Forwarding clickElement on session 313530c5c8b49625b5b5e5cfed482eda to remote] DEBUG org.apache.http.impl.execchain.MainClientExec - Target auth state: UNCHALLENGED
11:18:19.939 [Forwarding clickElement on session 313530c5c8b49625b5b5e5cfed482eda to remote] DEBUG org.apache.http.impl.execchain.MainClientExec - Proxy auth state: UNCHALLENGED
11:18:19.939 [Forwarding clickElement on session 313530c5c8b49625b5b5e5cfed482eda to remote] DEBUG org.apache.http.headers - http-outgoing-3 >> POST /session/313530c5c8b49625b5b5e5cfed482eda/element/0e242f50-a604-4737-8156-12f99426e0f7/click HTTP/1.1
11:18:19.939 [Forwarding clickElement on session 313530c5c8b49625b5b5e5cfed482eda to remote] DEBUG org.apache.http.headers - http-outgoing-3 >> Content-Type: application/json; charset=utf-8
11:18:19.939 [Forwarding clickElement on session 313530c5c8b49625b5b5e5cfed482eda to remote] DEBUG org.apache.http.headers - http-outgoing-3 >> Content-Length: 45
11:18:19.939 [Forwarding clickElement on session 313530c5c8b49625b5b5e5cfed482eda to remote] DEBUG org.apache.http.headers - http-outgoing-3 >> Host: localhost:38747
11:18:19.939 [Forwarding clickElement on session 313530c5c8b49625b5b5e5cfed482eda to remote] DEBUG org.apache.http.headers - http-outgoing-3 >> Connection: Keep-Alive
11:18:19.939 [Forwarding clickElement on session 313530c5c8b49625b5b5e5cfed482eda to remote] DEBUG org.apache.http.headers - http-outgoing-3 >> User-Agent: Apache-HttpClient/4.5.3 (Java/1.8.0_211)
11:18:19.939 [Forwarding clickElement on session 313530c5c8b49625b5b5e5cfed482eda to remote] DEBUG org.apache.http.headers - http-outgoing-3 >> Accept-Encoding: gzip,deflate
11:18:19.939 [Forwarding clickElement on session 313530c5c8b49625b5b5e5cfed482eda to remote] DEBUG org.apache.http.wire - http-outgoing-3 >> "POST /session/313530c5c8b49625b5b5e5cfed482eda/element/0e242f50-a604-4737-8156-12f99426e0f7/click HTTP/1.1[\r][\n]"
11:18:19.939 [Forwarding clickElement on session 313530c5c8b49625b5b5e5cfed482eda to remote] DEBUG org.apache.http.wire - http-outgoing-3 >> "Content-Type: application/json; charset=utf-8[\r][\n]"
11:18:19.939 [Forwarding clickElement on session 313530c5c8b49625b5b5e5cfed482eda to remote] DEBUG org.apache.http.wire - http-outgoing-3 >> "Content-Length: 45[\r][\n]"
11:18:19.939 [Forwarding clickElement on session 313530c5c8b49625b5b5e5cfed482eda to remote] DEBUG org.apache.http.wire - http-outgoing-3 >> "Host: localhost:38747[\r][\n]"
11:18:19.939 [Forwarding clickElement on session 313530c5c8b49625b5b5e5cfed482eda to remote] DEBUG org.apache.http.wire - http-outgoing-3 >> "Connection: Keep-Alive[\r][\n]"
11:18:19.939 [Forwarding clickElement on session 313530c5c8b49625b5b5e5cfed482eda to remote] DEBUG org.apache.http.wire - http-outgoing-3 >> "User-Agent: Apache-HttpClient/4.5.3 (Java/1.8.0_211)[\r][\n]"
11:18:19.939 [Forwarding clickElement on session 313530c5c8b49625b5b5e5cfed482eda to remote] DEBUG org.apache.http.wire - http-outgoing-3 >> "Accept-Encoding: gzip,deflate[\r][\n]"
11:18:19.939 [Forwarding clickElement on session 313530c5c8b49625b5b5e5cfed482eda to remote] DEBUG org.apache.http.wire - http-outgoing-3 >> "[\r][\n]"
11:18:19.939 [Forwarding clickElement on session 313530c5c8b49625b5b5e5cfed482eda to remote] DEBUG org.apache.http.wire - http-outgoing-3 >> "{"id":"0e242f50-a604-4737-8156-12f99426e0f7"}"
11:18:20.065 [Forwarding clickElement on session 313530c5c8b49625b5b5e5cfed482eda to remote] DEBUG org.apache.http.wire - http-outgoing-3 << "HTTP/1.1 200 OK[\r][\n]"
11:18:20.065 [Forwarding clickElement on session 313530c5c8b49625b5b5e5cfed482eda to remote] DEBUG org.apache.http.wire - http-outgoing-3 << "Content-Length:14[\r][\n]"
11:18:20.065 [Forwarding clickElement on session 313530c5c8b49625b5b5e5cfed482eda to remote] DEBUG org.apache.http.wire - http-outgoing-3 << "Content-Type:application/json; charset=utf-8[\r][\n]"
11:18:20.065 [Forwarding clickElement on session 313530c5c8b49625b5b5e5cfed482eda to remote] DEBUG org.apache.http.wire - http-outgoing-3 << "cache-control:no-cache[\r][\n]"
11:18:20.065 [Forwarding clickElement on session 313530c5c8b49625b5b5e5cfed482eda to remote] DEBUG org.apache.http.wire - http-outgoing-3 << "[\r][\n]"
11:18:20.065 [Forwarding clickElement on session 313530c5c8b49625b5b5e5cfed482eda to remote] DEBUG org.apache.http.wire - http-outgoing-3 << "{"value":null}"
11:18:20.065 [Forwarding clickElement on session 313530c5c8b49625b5b5e5cfed482eda to remote] DEBUG org.apache.http.headers - http-outgoing-3 << HTTP/1.1 200 OK
11:18:20.065 [Forwarding clickElement on session 313530c5c8b49625b5b5e5cfed482eda to remote] DEBUG org.apache.http.headers - http-outgoing-3 << Content-Length:14
11:18:20.065 [Forwarding clickElement on session 313530c5c8b49625b5b5e5cfed482eda to remote] DEBUG org.apache.http.headers - http-outgoing-3 << Content-Type:application/json; charset=utf-8
11:18:20.065 [Forwarding clickElement on session 313530c5c8b49625b5b5e5cfed482eda to remote] DEBUG org.apache.http.headers - http-outgoing-3 << cache-control:no-cache
11:18:20.065 [Forwarding clickElement on session 313530c5c8b49625b5b5e5cfed482eda to remote] DEBUG org.apache.http.impl.execchain.MainClientExec - Connection can be kept alive indefinitely
11:18:20.065 [Forwarding clickElement on session 313530c5c8b49625b5b5e5cfed482eda to remote] DEBUG org.apache.http.impl.conn.PoolingHttpClientConnectionManager - Connection [id: 3][route: {}->http://localhost:38747] can be kept alive indefinitely
11:18:20.065 [Forwarding clickElement on session 313530c5c8b49625b5b5e5cfed482eda to remote] DEBUG org.apache.http.impl.conn.PoolingHttpClientConnectionManager - Connection released: [id: 3][route: {}->http://localhost:38747][total kept alive: 4; route allocated: 1 of 2000; total allocated: 4 of 2000]
11:18:20.266 [Forwarding findElement on session 313530c5c8b49625b5b5e5cfed482eda to remote] DEBUG org.apache.http.client.protocol.RequestAddCookies - CookieSpec selected: default
11:18:20.266 [Forwarding findElement on session 313530c5c8b49625b5b5e5cfed482eda to remote] DEBUG org.apache.http.client.protocol.RequestAuthCache - Auth cache not set in the context
11:18:20.266 [Forwarding findElement on session 313530c5c8b49625b5b5e5cfed482eda to remote] DEBUG org.apache.http.impl.conn.PoolingHttpClientConnectionManager - Connection request: [route: {}->http://localhost:38747][total kept alive: 4; route allocated: 1 of 2000; total allocated: 4 of 2000]
11:18:20.266 [Forwarding findElement on session 313530c5c8b49625b5b5e5cfed482eda to remote] DEBUG org.apache.http.impl.conn.PoolingHttpClientConnectionManager - Connection leased: [id: 3][route: {}->http://localhost:38747][total kept alive: 3; route allocated: 1 of 2000; total allocated: 4 of 2000]
11:18:20.266 [Forwarding findElement on session 313530c5c8b49625b5b5e5cfed482eda to remote] DEBUG org.apache.http.impl.execchain.MainClientExec - Stale connection check
11:18:20.267 [Forwarding findElement on session 313530c5c8b49625b5b5e5cfed482eda to remote] DEBUG org.apache.http.wire - http-outgoing-3 << "[read] I/O error: Read timed out"
11:18:20.267 [Forwarding findElement on session 313530c5c8b49625b5b5e5cfed482eda to remote] DEBUG org.apache.http.impl.conn.DefaultManagedHttpClientConnection - http-outgoing-3: set socket timeout to 10800000
11:18:20.267 [Forwarding findElement on session 313530c5c8b49625b5b5e5cfed482eda to remote] DEBUG org.apache.http.impl.execchain.MainClientExec - Executing request POST /session/313530c5c8b49625b5b5e5cfed482eda/element HTTP/1.1
11:18:20.267 [Forwarding findElement on session 313530c5c8b49625b5b5e5cfed482eda to remote] DEBUG org.apache.http.impl.execchain.MainClientExec - Target auth state: UNCHALLENGED
11:18:20.267 [Forwarding findElement on session 313530c5c8b49625b5b5e5cfed482eda to remote] DEBUG org.apache.http.impl.execchain.MainClientExec - Proxy auth state: UNCHALLENGED
11:18:20.267 [Forwarding findElement on session 313530c5c8b49625b5b5e5cfed482eda to remote] DEBUG org.apache.http.headers - http-outgoing-3 >> POST /session/313530c5c8b49625b5b5e5cfed482eda/element HTTP/1.1
11:18:20.267 [Forwarding findElement on session 313530c5c8b49625b5b5e5cfed482eda to remote] DEBUG org.apache.http.headers - http-outgoing-3 >> Content-Type: application/json; charset=utf-8
11:18:20.267 [Forwarding findElement on session 313530c5c8b49625b5b5e5cfed482eda to remote] DEBUG org.apache.http.headers - http-outgoing-3 >> Content-Length: 71
11:18:20.268 [Forwarding findElement on session 313530c5c8b49625b5b5e5cfed482eda to remote] DEBUG org.apache.http.headers - http-outgoing-3 >> Host: localhost:38747
11:18:20.268 [Forwarding findElement on session 313530c5c8b49625b5b5e5cfed482eda to remote] DEBUG org.apache.http.headers - http-outgoing-3 >> Connection: Keep-Alive
11:18:20.268 [Forwarding findElement on session 313530c5c8b49625b5b5e5cfed482eda to remote] DEBUG org.apache.http.headers - http-outgoing-3 >> User-Agent: Apache-HttpClient/4.5.3 (Java/1.8.0_211)
11:18:20.268 [Forwarding findElement on session 313530c5c8b49625b5b5e5cfed482eda to remote] DEBUG org.apache.http.headers - http-outgoing-3 >> Accept-Encoding: gzip,deflate
11:18:20.268 [Forwarding findElement on session 313530c5c8b49625b5b5e5cfed482eda to remote] DEBUG org.apache.http.wire - http-outgoing-3 >> "POST /session/313530c5c8b49625b5b5e5cfed482eda/element HTTP/1.1[\r][\n]"
11:18:20.268 [Forwarding findElement on session 313530c5c8b49625b5b5e5cfed482eda to remote] DEBUG org.apache.http.wire - http-outgoing-3 >> "Content-Type: application/json; charset=utf-8[\r][\n]"
11:18:20.268 [Forwarding findElement on session 313530c5c8b49625b5b5e5cfed482eda to remote] DEBUG org.apache.http.wire - http-outgoing-3 >> "Content-Length: 71[\r][\n]"
11:18:20.268 [Forwarding findElement on session 313530c5c8b49625b5b5e5cfed482eda to remote] DEBUG org.apache.http.wire - http-outgoing-3 >> "Host: localhost:38747[\r][\n]"
11:18:20.268 [Forwarding findElement on session 313530c5c8b49625b5b5e5cfed482eda to remote] DEBUG org.apache.http.wire - http-outgoing-3 >> "Connection: Keep-Alive[\r][\n]"
11:18:20.268 [Forwarding findElement on session 313530c5c8b49625b5b5e5cfed482eda to remote] DEBUG org.apache.http.wire - http-outgoing-3 >> "User-Agent: Apache-HttpClient/4.5.3 (Java/1.8.0_211)[\r][\n]"
11:18:20.268 [Forwarding findElement on session 313530c5c8b49625b5b5e5cfed482eda to remote] DEBUG org.apache.http.wire - http-outgoing-3 >> "Accept-Encoding: gzip,deflate[\r][\n]"
11:18:20.268 [Forwarding findElement on session 313530c5c8b49625b5b5e5cfed482eda to remote] DEBUG org.apache.http.wire - http-outgoing-3 >> "[\r][\n]"
11:18:20.268 [Forwarding findElement on session 313530c5c8b49625b5b5e5cfed482eda to remote] DEBUG org.apache.http.wire - http-outgoing-3 >> "{"value":".dropdown-toggle > span:nth-child(1)","using":"css selector"}"
11:18:21.014 [Forwarding findElement on session 313530c5c8b49625b5b5e5cfed482eda to remote] DEBUG org.apache.http.wire - http-outgoing-3 << "HTTP/1.1 200 OK[\r][\n]"
11:18:21.014 [Forwarding findElement on session 313530c5c8b49625b5b5e5cfed482eda to remote] DEBUG org.apache.http.wire - http-outgoing-3 << "Content-Length:88[\r][\n]"
11:18:21.014 [Forwarding findElement on session 313530c5c8b49625b5b5e5cfed482eda to remote] DEBUG org.apache.http.wire - http-outgoing-3 << "Content-Type:application/json; charset=utf-8[\r][\n]"
11:18:21.014 [Forwarding findElement on session 313530c5c8b49625b5b5e5cfed482eda to remote] DEBUG org.apache.http.wire - http-outgoing-3 << "cache-control:no-cache[\r][\n]"
11:18:21.014 [Forwarding findElement on session 313530c5c8b49625b5b5e5cfed482eda to remote] DEBUG org.apache.http.wire - http-outgoing-3 << "[\r][\n]"
11:18:21.014 [Forwarding findElement on session 313530c5c8b49625b5b5e5cfed482eda to remote] DEBUG org.apache.http.wire - http-outgoing-3 << "{"value":{"element-6066-11e4-a52e-4f735466cecf":"db67b3ec-a1d3-462d-812e-48758fcff4ea"}}"
11:18:21.014 [Forwarding findElement on session 313530c5c8b49625b5b5e5cfed482eda to remote] DEBUG org.apache.http.headers - http-outgoing-3 << HTTP/1.1 200 OK
11:18:21.014 [Forwarding findElement on session 313530c5c8b49625b5b5e5cfed482eda to remote] DEBUG org.apache.http.headers - http-outgoing-3 << Content-Length:88
11:18:21.014 [Forwarding findElement on session 313530c5c8b49625b5b5e5cfed482eda to remote] DEBUG org.apache.http.headers - http-outgoing-3 << Content-Type:application/json; charset=utf-8
11:18:21.014 [Forwarding findElement on session 313530c5c8b49625b5b5e5cfed482eda to remote] DEBUG org.apache.http.headers - http-outgoing-3 << cache-control:no-cache
11:18:21.014 [Forwarding findElement on session 313530c5c8b49625b5b5e5cfed482eda to remote] DEBUG org.apache.http.impl.execchain.MainClientExec - Connection can be kept alive indefinitely
11:18:21.014 [Forwarding findElement on session 313530c5c8b49625b5b5e5cfed482eda to remote] DEBUG org.apache.http.impl.conn.PoolingHttpClientConnectionManager - Connection [id: 3][route: {}->http://localhost:38747] can be kept alive indefinitely
11:18:21.015 [Forwarding findElement on session 313530c5c8b49625b5b5e5cfed482eda to remote] DEBUG org.apache.http.impl.conn.PoolingHttpClientConnectionManager - Connection released: [id: 3][route: {}->http://localhost:38747][total kept alive: 4; route allocated: 1 of 2000; total allocated: 4 of 2000]
11:18:21.015 [Forwarding clickElement on session 313530c5c8b49625b5b5e5cfed482eda to remote] DEBUG org.apache.http.client.protocol.RequestAddCookies - CookieSpec selected: default
11:18:21.015 [Forwarding clickElement on session 313530c5c8b49625b5b5e5cfed482eda to remote] DEBUG org.apache.http.client.protocol.RequestAuthCache - Auth cache not set in the context
11:18:21.015 [Forwarding clickElement on session 313530c5c8b49625b5b5e5cfed482eda to remote] DEBUG org.apache.http.impl.conn.PoolingHttpClientConnectionManager - Connection request: [route: {}->http://localhost:38747][total kept alive: 4; route allocated: 1 of 2000; total allocated: 4 of 2000]
11:18:21.015 [Forwarding clickElement on session 313530c5c8b49625b5b5e5cfed482eda to remote] DEBUG org.apache.http.impl.conn.PoolingHttpClientConnectionManager - Connection leased: [id: 3][route: {}->http://localhost:38747][total kept alive: 3; route allocated: 1 of 2000; total allocated: 4 of 2000]
11:18:21.015 [Forwarding clickElement on session 313530c5c8b49625b5b5e5cfed482eda to remote] DEBUG org.apache.http.impl.execchain.MainClientExec - Stale connection check
11:18:21.017 [Forwarding clickElement on session 313530c5c8b49625b5b5e5cfed482eda to remote] DEBUG org.apache.http.wire - http-outgoing-3 << "[read] I/O error: Read timed out"
11:18:21.017 [Forwarding clickElement on session 313530c5c8b49625b5b5e5cfed482eda to remote] DEBUG org.apache.http.impl.conn.DefaultManagedHttpClientConnection - http-outgoing-3: set socket timeout to 10800000
11:18:21.017 [Forwarding clickElement on session 313530c5c8b49625b5b5e5cfed482eda to remote] DEBUG org.apache.http.impl.execchain.MainClientExec - Executing request POST /session/313530c5c8b49625b5b5e5cfed482eda/element/db67b3ec-a1d3-462d-812e-48758fcff4ea/click HTTP/1.1
11:18:21.017 [Forwarding clickElement on session 313530c5c8b49625b5b5e5cfed482eda to remote] DEBUG org.apache.http.impl.execchain.MainClientExec - Target auth state: UNCHALLENGED
11:18:21.017 [Forwarding clickElement on session 313530c5c8b49625b5b5e5cfed482eda to remote] DEBUG org.apache.http.impl.execchain.MainClientExec - Proxy auth state: UNCHALLENGED
11:18:21.017 [Forwarding clickElement on session 313530c5c8b49625b5b5e5cfed482eda to remote] DEBUG org.apache.http.headers - http-outgoing-3 >> POST /session/313530c5c8b49625b5b5e5cfed482eda/element/db67b3ec-a1d3-462d-812e-48758fcff4ea/click HTTP/1.1
11:18:21.017 [Forwarding clickElement on session 313530c5c8b49625b5b5e5cfed482eda to remote] DEBUG org.apache.http.headers - http-outgoing-3 >> Content-Type: application/json; charset=utf-8
11:18:21.017 [Forwarding clickElement on session 313530c5c8b49625b5b5e5cfed482eda to remote] DEBUG org.apache.http.headers - http-outgoing-3 >> Content-Length: 45
11:18:21.017 [Forwarding clickElement on session 313530c5c8b49625b5b5e5cfed482eda to remote] DEBUG org.apache.http.headers - http-outgoing-3 >> Host: localhost:38747
11:18:21.017 [Forwarding clickElement on session 313530c5c8b49625b5b5e5cfed482eda to remote] DEBUG org.apache.http.headers - http-outgoing-3 >> Connection: Keep-Alive
11:18:21.017 [Forwarding clickElement on session 313530c5c8b49625b5b5e5cfed482eda to remote] DEBUG org.apache.http.headers - http-outgoing-3 >> User-Agent: Apache-HttpClient/4.5.3 (Java/1.8.0_211)
11:18:21.017 [Forwarding clickElement on session 313530c5c8b49625b5b5e5cfed482eda to remote] DEBUG org.apache.http.headers - http-outgoing-3 >> Accept-Encoding: gzip,deflate
11:18:21.017 [Forwarding clickElement on session 313530c5c8b49625b5b5e5cfed482eda to remote] DEBUG org.apache.http.wire - http-outgoing-3 >> "POST /session/313530c5c8b49625b5b5e5cfed482eda/element/db67b3ec-a1d3-462d-812e-48758fcff4ea/click HTTP/1.1[\r][\n]"
11:18:21.017 [Forwarding clickElement on session 313530c5c8b49625b5b5e5cfed482eda to remote] DEBUG org.apache.http.wire - http-outgoing-3 >> "Content-Type: application/json; charset=utf-8[\r][\n]"
11:18:21.017 [Forwarding clickElement on session 313530c5c8b49625b5b5e5cfed482eda to remote] DEBUG org.apache.http.wire - http-outgoing-3 >> "Content-Length: 45[\r][\n]"
11:18:21.017 [Forwarding clickElement on session 313530c5c8b49625b5b5e5cfed482eda to remote] DEBUG org.apache.http.wire - http-outgoing-3 >> "Host: localhost:38747[\r][\n]"
11:18:21.017 [Forwarding clickElement on session 313530c5c8b49625b5b5e5cfed482eda to remote] DEBUG org.apache.http.wire - http-outgoing-3 >> "Connection: Keep-Alive[\r][\n]"
11:18:21.017 [Forwarding clickElement on session 313530c5c8b49625b5b5e5cfed482eda to remote] DEBUG org.apache.http.wire - http-outgoing-3 >> "User-Agent: Apache-HttpClient/4.5.3 (Java/1.8.0_211)[\r][\n]"
11:18:21.017 [Forwarding clickElement on session 313530c5c8b49625b5b5e5cfed482eda to remote] DEBUG org.apache.http.wire - http-outgoing-3 >> "Accept-Encoding: gzip,deflate[\r][\n]"
11:18:21.017 [Forwarding clickElement on session 313530c5c8b49625b5b5e5cfed482eda to remote] DEBUG org.apache.http.wire - http-outgoing-3 >> "[\r][\n]"
11:18:21.017 [Forwarding clickElement on session 313530c5c8b49625b5b5e5cfed482eda to remote] DEBUG org.apache.http.wire - http-outgoing-3 >> "{"id":"db67b3ec-a1d3-462d-812e-48758fcff4ea"}"
11:18:21.282 [Forwarding clickElement on session 313530c5c8b49625b5b5e5cfed482eda to remote] DEBUG org.apache.http.wire - http-outgoing-3 << "HTTP/1.1 200 OK[\r][\n]"
11:18:21.282 [Forwarding clickElement on session 313530c5c8b49625b5b5e5cfed482eda to remote] DEBUG org.apache.http.wire - http-outgoing-3 << "Content-Length:14[\r][\n]"
11:18:21.282 [Forwarding clickElement on session 313530c5c8b49625b5b5e5cfed482eda to remote] DEBUG org.apache.http.wire - http-outgoing-3 << "Content-Type:application/json; charset=utf-8[\r][\n]"
11:18:21.282 [Forwarding clickElement on session 313530c5c8b49625b5b5e5cfed482eda to remote] DEBUG org.apache.http.wire - http-outgoing-3 << "cache-control:no-cache[\r][\n]"
11:18:21.282 [Forwarding clickElement on session 313530c5c8b49625b5b5e5cfed482eda to remote] DEBUG org.apache.http.wire - http-outgoing-3 << "[\r][\n]"
11:18:21.282 [Forwarding clickElement on session 313530c5c8b49625b5b5e5cfed482eda to remote] DEBUG org.apache.http.wire - http-outgoing-3 << "{"value":null}"
11:18:21.282 [Forwarding clickElement on session 313530c5c8b49625b5b5e5cfed482eda to remote] DEBUG org.apache.http.headers - http-outgoing-3 << HTTP/1.1 200 OK
11:18:21.282 [Forwarding clickElement on session 313530c5c8b49625b5b5e5cfed482eda to remote] DEBUG org.apache.http.headers - http-outgoing-3 << Content-Length:14
11:18:21.282 [Forwarding clickElement on session 313530c5c8b49625b5b5e5cfed482eda to remote] DEBUG org.apache.http.headers - http-outgoing-3 << Content-Type:application/json; charset=utf-8
11:18:21.282 [Forwarding clickElement on session 313530c5c8b49625b5b5e5cfed482eda to remote] DEBUG org.apache.http.headers - http-outgoing-3 << cache-control:no-cache
11:18:21.282 [Forwarding clickElement on session 313530c5c8b49625b5b5e5cfed482eda to remote] DEBUG org.apache.http.impl.execchain.MainClientExec - Connection can be kept alive indefinitely
11:18:21.282 [Forwarding clickElement on session 313530c5c8b49625b5b5e5cfed482eda to remote] DEBUG org.apache.http.impl.conn.PoolingHttpClientConnectionManager - Connection [id: 3][route: {}->http://localhost:38747] can be kept alive indefinitely
11:18:21.283 [Forwarding clickElement on session 313530c5c8b49625b5b5e5cfed482eda to remote] DEBUG org.apache.http.impl.conn.PoolingHttpClientConnectionManager - Connection released: [id: 3][route: {}->http://localhost:38747][total kept alive: 4; route allocated: 1 of 2000; total allocated: 4 of 2000]
11:18:21.283 [Forwarding findElement on session 313530c5c8b49625b5b5e5cfed482eda to remote] DEBUG org.apache.http.client.protocol.RequestAddCookies - CookieSpec selected: default
11:18:21.283 [Forwarding findElement on session 313530c5c8b49625b5b5e5cfed482eda to remote] DEBUG org.apache.http.client.protocol.RequestAuthCache - Auth cache not set in the context
11:18:21.283 [Forwarding findElement on session 313530c5c8b49625b5b5e5cfed482eda to remote] DEBUG org.apache.http.impl.conn.PoolingHttpClientConnectionManager - Connection request: [route: {}->http://localhost:38747][total kept alive: 4; route allocated: 1 of 2000; total allocated: 4 of 2000]
11:18:21.283 [Forwarding findElement on session 313530c5c8b49625b5b5e5cfed482eda to remote] DEBUG org.apache.http.impl.conn.PoolingHttpClientConnectionManager - Connection leased: [id: 3][route: {}->http://localhost:38747][total kept alive: 3; route allocated: 1 of 2000; total allocated: 4 of 2000]
11:18:21.283 [Forwarding findElement on session 313530c5c8b49625b5b5e5cfed482eda to remote] DEBUG org.apache.http.impl.execchain.MainClientExec - Stale connection check
11:18:21.285 [Forwarding findElement on session 313530c5c8b49625b5b5e5cfed482eda to remote] DEBUG org.apache.http.wire - http-outgoing-3 << "[read] I/O error: Read timed out"
11:18:21.285 [Forwarding findElement on session 313530c5c8b49625b5b5e5cfed482eda to remote] DEBUG org.apache.http.impl.conn.DefaultManagedHttpClientConnection - http-outgoing-3: set socket timeout to 10800000
11:18:21.285 [Forwarding findElement on session 313530c5c8b49625b5b5e5cfed482eda to remote] DEBUG org.apache.http.impl.execchain.MainClientExec - Executing request POST /session/313530c5c8b49625b5b5e5cfed482eda/element HTTP/1.1
11:18:21.285 [Forwarding findElement on session 313530c5c8b49625b5b5e5cfed482eda to remote] DEBUG org.apache.http.impl.execchain.MainClientExec - Target auth state: UNCHALLENGED
11:18:21.285 [Forwarding findElement on session 313530c5c8b49625b5b5e5cfed482eda to remote] DEBUG org.apache.http.impl.execchain.MainClientExec - Proxy auth state: UNCHALLENGED
11:18:21.285 [Forwarding findElement on session 313530c5c8b49625b5b5e5cfed482eda to remote] DEBUG org.apache.http.headers - http-outgoing-3 >> POST /session/313530c5c8b49625b5b5e5cfed482eda/element HTTP/1.1
11:18:21.285 [Forwarding findElement on session 313530c5c8b49625b5b5e5cfed482eda to remote] DEBUG org.apache.http.headers - http-outgoing-3 >> Content-Type: application/json; charset=utf-8
11:18:21.285 [Forwarding findElement on session 313530c5c8b49625b5b5e5cfed482eda to remote] DEBUG org.apache.http.headers - http-outgoing-3 >> Content-Length: 61
11:18:21.285 [Forwarding findElement on session 313530c5c8b49625b5b5e5cfed482eda to remote] DEBUG org.apache.http.headers - http-outgoing-3 >> Host: localhost:38747
11:18:21.285 [Forwarding findElement on session 313530c5c8b49625b5b5e5cfed482eda to remote] DEBUG org.apache.http.headers - http-outgoing-3 >> Connection: Keep-Alive
11:18:21.285 [Forwarding findElement on session 313530c5c8b49625b5b5e5cfed482eda to remote] DEBUG org.apache.http.headers - http-outgoing-3 >> User-Agent: Apache-HttpClient/4.5.3 (Java/1.8.0_211)
11:18:21.285 [Forwarding findElement on session 313530c5c8b49625b5b5e5cfed482eda to remote] DEBUG org.apache.http.headers - http-outgoing-3 >> Accept-Encoding: gzip,deflate
11:18:21.285 [Forwarding findElement on session 313530c5c8b49625b5b5e5cfed482eda to remote] DEBUG org.apache.http.wire - http-outgoing-3 >> "POST /session/313530c5c8b49625b5b5e5cfed482eda/element HTTP/1.1[\r][\n]"
11:18:21.285 [Forwarding findElement on session 313530c5c8b49625b5b5e5cfed482eda to remote] DEBUG org.apache.http.wire - http-outgoing-3 >> "Content-Type: application/json; charset=utf-8[\r][\n]"
11:18:21.285 [Forwarding findElement on session 313530c5c8b49625b5b5e5cfed482eda to remote] DEBUG org.apache.http.wire - http-outgoing-3 >> "Content-Length: 61[\r][\n]"
11:18:21.285 [Forwarding findElement on session 313530c5c8b49625b5b5e5cfed482eda to remote] DEBUG org.apache.http.wire - http-outgoing-3 >> "Host: localhost:38747[\r][\n]"
11:18:21.285 [Forwarding findElement on session 313530c5c8b49625b5b5e5cfed482eda to remote] DEBUG org.apache.http.wire - http-outgoing-3 >> "Connection: Keep-Alive[\r][\n]"
11:18:21.285 [Forwarding findElement on session 313530c5c8b49625b5b5e5cfed482eda to remote] DEBUG org.apache.http.wire - http-outgoing-3 >> "User-Agent: Apache-HttpClient/4.5.3 (Java/1.8.0_211)[\r][\n]"
11:18:21.285 [Forwarding findElement on session 313530c5c8b49625b5b5e5cfed482eda to remote] DEBUG org.apache.http.wire - http-outgoing-3 >> "Accept-Encoding: gzip,deflate[\r][\n]"
11:18:21.285 [Forwarding findElement on session 313530c5c8b49625b5b5e5cfed482eda to remote] DEBUG org.apache.http.wire - http-outgoing-3 >> "[\r][\n]"
11:18:21.285 [Forwarding findElement on session 313530c5c8b49625b5b5e5cfed482eda to remote] DEBUG org.apache.http.wire - http-outgoing-3 >> "{"value":".justify-content-end > div","using":"css selector"}"
11:18:21.290 [Forwarding findElement on session 313530c5c8b49625b5b5e5cfed482eda to remote] DEBUG org.apache.http.wire - http-outgoing-3 << "HTTP/1.1 200 OK[\r][\n]"
11:18:21.290 [Forwarding findElement on session 313530c5c8b49625b5b5e5cfed482eda to remote] DEBUG org.apache.http.wire - http-outgoing-3 << "Content-Length:88[\r][\n]"
11:18:21.290 [Forwarding findElement on session 313530c5c8b49625b5b5e5cfed482eda to remote] DEBUG org.apache.http.wire - http-outgoing-3 << "Content-Type:application/json; charset=utf-8[\r][\n]"
11:18:21.290 [Forwarding findElement on session 313530c5c8b49625b5b5e5cfed482eda to remote] DEBUG org.apache.http.wire - http-outgoing-3 << "cache-control:no-cache[\r][\n]"
11:18:21.290 [Forwarding findElement on session 313530c5c8b49625b5b5e5cfed482eda to remote] DEBUG org.apache.http.wire - http-outgoing-3 << "[\r][\n]"
11:18:21.290 [Forwarding findElement on session 313530c5c8b49625b5b5e5cfed482eda to remote] DEBUG org.apache.http.wire - http-outgoing-3 << "{"value":{"element-6066-11e4-a52e-4f735466cecf":"37849fef-51b4-4721-8226-3fd684e1490d"}}"
11:18:21.290 [Forwarding findElement on session 313530c5c8b49625b5b5e5cfed482eda to remote] DEBUG org.apache.http.headers - http-outgoing-3 << HTTP/1.1 200 OK
11:18:21.290 [Forwarding findElement on session 313530c5c8b49625b5b5e5cfed482eda to remote] DEBUG org.apache.http.headers - http-outgoing-3 << Content-Length:88
11:18:21.290 [Forwarding findElement on session 313530c5c8b49625b5b5e5cfed482eda to remote] DEBUG org.apache.http.headers - http-outgoing-3 << Content-Type:application/json; charset=utf-8
11:18:21.290 [Forwarding findElement on session 313530c5c8b49625b5b5e5cfed482eda to remote] DEBUG org.apache.http.headers - http-outgoing-3 << cache-control:no-cache
11:18:21.290 [Forwarding findElement on session 313530c5c8b49625b5b5e5cfed482eda to remote] DEBUG org.apache.http.impl.execchain.MainClientExec - Connection can be kept alive indefinitely
11:18:21.290 [Forwarding findElement on session 313530c5c8b49625b5b5e5cfed482eda to remote] DEBUG org.apache.http.impl.conn.PoolingHttpClientConnectionManager - Connection [id: 3][route: {}->http://localhost:38747] can be kept alive indefinitely
11:18:21.290 [Forwarding findElement on session 313530c5c8b49625b5b5e5cfed482eda to remote] DEBUG org.apache.http.impl.conn.PoolingHttpClientConnectionManager - Connection released: [id: 3][route: {}->http://localhost:38747][total kept alive: 4; route allocated: 1 of 2000; total allocated: 4 of 2000]
11:18:21.291 [Forwarding clickElement on session 313530c5c8b49625b5b5e5cfed482eda to remote] DEBUG org.apache.http.client.protocol.RequestAddCookies - CookieSpec selected: default
11:18:21.291 [Forwarding clickElement on session 313530c5c8b49625b5b5e5cfed482eda to remote] DEBUG org.apache.http.client.protocol.RequestAuthCache - Auth cache not set in the context
11:18:21.291 [Forwarding clickElement on session 313530c5c8b49625b5b5e5cfed482eda to remote] DEBUG org.apache.http.impl.conn.PoolingHttpClientConnectionManager - Connection request: [route: {}->http://localhost:38747][total kept alive: 4; route allocated: 1 of 2000; total allocated: 4 of 2000]
11:18:21.291 [Forwarding clickElement on session 313530c5c8b49625b5b5e5cfed482eda to remote] DEBUG org.apache.http.impl.conn.PoolingHttpClientConnectionManager - Connection leased: [id: 3][route: {}->http://localhost:38747][total kept alive: 3; route allocated: 1 of 2000; total allocated: 4 of 2000]
11:18:21.291 [Forwarding clickElement on session 313530c5c8b49625b5b5e5cfed482eda to remote] DEBUG org.apache.http.impl.execchain.MainClientExec - Stale connection check
11:18:21.292 [Forwarding clickElement on session 313530c5c8b49625b5b5e5cfed482eda to remote] DEBUG org.apache.http.wire - http-outgoing-3 << "[read] I/O error: Read timed out"
11:18:21.292 [Forwarding clickElement on session 313530c5c8b49625b5b5e5cfed482eda to remote] DEBUG org.apache.http.impl.conn.DefaultManagedHttpClientConnection - http-outgoing-3: set socket timeout to 10800000
11:18:21.292 [Forwarding clickElement on session 313530c5c8b49625b5b5e5cfed482eda to remote] DEBUG org.apache.http.impl.execchain.MainClientExec - Executing request POST /session/313530c5c8b49625b5b5e5cfed482eda/element/37849fef-51b4-4721-8226-3fd684e1490d/click HTTP/1.1
11:18:21.292 [Forwarding clickElement on session 313530c5c8b49625b5b5e5cfed482eda to remote] DEBUG org.apache.http.impl.execchain.MainClientExec - Target auth state: UNCHALLENGED
11:18:21.292 [Forwarding clickElement on session 313530c5c8b49625b5b5e5cfed482eda to remote] DEBUG org.apache.http.impl.execchain.MainClientExec - Proxy auth state: UNCHALLENGED
11:18:21.292 [Forwarding clickElement on session 313530c5c8b49625b5b5e5cfed482eda to remote] DEBUG org.apache.http.headers - http-outgoing-3 >> POST /session/313530c5c8b49625b5b5e5cfed482eda/element/37849fef-51b4-4721-8226-3fd684e1490d/click HTTP/1.1
11:18:21.292 [Forwarding clickElement on session 313530c5c8b49625b5b5e5cfed482eda to remote] DEBUG org.apache.http.headers - http-outgoing-3 >> Content-Type: application/json; charset=utf-8
11:18:21.292 [Forwarding clickElement on session 313530c5c8b49625b5b5e5cfed482eda to remote] DEBUG org.apache.http.headers - http-outgoing-3 >> Content-Length: 45
11:18:21.292 [Forwarding clickElement on session 313530c5c8b49625b5b5e5cfed482eda to remote] DEBUG org.apache.http.headers - http-outgoing-3 >> Host: localhost:38747
11:18:21.292 [Forwarding clickElement on session 313530c5c8b49625b5b5e5cfed482eda to remote] DEBUG org.apache.http.headers - http-outgoing-3 >> Connection: Keep-Alive
11:18:21.292 [Forwarding clickElement on session 313530c5c8b49625b5b5e5cfed482eda to remote] DEBUG org.apache.http.headers - http-outgoing-3 >> User-Agent: Apache-HttpClient/4.5.3 (Java/1.8.0_211)
11:18:21.292 [Forwarding clickElement on session 313530c5c8b49625b5b5e5cfed482eda to remote] DEBUG org.apache.http.headers - http-outgoing-3 >> Accept-Encoding: gzip,deflate
11:18:21.292 [Forwarding clickElement on session 313530c5c8b49625b5b5e5cfed482eda to remote] DEBUG org.apache.http.wire - http-outgoing-3 >> "POST /session/313530c5c8b49625b5b5e5cfed482eda/element/37849fef-51b4-4721-8226-3fd684e1490d/click HTTP/1.1[\r][\n]"
11:18:21.292 [Forwarding clickElement on session 313530c5c8b49625b5b5e5cfed482eda to remote] DEBUG org.apache.http.wire - http-outgoing-3 >> "Content-Type: application/json; charset=utf-8[\r][\n]"
11:18:21.292 [Forwarding clickElement on session 313530c5c8b49625b5b5e5cfed482eda to remote] DEBUG org.apache.http.wire - http-outgoing-3 >> "Content-Length: 45[\r][\n]"
11:18:21.292 [Forwarding clickElement on session 313530c5c8b49625b5b5e5cfed482eda to remote] DEBUG org.apache.http.wire - http-outgoing-3 >> "Host: localhost:38747[\r][\n]"
11:18:21.292 [Forwarding clickElement on session 313530c5c8b49625b5b5e5cfed482eda to remote] DEBUG org.apache.http.wire - http-outgoing-3 >> "Connection: Keep-Alive[\r][\n]"
11:18:21.292 [Forwarding clickElement on session 313530c5c8b49625b5b5e5cfed482eda to remote] DEBUG org.apache.http.wire - http-outgoing-3 >> "User-Agent: Apache-HttpClient/4.5.3 (Java/1.8.0_211)[\r][\n]"
11:18:21.292 [Forwarding clickElement on session 313530c5c8b49625b5b5e5cfed482eda to remote] DEBUG org.apache.http.wire - http-outgoing-3 >> "Accept-Encoding: gzip,deflate[\r][\n]"
11:18:21.292 [Forwarding clickElement on session 313530c5c8b49625b5b5e5cfed482eda to remote] DEBUG org.apache.http.wire - http-outgoing-3 >> "[\r][\n]"
11:18:21.292 [Forwarding clickElement on session 313530c5c8b49625b5b5e5cfed482eda to remote] DEBUG org.apache.http.wire - http-outgoing-3 >> "{"id":"37849fef-51b4-4721-8226-3fd684e1490d"}"
11:18:21.438 [Forwarding clickElement on session 313530c5c8b49625b5b5e5cfed482eda to remote] DEBUG org.apache.http.wire - http-outgoing-3 << "HTTP/1.1 200 OK[\r][\n]"
11:18:21.438 [Forwarding clickElement on session 313530c5c8b49625b5b5e5cfed482eda to remote] DEBUG org.apache.http.wire - http-outgoing-3 << "Content-Length:14[\r][\n]"
11:18:21.438 [Forwarding clickElement on session 313530c5c8b49625b5b5e5cfed482eda to remote] DEBUG org.apache.http.wire - http-outgoing-3 << "Content-Type:application/json; charset=utf-8[\r][\n]"
11:18:21.438 [Forwarding clickElement on session 313530c5c8b49625b5b5e5cfed482eda to remote] DEBUG org.apache.http.wire - http-outgoing-3 << "cache-control:no-cache[\r][\n]"
11:18:21.438 [Forwarding clickElement on session 313530c5c8b49625b5b5e5cfed482eda to remote] DEBUG org.apache.http.wire - http-outgoing-3 << "[\r][\n]"
11:18:21.438 [Forwarding clickElement on session 313530c5c8b49625b5b5e5cfed482eda to remote] DEBUG org.apache.http.wire - http-outgoing-3 << "{"value":null}"
11:18:21.438 [Forwarding clickElement on session 313530c5c8b49625b5b5e5cfed482eda to remote] DEBUG org.apache.http.headers - http-outgoing-3 << HTTP/1.1 200 OK
11:18:21.438 [Forwarding clickElement on session 313530c5c8b49625b5b5e5cfed482eda to remote] DEBUG org.apache.http.headers - http-outgoing-3 << Content-Length:14
11:18:21.438 [Forwarding clickElement on session 313530c5c8b49625b5b5e5cfed482eda to remote] DEBUG org.apache.http.headers - http-outgoing-3 << Content-Type:application/json; charset=utf-8
11:18:21.438 [Forwarding clickElement on session 313530c5c8b49625b5b5e5cfed482eda to remote] DEBUG org.apache.http.headers - http-outgoing-3 << cache-control:no-cache
11:18:21.438 [Forwarding clickElement on session 313530c5c8b49625b5b5e5cfed482eda to remote] DEBUG org.apache.http.impl.execchain.MainClientExec - Connection can be kept alive indefinitely
11:18:21.438 [Forwarding clickElement on session 313530c5c8b49625b5b5e5cfed482eda to remote] DEBUG org.apache.http.impl.conn.PoolingHttpClientConnectionManager - Connection [id: 3][route: {}->http://localhost:38747] can be kept alive indefinitely
11:18:21.438 [Forwarding clickElement on session 313530c5c8b49625b5b5e5cfed482eda to remote] DEBUG org.apache.http.impl.conn.PoolingHttpClientConnectionManager - Connection released: [id: 3][route: {}->http://localhost:38747][total kept alive: 4; route allocated: 1 of 2000; total allocated: 4 of 2000]
11:18:21.439 [Forwarding findElement on session 313530c5c8b49625b5b5e5cfed482eda to remote] DEBUG org.apache.http.client.protocol.RequestAddCookies - CookieSpec selected: default
11:18:21.439 [Forwarding findElement on session 313530c5c8b49625b5b5e5cfed482eda to remote] DEBUG org.apache.http.client.protocol.RequestAuthCache - Auth cache not set in the context
11:18:21.439 [Forwarding findElement on session 313530c5c8b49625b5b5e5cfed482eda to remote] DEBUG org.apache.http.impl.conn.PoolingHttpClientConnectionManager - Connection request: [route: {}->http://localhost:38747][total kept alive: 4; route allocated: 1 of 2000; total allocated: 4 of 2000]
11:18:21.439 [Forwarding findElement on session 313530c5c8b49625b5b5e5cfed482eda to remote] DEBUG org.apache.http.impl.conn.PoolingHttpClientConnectionManager - Connection leased: [id: 3][route: {}->http://localhost:38747][total kept alive: 3; route allocated: 1 of 2000; total allocated: 4 of 2000]
11:18:21.439 [Forwarding findElement on session 313530c5c8b49625b5b5e5cfed482eda to remote] DEBUG org.apache.http.impl.execchain.MainClientExec - Stale connection check
11:18:21.441 [Forwarding findElement on session 313530c5c8b49625b5b5e5cfed482eda to remote] DEBUG org.apache.http.wire - http-outgoing-3 << "[read] I/O error: Read timed out"
11:18:21.441 [Forwarding findElement on session 313530c5c8b49625b5b5e5cfed482eda to remote] DEBUG org.apache.http.impl.conn.DefaultManagedHttpClientConnection - http-outgoing-3: set socket timeout to 10800000
11:18:21.441 [Forwarding findElement on session 313530c5c8b49625b5b5e5cfed482eda to remote] DEBUG org.apache.http.impl.execchain.MainClientExec - Executing request POST /session/313530c5c8b49625b5b5e5cfed482eda/element HTTP/1.1
11:18:21.441 [Forwarding findElement on session 313530c5c8b49625b5b5e5cfed482eda to remote] DEBUG org.apache.http.impl.execchain.MainClientExec - Target auth state: UNCHALLENGED
11:18:21.441 [Forwarding findElement on session 313530c5c8b49625b5b5e5cfed482eda to remote] DEBUG org.apache.http.impl.execchain.MainClientExec - Proxy auth state: UNCHALLENGED
11:18:21.441 [Forwarding findElement on session 313530c5c8b49625b5b5e5cfed482eda to remote] DEBUG org.apache.http.headers - http-outgoing-3 >> POST /session/313530c5c8b49625b5b5e5cfed482eda/element HTTP/1.1
11:18:21.441 [Forwarding findElement on session 313530c5c8b49625b5b5e5cfed482eda to remote] DEBUG org.apache.http.headers - http-outgoing-3 >> Content-Type: application/json; charset=utf-8
11:18:21.441 [Forwarding findElement on session 313530c5c8b49625b5b5e5cfed482eda to remote] DEBUG org.apache.http.headers - http-outgoing-3 >> Content-Length: 53
11:18:21.441 [Forwarding findElement on session 313530c5c8b49625b5b5e5cfed482eda to remote] DEBUG org.apache.http.headers - http-outgoing-3 >> Host: localhost:38747
11:18:21.441 [Forwarding findElement on session 313530c5c8b49625b5b5e5cfed482eda to remote] DEBUG org.apache.http.headers - http-outgoing-3 >> Connection: Keep-Alive
11:18:21.441 [Forwarding findElement on session 313530c5c8b49625b5b5e5cfed482eda to remote] DEBUG org.apache.http.headers - http-outgoing-3 >> User-Agent: Apache-HttpClient/4.5.3 (Java/1.8.0_211)
11:18:21.441 [Forwarding findElement on session 313530c5c8b49625b5b5e5cfed482eda to remote] DEBUG org.apache.http.headers - http-outgoing-3 >> Accept-Encoding: gzip,deflate
11:18:21.441 [Forwarding findElement on session 313530c5c8b49625b5b5e5cfed482eda to remote] DEBUG org.apache.http.wire - http-outgoing-3 >> "POST /session/313530c5c8b49625b5b5e5cfed482eda/element HTTP/1.1[\r][\n]"
11:18:21.441 [Forwarding findElement on session 313530c5c8b49625b5b5e5cfed482eda to remote] DEBUG org.apache.http.wire - http-outgoing-3 >> "Content-Type: application/json; charset=utf-8[\r][\n]"
11:18:21.441 [Forwarding findElement on session 313530c5c8b49625b5b5e5cfed482eda to remote] DEBUG org.apache.http.wire - http-outgoing-3 >> "Content-Length: 53[\r][\n]"
11:18:21.441 [Forwarding findElement on session 313530c5c8b49625b5b5e5cfed482eda to remote] DEBUG org.apache.http.wire - http-outgoing-3 >> "Host: localhost:38747[\r][\n]"
11:18:21.441 [Forwarding findElement on session 313530c5c8b49625b5b5e5cfed482eda to remote] DEBUG org.apache.http.wire - http-outgoing-3 >> "Connection: Keep-Alive[\r][\n]"
11:18:21.441 [Forwarding findElement on session 313530c5c8b49625b5b5e5cfed482eda to remote] DEBUG org.apache.http.wire - http-outgoing-3 >> "User-Agent: Apache-HttpClient/4.5.3 (Java/1.8.0_211)[\r][\n]"
11:18:21.441 [Forwarding findElement on session 313530c5c8b49625b5b5e5cfed482eda to remote] DEBUG org.apache.http.wire - http-outgoing-3 >> "Accept-Encoding: gzip,deflate[\r][\n]"
11:18:21.441 [Forwarding findElement on session 313530c5c8b49625b5b5e5cfed482eda to remote] DEBUG org.apache.http.wire - http-outgoing-3 >> "[\r][\n]"
11:18:21.441 [Forwarding findElement on session 313530c5c8b49625b5b5e5cfed482eda to remote] DEBUG org.apache.http.wire - http-outgoing-3 >> "{"value":"span > .d-flex div","using":"css selector"}"
11:18:21.697 [Forwarding findElement on session 313530c5c8b49625b5b5e5cfed482eda to remote] DEBUG org.apache.http.wire - http-outgoing-3 << "HTTP/1.1 200 OK[\r][\n]"
11:18:21.698 [Forwarding findElement on session 313530c5c8b49625b5b5e5cfed482eda to remote] DEBUG org.apache.http.wire - http-outgoing-3 << "Content-Length:88[\r][\n]"
11:18:21.698 [Forwarding findElement on session 313530c5c8b49625b5b5e5cfed482eda to remote] DEBUG org.apache.http.wire - http-outgoing-3 << "Content-Type:application/json; charset=utf-8[\r][\n]"
11:18:21.698 [Forwarding findElement on session 313530c5c8b49625b5b5e5cfed482eda to remote] DEBUG org.apache.http.wire - http-outgoing-3 << "cache-control:no-cache[\r][\n]"
11:18:21.698 [Forwarding findElement on session 313530c5c8b49625b5b5e5cfed482eda to remote] DEBUG org.apache.http.wire - http-outgoing-3 << "[\r][\n]"
11:18:21.698 [Forwarding findElement on session 313530c5c8b49625b5b5e5cfed482eda to remote] DEBUG org.apache.http.wire - http-outgoing-3 << "{"value":{"element-6066-11e4-a52e-4f735466cecf":"c72c9cc4-766e-4f4d-b7c5-e2611acd2bad"}}"
11:18:21.698 [Forwarding findElement on session 313530c5c8b49625b5b5e5cfed482eda to remote] DEBUG org.apache.http.headers - http-outgoing-3 << HTTP/1.1 200 OK
11:18:21.698 [Forwarding findElement on session 313530c5c8b49625b5b5e5cfed482eda to remote] DEBUG org.apache.http.headers - http-outgoing-3 << Content-Length:88
11:18:21.698 [Forwarding findElement on session 313530c5c8b49625b5b5e5cfed482eda to remote] DEBUG org.apache.http.headers - http-outgoing-3 << Content-Type:application/json; charset=utf-8
11:18:21.698 [Forwarding findElement on session 313530c5c8b49625b5b5e5cfed482eda to remote] DEBUG org.apache.http.headers - http-outgoing-3 << cache-control:no-cache
11:18:21.698 [Forwarding findElement on session 313530c5c8b49625b5b5e5cfed482eda to remote] DEBUG org.apache.http.impl.execchain.MainClientExec - Connection can be kept alive indefinitely
11:18:21.698 [Forwarding findElement on session 313530c5c8b49625b5b5e5cfed482eda to remote] DEBUG org.apache.http.impl.conn.PoolingHttpClientConnectionManager - Connection [id: 3][route: {}->http://localhost:38747] can be kept alive indefinitely
11:18:21.698 [Forwarding findElement on session 313530c5c8b49625b5b5e5cfed482eda to remote] DEBUG org.apache.http.impl.conn.PoolingHttpClientConnectionManager - Connection released: [id: 3][route: {}->http://localhost:38747][total kept alive: 4; route allocated: 1 of 2000; total allocated: 4 of 2000]
11:18:21.699 [Forwarding getElementText on session 313530c5c8b49625b5b5e5cfed482eda to remote] DEBUG org.apache.http.client.protocol.RequestAddCookies - CookieSpec selected: default
11:18:21.699 [Forwarding getElementText on session 313530c5c8b49625b5b5e5cfed482eda to remote] DEBUG org.apache.http.client.protocol.RequestAuthCache - Auth cache not set in the context
11:18:21.699 [Forwarding getElementText on session 313530c5c8b49625b5b5e5cfed482eda to remote] DEBUG org.apache.http.impl.conn.PoolingHttpClientConnectionManager - Connection request: [route: {}->http://localhost:38747][total kept alive: 4; route allocated: 1 of 2000; total allocated: 4 of 2000]
11:18:21.699 [Forwarding getElementText on session 313530c5c8b49625b5b5e5cfed482eda to remote] DEBUG org.apache.http.impl.conn.PoolingHttpClientConnectionManager - Connection leased: [id: 3][route: {}->http://localhost:38747][total kept alive: 3; route allocated: 1 of 2000; total allocated: 4 of 2000]
11:18:21.699 [Forwarding getElementText on session 313530c5c8b49625b5b5e5cfed482eda to remote] DEBUG org.apache.http.impl.execchain.MainClientExec - Stale connection check
11:18:21.700 [Forwarding getElementText on session 313530c5c8b49625b5b5e5cfed482eda to remote] DEBUG org.apache.http.wire - http-outgoing-3 << "[read] I/O error: Read timed out"
11:18:21.700 [Forwarding getElementText on session 313530c5c8b49625b5b5e5cfed482eda to remote] DEBUG org.apache.http.impl.conn.DefaultManagedHttpClientConnection - http-outgoing-3: set socket timeout to 10800000
11:18:21.700 [Forwarding getElementText on session 313530c5c8b49625b5b5e5cfed482eda to remote] DEBUG org.apache.http.impl.execchain.MainClientExec - Executing request GET /session/313530c5c8b49625b5b5e5cfed482eda/element/c72c9cc4-766e-4f4d-b7c5-e2611acd2bad/text HTTP/1.1
11:18:21.700 [Forwarding getElementText on session 313530c5c8b49625b5b5e5cfed482eda to remote] DEBUG org.apache.http.impl.execchain.MainClientExec - Target auth state: UNCHALLENGED
11:18:21.700 [Forwarding getElementText on session 313530c5c8b49625b5b5e5cfed482eda to remote] DEBUG org.apache.http.impl.execchain.MainClientExec - Proxy auth state: UNCHALLENGED
11:18:21.700 [Forwarding getElementText on session 313530c5c8b49625b5b5e5cfed482eda to remote] DEBUG org.apache.http.headers - http-outgoing-3 >> GET /session/313530c5c8b49625b5b5e5cfed482eda/element/c72c9cc4-766e-4f4d-b7c5-e2611acd2bad/text HTTP/1.1
11:18:21.700 [Forwarding getElementText on session 313530c5c8b49625b5b5e5cfed482eda to remote] DEBUG org.apache.http.headers - http-outgoing-3 >> Cache-Control: no-cache
11:18:21.700 [Forwarding getElementText on session 313530c5c8b49625b5b5e5cfed482eda to remote] DEBUG org.apache.http.headers - http-outgoing-3 >> Host: localhost:38747
11:18:21.700 [Forwarding getElementText on session 313530c5c8b49625b5b5e5cfed482eda to remote] DEBUG org.apache.http.headers - http-outgoing-3 >> Connection: Keep-Alive
11:18:21.700 [Forwarding getElementText on session 313530c5c8b49625b5b5e5cfed482eda to remote] DEBUG org.apache.http.headers - http-outgoing-3 >> User-Agent: Apache-HttpClient/4.5.3 (Java/1.8.0_211)
11:18:21.700 [Forwarding getElementText on session 313530c5c8b49625b5b5e5cfed482eda to remote] DEBUG org.apache.http.headers - http-outgoing-3 >> Accept-Encoding: gzip,deflate
11:18:21.700 [Forwarding getElementText on session 313530c5c8b49625b5b5e5cfed482eda to remote] DEBUG org.apache.http.wire - http-outgoing-3 >> "GET /session/313530c5c8b49625b5b5e5cfed482eda/element/c72c9cc4-766e-4f4d-b7c5-e2611acd2bad/text HTTP/1.1[\r][\n]"
11:18:21.700 [Forwarding getElementText on session 313530c5c8b49625b5b5e5cfed482eda to remote] DEBUG org.apache.http.wire - http-outgoing-3 >> "Cache-Control: no-cache[\r][\n]"
11:18:21.700 [Forwarding getElementText on session 313530c5c8b49625b5b5e5cfed482eda to remote] DEBUG org.apache.http.wire - http-outgoing-3 >> "Host: localhost:38747[\r][\n]"
11:18:21.700 [Forwarding getElementText on session 313530c5c8b49625b5b5e5cfed482eda to remote] DEBUG org.apache.http.wire - http-outgoing-3 >> "Connection: Keep-Alive[\r][\n]"
11:18:21.700 [Forwarding getElementText on session 313530c5c8b49625b5b5e5cfed482eda to remote] DEBUG org.apache.http.wire - http-outgoing-3 >> "User-Agent: Apache-HttpClient/4.5.3 (Java/1.8.0_211)[\r][\n]"
11:18:21.700 [Forwarding getElementText on session 313530c5c8b49625b5b5e5cfed482eda to remote] DEBUG org.apache.http.wire - http-outgoing-3 >> "Accept-Encoding: gzip,deflate[\r][\n]"
11:18:21.700 [Forwarding getElementText on session 313530c5c8b49625b5b5e5cfed482eda to remote] DEBUG org.apache.http.wire - http-outgoing-3 >> "[\r][\n]"
11:18:21.708 [Forwarding getElementText on session 313530c5c8b49625b5b5e5cfed482eda to remote] DEBUG org.apache.http.wire - http-outgoing-3 << "HTTP/1.1 200 OK[\r][\n]"
11:18:21.708 [Forwarding getElementText on session 313530c5c8b49625b5b5e5cfed482eda to remote] DEBUG org.apache.http.wire - http-outgoing-3 << "Content-Length:46[\r][\n]"
11:18:21.708 [Forwarding getElementText on session 313530c5c8b49625b5b5e5cfed482eda to remote] DEBUG org.apache.http.wire - http-outgoing-3 << "Content-Type:application/json; charset=utf-8[\r][\n]"
11:18:21.708 [Forwarding getElementText on session 313530c5c8b49625b5b5e5cfed482eda to remote] DEBUG org.apache.http.wire - http-outgoing-3 << "cache-control:no-cache[\r][\n]"
11:18:21.708 [Forwarding getElementText on session 313530c5c8b49625b5b5e5cfed482eda to remote] DEBUG org.apache.http.wire - http-outgoing-3 << "[\r][\n]"
11:18:21.708 [Forwarding getElementText on session 313530c5c8b49625b5b5e5cfed482eda to remote] DEBUG org.apache.http.wire - http-outgoing-3 << "{"value":"TN2jfdYCX9vvozqjwVvPjMd7vRj8HKyxUe"}"
11:18:21.709 [Forwarding getElementText on session 313530c5c8b49625b5b5e5cfed482eda to remote] DEBUG org.apache.http.headers - http-outgoing-3 << HTTP/1.1 200 OK
11:18:21.709 [Forwarding getElementText on session 313530c5c8b49625b5b5e5cfed482eda to remote] DEBUG org.apache.http.headers - http-outgoing-3 << Content-Length:46
11:18:21.709 [Forwarding getElementText on session 313530c5c8b49625b5b5e5cfed482eda to remote] DEBUG org.apache.http.headers - http-outgoing-3 << Content-Type:application/json; charset=utf-8
11:18:21.709 [Forwarding getElementText on session 313530c5c8b49625b5b5e5cfed482eda to remote] DEBUG org.apache.http.headers - http-outgoing-3 << cache-control:no-cache
11:18:21.709 [Forwarding getElementText on session 313530c5c8b49625b5b5e5cfed482eda to remote] DEBUG org.apache.http.impl.execchain.MainClientExec - Connection can be kept alive indefinitely
11:18:21.709 [Forwarding getElementText on session 313530c5c8b49625b5b5e5cfed482eda to remote] DEBUG org.apache.http.impl.conn.PoolingHttpClientConnectionManager - Connection [id: 3][route: {}->http://localhost:38747] can be kept alive indefinitely
11:18:21.709 [Forwarding getElementText on session 313530c5c8b49625b5b5e5cfed482eda to remote] DEBUG org.apache.http.impl.conn.PoolingHttpClientConnectionManager - Connection released: [id: 3][route: {}->http://localhost:38747][total kept alive: 4; route allocated: 1 of 2000; total allocated: 4 of 2000]
11:18:21.912 [Forwarding findElement on session 313530c5c8b49625b5b5e5cfed482eda to remote] DEBUG org.apache.http.client.protocol.RequestAddCookies - CookieSpec selected: default
11:18:21.912 [Forwarding findElement on session 313530c5c8b49625b5b5e5cfed482eda to remote] DEBUG org.apache.http.client.protocol.RequestAuthCache - Auth cache not set in the context
11:18:21.912 [Forwarding findElement on session 313530c5c8b49625b5b5e5cfed482eda to remote] DEBUG org.apache.http.impl.conn.PoolingHttpClientConnectionManager - Connection request: [route: {}->http://localhost:38747][total kept alive: 4; route allocated: 1 of 2000; total allocated: 4 of 2000]
11:18:21.912 [Forwarding findElement on session 313530c5c8b49625b5b5e5cfed482eda to remote] DEBUG org.apache.http.impl.conn.PoolingHttpClientConnectionManager - Connection leased: [id: 3][route: {}->http://localhost:38747][total kept alive: 3; route allocated: 1 of 2000; total allocated: 4 of 2000]
11:18:21.912 [Forwarding findElement on session 313530c5c8b49625b5b5e5cfed482eda to remote] DEBUG org.apache.http.impl.execchain.MainClientExec - Stale connection check
11:18:21.913 [Forwarding findElement on session 313530c5c8b49625b5b5e5cfed482eda to remote] DEBUG org.apache.http.wire - http-outgoing-3 << "[read] I/O error: Read timed out"
11:18:21.913 [Forwarding findElement on session 313530c5c8b49625b5b5e5cfed482eda to remote] DEBUG org.apache.http.impl.conn.DefaultManagedHttpClientConnection - http-outgoing-3: set socket timeout to 10800000
11:18:21.913 [Forwarding findElement on session 313530c5c8b49625b5b5e5cfed482eda to remote] DEBUG org.apache.http.impl.execchain.MainClientExec - Executing request POST /session/313530c5c8b49625b5b5e5cfed482eda/element HTTP/1.1
11:18:21.913 [Forwarding findElement on session 313530c5c8b49625b5b5e5cfed482eda to remote] DEBUG org.apache.http.impl.execchain.MainClientExec - Target auth state: UNCHALLENGED
11:18:21.913 [Forwarding findElement on session 313530c5c8b49625b5b5e5cfed482eda to remote] DEBUG org.apache.http.impl.execchain.MainClientExec - Proxy auth state: UNCHALLENGED
11:18:21.913 [Forwarding findElement on session 313530c5c8b49625b5b5e5cfed482eda to remote] DEBUG org.apache.http.headers - http-outgoing-3 >> POST /session/313530c5c8b49625b5b5e5cfed482eda/element HTTP/1.1
11:18:21.913 [Forwarding findElement on session 313530c5c8b49625b5b5e5cfed482eda to remote] DEBUG org.apache.http.headers - http-outgoing-3 >> Content-Type: application/json; charset=utf-8
11:18:21.913 [Forwarding findElement on session 313530c5c8b49625b5b5e5cfed482eda to remote] DEBUG org.apache.http.headers - http-outgoing-3 >> Content-Length: 58
11:18:21.913 [Forwarding findElement on session 313530c5c8b49625b5b5e5cfed482eda to remote] DEBUG org.apache.http.headers - http-outgoing-3 >> Host: localhost:38747
11:18:21.913 [Forwarding findElement on session 313530c5c8b49625b5b5e5cfed482eda to remote] DEBUG org.apache.http.headers - http-outgoing-3 >> Connection: Keep-Alive
11:18:21.913 [Forwarding findElement on session 313530c5c8b49625b5b5e5cfed482eda to remote] DEBUG org.apache.http.headers - http-outgoing-3 >> User-Agent: Apache-HttpClient/4.5.3 (Java/1.8.0_211)
11:18:21.913 [Forwarding findElement on session 313530c5c8b49625b5b5e5cfed482eda to remote] DEBUG org.apache.http.headers - http-outgoing-3 >> Accept-Encoding: gzip,deflate
11:18:21.913 [Forwarding findElement on session 313530c5c8b49625b5b5e5cfed482eda to remote] DEBUG org.apache.http.wire - http-outgoing-3 >> "POST /session/313530c5c8b49625b5b5e5cfed482eda/element HTTP/1.1[\r][\n]"
11:18:21.913 [Forwarding findElement on session 313530c5c8b49625b5b5e5cfed482eda to remote] DEBUG org.apache.http.wire - http-outgoing-3 >> "Content-Type: application/json; charset=utf-8[\r][\n]"
11:18:21.913 [Forwarding findElement on session 313530c5c8b49625b5b5e5cfed482eda to remote] DEBUG org.apache.http.wire - http-outgoing-3 >> "Content-Length: 58[\r][\n]"
11:18:21.913 [Forwarding findElement on session 313530c5c8b49625b5b5e5cfed482eda to remote] DEBUG org.apache.http.wire - http-outgoing-3 >> "Host: localhost:38747[\r][\n]"
11:18:21.913 [Forwarding findElement on session 313530c5c8b49625b5b5e5cfed482eda to remote] DEBUG org.apache.http.wire - http-outgoing-3 >> "Connection: Keep-Alive[\r][\n]"
11:18:21.913 [Forwarding findElement on session 313530c5c8b49625b5b5e5cfed482eda to remote] DEBUG org.apache.http.wire - http-outgoing-3 >> "User-Agent: Apache-HttpClient/4.5.3 (Java/1.8.0_211)[\r][\n]"
11:18:21.913 [Forwarding findElement on session 313530c5c8b49625b5b5e5cfed482eda to remote] DEBUG org.apache.http.wire - http-outgoing-3 >> "Accept-Encoding: gzip,deflate[\r][\n]"
11:18:21.913 [Forwarding findElement on session 313530c5c8b49625b5b5e5cfed482eda to remote] DEBUG org.apache.http.wire - http-outgoing-3 >> "[\r][\n]"
11:18:21.913 [Forwarding findElement on session 313530c5c8b49625b5b5e5cfed482eda to remote] DEBUG org.apache.http.wire - http-outgoing-3 >> "{"value":".dropdown-toggle > span","using":"css selector"}"
11:18:21.916 [Forwarding findElement on session 313530c5c8b49625b5b5e5cfed482eda to remote] DEBUG org.apache.http.wire - http-outgoing-3 << "HTTP/1.1 200 OK[\r][\n]"
11:18:21.916 [Forwarding findElement on session 313530c5c8b49625b5b5e5cfed482eda to remote] DEBUG org.apache.http.wire - http-outgoing-3 << "Content-Length:88[\r][\n]"
11:18:21.916 [Forwarding findElement on session 313530c5c8b49625b5b5e5cfed482eda to remote] DEBUG org.apache.http.wire - http-outgoing-3 << "Content-Type:application/json; charset=utf-8[\r][\n]"
11:18:21.916 [Forwarding findElement on session 313530c5c8b49625b5b5e5cfed482eda to remote] DEBUG org.apache.http.wire - http-outgoing-3 << "cache-control:no-cache[\r][\n]"
11:18:21.916 [Forwarding findElement on session 313530c5c8b49625b5b5e5cfed482eda to remote] DEBUG org.apache.http.wire - http-outgoing-3 << "[\r][\n]"
11:18:21.916 [Forwarding findElement on session 313530c5c8b49625b5b5e5cfed482eda to remote] DEBUG org.apache.http.wire - http-outgoing-3 << "{"value":{"element-6066-11e4-a52e-4f735466cecf":"db67b3ec-a1d3-462d-812e-48758fcff4ea"}}"
11:18:21.916 [Forwarding findElement on session 313530c5c8b49625b5b5e5cfed482eda to remote] DEBUG org.apache.http.headers - http-outgoing-3 << HTTP/1.1 200 OK
11:18:21.916 [Forwarding findElement on session 313530c5c8b49625b5b5e5cfed482eda to remote] DEBUG org.apache.http.headers - http-outgoing-3 << Content-Length:88
11:18:21.916 [Forwarding findElement on session 313530c5c8b49625b5b5e5cfed482eda to remote] DEBUG org.apache.http.headers - http-outgoing-3 << Content-Type:application/json; charset=utf-8
11:18:21.916 [Forwarding findElement on session 313530c5c8b49625b5b5e5cfed482eda to remote] DEBUG org.apache.http.headers - http-outgoing-3 << cache-control:no-cache
11:18:21.916 [Forwarding findElement on session 313530c5c8b49625b5b5e5cfed482eda to remote] DEBUG org.apache.http.impl.execchain.MainClientExec - Connection can be kept alive indefinitely
11:18:21.917 [Forwarding findElement on session 313530c5c8b49625b5b5e5cfed482eda to remote] DEBUG org.apache.http.impl.conn.PoolingHttpClientConnectionManager - Connection [id: 3][route: {}->http://localhost:38747] can be kept alive indefinitely
11:18:21.917 [Forwarding findElement on session 313530c5c8b49625b5b5e5cfed482eda to remote] DEBUG org.apache.http.impl.conn.PoolingHttpClientConnectionManager - Connection released: [id: 3][route: {}->http://localhost:38747][total kept alive: 4; route allocated: 1 of 2000; total allocated: 4 of 2000]
11:18:21.917 [Forwarding actions on session 313530c5c8b49625b5b5e5cfed482eda to remote] DEBUG org.apache.http.client.protocol.RequestAddCookies - CookieSpec selected: default
11:18:21.917 [Forwarding actions on session 313530c5c8b49625b5b5e5cfed482eda to remote] DEBUG org.apache.http.client.protocol.RequestAuthCache - Auth cache not set in the context
11:18:21.917 [Forwarding actions on session 313530c5c8b49625b5b5e5cfed482eda to remote] DEBUG org.apache.http.impl.conn.PoolingHttpClientConnectionManager - Connection request: [route: {}->http://localhost:38747][total kept alive: 4; route allocated: 1 of 2000; total allocated: 4 of 2000]
11:18:21.917 [Forwarding actions on session 313530c5c8b49625b5b5e5cfed482eda to remote] DEBUG org.apache.http.impl.conn.PoolingHttpClientConnectionManager - Connection leased: [id: 3][route: {}->http://localhost:38747][total kept alive: 3; route allocated: 1 of 2000; total allocated: 4 of 2000]
11:18:21.917 [Forwarding actions on session 313530c5c8b49625b5b5e5cfed482eda to remote] DEBUG org.apache.http.impl.execchain.MainClientExec - Stale connection check
11:18:21.919 [Forwarding actions on session 313530c5c8b49625b5b5e5cfed482eda to remote] DEBUG org.apache.http.wire - http-outgoing-3 << "[read] I/O error: Read timed out"
11:18:21.919 [Forwarding actions on session 313530c5c8b49625b5b5e5cfed482eda to remote] DEBUG org.apache.http.impl.conn.DefaultManagedHttpClientConnection - http-outgoing-3: set socket timeout to 10800000
11:18:21.919 [Forwarding actions on session 313530c5c8b49625b5b5e5cfed482eda to remote] DEBUG org.apache.http.impl.execchain.MainClientExec - Executing request POST /session/313530c5c8b49625b5b5e5cfed482eda/actions HTTP/1.1
11:18:21.919 [Forwarding actions on session 313530c5c8b49625b5b5e5cfed482eda to remote] DEBUG org.apache.http.impl.execchain.MainClientExec - Target auth state: UNCHALLENGED
11:18:21.919 [Forwarding actions on session 313530c5c8b49625b5b5e5cfed482eda to remote] DEBUG org.apache.http.impl.execchain.MainClientExec - Proxy auth state: UNCHALLENGED
11:18:21.919 [Forwarding actions on session 313530c5c8b49625b5b5e5cfed482eda to remote] DEBUG org.apache.http.headers - http-outgoing-3 >> POST /session/313530c5c8b49625b5b5e5cfed482eda/actions HTTP/1.1
11:18:21.919 [Forwarding actions on session 313530c5c8b49625b5b5e5cfed482eda to remote] DEBUG org.apache.http.headers - http-outgoing-3 >> Content-Type: application/json; charset=utf-8
11:18:21.919 [Forwarding actions on session 313530c5c8b49625b5b5e5cfed482eda to remote] DEBUG org.apache.http.headers - http-outgoing-3 >> Content-Length: 289
11:18:21.919 [Forwarding actions on session 313530c5c8b49625b5b5e5cfed482eda to remote] DEBUG org.apache.http.headers - http-outgoing-3 >> Host: localhost:38747
11:18:21.919 [Forwarding actions on session 313530c5c8b49625b5b5e5cfed482eda to remote] DEBUG org.apache.http.headers - http-outgoing-3 >> Connection: Keep-Alive
11:18:21.919 [Forwarding actions on session 313530c5c8b49625b5b5e5cfed482eda to remote] DEBUG org.apache.http.headers - http-outgoing-3 >> User-Agent: Apache-HttpClient/4.5.3 (Java/1.8.0_211)
11:18:21.919 [Forwarding actions on session 313530c5c8b49625b5b5e5cfed482eda to remote] DEBUG org.apache.http.headers - http-outgoing-3 >> Accept-Encoding: gzip,deflate
11:18:21.919 [Forwarding actions on session 313530c5c8b49625b5b5e5cfed482eda to remote] DEBUG org.apache.http.wire - http-outgoing-3 >> "POST /session/313530c5c8b49625b5b5e5cfed482eda/actions HTTP/1.1[\r][\n]"
11:18:21.919 [Forwarding actions on session 313530c5c8b49625b5b5e5cfed482eda to remote] DEBUG org.apache.http.wire - http-outgoing-3 >> "Content-Type: application/json; charset=utf-8[\r][\n]"
11:18:21.919 [Forwarding actions on session 313530c5c8b49625b5b5e5cfed482eda to remote] DEBUG org.apache.http.wire - http-outgoing-3 >> "Content-Length: 289[\r][\n]"
11:18:21.919 [Forwarding actions on session 313530c5c8b49625b5b5e5cfed482eda to remote] DEBUG org.apache.http.wire - http-outgoing-3 >> "Host: localhost:38747[\r][\n]"
11:18:21.919 [Forwarding actions on session 313530c5c8b49625b5b5e5cfed482eda to remote] DEBUG org.apache.http.wire - http-outgoing-3 >> "Connection: Keep-Alive[\r][\n]"
11:18:21.919 [Forwarding actions on session 313530c5c8b49625b5b5e5cfed482eda to remote] DEBUG org.apache.http.wire - http-outgoing-3 >> "User-Agent: Apache-HttpClient/4.5.3 (Java/1.8.0_211)[\r][\n]"
11:18:21.919 [Forwarding actions on session 313530c5c8b49625b5b5e5cfed482eda to remote] DEBUG org.apache.http.wire - http-outgoing-3 >> "Accept-Encoding: gzip,deflate[\r][\n]"
11:18:21.919 [Forwarding actions on session 313530c5c8b49625b5b5e5cfed482eda to remote] DEBUG org.apache.http.wire - http-outgoing-3 >> "[\r][\n]"
11:18:21.919 [Forwarding actions on session 313530c5c8b49625b5b5e5cfed482eda to remote] DEBUG org.apache.http.wire - http-outgoing-3 >> "{"actions":[{"id":"default mouse","type":"pointer","parameters":{"pointerType":"mouse"},"actions":[{"duration":100,"x":0,"y":0,"type":"pointerMove","origin":{"ELEMENT":"db67b3ec-a1d3-462d-812e-48758fcff4ea","element-6066-11e4-a52e-4f735466cecf":"db67b3ec-a1d3-462d-812e-48758fcff4ea"}}]}]}"
11:18:22.030 [Forwarding actions on session 313530c5c8b49625b5b5e5cfed482eda to remote] DEBUG org.apache.http.wire - http-outgoing-3 << "HTTP/1.1 200 OK[\r][\n]"
11:18:22.031 [Forwarding actions on session 313530c5c8b49625b5b5e5cfed482eda to remote] DEBUG org.apache.http.wire - http-outgoing-3 << "Content-Length:14[\r][\n]"
11:18:22.031 [Forwarding actions on session 313530c5c8b49625b5b5e5cfed482eda to remote] DEBUG org.apache.http.wire - http-outgoing-3 << "Content-Type:application/json; charset=utf-8[\r][\n]"
11:18:22.031 [Forwarding actions on session 313530c5c8b49625b5b5e5cfed482eda to remote] DEBUG org.apache.http.wire - http-outgoing-3 << "cache-control:no-cache[\r][\n]"
11:18:22.031 [Forwarding actions on session 313530c5c8b49625b5b5e5cfed482eda to remote] DEBUG org.apache.http.wire - http-outgoing-3 << "[\r][\n]"
11:18:22.031 [Forwarding actions on session 313530c5c8b49625b5b5e5cfed482eda to remote] DEBUG org.apache.http.wire - http-outgoing-3 << "{"value":null}"
11:18:22.031 [Forwarding actions on session 313530c5c8b49625b5b5e5cfed482eda to remote] DEBUG org.apache.http.headers - http-outgoing-3 << HTTP/1.1 200 OK
11:18:22.031 [Forwarding actions on session 313530c5c8b49625b5b5e5cfed482eda to remote] DEBUG org.apache.http.headers - http-outgoing-3 << Content-Length:14
11:18:22.031 [Forwarding actions on session 313530c5c8b49625b5b5e5cfed482eda to remote] DEBUG org.apache.http.headers - http-outgoing-3 << Content-Type:application/json; charset=utf-8
11:18:22.031 [Forwarding actions on session 313530c5c8b49625b5b5e5cfed482eda to remote] DEBUG org.apache.http.headers - http-outgoing-3 << cache-control:no-cache
11:18:22.031 [Forwarding actions on session 313530c5c8b49625b5b5e5cfed482eda to remote] DEBUG org.apache.http.impl.execchain.MainClientExec - Connection can be kept alive indefinitely
11:18:22.031 [Forwarding actions on session 313530c5c8b49625b5b5e5cfed482eda to remote] DEBUG org.apache.http.impl.conn.PoolingHttpClientConnectionManager - Connection [id: 3][route: {}->http://localhost:38747] can be kept alive indefinitely
11:18:22.031 [Forwarding actions on session 313530c5c8b49625b5b5e5cfed482eda to remote] DEBUG org.apache.http.impl.conn.PoolingHttpClientConnectionManager - Connection released: [id: 3][route: {}->http://localhost:38747][total kept alive: 4; route allocated: 1 of 2000; total allocated: 4 of 2000]
11:18:22.235 [Forwarding findElement on session 313530c5c8b49625b5b5e5cfed482eda to remote] DEBUG org.apache.http.client.protocol.RequestAddCookies - CookieSpec selected: default
11:18:22.235 [Forwarding findElement on session 313530c5c8b49625b5b5e5cfed482eda to remote] DEBUG org.apache.http.client.protocol.RequestAuthCache - Auth cache not set in the context
11:18:22.235 [Forwarding findElement on session 313530c5c8b49625b5b5e5cfed482eda to remote] DEBUG org.apache.http.impl.conn.PoolingHttpClientConnectionManager - Connection request: [route: {}->http://localhost:38747][total kept alive: 4; route allocated: 1 of 2000; total allocated: 4 of 2000]
11:18:22.235 [Forwarding findElement on session 313530c5c8b49625b5b5e5cfed482eda to remote] DEBUG org.apache.http.impl.conn.PoolingHttpClientConnectionManager - Connection leased: [id: 3][route: {}->http://localhost:38747][total kept alive: 3; route allocated: 1 of 2000; total allocated: 4 of 2000]
11:18:22.235 [Forwarding findElement on session 313530c5c8b49625b5b5e5cfed482eda to remote] DEBUG org.apache.http.impl.execchain.MainClientExec - Stale connection check
11:18:22.237 [Forwarding findElement on session 313530c5c8b49625b5b5e5cfed482eda to remote] DEBUG org.apache.http.wire - http-outgoing-3 << "[read] I/O error: Read timed out"
11:18:22.237 [Forwarding findElement on session 313530c5c8b49625b5b5e5cfed482eda to remote] DEBUG org.apache.http.impl.conn.DefaultManagedHttpClientConnection - http-outgoing-3: set socket timeout to 10800000
11:18:22.237 [Forwarding findElement on session 313530c5c8b49625b5b5e5cfed482eda to remote] DEBUG org.apache.http.impl.execchain.MainClientExec - Executing request POST /session/313530c5c8b49625b5b5e5cfed482eda/element HTTP/1.1
11:18:22.237 [Forwarding findElement on session 313530c5c8b49625b5b5e5cfed482eda to remote] DEBUG org.apache.http.impl.execchain.MainClientExec - Target auth state: UNCHALLENGED
11:18:22.237 [Forwarding findElement on session 313530c5c8b49625b5b5e5cfed482eda to remote] DEBUG org.apache.http.impl.execchain.MainClientExec - Proxy auth state: UNCHALLENGED
11:18:22.237 [Forwarding findElement on session 313530c5c8b49625b5b5e5cfed482eda to remote] DEBUG org.apache.http.headers - http-outgoing-3 >> POST /session/313530c5c8b49625b5b5e5cfed482eda/element HTTP/1.1
11:18:22.237 [Forwarding findElement on session 313530c5c8b49625b5b5e5cfed482eda to remote] DEBUG org.apache.http.headers - http-outgoing-3 >> Content-Type: application/json; charset=utf-8
11:18:22.237 [Forwarding findElement on session 313530c5c8b49625b5b5e5cfed482eda to remote] DEBUG org.apache.http.headers - http-outgoing-3 >> Content-Length: 87
11:18:22.237 [Forwarding findElement on session 313530c5c8b49625b5b5e5cfed482eda to remote] DEBUG org.apache.http.headers - http-outgoing-3 >> Host: localhost:38747
11:18:22.237 [Forwarding findElement on session 313530c5c8b49625b5b5e5cfed482eda to remote] DEBUG org.apache.http.headers - http-outgoing-3 >> Connection: Keep-Alive
11:18:22.237 [Forwarding findElement on session 313530c5c8b49625b5b5e5cfed482eda to remote] DEBUG org.apache.http.headers - http-outgoing-3 >> User-Agent: Apache-HttpClient/4.5.3 (Java/1.8.0_211)
11:18:22.237 [Forwarding findElement on session 313530c5c8b49625b5b5e5cfed482eda to remote] DEBUG org.apache.http.headers - http-outgoing-3 >> Accept-Encoding: gzip,deflate
11:18:22.237 [Forwarding findElement on session 313530c5c8b49625b5b5e5cfed482eda to remote] DEBUG org.apache.http.wire - http-outgoing-3 >> "POST /session/313530c5c8b49625b5b5e5cfed482eda/element HTTP/1.1[\r][\n]"
11:18:22.237 [Forwarding findElement on session 313530c5c8b49625b5b5e5cfed482eda to remote] DEBUG org.apache.http.wire - http-outgoing-3 >> "Content-Type: application/json; charset=utf-8[\r][\n]"
11:18:22.237 [Forwarding findElement on session 313530c5c8b49625b5b5e5cfed482eda to remote] DEBUG org.apache.http.wire - http-outgoing-3 >> "Content-Length: 87[\r][\n]"
11:18:22.237 [Forwarding findElement on session 313530c5c8b49625b5b5e5cfed482eda to remote] DEBUG org.apache.http.wire - http-outgoing-3 >> "Host: localhost:38747[\r][\n]"
11:18:22.237 [Forwarding findElement on session 313530c5c8b49625b5b5e5cfed482eda to remote] DEBUG org.apache.http.wire - http-outgoing-3 >> "Connection: Keep-Alive[\r][\n]"
11:18:22.237 [Forwarding findElement on session 313530c5c8b49625b5b5e5cfed482eda to remote] DEBUG org.apache.http.wire - http-outgoing-3 >> "User-Agent: Apache-HttpClient/4.5.3 (Java/1.8.0_211)[\r][\n]"
11:18:22.237 [Forwarding findElement on session 313530c5c8b49625b5b5e5cfed482eda to remote] DEBUG org.apache.http.wire - http-outgoing-3 >> "Accept-Encoding: gzip,deflate[\r][\n]"
11:18:22.237 [Forwarding findElement on session 313530c5c8b49625b5b5e5cfed482eda to remote] DEBUG org.apache.http.wire - http-outgoing-3 >> "[\r][\n]"
11:18:22.237 [Forwarding findElement on session 313530c5c8b49625b5b5e5cfed482eda to remote] DEBUG org.apache.http.wire - http-outgoing-3 >> "{"value":"#navbar-top > ul > li:nth-child(2) > span > a > span","using":"css selector"}"
11:18:22.243 [Forwarding findElement on session 313530c5c8b49625b5b5e5cfed482eda to remote] DEBUG org.apache.http.wire - http-outgoing-3 << "HTTP/1.1 200 OK[\r][\n]"
11:18:22.243 [Forwarding findElement on session 313530c5c8b49625b5b5e5cfed482eda to remote] DEBUG org.apache.http.wire - http-outgoing-3 << "Content-Length:88[\r][\n]"
11:18:22.243 [Forwarding findElement on session 313530c5c8b49625b5b5e5cfed482eda to remote] DEBUG org.apache.http.wire - http-outgoing-3 << "Content-Type:application/json; charset=utf-8[\r][\n]"
11:18:22.243 [Forwarding findElement on session 313530c5c8b49625b5b5e5cfed482eda to remote] DEBUG org.apache.http.wire - http-outgoing-3 << "cache-control:no-cache[\r][\n]"
11:18:22.243 [Forwarding findElement on session 313530c5c8b49625b5b5e5cfed482eda to remote] DEBUG org.apache.http.wire - http-outgoing-3 << "[\r][\n]"
11:18:22.243 [Forwarding findElement on session 313530c5c8b49625b5b5e5cfed482eda to remote] DEBUG org.apache.http.wire - http-outgoing-3 << "{"value":{"element-6066-11e4-a52e-4f735466cecf":"12660d54-6221-4b53-a6b8-65f7fda789a2"}}"
11:18:22.243 [Forwarding findElement on session 313530c5c8b49625b5b5e5cfed482eda to remote] DEBUG org.apache.http.headers - http-outgoing-3 << HTTP/1.1 200 OK
11:18:22.243 [Forwarding findElement on session 313530c5c8b49625b5b5e5cfed482eda to remote] DEBUG org.apache.http.headers - http-outgoing-3 << Content-Length:88
11:18:22.243 [Forwarding findElement on session 313530c5c8b49625b5b5e5cfed482eda to remote] DEBUG org.apache.http.headers - http-outgoing-3 << Content-Type:application/json; charset=utf-8
11:18:22.243 [Forwarding findElement on session 313530c5c8b49625b5b5e5cfed482eda to remote] DEBUG org.apache.http.headers - http-outgoing-3 << cache-control:no-cache
11:18:22.243 [Forwarding findElement on session 313530c5c8b49625b5b5e5cfed482eda to remote] DEBUG org.apache.http.impl.execchain.MainClientExec - Connection can be kept alive indefinitely
11:18:22.243 [Forwarding findElement on session 313530c5c8b49625b5b5e5cfed482eda to remote] DEBUG org.apache.http.impl.conn.PoolingHttpClientConnectionManager - Connection [id: 3][route: {}->http://localhost:38747] can be kept alive indefinitely
11:18:22.243 [Forwarding findElement on session 313530c5c8b49625b5b5e5cfed482eda to remote] DEBUG org.apache.http.impl.conn.PoolingHttpClientConnectionManager - Connection released: [id: 3][route: {}->http://localhost:38747][total kept alive: 4; route allocated: 1 of 2000; total allocated: 4 of 2000]
11:18:22.244 [Forwarding clickElement on session 313530c5c8b49625b5b5e5cfed482eda to remote] DEBUG org.apache.http.client.protocol.RequestAddCookies - CookieSpec selected: default
11:18:22.244 [Forwarding clickElement on session 313530c5c8b49625b5b5e5cfed482eda to remote] DEBUG org.apache.http.client.protocol.RequestAuthCache - Auth cache not set in the context
11:18:22.244 [Forwarding clickElement on session 313530c5c8b49625b5b5e5cfed482eda to remote] DEBUG org.apache.http.impl.conn.PoolingHttpClientConnectionManager - Connection request: [route: {}->http://localhost:38747][total kept alive: 4; route allocated: 1 of 2000; total allocated: 4 of 2000]
11:18:22.244 [Forwarding clickElement on session 313530c5c8b49625b5b5e5cfed482eda to remote] DEBUG org.apache.http.impl.conn.PoolingHttpClientConnectionManager - Connection leased: [id: 3][route: {}->http://localhost:38747][total kept alive: 3; route allocated: 1 of 2000; total allocated: 4 of 2000]
11:18:22.244 [Forwarding clickElement on session 313530c5c8b49625b5b5e5cfed482eda to remote] DEBUG org.apache.http.impl.execchain.MainClientExec - Stale connection check
11:18:22.245 [Forwarding clickElement on session 313530c5c8b49625b5b5e5cfed482eda to remote] DEBUG org.apache.http.wire - http-outgoing-3 << "[read] I/O error: Read timed out"
11:18:22.245 [Forwarding clickElement on session 313530c5c8b49625b5b5e5cfed482eda to remote] DEBUG org.apache.http.impl.conn.DefaultManagedHttpClientConnection - http-outgoing-3: set socket timeout to 10800000
11:18:22.245 [Forwarding clickElement on session 313530c5c8b49625b5b5e5cfed482eda to remote] DEBUG org.apache.http.impl.execchain.MainClientExec - Executing request POST /session/313530c5c8b49625b5b5e5cfed482eda/element/12660d54-6221-4b53-a6b8-65f7fda789a2/click HTTP/1.1
11:18:22.245 [Forwarding clickElement on session 313530c5c8b49625b5b5e5cfed482eda to remote] DEBUG org.apache.http.impl.execchain.MainClientExec - Target auth state: UNCHALLENGED
11:18:22.245 [Forwarding clickElement on session 313530c5c8b49625b5b5e5cfed482eda to remote] DEBUG org.apache.http.impl.execchain.MainClientExec - Proxy auth state: UNCHALLENGED
11:18:22.245 [Forwarding clickElement on session 313530c5c8b49625b5b5e5cfed482eda to remote] DEBUG org.apache.http.headers - http-outgoing-3 >> POST /session/313530c5c8b49625b5b5e5cfed482eda/element/12660d54-6221-4b53-a6b8-65f7fda789a2/click HTTP/1.1
11:18:22.245 [Forwarding clickElement on session 313530c5c8b49625b5b5e5cfed482eda to remote] DEBUG org.apache.http.headers - http-outgoing-3 >> Content-Type: application/json; charset=utf-8
11:18:22.245 [Forwarding clickElement on session 313530c5c8b49625b5b5e5cfed482eda to remote] DEBUG org.apache.http.headers - http-outgoing-3 >> Content-Length: 45
11:18:22.245 [Forwarding clickElement on session 313530c5c8b49625b5b5e5cfed482eda to remote] DEBUG org.apache.http.headers - http-outgoing-3 >> Host: localhost:38747
11:18:22.245 [Forwarding clickElement on session 313530c5c8b49625b5b5e5cfed482eda to remote] DEBUG org.apache.http.headers - http-outgoing-3 >> Connection: Keep-Alive
11:18:22.245 [Forwarding clickElement on session 313530c5c8b49625b5b5e5cfed482eda to remote] DEBUG org.apache.http.headers - http-outgoing-3 >> User-Agent: Apache-HttpClient/4.5.3 (Java/1.8.0_211)
11:18:22.245 [Forwarding clickElement on session 313530c5c8b49625b5b5e5cfed482eda to remote] DEBUG org.apache.http.headers - http-outgoing-3 >> Accept-Encoding: gzip,deflate
11:18:22.245 [Forwarding clickElement on session 313530c5c8b49625b5b5e5cfed482eda to remote] DEBUG org.apache.http.wire - http-outgoing-3 >> "POST /session/313530c5c8b49625b5b5e5cfed482eda/element/12660d54-6221-4b53-a6b8-65f7fda789a2/click HTTP/1.1[\r][\n]"
11:18:22.245 [Forwarding clickElement on session 313530c5c8b49625b5b5e5cfed482eda to remote] DEBUG org.apache.http.wire - http-outgoing-3 >> "Content-Type: application/json; charset=utf-8[\r][\n]"
11:18:22.246 [Forwarding clickElement on session 313530c5c8b49625b5b5e5cfed482eda to remote] DEBUG org.apache.http.wire - http-outgoing-3 >> "Content-Length: 45[\r][\n]"
11:18:22.246 [Forwarding clickElement on session 313530c5c8b49625b5b5e5cfed482eda to remote] DEBUG org.apache.http.wire - http-outgoing-3 >> "Host: localhost:38747[\r][\n]"
11:18:22.246 [Forwarding clickElement on session 313530c5c8b49625b5b5e5cfed482eda to remote] DEBUG org.apache.http.wire - http-outgoing-3 >> "Connection: Keep-Alive[\r][\n]"
11:18:22.246 [Forwarding clickElement on session 313530c5c8b49625b5b5e5cfed482eda to remote] DEBUG org.apache.http.wire - http-outgoing-3 >> "User-Agent: Apache-HttpClient/4.5.3 (Java/1.8.0_211)[\r][\n]"
11:18:22.246 [Forwarding clickElement on session 313530c5c8b49625b5b5e5cfed482eda to remote] DEBUG org.apache.http.wire - http-outgoing-3 >> "Accept-Encoding: gzip,deflate[\r][\n]"
11:18:22.246 [Forwarding clickElement on session 313530c5c8b49625b5b5e5cfed482eda to remote] DEBUG org.apache.http.wire - http-outgoing-3 >> "[\r][\n]"
11:18:22.246 [Forwarding clickElement on session 313530c5c8b49625b5b5e5cfed482eda to remote] DEBUG org.apache.http.wire - http-outgoing-3 >> "{"id":"12660d54-6221-4b53-a6b8-65f7fda789a2"}"
11:18:22.277 [Forwarding clickElement on session 313530c5c8b49625b5b5e5cfed482eda to remote] DEBUG org.apache.http.wire - http-outgoing-3 << "HTTP/1.1 200 OK[\r][\n]"
11:18:22.277 [Forwarding clickElement on session 313530c5c8b49625b5b5e5cfed482eda to remote] DEBUG org.apache.http.wire - http-outgoing-3 << "Content-Length:14[\r][\n]"
11:18:22.277 [Forwarding clickElement on session 313530c5c8b49625b5b5e5cfed482eda to remote] DEBUG org.apache.http.wire - http-outgoing-3 << "Content-Type:application/json; charset=utf-8[\r][\n]"
11:18:22.277 [Forwarding clickElement on session 313530c5c8b49625b5b5e5cfed482eda to remote] DEBUG org.apache.http.wire - http-outgoing-3 << "cache-control:no-cache[\r][\n]"
11:18:22.277 [Forwarding clickElement on session 313530c5c8b49625b5b5e5cfed482eda to remote] DEBUG org.apache.http.wire - http-outgoing-3 << "[\r][\n]"
11:18:22.277 [Forwarding clickElement on session 313530c5c8b49625b5b5e5cfed482eda to remote] DEBUG org.apache.http.wire - http-outgoing-3 << "{"value":null}"
11:18:22.277 [Forwarding clickElement on session 313530c5c8b49625b5b5e5cfed482eda to remote] DEBUG org.apache.http.headers - http-outgoing-3 << HTTP/1.1 200 OK
11:18:22.277 [Forwarding clickElement on session 313530c5c8b49625b5b5e5cfed482eda to remote] DEBUG org.apache.http.headers - http-outgoing-3 << Content-Length:14
11:18:22.277 [Forwarding clickElement on session 313530c5c8b49625b5b5e5cfed482eda to remote] DEBUG org.apache.http.headers - http-outgoing-3 << Content-Type:application/json; charset=utf-8
11:18:22.277 [Forwarding clickElement on session 313530c5c8b49625b5b5e5cfed482eda to remote] DEBUG org.apache.http.headers - http-outgoing-3 << cache-control:no-cache
11:18:22.277 [Forwarding clickElement on session 313530c5c8b49625b5b5e5cfed482eda to remote] DEBUG org.apache.http.impl.execchain.MainClientExec - Connection can be kept alive indefinitely
11:18:22.277 [Forwarding clickElement on session 313530c5c8b49625b5b5e5cfed482eda to remote] DEBUG org.apache.http.impl.conn.PoolingHttpClientConnectionManager - Connection [id: 3][route: {}->http://localhost:38747] can be kept alive indefinitely
11:18:22.277 [Forwarding clickElement on session 313530c5c8b49625b5b5e5cfed482eda to remote] DEBUG org.apache.http.impl.conn.PoolingHttpClientConnectionManager - Connection released: [id: 3][route: {}->http://localhost:38747][total kept alive: 4; route allocated: 1 of 2000; total allocated: 4 of 2000]
11:18:22.580 [Forwarding findElement on session 313530c5c8b49625b5b5e5cfed482eda to remote] DEBUG org.apache.http.client.protocol.RequestAddCookies - CookieSpec selected: default
11:18:22.580 [Forwarding findElement on session 313530c5c8b49625b5b5e5cfed482eda to remote] DEBUG org.apache.http.client.protocol.RequestAuthCache - Auth cache not set in the context
11:18:22.580 [Forwarding findElement on session 313530c5c8b49625b5b5e5cfed482eda to remote] DEBUG org.apache.http.impl.conn.PoolingHttpClientConnectionManager - Connection request: [route: {}->http://localhost:38747][total kept alive: 4; route allocated: 1 of 2000; total allocated: 4 of 2000]
11:18:22.580 [Forwarding findElement on session 313530c5c8b49625b5b5e5cfed482eda to remote] DEBUG org.apache.http.impl.conn.PoolingHttpClientConnectionManager - Connection leased: [id: 3][route: {}->http://localhost:38747][total kept alive: 3; route allocated: 1 of 2000; total allocated: 4 of 2000]
11:18:22.580 [Forwarding findElement on session 313530c5c8b49625b5b5e5cfed482eda to remote] DEBUG org.apache.http.impl.execchain.MainClientExec - Stale connection check
11:18:22.581 [Forwarding findElement on session 313530c5c8b49625b5b5e5cfed482eda to remote] DEBUG org.apache.http.wire - http-outgoing-3 << "[read] I/O error: Read timed out"
11:18:22.581 [Forwarding findElement on session 313530c5c8b49625b5b5e5cfed482eda to remote] DEBUG org.apache.http.impl.conn.DefaultManagedHttpClientConnection - http-outgoing-3: set socket timeout to 10800000
11:18:22.581 [Forwarding findElement on session 313530c5c8b49625b5b5e5cfed482eda to remote] DEBUG org.apache.http.impl.execchain.MainClientExec - Executing request POST /session/313530c5c8b49625b5b5e5cfed482eda/element HTTP/1.1
11:18:22.581 [Forwarding findElement on session 313530c5c8b49625b5b5e5cfed482eda to remote] DEBUG org.apache.http.impl.execchain.MainClientExec - Target auth state: UNCHALLENGED
11:18:22.581 [Forwarding findElement on session 313530c5c8b49625b5b5e5cfed482eda to remote] DEBUG org.apache.http.impl.execchain.MainClientExec - Proxy auth state: UNCHALLENGED
11:18:22.581 [Forwarding findElement on session 313530c5c8b49625b5b5e5cfed482eda to remote] DEBUG org.apache.http.headers - http-outgoing-3 >> POST /session/313530c5c8b49625b5b5e5cfed482eda/element HTTP/1.1
11:18:22.581 [Forwarding findElement on session 313530c5c8b49625b5b5e5cfed482eda to remote] DEBUG org.apache.http.headers - http-outgoing-3 >> Content-Type: application/json; charset=utf-8
11:18:22.581 [Forwarding findElement on session 313530c5c8b49625b5b5e5cfed482eda to remote] DEBUG org.apache.http.headers - http-outgoing-3 >> Content-Length: 59
11:18:22.581 [Forwarding findElement on session 313530c5c8b49625b5b5e5cfed482eda to remote] DEBUG org.apache.http.headers - http-outgoing-3 >> Host: localhost:38747
11:18:22.581 [Forwarding findElement on session 313530c5c8b49625b5b5e5cfed482eda to remote] DEBUG org.apache.http.headers - http-outgoing-3 >> Connection: Keep-Alive
11:18:22.581 [Forwarding findElement on session 313530c5c8b49625b5b5e5cfed482eda to remote] DEBUG org.apache.http.headers - http-outgoing-3 >> User-Agent: Apache-HttpClient/4.5.3 (Java/1.8.0_211)
11:18:22.581 [Forwarding findElement on session 313530c5c8b49625b5b5e5cfed482eda to remote] DEBUG org.apache.http.headers - http-outgoing-3 >> Accept-Encoding: gzip,deflate
11:18:22.581 [Forwarding findElement on session 313530c5c8b49625b5b5e5cfed482eda to remote] DEBUG org.apache.http.wire - http-outgoing-3 >> "POST /session/313530c5c8b49625b5b5e5cfed482eda/element HTTP/1.1[\r][\n]"
11:18:22.581 [Forwarding findElement on session 313530c5c8b49625b5b5e5cfed482eda to remote] DEBUG org.apache.http.wire - http-outgoing-3 >> "Content-Type: application/json; charset=utf-8[\r][\n]"
11:18:22.581 [Forwarding findElement on session 313530c5c8b49625b5b5e5cfed482eda to remote] DEBUG org.apache.http.wire - http-outgoing-3 >> "Content-Length: 59[\r][\n]"
11:18:22.581 [Forwarding findElement on session 313530c5c8b49625b5b5e5cfed482eda to remote] DEBUG org.apache.http.wire - http-outgoing-3 >> "Host: localhost:38747[\r][\n]"
11:18:22.581 [Forwarding findElement on session 313530c5c8b49625b5b5e5cfed482eda to remote] DEBUG org.apache.http.wire - http-outgoing-3 >> "Connection: Keep-Alive[\r][\n]"
11:18:22.581 [Forwarding findElement on session 313530c5c8b49625b5b5e5cfed482eda to remote] DEBUG org.apache.http.wire - http-outgoing-3 >> "User-Agent: Apache-HttpClient/4.5.3 (Java/1.8.0_211)[\r][\n]"
11:18:22.581 [Forwarding findElement on session 313530c5c8b49625b5b5e5cfed482eda to remote] DEBUG org.apache.http.wire - http-outgoing-3 >> "Accept-Encoding: gzip,deflate[\r][\n]"
11:18:22.581 [Forwarding findElement on session 313530c5c8b49625b5b5e5cfed482eda to remote] DEBUG org.apache.http.wire - http-outgoing-3 >> "[\r][\n]"
11:18:22.581 [Forwarding findElement on session 313530c5c8b49625b5b5e5cfed482eda to remote] DEBUG org.apache.http.wire - http-outgoing-3 >> "{"value":"//ul/li[2]/div/div[2]/a[3]/span","using":"xpath"}"
11:18:22.586 [Forwarding findElement on session 313530c5c8b49625b5b5e5cfed482eda to remote] DEBUG org.apache.http.wire - http-outgoing-3 << "HTTP/1.1 200 OK[\r][\n]"
11:18:22.586 [Forwarding findElement on session 313530c5c8b49625b5b5e5cfed482eda to remote] DEBUG org.apache.http.wire - http-outgoing-3 << "Content-Length:88[\r][\n]"
11:18:22.586 [Forwarding findElement on session 313530c5c8b49625b5b5e5cfed482eda to remote] DEBUG org.apache.http.wire - http-outgoing-3 << "Content-Type:application/json; charset=utf-8[\r][\n]"
11:18:22.586 [Forwarding findElement on session 313530c5c8b49625b5b5e5cfed482eda to remote] DEBUG org.apache.http.wire - http-outgoing-3 << "cache-control:no-cache[\r][\n]"
11:18:22.586 [Forwarding findElement on session 313530c5c8b49625b5b5e5cfed482eda to remote] DEBUG org.apache.http.wire - http-outgoing-3 << "[\r][\n]"
11:18:22.586 [Forwarding findElement on session 313530c5c8b49625b5b5e5cfed482eda to remote] DEBUG org.apache.http.wire - http-outgoing-3 << "{"value":{"element-6066-11e4-a52e-4f735466cecf":"b09bba00-4367-4458-914e-4cf3bf788d58"}}"
11:18:22.586 [Forwarding findElement on session 313530c5c8b49625b5b5e5cfed482eda to remote] DEBUG org.apache.http.headers - http-outgoing-3 << HTTP/1.1 200 OK
11:18:22.586 [Forwarding findElement on session 313530c5c8b49625b5b5e5cfed482eda to remote] DEBUG org.apache.http.headers - http-outgoing-3 << Content-Length:88
11:18:22.586 [Forwarding findElement on session 313530c5c8b49625b5b5e5cfed482eda to remote] DEBUG org.apache.http.headers - http-outgoing-3 << Content-Type:application/json; charset=utf-8
11:18:22.586 [Forwarding findElement on session 313530c5c8b49625b5b5e5cfed482eda to remote] DEBUG org.apache.http.headers - http-outgoing-3 << cache-control:no-cache
11:18:22.586 [Forwarding findElement on session 313530c5c8b49625b5b5e5cfed482eda to remote] DEBUG org.apache.http.impl.execchain.MainClientExec - Connection can be kept alive indefinitely
11:18:22.586 [Forwarding findElement on session 313530c5c8b49625b5b5e5cfed482eda to remote] DEBUG org.apache.http.impl.conn.PoolingHttpClientConnectionManager - Connection [id: 3][route: {}->http://localhost:38747] can be kept alive indefinitely
11:18:22.586 [Forwarding findElement on session 313530c5c8b49625b5b5e5cfed482eda to remote] DEBUG org.apache.http.impl.conn.PoolingHttpClientConnectionManager - Connection released: [id: 3][route: {}->http://localhost:38747][total kept alive: 4; route allocated: 1 of 2000; total allocated: 4 of 2000]
11:18:22.587 [Forwarding clickElement on session 313530c5c8b49625b5b5e5cfed482eda to remote] DEBUG org.apache.http.client.protocol.RequestAddCookies - CookieSpec selected: default
11:18:22.587 [Forwarding clickElement on session 313530c5c8b49625b5b5e5cfed482eda to remote] DEBUG org.apache.http.client.protocol.RequestAuthCache - Auth cache not set in the context
11:18:22.587 [Forwarding clickElement on session 313530c5c8b49625b5b5e5cfed482eda to remote] DEBUG org.apache.http.impl.conn.PoolingHttpClientConnectionManager - Connection request: [route: {}->http://localhost:38747][total kept alive: 4; route allocated: 1 of 2000; total allocated: 4 of 2000]
11:18:22.587 [Forwarding clickElement on session 313530c5c8b49625b5b5e5cfed482eda to remote] DEBUG org.apache.http.impl.conn.PoolingHttpClientConnectionManager - Connection leased: [id: 3][route: {}->http://localhost:38747][total kept alive: 3; route allocated: 1 of 2000; total allocated: 4 of 2000]
11:18:22.587 [Forwarding clickElement on session 313530c5c8b49625b5b5e5cfed482eda to remote] DEBUG org.apache.http.impl.execchain.MainClientExec - Stale connection check
11:18:22.589 [Forwarding clickElement on session 313530c5c8b49625b5b5e5cfed482eda to remote] DEBUG org.apache.http.wire - http-outgoing-3 << "[read] I/O error: Read timed out"
11:18:22.589 [Forwarding clickElement on session 313530c5c8b49625b5b5e5cfed482eda to remote] DEBUG org.apache.http.impl.conn.DefaultManagedHttpClientConnection - http-outgoing-3: set socket timeout to 10800000
11:18:22.589 [Forwarding clickElement on session 313530c5c8b49625b5b5e5cfed482eda to remote] DEBUG org.apache.http.impl.execchain.MainClientExec - Executing request POST /session/313530c5c8b49625b5b5e5cfed482eda/element/b09bba00-4367-4458-914e-4cf3bf788d58/click HTTP/1.1
11:18:22.589 [Forwarding clickElement on session 313530c5c8b49625b5b5e5cfed482eda to remote] DEBUG org.apache.http.impl.execchain.MainClientExec - Target auth state: UNCHALLENGED
11:18:22.589 [Forwarding clickElement on session 313530c5c8b49625b5b5e5cfed482eda to remote] DEBUG org.apache.http.impl.execchain.MainClientExec - Proxy auth state: UNCHALLENGED
11:18:22.589 [Forwarding clickElement on session 313530c5c8b49625b5b5e5cfed482eda to remote] DEBUG org.apache.http.headers - http-outgoing-3 >> POST /session/313530c5c8b49625b5b5e5cfed482eda/element/b09bba00-4367-4458-914e-4cf3bf788d58/click HTTP/1.1
11:18:22.589 [Forwarding clickElement on session 313530c5c8b49625b5b5e5cfed482eda to remote] DEBUG org.apache.http.headers - http-outgoing-3 >> Content-Type: application/json; charset=utf-8
11:18:22.589 [Forwarding clickElement on session 313530c5c8b49625b5b5e5cfed482eda to remote] DEBUG org.apache.http.headers - http-outgoing-3 >> Content-Length: 45
11:18:22.589 [Forwarding clickElement on session 313530c5c8b49625b5b5e5cfed482eda to remote] DEBUG org.apache.http.headers - http-outgoing-3 >> Host: localhost:38747
11:18:22.589 [Forwarding clickElement on session 313530c5c8b49625b5b5e5cfed482eda to remote] DEBUG org.apache.http.headers - http-outgoing-3 >> Connection: Keep-Alive
11:18:22.589 [Forwarding clickElement on session 313530c5c8b49625b5b5e5cfed482eda to remote] DEBUG org.apache.http.headers - http-outgoing-3 >> User-Agent: Apache-HttpClient/4.5.3 (Java/1.8.0_211)
11:18:22.589 [Forwarding clickElement on session 313530c5c8b49625b5b5e5cfed482eda to remote] DEBUG org.apache.http.headers - http-outgoing-3 >> Accept-Encoding: gzip,deflate
11:18:22.589 [Forwarding clickElement on session 313530c5c8b49625b5b5e5cfed482eda to remote] DEBUG org.apache.http.wire - http-outgoing-3 >> "POST /session/313530c5c8b49625b5b5e5cfed482eda/element/b09bba00-4367-4458-914e-4cf3bf788d58/click HTTP/1.1[\r][\n]"
11:18:22.589 [Forwarding clickElement on session 313530c5c8b49625b5b5e5cfed482eda to remote] DEBUG org.apache.http.wire - http-outgoing-3 >> "Content-Type: application/json; charset=utf-8[\r][\n]"
11:18:22.589 [Forwarding clickElement on session 313530c5c8b49625b5b5e5cfed482eda to remote] DEBUG org.apache.http.wire - http-outgoing-3 >> "Content-Length: 45[\r][\n]"
11:18:22.589 [Forwarding clickElement on session 313530c5c8b49625b5b5e5cfed482eda to remote] DEBUG org.apache.http.wire - http-outgoing-3 >> "Host: localhost:38747[\r][\n]"
11:18:22.589 [Forwarding clickElement on session 313530c5c8b49625b5b5e5cfed482eda to remote] DEBUG org.apache.http.wire - http-outgoing-3 >> "Connection: Keep-Alive[\r][\n]"
11:18:22.589 [Forwarding clickElement on session 313530c5c8b49625b5b5e5cfed482eda to remote] DEBUG org.apache.http.wire - http-outgoing-3 >> "User-Agent: Apache-HttpClient/4.5.3 (Java/1.8.0_211)[\r][\n]"
11:18:22.589 [Forwarding clickElement on session 313530c5c8b49625b5b5e5cfed482eda to remote] DEBUG org.apache.http.wire - http-outgoing-3 >> "Accept-Encoding: gzip,deflate[\r][\n]"
11:18:22.589 [Forwarding clickElement on session 313530c5c8b49625b5b5e5cfed482eda to remote] DEBUG org.apache.http.wire - http-outgoing-3 >> "[\r][\n]"
11:18:22.589 [Forwarding clickElement on session 313530c5c8b49625b5b5e5cfed482eda to remote] DEBUG org.apache.http.wire - http-outgoing-3 >> "{"id":"b09bba00-4367-4458-914e-4cf3bf788d58"}"
11:18:22.623 [Forwarding clickElement on session 313530c5c8b49625b5b5e5cfed482eda to remote] DEBUG org.apache.http.wire - http-outgoing-3 << "HTTP/1.1 200 OK[\r][\n]"
11:18:22.623 [Forwarding clickElement on session 313530c5c8b49625b5b5e5cfed482eda to remote] DEBUG org.apache.http.wire - http-outgoing-3 << "Content-Length:14[\r][\n]"
11:18:22.623 [Forwarding clickElement on session 313530c5c8b49625b5b5e5cfed482eda to remote] DEBUG org.apache.http.wire - http-outgoing-3 << "Content-Type:application/json; charset=utf-8[\r][\n]"
11:18:22.623 [Forwarding clickElement on session 313530c5c8b49625b5b5e5cfed482eda to remote] DEBUG org.apache.http.wire - http-outgoing-3 << "cache-control:no-cache[\r][\n]"
11:18:22.623 [Forwarding clickElement on session 313530c5c8b49625b5b5e5cfed482eda to remote] DEBUG org.apache.http.wire - http-outgoing-3 << "[\r][\n]"
11:18:22.623 [Forwarding clickElement on session 313530c5c8b49625b5b5e5cfed482eda to remote] DEBUG org.apache.http.wire - http-outgoing-3 << "{"value":null}"
11:18:22.623 [Forwarding clickElement on session 313530c5c8b49625b5b5e5cfed482eda to remote] DEBUG org.apache.http.headers - http-outgoing-3 << HTTP/1.1 200 OK
11:18:22.623 [Forwarding clickElement on session 313530c5c8b49625b5b5e5cfed482eda to remote] DEBUG org.apache.http.headers - http-outgoing-3 << Content-Length:14
11:18:22.623 [Forwarding clickElement on session 313530c5c8b49625b5b5e5cfed482eda to remote] DEBUG org.apache.http.headers - http-outgoing-3 << Content-Type:application/json; charset=utf-8
11:18:22.623 [Forwarding clickElement on session 313530c5c8b49625b5b5e5cfed482eda to remote] DEBUG org.apache.http.headers - http-outgoing-3 << cache-control:no-cache
11:18:22.623 [Forwarding clickElement on session 313530c5c8b49625b5b5e5cfed482eda to remote] DEBUG org.apache.http.impl.execchain.MainClientExec - Connection can be kept alive indefinitely
11:18:22.623 [Forwarding clickElement on session 313530c5c8b49625b5b5e5cfed482eda to remote] DEBUG org.apache.http.impl.conn.PoolingHttpClientConnectionManager - Connection [id: 3][route: {}->http://localhost:38747] can be kept alive indefinitely
11:18:22.623 [Forwarding clickElement on session 313530c5c8b49625b5b5e5cfed482eda to remote] DEBUG org.apache.http.impl.conn.PoolingHttpClientConnectionManager - Connection released: [id: 3][route: {}->http://localhost:38747][total kept alive: 4; route allocated: 1 of 2000; total allocated: 4 of 2000]
11:18:22.624 [Forwarding findElement on session 313530c5c8b49625b5b5e5cfed482eda to remote] DEBUG org.apache.http.client.protocol.RequestAddCookies - CookieSpec selected: default
11:18:22.624 [Forwarding findElement on session 313530c5c8b49625b5b5e5cfed482eda to remote] DEBUG org.apache.http.client.protocol.RequestAuthCache - Auth cache not set in the context
11:18:22.624 [Forwarding findElement on session 313530c5c8b49625b5b5e5cfed482eda to remote] DEBUG org.apache.http.impl.conn.PoolingHttpClientConnectionManager - Connection request: [route: {}->http://localhost:38747][total kept alive: 4; route allocated: 1 of 2000; total allocated: 4 of 2000]
11:18:22.624 [Forwarding findElement on session 313530c5c8b49625b5b5e5cfed482eda to remote] DEBUG org.apache.http.impl.conn.PoolingHttpClientConnectionManager - Connection leased: [id: 3][route: {}->http://localhost:38747][total kept alive: 3; route allocated: 1 of 2000; total allocated: 4 of 2000]
11:18:22.624 [Forwarding findElement on session 313530c5c8b49625b5b5e5cfed482eda to remote] DEBUG org.apache.http.impl.execchain.MainClientExec - Stale connection check
11:18:22.626 [Forwarding findElement on session 313530c5c8b49625b5b5e5cfed482eda to remote] DEBUG org.apache.http.wire - http-outgoing-3 << "[read] I/O error: Read timed out"
11:18:22.626 [Forwarding findElement on session 313530c5c8b49625b5b5e5cfed482eda to remote] DEBUG org.apache.http.impl.conn.DefaultManagedHttpClientConnection - http-outgoing-3: set socket timeout to 10800000
11:18:22.626 [Forwarding findElement on session 313530c5c8b49625b5b5e5cfed482eda to remote] DEBUG org.apache.http.impl.execchain.MainClientExec - Executing request POST /session/313530c5c8b49625b5b5e5cfed482eda/element HTTP/1.1
11:18:22.626 [Forwarding findElement on session 313530c5c8b49625b5b5e5cfed482eda to remote] DEBUG org.apache.http.impl.execchain.MainClientExec - Target auth state: UNCHALLENGED
11:18:22.626 [Forwarding findElement on session 313530c5c8b49625b5b5e5cfed482eda to remote] DEBUG org.apache.http.impl.execchain.MainClientExec - Proxy auth state: UNCHALLENGED
11:18:22.626 [Forwarding findElement on session 313530c5c8b49625b5b5e5cfed482eda to remote] DEBUG org.apache.http.headers - http-outgoing-3 >> POST /session/313530c5c8b49625b5b5e5cfed482eda/element HTTP/1.1
11:18:22.626 [Forwarding findElement on session 313530c5c8b49625b5b5e5cfed482eda to remote] DEBUG org.apache.http.headers - http-outgoing-3 >> Content-Type: application/json; charset=utf-8
11:18:22.626 [Forwarding findElement on session 313530c5c8b49625b5b5e5cfed482eda to remote] DEBUG org.apache.http.headers - http-outgoing-3 >> Content-Length: 96
11:18:22.626 [Forwarding findElement on session 313530c5c8b49625b5b5e5cfed482eda to remote] DEBUG org.apache.http.headers - http-outgoing-3 >> Host: localhost:38747
11:18:22.626 [Forwarding findElement on session 313530c5c8b49625b5b5e5cfed482eda to remote] DEBUG org.apache.http.headers - http-outgoing-3 >> Connection: Keep-Alive
11:18:22.626 [Forwarding findElement on session 313530c5c8b49625b5b5e5cfed482eda to remote] DEBUG org.apache.http.headers - http-outgoing-3 >> User-Agent: Apache-HttpClient/4.5.3 (Java/1.8.0_211)
11:18:22.626 [Forwarding findElement on session 313530c5c8b49625b5b5e5cfed482eda to remote] DEBUG org.apache.http.headers - http-outgoing-3 >> Accept-Encoding: gzip,deflate
11:18:22.626 [Forwarding findElement on session 313530c5c8b49625b5b5e5cfed482eda to remote] DEBUG org.apache.http.wire - http-outgoing-3 >> "POST /session/313530c5c8b49625b5b5e5cfed482eda/element HTTP/1.1[\r][\n]"
11:18:22.626 [Forwarding findElement on session 313530c5c8b49625b5b5e5cfed482eda to remote] DEBUG org.apache.http.wire - http-outgoing-3 >> "Content-Type: application/json; charset=utf-8[\r][\n]"
11:18:22.626 [Forwarding findElement on session 313530c5c8b49625b5b5e5cfed482eda to remote] DEBUG org.apache.http.wire - http-outgoing-3 >> "Content-Length: 96[\r][\n]"
11:18:22.626 [Forwarding findElement on session 313530c5c8b49625b5b5e5cfed482eda to remote] DEBUG org.apache.http.wire - http-outgoing-3 >> "Host: localhost:38747[\r][\n]"
11:18:22.626 [Forwarding findElement on session 313530c5c8b49625b5b5e5cfed482eda to remote] DEBUG org.apache.http.wire - http-outgoing-3 >> "Connection: Keep-Alive[\r][\n]"
11:18:22.626 [Forwarding findElement on session 313530c5c8b49625b5b5e5cfed482eda to remote] DEBUG org.apache.http.wire - http-outgoing-3 >> "User-Agent: Apache-HttpClient/4.5.3 (Java/1.8.0_211)[\r][\n]"
11:18:22.626 [Forwarding findElement on session 313530c5c8b49625b5b5e5cfed482eda to remote] DEBUG org.apache.http.wire - http-outgoing-3 >> "Accept-Encoding: gzip,deflate[\r][\n]"
11:18:22.626 [Forwarding findElement on session 313530c5c8b49625b5b5e5cfed482eda to remote] DEBUG org.apache.http.wire - http-outgoing-3 >> "[\r][\n]"
11:18:22.626 [Forwarding findElement on session 313530c5c8b49625b5b5e5cfed482eda to remote] DEBUG org.apache.http.wire - http-outgoing-3 >> "{"value":"//*[@id=\"root\"]/main/div/div/div[3]/div/div[2]/span/div/span/input","using":"xpath"}"
11:18:22.899 [Forwarding findElement on session 313530c5c8b49625b5b5e5cfed482eda to remote] DEBUG org.apache.http.wire - http-outgoing-3 << "HTTP/1.1 200 OK[\r][\n]"
11:18:22.899 [Forwarding findElement on session 313530c5c8b49625b5b5e5cfed482eda to remote] DEBUG org.apache.http.wire - http-outgoing-3 << "Content-Length:88[\r][\n]"
11:18:22.899 [Forwarding findElement on session 313530c5c8b49625b5b5e5cfed482eda to remote] DEBUG org.apache.http.wire - http-outgoing-3 << "Content-Type:application/json; charset=utf-8[\r][\n]"
11:18:22.899 [Forwarding findElement on session 313530c5c8b49625b5b5e5cfed482eda to remote] DEBUG org.apache.http.wire - http-outgoing-3 << "cache-control:no-cache[\r][\n]"
11:18:22.899 [Forwarding findElement on session 313530c5c8b49625b5b5e5cfed482eda to remote] DEBUG org.apache.http.wire - http-outgoing-3 << "[\r][\n]"
11:18:22.899 [Forwarding findElement on session 313530c5c8b49625b5b5e5cfed482eda to remote] DEBUG org.apache.http.wire - http-outgoing-3 << "{"value":{"element-6066-11e4-a52e-4f735466cecf":"445d3b02-09d1-4622-8965-642b2fffb204"}}"
11:18:22.899 [Forwarding findElement on session 313530c5c8b49625b5b5e5cfed482eda to remote] DEBUG org.apache.http.headers - http-outgoing-3 << HTTP/1.1 200 OK
11:18:22.899 [Forwarding findElement on session 313530c5c8b49625b5b5e5cfed482eda to remote] DEBUG org.apache.http.headers - http-outgoing-3 << Content-Length:88
11:18:22.899 [Forwarding findElement on session 313530c5c8b49625b5b5e5cfed482eda to remote] DEBUG org.apache.http.headers - http-outgoing-3 << Content-Type:application/json; charset=utf-8
11:18:22.899 [Forwarding findElement on session 313530c5c8b49625b5b5e5cfed482eda to remote] DEBUG org.apache.http.headers - http-outgoing-3 << cache-control:no-cache
11:18:22.899 [Forwarding findElement on session 313530c5c8b49625b5b5e5cfed482eda to remote] DEBUG org.apache.http.impl.execchain.MainClientExec - Connection can be kept alive indefinitely
11:18:22.899 [Forwarding findElement on session 313530c5c8b49625b5b5e5cfed482eda to remote] DEBUG org.apache.http.impl.conn.PoolingHttpClientConnectionManager - Connection [id: 3][route: {}->http://localhost:38747] can be kept alive indefinitely
11:18:22.899 [Forwarding findElement on session 313530c5c8b49625b5b5e5cfed482eda to remote] DEBUG org.apache.http.impl.conn.PoolingHttpClientConnectionManager - Connection released: [id: 3][route: {}->http://localhost:38747][total kept alive: 4; route allocated: 1 of 2000; total allocated: 4 of 2000]
11:18:22.900 [Forwarding sendKeysToElement on session 313530c5c8b49625b5b5e5cfed482eda to remote] DEBUG org.apache.http.client.protocol.RequestAddCookies - CookieSpec selected: default
11:18:22.900 [Forwarding sendKeysToElement on session 313530c5c8b49625b5b5e5cfed482eda to remote] DEBUG org.apache.http.client.protocol.RequestAuthCache - Auth cache not set in the context
11:18:22.900 [Forwarding sendKeysToElement on session 313530c5c8b49625b5b5e5cfed482eda to remote] DEBUG org.apache.http.impl.conn.PoolingHttpClientConnectionManager - Connection request: [route: {}->http://localhost:38747][total kept alive: 4; route allocated: 1 of 2000; total allocated: 4 of 2000]
11:18:22.900 [Forwarding sendKeysToElement on session 313530c5c8b49625b5b5e5cfed482eda to remote] DEBUG org.apache.http.impl.conn.PoolingHttpClientConnectionManager - Connection leased: [id: 3][route: {}->http://localhost:38747][total kept alive: 3; route allocated: 1 of 2000; total allocated: 4 of 2000]
11:18:22.900 [Forwarding sendKeysToElement on session 313530c5c8b49625b5b5e5cfed482eda to remote] DEBUG org.apache.http.impl.execchain.MainClientExec - Stale connection check
11:18:22.901 [Forwarding sendKeysToElement on session 313530c5c8b49625b5b5e5cfed482eda to remote] DEBUG org.apache.http.wire - http-outgoing-3 << "[read] I/O error: Read timed out"
11:18:22.901 [Forwarding sendKeysToElement on session 313530c5c8b49625b5b5e5cfed482eda to remote] DEBUG org.apache.http.impl.conn.DefaultManagedHttpClientConnection - http-outgoing-3: set socket timeout to 10800000
11:18:22.902 [Forwarding sendKeysToElement on session 313530c5c8b49625b5b5e5cfed482eda to remote] DEBUG org.apache.http.impl.execchain.MainClientExec - Executing request POST /session/313530c5c8b49625b5b5e5cfed482eda/element/445d3b02-09d1-4622-8965-642b2fffb204/value HTTP/1.1
11:18:22.902 [Forwarding sendKeysToElement on session 313530c5c8b49625b5b5e5cfed482eda to remote] DEBUG org.apache.http.impl.execchain.MainClientExec - Target auth state: UNCHALLENGED
11:18:22.902 [Forwarding sendKeysToElement on session 313530c5c8b49625b5b5e5cfed482eda to remote] DEBUG org.apache.http.impl.execchain.MainClientExec - Proxy auth state: UNCHALLENGED
11:18:22.902 [Forwarding sendKeysToElement on session 313530c5c8b49625b5b5e5cfed482eda to remote] DEBUG org.apache.http.headers - http-outgoing-3 >> POST /session/313530c5c8b49625b5b5e5cfed482eda/element/445d3b02-09d1-4622-8965-642b2fffb204/value HTTP/1.1
11:18:22.902 [Forwarding sendKeysToElement on session 313530c5c8b49625b5b5e5cfed482eda to remote] DEBUG org.apache.http.headers - http-outgoing-3 >> Content-Type: application/json; charset=utf-8
11:18:22.902 [Forwarding sendKeysToElement on session 313530c5c8b49625b5b5e5cfed482eda to remote] DEBUG org.apache.http.headers - http-outgoing-3 >> Content-Length: 450
11:18:22.902 [Forwarding sendKeysToElement on session 313530c5c8b49625b5b5e5cfed482eda to remote] DEBUG org.apache.http.headers - http-outgoing-3 >> Host: localhost:38747
11:18:22.902 [Forwarding sendKeysToElement on session 313530c5c8b49625b5b5e5cfed482eda to remote] DEBUG org.apache.http.headers - http-outgoing-3 >> Connection: Keep-Alive
11:18:22.902 [Forwarding sendKeysToElement on session 313530c5c8b49625b5b5e5cfed482eda to remote] DEBUG org.apache.http.headers - http-outgoing-3 >> User-Agent: Apache-HttpClient/4.5.3 (Java/1.8.0_211)
11:18:22.902 [Forwarding sendKeysToElement on session 313530c5c8b49625b5b5e5cfed482eda to remote] DEBUG org.apache.http.headers - http-outgoing-3 >> Accept-Encoding: gzip,deflate
11:18:22.902 [Forwarding sendKeysToElement on session 313530c5c8b49625b5b5e5cfed482eda to remote] DEBUG org.apache.http.wire - http-outgoing-3 >> "POST /session/313530c5c8b49625b5b5e5cfed482eda/element/445d3b02-09d1-4622-8965-642b2fffb204/value HTTP/1.1[\r][\n]"
11:18:22.902 [Forwarding sendKeysToElement on session 313530c5c8b49625b5b5e5cfed482eda to remote] DEBUG org.apache.http.wire - http-outgoing-3 >> "Content-Type: application/json; charset=utf-8[\r][\n]"
11:18:22.902 [Forwarding sendKeysToElement on session 313530c5c8b49625b5b5e5cfed482eda to remote] DEBUG org.apache.http.wire - http-outgoing-3 >> "Content-Length: 450[\r][\n]"
11:18:22.902 [Forwarding sendKeysToElement on session 313530c5c8b49625b5b5e5cfed482eda to remote] DEBUG org.apache.http.wire - http-outgoing-3 >> "Host: localhost:38747[\r][\n]"
11:18:22.902 [Forwarding sendKeysToElement on session 313530c5c8b49625b5b5e5cfed482eda to remote] DEBUG org.apache.http.wire - http-outgoing-3 >> "Connection: Keep-Alive[\r][\n]"
11:18:22.902 [Forwarding sendKeysToElement on session 313530c5c8b49625b5b5e5cfed482eda to remote] DEBUG org.apache.http.wire - http-outgoing-3 >> "User-Agent: Apache-HttpClient/4.5.3 (Java/1.8.0_211)[\r][\n]"
11:18:22.902 [Forwarding sendKeysToElement on session 313530c5c8b49625b5b5e5cfed482eda to remote] DEBUG org.apache.http.wire - http-outgoing-3 >> "Accept-Encoding: gzip,deflate[\r][\n]"
11:18:22.902 [Forwarding sendKeysToElement on session 313530c5c8b49625b5b5e5cfed482eda to remote] DEBUG org.apache.http.wire - http-outgoing-3 >> "[\r][\n]"
11:18:22.902 [Forwarding sendKeysToElement on session 313530c5c8b49625b5b5e5cfed482eda to remote] DEBUG org.apache.http.wire - http-outgoing-3 >> "{"id":"445d3b02-09d1-4622-8965-642b2fffb204","text":"/Users/tron/.jenkins/workspace/Tronscan_AutoTest/src/test/resources/right.sol","value":["/","U","s","e","r","s","/","t","r","o","n","/",".","j","e","n","k","i","n","s","/","w","o","r","k","s","p","a","c","e","/","T","r","o","n","s","c","a","n","_","A","u","t","o","T","e","s","t","/","s","r","c","/","t","e","s","t","/","r","e","s","o","u","r","c","e","s","/","r","i","g","h","t",".","s","o","l"]}"
11:18:22.907 [Forwarding sendKeysToElement on session 313530c5c8b49625b5b5e5cfed482eda to remote] DEBUG org.apache.http.wire - http-outgoing-3 << "HTTP/1.1 400 Bad Request[\r][\n]"
11:18:22.907 [Forwarding sendKeysToElement on session 313530c5c8b49625b5b5e5cfed482eda to remote] DEBUG org.apache.http.wire - http-outgoing-3 << "Content-Length:1955[\r][\n]"
11:18:22.907 [Forwarding sendKeysToElement on session 313530c5c8b49625b5b5e5cfed482eda to remote] DEBUG org.apache.http.wire - http-outgoing-3 << "Content-Type:application/json; charset=utf-8[\r][\n]"
11:18:22.907 [Forwarding sendKeysToElement on session 313530c5c8b49625b5b5e5cfed482eda to remote] DEBUG org.apache.http.wire - http-outgoing-3 << "cache-control:no-cache[\r][\n]"
11:18:22.907 [Forwarding sendKeysToElement on session 313530c5c8b49625b5b5e5cfed482eda to remote] DEBUG org.apache.http.wire - http-outgoing-3 << "[\r][\n]"
11:18:22.907 [Forwarding sendKeysToElement on session 313530c5c8b49625b5b5e5cfed482eda to remote] DEBUG org.apache.http.wire - http-outgoing-3 << "{"value":{"error":"invalid argument","message":"invalid argument: File not found : /Users/tron/.jenkins/workspace/Tronscan_AutoTest/src/test/resources/right.sol\n  (Session info: headless chrome=80.0.3987.162)","stacktrace":"0   chromedriver                        0x0000000101ae5329 chromedriver + 3838761\n1   chromedriver                        0x0000000101a7f123 chromedriver + 3420451\n2   chromedriver                        0x00000001017f362f chromedriver + 751151\n3   chromedriver                        0x000000010175c4e3 chromedriver + 132323\n4   chromedriver                        0x000000010177d592 chromedriver + 267666\n5   chromedriver                        0x00000001017593c6 chromedriver + 119750\n6   chromedriver                        0x000000010177d80e chromedriver + 268302\n7   chromedriver                        0x000000010178a38b chromedriver + 320395\n8   chromedriver                        0x000000010177d7b3 chromedriver + 268211\n9   chromedriver                        0x00000001017570bd chromedriver + 110781\n10  chromedriver                        0x0000000101758055 chromedriver + 114773\n11  chromedriver                        0x0000000101aa6ebf chromedriver + 3583679\n12  chromedriver                        0x0000000101ab3e4a chromedriver + 3636810\n13  chromedriver                        0x0000000101ab3be7 chromedriver + 3636199\n14  chromedriver                        0x0000000101a8a839 chromedriver + 3467321\n15  chromedriver                        0x0000000101ab4707 chromedriver + 3639047\n16  chromedriver                        0x0000000101a9ccc7 chromedriver + 3542215\n17  chromedriver                        0x0000000101aca324 chromedriver + 3728164\n18  chromedriver                        0x0000000101aeb387 chromedriver + 3863431\n19  libsystem_pthread.dylib             0x00007fff7206ce65 _pthread_start + 148\n20  libsystem_pthread.dylib             0x00007fff7206883b thread_start + 15\n"}}"
11:18:22.907 [Forwarding sendKeysToElement on session 313530c5c8b49625b5b5e5cfed482eda to remote] DEBUG org.apache.http.headers - http-outgoing-3 << HTTP/1.1 400 Bad Request
11:18:22.907 [Forwarding sendKeysToElement on session 313530c5c8b49625b5b5e5cfed482eda to remote] DEBUG org.apache.http.headers - http-outgoing-3 << Content-Length:1955
11:18:22.907 [Forwarding sendKeysToElement on session 313530c5c8b49625b5b5e5cfed482eda to remote] DEBUG org.apache.http.headers - http-outgoing-3 << Content-Type:application/json; charset=utf-8
11:18:22.907 [Forwarding sendKeysToElement on session 313530c5c8b49625b5b5e5cfed482eda to remote] DEBUG org.apache.http.headers - http-outgoing-3 << cache-control:no-cache
11:18:22.907 [Forwarding sendKeysToElement on session 313530c5c8b49625b5b5e5cfed482eda to remote] DEBUG org.apache.http.impl.execchain.MainClientExec - Connection can be kept alive indefinitely
11:18:22.907 [Forwarding sendKeysToElement on session 313530c5c8b49625b5b5e5cfed482eda to remote] DEBUG org.apache.http.impl.conn.PoolingHttpClientConnectionManager - Connection [id: 3][route: {}->http://localhost:38747] can be kept alive indefinitely
11:18:22.907 [Forwarding sendKeysToElement on session 313530c5c8b49625b5b5e5cfed482eda to remote] DEBUG org.apache.http.impl.conn.PoolingHttpClientConnectionManager - Connection released: [id: 3][route: {}->http://localhost:38747][total kept alive: 4; route allocated: 1 of 2000; total allocated: 4 of 2000]
LOGIN
11:18:27.568 [Forwarding setCurrentWindowSize on session 56753d46524f986fe84aadc21d355b4d to remote] DEBUG org.apache.http.client.protocol.RequestAddCookies - CookieSpec selected: default
11:18:27.568 [Forwarding setCurrentWindowSize on session 56753d46524f986fe84aadc21d355b4d to remote] DEBUG org.apache.http.client.protocol.RequestAuthCache - Auth cache not set in the context
11:18:27.568 [Forwarding setCurrentWindowSize on session 56753d46524f986fe84aadc21d355b4d to remote] DEBUG org.apache.http.impl.conn.PoolingHttpClientConnectionManager - Connection request: [route: {}->http://localhost:5326][total kept alive: 5; route allocated: 1 of 2000; total allocated: 5 of 2000]
11:18:27.568 [Forwarding setCurrentWindowSize on session 56753d46524f986fe84aadc21d355b4d to remote] DEBUG org.apache.http.impl.conn.PoolingHttpClientConnectionManager - Connection leased: [id: 4][route: {}->http://localhost:5326][total kept alive: 4; route allocated: 1 of 2000; total allocated: 5 of 2000]
11:18:27.568 [Forwarding setCurrentWindowSize on session 56753d46524f986fe84aadc21d355b4d to remote] DEBUG org.apache.http.impl.execchain.MainClientExec - Stale connection check
11:18:27.570 [Forwarding setCurrentWindowSize on session 56753d46524f986fe84aadc21d355b4d to remote] DEBUG org.apache.http.wire - http-outgoing-4 << "[read] I/O error: Read timed out"
11:18:27.570 [Forwarding setCurrentWindowSize on session 56753d46524f986fe84aadc21d355b4d to remote] DEBUG org.apache.http.impl.conn.DefaultManagedHttpClientConnection - http-outgoing-4: set socket timeout to 10800000
11:18:27.570 [Forwarding setCurrentWindowSize on session 56753d46524f986fe84aadc21d355b4d to remote] DEBUG org.apache.http.impl.execchain.MainClientExec - Executing request POST /session/56753d46524f986fe84aadc21d355b4d/window/rect HTTP/1.1
11:18:27.570 [Forwarding setCurrentWindowSize on session 56753d46524f986fe84aadc21d355b4d to remote] DEBUG org.apache.http.impl.execchain.MainClientExec - Target auth state: UNCHALLENGED
11:18:27.570 [Forwarding setCurrentWindowSize on session 56753d46524f986fe84aadc21d355b4d to remote] DEBUG org.apache.http.impl.execchain.MainClientExec - Proxy auth state: UNCHALLENGED
11:18:27.570 [Forwarding setCurrentWindowSize on session 56753d46524f986fe84aadc21d355b4d to remote] DEBUG org.apache.http.headers - http-outgoing-4 >> POST /session/56753d46524f986fe84aadc21d355b4d/window/rect HTTP/1.1
11:18:27.570 [Forwarding setCurrentWindowSize on session 56753d46524f986fe84aadc21d355b4d to remote] DEBUG org.apache.http.headers - http-outgoing-4 >> Content-Type: application/json; charset=utf-8
11:18:27.570 [Forwarding setCurrentWindowSize on session 56753d46524f986fe84aadc21d355b4d to remote] DEBUG org.apache.http.headers - http-outgoing-4 >> Content-Length: 28
11:18:27.570 [Forwarding setCurrentWindowSize on session 56753d46524f986fe84aadc21d355b4d to remote] DEBUG org.apache.http.headers - http-outgoing-4 >> Host: localhost:5326
11:18:27.570 [Forwarding setCurrentWindowSize on session 56753d46524f986fe84aadc21d355b4d to remote] DEBUG org.apache.http.headers - http-outgoing-4 >> Connection: Keep-Alive
11:18:27.570 [Forwarding setCurrentWindowSize on session 56753d46524f986fe84aadc21d355b4d to remote] DEBUG org.apache.http.headers - http-outgoing-4 >> User-Agent: Apache-HttpClient/4.5.3 (Java/1.8.0_211)
11:18:27.570 [Forwarding setCurrentWindowSize on session 56753d46524f986fe84aadc21d355b4d to remote] DEBUG org.apache.http.headers - http-outgoing-4 >> Accept-Encoding: gzip,deflate
11:18:27.570 [Forwarding setCurrentWindowSize on session 56753d46524f986fe84aadc21d355b4d to remote] DEBUG org.apache.http.wire - http-outgoing-4 >> "POST /session/56753d46524f986fe84aadc21d355b4d/window/rect HTTP/1.1[\r][\n]"
11:18:27.570 [Forwarding setCurrentWindowSize on session 56753d46524f986fe84aadc21d355b4d to remote] DEBUG org.apache.http.wire - http-outgoing-4 >> "Content-Type: application/json; charset=utf-8[\r][\n]"
11:18:27.570 [Forwarding setCurrentWindowSize on session 56753d46524f986fe84aadc21d355b4d to remote] DEBUG org.apache.http.wire - http-outgoing-4 >> "Content-Length: 28[\r][\n]"
11:18:27.570 [Forwarding setCurrentWindowSize on session 56753d46524f986fe84aadc21d355b4d to remote] DEBUG org.apache.http.wire - http-outgoing-4 >> "Host: localhost:5326[\r][\n]"
11:18:27.570 [Forwarding setCurrentWindowSize on session 56753d46524f986fe84aadc21d355b4d to remote] DEBUG org.apache.http.wire - http-outgoing-4 >> "Connection: Keep-Alive[\r][\n]"
11:18:27.570 [Forwarding setCurrentWindowSize on session 56753d46524f986fe84aadc21d355b4d to remote] DEBUG org.apache.http.wire - http-outgoing-4 >> "User-Agent: Apache-HttpClient/4.5.3 (Java/1.8.0_211)[\r][\n]"
11:18:27.570 [Forwarding setCurrentWindowSize on session 56753d46524f986fe84aadc21d355b4d to remote] DEBUG org.apache.http.wire - http-outgoing-4 >> "Accept-Encoding: gzip,deflate[\r][\n]"
11:18:27.570 [Forwarding setCurrentWindowSize on session 56753d46524f986fe84aadc21d355b4d to remote] DEBUG org.apache.http.wire - http-outgoing-4 >> "[\r][\n]"
11:18:27.570 [Forwarding setCurrentWindowSize on session 56753d46524f986fe84aadc21d355b4d to remote] DEBUG org.apache.http.wire - http-outgoing-4 >> "{"width":2560,"height":1440}"
11:18:27.700 [Forwarding setCurrentWindowSize on session 56753d46524f986fe84aadc21d355b4d to remote] DEBUG org.apache.http.wire - http-outgoing-4 << "HTTP/1.1 200 OK[\r][\n]"
11:18:27.700 [Forwarding setCurrentWindowSize on session 56753d46524f986fe84aadc21d355b4d to remote] DEBUG org.apache.http.wire - http-outgoing-4 << "Content-Length:50[\r][\n]"
11:18:27.700 [Forwarding setCurrentWindowSize on session 56753d46524f986fe84aadc21d355b4d to remote] DEBUG org.apache.http.wire - http-outgoing-4 << "Content-Type:application/json; charset=utf-8[\r][\n]"
11:18:27.700 [Forwarding setCurrentWindowSize on session 56753d46524f986fe84aadc21d355b4d to remote] DEBUG org.apache.http.wire - http-outgoing-4 << "cache-control:no-cache[\r][\n]"
11:18:27.700 [Forwarding setCurrentWindowSize on session 56753d46524f986fe84aadc21d355b4d to remote] DEBUG org.apache.http.wire - http-outgoing-4 << "[\r][\n]"
11:18:27.700 [Forwarding setCurrentWindowSize on session 56753d46524f986fe84aadc21d355b4d to remote] DEBUG org.apache.http.wire - http-outgoing-4 << "{"value":{"height":1440,"width":2560,"x":0,"y":0}}"
11:18:27.700 [Forwarding setCurrentWindowSize on session 56753d46524f986fe84aadc21d355b4d to remote] DEBUG org.apache.http.headers - http-outgoing-4 << HTTP/1.1 200 OK
11:18:27.700 [Forwarding setCurrentWindowSize on session 56753d46524f986fe84aadc21d355b4d to remote] DEBUG org.apache.http.headers - http-outgoing-4 << Content-Length:50
11:18:27.700 [Forwarding setCurrentWindowSize on session 56753d46524f986fe84aadc21d355b4d to remote] DEBUG org.apache.http.headers - http-outgoing-4 << Content-Type:application/json; charset=utf-8
11:18:27.700 [Forwarding setCurrentWindowSize on session 56753d46524f986fe84aadc21d355b4d to remote] DEBUG org.apache.http.headers - http-outgoing-4 << cache-control:no-cache
11:18:27.700 [Forwarding setCurrentWindowSize on session 56753d46524f986fe84aadc21d355b4d to remote] DEBUG org.apache.http.impl.execchain.MainClientExec - Connection can be kept alive indefinitely
11:18:27.700 [Forwarding setCurrentWindowSize on session 56753d46524f986fe84aadc21d355b4d to remote] DEBUG org.apache.http.impl.conn.PoolingHttpClientConnectionManager - Connection [id: 4][route: {}->http://localhost:5326] can be kept alive indefinitely
11:18:27.700 [Forwarding setCurrentWindowSize on session 56753d46524f986fe84aadc21d355b4d to remote] DEBUG org.apache.http.impl.conn.PoolingHttpClientConnectionManager - Connection released: [id: 4][route: {}->http://localhost:5326][total kept alive: 5; route allocated: 1 of 2000; total allocated: 5 of 2000]
11:18:27.903 [Forwarding findElement on session 56753d46524f986fe84aadc21d355b4d to remote] DEBUG org.apache.http.client.protocol.RequestAddCookies - CookieSpec selected: default
11:18:27.903 [Forwarding findElement on session 56753d46524f986fe84aadc21d355b4d to remote] DEBUG org.apache.http.client.protocol.RequestAuthCache - Auth cache not set in the context
11:18:27.903 [Forwarding findElement on session 56753d46524f986fe84aadc21d355b4d to remote] DEBUG org.apache.http.impl.conn.PoolingHttpClientConnectionManager - Connection request: [route: {}->http://localhost:5326][total kept alive: 5; route allocated: 1 of 2000; total allocated: 5 of 2000]
11:18:27.903 [Forwarding findElement on session 56753d46524f986fe84aadc21d355b4d to remote] DEBUG org.apache.http.impl.conn.PoolingHttpClientConnectionManager - Connection leased: [id: 4][route: {}->http://localhost:5326][total kept alive: 4; route allocated: 1 of 2000; total allocated: 5 of 2000]
11:18:27.903 [Forwarding findElement on session 56753d46524f986fe84aadc21d355b4d to remote] DEBUG org.apache.http.impl.execchain.MainClientExec - Stale connection check
11:18:27.905 [Forwarding findElement on session 56753d46524f986fe84aadc21d355b4d to remote] DEBUG org.apache.http.wire - http-outgoing-4 << "[read] I/O error: Read timed out"
11:18:27.905 [Forwarding findElement on session 56753d46524f986fe84aadc21d355b4d to remote] DEBUG org.apache.http.impl.conn.DefaultManagedHttpClientConnection - http-outgoing-4: set socket timeout to 10800000
11:18:27.905 [Forwarding findElement on session 56753d46524f986fe84aadc21d355b4d to remote] DEBUG org.apache.http.impl.execchain.MainClientExec - Executing request POST /session/56753d46524f986fe84aadc21d355b4d/element HTTP/1.1
11:18:27.905 [Forwarding findElement on session 56753d46524f986fe84aadc21d355b4d to remote] DEBUG org.apache.http.impl.execchain.MainClientExec - Target auth state: UNCHALLENGED
11:18:27.905 [Forwarding findElement on session 56753d46524f986fe84aadc21d355b4d to remote] DEBUG org.apache.http.impl.execchain.MainClientExec - Proxy auth state: UNCHALLENGED
11:18:27.905 [Forwarding findElement on session 56753d46524f986fe84aadc21d355b4d to remote] DEBUG org.apache.http.headers - http-outgoing-4 >> POST /session/56753d46524f986fe84aadc21d355b4d/element HTTP/1.1
11:18:27.905 [Forwarding findElement on session 56753d46524f986fe84aadc21d355b4d to remote] DEBUG org.apache.http.headers - http-outgoing-4 >> Content-Type: application/json; charset=utf-8
11:18:27.905 [Forwarding findElement on session 56753d46524f986fe84aadc21d355b4d to remote] DEBUG org.apache.http.headers - http-outgoing-4 >> Content-Length: 58
11:18:27.905 [Forwarding findElement on session 56753d46524f986fe84aadc21d355b4d to remote] DEBUG org.apache.http.headers - http-outgoing-4 >> Host: localhost:5326
11:18:27.905 [Forwarding findElement on session 56753d46524f986fe84aadc21d355b4d to remote] DEBUG org.apache.http.headers - http-outgoing-4 >> Connection: Keep-Alive
11:18:27.905 [Forwarding findElement on session 56753d46524f986fe84aadc21d355b4d to remote] DEBUG org.apache.http.headers - http-outgoing-4 >> User-Agent: Apache-HttpClient/4.5.3 (Java/1.8.0_211)
11:18:27.905 [Forwarding findElement on session 56753d46524f986fe84aadc21d355b4d to remote] DEBUG org.apache.http.headers - http-outgoing-4 >> Accept-Encoding: gzip,deflate
11:18:27.905 [Forwarding findElement on session 56753d46524f986fe84aadc21d355b4d to remote] DEBUG org.apache.http.wire - http-outgoing-4 >> "POST /session/56753d46524f986fe84aadc21d355b4d/element HTTP/1.1[\r][\n]"
11:18:27.905 [Forwarding findElement on session 56753d46524f986fe84aadc21d355b4d to remote] DEBUG org.apache.http.wire - http-outgoing-4 >> "Content-Type: application/json; charset=utf-8[\r][\n]"
11:18:27.905 [Forwarding findElement on session 56753d46524f986fe84aadc21d355b4d to remote] DEBUG org.apache.http.wire - http-outgoing-4 >> "Content-Length: 58[\r][\n]"
11:18:27.905 [Forwarding findElement on session 56753d46524f986fe84aadc21d355b4d to remote] DEBUG org.apache.http.wire - http-outgoing-4 >> "Host: localhost:5326[\r][\n]"
11:18:27.905 [Forwarding findElement on session 56753d46524f986fe84aadc21d355b4d to remote] DEBUG org.apache.http.wire - http-outgoing-4 >> "Connection: Keep-Alive[\r][\n]"
11:18:27.905 [Forwarding findElement on session 56753d46524f986fe84aadc21d355b4d to remote] DEBUG org.apache.http.wire - http-outgoing-4 >> "User-Agent: Apache-HttpClient/4.5.3 (Java/1.8.0_211)[\r][\n]"
11:18:27.905 [Forwarding findElement on session 56753d46524f986fe84aadc21d355b4d to remote] DEBUG org.apache.http.wire - http-outgoing-4 >> "Accept-Encoding: gzip,deflate[\r][\n]"
11:18:27.905 [Forwarding findElement on session 56753d46524f986fe84aadc21d355b4d to remote] DEBUG org.apache.http.wire - http-outgoing-4 >> "[\r][\n]"
11:18:27.905 [Forwarding findElement on session 56753d46524f986fe84aadc21d355b4d to remote] DEBUG org.apache.http.wire - http-outgoing-4 >> "{"value":".dropdown-toggle > span","using":"css selector"}"
11:18:27.910 [Forwarding findElement on session 56753d46524f986fe84aadc21d355b4d to remote] DEBUG org.apache.http.wire - http-outgoing-4 << "HTTP/1.1 200 OK[\r][\n]"
11:18:27.910 [Forwarding findElement on session 56753d46524f986fe84aadc21d355b4d to remote] DEBUG org.apache.http.wire - http-outgoing-4 << "Content-Length:88[\r][\n]"
11:18:27.910 [Forwarding findElement on session 56753d46524f986fe84aadc21d355b4d to remote] DEBUG org.apache.http.wire - http-outgoing-4 << "Content-Type:application/json; charset=utf-8[\r][\n]"
11:18:27.910 [Forwarding findElement on session 56753d46524f986fe84aadc21d355b4d to remote] DEBUG org.apache.http.wire - http-outgoing-4 << "cache-control:no-cache[\r][\n]"
11:18:27.910 [Forwarding findElement on session 56753d46524f986fe84aadc21d355b4d to remote] DEBUG org.apache.http.wire - http-outgoing-4 << "[\r][\n]"
11:18:27.910 [Forwarding findElement on session 56753d46524f986fe84aadc21d355b4d to remote] DEBUG org.apache.http.wire - http-outgoing-4 << "{"value":{"element-6066-11e4-a52e-4f735466cecf":"caefb04b-3a63-4130-b449-31aabf2a6a43"}}"
11:18:27.910 [Forwarding findElement on session 56753d46524f986fe84aadc21d355b4d to remote] DEBUG org.apache.http.headers - http-outgoing-4 << HTTP/1.1 200 OK
11:18:27.910 [Forwarding findElement on session 56753d46524f986fe84aadc21d355b4d to remote] DEBUG org.apache.http.headers - http-outgoing-4 << Content-Length:88
11:18:27.910 [Forwarding findElement on session 56753d46524f986fe84aadc21d355b4d to remote] DEBUG org.apache.http.headers - http-outgoing-4 << Content-Type:application/json; charset=utf-8
11:18:27.910 [Forwarding findElement on session 56753d46524f986fe84aadc21d355b4d to remote] DEBUG org.apache.http.headers - http-outgoing-4 << cache-control:no-cache
11:18:27.910 [Forwarding findElement on session 56753d46524f986fe84aadc21d355b4d to remote] DEBUG org.apache.http.impl.execchain.MainClientExec - Connection can be kept alive indefinitely
11:18:27.910 [Forwarding findElement on session 56753d46524f986fe84aadc21d355b4d to remote] DEBUG org.apache.http.impl.conn.PoolingHttpClientConnectionManager - Connection [id: 4][route: {}->http://localhost:5326] can be kept alive indefinitely
11:18:27.910 [Forwarding findElement on session 56753d46524f986fe84aadc21d355b4d to remote] DEBUG org.apache.http.impl.conn.PoolingHttpClientConnectionManager - Connection released: [id: 4][route: {}->http://localhost:5326][total kept alive: 5; route allocated: 1 of 2000; total allocated: 5 of 2000]
11:18:27.911 [Forwarding actions on session 56753d46524f986fe84aadc21d355b4d to remote] DEBUG org.apache.http.client.protocol.RequestAddCookies - CookieSpec selected: default
11:18:27.911 [Forwarding actions on session 56753d46524f986fe84aadc21d355b4d to remote] DEBUG org.apache.http.client.protocol.RequestAuthCache - Auth cache not set in the context
11:18:27.911 [Forwarding actions on session 56753d46524f986fe84aadc21d355b4d to remote] DEBUG org.apache.http.impl.conn.PoolingHttpClientConnectionManager - Connection request: [route: {}->http://localhost:5326][total kept alive: 5; route allocated: 1 of 2000; total allocated: 5 of 2000]
11:18:27.911 [Forwarding actions on session 56753d46524f986fe84aadc21d355b4d to remote] DEBUG org.apache.http.impl.conn.PoolingHttpClientConnectionManager - Connection leased: [id: 4][route: {}->http://localhost:5326][total kept alive: 4; route allocated: 1 of 2000; total allocated: 5 of 2000]
11:18:27.911 [Forwarding actions on session 56753d46524f986fe84aadc21d355b4d to remote] DEBUG org.apache.http.impl.execchain.MainClientExec - Stale connection check
11:18:27.913 [Forwarding actions on session 56753d46524f986fe84aadc21d355b4d to remote] DEBUG org.apache.http.wire - http-outgoing-4 << "[read] I/O error: Read timed out"
11:18:27.913 [Forwarding actions on session 56753d46524f986fe84aadc21d355b4d to remote] DEBUG org.apache.http.impl.conn.DefaultManagedHttpClientConnection - http-outgoing-4: set socket timeout to 10800000
11:18:27.913 [Forwarding actions on session 56753d46524f986fe84aadc21d355b4d to remote] DEBUG org.apache.http.impl.execchain.MainClientExec - Executing request POST /session/56753d46524f986fe84aadc21d355b4d/actions HTTP/1.1
11:18:27.913 [Forwarding actions on session 56753d46524f986fe84aadc21d355b4d to remote] DEBUG org.apache.http.impl.execchain.MainClientExec - Target auth state: UNCHALLENGED
11:18:27.913 [Forwarding actions on session 56753d46524f986fe84aadc21d355b4d to remote] DEBUG org.apache.http.impl.execchain.MainClientExec - Proxy auth state: UNCHALLENGED
11:18:27.913 [Forwarding actions on session 56753d46524f986fe84aadc21d355b4d to remote] DEBUG org.apache.http.headers - http-outgoing-4 >> POST /session/56753d46524f986fe84aadc21d355b4d/actions HTTP/1.1
11:18:27.913 [Forwarding actions on session 56753d46524f986fe84aadc21d355b4d to remote] DEBUG org.apache.http.headers - http-outgoing-4 >> Content-Type: application/json; charset=utf-8
11:18:27.913 [Forwarding actions on session 56753d46524f986fe84aadc21d355b4d to remote] DEBUG org.apache.http.headers - http-outgoing-4 >> Content-Length: 289
11:18:27.913 [Forwarding actions on session 56753d46524f986fe84aadc21d355b4d to remote] DEBUG org.apache.http.headers - http-outgoing-4 >> Host: localhost:5326
11:18:27.913 [Forwarding actions on session 56753d46524f986fe84aadc21d355b4d to remote] DEBUG org.apache.http.headers - http-outgoing-4 >> Connection: Keep-Alive
11:18:27.913 [Forwarding actions on session 56753d46524f986fe84aadc21d355b4d to remote] DEBUG org.apache.http.headers - http-outgoing-4 >> User-Agent: Apache-HttpClient/4.5.3 (Java/1.8.0_211)
11:18:27.913 [Forwarding actions on session 56753d46524f986fe84aadc21d355b4d to remote] DEBUG org.apache.http.headers - http-outgoing-4 >> Accept-Encoding: gzip,deflate
11:18:27.913 [Forwarding actions on session 56753d46524f986fe84aadc21d355b4d to remote] DEBUG org.apache.http.wire - http-outgoing-4 >> "POST /session/56753d46524f986fe84aadc21d355b4d/actions HTTP/1.1[\r][\n]"
11:18:27.913 [Forwarding actions on session 56753d46524f986fe84aadc21d355b4d to remote] DEBUG org.apache.http.wire - http-outgoing-4 >> "Content-Type: application/json; charset=utf-8[\r][\n]"
11:18:27.913 [Forwarding actions on session 56753d46524f986fe84aadc21d355b4d to remote] DEBUG org.apache.http.wire - http-outgoing-4 >> "Content-Length: 289[\r][\n]"
11:18:27.913 [Forwarding actions on session 56753d46524f986fe84aadc21d355b4d to remote] DEBUG org.apache.http.wire - http-outgoing-4 >> "Host: localhost:5326[\r][\n]"
11:18:27.913 [Forwarding actions on session 56753d46524f986fe84aadc21d355b4d to remote] DEBUG org.apache.http.wire - http-outgoing-4 >> "Connection: Keep-Alive[\r][\n]"
11:18:27.913 [Forwarding actions on session 56753d46524f986fe84aadc21d355b4d to remote] DEBUG org.apache.http.wire - http-outgoing-4 >> "User-Agent: Apache-HttpClient/4.5.3 (Java/1.8.0_211)[\r][\n]"
11:18:27.913 [Forwarding actions on session 56753d46524f986fe84aadc21d355b4d to remote] DEBUG org.apache.http.wire - http-outgoing-4 >> "Accept-Encoding: gzip,deflate[\r][\n]"
11:18:27.913 [Forwarding actions on session 56753d46524f986fe84aadc21d355b4d to remote] DEBUG org.apache.http.wire - http-outgoing-4 >> "[\r][\n]"
11:18:27.913 [Forwarding actions on session 56753d46524f986fe84aadc21d355b4d to remote] DEBUG org.apache.http.wire - http-outgoing-4 >> "{"actions":[{"id":"default mouse","type":"pointer","parameters":{"pointerType":"mouse"},"actions":[{"duration":100,"x":0,"y":0,"type":"pointerMove","origin":{"ELEMENT":"caefb04b-3a63-4130-b449-31aabf2a6a43","element-6066-11e4-a52e-4f735466cecf":"caefb04b-3a63-4130-b449-31aabf2a6a43"}}]}]}"
11:18:28.031 [Forwarding actions on session 56753d46524f986fe84aadc21d355b4d to remote] DEBUG org.apache.http.wire - http-outgoing-4 << "HTTP/1.1 200 OK[\r][\n]"
11:18:28.031 [Forwarding actions on session 56753d46524f986fe84aadc21d355b4d to remote] DEBUG org.apache.http.wire - http-outgoing-4 << "Content-Length:14[\r][\n]"
11:18:28.031 [Forwarding actions on session 56753d46524f986fe84aadc21d355b4d to remote] DEBUG org.apache.http.wire - http-outgoing-4 << "Content-Type:application/json; charset=utf-8[\r][\n]"
11:18:28.031 [Forwarding actions on session 56753d46524f986fe84aadc21d355b4d to remote] DEBUG org.apache.http.wire - http-outgoing-4 << "cache-control:no-cache[\r][\n]"
11:18:28.031 [Forwarding actions on session 56753d46524f986fe84aadc21d355b4d to remote] DEBUG org.apache.http.wire - http-outgoing-4 << "[\r][\n]"
11:18:28.031 [Forwarding actions on session 56753d46524f986fe84aadc21d355b4d to remote] DEBUG org.apache.http.wire - http-outgoing-4 << "{"value":null}"
11:18:28.031 [Forwarding actions on session 56753d46524f986fe84aadc21d355b4d to remote] DEBUG org.apache.http.headers - http-outgoing-4 << HTTP/1.1 200 OK
11:18:28.031 [Forwarding actions on session 56753d46524f986fe84aadc21d355b4d to remote] DEBUG org.apache.http.headers - http-outgoing-4 << Content-Length:14
11:18:28.031 [Forwarding actions on session 56753d46524f986fe84aadc21d355b4d to remote] DEBUG org.apache.http.headers - http-outgoing-4 << Content-Type:application/json; charset=utf-8
11:18:28.031 [Forwarding actions on session 56753d46524f986fe84aadc21d355b4d to remote] DEBUG org.apache.http.headers - http-outgoing-4 << cache-control:no-cache
11:18:28.031 [Forwarding actions on session 56753d46524f986fe84aadc21d355b4d to remote] DEBUG org.apache.http.impl.execchain.MainClientExec - Connection can be kept alive indefinitely
11:18:28.031 [Forwarding actions on session 56753d46524f986fe84aadc21d355b4d to remote] DEBUG org.apache.http.impl.conn.PoolingHttpClientConnectionManager - Connection [id: 4][route: {}->http://localhost:5326] can be kept alive indefinitely
11:18:28.031 [Forwarding actions on session 56753d46524f986fe84aadc21d355b4d to remote] DEBUG org.apache.http.impl.conn.PoolingHttpClientConnectionManager - Connection released: [id: 4][route: {}->http://localhost:5326][total kept alive: 5; route allocated: 1 of 2000; total allocated: 5 of 2000]
11:18:28.032 [Forwarding findElement on session 56753d46524f986fe84aadc21d355b4d to remote] DEBUG org.apache.http.client.protocol.RequestAddCookies - CookieSpec selected: default
11:18:28.032 [Forwarding findElement on session 56753d46524f986fe84aadc21d355b4d to remote] DEBUG org.apache.http.client.protocol.RequestAuthCache - Auth cache not set in the context
11:18:28.032 [Forwarding findElement on session 56753d46524f986fe84aadc21d355b4d to remote] DEBUG org.apache.http.impl.conn.PoolingHttpClientConnectionManager - Connection request: [route: {}->http://localhost:5326][total kept alive: 5; route allocated: 1 of 2000; total allocated: 5 of 2000]
11:18:28.032 [Forwarding findElement on session 56753d46524f986fe84aadc21d355b4d to remote] DEBUG org.apache.http.impl.conn.PoolingHttpClientConnectionManager - Connection leased: [id: 4][route: {}->http://localhost:5326][total kept alive: 4; route allocated: 1 of 2000; total allocated: 5 of 2000]
11:18:28.032 [Forwarding findElement on session 56753d46524f986fe84aadc21d355b4d to remote] DEBUG org.apache.http.impl.execchain.MainClientExec - Stale connection check
11:18:28.033 [Forwarding findElement on session 56753d46524f986fe84aadc21d355b4d to remote] DEBUG org.apache.http.wire - http-outgoing-4 << "[read] I/O error: Read timed out"
11:18:28.033 [Forwarding findElement on session 56753d46524f986fe84aadc21d355b4d to remote] DEBUG org.apache.http.impl.conn.DefaultManagedHttpClientConnection - http-outgoing-4: set socket timeout to 10800000
11:18:28.033 [Forwarding findElement on session 56753d46524f986fe84aadc21d355b4d to remote] DEBUG org.apache.http.impl.execchain.MainClientExec - Executing request POST /session/56753d46524f986fe84aadc21d355b4d/element HTTP/1.1
11:18:28.033 [Forwarding findElement on session 56753d46524f986fe84aadc21d355b4d to remote] DEBUG org.apache.http.impl.execchain.MainClientExec - Target auth state: UNCHALLENGED
11:18:28.033 [Forwarding findElement on session 56753d46524f986fe84aadc21d355b4d to remote] DEBUG org.apache.http.impl.execchain.MainClientExec - Proxy auth state: UNCHALLENGED
11:18:28.033 [Forwarding findElement on session 56753d46524f986fe84aadc21d355b4d to remote] DEBUG org.apache.http.headers - http-outgoing-4 >> POST /session/56753d46524f986fe84aadc21d355b4d/element HTTP/1.1
11:18:28.033 [Forwarding findElement on session 56753d46524f986fe84aadc21d355b4d to remote] DEBUG org.apache.http.headers - http-outgoing-4 >> Content-Type: application/json; charset=utf-8
11:18:28.033 [Forwarding findElement on session 56753d46524f986fe84aadc21d355b4d to remote] DEBUG org.apache.http.headers - http-outgoing-4 >> Content-Length: 58
11:18:28.033 [Forwarding findElement on session 56753d46524f986fe84aadc21d355b4d to remote] DEBUG org.apache.http.headers - http-outgoing-4 >> Host: localhost:5326
11:18:28.033 [Forwarding findElement on session 56753d46524f986fe84aadc21d355b4d to remote] DEBUG org.apache.http.headers - http-outgoing-4 >> Connection: Keep-Alive
11:18:28.033 [Forwarding findElement on session 56753d46524f986fe84aadc21d355b4d to remote] DEBUG org.apache.http.headers - http-outgoing-4 >> User-Agent: Apache-HttpClient/4.5.3 (Java/1.8.0_211)
11:18:28.033 [Forwarding findElement on session 56753d46524f986fe84aadc21d355b4d to remote] DEBUG org.apache.http.headers - http-outgoing-4 >> Accept-Encoding: gzip,deflate
11:18:28.033 [Forwarding findElement on session 56753d46524f986fe84aadc21d355b4d to remote] DEBUG org.apache.http.wire - http-outgoing-4 >> "POST /session/56753d46524f986fe84aadc21d355b4d/element HTTP/1.1[\r][\n]"
11:18:28.033 [Forwarding findElement on session 56753d46524f986fe84aadc21d355b4d to remote] DEBUG org.apache.http.wire - http-outgoing-4 >> "Content-Type: application/json; charset=utf-8[\r][\n]"
11:18:28.033 [Forwarding findElement on session 56753d46524f986fe84aadc21d355b4d to remote] DEBUG org.apache.http.wire - http-outgoing-4 >> "Content-Length: 58[\r][\n]"
11:18:28.033 [Forwarding findElement on session 56753d46524f986fe84aadc21d355b4d to remote] DEBUG org.apache.http.wire - http-outgoing-4 >> "Host: localhost:5326[\r][\n]"
11:18:28.033 [Forwarding findElement on session 56753d46524f986fe84aadc21d355b4d to remote] DEBUG org.apache.http.wire - http-outgoing-4 >> "Connection: Keep-Alive[\r][\n]"
11:18:28.033 [Forwarding findElement on session 56753d46524f986fe84aadc21d355b4d to remote] DEBUG org.apache.http.wire - http-outgoing-4 >> "User-Agent: Apache-HttpClient/4.5.3 (Java/1.8.0_211)[\r][\n]"
11:18:28.033 [Forwarding findElement on session 56753d46524f986fe84aadc21d355b4d to remote] DEBUG org.apache.http.wire - http-outgoing-4 >> "Accept-Encoding: gzip,deflate[\r][\n]"
11:18:28.033 [Forwarding findElement on session 56753d46524f986fe84aadc21d355b4d to remote] DEBUG org.apache.http.wire - http-outgoing-4 >> "[\r][\n]"
11:18:28.033 [Forwarding findElement on session 56753d46524f986fe84aadc21d355b4d to remote] DEBUG org.apache.http.wire - http-outgoing-4 >> "{"value":".px-2:nth-child(3) span","using":"css selector"}"
11:18:28.039 [Forwarding findElement on session 56753d46524f986fe84aadc21d355b4d to remote] DEBUG org.apache.http.wire - http-outgoing-4 << "HTTP/1.1 200 OK[\r][\n]"
11:18:28.039 [Forwarding findElement on session 56753d46524f986fe84aadc21d355b4d to remote] DEBUG org.apache.http.wire - http-outgoing-4 << "Content-Length:88[\r][\n]"
11:18:28.039 [Forwarding findElement on session 56753d46524f986fe84aadc21d355b4d to remote] DEBUG org.apache.http.wire - http-outgoing-4 << "Content-Type:application/json; charset=utf-8[\r][\n]"
11:18:28.039 [Forwarding findElement on session 56753d46524f986fe84aadc21d355b4d to remote] DEBUG org.apache.http.wire - http-outgoing-4 << "cache-control:no-cache[\r][\n]"
11:18:28.039 [Forwarding findElement on session 56753d46524f986fe84aadc21d355b4d to remote] DEBUG org.apache.http.wire - http-outgoing-4 << "[\r][\n]"
11:18:28.039 [Forwarding findElement on session 56753d46524f986fe84aadc21d355b4d to remote] DEBUG org.apache.http.wire - http-outgoing-4 << "{"value":{"element-6066-11e4-a52e-4f735466cecf":"c45d6341-4d4d-446d-88cd-5011da4a8d92"}}"
11:18:28.039 [Forwarding findElement on session 56753d46524f986fe84aadc21d355b4d to remote] DEBUG org.apache.http.headers - http-outgoing-4 << HTTP/1.1 200 OK
11:18:28.039 [Forwarding findElement on session 56753d46524f986fe84aadc21d355b4d to remote] DEBUG org.apache.http.headers - http-outgoing-4 << Content-Length:88
11:18:28.039 [Forwarding findElement on session 56753d46524f986fe84aadc21d355b4d to remote] DEBUG org.apache.http.headers - http-outgoing-4 << Content-Type:application/json; charset=utf-8
11:18:28.039 [Forwarding findElement on session 56753d46524f986fe84aadc21d355b4d to remote] DEBUG org.apache.http.headers - http-outgoing-4 << cache-control:no-cache
11:18:28.039 [Forwarding findElement on session 56753d46524f986fe84aadc21d355b4d to remote] DEBUG org.apache.http.impl.execchain.MainClientExec - Connection can be kept alive indefinitely
11:18:28.039 [Forwarding findElement on session 56753d46524f986fe84aadc21d355b4d to remote] DEBUG org.apache.http.impl.conn.PoolingHttpClientConnectionManager - Connection [id: 4][route: {}->http://localhost:5326] can be kept alive indefinitely
11:18:28.039 [Forwarding findElement on session 56753d46524f986fe84aadc21d355b4d to remote] DEBUG org.apache.http.impl.conn.PoolingHttpClientConnectionManager - Connection released: [id: 4][route: {}->http://localhost:5326][total kept alive: 5; route allocated: 1 of 2000; total allocated: 5 of 2000]
11:18:28.040 [Forwarding clickElement on session 56753d46524f986fe84aadc21d355b4d to remote] DEBUG org.apache.http.client.protocol.RequestAddCookies - CookieSpec selected: default
11:18:28.040 [Forwarding clickElement on session 56753d46524f986fe84aadc21d355b4d to remote] DEBUG org.apache.http.client.protocol.RequestAuthCache - Auth cache not set in the context
11:18:28.040 [Forwarding clickElement on session 56753d46524f986fe84aadc21d355b4d to remote] DEBUG org.apache.http.impl.conn.PoolingHttpClientConnectionManager - Connection request: [route: {}->http://localhost:5326][total kept alive: 5; route allocated: 1 of 2000; total allocated: 5 of 2000]
11:18:28.040 [Forwarding clickElement on session 56753d46524f986fe84aadc21d355b4d to remote] DEBUG org.apache.http.impl.conn.PoolingHttpClientConnectionManager - Connection leased: [id: 4][route: {}->http://localhost:5326][total kept alive: 4; route allocated: 1 of 2000; total allocated: 5 of 2000]
11:18:28.040 [Forwarding clickElement on session 56753d46524f986fe84aadc21d355b4d to remote] DEBUG org.apache.http.impl.execchain.MainClientExec - Stale connection check
11:18:28.041 [Forwarding clickElement on session 56753d46524f986fe84aadc21d355b4d to remote] DEBUG org.apache.http.wire - http-outgoing-4 << "[read] I/O error: Read timed out"
11:18:28.041 [Forwarding clickElement on session 56753d46524f986fe84aadc21d355b4d to remote] DEBUG org.apache.http.impl.conn.DefaultManagedHttpClientConnection - http-outgoing-4: set socket timeout to 10800000
11:18:28.041 [Forwarding clickElement on session 56753d46524f986fe84aadc21d355b4d to remote] DEBUG org.apache.http.impl.execchain.MainClientExec - Executing request POST /session/56753d46524f986fe84aadc21d355b4d/element/c45d6341-4d4d-446d-88cd-5011da4a8d92/click HTTP/1.1
11:18:28.041 [Forwarding clickElement on session 56753d46524f986fe84aadc21d355b4d to remote] DEBUG org.apache.http.impl.execchain.MainClientExec - Target auth state: UNCHALLENGED
11:18:28.041 [Forwarding clickElement on session 56753d46524f986fe84aadc21d355b4d to remote] DEBUG org.apache.http.impl.execchain.MainClientExec - Proxy auth state: UNCHALLENGED
11:18:28.041 [Forwarding clickElement on session 56753d46524f986fe84aadc21d355b4d to remote] DEBUG org.apache.http.headers - http-outgoing-4 >> POST /session/56753d46524f986fe84aadc21d355b4d/element/c45d6341-4d4d-446d-88cd-5011da4a8d92/click HTTP/1.1
11:18:28.041 [Forwarding clickElement on session 56753d46524f986fe84aadc21d355b4d to remote] DEBUG org.apache.http.headers - http-outgoing-4 >> Content-Type: application/json; charset=utf-8
11:18:28.041 [Forwarding clickElement on session 56753d46524f986fe84aadc21d355b4d to remote] DEBUG org.apache.http.headers - http-outgoing-4 >> Content-Length: 45
11:18:28.041 [Forwarding clickElement on session 56753d46524f986fe84aadc21d355b4d to remote] DEBUG org.apache.http.headers - http-outgoing-4 >> Host: localhost:5326
11:18:28.041 [Forwarding clickElement on session 56753d46524f986fe84aadc21d355b4d to remote] DEBUG org.apache.http.headers - http-outgoing-4 >> Connection: Keep-Alive
11:18:28.041 [Forwarding clickElement on session 56753d46524f986fe84aadc21d355b4d to remote] DEBUG org.apache.http.headers - http-outgoing-4 >> User-Agent: Apache-HttpClient/4.5.3 (Java/1.8.0_211)
11:18:28.041 [Forwarding clickElement on session 56753d46524f986fe84aadc21d355b4d to remote] DEBUG org.apache.http.headers - http-outgoing-4 >> Accept-Encoding: gzip,deflate
11:18:28.041 [Forwarding clickElement on session 56753d46524f986fe84aadc21d355b4d to remote] DEBUG org.apache.http.wire - http-outgoing-4 >> "POST /session/56753d46524f986fe84aadc21d355b4d/element/c45d6341-4d4d-446d-88cd-5011da4a8d92/click HTTP/1.1[\r][\n]"
11:18:28.041 [Forwarding clickElement on session 56753d46524f986fe84aadc21d355b4d to remote] DEBUG org.apache.http.wire - http-outgoing-4 >> "Content-Type: application/json; charset=utf-8[\r][\n]"
11:18:28.041 [Forwarding clickElement on session 56753d46524f986fe84aadc21d355b4d to remote] DEBUG org.apache.http.wire - http-outgoing-4 >> "Content-Length: 45[\r][\n]"
11:18:28.041 [Forwarding clickElement on session 56753d46524f986fe84aadc21d355b4d to remote] DEBUG org.apache.http.wire - http-outgoing-4 >> "Host: localhost:5326[\r][\n]"
11:18:28.041 [Forwarding clickElement on session 56753d46524f986fe84aadc21d355b4d to remote] DEBUG org.apache.http.wire - http-outgoing-4 >> "Connection: Keep-Alive[\r][\n]"
11:18:28.041 [Forwarding clickElement on session 56753d46524f986fe84aadc21d355b4d to remote] DEBUG org.apache.http.wire - http-outgoing-4 >> "User-Agent: Apache-HttpClient/4.5.3 (Java/1.8.0_211)[\r][\n]"
11:18:28.041 [Forwarding clickElement on session 56753d46524f986fe84aadc21d355b4d to remote] DEBUG org.apache.http.wire - http-outgoing-4 >> "Accept-Encoding: gzip,deflate[\r][\n]"
11:18:28.041 [Forwarding clickElement on session 56753d46524f986fe84aadc21d355b4d to remote] DEBUG org.apache.http.wire - http-outgoing-4 >> "[\r][\n]"
11:18:28.041 [Forwarding clickElement on session 56753d46524f986fe84aadc21d355b4d to remote] DEBUG org.apache.http.wire - http-outgoing-4 >> "{"id":"c45d6341-4d4d-446d-88cd-5011da4a8d92"}"
11:18:28.100 [Forwarding clickElement on session 56753d46524f986fe84aadc21d355b4d to remote] DEBUG org.apache.http.wire - http-outgoing-4 << "HTTP/1.1 200 OK[\r][\n]"
11:18:28.100 [Forwarding clickElement on session 56753d46524f986fe84aadc21d355b4d to remote] DEBUG org.apache.http.wire - http-outgoing-4 << "Content-Length:14[\r][\n]"
11:18:28.100 [Forwarding clickElement on session 56753d46524f986fe84aadc21d355b4d to remote] DEBUG org.apache.http.wire - http-outgoing-4 << "Content-Type:application/json; charset=utf-8[\r][\n]"
11:18:28.100 [Forwarding clickElement on session 56753d46524f986fe84aadc21d355b4d to remote] DEBUG org.apache.http.wire - http-outgoing-4 << "cache-control:no-cache[\r][\n]"
11:18:28.100 [Forwarding clickElement on session 56753d46524f986fe84aadc21d355b4d to remote] DEBUG org.apache.http.wire - http-outgoing-4 << "[\r][\n]"
11:18:28.100 [Forwarding clickElement on session 56753d46524f986fe84aadc21d355b4d to remote] DEBUG org.apache.http.wire - http-outgoing-4 << "{"value":null}"
11:18:28.100 [Forwarding clickElement on session 56753d46524f986fe84aadc21d355b4d to remote] DEBUG org.apache.http.headers - http-outgoing-4 << HTTP/1.1 200 OK
11:18:28.100 [Forwarding clickElement on session 56753d46524f986fe84aadc21d355b4d to remote] DEBUG org.apache.http.headers - http-outgoing-4 << Content-Length:14
11:18:28.100 [Forwarding clickElement on session 56753d46524f986fe84aadc21d355b4d to remote] DEBUG org.apache.http.headers - http-outgoing-4 << Content-Type:application/json; charset=utf-8
11:18:28.100 [Forwarding clickElement on session 56753d46524f986fe84aadc21d355b4d to remote] DEBUG org.apache.http.headers - http-outgoing-4 << cache-control:no-cache
11:18:28.100 [Forwarding clickElement on session 56753d46524f986fe84aadc21d355b4d to remote] DEBUG org.apache.http.impl.execchain.MainClientExec - Connection can be kept alive indefinitely
11:18:28.100 [Forwarding clickElement on session 56753d46524f986fe84aadc21d355b4d to remote] DEBUG org.apache.http.impl.conn.PoolingHttpClientConnectionManager - Connection [id: 4][route: {}->http://localhost:5326] can be kept alive indefinitely
11:18:28.100 [Forwarding clickElement on session 56753d46524f986fe84aadc21d355b4d to remote] DEBUG org.apache.http.impl.conn.PoolingHttpClientConnectionManager - Connection released: [id: 4][route: {}->http://localhost:5326][total kept alive: 5; route allocated: 1 of 2000; total allocated: 5 of 2000]
11:18:28.102 [Forwarding findElement on session 56753d46524f986fe84aadc21d355b4d to remote] DEBUG org.apache.http.client.protocol.RequestAddCookies - CookieSpec selected: default
11:18:28.102 [Forwarding findElement on session 56753d46524f986fe84aadc21d355b4d to remote] DEBUG org.apache.http.client.protocol.RequestAuthCache - Auth cache not set in the context
11:18:28.102 [Forwarding findElement on session 56753d46524f986fe84aadc21d355b4d to remote] DEBUG org.apache.http.impl.conn.PoolingHttpClientConnectionManager - Connection request: [route: {}->http://localhost:5326][total kept alive: 5; route allocated: 1 of 2000; total allocated: 5 of 2000]
11:18:28.102 [Forwarding findElement on session 56753d46524f986fe84aadc21d355b4d to remote] DEBUG org.apache.http.impl.conn.PoolingHttpClientConnectionManager - Connection leased: [id: 4][route: {}->http://localhost:5326][total kept alive: 4; route allocated: 1 of 2000; total allocated: 5 of 2000]
11:18:28.102 [Forwarding findElement on session 56753d46524f986fe84aadc21d355b4d to remote] DEBUG org.apache.http.impl.execchain.MainClientExec - Stale connection check
11:18:28.104 [Forwarding findElement on session 56753d46524f986fe84aadc21d355b4d to remote] DEBUG org.apache.http.wire - http-outgoing-4 << "[read] I/O error: Read timed out"
11:18:28.104 [Forwarding findElement on session 56753d46524f986fe84aadc21d355b4d to remote] DEBUG org.apache.http.impl.conn.DefaultManagedHttpClientConnection - http-outgoing-4: set socket timeout to 10800000
11:18:28.104 [Forwarding findElement on session 56753d46524f986fe84aadc21d355b4d to remote] DEBUG org.apache.http.impl.execchain.MainClientExec - Executing request POST /session/56753d46524f986fe84aadc21d355b4d/element HTTP/1.1
11:18:28.104 [Forwarding findElement on session 56753d46524f986fe84aadc21d355b4d to remote] DEBUG org.apache.http.impl.execchain.MainClientExec - Target auth state: UNCHALLENGED
11:18:28.104 [Forwarding findElement on session 56753d46524f986fe84aadc21d355b4d to remote] DEBUG org.apache.http.impl.execchain.MainClientExec - Proxy auth state: UNCHALLENGED
11:18:28.104 [Forwarding findElement on session 56753d46524f986fe84aadc21d355b4d to remote] DEBUG org.apache.http.headers - http-outgoing-4 >> POST /session/56753d46524f986fe84aadc21d355b4d/element HTTP/1.1
11:18:28.104 [Forwarding findElement on session 56753d46524f986fe84aadc21d355b4d to remote] DEBUG org.apache.http.headers - http-outgoing-4 >> Content-Type: application/json; charset=utf-8
11:18:28.104 [Forwarding findElement on session 56753d46524f986fe84aadc21d355b4d to remote] DEBUG org.apache.http.headers - http-outgoing-4 >> Content-Length: 61
11:18:28.104 [Forwarding findElement on session 56753d46524f986fe84aadc21d355b4d to remote] DEBUG org.apache.http.headers - http-outgoing-4 >> Host: localhost:5326
11:18:28.104 [Forwarding findElement on session 56753d46524f986fe84aadc21d355b4d to remote] DEBUG org.apache.http.headers - http-outgoing-4 >> Connection: Keep-Alive
11:18:28.104 [Forwarding findElement on session 56753d46524f986fe84aadc21d355b4d to remote] DEBUG org.apache.http.headers - http-outgoing-4 >> User-Agent: Apache-HttpClient/4.5.3 (Java/1.8.0_211)
11:18:28.104 [Forwarding findElement on session 56753d46524f986fe84aadc21d355b4d to remote] DEBUG org.apache.http.headers - http-outgoing-4 >> Accept-Encoding: gzip,deflate
11:18:28.104 [Forwarding findElement on session 56753d46524f986fe84aadc21d355b4d to remote] DEBUG org.apache.http.wire - http-outgoing-4 >> "POST /session/56753d46524f986fe84aadc21d355b4d/element HTTP/1.1[\r][\n]"
11:18:28.104 [Forwarding findElement on session 56753d46524f986fe84aadc21d355b4d to remote] DEBUG org.apache.http.wire - http-outgoing-4 >> "Content-Type: application/json; charset=utf-8[\r][\n]"
11:18:28.104 [Forwarding findElement on session 56753d46524f986fe84aadc21d355b4d to remote] DEBUG org.apache.http.wire - http-outgoing-4 >> "Content-Length: 61[\r][\n]"
11:18:28.104 [Forwarding findElement on session 56753d46524f986fe84aadc21d355b4d to remote] DEBUG org.apache.http.wire - http-outgoing-4 >> "Host: localhost:5326[\r][\n]"
11:18:28.104 [Forwarding findElement on session 56753d46524f986fe84aadc21d355b4d to remote] DEBUG org.apache.http.wire - http-outgoing-4 >> "Connection: Keep-Alive[\r][\n]"
11:18:28.104 [Forwarding findElement on session 56753d46524f986fe84aadc21d355b4d to remote] DEBUG org.apache.http.wire - http-outgoing-4 >> "User-Agent: Apache-HttpClient/4.5.3 (Java/1.8.0_211)[\r][\n]"
11:18:28.104 [Forwarding findElement on session 56753d46524f986fe84aadc21d355b4d to remote] DEBUG org.apache.http.wire - http-outgoing-4 >> "Accept-Encoding: gzip,deflate[\r][\n]"
11:18:28.104 [Forwarding findElement on session 56753d46524f986fe84aadc21d355b4d to remote] DEBUG org.apache.http.wire - http-outgoing-4 >> "[\r][\n]"
11:18:28.104 [Forwarding findElement on session 56753d46524f986fe84aadc21d355b4d to remote] DEBUG org.apache.http.wire - http-outgoing-4 >> "{"value":".form-control:nth-child(2)","using":"css selector"}"
11:18:28.110 [Forwarding findElement on session 56753d46524f986fe84aadc21d355b4d to remote] DEBUG org.apache.http.wire - http-outgoing-4 << "HTTP/1.1 200 OK[\r][\n]"
11:18:28.110 [Forwarding findElement on session 56753d46524f986fe84aadc21d355b4d to remote] DEBUG org.apache.http.wire - http-outgoing-4 << "Content-Length:88[\r][\n]"
11:18:28.110 [Forwarding findElement on session 56753d46524f986fe84aadc21d355b4d to remote] DEBUG org.apache.http.wire - http-outgoing-4 << "Content-Type:application/json; charset=utf-8[\r][\n]"
11:18:28.110 [Forwarding findElement on session 56753d46524f986fe84aadc21d355b4d to remote] DEBUG org.apache.http.wire - http-outgoing-4 << "cache-control:no-cache[\r][\n]"
11:18:28.110 [Forwarding findElement on session 56753d46524f986fe84aadc21d355b4d to remote] DEBUG org.apache.http.wire - http-outgoing-4 << "[\r][\n]"
11:18:28.110 [Forwarding findElement on session 56753d46524f986fe84aadc21d355b4d to remote] DEBUG org.apache.http.wire - http-outgoing-4 << "{"value":{"element-6066-11e4-a52e-4f735466cecf":"4f6a4bdf-0627-4a3d-8f4a-258f8d8793ee"}}"
11:18:28.110 [Forwarding findElement on session 56753d46524f986fe84aadc21d355b4d to remote] DEBUG org.apache.http.headers - http-outgoing-4 << HTTP/1.1 200 OK
11:18:28.110 [Forwarding findElement on session 56753d46524f986fe84aadc21d355b4d to remote] DEBUG org.apache.http.headers - http-outgoing-4 << Content-Length:88
11:18:28.110 [Forwarding findElement on session 56753d46524f986fe84aadc21d355b4d to remote] DEBUG org.apache.http.headers - http-outgoing-4 << Content-Type:application/json; charset=utf-8
11:18:28.110 [Forwarding findElement on session 56753d46524f986fe84aadc21d355b4d to remote] DEBUG org.apache.http.headers - http-outgoing-4 << cache-control:no-cache
11:18:28.110 [Forwarding findElement on session 56753d46524f986fe84aadc21d355b4d to remote] DEBUG org.apache.http.impl.execchain.MainClientExec - Connection can be kept alive indefinitely
11:18:28.110 [Forwarding findElement on session 56753d46524f986fe84aadc21d355b4d to remote] DEBUG org.apache.http.impl.conn.PoolingHttpClientConnectionManager - Connection [id: 4][route: {}->http://localhost:5326] can be kept alive indefinitely
11:18:28.110 [Forwarding findElement on session 56753d46524f986fe84aadc21d355b4d to remote] DEBUG org.apache.http.impl.conn.PoolingHttpClientConnectionManager - Connection released: [id: 4][route: {}->http://localhost:5326][total kept alive: 5; route allocated: 1 of 2000; total allocated: 5 of 2000]
11:18:28.111 [Forwarding clickElement on session 56753d46524f986fe84aadc21d355b4d to remote] DEBUG org.apache.http.client.protocol.RequestAddCookies - CookieSpec selected: default
11:18:28.111 [Forwarding clickElement on session 56753d46524f986fe84aadc21d355b4d to remote] DEBUG org.apache.http.client.protocol.RequestAuthCache - Auth cache not set in the context
11:18:28.111 [Forwarding clickElement on session 56753d46524f986fe84aadc21d355b4d to remote] DEBUG org.apache.http.impl.conn.PoolingHttpClientConnectionManager - Connection request: [route: {}->http://localhost:5326][total kept alive: 5; route allocated: 1 of 2000; total allocated: 5 of 2000]
11:18:28.111 [Forwarding clickElement on session 56753d46524f986fe84aadc21d355b4d to remote] DEBUG org.apache.http.impl.conn.PoolingHttpClientConnectionManager - Connection leased: [id: 4][route: {}->http://localhost:5326][total kept alive: 4; route allocated: 1 of 2000; total allocated: 5 of 2000]
11:18:28.111 [Forwarding clickElement on session 56753d46524f986fe84aadc21d355b4d to remote] DEBUG org.apache.http.impl.execchain.MainClientExec - Stale connection check
11:18:28.113 [Forwarding clickElement on session 56753d46524f986fe84aadc21d355b4d to remote] DEBUG org.apache.http.wire - http-outgoing-4 << "[read] I/O error: Read timed out"
11:18:28.113 [Forwarding clickElement on session 56753d46524f986fe84aadc21d355b4d to remote] DEBUG org.apache.http.impl.conn.DefaultManagedHttpClientConnection - http-outgoing-4: set socket timeout to 10800000
11:18:28.113 [Forwarding clickElement on session 56753d46524f986fe84aadc21d355b4d to remote] DEBUG org.apache.http.impl.execchain.MainClientExec - Executing request POST /session/56753d46524f986fe84aadc21d355b4d/element/4f6a4bdf-0627-4a3d-8f4a-258f8d8793ee/click HTTP/1.1
11:18:28.113 [Forwarding clickElement on session 56753d46524f986fe84aadc21d355b4d to remote] DEBUG org.apache.http.impl.execchain.MainClientExec - Target auth state: UNCHALLENGED
11:18:28.113 [Forwarding clickElement on session 56753d46524f986fe84aadc21d355b4d to remote] DEBUG org.apache.http.impl.execchain.MainClientExec - Proxy auth state: UNCHALLENGED
11:18:28.113 [Forwarding clickElement on session 56753d46524f986fe84aadc21d355b4d to remote] DEBUG org.apache.http.headers - http-outgoing-4 >> POST /session/56753d46524f986fe84aadc21d355b4d/element/4f6a4bdf-0627-4a3d-8f4a-258f8d8793ee/click HTTP/1.1
11:18:28.113 [Forwarding clickElement on session 56753d46524f986fe84aadc21d355b4d to remote] DEBUG org.apache.http.headers - http-outgoing-4 >> Content-Type: application/json; charset=utf-8
11:18:28.113 [Forwarding clickElement on session 56753d46524f986fe84aadc21d355b4d to remote] DEBUG org.apache.http.headers - http-outgoing-4 >> Content-Length: 45
11:18:28.113 [Forwarding clickElement on session 56753d46524f986fe84aadc21d355b4d to remote] DEBUG org.apache.http.headers - http-outgoing-4 >> Host: localhost:5326
11:18:28.113 [Forwarding clickElement on session 56753d46524f986fe84aadc21d355b4d to remote] DEBUG org.apache.http.headers - http-outgoing-4 >> Connection: Keep-Alive
11:18:28.113 [Forwarding clickElement on session 56753d46524f986fe84aadc21d355b4d to remote] DEBUG org.apache.http.headers - http-outgoing-4 >> User-Agent: Apache-HttpClient/4.5.3 (Java/1.8.0_211)
11:18:28.113 [Forwarding clickElement on session 56753d46524f986fe84aadc21d355b4d to remote] DEBUG org.apache.http.headers - http-outgoing-4 >> Accept-Encoding: gzip,deflate
11:18:28.113 [Forwarding clickElement on session 56753d46524f986fe84aadc21d355b4d to remote] DEBUG org.apache.http.wire - http-outgoing-4 >> "POST /session/56753d46524f986fe84aadc21d355b4d/element/4f6a4bdf-0627-4a3d-8f4a-258f8d8793ee/click HTTP/1.1[\r][\n]"
11:18:28.113 [Forwarding clickElement on session 56753d46524f986fe84aadc21d355b4d to remote] DEBUG org.apache.http.wire - http-outgoing-4 >> "Content-Type: application/json; charset=utf-8[\r][\n]"
11:18:28.113 [Forwarding clickElement on session 56753d46524f986fe84aadc21d355b4d to remote] DEBUG org.apache.http.wire - http-outgoing-4 >> "Content-Length: 45[\r][\n]"
11:18:28.113 [Forwarding clickElement on session 56753d46524f986fe84aadc21d355b4d to remote] DEBUG org.apache.http.wire - http-outgoing-4 >> "Host: localhost:5326[\r][\n]"
11:18:28.113 [Forwarding clickElement on session 56753d46524f986fe84aadc21d355b4d to remote] DEBUG org.apache.http.wire - http-outgoing-4 >> "Connection: Keep-Alive[\r][\n]"
11:18:28.113 [Forwarding clickElement on session 56753d46524f986fe84aadc21d355b4d to remote] DEBUG org.apache.http.wire - http-outgoing-4 >> "User-Agent: Apache-HttpClient/4.5.3 (Java/1.8.0_211)[\r][\n]"
11:18:28.113 [Forwarding clickElement on session 56753d46524f986fe84aadc21d355b4d to remote] DEBUG org.apache.http.wire - http-outgoing-4 >> "Accept-Encoding: gzip,deflate[\r][\n]"
11:18:28.113 [Forwarding clickElement on session 56753d46524f986fe84aadc21d355b4d to remote] DEBUG org.apache.http.wire - http-outgoing-4 >> "[\r][\n]"
11:18:28.113 [Forwarding clickElement on session 56753d46524f986fe84aadc21d355b4d to remote] DEBUG org.apache.http.wire - http-outgoing-4 >> "{"id":"4f6a4bdf-0627-4a3d-8f4a-258f8d8793ee"}"
11:18:28.183 [Forwarding clickElement on session 56753d46524f986fe84aadc21d355b4d to remote] DEBUG org.apache.http.wire - http-outgoing-4 << "HTTP/1.1 200 OK[\r][\n]"
11:18:28.183 [Forwarding clickElement on session 56753d46524f986fe84aadc21d355b4d to remote] DEBUG org.apache.http.wire - http-outgoing-4 << "Content-Length:14[\r][\n]"
11:18:28.183 [Forwarding clickElement on session 56753d46524f986fe84aadc21d355b4d to remote] DEBUG org.apache.http.wire - http-outgoing-4 << "Content-Type:application/json; charset=utf-8[\r][\n]"
11:18:28.183 [Forwarding clickElement on session 56753d46524f986fe84aadc21d355b4d to remote] DEBUG org.apache.http.wire - http-outgoing-4 << "cache-control:no-cache[\r][\n]"
11:18:28.183 [Forwarding clickElement on session 56753d46524f986fe84aadc21d355b4d to remote] DEBUG org.apache.http.wire - http-outgoing-4 << "[\r][\n]"
11:18:28.183 [Forwarding clickElement on session 56753d46524f986fe84aadc21d355b4d to remote] DEBUG org.apache.http.wire - http-outgoing-4 << "{"value":null}"
11:18:28.183 [Forwarding clickElement on session 56753d46524f986fe84aadc21d355b4d to remote] DEBUG org.apache.http.headers - http-outgoing-4 << HTTP/1.1 200 OK
11:18:28.183 [Forwarding clickElement on session 56753d46524f986fe84aadc21d355b4d to remote] DEBUG org.apache.http.headers - http-outgoing-4 << Content-Length:14
11:18:28.183 [Forwarding clickElement on session 56753d46524f986fe84aadc21d355b4d to remote] DEBUG org.apache.http.headers - http-outgoing-4 << Content-Type:application/json; charset=utf-8
11:18:28.183 [Forwarding clickElement on session 56753d46524f986fe84aadc21d355b4d to remote] DEBUG org.apache.http.headers - http-outgoing-4 << cache-control:no-cache
11:18:28.183 [Forwarding clickElement on session 56753d46524f986fe84aadc21d355b4d to remote] DEBUG org.apache.http.impl.execchain.MainClientExec - Connection can be kept alive indefinitely
11:18:28.184 [Forwarding clickElement on session 56753d46524f986fe84aadc21d355b4d to remote] DEBUG org.apache.http.impl.conn.PoolingHttpClientConnectionManager - Connection [id: 4][route: {}->http://localhost:5326] can be kept alive indefinitely
11:18:28.184 [Forwarding clickElement on session 56753d46524f986fe84aadc21d355b4d to remote] DEBUG org.apache.http.impl.conn.PoolingHttpClientConnectionManager - Connection released: [id: 4][route: {}->http://localhost:5326][total kept alive: 5; route allocated: 1 of 2000; total allocated: 5 of 2000]
11:18:28.184 [Forwarding findElement on session 56753d46524f986fe84aadc21d355b4d to remote] DEBUG org.apache.http.client.protocol.RequestAddCookies - CookieSpec selected: default
11:18:28.184 [Forwarding findElement on session 56753d46524f986fe84aadc21d355b4d to remote] DEBUG org.apache.http.client.protocol.RequestAuthCache - Auth cache not set in the context
11:18:28.184 [Forwarding findElement on session 56753d46524f986fe84aadc21d355b4d to remote] DEBUG org.apache.http.impl.conn.PoolingHttpClientConnectionManager - Connection request: [route: {}->http://localhost:5326][total kept alive: 5; route allocated: 1 of 2000; total allocated: 5 of 2000]
11:18:28.184 [Forwarding findElement on session 56753d46524f986fe84aadc21d355b4d to remote] DEBUG org.apache.http.impl.conn.PoolingHttpClientConnectionManager - Connection leased: [id: 4][route: {}->http://localhost:5326][total kept alive: 4; route allocated: 1 of 2000; total allocated: 5 of 2000]
11:18:28.184 [Forwarding findElement on session 56753d46524f986fe84aadc21d355b4d to remote] DEBUG org.apache.http.impl.execchain.MainClientExec - Stale connection check
11:18:28.186 [Forwarding findElement on session 56753d46524f986fe84aadc21d355b4d to remote] DEBUG org.apache.http.wire - http-outgoing-4 << "[read] I/O error: Read timed out"
11:18:28.186 [Forwarding findElement on session 56753d46524f986fe84aadc21d355b4d to remote] DEBUG org.apache.http.impl.conn.DefaultManagedHttpClientConnection - http-outgoing-4: set socket timeout to 10800000
11:18:28.186 [Forwarding findElement on session 56753d46524f986fe84aadc21d355b4d to remote] DEBUG org.apache.http.impl.execchain.MainClientExec - Executing request POST /session/56753d46524f986fe84aadc21d355b4d/element HTTP/1.1
11:18:28.186 [Forwarding findElement on session 56753d46524f986fe84aadc21d355b4d to remote] DEBUG org.apache.http.impl.execchain.MainClientExec - Target auth state: UNCHALLENGED
11:18:28.186 [Forwarding findElement on session 56753d46524f986fe84aadc21d355b4d to remote] DEBUG org.apache.http.impl.execchain.MainClientExec - Proxy auth state: UNCHALLENGED
11:18:28.186 [Forwarding findElement on session 56753d46524f986fe84aadc21d355b4d to remote] DEBUG org.apache.http.headers - http-outgoing-4 >> POST /session/56753d46524f986fe84aadc21d355b4d/element HTTP/1.1
11:18:28.186 [Forwarding findElement on session 56753d46524f986fe84aadc21d355b4d to remote] DEBUG org.apache.http.headers - http-outgoing-4 >> Content-Type: application/json; charset=utf-8
11:18:28.186 [Forwarding findElement on session 56753d46524f986fe84aadc21d355b4d to remote] DEBUG org.apache.http.headers - http-outgoing-4 >> Content-Length: 61
11:18:28.186 [Forwarding findElement on session 56753d46524f986fe84aadc21d355b4d to remote] DEBUG org.apache.http.headers - http-outgoing-4 >> Host: localhost:5326
11:18:28.186 [Forwarding findElement on session 56753d46524f986fe84aadc21d355b4d to remote] DEBUG org.apache.http.headers - http-outgoing-4 >> Connection: Keep-Alive
11:18:28.186 [Forwarding findElement on session 56753d46524f986fe84aadc21d355b4d to remote] DEBUG org.apache.http.headers - http-outgoing-4 >> User-Agent: Apache-HttpClient/4.5.3 (Java/1.8.0_211)
11:18:28.186 [Forwarding findElement on session 56753d46524f986fe84aadc21d355b4d to remote] DEBUG org.apache.http.headers - http-outgoing-4 >> Accept-Encoding: gzip,deflate
11:18:28.186 [Forwarding findElement on session 56753d46524f986fe84aadc21d355b4d to remote] DEBUG org.apache.http.wire - http-outgoing-4 >> "POST /session/56753d46524f986fe84aadc21d355b4d/element HTTP/1.1[\r][\n]"
11:18:28.186 [Forwarding findElement on session 56753d46524f986fe84aadc21d355b4d to remote] DEBUG org.apache.http.wire - http-outgoing-4 >> "Content-Type: application/json; charset=utf-8[\r][\n]"
11:18:28.186 [Forwarding findElement on session 56753d46524f986fe84aadc21d355b4d to remote] DEBUG org.apache.http.wire - http-outgoing-4 >> "Content-Length: 61[\r][\n]"
11:18:28.186 [Forwarding findElement on session 56753d46524f986fe84aadc21d355b4d to remote] DEBUG org.apache.http.wire - http-outgoing-4 >> "Host: localhost:5326[\r][\n]"
11:18:28.186 [Forwarding findElement on session 56753d46524f986fe84aadc21d355b4d to remote] DEBUG org.apache.http.wire - http-outgoing-4 >> "Connection: Keep-Alive[\r][\n]"
11:18:28.186 [Forwarding findElement on session 56753d46524f986fe84aadc21d355b4d to remote] DEBUG org.apache.http.wire - http-outgoing-4 >> "User-Agent: Apache-HttpClient/4.5.3 (Java/1.8.0_211)[\r][\n]"
11:18:28.186 [Forwarding findElement on session 56753d46524f986fe84aadc21d355b4d to remote] DEBUG org.apache.http.wire - http-outgoing-4 >> "Accept-Encoding: gzip,deflate[\r][\n]"
11:18:28.186 [Forwarding findElement on session 56753d46524f986fe84aadc21d355b4d to remote] DEBUG org.apache.http.wire - http-outgoing-4 >> "[\r][\n]"
11:18:28.186 [Forwarding findElement on session 56753d46524f986fe84aadc21d355b4d to remote] DEBUG org.apache.http.wire - http-outgoing-4 >> "{"value":".form-control:nth-child(2)","using":"css selector"}"
11:18:28.189 [Forwarding findElement on session 56753d46524f986fe84aadc21d355b4d to remote] DEBUG org.apache.http.wire - http-outgoing-4 << "HTTP/1.1 200 OK[\r][\n]"
11:18:28.189 [Forwarding findElement on session 56753d46524f986fe84aadc21d355b4d to remote] DEBUG org.apache.http.wire - http-outgoing-4 << "Content-Length:88[\r][\n]"
11:18:28.189 [Forwarding findElement on session 56753d46524f986fe84aadc21d355b4d to remote] DEBUG org.apache.http.wire - http-outgoing-4 << "Content-Type:application/json; charset=utf-8[\r][\n]"
11:18:28.189 [Forwarding findElement on session 56753d46524f986fe84aadc21d355b4d to remote] DEBUG org.apache.http.wire - http-outgoing-4 << "cache-control:no-cache[\r][\n]"
11:18:28.189 [Forwarding findElement on session 56753d46524f986fe84aadc21d355b4d to remote] DEBUG org.apache.http.wire - http-outgoing-4 << "[\r][\n]"
11:18:28.189 [Forwarding findElement on session 56753d46524f986fe84aadc21d355b4d to remote] DEBUG org.apache.http.wire - http-outgoing-4 << "{"value":{"element-6066-11e4-a52e-4f735466cecf":"4f6a4bdf-0627-4a3d-8f4a-258f8d8793ee"}}"
11:18:28.189 [Forwarding findElement on session 56753d46524f986fe84aadc21d355b4d to remote] DEBUG org.apache.http.headers - http-outgoing-4 << HTTP/1.1 200 OK
11:18:28.189 [Forwarding findElement on session 56753d46524f986fe84aadc21d355b4d to remote] DEBUG org.apache.http.headers - http-outgoing-4 << Content-Length:88
11:18:28.189 [Forwarding findElement on session 56753d46524f986fe84aadc21d355b4d to remote] DEBUG org.apache.http.headers - http-outgoing-4 << Content-Type:application/json; charset=utf-8
11:18:28.189 [Forwarding findElement on session 56753d46524f986fe84aadc21d355b4d to remote] DEBUG org.apache.http.headers - http-outgoing-4 << cache-control:no-cache
11:18:28.189 [Forwarding findElement on session 56753d46524f986fe84aadc21d355b4d to remote] DEBUG org.apache.http.impl.execchain.MainClientExec - Connection can be kept alive indefinitely
11:18:28.189 [Forwarding findElement on session 56753d46524f986fe84aadc21d355b4d to remote] DEBUG org.apache.http.impl.conn.PoolingHttpClientConnectionManager - Connection [id: 4][route: {}->http://localhost:5326] can be kept alive indefinitely
11:18:28.189 [Forwarding findElement on session 56753d46524f986fe84aadc21d355b4d to remote] DEBUG org.apache.http.impl.conn.PoolingHttpClientConnectionManager - Connection released: [id: 4][route: {}->http://localhost:5326][total kept alive: 5; route allocated: 1 of 2000; total allocated: 5 of 2000]
11:18:28.190 [Forwarding sendKeysToElement on session 56753d46524f986fe84aadc21d355b4d to remote] DEBUG org.apache.http.client.protocol.RequestAddCookies - CookieSpec selected: default
11:18:28.190 [Forwarding sendKeysToElement on session 56753d46524f986fe84aadc21d355b4d to remote] DEBUG org.apache.http.client.protocol.RequestAuthCache - Auth cache not set in the context
11:18:28.190 [Forwarding sendKeysToElement on session 56753d46524f986fe84aadc21d355b4d to remote] DEBUG org.apache.http.impl.conn.PoolingHttpClientConnectionManager - Connection request: [route: {}->http://localhost:5326][total kept alive: 5; route allocated: 1 of 2000; total allocated: 5 of 2000]
11:18:28.190 [Forwarding sendKeysToElement on session 56753d46524f986fe84aadc21d355b4d to remote] DEBUG org.apache.http.impl.conn.PoolingHttpClientConnectionManager - Connection leased: [id: 4][route: {}->http://localhost:5326][total kept alive: 4; route allocated: 1 of 2000; total allocated: 5 of 2000]
11:18:28.190 [Forwarding sendKeysToElement on session 56753d46524f986fe84aadc21d355b4d to remote] DEBUG org.apache.http.impl.execchain.MainClientExec - Stale connection check
11:18:28.191 [Forwarding sendKeysToElement on session 56753d46524f986fe84aadc21d355b4d to remote] DEBUG org.apache.http.wire - http-outgoing-4 << "[read] I/O error: Read timed out"
11:18:28.191 [Forwarding sendKeysToElement on session 56753d46524f986fe84aadc21d355b4d to remote] DEBUG org.apache.http.impl.conn.DefaultManagedHttpClientConnection - http-outgoing-4: set socket timeout to 10800000
11:18:28.191 [Forwarding sendKeysToElement on session 56753d46524f986fe84aadc21d355b4d to remote] DEBUG org.apache.http.impl.execchain.MainClientExec - Executing request POST /session/56753d46524f986fe84aadc21d355b4d/element/4f6a4bdf-0627-4a3d-8f4a-258f8d8793ee/value HTTP/1.1
11:18:28.191 [Forwarding sendKeysToElement on session 56753d46524f986fe84aadc21d355b4d to remote] DEBUG org.apache.http.impl.execchain.MainClientExec - Target auth state: UNCHALLENGED
11:18:28.191 [Forwarding sendKeysToElement on session 56753d46524f986fe84aadc21d355b4d to remote] DEBUG org.apache.http.impl.execchain.MainClientExec - Proxy auth state: UNCHALLENGED
11:18:28.191 [Forwarding sendKeysToElement on session 56753d46524f986fe84aadc21d355b4d to remote] DEBUG org.apache.http.headers - http-outgoing-4 >> POST /session/56753d46524f986fe84aadc21d355b4d/element/4f6a4bdf-0627-4a3d-8f4a-258f8d8793ee/value HTTP/1.1
11:18:28.191 [Forwarding sendKeysToElement on session 56753d46524f986fe84aadc21d355b4d to remote] DEBUG org.apache.http.headers - http-outgoing-4 >> Content-Type: application/json; charset=utf-8
11:18:28.191 [Forwarding sendKeysToElement on session 56753d46524f986fe84aadc21d355b4d to remote] DEBUG org.apache.http.headers - http-outgoing-4 >> Content-Length: 385
11:18:28.191 [Forwarding sendKeysToElement on session 56753d46524f986fe84aadc21d355b4d to remote] DEBUG org.apache.http.headers - http-outgoing-4 >> Host: localhost:5326
11:18:28.191 [Forwarding sendKeysToElement on session 56753d46524f986fe84aadc21d355b4d to remote] DEBUG org.apache.http.headers - http-outgoing-4 >> Connection: Keep-Alive
11:18:28.191 [Forwarding sendKeysToElement on session 56753d46524f986fe84aadc21d355b4d to remote] DEBUG org.apache.http.headers - http-outgoing-4 >> User-Agent: Apache-HttpClient/4.5.3 (Java/1.8.0_211)
11:18:28.191 [Forwarding sendKeysToElement on session 56753d46524f986fe84aadc21d355b4d to remote] DEBUG org.apache.http.headers - http-outgoing-4 >> Accept-Encoding: gzip,deflate
11:18:28.191 [Forwarding sendKeysToElement on session 56753d46524f986fe84aadc21d355b4d to remote] DEBUG org.apache.http.wire - http-outgoing-4 >> "POST /session/56753d46524f986fe84aadc21d355b4d/element/4f6a4bdf-0627-4a3d-8f4a-258f8d8793ee/value HTTP/1.1[\r][\n]"
11:18:28.191 [Forwarding sendKeysToElement on session 56753d46524f986fe84aadc21d355b4d to remote] DEBUG org.apache.http.wire - http-outgoing-4 >> "Content-Type: application/json; charset=utf-8[\r][\n]"
11:18:28.191 [Forwarding sendKeysToElement on session 56753d46524f986fe84aadc21d355b4d to remote] DEBUG org.apache.http.wire - http-outgoing-4 >> "Content-Length: 385[\r][\n]"
11:18:28.191 [Forwarding sendKeysToElement on session 56753d46524f986fe84aadc21d355b4d to remote] DEBUG org.apache.http.wire - http-outgoing-4 >> "Host: localhost:5326[\r][\n]"
11:18:28.191 [Forwarding sendKeysToElement on session 56753d46524f986fe84aadc21d355b4d to remote] DEBUG org.apache.http.wire - http-outgoing-4 >> "Connection: Keep-Alive[\r][\n]"
11:18:28.191 [Forwarding sendKeysToElement on session 56753d46524f986fe84aadc21d355b4d to remote] DEBUG org.apache.http.wire - http-outgoing-4 >> "User-Agent: Apache-HttpClient/4.5.3 (Java/1.8.0_211)[\r][\n]"
11:18:28.191 [Forwarding sendKeysToElement on session 56753d46524f986fe84aadc21d355b4d to remote] DEBUG org.apache.http.wire - http-outgoing-4 >> "Accept-Encoding: gzip,deflate[\r][\n]"
11:18:28.191 [Forwarding sendKeysToElement on session 56753d46524f986fe84aadc21d355b4d to remote] DEBUG org.apache.http.wire - http-outgoing-4 >> "[\r][\n]"
11:18:28.191 [Forwarding sendKeysToElement on session 56753d46524f986fe84aadc21d355b4d to remote] DEBUG org.apache.http.wire - http-outgoing-4 >> "{"id":"4f6a4bdf-0627-4a3d-8f4a-258f8d8793ee","text":"de164ddc64b1783c3ebced73b32c479b3daa203cf323bd738a9ecfc4674d6017","value":["d","e","1","6","4","d","d","c","6","4","b","1","7","8","3","c","3","e","b","c","e","d","7","3","b","3","2","c","4","7","9","b","3","d","a","a","2","0","3","c","f","3","2","3","b","d","7","3","8","a","9","e","c","f","c","4","6","7","4","d","6","0","1","7"]}"
11:18:28.626 [Forwarding sendKeysToElement on session 56753d46524f986fe84aadc21d355b4d to remote] DEBUG org.apache.http.wire - http-outgoing-4 << "HTTP/1.1 200 OK[\r][\n]"
11:18:28.626 [Forwarding sendKeysToElement on session 56753d46524f986fe84aadc21d355b4d to remote] DEBUG org.apache.http.wire - http-outgoing-4 << "Content-Length:14[\r][\n]"
11:18:28.626 [Forwarding sendKeysToElement on session 56753d46524f986fe84aadc21d355b4d to remote] DEBUG org.apache.http.wire - http-outgoing-4 << "Content-Type:application/json; charset=utf-8[\r][\n]"
11:18:28.626 [Forwarding sendKeysToElement on session 56753d46524f986fe84aadc21d355b4d to remote] DEBUG org.apache.http.wire - http-outgoing-4 << "cache-control:no-cache[\r][\n]"
11:18:28.626 [Forwarding sendKeysToElement on session 56753d46524f986fe84aadc21d355b4d to remote] DEBUG org.apache.http.wire - http-outgoing-4 << "[\r][\n]"
11:18:28.626 [Forwarding sendKeysToElement on session 56753d46524f986fe84aadc21d355b4d to remote] DEBUG org.apache.http.wire - http-outgoing-4 << "{"value":null}"
11:18:28.626 [Forwarding sendKeysToElement on session 56753d46524f986fe84aadc21d355b4d to remote] DEBUG org.apache.http.headers - http-outgoing-4 << HTTP/1.1 200 OK
11:18:28.626 [Forwarding sendKeysToElement on session 56753d46524f986fe84aadc21d355b4d to remote] DEBUG org.apache.http.headers - http-outgoing-4 << Content-Length:14
11:18:28.626 [Forwarding sendKeysToElement on session 56753d46524f986fe84aadc21d355b4d to remote] DEBUG org.apache.http.headers - http-outgoing-4 << Content-Type:application/json; charset=utf-8
11:18:28.626 [Forwarding sendKeysToElement on session 56753d46524f986fe84aadc21d355b4d to remote] DEBUG org.apache.http.headers - http-outgoing-4 << cache-control:no-cache
11:18:28.626 [Forwarding sendKeysToElement on session 56753d46524f986fe84aadc21d355b4d to remote] DEBUG org.apache.http.impl.execchain.MainClientExec - Connection can be kept alive indefinitely
11:18:28.626 [Forwarding sendKeysToElement on session 56753d46524f986fe84aadc21d355b4d to remote] DEBUG org.apache.http.impl.conn.PoolingHttpClientConnectionManager - Connection [id: 4][route: {}->http://localhost:5326] can be kept alive indefinitely
11:18:28.626 [Forwarding sendKeysToElement on session 56753d46524f986fe84aadc21d355b4d to remote] DEBUG org.apache.http.impl.conn.PoolingHttpClientConnectionManager - Connection released: [id: 4][route: {}->http://localhost:5326][total kept alive: 5; route allocated: 1 of 2000; total allocated: 5 of 2000]
11:18:28.627 [Forwarding findElement on session 56753d46524f986fe84aadc21d355b4d to remote] DEBUG org.apache.http.client.protocol.RequestAddCookies - CookieSpec selected: default
11:18:28.627 [Forwarding findElement on session 56753d46524f986fe84aadc21d355b4d to remote] DEBUG org.apache.http.client.protocol.RequestAuthCache - Auth cache not set in the context
11:18:28.627 [Forwarding findElement on session 56753d46524f986fe84aadc21d355b4d to remote] DEBUG org.apache.http.impl.conn.PoolingHttpClientConnectionManager - Connection request: [route: {}->http://localhost:5326][total kept alive: 5; route allocated: 1 of 2000; total allocated: 5 of 2000]
11:18:28.627 [Forwarding findElement on session 56753d46524f986fe84aadc21d355b4d to remote] DEBUG org.apache.http.impl.conn.PoolingHttpClientConnectionManager - Connection leased: [id: 4][route: {}->http://localhost:5326][total kept alive: 4; route allocated: 1 of 2000; total allocated: 5 of 2000]
11:18:28.627 [Forwarding findElement on session 56753d46524f986fe84aadc21d355b4d to remote] DEBUG org.apache.http.impl.execchain.MainClientExec - Stale connection check
11:18:28.628 [Forwarding findElement on session 56753d46524f986fe84aadc21d355b4d to remote] DEBUG org.apache.http.wire - http-outgoing-4 << "[read] I/O error: Read timed out"
11:18:28.628 [Forwarding findElement on session 56753d46524f986fe84aadc21d355b4d to remote] DEBUG org.apache.http.impl.conn.DefaultManagedHttpClientConnection - http-outgoing-4: set socket timeout to 10800000
11:18:28.628 [Forwarding findElement on session 56753d46524f986fe84aadc21d355b4d to remote] DEBUG org.apache.http.impl.execchain.MainClientExec - Executing request POST /session/56753d46524f986fe84aadc21d355b4d/element HTTP/1.1
11:18:28.628 [Forwarding findElement on session 56753d46524f986fe84aadc21d355b4d to remote] DEBUG org.apache.http.impl.execchain.MainClientExec - Target auth state: UNCHALLENGED
11:18:28.628 [Forwarding findElement on session 56753d46524f986fe84aadc21d355b4d to remote] DEBUG org.apache.http.impl.execchain.MainClientExec - Proxy auth state: UNCHALLENGED
11:18:28.628 [Forwarding findElement on session 56753d46524f986fe84aadc21d355b4d to remote] DEBUG org.apache.http.headers - http-outgoing-4 >> POST /session/56753d46524f986fe84aadc21d355b4d/element HTTP/1.1
11:18:28.628 [Forwarding findElement on session 56753d46524f986fe84aadc21d355b4d to remote] DEBUG org.apache.http.headers - http-outgoing-4 >> Content-Type: application/json; charset=utf-8
11:18:28.628 [Forwarding findElement on session 56753d46524f986fe84aadc21d355b4d to remote] DEBUG org.apache.http.headers - http-outgoing-4 >> Content-Length: 59
11:18:28.628 [Forwarding findElement on session 56753d46524f986fe84aadc21d355b4d to remote] DEBUG org.apache.http.headers - http-outgoing-4 >> Host: localhost:5326
11:18:28.628 [Forwarding findElement on session 56753d46524f986fe84aadc21d355b4d to remote] DEBUG org.apache.http.headers - http-outgoing-4 >> Connection: Keep-Alive
11:18:28.628 [Forwarding findElement on session 56753d46524f986fe84aadc21d355b4d to remote] DEBUG org.apache.http.headers - http-outgoing-4 >> User-Agent: Apache-HttpClient/4.5.3 (Java/1.8.0_211)
11:18:28.628 [Forwarding findElement on session 56753d46524f986fe84aadc21d355b4d to remote] DEBUG org.apache.http.headers - http-outgoing-4 >> Accept-Encoding: gzip,deflate
11:18:28.628 [Forwarding findElement on session 56753d46524f986fe84aadc21d355b4d to remote] DEBUG org.apache.http.wire - http-outgoing-4 >> "POST /session/56753d46524f986fe84aadc21d355b4d/element HTTP/1.1[\r][\n]"
11:18:28.628 [Forwarding findElement on session 56753d46524f986fe84aadc21d355b4d to remote] DEBUG org.apache.http.wire - http-outgoing-4 >> "Content-Type: application/json; charset=utf-8[\r][\n]"
11:18:28.628 [Forwarding findElement on session 56753d46524f986fe84aadc21d355b4d to remote] DEBUG org.apache.http.wire - http-outgoing-4 >> "Content-Length: 59[\r][\n]"
11:18:28.628 [Forwarding findElement on session 56753d46524f986fe84aadc21d355b4d to remote] DEBUG org.apache.http.wire - http-outgoing-4 >> "Host: localhost:5326[\r][\n]"
11:18:28.628 [Forwarding findElement on session 56753d46524f986fe84aadc21d355b4d to remote] DEBUG org.apache.http.wire - http-outgoing-4 >> "Connection: Keep-Alive[\r][\n]"
11:18:28.628 [Forwarding findElement on session 56753d46524f986fe84aadc21d355b4d to remote] DEBUG org.apache.http.wire - http-outgoing-4 >> "User-Agent: Apache-HttpClient/4.5.3 (Java/1.8.0_211)[\r][\n]"
11:18:28.628 [Forwarding findElement on session 56753d46524f986fe84aadc21d355b4d to remote] DEBUG org.apache.http.wire - http-outgoing-4 >> "Accept-Encoding: gzip,deflate[\r][\n]"
11:18:28.628 [Forwarding findElement on session 56753d46524f986fe84aadc21d355b4d to remote] DEBUG org.apache.http.wire - http-outgoing-4 >> "[\r][\n]"
11:18:28.628 [Forwarding findElement on session 56753d46524f986fe84aadc21d355b4d to remote] DEBUG org.apache.http.wire - http-outgoing-4 >> "{"value":".btn-danger:nth-child(3)","using":"css selector"}"
11:18:28.637 [Forwarding findElement on session 56753d46524f986fe84aadc21d355b4d to remote] DEBUG org.apache.http.wire - http-outgoing-4 << "HTTP/1.1 200 OK[\r][\n]"
11:18:28.637 [Forwarding findElement on session 56753d46524f986fe84aadc21d355b4d to remote] DEBUG org.apache.http.wire - http-outgoing-4 << "Content-Length:88[\r][\n]"
11:18:28.637 [Forwarding findElement on session 56753d46524f986fe84aadc21d355b4d to remote] DEBUG org.apache.http.wire - http-outgoing-4 << "Content-Type:application/json; charset=utf-8[\r][\n]"
11:18:28.637 [Forwarding findElement on session 56753d46524f986fe84aadc21d355b4d to remote] DEBUG org.apache.http.wire - http-outgoing-4 << "cache-control:no-cache[\r][\n]"
11:18:28.637 [Forwarding findElement on session 56753d46524f986fe84aadc21d355b4d to remote] DEBUG org.apache.http.wire - http-outgoing-4 << "[\r][\n]"
11:18:28.637 [Forwarding findElement on session 56753d46524f986fe84aadc21d355b4d to remote] DEBUG org.apache.http.wire - http-outgoing-4 << "{"value":{"element-6066-11e4-a52e-4f735466cecf":"65449d7b-7f6a-40f3-89b3-5c0bca68eeec"}}"
11:18:28.637 [Forwarding findElement on session 56753d46524f986fe84aadc21d355b4d to remote] DEBUG org.apache.http.headers - http-outgoing-4 << HTTP/1.1 200 OK
11:18:28.637 [Forwarding findElement on session 56753d46524f986fe84aadc21d355b4d to remote] DEBUG org.apache.http.headers - http-outgoing-4 << Content-Length:88
11:18:28.637 [Forwarding findElement on session 56753d46524f986fe84aadc21d355b4d to remote] DEBUG org.apache.http.headers - http-outgoing-4 << Content-Type:application/json; charset=utf-8
11:18:28.637 [Forwarding findElement on session 56753d46524f986fe84aadc21d355b4d to remote] DEBUG org.apache.http.headers - http-outgoing-4 << cache-control:no-cache
11:18:28.637 [Forwarding findElement on session 56753d46524f986fe84aadc21d355b4d to remote] DEBUG org.apache.http.impl.execchain.MainClientExec - Connection can be kept alive indefinitely
11:18:28.637 [Forwarding findElement on session 56753d46524f986fe84aadc21d355b4d to remote] DEBUG org.apache.http.impl.conn.PoolingHttpClientConnectionManager - Connection [id: 4][route: {}->http://localhost:5326] can be kept alive indefinitely
11:18:28.637 [Forwarding findElement on session 56753d46524f986fe84aadc21d355b4d to remote] DEBUG org.apache.http.impl.conn.PoolingHttpClientConnectionManager - Connection released: [id: 4][route: {}->http://localhost:5326][total kept alive: 5; route allocated: 1 of 2000; total allocated: 5 of 2000]
11:18:28.638 [Forwarding clickElement on session 56753d46524f986fe84aadc21d355b4d to remote] DEBUG org.apache.http.client.protocol.RequestAddCookies - CookieSpec selected: default
11:18:28.638 [Forwarding clickElement on session 56753d46524f986fe84aadc21d355b4d to remote] DEBUG org.apache.http.client.protocol.RequestAuthCache - Auth cache not set in the context
11:18:28.638 [Forwarding clickElement on session 56753d46524f986fe84aadc21d355b4d to remote] DEBUG org.apache.http.impl.conn.PoolingHttpClientConnectionManager - Connection request: [route: {}->http://localhost:5326][total kept alive: 5; route allocated: 1 of 2000; total allocated: 5 of 2000]
11:18:28.638 [Forwarding clickElement on session 56753d46524f986fe84aadc21d355b4d to remote] DEBUG org.apache.http.impl.conn.PoolingHttpClientConnectionManager - Connection leased: [id: 4][route: {}->http://localhost:5326][total kept alive: 4; route allocated: 1 of 2000; total allocated: 5 of 2000]
11:18:28.638 [Forwarding clickElement on session 56753d46524f986fe84aadc21d355b4d to remote] DEBUG org.apache.http.impl.execchain.MainClientExec - Stale connection check
11:18:28.639 [Forwarding clickElement on session 56753d46524f986fe84aadc21d355b4d to remote] DEBUG org.apache.http.wire - http-outgoing-4 << "[read] I/O error: Read timed out"
11:18:28.639 [Forwarding clickElement on session 56753d46524f986fe84aadc21d355b4d to remote] DEBUG org.apache.http.impl.conn.DefaultManagedHttpClientConnection - http-outgoing-4: set socket timeout to 10800000
11:18:28.639 [Forwarding clickElement on session 56753d46524f986fe84aadc21d355b4d to remote] DEBUG org.apache.http.impl.execchain.MainClientExec - Executing request POST /session/56753d46524f986fe84aadc21d355b4d/element/65449d7b-7f6a-40f3-89b3-5c0bca68eeec/click HTTP/1.1
11:18:28.639 [Forwarding clickElement on session 56753d46524f986fe84aadc21d355b4d to remote] DEBUG org.apache.http.impl.execchain.MainClientExec - Target auth state: UNCHALLENGED
11:18:28.639 [Forwarding clickElement on session 56753d46524f986fe84aadc21d355b4d to remote] DEBUG org.apache.http.impl.execchain.MainClientExec - Proxy auth state: UNCHALLENGED
11:18:28.639 [Forwarding clickElement on session 56753d46524f986fe84aadc21d355b4d to remote] DEBUG org.apache.http.headers - http-outgoing-4 >> POST /session/56753d46524f986fe84aadc21d355b4d/element/65449d7b-7f6a-40f3-89b3-5c0bca68eeec/click HTTP/1.1
11:18:28.639 [Forwarding clickElement on session 56753d46524f986fe84aadc21d355b4d to remote] DEBUG org.apache.http.headers - http-outgoing-4 >> Content-Type: application/json; charset=utf-8
11:18:28.639 [Forwarding clickElement on session 56753d46524f986fe84aadc21d355b4d to remote] DEBUG org.apache.http.headers - http-outgoing-4 >> Content-Length: 45
11:18:28.639 [Forwarding clickElement on session 56753d46524f986fe84aadc21d355b4d to remote] DEBUG org.apache.http.headers - http-outgoing-4 >> Host: localhost:5326
11:18:28.639 [Forwarding clickElement on session 56753d46524f986fe84aadc21d355b4d to remote] DEBUG org.apache.http.headers - http-outgoing-4 >> Connection: Keep-Alive
11:18:28.639 [Forwarding clickElement on session 56753d46524f986fe84aadc21d355b4d to remote] DEBUG org.apache.http.headers - http-outgoing-4 >> User-Agent: Apache-HttpClient/4.5.3 (Java/1.8.0_211)
11:18:28.639 [Forwarding clickElement on session 56753d46524f986fe84aadc21d355b4d to remote] DEBUG org.apache.http.headers - http-outgoing-4 >> Accept-Encoding: gzip,deflate
11:18:28.639 [Forwarding clickElement on session 56753d46524f986fe84aadc21d355b4d to remote] DEBUG org.apache.http.wire - http-outgoing-4 >> "POST /session/56753d46524f986fe84aadc21d355b4d/element/65449d7b-7f6a-40f3-89b3-5c0bca68eeec/click HTTP/1.1[\r][\n]"
11:18:28.639 [Forwarding clickElement on session 56753d46524f986fe84aadc21d355b4d to remote] DEBUG org.apache.http.wire - http-outgoing-4 >> "Content-Type: application/json; charset=utf-8[\r][\n]"
11:18:28.639 [Forwarding clickElement on session 56753d46524f986fe84aadc21d355b4d to remote] DEBUG org.apache.http.wire - http-outgoing-4 >> "Content-Length: 45[\r][\n]"
11:18:28.639 [Forwarding clickElement on session 56753d46524f986fe84aadc21d355b4d to remote] DEBUG org.apache.http.wire - http-outgoing-4 >> "Host: localhost:5326[\r][\n]"
11:18:28.639 [Forwarding clickElement on session 56753d46524f986fe84aadc21d355b4d to remote] DEBUG org.apache.http.wire - http-outgoing-4 >> "Connection: Keep-Alive[\r][\n]"
11:18:28.639 [Forwarding clickElement on session 56753d46524f986fe84aadc21d355b4d to remote] DEBUG org.apache.http.wire - http-outgoing-4 >> "User-Agent: Apache-HttpClient/4.5.3 (Java/1.8.0_211)[\r][\n]"
11:18:28.639 [Forwarding clickElement on session 56753d46524f986fe84aadc21d355b4d to remote] DEBUG org.apache.http.wire - http-outgoing-4 >> "Accept-Encoding: gzip,deflate[\r][\n]"
11:18:28.639 [Forwarding clickElement on session 56753d46524f986fe84aadc21d355b4d to remote] DEBUG org.apache.http.wire - http-outgoing-4 >> "[\r][\n]"
11:18:28.639 [Forwarding clickElement on session 56753d46524f986fe84aadc21d355b4d to remote] DEBUG org.apache.http.wire - http-outgoing-4 >> "{"id":"65449d7b-7f6a-40f3-89b3-5c0bca68eeec"}"
11:18:28.791 [Forwarding clickElement on session 56753d46524f986fe84aadc21d355b4d to remote] DEBUG org.apache.http.wire - http-outgoing-4 << "HTTP/1.1 200 OK[\r][\n]"
11:18:28.791 [Forwarding clickElement on session 56753d46524f986fe84aadc21d355b4d to remote] DEBUG org.apache.http.wire - http-outgoing-4 << "Content-Length:14[\r][\n]"
11:18:28.791 [Forwarding clickElement on session 56753d46524f986fe84aadc21d355b4d to remote] DEBUG org.apache.http.wire - http-outgoing-4 << "Content-Type:application/json; charset=utf-8[\r][\n]"
11:18:28.791 [Forwarding clickElement on session 56753d46524f986fe84aadc21d355b4d to remote] DEBUG org.apache.http.wire - http-outgoing-4 << "cache-control:no-cache[\r][\n]"
11:18:28.791 [Forwarding clickElement on session 56753d46524f986fe84aadc21d355b4d to remote] DEBUG org.apache.http.wire - http-outgoing-4 << "[\r][\n]"
11:18:28.791 [Forwarding clickElement on session 56753d46524f986fe84aadc21d355b4d to remote] DEBUG org.apache.http.wire - http-outgoing-4 << "{"value":null}"
11:18:28.791 [Forwarding clickElement on session 56753d46524f986fe84aadc21d355b4d to remote] DEBUG org.apache.http.headers - http-outgoing-4 << HTTP/1.1 200 OK
11:18:28.791 [Forwarding clickElement on session 56753d46524f986fe84aadc21d355b4d to remote] DEBUG org.apache.http.headers - http-outgoing-4 << Content-Length:14
11:18:28.791 [Forwarding clickElement on session 56753d46524f986fe84aadc21d355b4d to remote] DEBUG org.apache.http.headers - http-outgoing-4 << Content-Type:application/json; charset=utf-8
11:18:28.791 [Forwarding clickElement on session 56753d46524f986fe84aadc21d355b4d to remote] DEBUG org.apache.http.headers - http-outgoing-4 << cache-control:no-cache
11:18:28.791 [Forwarding clickElement on session 56753d46524f986fe84aadc21d355b4d to remote] DEBUG org.apache.http.impl.execchain.MainClientExec - Connection can be kept alive indefinitely
11:18:28.791 [Forwarding clickElement on session 56753d46524f986fe84aadc21d355b4d to remote] DEBUG org.apache.http.impl.conn.PoolingHttpClientConnectionManager - Connection [id: 4][route: {}->http://localhost:5326] can be kept alive indefinitely
11:18:28.792 [Forwarding clickElement on session 56753d46524f986fe84aadc21d355b4d to remote] DEBUG org.apache.http.impl.conn.PoolingHttpClientConnectionManager - Connection released: [id: 4][route: {}->http://localhost:5326][total kept alive: 5; route allocated: 1 of 2000; total allocated: 5 of 2000]
11:18:28.993 [Forwarding findElement on session 56753d46524f986fe84aadc21d355b4d to remote] DEBUG org.apache.http.client.protocol.RequestAddCookies - CookieSpec selected: default
11:18:28.993 [Forwarding findElement on session 56753d46524f986fe84aadc21d355b4d to remote] DEBUG org.apache.http.client.protocol.RequestAuthCache - Auth cache not set in the context
11:18:28.993 [Forwarding findElement on session 56753d46524f986fe84aadc21d355b4d to remote] DEBUG org.apache.http.impl.conn.PoolingHttpClientConnectionManager - Connection request: [route: {}->http://localhost:5326][total kept alive: 5; route allocated: 1 of 2000; total allocated: 5 of 2000]
11:18:28.993 [Forwarding findElement on session 56753d46524f986fe84aadc21d355b4d to remote] DEBUG org.apache.http.impl.conn.PoolingHttpClientConnectionManager - Connection leased: [id: 4][route: {}->http://localhost:5326][total kept alive: 4; route allocated: 1 of 2000; total allocated: 5 of 2000]
11:18:28.993 [Forwarding findElement on session 56753d46524f986fe84aadc21d355b4d to remote] DEBUG org.apache.http.impl.execchain.MainClientExec - Stale connection check
11:18:28.994 [Forwarding findElement on session 56753d46524f986fe84aadc21d355b4d to remote] DEBUG org.apache.http.wire - http-outgoing-4 << "[read] I/O error: Read timed out"
11:18:28.994 [Forwarding findElement on session 56753d46524f986fe84aadc21d355b4d to remote] DEBUG org.apache.http.impl.conn.DefaultManagedHttpClientConnection - http-outgoing-4: set socket timeout to 10800000
11:18:28.994 [Forwarding findElement on session 56753d46524f986fe84aadc21d355b4d to remote] DEBUG org.apache.http.impl.execchain.MainClientExec - Executing request POST /session/56753d46524f986fe84aadc21d355b4d/element HTTP/1.1
11:18:28.994 [Forwarding findElement on session 56753d46524f986fe84aadc21d355b4d to remote] DEBUG org.apache.http.impl.execchain.MainClientExec - Target auth state: UNCHALLENGED
11:18:28.994 [Forwarding findElement on session 56753d46524f986fe84aadc21d355b4d to remote] DEBUG org.apache.http.impl.execchain.MainClientExec - Proxy auth state: UNCHALLENGED
11:18:28.994 [Forwarding findElement on session 56753d46524f986fe84aadc21d355b4d to remote] DEBUG org.apache.http.headers - http-outgoing-4 >> POST /session/56753d46524f986fe84aadc21d355b4d/element HTTP/1.1
11:18:28.994 [Forwarding findElement on session 56753d46524f986fe84aadc21d355b4d to remote] DEBUG org.apache.http.headers - http-outgoing-4 >> Content-Type: application/json; charset=utf-8
11:18:28.994 [Forwarding findElement on session 56753d46524f986fe84aadc21d355b4d to remote] DEBUG org.apache.http.headers - http-outgoing-4 >> Content-Length: 71
11:18:28.994 [Forwarding findElement on session 56753d46524f986fe84aadc21d355b4d to remote] DEBUG org.apache.http.headers - http-outgoing-4 >> Host: localhost:5326
11:18:28.994 [Forwarding findElement on session 56753d46524f986fe84aadc21d355b4d to remote] DEBUG org.apache.http.headers - http-outgoing-4 >> Connection: Keep-Alive
11:18:28.994 [Forwarding findElement on session 56753d46524f986fe84aadc21d355b4d to remote] DEBUG org.apache.http.headers - http-outgoing-4 >> User-Agent: Apache-HttpClient/4.5.3 (Java/1.8.0_211)
11:18:28.994 [Forwarding findElement on session 56753d46524f986fe84aadc21d355b4d to remote] DEBUG org.apache.http.headers - http-outgoing-4 >> Accept-Encoding: gzip,deflate
11:18:28.994 [Forwarding findElement on session 56753d46524f986fe84aadc21d355b4d to remote] DEBUG org.apache.http.wire - http-outgoing-4 >> "POST /session/56753d46524f986fe84aadc21d355b4d/element HTTP/1.1[\r][\n]"
11:18:28.994 [Forwarding findElement on session 56753d46524f986fe84aadc21d355b4d to remote] DEBUG org.apache.http.wire - http-outgoing-4 >> "Content-Type: application/json; charset=utf-8[\r][\n]"
11:18:28.994 [Forwarding findElement on session 56753d46524f986fe84aadc21d355b4d to remote] DEBUG org.apache.http.wire - http-outgoing-4 >> "Content-Length: 71[\r][\n]"
11:18:28.994 [Forwarding findElement on session 56753d46524f986fe84aadc21d355b4d to remote] DEBUG org.apache.http.wire - http-outgoing-4 >> "Host: localhost:5326[\r][\n]"
11:18:28.994 [Forwarding findElement on session 56753d46524f986fe84aadc21d355b4d to remote] DEBUG org.apache.http.wire - http-outgoing-4 >> "Connection: Keep-Alive[\r][\n]"
11:18:28.994 [Forwarding findElement on session 56753d46524f986fe84aadc21d355b4d to remote] DEBUG org.apache.http.wire - http-outgoing-4 >> "User-Agent: Apache-HttpClient/4.5.3 (Java/1.8.0_211)[\r][\n]"
11:18:28.994 [Forwarding findElement on session 56753d46524f986fe84aadc21d355b4d to remote] DEBUG org.apache.http.wire - http-outgoing-4 >> "Accept-Encoding: gzip,deflate[\r][\n]"
11:18:28.994 [Forwarding findElement on session 56753d46524f986fe84aadc21d355b4d to remote] DEBUG org.apache.http.wire - http-outgoing-4 >> "[\r][\n]"
11:18:28.994 [Forwarding findElement on session 56753d46524f986fe84aadc21d355b4d to remote] DEBUG org.apache.http.wire - http-outgoing-4 >> "{"value":".dropdown-toggle > span:nth-child(1)","using":"css selector"}"
11:18:30.530 [Forwarding findElement on session 56753d46524f986fe84aadc21d355b4d to remote] DEBUG org.apache.http.wire - http-outgoing-4 << "HTTP/1.1 200 OK[\r][\n]"
11:18:30.530 [Forwarding findElement on session 56753d46524f986fe84aadc21d355b4d to remote] DEBUG org.apache.http.wire - http-outgoing-4 << "Content-Length:88[\r][\n]"
11:18:30.530 [Forwarding findElement on session 56753d46524f986fe84aadc21d355b4d to remote] DEBUG org.apache.http.wire - http-outgoing-4 << "Content-Type:application/json; charset=utf-8[\r][\n]"
11:18:30.530 [Forwarding findElement on session 56753d46524f986fe84aadc21d355b4d to remote] DEBUG org.apache.http.wire - http-outgoing-4 << "cache-control:no-cache[\r][\n]"
11:18:30.530 [Forwarding findElement on session 56753d46524f986fe84aadc21d355b4d to remote] DEBUG org.apache.http.wire - http-outgoing-4 << "[\r][\n]"
11:18:30.530 [Forwarding findElement on session 56753d46524f986fe84aadc21d355b4d to remote] DEBUG org.apache.http.wire - http-outgoing-4 << "{"value":{"element-6066-11e4-a52e-4f735466cecf":"26affdc1-d9b6-45f3-98a6-862d80fcbff6"}}"
11:18:30.530 [Forwarding findElement on session 56753d46524f986fe84aadc21d355b4d to remote] DEBUG org.apache.http.headers - http-outgoing-4 << HTTP/1.1 200 OK
11:18:30.530 [Forwarding findElement on session 56753d46524f986fe84aadc21d355b4d to remote] DEBUG org.apache.http.headers - http-outgoing-4 << Content-Length:88
11:18:30.530 [Forwarding findElement on session 56753d46524f986fe84aadc21d355b4d to remote] DEBUG org.apache.http.headers - http-outgoing-4 << Content-Type:application/json; charset=utf-8
11:18:30.530 [Forwarding findElement on session 56753d46524f986fe84aadc21d355b4d to remote] DEBUG org.apache.http.headers - http-outgoing-4 << cache-control:no-cache
11:18:30.530 [Forwarding findElement on session 56753d46524f986fe84aadc21d355b4d to remote] DEBUG org.apache.http.impl.execchain.MainClientExec - Connection can be kept alive indefinitely
11:18:30.530 [Forwarding findElement on session 56753d46524f986fe84aadc21d355b4d to remote] DEBUG org.apache.http.impl.conn.PoolingHttpClientConnectionManager - Connection [id: 4][route: {}->http://localhost:5326] can be kept alive indefinitely
11:18:30.530 [Forwarding findElement on session 56753d46524f986fe84aadc21d355b4d to remote] DEBUG org.apache.http.impl.conn.PoolingHttpClientConnectionManager - Connection released: [id: 4][route: {}->http://localhost:5326][total kept alive: 5; route allocated: 1 of 2000; total allocated: 5 of 2000]
11:18:30.531 [Forwarding clickElement on session 56753d46524f986fe84aadc21d355b4d to remote] DEBUG org.apache.http.client.protocol.RequestAddCookies - CookieSpec selected: default
11:18:30.531 [Forwarding clickElement on session 56753d46524f986fe84aadc21d355b4d to remote] DEBUG org.apache.http.client.protocol.RequestAuthCache - Auth cache not set in the context
11:18:30.531 [Forwarding clickElement on session 56753d46524f986fe84aadc21d355b4d to remote] DEBUG org.apache.http.impl.conn.PoolingHttpClientConnectionManager - Connection request: [route: {}->http://localhost:5326][total kept alive: 5; route allocated: 1 of 2000; total allocated: 5 of 2000]
11:18:30.531 [Forwarding clickElement on session 56753d46524f986fe84aadc21d355b4d to remote] DEBUG org.apache.http.impl.conn.PoolingHttpClientConnectionManager - Connection leased: [id: 4][route: {}->http://localhost:5326][total kept alive: 4; route allocated: 1 of 2000; total allocated: 5 of 2000]
11:18:30.531 [Forwarding clickElement on session 56753d46524f986fe84aadc21d355b4d to remote] DEBUG org.apache.http.impl.execchain.MainClientExec - Stale connection check
11:18:30.532 [Forwarding clickElement on session 56753d46524f986fe84aadc21d355b4d to remote] DEBUG org.apache.http.wire - http-outgoing-4 << "[read] I/O error: Read timed out"
11:18:30.533 [Forwarding clickElement on session 56753d46524f986fe84aadc21d355b4d to remote] DEBUG org.apache.http.impl.conn.DefaultManagedHttpClientConnection - http-outgoing-4: set socket timeout to 10800000
11:18:30.533 [Forwarding clickElement on session 56753d46524f986fe84aadc21d355b4d to remote] DEBUG org.apache.http.impl.execchain.MainClientExec - Executing request POST /session/56753d46524f986fe84aadc21d355b4d/element/26affdc1-d9b6-45f3-98a6-862d80fcbff6/click HTTP/1.1
11:18:30.533 [Forwarding clickElement on session 56753d46524f986fe84aadc21d355b4d to remote] DEBUG org.apache.http.impl.execchain.MainClientExec - Target auth state: UNCHALLENGED
11:18:30.533 [Forwarding clickElement on session 56753d46524f986fe84aadc21d355b4d to remote] DEBUG org.apache.http.impl.execchain.MainClientExec - Proxy auth state: UNCHALLENGED
11:18:30.533 [Forwarding clickElement on session 56753d46524f986fe84aadc21d355b4d to remote] DEBUG org.apache.http.headers - http-outgoing-4 >> POST /session/56753d46524f986fe84aadc21d355b4d/element/26affdc1-d9b6-45f3-98a6-862d80fcbff6/click HTTP/1.1
11:18:30.533 [Forwarding clickElement on session 56753d46524f986fe84aadc21d355b4d to remote] DEBUG org.apache.http.headers - http-outgoing-4 >> Content-Type: application/json; charset=utf-8
11:18:30.533 [Forwarding clickElement on session 56753d46524f986fe84aadc21d355b4d to remote] DEBUG org.apache.http.headers - http-outgoing-4 >> Content-Length: 45
11:18:30.533 [Forwarding clickElement on session 56753d46524f986fe84aadc21d355b4d to remote] DEBUG org.apache.http.headers - http-outgoing-4 >> Host: localhost:5326
11:18:30.533 [Forwarding clickElement on session 56753d46524f986fe84aadc21d355b4d to remote] DEBUG org.apache.http.headers - http-outgoing-4 >> Connection: Keep-Alive
11:18:30.533 [Forwarding clickElement on session 56753d46524f986fe84aadc21d355b4d to remote] DEBUG org.apache.http.headers - http-outgoing-4 >> User-Agent: Apache-HttpClient/4.5.3 (Java/1.8.0_211)
11:18:30.533 [Forwarding clickElement on session 56753d46524f986fe84aadc21d355b4d to remote] DEBUG org.apache.http.headers - http-outgoing-4 >> Accept-Encoding: gzip,deflate
11:18:30.533 [Forwarding clickElement on session 56753d46524f986fe84aadc21d355b4d to remote] DEBUG org.apache.http.wire - http-outgoing-4 >> "POST /session/56753d46524f986fe84aadc21d355b4d/element/26affdc1-d9b6-45f3-98a6-862d80fcbff6/click HTTP/1.1[\r][\n]"
11:18:30.533 [Forwarding clickElement on session 56753d46524f986fe84aadc21d355b4d to remote] DEBUG org.apache.http.wire - http-outgoing-4 >> "Content-Type: application/json; charset=utf-8[\r][\n]"
11:18:30.533 [Forwarding clickElement on session 56753d46524f986fe84aadc21d355b4d to remote] DEBUG org.apache.http.wire - http-outgoing-4 >> "Content-Length: 45[\r][\n]"
11:18:30.533 [Forwarding clickElement on session 56753d46524f986fe84aadc21d355b4d to remote] DEBUG org.apache.http.wire - http-outgoing-4 >> "Host: localhost:5326[\r][\n]"
11:18:30.533 [Forwarding clickElement on session 56753d46524f986fe84aadc21d355b4d to remote] DEBUG org.apache.http.wire - http-outgoing-4 >> "Connection: Keep-Alive[\r][\n]"
11:18:30.533 [Forwarding clickElement on session 56753d46524f986fe84aadc21d355b4d to remote] DEBUG org.apache.http.wire - http-outgoing-4 >> "User-Agent: Apache-HttpClient/4.5.3 (Java/1.8.0_211)[\r][\n]"
11:18:30.533 [Forwarding clickElement on session 56753d46524f986fe84aadc21d355b4d to remote] DEBUG org.apache.http.wire - http-outgoing-4 >> "Accept-Encoding: gzip,deflate[\r][\n]"
11:18:30.533 [Forwarding clickElement on session 56753d46524f986fe84aadc21d355b4d to remote] DEBUG org.apache.http.wire - http-outgoing-4 >> "[\r][\n]"
11:18:30.533 [Forwarding clickElement on session 56753d46524f986fe84aadc21d355b4d to remote] DEBUG org.apache.http.wire - http-outgoing-4 >> "{"id":"26affdc1-d9b6-45f3-98a6-862d80fcbff6"}"
11:18:30.854 [Forwarding clickElement on session 56753d46524f986fe84aadc21d355b4d to remote] DEBUG org.apache.http.wire - http-outgoing-4 << "HTTP/1.1 200 OK[\r][\n]"
11:18:30.854 [Forwarding clickElement on session 56753d46524f986fe84aadc21d355b4d to remote] DEBUG org.apache.http.wire - http-outgoing-4 << "Content-Length:14[\r][\n]"
11:18:30.854 [Forwarding clickElement on session 56753d46524f986fe84aadc21d355b4d to remote] DEBUG org.apache.http.wire - http-outgoing-4 << "Content-Type:application/json; charset=utf-8[\r][\n]"
11:18:30.854 [Forwarding clickElement on session 56753d46524f986fe84aadc21d355b4d to remote] DEBUG org.apache.http.wire - http-outgoing-4 << "cache-control:no-cache[\r][\n]"
11:18:30.854 [Forwarding clickElement on session 56753d46524f986fe84aadc21d355b4d to remote] DEBUG org.apache.http.wire - http-outgoing-4 << "[\r][\n]"
11:18:30.854 [Forwarding clickElement on session 56753d46524f986fe84aadc21d355b4d to remote] DEBUG org.apache.http.wire - http-outgoing-4 << "{"value":null}"
11:18:30.854 [Forwarding clickElement on session 56753d46524f986fe84aadc21d355b4d to remote] DEBUG org.apache.http.headers - http-outgoing-4 << HTTP/1.1 200 OK
11:18:30.854 [Forwarding clickElement on session 56753d46524f986fe84aadc21d355b4d to remote] DEBUG org.apache.http.headers - http-outgoing-4 << Content-Length:14
11:18:30.854 [Forwarding clickElement on session 56753d46524f986fe84aadc21d355b4d to remote] DEBUG org.apache.http.headers - http-outgoing-4 << Content-Type:application/json; charset=utf-8
11:18:30.854 [Forwarding clickElement on session 56753d46524f986fe84aadc21d355b4d to remote] DEBUG org.apache.http.headers - http-outgoing-4 << cache-control:no-cache
11:18:30.854 [Forwarding clickElement on session 56753d46524f986fe84aadc21d355b4d to remote] DEBUG org.apache.http.impl.execchain.MainClientExec - Connection can be kept alive indefinitely
11:18:30.854 [Forwarding clickElement on session 56753d46524f986fe84aadc21d355b4d to remote] DEBUG org.apache.http.impl.conn.PoolingHttpClientConnectionManager - Connection [id: 4][route: {}->http://localhost:5326] can be kept alive indefinitely
11:18:30.854 [Forwarding clickElement on session 56753d46524f986fe84aadc21d355b4d to remote] DEBUG org.apache.http.impl.conn.PoolingHttpClientConnectionManager - Connection released: [id: 4][route: {}->http://localhost:5326][total kept alive: 5; route allocated: 1 of 2000; total allocated: 5 of 2000]
11:18:30.855 [Forwarding findElement on session 56753d46524f986fe84aadc21d355b4d to remote] DEBUG org.apache.http.client.protocol.RequestAddCookies - CookieSpec selected: default
11:18:30.855 [Forwarding findElement on session 56753d46524f986fe84aadc21d355b4d to remote] DEBUG org.apache.http.client.protocol.RequestAuthCache - Auth cache not set in the context
11:18:30.855 [Forwarding findElement on session 56753d46524f986fe84aadc21d355b4d to remote] DEBUG org.apache.http.impl.conn.PoolingHttpClientConnectionManager - Connection request: [route: {}->http://localhost:5326][total kept alive: 5; route allocated: 1 of 2000; total allocated: 5 of 2000]
11:18:30.855 [Forwarding findElement on session 56753d46524f986fe84aadc21d355b4d to remote] DEBUG org.apache.http.impl.conn.PoolingHttpClientConnectionManager - Connection leased: [id: 4][route: {}->http://localhost:5326][total kept alive: 4; route allocated: 1 of 2000; total allocated: 5 of 2000]
11:18:30.855 [Forwarding findElement on session 56753d46524f986fe84aadc21d355b4d to remote] DEBUG org.apache.http.impl.execchain.MainClientExec - Stale connection check
11:18:30.856 [Forwarding findElement on session 56753d46524f986fe84aadc21d355b4d to remote] DEBUG org.apache.http.wire - http-outgoing-4 << "[read] I/O error: Read timed out"
11:18:30.856 [Forwarding findElement on session 56753d46524f986fe84aadc21d355b4d to remote] DEBUG org.apache.http.impl.conn.DefaultManagedHttpClientConnection - http-outgoing-4: set socket timeout to 10800000
11:18:30.856 [Forwarding findElement on session 56753d46524f986fe84aadc21d355b4d to remote] DEBUG org.apache.http.impl.execchain.MainClientExec - Executing request POST /session/56753d46524f986fe84aadc21d355b4d/element HTTP/1.1
11:18:30.856 [Forwarding findElement on session 56753d46524f986fe84aadc21d355b4d to remote] DEBUG org.apache.http.impl.execchain.MainClientExec - Target auth state: UNCHALLENGED
11:18:30.856 [Forwarding findElement on session 56753d46524f986fe84aadc21d355b4d to remote] DEBUG org.apache.http.impl.execchain.MainClientExec - Proxy auth state: UNCHALLENGED
11:18:30.856 [Forwarding findElement on session 56753d46524f986fe84aadc21d355b4d to remote] DEBUG org.apache.http.headers - http-outgoing-4 >> POST /session/56753d46524f986fe84aadc21d355b4d/element HTTP/1.1
11:18:30.856 [Forwarding findElement on session 56753d46524f986fe84aadc21d355b4d to remote] DEBUG org.apache.http.headers - http-outgoing-4 >> Content-Type: application/json; charset=utf-8
11:18:30.856 [Forwarding findElement on session 56753d46524f986fe84aadc21d355b4d to remote] DEBUG org.apache.http.headers - http-outgoing-4 >> Content-Length: 61
11:18:30.856 [Forwarding findElement on session 56753d46524f986fe84aadc21d355b4d to remote] DEBUG org.apache.http.headers - http-outgoing-4 >> Host: localhost:5326
11:18:30.857 [Forwarding findElement on session 56753d46524f986fe84aadc21d355b4d to remote] DEBUG org.apache.http.headers - http-outgoing-4 >> Connection: Keep-Alive
11:18:30.857 [Forwarding findElement on session 56753d46524f986fe84aadc21d355b4d to remote] DEBUG org.apache.http.headers - http-outgoing-4 >> User-Agent: Apache-HttpClient/4.5.3 (Java/1.8.0_211)
11:18:30.857 [Forwarding findElement on session 56753d46524f986fe84aadc21d355b4d to remote] DEBUG org.apache.http.headers - http-outgoing-4 >> Accept-Encoding: gzip,deflate
11:18:30.857 [Forwarding findElement on session 56753d46524f986fe84aadc21d355b4d to remote] DEBUG org.apache.http.wire - http-outgoing-4 >> "POST /session/56753d46524f986fe84aadc21d355b4d/element HTTP/1.1[\r][\n]"
11:18:30.857 [Forwarding findElement on session 56753d46524f986fe84aadc21d355b4d to remote] DEBUG org.apache.http.wire - http-outgoing-4 >> "Content-Type: application/json; charset=utf-8[\r][\n]"
11:18:30.857 [Forwarding findElement on session 56753d46524f986fe84aadc21d355b4d to remote] DEBUG org.apache.http.wire - http-outgoing-4 >> "Content-Length: 61[\r][\n]"
11:18:30.857 [Forwarding findElement on session 56753d46524f986fe84aadc21d355b4d to remote] DEBUG org.apache.http.wire - http-outgoing-4 >> "Host: localhost:5326[\r][\n]"
11:18:30.857 [Forwarding findElement on session 56753d46524f986fe84aadc21d355b4d to remote] DEBUG org.apache.http.wire - http-outgoing-4 >> "Connection: Keep-Alive[\r][\n]"
11:18:30.857 [Forwarding findElement on session 56753d46524f986fe84aadc21d355b4d to remote] DEBUG org.apache.http.wire - http-outgoing-4 >> "User-Agent: Apache-HttpClient/4.5.3 (Java/1.8.0_211)[\r][\n]"
11:18:30.857 [Forwarding findElement on session 56753d46524f986fe84aadc21d355b4d to remote] DEBUG org.apache.http.wire - http-outgoing-4 >> "Accept-Encoding: gzip,deflate[\r][\n]"
11:18:30.857 [Forwarding findElement on session 56753d46524f986fe84aadc21d355b4d to remote] DEBUG org.apache.http.wire - http-outgoing-4 >> "[\r][\n]"
11:18:30.857 [Forwarding findElement on session 56753d46524f986fe84aadc21d355b4d to remote] DEBUG org.apache.http.wire - http-outgoing-4 >> "{"value":".justify-content-end > div","using":"css selector"}"
11:18:30.864 [Forwarding findElement on session 56753d46524f986fe84aadc21d355b4d to remote] DEBUG org.apache.http.wire - http-outgoing-4 << "HTTP/1.1 200 OK[\r][\n]"
11:18:30.864 [Forwarding findElement on session 56753d46524f986fe84aadc21d355b4d to remote] DEBUG org.apache.http.wire - http-outgoing-4 << "Content-Length:88[\r][\n]"
11:18:30.864 [Forwarding findElement on session 56753d46524f986fe84aadc21d355b4d to remote] DEBUG org.apache.http.wire - http-outgoing-4 << "Content-Type:application/json; charset=utf-8[\r][\n]"
11:18:30.864 [Forwarding findElement on session 56753d46524f986fe84aadc21d355b4d to remote] DEBUG org.apache.http.wire - http-outgoing-4 << "cache-control:no-cache[\r][\n]"
11:18:30.864 [Forwarding findElement on session 56753d46524f986fe84aadc21d355b4d to remote] DEBUG org.apache.http.wire - http-outgoing-4 << "[\r][\n]"
11:18:30.864 [Forwarding findElement on session 56753d46524f986fe84aadc21d355b4d to remote] DEBUG org.apache.http.wire - http-outgoing-4 << "{"value":{"element-6066-11e4-a52e-4f735466cecf":"1d4be15b-f40c-4d2f-9bbe-e5164493a8a2"}}"
11:18:30.864 [Forwarding findElement on session 56753d46524f986fe84aadc21d355b4d to remote] DEBUG org.apache.http.headers - http-outgoing-4 << HTTP/1.1 200 OK
11:18:30.864 [Forwarding findElement on session 56753d46524f986fe84aadc21d355b4d to remote] DEBUG org.apache.http.headers - http-outgoing-4 << Content-Length:88
11:18:30.864 [Forwarding findElement on session 56753d46524f986fe84aadc21d355b4d to remote] DEBUG org.apache.http.headers - http-outgoing-4 << Content-Type:application/json; charset=utf-8
11:18:30.864 [Forwarding findElement on session 56753d46524f986fe84aadc21d355b4d to remote] DEBUG org.apache.http.headers - http-outgoing-4 << cache-control:no-cache
11:18:30.864 [Forwarding findElement on session 56753d46524f986fe84aadc21d355b4d to remote] DEBUG org.apache.http.impl.execchain.MainClientExec - Connection can be kept alive indefinitely
11:18:30.864 [Forwarding findElement on session 56753d46524f986fe84aadc21d355b4d to remote] DEBUG org.apache.http.impl.conn.PoolingHttpClientConnectionManager - Connection [id: 4][route: {}->http://localhost:5326] can be kept alive indefinitely
11:18:30.864 [Forwarding findElement on session 56753d46524f986fe84aadc21d355b4d to remote] DEBUG org.apache.http.impl.conn.PoolingHttpClientConnectionManager - Connection released: [id: 4][route: {}->http://localhost:5326][total kept alive: 5; route allocated: 1 of 2000; total allocated: 5 of 2000]
11:18:30.865 [Forwarding clickElement on session 56753d46524f986fe84aadc21d355b4d to remote] DEBUG org.apache.http.client.protocol.RequestAddCookies - CookieSpec selected: default
11:18:30.865 [Forwarding clickElement on session 56753d46524f986fe84aadc21d355b4d to remote] DEBUG org.apache.http.client.protocol.RequestAuthCache - Auth cache not set in the context
11:18:30.865 [Forwarding clickElement on session 56753d46524f986fe84aadc21d355b4d to remote] DEBUG org.apache.http.impl.conn.PoolingHttpClientConnectionManager - Connection request: [route: {}->http://localhost:5326][total kept alive: 5; route allocated: 1 of 2000; total allocated: 5 of 2000]
11:18:30.865 [Forwarding clickElement on session 56753d46524f986fe84aadc21d355b4d to remote] DEBUG org.apache.http.impl.conn.PoolingHttpClientConnectionManager - Connection leased: [id: 4][route: {}->http://localhost:5326][total kept alive: 4; route allocated: 1 of 2000; total allocated: 5 of 2000]
11:18:30.865 [Forwarding clickElement on session 56753d46524f986fe84aadc21d355b4d to remote] DEBUG org.apache.http.impl.execchain.MainClientExec - Stale connection check
11:18:30.866 [Forwarding clickElement on session 56753d46524f986fe84aadc21d355b4d to remote] DEBUG org.apache.http.wire - http-outgoing-4 << "[read] I/O error: Read timed out"
11:18:30.866 [Forwarding clickElement on session 56753d46524f986fe84aadc21d355b4d to remote] DEBUG org.apache.http.impl.conn.DefaultManagedHttpClientConnection - http-outgoing-4: set socket timeout to 10800000
11:18:30.866 [Forwarding clickElement on session 56753d46524f986fe84aadc21d355b4d to remote] DEBUG org.apache.http.impl.execchain.MainClientExec - Executing request POST /session/56753d46524f986fe84aadc21d355b4d/element/1d4be15b-f40c-4d2f-9bbe-e5164493a8a2/click HTTP/1.1
11:18:30.866 [Forwarding clickElement on session 56753d46524f986fe84aadc21d355b4d to remote] DEBUG org.apache.http.impl.execchain.MainClientExec - Target auth state: UNCHALLENGED
11:18:30.866 [Forwarding clickElement on session 56753d46524f986fe84aadc21d355b4d to remote] DEBUG org.apache.http.impl.execchain.MainClientExec - Proxy auth state: UNCHALLENGED
11:18:30.866 [Forwarding clickElement on session 56753d46524f986fe84aadc21d355b4d to remote] DEBUG org.apache.http.headers - http-outgoing-4 >> POST /session/56753d46524f986fe84aadc21d355b4d/element/1d4be15b-f40c-4d2f-9bbe-e5164493a8a2/click HTTP/1.1
11:18:30.866 [Forwarding clickElement on session 56753d46524f986fe84aadc21d355b4d to remote] DEBUG org.apache.http.headers - http-outgoing-4 >> Content-Type: application/json; charset=utf-8
11:18:30.866 [Forwarding clickElement on session 56753d46524f986fe84aadc21d355b4d to remote] DEBUG org.apache.http.headers - http-outgoing-4 >> Content-Length: 45
11:18:30.866 [Forwarding clickElement on session 56753d46524f986fe84aadc21d355b4d to remote] DEBUG org.apache.http.headers - http-outgoing-4 >> Host: localhost:5326
11:18:30.866 [Forwarding clickElement on session 56753d46524f986fe84aadc21d355b4d to remote] DEBUG org.apache.http.headers - http-outgoing-4 >> Connection: Keep-Alive
11:18:30.866 [Forwarding clickElement on session 56753d46524f986fe84aadc21d355b4d to remote] DEBUG org.apache.http.headers - http-outgoing-4 >> User-Agent: Apache-HttpClient/4.5.3 (Java/1.8.0_211)
11:18:30.866 [Forwarding clickElement on session 56753d46524f986fe84aadc21d355b4d to remote] DEBUG org.apache.http.headers - http-outgoing-4 >> Accept-Encoding: gzip,deflate
11:18:30.866 [Forwarding clickElement on session 56753d46524f986fe84aadc21d355b4d to remote] DEBUG org.apache.http.wire - http-outgoing-4 >> "POST /session/56753d46524f986fe84aadc21d355b4d/element/1d4be15b-f40c-4d2f-9bbe-e5164493a8a2/click HTTP/1.1[\r][\n]"
11:18:30.866 [Forwarding clickElement on session 56753d46524f986fe84aadc21d355b4d to remote] DEBUG org.apache.http.wire - http-outgoing-4 >> "Content-Type: application/json; charset=utf-8[\r][\n]"
11:18:30.866 [Forwarding clickElement on session 56753d46524f986fe84aadc21d355b4d to remote] DEBUG org.apache.http.wire - http-outgoing-4 >> "Content-Length: 45[\r][\n]"
11:18:30.866 [Forwarding clickElement on session 56753d46524f986fe84aadc21d355b4d to remote] DEBUG org.apache.http.wire - http-outgoing-4 >> "Host: localhost:5326[\r][\n]"
11:18:30.866 [Forwarding clickElement on session 56753d46524f986fe84aadc21d355b4d to remote] DEBUG org.apache.http.wire - http-outgoing-4 >> "Connection: Keep-Alive[\r][\n]"
11:18:30.866 [Forwarding clickElement on session 56753d46524f986fe84aadc21d355b4d to remote] DEBUG org.apache.http.wire - http-outgoing-4 >> "User-Agent: Apache-HttpClient/4.5.3 (Java/1.8.0_211)[\r][\n]"
11:18:30.866 [Forwarding clickElement on session 56753d46524f986fe84aadc21d355b4d to remote] DEBUG org.apache.http.wire - http-outgoing-4 >> "Accept-Encoding: gzip,deflate[\r][\n]"
11:18:30.866 [Forwarding clickElement on session 56753d46524f986fe84aadc21d355b4d to remote] DEBUG org.apache.http.wire - http-outgoing-4 >> "[\r][\n]"
11:18:30.866 [Forwarding clickElement on session 56753d46524f986fe84aadc21d355b4d to remote] DEBUG org.apache.http.wire - http-outgoing-4 >> "{"id":"1d4be15b-f40c-4d2f-9bbe-e5164493a8a2"}"
11:18:30.924 [Forwarding clickElement on session 56753d46524f986fe84aadc21d355b4d to remote] DEBUG org.apache.http.wire - http-outgoing-4 << "HTTP/1.1 200 OK[\r][\n]"
11:18:30.924 [Forwarding clickElement on session 56753d46524f986fe84aadc21d355b4d to remote] DEBUG org.apache.http.wire - http-outgoing-4 << "Content-Length:14[\r][\n]"
11:18:30.924 [Forwarding clickElement on session 56753d46524f986fe84aadc21d355b4d to remote] DEBUG org.apache.http.wire - http-outgoing-4 << "Content-Type:application/json; charset=utf-8[\r][\n]"
11:18:30.924 [Forwarding clickElement on session 56753d46524f986fe84aadc21d355b4d to remote] DEBUG org.apache.http.wire - http-outgoing-4 << "cache-control:no-cache[\r][\n]"
11:18:30.924 [Forwarding clickElement on session 56753d46524f986fe84aadc21d355b4d to remote] DEBUG org.apache.http.wire - http-outgoing-4 << "[\r][\n]"
11:18:30.924 [Forwarding clickElement on session 56753d46524f986fe84aadc21d355b4d to remote] DEBUG org.apache.http.wire - http-outgoing-4 << "{"value":null}"
11:18:30.924 [Forwarding clickElement on session 56753d46524f986fe84aadc21d355b4d to remote] DEBUG org.apache.http.headers - http-outgoing-4 << HTTP/1.1 200 OK
11:18:30.924 [Forwarding clickElement on session 56753d46524f986fe84aadc21d355b4d to remote] DEBUG org.apache.http.headers - http-outgoing-4 << Content-Length:14
11:18:30.924 [Forwarding clickElement on session 56753d46524f986fe84aadc21d355b4d to remote] DEBUG org.apache.http.headers - http-outgoing-4 << Content-Type:application/json; charset=utf-8
11:18:30.924 [Forwarding clickElement on session 56753d46524f986fe84aadc21d355b4d to remote] DEBUG org.apache.http.headers - http-outgoing-4 << cache-control:no-cache
11:18:30.924 [Forwarding clickElement on session 56753d46524f986fe84aadc21d355b4d to remote] DEBUG org.apache.http.impl.execchain.MainClientExec - Connection can be kept alive indefinitely
11:18:30.924 [Forwarding clickElement on session 56753d46524f986fe84aadc21d355b4d to remote] DEBUG org.apache.http.impl.conn.PoolingHttpClientConnectionManager - Connection [id: 4][route: {}->http://localhost:5326] can be kept alive indefinitely
11:18:30.924 [Forwarding clickElement on session 56753d46524f986fe84aadc21d355b4d to remote] DEBUG org.apache.http.impl.conn.PoolingHttpClientConnectionManager - Connection released: [id: 4][route: {}->http://localhost:5326][total kept alive: 5; route allocated: 1 of 2000; total allocated: 5 of 2000]
11:18:30.925 [Forwarding findElement on session 56753d46524f986fe84aadc21d355b4d to remote] DEBUG org.apache.http.client.protocol.RequestAddCookies - CookieSpec selected: default
11:18:30.925 [Forwarding findElement on session 56753d46524f986fe84aadc21d355b4d to remote] DEBUG org.apache.http.client.protocol.RequestAuthCache - Auth cache not set in the context
11:18:30.925 [Forwarding findElement on session 56753d46524f986fe84aadc21d355b4d to remote] DEBUG org.apache.http.impl.conn.PoolingHttpClientConnectionManager - Connection request: [route: {}->http://localhost:5326][total kept alive: 5; route allocated: 1 of 2000; total allocated: 5 of 2000]
11:18:30.925 [Forwarding findElement on session 56753d46524f986fe84aadc21d355b4d to remote] DEBUG org.apache.http.impl.conn.PoolingHttpClientConnectionManager - Connection leased: [id: 4][route: {}->http://localhost:5326][total kept alive: 4; route allocated: 1 of 2000; total allocated: 5 of 2000]
11:18:30.925 [Forwarding findElement on session 56753d46524f986fe84aadc21d355b4d to remote] DEBUG org.apache.http.impl.execchain.MainClientExec - Stale connection check
11:18:30.926 [Forwarding findElement on session 56753d46524f986fe84aadc21d355b4d to remote] DEBUG org.apache.http.wire - http-outgoing-4 << "[read] I/O error: Read timed out"
11:18:30.926 [Forwarding findElement on session 56753d46524f986fe84aadc21d355b4d to remote] DEBUG org.apache.http.impl.conn.DefaultManagedHttpClientConnection - http-outgoing-4: set socket timeout to 10800000
11:18:30.926 [Forwarding findElement on session 56753d46524f986fe84aadc21d355b4d to remote] DEBUG org.apache.http.impl.execchain.MainClientExec - Executing request POST /session/56753d46524f986fe84aadc21d355b4d/element HTTP/1.1
11:18:30.926 [Forwarding findElement on session 56753d46524f986fe84aadc21d355b4d to remote] DEBUG org.apache.http.impl.execchain.MainClientExec - Target auth state: UNCHALLENGED
11:18:30.926 [Forwarding findElement on session 56753d46524f986fe84aadc21d355b4d to remote] DEBUG org.apache.http.impl.execchain.MainClientExec - Proxy auth state: UNCHALLENGED
11:18:30.926 [Forwarding findElement on session 56753d46524f986fe84aadc21d355b4d to remote] DEBUG org.apache.http.headers - http-outgoing-4 >> POST /session/56753d46524f986fe84aadc21d355b4d/element HTTP/1.1
11:18:30.926 [Forwarding findElement on session 56753d46524f986fe84aadc21d355b4d to remote] DEBUG org.apache.http.headers - http-outgoing-4 >> Content-Type: application/json; charset=utf-8
11:18:30.926 [Forwarding findElement on session 56753d46524f986fe84aadc21d355b4d to remote] DEBUG org.apache.http.headers - http-outgoing-4 >> Content-Length: 53
11:18:30.926 [Forwarding findElement on session 56753d46524f986fe84aadc21d355b4d to remote] DEBUG org.apache.http.headers - http-outgoing-4 >> Host: localhost:5326
11:18:30.926 [Forwarding findElement on session 56753d46524f986fe84aadc21d355b4d to remote] DEBUG org.apache.http.headers - http-outgoing-4 >> Connection: Keep-Alive
11:18:30.926 [Forwarding findElement on session 56753d46524f986fe84aadc21d355b4d to remote] DEBUG org.apache.http.headers - http-outgoing-4 >> User-Agent: Apache-HttpClient/4.5.3 (Java/1.8.0_211)
11:18:30.926 [Forwarding findElement on session 56753d46524f986fe84aadc21d355b4d to remote] DEBUG org.apache.http.headers - http-outgoing-4 >> Accept-Encoding: gzip,deflate
11:18:30.926 [Forwarding findElement on session 56753d46524f986fe84aadc21d355b4d to remote] DEBUG org.apache.http.wire - http-outgoing-4 >> "POST /session/56753d46524f986fe84aadc21d355b4d/element HTTP/1.1[\r][\n]"
11:18:30.926 [Forwarding findElement on session 56753d46524f986fe84aadc21d355b4d to remote] DEBUG org.apache.http.wire - http-outgoing-4 >> "Content-Type: application/json; charset=utf-8[\r][\n]"
11:18:30.926 [Forwarding findElement on session 56753d46524f986fe84aadc21d355b4d to remote] DEBUG org.apache.http.wire - http-outgoing-4 >> "Content-Length: 53[\r][\n]"
11:18:30.926 [Forwarding findElement on session 56753d46524f986fe84aadc21d355b4d to remote] DEBUG org.apache.http.wire - http-outgoing-4 >> "Host: localhost:5326[\r][\n]"
11:18:30.926 [Forwarding findElement on session 56753d46524f986fe84aadc21d355b4d to remote] DEBUG org.apache.http.wire - http-outgoing-4 >> "Connection: Keep-Alive[\r][\n]"
11:18:30.926 [Forwarding findElement on session 56753d46524f986fe84aadc21d355b4d to remote] DEBUG org.apache.http.wire - http-outgoing-4 >> "User-Agent: Apache-HttpClient/4.5.3 (Java/1.8.0_211)[\r][\n]"
11:18:30.926 [Forwarding findElement on session 56753d46524f986fe84aadc21d355b4d to remote] DEBUG org.apache.http.wire - http-outgoing-4 >> "Accept-Encoding: gzip,deflate[\r][\n]"
11:18:30.926 [Forwarding findElement on session 56753d46524f986fe84aadc21d355b4d to remote] DEBUG org.apache.http.wire - http-outgoing-4 >> "[\r][\n]"
11:18:30.926 [Forwarding findElement on session 56753d46524f986fe84aadc21d355b4d to remote] DEBUG org.apache.http.wire - http-outgoing-4 >> "{"value":"span > .d-flex div","using":"css selector"}"
11:18:31.166 [Forwarding findElement on session 56753d46524f986fe84aadc21d355b4d to remote] DEBUG org.apache.http.wire - http-outgoing-4 << "HTTP/1.1 200 OK[\r][\n]"
11:18:31.166 [Forwarding findElement on session 56753d46524f986fe84aadc21d355b4d to remote] DEBUG org.apache.http.wire - http-outgoing-4 << "Content-Length:88[\r][\n]"
11:18:31.166 [Forwarding findElement on session 56753d46524f986fe84aadc21d355b4d to remote] DEBUG org.apache.http.wire - http-outgoing-4 << "Content-Type:application/json; charset=utf-8[\r][\n]"
11:18:31.166 [Forwarding findElement on session 56753d46524f986fe84aadc21d355b4d to remote] DEBUG org.apache.http.wire - http-outgoing-4 << "cache-control:no-cache[\r][\n]"
11:18:31.166 [Forwarding findElement on session 56753d46524f986fe84aadc21d355b4d to remote] DEBUG org.apache.http.wire - http-outgoing-4 << "[\r][\n]"
11:18:31.166 [Forwarding findElement on session 56753d46524f986fe84aadc21d355b4d to remote] DEBUG org.apache.http.wire - http-outgoing-4 << "{"value":{"element-6066-11e4-a52e-4f735466cecf":"24b411f9-adf3-4c21-8449-e2863a09a8dc"}}"
11:18:31.166 [Forwarding findElement on session 56753d46524f986fe84aadc21d355b4d to remote] DEBUG org.apache.http.headers - http-outgoing-4 << HTTP/1.1 200 OK
11:18:31.166 [Forwarding findElement on session 56753d46524f986fe84aadc21d355b4d to remote] DEBUG org.apache.http.headers - http-outgoing-4 << Content-Length:88
11:18:31.166 [Forwarding findElement on session 56753d46524f986fe84aadc21d355b4d to remote] DEBUG org.apache.http.headers - http-outgoing-4 << Content-Type:application/json; charset=utf-8
11:18:31.166 [Forwarding findElement on session 56753d46524f986fe84aadc21d355b4d to remote] DEBUG org.apache.http.headers - http-outgoing-4 << cache-control:no-cache
11:18:31.166 [Forwarding findElement on session 56753d46524f986fe84aadc21d355b4d to remote] DEBUG org.apache.http.impl.execchain.MainClientExec - Connection can be kept alive indefinitely
11:18:31.166 [Forwarding findElement on session 56753d46524f986fe84aadc21d355b4d to remote] DEBUG org.apache.http.impl.conn.PoolingHttpClientConnectionManager - Connection [id: 4][route: {}->http://localhost:5326] can be kept alive indefinitely
11:18:31.166 [Forwarding findElement on session 56753d46524f986fe84aadc21d355b4d to remote] DEBUG org.apache.http.impl.conn.PoolingHttpClientConnectionManager - Connection released: [id: 4][route: {}->http://localhost:5326][total kept alive: 5; route allocated: 1 of 2000; total allocated: 5 of 2000]
11:18:31.167 [Forwarding getElementText on session 56753d46524f986fe84aadc21d355b4d to remote] DEBUG org.apache.http.client.protocol.RequestAddCookies - CookieSpec selected: default
11:18:31.167 [Forwarding getElementText on session 56753d46524f986fe84aadc21d355b4d to remote] DEBUG org.apache.http.client.protocol.RequestAuthCache - Auth cache not set in the context
11:18:31.167 [Forwarding getElementText on session 56753d46524f986fe84aadc21d355b4d to remote] DEBUG org.apache.http.impl.conn.PoolingHttpClientConnectionManager - Connection request: [route: {}->http://localhost:5326][total kept alive: 5; route allocated: 1 of 2000; total allocated: 5 of 2000]
11:18:31.167 [Forwarding getElementText on session 56753d46524f986fe84aadc21d355b4d to remote] DEBUG org.apache.http.impl.conn.PoolingHttpClientConnectionManager - Connection leased: [id: 4][route: {}->http://localhost:5326][total kept alive: 4; route allocated: 1 of 2000; total allocated: 5 of 2000]
11:18:31.167 [Forwarding getElementText on session 56753d46524f986fe84aadc21d355b4d to remote] DEBUG org.apache.http.impl.execchain.MainClientExec - Stale connection check
11:18:31.169 [Forwarding getElementText on session 56753d46524f986fe84aadc21d355b4d to remote] DEBUG org.apache.http.wire - http-outgoing-4 << "[read] I/O error: Read timed out"
11:18:31.169 [Forwarding getElementText on session 56753d46524f986fe84aadc21d355b4d to remote] DEBUG org.apache.http.impl.conn.DefaultManagedHttpClientConnection - http-outgoing-4: set socket timeout to 10800000
11:18:31.169 [Forwarding getElementText on session 56753d46524f986fe84aadc21d355b4d to remote] DEBUG org.apache.http.impl.execchain.MainClientExec - Executing request GET /session/56753d46524f986fe84aadc21d355b4d/element/24b411f9-adf3-4c21-8449-e2863a09a8dc/text HTTP/1.1
11:18:31.169 [Forwarding getElementText on session 56753d46524f986fe84aadc21d355b4d to remote] DEBUG org.apache.http.impl.execchain.MainClientExec - Target auth state: UNCHALLENGED
11:18:31.169 [Forwarding getElementText on session 56753d46524f986fe84aadc21d355b4d to remote] DEBUG org.apache.http.impl.execchain.MainClientExec - Proxy auth state: UNCHALLENGED
11:18:31.169 [Forwarding getElementText on session 56753d46524f986fe84aadc21d355b4d to remote] DEBUG org.apache.http.headers - http-outgoing-4 >> GET /session/56753d46524f986fe84aadc21d355b4d/element/24b411f9-adf3-4c21-8449-e2863a09a8dc/text HTTP/1.1
11:18:31.169 [Forwarding getElementText on session 56753d46524f986fe84aadc21d355b4d to remote] DEBUG org.apache.http.headers - http-outgoing-4 >> Cache-Control: no-cache
11:18:31.169 [Forwarding getElementText on session 56753d46524f986fe84aadc21d355b4d to remote] DEBUG org.apache.http.headers - http-outgoing-4 >> Host: localhost:5326
11:18:31.169 [Forwarding getElementText on session 56753d46524f986fe84aadc21d355b4d to remote] DEBUG org.apache.http.headers - http-outgoing-4 >> Connection: Keep-Alive
11:18:31.169 [Forwarding getElementText on session 56753d46524f986fe84aadc21d355b4d to remote] DEBUG org.apache.http.headers - http-outgoing-4 >> User-Agent: Apache-HttpClient/4.5.3 (Java/1.8.0_211)
11:18:31.169 [Forwarding getElementText on session 56753d46524f986fe84aadc21d355b4d to remote] DEBUG org.apache.http.headers - http-outgoing-4 >> Accept-Encoding: gzip,deflate
11:18:31.169 [Forwarding getElementText on session 56753d46524f986fe84aadc21d355b4d to remote] DEBUG org.apache.http.wire - http-outgoing-4 >> "GET /session/56753d46524f986fe84aadc21d355b4d/element/24b411f9-adf3-4c21-8449-e2863a09a8dc/text HTTP/1.1[\r][\n]"
11:18:31.169 [Forwarding getElementText on session 56753d46524f986fe84aadc21d355b4d to remote] DEBUG org.apache.http.wire - http-outgoing-4 >> "Cache-Control: no-cache[\r][\n]"
11:18:31.169 [Forwarding getElementText on session 56753d46524f986fe84aadc21d355b4d to remote] DEBUG org.apache.http.wire - http-outgoing-4 >> "Host: localhost:5326[\r][\n]"
11:18:31.169 [Forwarding getElementText on session 56753d46524f986fe84aadc21d355b4d to remote] DEBUG org.apache.http.wire - http-outgoing-4 >> "Connection: Keep-Alive[\r][\n]"
11:18:31.169 [Forwarding getElementText on session 56753d46524f986fe84aadc21d355b4d to remote] DEBUG org.apache.http.wire - http-outgoing-4 >> "User-Agent: Apache-HttpClient/4.5.3 (Java/1.8.0_211)[\r][\n]"
11:18:31.169 [Forwarding getElementText on session 56753d46524f986fe84aadc21d355b4d to remote] DEBUG org.apache.http.wire - http-outgoing-4 >> "Accept-Encoding: gzip,deflate[\r][\n]"
11:18:31.169 [Forwarding getElementText on session 56753d46524f986fe84aadc21d355b4d to remote] DEBUG org.apache.http.wire - http-outgoing-4 >> "[\r][\n]"
11:18:31.177 [Forwarding getElementText on session 56753d46524f986fe84aadc21d355b4d to remote] DEBUG org.apache.http.wire - http-outgoing-4 << "HTTP/1.1 200 OK[\r][\n]"
11:18:31.177 [Forwarding getElementText on session 56753d46524f986fe84aadc21d355b4d to remote] DEBUG org.apache.http.wire - http-outgoing-4 << "Content-Length:46[\r][\n]"
11:18:31.177 [Forwarding getElementText on session 56753d46524f986fe84aadc21d355b4d to remote] DEBUG org.apache.http.wire - http-outgoing-4 << "Content-Type:application/json; charset=utf-8[\r][\n]"
11:18:31.177 [Forwarding getElementText on session 56753d46524f986fe84aadc21d355b4d to remote] DEBUG org.apache.http.wire - http-outgoing-4 << "cache-control:no-cache[\r][\n]"
11:18:31.177 [Forwarding getElementText on session 56753d46524f986fe84aadc21d355b4d to remote] DEBUG org.apache.http.wire - http-outgoing-4 << "[\r][\n]"
11:18:31.177 [Forwarding getElementText on session 56753d46524f986fe84aadc21d355b4d to remote] DEBUG org.apache.http.wire - http-outgoing-4 << "{"value":"TN2jfdYCX9vvozqjwVvPjMd7vRj8HKyxUe"}"
11:18:31.177 [Forwarding getElementText on session 56753d46524f986fe84aadc21d355b4d to remote] DEBUG org.apache.http.headers - http-outgoing-4 << HTTP/1.1 200 OK
11:18:31.177 [Forwarding getElementText on session 56753d46524f986fe84aadc21d355b4d to remote] DEBUG org.apache.http.headers - http-outgoing-4 << Content-Length:46
11:18:31.177 [Forwarding getElementText on session 56753d46524f986fe84aadc21d355b4d to remote] DEBUG org.apache.http.headers - http-outgoing-4 << Content-Type:application/json; charset=utf-8
11:18:31.177 [Forwarding getElementText on session 56753d46524f986fe84aadc21d355b4d to remote] DEBUG org.apache.http.headers - http-outgoing-4 << cache-control:no-cache
11:18:31.177 [Forwarding getElementText on session 56753d46524f986fe84aadc21d355b4d to remote] DEBUG org.apache.http.impl.execchain.MainClientExec - Connection can be kept alive indefinitely
11:18:31.177 [Forwarding getElementText on session 56753d46524f986fe84aadc21d355b4d to remote] DEBUG org.apache.http.impl.conn.PoolingHttpClientConnectionManager - Connection [id: 4][route: {}->http://localhost:5326] can be kept alive indefinitely
11:18:31.177 [Forwarding getElementText on session 56753d46524f986fe84aadc21d355b4d to remote] DEBUG org.apache.http.impl.conn.PoolingHttpClientConnectionManager - Connection released: [id: 4][route: {}->http://localhost:5326][total kept alive: 5; route allocated: 1 of 2000; total allocated: 5 of 2000]
11:18:31.378 [Forwarding findElement on session 56753d46524f986fe84aadc21d355b4d to remote] DEBUG org.apache.http.client.protocol.RequestAddCookies - CookieSpec selected: default
11:18:31.379 [Forwarding findElement on session 56753d46524f986fe84aadc21d355b4d to remote] DEBUG org.apache.http.client.protocol.RequestAuthCache - Auth cache not set in the context
11:18:31.379 [Forwarding findElement on session 56753d46524f986fe84aadc21d355b4d to remote] DEBUG org.apache.http.impl.conn.PoolingHttpClientConnectionManager - Connection request: [route: {}->http://localhost:5326][total kept alive: 5; route allocated: 1 of 2000; total allocated: 5 of 2000]
11:18:31.379 [Forwarding findElement on session 56753d46524f986fe84aadc21d355b4d to remote] DEBUG org.apache.http.impl.conn.PoolingHttpClientConnectionManager - Connection leased: [id: 4][route: {}->http://localhost:5326][total kept alive: 4; route allocated: 1 of 2000; total allocated: 5 of 2000]
11:18:31.379 [Forwarding findElement on session 56753d46524f986fe84aadc21d355b4d to remote] DEBUG org.apache.http.impl.execchain.MainClientExec - Stale connection check
11:18:31.380 [Forwarding findElement on session 56753d46524f986fe84aadc21d355b4d to remote] DEBUG org.apache.http.wire - http-outgoing-4 << "[read] I/O error: Read timed out"
11:18:31.380 [Forwarding findElement on session 56753d46524f986fe84aadc21d355b4d to remote] DEBUG org.apache.http.impl.conn.DefaultManagedHttpClientConnection - http-outgoing-4: set socket timeout to 10800000
11:18:31.380 [Forwarding findElement on session 56753d46524f986fe84aadc21d355b4d to remote] DEBUG org.apache.http.impl.execchain.MainClientExec - Executing request POST /session/56753d46524f986fe84aadc21d355b4d/element HTTP/1.1
11:18:31.380 [Forwarding findElement on session 56753d46524f986fe84aadc21d355b4d to remote] DEBUG org.apache.http.impl.execchain.MainClientExec - Target auth state: UNCHALLENGED
11:18:31.380 [Forwarding findElement on session 56753d46524f986fe84aadc21d355b4d to remote] DEBUG org.apache.http.impl.execchain.MainClientExec - Proxy auth state: UNCHALLENGED
11:18:31.380 [Forwarding findElement on session 56753d46524f986fe84aadc21d355b4d to remote] DEBUG org.apache.http.headers - http-outgoing-4 >> POST /session/56753d46524f986fe84aadc21d355b4d/element HTTP/1.1
11:18:31.380 [Forwarding findElement on session 56753d46524f986fe84aadc21d355b4d to remote] DEBUG org.apache.http.headers - http-outgoing-4 >> Content-Type: application/json; charset=utf-8
11:18:31.380 [Forwarding findElement on session 56753d46524f986fe84aadc21d355b4d to remote] DEBUG org.apache.http.headers - http-outgoing-4 >> Content-Length: 58
11:18:31.380 [Forwarding findElement on session 56753d46524f986fe84aadc21d355b4d to remote] DEBUG org.apache.http.headers - http-outgoing-4 >> Host: localhost:5326
11:18:31.380 [Forwarding findElement on session 56753d46524f986fe84aadc21d355b4d to remote] DEBUG org.apache.http.headers - http-outgoing-4 >> Connection: Keep-Alive
11:18:31.380 [Forwarding findElement on session 56753d46524f986fe84aadc21d355b4d to remote] DEBUG org.apache.http.headers - http-outgoing-4 >> User-Agent: Apache-HttpClient/4.5.3 (Java/1.8.0_211)
11:18:31.380 [Forwarding findElement on session 56753d46524f986fe84aadc21d355b4d to remote] DEBUG org.apache.http.headers - http-outgoing-4 >> Accept-Encoding: gzip,deflate
11:18:31.380 [Forwarding findElement on session 56753d46524f986fe84aadc21d355b4d to remote] DEBUG org.apache.http.wire - http-outgoing-4 >> "POST /session/56753d46524f986fe84aadc21d355b4d/element HTTP/1.1[\r][\n]"
11:18:31.380 [Forwarding findElement on session 56753d46524f986fe84aadc21d355b4d to remote] DEBUG org.apache.http.wire - http-outgoing-4 >> "Content-Type: application/json; charset=utf-8[\r][\n]"
11:18:31.380 [Forwarding findElement on session 56753d46524f986fe84aadc21d355b4d to remote] DEBUG org.apache.http.wire - http-outgoing-4 >> "Content-Length: 58[\r][\n]"
11:18:31.380 [Forwarding findElement on session 56753d46524f986fe84aadc21d355b4d to remote] DEBUG org.apache.http.wire - http-outgoing-4 >> "Host: localhost:5326[\r][\n]"
11:18:31.380 [Forwarding findElement on session 56753d46524f986fe84aadc21d355b4d to remote] DEBUG org.apache.http.wire - http-outgoing-4 >> "Connection: Keep-Alive[\r][\n]"
11:18:31.380 [Forwarding findElement on session 56753d46524f986fe84aadc21d355b4d to remote] DEBUG org.apache.http.wire - http-outgoing-4 >> "User-Agent: Apache-HttpClient/4.5.3 (Java/1.8.0_211)[\r][\n]"
11:18:31.380 [Forwarding findElement on session 56753d46524f986fe84aadc21d355b4d to remote] DEBUG org.apache.http.wire - http-outgoing-4 >> "Accept-Encoding: gzip,deflate[\r][\n]"
11:18:31.380 [Forwarding findElement on session 56753d46524f986fe84aadc21d355b4d to remote] DEBUG org.apache.http.wire - http-outgoing-4 >> "[\r][\n]"
11:18:31.380 [Forwarding findElement on session 56753d46524f986fe84aadc21d355b4d to remote] DEBUG org.apache.http.wire - http-outgoing-4 >> "{"value":".dropdown-toggle > span","using":"css selector"}"
11:18:31.383 [Forwarding findElement on session 56753d46524f986fe84aadc21d355b4d to remote] DEBUG org.apache.http.wire - http-outgoing-4 << "HTTP/1.1 200 OK[\r][\n]"
11:18:31.383 [Forwarding findElement on session 56753d46524f986fe84aadc21d355b4d to remote] DEBUG org.apache.http.wire - http-outgoing-4 << "Content-Length:88[\r][\n]"
11:18:31.383 [Forwarding findElement on session 56753d46524f986fe84aadc21d355b4d to remote] DEBUG org.apache.http.wire - http-outgoing-4 << "Content-Type:application/json; charset=utf-8[\r][\n]"
11:18:31.383 [Forwarding findElement on session 56753d46524f986fe84aadc21d355b4d to remote] DEBUG org.apache.http.wire - http-outgoing-4 << "cache-control:no-cache[\r][\n]"
11:18:31.383 [Forwarding findElement on session 56753d46524f986fe84aadc21d355b4d to remote] DEBUG org.apache.http.wire - http-outgoing-4 << "[\r][\n]"
11:18:31.383 [Forwarding findElement on session 56753d46524f986fe84aadc21d355b4d to remote] DEBUG org.apache.http.wire - http-outgoing-4 << "{"value":{"element-6066-11e4-a52e-4f735466cecf":"26affdc1-d9b6-45f3-98a6-862d80fcbff6"}}"
11:18:31.383 [Forwarding findElement on session 56753d46524f986fe84aadc21d355b4d to remote] DEBUG org.apache.http.headers - http-outgoing-4 << HTTP/1.1 200 OK
11:18:31.383 [Forwarding findElement on session 56753d46524f986fe84aadc21d355b4d to remote] DEBUG org.apache.http.headers - http-outgoing-4 << Content-Length:88
11:18:31.383 [Forwarding findElement on session 56753d46524f986fe84aadc21d355b4d to remote] DEBUG org.apache.http.headers - http-outgoing-4 << Content-Type:application/json; charset=utf-8
11:18:31.383 [Forwarding findElement on session 56753d46524f986fe84aadc21d355b4d to remote] DEBUG org.apache.http.headers - http-outgoing-4 << cache-control:no-cache
11:18:31.383 [Forwarding findElement on session 56753d46524f986fe84aadc21d355b4d to remote] DEBUG org.apache.http.impl.execchain.MainClientExec - Connection can be kept alive indefinitely
11:18:31.383 [Forwarding findElement on session 56753d46524f986fe84aadc21d355b4d to remote] DEBUG org.apache.http.impl.conn.PoolingHttpClientConnectionManager - Connection [id: 4][route: {}->http://localhost:5326] can be kept alive indefinitely
11:18:31.383 [Forwarding findElement on session 56753d46524f986fe84aadc21d355b4d to remote] DEBUG org.apache.http.impl.conn.PoolingHttpClientConnectionManager - Connection released: [id: 4][route: {}->http://localhost:5326][total kept alive: 5; route allocated: 1 of 2000; total allocated: 5 of 2000]
11:18:31.383 [Forwarding actions on session 56753d46524f986fe84aadc21d355b4d to remote] DEBUG org.apache.http.client.protocol.RequestAddCookies - CookieSpec selected: default
11:18:31.384 [Forwarding actions on session 56753d46524f986fe84aadc21d355b4d to remote] DEBUG org.apache.http.client.protocol.RequestAuthCache - Auth cache not set in the context
11:18:31.384 [Forwarding actions on session 56753d46524f986fe84aadc21d355b4d to remote] DEBUG org.apache.http.impl.conn.PoolingHttpClientConnectionManager - Connection request: [route: {}->http://localhost:5326][total kept alive: 5; route allocated: 1 of 2000; total allocated: 5 of 2000]
11:18:31.384 [Forwarding actions on session 56753d46524f986fe84aadc21d355b4d to remote] DEBUG org.apache.http.impl.conn.PoolingHttpClientConnectionManager - Connection leased: [id: 4][route: {}->http://localhost:5326][total kept alive: 4; route allocated: 1 of 2000; total allocated: 5 of 2000]
11:18:31.384 [Forwarding actions on session 56753d46524f986fe84aadc21d355b4d to remote] DEBUG org.apache.http.impl.execchain.MainClientExec - Stale connection check
11:18:31.385 [Forwarding actions on session 56753d46524f986fe84aadc21d355b4d to remote] DEBUG org.apache.http.wire - http-outgoing-4 << "[read] I/O error: Read timed out"
11:18:31.385 [Forwarding actions on session 56753d46524f986fe84aadc21d355b4d to remote] DEBUG org.apache.http.impl.conn.DefaultManagedHttpClientConnection - http-outgoing-4: set socket timeout to 10800000
11:18:31.385 [Forwarding actions on session 56753d46524f986fe84aadc21d355b4d to remote] DEBUG org.apache.http.impl.execchain.MainClientExec - Executing request POST /session/56753d46524f986fe84aadc21d355b4d/actions HTTP/1.1
11:18:31.385 [Forwarding actions on session 56753d46524f986fe84aadc21d355b4d to remote] DEBUG org.apache.http.impl.execchain.MainClientExec - Target auth state: UNCHALLENGED
11:18:31.385 [Forwarding actions on session 56753d46524f986fe84aadc21d355b4d to remote] DEBUG org.apache.http.impl.execchain.MainClientExec - Proxy auth state: UNCHALLENGED
11:18:31.385 [Forwarding actions on session 56753d46524f986fe84aadc21d355b4d to remote] DEBUG org.apache.http.headers - http-outgoing-4 >> POST /session/56753d46524f986fe84aadc21d355b4d/actions HTTP/1.1
11:18:31.385 [Forwarding actions on session 56753d46524f986fe84aadc21d355b4d to remote] DEBUG org.apache.http.headers - http-outgoing-4 >> Content-Type: application/json; charset=utf-8
11:18:31.385 [Forwarding actions on session 56753d46524f986fe84aadc21d355b4d to remote] DEBUG org.apache.http.headers - http-outgoing-4 >> Content-Length: 289
11:18:31.385 [Forwarding actions on session 56753d46524f986fe84aadc21d355b4d to remote] DEBUG org.apache.http.headers - http-outgoing-4 >> Host: localhost:5326
11:18:31.385 [Forwarding actions on session 56753d46524f986fe84aadc21d355b4d to remote] DEBUG org.apache.http.headers - http-outgoing-4 >> Connection: Keep-Alive
11:18:31.385 [Forwarding actions on session 56753d46524f986fe84aadc21d355b4d to remote] DEBUG org.apache.http.headers - http-outgoing-4 >> User-Agent: Apache-HttpClient/4.5.3 (Java/1.8.0_211)
11:18:31.385 [Forwarding actions on session 56753d46524f986fe84aadc21d355b4d to remote] DEBUG org.apache.http.headers - http-outgoing-4 >> Accept-Encoding: gzip,deflate
11:18:31.385 [Forwarding actions on session 56753d46524f986fe84aadc21d355b4d to remote] DEBUG org.apache.http.wire - http-outgoing-4 >> "POST /session/56753d46524f986fe84aadc21d355b4d/actions HTTP/1.1[\r][\n]"
11:18:31.385 [Forwarding actions on session 56753d46524f986fe84aadc21d355b4d to remote] DEBUG org.apache.http.wire - http-outgoing-4 >> "Content-Type: application/json; charset=utf-8[\r][\n]"
11:18:31.385 [Forwarding actions on session 56753d46524f986fe84aadc21d355b4d to remote] DEBUG org.apache.http.wire - http-outgoing-4 >> "Content-Length: 289[\r][\n]"
11:18:31.385 [Forwarding actions on session 56753d46524f986fe84aadc21d355b4d to remote] DEBUG org.apache.http.wire - http-outgoing-4 >> "Host: localhost:5326[\r][\n]"
11:18:31.385 [Forwarding actions on session 56753d46524f986fe84aadc21d355b4d to remote] DEBUG org.apache.http.wire - http-outgoing-4 >> "Connection: Keep-Alive[\r][\n]"
11:18:31.385 [Forwarding actions on session 56753d46524f986fe84aadc21d355b4d to remote] DEBUG org.apache.http.wire - http-outgoing-4 >> "User-Agent: Apache-HttpClient/4.5.3 (Java/1.8.0_211)[\r][\n]"
11:18:31.385 [Forwarding actions on session 56753d46524f986fe84aadc21d355b4d to remote] DEBUG org.apache.http.wire - http-outgoing-4 >> "Accept-Encoding: gzip,deflate[\r][\n]"
11:18:31.385 [Forwarding actions on session 56753d46524f986fe84aadc21d355b4d to remote] DEBUG org.apache.http.wire - http-outgoing-4 >> "[\r][\n]"
11:18:31.385 [Forwarding actions on session 56753d46524f986fe84aadc21d355b4d to remote] DEBUG org.apache.http.wire - http-outgoing-4 >> "{"actions":[{"id":"default mouse","type":"pointer","parameters":{"pointerType":"mouse"},"actions":[{"duration":100,"x":0,"y":0,"type":"pointerMove","origin":{"ELEMENT":"26affdc1-d9b6-45f3-98a6-862d80fcbff6","element-6066-11e4-a52e-4f735466cecf":"26affdc1-d9b6-45f3-98a6-862d80fcbff6"}}]}]}"
11:18:31.497 [Forwarding actions on session 56753d46524f986fe84aadc21d355b4d to remote] DEBUG org.apache.http.wire - http-outgoing-4 << "HTTP/1.1 200 OK[\r][\n]"
11:18:31.497 [Forwarding actions on session 56753d46524f986fe84aadc21d355b4d to remote] DEBUG org.apache.http.wire - http-outgoing-4 << "Content-Length:14[\r][\n]"
11:18:31.497 [Forwarding actions on session 56753d46524f986fe84aadc21d355b4d to remote] DEBUG org.apache.http.wire - http-outgoing-4 << "Content-Type:application/json; charset=utf-8[\r][\n]"
11:18:31.497 [Forwarding actions on session 56753d46524f986fe84aadc21d355b4d to remote] DEBUG org.apache.http.wire - http-outgoing-4 << "cache-control:no-cache[\r][\n]"
11:18:31.497 [Forwarding actions on session 56753d46524f986fe84aadc21d355b4d to remote] DEBUG org.apache.http.wire - http-outgoing-4 << "[\r][\n]"
11:18:31.497 [Forwarding actions on session 56753d46524f986fe84aadc21d355b4d to remote] DEBUG org.apache.http.wire - http-outgoing-4 << "{"value":null}"
11:18:31.497 [Forwarding actions on session 56753d46524f986fe84aadc21d355b4d to remote] DEBUG org.apache.http.headers - http-outgoing-4 << HTTP/1.1 200 OK
11:18:31.497 [Forwarding actions on session 56753d46524f986fe84aadc21d355b4d to remote] DEBUG org.apache.http.headers - http-outgoing-4 << Content-Length:14
11:18:31.497 [Forwarding actions on session 56753d46524f986fe84aadc21d355b4d to remote] DEBUG org.apache.http.headers - http-outgoing-4 << Content-Type:application/json; charset=utf-8
11:18:31.497 [Forwarding actions on session 56753d46524f986fe84aadc21d355b4d to remote] DEBUG org.apache.http.headers - http-outgoing-4 << cache-control:no-cache
11:18:31.497 [Forwarding actions on session 56753d46524f986fe84aadc21d355b4d to remote] DEBUG org.apache.http.impl.execchain.MainClientExec - Connection can be kept alive indefinitely
11:18:31.497 [Forwarding actions on session 56753d46524f986fe84aadc21d355b4d to remote] DEBUG org.apache.http.impl.conn.PoolingHttpClientConnectionManager - Connection [id: 4][route: {}->http://localhost:5326] can be kept alive indefinitely
11:18:31.497 [Forwarding actions on session 56753d46524f986fe84aadc21d355b4d to remote] DEBUG org.apache.http.impl.conn.PoolingHttpClientConnectionManager - Connection released: [id: 4][route: {}->http://localhost:5326][total kept alive: 5; route allocated: 1 of 2000; total allocated: 5 of 2000]
11:18:31.698 [Forwarding findElement on session 56753d46524f986fe84aadc21d355b4d to remote] DEBUG org.apache.http.client.protocol.RequestAddCookies - CookieSpec selected: default
11:18:31.698 [Forwarding findElement on session 56753d46524f986fe84aadc21d355b4d to remote] DEBUG org.apache.http.client.protocol.RequestAuthCache - Auth cache not set in the context
11:18:31.698 [Forwarding findElement on session 56753d46524f986fe84aadc21d355b4d to remote] DEBUG org.apache.http.impl.conn.PoolingHttpClientConnectionManager - Connection request: [route: {}->http://localhost:5326][total kept alive: 5; route allocated: 1 of 2000; total allocated: 5 of 2000]
11:18:31.698 [Forwarding findElement on session 56753d46524f986fe84aadc21d355b4d to remote] DEBUG org.apache.http.impl.conn.PoolingHttpClientConnectionManager - Connection leased: [id: 4][route: {}->http://localhost:5326][total kept alive: 4; route allocated: 1 of 2000; total allocated: 5 of 2000]
11:18:31.698 [Forwarding findElement on session 56753d46524f986fe84aadc21d355b4d to remote] DEBUG org.apache.http.impl.execchain.MainClientExec - Stale connection check
11:18:31.700 [Forwarding findElement on session 56753d46524f986fe84aadc21d355b4d to remote] DEBUG org.apache.http.wire - http-outgoing-4 << "[read] I/O error: Read timed out"
11:18:31.700 [Forwarding findElement on session 56753d46524f986fe84aadc21d355b4d to remote] DEBUG org.apache.http.impl.conn.DefaultManagedHttpClientConnection - http-outgoing-4: set socket timeout to 10800000
11:18:31.700 [Forwarding findElement on session 56753d46524f986fe84aadc21d355b4d to remote] DEBUG org.apache.http.impl.execchain.MainClientExec - Executing request POST /session/56753d46524f986fe84aadc21d355b4d/element HTTP/1.1
11:18:31.700 [Forwarding findElement on session 56753d46524f986fe84aadc21d355b4d to remote] DEBUG org.apache.http.impl.execchain.MainClientExec - Target auth state: UNCHALLENGED
11:18:31.700 [Forwarding findElement on session 56753d46524f986fe84aadc21d355b4d to remote] DEBUG org.apache.http.impl.execchain.MainClientExec - Proxy auth state: UNCHALLENGED
11:18:31.700 [Forwarding findElement on session 56753d46524f986fe84aadc21d355b4d to remote] DEBUG org.apache.http.headers - http-outgoing-4 >> POST /session/56753d46524f986fe84aadc21d355b4d/element HTTP/1.1
11:18:31.700 [Forwarding findElement on session 56753d46524f986fe84aadc21d355b4d to remote] DEBUG org.apache.http.headers - http-outgoing-4 >> Content-Type: application/json; charset=utf-8
11:18:31.700 [Forwarding findElement on session 56753d46524f986fe84aadc21d355b4d to remote] DEBUG org.apache.http.headers - http-outgoing-4 >> Content-Length: 87
11:18:31.700 [Forwarding findElement on session 56753d46524f986fe84aadc21d355b4d to remote] DEBUG org.apache.http.headers - http-outgoing-4 >> Host: localhost:5326
11:18:31.700 [Forwarding findElement on session 56753d46524f986fe84aadc21d355b4d to remote] DEBUG org.apache.http.headers - http-outgoing-4 >> Connection: Keep-Alive
11:18:31.700 [Forwarding findElement on session 56753d46524f986fe84aadc21d355b4d to remote] DEBUG org.apache.http.headers - http-outgoing-4 >> User-Agent: Apache-HttpClient/4.5.3 (Java/1.8.0_211)
11:18:31.700 [Forwarding findElement on session 56753d46524f986fe84aadc21d355b4d to remote] DEBUG org.apache.http.headers - http-outgoing-4 >> Accept-Encoding: gzip,deflate
11:18:31.700 [Forwarding findElement on session 56753d46524f986fe84aadc21d355b4d to remote] DEBUG org.apache.http.wire - http-outgoing-4 >> "POST /session/56753d46524f986fe84aadc21d355b4d/element HTTP/1.1[\r][\n]"
11:18:31.700 [Forwarding findElement on session 56753d46524f986fe84aadc21d355b4d to remote] DEBUG org.apache.http.wire - http-outgoing-4 >> "Content-Type: application/json; charset=utf-8[\r][\n]"
11:18:31.700 [Forwarding findElement on session 56753d46524f986fe84aadc21d355b4d to remote] DEBUG org.apache.http.wire - http-outgoing-4 >> "Content-Length: 87[\r][\n]"
11:18:31.700 [Forwarding findElement on session 56753d46524f986fe84aadc21d355b4d to remote] DEBUG org.apache.http.wire - http-outgoing-4 >> "Host: localhost:5326[\r][\n]"
11:18:31.700 [Forwarding findElement on session 56753d46524f986fe84aadc21d355b4d to remote] DEBUG org.apache.http.wire - http-outgoing-4 >> "Connection: Keep-Alive[\r][\n]"
11:18:31.700 [Forwarding findElement on session 56753d46524f986fe84aadc21d355b4d to remote] DEBUG org.apache.http.wire - http-outgoing-4 >> "User-Agent: Apache-HttpClient/4.5.3 (Java/1.8.0_211)[\r][\n]"
11:18:31.700 [Forwarding findElement on session 56753d46524f986fe84aadc21d355b4d to remote] DEBUG org.apache.http.wire - http-outgoing-4 >> "Accept-Encoding: gzip,deflate[\r][\n]"
11:18:31.700 [Forwarding findElement on session 56753d46524f986fe84aadc21d355b4d to remote] DEBUG org.apache.http.wire - http-outgoing-4 >> "[\r][\n]"
11:18:31.700 [Forwarding findElement on session 56753d46524f986fe84aadc21d355b4d to remote] DEBUG org.apache.http.wire - http-outgoing-4 >> "{"value":"#navbar-top > ul > li:nth-child(2) > span > a > span","using":"css selector"}"
11:18:31.705 [Forwarding findElement on session 56753d46524f986fe84aadc21d355b4d to remote] DEBUG org.apache.http.wire - http-outgoing-4 << "HTTP/1.1 200 OK[\r][\n]"
11:18:31.705 [Forwarding findElement on session 56753d46524f986fe84aadc21d355b4d to remote] DEBUG org.apache.http.wire - http-outgoing-4 << "Content-Length:88[\r][\n]"
11:18:31.705 [Forwarding findElement on session 56753d46524f986fe84aadc21d355b4d to remote] DEBUG org.apache.http.wire - http-outgoing-4 << "Content-Type:application/json; charset=utf-8[\r][\n]"
11:18:31.705 [Forwarding findElement on session 56753d46524f986fe84aadc21d355b4d to remote] DEBUG org.apache.http.wire - http-outgoing-4 << "cache-control:no-cache[\r][\n]"
11:18:31.705 [Forwarding findElement on session 56753d46524f986fe84aadc21d355b4d to remote] DEBUG org.apache.http.wire - http-outgoing-4 << "[\r][\n]"
11:18:31.705 [Forwarding findElement on session 56753d46524f986fe84aadc21d355b4d to remote] DEBUG org.apache.http.wire - http-outgoing-4 << "{"value":{"element-6066-11e4-a52e-4f735466cecf":"033e5640-dd07-4474-902d-56881cb55629"}}"
11:18:31.705 [Forwarding findElement on session 56753d46524f986fe84aadc21d355b4d to remote] DEBUG org.apache.http.headers - http-outgoing-4 << HTTP/1.1 200 OK
11:18:31.705 [Forwarding findElement on session 56753d46524f986fe84aadc21d355b4d to remote] DEBUG org.apache.http.headers - http-outgoing-4 << Content-Length:88
11:18:31.705 [Forwarding findElement on session 56753d46524f986fe84aadc21d355b4d to remote] DEBUG org.apache.http.headers - http-outgoing-4 << Content-Type:application/json; charset=utf-8
11:18:31.705 [Forwarding findElement on session 56753d46524f986fe84aadc21d355b4d to remote] DEBUG org.apache.http.headers - http-outgoing-4 << cache-control:no-cache
11:18:31.705 [Forwarding findElement on session 56753d46524f986fe84aadc21d355b4d to remote] DEBUG org.apache.http.impl.execchain.MainClientExec - Connection can be kept alive indefinitely
11:18:31.705 [Forwarding findElement on session 56753d46524f986fe84aadc21d355b4d to remote] DEBUG org.apache.http.impl.conn.PoolingHttpClientConnectionManager - Connection [id: 4][route: {}->http://localhost:5326] can be kept alive indefinitely
11:18:31.705 [Forwarding findElement on session 56753d46524f986fe84aadc21d355b4d to remote] DEBUG org.apache.http.impl.conn.PoolingHttpClientConnectionManager - Connection released: [id: 4][route: {}->http://localhost:5326][total kept alive: 5; route allocated: 1 of 2000; total allocated: 5 of 2000]
11:18:31.705 [Forwarding clickElement on session 56753d46524f986fe84aadc21d355b4d to remote] DEBUG org.apache.http.client.protocol.RequestAddCookies - CookieSpec selected: default
11:18:31.705 [Forwarding clickElement on session 56753d46524f986fe84aadc21d355b4d to remote] DEBUG org.apache.http.client.protocol.RequestAuthCache - Auth cache not set in the context
11:18:31.705 [Forwarding clickElement on session 56753d46524f986fe84aadc21d355b4d to remote] DEBUG org.apache.http.impl.conn.PoolingHttpClientConnectionManager - Connection request: [route: {}->http://localhost:5326][total kept alive: 5; route allocated: 1 of 2000; total allocated: 5 of 2000]
11:18:31.706 [Forwarding clickElement on session 56753d46524f986fe84aadc21d355b4d to remote] DEBUG org.apache.http.impl.conn.PoolingHttpClientConnectionManager - Connection leased: [id: 4][route: {}->http://localhost:5326][total kept alive: 4; route allocated: 1 of 2000; total allocated: 5 of 2000]
11:18:31.706 [Forwarding clickElement on session 56753d46524f986fe84aadc21d355b4d to remote] DEBUG org.apache.http.impl.execchain.MainClientExec - Stale connection check
11:18:31.707 [Forwarding clickElement on session 56753d46524f986fe84aadc21d355b4d to remote] DEBUG org.apache.http.wire - http-outgoing-4 << "[read] I/O error: Read timed out"
11:18:31.707 [Forwarding clickElement on session 56753d46524f986fe84aadc21d355b4d to remote] DEBUG org.apache.http.impl.conn.DefaultManagedHttpClientConnection - http-outgoing-4: set socket timeout to 10800000
11:18:31.707 [Forwarding clickElement on session 56753d46524f986fe84aadc21d355b4d to remote] DEBUG org.apache.http.impl.execchain.MainClientExec - Executing request POST /session/56753d46524f986fe84aadc21d355b4d/element/033e5640-dd07-4474-902d-56881cb55629/click HTTP/1.1
11:18:31.707 [Forwarding clickElement on session 56753d46524f986fe84aadc21d355b4d to remote] DEBUG org.apache.http.impl.execchain.MainClientExec - Target auth state: UNCHALLENGED
11:18:31.707 [Forwarding clickElement on session 56753d46524f986fe84aadc21d355b4d to remote] DEBUG org.apache.http.impl.execchain.MainClientExec - Proxy auth state: UNCHALLENGED
11:18:31.707 [Forwarding clickElement on session 56753d46524f986fe84aadc21d355b4d to remote] DEBUG org.apache.http.headers - http-outgoing-4 >> POST /session/56753d46524f986fe84aadc21d355b4d/element/033e5640-dd07-4474-902d-56881cb55629/click HTTP/1.1
11:18:31.707 [Forwarding clickElement on session 56753d46524f986fe84aadc21d355b4d to remote] DEBUG org.apache.http.headers - http-outgoing-4 >> Content-Type: application/json; charset=utf-8
11:18:31.707 [Forwarding clickElement on session 56753d46524f986fe84aadc21d355b4d to remote] DEBUG org.apache.http.headers - http-outgoing-4 >> Content-Length: 45
11:18:31.707 [Forwarding clickElement on session 56753d46524f986fe84aadc21d355b4d to remote] DEBUG org.apache.http.headers - http-outgoing-4 >> Host: localhost:5326
11:18:31.707 [Forwarding clickElement on session 56753d46524f986fe84aadc21d355b4d to remote] DEBUG org.apache.http.headers - http-outgoing-4 >> Connection: Keep-Alive
11:18:31.707 [Forwarding clickElement on session 56753d46524f986fe84aadc21d355b4d to remote] DEBUG org.apache.http.headers - http-outgoing-4 >> User-Agent: Apache-HttpClient/4.5.3 (Java/1.8.0_211)
11:18:31.707 [Forwarding clickElement on session 56753d46524f986fe84aadc21d355b4d to remote] DEBUG org.apache.http.headers - http-outgoing-4 >> Accept-Encoding: gzip,deflate
11:18:31.707 [Forwarding clickElement on session 56753d46524f986fe84aadc21d355b4d to remote] DEBUG org.apache.http.wire - http-outgoing-4 >> "POST /session/56753d46524f986fe84aadc21d355b4d/element/033e5640-dd07-4474-902d-56881cb55629/click HTTP/1.1[\r][\n]"
11:18:31.707 [Forwarding clickElement on session 56753d46524f986fe84aadc21d355b4d to remote] DEBUG org.apache.http.wire - http-outgoing-4 >> "Content-Type: application/json; charset=utf-8[\r][\n]"
11:18:31.707 [Forwarding clickElement on session 56753d46524f986fe84aadc21d355b4d to remote] DEBUG org.apache.http.wire - http-outgoing-4 >> "Content-Length: 45[\r][\n]"
11:18:31.707 [Forwarding clickElement on session 56753d46524f986fe84aadc21d355b4d to remote] DEBUG org.apache.http.wire - http-outgoing-4 >> "Host: localhost:5326[\r][\n]"
11:18:31.707 [Forwarding clickElement on session 56753d46524f986fe84aadc21d355b4d to remote] DEBUG org.apache.http.wire - http-outgoing-4 >> "Connection: Keep-Alive[\r][\n]"
11:18:31.707 [Forwarding clickElement on session 56753d46524f986fe84aadc21d355b4d to remote] DEBUG org.apache.http.wire - http-outgoing-4 >> "User-Agent: Apache-HttpClient/4.5.3 (Java/1.8.0_211)[\r][\n]"
11:18:31.707 [Forwarding clickElement on session 56753d46524f986fe84aadc21d355b4d to remote] DEBUG org.apache.http.wire - http-outgoing-4 >> "Accept-Encoding: gzip,deflate[\r][\n]"
11:18:31.707 [Forwarding clickElement on session 56753d46524f986fe84aadc21d355b4d to remote] DEBUG org.apache.http.wire - http-outgoing-4 >> "[\r][\n]"
11:18:31.707 [Forwarding clickElement on session 56753d46524f986fe84aadc21d355b4d to remote] DEBUG org.apache.http.wire - http-outgoing-4 >> "{"id":"033e5640-dd07-4474-902d-56881cb55629"}"
11:18:31.743 [Forwarding clickElement on session 56753d46524f986fe84aadc21d355b4d to remote] DEBUG org.apache.http.wire - http-outgoing-4 << "HTTP/1.1 200 OK[\r][\n]"
11:18:31.743 [Forwarding clickElement on session 56753d46524f986fe84aadc21d355b4d to remote] DEBUG org.apache.http.wire - http-outgoing-4 << "Content-Length:14[\r][\n]"
11:18:31.743 [Forwarding clickElement on session 56753d46524f986fe84aadc21d355b4d to remote] DEBUG org.apache.http.wire - http-outgoing-4 << "Content-Type:application/json; charset=utf-8[\r][\n]"
11:18:31.743 [Forwarding clickElement on session 56753d46524f986fe84aadc21d355b4d to remote] DEBUG org.apache.http.wire - http-outgoing-4 << "cache-control:no-cache[\r][\n]"
11:18:31.743 [Forwarding clickElement on session 56753d46524f986fe84aadc21d355b4d to remote] DEBUG org.apache.http.wire - http-outgoing-4 << "[\r][\n]"
11:18:31.743 [Forwarding clickElement on session 56753d46524f986fe84aadc21d355b4d to remote] DEBUG org.apache.http.wire - http-outgoing-4 << "{"value":null}"
11:18:31.743 [Forwarding clickElement on session 56753d46524f986fe84aadc21d355b4d to remote] DEBUG org.apache.http.headers - http-outgoing-4 << HTTP/1.1 200 OK
11:18:31.743 [Forwarding clickElement on session 56753d46524f986fe84aadc21d355b4d to remote] DEBUG org.apache.http.headers - http-outgoing-4 << Content-Length:14
11:18:31.743 [Forwarding clickElement on session 56753d46524f986fe84aadc21d355b4d to remote] DEBUG org.apache.http.headers - http-outgoing-4 << Content-Type:application/json; charset=utf-8
11:18:31.743 [Forwarding clickElement on session 56753d46524f986fe84aadc21d355b4d to remote] DEBUG org.apache.http.headers - http-outgoing-4 << cache-control:no-cache
11:18:31.743 [Forwarding clickElement on session 56753d46524f986fe84aadc21d355b4d to remote] DEBUG org.apache.http.impl.execchain.MainClientExec - Connection can be kept alive indefinitely
11:18:31.743 [Forwarding clickElement on session 56753d46524f986fe84aadc21d355b4d to remote] DEBUG org.apache.http.impl.conn.PoolingHttpClientConnectionManager - Connection [id: 4][route: {}->http://localhost:5326] can be kept alive indefinitely
11:18:31.743 [Forwarding clickElement on session 56753d46524f986fe84aadc21d355b4d to remote] DEBUG org.apache.http.impl.conn.PoolingHttpClientConnectionManager - Connection released: [id: 4][route: {}->http://localhost:5326][total kept alive: 5; route allocated: 1 of 2000; total allocated: 5 of 2000]
11:18:32.047 [Forwarding findElement on session 56753d46524f986fe84aadc21d355b4d to remote] DEBUG org.apache.http.client.protocol.RequestAddCookies - CookieSpec selected: default
11:18:32.047 [Forwarding findElement on session 56753d46524f986fe84aadc21d355b4d to remote] DEBUG org.apache.http.client.protocol.RequestAuthCache - Auth cache not set in the context
11:18:32.047 [Forwarding findElement on session 56753d46524f986fe84aadc21d355b4d to remote] DEBUG org.apache.http.impl.conn.PoolingHttpClientConnectionManager - Connection request: [route: {}->http://localhost:5326][total kept alive: 5; route allocated: 1 of 2000; total allocated: 5 of 2000]
11:18:32.047 [Forwarding findElement on session 56753d46524f986fe84aadc21d355b4d to remote] DEBUG org.apache.http.impl.conn.PoolingHttpClientConnectionManager - Connection leased: [id: 4][route: {}->http://localhost:5326][total kept alive: 4; route allocated: 1 of 2000; total allocated: 5 of 2000]
11:18:32.047 [Forwarding findElement on session 56753d46524f986fe84aadc21d355b4d to remote] DEBUG org.apache.http.impl.execchain.MainClientExec - Stale connection check
11:18:32.048 [Forwarding findElement on session 56753d46524f986fe84aadc21d355b4d to remote] DEBUG org.apache.http.wire - http-outgoing-4 << "[read] I/O error: Read timed out"
11:18:32.048 [Forwarding findElement on session 56753d46524f986fe84aadc21d355b4d to remote] DEBUG org.apache.http.impl.conn.DefaultManagedHttpClientConnection - http-outgoing-4: set socket timeout to 10800000
11:18:32.048 [Forwarding findElement on session 56753d46524f986fe84aadc21d355b4d to remote] DEBUG org.apache.http.impl.execchain.MainClientExec - Executing request POST /session/56753d46524f986fe84aadc21d355b4d/element HTTP/1.1
11:18:32.048 [Forwarding findElement on session 56753d46524f986fe84aadc21d355b4d to remote] DEBUG org.apache.http.impl.execchain.MainClientExec - Target auth state: UNCHALLENGED
11:18:32.048 [Forwarding findElement on session 56753d46524f986fe84aadc21d355b4d to remote] DEBUG org.apache.http.impl.execchain.MainClientExec - Proxy auth state: UNCHALLENGED
11:18:32.048 [Forwarding findElement on session 56753d46524f986fe84aadc21d355b4d to remote] DEBUG org.apache.http.headers - http-outgoing-4 >> POST /session/56753d46524f986fe84aadc21d355b4d/element HTTP/1.1
11:18:32.048 [Forwarding findElement on session 56753d46524f986fe84aadc21d355b4d to remote] DEBUG org.apache.http.headers - http-outgoing-4 >> Content-Type: application/json; charset=utf-8
11:18:32.048 [Forwarding findElement on session 56753d46524f986fe84aadc21d355b4d to remote] DEBUG org.apache.http.headers - http-outgoing-4 >> Content-Length: 59
11:18:32.048 [Forwarding findElement on session 56753d46524f986fe84aadc21d355b4d to remote] DEBUG org.apache.http.headers - http-outgoing-4 >> Host: localhost:5326
11:18:32.048 [Forwarding findElement on session 56753d46524f986fe84aadc21d355b4d to remote] DEBUG org.apache.http.headers - http-outgoing-4 >> Connection: Keep-Alive
11:18:32.048 [Forwarding findElement on session 56753d46524f986fe84aadc21d355b4d to remote] DEBUG org.apache.http.headers - http-outgoing-4 >> User-Agent: Apache-HttpClient/4.5.3 (Java/1.8.0_211)
11:18:32.048 [Forwarding findElement on session 56753d46524f986fe84aadc21d355b4d to remote] DEBUG org.apache.http.headers - http-outgoing-4 >> Accept-Encoding: gzip,deflate
11:18:32.048 [Forwarding findElement on session 56753d46524f986fe84aadc21d355b4d to remote] DEBUG org.apache.http.wire - http-outgoing-4 >> "POST /session/56753d46524f986fe84aadc21d355b4d/element HTTP/1.1[\r][\n]"
11:18:32.048 [Forwarding findElement on session 56753d46524f986fe84aadc21d355b4d to remote] DEBUG org.apache.http.wire - http-outgoing-4 >> "Content-Type: application/json; charset=utf-8[\r][\n]"
11:18:32.048 [Forwarding findElement on session 56753d46524f986fe84aadc21d355b4d to remote] DEBUG org.apache.http.wire - http-outgoing-4 >> "Content-Length: 59[\r][\n]"
11:18:32.048 [Forwarding findElement on session 56753d46524f986fe84aadc21d355b4d to remote] DEBUG org.apache.http.wire - http-outgoing-4 >> "Host: localhost:5326[\r][\n]"
11:18:32.048 [Forwarding findElement on session 56753d46524f986fe84aadc21d355b4d to remote] DEBUG org.apache.http.wire - http-outgoing-4 >> "Connection: Keep-Alive[\r][\n]"
11:18:32.048 [Forwarding findElement on session 56753d46524f986fe84aadc21d355b4d to remote] DEBUG org.apache.http.wire - http-outgoing-4 >> "User-Agent: Apache-HttpClient/4.5.3 (Java/1.8.0_211)[\r][\n]"
11:18:32.048 [Forwarding findElement on session 56753d46524f986fe84aadc21d355b4d to remote] DEBUG org.apache.http.wire - http-outgoing-4 >> "Accept-Encoding: gzip,deflate[\r][\n]"
11:18:32.048 [Forwarding findElement on session 56753d46524f986fe84aadc21d355b4d to remote] DEBUG org.apache.http.wire - http-outgoing-4 >> "[\r][\n]"
11:18:32.048 [Forwarding findElement on session 56753d46524f986fe84aadc21d355b4d to remote] DEBUG org.apache.http.wire - http-outgoing-4 >> "{"value":"//ul/li[2]/div/div[2]/a[3]/span","using":"xpath"}"
11:18:32.055 [Forwarding findElement on session 56753d46524f986fe84aadc21d355b4d to remote] DEBUG org.apache.http.wire - http-outgoing-4 << "HTTP/1.1 200 OK[\r][\n]"
11:18:32.055 [Forwarding findElement on session 56753d46524f986fe84aadc21d355b4d to remote] DEBUG org.apache.http.wire - http-outgoing-4 << "Content-Length:88[\r][\n]"
11:18:32.055 [Forwarding findElement on session 56753d46524f986fe84aadc21d355b4d to remote] DEBUG org.apache.http.wire - http-outgoing-4 << "Content-Type:application/json; charset=utf-8[\r][\n]"
11:18:32.055 [Forwarding findElement on session 56753d46524f986fe84aadc21d355b4d to remote] DEBUG org.apache.http.wire - http-outgoing-4 << "cache-control:no-cache[\r][\n]"
11:18:32.055 [Forwarding findElement on session 56753d46524f986fe84aadc21d355b4d to remote] DEBUG org.apache.http.wire - http-outgoing-4 << "[\r][\n]"
11:18:32.055 [Forwarding findElement on session 56753d46524f986fe84aadc21d355b4d to remote] DEBUG org.apache.http.wire - http-outgoing-4 << "{"value":{"element-6066-11e4-a52e-4f735466cecf":"b9a11e49-7b3d-451f-a553-da72e380020c"}}"
11:18:32.055 [Forwarding findElement on session 56753d46524f986fe84aadc21d355b4d to remote] DEBUG org.apache.http.headers - http-outgoing-4 << HTTP/1.1 200 OK
11:18:32.055 [Forwarding findElement on session 56753d46524f986fe84aadc21d355b4d to remote] DEBUG org.apache.http.headers - http-outgoing-4 << Content-Length:88
11:18:32.055 [Forwarding findElement on session 56753d46524f986fe84aadc21d355b4d to remote] DEBUG org.apache.http.headers - http-outgoing-4 << Content-Type:application/json; charset=utf-8
11:18:32.055 [Forwarding findElement on session 56753d46524f986fe84aadc21d355b4d to remote] DEBUG org.apache.http.headers - http-outgoing-4 << cache-control:no-cache
11:18:32.055 [Forwarding findElement on session 56753d46524f986fe84aadc21d355b4d to remote] DEBUG org.apache.http.impl.execchain.MainClientExec - Connection can be kept alive indefinitely
11:18:32.055 [Forwarding findElement on session 56753d46524f986fe84aadc21d355b4d to remote] DEBUG org.apache.http.impl.conn.PoolingHttpClientConnectionManager - Connection [id: 4][route: {}->http://localhost:5326] can be kept alive indefinitely
11:18:32.055 [Forwarding findElement on session 56753d46524f986fe84aadc21d355b4d to remote] DEBUG org.apache.http.impl.conn.PoolingHttpClientConnectionManager - Connection released: [id: 4][route: {}->http://localhost:5326][total kept alive: 5; route allocated: 1 of 2000; total allocated: 5 of 2000]
11:18:32.056 [Forwarding clickElement on session 56753d46524f986fe84aadc21d355b4d to remote] DEBUG org.apache.http.client.protocol.RequestAddCookies - CookieSpec selected: default
11:18:32.056 [Forwarding clickElement on session 56753d46524f986fe84aadc21d355b4d to remote] DEBUG org.apache.http.client.protocol.RequestAuthCache - Auth cache not set in the context
11:18:32.056 [Forwarding clickElement on session 56753d46524f986fe84aadc21d355b4d to remote] DEBUG org.apache.http.impl.conn.PoolingHttpClientConnectionManager - Connection request: [route: {}->http://localhost:5326][total kept alive: 5; route allocated: 1 of 2000; total allocated: 5 of 2000]
11:18:32.056 [Forwarding clickElement on session 56753d46524f986fe84aadc21d355b4d to remote] DEBUG org.apache.http.impl.conn.PoolingHttpClientConnectionManager - Connection leased: [id: 4][route: {}->http://localhost:5326][total kept alive: 4; route allocated: 1 of 2000; total allocated: 5 of 2000]
11:18:32.056 [Forwarding clickElement on session 56753d46524f986fe84aadc21d355b4d to remote] DEBUG org.apache.http.impl.execchain.MainClientExec - Stale connection check
11:18:32.057 [Forwarding clickElement on session 56753d46524f986fe84aadc21d355b4d to remote] DEBUG org.apache.http.wire - http-outgoing-4 << "[read] I/O error: Read timed out"
11:18:32.057 [Forwarding clickElement on session 56753d46524f986fe84aadc21d355b4d to remote] DEBUG org.apache.http.impl.conn.DefaultManagedHttpClientConnection - http-outgoing-4: set socket timeout to 10800000
11:18:32.057 [Forwarding clickElement on session 56753d46524f986fe84aadc21d355b4d to remote] DEBUG org.apache.http.impl.execchain.MainClientExec - Executing request POST /session/56753d46524f986fe84aadc21d355b4d/element/b9a11e49-7b3d-451f-a553-da72e380020c/click HTTP/1.1
11:18:32.057 [Forwarding clickElement on session 56753d46524f986fe84aadc21d355b4d to remote] DEBUG org.apache.http.impl.execchain.MainClientExec - Target auth state: UNCHALLENGED
11:18:32.057 [Forwarding clickElement on session 56753d46524f986fe84aadc21d355b4d to remote] DEBUG org.apache.http.impl.execchain.MainClientExec - Proxy auth state: UNCHALLENGED
11:18:32.057 [Forwarding clickElement on session 56753d46524f986fe84aadc21d355b4d to remote] DEBUG org.apache.http.headers - http-outgoing-4 >> POST /session/56753d46524f986fe84aadc21d355b4d/element/b9a11e49-7b3d-451f-a553-da72e380020c/click HTTP/1.1
11:18:32.057 [Forwarding clickElement on session 56753d46524f986fe84aadc21d355b4d to remote] DEBUG org.apache.http.headers - http-outgoing-4 >> Content-Type: application/json; charset=utf-8
11:18:32.057 [Forwarding clickElement on session 56753d46524f986fe84aadc21d355b4d to remote] DEBUG org.apache.http.headers - http-outgoing-4 >> Content-Length: 45
11:18:32.057 [Forwarding clickElement on session 56753d46524f986fe84aadc21d355b4d to remote] DEBUG org.apache.http.headers - http-outgoing-4 >> Host: localhost:5326
11:18:32.057 [Forwarding clickElement on session 56753d46524f986fe84aadc21d355b4d to remote] DEBUG org.apache.http.headers - http-outgoing-4 >> Connection: Keep-Alive
11:18:32.057 [Forwarding clickElement on session 56753d46524f986fe84aadc21d355b4d to remote] DEBUG org.apache.http.headers - http-outgoing-4 >> User-Agent: Apache-HttpClient/4.5.3 (Java/1.8.0_211)
11:18:32.057 [Forwarding clickElement on session 56753d46524f986fe84aadc21d355b4d to remote] DEBUG org.apache.http.headers - http-outgoing-4 >> Accept-Encoding: gzip,deflate
11:18:32.057 [Forwarding clickElement on session 56753d46524f986fe84aadc21d355b4d to remote] DEBUG org.apache.http.wire - http-outgoing-4 >> "POST /session/56753d46524f986fe84aadc21d355b4d/element/b9a11e49-7b3d-451f-a553-da72e380020c/click HTTP/1.1[\r][\n]"
11:18:32.057 [Forwarding clickElement on session 56753d46524f986fe84aadc21d355b4d to remote] DEBUG org.apache.http.wire - http-outgoing-4 >> "Content-Type: application/json; charset=utf-8[\r][\n]"
11:18:32.057 [Forwarding clickElement on session 56753d46524f986fe84aadc21d355b4d to remote] DEBUG org.apache.http.wire - http-outgoing-4 >> "Content-Length: 45[\r][\n]"
11:18:32.057 [Forwarding clickElement on session 56753d46524f986fe84aadc21d355b4d to remote] DEBUG org.apache.http.wire - http-outgoing-4 >> "Host: localhost:5326[\r][\n]"
11:18:32.057 [Forwarding clickElement on session 56753d46524f986fe84aadc21d355b4d to remote] DEBUG org.apache.http.wire - http-outgoing-4 >> "Connection: Keep-Alive[\r][\n]"
11:18:32.057 [Forwarding clickElement on session 56753d46524f986fe84aadc21d355b4d to remote] DEBUG org.apache.http.wire - http-outgoing-4 >> "User-Agent: Apache-HttpClient/4.5.3 (Java/1.8.0_211)[\r][\n]"
11:18:32.057 [Forwarding clickElement on session 56753d46524f986fe84aadc21d355b4d to remote] DEBUG org.apache.http.wire - http-outgoing-4 >> "Accept-Encoding: gzip,deflate[\r][\n]"
11:18:32.057 [Forwarding clickElement on session 56753d46524f986fe84aadc21d355b4d to remote] DEBUG org.apache.http.wire - http-outgoing-4 >> "[\r][\n]"
11:18:32.057 [Forwarding clickElement on session 56753d46524f986fe84aadc21d355b4d to remote] DEBUG org.apache.http.wire - http-outgoing-4 >> "{"id":"b9a11e49-7b3d-451f-a553-da72e380020c"}"
11:18:32.089 [Forwarding clickElement on session 56753d46524f986fe84aadc21d355b4d to remote] DEBUG org.apache.http.wire - http-outgoing-4 << "HTTP/1.1 200 OK[\r][\n]"
11:18:32.089 [Forwarding clickElement on session 56753d46524f986fe84aadc21d355b4d to remote] DEBUG org.apache.http.wire - http-outgoing-4 << "Content-Length:14[\r][\n]"
11:18:32.089 [Forwarding clickElement on session 56753d46524f986fe84aadc21d355b4d to remote] DEBUG org.apache.http.wire - http-outgoing-4 << "Content-Type:application/json; charset=utf-8[\r][\n]"
11:18:32.089 [Forwarding clickElement on session 56753d46524f986fe84aadc21d355b4d to remote] DEBUG org.apache.http.wire - http-outgoing-4 << "cache-control:no-cache[\r][\n]"
11:18:32.089 [Forwarding clickElement on session 56753d46524f986fe84aadc21d355b4d to remote] DEBUG org.apache.http.wire - http-outgoing-4 << "[\r][\n]"
11:18:32.089 [Forwarding clickElement on session 56753d46524f986fe84aadc21d355b4d to remote] DEBUG org.apache.http.wire - http-outgoing-4 << "{"value":null}"
11:18:32.089 [Forwarding clickElement on session 56753d46524f986fe84aadc21d355b4d to remote] DEBUG org.apache.http.headers - http-outgoing-4 << HTTP/1.1 200 OK
11:18:32.089 [Forwarding clickElement on session 56753d46524f986fe84aadc21d355b4d to remote] DEBUG org.apache.http.headers - http-outgoing-4 << Content-Length:14
11:18:32.089 [Forwarding clickElement on session 56753d46524f986fe84aadc21d355b4d to remote] DEBUG org.apache.http.headers - http-outgoing-4 << Content-Type:application/json; charset=utf-8
11:18:32.089 [Forwarding clickElement on session 56753d46524f986fe84aadc21d355b4d to remote] DEBUG org.apache.http.headers - http-outgoing-4 << cache-control:no-cache
11:18:32.089 [Forwarding clickElement on session 56753d46524f986fe84aadc21d355b4d to remote] DEBUG org.apache.http.impl.execchain.MainClientExec - Connection can be kept alive indefinitely
11:18:32.089 [Forwarding clickElement on session 56753d46524f986fe84aadc21d355b4d to remote] DEBUG org.apache.http.impl.conn.PoolingHttpClientConnectionManager - Connection [id: 4][route: {}->http://localhost:5326] can be kept alive indefinitely
11:18:32.089 [Forwarding clickElement on session 56753d46524f986fe84aadc21d355b4d to remote] DEBUG org.apache.http.impl.conn.PoolingHttpClientConnectionManager - Connection released: [id: 4][route: {}->http://localhost:5326][total kept alive: 5; route allocated: 1 of 2000; total allocated: 5 of 2000]
11:18:32.090 [Forwarding findElement on session 56753d46524f986fe84aadc21d355b4d to remote] DEBUG org.apache.http.client.protocol.RequestAddCookies - CookieSpec selected: default
11:18:32.090 [Forwarding findElement on session 56753d46524f986fe84aadc21d355b4d to remote] DEBUG org.apache.http.client.protocol.RequestAuthCache - Auth cache not set in the context
11:18:32.090 [Forwarding findElement on session 56753d46524f986fe84aadc21d355b4d to remote] DEBUG org.apache.http.impl.conn.PoolingHttpClientConnectionManager - Connection request: [route: {}->http://localhost:5326][total kept alive: 5; route allocated: 1 of 2000; total allocated: 5 of 2000]
11:18:32.090 [Forwarding findElement on session 56753d46524f986fe84aadc21d355b4d to remote] DEBUG org.apache.http.impl.conn.PoolingHttpClientConnectionManager - Connection leased: [id: 4][route: {}->http://localhost:5326][total kept alive: 4; route allocated: 1 of 2000; total allocated: 5 of 2000]
11:18:32.090 [Forwarding findElement on session 56753d46524f986fe84aadc21d355b4d to remote] DEBUG org.apache.http.impl.execchain.MainClientExec - Stale connection check
11:18:32.091 [Forwarding findElement on session 56753d46524f986fe84aadc21d355b4d to remote] DEBUG org.apache.http.wire - http-outgoing-4 << "[read] I/O error: Read timed out"
11:18:32.091 [Forwarding findElement on session 56753d46524f986fe84aadc21d355b4d to remote] DEBUG org.apache.http.impl.conn.DefaultManagedHttpClientConnection - http-outgoing-4: set socket timeout to 10800000
11:18:32.091 [Forwarding findElement on session 56753d46524f986fe84aadc21d355b4d to remote] DEBUG org.apache.http.impl.execchain.MainClientExec - Executing request POST /session/56753d46524f986fe84aadc21d355b4d/element HTTP/1.1
11:18:32.091 [Forwarding findElement on session 56753d46524f986fe84aadc21d355b4d to remote] DEBUG org.apache.http.impl.execchain.MainClientExec - Target auth state: UNCHALLENGED
11:18:32.091 [Forwarding findElement on session 56753d46524f986fe84aadc21d355b4d to remote] DEBUG org.apache.http.impl.execchain.MainClientExec - Proxy auth state: UNCHALLENGED
11:18:32.091 [Forwarding findElement on session 56753d46524f986fe84aadc21d355b4d to remote] DEBUG org.apache.http.headers - http-outgoing-4 >> POST /session/56753d46524f986fe84aadc21d355b4d/element HTTP/1.1
11:18:32.091 [Forwarding findElement on session 56753d46524f986fe84aadc21d355b4d to remote] DEBUG org.apache.http.headers - http-outgoing-4 >> Content-Type: application/json; charset=utf-8
11:18:32.091 [Forwarding findElement on session 56753d46524f986fe84aadc21d355b4d to remote] DEBUG org.apache.http.headers - http-outgoing-4 >> Content-Length: 96
11:18:32.091 [Forwarding findElement on session 56753d46524f986fe84aadc21d355b4d to remote] DEBUG org.apache.http.headers - http-outgoing-4 >> Host: localhost:5326
11:18:32.091 [Forwarding findElement on session 56753d46524f986fe84aadc21d355b4d to remote] DEBUG org.apache.http.headers - http-outgoing-4 >> Connection: Keep-Alive
11:18:32.091 [Forwarding findElement on session 56753d46524f986fe84aadc21d355b4d to remote] DEBUG org.apache.http.headers - http-outgoing-4 >> User-Agent: Apache-HttpClient/4.5.3 (Java/1.8.0_211)
11:18:32.091 [Forwarding findElement on session 56753d46524f986fe84aadc21d355b4d to remote] DEBUG org.apache.http.headers - http-outgoing-4 >> Accept-Encoding: gzip,deflate
11:18:32.091 [Forwarding findElement on session 56753d46524f986fe84aadc21d355b4d to remote] DEBUG org.apache.http.wire - http-outgoing-4 >> "POST /session/56753d46524f986fe84aadc21d355b4d/element HTTP/1.1[\r][\n]"
11:18:32.091 [Forwarding findElement on session 56753d46524f986fe84aadc21d355b4d to remote] DEBUG org.apache.http.wire - http-outgoing-4 >> "Content-Type: application/json; charset=utf-8[\r][\n]"
11:18:32.091 [Forwarding findElement on session 56753d46524f986fe84aadc21d355b4d to remote] DEBUG org.apache.http.wire - http-outgoing-4 >> "Content-Length: 96[\r][\n]"
11:18:32.091 [Forwarding findElement on session 56753d46524f986fe84aadc21d355b4d to remote] DEBUG org.apache.http.wire - http-outgoing-4 >> "Host: localhost:5326[\r][\n]"
11:18:32.091 [Forwarding findElement on session 56753d46524f986fe84aadc21d355b4d to remote] DEBUG org.apache.http.wire - http-outgoing-4 >> "Connection: Keep-Alive[\r][\n]"
11:18:32.091 [Forwarding findElement on session 56753d46524f986fe84aadc21d355b4d to remote] DEBUG org.apache.http.wire - http-outgoing-4 >> "User-Agent: Apache-HttpClient/4.5.3 (Java/1.8.0_211)[\r][\n]"
11:18:32.091 [Forwarding findElement on session 56753d46524f986fe84aadc21d355b4d to remote] DEBUG org.apache.http.wire - http-outgoing-4 >> "Accept-Encoding: gzip,deflate[\r][\n]"
11:18:32.091 [Forwarding findElement on session 56753d46524f986fe84aadc21d355b4d to remote] DEBUG org.apache.http.wire - http-outgoing-4 >> "[\r][\n]"
11:18:32.091 [Forwarding findElement on session 56753d46524f986fe84aadc21d355b4d to remote] DEBUG org.apache.http.wire - http-outgoing-4 >> "{"value":"//*[@id=\"root\"]/main/div/div/div[3]/div/div[2]/span/div/span/input","using":"xpath"}"
11:18:32.420 [Forwarding findElement on session 56753d46524f986fe84aadc21d355b4d to remote] DEBUG org.apache.http.wire - http-outgoing-4 << "HTTP/1.1 200 OK[\r][\n]"
11:18:32.420 [Forwarding findElement on session 56753d46524f986fe84aadc21d355b4d to remote] DEBUG org.apache.http.wire - http-outgoing-4 << "Content-Length:88[\r][\n]"
11:18:32.420 [Forwarding findElement on session 56753d46524f986fe84aadc21d355b4d to remote] DEBUG org.apache.http.wire - http-outgoing-4 << "Content-Type:application/json; charset=utf-8[\r][\n]"
11:18:32.420 [Forwarding findElement on session 56753d46524f986fe84aadc21d355b4d to remote] DEBUG org.apache.http.wire - http-outgoing-4 << "cache-control:no-cache[\r][\n]"
11:18:32.420 [Forwarding findElement on session 56753d46524f986fe84aadc21d355b4d to remote] DEBUG org.apache.http.wire - http-outgoing-4 << "[\r][\n]"
11:18:32.420 [Forwarding findElement on session 56753d46524f986fe84aadc21d355b4d to remote] DEBUG org.apache.http.wire - http-outgoing-4 << "{"value":{"element-6066-11e4-a52e-4f735466cecf":"eb08e412-d77f-4ec7-abdb-ef1d11c768f6"}}"
11:18:32.420 [Forwarding findElement on session 56753d46524f986fe84aadc21d355b4d to remote] DEBUG org.apache.http.headers - http-outgoing-4 << HTTP/1.1 200 OK
11:18:32.420 [Forwarding findElement on session 56753d46524f986fe84aadc21d355b4d to remote] DEBUG org.apache.http.headers - http-outgoing-4 << Content-Length:88
11:18:32.420 [Forwarding findElement on session 56753d46524f986fe84aadc21d355b4d to remote] DEBUG org.apache.http.headers - http-outgoing-4 << Content-Type:application/json; charset=utf-8
11:18:32.420 [Forwarding findElement on session 56753d46524f986fe84aadc21d355b4d to remote] DEBUG org.apache.http.headers - http-outgoing-4 << cache-control:no-cache
11:18:32.420 [Forwarding findElement on session 56753d46524f986fe84aadc21d355b4d to remote] DEBUG org.apache.http.impl.execchain.MainClientExec - Connection can be kept alive indefinitely
11:18:32.420 [Forwarding findElement on session 56753d46524f986fe84aadc21d355b4d to remote] DEBUG org.apache.http.impl.conn.PoolingHttpClientConnectionManager - Connection [id: 4][route: {}->http://localhost:5326] can be kept alive indefinitely
11:18:32.420 [Forwarding findElement on session 56753d46524f986fe84aadc21d355b4d to remote] DEBUG org.apache.http.impl.conn.PoolingHttpClientConnectionManager - Connection released: [id: 4][route: {}->http://localhost:5326][total kept alive: 5; route allocated: 1 of 2000; total allocated: 5 of 2000]
11:18:32.421 [Forwarding sendKeysToElement on session 56753d46524f986fe84aadc21d355b4d to remote] DEBUG org.apache.http.client.protocol.RequestAddCookies - CookieSpec selected: default
11:18:32.421 [Forwarding sendKeysToElement on session 56753d46524f986fe84aadc21d355b4d to remote] DEBUG org.apache.http.client.protocol.RequestAuthCache - Auth cache not set in the context
11:18:32.421 [Forwarding sendKeysToElement on session 56753d46524f986fe84aadc21d355b4d to remote] DEBUG org.apache.http.impl.conn.PoolingHttpClientConnectionManager - Connection request: [route: {}->http://localhost:5326][total kept alive: 5; route allocated: 1 of 2000; total allocated: 5 of 2000]
11:18:32.421 [Forwarding sendKeysToElement on session 56753d46524f986fe84aadc21d355b4d to remote] DEBUG org.apache.http.impl.conn.PoolingHttpClientConnectionManager - Connection leased: [id: 4][route: {}->http://localhost:5326][total kept alive: 4; route allocated: 1 of 2000; total allocated: 5 of 2000]
11:18:32.421 [Forwarding sendKeysToElement on session 56753d46524f986fe84aadc21d355b4d to remote] DEBUG org.apache.http.impl.execchain.MainClientExec - Stale connection check
11:18:32.423 [Forwarding sendKeysToElement on session 56753d46524f986fe84aadc21d355b4d to remote] DEBUG org.apache.http.wire - http-outgoing-4 << "[read] I/O error: Read timed out"
11:18:32.423 [Forwarding sendKeysToElement on session 56753d46524f986fe84aadc21d355b4d to remote] DEBUG org.apache.http.impl.conn.DefaultManagedHttpClientConnection - http-outgoing-4: set socket timeout to 10800000
11:18:32.423 [Forwarding sendKeysToElement on session 56753d46524f986fe84aadc21d355b4d to remote] DEBUG org.apache.http.impl.execchain.MainClientExec - Executing request POST /session/56753d46524f986fe84aadc21d355b4d/element/eb08e412-d77f-4ec7-abdb-ef1d11c768f6/value HTTP/1.1
11:18:32.423 [Forwarding sendKeysToElement on session 56753d46524f986fe84aadc21d355b4d to remote] DEBUG org.apache.http.impl.execchain.MainClientExec - Target auth state: UNCHALLENGED
11:18:32.423 [Forwarding sendKeysToElement on session 56753d46524f986fe84aadc21d355b4d to remote] DEBUG org.apache.http.impl.execchain.MainClientExec - Proxy auth state: UNCHALLENGED
11:18:32.423 [Forwarding sendKeysToElement on session 56753d46524f986fe84aadc21d355b4d to remote] DEBUG org.apache.http.headers - http-outgoing-4 >> POST /session/56753d46524f986fe84aadc21d355b4d/element/eb08e412-d77f-4ec7-abdb-ef1d11c768f6/value HTTP/1.1
11:18:32.423 [Forwarding sendKeysToElement on session 56753d46524f986fe84aadc21d355b4d to remote] DEBUG org.apache.http.headers - http-outgoing-4 >> Content-Type: application/json; charset=utf-8
11:18:32.423 [Forwarding sendKeysToElement on session 56753d46524f986fe84aadc21d355b4d to remote] DEBUG org.apache.http.headers - http-outgoing-4 >> Content-Length: 450
11:18:32.423 [Forwarding sendKeysToElement on session 56753d46524f986fe84aadc21d355b4d to remote] DEBUG org.apache.http.headers - http-outgoing-4 >> Host: localhost:5326
11:18:32.423 [Forwarding sendKeysToElement on session 56753d46524f986fe84aadc21d355b4d to remote] DEBUG org.apache.http.headers - http-outgoing-4 >> Connection: Keep-Alive
11:18:32.423 [Forwarding sendKeysToElement on session 56753d46524f986fe84aadc21d355b4d to remote] DEBUG org.apache.http.headers - http-outgoing-4 >> User-Agent: Apache-HttpClient/4.5.3 (Java/1.8.0_211)
11:18:32.423 [Forwarding sendKeysToElement on session 56753d46524f986fe84aadc21d355b4d to remote] DEBUG org.apache.http.headers - http-outgoing-4 >> Accept-Encoding: gzip,deflate
11:18:32.423 [Forwarding sendKeysToElement on session 56753d46524f986fe84aadc21d355b4d to remote] DEBUG org.apache.http.wire - http-outgoing-4 >> "POST /session/56753d46524f986fe84aadc21d355b4d/element/eb08e412-d77f-4ec7-abdb-ef1d11c768f6/value HTTP/1.1[\r][\n]"
11:18:32.423 [Forwarding sendKeysToElement on session 56753d46524f986fe84aadc21d355b4d to remote] DEBUG org.apache.http.wire - http-outgoing-4 >> "Content-Type: application/json; charset=utf-8[\r][\n]"
11:18:32.423 [Forwarding sendKeysToElement on session 56753d46524f986fe84aadc21d355b4d to remote] DEBUG org.apache.http.wire - http-outgoing-4 >> "Content-Length: 450[\r][\n]"
11:18:32.423 [Forwarding sendKeysToElement on session 56753d46524f986fe84aadc21d355b4d to remote] DEBUG org.apache.http.wire - http-outgoing-4 >> "Host: localhost:5326[\r][\n]"
11:18:32.423 [Forwarding sendKeysToElement on session 56753d46524f986fe84aadc21d355b4d to remote] DEBUG org.apache.http.wire - http-outgoing-4 >> "Connection: Keep-Alive[\r][\n]"
11:18:32.423 [Forwarding sendKeysToElement on session 56753d46524f986fe84aadc21d355b4d to remote] DEBUG org.apache.http.wire - http-outgoing-4 >> "User-Agent: Apache-HttpClient/4.5.3 (Java/1.8.0_211)[\r][\n]"
11:18:32.423 [Forwarding sendKeysToElement on session 56753d46524f986fe84aadc21d355b4d to remote] DEBUG org.apache.http.wire - http-outgoing-4 >> "Accept-Encoding: gzip,deflate[\r][\n]"
11:18:32.423 [Forwarding sendKeysToElement on session 56753d46524f986fe84aadc21d355b4d to remote] DEBUG org.apache.http.wire - http-outgoing-4 >> "[\r][\n]"
11:18:32.423 [Forwarding sendKeysToElement on session 56753d46524f986fe84aadc21d355b4d to remote] DEBUG org.apache.http.wire - http-outgoing-4 >> "{"id":"eb08e412-d77f-4ec7-abdb-ef1d11c768f6","text":"/Users/tron/.jenkins/workspace/Tronscan_AutoTest/src/test/resources/right.sol","value":["/","U","s","e","r","s","/","t","r","o","n","/",".","j","e","n","k","i","n","s","/","w","o","r","k","s","p","a","c","e","/","T","r","o","n","s","c","a","n","_","A","u","t","o","T","e","s","t","/","s","r","c","/","t","e","s","t","/","r","e","s","o","u","r","c","e","s","/","r","i","g","h","t",".","s","o","l"]}"
11:18:32.427 [Forwarding sendKeysToElement on session 56753d46524f986fe84aadc21d355b4d to remote] DEBUG org.apache.http.wire - http-outgoing-4 << "HTTP/1.1 400 Bad Request[\r][\n]"
11:18:32.428 [Forwarding sendKeysToElement on session 56753d46524f986fe84aadc21d355b4d to remote] DEBUG org.apache.http.wire - http-outgoing-4 << "Content-Length:1955[\r][\n]"
11:18:32.428 [Forwarding sendKeysToElement on session 56753d46524f986fe84aadc21d355b4d to remote] DEBUG org.apache.http.wire - http-outgoing-4 << "Content-Type:application/json; charset=utf-8[\r][\n]"
11:18:32.428 [Forwarding sendKeysToElement on session 56753d46524f986fe84aadc21d355b4d to remote] DEBUG org.apache.http.wire - http-outgoing-4 << "cache-control:no-cache[\r][\n]"
11:18:32.428 [Forwarding sendKeysToElement on session 56753d46524f986fe84aadc21d355b4d to remote] DEBUG org.apache.http.wire - http-outgoing-4 << "[\r][\n]"
11:18:32.428 [Forwarding sendKeysToElement on session 56753d46524f986fe84aadc21d355b4d to remote] DEBUG org.apache.http.wire - http-outgoing-4 << "{"value":{"error":"invalid argument","message":"invalid argument: File not found : /Users/tron/.jenkins/workspace/Tronscan_AutoTest/src/test/resources/right.sol\n  (Session info: headless chrome=80.0.3987.162)","stacktrace":"0   chromedriver                        0x0000000107551329 chromedriver + 3838761\n1   chromedriver                        0x00000001074eb123 chromedriver + 3420451\n2   chromedriver                        0x000000010725f62f chromedriver + 751151\n3   chromedriver                        0x00000001071c84e3 chromedriver + 132323\n4   chromedriver                        0x00000001071e9592 chromedriver + 267666\n5   chromedriver                        0x00000001071c53c6 chromedriver + 119750\n6   chromedriver                        0x00000001071e980e chromedriver + 268302\n7   chromedriver                        0x00000001071f638b chromedriver + 320395\n8   chromedriver                        0x00000001071e97b3 chromedriver + 268211\n9   chromedriver                        0x00000001071c30bd chromedriver + 110781\n10  chromedriver                        0x00000001071c4055 chromedriver + 114773\n11  chromedriver                        0x0000000107512ebf chromedriver + 3583679\n12  chromedriver                        0x000000010751fe4a chromedriver + 3636810\n13  chromedriver                        0x000000010751fbe7 chromedriver + 3636199\n14  chromedriver                        0x00000001074f6839 chromedriver + 3467321\n15  chromedriver                        0x0000000107520707 chromedriver + 3639047\n16  chromedriver                        0x0000000107508cc7 chromedriver + 3542215\n17  chromedriver                        0x0000000107536324 chromedriver + 3728164\n18  chromedriver                        0x0000000107557387 chromedriver + 3863431\n19  libsystem_pthread.dylib             0x00007fff7206ce65 _pthread_start + 148\n20  libsystem_pthread.dylib             0x00007fff7206883b thread_start + 15\n"}}"
11:18:32.428 [Forwarding sendKeysToElement on session 56753d46524f986fe84aadc21d355b4d to remote] DEBUG org.apache.http.headers - http-outgoing-4 << HTTP/1.1 400 Bad Request
11:18:32.428 [Forwarding sendKeysToElement on session 56753d46524f986fe84aadc21d355b4d to remote] DEBUG org.apache.http.headers - http-outgoing-4 << Content-Length:1955
11:18:32.428 [Forwarding sendKeysToElement on session 56753d46524f986fe84aadc21d355b4d to remote] DEBUG org.apache.http.headers - http-outgoing-4 << Content-Type:application/json; charset=utf-8
11:18:32.428 [Forwarding sendKeysToElement on session 56753d46524f986fe84aadc21d355b4d to remote] DEBUG org.apache.http.headers - http-outgoing-4 << cache-control:no-cache
11:18:32.428 [Forwarding sendKeysToElement on session 56753d46524f986fe84aadc21d355b4d to remote] DEBUG org.apache.http.impl.execchain.MainClientExec - Connection can be kept alive indefinitely
11:18:32.428 [Forwarding sendKeysToElement on session 56753d46524f986fe84aadc21d355b4d to remote] DEBUG org.apache.http.impl.conn.PoolingHttpClientConnectionManager - Connection [id: 4][route: {}->http://localhost:5326] can be kept alive indefinitely
11:18:32.428 [Forwarding sendKeysToElement on session 56753d46524f986fe84aadc21d355b4d to remote] DEBUG org.apache.http.impl.conn.PoolingHttpClientConnectionManager - Connection released: [id: 4][route: {}->http://localhost:5326][total kept alive: 5; route allocated: 1 of 2000; total allocated: 5 of 2000]
]]></system-out>
  <system-err><![CDATA[Starting ChromeDriver 80.0.3987.106 (f68069574609230cf9b635cd784cfb1bf81bb53a-refs/branch-heads/3987@{#882}) on port 37445
Only local connections are allowed.
Please protect ports used by ChromeDriver and related test frameworks to prevent access by malicious code.
[1585711077.071][WARNING]: FromSockAddr failed on netmask
四月 01, 2020 11:17:57 上午 org.openqa.selenium.remote.ProtocolHandshake createSession
信息: Detected dialect: W3C
[1585711077.821][SEVERE]: Timed out receiving message from renderer: 0.100
[1585711077.922][SEVERE]: Timed out receiving message from renderer: 0.100
[1585711078.033][SEVERE]: Timed out receiving message from renderer: 0.100
[1585711078.134][SEVERE]: Timed out receiving message from renderer: 0.100
[1585711078.236][SEVERE]: Timed out receiving message from renderer: 0.100
[1585711078.336][SEVERE]: Timed out receiving message from renderer: 0.100
[1585711078.438][SEVERE]: Timed out receiving message from renderer: 0.100
[1585711078.539][SEVERE]: Timed out receiving message from renderer: 0.100
[1585711078.641][SEVERE]: Timed out receiving message from renderer: 0.100
[1585711078.742][SEVERE]: Timed out receiving message from renderer: 0.100
[1585711078.979][SEVERE]: Timed out receiving message from renderer: 0.100
[1585711079.080][SEVERE]: Timed out receiving message from renderer: 0.100
[1585711079.274][SEVERE]: Timed out receiving message from renderer: 0.100
[1585711079.386][SEVERE]: Timed out receiving message from renderer: 0.100
[1585711079.488][SEVERE]: Timed out receiving message from renderer: 0.100
[1585711079.588][SEVERE]: Timed out receiving message from renderer: 0.100
[1585711079.690][SEVERE]: Timed out receiving message from renderer: 0.100
[1585711079.792][SEVERE]: Timed out receiving message from renderer: 0.100
[1585711083.062][SEVERE]: Timed out receiving message from renderer: 0.100
[1585711083.167][SEVERE]: Timed out receiving message from renderer: 0.100
[1585711092.128][SEVERE]: Timed out receiving message from renderer: 0.100
[1585711092.232][SEVERE]: Timed out receiving message from renderer: 0.100
[1585711101.160][SEVERE]: Timed out receiving message from renderer: 0.100
[1585711101.261][SEVERE]: Timed out receiving message from renderer: 0.100
[1585711110.677][SEVERE]: Timed out receiving message from renderer: 0.100
[1585711110.782][SEVERE]: Timed out receiving message from renderer: 0.100
]]></system-err>
</testsuite>
