<?xml version="1.0" encoding="UTF-8"?>
<testsuite name="tron.tronscan.tronscanUI.LoginTest" tests="1" skipped="0" failures="0" errors="0" timestamp="2020-04-01T03:22:57" hostname="zhukaideiMac.local" time="3.05">
  <properties/>
  <testcase name="testLogin" classname="tron.tronscan.tronscanUI.LoginTest" time="3.05"/>
  <system-out><![CDATA[11:22:54.553 [Forwarding newSession on session null to remote] DEBUG org.apache.http.client.protocol.RequestAddCookies - CookieSpec selected: default
11:22:54.553 [Forwarding newSession on session null to remote] DEBUG org.apache.http.client.protocol.RequestAuthCache - Auth cache not set in the context
11:22:54.553 [Forwarding newSession on session null to remote] DEBUG org.apache.http.impl.conn.PoolingHttpClientConnectionManager - Connection request: [route: {}->http://localhost:11166][total kept alive: 19; route allocated: 0 of 2000; total allocated: 19 of 2000]
11:22:54.553 [Forwarding newSession on session null to remote] DEBUG org.apache.http.impl.conn.PoolingHttpClientConnectionManager - Connection leased: [id: 19][route: {}->http://localhost:11166][total kept alive: 19; route allocated: 1 of 2000; total allocated: 20 of 2000]
11:22:54.553 [Forwarding newSession on session null to remote] DEBUG org.apache.http.impl.execchain.MainClientExec - Opening connection {}->http://localhost:11166
11:22:54.553 [Forwarding newSession on session null to remote] DEBUG org.apache.http.impl.conn.DefaultHttpClientConnectionOperator - Connecting to localhost/127.0.0.1:11166
11:22:54.553 [Forwarding newSession on session null to remote] DEBUG org.apache.http.impl.conn.DefaultHttpClientConnectionOperator - Connection established 127.0.0.1:53867<->127.0.0.1:11166
11:22:54.553 [Forwarding newSession on session null to remote] DEBUG org.apache.http.impl.conn.DefaultManagedHttpClientConnection - http-outgoing-19: set socket timeout to 10800000
11:22:54.553 [Forwarding newSession on session null to remote] DEBUG org.apache.http.impl.execchain.MainClientExec - Executing request POST /session HTTP/1.1
11:22:54.553 [Forwarding newSession on session null to remote] DEBUG org.apache.http.impl.execchain.MainClientExec - Target auth state: UNCHALLENGED
11:22:54.553 [Forwarding newSession on session null to remote] DEBUG org.apache.http.impl.execchain.MainClientExec - Proxy auth state: UNCHALLENGED
11:22:54.553 [Forwarding newSession on session null to remote] DEBUG org.apache.http.headers - http-outgoing-19 >> POST /session HTTP/1.1
11:22:54.553 [Forwarding newSession on session null to remote] DEBUG org.apache.http.headers - http-outgoing-19 >> Content-Type: application/json; charset=utf-8
11:22:54.553 [Forwarding newSession on session null to remote] DEBUG org.apache.http.headers - http-outgoing-19 >> Content-Length: 731
11:22:54.553 [Forwarding newSession on session null to remote] DEBUG org.apache.http.headers - http-outgoing-19 >> Host: localhost:11166
11:22:54.553 [Forwarding newSession on session null to remote] DEBUG org.apache.http.headers - http-outgoing-19 >> Connection: Keep-Alive
11:22:54.553 [Forwarding newSession on session null to remote] DEBUG org.apache.http.headers - http-outgoing-19 >> User-Agent: Apache-HttpClient/4.5.3 (Java/1.8.0_211)
11:22:54.553 [Forwarding newSession on session null to remote] DEBUG org.apache.http.headers - http-outgoing-19 >> Accept-Encoding: gzip,deflate
11:22:54.553 [Forwarding newSession on session null to remote] DEBUG org.apache.http.wire - http-outgoing-19 >> "POST /session HTTP/1.1[\r][\n]"
11:22:54.553 [Forwarding newSession on session null to remote] DEBUG org.apache.http.wire - http-outgoing-19 >> "Content-Type: application/json; charset=utf-8[\r][\n]"
11:22:54.553 [Forwarding newSession on session null to remote] DEBUG org.apache.http.wire - http-outgoing-19 >> "Content-Length: 731[\r][\n]"
11:22:54.553 [Forwarding newSession on session null to remote] DEBUG org.apache.http.wire - http-outgoing-19 >> "Host: localhost:11166[\r][\n]"
11:22:54.553 [Forwarding newSession on session null to remote] DEBUG org.apache.http.wire - http-outgoing-19 >> "Connection: Keep-Alive[\r][\n]"
11:22:54.553 [Forwarding newSession on session null to remote] DEBUG org.apache.http.wire - http-outgoing-19 >> "User-Agent: Apache-HttpClient/4.5.3 (Java/1.8.0_211)[\r][\n]"
11:22:54.553 [Forwarding newSession on session null to remote] DEBUG org.apache.http.wire - http-outgoing-19 >> "Accept-Encoding: gzip,deflate[\r][\n]"
11:22:54.553 [Forwarding newSession on session null to remote] DEBUG org.apache.http.wire - http-outgoing-19 >> "[\r][\n]"
11:22:54.553 [Forwarding newSession on session null to remote] DEBUG org.apache.http.wire - http-outgoing-19 >> "{[\n]"
11:22:54.553 [Forwarding newSession on session null to remote] DEBUG org.apache.http.wire - http-outgoing-19 >> "  "desiredCapabilities": {[\n]"
11:22:54.553 [Forwarding newSession on session null to remote] DEBUG org.apache.http.wire - http-outgoing-19 >> "    "browserName": "chrome",[\n]"
11:22:54.553 [Forwarding newSession on session null to remote] DEBUG org.apache.http.wire - http-outgoing-19 >> "    "goog:chromeOptions": {[\n]"
11:22:54.553 [Forwarding newSession on session null to remote] DEBUG org.apache.http.wire - http-outgoing-19 >> "      "args": [[\n]"
11:22:54.553 [Forwarding newSession on session null to remote] DEBUG org.apache.http.wire - http-outgoing-19 >> "        "--headless",[\n]"
11:22:54.553 [Forwarding newSession on session null to remote] DEBUG org.apache.http.wire - http-outgoing-19 >> "        "--disable-gpu"[\n]"
11:22:54.553 [Forwarding newSession on session null to remote] DEBUG org.apache.http.wire - http-outgoing-19 >> "      ],[\n]"
11:22:54.553 [Forwarding newSession on session null to remote] DEBUG org.apache.http.wire - http-outgoing-19 >> "      "extensions": [][\n]"
11:22:54.553 [Forwarding newSession on session null to remote] DEBUG org.apache.http.wire - http-outgoing-19 >> "    }[\n]"
11:22:54.553 [Forwarding newSession on session null to remote] DEBUG org.apache.http.wire - http-outgoing-19 >> "  },[\n]"
11:22:54.553 [Forwarding newSession on session null to remote] DEBUG org.apache.http.wire - http-outgoing-19 >> "  "requiredCapabilities": {},[\n]"
11:22:54.553 [Forwarding newSession on session null to remote] DEBUG org.apache.http.wire - http-outgoing-19 >> "  "capabilities": {[\n]"
11:22:54.553 [Forwarding newSession on session null to remote] DEBUG org.apache.http.wire - http-outgoing-19 >> "    "desiredCapabilities": {[\n]"
11:22:54.553 [Forwarding newSession on session null to remote] DEBUG org.apache.http.wire - http-outgoing-19 >> "      "browserName": "chrome",[\n]"
11:22:54.553 [Forwarding newSession on session null to remote] DEBUG org.apache.http.wire - http-outgoing-19 >> "      "goog:chromeOptions": {[\n]"
11:22:54.553 [Forwarding newSession on session null to remote] DEBUG org.apache.http.wire - http-outgoing-19 >> "        "args": [[\n]"
11:22:54.553 [Forwarding newSession on session null to remote] DEBUG org.apache.http.wire - http-outgoing-19 >> "          "--headless",[\n]"
11:22:54.553 [Forwarding newSession on session null to remote] DEBUG org.apache.http.wire - http-outgoing-19 >> "          "--disable-gpu"[\n]"
11:22:54.553 [Forwarding newSession on session null to remote] DEBUG org.apache.http.wire - http-outgoing-19 >> "        ],[\n]"
11:22:54.553 [Forwarding newSession on session null to remote] DEBUG org.apache.http.wire - http-outgoing-19 >> "        "extensions": [][\n]"
11:22:54.553 [Forwarding newSession on session null to remote] DEBUG org.apache.http.wire - http-outgoing-19 >> "      }[\n]"
11:22:54.553 [Forwarding newSession on session null to remote] DEBUG org.apache.http.wire - http-outgoing-19 >> "    },[\n]"
11:22:54.553 [Forwarding newSession on session null to remote] DEBUG org.apache.http.wire - http-outgoing-19 >> "    "requiredCapabilities": {},[\n]"
11:22:54.553 [Forwarding newSession on session null to remote] DEBUG org.apache.http.wire - http-outgoing-19 >> "    "alwaysMatch": {[\n]"
11:22:54.553 [Forwarding newSession on session null to remote] DEBUG org.apache.http.wire - http-outgoing-19 >> "      "goog:chromeOptions": {[\n]"
11:22:54.553 [Forwarding newSession on session null to remote] DEBUG org.apache.http.wire - http-outgoing-19 >> "        "args": [[\n]"
11:22:54.553 [Forwarding newSession on session null to remote] DEBUG org.apache.http.wire - http-outgoing-19 >> "          "--headless",[\n]"
11:22:54.553 [Forwarding newSession on session null to remote] DEBUG org.apache.http.wire - http-outgoing-19 >> "          "--disable-gpu"[\n]"
11:22:54.553 [Forwarding newSession on session null to remote] DEBUG org.apache.http.wire - http-outgoing-19 >> "        ],[\n]"
11:22:54.553 [Forwarding newSession on session null to remote] DEBUG org.apache.http.wire - http-outgoing-19 >> "        "extensions": [][\n]"
11:22:54.553 [Forwarding newSession on session null to remote] DEBUG org.apache.http.wire - http-outgoing-19 >> "      }[\n]"
11:22:54.553 [Forwarding newSession on session null to remote] DEBUG org.apache.http.wire - http-outgoing-19 >> "    },[\n]"
11:22:54.553 [Forwarding newSession on session null to remote] DEBUG org.apache.http.wire - http-outgoing-19 >> "    "firstMatch": [[\n]"
11:22:54.553 [Forwarding newSession on session null to remote] DEBUG org.apache.http.wire - http-outgoing-19 >> "      {[\n]"
11:22:54.553 [Forwarding newSession on session null to remote] DEBUG org.apache.http.wire - http-outgoing-19 >> "        "browserName": "chrome"[\n]"
11:22:54.553 [Forwarding newSession on session null to remote] DEBUG org.apache.http.wire - http-outgoing-19 >> "      }[\n]"
11:22:54.553 [Forwarding newSession on session null to remote] DEBUG org.apache.http.wire - http-outgoing-19 >> "    ][\n]"
11:22:54.553 [Forwarding newSession on session null to remote] DEBUG org.apache.http.wire - http-outgoing-19 >> "  }[\n]"
11:22:54.553 [Forwarding newSession on session null to remote] DEBUG org.apache.http.wire - http-outgoing-19 >> "}"
11:22:54.715 [Forwarding newSession on session null to remote] DEBUG org.apache.http.wire - http-outgoing-19 << "HTTP/1.1 200 OK[\r][\n]"
11:22:54.715 [Forwarding newSession on session null to remote] DEBUG org.apache.http.wire - http-outgoing-19 << "Content-Length:690[\r][\n]"
11:22:54.715 [Forwarding newSession on session null to remote] DEBUG org.apache.http.wire - http-outgoing-19 << "Content-Type:application/json; charset=utf-8[\r][\n]"
11:22:54.715 [Forwarding newSession on session null to remote] DEBUG org.apache.http.wire - http-outgoing-19 << "cache-control:no-cache[\r][\n]"
11:22:54.715 [Forwarding newSession on session null to remote] DEBUG org.apache.http.wire - http-outgoing-19 << "[\r][\n]"
11:22:54.715 [Forwarding newSession on session null to remote] DEBUG org.apache.http.wire - http-outgoing-19 << "{"value":{"capabilities":{"acceptInsecureCerts":false,"browserName":"chrome","browserVersion":"80.0.3987.162","chrome":{"chromedriverVersion":"80.0.3987.106 (f68069574609230cf9b635cd784cfb1bf81bb53a-refs/branch-heads/3987@{#882})","userDataDir":"/var/folders/fs/0qxrqb5x7zg5dtqrhc9t0clm0000gn/T/.com.google.Chrome.vhil8Y"},"goog:chromeOptions":{"debuggerAddress":"localhost:53868"},"networkConnectionEnabled":false,"pageLoadStrategy":"normal","platformName":"mac os x","proxy":{},"setWindowRect":true,"strictFileInteractability":false,"timeouts":{"implicit":0,"pageLoad":300000,"script":30000},"unhandledPromptBehavior":"dismiss and notify"},"sessionId":"77d9a8396d213ed7cdd54773e447e3f3"}}"
11:22:54.715 [Forwarding newSession on session null to remote] DEBUG org.apache.http.headers - http-outgoing-19 << HTTP/1.1 200 OK
11:22:54.715 [Forwarding newSession on session null to remote] DEBUG org.apache.http.headers - http-outgoing-19 << Content-Length:690
11:22:54.715 [Forwarding newSession on session null to remote] DEBUG org.apache.http.headers - http-outgoing-19 << Content-Type:application/json; charset=utf-8
11:22:54.715 [Forwarding newSession on session null to remote] DEBUG org.apache.http.headers - http-outgoing-19 << cache-control:no-cache
11:22:54.715 [Forwarding newSession on session null to remote] DEBUG org.apache.http.impl.execchain.MainClientExec - Connection can be kept alive indefinitely
11:22:54.715 [Forwarding newSession on session null to remote] DEBUG org.apache.http.impl.conn.PoolingHttpClientConnectionManager - Connection [id: 19][route: {}->http://localhost:11166] can be kept alive indefinitely
11:22:54.715 [Forwarding newSession on session null to remote] DEBUG org.apache.http.impl.conn.PoolingHttpClientConnectionManager - Connection released: [id: 19][route: {}->http://localhost:11166][total kept alive: 20; route allocated: 1 of 2000; total allocated: 20 of 2000]
11:22:54.717 [Forwarding get on session 77d9a8396d213ed7cdd54773e447e3f3 to remote] DEBUG org.apache.http.client.protocol.RequestAddCookies - CookieSpec selected: default
11:22:54.717 [Forwarding get on session 77d9a8396d213ed7cdd54773e447e3f3 to remote] DEBUG org.apache.http.client.protocol.RequestAuthCache - Auth cache not set in the context
11:22:54.717 [Forwarding get on session 77d9a8396d213ed7cdd54773e447e3f3 to remote] DEBUG org.apache.http.impl.conn.PoolingHttpClientConnectionManager - Connection request: [route: {}->http://localhost:11166][total kept alive: 20; route allocated: 1 of 2000; total allocated: 20 of 2000]
11:22:54.717 [Forwarding get on session 77d9a8396d213ed7cdd54773e447e3f3 to remote] DEBUG org.apache.http.impl.conn.PoolingHttpClientConnectionManager - Connection leased: [id: 19][route: {}->http://localhost:11166][total kept alive: 19; route allocated: 1 of 2000; total allocated: 20 of 2000]
11:22:54.717 [Forwarding get on session 77d9a8396d213ed7cdd54773e447e3f3 to remote] DEBUG org.apache.http.impl.execchain.MainClientExec - Stale connection check
11:22:54.719 [Forwarding get on session 77d9a8396d213ed7cdd54773e447e3f3 to remote] DEBUG org.apache.http.wire - http-outgoing-19 << "[read] I/O error: Read timed out"
11:22:54.719 [Forwarding get on session 77d9a8396d213ed7cdd54773e447e3f3 to remote] DEBUG org.apache.http.impl.conn.DefaultManagedHttpClientConnection - http-outgoing-19: set socket timeout to 10800000
11:22:54.719 [Forwarding get on session 77d9a8396d213ed7cdd54773e447e3f3 to remote] DEBUG org.apache.http.impl.execchain.MainClientExec - Executing request POST /session/77d9a8396d213ed7cdd54773e447e3f3/url HTTP/1.1
11:22:54.719 [Forwarding get on session 77d9a8396d213ed7cdd54773e447e3f3 to remote] DEBUG org.apache.http.impl.execchain.MainClientExec - Target auth state: UNCHALLENGED
11:22:54.719 [Forwarding get on session 77d9a8396d213ed7cdd54773e447e3f3 to remote] DEBUG org.apache.http.impl.execchain.MainClientExec - Proxy auth state: UNCHALLENGED
11:22:54.719 [Forwarding get on session 77d9a8396d213ed7cdd54773e447e3f3 to remote] DEBUG org.apache.http.headers - http-outgoing-19 >> POST /session/77d9a8396d213ed7cdd54773e447e3f3/url HTTP/1.1
11:22:54.719 [Forwarding get on session 77d9a8396d213ed7cdd54773e447e3f3 to remote] DEBUG org.apache.http.headers - http-outgoing-19 >> Content-Type: application/json; charset=utf-8
11:22:54.719 [Forwarding get on session 77d9a8396d213ed7cdd54773e447e3f3 to remote] DEBUG org.apache.http.headers - http-outgoing-19 >> Content-Length: 33
11:22:54.719 [Forwarding get on session 77d9a8396d213ed7cdd54773e447e3f3 to remote] DEBUG org.apache.http.headers - http-outgoing-19 >> Host: localhost:11166
11:22:54.719 [Forwarding get on session 77d9a8396d213ed7cdd54773e447e3f3 to remote] DEBUG org.apache.http.headers - http-outgoing-19 >> Connection: Keep-Alive
11:22:54.719 [Forwarding get on session 77d9a8396d213ed7cdd54773e447e3f3 to remote] DEBUG org.apache.http.headers - http-outgoing-19 >> User-Agent: Apache-HttpClient/4.5.3 (Java/1.8.0_211)
11:22:54.719 [Forwarding get on session 77d9a8396d213ed7cdd54773e447e3f3 to remote] DEBUG org.apache.http.headers - http-outgoing-19 >> Accept-Encoding: gzip,deflate
11:22:54.719 [Forwarding get on session 77d9a8396d213ed7cdd54773e447e3f3 to remote] DEBUG org.apache.http.wire - http-outgoing-19 >> "POST /session/77d9a8396d213ed7cdd54773e447e3f3/url HTTP/1.1[\r][\n]"
11:22:54.719 [Forwarding get on session 77d9a8396d213ed7cdd54773e447e3f3 to remote] DEBUG org.apache.http.wire - http-outgoing-19 >> "Content-Type: application/json; charset=utf-8[\r][\n]"
11:22:54.719 [Forwarding get on session 77d9a8396d213ed7cdd54773e447e3f3 to remote] DEBUG org.apache.http.wire - http-outgoing-19 >> "Content-Length: 33[\r][\n]"
11:22:54.719 [Forwarding get on session 77d9a8396d213ed7cdd54773e447e3f3 to remote] DEBUG org.apache.http.wire - http-outgoing-19 >> "Host: localhost:11166[\r][\n]"
11:22:54.719 [Forwarding get on session 77d9a8396d213ed7cdd54773e447e3f3 to remote] DEBUG org.apache.http.wire - http-outgoing-19 >> "Connection: Keep-Alive[\r][\n]"
11:22:54.719 [Forwarding get on session 77d9a8396d213ed7cdd54773e447e3f3 to remote] DEBUG org.apache.http.wire - http-outgoing-19 >> "User-Agent: Apache-HttpClient/4.5.3 (Java/1.8.0_211)[\r][\n]"
11:22:54.719 [Forwarding get on session 77d9a8396d213ed7cdd54773e447e3f3 to remote] DEBUG org.apache.http.wire - http-outgoing-19 >> "Accept-Encoding: gzip,deflate[\r][\n]"
11:22:54.719 [Forwarding get on session 77d9a8396d213ed7cdd54773e447e3f3 to remote] DEBUG org.apache.http.wire - http-outgoing-19 >> "[\r][\n]"
11:22:54.719 [Forwarding get on session 77d9a8396d213ed7cdd54773e447e3f3 to remote] DEBUG org.apache.http.wire - http-outgoing-19 >> "{"url":"https://tronscan.org/#/"}"
11:22:57.835 [Forwarding get on session 77d9a8396d213ed7cdd54773e447e3f3 to remote] DEBUG org.apache.http.wire - http-outgoing-19 << "HTTP/1.1 200 OK[\r][\n]"
11:22:57.835 [Forwarding get on session 77d9a8396d213ed7cdd54773e447e3f3 to remote] DEBUG org.apache.http.wire - http-outgoing-19 << "Content-Length:14[\r][\n]"
11:22:57.835 [Forwarding get on session 77d9a8396d213ed7cdd54773e447e3f3 to remote] DEBUG org.apache.http.wire - http-outgoing-19 << "Content-Type:application/json; charset=utf-8[\r][\n]"
11:22:57.835 [Forwarding get on session 77d9a8396d213ed7cdd54773e447e3f3 to remote] DEBUG org.apache.http.wire - http-outgoing-19 << "cache-control:no-cache[\r][\n]"
11:22:57.835 [Forwarding get on session 77d9a8396d213ed7cdd54773e447e3f3 to remote] DEBUG org.apache.http.wire - http-outgoing-19 << "[\r][\n]"
11:22:57.835 [Forwarding get on session 77d9a8396d213ed7cdd54773e447e3f3 to remote] DEBUG org.apache.http.wire - http-outgoing-19 << "{"value":null}"
11:22:57.835 [Forwarding get on session 77d9a8396d213ed7cdd54773e447e3f3 to remote] DEBUG org.apache.http.headers - http-outgoing-19 << HTTP/1.1 200 OK
11:22:57.835 [Forwarding get on session 77d9a8396d213ed7cdd54773e447e3f3 to remote] DEBUG org.apache.http.headers - http-outgoing-19 << Content-Length:14
11:22:57.835 [Forwarding get on session 77d9a8396d213ed7cdd54773e447e3f3 to remote] DEBUG org.apache.http.headers - http-outgoing-19 << Content-Type:application/json; charset=utf-8
11:22:57.835 [Forwarding get on session 77d9a8396d213ed7cdd54773e447e3f3 to remote] DEBUG org.apache.http.headers - http-outgoing-19 << cache-control:no-cache
11:22:57.835 [Forwarding get on session 77d9a8396d213ed7cdd54773e447e3f3 to remote] DEBUG org.apache.http.impl.execchain.MainClientExec - Connection can be kept alive indefinitely
11:22:57.835 [Forwarding get on session 77d9a8396d213ed7cdd54773e447e3f3 to remote] DEBUG org.apache.http.impl.conn.PoolingHttpClientConnectionManager - Connection [id: 19][route: {}->http://localhost:11166] can be kept alive indefinitely
11:22:57.835 [Forwarding get on session 77d9a8396d213ed7cdd54773e447e3f3 to remote] DEBUG org.apache.http.impl.conn.PoolingHttpClientConnectionManager - Connection released: [id: 19][route: {}->http://localhost:11166][total kept alive: 20; route allocated: 1 of 2000; total allocated: 20 of 2000]
成功打开谷歌浏览器！
11:22:57.836 [Forwarding setTimeout on session 77d9a8396d213ed7cdd54773e447e3f3 to remote] DEBUG org.apache.http.client.protocol.RequestAddCookies - CookieSpec selected: default
11:22:57.836 [Forwarding setTimeout on session 77d9a8396d213ed7cdd54773e447e3f3 to remote] DEBUG org.apache.http.client.protocol.RequestAuthCache - Auth cache not set in the context
11:22:57.836 [Forwarding setTimeout on session 77d9a8396d213ed7cdd54773e447e3f3 to remote] DEBUG org.apache.http.impl.conn.PoolingHttpClientConnectionManager - Connection request: [route: {}->http://localhost:11166][total kept alive: 20; route allocated: 1 of 2000; total allocated: 20 of 2000]
11:22:57.836 [Forwarding setTimeout on session 77d9a8396d213ed7cdd54773e447e3f3 to remote] DEBUG org.apache.http.impl.conn.PoolingHttpClientConnectionManager - Connection leased: [id: 19][route: {}->http://localhost:11166][total kept alive: 19; route allocated: 1 of 2000; total allocated: 20 of 2000]
11:22:57.836 [Forwarding setTimeout on session 77d9a8396d213ed7cdd54773e447e3f3 to remote] DEBUG org.apache.http.impl.execchain.MainClientExec - Stale connection check
11:22:57.837 [Forwarding setTimeout on session 77d9a8396d213ed7cdd54773e447e3f3 to remote] DEBUG org.apache.http.wire - http-outgoing-19 << "[read] I/O error: Read timed out"
11:22:57.837 [Forwarding setTimeout on session 77d9a8396d213ed7cdd54773e447e3f3 to remote] DEBUG org.apache.http.impl.conn.DefaultManagedHttpClientConnection - http-outgoing-19: set socket timeout to 10800000
11:22:57.837 [Forwarding setTimeout on session 77d9a8396d213ed7cdd54773e447e3f3 to remote] DEBUG org.apache.http.impl.execchain.MainClientExec - Executing request POST /session/77d9a8396d213ed7cdd54773e447e3f3/timeouts HTTP/1.1
11:22:57.837 [Forwarding setTimeout on session 77d9a8396d213ed7cdd54773e447e3f3 to remote] DEBUG org.apache.http.impl.execchain.MainClientExec - Target auth state: UNCHALLENGED
11:22:57.837 [Forwarding setTimeout on session 77d9a8396d213ed7cdd54773e447e3f3 to remote] DEBUG org.apache.http.impl.execchain.MainClientExec - Proxy auth state: UNCHALLENGED
11:22:57.837 [Forwarding setTimeout on session 77d9a8396d213ed7cdd54773e447e3f3 to remote] DEBUG org.apache.http.headers - http-outgoing-19 >> POST /session/77d9a8396d213ed7cdd54773e447e3f3/timeouts HTTP/1.1
11:22:57.837 [Forwarding setTimeout on session 77d9a8396d213ed7cdd54773e447e3f3 to remote] DEBUG org.apache.http.headers - http-outgoing-19 >> Content-Type: application/json; charset=utf-8
11:22:57.837 [Forwarding setTimeout on session 77d9a8396d213ed7cdd54773e447e3f3 to remote] DEBUG org.apache.http.headers - http-outgoing-19 >> Content-Length: 18
11:22:57.837 [Forwarding setTimeout on session 77d9a8396d213ed7cdd54773e447e3f3 to remote] DEBUG org.apache.http.headers - http-outgoing-19 >> Host: localhost:11166
11:22:57.837 [Forwarding setTimeout on session 77d9a8396d213ed7cdd54773e447e3f3 to remote] DEBUG org.apache.http.headers - http-outgoing-19 >> Connection: Keep-Alive
11:22:57.837 [Forwarding setTimeout on session 77d9a8396d213ed7cdd54773e447e3f3 to remote] DEBUG org.apache.http.headers - http-outgoing-19 >> User-Agent: Apache-HttpClient/4.5.3 (Java/1.8.0_211)
11:22:57.837 [Forwarding setTimeout on session 77d9a8396d213ed7cdd54773e447e3f3 to remote] DEBUG org.apache.http.headers - http-outgoing-19 >> Accept-Encoding: gzip,deflate
11:22:57.837 [Forwarding setTimeout on session 77d9a8396d213ed7cdd54773e447e3f3 to remote] DEBUG org.apache.http.wire - http-outgoing-19 >> "POST /session/77d9a8396d213ed7cdd54773e447e3f3/timeouts HTTP/1.1[\r][\n]"
11:22:57.837 [Forwarding setTimeout on session 77d9a8396d213ed7cdd54773e447e3f3 to remote] DEBUG org.apache.http.wire - http-outgoing-19 >> "Content-Type: application/json; charset=utf-8[\r][\n]"
11:22:57.837 [Forwarding setTimeout on session 77d9a8396d213ed7cdd54773e447e3f3 to remote] DEBUG org.apache.http.wire - http-outgoing-19 >> "Content-Length: 18[\r][\n]"
11:22:57.837 [Forwarding setTimeout on session 77d9a8396d213ed7cdd54773e447e3f3 to remote] DEBUG org.apache.http.wire - http-outgoing-19 >> "Host: localhost:11166[\r][\n]"
11:22:57.837 [Forwarding setTimeout on session 77d9a8396d213ed7cdd54773e447e3f3 to remote] DEBUG org.apache.http.wire - http-outgoing-19 >> "Connection: Keep-Alive[\r][\n]"
11:22:57.837 [Forwarding setTimeout on session 77d9a8396d213ed7cdd54773e447e3f3 to remote] DEBUG org.apache.http.wire - http-outgoing-19 >> "User-Agent: Apache-HttpClient/4.5.3 (Java/1.8.0_211)[\r][\n]"
11:22:57.837 [Forwarding setTimeout on session 77d9a8396d213ed7cdd54773e447e3f3 to remote] DEBUG org.apache.http.wire - http-outgoing-19 >> "Accept-Encoding: gzip,deflate[\r][\n]"
11:22:57.837 [Forwarding setTimeout on session 77d9a8396d213ed7cdd54773e447e3f3 to remote] DEBUG org.apache.http.wire - http-outgoing-19 >> "[\r][\n]"
11:22:57.837 [Forwarding setTimeout on session 77d9a8396d213ed7cdd54773e447e3f3 to remote] DEBUG org.apache.http.wire - http-outgoing-19 >> "{"implicit":10000}"
11:22:57.837 [Forwarding setTimeout on session 77d9a8396d213ed7cdd54773e447e3f3 to remote] DEBUG org.apache.http.wire - http-outgoing-19 << "HTTP/1.1 200 OK[\r][\n]"
11:22:57.837 [Forwarding setTimeout on session 77d9a8396d213ed7cdd54773e447e3f3 to remote] DEBUG org.apache.http.wire - http-outgoing-19 << "Content-Length:14[\r][\n]"
11:22:57.837 [Forwarding setTimeout on session 77d9a8396d213ed7cdd54773e447e3f3 to remote] DEBUG org.apache.http.wire - http-outgoing-19 << "Content-Type:application/json; charset=utf-8[\r][\n]"
11:22:57.837 [Forwarding setTimeout on session 77d9a8396d213ed7cdd54773e447e3f3 to remote] DEBUG org.apache.http.wire - http-outgoing-19 << "cache-control:no-cache[\r][\n]"
11:22:57.837 [Forwarding setTimeout on session 77d9a8396d213ed7cdd54773e447e3f3 to remote] DEBUG org.apache.http.wire - http-outgoing-19 << "[\r][\n]"
11:22:57.837 [Forwarding setTimeout on session 77d9a8396d213ed7cdd54773e447e3f3 to remote] DEBUG org.apache.http.wire - http-outgoing-19 << "{"value":null}"
11:22:57.837 [Forwarding setTimeout on session 77d9a8396d213ed7cdd54773e447e3f3 to remote] DEBUG org.apache.http.headers - http-outgoing-19 << HTTP/1.1 200 OK
11:22:57.837 [Forwarding setTimeout on session 77d9a8396d213ed7cdd54773e447e3f3 to remote] DEBUG org.apache.http.headers - http-outgoing-19 << Content-Length:14
11:22:57.837 [Forwarding setTimeout on session 77d9a8396d213ed7cdd54773e447e3f3 to remote] DEBUG org.apache.http.headers - http-outgoing-19 << Content-Type:application/json; charset=utf-8
11:22:57.837 [Forwarding setTimeout on session 77d9a8396d213ed7cdd54773e447e3f3 to remote] DEBUG org.apache.http.headers - http-outgoing-19 << cache-control:no-cache
11:22:57.837 [Forwarding setTimeout on session 77d9a8396d213ed7cdd54773e447e3f3 to remote] DEBUG org.apache.http.impl.execchain.MainClientExec - Connection can be kept alive indefinitely
11:22:57.837 [Forwarding setTimeout on session 77d9a8396d213ed7cdd54773e447e3f3 to remote] DEBUG org.apache.http.impl.conn.PoolingHttpClientConnectionManager - Connection [id: 19][route: {}->http://localhost:11166] can be kept alive indefinitely
11:22:57.837 [Forwarding setTimeout on session 77d9a8396d213ed7cdd54773e447e3f3 to remote] DEBUG org.apache.http.impl.conn.PoolingHttpClientConnectionManager - Connection released: [id: 19][route: {}->http://localhost:11166][total kept alive: 20; route allocated: 1 of 2000; total allocated: 20 of 2000]
LOGIN
11:22:57.838 [Forwarding setCurrentWindowSize on session 77d9a8396d213ed7cdd54773e447e3f3 to remote] DEBUG org.apache.http.client.protocol.RequestAddCookies - CookieSpec selected: default
11:22:57.838 [Forwarding setCurrentWindowSize on session 77d9a8396d213ed7cdd54773e447e3f3 to remote] DEBUG org.apache.http.client.protocol.RequestAuthCache - Auth cache not set in the context
11:22:57.838 [Forwarding setCurrentWindowSize on session 77d9a8396d213ed7cdd54773e447e3f3 to remote] DEBUG org.apache.http.impl.conn.PoolingHttpClientConnectionManager - Connection request: [route: {}->http://localhost:11166][total kept alive: 20; route allocated: 1 of 2000; total allocated: 20 of 2000]
11:22:57.838 [Forwarding setCurrentWindowSize on session 77d9a8396d213ed7cdd54773e447e3f3 to remote] DEBUG org.apache.http.impl.conn.PoolingHttpClientConnectionManager - Connection leased: [id: 19][route: {}->http://localhost:11166][total kept alive: 19; route allocated: 1 of 2000; total allocated: 20 of 2000]
11:22:57.838 [Forwarding setCurrentWindowSize on session 77d9a8396d213ed7cdd54773e447e3f3 to remote] DEBUG org.apache.http.impl.execchain.MainClientExec - Stale connection check
11:22:57.839 [Forwarding setCurrentWindowSize on session 77d9a8396d213ed7cdd54773e447e3f3 to remote] DEBUG org.apache.http.wire - http-outgoing-19 << "[read] I/O error: Read timed out"
11:22:57.839 [Forwarding setCurrentWindowSize on session 77d9a8396d213ed7cdd54773e447e3f3 to remote] DEBUG org.apache.http.impl.conn.DefaultManagedHttpClientConnection - http-outgoing-19: set socket timeout to 10800000
11:22:57.839 [Forwarding setCurrentWindowSize on session 77d9a8396d213ed7cdd54773e447e3f3 to remote] DEBUG org.apache.http.impl.execchain.MainClientExec - Executing request POST /session/77d9a8396d213ed7cdd54773e447e3f3/window/rect HTTP/1.1
11:22:57.839 [Forwarding setCurrentWindowSize on session 77d9a8396d213ed7cdd54773e447e3f3 to remote] DEBUG org.apache.http.impl.execchain.MainClientExec - Target auth state: UNCHALLENGED
11:22:57.839 [Forwarding setCurrentWindowSize on session 77d9a8396d213ed7cdd54773e447e3f3 to remote] DEBUG org.apache.http.impl.execchain.MainClientExec - Proxy auth state: UNCHALLENGED
11:22:57.839 [Forwarding setCurrentWindowSize on session 77d9a8396d213ed7cdd54773e447e3f3 to remote] DEBUG org.apache.http.headers - http-outgoing-19 >> POST /session/77d9a8396d213ed7cdd54773e447e3f3/window/rect HTTP/1.1
11:22:57.839 [Forwarding setCurrentWindowSize on session 77d9a8396d213ed7cdd54773e447e3f3 to remote] DEBUG org.apache.http.headers - http-outgoing-19 >> Content-Type: application/json; charset=utf-8
11:22:57.839 [Forwarding setCurrentWindowSize on session 77d9a8396d213ed7cdd54773e447e3f3 to remote] DEBUG org.apache.http.headers - http-outgoing-19 >> Content-Length: 28
11:22:57.839 [Forwarding setCurrentWindowSize on session 77d9a8396d213ed7cdd54773e447e3f3 to remote] DEBUG org.apache.http.headers - http-outgoing-19 >> Host: localhost:11166
11:22:57.839 [Forwarding setCurrentWindowSize on session 77d9a8396d213ed7cdd54773e447e3f3 to remote] DEBUG org.apache.http.headers - http-outgoing-19 >> Connection: Keep-Alive
11:22:57.839 [Forwarding setCurrentWindowSize on session 77d9a8396d213ed7cdd54773e447e3f3 to remote] DEBUG org.apache.http.headers - http-outgoing-19 >> User-Agent: Apache-HttpClient/4.5.3 (Java/1.8.0_211)
11:22:57.839 [Forwarding setCurrentWindowSize on session 77d9a8396d213ed7cdd54773e447e3f3 to remote] DEBUG org.apache.http.headers - http-outgoing-19 >> Accept-Encoding: gzip,deflate
11:22:57.839 [Forwarding setCurrentWindowSize on session 77d9a8396d213ed7cdd54773e447e3f3 to remote] DEBUG org.apache.http.wire - http-outgoing-19 >> "POST /session/77d9a8396d213ed7cdd54773e447e3f3/window/rect HTTP/1.1[\r][\n]"
11:22:57.839 [Forwarding setCurrentWindowSize on session 77d9a8396d213ed7cdd54773e447e3f3 to remote] DEBUG org.apache.http.wire - http-outgoing-19 >> "Content-Type: application/json; charset=utf-8[\r][\n]"
11:22:57.839 [Forwarding setCurrentWindowSize on session 77d9a8396d213ed7cdd54773e447e3f3 to remote] DEBUG org.apache.http.wire - http-outgoing-19 >> "Content-Length: 28[\r][\n]"
11:22:57.839 [Forwarding setCurrentWindowSize on session 77d9a8396d213ed7cdd54773e447e3f3 to remote] DEBUG org.apache.http.wire - http-outgoing-19 >> "Host: localhost:11166[\r][\n]"
11:22:57.839 [Forwarding setCurrentWindowSize on session 77d9a8396d213ed7cdd54773e447e3f3 to remote] DEBUG org.apache.http.wire - http-outgoing-19 >> "Connection: Keep-Alive[\r][\n]"
11:22:57.839 [Forwarding setCurrentWindowSize on session 77d9a8396d213ed7cdd54773e447e3f3 to remote] DEBUG org.apache.http.wire - http-outgoing-19 >> "User-Agent: Apache-HttpClient/4.5.3 (Java/1.8.0_211)[\r][\n]"
11:22:57.839 [Forwarding setCurrentWindowSize on session 77d9a8396d213ed7cdd54773e447e3f3 to remote] DEBUG org.apache.http.wire - http-outgoing-19 >> "Accept-Encoding: gzip,deflate[\r][\n]"
11:22:57.839 [Forwarding setCurrentWindowSize on session 77d9a8396d213ed7cdd54773e447e3f3 to remote] DEBUG org.apache.http.wire - http-outgoing-19 >> "[\r][\n]"
11:22:57.839 [Forwarding setCurrentWindowSize on session 77d9a8396d213ed7cdd54773e447e3f3 to remote] DEBUG org.apache.http.wire - http-outgoing-19 >> "{"width":2560,"height":1440}"
11:22:57.984 [Forwarding setCurrentWindowSize on session 77d9a8396d213ed7cdd54773e447e3f3 to remote] DEBUG org.apache.http.wire - http-outgoing-19 << "HTTP/1.1 200 OK[\r][\n]"
11:22:57.984 [Forwarding setCurrentWindowSize on session 77d9a8396d213ed7cdd54773e447e3f3 to remote] DEBUG org.apache.http.wire - http-outgoing-19 << "Content-Length:50[\r][\n]"
11:22:57.984 [Forwarding setCurrentWindowSize on session 77d9a8396d213ed7cdd54773e447e3f3 to remote] DEBUG org.apache.http.wire - http-outgoing-19 << "Content-Type:application/json; charset=utf-8[\r][\n]"
11:22:57.984 [Forwarding setCurrentWindowSize on session 77d9a8396d213ed7cdd54773e447e3f3 to remote] DEBUG org.apache.http.wire - http-outgoing-19 << "cache-control:no-cache[\r][\n]"
11:22:57.984 [Forwarding setCurrentWindowSize on session 77d9a8396d213ed7cdd54773e447e3f3 to remote] DEBUG org.apache.http.wire - http-outgoing-19 << "[\r][\n]"
11:22:57.984 [Forwarding setCurrentWindowSize on session 77d9a8396d213ed7cdd54773e447e3f3 to remote] DEBUG org.apache.http.wire - http-outgoing-19 << "{"value":{"height":1440,"width":2560,"x":0,"y":0}}"
11:22:57.984 [Forwarding setCurrentWindowSize on session 77d9a8396d213ed7cdd54773e447e3f3 to remote] DEBUG org.apache.http.headers - http-outgoing-19 << HTTP/1.1 200 OK
11:22:57.984 [Forwarding setCurrentWindowSize on session 77d9a8396d213ed7cdd54773e447e3f3 to remote] DEBUG org.apache.http.headers - http-outgoing-19 << Content-Length:50
11:22:57.984 [Forwarding setCurrentWindowSize on session 77d9a8396d213ed7cdd54773e447e3f3 to remote] DEBUG org.apache.http.headers - http-outgoing-19 << Content-Type:application/json; charset=utf-8
11:22:57.984 [Forwarding setCurrentWindowSize on session 77d9a8396d213ed7cdd54773e447e3f3 to remote] DEBUG org.apache.http.headers - http-outgoing-19 << cache-control:no-cache
11:22:57.984 [Forwarding setCurrentWindowSize on session 77d9a8396d213ed7cdd54773e447e3f3 to remote] DEBUG org.apache.http.impl.execchain.MainClientExec - Connection can be kept alive indefinitely
11:22:57.984 [Forwarding setCurrentWindowSize on session 77d9a8396d213ed7cdd54773e447e3f3 to remote] DEBUG org.apache.http.impl.conn.PoolingHttpClientConnectionManager - Connection [id: 19][route: {}->http://localhost:11166] can be kept alive indefinitely
11:22:57.984 [Forwarding setCurrentWindowSize on session 77d9a8396d213ed7cdd54773e447e3f3 to remote] DEBUG org.apache.http.impl.conn.PoolingHttpClientConnectionManager - Connection released: [id: 19][route: {}->http://localhost:11166][total kept alive: 20; route allocated: 1 of 2000; total allocated: 20 of 2000]
11:22:58.185 [Forwarding findElement on session 77d9a8396d213ed7cdd54773e447e3f3 to remote] DEBUG org.apache.http.client.protocol.RequestAddCookies - CookieSpec selected: default
11:22:58.185 [Forwarding findElement on session 77d9a8396d213ed7cdd54773e447e3f3 to remote] DEBUG org.apache.http.client.protocol.RequestAuthCache - Auth cache not set in the context
11:22:58.185 [Forwarding findElement on session 77d9a8396d213ed7cdd54773e447e3f3 to remote] DEBUG org.apache.http.impl.conn.PoolingHttpClientConnectionManager - Connection request: [route: {}->http://localhost:11166][total kept alive: 20; route allocated: 1 of 2000; total allocated: 20 of 2000]
11:22:58.185 [Forwarding findElement on session 77d9a8396d213ed7cdd54773e447e3f3 to remote] DEBUG org.apache.http.impl.conn.PoolingHttpClientConnectionManager - Connection leased: [id: 19][route: {}->http://localhost:11166][total kept alive: 19; route allocated: 1 of 2000; total allocated: 20 of 2000]
11:22:58.185 [Forwarding findElement on session 77d9a8396d213ed7cdd54773e447e3f3 to remote] DEBUG org.apache.http.impl.execchain.MainClientExec - Stale connection check
11:22:58.186 [Forwarding findElement on session 77d9a8396d213ed7cdd54773e447e3f3 to remote] DEBUG org.apache.http.wire - http-outgoing-19 << "[read] I/O error: Read timed out"
11:22:58.186 [Forwarding findElement on session 77d9a8396d213ed7cdd54773e447e3f3 to remote] DEBUG org.apache.http.impl.conn.DefaultManagedHttpClientConnection - http-outgoing-19: set socket timeout to 10800000
11:22:58.186 [Forwarding findElement on session 77d9a8396d213ed7cdd54773e447e3f3 to remote] DEBUG org.apache.http.impl.execchain.MainClientExec - Executing request POST /session/77d9a8396d213ed7cdd54773e447e3f3/element HTTP/1.1
11:22:58.186 [Forwarding findElement on session 77d9a8396d213ed7cdd54773e447e3f3 to remote] DEBUG org.apache.http.impl.execchain.MainClientExec - Target auth state: UNCHALLENGED
11:22:58.186 [Forwarding findElement on session 77d9a8396d213ed7cdd54773e447e3f3 to remote] DEBUG org.apache.http.impl.execchain.MainClientExec - Proxy auth state: UNCHALLENGED
11:22:58.186 [Forwarding findElement on session 77d9a8396d213ed7cdd54773e447e3f3 to remote] DEBUG org.apache.http.headers - http-outgoing-19 >> POST /session/77d9a8396d213ed7cdd54773e447e3f3/element HTTP/1.1
11:22:58.186 [Forwarding findElement on session 77d9a8396d213ed7cdd54773e447e3f3 to remote] DEBUG org.apache.http.headers - http-outgoing-19 >> Content-Type: application/json; charset=utf-8
11:22:58.186 [Forwarding findElement on session 77d9a8396d213ed7cdd54773e447e3f3 to remote] DEBUG org.apache.http.headers - http-outgoing-19 >> Content-Length: 58
11:22:58.186 [Forwarding findElement on session 77d9a8396d213ed7cdd54773e447e3f3 to remote] DEBUG org.apache.http.headers - http-outgoing-19 >> Host: localhost:11166
11:22:58.186 [Forwarding findElement on session 77d9a8396d213ed7cdd54773e447e3f3 to remote] DEBUG org.apache.http.headers - http-outgoing-19 >> Connection: Keep-Alive
11:22:58.186 [Forwarding findElement on session 77d9a8396d213ed7cdd54773e447e3f3 to remote] DEBUG org.apache.http.headers - http-outgoing-19 >> User-Agent: Apache-HttpClient/4.5.3 (Java/1.8.0_211)
11:22:58.186 [Forwarding findElement on session 77d9a8396d213ed7cdd54773e447e3f3 to remote] DEBUG org.apache.http.headers - http-outgoing-19 >> Accept-Encoding: gzip,deflate
11:22:58.186 [Forwarding findElement on session 77d9a8396d213ed7cdd54773e447e3f3 to remote] DEBUG org.apache.http.wire - http-outgoing-19 >> "POST /session/77d9a8396d213ed7cdd54773e447e3f3/element HTTP/1.1[\r][\n]"
11:22:58.186 [Forwarding findElement on session 77d9a8396d213ed7cdd54773e447e3f3 to remote] DEBUG org.apache.http.wire - http-outgoing-19 >> "Content-Type: application/json; charset=utf-8[\r][\n]"
11:22:58.186 [Forwarding findElement on session 77d9a8396d213ed7cdd54773e447e3f3 to remote] DEBUG org.apache.http.wire - http-outgoing-19 >> "Content-Length: 58[\r][\n]"
11:22:58.186 [Forwarding findElement on session 77d9a8396d213ed7cdd54773e447e3f3 to remote] DEBUG org.apache.http.wire - http-outgoing-19 >> "Host: localhost:11166[\r][\n]"
11:22:58.186 [Forwarding findElement on session 77d9a8396d213ed7cdd54773e447e3f3 to remote] DEBUG org.apache.http.wire - http-outgoing-19 >> "Connection: Keep-Alive[\r][\n]"
11:22:58.186 [Forwarding findElement on session 77d9a8396d213ed7cdd54773e447e3f3 to remote] DEBUG org.apache.http.wire - http-outgoing-19 >> "User-Agent: Apache-HttpClient/4.5.3 (Java/1.8.0_211)[\r][\n]"
11:22:58.186 [Forwarding findElement on session 77d9a8396d213ed7cdd54773e447e3f3 to remote] DEBUG org.apache.http.wire - http-outgoing-19 >> "Accept-Encoding: gzip,deflate[\r][\n]"
11:22:58.186 [Forwarding findElement on session 77d9a8396d213ed7cdd54773e447e3f3 to remote] DEBUG org.apache.http.wire - http-outgoing-19 >> "[\r][\n]"
11:22:58.186 [Forwarding findElement on session 77d9a8396d213ed7cdd54773e447e3f3 to remote] DEBUG org.apache.http.wire - http-outgoing-19 >> "{"value":".dropdown-toggle > span","using":"css selector"}"
11:22:58.194 [Forwarding findElement on session 77d9a8396d213ed7cdd54773e447e3f3 to remote] DEBUG org.apache.http.wire - http-outgoing-19 << "HTTP/1.1 200 OK[\r][\n]"
11:22:58.194 [Forwarding findElement on session 77d9a8396d213ed7cdd54773e447e3f3 to remote] DEBUG org.apache.http.wire - http-outgoing-19 << "Content-Length:88[\r][\n]"
11:22:58.194 [Forwarding findElement on session 77d9a8396d213ed7cdd54773e447e3f3 to remote] DEBUG org.apache.http.wire - http-outgoing-19 << "Content-Type:application/json; charset=utf-8[\r][\n]"
11:22:58.194 [Forwarding findElement on session 77d9a8396d213ed7cdd54773e447e3f3 to remote] DEBUG org.apache.http.wire - http-outgoing-19 << "cache-control:no-cache[\r][\n]"
11:22:58.194 [Forwarding findElement on session 77d9a8396d213ed7cdd54773e447e3f3 to remote] DEBUG org.apache.http.wire - http-outgoing-19 << "[\r][\n]"
11:22:58.194 [Forwarding findElement on session 77d9a8396d213ed7cdd54773e447e3f3 to remote] DEBUG org.apache.http.wire - http-outgoing-19 << "{"value":{"element-6066-11e4-a52e-4f735466cecf":"c15ca3e2-ecdb-40f1-aa6b-a07fe3b7a7c5"}}"
11:22:58.194 [Forwarding findElement on session 77d9a8396d213ed7cdd54773e447e3f3 to remote] DEBUG org.apache.http.headers - http-outgoing-19 << HTTP/1.1 200 OK
11:22:58.194 [Forwarding findElement on session 77d9a8396d213ed7cdd54773e447e3f3 to remote] DEBUG org.apache.http.headers - http-outgoing-19 << Content-Length:88
11:22:58.194 [Forwarding findElement on session 77d9a8396d213ed7cdd54773e447e3f3 to remote] DEBUG org.apache.http.headers - http-outgoing-19 << Content-Type:application/json; charset=utf-8
11:22:58.194 [Forwarding findElement on session 77d9a8396d213ed7cdd54773e447e3f3 to remote] DEBUG org.apache.http.headers - http-outgoing-19 << cache-control:no-cache
11:22:58.194 [Forwarding findElement on session 77d9a8396d213ed7cdd54773e447e3f3 to remote] DEBUG org.apache.http.impl.execchain.MainClientExec - Connection can be kept alive indefinitely
11:22:58.194 [Forwarding findElement on session 77d9a8396d213ed7cdd54773e447e3f3 to remote] DEBUG org.apache.http.impl.conn.PoolingHttpClientConnectionManager - Connection [id: 19][route: {}->http://localhost:11166] can be kept alive indefinitely
11:22:58.194 [Forwarding findElement on session 77d9a8396d213ed7cdd54773e447e3f3 to remote] DEBUG org.apache.http.impl.conn.PoolingHttpClientConnectionManager - Connection released: [id: 19][route: {}->http://localhost:11166][total kept alive: 20; route allocated: 1 of 2000; total allocated: 20 of 2000]
11:22:58.195 [Forwarding actions on session 77d9a8396d213ed7cdd54773e447e3f3 to remote] DEBUG org.apache.http.client.protocol.RequestAddCookies - CookieSpec selected: default
11:22:58.195 [Forwarding actions on session 77d9a8396d213ed7cdd54773e447e3f3 to remote] DEBUG org.apache.http.client.protocol.RequestAuthCache - Auth cache not set in the context
11:22:58.195 [Forwarding actions on session 77d9a8396d213ed7cdd54773e447e3f3 to remote] DEBUG org.apache.http.impl.conn.PoolingHttpClientConnectionManager - Connection request: [route: {}->http://localhost:11166][total kept alive: 20; route allocated: 1 of 2000; total allocated: 20 of 2000]
11:22:58.195 [Forwarding actions on session 77d9a8396d213ed7cdd54773e447e3f3 to remote] DEBUG org.apache.http.impl.conn.PoolingHttpClientConnectionManager - Connection leased: [id: 19][route: {}->http://localhost:11166][total kept alive: 19; route allocated: 1 of 2000; total allocated: 20 of 2000]
11:22:58.195 [Forwarding actions on session 77d9a8396d213ed7cdd54773e447e3f3 to remote] DEBUG org.apache.http.impl.execchain.MainClientExec - Stale connection check
11:22:58.196 [Forwarding actions on session 77d9a8396d213ed7cdd54773e447e3f3 to remote] DEBUG org.apache.http.wire - http-outgoing-19 << "[read] I/O error: Read timed out"
11:22:58.196 [Forwarding actions on session 77d9a8396d213ed7cdd54773e447e3f3 to remote] DEBUG org.apache.http.impl.conn.DefaultManagedHttpClientConnection - http-outgoing-19: set socket timeout to 10800000
11:22:58.196 [Forwarding actions on session 77d9a8396d213ed7cdd54773e447e3f3 to remote] DEBUG org.apache.http.impl.execchain.MainClientExec - Executing request POST /session/77d9a8396d213ed7cdd54773e447e3f3/actions HTTP/1.1
11:22:58.196 [Forwarding actions on session 77d9a8396d213ed7cdd54773e447e3f3 to remote] DEBUG org.apache.http.impl.execchain.MainClientExec - Target auth state: UNCHALLENGED
11:22:58.196 [Forwarding actions on session 77d9a8396d213ed7cdd54773e447e3f3 to remote] DEBUG org.apache.http.impl.execchain.MainClientExec - Proxy auth state: UNCHALLENGED
11:22:58.196 [Forwarding actions on session 77d9a8396d213ed7cdd54773e447e3f3 to remote] DEBUG org.apache.http.headers - http-outgoing-19 >> POST /session/77d9a8396d213ed7cdd54773e447e3f3/actions HTTP/1.1
11:22:58.196 [Forwarding actions on session 77d9a8396d213ed7cdd54773e447e3f3 to remote] DEBUG org.apache.http.headers - http-outgoing-19 >> Content-Type: application/json; charset=utf-8
11:22:58.196 [Forwarding actions on session 77d9a8396d213ed7cdd54773e447e3f3 to remote] DEBUG org.apache.http.headers - http-outgoing-19 >> Content-Length: 289
11:22:58.196 [Forwarding actions on session 77d9a8396d213ed7cdd54773e447e3f3 to remote] DEBUG org.apache.http.headers - http-outgoing-19 >> Host: localhost:11166
11:22:58.196 [Forwarding actions on session 77d9a8396d213ed7cdd54773e447e3f3 to remote] DEBUG org.apache.http.headers - http-outgoing-19 >> Connection: Keep-Alive
11:22:58.196 [Forwarding actions on session 77d9a8396d213ed7cdd54773e447e3f3 to remote] DEBUG org.apache.http.headers - http-outgoing-19 >> User-Agent: Apache-HttpClient/4.5.3 (Java/1.8.0_211)
11:22:58.196 [Forwarding actions on session 77d9a8396d213ed7cdd54773e447e3f3 to remote] DEBUG org.apache.http.headers - http-outgoing-19 >> Accept-Encoding: gzip,deflate
11:22:58.196 [Forwarding actions on session 77d9a8396d213ed7cdd54773e447e3f3 to remote] DEBUG org.apache.http.wire - http-outgoing-19 >> "POST /session/77d9a8396d213ed7cdd54773e447e3f3/actions HTTP/1.1[\r][\n]"
11:22:58.196 [Forwarding actions on session 77d9a8396d213ed7cdd54773e447e3f3 to remote] DEBUG org.apache.http.wire - http-outgoing-19 >> "Content-Type: application/json; charset=utf-8[\r][\n]"
11:22:58.196 [Forwarding actions on session 77d9a8396d213ed7cdd54773e447e3f3 to remote] DEBUG org.apache.http.wire - http-outgoing-19 >> "Content-Length: 289[\r][\n]"
11:22:58.196 [Forwarding actions on session 77d9a8396d213ed7cdd54773e447e3f3 to remote] DEBUG org.apache.http.wire - http-outgoing-19 >> "Host: localhost:11166[\r][\n]"
11:22:58.196 [Forwarding actions on session 77d9a8396d213ed7cdd54773e447e3f3 to remote] DEBUG org.apache.http.wire - http-outgoing-19 >> "Connection: Keep-Alive[\r][\n]"
11:22:58.196 [Forwarding actions on session 77d9a8396d213ed7cdd54773e447e3f3 to remote] DEBUG org.apache.http.wire - http-outgoing-19 >> "User-Agent: Apache-HttpClient/4.5.3 (Java/1.8.0_211)[\r][\n]"
11:22:58.196 [Forwarding actions on session 77d9a8396d213ed7cdd54773e447e3f3 to remote] DEBUG org.apache.http.wire - http-outgoing-19 >> "Accept-Encoding: gzip,deflate[\r][\n]"
11:22:58.196 [Forwarding actions on session 77d9a8396d213ed7cdd54773e447e3f3 to remote] DEBUG org.apache.http.wire - http-outgoing-19 >> "[\r][\n]"
11:22:58.196 [Forwarding actions on session 77d9a8396d213ed7cdd54773e447e3f3 to remote] DEBUG org.apache.http.wire - http-outgoing-19 >> "{"actions":[{"id":"default mouse","type":"pointer","parameters":{"pointerType":"mouse"},"actions":[{"duration":100,"x":0,"y":0,"type":"pointerMove","origin":{"ELEMENT":"c15ca3e2-ecdb-40f1-aa6b-a07fe3b7a7c5","element-6066-11e4-a52e-4f735466cecf":"c15ca3e2-ecdb-40f1-aa6b-a07fe3b7a7c5"}}]}]}"
11:22:58.312 [Forwarding actions on session 77d9a8396d213ed7cdd54773e447e3f3 to remote] DEBUG org.apache.http.wire - http-outgoing-19 << "HTTP/1.1 200 OK[\r][\n]"
11:22:58.312 [Forwarding actions on session 77d9a8396d213ed7cdd54773e447e3f3 to remote] DEBUG org.apache.http.wire - http-outgoing-19 << "Content-Length:14[\r][\n]"
11:22:58.312 [Forwarding actions on session 77d9a8396d213ed7cdd54773e447e3f3 to remote] DEBUG org.apache.http.wire - http-outgoing-19 << "Content-Type:application/json; charset=utf-8[\r][\n]"
11:22:58.312 [Forwarding actions on session 77d9a8396d213ed7cdd54773e447e3f3 to remote] DEBUG org.apache.http.wire - http-outgoing-19 << "cache-control:no-cache[\r][\n]"
11:22:58.312 [Forwarding actions on session 77d9a8396d213ed7cdd54773e447e3f3 to remote] DEBUG org.apache.http.wire - http-outgoing-19 << "[\r][\n]"
11:22:58.312 [Forwarding actions on session 77d9a8396d213ed7cdd54773e447e3f3 to remote] DEBUG org.apache.http.wire - http-outgoing-19 << "{"value":null}"
11:22:58.312 [Forwarding actions on session 77d9a8396d213ed7cdd54773e447e3f3 to remote] DEBUG org.apache.http.headers - http-outgoing-19 << HTTP/1.1 200 OK
11:22:58.312 [Forwarding actions on session 77d9a8396d213ed7cdd54773e447e3f3 to remote] DEBUG org.apache.http.headers - http-outgoing-19 << Content-Length:14
11:22:58.312 [Forwarding actions on session 77d9a8396d213ed7cdd54773e447e3f3 to remote] DEBUG org.apache.http.headers - http-outgoing-19 << Content-Type:application/json; charset=utf-8
11:22:58.312 [Forwarding actions on session 77d9a8396d213ed7cdd54773e447e3f3 to remote] DEBUG org.apache.http.headers - http-outgoing-19 << cache-control:no-cache
11:22:58.312 [Forwarding actions on session 77d9a8396d213ed7cdd54773e447e3f3 to remote] DEBUG org.apache.http.impl.execchain.MainClientExec - Connection can be kept alive indefinitely
11:22:58.313 [Forwarding actions on session 77d9a8396d213ed7cdd54773e447e3f3 to remote] DEBUG org.apache.http.impl.conn.PoolingHttpClientConnectionManager - Connection [id: 19][route: {}->http://localhost:11166] can be kept alive indefinitely
11:22:58.313 [Forwarding actions on session 77d9a8396d213ed7cdd54773e447e3f3 to remote] DEBUG org.apache.http.impl.conn.PoolingHttpClientConnectionManager - Connection released: [id: 19][route: {}->http://localhost:11166][total kept alive: 20; route allocated: 1 of 2000; total allocated: 20 of 2000]
11:22:58.313 [Forwarding findElement on session 77d9a8396d213ed7cdd54773e447e3f3 to remote] DEBUG org.apache.http.client.protocol.RequestAddCookies - CookieSpec selected: default
11:22:58.313 [Forwarding findElement on session 77d9a8396d213ed7cdd54773e447e3f3 to remote] DEBUG org.apache.http.client.protocol.RequestAuthCache - Auth cache not set in the context
11:22:58.313 [Forwarding findElement on session 77d9a8396d213ed7cdd54773e447e3f3 to remote] DEBUG org.apache.http.impl.conn.PoolingHttpClientConnectionManager - Connection request: [route: {}->http://localhost:11166][total kept alive: 20; route allocated: 1 of 2000; total allocated: 20 of 2000]
11:22:58.313 [Forwarding findElement on session 77d9a8396d213ed7cdd54773e447e3f3 to remote] DEBUG org.apache.http.impl.conn.PoolingHttpClientConnectionManager - Connection leased: [id: 19][route: {}->http://localhost:11166][total kept alive: 19; route allocated: 1 of 2000; total allocated: 20 of 2000]
11:22:58.313 [Forwarding findElement on session 77d9a8396d213ed7cdd54773e447e3f3 to remote] DEBUG org.apache.http.impl.execchain.MainClientExec - Stale connection check
11:22:58.314 [Forwarding findElement on session 77d9a8396d213ed7cdd54773e447e3f3 to remote] DEBUG org.apache.http.wire - http-outgoing-19 << "[read] I/O error: Read timed out"
11:22:58.314 [Forwarding findElement on session 77d9a8396d213ed7cdd54773e447e3f3 to remote] DEBUG org.apache.http.impl.conn.DefaultManagedHttpClientConnection - http-outgoing-19: set socket timeout to 10800000
11:22:58.314 [Forwarding findElement on session 77d9a8396d213ed7cdd54773e447e3f3 to remote] DEBUG org.apache.http.impl.execchain.MainClientExec - Executing request POST /session/77d9a8396d213ed7cdd54773e447e3f3/element HTTP/1.1
11:22:58.314 [Forwarding findElement on session 77d9a8396d213ed7cdd54773e447e3f3 to remote] DEBUG org.apache.http.impl.execchain.MainClientExec - Target auth state: UNCHALLENGED
11:22:58.314 [Forwarding findElement on session 77d9a8396d213ed7cdd54773e447e3f3 to remote] DEBUG org.apache.http.impl.execchain.MainClientExec - Proxy auth state: UNCHALLENGED
11:22:58.314 [Forwarding findElement on session 77d9a8396d213ed7cdd54773e447e3f3 to remote] DEBUG org.apache.http.headers - http-outgoing-19 >> POST /session/77d9a8396d213ed7cdd54773e447e3f3/element HTTP/1.1
11:22:58.314 [Forwarding findElement on session 77d9a8396d213ed7cdd54773e447e3f3 to remote] DEBUG org.apache.http.headers - http-outgoing-19 >> Content-Type: application/json; charset=utf-8
11:22:58.314 [Forwarding findElement on session 77d9a8396d213ed7cdd54773e447e3f3 to remote] DEBUG org.apache.http.headers - http-outgoing-19 >> Content-Length: 58
11:22:58.314 [Forwarding findElement on session 77d9a8396d213ed7cdd54773e447e3f3 to remote] DEBUG org.apache.http.headers - http-outgoing-19 >> Host: localhost:11166
11:22:58.314 [Forwarding findElement on session 77d9a8396d213ed7cdd54773e447e3f3 to remote] DEBUG org.apache.http.headers - http-outgoing-19 >> Connection: Keep-Alive
11:22:58.314 [Forwarding findElement on session 77d9a8396d213ed7cdd54773e447e3f3 to remote] DEBUG org.apache.http.headers - http-outgoing-19 >> User-Agent: Apache-HttpClient/4.5.3 (Java/1.8.0_211)
11:22:58.314 [Forwarding findElement on session 77d9a8396d213ed7cdd54773e447e3f3 to remote] DEBUG org.apache.http.headers - http-outgoing-19 >> Accept-Encoding: gzip,deflate
11:22:58.314 [Forwarding findElement on session 77d9a8396d213ed7cdd54773e447e3f3 to remote] DEBUG org.apache.http.wire - http-outgoing-19 >> "POST /session/77d9a8396d213ed7cdd54773e447e3f3/element HTTP/1.1[\r][\n]"
11:22:58.314 [Forwarding findElement on session 77d9a8396d213ed7cdd54773e447e3f3 to remote] DEBUG org.apache.http.wire - http-outgoing-19 >> "Content-Type: application/json; charset=utf-8[\r][\n]"
11:22:58.314 [Forwarding findElement on session 77d9a8396d213ed7cdd54773e447e3f3 to remote] DEBUG org.apache.http.wire - http-outgoing-19 >> "Content-Length: 58[\r][\n]"
11:22:58.314 [Forwarding findElement on session 77d9a8396d213ed7cdd54773e447e3f3 to remote] DEBUG org.apache.http.wire - http-outgoing-19 >> "Host: localhost:11166[\r][\n]"
11:22:58.314 [Forwarding findElement on session 77d9a8396d213ed7cdd54773e447e3f3 to remote] DEBUG org.apache.http.wire - http-outgoing-19 >> "Connection: Keep-Alive[\r][\n]"
11:22:58.314 [Forwarding findElement on session 77d9a8396d213ed7cdd54773e447e3f3 to remote] DEBUG org.apache.http.wire - http-outgoing-19 >> "User-Agent: Apache-HttpClient/4.5.3 (Java/1.8.0_211)[\r][\n]"
11:22:58.314 [Forwarding findElement on session 77d9a8396d213ed7cdd54773e447e3f3 to remote] DEBUG org.apache.http.wire - http-outgoing-19 >> "Accept-Encoding: gzip,deflate[\r][\n]"
11:22:58.314 [Forwarding findElement on session 77d9a8396d213ed7cdd54773e447e3f3 to remote] DEBUG org.apache.http.wire - http-outgoing-19 >> "[\r][\n]"
11:22:58.314 [Forwarding findElement on session 77d9a8396d213ed7cdd54773e447e3f3 to remote] DEBUG org.apache.http.wire - http-outgoing-19 >> "{"value":".px-2:nth-child(3) span","using":"css selector"}"
11:22:58.319 [Forwarding findElement on session 77d9a8396d213ed7cdd54773e447e3f3 to remote] DEBUG org.apache.http.wire - http-outgoing-19 << "HTTP/1.1 200 OK[\r][\n]"
11:22:58.319 [Forwarding findElement on session 77d9a8396d213ed7cdd54773e447e3f3 to remote] DEBUG org.apache.http.wire - http-outgoing-19 << "Content-Length:88[\r][\n]"
11:22:58.319 [Forwarding findElement on session 77d9a8396d213ed7cdd54773e447e3f3 to remote] DEBUG org.apache.http.wire - http-outgoing-19 << "Content-Type:application/json; charset=utf-8[\r][\n]"
11:22:58.319 [Forwarding findElement on session 77d9a8396d213ed7cdd54773e447e3f3 to remote] DEBUG org.apache.http.wire - http-outgoing-19 << "cache-control:no-cache[\r][\n]"
11:22:58.319 [Forwarding findElement on session 77d9a8396d213ed7cdd54773e447e3f3 to remote] DEBUG org.apache.http.wire - http-outgoing-19 << "[\r][\n]"
11:22:58.319 [Forwarding findElement on session 77d9a8396d213ed7cdd54773e447e3f3 to remote] DEBUG org.apache.http.wire - http-outgoing-19 << "{"value":{"element-6066-11e4-a52e-4f735466cecf":"2a6bfce5-e1c8-4342-9be5-f559da7696d3"}}"
11:22:58.319 [Forwarding findElement on session 77d9a8396d213ed7cdd54773e447e3f3 to remote] DEBUG org.apache.http.headers - http-outgoing-19 << HTTP/1.1 200 OK
11:22:58.319 [Forwarding findElement on session 77d9a8396d213ed7cdd54773e447e3f3 to remote] DEBUG org.apache.http.headers - http-outgoing-19 << Content-Length:88
11:22:58.319 [Forwarding findElement on session 77d9a8396d213ed7cdd54773e447e3f3 to remote] DEBUG org.apache.http.headers - http-outgoing-19 << Content-Type:application/json; charset=utf-8
11:22:58.319 [Forwarding findElement on session 77d9a8396d213ed7cdd54773e447e3f3 to remote] DEBUG org.apache.http.headers - http-outgoing-19 << cache-control:no-cache
11:22:58.319 [Forwarding findElement on session 77d9a8396d213ed7cdd54773e447e3f3 to remote] DEBUG org.apache.http.impl.execchain.MainClientExec - Connection can be kept alive indefinitely
11:22:58.319 [Forwarding findElement on session 77d9a8396d213ed7cdd54773e447e3f3 to remote] DEBUG org.apache.http.impl.conn.PoolingHttpClientConnectionManager - Connection [id: 19][route: {}->http://localhost:11166] can be kept alive indefinitely
11:22:58.319 [Forwarding findElement on session 77d9a8396d213ed7cdd54773e447e3f3 to remote] DEBUG org.apache.http.impl.conn.PoolingHttpClientConnectionManager - Connection released: [id: 19][route: {}->http://localhost:11166][total kept alive: 20; route allocated: 1 of 2000; total allocated: 20 of 2000]
11:22:58.320 [Forwarding clickElement on session 77d9a8396d213ed7cdd54773e447e3f3 to remote] DEBUG org.apache.http.client.protocol.RequestAddCookies - CookieSpec selected: default
11:22:58.320 [Forwarding clickElement on session 77d9a8396d213ed7cdd54773e447e3f3 to remote] DEBUG org.apache.http.client.protocol.RequestAuthCache - Auth cache not set in the context
11:22:58.320 [Forwarding clickElement on session 77d9a8396d213ed7cdd54773e447e3f3 to remote] DEBUG org.apache.http.impl.conn.PoolingHttpClientConnectionManager - Connection request: [route: {}->http://localhost:11166][total kept alive: 20; route allocated: 1 of 2000; total allocated: 20 of 2000]
11:22:58.320 [Forwarding clickElement on session 77d9a8396d213ed7cdd54773e447e3f3 to remote] DEBUG org.apache.http.impl.conn.PoolingHttpClientConnectionManager - Connection leased: [id: 19][route: {}->http://localhost:11166][total kept alive: 19; route allocated: 1 of 2000; total allocated: 20 of 2000]
11:22:58.320 [Forwarding clickElement on session 77d9a8396d213ed7cdd54773e447e3f3 to remote] DEBUG org.apache.http.impl.execchain.MainClientExec - Stale connection check
11:22:58.321 [Forwarding clickElement on session 77d9a8396d213ed7cdd54773e447e3f3 to remote] DEBUG org.apache.http.wire - http-outgoing-19 << "[read] I/O error: Read timed out"
11:22:58.321 [Forwarding clickElement on session 77d9a8396d213ed7cdd54773e447e3f3 to remote] DEBUG org.apache.http.impl.conn.DefaultManagedHttpClientConnection - http-outgoing-19: set socket timeout to 10800000
11:22:58.321 [Forwarding clickElement on session 77d9a8396d213ed7cdd54773e447e3f3 to remote] DEBUG org.apache.http.impl.execchain.MainClientExec - Executing request POST /session/77d9a8396d213ed7cdd54773e447e3f3/element/2a6bfce5-e1c8-4342-9be5-f559da7696d3/click HTTP/1.1
11:22:58.321 [Forwarding clickElement on session 77d9a8396d213ed7cdd54773e447e3f3 to remote] DEBUG org.apache.http.impl.execchain.MainClientExec - Target auth state: UNCHALLENGED
11:22:58.321 [Forwarding clickElement on session 77d9a8396d213ed7cdd54773e447e3f3 to remote] DEBUG org.apache.http.impl.execchain.MainClientExec - Proxy auth state: UNCHALLENGED
11:22:58.321 [Forwarding clickElement on session 77d9a8396d213ed7cdd54773e447e3f3 to remote] DEBUG org.apache.http.headers - http-outgoing-19 >> POST /session/77d9a8396d213ed7cdd54773e447e3f3/element/2a6bfce5-e1c8-4342-9be5-f559da7696d3/click HTTP/1.1
11:22:58.321 [Forwarding clickElement on session 77d9a8396d213ed7cdd54773e447e3f3 to remote] DEBUG org.apache.http.headers - http-outgoing-19 >> Content-Type: application/json; charset=utf-8
11:22:58.321 [Forwarding clickElement on session 77d9a8396d213ed7cdd54773e447e3f3 to remote] DEBUG org.apache.http.headers - http-outgoing-19 >> Content-Length: 45
11:22:58.321 [Forwarding clickElement on session 77d9a8396d213ed7cdd54773e447e3f3 to remote] DEBUG org.apache.http.headers - http-outgoing-19 >> Host: localhost:11166
11:22:58.321 [Forwarding clickElement on session 77d9a8396d213ed7cdd54773e447e3f3 to remote] DEBUG org.apache.http.headers - http-outgoing-19 >> Connection: Keep-Alive
11:22:58.321 [Forwarding clickElement on session 77d9a8396d213ed7cdd54773e447e3f3 to remote] DEBUG org.apache.http.headers - http-outgoing-19 >> User-Agent: Apache-HttpClient/4.5.3 (Java/1.8.0_211)
11:22:58.321 [Forwarding clickElement on session 77d9a8396d213ed7cdd54773e447e3f3 to remote] DEBUG org.apache.http.headers - http-outgoing-19 >> Accept-Encoding: gzip,deflate
11:22:58.321 [Forwarding clickElement on session 77d9a8396d213ed7cdd54773e447e3f3 to remote] DEBUG org.apache.http.wire - http-outgoing-19 >> "POST /session/77d9a8396d213ed7cdd54773e447e3f3/element/2a6bfce5-e1c8-4342-9be5-f559da7696d3/click HTTP/1.1[\r][\n]"
11:22:58.321 [Forwarding clickElement on session 77d9a8396d213ed7cdd54773e447e3f3 to remote] DEBUG org.apache.http.wire - http-outgoing-19 >> "Content-Type: application/json; charset=utf-8[\r][\n]"
11:22:58.321 [Forwarding clickElement on session 77d9a8396d213ed7cdd54773e447e3f3 to remote] DEBUG org.apache.http.wire - http-outgoing-19 >> "Content-Length: 45[\r][\n]"
11:22:58.321 [Forwarding clickElement on session 77d9a8396d213ed7cdd54773e447e3f3 to remote] DEBUG org.apache.http.wire - http-outgoing-19 >> "Host: localhost:11166[\r][\n]"
11:22:58.321 [Forwarding clickElement on session 77d9a8396d213ed7cdd54773e447e3f3 to remote] DEBUG org.apache.http.wire - http-outgoing-19 >> "Connection: Keep-Alive[\r][\n]"
11:22:58.321 [Forwarding clickElement on session 77d9a8396d213ed7cdd54773e447e3f3 to remote] DEBUG org.apache.http.wire - http-outgoing-19 >> "User-Agent: Apache-HttpClient/4.5.3 (Java/1.8.0_211)[\r][\n]"
11:22:58.321 [Forwarding clickElement on session 77d9a8396d213ed7cdd54773e447e3f3 to remote] DEBUG org.apache.http.wire - http-outgoing-19 >> "Accept-Encoding: gzip,deflate[\r][\n]"
11:22:58.321 [Forwarding clickElement on session 77d9a8396d213ed7cdd54773e447e3f3 to remote] DEBUG org.apache.http.wire - http-outgoing-19 >> "[\r][\n]"
11:22:58.321 [Forwarding clickElement on session 77d9a8396d213ed7cdd54773e447e3f3 to remote] DEBUG org.apache.http.wire - http-outgoing-19 >> "{"id":"2a6bfce5-e1c8-4342-9be5-f559da7696d3"}"
11:22:58.382 [Forwarding clickElement on session 77d9a8396d213ed7cdd54773e447e3f3 to remote] DEBUG org.apache.http.wire - http-outgoing-19 << "HTTP/1.1 200 OK[\r][\n]"
11:22:58.382 [Forwarding clickElement on session 77d9a8396d213ed7cdd54773e447e3f3 to remote] DEBUG org.apache.http.wire - http-outgoing-19 << "Content-Length:14[\r][\n]"
11:22:58.382 [Forwarding clickElement on session 77d9a8396d213ed7cdd54773e447e3f3 to remote] DEBUG org.apache.http.wire - http-outgoing-19 << "Content-Type:application/json; charset=utf-8[\r][\n]"
11:22:58.382 [Forwarding clickElement on session 77d9a8396d213ed7cdd54773e447e3f3 to remote] DEBUG org.apache.http.wire - http-outgoing-19 << "cache-control:no-cache[\r][\n]"
11:22:58.382 [Forwarding clickElement on session 77d9a8396d213ed7cdd54773e447e3f3 to remote] DEBUG org.apache.http.wire - http-outgoing-19 << "[\r][\n]"
11:22:58.382 [Forwarding clickElement on session 77d9a8396d213ed7cdd54773e447e3f3 to remote] DEBUG org.apache.http.wire - http-outgoing-19 << "{"value":null}"
11:22:58.382 [Forwarding clickElement on session 77d9a8396d213ed7cdd54773e447e3f3 to remote] DEBUG org.apache.http.headers - http-outgoing-19 << HTTP/1.1 200 OK
11:22:58.382 [Forwarding clickElement on session 77d9a8396d213ed7cdd54773e447e3f3 to remote] DEBUG org.apache.http.headers - http-outgoing-19 << Content-Length:14
11:22:58.382 [Forwarding clickElement on session 77d9a8396d213ed7cdd54773e447e3f3 to remote] DEBUG org.apache.http.headers - http-outgoing-19 << Content-Type:application/json; charset=utf-8
11:22:58.382 [Forwarding clickElement on session 77d9a8396d213ed7cdd54773e447e3f3 to remote] DEBUG org.apache.http.headers - http-outgoing-19 << cache-control:no-cache
11:22:58.382 [Forwarding clickElement on session 77d9a8396d213ed7cdd54773e447e3f3 to remote] DEBUG org.apache.http.impl.execchain.MainClientExec - Connection can be kept alive indefinitely
11:22:58.382 [Forwarding clickElement on session 77d9a8396d213ed7cdd54773e447e3f3 to remote] DEBUG org.apache.http.impl.conn.PoolingHttpClientConnectionManager - Connection [id: 19][route: {}->http://localhost:11166] can be kept alive indefinitely
11:22:58.382 [Forwarding clickElement on session 77d9a8396d213ed7cdd54773e447e3f3 to remote] DEBUG org.apache.http.impl.conn.PoolingHttpClientConnectionManager - Connection released: [id: 19][route: {}->http://localhost:11166][total kept alive: 20; route allocated: 1 of 2000; total allocated: 20 of 2000]
11:22:58.383 [Forwarding findElement on session 77d9a8396d213ed7cdd54773e447e3f3 to remote] DEBUG org.apache.http.client.protocol.RequestAddCookies - CookieSpec selected: default
11:22:58.383 [Forwarding findElement on session 77d9a8396d213ed7cdd54773e447e3f3 to remote] DEBUG org.apache.http.client.protocol.RequestAuthCache - Auth cache not set in the context
11:22:58.383 [Forwarding findElement on session 77d9a8396d213ed7cdd54773e447e3f3 to remote] DEBUG org.apache.http.impl.conn.PoolingHttpClientConnectionManager - Connection request: [route: {}->http://localhost:11166][total kept alive: 20; route allocated: 1 of 2000; total allocated: 20 of 2000]
11:22:58.383 [Forwarding findElement on session 77d9a8396d213ed7cdd54773e447e3f3 to remote] DEBUG org.apache.http.impl.conn.PoolingHttpClientConnectionManager - Connection leased: [id: 19][route: {}->http://localhost:11166][total kept alive: 19; route allocated: 1 of 2000; total allocated: 20 of 2000]
11:22:58.383 [Forwarding findElement on session 77d9a8396d213ed7cdd54773e447e3f3 to remote] DEBUG org.apache.http.impl.execchain.MainClientExec - Stale connection check
11:22:58.384 [Forwarding findElement on session 77d9a8396d213ed7cdd54773e447e3f3 to remote] DEBUG org.apache.http.wire - http-outgoing-19 << "[read] I/O error: Read timed out"
11:22:58.384 [Forwarding findElement on session 77d9a8396d213ed7cdd54773e447e3f3 to remote] DEBUG org.apache.http.impl.conn.DefaultManagedHttpClientConnection - http-outgoing-19: set socket timeout to 10800000
11:22:58.384 [Forwarding findElement on session 77d9a8396d213ed7cdd54773e447e3f3 to remote] DEBUG org.apache.http.impl.execchain.MainClientExec - Executing request POST /session/77d9a8396d213ed7cdd54773e447e3f3/element HTTP/1.1
11:22:58.384 [Forwarding findElement on session 77d9a8396d213ed7cdd54773e447e3f3 to remote] DEBUG org.apache.http.impl.execchain.MainClientExec - Target auth state: UNCHALLENGED
11:22:58.384 [Forwarding findElement on session 77d9a8396d213ed7cdd54773e447e3f3 to remote] DEBUG org.apache.http.impl.execchain.MainClientExec - Proxy auth state: UNCHALLENGED
11:22:58.384 [Forwarding findElement on session 77d9a8396d213ed7cdd54773e447e3f3 to remote] DEBUG org.apache.http.headers - http-outgoing-19 >> POST /session/77d9a8396d213ed7cdd54773e447e3f3/element HTTP/1.1
11:22:58.384 [Forwarding findElement on session 77d9a8396d213ed7cdd54773e447e3f3 to remote] DEBUG org.apache.http.headers - http-outgoing-19 >> Content-Type: application/json; charset=utf-8
11:22:58.384 [Forwarding findElement on session 77d9a8396d213ed7cdd54773e447e3f3 to remote] DEBUG org.apache.http.headers - http-outgoing-19 >> Content-Length: 61
11:22:58.384 [Forwarding findElement on session 77d9a8396d213ed7cdd54773e447e3f3 to remote] DEBUG org.apache.http.headers - http-outgoing-19 >> Host: localhost:11166
11:22:58.384 [Forwarding findElement on session 77d9a8396d213ed7cdd54773e447e3f3 to remote] DEBUG org.apache.http.headers - http-outgoing-19 >> Connection: Keep-Alive
11:22:58.384 [Forwarding findElement on session 77d9a8396d213ed7cdd54773e447e3f3 to remote] DEBUG org.apache.http.headers - http-outgoing-19 >> User-Agent: Apache-HttpClient/4.5.3 (Java/1.8.0_211)
11:22:58.384 [Forwarding findElement on session 77d9a8396d213ed7cdd54773e447e3f3 to remote] DEBUG org.apache.http.headers - http-outgoing-19 >> Accept-Encoding: gzip,deflate
11:22:58.384 [Forwarding findElement on session 77d9a8396d213ed7cdd54773e447e3f3 to remote] DEBUG org.apache.http.wire - http-outgoing-19 >> "POST /session/77d9a8396d213ed7cdd54773e447e3f3/element HTTP/1.1[\r][\n]"
11:22:58.384 [Forwarding findElement on session 77d9a8396d213ed7cdd54773e447e3f3 to remote] DEBUG org.apache.http.wire - http-outgoing-19 >> "Content-Type: application/json; charset=utf-8[\r][\n]"
11:22:58.384 [Forwarding findElement on session 77d9a8396d213ed7cdd54773e447e3f3 to remote] DEBUG org.apache.http.wire - http-outgoing-19 >> "Content-Length: 61[\r][\n]"
11:22:58.384 [Forwarding findElement on session 77d9a8396d213ed7cdd54773e447e3f3 to remote] DEBUG org.apache.http.wire - http-outgoing-19 >> "Host: localhost:11166[\r][\n]"
11:22:58.384 [Forwarding findElement on session 77d9a8396d213ed7cdd54773e447e3f3 to remote] DEBUG org.apache.http.wire - http-outgoing-19 >> "Connection: Keep-Alive[\r][\n]"
11:22:58.384 [Forwarding findElement on session 77d9a8396d213ed7cdd54773e447e3f3 to remote] DEBUG org.apache.http.wire - http-outgoing-19 >> "User-Agent: Apache-HttpClient/4.5.3 (Java/1.8.0_211)[\r][\n]"
11:22:58.384 [Forwarding findElement on session 77d9a8396d213ed7cdd54773e447e3f3 to remote] DEBUG org.apache.http.wire - http-outgoing-19 >> "Accept-Encoding: gzip,deflate[\r][\n]"
11:22:58.384 [Forwarding findElement on session 77d9a8396d213ed7cdd54773e447e3f3 to remote] DEBUG org.apache.http.wire - http-outgoing-19 >> "[\r][\n]"
11:22:58.384 [Forwarding findElement on session 77d9a8396d213ed7cdd54773e447e3f3 to remote] DEBUG org.apache.http.wire - http-outgoing-19 >> "{"value":".form-control:nth-child(2)","using":"css selector"}"
11:22:58.390 [Forwarding findElement on session 77d9a8396d213ed7cdd54773e447e3f3 to remote] DEBUG org.apache.http.wire - http-outgoing-19 << "HTTP/1.1 200 OK[\r][\n]"
11:22:58.390 [Forwarding findElement on session 77d9a8396d213ed7cdd54773e447e3f3 to remote] DEBUG org.apache.http.wire - http-outgoing-19 << "Content-Length:88[\r][\n]"
11:22:58.390 [Forwarding findElement on session 77d9a8396d213ed7cdd54773e447e3f3 to remote] DEBUG org.apache.http.wire - http-outgoing-19 << "Content-Type:application/json; charset=utf-8[\r][\n]"
11:22:58.390 [Forwarding findElement on session 77d9a8396d213ed7cdd54773e447e3f3 to remote] DEBUG org.apache.http.wire - http-outgoing-19 << "cache-control:no-cache[\r][\n]"
11:22:58.390 [Forwarding findElement on session 77d9a8396d213ed7cdd54773e447e3f3 to remote] DEBUG org.apache.http.wire - http-outgoing-19 << "[\r][\n]"
11:22:58.390 [Forwarding findElement on session 77d9a8396d213ed7cdd54773e447e3f3 to remote] DEBUG org.apache.http.wire - http-outgoing-19 << "{"value":{"element-6066-11e4-a52e-4f735466cecf":"cec68f7b-821d-4c61-b592-5f897b7593c2"}}"
11:22:58.390 [Forwarding findElement on session 77d9a8396d213ed7cdd54773e447e3f3 to remote] DEBUG org.apache.http.headers - http-outgoing-19 << HTTP/1.1 200 OK
11:22:58.390 [Forwarding findElement on session 77d9a8396d213ed7cdd54773e447e3f3 to remote] DEBUG org.apache.http.headers - http-outgoing-19 << Content-Length:88
11:22:58.390 [Forwarding findElement on session 77d9a8396d213ed7cdd54773e447e3f3 to remote] DEBUG org.apache.http.headers - http-outgoing-19 << Content-Type:application/json; charset=utf-8
11:22:58.390 [Forwarding findElement on session 77d9a8396d213ed7cdd54773e447e3f3 to remote] DEBUG org.apache.http.headers - http-outgoing-19 << cache-control:no-cache
11:22:58.390 [Forwarding findElement on session 77d9a8396d213ed7cdd54773e447e3f3 to remote] DEBUG org.apache.http.impl.execchain.MainClientExec - Connection can be kept alive indefinitely
11:22:58.390 [Forwarding findElement on session 77d9a8396d213ed7cdd54773e447e3f3 to remote] DEBUG org.apache.http.impl.conn.PoolingHttpClientConnectionManager - Connection [id: 19][route: {}->http://localhost:11166] can be kept alive indefinitely
11:22:58.390 [Forwarding findElement on session 77d9a8396d213ed7cdd54773e447e3f3 to remote] DEBUG org.apache.http.impl.conn.PoolingHttpClientConnectionManager - Connection released: [id: 19][route: {}->http://localhost:11166][total kept alive: 20; route allocated: 1 of 2000; total allocated: 20 of 2000]
11:22:58.391 [Forwarding clickElement on session 77d9a8396d213ed7cdd54773e447e3f3 to remote] DEBUG org.apache.http.client.protocol.RequestAddCookies - CookieSpec selected: default
11:22:58.391 [Forwarding clickElement on session 77d9a8396d213ed7cdd54773e447e3f3 to remote] DEBUG org.apache.http.client.protocol.RequestAuthCache - Auth cache not set in the context
11:22:58.391 [Forwarding clickElement on session 77d9a8396d213ed7cdd54773e447e3f3 to remote] DEBUG org.apache.http.impl.conn.PoolingHttpClientConnectionManager - Connection request: [route: {}->http://localhost:11166][total kept alive: 20; route allocated: 1 of 2000; total allocated: 20 of 2000]
11:22:58.391 [Forwarding clickElement on session 77d9a8396d213ed7cdd54773e447e3f3 to remote] DEBUG org.apache.http.impl.conn.PoolingHttpClientConnectionManager - Connection leased: [id: 19][route: {}->http://localhost:11166][total kept alive: 19; route allocated: 1 of 2000; total allocated: 20 of 2000]
11:22:58.391 [Forwarding clickElement on session 77d9a8396d213ed7cdd54773e447e3f3 to remote] DEBUG org.apache.http.impl.execchain.MainClientExec - Stale connection check
11:22:58.392 [Forwarding clickElement on session 77d9a8396d213ed7cdd54773e447e3f3 to remote] DEBUG org.apache.http.wire - http-outgoing-19 << "[read] I/O error: Read timed out"
11:22:58.392 [Forwarding clickElement on session 77d9a8396d213ed7cdd54773e447e3f3 to remote] DEBUG org.apache.http.impl.conn.DefaultManagedHttpClientConnection - http-outgoing-19: set socket timeout to 10800000
11:22:58.392 [Forwarding clickElement on session 77d9a8396d213ed7cdd54773e447e3f3 to remote] DEBUG org.apache.http.impl.execchain.MainClientExec - Executing request POST /session/77d9a8396d213ed7cdd54773e447e3f3/element/cec68f7b-821d-4c61-b592-5f897b7593c2/click HTTP/1.1
11:22:58.392 [Forwarding clickElement on session 77d9a8396d213ed7cdd54773e447e3f3 to remote] DEBUG org.apache.http.impl.execchain.MainClientExec - Target auth state: UNCHALLENGED
11:22:58.392 [Forwarding clickElement on session 77d9a8396d213ed7cdd54773e447e3f3 to remote] DEBUG org.apache.http.impl.execchain.MainClientExec - Proxy auth state: UNCHALLENGED
11:22:58.392 [Forwarding clickElement on session 77d9a8396d213ed7cdd54773e447e3f3 to remote] DEBUG org.apache.http.headers - http-outgoing-19 >> POST /session/77d9a8396d213ed7cdd54773e447e3f3/element/cec68f7b-821d-4c61-b592-5f897b7593c2/click HTTP/1.1
11:22:58.392 [Forwarding clickElement on session 77d9a8396d213ed7cdd54773e447e3f3 to remote] DEBUG org.apache.http.headers - http-outgoing-19 >> Content-Type: application/json; charset=utf-8
11:22:58.392 [Forwarding clickElement on session 77d9a8396d213ed7cdd54773e447e3f3 to remote] DEBUG org.apache.http.headers - http-outgoing-19 >> Content-Length: 45
11:22:58.392 [Forwarding clickElement on session 77d9a8396d213ed7cdd54773e447e3f3 to remote] DEBUG org.apache.http.headers - http-outgoing-19 >> Host: localhost:11166
11:22:58.392 [Forwarding clickElement on session 77d9a8396d213ed7cdd54773e447e3f3 to remote] DEBUG org.apache.http.headers - http-outgoing-19 >> Connection: Keep-Alive
11:22:58.392 [Forwarding clickElement on session 77d9a8396d213ed7cdd54773e447e3f3 to remote] DEBUG org.apache.http.headers - http-outgoing-19 >> User-Agent: Apache-HttpClient/4.5.3 (Java/1.8.0_211)
11:22:58.392 [Forwarding clickElement on session 77d9a8396d213ed7cdd54773e447e3f3 to remote] DEBUG org.apache.http.headers - http-outgoing-19 >> Accept-Encoding: gzip,deflate
11:22:58.392 [Forwarding clickElement on session 77d9a8396d213ed7cdd54773e447e3f3 to remote] DEBUG org.apache.http.wire - http-outgoing-19 >> "POST /session/77d9a8396d213ed7cdd54773e447e3f3/element/cec68f7b-821d-4c61-b592-5f897b7593c2/click HTTP/1.1[\r][\n]"
11:22:58.392 [Forwarding clickElement on session 77d9a8396d213ed7cdd54773e447e3f3 to remote] DEBUG org.apache.http.wire - http-outgoing-19 >> "Content-Type: application/json; charset=utf-8[\r][\n]"
11:22:58.392 [Forwarding clickElement on session 77d9a8396d213ed7cdd54773e447e3f3 to remote] DEBUG org.apache.http.wire - http-outgoing-19 >> "Content-Length: 45[\r][\n]"
11:22:58.392 [Forwarding clickElement on session 77d9a8396d213ed7cdd54773e447e3f3 to remote] DEBUG org.apache.http.wire - http-outgoing-19 >> "Host: localhost:11166[\r][\n]"
11:22:58.392 [Forwarding clickElement on session 77d9a8396d213ed7cdd54773e447e3f3 to remote] DEBUG org.apache.http.wire - http-outgoing-19 >> "Connection: Keep-Alive[\r][\n]"
11:22:58.392 [Forwarding clickElement on session 77d9a8396d213ed7cdd54773e447e3f3 to remote] DEBUG org.apache.http.wire - http-outgoing-19 >> "User-Agent: Apache-HttpClient/4.5.3 (Java/1.8.0_211)[\r][\n]"
11:22:58.392 [Forwarding clickElement on session 77d9a8396d213ed7cdd54773e447e3f3 to remote] DEBUG org.apache.http.wire - http-outgoing-19 >> "Accept-Encoding: gzip,deflate[\r][\n]"
11:22:58.392 [Forwarding clickElement on session 77d9a8396d213ed7cdd54773e447e3f3 to remote] DEBUG org.apache.http.wire - http-outgoing-19 >> "[\r][\n]"
11:22:58.392 [Forwarding clickElement on session 77d9a8396d213ed7cdd54773e447e3f3 to remote] DEBUG org.apache.http.wire - http-outgoing-19 >> "{"id":"cec68f7b-821d-4c61-b592-5f897b7593c2"}"
11:22:58.435 [Forwarding clickElement on session 77d9a8396d213ed7cdd54773e447e3f3 to remote] DEBUG org.apache.http.wire - http-outgoing-19 << "HTTP/1.1 200 OK[\r][\n]"
11:22:58.435 [Forwarding clickElement on session 77d9a8396d213ed7cdd54773e447e3f3 to remote] DEBUG org.apache.http.wire - http-outgoing-19 << "Content-Length:14[\r][\n]"
11:22:58.435 [Forwarding clickElement on session 77d9a8396d213ed7cdd54773e447e3f3 to remote] DEBUG org.apache.http.wire - http-outgoing-19 << "Content-Type:application/json; charset=utf-8[\r][\n]"
11:22:58.435 [Forwarding clickElement on session 77d9a8396d213ed7cdd54773e447e3f3 to remote] DEBUG org.apache.http.wire - http-outgoing-19 << "cache-control:no-cache[\r][\n]"
11:22:58.435 [Forwarding clickElement on session 77d9a8396d213ed7cdd54773e447e3f3 to remote] DEBUG org.apache.http.wire - http-outgoing-19 << "[\r][\n]"
11:22:58.435 [Forwarding clickElement on session 77d9a8396d213ed7cdd54773e447e3f3 to remote] DEBUG org.apache.http.wire - http-outgoing-19 << "{"value":null}"
11:22:58.435 [Forwarding clickElement on session 77d9a8396d213ed7cdd54773e447e3f3 to remote] DEBUG org.apache.http.headers - http-outgoing-19 << HTTP/1.1 200 OK
11:22:58.435 [Forwarding clickElement on session 77d9a8396d213ed7cdd54773e447e3f3 to remote] DEBUG org.apache.http.headers - http-outgoing-19 << Content-Length:14
11:22:58.435 [Forwarding clickElement on session 77d9a8396d213ed7cdd54773e447e3f3 to remote] DEBUG org.apache.http.headers - http-outgoing-19 << Content-Type:application/json; charset=utf-8
11:22:58.435 [Forwarding clickElement on session 77d9a8396d213ed7cdd54773e447e3f3 to remote] DEBUG org.apache.http.headers - http-outgoing-19 << cache-control:no-cache
11:22:58.435 [Forwarding clickElement on session 77d9a8396d213ed7cdd54773e447e3f3 to remote] DEBUG org.apache.http.impl.execchain.MainClientExec - Connection can be kept alive indefinitely
11:22:58.435 [Forwarding clickElement on session 77d9a8396d213ed7cdd54773e447e3f3 to remote] DEBUG org.apache.http.impl.conn.PoolingHttpClientConnectionManager - Connection [id: 19][route: {}->http://localhost:11166] can be kept alive indefinitely
11:22:58.435 [Forwarding clickElement on session 77d9a8396d213ed7cdd54773e447e3f3 to remote] DEBUG org.apache.http.impl.conn.PoolingHttpClientConnectionManager - Connection released: [id: 19][route: {}->http://localhost:11166][total kept alive: 20; route allocated: 1 of 2000; total allocated: 20 of 2000]
11:22:58.435 [Forwarding findElement on session 77d9a8396d213ed7cdd54773e447e3f3 to remote] DEBUG org.apache.http.client.protocol.RequestAddCookies - CookieSpec selected: default
11:22:58.435 [Forwarding findElement on session 77d9a8396d213ed7cdd54773e447e3f3 to remote] DEBUG org.apache.http.client.protocol.RequestAuthCache - Auth cache not set in the context
11:22:58.435 [Forwarding findElement on session 77d9a8396d213ed7cdd54773e447e3f3 to remote] DEBUG org.apache.http.impl.conn.PoolingHttpClientConnectionManager - Connection request: [route: {}->http://localhost:11166][total kept alive: 20; route allocated: 1 of 2000; total allocated: 20 of 2000]
11:22:58.435 [Forwarding findElement on session 77d9a8396d213ed7cdd54773e447e3f3 to remote] DEBUG org.apache.http.impl.conn.PoolingHttpClientConnectionManager - Connection leased: [id: 19][route: {}->http://localhost:11166][total kept alive: 19; route allocated: 1 of 2000; total allocated: 20 of 2000]
11:22:58.435 [Forwarding findElement on session 77d9a8396d213ed7cdd54773e447e3f3 to remote] DEBUG org.apache.http.impl.execchain.MainClientExec - Stale connection check
11:22:58.436 [Forwarding findElement on session 77d9a8396d213ed7cdd54773e447e3f3 to remote] DEBUG org.apache.http.wire - http-outgoing-19 << "[read] I/O error: Read timed out"
11:22:58.436 [Forwarding findElement on session 77d9a8396d213ed7cdd54773e447e3f3 to remote] DEBUG org.apache.http.impl.conn.DefaultManagedHttpClientConnection - http-outgoing-19: set socket timeout to 10800000
11:22:58.436 [Forwarding findElement on session 77d9a8396d213ed7cdd54773e447e3f3 to remote] DEBUG org.apache.http.impl.execchain.MainClientExec - Executing request POST /session/77d9a8396d213ed7cdd54773e447e3f3/element HTTP/1.1
11:22:58.436 [Forwarding findElement on session 77d9a8396d213ed7cdd54773e447e3f3 to remote] DEBUG org.apache.http.impl.execchain.MainClientExec - Target auth state: UNCHALLENGED
11:22:58.436 [Forwarding findElement on session 77d9a8396d213ed7cdd54773e447e3f3 to remote] DEBUG org.apache.http.impl.execchain.MainClientExec - Proxy auth state: UNCHALLENGED
11:22:58.436 [Forwarding findElement on session 77d9a8396d213ed7cdd54773e447e3f3 to remote] DEBUG org.apache.http.headers - http-outgoing-19 >> POST /session/77d9a8396d213ed7cdd54773e447e3f3/element HTTP/1.1
11:22:58.436 [Forwarding findElement on session 77d9a8396d213ed7cdd54773e447e3f3 to remote] DEBUG org.apache.http.headers - http-outgoing-19 >> Content-Type: application/json; charset=utf-8
11:22:58.436 [Forwarding findElement on session 77d9a8396d213ed7cdd54773e447e3f3 to remote] DEBUG org.apache.http.headers - http-outgoing-19 >> Content-Length: 61
11:22:58.436 [Forwarding findElement on session 77d9a8396d213ed7cdd54773e447e3f3 to remote] DEBUG org.apache.http.headers - http-outgoing-19 >> Host: localhost:11166
11:22:58.436 [Forwarding findElement on session 77d9a8396d213ed7cdd54773e447e3f3 to remote] DEBUG org.apache.http.headers - http-outgoing-19 >> Connection: Keep-Alive
11:22:58.436 [Forwarding findElement on session 77d9a8396d213ed7cdd54773e447e3f3 to remote] DEBUG org.apache.http.headers - http-outgoing-19 >> User-Agent: Apache-HttpClient/4.5.3 (Java/1.8.0_211)
11:22:58.436 [Forwarding findElement on session 77d9a8396d213ed7cdd54773e447e3f3 to remote] DEBUG org.apache.http.headers - http-outgoing-19 >> Accept-Encoding: gzip,deflate
11:22:58.436 [Forwarding findElement on session 77d9a8396d213ed7cdd54773e447e3f3 to remote] DEBUG org.apache.http.wire - http-outgoing-19 >> "POST /session/77d9a8396d213ed7cdd54773e447e3f3/element HTTP/1.1[\r][\n]"
11:22:58.436 [Forwarding findElement on session 77d9a8396d213ed7cdd54773e447e3f3 to remote] DEBUG org.apache.http.wire - http-outgoing-19 >> "Content-Type: application/json; charset=utf-8[\r][\n]"
11:22:58.436 [Forwarding findElement on session 77d9a8396d213ed7cdd54773e447e3f3 to remote] DEBUG org.apache.http.wire - http-outgoing-19 >> "Content-Length: 61[\r][\n]"
11:22:58.436 [Forwarding findElement on session 77d9a8396d213ed7cdd54773e447e3f3 to remote] DEBUG org.apache.http.wire - http-outgoing-19 >> "Host: localhost:11166[\r][\n]"
11:22:58.436 [Forwarding findElement on session 77d9a8396d213ed7cdd54773e447e3f3 to remote] DEBUG org.apache.http.wire - http-outgoing-19 >> "Connection: Keep-Alive[\r][\n]"
11:22:58.436 [Forwarding findElement on session 77d9a8396d213ed7cdd54773e447e3f3 to remote] DEBUG org.apache.http.wire - http-outgoing-19 >> "User-Agent: Apache-HttpClient/4.5.3 (Java/1.8.0_211)[\r][\n]"
11:22:58.436 [Forwarding findElement on session 77d9a8396d213ed7cdd54773e447e3f3 to remote] DEBUG org.apache.http.wire - http-outgoing-19 >> "Accept-Encoding: gzip,deflate[\r][\n]"
11:22:58.436 [Forwarding findElement on session 77d9a8396d213ed7cdd54773e447e3f3 to remote] DEBUG org.apache.http.wire - http-outgoing-19 >> "[\r][\n]"
11:22:58.436 [Forwarding findElement on session 77d9a8396d213ed7cdd54773e447e3f3 to remote] DEBUG org.apache.http.wire - http-outgoing-19 >> "{"value":".form-control:nth-child(2)","using":"css selector"}"
11:22:58.439 [Forwarding findElement on session 77d9a8396d213ed7cdd54773e447e3f3 to remote] DEBUG org.apache.http.wire - http-outgoing-19 << "HTTP/1.1 200 OK[\r][\n]"
11:22:58.439 [Forwarding findElement on session 77d9a8396d213ed7cdd54773e447e3f3 to remote] DEBUG org.apache.http.wire - http-outgoing-19 << "Content-Length:88[\r][\n]"
11:22:58.439 [Forwarding findElement on session 77d9a8396d213ed7cdd54773e447e3f3 to remote] DEBUG org.apache.http.wire - http-outgoing-19 << "Content-Type:application/json; charset=utf-8[\r][\n]"
11:22:58.439 [Forwarding findElement on session 77d9a8396d213ed7cdd54773e447e3f3 to remote] DEBUG org.apache.http.wire - http-outgoing-19 << "cache-control:no-cache[\r][\n]"
11:22:58.439 [Forwarding findElement on session 77d9a8396d213ed7cdd54773e447e3f3 to remote] DEBUG org.apache.http.wire - http-outgoing-19 << "[\r][\n]"
11:22:58.439 [Forwarding findElement on session 77d9a8396d213ed7cdd54773e447e3f3 to remote] DEBUG org.apache.http.wire - http-outgoing-19 << "{"value":{"element-6066-11e4-a52e-4f735466cecf":"cec68f7b-821d-4c61-b592-5f897b7593c2"}}"
11:22:58.439 [Forwarding findElement on session 77d9a8396d213ed7cdd54773e447e3f3 to remote] DEBUG org.apache.http.headers - http-outgoing-19 << HTTP/1.1 200 OK
11:22:58.439 [Forwarding findElement on session 77d9a8396d213ed7cdd54773e447e3f3 to remote] DEBUG org.apache.http.headers - http-outgoing-19 << Content-Length:88
11:22:58.439 [Forwarding findElement on session 77d9a8396d213ed7cdd54773e447e3f3 to remote] DEBUG org.apache.http.headers - http-outgoing-19 << Content-Type:application/json; charset=utf-8
11:22:58.439 [Forwarding findElement on session 77d9a8396d213ed7cdd54773e447e3f3 to remote] DEBUG org.apache.http.headers - http-outgoing-19 << cache-control:no-cache
11:22:58.439 [Forwarding findElement on session 77d9a8396d213ed7cdd54773e447e3f3 to remote] DEBUG org.apache.http.impl.execchain.MainClientExec - Connection can be kept alive indefinitely
11:22:58.439 [Forwarding findElement on session 77d9a8396d213ed7cdd54773e447e3f3 to remote] DEBUG org.apache.http.impl.conn.PoolingHttpClientConnectionManager - Connection [id: 19][route: {}->http://localhost:11166] can be kept alive indefinitely
11:22:58.439 [Forwarding findElement on session 77d9a8396d213ed7cdd54773e447e3f3 to remote] DEBUG org.apache.http.impl.conn.PoolingHttpClientConnectionManager - Connection released: [id: 19][route: {}->http://localhost:11166][total kept alive: 20; route allocated: 1 of 2000; total allocated: 20 of 2000]
11:22:58.439 [Forwarding sendKeysToElement on session 77d9a8396d213ed7cdd54773e447e3f3 to remote] DEBUG org.apache.http.client.protocol.RequestAddCookies - CookieSpec selected: default
11:22:58.439 [Forwarding sendKeysToElement on session 77d9a8396d213ed7cdd54773e447e3f3 to remote] DEBUG org.apache.http.client.protocol.RequestAuthCache - Auth cache not set in the context
11:22:58.439 [Forwarding sendKeysToElement on session 77d9a8396d213ed7cdd54773e447e3f3 to remote] DEBUG org.apache.http.impl.conn.PoolingHttpClientConnectionManager - Connection request: [route: {}->http://localhost:11166][total kept alive: 20; route allocated: 1 of 2000; total allocated: 20 of 2000]
11:22:58.439 [Forwarding sendKeysToElement on session 77d9a8396d213ed7cdd54773e447e3f3 to remote] DEBUG org.apache.http.impl.conn.PoolingHttpClientConnectionManager - Connection leased: [id: 19][route: {}->http://localhost:11166][total kept alive: 19; route allocated: 1 of 2000; total allocated: 20 of 2000]
11:22:58.439 [Forwarding sendKeysToElement on session 77d9a8396d213ed7cdd54773e447e3f3 to remote] DEBUG org.apache.http.impl.execchain.MainClientExec - Stale connection check
11:22:58.441 [Forwarding sendKeysToElement on session 77d9a8396d213ed7cdd54773e447e3f3 to remote] DEBUG org.apache.http.wire - http-outgoing-19 << "[read] I/O error: Read timed out"
11:22:58.441 [Forwarding sendKeysToElement on session 77d9a8396d213ed7cdd54773e447e3f3 to remote] DEBUG org.apache.http.impl.conn.DefaultManagedHttpClientConnection - http-outgoing-19: set socket timeout to 10800000
11:22:58.441 [Forwarding sendKeysToElement on session 77d9a8396d213ed7cdd54773e447e3f3 to remote] DEBUG org.apache.http.impl.execchain.MainClientExec - Executing request POST /session/77d9a8396d213ed7cdd54773e447e3f3/element/cec68f7b-821d-4c61-b592-5f897b7593c2/value HTTP/1.1
11:22:58.441 [Forwarding sendKeysToElement on session 77d9a8396d213ed7cdd54773e447e3f3 to remote] DEBUG org.apache.http.impl.execchain.MainClientExec - Target auth state: UNCHALLENGED
11:22:58.441 [Forwarding sendKeysToElement on session 77d9a8396d213ed7cdd54773e447e3f3 to remote] DEBUG org.apache.http.impl.execchain.MainClientExec - Proxy auth state: UNCHALLENGED
11:22:58.441 [Forwarding sendKeysToElement on session 77d9a8396d213ed7cdd54773e447e3f3 to remote] DEBUG org.apache.http.headers - http-outgoing-19 >> POST /session/77d9a8396d213ed7cdd54773e447e3f3/element/cec68f7b-821d-4c61-b592-5f897b7593c2/value HTTP/1.1
11:22:58.441 [Forwarding sendKeysToElement on session 77d9a8396d213ed7cdd54773e447e3f3 to remote] DEBUG org.apache.http.headers - http-outgoing-19 >> Content-Type: application/json; charset=utf-8
11:22:58.441 [Forwarding sendKeysToElement on session 77d9a8396d213ed7cdd54773e447e3f3 to remote] DEBUG org.apache.http.headers - http-outgoing-19 >> Content-Length: 385
11:22:58.441 [Forwarding sendKeysToElement on session 77d9a8396d213ed7cdd54773e447e3f3 to remote] DEBUG org.apache.http.headers - http-outgoing-19 >> Host: localhost:11166
11:22:58.441 [Forwarding sendKeysToElement on session 77d9a8396d213ed7cdd54773e447e3f3 to remote] DEBUG org.apache.http.headers - http-outgoing-19 >> Connection: Keep-Alive
11:22:58.441 [Forwarding sendKeysToElement on session 77d9a8396d213ed7cdd54773e447e3f3 to remote] DEBUG org.apache.http.headers - http-outgoing-19 >> User-Agent: Apache-HttpClient/4.5.3 (Java/1.8.0_211)
11:22:58.441 [Forwarding sendKeysToElement on session 77d9a8396d213ed7cdd54773e447e3f3 to remote] DEBUG org.apache.http.headers - http-outgoing-19 >> Accept-Encoding: gzip,deflate
11:22:58.441 [Forwarding sendKeysToElement on session 77d9a8396d213ed7cdd54773e447e3f3 to remote] DEBUG org.apache.http.wire - http-outgoing-19 >> "POST /session/77d9a8396d213ed7cdd54773e447e3f3/element/cec68f7b-821d-4c61-b592-5f897b7593c2/value HTTP/1.1[\r][\n]"
11:22:58.441 [Forwarding sendKeysToElement on session 77d9a8396d213ed7cdd54773e447e3f3 to remote] DEBUG org.apache.http.wire - http-outgoing-19 >> "Content-Type: application/json; charset=utf-8[\r][\n]"
11:22:58.441 [Forwarding sendKeysToElement on session 77d9a8396d213ed7cdd54773e447e3f3 to remote] DEBUG org.apache.http.wire - http-outgoing-19 >> "Content-Length: 385[\r][\n]"
11:22:58.441 [Forwarding sendKeysToElement on session 77d9a8396d213ed7cdd54773e447e3f3 to remote] DEBUG org.apache.http.wire - http-outgoing-19 >> "Host: localhost:11166[\r][\n]"
11:22:58.441 [Forwarding sendKeysToElement on session 77d9a8396d213ed7cdd54773e447e3f3 to remote] DEBUG org.apache.http.wire - http-outgoing-19 >> "Connection: Keep-Alive[\r][\n]"
11:22:58.441 [Forwarding sendKeysToElement on session 77d9a8396d213ed7cdd54773e447e3f3 to remote] DEBUG org.apache.http.wire - http-outgoing-19 >> "User-Agent: Apache-HttpClient/4.5.3 (Java/1.8.0_211)[\r][\n]"
11:22:58.441 [Forwarding sendKeysToElement on session 77d9a8396d213ed7cdd54773e447e3f3 to remote] DEBUG org.apache.http.wire - http-outgoing-19 >> "Accept-Encoding: gzip,deflate[\r][\n]"
11:22:58.441 [Forwarding sendKeysToElement on session 77d9a8396d213ed7cdd54773e447e3f3 to remote] DEBUG org.apache.http.wire - http-outgoing-19 >> "[\r][\n]"
11:22:58.441 [Forwarding sendKeysToElement on session 77d9a8396d213ed7cdd54773e447e3f3 to remote] DEBUG org.apache.http.wire - http-outgoing-19 >> "{"id":"cec68f7b-821d-4c61-b592-5f897b7593c2","text":"de164ddc64b1783c3ebced73b32c479b3daa203cf323bd738a9ecfc4674d6017","value":["d","e","1","6","4","d","d","c","6","4","b","1","7","8","3","c","3","e","b","c","e","d","7","3","b","3","2","c","4","7","9","b","3","d","a","a","2","0","3","c","f","3","2","3","b","d","7","3","8","a","9","e","c","f","c","4","6","7","4","d","6","0","1","7"]}"
11:22:58.896 [Forwarding sendKeysToElement on session 77d9a8396d213ed7cdd54773e447e3f3 to remote] DEBUG org.apache.http.wire - http-outgoing-19 << "HTTP/1.1 200 OK[\r][\n]"
11:22:58.897 [Forwarding sendKeysToElement on session 77d9a8396d213ed7cdd54773e447e3f3 to remote] DEBUG org.apache.http.wire - http-outgoing-19 << "Content-Length:14[\r][\n]"
11:22:58.897 [Forwarding sendKeysToElement on session 77d9a8396d213ed7cdd54773e447e3f3 to remote] DEBUG org.apache.http.wire - http-outgoing-19 << "Content-Type:application/json; charset=utf-8[\r][\n]"
11:22:58.897 [Forwarding sendKeysToElement on session 77d9a8396d213ed7cdd54773e447e3f3 to remote] DEBUG org.apache.http.wire - http-outgoing-19 << "cache-control:no-cache[\r][\n]"
11:22:58.897 [Forwarding sendKeysToElement on session 77d9a8396d213ed7cdd54773e447e3f3 to remote] DEBUG org.apache.http.wire - http-outgoing-19 << "[\r][\n]"
11:22:58.897 [Forwarding sendKeysToElement on session 77d9a8396d213ed7cdd54773e447e3f3 to remote] DEBUG org.apache.http.wire - http-outgoing-19 << "{"value":null}"
11:22:58.897 [Forwarding sendKeysToElement on session 77d9a8396d213ed7cdd54773e447e3f3 to remote] DEBUG org.apache.http.headers - http-outgoing-19 << HTTP/1.1 200 OK
11:22:58.897 [Forwarding sendKeysToElement on session 77d9a8396d213ed7cdd54773e447e3f3 to remote] DEBUG org.apache.http.headers - http-outgoing-19 << Content-Length:14
11:22:58.897 [Forwarding sendKeysToElement on session 77d9a8396d213ed7cdd54773e447e3f3 to remote] DEBUG org.apache.http.headers - http-outgoing-19 << Content-Type:application/json; charset=utf-8
11:22:58.897 [Forwarding sendKeysToElement on session 77d9a8396d213ed7cdd54773e447e3f3 to remote] DEBUG org.apache.http.headers - http-outgoing-19 << cache-control:no-cache
11:22:58.897 [Forwarding sendKeysToElement on session 77d9a8396d213ed7cdd54773e447e3f3 to remote] DEBUG org.apache.http.impl.execchain.MainClientExec - Connection can be kept alive indefinitely
11:22:58.897 [Forwarding sendKeysToElement on session 77d9a8396d213ed7cdd54773e447e3f3 to remote] DEBUG org.apache.http.impl.conn.PoolingHttpClientConnectionManager - Connection [id: 19][route: {}->http://localhost:11166] can be kept alive indefinitely
11:22:58.897 [Forwarding sendKeysToElement on session 77d9a8396d213ed7cdd54773e447e3f3 to remote] DEBUG org.apache.http.impl.conn.PoolingHttpClientConnectionManager - Connection released: [id: 19][route: {}->http://localhost:11166][total kept alive: 20; route allocated: 1 of 2000; total allocated: 20 of 2000]
11:22:58.897 [Forwarding findElement on session 77d9a8396d213ed7cdd54773e447e3f3 to remote] DEBUG org.apache.http.client.protocol.RequestAddCookies - CookieSpec selected: default
11:22:58.897 [Forwarding findElement on session 77d9a8396d213ed7cdd54773e447e3f3 to remote] DEBUG org.apache.http.client.protocol.RequestAuthCache - Auth cache not set in the context
11:22:58.897 [Forwarding findElement on session 77d9a8396d213ed7cdd54773e447e3f3 to remote] DEBUG org.apache.http.impl.conn.PoolingHttpClientConnectionManager - Connection request: [route: {}->http://localhost:11166][total kept alive: 20; route allocated: 1 of 2000; total allocated: 20 of 2000]
11:22:58.897 [Forwarding findElement on session 77d9a8396d213ed7cdd54773e447e3f3 to remote] DEBUG org.apache.http.impl.conn.PoolingHttpClientConnectionManager - Connection leased: [id: 19][route: {}->http://localhost:11166][total kept alive: 19; route allocated: 1 of 2000; total allocated: 20 of 2000]
11:22:58.897 [Forwarding findElement on session 77d9a8396d213ed7cdd54773e447e3f3 to remote] DEBUG org.apache.http.impl.execchain.MainClientExec - Stale connection check
11:22:58.898 [Forwarding findElement on session 77d9a8396d213ed7cdd54773e447e3f3 to remote] DEBUG org.apache.http.wire - http-outgoing-19 << "[read] I/O error: Read timed out"
11:22:58.898 [Forwarding findElement on session 77d9a8396d213ed7cdd54773e447e3f3 to remote] DEBUG org.apache.http.impl.conn.DefaultManagedHttpClientConnection - http-outgoing-19: set socket timeout to 10800000
11:22:58.898 [Forwarding findElement on session 77d9a8396d213ed7cdd54773e447e3f3 to remote] DEBUG org.apache.http.impl.execchain.MainClientExec - Executing request POST /session/77d9a8396d213ed7cdd54773e447e3f3/element HTTP/1.1
11:22:58.898 [Forwarding findElement on session 77d9a8396d213ed7cdd54773e447e3f3 to remote] DEBUG org.apache.http.impl.execchain.MainClientExec - Target auth state: UNCHALLENGED
11:22:58.898 [Forwarding findElement on session 77d9a8396d213ed7cdd54773e447e3f3 to remote] DEBUG org.apache.http.impl.execchain.MainClientExec - Proxy auth state: UNCHALLENGED
11:22:58.898 [Forwarding findElement on session 77d9a8396d213ed7cdd54773e447e3f3 to remote] DEBUG org.apache.http.headers - http-outgoing-19 >> POST /session/77d9a8396d213ed7cdd54773e447e3f3/element HTTP/1.1
11:22:58.898 [Forwarding findElement on session 77d9a8396d213ed7cdd54773e447e3f3 to remote] DEBUG org.apache.http.headers - http-outgoing-19 >> Content-Type: application/json; charset=utf-8
11:22:58.898 [Forwarding findElement on session 77d9a8396d213ed7cdd54773e447e3f3 to remote] DEBUG org.apache.http.headers - http-outgoing-19 >> Content-Length: 59
11:22:58.898 [Forwarding findElement on session 77d9a8396d213ed7cdd54773e447e3f3 to remote] DEBUG org.apache.http.headers - http-outgoing-19 >> Host: localhost:11166
11:22:58.898 [Forwarding findElement on session 77d9a8396d213ed7cdd54773e447e3f3 to remote] DEBUG org.apache.http.headers - http-outgoing-19 >> Connection: Keep-Alive
11:22:58.898 [Forwarding findElement on session 77d9a8396d213ed7cdd54773e447e3f3 to remote] DEBUG org.apache.http.headers - http-outgoing-19 >> User-Agent: Apache-HttpClient/4.5.3 (Java/1.8.0_211)
11:22:58.898 [Forwarding findElement on session 77d9a8396d213ed7cdd54773e447e3f3 to remote] DEBUG org.apache.http.headers - http-outgoing-19 >> Accept-Encoding: gzip,deflate
11:22:58.898 [Forwarding findElement on session 77d9a8396d213ed7cdd54773e447e3f3 to remote] DEBUG org.apache.http.wire - http-outgoing-19 >> "POST /session/77d9a8396d213ed7cdd54773e447e3f3/element HTTP/1.1[\r][\n]"
11:22:58.898 [Forwarding findElement on session 77d9a8396d213ed7cdd54773e447e3f3 to remote] DEBUG org.apache.http.wire - http-outgoing-19 >> "Content-Type: application/json; charset=utf-8[\r][\n]"
11:22:58.898 [Forwarding findElement on session 77d9a8396d213ed7cdd54773e447e3f3 to remote] DEBUG org.apache.http.wire - http-outgoing-19 >> "Content-Length: 59[\r][\n]"
11:22:58.898 [Forwarding findElement on session 77d9a8396d213ed7cdd54773e447e3f3 to remote] DEBUG org.apache.http.wire - http-outgoing-19 >> "Host: localhost:11166[\r][\n]"
11:22:58.898 [Forwarding findElement on session 77d9a8396d213ed7cdd54773e447e3f3 to remote] DEBUG org.apache.http.wire - http-outgoing-19 >> "Connection: Keep-Alive[\r][\n]"
11:22:58.898 [Forwarding findElement on session 77d9a8396d213ed7cdd54773e447e3f3 to remote] DEBUG org.apache.http.wire - http-outgoing-19 >> "User-Agent: Apache-HttpClient/4.5.3 (Java/1.8.0_211)[\r][\n]"
11:22:58.898 [Forwarding findElement on session 77d9a8396d213ed7cdd54773e447e3f3 to remote] DEBUG org.apache.http.wire - http-outgoing-19 >> "Accept-Encoding: gzip,deflate[\r][\n]"
11:22:58.898 [Forwarding findElement on session 77d9a8396d213ed7cdd54773e447e3f3 to remote] DEBUG org.apache.http.wire - http-outgoing-19 >> "[\r][\n]"
11:22:58.898 [Forwarding findElement on session 77d9a8396d213ed7cdd54773e447e3f3 to remote] DEBUG org.apache.http.wire - http-outgoing-19 >> "{"value":".btn-danger:nth-child(3)","using":"css selector"}"
11:22:58.904 [Forwarding findElement on session 77d9a8396d213ed7cdd54773e447e3f3 to remote] DEBUG org.apache.http.wire - http-outgoing-19 << "HTTP/1.1 200 OK[\r][\n]"
11:22:58.904 [Forwarding findElement on session 77d9a8396d213ed7cdd54773e447e3f3 to remote] DEBUG org.apache.http.wire - http-outgoing-19 << "Content-Length:88[\r][\n]"
11:22:58.904 [Forwarding findElement on session 77d9a8396d213ed7cdd54773e447e3f3 to remote] DEBUG org.apache.http.wire - http-outgoing-19 << "Content-Type:application/json; charset=utf-8[\r][\n]"
11:22:58.904 [Forwarding findElement on session 77d9a8396d213ed7cdd54773e447e3f3 to remote] DEBUG org.apache.http.wire - http-outgoing-19 << "cache-control:no-cache[\r][\n]"
11:22:58.904 [Forwarding findElement on session 77d9a8396d213ed7cdd54773e447e3f3 to remote] DEBUG org.apache.http.wire - http-outgoing-19 << "[\r][\n]"
11:22:58.904 [Forwarding findElement on session 77d9a8396d213ed7cdd54773e447e3f3 to remote] DEBUG org.apache.http.wire - http-outgoing-19 << "{"value":{"element-6066-11e4-a52e-4f735466cecf":"d062f693-ba35-4397-90c6-4a834d119410"}}"
11:22:58.904 [Forwarding findElement on session 77d9a8396d213ed7cdd54773e447e3f3 to remote] DEBUG org.apache.http.headers - http-outgoing-19 << HTTP/1.1 200 OK
11:22:58.904 [Forwarding findElement on session 77d9a8396d213ed7cdd54773e447e3f3 to remote] DEBUG org.apache.http.headers - http-outgoing-19 << Content-Length:88
11:22:58.904 [Forwarding findElement on session 77d9a8396d213ed7cdd54773e447e3f3 to remote] DEBUG org.apache.http.headers - http-outgoing-19 << Content-Type:application/json; charset=utf-8
11:22:58.904 [Forwarding findElement on session 77d9a8396d213ed7cdd54773e447e3f3 to remote] DEBUG org.apache.http.headers - http-outgoing-19 << cache-control:no-cache
11:22:58.904 [Forwarding findElement on session 77d9a8396d213ed7cdd54773e447e3f3 to remote] DEBUG org.apache.http.impl.execchain.MainClientExec - Connection can be kept alive indefinitely
11:22:58.904 [Forwarding findElement on session 77d9a8396d213ed7cdd54773e447e3f3 to remote] DEBUG org.apache.http.impl.conn.PoolingHttpClientConnectionManager - Connection [id: 19][route: {}->http://localhost:11166] can be kept alive indefinitely
11:22:58.904 [Forwarding findElement on session 77d9a8396d213ed7cdd54773e447e3f3 to remote] DEBUG org.apache.http.impl.conn.PoolingHttpClientConnectionManager - Connection released: [id: 19][route: {}->http://localhost:11166][total kept alive: 20; route allocated: 1 of 2000; total allocated: 20 of 2000]
11:22:58.904 [Forwarding clickElement on session 77d9a8396d213ed7cdd54773e447e3f3 to remote] DEBUG org.apache.http.client.protocol.RequestAddCookies - CookieSpec selected: default
11:22:58.904 [Forwarding clickElement on session 77d9a8396d213ed7cdd54773e447e3f3 to remote] DEBUG org.apache.http.client.protocol.RequestAuthCache - Auth cache not set in the context
11:22:58.904 [Forwarding clickElement on session 77d9a8396d213ed7cdd54773e447e3f3 to remote] DEBUG org.apache.http.impl.conn.PoolingHttpClientConnectionManager - Connection request: [route: {}->http://localhost:11166][total kept alive: 20; route allocated: 1 of 2000; total allocated: 20 of 2000]
11:22:58.904 [Forwarding clickElement on session 77d9a8396d213ed7cdd54773e447e3f3 to remote] DEBUG org.apache.http.impl.conn.PoolingHttpClientConnectionManager - Connection leased: [id: 19][route: {}->http://localhost:11166][total kept alive: 19; route allocated: 1 of 2000; total allocated: 20 of 2000]
11:22:58.904 [Forwarding clickElement on session 77d9a8396d213ed7cdd54773e447e3f3 to remote] DEBUG org.apache.http.impl.execchain.MainClientExec - Stale connection check
11:22:58.905 [Forwarding clickElement on session 77d9a8396d213ed7cdd54773e447e3f3 to remote] DEBUG org.apache.http.wire - http-outgoing-19 << "[read] I/O error: Read timed out"
11:22:58.905 [Forwarding clickElement on session 77d9a8396d213ed7cdd54773e447e3f3 to remote] DEBUG org.apache.http.impl.conn.DefaultManagedHttpClientConnection - http-outgoing-19: set socket timeout to 10800000
11:22:58.905 [Forwarding clickElement on session 77d9a8396d213ed7cdd54773e447e3f3 to remote] DEBUG org.apache.http.impl.execchain.MainClientExec - Executing request POST /session/77d9a8396d213ed7cdd54773e447e3f3/element/d062f693-ba35-4397-90c6-4a834d119410/click HTTP/1.1
11:22:58.905 [Forwarding clickElement on session 77d9a8396d213ed7cdd54773e447e3f3 to remote] DEBUG org.apache.http.impl.execchain.MainClientExec - Target auth state: UNCHALLENGED
11:22:58.906 [Forwarding clickElement on session 77d9a8396d213ed7cdd54773e447e3f3 to remote] DEBUG org.apache.http.impl.execchain.MainClientExec - Proxy auth state: UNCHALLENGED
11:22:58.906 [Forwarding clickElement on session 77d9a8396d213ed7cdd54773e447e3f3 to remote] DEBUG org.apache.http.headers - http-outgoing-19 >> POST /session/77d9a8396d213ed7cdd54773e447e3f3/element/d062f693-ba35-4397-90c6-4a834d119410/click HTTP/1.1
11:22:58.906 [Forwarding clickElement on session 77d9a8396d213ed7cdd54773e447e3f3 to remote] DEBUG org.apache.http.headers - http-outgoing-19 >> Content-Type: application/json; charset=utf-8
11:22:58.906 [Forwarding clickElement on session 77d9a8396d213ed7cdd54773e447e3f3 to remote] DEBUG org.apache.http.headers - http-outgoing-19 >> Content-Length: 45
11:22:58.906 [Forwarding clickElement on session 77d9a8396d213ed7cdd54773e447e3f3 to remote] DEBUG org.apache.http.headers - http-outgoing-19 >> Host: localhost:11166
11:22:58.906 [Forwarding clickElement on session 77d9a8396d213ed7cdd54773e447e3f3 to remote] DEBUG org.apache.http.headers - http-outgoing-19 >> Connection: Keep-Alive
11:22:58.906 [Forwarding clickElement on session 77d9a8396d213ed7cdd54773e447e3f3 to remote] DEBUG org.apache.http.headers - http-outgoing-19 >> User-Agent: Apache-HttpClient/4.5.3 (Java/1.8.0_211)
11:22:58.906 [Forwarding clickElement on session 77d9a8396d213ed7cdd54773e447e3f3 to remote] DEBUG org.apache.http.headers - http-outgoing-19 >> Accept-Encoding: gzip,deflate
11:22:58.906 [Forwarding clickElement on session 77d9a8396d213ed7cdd54773e447e3f3 to remote] DEBUG org.apache.http.wire - http-outgoing-19 >> "POST /session/77d9a8396d213ed7cdd54773e447e3f3/element/d062f693-ba35-4397-90c6-4a834d119410/click HTTP/1.1[\r][\n]"
11:22:58.906 [Forwarding clickElement on session 77d9a8396d213ed7cdd54773e447e3f3 to remote] DEBUG org.apache.http.wire - http-outgoing-19 >> "Content-Type: application/json; charset=utf-8[\r][\n]"
11:22:58.906 [Forwarding clickElement on session 77d9a8396d213ed7cdd54773e447e3f3 to remote] DEBUG org.apache.http.wire - http-outgoing-19 >> "Content-Length: 45[\r][\n]"
11:22:58.906 [Forwarding clickElement on session 77d9a8396d213ed7cdd54773e447e3f3 to remote] DEBUG org.apache.http.wire - http-outgoing-19 >> "Host: localhost:11166[\r][\n]"
11:22:58.906 [Forwarding clickElement on session 77d9a8396d213ed7cdd54773e447e3f3 to remote] DEBUG org.apache.http.wire - http-outgoing-19 >> "Connection: Keep-Alive[\r][\n]"
11:22:58.906 [Forwarding clickElement on session 77d9a8396d213ed7cdd54773e447e3f3 to remote] DEBUG org.apache.http.wire - http-outgoing-19 >> "User-Agent: Apache-HttpClient/4.5.3 (Java/1.8.0_211)[\r][\n]"
11:22:58.906 [Forwarding clickElement on session 77d9a8396d213ed7cdd54773e447e3f3 to remote] DEBUG org.apache.http.wire - http-outgoing-19 >> "Accept-Encoding: gzip,deflate[\r][\n]"
11:22:58.906 [Forwarding clickElement on session 77d9a8396d213ed7cdd54773e447e3f3 to remote] DEBUG org.apache.http.wire - http-outgoing-19 >> "[\r][\n]"
11:22:58.906 [Forwarding clickElement on session 77d9a8396d213ed7cdd54773e447e3f3 to remote] DEBUG org.apache.http.wire - http-outgoing-19 >> "{"id":"d062f693-ba35-4397-90c6-4a834d119410"}"
11:22:59.033 [Forwarding clickElement on session 77d9a8396d213ed7cdd54773e447e3f3 to remote] DEBUG org.apache.http.wire - http-outgoing-19 << "HTTP/1.1 200 OK[\r][\n]"
11:22:59.033 [Forwarding clickElement on session 77d9a8396d213ed7cdd54773e447e3f3 to remote] DEBUG org.apache.http.wire - http-outgoing-19 << "Content-Length:14[\r][\n]"
11:22:59.033 [Forwarding clickElement on session 77d9a8396d213ed7cdd54773e447e3f3 to remote] DEBUG org.apache.http.wire - http-outgoing-19 << "Content-Type:application/json; charset=utf-8[\r][\n]"
11:22:59.033 [Forwarding clickElement on session 77d9a8396d213ed7cdd54773e447e3f3 to remote] DEBUG org.apache.http.wire - http-outgoing-19 << "cache-control:no-cache[\r][\n]"
11:22:59.033 [Forwarding clickElement on session 77d9a8396d213ed7cdd54773e447e3f3 to remote] DEBUG org.apache.http.wire - http-outgoing-19 << "[\r][\n]"
11:22:59.033 [Forwarding clickElement on session 77d9a8396d213ed7cdd54773e447e3f3 to remote] DEBUG org.apache.http.wire - http-outgoing-19 << "{"value":null}"
11:22:59.033 [Forwarding clickElement on session 77d9a8396d213ed7cdd54773e447e3f3 to remote] DEBUG org.apache.http.headers - http-outgoing-19 << HTTP/1.1 200 OK
11:22:59.033 [Forwarding clickElement on session 77d9a8396d213ed7cdd54773e447e3f3 to remote] DEBUG org.apache.http.headers - http-outgoing-19 << Content-Length:14
11:22:59.033 [Forwarding clickElement on session 77d9a8396d213ed7cdd54773e447e3f3 to remote] DEBUG org.apache.http.headers - http-outgoing-19 << Content-Type:application/json; charset=utf-8
11:22:59.033 [Forwarding clickElement on session 77d9a8396d213ed7cdd54773e447e3f3 to remote] DEBUG org.apache.http.headers - http-outgoing-19 << cache-control:no-cache
11:22:59.033 [Forwarding clickElement on session 77d9a8396d213ed7cdd54773e447e3f3 to remote] DEBUG org.apache.http.impl.execchain.MainClientExec - Connection can be kept alive indefinitely
11:22:59.033 [Forwarding clickElement on session 77d9a8396d213ed7cdd54773e447e3f3 to remote] DEBUG org.apache.http.impl.conn.PoolingHttpClientConnectionManager - Connection [id: 19][route: {}->http://localhost:11166] can be kept alive indefinitely
11:22:59.033 [Forwarding clickElement on session 77d9a8396d213ed7cdd54773e447e3f3 to remote] DEBUG org.apache.http.impl.conn.PoolingHttpClientConnectionManager - Connection released: [id: 19][route: {}->http://localhost:11166][total kept alive: 20; route allocated: 1 of 2000; total allocated: 20 of 2000]
11:22:59.234 [Forwarding findElement on session 77d9a8396d213ed7cdd54773e447e3f3 to remote] DEBUG org.apache.http.client.protocol.RequestAddCookies - CookieSpec selected: default
11:22:59.234 [Forwarding findElement on session 77d9a8396d213ed7cdd54773e447e3f3 to remote] DEBUG org.apache.http.client.protocol.RequestAuthCache - Auth cache not set in the context
11:22:59.234 [Forwarding findElement on session 77d9a8396d213ed7cdd54773e447e3f3 to remote] DEBUG org.apache.http.impl.conn.PoolingHttpClientConnectionManager - Connection request: [route: {}->http://localhost:11166][total kept alive: 20; route allocated: 1 of 2000; total allocated: 20 of 2000]
11:22:59.234 [Forwarding findElement on session 77d9a8396d213ed7cdd54773e447e3f3 to remote] DEBUG org.apache.http.impl.conn.PoolingHttpClientConnectionManager - Connection leased: [id: 19][route: {}->http://localhost:11166][total kept alive: 19; route allocated: 1 of 2000; total allocated: 20 of 2000]
11:22:59.234 [Forwarding findElement on session 77d9a8396d213ed7cdd54773e447e3f3 to remote] DEBUG org.apache.http.impl.execchain.MainClientExec - Stale connection check
11:22:59.235 [Forwarding findElement on session 77d9a8396d213ed7cdd54773e447e3f3 to remote] DEBUG org.apache.http.wire - http-outgoing-19 << "[read] I/O error: Read timed out"
11:22:59.235 [Forwarding findElement on session 77d9a8396d213ed7cdd54773e447e3f3 to remote] DEBUG org.apache.http.impl.conn.DefaultManagedHttpClientConnection - http-outgoing-19: set socket timeout to 10800000
11:22:59.235 [Forwarding findElement on session 77d9a8396d213ed7cdd54773e447e3f3 to remote] DEBUG org.apache.http.impl.execchain.MainClientExec - Executing request POST /session/77d9a8396d213ed7cdd54773e447e3f3/element HTTP/1.1
11:22:59.235 [Forwarding findElement on session 77d9a8396d213ed7cdd54773e447e3f3 to remote] DEBUG org.apache.http.impl.execchain.MainClientExec - Target auth state: UNCHALLENGED
11:22:59.235 [Forwarding findElement on session 77d9a8396d213ed7cdd54773e447e3f3 to remote] DEBUG org.apache.http.impl.execchain.MainClientExec - Proxy auth state: UNCHALLENGED
11:22:59.235 [Forwarding findElement on session 77d9a8396d213ed7cdd54773e447e3f3 to remote] DEBUG org.apache.http.headers - http-outgoing-19 >> POST /session/77d9a8396d213ed7cdd54773e447e3f3/element HTTP/1.1
11:22:59.235 [Forwarding findElement on session 77d9a8396d213ed7cdd54773e447e3f3 to remote] DEBUG org.apache.http.headers - http-outgoing-19 >> Content-Type: application/json; charset=utf-8
11:22:59.235 [Forwarding findElement on session 77d9a8396d213ed7cdd54773e447e3f3 to remote] DEBUG org.apache.http.headers - http-outgoing-19 >> Content-Length: 71
11:22:59.235 [Forwarding findElement on session 77d9a8396d213ed7cdd54773e447e3f3 to remote] DEBUG org.apache.http.headers - http-outgoing-19 >> Host: localhost:11166
11:22:59.235 [Forwarding findElement on session 77d9a8396d213ed7cdd54773e447e3f3 to remote] DEBUG org.apache.http.headers - http-outgoing-19 >> Connection: Keep-Alive
11:22:59.235 [Forwarding findElement on session 77d9a8396d213ed7cdd54773e447e3f3 to remote] DEBUG org.apache.http.headers - http-outgoing-19 >> User-Agent: Apache-HttpClient/4.5.3 (Java/1.8.0_211)
11:22:59.235 [Forwarding findElement on session 77d9a8396d213ed7cdd54773e447e3f3 to remote] DEBUG org.apache.http.headers - http-outgoing-19 >> Accept-Encoding: gzip,deflate
11:22:59.235 [Forwarding findElement on session 77d9a8396d213ed7cdd54773e447e3f3 to remote] DEBUG org.apache.http.wire - http-outgoing-19 >> "POST /session/77d9a8396d213ed7cdd54773e447e3f3/element HTTP/1.1[\r][\n]"
11:22:59.235 [Forwarding findElement on session 77d9a8396d213ed7cdd54773e447e3f3 to remote] DEBUG org.apache.http.wire - http-outgoing-19 >> "Content-Type: application/json; charset=utf-8[\r][\n]"
11:22:59.235 [Forwarding findElement on session 77d9a8396d213ed7cdd54773e447e3f3 to remote] DEBUG org.apache.http.wire - http-outgoing-19 >> "Content-Length: 71[\r][\n]"
11:22:59.235 [Forwarding findElement on session 77d9a8396d213ed7cdd54773e447e3f3 to remote] DEBUG org.apache.http.wire - http-outgoing-19 >> "Host: localhost:11166[\r][\n]"
11:22:59.235 [Forwarding findElement on session 77d9a8396d213ed7cdd54773e447e3f3 to remote] DEBUG org.apache.http.wire - http-outgoing-19 >> "Connection: Keep-Alive[\r][\n]"
11:22:59.235 [Forwarding findElement on session 77d9a8396d213ed7cdd54773e447e3f3 to remote] DEBUG org.apache.http.wire - http-outgoing-19 >> "User-Agent: Apache-HttpClient/4.5.3 (Java/1.8.0_211)[\r][\n]"
11:22:59.235 [Forwarding findElement on session 77d9a8396d213ed7cdd54773e447e3f3 to remote] DEBUG org.apache.http.wire - http-outgoing-19 >> "Accept-Encoding: gzip,deflate[\r][\n]"
11:22:59.235 [Forwarding findElement on session 77d9a8396d213ed7cdd54773e447e3f3 to remote] DEBUG org.apache.http.wire - http-outgoing-19 >> "[\r][\n]"
11:22:59.235 [Forwarding findElement on session 77d9a8396d213ed7cdd54773e447e3f3 to remote] DEBUG org.apache.http.wire - http-outgoing-19 >> "{"value":".dropdown-toggle > span:nth-child(1)","using":"css selector"}"
11:22:59.994 [Forwarding findElement on session 77d9a8396d213ed7cdd54773e447e3f3 to remote] DEBUG org.apache.http.wire - http-outgoing-19 << "HTTP/1.1 200 OK[\r][\n]"
11:22:59.994 [Forwarding findElement on session 77d9a8396d213ed7cdd54773e447e3f3 to remote] DEBUG org.apache.http.wire - http-outgoing-19 << "Content-Length:88[\r][\n]"
11:22:59.994 [Forwarding findElement on session 77d9a8396d213ed7cdd54773e447e3f3 to remote] DEBUG org.apache.http.wire - http-outgoing-19 << "Content-Type:application/json; charset=utf-8[\r][\n]"
11:22:59.994 [Forwarding findElement on session 77d9a8396d213ed7cdd54773e447e3f3 to remote] DEBUG org.apache.http.wire - http-outgoing-19 << "cache-control:no-cache[\r][\n]"
11:22:59.994 [Forwarding findElement on session 77d9a8396d213ed7cdd54773e447e3f3 to remote] DEBUG org.apache.http.wire - http-outgoing-19 << "[\r][\n]"
11:22:59.994 [Forwarding findElement on session 77d9a8396d213ed7cdd54773e447e3f3 to remote] DEBUG org.apache.http.wire - http-outgoing-19 << "{"value":{"element-6066-11e4-a52e-4f735466cecf":"4dcb5650-b359-4654-b35f-c3feb9b68e24"}}"
11:22:59.994 [Forwarding findElement on session 77d9a8396d213ed7cdd54773e447e3f3 to remote] DEBUG org.apache.http.headers - http-outgoing-19 << HTTP/1.1 200 OK
11:22:59.994 [Forwarding findElement on session 77d9a8396d213ed7cdd54773e447e3f3 to remote] DEBUG org.apache.http.headers - http-outgoing-19 << Content-Length:88
11:22:59.994 [Forwarding findElement on session 77d9a8396d213ed7cdd54773e447e3f3 to remote] DEBUG org.apache.http.headers - http-outgoing-19 << Content-Type:application/json; charset=utf-8
11:22:59.994 [Forwarding findElement on session 77d9a8396d213ed7cdd54773e447e3f3 to remote] DEBUG org.apache.http.headers - http-outgoing-19 << cache-control:no-cache
11:22:59.994 [Forwarding findElement on session 77d9a8396d213ed7cdd54773e447e3f3 to remote] DEBUG org.apache.http.impl.execchain.MainClientExec - Connection can be kept alive indefinitely
11:22:59.994 [Forwarding findElement on session 77d9a8396d213ed7cdd54773e447e3f3 to remote] DEBUG org.apache.http.impl.conn.PoolingHttpClientConnectionManager - Connection [id: 19][route: {}->http://localhost:11166] can be kept alive indefinitely
11:22:59.994 [Forwarding findElement on session 77d9a8396d213ed7cdd54773e447e3f3 to remote] DEBUG org.apache.http.impl.conn.PoolingHttpClientConnectionManager - Connection released: [id: 19][route: {}->http://localhost:11166][total kept alive: 20; route allocated: 1 of 2000; total allocated: 20 of 2000]
11:22:59.994 [Forwarding clickElement on session 77d9a8396d213ed7cdd54773e447e3f3 to remote] DEBUG org.apache.http.client.protocol.RequestAddCookies - CookieSpec selected: default
11:22:59.994 [Forwarding clickElement on session 77d9a8396d213ed7cdd54773e447e3f3 to remote] DEBUG org.apache.http.client.protocol.RequestAuthCache - Auth cache not set in the context
11:22:59.994 [Forwarding clickElement on session 77d9a8396d213ed7cdd54773e447e3f3 to remote] DEBUG org.apache.http.impl.conn.PoolingHttpClientConnectionManager - Connection request: [route: {}->http://localhost:11166][total kept alive: 20; route allocated: 1 of 2000; total allocated: 20 of 2000]
11:22:59.994 [Forwarding clickElement on session 77d9a8396d213ed7cdd54773e447e3f3 to remote] DEBUG org.apache.http.impl.conn.PoolingHttpClientConnectionManager - Connection leased: [id: 19][route: {}->http://localhost:11166][total kept alive: 19; route allocated: 1 of 2000; total allocated: 20 of 2000]
11:22:59.994 [Forwarding clickElement on session 77d9a8396d213ed7cdd54773e447e3f3 to remote] DEBUG org.apache.http.impl.execchain.MainClientExec - Stale connection check
11:22:59.995 [Forwarding clickElement on session 77d9a8396d213ed7cdd54773e447e3f3 to remote] DEBUG org.apache.http.wire - http-outgoing-19 << "[read] I/O error: Read timed out"
11:22:59.995 [Forwarding clickElement on session 77d9a8396d213ed7cdd54773e447e3f3 to remote] DEBUG org.apache.http.impl.conn.DefaultManagedHttpClientConnection - http-outgoing-19: set socket timeout to 10800000
11:22:59.995 [Forwarding clickElement on session 77d9a8396d213ed7cdd54773e447e3f3 to remote] DEBUG org.apache.http.impl.execchain.MainClientExec - Executing request POST /session/77d9a8396d213ed7cdd54773e447e3f3/element/4dcb5650-b359-4654-b35f-c3feb9b68e24/click HTTP/1.1
11:22:59.996 [Forwarding clickElement on session 77d9a8396d213ed7cdd54773e447e3f3 to remote] DEBUG org.apache.http.impl.execchain.MainClientExec - Target auth state: UNCHALLENGED
11:22:59.996 [Forwarding clickElement on session 77d9a8396d213ed7cdd54773e447e3f3 to remote] DEBUG org.apache.http.impl.execchain.MainClientExec - Proxy auth state: UNCHALLENGED
11:22:59.996 [Forwarding clickElement on session 77d9a8396d213ed7cdd54773e447e3f3 to remote] DEBUG org.apache.http.headers - http-outgoing-19 >> POST /session/77d9a8396d213ed7cdd54773e447e3f3/element/4dcb5650-b359-4654-b35f-c3feb9b68e24/click HTTP/1.1
11:22:59.996 [Forwarding clickElement on session 77d9a8396d213ed7cdd54773e447e3f3 to remote] DEBUG org.apache.http.headers - http-outgoing-19 >> Content-Type: application/json; charset=utf-8
11:22:59.996 [Forwarding clickElement on session 77d9a8396d213ed7cdd54773e447e3f3 to remote] DEBUG org.apache.http.headers - http-outgoing-19 >> Content-Length: 45
11:22:59.996 [Forwarding clickElement on session 77d9a8396d213ed7cdd54773e447e3f3 to remote] DEBUG org.apache.http.headers - http-outgoing-19 >> Host: localhost:11166
11:22:59.996 [Forwarding clickElement on session 77d9a8396d213ed7cdd54773e447e3f3 to remote] DEBUG org.apache.http.headers - http-outgoing-19 >> Connection: Keep-Alive
11:22:59.996 [Forwarding clickElement on session 77d9a8396d213ed7cdd54773e447e3f3 to remote] DEBUG org.apache.http.headers - http-outgoing-19 >> User-Agent: Apache-HttpClient/4.5.3 (Java/1.8.0_211)
11:22:59.996 [Forwarding clickElement on session 77d9a8396d213ed7cdd54773e447e3f3 to remote] DEBUG org.apache.http.headers - http-outgoing-19 >> Accept-Encoding: gzip,deflate
11:22:59.996 [Forwarding clickElement on session 77d9a8396d213ed7cdd54773e447e3f3 to remote] DEBUG org.apache.http.wire - http-outgoing-19 >> "POST /session/77d9a8396d213ed7cdd54773e447e3f3/element/4dcb5650-b359-4654-b35f-c3feb9b68e24/click HTTP/1.1[\r][\n]"
11:22:59.996 [Forwarding clickElement on session 77d9a8396d213ed7cdd54773e447e3f3 to remote] DEBUG org.apache.http.wire - http-outgoing-19 >> "Content-Type: application/json; charset=utf-8[\r][\n]"
11:22:59.996 [Forwarding clickElement on session 77d9a8396d213ed7cdd54773e447e3f3 to remote] DEBUG org.apache.http.wire - http-outgoing-19 >> "Content-Length: 45[\r][\n]"
11:22:59.996 [Forwarding clickElement on session 77d9a8396d213ed7cdd54773e447e3f3 to remote] DEBUG org.apache.http.wire - http-outgoing-19 >> "Host: localhost:11166[\r][\n]"
11:22:59.996 [Forwarding clickElement on session 77d9a8396d213ed7cdd54773e447e3f3 to remote] DEBUG org.apache.http.wire - http-outgoing-19 >> "Connection: Keep-Alive[\r][\n]"
11:22:59.996 [Forwarding clickElement on session 77d9a8396d213ed7cdd54773e447e3f3 to remote] DEBUG org.apache.http.wire - http-outgoing-19 >> "User-Agent: Apache-HttpClient/4.5.3 (Java/1.8.0_211)[\r][\n]"
11:22:59.996 [Forwarding clickElement on session 77d9a8396d213ed7cdd54773e447e3f3 to remote] DEBUG org.apache.http.wire - http-outgoing-19 >> "Accept-Encoding: gzip,deflate[\r][\n]"
11:22:59.996 [Forwarding clickElement on session 77d9a8396d213ed7cdd54773e447e3f3 to remote] DEBUG org.apache.http.wire - http-outgoing-19 >> "[\r][\n]"
11:22:59.996 [Forwarding clickElement on session 77d9a8396d213ed7cdd54773e447e3f3 to remote] DEBUG org.apache.http.wire - http-outgoing-19 >> "{"id":"4dcb5650-b359-4654-b35f-c3feb9b68e24"}"
11:23:00.320 [Forwarding clickElement on session 77d9a8396d213ed7cdd54773e447e3f3 to remote] DEBUG org.apache.http.wire - http-outgoing-19 << "HTTP/1.1 200 OK[\r][\n]"
11:23:00.320 [Forwarding clickElement on session 77d9a8396d213ed7cdd54773e447e3f3 to remote] DEBUG org.apache.http.wire - http-outgoing-19 << "Content-Length:14[\r][\n]"
11:23:00.320 [Forwarding clickElement on session 77d9a8396d213ed7cdd54773e447e3f3 to remote] DEBUG org.apache.http.wire - http-outgoing-19 << "Content-Type:application/json; charset=utf-8[\r][\n]"
11:23:00.320 [Forwarding clickElement on session 77d9a8396d213ed7cdd54773e447e3f3 to remote] DEBUG org.apache.http.wire - http-outgoing-19 << "cache-control:no-cache[\r][\n]"
11:23:00.320 [Forwarding clickElement on session 77d9a8396d213ed7cdd54773e447e3f3 to remote] DEBUG org.apache.http.wire - http-outgoing-19 << "[\r][\n]"
11:23:00.320 [Forwarding clickElement on session 77d9a8396d213ed7cdd54773e447e3f3 to remote] DEBUG org.apache.http.wire - http-outgoing-19 << "{"value":null}"
11:23:00.320 [Forwarding clickElement on session 77d9a8396d213ed7cdd54773e447e3f3 to remote] DEBUG org.apache.http.headers - http-outgoing-19 << HTTP/1.1 200 OK
11:23:00.320 [Forwarding clickElement on session 77d9a8396d213ed7cdd54773e447e3f3 to remote] DEBUG org.apache.http.headers - http-outgoing-19 << Content-Length:14
11:23:00.320 [Forwarding clickElement on session 77d9a8396d213ed7cdd54773e447e3f3 to remote] DEBUG org.apache.http.headers - http-outgoing-19 << Content-Type:application/json; charset=utf-8
11:23:00.320 [Forwarding clickElement on session 77d9a8396d213ed7cdd54773e447e3f3 to remote] DEBUG org.apache.http.headers - http-outgoing-19 << cache-control:no-cache
11:23:00.321 [Forwarding clickElement on session 77d9a8396d213ed7cdd54773e447e3f3 to remote] DEBUG org.apache.http.impl.execchain.MainClientExec - Connection can be kept alive indefinitely
11:23:00.321 [Forwarding clickElement on session 77d9a8396d213ed7cdd54773e447e3f3 to remote] DEBUG org.apache.http.impl.conn.PoolingHttpClientConnectionManager - Connection [id: 19][route: {}->http://localhost:11166] can be kept alive indefinitely
11:23:00.321 [Forwarding clickElement on session 77d9a8396d213ed7cdd54773e447e3f3 to remote] DEBUG org.apache.http.impl.conn.PoolingHttpClientConnectionManager - Connection released: [id: 19][route: {}->http://localhost:11166][total kept alive: 20; route allocated: 1 of 2000; total allocated: 20 of 2000]
11:23:00.321 [Forwarding findElement on session 77d9a8396d213ed7cdd54773e447e3f3 to remote] DEBUG org.apache.http.client.protocol.RequestAddCookies - CookieSpec selected: default
11:23:00.321 [Forwarding findElement on session 77d9a8396d213ed7cdd54773e447e3f3 to remote] DEBUG org.apache.http.client.protocol.RequestAuthCache - Auth cache not set in the context
11:23:00.321 [Forwarding findElement on session 77d9a8396d213ed7cdd54773e447e3f3 to remote] DEBUG org.apache.http.impl.conn.PoolingHttpClientConnectionManager - Connection request: [route: {}->http://localhost:11166][total kept alive: 20; route allocated: 1 of 2000; total allocated: 20 of 2000]
11:23:00.321 [Forwarding findElement on session 77d9a8396d213ed7cdd54773e447e3f3 to remote] DEBUG org.apache.http.impl.conn.PoolingHttpClientConnectionManager - Connection leased: [id: 19][route: {}->http://localhost:11166][total kept alive: 19; route allocated: 1 of 2000; total allocated: 20 of 2000]
11:23:00.321 [Forwarding findElement on session 77d9a8396d213ed7cdd54773e447e3f3 to remote] DEBUG org.apache.http.impl.execchain.MainClientExec - Stale connection check
11:23:00.322 [Forwarding findElement on session 77d9a8396d213ed7cdd54773e447e3f3 to remote] DEBUG org.apache.http.wire - http-outgoing-19 << "[read] I/O error: Read timed out"
11:23:00.322 [Forwarding findElement on session 77d9a8396d213ed7cdd54773e447e3f3 to remote] DEBUG org.apache.http.impl.conn.DefaultManagedHttpClientConnection - http-outgoing-19: set socket timeout to 10800000
11:23:00.322 [Forwarding findElement on session 77d9a8396d213ed7cdd54773e447e3f3 to remote] DEBUG org.apache.http.impl.execchain.MainClientExec - Executing request POST /session/77d9a8396d213ed7cdd54773e447e3f3/element HTTP/1.1
11:23:00.322 [Forwarding findElement on session 77d9a8396d213ed7cdd54773e447e3f3 to remote] DEBUG org.apache.http.impl.execchain.MainClientExec - Target auth state: UNCHALLENGED
11:23:00.322 [Forwarding findElement on session 77d9a8396d213ed7cdd54773e447e3f3 to remote] DEBUG org.apache.http.impl.execchain.MainClientExec - Proxy auth state: UNCHALLENGED
11:23:00.322 [Forwarding findElement on session 77d9a8396d213ed7cdd54773e447e3f3 to remote] DEBUG org.apache.http.headers - http-outgoing-19 >> POST /session/77d9a8396d213ed7cdd54773e447e3f3/element HTTP/1.1
11:23:00.323 [Forwarding findElement on session 77d9a8396d213ed7cdd54773e447e3f3 to remote] DEBUG org.apache.http.headers - http-outgoing-19 >> Content-Type: application/json; charset=utf-8
11:23:00.323 [Forwarding findElement on session 77d9a8396d213ed7cdd54773e447e3f3 to remote] DEBUG org.apache.http.headers - http-outgoing-19 >> Content-Length: 61
11:23:00.323 [Forwarding findElement on session 77d9a8396d213ed7cdd54773e447e3f3 to remote] DEBUG org.apache.http.headers - http-outgoing-19 >> Host: localhost:11166
11:23:00.323 [Forwarding findElement on session 77d9a8396d213ed7cdd54773e447e3f3 to remote] DEBUG org.apache.http.headers - http-outgoing-19 >> Connection: Keep-Alive
11:23:00.323 [Forwarding findElement on session 77d9a8396d213ed7cdd54773e447e3f3 to remote] DEBUG org.apache.http.headers - http-outgoing-19 >> User-Agent: Apache-HttpClient/4.5.3 (Java/1.8.0_211)
11:23:00.323 [Forwarding findElement on session 77d9a8396d213ed7cdd54773e447e3f3 to remote] DEBUG org.apache.http.headers - http-outgoing-19 >> Accept-Encoding: gzip,deflate
11:23:00.323 [Forwarding findElement on session 77d9a8396d213ed7cdd54773e447e3f3 to remote] DEBUG org.apache.http.wire - http-outgoing-19 >> "POST /session/77d9a8396d213ed7cdd54773e447e3f3/element HTTP/1.1[\r][\n]"
11:23:00.323 [Forwarding findElement on session 77d9a8396d213ed7cdd54773e447e3f3 to remote] DEBUG org.apache.http.wire - http-outgoing-19 >> "Content-Type: application/json; charset=utf-8[\r][\n]"
11:23:00.323 [Forwarding findElement on session 77d9a8396d213ed7cdd54773e447e3f3 to remote] DEBUG org.apache.http.wire - http-outgoing-19 >> "Content-Length: 61[\r][\n]"
11:23:00.323 [Forwarding findElement on session 77d9a8396d213ed7cdd54773e447e3f3 to remote] DEBUG org.apache.http.wire - http-outgoing-19 >> "Host: localhost:11166[\r][\n]"
11:23:00.323 [Forwarding findElement on session 77d9a8396d213ed7cdd54773e447e3f3 to remote] DEBUG org.apache.http.wire - http-outgoing-19 >> "Connection: Keep-Alive[\r][\n]"
11:23:00.323 [Forwarding findElement on session 77d9a8396d213ed7cdd54773e447e3f3 to remote] DEBUG org.apache.http.wire - http-outgoing-19 >> "User-Agent: Apache-HttpClient/4.5.3 (Java/1.8.0_211)[\r][\n]"
11:23:00.323 [Forwarding findElement on session 77d9a8396d213ed7cdd54773e447e3f3 to remote] DEBUG org.apache.http.wire - http-outgoing-19 >> "Accept-Encoding: gzip,deflate[\r][\n]"
11:23:00.323 [Forwarding findElement on session 77d9a8396d213ed7cdd54773e447e3f3 to remote] DEBUG org.apache.http.wire - http-outgoing-19 >> "[\r][\n]"
11:23:00.323 [Forwarding findElement on session 77d9a8396d213ed7cdd54773e447e3f3 to remote] DEBUG org.apache.http.wire - http-outgoing-19 >> "{"value":".justify-content-end > div","using":"css selector"}"
11:23:00.329 [Forwarding findElement on session 77d9a8396d213ed7cdd54773e447e3f3 to remote] DEBUG org.apache.http.wire - http-outgoing-19 << "HTTP/1.1 200 OK[\r][\n]"
11:23:00.329 [Forwarding findElement on session 77d9a8396d213ed7cdd54773e447e3f3 to remote] DEBUG org.apache.http.wire - http-outgoing-19 << "Content-Length:88[\r][\n]"
11:23:00.329 [Forwarding findElement on session 77d9a8396d213ed7cdd54773e447e3f3 to remote] DEBUG org.apache.http.wire - http-outgoing-19 << "Content-Type:application/json; charset=utf-8[\r][\n]"
11:23:00.329 [Forwarding findElement on session 77d9a8396d213ed7cdd54773e447e3f3 to remote] DEBUG org.apache.http.wire - http-outgoing-19 << "cache-control:no-cache[\r][\n]"
11:23:00.329 [Forwarding findElement on session 77d9a8396d213ed7cdd54773e447e3f3 to remote] DEBUG org.apache.http.wire - http-outgoing-19 << "[\r][\n]"
11:23:00.329 [Forwarding findElement on session 77d9a8396d213ed7cdd54773e447e3f3 to remote] DEBUG org.apache.http.wire - http-outgoing-19 << "{"value":{"element-6066-11e4-a52e-4f735466cecf":"00e19ce8-2638-4f5a-936b-663de3ba5a13"}}"
11:23:00.329 [Forwarding findElement on session 77d9a8396d213ed7cdd54773e447e3f3 to remote] DEBUG org.apache.http.headers - http-outgoing-19 << HTTP/1.1 200 OK
11:23:00.329 [Forwarding findElement on session 77d9a8396d213ed7cdd54773e447e3f3 to remote] DEBUG org.apache.http.headers - http-outgoing-19 << Content-Length:88
11:23:00.329 [Forwarding findElement on session 77d9a8396d213ed7cdd54773e447e3f3 to remote] DEBUG org.apache.http.headers - http-outgoing-19 << Content-Type:application/json; charset=utf-8
11:23:00.329 [Forwarding findElement on session 77d9a8396d213ed7cdd54773e447e3f3 to remote] DEBUG org.apache.http.headers - http-outgoing-19 << cache-control:no-cache
11:23:00.329 [Forwarding findElement on session 77d9a8396d213ed7cdd54773e447e3f3 to remote] DEBUG org.apache.http.impl.execchain.MainClientExec - Connection can be kept alive indefinitely
11:23:00.329 [Forwarding findElement on session 77d9a8396d213ed7cdd54773e447e3f3 to remote] DEBUG org.apache.http.impl.conn.PoolingHttpClientConnectionManager - Connection [id: 19][route: {}->http://localhost:11166] can be kept alive indefinitely
11:23:00.329 [Forwarding findElement on session 77d9a8396d213ed7cdd54773e447e3f3 to remote] DEBUG org.apache.http.impl.conn.PoolingHttpClientConnectionManager - Connection released: [id: 19][route: {}->http://localhost:11166][total kept alive: 20; route allocated: 1 of 2000; total allocated: 20 of 2000]
11:23:00.330 [Forwarding clickElement on session 77d9a8396d213ed7cdd54773e447e3f3 to remote] DEBUG org.apache.http.client.protocol.RequestAddCookies - CookieSpec selected: default
11:23:00.330 [Forwarding clickElement on session 77d9a8396d213ed7cdd54773e447e3f3 to remote] DEBUG org.apache.http.client.protocol.RequestAuthCache - Auth cache not set in the context
11:23:00.330 [Forwarding clickElement on session 77d9a8396d213ed7cdd54773e447e3f3 to remote] DEBUG org.apache.http.impl.conn.PoolingHttpClientConnectionManager - Connection request: [route: {}->http://localhost:11166][total kept alive: 20; route allocated: 1 of 2000; total allocated: 20 of 2000]
11:23:00.330 [Forwarding clickElement on session 77d9a8396d213ed7cdd54773e447e3f3 to remote] DEBUG org.apache.http.impl.conn.PoolingHttpClientConnectionManager - Connection leased: [id: 19][route: {}->http://localhost:11166][total kept alive: 19; route allocated: 1 of 2000; total allocated: 20 of 2000]
11:23:00.330 [Forwarding clickElement on session 77d9a8396d213ed7cdd54773e447e3f3 to remote] DEBUG org.apache.http.impl.execchain.MainClientExec - Stale connection check
11:23:00.331 [Forwarding clickElement on session 77d9a8396d213ed7cdd54773e447e3f3 to remote] DEBUG org.apache.http.wire - http-outgoing-19 << "[read] I/O error: Read timed out"
11:23:00.331 [Forwarding clickElement on session 77d9a8396d213ed7cdd54773e447e3f3 to remote] DEBUG org.apache.http.impl.conn.DefaultManagedHttpClientConnection - http-outgoing-19: set socket timeout to 10800000
11:23:00.331 [Forwarding clickElement on session 77d9a8396d213ed7cdd54773e447e3f3 to remote] DEBUG org.apache.http.impl.execchain.MainClientExec - Executing request POST /session/77d9a8396d213ed7cdd54773e447e3f3/element/00e19ce8-2638-4f5a-936b-663de3ba5a13/click HTTP/1.1
11:23:00.331 [Forwarding clickElement on session 77d9a8396d213ed7cdd54773e447e3f3 to remote] DEBUG org.apache.http.impl.execchain.MainClientExec - Target auth state: UNCHALLENGED
11:23:00.331 [Forwarding clickElement on session 77d9a8396d213ed7cdd54773e447e3f3 to remote] DEBUG org.apache.http.impl.execchain.MainClientExec - Proxy auth state: UNCHALLENGED
11:23:00.331 [Forwarding clickElement on session 77d9a8396d213ed7cdd54773e447e3f3 to remote] DEBUG org.apache.http.headers - http-outgoing-19 >> POST /session/77d9a8396d213ed7cdd54773e447e3f3/element/00e19ce8-2638-4f5a-936b-663de3ba5a13/click HTTP/1.1
11:23:00.331 [Forwarding clickElement on session 77d9a8396d213ed7cdd54773e447e3f3 to remote] DEBUG org.apache.http.headers - http-outgoing-19 >> Content-Type: application/json; charset=utf-8
11:23:00.331 [Forwarding clickElement on session 77d9a8396d213ed7cdd54773e447e3f3 to remote] DEBUG org.apache.http.headers - http-outgoing-19 >> Content-Length: 45
11:23:00.331 [Forwarding clickElement on session 77d9a8396d213ed7cdd54773e447e3f3 to remote] DEBUG org.apache.http.headers - http-outgoing-19 >> Host: localhost:11166
11:23:00.331 [Forwarding clickElement on session 77d9a8396d213ed7cdd54773e447e3f3 to remote] DEBUG org.apache.http.headers - http-outgoing-19 >> Connection: Keep-Alive
11:23:00.331 [Forwarding clickElement on session 77d9a8396d213ed7cdd54773e447e3f3 to remote] DEBUG org.apache.http.headers - http-outgoing-19 >> User-Agent: Apache-HttpClient/4.5.3 (Java/1.8.0_211)
11:23:00.331 [Forwarding clickElement on session 77d9a8396d213ed7cdd54773e447e3f3 to remote] DEBUG org.apache.http.headers - http-outgoing-19 >> Accept-Encoding: gzip,deflate
11:23:00.331 [Forwarding clickElement on session 77d9a8396d213ed7cdd54773e447e3f3 to remote] DEBUG org.apache.http.wire - http-outgoing-19 >> "POST /session/77d9a8396d213ed7cdd54773e447e3f3/element/00e19ce8-2638-4f5a-936b-663de3ba5a13/click HTTP/1.1[\r][\n]"
11:23:00.331 [Forwarding clickElement on session 77d9a8396d213ed7cdd54773e447e3f3 to remote] DEBUG org.apache.http.wire - http-outgoing-19 >> "Content-Type: application/json; charset=utf-8[\r][\n]"
11:23:00.331 [Forwarding clickElement on session 77d9a8396d213ed7cdd54773e447e3f3 to remote] DEBUG org.apache.http.wire - http-outgoing-19 >> "Content-Length: 45[\r][\n]"
11:23:00.331 [Forwarding clickElement on session 77d9a8396d213ed7cdd54773e447e3f3 to remote] DEBUG org.apache.http.wire - http-outgoing-19 >> "Host: localhost:11166[\r][\n]"
11:23:00.331 [Forwarding clickElement on session 77d9a8396d213ed7cdd54773e447e3f3 to remote] DEBUG org.apache.http.wire - http-outgoing-19 >> "Connection: Keep-Alive[\r][\n]"
11:23:00.331 [Forwarding clickElement on session 77d9a8396d213ed7cdd54773e447e3f3 to remote] DEBUG org.apache.http.wire - http-outgoing-19 >> "User-Agent: Apache-HttpClient/4.5.3 (Java/1.8.0_211)[\r][\n]"
11:23:00.331 [Forwarding clickElement on session 77d9a8396d213ed7cdd54773e447e3f3 to remote] DEBUG org.apache.http.wire - http-outgoing-19 >> "Accept-Encoding: gzip,deflate[\r][\n]"
11:23:00.331 [Forwarding clickElement on session 77d9a8396d213ed7cdd54773e447e3f3 to remote] DEBUG org.apache.http.wire - http-outgoing-19 >> "[\r][\n]"
11:23:00.331 [Forwarding clickElement on session 77d9a8396d213ed7cdd54773e447e3f3 to remote] DEBUG org.apache.http.wire - http-outgoing-19 >> "{"id":"00e19ce8-2638-4f5a-936b-663de3ba5a13"}"
11:23:00.388 [Forwarding clickElement on session 77d9a8396d213ed7cdd54773e447e3f3 to remote] DEBUG org.apache.http.wire - http-outgoing-19 << "HTTP/1.1 200 OK[\r][\n]"
11:23:00.388 [Forwarding clickElement on session 77d9a8396d213ed7cdd54773e447e3f3 to remote] DEBUG org.apache.http.wire - http-outgoing-19 << "Content-Length:14[\r][\n]"
11:23:00.388 [Forwarding clickElement on session 77d9a8396d213ed7cdd54773e447e3f3 to remote] DEBUG org.apache.http.wire - http-outgoing-19 << "Content-Type:application/json; charset=utf-8[\r][\n]"
11:23:00.388 [Forwarding clickElement on session 77d9a8396d213ed7cdd54773e447e3f3 to remote] DEBUG org.apache.http.wire - http-outgoing-19 << "cache-control:no-cache[\r][\n]"
11:23:00.388 [Forwarding clickElement on session 77d9a8396d213ed7cdd54773e447e3f3 to remote] DEBUG org.apache.http.wire - http-outgoing-19 << "[\r][\n]"
11:23:00.388 [Forwarding clickElement on session 77d9a8396d213ed7cdd54773e447e3f3 to remote] DEBUG org.apache.http.wire - http-outgoing-19 << "{"value":null}"
11:23:00.388 [Forwarding clickElement on session 77d9a8396d213ed7cdd54773e447e3f3 to remote] DEBUG org.apache.http.headers - http-outgoing-19 << HTTP/1.1 200 OK
11:23:00.388 [Forwarding clickElement on session 77d9a8396d213ed7cdd54773e447e3f3 to remote] DEBUG org.apache.http.headers - http-outgoing-19 << Content-Length:14
11:23:00.388 [Forwarding clickElement on session 77d9a8396d213ed7cdd54773e447e3f3 to remote] DEBUG org.apache.http.headers - http-outgoing-19 << Content-Type:application/json; charset=utf-8
11:23:00.388 [Forwarding clickElement on session 77d9a8396d213ed7cdd54773e447e3f3 to remote] DEBUG org.apache.http.headers - http-outgoing-19 << cache-control:no-cache
11:23:00.388 [Forwarding clickElement on session 77d9a8396d213ed7cdd54773e447e3f3 to remote] DEBUG org.apache.http.impl.execchain.MainClientExec - Connection can be kept alive indefinitely
11:23:00.388 [Forwarding clickElement on session 77d9a8396d213ed7cdd54773e447e3f3 to remote] DEBUG org.apache.http.impl.conn.PoolingHttpClientConnectionManager - Connection [id: 19][route: {}->http://localhost:11166] can be kept alive indefinitely
11:23:00.388 [Forwarding clickElement on session 77d9a8396d213ed7cdd54773e447e3f3 to remote] DEBUG org.apache.http.impl.conn.PoolingHttpClientConnectionManager - Connection released: [id: 19][route: {}->http://localhost:11166][total kept alive: 20; route allocated: 1 of 2000; total allocated: 20 of 2000]
11:23:00.389 [Forwarding findElement on session 77d9a8396d213ed7cdd54773e447e3f3 to remote] DEBUG org.apache.http.client.protocol.RequestAddCookies - CookieSpec selected: default
11:23:00.389 [Forwarding findElement on session 77d9a8396d213ed7cdd54773e447e3f3 to remote] DEBUG org.apache.http.client.protocol.RequestAuthCache - Auth cache not set in the context
11:23:00.389 [Forwarding findElement on session 77d9a8396d213ed7cdd54773e447e3f3 to remote] DEBUG org.apache.http.impl.conn.PoolingHttpClientConnectionManager - Connection request: [route: {}->http://localhost:11166][total kept alive: 20; route allocated: 1 of 2000; total allocated: 20 of 2000]
11:23:00.389 [Forwarding findElement on session 77d9a8396d213ed7cdd54773e447e3f3 to remote] DEBUG org.apache.http.impl.conn.PoolingHttpClientConnectionManager - Connection leased: [id: 19][route: {}->http://localhost:11166][total kept alive: 19; route allocated: 1 of 2000; total allocated: 20 of 2000]
11:23:00.389 [Forwarding findElement on session 77d9a8396d213ed7cdd54773e447e3f3 to remote] DEBUG org.apache.http.impl.execchain.MainClientExec - Stale connection check
11:23:00.390 [Forwarding findElement on session 77d9a8396d213ed7cdd54773e447e3f3 to remote] DEBUG org.apache.http.wire - http-outgoing-19 << "[read] I/O error: Read timed out"
11:23:00.390 [Forwarding findElement on session 77d9a8396d213ed7cdd54773e447e3f3 to remote] DEBUG org.apache.http.impl.conn.DefaultManagedHttpClientConnection - http-outgoing-19: set socket timeout to 10800000
11:23:00.390 [Forwarding findElement on session 77d9a8396d213ed7cdd54773e447e3f3 to remote] DEBUG org.apache.http.impl.execchain.MainClientExec - Executing request POST /session/77d9a8396d213ed7cdd54773e447e3f3/element HTTP/1.1
11:23:00.390 [Forwarding findElement on session 77d9a8396d213ed7cdd54773e447e3f3 to remote] DEBUG org.apache.http.impl.execchain.MainClientExec - Target auth state: UNCHALLENGED
11:23:00.390 [Forwarding findElement on session 77d9a8396d213ed7cdd54773e447e3f3 to remote] DEBUG org.apache.http.impl.execchain.MainClientExec - Proxy auth state: UNCHALLENGED
11:23:00.390 [Forwarding findElement on session 77d9a8396d213ed7cdd54773e447e3f3 to remote] DEBUG org.apache.http.headers - http-outgoing-19 >> POST /session/77d9a8396d213ed7cdd54773e447e3f3/element HTTP/1.1
11:23:00.390 [Forwarding findElement on session 77d9a8396d213ed7cdd54773e447e3f3 to remote] DEBUG org.apache.http.headers - http-outgoing-19 >> Content-Type: application/json; charset=utf-8
11:23:00.390 [Forwarding findElement on session 77d9a8396d213ed7cdd54773e447e3f3 to remote] DEBUG org.apache.http.headers - http-outgoing-19 >> Content-Length: 53
11:23:00.390 [Forwarding findElement on session 77d9a8396d213ed7cdd54773e447e3f3 to remote] DEBUG org.apache.http.headers - http-outgoing-19 >> Host: localhost:11166
11:23:00.390 [Forwarding findElement on session 77d9a8396d213ed7cdd54773e447e3f3 to remote] DEBUG org.apache.http.headers - http-outgoing-19 >> Connection: Keep-Alive
11:23:00.390 [Forwarding findElement on session 77d9a8396d213ed7cdd54773e447e3f3 to remote] DEBUG org.apache.http.headers - http-outgoing-19 >> User-Agent: Apache-HttpClient/4.5.3 (Java/1.8.0_211)
11:23:00.390 [Forwarding findElement on session 77d9a8396d213ed7cdd54773e447e3f3 to remote] DEBUG org.apache.http.headers - http-outgoing-19 >> Accept-Encoding: gzip,deflate
11:23:00.390 [Forwarding findElement on session 77d9a8396d213ed7cdd54773e447e3f3 to remote] DEBUG org.apache.http.wire - http-outgoing-19 >> "POST /session/77d9a8396d213ed7cdd54773e447e3f3/element HTTP/1.1[\r][\n]"
11:23:00.390 [Forwarding findElement on session 77d9a8396d213ed7cdd54773e447e3f3 to remote] DEBUG org.apache.http.wire - http-outgoing-19 >> "Content-Type: application/json; charset=utf-8[\r][\n]"
11:23:00.390 [Forwarding findElement on session 77d9a8396d213ed7cdd54773e447e3f3 to remote] DEBUG org.apache.http.wire - http-outgoing-19 >> "Content-Length: 53[\r][\n]"
11:23:00.390 [Forwarding findElement on session 77d9a8396d213ed7cdd54773e447e3f3 to remote] DEBUG org.apache.http.wire - http-outgoing-19 >> "Host: localhost:11166[\r][\n]"
11:23:00.390 [Forwarding findElement on session 77d9a8396d213ed7cdd54773e447e3f3 to remote] DEBUG org.apache.http.wire - http-outgoing-19 >> "Connection: Keep-Alive[\r][\n]"
11:23:00.390 [Forwarding findElement on session 77d9a8396d213ed7cdd54773e447e3f3 to remote] DEBUG org.apache.http.wire - http-outgoing-19 >> "User-Agent: Apache-HttpClient/4.5.3 (Java/1.8.0_211)[\r][\n]"
11:23:00.390 [Forwarding findElement on session 77d9a8396d213ed7cdd54773e447e3f3 to remote] DEBUG org.apache.http.wire - http-outgoing-19 >> "Accept-Encoding: gzip,deflate[\r][\n]"
11:23:00.390 [Forwarding findElement on session 77d9a8396d213ed7cdd54773e447e3f3 to remote] DEBUG org.apache.http.wire - http-outgoing-19 >> "[\r][\n]"
11:23:00.390 [Forwarding findElement on session 77d9a8396d213ed7cdd54773e447e3f3 to remote] DEBUG org.apache.http.wire - http-outgoing-19 >> "{"value":"span > .d-flex div","using":"css selector"}"
11:23:00.673 [Forwarding findElement on session 77d9a8396d213ed7cdd54773e447e3f3 to remote] DEBUG org.apache.http.wire - http-outgoing-19 << "HTTP/1.1 200 OK[\r][\n]"
11:23:00.673 [Forwarding findElement on session 77d9a8396d213ed7cdd54773e447e3f3 to remote] DEBUG org.apache.http.wire - http-outgoing-19 << "Content-Length:88[\r][\n]"
11:23:00.673 [Forwarding findElement on session 77d9a8396d213ed7cdd54773e447e3f3 to remote] DEBUG org.apache.http.wire - http-outgoing-19 << "Content-Type:application/json; charset=utf-8[\r][\n]"
11:23:00.673 [Forwarding findElement on session 77d9a8396d213ed7cdd54773e447e3f3 to remote] DEBUG org.apache.http.wire - http-outgoing-19 << "cache-control:no-cache[\r][\n]"
11:23:00.673 [Forwarding findElement on session 77d9a8396d213ed7cdd54773e447e3f3 to remote] DEBUG org.apache.http.wire - http-outgoing-19 << "[\r][\n]"
11:23:00.673 [Forwarding findElement on session 77d9a8396d213ed7cdd54773e447e3f3 to remote] DEBUG org.apache.http.wire - http-outgoing-19 << "{"value":{"element-6066-11e4-a52e-4f735466cecf":"9cfcbf64-930b-4bcc-b60a-f20c6c46b5be"}}"
11:23:00.673 [Forwarding findElement on session 77d9a8396d213ed7cdd54773e447e3f3 to remote] DEBUG org.apache.http.headers - http-outgoing-19 << HTTP/1.1 200 OK
11:23:00.673 [Forwarding findElement on session 77d9a8396d213ed7cdd54773e447e3f3 to remote] DEBUG org.apache.http.headers - http-outgoing-19 << Content-Length:88
11:23:00.673 [Forwarding findElement on session 77d9a8396d213ed7cdd54773e447e3f3 to remote] DEBUG org.apache.http.headers - http-outgoing-19 << Content-Type:application/json; charset=utf-8
11:23:00.673 [Forwarding findElement on session 77d9a8396d213ed7cdd54773e447e3f3 to remote] DEBUG org.apache.http.headers - http-outgoing-19 << cache-control:no-cache
11:23:00.673 [Forwarding findElement on session 77d9a8396d213ed7cdd54773e447e3f3 to remote] DEBUG org.apache.http.impl.execchain.MainClientExec - Connection can be kept alive indefinitely
11:23:00.674 [Forwarding findElement on session 77d9a8396d213ed7cdd54773e447e3f3 to remote] DEBUG org.apache.http.impl.conn.PoolingHttpClientConnectionManager - Connection [id: 19][route: {}->http://localhost:11166] can be kept alive indefinitely
11:23:00.674 [Forwarding findElement on session 77d9a8396d213ed7cdd54773e447e3f3 to remote] DEBUG org.apache.http.impl.conn.PoolingHttpClientConnectionManager - Connection released: [id: 19][route: {}->http://localhost:11166][total kept alive: 20; route allocated: 1 of 2000; total allocated: 20 of 2000]
11:23:00.674 [Forwarding getElementText on session 77d9a8396d213ed7cdd54773e447e3f3 to remote] DEBUG org.apache.http.client.protocol.RequestAddCookies - CookieSpec selected: default
11:23:00.674 [Forwarding getElementText on session 77d9a8396d213ed7cdd54773e447e3f3 to remote] DEBUG org.apache.http.client.protocol.RequestAuthCache - Auth cache not set in the context
11:23:00.674 [Forwarding getElementText on session 77d9a8396d213ed7cdd54773e447e3f3 to remote] DEBUG org.apache.http.impl.conn.PoolingHttpClientConnectionManager - Connection request: [route: {}->http://localhost:11166][total kept alive: 20; route allocated: 1 of 2000; total allocated: 20 of 2000]
11:23:00.674 [Forwarding getElementText on session 77d9a8396d213ed7cdd54773e447e3f3 to remote] DEBUG org.apache.http.impl.conn.PoolingHttpClientConnectionManager - Connection leased: [id: 19][route: {}->http://localhost:11166][total kept alive: 19; route allocated: 1 of 2000; total allocated: 20 of 2000]
11:23:00.674 [Forwarding getElementText on session 77d9a8396d213ed7cdd54773e447e3f3 to remote] DEBUG org.apache.http.impl.execchain.MainClientExec - Stale connection check
11:23:00.675 [Forwarding getElementText on session 77d9a8396d213ed7cdd54773e447e3f3 to remote] DEBUG org.apache.http.wire - http-outgoing-19 << "[read] I/O error: Read timed out"
11:23:00.675 [Forwarding getElementText on session 77d9a8396d213ed7cdd54773e447e3f3 to remote] DEBUG org.apache.http.impl.conn.DefaultManagedHttpClientConnection - http-outgoing-19: set socket timeout to 10800000
11:23:00.675 [Forwarding getElementText on session 77d9a8396d213ed7cdd54773e447e3f3 to remote] DEBUG org.apache.http.impl.execchain.MainClientExec - Executing request GET /session/77d9a8396d213ed7cdd54773e447e3f3/element/9cfcbf64-930b-4bcc-b60a-f20c6c46b5be/text HTTP/1.1
11:23:00.675 [Forwarding getElementText on session 77d9a8396d213ed7cdd54773e447e3f3 to remote] DEBUG org.apache.http.impl.execchain.MainClientExec - Target auth state: UNCHALLENGED
11:23:00.675 [Forwarding getElementText on session 77d9a8396d213ed7cdd54773e447e3f3 to remote] DEBUG org.apache.http.impl.execchain.MainClientExec - Proxy auth state: UNCHALLENGED
11:23:00.675 [Forwarding getElementText on session 77d9a8396d213ed7cdd54773e447e3f3 to remote] DEBUG org.apache.http.headers - http-outgoing-19 >> GET /session/77d9a8396d213ed7cdd54773e447e3f3/element/9cfcbf64-930b-4bcc-b60a-f20c6c46b5be/text HTTP/1.1
11:23:00.675 [Forwarding getElementText on session 77d9a8396d213ed7cdd54773e447e3f3 to remote] DEBUG org.apache.http.headers - http-outgoing-19 >> Cache-Control: no-cache
11:23:00.675 [Forwarding getElementText on session 77d9a8396d213ed7cdd54773e447e3f3 to remote] DEBUG org.apache.http.headers - http-outgoing-19 >> Host: localhost:11166
11:23:00.675 [Forwarding getElementText on session 77d9a8396d213ed7cdd54773e447e3f3 to remote] DEBUG org.apache.http.headers - http-outgoing-19 >> Connection: Keep-Alive
11:23:00.675 [Forwarding getElementText on session 77d9a8396d213ed7cdd54773e447e3f3 to remote] DEBUG org.apache.http.headers - http-outgoing-19 >> User-Agent: Apache-HttpClient/4.5.3 (Java/1.8.0_211)
11:23:00.675 [Forwarding getElementText on session 77d9a8396d213ed7cdd54773e447e3f3 to remote] DEBUG org.apache.http.headers - http-outgoing-19 >> Accept-Encoding: gzip,deflate
11:23:00.675 [Forwarding getElementText on session 77d9a8396d213ed7cdd54773e447e3f3 to remote] DEBUG org.apache.http.wire - http-outgoing-19 >> "GET /session/77d9a8396d213ed7cdd54773e447e3f3/element/9cfcbf64-930b-4bcc-b60a-f20c6c46b5be/text HTTP/1.1[\r][\n]"
11:23:00.675 [Forwarding getElementText on session 77d9a8396d213ed7cdd54773e447e3f3 to remote] DEBUG org.apache.http.wire - http-outgoing-19 >> "Cache-Control: no-cache[\r][\n]"
11:23:00.675 [Forwarding getElementText on session 77d9a8396d213ed7cdd54773e447e3f3 to remote] DEBUG org.apache.http.wire - http-outgoing-19 >> "Host: localhost:11166[\r][\n]"
11:23:00.675 [Forwarding getElementText on session 77d9a8396d213ed7cdd54773e447e3f3 to remote] DEBUG org.apache.http.wire - http-outgoing-19 >> "Connection: Keep-Alive[\r][\n]"
11:23:00.675 [Forwarding getElementText on session 77d9a8396d213ed7cdd54773e447e3f3 to remote] DEBUG org.apache.http.wire - http-outgoing-19 >> "User-Agent: Apache-HttpClient/4.5.3 (Java/1.8.0_211)[\r][\n]"
11:23:00.675 [Forwarding getElementText on session 77d9a8396d213ed7cdd54773e447e3f3 to remote] DEBUG org.apache.http.wire - http-outgoing-19 >> "Accept-Encoding: gzip,deflate[\r][\n]"
11:23:00.675 [Forwarding getElementText on session 77d9a8396d213ed7cdd54773e447e3f3 to remote] DEBUG org.apache.http.wire - http-outgoing-19 >> "[\r][\n]"
11:23:00.685 [Forwarding getElementText on session 77d9a8396d213ed7cdd54773e447e3f3 to remote] DEBUG org.apache.http.wire - http-outgoing-19 << "HTTP/1.1 200 OK[\r][\n]"
11:23:00.685 [Forwarding getElementText on session 77d9a8396d213ed7cdd54773e447e3f3 to remote] DEBUG org.apache.http.wire - http-outgoing-19 << "Content-Length:46[\r][\n]"
11:23:00.685 [Forwarding getElementText on session 77d9a8396d213ed7cdd54773e447e3f3 to remote] DEBUG org.apache.http.wire - http-outgoing-19 << "Content-Type:application/json; charset=utf-8[\r][\n]"
11:23:00.685 [Forwarding getElementText on session 77d9a8396d213ed7cdd54773e447e3f3 to remote] DEBUG org.apache.http.wire - http-outgoing-19 << "cache-control:no-cache[\r][\n]"
11:23:00.685 [Forwarding getElementText on session 77d9a8396d213ed7cdd54773e447e3f3 to remote] DEBUG org.apache.http.wire - http-outgoing-19 << "[\r][\n]"
11:23:00.685 [Forwarding getElementText on session 77d9a8396d213ed7cdd54773e447e3f3 to remote] DEBUG org.apache.http.wire - http-outgoing-19 << "{"value":"TN2jfdYCX9vvozqjwVvPjMd7vRj8HKyxUe"}"
11:23:00.685 [Forwarding getElementText on session 77d9a8396d213ed7cdd54773e447e3f3 to remote] DEBUG org.apache.http.headers - http-outgoing-19 << HTTP/1.1 200 OK
11:23:00.685 [Forwarding getElementText on session 77d9a8396d213ed7cdd54773e447e3f3 to remote] DEBUG org.apache.http.headers - http-outgoing-19 << Content-Length:46
11:23:00.685 [Forwarding getElementText on session 77d9a8396d213ed7cdd54773e447e3f3 to remote] DEBUG org.apache.http.headers - http-outgoing-19 << Content-Type:application/json; charset=utf-8
11:23:00.685 [Forwarding getElementText on session 77d9a8396d213ed7cdd54773e447e3f3 to remote] DEBUG org.apache.http.headers - http-outgoing-19 << cache-control:no-cache
11:23:00.685 [Forwarding getElementText on session 77d9a8396d213ed7cdd54773e447e3f3 to remote] DEBUG org.apache.http.impl.execchain.MainClientExec - Connection can be kept alive indefinitely
11:23:00.685 [Forwarding getElementText on session 77d9a8396d213ed7cdd54773e447e3f3 to remote] DEBUG org.apache.http.impl.conn.PoolingHttpClientConnectionManager - Connection [id: 19][route: {}->http://localhost:11166] can be kept alive indefinitely
11:23:00.685 [Forwarding getElementText on session 77d9a8396d213ed7cdd54773e447e3f3 to remote] DEBUG org.apache.http.impl.conn.PoolingHttpClientConnectionManager - Connection released: [id: 19][route: {}->http://localhost:11166][total kept alive: 20; route allocated: 1 of 2000; total allocated: 20 of 2000]
]]></system-out>
  <system-err><![CDATA[Starting ChromeDriver 80.0.3987.106 (f68069574609230cf9b635cd784cfb1bf81bb53a-refs/branch-heads/3987@{#882}) on port 11166
Only local connections are allowed.
Please protect ports used by ChromeDriver and related test frameworks to prevent access by malicious code.
[1585711374.548][WARNING]: FromSockAddr failed on netmask
四月 01, 2020 11:22:54 上午 org.openqa.selenium.remote.ProtocolHandshake createSession
信息: Detected dialect: W3C
[1585711375.238][SEVERE]: Timed out receiving message from renderer: 0.100
[1585711375.338][SEVERE]: Timed out receiving message from renderer: 0.100
[1585711375.448][SEVERE]: Timed out receiving message from renderer: 0.100
[1585711375.549][SEVERE]: Timed out receiving message from renderer: 0.100
[1585711375.650][SEVERE]: Timed out receiving message from renderer: 0.100
[1585711375.750][SEVERE]: Timed out receiving message from renderer: 0.100
[1585711375.852][SEVERE]: Timed out receiving message from renderer: 0.100
[1585711375.953][SEVERE]: Timed out receiving message from renderer: 0.100
[1585711376.054][SEVERE]: Timed out receiving message from renderer: 0.100
[1585711376.155][SEVERE]: Timed out receiving message from renderer: 0.100
[1585711376.256][SEVERE]: Timed out receiving message from renderer: 0.100
[1585711376.356][SEVERE]: Timed out receiving message from renderer: 0.100
[1585711376.457][SEVERE]: Timed out receiving message from renderer: 0.100
[1585711376.558][SEVERE]: Timed out receiving message from renderer: 0.100
[1585711376.658][SEVERE]: Timed out receiving message from renderer: 0.100
[1585711376.760][SEVERE]: Timed out receiving message from renderer: 0.100
[1585711376.983][SEVERE]: Timed out receiving message from renderer: 0.100
[1585711377.084][SEVERE]: Timed out receiving message from renderer: 0.100
[1585711377.276][SEVERE]: Timed out receiving message from renderer: 0.100
[1585711377.406][SEVERE]: Timed out receiving message from renderer: 0.100
[1585711377.506][SEVERE]: Timed out receiving message from renderer: 0.100
[1585711377.608][SEVERE]: Timed out receiving message from renderer: 0.100
[1585711377.733][SEVERE]: Timed out receiving message from renderer: 0.100
[1585711380.140][SEVERE]: Timed out receiving message from renderer: 0.100
[1585711380.241][SEVERE]: Timed out receiving message from renderer: 0.100
]]></system-err>
</testsuite>
