<?xml version="1.0" encoding="UTF-8"?>
<testsuite name="tron.tronscan.tronscanUI.MtoS_TRC10Token" tests="1" skipped="0" failures="0" errors="0" timestamp="2020-04-01T03:23:05" hostname="zhukaideiMac.local" time="6.836">
  <properties/>
  <testcase name="testMtoS_TRC10Token" classname="tron.tronscan.tronscanUI.MtoS_TRC10Token" time="6.836"/>
  <system-out><![CDATA[11:23:03.045 [Forwarding newSession on session null to remote] DEBUG org.apache.http.client.protocol.RequestAddCookies - CookieSpec selected: default
11:23:03.045 [Forwarding newSession on session null to remote] DEBUG org.apache.http.client.protocol.RequestAuthCache - Auth cache not set in the context
11:23:03.045 [Forwarding newSession on session null to remote] DEBUG org.apache.http.impl.conn.PoolingHttpClientConnectionManager - Connection request: [route: {}->http://localhost:17689][total kept alive: 20; route allocated: 0 of 2000; total allocated: 20 of 2000]
11:23:03.045 [Forwarding newSession on session null to remote] DEBUG org.apache.http.impl.conn.PoolingHttpClientConnectionManager - Connection leased: [id: 20][route: {}->http://localhost:17689][total kept alive: 20; route allocated: 1 of 2000; total allocated: 21 of 2000]
11:23:03.045 [Forwarding newSession on session null to remote] DEBUG org.apache.http.impl.execchain.MainClientExec - Opening connection {}->http://localhost:17689
11:23:03.045 [Forwarding newSession on session null to remote] DEBUG org.apache.http.impl.conn.DefaultHttpClientConnectionOperator - Connecting to localhost/127.0.0.1:17689
11:23:03.045 [Forwarding newSession on session null to remote] DEBUG org.apache.http.impl.conn.DefaultHttpClientConnectionOperator - Connection established 127.0.0.1:53905<->127.0.0.1:17689
11:23:03.045 [Forwarding newSession on session null to remote] DEBUG org.apache.http.impl.conn.DefaultManagedHttpClientConnection - http-outgoing-20: set socket timeout to 10800000
11:23:03.045 [Forwarding newSession on session null to remote] DEBUG org.apache.http.impl.execchain.MainClientExec - Executing request POST /session HTTP/1.1
11:23:03.045 [Forwarding newSession on session null to remote] DEBUG org.apache.http.impl.execchain.MainClientExec - Target auth state: UNCHALLENGED
11:23:03.045 [Forwarding newSession on session null to remote] DEBUG org.apache.http.impl.execchain.MainClientExec - Proxy auth state: UNCHALLENGED
11:23:03.045 [Forwarding newSession on session null to remote] DEBUG org.apache.http.headers - http-outgoing-20 >> POST /session HTTP/1.1
11:23:03.045 [Forwarding newSession on session null to remote] DEBUG org.apache.http.headers - http-outgoing-20 >> Content-Type: application/json; charset=utf-8
11:23:03.045 [Forwarding newSession on session null to remote] DEBUG org.apache.http.headers - http-outgoing-20 >> Content-Length: 731
11:23:03.045 [Forwarding newSession on session null to remote] DEBUG org.apache.http.headers - http-outgoing-20 >> Host: localhost:17689
11:23:03.045 [Forwarding newSession on session null to remote] DEBUG org.apache.http.headers - http-outgoing-20 >> Connection: Keep-Alive
11:23:03.045 [Forwarding newSession on session null to remote] DEBUG org.apache.http.headers - http-outgoing-20 >> User-Agent: Apache-HttpClient/4.5.3 (Java/1.8.0_211)
11:23:03.045 [Forwarding newSession on session null to remote] DEBUG org.apache.http.headers - http-outgoing-20 >> Accept-Encoding: gzip,deflate
11:23:03.045 [Forwarding newSession on session null to remote] DEBUG org.apache.http.wire - http-outgoing-20 >> "POST /session HTTP/1.1[\r][\n]"
11:23:03.045 [Forwarding newSession on session null to remote] DEBUG org.apache.http.wire - http-outgoing-20 >> "Content-Type: application/json; charset=utf-8[\r][\n]"
11:23:03.045 [Forwarding newSession on session null to remote] DEBUG org.apache.http.wire - http-outgoing-20 >> "Content-Length: 731[\r][\n]"
11:23:03.045 [Forwarding newSession on session null to remote] DEBUG org.apache.http.wire - http-outgoing-20 >> "Host: localhost:17689[\r][\n]"
11:23:03.045 [Forwarding newSession on session null to remote] DEBUG org.apache.http.wire - http-outgoing-20 >> "Connection: Keep-Alive[\r][\n]"
11:23:03.045 [Forwarding newSession on session null to remote] DEBUG org.apache.http.wire - http-outgoing-20 >> "User-Agent: Apache-HttpClient/4.5.3 (Java/1.8.0_211)[\r][\n]"
11:23:03.045 [Forwarding newSession on session null to remote] DEBUG org.apache.http.wire - http-outgoing-20 >> "Accept-Encoding: gzip,deflate[\r][\n]"
11:23:03.045 [Forwarding newSession on session null to remote] DEBUG org.apache.http.wire - http-outgoing-20 >> "[\r][\n]"
11:23:03.045 [Forwarding newSession on session null to remote] DEBUG org.apache.http.wire - http-outgoing-20 >> "{[\n]"
11:23:03.045 [Forwarding newSession on session null to remote] DEBUG org.apache.http.wire - http-outgoing-20 >> "  "desiredCapabilities": {[\n]"
11:23:03.045 [Forwarding newSession on session null to remote] DEBUG org.apache.http.wire - http-outgoing-20 >> "    "browserName": "chrome",[\n]"
11:23:03.045 [Forwarding newSession on session null to remote] DEBUG org.apache.http.wire - http-outgoing-20 >> "    "goog:chromeOptions": {[\n]"
11:23:03.045 [Forwarding newSession on session null to remote] DEBUG org.apache.http.wire - http-outgoing-20 >> "      "args": [[\n]"
11:23:03.045 [Forwarding newSession on session null to remote] DEBUG org.apache.http.wire - http-outgoing-20 >> "        "--headless",[\n]"
11:23:03.045 [Forwarding newSession on session null to remote] DEBUG org.apache.http.wire - http-outgoing-20 >> "        "--disable-gpu"[\n]"
11:23:03.045 [Forwarding newSession on session null to remote] DEBUG org.apache.http.wire - http-outgoing-20 >> "      ],[\n]"
11:23:03.045 [Forwarding newSession on session null to remote] DEBUG org.apache.http.wire - http-outgoing-20 >> "      "extensions": [][\n]"
11:23:03.045 [Forwarding newSession on session null to remote] DEBUG org.apache.http.wire - http-outgoing-20 >> "    }[\n]"
11:23:03.045 [Forwarding newSession on session null to remote] DEBUG org.apache.http.wire - http-outgoing-20 >> "  },[\n]"
11:23:03.045 [Forwarding newSession on session null to remote] DEBUG org.apache.http.wire - http-outgoing-20 >> "  "requiredCapabilities": {},[\n]"
11:23:03.045 [Forwarding newSession on session null to remote] DEBUG org.apache.http.wire - http-outgoing-20 >> "  "capabilities": {[\n]"
11:23:03.045 [Forwarding newSession on session null to remote] DEBUG org.apache.http.wire - http-outgoing-20 >> "    "desiredCapabilities": {[\n]"
11:23:03.045 [Forwarding newSession on session null to remote] DEBUG org.apache.http.wire - http-outgoing-20 >> "      "browserName": "chrome",[\n]"
11:23:03.045 [Forwarding newSession on session null to remote] DEBUG org.apache.http.wire - http-outgoing-20 >> "      "goog:chromeOptions": {[\n]"
11:23:03.045 [Forwarding newSession on session null to remote] DEBUG org.apache.http.wire - http-outgoing-20 >> "        "args": [[\n]"
11:23:03.045 [Forwarding newSession on session null to remote] DEBUG org.apache.http.wire - http-outgoing-20 >> "          "--headless",[\n]"
11:23:03.045 [Forwarding newSession on session null to remote] DEBUG org.apache.http.wire - http-outgoing-20 >> "          "--disable-gpu"[\n]"
11:23:03.045 [Forwarding newSession on session null to remote] DEBUG org.apache.http.wire - http-outgoing-20 >> "        ],[\n]"
11:23:03.045 [Forwarding newSession on session null to remote] DEBUG org.apache.http.wire - http-outgoing-20 >> "        "extensions": [][\n]"
11:23:03.045 [Forwarding newSession on session null to remote] DEBUG org.apache.http.wire - http-outgoing-20 >> "      }[\n]"
11:23:03.045 [Forwarding newSession on session null to remote] DEBUG org.apache.http.wire - http-outgoing-20 >> "    },[\n]"
11:23:03.045 [Forwarding newSession on session null to remote] DEBUG org.apache.http.wire - http-outgoing-20 >> "    "requiredCapabilities": {},[\n]"
11:23:03.045 [Forwarding newSession on session null to remote] DEBUG org.apache.http.wire - http-outgoing-20 >> "    "alwaysMatch": {[\n]"
11:23:03.045 [Forwarding newSession on session null to remote] DEBUG org.apache.http.wire - http-outgoing-20 >> "      "goog:chromeOptions": {[\n]"
11:23:03.045 [Forwarding newSession on session null to remote] DEBUG org.apache.http.wire - http-outgoing-20 >> "        "args": [[\n]"
11:23:03.045 [Forwarding newSession on session null to remote] DEBUG org.apache.http.wire - http-outgoing-20 >> "          "--headless",[\n]"
11:23:03.045 [Forwarding newSession on session null to remote] DEBUG org.apache.http.wire - http-outgoing-20 >> "          "--disable-gpu"[\n]"
11:23:03.045 [Forwarding newSession on session null to remote] DEBUG org.apache.http.wire - http-outgoing-20 >> "        ],[\n]"
11:23:03.045 [Forwarding newSession on session null to remote] DEBUG org.apache.http.wire - http-outgoing-20 >> "        "extensions": [][\n]"
11:23:03.045 [Forwarding newSession on session null to remote] DEBUG org.apache.http.wire - http-outgoing-20 >> "      }[\n]"
11:23:03.045 [Forwarding newSession on session null to remote] DEBUG org.apache.http.wire - http-outgoing-20 >> "    },[\n]"
11:23:03.045 [Forwarding newSession on session null to remote] DEBUG org.apache.http.wire - http-outgoing-20 >> "    "firstMatch": [[\n]"
11:23:03.045 [Forwarding newSession on session null to remote] DEBUG org.apache.http.wire - http-outgoing-20 >> "      {[\n]"
11:23:03.045 [Forwarding newSession on session null to remote] DEBUG org.apache.http.wire - http-outgoing-20 >> "        "browserName": "chrome"[\n]"
11:23:03.045 [Forwarding newSession on session null to remote] DEBUG org.apache.http.wire - http-outgoing-20 >> "      }[\n]"
11:23:03.045 [Forwarding newSession on session null to remote] DEBUG org.apache.http.wire - http-outgoing-20 >> "    ][\n]"
11:23:03.045 [Forwarding newSession on session null to remote] DEBUG org.apache.http.wire - http-outgoing-20 >> "  }[\n]"
11:23:03.045 [Forwarding newSession on session null to remote] DEBUG org.apache.http.wire - http-outgoing-20 >> "}"
11:23:03.197 [Forwarding newSession on session null to remote] DEBUG org.apache.http.wire - http-outgoing-20 << "HTTP/1.1 200 OK[\r][\n]"
11:23:03.197 [Forwarding newSession on session null to remote] DEBUG org.apache.http.wire - http-outgoing-20 << "Content-Length:690[\r][\n]"
11:23:03.197 [Forwarding newSession on session null to remote] DEBUG org.apache.http.wire - http-outgoing-20 << "Content-Type:application/json; charset=utf-8[\r][\n]"
11:23:03.197 [Forwarding newSession on session null to remote] DEBUG org.apache.http.wire - http-outgoing-20 << "cache-control:no-cache[\r][\n]"
11:23:03.197 [Forwarding newSession on session null to remote] DEBUG org.apache.http.wire - http-outgoing-20 << "[\r][\n]"
11:23:03.197 [Forwarding newSession on session null to remote] DEBUG org.apache.http.wire - http-outgoing-20 << "{"value":{"capabilities":{"acceptInsecureCerts":false,"browserName":"chrome","browserVersion":"80.0.3987.162","chrome":{"chromedriverVersion":"80.0.3987.106 (f68069574609230cf9b635cd784cfb1bf81bb53a-refs/branch-heads/3987@{#882})","userDataDir":"/var/folders/fs/0qxrqb5x7zg5dtqrhc9t0clm0000gn/T/.com.google.Chrome.AE3FxH"},"goog:chromeOptions":{"debuggerAddress":"localhost:53906"},"networkConnectionEnabled":false,"pageLoadStrategy":"normal","platformName":"mac os x","proxy":{},"setWindowRect":true,"strictFileInteractability":false,"timeouts":{"implicit":0,"pageLoad":300000,"script":30000},"unhandledPromptBehavior":"dismiss and notify"},"sessionId":"7672269d08c8a98100f08f8a89755b8f"}}"
11:23:03.197 [Forwarding newSession on session null to remote] DEBUG org.apache.http.headers - http-outgoing-20 << HTTP/1.1 200 OK
11:23:03.197 [Forwarding newSession on session null to remote] DEBUG org.apache.http.headers - http-outgoing-20 << Content-Length:690
11:23:03.197 [Forwarding newSession on session null to remote] DEBUG org.apache.http.headers - http-outgoing-20 << Content-Type:application/json; charset=utf-8
11:23:03.197 [Forwarding newSession on session null to remote] DEBUG org.apache.http.headers - http-outgoing-20 << cache-control:no-cache
11:23:03.197 [Forwarding newSession on session null to remote] DEBUG org.apache.http.impl.execchain.MainClientExec - Connection can be kept alive indefinitely
11:23:03.197 [Forwarding newSession on session null to remote] DEBUG org.apache.http.impl.conn.PoolingHttpClientConnectionManager - Connection [id: 20][route: {}->http://localhost:17689] can be kept alive indefinitely
11:23:03.197 [Forwarding newSession on session null to remote] DEBUG org.apache.http.impl.conn.PoolingHttpClientConnectionManager - Connection released: [id: 20][route: {}->http://localhost:17689][total kept alive: 21; route allocated: 1 of 2000; total allocated: 21 of 2000]
11:23:03.199 [Forwarding get on session 7672269d08c8a98100f08f8a89755b8f to remote] DEBUG org.apache.http.client.protocol.RequestAddCookies - CookieSpec selected: default
11:23:03.199 [Forwarding get on session 7672269d08c8a98100f08f8a89755b8f to remote] DEBUG org.apache.http.client.protocol.RequestAuthCache - Auth cache not set in the context
11:23:03.199 [Forwarding get on session 7672269d08c8a98100f08f8a89755b8f to remote] DEBUG org.apache.http.impl.conn.PoolingHttpClientConnectionManager - Connection request: [route: {}->http://localhost:17689][total kept alive: 21; route allocated: 1 of 2000; total allocated: 21 of 2000]
11:23:03.199 [Forwarding get on session 7672269d08c8a98100f08f8a89755b8f to remote] DEBUG org.apache.http.impl.conn.PoolingHttpClientConnectionManager - Connection leased: [id: 20][route: {}->http://localhost:17689][total kept alive: 20; route allocated: 1 of 2000; total allocated: 21 of 2000]
11:23:03.199 [Forwarding get on session 7672269d08c8a98100f08f8a89755b8f to remote] DEBUG org.apache.http.impl.execchain.MainClientExec - Stale connection check
11:23:03.200 [Forwarding get on session 7672269d08c8a98100f08f8a89755b8f to remote] DEBUG org.apache.http.wire - http-outgoing-20 << "[read] I/O error: Read timed out"
11:23:03.200 [Forwarding get on session 7672269d08c8a98100f08f8a89755b8f to remote] DEBUG org.apache.http.impl.conn.DefaultManagedHttpClientConnection - http-outgoing-20: set socket timeout to 10800000
11:23:03.200 [Forwarding get on session 7672269d08c8a98100f08f8a89755b8f to remote] DEBUG org.apache.http.impl.execchain.MainClientExec - Executing request POST /session/7672269d08c8a98100f08f8a89755b8f/url HTTP/1.1
11:23:03.200 [Forwarding get on session 7672269d08c8a98100f08f8a89755b8f to remote] DEBUG org.apache.http.impl.execchain.MainClientExec - Target auth state: UNCHALLENGED
11:23:03.200 [Forwarding get on session 7672269d08c8a98100f08f8a89755b8f to remote] DEBUG org.apache.http.impl.execchain.MainClientExec - Proxy auth state: UNCHALLENGED
11:23:03.200 [Forwarding get on session 7672269d08c8a98100f08f8a89755b8f to remote] DEBUG org.apache.http.headers - http-outgoing-20 >> POST /session/7672269d08c8a98100f08f8a89755b8f/url HTTP/1.1
11:23:03.200 [Forwarding get on session 7672269d08c8a98100f08f8a89755b8f to remote] DEBUG org.apache.http.headers - http-outgoing-20 >> Content-Type: application/json; charset=utf-8
11:23:03.200 [Forwarding get on session 7672269d08c8a98100f08f8a89755b8f to remote] DEBUG org.apache.http.headers - http-outgoing-20 >> Content-Length: 33
11:23:03.200 [Forwarding get on session 7672269d08c8a98100f08f8a89755b8f to remote] DEBUG org.apache.http.headers - http-outgoing-20 >> Host: localhost:17689
11:23:03.200 [Forwarding get on session 7672269d08c8a98100f08f8a89755b8f to remote] DEBUG org.apache.http.headers - http-outgoing-20 >> Connection: Keep-Alive
11:23:03.200 [Forwarding get on session 7672269d08c8a98100f08f8a89755b8f to remote] DEBUG org.apache.http.headers - http-outgoing-20 >> User-Agent: Apache-HttpClient/4.5.3 (Java/1.8.0_211)
11:23:03.200 [Forwarding get on session 7672269d08c8a98100f08f8a89755b8f to remote] DEBUG org.apache.http.headers - http-outgoing-20 >> Accept-Encoding: gzip,deflate
11:23:03.200 [Forwarding get on session 7672269d08c8a98100f08f8a89755b8f to remote] DEBUG org.apache.http.wire - http-outgoing-20 >> "POST /session/7672269d08c8a98100f08f8a89755b8f/url HTTP/1.1[\r][\n]"
11:23:03.200 [Forwarding get on session 7672269d08c8a98100f08f8a89755b8f to remote] DEBUG org.apache.http.wire - http-outgoing-20 >> "Content-Type: application/json; charset=utf-8[\r][\n]"
11:23:03.200 [Forwarding get on session 7672269d08c8a98100f08f8a89755b8f to remote] DEBUG org.apache.http.wire - http-outgoing-20 >> "Content-Length: 33[\r][\n]"
11:23:03.200 [Forwarding get on session 7672269d08c8a98100f08f8a89755b8f to remote] DEBUG org.apache.http.wire - http-outgoing-20 >> "Host: localhost:17689[\r][\n]"
11:23:03.200 [Forwarding get on session 7672269d08c8a98100f08f8a89755b8f to remote] DEBUG org.apache.http.wire - http-outgoing-20 >> "Connection: Keep-Alive[\r][\n]"
11:23:03.200 [Forwarding get on session 7672269d08c8a98100f08f8a89755b8f to remote] DEBUG org.apache.http.wire - http-outgoing-20 >> "User-Agent: Apache-HttpClient/4.5.3 (Java/1.8.0_211)[\r][\n]"
11:23:03.200 [Forwarding get on session 7672269d08c8a98100f08f8a89755b8f to remote] DEBUG org.apache.http.wire - http-outgoing-20 >> "Accept-Encoding: gzip,deflate[\r][\n]"
11:23:03.200 [Forwarding get on session 7672269d08c8a98100f08f8a89755b8f to remote] DEBUG org.apache.http.wire - http-outgoing-20 >> "[\r][\n]"
11:23:03.200 [Forwarding get on session 7672269d08c8a98100f08f8a89755b8f to remote] DEBUG org.apache.http.wire - http-outgoing-20 >> "{"url":"https://tronscan.org/#/"}"
11:23:05.687 [Forwarding get on session 7672269d08c8a98100f08f8a89755b8f to remote] DEBUG org.apache.http.wire - http-outgoing-20 << "HTTP/1.1 200 OK[\r][\n]"
11:23:05.687 [Forwarding get on session 7672269d08c8a98100f08f8a89755b8f to remote] DEBUG org.apache.http.wire - http-outgoing-20 << "Content-Length:14[\r][\n]"
11:23:05.687 [Forwarding get on session 7672269d08c8a98100f08f8a89755b8f to remote] DEBUG org.apache.http.wire - http-outgoing-20 << "Content-Type:application/json; charset=utf-8[\r][\n]"
11:23:05.687 [Forwarding get on session 7672269d08c8a98100f08f8a89755b8f to remote] DEBUG org.apache.http.wire - http-outgoing-20 << "cache-control:no-cache[\r][\n]"
11:23:05.687 [Forwarding get on session 7672269d08c8a98100f08f8a89755b8f to remote] DEBUG org.apache.http.wire - http-outgoing-20 << "[\r][\n]"
11:23:05.687 [Forwarding get on session 7672269d08c8a98100f08f8a89755b8f to remote] DEBUG org.apache.http.wire - http-outgoing-20 << "{"value":null}"
11:23:05.687 [Forwarding get on session 7672269d08c8a98100f08f8a89755b8f to remote] DEBUG org.apache.http.headers - http-outgoing-20 << HTTP/1.1 200 OK
11:23:05.687 [Forwarding get on session 7672269d08c8a98100f08f8a89755b8f to remote] DEBUG org.apache.http.headers - http-outgoing-20 << Content-Length:14
11:23:05.687 [Forwarding get on session 7672269d08c8a98100f08f8a89755b8f to remote] DEBUG org.apache.http.headers - http-outgoing-20 << Content-Type:application/json; charset=utf-8
11:23:05.687 [Forwarding get on session 7672269d08c8a98100f08f8a89755b8f to remote] DEBUG org.apache.http.headers - http-outgoing-20 << cache-control:no-cache
11:23:05.687 [Forwarding get on session 7672269d08c8a98100f08f8a89755b8f to remote] DEBUG org.apache.http.impl.execchain.MainClientExec - Connection can be kept alive indefinitely
11:23:05.687 [Forwarding get on session 7672269d08c8a98100f08f8a89755b8f to remote] DEBUG org.apache.http.impl.conn.PoolingHttpClientConnectionManager - Connection [id: 20][route: {}->http://localhost:17689] can be kept alive indefinitely
11:23:05.687 [Forwarding get on session 7672269d08c8a98100f08f8a89755b8f to remote] DEBUG org.apache.http.impl.conn.PoolingHttpClientConnectionManager - Connection released: [id: 20][route: {}->http://localhost:17689][total kept alive: 21; route allocated: 1 of 2000; total allocated: 21 of 2000]
成功打开谷歌浏览器！
11:23:05.687 [Forwarding setTimeout on session 7672269d08c8a98100f08f8a89755b8f to remote] DEBUG org.apache.http.client.protocol.RequestAddCookies - CookieSpec selected: default
11:23:05.687 [Forwarding setTimeout on session 7672269d08c8a98100f08f8a89755b8f to remote] DEBUG org.apache.http.client.protocol.RequestAuthCache - Auth cache not set in the context
11:23:05.687 [Forwarding setTimeout on session 7672269d08c8a98100f08f8a89755b8f to remote] DEBUG org.apache.http.impl.conn.PoolingHttpClientConnectionManager - Connection request: [route: {}->http://localhost:17689][total kept alive: 21; route allocated: 1 of 2000; total allocated: 21 of 2000]
11:23:05.687 [Forwarding setTimeout on session 7672269d08c8a98100f08f8a89755b8f to remote] DEBUG org.apache.http.impl.conn.PoolingHttpClientConnectionManager - Connection leased: [id: 20][route: {}->http://localhost:17689][total kept alive: 20; route allocated: 1 of 2000; total allocated: 21 of 2000]
11:23:05.687 [Forwarding setTimeout on session 7672269d08c8a98100f08f8a89755b8f to remote] DEBUG org.apache.http.impl.execchain.MainClientExec - Stale connection check
11:23:05.689 [Forwarding setTimeout on session 7672269d08c8a98100f08f8a89755b8f to remote] DEBUG org.apache.http.wire - http-outgoing-20 << "[read] I/O error: Read timed out"
11:23:05.689 [Forwarding setTimeout on session 7672269d08c8a98100f08f8a89755b8f to remote] DEBUG org.apache.http.impl.conn.DefaultManagedHttpClientConnection - http-outgoing-20: set socket timeout to 10800000
11:23:05.689 [Forwarding setTimeout on session 7672269d08c8a98100f08f8a89755b8f to remote] DEBUG org.apache.http.impl.execchain.MainClientExec - Executing request POST /session/7672269d08c8a98100f08f8a89755b8f/timeouts HTTP/1.1
11:23:05.689 [Forwarding setTimeout on session 7672269d08c8a98100f08f8a89755b8f to remote] DEBUG org.apache.http.impl.execchain.MainClientExec - Target auth state: UNCHALLENGED
11:23:05.689 [Forwarding setTimeout on session 7672269d08c8a98100f08f8a89755b8f to remote] DEBUG org.apache.http.impl.execchain.MainClientExec - Proxy auth state: UNCHALLENGED
11:23:05.689 [Forwarding setTimeout on session 7672269d08c8a98100f08f8a89755b8f to remote] DEBUG org.apache.http.headers - http-outgoing-20 >> POST /session/7672269d08c8a98100f08f8a89755b8f/timeouts HTTP/1.1
11:23:05.689 [Forwarding setTimeout on session 7672269d08c8a98100f08f8a89755b8f to remote] DEBUG org.apache.http.headers - http-outgoing-20 >> Content-Type: application/json; charset=utf-8
11:23:05.689 [Forwarding setTimeout on session 7672269d08c8a98100f08f8a89755b8f to remote] DEBUG org.apache.http.headers - http-outgoing-20 >> Content-Length: 18
11:23:05.689 [Forwarding setTimeout on session 7672269d08c8a98100f08f8a89755b8f to remote] DEBUG org.apache.http.headers - http-outgoing-20 >> Host: localhost:17689
11:23:05.689 [Forwarding setTimeout on session 7672269d08c8a98100f08f8a89755b8f to remote] DEBUG org.apache.http.headers - http-outgoing-20 >> Connection: Keep-Alive
11:23:05.689 [Forwarding setTimeout on session 7672269d08c8a98100f08f8a89755b8f to remote] DEBUG org.apache.http.headers - http-outgoing-20 >> User-Agent: Apache-HttpClient/4.5.3 (Java/1.8.0_211)
11:23:05.689 [Forwarding setTimeout on session 7672269d08c8a98100f08f8a89755b8f to remote] DEBUG org.apache.http.headers - http-outgoing-20 >> Accept-Encoding: gzip,deflate
11:23:05.689 [Forwarding setTimeout on session 7672269d08c8a98100f08f8a89755b8f to remote] DEBUG org.apache.http.wire - http-outgoing-20 >> "POST /session/7672269d08c8a98100f08f8a89755b8f/timeouts HTTP/1.1[\r][\n]"
11:23:05.689 [Forwarding setTimeout on session 7672269d08c8a98100f08f8a89755b8f to remote] DEBUG org.apache.http.wire - http-outgoing-20 >> "Content-Type: application/json; charset=utf-8[\r][\n]"
11:23:05.689 [Forwarding setTimeout on session 7672269d08c8a98100f08f8a89755b8f to remote] DEBUG org.apache.http.wire - http-outgoing-20 >> "Content-Length: 18[\r][\n]"
11:23:05.689 [Forwarding setTimeout on session 7672269d08c8a98100f08f8a89755b8f to remote] DEBUG org.apache.http.wire - http-outgoing-20 >> "Host: localhost:17689[\r][\n]"
11:23:05.689 [Forwarding setTimeout on session 7672269d08c8a98100f08f8a89755b8f to remote] DEBUG org.apache.http.wire - http-outgoing-20 >> "Connection: Keep-Alive[\r][\n]"
11:23:05.689 [Forwarding setTimeout on session 7672269d08c8a98100f08f8a89755b8f to remote] DEBUG org.apache.http.wire - http-outgoing-20 >> "User-Agent: Apache-HttpClient/4.5.3 (Java/1.8.0_211)[\r][\n]"
11:23:05.689 [Forwarding setTimeout on session 7672269d08c8a98100f08f8a89755b8f to remote] DEBUG org.apache.http.wire - http-outgoing-20 >> "Accept-Encoding: gzip,deflate[\r][\n]"
11:23:05.689 [Forwarding setTimeout on session 7672269d08c8a98100f08f8a89755b8f to remote] DEBUG org.apache.http.wire - http-outgoing-20 >> "[\r][\n]"
11:23:05.689 [Forwarding setTimeout on session 7672269d08c8a98100f08f8a89755b8f to remote] DEBUG org.apache.http.wire - http-outgoing-20 >> "{"implicit":10000}"
11:23:05.689 [Forwarding setTimeout on session 7672269d08c8a98100f08f8a89755b8f to remote] DEBUG org.apache.http.wire - http-outgoing-20 << "HTTP/1.1 200 OK[\r][\n]"
11:23:05.689 [Forwarding setTimeout on session 7672269d08c8a98100f08f8a89755b8f to remote] DEBUG org.apache.http.wire - http-outgoing-20 << "Content-Length:14[\r][\n]"
11:23:05.689 [Forwarding setTimeout on session 7672269d08c8a98100f08f8a89755b8f to remote] DEBUG org.apache.http.wire - http-outgoing-20 << "Content-Type:application/json; charset=utf-8[\r][\n]"
11:23:05.689 [Forwarding setTimeout on session 7672269d08c8a98100f08f8a89755b8f to remote] DEBUG org.apache.http.wire - http-outgoing-20 << "cache-control:no-cache[\r][\n]"
11:23:05.689 [Forwarding setTimeout on session 7672269d08c8a98100f08f8a89755b8f to remote] DEBUG org.apache.http.wire - http-outgoing-20 << "[\r][\n]"
11:23:05.689 [Forwarding setTimeout on session 7672269d08c8a98100f08f8a89755b8f to remote] DEBUG org.apache.http.wire - http-outgoing-20 << "{"value":null}"
11:23:05.689 [Forwarding setTimeout on session 7672269d08c8a98100f08f8a89755b8f to remote] DEBUG org.apache.http.headers - http-outgoing-20 << HTTP/1.1 200 OK
11:23:05.689 [Forwarding setTimeout on session 7672269d08c8a98100f08f8a89755b8f to remote] DEBUG org.apache.http.headers - http-outgoing-20 << Content-Length:14
11:23:05.689 [Forwarding setTimeout on session 7672269d08c8a98100f08f8a89755b8f to remote] DEBUG org.apache.http.headers - http-outgoing-20 << Content-Type:application/json; charset=utf-8
11:23:05.689 [Forwarding setTimeout on session 7672269d08c8a98100f08f8a89755b8f to remote] DEBUG org.apache.http.headers - http-outgoing-20 << cache-control:no-cache
11:23:05.689 [Forwarding setTimeout on session 7672269d08c8a98100f08f8a89755b8f to remote] DEBUG org.apache.http.impl.execchain.MainClientExec - Connection can be kept alive indefinitely
11:23:05.689 [Forwarding setTimeout on session 7672269d08c8a98100f08f8a89755b8f to remote] DEBUG org.apache.http.impl.conn.PoolingHttpClientConnectionManager - Connection [id: 20][route: {}->http://localhost:17689] can be kept alive indefinitely
11:23:05.689 [Forwarding setTimeout on session 7672269d08c8a98100f08f8a89755b8f to remote] DEBUG org.apache.http.impl.conn.PoolingHttpClientConnectionManager - Connection released: [id: 20][route: {}->http://localhost:17689][total kept alive: 21; route allocated: 1 of 2000; total allocated: 21 of 2000]
LOGIN
11:23:05.689 [Forwarding setCurrentWindowSize on session 7672269d08c8a98100f08f8a89755b8f to remote] DEBUG org.apache.http.client.protocol.RequestAddCookies - CookieSpec selected: default
11:23:05.689 [Forwarding setCurrentWindowSize on session 7672269d08c8a98100f08f8a89755b8f to remote] DEBUG org.apache.http.client.protocol.RequestAuthCache - Auth cache not set in the context
11:23:05.689 [Forwarding setCurrentWindowSize on session 7672269d08c8a98100f08f8a89755b8f to remote] DEBUG org.apache.http.impl.conn.PoolingHttpClientConnectionManager - Connection request: [route: {}->http://localhost:17689][total kept alive: 21; route allocated: 1 of 2000; total allocated: 21 of 2000]
11:23:05.689 [Forwarding setCurrentWindowSize on session 7672269d08c8a98100f08f8a89755b8f to remote] DEBUG org.apache.http.impl.conn.PoolingHttpClientConnectionManager - Connection leased: [id: 20][route: {}->http://localhost:17689][total kept alive: 20; route allocated: 1 of 2000; total allocated: 21 of 2000]
11:23:05.689 [Forwarding setCurrentWindowSize on session 7672269d08c8a98100f08f8a89755b8f to remote] DEBUG org.apache.http.impl.execchain.MainClientExec - Stale connection check
11:23:05.690 [Forwarding setCurrentWindowSize on session 7672269d08c8a98100f08f8a89755b8f to remote] DEBUG org.apache.http.wire - http-outgoing-20 << "[read] I/O error: Read timed out"
11:23:05.690 [Forwarding setCurrentWindowSize on session 7672269d08c8a98100f08f8a89755b8f to remote] DEBUG org.apache.http.impl.conn.DefaultManagedHttpClientConnection - http-outgoing-20: set socket timeout to 10800000
11:23:05.690 [Forwarding setCurrentWindowSize on session 7672269d08c8a98100f08f8a89755b8f to remote] DEBUG org.apache.http.impl.execchain.MainClientExec - Executing request POST /session/7672269d08c8a98100f08f8a89755b8f/window/rect HTTP/1.1
11:23:05.690 [Forwarding setCurrentWindowSize on session 7672269d08c8a98100f08f8a89755b8f to remote] DEBUG org.apache.http.impl.execchain.MainClientExec - Target auth state: UNCHALLENGED
11:23:05.690 [Forwarding setCurrentWindowSize on session 7672269d08c8a98100f08f8a89755b8f to remote] DEBUG org.apache.http.impl.execchain.MainClientExec - Proxy auth state: UNCHALLENGED
11:23:05.690 [Forwarding setCurrentWindowSize on session 7672269d08c8a98100f08f8a89755b8f to remote] DEBUG org.apache.http.headers - http-outgoing-20 >> POST /session/7672269d08c8a98100f08f8a89755b8f/window/rect HTTP/1.1
11:23:05.690 [Forwarding setCurrentWindowSize on session 7672269d08c8a98100f08f8a89755b8f to remote] DEBUG org.apache.http.headers - http-outgoing-20 >> Content-Type: application/json; charset=utf-8
11:23:05.690 [Forwarding setCurrentWindowSize on session 7672269d08c8a98100f08f8a89755b8f to remote] DEBUG org.apache.http.headers - http-outgoing-20 >> Content-Length: 28
11:23:05.690 [Forwarding setCurrentWindowSize on session 7672269d08c8a98100f08f8a89755b8f to remote] DEBUG org.apache.http.headers - http-outgoing-20 >> Host: localhost:17689
11:23:05.690 [Forwarding setCurrentWindowSize on session 7672269d08c8a98100f08f8a89755b8f to remote] DEBUG org.apache.http.headers - http-outgoing-20 >> Connection: Keep-Alive
11:23:05.691 [Forwarding setCurrentWindowSize on session 7672269d08c8a98100f08f8a89755b8f to remote] DEBUG org.apache.http.headers - http-outgoing-20 >> User-Agent: Apache-HttpClient/4.5.3 (Java/1.8.0_211)
11:23:05.691 [Forwarding setCurrentWindowSize on session 7672269d08c8a98100f08f8a89755b8f to remote] DEBUG org.apache.http.headers - http-outgoing-20 >> Accept-Encoding: gzip,deflate
11:23:05.691 [Forwarding setCurrentWindowSize on session 7672269d08c8a98100f08f8a89755b8f to remote] DEBUG org.apache.http.wire - http-outgoing-20 >> "POST /session/7672269d08c8a98100f08f8a89755b8f/window/rect HTTP/1.1[\r][\n]"
11:23:05.691 [Forwarding setCurrentWindowSize on session 7672269d08c8a98100f08f8a89755b8f to remote] DEBUG org.apache.http.wire - http-outgoing-20 >> "Content-Type: application/json; charset=utf-8[\r][\n]"
11:23:05.691 [Forwarding setCurrentWindowSize on session 7672269d08c8a98100f08f8a89755b8f to remote] DEBUG org.apache.http.wire - http-outgoing-20 >> "Content-Length: 28[\r][\n]"
11:23:05.691 [Forwarding setCurrentWindowSize on session 7672269d08c8a98100f08f8a89755b8f to remote] DEBUG org.apache.http.wire - http-outgoing-20 >> "Host: localhost:17689[\r][\n]"
11:23:05.691 [Forwarding setCurrentWindowSize on session 7672269d08c8a98100f08f8a89755b8f to remote] DEBUG org.apache.http.wire - http-outgoing-20 >> "Connection: Keep-Alive[\r][\n]"
11:23:05.691 [Forwarding setCurrentWindowSize on session 7672269d08c8a98100f08f8a89755b8f to remote] DEBUG org.apache.http.wire - http-outgoing-20 >> "User-Agent: Apache-HttpClient/4.5.3 (Java/1.8.0_211)[\r][\n]"
11:23:05.691 [Forwarding setCurrentWindowSize on session 7672269d08c8a98100f08f8a89755b8f to remote] DEBUG org.apache.http.wire - http-outgoing-20 >> "Accept-Encoding: gzip,deflate[\r][\n]"
11:23:05.691 [Forwarding setCurrentWindowSize on session 7672269d08c8a98100f08f8a89755b8f to remote] DEBUG org.apache.http.wire - http-outgoing-20 >> "[\r][\n]"
11:23:05.691 [Forwarding setCurrentWindowSize on session 7672269d08c8a98100f08f8a89755b8f to remote] DEBUG org.apache.http.wire - http-outgoing-20 >> "{"width":2560,"height":1440}"
11:23:05.829 [Forwarding setCurrentWindowSize on session 7672269d08c8a98100f08f8a89755b8f to remote] DEBUG org.apache.http.wire - http-outgoing-20 << "HTTP/1.1 200 OK[\r][\n]"
11:23:05.829 [Forwarding setCurrentWindowSize on session 7672269d08c8a98100f08f8a89755b8f to remote] DEBUG org.apache.http.wire - http-outgoing-20 << "Content-Length:50[\r][\n]"
11:23:05.829 [Forwarding setCurrentWindowSize on session 7672269d08c8a98100f08f8a89755b8f to remote] DEBUG org.apache.http.wire - http-outgoing-20 << "Content-Type:application/json; charset=utf-8[\r][\n]"
11:23:05.829 [Forwarding setCurrentWindowSize on session 7672269d08c8a98100f08f8a89755b8f to remote] DEBUG org.apache.http.wire - http-outgoing-20 << "cache-control:no-cache[\r][\n]"
11:23:05.829 [Forwarding setCurrentWindowSize on session 7672269d08c8a98100f08f8a89755b8f to remote] DEBUG org.apache.http.wire - http-outgoing-20 << "[\r][\n]"
11:23:05.829 [Forwarding setCurrentWindowSize on session 7672269d08c8a98100f08f8a89755b8f to remote] DEBUG org.apache.http.wire - http-outgoing-20 << "{"value":{"height":1440,"width":2560,"x":0,"y":0}}"
11:23:05.829 [Forwarding setCurrentWindowSize on session 7672269d08c8a98100f08f8a89755b8f to remote] DEBUG org.apache.http.headers - http-outgoing-20 << HTTP/1.1 200 OK
11:23:05.829 [Forwarding setCurrentWindowSize on session 7672269d08c8a98100f08f8a89755b8f to remote] DEBUG org.apache.http.headers - http-outgoing-20 << Content-Length:50
11:23:05.829 [Forwarding setCurrentWindowSize on session 7672269d08c8a98100f08f8a89755b8f to remote] DEBUG org.apache.http.headers - http-outgoing-20 << Content-Type:application/json; charset=utf-8
11:23:05.829 [Forwarding setCurrentWindowSize on session 7672269d08c8a98100f08f8a89755b8f to remote] DEBUG org.apache.http.headers - http-outgoing-20 << cache-control:no-cache
11:23:05.829 [Forwarding setCurrentWindowSize on session 7672269d08c8a98100f08f8a89755b8f to remote] DEBUG org.apache.http.impl.execchain.MainClientExec - Connection can be kept alive indefinitely
11:23:05.829 [Forwarding setCurrentWindowSize on session 7672269d08c8a98100f08f8a89755b8f to remote] DEBUG org.apache.http.impl.conn.PoolingHttpClientConnectionManager - Connection [id: 20][route: {}->http://localhost:17689] can be kept alive indefinitely
11:23:05.829 [Forwarding setCurrentWindowSize on session 7672269d08c8a98100f08f8a89755b8f to remote] DEBUG org.apache.http.impl.conn.PoolingHttpClientConnectionManager - Connection released: [id: 20][route: {}->http://localhost:17689][total kept alive: 21; route allocated: 1 of 2000; total allocated: 21 of 2000]
11:23:06.032 [Forwarding findElement on session 7672269d08c8a98100f08f8a89755b8f to remote] DEBUG org.apache.http.client.protocol.RequestAddCookies - CookieSpec selected: default
11:23:06.032 [Forwarding findElement on session 7672269d08c8a98100f08f8a89755b8f to remote] DEBUG org.apache.http.client.protocol.RequestAuthCache - Auth cache not set in the context
11:23:06.032 [Forwarding findElement on session 7672269d08c8a98100f08f8a89755b8f to remote] DEBUG org.apache.http.impl.conn.PoolingHttpClientConnectionManager - Connection request: [route: {}->http://localhost:17689][total kept alive: 21; route allocated: 1 of 2000; total allocated: 21 of 2000]
11:23:06.032 [Forwarding findElement on session 7672269d08c8a98100f08f8a89755b8f to remote] DEBUG org.apache.http.impl.conn.PoolingHttpClientConnectionManager - Connection leased: [id: 20][route: {}->http://localhost:17689][total kept alive: 20; route allocated: 1 of 2000; total allocated: 21 of 2000]
11:23:06.032 [Forwarding findElement on session 7672269d08c8a98100f08f8a89755b8f to remote] DEBUG org.apache.http.impl.execchain.MainClientExec - Stale connection check
11:23:06.034 [Forwarding findElement on session 7672269d08c8a98100f08f8a89755b8f to remote] DEBUG org.apache.http.wire - http-outgoing-20 << "[read] I/O error: Read timed out"
11:23:06.034 [Forwarding findElement on session 7672269d08c8a98100f08f8a89755b8f to remote] DEBUG org.apache.http.impl.conn.DefaultManagedHttpClientConnection - http-outgoing-20: set socket timeout to 10800000
11:23:06.034 [Forwarding findElement on session 7672269d08c8a98100f08f8a89755b8f to remote] DEBUG org.apache.http.impl.execchain.MainClientExec - Executing request POST /session/7672269d08c8a98100f08f8a89755b8f/element HTTP/1.1
11:23:06.034 [Forwarding findElement on session 7672269d08c8a98100f08f8a89755b8f to remote] DEBUG org.apache.http.impl.execchain.MainClientExec - Target auth state: UNCHALLENGED
11:23:06.034 [Forwarding findElement on session 7672269d08c8a98100f08f8a89755b8f to remote] DEBUG org.apache.http.impl.execchain.MainClientExec - Proxy auth state: UNCHALLENGED
11:23:06.034 [Forwarding findElement on session 7672269d08c8a98100f08f8a89755b8f to remote] DEBUG org.apache.http.headers - http-outgoing-20 >> POST /session/7672269d08c8a98100f08f8a89755b8f/element HTTP/1.1
11:23:06.034 [Forwarding findElement on session 7672269d08c8a98100f08f8a89755b8f to remote] DEBUG org.apache.http.headers - http-outgoing-20 >> Content-Type: application/json; charset=utf-8
11:23:06.034 [Forwarding findElement on session 7672269d08c8a98100f08f8a89755b8f to remote] DEBUG org.apache.http.headers - http-outgoing-20 >> Content-Length: 58
11:23:06.034 [Forwarding findElement on session 7672269d08c8a98100f08f8a89755b8f to remote] DEBUG org.apache.http.headers - http-outgoing-20 >> Host: localhost:17689
11:23:06.034 [Forwarding findElement on session 7672269d08c8a98100f08f8a89755b8f to remote] DEBUG org.apache.http.headers - http-outgoing-20 >> Connection: Keep-Alive
11:23:06.034 [Forwarding findElement on session 7672269d08c8a98100f08f8a89755b8f to remote] DEBUG org.apache.http.headers - http-outgoing-20 >> User-Agent: Apache-HttpClient/4.5.3 (Java/1.8.0_211)
11:23:06.034 [Forwarding findElement on session 7672269d08c8a98100f08f8a89755b8f to remote] DEBUG org.apache.http.headers - http-outgoing-20 >> Accept-Encoding: gzip,deflate
11:23:06.034 [Forwarding findElement on session 7672269d08c8a98100f08f8a89755b8f to remote] DEBUG org.apache.http.wire - http-outgoing-20 >> "POST /session/7672269d08c8a98100f08f8a89755b8f/element HTTP/1.1[\r][\n]"
11:23:06.034 [Forwarding findElement on session 7672269d08c8a98100f08f8a89755b8f to remote] DEBUG org.apache.http.wire - http-outgoing-20 >> "Content-Type: application/json; charset=utf-8[\r][\n]"
11:23:06.034 [Forwarding findElement on session 7672269d08c8a98100f08f8a89755b8f to remote] DEBUG org.apache.http.wire - http-outgoing-20 >> "Content-Length: 58[\r][\n]"
11:23:06.034 [Forwarding findElement on session 7672269d08c8a98100f08f8a89755b8f to remote] DEBUG org.apache.http.wire - http-outgoing-20 >> "Host: localhost:17689[\r][\n]"
11:23:06.034 [Forwarding findElement on session 7672269d08c8a98100f08f8a89755b8f to remote] DEBUG org.apache.http.wire - http-outgoing-20 >> "Connection: Keep-Alive[\r][\n]"
11:23:06.034 [Forwarding findElement on session 7672269d08c8a98100f08f8a89755b8f to remote] DEBUG org.apache.http.wire - http-outgoing-20 >> "User-Agent: Apache-HttpClient/4.5.3 (Java/1.8.0_211)[\r][\n]"
11:23:06.034 [Forwarding findElement on session 7672269d08c8a98100f08f8a89755b8f to remote] DEBUG org.apache.http.wire - http-outgoing-20 >> "Accept-Encoding: gzip,deflate[\r][\n]"
11:23:06.034 [Forwarding findElement on session 7672269d08c8a98100f08f8a89755b8f to remote] DEBUG org.apache.http.wire - http-outgoing-20 >> "[\r][\n]"
11:23:06.034 [Forwarding findElement on session 7672269d08c8a98100f08f8a89755b8f to remote] DEBUG org.apache.http.wire - http-outgoing-20 >> "{"value":".dropdown-toggle > span","using":"css selector"}"
11:23:06.047 [Forwarding findElement on session 7672269d08c8a98100f08f8a89755b8f to remote] DEBUG org.apache.http.wire - http-outgoing-20 << "HTTP/1.1 200 OK[\r][\n]"
11:23:06.047 [Forwarding findElement on session 7672269d08c8a98100f08f8a89755b8f to remote] DEBUG org.apache.http.wire - http-outgoing-20 << "Content-Length:88[\r][\n]"
11:23:06.047 [Forwarding findElement on session 7672269d08c8a98100f08f8a89755b8f to remote] DEBUG org.apache.http.wire - http-outgoing-20 << "Content-Type:application/json; charset=utf-8[\r][\n]"
11:23:06.047 [Forwarding findElement on session 7672269d08c8a98100f08f8a89755b8f to remote] DEBUG org.apache.http.wire - http-outgoing-20 << "cache-control:no-cache[\r][\n]"
11:23:06.047 [Forwarding findElement on session 7672269d08c8a98100f08f8a89755b8f to remote] DEBUG org.apache.http.wire - http-outgoing-20 << "[\r][\n]"
11:23:06.047 [Forwarding findElement on session 7672269d08c8a98100f08f8a89755b8f to remote] DEBUG org.apache.http.wire - http-outgoing-20 << "{"value":{"element-6066-11e4-a52e-4f735466cecf":"80cbd062-f9cb-4fac-a753-7b2b4475bfe8"}}"
11:23:06.047 [Forwarding findElement on session 7672269d08c8a98100f08f8a89755b8f to remote] DEBUG org.apache.http.headers - http-outgoing-20 << HTTP/1.1 200 OK
11:23:06.047 [Forwarding findElement on session 7672269d08c8a98100f08f8a89755b8f to remote] DEBUG org.apache.http.headers - http-outgoing-20 << Content-Length:88
11:23:06.047 [Forwarding findElement on session 7672269d08c8a98100f08f8a89755b8f to remote] DEBUG org.apache.http.headers - http-outgoing-20 << Content-Type:application/json; charset=utf-8
11:23:06.047 [Forwarding findElement on session 7672269d08c8a98100f08f8a89755b8f to remote] DEBUG org.apache.http.headers - http-outgoing-20 << cache-control:no-cache
11:23:06.047 [Forwarding findElement on session 7672269d08c8a98100f08f8a89755b8f to remote] DEBUG org.apache.http.impl.execchain.MainClientExec - Connection can be kept alive indefinitely
11:23:06.047 [Forwarding findElement on session 7672269d08c8a98100f08f8a89755b8f to remote] DEBUG org.apache.http.impl.conn.PoolingHttpClientConnectionManager - Connection [id: 20][route: {}->http://localhost:17689] can be kept alive indefinitely
11:23:06.047 [Forwarding findElement on session 7672269d08c8a98100f08f8a89755b8f to remote] DEBUG org.apache.http.impl.conn.PoolingHttpClientConnectionManager - Connection released: [id: 20][route: {}->http://localhost:17689][total kept alive: 21; route allocated: 1 of 2000; total allocated: 21 of 2000]
11:23:06.048 [Forwarding actions on session 7672269d08c8a98100f08f8a89755b8f to remote] DEBUG org.apache.http.client.protocol.RequestAddCookies - CookieSpec selected: default
11:23:06.048 [Forwarding actions on session 7672269d08c8a98100f08f8a89755b8f to remote] DEBUG org.apache.http.client.protocol.RequestAuthCache - Auth cache not set in the context
11:23:06.048 [Forwarding actions on session 7672269d08c8a98100f08f8a89755b8f to remote] DEBUG org.apache.http.impl.conn.PoolingHttpClientConnectionManager - Connection request: [route: {}->http://localhost:17689][total kept alive: 21; route allocated: 1 of 2000; total allocated: 21 of 2000]
11:23:06.048 [Forwarding actions on session 7672269d08c8a98100f08f8a89755b8f to remote] DEBUG org.apache.http.impl.conn.PoolingHttpClientConnectionManager - Connection leased: [id: 20][route: {}->http://localhost:17689][total kept alive: 20; route allocated: 1 of 2000; total allocated: 21 of 2000]
11:23:06.048 [Forwarding actions on session 7672269d08c8a98100f08f8a89755b8f to remote] DEBUG org.apache.http.impl.execchain.MainClientExec - Stale connection check
11:23:06.049 [Forwarding actions on session 7672269d08c8a98100f08f8a89755b8f to remote] DEBUG org.apache.http.wire - http-outgoing-20 << "[read] I/O error: Read timed out"
11:23:06.049 [Forwarding actions on session 7672269d08c8a98100f08f8a89755b8f to remote] DEBUG org.apache.http.impl.conn.DefaultManagedHttpClientConnection - http-outgoing-20: set socket timeout to 10800000
11:23:06.049 [Forwarding actions on session 7672269d08c8a98100f08f8a89755b8f to remote] DEBUG org.apache.http.impl.execchain.MainClientExec - Executing request POST /session/7672269d08c8a98100f08f8a89755b8f/actions HTTP/1.1
11:23:06.049 [Forwarding actions on session 7672269d08c8a98100f08f8a89755b8f to remote] DEBUG org.apache.http.impl.execchain.MainClientExec - Target auth state: UNCHALLENGED
11:23:06.049 [Forwarding actions on session 7672269d08c8a98100f08f8a89755b8f to remote] DEBUG org.apache.http.impl.execchain.MainClientExec - Proxy auth state: UNCHALLENGED
11:23:06.049 [Forwarding actions on session 7672269d08c8a98100f08f8a89755b8f to remote] DEBUG org.apache.http.headers - http-outgoing-20 >> POST /session/7672269d08c8a98100f08f8a89755b8f/actions HTTP/1.1
11:23:06.049 [Forwarding actions on session 7672269d08c8a98100f08f8a89755b8f to remote] DEBUG org.apache.http.headers - http-outgoing-20 >> Content-Type: application/json; charset=utf-8
11:23:06.049 [Forwarding actions on session 7672269d08c8a98100f08f8a89755b8f to remote] DEBUG org.apache.http.headers - http-outgoing-20 >> Content-Length: 289
11:23:06.049 [Forwarding actions on session 7672269d08c8a98100f08f8a89755b8f to remote] DEBUG org.apache.http.headers - http-outgoing-20 >> Host: localhost:17689
11:23:06.049 [Forwarding actions on session 7672269d08c8a98100f08f8a89755b8f to remote] DEBUG org.apache.http.headers - http-outgoing-20 >> Connection: Keep-Alive
11:23:06.049 [Forwarding actions on session 7672269d08c8a98100f08f8a89755b8f to remote] DEBUG org.apache.http.headers - http-outgoing-20 >> User-Agent: Apache-HttpClient/4.5.3 (Java/1.8.0_211)
11:23:06.049 [Forwarding actions on session 7672269d08c8a98100f08f8a89755b8f to remote] DEBUG org.apache.http.headers - http-outgoing-20 >> Accept-Encoding: gzip,deflate
11:23:06.049 [Forwarding actions on session 7672269d08c8a98100f08f8a89755b8f to remote] DEBUG org.apache.http.wire - http-outgoing-20 >> "POST /session/7672269d08c8a98100f08f8a89755b8f/actions HTTP/1.1[\r][\n]"
11:23:06.049 [Forwarding actions on session 7672269d08c8a98100f08f8a89755b8f to remote] DEBUG org.apache.http.wire - http-outgoing-20 >> "Content-Type: application/json; charset=utf-8[\r][\n]"
11:23:06.049 [Forwarding actions on session 7672269d08c8a98100f08f8a89755b8f to remote] DEBUG org.apache.http.wire - http-outgoing-20 >> "Content-Length: 289[\r][\n]"
11:23:06.049 [Forwarding actions on session 7672269d08c8a98100f08f8a89755b8f to remote] DEBUG org.apache.http.wire - http-outgoing-20 >> "Host: localhost:17689[\r][\n]"
11:23:06.049 [Forwarding actions on session 7672269d08c8a98100f08f8a89755b8f to remote] DEBUG org.apache.http.wire - http-outgoing-20 >> "Connection: Keep-Alive[\r][\n]"
11:23:06.049 [Forwarding actions on session 7672269d08c8a98100f08f8a89755b8f to remote] DEBUG org.apache.http.wire - http-outgoing-20 >> "User-Agent: Apache-HttpClient/4.5.3 (Java/1.8.0_211)[\r][\n]"
11:23:06.049 [Forwarding actions on session 7672269d08c8a98100f08f8a89755b8f to remote] DEBUG org.apache.http.wire - http-outgoing-20 >> "Accept-Encoding: gzip,deflate[\r][\n]"
11:23:06.049 [Forwarding actions on session 7672269d08c8a98100f08f8a89755b8f to remote] DEBUG org.apache.http.wire - http-outgoing-20 >> "[\r][\n]"
11:23:06.049 [Forwarding actions on session 7672269d08c8a98100f08f8a89755b8f to remote] DEBUG org.apache.http.wire - http-outgoing-20 >> "{"actions":[{"id":"default mouse","type":"pointer","parameters":{"pointerType":"mouse"},"actions":[{"duration":100,"x":0,"y":0,"type":"pointerMove","origin":{"ELEMENT":"80cbd062-f9cb-4fac-a753-7b2b4475bfe8","element-6066-11e4-a52e-4f735466cecf":"80cbd062-f9cb-4fac-a753-7b2b4475bfe8"}}]}]}"
11:23:06.162 [Forwarding actions on session 7672269d08c8a98100f08f8a89755b8f to remote] DEBUG org.apache.http.wire - http-outgoing-20 << "HTTP/1.1 200 OK[\r][\n]"
11:23:06.162 [Forwarding actions on session 7672269d08c8a98100f08f8a89755b8f to remote] DEBUG org.apache.http.wire - http-outgoing-20 << "Content-Length:14[\r][\n]"
11:23:06.162 [Forwarding actions on session 7672269d08c8a98100f08f8a89755b8f to remote] DEBUG org.apache.http.wire - http-outgoing-20 << "Content-Type:application/json; charset=utf-8[\r][\n]"
11:23:06.162 [Forwarding actions on session 7672269d08c8a98100f08f8a89755b8f to remote] DEBUG org.apache.http.wire - http-outgoing-20 << "cache-control:no-cache[\r][\n]"
11:23:06.162 [Forwarding actions on session 7672269d08c8a98100f08f8a89755b8f to remote] DEBUG org.apache.http.wire - http-outgoing-20 << "[\r][\n]"
11:23:06.162 [Forwarding actions on session 7672269d08c8a98100f08f8a89755b8f to remote] DEBUG org.apache.http.wire - http-outgoing-20 << "{"value":null}"
11:23:06.162 [Forwarding actions on session 7672269d08c8a98100f08f8a89755b8f to remote] DEBUG org.apache.http.headers - http-outgoing-20 << HTTP/1.1 200 OK
11:23:06.162 [Forwarding actions on session 7672269d08c8a98100f08f8a89755b8f to remote] DEBUG org.apache.http.headers - http-outgoing-20 << Content-Length:14
11:23:06.162 [Forwarding actions on session 7672269d08c8a98100f08f8a89755b8f to remote] DEBUG org.apache.http.headers - http-outgoing-20 << Content-Type:application/json; charset=utf-8
11:23:06.162 [Forwarding actions on session 7672269d08c8a98100f08f8a89755b8f to remote] DEBUG org.apache.http.headers - http-outgoing-20 << cache-control:no-cache
11:23:06.162 [Forwarding actions on session 7672269d08c8a98100f08f8a89755b8f to remote] DEBUG org.apache.http.impl.execchain.MainClientExec - Connection can be kept alive indefinitely
11:23:06.162 [Forwarding actions on session 7672269d08c8a98100f08f8a89755b8f to remote] DEBUG org.apache.http.impl.conn.PoolingHttpClientConnectionManager - Connection [id: 20][route: {}->http://localhost:17689] can be kept alive indefinitely
11:23:06.162 [Forwarding actions on session 7672269d08c8a98100f08f8a89755b8f to remote] DEBUG org.apache.http.impl.conn.PoolingHttpClientConnectionManager - Connection released: [id: 20][route: {}->http://localhost:17689][total kept alive: 21; route allocated: 1 of 2000; total allocated: 21 of 2000]
11:23:06.163 [Forwarding findElement on session 7672269d08c8a98100f08f8a89755b8f to remote] DEBUG org.apache.http.client.protocol.RequestAddCookies - CookieSpec selected: default
11:23:06.163 [Forwarding findElement on session 7672269d08c8a98100f08f8a89755b8f to remote] DEBUG org.apache.http.client.protocol.RequestAuthCache - Auth cache not set in the context
11:23:06.163 [Forwarding findElement on session 7672269d08c8a98100f08f8a89755b8f to remote] DEBUG org.apache.http.impl.conn.PoolingHttpClientConnectionManager - Connection request: [route: {}->http://localhost:17689][total kept alive: 21; route allocated: 1 of 2000; total allocated: 21 of 2000]
11:23:06.163 [Forwarding findElement on session 7672269d08c8a98100f08f8a89755b8f to remote] DEBUG org.apache.http.impl.conn.PoolingHttpClientConnectionManager - Connection leased: [id: 20][route: {}->http://localhost:17689][total kept alive: 20; route allocated: 1 of 2000; total allocated: 21 of 2000]
11:23:06.163 [Forwarding findElement on session 7672269d08c8a98100f08f8a89755b8f to remote] DEBUG org.apache.http.impl.execchain.MainClientExec - Stale connection check
11:23:06.164 [Forwarding findElement on session 7672269d08c8a98100f08f8a89755b8f to remote] DEBUG org.apache.http.wire - http-outgoing-20 << "[read] I/O error: Read timed out"
11:23:06.164 [Forwarding findElement on session 7672269d08c8a98100f08f8a89755b8f to remote] DEBUG org.apache.http.impl.conn.DefaultManagedHttpClientConnection - http-outgoing-20: set socket timeout to 10800000
11:23:06.164 [Forwarding findElement on session 7672269d08c8a98100f08f8a89755b8f to remote] DEBUG org.apache.http.impl.execchain.MainClientExec - Executing request POST /session/7672269d08c8a98100f08f8a89755b8f/element HTTP/1.1
11:23:06.164 [Forwarding findElement on session 7672269d08c8a98100f08f8a89755b8f to remote] DEBUG org.apache.http.impl.execchain.MainClientExec - Target auth state: UNCHALLENGED
11:23:06.164 [Forwarding findElement on session 7672269d08c8a98100f08f8a89755b8f to remote] DEBUG org.apache.http.impl.execchain.MainClientExec - Proxy auth state: UNCHALLENGED
11:23:06.164 [Forwarding findElement on session 7672269d08c8a98100f08f8a89755b8f to remote] DEBUG org.apache.http.headers - http-outgoing-20 >> POST /session/7672269d08c8a98100f08f8a89755b8f/element HTTP/1.1
11:23:06.164 [Forwarding findElement on session 7672269d08c8a98100f08f8a89755b8f to remote] DEBUG org.apache.http.headers - http-outgoing-20 >> Content-Type: application/json; charset=utf-8
11:23:06.164 [Forwarding findElement on session 7672269d08c8a98100f08f8a89755b8f to remote] DEBUG org.apache.http.headers - http-outgoing-20 >> Content-Length: 58
11:23:06.164 [Forwarding findElement on session 7672269d08c8a98100f08f8a89755b8f to remote] DEBUG org.apache.http.headers - http-outgoing-20 >> Host: localhost:17689
11:23:06.164 [Forwarding findElement on session 7672269d08c8a98100f08f8a89755b8f to remote] DEBUG org.apache.http.headers - http-outgoing-20 >> Connection: Keep-Alive
11:23:06.164 [Forwarding findElement on session 7672269d08c8a98100f08f8a89755b8f to remote] DEBUG org.apache.http.headers - http-outgoing-20 >> User-Agent: Apache-HttpClient/4.5.3 (Java/1.8.0_211)
11:23:06.164 [Forwarding findElement on session 7672269d08c8a98100f08f8a89755b8f to remote] DEBUG org.apache.http.headers - http-outgoing-20 >> Accept-Encoding: gzip,deflate
11:23:06.164 [Forwarding findElement on session 7672269d08c8a98100f08f8a89755b8f to remote] DEBUG org.apache.http.wire - http-outgoing-20 >> "POST /session/7672269d08c8a98100f08f8a89755b8f/element HTTP/1.1[\r][\n]"
11:23:06.164 [Forwarding findElement on session 7672269d08c8a98100f08f8a89755b8f to remote] DEBUG org.apache.http.wire - http-outgoing-20 >> "Content-Type: application/json; charset=utf-8[\r][\n]"
11:23:06.164 [Forwarding findElement on session 7672269d08c8a98100f08f8a89755b8f to remote] DEBUG org.apache.http.wire - http-outgoing-20 >> "Content-Length: 58[\r][\n]"
11:23:06.164 [Forwarding findElement on session 7672269d08c8a98100f08f8a89755b8f to remote] DEBUG org.apache.http.wire - http-outgoing-20 >> "Host: localhost:17689[\r][\n]"
11:23:06.164 [Forwarding findElement on session 7672269d08c8a98100f08f8a89755b8f to remote] DEBUG org.apache.http.wire - http-outgoing-20 >> "Connection: Keep-Alive[\r][\n]"
11:23:06.164 [Forwarding findElement on session 7672269d08c8a98100f08f8a89755b8f to remote] DEBUG org.apache.http.wire - http-outgoing-20 >> "User-Agent: Apache-HttpClient/4.5.3 (Java/1.8.0_211)[\r][\n]"
11:23:06.164 [Forwarding findElement on session 7672269d08c8a98100f08f8a89755b8f to remote] DEBUG org.apache.http.wire - http-outgoing-20 >> "Accept-Encoding: gzip,deflate[\r][\n]"
11:23:06.164 [Forwarding findElement on session 7672269d08c8a98100f08f8a89755b8f to remote] DEBUG org.apache.http.wire - http-outgoing-20 >> "[\r][\n]"
11:23:06.164 [Forwarding findElement on session 7672269d08c8a98100f08f8a89755b8f to remote] DEBUG org.apache.http.wire - http-outgoing-20 >> "{"value":".px-2:nth-child(3) span","using":"css selector"}"
11:23:06.169 [Forwarding findElement on session 7672269d08c8a98100f08f8a89755b8f to remote] DEBUG org.apache.http.wire - http-outgoing-20 << "HTTP/1.1 200 OK[\r][\n]"
11:23:06.169 [Forwarding findElement on session 7672269d08c8a98100f08f8a89755b8f to remote] DEBUG org.apache.http.wire - http-outgoing-20 << "Content-Length:88[\r][\n]"
11:23:06.169 [Forwarding findElement on session 7672269d08c8a98100f08f8a89755b8f to remote] DEBUG org.apache.http.wire - http-outgoing-20 << "Content-Type:application/json; charset=utf-8[\r][\n]"
11:23:06.169 [Forwarding findElement on session 7672269d08c8a98100f08f8a89755b8f to remote] DEBUG org.apache.http.wire - http-outgoing-20 << "cache-control:no-cache[\r][\n]"
11:23:06.169 [Forwarding findElement on session 7672269d08c8a98100f08f8a89755b8f to remote] DEBUG org.apache.http.wire - http-outgoing-20 << "[\r][\n]"
11:23:06.169 [Forwarding findElement on session 7672269d08c8a98100f08f8a89755b8f to remote] DEBUG org.apache.http.wire - http-outgoing-20 << "{"value":{"element-6066-11e4-a52e-4f735466cecf":"83ab3425-e7e8-4cfd-8743-01e6ea1b1b99"}}"
11:23:06.169 [Forwarding findElement on session 7672269d08c8a98100f08f8a89755b8f to remote] DEBUG org.apache.http.headers - http-outgoing-20 << HTTP/1.1 200 OK
11:23:06.169 [Forwarding findElement on session 7672269d08c8a98100f08f8a89755b8f to remote] DEBUG org.apache.http.headers - http-outgoing-20 << Content-Length:88
11:23:06.169 [Forwarding findElement on session 7672269d08c8a98100f08f8a89755b8f to remote] DEBUG org.apache.http.headers - http-outgoing-20 << Content-Type:application/json; charset=utf-8
11:23:06.169 [Forwarding findElement on session 7672269d08c8a98100f08f8a89755b8f to remote] DEBUG org.apache.http.headers - http-outgoing-20 << cache-control:no-cache
11:23:06.169 [Forwarding findElement on session 7672269d08c8a98100f08f8a89755b8f to remote] DEBUG org.apache.http.impl.execchain.MainClientExec - Connection can be kept alive indefinitely
11:23:06.169 [Forwarding findElement on session 7672269d08c8a98100f08f8a89755b8f to remote] DEBUG org.apache.http.impl.conn.PoolingHttpClientConnectionManager - Connection [id: 20][route: {}->http://localhost:17689] can be kept alive indefinitely
11:23:06.169 [Forwarding findElement on session 7672269d08c8a98100f08f8a89755b8f to remote] DEBUG org.apache.http.impl.conn.PoolingHttpClientConnectionManager - Connection released: [id: 20][route: {}->http://localhost:17689][total kept alive: 21; route allocated: 1 of 2000; total allocated: 21 of 2000]
11:23:06.170 [Forwarding clickElement on session 7672269d08c8a98100f08f8a89755b8f to remote] DEBUG org.apache.http.client.protocol.RequestAddCookies - CookieSpec selected: default
11:23:06.170 [Forwarding clickElement on session 7672269d08c8a98100f08f8a89755b8f to remote] DEBUG org.apache.http.client.protocol.RequestAuthCache - Auth cache not set in the context
11:23:06.170 [Forwarding clickElement on session 7672269d08c8a98100f08f8a89755b8f to remote] DEBUG org.apache.http.impl.conn.PoolingHttpClientConnectionManager - Connection request: [route: {}->http://localhost:17689][total kept alive: 21; route allocated: 1 of 2000; total allocated: 21 of 2000]
11:23:06.170 [Forwarding clickElement on session 7672269d08c8a98100f08f8a89755b8f to remote] DEBUG org.apache.http.impl.conn.PoolingHttpClientConnectionManager - Connection leased: [id: 20][route: {}->http://localhost:17689][total kept alive: 20; route allocated: 1 of 2000; total allocated: 21 of 2000]
11:23:06.170 [Forwarding clickElement on session 7672269d08c8a98100f08f8a89755b8f to remote] DEBUG org.apache.http.impl.execchain.MainClientExec - Stale connection check
11:23:06.171 [Forwarding clickElement on session 7672269d08c8a98100f08f8a89755b8f to remote] DEBUG org.apache.http.wire - http-outgoing-20 << "[read] I/O error: Read timed out"
11:23:06.171 [Forwarding clickElement on session 7672269d08c8a98100f08f8a89755b8f to remote] DEBUG org.apache.http.impl.conn.DefaultManagedHttpClientConnection - http-outgoing-20: set socket timeout to 10800000
11:23:06.171 [Forwarding clickElement on session 7672269d08c8a98100f08f8a89755b8f to remote] DEBUG org.apache.http.impl.execchain.MainClientExec - Executing request POST /session/7672269d08c8a98100f08f8a89755b8f/element/83ab3425-e7e8-4cfd-8743-01e6ea1b1b99/click HTTP/1.1
11:23:06.171 [Forwarding clickElement on session 7672269d08c8a98100f08f8a89755b8f to remote] DEBUG org.apache.http.impl.execchain.MainClientExec - Target auth state: UNCHALLENGED
11:23:06.171 [Forwarding clickElement on session 7672269d08c8a98100f08f8a89755b8f to remote] DEBUG org.apache.http.impl.execchain.MainClientExec - Proxy auth state: UNCHALLENGED
11:23:06.171 [Forwarding clickElement on session 7672269d08c8a98100f08f8a89755b8f to remote] DEBUG org.apache.http.headers - http-outgoing-20 >> POST /session/7672269d08c8a98100f08f8a89755b8f/element/83ab3425-e7e8-4cfd-8743-01e6ea1b1b99/click HTTP/1.1
11:23:06.171 [Forwarding clickElement on session 7672269d08c8a98100f08f8a89755b8f to remote] DEBUG org.apache.http.headers - http-outgoing-20 >> Content-Type: application/json; charset=utf-8
11:23:06.171 [Forwarding clickElement on session 7672269d08c8a98100f08f8a89755b8f to remote] DEBUG org.apache.http.headers - http-outgoing-20 >> Content-Length: 45
11:23:06.171 [Forwarding clickElement on session 7672269d08c8a98100f08f8a89755b8f to remote] DEBUG org.apache.http.headers - http-outgoing-20 >> Host: localhost:17689
11:23:06.171 [Forwarding clickElement on session 7672269d08c8a98100f08f8a89755b8f to remote] DEBUG org.apache.http.headers - http-outgoing-20 >> Connection: Keep-Alive
11:23:06.171 [Forwarding clickElement on session 7672269d08c8a98100f08f8a89755b8f to remote] DEBUG org.apache.http.headers - http-outgoing-20 >> User-Agent: Apache-HttpClient/4.5.3 (Java/1.8.0_211)
11:23:06.171 [Forwarding clickElement on session 7672269d08c8a98100f08f8a89755b8f to remote] DEBUG org.apache.http.headers - http-outgoing-20 >> Accept-Encoding: gzip,deflate
11:23:06.171 [Forwarding clickElement on session 7672269d08c8a98100f08f8a89755b8f to remote] DEBUG org.apache.http.wire - http-outgoing-20 >> "POST /session/7672269d08c8a98100f08f8a89755b8f/element/83ab3425-e7e8-4cfd-8743-01e6ea1b1b99/click HTTP/1.1[\r][\n]"
11:23:06.171 [Forwarding clickElement on session 7672269d08c8a98100f08f8a89755b8f to remote] DEBUG org.apache.http.wire - http-outgoing-20 >> "Content-Type: application/json; charset=utf-8[\r][\n]"
11:23:06.171 [Forwarding clickElement on session 7672269d08c8a98100f08f8a89755b8f to remote] DEBUG org.apache.http.wire - http-outgoing-20 >> "Content-Length: 45[\r][\n]"
11:23:06.171 [Forwarding clickElement on session 7672269d08c8a98100f08f8a89755b8f to remote] DEBUG org.apache.http.wire - http-outgoing-20 >> "Host: localhost:17689[\r][\n]"
11:23:06.171 [Forwarding clickElement on session 7672269d08c8a98100f08f8a89755b8f to remote] DEBUG org.apache.http.wire - http-outgoing-20 >> "Connection: Keep-Alive[\r][\n]"
11:23:06.171 [Forwarding clickElement on session 7672269d08c8a98100f08f8a89755b8f to remote] DEBUG org.apache.http.wire - http-outgoing-20 >> "User-Agent: Apache-HttpClient/4.5.3 (Java/1.8.0_211)[\r][\n]"
11:23:06.171 [Forwarding clickElement on session 7672269d08c8a98100f08f8a89755b8f to remote] DEBUG org.apache.http.wire - http-outgoing-20 >> "Accept-Encoding: gzip,deflate[\r][\n]"
11:23:06.171 [Forwarding clickElement on session 7672269d08c8a98100f08f8a89755b8f to remote] DEBUG org.apache.http.wire - http-outgoing-20 >> "[\r][\n]"
11:23:06.171 [Forwarding clickElement on session 7672269d08c8a98100f08f8a89755b8f to remote] DEBUG org.apache.http.wire - http-outgoing-20 >> "{"id":"83ab3425-e7e8-4cfd-8743-01e6ea1b1b99"}"
11:23:06.235 [Forwarding clickElement on session 7672269d08c8a98100f08f8a89755b8f to remote] DEBUG org.apache.http.wire - http-outgoing-20 << "HTTP/1.1 200 OK[\r][\n]"
11:23:06.235 [Forwarding clickElement on session 7672269d08c8a98100f08f8a89755b8f to remote] DEBUG org.apache.http.wire - http-outgoing-20 << "Content-Length:14[\r][\n]"
11:23:06.235 [Forwarding clickElement on session 7672269d08c8a98100f08f8a89755b8f to remote] DEBUG org.apache.http.wire - http-outgoing-20 << "Content-Type:application/json; charset=utf-8[\r][\n]"
11:23:06.235 [Forwarding clickElement on session 7672269d08c8a98100f08f8a89755b8f to remote] DEBUG org.apache.http.wire - http-outgoing-20 << "cache-control:no-cache[\r][\n]"
11:23:06.235 [Forwarding clickElement on session 7672269d08c8a98100f08f8a89755b8f to remote] DEBUG org.apache.http.wire - http-outgoing-20 << "[\r][\n]"
11:23:06.235 [Forwarding clickElement on session 7672269d08c8a98100f08f8a89755b8f to remote] DEBUG org.apache.http.wire - http-outgoing-20 << "{"value":null}"
11:23:06.235 [Forwarding clickElement on session 7672269d08c8a98100f08f8a89755b8f to remote] DEBUG org.apache.http.headers - http-outgoing-20 << HTTP/1.1 200 OK
11:23:06.235 [Forwarding clickElement on session 7672269d08c8a98100f08f8a89755b8f to remote] DEBUG org.apache.http.headers - http-outgoing-20 << Content-Length:14
11:23:06.235 [Forwarding clickElement on session 7672269d08c8a98100f08f8a89755b8f to remote] DEBUG org.apache.http.headers - http-outgoing-20 << Content-Type:application/json; charset=utf-8
11:23:06.235 [Forwarding clickElement on session 7672269d08c8a98100f08f8a89755b8f to remote] DEBUG org.apache.http.headers - http-outgoing-20 << cache-control:no-cache
11:23:06.235 [Forwarding clickElement on session 7672269d08c8a98100f08f8a89755b8f to remote] DEBUG org.apache.http.impl.execchain.MainClientExec - Connection can be kept alive indefinitely
11:23:06.235 [Forwarding clickElement on session 7672269d08c8a98100f08f8a89755b8f to remote] DEBUG org.apache.http.impl.conn.PoolingHttpClientConnectionManager - Connection [id: 20][route: {}->http://localhost:17689] can be kept alive indefinitely
11:23:06.235 [Forwarding clickElement on session 7672269d08c8a98100f08f8a89755b8f to remote] DEBUG org.apache.http.impl.conn.PoolingHttpClientConnectionManager - Connection released: [id: 20][route: {}->http://localhost:17689][total kept alive: 21; route allocated: 1 of 2000; total allocated: 21 of 2000]
11:23:06.236 [Forwarding findElement on session 7672269d08c8a98100f08f8a89755b8f to remote] DEBUG org.apache.http.client.protocol.RequestAddCookies - CookieSpec selected: default
11:23:06.236 [Forwarding findElement on session 7672269d08c8a98100f08f8a89755b8f to remote] DEBUG org.apache.http.client.protocol.RequestAuthCache - Auth cache not set in the context
11:23:06.236 [Forwarding findElement on session 7672269d08c8a98100f08f8a89755b8f to remote] DEBUG org.apache.http.impl.conn.PoolingHttpClientConnectionManager - Connection request: [route: {}->http://localhost:17689][total kept alive: 21; route allocated: 1 of 2000; total allocated: 21 of 2000]
11:23:06.236 [Forwarding findElement on session 7672269d08c8a98100f08f8a89755b8f to remote] DEBUG org.apache.http.impl.conn.PoolingHttpClientConnectionManager - Connection leased: [id: 20][route: {}->http://localhost:17689][total kept alive: 20; route allocated: 1 of 2000; total allocated: 21 of 2000]
11:23:06.236 [Forwarding findElement on session 7672269d08c8a98100f08f8a89755b8f to remote] DEBUG org.apache.http.impl.execchain.MainClientExec - Stale connection check
11:23:06.237 [Forwarding findElement on session 7672269d08c8a98100f08f8a89755b8f to remote] DEBUG org.apache.http.wire - http-outgoing-20 << "[read] I/O error: Read timed out"
11:23:06.237 [Forwarding findElement on session 7672269d08c8a98100f08f8a89755b8f to remote] DEBUG org.apache.http.impl.conn.DefaultManagedHttpClientConnection - http-outgoing-20: set socket timeout to 10800000
11:23:06.237 [Forwarding findElement on session 7672269d08c8a98100f08f8a89755b8f to remote] DEBUG org.apache.http.impl.execchain.MainClientExec - Executing request POST /session/7672269d08c8a98100f08f8a89755b8f/element HTTP/1.1
11:23:06.237 [Forwarding findElement on session 7672269d08c8a98100f08f8a89755b8f to remote] DEBUG org.apache.http.impl.execchain.MainClientExec - Target auth state: UNCHALLENGED
11:23:06.237 [Forwarding findElement on session 7672269d08c8a98100f08f8a89755b8f to remote] DEBUG org.apache.http.impl.execchain.MainClientExec - Proxy auth state: UNCHALLENGED
11:23:06.237 [Forwarding findElement on session 7672269d08c8a98100f08f8a89755b8f to remote] DEBUG org.apache.http.headers - http-outgoing-20 >> POST /session/7672269d08c8a98100f08f8a89755b8f/element HTTP/1.1
11:23:06.237 [Forwarding findElement on session 7672269d08c8a98100f08f8a89755b8f to remote] DEBUG org.apache.http.headers - http-outgoing-20 >> Content-Type: application/json; charset=utf-8
11:23:06.237 [Forwarding findElement on session 7672269d08c8a98100f08f8a89755b8f to remote] DEBUG org.apache.http.headers - http-outgoing-20 >> Content-Length: 61
11:23:06.237 [Forwarding findElement on session 7672269d08c8a98100f08f8a89755b8f to remote] DEBUG org.apache.http.headers - http-outgoing-20 >> Host: localhost:17689
11:23:06.237 [Forwarding findElement on session 7672269d08c8a98100f08f8a89755b8f to remote] DEBUG org.apache.http.headers - http-outgoing-20 >> Connection: Keep-Alive
11:23:06.237 [Forwarding findElement on session 7672269d08c8a98100f08f8a89755b8f to remote] DEBUG org.apache.http.headers - http-outgoing-20 >> User-Agent: Apache-HttpClient/4.5.3 (Java/1.8.0_211)
11:23:06.237 [Forwarding findElement on session 7672269d08c8a98100f08f8a89755b8f to remote] DEBUG org.apache.http.headers - http-outgoing-20 >> Accept-Encoding: gzip,deflate
11:23:06.237 [Forwarding findElement on session 7672269d08c8a98100f08f8a89755b8f to remote] DEBUG org.apache.http.wire - http-outgoing-20 >> "POST /session/7672269d08c8a98100f08f8a89755b8f/element HTTP/1.1[\r][\n]"
11:23:06.237 [Forwarding findElement on session 7672269d08c8a98100f08f8a89755b8f to remote] DEBUG org.apache.http.wire - http-outgoing-20 >> "Content-Type: application/json; charset=utf-8[\r][\n]"
11:23:06.237 [Forwarding findElement on session 7672269d08c8a98100f08f8a89755b8f to remote] DEBUG org.apache.http.wire - http-outgoing-20 >> "Content-Length: 61[\r][\n]"
11:23:06.237 [Forwarding findElement on session 7672269d08c8a98100f08f8a89755b8f to remote] DEBUG org.apache.http.wire - http-outgoing-20 >> "Host: localhost:17689[\r][\n]"
11:23:06.237 [Forwarding findElement on session 7672269d08c8a98100f08f8a89755b8f to remote] DEBUG org.apache.http.wire - http-outgoing-20 >> "Connection: Keep-Alive[\r][\n]"
11:23:06.237 [Forwarding findElement on session 7672269d08c8a98100f08f8a89755b8f to remote] DEBUG org.apache.http.wire - http-outgoing-20 >> "User-Agent: Apache-HttpClient/4.5.3 (Java/1.8.0_211)[\r][\n]"
11:23:06.237 [Forwarding findElement on session 7672269d08c8a98100f08f8a89755b8f to remote] DEBUG org.apache.http.wire - http-outgoing-20 >> "Accept-Encoding: gzip,deflate[\r][\n]"
11:23:06.237 [Forwarding findElement on session 7672269d08c8a98100f08f8a89755b8f to remote] DEBUG org.apache.http.wire - http-outgoing-20 >> "[\r][\n]"
11:23:06.237 [Forwarding findElement on session 7672269d08c8a98100f08f8a89755b8f to remote] DEBUG org.apache.http.wire - http-outgoing-20 >> "{"value":".form-control:nth-child(2)","using":"css selector"}"
11:23:06.244 [Forwarding findElement on session 7672269d08c8a98100f08f8a89755b8f to remote] DEBUG org.apache.http.wire - http-outgoing-20 << "HTTP/1.1 200 OK[\r][\n]"
11:23:06.244 [Forwarding findElement on session 7672269d08c8a98100f08f8a89755b8f to remote] DEBUG org.apache.http.wire - http-outgoing-20 << "Content-Length:88[\r][\n]"
11:23:06.244 [Forwarding findElement on session 7672269d08c8a98100f08f8a89755b8f to remote] DEBUG org.apache.http.wire - http-outgoing-20 << "Content-Type:application/json; charset=utf-8[\r][\n]"
11:23:06.244 [Forwarding findElement on session 7672269d08c8a98100f08f8a89755b8f to remote] DEBUG org.apache.http.wire - http-outgoing-20 << "cache-control:no-cache[\r][\n]"
11:23:06.244 [Forwarding findElement on session 7672269d08c8a98100f08f8a89755b8f to remote] DEBUG org.apache.http.wire - http-outgoing-20 << "[\r][\n]"
11:23:06.244 [Forwarding findElement on session 7672269d08c8a98100f08f8a89755b8f to remote] DEBUG org.apache.http.wire - http-outgoing-20 << "{"value":{"element-6066-11e4-a52e-4f735466cecf":"b848d88e-d3a9-4510-ab44-138592f85fa4"}}"
11:23:06.244 [Forwarding findElement on session 7672269d08c8a98100f08f8a89755b8f to remote] DEBUG org.apache.http.headers - http-outgoing-20 << HTTP/1.1 200 OK
11:23:06.244 [Forwarding findElement on session 7672269d08c8a98100f08f8a89755b8f to remote] DEBUG org.apache.http.headers - http-outgoing-20 << Content-Length:88
11:23:06.244 [Forwarding findElement on session 7672269d08c8a98100f08f8a89755b8f to remote] DEBUG org.apache.http.headers - http-outgoing-20 << Content-Type:application/json; charset=utf-8
11:23:06.244 [Forwarding findElement on session 7672269d08c8a98100f08f8a89755b8f to remote] DEBUG org.apache.http.headers - http-outgoing-20 << cache-control:no-cache
11:23:06.244 [Forwarding findElement on session 7672269d08c8a98100f08f8a89755b8f to remote] DEBUG org.apache.http.impl.execchain.MainClientExec - Connection can be kept alive indefinitely
11:23:06.244 [Forwarding findElement on session 7672269d08c8a98100f08f8a89755b8f to remote] DEBUG org.apache.http.impl.conn.PoolingHttpClientConnectionManager - Connection [id: 20][route: {}->http://localhost:17689] can be kept alive indefinitely
11:23:06.244 [Forwarding findElement on session 7672269d08c8a98100f08f8a89755b8f to remote] DEBUG org.apache.http.impl.conn.PoolingHttpClientConnectionManager - Connection released: [id: 20][route: {}->http://localhost:17689][total kept alive: 21; route allocated: 1 of 2000; total allocated: 21 of 2000]
11:23:06.244 [Forwarding clickElement on session 7672269d08c8a98100f08f8a89755b8f to remote] DEBUG org.apache.http.client.protocol.RequestAddCookies - CookieSpec selected: default
11:23:06.244 [Forwarding clickElement on session 7672269d08c8a98100f08f8a89755b8f to remote] DEBUG org.apache.http.client.protocol.RequestAuthCache - Auth cache not set in the context
11:23:06.244 [Forwarding clickElement on session 7672269d08c8a98100f08f8a89755b8f to remote] DEBUG org.apache.http.impl.conn.PoolingHttpClientConnectionManager - Connection request: [route: {}->http://localhost:17689][total kept alive: 21; route allocated: 1 of 2000; total allocated: 21 of 2000]
11:23:06.244 [Forwarding clickElement on session 7672269d08c8a98100f08f8a89755b8f to remote] DEBUG org.apache.http.impl.conn.PoolingHttpClientConnectionManager - Connection leased: [id: 20][route: {}->http://localhost:17689][total kept alive: 20; route allocated: 1 of 2000; total allocated: 21 of 2000]
11:23:06.244 [Forwarding clickElement on session 7672269d08c8a98100f08f8a89755b8f to remote] DEBUG org.apache.http.impl.execchain.MainClientExec - Stale connection check
11:23:06.246 [Forwarding clickElement on session 7672269d08c8a98100f08f8a89755b8f to remote] DEBUG org.apache.http.wire - http-outgoing-20 << "[read] I/O error: Read timed out"
11:23:06.246 [Forwarding clickElement on session 7672269d08c8a98100f08f8a89755b8f to remote] DEBUG org.apache.http.impl.conn.DefaultManagedHttpClientConnection - http-outgoing-20: set socket timeout to 10800000
11:23:06.246 [Forwarding clickElement on session 7672269d08c8a98100f08f8a89755b8f to remote] DEBUG org.apache.http.impl.execchain.MainClientExec - Executing request POST /session/7672269d08c8a98100f08f8a89755b8f/element/b848d88e-d3a9-4510-ab44-138592f85fa4/click HTTP/1.1
11:23:06.246 [Forwarding clickElement on session 7672269d08c8a98100f08f8a89755b8f to remote] DEBUG org.apache.http.impl.execchain.MainClientExec - Target auth state: UNCHALLENGED
11:23:06.246 [Forwarding clickElement on session 7672269d08c8a98100f08f8a89755b8f to remote] DEBUG org.apache.http.impl.execchain.MainClientExec - Proxy auth state: UNCHALLENGED
11:23:06.246 [Forwarding clickElement on session 7672269d08c8a98100f08f8a89755b8f to remote] DEBUG org.apache.http.headers - http-outgoing-20 >> POST /session/7672269d08c8a98100f08f8a89755b8f/element/b848d88e-d3a9-4510-ab44-138592f85fa4/click HTTP/1.1
11:23:06.246 [Forwarding clickElement on session 7672269d08c8a98100f08f8a89755b8f to remote] DEBUG org.apache.http.headers - http-outgoing-20 >> Content-Type: application/json; charset=utf-8
11:23:06.246 [Forwarding clickElement on session 7672269d08c8a98100f08f8a89755b8f to remote] DEBUG org.apache.http.headers - http-outgoing-20 >> Content-Length: 45
11:23:06.246 [Forwarding clickElement on session 7672269d08c8a98100f08f8a89755b8f to remote] DEBUG org.apache.http.headers - http-outgoing-20 >> Host: localhost:17689
11:23:06.246 [Forwarding clickElement on session 7672269d08c8a98100f08f8a89755b8f to remote] DEBUG org.apache.http.headers - http-outgoing-20 >> Connection: Keep-Alive
11:23:06.246 [Forwarding clickElement on session 7672269d08c8a98100f08f8a89755b8f to remote] DEBUG org.apache.http.headers - http-outgoing-20 >> User-Agent: Apache-HttpClient/4.5.3 (Java/1.8.0_211)
11:23:06.246 [Forwarding clickElement on session 7672269d08c8a98100f08f8a89755b8f to remote] DEBUG org.apache.http.headers - http-outgoing-20 >> Accept-Encoding: gzip,deflate
11:23:06.246 [Forwarding clickElement on session 7672269d08c8a98100f08f8a89755b8f to remote] DEBUG org.apache.http.wire - http-outgoing-20 >> "POST /session/7672269d08c8a98100f08f8a89755b8f/element/b848d88e-d3a9-4510-ab44-138592f85fa4/click HTTP/1.1[\r][\n]"
11:23:06.246 [Forwarding clickElement on session 7672269d08c8a98100f08f8a89755b8f to remote] DEBUG org.apache.http.wire - http-outgoing-20 >> "Content-Type: application/json; charset=utf-8[\r][\n]"
11:23:06.246 [Forwarding clickElement on session 7672269d08c8a98100f08f8a89755b8f to remote] DEBUG org.apache.http.wire - http-outgoing-20 >> "Content-Length: 45[\r][\n]"
11:23:06.246 [Forwarding clickElement on session 7672269d08c8a98100f08f8a89755b8f to remote] DEBUG org.apache.http.wire - http-outgoing-20 >> "Host: localhost:17689[\r][\n]"
11:23:06.246 [Forwarding clickElement on session 7672269d08c8a98100f08f8a89755b8f to remote] DEBUG org.apache.http.wire - http-outgoing-20 >> "Connection: Keep-Alive[\r][\n]"
11:23:06.246 [Forwarding clickElement on session 7672269d08c8a98100f08f8a89755b8f to remote] DEBUG org.apache.http.wire - http-outgoing-20 >> "User-Agent: Apache-HttpClient/4.5.3 (Java/1.8.0_211)[\r][\n]"
11:23:06.246 [Forwarding clickElement on session 7672269d08c8a98100f08f8a89755b8f to remote] DEBUG org.apache.http.wire - http-outgoing-20 >> "Accept-Encoding: gzip,deflate[\r][\n]"
11:23:06.246 [Forwarding clickElement on session 7672269d08c8a98100f08f8a89755b8f to remote] DEBUG org.apache.http.wire - http-outgoing-20 >> "[\r][\n]"
11:23:06.246 [Forwarding clickElement on session 7672269d08c8a98100f08f8a89755b8f to remote] DEBUG org.apache.http.wire - http-outgoing-20 >> "{"id":"b848d88e-d3a9-4510-ab44-138592f85fa4"}"
11:23:06.289 [Forwarding clickElement on session 7672269d08c8a98100f08f8a89755b8f to remote] DEBUG org.apache.http.wire - http-outgoing-20 << "HTTP/1.1 200 OK[\r][\n]"
11:23:06.289 [Forwarding clickElement on session 7672269d08c8a98100f08f8a89755b8f to remote] DEBUG org.apache.http.wire - http-outgoing-20 << "Content-Length:14[\r][\n]"
11:23:06.289 [Forwarding clickElement on session 7672269d08c8a98100f08f8a89755b8f to remote] DEBUG org.apache.http.wire - http-outgoing-20 << "Content-Type:application/json; charset=utf-8[\r][\n]"
11:23:06.289 [Forwarding clickElement on session 7672269d08c8a98100f08f8a89755b8f to remote] DEBUG org.apache.http.wire - http-outgoing-20 << "cache-control:no-cache[\r][\n]"
11:23:06.289 [Forwarding clickElement on session 7672269d08c8a98100f08f8a89755b8f to remote] DEBUG org.apache.http.wire - http-outgoing-20 << "[\r][\n]"
11:23:06.289 [Forwarding clickElement on session 7672269d08c8a98100f08f8a89755b8f to remote] DEBUG org.apache.http.wire - http-outgoing-20 << "{"value":null}"
11:23:06.289 [Forwarding clickElement on session 7672269d08c8a98100f08f8a89755b8f to remote] DEBUG org.apache.http.headers - http-outgoing-20 << HTTP/1.1 200 OK
11:23:06.289 [Forwarding clickElement on session 7672269d08c8a98100f08f8a89755b8f to remote] DEBUG org.apache.http.headers - http-outgoing-20 << Content-Length:14
11:23:06.289 [Forwarding clickElement on session 7672269d08c8a98100f08f8a89755b8f to remote] DEBUG org.apache.http.headers - http-outgoing-20 << Content-Type:application/json; charset=utf-8
11:23:06.289 [Forwarding clickElement on session 7672269d08c8a98100f08f8a89755b8f to remote] DEBUG org.apache.http.headers - http-outgoing-20 << cache-control:no-cache
11:23:06.289 [Forwarding clickElement on session 7672269d08c8a98100f08f8a89755b8f to remote] DEBUG org.apache.http.impl.execchain.MainClientExec - Connection can be kept alive indefinitely
11:23:06.289 [Forwarding clickElement on session 7672269d08c8a98100f08f8a89755b8f to remote] DEBUG org.apache.http.impl.conn.PoolingHttpClientConnectionManager - Connection [id: 20][route: {}->http://localhost:17689] can be kept alive indefinitely
11:23:06.289 [Forwarding clickElement on session 7672269d08c8a98100f08f8a89755b8f to remote] DEBUG org.apache.http.impl.conn.PoolingHttpClientConnectionManager - Connection released: [id: 20][route: {}->http://localhost:17689][total kept alive: 21; route allocated: 1 of 2000; total allocated: 21 of 2000]
11:23:06.289 [Forwarding findElement on session 7672269d08c8a98100f08f8a89755b8f to remote] DEBUG org.apache.http.client.protocol.RequestAddCookies - CookieSpec selected: default
11:23:06.289 [Forwarding findElement on session 7672269d08c8a98100f08f8a89755b8f to remote] DEBUG org.apache.http.client.protocol.RequestAuthCache - Auth cache not set in the context
11:23:06.289 [Forwarding findElement on session 7672269d08c8a98100f08f8a89755b8f to remote] DEBUG org.apache.http.impl.conn.PoolingHttpClientConnectionManager - Connection request: [route: {}->http://localhost:17689][total kept alive: 21; route allocated: 1 of 2000; total allocated: 21 of 2000]
11:23:06.289 [Forwarding findElement on session 7672269d08c8a98100f08f8a89755b8f to remote] DEBUG org.apache.http.impl.conn.PoolingHttpClientConnectionManager - Connection leased: [id: 20][route: {}->http://localhost:17689][total kept alive: 20; route allocated: 1 of 2000; total allocated: 21 of 2000]
11:23:06.289 [Forwarding findElement on session 7672269d08c8a98100f08f8a89755b8f to remote] DEBUG org.apache.http.impl.execchain.MainClientExec - Stale connection check
11:23:06.290 [Forwarding findElement on session 7672269d08c8a98100f08f8a89755b8f to remote] DEBUG org.apache.http.wire - http-outgoing-20 << "[read] I/O error: Read timed out"
11:23:06.291 [Forwarding findElement on session 7672269d08c8a98100f08f8a89755b8f to remote] DEBUG org.apache.http.impl.conn.DefaultManagedHttpClientConnection - http-outgoing-20: set socket timeout to 10800000
11:23:06.291 [Forwarding findElement on session 7672269d08c8a98100f08f8a89755b8f to remote] DEBUG org.apache.http.impl.execchain.MainClientExec - Executing request POST /session/7672269d08c8a98100f08f8a89755b8f/element HTTP/1.1
11:23:06.291 [Forwarding findElement on session 7672269d08c8a98100f08f8a89755b8f to remote] DEBUG org.apache.http.impl.execchain.MainClientExec - Target auth state: UNCHALLENGED
11:23:06.291 [Forwarding findElement on session 7672269d08c8a98100f08f8a89755b8f to remote] DEBUG org.apache.http.impl.execchain.MainClientExec - Proxy auth state: UNCHALLENGED
11:23:06.291 [Forwarding findElement on session 7672269d08c8a98100f08f8a89755b8f to remote] DEBUG org.apache.http.headers - http-outgoing-20 >> POST /session/7672269d08c8a98100f08f8a89755b8f/element HTTP/1.1
11:23:06.291 [Forwarding findElement on session 7672269d08c8a98100f08f8a89755b8f to remote] DEBUG org.apache.http.headers - http-outgoing-20 >> Content-Type: application/json; charset=utf-8
11:23:06.291 [Forwarding findElement on session 7672269d08c8a98100f08f8a89755b8f to remote] DEBUG org.apache.http.headers - http-outgoing-20 >> Content-Length: 61
11:23:06.291 [Forwarding findElement on session 7672269d08c8a98100f08f8a89755b8f to remote] DEBUG org.apache.http.headers - http-outgoing-20 >> Host: localhost:17689
11:23:06.291 [Forwarding findElement on session 7672269d08c8a98100f08f8a89755b8f to remote] DEBUG org.apache.http.headers - http-outgoing-20 >> Connection: Keep-Alive
11:23:06.291 [Forwarding findElement on session 7672269d08c8a98100f08f8a89755b8f to remote] DEBUG org.apache.http.headers - http-outgoing-20 >> User-Agent: Apache-HttpClient/4.5.3 (Java/1.8.0_211)
11:23:06.291 [Forwarding findElement on session 7672269d08c8a98100f08f8a89755b8f to remote] DEBUG org.apache.http.headers - http-outgoing-20 >> Accept-Encoding: gzip,deflate
11:23:06.291 [Forwarding findElement on session 7672269d08c8a98100f08f8a89755b8f to remote] DEBUG org.apache.http.wire - http-outgoing-20 >> "POST /session/7672269d08c8a98100f08f8a89755b8f/element HTTP/1.1[\r][\n]"
11:23:06.291 [Forwarding findElement on session 7672269d08c8a98100f08f8a89755b8f to remote] DEBUG org.apache.http.wire - http-outgoing-20 >> "Content-Type: application/json; charset=utf-8[\r][\n]"
11:23:06.291 [Forwarding findElement on session 7672269d08c8a98100f08f8a89755b8f to remote] DEBUG org.apache.http.wire - http-outgoing-20 >> "Content-Length: 61[\r][\n]"
11:23:06.291 [Forwarding findElement on session 7672269d08c8a98100f08f8a89755b8f to remote] DEBUG org.apache.http.wire - http-outgoing-20 >> "Host: localhost:17689[\r][\n]"
11:23:06.291 [Forwarding findElement on session 7672269d08c8a98100f08f8a89755b8f to remote] DEBUG org.apache.http.wire - http-outgoing-20 >> "Connection: Keep-Alive[\r][\n]"
11:23:06.291 [Forwarding findElement on session 7672269d08c8a98100f08f8a89755b8f to remote] DEBUG org.apache.http.wire - http-outgoing-20 >> "User-Agent: Apache-HttpClient/4.5.3 (Java/1.8.0_211)[\r][\n]"
11:23:06.291 [Forwarding findElement on session 7672269d08c8a98100f08f8a89755b8f to remote] DEBUG org.apache.http.wire - http-outgoing-20 >> "Accept-Encoding: gzip,deflate[\r][\n]"
11:23:06.291 [Forwarding findElement on session 7672269d08c8a98100f08f8a89755b8f to remote] DEBUG org.apache.http.wire - http-outgoing-20 >> "[\r][\n]"
11:23:06.291 [Forwarding findElement on session 7672269d08c8a98100f08f8a89755b8f to remote] DEBUG org.apache.http.wire - http-outgoing-20 >> "{"value":".form-control:nth-child(2)","using":"css selector"}"
11:23:06.293 [Forwarding findElement on session 7672269d08c8a98100f08f8a89755b8f to remote] DEBUG org.apache.http.wire - http-outgoing-20 << "HTTP/1.1 200 OK[\r][\n]"
11:23:06.294 [Forwarding findElement on session 7672269d08c8a98100f08f8a89755b8f to remote] DEBUG org.apache.http.wire - http-outgoing-20 << "Content-Length:88[\r][\n]"
11:23:06.294 [Forwarding findElement on session 7672269d08c8a98100f08f8a89755b8f to remote] DEBUG org.apache.http.wire - http-outgoing-20 << "Content-Type:application/json; charset=utf-8[\r][\n]"
11:23:06.294 [Forwarding findElement on session 7672269d08c8a98100f08f8a89755b8f to remote] DEBUG org.apache.http.wire - http-outgoing-20 << "cache-control:no-cache[\r][\n]"
11:23:06.294 [Forwarding findElement on session 7672269d08c8a98100f08f8a89755b8f to remote] DEBUG org.apache.http.wire - http-outgoing-20 << "[\r][\n]"
11:23:06.294 [Forwarding findElement on session 7672269d08c8a98100f08f8a89755b8f to remote] DEBUG org.apache.http.wire - http-outgoing-20 << "{"value":{"element-6066-11e4-a52e-4f735466cecf":"b848d88e-d3a9-4510-ab44-138592f85fa4"}}"
11:23:06.294 [Forwarding findElement on session 7672269d08c8a98100f08f8a89755b8f to remote] DEBUG org.apache.http.headers - http-outgoing-20 << HTTP/1.1 200 OK
11:23:06.294 [Forwarding findElement on session 7672269d08c8a98100f08f8a89755b8f to remote] DEBUG org.apache.http.headers - http-outgoing-20 << Content-Length:88
11:23:06.294 [Forwarding findElement on session 7672269d08c8a98100f08f8a89755b8f to remote] DEBUG org.apache.http.headers - http-outgoing-20 << Content-Type:application/json; charset=utf-8
11:23:06.294 [Forwarding findElement on session 7672269d08c8a98100f08f8a89755b8f to remote] DEBUG org.apache.http.headers - http-outgoing-20 << cache-control:no-cache
11:23:06.294 [Forwarding findElement on session 7672269d08c8a98100f08f8a89755b8f to remote] DEBUG org.apache.http.impl.execchain.MainClientExec - Connection can be kept alive indefinitely
11:23:06.294 [Forwarding findElement on session 7672269d08c8a98100f08f8a89755b8f to remote] DEBUG org.apache.http.impl.conn.PoolingHttpClientConnectionManager - Connection [id: 20][route: {}->http://localhost:17689] can be kept alive indefinitely
11:23:06.294 [Forwarding findElement on session 7672269d08c8a98100f08f8a89755b8f to remote] DEBUG org.apache.http.impl.conn.PoolingHttpClientConnectionManager - Connection released: [id: 20][route: {}->http://localhost:17689][total kept alive: 21; route allocated: 1 of 2000; total allocated: 21 of 2000]
11:23:06.294 [Forwarding sendKeysToElement on session 7672269d08c8a98100f08f8a89755b8f to remote] DEBUG org.apache.http.client.protocol.RequestAddCookies - CookieSpec selected: default
11:23:06.294 [Forwarding sendKeysToElement on session 7672269d08c8a98100f08f8a89755b8f to remote] DEBUG org.apache.http.client.protocol.RequestAuthCache - Auth cache not set in the context
11:23:06.294 [Forwarding sendKeysToElement on session 7672269d08c8a98100f08f8a89755b8f to remote] DEBUG org.apache.http.impl.conn.PoolingHttpClientConnectionManager - Connection request: [route: {}->http://localhost:17689][total kept alive: 21; route allocated: 1 of 2000; total allocated: 21 of 2000]
11:23:06.294 [Forwarding sendKeysToElement on session 7672269d08c8a98100f08f8a89755b8f to remote] DEBUG org.apache.http.impl.conn.PoolingHttpClientConnectionManager - Connection leased: [id: 20][route: {}->http://localhost:17689][total kept alive: 20; route allocated: 1 of 2000; total allocated: 21 of 2000]
11:23:06.294 [Forwarding sendKeysToElement on session 7672269d08c8a98100f08f8a89755b8f to remote] DEBUG org.apache.http.impl.execchain.MainClientExec - Stale connection check
11:23:06.295 [Forwarding sendKeysToElement on session 7672269d08c8a98100f08f8a89755b8f to remote] DEBUG org.apache.http.wire - http-outgoing-20 << "[read] I/O error: Read timed out"
11:23:06.295 [Forwarding sendKeysToElement on session 7672269d08c8a98100f08f8a89755b8f to remote] DEBUG org.apache.http.impl.conn.DefaultManagedHttpClientConnection - http-outgoing-20: set socket timeout to 10800000
11:23:06.295 [Forwarding sendKeysToElement on session 7672269d08c8a98100f08f8a89755b8f to remote] DEBUG org.apache.http.impl.execchain.MainClientExec - Executing request POST /session/7672269d08c8a98100f08f8a89755b8f/element/b848d88e-d3a9-4510-ab44-138592f85fa4/value HTTP/1.1
11:23:06.295 [Forwarding sendKeysToElement on session 7672269d08c8a98100f08f8a89755b8f to remote] DEBUG org.apache.http.impl.execchain.MainClientExec - Target auth state: UNCHALLENGED
11:23:06.295 [Forwarding sendKeysToElement on session 7672269d08c8a98100f08f8a89755b8f to remote] DEBUG org.apache.http.impl.execchain.MainClientExec - Proxy auth state: UNCHALLENGED
11:23:06.295 [Forwarding sendKeysToElement on session 7672269d08c8a98100f08f8a89755b8f to remote] DEBUG org.apache.http.headers - http-outgoing-20 >> POST /session/7672269d08c8a98100f08f8a89755b8f/element/b848d88e-d3a9-4510-ab44-138592f85fa4/value HTTP/1.1
11:23:06.296 [Forwarding sendKeysToElement on session 7672269d08c8a98100f08f8a89755b8f to remote] DEBUG org.apache.http.headers - http-outgoing-20 >> Content-Type: application/json; charset=utf-8
11:23:06.296 [Forwarding sendKeysToElement on session 7672269d08c8a98100f08f8a89755b8f to remote] DEBUG org.apache.http.headers - http-outgoing-20 >> Content-Length: 385
11:23:06.296 [Forwarding sendKeysToElement on session 7672269d08c8a98100f08f8a89755b8f to remote] DEBUG org.apache.http.headers - http-outgoing-20 >> Host: localhost:17689
11:23:06.296 [Forwarding sendKeysToElement on session 7672269d08c8a98100f08f8a89755b8f to remote] DEBUG org.apache.http.headers - http-outgoing-20 >> Connection: Keep-Alive
11:23:06.296 [Forwarding sendKeysToElement on session 7672269d08c8a98100f08f8a89755b8f to remote] DEBUG org.apache.http.headers - http-outgoing-20 >> User-Agent: Apache-HttpClient/4.5.3 (Java/1.8.0_211)
11:23:06.296 [Forwarding sendKeysToElement on session 7672269d08c8a98100f08f8a89755b8f to remote] DEBUG org.apache.http.headers - http-outgoing-20 >> Accept-Encoding: gzip,deflate
11:23:06.296 [Forwarding sendKeysToElement on session 7672269d08c8a98100f08f8a89755b8f to remote] DEBUG org.apache.http.wire - http-outgoing-20 >> "POST /session/7672269d08c8a98100f08f8a89755b8f/element/b848d88e-d3a9-4510-ab44-138592f85fa4/value HTTP/1.1[\r][\n]"
11:23:06.296 [Forwarding sendKeysToElement on session 7672269d08c8a98100f08f8a89755b8f to remote] DEBUG org.apache.http.wire - http-outgoing-20 >> "Content-Type: application/json; charset=utf-8[\r][\n]"
11:23:06.296 [Forwarding sendKeysToElement on session 7672269d08c8a98100f08f8a89755b8f to remote] DEBUG org.apache.http.wire - http-outgoing-20 >> "Content-Length: 385[\r][\n]"
11:23:06.296 [Forwarding sendKeysToElement on session 7672269d08c8a98100f08f8a89755b8f to remote] DEBUG org.apache.http.wire - http-outgoing-20 >> "Host: localhost:17689[\r][\n]"
11:23:06.296 [Forwarding sendKeysToElement on session 7672269d08c8a98100f08f8a89755b8f to remote] DEBUG org.apache.http.wire - http-outgoing-20 >> "Connection: Keep-Alive[\r][\n]"
11:23:06.296 [Forwarding sendKeysToElement on session 7672269d08c8a98100f08f8a89755b8f to remote] DEBUG org.apache.http.wire - http-outgoing-20 >> "User-Agent: Apache-HttpClient/4.5.3 (Java/1.8.0_211)[\r][\n]"
11:23:06.296 [Forwarding sendKeysToElement on session 7672269d08c8a98100f08f8a89755b8f to remote] DEBUG org.apache.http.wire - http-outgoing-20 >> "Accept-Encoding: gzip,deflate[\r][\n]"
11:23:06.296 [Forwarding sendKeysToElement on session 7672269d08c8a98100f08f8a89755b8f to remote] DEBUG org.apache.http.wire - http-outgoing-20 >> "[\r][\n]"
11:23:06.296 [Forwarding sendKeysToElement on session 7672269d08c8a98100f08f8a89755b8f to remote] DEBUG org.apache.http.wire - http-outgoing-20 >> "{"id":"b848d88e-d3a9-4510-ab44-138592f85fa4","text":"de164ddc64b1783c3ebced73b32c479b3daa203cf323bd738a9ecfc4674d6017","value":["d","e","1","6","4","d","d","c","6","4","b","1","7","8","3","c","3","e","b","c","e","d","7","3","b","3","2","c","4","7","9","b","3","d","a","a","2","0","3","c","f","3","2","3","b","d","7","3","8","a","9","e","c","f","c","4","6","7","4","d","6","0","1","7"]}"
11:23:06.718 [Forwarding sendKeysToElement on session 7672269d08c8a98100f08f8a89755b8f to remote] DEBUG org.apache.http.wire - http-outgoing-20 << "HTTP/1.1 200 OK[\r][\n]"
11:23:06.718 [Forwarding sendKeysToElement on session 7672269d08c8a98100f08f8a89755b8f to remote] DEBUG org.apache.http.wire - http-outgoing-20 << "Content-Length:14[\r][\n]"
11:23:06.718 [Forwarding sendKeysToElement on session 7672269d08c8a98100f08f8a89755b8f to remote] DEBUG org.apache.http.wire - http-outgoing-20 << "Content-Type:application/json; charset=utf-8[\r][\n]"
11:23:06.718 [Forwarding sendKeysToElement on session 7672269d08c8a98100f08f8a89755b8f to remote] DEBUG org.apache.http.wire - http-outgoing-20 << "cache-control:no-cache[\r][\n]"
11:23:06.718 [Forwarding sendKeysToElement on session 7672269d08c8a98100f08f8a89755b8f to remote] DEBUG org.apache.http.wire - http-outgoing-20 << "[\r][\n]"
11:23:06.718 [Forwarding sendKeysToElement on session 7672269d08c8a98100f08f8a89755b8f to remote] DEBUG org.apache.http.wire - http-outgoing-20 << "{"value":null}"
11:23:06.718 [Forwarding sendKeysToElement on session 7672269d08c8a98100f08f8a89755b8f to remote] DEBUG org.apache.http.headers - http-outgoing-20 << HTTP/1.1 200 OK
11:23:06.718 [Forwarding sendKeysToElement on session 7672269d08c8a98100f08f8a89755b8f to remote] DEBUG org.apache.http.headers - http-outgoing-20 << Content-Length:14
11:23:06.718 [Forwarding sendKeysToElement on session 7672269d08c8a98100f08f8a89755b8f to remote] DEBUG org.apache.http.headers - http-outgoing-20 << Content-Type:application/json; charset=utf-8
11:23:06.718 [Forwarding sendKeysToElement on session 7672269d08c8a98100f08f8a89755b8f to remote] DEBUG org.apache.http.headers - http-outgoing-20 << cache-control:no-cache
11:23:06.718 [Forwarding sendKeysToElement on session 7672269d08c8a98100f08f8a89755b8f to remote] DEBUG org.apache.http.impl.execchain.MainClientExec - Connection can be kept alive indefinitely
11:23:06.718 [Forwarding sendKeysToElement on session 7672269d08c8a98100f08f8a89755b8f to remote] DEBUG org.apache.http.impl.conn.PoolingHttpClientConnectionManager - Connection [id: 20][route: {}->http://localhost:17689] can be kept alive indefinitely
11:23:06.718 [Forwarding sendKeysToElement on session 7672269d08c8a98100f08f8a89755b8f to remote] DEBUG org.apache.http.impl.conn.PoolingHttpClientConnectionManager - Connection released: [id: 20][route: {}->http://localhost:17689][total kept alive: 21; route allocated: 1 of 2000; total allocated: 21 of 2000]
11:23:06.719 [Forwarding findElement on session 7672269d08c8a98100f08f8a89755b8f to remote] DEBUG org.apache.http.client.protocol.RequestAddCookies - CookieSpec selected: default
11:23:06.719 [Forwarding findElement on session 7672269d08c8a98100f08f8a89755b8f to remote] DEBUG org.apache.http.client.protocol.RequestAuthCache - Auth cache not set in the context
11:23:06.719 [Forwarding findElement on session 7672269d08c8a98100f08f8a89755b8f to remote] DEBUG org.apache.http.impl.conn.PoolingHttpClientConnectionManager - Connection request: [route: {}->http://localhost:17689][total kept alive: 21; route allocated: 1 of 2000; total allocated: 21 of 2000]
11:23:06.719 [Forwarding findElement on session 7672269d08c8a98100f08f8a89755b8f to remote] DEBUG org.apache.http.impl.conn.PoolingHttpClientConnectionManager - Connection leased: [id: 20][route: {}->http://localhost:17689][total kept alive: 20; route allocated: 1 of 2000; total allocated: 21 of 2000]
11:23:06.719 [Forwarding findElement on session 7672269d08c8a98100f08f8a89755b8f to remote] DEBUG org.apache.http.impl.execchain.MainClientExec - Stale connection check
11:23:06.720 [Forwarding findElement on session 7672269d08c8a98100f08f8a89755b8f to remote] DEBUG org.apache.http.wire - http-outgoing-20 << "[read] I/O error: Read timed out"
11:23:06.720 [Forwarding findElement on session 7672269d08c8a98100f08f8a89755b8f to remote] DEBUG org.apache.http.impl.conn.DefaultManagedHttpClientConnection - http-outgoing-20: set socket timeout to 10800000
11:23:06.720 [Forwarding findElement on session 7672269d08c8a98100f08f8a89755b8f to remote] DEBUG org.apache.http.impl.execchain.MainClientExec - Executing request POST /session/7672269d08c8a98100f08f8a89755b8f/element HTTP/1.1
11:23:06.720 [Forwarding findElement on session 7672269d08c8a98100f08f8a89755b8f to remote] DEBUG org.apache.http.impl.execchain.MainClientExec - Target auth state: UNCHALLENGED
11:23:06.720 [Forwarding findElement on session 7672269d08c8a98100f08f8a89755b8f to remote] DEBUG org.apache.http.impl.execchain.MainClientExec - Proxy auth state: UNCHALLENGED
11:23:06.720 [Forwarding findElement on session 7672269d08c8a98100f08f8a89755b8f to remote] DEBUG org.apache.http.headers - http-outgoing-20 >> POST /session/7672269d08c8a98100f08f8a89755b8f/element HTTP/1.1
11:23:06.720 [Forwarding findElement on session 7672269d08c8a98100f08f8a89755b8f to remote] DEBUG org.apache.http.headers - http-outgoing-20 >> Content-Type: application/json; charset=utf-8
11:23:06.720 [Forwarding findElement on session 7672269d08c8a98100f08f8a89755b8f to remote] DEBUG org.apache.http.headers - http-outgoing-20 >> Content-Length: 59
11:23:06.720 [Forwarding findElement on session 7672269d08c8a98100f08f8a89755b8f to remote] DEBUG org.apache.http.headers - http-outgoing-20 >> Host: localhost:17689
11:23:06.720 [Forwarding findElement on session 7672269d08c8a98100f08f8a89755b8f to remote] DEBUG org.apache.http.headers - http-outgoing-20 >> Connection: Keep-Alive
11:23:06.720 [Forwarding findElement on session 7672269d08c8a98100f08f8a89755b8f to remote] DEBUG org.apache.http.headers - http-outgoing-20 >> User-Agent: Apache-HttpClient/4.5.3 (Java/1.8.0_211)
11:23:06.720 [Forwarding findElement on session 7672269d08c8a98100f08f8a89755b8f to remote] DEBUG org.apache.http.headers - http-outgoing-20 >> Accept-Encoding: gzip,deflate
11:23:06.720 [Forwarding findElement on session 7672269d08c8a98100f08f8a89755b8f to remote] DEBUG org.apache.http.wire - http-outgoing-20 >> "POST /session/7672269d08c8a98100f08f8a89755b8f/element HTTP/1.1[\r][\n]"
11:23:06.720 [Forwarding findElement on session 7672269d08c8a98100f08f8a89755b8f to remote] DEBUG org.apache.http.wire - http-outgoing-20 >> "Content-Type: application/json; charset=utf-8[\r][\n]"
11:23:06.720 [Forwarding findElement on session 7672269d08c8a98100f08f8a89755b8f to remote] DEBUG org.apache.http.wire - http-outgoing-20 >> "Content-Length: 59[\r][\n]"
11:23:06.720 [Forwarding findElement on session 7672269d08c8a98100f08f8a89755b8f to remote] DEBUG org.apache.http.wire - http-outgoing-20 >> "Host: localhost:17689[\r][\n]"
11:23:06.720 [Forwarding findElement on session 7672269d08c8a98100f08f8a89755b8f to remote] DEBUG org.apache.http.wire - http-outgoing-20 >> "Connection: Keep-Alive[\r][\n]"
11:23:06.720 [Forwarding findElement on session 7672269d08c8a98100f08f8a89755b8f to remote] DEBUG org.apache.http.wire - http-outgoing-20 >> "User-Agent: Apache-HttpClient/4.5.3 (Java/1.8.0_211)[\r][\n]"
11:23:06.720 [Forwarding findElement on session 7672269d08c8a98100f08f8a89755b8f to remote] DEBUG org.apache.http.wire - http-outgoing-20 >> "Accept-Encoding: gzip,deflate[\r][\n]"
11:23:06.720 [Forwarding findElement on session 7672269d08c8a98100f08f8a89755b8f to remote] DEBUG org.apache.http.wire - http-outgoing-20 >> "[\r][\n]"
11:23:06.720 [Forwarding findElement on session 7672269d08c8a98100f08f8a89755b8f to remote] DEBUG org.apache.http.wire - http-outgoing-20 >> "{"value":".btn-danger:nth-child(3)","using":"css selector"}"
11:23:06.729 [Forwarding findElement on session 7672269d08c8a98100f08f8a89755b8f to remote] DEBUG org.apache.http.wire - http-outgoing-20 << "HTTP/1.1 200 OK[\r][\n]"
11:23:06.729 [Forwarding findElement on session 7672269d08c8a98100f08f8a89755b8f to remote] DEBUG org.apache.http.wire - http-outgoing-20 << "Content-Length:88[\r][\n]"
11:23:06.729 [Forwarding findElement on session 7672269d08c8a98100f08f8a89755b8f to remote] DEBUG org.apache.http.wire - http-outgoing-20 << "Content-Type:application/json; charset=utf-8[\r][\n]"
11:23:06.729 [Forwarding findElement on session 7672269d08c8a98100f08f8a89755b8f to remote] DEBUG org.apache.http.wire - http-outgoing-20 << "cache-control:no-cache[\r][\n]"
11:23:06.729 [Forwarding findElement on session 7672269d08c8a98100f08f8a89755b8f to remote] DEBUG org.apache.http.wire - http-outgoing-20 << "[\r][\n]"
11:23:06.729 [Forwarding findElement on session 7672269d08c8a98100f08f8a89755b8f to remote] DEBUG org.apache.http.wire - http-outgoing-20 << "{"value":{"element-6066-11e4-a52e-4f735466cecf":"fc55e14a-801c-4bf0-9da2-7c3c46e27189"}}"
11:23:06.729 [Forwarding findElement on session 7672269d08c8a98100f08f8a89755b8f to remote] DEBUG org.apache.http.headers - http-outgoing-20 << HTTP/1.1 200 OK
11:23:06.729 [Forwarding findElement on session 7672269d08c8a98100f08f8a89755b8f to remote] DEBUG org.apache.http.headers - http-outgoing-20 << Content-Length:88
11:23:06.729 [Forwarding findElement on session 7672269d08c8a98100f08f8a89755b8f to remote] DEBUG org.apache.http.headers - http-outgoing-20 << Content-Type:application/json; charset=utf-8
11:23:06.729 [Forwarding findElement on session 7672269d08c8a98100f08f8a89755b8f to remote] DEBUG org.apache.http.headers - http-outgoing-20 << cache-control:no-cache
11:23:06.729 [Forwarding findElement on session 7672269d08c8a98100f08f8a89755b8f to remote] DEBUG org.apache.http.impl.execchain.MainClientExec - Connection can be kept alive indefinitely
11:23:06.729 [Forwarding findElement on session 7672269d08c8a98100f08f8a89755b8f to remote] DEBUG org.apache.http.impl.conn.PoolingHttpClientConnectionManager - Connection [id: 20][route: {}->http://localhost:17689] can be kept alive indefinitely
11:23:06.729 [Forwarding findElement on session 7672269d08c8a98100f08f8a89755b8f to remote] DEBUG org.apache.http.impl.conn.PoolingHttpClientConnectionManager - Connection released: [id: 20][route: {}->http://localhost:17689][total kept alive: 21; route allocated: 1 of 2000; total allocated: 21 of 2000]
11:23:06.729 [Forwarding clickElement on session 7672269d08c8a98100f08f8a89755b8f to remote] DEBUG org.apache.http.client.protocol.RequestAddCookies - CookieSpec selected: default
11:23:06.729 [Forwarding clickElement on session 7672269d08c8a98100f08f8a89755b8f to remote] DEBUG org.apache.http.client.protocol.RequestAuthCache - Auth cache not set in the context
11:23:06.729 [Forwarding clickElement on session 7672269d08c8a98100f08f8a89755b8f to remote] DEBUG org.apache.http.impl.conn.PoolingHttpClientConnectionManager - Connection request: [route: {}->http://localhost:17689][total kept alive: 21; route allocated: 1 of 2000; total allocated: 21 of 2000]
11:23:06.730 [Forwarding clickElement on session 7672269d08c8a98100f08f8a89755b8f to remote] DEBUG org.apache.http.impl.conn.PoolingHttpClientConnectionManager - Connection leased: [id: 20][route: {}->http://localhost:17689][total kept alive: 20; route allocated: 1 of 2000; total allocated: 21 of 2000]
11:23:06.730 [Forwarding clickElement on session 7672269d08c8a98100f08f8a89755b8f to remote] DEBUG org.apache.http.impl.execchain.MainClientExec - Stale connection check
11:23:06.731 [Forwarding clickElement on session 7672269d08c8a98100f08f8a89755b8f to remote] DEBUG org.apache.http.wire - http-outgoing-20 << "[read] I/O error: Read timed out"
11:23:06.731 [Forwarding clickElement on session 7672269d08c8a98100f08f8a89755b8f to remote] DEBUG org.apache.http.impl.conn.DefaultManagedHttpClientConnection - http-outgoing-20: set socket timeout to 10800000
11:23:06.731 [Forwarding clickElement on session 7672269d08c8a98100f08f8a89755b8f to remote] DEBUG org.apache.http.impl.execchain.MainClientExec - Executing request POST /session/7672269d08c8a98100f08f8a89755b8f/element/fc55e14a-801c-4bf0-9da2-7c3c46e27189/click HTTP/1.1
11:23:06.731 [Forwarding clickElement on session 7672269d08c8a98100f08f8a89755b8f to remote] DEBUG org.apache.http.impl.execchain.MainClientExec - Target auth state: UNCHALLENGED
11:23:06.731 [Forwarding clickElement on session 7672269d08c8a98100f08f8a89755b8f to remote] DEBUG org.apache.http.impl.execchain.MainClientExec - Proxy auth state: UNCHALLENGED
11:23:06.731 [Forwarding clickElement on session 7672269d08c8a98100f08f8a89755b8f to remote] DEBUG org.apache.http.headers - http-outgoing-20 >> POST /session/7672269d08c8a98100f08f8a89755b8f/element/fc55e14a-801c-4bf0-9da2-7c3c46e27189/click HTTP/1.1
11:23:06.731 [Forwarding clickElement on session 7672269d08c8a98100f08f8a89755b8f to remote] DEBUG org.apache.http.headers - http-outgoing-20 >> Content-Type: application/json; charset=utf-8
11:23:06.731 [Forwarding clickElement on session 7672269d08c8a98100f08f8a89755b8f to remote] DEBUG org.apache.http.headers - http-outgoing-20 >> Content-Length: 45
11:23:06.731 [Forwarding clickElement on session 7672269d08c8a98100f08f8a89755b8f to remote] DEBUG org.apache.http.headers - http-outgoing-20 >> Host: localhost:17689
11:23:06.731 [Forwarding clickElement on session 7672269d08c8a98100f08f8a89755b8f to remote] DEBUG org.apache.http.headers - http-outgoing-20 >> Connection: Keep-Alive
11:23:06.731 [Forwarding clickElement on session 7672269d08c8a98100f08f8a89755b8f to remote] DEBUG org.apache.http.headers - http-outgoing-20 >> User-Agent: Apache-HttpClient/4.5.3 (Java/1.8.0_211)
11:23:06.731 [Forwarding clickElement on session 7672269d08c8a98100f08f8a89755b8f to remote] DEBUG org.apache.http.headers - http-outgoing-20 >> Accept-Encoding: gzip,deflate
11:23:06.731 [Forwarding clickElement on session 7672269d08c8a98100f08f8a89755b8f to remote] DEBUG org.apache.http.wire - http-outgoing-20 >> "POST /session/7672269d08c8a98100f08f8a89755b8f/element/fc55e14a-801c-4bf0-9da2-7c3c46e27189/click HTTP/1.1[\r][\n]"
11:23:06.731 [Forwarding clickElement on session 7672269d08c8a98100f08f8a89755b8f to remote] DEBUG org.apache.http.wire - http-outgoing-20 >> "Content-Type: application/json; charset=utf-8[\r][\n]"
11:23:06.731 [Forwarding clickElement on session 7672269d08c8a98100f08f8a89755b8f to remote] DEBUG org.apache.http.wire - http-outgoing-20 >> "Content-Length: 45[\r][\n]"
11:23:06.731 [Forwarding clickElement on session 7672269d08c8a98100f08f8a89755b8f to remote] DEBUG org.apache.http.wire - http-outgoing-20 >> "Host: localhost:17689[\r][\n]"
11:23:06.731 [Forwarding clickElement on session 7672269d08c8a98100f08f8a89755b8f to remote] DEBUG org.apache.http.wire - http-outgoing-20 >> "Connection: Keep-Alive[\r][\n]"
11:23:06.731 [Forwarding clickElement on session 7672269d08c8a98100f08f8a89755b8f to remote] DEBUG org.apache.http.wire - http-outgoing-20 >> "User-Agent: Apache-HttpClient/4.5.3 (Java/1.8.0_211)[\r][\n]"
11:23:06.731 [Forwarding clickElement on session 7672269d08c8a98100f08f8a89755b8f to remote] DEBUG org.apache.http.wire - http-outgoing-20 >> "Accept-Encoding: gzip,deflate[\r][\n]"
11:23:06.731 [Forwarding clickElement on session 7672269d08c8a98100f08f8a89755b8f to remote] DEBUG org.apache.http.wire - http-outgoing-20 >> "[\r][\n]"
11:23:06.731 [Forwarding clickElement on session 7672269d08c8a98100f08f8a89755b8f to remote] DEBUG org.apache.http.wire - http-outgoing-20 >> "{"id":"fc55e14a-801c-4bf0-9da2-7c3c46e27189"}"
11:23:06.869 [Forwarding clickElement on session 7672269d08c8a98100f08f8a89755b8f to remote] DEBUG org.apache.http.wire - http-outgoing-20 << "HTTP/1.1 200 OK[\r][\n]"
11:23:06.869 [Forwarding clickElement on session 7672269d08c8a98100f08f8a89755b8f to remote] DEBUG org.apache.http.wire - http-outgoing-20 << "Content-Length:14[\r][\n]"
11:23:06.869 [Forwarding clickElement on session 7672269d08c8a98100f08f8a89755b8f to remote] DEBUG org.apache.http.wire - http-outgoing-20 << "Content-Type:application/json; charset=utf-8[\r][\n]"
11:23:06.869 [Forwarding clickElement on session 7672269d08c8a98100f08f8a89755b8f to remote] DEBUG org.apache.http.wire - http-outgoing-20 << "cache-control:no-cache[\r][\n]"
11:23:06.869 [Forwarding clickElement on session 7672269d08c8a98100f08f8a89755b8f to remote] DEBUG org.apache.http.wire - http-outgoing-20 << "[\r][\n]"
11:23:06.869 [Forwarding clickElement on session 7672269d08c8a98100f08f8a89755b8f to remote] DEBUG org.apache.http.wire - http-outgoing-20 << "{"value":null}"
11:23:06.869 [Forwarding clickElement on session 7672269d08c8a98100f08f8a89755b8f to remote] DEBUG org.apache.http.headers - http-outgoing-20 << HTTP/1.1 200 OK
11:23:06.869 [Forwarding clickElement on session 7672269d08c8a98100f08f8a89755b8f to remote] DEBUG org.apache.http.headers - http-outgoing-20 << Content-Length:14
11:23:06.869 [Forwarding clickElement on session 7672269d08c8a98100f08f8a89755b8f to remote] DEBUG org.apache.http.headers - http-outgoing-20 << Content-Type:application/json; charset=utf-8
11:23:06.869 [Forwarding clickElement on session 7672269d08c8a98100f08f8a89755b8f to remote] DEBUG org.apache.http.headers - http-outgoing-20 << cache-control:no-cache
11:23:06.869 [Forwarding clickElement on session 7672269d08c8a98100f08f8a89755b8f to remote] DEBUG org.apache.http.impl.execchain.MainClientExec - Connection can be kept alive indefinitely
11:23:06.869 [Forwarding clickElement on session 7672269d08c8a98100f08f8a89755b8f to remote] DEBUG org.apache.http.impl.conn.PoolingHttpClientConnectionManager - Connection [id: 20][route: {}->http://localhost:17689] can be kept alive indefinitely
11:23:06.869 [Forwarding clickElement on session 7672269d08c8a98100f08f8a89755b8f to remote] DEBUG org.apache.http.impl.conn.PoolingHttpClientConnectionManager - Connection released: [id: 20][route: {}->http://localhost:17689][total kept alive: 21; route allocated: 1 of 2000; total allocated: 21 of 2000]
11:23:07.073 [Forwarding findElement on session 7672269d08c8a98100f08f8a89755b8f to remote] DEBUG org.apache.http.client.protocol.RequestAddCookies - CookieSpec selected: default
11:23:07.073 [Forwarding findElement on session 7672269d08c8a98100f08f8a89755b8f to remote] DEBUG org.apache.http.client.protocol.RequestAuthCache - Auth cache not set in the context
11:23:07.073 [Forwarding findElement on session 7672269d08c8a98100f08f8a89755b8f to remote] DEBUG org.apache.http.impl.conn.PoolingHttpClientConnectionManager - Connection request: [route: {}->http://localhost:17689][total kept alive: 21; route allocated: 1 of 2000; total allocated: 21 of 2000]
11:23:07.073 [Forwarding findElement on session 7672269d08c8a98100f08f8a89755b8f to remote] DEBUG org.apache.http.impl.conn.PoolingHttpClientConnectionManager - Connection leased: [id: 20][route: {}->http://localhost:17689][total kept alive: 20; route allocated: 1 of 2000; total allocated: 21 of 2000]
11:23:07.073 [Forwarding findElement on session 7672269d08c8a98100f08f8a89755b8f to remote] DEBUG org.apache.http.impl.execchain.MainClientExec - Stale connection check
11:23:07.074 [Forwarding findElement on session 7672269d08c8a98100f08f8a89755b8f to remote] DEBUG org.apache.http.wire - http-outgoing-20 << "[read] I/O error: Read timed out"
11:23:07.074 [Forwarding findElement on session 7672269d08c8a98100f08f8a89755b8f to remote] DEBUG org.apache.http.impl.conn.DefaultManagedHttpClientConnection - http-outgoing-20: set socket timeout to 10800000
11:23:07.074 [Forwarding findElement on session 7672269d08c8a98100f08f8a89755b8f to remote] DEBUG org.apache.http.impl.execchain.MainClientExec - Executing request POST /session/7672269d08c8a98100f08f8a89755b8f/element HTTP/1.1
11:23:07.074 [Forwarding findElement on session 7672269d08c8a98100f08f8a89755b8f to remote] DEBUG org.apache.http.impl.execchain.MainClientExec - Target auth state: UNCHALLENGED
11:23:07.075 [Forwarding findElement on session 7672269d08c8a98100f08f8a89755b8f to remote] DEBUG org.apache.http.impl.execchain.MainClientExec - Proxy auth state: UNCHALLENGED
11:23:07.075 [Forwarding findElement on session 7672269d08c8a98100f08f8a89755b8f to remote] DEBUG org.apache.http.headers - http-outgoing-20 >> POST /session/7672269d08c8a98100f08f8a89755b8f/element HTTP/1.1
11:23:07.075 [Forwarding findElement on session 7672269d08c8a98100f08f8a89755b8f to remote] DEBUG org.apache.http.headers - http-outgoing-20 >> Content-Type: application/json; charset=utf-8
11:23:07.075 [Forwarding findElement on session 7672269d08c8a98100f08f8a89755b8f to remote] DEBUG org.apache.http.headers - http-outgoing-20 >> Content-Length: 71
11:23:07.075 [Forwarding findElement on session 7672269d08c8a98100f08f8a89755b8f to remote] DEBUG org.apache.http.headers - http-outgoing-20 >> Host: localhost:17689
11:23:07.075 [Forwarding findElement on session 7672269d08c8a98100f08f8a89755b8f to remote] DEBUG org.apache.http.headers - http-outgoing-20 >> Connection: Keep-Alive
11:23:07.075 [Forwarding findElement on session 7672269d08c8a98100f08f8a89755b8f to remote] DEBUG org.apache.http.headers - http-outgoing-20 >> User-Agent: Apache-HttpClient/4.5.3 (Java/1.8.0_211)
11:23:07.075 [Forwarding findElement on session 7672269d08c8a98100f08f8a89755b8f to remote] DEBUG org.apache.http.headers - http-outgoing-20 >> Accept-Encoding: gzip,deflate
11:23:07.075 [Forwarding findElement on session 7672269d08c8a98100f08f8a89755b8f to remote] DEBUG org.apache.http.wire - http-outgoing-20 >> "POST /session/7672269d08c8a98100f08f8a89755b8f/element HTTP/1.1[\r][\n]"
11:23:07.075 [Forwarding findElement on session 7672269d08c8a98100f08f8a89755b8f to remote] DEBUG org.apache.http.wire - http-outgoing-20 >> "Content-Type: application/json; charset=utf-8[\r][\n]"
11:23:07.075 [Forwarding findElement on session 7672269d08c8a98100f08f8a89755b8f to remote] DEBUG org.apache.http.wire - http-outgoing-20 >> "Content-Length: 71[\r][\n]"
11:23:07.075 [Forwarding findElement on session 7672269d08c8a98100f08f8a89755b8f to remote] DEBUG org.apache.http.wire - http-outgoing-20 >> "Host: localhost:17689[\r][\n]"
11:23:07.075 [Forwarding findElement on session 7672269d08c8a98100f08f8a89755b8f to remote] DEBUG org.apache.http.wire - http-outgoing-20 >> "Connection: Keep-Alive[\r][\n]"
11:23:07.075 [Forwarding findElement on session 7672269d08c8a98100f08f8a89755b8f to remote] DEBUG org.apache.http.wire - http-outgoing-20 >> "User-Agent: Apache-HttpClient/4.5.3 (Java/1.8.0_211)[\r][\n]"
11:23:07.075 [Forwarding findElement on session 7672269d08c8a98100f08f8a89755b8f to remote] DEBUG org.apache.http.wire - http-outgoing-20 >> "Accept-Encoding: gzip,deflate[\r][\n]"
11:23:07.075 [Forwarding findElement on session 7672269d08c8a98100f08f8a89755b8f to remote] DEBUG org.apache.http.wire - http-outgoing-20 >> "[\r][\n]"
11:23:07.075 [Forwarding findElement on session 7672269d08c8a98100f08f8a89755b8f to remote] DEBUG org.apache.http.wire - http-outgoing-20 >> "{"value":".dropdown-toggle > span:nth-child(1)","using":"css selector"}"
11:23:07.845 [Forwarding findElement on session 7672269d08c8a98100f08f8a89755b8f to remote] DEBUG org.apache.http.wire - http-outgoing-20 << "HTTP/1.1 200 OK[\r][\n]"
11:23:07.845 [Forwarding findElement on session 7672269d08c8a98100f08f8a89755b8f to remote] DEBUG org.apache.http.wire - http-outgoing-20 << "Content-Length:88[\r][\n]"
11:23:07.845 [Forwarding findElement on session 7672269d08c8a98100f08f8a89755b8f to remote] DEBUG org.apache.http.wire - http-outgoing-20 << "Content-Type:application/json; charset=utf-8[\r][\n]"
11:23:07.845 [Forwarding findElement on session 7672269d08c8a98100f08f8a89755b8f to remote] DEBUG org.apache.http.wire - http-outgoing-20 << "cache-control:no-cache[\r][\n]"
11:23:07.845 [Forwarding findElement on session 7672269d08c8a98100f08f8a89755b8f to remote] DEBUG org.apache.http.wire - http-outgoing-20 << "[\r][\n]"
11:23:07.845 [Forwarding findElement on session 7672269d08c8a98100f08f8a89755b8f to remote] DEBUG org.apache.http.wire - http-outgoing-20 << "{"value":{"element-6066-11e4-a52e-4f735466cecf":"5509de8c-8f16-48d2-aa10-013651ce255a"}}"
11:23:07.845 [Forwarding findElement on session 7672269d08c8a98100f08f8a89755b8f to remote] DEBUG org.apache.http.headers - http-outgoing-20 << HTTP/1.1 200 OK
11:23:07.845 [Forwarding findElement on session 7672269d08c8a98100f08f8a89755b8f to remote] DEBUG org.apache.http.headers - http-outgoing-20 << Content-Length:88
11:23:07.845 [Forwarding findElement on session 7672269d08c8a98100f08f8a89755b8f to remote] DEBUG org.apache.http.headers - http-outgoing-20 << Content-Type:application/json; charset=utf-8
11:23:07.845 [Forwarding findElement on session 7672269d08c8a98100f08f8a89755b8f to remote] DEBUG org.apache.http.headers - http-outgoing-20 << cache-control:no-cache
11:23:07.845 [Forwarding findElement on session 7672269d08c8a98100f08f8a89755b8f to remote] DEBUG org.apache.http.impl.execchain.MainClientExec - Connection can be kept alive indefinitely
11:23:07.845 [Forwarding findElement on session 7672269d08c8a98100f08f8a89755b8f to remote] DEBUG org.apache.http.impl.conn.PoolingHttpClientConnectionManager - Connection [id: 20][route: {}->http://localhost:17689] can be kept alive indefinitely
11:23:07.845 [Forwarding findElement on session 7672269d08c8a98100f08f8a89755b8f to remote] DEBUG org.apache.http.impl.conn.PoolingHttpClientConnectionManager - Connection released: [id: 20][route: {}->http://localhost:17689][total kept alive: 21; route allocated: 1 of 2000; total allocated: 21 of 2000]
11:23:07.846 [Forwarding clickElement on session 7672269d08c8a98100f08f8a89755b8f to remote] DEBUG org.apache.http.client.protocol.RequestAddCookies - CookieSpec selected: default
11:23:07.846 [Forwarding clickElement on session 7672269d08c8a98100f08f8a89755b8f to remote] DEBUG org.apache.http.client.protocol.RequestAuthCache - Auth cache not set in the context
11:23:07.846 [Forwarding clickElement on session 7672269d08c8a98100f08f8a89755b8f to remote] DEBUG org.apache.http.impl.conn.PoolingHttpClientConnectionManager - Connection request: [route: {}->http://localhost:17689][total kept alive: 21; route allocated: 1 of 2000; total allocated: 21 of 2000]
11:23:07.846 [Forwarding clickElement on session 7672269d08c8a98100f08f8a89755b8f to remote] DEBUG org.apache.http.impl.conn.PoolingHttpClientConnectionManager - Connection leased: [id: 20][route: {}->http://localhost:17689][total kept alive: 20; route allocated: 1 of 2000; total allocated: 21 of 2000]
11:23:07.846 [Forwarding clickElement on session 7672269d08c8a98100f08f8a89755b8f to remote] DEBUG org.apache.http.impl.execchain.MainClientExec - Stale connection check
11:23:07.847 [Forwarding clickElement on session 7672269d08c8a98100f08f8a89755b8f to remote] DEBUG org.apache.http.wire - http-outgoing-20 << "[read] I/O error: Read timed out"
11:23:07.847 [Forwarding clickElement on session 7672269d08c8a98100f08f8a89755b8f to remote] DEBUG org.apache.http.impl.conn.DefaultManagedHttpClientConnection - http-outgoing-20: set socket timeout to 10800000
11:23:07.847 [Forwarding clickElement on session 7672269d08c8a98100f08f8a89755b8f to remote] DEBUG org.apache.http.impl.execchain.MainClientExec - Executing request POST /session/7672269d08c8a98100f08f8a89755b8f/element/5509de8c-8f16-48d2-aa10-013651ce255a/click HTTP/1.1
11:23:07.847 [Forwarding clickElement on session 7672269d08c8a98100f08f8a89755b8f to remote] DEBUG org.apache.http.impl.execchain.MainClientExec - Target auth state: UNCHALLENGED
11:23:07.847 [Forwarding clickElement on session 7672269d08c8a98100f08f8a89755b8f to remote] DEBUG org.apache.http.impl.execchain.MainClientExec - Proxy auth state: UNCHALLENGED
11:23:07.847 [Forwarding clickElement on session 7672269d08c8a98100f08f8a89755b8f to remote] DEBUG org.apache.http.headers - http-outgoing-20 >> POST /session/7672269d08c8a98100f08f8a89755b8f/element/5509de8c-8f16-48d2-aa10-013651ce255a/click HTTP/1.1
11:23:07.847 [Forwarding clickElement on session 7672269d08c8a98100f08f8a89755b8f to remote] DEBUG org.apache.http.headers - http-outgoing-20 >> Content-Type: application/json; charset=utf-8
11:23:07.847 [Forwarding clickElement on session 7672269d08c8a98100f08f8a89755b8f to remote] DEBUG org.apache.http.headers - http-outgoing-20 >> Content-Length: 45
11:23:07.847 [Forwarding clickElement on session 7672269d08c8a98100f08f8a89755b8f to remote] DEBUG org.apache.http.headers - http-outgoing-20 >> Host: localhost:17689
11:23:07.847 [Forwarding clickElement on session 7672269d08c8a98100f08f8a89755b8f to remote] DEBUG org.apache.http.headers - http-outgoing-20 >> Connection: Keep-Alive
11:23:07.847 [Forwarding clickElement on session 7672269d08c8a98100f08f8a89755b8f to remote] DEBUG org.apache.http.headers - http-outgoing-20 >> User-Agent: Apache-HttpClient/4.5.3 (Java/1.8.0_211)
11:23:07.847 [Forwarding clickElement on session 7672269d08c8a98100f08f8a89755b8f to remote] DEBUG org.apache.http.headers - http-outgoing-20 >> Accept-Encoding: gzip,deflate
11:23:07.847 [Forwarding clickElement on session 7672269d08c8a98100f08f8a89755b8f to remote] DEBUG org.apache.http.wire - http-outgoing-20 >> "POST /session/7672269d08c8a98100f08f8a89755b8f/element/5509de8c-8f16-48d2-aa10-013651ce255a/click HTTP/1.1[\r][\n]"
11:23:07.847 [Forwarding clickElement on session 7672269d08c8a98100f08f8a89755b8f to remote] DEBUG org.apache.http.wire - http-outgoing-20 >> "Content-Type: application/json; charset=utf-8[\r][\n]"
11:23:07.847 [Forwarding clickElement on session 7672269d08c8a98100f08f8a89755b8f to remote] DEBUG org.apache.http.wire - http-outgoing-20 >> "Content-Length: 45[\r][\n]"
11:23:07.847 [Forwarding clickElement on session 7672269d08c8a98100f08f8a89755b8f to remote] DEBUG org.apache.http.wire - http-outgoing-20 >> "Host: localhost:17689[\r][\n]"
11:23:07.847 [Forwarding clickElement on session 7672269d08c8a98100f08f8a89755b8f to remote] DEBUG org.apache.http.wire - http-outgoing-20 >> "Connection: Keep-Alive[\r][\n]"
11:23:07.847 [Forwarding clickElement on session 7672269d08c8a98100f08f8a89755b8f to remote] DEBUG org.apache.http.wire - http-outgoing-20 >> "User-Agent: Apache-HttpClient/4.5.3 (Java/1.8.0_211)[\r][\n]"
11:23:07.847 [Forwarding clickElement on session 7672269d08c8a98100f08f8a89755b8f to remote] DEBUG org.apache.http.wire - http-outgoing-20 >> "Accept-Encoding: gzip,deflate[\r][\n]"
11:23:07.847 [Forwarding clickElement on session 7672269d08c8a98100f08f8a89755b8f to remote] DEBUG org.apache.http.wire - http-outgoing-20 >> "[\r][\n]"
11:23:07.847 [Forwarding clickElement on session 7672269d08c8a98100f08f8a89755b8f to remote] DEBUG org.apache.http.wire - http-outgoing-20 >> "{"id":"5509de8c-8f16-48d2-aa10-013651ce255a"}"
11:23:08.105 [Forwarding clickElement on session 7672269d08c8a98100f08f8a89755b8f to remote] DEBUG org.apache.http.wire - http-outgoing-20 << "HTTP/1.1 200 OK[\r][\n]"
11:23:08.105 [Forwarding clickElement on session 7672269d08c8a98100f08f8a89755b8f to remote] DEBUG org.apache.http.wire - http-outgoing-20 << "Content-Length:14[\r][\n]"
11:23:08.105 [Forwarding clickElement on session 7672269d08c8a98100f08f8a89755b8f to remote] DEBUG org.apache.http.wire - http-outgoing-20 << "Content-Type:application/json; charset=utf-8[\r][\n]"
11:23:08.105 [Forwarding clickElement on session 7672269d08c8a98100f08f8a89755b8f to remote] DEBUG org.apache.http.wire - http-outgoing-20 << "cache-control:no-cache[\r][\n]"
11:23:08.105 [Forwarding clickElement on session 7672269d08c8a98100f08f8a89755b8f to remote] DEBUG org.apache.http.wire - http-outgoing-20 << "[\r][\n]"
11:23:08.105 [Forwarding clickElement on session 7672269d08c8a98100f08f8a89755b8f to remote] DEBUG org.apache.http.wire - http-outgoing-20 << "{"value":null}"
11:23:08.105 [Forwarding clickElement on session 7672269d08c8a98100f08f8a89755b8f to remote] DEBUG org.apache.http.headers - http-outgoing-20 << HTTP/1.1 200 OK
11:23:08.105 [Forwarding clickElement on session 7672269d08c8a98100f08f8a89755b8f to remote] DEBUG org.apache.http.headers - http-outgoing-20 << Content-Length:14
11:23:08.105 [Forwarding clickElement on session 7672269d08c8a98100f08f8a89755b8f to remote] DEBUG org.apache.http.headers - http-outgoing-20 << Content-Type:application/json; charset=utf-8
11:23:08.105 [Forwarding clickElement on session 7672269d08c8a98100f08f8a89755b8f to remote] DEBUG org.apache.http.headers - http-outgoing-20 << cache-control:no-cache
11:23:08.105 [Forwarding clickElement on session 7672269d08c8a98100f08f8a89755b8f to remote] DEBUG org.apache.http.impl.execchain.MainClientExec - Connection can be kept alive indefinitely
11:23:08.105 [Forwarding clickElement on session 7672269d08c8a98100f08f8a89755b8f to remote] DEBUG org.apache.http.impl.conn.PoolingHttpClientConnectionManager - Connection [id: 20][route: {}->http://localhost:17689] can be kept alive indefinitely
11:23:08.105 [Forwarding clickElement on session 7672269d08c8a98100f08f8a89755b8f to remote] DEBUG org.apache.http.impl.conn.PoolingHttpClientConnectionManager - Connection released: [id: 20][route: {}->http://localhost:17689][total kept alive: 21; route allocated: 1 of 2000; total allocated: 21 of 2000]
11:23:08.105 [Forwarding findElement on session 7672269d08c8a98100f08f8a89755b8f to remote] DEBUG org.apache.http.client.protocol.RequestAddCookies - CookieSpec selected: default
11:23:08.105 [Forwarding findElement on session 7672269d08c8a98100f08f8a89755b8f to remote] DEBUG org.apache.http.client.protocol.RequestAuthCache - Auth cache not set in the context
11:23:08.105 [Forwarding findElement on session 7672269d08c8a98100f08f8a89755b8f to remote] DEBUG org.apache.http.impl.conn.PoolingHttpClientConnectionManager - Connection request: [route: {}->http://localhost:17689][total kept alive: 21; route allocated: 1 of 2000; total allocated: 21 of 2000]
11:23:08.105 [Forwarding findElement on session 7672269d08c8a98100f08f8a89755b8f to remote] DEBUG org.apache.http.impl.conn.PoolingHttpClientConnectionManager - Connection leased: [id: 20][route: {}->http://localhost:17689][total kept alive: 20; route allocated: 1 of 2000; total allocated: 21 of 2000]
11:23:08.105 [Forwarding findElement on session 7672269d08c8a98100f08f8a89755b8f to remote] DEBUG org.apache.http.impl.execchain.MainClientExec - Stale connection check
11:23:08.107 [Forwarding findElement on session 7672269d08c8a98100f08f8a89755b8f to remote] DEBUG org.apache.http.wire - http-outgoing-20 << "[read] I/O error: Read timed out"
11:23:08.107 [Forwarding findElement on session 7672269d08c8a98100f08f8a89755b8f to remote] DEBUG org.apache.http.impl.conn.DefaultManagedHttpClientConnection - http-outgoing-20: set socket timeout to 10800000
11:23:08.107 [Forwarding findElement on session 7672269d08c8a98100f08f8a89755b8f to remote] DEBUG org.apache.http.impl.execchain.MainClientExec - Executing request POST /session/7672269d08c8a98100f08f8a89755b8f/element HTTP/1.1
11:23:08.107 [Forwarding findElement on session 7672269d08c8a98100f08f8a89755b8f to remote] DEBUG org.apache.http.impl.execchain.MainClientExec - Target auth state: UNCHALLENGED
11:23:08.107 [Forwarding findElement on session 7672269d08c8a98100f08f8a89755b8f to remote] DEBUG org.apache.http.impl.execchain.MainClientExec - Proxy auth state: UNCHALLENGED
11:23:08.107 [Forwarding findElement on session 7672269d08c8a98100f08f8a89755b8f to remote] DEBUG org.apache.http.headers - http-outgoing-20 >> POST /session/7672269d08c8a98100f08f8a89755b8f/element HTTP/1.1
11:23:08.107 [Forwarding findElement on session 7672269d08c8a98100f08f8a89755b8f to remote] DEBUG org.apache.http.headers - http-outgoing-20 >> Content-Type: application/json; charset=utf-8
11:23:08.107 [Forwarding findElement on session 7672269d08c8a98100f08f8a89755b8f to remote] DEBUG org.apache.http.headers - http-outgoing-20 >> Content-Length: 61
11:23:08.107 [Forwarding findElement on session 7672269d08c8a98100f08f8a89755b8f to remote] DEBUG org.apache.http.headers - http-outgoing-20 >> Host: localhost:17689
11:23:08.107 [Forwarding findElement on session 7672269d08c8a98100f08f8a89755b8f to remote] DEBUG org.apache.http.headers - http-outgoing-20 >> Connection: Keep-Alive
11:23:08.107 [Forwarding findElement on session 7672269d08c8a98100f08f8a89755b8f to remote] DEBUG org.apache.http.headers - http-outgoing-20 >> User-Agent: Apache-HttpClient/4.5.3 (Java/1.8.0_211)
11:23:08.107 [Forwarding findElement on session 7672269d08c8a98100f08f8a89755b8f to remote] DEBUG org.apache.http.headers - http-outgoing-20 >> Accept-Encoding: gzip,deflate
11:23:08.107 [Forwarding findElement on session 7672269d08c8a98100f08f8a89755b8f to remote] DEBUG org.apache.http.wire - http-outgoing-20 >> "POST /session/7672269d08c8a98100f08f8a89755b8f/element HTTP/1.1[\r][\n]"
11:23:08.107 [Forwarding findElement on session 7672269d08c8a98100f08f8a89755b8f to remote] DEBUG org.apache.http.wire - http-outgoing-20 >> "Content-Type: application/json; charset=utf-8[\r][\n]"
11:23:08.107 [Forwarding findElement on session 7672269d08c8a98100f08f8a89755b8f to remote] DEBUG org.apache.http.wire - http-outgoing-20 >> "Content-Length: 61[\r][\n]"
11:23:08.107 [Forwarding findElement on session 7672269d08c8a98100f08f8a89755b8f to remote] DEBUG org.apache.http.wire - http-outgoing-20 >> "Host: localhost:17689[\r][\n]"
11:23:08.107 [Forwarding findElement on session 7672269d08c8a98100f08f8a89755b8f to remote] DEBUG org.apache.http.wire - http-outgoing-20 >> "Connection: Keep-Alive[\r][\n]"
11:23:08.107 [Forwarding findElement on session 7672269d08c8a98100f08f8a89755b8f to remote] DEBUG org.apache.http.wire - http-outgoing-20 >> "User-Agent: Apache-HttpClient/4.5.3 (Java/1.8.0_211)[\r][\n]"
11:23:08.107 [Forwarding findElement on session 7672269d08c8a98100f08f8a89755b8f to remote] DEBUG org.apache.http.wire - http-outgoing-20 >> "Accept-Encoding: gzip,deflate[\r][\n]"
11:23:08.107 [Forwarding findElement on session 7672269d08c8a98100f08f8a89755b8f to remote] DEBUG org.apache.http.wire - http-outgoing-20 >> "[\r][\n]"
11:23:08.107 [Forwarding findElement on session 7672269d08c8a98100f08f8a89755b8f to remote] DEBUG org.apache.http.wire - http-outgoing-20 >> "{"value":".justify-content-end > div","using":"css selector"}"
11:23:08.153 [Forwarding findElement on session 7672269d08c8a98100f08f8a89755b8f to remote] DEBUG org.apache.http.wire - http-outgoing-20 << "HTTP/1.1 200 OK[\r][\n]"
11:23:08.153 [Forwarding findElement on session 7672269d08c8a98100f08f8a89755b8f to remote] DEBUG org.apache.http.wire - http-outgoing-20 << "Content-Length:88[\r][\n]"
11:23:08.153 [Forwarding findElement on session 7672269d08c8a98100f08f8a89755b8f to remote] DEBUG org.apache.http.wire - http-outgoing-20 << "Content-Type:application/json; charset=utf-8[\r][\n]"
11:23:08.153 [Forwarding findElement on session 7672269d08c8a98100f08f8a89755b8f to remote] DEBUG org.apache.http.wire - http-outgoing-20 << "cache-control:no-cache[\r][\n]"
11:23:08.153 [Forwarding findElement on session 7672269d08c8a98100f08f8a89755b8f to remote] DEBUG org.apache.http.wire - http-outgoing-20 << "[\r][\n]"
11:23:08.153 [Forwarding findElement on session 7672269d08c8a98100f08f8a89755b8f to remote] DEBUG org.apache.http.wire - http-outgoing-20 << "{"value":{"element-6066-11e4-a52e-4f735466cecf":"51dd08ef-bd49-4b06-a809-10d6577a9349"}}"
11:23:08.153 [Forwarding findElement on session 7672269d08c8a98100f08f8a89755b8f to remote] DEBUG org.apache.http.headers - http-outgoing-20 << HTTP/1.1 200 OK
11:23:08.153 [Forwarding findElement on session 7672269d08c8a98100f08f8a89755b8f to remote] DEBUG org.apache.http.headers - http-outgoing-20 << Content-Length:88
11:23:08.153 [Forwarding findElement on session 7672269d08c8a98100f08f8a89755b8f to remote] DEBUG org.apache.http.headers - http-outgoing-20 << Content-Type:application/json; charset=utf-8
11:23:08.153 [Forwarding findElement on session 7672269d08c8a98100f08f8a89755b8f to remote] DEBUG org.apache.http.headers - http-outgoing-20 << cache-control:no-cache
11:23:08.153 [Forwarding findElement on session 7672269d08c8a98100f08f8a89755b8f to remote] DEBUG org.apache.http.impl.execchain.MainClientExec - Connection can be kept alive indefinitely
11:23:08.153 [Forwarding findElement on session 7672269d08c8a98100f08f8a89755b8f to remote] DEBUG org.apache.http.impl.conn.PoolingHttpClientConnectionManager - Connection [id: 20][route: {}->http://localhost:17689] can be kept alive indefinitely
11:23:08.153 [Forwarding findElement on session 7672269d08c8a98100f08f8a89755b8f to remote] DEBUG org.apache.http.impl.conn.PoolingHttpClientConnectionManager - Connection released: [id: 20][route: {}->http://localhost:17689][total kept alive: 21; route allocated: 1 of 2000; total allocated: 21 of 2000]
11:23:08.154 [Forwarding clickElement on session 7672269d08c8a98100f08f8a89755b8f to remote] DEBUG org.apache.http.client.protocol.RequestAddCookies - CookieSpec selected: default
11:23:08.154 [Forwarding clickElement on session 7672269d08c8a98100f08f8a89755b8f to remote] DEBUG org.apache.http.client.protocol.RequestAuthCache - Auth cache not set in the context
11:23:08.154 [Forwarding clickElement on session 7672269d08c8a98100f08f8a89755b8f to remote] DEBUG org.apache.http.impl.conn.PoolingHttpClientConnectionManager - Connection request: [route: {}->http://localhost:17689][total kept alive: 21; route allocated: 1 of 2000; total allocated: 21 of 2000]
11:23:08.154 [Forwarding clickElement on session 7672269d08c8a98100f08f8a89755b8f to remote] DEBUG org.apache.http.impl.conn.PoolingHttpClientConnectionManager - Connection leased: [id: 20][route: {}->http://localhost:17689][total kept alive: 20; route allocated: 1 of 2000; total allocated: 21 of 2000]
11:23:08.154 [Forwarding clickElement on session 7672269d08c8a98100f08f8a89755b8f to remote] DEBUG org.apache.http.impl.execchain.MainClientExec - Stale connection check
11:23:08.155 [Forwarding clickElement on session 7672269d08c8a98100f08f8a89755b8f to remote] DEBUG org.apache.http.wire - http-outgoing-20 << "[read] I/O error: Read timed out"
11:23:08.155 [Forwarding clickElement on session 7672269d08c8a98100f08f8a89755b8f to remote] DEBUG org.apache.http.impl.conn.DefaultManagedHttpClientConnection - http-outgoing-20: set socket timeout to 10800000
11:23:08.155 [Forwarding clickElement on session 7672269d08c8a98100f08f8a89755b8f to remote] DEBUG org.apache.http.impl.execchain.MainClientExec - Executing request POST /session/7672269d08c8a98100f08f8a89755b8f/element/51dd08ef-bd49-4b06-a809-10d6577a9349/click HTTP/1.1
11:23:08.155 [Forwarding clickElement on session 7672269d08c8a98100f08f8a89755b8f to remote] DEBUG org.apache.http.impl.execchain.MainClientExec - Target auth state: UNCHALLENGED
11:23:08.155 [Forwarding clickElement on session 7672269d08c8a98100f08f8a89755b8f to remote] DEBUG org.apache.http.impl.execchain.MainClientExec - Proxy auth state: UNCHALLENGED
11:23:08.155 [Forwarding clickElement on session 7672269d08c8a98100f08f8a89755b8f to remote] DEBUG org.apache.http.headers - http-outgoing-20 >> POST /session/7672269d08c8a98100f08f8a89755b8f/element/51dd08ef-bd49-4b06-a809-10d6577a9349/click HTTP/1.1
11:23:08.155 [Forwarding clickElement on session 7672269d08c8a98100f08f8a89755b8f to remote] DEBUG org.apache.http.headers - http-outgoing-20 >> Content-Type: application/json; charset=utf-8
11:23:08.155 [Forwarding clickElement on session 7672269d08c8a98100f08f8a89755b8f to remote] DEBUG org.apache.http.headers - http-outgoing-20 >> Content-Length: 45
11:23:08.155 [Forwarding clickElement on session 7672269d08c8a98100f08f8a89755b8f to remote] DEBUG org.apache.http.headers - http-outgoing-20 >> Host: localhost:17689
11:23:08.155 [Forwarding clickElement on session 7672269d08c8a98100f08f8a89755b8f to remote] DEBUG org.apache.http.headers - http-outgoing-20 >> Connection: Keep-Alive
11:23:08.155 [Forwarding clickElement on session 7672269d08c8a98100f08f8a89755b8f to remote] DEBUG org.apache.http.headers - http-outgoing-20 >> User-Agent: Apache-HttpClient/4.5.3 (Java/1.8.0_211)
11:23:08.155 [Forwarding clickElement on session 7672269d08c8a98100f08f8a89755b8f to remote] DEBUG org.apache.http.headers - http-outgoing-20 >> Accept-Encoding: gzip,deflate
11:23:08.155 [Forwarding clickElement on session 7672269d08c8a98100f08f8a89755b8f to remote] DEBUG org.apache.http.wire - http-outgoing-20 >> "POST /session/7672269d08c8a98100f08f8a89755b8f/element/51dd08ef-bd49-4b06-a809-10d6577a9349/click HTTP/1.1[\r][\n]"
11:23:08.155 [Forwarding clickElement on session 7672269d08c8a98100f08f8a89755b8f to remote] DEBUG org.apache.http.wire - http-outgoing-20 >> "Content-Type: application/json; charset=utf-8[\r][\n]"
11:23:08.155 [Forwarding clickElement on session 7672269d08c8a98100f08f8a89755b8f to remote] DEBUG org.apache.http.wire - http-outgoing-20 >> "Content-Length: 45[\r][\n]"
11:23:08.155 [Forwarding clickElement on session 7672269d08c8a98100f08f8a89755b8f to remote] DEBUG org.apache.http.wire - http-outgoing-20 >> "Host: localhost:17689[\r][\n]"
11:23:08.155 [Forwarding clickElement on session 7672269d08c8a98100f08f8a89755b8f to remote] DEBUG org.apache.http.wire - http-outgoing-20 >> "Connection: Keep-Alive[\r][\n]"
11:23:08.155 [Forwarding clickElement on session 7672269d08c8a98100f08f8a89755b8f to remote] DEBUG org.apache.http.wire - http-outgoing-20 >> "User-Agent: Apache-HttpClient/4.5.3 (Java/1.8.0_211)[\r][\n]"
11:23:08.155 [Forwarding clickElement on session 7672269d08c8a98100f08f8a89755b8f to remote] DEBUG org.apache.http.wire - http-outgoing-20 >> "Accept-Encoding: gzip,deflate[\r][\n]"
11:23:08.155 [Forwarding clickElement on session 7672269d08c8a98100f08f8a89755b8f to remote] DEBUG org.apache.http.wire - http-outgoing-20 >> "[\r][\n]"
11:23:08.155 [Forwarding clickElement on session 7672269d08c8a98100f08f8a89755b8f to remote] DEBUG org.apache.http.wire - http-outgoing-20 >> "{"id":"51dd08ef-bd49-4b06-a809-10d6577a9349"}"
11:23:08.205 [Forwarding clickElement on session 7672269d08c8a98100f08f8a89755b8f to remote] DEBUG org.apache.http.wire - http-outgoing-20 << "HTTP/1.1 200 OK[\r][\n]"
11:23:08.205 [Forwarding clickElement on session 7672269d08c8a98100f08f8a89755b8f to remote] DEBUG org.apache.http.wire - http-outgoing-20 << "Content-Length:14[\r][\n]"
11:23:08.205 [Forwarding clickElement on session 7672269d08c8a98100f08f8a89755b8f to remote] DEBUG org.apache.http.wire - http-outgoing-20 << "Content-Type:application/json; charset=utf-8[\r][\n]"
11:23:08.205 [Forwarding clickElement on session 7672269d08c8a98100f08f8a89755b8f to remote] DEBUG org.apache.http.wire - http-outgoing-20 << "cache-control:no-cache[\r][\n]"
11:23:08.205 [Forwarding clickElement on session 7672269d08c8a98100f08f8a89755b8f to remote] DEBUG org.apache.http.wire - http-outgoing-20 << "[\r][\n]"
11:23:08.205 [Forwarding clickElement on session 7672269d08c8a98100f08f8a89755b8f to remote] DEBUG org.apache.http.wire - http-outgoing-20 << "{"value":null}"
11:23:08.205 [Forwarding clickElement on session 7672269d08c8a98100f08f8a89755b8f to remote] DEBUG org.apache.http.headers - http-outgoing-20 << HTTP/1.1 200 OK
11:23:08.205 [Forwarding clickElement on session 7672269d08c8a98100f08f8a89755b8f to remote] DEBUG org.apache.http.headers - http-outgoing-20 << Content-Length:14
11:23:08.205 [Forwarding clickElement on session 7672269d08c8a98100f08f8a89755b8f to remote] DEBUG org.apache.http.headers - http-outgoing-20 << Content-Type:application/json; charset=utf-8
11:23:08.205 [Forwarding clickElement on session 7672269d08c8a98100f08f8a89755b8f to remote] DEBUG org.apache.http.headers - http-outgoing-20 << cache-control:no-cache
11:23:08.205 [Forwarding clickElement on session 7672269d08c8a98100f08f8a89755b8f to remote] DEBUG org.apache.http.impl.execchain.MainClientExec - Connection can be kept alive indefinitely
11:23:08.205 [Forwarding clickElement on session 7672269d08c8a98100f08f8a89755b8f to remote] DEBUG org.apache.http.impl.conn.PoolingHttpClientConnectionManager - Connection [id: 20][route: {}->http://localhost:17689] can be kept alive indefinitely
11:23:08.205 [Forwarding clickElement on session 7672269d08c8a98100f08f8a89755b8f to remote] DEBUG org.apache.http.impl.conn.PoolingHttpClientConnectionManager - Connection released: [id: 20][route: {}->http://localhost:17689][total kept alive: 21; route allocated: 1 of 2000; total allocated: 21 of 2000]
11:23:08.206 [Forwarding findElement on session 7672269d08c8a98100f08f8a89755b8f to remote] DEBUG org.apache.http.client.protocol.RequestAddCookies - CookieSpec selected: default
11:23:08.206 [Forwarding findElement on session 7672269d08c8a98100f08f8a89755b8f to remote] DEBUG org.apache.http.client.protocol.RequestAuthCache - Auth cache not set in the context
11:23:08.206 [Forwarding findElement on session 7672269d08c8a98100f08f8a89755b8f to remote] DEBUG org.apache.http.impl.conn.PoolingHttpClientConnectionManager - Connection request: [route: {}->http://localhost:17689][total kept alive: 21; route allocated: 1 of 2000; total allocated: 21 of 2000]
11:23:08.206 [Forwarding findElement on session 7672269d08c8a98100f08f8a89755b8f to remote] DEBUG org.apache.http.impl.conn.PoolingHttpClientConnectionManager - Connection leased: [id: 20][route: {}->http://localhost:17689][total kept alive: 20; route allocated: 1 of 2000; total allocated: 21 of 2000]
11:23:08.206 [Forwarding findElement on session 7672269d08c8a98100f08f8a89755b8f to remote] DEBUG org.apache.http.impl.execchain.MainClientExec - Stale connection check
11:23:08.207 [Forwarding findElement on session 7672269d08c8a98100f08f8a89755b8f to remote] DEBUG org.apache.http.wire - http-outgoing-20 << "[read] I/O error: Read timed out"
11:23:08.207 [Forwarding findElement on session 7672269d08c8a98100f08f8a89755b8f to remote] DEBUG org.apache.http.impl.conn.DefaultManagedHttpClientConnection - http-outgoing-20: set socket timeout to 10800000
11:23:08.207 [Forwarding findElement on session 7672269d08c8a98100f08f8a89755b8f to remote] DEBUG org.apache.http.impl.execchain.MainClientExec - Executing request POST /session/7672269d08c8a98100f08f8a89755b8f/element HTTP/1.1
11:23:08.207 [Forwarding findElement on session 7672269d08c8a98100f08f8a89755b8f to remote] DEBUG org.apache.http.impl.execchain.MainClientExec - Target auth state: UNCHALLENGED
11:23:08.207 [Forwarding findElement on session 7672269d08c8a98100f08f8a89755b8f to remote] DEBUG org.apache.http.impl.execchain.MainClientExec - Proxy auth state: UNCHALLENGED
11:23:08.207 [Forwarding findElement on session 7672269d08c8a98100f08f8a89755b8f to remote] DEBUG org.apache.http.headers - http-outgoing-20 >> POST /session/7672269d08c8a98100f08f8a89755b8f/element HTTP/1.1
11:23:08.207 [Forwarding findElement on session 7672269d08c8a98100f08f8a89755b8f to remote] DEBUG org.apache.http.headers - http-outgoing-20 >> Content-Type: application/json; charset=utf-8
11:23:08.207 [Forwarding findElement on session 7672269d08c8a98100f08f8a89755b8f to remote] DEBUG org.apache.http.headers - http-outgoing-20 >> Content-Length: 53
11:23:08.207 [Forwarding findElement on session 7672269d08c8a98100f08f8a89755b8f to remote] DEBUG org.apache.http.headers - http-outgoing-20 >> Host: localhost:17689
11:23:08.207 [Forwarding findElement on session 7672269d08c8a98100f08f8a89755b8f to remote] DEBUG org.apache.http.headers - http-outgoing-20 >> Connection: Keep-Alive
11:23:08.207 [Forwarding findElement on session 7672269d08c8a98100f08f8a89755b8f to remote] DEBUG org.apache.http.headers - http-outgoing-20 >> User-Agent: Apache-HttpClient/4.5.3 (Java/1.8.0_211)
11:23:08.207 [Forwarding findElement on session 7672269d08c8a98100f08f8a89755b8f to remote] DEBUG org.apache.http.headers - http-outgoing-20 >> Accept-Encoding: gzip,deflate
11:23:08.207 [Forwarding findElement on session 7672269d08c8a98100f08f8a89755b8f to remote] DEBUG org.apache.http.wire - http-outgoing-20 >> "POST /session/7672269d08c8a98100f08f8a89755b8f/element HTTP/1.1[\r][\n]"
11:23:08.207 [Forwarding findElement on session 7672269d08c8a98100f08f8a89755b8f to remote] DEBUG org.apache.http.wire - http-outgoing-20 >> "Content-Type: application/json; charset=utf-8[\r][\n]"
11:23:08.207 [Forwarding findElement on session 7672269d08c8a98100f08f8a89755b8f to remote] DEBUG org.apache.http.wire - http-outgoing-20 >> "Content-Length: 53[\r][\n]"
11:23:08.207 [Forwarding findElement on session 7672269d08c8a98100f08f8a89755b8f to remote] DEBUG org.apache.http.wire - http-outgoing-20 >> "Host: localhost:17689[\r][\n]"
11:23:08.207 [Forwarding findElement on session 7672269d08c8a98100f08f8a89755b8f to remote] DEBUG org.apache.http.wire - http-outgoing-20 >> "Connection: Keep-Alive[\r][\n]"
11:23:08.207 [Forwarding findElement on session 7672269d08c8a98100f08f8a89755b8f to remote] DEBUG org.apache.http.wire - http-outgoing-20 >> "User-Agent: Apache-HttpClient/4.5.3 (Java/1.8.0_211)[\r][\n]"
11:23:08.207 [Forwarding findElement on session 7672269d08c8a98100f08f8a89755b8f to remote] DEBUG org.apache.http.wire - http-outgoing-20 >> "Accept-Encoding: gzip,deflate[\r][\n]"
11:23:08.207 [Forwarding findElement on session 7672269d08c8a98100f08f8a89755b8f to remote] DEBUG org.apache.http.wire - http-outgoing-20 >> "[\r][\n]"
11:23:08.207 [Forwarding findElement on session 7672269d08c8a98100f08f8a89755b8f to remote] DEBUG org.apache.http.wire - http-outgoing-20 >> "{"value":"span > .d-flex div","using":"css selector"}"
11:23:08.471 [Forwarding findElement on session 7672269d08c8a98100f08f8a89755b8f to remote] DEBUG org.apache.http.wire - http-outgoing-20 << "HTTP/1.1 200 OK[\r][\n]"
11:23:08.471 [Forwarding findElement on session 7672269d08c8a98100f08f8a89755b8f to remote] DEBUG org.apache.http.wire - http-outgoing-20 << "Content-Length:88[\r][\n]"
11:23:08.471 [Forwarding findElement on session 7672269d08c8a98100f08f8a89755b8f to remote] DEBUG org.apache.http.wire - http-outgoing-20 << "Content-Type:application/json; charset=utf-8[\r][\n]"
11:23:08.471 [Forwarding findElement on session 7672269d08c8a98100f08f8a89755b8f to remote] DEBUG org.apache.http.wire - http-outgoing-20 << "cache-control:no-cache[\r][\n]"
11:23:08.471 [Forwarding findElement on session 7672269d08c8a98100f08f8a89755b8f to remote] DEBUG org.apache.http.wire - http-outgoing-20 << "[\r][\n]"
11:23:08.471 [Forwarding findElement on session 7672269d08c8a98100f08f8a89755b8f to remote] DEBUG org.apache.http.wire - http-outgoing-20 << "{"value":{"element-6066-11e4-a52e-4f735466cecf":"9f5cb1d7-8b7b-471c-a5e3-5e967928ce3e"}}"
11:23:08.471 [Forwarding findElement on session 7672269d08c8a98100f08f8a89755b8f to remote] DEBUG org.apache.http.headers - http-outgoing-20 << HTTP/1.1 200 OK
11:23:08.471 [Forwarding findElement on session 7672269d08c8a98100f08f8a89755b8f to remote] DEBUG org.apache.http.headers - http-outgoing-20 << Content-Length:88
11:23:08.471 [Forwarding findElement on session 7672269d08c8a98100f08f8a89755b8f to remote] DEBUG org.apache.http.headers - http-outgoing-20 << Content-Type:application/json; charset=utf-8
11:23:08.471 [Forwarding findElement on session 7672269d08c8a98100f08f8a89755b8f to remote] DEBUG org.apache.http.headers - http-outgoing-20 << cache-control:no-cache
11:23:08.471 [Forwarding findElement on session 7672269d08c8a98100f08f8a89755b8f to remote] DEBUG org.apache.http.impl.execchain.MainClientExec - Connection can be kept alive indefinitely
11:23:08.471 [Forwarding findElement on session 7672269d08c8a98100f08f8a89755b8f to remote] DEBUG org.apache.http.impl.conn.PoolingHttpClientConnectionManager - Connection [id: 20][route: {}->http://localhost:17689] can be kept alive indefinitely
11:23:08.471 [Forwarding findElement on session 7672269d08c8a98100f08f8a89755b8f to remote] DEBUG org.apache.http.impl.conn.PoolingHttpClientConnectionManager - Connection released: [id: 20][route: {}->http://localhost:17689][total kept alive: 21; route allocated: 1 of 2000; total allocated: 21 of 2000]
11:23:08.471 [Forwarding getElementText on session 7672269d08c8a98100f08f8a89755b8f to remote] DEBUG org.apache.http.client.protocol.RequestAddCookies - CookieSpec selected: default
11:23:08.471 [Forwarding getElementText on session 7672269d08c8a98100f08f8a89755b8f to remote] DEBUG org.apache.http.client.protocol.RequestAuthCache - Auth cache not set in the context
11:23:08.471 [Forwarding getElementText on session 7672269d08c8a98100f08f8a89755b8f to remote] DEBUG org.apache.http.impl.conn.PoolingHttpClientConnectionManager - Connection request: [route: {}->http://localhost:17689][total kept alive: 21; route allocated: 1 of 2000; total allocated: 21 of 2000]
11:23:08.471 [Forwarding getElementText on session 7672269d08c8a98100f08f8a89755b8f to remote] DEBUG org.apache.http.impl.conn.PoolingHttpClientConnectionManager - Connection leased: [id: 20][route: {}->http://localhost:17689][total kept alive: 20; route allocated: 1 of 2000; total allocated: 21 of 2000]
11:23:08.471 [Forwarding getElementText on session 7672269d08c8a98100f08f8a89755b8f to remote] DEBUG org.apache.http.impl.execchain.MainClientExec - Stale connection check
11:23:08.473 [Forwarding getElementText on session 7672269d08c8a98100f08f8a89755b8f to remote] DEBUG org.apache.http.wire - http-outgoing-20 << "[read] I/O error: Read timed out"
11:23:08.473 [Forwarding getElementText on session 7672269d08c8a98100f08f8a89755b8f to remote] DEBUG org.apache.http.impl.conn.DefaultManagedHttpClientConnection - http-outgoing-20: set socket timeout to 10800000
11:23:08.473 [Forwarding getElementText on session 7672269d08c8a98100f08f8a89755b8f to remote] DEBUG org.apache.http.impl.execchain.MainClientExec - Executing request GET /session/7672269d08c8a98100f08f8a89755b8f/element/9f5cb1d7-8b7b-471c-a5e3-5e967928ce3e/text HTTP/1.1
11:23:08.473 [Forwarding getElementText on session 7672269d08c8a98100f08f8a89755b8f to remote] DEBUG org.apache.http.impl.execchain.MainClientExec - Target auth state: UNCHALLENGED
11:23:08.473 [Forwarding getElementText on session 7672269d08c8a98100f08f8a89755b8f to remote] DEBUG org.apache.http.impl.execchain.MainClientExec - Proxy auth state: UNCHALLENGED
11:23:08.473 [Forwarding getElementText on session 7672269d08c8a98100f08f8a89755b8f to remote] DEBUG org.apache.http.headers - http-outgoing-20 >> GET /session/7672269d08c8a98100f08f8a89755b8f/element/9f5cb1d7-8b7b-471c-a5e3-5e967928ce3e/text HTTP/1.1
11:23:08.473 [Forwarding getElementText on session 7672269d08c8a98100f08f8a89755b8f to remote] DEBUG org.apache.http.headers - http-outgoing-20 >> Cache-Control: no-cache
11:23:08.473 [Forwarding getElementText on session 7672269d08c8a98100f08f8a89755b8f to remote] DEBUG org.apache.http.headers - http-outgoing-20 >> Host: localhost:17689
11:23:08.473 [Forwarding getElementText on session 7672269d08c8a98100f08f8a89755b8f to remote] DEBUG org.apache.http.headers - http-outgoing-20 >> Connection: Keep-Alive
11:23:08.473 [Forwarding getElementText on session 7672269d08c8a98100f08f8a89755b8f to remote] DEBUG org.apache.http.headers - http-outgoing-20 >> User-Agent: Apache-HttpClient/4.5.3 (Java/1.8.0_211)
11:23:08.473 [Forwarding getElementText on session 7672269d08c8a98100f08f8a89755b8f to remote] DEBUG org.apache.http.headers - http-outgoing-20 >> Accept-Encoding: gzip,deflate
11:23:08.473 [Forwarding getElementText on session 7672269d08c8a98100f08f8a89755b8f to remote] DEBUG org.apache.http.wire - http-outgoing-20 >> "GET /session/7672269d08c8a98100f08f8a89755b8f/element/9f5cb1d7-8b7b-471c-a5e3-5e967928ce3e/text HTTP/1.1[\r][\n]"
11:23:08.473 [Forwarding getElementText on session 7672269d08c8a98100f08f8a89755b8f to remote] DEBUG org.apache.http.wire - http-outgoing-20 >> "Cache-Control: no-cache[\r][\n]"
11:23:08.473 [Forwarding getElementText on session 7672269d08c8a98100f08f8a89755b8f to remote] DEBUG org.apache.http.wire - http-outgoing-20 >> "Host: localhost:17689[\r][\n]"
11:23:08.473 [Forwarding getElementText on session 7672269d08c8a98100f08f8a89755b8f to remote] DEBUG org.apache.http.wire - http-outgoing-20 >> "Connection: Keep-Alive[\r][\n]"
11:23:08.473 [Forwarding getElementText on session 7672269d08c8a98100f08f8a89755b8f to remote] DEBUG org.apache.http.wire - http-outgoing-20 >> "User-Agent: Apache-HttpClient/4.5.3 (Java/1.8.0_211)[\r][\n]"
11:23:08.473 [Forwarding getElementText on session 7672269d08c8a98100f08f8a89755b8f to remote] DEBUG org.apache.http.wire - http-outgoing-20 >> "Accept-Encoding: gzip,deflate[\r][\n]"
11:23:08.473 [Forwarding getElementText on session 7672269d08c8a98100f08f8a89755b8f to remote] DEBUG org.apache.http.wire - http-outgoing-20 >> "[\r][\n]"
11:23:08.480 [Forwarding getElementText on session 7672269d08c8a98100f08f8a89755b8f to remote] DEBUG org.apache.http.wire - http-outgoing-20 << "HTTP/1.1 200 OK[\r][\n]"
11:23:08.480 [Forwarding getElementText on session 7672269d08c8a98100f08f8a89755b8f to remote] DEBUG org.apache.http.wire - http-outgoing-20 << "Content-Length:46[\r][\n]"
11:23:08.480 [Forwarding getElementText on session 7672269d08c8a98100f08f8a89755b8f to remote] DEBUG org.apache.http.wire - http-outgoing-20 << "Content-Type:application/json; charset=utf-8[\r][\n]"
11:23:08.480 [Forwarding getElementText on session 7672269d08c8a98100f08f8a89755b8f to remote] DEBUG org.apache.http.wire - http-outgoing-20 << "cache-control:no-cache[\r][\n]"
11:23:08.480 [Forwarding getElementText on session 7672269d08c8a98100f08f8a89755b8f to remote] DEBUG org.apache.http.wire - http-outgoing-20 << "[\r][\n]"
11:23:08.480 [Forwarding getElementText on session 7672269d08c8a98100f08f8a89755b8f to remote] DEBUG org.apache.http.wire - http-outgoing-20 << "{"value":"TN2jfdYCX9vvozqjwVvPjMd7vRj8HKyxUe"}"
11:23:08.480 [Forwarding getElementText on session 7672269d08c8a98100f08f8a89755b8f to remote] DEBUG org.apache.http.headers - http-outgoing-20 << HTTP/1.1 200 OK
11:23:08.480 [Forwarding getElementText on session 7672269d08c8a98100f08f8a89755b8f to remote] DEBUG org.apache.http.headers - http-outgoing-20 << Content-Length:46
11:23:08.480 [Forwarding getElementText on session 7672269d08c8a98100f08f8a89755b8f to remote] DEBUG org.apache.http.headers - http-outgoing-20 << Content-Type:application/json; charset=utf-8
11:23:08.480 [Forwarding getElementText on session 7672269d08c8a98100f08f8a89755b8f to remote] DEBUG org.apache.http.headers - http-outgoing-20 << cache-control:no-cache
11:23:08.480 [Forwarding getElementText on session 7672269d08c8a98100f08f8a89755b8f to remote] DEBUG org.apache.http.impl.execchain.MainClientExec - Connection can be kept alive indefinitely
11:23:08.480 [Forwarding getElementText on session 7672269d08c8a98100f08f8a89755b8f to remote] DEBUG org.apache.http.impl.conn.PoolingHttpClientConnectionManager - Connection [id: 20][route: {}->http://localhost:17689] can be kept alive indefinitely
11:23:08.480 [Forwarding getElementText on session 7672269d08c8a98100f08f8a89755b8f to remote] DEBUG org.apache.http.impl.conn.PoolingHttpClientConnectionManager - Connection released: [id: 20][route: {}->http://localhost:17689][total kept alive: 21; route allocated: 1 of 2000; total allocated: 21 of 2000]
11:23:08.686 [Forwarding findElement on session 7672269d08c8a98100f08f8a89755b8f to remote] DEBUG org.apache.http.client.protocol.RequestAddCookies - CookieSpec selected: default
11:23:08.686 [Forwarding findElement on session 7672269d08c8a98100f08f8a89755b8f to remote] DEBUG org.apache.http.client.protocol.RequestAuthCache - Auth cache not set in the context
11:23:08.686 [Forwarding findElement on session 7672269d08c8a98100f08f8a89755b8f to remote] DEBUG org.apache.http.impl.conn.PoolingHttpClientConnectionManager - Connection request: [route: {}->http://localhost:17689][total kept alive: 21; route allocated: 1 of 2000; total allocated: 21 of 2000]
11:23:08.686 [Forwarding findElement on session 7672269d08c8a98100f08f8a89755b8f to remote] DEBUG org.apache.http.impl.conn.PoolingHttpClientConnectionManager - Connection leased: [id: 20][route: {}->http://localhost:17689][total kept alive: 20; route allocated: 1 of 2000; total allocated: 21 of 2000]
11:23:08.686 [Forwarding findElement on session 7672269d08c8a98100f08f8a89755b8f to remote] DEBUG org.apache.http.impl.execchain.MainClientExec - Stale connection check
11:23:08.687 [Forwarding findElement on session 7672269d08c8a98100f08f8a89755b8f to remote] DEBUG org.apache.http.wire - http-outgoing-20 << "[read] I/O error: Read timed out"
11:23:08.687 [Forwarding findElement on session 7672269d08c8a98100f08f8a89755b8f to remote] DEBUG org.apache.http.impl.conn.DefaultManagedHttpClientConnection - http-outgoing-20: set socket timeout to 10800000
11:23:08.687 [Forwarding findElement on session 7672269d08c8a98100f08f8a89755b8f to remote] DEBUG org.apache.http.impl.execchain.MainClientExec - Executing request POST /session/7672269d08c8a98100f08f8a89755b8f/element HTTP/1.1
11:23:08.687 [Forwarding findElement on session 7672269d08c8a98100f08f8a89755b8f to remote] DEBUG org.apache.http.impl.execchain.MainClientExec - Target auth state: UNCHALLENGED
11:23:08.688 [Forwarding findElement on session 7672269d08c8a98100f08f8a89755b8f to remote] DEBUG org.apache.http.impl.execchain.MainClientExec - Proxy auth state: UNCHALLENGED
11:23:08.688 [Forwarding findElement on session 7672269d08c8a98100f08f8a89755b8f to remote] DEBUG org.apache.http.headers - http-outgoing-20 >> POST /session/7672269d08c8a98100f08f8a89755b8f/element HTTP/1.1
11:23:08.688 [Forwarding findElement on session 7672269d08c8a98100f08f8a89755b8f to remote] DEBUG org.apache.http.headers - http-outgoing-20 >> Content-Type: application/json; charset=utf-8
11:23:08.688 [Forwarding findElement on session 7672269d08c8a98100f08f8a89755b8f to remote] DEBUG org.apache.http.headers - http-outgoing-20 >> Content-Length: 58
11:23:08.688 [Forwarding findElement on session 7672269d08c8a98100f08f8a89755b8f to remote] DEBUG org.apache.http.headers - http-outgoing-20 >> Host: localhost:17689
11:23:08.688 [Forwarding findElement on session 7672269d08c8a98100f08f8a89755b8f to remote] DEBUG org.apache.http.headers - http-outgoing-20 >> Connection: Keep-Alive
11:23:08.688 [Forwarding findElement on session 7672269d08c8a98100f08f8a89755b8f to remote] DEBUG org.apache.http.headers - http-outgoing-20 >> User-Agent: Apache-HttpClient/4.5.3 (Java/1.8.0_211)
11:23:08.688 [Forwarding findElement on session 7672269d08c8a98100f08f8a89755b8f to remote] DEBUG org.apache.http.headers - http-outgoing-20 >> Accept-Encoding: gzip,deflate
11:23:08.688 [Forwarding findElement on session 7672269d08c8a98100f08f8a89755b8f to remote] DEBUG org.apache.http.wire - http-outgoing-20 >> "POST /session/7672269d08c8a98100f08f8a89755b8f/element HTTP/1.1[\r][\n]"
11:23:08.688 [Forwarding findElement on session 7672269d08c8a98100f08f8a89755b8f to remote] DEBUG org.apache.http.wire - http-outgoing-20 >> "Content-Type: application/json; charset=utf-8[\r][\n]"
11:23:08.688 [Forwarding findElement on session 7672269d08c8a98100f08f8a89755b8f to remote] DEBUG org.apache.http.wire - http-outgoing-20 >> "Content-Length: 58[\r][\n]"
11:23:08.688 [Forwarding findElement on session 7672269d08c8a98100f08f8a89755b8f to remote] DEBUG org.apache.http.wire - http-outgoing-20 >> "Host: localhost:17689[\r][\n]"
11:23:08.688 [Forwarding findElement on session 7672269d08c8a98100f08f8a89755b8f to remote] DEBUG org.apache.http.wire - http-outgoing-20 >> "Connection: Keep-Alive[\r][\n]"
11:23:08.688 [Forwarding findElement on session 7672269d08c8a98100f08f8a89755b8f to remote] DEBUG org.apache.http.wire - http-outgoing-20 >> "User-Agent: Apache-HttpClient/4.5.3 (Java/1.8.0_211)[\r][\n]"
11:23:08.688 [Forwarding findElement on session 7672269d08c8a98100f08f8a89755b8f to remote] DEBUG org.apache.http.wire - http-outgoing-20 >> "Accept-Encoding: gzip,deflate[\r][\n]"
11:23:08.688 [Forwarding findElement on session 7672269d08c8a98100f08f8a89755b8f to remote] DEBUG org.apache.http.wire - http-outgoing-20 >> "[\r][\n]"
11:23:08.688 [Forwarding findElement on session 7672269d08c8a98100f08f8a89755b8f to remote] DEBUG org.apache.http.wire - http-outgoing-20 >> "{"value":".dropdown-toggle > span","using":"css selector"}"
11:23:08.691 [Forwarding findElement on session 7672269d08c8a98100f08f8a89755b8f to remote] DEBUG org.apache.http.wire - http-outgoing-20 << "HTTP/1.1 200 OK[\r][\n]"
11:23:08.691 [Forwarding findElement on session 7672269d08c8a98100f08f8a89755b8f to remote] DEBUG org.apache.http.wire - http-outgoing-20 << "Content-Length:88[\r][\n]"
11:23:08.691 [Forwarding findElement on session 7672269d08c8a98100f08f8a89755b8f to remote] DEBUG org.apache.http.wire - http-outgoing-20 << "Content-Type:application/json; charset=utf-8[\r][\n]"
11:23:08.691 [Forwarding findElement on session 7672269d08c8a98100f08f8a89755b8f to remote] DEBUG org.apache.http.wire - http-outgoing-20 << "cache-control:no-cache[\r][\n]"
11:23:08.691 [Forwarding findElement on session 7672269d08c8a98100f08f8a89755b8f to remote] DEBUG org.apache.http.wire - http-outgoing-20 << "[\r][\n]"
11:23:08.691 [Forwarding findElement on session 7672269d08c8a98100f08f8a89755b8f to remote] DEBUG org.apache.http.wire - http-outgoing-20 << "{"value":{"element-6066-11e4-a52e-4f735466cecf":"5509de8c-8f16-48d2-aa10-013651ce255a"}}"
11:23:08.691 [Forwarding findElement on session 7672269d08c8a98100f08f8a89755b8f to remote] DEBUG org.apache.http.headers - http-outgoing-20 << HTTP/1.1 200 OK
11:23:08.691 [Forwarding findElement on session 7672269d08c8a98100f08f8a89755b8f to remote] DEBUG org.apache.http.headers - http-outgoing-20 << Content-Length:88
11:23:08.691 [Forwarding findElement on session 7672269d08c8a98100f08f8a89755b8f to remote] DEBUG org.apache.http.headers - http-outgoing-20 << Content-Type:application/json; charset=utf-8
11:23:08.691 [Forwarding findElement on session 7672269d08c8a98100f08f8a89755b8f to remote] DEBUG org.apache.http.headers - http-outgoing-20 << cache-control:no-cache
11:23:08.691 [Forwarding findElement on session 7672269d08c8a98100f08f8a89755b8f to remote] DEBUG org.apache.http.impl.execchain.MainClientExec - Connection can be kept alive indefinitely
11:23:08.691 [Forwarding findElement on session 7672269d08c8a98100f08f8a89755b8f to remote] DEBUG org.apache.http.impl.conn.PoolingHttpClientConnectionManager - Connection [id: 20][route: {}->http://localhost:17689] can be kept alive indefinitely
11:23:08.691 [Forwarding findElement on session 7672269d08c8a98100f08f8a89755b8f to remote] DEBUG org.apache.http.impl.conn.PoolingHttpClientConnectionManager - Connection released: [id: 20][route: {}->http://localhost:17689][total kept alive: 21; route allocated: 1 of 2000; total allocated: 21 of 2000]
11:23:08.692 [Forwarding actions on session 7672269d08c8a98100f08f8a89755b8f to remote] DEBUG org.apache.http.client.protocol.RequestAddCookies - CookieSpec selected: default
11:23:08.692 [Forwarding actions on session 7672269d08c8a98100f08f8a89755b8f to remote] DEBUG org.apache.http.client.protocol.RequestAuthCache - Auth cache not set in the context
11:23:08.692 [Forwarding actions on session 7672269d08c8a98100f08f8a89755b8f to remote] DEBUG org.apache.http.impl.conn.PoolingHttpClientConnectionManager - Connection request: [route: {}->http://localhost:17689][total kept alive: 21; route allocated: 1 of 2000; total allocated: 21 of 2000]
11:23:08.692 [Forwarding actions on session 7672269d08c8a98100f08f8a89755b8f to remote] DEBUG org.apache.http.impl.conn.PoolingHttpClientConnectionManager - Connection leased: [id: 20][route: {}->http://localhost:17689][total kept alive: 20; route allocated: 1 of 2000; total allocated: 21 of 2000]
11:23:08.692 [Forwarding actions on session 7672269d08c8a98100f08f8a89755b8f to remote] DEBUG org.apache.http.impl.execchain.MainClientExec - Stale connection check
11:23:08.693 [Forwarding actions on session 7672269d08c8a98100f08f8a89755b8f to remote] DEBUG org.apache.http.wire - http-outgoing-20 << "[read] I/O error: Read timed out"
11:23:08.693 [Forwarding actions on session 7672269d08c8a98100f08f8a89755b8f to remote] DEBUG org.apache.http.impl.conn.DefaultManagedHttpClientConnection - http-outgoing-20: set socket timeout to 10800000
11:23:08.693 [Forwarding actions on session 7672269d08c8a98100f08f8a89755b8f to remote] DEBUG org.apache.http.impl.execchain.MainClientExec - Executing request POST /session/7672269d08c8a98100f08f8a89755b8f/actions HTTP/1.1
11:23:08.693 [Forwarding actions on session 7672269d08c8a98100f08f8a89755b8f to remote] DEBUG org.apache.http.impl.execchain.MainClientExec - Target auth state: UNCHALLENGED
11:23:08.693 [Forwarding actions on session 7672269d08c8a98100f08f8a89755b8f to remote] DEBUG org.apache.http.impl.execchain.MainClientExec - Proxy auth state: UNCHALLENGED
11:23:08.693 [Forwarding actions on session 7672269d08c8a98100f08f8a89755b8f to remote] DEBUG org.apache.http.headers - http-outgoing-20 >> POST /session/7672269d08c8a98100f08f8a89755b8f/actions HTTP/1.1
11:23:08.693 [Forwarding actions on session 7672269d08c8a98100f08f8a89755b8f to remote] DEBUG org.apache.http.headers - http-outgoing-20 >> Content-Type: application/json; charset=utf-8
11:23:08.693 [Forwarding actions on session 7672269d08c8a98100f08f8a89755b8f to remote] DEBUG org.apache.http.headers - http-outgoing-20 >> Content-Length: 289
11:23:08.693 [Forwarding actions on session 7672269d08c8a98100f08f8a89755b8f to remote] DEBUG org.apache.http.headers - http-outgoing-20 >> Host: localhost:17689
11:23:08.693 [Forwarding actions on session 7672269d08c8a98100f08f8a89755b8f to remote] DEBUG org.apache.http.headers - http-outgoing-20 >> Connection: Keep-Alive
11:23:08.693 [Forwarding actions on session 7672269d08c8a98100f08f8a89755b8f to remote] DEBUG org.apache.http.headers - http-outgoing-20 >> User-Agent: Apache-HttpClient/4.5.3 (Java/1.8.0_211)
11:23:08.693 [Forwarding actions on session 7672269d08c8a98100f08f8a89755b8f to remote] DEBUG org.apache.http.headers - http-outgoing-20 >> Accept-Encoding: gzip,deflate
11:23:08.693 [Forwarding actions on session 7672269d08c8a98100f08f8a89755b8f to remote] DEBUG org.apache.http.wire - http-outgoing-20 >> "POST /session/7672269d08c8a98100f08f8a89755b8f/actions HTTP/1.1[\r][\n]"
11:23:08.693 [Forwarding actions on session 7672269d08c8a98100f08f8a89755b8f to remote] DEBUG org.apache.http.wire - http-outgoing-20 >> "Content-Type: application/json; charset=utf-8[\r][\n]"
11:23:08.693 [Forwarding actions on session 7672269d08c8a98100f08f8a89755b8f to remote] DEBUG org.apache.http.wire - http-outgoing-20 >> "Content-Length: 289[\r][\n]"
11:23:08.693 [Forwarding actions on session 7672269d08c8a98100f08f8a89755b8f to remote] DEBUG org.apache.http.wire - http-outgoing-20 >> "Host: localhost:17689[\r][\n]"
11:23:08.693 [Forwarding actions on session 7672269d08c8a98100f08f8a89755b8f to remote] DEBUG org.apache.http.wire - http-outgoing-20 >> "Connection: Keep-Alive[\r][\n]"
11:23:08.693 [Forwarding actions on session 7672269d08c8a98100f08f8a89755b8f to remote] DEBUG org.apache.http.wire - http-outgoing-20 >> "User-Agent: Apache-HttpClient/4.5.3 (Java/1.8.0_211)[\r][\n]"
11:23:08.693 [Forwarding actions on session 7672269d08c8a98100f08f8a89755b8f to remote] DEBUG org.apache.http.wire - http-outgoing-20 >> "Accept-Encoding: gzip,deflate[\r][\n]"
11:23:08.693 [Forwarding actions on session 7672269d08c8a98100f08f8a89755b8f to remote] DEBUG org.apache.http.wire - http-outgoing-20 >> "[\r][\n]"
11:23:08.693 [Forwarding actions on session 7672269d08c8a98100f08f8a89755b8f to remote] DEBUG org.apache.http.wire - http-outgoing-20 >> "{"actions":[{"id":"default mouse","type":"pointer","parameters":{"pointerType":"mouse"},"actions":[{"duration":100,"x":0,"y":0,"type":"pointerMove","origin":{"ELEMENT":"5509de8c-8f16-48d2-aa10-013651ce255a","element-6066-11e4-a52e-4f735466cecf":"5509de8c-8f16-48d2-aa10-013651ce255a"}}]}]}"
11:23:08.811 [Forwarding actions on session 7672269d08c8a98100f08f8a89755b8f to remote] DEBUG org.apache.http.wire - http-outgoing-20 << "HTTP/1.1 200 OK[\r][\n]"
11:23:08.811 [Forwarding actions on session 7672269d08c8a98100f08f8a89755b8f to remote] DEBUG org.apache.http.wire - http-outgoing-20 << "Content-Length:14[\r][\n]"
11:23:08.811 [Forwarding actions on session 7672269d08c8a98100f08f8a89755b8f to remote] DEBUG org.apache.http.wire - http-outgoing-20 << "Content-Type:application/json; charset=utf-8[\r][\n]"
11:23:08.811 [Forwarding actions on session 7672269d08c8a98100f08f8a89755b8f to remote] DEBUG org.apache.http.wire - http-outgoing-20 << "cache-control:no-cache[\r][\n]"
11:23:08.811 [Forwarding actions on session 7672269d08c8a98100f08f8a89755b8f to remote] DEBUG org.apache.http.wire - http-outgoing-20 << "[\r][\n]"
11:23:08.811 [Forwarding actions on session 7672269d08c8a98100f08f8a89755b8f to remote] DEBUG org.apache.http.wire - http-outgoing-20 << "{"value":null}"
11:23:08.811 [Forwarding actions on session 7672269d08c8a98100f08f8a89755b8f to remote] DEBUG org.apache.http.headers - http-outgoing-20 << HTTP/1.1 200 OK
11:23:08.811 [Forwarding actions on session 7672269d08c8a98100f08f8a89755b8f to remote] DEBUG org.apache.http.headers - http-outgoing-20 << Content-Length:14
11:23:08.811 [Forwarding actions on session 7672269d08c8a98100f08f8a89755b8f to remote] DEBUG org.apache.http.headers - http-outgoing-20 << Content-Type:application/json; charset=utf-8
11:23:08.811 [Forwarding actions on session 7672269d08c8a98100f08f8a89755b8f to remote] DEBUG org.apache.http.headers - http-outgoing-20 << cache-control:no-cache
11:23:08.811 [Forwarding actions on session 7672269d08c8a98100f08f8a89755b8f to remote] DEBUG org.apache.http.impl.execchain.MainClientExec - Connection can be kept alive indefinitely
11:23:08.811 [Forwarding actions on session 7672269d08c8a98100f08f8a89755b8f to remote] DEBUG org.apache.http.impl.conn.PoolingHttpClientConnectionManager - Connection [id: 20][route: {}->http://localhost:17689] can be kept alive indefinitely
11:23:08.811 [Forwarding actions on session 7672269d08c8a98100f08f8a89755b8f to remote] DEBUG org.apache.http.impl.conn.PoolingHttpClientConnectionManager - Connection released: [id: 20][route: {}->http://localhost:17689][total kept alive: 21; route allocated: 1 of 2000; total allocated: 21 of 2000]
11:23:08.811 [Forwarding findElement on session 7672269d08c8a98100f08f8a89755b8f to remote] DEBUG org.apache.http.client.protocol.RequestAddCookies - CookieSpec selected: default
11:23:08.811 [Forwarding findElement on session 7672269d08c8a98100f08f8a89755b8f to remote] DEBUG org.apache.http.client.protocol.RequestAuthCache - Auth cache not set in the context
11:23:08.811 [Forwarding findElement on session 7672269d08c8a98100f08f8a89755b8f to remote] DEBUG org.apache.http.impl.conn.PoolingHttpClientConnectionManager - Connection request: [route: {}->http://localhost:17689][total kept alive: 21; route allocated: 1 of 2000; total allocated: 21 of 2000]
11:23:08.811 [Forwarding findElement on session 7672269d08c8a98100f08f8a89755b8f to remote] DEBUG org.apache.http.impl.conn.PoolingHttpClientConnectionManager - Connection leased: [id: 20][route: {}->http://localhost:17689][total kept alive: 20; route allocated: 1 of 2000; total allocated: 21 of 2000]
11:23:08.811 [Forwarding findElement on session 7672269d08c8a98100f08f8a89755b8f to remote] DEBUG org.apache.http.impl.execchain.MainClientExec - Stale connection check
11:23:08.812 [Forwarding findElement on session 7672269d08c8a98100f08f8a89755b8f to remote] DEBUG org.apache.http.wire - http-outgoing-20 << "[read] I/O error: Read timed out"
11:23:08.812 [Forwarding findElement on session 7672269d08c8a98100f08f8a89755b8f to remote] DEBUG org.apache.http.impl.conn.DefaultManagedHttpClientConnection - http-outgoing-20: set socket timeout to 10800000
11:23:08.812 [Forwarding findElement on session 7672269d08c8a98100f08f8a89755b8f to remote] DEBUG org.apache.http.impl.execchain.MainClientExec - Executing request POST /session/7672269d08c8a98100f08f8a89755b8f/element HTTP/1.1
11:23:08.812 [Forwarding findElement on session 7672269d08c8a98100f08f8a89755b8f to remote] DEBUG org.apache.http.impl.execchain.MainClientExec - Target auth state: UNCHALLENGED
11:23:08.812 [Forwarding findElement on session 7672269d08c8a98100f08f8a89755b8f to remote] DEBUG org.apache.http.impl.execchain.MainClientExec - Proxy auth state: UNCHALLENGED
11:23:08.812 [Forwarding findElement on session 7672269d08c8a98100f08f8a89755b8f to remote] DEBUG org.apache.http.headers - http-outgoing-20 >> POST /session/7672269d08c8a98100f08f8a89755b8f/element HTTP/1.1
11:23:08.812 [Forwarding findElement on session 7672269d08c8a98100f08f8a89755b8f to remote] DEBUG org.apache.http.headers - http-outgoing-20 >> Content-Type: application/json; charset=utf-8
11:23:08.812 [Forwarding findElement on session 7672269d08c8a98100f08f8a89755b8f to remote] DEBUG org.apache.http.headers - http-outgoing-20 >> Content-Length: 77
11:23:08.812 [Forwarding findElement on session 7672269d08c8a98100f08f8a89755b8f to remote] DEBUG org.apache.http.headers - http-outgoing-20 >> Host: localhost:17689
11:23:08.812 [Forwarding findElement on session 7672269d08c8a98100f08f8a89755b8f to remote] DEBUG org.apache.http.headers - http-outgoing-20 >> Connection: Keep-Alive
11:23:08.812 [Forwarding findElement on session 7672269d08c8a98100f08f8a89755b8f to remote] DEBUG org.apache.http.headers - http-outgoing-20 >> User-Agent: Apache-HttpClient/4.5.3 (Java/1.8.0_211)
11:23:08.812 [Forwarding findElement on session 7672269d08c8a98100f08f8a89755b8f to remote] DEBUG org.apache.http.headers - http-outgoing-20 >> Accept-Encoding: gzip,deflate
11:23:08.812 [Forwarding findElement on session 7672269d08c8a98100f08f8a89755b8f to remote] DEBUG org.apache.http.wire - http-outgoing-20 >> "POST /session/7672269d08c8a98100f08f8a89755b8f/element HTTP/1.1[\r][\n]"
11:23:08.812 [Forwarding findElement on session 7672269d08c8a98100f08f8a89755b8f to remote] DEBUG org.apache.http.wire - http-outgoing-20 >> "Content-Type: application/json; charset=utf-8[\r][\n]"
11:23:08.812 [Forwarding findElement on session 7672269d08c8a98100f08f8a89755b8f to remote] DEBUG org.apache.http.wire - http-outgoing-20 >> "Content-Length: 77[\r][\n]"
11:23:08.812 [Forwarding findElement on session 7672269d08c8a98100f08f8a89755b8f to remote] DEBUG org.apache.http.wire - http-outgoing-20 >> "Host: localhost:17689[\r][\n]"
11:23:08.812 [Forwarding findElement on session 7672269d08c8a98100f08f8a89755b8f to remote] DEBUG org.apache.http.wire - http-outgoing-20 >> "Connection: Keep-Alive[\r][\n]"
11:23:08.812 [Forwarding findElement on session 7672269d08c8a98100f08f8a89755b8f to remote] DEBUG org.apache.http.wire - http-outgoing-20 >> "User-Agent: Apache-HttpClient/4.5.3 (Java/1.8.0_211)[\r][\n]"
11:23:08.812 [Forwarding findElement on session 7672269d08c8a98100f08f8a89755b8f to remote] DEBUG org.apache.http.wire - http-outgoing-20 >> "Accept-Encoding: gzip,deflate[\r][\n]"
11:23:08.812 [Forwarding findElement on session 7672269d08c8a98100f08f8a89755b8f to remote] DEBUG org.apache.http.wire - http-outgoing-20 >> "[\r][\n]"
11:23:08.812 [Forwarding findElement on session 7672269d08c8a98100f08f8a89755b8f to remote] DEBUG org.apache.http.wire - http-outgoing-20 >> "{"value":".account-token-tab > a.active:nth-child(1)","using":"css selector"}"
11:23:08.817 [Forwarding findElement on session 7672269d08c8a98100f08f8a89755b8f to remote] DEBUG org.apache.http.wire - http-outgoing-20 << "HTTP/1.1 200 OK[\r][\n]"
11:23:08.817 [Forwarding findElement on session 7672269d08c8a98100f08f8a89755b8f to remote] DEBUG org.apache.http.wire - http-outgoing-20 << "Content-Length:88[\r][\n]"
11:23:08.817 [Forwarding findElement on session 7672269d08c8a98100f08f8a89755b8f to remote] DEBUG org.apache.http.wire - http-outgoing-20 << "Content-Type:application/json; charset=utf-8[\r][\n]"
11:23:08.817 [Forwarding findElement on session 7672269d08c8a98100f08f8a89755b8f to remote] DEBUG org.apache.http.wire - http-outgoing-20 << "cache-control:no-cache[\r][\n]"
11:23:08.817 [Forwarding findElement on session 7672269d08c8a98100f08f8a89755b8f to remote] DEBUG org.apache.http.wire - http-outgoing-20 << "[\r][\n]"
11:23:08.817 [Forwarding findElement on session 7672269d08c8a98100f08f8a89755b8f to remote] DEBUG org.apache.http.wire - http-outgoing-20 << "{"value":{"element-6066-11e4-a52e-4f735466cecf":"bab67a59-1f83-4c99-b47e-c242768b9578"}}"
11:23:08.817 [Forwarding findElement on session 7672269d08c8a98100f08f8a89755b8f to remote] DEBUG org.apache.http.headers - http-outgoing-20 << HTTP/1.1 200 OK
11:23:08.817 [Forwarding findElement on session 7672269d08c8a98100f08f8a89755b8f to remote] DEBUG org.apache.http.headers - http-outgoing-20 << Content-Length:88
11:23:08.817 [Forwarding findElement on session 7672269d08c8a98100f08f8a89755b8f to remote] DEBUG org.apache.http.headers - http-outgoing-20 << Content-Type:application/json; charset=utf-8
11:23:08.817 [Forwarding findElement on session 7672269d08c8a98100f08f8a89755b8f to remote] DEBUG org.apache.http.headers - http-outgoing-20 << cache-control:no-cache
11:23:08.817 [Forwarding findElement on session 7672269d08c8a98100f08f8a89755b8f to remote] DEBUG org.apache.http.impl.execchain.MainClientExec - Connection can be kept alive indefinitely
11:23:08.817 [Forwarding findElement on session 7672269d08c8a98100f08f8a89755b8f to remote] DEBUG org.apache.http.impl.conn.PoolingHttpClientConnectionManager - Connection [id: 20][route: {}->http://localhost:17689] can be kept alive indefinitely
11:23:08.817 [Forwarding findElement on session 7672269d08c8a98100f08f8a89755b8f to remote] DEBUG org.apache.http.impl.conn.PoolingHttpClientConnectionManager - Connection released: [id: 20][route: {}->http://localhost:17689][total kept alive: 21; route allocated: 1 of 2000; total allocated: 21 of 2000]
11:23:08.818 [Forwarding clickElement on session 7672269d08c8a98100f08f8a89755b8f to remote] DEBUG org.apache.http.client.protocol.RequestAddCookies - CookieSpec selected: default
11:23:08.818 [Forwarding clickElement on session 7672269d08c8a98100f08f8a89755b8f to remote] DEBUG org.apache.http.client.protocol.RequestAuthCache - Auth cache not set in the context
11:23:08.818 [Forwarding clickElement on session 7672269d08c8a98100f08f8a89755b8f to remote] DEBUG org.apache.http.impl.conn.PoolingHttpClientConnectionManager - Connection request: [route: {}->http://localhost:17689][total kept alive: 21; route allocated: 1 of 2000; total allocated: 21 of 2000]
11:23:08.818 [Forwarding clickElement on session 7672269d08c8a98100f08f8a89755b8f to remote] DEBUG org.apache.http.impl.conn.PoolingHttpClientConnectionManager - Connection leased: [id: 20][route: {}->http://localhost:17689][total kept alive: 20; route allocated: 1 of 2000; total allocated: 21 of 2000]
11:23:08.818 [Forwarding clickElement on session 7672269d08c8a98100f08f8a89755b8f to remote] DEBUG org.apache.http.impl.execchain.MainClientExec - Stale connection check
11:23:08.819 [Forwarding clickElement on session 7672269d08c8a98100f08f8a89755b8f to remote] DEBUG org.apache.http.wire - http-outgoing-20 << "[read] I/O error: Read timed out"
11:23:08.819 [Forwarding clickElement on session 7672269d08c8a98100f08f8a89755b8f to remote] DEBUG org.apache.http.impl.conn.DefaultManagedHttpClientConnection - http-outgoing-20: set socket timeout to 10800000
11:23:08.819 [Forwarding clickElement on session 7672269d08c8a98100f08f8a89755b8f to remote] DEBUG org.apache.http.impl.execchain.MainClientExec - Executing request POST /session/7672269d08c8a98100f08f8a89755b8f/element/bab67a59-1f83-4c99-b47e-c242768b9578/click HTTP/1.1
11:23:08.819 [Forwarding clickElement on session 7672269d08c8a98100f08f8a89755b8f to remote] DEBUG org.apache.http.impl.execchain.MainClientExec - Target auth state: UNCHALLENGED
11:23:08.819 [Forwarding clickElement on session 7672269d08c8a98100f08f8a89755b8f to remote] DEBUG org.apache.http.impl.execchain.MainClientExec - Proxy auth state: UNCHALLENGED
11:23:08.819 [Forwarding clickElement on session 7672269d08c8a98100f08f8a89755b8f to remote] DEBUG org.apache.http.headers - http-outgoing-20 >> POST /session/7672269d08c8a98100f08f8a89755b8f/element/bab67a59-1f83-4c99-b47e-c242768b9578/click HTTP/1.1
11:23:08.819 [Forwarding clickElement on session 7672269d08c8a98100f08f8a89755b8f to remote] DEBUG org.apache.http.headers - http-outgoing-20 >> Content-Type: application/json; charset=utf-8
11:23:08.819 [Forwarding clickElement on session 7672269d08c8a98100f08f8a89755b8f to remote] DEBUG org.apache.http.headers - http-outgoing-20 >> Content-Length: 45
11:23:08.819 [Forwarding clickElement on session 7672269d08c8a98100f08f8a89755b8f to remote] DEBUG org.apache.http.headers - http-outgoing-20 >> Host: localhost:17689
11:23:08.819 [Forwarding clickElement on session 7672269d08c8a98100f08f8a89755b8f to remote] DEBUG org.apache.http.headers - http-outgoing-20 >> Connection: Keep-Alive
11:23:08.819 [Forwarding clickElement on session 7672269d08c8a98100f08f8a89755b8f to remote] DEBUG org.apache.http.headers - http-outgoing-20 >> User-Agent: Apache-HttpClient/4.5.3 (Java/1.8.0_211)
11:23:08.819 [Forwarding clickElement on session 7672269d08c8a98100f08f8a89755b8f to remote] DEBUG org.apache.http.headers - http-outgoing-20 >> Accept-Encoding: gzip,deflate
11:23:08.819 [Forwarding clickElement on session 7672269d08c8a98100f08f8a89755b8f to remote] DEBUG org.apache.http.wire - http-outgoing-20 >> "POST /session/7672269d08c8a98100f08f8a89755b8f/element/bab67a59-1f83-4c99-b47e-c242768b9578/click HTTP/1.1[\r][\n]"
11:23:08.819 [Forwarding clickElement on session 7672269d08c8a98100f08f8a89755b8f to remote] DEBUG org.apache.http.wire - http-outgoing-20 >> "Content-Type: application/json; charset=utf-8[\r][\n]"
11:23:08.819 [Forwarding clickElement on session 7672269d08c8a98100f08f8a89755b8f to remote] DEBUG org.apache.http.wire - http-outgoing-20 >> "Content-Length: 45[\r][\n]"
11:23:08.819 [Forwarding clickElement on session 7672269d08c8a98100f08f8a89755b8f to remote] DEBUG org.apache.http.wire - http-outgoing-20 >> "Host: localhost:17689[\r][\n]"
11:23:08.819 [Forwarding clickElement on session 7672269d08c8a98100f08f8a89755b8f to remote] DEBUG org.apache.http.wire - http-outgoing-20 >> "Connection: Keep-Alive[\r][\n]"
11:23:08.819 [Forwarding clickElement on session 7672269d08c8a98100f08f8a89755b8f to remote] DEBUG org.apache.http.wire - http-outgoing-20 >> "User-Agent: Apache-HttpClient/4.5.3 (Java/1.8.0_211)[\r][\n]"
11:23:08.819 [Forwarding clickElement on session 7672269d08c8a98100f08f8a89755b8f to remote] DEBUG org.apache.http.wire - http-outgoing-20 >> "Accept-Encoding: gzip,deflate[\r][\n]"
11:23:08.819 [Forwarding clickElement on session 7672269d08c8a98100f08f8a89755b8f to remote] DEBUG org.apache.http.wire - http-outgoing-20 >> "[\r][\n]"
11:23:08.819 [Forwarding clickElement on session 7672269d08c8a98100f08f8a89755b8f to remote] DEBUG org.apache.http.wire - http-outgoing-20 >> "{"id":"bab67a59-1f83-4c99-b47e-c242768b9578"}"
11:23:08.853 [Forwarding clickElement on session 7672269d08c8a98100f08f8a89755b8f to remote] DEBUG org.apache.http.wire - http-outgoing-20 << "HTTP/1.1 200 OK[\r][\n]"
11:23:08.853 [Forwarding clickElement on session 7672269d08c8a98100f08f8a89755b8f to remote] DEBUG org.apache.http.wire - http-outgoing-20 << "Content-Length:14[\r][\n]"
11:23:08.853 [Forwarding clickElement on session 7672269d08c8a98100f08f8a89755b8f to remote] DEBUG org.apache.http.wire - http-outgoing-20 << "Content-Type:application/json; charset=utf-8[\r][\n]"
11:23:08.853 [Forwarding clickElement on session 7672269d08c8a98100f08f8a89755b8f to remote] DEBUG org.apache.http.wire - http-outgoing-20 << "cache-control:no-cache[\r][\n]"
11:23:08.853 [Forwarding clickElement on session 7672269d08c8a98100f08f8a89755b8f to remote] DEBUG org.apache.http.wire - http-outgoing-20 << "[\r][\n]"
11:23:08.853 [Forwarding clickElement on session 7672269d08c8a98100f08f8a89755b8f to remote] DEBUG org.apache.http.wire - http-outgoing-20 << "{"value":null}"
11:23:08.853 [Forwarding clickElement on session 7672269d08c8a98100f08f8a89755b8f to remote] DEBUG org.apache.http.headers - http-outgoing-20 << HTTP/1.1 200 OK
11:23:08.853 [Forwarding clickElement on session 7672269d08c8a98100f08f8a89755b8f to remote] DEBUG org.apache.http.headers - http-outgoing-20 << Content-Length:14
11:23:08.853 [Forwarding clickElement on session 7672269d08c8a98100f08f8a89755b8f to remote] DEBUG org.apache.http.headers - http-outgoing-20 << Content-Type:application/json; charset=utf-8
11:23:08.853 [Forwarding clickElement on session 7672269d08c8a98100f08f8a89755b8f to remote] DEBUG org.apache.http.headers - http-outgoing-20 << cache-control:no-cache
11:23:08.853 [Forwarding clickElement on session 7672269d08c8a98100f08f8a89755b8f to remote] DEBUG org.apache.http.impl.execchain.MainClientExec - Connection can be kept alive indefinitely
11:23:08.853 [Forwarding clickElement on session 7672269d08c8a98100f08f8a89755b8f to remote] DEBUG org.apache.http.impl.conn.PoolingHttpClientConnectionManager - Connection [id: 20][route: {}->http://localhost:17689] can be kept alive indefinitely
11:23:08.853 [Forwarding clickElement on session 7672269d08c8a98100f08f8a89755b8f to remote] DEBUG org.apache.http.impl.conn.PoolingHttpClientConnectionManager - Connection released: [id: 20][route: {}->http://localhost:17689][total kept alive: 21; route allocated: 1 of 2000; total allocated: 21 of 2000]
11:23:08.853 [Forwarding findElement on session 7672269d08c8a98100f08f8a89755b8f to remote] DEBUG org.apache.http.client.protocol.RequestAddCookies - CookieSpec selected: default
11:23:08.853 [Forwarding findElement on session 7672269d08c8a98100f08f8a89755b8f to remote] DEBUG org.apache.http.client.protocol.RequestAuthCache - Auth cache not set in the context
11:23:08.853 [Forwarding findElement on session 7672269d08c8a98100f08f8a89755b8f to remote] DEBUG org.apache.http.impl.conn.PoolingHttpClientConnectionManager - Connection request: [route: {}->http://localhost:17689][total kept alive: 21; route allocated: 1 of 2000; total allocated: 21 of 2000]
11:23:08.853 [Forwarding findElement on session 7672269d08c8a98100f08f8a89755b8f to remote] DEBUG org.apache.http.impl.conn.PoolingHttpClientConnectionManager - Connection leased: [id: 20][route: {}->http://localhost:17689][total kept alive: 20; route allocated: 1 of 2000; total allocated: 21 of 2000]
11:23:08.853 [Forwarding findElement on session 7672269d08c8a98100f08f8a89755b8f to remote] DEBUG org.apache.http.impl.execchain.MainClientExec - Stale connection check
11:23:08.854 [Forwarding findElement on session 7672269d08c8a98100f08f8a89755b8f to remote] DEBUG org.apache.http.wire - http-outgoing-20 << "[read] I/O error: Read timed out"
11:23:08.854 [Forwarding findElement on session 7672269d08c8a98100f08f8a89755b8f to remote] DEBUG org.apache.http.impl.conn.DefaultManagedHttpClientConnection - http-outgoing-20: set socket timeout to 10800000
11:23:08.854 [Forwarding findElement on session 7672269d08c8a98100f08f8a89755b8f to remote] DEBUG org.apache.http.impl.execchain.MainClientExec - Executing request POST /session/7672269d08c8a98100f08f8a89755b8f/element HTTP/1.1
11:23:08.854 [Forwarding findElement on session 7672269d08c8a98100f08f8a89755b8f to remote] DEBUG org.apache.http.impl.execchain.MainClientExec - Target auth state: UNCHALLENGED
11:23:08.854 [Forwarding findElement on session 7672269d08c8a98100f08f8a89755b8f to remote] DEBUG org.apache.http.impl.execchain.MainClientExec - Proxy auth state: UNCHALLENGED
11:23:08.854 [Forwarding findElement on session 7672269d08c8a98100f08f8a89755b8f to remote] DEBUG org.apache.http.headers - http-outgoing-20 >> POST /session/7672269d08c8a98100f08f8a89755b8f/element HTTP/1.1
11:23:08.854 [Forwarding findElement on session 7672269d08c8a98100f08f8a89755b8f to remote] DEBUG org.apache.http.headers - http-outgoing-20 >> Content-Type: application/json; charset=utf-8
11:23:08.854 [Forwarding findElement on session 7672269d08c8a98100f08f8a89755b8f to remote] DEBUG org.apache.http.headers - http-outgoing-20 >> Content-Length: 77
11:23:08.854 [Forwarding findElement on session 7672269d08c8a98100f08f8a89755b8f to remote] DEBUG org.apache.http.headers - http-outgoing-20 >> Host: localhost:17689
11:23:08.854 [Forwarding findElement on session 7672269d08c8a98100f08f8a89755b8f to remote] DEBUG org.apache.http.headers - http-outgoing-20 >> Connection: Keep-Alive
11:23:08.854 [Forwarding findElement on session 7672269d08c8a98100f08f8a89755b8f to remote] DEBUG org.apache.http.headers - http-outgoing-20 >> User-Agent: Apache-HttpClient/4.5.3 (Java/1.8.0_211)
11:23:08.854 [Forwarding findElement on session 7672269d08c8a98100f08f8a89755b8f to remote] DEBUG org.apache.http.headers - http-outgoing-20 >> Accept-Encoding: gzip,deflate
11:23:08.854 [Forwarding findElement on session 7672269d08c8a98100f08f8a89755b8f to remote] DEBUG org.apache.http.wire - http-outgoing-20 >> "POST /session/7672269d08c8a98100f08f8a89755b8f/element HTTP/1.1[\r][\n]"
11:23:08.854 [Forwarding findElement on session 7672269d08c8a98100f08f8a89755b8f to remote] DEBUG org.apache.http.wire - http-outgoing-20 >> "Content-Type: application/json; charset=utf-8[\r][\n]"
11:23:08.854 [Forwarding findElement on session 7672269d08c8a98100f08f8a89755b8f to remote] DEBUG org.apache.http.wire - http-outgoing-20 >> "Content-Length: 77[\r][\n]"
11:23:08.854 [Forwarding findElement on session 7672269d08c8a98100f08f8a89755b8f to remote] DEBUG org.apache.http.wire - http-outgoing-20 >> "Host: localhost:17689[\r][\n]"
11:23:08.854 [Forwarding findElement on session 7672269d08c8a98100f08f8a89755b8f to remote] DEBUG org.apache.http.wire - http-outgoing-20 >> "Connection: Keep-Alive[\r][\n]"
11:23:08.854 [Forwarding findElement on session 7672269d08c8a98100f08f8a89755b8f to remote] DEBUG org.apache.http.wire - http-outgoing-20 >> "User-Agent: Apache-HttpClient/4.5.3 (Java/1.8.0_211)[\r][\n]"
11:23:08.854 [Forwarding findElement on session 7672269d08c8a98100f08f8a89755b8f to remote] DEBUG org.apache.http.wire - http-outgoing-20 >> "Accept-Encoding: gzip,deflate[\r][\n]"
11:23:08.854 [Forwarding findElement on session 7672269d08c8a98100f08f8a89755b8f to remote] DEBUG org.apache.http.wire - http-outgoing-20 >> "[\r][\n]"
11:23:08.854 [Forwarding findElement on session 7672269d08c8a98100f08f8a89755b8f to remote] DEBUG org.apache.http.wire - http-outgoing-20 >> "{"value":"tr:nth-child(1) > td:nth-child(5) > button","using":"css selector"}"
11:23:08.860 [Forwarding findElement on session 7672269d08c8a98100f08f8a89755b8f to remote] DEBUG org.apache.http.wire - http-outgoing-20 << "HTTP/1.1 200 OK[\r][\n]"
11:23:08.860 [Forwarding findElement on session 7672269d08c8a98100f08f8a89755b8f to remote] DEBUG org.apache.http.wire - http-outgoing-20 << "Content-Length:88[\r][\n]"
11:23:08.860 [Forwarding findElement on session 7672269d08c8a98100f08f8a89755b8f to remote] DEBUG org.apache.http.wire - http-outgoing-20 << "Content-Type:application/json; charset=utf-8[\r][\n]"
11:23:08.860 [Forwarding findElement on session 7672269d08c8a98100f08f8a89755b8f to remote] DEBUG org.apache.http.wire - http-outgoing-20 << "cache-control:no-cache[\r][\n]"
11:23:08.860 [Forwarding findElement on session 7672269d08c8a98100f08f8a89755b8f to remote] DEBUG org.apache.http.wire - http-outgoing-20 << "[\r][\n]"
11:23:08.860 [Forwarding findElement on session 7672269d08c8a98100f08f8a89755b8f to remote] DEBUG org.apache.http.wire - http-outgoing-20 << "{"value":{"element-6066-11e4-a52e-4f735466cecf":"2acaccf5-2059-4a55-b780-8e4fd08ab20b"}}"
11:23:08.860 [Forwarding findElement on session 7672269d08c8a98100f08f8a89755b8f to remote] DEBUG org.apache.http.headers - http-outgoing-20 << HTTP/1.1 200 OK
11:23:08.860 [Forwarding findElement on session 7672269d08c8a98100f08f8a89755b8f to remote] DEBUG org.apache.http.headers - http-outgoing-20 << Content-Length:88
11:23:08.860 [Forwarding findElement on session 7672269d08c8a98100f08f8a89755b8f to remote] DEBUG org.apache.http.headers - http-outgoing-20 << Content-Type:application/json; charset=utf-8
11:23:08.860 [Forwarding findElement on session 7672269d08c8a98100f08f8a89755b8f to remote] DEBUG org.apache.http.headers - http-outgoing-20 << cache-control:no-cache
11:23:08.860 [Forwarding findElement on session 7672269d08c8a98100f08f8a89755b8f to remote] DEBUG org.apache.http.impl.execchain.MainClientExec - Connection can be kept alive indefinitely
11:23:08.860 [Forwarding findElement on session 7672269d08c8a98100f08f8a89755b8f to remote] DEBUG org.apache.http.impl.conn.PoolingHttpClientConnectionManager - Connection [id: 20][route: {}->http://localhost:17689] can be kept alive indefinitely
11:23:08.860 [Forwarding findElement on session 7672269d08c8a98100f08f8a89755b8f to remote] DEBUG org.apache.http.impl.conn.PoolingHttpClientConnectionManager - Connection released: [id: 20][route: {}->http://localhost:17689][total kept alive: 21; route allocated: 1 of 2000; total allocated: 21 of 2000]
11:23:08.861 [Forwarding clickElement on session 7672269d08c8a98100f08f8a89755b8f to remote] DEBUG org.apache.http.client.protocol.RequestAddCookies - CookieSpec selected: default
11:23:08.861 [Forwarding clickElement on session 7672269d08c8a98100f08f8a89755b8f to remote] DEBUG org.apache.http.client.protocol.RequestAuthCache - Auth cache not set in the context
11:23:08.861 [Forwarding clickElement on session 7672269d08c8a98100f08f8a89755b8f to remote] DEBUG org.apache.http.impl.conn.PoolingHttpClientConnectionManager - Connection request: [route: {}->http://localhost:17689][total kept alive: 21; route allocated: 1 of 2000; total allocated: 21 of 2000]
11:23:08.861 [Forwarding clickElement on session 7672269d08c8a98100f08f8a89755b8f to remote] DEBUG org.apache.http.impl.conn.PoolingHttpClientConnectionManager - Connection leased: [id: 20][route: {}->http://localhost:17689][total kept alive: 20; route allocated: 1 of 2000; total allocated: 21 of 2000]
11:23:08.861 [Forwarding clickElement on session 7672269d08c8a98100f08f8a89755b8f to remote] DEBUG org.apache.http.impl.execchain.MainClientExec - Stale connection check
11:23:08.862 [Forwarding clickElement on session 7672269d08c8a98100f08f8a89755b8f to remote] DEBUG org.apache.http.wire - http-outgoing-20 << "[read] I/O error: Read timed out"
11:23:08.862 [Forwarding clickElement on session 7672269d08c8a98100f08f8a89755b8f to remote] DEBUG org.apache.http.impl.conn.DefaultManagedHttpClientConnection - http-outgoing-20: set socket timeout to 10800000
11:23:08.862 [Forwarding clickElement on session 7672269d08c8a98100f08f8a89755b8f to remote] DEBUG org.apache.http.impl.execchain.MainClientExec - Executing request POST /session/7672269d08c8a98100f08f8a89755b8f/element/2acaccf5-2059-4a55-b780-8e4fd08ab20b/click HTTP/1.1
11:23:08.862 [Forwarding clickElement on session 7672269d08c8a98100f08f8a89755b8f to remote] DEBUG org.apache.http.impl.execchain.MainClientExec - Target auth state: UNCHALLENGED
11:23:08.862 [Forwarding clickElement on session 7672269d08c8a98100f08f8a89755b8f to remote] DEBUG org.apache.http.impl.execchain.MainClientExec - Proxy auth state: UNCHALLENGED
11:23:08.862 [Forwarding clickElement on session 7672269d08c8a98100f08f8a89755b8f to remote] DEBUG org.apache.http.headers - http-outgoing-20 >> POST /session/7672269d08c8a98100f08f8a89755b8f/element/2acaccf5-2059-4a55-b780-8e4fd08ab20b/click HTTP/1.1
11:23:08.862 [Forwarding clickElement on session 7672269d08c8a98100f08f8a89755b8f to remote] DEBUG org.apache.http.headers - http-outgoing-20 >> Content-Type: application/json; charset=utf-8
11:23:08.862 [Forwarding clickElement on session 7672269d08c8a98100f08f8a89755b8f to remote] DEBUG org.apache.http.headers - http-outgoing-20 >> Content-Length: 45
11:23:08.862 [Forwarding clickElement on session 7672269d08c8a98100f08f8a89755b8f to remote] DEBUG org.apache.http.headers - http-outgoing-20 >> Host: localhost:17689
11:23:08.862 [Forwarding clickElement on session 7672269d08c8a98100f08f8a89755b8f to remote] DEBUG org.apache.http.headers - http-outgoing-20 >> Connection: Keep-Alive
11:23:08.862 [Forwarding clickElement on session 7672269d08c8a98100f08f8a89755b8f to remote] DEBUG org.apache.http.headers - http-outgoing-20 >> User-Agent: Apache-HttpClient/4.5.3 (Java/1.8.0_211)
11:23:08.862 [Forwarding clickElement on session 7672269d08c8a98100f08f8a89755b8f to remote] DEBUG org.apache.http.headers - http-outgoing-20 >> Accept-Encoding: gzip,deflate
11:23:08.862 [Forwarding clickElement on session 7672269d08c8a98100f08f8a89755b8f to remote] DEBUG org.apache.http.wire - http-outgoing-20 >> "POST /session/7672269d08c8a98100f08f8a89755b8f/element/2acaccf5-2059-4a55-b780-8e4fd08ab20b/click HTTP/1.1[\r][\n]"
11:23:08.862 [Forwarding clickElement on session 7672269d08c8a98100f08f8a89755b8f to remote] DEBUG org.apache.http.wire - http-outgoing-20 >> "Content-Type: application/json; charset=utf-8[\r][\n]"
11:23:08.862 [Forwarding clickElement on session 7672269d08c8a98100f08f8a89755b8f to remote] DEBUG org.apache.http.wire - http-outgoing-20 >> "Content-Length: 45[\r][\n]"
11:23:08.862 [Forwarding clickElement on session 7672269d08c8a98100f08f8a89755b8f to remote] DEBUG org.apache.http.wire - http-outgoing-20 >> "Host: localhost:17689[\r][\n]"
11:23:08.862 [Forwarding clickElement on session 7672269d08c8a98100f08f8a89755b8f to remote] DEBUG org.apache.http.wire - http-outgoing-20 >> "Connection: Keep-Alive[\r][\n]"
11:23:08.862 [Forwarding clickElement on session 7672269d08c8a98100f08f8a89755b8f to remote] DEBUG org.apache.http.wire - http-outgoing-20 >> "User-Agent: Apache-HttpClient/4.5.3 (Java/1.8.0_211)[\r][\n]"
11:23:08.862 [Forwarding clickElement on session 7672269d08c8a98100f08f8a89755b8f to remote] DEBUG org.apache.http.wire - http-outgoing-20 >> "Accept-Encoding: gzip,deflate[\r][\n]"
11:23:08.862 [Forwarding clickElement on session 7672269d08c8a98100f08f8a89755b8f to remote] DEBUG org.apache.http.wire - http-outgoing-20 >> "[\r][\n]"
11:23:08.862 [Forwarding clickElement on session 7672269d08c8a98100f08f8a89755b8f to remote] DEBUG org.apache.http.wire - http-outgoing-20 >> "{"id":"2acaccf5-2059-4a55-b780-8e4fd08ab20b"}"
11:23:08.921 [Forwarding clickElement on session 7672269d08c8a98100f08f8a89755b8f to remote] DEBUG org.apache.http.wire - http-outgoing-20 << "HTTP/1.1 200 OK[\r][\n]"
11:23:08.921 [Forwarding clickElement on session 7672269d08c8a98100f08f8a89755b8f to remote] DEBUG org.apache.http.wire - http-outgoing-20 << "Content-Length:14[\r][\n]"
11:23:08.921 [Forwarding clickElement on session 7672269d08c8a98100f08f8a89755b8f to remote] DEBUG org.apache.http.wire - http-outgoing-20 << "Content-Type:application/json; charset=utf-8[\r][\n]"
11:23:08.921 [Forwarding clickElement on session 7672269d08c8a98100f08f8a89755b8f to remote] DEBUG org.apache.http.wire - http-outgoing-20 << "cache-control:no-cache[\r][\n]"
11:23:08.921 [Forwarding clickElement on session 7672269d08c8a98100f08f8a89755b8f to remote] DEBUG org.apache.http.wire - http-outgoing-20 << "[\r][\n]"
11:23:08.921 [Forwarding clickElement on session 7672269d08c8a98100f08f8a89755b8f to remote] DEBUG org.apache.http.wire - http-outgoing-20 << "{"value":null}"
11:23:08.921 [Forwarding clickElement on session 7672269d08c8a98100f08f8a89755b8f to remote] DEBUG org.apache.http.headers - http-outgoing-20 << HTTP/1.1 200 OK
11:23:08.921 [Forwarding clickElement on session 7672269d08c8a98100f08f8a89755b8f to remote] DEBUG org.apache.http.headers - http-outgoing-20 << Content-Length:14
11:23:08.921 [Forwarding clickElement on session 7672269d08c8a98100f08f8a89755b8f to remote] DEBUG org.apache.http.headers - http-outgoing-20 << Content-Type:application/json; charset=utf-8
11:23:08.921 [Forwarding clickElement on session 7672269d08c8a98100f08f8a89755b8f to remote] DEBUG org.apache.http.headers - http-outgoing-20 << cache-control:no-cache
11:23:08.921 [Forwarding clickElement on session 7672269d08c8a98100f08f8a89755b8f to remote] DEBUG org.apache.http.impl.execchain.MainClientExec - Connection can be kept alive indefinitely
11:23:08.921 [Forwarding clickElement on session 7672269d08c8a98100f08f8a89755b8f to remote] DEBUG org.apache.http.impl.conn.PoolingHttpClientConnectionManager - Connection [id: 20][route: {}->http://localhost:17689] can be kept alive indefinitely
11:23:08.921 [Forwarding clickElement on session 7672269d08c8a98100f08f8a89755b8f to remote] DEBUG org.apache.http.impl.conn.PoolingHttpClientConnectionManager - Connection released: [id: 20][route: {}->http://localhost:17689][total kept alive: 21; route allocated: 1 of 2000; total allocated: 21 of 2000]
11:23:09.122 [Forwarding findElement on session 7672269d08c8a98100f08f8a89755b8f to remote] DEBUG org.apache.http.client.protocol.RequestAddCookies - CookieSpec selected: default
11:23:09.122 [Forwarding findElement on session 7672269d08c8a98100f08f8a89755b8f to remote] DEBUG org.apache.http.client.protocol.RequestAuthCache - Auth cache not set in the context
11:23:09.122 [Forwarding findElement on session 7672269d08c8a98100f08f8a89755b8f to remote] DEBUG org.apache.http.impl.conn.PoolingHttpClientConnectionManager - Connection request: [route: {}->http://localhost:17689][total kept alive: 21; route allocated: 1 of 2000; total allocated: 21 of 2000]
11:23:09.122 [Forwarding findElement on session 7672269d08c8a98100f08f8a89755b8f to remote] DEBUG org.apache.http.impl.conn.PoolingHttpClientConnectionManager - Connection leased: [id: 20][route: {}->http://localhost:17689][total kept alive: 20; route allocated: 1 of 2000; total allocated: 21 of 2000]
11:23:09.122 [Forwarding findElement on session 7672269d08c8a98100f08f8a89755b8f to remote] DEBUG org.apache.http.impl.execchain.MainClientExec - Stale connection check
11:23:09.124 [Forwarding findElement on session 7672269d08c8a98100f08f8a89755b8f to remote] DEBUG org.apache.http.wire - http-outgoing-20 << "[read] I/O error: Read timed out"
11:23:09.124 [Forwarding findElement on session 7672269d08c8a98100f08f8a89755b8f to remote] DEBUG org.apache.http.impl.conn.DefaultManagedHttpClientConnection - http-outgoing-20: set socket timeout to 10800000
11:23:09.124 [Forwarding findElement on session 7672269d08c8a98100f08f8a89755b8f to remote] DEBUG org.apache.http.impl.execchain.MainClientExec - Executing request POST /session/7672269d08c8a98100f08f8a89755b8f/element HTTP/1.1
11:23:09.124 [Forwarding findElement on session 7672269d08c8a98100f08f8a89755b8f to remote] DEBUG org.apache.http.impl.execchain.MainClientExec - Target auth state: UNCHALLENGED
11:23:09.124 [Forwarding findElement on session 7672269d08c8a98100f08f8a89755b8f to remote] DEBUG org.apache.http.impl.execchain.MainClientExec - Proxy auth state: UNCHALLENGED
11:23:09.124 [Forwarding findElement on session 7672269d08c8a98100f08f8a89755b8f to remote] DEBUG org.apache.http.headers - http-outgoing-20 >> POST /session/7672269d08c8a98100f08f8a89755b8f/element HTTP/1.1
11:23:09.124 [Forwarding findElement on session 7672269d08c8a98100f08f8a89755b8f to remote] DEBUG org.apache.http.headers - http-outgoing-20 >> Content-Type: application/json; charset=utf-8
11:23:09.124 [Forwarding findElement on session 7672269d08c8a98100f08f8a89755b8f to remote] DEBUG org.apache.http.headers - http-outgoing-20 >> Content-Length: 48
11:23:09.124 [Forwarding findElement on session 7672269d08c8a98100f08f8a89755b8f to remote] DEBUG org.apache.http.headers - http-outgoing-20 >> Host: localhost:17689
11:23:09.124 [Forwarding findElement on session 7672269d08c8a98100f08f8a89755b8f to remote] DEBUG org.apache.http.headers - http-outgoing-20 >> Connection: Keep-Alive
11:23:09.124 [Forwarding findElement on session 7672269d08c8a98100f08f8a89755b8f to remote] DEBUG org.apache.http.headers - http-outgoing-20 >> User-Agent: Apache-HttpClient/4.5.3 (Java/1.8.0_211)
11:23:09.124 [Forwarding findElement on session 7672269d08c8a98100f08f8a89755b8f to remote] DEBUG org.apache.http.headers - http-outgoing-20 >> Accept-Encoding: gzip,deflate
11:23:09.124 [Forwarding findElement on session 7672269d08c8a98100f08f8a89755b8f to remote] DEBUG org.apache.http.wire - http-outgoing-20 >> "POST /session/7672269d08c8a98100f08f8a89755b8f/element HTTP/1.1[\r][\n]"
11:23:09.124 [Forwarding findElement on session 7672269d08c8a98100f08f8a89755b8f to remote] DEBUG org.apache.http.wire - http-outgoing-20 >> "Content-Type: application/json; charset=utf-8[\r][\n]"
11:23:09.124 [Forwarding findElement on session 7672269d08c8a98100f08f8a89755b8f to remote] DEBUG org.apache.http.wire - http-outgoing-20 >> "Content-Length: 48[\r][\n]"
11:23:09.124 [Forwarding findElement on session 7672269d08c8a98100f08f8a89755b8f to remote] DEBUG org.apache.http.wire - http-outgoing-20 >> "Host: localhost:17689[\r][\n]"
11:23:09.124 [Forwarding findElement on session 7672269d08c8a98100f08f8a89755b8f to remote] DEBUG org.apache.http.wire - http-outgoing-20 >> "Connection: Keep-Alive[\r][\n]"
11:23:09.124 [Forwarding findElement on session 7672269d08c8a98100f08f8a89755b8f to remote] DEBUG org.apache.http.wire - http-outgoing-20 >> "User-Agent: Apache-HttpClient/4.5.3 (Java/1.8.0_211)[\r][\n]"
11:23:09.124 [Forwarding findElement on session 7672269d08c8a98100f08f8a89755b8f to remote] DEBUG org.apache.http.wire - http-outgoing-20 >> "Accept-Encoding: gzip,deflate[\r][\n]"
11:23:09.124 [Forwarding findElement on session 7672269d08c8a98100f08f8a89755b8f to remote] DEBUG org.apache.http.wire - http-outgoing-20 >> "[\r][\n]"
11:23:09.124 [Forwarding findElement on session 7672269d08c8a98100f08f8a89755b8f to remote] DEBUG org.apache.http.wire - http-outgoing-20 >> "{"value":".//form/div[3]/input","using":"xpath"}"
11:23:09.130 [Forwarding findElement on session 7672269d08c8a98100f08f8a89755b8f to remote] DEBUG org.apache.http.wire - http-outgoing-20 << "HTTP/1.1 200 OK[\r][\n]"
11:23:09.130 [Forwarding findElement on session 7672269d08c8a98100f08f8a89755b8f to remote] DEBUG org.apache.http.wire - http-outgoing-20 << "Content-Length:88[\r][\n]"
11:23:09.130 [Forwarding findElement on session 7672269d08c8a98100f08f8a89755b8f to remote] DEBUG org.apache.http.wire - http-outgoing-20 << "Content-Type:application/json; charset=utf-8[\r][\n]"
11:23:09.130 [Forwarding findElement on session 7672269d08c8a98100f08f8a89755b8f to remote] DEBUG org.apache.http.wire - http-outgoing-20 << "cache-control:no-cache[\r][\n]"
11:23:09.130 [Forwarding findElement on session 7672269d08c8a98100f08f8a89755b8f to remote] DEBUG org.apache.http.wire - http-outgoing-20 << "[\r][\n]"
11:23:09.130 [Forwarding findElement on session 7672269d08c8a98100f08f8a89755b8f to remote] DEBUG org.apache.http.wire - http-outgoing-20 << "{"value":{"element-6066-11e4-a52e-4f735466cecf":"5c52c2a0-f3f7-4f85-932f-18831251e478"}}"
11:23:09.130 [Forwarding findElement on session 7672269d08c8a98100f08f8a89755b8f to remote] DEBUG org.apache.http.headers - http-outgoing-20 << HTTP/1.1 200 OK
11:23:09.130 [Forwarding findElement on session 7672269d08c8a98100f08f8a89755b8f to remote] DEBUG org.apache.http.headers - http-outgoing-20 << Content-Length:88
11:23:09.130 [Forwarding findElement on session 7672269d08c8a98100f08f8a89755b8f to remote] DEBUG org.apache.http.headers - http-outgoing-20 << Content-Type:application/json; charset=utf-8
11:23:09.130 [Forwarding findElement on session 7672269d08c8a98100f08f8a89755b8f to remote] DEBUG org.apache.http.headers - http-outgoing-20 << cache-control:no-cache
11:23:09.130 [Forwarding findElement on session 7672269d08c8a98100f08f8a89755b8f to remote] DEBUG org.apache.http.impl.execchain.MainClientExec - Connection can be kept alive indefinitely
11:23:09.130 [Forwarding findElement on session 7672269d08c8a98100f08f8a89755b8f to remote] DEBUG org.apache.http.impl.conn.PoolingHttpClientConnectionManager - Connection [id: 20][route: {}->http://localhost:17689] can be kept alive indefinitely
11:23:09.130 [Forwarding findElement on session 7672269d08c8a98100f08f8a89755b8f to remote] DEBUG org.apache.http.impl.conn.PoolingHttpClientConnectionManager - Connection released: [id: 20][route: {}->http://localhost:17689][total kept alive: 21; route allocated: 1 of 2000; total allocated: 21 of 2000]
11:23:09.130 [Forwarding clickElement on session 7672269d08c8a98100f08f8a89755b8f to remote] DEBUG org.apache.http.client.protocol.RequestAddCookies - CookieSpec selected: default
11:23:09.130 [Forwarding clickElement on session 7672269d08c8a98100f08f8a89755b8f to remote] DEBUG org.apache.http.client.protocol.RequestAuthCache - Auth cache not set in the context
11:23:09.130 [Forwarding clickElement on session 7672269d08c8a98100f08f8a89755b8f to remote] DEBUG org.apache.http.impl.conn.PoolingHttpClientConnectionManager - Connection request: [route: {}->http://localhost:17689][total kept alive: 21; route allocated: 1 of 2000; total allocated: 21 of 2000]
11:23:09.130 [Forwarding clickElement on session 7672269d08c8a98100f08f8a89755b8f to remote] DEBUG org.apache.http.impl.conn.PoolingHttpClientConnectionManager - Connection leased: [id: 20][route: {}->http://localhost:17689][total kept alive: 20; route allocated: 1 of 2000; total allocated: 21 of 2000]
11:23:09.130 [Forwarding clickElement on session 7672269d08c8a98100f08f8a89755b8f to remote] DEBUG org.apache.http.impl.execchain.MainClientExec - Stale connection check
11:23:09.131 [Forwarding clickElement on session 7672269d08c8a98100f08f8a89755b8f to remote] DEBUG org.apache.http.wire - http-outgoing-20 << "[read] I/O error: Read timed out"
11:23:09.132 [Forwarding clickElement on session 7672269d08c8a98100f08f8a89755b8f to remote] DEBUG org.apache.http.impl.conn.DefaultManagedHttpClientConnection - http-outgoing-20: set socket timeout to 10800000
11:23:09.132 [Forwarding clickElement on session 7672269d08c8a98100f08f8a89755b8f to remote] DEBUG org.apache.http.impl.execchain.MainClientExec - Executing request POST /session/7672269d08c8a98100f08f8a89755b8f/element/5c52c2a0-f3f7-4f85-932f-18831251e478/click HTTP/1.1
11:23:09.132 [Forwarding clickElement on session 7672269d08c8a98100f08f8a89755b8f to remote] DEBUG org.apache.http.impl.execchain.MainClientExec - Target auth state: UNCHALLENGED
11:23:09.132 [Forwarding clickElement on session 7672269d08c8a98100f08f8a89755b8f to remote] DEBUG org.apache.http.impl.execchain.MainClientExec - Proxy auth state: UNCHALLENGED
11:23:09.132 [Forwarding clickElement on session 7672269d08c8a98100f08f8a89755b8f to remote] DEBUG org.apache.http.headers - http-outgoing-20 >> POST /session/7672269d08c8a98100f08f8a89755b8f/element/5c52c2a0-f3f7-4f85-932f-18831251e478/click HTTP/1.1
11:23:09.132 [Forwarding clickElement on session 7672269d08c8a98100f08f8a89755b8f to remote] DEBUG org.apache.http.headers - http-outgoing-20 >> Content-Type: application/json; charset=utf-8
11:23:09.132 [Forwarding clickElement on session 7672269d08c8a98100f08f8a89755b8f to remote] DEBUG org.apache.http.headers - http-outgoing-20 >> Content-Length: 45
11:23:09.132 [Forwarding clickElement on session 7672269d08c8a98100f08f8a89755b8f to remote] DEBUG org.apache.http.headers - http-outgoing-20 >> Host: localhost:17689
11:23:09.132 [Forwarding clickElement on session 7672269d08c8a98100f08f8a89755b8f to remote] DEBUG org.apache.http.headers - http-outgoing-20 >> Connection: Keep-Alive
11:23:09.132 [Forwarding clickElement on session 7672269d08c8a98100f08f8a89755b8f to remote] DEBUG org.apache.http.headers - http-outgoing-20 >> User-Agent: Apache-HttpClient/4.5.3 (Java/1.8.0_211)
11:23:09.132 [Forwarding clickElement on session 7672269d08c8a98100f08f8a89755b8f to remote] DEBUG org.apache.http.headers - http-outgoing-20 >> Accept-Encoding: gzip,deflate
11:23:09.132 [Forwarding clickElement on session 7672269d08c8a98100f08f8a89755b8f to remote] DEBUG org.apache.http.wire - http-outgoing-20 >> "POST /session/7672269d08c8a98100f08f8a89755b8f/element/5c52c2a0-f3f7-4f85-932f-18831251e478/click HTTP/1.1[\r][\n]"
11:23:09.132 [Forwarding clickElement on session 7672269d08c8a98100f08f8a89755b8f to remote] DEBUG org.apache.http.wire - http-outgoing-20 >> "Content-Type: application/json; charset=utf-8[\r][\n]"
11:23:09.132 [Forwarding clickElement on session 7672269d08c8a98100f08f8a89755b8f to remote] DEBUG org.apache.http.wire - http-outgoing-20 >> "Content-Length: 45[\r][\n]"
11:23:09.132 [Forwarding clickElement on session 7672269d08c8a98100f08f8a89755b8f to remote] DEBUG org.apache.http.wire - http-outgoing-20 >> "Host: localhost:17689[\r][\n]"
11:23:09.132 [Forwarding clickElement on session 7672269d08c8a98100f08f8a89755b8f to remote] DEBUG org.apache.http.wire - http-outgoing-20 >> "Connection: Keep-Alive[\r][\n]"
11:23:09.132 [Forwarding clickElement on session 7672269d08c8a98100f08f8a89755b8f to remote] DEBUG org.apache.http.wire - http-outgoing-20 >> "User-Agent: Apache-HttpClient/4.5.3 (Java/1.8.0_211)[\r][\n]"
11:23:09.132 [Forwarding clickElement on session 7672269d08c8a98100f08f8a89755b8f to remote] DEBUG org.apache.http.wire - http-outgoing-20 >> "Accept-Encoding: gzip,deflate[\r][\n]"
11:23:09.132 [Forwarding clickElement on session 7672269d08c8a98100f08f8a89755b8f to remote] DEBUG org.apache.http.wire - http-outgoing-20 >> "[\r][\n]"
11:23:09.132 [Forwarding clickElement on session 7672269d08c8a98100f08f8a89755b8f to remote] DEBUG org.apache.http.wire - http-outgoing-20 >> "{"id":"5c52c2a0-f3f7-4f85-932f-18831251e478"}"
11:23:09.176 [Forwarding clickElement on session 7672269d08c8a98100f08f8a89755b8f to remote] DEBUG org.apache.http.wire - http-outgoing-20 << "HTTP/1.1 200 OK[\r][\n]"
11:23:09.176 [Forwarding clickElement on session 7672269d08c8a98100f08f8a89755b8f to remote] DEBUG org.apache.http.wire - http-outgoing-20 << "Content-Length:14[\r][\n]"
11:23:09.176 [Forwarding clickElement on session 7672269d08c8a98100f08f8a89755b8f to remote] DEBUG org.apache.http.wire - http-outgoing-20 << "Content-Type:application/json; charset=utf-8[\r][\n]"
11:23:09.176 [Forwarding clickElement on session 7672269d08c8a98100f08f8a89755b8f to remote] DEBUG org.apache.http.wire - http-outgoing-20 << "cache-control:no-cache[\r][\n]"
11:23:09.176 [Forwarding clickElement on session 7672269d08c8a98100f08f8a89755b8f to remote] DEBUG org.apache.http.wire - http-outgoing-20 << "[\r][\n]"
11:23:09.176 [Forwarding clickElement on session 7672269d08c8a98100f08f8a89755b8f to remote] DEBUG org.apache.http.wire - http-outgoing-20 << "{"value":null}"
11:23:09.176 [Forwarding clickElement on session 7672269d08c8a98100f08f8a89755b8f to remote] DEBUG org.apache.http.headers - http-outgoing-20 << HTTP/1.1 200 OK
11:23:09.176 [Forwarding clickElement on session 7672269d08c8a98100f08f8a89755b8f to remote] DEBUG org.apache.http.headers - http-outgoing-20 << Content-Length:14
11:23:09.176 [Forwarding clickElement on session 7672269d08c8a98100f08f8a89755b8f to remote] DEBUG org.apache.http.headers - http-outgoing-20 << Content-Type:application/json; charset=utf-8
11:23:09.176 [Forwarding clickElement on session 7672269d08c8a98100f08f8a89755b8f to remote] DEBUG org.apache.http.headers - http-outgoing-20 << cache-control:no-cache
11:23:09.176 [Forwarding clickElement on session 7672269d08c8a98100f08f8a89755b8f to remote] DEBUG org.apache.http.impl.execchain.MainClientExec - Connection can be kept alive indefinitely
11:23:09.176 [Forwarding clickElement on session 7672269d08c8a98100f08f8a89755b8f to remote] DEBUG org.apache.http.impl.conn.PoolingHttpClientConnectionManager - Connection [id: 20][route: {}->http://localhost:17689] can be kept alive indefinitely
11:23:09.176 [Forwarding clickElement on session 7672269d08c8a98100f08f8a89755b8f to remote] DEBUG org.apache.http.impl.conn.PoolingHttpClientConnectionManager - Connection released: [id: 20][route: {}->http://localhost:17689][total kept alive: 21; route allocated: 1 of 2000; total allocated: 21 of 2000]
11:23:09.177 [Forwarding findElement on session 7672269d08c8a98100f08f8a89755b8f to remote] DEBUG org.apache.http.client.protocol.RequestAddCookies - CookieSpec selected: default
11:23:09.177 [Forwarding findElement on session 7672269d08c8a98100f08f8a89755b8f to remote] DEBUG org.apache.http.client.protocol.RequestAuthCache - Auth cache not set in the context
11:23:09.177 [Forwarding findElement on session 7672269d08c8a98100f08f8a89755b8f to remote] DEBUG org.apache.http.impl.conn.PoolingHttpClientConnectionManager - Connection request: [route: {}->http://localhost:17689][total kept alive: 21; route allocated: 1 of 2000; total allocated: 21 of 2000]
11:23:09.177 [Forwarding findElement on session 7672269d08c8a98100f08f8a89755b8f to remote] DEBUG org.apache.http.impl.conn.PoolingHttpClientConnectionManager - Connection leased: [id: 20][route: {}->http://localhost:17689][total kept alive: 20; route allocated: 1 of 2000; total allocated: 21 of 2000]
11:23:09.177 [Forwarding findElement on session 7672269d08c8a98100f08f8a89755b8f to remote] DEBUG org.apache.http.impl.execchain.MainClientExec - Stale connection check
11:23:09.178 [Forwarding findElement on session 7672269d08c8a98100f08f8a89755b8f to remote] DEBUG org.apache.http.wire - http-outgoing-20 << "[read] I/O error: Read timed out"
11:23:09.178 [Forwarding findElement on session 7672269d08c8a98100f08f8a89755b8f to remote] DEBUG org.apache.http.impl.conn.DefaultManagedHttpClientConnection - http-outgoing-20: set socket timeout to 10800000
11:23:09.178 [Forwarding findElement on session 7672269d08c8a98100f08f8a89755b8f to remote] DEBUG org.apache.http.impl.execchain.MainClientExec - Executing request POST /session/7672269d08c8a98100f08f8a89755b8f/element HTTP/1.1
11:23:09.178 [Forwarding findElement on session 7672269d08c8a98100f08f8a89755b8f to remote] DEBUG org.apache.http.impl.execchain.MainClientExec - Target auth state: UNCHALLENGED
11:23:09.178 [Forwarding findElement on session 7672269d08c8a98100f08f8a89755b8f to remote] DEBUG org.apache.http.impl.execchain.MainClientExec - Proxy auth state: UNCHALLENGED
11:23:09.178 [Forwarding findElement on session 7672269d08c8a98100f08f8a89755b8f to remote] DEBUG org.apache.http.headers - http-outgoing-20 >> POST /session/7672269d08c8a98100f08f8a89755b8f/element HTTP/1.1
11:23:09.178 [Forwarding findElement on session 7672269d08c8a98100f08f8a89755b8f to remote] DEBUG org.apache.http.headers - http-outgoing-20 >> Content-Type: application/json; charset=utf-8
11:23:09.178 [Forwarding findElement on session 7672269d08c8a98100f08f8a89755b8f to remote] DEBUG org.apache.http.headers - http-outgoing-20 >> Content-Length: 47
11:23:09.178 [Forwarding findElement on session 7672269d08c8a98100f08f8a89755b8f to remote] DEBUG org.apache.http.headers - http-outgoing-20 >> Host: localhost:17689
11:23:09.178 [Forwarding findElement on session 7672269d08c8a98100f08f8a89755b8f to remote] DEBUG org.apache.http.headers - http-outgoing-20 >> Connection: Keep-Alive
11:23:09.178 [Forwarding findElement on session 7672269d08c8a98100f08f8a89755b8f to remote] DEBUG org.apache.http.headers - http-outgoing-20 >> User-Agent: Apache-HttpClient/4.5.3 (Java/1.8.0_211)
11:23:09.178 [Forwarding findElement on session 7672269d08c8a98100f08f8a89755b8f to remote] DEBUG org.apache.http.headers - http-outgoing-20 >> Accept-Encoding: gzip,deflate
11:23:09.178 [Forwarding findElement on session 7672269d08c8a98100f08f8a89755b8f to remote] DEBUG org.apache.http.wire - http-outgoing-20 >> "POST /session/7672269d08c8a98100f08f8a89755b8f/element HTTP/1.1[\r][\n]"
11:23:09.178 [Forwarding findElement on session 7672269d08c8a98100f08f8a89755b8f to remote] DEBUG org.apache.http.wire - http-outgoing-20 >> "Content-Type: application/json; charset=utf-8[\r][\n]"
11:23:09.178 [Forwarding findElement on session 7672269d08c8a98100f08f8a89755b8f to remote] DEBUG org.apache.http.wire - http-outgoing-20 >> "Content-Length: 47[\r][\n]"
11:23:09.178 [Forwarding findElement on session 7672269d08c8a98100f08f8a89755b8f to remote] DEBUG org.apache.http.wire - http-outgoing-20 >> "Host: localhost:17689[\r][\n]"
11:23:09.178 [Forwarding findElement on session 7672269d08c8a98100f08f8a89755b8f to remote] DEBUG org.apache.http.wire - http-outgoing-20 >> "Connection: Keep-Alive[\r][\n]"
11:23:09.178 [Forwarding findElement on session 7672269d08c8a98100f08f8a89755b8f to remote] DEBUG org.apache.http.wire - http-outgoing-20 >> "User-Agent: Apache-HttpClient/4.5.3 (Java/1.8.0_211)[\r][\n]"
11:23:09.178 [Forwarding findElement on session 7672269d08c8a98100f08f8a89755b8f to remote] DEBUG org.apache.http.wire - http-outgoing-20 >> "Accept-Encoding: gzip,deflate[\r][\n]"
11:23:09.178 [Forwarding findElement on session 7672269d08c8a98100f08f8a89755b8f to remote] DEBUG org.apache.http.wire - http-outgoing-20 >> "[\r][\n]"
11:23:09.178 [Forwarding findElement on session 7672269d08c8a98100f08f8a89755b8f to remote] DEBUG org.apache.http.wire - http-outgoing-20 >> "{"value":"//form/div[3]/input","using":"xpath"}"
11:23:09.184 [Forwarding findElement on session 7672269d08c8a98100f08f8a89755b8f to remote] DEBUG org.apache.http.wire - http-outgoing-20 << "HTTP/1.1 200 OK[\r][\n]"
11:23:09.184 [Forwarding findElement on session 7672269d08c8a98100f08f8a89755b8f to remote] DEBUG org.apache.http.wire - http-outgoing-20 << "Content-Length:88[\r][\n]"
11:23:09.184 [Forwarding findElement on session 7672269d08c8a98100f08f8a89755b8f to remote] DEBUG org.apache.http.wire - http-outgoing-20 << "Content-Type:application/json; charset=utf-8[\r][\n]"
11:23:09.184 [Forwarding findElement on session 7672269d08c8a98100f08f8a89755b8f to remote] DEBUG org.apache.http.wire - http-outgoing-20 << "cache-control:no-cache[\r][\n]"
11:23:09.184 [Forwarding findElement on session 7672269d08c8a98100f08f8a89755b8f to remote] DEBUG org.apache.http.wire - http-outgoing-20 << "[\r][\n]"
11:23:09.184 [Forwarding findElement on session 7672269d08c8a98100f08f8a89755b8f to remote] DEBUG org.apache.http.wire - http-outgoing-20 << "{"value":{"element-6066-11e4-a52e-4f735466cecf":"5c52c2a0-f3f7-4f85-932f-18831251e478"}}"
11:23:09.184 [Forwarding findElement on session 7672269d08c8a98100f08f8a89755b8f to remote] DEBUG org.apache.http.headers - http-outgoing-20 << HTTP/1.1 200 OK
11:23:09.184 [Forwarding findElement on session 7672269d08c8a98100f08f8a89755b8f to remote] DEBUG org.apache.http.headers - http-outgoing-20 << Content-Length:88
11:23:09.184 [Forwarding findElement on session 7672269d08c8a98100f08f8a89755b8f to remote] DEBUG org.apache.http.headers - http-outgoing-20 << Content-Type:application/json; charset=utf-8
11:23:09.184 [Forwarding findElement on session 7672269d08c8a98100f08f8a89755b8f to remote] DEBUG org.apache.http.headers - http-outgoing-20 << cache-control:no-cache
11:23:09.184 [Forwarding findElement on session 7672269d08c8a98100f08f8a89755b8f to remote] DEBUG org.apache.http.impl.execchain.MainClientExec - Connection can be kept alive indefinitely
11:23:09.184 [Forwarding findElement on session 7672269d08c8a98100f08f8a89755b8f to remote] DEBUG org.apache.http.impl.conn.PoolingHttpClientConnectionManager - Connection [id: 20][route: {}->http://localhost:17689] can be kept alive indefinitely
11:23:09.184 [Forwarding findElement on session 7672269d08c8a98100f08f8a89755b8f to remote] DEBUG org.apache.http.impl.conn.PoolingHttpClientConnectionManager - Connection released: [id: 20][route: {}->http://localhost:17689][total kept alive: 21; route allocated: 1 of 2000; total allocated: 21 of 2000]
11:23:09.185 [Forwarding sendKeysToElement on session 7672269d08c8a98100f08f8a89755b8f to remote] DEBUG org.apache.http.client.protocol.RequestAddCookies - CookieSpec selected: default
11:23:09.185 [Forwarding sendKeysToElement on session 7672269d08c8a98100f08f8a89755b8f to remote] DEBUG org.apache.http.client.protocol.RequestAuthCache - Auth cache not set in the context
11:23:09.185 [Forwarding sendKeysToElement on session 7672269d08c8a98100f08f8a89755b8f to remote] DEBUG org.apache.http.impl.conn.PoolingHttpClientConnectionManager - Connection request: [route: {}->http://localhost:17689][total kept alive: 21; route allocated: 1 of 2000; total allocated: 21 of 2000]
11:23:09.185 [Forwarding sendKeysToElement on session 7672269d08c8a98100f08f8a89755b8f to remote] DEBUG org.apache.http.impl.conn.PoolingHttpClientConnectionManager - Connection leased: [id: 20][route: {}->http://localhost:17689][total kept alive: 20; route allocated: 1 of 2000; total allocated: 21 of 2000]
11:23:09.185 [Forwarding sendKeysToElement on session 7672269d08c8a98100f08f8a89755b8f to remote] DEBUG org.apache.http.impl.execchain.MainClientExec - Stale connection check
11:23:09.186 [Forwarding sendKeysToElement on session 7672269d08c8a98100f08f8a89755b8f to remote] DEBUG org.apache.http.wire - http-outgoing-20 << "[read] I/O error: Read timed out"
11:23:09.186 [Forwarding sendKeysToElement on session 7672269d08c8a98100f08f8a89755b8f to remote] DEBUG org.apache.http.impl.conn.DefaultManagedHttpClientConnection - http-outgoing-20: set socket timeout to 10800000
11:23:09.186 [Forwarding sendKeysToElement on session 7672269d08c8a98100f08f8a89755b8f to remote] DEBUG org.apache.http.impl.execchain.MainClientExec - Executing request POST /session/7672269d08c8a98100f08f8a89755b8f/element/5c52c2a0-f3f7-4f85-932f-18831251e478/value HTTP/1.1
11:23:09.186 [Forwarding sendKeysToElement on session 7672269d08c8a98100f08f8a89755b8f to remote] DEBUG org.apache.http.impl.execchain.MainClientExec - Target auth state: UNCHALLENGED
11:23:09.186 [Forwarding sendKeysToElement on session 7672269d08c8a98100f08f8a89755b8f to remote] DEBUG org.apache.http.impl.execchain.MainClientExec - Proxy auth state: UNCHALLENGED
11:23:09.186 [Forwarding sendKeysToElement on session 7672269d08c8a98100f08f8a89755b8f to remote] DEBUG org.apache.http.headers - http-outgoing-20 >> POST /session/7672269d08c8a98100f08f8a89755b8f/element/5c52c2a0-f3f7-4f85-932f-18831251e478/value HTTP/1.1
11:23:09.186 [Forwarding sendKeysToElement on session 7672269d08c8a98100f08f8a89755b8f to remote] DEBUG org.apache.http.headers - http-outgoing-20 >> Content-Type: application/json; charset=utf-8
11:23:09.186 [Forwarding sendKeysToElement on session 7672269d08c8a98100f08f8a89755b8f to remote] DEBUG org.apache.http.headers - http-outgoing-20 >> Content-Length: 70
11:23:09.186 [Forwarding sendKeysToElement on session 7672269d08c8a98100f08f8a89755b8f to remote] DEBUG org.apache.http.headers - http-outgoing-20 >> Host: localhost:17689
11:23:09.186 [Forwarding sendKeysToElement on session 7672269d08c8a98100f08f8a89755b8f to remote] DEBUG org.apache.http.headers - http-outgoing-20 >> Connection: Keep-Alive
11:23:09.186 [Forwarding sendKeysToElement on session 7672269d08c8a98100f08f8a89755b8f to remote] DEBUG org.apache.http.headers - http-outgoing-20 >> User-Agent: Apache-HttpClient/4.5.3 (Java/1.8.0_211)
11:23:09.186 [Forwarding sendKeysToElement on session 7672269d08c8a98100f08f8a89755b8f to remote] DEBUG org.apache.http.headers - http-outgoing-20 >> Accept-Encoding: gzip,deflate
11:23:09.186 [Forwarding sendKeysToElement on session 7672269d08c8a98100f08f8a89755b8f to remote] DEBUG org.apache.http.wire - http-outgoing-20 >> "POST /session/7672269d08c8a98100f08f8a89755b8f/element/5c52c2a0-f3f7-4f85-932f-18831251e478/value HTTP/1.1[\r][\n]"
11:23:09.186 [Forwarding sendKeysToElement on session 7672269d08c8a98100f08f8a89755b8f to remote] DEBUG org.apache.http.wire - http-outgoing-20 >> "Content-Type: application/json; charset=utf-8[\r][\n]"
11:23:09.186 [Forwarding sendKeysToElement on session 7672269d08c8a98100f08f8a89755b8f to remote] DEBUG org.apache.http.wire - http-outgoing-20 >> "Content-Length: 70[\r][\n]"
11:23:09.186 [Forwarding sendKeysToElement on session 7672269d08c8a98100f08f8a89755b8f to remote] DEBUG org.apache.http.wire - http-outgoing-20 >> "Host: localhost:17689[\r][\n]"
11:23:09.186 [Forwarding sendKeysToElement on session 7672269d08c8a98100f08f8a89755b8f to remote] DEBUG org.apache.http.wire - http-outgoing-20 >> "Connection: Keep-Alive[\r][\n]"
11:23:09.186 [Forwarding sendKeysToElement on session 7672269d08c8a98100f08f8a89755b8f to remote] DEBUG org.apache.http.wire - http-outgoing-20 >> "User-Agent: Apache-HttpClient/4.5.3 (Java/1.8.0_211)[\r][\n]"
11:23:09.186 [Forwarding sendKeysToElement on session 7672269d08c8a98100f08f8a89755b8f to remote] DEBUG org.apache.http.wire - http-outgoing-20 >> "Accept-Encoding: gzip,deflate[\r][\n]"
11:23:09.186 [Forwarding sendKeysToElement on session 7672269d08c8a98100f08f8a89755b8f to remote] DEBUG org.apache.http.wire - http-outgoing-20 >> "[\r][\n]"
11:23:09.186 [Forwarding sendKeysToElement on session 7672269d08c8a98100f08f8a89755b8f to remote] DEBUG org.apache.http.wire - http-outgoing-20 >> "{"id":"5c52c2a0-f3f7-4f85-932f-18831251e478","text":"1","value":["1"]}"
11:23:09.199 [Forwarding sendKeysToElement on session 7672269d08c8a98100f08f8a89755b8f to remote] DEBUG org.apache.http.wire - http-outgoing-20 << "HTTP/1.1 200 OK[\r][\n]"
11:23:09.199 [Forwarding sendKeysToElement on session 7672269d08c8a98100f08f8a89755b8f to remote] DEBUG org.apache.http.wire - http-outgoing-20 << "Content-Length:14[\r][\n]"
11:23:09.199 [Forwarding sendKeysToElement on session 7672269d08c8a98100f08f8a89755b8f to remote] DEBUG org.apache.http.wire - http-outgoing-20 << "Content-Type:application/json; charset=utf-8[\r][\n]"
11:23:09.199 [Forwarding sendKeysToElement on session 7672269d08c8a98100f08f8a89755b8f to remote] DEBUG org.apache.http.wire - http-outgoing-20 << "cache-control:no-cache[\r][\n]"
11:23:09.199 [Forwarding sendKeysToElement on session 7672269d08c8a98100f08f8a89755b8f to remote] DEBUG org.apache.http.wire - http-outgoing-20 << "[\r][\n]"
11:23:09.199 [Forwarding sendKeysToElement on session 7672269d08c8a98100f08f8a89755b8f to remote] DEBUG org.apache.http.wire - http-outgoing-20 << "{"value":null}"
11:23:09.199 [Forwarding sendKeysToElement on session 7672269d08c8a98100f08f8a89755b8f to remote] DEBUG org.apache.http.headers - http-outgoing-20 << HTTP/1.1 200 OK
11:23:09.199 [Forwarding sendKeysToElement on session 7672269d08c8a98100f08f8a89755b8f to remote] DEBUG org.apache.http.headers - http-outgoing-20 << Content-Length:14
11:23:09.199 [Forwarding sendKeysToElement on session 7672269d08c8a98100f08f8a89755b8f to remote] DEBUG org.apache.http.headers - http-outgoing-20 << Content-Type:application/json; charset=utf-8
11:23:09.199 [Forwarding sendKeysToElement on session 7672269d08c8a98100f08f8a89755b8f to remote] DEBUG org.apache.http.headers - http-outgoing-20 << cache-control:no-cache
11:23:09.199 [Forwarding sendKeysToElement on session 7672269d08c8a98100f08f8a89755b8f to remote] DEBUG org.apache.http.impl.execchain.MainClientExec - Connection can be kept alive indefinitely
11:23:09.199 [Forwarding sendKeysToElement on session 7672269d08c8a98100f08f8a89755b8f to remote] DEBUG org.apache.http.impl.conn.PoolingHttpClientConnectionManager - Connection [id: 20][route: {}->http://localhost:17689] can be kept alive indefinitely
11:23:09.199 [Forwarding sendKeysToElement on session 7672269d08c8a98100f08f8a89755b8f to remote] DEBUG org.apache.http.impl.conn.PoolingHttpClientConnectionManager - Connection released: [id: 20][route: {}->http://localhost:17689][total kept alive: 21; route allocated: 1 of 2000; total allocated: 21 of 2000]
11:23:09.403 [Forwarding findElement on session 7672269d08c8a98100f08f8a89755b8f to remote] DEBUG org.apache.http.client.protocol.RequestAddCookies - CookieSpec selected: default
11:23:09.403 [Forwarding findElement on session 7672269d08c8a98100f08f8a89755b8f to remote] DEBUG org.apache.http.client.protocol.RequestAuthCache - Auth cache not set in the context
11:23:09.403 [Forwarding findElement on session 7672269d08c8a98100f08f8a89755b8f to remote] DEBUG org.apache.http.impl.conn.PoolingHttpClientConnectionManager - Connection request: [route: {}->http://localhost:17689][total kept alive: 21; route allocated: 1 of 2000; total allocated: 21 of 2000]
11:23:09.403 [Forwarding findElement on session 7672269d08c8a98100f08f8a89755b8f to remote] DEBUG org.apache.http.impl.conn.PoolingHttpClientConnectionManager - Connection leased: [id: 20][route: {}->http://localhost:17689][total kept alive: 20; route allocated: 1 of 2000; total allocated: 21 of 2000]
11:23:09.403 [Forwarding findElement on session 7672269d08c8a98100f08f8a89755b8f to remote] DEBUG org.apache.http.impl.execchain.MainClientExec - Stale connection check
11:23:09.404 [Forwarding findElement on session 7672269d08c8a98100f08f8a89755b8f to remote] DEBUG org.apache.http.wire - http-outgoing-20 << "[read] I/O error: Read timed out"
11:23:09.404 [Forwarding findElement on session 7672269d08c8a98100f08f8a89755b8f to remote] DEBUG org.apache.http.impl.conn.DefaultManagedHttpClientConnection - http-outgoing-20: set socket timeout to 10800000
11:23:09.404 [Forwarding findElement on session 7672269d08c8a98100f08f8a89755b8f to remote] DEBUG org.apache.http.impl.execchain.MainClientExec - Executing request POST /session/7672269d08c8a98100f08f8a89755b8f/element HTTP/1.1
11:23:09.404 [Forwarding findElement on session 7672269d08c8a98100f08f8a89755b8f to remote] DEBUG org.apache.http.impl.execchain.MainClientExec - Target auth state: UNCHALLENGED
11:23:09.404 [Forwarding findElement on session 7672269d08c8a98100f08f8a89755b8f to remote] DEBUG org.apache.http.impl.execchain.MainClientExec - Proxy auth state: UNCHALLENGED
11:23:09.404 [Forwarding findElement on session 7672269d08c8a98100f08f8a89755b8f to remote] DEBUG org.apache.http.headers - http-outgoing-20 >> POST /session/7672269d08c8a98100f08f8a89755b8f/element HTTP/1.1
11:23:09.404 [Forwarding findElement on session 7672269d08c8a98100f08f8a89755b8f to remote] DEBUG org.apache.http.headers - http-outgoing-20 >> Content-Type: application/json; charset=utf-8
11:23:09.404 [Forwarding findElement on session 7672269d08c8a98100f08f8a89755b8f to remote] DEBUG org.apache.http.headers - http-outgoing-20 >> Content-Length: 41
11:23:09.404 [Forwarding findElement on session 7672269d08c8a98100f08f8a89755b8f to remote] DEBUG org.apache.http.headers - http-outgoing-20 >> Host: localhost:17689
11:23:09.404 [Forwarding findElement on session 7672269d08c8a98100f08f8a89755b8f to remote] DEBUG org.apache.http.headers - http-outgoing-20 >> Connection: Keep-Alive
11:23:09.404 [Forwarding findElement on session 7672269d08c8a98100f08f8a89755b8f to remote] DEBUG org.apache.http.headers - http-outgoing-20 >> User-Agent: Apache-HttpClient/4.5.3 (Java/1.8.0_211)
11:23:09.404 [Forwarding findElement on session 7672269d08c8a98100f08f8a89755b8f to remote] DEBUG org.apache.http.headers - http-outgoing-20 >> Accept-Encoding: gzip,deflate
11:23:09.404 [Forwarding findElement on session 7672269d08c8a98100f08f8a89755b8f to remote] DEBUG org.apache.http.wire - http-outgoing-20 >> "POST /session/7672269d08c8a98100f08f8a89755b8f/element HTTP/1.1[\r][\n]"
11:23:09.404 [Forwarding findElement on session 7672269d08c8a98100f08f8a89755b8f to remote] DEBUG org.apache.http.wire - http-outgoing-20 >> "Content-Type: application/json; charset=utf-8[\r][\n]"
11:23:09.404 [Forwarding findElement on session 7672269d08c8a98100f08f8a89755b8f to remote] DEBUG org.apache.http.wire - http-outgoing-20 >> "Content-Length: 41[\r][\n]"
11:23:09.404 [Forwarding findElement on session 7672269d08c8a98100f08f8a89755b8f to remote] DEBUG org.apache.http.wire - http-outgoing-20 >> "Host: localhost:17689[\r][\n]"
11:23:09.404 [Forwarding findElement on session 7672269d08c8a98100f08f8a89755b8f to remote] DEBUG org.apache.http.wire - http-outgoing-20 >> "Connection: Keep-Alive[\r][\n]"
11:23:09.404 [Forwarding findElement on session 7672269d08c8a98100f08f8a89755b8f to remote] DEBUG org.apache.http.wire - http-outgoing-20 >> "User-Agent: Apache-HttpClient/4.5.3 (Java/1.8.0_211)[\r][\n]"
11:23:09.404 [Forwarding findElement on session 7672269d08c8a98100f08f8a89755b8f to remote] DEBUG org.apache.http.wire - http-outgoing-20 >> "Accept-Encoding: gzip,deflate[\r][\n]"
11:23:09.404 [Forwarding findElement on session 7672269d08c8a98100f08f8a89755b8f to remote] DEBUG org.apache.http.wire - http-outgoing-20 >> "[\r][\n]"
11:23:09.404 [Forwarding findElement on session 7672269d08c8a98100f08f8a89755b8f to remote] DEBUG org.apache.http.wire - http-outgoing-20 >> "{"value":"//form/button","using":"xpath"}"
11:23:09.428 [Forwarding findElement on session 7672269d08c8a98100f08f8a89755b8f to remote] DEBUG org.apache.http.wire - http-outgoing-20 << "HTTP/1.1 200 OK[\r][\n]"
11:23:09.428 [Forwarding findElement on session 7672269d08c8a98100f08f8a89755b8f to remote] DEBUG org.apache.http.wire - http-outgoing-20 << "Content-Length:88[\r][\n]"
11:23:09.428 [Forwarding findElement on session 7672269d08c8a98100f08f8a89755b8f to remote] DEBUG org.apache.http.wire - http-outgoing-20 << "Content-Type:application/json; charset=utf-8[\r][\n]"
11:23:09.428 [Forwarding findElement on session 7672269d08c8a98100f08f8a89755b8f to remote] DEBUG org.apache.http.wire - http-outgoing-20 << "cache-control:no-cache[\r][\n]"
11:23:09.428 [Forwarding findElement on session 7672269d08c8a98100f08f8a89755b8f to remote] DEBUG org.apache.http.wire - http-outgoing-20 << "[\r][\n]"
11:23:09.428 [Forwarding findElement on session 7672269d08c8a98100f08f8a89755b8f to remote] DEBUG org.apache.http.wire - http-outgoing-20 << "{"value":{"element-6066-11e4-a52e-4f735466cecf":"078c4251-9994-49f8-a51e-56db8b019758"}}"
11:23:09.428 [Forwarding findElement on session 7672269d08c8a98100f08f8a89755b8f to remote] DEBUG org.apache.http.headers - http-outgoing-20 << HTTP/1.1 200 OK
11:23:09.428 [Forwarding findElement on session 7672269d08c8a98100f08f8a89755b8f to remote] DEBUG org.apache.http.headers - http-outgoing-20 << Content-Length:88
11:23:09.428 [Forwarding findElement on session 7672269d08c8a98100f08f8a89755b8f to remote] DEBUG org.apache.http.headers - http-outgoing-20 << Content-Type:application/json; charset=utf-8
11:23:09.428 [Forwarding findElement on session 7672269d08c8a98100f08f8a89755b8f to remote] DEBUG org.apache.http.headers - http-outgoing-20 << cache-control:no-cache
11:23:09.428 [Forwarding findElement on session 7672269d08c8a98100f08f8a89755b8f to remote] DEBUG org.apache.http.impl.execchain.MainClientExec - Connection can be kept alive indefinitely
11:23:09.428 [Forwarding findElement on session 7672269d08c8a98100f08f8a89755b8f to remote] DEBUG org.apache.http.impl.conn.PoolingHttpClientConnectionManager - Connection [id: 20][route: {}->http://localhost:17689] can be kept alive indefinitely
11:23:09.428 [Forwarding findElement on session 7672269d08c8a98100f08f8a89755b8f to remote] DEBUG org.apache.http.impl.conn.PoolingHttpClientConnectionManager - Connection released: [id: 20][route: {}->http://localhost:17689][total kept alive: 21; route allocated: 1 of 2000; total allocated: 21 of 2000]
11:23:09.428 [Forwarding clickElement on session 7672269d08c8a98100f08f8a89755b8f to remote] DEBUG org.apache.http.client.protocol.RequestAddCookies - CookieSpec selected: default
11:23:09.428 [Forwarding clickElement on session 7672269d08c8a98100f08f8a89755b8f to remote] DEBUG org.apache.http.client.protocol.RequestAuthCache - Auth cache not set in the context
11:23:09.428 [Forwarding clickElement on session 7672269d08c8a98100f08f8a89755b8f to remote] DEBUG org.apache.http.impl.conn.PoolingHttpClientConnectionManager - Connection request: [route: {}->http://localhost:17689][total kept alive: 21; route allocated: 1 of 2000; total allocated: 21 of 2000]
11:23:09.428 [Forwarding clickElement on session 7672269d08c8a98100f08f8a89755b8f to remote] DEBUG org.apache.http.impl.conn.PoolingHttpClientConnectionManager - Connection leased: [id: 20][route: {}->http://localhost:17689][total kept alive: 20; route allocated: 1 of 2000; total allocated: 21 of 2000]
11:23:09.428 [Forwarding clickElement on session 7672269d08c8a98100f08f8a89755b8f to remote] DEBUG org.apache.http.impl.execchain.MainClientExec - Stale connection check
11:23:09.430 [Forwarding clickElement on session 7672269d08c8a98100f08f8a89755b8f to remote] DEBUG org.apache.http.wire - http-outgoing-20 << "[read] I/O error: Read timed out"
11:23:09.430 [Forwarding clickElement on session 7672269d08c8a98100f08f8a89755b8f to remote] DEBUG org.apache.http.impl.conn.DefaultManagedHttpClientConnection - http-outgoing-20: set socket timeout to 10800000
11:23:09.430 [Forwarding clickElement on session 7672269d08c8a98100f08f8a89755b8f to remote] DEBUG org.apache.http.impl.execchain.MainClientExec - Executing request POST /session/7672269d08c8a98100f08f8a89755b8f/element/078c4251-9994-49f8-a51e-56db8b019758/click HTTP/1.1
11:23:09.430 [Forwarding clickElement on session 7672269d08c8a98100f08f8a89755b8f to remote] DEBUG org.apache.http.impl.execchain.MainClientExec - Target auth state: UNCHALLENGED
11:23:09.430 [Forwarding clickElement on session 7672269d08c8a98100f08f8a89755b8f to remote] DEBUG org.apache.http.impl.execchain.MainClientExec - Proxy auth state: UNCHALLENGED
11:23:09.430 [Forwarding clickElement on session 7672269d08c8a98100f08f8a89755b8f to remote] DEBUG org.apache.http.headers - http-outgoing-20 >> POST /session/7672269d08c8a98100f08f8a89755b8f/element/078c4251-9994-49f8-a51e-56db8b019758/click HTTP/1.1
11:23:09.430 [Forwarding clickElement on session 7672269d08c8a98100f08f8a89755b8f to remote] DEBUG org.apache.http.headers - http-outgoing-20 >> Content-Type: application/json; charset=utf-8
11:23:09.430 [Forwarding clickElement on session 7672269d08c8a98100f08f8a89755b8f to remote] DEBUG org.apache.http.headers - http-outgoing-20 >> Content-Length: 45
11:23:09.430 [Forwarding clickElement on session 7672269d08c8a98100f08f8a89755b8f to remote] DEBUG org.apache.http.headers - http-outgoing-20 >> Host: localhost:17689
11:23:09.430 [Forwarding clickElement on session 7672269d08c8a98100f08f8a89755b8f to remote] DEBUG org.apache.http.headers - http-outgoing-20 >> Connection: Keep-Alive
11:23:09.430 [Forwarding clickElement on session 7672269d08c8a98100f08f8a89755b8f to remote] DEBUG org.apache.http.headers - http-outgoing-20 >> User-Agent: Apache-HttpClient/4.5.3 (Java/1.8.0_211)
11:23:09.430 [Forwarding clickElement on session 7672269d08c8a98100f08f8a89755b8f to remote] DEBUG org.apache.http.headers - http-outgoing-20 >> Accept-Encoding: gzip,deflate
11:23:09.430 [Forwarding clickElement on session 7672269d08c8a98100f08f8a89755b8f to remote] DEBUG org.apache.http.wire - http-outgoing-20 >> "POST /session/7672269d08c8a98100f08f8a89755b8f/element/078c4251-9994-49f8-a51e-56db8b019758/click HTTP/1.1[\r][\n]"
11:23:09.430 [Forwarding clickElement on session 7672269d08c8a98100f08f8a89755b8f to remote] DEBUG org.apache.http.wire - http-outgoing-20 >> "Content-Type: application/json; charset=utf-8[\r][\n]"
11:23:09.430 [Forwarding clickElement on session 7672269d08c8a98100f08f8a89755b8f to remote] DEBUG org.apache.http.wire - http-outgoing-20 >> "Content-Length: 45[\r][\n]"
11:23:09.430 [Forwarding clickElement on session 7672269d08c8a98100f08f8a89755b8f to remote] DEBUG org.apache.http.wire - http-outgoing-20 >> "Host: localhost:17689[\r][\n]"
11:23:09.430 [Forwarding clickElement on session 7672269d08c8a98100f08f8a89755b8f to remote] DEBUG org.apache.http.wire - http-outgoing-20 >> "Connection: Keep-Alive[\r][\n]"
11:23:09.430 [Forwarding clickElement on session 7672269d08c8a98100f08f8a89755b8f to remote] DEBUG org.apache.http.wire - http-outgoing-20 >> "User-Agent: Apache-HttpClient/4.5.3 (Java/1.8.0_211)[\r][\n]"
11:23:09.430 [Forwarding clickElement on session 7672269d08c8a98100f08f8a89755b8f to remote] DEBUG org.apache.http.wire - http-outgoing-20 >> "Accept-Encoding: gzip,deflate[\r][\n]"
11:23:09.430 [Forwarding clickElement on session 7672269d08c8a98100f08f8a89755b8f to remote] DEBUG org.apache.http.wire - http-outgoing-20 >> "[\r][\n]"
11:23:09.430 [Forwarding clickElement on session 7672269d08c8a98100f08f8a89755b8f to remote] DEBUG org.apache.http.wire - http-outgoing-20 >> "{"id":"078c4251-9994-49f8-a51e-56db8b019758"}"
11:23:09.522 [Forwarding clickElement on session 7672269d08c8a98100f08f8a89755b8f to remote] DEBUG org.apache.http.wire - http-outgoing-20 << "HTTP/1.1 200 OK[\r][\n]"
11:23:09.522 [Forwarding clickElement on session 7672269d08c8a98100f08f8a89755b8f to remote] DEBUG org.apache.http.wire - http-outgoing-20 << "Content-Length:14[\r][\n]"
11:23:09.522 [Forwarding clickElement on session 7672269d08c8a98100f08f8a89755b8f to remote] DEBUG org.apache.http.wire - http-outgoing-20 << "Content-Type:application/json; charset=utf-8[\r][\n]"
11:23:09.522 [Forwarding clickElement on session 7672269d08c8a98100f08f8a89755b8f to remote] DEBUG org.apache.http.wire - http-outgoing-20 << "cache-control:no-cache[\r][\n]"
11:23:09.522 [Forwarding clickElement on session 7672269d08c8a98100f08f8a89755b8f to remote] DEBUG org.apache.http.wire - http-outgoing-20 << "[\r][\n]"
11:23:09.522 [Forwarding clickElement on session 7672269d08c8a98100f08f8a89755b8f to remote] DEBUG org.apache.http.wire - http-outgoing-20 << "{"value":null}"
11:23:09.522 [Forwarding clickElement on session 7672269d08c8a98100f08f8a89755b8f to remote] DEBUG org.apache.http.headers - http-outgoing-20 << HTTP/1.1 200 OK
11:23:09.522 [Forwarding clickElement on session 7672269d08c8a98100f08f8a89755b8f to remote] DEBUG org.apache.http.headers - http-outgoing-20 << Content-Length:14
11:23:09.522 [Forwarding clickElement on session 7672269d08c8a98100f08f8a89755b8f to remote] DEBUG org.apache.http.headers - http-outgoing-20 << Content-Type:application/json; charset=utf-8
11:23:09.522 [Forwarding clickElement on session 7672269d08c8a98100f08f8a89755b8f to remote] DEBUG org.apache.http.headers - http-outgoing-20 << cache-control:no-cache
11:23:09.522 [Forwarding clickElement on session 7672269d08c8a98100f08f8a89755b8f to remote] DEBUG org.apache.http.impl.execchain.MainClientExec - Connection can be kept alive indefinitely
11:23:09.522 [Forwarding clickElement on session 7672269d08c8a98100f08f8a89755b8f to remote] DEBUG org.apache.http.impl.conn.PoolingHttpClientConnectionManager - Connection [id: 20][route: {}->http://localhost:17689] can be kept alive indefinitely
11:23:09.522 [Forwarding clickElement on session 7672269d08c8a98100f08f8a89755b8f to remote] DEBUG org.apache.http.impl.conn.PoolingHttpClientConnectionManager - Connection released: [id: 20][route: {}->http://localhost:17689][total kept alive: 21; route allocated: 1 of 2000; total allocated: 21 of 2000]
]]></system-out>
  <system-err><![CDATA[Starting ChromeDriver 80.0.3987.106 (f68069574609230cf9b635cd784cfb1bf81bb53a-refs/branch-heads/3987@{#882}) on port 17689
Only local connections are allowed.
Please protect ports used by ChromeDriver and related test frameworks to prevent access by malicious code.
[1585711383.016][WARNING]: FromSockAddr failed on netmask
四月 01, 2020 11:23:03 上午 org.openqa.selenium.remote.ProtocolHandshake createSession
信息: Detected dialect: W3C
[1585711383.707][SEVERE]: Timed out receiving message from renderer: 0.100
[1585711383.809][SEVERE]: Timed out receiving message from renderer: 0.100
[1585711383.922][SEVERE]: Timed out receiving message from renderer: 0.100
[1585711384.022][SEVERE]: Timed out receiving message from renderer: 0.100
[1585711384.123][SEVERE]: Timed out receiving message from renderer: 0.100
[1585711384.225][SEVERE]: Timed out receiving message from renderer: 0.100
[1585711384.327][SEVERE]: Timed out receiving message from renderer: 0.100
[1585711384.428][SEVERE]: Timed out receiving message from renderer: 0.100
[1585711384.530][SEVERE]: Timed out receiving message from renderer: 0.100
[1585711384.817][SEVERE]: Timed out receiving message from renderer: 0.100
[1585711384.918][SEVERE]: Timed out receiving message from renderer: 0.100
[1585711385.116][SEVERE]: Timed out receiving message from renderer: 0.100
[1585711385.228][SEVERE]: Timed out receiving message from renderer: 0.100
[1585711385.329][SEVERE]: Timed out receiving message from renderer: 0.100
[1585711385.430][SEVERE]: Timed out receiving message from renderer: 0.100
[1585711385.532][SEVERE]: Timed out receiving message from renderer: 0.100
[1585711385.633][SEVERE]: Timed out receiving message from renderer: 0.100
[1585711387.990][SEVERE]: Timed out receiving message from renderer: 0.100
[1585711388.092][SEVERE]: Timed out receiving message from renderer: 0.100
]]></system-err>
</testsuite>
