<?xml version="1.0" encoding="UTF-8"?>
<testsuite name="tron.tronscan.tronscanUI.MtoS_TRX" tests="1" skipped="0" failures="0" errors="0" timestamp="2020-04-01T03:23:17" hostname="zhukaideiMac.local" time="4.1">
  <properties/>
  <testcase name="testMtoS_TRX" classname="tron.tronscan.tronscanUI.MtoS_TRX" time="4.1"/>
  <system-out><![CDATA[11:23:14.677 [Forwarding newSession on session null to remote] DEBUG org.apache.http.client.protocol.RequestAddCookies - CookieSpec selected: default
11:23:14.677 [Forwarding newSession on session null to remote] DEBUG org.apache.http.client.protocol.RequestAuthCache - Auth cache not set in the context
11:23:14.677 [Forwarding newSession on session null to remote] DEBUG org.apache.http.impl.conn.PoolingHttpClientConnectionManager - Connection request: [route: {}->http://localhost:6948][total kept alive: 21; route allocated: 0 of 2000; total allocated: 21 of 2000]
11:23:14.677 [Forwarding newSession on session null to remote] DEBUG org.apache.http.impl.conn.PoolingHttpClientConnectionManager - Connection leased: [id: 21][route: {}->http://localhost:6948][total kept alive: 21; route allocated: 1 of 2000; total allocated: 22 of 2000]
11:23:14.677 [Forwarding newSession on session null to remote] DEBUG org.apache.http.impl.execchain.MainClientExec - Opening connection {}->http://localhost:6948
11:23:14.677 [Forwarding newSession on session null to remote] DEBUG org.apache.http.impl.conn.DefaultHttpClientConnectionOperator - Connecting to localhost/127.0.0.1:6948
11:23:14.677 [Forwarding newSession on session null to remote] DEBUG org.apache.http.impl.conn.DefaultHttpClientConnectionOperator - Connection established 127.0.0.1:53944<->127.0.0.1:6948
11:23:14.677 [Forwarding newSession on session null to remote] DEBUG org.apache.http.impl.conn.DefaultManagedHttpClientConnection - http-outgoing-21: set socket timeout to 10800000
11:23:14.677 [Forwarding newSession on session null to remote] DEBUG org.apache.http.impl.execchain.MainClientExec - Executing request POST /session HTTP/1.1
11:23:14.677 [Forwarding newSession on session null to remote] DEBUG org.apache.http.impl.execchain.MainClientExec - Target auth state: UNCHALLENGED
11:23:14.677 [Forwarding newSession on session null to remote] DEBUG org.apache.http.impl.execchain.MainClientExec - Proxy auth state: UNCHALLENGED
11:23:14.677 [Forwarding newSession on session null to remote] DEBUG org.apache.http.headers - http-outgoing-21 >> POST /session HTTP/1.1
11:23:14.677 [Forwarding newSession on session null to remote] DEBUG org.apache.http.headers - http-outgoing-21 >> Content-Type: application/json; charset=utf-8
11:23:14.677 [Forwarding newSession on session null to remote] DEBUG org.apache.http.headers - http-outgoing-21 >> Content-Length: 731
11:23:14.677 [Forwarding newSession on session null to remote] DEBUG org.apache.http.headers - http-outgoing-21 >> Host: localhost:6948
11:23:14.677 [Forwarding newSession on session null to remote] DEBUG org.apache.http.headers - http-outgoing-21 >> Connection: Keep-Alive
11:23:14.677 [Forwarding newSession on session null to remote] DEBUG org.apache.http.headers - http-outgoing-21 >> User-Agent: Apache-HttpClient/4.5.3 (Java/1.8.0_211)
11:23:14.677 [Forwarding newSession on session null to remote] DEBUG org.apache.http.headers - http-outgoing-21 >> Accept-Encoding: gzip,deflate
11:23:14.677 [Forwarding newSession on session null to remote] DEBUG org.apache.http.wire - http-outgoing-21 >> "POST /session HTTP/1.1[\r][\n]"
11:23:14.677 [Forwarding newSession on session null to remote] DEBUG org.apache.http.wire - http-outgoing-21 >> "Content-Type: application/json; charset=utf-8[\r][\n]"
11:23:14.677 [Forwarding newSession on session null to remote] DEBUG org.apache.http.wire - http-outgoing-21 >> "Content-Length: 731[\r][\n]"
11:23:14.677 [Forwarding newSession on session null to remote] DEBUG org.apache.http.wire - http-outgoing-21 >> "Host: localhost:6948[\r][\n]"
11:23:14.677 [Forwarding newSession on session null to remote] DEBUG org.apache.http.wire - http-outgoing-21 >> "Connection: Keep-Alive[\r][\n]"
11:23:14.677 [Forwarding newSession on session null to remote] DEBUG org.apache.http.wire - http-outgoing-21 >> "User-Agent: Apache-HttpClient/4.5.3 (Java/1.8.0_211)[\r][\n]"
11:23:14.677 [Forwarding newSession on session null to remote] DEBUG org.apache.http.wire - http-outgoing-21 >> "Accept-Encoding: gzip,deflate[\r][\n]"
11:23:14.677 [Forwarding newSession on session null to remote] DEBUG org.apache.http.wire - http-outgoing-21 >> "[\r][\n]"
11:23:14.677 [Forwarding newSession on session null to remote] DEBUG org.apache.http.wire - http-outgoing-21 >> "{[\n]"
11:23:14.677 [Forwarding newSession on session null to remote] DEBUG org.apache.http.wire - http-outgoing-21 >> "  "desiredCapabilities": {[\n]"
11:23:14.677 [Forwarding newSession on session null to remote] DEBUG org.apache.http.wire - http-outgoing-21 >> "    "browserName": "chrome",[\n]"
11:23:14.677 [Forwarding newSession on session null to remote] DEBUG org.apache.http.wire - http-outgoing-21 >> "    "goog:chromeOptions": {[\n]"
11:23:14.677 [Forwarding newSession on session null to remote] DEBUG org.apache.http.wire - http-outgoing-21 >> "      "args": [[\n]"
11:23:14.677 [Forwarding newSession on session null to remote] DEBUG org.apache.http.wire - http-outgoing-21 >> "        "--headless",[\n]"
11:23:14.677 [Forwarding newSession on session null to remote] DEBUG org.apache.http.wire - http-outgoing-21 >> "        "--disable-gpu"[\n]"
11:23:14.677 [Forwarding newSession on session null to remote] DEBUG org.apache.http.wire - http-outgoing-21 >> "      ],[\n]"
11:23:14.677 [Forwarding newSession on session null to remote] DEBUG org.apache.http.wire - http-outgoing-21 >> "      "extensions": [][\n]"
11:23:14.677 [Forwarding newSession on session null to remote] DEBUG org.apache.http.wire - http-outgoing-21 >> "    }[\n]"
11:23:14.677 [Forwarding newSession on session null to remote] DEBUG org.apache.http.wire - http-outgoing-21 >> "  },[\n]"
11:23:14.677 [Forwarding newSession on session null to remote] DEBUG org.apache.http.wire - http-outgoing-21 >> "  "requiredCapabilities": {},[\n]"
11:23:14.677 [Forwarding newSession on session null to remote] DEBUG org.apache.http.wire - http-outgoing-21 >> "  "capabilities": {[\n]"
11:23:14.677 [Forwarding newSession on session null to remote] DEBUG org.apache.http.wire - http-outgoing-21 >> "    "desiredCapabilities": {[\n]"
11:23:14.677 [Forwarding newSession on session null to remote] DEBUG org.apache.http.wire - http-outgoing-21 >> "      "browserName": "chrome",[\n]"
11:23:14.677 [Forwarding newSession on session null to remote] DEBUG org.apache.http.wire - http-outgoing-21 >> "      "goog:chromeOptions": {[\n]"
11:23:14.677 [Forwarding newSession on session null to remote] DEBUG org.apache.http.wire - http-outgoing-21 >> "        "args": [[\n]"
11:23:14.677 [Forwarding newSession on session null to remote] DEBUG org.apache.http.wire - http-outgoing-21 >> "          "--headless",[\n]"
11:23:14.677 [Forwarding newSession on session null to remote] DEBUG org.apache.http.wire - http-outgoing-21 >> "          "--disable-gpu"[\n]"
11:23:14.677 [Forwarding newSession on session null to remote] DEBUG org.apache.http.wire - http-outgoing-21 >> "        ],[\n]"
11:23:14.677 [Forwarding newSession on session null to remote] DEBUG org.apache.http.wire - http-outgoing-21 >> "        "extensions": [][\n]"
11:23:14.677 [Forwarding newSession on session null to remote] DEBUG org.apache.http.wire - http-outgoing-21 >> "      }[\n]"
11:23:14.677 [Forwarding newSession on session null to remote] DEBUG org.apache.http.wire - http-outgoing-21 >> "    },[\n]"
11:23:14.677 [Forwarding newSession on session null to remote] DEBUG org.apache.http.wire - http-outgoing-21 >> "    "requiredCapabilities": {},[\n]"
11:23:14.677 [Forwarding newSession on session null to remote] DEBUG org.apache.http.wire - http-outgoing-21 >> "    "alwaysMatch": {[\n]"
11:23:14.677 [Forwarding newSession on session null to remote] DEBUG org.apache.http.wire - http-outgoing-21 >> "      "goog:chromeOptions": {[\n]"
11:23:14.677 [Forwarding newSession on session null to remote] DEBUG org.apache.http.wire - http-outgoing-21 >> "        "args": [[\n]"
11:23:14.677 [Forwarding newSession on session null to remote] DEBUG org.apache.http.wire - http-outgoing-21 >> "          "--headless",[\n]"
11:23:14.677 [Forwarding newSession on session null to remote] DEBUG org.apache.http.wire - http-outgoing-21 >> "          "--disable-gpu"[\n]"
11:23:14.677 [Forwarding newSession on session null to remote] DEBUG org.apache.http.wire - http-outgoing-21 >> "        ],[\n]"
11:23:14.677 [Forwarding newSession on session null to remote] DEBUG org.apache.http.wire - http-outgoing-21 >> "        "extensions": [][\n]"
11:23:14.677 [Forwarding newSession on session null to remote] DEBUG org.apache.http.wire - http-outgoing-21 >> "      }[\n]"
11:23:14.677 [Forwarding newSession on session null to remote] DEBUG org.apache.http.wire - http-outgoing-21 >> "    },[\n]"
11:23:14.678 [Forwarding newSession on session null to remote] DEBUG org.apache.http.wire - http-outgoing-21 >> "    "firstMatch": [[\n]"
11:23:14.678 [Forwarding newSession on session null to remote] DEBUG org.apache.http.wire - http-outgoing-21 >> "      {[\n]"
11:23:14.678 [Forwarding newSession on session null to remote] DEBUG org.apache.http.wire - http-outgoing-21 >> "        "browserName": "chrome"[\n]"
11:23:14.678 [Forwarding newSession on session null to remote] DEBUG org.apache.http.wire - http-outgoing-21 >> "      }[\n]"
11:23:14.678 [Forwarding newSession on session null to remote] DEBUG org.apache.http.wire - http-outgoing-21 >> "    ][\n]"
11:23:14.678 [Forwarding newSession on session null to remote] DEBUG org.apache.http.wire - http-outgoing-21 >> "  }[\n]"
11:23:14.678 [Forwarding newSession on session null to remote] DEBUG org.apache.http.wire - http-outgoing-21 >> "}"
11:23:14.839 [Forwarding newSession on session null to remote] DEBUG org.apache.http.wire - http-outgoing-21 << "HTTP/1.1 200 OK[\r][\n]"
11:23:14.839 [Forwarding newSession on session null to remote] DEBUG org.apache.http.wire - http-outgoing-21 << "Content-Length:690[\r][\n]"
11:23:14.839 [Forwarding newSession on session null to remote] DEBUG org.apache.http.wire - http-outgoing-21 << "Content-Type:application/json; charset=utf-8[\r][\n]"
11:23:14.839 [Forwarding newSession on session null to remote] DEBUG org.apache.http.wire - http-outgoing-21 << "cache-control:no-cache[\r][\n]"
11:23:14.839 [Forwarding newSession on session null to remote] DEBUG org.apache.http.wire - http-outgoing-21 << "[\r][\n]"
11:23:14.839 [Forwarding newSession on session null to remote] DEBUG org.apache.http.wire - http-outgoing-21 << "{"value":{"capabilities":{"acceptInsecureCerts":false,"browserName":"chrome","browserVersion":"80.0.3987.162","chrome":{"chromedriverVersion":"80.0.3987.106 (f68069574609230cf9b635cd784cfb1bf81bb53a-refs/branch-heads/3987@{#882})","userDataDir":"/var/folders/fs/0qxrqb5x7zg5dtqrhc9t0clm0000gn/T/.com.google.Chrome.ICiJAt"},"goog:chromeOptions":{"debuggerAddress":"localhost:53945"},"networkConnectionEnabled":false,"pageLoadStrategy":"normal","platformName":"mac os x","proxy":{},"setWindowRect":true,"strictFileInteractability":false,"timeouts":{"implicit":0,"pageLoad":300000,"script":30000},"unhandledPromptBehavior":"dismiss and notify"},"sessionId":"11c53d742ce89a8e0d5e182633adc4c0"}}"
11:23:14.839 [Forwarding newSession on session null to remote] DEBUG org.apache.http.headers - http-outgoing-21 << HTTP/1.1 200 OK
11:23:14.839 [Forwarding newSession on session null to remote] DEBUG org.apache.http.headers - http-outgoing-21 << Content-Length:690
11:23:14.839 [Forwarding newSession on session null to remote] DEBUG org.apache.http.headers - http-outgoing-21 << Content-Type:application/json; charset=utf-8
11:23:14.839 [Forwarding newSession on session null to remote] DEBUG org.apache.http.headers - http-outgoing-21 << cache-control:no-cache
11:23:14.839 [Forwarding newSession on session null to remote] DEBUG org.apache.http.impl.execchain.MainClientExec - Connection can be kept alive indefinitely
11:23:14.839 [Forwarding newSession on session null to remote] DEBUG org.apache.http.impl.conn.PoolingHttpClientConnectionManager - Connection [id: 21][route: {}->http://localhost:6948] can be kept alive indefinitely
11:23:14.839 [Forwarding newSession on session null to remote] DEBUG org.apache.http.impl.conn.PoolingHttpClientConnectionManager - Connection released: [id: 21][route: {}->http://localhost:6948][total kept alive: 22; route allocated: 1 of 2000; total allocated: 22 of 2000]
11:23:14.841 [Forwarding get on session 11c53d742ce89a8e0d5e182633adc4c0 to remote] DEBUG org.apache.http.client.protocol.RequestAddCookies - CookieSpec selected: default
11:23:14.841 [Forwarding get on session 11c53d742ce89a8e0d5e182633adc4c0 to remote] DEBUG org.apache.http.client.protocol.RequestAuthCache - Auth cache not set in the context
11:23:14.841 [Forwarding get on session 11c53d742ce89a8e0d5e182633adc4c0 to remote] DEBUG org.apache.http.impl.conn.PoolingHttpClientConnectionManager - Connection request: [route: {}->http://localhost:6948][total kept alive: 22; route allocated: 1 of 2000; total allocated: 22 of 2000]
11:23:14.841 [Forwarding get on session 11c53d742ce89a8e0d5e182633adc4c0 to remote] DEBUG org.apache.http.impl.conn.PoolingHttpClientConnectionManager - Connection leased: [id: 21][route: {}->http://localhost:6948][total kept alive: 21; route allocated: 1 of 2000; total allocated: 22 of 2000]
11:23:14.841 [Forwarding get on session 11c53d742ce89a8e0d5e182633adc4c0 to remote] DEBUG org.apache.http.impl.execchain.MainClientExec - Stale connection check
11:23:14.843 [Forwarding get on session 11c53d742ce89a8e0d5e182633adc4c0 to remote] DEBUG org.apache.http.wire - http-outgoing-21 << "[read] I/O error: Read timed out"
11:23:14.843 [Forwarding get on session 11c53d742ce89a8e0d5e182633adc4c0 to remote] DEBUG org.apache.http.impl.conn.DefaultManagedHttpClientConnection - http-outgoing-21: set socket timeout to 10800000
11:23:14.843 [Forwarding get on session 11c53d742ce89a8e0d5e182633adc4c0 to remote] DEBUG org.apache.http.impl.execchain.MainClientExec - Executing request POST /session/11c53d742ce89a8e0d5e182633adc4c0/url HTTP/1.1
11:23:14.843 [Forwarding get on session 11c53d742ce89a8e0d5e182633adc4c0 to remote] DEBUG org.apache.http.impl.execchain.MainClientExec - Target auth state: UNCHALLENGED
11:23:14.843 [Forwarding get on session 11c53d742ce89a8e0d5e182633adc4c0 to remote] DEBUG org.apache.http.impl.execchain.MainClientExec - Proxy auth state: UNCHALLENGED
11:23:14.843 [Forwarding get on session 11c53d742ce89a8e0d5e182633adc4c0 to remote] DEBUG org.apache.http.headers - http-outgoing-21 >> POST /session/11c53d742ce89a8e0d5e182633adc4c0/url HTTP/1.1
11:23:14.843 [Forwarding get on session 11c53d742ce89a8e0d5e182633adc4c0 to remote] DEBUG org.apache.http.headers - http-outgoing-21 >> Content-Type: application/json; charset=utf-8
11:23:14.843 [Forwarding get on session 11c53d742ce89a8e0d5e182633adc4c0 to remote] DEBUG org.apache.http.headers - http-outgoing-21 >> Content-Length: 33
11:23:14.843 [Forwarding get on session 11c53d742ce89a8e0d5e182633adc4c0 to remote] DEBUG org.apache.http.headers - http-outgoing-21 >> Host: localhost:6948
11:23:14.843 [Forwarding get on session 11c53d742ce89a8e0d5e182633adc4c0 to remote] DEBUG org.apache.http.headers - http-outgoing-21 >> Connection: Keep-Alive
11:23:14.843 [Forwarding get on session 11c53d742ce89a8e0d5e182633adc4c0 to remote] DEBUG org.apache.http.headers - http-outgoing-21 >> User-Agent: Apache-HttpClient/4.5.3 (Java/1.8.0_211)
11:23:14.843 [Forwarding get on session 11c53d742ce89a8e0d5e182633adc4c0 to remote] DEBUG org.apache.http.headers - http-outgoing-21 >> Accept-Encoding: gzip,deflate
11:23:14.843 [Forwarding get on session 11c53d742ce89a8e0d5e182633adc4c0 to remote] DEBUG org.apache.http.wire - http-outgoing-21 >> "POST /session/11c53d742ce89a8e0d5e182633adc4c0/url HTTP/1.1[\r][\n]"
11:23:14.843 [Forwarding get on session 11c53d742ce89a8e0d5e182633adc4c0 to remote] DEBUG org.apache.http.wire - http-outgoing-21 >> "Content-Type: application/json; charset=utf-8[\r][\n]"
11:23:14.843 [Forwarding get on session 11c53d742ce89a8e0d5e182633adc4c0 to remote] DEBUG org.apache.http.wire - http-outgoing-21 >> "Content-Length: 33[\r][\n]"
11:23:14.843 [Forwarding get on session 11c53d742ce89a8e0d5e182633adc4c0 to remote] DEBUG org.apache.http.wire - http-outgoing-21 >> "Host: localhost:6948[\r][\n]"
11:23:14.843 [Forwarding get on session 11c53d742ce89a8e0d5e182633adc4c0 to remote] DEBUG org.apache.http.wire - http-outgoing-21 >> "Connection: Keep-Alive[\r][\n]"
11:23:14.843 [Forwarding get on session 11c53d742ce89a8e0d5e182633adc4c0 to remote] DEBUG org.apache.http.wire - http-outgoing-21 >> "User-Agent: Apache-HttpClient/4.5.3 (Java/1.8.0_211)[\r][\n]"
11:23:14.843 [Forwarding get on session 11c53d742ce89a8e0d5e182633adc4c0 to remote] DEBUG org.apache.http.wire - http-outgoing-21 >> "Accept-Encoding: gzip,deflate[\r][\n]"
11:23:14.843 [Forwarding get on session 11c53d742ce89a8e0d5e182633adc4c0 to remote] DEBUG org.apache.http.wire - http-outgoing-21 >> "[\r][\n]"
11:23:14.843 [Forwarding get on session 11c53d742ce89a8e0d5e182633adc4c0 to remote] DEBUG org.apache.http.wire - http-outgoing-21 >> "{"url":"https://tronscan.org/#/"}"
11:23:17.232 [Forwarding get on session 11c53d742ce89a8e0d5e182633adc4c0 to remote] DEBUG org.apache.http.wire - http-outgoing-21 << "HTTP/1.1 200 OK[\r][\n]"
11:23:17.232 [Forwarding get on session 11c53d742ce89a8e0d5e182633adc4c0 to remote] DEBUG org.apache.http.wire - http-outgoing-21 << "Content-Length:14[\r][\n]"
11:23:17.232 [Forwarding get on session 11c53d742ce89a8e0d5e182633adc4c0 to remote] DEBUG org.apache.http.wire - http-outgoing-21 << "Content-Type:application/json; charset=utf-8[\r][\n]"
11:23:17.232 [Forwarding get on session 11c53d742ce89a8e0d5e182633adc4c0 to remote] DEBUG org.apache.http.wire - http-outgoing-21 << "cache-control:no-cache[\r][\n]"
11:23:17.232 [Forwarding get on session 11c53d742ce89a8e0d5e182633adc4c0 to remote] DEBUG org.apache.http.wire - http-outgoing-21 << "[\r][\n]"
11:23:17.232 [Forwarding get on session 11c53d742ce89a8e0d5e182633adc4c0 to remote] DEBUG org.apache.http.wire - http-outgoing-21 << "{"value":null}"
11:23:17.232 [Forwarding get on session 11c53d742ce89a8e0d5e182633adc4c0 to remote] DEBUG org.apache.http.headers - http-outgoing-21 << HTTP/1.1 200 OK
11:23:17.232 [Forwarding get on session 11c53d742ce89a8e0d5e182633adc4c0 to remote] DEBUG org.apache.http.headers - http-outgoing-21 << Content-Length:14
11:23:17.232 [Forwarding get on session 11c53d742ce89a8e0d5e182633adc4c0 to remote] DEBUG org.apache.http.headers - http-outgoing-21 << Content-Type:application/json; charset=utf-8
11:23:17.232 [Forwarding get on session 11c53d742ce89a8e0d5e182633adc4c0 to remote] DEBUG org.apache.http.headers - http-outgoing-21 << cache-control:no-cache
11:23:17.232 [Forwarding get on session 11c53d742ce89a8e0d5e182633adc4c0 to remote] DEBUG org.apache.http.impl.execchain.MainClientExec - Connection can be kept alive indefinitely
11:23:17.232 [Forwarding get on session 11c53d742ce89a8e0d5e182633adc4c0 to remote] DEBUG org.apache.http.impl.conn.PoolingHttpClientConnectionManager - Connection [id: 21][route: {}->http://localhost:6948] can be kept alive indefinitely
11:23:17.232 [Forwarding get on session 11c53d742ce89a8e0d5e182633adc4c0 to remote] DEBUG org.apache.http.impl.conn.PoolingHttpClientConnectionManager - Connection released: [id: 21][route: {}->http://localhost:6948][total kept alive: 22; route allocated: 1 of 2000; total allocated: 22 of 2000]
成功打开谷歌浏览器！
11:23:17.233 [Forwarding setTimeout on session 11c53d742ce89a8e0d5e182633adc4c0 to remote] DEBUG org.apache.http.client.protocol.RequestAddCookies - CookieSpec selected: default
11:23:17.233 [Forwarding setTimeout on session 11c53d742ce89a8e0d5e182633adc4c0 to remote] DEBUG org.apache.http.client.protocol.RequestAuthCache - Auth cache not set in the context
11:23:17.233 [Forwarding setTimeout on session 11c53d742ce89a8e0d5e182633adc4c0 to remote] DEBUG org.apache.http.impl.conn.PoolingHttpClientConnectionManager - Connection request: [route: {}->http://localhost:6948][total kept alive: 22; route allocated: 1 of 2000; total allocated: 22 of 2000]
11:23:17.233 [Forwarding setTimeout on session 11c53d742ce89a8e0d5e182633adc4c0 to remote] DEBUG org.apache.http.impl.conn.PoolingHttpClientConnectionManager - Connection leased: [id: 21][route: {}->http://localhost:6948][total kept alive: 21; route allocated: 1 of 2000; total allocated: 22 of 2000]
11:23:17.233 [Forwarding setTimeout on session 11c53d742ce89a8e0d5e182633adc4c0 to remote] DEBUG org.apache.http.impl.execchain.MainClientExec - Stale connection check
11:23:17.234 [Forwarding setTimeout on session 11c53d742ce89a8e0d5e182633adc4c0 to remote] DEBUG org.apache.http.wire - http-outgoing-21 << "[read] I/O error: Read timed out"
11:23:17.234 [Forwarding setTimeout on session 11c53d742ce89a8e0d5e182633adc4c0 to remote] DEBUG org.apache.http.impl.conn.DefaultManagedHttpClientConnection - http-outgoing-21: set socket timeout to 10800000
11:23:17.234 [Forwarding setTimeout on session 11c53d742ce89a8e0d5e182633adc4c0 to remote] DEBUG org.apache.http.impl.execchain.MainClientExec - Executing request POST /session/11c53d742ce89a8e0d5e182633adc4c0/timeouts HTTP/1.1
11:23:17.234 [Forwarding setTimeout on session 11c53d742ce89a8e0d5e182633adc4c0 to remote] DEBUG org.apache.http.impl.execchain.MainClientExec - Target auth state: UNCHALLENGED
11:23:17.234 [Forwarding setTimeout on session 11c53d742ce89a8e0d5e182633adc4c0 to remote] DEBUG org.apache.http.impl.execchain.MainClientExec - Proxy auth state: UNCHALLENGED
11:23:17.234 [Forwarding setTimeout on session 11c53d742ce89a8e0d5e182633adc4c0 to remote] DEBUG org.apache.http.headers - http-outgoing-21 >> POST /session/11c53d742ce89a8e0d5e182633adc4c0/timeouts HTTP/1.1
11:23:17.234 [Forwarding setTimeout on session 11c53d742ce89a8e0d5e182633adc4c0 to remote] DEBUG org.apache.http.headers - http-outgoing-21 >> Content-Type: application/json; charset=utf-8
11:23:17.234 [Forwarding setTimeout on session 11c53d742ce89a8e0d5e182633adc4c0 to remote] DEBUG org.apache.http.headers - http-outgoing-21 >> Content-Length: 18
11:23:17.234 [Forwarding setTimeout on session 11c53d742ce89a8e0d5e182633adc4c0 to remote] DEBUG org.apache.http.headers - http-outgoing-21 >> Host: localhost:6948
11:23:17.234 [Forwarding setTimeout on session 11c53d742ce89a8e0d5e182633adc4c0 to remote] DEBUG org.apache.http.headers - http-outgoing-21 >> Connection: Keep-Alive
11:23:17.234 [Forwarding setTimeout on session 11c53d742ce89a8e0d5e182633adc4c0 to remote] DEBUG org.apache.http.headers - http-outgoing-21 >> User-Agent: Apache-HttpClient/4.5.3 (Java/1.8.0_211)
11:23:17.234 [Forwarding setTimeout on session 11c53d742ce89a8e0d5e182633adc4c0 to remote] DEBUG org.apache.http.headers - http-outgoing-21 >> Accept-Encoding: gzip,deflate
11:23:17.234 [Forwarding setTimeout on session 11c53d742ce89a8e0d5e182633adc4c0 to remote] DEBUG org.apache.http.wire - http-outgoing-21 >> "POST /session/11c53d742ce89a8e0d5e182633adc4c0/timeouts HTTP/1.1[\r][\n]"
11:23:17.234 [Forwarding setTimeout on session 11c53d742ce89a8e0d5e182633adc4c0 to remote] DEBUG org.apache.http.wire - http-outgoing-21 >> "Content-Type: application/json; charset=utf-8[\r][\n]"
11:23:17.234 [Forwarding setTimeout on session 11c53d742ce89a8e0d5e182633adc4c0 to remote] DEBUG org.apache.http.wire - http-outgoing-21 >> "Content-Length: 18[\r][\n]"
11:23:17.234 [Forwarding setTimeout on session 11c53d742ce89a8e0d5e182633adc4c0 to remote] DEBUG org.apache.http.wire - http-outgoing-21 >> "Host: localhost:6948[\r][\n]"
11:23:17.234 [Forwarding setTimeout on session 11c53d742ce89a8e0d5e182633adc4c0 to remote] DEBUG org.apache.http.wire - http-outgoing-21 >> "Connection: Keep-Alive[\r][\n]"
11:23:17.234 [Forwarding setTimeout on session 11c53d742ce89a8e0d5e182633adc4c0 to remote] DEBUG org.apache.http.wire - http-outgoing-21 >> "User-Agent: Apache-HttpClient/4.5.3 (Java/1.8.0_211)[\r][\n]"
11:23:17.234 [Forwarding setTimeout on session 11c53d742ce89a8e0d5e182633adc4c0 to remote] DEBUG org.apache.http.wire - http-outgoing-21 >> "Accept-Encoding: gzip,deflate[\r][\n]"
11:23:17.234 [Forwarding setTimeout on session 11c53d742ce89a8e0d5e182633adc4c0 to remote] DEBUG org.apache.http.wire - http-outgoing-21 >> "[\r][\n]"
11:23:17.234 [Forwarding setTimeout on session 11c53d742ce89a8e0d5e182633adc4c0 to remote] DEBUG org.apache.http.wire - http-outgoing-21 >> "{"implicit":10000}"
11:23:17.235 [Forwarding setTimeout on session 11c53d742ce89a8e0d5e182633adc4c0 to remote] DEBUG org.apache.http.wire - http-outgoing-21 << "HTTP/1.1 200 OK[\r][\n]"
11:23:17.235 [Forwarding setTimeout on session 11c53d742ce89a8e0d5e182633adc4c0 to remote] DEBUG org.apache.http.wire - http-outgoing-21 << "Content-Length:14[\r][\n]"
11:23:17.235 [Forwarding setTimeout on session 11c53d742ce89a8e0d5e182633adc4c0 to remote] DEBUG org.apache.http.wire - http-outgoing-21 << "Content-Type:application/json; charset=utf-8[\r][\n]"
11:23:17.235 [Forwarding setTimeout on session 11c53d742ce89a8e0d5e182633adc4c0 to remote] DEBUG org.apache.http.wire - http-outgoing-21 << "cache-control:no-cache[\r][\n]"
11:23:17.235 [Forwarding setTimeout on session 11c53d742ce89a8e0d5e182633adc4c0 to remote] DEBUG org.apache.http.wire - http-outgoing-21 << "[\r][\n]"
11:23:17.235 [Forwarding setTimeout on session 11c53d742ce89a8e0d5e182633adc4c0 to remote] DEBUG org.apache.http.wire - http-outgoing-21 << "{"value":null}"
11:23:17.235 [Forwarding setTimeout on session 11c53d742ce89a8e0d5e182633adc4c0 to remote] DEBUG org.apache.http.headers - http-outgoing-21 << HTTP/1.1 200 OK
11:23:17.235 [Forwarding setTimeout on session 11c53d742ce89a8e0d5e182633adc4c0 to remote] DEBUG org.apache.http.headers - http-outgoing-21 << Content-Length:14
11:23:17.235 [Forwarding setTimeout on session 11c53d742ce89a8e0d5e182633adc4c0 to remote] DEBUG org.apache.http.headers - http-outgoing-21 << Content-Type:application/json; charset=utf-8
11:23:17.235 [Forwarding setTimeout on session 11c53d742ce89a8e0d5e182633adc4c0 to remote] DEBUG org.apache.http.headers - http-outgoing-21 << cache-control:no-cache
11:23:17.235 [Forwarding setTimeout on session 11c53d742ce89a8e0d5e182633adc4c0 to remote] DEBUG org.apache.http.impl.execchain.MainClientExec - Connection can be kept alive indefinitely
11:23:17.235 [Forwarding setTimeout on session 11c53d742ce89a8e0d5e182633adc4c0 to remote] DEBUG org.apache.http.impl.conn.PoolingHttpClientConnectionManager - Connection [id: 21][route: {}->http://localhost:6948] can be kept alive indefinitely
11:23:17.235 [Forwarding setTimeout on session 11c53d742ce89a8e0d5e182633adc4c0 to remote] DEBUG org.apache.http.impl.conn.PoolingHttpClientConnectionManager - Connection released: [id: 21][route: {}->http://localhost:6948][total kept alive: 22; route allocated: 1 of 2000; total allocated: 22 of 2000]
LOGIN
11:23:17.235 [Forwarding setCurrentWindowSize on session 11c53d742ce89a8e0d5e182633adc4c0 to remote] DEBUG org.apache.http.client.protocol.RequestAddCookies - CookieSpec selected: default
11:23:17.235 [Forwarding setCurrentWindowSize on session 11c53d742ce89a8e0d5e182633adc4c0 to remote] DEBUG org.apache.http.client.protocol.RequestAuthCache - Auth cache not set in the context
11:23:17.235 [Forwarding setCurrentWindowSize on session 11c53d742ce89a8e0d5e182633adc4c0 to remote] DEBUG org.apache.http.impl.conn.PoolingHttpClientConnectionManager - Connection request: [route: {}->http://localhost:6948][total kept alive: 22; route allocated: 1 of 2000; total allocated: 22 of 2000]
11:23:17.235 [Forwarding setCurrentWindowSize on session 11c53d742ce89a8e0d5e182633adc4c0 to remote] DEBUG org.apache.http.impl.conn.PoolingHttpClientConnectionManager - Connection leased: [id: 21][route: {}->http://localhost:6948][total kept alive: 21; route allocated: 1 of 2000; total allocated: 22 of 2000]
11:23:17.235 [Forwarding setCurrentWindowSize on session 11c53d742ce89a8e0d5e182633adc4c0 to remote] DEBUG org.apache.http.impl.execchain.MainClientExec - Stale connection check
11:23:17.237 [Forwarding setCurrentWindowSize on session 11c53d742ce89a8e0d5e182633adc4c0 to remote] DEBUG org.apache.http.wire - http-outgoing-21 << "[read] I/O error: Read timed out"
11:23:17.237 [Forwarding setCurrentWindowSize on session 11c53d742ce89a8e0d5e182633adc4c0 to remote] DEBUG org.apache.http.impl.conn.DefaultManagedHttpClientConnection - http-outgoing-21: set socket timeout to 10800000
11:23:17.237 [Forwarding setCurrentWindowSize on session 11c53d742ce89a8e0d5e182633adc4c0 to remote] DEBUG org.apache.http.impl.execchain.MainClientExec - Executing request POST /session/11c53d742ce89a8e0d5e182633adc4c0/window/rect HTTP/1.1
11:23:17.237 [Forwarding setCurrentWindowSize on session 11c53d742ce89a8e0d5e182633adc4c0 to remote] DEBUG org.apache.http.impl.execchain.MainClientExec - Target auth state: UNCHALLENGED
11:23:17.237 [Forwarding setCurrentWindowSize on session 11c53d742ce89a8e0d5e182633adc4c0 to remote] DEBUG org.apache.http.impl.execchain.MainClientExec - Proxy auth state: UNCHALLENGED
11:23:17.237 [Forwarding setCurrentWindowSize on session 11c53d742ce89a8e0d5e182633adc4c0 to remote] DEBUG org.apache.http.headers - http-outgoing-21 >> POST /session/11c53d742ce89a8e0d5e182633adc4c0/window/rect HTTP/1.1
11:23:17.237 [Forwarding setCurrentWindowSize on session 11c53d742ce89a8e0d5e182633adc4c0 to remote] DEBUG org.apache.http.headers - http-outgoing-21 >> Content-Type: application/json; charset=utf-8
11:23:17.237 [Forwarding setCurrentWindowSize on session 11c53d742ce89a8e0d5e182633adc4c0 to remote] DEBUG org.apache.http.headers - http-outgoing-21 >> Content-Length: 28
11:23:17.237 [Forwarding setCurrentWindowSize on session 11c53d742ce89a8e0d5e182633adc4c0 to remote] DEBUG org.apache.http.headers - http-outgoing-21 >> Host: localhost:6948
11:23:17.237 [Forwarding setCurrentWindowSize on session 11c53d742ce89a8e0d5e182633adc4c0 to remote] DEBUG org.apache.http.headers - http-outgoing-21 >> Connection: Keep-Alive
11:23:17.237 [Forwarding setCurrentWindowSize on session 11c53d742ce89a8e0d5e182633adc4c0 to remote] DEBUG org.apache.http.headers - http-outgoing-21 >> User-Agent: Apache-HttpClient/4.5.3 (Java/1.8.0_211)
11:23:17.237 [Forwarding setCurrentWindowSize on session 11c53d742ce89a8e0d5e182633adc4c0 to remote] DEBUG org.apache.http.headers - http-outgoing-21 >> Accept-Encoding: gzip,deflate
11:23:17.237 [Forwarding setCurrentWindowSize on session 11c53d742ce89a8e0d5e182633adc4c0 to remote] DEBUG org.apache.http.wire - http-outgoing-21 >> "POST /session/11c53d742ce89a8e0d5e182633adc4c0/window/rect HTTP/1.1[\r][\n]"
11:23:17.237 [Forwarding setCurrentWindowSize on session 11c53d742ce89a8e0d5e182633adc4c0 to remote] DEBUG org.apache.http.wire - http-outgoing-21 >> "Content-Type: application/json; charset=utf-8[\r][\n]"
11:23:17.237 [Forwarding setCurrentWindowSize on session 11c53d742ce89a8e0d5e182633adc4c0 to remote] DEBUG org.apache.http.wire - http-outgoing-21 >> "Content-Length: 28[\r][\n]"
11:23:17.237 [Forwarding setCurrentWindowSize on session 11c53d742ce89a8e0d5e182633adc4c0 to remote] DEBUG org.apache.http.wire - http-outgoing-21 >> "Host: localhost:6948[\r][\n]"
11:23:17.237 [Forwarding setCurrentWindowSize on session 11c53d742ce89a8e0d5e182633adc4c0 to remote] DEBUG org.apache.http.wire - http-outgoing-21 >> "Connection: Keep-Alive[\r][\n]"
11:23:17.237 [Forwarding setCurrentWindowSize on session 11c53d742ce89a8e0d5e182633adc4c0 to remote] DEBUG org.apache.http.wire - http-outgoing-21 >> "User-Agent: Apache-HttpClient/4.5.3 (Java/1.8.0_211)[\r][\n]"
11:23:17.237 [Forwarding setCurrentWindowSize on session 11c53d742ce89a8e0d5e182633adc4c0 to remote] DEBUG org.apache.http.wire - http-outgoing-21 >> "Accept-Encoding: gzip,deflate[\r][\n]"
11:23:17.237 [Forwarding setCurrentWindowSize on session 11c53d742ce89a8e0d5e182633adc4c0 to remote] DEBUG org.apache.http.wire - http-outgoing-21 >> "[\r][\n]"
11:23:17.237 [Forwarding setCurrentWindowSize on session 11c53d742ce89a8e0d5e182633adc4c0 to remote] DEBUG org.apache.http.wire - http-outgoing-21 >> "{"width":2560,"height":1440}"
11:23:17.364 [Forwarding setCurrentWindowSize on session 11c53d742ce89a8e0d5e182633adc4c0 to remote] DEBUG org.apache.http.wire - http-outgoing-21 << "HTTP/1.1 200 OK[\r][\n]"
11:23:17.364 [Forwarding setCurrentWindowSize on session 11c53d742ce89a8e0d5e182633adc4c0 to remote] DEBUG org.apache.http.wire - http-outgoing-21 << "Content-Length:50[\r][\n]"
11:23:17.364 [Forwarding setCurrentWindowSize on session 11c53d742ce89a8e0d5e182633adc4c0 to remote] DEBUG org.apache.http.wire - http-outgoing-21 << "Content-Type:application/json; charset=utf-8[\r][\n]"
11:23:17.364 [Forwarding setCurrentWindowSize on session 11c53d742ce89a8e0d5e182633adc4c0 to remote] DEBUG org.apache.http.wire - http-outgoing-21 << "cache-control:no-cache[\r][\n]"
11:23:17.364 [Forwarding setCurrentWindowSize on session 11c53d742ce89a8e0d5e182633adc4c0 to remote] DEBUG org.apache.http.wire - http-outgoing-21 << "[\r][\n]"
11:23:17.364 [Forwarding setCurrentWindowSize on session 11c53d742ce89a8e0d5e182633adc4c0 to remote] DEBUG org.apache.http.wire - http-outgoing-21 << "{"value":{"height":1440,"width":2560,"x":0,"y":0}}"
11:23:17.364 [Forwarding setCurrentWindowSize on session 11c53d742ce89a8e0d5e182633adc4c0 to remote] DEBUG org.apache.http.headers - http-outgoing-21 << HTTP/1.1 200 OK
11:23:17.364 [Forwarding setCurrentWindowSize on session 11c53d742ce89a8e0d5e182633adc4c0 to remote] DEBUG org.apache.http.headers - http-outgoing-21 << Content-Length:50
11:23:17.364 [Forwarding setCurrentWindowSize on session 11c53d742ce89a8e0d5e182633adc4c0 to remote] DEBUG org.apache.http.headers - http-outgoing-21 << Content-Type:application/json; charset=utf-8
11:23:17.364 [Forwarding setCurrentWindowSize on session 11c53d742ce89a8e0d5e182633adc4c0 to remote] DEBUG org.apache.http.headers - http-outgoing-21 << cache-control:no-cache
11:23:17.364 [Forwarding setCurrentWindowSize on session 11c53d742ce89a8e0d5e182633adc4c0 to remote] DEBUG org.apache.http.impl.execchain.MainClientExec - Connection can be kept alive indefinitely
11:23:17.364 [Forwarding setCurrentWindowSize on session 11c53d742ce89a8e0d5e182633adc4c0 to remote] DEBUG org.apache.http.impl.conn.PoolingHttpClientConnectionManager - Connection [id: 21][route: {}->http://localhost:6948] can be kept alive indefinitely
11:23:17.364 [Forwarding setCurrentWindowSize on session 11c53d742ce89a8e0d5e182633adc4c0 to remote] DEBUG org.apache.http.impl.conn.PoolingHttpClientConnectionManager - Connection released: [id: 21][route: {}->http://localhost:6948][total kept alive: 22; route allocated: 1 of 2000; total allocated: 22 of 2000]
11:23:17.568 [Forwarding findElement on session 11c53d742ce89a8e0d5e182633adc4c0 to remote] DEBUG org.apache.http.client.protocol.RequestAddCookies - CookieSpec selected: default
11:23:17.568 [Forwarding findElement on session 11c53d742ce89a8e0d5e182633adc4c0 to remote] DEBUG org.apache.http.client.protocol.RequestAuthCache - Auth cache not set in the context
11:23:17.568 [Forwarding findElement on session 11c53d742ce89a8e0d5e182633adc4c0 to remote] DEBUG org.apache.http.impl.conn.PoolingHttpClientConnectionManager - Connection request: [route: {}->http://localhost:6948][total kept alive: 22; route allocated: 1 of 2000; total allocated: 22 of 2000]
11:23:17.568 [Forwarding findElement on session 11c53d742ce89a8e0d5e182633adc4c0 to remote] DEBUG org.apache.http.impl.conn.PoolingHttpClientConnectionManager - Connection leased: [id: 21][route: {}->http://localhost:6948][total kept alive: 21; route allocated: 1 of 2000; total allocated: 22 of 2000]
11:23:17.568 [Forwarding findElement on session 11c53d742ce89a8e0d5e182633adc4c0 to remote] DEBUG org.apache.http.impl.execchain.MainClientExec - Stale connection check
11:23:17.570 [Forwarding findElement on session 11c53d742ce89a8e0d5e182633adc4c0 to remote] DEBUG org.apache.http.wire - http-outgoing-21 << "[read] I/O error: Read timed out"
11:23:17.570 [Forwarding findElement on session 11c53d742ce89a8e0d5e182633adc4c0 to remote] DEBUG org.apache.http.impl.conn.DefaultManagedHttpClientConnection - http-outgoing-21: set socket timeout to 10800000
11:23:17.570 [Forwarding findElement on session 11c53d742ce89a8e0d5e182633adc4c0 to remote] DEBUG org.apache.http.impl.execchain.MainClientExec - Executing request POST /session/11c53d742ce89a8e0d5e182633adc4c0/element HTTP/1.1
11:23:17.570 [Forwarding findElement on session 11c53d742ce89a8e0d5e182633adc4c0 to remote] DEBUG org.apache.http.impl.execchain.MainClientExec - Target auth state: UNCHALLENGED
11:23:17.570 [Forwarding findElement on session 11c53d742ce89a8e0d5e182633adc4c0 to remote] DEBUG org.apache.http.impl.execchain.MainClientExec - Proxy auth state: UNCHALLENGED
11:23:17.570 [Forwarding findElement on session 11c53d742ce89a8e0d5e182633adc4c0 to remote] DEBUG org.apache.http.headers - http-outgoing-21 >> POST /session/11c53d742ce89a8e0d5e182633adc4c0/element HTTP/1.1
11:23:17.570 [Forwarding findElement on session 11c53d742ce89a8e0d5e182633adc4c0 to remote] DEBUG org.apache.http.headers - http-outgoing-21 >> Content-Type: application/json; charset=utf-8
11:23:17.570 [Forwarding findElement on session 11c53d742ce89a8e0d5e182633adc4c0 to remote] DEBUG org.apache.http.headers - http-outgoing-21 >> Content-Length: 58
11:23:17.570 [Forwarding findElement on session 11c53d742ce89a8e0d5e182633adc4c0 to remote] DEBUG org.apache.http.headers - http-outgoing-21 >> Host: localhost:6948
11:23:17.570 [Forwarding findElement on session 11c53d742ce89a8e0d5e182633adc4c0 to remote] DEBUG org.apache.http.headers - http-outgoing-21 >> Connection: Keep-Alive
11:23:17.570 [Forwarding findElement on session 11c53d742ce89a8e0d5e182633adc4c0 to remote] DEBUG org.apache.http.headers - http-outgoing-21 >> User-Agent: Apache-HttpClient/4.5.3 (Java/1.8.0_211)
11:23:17.570 [Forwarding findElement on session 11c53d742ce89a8e0d5e182633adc4c0 to remote] DEBUG org.apache.http.headers - http-outgoing-21 >> Accept-Encoding: gzip,deflate
11:23:17.570 [Forwarding findElement on session 11c53d742ce89a8e0d5e182633adc4c0 to remote] DEBUG org.apache.http.wire - http-outgoing-21 >> "POST /session/11c53d742ce89a8e0d5e182633adc4c0/element HTTP/1.1[\r][\n]"
11:23:17.570 [Forwarding findElement on session 11c53d742ce89a8e0d5e182633adc4c0 to remote] DEBUG org.apache.http.wire - http-outgoing-21 >> "Content-Type: application/json; charset=utf-8[\r][\n]"
11:23:17.570 [Forwarding findElement on session 11c53d742ce89a8e0d5e182633adc4c0 to remote] DEBUG org.apache.http.wire - http-outgoing-21 >> "Content-Length: 58[\r][\n]"
11:23:17.570 [Forwarding findElement on session 11c53d742ce89a8e0d5e182633adc4c0 to remote] DEBUG org.apache.http.wire - http-outgoing-21 >> "Host: localhost:6948[\r][\n]"
11:23:17.570 [Forwarding findElement on session 11c53d742ce89a8e0d5e182633adc4c0 to remote] DEBUG org.apache.http.wire - http-outgoing-21 >> "Connection: Keep-Alive[\r][\n]"
11:23:17.570 [Forwarding findElement on session 11c53d742ce89a8e0d5e182633adc4c0 to remote] DEBUG org.apache.http.wire - http-outgoing-21 >> "User-Agent: Apache-HttpClient/4.5.3 (Java/1.8.0_211)[\r][\n]"
11:23:17.570 [Forwarding findElement on session 11c53d742ce89a8e0d5e182633adc4c0 to remote] DEBUG org.apache.http.wire - http-outgoing-21 >> "Accept-Encoding: gzip,deflate[\r][\n]"
11:23:17.570 [Forwarding findElement on session 11c53d742ce89a8e0d5e182633adc4c0 to remote] DEBUG org.apache.http.wire - http-outgoing-21 >> "[\r][\n]"
11:23:17.570 [Forwarding findElement on session 11c53d742ce89a8e0d5e182633adc4c0 to remote] DEBUG org.apache.http.wire - http-outgoing-21 >> "{"value":".dropdown-toggle > span","using":"css selector"}"
11:23:17.578 [Forwarding findElement on session 11c53d742ce89a8e0d5e182633adc4c0 to remote] DEBUG org.apache.http.wire - http-outgoing-21 << "HTTP/1.1 200 OK[\r][\n]"
11:23:17.578 [Forwarding findElement on session 11c53d742ce89a8e0d5e182633adc4c0 to remote] DEBUG org.apache.http.wire - http-outgoing-21 << "Content-Length:88[\r][\n]"
11:23:17.578 [Forwarding findElement on session 11c53d742ce89a8e0d5e182633adc4c0 to remote] DEBUG org.apache.http.wire - http-outgoing-21 << "Content-Type:application/json; charset=utf-8[\r][\n]"
11:23:17.578 [Forwarding findElement on session 11c53d742ce89a8e0d5e182633adc4c0 to remote] DEBUG org.apache.http.wire - http-outgoing-21 << "cache-control:no-cache[\r][\n]"
11:23:17.578 [Forwarding findElement on session 11c53d742ce89a8e0d5e182633adc4c0 to remote] DEBUG org.apache.http.wire - http-outgoing-21 << "[\r][\n]"
11:23:17.578 [Forwarding findElement on session 11c53d742ce89a8e0d5e182633adc4c0 to remote] DEBUG org.apache.http.wire - http-outgoing-21 << "{"value":{"element-6066-11e4-a52e-4f735466cecf":"26588fcb-7cca-4234-8558-a46612948114"}}"
11:23:17.578 [Forwarding findElement on session 11c53d742ce89a8e0d5e182633adc4c0 to remote] DEBUG org.apache.http.headers - http-outgoing-21 << HTTP/1.1 200 OK
11:23:17.578 [Forwarding findElement on session 11c53d742ce89a8e0d5e182633adc4c0 to remote] DEBUG org.apache.http.headers - http-outgoing-21 << Content-Length:88
11:23:17.578 [Forwarding findElement on session 11c53d742ce89a8e0d5e182633adc4c0 to remote] DEBUG org.apache.http.headers - http-outgoing-21 << Content-Type:application/json; charset=utf-8
11:23:17.578 [Forwarding findElement on session 11c53d742ce89a8e0d5e182633adc4c0 to remote] DEBUG org.apache.http.headers - http-outgoing-21 << cache-control:no-cache
11:23:17.578 [Forwarding findElement on session 11c53d742ce89a8e0d5e182633adc4c0 to remote] DEBUG org.apache.http.impl.execchain.MainClientExec - Connection can be kept alive indefinitely
11:23:17.578 [Forwarding findElement on session 11c53d742ce89a8e0d5e182633adc4c0 to remote] DEBUG org.apache.http.impl.conn.PoolingHttpClientConnectionManager - Connection [id: 21][route: {}->http://localhost:6948] can be kept alive indefinitely
11:23:17.578 [Forwarding findElement on session 11c53d742ce89a8e0d5e182633adc4c0 to remote] DEBUG org.apache.http.impl.conn.PoolingHttpClientConnectionManager - Connection released: [id: 21][route: {}->http://localhost:6948][total kept alive: 22; route allocated: 1 of 2000; total allocated: 22 of 2000]
11:23:17.578 [Forwarding actions on session 11c53d742ce89a8e0d5e182633adc4c0 to remote] DEBUG org.apache.http.client.protocol.RequestAddCookies - CookieSpec selected: default
11:23:17.578 [Forwarding actions on session 11c53d742ce89a8e0d5e182633adc4c0 to remote] DEBUG org.apache.http.client.protocol.RequestAuthCache - Auth cache not set in the context
11:23:17.578 [Forwarding actions on session 11c53d742ce89a8e0d5e182633adc4c0 to remote] DEBUG org.apache.http.impl.conn.PoolingHttpClientConnectionManager - Connection request: [route: {}->http://localhost:6948][total kept alive: 22; route allocated: 1 of 2000; total allocated: 22 of 2000]
11:23:17.578 [Forwarding actions on session 11c53d742ce89a8e0d5e182633adc4c0 to remote] DEBUG org.apache.http.impl.conn.PoolingHttpClientConnectionManager - Connection leased: [id: 21][route: {}->http://localhost:6948][total kept alive: 21; route allocated: 1 of 2000; total allocated: 22 of 2000]
11:23:17.578 [Forwarding actions on session 11c53d742ce89a8e0d5e182633adc4c0 to remote] DEBUG org.apache.http.impl.execchain.MainClientExec - Stale connection check
11:23:17.580 [Forwarding actions on session 11c53d742ce89a8e0d5e182633adc4c0 to remote] DEBUG org.apache.http.wire - http-outgoing-21 << "[read] I/O error: Read timed out"
11:23:17.580 [Forwarding actions on session 11c53d742ce89a8e0d5e182633adc4c0 to remote] DEBUG org.apache.http.impl.conn.DefaultManagedHttpClientConnection - http-outgoing-21: set socket timeout to 10800000
11:23:17.580 [Forwarding actions on session 11c53d742ce89a8e0d5e182633adc4c0 to remote] DEBUG org.apache.http.impl.execchain.MainClientExec - Executing request POST /session/11c53d742ce89a8e0d5e182633adc4c0/actions HTTP/1.1
11:23:17.580 [Forwarding actions on session 11c53d742ce89a8e0d5e182633adc4c0 to remote] DEBUG org.apache.http.impl.execchain.MainClientExec - Target auth state: UNCHALLENGED
11:23:17.580 [Forwarding actions on session 11c53d742ce89a8e0d5e182633adc4c0 to remote] DEBUG org.apache.http.impl.execchain.MainClientExec - Proxy auth state: UNCHALLENGED
11:23:17.580 [Forwarding actions on session 11c53d742ce89a8e0d5e182633adc4c0 to remote] DEBUG org.apache.http.headers - http-outgoing-21 >> POST /session/11c53d742ce89a8e0d5e182633adc4c0/actions HTTP/1.1
11:23:17.580 [Forwarding actions on session 11c53d742ce89a8e0d5e182633adc4c0 to remote] DEBUG org.apache.http.headers - http-outgoing-21 >> Content-Type: application/json; charset=utf-8
11:23:17.580 [Forwarding actions on session 11c53d742ce89a8e0d5e182633adc4c0 to remote] DEBUG org.apache.http.headers - http-outgoing-21 >> Content-Length: 289
11:23:17.580 [Forwarding actions on session 11c53d742ce89a8e0d5e182633adc4c0 to remote] DEBUG org.apache.http.headers - http-outgoing-21 >> Host: localhost:6948
11:23:17.580 [Forwarding actions on session 11c53d742ce89a8e0d5e182633adc4c0 to remote] DEBUG org.apache.http.headers - http-outgoing-21 >> Connection: Keep-Alive
11:23:17.580 [Forwarding actions on session 11c53d742ce89a8e0d5e182633adc4c0 to remote] DEBUG org.apache.http.headers - http-outgoing-21 >> User-Agent: Apache-HttpClient/4.5.3 (Java/1.8.0_211)
11:23:17.580 [Forwarding actions on session 11c53d742ce89a8e0d5e182633adc4c0 to remote] DEBUG org.apache.http.headers - http-outgoing-21 >> Accept-Encoding: gzip,deflate
11:23:17.580 [Forwarding actions on session 11c53d742ce89a8e0d5e182633adc4c0 to remote] DEBUG org.apache.http.wire - http-outgoing-21 >> "POST /session/11c53d742ce89a8e0d5e182633adc4c0/actions HTTP/1.1[\r][\n]"
11:23:17.580 [Forwarding actions on session 11c53d742ce89a8e0d5e182633adc4c0 to remote] DEBUG org.apache.http.wire - http-outgoing-21 >> "Content-Type: application/json; charset=utf-8[\r][\n]"
11:23:17.580 [Forwarding actions on session 11c53d742ce89a8e0d5e182633adc4c0 to remote] DEBUG org.apache.http.wire - http-outgoing-21 >> "Content-Length: 289[\r][\n]"
11:23:17.580 [Forwarding actions on session 11c53d742ce89a8e0d5e182633adc4c0 to remote] DEBUG org.apache.http.wire - http-outgoing-21 >> "Host: localhost:6948[\r][\n]"
11:23:17.580 [Forwarding actions on session 11c53d742ce89a8e0d5e182633adc4c0 to remote] DEBUG org.apache.http.wire - http-outgoing-21 >> "Connection: Keep-Alive[\r][\n]"
11:23:17.580 [Forwarding actions on session 11c53d742ce89a8e0d5e182633adc4c0 to remote] DEBUG org.apache.http.wire - http-outgoing-21 >> "User-Agent: Apache-HttpClient/4.5.3 (Java/1.8.0_211)[\r][\n]"
11:23:17.580 [Forwarding actions on session 11c53d742ce89a8e0d5e182633adc4c0 to remote] DEBUG org.apache.http.wire - http-outgoing-21 >> "Accept-Encoding: gzip,deflate[\r][\n]"
11:23:17.580 [Forwarding actions on session 11c53d742ce89a8e0d5e182633adc4c0 to remote] DEBUG org.apache.http.wire - http-outgoing-21 >> "[\r][\n]"
11:23:17.580 [Forwarding actions on session 11c53d742ce89a8e0d5e182633adc4c0 to remote] DEBUG org.apache.http.wire - http-outgoing-21 >> "{"actions":[{"id":"default mouse","type":"pointer","parameters":{"pointerType":"mouse"},"actions":[{"duration":100,"x":0,"y":0,"type":"pointerMove","origin":{"ELEMENT":"26588fcb-7cca-4234-8558-a46612948114","element-6066-11e4-a52e-4f735466cecf":"26588fcb-7cca-4234-8558-a46612948114"}}]}]}"
11:23:17.695 [Forwarding actions on session 11c53d742ce89a8e0d5e182633adc4c0 to remote] DEBUG org.apache.http.wire - http-outgoing-21 << "HTTP/1.1 200 OK[\r][\n]"
11:23:17.695 [Forwarding actions on session 11c53d742ce89a8e0d5e182633adc4c0 to remote] DEBUG org.apache.http.wire - http-outgoing-21 << "Content-Length:14[\r][\n]"
11:23:17.695 [Forwarding actions on session 11c53d742ce89a8e0d5e182633adc4c0 to remote] DEBUG org.apache.http.wire - http-outgoing-21 << "Content-Type:application/json; charset=utf-8[\r][\n]"
11:23:17.695 [Forwarding actions on session 11c53d742ce89a8e0d5e182633adc4c0 to remote] DEBUG org.apache.http.wire - http-outgoing-21 << "cache-control:no-cache[\r][\n]"
11:23:17.695 [Forwarding actions on session 11c53d742ce89a8e0d5e182633adc4c0 to remote] DEBUG org.apache.http.wire - http-outgoing-21 << "[\r][\n]"
11:23:17.695 [Forwarding actions on session 11c53d742ce89a8e0d5e182633adc4c0 to remote] DEBUG org.apache.http.wire - http-outgoing-21 << "{"value":null}"
11:23:17.695 [Forwarding actions on session 11c53d742ce89a8e0d5e182633adc4c0 to remote] DEBUG org.apache.http.headers - http-outgoing-21 << HTTP/1.1 200 OK
11:23:17.695 [Forwarding actions on session 11c53d742ce89a8e0d5e182633adc4c0 to remote] DEBUG org.apache.http.headers - http-outgoing-21 << Content-Length:14
11:23:17.695 [Forwarding actions on session 11c53d742ce89a8e0d5e182633adc4c0 to remote] DEBUG org.apache.http.headers - http-outgoing-21 << Content-Type:application/json; charset=utf-8
11:23:17.695 [Forwarding actions on session 11c53d742ce89a8e0d5e182633adc4c0 to remote] DEBUG org.apache.http.headers - http-outgoing-21 << cache-control:no-cache
11:23:17.695 [Forwarding actions on session 11c53d742ce89a8e0d5e182633adc4c0 to remote] DEBUG org.apache.http.impl.execchain.MainClientExec - Connection can be kept alive indefinitely
11:23:17.695 [Forwarding actions on session 11c53d742ce89a8e0d5e182633adc4c0 to remote] DEBUG org.apache.http.impl.conn.PoolingHttpClientConnectionManager - Connection [id: 21][route: {}->http://localhost:6948] can be kept alive indefinitely
11:23:17.695 [Forwarding actions on session 11c53d742ce89a8e0d5e182633adc4c0 to remote] DEBUG org.apache.http.impl.conn.PoolingHttpClientConnectionManager - Connection released: [id: 21][route: {}->http://localhost:6948][total kept alive: 22; route allocated: 1 of 2000; total allocated: 22 of 2000]
11:23:17.695 [Forwarding findElement on session 11c53d742ce89a8e0d5e182633adc4c0 to remote] DEBUG org.apache.http.client.protocol.RequestAddCookies - CookieSpec selected: default
11:23:17.695 [Forwarding findElement on session 11c53d742ce89a8e0d5e182633adc4c0 to remote] DEBUG org.apache.http.client.protocol.RequestAuthCache - Auth cache not set in the context
11:23:17.695 [Forwarding findElement on session 11c53d742ce89a8e0d5e182633adc4c0 to remote] DEBUG org.apache.http.impl.conn.PoolingHttpClientConnectionManager - Connection request: [route: {}->http://localhost:6948][total kept alive: 22; route allocated: 1 of 2000; total allocated: 22 of 2000]
11:23:17.696 [Forwarding findElement on session 11c53d742ce89a8e0d5e182633adc4c0 to remote] DEBUG org.apache.http.impl.conn.PoolingHttpClientConnectionManager - Connection leased: [id: 21][route: {}->http://localhost:6948][total kept alive: 21; route allocated: 1 of 2000; total allocated: 22 of 2000]
11:23:17.696 [Forwarding findElement on session 11c53d742ce89a8e0d5e182633adc4c0 to remote] DEBUG org.apache.http.impl.execchain.MainClientExec - Stale connection check
11:23:17.697 [Forwarding findElement on session 11c53d742ce89a8e0d5e182633adc4c0 to remote] DEBUG org.apache.http.wire - http-outgoing-21 << "[read] I/O error: Read timed out"
11:23:17.697 [Forwarding findElement on session 11c53d742ce89a8e0d5e182633adc4c0 to remote] DEBUG org.apache.http.impl.conn.DefaultManagedHttpClientConnection - http-outgoing-21: set socket timeout to 10800000
11:23:17.697 [Forwarding findElement on session 11c53d742ce89a8e0d5e182633adc4c0 to remote] DEBUG org.apache.http.impl.execchain.MainClientExec - Executing request POST /session/11c53d742ce89a8e0d5e182633adc4c0/element HTTP/1.1
11:23:17.697 [Forwarding findElement on session 11c53d742ce89a8e0d5e182633adc4c0 to remote] DEBUG org.apache.http.impl.execchain.MainClientExec - Target auth state: UNCHALLENGED
11:23:17.697 [Forwarding findElement on session 11c53d742ce89a8e0d5e182633adc4c0 to remote] DEBUG org.apache.http.impl.execchain.MainClientExec - Proxy auth state: UNCHALLENGED
11:23:17.697 [Forwarding findElement on session 11c53d742ce89a8e0d5e182633adc4c0 to remote] DEBUG org.apache.http.headers - http-outgoing-21 >> POST /session/11c53d742ce89a8e0d5e182633adc4c0/element HTTP/1.1
11:23:17.697 [Forwarding findElement on session 11c53d742ce89a8e0d5e182633adc4c0 to remote] DEBUG org.apache.http.headers - http-outgoing-21 >> Content-Type: application/json; charset=utf-8
11:23:17.697 [Forwarding findElement on session 11c53d742ce89a8e0d5e182633adc4c0 to remote] DEBUG org.apache.http.headers - http-outgoing-21 >> Content-Length: 58
11:23:17.697 [Forwarding findElement on session 11c53d742ce89a8e0d5e182633adc4c0 to remote] DEBUG org.apache.http.headers - http-outgoing-21 >> Host: localhost:6948
11:23:17.697 [Forwarding findElement on session 11c53d742ce89a8e0d5e182633adc4c0 to remote] DEBUG org.apache.http.headers - http-outgoing-21 >> Connection: Keep-Alive
11:23:17.697 [Forwarding findElement on session 11c53d742ce89a8e0d5e182633adc4c0 to remote] DEBUG org.apache.http.headers - http-outgoing-21 >> User-Agent: Apache-HttpClient/4.5.3 (Java/1.8.0_211)
11:23:17.697 [Forwarding findElement on session 11c53d742ce89a8e0d5e182633adc4c0 to remote] DEBUG org.apache.http.headers - http-outgoing-21 >> Accept-Encoding: gzip,deflate
11:23:17.697 [Forwarding findElement on session 11c53d742ce89a8e0d5e182633adc4c0 to remote] DEBUG org.apache.http.wire - http-outgoing-21 >> "POST /session/11c53d742ce89a8e0d5e182633adc4c0/element HTTP/1.1[\r][\n]"
11:23:17.697 [Forwarding findElement on session 11c53d742ce89a8e0d5e182633adc4c0 to remote] DEBUG org.apache.http.wire - http-outgoing-21 >> "Content-Type: application/json; charset=utf-8[\r][\n]"
11:23:17.697 [Forwarding findElement on session 11c53d742ce89a8e0d5e182633adc4c0 to remote] DEBUG org.apache.http.wire - http-outgoing-21 >> "Content-Length: 58[\r][\n]"
11:23:17.697 [Forwarding findElement on session 11c53d742ce89a8e0d5e182633adc4c0 to remote] DEBUG org.apache.http.wire - http-outgoing-21 >> "Host: localhost:6948[\r][\n]"
11:23:17.697 [Forwarding findElement on session 11c53d742ce89a8e0d5e182633adc4c0 to remote] DEBUG org.apache.http.wire - http-outgoing-21 >> "Connection: Keep-Alive[\r][\n]"
11:23:17.697 [Forwarding findElement on session 11c53d742ce89a8e0d5e182633adc4c0 to remote] DEBUG org.apache.http.wire - http-outgoing-21 >> "User-Agent: Apache-HttpClient/4.5.3 (Java/1.8.0_211)[\r][\n]"
11:23:17.697 [Forwarding findElement on session 11c53d742ce89a8e0d5e182633adc4c0 to remote] DEBUG org.apache.http.wire - http-outgoing-21 >> "Accept-Encoding: gzip,deflate[\r][\n]"
11:23:17.697 [Forwarding findElement on session 11c53d742ce89a8e0d5e182633adc4c0 to remote] DEBUG org.apache.http.wire - http-outgoing-21 >> "[\r][\n]"
11:23:17.697 [Forwarding findElement on session 11c53d742ce89a8e0d5e182633adc4c0 to remote] DEBUG org.apache.http.wire - http-outgoing-21 >> "{"value":".px-2:nth-child(3) span","using":"css selector"}"
11:23:17.702 [Forwarding findElement on session 11c53d742ce89a8e0d5e182633adc4c0 to remote] DEBUG org.apache.http.wire - http-outgoing-21 << "HTTP/1.1 200 OK[\r][\n]"
11:23:17.702 [Forwarding findElement on session 11c53d742ce89a8e0d5e182633adc4c0 to remote] DEBUG org.apache.http.wire - http-outgoing-21 << "Content-Length:88[\r][\n]"
11:23:17.702 [Forwarding findElement on session 11c53d742ce89a8e0d5e182633adc4c0 to remote] DEBUG org.apache.http.wire - http-outgoing-21 << "Content-Type:application/json; charset=utf-8[\r][\n]"
11:23:17.702 [Forwarding findElement on session 11c53d742ce89a8e0d5e182633adc4c0 to remote] DEBUG org.apache.http.wire - http-outgoing-21 << "cache-control:no-cache[\r][\n]"
11:23:17.702 [Forwarding findElement on session 11c53d742ce89a8e0d5e182633adc4c0 to remote] DEBUG org.apache.http.wire - http-outgoing-21 << "[\r][\n]"
11:23:17.702 [Forwarding findElement on session 11c53d742ce89a8e0d5e182633adc4c0 to remote] DEBUG org.apache.http.wire - http-outgoing-21 << "{"value":{"element-6066-11e4-a52e-4f735466cecf":"10f09a86-a9c2-4f11-9360-5782ef600d97"}}"
11:23:17.702 [Forwarding findElement on session 11c53d742ce89a8e0d5e182633adc4c0 to remote] DEBUG org.apache.http.headers - http-outgoing-21 << HTTP/1.1 200 OK
11:23:17.702 [Forwarding findElement on session 11c53d742ce89a8e0d5e182633adc4c0 to remote] DEBUG org.apache.http.headers - http-outgoing-21 << Content-Length:88
11:23:17.702 [Forwarding findElement on session 11c53d742ce89a8e0d5e182633adc4c0 to remote] DEBUG org.apache.http.headers - http-outgoing-21 << Content-Type:application/json; charset=utf-8
11:23:17.702 [Forwarding findElement on session 11c53d742ce89a8e0d5e182633adc4c0 to remote] DEBUG org.apache.http.headers - http-outgoing-21 << cache-control:no-cache
11:23:17.702 [Forwarding findElement on session 11c53d742ce89a8e0d5e182633adc4c0 to remote] DEBUG org.apache.http.impl.execchain.MainClientExec - Connection can be kept alive indefinitely
11:23:17.702 [Forwarding findElement on session 11c53d742ce89a8e0d5e182633adc4c0 to remote] DEBUG org.apache.http.impl.conn.PoolingHttpClientConnectionManager - Connection [id: 21][route: {}->http://localhost:6948] can be kept alive indefinitely
11:23:17.702 [Forwarding findElement on session 11c53d742ce89a8e0d5e182633adc4c0 to remote] DEBUG org.apache.http.impl.conn.PoolingHttpClientConnectionManager - Connection released: [id: 21][route: {}->http://localhost:6948][total kept alive: 22; route allocated: 1 of 2000; total allocated: 22 of 2000]
11:23:17.702 [Forwarding clickElement on session 11c53d742ce89a8e0d5e182633adc4c0 to remote] DEBUG org.apache.http.client.protocol.RequestAddCookies - CookieSpec selected: default
11:23:17.702 [Forwarding clickElement on session 11c53d742ce89a8e0d5e182633adc4c0 to remote] DEBUG org.apache.http.client.protocol.RequestAuthCache - Auth cache not set in the context
11:23:17.702 [Forwarding clickElement on session 11c53d742ce89a8e0d5e182633adc4c0 to remote] DEBUG org.apache.http.impl.conn.PoolingHttpClientConnectionManager - Connection request: [route: {}->http://localhost:6948][total kept alive: 22; route allocated: 1 of 2000; total allocated: 22 of 2000]
11:23:17.702 [Forwarding clickElement on session 11c53d742ce89a8e0d5e182633adc4c0 to remote] DEBUG org.apache.http.impl.conn.PoolingHttpClientConnectionManager - Connection leased: [id: 21][route: {}->http://localhost:6948][total kept alive: 21; route allocated: 1 of 2000; total allocated: 22 of 2000]
11:23:17.702 [Forwarding clickElement on session 11c53d742ce89a8e0d5e182633adc4c0 to remote] DEBUG org.apache.http.impl.execchain.MainClientExec - Stale connection check
11:23:17.704 [Forwarding clickElement on session 11c53d742ce89a8e0d5e182633adc4c0 to remote] DEBUG org.apache.http.wire - http-outgoing-21 << "[read] I/O error: Read timed out"
11:23:17.704 [Forwarding clickElement on session 11c53d742ce89a8e0d5e182633adc4c0 to remote] DEBUG org.apache.http.impl.conn.DefaultManagedHttpClientConnection - http-outgoing-21: set socket timeout to 10800000
11:23:17.704 [Forwarding clickElement on session 11c53d742ce89a8e0d5e182633adc4c0 to remote] DEBUG org.apache.http.impl.execchain.MainClientExec - Executing request POST /session/11c53d742ce89a8e0d5e182633adc4c0/element/10f09a86-a9c2-4f11-9360-5782ef600d97/click HTTP/1.1
11:23:17.704 [Forwarding clickElement on session 11c53d742ce89a8e0d5e182633adc4c0 to remote] DEBUG org.apache.http.impl.execchain.MainClientExec - Target auth state: UNCHALLENGED
11:23:17.704 [Forwarding clickElement on session 11c53d742ce89a8e0d5e182633adc4c0 to remote] DEBUG org.apache.http.impl.execchain.MainClientExec - Proxy auth state: UNCHALLENGED
11:23:17.704 [Forwarding clickElement on session 11c53d742ce89a8e0d5e182633adc4c0 to remote] DEBUG org.apache.http.headers - http-outgoing-21 >> POST /session/11c53d742ce89a8e0d5e182633adc4c0/element/10f09a86-a9c2-4f11-9360-5782ef600d97/click HTTP/1.1
11:23:17.704 [Forwarding clickElement on session 11c53d742ce89a8e0d5e182633adc4c0 to remote] DEBUG org.apache.http.headers - http-outgoing-21 >> Content-Type: application/json; charset=utf-8
11:23:17.704 [Forwarding clickElement on session 11c53d742ce89a8e0d5e182633adc4c0 to remote] DEBUG org.apache.http.headers - http-outgoing-21 >> Content-Length: 45
11:23:17.704 [Forwarding clickElement on session 11c53d742ce89a8e0d5e182633adc4c0 to remote] DEBUG org.apache.http.headers - http-outgoing-21 >> Host: localhost:6948
11:23:17.704 [Forwarding clickElement on session 11c53d742ce89a8e0d5e182633adc4c0 to remote] DEBUG org.apache.http.headers - http-outgoing-21 >> Connection: Keep-Alive
11:23:17.704 [Forwarding clickElement on session 11c53d742ce89a8e0d5e182633adc4c0 to remote] DEBUG org.apache.http.headers - http-outgoing-21 >> User-Agent: Apache-HttpClient/4.5.3 (Java/1.8.0_211)
11:23:17.704 [Forwarding clickElement on session 11c53d742ce89a8e0d5e182633adc4c0 to remote] DEBUG org.apache.http.headers - http-outgoing-21 >> Accept-Encoding: gzip,deflate
11:23:17.704 [Forwarding clickElement on session 11c53d742ce89a8e0d5e182633adc4c0 to remote] DEBUG org.apache.http.wire - http-outgoing-21 >> "POST /session/11c53d742ce89a8e0d5e182633adc4c0/element/10f09a86-a9c2-4f11-9360-5782ef600d97/click HTTP/1.1[\r][\n]"
11:23:17.704 [Forwarding clickElement on session 11c53d742ce89a8e0d5e182633adc4c0 to remote] DEBUG org.apache.http.wire - http-outgoing-21 >> "Content-Type: application/json; charset=utf-8[\r][\n]"
11:23:17.704 [Forwarding clickElement on session 11c53d742ce89a8e0d5e182633adc4c0 to remote] DEBUG org.apache.http.wire - http-outgoing-21 >> "Content-Length: 45[\r][\n]"
11:23:17.704 [Forwarding clickElement on session 11c53d742ce89a8e0d5e182633adc4c0 to remote] DEBUG org.apache.http.wire - http-outgoing-21 >> "Host: localhost:6948[\r][\n]"
11:23:17.704 [Forwarding clickElement on session 11c53d742ce89a8e0d5e182633adc4c0 to remote] DEBUG org.apache.http.wire - http-outgoing-21 >> "Connection: Keep-Alive[\r][\n]"
11:23:17.704 [Forwarding clickElement on session 11c53d742ce89a8e0d5e182633adc4c0 to remote] DEBUG org.apache.http.wire - http-outgoing-21 >> "User-Agent: Apache-HttpClient/4.5.3 (Java/1.8.0_211)[\r][\n]"
11:23:17.704 [Forwarding clickElement on session 11c53d742ce89a8e0d5e182633adc4c0 to remote] DEBUG org.apache.http.wire - http-outgoing-21 >> "Accept-Encoding: gzip,deflate[\r][\n]"
11:23:17.704 [Forwarding clickElement on session 11c53d742ce89a8e0d5e182633adc4c0 to remote] DEBUG org.apache.http.wire - http-outgoing-21 >> "[\r][\n]"
11:23:17.704 [Forwarding clickElement on session 11c53d742ce89a8e0d5e182633adc4c0 to remote] DEBUG org.apache.http.wire - http-outgoing-21 >> "{"id":"10f09a86-a9c2-4f11-9360-5782ef600d97"}"
11:23:17.759 [Forwarding clickElement on session 11c53d742ce89a8e0d5e182633adc4c0 to remote] DEBUG org.apache.http.wire - http-outgoing-21 << "HTTP/1.1 200 OK[\r][\n]"
11:23:17.759 [Forwarding clickElement on session 11c53d742ce89a8e0d5e182633adc4c0 to remote] DEBUG org.apache.http.wire - http-outgoing-21 << "Content-Length:14[\r][\n]"
11:23:17.759 [Forwarding clickElement on session 11c53d742ce89a8e0d5e182633adc4c0 to remote] DEBUG org.apache.http.wire - http-outgoing-21 << "Content-Type:application/json; charset=utf-8[\r][\n]"
11:23:17.759 [Forwarding clickElement on session 11c53d742ce89a8e0d5e182633adc4c0 to remote] DEBUG org.apache.http.wire - http-outgoing-21 << "cache-control:no-cache[\r][\n]"
11:23:17.759 [Forwarding clickElement on session 11c53d742ce89a8e0d5e182633adc4c0 to remote] DEBUG org.apache.http.wire - http-outgoing-21 << "[\r][\n]"
11:23:17.759 [Forwarding clickElement on session 11c53d742ce89a8e0d5e182633adc4c0 to remote] DEBUG org.apache.http.wire - http-outgoing-21 << "{"value":null}"
11:23:17.759 [Forwarding clickElement on session 11c53d742ce89a8e0d5e182633adc4c0 to remote] DEBUG org.apache.http.headers - http-outgoing-21 << HTTP/1.1 200 OK
11:23:17.759 [Forwarding clickElement on session 11c53d742ce89a8e0d5e182633adc4c0 to remote] DEBUG org.apache.http.headers - http-outgoing-21 << Content-Length:14
11:23:17.759 [Forwarding clickElement on session 11c53d742ce89a8e0d5e182633adc4c0 to remote] DEBUG org.apache.http.headers - http-outgoing-21 << Content-Type:application/json; charset=utf-8
11:23:17.759 [Forwarding clickElement on session 11c53d742ce89a8e0d5e182633adc4c0 to remote] DEBUG org.apache.http.headers - http-outgoing-21 << cache-control:no-cache
11:23:17.759 [Forwarding clickElement on session 11c53d742ce89a8e0d5e182633adc4c0 to remote] DEBUG org.apache.http.impl.execchain.MainClientExec - Connection can be kept alive indefinitely
11:23:17.759 [Forwarding clickElement on session 11c53d742ce89a8e0d5e182633adc4c0 to remote] DEBUG org.apache.http.impl.conn.PoolingHttpClientConnectionManager - Connection [id: 21][route: {}->http://localhost:6948] can be kept alive indefinitely
11:23:17.759 [Forwarding clickElement on session 11c53d742ce89a8e0d5e182633adc4c0 to remote] DEBUG org.apache.http.impl.conn.PoolingHttpClientConnectionManager - Connection released: [id: 21][route: {}->http://localhost:6948][total kept alive: 22; route allocated: 1 of 2000; total allocated: 22 of 2000]
11:23:17.759 [Forwarding findElement on session 11c53d742ce89a8e0d5e182633adc4c0 to remote] DEBUG org.apache.http.client.protocol.RequestAddCookies - CookieSpec selected: default
11:23:17.759 [Forwarding findElement on session 11c53d742ce89a8e0d5e182633adc4c0 to remote] DEBUG org.apache.http.client.protocol.RequestAuthCache - Auth cache not set in the context
11:23:17.759 [Forwarding findElement on session 11c53d742ce89a8e0d5e182633adc4c0 to remote] DEBUG org.apache.http.impl.conn.PoolingHttpClientConnectionManager - Connection request: [route: {}->http://localhost:6948][total kept alive: 22; route allocated: 1 of 2000; total allocated: 22 of 2000]
11:23:17.759 [Forwarding findElement on session 11c53d742ce89a8e0d5e182633adc4c0 to remote] DEBUG org.apache.http.impl.conn.PoolingHttpClientConnectionManager - Connection leased: [id: 21][route: {}->http://localhost:6948][total kept alive: 21; route allocated: 1 of 2000; total allocated: 22 of 2000]
11:23:17.759 [Forwarding findElement on session 11c53d742ce89a8e0d5e182633adc4c0 to remote] DEBUG org.apache.http.impl.execchain.MainClientExec - Stale connection check
11:23:17.761 [Forwarding findElement on session 11c53d742ce89a8e0d5e182633adc4c0 to remote] DEBUG org.apache.http.wire - http-outgoing-21 << "[read] I/O error: Read timed out"
11:23:17.761 [Forwarding findElement on session 11c53d742ce89a8e0d5e182633adc4c0 to remote] DEBUG org.apache.http.impl.conn.DefaultManagedHttpClientConnection - http-outgoing-21: set socket timeout to 10800000
11:23:17.761 [Forwarding findElement on session 11c53d742ce89a8e0d5e182633adc4c0 to remote] DEBUG org.apache.http.impl.execchain.MainClientExec - Executing request POST /session/11c53d742ce89a8e0d5e182633adc4c0/element HTTP/1.1
11:23:17.761 [Forwarding findElement on session 11c53d742ce89a8e0d5e182633adc4c0 to remote] DEBUG org.apache.http.impl.execchain.MainClientExec - Target auth state: UNCHALLENGED
11:23:17.761 [Forwarding findElement on session 11c53d742ce89a8e0d5e182633adc4c0 to remote] DEBUG org.apache.http.impl.execchain.MainClientExec - Proxy auth state: UNCHALLENGED
11:23:17.761 [Forwarding findElement on session 11c53d742ce89a8e0d5e182633adc4c0 to remote] DEBUG org.apache.http.headers - http-outgoing-21 >> POST /session/11c53d742ce89a8e0d5e182633adc4c0/element HTTP/1.1
11:23:17.761 [Forwarding findElement on session 11c53d742ce89a8e0d5e182633adc4c0 to remote] DEBUG org.apache.http.headers - http-outgoing-21 >> Content-Type: application/json; charset=utf-8
11:23:17.761 [Forwarding findElement on session 11c53d742ce89a8e0d5e182633adc4c0 to remote] DEBUG org.apache.http.headers - http-outgoing-21 >> Content-Length: 61
11:23:17.761 [Forwarding findElement on session 11c53d742ce89a8e0d5e182633adc4c0 to remote] DEBUG org.apache.http.headers - http-outgoing-21 >> Host: localhost:6948
11:23:17.761 [Forwarding findElement on session 11c53d742ce89a8e0d5e182633adc4c0 to remote] DEBUG org.apache.http.headers - http-outgoing-21 >> Connection: Keep-Alive
11:23:17.761 [Forwarding findElement on session 11c53d742ce89a8e0d5e182633adc4c0 to remote] DEBUG org.apache.http.headers - http-outgoing-21 >> User-Agent: Apache-HttpClient/4.5.3 (Java/1.8.0_211)
11:23:17.761 [Forwarding findElement on session 11c53d742ce89a8e0d5e182633adc4c0 to remote] DEBUG org.apache.http.headers - http-outgoing-21 >> Accept-Encoding: gzip,deflate
11:23:17.761 [Forwarding findElement on session 11c53d742ce89a8e0d5e182633adc4c0 to remote] DEBUG org.apache.http.wire - http-outgoing-21 >> "POST /session/11c53d742ce89a8e0d5e182633adc4c0/element HTTP/1.1[\r][\n]"
11:23:17.761 [Forwarding findElement on session 11c53d742ce89a8e0d5e182633adc4c0 to remote] DEBUG org.apache.http.wire - http-outgoing-21 >> "Content-Type: application/json; charset=utf-8[\r][\n]"
11:23:17.761 [Forwarding findElement on session 11c53d742ce89a8e0d5e182633adc4c0 to remote] DEBUG org.apache.http.wire - http-outgoing-21 >> "Content-Length: 61[\r][\n]"
11:23:17.761 [Forwarding findElement on session 11c53d742ce89a8e0d5e182633adc4c0 to remote] DEBUG org.apache.http.wire - http-outgoing-21 >> "Host: localhost:6948[\r][\n]"
11:23:17.761 [Forwarding findElement on session 11c53d742ce89a8e0d5e182633adc4c0 to remote] DEBUG org.apache.http.wire - http-outgoing-21 >> "Connection: Keep-Alive[\r][\n]"
11:23:17.761 [Forwarding findElement on session 11c53d742ce89a8e0d5e182633adc4c0 to remote] DEBUG org.apache.http.wire - http-outgoing-21 >> "User-Agent: Apache-HttpClient/4.5.3 (Java/1.8.0_211)[\r][\n]"
11:23:17.761 [Forwarding findElement on session 11c53d742ce89a8e0d5e182633adc4c0 to remote] DEBUG org.apache.http.wire - http-outgoing-21 >> "Accept-Encoding: gzip,deflate[\r][\n]"
11:23:17.761 [Forwarding findElement on session 11c53d742ce89a8e0d5e182633adc4c0 to remote] DEBUG org.apache.http.wire - http-outgoing-21 >> "[\r][\n]"
11:23:17.761 [Forwarding findElement on session 11c53d742ce89a8e0d5e182633adc4c0 to remote] DEBUG org.apache.http.wire - http-outgoing-21 >> "{"value":".form-control:nth-child(2)","using":"css selector"}"
11:23:17.768 [Forwarding findElement on session 11c53d742ce89a8e0d5e182633adc4c0 to remote] DEBUG org.apache.http.wire - http-outgoing-21 << "HTTP/1.1 200 OK[\r][\n]"
11:23:17.768 [Forwarding findElement on session 11c53d742ce89a8e0d5e182633adc4c0 to remote] DEBUG org.apache.http.wire - http-outgoing-21 << "Content-Length:88[\r][\n]"
11:23:17.768 [Forwarding findElement on session 11c53d742ce89a8e0d5e182633adc4c0 to remote] DEBUG org.apache.http.wire - http-outgoing-21 << "Content-Type:application/json; charset=utf-8[\r][\n]"
11:23:17.769 [Forwarding findElement on session 11c53d742ce89a8e0d5e182633adc4c0 to remote] DEBUG org.apache.http.wire - http-outgoing-21 << "cache-control:no-cache[\r][\n]"
11:23:17.769 [Forwarding findElement on session 11c53d742ce89a8e0d5e182633adc4c0 to remote] DEBUG org.apache.http.wire - http-outgoing-21 << "[\r][\n]"
11:23:17.769 [Forwarding findElement on session 11c53d742ce89a8e0d5e182633adc4c0 to remote] DEBUG org.apache.http.wire - http-outgoing-21 << "{"value":{"element-6066-11e4-a52e-4f735466cecf":"5ffd7a20-e3ff-41fb-bbc7-9c74d8988d47"}}"
11:23:17.769 [Forwarding findElement on session 11c53d742ce89a8e0d5e182633adc4c0 to remote] DEBUG org.apache.http.headers - http-outgoing-21 << HTTP/1.1 200 OK
11:23:17.769 [Forwarding findElement on session 11c53d742ce89a8e0d5e182633adc4c0 to remote] DEBUG org.apache.http.headers - http-outgoing-21 << Content-Length:88
11:23:17.769 [Forwarding findElement on session 11c53d742ce89a8e0d5e182633adc4c0 to remote] DEBUG org.apache.http.headers - http-outgoing-21 << Content-Type:application/json; charset=utf-8
11:23:17.769 [Forwarding findElement on session 11c53d742ce89a8e0d5e182633adc4c0 to remote] DEBUG org.apache.http.headers - http-outgoing-21 << cache-control:no-cache
11:23:17.769 [Forwarding findElement on session 11c53d742ce89a8e0d5e182633adc4c0 to remote] DEBUG org.apache.http.impl.execchain.MainClientExec - Connection can be kept alive indefinitely
11:23:17.769 [Forwarding findElement on session 11c53d742ce89a8e0d5e182633adc4c0 to remote] DEBUG org.apache.http.impl.conn.PoolingHttpClientConnectionManager - Connection [id: 21][route: {}->http://localhost:6948] can be kept alive indefinitely
11:23:17.769 [Forwarding findElement on session 11c53d742ce89a8e0d5e182633adc4c0 to remote] DEBUG org.apache.http.impl.conn.PoolingHttpClientConnectionManager - Connection released: [id: 21][route: {}->http://localhost:6948][total kept alive: 22; route allocated: 1 of 2000; total allocated: 22 of 2000]
11:23:17.769 [Forwarding clickElement on session 11c53d742ce89a8e0d5e182633adc4c0 to remote] DEBUG org.apache.http.client.protocol.RequestAddCookies - CookieSpec selected: default
11:23:17.769 [Forwarding clickElement on session 11c53d742ce89a8e0d5e182633adc4c0 to remote] DEBUG org.apache.http.client.protocol.RequestAuthCache - Auth cache not set in the context
11:23:17.769 [Forwarding clickElement on session 11c53d742ce89a8e0d5e182633adc4c0 to remote] DEBUG org.apache.http.impl.conn.PoolingHttpClientConnectionManager - Connection request: [route: {}->http://localhost:6948][total kept alive: 22; route allocated: 1 of 2000; total allocated: 22 of 2000]
11:23:17.769 [Forwarding clickElement on session 11c53d742ce89a8e0d5e182633adc4c0 to remote] DEBUG org.apache.http.impl.conn.PoolingHttpClientConnectionManager - Connection leased: [id: 21][route: {}->http://localhost:6948][total kept alive: 21; route allocated: 1 of 2000; total allocated: 22 of 2000]
11:23:17.769 [Forwarding clickElement on session 11c53d742ce89a8e0d5e182633adc4c0 to remote] DEBUG org.apache.http.impl.execchain.MainClientExec - Stale connection check
11:23:17.770 [Forwarding clickElement on session 11c53d742ce89a8e0d5e182633adc4c0 to remote] DEBUG org.apache.http.wire - http-outgoing-21 << "[read] I/O error: Read timed out"
11:23:17.770 [Forwarding clickElement on session 11c53d742ce89a8e0d5e182633adc4c0 to remote] DEBUG org.apache.http.impl.conn.DefaultManagedHttpClientConnection - http-outgoing-21: set socket timeout to 10800000
11:23:17.770 [Forwarding clickElement on session 11c53d742ce89a8e0d5e182633adc4c0 to remote] DEBUG org.apache.http.impl.execchain.MainClientExec - Executing request POST /session/11c53d742ce89a8e0d5e182633adc4c0/element/5ffd7a20-e3ff-41fb-bbc7-9c74d8988d47/click HTTP/1.1
11:23:17.770 [Forwarding clickElement on session 11c53d742ce89a8e0d5e182633adc4c0 to remote] DEBUG org.apache.http.impl.execchain.MainClientExec - Target auth state: UNCHALLENGED
11:23:17.770 [Forwarding clickElement on session 11c53d742ce89a8e0d5e182633adc4c0 to remote] DEBUG org.apache.http.impl.execchain.MainClientExec - Proxy auth state: UNCHALLENGED
11:23:17.770 [Forwarding clickElement on session 11c53d742ce89a8e0d5e182633adc4c0 to remote] DEBUG org.apache.http.headers - http-outgoing-21 >> POST /session/11c53d742ce89a8e0d5e182633adc4c0/element/5ffd7a20-e3ff-41fb-bbc7-9c74d8988d47/click HTTP/1.1
11:23:17.770 [Forwarding clickElement on session 11c53d742ce89a8e0d5e182633adc4c0 to remote] DEBUG org.apache.http.headers - http-outgoing-21 >> Content-Type: application/json; charset=utf-8
11:23:17.770 [Forwarding clickElement on session 11c53d742ce89a8e0d5e182633adc4c0 to remote] DEBUG org.apache.http.headers - http-outgoing-21 >> Content-Length: 45
11:23:17.770 [Forwarding clickElement on session 11c53d742ce89a8e0d5e182633adc4c0 to remote] DEBUG org.apache.http.headers - http-outgoing-21 >> Host: localhost:6948
11:23:17.770 [Forwarding clickElement on session 11c53d742ce89a8e0d5e182633adc4c0 to remote] DEBUG org.apache.http.headers - http-outgoing-21 >> Connection: Keep-Alive
11:23:17.770 [Forwarding clickElement on session 11c53d742ce89a8e0d5e182633adc4c0 to remote] DEBUG org.apache.http.headers - http-outgoing-21 >> User-Agent: Apache-HttpClient/4.5.3 (Java/1.8.0_211)
11:23:17.770 [Forwarding clickElement on session 11c53d742ce89a8e0d5e182633adc4c0 to remote] DEBUG org.apache.http.headers - http-outgoing-21 >> Accept-Encoding: gzip,deflate
11:23:17.770 [Forwarding clickElement on session 11c53d742ce89a8e0d5e182633adc4c0 to remote] DEBUG org.apache.http.wire - http-outgoing-21 >> "POST /session/11c53d742ce89a8e0d5e182633adc4c0/element/5ffd7a20-e3ff-41fb-bbc7-9c74d8988d47/click HTTP/1.1[\r][\n]"
11:23:17.770 [Forwarding clickElement on session 11c53d742ce89a8e0d5e182633adc4c0 to remote] DEBUG org.apache.http.wire - http-outgoing-21 >> "Content-Type: application/json; charset=utf-8[\r][\n]"
11:23:17.770 [Forwarding clickElement on session 11c53d742ce89a8e0d5e182633adc4c0 to remote] DEBUG org.apache.http.wire - http-outgoing-21 >> "Content-Length: 45[\r][\n]"
11:23:17.770 [Forwarding clickElement on session 11c53d742ce89a8e0d5e182633adc4c0 to remote] DEBUG org.apache.http.wire - http-outgoing-21 >> "Host: localhost:6948[\r][\n]"
11:23:17.770 [Forwarding clickElement on session 11c53d742ce89a8e0d5e182633adc4c0 to remote] DEBUG org.apache.http.wire - http-outgoing-21 >> "Connection: Keep-Alive[\r][\n]"
11:23:17.770 [Forwarding clickElement on session 11c53d742ce89a8e0d5e182633adc4c0 to remote] DEBUG org.apache.http.wire - http-outgoing-21 >> "User-Agent: Apache-HttpClient/4.5.3 (Java/1.8.0_211)[\r][\n]"
11:23:17.770 [Forwarding clickElement on session 11c53d742ce89a8e0d5e182633adc4c0 to remote] DEBUG org.apache.http.wire - http-outgoing-21 >> "Accept-Encoding: gzip,deflate[\r][\n]"
11:23:17.770 [Forwarding clickElement on session 11c53d742ce89a8e0d5e182633adc4c0 to remote] DEBUG org.apache.http.wire - http-outgoing-21 >> "[\r][\n]"
11:23:17.770 [Forwarding clickElement on session 11c53d742ce89a8e0d5e182633adc4c0 to remote] DEBUG org.apache.http.wire - http-outgoing-21 >> "{"id":"5ffd7a20-e3ff-41fb-bbc7-9c74d8988d47"}"
11:23:17.816 [Forwarding clickElement on session 11c53d742ce89a8e0d5e182633adc4c0 to remote] DEBUG org.apache.http.wire - http-outgoing-21 << "HTTP/1.1 200 OK[\r][\n]"
11:23:17.816 [Forwarding clickElement on session 11c53d742ce89a8e0d5e182633adc4c0 to remote] DEBUG org.apache.http.wire - http-outgoing-21 << "Content-Length:14[\r][\n]"
11:23:17.816 [Forwarding clickElement on session 11c53d742ce89a8e0d5e182633adc4c0 to remote] DEBUG org.apache.http.wire - http-outgoing-21 << "Content-Type:application/json; charset=utf-8[\r][\n]"
11:23:17.816 [Forwarding clickElement on session 11c53d742ce89a8e0d5e182633adc4c0 to remote] DEBUG org.apache.http.wire - http-outgoing-21 << "cache-control:no-cache[\r][\n]"
11:23:17.816 [Forwarding clickElement on session 11c53d742ce89a8e0d5e182633adc4c0 to remote] DEBUG org.apache.http.wire - http-outgoing-21 << "[\r][\n]"
11:23:17.816 [Forwarding clickElement on session 11c53d742ce89a8e0d5e182633adc4c0 to remote] DEBUG org.apache.http.wire - http-outgoing-21 << "{"value":null}"
11:23:17.816 [Forwarding clickElement on session 11c53d742ce89a8e0d5e182633adc4c0 to remote] DEBUG org.apache.http.headers - http-outgoing-21 << HTTP/1.1 200 OK
11:23:17.816 [Forwarding clickElement on session 11c53d742ce89a8e0d5e182633adc4c0 to remote] DEBUG org.apache.http.headers - http-outgoing-21 << Content-Length:14
11:23:17.816 [Forwarding clickElement on session 11c53d742ce89a8e0d5e182633adc4c0 to remote] DEBUG org.apache.http.headers - http-outgoing-21 << Content-Type:application/json; charset=utf-8
11:23:17.816 [Forwarding clickElement on session 11c53d742ce89a8e0d5e182633adc4c0 to remote] DEBUG org.apache.http.headers - http-outgoing-21 << cache-control:no-cache
11:23:17.816 [Forwarding clickElement on session 11c53d742ce89a8e0d5e182633adc4c0 to remote] DEBUG org.apache.http.impl.execchain.MainClientExec - Connection can be kept alive indefinitely
11:23:17.816 [Forwarding clickElement on session 11c53d742ce89a8e0d5e182633adc4c0 to remote] DEBUG org.apache.http.impl.conn.PoolingHttpClientConnectionManager - Connection [id: 21][route: {}->http://localhost:6948] can be kept alive indefinitely
11:23:17.816 [Forwarding clickElement on session 11c53d742ce89a8e0d5e182633adc4c0 to remote] DEBUG org.apache.http.impl.conn.PoolingHttpClientConnectionManager - Connection released: [id: 21][route: {}->http://localhost:6948][total kept alive: 22; route allocated: 1 of 2000; total allocated: 22 of 2000]
11:23:17.816 [Forwarding findElement on session 11c53d742ce89a8e0d5e182633adc4c0 to remote] DEBUG org.apache.http.client.protocol.RequestAddCookies - CookieSpec selected: default
11:23:17.816 [Forwarding findElement on session 11c53d742ce89a8e0d5e182633adc4c0 to remote] DEBUG org.apache.http.client.protocol.RequestAuthCache - Auth cache not set in the context
11:23:17.816 [Forwarding findElement on session 11c53d742ce89a8e0d5e182633adc4c0 to remote] DEBUG org.apache.http.impl.conn.PoolingHttpClientConnectionManager - Connection request: [route: {}->http://localhost:6948][total kept alive: 22; route allocated: 1 of 2000; total allocated: 22 of 2000]
11:23:17.816 [Forwarding findElement on session 11c53d742ce89a8e0d5e182633adc4c0 to remote] DEBUG org.apache.http.impl.conn.PoolingHttpClientConnectionManager - Connection leased: [id: 21][route: {}->http://localhost:6948][total kept alive: 21; route allocated: 1 of 2000; total allocated: 22 of 2000]
11:23:17.816 [Forwarding findElement on session 11c53d742ce89a8e0d5e182633adc4c0 to remote] DEBUG org.apache.http.impl.execchain.MainClientExec - Stale connection check
11:23:17.817 [Forwarding findElement on session 11c53d742ce89a8e0d5e182633adc4c0 to remote] DEBUG org.apache.http.wire - http-outgoing-21 << "[read] I/O error: Read timed out"
11:23:17.818 [Forwarding findElement on session 11c53d742ce89a8e0d5e182633adc4c0 to remote] DEBUG org.apache.http.impl.conn.DefaultManagedHttpClientConnection - http-outgoing-21: set socket timeout to 10800000
11:23:17.818 [Forwarding findElement on session 11c53d742ce89a8e0d5e182633adc4c0 to remote] DEBUG org.apache.http.impl.execchain.MainClientExec - Executing request POST /session/11c53d742ce89a8e0d5e182633adc4c0/element HTTP/1.1
11:23:17.818 [Forwarding findElement on session 11c53d742ce89a8e0d5e182633adc4c0 to remote] DEBUG org.apache.http.impl.execchain.MainClientExec - Target auth state: UNCHALLENGED
11:23:17.818 [Forwarding findElement on session 11c53d742ce89a8e0d5e182633adc4c0 to remote] DEBUG org.apache.http.impl.execchain.MainClientExec - Proxy auth state: UNCHALLENGED
11:23:17.818 [Forwarding findElement on session 11c53d742ce89a8e0d5e182633adc4c0 to remote] DEBUG org.apache.http.headers - http-outgoing-21 >> POST /session/11c53d742ce89a8e0d5e182633adc4c0/element HTTP/1.1
11:23:17.818 [Forwarding findElement on session 11c53d742ce89a8e0d5e182633adc4c0 to remote] DEBUG org.apache.http.headers - http-outgoing-21 >> Content-Type: application/json; charset=utf-8
11:23:17.818 [Forwarding findElement on session 11c53d742ce89a8e0d5e182633adc4c0 to remote] DEBUG org.apache.http.headers - http-outgoing-21 >> Content-Length: 61
11:23:17.818 [Forwarding findElement on session 11c53d742ce89a8e0d5e182633adc4c0 to remote] DEBUG org.apache.http.headers - http-outgoing-21 >> Host: localhost:6948
11:23:17.818 [Forwarding findElement on session 11c53d742ce89a8e0d5e182633adc4c0 to remote] DEBUG org.apache.http.headers - http-outgoing-21 >> Connection: Keep-Alive
11:23:17.818 [Forwarding findElement on session 11c53d742ce89a8e0d5e182633adc4c0 to remote] DEBUG org.apache.http.headers - http-outgoing-21 >> User-Agent: Apache-HttpClient/4.5.3 (Java/1.8.0_211)
11:23:17.818 [Forwarding findElement on session 11c53d742ce89a8e0d5e182633adc4c0 to remote] DEBUG org.apache.http.headers - http-outgoing-21 >> Accept-Encoding: gzip,deflate
11:23:17.818 [Forwarding findElement on session 11c53d742ce89a8e0d5e182633adc4c0 to remote] DEBUG org.apache.http.wire - http-outgoing-21 >> "POST /session/11c53d742ce89a8e0d5e182633adc4c0/element HTTP/1.1[\r][\n]"
11:23:17.818 [Forwarding findElement on session 11c53d742ce89a8e0d5e182633adc4c0 to remote] DEBUG org.apache.http.wire - http-outgoing-21 >> "Content-Type: application/json; charset=utf-8[\r][\n]"
11:23:17.818 [Forwarding findElement on session 11c53d742ce89a8e0d5e182633adc4c0 to remote] DEBUG org.apache.http.wire - http-outgoing-21 >> "Content-Length: 61[\r][\n]"
11:23:17.818 [Forwarding findElement on session 11c53d742ce89a8e0d5e182633adc4c0 to remote] DEBUG org.apache.http.wire - http-outgoing-21 >> "Host: localhost:6948[\r][\n]"
11:23:17.818 [Forwarding findElement on session 11c53d742ce89a8e0d5e182633adc4c0 to remote] DEBUG org.apache.http.wire - http-outgoing-21 >> "Connection: Keep-Alive[\r][\n]"
11:23:17.818 [Forwarding findElement on session 11c53d742ce89a8e0d5e182633adc4c0 to remote] DEBUG org.apache.http.wire - http-outgoing-21 >> "User-Agent: Apache-HttpClient/4.5.3 (Java/1.8.0_211)[\r][\n]"
11:23:17.818 [Forwarding findElement on session 11c53d742ce89a8e0d5e182633adc4c0 to remote] DEBUG org.apache.http.wire - http-outgoing-21 >> "Accept-Encoding: gzip,deflate[\r][\n]"
11:23:17.818 [Forwarding findElement on session 11c53d742ce89a8e0d5e182633adc4c0 to remote] DEBUG org.apache.http.wire - http-outgoing-21 >> "[\r][\n]"
11:23:17.818 [Forwarding findElement on session 11c53d742ce89a8e0d5e182633adc4c0 to remote] DEBUG org.apache.http.wire - http-outgoing-21 >> "{"value":".form-control:nth-child(2)","using":"css selector"}"
11:23:17.820 [Forwarding findElement on session 11c53d742ce89a8e0d5e182633adc4c0 to remote] DEBUG org.apache.http.wire - http-outgoing-21 << "HTTP/1.1 200 OK[\r][\n]"
11:23:17.820 [Forwarding findElement on session 11c53d742ce89a8e0d5e182633adc4c0 to remote] DEBUG org.apache.http.wire - http-outgoing-21 << "Content-Length:88[\r][\n]"
11:23:17.820 [Forwarding findElement on session 11c53d742ce89a8e0d5e182633adc4c0 to remote] DEBUG org.apache.http.wire - http-outgoing-21 << "Content-Type:application/json; charset=utf-8[\r][\n]"
11:23:17.820 [Forwarding findElement on session 11c53d742ce89a8e0d5e182633adc4c0 to remote] DEBUG org.apache.http.wire - http-outgoing-21 << "cache-control:no-cache[\r][\n]"
11:23:17.820 [Forwarding findElement on session 11c53d742ce89a8e0d5e182633adc4c0 to remote] DEBUG org.apache.http.wire - http-outgoing-21 << "[\r][\n]"
11:23:17.820 [Forwarding findElement on session 11c53d742ce89a8e0d5e182633adc4c0 to remote] DEBUG org.apache.http.wire - http-outgoing-21 << "{"value":{"element-6066-11e4-a52e-4f735466cecf":"5ffd7a20-e3ff-41fb-bbc7-9c74d8988d47"}}"
11:23:17.820 [Forwarding findElement on session 11c53d742ce89a8e0d5e182633adc4c0 to remote] DEBUG org.apache.http.headers - http-outgoing-21 << HTTP/1.1 200 OK
11:23:17.820 [Forwarding findElement on session 11c53d742ce89a8e0d5e182633adc4c0 to remote] DEBUG org.apache.http.headers - http-outgoing-21 << Content-Length:88
11:23:17.820 [Forwarding findElement on session 11c53d742ce89a8e0d5e182633adc4c0 to remote] DEBUG org.apache.http.headers - http-outgoing-21 << Content-Type:application/json; charset=utf-8
11:23:17.820 [Forwarding findElement on session 11c53d742ce89a8e0d5e182633adc4c0 to remote] DEBUG org.apache.http.headers - http-outgoing-21 << cache-control:no-cache
11:23:17.820 [Forwarding findElement on session 11c53d742ce89a8e0d5e182633adc4c0 to remote] DEBUG org.apache.http.impl.execchain.MainClientExec - Connection can be kept alive indefinitely
11:23:17.820 [Forwarding findElement on session 11c53d742ce89a8e0d5e182633adc4c0 to remote] DEBUG org.apache.http.impl.conn.PoolingHttpClientConnectionManager - Connection [id: 21][route: {}->http://localhost:6948] can be kept alive indefinitely
11:23:17.820 [Forwarding findElement on session 11c53d742ce89a8e0d5e182633adc4c0 to remote] DEBUG org.apache.http.impl.conn.PoolingHttpClientConnectionManager - Connection released: [id: 21][route: {}->http://localhost:6948][total kept alive: 22; route allocated: 1 of 2000; total allocated: 22 of 2000]
11:23:17.821 [Forwarding sendKeysToElement on session 11c53d742ce89a8e0d5e182633adc4c0 to remote] DEBUG org.apache.http.client.protocol.RequestAddCookies - CookieSpec selected: default
11:23:17.821 [Forwarding sendKeysToElement on session 11c53d742ce89a8e0d5e182633adc4c0 to remote] DEBUG org.apache.http.client.protocol.RequestAuthCache - Auth cache not set in the context
11:23:17.821 [Forwarding sendKeysToElement on session 11c53d742ce89a8e0d5e182633adc4c0 to remote] DEBUG org.apache.http.impl.conn.PoolingHttpClientConnectionManager - Connection request: [route: {}->http://localhost:6948][total kept alive: 22; route allocated: 1 of 2000; total allocated: 22 of 2000]
11:23:17.821 [Forwarding sendKeysToElement on session 11c53d742ce89a8e0d5e182633adc4c0 to remote] DEBUG org.apache.http.impl.conn.PoolingHttpClientConnectionManager - Connection leased: [id: 21][route: {}->http://localhost:6948][total kept alive: 21; route allocated: 1 of 2000; total allocated: 22 of 2000]
11:23:17.821 [Forwarding sendKeysToElement on session 11c53d742ce89a8e0d5e182633adc4c0 to remote] DEBUG org.apache.http.impl.execchain.MainClientExec - Stale connection check
11:23:17.822 [Forwarding sendKeysToElement on session 11c53d742ce89a8e0d5e182633adc4c0 to remote] DEBUG org.apache.http.wire - http-outgoing-21 << "[read] I/O error: Read timed out"
11:23:17.822 [Forwarding sendKeysToElement on session 11c53d742ce89a8e0d5e182633adc4c0 to remote] DEBUG org.apache.http.impl.conn.DefaultManagedHttpClientConnection - http-outgoing-21: set socket timeout to 10800000
11:23:17.822 [Forwarding sendKeysToElement on session 11c53d742ce89a8e0d5e182633adc4c0 to remote] DEBUG org.apache.http.impl.execchain.MainClientExec - Executing request POST /session/11c53d742ce89a8e0d5e182633adc4c0/element/5ffd7a20-e3ff-41fb-bbc7-9c74d8988d47/value HTTP/1.1
11:23:17.822 [Forwarding sendKeysToElement on session 11c53d742ce89a8e0d5e182633adc4c0 to remote] DEBUG org.apache.http.impl.execchain.MainClientExec - Target auth state: UNCHALLENGED
11:23:17.822 [Forwarding sendKeysToElement on session 11c53d742ce89a8e0d5e182633adc4c0 to remote] DEBUG org.apache.http.impl.execchain.MainClientExec - Proxy auth state: UNCHALLENGED
11:23:17.822 [Forwarding sendKeysToElement on session 11c53d742ce89a8e0d5e182633adc4c0 to remote] DEBUG org.apache.http.headers - http-outgoing-21 >> POST /session/11c53d742ce89a8e0d5e182633adc4c0/element/5ffd7a20-e3ff-41fb-bbc7-9c74d8988d47/value HTTP/1.1
11:23:17.822 [Forwarding sendKeysToElement on session 11c53d742ce89a8e0d5e182633adc4c0 to remote] DEBUG org.apache.http.headers - http-outgoing-21 >> Content-Type: application/json; charset=utf-8
11:23:17.822 [Forwarding sendKeysToElement on session 11c53d742ce89a8e0d5e182633adc4c0 to remote] DEBUG org.apache.http.headers - http-outgoing-21 >> Content-Length: 385
11:23:17.822 [Forwarding sendKeysToElement on session 11c53d742ce89a8e0d5e182633adc4c0 to remote] DEBUG org.apache.http.headers - http-outgoing-21 >> Host: localhost:6948
11:23:17.822 [Forwarding sendKeysToElement on session 11c53d742ce89a8e0d5e182633adc4c0 to remote] DEBUG org.apache.http.headers - http-outgoing-21 >> Connection: Keep-Alive
11:23:17.822 [Forwarding sendKeysToElement on session 11c53d742ce89a8e0d5e182633adc4c0 to remote] DEBUG org.apache.http.headers - http-outgoing-21 >> User-Agent: Apache-HttpClient/4.5.3 (Java/1.8.0_211)
11:23:17.822 [Forwarding sendKeysToElement on session 11c53d742ce89a8e0d5e182633adc4c0 to remote] DEBUG org.apache.http.headers - http-outgoing-21 >> Accept-Encoding: gzip,deflate
11:23:17.822 [Forwarding sendKeysToElement on session 11c53d742ce89a8e0d5e182633adc4c0 to remote] DEBUG org.apache.http.wire - http-outgoing-21 >> "POST /session/11c53d742ce89a8e0d5e182633adc4c0/element/5ffd7a20-e3ff-41fb-bbc7-9c74d8988d47/value HTTP/1.1[\r][\n]"
11:23:17.822 [Forwarding sendKeysToElement on session 11c53d742ce89a8e0d5e182633adc4c0 to remote] DEBUG org.apache.http.wire - http-outgoing-21 >> "Content-Type: application/json; charset=utf-8[\r][\n]"
11:23:17.822 [Forwarding sendKeysToElement on session 11c53d742ce89a8e0d5e182633adc4c0 to remote] DEBUG org.apache.http.wire - http-outgoing-21 >> "Content-Length: 385[\r][\n]"
11:23:17.822 [Forwarding sendKeysToElement on session 11c53d742ce89a8e0d5e182633adc4c0 to remote] DEBUG org.apache.http.wire - http-outgoing-21 >> "Host: localhost:6948[\r][\n]"
11:23:17.822 [Forwarding sendKeysToElement on session 11c53d742ce89a8e0d5e182633adc4c0 to remote] DEBUG org.apache.http.wire - http-outgoing-21 >> "Connection: Keep-Alive[\r][\n]"
11:23:17.822 [Forwarding sendKeysToElement on session 11c53d742ce89a8e0d5e182633adc4c0 to remote] DEBUG org.apache.http.wire - http-outgoing-21 >> "User-Agent: Apache-HttpClient/4.5.3 (Java/1.8.0_211)[\r][\n]"
11:23:17.822 [Forwarding sendKeysToElement on session 11c53d742ce89a8e0d5e182633adc4c0 to remote] DEBUG org.apache.http.wire - http-outgoing-21 >> "Accept-Encoding: gzip,deflate[\r][\n]"
11:23:17.822 [Forwarding sendKeysToElement on session 11c53d742ce89a8e0d5e182633adc4c0 to remote] DEBUG org.apache.http.wire - http-outgoing-21 >> "[\r][\n]"
11:23:17.822 [Forwarding sendKeysToElement on session 11c53d742ce89a8e0d5e182633adc4c0 to remote] DEBUG org.apache.http.wire - http-outgoing-21 >> "{"id":"5ffd7a20-e3ff-41fb-bbc7-9c74d8988d47","text":"de164ddc64b1783c3ebced73b32c479b3daa203cf323bd738a9ecfc4674d6017","value":["d","e","1","6","4","d","d","c","6","4","b","1","7","8","3","c","3","e","b","c","e","d","7","3","b","3","2","c","4","7","9","b","3","d","a","a","2","0","3","c","f","3","2","3","b","d","7","3","8","a","9","e","c","f","c","4","6","7","4","d","6","0","1","7"]}"
11:23:18.256 [Forwarding sendKeysToElement on session 11c53d742ce89a8e0d5e182633adc4c0 to remote] DEBUG org.apache.http.wire - http-outgoing-21 << "HTTP/1.1 200 OK[\r][\n]"
11:23:18.256 [Forwarding sendKeysToElement on session 11c53d742ce89a8e0d5e182633adc4c0 to remote] DEBUG org.apache.http.wire - http-outgoing-21 << "Content-Length:14[\r][\n]"
11:23:18.256 [Forwarding sendKeysToElement on session 11c53d742ce89a8e0d5e182633adc4c0 to remote] DEBUG org.apache.http.wire - http-outgoing-21 << "Content-Type:application/json; charset=utf-8[\r][\n]"
11:23:18.256 [Forwarding sendKeysToElement on session 11c53d742ce89a8e0d5e182633adc4c0 to remote] DEBUG org.apache.http.wire - http-outgoing-21 << "cache-control:no-cache[\r][\n]"
11:23:18.256 [Forwarding sendKeysToElement on session 11c53d742ce89a8e0d5e182633adc4c0 to remote] DEBUG org.apache.http.wire - http-outgoing-21 << "[\r][\n]"
11:23:18.256 [Forwarding sendKeysToElement on session 11c53d742ce89a8e0d5e182633adc4c0 to remote] DEBUG org.apache.http.wire - http-outgoing-21 << "{"value":null}"
11:23:18.256 [Forwarding sendKeysToElement on session 11c53d742ce89a8e0d5e182633adc4c0 to remote] DEBUG org.apache.http.headers - http-outgoing-21 << HTTP/1.1 200 OK
11:23:18.256 [Forwarding sendKeysToElement on session 11c53d742ce89a8e0d5e182633adc4c0 to remote] DEBUG org.apache.http.headers - http-outgoing-21 << Content-Length:14
11:23:18.256 [Forwarding sendKeysToElement on session 11c53d742ce89a8e0d5e182633adc4c0 to remote] DEBUG org.apache.http.headers - http-outgoing-21 << Content-Type:application/json; charset=utf-8
11:23:18.256 [Forwarding sendKeysToElement on session 11c53d742ce89a8e0d5e182633adc4c0 to remote] DEBUG org.apache.http.headers - http-outgoing-21 << cache-control:no-cache
11:23:18.256 [Forwarding sendKeysToElement on session 11c53d742ce89a8e0d5e182633adc4c0 to remote] DEBUG org.apache.http.impl.execchain.MainClientExec - Connection can be kept alive indefinitely
11:23:18.256 [Forwarding sendKeysToElement on session 11c53d742ce89a8e0d5e182633adc4c0 to remote] DEBUG org.apache.http.impl.conn.PoolingHttpClientConnectionManager - Connection [id: 21][route: {}->http://localhost:6948] can be kept alive indefinitely
11:23:18.256 [Forwarding sendKeysToElement on session 11c53d742ce89a8e0d5e182633adc4c0 to remote] DEBUG org.apache.http.impl.conn.PoolingHttpClientConnectionManager - Connection released: [id: 21][route: {}->http://localhost:6948][total kept alive: 22; route allocated: 1 of 2000; total allocated: 22 of 2000]
11:23:18.257 [Forwarding findElement on session 11c53d742ce89a8e0d5e182633adc4c0 to remote] DEBUG org.apache.http.client.protocol.RequestAddCookies - CookieSpec selected: default
11:23:18.257 [Forwarding findElement on session 11c53d742ce89a8e0d5e182633adc4c0 to remote] DEBUG org.apache.http.client.protocol.RequestAuthCache - Auth cache not set in the context
11:23:18.257 [Forwarding findElement on session 11c53d742ce89a8e0d5e182633adc4c0 to remote] DEBUG org.apache.http.impl.conn.PoolingHttpClientConnectionManager - Connection request: [route: {}->http://localhost:6948][total kept alive: 22; route allocated: 1 of 2000; total allocated: 22 of 2000]
11:23:18.257 [Forwarding findElement on session 11c53d742ce89a8e0d5e182633adc4c0 to remote] DEBUG org.apache.http.impl.conn.PoolingHttpClientConnectionManager - Connection leased: [id: 21][route: {}->http://localhost:6948][total kept alive: 21; route allocated: 1 of 2000; total allocated: 22 of 2000]
11:23:18.257 [Forwarding findElement on session 11c53d742ce89a8e0d5e182633adc4c0 to remote] DEBUG org.apache.http.impl.execchain.MainClientExec - Stale connection check
11:23:18.258 [Forwarding findElement on session 11c53d742ce89a8e0d5e182633adc4c0 to remote] DEBUG org.apache.http.wire - http-outgoing-21 << "[read] I/O error: Read timed out"
11:23:18.258 [Forwarding findElement on session 11c53d742ce89a8e0d5e182633adc4c0 to remote] DEBUG org.apache.http.impl.conn.DefaultManagedHttpClientConnection - http-outgoing-21: set socket timeout to 10800000
11:23:18.258 [Forwarding findElement on session 11c53d742ce89a8e0d5e182633adc4c0 to remote] DEBUG org.apache.http.impl.execchain.MainClientExec - Executing request POST /session/11c53d742ce89a8e0d5e182633adc4c0/element HTTP/1.1
11:23:18.258 [Forwarding findElement on session 11c53d742ce89a8e0d5e182633adc4c0 to remote] DEBUG org.apache.http.impl.execchain.MainClientExec - Target auth state: UNCHALLENGED
11:23:18.258 [Forwarding findElement on session 11c53d742ce89a8e0d5e182633adc4c0 to remote] DEBUG org.apache.http.impl.execchain.MainClientExec - Proxy auth state: UNCHALLENGED
11:23:18.258 [Forwarding findElement on session 11c53d742ce89a8e0d5e182633adc4c0 to remote] DEBUG org.apache.http.headers - http-outgoing-21 >> POST /session/11c53d742ce89a8e0d5e182633adc4c0/element HTTP/1.1
11:23:18.258 [Forwarding findElement on session 11c53d742ce89a8e0d5e182633adc4c0 to remote] DEBUG org.apache.http.headers - http-outgoing-21 >> Content-Type: application/json; charset=utf-8
11:23:18.258 [Forwarding findElement on session 11c53d742ce89a8e0d5e182633adc4c0 to remote] DEBUG org.apache.http.headers - http-outgoing-21 >> Content-Length: 59
11:23:18.258 [Forwarding findElement on session 11c53d742ce89a8e0d5e182633adc4c0 to remote] DEBUG org.apache.http.headers - http-outgoing-21 >> Host: localhost:6948
11:23:18.258 [Forwarding findElement on session 11c53d742ce89a8e0d5e182633adc4c0 to remote] DEBUG org.apache.http.headers - http-outgoing-21 >> Connection: Keep-Alive
11:23:18.258 [Forwarding findElement on session 11c53d742ce89a8e0d5e182633adc4c0 to remote] DEBUG org.apache.http.headers - http-outgoing-21 >> User-Agent: Apache-HttpClient/4.5.3 (Java/1.8.0_211)
11:23:18.258 [Forwarding findElement on session 11c53d742ce89a8e0d5e182633adc4c0 to remote] DEBUG org.apache.http.headers - http-outgoing-21 >> Accept-Encoding: gzip,deflate
11:23:18.258 [Forwarding findElement on session 11c53d742ce89a8e0d5e182633adc4c0 to remote] DEBUG org.apache.http.wire - http-outgoing-21 >> "POST /session/11c53d742ce89a8e0d5e182633adc4c0/element HTTP/1.1[\r][\n]"
11:23:18.258 [Forwarding findElement on session 11c53d742ce89a8e0d5e182633adc4c0 to remote] DEBUG org.apache.http.wire - http-outgoing-21 >> "Content-Type: application/json; charset=utf-8[\r][\n]"
11:23:18.258 [Forwarding findElement on session 11c53d742ce89a8e0d5e182633adc4c0 to remote] DEBUG org.apache.http.wire - http-outgoing-21 >> "Content-Length: 59[\r][\n]"
11:23:18.258 [Forwarding findElement on session 11c53d742ce89a8e0d5e182633adc4c0 to remote] DEBUG org.apache.http.wire - http-outgoing-21 >> "Host: localhost:6948[\r][\n]"
11:23:18.258 [Forwarding findElement on session 11c53d742ce89a8e0d5e182633adc4c0 to remote] DEBUG org.apache.http.wire - http-outgoing-21 >> "Connection: Keep-Alive[\r][\n]"
11:23:18.258 [Forwarding findElement on session 11c53d742ce89a8e0d5e182633adc4c0 to remote] DEBUG org.apache.http.wire - http-outgoing-21 >> "User-Agent: Apache-HttpClient/4.5.3 (Java/1.8.0_211)[\r][\n]"
11:23:18.258 [Forwarding findElement on session 11c53d742ce89a8e0d5e182633adc4c0 to remote] DEBUG org.apache.http.wire - http-outgoing-21 >> "Accept-Encoding: gzip,deflate[\r][\n]"
11:23:18.258 [Forwarding findElement on session 11c53d742ce89a8e0d5e182633adc4c0 to remote] DEBUG org.apache.http.wire - http-outgoing-21 >> "[\r][\n]"
11:23:18.258 [Forwarding findElement on session 11c53d742ce89a8e0d5e182633adc4c0 to remote] DEBUG org.apache.http.wire - http-outgoing-21 >> "{"value":".btn-danger:nth-child(3)","using":"css selector"}"
11:23:18.267 [Forwarding findElement on session 11c53d742ce89a8e0d5e182633adc4c0 to remote] DEBUG org.apache.http.wire - http-outgoing-21 << "HTTP/1.1 200 OK[\r][\n]"
11:23:18.267 [Forwarding findElement on session 11c53d742ce89a8e0d5e182633adc4c0 to remote] DEBUG org.apache.http.wire - http-outgoing-21 << "Content-Length:88[\r][\n]"
11:23:18.267 [Forwarding findElement on session 11c53d742ce89a8e0d5e182633adc4c0 to remote] DEBUG org.apache.http.wire - http-outgoing-21 << "Content-Type:application/json; charset=utf-8[\r][\n]"
11:23:18.267 [Forwarding findElement on session 11c53d742ce89a8e0d5e182633adc4c0 to remote] DEBUG org.apache.http.wire - http-outgoing-21 << "cache-control:no-cache[\r][\n]"
11:23:18.267 [Forwarding findElement on session 11c53d742ce89a8e0d5e182633adc4c0 to remote] DEBUG org.apache.http.wire - http-outgoing-21 << "[\r][\n]"
11:23:18.267 [Forwarding findElement on session 11c53d742ce89a8e0d5e182633adc4c0 to remote] DEBUG org.apache.http.wire - http-outgoing-21 << "{"value":{"element-6066-11e4-a52e-4f735466cecf":"5cf9b1c2-2079-491a-af98-8d46bf59511b"}}"
11:23:18.267 [Forwarding findElement on session 11c53d742ce89a8e0d5e182633adc4c0 to remote] DEBUG org.apache.http.headers - http-outgoing-21 << HTTP/1.1 200 OK
11:23:18.267 [Forwarding findElement on session 11c53d742ce89a8e0d5e182633adc4c0 to remote] DEBUG org.apache.http.headers - http-outgoing-21 << Content-Length:88
11:23:18.267 [Forwarding findElement on session 11c53d742ce89a8e0d5e182633adc4c0 to remote] DEBUG org.apache.http.headers - http-outgoing-21 << Content-Type:application/json; charset=utf-8
11:23:18.267 [Forwarding findElement on session 11c53d742ce89a8e0d5e182633adc4c0 to remote] DEBUG org.apache.http.headers - http-outgoing-21 << cache-control:no-cache
11:23:18.267 [Forwarding findElement on session 11c53d742ce89a8e0d5e182633adc4c0 to remote] DEBUG org.apache.http.impl.execchain.MainClientExec - Connection can be kept alive indefinitely
11:23:18.267 [Forwarding findElement on session 11c53d742ce89a8e0d5e182633adc4c0 to remote] DEBUG org.apache.http.impl.conn.PoolingHttpClientConnectionManager - Connection [id: 21][route: {}->http://localhost:6948] can be kept alive indefinitely
11:23:18.267 [Forwarding findElement on session 11c53d742ce89a8e0d5e182633adc4c0 to remote] DEBUG org.apache.http.impl.conn.PoolingHttpClientConnectionManager - Connection released: [id: 21][route: {}->http://localhost:6948][total kept alive: 22; route allocated: 1 of 2000; total allocated: 22 of 2000]
11:23:18.267 [Forwarding clickElement on session 11c53d742ce89a8e0d5e182633adc4c0 to remote] DEBUG org.apache.http.client.protocol.RequestAddCookies - CookieSpec selected: default
11:23:18.267 [Forwarding clickElement on session 11c53d742ce89a8e0d5e182633adc4c0 to remote] DEBUG org.apache.http.client.protocol.RequestAuthCache - Auth cache not set in the context
11:23:18.267 [Forwarding clickElement on session 11c53d742ce89a8e0d5e182633adc4c0 to remote] DEBUG org.apache.http.impl.conn.PoolingHttpClientConnectionManager - Connection request: [route: {}->http://localhost:6948][total kept alive: 22; route allocated: 1 of 2000; total allocated: 22 of 2000]
11:23:18.267 [Forwarding clickElement on session 11c53d742ce89a8e0d5e182633adc4c0 to remote] DEBUG org.apache.http.impl.conn.PoolingHttpClientConnectionManager - Connection leased: [id: 21][route: {}->http://localhost:6948][total kept alive: 21; route allocated: 1 of 2000; total allocated: 22 of 2000]
11:23:18.267 [Forwarding clickElement on session 11c53d742ce89a8e0d5e182633adc4c0 to remote] DEBUG org.apache.http.impl.execchain.MainClientExec - Stale connection check
11:23:18.269 [Forwarding clickElement on session 11c53d742ce89a8e0d5e182633adc4c0 to remote] DEBUG org.apache.http.wire - http-outgoing-21 << "[read] I/O error: Read timed out"
11:23:18.269 [Forwarding clickElement on session 11c53d742ce89a8e0d5e182633adc4c0 to remote] DEBUG org.apache.http.impl.conn.DefaultManagedHttpClientConnection - http-outgoing-21: set socket timeout to 10800000
11:23:18.269 [Forwarding clickElement on session 11c53d742ce89a8e0d5e182633adc4c0 to remote] DEBUG org.apache.http.impl.execchain.MainClientExec - Executing request POST /session/11c53d742ce89a8e0d5e182633adc4c0/element/5cf9b1c2-2079-491a-af98-8d46bf59511b/click HTTP/1.1
11:23:18.269 [Forwarding clickElement on session 11c53d742ce89a8e0d5e182633adc4c0 to remote] DEBUG org.apache.http.impl.execchain.MainClientExec - Target auth state: UNCHALLENGED
11:23:18.269 [Forwarding clickElement on session 11c53d742ce89a8e0d5e182633adc4c0 to remote] DEBUG org.apache.http.impl.execchain.MainClientExec - Proxy auth state: UNCHALLENGED
11:23:18.269 [Forwarding clickElement on session 11c53d742ce89a8e0d5e182633adc4c0 to remote] DEBUG org.apache.http.headers - http-outgoing-21 >> POST /session/11c53d742ce89a8e0d5e182633adc4c0/element/5cf9b1c2-2079-491a-af98-8d46bf59511b/click HTTP/1.1
11:23:18.269 [Forwarding clickElement on session 11c53d742ce89a8e0d5e182633adc4c0 to remote] DEBUG org.apache.http.headers - http-outgoing-21 >> Content-Type: application/json; charset=utf-8
11:23:18.269 [Forwarding clickElement on session 11c53d742ce89a8e0d5e182633adc4c0 to remote] DEBUG org.apache.http.headers - http-outgoing-21 >> Content-Length: 45
11:23:18.269 [Forwarding clickElement on session 11c53d742ce89a8e0d5e182633adc4c0 to remote] DEBUG org.apache.http.headers - http-outgoing-21 >> Host: localhost:6948
11:23:18.269 [Forwarding clickElement on session 11c53d742ce89a8e0d5e182633adc4c0 to remote] DEBUG org.apache.http.headers - http-outgoing-21 >> Connection: Keep-Alive
11:23:18.269 [Forwarding clickElement on session 11c53d742ce89a8e0d5e182633adc4c0 to remote] DEBUG org.apache.http.headers - http-outgoing-21 >> User-Agent: Apache-HttpClient/4.5.3 (Java/1.8.0_211)
11:23:18.269 [Forwarding clickElement on session 11c53d742ce89a8e0d5e182633adc4c0 to remote] DEBUG org.apache.http.headers - http-outgoing-21 >> Accept-Encoding: gzip,deflate
11:23:18.269 [Forwarding clickElement on session 11c53d742ce89a8e0d5e182633adc4c0 to remote] DEBUG org.apache.http.wire - http-outgoing-21 >> "POST /session/11c53d742ce89a8e0d5e182633adc4c0/element/5cf9b1c2-2079-491a-af98-8d46bf59511b/click HTTP/1.1[\r][\n]"
11:23:18.269 [Forwarding clickElement on session 11c53d742ce89a8e0d5e182633adc4c0 to remote] DEBUG org.apache.http.wire - http-outgoing-21 >> "Content-Type: application/json; charset=utf-8[\r][\n]"
11:23:18.269 [Forwarding clickElement on session 11c53d742ce89a8e0d5e182633adc4c0 to remote] DEBUG org.apache.http.wire - http-outgoing-21 >> "Content-Length: 45[\r][\n]"
11:23:18.269 [Forwarding clickElement on session 11c53d742ce89a8e0d5e182633adc4c0 to remote] DEBUG org.apache.http.wire - http-outgoing-21 >> "Host: localhost:6948[\r][\n]"
11:23:18.269 [Forwarding clickElement on session 11c53d742ce89a8e0d5e182633adc4c0 to remote] DEBUG org.apache.http.wire - http-outgoing-21 >> "Connection: Keep-Alive[\r][\n]"
11:23:18.269 [Forwarding clickElement on session 11c53d742ce89a8e0d5e182633adc4c0 to remote] DEBUG org.apache.http.wire - http-outgoing-21 >> "User-Agent: Apache-HttpClient/4.5.3 (Java/1.8.0_211)[\r][\n]"
11:23:18.269 [Forwarding clickElement on session 11c53d742ce89a8e0d5e182633adc4c0 to remote] DEBUG org.apache.http.wire - http-outgoing-21 >> "Accept-Encoding: gzip,deflate[\r][\n]"
11:23:18.269 [Forwarding clickElement on session 11c53d742ce89a8e0d5e182633adc4c0 to remote] DEBUG org.apache.http.wire - http-outgoing-21 >> "[\r][\n]"
11:23:18.269 [Forwarding clickElement on session 11c53d742ce89a8e0d5e182633adc4c0 to remote] DEBUG org.apache.http.wire - http-outgoing-21 >> "{"id":"5cf9b1c2-2079-491a-af98-8d46bf59511b"}"
11:23:18.397 [Forwarding clickElement on session 11c53d742ce89a8e0d5e182633adc4c0 to remote] DEBUG org.apache.http.wire - http-outgoing-21 << "HTTP/1.1 200 OK[\r][\n]"
11:23:18.397 [Forwarding clickElement on session 11c53d742ce89a8e0d5e182633adc4c0 to remote] DEBUG org.apache.http.wire - http-outgoing-21 << "Content-Length:14[\r][\n]"
11:23:18.397 [Forwarding clickElement on session 11c53d742ce89a8e0d5e182633adc4c0 to remote] DEBUG org.apache.http.wire - http-outgoing-21 << "Content-Type:application/json; charset=utf-8[\r][\n]"
11:23:18.397 [Forwarding clickElement on session 11c53d742ce89a8e0d5e182633adc4c0 to remote] DEBUG org.apache.http.wire - http-outgoing-21 << "cache-control:no-cache[\r][\n]"
11:23:18.397 [Forwarding clickElement on session 11c53d742ce89a8e0d5e182633adc4c0 to remote] DEBUG org.apache.http.wire - http-outgoing-21 << "[\r][\n]"
11:23:18.397 [Forwarding clickElement on session 11c53d742ce89a8e0d5e182633adc4c0 to remote] DEBUG org.apache.http.wire - http-outgoing-21 << "{"value":null}"
11:23:18.397 [Forwarding clickElement on session 11c53d742ce89a8e0d5e182633adc4c0 to remote] DEBUG org.apache.http.headers - http-outgoing-21 << HTTP/1.1 200 OK
11:23:18.397 [Forwarding clickElement on session 11c53d742ce89a8e0d5e182633adc4c0 to remote] DEBUG org.apache.http.headers - http-outgoing-21 << Content-Length:14
11:23:18.397 [Forwarding clickElement on session 11c53d742ce89a8e0d5e182633adc4c0 to remote] DEBUG org.apache.http.headers - http-outgoing-21 << Content-Type:application/json; charset=utf-8
11:23:18.397 [Forwarding clickElement on session 11c53d742ce89a8e0d5e182633adc4c0 to remote] DEBUG org.apache.http.headers - http-outgoing-21 << cache-control:no-cache
11:23:18.397 [Forwarding clickElement on session 11c53d742ce89a8e0d5e182633adc4c0 to remote] DEBUG org.apache.http.impl.execchain.MainClientExec - Connection can be kept alive indefinitely
11:23:18.397 [Forwarding clickElement on session 11c53d742ce89a8e0d5e182633adc4c0 to remote] DEBUG org.apache.http.impl.conn.PoolingHttpClientConnectionManager - Connection [id: 21][route: {}->http://localhost:6948] can be kept alive indefinitely
11:23:18.398 [Forwarding clickElement on session 11c53d742ce89a8e0d5e182633adc4c0 to remote] DEBUG org.apache.http.impl.conn.PoolingHttpClientConnectionManager - Connection released: [id: 21][route: {}->http://localhost:6948][total kept alive: 22; route allocated: 1 of 2000; total allocated: 22 of 2000]
11:23:18.598 [Forwarding findElement on session 11c53d742ce89a8e0d5e182633adc4c0 to remote] DEBUG org.apache.http.client.protocol.RequestAddCookies - CookieSpec selected: default
11:23:18.598 [Forwarding findElement on session 11c53d742ce89a8e0d5e182633adc4c0 to remote] DEBUG org.apache.http.client.protocol.RequestAuthCache - Auth cache not set in the context
11:23:18.599 [Forwarding findElement on session 11c53d742ce89a8e0d5e182633adc4c0 to remote] DEBUG org.apache.http.impl.conn.PoolingHttpClientConnectionManager - Connection request: [route: {}->http://localhost:6948][total kept alive: 22; route allocated: 1 of 2000; total allocated: 22 of 2000]
11:23:18.599 [Forwarding findElement on session 11c53d742ce89a8e0d5e182633adc4c0 to remote] DEBUG org.apache.http.impl.conn.PoolingHttpClientConnectionManager - Connection leased: [id: 21][route: {}->http://localhost:6948][total kept alive: 21; route allocated: 1 of 2000; total allocated: 22 of 2000]
11:23:18.599 [Forwarding findElement on session 11c53d742ce89a8e0d5e182633adc4c0 to remote] DEBUG org.apache.http.impl.execchain.MainClientExec - Stale connection check
11:23:18.600 [Forwarding findElement on session 11c53d742ce89a8e0d5e182633adc4c0 to remote] DEBUG org.apache.http.wire - http-outgoing-21 << "[read] I/O error: Read timed out"
11:23:18.600 [Forwarding findElement on session 11c53d742ce89a8e0d5e182633adc4c0 to remote] DEBUG org.apache.http.impl.conn.DefaultManagedHttpClientConnection - http-outgoing-21: set socket timeout to 10800000
11:23:18.600 [Forwarding findElement on session 11c53d742ce89a8e0d5e182633adc4c0 to remote] DEBUG org.apache.http.impl.execchain.MainClientExec - Executing request POST /session/11c53d742ce89a8e0d5e182633adc4c0/element HTTP/1.1
11:23:18.600 [Forwarding findElement on session 11c53d742ce89a8e0d5e182633adc4c0 to remote] DEBUG org.apache.http.impl.execchain.MainClientExec - Target auth state: UNCHALLENGED
11:23:18.600 [Forwarding findElement on session 11c53d742ce89a8e0d5e182633adc4c0 to remote] DEBUG org.apache.http.impl.execchain.MainClientExec - Proxy auth state: UNCHALLENGED
11:23:18.600 [Forwarding findElement on session 11c53d742ce89a8e0d5e182633adc4c0 to remote] DEBUG org.apache.http.headers - http-outgoing-21 >> POST /session/11c53d742ce89a8e0d5e182633adc4c0/element HTTP/1.1
11:23:18.600 [Forwarding findElement on session 11c53d742ce89a8e0d5e182633adc4c0 to remote] DEBUG org.apache.http.headers - http-outgoing-21 >> Content-Type: application/json; charset=utf-8
11:23:18.600 [Forwarding findElement on session 11c53d742ce89a8e0d5e182633adc4c0 to remote] DEBUG org.apache.http.headers - http-outgoing-21 >> Content-Length: 71
11:23:18.600 [Forwarding findElement on session 11c53d742ce89a8e0d5e182633adc4c0 to remote] DEBUG org.apache.http.headers - http-outgoing-21 >> Host: localhost:6948
11:23:18.600 [Forwarding findElement on session 11c53d742ce89a8e0d5e182633adc4c0 to remote] DEBUG org.apache.http.headers - http-outgoing-21 >> Connection: Keep-Alive
11:23:18.600 [Forwarding findElement on session 11c53d742ce89a8e0d5e182633adc4c0 to remote] DEBUG org.apache.http.headers - http-outgoing-21 >> User-Agent: Apache-HttpClient/4.5.3 (Java/1.8.0_211)
11:23:18.600 [Forwarding findElement on session 11c53d742ce89a8e0d5e182633adc4c0 to remote] DEBUG org.apache.http.headers - http-outgoing-21 >> Accept-Encoding: gzip,deflate
11:23:18.600 [Forwarding findElement on session 11c53d742ce89a8e0d5e182633adc4c0 to remote] DEBUG org.apache.http.wire - http-outgoing-21 >> "POST /session/11c53d742ce89a8e0d5e182633adc4c0/element HTTP/1.1[\r][\n]"
11:23:18.600 [Forwarding findElement on session 11c53d742ce89a8e0d5e182633adc4c0 to remote] DEBUG org.apache.http.wire - http-outgoing-21 >> "Content-Type: application/json; charset=utf-8[\r][\n]"
11:23:18.600 [Forwarding findElement on session 11c53d742ce89a8e0d5e182633adc4c0 to remote] DEBUG org.apache.http.wire - http-outgoing-21 >> "Content-Length: 71[\r][\n]"
11:23:18.600 [Forwarding findElement on session 11c53d742ce89a8e0d5e182633adc4c0 to remote] DEBUG org.apache.http.wire - http-outgoing-21 >> "Host: localhost:6948[\r][\n]"
11:23:18.600 [Forwarding findElement on session 11c53d742ce89a8e0d5e182633adc4c0 to remote] DEBUG org.apache.http.wire - http-outgoing-21 >> "Connection: Keep-Alive[\r][\n]"
11:23:18.600 [Forwarding findElement on session 11c53d742ce89a8e0d5e182633adc4c0 to remote] DEBUG org.apache.http.wire - http-outgoing-21 >> "User-Agent: Apache-HttpClient/4.5.3 (Java/1.8.0_211)[\r][\n]"
11:23:18.600 [Forwarding findElement on session 11c53d742ce89a8e0d5e182633adc4c0 to remote] DEBUG org.apache.http.wire - http-outgoing-21 >> "Accept-Encoding: gzip,deflate[\r][\n]"
11:23:18.600 [Forwarding findElement on session 11c53d742ce89a8e0d5e182633adc4c0 to remote] DEBUG org.apache.http.wire - http-outgoing-21 >> "[\r][\n]"
11:23:18.600 [Forwarding findElement on session 11c53d742ce89a8e0d5e182633adc4c0 to remote] DEBUG org.apache.http.wire - http-outgoing-21 >> "{"value":".dropdown-toggle > span:nth-child(1)","using":"css selector"}"
11:23:19.617 [Forwarding findElement on session 11c53d742ce89a8e0d5e182633adc4c0 to remote] DEBUG org.apache.http.wire - http-outgoing-21 << "HTTP/1.1 200 OK[\r][\n]"
11:23:19.617 [Forwarding findElement on session 11c53d742ce89a8e0d5e182633adc4c0 to remote] DEBUG org.apache.http.wire - http-outgoing-21 << "Content-Length:88[\r][\n]"
11:23:19.617 [Forwarding findElement on session 11c53d742ce89a8e0d5e182633adc4c0 to remote] DEBUG org.apache.http.wire - http-outgoing-21 << "Content-Type:application/json; charset=utf-8[\r][\n]"
11:23:19.617 [Forwarding findElement on session 11c53d742ce89a8e0d5e182633adc4c0 to remote] DEBUG org.apache.http.wire - http-outgoing-21 << "cache-control:no-cache[\r][\n]"
11:23:19.617 [Forwarding findElement on session 11c53d742ce89a8e0d5e182633adc4c0 to remote] DEBUG org.apache.http.wire - http-outgoing-21 << "[\r][\n]"
11:23:19.617 [Forwarding findElement on session 11c53d742ce89a8e0d5e182633adc4c0 to remote] DEBUG org.apache.http.wire - http-outgoing-21 << "{"value":{"element-6066-11e4-a52e-4f735466cecf":"f15fe9f6-7ef8-48ae-919c-3b9f3e41d370"}}"
11:23:19.617 [Forwarding findElement on session 11c53d742ce89a8e0d5e182633adc4c0 to remote] DEBUG org.apache.http.headers - http-outgoing-21 << HTTP/1.1 200 OK
11:23:19.617 [Forwarding findElement on session 11c53d742ce89a8e0d5e182633adc4c0 to remote] DEBUG org.apache.http.headers - http-outgoing-21 << Content-Length:88
11:23:19.617 [Forwarding findElement on session 11c53d742ce89a8e0d5e182633adc4c0 to remote] DEBUG org.apache.http.headers - http-outgoing-21 << Content-Type:application/json; charset=utf-8
11:23:19.617 [Forwarding findElement on session 11c53d742ce89a8e0d5e182633adc4c0 to remote] DEBUG org.apache.http.headers - http-outgoing-21 << cache-control:no-cache
11:23:19.617 [Forwarding findElement on session 11c53d742ce89a8e0d5e182633adc4c0 to remote] DEBUG org.apache.http.impl.execchain.MainClientExec - Connection can be kept alive indefinitely
11:23:19.617 [Forwarding findElement on session 11c53d742ce89a8e0d5e182633adc4c0 to remote] DEBUG org.apache.http.impl.conn.PoolingHttpClientConnectionManager - Connection [id: 21][route: {}->http://localhost:6948] can be kept alive indefinitely
11:23:19.617 [Forwarding findElement on session 11c53d742ce89a8e0d5e182633adc4c0 to remote] DEBUG org.apache.http.impl.conn.PoolingHttpClientConnectionManager - Connection released: [id: 21][route: {}->http://localhost:6948][total kept alive: 22; route allocated: 1 of 2000; total allocated: 22 of 2000]
11:23:19.617 [Forwarding clickElement on session 11c53d742ce89a8e0d5e182633adc4c0 to remote] DEBUG org.apache.http.client.protocol.RequestAddCookies - CookieSpec selected: default
11:23:19.617 [Forwarding clickElement on session 11c53d742ce89a8e0d5e182633adc4c0 to remote] DEBUG org.apache.http.client.protocol.RequestAuthCache - Auth cache not set in the context
11:23:19.617 [Forwarding clickElement on session 11c53d742ce89a8e0d5e182633adc4c0 to remote] DEBUG org.apache.http.impl.conn.PoolingHttpClientConnectionManager - Connection request: [route: {}->http://localhost:6948][total kept alive: 22; route allocated: 1 of 2000; total allocated: 22 of 2000]
11:23:19.617 [Forwarding clickElement on session 11c53d742ce89a8e0d5e182633adc4c0 to remote] DEBUG org.apache.http.impl.conn.PoolingHttpClientConnectionManager - Connection leased: [id: 21][route: {}->http://localhost:6948][total kept alive: 21; route allocated: 1 of 2000; total allocated: 22 of 2000]
11:23:19.617 [Forwarding clickElement on session 11c53d742ce89a8e0d5e182633adc4c0 to remote] DEBUG org.apache.http.impl.execchain.MainClientExec - Stale connection check
11:23:19.618 [Forwarding clickElement on session 11c53d742ce89a8e0d5e182633adc4c0 to remote] DEBUG org.apache.http.wire - http-outgoing-21 << "[read] I/O error: Read timed out"
11:23:19.618 [Forwarding clickElement on session 11c53d742ce89a8e0d5e182633adc4c0 to remote] DEBUG org.apache.http.impl.conn.DefaultManagedHttpClientConnection - http-outgoing-21: set socket timeout to 10800000
11:23:19.618 [Forwarding clickElement on session 11c53d742ce89a8e0d5e182633adc4c0 to remote] DEBUG org.apache.http.impl.execchain.MainClientExec - Executing request POST /session/11c53d742ce89a8e0d5e182633adc4c0/element/f15fe9f6-7ef8-48ae-919c-3b9f3e41d370/click HTTP/1.1
11:23:19.618 [Forwarding clickElement on session 11c53d742ce89a8e0d5e182633adc4c0 to remote] DEBUG org.apache.http.impl.execchain.MainClientExec - Target auth state: UNCHALLENGED
11:23:19.618 [Forwarding clickElement on session 11c53d742ce89a8e0d5e182633adc4c0 to remote] DEBUG org.apache.http.impl.execchain.MainClientExec - Proxy auth state: UNCHALLENGED
11:23:19.618 [Forwarding clickElement on session 11c53d742ce89a8e0d5e182633adc4c0 to remote] DEBUG org.apache.http.headers - http-outgoing-21 >> POST /session/11c53d742ce89a8e0d5e182633adc4c0/element/f15fe9f6-7ef8-48ae-919c-3b9f3e41d370/click HTTP/1.1
11:23:19.618 [Forwarding clickElement on session 11c53d742ce89a8e0d5e182633adc4c0 to remote] DEBUG org.apache.http.headers - http-outgoing-21 >> Content-Type: application/json; charset=utf-8
11:23:19.618 [Forwarding clickElement on session 11c53d742ce89a8e0d5e182633adc4c0 to remote] DEBUG org.apache.http.headers - http-outgoing-21 >> Content-Length: 45
11:23:19.618 [Forwarding clickElement on session 11c53d742ce89a8e0d5e182633adc4c0 to remote] DEBUG org.apache.http.headers - http-outgoing-21 >> Host: localhost:6948
11:23:19.618 [Forwarding clickElement on session 11c53d742ce89a8e0d5e182633adc4c0 to remote] DEBUG org.apache.http.headers - http-outgoing-21 >> Connection: Keep-Alive
11:23:19.618 [Forwarding clickElement on session 11c53d742ce89a8e0d5e182633adc4c0 to remote] DEBUG org.apache.http.headers - http-outgoing-21 >> User-Agent: Apache-HttpClient/4.5.3 (Java/1.8.0_211)
11:23:19.618 [Forwarding clickElement on session 11c53d742ce89a8e0d5e182633adc4c0 to remote] DEBUG org.apache.http.headers - http-outgoing-21 >> Accept-Encoding: gzip,deflate
11:23:19.618 [Forwarding clickElement on session 11c53d742ce89a8e0d5e182633adc4c0 to remote] DEBUG org.apache.http.wire - http-outgoing-21 >> "POST /session/11c53d742ce89a8e0d5e182633adc4c0/element/f15fe9f6-7ef8-48ae-919c-3b9f3e41d370/click HTTP/1.1[\r][\n]"
11:23:19.618 [Forwarding clickElement on session 11c53d742ce89a8e0d5e182633adc4c0 to remote] DEBUG org.apache.http.wire - http-outgoing-21 >> "Content-Type: application/json; charset=utf-8[\r][\n]"
11:23:19.618 [Forwarding clickElement on session 11c53d742ce89a8e0d5e182633adc4c0 to remote] DEBUG org.apache.http.wire - http-outgoing-21 >> "Content-Length: 45[\r][\n]"
11:23:19.618 [Forwarding clickElement on session 11c53d742ce89a8e0d5e182633adc4c0 to remote] DEBUG org.apache.http.wire - http-outgoing-21 >> "Host: localhost:6948[\r][\n]"
11:23:19.618 [Forwarding clickElement on session 11c53d742ce89a8e0d5e182633adc4c0 to remote] DEBUG org.apache.http.wire - http-outgoing-21 >> "Connection: Keep-Alive[\r][\n]"
11:23:19.618 [Forwarding clickElement on session 11c53d742ce89a8e0d5e182633adc4c0 to remote] DEBUG org.apache.http.wire - http-outgoing-21 >> "User-Agent: Apache-HttpClient/4.5.3 (Java/1.8.0_211)[\r][\n]"
11:23:19.618 [Forwarding clickElement on session 11c53d742ce89a8e0d5e182633adc4c0 to remote] DEBUG org.apache.http.wire - http-outgoing-21 >> "Accept-Encoding: gzip,deflate[\r][\n]"
11:23:19.618 [Forwarding clickElement on session 11c53d742ce89a8e0d5e182633adc4c0 to remote] DEBUG org.apache.http.wire - http-outgoing-21 >> "[\r][\n]"
11:23:19.619 [Forwarding clickElement on session 11c53d742ce89a8e0d5e182633adc4c0 to remote] DEBUG org.apache.http.wire - http-outgoing-21 >> "{"id":"f15fe9f6-7ef8-48ae-919c-3b9f3e41d370"}"
11:23:19.880 [Forwarding clickElement on session 11c53d742ce89a8e0d5e182633adc4c0 to remote] DEBUG org.apache.http.wire - http-outgoing-21 << "HTTP/1.1 200 OK[\r][\n]"
11:23:19.880 [Forwarding clickElement on session 11c53d742ce89a8e0d5e182633adc4c0 to remote] DEBUG org.apache.http.wire - http-outgoing-21 << "Content-Length:14[\r][\n]"
11:23:19.880 [Forwarding clickElement on session 11c53d742ce89a8e0d5e182633adc4c0 to remote] DEBUG org.apache.http.wire - http-outgoing-21 << "Content-Type:application/json; charset=utf-8[\r][\n]"
11:23:19.880 [Forwarding clickElement on session 11c53d742ce89a8e0d5e182633adc4c0 to remote] DEBUG org.apache.http.wire - http-outgoing-21 << "cache-control:no-cache[\r][\n]"
11:23:19.880 [Forwarding clickElement on session 11c53d742ce89a8e0d5e182633adc4c0 to remote] DEBUG org.apache.http.wire - http-outgoing-21 << "[\r][\n]"
11:23:19.880 [Forwarding clickElement on session 11c53d742ce89a8e0d5e182633adc4c0 to remote] DEBUG org.apache.http.wire - http-outgoing-21 << "{"value":null}"
11:23:19.880 [Forwarding clickElement on session 11c53d742ce89a8e0d5e182633adc4c0 to remote] DEBUG org.apache.http.headers - http-outgoing-21 << HTTP/1.1 200 OK
11:23:19.880 [Forwarding clickElement on session 11c53d742ce89a8e0d5e182633adc4c0 to remote] DEBUG org.apache.http.headers - http-outgoing-21 << Content-Length:14
11:23:19.880 [Forwarding clickElement on session 11c53d742ce89a8e0d5e182633adc4c0 to remote] DEBUG org.apache.http.headers - http-outgoing-21 << Content-Type:application/json; charset=utf-8
11:23:19.880 [Forwarding clickElement on session 11c53d742ce89a8e0d5e182633adc4c0 to remote] DEBUG org.apache.http.headers - http-outgoing-21 << cache-control:no-cache
11:23:19.880 [Forwarding clickElement on session 11c53d742ce89a8e0d5e182633adc4c0 to remote] DEBUG org.apache.http.impl.execchain.MainClientExec - Connection can be kept alive indefinitely
11:23:19.881 [Forwarding clickElement on session 11c53d742ce89a8e0d5e182633adc4c0 to remote] DEBUG org.apache.http.impl.conn.PoolingHttpClientConnectionManager - Connection [id: 21][route: {}->http://localhost:6948] can be kept alive indefinitely
11:23:19.881 [Forwarding clickElement on session 11c53d742ce89a8e0d5e182633adc4c0 to remote] DEBUG org.apache.http.impl.conn.PoolingHttpClientConnectionManager - Connection released: [id: 21][route: {}->http://localhost:6948][total kept alive: 22; route allocated: 1 of 2000; total allocated: 22 of 2000]
11:23:19.881 [Forwarding findElement on session 11c53d742ce89a8e0d5e182633adc4c0 to remote] DEBUG org.apache.http.client.protocol.RequestAddCookies - CookieSpec selected: default
11:23:19.881 [Forwarding findElement on session 11c53d742ce89a8e0d5e182633adc4c0 to remote] DEBUG org.apache.http.client.protocol.RequestAuthCache - Auth cache not set in the context
11:23:19.881 [Forwarding findElement on session 11c53d742ce89a8e0d5e182633adc4c0 to remote] DEBUG org.apache.http.impl.conn.PoolingHttpClientConnectionManager - Connection request: [route: {}->http://localhost:6948][total kept alive: 22; route allocated: 1 of 2000; total allocated: 22 of 2000]
11:23:19.881 [Forwarding findElement on session 11c53d742ce89a8e0d5e182633adc4c0 to remote] DEBUG org.apache.http.impl.conn.PoolingHttpClientConnectionManager - Connection leased: [id: 21][route: {}->http://localhost:6948][total kept alive: 21; route allocated: 1 of 2000; total allocated: 22 of 2000]
11:23:19.881 [Forwarding findElement on session 11c53d742ce89a8e0d5e182633adc4c0 to remote] DEBUG org.apache.http.impl.execchain.MainClientExec - Stale connection check
11:23:19.882 [Forwarding findElement on session 11c53d742ce89a8e0d5e182633adc4c0 to remote] DEBUG org.apache.http.wire - http-outgoing-21 << "[read] I/O error: Read timed out"
11:23:19.882 [Forwarding findElement on session 11c53d742ce89a8e0d5e182633adc4c0 to remote] DEBUG org.apache.http.impl.conn.DefaultManagedHttpClientConnection - http-outgoing-21: set socket timeout to 10800000
11:23:19.882 [Forwarding findElement on session 11c53d742ce89a8e0d5e182633adc4c0 to remote] DEBUG org.apache.http.impl.execchain.MainClientExec - Executing request POST /session/11c53d742ce89a8e0d5e182633adc4c0/element HTTP/1.1
11:23:19.882 [Forwarding findElement on session 11c53d742ce89a8e0d5e182633adc4c0 to remote] DEBUG org.apache.http.impl.execchain.MainClientExec - Target auth state: UNCHALLENGED
11:23:19.882 [Forwarding findElement on session 11c53d742ce89a8e0d5e182633adc4c0 to remote] DEBUG org.apache.http.impl.execchain.MainClientExec - Proxy auth state: UNCHALLENGED
11:23:19.882 [Forwarding findElement on session 11c53d742ce89a8e0d5e182633adc4c0 to remote] DEBUG org.apache.http.headers - http-outgoing-21 >> POST /session/11c53d742ce89a8e0d5e182633adc4c0/element HTTP/1.1
11:23:19.882 [Forwarding findElement on session 11c53d742ce89a8e0d5e182633adc4c0 to remote] DEBUG org.apache.http.headers - http-outgoing-21 >> Content-Type: application/json; charset=utf-8
11:23:19.882 [Forwarding findElement on session 11c53d742ce89a8e0d5e182633adc4c0 to remote] DEBUG org.apache.http.headers - http-outgoing-21 >> Content-Length: 61
11:23:19.882 [Forwarding findElement on session 11c53d742ce89a8e0d5e182633adc4c0 to remote] DEBUG org.apache.http.headers - http-outgoing-21 >> Host: localhost:6948
11:23:19.882 [Forwarding findElement on session 11c53d742ce89a8e0d5e182633adc4c0 to remote] DEBUG org.apache.http.headers - http-outgoing-21 >> Connection: Keep-Alive
11:23:19.882 [Forwarding findElement on session 11c53d742ce89a8e0d5e182633adc4c0 to remote] DEBUG org.apache.http.headers - http-outgoing-21 >> User-Agent: Apache-HttpClient/4.5.3 (Java/1.8.0_211)
11:23:19.882 [Forwarding findElement on session 11c53d742ce89a8e0d5e182633adc4c0 to remote] DEBUG org.apache.http.headers - http-outgoing-21 >> Accept-Encoding: gzip,deflate
11:23:19.882 [Forwarding findElement on session 11c53d742ce89a8e0d5e182633adc4c0 to remote] DEBUG org.apache.http.wire - http-outgoing-21 >> "POST /session/11c53d742ce89a8e0d5e182633adc4c0/element HTTP/1.1[\r][\n]"
11:23:19.882 [Forwarding findElement on session 11c53d742ce89a8e0d5e182633adc4c0 to remote] DEBUG org.apache.http.wire - http-outgoing-21 >> "Content-Type: application/json; charset=utf-8[\r][\n]"
11:23:19.882 [Forwarding findElement on session 11c53d742ce89a8e0d5e182633adc4c0 to remote] DEBUG org.apache.http.wire - http-outgoing-21 >> "Content-Length: 61[\r][\n]"
11:23:19.882 [Forwarding findElement on session 11c53d742ce89a8e0d5e182633adc4c0 to remote] DEBUG org.apache.http.wire - http-outgoing-21 >> "Host: localhost:6948[\r][\n]"
11:23:19.882 [Forwarding findElement on session 11c53d742ce89a8e0d5e182633adc4c0 to remote] DEBUG org.apache.http.wire - http-outgoing-21 >> "Connection: Keep-Alive[\r][\n]"
11:23:19.882 [Forwarding findElement on session 11c53d742ce89a8e0d5e182633adc4c0 to remote] DEBUG org.apache.http.wire - http-outgoing-21 >> "User-Agent: Apache-HttpClient/4.5.3 (Java/1.8.0_211)[\r][\n]"
11:23:19.882 [Forwarding findElement on session 11c53d742ce89a8e0d5e182633adc4c0 to remote] DEBUG org.apache.http.wire - http-outgoing-21 >> "Accept-Encoding: gzip,deflate[\r][\n]"
11:23:19.882 [Forwarding findElement on session 11c53d742ce89a8e0d5e182633adc4c0 to remote] DEBUG org.apache.http.wire - http-outgoing-21 >> "[\r][\n]"
11:23:19.882 [Forwarding findElement on session 11c53d742ce89a8e0d5e182633adc4c0 to remote] DEBUG org.apache.http.wire - http-outgoing-21 >> "{"value":".justify-content-end > div","using":"css selector"}"
11:23:19.887 [Forwarding findElement on session 11c53d742ce89a8e0d5e182633adc4c0 to remote] DEBUG org.apache.http.wire - http-outgoing-21 << "HTTP/1.1 200 OK[\r][\n]"
11:23:19.887 [Forwarding findElement on session 11c53d742ce89a8e0d5e182633adc4c0 to remote] DEBUG org.apache.http.wire - http-outgoing-21 << "Content-Length:88[\r][\n]"
11:23:19.887 [Forwarding findElement on session 11c53d742ce89a8e0d5e182633adc4c0 to remote] DEBUG org.apache.http.wire - http-outgoing-21 << "Content-Type:application/json; charset=utf-8[\r][\n]"
11:23:19.887 [Forwarding findElement on session 11c53d742ce89a8e0d5e182633adc4c0 to remote] DEBUG org.apache.http.wire - http-outgoing-21 << "cache-control:no-cache[\r][\n]"
11:23:19.887 [Forwarding findElement on session 11c53d742ce89a8e0d5e182633adc4c0 to remote] DEBUG org.apache.http.wire - http-outgoing-21 << "[\r][\n]"
11:23:19.887 [Forwarding findElement on session 11c53d742ce89a8e0d5e182633adc4c0 to remote] DEBUG org.apache.http.wire - http-outgoing-21 << "{"value":{"element-6066-11e4-a52e-4f735466cecf":"d3d52856-9caf-4621-878a-728c92fe62ea"}}"
11:23:19.887 [Forwarding findElement on session 11c53d742ce89a8e0d5e182633adc4c0 to remote] DEBUG org.apache.http.headers - http-outgoing-21 << HTTP/1.1 200 OK
11:23:19.887 [Forwarding findElement on session 11c53d742ce89a8e0d5e182633adc4c0 to remote] DEBUG org.apache.http.headers - http-outgoing-21 << Content-Length:88
11:23:19.887 [Forwarding findElement on session 11c53d742ce89a8e0d5e182633adc4c0 to remote] DEBUG org.apache.http.headers - http-outgoing-21 << Content-Type:application/json; charset=utf-8
11:23:19.887 [Forwarding findElement on session 11c53d742ce89a8e0d5e182633adc4c0 to remote] DEBUG org.apache.http.headers - http-outgoing-21 << cache-control:no-cache
11:23:19.887 [Forwarding findElement on session 11c53d742ce89a8e0d5e182633adc4c0 to remote] DEBUG org.apache.http.impl.execchain.MainClientExec - Connection can be kept alive indefinitely
11:23:19.887 [Forwarding findElement on session 11c53d742ce89a8e0d5e182633adc4c0 to remote] DEBUG org.apache.http.impl.conn.PoolingHttpClientConnectionManager - Connection [id: 21][route: {}->http://localhost:6948] can be kept alive indefinitely
11:23:19.887 [Forwarding findElement on session 11c53d742ce89a8e0d5e182633adc4c0 to remote] DEBUG org.apache.http.impl.conn.PoolingHttpClientConnectionManager - Connection released: [id: 21][route: {}->http://localhost:6948][total kept alive: 22; route allocated: 1 of 2000; total allocated: 22 of 2000]
11:23:19.887 [Forwarding clickElement on session 11c53d742ce89a8e0d5e182633adc4c0 to remote] DEBUG org.apache.http.client.protocol.RequestAddCookies - CookieSpec selected: default
11:23:19.887 [Forwarding clickElement on session 11c53d742ce89a8e0d5e182633adc4c0 to remote] DEBUG org.apache.http.client.protocol.RequestAuthCache - Auth cache not set in the context
11:23:19.887 [Forwarding clickElement on session 11c53d742ce89a8e0d5e182633adc4c0 to remote] DEBUG org.apache.http.impl.conn.PoolingHttpClientConnectionManager - Connection request: [route: {}->http://localhost:6948][total kept alive: 22; route allocated: 1 of 2000; total allocated: 22 of 2000]
11:23:19.887 [Forwarding clickElement on session 11c53d742ce89a8e0d5e182633adc4c0 to remote] DEBUG org.apache.http.impl.conn.PoolingHttpClientConnectionManager - Connection leased: [id: 21][route: {}->http://localhost:6948][total kept alive: 21; route allocated: 1 of 2000; total allocated: 22 of 2000]
11:23:19.887 [Forwarding clickElement on session 11c53d742ce89a8e0d5e182633adc4c0 to remote] DEBUG org.apache.http.impl.execchain.MainClientExec - Stale connection check
11:23:19.889 [Forwarding clickElement on session 11c53d742ce89a8e0d5e182633adc4c0 to remote] DEBUG org.apache.http.wire - http-outgoing-21 << "[read] I/O error: Read timed out"
11:23:19.889 [Forwarding clickElement on session 11c53d742ce89a8e0d5e182633adc4c0 to remote] DEBUG org.apache.http.impl.conn.DefaultManagedHttpClientConnection - http-outgoing-21: set socket timeout to 10800000
11:23:19.889 [Forwarding clickElement on session 11c53d742ce89a8e0d5e182633adc4c0 to remote] DEBUG org.apache.http.impl.execchain.MainClientExec - Executing request POST /session/11c53d742ce89a8e0d5e182633adc4c0/element/d3d52856-9caf-4621-878a-728c92fe62ea/click HTTP/1.1
11:23:19.889 [Forwarding clickElement on session 11c53d742ce89a8e0d5e182633adc4c0 to remote] DEBUG org.apache.http.impl.execchain.MainClientExec - Target auth state: UNCHALLENGED
11:23:19.889 [Forwarding clickElement on session 11c53d742ce89a8e0d5e182633adc4c0 to remote] DEBUG org.apache.http.impl.execchain.MainClientExec - Proxy auth state: UNCHALLENGED
11:23:19.889 [Forwarding clickElement on session 11c53d742ce89a8e0d5e182633adc4c0 to remote] DEBUG org.apache.http.headers - http-outgoing-21 >> POST /session/11c53d742ce89a8e0d5e182633adc4c0/element/d3d52856-9caf-4621-878a-728c92fe62ea/click HTTP/1.1
11:23:19.889 [Forwarding clickElement on session 11c53d742ce89a8e0d5e182633adc4c0 to remote] DEBUG org.apache.http.headers - http-outgoing-21 >> Content-Type: application/json; charset=utf-8
11:23:19.889 [Forwarding clickElement on session 11c53d742ce89a8e0d5e182633adc4c0 to remote] DEBUG org.apache.http.headers - http-outgoing-21 >> Content-Length: 45
11:23:19.889 [Forwarding clickElement on session 11c53d742ce89a8e0d5e182633adc4c0 to remote] DEBUG org.apache.http.headers - http-outgoing-21 >> Host: localhost:6948
11:23:19.889 [Forwarding clickElement on session 11c53d742ce89a8e0d5e182633adc4c0 to remote] DEBUG org.apache.http.headers - http-outgoing-21 >> Connection: Keep-Alive
11:23:19.889 [Forwarding clickElement on session 11c53d742ce89a8e0d5e182633adc4c0 to remote] DEBUG org.apache.http.headers - http-outgoing-21 >> User-Agent: Apache-HttpClient/4.5.3 (Java/1.8.0_211)
11:23:19.889 [Forwarding clickElement on session 11c53d742ce89a8e0d5e182633adc4c0 to remote] DEBUG org.apache.http.headers - http-outgoing-21 >> Accept-Encoding: gzip,deflate
11:23:19.889 [Forwarding clickElement on session 11c53d742ce89a8e0d5e182633adc4c0 to remote] DEBUG org.apache.http.wire - http-outgoing-21 >> "POST /session/11c53d742ce89a8e0d5e182633adc4c0/element/d3d52856-9caf-4621-878a-728c92fe62ea/click HTTP/1.1[\r][\n]"
11:23:19.889 [Forwarding clickElement on session 11c53d742ce89a8e0d5e182633adc4c0 to remote] DEBUG org.apache.http.wire - http-outgoing-21 >> "Content-Type: application/json; charset=utf-8[\r][\n]"
11:23:19.889 [Forwarding clickElement on session 11c53d742ce89a8e0d5e182633adc4c0 to remote] DEBUG org.apache.http.wire - http-outgoing-21 >> "Content-Length: 45[\r][\n]"
11:23:19.889 [Forwarding clickElement on session 11c53d742ce89a8e0d5e182633adc4c0 to remote] DEBUG org.apache.http.wire - http-outgoing-21 >> "Host: localhost:6948[\r][\n]"
11:23:19.889 [Forwarding clickElement on session 11c53d742ce89a8e0d5e182633adc4c0 to remote] DEBUG org.apache.http.wire - http-outgoing-21 >> "Connection: Keep-Alive[\r][\n]"
11:23:19.889 [Forwarding clickElement on session 11c53d742ce89a8e0d5e182633adc4c0 to remote] DEBUG org.apache.http.wire - http-outgoing-21 >> "User-Agent: Apache-HttpClient/4.5.3 (Java/1.8.0_211)[\r][\n]"
11:23:19.889 [Forwarding clickElement on session 11c53d742ce89a8e0d5e182633adc4c0 to remote] DEBUG org.apache.http.wire - http-outgoing-21 >> "Accept-Encoding: gzip,deflate[\r][\n]"
11:23:19.889 [Forwarding clickElement on session 11c53d742ce89a8e0d5e182633adc4c0 to remote] DEBUG org.apache.http.wire - http-outgoing-21 >> "[\r][\n]"
11:23:19.889 [Forwarding clickElement on session 11c53d742ce89a8e0d5e182633adc4c0 to remote] DEBUG org.apache.http.wire - http-outgoing-21 >> "{"id":"d3d52856-9caf-4621-878a-728c92fe62ea"}"
11:23:20.019 [Forwarding clickElement on session 11c53d742ce89a8e0d5e182633adc4c0 to remote] DEBUG org.apache.http.wire - http-outgoing-21 << "HTTP/1.1 200 OK[\r][\n]"
11:23:20.019 [Forwarding clickElement on session 11c53d742ce89a8e0d5e182633adc4c0 to remote] DEBUG org.apache.http.wire - http-outgoing-21 << "Content-Length:14[\r][\n]"
11:23:20.019 [Forwarding clickElement on session 11c53d742ce89a8e0d5e182633adc4c0 to remote] DEBUG org.apache.http.wire - http-outgoing-21 << "Content-Type:application/json; charset=utf-8[\r][\n]"
11:23:20.019 [Forwarding clickElement on session 11c53d742ce89a8e0d5e182633adc4c0 to remote] DEBUG org.apache.http.wire - http-outgoing-21 << "cache-control:no-cache[\r][\n]"
11:23:20.019 [Forwarding clickElement on session 11c53d742ce89a8e0d5e182633adc4c0 to remote] DEBUG org.apache.http.wire - http-outgoing-21 << "[\r][\n]"
11:23:20.019 [Forwarding clickElement on session 11c53d742ce89a8e0d5e182633adc4c0 to remote] DEBUG org.apache.http.wire - http-outgoing-21 << "{"value":null}"
11:23:20.019 [Forwarding clickElement on session 11c53d742ce89a8e0d5e182633adc4c0 to remote] DEBUG org.apache.http.headers - http-outgoing-21 << HTTP/1.1 200 OK
11:23:20.019 [Forwarding clickElement on session 11c53d742ce89a8e0d5e182633adc4c0 to remote] DEBUG org.apache.http.headers - http-outgoing-21 << Content-Length:14
11:23:20.019 [Forwarding clickElement on session 11c53d742ce89a8e0d5e182633adc4c0 to remote] DEBUG org.apache.http.headers - http-outgoing-21 << Content-Type:application/json; charset=utf-8
11:23:20.019 [Forwarding clickElement on session 11c53d742ce89a8e0d5e182633adc4c0 to remote] DEBUG org.apache.http.headers - http-outgoing-21 << cache-control:no-cache
11:23:20.019 [Forwarding clickElement on session 11c53d742ce89a8e0d5e182633adc4c0 to remote] DEBUG org.apache.http.impl.execchain.MainClientExec - Connection can be kept alive indefinitely
11:23:20.019 [Forwarding clickElement on session 11c53d742ce89a8e0d5e182633adc4c0 to remote] DEBUG org.apache.http.impl.conn.PoolingHttpClientConnectionManager - Connection [id: 21][route: {}->http://localhost:6948] can be kept alive indefinitely
11:23:20.019 [Forwarding clickElement on session 11c53d742ce89a8e0d5e182633adc4c0 to remote] DEBUG org.apache.http.impl.conn.PoolingHttpClientConnectionManager - Connection released: [id: 21][route: {}->http://localhost:6948][total kept alive: 22; route allocated: 1 of 2000; total allocated: 22 of 2000]
11:23:20.020 [Forwarding findElement on session 11c53d742ce89a8e0d5e182633adc4c0 to remote] DEBUG org.apache.http.client.protocol.RequestAddCookies - CookieSpec selected: default
11:23:20.020 [Forwarding findElement on session 11c53d742ce89a8e0d5e182633adc4c0 to remote] DEBUG org.apache.http.client.protocol.RequestAuthCache - Auth cache not set in the context
11:23:20.020 [Forwarding findElement on session 11c53d742ce89a8e0d5e182633adc4c0 to remote] DEBUG org.apache.http.impl.conn.PoolingHttpClientConnectionManager - Connection request: [route: {}->http://localhost:6948][total kept alive: 22; route allocated: 1 of 2000; total allocated: 22 of 2000]
11:23:20.020 [Forwarding findElement on session 11c53d742ce89a8e0d5e182633adc4c0 to remote] DEBUG org.apache.http.impl.conn.PoolingHttpClientConnectionManager - Connection leased: [id: 21][route: {}->http://localhost:6948][total kept alive: 21; route allocated: 1 of 2000; total allocated: 22 of 2000]
11:23:20.020 [Forwarding findElement on session 11c53d742ce89a8e0d5e182633adc4c0 to remote] DEBUG org.apache.http.impl.execchain.MainClientExec - Stale connection check
11:23:20.021 [Forwarding findElement on session 11c53d742ce89a8e0d5e182633adc4c0 to remote] DEBUG org.apache.http.wire - http-outgoing-21 << "[read] I/O error: Read timed out"
11:23:20.021 [Forwarding findElement on session 11c53d742ce89a8e0d5e182633adc4c0 to remote] DEBUG org.apache.http.impl.conn.DefaultManagedHttpClientConnection - http-outgoing-21: set socket timeout to 10800000
11:23:20.021 [Forwarding findElement on session 11c53d742ce89a8e0d5e182633adc4c0 to remote] DEBUG org.apache.http.impl.execchain.MainClientExec - Executing request POST /session/11c53d742ce89a8e0d5e182633adc4c0/element HTTP/1.1
11:23:20.021 [Forwarding findElement on session 11c53d742ce89a8e0d5e182633adc4c0 to remote] DEBUG org.apache.http.impl.execchain.MainClientExec - Target auth state: UNCHALLENGED
11:23:20.021 [Forwarding findElement on session 11c53d742ce89a8e0d5e182633adc4c0 to remote] DEBUG org.apache.http.impl.execchain.MainClientExec - Proxy auth state: UNCHALLENGED
11:23:20.021 [Forwarding findElement on session 11c53d742ce89a8e0d5e182633adc4c0 to remote] DEBUG org.apache.http.headers - http-outgoing-21 >> POST /session/11c53d742ce89a8e0d5e182633adc4c0/element HTTP/1.1
11:23:20.021 [Forwarding findElement on session 11c53d742ce89a8e0d5e182633adc4c0 to remote] DEBUG org.apache.http.headers - http-outgoing-21 >> Content-Type: application/json; charset=utf-8
11:23:20.021 [Forwarding findElement on session 11c53d742ce89a8e0d5e182633adc4c0 to remote] DEBUG org.apache.http.headers - http-outgoing-21 >> Content-Length: 53
11:23:20.021 [Forwarding findElement on session 11c53d742ce89a8e0d5e182633adc4c0 to remote] DEBUG org.apache.http.headers - http-outgoing-21 >> Host: localhost:6948
11:23:20.021 [Forwarding findElement on session 11c53d742ce89a8e0d5e182633adc4c0 to remote] DEBUG org.apache.http.headers - http-outgoing-21 >> Connection: Keep-Alive
11:23:20.021 [Forwarding findElement on session 11c53d742ce89a8e0d5e182633adc4c0 to remote] DEBUG org.apache.http.headers - http-outgoing-21 >> User-Agent: Apache-HttpClient/4.5.3 (Java/1.8.0_211)
11:23:20.021 [Forwarding findElement on session 11c53d742ce89a8e0d5e182633adc4c0 to remote] DEBUG org.apache.http.headers - http-outgoing-21 >> Accept-Encoding: gzip,deflate
11:23:20.021 [Forwarding findElement on session 11c53d742ce89a8e0d5e182633adc4c0 to remote] DEBUG org.apache.http.wire - http-outgoing-21 >> "POST /session/11c53d742ce89a8e0d5e182633adc4c0/element HTTP/1.1[\r][\n]"
11:23:20.021 [Forwarding findElement on session 11c53d742ce89a8e0d5e182633adc4c0 to remote] DEBUG org.apache.http.wire - http-outgoing-21 >> "Content-Type: application/json; charset=utf-8[\r][\n]"
11:23:20.021 [Forwarding findElement on session 11c53d742ce89a8e0d5e182633adc4c0 to remote] DEBUG org.apache.http.wire - http-outgoing-21 >> "Content-Length: 53[\r][\n]"
11:23:20.021 [Forwarding findElement on session 11c53d742ce89a8e0d5e182633adc4c0 to remote] DEBUG org.apache.http.wire - http-outgoing-21 >> "Host: localhost:6948[\r][\n]"
11:23:20.021 [Forwarding findElement on session 11c53d742ce89a8e0d5e182633adc4c0 to remote] DEBUG org.apache.http.wire - http-outgoing-21 >> "Connection: Keep-Alive[\r][\n]"
11:23:20.021 [Forwarding findElement on session 11c53d742ce89a8e0d5e182633adc4c0 to remote] DEBUG org.apache.http.wire - http-outgoing-21 >> "User-Agent: Apache-HttpClient/4.5.3 (Java/1.8.0_211)[\r][\n]"
11:23:20.021 [Forwarding findElement on session 11c53d742ce89a8e0d5e182633adc4c0 to remote] DEBUG org.apache.http.wire - http-outgoing-21 >> "Accept-Encoding: gzip,deflate[\r][\n]"
11:23:20.021 [Forwarding findElement on session 11c53d742ce89a8e0d5e182633adc4c0 to remote] DEBUG org.apache.http.wire - http-outgoing-21 >> "[\r][\n]"
11:23:20.021 [Forwarding findElement on session 11c53d742ce89a8e0d5e182633adc4c0 to remote] DEBUG org.apache.http.wire - http-outgoing-21 >> "{"value":"span > .d-flex div","using":"css selector"}"
11:23:20.272 [Forwarding findElement on session 11c53d742ce89a8e0d5e182633adc4c0 to remote] DEBUG org.apache.http.wire - http-outgoing-21 << "HTTP/1.1 200 OK[\r][\n]"
11:23:20.272 [Forwarding findElement on session 11c53d742ce89a8e0d5e182633adc4c0 to remote] DEBUG org.apache.http.wire - http-outgoing-21 << "Content-Length:88[\r][\n]"
11:23:20.272 [Forwarding findElement on session 11c53d742ce89a8e0d5e182633adc4c0 to remote] DEBUG org.apache.http.wire - http-outgoing-21 << "Content-Type:application/json; charset=utf-8[\r][\n]"
11:23:20.272 [Forwarding findElement on session 11c53d742ce89a8e0d5e182633adc4c0 to remote] DEBUG org.apache.http.wire - http-outgoing-21 << "cache-control:no-cache[\r][\n]"
11:23:20.272 [Forwarding findElement on session 11c53d742ce89a8e0d5e182633adc4c0 to remote] DEBUG org.apache.http.wire - http-outgoing-21 << "[\r][\n]"
11:23:20.272 [Forwarding findElement on session 11c53d742ce89a8e0d5e182633adc4c0 to remote] DEBUG org.apache.http.wire - http-outgoing-21 << "{"value":{"element-6066-11e4-a52e-4f735466cecf":"5cb8b957-5399-4f18-a3b6-fa52e5de7b2b"}}"
11:23:20.272 [Forwarding findElement on session 11c53d742ce89a8e0d5e182633adc4c0 to remote] DEBUG org.apache.http.headers - http-outgoing-21 << HTTP/1.1 200 OK
11:23:20.272 [Forwarding findElement on session 11c53d742ce89a8e0d5e182633adc4c0 to remote] DEBUG org.apache.http.headers - http-outgoing-21 << Content-Length:88
11:23:20.272 [Forwarding findElement on session 11c53d742ce89a8e0d5e182633adc4c0 to remote] DEBUG org.apache.http.headers - http-outgoing-21 << Content-Type:application/json; charset=utf-8
11:23:20.272 [Forwarding findElement on session 11c53d742ce89a8e0d5e182633adc4c0 to remote] DEBUG org.apache.http.headers - http-outgoing-21 << cache-control:no-cache
11:23:20.272 [Forwarding findElement on session 11c53d742ce89a8e0d5e182633adc4c0 to remote] DEBUG org.apache.http.impl.execchain.MainClientExec - Connection can be kept alive indefinitely
11:23:20.272 [Forwarding findElement on session 11c53d742ce89a8e0d5e182633adc4c0 to remote] DEBUG org.apache.http.impl.conn.PoolingHttpClientConnectionManager - Connection [id: 21][route: {}->http://localhost:6948] can be kept alive indefinitely
11:23:20.272 [Forwarding findElement on session 11c53d742ce89a8e0d5e182633adc4c0 to remote] DEBUG org.apache.http.impl.conn.PoolingHttpClientConnectionManager - Connection released: [id: 21][route: {}->http://localhost:6948][total kept alive: 22; route allocated: 1 of 2000; total allocated: 22 of 2000]
11:23:20.272 [Forwarding getElementText on session 11c53d742ce89a8e0d5e182633adc4c0 to remote] DEBUG org.apache.http.client.protocol.RequestAddCookies - CookieSpec selected: default
11:23:20.272 [Forwarding getElementText on session 11c53d742ce89a8e0d5e182633adc4c0 to remote] DEBUG org.apache.http.client.protocol.RequestAuthCache - Auth cache not set in the context
11:23:20.272 [Forwarding getElementText on session 11c53d742ce89a8e0d5e182633adc4c0 to remote] DEBUG org.apache.http.impl.conn.PoolingHttpClientConnectionManager - Connection request: [route: {}->http://localhost:6948][total kept alive: 22; route allocated: 1 of 2000; total allocated: 22 of 2000]
11:23:20.272 [Forwarding getElementText on session 11c53d742ce89a8e0d5e182633adc4c0 to remote] DEBUG org.apache.http.impl.conn.PoolingHttpClientConnectionManager - Connection leased: [id: 21][route: {}->http://localhost:6948][total kept alive: 21; route allocated: 1 of 2000; total allocated: 22 of 2000]
11:23:20.272 [Forwarding getElementText on session 11c53d742ce89a8e0d5e182633adc4c0 to remote] DEBUG org.apache.http.impl.execchain.MainClientExec - Stale connection check
11:23:20.273 [Forwarding getElementText on session 11c53d742ce89a8e0d5e182633adc4c0 to remote] DEBUG org.apache.http.wire - http-outgoing-21 << "[read] I/O error: Read timed out"
11:23:20.273 [Forwarding getElementText on session 11c53d742ce89a8e0d5e182633adc4c0 to remote] DEBUG org.apache.http.impl.conn.DefaultManagedHttpClientConnection - http-outgoing-21: set socket timeout to 10800000
11:23:20.273 [Forwarding getElementText on session 11c53d742ce89a8e0d5e182633adc4c0 to remote] DEBUG org.apache.http.impl.execchain.MainClientExec - Executing request GET /session/11c53d742ce89a8e0d5e182633adc4c0/element/5cb8b957-5399-4f18-a3b6-fa52e5de7b2b/text HTTP/1.1
11:23:20.273 [Forwarding getElementText on session 11c53d742ce89a8e0d5e182633adc4c0 to remote] DEBUG org.apache.http.impl.execchain.MainClientExec - Target auth state: UNCHALLENGED
11:23:20.273 [Forwarding getElementText on session 11c53d742ce89a8e0d5e182633adc4c0 to remote] DEBUG org.apache.http.impl.execchain.MainClientExec - Proxy auth state: UNCHALLENGED
11:23:20.273 [Forwarding getElementText on session 11c53d742ce89a8e0d5e182633adc4c0 to remote] DEBUG org.apache.http.headers - http-outgoing-21 >> GET /session/11c53d742ce89a8e0d5e182633adc4c0/element/5cb8b957-5399-4f18-a3b6-fa52e5de7b2b/text HTTP/1.1
11:23:20.273 [Forwarding getElementText on session 11c53d742ce89a8e0d5e182633adc4c0 to remote] DEBUG org.apache.http.headers - http-outgoing-21 >> Cache-Control: no-cache
11:23:20.273 [Forwarding getElementText on session 11c53d742ce89a8e0d5e182633adc4c0 to remote] DEBUG org.apache.http.headers - http-outgoing-21 >> Host: localhost:6948
11:23:20.273 [Forwarding getElementText on session 11c53d742ce89a8e0d5e182633adc4c0 to remote] DEBUG org.apache.http.headers - http-outgoing-21 >> Connection: Keep-Alive
11:23:20.273 [Forwarding getElementText on session 11c53d742ce89a8e0d5e182633adc4c0 to remote] DEBUG org.apache.http.headers - http-outgoing-21 >> User-Agent: Apache-HttpClient/4.5.3 (Java/1.8.0_211)
11:23:20.273 [Forwarding getElementText on session 11c53d742ce89a8e0d5e182633adc4c0 to remote] DEBUG org.apache.http.headers - http-outgoing-21 >> Accept-Encoding: gzip,deflate
11:23:20.273 [Forwarding getElementText on session 11c53d742ce89a8e0d5e182633adc4c0 to remote] DEBUG org.apache.http.wire - http-outgoing-21 >> "GET /session/11c53d742ce89a8e0d5e182633adc4c0/element/5cb8b957-5399-4f18-a3b6-fa52e5de7b2b/text HTTP/1.1[\r][\n]"
11:23:20.274 [Forwarding getElementText on session 11c53d742ce89a8e0d5e182633adc4c0 to remote] DEBUG org.apache.http.wire - http-outgoing-21 >> "Cache-Control: no-cache[\r][\n]"
11:23:20.274 [Forwarding getElementText on session 11c53d742ce89a8e0d5e182633adc4c0 to remote] DEBUG org.apache.http.wire - http-outgoing-21 >> "Host: localhost:6948[\r][\n]"
11:23:20.274 [Forwarding getElementText on session 11c53d742ce89a8e0d5e182633adc4c0 to remote] DEBUG org.apache.http.wire - http-outgoing-21 >> "Connection: Keep-Alive[\r][\n]"
11:23:20.274 [Forwarding getElementText on session 11c53d742ce89a8e0d5e182633adc4c0 to remote] DEBUG org.apache.http.wire - http-outgoing-21 >> "User-Agent: Apache-HttpClient/4.5.3 (Java/1.8.0_211)[\r][\n]"
11:23:20.274 [Forwarding getElementText on session 11c53d742ce89a8e0d5e182633adc4c0 to remote] DEBUG org.apache.http.wire - http-outgoing-21 >> "Accept-Encoding: gzip,deflate[\r][\n]"
11:23:20.274 [Forwarding getElementText on session 11c53d742ce89a8e0d5e182633adc4c0 to remote] DEBUG org.apache.http.wire - http-outgoing-21 >> "[\r][\n]"
11:23:20.281 [Forwarding getElementText on session 11c53d742ce89a8e0d5e182633adc4c0 to remote] DEBUG org.apache.http.wire - http-outgoing-21 << "HTTP/1.1 200 OK[\r][\n]"
11:23:20.281 [Forwarding getElementText on session 11c53d742ce89a8e0d5e182633adc4c0 to remote] DEBUG org.apache.http.wire - http-outgoing-21 << "Content-Length:46[\r][\n]"
11:23:20.281 [Forwarding getElementText on session 11c53d742ce89a8e0d5e182633adc4c0 to remote] DEBUG org.apache.http.wire - http-outgoing-21 << "Content-Type:application/json; charset=utf-8[\r][\n]"
11:23:20.281 [Forwarding getElementText on session 11c53d742ce89a8e0d5e182633adc4c0 to remote] DEBUG org.apache.http.wire - http-outgoing-21 << "cache-control:no-cache[\r][\n]"
11:23:20.281 [Forwarding getElementText on session 11c53d742ce89a8e0d5e182633adc4c0 to remote] DEBUG org.apache.http.wire - http-outgoing-21 << "[\r][\n]"
11:23:20.282 [Forwarding getElementText on session 11c53d742ce89a8e0d5e182633adc4c0 to remote] DEBUG org.apache.http.wire - http-outgoing-21 << "{"value":"TN2jfdYCX9vvozqjwVvPjMd7vRj8HKyxUe"}"
11:23:20.282 [Forwarding getElementText on session 11c53d742ce89a8e0d5e182633adc4c0 to remote] DEBUG org.apache.http.headers - http-outgoing-21 << HTTP/1.1 200 OK
11:23:20.282 [Forwarding getElementText on session 11c53d742ce89a8e0d5e182633adc4c0 to remote] DEBUG org.apache.http.headers - http-outgoing-21 << Content-Length:46
11:23:20.282 [Forwarding getElementText on session 11c53d742ce89a8e0d5e182633adc4c0 to remote] DEBUG org.apache.http.headers - http-outgoing-21 << Content-Type:application/json; charset=utf-8
11:23:20.282 [Forwarding getElementText on session 11c53d742ce89a8e0d5e182633adc4c0 to remote] DEBUG org.apache.http.headers - http-outgoing-21 << cache-control:no-cache
11:23:20.282 [Forwarding getElementText on session 11c53d742ce89a8e0d5e182633adc4c0 to remote] DEBUG org.apache.http.impl.execchain.MainClientExec - Connection can be kept alive indefinitely
11:23:20.282 [Forwarding getElementText on session 11c53d742ce89a8e0d5e182633adc4c0 to remote] DEBUG org.apache.http.impl.conn.PoolingHttpClientConnectionManager - Connection [id: 21][route: {}->http://localhost:6948] can be kept alive indefinitely
11:23:20.282 [Forwarding getElementText on session 11c53d742ce89a8e0d5e182633adc4c0 to remote] DEBUG org.apache.http.impl.conn.PoolingHttpClientConnectionManager - Connection released: [id: 21][route: {}->http://localhost:6948][total kept alive: 22; route allocated: 1 of 2000; total allocated: 22 of 2000]
11:23:20.485 [Forwarding findElement on session 11c53d742ce89a8e0d5e182633adc4c0 to remote] DEBUG org.apache.http.client.protocol.RequestAddCookies - CookieSpec selected: default
11:23:20.485 [Forwarding findElement on session 11c53d742ce89a8e0d5e182633adc4c0 to remote] DEBUG org.apache.http.client.protocol.RequestAuthCache - Auth cache not set in the context
11:23:20.485 [Forwarding findElement on session 11c53d742ce89a8e0d5e182633adc4c0 to remote] DEBUG org.apache.http.impl.conn.PoolingHttpClientConnectionManager - Connection request: [route: {}->http://localhost:6948][total kept alive: 22; route allocated: 1 of 2000; total allocated: 22 of 2000]
11:23:20.485 [Forwarding findElement on session 11c53d742ce89a8e0d5e182633adc4c0 to remote] DEBUG org.apache.http.impl.conn.PoolingHttpClientConnectionManager - Connection leased: [id: 21][route: {}->http://localhost:6948][total kept alive: 21; route allocated: 1 of 2000; total allocated: 22 of 2000]
11:23:20.485 [Forwarding findElement on session 11c53d742ce89a8e0d5e182633adc4c0 to remote] DEBUG org.apache.http.impl.execchain.MainClientExec - Stale connection check
11:23:20.486 [Forwarding findElement on session 11c53d742ce89a8e0d5e182633adc4c0 to remote] DEBUG org.apache.http.wire - http-outgoing-21 << "[read] I/O error: Read timed out"
11:23:20.486 [Forwarding findElement on session 11c53d742ce89a8e0d5e182633adc4c0 to remote] DEBUG org.apache.http.impl.conn.DefaultManagedHttpClientConnection - http-outgoing-21: set socket timeout to 10800000
11:23:20.486 [Forwarding findElement on session 11c53d742ce89a8e0d5e182633adc4c0 to remote] DEBUG org.apache.http.impl.execchain.MainClientExec - Executing request POST /session/11c53d742ce89a8e0d5e182633adc4c0/element HTTP/1.1
11:23:20.486 [Forwarding findElement on session 11c53d742ce89a8e0d5e182633adc4c0 to remote] DEBUG org.apache.http.impl.execchain.MainClientExec - Target auth state: UNCHALLENGED
11:23:20.486 [Forwarding findElement on session 11c53d742ce89a8e0d5e182633adc4c0 to remote] DEBUG org.apache.http.impl.execchain.MainClientExec - Proxy auth state: UNCHALLENGED
11:23:20.486 [Forwarding findElement on session 11c53d742ce89a8e0d5e182633adc4c0 to remote] DEBUG org.apache.http.headers - http-outgoing-21 >> POST /session/11c53d742ce89a8e0d5e182633adc4c0/element HTTP/1.1
11:23:20.486 [Forwarding findElement on session 11c53d742ce89a8e0d5e182633adc4c0 to remote] DEBUG org.apache.http.headers - http-outgoing-21 >> Content-Type: application/json; charset=utf-8
11:23:20.486 [Forwarding findElement on session 11c53d742ce89a8e0d5e182633adc4c0 to remote] DEBUG org.apache.http.headers - http-outgoing-21 >> Content-Length: 58
11:23:20.486 [Forwarding findElement on session 11c53d742ce89a8e0d5e182633adc4c0 to remote] DEBUG org.apache.http.headers - http-outgoing-21 >> Host: localhost:6948
11:23:20.486 [Forwarding findElement on session 11c53d742ce89a8e0d5e182633adc4c0 to remote] DEBUG org.apache.http.headers - http-outgoing-21 >> Connection: Keep-Alive
11:23:20.486 [Forwarding findElement on session 11c53d742ce89a8e0d5e182633adc4c0 to remote] DEBUG org.apache.http.headers - http-outgoing-21 >> User-Agent: Apache-HttpClient/4.5.3 (Java/1.8.0_211)
11:23:20.486 [Forwarding findElement on session 11c53d742ce89a8e0d5e182633adc4c0 to remote] DEBUG org.apache.http.headers - http-outgoing-21 >> Accept-Encoding: gzip,deflate
11:23:20.486 [Forwarding findElement on session 11c53d742ce89a8e0d5e182633adc4c0 to remote] DEBUG org.apache.http.wire - http-outgoing-21 >> "POST /session/11c53d742ce89a8e0d5e182633adc4c0/element HTTP/1.1[\r][\n]"
11:23:20.486 [Forwarding findElement on session 11c53d742ce89a8e0d5e182633adc4c0 to remote] DEBUG org.apache.http.wire - http-outgoing-21 >> "Content-Type: application/json; charset=utf-8[\r][\n]"
11:23:20.486 [Forwarding findElement on session 11c53d742ce89a8e0d5e182633adc4c0 to remote] DEBUG org.apache.http.wire - http-outgoing-21 >> "Content-Length: 58[\r][\n]"
11:23:20.486 [Forwarding findElement on session 11c53d742ce89a8e0d5e182633adc4c0 to remote] DEBUG org.apache.http.wire - http-outgoing-21 >> "Host: localhost:6948[\r][\n]"
11:23:20.486 [Forwarding findElement on session 11c53d742ce89a8e0d5e182633adc4c0 to remote] DEBUG org.apache.http.wire - http-outgoing-21 >> "Connection: Keep-Alive[\r][\n]"
11:23:20.486 [Forwarding findElement on session 11c53d742ce89a8e0d5e182633adc4c0 to remote] DEBUG org.apache.http.wire - http-outgoing-21 >> "User-Agent: Apache-HttpClient/4.5.3 (Java/1.8.0_211)[\r][\n]"
11:23:20.487 [Forwarding findElement on session 11c53d742ce89a8e0d5e182633adc4c0 to remote] DEBUG org.apache.http.wire - http-outgoing-21 >> "Accept-Encoding: gzip,deflate[\r][\n]"
11:23:20.487 [Forwarding findElement on session 11c53d742ce89a8e0d5e182633adc4c0 to remote] DEBUG org.apache.http.wire - http-outgoing-21 >> "[\r][\n]"
11:23:20.487 [Forwarding findElement on session 11c53d742ce89a8e0d5e182633adc4c0 to remote] DEBUG org.apache.http.wire - http-outgoing-21 >> "{"value":".dropdown-toggle > span","using":"css selector"}"
11:23:20.489 [Forwarding findElement on session 11c53d742ce89a8e0d5e182633adc4c0 to remote] DEBUG org.apache.http.wire - http-outgoing-21 << "HTTP/1.1 200 OK[\r][\n]"
11:23:20.489 [Forwarding findElement on session 11c53d742ce89a8e0d5e182633adc4c0 to remote] DEBUG org.apache.http.wire - http-outgoing-21 << "Content-Length:88[\r][\n]"
11:23:20.489 [Forwarding findElement on session 11c53d742ce89a8e0d5e182633adc4c0 to remote] DEBUG org.apache.http.wire - http-outgoing-21 << "Content-Type:application/json; charset=utf-8[\r][\n]"
11:23:20.489 [Forwarding findElement on session 11c53d742ce89a8e0d5e182633adc4c0 to remote] DEBUG org.apache.http.wire - http-outgoing-21 << "cache-control:no-cache[\r][\n]"
11:23:20.489 [Forwarding findElement on session 11c53d742ce89a8e0d5e182633adc4c0 to remote] DEBUG org.apache.http.wire - http-outgoing-21 << "[\r][\n]"
11:23:20.489 [Forwarding findElement on session 11c53d742ce89a8e0d5e182633adc4c0 to remote] DEBUG org.apache.http.wire - http-outgoing-21 << "{"value":{"element-6066-11e4-a52e-4f735466cecf":"f15fe9f6-7ef8-48ae-919c-3b9f3e41d370"}}"
11:23:20.489 [Forwarding findElement on session 11c53d742ce89a8e0d5e182633adc4c0 to remote] DEBUG org.apache.http.headers - http-outgoing-21 << HTTP/1.1 200 OK
11:23:20.489 [Forwarding findElement on session 11c53d742ce89a8e0d5e182633adc4c0 to remote] DEBUG org.apache.http.headers - http-outgoing-21 << Content-Length:88
11:23:20.489 [Forwarding findElement on session 11c53d742ce89a8e0d5e182633adc4c0 to remote] DEBUG org.apache.http.headers - http-outgoing-21 << Content-Type:application/json; charset=utf-8
11:23:20.489 [Forwarding findElement on session 11c53d742ce89a8e0d5e182633adc4c0 to remote] DEBUG org.apache.http.headers - http-outgoing-21 << cache-control:no-cache
11:23:20.489 [Forwarding findElement on session 11c53d742ce89a8e0d5e182633adc4c0 to remote] DEBUG org.apache.http.impl.execchain.MainClientExec - Connection can be kept alive indefinitely
11:23:20.489 [Forwarding findElement on session 11c53d742ce89a8e0d5e182633adc4c0 to remote] DEBUG org.apache.http.impl.conn.PoolingHttpClientConnectionManager - Connection [id: 21][route: {}->http://localhost:6948] can be kept alive indefinitely
11:23:20.489 [Forwarding findElement on session 11c53d742ce89a8e0d5e182633adc4c0 to remote] DEBUG org.apache.http.impl.conn.PoolingHttpClientConnectionManager - Connection released: [id: 21][route: {}->http://localhost:6948][total kept alive: 22; route allocated: 1 of 2000; total allocated: 22 of 2000]
11:23:20.490 [Forwarding actions on session 11c53d742ce89a8e0d5e182633adc4c0 to remote] DEBUG org.apache.http.client.protocol.RequestAddCookies - CookieSpec selected: default
11:23:20.490 [Forwarding actions on session 11c53d742ce89a8e0d5e182633adc4c0 to remote] DEBUG org.apache.http.client.protocol.RequestAuthCache - Auth cache not set in the context
11:23:20.490 [Forwarding actions on session 11c53d742ce89a8e0d5e182633adc4c0 to remote] DEBUG org.apache.http.impl.conn.PoolingHttpClientConnectionManager - Connection request: [route: {}->http://localhost:6948][total kept alive: 22; route allocated: 1 of 2000; total allocated: 22 of 2000]
11:23:20.490 [Forwarding actions on session 11c53d742ce89a8e0d5e182633adc4c0 to remote] DEBUG org.apache.http.impl.conn.PoolingHttpClientConnectionManager - Connection leased: [id: 21][route: {}->http://localhost:6948][total kept alive: 21; route allocated: 1 of 2000; total allocated: 22 of 2000]
11:23:20.490 [Forwarding actions on session 11c53d742ce89a8e0d5e182633adc4c0 to remote] DEBUG org.apache.http.impl.execchain.MainClientExec - Stale connection check
11:23:20.491 [Forwarding actions on session 11c53d742ce89a8e0d5e182633adc4c0 to remote] DEBUG org.apache.http.wire - http-outgoing-21 << "[read] I/O error: Read timed out"
11:23:20.491 [Forwarding actions on session 11c53d742ce89a8e0d5e182633adc4c0 to remote] DEBUG org.apache.http.impl.conn.DefaultManagedHttpClientConnection - http-outgoing-21: set socket timeout to 10800000
11:23:20.491 [Forwarding actions on session 11c53d742ce89a8e0d5e182633adc4c0 to remote] DEBUG org.apache.http.impl.execchain.MainClientExec - Executing request POST /session/11c53d742ce89a8e0d5e182633adc4c0/actions HTTP/1.1
11:23:20.491 [Forwarding actions on session 11c53d742ce89a8e0d5e182633adc4c0 to remote] DEBUG org.apache.http.impl.execchain.MainClientExec - Target auth state: UNCHALLENGED
11:23:20.491 [Forwarding actions on session 11c53d742ce89a8e0d5e182633adc4c0 to remote] DEBUG org.apache.http.impl.execchain.MainClientExec - Proxy auth state: UNCHALLENGED
11:23:20.491 [Forwarding actions on session 11c53d742ce89a8e0d5e182633adc4c0 to remote] DEBUG org.apache.http.headers - http-outgoing-21 >> POST /session/11c53d742ce89a8e0d5e182633adc4c0/actions HTTP/1.1
11:23:20.491 [Forwarding actions on session 11c53d742ce89a8e0d5e182633adc4c0 to remote] DEBUG org.apache.http.headers - http-outgoing-21 >> Content-Type: application/json; charset=utf-8
11:23:20.491 [Forwarding actions on session 11c53d742ce89a8e0d5e182633adc4c0 to remote] DEBUG org.apache.http.headers - http-outgoing-21 >> Content-Length: 289
11:23:20.491 [Forwarding actions on session 11c53d742ce89a8e0d5e182633adc4c0 to remote] DEBUG org.apache.http.headers - http-outgoing-21 >> Host: localhost:6948
11:23:20.491 [Forwarding actions on session 11c53d742ce89a8e0d5e182633adc4c0 to remote] DEBUG org.apache.http.headers - http-outgoing-21 >> Connection: Keep-Alive
11:23:20.491 [Forwarding actions on session 11c53d742ce89a8e0d5e182633adc4c0 to remote] DEBUG org.apache.http.headers - http-outgoing-21 >> User-Agent: Apache-HttpClient/4.5.3 (Java/1.8.0_211)
11:23:20.491 [Forwarding actions on session 11c53d742ce89a8e0d5e182633adc4c0 to remote] DEBUG org.apache.http.headers - http-outgoing-21 >> Accept-Encoding: gzip,deflate
11:23:20.491 [Forwarding actions on session 11c53d742ce89a8e0d5e182633adc4c0 to remote] DEBUG org.apache.http.wire - http-outgoing-21 >> "POST /session/11c53d742ce89a8e0d5e182633adc4c0/actions HTTP/1.1[\r][\n]"
11:23:20.491 [Forwarding actions on session 11c53d742ce89a8e0d5e182633adc4c0 to remote] DEBUG org.apache.http.wire - http-outgoing-21 >> "Content-Type: application/json; charset=utf-8[\r][\n]"
11:23:20.491 [Forwarding actions on session 11c53d742ce89a8e0d5e182633adc4c0 to remote] DEBUG org.apache.http.wire - http-outgoing-21 >> "Content-Length: 289[\r][\n]"
11:23:20.491 [Forwarding actions on session 11c53d742ce89a8e0d5e182633adc4c0 to remote] DEBUG org.apache.http.wire - http-outgoing-21 >> "Host: localhost:6948[\r][\n]"
11:23:20.491 [Forwarding actions on session 11c53d742ce89a8e0d5e182633adc4c0 to remote] DEBUG org.apache.http.wire - http-outgoing-21 >> "Connection: Keep-Alive[\r][\n]"
11:23:20.491 [Forwarding actions on session 11c53d742ce89a8e0d5e182633adc4c0 to remote] DEBUG org.apache.http.wire - http-outgoing-21 >> "User-Agent: Apache-HttpClient/4.5.3 (Java/1.8.0_211)[\r][\n]"
11:23:20.491 [Forwarding actions on session 11c53d742ce89a8e0d5e182633adc4c0 to remote] DEBUG org.apache.http.wire - http-outgoing-21 >> "Accept-Encoding: gzip,deflate[\r][\n]"
11:23:20.491 [Forwarding actions on session 11c53d742ce89a8e0d5e182633adc4c0 to remote] DEBUG org.apache.http.wire - http-outgoing-21 >> "[\r][\n]"
11:23:20.491 [Forwarding actions on session 11c53d742ce89a8e0d5e182633adc4c0 to remote] DEBUG org.apache.http.wire - http-outgoing-21 >> "{"actions":[{"id":"default mouse","type":"pointer","parameters":{"pointerType":"mouse"},"actions":[{"duration":100,"x":0,"y":0,"type":"pointerMove","origin":{"ELEMENT":"f15fe9f6-7ef8-48ae-919c-3b9f3e41d370","element-6066-11e4-a52e-4f735466cecf":"f15fe9f6-7ef8-48ae-919c-3b9f3e41d370"}}]}]}"
11:23:20.609 [Forwarding actions on session 11c53d742ce89a8e0d5e182633adc4c0 to remote] DEBUG org.apache.http.wire - http-outgoing-21 << "HTTP/1.1 200 OK[\r][\n]"
11:23:20.609 [Forwarding actions on session 11c53d742ce89a8e0d5e182633adc4c0 to remote] DEBUG org.apache.http.wire - http-outgoing-21 << "Content-Length:14[\r][\n]"
11:23:20.609 [Forwarding actions on session 11c53d742ce89a8e0d5e182633adc4c0 to remote] DEBUG org.apache.http.wire - http-outgoing-21 << "Content-Type:application/json; charset=utf-8[\r][\n]"
11:23:20.609 [Forwarding actions on session 11c53d742ce89a8e0d5e182633adc4c0 to remote] DEBUG org.apache.http.wire - http-outgoing-21 << "cache-control:no-cache[\r][\n]"
11:23:20.609 [Forwarding actions on session 11c53d742ce89a8e0d5e182633adc4c0 to remote] DEBUG org.apache.http.wire - http-outgoing-21 << "[\r][\n]"
11:23:20.609 [Forwarding actions on session 11c53d742ce89a8e0d5e182633adc4c0 to remote] DEBUG org.apache.http.wire - http-outgoing-21 << "{"value":null}"
11:23:20.609 [Forwarding actions on session 11c53d742ce89a8e0d5e182633adc4c0 to remote] DEBUG org.apache.http.headers - http-outgoing-21 << HTTP/1.1 200 OK
11:23:20.609 [Forwarding actions on session 11c53d742ce89a8e0d5e182633adc4c0 to remote] DEBUG org.apache.http.headers - http-outgoing-21 << Content-Length:14
11:23:20.609 [Forwarding actions on session 11c53d742ce89a8e0d5e182633adc4c0 to remote] DEBUG org.apache.http.headers - http-outgoing-21 << Content-Type:application/json; charset=utf-8
11:23:20.609 [Forwarding actions on session 11c53d742ce89a8e0d5e182633adc4c0 to remote] DEBUG org.apache.http.headers - http-outgoing-21 << cache-control:no-cache
11:23:20.609 [Forwarding actions on session 11c53d742ce89a8e0d5e182633adc4c0 to remote] DEBUG org.apache.http.impl.execchain.MainClientExec - Connection can be kept alive indefinitely
11:23:20.609 [Forwarding actions on session 11c53d742ce89a8e0d5e182633adc4c0 to remote] DEBUG org.apache.http.impl.conn.PoolingHttpClientConnectionManager - Connection [id: 21][route: {}->http://localhost:6948] can be kept alive indefinitely
11:23:20.609 [Forwarding actions on session 11c53d742ce89a8e0d5e182633adc4c0 to remote] DEBUG org.apache.http.impl.conn.PoolingHttpClientConnectionManager - Connection released: [id: 21][route: {}->http://localhost:6948][total kept alive: 22; route allocated: 1 of 2000; total allocated: 22 of 2000]
11:23:20.610 [Forwarding findElement on session 11c53d742ce89a8e0d5e182633adc4c0 to remote] DEBUG org.apache.http.client.protocol.RequestAddCookies - CookieSpec selected: default
11:23:20.610 [Forwarding findElement on session 11c53d742ce89a8e0d5e182633adc4c0 to remote] DEBUG org.apache.http.client.protocol.RequestAuthCache - Auth cache not set in the context
11:23:20.610 [Forwarding findElement on session 11c53d742ce89a8e0d5e182633adc4c0 to remote] DEBUG org.apache.http.impl.conn.PoolingHttpClientConnectionManager - Connection request: [route: {}->http://localhost:6948][total kept alive: 22; route allocated: 1 of 2000; total allocated: 22 of 2000]
11:23:20.610 [Forwarding findElement on session 11c53d742ce89a8e0d5e182633adc4c0 to remote] DEBUG org.apache.http.impl.conn.PoolingHttpClientConnectionManager - Connection leased: [id: 21][route: {}->http://localhost:6948][total kept alive: 21; route allocated: 1 of 2000; total allocated: 22 of 2000]
11:23:20.610 [Forwarding findElement on session 11c53d742ce89a8e0d5e182633adc4c0 to remote] DEBUG org.apache.http.impl.execchain.MainClientExec - Stale connection check
11:23:20.611 [Forwarding findElement on session 11c53d742ce89a8e0d5e182633adc4c0 to remote] DEBUG org.apache.http.wire - http-outgoing-21 << "[read] I/O error: Read timed out"
11:23:20.611 [Forwarding findElement on session 11c53d742ce89a8e0d5e182633adc4c0 to remote] DEBUG org.apache.http.impl.conn.DefaultManagedHttpClientConnection - http-outgoing-21: set socket timeout to 10800000
11:23:20.611 [Forwarding findElement on session 11c53d742ce89a8e0d5e182633adc4c0 to remote] DEBUG org.apache.http.impl.execchain.MainClientExec - Executing request POST /session/11c53d742ce89a8e0d5e182633adc4c0/element HTTP/1.1
11:23:20.611 [Forwarding findElement on session 11c53d742ce89a8e0d5e182633adc4c0 to remote] DEBUG org.apache.http.impl.execchain.MainClientExec - Target auth state: UNCHALLENGED
11:23:20.611 [Forwarding findElement on session 11c53d742ce89a8e0d5e182633adc4c0 to remote] DEBUG org.apache.http.impl.execchain.MainClientExec - Proxy auth state: UNCHALLENGED
11:23:20.611 [Forwarding findElement on session 11c53d742ce89a8e0d5e182633adc4c0 to remote] DEBUG org.apache.http.headers - http-outgoing-21 >> POST /session/11c53d742ce89a8e0d5e182633adc4c0/element HTTP/1.1
11:23:20.611 [Forwarding findElement on session 11c53d742ce89a8e0d5e182633adc4c0 to remote] DEBUG org.apache.http.headers - http-outgoing-21 >> Content-Type: application/json; charset=utf-8
11:23:20.611 [Forwarding findElement on session 11c53d742ce89a8e0d5e182633adc4c0 to remote] DEBUG org.apache.http.headers - http-outgoing-21 >> Content-Length: 81
11:23:20.611 [Forwarding findElement on session 11c53d742ce89a8e0d5e182633adc4c0 to remote] DEBUG org.apache.http.headers - http-outgoing-21 >> Host: localhost:6948
11:23:20.611 [Forwarding findElement on session 11c53d742ce89a8e0d5e182633adc4c0 to remote] DEBUG org.apache.http.headers - http-outgoing-21 >> Connection: Keep-Alive
11:23:20.611 [Forwarding findElement on session 11c53d742ce89a8e0d5e182633adc4c0 to remote] DEBUG org.apache.http.headers - http-outgoing-21 >> User-Agent: Apache-HttpClient/4.5.3 (Java/1.8.0_211)
11:23:20.611 [Forwarding findElement on session 11c53d742ce89a8e0d5e182633adc4c0 to remote] DEBUG org.apache.http.headers - http-outgoing-21 >> Accept-Encoding: gzip,deflate
11:23:20.611 [Forwarding findElement on session 11c53d742ce89a8e0d5e182633adc4c0 to remote] DEBUG org.apache.http.wire - http-outgoing-21 >> "POST /session/11c53d742ce89a8e0d5e182633adc4c0/element HTTP/1.1[\r][\n]"
11:23:20.611 [Forwarding findElement on session 11c53d742ce89a8e0d5e182633adc4c0 to remote] DEBUG org.apache.http.wire - http-outgoing-21 >> "Content-Type: application/json; charset=utf-8[\r][\n]"
11:23:20.611 [Forwarding findElement on session 11c53d742ce89a8e0d5e182633adc4c0 to remote] DEBUG org.apache.http.wire - http-outgoing-21 >> "Content-Length: 81[\r][\n]"
11:23:20.611 [Forwarding findElement on session 11c53d742ce89a8e0d5e182633adc4c0 to remote] DEBUG org.apache.http.wire - http-outgoing-21 >> "Host: localhost:6948[\r][\n]"
11:23:20.611 [Forwarding findElement on session 11c53d742ce89a8e0d5e182633adc4c0 to remote] DEBUG org.apache.http.wire - http-outgoing-21 >> "Connection: Keep-Alive[\r][\n]"
11:23:20.611 [Forwarding findElement on session 11c53d742ce89a8e0d5e182633adc4c0 to remote] DEBUG org.apache.http.wire - http-outgoing-21 >> "User-Agent: Apache-HttpClient/4.5.3 (Java/1.8.0_211)[\r][\n]"
11:23:20.611 [Forwarding findElement on session 11c53d742ce89a8e0d5e182633adc4c0 to remote] DEBUG org.apache.http.wire - http-outgoing-21 >> "Accept-Encoding: gzip,deflate[\r][\n]"
11:23:20.611 [Forwarding findElement on session 11c53d742ce89a8e0d5e182633adc4c0 to remote] DEBUG org.apache.http.wire - http-outgoing-21 >> "[\r][\n]"
11:23:20.611 [Forwarding findElement on session 11c53d742ce89a8e0d5e182633adc4c0 to remote] DEBUG org.apache.http.wire - http-outgoing-21 >> "{"value":".account-token-tab> a.btn-default:nth-child(3)","using":"css selector"}"
11:23:20.615 [Forwarding findElement on session 11c53d742ce89a8e0d5e182633adc4c0 to remote] DEBUG org.apache.http.wire - http-outgoing-21 << "HTTP/1.1 200 OK[\r][\n]"
11:23:20.615 [Forwarding findElement on session 11c53d742ce89a8e0d5e182633adc4c0 to remote] DEBUG org.apache.http.wire - http-outgoing-21 << "Content-Length:88[\r][\n]"
11:23:20.615 [Forwarding findElement on session 11c53d742ce89a8e0d5e182633adc4c0 to remote] DEBUG org.apache.http.wire - http-outgoing-21 << "Content-Type:application/json; charset=utf-8[\r][\n]"
11:23:20.615 [Forwarding findElement on session 11c53d742ce89a8e0d5e182633adc4c0 to remote] DEBUG org.apache.http.wire - http-outgoing-21 << "cache-control:no-cache[\r][\n]"
11:23:20.615 [Forwarding findElement on session 11c53d742ce89a8e0d5e182633adc4c0 to remote] DEBUG org.apache.http.wire - http-outgoing-21 << "[\r][\n]"
11:23:20.615 [Forwarding findElement on session 11c53d742ce89a8e0d5e182633adc4c0 to remote] DEBUG org.apache.http.wire - http-outgoing-21 << "{"value":{"element-6066-11e4-a52e-4f735466cecf":"6351863b-19d1-4ce7-8618-e744d117a399"}}"
11:23:20.615 [Forwarding findElement on session 11c53d742ce89a8e0d5e182633adc4c0 to remote] DEBUG org.apache.http.headers - http-outgoing-21 << HTTP/1.1 200 OK
11:23:20.615 [Forwarding findElement on session 11c53d742ce89a8e0d5e182633adc4c0 to remote] DEBUG org.apache.http.headers - http-outgoing-21 << Content-Length:88
11:23:20.615 [Forwarding findElement on session 11c53d742ce89a8e0d5e182633adc4c0 to remote] DEBUG org.apache.http.headers - http-outgoing-21 << Content-Type:application/json; charset=utf-8
11:23:20.615 [Forwarding findElement on session 11c53d742ce89a8e0d5e182633adc4c0 to remote] DEBUG org.apache.http.headers - http-outgoing-21 << cache-control:no-cache
11:23:20.615 [Forwarding findElement on session 11c53d742ce89a8e0d5e182633adc4c0 to remote] DEBUG org.apache.http.impl.execchain.MainClientExec - Connection can be kept alive indefinitely
11:23:20.616 [Forwarding findElement on session 11c53d742ce89a8e0d5e182633adc4c0 to remote] DEBUG org.apache.http.impl.conn.PoolingHttpClientConnectionManager - Connection [id: 21][route: {}->http://localhost:6948] can be kept alive indefinitely
11:23:20.616 [Forwarding findElement on session 11c53d742ce89a8e0d5e182633adc4c0 to remote] DEBUG org.apache.http.impl.conn.PoolingHttpClientConnectionManager - Connection released: [id: 21][route: {}->http://localhost:6948][total kept alive: 22; route allocated: 1 of 2000; total allocated: 22 of 2000]
11:23:20.616 [Forwarding clickElement on session 11c53d742ce89a8e0d5e182633adc4c0 to remote] DEBUG org.apache.http.client.protocol.RequestAddCookies - CookieSpec selected: default
11:23:20.616 [Forwarding clickElement on session 11c53d742ce89a8e0d5e182633adc4c0 to remote] DEBUG org.apache.http.client.protocol.RequestAuthCache - Auth cache not set in the context
11:23:20.616 [Forwarding clickElement on session 11c53d742ce89a8e0d5e182633adc4c0 to remote] DEBUG org.apache.http.impl.conn.PoolingHttpClientConnectionManager - Connection request: [route: {}->http://localhost:6948][total kept alive: 22; route allocated: 1 of 2000; total allocated: 22 of 2000]
11:23:20.616 [Forwarding clickElement on session 11c53d742ce89a8e0d5e182633adc4c0 to remote] DEBUG org.apache.http.impl.conn.PoolingHttpClientConnectionManager - Connection leased: [id: 21][route: {}->http://localhost:6948][total kept alive: 21; route allocated: 1 of 2000; total allocated: 22 of 2000]
11:23:20.616 [Forwarding clickElement on session 11c53d742ce89a8e0d5e182633adc4c0 to remote] DEBUG org.apache.http.impl.execchain.MainClientExec - Stale connection check
11:23:20.617 [Forwarding clickElement on session 11c53d742ce89a8e0d5e182633adc4c0 to remote] DEBUG org.apache.http.wire - http-outgoing-21 << "[read] I/O error: Read timed out"
11:23:20.617 [Forwarding clickElement on session 11c53d742ce89a8e0d5e182633adc4c0 to remote] DEBUG org.apache.http.impl.conn.DefaultManagedHttpClientConnection - http-outgoing-21: set socket timeout to 10800000
11:23:20.617 [Forwarding clickElement on session 11c53d742ce89a8e0d5e182633adc4c0 to remote] DEBUG org.apache.http.impl.execchain.MainClientExec - Executing request POST /session/11c53d742ce89a8e0d5e182633adc4c0/element/6351863b-19d1-4ce7-8618-e744d117a399/click HTTP/1.1
11:23:20.617 [Forwarding clickElement on session 11c53d742ce89a8e0d5e182633adc4c0 to remote] DEBUG org.apache.http.impl.execchain.MainClientExec - Target auth state: UNCHALLENGED
11:23:20.617 [Forwarding clickElement on session 11c53d742ce89a8e0d5e182633adc4c0 to remote] DEBUG org.apache.http.impl.execchain.MainClientExec - Proxy auth state: UNCHALLENGED
11:23:20.617 [Forwarding clickElement on session 11c53d742ce89a8e0d5e182633adc4c0 to remote] DEBUG org.apache.http.headers - http-outgoing-21 >> POST /session/11c53d742ce89a8e0d5e182633adc4c0/element/6351863b-19d1-4ce7-8618-e744d117a399/click HTTP/1.1
11:23:20.617 [Forwarding clickElement on session 11c53d742ce89a8e0d5e182633adc4c0 to remote] DEBUG org.apache.http.headers - http-outgoing-21 >> Content-Type: application/json; charset=utf-8
11:23:20.617 [Forwarding clickElement on session 11c53d742ce89a8e0d5e182633adc4c0 to remote] DEBUG org.apache.http.headers - http-outgoing-21 >> Content-Length: 45
11:23:20.617 [Forwarding clickElement on session 11c53d742ce89a8e0d5e182633adc4c0 to remote] DEBUG org.apache.http.headers - http-outgoing-21 >> Host: localhost:6948
11:23:20.617 [Forwarding clickElement on session 11c53d742ce89a8e0d5e182633adc4c0 to remote] DEBUG org.apache.http.headers - http-outgoing-21 >> Connection: Keep-Alive
11:23:20.617 [Forwarding clickElement on session 11c53d742ce89a8e0d5e182633adc4c0 to remote] DEBUG org.apache.http.headers - http-outgoing-21 >> User-Agent: Apache-HttpClient/4.5.3 (Java/1.8.0_211)
11:23:20.617 [Forwarding clickElement on session 11c53d742ce89a8e0d5e182633adc4c0 to remote] DEBUG org.apache.http.headers - http-outgoing-21 >> Accept-Encoding: gzip,deflate
11:23:20.617 [Forwarding clickElement on session 11c53d742ce89a8e0d5e182633adc4c0 to remote] DEBUG org.apache.http.wire - http-outgoing-21 >> "POST /session/11c53d742ce89a8e0d5e182633adc4c0/element/6351863b-19d1-4ce7-8618-e744d117a399/click HTTP/1.1[\r][\n]"
11:23:20.617 [Forwarding clickElement on session 11c53d742ce89a8e0d5e182633adc4c0 to remote] DEBUG org.apache.http.wire - http-outgoing-21 >> "Content-Type: application/json; charset=utf-8[\r][\n]"
11:23:20.617 [Forwarding clickElement on session 11c53d742ce89a8e0d5e182633adc4c0 to remote] DEBUG org.apache.http.wire - http-outgoing-21 >> "Content-Length: 45[\r][\n]"
11:23:20.617 [Forwarding clickElement on session 11c53d742ce89a8e0d5e182633adc4c0 to remote] DEBUG org.apache.http.wire - http-outgoing-21 >> "Host: localhost:6948[\r][\n]"
11:23:20.617 [Forwarding clickElement on session 11c53d742ce89a8e0d5e182633adc4c0 to remote] DEBUG org.apache.http.wire - http-outgoing-21 >> "Connection: Keep-Alive[\r][\n]"
11:23:20.617 [Forwarding clickElement on session 11c53d742ce89a8e0d5e182633adc4c0 to remote] DEBUG org.apache.http.wire - http-outgoing-21 >> "User-Agent: Apache-HttpClient/4.5.3 (Java/1.8.0_211)[\r][\n]"
11:23:20.617 [Forwarding clickElement on session 11c53d742ce89a8e0d5e182633adc4c0 to remote] DEBUG org.apache.http.wire - http-outgoing-21 >> "Accept-Encoding: gzip,deflate[\r][\n]"
11:23:20.617 [Forwarding clickElement on session 11c53d742ce89a8e0d5e182633adc4c0 to remote] DEBUG org.apache.http.wire - http-outgoing-21 >> "[\r][\n]"
11:23:20.617 [Forwarding clickElement on session 11c53d742ce89a8e0d5e182633adc4c0 to remote] DEBUG org.apache.http.wire - http-outgoing-21 >> "{"id":"6351863b-19d1-4ce7-8618-e744d117a399"}"
11:23:20.652 [Forwarding clickElement on session 11c53d742ce89a8e0d5e182633adc4c0 to remote] DEBUG org.apache.http.wire - http-outgoing-21 << "HTTP/1.1 200 OK[\r][\n]"
11:23:20.652 [Forwarding clickElement on session 11c53d742ce89a8e0d5e182633adc4c0 to remote] DEBUG org.apache.http.wire - http-outgoing-21 << "Content-Length:14[\r][\n]"
11:23:20.652 [Forwarding clickElement on session 11c53d742ce89a8e0d5e182633adc4c0 to remote] DEBUG org.apache.http.wire - http-outgoing-21 << "Content-Type:application/json; charset=utf-8[\r][\n]"
11:23:20.652 [Forwarding clickElement on session 11c53d742ce89a8e0d5e182633adc4c0 to remote] DEBUG org.apache.http.wire - http-outgoing-21 << "cache-control:no-cache[\r][\n]"
11:23:20.652 [Forwarding clickElement on session 11c53d742ce89a8e0d5e182633adc4c0 to remote] DEBUG org.apache.http.wire - http-outgoing-21 << "[\r][\n]"
11:23:20.652 [Forwarding clickElement on session 11c53d742ce89a8e0d5e182633adc4c0 to remote] DEBUG org.apache.http.wire - http-outgoing-21 << "{"value":null}"
11:23:20.652 [Forwarding clickElement on session 11c53d742ce89a8e0d5e182633adc4c0 to remote] DEBUG org.apache.http.headers - http-outgoing-21 << HTTP/1.1 200 OK
11:23:20.652 [Forwarding clickElement on session 11c53d742ce89a8e0d5e182633adc4c0 to remote] DEBUG org.apache.http.headers - http-outgoing-21 << Content-Length:14
11:23:20.652 [Forwarding clickElement on session 11c53d742ce89a8e0d5e182633adc4c0 to remote] DEBUG org.apache.http.headers - http-outgoing-21 << Content-Type:application/json; charset=utf-8
11:23:20.652 [Forwarding clickElement on session 11c53d742ce89a8e0d5e182633adc4c0 to remote] DEBUG org.apache.http.headers - http-outgoing-21 << cache-control:no-cache
11:23:20.652 [Forwarding clickElement on session 11c53d742ce89a8e0d5e182633adc4c0 to remote] DEBUG org.apache.http.impl.execchain.MainClientExec - Connection can be kept alive indefinitely
11:23:20.652 [Forwarding clickElement on session 11c53d742ce89a8e0d5e182633adc4c0 to remote] DEBUG org.apache.http.impl.conn.PoolingHttpClientConnectionManager - Connection [id: 21][route: {}->http://localhost:6948] can be kept alive indefinitely
11:23:20.652 [Forwarding clickElement on session 11c53d742ce89a8e0d5e182633adc4c0 to remote] DEBUG org.apache.http.impl.conn.PoolingHttpClientConnectionManager - Connection released: [id: 21][route: {}->http://localhost:6948][total kept alive: 22; route allocated: 1 of 2000; total allocated: 22 of 2000]
11:23:20.652 [Forwarding findElement on session 11c53d742ce89a8e0d5e182633adc4c0 to remote] DEBUG org.apache.http.client.protocol.RequestAddCookies - CookieSpec selected: default
11:23:20.652 [Forwarding findElement on session 11c53d742ce89a8e0d5e182633adc4c0 to remote] DEBUG org.apache.http.client.protocol.RequestAuthCache - Auth cache not set in the context
11:23:20.652 [Forwarding findElement on session 11c53d742ce89a8e0d5e182633adc4c0 to remote] DEBUG org.apache.http.impl.conn.PoolingHttpClientConnectionManager - Connection request: [route: {}->http://localhost:6948][total kept alive: 22; route allocated: 1 of 2000; total allocated: 22 of 2000]
11:23:20.652 [Forwarding findElement on session 11c53d742ce89a8e0d5e182633adc4c0 to remote] DEBUG org.apache.http.impl.conn.PoolingHttpClientConnectionManager - Connection leased: [id: 21][route: {}->http://localhost:6948][total kept alive: 21; route allocated: 1 of 2000; total allocated: 22 of 2000]
11:23:20.652 [Forwarding findElement on session 11c53d742ce89a8e0d5e182633adc4c0 to remote] DEBUG org.apache.http.impl.execchain.MainClientExec - Stale connection check
11:23:20.653 [Forwarding findElement on session 11c53d742ce89a8e0d5e182633adc4c0 to remote] DEBUG org.apache.http.wire - http-outgoing-21 << "[read] I/O error: Read timed out"
11:23:20.653 [Forwarding findElement on session 11c53d742ce89a8e0d5e182633adc4c0 to remote] DEBUG org.apache.http.impl.conn.DefaultManagedHttpClientConnection - http-outgoing-21: set socket timeout to 10800000
11:23:20.653 [Forwarding findElement on session 11c53d742ce89a8e0d5e182633adc4c0 to remote] DEBUG org.apache.http.impl.execchain.MainClientExec - Executing request POST /session/11c53d742ce89a8e0d5e182633adc4c0/element HTTP/1.1
11:23:20.653 [Forwarding findElement on session 11c53d742ce89a8e0d5e182633adc4c0 to remote] DEBUG org.apache.http.impl.execchain.MainClientExec - Target auth state: UNCHALLENGED
11:23:20.653 [Forwarding findElement on session 11c53d742ce89a8e0d5e182633adc4c0 to remote] DEBUG org.apache.http.impl.execchain.MainClientExec - Proxy auth state: UNCHALLENGED
11:23:20.653 [Forwarding findElement on session 11c53d742ce89a8e0d5e182633adc4c0 to remote] DEBUG org.apache.http.headers - http-outgoing-21 >> POST /session/11c53d742ce89a8e0d5e182633adc4c0/element HTTP/1.1
11:23:20.653 [Forwarding findElement on session 11c53d742ce89a8e0d5e182633adc4c0 to remote] DEBUG org.apache.http.headers - http-outgoing-21 >> Content-Type: application/json; charset=utf-8
11:23:20.653 [Forwarding findElement on session 11c53d742ce89a8e0d5e182633adc4c0 to remote] DEBUG org.apache.http.headers - http-outgoing-21 >> Content-Length: 77
11:23:20.653 [Forwarding findElement on session 11c53d742ce89a8e0d5e182633adc4c0 to remote] DEBUG org.apache.http.headers - http-outgoing-21 >> Host: localhost:6948
11:23:20.653 [Forwarding findElement on session 11c53d742ce89a8e0d5e182633adc4c0 to remote] DEBUG org.apache.http.headers - http-outgoing-21 >> Connection: Keep-Alive
11:23:20.653 [Forwarding findElement on session 11c53d742ce89a8e0d5e182633adc4c0 to remote] DEBUG org.apache.http.headers - http-outgoing-21 >> User-Agent: Apache-HttpClient/4.5.3 (Java/1.8.0_211)
11:23:20.653 [Forwarding findElement on session 11c53d742ce89a8e0d5e182633adc4c0 to remote] DEBUG org.apache.http.headers - http-outgoing-21 >> Accept-Encoding: gzip,deflate
11:23:20.653 [Forwarding findElement on session 11c53d742ce89a8e0d5e182633adc4c0 to remote] DEBUG org.apache.http.wire - http-outgoing-21 >> "POST /session/11c53d742ce89a8e0d5e182633adc4c0/element HTTP/1.1[\r][\n]"
11:23:20.653 [Forwarding findElement on session 11c53d742ce89a8e0d5e182633adc4c0 to remote] DEBUG org.apache.http.wire - http-outgoing-21 >> "Content-Type: application/json; charset=utf-8[\r][\n]"
11:23:20.653 [Forwarding findElement on session 11c53d742ce89a8e0d5e182633adc4c0 to remote] DEBUG org.apache.http.wire - http-outgoing-21 >> "Content-Length: 77[\r][\n]"
11:23:20.653 [Forwarding findElement on session 11c53d742ce89a8e0d5e182633adc4c0 to remote] DEBUG org.apache.http.wire - http-outgoing-21 >> "Host: localhost:6948[\r][\n]"
11:23:20.653 [Forwarding findElement on session 11c53d742ce89a8e0d5e182633adc4c0 to remote] DEBUG org.apache.http.wire - http-outgoing-21 >> "Connection: Keep-Alive[\r][\n]"
11:23:20.653 [Forwarding findElement on session 11c53d742ce89a8e0d5e182633adc4c0 to remote] DEBUG org.apache.http.wire - http-outgoing-21 >> "User-Agent: Apache-HttpClient/4.5.3 (Java/1.8.0_211)[\r][\n]"
11:23:20.653 [Forwarding findElement on session 11c53d742ce89a8e0d5e182633adc4c0 to remote] DEBUG org.apache.http.wire - http-outgoing-21 >> "Accept-Encoding: gzip,deflate[\r][\n]"
11:23:20.653 [Forwarding findElement on session 11c53d742ce89a8e0d5e182633adc4c0 to remote] DEBUG org.apache.http.wire - http-outgoing-21 >> "[\r][\n]"
11:23:20.653 [Forwarding findElement on session 11c53d742ce89a8e0d5e182633adc4c0 to remote] DEBUG org.apache.http.wire - http-outgoing-21 >> "{"value":"tr:nth-child(1) > td:nth-child(5) > button","using":"css selector"}"
11:23:20.662 [Forwarding findElement on session 11c53d742ce89a8e0d5e182633adc4c0 to remote] DEBUG org.apache.http.wire - http-outgoing-21 << "HTTP/1.1 200 OK[\r][\n]"
11:23:20.662 [Forwarding findElement on session 11c53d742ce89a8e0d5e182633adc4c0 to remote] DEBUG org.apache.http.wire - http-outgoing-21 << "Content-Length:88[\r][\n]"
11:23:20.662 [Forwarding findElement on session 11c53d742ce89a8e0d5e182633adc4c0 to remote] DEBUG org.apache.http.wire - http-outgoing-21 << "Content-Type:application/json; charset=utf-8[\r][\n]"
11:23:20.662 [Forwarding findElement on session 11c53d742ce89a8e0d5e182633adc4c0 to remote] DEBUG org.apache.http.wire - http-outgoing-21 << "cache-control:no-cache[\r][\n]"
11:23:20.662 [Forwarding findElement on session 11c53d742ce89a8e0d5e182633adc4c0 to remote] DEBUG org.apache.http.wire - http-outgoing-21 << "[\r][\n]"
11:23:20.662 [Forwarding findElement on session 11c53d742ce89a8e0d5e182633adc4c0 to remote] DEBUG org.apache.http.wire - http-outgoing-21 << "{"value":{"element-6066-11e4-a52e-4f735466cecf":"12f69408-b861-4750-b8e0-b95c0d216031"}}"
11:23:20.662 [Forwarding findElement on session 11c53d742ce89a8e0d5e182633adc4c0 to remote] DEBUG org.apache.http.headers - http-outgoing-21 << HTTP/1.1 200 OK
11:23:20.662 [Forwarding findElement on session 11c53d742ce89a8e0d5e182633adc4c0 to remote] DEBUG org.apache.http.headers - http-outgoing-21 << Content-Length:88
11:23:20.662 [Forwarding findElement on session 11c53d742ce89a8e0d5e182633adc4c0 to remote] DEBUG org.apache.http.headers - http-outgoing-21 << Content-Type:application/json; charset=utf-8
11:23:20.662 [Forwarding findElement on session 11c53d742ce89a8e0d5e182633adc4c0 to remote] DEBUG org.apache.http.headers - http-outgoing-21 << cache-control:no-cache
11:23:20.662 [Forwarding findElement on session 11c53d742ce89a8e0d5e182633adc4c0 to remote] DEBUG org.apache.http.impl.execchain.MainClientExec - Connection can be kept alive indefinitely
11:23:20.662 [Forwarding findElement on session 11c53d742ce89a8e0d5e182633adc4c0 to remote] DEBUG org.apache.http.impl.conn.PoolingHttpClientConnectionManager - Connection [id: 21][route: {}->http://localhost:6948] can be kept alive indefinitely
11:23:20.662 [Forwarding findElement on session 11c53d742ce89a8e0d5e182633adc4c0 to remote] DEBUG org.apache.http.impl.conn.PoolingHttpClientConnectionManager - Connection released: [id: 21][route: {}->http://localhost:6948][total kept alive: 22; route allocated: 1 of 2000; total allocated: 22 of 2000]
11:23:20.662 [Forwarding clickElement on session 11c53d742ce89a8e0d5e182633adc4c0 to remote] DEBUG org.apache.http.client.protocol.RequestAddCookies - CookieSpec selected: default
11:23:20.662 [Forwarding clickElement on session 11c53d742ce89a8e0d5e182633adc4c0 to remote] DEBUG org.apache.http.client.protocol.RequestAuthCache - Auth cache not set in the context
11:23:20.662 [Forwarding clickElement on session 11c53d742ce89a8e0d5e182633adc4c0 to remote] DEBUG org.apache.http.impl.conn.PoolingHttpClientConnectionManager - Connection request: [route: {}->http://localhost:6948][total kept alive: 22; route allocated: 1 of 2000; total allocated: 22 of 2000]
11:23:20.662 [Forwarding clickElement on session 11c53d742ce89a8e0d5e182633adc4c0 to remote] DEBUG org.apache.http.impl.conn.PoolingHttpClientConnectionManager - Connection leased: [id: 21][route: {}->http://localhost:6948][total kept alive: 21; route allocated: 1 of 2000; total allocated: 22 of 2000]
11:23:20.662 [Forwarding clickElement on session 11c53d742ce89a8e0d5e182633adc4c0 to remote] DEBUG org.apache.http.impl.execchain.MainClientExec - Stale connection check
11:23:20.663 [Forwarding clickElement on session 11c53d742ce89a8e0d5e182633adc4c0 to remote] DEBUG org.apache.http.wire - http-outgoing-21 << "[read] I/O error: Read timed out"
11:23:20.663 [Forwarding clickElement on session 11c53d742ce89a8e0d5e182633adc4c0 to remote] DEBUG org.apache.http.impl.conn.DefaultManagedHttpClientConnection - http-outgoing-21: set socket timeout to 10800000
11:23:20.663 [Forwarding clickElement on session 11c53d742ce89a8e0d5e182633adc4c0 to remote] DEBUG org.apache.http.impl.execchain.MainClientExec - Executing request POST /session/11c53d742ce89a8e0d5e182633adc4c0/element/12f69408-b861-4750-b8e0-b95c0d216031/click HTTP/1.1
11:23:20.663 [Forwarding clickElement on session 11c53d742ce89a8e0d5e182633adc4c0 to remote] DEBUG org.apache.http.impl.execchain.MainClientExec - Target auth state: UNCHALLENGED
11:23:20.663 [Forwarding clickElement on session 11c53d742ce89a8e0d5e182633adc4c0 to remote] DEBUG org.apache.http.impl.execchain.MainClientExec - Proxy auth state: UNCHALLENGED
11:23:20.663 [Forwarding clickElement on session 11c53d742ce89a8e0d5e182633adc4c0 to remote] DEBUG org.apache.http.headers - http-outgoing-21 >> POST /session/11c53d742ce89a8e0d5e182633adc4c0/element/12f69408-b861-4750-b8e0-b95c0d216031/click HTTP/1.1
11:23:20.663 [Forwarding clickElement on session 11c53d742ce89a8e0d5e182633adc4c0 to remote] DEBUG org.apache.http.headers - http-outgoing-21 >> Content-Type: application/json; charset=utf-8
11:23:20.663 [Forwarding clickElement on session 11c53d742ce89a8e0d5e182633adc4c0 to remote] DEBUG org.apache.http.headers - http-outgoing-21 >> Content-Length: 45
11:23:20.663 [Forwarding clickElement on session 11c53d742ce89a8e0d5e182633adc4c0 to remote] DEBUG org.apache.http.headers - http-outgoing-21 >> Host: localhost:6948
11:23:20.663 [Forwarding clickElement on session 11c53d742ce89a8e0d5e182633adc4c0 to remote] DEBUG org.apache.http.headers - http-outgoing-21 >> Connection: Keep-Alive
11:23:20.663 [Forwarding clickElement on session 11c53d742ce89a8e0d5e182633adc4c0 to remote] DEBUG org.apache.http.headers - http-outgoing-21 >> User-Agent: Apache-HttpClient/4.5.3 (Java/1.8.0_211)
11:23:20.663 [Forwarding clickElement on session 11c53d742ce89a8e0d5e182633adc4c0 to remote] DEBUG org.apache.http.headers - http-outgoing-21 >> Accept-Encoding: gzip,deflate
11:23:20.663 [Forwarding clickElement on session 11c53d742ce89a8e0d5e182633adc4c0 to remote] DEBUG org.apache.http.wire - http-outgoing-21 >> "POST /session/11c53d742ce89a8e0d5e182633adc4c0/element/12f69408-b861-4750-b8e0-b95c0d216031/click HTTP/1.1[\r][\n]"
11:23:20.663 [Forwarding clickElement on session 11c53d742ce89a8e0d5e182633adc4c0 to remote] DEBUG org.apache.http.wire - http-outgoing-21 >> "Content-Type: application/json; charset=utf-8[\r][\n]"
11:23:20.663 [Forwarding clickElement on session 11c53d742ce89a8e0d5e182633adc4c0 to remote] DEBUG org.apache.http.wire - http-outgoing-21 >> "Content-Length: 45[\r][\n]"
11:23:20.663 [Forwarding clickElement on session 11c53d742ce89a8e0d5e182633adc4c0 to remote] DEBUG org.apache.http.wire - http-outgoing-21 >> "Host: localhost:6948[\r][\n]"
11:23:20.663 [Forwarding clickElement on session 11c53d742ce89a8e0d5e182633adc4c0 to remote] DEBUG org.apache.http.wire - http-outgoing-21 >> "Connection: Keep-Alive[\r][\n]"
11:23:20.663 [Forwarding clickElement on session 11c53d742ce89a8e0d5e182633adc4c0 to remote] DEBUG org.apache.http.wire - http-outgoing-21 >> "User-Agent: Apache-HttpClient/4.5.3 (Java/1.8.0_211)[\r][\n]"
11:23:20.663 [Forwarding clickElement on session 11c53d742ce89a8e0d5e182633adc4c0 to remote] DEBUG org.apache.http.wire - http-outgoing-21 >> "Accept-Encoding: gzip,deflate[\r][\n]"
11:23:20.663 [Forwarding clickElement on session 11c53d742ce89a8e0d5e182633adc4c0 to remote] DEBUG org.apache.http.wire - http-outgoing-21 >> "[\r][\n]"
11:23:20.663 [Forwarding clickElement on session 11c53d742ce89a8e0d5e182633adc4c0 to remote] DEBUG org.apache.http.wire - http-outgoing-21 >> "{"id":"12f69408-b861-4750-b8e0-b95c0d216031"}"
11:23:20.713 [Forwarding clickElement on session 11c53d742ce89a8e0d5e182633adc4c0 to remote] DEBUG org.apache.http.wire - http-outgoing-21 << "HTTP/1.1 200 OK[\r][\n]"
11:23:20.713 [Forwarding clickElement on session 11c53d742ce89a8e0d5e182633adc4c0 to remote] DEBUG org.apache.http.wire - http-outgoing-21 << "Content-Length:14[\r][\n]"
11:23:20.713 [Forwarding clickElement on session 11c53d742ce89a8e0d5e182633adc4c0 to remote] DEBUG org.apache.http.wire - http-outgoing-21 << "Content-Type:application/json; charset=utf-8[\r][\n]"
11:23:20.713 [Forwarding clickElement on session 11c53d742ce89a8e0d5e182633adc4c0 to remote] DEBUG org.apache.http.wire - http-outgoing-21 << "cache-control:no-cache[\r][\n]"
11:23:20.713 [Forwarding clickElement on session 11c53d742ce89a8e0d5e182633adc4c0 to remote] DEBUG org.apache.http.wire - http-outgoing-21 << "[\r][\n]"
11:23:20.713 [Forwarding clickElement on session 11c53d742ce89a8e0d5e182633adc4c0 to remote] DEBUG org.apache.http.wire - http-outgoing-21 << "{"value":null}"
11:23:20.713 [Forwarding clickElement on session 11c53d742ce89a8e0d5e182633adc4c0 to remote] DEBUG org.apache.http.headers - http-outgoing-21 << HTTP/1.1 200 OK
11:23:20.713 [Forwarding clickElement on session 11c53d742ce89a8e0d5e182633adc4c0 to remote] DEBUG org.apache.http.headers - http-outgoing-21 << Content-Length:14
11:23:20.713 [Forwarding clickElement on session 11c53d742ce89a8e0d5e182633adc4c0 to remote] DEBUG org.apache.http.headers - http-outgoing-21 << Content-Type:application/json; charset=utf-8
11:23:20.713 [Forwarding clickElement on session 11c53d742ce89a8e0d5e182633adc4c0 to remote] DEBUG org.apache.http.headers - http-outgoing-21 << cache-control:no-cache
11:23:20.713 [Forwarding clickElement on session 11c53d742ce89a8e0d5e182633adc4c0 to remote] DEBUG org.apache.http.impl.execchain.MainClientExec - Connection can be kept alive indefinitely
11:23:20.713 [Forwarding clickElement on session 11c53d742ce89a8e0d5e182633adc4c0 to remote] DEBUG org.apache.http.impl.conn.PoolingHttpClientConnectionManager - Connection [id: 21][route: {}->http://localhost:6948] can be kept alive indefinitely
11:23:20.713 [Forwarding clickElement on session 11c53d742ce89a8e0d5e182633adc4c0 to remote] DEBUG org.apache.http.impl.conn.PoolingHttpClientConnectionManager - Connection released: [id: 21][route: {}->http://localhost:6948][total kept alive: 22; route allocated: 1 of 2000; total allocated: 22 of 2000]
11:23:20.713 [Forwarding findElement on session 11c53d742ce89a8e0d5e182633adc4c0 to remote] DEBUG org.apache.http.client.protocol.RequestAddCookies - CookieSpec selected: default
11:23:20.713 [Forwarding findElement on session 11c53d742ce89a8e0d5e182633adc4c0 to remote] DEBUG org.apache.http.client.protocol.RequestAuthCache - Auth cache not set in the context
11:23:20.713 [Forwarding findElement on session 11c53d742ce89a8e0d5e182633adc4c0 to remote] DEBUG org.apache.http.impl.conn.PoolingHttpClientConnectionManager - Connection request: [route: {}->http://localhost:6948][total kept alive: 22; route allocated: 1 of 2000; total allocated: 22 of 2000]
11:23:20.713 [Forwarding findElement on session 11c53d742ce89a8e0d5e182633adc4c0 to remote] DEBUG org.apache.http.impl.conn.PoolingHttpClientConnectionManager - Connection leased: [id: 21][route: {}->http://localhost:6948][total kept alive: 21; route allocated: 1 of 2000; total allocated: 22 of 2000]
11:23:20.713 [Forwarding findElement on session 11c53d742ce89a8e0d5e182633adc4c0 to remote] DEBUG org.apache.http.impl.execchain.MainClientExec - Stale connection check
11:23:20.714 [Forwarding findElement on session 11c53d742ce89a8e0d5e182633adc4c0 to remote] DEBUG org.apache.http.wire - http-outgoing-21 << "[read] I/O error: Read timed out"
11:23:20.715 [Forwarding findElement on session 11c53d742ce89a8e0d5e182633adc4c0 to remote] DEBUG org.apache.http.impl.conn.DefaultManagedHttpClientConnection - http-outgoing-21: set socket timeout to 10800000
11:23:20.715 [Forwarding findElement on session 11c53d742ce89a8e0d5e182633adc4c0 to remote] DEBUG org.apache.http.impl.execchain.MainClientExec - Executing request POST /session/11c53d742ce89a8e0d5e182633adc4c0/element HTTP/1.1
11:23:20.715 [Forwarding findElement on session 11c53d742ce89a8e0d5e182633adc4c0 to remote] DEBUG org.apache.http.impl.execchain.MainClientExec - Target auth state: UNCHALLENGED
11:23:20.715 [Forwarding findElement on session 11c53d742ce89a8e0d5e182633adc4c0 to remote] DEBUG org.apache.http.impl.execchain.MainClientExec - Proxy auth state: UNCHALLENGED
11:23:20.715 [Forwarding findElement on session 11c53d742ce89a8e0d5e182633adc4c0 to remote] DEBUG org.apache.http.headers - http-outgoing-21 >> POST /session/11c53d742ce89a8e0d5e182633adc4c0/element HTTP/1.1
11:23:20.715 [Forwarding findElement on session 11c53d742ce89a8e0d5e182633adc4c0 to remote] DEBUG org.apache.http.headers - http-outgoing-21 >> Content-Type: application/json; charset=utf-8
11:23:20.715 [Forwarding findElement on session 11c53d742ce89a8e0d5e182633adc4c0 to remote] DEBUG org.apache.http.headers - http-outgoing-21 >> Content-Length: 48
11:23:20.715 [Forwarding findElement on session 11c53d742ce89a8e0d5e182633adc4c0 to remote] DEBUG org.apache.http.headers - http-outgoing-21 >> Host: localhost:6948
11:23:20.715 [Forwarding findElement on session 11c53d742ce89a8e0d5e182633adc4c0 to remote] DEBUG org.apache.http.headers - http-outgoing-21 >> Connection: Keep-Alive
11:23:20.715 [Forwarding findElement on session 11c53d742ce89a8e0d5e182633adc4c0 to remote] DEBUG org.apache.http.headers - http-outgoing-21 >> User-Agent: Apache-HttpClient/4.5.3 (Java/1.8.0_211)
11:23:20.715 [Forwarding findElement on session 11c53d742ce89a8e0d5e182633adc4c0 to remote] DEBUG org.apache.http.headers - http-outgoing-21 >> Accept-Encoding: gzip,deflate
11:23:20.715 [Forwarding findElement on session 11c53d742ce89a8e0d5e182633adc4c0 to remote] DEBUG org.apache.http.wire - http-outgoing-21 >> "POST /session/11c53d742ce89a8e0d5e182633adc4c0/element HTTP/1.1[\r][\n]"
11:23:20.715 [Forwarding findElement on session 11c53d742ce89a8e0d5e182633adc4c0 to remote] DEBUG org.apache.http.wire - http-outgoing-21 >> "Content-Type: application/json; charset=utf-8[\r][\n]"
11:23:20.715 [Forwarding findElement on session 11c53d742ce89a8e0d5e182633adc4c0 to remote] DEBUG org.apache.http.wire - http-outgoing-21 >> "Content-Length: 48[\r][\n]"
11:23:20.715 [Forwarding findElement on session 11c53d742ce89a8e0d5e182633adc4c0 to remote] DEBUG org.apache.http.wire - http-outgoing-21 >> "Host: localhost:6948[\r][\n]"
11:23:20.715 [Forwarding findElement on session 11c53d742ce89a8e0d5e182633adc4c0 to remote] DEBUG org.apache.http.wire - http-outgoing-21 >> "Connection: Keep-Alive[\r][\n]"
11:23:20.715 [Forwarding findElement on session 11c53d742ce89a8e0d5e182633adc4c0 to remote] DEBUG org.apache.http.wire - http-outgoing-21 >> "User-Agent: Apache-HttpClient/4.5.3 (Java/1.8.0_211)[\r][\n]"
11:23:20.715 [Forwarding findElement on session 11c53d742ce89a8e0d5e182633adc4c0 to remote] DEBUG org.apache.http.wire - http-outgoing-21 >> "Accept-Encoding: gzip,deflate[\r][\n]"
11:23:20.715 [Forwarding findElement on session 11c53d742ce89a8e0d5e182633adc4c0 to remote] DEBUG org.apache.http.wire - http-outgoing-21 >> "[\r][\n]"
11:23:20.715 [Forwarding findElement on session 11c53d742ce89a8e0d5e182633adc4c0 to remote] DEBUG org.apache.http.wire - http-outgoing-21 >> "{"value":".//form/div[3]/input","using":"xpath"}"
11:23:20.722 [Forwarding findElement on session 11c53d742ce89a8e0d5e182633adc4c0 to remote] DEBUG org.apache.http.wire - http-outgoing-21 << "HTTP/1.1 200 OK[\r][\n]"
11:23:20.722 [Forwarding findElement on session 11c53d742ce89a8e0d5e182633adc4c0 to remote] DEBUG org.apache.http.wire - http-outgoing-21 << "Content-Length:88[\r][\n]"
11:23:20.722 [Forwarding findElement on session 11c53d742ce89a8e0d5e182633adc4c0 to remote] DEBUG org.apache.http.wire - http-outgoing-21 << "Content-Type:application/json; charset=utf-8[\r][\n]"
11:23:20.722 [Forwarding findElement on session 11c53d742ce89a8e0d5e182633adc4c0 to remote] DEBUG org.apache.http.wire - http-outgoing-21 << "cache-control:no-cache[\r][\n]"
11:23:20.722 [Forwarding findElement on session 11c53d742ce89a8e0d5e182633adc4c0 to remote] DEBUG org.apache.http.wire - http-outgoing-21 << "[\r][\n]"
11:23:20.722 [Forwarding findElement on session 11c53d742ce89a8e0d5e182633adc4c0 to remote] DEBUG org.apache.http.wire - http-outgoing-21 << "{"value":{"element-6066-11e4-a52e-4f735466cecf":"10289307-1943-413d-97ac-1e54c773d29b"}}"
11:23:20.722 [Forwarding findElement on session 11c53d742ce89a8e0d5e182633adc4c0 to remote] DEBUG org.apache.http.headers - http-outgoing-21 << HTTP/1.1 200 OK
11:23:20.722 [Forwarding findElement on session 11c53d742ce89a8e0d5e182633adc4c0 to remote] DEBUG org.apache.http.headers - http-outgoing-21 << Content-Length:88
11:23:20.722 [Forwarding findElement on session 11c53d742ce89a8e0d5e182633adc4c0 to remote] DEBUG org.apache.http.headers - http-outgoing-21 << Content-Type:application/json; charset=utf-8
11:23:20.722 [Forwarding findElement on session 11c53d742ce89a8e0d5e182633adc4c0 to remote] DEBUG org.apache.http.headers - http-outgoing-21 << cache-control:no-cache
11:23:20.722 [Forwarding findElement on session 11c53d742ce89a8e0d5e182633adc4c0 to remote] DEBUG org.apache.http.impl.execchain.MainClientExec - Connection can be kept alive indefinitely
11:23:20.722 [Forwarding findElement on session 11c53d742ce89a8e0d5e182633adc4c0 to remote] DEBUG org.apache.http.impl.conn.PoolingHttpClientConnectionManager - Connection [id: 21][route: {}->http://localhost:6948] can be kept alive indefinitely
11:23:20.722 [Forwarding findElement on session 11c53d742ce89a8e0d5e182633adc4c0 to remote] DEBUG org.apache.http.impl.conn.PoolingHttpClientConnectionManager - Connection released: [id: 21][route: {}->http://localhost:6948][total kept alive: 22; route allocated: 1 of 2000; total allocated: 22 of 2000]
11:23:20.722 [Forwarding clickElement on session 11c53d742ce89a8e0d5e182633adc4c0 to remote] DEBUG org.apache.http.client.protocol.RequestAddCookies - CookieSpec selected: default
11:23:20.722 [Forwarding clickElement on session 11c53d742ce89a8e0d5e182633adc4c0 to remote] DEBUG org.apache.http.client.protocol.RequestAuthCache - Auth cache not set in the context
11:23:20.722 [Forwarding clickElement on session 11c53d742ce89a8e0d5e182633adc4c0 to remote] DEBUG org.apache.http.impl.conn.PoolingHttpClientConnectionManager - Connection request: [route: {}->http://localhost:6948][total kept alive: 22; route allocated: 1 of 2000; total allocated: 22 of 2000]
11:23:20.722 [Forwarding clickElement on session 11c53d742ce89a8e0d5e182633adc4c0 to remote] DEBUG org.apache.http.impl.conn.PoolingHttpClientConnectionManager - Connection leased: [id: 21][route: {}->http://localhost:6948][total kept alive: 21; route allocated: 1 of 2000; total allocated: 22 of 2000]
11:23:20.722 [Forwarding clickElement on session 11c53d742ce89a8e0d5e182633adc4c0 to remote] DEBUG org.apache.http.impl.execchain.MainClientExec - Stale connection check
11:23:20.724 [Forwarding clickElement on session 11c53d742ce89a8e0d5e182633adc4c0 to remote] DEBUG org.apache.http.wire - http-outgoing-21 << "[read] I/O error: Read timed out"
11:23:20.724 [Forwarding clickElement on session 11c53d742ce89a8e0d5e182633adc4c0 to remote] DEBUG org.apache.http.impl.conn.DefaultManagedHttpClientConnection - http-outgoing-21: set socket timeout to 10800000
11:23:20.724 [Forwarding clickElement on session 11c53d742ce89a8e0d5e182633adc4c0 to remote] DEBUG org.apache.http.impl.execchain.MainClientExec - Executing request POST /session/11c53d742ce89a8e0d5e182633adc4c0/element/10289307-1943-413d-97ac-1e54c773d29b/click HTTP/1.1
11:23:20.724 [Forwarding clickElement on session 11c53d742ce89a8e0d5e182633adc4c0 to remote] DEBUG org.apache.http.impl.execchain.MainClientExec - Target auth state: UNCHALLENGED
11:23:20.724 [Forwarding clickElement on session 11c53d742ce89a8e0d5e182633adc4c0 to remote] DEBUG org.apache.http.impl.execchain.MainClientExec - Proxy auth state: UNCHALLENGED
11:23:20.724 [Forwarding clickElement on session 11c53d742ce89a8e0d5e182633adc4c0 to remote] DEBUG org.apache.http.headers - http-outgoing-21 >> POST /session/11c53d742ce89a8e0d5e182633adc4c0/element/10289307-1943-413d-97ac-1e54c773d29b/click HTTP/1.1
11:23:20.724 [Forwarding clickElement on session 11c53d742ce89a8e0d5e182633adc4c0 to remote] DEBUG org.apache.http.headers - http-outgoing-21 >> Content-Type: application/json; charset=utf-8
11:23:20.724 [Forwarding clickElement on session 11c53d742ce89a8e0d5e182633adc4c0 to remote] DEBUG org.apache.http.headers - http-outgoing-21 >> Content-Length: 45
11:23:20.724 [Forwarding clickElement on session 11c53d742ce89a8e0d5e182633adc4c0 to remote] DEBUG org.apache.http.headers - http-outgoing-21 >> Host: localhost:6948
11:23:20.724 [Forwarding clickElement on session 11c53d742ce89a8e0d5e182633adc4c0 to remote] DEBUG org.apache.http.headers - http-outgoing-21 >> Connection: Keep-Alive
11:23:20.724 [Forwarding clickElement on session 11c53d742ce89a8e0d5e182633adc4c0 to remote] DEBUG org.apache.http.headers - http-outgoing-21 >> User-Agent: Apache-HttpClient/4.5.3 (Java/1.8.0_211)
11:23:20.724 [Forwarding clickElement on session 11c53d742ce89a8e0d5e182633adc4c0 to remote] DEBUG org.apache.http.headers - http-outgoing-21 >> Accept-Encoding: gzip,deflate
11:23:20.724 [Forwarding clickElement on session 11c53d742ce89a8e0d5e182633adc4c0 to remote] DEBUG org.apache.http.wire - http-outgoing-21 >> "POST /session/11c53d742ce89a8e0d5e182633adc4c0/element/10289307-1943-413d-97ac-1e54c773d29b/click HTTP/1.1[\r][\n]"
11:23:20.724 [Forwarding clickElement on session 11c53d742ce89a8e0d5e182633adc4c0 to remote] DEBUG org.apache.http.wire - http-outgoing-21 >> "Content-Type: application/json; charset=utf-8[\r][\n]"
11:23:20.724 [Forwarding clickElement on session 11c53d742ce89a8e0d5e182633adc4c0 to remote] DEBUG org.apache.http.wire - http-outgoing-21 >> "Content-Length: 45[\r][\n]"
11:23:20.724 [Forwarding clickElement on session 11c53d742ce89a8e0d5e182633adc4c0 to remote] DEBUG org.apache.http.wire - http-outgoing-21 >> "Host: localhost:6948[\r][\n]"
11:23:20.724 [Forwarding clickElement on session 11c53d742ce89a8e0d5e182633adc4c0 to remote] DEBUG org.apache.http.wire - http-outgoing-21 >> "Connection: Keep-Alive[\r][\n]"
11:23:20.724 [Forwarding clickElement on session 11c53d742ce89a8e0d5e182633adc4c0 to remote] DEBUG org.apache.http.wire - http-outgoing-21 >> "User-Agent: Apache-HttpClient/4.5.3 (Java/1.8.0_211)[\r][\n]"
11:23:20.724 [Forwarding clickElement on session 11c53d742ce89a8e0d5e182633adc4c0 to remote] DEBUG org.apache.http.wire - http-outgoing-21 >> "Accept-Encoding: gzip,deflate[\r][\n]"
11:23:20.724 [Forwarding clickElement on session 11c53d742ce89a8e0d5e182633adc4c0 to remote] DEBUG org.apache.http.wire - http-outgoing-21 >> "[\r][\n]"
11:23:20.724 [Forwarding clickElement on session 11c53d742ce89a8e0d5e182633adc4c0 to remote] DEBUG org.apache.http.wire - http-outgoing-21 >> "{"id":"10289307-1943-413d-97ac-1e54c773d29b"}"
11:23:20.801 [Forwarding clickElement on session 11c53d742ce89a8e0d5e182633adc4c0 to remote] DEBUG org.apache.http.wire - http-outgoing-21 << "HTTP/1.1 200 OK[\r][\n]"
11:23:20.801 [Forwarding clickElement on session 11c53d742ce89a8e0d5e182633adc4c0 to remote] DEBUG org.apache.http.wire - http-outgoing-21 << "Content-Length:14[\r][\n]"
11:23:20.801 [Forwarding clickElement on session 11c53d742ce89a8e0d5e182633adc4c0 to remote] DEBUG org.apache.http.wire - http-outgoing-21 << "Content-Type:application/json; charset=utf-8[\r][\n]"
11:23:20.801 [Forwarding clickElement on session 11c53d742ce89a8e0d5e182633adc4c0 to remote] DEBUG org.apache.http.wire - http-outgoing-21 << "cache-control:no-cache[\r][\n]"
11:23:20.801 [Forwarding clickElement on session 11c53d742ce89a8e0d5e182633adc4c0 to remote] DEBUG org.apache.http.wire - http-outgoing-21 << "[\r][\n]"
11:23:20.801 [Forwarding clickElement on session 11c53d742ce89a8e0d5e182633adc4c0 to remote] DEBUG org.apache.http.wire - http-outgoing-21 << "{"value":null}"
11:23:20.801 [Forwarding clickElement on session 11c53d742ce89a8e0d5e182633adc4c0 to remote] DEBUG org.apache.http.headers - http-outgoing-21 << HTTP/1.1 200 OK
11:23:20.801 [Forwarding clickElement on session 11c53d742ce89a8e0d5e182633adc4c0 to remote] DEBUG org.apache.http.headers - http-outgoing-21 << Content-Length:14
11:23:20.801 [Forwarding clickElement on session 11c53d742ce89a8e0d5e182633adc4c0 to remote] DEBUG org.apache.http.headers - http-outgoing-21 << Content-Type:application/json; charset=utf-8
11:23:20.801 [Forwarding clickElement on session 11c53d742ce89a8e0d5e182633adc4c0 to remote] DEBUG org.apache.http.headers - http-outgoing-21 << cache-control:no-cache
11:23:20.801 [Forwarding clickElement on session 11c53d742ce89a8e0d5e182633adc4c0 to remote] DEBUG org.apache.http.impl.execchain.MainClientExec - Connection can be kept alive indefinitely
11:23:20.801 [Forwarding clickElement on session 11c53d742ce89a8e0d5e182633adc4c0 to remote] DEBUG org.apache.http.impl.conn.PoolingHttpClientConnectionManager - Connection [id: 21][route: {}->http://localhost:6948] can be kept alive indefinitely
11:23:20.801 [Forwarding clickElement on session 11c53d742ce89a8e0d5e182633adc4c0 to remote] DEBUG org.apache.http.impl.conn.PoolingHttpClientConnectionManager - Connection released: [id: 21][route: {}->http://localhost:6948][total kept alive: 22; route allocated: 1 of 2000; total allocated: 22 of 2000]
11:23:20.802 [Forwarding findElement on session 11c53d742ce89a8e0d5e182633adc4c0 to remote] DEBUG org.apache.http.client.protocol.RequestAddCookies - CookieSpec selected: default
11:23:20.802 [Forwarding findElement on session 11c53d742ce89a8e0d5e182633adc4c0 to remote] DEBUG org.apache.http.client.protocol.RequestAuthCache - Auth cache not set in the context
11:23:20.802 [Forwarding findElement on session 11c53d742ce89a8e0d5e182633adc4c0 to remote] DEBUG org.apache.http.impl.conn.PoolingHttpClientConnectionManager - Connection request: [route: {}->http://localhost:6948][total kept alive: 22; route allocated: 1 of 2000; total allocated: 22 of 2000]
11:23:20.802 [Forwarding findElement on session 11c53d742ce89a8e0d5e182633adc4c0 to remote] DEBUG org.apache.http.impl.conn.PoolingHttpClientConnectionManager - Connection leased: [id: 21][route: {}->http://localhost:6948][total kept alive: 21; route allocated: 1 of 2000; total allocated: 22 of 2000]
11:23:20.802 [Forwarding findElement on session 11c53d742ce89a8e0d5e182633adc4c0 to remote] DEBUG org.apache.http.impl.execchain.MainClientExec - Stale connection check
11:23:20.803 [Forwarding findElement on session 11c53d742ce89a8e0d5e182633adc4c0 to remote] DEBUG org.apache.http.wire - http-outgoing-21 << "[read] I/O error: Read timed out"
11:23:20.803 [Forwarding findElement on session 11c53d742ce89a8e0d5e182633adc4c0 to remote] DEBUG org.apache.http.impl.conn.DefaultManagedHttpClientConnection - http-outgoing-21: set socket timeout to 10800000
11:23:20.803 [Forwarding findElement on session 11c53d742ce89a8e0d5e182633adc4c0 to remote] DEBUG org.apache.http.impl.execchain.MainClientExec - Executing request POST /session/11c53d742ce89a8e0d5e182633adc4c0/element HTTP/1.1
11:23:20.803 [Forwarding findElement on session 11c53d742ce89a8e0d5e182633adc4c0 to remote] DEBUG org.apache.http.impl.execchain.MainClientExec - Target auth state: UNCHALLENGED
11:23:20.803 [Forwarding findElement on session 11c53d742ce89a8e0d5e182633adc4c0 to remote] DEBUG org.apache.http.impl.execchain.MainClientExec - Proxy auth state: UNCHALLENGED
11:23:20.803 [Forwarding findElement on session 11c53d742ce89a8e0d5e182633adc4c0 to remote] DEBUG org.apache.http.headers - http-outgoing-21 >> POST /session/11c53d742ce89a8e0d5e182633adc4c0/element HTTP/1.1
11:23:20.803 [Forwarding findElement on session 11c53d742ce89a8e0d5e182633adc4c0 to remote] DEBUG org.apache.http.headers - http-outgoing-21 >> Content-Type: application/json; charset=utf-8
11:23:20.803 [Forwarding findElement on session 11c53d742ce89a8e0d5e182633adc4c0 to remote] DEBUG org.apache.http.headers - http-outgoing-21 >> Content-Length: 47
11:23:20.803 [Forwarding findElement on session 11c53d742ce89a8e0d5e182633adc4c0 to remote] DEBUG org.apache.http.headers - http-outgoing-21 >> Host: localhost:6948
11:23:20.803 [Forwarding findElement on session 11c53d742ce89a8e0d5e182633adc4c0 to remote] DEBUG org.apache.http.headers - http-outgoing-21 >> Connection: Keep-Alive
11:23:20.803 [Forwarding findElement on session 11c53d742ce89a8e0d5e182633adc4c0 to remote] DEBUG org.apache.http.headers - http-outgoing-21 >> User-Agent: Apache-HttpClient/4.5.3 (Java/1.8.0_211)
11:23:20.803 [Forwarding findElement on session 11c53d742ce89a8e0d5e182633adc4c0 to remote] DEBUG org.apache.http.headers - http-outgoing-21 >> Accept-Encoding: gzip,deflate
11:23:20.803 [Forwarding findElement on session 11c53d742ce89a8e0d5e182633adc4c0 to remote] DEBUG org.apache.http.wire - http-outgoing-21 >> "POST /session/11c53d742ce89a8e0d5e182633adc4c0/element HTTP/1.1[\r][\n]"
11:23:20.803 [Forwarding findElement on session 11c53d742ce89a8e0d5e182633adc4c0 to remote] DEBUG org.apache.http.wire - http-outgoing-21 >> "Content-Type: application/json; charset=utf-8[\r][\n]"
11:23:20.803 [Forwarding findElement on session 11c53d742ce89a8e0d5e182633adc4c0 to remote] DEBUG org.apache.http.wire - http-outgoing-21 >> "Content-Length: 47[\r][\n]"
11:23:20.803 [Forwarding findElement on session 11c53d742ce89a8e0d5e182633adc4c0 to remote] DEBUG org.apache.http.wire - http-outgoing-21 >> "Host: localhost:6948[\r][\n]"
11:23:20.803 [Forwarding findElement on session 11c53d742ce89a8e0d5e182633adc4c0 to remote] DEBUG org.apache.http.wire - http-outgoing-21 >> "Connection: Keep-Alive[\r][\n]"
11:23:20.803 [Forwarding findElement on session 11c53d742ce89a8e0d5e182633adc4c0 to remote] DEBUG org.apache.http.wire - http-outgoing-21 >> "User-Agent: Apache-HttpClient/4.5.3 (Java/1.8.0_211)[\r][\n]"
11:23:20.803 [Forwarding findElement on session 11c53d742ce89a8e0d5e182633adc4c0 to remote] DEBUG org.apache.http.wire - http-outgoing-21 >> "Accept-Encoding: gzip,deflate[\r][\n]"
11:23:20.803 [Forwarding findElement on session 11c53d742ce89a8e0d5e182633adc4c0 to remote] DEBUG org.apache.http.wire - http-outgoing-21 >> "[\r][\n]"
11:23:20.803 [Forwarding findElement on session 11c53d742ce89a8e0d5e182633adc4c0 to remote] DEBUG org.apache.http.wire - http-outgoing-21 >> "{"value":"//form/div[3]/input","using":"xpath"}"
11:23:20.808 [Forwarding findElement on session 11c53d742ce89a8e0d5e182633adc4c0 to remote] DEBUG org.apache.http.wire - http-outgoing-21 << "HTTP/1.1 200 OK[\r][\n]"
11:23:20.808 [Forwarding findElement on session 11c53d742ce89a8e0d5e182633adc4c0 to remote] DEBUG org.apache.http.wire - http-outgoing-21 << "Content-Length:88[\r][\n]"
11:23:20.808 [Forwarding findElement on session 11c53d742ce89a8e0d5e182633adc4c0 to remote] DEBUG org.apache.http.wire - http-outgoing-21 << "Content-Type:application/json; charset=utf-8[\r][\n]"
11:23:20.808 [Forwarding findElement on session 11c53d742ce89a8e0d5e182633adc4c0 to remote] DEBUG org.apache.http.wire - http-outgoing-21 << "cache-control:no-cache[\r][\n]"
11:23:20.808 [Forwarding findElement on session 11c53d742ce89a8e0d5e182633adc4c0 to remote] DEBUG org.apache.http.wire - http-outgoing-21 << "[\r][\n]"
11:23:20.808 [Forwarding findElement on session 11c53d742ce89a8e0d5e182633adc4c0 to remote] DEBUG org.apache.http.wire - http-outgoing-21 << "{"value":{"element-6066-11e4-a52e-4f735466cecf":"10289307-1943-413d-97ac-1e54c773d29b"}}"
11:23:20.808 [Forwarding findElement on session 11c53d742ce89a8e0d5e182633adc4c0 to remote] DEBUG org.apache.http.headers - http-outgoing-21 << HTTP/1.1 200 OK
11:23:20.808 [Forwarding findElement on session 11c53d742ce89a8e0d5e182633adc4c0 to remote] DEBUG org.apache.http.headers - http-outgoing-21 << Content-Length:88
11:23:20.808 [Forwarding findElement on session 11c53d742ce89a8e0d5e182633adc4c0 to remote] DEBUG org.apache.http.headers - http-outgoing-21 << Content-Type:application/json; charset=utf-8
11:23:20.808 [Forwarding findElement on session 11c53d742ce89a8e0d5e182633adc4c0 to remote] DEBUG org.apache.http.headers - http-outgoing-21 << cache-control:no-cache
11:23:20.808 [Forwarding findElement on session 11c53d742ce89a8e0d5e182633adc4c0 to remote] DEBUG org.apache.http.impl.execchain.MainClientExec - Connection can be kept alive indefinitely
11:23:20.808 [Forwarding findElement on session 11c53d742ce89a8e0d5e182633adc4c0 to remote] DEBUG org.apache.http.impl.conn.PoolingHttpClientConnectionManager - Connection [id: 21][route: {}->http://localhost:6948] can be kept alive indefinitely
11:23:20.808 [Forwarding findElement on session 11c53d742ce89a8e0d5e182633adc4c0 to remote] DEBUG org.apache.http.impl.conn.PoolingHttpClientConnectionManager - Connection released: [id: 21][route: {}->http://localhost:6948][total kept alive: 22; route allocated: 1 of 2000; total allocated: 22 of 2000]
11:23:20.808 [Forwarding sendKeysToElement on session 11c53d742ce89a8e0d5e182633adc4c0 to remote] DEBUG org.apache.http.client.protocol.RequestAddCookies - CookieSpec selected: default
11:23:20.808 [Forwarding sendKeysToElement on session 11c53d742ce89a8e0d5e182633adc4c0 to remote] DEBUG org.apache.http.client.protocol.RequestAuthCache - Auth cache not set in the context
11:23:20.808 [Forwarding sendKeysToElement on session 11c53d742ce89a8e0d5e182633adc4c0 to remote] DEBUG org.apache.http.impl.conn.PoolingHttpClientConnectionManager - Connection request: [route: {}->http://localhost:6948][total kept alive: 22; route allocated: 1 of 2000; total allocated: 22 of 2000]
11:23:20.809 [Forwarding sendKeysToElement on session 11c53d742ce89a8e0d5e182633adc4c0 to remote] DEBUG org.apache.http.impl.conn.PoolingHttpClientConnectionManager - Connection leased: [id: 21][route: {}->http://localhost:6948][total kept alive: 21; route allocated: 1 of 2000; total allocated: 22 of 2000]
11:23:20.809 [Forwarding sendKeysToElement on session 11c53d742ce89a8e0d5e182633adc4c0 to remote] DEBUG org.apache.http.impl.execchain.MainClientExec - Stale connection check
11:23:20.810 [Forwarding sendKeysToElement on session 11c53d742ce89a8e0d5e182633adc4c0 to remote] DEBUG org.apache.http.wire - http-outgoing-21 << "[read] I/O error: Read timed out"
11:23:20.810 [Forwarding sendKeysToElement on session 11c53d742ce89a8e0d5e182633adc4c0 to remote] DEBUG org.apache.http.impl.conn.DefaultManagedHttpClientConnection - http-outgoing-21: set socket timeout to 10800000
11:23:20.810 [Forwarding sendKeysToElement on session 11c53d742ce89a8e0d5e182633adc4c0 to remote] DEBUG org.apache.http.impl.execchain.MainClientExec - Executing request POST /session/11c53d742ce89a8e0d5e182633adc4c0/element/10289307-1943-413d-97ac-1e54c773d29b/value HTTP/1.1
11:23:20.810 [Forwarding sendKeysToElement on session 11c53d742ce89a8e0d5e182633adc4c0 to remote] DEBUG org.apache.http.impl.execchain.MainClientExec - Target auth state: UNCHALLENGED
11:23:20.810 [Forwarding sendKeysToElement on session 11c53d742ce89a8e0d5e182633adc4c0 to remote] DEBUG org.apache.http.impl.execchain.MainClientExec - Proxy auth state: UNCHALLENGED
11:23:20.810 [Forwarding sendKeysToElement on session 11c53d742ce89a8e0d5e182633adc4c0 to remote] DEBUG org.apache.http.headers - http-outgoing-21 >> POST /session/11c53d742ce89a8e0d5e182633adc4c0/element/10289307-1943-413d-97ac-1e54c773d29b/value HTTP/1.1
11:23:20.810 [Forwarding sendKeysToElement on session 11c53d742ce89a8e0d5e182633adc4c0 to remote] DEBUG org.apache.http.headers - http-outgoing-21 >> Content-Type: application/json; charset=utf-8
11:23:20.810 [Forwarding sendKeysToElement on session 11c53d742ce89a8e0d5e182633adc4c0 to remote] DEBUG org.apache.http.headers - http-outgoing-21 >> Content-Length: 75
11:23:20.810 [Forwarding sendKeysToElement on session 11c53d742ce89a8e0d5e182633adc4c0 to remote] DEBUG org.apache.http.headers - http-outgoing-21 >> Host: localhost:6948
11:23:20.810 [Forwarding sendKeysToElement on session 11c53d742ce89a8e0d5e182633adc4c0 to remote] DEBUG org.apache.http.headers - http-outgoing-21 >> Connection: Keep-Alive
11:23:20.810 [Forwarding sendKeysToElement on session 11c53d742ce89a8e0d5e182633adc4c0 to remote] DEBUG org.apache.http.headers - http-outgoing-21 >> User-Agent: Apache-HttpClient/4.5.3 (Java/1.8.0_211)
11:23:20.810 [Forwarding sendKeysToElement on session 11c53d742ce89a8e0d5e182633adc4c0 to remote] DEBUG org.apache.http.headers - http-outgoing-21 >> Accept-Encoding: gzip,deflate
11:23:20.810 [Forwarding sendKeysToElement on session 11c53d742ce89a8e0d5e182633adc4c0 to remote] DEBUG org.apache.http.wire - http-outgoing-21 >> "POST /session/11c53d742ce89a8e0d5e182633adc4c0/element/10289307-1943-413d-97ac-1e54c773d29b/value HTTP/1.1[\r][\n]"
11:23:20.810 [Forwarding sendKeysToElement on session 11c53d742ce89a8e0d5e182633adc4c0 to remote] DEBUG org.apache.http.wire - http-outgoing-21 >> "Content-Type: application/json; charset=utf-8[\r][\n]"
11:23:20.810 [Forwarding sendKeysToElement on session 11c53d742ce89a8e0d5e182633adc4c0 to remote] DEBUG org.apache.http.wire - http-outgoing-21 >> "Content-Length: 75[\r][\n]"
11:23:20.810 [Forwarding sendKeysToElement on session 11c53d742ce89a8e0d5e182633adc4c0 to remote] DEBUG org.apache.http.wire - http-outgoing-21 >> "Host: localhost:6948[\r][\n]"
11:23:20.810 [Forwarding sendKeysToElement on session 11c53d742ce89a8e0d5e182633adc4c0 to remote] DEBUG org.apache.http.wire - http-outgoing-21 >> "Connection: Keep-Alive[\r][\n]"
11:23:20.810 [Forwarding sendKeysToElement on session 11c53d742ce89a8e0d5e182633adc4c0 to remote] DEBUG org.apache.http.wire - http-outgoing-21 >> "User-Agent: Apache-HttpClient/4.5.3 (Java/1.8.0_211)[\r][\n]"
11:23:20.810 [Forwarding sendKeysToElement on session 11c53d742ce89a8e0d5e182633adc4c0 to remote] DEBUG org.apache.http.wire - http-outgoing-21 >> "Accept-Encoding: gzip,deflate[\r][\n]"
11:23:20.810 [Forwarding sendKeysToElement on session 11c53d742ce89a8e0d5e182633adc4c0 to remote] DEBUG org.apache.http.wire - http-outgoing-21 >> "[\r][\n]"
11:23:20.810 [Forwarding sendKeysToElement on session 11c53d742ce89a8e0d5e182633adc4c0 to remote] DEBUG org.apache.http.wire - http-outgoing-21 >> "{"id":"10289307-1943-413d-97ac-1e54c773d29b","text":"10","value":["1","0"]}"
11:23:20.832 [Forwarding sendKeysToElement on session 11c53d742ce89a8e0d5e182633adc4c0 to remote] DEBUG org.apache.http.wire - http-outgoing-21 << "HTTP/1.1 200 OK[\r][\n]"
11:23:20.832 [Forwarding sendKeysToElement on session 11c53d742ce89a8e0d5e182633adc4c0 to remote] DEBUG org.apache.http.wire - http-outgoing-21 << "Content-Length:14[\r][\n]"
11:23:20.832 [Forwarding sendKeysToElement on session 11c53d742ce89a8e0d5e182633adc4c0 to remote] DEBUG org.apache.http.wire - http-outgoing-21 << "Content-Type:application/json; charset=utf-8[\r][\n]"
11:23:20.832 [Forwarding sendKeysToElement on session 11c53d742ce89a8e0d5e182633adc4c0 to remote] DEBUG org.apache.http.wire - http-outgoing-21 << "cache-control:no-cache[\r][\n]"
11:23:20.832 [Forwarding sendKeysToElement on session 11c53d742ce89a8e0d5e182633adc4c0 to remote] DEBUG org.apache.http.wire - http-outgoing-21 << "[\r][\n]"
11:23:20.832 [Forwarding sendKeysToElement on session 11c53d742ce89a8e0d5e182633adc4c0 to remote] DEBUG org.apache.http.wire - http-outgoing-21 << "{"value":null}"
11:23:20.832 [Forwarding sendKeysToElement on session 11c53d742ce89a8e0d5e182633adc4c0 to remote] DEBUG org.apache.http.headers - http-outgoing-21 << HTTP/1.1 200 OK
11:23:20.832 [Forwarding sendKeysToElement on session 11c53d742ce89a8e0d5e182633adc4c0 to remote] DEBUG org.apache.http.headers - http-outgoing-21 << Content-Length:14
11:23:20.832 [Forwarding sendKeysToElement on session 11c53d742ce89a8e0d5e182633adc4c0 to remote] DEBUG org.apache.http.headers - http-outgoing-21 << Content-Type:application/json; charset=utf-8
11:23:20.832 [Forwarding sendKeysToElement on session 11c53d742ce89a8e0d5e182633adc4c0 to remote] DEBUG org.apache.http.headers - http-outgoing-21 << cache-control:no-cache
11:23:20.832 [Forwarding sendKeysToElement on session 11c53d742ce89a8e0d5e182633adc4c0 to remote] DEBUG org.apache.http.impl.execchain.MainClientExec - Connection can be kept alive indefinitely
11:23:20.832 [Forwarding sendKeysToElement on session 11c53d742ce89a8e0d5e182633adc4c0 to remote] DEBUG org.apache.http.impl.conn.PoolingHttpClientConnectionManager - Connection [id: 21][route: {}->http://localhost:6948] can be kept alive indefinitely
11:23:20.832 [Forwarding sendKeysToElement on session 11c53d742ce89a8e0d5e182633adc4c0 to remote] DEBUG org.apache.http.impl.conn.PoolingHttpClientConnectionManager - Connection released: [id: 21][route: {}->http://localhost:6948][total kept alive: 22; route allocated: 1 of 2000; total allocated: 22 of 2000]
]]></system-out>
  <system-err><![CDATA[Starting ChromeDriver 80.0.3987.106 (f68069574609230cf9b635cd784cfb1bf81bb53a-refs/branch-heads/3987@{#882}) on port 6948
Only local connections are allowed.
Please protect ports used by ChromeDriver and related test frameworks to prevent access by malicious code.
[1585711394.651][WARNING]: FromSockAddr failed on netmask
四月 01, 2020 11:23:14 上午 org.openqa.selenium.remote.ProtocolHandshake createSession
信息: Detected dialect: W3C
[1585711395.356][SEVERE]: Timed out receiving message from renderer: 0.100
[1585711395.457][SEVERE]: Timed out receiving message from renderer: 0.100
[1585711395.571][SEVERE]: Timed out receiving message from renderer: 0.100
[1585711395.672][SEVERE]: Timed out receiving message from renderer: 0.100
[1585711395.772][SEVERE]: Timed out receiving message from renderer: 0.100
[1585711395.874][SEVERE]: Timed out receiving message from renderer: 0.100
[1585711395.975][SEVERE]: Timed out receiving message from renderer: 0.100
[1585711396.076][SEVERE]: Timed out receiving message from renderer: 0.100
[1585711396.177][SEVERE]: Timed out receiving message from renderer: 0.100
[1585711396.399][SEVERE]: Timed out receiving message from renderer: 0.100
[1585711396.500][SEVERE]: Timed out receiving message from renderer: 0.100
[1585711396.694][SEVERE]: Timed out receiving message from renderer: 0.100
[1585711396.805][SEVERE]: Timed out receiving message from renderer: 0.100
[1585711396.907][SEVERE]: Timed out receiving message from renderer: 0.100
[1585711397.008][SEVERE]: Timed out receiving message from renderer: 0.100
[1585711397.132][SEVERE]: Timed out receiving message from renderer: 0.100
[1585711399.776][SEVERE]: Timed out receiving message from renderer: 0.100
[1585711399.879][SEVERE]: Timed out receiving message from renderer: 0.100
]]></system-err>
</testsuite>
