<?xml version="1.0" encoding="UTF-8"?>
<testsuite name="tron.tronscan.tronscanUI.SendTrc10" tests="1" skipped="0" failures="0" errors="0" timestamp="2020-04-01T03:24:16" hostname="zhukaideiMac.local" time="6.158">
  <properties/>
  <testcase name="testTrc10" classname="tron.tronscan.tronscanUI.SendTrc10" time="6.158"/>
  <system-out><![CDATA[11:24:14.033 [Forwarding newSession on session null to remote] DEBUG org.apache.http.client.protocol.RequestAddCookies - CookieSpec selected: default
11:24:14.033 [Forwarding newSession on session null to remote] DEBUG org.apache.http.client.protocol.RequestAuthCache - Auth cache not set in the context
11:24:14.033 [Forwarding newSession on session null to remote] DEBUG org.apache.http.impl.conn.PoolingHttpClientConnectionManager - Connection request: [route: {}->http://localhost:7185][total kept alive: 28; route allocated: 0 of 2000; total allocated: 28 of 2000]
11:24:14.033 [Forwarding newSession on session null to remote] DEBUG org.apache.http.impl.conn.PoolingHttpClientConnectionManager - Connection leased: [id: 28][route: {}->http://localhost:7185][total kept alive: 28; route allocated: 1 of 2000; total allocated: 29 of 2000]
11:24:14.033 [Forwarding newSession on session null to remote] DEBUG org.apache.http.impl.execchain.MainClientExec - Opening connection {}->http://localhost:7185
11:24:14.033 [Forwarding newSession on session null to remote] DEBUG org.apache.http.impl.conn.DefaultHttpClientConnectionOperator - Connecting to localhost/127.0.0.1:7185
11:24:14.033 [Forwarding newSession on session null to remote] DEBUG org.apache.http.impl.conn.DefaultHttpClientConnectionOperator - Connection established 127.0.0.1:54185<->127.0.0.1:7185
11:24:14.033 [Forwarding newSession on session null to remote] DEBUG org.apache.http.impl.conn.DefaultManagedHttpClientConnection - http-outgoing-28: set socket timeout to 10800000
11:24:14.033 [Forwarding newSession on session null to remote] DEBUG org.apache.http.impl.execchain.MainClientExec - Executing request POST /session HTTP/1.1
11:24:14.033 [Forwarding newSession on session null to remote] DEBUG org.apache.http.impl.execchain.MainClientExec - Target auth state: UNCHALLENGED
11:24:14.033 [Forwarding newSession on session null to remote] DEBUG org.apache.http.impl.execchain.MainClientExec - Proxy auth state: UNCHALLENGED
11:24:14.033 [Forwarding newSession on session null to remote] DEBUG org.apache.http.headers - http-outgoing-28 >> POST /session HTTP/1.1
11:24:14.033 [Forwarding newSession on session null to remote] DEBUG org.apache.http.headers - http-outgoing-28 >> Content-Type: application/json; charset=utf-8
11:24:14.033 [Forwarding newSession on session null to remote] DEBUG org.apache.http.headers - http-outgoing-28 >> Content-Length: 731
11:24:14.033 [Forwarding newSession on session null to remote] DEBUG org.apache.http.headers - http-outgoing-28 >> Host: localhost:7185
11:24:14.033 [Forwarding newSession on session null to remote] DEBUG org.apache.http.headers - http-outgoing-28 >> Connection: Keep-Alive
11:24:14.033 [Forwarding newSession on session null to remote] DEBUG org.apache.http.headers - http-outgoing-28 >> User-Agent: Apache-HttpClient/4.5.3 (Java/1.8.0_211)
11:24:14.033 [Forwarding newSession on session null to remote] DEBUG org.apache.http.headers - http-outgoing-28 >> Accept-Encoding: gzip,deflate
11:24:14.033 [Forwarding newSession on session null to remote] DEBUG org.apache.http.wire - http-outgoing-28 >> "POST /session HTTP/1.1[\r][\n]"
11:24:14.033 [Forwarding newSession on session null to remote] DEBUG org.apache.http.wire - http-outgoing-28 >> "Content-Type: application/json; charset=utf-8[\r][\n]"
11:24:14.033 [Forwarding newSession on session null to remote] DEBUG org.apache.http.wire - http-outgoing-28 >> "Content-Length: 731[\r][\n]"
11:24:14.033 [Forwarding newSession on session null to remote] DEBUG org.apache.http.wire - http-outgoing-28 >> "Host: localhost:7185[\r][\n]"
11:24:14.033 [Forwarding newSession on session null to remote] DEBUG org.apache.http.wire - http-outgoing-28 >> "Connection: Keep-Alive[\r][\n]"
11:24:14.033 [Forwarding newSession on session null to remote] DEBUG org.apache.http.wire - http-outgoing-28 >> "User-Agent: Apache-HttpClient/4.5.3 (Java/1.8.0_211)[\r][\n]"
11:24:14.033 [Forwarding newSession on session null to remote] DEBUG org.apache.http.wire - http-outgoing-28 >> "Accept-Encoding: gzip,deflate[\r][\n]"
11:24:14.033 [Forwarding newSession on session null to remote] DEBUG org.apache.http.wire - http-outgoing-28 >> "[\r][\n]"
11:24:14.033 [Forwarding newSession on session null to remote] DEBUG org.apache.http.wire - http-outgoing-28 >> "{[\n]"
11:24:14.033 [Forwarding newSession on session null to remote] DEBUG org.apache.http.wire - http-outgoing-28 >> "  "desiredCapabilities": {[\n]"
11:24:14.033 [Forwarding newSession on session null to remote] DEBUG org.apache.http.wire - http-outgoing-28 >> "    "browserName": "chrome",[\n]"
11:24:14.033 [Forwarding newSession on session null to remote] DEBUG org.apache.http.wire - http-outgoing-28 >> "    "goog:chromeOptions": {[\n]"
11:24:14.033 [Forwarding newSession on session null to remote] DEBUG org.apache.http.wire - http-outgoing-28 >> "      "args": [[\n]"
11:24:14.033 [Forwarding newSession on session null to remote] DEBUG org.apache.http.wire - http-outgoing-28 >> "        "--headless",[\n]"
11:24:14.033 [Forwarding newSession on session null to remote] DEBUG org.apache.http.wire - http-outgoing-28 >> "        "--disable-gpu"[\n]"
11:24:14.033 [Forwarding newSession on session null to remote] DEBUG org.apache.http.wire - http-outgoing-28 >> "      ],[\n]"
11:24:14.033 [Forwarding newSession on session null to remote] DEBUG org.apache.http.wire - http-outgoing-28 >> "      "extensions": [][\n]"
11:24:14.033 [Forwarding newSession on session null to remote] DEBUG org.apache.http.wire - http-outgoing-28 >> "    }[\n]"
11:24:14.033 [Forwarding newSession on session null to remote] DEBUG org.apache.http.wire - http-outgoing-28 >> "  },[\n]"
11:24:14.033 [Forwarding newSession on session null to remote] DEBUG org.apache.http.wire - http-outgoing-28 >> "  "requiredCapabilities": {},[\n]"
11:24:14.033 [Forwarding newSession on session null to remote] DEBUG org.apache.http.wire - http-outgoing-28 >> "  "capabilities": {[\n]"
11:24:14.033 [Forwarding newSession on session null to remote] DEBUG org.apache.http.wire - http-outgoing-28 >> "    "desiredCapabilities": {[\n]"
11:24:14.033 [Forwarding newSession on session null to remote] DEBUG org.apache.http.wire - http-outgoing-28 >> "      "browserName": "chrome",[\n]"
11:24:14.033 [Forwarding newSession on session null to remote] DEBUG org.apache.http.wire - http-outgoing-28 >> "      "goog:chromeOptions": {[\n]"
11:24:14.033 [Forwarding newSession on session null to remote] DEBUG org.apache.http.wire - http-outgoing-28 >> "        "args": [[\n]"
11:24:14.033 [Forwarding newSession on session null to remote] DEBUG org.apache.http.wire - http-outgoing-28 >> "          "--headless",[\n]"
11:24:14.033 [Forwarding newSession on session null to remote] DEBUG org.apache.http.wire - http-outgoing-28 >> "          "--disable-gpu"[\n]"
11:24:14.033 [Forwarding newSession on session null to remote] DEBUG org.apache.http.wire - http-outgoing-28 >> "        ],[\n]"
11:24:14.033 [Forwarding newSession on session null to remote] DEBUG org.apache.http.wire - http-outgoing-28 >> "        "extensions": [][\n]"
11:24:14.033 [Forwarding newSession on session null to remote] DEBUG org.apache.http.wire - http-outgoing-28 >> "      }[\n]"
11:24:14.033 [Forwarding newSession on session null to remote] DEBUG org.apache.http.wire - http-outgoing-28 >> "    },[\n]"
11:24:14.033 [Forwarding newSession on session null to remote] DEBUG org.apache.http.wire - http-outgoing-28 >> "    "requiredCapabilities": {},[\n]"
11:24:14.033 [Forwarding newSession on session null to remote] DEBUG org.apache.http.wire - http-outgoing-28 >> "    "alwaysMatch": {[\n]"
11:24:14.033 [Forwarding newSession on session null to remote] DEBUG org.apache.http.wire - http-outgoing-28 >> "      "goog:chromeOptions": {[\n]"
11:24:14.033 [Forwarding newSession on session null to remote] DEBUG org.apache.http.wire - http-outgoing-28 >> "        "args": [[\n]"
11:24:14.033 [Forwarding newSession on session null to remote] DEBUG org.apache.http.wire - http-outgoing-28 >> "          "--headless",[\n]"
11:24:14.033 [Forwarding newSession on session null to remote] DEBUG org.apache.http.wire - http-outgoing-28 >> "          "--disable-gpu"[\n]"
11:24:14.034 [Forwarding newSession on session null to remote] DEBUG org.apache.http.wire - http-outgoing-28 >> "        ],[\n]"
11:24:14.034 [Forwarding newSession on session null to remote] DEBUG org.apache.http.wire - http-outgoing-28 >> "        "extensions": [][\n]"
11:24:14.034 [Forwarding newSession on session null to remote] DEBUG org.apache.http.wire - http-outgoing-28 >> "      }[\n]"
11:24:14.034 [Forwarding newSession on session null to remote] DEBUG org.apache.http.wire - http-outgoing-28 >> "    },[\n]"
11:24:14.034 [Forwarding newSession on session null to remote] DEBUG org.apache.http.wire - http-outgoing-28 >> "    "firstMatch": [[\n]"
11:24:14.034 [Forwarding newSession on session null to remote] DEBUG org.apache.http.wire - http-outgoing-28 >> "      {[\n]"
11:24:14.034 [Forwarding newSession on session null to remote] DEBUG org.apache.http.wire - http-outgoing-28 >> "        "browserName": "chrome"[\n]"
11:24:14.034 [Forwarding newSession on session null to remote] DEBUG org.apache.http.wire - http-outgoing-28 >> "      }[\n]"
11:24:14.034 [Forwarding newSession on session null to remote] DEBUG org.apache.http.wire - http-outgoing-28 >> "    ][\n]"
11:24:14.034 [Forwarding newSession on session null to remote] DEBUG org.apache.http.wire - http-outgoing-28 >> "  }[\n]"
11:24:14.034 [Forwarding newSession on session null to remote] DEBUG org.apache.http.wire - http-outgoing-28 >> "}"
11:24:14.186 [Forwarding newSession on session null to remote] DEBUG org.apache.http.wire - http-outgoing-28 << "HTTP/1.1 200 OK[\r][\n]"
11:24:14.186 [Forwarding newSession on session null to remote] DEBUG org.apache.http.wire - http-outgoing-28 << "Content-Length:690[\r][\n]"
11:24:14.186 [Forwarding newSession on session null to remote] DEBUG org.apache.http.wire - http-outgoing-28 << "Content-Type:application/json; charset=utf-8[\r][\n]"
11:24:14.186 [Forwarding newSession on session null to remote] DEBUG org.apache.http.wire - http-outgoing-28 << "cache-control:no-cache[\r][\n]"
11:24:14.186 [Forwarding newSession on session null to remote] DEBUG org.apache.http.wire - http-outgoing-28 << "[\r][\n]"
11:24:14.186 [Forwarding newSession on session null to remote] DEBUG org.apache.http.wire - http-outgoing-28 << "{"value":{"capabilities":{"acceptInsecureCerts":false,"browserName":"chrome","browserVersion":"80.0.3987.162","chrome":{"chromedriverVersion":"80.0.3987.106 (f68069574609230cf9b635cd784cfb1bf81bb53a-refs/branch-heads/3987@{#882})","userDataDir":"/var/folders/fs/0qxrqb5x7zg5dtqrhc9t0clm0000gn/T/.com.google.Chrome.FjQiNV"},"goog:chromeOptions":{"debuggerAddress":"localhost:54187"},"networkConnectionEnabled":false,"pageLoadStrategy":"normal","platformName":"mac os x","proxy":{},"setWindowRect":true,"strictFileInteractability":false,"timeouts":{"implicit":0,"pageLoad":300000,"script":30000},"unhandledPromptBehavior":"dismiss and notify"},"sessionId":"197b6b89e62bca51444c22e6a69c7a9a"}}"
11:24:14.186 [Forwarding newSession on session null to remote] DEBUG org.apache.http.headers - http-outgoing-28 << HTTP/1.1 200 OK
11:24:14.186 [Forwarding newSession on session null to remote] DEBUG org.apache.http.headers - http-outgoing-28 << Content-Length:690
11:24:14.186 [Forwarding newSession on session null to remote] DEBUG org.apache.http.headers - http-outgoing-28 << Content-Type:application/json; charset=utf-8
11:24:14.186 [Forwarding newSession on session null to remote] DEBUG org.apache.http.headers - http-outgoing-28 << cache-control:no-cache
11:24:14.186 [Forwarding newSession on session null to remote] DEBUG org.apache.http.impl.execchain.MainClientExec - Connection can be kept alive indefinitely
11:24:14.186 [Forwarding newSession on session null to remote] DEBUG org.apache.http.impl.conn.PoolingHttpClientConnectionManager - Connection [id: 28][route: {}->http://localhost:7185] can be kept alive indefinitely
11:24:14.186 [Forwarding newSession on session null to remote] DEBUG org.apache.http.impl.conn.PoolingHttpClientConnectionManager - Connection released: [id: 28][route: {}->http://localhost:7185][total kept alive: 29; route allocated: 1 of 2000; total allocated: 29 of 2000]
11:24:14.189 [Forwarding get on session 197b6b89e62bca51444c22e6a69c7a9a to remote] DEBUG org.apache.http.client.protocol.RequestAddCookies - CookieSpec selected: default
11:24:14.189 [Forwarding get on session 197b6b89e62bca51444c22e6a69c7a9a to remote] DEBUG org.apache.http.client.protocol.RequestAuthCache - Auth cache not set in the context
11:24:14.189 [Forwarding get on session 197b6b89e62bca51444c22e6a69c7a9a to remote] DEBUG org.apache.http.impl.conn.PoolingHttpClientConnectionManager - Connection request: [route: {}->http://localhost:7185][total kept alive: 29; route allocated: 1 of 2000; total allocated: 29 of 2000]
11:24:14.189 [Forwarding get on session 197b6b89e62bca51444c22e6a69c7a9a to remote] DEBUG org.apache.http.impl.conn.PoolingHttpClientConnectionManager - Connection leased: [id: 28][route: {}->http://localhost:7185][total kept alive: 28; route allocated: 1 of 2000; total allocated: 29 of 2000]
11:24:14.189 [Forwarding get on session 197b6b89e62bca51444c22e6a69c7a9a to remote] DEBUG org.apache.http.impl.execchain.MainClientExec - Stale connection check
11:24:14.190 [Forwarding get on session 197b6b89e62bca51444c22e6a69c7a9a to remote] DEBUG org.apache.http.wire - http-outgoing-28 << "[read] I/O error: Read timed out"
11:24:14.190 [Forwarding get on session 197b6b89e62bca51444c22e6a69c7a9a to remote] DEBUG org.apache.http.impl.conn.DefaultManagedHttpClientConnection - http-outgoing-28: set socket timeout to 10800000
11:24:14.190 [Forwarding get on session 197b6b89e62bca51444c22e6a69c7a9a to remote] DEBUG org.apache.http.impl.execchain.MainClientExec - Executing request POST /session/197b6b89e62bca51444c22e6a69c7a9a/url HTTP/1.1
11:24:14.190 [Forwarding get on session 197b6b89e62bca51444c22e6a69c7a9a to remote] DEBUG org.apache.http.impl.execchain.MainClientExec - Target auth state: UNCHALLENGED
11:24:14.190 [Forwarding get on session 197b6b89e62bca51444c22e6a69c7a9a to remote] DEBUG org.apache.http.impl.execchain.MainClientExec - Proxy auth state: UNCHALLENGED
11:24:14.190 [Forwarding get on session 197b6b89e62bca51444c22e6a69c7a9a to remote] DEBUG org.apache.http.headers - http-outgoing-28 >> POST /session/197b6b89e62bca51444c22e6a69c7a9a/url HTTP/1.1
11:24:14.190 [Forwarding get on session 197b6b89e62bca51444c22e6a69c7a9a to remote] DEBUG org.apache.http.headers - http-outgoing-28 >> Content-Type: application/json; charset=utf-8
11:24:14.190 [Forwarding get on session 197b6b89e62bca51444c22e6a69c7a9a to remote] DEBUG org.apache.http.headers - http-outgoing-28 >> Content-Length: 33
11:24:14.190 [Forwarding get on session 197b6b89e62bca51444c22e6a69c7a9a to remote] DEBUG org.apache.http.headers - http-outgoing-28 >> Host: localhost:7185
11:24:14.190 [Forwarding get on session 197b6b89e62bca51444c22e6a69c7a9a to remote] DEBUG org.apache.http.headers - http-outgoing-28 >> Connection: Keep-Alive
11:24:14.190 [Forwarding get on session 197b6b89e62bca51444c22e6a69c7a9a to remote] DEBUG org.apache.http.headers - http-outgoing-28 >> User-Agent: Apache-HttpClient/4.5.3 (Java/1.8.0_211)
11:24:14.190 [Forwarding get on session 197b6b89e62bca51444c22e6a69c7a9a to remote] DEBUG org.apache.http.headers - http-outgoing-28 >> Accept-Encoding: gzip,deflate
11:24:14.190 [Forwarding get on session 197b6b89e62bca51444c22e6a69c7a9a to remote] DEBUG org.apache.http.wire - http-outgoing-28 >> "POST /session/197b6b89e62bca51444c22e6a69c7a9a/url HTTP/1.1[\r][\n]"
11:24:14.190 [Forwarding get on session 197b6b89e62bca51444c22e6a69c7a9a to remote] DEBUG org.apache.http.wire - http-outgoing-28 >> "Content-Type: application/json; charset=utf-8[\r][\n]"
11:24:14.190 [Forwarding get on session 197b6b89e62bca51444c22e6a69c7a9a to remote] DEBUG org.apache.http.wire - http-outgoing-28 >> "Content-Length: 33[\r][\n]"
11:24:14.190 [Forwarding get on session 197b6b89e62bca51444c22e6a69c7a9a to remote] DEBUG org.apache.http.wire - http-outgoing-28 >> "Host: localhost:7185[\r][\n]"
11:24:14.190 [Forwarding get on session 197b6b89e62bca51444c22e6a69c7a9a to remote] DEBUG org.apache.http.wire - http-outgoing-28 >> "Connection: Keep-Alive[\r][\n]"
11:24:14.190 [Forwarding get on session 197b6b89e62bca51444c22e6a69c7a9a to remote] DEBUG org.apache.http.wire - http-outgoing-28 >> "User-Agent: Apache-HttpClient/4.5.3 (Java/1.8.0_211)[\r][\n]"
11:24:14.190 [Forwarding get on session 197b6b89e62bca51444c22e6a69c7a9a to remote] DEBUG org.apache.http.wire - http-outgoing-28 >> "Accept-Encoding: gzip,deflate[\r][\n]"
11:24:14.190 [Forwarding get on session 197b6b89e62bca51444c22e6a69c7a9a to remote] DEBUG org.apache.http.wire - http-outgoing-28 >> "[\r][\n]"
11:24:14.190 [Forwarding get on session 197b6b89e62bca51444c22e6a69c7a9a to remote] DEBUG org.apache.http.wire - http-outgoing-28 >> "{"url":"https://tronscan.org/#/"}"
11:24:16.708 [Forwarding get on session 197b6b89e62bca51444c22e6a69c7a9a to remote] DEBUG org.apache.http.wire - http-outgoing-28 << "HTTP/1.1 200 OK[\r][\n]"
11:24:16.708 [Forwarding get on session 197b6b89e62bca51444c22e6a69c7a9a to remote] DEBUG org.apache.http.wire - http-outgoing-28 << "Content-Length:14[\r][\n]"
11:24:16.708 [Forwarding get on session 197b6b89e62bca51444c22e6a69c7a9a to remote] DEBUG org.apache.http.wire - http-outgoing-28 << "Content-Type:application/json; charset=utf-8[\r][\n]"
11:24:16.708 [Forwarding get on session 197b6b89e62bca51444c22e6a69c7a9a to remote] DEBUG org.apache.http.wire - http-outgoing-28 << "cache-control:no-cache[\r][\n]"
11:24:16.708 [Forwarding get on session 197b6b89e62bca51444c22e6a69c7a9a to remote] DEBUG org.apache.http.wire - http-outgoing-28 << "[\r][\n]"
11:24:16.708 [Forwarding get on session 197b6b89e62bca51444c22e6a69c7a9a to remote] DEBUG org.apache.http.wire - http-outgoing-28 << "{"value":null}"
11:24:16.708 [Forwarding get on session 197b6b89e62bca51444c22e6a69c7a9a to remote] DEBUG org.apache.http.headers - http-outgoing-28 << HTTP/1.1 200 OK
11:24:16.708 [Forwarding get on session 197b6b89e62bca51444c22e6a69c7a9a to remote] DEBUG org.apache.http.headers - http-outgoing-28 << Content-Length:14
11:24:16.708 [Forwarding get on session 197b6b89e62bca51444c22e6a69c7a9a to remote] DEBUG org.apache.http.headers - http-outgoing-28 << Content-Type:application/json; charset=utf-8
11:24:16.708 [Forwarding get on session 197b6b89e62bca51444c22e6a69c7a9a to remote] DEBUG org.apache.http.headers - http-outgoing-28 << cache-control:no-cache
11:24:16.708 [Forwarding get on session 197b6b89e62bca51444c22e6a69c7a9a to remote] DEBUG org.apache.http.impl.execchain.MainClientExec - Connection can be kept alive indefinitely
11:24:16.708 [Forwarding get on session 197b6b89e62bca51444c22e6a69c7a9a to remote] DEBUG org.apache.http.impl.conn.PoolingHttpClientConnectionManager - Connection [id: 28][route: {}->http://localhost:7185] can be kept alive indefinitely
11:24:16.708 [Forwarding get on session 197b6b89e62bca51444c22e6a69c7a9a to remote] DEBUG org.apache.http.impl.conn.PoolingHttpClientConnectionManager - Connection released: [id: 28][route: {}->http://localhost:7185][total kept alive: 29; route allocated: 1 of 2000; total allocated: 29 of 2000]
成功打开谷歌浏览器！
11:24:16.708 [Forwarding setTimeout on session 197b6b89e62bca51444c22e6a69c7a9a to remote] DEBUG org.apache.http.client.protocol.RequestAddCookies - CookieSpec selected: default
11:24:16.708 [Forwarding setTimeout on session 197b6b89e62bca51444c22e6a69c7a9a to remote] DEBUG org.apache.http.client.protocol.RequestAuthCache - Auth cache not set in the context
11:24:16.708 [Forwarding setTimeout on session 197b6b89e62bca51444c22e6a69c7a9a to remote] DEBUG org.apache.http.impl.conn.PoolingHttpClientConnectionManager - Connection request: [route: {}->http://localhost:7185][total kept alive: 29; route allocated: 1 of 2000; total allocated: 29 of 2000]
11:24:16.708 [Forwarding setTimeout on session 197b6b89e62bca51444c22e6a69c7a9a to remote] DEBUG org.apache.http.impl.conn.PoolingHttpClientConnectionManager - Connection leased: [id: 28][route: {}->http://localhost:7185][total kept alive: 28; route allocated: 1 of 2000; total allocated: 29 of 2000]
11:24:16.708 [Forwarding setTimeout on session 197b6b89e62bca51444c22e6a69c7a9a to remote] DEBUG org.apache.http.impl.execchain.MainClientExec - Stale connection check
11:24:16.710 [Forwarding setTimeout on session 197b6b89e62bca51444c22e6a69c7a9a to remote] DEBUG org.apache.http.wire - http-outgoing-28 << "[read] I/O error: Read timed out"
11:24:16.710 [Forwarding setTimeout on session 197b6b89e62bca51444c22e6a69c7a9a to remote] DEBUG org.apache.http.impl.conn.DefaultManagedHttpClientConnection - http-outgoing-28: set socket timeout to 10800000
11:24:16.710 [Forwarding setTimeout on session 197b6b89e62bca51444c22e6a69c7a9a to remote] DEBUG org.apache.http.impl.execchain.MainClientExec - Executing request POST /session/197b6b89e62bca51444c22e6a69c7a9a/timeouts HTTP/1.1
11:24:16.710 [Forwarding setTimeout on session 197b6b89e62bca51444c22e6a69c7a9a to remote] DEBUG org.apache.http.impl.execchain.MainClientExec - Target auth state: UNCHALLENGED
11:24:16.710 [Forwarding setTimeout on session 197b6b89e62bca51444c22e6a69c7a9a to remote] DEBUG org.apache.http.impl.execchain.MainClientExec - Proxy auth state: UNCHALLENGED
11:24:16.710 [Forwarding setTimeout on session 197b6b89e62bca51444c22e6a69c7a9a to remote] DEBUG org.apache.http.headers - http-outgoing-28 >> POST /session/197b6b89e62bca51444c22e6a69c7a9a/timeouts HTTP/1.1
11:24:16.710 [Forwarding setTimeout on session 197b6b89e62bca51444c22e6a69c7a9a to remote] DEBUG org.apache.http.headers - http-outgoing-28 >> Content-Type: application/json; charset=utf-8
11:24:16.710 [Forwarding setTimeout on session 197b6b89e62bca51444c22e6a69c7a9a to remote] DEBUG org.apache.http.headers - http-outgoing-28 >> Content-Length: 18
11:24:16.710 [Forwarding setTimeout on session 197b6b89e62bca51444c22e6a69c7a9a to remote] DEBUG org.apache.http.headers - http-outgoing-28 >> Host: localhost:7185
11:24:16.710 [Forwarding setTimeout on session 197b6b89e62bca51444c22e6a69c7a9a to remote] DEBUG org.apache.http.headers - http-outgoing-28 >> Connection: Keep-Alive
11:24:16.710 [Forwarding setTimeout on session 197b6b89e62bca51444c22e6a69c7a9a to remote] DEBUG org.apache.http.headers - http-outgoing-28 >> User-Agent: Apache-HttpClient/4.5.3 (Java/1.8.0_211)
11:24:16.710 [Forwarding setTimeout on session 197b6b89e62bca51444c22e6a69c7a9a to remote] DEBUG org.apache.http.headers - http-outgoing-28 >> Accept-Encoding: gzip,deflate
11:24:16.710 [Forwarding setTimeout on session 197b6b89e62bca51444c22e6a69c7a9a to remote] DEBUG org.apache.http.wire - http-outgoing-28 >> "POST /session/197b6b89e62bca51444c22e6a69c7a9a/timeouts HTTP/1.1[\r][\n]"
11:24:16.710 [Forwarding setTimeout on session 197b6b89e62bca51444c22e6a69c7a9a to remote] DEBUG org.apache.http.wire - http-outgoing-28 >> "Content-Type: application/json; charset=utf-8[\r][\n]"
11:24:16.710 [Forwarding setTimeout on session 197b6b89e62bca51444c22e6a69c7a9a to remote] DEBUG org.apache.http.wire - http-outgoing-28 >> "Content-Length: 18[\r][\n]"
11:24:16.710 [Forwarding setTimeout on session 197b6b89e62bca51444c22e6a69c7a9a to remote] DEBUG org.apache.http.wire - http-outgoing-28 >> "Host: localhost:7185[\r][\n]"
11:24:16.710 [Forwarding setTimeout on session 197b6b89e62bca51444c22e6a69c7a9a to remote] DEBUG org.apache.http.wire - http-outgoing-28 >> "Connection: Keep-Alive[\r][\n]"
11:24:16.710 [Forwarding setTimeout on session 197b6b89e62bca51444c22e6a69c7a9a to remote] DEBUG org.apache.http.wire - http-outgoing-28 >> "User-Agent: Apache-HttpClient/4.5.3 (Java/1.8.0_211)[\r][\n]"
11:24:16.710 [Forwarding setTimeout on session 197b6b89e62bca51444c22e6a69c7a9a to remote] DEBUG org.apache.http.wire - http-outgoing-28 >> "Accept-Encoding: gzip,deflate[\r][\n]"
11:24:16.710 [Forwarding setTimeout on session 197b6b89e62bca51444c22e6a69c7a9a to remote] DEBUG org.apache.http.wire - http-outgoing-28 >> "[\r][\n]"
11:24:16.710 [Forwarding setTimeout on session 197b6b89e62bca51444c22e6a69c7a9a to remote] DEBUG org.apache.http.wire - http-outgoing-28 >> "{"implicit":10000}"
11:24:16.710 [Forwarding setTimeout on session 197b6b89e62bca51444c22e6a69c7a9a to remote] DEBUG org.apache.http.wire - http-outgoing-28 << "HTTP/1.1 200 OK[\r][\n]"
11:24:16.710 [Forwarding setTimeout on session 197b6b89e62bca51444c22e6a69c7a9a to remote] DEBUG org.apache.http.wire - http-outgoing-28 << "Content-Length:14[\r][\n]"
11:24:16.710 [Forwarding setTimeout on session 197b6b89e62bca51444c22e6a69c7a9a to remote] DEBUG org.apache.http.wire - http-outgoing-28 << "Content-Type:application/json; charset=utf-8[\r][\n]"
11:24:16.710 [Forwarding setTimeout on session 197b6b89e62bca51444c22e6a69c7a9a to remote] DEBUG org.apache.http.wire - http-outgoing-28 << "cache-control:no-cache[\r][\n]"
11:24:16.710 [Forwarding setTimeout on session 197b6b89e62bca51444c22e6a69c7a9a to remote] DEBUG org.apache.http.wire - http-outgoing-28 << "[\r][\n]"
11:24:16.710 [Forwarding setTimeout on session 197b6b89e62bca51444c22e6a69c7a9a to remote] DEBUG org.apache.http.wire - http-outgoing-28 << "{"value":null}"
11:24:16.710 [Forwarding setTimeout on session 197b6b89e62bca51444c22e6a69c7a9a to remote] DEBUG org.apache.http.headers - http-outgoing-28 << HTTP/1.1 200 OK
11:24:16.710 [Forwarding setTimeout on session 197b6b89e62bca51444c22e6a69c7a9a to remote] DEBUG org.apache.http.headers - http-outgoing-28 << Content-Length:14
11:24:16.710 [Forwarding setTimeout on session 197b6b89e62bca51444c22e6a69c7a9a to remote] DEBUG org.apache.http.headers - http-outgoing-28 << Content-Type:application/json; charset=utf-8
11:24:16.710 [Forwarding setTimeout on session 197b6b89e62bca51444c22e6a69c7a9a to remote] DEBUG org.apache.http.headers - http-outgoing-28 << cache-control:no-cache
11:24:16.710 [Forwarding setTimeout on session 197b6b89e62bca51444c22e6a69c7a9a to remote] DEBUG org.apache.http.impl.execchain.MainClientExec - Connection can be kept alive indefinitely
11:24:16.710 [Forwarding setTimeout on session 197b6b89e62bca51444c22e6a69c7a9a to remote] DEBUG org.apache.http.impl.conn.PoolingHttpClientConnectionManager - Connection [id: 28][route: {}->http://localhost:7185] can be kept alive indefinitely
11:24:16.710 [Forwarding setTimeout on session 197b6b89e62bca51444c22e6a69c7a9a to remote] DEBUG org.apache.http.impl.conn.PoolingHttpClientConnectionManager - Connection released: [id: 28][route: {}->http://localhost:7185][total kept alive: 29; route allocated: 1 of 2000; total allocated: 29 of 2000]
LOGIN
11:24:16.710 [Forwarding setCurrentWindowSize on session 197b6b89e62bca51444c22e6a69c7a9a to remote] DEBUG org.apache.http.client.protocol.RequestAddCookies - CookieSpec selected: default
11:24:16.710 [Forwarding setCurrentWindowSize on session 197b6b89e62bca51444c22e6a69c7a9a to remote] DEBUG org.apache.http.client.protocol.RequestAuthCache - Auth cache not set in the context
11:24:16.710 [Forwarding setCurrentWindowSize on session 197b6b89e62bca51444c22e6a69c7a9a to remote] DEBUG org.apache.http.impl.conn.PoolingHttpClientConnectionManager - Connection request: [route: {}->http://localhost:7185][total kept alive: 29; route allocated: 1 of 2000; total allocated: 29 of 2000]
11:24:16.710 [Forwarding setCurrentWindowSize on session 197b6b89e62bca51444c22e6a69c7a9a to remote] DEBUG org.apache.http.impl.conn.PoolingHttpClientConnectionManager - Connection leased: [id: 28][route: {}->http://localhost:7185][total kept alive: 28; route allocated: 1 of 2000; total allocated: 29 of 2000]
11:24:16.710 [Forwarding setCurrentWindowSize on session 197b6b89e62bca51444c22e6a69c7a9a to remote] DEBUG org.apache.http.impl.execchain.MainClientExec - Stale connection check
11:24:16.712 [Forwarding setCurrentWindowSize on session 197b6b89e62bca51444c22e6a69c7a9a to remote] DEBUG org.apache.http.wire - http-outgoing-28 << "[read] I/O error: Read timed out"
11:24:16.712 [Forwarding setCurrentWindowSize on session 197b6b89e62bca51444c22e6a69c7a9a to remote] DEBUG org.apache.http.impl.conn.DefaultManagedHttpClientConnection - http-outgoing-28: set socket timeout to 10800000
11:24:16.712 [Forwarding setCurrentWindowSize on session 197b6b89e62bca51444c22e6a69c7a9a to remote] DEBUG org.apache.http.impl.execchain.MainClientExec - Executing request POST /session/197b6b89e62bca51444c22e6a69c7a9a/window/rect HTTP/1.1
11:24:16.712 [Forwarding setCurrentWindowSize on session 197b6b89e62bca51444c22e6a69c7a9a to remote] DEBUG org.apache.http.impl.execchain.MainClientExec - Target auth state: UNCHALLENGED
11:24:16.712 [Forwarding setCurrentWindowSize on session 197b6b89e62bca51444c22e6a69c7a9a to remote] DEBUG org.apache.http.impl.execchain.MainClientExec - Proxy auth state: UNCHALLENGED
11:24:16.712 [Forwarding setCurrentWindowSize on session 197b6b89e62bca51444c22e6a69c7a9a to remote] DEBUG org.apache.http.headers - http-outgoing-28 >> POST /session/197b6b89e62bca51444c22e6a69c7a9a/window/rect HTTP/1.1
11:24:16.712 [Forwarding setCurrentWindowSize on session 197b6b89e62bca51444c22e6a69c7a9a to remote] DEBUG org.apache.http.headers - http-outgoing-28 >> Content-Type: application/json; charset=utf-8
11:24:16.712 [Forwarding setCurrentWindowSize on session 197b6b89e62bca51444c22e6a69c7a9a to remote] DEBUG org.apache.http.headers - http-outgoing-28 >> Content-Length: 28
11:24:16.712 [Forwarding setCurrentWindowSize on session 197b6b89e62bca51444c22e6a69c7a9a to remote] DEBUG org.apache.http.headers - http-outgoing-28 >> Host: localhost:7185
11:24:16.712 [Forwarding setCurrentWindowSize on session 197b6b89e62bca51444c22e6a69c7a9a to remote] DEBUG org.apache.http.headers - http-outgoing-28 >> Connection: Keep-Alive
11:24:16.712 [Forwarding setCurrentWindowSize on session 197b6b89e62bca51444c22e6a69c7a9a to remote] DEBUG org.apache.http.headers - http-outgoing-28 >> User-Agent: Apache-HttpClient/4.5.3 (Java/1.8.0_211)
11:24:16.712 [Forwarding setCurrentWindowSize on session 197b6b89e62bca51444c22e6a69c7a9a to remote] DEBUG org.apache.http.headers - http-outgoing-28 >> Accept-Encoding: gzip,deflate
11:24:16.712 [Forwarding setCurrentWindowSize on session 197b6b89e62bca51444c22e6a69c7a9a to remote] DEBUG org.apache.http.wire - http-outgoing-28 >> "POST /session/197b6b89e62bca51444c22e6a69c7a9a/window/rect HTTP/1.1[\r][\n]"
11:24:16.712 [Forwarding setCurrentWindowSize on session 197b6b89e62bca51444c22e6a69c7a9a to remote] DEBUG org.apache.http.wire - http-outgoing-28 >> "Content-Type: application/json; charset=utf-8[\r][\n]"
11:24:16.712 [Forwarding setCurrentWindowSize on session 197b6b89e62bca51444c22e6a69c7a9a to remote] DEBUG org.apache.http.wire - http-outgoing-28 >> "Content-Length: 28[\r][\n]"
11:24:16.712 [Forwarding setCurrentWindowSize on session 197b6b89e62bca51444c22e6a69c7a9a to remote] DEBUG org.apache.http.wire - http-outgoing-28 >> "Host: localhost:7185[\r][\n]"
11:24:16.712 [Forwarding setCurrentWindowSize on session 197b6b89e62bca51444c22e6a69c7a9a to remote] DEBUG org.apache.http.wire - http-outgoing-28 >> "Connection: Keep-Alive[\r][\n]"
11:24:16.712 [Forwarding setCurrentWindowSize on session 197b6b89e62bca51444c22e6a69c7a9a to remote] DEBUG org.apache.http.wire - http-outgoing-28 >> "User-Agent: Apache-HttpClient/4.5.3 (Java/1.8.0_211)[\r][\n]"
11:24:16.712 [Forwarding setCurrentWindowSize on session 197b6b89e62bca51444c22e6a69c7a9a to remote] DEBUG org.apache.http.wire - http-outgoing-28 >> "Accept-Encoding: gzip,deflate[\r][\n]"
11:24:16.712 [Forwarding setCurrentWindowSize on session 197b6b89e62bca51444c22e6a69c7a9a to remote] DEBUG org.apache.http.wire - http-outgoing-28 >> "[\r][\n]"
11:24:16.712 [Forwarding setCurrentWindowSize on session 197b6b89e62bca51444c22e6a69c7a9a to remote] DEBUG org.apache.http.wire - http-outgoing-28 >> "{"width":2560,"height":1440}"
11:24:16.854 [Forwarding setCurrentWindowSize on session 197b6b89e62bca51444c22e6a69c7a9a to remote] DEBUG org.apache.http.wire - http-outgoing-28 << "HTTP/1.1 200 OK[\r][\n]"
11:24:16.854 [Forwarding setCurrentWindowSize on session 197b6b89e62bca51444c22e6a69c7a9a to remote] DEBUG org.apache.http.wire - http-outgoing-28 << "Content-Length:50[\r][\n]"
11:24:16.854 [Forwarding setCurrentWindowSize on session 197b6b89e62bca51444c22e6a69c7a9a to remote] DEBUG org.apache.http.wire - http-outgoing-28 << "Content-Type:application/json; charset=utf-8[\r][\n]"
11:24:16.854 [Forwarding setCurrentWindowSize on session 197b6b89e62bca51444c22e6a69c7a9a to remote] DEBUG org.apache.http.wire - http-outgoing-28 << "cache-control:no-cache[\r][\n]"
11:24:16.854 [Forwarding setCurrentWindowSize on session 197b6b89e62bca51444c22e6a69c7a9a to remote] DEBUG org.apache.http.wire - http-outgoing-28 << "[\r][\n]"
11:24:16.854 [Forwarding setCurrentWindowSize on session 197b6b89e62bca51444c22e6a69c7a9a to remote] DEBUG org.apache.http.wire - http-outgoing-28 << "{"value":{"height":1440,"width":2560,"x":0,"y":0}}"
11:24:16.854 [Forwarding setCurrentWindowSize on session 197b6b89e62bca51444c22e6a69c7a9a to remote] DEBUG org.apache.http.headers - http-outgoing-28 << HTTP/1.1 200 OK
11:24:16.854 [Forwarding setCurrentWindowSize on session 197b6b89e62bca51444c22e6a69c7a9a to remote] DEBUG org.apache.http.headers - http-outgoing-28 << Content-Length:50
11:24:16.854 [Forwarding setCurrentWindowSize on session 197b6b89e62bca51444c22e6a69c7a9a to remote] DEBUG org.apache.http.headers - http-outgoing-28 << Content-Type:application/json; charset=utf-8
11:24:16.854 [Forwarding setCurrentWindowSize on session 197b6b89e62bca51444c22e6a69c7a9a to remote] DEBUG org.apache.http.headers - http-outgoing-28 << cache-control:no-cache
11:24:16.854 [Forwarding setCurrentWindowSize on session 197b6b89e62bca51444c22e6a69c7a9a to remote] DEBUG org.apache.http.impl.execchain.MainClientExec - Connection can be kept alive indefinitely
11:24:16.854 [Forwarding setCurrentWindowSize on session 197b6b89e62bca51444c22e6a69c7a9a to remote] DEBUG org.apache.http.impl.conn.PoolingHttpClientConnectionManager - Connection [id: 28][route: {}->http://localhost:7185] can be kept alive indefinitely
11:24:16.854 [Forwarding setCurrentWindowSize on session 197b6b89e62bca51444c22e6a69c7a9a to remote] DEBUG org.apache.http.impl.conn.PoolingHttpClientConnectionManager - Connection released: [id: 28][route: {}->http://localhost:7185][total kept alive: 29; route allocated: 1 of 2000; total allocated: 29 of 2000]
11:24:17.055 [Forwarding findElement on session 197b6b89e62bca51444c22e6a69c7a9a to remote] DEBUG org.apache.http.client.protocol.RequestAddCookies - CookieSpec selected: default
11:24:17.055 [Forwarding findElement on session 197b6b89e62bca51444c22e6a69c7a9a to remote] DEBUG org.apache.http.client.protocol.RequestAuthCache - Auth cache not set in the context
11:24:17.055 [Forwarding findElement on session 197b6b89e62bca51444c22e6a69c7a9a to remote] DEBUG org.apache.http.impl.conn.PoolingHttpClientConnectionManager - Connection request: [route: {}->http://localhost:7185][total kept alive: 29; route allocated: 1 of 2000; total allocated: 29 of 2000]
11:24:17.055 [Forwarding findElement on session 197b6b89e62bca51444c22e6a69c7a9a to remote] DEBUG org.apache.http.impl.conn.PoolingHttpClientConnectionManager - Connection leased: [id: 28][route: {}->http://localhost:7185][total kept alive: 28; route allocated: 1 of 2000; total allocated: 29 of 2000]
11:24:17.055 [Forwarding findElement on session 197b6b89e62bca51444c22e6a69c7a9a to remote] DEBUG org.apache.http.impl.execchain.MainClientExec - Stale connection check
11:24:17.056 [Forwarding findElement on session 197b6b89e62bca51444c22e6a69c7a9a to remote] DEBUG org.apache.http.wire - http-outgoing-28 << "[read] I/O error: Read timed out"
11:24:17.056 [Forwarding findElement on session 197b6b89e62bca51444c22e6a69c7a9a to remote] DEBUG org.apache.http.impl.conn.DefaultManagedHttpClientConnection - http-outgoing-28: set socket timeout to 10800000
11:24:17.056 [Forwarding findElement on session 197b6b89e62bca51444c22e6a69c7a9a to remote] DEBUG org.apache.http.impl.execchain.MainClientExec - Executing request POST /session/197b6b89e62bca51444c22e6a69c7a9a/element HTTP/1.1
11:24:17.056 [Forwarding findElement on session 197b6b89e62bca51444c22e6a69c7a9a to remote] DEBUG org.apache.http.impl.execchain.MainClientExec - Target auth state: UNCHALLENGED
11:24:17.056 [Forwarding findElement on session 197b6b89e62bca51444c22e6a69c7a9a to remote] DEBUG org.apache.http.impl.execchain.MainClientExec - Proxy auth state: UNCHALLENGED
11:24:17.056 [Forwarding findElement on session 197b6b89e62bca51444c22e6a69c7a9a to remote] DEBUG org.apache.http.headers - http-outgoing-28 >> POST /session/197b6b89e62bca51444c22e6a69c7a9a/element HTTP/1.1
11:24:17.056 [Forwarding findElement on session 197b6b89e62bca51444c22e6a69c7a9a to remote] DEBUG org.apache.http.headers - http-outgoing-28 >> Content-Type: application/json; charset=utf-8
11:24:17.056 [Forwarding findElement on session 197b6b89e62bca51444c22e6a69c7a9a to remote] DEBUG org.apache.http.headers - http-outgoing-28 >> Content-Length: 58
11:24:17.056 [Forwarding findElement on session 197b6b89e62bca51444c22e6a69c7a9a to remote] DEBUG org.apache.http.headers - http-outgoing-28 >> Host: localhost:7185
11:24:17.056 [Forwarding findElement on session 197b6b89e62bca51444c22e6a69c7a9a to remote] DEBUG org.apache.http.headers - http-outgoing-28 >> Connection: Keep-Alive
11:24:17.056 [Forwarding findElement on session 197b6b89e62bca51444c22e6a69c7a9a to remote] DEBUG org.apache.http.headers - http-outgoing-28 >> User-Agent: Apache-HttpClient/4.5.3 (Java/1.8.0_211)
11:24:17.056 [Forwarding findElement on session 197b6b89e62bca51444c22e6a69c7a9a to remote] DEBUG org.apache.http.headers - http-outgoing-28 >> Accept-Encoding: gzip,deflate
11:24:17.056 [Forwarding findElement on session 197b6b89e62bca51444c22e6a69c7a9a to remote] DEBUG org.apache.http.wire - http-outgoing-28 >> "POST /session/197b6b89e62bca51444c22e6a69c7a9a/element HTTP/1.1[\r][\n]"
11:24:17.056 [Forwarding findElement on session 197b6b89e62bca51444c22e6a69c7a9a to remote] DEBUG org.apache.http.wire - http-outgoing-28 >> "Content-Type: application/json; charset=utf-8[\r][\n]"
11:24:17.056 [Forwarding findElement on session 197b6b89e62bca51444c22e6a69c7a9a to remote] DEBUG org.apache.http.wire - http-outgoing-28 >> "Content-Length: 58[\r][\n]"
11:24:17.056 [Forwarding findElement on session 197b6b89e62bca51444c22e6a69c7a9a to remote] DEBUG org.apache.http.wire - http-outgoing-28 >> "Host: localhost:7185[\r][\n]"
11:24:17.056 [Forwarding findElement on session 197b6b89e62bca51444c22e6a69c7a9a to remote] DEBUG org.apache.http.wire - http-outgoing-28 >> "Connection: Keep-Alive[\r][\n]"
11:24:17.056 [Forwarding findElement on session 197b6b89e62bca51444c22e6a69c7a9a to remote] DEBUG org.apache.http.wire - http-outgoing-28 >> "User-Agent: Apache-HttpClient/4.5.3 (Java/1.8.0_211)[\r][\n]"
11:24:17.056 [Forwarding findElement on session 197b6b89e62bca51444c22e6a69c7a9a to remote] DEBUG org.apache.http.wire - http-outgoing-28 >> "Accept-Encoding: gzip,deflate[\r][\n]"
11:24:17.056 [Forwarding findElement on session 197b6b89e62bca51444c22e6a69c7a9a to remote] DEBUG org.apache.http.wire - http-outgoing-28 >> "[\r][\n]"
11:24:17.056 [Forwarding findElement on session 197b6b89e62bca51444c22e6a69c7a9a to remote] DEBUG org.apache.http.wire - http-outgoing-28 >> "{"value":".dropdown-toggle > span","using":"css selector"}"
11:24:17.064 [Forwarding findElement on session 197b6b89e62bca51444c22e6a69c7a9a to remote] DEBUG org.apache.http.wire - http-outgoing-28 << "HTTP/1.1 200 OK[\r][\n]"
11:24:17.064 [Forwarding findElement on session 197b6b89e62bca51444c22e6a69c7a9a to remote] DEBUG org.apache.http.wire - http-outgoing-28 << "Content-Length:88[\r][\n]"
11:24:17.064 [Forwarding findElement on session 197b6b89e62bca51444c22e6a69c7a9a to remote] DEBUG org.apache.http.wire - http-outgoing-28 << "Content-Type:application/json; charset=utf-8[\r][\n]"
11:24:17.064 [Forwarding findElement on session 197b6b89e62bca51444c22e6a69c7a9a to remote] DEBUG org.apache.http.wire - http-outgoing-28 << "cache-control:no-cache[\r][\n]"
11:24:17.064 [Forwarding findElement on session 197b6b89e62bca51444c22e6a69c7a9a to remote] DEBUG org.apache.http.wire - http-outgoing-28 << "[\r][\n]"
11:24:17.064 [Forwarding findElement on session 197b6b89e62bca51444c22e6a69c7a9a to remote] DEBUG org.apache.http.wire - http-outgoing-28 << "{"value":{"element-6066-11e4-a52e-4f735466cecf":"a8a46d97-1b12-448e-a4dc-e9d875c5bead"}}"
11:24:17.064 [Forwarding findElement on session 197b6b89e62bca51444c22e6a69c7a9a to remote] DEBUG org.apache.http.headers - http-outgoing-28 << HTTP/1.1 200 OK
11:24:17.064 [Forwarding findElement on session 197b6b89e62bca51444c22e6a69c7a9a to remote] DEBUG org.apache.http.headers - http-outgoing-28 << Content-Length:88
11:24:17.064 [Forwarding findElement on session 197b6b89e62bca51444c22e6a69c7a9a to remote] DEBUG org.apache.http.headers - http-outgoing-28 << Content-Type:application/json; charset=utf-8
11:24:17.064 [Forwarding findElement on session 197b6b89e62bca51444c22e6a69c7a9a to remote] DEBUG org.apache.http.headers - http-outgoing-28 << cache-control:no-cache
11:24:17.064 [Forwarding findElement on session 197b6b89e62bca51444c22e6a69c7a9a to remote] DEBUG org.apache.http.impl.execchain.MainClientExec - Connection can be kept alive indefinitely
11:24:17.064 [Forwarding findElement on session 197b6b89e62bca51444c22e6a69c7a9a to remote] DEBUG org.apache.http.impl.conn.PoolingHttpClientConnectionManager - Connection [id: 28][route: {}->http://localhost:7185] can be kept alive indefinitely
11:24:17.064 [Forwarding findElement on session 197b6b89e62bca51444c22e6a69c7a9a to remote] DEBUG org.apache.http.impl.conn.PoolingHttpClientConnectionManager - Connection released: [id: 28][route: {}->http://localhost:7185][total kept alive: 29; route allocated: 1 of 2000; total allocated: 29 of 2000]
11:24:17.064 [Forwarding actions on session 197b6b89e62bca51444c22e6a69c7a9a to remote] DEBUG org.apache.http.client.protocol.RequestAddCookies - CookieSpec selected: default
11:24:17.064 [Forwarding actions on session 197b6b89e62bca51444c22e6a69c7a9a to remote] DEBUG org.apache.http.client.protocol.RequestAuthCache - Auth cache not set in the context
11:24:17.064 [Forwarding actions on session 197b6b89e62bca51444c22e6a69c7a9a to remote] DEBUG org.apache.http.impl.conn.PoolingHttpClientConnectionManager - Connection request: [route: {}->http://localhost:7185][total kept alive: 29; route allocated: 1 of 2000; total allocated: 29 of 2000]
11:24:17.064 [Forwarding actions on session 197b6b89e62bca51444c22e6a69c7a9a to remote] DEBUG org.apache.http.impl.conn.PoolingHttpClientConnectionManager - Connection leased: [id: 28][route: {}->http://localhost:7185][total kept alive: 28; route allocated: 1 of 2000; total allocated: 29 of 2000]
11:24:17.064 [Forwarding actions on session 197b6b89e62bca51444c22e6a69c7a9a to remote] DEBUG org.apache.http.impl.execchain.MainClientExec - Stale connection check
11:24:17.066 [Forwarding actions on session 197b6b89e62bca51444c22e6a69c7a9a to remote] DEBUG org.apache.http.wire - http-outgoing-28 << "[read] I/O error: Read timed out"
11:24:17.066 [Forwarding actions on session 197b6b89e62bca51444c22e6a69c7a9a to remote] DEBUG org.apache.http.impl.conn.DefaultManagedHttpClientConnection - http-outgoing-28: set socket timeout to 10800000
11:24:17.066 [Forwarding actions on session 197b6b89e62bca51444c22e6a69c7a9a to remote] DEBUG org.apache.http.impl.execchain.MainClientExec - Executing request POST /session/197b6b89e62bca51444c22e6a69c7a9a/actions HTTP/1.1
11:24:17.066 [Forwarding actions on session 197b6b89e62bca51444c22e6a69c7a9a to remote] DEBUG org.apache.http.impl.execchain.MainClientExec - Target auth state: UNCHALLENGED
11:24:17.066 [Forwarding actions on session 197b6b89e62bca51444c22e6a69c7a9a to remote] DEBUG org.apache.http.impl.execchain.MainClientExec - Proxy auth state: UNCHALLENGED
11:24:17.066 [Forwarding actions on session 197b6b89e62bca51444c22e6a69c7a9a to remote] DEBUG org.apache.http.headers - http-outgoing-28 >> POST /session/197b6b89e62bca51444c22e6a69c7a9a/actions HTTP/1.1
11:24:17.066 [Forwarding actions on session 197b6b89e62bca51444c22e6a69c7a9a to remote] DEBUG org.apache.http.headers - http-outgoing-28 >> Content-Type: application/json; charset=utf-8
11:24:17.066 [Forwarding actions on session 197b6b89e62bca51444c22e6a69c7a9a to remote] DEBUG org.apache.http.headers - http-outgoing-28 >> Content-Length: 289
11:24:17.066 [Forwarding actions on session 197b6b89e62bca51444c22e6a69c7a9a to remote] DEBUG org.apache.http.headers - http-outgoing-28 >> Host: localhost:7185
11:24:17.066 [Forwarding actions on session 197b6b89e62bca51444c22e6a69c7a9a to remote] DEBUG org.apache.http.headers - http-outgoing-28 >> Connection: Keep-Alive
11:24:17.066 [Forwarding actions on session 197b6b89e62bca51444c22e6a69c7a9a to remote] DEBUG org.apache.http.headers - http-outgoing-28 >> User-Agent: Apache-HttpClient/4.5.3 (Java/1.8.0_211)
11:24:17.066 [Forwarding actions on session 197b6b89e62bca51444c22e6a69c7a9a to remote] DEBUG org.apache.http.headers - http-outgoing-28 >> Accept-Encoding: gzip,deflate
11:24:17.066 [Forwarding actions on session 197b6b89e62bca51444c22e6a69c7a9a to remote] DEBUG org.apache.http.wire - http-outgoing-28 >> "POST /session/197b6b89e62bca51444c22e6a69c7a9a/actions HTTP/1.1[\r][\n]"
11:24:17.066 [Forwarding actions on session 197b6b89e62bca51444c22e6a69c7a9a to remote] DEBUG org.apache.http.wire - http-outgoing-28 >> "Content-Type: application/json; charset=utf-8[\r][\n]"
11:24:17.066 [Forwarding actions on session 197b6b89e62bca51444c22e6a69c7a9a to remote] DEBUG org.apache.http.wire - http-outgoing-28 >> "Content-Length: 289[\r][\n]"
11:24:17.066 [Forwarding actions on session 197b6b89e62bca51444c22e6a69c7a9a to remote] DEBUG org.apache.http.wire - http-outgoing-28 >> "Host: localhost:7185[\r][\n]"
11:24:17.066 [Forwarding actions on session 197b6b89e62bca51444c22e6a69c7a9a to remote] DEBUG org.apache.http.wire - http-outgoing-28 >> "Connection: Keep-Alive[\r][\n]"
11:24:17.066 [Forwarding actions on session 197b6b89e62bca51444c22e6a69c7a9a to remote] DEBUG org.apache.http.wire - http-outgoing-28 >> "User-Agent: Apache-HttpClient/4.5.3 (Java/1.8.0_211)[\r][\n]"
11:24:17.066 [Forwarding actions on session 197b6b89e62bca51444c22e6a69c7a9a to remote] DEBUG org.apache.http.wire - http-outgoing-28 >> "Accept-Encoding: gzip,deflate[\r][\n]"
11:24:17.066 [Forwarding actions on session 197b6b89e62bca51444c22e6a69c7a9a to remote] DEBUG org.apache.http.wire - http-outgoing-28 >> "[\r][\n]"
11:24:17.066 [Forwarding actions on session 197b6b89e62bca51444c22e6a69c7a9a to remote] DEBUG org.apache.http.wire - http-outgoing-28 >> "{"actions":[{"id":"default mouse","type":"pointer","parameters":{"pointerType":"mouse"},"actions":[{"duration":100,"x":0,"y":0,"type":"pointerMove","origin":{"ELEMENT":"a8a46d97-1b12-448e-a4dc-e9d875c5bead","element-6066-11e4-a52e-4f735466cecf":"a8a46d97-1b12-448e-a4dc-e9d875c5bead"}}]}]}"
11:24:17.179 [Forwarding actions on session 197b6b89e62bca51444c22e6a69c7a9a to remote] DEBUG org.apache.http.wire - http-outgoing-28 << "HTTP/1.1 200 OK[\r][\n]"
11:24:17.179 [Forwarding actions on session 197b6b89e62bca51444c22e6a69c7a9a to remote] DEBUG org.apache.http.wire - http-outgoing-28 << "Content-Length:14[\r][\n]"
11:24:17.179 [Forwarding actions on session 197b6b89e62bca51444c22e6a69c7a9a to remote] DEBUG org.apache.http.wire - http-outgoing-28 << "Content-Type:application/json; charset=utf-8[\r][\n]"
11:24:17.179 [Forwarding actions on session 197b6b89e62bca51444c22e6a69c7a9a to remote] DEBUG org.apache.http.wire - http-outgoing-28 << "cache-control:no-cache[\r][\n]"
11:24:17.179 [Forwarding actions on session 197b6b89e62bca51444c22e6a69c7a9a to remote] DEBUG org.apache.http.wire - http-outgoing-28 << "[\r][\n]"
11:24:17.179 [Forwarding actions on session 197b6b89e62bca51444c22e6a69c7a9a to remote] DEBUG org.apache.http.wire - http-outgoing-28 << "{"value":null}"
11:24:17.179 [Forwarding actions on session 197b6b89e62bca51444c22e6a69c7a9a to remote] DEBUG org.apache.http.headers - http-outgoing-28 << HTTP/1.1 200 OK
11:24:17.179 [Forwarding actions on session 197b6b89e62bca51444c22e6a69c7a9a to remote] DEBUG org.apache.http.headers - http-outgoing-28 << Content-Length:14
11:24:17.179 [Forwarding actions on session 197b6b89e62bca51444c22e6a69c7a9a to remote] DEBUG org.apache.http.headers - http-outgoing-28 << Content-Type:application/json; charset=utf-8
11:24:17.179 [Forwarding actions on session 197b6b89e62bca51444c22e6a69c7a9a to remote] DEBUG org.apache.http.headers - http-outgoing-28 << cache-control:no-cache
11:24:17.179 [Forwarding actions on session 197b6b89e62bca51444c22e6a69c7a9a to remote] DEBUG org.apache.http.impl.execchain.MainClientExec - Connection can be kept alive indefinitely
11:24:17.179 [Forwarding actions on session 197b6b89e62bca51444c22e6a69c7a9a to remote] DEBUG org.apache.http.impl.conn.PoolingHttpClientConnectionManager - Connection [id: 28][route: {}->http://localhost:7185] can be kept alive indefinitely
11:24:17.179 [Forwarding actions on session 197b6b89e62bca51444c22e6a69c7a9a to remote] DEBUG org.apache.http.impl.conn.PoolingHttpClientConnectionManager - Connection released: [id: 28][route: {}->http://localhost:7185][total kept alive: 29; route allocated: 1 of 2000; total allocated: 29 of 2000]
11:24:17.179 [Forwarding findElement on session 197b6b89e62bca51444c22e6a69c7a9a to remote] DEBUG org.apache.http.client.protocol.RequestAddCookies - CookieSpec selected: default
11:24:17.179 [Forwarding findElement on session 197b6b89e62bca51444c22e6a69c7a9a to remote] DEBUG org.apache.http.client.protocol.RequestAuthCache - Auth cache not set in the context
11:24:17.179 [Forwarding findElement on session 197b6b89e62bca51444c22e6a69c7a9a to remote] DEBUG org.apache.http.impl.conn.PoolingHttpClientConnectionManager - Connection request: [route: {}->http://localhost:7185][total kept alive: 29; route allocated: 1 of 2000; total allocated: 29 of 2000]
11:24:17.179 [Forwarding findElement on session 197b6b89e62bca51444c22e6a69c7a9a to remote] DEBUG org.apache.http.impl.conn.PoolingHttpClientConnectionManager - Connection leased: [id: 28][route: {}->http://localhost:7185][total kept alive: 28; route allocated: 1 of 2000; total allocated: 29 of 2000]
11:24:17.179 [Forwarding findElement on session 197b6b89e62bca51444c22e6a69c7a9a to remote] DEBUG org.apache.http.impl.execchain.MainClientExec - Stale connection check
11:24:17.181 [Forwarding findElement on session 197b6b89e62bca51444c22e6a69c7a9a to remote] DEBUG org.apache.http.wire - http-outgoing-28 << "[read] I/O error: Read timed out"
11:24:17.181 [Forwarding findElement on session 197b6b89e62bca51444c22e6a69c7a9a to remote] DEBUG org.apache.http.impl.conn.DefaultManagedHttpClientConnection - http-outgoing-28: set socket timeout to 10800000
11:24:17.181 [Forwarding findElement on session 197b6b89e62bca51444c22e6a69c7a9a to remote] DEBUG org.apache.http.impl.execchain.MainClientExec - Executing request POST /session/197b6b89e62bca51444c22e6a69c7a9a/element HTTP/1.1
11:24:17.181 [Forwarding findElement on session 197b6b89e62bca51444c22e6a69c7a9a to remote] DEBUG org.apache.http.impl.execchain.MainClientExec - Target auth state: UNCHALLENGED
11:24:17.181 [Forwarding findElement on session 197b6b89e62bca51444c22e6a69c7a9a to remote] DEBUG org.apache.http.impl.execchain.MainClientExec - Proxy auth state: UNCHALLENGED
11:24:17.181 [Forwarding findElement on session 197b6b89e62bca51444c22e6a69c7a9a to remote] DEBUG org.apache.http.headers - http-outgoing-28 >> POST /session/197b6b89e62bca51444c22e6a69c7a9a/element HTTP/1.1
11:24:17.181 [Forwarding findElement on session 197b6b89e62bca51444c22e6a69c7a9a to remote] DEBUG org.apache.http.headers - http-outgoing-28 >> Content-Type: application/json; charset=utf-8
11:24:17.181 [Forwarding findElement on session 197b6b89e62bca51444c22e6a69c7a9a to remote] DEBUG org.apache.http.headers - http-outgoing-28 >> Content-Length: 58
11:24:17.181 [Forwarding findElement on session 197b6b89e62bca51444c22e6a69c7a9a to remote] DEBUG org.apache.http.headers - http-outgoing-28 >> Host: localhost:7185
11:24:17.181 [Forwarding findElement on session 197b6b89e62bca51444c22e6a69c7a9a to remote] DEBUG org.apache.http.headers - http-outgoing-28 >> Connection: Keep-Alive
11:24:17.181 [Forwarding findElement on session 197b6b89e62bca51444c22e6a69c7a9a to remote] DEBUG org.apache.http.headers - http-outgoing-28 >> User-Agent: Apache-HttpClient/4.5.3 (Java/1.8.0_211)
11:24:17.181 [Forwarding findElement on session 197b6b89e62bca51444c22e6a69c7a9a to remote] DEBUG org.apache.http.headers - http-outgoing-28 >> Accept-Encoding: gzip,deflate
11:24:17.181 [Forwarding findElement on session 197b6b89e62bca51444c22e6a69c7a9a to remote] DEBUG org.apache.http.wire - http-outgoing-28 >> "POST /session/197b6b89e62bca51444c22e6a69c7a9a/element HTTP/1.1[\r][\n]"
11:24:17.181 [Forwarding findElement on session 197b6b89e62bca51444c22e6a69c7a9a to remote] DEBUG org.apache.http.wire - http-outgoing-28 >> "Content-Type: application/json; charset=utf-8[\r][\n]"
11:24:17.181 [Forwarding findElement on session 197b6b89e62bca51444c22e6a69c7a9a to remote] DEBUG org.apache.http.wire - http-outgoing-28 >> "Content-Length: 58[\r][\n]"
11:24:17.181 [Forwarding findElement on session 197b6b89e62bca51444c22e6a69c7a9a to remote] DEBUG org.apache.http.wire - http-outgoing-28 >> "Host: localhost:7185[\r][\n]"
11:24:17.181 [Forwarding findElement on session 197b6b89e62bca51444c22e6a69c7a9a to remote] DEBUG org.apache.http.wire - http-outgoing-28 >> "Connection: Keep-Alive[\r][\n]"
11:24:17.181 [Forwarding findElement on session 197b6b89e62bca51444c22e6a69c7a9a to remote] DEBUG org.apache.http.wire - http-outgoing-28 >> "User-Agent: Apache-HttpClient/4.5.3 (Java/1.8.0_211)[\r][\n]"
11:24:17.181 [Forwarding findElement on session 197b6b89e62bca51444c22e6a69c7a9a to remote] DEBUG org.apache.http.wire - http-outgoing-28 >> "Accept-Encoding: gzip,deflate[\r][\n]"
11:24:17.181 [Forwarding findElement on session 197b6b89e62bca51444c22e6a69c7a9a to remote] DEBUG org.apache.http.wire - http-outgoing-28 >> "[\r][\n]"
11:24:17.181 [Forwarding findElement on session 197b6b89e62bca51444c22e6a69c7a9a to remote] DEBUG org.apache.http.wire - http-outgoing-28 >> "{"value":".px-2:nth-child(3) span","using":"css selector"}"
11:24:17.187 [Forwarding findElement on session 197b6b89e62bca51444c22e6a69c7a9a to remote] DEBUG org.apache.http.wire - http-outgoing-28 << "HTTP/1.1 200 OK[\r][\n]"
11:24:17.187 [Forwarding findElement on session 197b6b89e62bca51444c22e6a69c7a9a to remote] DEBUG org.apache.http.wire - http-outgoing-28 << "Content-Length:88[\r][\n]"
11:24:17.187 [Forwarding findElement on session 197b6b89e62bca51444c22e6a69c7a9a to remote] DEBUG org.apache.http.wire - http-outgoing-28 << "Content-Type:application/json; charset=utf-8[\r][\n]"
11:24:17.187 [Forwarding findElement on session 197b6b89e62bca51444c22e6a69c7a9a to remote] DEBUG org.apache.http.wire - http-outgoing-28 << "cache-control:no-cache[\r][\n]"
11:24:17.187 [Forwarding findElement on session 197b6b89e62bca51444c22e6a69c7a9a to remote] DEBUG org.apache.http.wire - http-outgoing-28 << "[\r][\n]"
11:24:17.187 [Forwarding findElement on session 197b6b89e62bca51444c22e6a69c7a9a to remote] DEBUG org.apache.http.wire - http-outgoing-28 << "{"value":{"element-6066-11e4-a52e-4f735466cecf":"51c1c3f9-fcfa-4c79-8a6a-cfb50daeb30a"}}"
11:24:17.187 [Forwarding findElement on session 197b6b89e62bca51444c22e6a69c7a9a to remote] DEBUG org.apache.http.headers - http-outgoing-28 << HTTP/1.1 200 OK
11:24:17.187 [Forwarding findElement on session 197b6b89e62bca51444c22e6a69c7a9a to remote] DEBUG org.apache.http.headers - http-outgoing-28 << Content-Length:88
11:24:17.187 [Forwarding findElement on session 197b6b89e62bca51444c22e6a69c7a9a to remote] DEBUG org.apache.http.headers - http-outgoing-28 << Content-Type:application/json; charset=utf-8
11:24:17.187 [Forwarding findElement on session 197b6b89e62bca51444c22e6a69c7a9a to remote] DEBUG org.apache.http.headers - http-outgoing-28 << cache-control:no-cache
11:24:17.187 [Forwarding findElement on session 197b6b89e62bca51444c22e6a69c7a9a to remote] DEBUG org.apache.http.impl.execchain.MainClientExec - Connection can be kept alive indefinitely
11:24:17.187 [Forwarding findElement on session 197b6b89e62bca51444c22e6a69c7a9a to remote] DEBUG org.apache.http.impl.conn.PoolingHttpClientConnectionManager - Connection [id: 28][route: {}->http://localhost:7185] can be kept alive indefinitely
11:24:17.187 [Forwarding findElement on session 197b6b89e62bca51444c22e6a69c7a9a to remote] DEBUG org.apache.http.impl.conn.PoolingHttpClientConnectionManager - Connection released: [id: 28][route: {}->http://localhost:7185][total kept alive: 29; route allocated: 1 of 2000; total allocated: 29 of 2000]
11:24:17.187 [Forwarding clickElement on session 197b6b89e62bca51444c22e6a69c7a9a to remote] DEBUG org.apache.http.client.protocol.RequestAddCookies - CookieSpec selected: default
11:24:17.187 [Forwarding clickElement on session 197b6b89e62bca51444c22e6a69c7a9a to remote] DEBUG org.apache.http.client.protocol.RequestAuthCache - Auth cache not set in the context
11:24:17.187 [Forwarding clickElement on session 197b6b89e62bca51444c22e6a69c7a9a to remote] DEBUG org.apache.http.impl.conn.PoolingHttpClientConnectionManager - Connection request: [route: {}->http://localhost:7185][total kept alive: 29; route allocated: 1 of 2000; total allocated: 29 of 2000]
11:24:17.187 [Forwarding clickElement on session 197b6b89e62bca51444c22e6a69c7a9a to remote] DEBUG org.apache.http.impl.conn.PoolingHttpClientConnectionManager - Connection leased: [id: 28][route: {}->http://localhost:7185][total kept alive: 28; route allocated: 1 of 2000; total allocated: 29 of 2000]
11:24:17.187 [Forwarding clickElement on session 197b6b89e62bca51444c22e6a69c7a9a to remote] DEBUG org.apache.http.impl.execchain.MainClientExec - Stale connection check
11:24:17.189 [Forwarding clickElement on session 197b6b89e62bca51444c22e6a69c7a9a to remote] DEBUG org.apache.http.wire - http-outgoing-28 << "[read] I/O error: Read timed out"
11:24:17.189 [Forwarding clickElement on session 197b6b89e62bca51444c22e6a69c7a9a to remote] DEBUG org.apache.http.impl.conn.DefaultManagedHttpClientConnection - http-outgoing-28: set socket timeout to 10800000
11:24:17.189 [Forwarding clickElement on session 197b6b89e62bca51444c22e6a69c7a9a to remote] DEBUG org.apache.http.impl.execchain.MainClientExec - Executing request POST /session/197b6b89e62bca51444c22e6a69c7a9a/element/51c1c3f9-fcfa-4c79-8a6a-cfb50daeb30a/click HTTP/1.1
11:24:17.189 [Forwarding clickElement on session 197b6b89e62bca51444c22e6a69c7a9a to remote] DEBUG org.apache.http.impl.execchain.MainClientExec - Target auth state: UNCHALLENGED
11:24:17.189 [Forwarding clickElement on session 197b6b89e62bca51444c22e6a69c7a9a to remote] DEBUG org.apache.http.impl.execchain.MainClientExec - Proxy auth state: UNCHALLENGED
11:24:17.189 [Forwarding clickElement on session 197b6b89e62bca51444c22e6a69c7a9a to remote] DEBUG org.apache.http.headers - http-outgoing-28 >> POST /session/197b6b89e62bca51444c22e6a69c7a9a/element/51c1c3f9-fcfa-4c79-8a6a-cfb50daeb30a/click HTTP/1.1
11:24:17.189 [Forwarding clickElement on session 197b6b89e62bca51444c22e6a69c7a9a to remote] DEBUG org.apache.http.headers - http-outgoing-28 >> Content-Type: application/json; charset=utf-8
11:24:17.189 [Forwarding clickElement on session 197b6b89e62bca51444c22e6a69c7a9a to remote] DEBUG org.apache.http.headers - http-outgoing-28 >> Content-Length: 45
11:24:17.189 [Forwarding clickElement on session 197b6b89e62bca51444c22e6a69c7a9a to remote] DEBUG org.apache.http.headers - http-outgoing-28 >> Host: localhost:7185
11:24:17.189 [Forwarding clickElement on session 197b6b89e62bca51444c22e6a69c7a9a to remote] DEBUG org.apache.http.headers - http-outgoing-28 >> Connection: Keep-Alive
11:24:17.189 [Forwarding clickElement on session 197b6b89e62bca51444c22e6a69c7a9a to remote] DEBUG org.apache.http.headers - http-outgoing-28 >> User-Agent: Apache-HttpClient/4.5.3 (Java/1.8.0_211)
11:24:17.189 [Forwarding clickElement on session 197b6b89e62bca51444c22e6a69c7a9a to remote] DEBUG org.apache.http.headers - http-outgoing-28 >> Accept-Encoding: gzip,deflate
11:24:17.189 [Forwarding clickElement on session 197b6b89e62bca51444c22e6a69c7a9a to remote] DEBUG org.apache.http.wire - http-outgoing-28 >> "POST /session/197b6b89e62bca51444c22e6a69c7a9a/element/51c1c3f9-fcfa-4c79-8a6a-cfb50daeb30a/click HTTP/1.1[\r][\n]"
11:24:17.189 [Forwarding clickElement on session 197b6b89e62bca51444c22e6a69c7a9a to remote] DEBUG org.apache.http.wire - http-outgoing-28 >> "Content-Type: application/json; charset=utf-8[\r][\n]"
11:24:17.189 [Forwarding clickElement on session 197b6b89e62bca51444c22e6a69c7a9a to remote] DEBUG org.apache.http.wire - http-outgoing-28 >> "Content-Length: 45[\r][\n]"
11:24:17.189 [Forwarding clickElement on session 197b6b89e62bca51444c22e6a69c7a9a to remote] DEBUG org.apache.http.wire - http-outgoing-28 >> "Host: localhost:7185[\r][\n]"
11:24:17.189 [Forwarding clickElement on session 197b6b89e62bca51444c22e6a69c7a9a to remote] DEBUG org.apache.http.wire - http-outgoing-28 >> "Connection: Keep-Alive[\r][\n]"
11:24:17.189 [Forwarding clickElement on session 197b6b89e62bca51444c22e6a69c7a9a to remote] DEBUG org.apache.http.wire - http-outgoing-28 >> "User-Agent: Apache-HttpClient/4.5.3 (Java/1.8.0_211)[\r][\n]"
11:24:17.189 [Forwarding clickElement on session 197b6b89e62bca51444c22e6a69c7a9a to remote] DEBUG org.apache.http.wire - http-outgoing-28 >> "Accept-Encoding: gzip,deflate[\r][\n]"
11:24:17.189 [Forwarding clickElement on session 197b6b89e62bca51444c22e6a69c7a9a to remote] DEBUG org.apache.http.wire - http-outgoing-28 >> "[\r][\n]"
11:24:17.189 [Forwarding clickElement on session 197b6b89e62bca51444c22e6a69c7a9a to remote] DEBUG org.apache.http.wire - http-outgoing-28 >> "{"id":"51c1c3f9-fcfa-4c79-8a6a-cfb50daeb30a"}"
11:24:17.255 [Forwarding clickElement on session 197b6b89e62bca51444c22e6a69c7a9a to remote] DEBUG org.apache.http.wire - http-outgoing-28 << "HTTP/1.1 200 OK[\r][\n]"
11:24:17.255 [Forwarding clickElement on session 197b6b89e62bca51444c22e6a69c7a9a to remote] DEBUG org.apache.http.wire - http-outgoing-28 << "Content-Length:14[\r][\n]"
11:24:17.255 [Forwarding clickElement on session 197b6b89e62bca51444c22e6a69c7a9a to remote] DEBUG org.apache.http.wire - http-outgoing-28 << "Content-Type:application/json; charset=utf-8[\r][\n]"
11:24:17.255 [Forwarding clickElement on session 197b6b89e62bca51444c22e6a69c7a9a to remote] DEBUG org.apache.http.wire - http-outgoing-28 << "cache-control:no-cache[\r][\n]"
11:24:17.255 [Forwarding clickElement on session 197b6b89e62bca51444c22e6a69c7a9a to remote] DEBUG org.apache.http.wire - http-outgoing-28 << "[\r][\n]"
11:24:17.255 [Forwarding clickElement on session 197b6b89e62bca51444c22e6a69c7a9a to remote] DEBUG org.apache.http.wire - http-outgoing-28 << "{"value":null}"
11:24:17.255 [Forwarding clickElement on session 197b6b89e62bca51444c22e6a69c7a9a to remote] DEBUG org.apache.http.headers - http-outgoing-28 << HTTP/1.1 200 OK
11:24:17.255 [Forwarding clickElement on session 197b6b89e62bca51444c22e6a69c7a9a to remote] DEBUG org.apache.http.headers - http-outgoing-28 << Content-Length:14
11:24:17.255 [Forwarding clickElement on session 197b6b89e62bca51444c22e6a69c7a9a to remote] DEBUG org.apache.http.headers - http-outgoing-28 << Content-Type:application/json; charset=utf-8
11:24:17.255 [Forwarding clickElement on session 197b6b89e62bca51444c22e6a69c7a9a to remote] DEBUG org.apache.http.headers - http-outgoing-28 << cache-control:no-cache
11:24:17.255 [Forwarding clickElement on session 197b6b89e62bca51444c22e6a69c7a9a to remote] DEBUG org.apache.http.impl.execchain.MainClientExec - Connection can be kept alive indefinitely
11:24:17.256 [Forwarding clickElement on session 197b6b89e62bca51444c22e6a69c7a9a to remote] DEBUG org.apache.http.impl.conn.PoolingHttpClientConnectionManager - Connection [id: 28][route: {}->http://localhost:7185] can be kept alive indefinitely
11:24:17.256 [Forwarding clickElement on session 197b6b89e62bca51444c22e6a69c7a9a to remote] DEBUG org.apache.http.impl.conn.PoolingHttpClientConnectionManager - Connection released: [id: 28][route: {}->http://localhost:7185][total kept alive: 29; route allocated: 1 of 2000; total allocated: 29 of 2000]
11:24:17.256 [Forwarding findElement on session 197b6b89e62bca51444c22e6a69c7a9a to remote] DEBUG org.apache.http.client.protocol.RequestAddCookies - CookieSpec selected: default
11:24:17.256 [Forwarding findElement on session 197b6b89e62bca51444c22e6a69c7a9a to remote] DEBUG org.apache.http.client.protocol.RequestAuthCache - Auth cache not set in the context
11:24:17.256 [Forwarding findElement on session 197b6b89e62bca51444c22e6a69c7a9a to remote] DEBUG org.apache.http.impl.conn.PoolingHttpClientConnectionManager - Connection request: [route: {}->http://localhost:7185][total kept alive: 29; route allocated: 1 of 2000; total allocated: 29 of 2000]
11:24:17.256 [Forwarding findElement on session 197b6b89e62bca51444c22e6a69c7a9a to remote] DEBUG org.apache.http.impl.conn.PoolingHttpClientConnectionManager - Connection leased: [id: 28][route: {}->http://localhost:7185][total kept alive: 28; route allocated: 1 of 2000; total allocated: 29 of 2000]
11:24:17.256 [Forwarding findElement on session 197b6b89e62bca51444c22e6a69c7a9a to remote] DEBUG org.apache.http.impl.execchain.MainClientExec - Stale connection check
11:24:17.257 [Forwarding findElement on session 197b6b89e62bca51444c22e6a69c7a9a to remote] DEBUG org.apache.http.wire - http-outgoing-28 << "[read] I/O error: Read timed out"
11:24:17.257 [Forwarding findElement on session 197b6b89e62bca51444c22e6a69c7a9a to remote] DEBUG org.apache.http.impl.conn.DefaultManagedHttpClientConnection - http-outgoing-28: set socket timeout to 10800000
11:24:17.257 [Forwarding findElement on session 197b6b89e62bca51444c22e6a69c7a9a to remote] DEBUG org.apache.http.impl.execchain.MainClientExec - Executing request POST /session/197b6b89e62bca51444c22e6a69c7a9a/element HTTP/1.1
11:24:17.257 [Forwarding findElement on session 197b6b89e62bca51444c22e6a69c7a9a to remote] DEBUG org.apache.http.impl.execchain.MainClientExec - Target auth state: UNCHALLENGED
11:24:17.257 [Forwarding findElement on session 197b6b89e62bca51444c22e6a69c7a9a to remote] DEBUG org.apache.http.impl.execchain.MainClientExec - Proxy auth state: UNCHALLENGED
11:24:17.257 [Forwarding findElement on session 197b6b89e62bca51444c22e6a69c7a9a to remote] DEBUG org.apache.http.headers - http-outgoing-28 >> POST /session/197b6b89e62bca51444c22e6a69c7a9a/element HTTP/1.1
11:24:17.257 [Forwarding findElement on session 197b6b89e62bca51444c22e6a69c7a9a to remote] DEBUG org.apache.http.headers - http-outgoing-28 >> Content-Type: application/json; charset=utf-8
11:24:17.257 [Forwarding findElement on session 197b6b89e62bca51444c22e6a69c7a9a to remote] DEBUG org.apache.http.headers - http-outgoing-28 >> Content-Length: 61
11:24:17.257 [Forwarding findElement on session 197b6b89e62bca51444c22e6a69c7a9a to remote] DEBUG org.apache.http.headers - http-outgoing-28 >> Host: localhost:7185
11:24:17.257 [Forwarding findElement on session 197b6b89e62bca51444c22e6a69c7a9a to remote] DEBUG org.apache.http.headers - http-outgoing-28 >> Connection: Keep-Alive
11:24:17.257 [Forwarding findElement on session 197b6b89e62bca51444c22e6a69c7a9a to remote] DEBUG org.apache.http.headers - http-outgoing-28 >> User-Agent: Apache-HttpClient/4.5.3 (Java/1.8.0_211)
11:24:17.257 [Forwarding findElement on session 197b6b89e62bca51444c22e6a69c7a9a to remote] DEBUG org.apache.http.headers - http-outgoing-28 >> Accept-Encoding: gzip,deflate
11:24:17.257 [Forwarding findElement on session 197b6b89e62bca51444c22e6a69c7a9a to remote] DEBUG org.apache.http.wire - http-outgoing-28 >> "POST /session/197b6b89e62bca51444c22e6a69c7a9a/element HTTP/1.1[\r][\n]"
11:24:17.257 [Forwarding findElement on session 197b6b89e62bca51444c22e6a69c7a9a to remote] DEBUG org.apache.http.wire - http-outgoing-28 >> "Content-Type: application/json; charset=utf-8[\r][\n]"
11:24:17.257 [Forwarding findElement on session 197b6b89e62bca51444c22e6a69c7a9a to remote] DEBUG org.apache.http.wire - http-outgoing-28 >> "Content-Length: 61[\r][\n]"
11:24:17.257 [Forwarding findElement on session 197b6b89e62bca51444c22e6a69c7a9a to remote] DEBUG org.apache.http.wire - http-outgoing-28 >> "Host: localhost:7185[\r][\n]"
11:24:17.257 [Forwarding findElement on session 197b6b89e62bca51444c22e6a69c7a9a to remote] DEBUG org.apache.http.wire - http-outgoing-28 >> "Connection: Keep-Alive[\r][\n]"
11:24:17.257 [Forwarding findElement on session 197b6b89e62bca51444c22e6a69c7a9a to remote] DEBUG org.apache.http.wire - http-outgoing-28 >> "User-Agent: Apache-HttpClient/4.5.3 (Java/1.8.0_211)[\r][\n]"
11:24:17.257 [Forwarding findElement on session 197b6b89e62bca51444c22e6a69c7a9a to remote] DEBUG org.apache.http.wire - http-outgoing-28 >> "Accept-Encoding: gzip,deflate[\r][\n]"
11:24:17.257 [Forwarding findElement on session 197b6b89e62bca51444c22e6a69c7a9a to remote] DEBUG org.apache.http.wire - http-outgoing-28 >> "[\r][\n]"
11:24:17.257 [Forwarding findElement on session 197b6b89e62bca51444c22e6a69c7a9a to remote] DEBUG org.apache.http.wire - http-outgoing-28 >> "{"value":".form-control:nth-child(2)","using":"css selector"}"
11:24:17.263 [Forwarding findElement on session 197b6b89e62bca51444c22e6a69c7a9a to remote] DEBUG org.apache.http.wire - http-outgoing-28 << "HTTP/1.1 200 OK[\r][\n]"
11:24:17.263 [Forwarding findElement on session 197b6b89e62bca51444c22e6a69c7a9a to remote] DEBUG org.apache.http.wire - http-outgoing-28 << "Content-Length:88[\r][\n]"
11:24:17.263 [Forwarding findElement on session 197b6b89e62bca51444c22e6a69c7a9a to remote] DEBUG org.apache.http.wire - http-outgoing-28 << "Content-Type:application/json; charset=utf-8[\r][\n]"
11:24:17.263 [Forwarding findElement on session 197b6b89e62bca51444c22e6a69c7a9a to remote] DEBUG org.apache.http.wire - http-outgoing-28 << "cache-control:no-cache[\r][\n]"
11:24:17.263 [Forwarding findElement on session 197b6b89e62bca51444c22e6a69c7a9a to remote] DEBUG org.apache.http.wire - http-outgoing-28 << "[\r][\n]"
11:24:17.263 [Forwarding findElement on session 197b6b89e62bca51444c22e6a69c7a9a to remote] DEBUG org.apache.http.wire - http-outgoing-28 << "{"value":{"element-6066-11e4-a52e-4f735466cecf":"2b39ca24-88e0-4f49-8c3f-1038ccfa527b"}}"
11:24:17.263 [Forwarding findElement on session 197b6b89e62bca51444c22e6a69c7a9a to remote] DEBUG org.apache.http.headers - http-outgoing-28 << HTTP/1.1 200 OK
11:24:17.263 [Forwarding findElement on session 197b6b89e62bca51444c22e6a69c7a9a to remote] DEBUG org.apache.http.headers - http-outgoing-28 << Content-Length:88
11:24:17.263 [Forwarding findElement on session 197b6b89e62bca51444c22e6a69c7a9a to remote] DEBUG org.apache.http.headers - http-outgoing-28 << Content-Type:application/json; charset=utf-8
11:24:17.263 [Forwarding findElement on session 197b6b89e62bca51444c22e6a69c7a9a to remote] DEBUG org.apache.http.headers - http-outgoing-28 << cache-control:no-cache
11:24:17.263 [Forwarding findElement on session 197b6b89e62bca51444c22e6a69c7a9a to remote] DEBUG org.apache.http.impl.execchain.MainClientExec - Connection can be kept alive indefinitely
11:24:17.263 [Forwarding findElement on session 197b6b89e62bca51444c22e6a69c7a9a to remote] DEBUG org.apache.http.impl.conn.PoolingHttpClientConnectionManager - Connection [id: 28][route: {}->http://localhost:7185] can be kept alive indefinitely
11:24:17.263 [Forwarding findElement on session 197b6b89e62bca51444c22e6a69c7a9a to remote] DEBUG org.apache.http.impl.conn.PoolingHttpClientConnectionManager - Connection released: [id: 28][route: {}->http://localhost:7185][total kept alive: 29; route allocated: 1 of 2000; total allocated: 29 of 2000]
11:24:17.264 [Forwarding clickElement on session 197b6b89e62bca51444c22e6a69c7a9a to remote] DEBUG org.apache.http.client.protocol.RequestAddCookies - CookieSpec selected: default
11:24:17.264 [Forwarding clickElement on session 197b6b89e62bca51444c22e6a69c7a9a to remote] DEBUG org.apache.http.client.protocol.RequestAuthCache - Auth cache not set in the context
11:24:17.264 [Forwarding clickElement on session 197b6b89e62bca51444c22e6a69c7a9a to remote] DEBUG org.apache.http.impl.conn.PoolingHttpClientConnectionManager - Connection request: [route: {}->http://localhost:7185][total kept alive: 29; route allocated: 1 of 2000; total allocated: 29 of 2000]
11:24:17.264 [Forwarding clickElement on session 197b6b89e62bca51444c22e6a69c7a9a to remote] DEBUG org.apache.http.impl.conn.PoolingHttpClientConnectionManager - Connection leased: [id: 28][route: {}->http://localhost:7185][total kept alive: 28; route allocated: 1 of 2000; total allocated: 29 of 2000]
11:24:17.264 [Forwarding clickElement on session 197b6b89e62bca51444c22e6a69c7a9a to remote] DEBUG org.apache.http.impl.execchain.MainClientExec - Stale connection check
11:24:17.265 [Forwarding clickElement on session 197b6b89e62bca51444c22e6a69c7a9a to remote] DEBUG org.apache.http.wire - http-outgoing-28 << "[read] I/O error: Read timed out"
11:24:17.265 [Forwarding clickElement on session 197b6b89e62bca51444c22e6a69c7a9a to remote] DEBUG org.apache.http.impl.conn.DefaultManagedHttpClientConnection - http-outgoing-28: set socket timeout to 10800000
11:24:17.265 [Forwarding clickElement on session 197b6b89e62bca51444c22e6a69c7a9a to remote] DEBUG org.apache.http.impl.execchain.MainClientExec - Executing request POST /session/197b6b89e62bca51444c22e6a69c7a9a/element/2b39ca24-88e0-4f49-8c3f-1038ccfa527b/click HTTP/1.1
11:24:17.265 [Forwarding clickElement on session 197b6b89e62bca51444c22e6a69c7a9a to remote] DEBUG org.apache.http.impl.execchain.MainClientExec - Target auth state: UNCHALLENGED
11:24:17.265 [Forwarding clickElement on session 197b6b89e62bca51444c22e6a69c7a9a to remote] DEBUG org.apache.http.impl.execchain.MainClientExec - Proxy auth state: UNCHALLENGED
11:24:17.265 [Forwarding clickElement on session 197b6b89e62bca51444c22e6a69c7a9a to remote] DEBUG org.apache.http.headers - http-outgoing-28 >> POST /session/197b6b89e62bca51444c22e6a69c7a9a/element/2b39ca24-88e0-4f49-8c3f-1038ccfa527b/click HTTP/1.1
11:24:17.265 [Forwarding clickElement on session 197b6b89e62bca51444c22e6a69c7a9a to remote] DEBUG org.apache.http.headers - http-outgoing-28 >> Content-Type: application/json; charset=utf-8
11:24:17.265 [Forwarding clickElement on session 197b6b89e62bca51444c22e6a69c7a9a to remote] DEBUG org.apache.http.headers - http-outgoing-28 >> Content-Length: 45
11:24:17.265 [Forwarding clickElement on session 197b6b89e62bca51444c22e6a69c7a9a to remote] DEBUG org.apache.http.headers - http-outgoing-28 >> Host: localhost:7185
11:24:17.265 [Forwarding clickElement on session 197b6b89e62bca51444c22e6a69c7a9a to remote] DEBUG org.apache.http.headers - http-outgoing-28 >> Connection: Keep-Alive
11:24:17.265 [Forwarding clickElement on session 197b6b89e62bca51444c22e6a69c7a9a to remote] DEBUG org.apache.http.headers - http-outgoing-28 >> User-Agent: Apache-HttpClient/4.5.3 (Java/1.8.0_211)
11:24:17.265 [Forwarding clickElement on session 197b6b89e62bca51444c22e6a69c7a9a to remote] DEBUG org.apache.http.headers - http-outgoing-28 >> Accept-Encoding: gzip,deflate
11:24:17.265 [Forwarding clickElement on session 197b6b89e62bca51444c22e6a69c7a9a to remote] DEBUG org.apache.http.wire - http-outgoing-28 >> "POST /session/197b6b89e62bca51444c22e6a69c7a9a/element/2b39ca24-88e0-4f49-8c3f-1038ccfa527b/click HTTP/1.1[\r][\n]"
11:24:17.265 [Forwarding clickElement on session 197b6b89e62bca51444c22e6a69c7a9a to remote] DEBUG org.apache.http.wire - http-outgoing-28 >> "Content-Type: application/json; charset=utf-8[\r][\n]"
11:24:17.265 [Forwarding clickElement on session 197b6b89e62bca51444c22e6a69c7a9a to remote] DEBUG org.apache.http.wire - http-outgoing-28 >> "Content-Length: 45[\r][\n]"
11:24:17.265 [Forwarding clickElement on session 197b6b89e62bca51444c22e6a69c7a9a to remote] DEBUG org.apache.http.wire - http-outgoing-28 >> "Host: localhost:7185[\r][\n]"
11:24:17.265 [Forwarding clickElement on session 197b6b89e62bca51444c22e6a69c7a9a to remote] DEBUG org.apache.http.wire - http-outgoing-28 >> "Connection: Keep-Alive[\r][\n]"
11:24:17.265 [Forwarding clickElement on session 197b6b89e62bca51444c22e6a69c7a9a to remote] DEBUG org.apache.http.wire - http-outgoing-28 >> "User-Agent: Apache-HttpClient/4.5.3 (Java/1.8.0_211)[\r][\n]"
11:24:17.265 [Forwarding clickElement on session 197b6b89e62bca51444c22e6a69c7a9a to remote] DEBUG org.apache.http.wire - http-outgoing-28 >> "Accept-Encoding: gzip,deflate[\r][\n]"
11:24:17.265 [Forwarding clickElement on session 197b6b89e62bca51444c22e6a69c7a9a to remote] DEBUG org.apache.http.wire - http-outgoing-28 >> "[\r][\n]"
11:24:17.265 [Forwarding clickElement on session 197b6b89e62bca51444c22e6a69c7a9a to remote] DEBUG org.apache.http.wire - http-outgoing-28 >> "{"id":"2b39ca24-88e0-4f49-8c3f-1038ccfa527b"}"
11:24:17.296 [Forwarding clickElement on session 197b6b89e62bca51444c22e6a69c7a9a to remote] DEBUG org.apache.http.wire - http-outgoing-28 << "HTTP/1.1 200 OK[\r][\n]"
11:24:17.296 [Forwarding clickElement on session 197b6b89e62bca51444c22e6a69c7a9a to remote] DEBUG org.apache.http.wire - http-outgoing-28 << "Content-Length:14[\r][\n]"
11:24:17.296 [Forwarding clickElement on session 197b6b89e62bca51444c22e6a69c7a9a to remote] DEBUG org.apache.http.wire - http-outgoing-28 << "Content-Type:application/json; charset=utf-8[\r][\n]"
11:24:17.296 [Forwarding clickElement on session 197b6b89e62bca51444c22e6a69c7a9a to remote] DEBUG org.apache.http.wire - http-outgoing-28 << "cache-control:no-cache[\r][\n]"
11:24:17.296 [Forwarding clickElement on session 197b6b89e62bca51444c22e6a69c7a9a to remote] DEBUG org.apache.http.wire - http-outgoing-28 << "[\r][\n]"
11:24:17.296 [Forwarding clickElement on session 197b6b89e62bca51444c22e6a69c7a9a to remote] DEBUG org.apache.http.wire - http-outgoing-28 << "{"value":null}"
11:24:17.296 [Forwarding clickElement on session 197b6b89e62bca51444c22e6a69c7a9a to remote] DEBUG org.apache.http.headers - http-outgoing-28 << HTTP/1.1 200 OK
11:24:17.296 [Forwarding clickElement on session 197b6b89e62bca51444c22e6a69c7a9a to remote] DEBUG org.apache.http.headers - http-outgoing-28 << Content-Length:14
11:24:17.296 [Forwarding clickElement on session 197b6b89e62bca51444c22e6a69c7a9a to remote] DEBUG org.apache.http.headers - http-outgoing-28 << Content-Type:application/json; charset=utf-8
11:24:17.296 [Forwarding clickElement on session 197b6b89e62bca51444c22e6a69c7a9a to remote] DEBUG org.apache.http.headers - http-outgoing-28 << cache-control:no-cache
11:24:17.296 [Forwarding clickElement on session 197b6b89e62bca51444c22e6a69c7a9a to remote] DEBUG org.apache.http.impl.execchain.MainClientExec - Connection can be kept alive indefinitely
11:24:17.296 [Forwarding clickElement on session 197b6b89e62bca51444c22e6a69c7a9a to remote] DEBUG org.apache.http.impl.conn.PoolingHttpClientConnectionManager - Connection [id: 28][route: {}->http://localhost:7185] can be kept alive indefinitely
11:24:17.296 [Forwarding clickElement on session 197b6b89e62bca51444c22e6a69c7a9a to remote] DEBUG org.apache.http.impl.conn.PoolingHttpClientConnectionManager - Connection released: [id: 28][route: {}->http://localhost:7185][total kept alive: 29; route allocated: 1 of 2000; total allocated: 29 of 2000]
11:24:17.297 [Forwarding findElement on session 197b6b89e62bca51444c22e6a69c7a9a to remote] DEBUG org.apache.http.client.protocol.RequestAddCookies - CookieSpec selected: default
11:24:17.297 [Forwarding findElement on session 197b6b89e62bca51444c22e6a69c7a9a to remote] DEBUG org.apache.http.client.protocol.RequestAuthCache - Auth cache not set in the context
11:24:17.297 [Forwarding findElement on session 197b6b89e62bca51444c22e6a69c7a9a to remote] DEBUG org.apache.http.impl.conn.PoolingHttpClientConnectionManager - Connection request: [route: {}->http://localhost:7185][total kept alive: 29; route allocated: 1 of 2000; total allocated: 29 of 2000]
11:24:17.297 [Forwarding findElement on session 197b6b89e62bca51444c22e6a69c7a9a to remote] DEBUG org.apache.http.impl.conn.PoolingHttpClientConnectionManager - Connection leased: [id: 28][route: {}->http://localhost:7185][total kept alive: 28; route allocated: 1 of 2000; total allocated: 29 of 2000]
11:24:17.297 [Forwarding findElement on session 197b6b89e62bca51444c22e6a69c7a9a to remote] DEBUG org.apache.http.impl.execchain.MainClientExec - Stale connection check
11:24:17.298 [Forwarding findElement on session 197b6b89e62bca51444c22e6a69c7a9a to remote] DEBUG org.apache.http.wire - http-outgoing-28 << "[read] I/O error: Read timed out"
11:24:17.298 [Forwarding findElement on session 197b6b89e62bca51444c22e6a69c7a9a to remote] DEBUG org.apache.http.impl.conn.DefaultManagedHttpClientConnection - http-outgoing-28: set socket timeout to 10800000
11:24:17.298 [Forwarding findElement on session 197b6b89e62bca51444c22e6a69c7a9a to remote] DEBUG org.apache.http.impl.execchain.MainClientExec - Executing request POST /session/197b6b89e62bca51444c22e6a69c7a9a/element HTTP/1.1
11:24:17.298 [Forwarding findElement on session 197b6b89e62bca51444c22e6a69c7a9a to remote] DEBUG org.apache.http.impl.execchain.MainClientExec - Target auth state: UNCHALLENGED
11:24:17.298 [Forwarding findElement on session 197b6b89e62bca51444c22e6a69c7a9a to remote] DEBUG org.apache.http.impl.execchain.MainClientExec - Proxy auth state: UNCHALLENGED
11:24:17.298 [Forwarding findElement on session 197b6b89e62bca51444c22e6a69c7a9a to remote] DEBUG org.apache.http.headers - http-outgoing-28 >> POST /session/197b6b89e62bca51444c22e6a69c7a9a/element HTTP/1.1
11:24:17.298 [Forwarding findElement on session 197b6b89e62bca51444c22e6a69c7a9a to remote] DEBUG org.apache.http.headers - http-outgoing-28 >> Content-Type: application/json; charset=utf-8
11:24:17.298 [Forwarding findElement on session 197b6b89e62bca51444c22e6a69c7a9a to remote] DEBUG org.apache.http.headers - http-outgoing-28 >> Content-Length: 61
11:24:17.298 [Forwarding findElement on session 197b6b89e62bca51444c22e6a69c7a9a to remote] DEBUG org.apache.http.headers - http-outgoing-28 >> Host: localhost:7185
11:24:17.298 [Forwarding findElement on session 197b6b89e62bca51444c22e6a69c7a9a to remote] DEBUG org.apache.http.headers - http-outgoing-28 >> Connection: Keep-Alive
11:24:17.298 [Forwarding findElement on session 197b6b89e62bca51444c22e6a69c7a9a to remote] DEBUG org.apache.http.headers - http-outgoing-28 >> User-Agent: Apache-HttpClient/4.5.3 (Java/1.8.0_211)
11:24:17.298 [Forwarding findElement on session 197b6b89e62bca51444c22e6a69c7a9a to remote] DEBUG org.apache.http.headers - http-outgoing-28 >> Accept-Encoding: gzip,deflate
11:24:17.298 [Forwarding findElement on session 197b6b89e62bca51444c22e6a69c7a9a to remote] DEBUG org.apache.http.wire - http-outgoing-28 >> "POST /session/197b6b89e62bca51444c22e6a69c7a9a/element HTTP/1.1[\r][\n]"
11:24:17.298 [Forwarding findElement on session 197b6b89e62bca51444c22e6a69c7a9a to remote] DEBUG org.apache.http.wire - http-outgoing-28 >> "Content-Type: application/json; charset=utf-8[\r][\n]"
11:24:17.298 [Forwarding findElement on session 197b6b89e62bca51444c22e6a69c7a9a to remote] DEBUG org.apache.http.wire - http-outgoing-28 >> "Content-Length: 61[\r][\n]"
11:24:17.298 [Forwarding findElement on session 197b6b89e62bca51444c22e6a69c7a9a to remote] DEBUG org.apache.http.wire - http-outgoing-28 >> "Host: localhost:7185[\r][\n]"
11:24:17.298 [Forwarding findElement on session 197b6b89e62bca51444c22e6a69c7a9a to remote] DEBUG org.apache.http.wire - http-outgoing-28 >> "Connection: Keep-Alive[\r][\n]"
11:24:17.298 [Forwarding findElement on session 197b6b89e62bca51444c22e6a69c7a9a to remote] DEBUG org.apache.http.wire - http-outgoing-28 >> "User-Agent: Apache-HttpClient/4.5.3 (Java/1.8.0_211)[\r][\n]"
11:24:17.298 [Forwarding findElement on session 197b6b89e62bca51444c22e6a69c7a9a to remote] DEBUG org.apache.http.wire - http-outgoing-28 >> "Accept-Encoding: gzip,deflate[\r][\n]"
11:24:17.298 [Forwarding findElement on session 197b6b89e62bca51444c22e6a69c7a9a to remote] DEBUG org.apache.http.wire - http-outgoing-28 >> "[\r][\n]"
11:24:17.298 [Forwarding findElement on session 197b6b89e62bca51444c22e6a69c7a9a to remote] DEBUG org.apache.http.wire - http-outgoing-28 >> "{"value":".form-control:nth-child(2)","using":"css selector"}"
11:24:17.301 [Forwarding findElement on session 197b6b89e62bca51444c22e6a69c7a9a to remote] DEBUG org.apache.http.wire - http-outgoing-28 << "HTTP/1.1 200 OK[\r][\n]"
11:24:17.301 [Forwarding findElement on session 197b6b89e62bca51444c22e6a69c7a9a to remote] DEBUG org.apache.http.wire - http-outgoing-28 << "Content-Length:88[\r][\n]"
11:24:17.301 [Forwarding findElement on session 197b6b89e62bca51444c22e6a69c7a9a to remote] DEBUG org.apache.http.wire - http-outgoing-28 << "Content-Type:application/json; charset=utf-8[\r][\n]"
11:24:17.301 [Forwarding findElement on session 197b6b89e62bca51444c22e6a69c7a9a to remote] DEBUG org.apache.http.wire - http-outgoing-28 << "cache-control:no-cache[\r][\n]"
11:24:17.301 [Forwarding findElement on session 197b6b89e62bca51444c22e6a69c7a9a to remote] DEBUG org.apache.http.wire - http-outgoing-28 << "[\r][\n]"
11:24:17.301 [Forwarding findElement on session 197b6b89e62bca51444c22e6a69c7a9a to remote] DEBUG org.apache.http.wire - http-outgoing-28 << "{"value":{"element-6066-11e4-a52e-4f735466cecf":"2b39ca24-88e0-4f49-8c3f-1038ccfa527b"}}"
11:24:17.301 [Forwarding findElement on session 197b6b89e62bca51444c22e6a69c7a9a to remote] DEBUG org.apache.http.headers - http-outgoing-28 << HTTP/1.1 200 OK
11:24:17.301 [Forwarding findElement on session 197b6b89e62bca51444c22e6a69c7a9a to remote] DEBUG org.apache.http.headers - http-outgoing-28 << Content-Length:88
11:24:17.301 [Forwarding findElement on session 197b6b89e62bca51444c22e6a69c7a9a to remote] DEBUG org.apache.http.headers - http-outgoing-28 << Content-Type:application/json; charset=utf-8
11:24:17.301 [Forwarding findElement on session 197b6b89e62bca51444c22e6a69c7a9a to remote] DEBUG org.apache.http.headers - http-outgoing-28 << cache-control:no-cache
11:24:17.301 [Forwarding findElement on session 197b6b89e62bca51444c22e6a69c7a9a to remote] DEBUG org.apache.http.impl.execchain.MainClientExec - Connection can be kept alive indefinitely
11:24:17.301 [Forwarding findElement on session 197b6b89e62bca51444c22e6a69c7a9a to remote] DEBUG org.apache.http.impl.conn.PoolingHttpClientConnectionManager - Connection [id: 28][route: {}->http://localhost:7185] can be kept alive indefinitely
11:24:17.301 [Forwarding findElement on session 197b6b89e62bca51444c22e6a69c7a9a to remote] DEBUG org.apache.http.impl.conn.PoolingHttpClientConnectionManager - Connection released: [id: 28][route: {}->http://localhost:7185][total kept alive: 29; route allocated: 1 of 2000; total allocated: 29 of 2000]
11:24:17.301 [Forwarding sendKeysToElement on session 197b6b89e62bca51444c22e6a69c7a9a to remote] DEBUG org.apache.http.client.protocol.RequestAddCookies - CookieSpec selected: default
11:24:17.301 [Forwarding sendKeysToElement on session 197b6b89e62bca51444c22e6a69c7a9a to remote] DEBUG org.apache.http.client.protocol.RequestAuthCache - Auth cache not set in the context
11:24:17.301 [Forwarding sendKeysToElement on session 197b6b89e62bca51444c22e6a69c7a9a to remote] DEBUG org.apache.http.impl.conn.PoolingHttpClientConnectionManager - Connection request: [route: {}->http://localhost:7185][total kept alive: 29; route allocated: 1 of 2000; total allocated: 29 of 2000]
11:24:17.301 [Forwarding sendKeysToElement on session 197b6b89e62bca51444c22e6a69c7a9a to remote] DEBUG org.apache.http.impl.conn.PoolingHttpClientConnectionManager - Connection leased: [id: 28][route: {}->http://localhost:7185][total kept alive: 28; route allocated: 1 of 2000; total allocated: 29 of 2000]
11:24:17.301 [Forwarding sendKeysToElement on session 197b6b89e62bca51444c22e6a69c7a9a to remote] DEBUG org.apache.http.impl.execchain.MainClientExec - Stale connection check
11:24:17.303 [Forwarding sendKeysToElement on session 197b6b89e62bca51444c22e6a69c7a9a to remote] DEBUG org.apache.http.wire - http-outgoing-28 << "[read] I/O error: Read timed out"
11:24:17.303 [Forwarding sendKeysToElement on session 197b6b89e62bca51444c22e6a69c7a9a to remote] DEBUG org.apache.http.impl.conn.DefaultManagedHttpClientConnection - http-outgoing-28: set socket timeout to 10800000
11:24:17.303 [Forwarding sendKeysToElement on session 197b6b89e62bca51444c22e6a69c7a9a to remote] DEBUG org.apache.http.impl.execchain.MainClientExec - Executing request POST /session/197b6b89e62bca51444c22e6a69c7a9a/element/2b39ca24-88e0-4f49-8c3f-1038ccfa527b/value HTTP/1.1
11:24:17.303 [Forwarding sendKeysToElement on session 197b6b89e62bca51444c22e6a69c7a9a to remote] DEBUG org.apache.http.impl.execchain.MainClientExec - Target auth state: UNCHALLENGED
11:24:17.303 [Forwarding sendKeysToElement on session 197b6b89e62bca51444c22e6a69c7a9a to remote] DEBUG org.apache.http.impl.execchain.MainClientExec - Proxy auth state: UNCHALLENGED
11:24:17.303 [Forwarding sendKeysToElement on session 197b6b89e62bca51444c22e6a69c7a9a to remote] DEBUG org.apache.http.headers - http-outgoing-28 >> POST /session/197b6b89e62bca51444c22e6a69c7a9a/element/2b39ca24-88e0-4f49-8c3f-1038ccfa527b/value HTTP/1.1
11:24:17.303 [Forwarding sendKeysToElement on session 197b6b89e62bca51444c22e6a69c7a9a to remote] DEBUG org.apache.http.headers - http-outgoing-28 >> Content-Type: application/json; charset=utf-8
11:24:17.303 [Forwarding sendKeysToElement on session 197b6b89e62bca51444c22e6a69c7a9a to remote] DEBUG org.apache.http.headers - http-outgoing-28 >> Content-Length: 385
11:24:17.303 [Forwarding sendKeysToElement on session 197b6b89e62bca51444c22e6a69c7a9a to remote] DEBUG org.apache.http.headers - http-outgoing-28 >> Host: localhost:7185
11:24:17.303 [Forwarding sendKeysToElement on session 197b6b89e62bca51444c22e6a69c7a9a to remote] DEBUG org.apache.http.headers - http-outgoing-28 >> Connection: Keep-Alive
11:24:17.303 [Forwarding sendKeysToElement on session 197b6b89e62bca51444c22e6a69c7a9a to remote] DEBUG org.apache.http.headers - http-outgoing-28 >> User-Agent: Apache-HttpClient/4.5.3 (Java/1.8.0_211)
11:24:17.303 [Forwarding sendKeysToElement on session 197b6b89e62bca51444c22e6a69c7a9a to remote] DEBUG org.apache.http.headers - http-outgoing-28 >> Accept-Encoding: gzip,deflate
11:24:17.303 [Forwarding sendKeysToElement on session 197b6b89e62bca51444c22e6a69c7a9a to remote] DEBUG org.apache.http.wire - http-outgoing-28 >> "POST /session/197b6b89e62bca51444c22e6a69c7a9a/element/2b39ca24-88e0-4f49-8c3f-1038ccfa527b/value HTTP/1.1[\r][\n]"
11:24:17.303 [Forwarding sendKeysToElement on session 197b6b89e62bca51444c22e6a69c7a9a to remote] DEBUG org.apache.http.wire - http-outgoing-28 >> "Content-Type: application/json; charset=utf-8[\r][\n]"
11:24:17.303 [Forwarding sendKeysToElement on session 197b6b89e62bca51444c22e6a69c7a9a to remote] DEBUG org.apache.http.wire - http-outgoing-28 >> "Content-Length: 385[\r][\n]"
11:24:17.303 [Forwarding sendKeysToElement on session 197b6b89e62bca51444c22e6a69c7a9a to remote] DEBUG org.apache.http.wire - http-outgoing-28 >> "Host: localhost:7185[\r][\n]"
11:24:17.303 [Forwarding sendKeysToElement on session 197b6b89e62bca51444c22e6a69c7a9a to remote] DEBUG org.apache.http.wire - http-outgoing-28 >> "Connection: Keep-Alive[\r][\n]"
11:24:17.303 [Forwarding sendKeysToElement on session 197b6b89e62bca51444c22e6a69c7a9a to remote] DEBUG org.apache.http.wire - http-outgoing-28 >> "User-Agent: Apache-HttpClient/4.5.3 (Java/1.8.0_211)[\r][\n]"
11:24:17.303 [Forwarding sendKeysToElement on session 197b6b89e62bca51444c22e6a69c7a9a to remote] DEBUG org.apache.http.wire - http-outgoing-28 >> "Accept-Encoding: gzip,deflate[\r][\n]"
11:24:17.303 [Forwarding sendKeysToElement on session 197b6b89e62bca51444c22e6a69c7a9a to remote] DEBUG org.apache.http.wire - http-outgoing-28 >> "[\r][\n]"
11:24:17.303 [Forwarding sendKeysToElement on session 197b6b89e62bca51444c22e6a69c7a9a to remote] DEBUG org.apache.http.wire - http-outgoing-28 >> "{"id":"2b39ca24-88e0-4f49-8c3f-1038ccfa527b","text":"de164ddc64b1783c3ebced73b32c479b3daa203cf323bd738a9ecfc4674d6017","value":["d","e","1","6","4","d","d","c","6","4","b","1","7","8","3","c","3","e","b","c","e","d","7","3","b","3","2","c","4","7","9","b","3","d","a","a","2","0","3","c","f","3","2","3","b","d","7","3","8","a","9","e","c","f","c","4","6","7","4","d","6","0","1","7"]}"
11:24:17.701 [Forwarding sendKeysToElement on session 197b6b89e62bca51444c22e6a69c7a9a to remote] DEBUG org.apache.http.wire - http-outgoing-28 << "HTTP/1.1 200 OK[\r][\n]"
11:24:17.701 [Forwarding sendKeysToElement on session 197b6b89e62bca51444c22e6a69c7a9a to remote] DEBUG org.apache.http.wire - http-outgoing-28 << "Content-Length:14[\r][\n]"
11:24:17.701 [Forwarding sendKeysToElement on session 197b6b89e62bca51444c22e6a69c7a9a to remote] DEBUG org.apache.http.wire - http-outgoing-28 << "Content-Type:application/json; charset=utf-8[\r][\n]"
11:24:17.701 [Forwarding sendKeysToElement on session 197b6b89e62bca51444c22e6a69c7a9a to remote] DEBUG org.apache.http.wire - http-outgoing-28 << "cache-control:no-cache[\r][\n]"
11:24:17.701 [Forwarding sendKeysToElement on session 197b6b89e62bca51444c22e6a69c7a9a to remote] DEBUG org.apache.http.wire - http-outgoing-28 << "[\r][\n]"
11:24:17.701 [Forwarding sendKeysToElement on session 197b6b89e62bca51444c22e6a69c7a9a to remote] DEBUG org.apache.http.wire - http-outgoing-28 << "{"value":null}"
11:24:17.701 [Forwarding sendKeysToElement on session 197b6b89e62bca51444c22e6a69c7a9a to remote] DEBUG org.apache.http.headers - http-outgoing-28 << HTTP/1.1 200 OK
11:24:17.701 [Forwarding sendKeysToElement on session 197b6b89e62bca51444c22e6a69c7a9a to remote] DEBUG org.apache.http.headers - http-outgoing-28 << Content-Length:14
11:24:17.701 [Forwarding sendKeysToElement on session 197b6b89e62bca51444c22e6a69c7a9a to remote] DEBUG org.apache.http.headers - http-outgoing-28 << Content-Type:application/json; charset=utf-8
11:24:17.701 [Forwarding sendKeysToElement on session 197b6b89e62bca51444c22e6a69c7a9a to remote] DEBUG org.apache.http.headers - http-outgoing-28 << cache-control:no-cache
11:24:17.701 [Forwarding sendKeysToElement on session 197b6b89e62bca51444c22e6a69c7a9a to remote] DEBUG org.apache.http.impl.execchain.MainClientExec - Connection can be kept alive indefinitely
11:24:17.701 [Forwarding sendKeysToElement on session 197b6b89e62bca51444c22e6a69c7a9a to remote] DEBUG org.apache.http.impl.conn.PoolingHttpClientConnectionManager - Connection [id: 28][route: {}->http://localhost:7185] can be kept alive indefinitely
11:24:17.702 [Forwarding sendKeysToElement on session 197b6b89e62bca51444c22e6a69c7a9a to remote] DEBUG org.apache.http.impl.conn.PoolingHttpClientConnectionManager - Connection released: [id: 28][route: {}->http://localhost:7185][total kept alive: 29; route allocated: 1 of 2000; total allocated: 29 of 2000]
11:24:17.702 [Forwarding findElement on session 197b6b89e62bca51444c22e6a69c7a9a to remote] DEBUG org.apache.http.client.protocol.RequestAddCookies - CookieSpec selected: default
11:24:17.702 [Forwarding findElement on session 197b6b89e62bca51444c22e6a69c7a9a to remote] DEBUG org.apache.http.client.protocol.RequestAuthCache - Auth cache not set in the context
11:24:17.702 [Forwarding findElement on session 197b6b89e62bca51444c22e6a69c7a9a to remote] DEBUG org.apache.http.impl.conn.PoolingHttpClientConnectionManager - Connection request: [route: {}->http://localhost:7185][total kept alive: 29; route allocated: 1 of 2000; total allocated: 29 of 2000]
11:24:17.702 [Forwarding findElement on session 197b6b89e62bca51444c22e6a69c7a9a to remote] DEBUG org.apache.http.impl.conn.PoolingHttpClientConnectionManager - Connection leased: [id: 28][route: {}->http://localhost:7185][total kept alive: 28; route allocated: 1 of 2000; total allocated: 29 of 2000]
11:24:17.702 [Forwarding findElement on session 197b6b89e62bca51444c22e6a69c7a9a to remote] DEBUG org.apache.http.impl.execchain.MainClientExec - Stale connection check
11:24:17.703 [Forwarding findElement on session 197b6b89e62bca51444c22e6a69c7a9a to remote] DEBUG org.apache.http.wire - http-outgoing-28 << "[read] I/O error: Read timed out"
11:24:17.703 [Forwarding findElement on session 197b6b89e62bca51444c22e6a69c7a9a to remote] DEBUG org.apache.http.impl.conn.DefaultManagedHttpClientConnection - http-outgoing-28: set socket timeout to 10800000
11:24:17.703 [Forwarding findElement on session 197b6b89e62bca51444c22e6a69c7a9a to remote] DEBUG org.apache.http.impl.execchain.MainClientExec - Executing request POST /session/197b6b89e62bca51444c22e6a69c7a9a/element HTTP/1.1
11:24:17.703 [Forwarding findElement on session 197b6b89e62bca51444c22e6a69c7a9a to remote] DEBUG org.apache.http.impl.execchain.MainClientExec - Target auth state: UNCHALLENGED
11:24:17.703 [Forwarding findElement on session 197b6b89e62bca51444c22e6a69c7a9a to remote] DEBUG org.apache.http.impl.execchain.MainClientExec - Proxy auth state: UNCHALLENGED
11:24:17.703 [Forwarding findElement on session 197b6b89e62bca51444c22e6a69c7a9a to remote] DEBUG org.apache.http.headers - http-outgoing-28 >> POST /session/197b6b89e62bca51444c22e6a69c7a9a/element HTTP/1.1
11:24:17.703 [Forwarding findElement on session 197b6b89e62bca51444c22e6a69c7a9a to remote] DEBUG org.apache.http.headers - http-outgoing-28 >> Content-Type: application/json; charset=utf-8
11:24:17.703 [Forwarding findElement on session 197b6b89e62bca51444c22e6a69c7a9a to remote] DEBUG org.apache.http.headers - http-outgoing-28 >> Content-Length: 59
11:24:17.703 [Forwarding findElement on session 197b6b89e62bca51444c22e6a69c7a9a to remote] DEBUG org.apache.http.headers - http-outgoing-28 >> Host: localhost:7185
11:24:17.703 [Forwarding findElement on session 197b6b89e62bca51444c22e6a69c7a9a to remote] DEBUG org.apache.http.headers - http-outgoing-28 >> Connection: Keep-Alive
11:24:17.703 [Forwarding findElement on session 197b6b89e62bca51444c22e6a69c7a9a to remote] DEBUG org.apache.http.headers - http-outgoing-28 >> User-Agent: Apache-HttpClient/4.5.3 (Java/1.8.0_211)
11:24:17.703 [Forwarding findElement on session 197b6b89e62bca51444c22e6a69c7a9a to remote] DEBUG org.apache.http.headers - http-outgoing-28 >> Accept-Encoding: gzip,deflate
11:24:17.703 [Forwarding findElement on session 197b6b89e62bca51444c22e6a69c7a9a to remote] DEBUG org.apache.http.wire - http-outgoing-28 >> "POST /session/197b6b89e62bca51444c22e6a69c7a9a/element HTTP/1.1[\r][\n]"
11:24:17.703 [Forwarding findElement on session 197b6b89e62bca51444c22e6a69c7a9a to remote] DEBUG org.apache.http.wire - http-outgoing-28 >> "Content-Type: application/json; charset=utf-8[\r][\n]"
11:24:17.703 [Forwarding findElement on session 197b6b89e62bca51444c22e6a69c7a9a to remote] DEBUG org.apache.http.wire - http-outgoing-28 >> "Content-Length: 59[\r][\n]"
11:24:17.703 [Forwarding findElement on session 197b6b89e62bca51444c22e6a69c7a9a to remote] DEBUG org.apache.http.wire - http-outgoing-28 >> "Host: localhost:7185[\r][\n]"
11:24:17.703 [Forwarding findElement on session 197b6b89e62bca51444c22e6a69c7a9a to remote] DEBUG org.apache.http.wire - http-outgoing-28 >> "Connection: Keep-Alive[\r][\n]"
11:24:17.703 [Forwarding findElement on session 197b6b89e62bca51444c22e6a69c7a9a to remote] DEBUG org.apache.http.wire - http-outgoing-28 >> "User-Agent: Apache-HttpClient/4.5.3 (Java/1.8.0_211)[\r][\n]"
11:24:17.703 [Forwarding findElement on session 197b6b89e62bca51444c22e6a69c7a9a to remote] DEBUG org.apache.http.wire - http-outgoing-28 >> "Accept-Encoding: gzip,deflate[\r][\n]"
11:24:17.703 [Forwarding findElement on session 197b6b89e62bca51444c22e6a69c7a9a to remote] DEBUG org.apache.http.wire - http-outgoing-28 >> "[\r][\n]"
11:24:17.703 [Forwarding findElement on session 197b6b89e62bca51444c22e6a69c7a9a to remote] DEBUG org.apache.http.wire - http-outgoing-28 >> "{"value":".btn-danger:nth-child(3)","using":"css selector"}"
11:24:17.712 [Forwarding findElement on session 197b6b89e62bca51444c22e6a69c7a9a to remote] DEBUG org.apache.http.wire - http-outgoing-28 << "HTTP/1.1 200 OK[\r][\n]"
11:24:17.712 [Forwarding findElement on session 197b6b89e62bca51444c22e6a69c7a9a to remote] DEBUG org.apache.http.wire - http-outgoing-28 << "Content-Length:88[\r][\n]"
11:24:17.712 [Forwarding findElement on session 197b6b89e62bca51444c22e6a69c7a9a to remote] DEBUG org.apache.http.wire - http-outgoing-28 << "Content-Type:application/json; charset=utf-8[\r][\n]"
11:24:17.712 [Forwarding findElement on session 197b6b89e62bca51444c22e6a69c7a9a to remote] DEBUG org.apache.http.wire - http-outgoing-28 << "cache-control:no-cache[\r][\n]"
11:24:17.712 [Forwarding findElement on session 197b6b89e62bca51444c22e6a69c7a9a to remote] DEBUG org.apache.http.wire - http-outgoing-28 << "[\r][\n]"
11:24:17.712 [Forwarding findElement on session 197b6b89e62bca51444c22e6a69c7a9a to remote] DEBUG org.apache.http.wire - http-outgoing-28 << "{"value":{"element-6066-11e4-a52e-4f735466cecf":"0fbf8f15-b3f9-4246-bc79-4b20fe88697e"}}"
11:24:17.712 [Forwarding findElement on session 197b6b89e62bca51444c22e6a69c7a9a to remote] DEBUG org.apache.http.headers - http-outgoing-28 << HTTP/1.1 200 OK
11:24:17.712 [Forwarding findElement on session 197b6b89e62bca51444c22e6a69c7a9a to remote] DEBUG org.apache.http.headers - http-outgoing-28 << Content-Length:88
11:24:17.712 [Forwarding findElement on session 197b6b89e62bca51444c22e6a69c7a9a to remote] DEBUG org.apache.http.headers - http-outgoing-28 << Content-Type:application/json; charset=utf-8
11:24:17.712 [Forwarding findElement on session 197b6b89e62bca51444c22e6a69c7a9a to remote] DEBUG org.apache.http.headers - http-outgoing-28 << cache-control:no-cache
11:24:17.712 [Forwarding findElement on session 197b6b89e62bca51444c22e6a69c7a9a to remote] DEBUG org.apache.http.impl.execchain.MainClientExec - Connection can be kept alive indefinitely
11:24:17.713 [Forwarding findElement on session 197b6b89e62bca51444c22e6a69c7a9a to remote] DEBUG org.apache.http.impl.conn.PoolingHttpClientConnectionManager - Connection [id: 28][route: {}->http://localhost:7185] can be kept alive indefinitely
11:24:17.713 [Forwarding findElement on session 197b6b89e62bca51444c22e6a69c7a9a to remote] DEBUG org.apache.http.impl.conn.PoolingHttpClientConnectionManager - Connection released: [id: 28][route: {}->http://localhost:7185][total kept alive: 29; route allocated: 1 of 2000; total allocated: 29 of 2000]
11:24:17.713 [Forwarding clickElement on session 197b6b89e62bca51444c22e6a69c7a9a to remote] DEBUG org.apache.http.client.protocol.RequestAddCookies - CookieSpec selected: default
11:24:17.713 [Forwarding clickElement on session 197b6b89e62bca51444c22e6a69c7a9a to remote] DEBUG org.apache.http.client.protocol.RequestAuthCache - Auth cache not set in the context
11:24:17.713 [Forwarding clickElement on session 197b6b89e62bca51444c22e6a69c7a9a to remote] DEBUG org.apache.http.impl.conn.PoolingHttpClientConnectionManager - Connection request: [route: {}->http://localhost:7185][total kept alive: 29; route allocated: 1 of 2000; total allocated: 29 of 2000]
11:24:17.713 [Forwarding clickElement on session 197b6b89e62bca51444c22e6a69c7a9a to remote] DEBUG org.apache.http.impl.conn.PoolingHttpClientConnectionManager - Connection leased: [id: 28][route: {}->http://localhost:7185][total kept alive: 28; route allocated: 1 of 2000; total allocated: 29 of 2000]
11:24:17.713 [Forwarding clickElement on session 197b6b89e62bca51444c22e6a69c7a9a to remote] DEBUG org.apache.http.impl.execchain.MainClientExec - Stale connection check
11:24:17.714 [Forwarding clickElement on session 197b6b89e62bca51444c22e6a69c7a9a to remote] DEBUG org.apache.http.wire - http-outgoing-28 << "[read] I/O error: Read timed out"
11:24:17.714 [Forwarding clickElement on session 197b6b89e62bca51444c22e6a69c7a9a to remote] DEBUG org.apache.http.impl.conn.DefaultManagedHttpClientConnection - http-outgoing-28: set socket timeout to 10800000
11:24:17.714 [Forwarding clickElement on session 197b6b89e62bca51444c22e6a69c7a9a to remote] DEBUG org.apache.http.impl.execchain.MainClientExec - Executing request POST /session/197b6b89e62bca51444c22e6a69c7a9a/element/0fbf8f15-b3f9-4246-bc79-4b20fe88697e/click HTTP/1.1
11:24:17.714 [Forwarding clickElement on session 197b6b89e62bca51444c22e6a69c7a9a to remote] DEBUG org.apache.http.impl.execchain.MainClientExec - Target auth state: UNCHALLENGED
11:24:17.714 [Forwarding clickElement on session 197b6b89e62bca51444c22e6a69c7a9a to remote] DEBUG org.apache.http.impl.execchain.MainClientExec - Proxy auth state: UNCHALLENGED
11:24:17.714 [Forwarding clickElement on session 197b6b89e62bca51444c22e6a69c7a9a to remote] DEBUG org.apache.http.headers - http-outgoing-28 >> POST /session/197b6b89e62bca51444c22e6a69c7a9a/element/0fbf8f15-b3f9-4246-bc79-4b20fe88697e/click HTTP/1.1
11:24:17.714 [Forwarding clickElement on session 197b6b89e62bca51444c22e6a69c7a9a to remote] DEBUG org.apache.http.headers - http-outgoing-28 >> Content-Type: application/json; charset=utf-8
11:24:17.714 [Forwarding clickElement on session 197b6b89e62bca51444c22e6a69c7a9a to remote] DEBUG org.apache.http.headers - http-outgoing-28 >> Content-Length: 45
11:24:17.714 [Forwarding clickElement on session 197b6b89e62bca51444c22e6a69c7a9a to remote] DEBUG org.apache.http.headers - http-outgoing-28 >> Host: localhost:7185
11:24:17.714 [Forwarding clickElement on session 197b6b89e62bca51444c22e6a69c7a9a to remote] DEBUG org.apache.http.headers - http-outgoing-28 >> Connection: Keep-Alive
11:24:17.714 [Forwarding clickElement on session 197b6b89e62bca51444c22e6a69c7a9a to remote] DEBUG org.apache.http.headers - http-outgoing-28 >> User-Agent: Apache-HttpClient/4.5.3 (Java/1.8.0_211)
11:24:17.714 [Forwarding clickElement on session 197b6b89e62bca51444c22e6a69c7a9a to remote] DEBUG org.apache.http.headers - http-outgoing-28 >> Accept-Encoding: gzip,deflate
11:24:17.714 [Forwarding clickElement on session 197b6b89e62bca51444c22e6a69c7a9a to remote] DEBUG org.apache.http.wire - http-outgoing-28 >> "POST /session/197b6b89e62bca51444c22e6a69c7a9a/element/0fbf8f15-b3f9-4246-bc79-4b20fe88697e/click HTTP/1.1[\r][\n]"
11:24:17.714 [Forwarding clickElement on session 197b6b89e62bca51444c22e6a69c7a9a to remote] DEBUG org.apache.http.wire - http-outgoing-28 >> "Content-Type: application/json; charset=utf-8[\r][\n]"
11:24:17.714 [Forwarding clickElement on session 197b6b89e62bca51444c22e6a69c7a9a to remote] DEBUG org.apache.http.wire - http-outgoing-28 >> "Content-Length: 45[\r][\n]"
11:24:17.714 [Forwarding clickElement on session 197b6b89e62bca51444c22e6a69c7a9a to remote] DEBUG org.apache.http.wire - http-outgoing-28 >> "Host: localhost:7185[\r][\n]"
11:24:17.714 [Forwarding clickElement on session 197b6b89e62bca51444c22e6a69c7a9a to remote] DEBUG org.apache.http.wire - http-outgoing-28 >> "Connection: Keep-Alive[\r][\n]"
11:24:17.714 [Forwarding clickElement on session 197b6b89e62bca51444c22e6a69c7a9a to remote] DEBUG org.apache.http.wire - http-outgoing-28 >> "User-Agent: Apache-HttpClient/4.5.3 (Java/1.8.0_211)[\r][\n]"
11:24:17.714 [Forwarding clickElement on session 197b6b89e62bca51444c22e6a69c7a9a to remote] DEBUG org.apache.http.wire - http-outgoing-28 >> "Accept-Encoding: gzip,deflate[\r][\n]"
11:24:17.714 [Forwarding clickElement on session 197b6b89e62bca51444c22e6a69c7a9a to remote] DEBUG org.apache.http.wire - http-outgoing-28 >> "[\r][\n]"
11:24:17.714 [Forwarding clickElement on session 197b6b89e62bca51444c22e6a69c7a9a to remote] DEBUG org.apache.http.wire - http-outgoing-28 >> "{"id":"0fbf8f15-b3f9-4246-bc79-4b20fe88697e"}"
11:24:17.848 [Forwarding clickElement on session 197b6b89e62bca51444c22e6a69c7a9a to remote] DEBUG org.apache.http.wire - http-outgoing-28 << "HTTP/1.1 200 OK[\r][\n]"
11:24:17.848 [Forwarding clickElement on session 197b6b89e62bca51444c22e6a69c7a9a to remote] DEBUG org.apache.http.wire - http-outgoing-28 << "Content-Length:14[\r][\n]"
11:24:17.848 [Forwarding clickElement on session 197b6b89e62bca51444c22e6a69c7a9a to remote] DEBUG org.apache.http.wire - http-outgoing-28 << "Content-Type:application/json; charset=utf-8[\r][\n]"
11:24:17.848 [Forwarding clickElement on session 197b6b89e62bca51444c22e6a69c7a9a to remote] DEBUG org.apache.http.wire - http-outgoing-28 << "cache-control:no-cache[\r][\n]"
11:24:17.848 [Forwarding clickElement on session 197b6b89e62bca51444c22e6a69c7a9a to remote] DEBUG org.apache.http.wire - http-outgoing-28 << "[\r][\n]"
11:24:17.848 [Forwarding clickElement on session 197b6b89e62bca51444c22e6a69c7a9a to remote] DEBUG org.apache.http.wire - http-outgoing-28 << "{"value":null}"
11:24:17.848 [Forwarding clickElement on session 197b6b89e62bca51444c22e6a69c7a9a to remote] DEBUG org.apache.http.headers - http-outgoing-28 << HTTP/1.1 200 OK
11:24:17.848 [Forwarding clickElement on session 197b6b89e62bca51444c22e6a69c7a9a to remote] DEBUG org.apache.http.headers - http-outgoing-28 << Content-Length:14
11:24:17.848 [Forwarding clickElement on session 197b6b89e62bca51444c22e6a69c7a9a to remote] DEBUG org.apache.http.headers - http-outgoing-28 << Content-Type:application/json; charset=utf-8
11:24:17.848 [Forwarding clickElement on session 197b6b89e62bca51444c22e6a69c7a9a to remote] DEBUG org.apache.http.headers - http-outgoing-28 << cache-control:no-cache
11:24:17.848 [Forwarding clickElement on session 197b6b89e62bca51444c22e6a69c7a9a to remote] DEBUG org.apache.http.impl.execchain.MainClientExec - Connection can be kept alive indefinitely
11:24:17.848 [Forwarding clickElement on session 197b6b89e62bca51444c22e6a69c7a9a to remote] DEBUG org.apache.http.impl.conn.PoolingHttpClientConnectionManager - Connection [id: 28][route: {}->http://localhost:7185] can be kept alive indefinitely
11:24:17.848 [Forwarding clickElement on session 197b6b89e62bca51444c22e6a69c7a9a to remote] DEBUG org.apache.http.impl.conn.PoolingHttpClientConnectionManager - Connection released: [id: 28][route: {}->http://localhost:7185][total kept alive: 29; route allocated: 1 of 2000; total allocated: 29 of 2000]
11:24:18.050 [Forwarding findElement on session 197b6b89e62bca51444c22e6a69c7a9a to remote] DEBUG org.apache.http.client.protocol.RequestAddCookies - CookieSpec selected: default
11:24:18.050 [Forwarding findElement on session 197b6b89e62bca51444c22e6a69c7a9a to remote] DEBUG org.apache.http.client.protocol.RequestAuthCache - Auth cache not set in the context
11:24:18.050 [Forwarding findElement on session 197b6b89e62bca51444c22e6a69c7a9a to remote] DEBUG org.apache.http.impl.conn.PoolingHttpClientConnectionManager - Connection request: [route: {}->http://localhost:7185][total kept alive: 29; route allocated: 1 of 2000; total allocated: 29 of 2000]
11:24:18.050 [Forwarding findElement on session 197b6b89e62bca51444c22e6a69c7a9a to remote] DEBUG org.apache.http.impl.conn.PoolingHttpClientConnectionManager - Connection leased: [id: 28][route: {}->http://localhost:7185][total kept alive: 28; route allocated: 1 of 2000; total allocated: 29 of 2000]
11:24:18.050 [Forwarding findElement on session 197b6b89e62bca51444c22e6a69c7a9a to remote] DEBUG org.apache.http.impl.execchain.MainClientExec - Stale connection check
11:24:18.051 [Forwarding findElement on session 197b6b89e62bca51444c22e6a69c7a9a to remote] DEBUG org.apache.http.wire - http-outgoing-28 << "[read] I/O error: Read timed out"
11:24:18.051 [Forwarding findElement on session 197b6b89e62bca51444c22e6a69c7a9a to remote] DEBUG org.apache.http.impl.conn.DefaultManagedHttpClientConnection - http-outgoing-28: set socket timeout to 10800000
11:24:18.051 [Forwarding findElement on session 197b6b89e62bca51444c22e6a69c7a9a to remote] DEBUG org.apache.http.impl.execchain.MainClientExec - Executing request POST /session/197b6b89e62bca51444c22e6a69c7a9a/element HTTP/1.1
11:24:18.051 [Forwarding findElement on session 197b6b89e62bca51444c22e6a69c7a9a to remote] DEBUG org.apache.http.impl.execchain.MainClientExec - Target auth state: UNCHALLENGED
11:24:18.051 [Forwarding findElement on session 197b6b89e62bca51444c22e6a69c7a9a to remote] DEBUG org.apache.http.impl.execchain.MainClientExec - Proxy auth state: UNCHALLENGED
11:24:18.051 [Forwarding findElement on session 197b6b89e62bca51444c22e6a69c7a9a to remote] DEBUG org.apache.http.headers - http-outgoing-28 >> POST /session/197b6b89e62bca51444c22e6a69c7a9a/element HTTP/1.1
11:24:18.051 [Forwarding findElement on session 197b6b89e62bca51444c22e6a69c7a9a to remote] DEBUG org.apache.http.headers - http-outgoing-28 >> Content-Type: application/json; charset=utf-8
11:24:18.051 [Forwarding findElement on session 197b6b89e62bca51444c22e6a69c7a9a to remote] DEBUG org.apache.http.headers - http-outgoing-28 >> Content-Length: 71
11:24:18.051 [Forwarding findElement on session 197b6b89e62bca51444c22e6a69c7a9a to remote] DEBUG org.apache.http.headers - http-outgoing-28 >> Host: localhost:7185
11:24:18.051 [Forwarding findElement on session 197b6b89e62bca51444c22e6a69c7a9a to remote] DEBUG org.apache.http.headers - http-outgoing-28 >> Connection: Keep-Alive
11:24:18.051 [Forwarding findElement on session 197b6b89e62bca51444c22e6a69c7a9a to remote] DEBUG org.apache.http.headers - http-outgoing-28 >> User-Agent: Apache-HttpClient/4.5.3 (Java/1.8.0_211)
11:24:18.051 [Forwarding findElement on session 197b6b89e62bca51444c22e6a69c7a9a to remote] DEBUG org.apache.http.headers - http-outgoing-28 >> Accept-Encoding: gzip,deflate
11:24:18.051 [Forwarding findElement on session 197b6b89e62bca51444c22e6a69c7a9a to remote] DEBUG org.apache.http.wire - http-outgoing-28 >> "POST /session/197b6b89e62bca51444c22e6a69c7a9a/element HTTP/1.1[\r][\n]"
11:24:18.051 [Forwarding findElement on session 197b6b89e62bca51444c22e6a69c7a9a to remote] DEBUG org.apache.http.wire - http-outgoing-28 >> "Content-Type: application/json; charset=utf-8[\r][\n]"
11:24:18.051 [Forwarding findElement on session 197b6b89e62bca51444c22e6a69c7a9a to remote] DEBUG org.apache.http.wire - http-outgoing-28 >> "Content-Length: 71[\r][\n]"
11:24:18.051 [Forwarding findElement on session 197b6b89e62bca51444c22e6a69c7a9a to remote] DEBUG org.apache.http.wire - http-outgoing-28 >> "Host: localhost:7185[\r][\n]"
11:24:18.051 [Forwarding findElement on session 197b6b89e62bca51444c22e6a69c7a9a to remote] DEBUG org.apache.http.wire - http-outgoing-28 >> "Connection: Keep-Alive[\r][\n]"
11:24:18.051 [Forwarding findElement on session 197b6b89e62bca51444c22e6a69c7a9a to remote] DEBUG org.apache.http.wire - http-outgoing-28 >> "User-Agent: Apache-HttpClient/4.5.3 (Java/1.8.0_211)[\r][\n]"
11:24:18.051 [Forwarding findElement on session 197b6b89e62bca51444c22e6a69c7a9a to remote] DEBUG org.apache.http.wire - http-outgoing-28 >> "Accept-Encoding: gzip,deflate[\r][\n]"
11:24:18.051 [Forwarding findElement on session 197b6b89e62bca51444c22e6a69c7a9a to remote] DEBUG org.apache.http.wire - http-outgoing-28 >> "[\r][\n]"
11:24:18.051 [Forwarding findElement on session 197b6b89e62bca51444c22e6a69c7a9a to remote] DEBUG org.apache.http.wire - http-outgoing-28 >> "{"value":".dropdown-toggle > span:nth-child(1)","using":"css selector"}"
11:24:18.882 [Forwarding findElement on session 197b6b89e62bca51444c22e6a69c7a9a to remote] DEBUG org.apache.http.wire - http-outgoing-28 << "HTTP/1.1 200 OK[\r][\n]"
11:24:18.882 [Forwarding findElement on session 197b6b89e62bca51444c22e6a69c7a9a to remote] DEBUG org.apache.http.wire - http-outgoing-28 << "Content-Length:88[\r][\n]"
11:24:18.882 [Forwarding findElement on session 197b6b89e62bca51444c22e6a69c7a9a to remote] DEBUG org.apache.http.wire - http-outgoing-28 << "Content-Type:application/json; charset=utf-8[\r][\n]"
11:24:18.882 [Forwarding findElement on session 197b6b89e62bca51444c22e6a69c7a9a to remote] DEBUG org.apache.http.wire - http-outgoing-28 << "cache-control:no-cache[\r][\n]"
11:24:18.882 [Forwarding findElement on session 197b6b89e62bca51444c22e6a69c7a9a to remote] DEBUG org.apache.http.wire - http-outgoing-28 << "[\r][\n]"
11:24:18.882 [Forwarding findElement on session 197b6b89e62bca51444c22e6a69c7a9a to remote] DEBUG org.apache.http.wire - http-outgoing-28 << "{"value":{"element-6066-11e4-a52e-4f735466cecf":"8d6d63ad-bc6b-4bcb-b9b3-7e046bf8b482"}}"
11:24:18.882 [Forwarding findElement on session 197b6b89e62bca51444c22e6a69c7a9a to remote] DEBUG org.apache.http.headers - http-outgoing-28 << HTTP/1.1 200 OK
11:24:18.882 [Forwarding findElement on session 197b6b89e62bca51444c22e6a69c7a9a to remote] DEBUG org.apache.http.headers - http-outgoing-28 << Content-Length:88
11:24:18.882 [Forwarding findElement on session 197b6b89e62bca51444c22e6a69c7a9a to remote] DEBUG org.apache.http.headers - http-outgoing-28 << Content-Type:application/json; charset=utf-8
11:24:18.882 [Forwarding findElement on session 197b6b89e62bca51444c22e6a69c7a9a to remote] DEBUG org.apache.http.headers - http-outgoing-28 << cache-control:no-cache
11:24:18.882 [Forwarding findElement on session 197b6b89e62bca51444c22e6a69c7a9a to remote] DEBUG org.apache.http.impl.execchain.MainClientExec - Connection can be kept alive indefinitely
11:24:18.882 [Forwarding findElement on session 197b6b89e62bca51444c22e6a69c7a9a to remote] DEBUG org.apache.http.impl.conn.PoolingHttpClientConnectionManager - Connection [id: 28][route: {}->http://localhost:7185] can be kept alive indefinitely
11:24:18.882 [Forwarding findElement on session 197b6b89e62bca51444c22e6a69c7a9a to remote] DEBUG org.apache.http.impl.conn.PoolingHttpClientConnectionManager - Connection released: [id: 28][route: {}->http://localhost:7185][total kept alive: 29; route allocated: 1 of 2000; total allocated: 29 of 2000]
11:24:18.882 [Forwarding clickElement on session 197b6b89e62bca51444c22e6a69c7a9a to remote] DEBUG org.apache.http.client.protocol.RequestAddCookies - CookieSpec selected: default
11:24:18.882 [Forwarding clickElement on session 197b6b89e62bca51444c22e6a69c7a9a to remote] DEBUG org.apache.http.client.protocol.RequestAuthCache - Auth cache not set in the context
11:24:18.882 [Forwarding clickElement on session 197b6b89e62bca51444c22e6a69c7a9a to remote] DEBUG org.apache.http.impl.conn.PoolingHttpClientConnectionManager - Connection request: [route: {}->http://localhost:7185][total kept alive: 29; route allocated: 1 of 2000; total allocated: 29 of 2000]
11:24:18.882 [Forwarding clickElement on session 197b6b89e62bca51444c22e6a69c7a9a to remote] DEBUG org.apache.http.impl.conn.PoolingHttpClientConnectionManager - Connection leased: [id: 28][route: {}->http://localhost:7185][total kept alive: 28; route allocated: 1 of 2000; total allocated: 29 of 2000]
11:24:18.882 [Forwarding clickElement on session 197b6b89e62bca51444c22e6a69c7a9a to remote] DEBUG org.apache.http.impl.execchain.MainClientExec - Stale connection check
11:24:18.884 [Forwarding clickElement on session 197b6b89e62bca51444c22e6a69c7a9a to remote] DEBUG org.apache.http.wire - http-outgoing-28 << "[read] I/O error: Read timed out"
11:24:18.884 [Forwarding clickElement on session 197b6b89e62bca51444c22e6a69c7a9a to remote] DEBUG org.apache.http.impl.conn.DefaultManagedHttpClientConnection - http-outgoing-28: set socket timeout to 10800000
11:24:18.884 [Forwarding clickElement on session 197b6b89e62bca51444c22e6a69c7a9a to remote] DEBUG org.apache.http.impl.execchain.MainClientExec - Executing request POST /session/197b6b89e62bca51444c22e6a69c7a9a/element/8d6d63ad-bc6b-4bcb-b9b3-7e046bf8b482/click HTTP/1.1
11:24:18.884 [Forwarding clickElement on session 197b6b89e62bca51444c22e6a69c7a9a to remote] DEBUG org.apache.http.impl.execchain.MainClientExec - Target auth state: UNCHALLENGED
11:24:18.884 [Forwarding clickElement on session 197b6b89e62bca51444c22e6a69c7a9a to remote] DEBUG org.apache.http.impl.execchain.MainClientExec - Proxy auth state: UNCHALLENGED
11:24:18.884 [Forwarding clickElement on session 197b6b89e62bca51444c22e6a69c7a9a to remote] DEBUG org.apache.http.headers - http-outgoing-28 >> POST /session/197b6b89e62bca51444c22e6a69c7a9a/element/8d6d63ad-bc6b-4bcb-b9b3-7e046bf8b482/click HTTP/1.1
11:24:18.884 [Forwarding clickElement on session 197b6b89e62bca51444c22e6a69c7a9a to remote] DEBUG org.apache.http.headers - http-outgoing-28 >> Content-Type: application/json; charset=utf-8
11:24:18.884 [Forwarding clickElement on session 197b6b89e62bca51444c22e6a69c7a9a to remote] DEBUG org.apache.http.headers - http-outgoing-28 >> Content-Length: 45
11:24:18.884 [Forwarding clickElement on session 197b6b89e62bca51444c22e6a69c7a9a to remote] DEBUG org.apache.http.headers - http-outgoing-28 >> Host: localhost:7185
11:24:18.884 [Forwarding clickElement on session 197b6b89e62bca51444c22e6a69c7a9a to remote] DEBUG org.apache.http.headers - http-outgoing-28 >> Connection: Keep-Alive
11:24:18.884 [Forwarding clickElement on session 197b6b89e62bca51444c22e6a69c7a9a to remote] DEBUG org.apache.http.headers - http-outgoing-28 >> User-Agent: Apache-HttpClient/4.5.3 (Java/1.8.0_211)
11:24:18.884 [Forwarding clickElement on session 197b6b89e62bca51444c22e6a69c7a9a to remote] DEBUG org.apache.http.headers - http-outgoing-28 >> Accept-Encoding: gzip,deflate
11:24:18.884 [Forwarding clickElement on session 197b6b89e62bca51444c22e6a69c7a9a to remote] DEBUG org.apache.http.wire - http-outgoing-28 >> "POST /session/197b6b89e62bca51444c22e6a69c7a9a/element/8d6d63ad-bc6b-4bcb-b9b3-7e046bf8b482/click HTTP/1.1[\r][\n]"
11:24:18.884 [Forwarding clickElement on session 197b6b89e62bca51444c22e6a69c7a9a to remote] DEBUG org.apache.http.wire - http-outgoing-28 >> "Content-Type: application/json; charset=utf-8[\r][\n]"
11:24:18.884 [Forwarding clickElement on session 197b6b89e62bca51444c22e6a69c7a9a to remote] DEBUG org.apache.http.wire - http-outgoing-28 >> "Content-Length: 45[\r][\n]"
11:24:18.884 [Forwarding clickElement on session 197b6b89e62bca51444c22e6a69c7a9a to remote] DEBUG org.apache.http.wire - http-outgoing-28 >> "Host: localhost:7185[\r][\n]"
11:24:18.884 [Forwarding clickElement on session 197b6b89e62bca51444c22e6a69c7a9a to remote] DEBUG org.apache.http.wire - http-outgoing-28 >> "Connection: Keep-Alive[\r][\n]"
11:24:18.884 [Forwarding clickElement on session 197b6b89e62bca51444c22e6a69c7a9a to remote] DEBUG org.apache.http.wire - http-outgoing-28 >> "User-Agent: Apache-HttpClient/4.5.3 (Java/1.8.0_211)[\r][\n]"
11:24:18.884 [Forwarding clickElement on session 197b6b89e62bca51444c22e6a69c7a9a to remote] DEBUG org.apache.http.wire - http-outgoing-28 >> "Accept-Encoding: gzip,deflate[\r][\n]"
11:24:18.884 [Forwarding clickElement on session 197b6b89e62bca51444c22e6a69c7a9a to remote] DEBUG org.apache.http.wire - http-outgoing-28 >> "[\r][\n]"
11:24:18.884 [Forwarding clickElement on session 197b6b89e62bca51444c22e6a69c7a9a to remote] DEBUG org.apache.http.wire - http-outgoing-28 >> "{"id":"8d6d63ad-bc6b-4bcb-b9b3-7e046bf8b482"}"
11:24:19.219 [Forwarding clickElement on session 197b6b89e62bca51444c22e6a69c7a9a to remote] DEBUG org.apache.http.wire - http-outgoing-28 << "HTTP/1.1 200 OK[\r][\n]"
11:24:19.219 [Forwarding clickElement on session 197b6b89e62bca51444c22e6a69c7a9a to remote] DEBUG org.apache.http.wire - http-outgoing-28 << "Content-Length:14[\r][\n]"
11:24:19.219 [Forwarding clickElement on session 197b6b89e62bca51444c22e6a69c7a9a to remote] DEBUG org.apache.http.wire - http-outgoing-28 << "Content-Type:application/json; charset=utf-8[\r][\n]"
11:24:19.219 [Forwarding clickElement on session 197b6b89e62bca51444c22e6a69c7a9a to remote] DEBUG org.apache.http.wire - http-outgoing-28 << "cache-control:no-cache[\r][\n]"
11:24:19.219 [Forwarding clickElement on session 197b6b89e62bca51444c22e6a69c7a9a to remote] DEBUG org.apache.http.wire - http-outgoing-28 << "[\r][\n]"
11:24:19.219 [Forwarding clickElement on session 197b6b89e62bca51444c22e6a69c7a9a to remote] DEBUG org.apache.http.wire - http-outgoing-28 << "{"value":null}"
11:24:19.219 [Forwarding clickElement on session 197b6b89e62bca51444c22e6a69c7a9a to remote] DEBUG org.apache.http.headers - http-outgoing-28 << HTTP/1.1 200 OK
11:24:19.219 [Forwarding clickElement on session 197b6b89e62bca51444c22e6a69c7a9a to remote] DEBUG org.apache.http.headers - http-outgoing-28 << Content-Length:14
11:24:19.219 [Forwarding clickElement on session 197b6b89e62bca51444c22e6a69c7a9a to remote] DEBUG org.apache.http.headers - http-outgoing-28 << Content-Type:application/json; charset=utf-8
11:24:19.219 [Forwarding clickElement on session 197b6b89e62bca51444c22e6a69c7a9a to remote] DEBUG org.apache.http.headers - http-outgoing-28 << cache-control:no-cache
11:24:19.219 [Forwarding clickElement on session 197b6b89e62bca51444c22e6a69c7a9a to remote] DEBUG org.apache.http.impl.execchain.MainClientExec - Connection can be kept alive indefinitely
11:24:19.219 [Forwarding clickElement on session 197b6b89e62bca51444c22e6a69c7a9a to remote] DEBUG org.apache.http.impl.conn.PoolingHttpClientConnectionManager - Connection [id: 28][route: {}->http://localhost:7185] can be kept alive indefinitely
11:24:19.219 [Forwarding clickElement on session 197b6b89e62bca51444c22e6a69c7a9a to remote] DEBUG org.apache.http.impl.conn.PoolingHttpClientConnectionManager - Connection released: [id: 28][route: {}->http://localhost:7185][total kept alive: 29; route allocated: 1 of 2000; total allocated: 29 of 2000]
11:24:19.220 [Forwarding findElement on session 197b6b89e62bca51444c22e6a69c7a9a to remote] DEBUG org.apache.http.client.protocol.RequestAddCookies - CookieSpec selected: default
11:24:19.220 [Forwarding findElement on session 197b6b89e62bca51444c22e6a69c7a9a to remote] DEBUG org.apache.http.client.protocol.RequestAuthCache - Auth cache not set in the context
11:24:19.220 [Forwarding findElement on session 197b6b89e62bca51444c22e6a69c7a9a to remote] DEBUG org.apache.http.impl.conn.PoolingHttpClientConnectionManager - Connection request: [route: {}->http://localhost:7185][total kept alive: 29; route allocated: 1 of 2000; total allocated: 29 of 2000]
11:24:19.220 [Forwarding findElement on session 197b6b89e62bca51444c22e6a69c7a9a to remote] DEBUG org.apache.http.impl.conn.PoolingHttpClientConnectionManager - Connection leased: [id: 28][route: {}->http://localhost:7185][total kept alive: 28; route allocated: 1 of 2000; total allocated: 29 of 2000]
11:24:19.220 [Forwarding findElement on session 197b6b89e62bca51444c22e6a69c7a9a to remote] DEBUG org.apache.http.impl.execchain.MainClientExec - Stale connection check
11:24:19.221 [Forwarding findElement on session 197b6b89e62bca51444c22e6a69c7a9a to remote] DEBUG org.apache.http.wire - http-outgoing-28 << "[read] I/O error: Read timed out"
11:24:19.221 [Forwarding findElement on session 197b6b89e62bca51444c22e6a69c7a9a to remote] DEBUG org.apache.http.impl.conn.DefaultManagedHttpClientConnection - http-outgoing-28: set socket timeout to 10800000
11:24:19.221 [Forwarding findElement on session 197b6b89e62bca51444c22e6a69c7a9a to remote] DEBUG org.apache.http.impl.execchain.MainClientExec - Executing request POST /session/197b6b89e62bca51444c22e6a69c7a9a/element HTTP/1.1
11:24:19.221 [Forwarding findElement on session 197b6b89e62bca51444c22e6a69c7a9a to remote] DEBUG org.apache.http.impl.execchain.MainClientExec - Target auth state: UNCHALLENGED
11:24:19.221 [Forwarding findElement on session 197b6b89e62bca51444c22e6a69c7a9a to remote] DEBUG org.apache.http.impl.execchain.MainClientExec - Proxy auth state: UNCHALLENGED
11:24:19.221 [Forwarding findElement on session 197b6b89e62bca51444c22e6a69c7a9a to remote] DEBUG org.apache.http.headers - http-outgoing-28 >> POST /session/197b6b89e62bca51444c22e6a69c7a9a/element HTTP/1.1
11:24:19.221 [Forwarding findElement on session 197b6b89e62bca51444c22e6a69c7a9a to remote] DEBUG org.apache.http.headers - http-outgoing-28 >> Content-Type: application/json; charset=utf-8
11:24:19.221 [Forwarding findElement on session 197b6b89e62bca51444c22e6a69c7a9a to remote] DEBUG org.apache.http.headers - http-outgoing-28 >> Content-Length: 61
11:24:19.221 [Forwarding findElement on session 197b6b89e62bca51444c22e6a69c7a9a to remote] DEBUG org.apache.http.headers - http-outgoing-28 >> Host: localhost:7185
11:24:19.221 [Forwarding findElement on session 197b6b89e62bca51444c22e6a69c7a9a to remote] DEBUG org.apache.http.headers - http-outgoing-28 >> Connection: Keep-Alive
11:24:19.221 [Forwarding findElement on session 197b6b89e62bca51444c22e6a69c7a9a to remote] DEBUG org.apache.http.headers - http-outgoing-28 >> User-Agent: Apache-HttpClient/4.5.3 (Java/1.8.0_211)
11:24:19.221 [Forwarding findElement on session 197b6b89e62bca51444c22e6a69c7a9a to remote] DEBUG org.apache.http.headers - http-outgoing-28 >> Accept-Encoding: gzip,deflate
11:24:19.221 [Forwarding findElement on session 197b6b89e62bca51444c22e6a69c7a9a to remote] DEBUG org.apache.http.wire - http-outgoing-28 >> "POST /session/197b6b89e62bca51444c22e6a69c7a9a/element HTTP/1.1[\r][\n]"
11:24:19.221 [Forwarding findElement on session 197b6b89e62bca51444c22e6a69c7a9a to remote] DEBUG org.apache.http.wire - http-outgoing-28 >> "Content-Type: application/json; charset=utf-8[\r][\n]"
11:24:19.221 [Forwarding findElement on session 197b6b89e62bca51444c22e6a69c7a9a to remote] DEBUG org.apache.http.wire - http-outgoing-28 >> "Content-Length: 61[\r][\n]"
11:24:19.221 [Forwarding findElement on session 197b6b89e62bca51444c22e6a69c7a9a to remote] DEBUG org.apache.http.wire - http-outgoing-28 >> "Host: localhost:7185[\r][\n]"
11:24:19.221 [Forwarding findElement on session 197b6b89e62bca51444c22e6a69c7a9a to remote] DEBUG org.apache.http.wire - http-outgoing-28 >> "Connection: Keep-Alive[\r][\n]"
11:24:19.221 [Forwarding findElement on session 197b6b89e62bca51444c22e6a69c7a9a to remote] DEBUG org.apache.http.wire - http-outgoing-28 >> "User-Agent: Apache-HttpClient/4.5.3 (Java/1.8.0_211)[\r][\n]"
11:24:19.221 [Forwarding findElement on session 197b6b89e62bca51444c22e6a69c7a9a to remote] DEBUG org.apache.http.wire - http-outgoing-28 >> "Accept-Encoding: gzip,deflate[\r][\n]"
11:24:19.221 [Forwarding findElement on session 197b6b89e62bca51444c22e6a69c7a9a to remote] DEBUG org.apache.http.wire - http-outgoing-28 >> "[\r][\n]"
11:24:19.221 [Forwarding findElement on session 197b6b89e62bca51444c22e6a69c7a9a to remote] DEBUG org.apache.http.wire - http-outgoing-28 >> "{"value":".justify-content-end > div","using":"css selector"}"
11:24:19.227 [Forwarding findElement on session 197b6b89e62bca51444c22e6a69c7a9a to remote] DEBUG org.apache.http.wire - http-outgoing-28 << "HTTP/1.1 200 OK[\r][\n]"
11:24:19.227 [Forwarding findElement on session 197b6b89e62bca51444c22e6a69c7a9a to remote] DEBUG org.apache.http.wire - http-outgoing-28 << "Content-Length:88[\r][\n]"
11:24:19.227 [Forwarding findElement on session 197b6b89e62bca51444c22e6a69c7a9a to remote] DEBUG org.apache.http.wire - http-outgoing-28 << "Content-Type:application/json; charset=utf-8[\r][\n]"
11:24:19.227 [Forwarding findElement on session 197b6b89e62bca51444c22e6a69c7a9a to remote] DEBUG org.apache.http.wire - http-outgoing-28 << "cache-control:no-cache[\r][\n]"
11:24:19.227 [Forwarding findElement on session 197b6b89e62bca51444c22e6a69c7a9a to remote] DEBUG org.apache.http.wire - http-outgoing-28 << "[\r][\n]"
11:24:19.227 [Forwarding findElement on session 197b6b89e62bca51444c22e6a69c7a9a to remote] DEBUG org.apache.http.wire - http-outgoing-28 << "{"value":{"element-6066-11e4-a52e-4f735466cecf":"01c75264-e378-4f3c-bd86-f15b09bccfd5"}}"
11:24:19.227 [Forwarding findElement on session 197b6b89e62bca51444c22e6a69c7a9a to remote] DEBUG org.apache.http.headers - http-outgoing-28 << HTTP/1.1 200 OK
11:24:19.227 [Forwarding findElement on session 197b6b89e62bca51444c22e6a69c7a9a to remote] DEBUG org.apache.http.headers - http-outgoing-28 << Content-Length:88
11:24:19.227 [Forwarding findElement on session 197b6b89e62bca51444c22e6a69c7a9a to remote] DEBUG org.apache.http.headers - http-outgoing-28 << Content-Type:application/json; charset=utf-8
11:24:19.227 [Forwarding findElement on session 197b6b89e62bca51444c22e6a69c7a9a to remote] DEBUG org.apache.http.headers - http-outgoing-28 << cache-control:no-cache
11:24:19.227 [Forwarding findElement on session 197b6b89e62bca51444c22e6a69c7a9a to remote] DEBUG org.apache.http.impl.execchain.MainClientExec - Connection can be kept alive indefinitely
11:24:19.227 [Forwarding findElement on session 197b6b89e62bca51444c22e6a69c7a9a to remote] DEBUG org.apache.http.impl.conn.PoolingHttpClientConnectionManager - Connection [id: 28][route: {}->http://localhost:7185] can be kept alive indefinitely
11:24:19.227 [Forwarding findElement on session 197b6b89e62bca51444c22e6a69c7a9a to remote] DEBUG org.apache.http.impl.conn.PoolingHttpClientConnectionManager - Connection released: [id: 28][route: {}->http://localhost:7185][total kept alive: 29; route allocated: 1 of 2000; total allocated: 29 of 2000]
11:24:19.228 [Forwarding clickElement on session 197b6b89e62bca51444c22e6a69c7a9a to remote] DEBUG org.apache.http.client.protocol.RequestAddCookies - CookieSpec selected: default
11:24:19.228 [Forwarding clickElement on session 197b6b89e62bca51444c22e6a69c7a9a to remote] DEBUG org.apache.http.client.protocol.RequestAuthCache - Auth cache not set in the context
11:24:19.228 [Forwarding clickElement on session 197b6b89e62bca51444c22e6a69c7a9a to remote] DEBUG org.apache.http.impl.conn.PoolingHttpClientConnectionManager - Connection request: [route: {}->http://localhost:7185][total kept alive: 29; route allocated: 1 of 2000; total allocated: 29 of 2000]
11:24:19.228 [Forwarding clickElement on session 197b6b89e62bca51444c22e6a69c7a9a to remote] DEBUG org.apache.http.impl.conn.PoolingHttpClientConnectionManager - Connection leased: [id: 28][route: {}->http://localhost:7185][total kept alive: 28; route allocated: 1 of 2000; total allocated: 29 of 2000]
11:24:19.228 [Forwarding clickElement on session 197b6b89e62bca51444c22e6a69c7a9a to remote] DEBUG org.apache.http.impl.execchain.MainClientExec - Stale connection check
11:24:19.229 [Forwarding clickElement on session 197b6b89e62bca51444c22e6a69c7a9a to remote] DEBUG org.apache.http.wire - http-outgoing-28 << "[read] I/O error: Read timed out"
11:24:19.229 [Forwarding clickElement on session 197b6b89e62bca51444c22e6a69c7a9a to remote] DEBUG org.apache.http.impl.conn.DefaultManagedHttpClientConnection - http-outgoing-28: set socket timeout to 10800000
11:24:19.229 [Forwarding clickElement on session 197b6b89e62bca51444c22e6a69c7a9a to remote] DEBUG org.apache.http.impl.execchain.MainClientExec - Executing request POST /session/197b6b89e62bca51444c22e6a69c7a9a/element/01c75264-e378-4f3c-bd86-f15b09bccfd5/click HTTP/1.1
11:24:19.229 [Forwarding clickElement on session 197b6b89e62bca51444c22e6a69c7a9a to remote] DEBUG org.apache.http.impl.execchain.MainClientExec - Target auth state: UNCHALLENGED
11:24:19.229 [Forwarding clickElement on session 197b6b89e62bca51444c22e6a69c7a9a to remote] DEBUG org.apache.http.impl.execchain.MainClientExec - Proxy auth state: UNCHALLENGED
11:24:19.229 [Forwarding clickElement on session 197b6b89e62bca51444c22e6a69c7a9a to remote] DEBUG org.apache.http.headers - http-outgoing-28 >> POST /session/197b6b89e62bca51444c22e6a69c7a9a/element/01c75264-e378-4f3c-bd86-f15b09bccfd5/click HTTP/1.1
11:24:19.229 [Forwarding clickElement on session 197b6b89e62bca51444c22e6a69c7a9a to remote] DEBUG org.apache.http.headers - http-outgoing-28 >> Content-Type: application/json; charset=utf-8
11:24:19.229 [Forwarding clickElement on session 197b6b89e62bca51444c22e6a69c7a9a to remote] DEBUG org.apache.http.headers - http-outgoing-28 >> Content-Length: 45
11:24:19.229 [Forwarding clickElement on session 197b6b89e62bca51444c22e6a69c7a9a to remote] DEBUG org.apache.http.headers - http-outgoing-28 >> Host: localhost:7185
11:24:19.229 [Forwarding clickElement on session 197b6b89e62bca51444c22e6a69c7a9a to remote] DEBUG org.apache.http.headers - http-outgoing-28 >> Connection: Keep-Alive
11:24:19.229 [Forwarding clickElement on session 197b6b89e62bca51444c22e6a69c7a9a to remote] DEBUG org.apache.http.headers - http-outgoing-28 >> User-Agent: Apache-HttpClient/4.5.3 (Java/1.8.0_211)
11:24:19.229 [Forwarding clickElement on session 197b6b89e62bca51444c22e6a69c7a9a to remote] DEBUG org.apache.http.headers - http-outgoing-28 >> Accept-Encoding: gzip,deflate
11:24:19.229 [Forwarding clickElement on session 197b6b89e62bca51444c22e6a69c7a9a to remote] DEBUG org.apache.http.wire - http-outgoing-28 >> "POST /session/197b6b89e62bca51444c22e6a69c7a9a/element/01c75264-e378-4f3c-bd86-f15b09bccfd5/click HTTP/1.1[\r][\n]"
11:24:19.229 [Forwarding clickElement on session 197b6b89e62bca51444c22e6a69c7a9a to remote] DEBUG org.apache.http.wire - http-outgoing-28 >> "Content-Type: application/json; charset=utf-8[\r][\n]"
11:24:19.229 [Forwarding clickElement on session 197b6b89e62bca51444c22e6a69c7a9a to remote] DEBUG org.apache.http.wire - http-outgoing-28 >> "Content-Length: 45[\r][\n]"
11:24:19.229 [Forwarding clickElement on session 197b6b89e62bca51444c22e6a69c7a9a to remote] DEBUG org.apache.http.wire - http-outgoing-28 >> "Host: localhost:7185[\r][\n]"
11:24:19.229 [Forwarding clickElement on session 197b6b89e62bca51444c22e6a69c7a9a to remote] DEBUG org.apache.http.wire - http-outgoing-28 >> "Connection: Keep-Alive[\r][\n]"
11:24:19.229 [Forwarding clickElement on session 197b6b89e62bca51444c22e6a69c7a9a to remote] DEBUG org.apache.http.wire - http-outgoing-28 >> "User-Agent: Apache-HttpClient/4.5.3 (Java/1.8.0_211)[\r][\n]"
11:24:19.229 [Forwarding clickElement on session 197b6b89e62bca51444c22e6a69c7a9a to remote] DEBUG org.apache.http.wire - http-outgoing-28 >> "Accept-Encoding: gzip,deflate[\r][\n]"
11:24:19.229 [Forwarding clickElement on session 197b6b89e62bca51444c22e6a69c7a9a to remote] DEBUG org.apache.http.wire - http-outgoing-28 >> "[\r][\n]"
11:24:19.229 [Forwarding clickElement on session 197b6b89e62bca51444c22e6a69c7a9a to remote] DEBUG org.apache.http.wire - http-outgoing-28 >> "{"id":"01c75264-e378-4f3c-bd86-f15b09bccfd5"}"
11:24:19.289 [Forwarding clickElement on session 197b6b89e62bca51444c22e6a69c7a9a to remote] DEBUG org.apache.http.wire - http-outgoing-28 << "HTTP/1.1 200 OK[\r][\n]"
11:24:19.289 [Forwarding clickElement on session 197b6b89e62bca51444c22e6a69c7a9a to remote] DEBUG org.apache.http.wire - http-outgoing-28 << "Content-Length:14[\r][\n]"
11:24:19.289 [Forwarding clickElement on session 197b6b89e62bca51444c22e6a69c7a9a to remote] DEBUG org.apache.http.wire - http-outgoing-28 << "Content-Type:application/json; charset=utf-8[\r][\n]"
11:24:19.289 [Forwarding clickElement on session 197b6b89e62bca51444c22e6a69c7a9a to remote] DEBUG org.apache.http.wire - http-outgoing-28 << "cache-control:no-cache[\r][\n]"
11:24:19.289 [Forwarding clickElement on session 197b6b89e62bca51444c22e6a69c7a9a to remote] DEBUG org.apache.http.wire - http-outgoing-28 << "[\r][\n]"
11:24:19.289 [Forwarding clickElement on session 197b6b89e62bca51444c22e6a69c7a9a to remote] DEBUG org.apache.http.wire - http-outgoing-28 << "{"value":null}"
11:24:19.289 [Forwarding clickElement on session 197b6b89e62bca51444c22e6a69c7a9a to remote] DEBUG org.apache.http.headers - http-outgoing-28 << HTTP/1.1 200 OK
11:24:19.289 [Forwarding clickElement on session 197b6b89e62bca51444c22e6a69c7a9a to remote] DEBUG org.apache.http.headers - http-outgoing-28 << Content-Length:14
11:24:19.289 [Forwarding clickElement on session 197b6b89e62bca51444c22e6a69c7a9a to remote] DEBUG org.apache.http.headers - http-outgoing-28 << Content-Type:application/json; charset=utf-8
11:24:19.289 [Forwarding clickElement on session 197b6b89e62bca51444c22e6a69c7a9a to remote] DEBUG org.apache.http.headers - http-outgoing-28 << cache-control:no-cache
11:24:19.289 [Forwarding clickElement on session 197b6b89e62bca51444c22e6a69c7a9a to remote] DEBUG org.apache.http.impl.execchain.MainClientExec - Connection can be kept alive indefinitely
11:24:19.289 [Forwarding clickElement on session 197b6b89e62bca51444c22e6a69c7a9a to remote] DEBUG org.apache.http.impl.conn.PoolingHttpClientConnectionManager - Connection [id: 28][route: {}->http://localhost:7185] can be kept alive indefinitely
11:24:19.289 [Forwarding clickElement on session 197b6b89e62bca51444c22e6a69c7a9a to remote] DEBUG org.apache.http.impl.conn.PoolingHttpClientConnectionManager - Connection released: [id: 28][route: {}->http://localhost:7185][total kept alive: 29; route allocated: 1 of 2000; total allocated: 29 of 2000]
11:24:19.289 [Forwarding findElement on session 197b6b89e62bca51444c22e6a69c7a9a to remote] DEBUG org.apache.http.client.protocol.RequestAddCookies - CookieSpec selected: default
11:24:19.289 [Forwarding findElement on session 197b6b89e62bca51444c22e6a69c7a9a to remote] DEBUG org.apache.http.client.protocol.RequestAuthCache - Auth cache not set in the context
11:24:19.289 [Forwarding findElement on session 197b6b89e62bca51444c22e6a69c7a9a to remote] DEBUG org.apache.http.impl.conn.PoolingHttpClientConnectionManager - Connection request: [route: {}->http://localhost:7185][total kept alive: 29; route allocated: 1 of 2000; total allocated: 29 of 2000]
11:24:19.289 [Forwarding findElement on session 197b6b89e62bca51444c22e6a69c7a9a to remote] DEBUG org.apache.http.impl.conn.PoolingHttpClientConnectionManager - Connection leased: [id: 28][route: {}->http://localhost:7185][total kept alive: 28; route allocated: 1 of 2000; total allocated: 29 of 2000]
11:24:19.289 [Forwarding findElement on session 197b6b89e62bca51444c22e6a69c7a9a to remote] DEBUG org.apache.http.impl.execchain.MainClientExec - Stale connection check
11:24:19.290 [Forwarding findElement on session 197b6b89e62bca51444c22e6a69c7a9a to remote] DEBUG org.apache.http.wire - http-outgoing-28 << "[read] I/O error: Read timed out"
11:24:19.290 [Forwarding findElement on session 197b6b89e62bca51444c22e6a69c7a9a to remote] DEBUG org.apache.http.impl.conn.DefaultManagedHttpClientConnection - http-outgoing-28: set socket timeout to 10800000
11:24:19.290 [Forwarding findElement on session 197b6b89e62bca51444c22e6a69c7a9a to remote] DEBUG org.apache.http.impl.execchain.MainClientExec - Executing request POST /session/197b6b89e62bca51444c22e6a69c7a9a/element HTTP/1.1
11:24:19.290 [Forwarding findElement on session 197b6b89e62bca51444c22e6a69c7a9a to remote] DEBUG org.apache.http.impl.execchain.MainClientExec - Target auth state: UNCHALLENGED
11:24:19.290 [Forwarding findElement on session 197b6b89e62bca51444c22e6a69c7a9a to remote] DEBUG org.apache.http.impl.execchain.MainClientExec - Proxy auth state: UNCHALLENGED
11:24:19.290 [Forwarding findElement on session 197b6b89e62bca51444c22e6a69c7a9a to remote] DEBUG org.apache.http.headers - http-outgoing-28 >> POST /session/197b6b89e62bca51444c22e6a69c7a9a/element HTTP/1.1
11:24:19.290 [Forwarding findElement on session 197b6b89e62bca51444c22e6a69c7a9a to remote] DEBUG org.apache.http.headers - http-outgoing-28 >> Content-Type: application/json; charset=utf-8
11:24:19.290 [Forwarding findElement on session 197b6b89e62bca51444c22e6a69c7a9a to remote] DEBUG org.apache.http.headers - http-outgoing-28 >> Content-Length: 53
11:24:19.290 [Forwarding findElement on session 197b6b89e62bca51444c22e6a69c7a9a to remote] DEBUG org.apache.http.headers - http-outgoing-28 >> Host: localhost:7185
11:24:19.290 [Forwarding findElement on session 197b6b89e62bca51444c22e6a69c7a9a to remote] DEBUG org.apache.http.headers - http-outgoing-28 >> Connection: Keep-Alive
11:24:19.290 [Forwarding findElement on session 197b6b89e62bca51444c22e6a69c7a9a to remote] DEBUG org.apache.http.headers - http-outgoing-28 >> User-Agent: Apache-HttpClient/4.5.3 (Java/1.8.0_211)
11:24:19.290 [Forwarding findElement on session 197b6b89e62bca51444c22e6a69c7a9a to remote] DEBUG org.apache.http.headers - http-outgoing-28 >> Accept-Encoding: gzip,deflate
11:24:19.290 [Forwarding findElement on session 197b6b89e62bca51444c22e6a69c7a9a to remote] DEBUG org.apache.http.wire - http-outgoing-28 >> "POST /session/197b6b89e62bca51444c22e6a69c7a9a/element HTTP/1.1[\r][\n]"
11:24:19.290 [Forwarding findElement on session 197b6b89e62bca51444c22e6a69c7a9a to remote] DEBUG org.apache.http.wire - http-outgoing-28 >> "Content-Type: application/json; charset=utf-8[\r][\n]"
11:24:19.290 [Forwarding findElement on session 197b6b89e62bca51444c22e6a69c7a9a to remote] DEBUG org.apache.http.wire - http-outgoing-28 >> "Content-Length: 53[\r][\n]"
11:24:19.290 [Forwarding findElement on session 197b6b89e62bca51444c22e6a69c7a9a to remote] DEBUG org.apache.http.wire - http-outgoing-28 >> "Host: localhost:7185[\r][\n]"
11:24:19.290 [Forwarding findElement on session 197b6b89e62bca51444c22e6a69c7a9a to remote] DEBUG org.apache.http.wire - http-outgoing-28 >> "Connection: Keep-Alive[\r][\n]"
11:24:19.290 [Forwarding findElement on session 197b6b89e62bca51444c22e6a69c7a9a to remote] DEBUG org.apache.http.wire - http-outgoing-28 >> "User-Agent: Apache-HttpClient/4.5.3 (Java/1.8.0_211)[\r][\n]"
11:24:19.290 [Forwarding findElement on session 197b6b89e62bca51444c22e6a69c7a9a to remote] DEBUG org.apache.http.wire - http-outgoing-28 >> "Accept-Encoding: gzip,deflate[\r][\n]"
11:24:19.290 [Forwarding findElement on session 197b6b89e62bca51444c22e6a69c7a9a to remote] DEBUG org.apache.http.wire - http-outgoing-28 >> "[\r][\n]"
11:24:19.290 [Forwarding findElement on session 197b6b89e62bca51444c22e6a69c7a9a to remote] DEBUG org.apache.http.wire - http-outgoing-28 >> "{"value":"span > .d-flex div","using":"css selector"}"
11:24:19.557 [Forwarding findElement on session 197b6b89e62bca51444c22e6a69c7a9a to remote] DEBUG org.apache.http.wire - http-outgoing-28 << "HTTP/1.1 200 OK[\r][\n]"
11:24:19.557 [Forwarding findElement on session 197b6b89e62bca51444c22e6a69c7a9a to remote] DEBUG org.apache.http.wire - http-outgoing-28 << "Content-Length:88[\r][\n]"
11:24:19.557 [Forwarding findElement on session 197b6b89e62bca51444c22e6a69c7a9a to remote] DEBUG org.apache.http.wire - http-outgoing-28 << "Content-Type:application/json; charset=utf-8[\r][\n]"
11:24:19.557 [Forwarding findElement on session 197b6b89e62bca51444c22e6a69c7a9a to remote] DEBUG org.apache.http.wire - http-outgoing-28 << "cache-control:no-cache[\r][\n]"
11:24:19.557 [Forwarding findElement on session 197b6b89e62bca51444c22e6a69c7a9a to remote] DEBUG org.apache.http.wire - http-outgoing-28 << "[\r][\n]"
11:24:19.557 [Forwarding findElement on session 197b6b89e62bca51444c22e6a69c7a9a to remote] DEBUG org.apache.http.wire - http-outgoing-28 << "{"value":{"element-6066-11e4-a52e-4f735466cecf":"355a90ad-d4ab-4dfe-ade7-28db9b986be2"}}"
11:24:19.557 [Forwarding findElement on session 197b6b89e62bca51444c22e6a69c7a9a to remote] DEBUG org.apache.http.headers - http-outgoing-28 << HTTP/1.1 200 OK
11:24:19.557 [Forwarding findElement on session 197b6b89e62bca51444c22e6a69c7a9a to remote] DEBUG org.apache.http.headers - http-outgoing-28 << Content-Length:88
11:24:19.557 [Forwarding findElement on session 197b6b89e62bca51444c22e6a69c7a9a to remote] DEBUG org.apache.http.headers - http-outgoing-28 << Content-Type:application/json; charset=utf-8
11:24:19.557 [Forwarding findElement on session 197b6b89e62bca51444c22e6a69c7a9a to remote] DEBUG org.apache.http.headers - http-outgoing-28 << cache-control:no-cache
11:24:19.557 [Forwarding findElement on session 197b6b89e62bca51444c22e6a69c7a9a to remote] DEBUG org.apache.http.impl.execchain.MainClientExec - Connection can be kept alive indefinitely
11:24:19.558 [Forwarding findElement on session 197b6b89e62bca51444c22e6a69c7a9a to remote] DEBUG org.apache.http.impl.conn.PoolingHttpClientConnectionManager - Connection [id: 28][route: {}->http://localhost:7185] can be kept alive indefinitely
11:24:19.558 [Forwarding findElement on session 197b6b89e62bca51444c22e6a69c7a9a to remote] DEBUG org.apache.http.impl.conn.PoolingHttpClientConnectionManager - Connection released: [id: 28][route: {}->http://localhost:7185][total kept alive: 29; route allocated: 1 of 2000; total allocated: 29 of 2000]
11:24:19.558 [Forwarding getElementText on session 197b6b89e62bca51444c22e6a69c7a9a to remote] DEBUG org.apache.http.client.protocol.RequestAddCookies - CookieSpec selected: default
11:24:19.558 [Forwarding getElementText on session 197b6b89e62bca51444c22e6a69c7a9a to remote] DEBUG org.apache.http.client.protocol.RequestAuthCache - Auth cache not set in the context
11:24:19.558 [Forwarding getElementText on session 197b6b89e62bca51444c22e6a69c7a9a to remote] DEBUG org.apache.http.impl.conn.PoolingHttpClientConnectionManager - Connection request: [route: {}->http://localhost:7185][total kept alive: 29; route allocated: 1 of 2000; total allocated: 29 of 2000]
11:24:19.558 [Forwarding getElementText on session 197b6b89e62bca51444c22e6a69c7a9a to remote] DEBUG org.apache.http.impl.conn.PoolingHttpClientConnectionManager - Connection leased: [id: 28][route: {}->http://localhost:7185][total kept alive: 28; route allocated: 1 of 2000; total allocated: 29 of 2000]
11:24:19.558 [Forwarding getElementText on session 197b6b89e62bca51444c22e6a69c7a9a to remote] DEBUG org.apache.http.impl.execchain.MainClientExec - Stale connection check
11:24:19.559 [Forwarding getElementText on session 197b6b89e62bca51444c22e6a69c7a9a to remote] DEBUG org.apache.http.wire - http-outgoing-28 << "[read] I/O error: Read timed out"
11:24:19.559 [Forwarding getElementText on session 197b6b89e62bca51444c22e6a69c7a9a to remote] DEBUG org.apache.http.impl.conn.DefaultManagedHttpClientConnection - http-outgoing-28: set socket timeout to 10800000
11:24:19.559 [Forwarding getElementText on session 197b6b89e62bca51444c22e6a69c7a9a to remote] DEBUG org.apache.http.impl.execchain.MainClientExec - Executing request GET /session/197b6b89e62bca51444c22e6a69c7a9a/element/355a90ad-d4ab-4dfe-ade7-28db9b986be2/text HTTP/1.1
11:24:19.559 [Forwarding getElementText on session 197b6b89e62bca51444c22e6a69c7a9a to remote] DEBUG org.apache.http.impl.execchain.MainClientExec - Target auth state: UNCHALLENGED
11:24:19.559 [Forwarding getElementText on session 197b6b89e62bca51444c22e6a69c7a9a to remote] DEBUG org.apache.http.impl.execchain.MainClientExec - Proxy auth state: UNCHALLENGED
11:24:19.559 [Forwarding getElementText on session 197b6b89e62bca51444c22e6a69c7a9a to remote] DEBUG org.apache.http.headers - http-outgoing-28 >> GET /session/197b6b89e62bca51444c22e6a69c7a9a/element/355a90ad-d4ab-4dfe-ade7-28db9b986be2/text HTTP/1.1
11:24:19.559 [Forwarding getElementText on session 197b6b89e62bca51444c22e6a69c7a9a to remote] DEBUG org.apache.http.headers - http-outgoing-28 >> Cache-Control: no-cache
11:24:19.559 [Forwarding getElementText on session 197b6b89e62bca51444c22e6a69c7a9a to remote] DEBUG org.apache.http.headers - http-outgoing-28 >> Host: localhost:7185
11:24:19.559 [Forwarding getElementText on session 197b6b89e62bca51444c22e6a69c7a9a to remote] DEBUG org.apache.http.headers - http-outgoing-28 >> Connection: Keep-Alive
11:24:19.559 [Forwarding getElementText on session 197b6b89e62bca51444c22e6a69c7a9a to remote] DEBUG org.apache.http.headers - http-outgoing-28 >> User-Agent: Apache-HttpClient/4.5.3 (Java/1.8.0_211)
11:24:19.559 [Forwarding getElementText on session 197b6b89e62bca51444c22e6a69c7a9a to remote] DEBUG org.apache.http.headers - http-outgoing-28 >> Accept-Encoding: gzip,deflate
11:24:19.559 [Forwarding getElementText on session 197b6b89e62bca51444c22e6a69c7a9a to remote] DEBUG org.apache.http.wire - http-outgoing-28 >> "GET /session/197b6b89e62bca51444c22e6a69c7a9a/element/355a90ad-d4ab-4dfe-ade7-28db9b986be2/text HTTP/1.1[\r][\n]"
11:24:19.559 [Forwarding getElementText on session 197b6b89e62bca51444c22e6a69c7a9a to remote] DEBUG org.apache.http.wire - http-outgoing-28 >> "Cache-Control: no-cache[\r][\n]"
11:24:19.559 [Forwarding getElementText on session 197b6b89e62bca51444c22e6a69c7a9a to remote] DEBUG org.apache.http.wire - http-outgoing-28 >> "Host: localhost:7185[\r][\n]"
11:24:19.559 [Forwarding getElementText on session 197b6b89e62bca51444c22e6a69c7a9a to remote] DEBUG org.apache.http.wire - http-outgoing-28 >> "Connection: Keep-Alive[\r][\n]"
11:24:19.559 [Forwarding getElementText on session 197b6b89e62bca51444c22e6a69c7a9a to remote] DEBUG org.apache.http.wire - http-outgoing-28 >> "User-Agent: Apache-HttpClient/4.5.3 (Java/1.8.0_211)[\r][\n]"
11:24:19.559 [Forwarding getElementText on session 197b6b89e62bca51444c22e6a69c7a9a to remote] DEBUG org.apache.http.wire - http-outgoing-28 >> "Accept-Encoding: gzip,deflate[\r][\n]"
11:24:19.559 [Forwarding getElementText on session 197b6b89e62bca51444c22e6a69c7a9a to remote] DEBUG org.apache.http.wire - http-outgoing-28 >> "[\r][\n]"
11:24:19.567 [Forwarding getElementText on session 197b6b89e62bca51444c22e6a69c7a9a to remote] DEBUG org.apache.http.wire - http-outgoing-28 << "HTTP/1.1 200 OK[\r][\n]"
11:24:19.567 [Forwarding getElementText on session 197b6b89e62bca51444c22e6a69c7a9a to remote] DEBUG org.apache.http.wire - http-outgoing-28 << "Content-Length:46[\r][\n]"
11:24:19.567 [Forwarding getElementText on session 197b6b89e62bca51444c22e6a69c7a9a to remote] DEBUG org.apache.http.wire - http-outgoing-28 << "Content-Type:application/json; charset=utf-8[\r][\n]"
11:24:19.567 [Forwarding getElementText on session 197b6b89e62bca51444c22e6a69c7a9a to remote] DEBUG org.apache.http.wire - http-outgoing-28 << "cache-control:no-cache[\r][\n]"
11:24:19.567 [Forwarding getElementText on session 197b6b89e62bca51444c22e6a69c7a9a to remote] DEBUG org.apache.http.wire - http-outgoing-28 << "[\r][\n]"
11:24:19.567 [Forwarding getElementText on session 197b6b89e62bca51444c22e6a69c7a9a to remote] DEBUG org.apache.http.wire - http-outgoing-28 << "{"value":"TN2jfdYCX9vvozqjwVvPjMd7vRj8HKyxUe"}"
11:24:19.567 [Forwarding getElementText on session 197b6b89e62bca51444c22e6a69c7a9a to remote] DEBUG org.apache.http.headers - http-outgoing-28 << HTTP/1.1 200 OK
11:24:19.567 [Forwarding getElementText on session 197b6b89e62bca51444c22e6a69c7a9a to remote] DEBUG org.apache.http.headers - http-outgoing-28 << Content-Length:46
11:24:19.567 [Forwarding getElementText on session 197b6b89e62bca51444c22e6a69c7a9a to remote] DEBUG org.apache.http.headers - http-outgoing-28 << Content-Type:application/json; charset=utf-8
11:24:19.567 [Forwarding getElementText on session 197b6b89e62bca51444c22e6a69c7a9a to remote] DEBUG org.apache.http.headers - http-outgoing-28 << cache-control:no-cache
11:24:19.567 [Forwarding getElementText on session 197b6b89e62bca51444c22e6a69c7a9a to remote] DEBUG org.apache.http.impl.execchain.MainClientExec - Connection can be kept alive indefinitely
11:24:19.567 [Forwarding getElementText on session 197b6b89e62bca51444c22e6a69c7a9a to remote] DEBUG org.apache.http.impl.conn.PoolingHttpClientConnectionManager - Connection [id: 28][route: {}->http://localhost:7185] can be kept alive indefinitely
11:24:19.567 [Forwarding getElementText on session 197b6b89e62bca51444c22e6a69c7a9a to remote] DEBUG org.apache.http.impl.conn.PoolingHttpClientConnectionManager - Connection released: [id: 28][route: {}->http://localhost:7185][total kept alive: 29; route allocated: 1 of 2000; total allocated: 29 of 2000]
11:24:19.770 [Forwarding findElement on session 197b6b89e62bca51444c22e6a69c7a9a to remote] DEBUG org.apache.http.client.protocol.RequestAddCookies - CookieSpec selected: default
11:24:19.770 [Forwarding findElement on session 197b6b89e62bca51444c22e6a69c7a9a to remote] DEBUG org.apache.http.client.protocol.RequestAuthCache - Auth cache not set in the context
11:24:19.770 [Forwarding findElement on session 197b6b89e62bca51444c22e6a69c7a9a to remote] DEBUG org.apache.http.impl.conn.PoolingHttpClientConnectionManager - Connection request: [route: {}->http://localhost:7185][total kept alive: 29; route allocated: 1 of 2000; total allocated: 29 of 2000]
11:24:19.770 [Forwarding findElement on session 197b6b89e62bca51444c22e6a69c7a9a to remote] DEBUG org.apache.http.impl.conn.PoolingHttpClientConnectionManager - Connection leased: [id: 28][route: {}->http://localhost:7185][total kept alive: 28; route allocated: 1 of 2000; total allocated: 29 of 2000]
11:24:19.770 [Forwarding findElement on session 197b6b89e62bca51444c22e6a69c7a9a to remote] DEBUG org.apache.http.impl.execchain.MainClientExec - Stale connection check
11:24:19.771 [Forwarding findElement on session 197b6b89e62bca51444c22e6a69c7a9a to remote] DEBUG org.apache.http.wire - http-outgoing-28 << "[read] I/O error: Read timed out"
11:24:19.771 [Forwarding findElement on session 197b6b89e62bca51444c22e6a69c7a9a to remote] DEBUG org.apache.http.impl.conn.DefaultManagedHttpClientConnection - http-outgoing-28: set socket timeout to 10800000
11:24:19.771 [Forwarding findElement on session 197b6b89e62bca51444c22e6a69c7a9a to remote] DEBUG org.apache.http.impl.execchain.MainClientExec - Executing request POST /session/197b6b89e62bca51444c22e6a69c7a9a/element HTTP/1.1
11:24:19.771 [Forwarding findElement on session 197b6b89e62bca51444c22e6a69c7a9a to remote] DEBUG org.apache.http.impl.execchain.MainClientExec - Target auth state: UNCHALLENGED
11:24:19.771 [Forwarding findElement on session 197b6b89e62bca51444c22e6a69c7a9a to remote] DEBUG org.apache.http.impl.execchain.MainClientExec - Proxy auth state: UNCHALLENGED
11:24:19.771 [Forwarding findElement on session 197b6b89e62bca51444c22e6a69c7a9a to remote] DEBUG org.apache.http.headers - http-outgoing-28 >> POST /session/197b6b89e62bca51444c22e6a69c7a9a/element HTTP/1.1
11:24:19.771 [Forwarding findElement on session 197b6b89e62bca51444c22e6a69c7a9a to remote] DEBUG org.apache.http.headers - http-outgoing-28 >> Content-Type: application/json; charset=utf-8
11:24:19.771 [Forwarding findElement on session 197b6b89e62bca51444c22e6a69c7a9a to remote] DEBUG org.apache.http.headers - http-outgoing-28 >> Content-Length: 58
11:24:19.771 [Forwarding findElement on session 197b6b89e62bca51444c22e6a69c7a9a to remote] DEBUG org.apache.http.headers - http-outgoing-28 >> Host: localhost:7185
11:24:19.771 [Forwarding findElement on session 197b6b89e62bca51444c22e6a69c7a9a to remote] DEBUG org.apache.http.headers - http-outgoing-28 >> Connection: Keep-Alive
11:24:19.771 [Forwarding findElement on session 197b6b89e62bca51444c22e6a69c7a9a to remote] DEBUG org.apache.http.headers - http-outgoing-28 >> User-Agent: Apache-HttpClient/4.5.3 (Java/1.8.0_211)
11:24:19.771 [Forwarding findElement on session 197b6b89e62bca51444c22e6a69c7a9a to remote] DEBUG org.apache.http.headers - http-outgoing-28 >> Accept-Encoding: gzip,deflate
11:24:19.771 [Forwarding findElement on session 197b6b89e62bca51444c22e6a69c7a9a to remote] DEBUG org.apache.http.wire - http-outgoing-28 >> "POST /session/197b6b89e62bca51444c22e6a69c7a9a/element HTTP/1.1[\r][\n]"
11:24:19.771 [Forwarding findElement on session 197b6b89e62bca51444c22e6a69c7a9a to remote] DEBUG org.apache.http.wire - http-outgoing-28 >> "Content-Type: application/json; charset=utf-8[\r][\n]"
11:24:19.771 [Forwarding findElement on session 197b6b89e62bca51444c22e6a69c7a9a to remote] DEBUG org.apache.http.wire - http-outgoing-28 >> "Content-Length: 58[\r][\n]"
11:24:19.771 [Forwarding findElement on session 197b6b89e62bca51444c22e6a69c7a9a to remote] DEBUG org.apache.http.wire - http-outgoing-28 >> "Host: localhost:7185[\r][\n]"
11:24:19.771 [Forwarding findElement on session 197b6b89e62bca51444c22e6a69c7a9a to remote] DEBUG org.apache.http.wire - http-outgoing-28 >> "Connection: Keep-Alive[\r][\n]"
11:24:19.771 [Forwarding findElement on session 197b6b89e62bca51444c22e6a69c7a9a to remote] DEBUG org.apache.http.wire - http-outgoing-28 >> "User-Agent: Apache-HttpClient/4.5.3 (Java/1.8.0_211)[\r][\n]"
11:24:19.771 [Forwarding findElement on session 197b6b89e62bca51444c22e6a69c7a9a to remote] DEBUG org.apache.http.wire - http-outgoing-28 >> "Accept-Encoding: gzip,deflate[\r][\n]"
11:24:19.771 [Forwarding findElement on session 197b6b89e62bca51444c22e6a69c7a9a to remote] DEBUG org.apache.http.wire - http-outgoing-28 >> "[\r][\n]"
11:24:19.771 [Forwarding findElement on session 197b6b89e62bca51444c22e6a69c7a9a to remote] DEBUG org.apache.http.wire - http-outgoing-28 >> "{"value":".dropdown-toggle > span","using":"css selector"}"
11:24:19.778 [Forwarding findElement on session 197b6b89e62bca51444c22e6a69c7a9a to remote] DEBUG org.apache.http.wire - http-outgoing-28 << "HTTP/1.1 200 OK[\r][\n]"
11:24:19.778 [Forwarding findElement on session 197b6b89e62bca51444c22e6a69c7a9a to remote] DEBUG org.apache.http.wire - http-outgoing-28 << "Content-Length:88[\r][\n]"
11:24:19.778 [Forwarding findElement on session 197b6b89e62bca51444c22e6a69c7a9a to remote] DEBUG org.apache.http.wire - http-outgoing-28 << "Content-Type:application/json; charset=utf-8[\r][\n]"
11:24:19.778 [Forwarding findElement on session 197b6b89e62bca51444c22e6a69c7a9a to remote] DEBUG org.apache.http.wire - http-outgoing-28 << "cache-control:no-cache[\r][\n]"
11:24:19.778 [Forwarding findElement on session 197b6b89e62bca51444c22e6a69c7a9a to remote] DEBUG org.apache.http.wire - http-outgoing-28 << "[\r][\n]"
11:24:19.778 [Forwarding findElement on session 197b6b89e62bca51444c22e6a69c7a9a to remote] DEBUG org.apache.http.wire - http-outgoing-28 << "{"value":{"element-6066-11e4-a52e-4f735466cecf":"8d6d63ad-bc6b-4bcb-b9b3-7e046bf8b482"}}"
11:24:19.778 [Forwarding findElement on session 197b6b89e62bca51444c22e6a69c7a9a to remote] DEBUG org.apache.http.headers - http-outgoing-28 << HTTP/1.1 200 OK
11:24:19.778 [Forwarding findElement on session 197b6b89e62bca51444c22e6a69c7a9a to remote] DEBUG org.apache.http.headers - http-outgoing-28 << Content-Length:88
11:24:19.778 [Forwarding findElement on session 197b6b89e62bca51444c22e6a69c7a9a to remote] DEBUG org.apache.http.headers - http-outgoing-28 << Content-Type:application/json; charset=utf-8
11:24:19.778 [Forwarding findElement on session 197b6b89e62bca51444c22e6a69c7a9a to remote] DEBUG org.apache.http.headers - http-outgoing-28 << cache-control:no-cache
11:24:19.778 [Forwarding findElement on session 197b6b89e62bca51444c22e6a69c7a9a to remote] DEBUG org.apache.http.impl.execchain.MainClientExec - Connection can be kept alive indefinitely
11:24:19.778 [Forwarding findElement on session 197b6b89e62bca51444c22e6a69c7a9a to remote] DEBUG org.apache.http.impl.conn.PoolingHttpClientConnectionManager - Connection [id: 28][route: {}->http://localhost:7185] can be kept alive indefinitely
11:24:19.778 [Forwarding findElement on session 197b6b89e62bca51444c22e6a69c7a9a to remote] DEBUG org.apache.http.impl.conn.PoolingHttpClientConnectionManager - Connection released: [id: 28][route: {}->http://localhost:7185][total kept alive: 29; route allocated: 1 of 2000; total allocated: 29 of 2000]
11:24:19.778 [Forwarding actions on session 197b6b89e62bca51444c22e6a69c7a9a to remote] DEBUG org.apache.http.client.protocol.RequestAddCookies - CookieSpec selected: default
11:24:19.778 [Forwarding actions on session 197b6b89e62bca51444c22e6a69c7a9a to remote] DEBUG org.apache.http.client.protocol.RequestAuthCache - Auth cache not set in the context
11:24:19.778 [Forwarding actions on session 197b6b89e62bca51444c22e6a69c7a9a to remote] DEBUG org.apache.http.impl.conn.PoolingHttpClientConnectionManager - Connection request: [route: {}->http://localhost:7185][total kept alive: 29; route allocated: 1 of 2000; total allocated: 29 of 2000]
11:24:19.778 [Forwarding actions on session 197b6b89e62bca51444c22e6a69c7a9a to remote] DEBUG org.apache.http.impl.conn.PoolingHttpClientConnectionManager - Connection leased: [id: 28][route: {}->http://localhost:7185][total kept alive: 28; route allocated: 1 of 2000; total allocated: 29 of 2000]
11:24:19.778 [Forwarding actions on session 197b6b89e62bca51444c22e6a69c7a9a to remote] DEBUG org.apache.http.impl.execchain.MainClientExec - Stale connection check
11:24:19.780 [Forwarding actions on session 197b6b89e62bca51444c22e6a69c7a9a to remote] DEBUG org.apache.http.wire - http-outgoing-28 << "[read] I/O error: Read timed out"
11:24:19.780 [Forwarding actions on session 197b6b89e62bca51444c22e6a69c7a9a to remote] DEBUG org.apache.http.impl.conn.DefaultManagedHttpClientConnection - http-outgoing-28: set socket timeout to 10800000
11:24:19.780 [Forwarding actions on session 197b6b89e62bca51444c22e6a69c7a9a to remote] DEBUG org.apache.http.impl.execchain.MainClientExec - Executing request POST /session/197b6b89e62bca51444c22e6a69c7a9a/actions HTTP/1.1
11:24:19.780 [Forwarding actions on session 197b6b89e62bca51444c22e6a69c7a9a to remote] DEBUG org.apache.http.impl.execchain.MainClientExec - Target auth state: UNCHALLENGED
11:24:19.780 [Forwarding actions on session 197b6b89e62bca51444c22e6a69c7a9a to remote] DEBUG org.apache.http.impl.execchain.MainClientExec - Proxy auth state: UNCHALLENGED
11:24:19.780 [Forwarding actions on session 197b6b89e62bca51444c22e6a69c7a9a to remote] DEBUG org.apache.http.headers - http-outgoing-28 >> POST /session/197b6b89e62bca51444c22e6a69c7a9a/actions HTTP/1.1
11:24:19.780 [Forwarding actions on session 197b6b89e62bca51444c22e6a69c7a9a to remote] DEBUG org.apache.http.headers - http-outgoing-28 >> Content-Type: application/json; charset=utf-8
11:24:19.780 [Forwarding actions on session 197b6b89e62bca51444c22e6a69c7a9a to remote] DEBUG org.apache.http.headers - http-outgoing-28 >> Content-Length: 289
11:24:19.780 [Forwarding actions on session 197b6b89e62bca51444c22e6a69c7a9a to remote] DEBUG org.apache.http.headers - http-outgoing-28 >> Host: localhost:7185
11:24:19.780 [Forwarding actions on session 197b6b89e62bca51444c22e6a69c7a9a to remote] DEBUG org.apache.http.headers - http-outgoing-28 >> Connection: Keep-Alive
11:24:19.780 [Forwarding actions on session 197b6b89e62bca51444c22e6a69c7a9a to remote] DEBUG org.apache.http.headers - http-outgoing-28 >> User-Agent: Apache-HttpClient/4.5.3 (Java/1.8.0_211)
11:24:19.780 [Forwarding actions on session 197b6b89e62bca51444c22e6a69c7a9a to remote] DEBUG org.apache.http.headers - http-outgoing-28 >> Accept-Encoding: gzip,deflate
11:24:19.780 [Forwarding actions on session 197b6b89e62bca51444c22e6a69c7a9a to remote] DEBUG org.apache.http.wire - http-outgoing-28 >> "POST /session/197b6b89e62bca51444c22e6a69c7a9a/actions HTTP/1.1[\r][\n]"
11:24:19.780 [Forwarding actions on session 197b6b89e62bca51444c22e6a69c7a9a to remote] DEBUG org.apache.http.wire - http-outgoing-28 >> "Content-Type: application/json; charset=utf-8[\r][\n]"
11:24:19.780 [Forwarding actions on session 197b6b89e62bca51444c22e6a69c7a9a to remote] DEBUG org.apache.http.wire - http-outgoing-28 >> "Content-Length: 289[\r][\n]"
11:24:19.780 [Forwarding actions on session 197b6b89e62bca51444c22e6a69c7a9a to remote] DEBUG org.apache.http.wire - http-outgoing-28 >> "Host: localhost:7185[\r][\n]"
11:24:19.780 [Forwarding actions on session 197b6b89e62bca51444c22e6a69c7a9a to remote] DEBUG org.apache.http.wire - http-outgoing-28 >> "Connection: Keep-Alive[\r][\n]"
11:24:19.780 [Forwarding actions on session 197b6b89e62bca51444c22e6a69c7a9a to remote] DEBUG org.apache.http.wire - http-outgoing-28 >> "User-Agent: Apache-HttpClient/4.5.3 (Java/1.8.0_211)[\r][\n]"
11:24:19.780 [Forwarding actions on session 197b6b89e62bca51444c22e6a69c7a9a to remote] DEBUG org.apache.http.wire - http-outgoing-28 >> "Accept-Encoding: gzip,deflate[\r][\n]"
11:24:19.780 [Forwarding actions on session 197b6b89e62bca51444c22e6a69c7a9a to remote] DEBUG org.apache.http.wire - http-outgoing-28 >> "[\r][\n]"
11:24:19.780 [Forwarding actions on session 197b6b89e62bca51444c22e6a69c7a9a to remote] DEBUG org.apache.http.wire - http-outgoing-28 >> "{"actions":[{"id":"default mouse","type":"pointer","parameters":{"pointerType":"mouse"},"actions":[{"duration":100,"x":0,"y":0,"type":"pointerMove","origin":{"ELEMENT":"8d6d63ad-bc6b-4bcb-b9b3-7e046bf8b482","element-6066-11e4-a52e-4f735466cecf":"8d6d63ad-bc6b-4bcb-b9b3-7e046bf8b482"}}]}]}"
11:24:19.894 [Forwarding actions on session 197b6b89e62bca51444c22e6a69c7a9a to remote] DEBUG org.apache.http.wire - http-outgoing-28 << "HTTP/1.1 200 OK[\r][\n]"
11:24:19.894 [Forwarding actions on session 197b6b89e62bca51444c22e6a69c7a9a to remote] DEBUG org.apache.http.wire - http-outgoing-28 << "Content-Length:14[\r][\n]"
11:24:19.894 [Forwarding actions on session 197b6b89e62bca51444c22e6a69c7a9a to remote] DEBUG org.apache.http.wire - http-outgoing-28 << "Content-Type:application/json; charset=utf-8[\r][\n]"
11:24:19.894 [Forwarding actions on session 197b6b89e62bca51444c22e6a69c7a9a to remote] DEBUG org.apache.http.wire - http-outgoing-28 << "cache-control:no-cache[\r][\n]"
11:24:19.894 [Forwarding actions on session 197b6b89e62bca51444c22e6a69c7a9a to remote] DEBUG org.apache.http.wire - http-outgoing-28 << "[\r][\n]"
11:24:19.894 [Forwarding actions on session 197b6b89e62bca51444c22e6a69c7a9a to remote] DEBUG org.apache.http.wire - http-outgoing-28 << "{"value":null}"
11:24:19.894 [Forwarding actions on session 197b6b89e62bca51444c22e6a69c7a9a to remote] DEBUG org.apache.http.headers - http-outgoing-28 << HTTP/1.1 200 OK
11:24:19.894 [Forwarding actions on session 197b6b89e62bca51444c22e6a69c7a9a to remote] DEBUG org.apache.http.headers - http-outgoing-28 << Content-Length:14
11:24:19.894 [Forwarding actions on session 197b6b89e62bca51444c22e6a69c7a9a to remote] DEBUG org.apache.http.headers - http-outgoing-28 << Content-Type:application/json; charset=utf-8
11:24:19.894 [Forwarding actions on session 197b6b89e62bca51444c22e6a69c7a9a to remote] DEBUG org.apache.http.headers - http-outgoing-28 << cache-control:no-cache
11:24:19.894 [Forwarding actions on session 197b6b89e62bca51444c22e6a69c7a9a to remote] DEBUG org.apache.http.impl.execchain.MainClientExec - Connection can be kept alive indefinitely
11:24:19.894 [Forwarding actions on session 197b6b89e62bca51444c22e6a69c7a9a to remote] DEBUG org.apache.http.impl.conn.PoolingHttpClientConnectionManager - Connection [id: 28][route: {}->http://localhost:7185] can be kept alive indefinitely
11:24:19.894 [Forwarding actions on session 197b6b89e62bca51444c22e6a69c7a9a to remote] DEBUG org.apache.http.impl.conn.PoolingHttpClientConnectionManager - Connection released: [id: 28][route: {}->http://localhost:7185][total kept alive: 29; route allocated: 1 of 2000; total allocated: 29 of 2000]
11:24:19.894 [Forwarding findElement on session 197b6b89e62bca51444c22e6a69c7a9a to remote] DEBUG org.apache.http.client.protocol.RequestAddCookies - CookieSpec selected: default
11:24:19.894 [Forwarding findElement on session 197b6b89e62bca51444c22e6a69c7a9a to remote] DEBUG org.apache.http.client.protocol.RequestAuthCache - Auth cache not set in the context
11:24:19.894 [Forwarding findElement on session 197b6b89e62bca51444c22e6a69c7a9a to remote] DEBUG org.apache.http.impl.conn.PoolingHttpClientConnectionManager - Connection request: [route: {}->http://localhost:7185][total kept alive: 29; route allocated: 1 of 2000; total allocated: 29 of 2000]
11:24:19.894 [Forwarding findElement on session 197b6b89e62bca51444c22e6a69c7a9a to remote] DEBUG org.apache.http.impl.conn.PoolingHttpClientConnectionManager - Connection leased: [id: 28][route: {}->http://localhost:7185][total kept alive: 28; route allocated: 1 of 2000; total allocated: 29 of 2000]
11:24:19.894 [Forwarding findElement on session 197b6b89e62bca51444c22e6a69c7a9a to remote] DEBUG org.apache.http.impl.execchain.MainClientExec - Stale connection check
11:24:19.895 [Forwarding findElement on session 197b6b89e62bca51444c22e6a69c7a9a to remote] DEBUG org.apache.http.wire - http-outgoing-28 << "[read] I/O error: Read timed out"
11:24:19.895 [Forwarding findElement on session 197b6b89e62bca51444c22e6a69c7a9a to remote] DEBUG org.apache.http.impl.conn.DefaultManagedHttpClientConnection - http-outgoing-28: set socket timeout to 10800000
11:24:19.895 [Forwarding findElement on session 197b6b89e62bca51444c22e6a69c7a9a to remote] DEBUG org.apache.http.impl.execchain.MainClientExec - Executing request POST /session/197b6b89e62bca51444c22e6a69c7a9a/element HTTP/1.1
11:24:19.895 [Forwarding findElement on session 197b6b89e62bca51444c22e6a69c7a9a to remote] DEBUG org.apache.http.impl.execchain.MainClientExec - Target auth state: UNCHALLENGED
11:24:19.895 [Forwarding findElement on session 197b6b89e62bca51444c22e6a69c7a9a to remote] DEBUG org.apache.http.impl.execchain.MainClientExec - Proxy auth state: UNCHALLENGED
11:24:19.895 [Forwarding findElement on session 197b6b89e62bca51444c22e6a69c7a9a to remote] DEBUG org.apache.http.headers - http-outgoing-28 >> POST /session/197b6b89e62bca51444c22e6a69c7a9a/element HTTP/1.1
11:24:19.895 [Forwarding findElement on session 197b6b89e62bca51444c22e6a69c7a9a to remote] DEBUG org.apache.http.headers - http-outgoing-28 >> Content-Type: application/json; charset=utf-8
11:24:19.895 [Forwarding findElement on session 197b6b89e62bca51444c22e6a69c7a9a to remote] DEBUG org.apache.http.headers - http-outgoing-28 >> Content-Length: 63
11:24:19.895 [Forwarding findElement on session 197b6b89e62bca51444c22e6a69c7a9a to remote] DEBUG org.apache.http.headers - http-outgoing-28 >> Host: localhost:7185
11:24:19.895 [Forwarding findElement on session 197b6b89e62bca51444c22e6a69c7a9a to remote] DEBUG org.apache.http.headers - http-outgoing-28 >> Connection: Keep-Alive
11:24:19.895 [Forwarding findElement on session 197b6b89e62bca51444c22e6a69c7a9a to remote] DEBUG org.apache.http.headers - http-outgoing-28 >> User-Agent: Apache-HttpClient/4.5.3 (Java/1.8.0_211)
11:24:19.895 [Forwarding findElement on session 197b6b89e62bca51444c22e6a69c7a9a to remote] DEBUG org.apache.http.headers - http-outgoing-28 >> Accept-Encoding: gzip,deflate
11:24:19.895 [Forwarding findElement on session 197b6b89e62bca51444c22e6a69c7a9a to remote] DEBUG org.apache.http.wire - http-outgoing-28 >> "POST /session/197b6b89e62bca51444c22e6a69c7a9a/element HTTP/1.1[\r][\n]"
11:24:19.895 [Forwarding findElement on session 197b6b89e62bca51444c22e6a69c7a9a to remote] DEBUG org.apache.http.wire - http-outgoing-28 >> "Content-Type: application/json; charset=utf-8[\r][\n]"
11:24:19.895 [Forwarding findElement on session 197b6b89e62bca51444c22e6a69c7a9a to remote] DEBUG org.apache.http.wire - http-outgoing-28 >> "Content-Length: 63[\r][\n]"
11:24:19.895 [Forwarding findElement on session 197b6b89e62bca51444c22e6a69c7a9a to remote] DEBUG org.apache.http.wire - http-outgoing-28 >> "Host: localhost:7185[\r][\n]"
11:24:19.895 [Forwarding findElement on session 197b6b89e62bca51444c22e6a69c7a9a to remote] DEBUG org.apache.http.wire - http-outgoing-28 >> "Connection: Keep-Alive[\r][\n]"
11:24:19.895 [Forwarding findElement on session 197b6b89e62bca51444c22e6a69c7a9a to remote] DEBUG org.apache.http.wire - http-outgoing-28 >> "User-Agent: Apache-HttpClient/4.5.3 (Java/1.8.0_211)[\r][\n]"
11:24:19.895 [Forwarding findElement on session 197b6b89e62bca51444c22e6a69c7a9a to remote] DEBUG org.apache.http.wire - http-outgoing-28 >> "Accept-Encoding: gzip,deflate[\r][\n]"
11:24:19.895 [Forwarding findElement on session 197b6b89e62bca51444c22e6a69c7a9a to remote] DEBUG org.apache.http.wire - http-outgoing-28 >> "[\r][\n]"
11:24:19.895 [Forwarding findElement on session 197b6b89e62bca51444c22e6a69c7a9a to remote] DEBUG org.apache.http.wire - http-outgoing-28 >> "{"value":".dropdown-item:nth-child(10)","using":"css selector"}"
11:24:19.901 [Forwarding findElement on session 197b6b89e62bca51444c22e6a69c7a9a to remote] DEBUG org.apache.http.wire - http-outgoing-28 << "HTTP/1.1 200 OK[\r][\n]"
11:24:19.901 [Forwarding findElement on session 197b6b89e62bca51444c22e6a69c7a9a to remote] DEBUG org.apache.http.wire - http-outgoing-28 << "Content-Length:88[\r][\n]"
11:24:19.901 [Forwarding findElement on session 197b6b89e62bca51444c22e6a69c7a9a to remote] DEBUG org.apache.http.wire - http-outgoing-28 << "Content-Type:application/json; charset=utf-8[\r][\n]"
11:24:19.901 [Forwarding findElement on session 197b6b89e62bca51444c22e6a69c7a9a to remote] DEBUG org.apache.http.wire - http-outgoing-28 << "cache-control:no-cache[\r][\n]"
11:24:19.901 [Forwarding findElement on session 197b6b89e62bca51444c22e6a69c7a9a to remote] DEBUG org.apache.http.wire - http-outgoing-28 << "[\r][\n]"
11:24:19.901 [Forwarding findElement on session 197b6b89e62bca51444c22e6a69c7a9a to remote] DEBUG org.apache.http.wire - http-outgoing-28 << "{"value":{"element-6066-11e4-a52e-4f735466cecf":"8be2dcda-e186-4894-ae6e-9f5423178609"}}"
11:24:19.901 [Forwarding findElement on session 197b6b89e62bca51444c22e6a69c7a9a to remote] DEBUG org.apache.http.headers - http-outgoing-28 << HTTP/1.1 200 OK
11:24:19.901 [Forwarding findElement on session 197b6b89e62bca51444c22e6a69c7a9a to remote] DEBUG org.apache.http.headers - http-outgoing-28 << Content-Length:88
11:24:19.901 [Forwarding findElement on session 197b6b89e62bca51444c22e6a69c7a9a to remote] DEBUG org.apache.http.headers - http-outgoing-28 << Content-Type:application/json; charset=utf-8
11:24:19.901 [Forwarding findElement on session 197b6b89e62bca51444c22e6a69c7a9a to remote] DEBUG org.apache.http.headers - http-outgoing-28 << cache-control:no-cache
11:24:19.901 [Forwarding findElement on session 197b6b89e62bca51444c22e6a69c7a9a to remote] DEBUG org.apache.http.impl.execchain.MainClientExec - Connection can be kept alive indefinitely
11:24:19.901 [Forwarding findElement on session 197b6b89e62bca51444c22e6a69c7a9a to remote] DEBUG org.apache.http.impl.conn.PoolingHttpClientConnectionManager - Connection [id: 28][route: {}->http://localhost:7185] can be kept alive indefinitely
11:24:19.901 [Forwarding findElement on session 197b6b89e62bca51444c22e6a69c7a9a to remote] DEBUG org.apache.http.impl.conn.PoolingHttpClientConnectionManager - Connection released: [id: 28][route: {}->http://localhost:7185][total kept alive: 29; route allocated: 1 of 2000; total allocated: 29 of 2000]
11:24:19.901 [Forwarding clickElement on session 197b6b89e62bca51444c22e6a69c7a9a to remote] DEBUG org.apache.http.client.protocol.RequestAddCookies - CookieSpec selected: default
11:24:19.901 [Forwarding clickElement on session 197b6b89e62bca51444c22e6a69c7a9a to remote] DEBUG org.apache.http.client.protocol.RequestAuthCache - Auth cache not set in the context
11:24:19.901 [Forwarding clickElement on session 197b6b89e62bca51444c22e6a69c7a9a to remote] DEBUG org.apache.http.impl.conn.PoolingHttpClientConnectionManager - Connection request: [route: {}->http://localhost:7185][total kept alive: 29; route allocated: 1 of 2000; total allocated: 29 of 2000]
11:24:19.901 [Forwarding clickElement on session 197b6b89e62bca51444c22e6a69c7a9a to remote] DEBUG org.apache.http.impl.conn.PoolingHttpClientConnectionManager - Connection leased: [id: 28][route: {}->http://localhost:7185][total kept alive: 28; route allocated: 1 of 2000; total allocated: 29 of 2000]
11:24:19.901 [Forwarding clickElement on session 197b6b89e62bca51444c22e6a69c7a9a to remote] DEBUG org.apache.http.impl.execchain.MainClientExec - Stale connection check
11:24:19.902 [Forwarding clickElement on session 197b6b89e62bca51444c22e6a69c7a9a to remote] DEBUG org.apache.http.wire - http-outgoing-28 << "[read] I/O error: Read timed out"
11:24:19.902 [Forwarding clickElement on session 197b6b89e62bca51444c22e6a69c7a9a to remote] DEBUG org.apache.http.impl.conn.DefaultManagedHttpClientConnection - http-outgoing-28: set socket timeout to 10800000
11:24:19.902 [Forwarding clickElement on session 197b6b89e62bca51444c22e6a69c7a9a to remote] DEBUG org.apache.http.impl.execchain.MainClientExec - Executing request POST /session/197b6b89e62bca51444c22e6a69c7a9a/element/8be2dcda-e186-4894-ae6e-9f5423178609/click HTTP/1.1
11:24:19.902 [Forwarding clickElement on session 197b6b89e62bca51444c22e6a69c7a9a to remote] DEBUG org.apache.http.impl.execchain.MainClientExec - Target auth state: UNCHALLENGED
11:24:19.902 [Forwarding clickElement on session 197b6b89e62bca51444c22e6a69c7a9a to remote] DEBUG org.apache.http.impl.execchain.MainClientExec - Proxy auth state: UNCHALLENGED
11:24:19.902 [Forwarding clickElement on session 197b6b89e62bca51444c22e6a69c7a9a to remote] DEBUG org.apache.http.headers - http-outgoing-28 >> POST /session/197b6b89e62bca51444c22e6a69c7a9a/element/8be2dcda-e186-4894-ae6e-9f5423178609/click HTTP/1.1
11:24:19.902 [Forwarding clickElement on session 197b6b89e62bca51444c22e6a69c7a9a to remote] DEBUG org.apache.http.headers - http-outgoing-28 >> Content-Type: application/json; charset=utf-8
11:24:19.902 [Forwarding clickElement on session 197b6b89e62bca51444c22e6a69c7a9a to remote] DEBUG org.apache.http.headers - http-outgoing-28 >> Content-Length: 45
11:24:19.902 [Forwarding clickElement on session 197b6b89e62bca51444c22e6a69c7a9a to remote] DEBUG org.apache.http.headers - http-outgoing-28 >> Host: localhost:7185
11:24:19.902 [Forwarding clickElement on session 197b6b89e62bca51444c22e6a69c7a9a to remote] DEBUG org.apache.http.headers - http-outgoing-28 >> Connection: Keep-Alive
11:24:19.902 [Forwarding clickElement on session 197b6b89e62bca51444c22e6a69c7a9a to remote] DEBUG org.apache.http.headers - http-outgoing-28 >> User-Agent: Apache-HttpClient/4.5.3 (Java/1.8.0_211)
11:24:19.902 [Forwarding clickElement on session 197b6b89e62bca51444c22e6a69c7a9a to remote] DEBUG org.apache.http.headers - http-outgoing-28 >> Accept-Encoding: gzip,deflate
11:24:19.902 [Forwarding clickElement on session 197b6b89e62bca51444c22e6a69c7a9a to remote] DEBUG org.apache.http.wire - http-outgoing-28 >> "POST /session/197b6b89e62bca51444c22e6a69c7a9a/element/8be2dcda-e186-4894-ae6e-9f5423178609/click HTTP/1.1[\r][\n]"
11:24:19.902 [Forwarding clickElement on session 197b6b89e62bca51444c22e6a69c7a9a to remote] DEBUG org.apache.http.wire - http-outgoing-28 >> "Content-Type: application/json; charset=utf-8[\r][\n]"
11:24:19.902 [Forwarding clickElement on session 197b6b89e62bca51444c22e6a69c7a9a to remote] DEBUG org.apache.http.wire - http-outgoing-28 >> "Content-Length: 45[\r][\n]"
11:24:19.902 [Forwarding clickElement on session 197b6b89e62bca51444c22e6a69c7a9a to remote] DEBUG org.apache.http.wire - http-outgoing-28 >> "Host: localhost:7185[\r][\n]"
11:24:19.902 [Forwarding clickElement on session 197b6b89e62bca51444c22e6a69c7a9a to remote] DEBUG org.apache.http.wire - http-outgoing-28 >> "Connection: Keep-Alive[\r][\n]"
11:24:19.902 [Forwarding clickElement on session 197b6b89e62bca51444c22e6a69c7a9a to remote] DEBUG org.apache.http.wire - http-outgoing-28 >> "User-Agent: Apache-HttpClient/4.5.3 (Java/1.8.0_211)[\r][\n]"
11:24:19.902 [Forwarding clickElement on session 197b6b89e62bca51444c22e6a69c7a9a to remote] DEBUG org.apache.http.wire - http-outgoing-28 >> "Accept-Encoding: gzip,deflate[\r][\n]"
11:24:19.902 [Forwarding clickElement on session 197b6b89e62bca51444c22e6a69c7a9a to remote] DEBUG org.apache.http.wire - http-outgoing-28 >> "[\r][\n]"
11:24:19.902 [Forwarding clickElement on session 197b6b89e62bca51444c22e6a69c7a9a to remote] DEBUG org.apache.http.wire - http-outgoing-28 >> "{"id":"8be2dcda-e186-4894-ae6e-9f5423178609"}"
11:24:19.966 [Forwarding clickElement on session 197b6b89e62bca51444c22e6a69c7a9a to remote] DEBUG org.apache.http.wire - http-outgoing-28 << "HTTP/1.1 200 OK[\r][\n]"
11:24:19.966 [Forwarding clickElement on session 197b6b89e62bca51444c22e6a69c7a9a to remote] DEBUG org.apache.http.wire - http-outgoing-28 << "Content-Length:14[\r][\n]"
11:24:19.966 [Forwarding clickElement on session 197b6b89e62bca51444c22e6a69c7a9a to remote] DEBUG org.apache.http.wire - http-outgoing-28 << "Content-Type:application/json; charset=utf-8[\r][\n]"
11:24:19.966 [Forwarding clickElement on session 197b6b89e62bca51444c22e6a69c7a9a to remote] DEBUG org.apache.http.wire - http-outgoing-28 << "cache-control:no-cache[\r][\n]"
11:24:19.966 [Forwarding clickElement on session 197b6b89e62bca51444c22e6a69c7a9a to remote] DEBUG org.apache.http.wire - http-outgoing-28 << "[\r][\n]"
11:24:19.966 [Forwarding clickElement on session 197b6b89e62bca51444c22e6a69c7a9a to remote] DEBUG org.apache.http.wire - http-outgoing-28 << "{"value":null}"
11:24:19.966 [Forwarding clickElement on session 197b6b89e62bca51444c22e6a69c7a9a to remote] DEBUG org.apache.http.headers - http-outgoing-28 << HTTP/1.1 200 OK
11:24:19.966 [Forwarding clickElement on session 197b6b89e62bca51444c22e6a69c7a9a to remote] DEBUG org.apache.http.headers - http-outgoing-28 << Content-Length:14
11:24:19.966 [Forwarding clickElement on session 197b6b89e62bca51444c22e6a69c7a9a to remote] DEBUG org.apache.http.headers - http-outgoing-28 << Content-Type:application/json; charset=utf-8
11:24:19.966 [Forwarding clickElement on session 197b6b89e62bca51444c22e6a69c7a9a to remote] DEBUG org.apache.http.headers - http-outgoing-28 << cache-control:no-cache
11:24:19.966 [Forwarding clickElement on session 197b6b89e62bca51444c22e6a69c7a9a to remote] DEBUG org.apache.http.impl.execchain.MainClientExec - Connection can be kept alive indefinitely
11:24:19.966 [Forwarding clickElement on session 197b6b89e62bca51444c22e6a69c7a9a to remote] DEBUG org.apache.http.impl.conn.PoolingHttpClientConnectionManager - Connection [id: 28][route: {}->http://localhost:7185] can be kept alive indefinitely
11:24:19.966 [Forwarding clickElement on session 197b6b89e62bca51444c22e6a69c7a9a to remote] DEBUG org.apache.http.impl.conn.PoolingHttpClientConnectionManager - Connection released: [id: 28][route: {}->http://localhost:7185][total kept alive: 29; route allocated: 1 of 2000; total allocated: 29 of 2000]
11:24:19.966 [Forwarding findElement on session 197b6b89e62bca51444c22e6a69c7a9a to remote] DEBUG org.apache.http.client.protocol.RequestAddCookies - CookieSpec selected: default
11:24:19.966 [Forwarding findElement on session 197b6b89e62bca51444c22e6a69c7a9a to remote] DEBUG org.apache.http.client.protocol.RequestAuthCache - Auth cache not set in the context
11:24:19.966 [Forwarding findElement on session 197b6b89e62bca51444c22e6a69c7a9a to remote] DEBUG org.apache.http.impl.conn.PoolingHttpClientConnectionManager - Connection request: [route: {}->http://localhost:7185][total kept alive: 29; route allocated: 1 of 2000; total allocated: 29 of 2000]
11:24:19.966 [Forwarding findElement on session 197b6b89e62bca51444c22e6a69c7a9a to remote] DEBUG org.apache.http.impl.conn.PoolingHttpClientConnectionManager - Connection leased: [id: 28][route: {}->http://localhost:7185][total kept alive: 28; route allocated: 1 of 2000; total allocated: 29 of 2000]
11:24:19.966 [Forwarding findElement on session 197b6b89e62bca51444c22e6a69c7a9a to remote] DEBUG org.apache.http.impl.execchain.MainClientExec - Stale connection check
11:24:19.967 [Forwarding findElement on session 197b6b89e62bca51444c22e6a69c7a9a to remote] DEBUG org.apache.http.wire - http-outgoing-28 << "[read] I/O error: Read timed out"
11:24:19.967 [Forwarding findElement on session 197b6b89e62bca51444c22e6a69c7a9a to remote] DEBUG org.apache.http.impl.conn.DefaultManagedHttpClientConnection - http-outgoing-28: set socket timeout to 10800000
11:24:19.967 [Forwarding findElement on session 197b6b89e62bca51444c22e6a69c7a9a to remote] DEBUG org.apache.http.impl.execchain.MainClientExec - Executing request POST /session/197b6b89e62bca51444c22e6a69c7a9a/element HTTP/1.1
11:24:19.967 [Forwarding findElement on session 197b6b89e62bca51444c22e6a69c7a9a to remote] DEBUG org.apache.http.impl.execchain.MainClientExec - Target auth state: UNCHALLENGED
11:24:19.967 [Forwarding findElement on session 197b6b89e62bca51444c22e6a69c7a9a to remote] DEBUG org.apache.http.impl.execchain.MainClientExec - Proxy auth state: UNCHALLENGED
11:24:19.967 [Forwarding findElement on session 197b6b89e62bca51444c22e6a69c7a9a to remote] DEBUG org.apache.http.headers - http-outgoing-28 >> POST /session/197b6b89e62bca51444c22e6a69c7a9a/element HTTP/1.1
11:24:19.967 [Forwarding findElement on session 197b6b89e62bca51444c22e6a69c7a9a to remote] DEBUG org.apache.http.headers - http-outgoing-28 >> Content-Type: application/json; charset=utf-8
11:24:19.967 [Forwarding findElement on session 197b6b89e62bca51444c22e6a69c7a9a to remote] DEBUG org.apache.http.headers - http-outgoing-28 >> Content-Length: 73
11:24:19.967 [Forwarding findElement on session 197b6b89e62bca51444c22e6a69c7a9a to remote] DEBUG org.apache.http.headers - http-outgoing-28 >> Host: localhost:7185
11:24:19.967 [Forwarding findElement on session 197b6b89e62bca51444c22e6a69c7a9a to remote] DEBUG org.apache.http.headers - http-outgoing-28 >> Connection: Keep-Alive
11:24:19.967 [Forwarding findElement on session 197b6b89e62bca51444c22e6a69c7a9a to remote] DEBUG org.apache.http.headers - http-outgoing-28 >> User-Agent: Apache-HttpClient/4.5.3 (Java/1.8.0_211)
11:24:19.967 [Forwarding findElement on session 197b6b89e62bca51444c22e6a69c7a9a to remote] DEBUG org.apache.http.headers - http-outgoing-28 >> Accept-Encoding: gzip,deflate
11:24:19.967 [Forwarding findElement on session 197b6b89e62bca51444c22e6a69c7a9a to remote] DEBUG org.apache.http.wire - http-outgoing-28 >> "POST /session/197b6b89e62bca51444c22e6a69c7a9a/element HTTP/1.1[\r][\n]"
11:24:19.967 [Forwarding findElement on session 197b6b89e62bca51444c22e6a69c7a9a to remote] DEBUG org.apache.http.wire - http-outgoing-28 >> "Content-Type: application/json; charset=utf-8[\r][\n]"
11:24:19.967 [Forwarding findElement on session 197b6b89e62bca51444c22e6a69c7a9a to remote] DEBUG org.apache.http.wire - http-outgoing-28 >> "Content-Length: 73[\r][\n]"
11:24:19.967 [Forwarding findElement on session 197b6b89e62bca51444c22e6a69c7a9a to remote] DEBUG org.apache.http.wire - http-outgoing-28 >> "Host: localhost:7185[\r][\n]"
11:24:19.967 [Forwarding findElement on session 197b6b89e62bca51444c22e6a69c7a9a to remote] DEBUG org.apache.http.wire - http-outgoing-28 >> "Connection: Keep-Alive[\r][\n]"
11:24:19.967 [Forwarding findElement on session 197b6b89e62bca51444c22e6a69c7a9a to remote] DEBUG org.apache.http.wire - http-outgoing-28 >> "User-Agent: Apache-HttpClient/4.5.3 (Java/1.8.0_211)[\r][\n]"
11:24:19.967 [Forwarding findElement on session 197b6b89e62bca51444c22e6a69c7a9a to remote] DEBUG org.apache.http.wire - http-outgoing-28 >> "Accept-Encoding: gzip,deflate[\r][\n]"
11:24:19.967 [Forwarding findElement on session 197b6b89e62bca51444c22e6a69c7a9a to remote] DEBUG org.apache.http.wire - http-outgoing-28 >> "[\r][\n]"
11:24:19.967 [Forwarding findElement on session 197b6b89e62bca51444c22e6a69c7a9a to remote] DEBUG org.apache.http.wire - http-outgoing-28 >> "{"value":".form-group:nth-child(1) .form-control","using":"css selector"}"
11:24:19.973 [Forwarding findElement on session 197b6b89e62bca51444c22e6a69c7a9a to remote] DEBUG org.apache.http.wire - http-outgoing-28 << "HTTP/1.1 200 OK[\r][\n]"
11:24:19.973 [Forwarding findElement on session 197b6b89e62bca51444c22e6a69c7a9a to remote] DEBUG org.apache.http.wire - http-outgoing-28 << "Content-Length:88[\r][\n]"
11:24:19.973 [Forwarding findElement on session 197b6b89e62bca51444c22e6a69c7a9a to remote] DEBUG org.apache.http.wire - http-outgoing-28 << "Content-Type:application/json; charset=utf-8[\r][\n]"
11:24:19.973 [Forwarding findElement on session 197b6b89e62bca51444c22e6a69c7a9a to remote] DEBUG org.apache.http.wire - http-outgoing-28 << "cache-control:no-cache[\r][\n]"
11:24:19.973 [Forwarding findElement on session 197b6b89e62bca51444c22e6a69c7a9a to remote] DEBUG org.apache.http.wire - http-outgoing-28 << "[\r][\n]"
11:24:19.973 [Forwarding findElement on session 197b6b89e62bca51444c22e6a69c7a9a to remote] DEBUG org.apache.http.wire - http-outgoing-28 << "{"value":{"element-6066-11e4-a52e-4f735466cecf":"689b2695-2a62-4f1e-ac45-49af8cfb0196"}}"
11:24:19.973 [Forwarding findElement on session 197b6b89e62bca51444c22e6a69c7a9a to remote] DEBUG org.apache.http.headers - http-outgoing-28 << HTTP/1.1 200 OK
11:24:19.973 [Forwarding findElement on session 197b6b89e62bca51444c22e6a69c7a9a to remote] DEBUG org.apache.http.headers - http-outgoing-28 << Content-Length:88
11:24:19.973 [Forwarding findElement on session 197b6b89e62bca51444c22e6a69c7a9a to remote] DEBUG org.apache.http.headers - http-outgoing-28 << Content-Type:application/json; charset=utf-8
11:24:19.973 [Forwarding findElement on session 197b6b89e62bca51444c22e6a69c7a9a to remote] DEBUG org.apache.http.headers - http-outgoing-28 << cache-control:no-cache
11:24:19.973 [Forwarding findElement on session 197b6b89e62bca51444c22e6a69c7a9a to remote] DEBUG org.apache.http.impl.execchain.MainClientExec - Connection can be kept alive indefinitely
11:24:19.973 [Forwarding findElement on session 197b6b89e62bca51444c22e6a69c7a9a to remote] DEBUG org.apache.http.impl.conn.PoolingHttpClientConnectionManager - Connection [id: 28][route: {}->http://localhost:7185] can be kept alive indefinitely
11:24:19.973 [Forwarding findElement on session 197b6b89e62bca51444c22e6a69c7a9a to remote] DEBUG org.apache.http.impl.conn.PoolingHttpClientConnectionManager - Connection released: [id: 28][route: {}->http://localhost:7185][total kept alive: 29; route allocated: 1 of 2000; total allocated: 29 of 2000]
11:24:19.974 [Forwarding clickElement on session 197b6b89e62bca51444c22e6a69c7a9a to remote] DEBUG org.apache.http.client.protocol.RequestAddCookies - CookieSpec selected: default
11:24:19.974 [Forwarding clickElement on session 197b6b89e62bca51444c22e6a69c7a9a to remote] DEBUG org.apache.http.client.protocol.RequestAuthCache - Auth cache not set in the context
11:24:19.974 [Forwarding clickElement on session 197b6b89e62bca51444c22e6a69c7a9a to remote] DEBUG org.apache.http.impl.conn.PoolingHttpClientConnectionManager - Connection request: [route: {}->http://localhost:7185][total kept alive: 29; route allocated: 1 of 2000; total allocated: 29 of 2000]
11:24:19.974 [Forwarding clickElement on session 197b6b89e62bca51444c22e6a69c7a9a to remote] DEBUG org.apache.http.impl.conn.PoolingHttpClientConnectionManager - Connection leased: [id: 28][route: {}->http://localhost:7185][total kept alive: 28; route allocated: 1 of 2000; total allocated: 29 of 2000]
11:24:19.974 [Forwarding clickElement on session 197b6b89e62bca51444c22e6a69c7a9a to remote] DEBUG org.apache.http.impl.execchain.MainClientExec - Stale connection check
11:24:19.975 [Forwarding clickElement on session 197b6b89e62bca51444c22e6a69c7a9a to remote] DEBUG org.apache.http.wire - http-outgoing-28 << "[read] I/O error: Read timed out"
11:24:19.975 [Forwarding clickElement on session 197b6b89e62bca51444c22e6a69c7a9a to remote] DEBUG org.apache.http.impl.conn.DefaultManagedHttpClientConnection - http-outgoing-28: set socket timeout to 10800000
11:24:19.975 [Forwarding clickElement on session 197b6b89e62bca51444c22e6a69c7a9a to remote] DEBUG org.apache.http.impl.execchain.MainClientExec - Executing request POST /session/197b6b89e62bca51444c22e6a69c7a9a/element/689b2695-2a62-4f1e-ac45-49af8cfb0196/click HTTP/1.1
11:24:19.975 [Forwarding clickElement on session 197b6b89e62bca51444c22e6a69c7a9a to remote] DEBUG org.apache.http.impl.execchain.MainClientExec - Target auth state: UNCHALLENGED
11:24:19.975 [Forwarding clickElement on session 197b6b89e62bca51444c22e6a69c7a9a to remote] DEBUG org.apache.http.impl.execchain.MainClientExec - Proxy auth state: UNCHALLENGED
11:24:19.975 [Forwarding clickElement on session 197b6b89e62bca51444c22e6a69c7a9a to remote] DEBUG org.apache.http.headers - http-outgoing-28 >> POST /session/197b6b89e62bca51444c22e6a69c7a9a/element/689b2695-2a62-4f1e-ac45-49af8cfb0196/click HTTP/1.1
11:24:19.975 [Forwarding clickElement on session 197b6b89e62bca51444c22e6a69c7a9a to remote] DEBUG org.apache.http.headers - http-outgoing-28 >> Content-Type: application/json; charset=utf-8
11:24:19.975 [Forwarding clickElement on session 197b6b89e62bca51444c22e6a69c7a9a to remote] DEBUG org.apache.http.headers - http-outgoing-28 >> Content-Length: 45
11:24:19.975 [Forwarding clickElement on session 197b6b89e62bca51444c22e6a69c7a9a to remote] DEBUG org.apache.http.headers - http-outgoing-28 >> Host: localhost:7185
11:24:19.975 [Forwarding clickElement on session 197b6b89e62bca51444c22e6a69c7a9a to remote] DEBUG org.apache.http.headers - http-outgoing-28 >> Connection: Keep-Alive
11:24:19.975 [Forwarding clickElement on session 197b6b89e62bca51444c22e6a69c7a9a to remote] DEBUG org.apache.http.headers - http-outgoing-28 >> User-Agent: Apache-HttpClient/4.5.3 (Java/1.8.0_211)
11:24:19.975 [Forwarding clickElement on session 197b6b89e62bca51444c22e6a69c7a9a to remote] DEBUG org.apache.http.headers - http-outgoing-28 >> Accept-Encoding: gzip,deflate
11:24:19.975 [Forwarding clickElement on session 197b6b89e62bca51444c22e6a69c7a9a to remote] DEBUG org.apache.http.wire - http-outgoing-28 >> "POST /session/197b6b89e62bca51444c22e6a69c7a9a/element/689b2695-2a62-4f1e-ac45-49af8cfb0196/click HTTP/1.1[\r][\n]"
11:24:19.975 [Forwarding clickElement on session 197b6b89e62bca51444c22e6a69c7a9a to remote] DEBUG org.apache.http.wire - http-outgoing-28 >> "Content-Type: application/json; charset=utf-8[\r][\n]"
11:24:19.975 [Forwarding clickElement on session 197b6b89e62bca51444c22e6a69c7a9a to remote] DEBUG org.apache.http.wire - http-outgoing-28 >> "Content-Length: 45[\r][\n]"
11:24:19.975 [Forwarding clickElement on session 197b6b89e62bca51444c22e6a69c7a9a to remote] DEBUG org.apache.http.wire - http-outgoing-28 >> "Host: localhost:7185[\r][\n]"
11:24:19.975 [Forwarding clickElement on session 197b6b89e62bca51444c22e6a69c7a9a to remote] DEBUG org.apache.http.wire - http-outgoing-28 >> "Connection: Keep-Alive[\r][\n]"
11:24:19.975 [Forwarding clickElement on session 197b6b89e62bca51444c22e6a69c7a9a to remote] DEBUG org.apache.http.wire - http-outgoing-28 >> "User-Agent: Apache-HttpClient/4.5.3 (Java/1.8.0_211)[\r][\n]"
11:24:19.975 [Forwarding clickElement on session 197b6b89e62bca51444c22e6a69c7a9a to remote] DEBUG org.apache.http.wire - http-outgoing-28 >> "Accept-Encoding: gzip,deflate[\r][\n]"
11:24:19.975 [Forwarding clickElement on session 197b6b89e62bca51444c22e6a69c7a9a to remote] DEBUG org.apache.http.wire - http-outgoing-28 >> "[\r][\n]"
11:24:19.975 [Forwarding clickElement on session 197b6b89e62bca51444c22e6a69c7a9a to remote] DEBUG org.apache.http.wire - http-outgoing-28 >> "{"id":"689b2695-2a62-4f1e-ac45-49af8cfb0196"}"
11:24:20.059 [Forwarding clickElement on session 197b6b89e62bca51444c22e6a69c7a9a to remote] DEBUG org.apache.http.wire - http-outgoing-28 << "HTTP/1.1 200 OK[\r][\n]"
11:24:20.059 [Forwarding clickElement on session 197b6b89e62bca51444c22e6a69c7a9a to remote] DEBUG org.apache.http.wire - http-outgoing-28 << "Content-Length:14[\r][\n]"
11:24:20.059 [Forwarding clickElement on session 197b6b89e62bca51444c22e6a69c7a9a to remote] DEBUG org.apache.http.wire - http-outgoing-28 << "Content-Type:application/json; charset=utf-8[\r][\n]"
11:24:20.059 [Forwarding clickElement on session 197b6b89e62bca51444c22e6a69c7a9a to remote] DEBUG org.apache.http.wire - http-outgoing-28 << "cache-control:no-cache[\r][\n]"
11:24:20.059 [Forwarding clickElement on session 197b6b89e62bca51444c22e6a69c7a9a to remote] DEBUG org.apache.http.wire - http-outgoing-28 << "[\r][\n]"
11:24:20.059 [Forwarding clickElement on session 197b6b89e62bca51444c22e6a69c7a9a to remote] DEBUG org.apache.http.wire - http-outgoing-28 << "{"value":null}"
11:24:20.059 [Forwarding clickElement on session 197b6b89e62bca51444c22e6a69c7a9a to remote] DEBUG org.apache.http.headers - http-outgoing-28 << HTTP/1.1 200 OK
11:24:20.059 [Forwarding clickElement on session 197b6b89e62bca51444c22e6a69c7a9a to remote] DEBUG org.apache.http.headers - http-outgoing-28 << Content-Length:14
11:24:20.059 [Forwarding clickElement on session 197b6b89e62bca51444c22e6a69c7a9a to remote] DEBUG org.apache.http.headers - http-outgoing-28 << Content-Type:application/json; charset=utf-8
11:24:20.059 [Forwarding clickElement on session 197b6b89e62bca51444c22e6a69c7a9a to remote] DEBUG org.apache.http.headers - http-outgoing-28 << cache-control:no-cache
11:24:20.059 [Forwarding clickElement on session 197b6b89e62bca51444c22e6a69c7a9a to remote] DEBUG org.apache.http.impl.execchain.MainClientExec - Connection can be kept alive indefinitely
11:24:20.059 [Forwarding clickElement on session 197b6b89e62bca51444c22e6a69c7a9a to remote] DEBUG org.apache.http.impl.conn.PoolingHttpClientConnectionManager - Connection [id: 28][route: {}->http://localhost:7185] can be kept alive indefinitely
11:24:20.059 [Forwarding clickElement on session 197b6b89e62bca51444c22e6a69c7a9a to remote] DEBUG org.apache.http.impl.conn.PoolingHttpClientConnectionManager - Connection released: [id: 28][route: {}->http://localhost:7185][total kept alive: 29; route allocated: 1 of 2000; total allocated: 29 of 2000]
11:24:20.059 [Forwarding findElement on session 197b6b89e62bca51444c22e6a69c7a9a to remote] DEBUG org.apache.http.client.protocol.RequestAddCookies - CookieSpec selected: default
11:24:20.059 [Forwarding findElement on session 197b6b89e62bca51444c22e6a69c7a9a to remote] DEBUG org.apache.http.client.protocol.RequestAuthCache - Auth cache not set in the context
11:24:20.059 [Forwarding findElement on session 197b6b89e62bca51444c22e6a69c7a9a to remote] DEBUG org.apache.http.impl.conn.PoolingHttpClientConnectionManager - Connection request: [route: {}->http://localhost:7185][total kept alive: 29; route allocated: 1 of 2000; total allocated: 29 of 2000]
11:24:20.059 [Forwarding findElement on session 197b6b89e62bca51444c22e6a69c7a9a to remote] DEBUG org.apache.http.impl.conn.PoolingHttpClientConnectionManager - Connection leased: [id: 28][route: {}->http://localhost:7185][total kept alive: 28; route allocated: 1 of 2000; total allocated: 29 of 2000]
11:24:20.059 [Forwarding findElement on session 197b6b89e62bca51444c22e6a69c7a9a to remote] DEBUG org.apache.http.impl.execchain.MainClientExec - Stale connection check
11:24:20.061 [Forwarding findElement on session 197b6b89e62bca51444c22e6a69c7a9a to remote] DEBUG org.apache.http.wire - http-outgoing-28 << "[read] I/O error: Read timed out"
11:24:20.061 [Forwarding findElement on session 197b6b89e62bca51444c22e6a69c7a9a to remote] DEBUG org.apache.http.impl.conn.DefaultManagedHttpClientConnection - http-outgoing-28: set socket timeout to 10800000
11:24:20.061 [Forwarding findElement on session 197b6b89e62bca51444c22e6a69c7a9a to remote] DEBUG org.apache.http.impl.execchain.MainClientExec - Executing request POST /session/197b6b89e62bca51444c22e6a69c7a9a/element HTTP/1.1
11:24:20.061 [Forwarding findElement on session 197b6b89e62bca51444c22e6a69c7a9a to remote] DEBUG org.apache.http.impl.execchain.MainClientExec - Target auth state: UNCHALLENGED
11:24:20.061 [Forwarding findElement on session 197b6b89e62bca51444c22e6a69c7a9a to remote] DEBUG org.apache.http.impl.execchain.MainClientExec - Proxy auth state: UNCHALLENGED
11:24:20.061 [Forwarding findElement on session 197b6b89e62bca51444c22e6a69c7a9a to remote] DEBUG org.apache.http.headers - http-outgoing-28 >> POST /session/197b6b89e62bca51444c22e6a69c7a9a/element HTTP/1.1
11:24:20.061 [Forwarding findElement on session 197b6b89e62bca51444c22e6a69c7a9a to remote] DEBUG org.apache.http.headers - http-outgoing-28 >> Content-Type: application/json; charset=utf-8
11:24:20.061 [Forwarding findElement on session 197b6b89e62bca51444c22e6a69c7a9a to remote] DEBUG org.apache.http.headers - http-outgoing-28 >> Content-Length: 73
11:24:20.061 [Forwarding findElement on session 197b6b89e62bca51444c22e6a69c7a9a to remote] DEBUG org.apache.http.headers - http-outgoing-28 >> Host: localhost:7185
11:24:20.061 [Forwarding findElement on session 197b6b89e62bca51444c22e6a69c7a9a to remote] DEBUG org.apache.http.headers - http-outgoing-28 >> Connection: Keep-Alive
11:24:20.061 [Forwarding findElement on session 197b6b89e62bca51444c22e6a69c7a9a to remote] DEBUG org.apache.http.headers - http-outgoing-28 >> User-Agent: Apache-HttpClient/4.5.3 (Java/1.8.0_211)
11:24:20.061 [Forwarding findElement on session 197b6b89e62bca51444c22e6a69c7a9a to remote] DEBUG org.apache.http.headers - http-outgoing-28 >> Accept-Encoding: gzip,deflate
11:24:20.061 [Forwarding findElement on session 197b6b89e62bca51444c22e6a69c7a9a to remote] DEBUG org.apache.http.wire - http-outgoing-28 >> "POST /session/197b6b89e62bca51444c22e6a69c7a9a/element HTTP/1.1[\r][\n]"
11:24:20.061 [Forwarding findElement on session 197b6b89e62bca51444c22e6a69c7a9a to remote] DEBUG org.apache.http.wire - http-outgoing-28 >> "Content-Type: application/json; charset=utf-8[\r][\n]"
11:24:20.061 [Forwarding findElement on session 197b6b89e62bca51444c22e6a69c7a9a to remote] DEBUG org.apache.http.wire - http-outgoing-28 >> "Content-Length: 73[\r][\n]"
11:24:20.061 [Forwarding findElement on session 197b6b89e62bca51444c22e6a69c7a9a to remote] DEBUG org.apache.http.wire - http-outgoing-28 >> "Host: localhost:7185[\r][\n]"
11:24:20.061 [Forwarding findElement on session 197b6b89e62bca51444c22e6a69c7a9a to remote] DEBUG org.apache.http.wire - http-outgoing-28 >> "Connection: Keep-Alive[\r][\n]"
11:24:20.061 [Forwarding findElement on session 197b6b89e62bca51444c22e6a69c7a9a to remote] DEBUG org.apache.http.wire - http-outgoing-28 >> "User-Agent: Apache-HttpClient/4.5.3 (Java/1.8.0_211)[\r][\n]"
11:24:20.061 [Forwarding findElement on session 197b6b89e62bca51444c22e6a69c7a9a to remote] DEBUG org.apache.http.wire - http-outgoing-28 >> "Accept-Encoding: gzip,deflate[\r][\n]"
11:24:20.061 [Forwarding findElement on session 197b6b89e62bca51444c22e6a69c7a9a to remote] DEBUG org.apache.http.wire - http-outgoing-28 >> "[\r][\n]"
11:24:20.061 [Forwarding findElement on session 197b6b89e62bca51444c22e6a69c7a9a to remote] DEBUG org.apache.http.wire - http-outgoing-28 >> "{"value":".form-group:nth-child(1) .form-control","using":"css selector"}"
11:24:20.064 [Forwarding findElement on session 197b6b89e62bca51444c22e6a69c7a9a to remote] DEBUG org.apache.http.wire - http-outgoing-28 << "HTTP/1.1 200 OK[\r][\n]"
11:24:20.064 [Forwarding findElement on session 197b6b89e62bca51444c22e6a69c7a9a to remote] DEBUG org.apache.http.wire - http-outgoing-28 << "Content-Length:88[\r][\n]"
11:24:20.064 [Forwarding findElement on session 197b6b89e62bca51444c22e6a69c7a9a to remote] DEBUG org.apache.http.wire - http-outgoing-28 << "Content-Type:application/json; charset=utf-8[\r][\n]"
11:24:20.064 [Forwarding findElement on session 197b6b89e62bca51444c22e6a69c7a9a to remote] DEBUG org.apache.http.wire - http-outgoing-28 << "cache-control:no-cache[\r][\n]"
11:24:20.064 [Forwarding findElement on session 197b6b89e62bca51444c22e6a69c7a9a to remote] DEBUG org.apache.http.wire - http-outgoing-28 << "[\r][\n]"
11:24:20.064 [Forwarding findElement on session 197b6b89e62bca51444c22e6a69c7a9a to remote] DEBUG org.apache.http.wire - http-outgoing-28 << "{"value":{"element-6066-11e4-a52e-4f735466cecf":"689b2695-2a62-4f1e-ac45-49af8cfb0196"}}"
11:24:20.064 [Forwarding findElement on session 197b6b89e62bca51444c22e6a69c7a9a to remote] DEBUG org.apache.http.headers - http-outgoing-28 << HTTP/1.1 200 OK
11:24:20.064 [Forwarding findElement on session 197b6b89e62bca51444c22e6a69c7a9a to remote] DEBUG org.apache.http.headers - http-outgoing-28 << Content-Length:88
11:24:20.064 [Forwarding findElement on session 197b6b89e62bca51444c22e6a69c7a9a to remote] DEBUG org.apache.http.headers - http-outgoing-28 << Content-Type:application/json; charset=utf-8
11:24:20.064 [Forwarding findElement on session 197b6b89e62bca51444c22e6a69c7a9a to remote] DEBUG org.apache.http.headers - http-outgoing-28 << cache-control:no-cache
11:24:20.064 [Forwarding findElement on session 197b6b89e62bca51444c22e6a69c7a9a to remote] DEBUG org.apache.http.impl.execchain.MainClientExec - Connection can be kept alive indefinitely
11:24:20.064 [Forwarding findElement on session 197b6b89e62bca51444c22e6a69c7a9a to remote] DEBUG org.apache.http.impl.conn.PoolingHttpClientConnectionManager - Connection [id: 28][route: {}->http://localhost:7185] can be kept alive indefinitely
11:24:20.064 [Forwarding findElement on session 197b6b89e62bca51444c22e6a69c7a9a to remote] DEBUG org.apache.http.impl.conn.PoolingHttpClientConnectionManager - Connection released: [id: 28][route: {}->http://localhost:7185][total kept alive: 29; route allocated: 1 of 2000; total allocated: 29 of 2000]
11:24:20.064 [Forwarding sendKeysToElement on session 197b6b89e62bca51444c22e6a69c7a9a to remote] DEBUG org.apache.http.client.protocol.RequestAddCookies - CookieSpec selected: default
11:24:20.064 [Forwarding sendKeysToElement on session 197b6b89e62bca51444c22e6a69c7a9a to remote] DEBUG org.apache.http.client.protocol.RequestAuthCache - Auth cache not set in the context
11:24:20.064 [Forwarding sendKeysToElement on session 197b6b89e62bca51444c22e6a69c7a9a to remote] DEBUG org.apache.http.impl.conn.PoolingHttpClientConnectionManager - Connection request: [route: {}->http://localhost:7185][total kept alive: 29; route allocated: 1 of 2000; total allocated: 29 of 2000]
11:24:20.064 [Forwarding sendKeysToElement on session 197b6b89e62bca51444c22e6a69c7a9a to remote] DEBUG org.apache.http.impl.conn.PoolingHttpClientConnectionManager - Connection leased: [id: 28][route: {}->http://localhost:7185][total kept alive: 28; route allocated: 1 of 2000; total allocated: 29 of 2000]
11:24:20.064 [Forwarding sendKeysToElement on session 197b6b89e62bca51444c22e6a69c7a9a to remote] DEBUG org.apache.http.impl.execchain.MainClientExec - Stale connection check
11:24:20.066 [Forwarding sendKeysToElement on session 197b6b89e62bca51444c22e6a69c7a9a to remote] DEBUG org.apache.http.wire - http-outgoing-28 << "[read] I/O error: Read timed out"
11:24:20.066 [Forwarding sendKeysToElement on session 197b6b89e62bca51444c22e6a69c7a9a to remote] DEBUG org.apache.http.impl.conn.DefaultManagedHttpClientConnection - http-outgoing-28: set socket timeout to 10800000
11:24:20.066 [Forwarding sendKeysToElement on session 197b6b89e62bca51444c22e6a69c7a9a to remote] DEBUG org.apache.http.impl.execchain.MainClientExec - Executing request POST /session/197b6b89e62bca51444c22e6a69c7a9a/element/689b2695-2a62-4f1e-ac45-49af8cfb0196/value HTTP/1.1
11:24:20.066 [Forwarding sendKeysToElement on session 197b6b89e62bca51444c22e6a69c7a9a to remote] DEBUG org.apache.http.impl.execchain.MainClientExec - Target auth state: UNCHALLENGED
11:24:20.066 [Forwarding sendKeysToElement on session 197b6b89e62bca51444c22e6a69c7a9a to remote] DEBUG org.apache.http.impl.execchain.MainClientExec - Proxy auth state: UNCHALLENGED
11:24:20.066 [Forwarding sendKeysToElement on session 197b6b89e62bca51444c22e6a69c7a9a to remote] DEBUG org.apache.http.headers - http-outgoing-28 >> POST /session/197b6b89e62bca51444c22e6a69c7a9a/element/689b2695-2a62-4f1e-ac45-49af8cfb0196/value HTTP/1.1
11:24:20.066 [Forwarding sendKeysToElement on session 197b6b89e62bca51444c22e6a69c7a9a to remote] DEBUG org.apache.http.headers - http-outgoing-28 >> Content-Type: application/json; charset=utf-8
11:24:20.066 [Forwarding sendKeysToElement on session 197b6b89e62bca51444c22e6a69c7a9a to remote] DEBUG org.apache.http.headers - http-outgoing-28 >> Content-Length: 235
11:24:20.066 [Forwarding sendKeysToElement on session 197b6b89e62bca51444c22e6a69c7a9a to remote] DEBUG org.apache.http.headers - http-outgoing-28 >> Host: localhost:7185
11:24:20.066 [Forwarding sendKeysToElement on session 197b6b89e62bca51444c22e6a69c7a9a to remote] DEBUG org.apache.http.headers - http-outgoing-28 >> Connection: Keep-Alive
11:24:20.066 [Forwarding sendKeysToElement on session 197b6b89e62bca51444c22e6a69c7a9a to remote] DEBUG org.apache.http.headers - http-outgoing-28 >> User-Agent: Apache-HttpClient/4.5.3 (Java/1.8.0_211)
11:24:20.066 [Forwarding sendKeysToElement on session 197b6b89e62bca51444c22e6a69c7a9a to remote] DEBUG org.apache.http.headers - http-outgoing-28 >> Accept-Encoding: gzip,deflate
11:24:20.066 [Forwarding sendKeysToElement on session 197b6b89e62bca51444c22e6a69c7a9a to remote] DEBUG org.apache.http.wire - http-outgoing-28 >> "POST /session/197b6b89e62bca51444c22e6a69c7a9a/element/689b2695-2a62-4f1e-ac45-49af8cfb0196/value HTTP/1.1[\r][\n]"
11:24:20.066 [Forwarding sendKeysToElement on session 197b6b89e62bca51444c22e6a69c7a9a to remote] DEBUG org.apache.http.wire - http-outgoing-28 >> "Content-Type: application/json; charset=utf-8[\r][\n]"
11:24:20.066 [Forwarding sendKeysToElement on session 197b6b89e62bca51444c22e6a69c7a9a to remote] DEBUG org.apache.http.wire - http-outgoing-28 >> "Content-Length: 235[\r][\n]"
11:24:20.066 [Forwarding sendKeysToElement on session 197b6b89e62bca51444c22e6a69c7a9a to remote] DEBUG org.apache.http.wire - http-outgoing-28 >> "Host: localhost:7185[\r][\n]"
11:24:20.066 [Forwarding sendKeysToElement on session 197b6b89e62bca51444c22e6a69c7a9a to remote] DEBUG org.apache.http.wire - http-outgoing-28 >> "Connection: Keep-Alive[\r][\n]"
11:24:20.066 [Forwarding sendKeysToElement on session 197b6b89e62bca51444c22e6a69c7a9a to remote] DEBUG org.apache.http.wire - http-outgoing-28 >> "User-Agent: Apache-HttpClient/4.5.3 (Java/1.8.0_211)[\r][\n]"
11:24:20.066 [Forwarding sendKeysToElement on session 197b6b89e62bca51444c22e6a69c7a9a to remote] DEBUG org.apache.http.wire - http-outgoing-28 >> "Accept-Encoding: gzip,deflate[\r][\n]"
11:24:20.066 [Forwarding sendKeysToElement on session 197b6b89e62bca51444c22e6a69c7a9a to remote] DEBUG org.apache.http.wire - http-outgoing-28 >> "[\r][\n]"
11:24:20.066 [Forwarding sendKeysToElement on session 197b6b89e62bca51444c22e6a69c7a9a to remote] DEBUG org.apache.http.wire - http-outgoing-28 >> "{"id":"689b2695-2a62-4f1e-ac45-49af8cfb0196","text":"TYvBUrZp7QboQzKhFVMYYkD4jDYsU33aQh","value":["T","Y","v","B","U","r","Z","p","7","Q","b","o","Q","z","K","h","F","V","M","Y","Y","k","D","4","j","D","Y","s","U","3","3","a","Q","h"]}"
11:24:20.178 [Forwarding sendKeysToElement on session 197b6b89e62bca51444c22e6a69c7a9a to remote] DEBUG org.apache.http.wire - http-outgoing-28 << "HTTP/1.1 200 OK[\r][\n]"
11:24:20.178 [Forwarding sendKeysToElement on session 197b6b89e62bca51444c22e6a69c7a9a to remote] DEBUG org.apache.http.wire - http-outgoing-28 << "Content-Length:14[\r][\n]"
11:24:20.178 [Forwarding sendKeysToElement on session 197b6b89e62bca51444c22e6a69c7a9a to remote] DEBUG org.apache.http.wire - http-outgoing-28 << "Content-Type:application/json; charset=utf-8[\r][\n]"
11:24:20.178 [Forwarding sendKeysToElement on session 197b6b89e62bca51444c22e6a69c7a9a to remote] DEBUG org.apache.http.wire - http-outgoing-28 << "cache-control:no-cache[\r][\n]"
11:24:20.178 [Forwarding sendKeysToElement on session 197b6b89e62bca51444c22e6a69c7a9a to remote] DEBUG org.apache.http.wire - http-outgoing-28 << "[\r][\n]"
11:24:20.178 [Forwarding sendKeysToElement on session 197b6b89e62bca51444c22e6a69c7a9a to remote] DEBUG org.apache.http.wire - http-outgoing-28 << "{"value":null}"
11:24:20.178 [Forwarding sendKeysToElement on session 197b6b89e62bca51444c22e6a69c7a9a to remote] DEBUG org.apache.http.headers - http-outgoing-28 << HTTP/1.1 200 OK
11:24:20.178 [Forwarding sendKeysToElement on session 197b6b89e62bca51444c22e6a69c7a9a to remote] DEBUG org.apache.http.headers - http-outgoing-28 << Content-Length:14
11:24:20.178 [Forwarding sendKeysToElement on session 197b6b89e62bca51444c22e6a69c7a9a to remote] DEBUG org.apache.http.headers - http-outgoing-28 << Content-Type:application/json; charset=utf-8
11:24:20.178 [Forwarding sendKeysToElement on session 197b6b89e62bca51444c22e6a69c7a9a to remote] DEBUG org.apache.http.headers - http-outgoing-28 << cache-control:no-cache
11:24:20.178 [Forwarding sendKeysToElement on session 197b6b89e62bca51444c22e6a69c7a9a to remote] DEBUG org.apache.http.impl.execchain.MainClientExec - Connection can be kept alive indefinitely
11:24:20.178 [Forwarding sendKeysToElement on session 197b6b89e62bca51444c22e6a69c7a9a to remote] DEBUG org.apache.http.impl.conn.PoolingHttpClientConnectionManager - Connection [id: 28][route: {}->http://localhost:7185] can be kept alive indefinitely
11:24:20.178 [Forwarding sendKeysToElement on session 197b6b89e62bca51444c22e6a69c7a9a to remote] DEBUG org.apache.http.impl.conn.PoolingHttpClientConnectionManager - Connection released: [id: 28][route: {}->http://localhost:7185][total kept alive: 29; route allocated: 1 of 2000; total allocated: 29 of 2000]
11:24:20.380 [Forwarding findElement on session 197b6b89e62bca51444c22e6a69c7a9a to remote] DEBUG org.apache.http.client.protocol.RequestAddCookies - CookieSpec selected: default
11:24:20.380 [Forwarding findElement on session 197b6b89e62bca51444c22e6a69c7a9a to remote] DEBUG org.apache.http.client.protocol.RequestAuthCache - Auth cache not set in the context
11:24:20.380 [Forwarding findElement on session 197b6b89e62bca51444c22e6a69c7a9a to remote] DEBUG org.apache.http.impl.conn.PoolingHttpClientConnectionManager - Connection request: [route: {}->http://localhost:7185][total kept alive: 29; route allocated: 1 of 2000; total allocated: 29 of 2000]
11:24:20.380 [Forwarding findElement on session 197b6b89e62bca51444c22e6a69c7a9a to remote] DEBUG org.apache.http.impl.conn.PoolingHttpClientConnectionManager - Connection leased: [id: 28][route: {}->http://localhost:7185][total kept alive: 28; route allocated: 1 of 2000; total allocated: 29 of 2000]
11:24:20.380 [Forwarding findElement on session 197b6b89e62bca51444c22e6a69c7a9a to remote] DEBUG org.apache.http.impl.execchain.MainClientExec - Stale connection check
11:24:20.381 [Forwarding findElement on session 197b6b89e62bca51444c22e6a69c7a9a to remote] DEBUG org.apache.http.wire - http-outgoing-28 << "[read] I/O error: Read timed out"
11:24:20.382 [Forwarding findElement on session 197b6b89e62bca51444c22e6a69c7a9a to remote] DEBUG org.apache.http.impl.conn.DefaultManagedHttpClientConnection - http-outgoing-28: set socket timeout to 10800000
11:24:20.382 [Forwarding findElement on session 197b6b89e62bca51444c22e6a69c7a9a to remote] DEBUG org.apache.http.impl.execchain.MainClientExec - Executing request POST /session/197b6b89e62bca51444c22e6a69c7a9a/element HTTP/1.1
11:24:20.382 [Forwarding findElement on session 197b6b89e62bca51444c22e6a69c7a9a to remote] DEBUG org.apache.http.impl.execchain.MainClientExec - Target auth state: UNCHALLENGED
11:24:20.382 [Forwarding findElement on session 197b6b89e62bca51444c22e6a69c7a9a to remote] DEBUG org.apache.http.impl.execchain.MainClientExec - Proxy auth state: UNCHALLENGED
11:24:20.382 [Forwarding findElement on session 197b6b89e62bca51444c22e6a69c7a9a to remote] DEBUG org.apache.http.headers - http-outgoing-28 >> POST /session/197b6b89e62bca51444c22e6a69c7a9a/element HTTP/1.1
11:24:20.382 [Forwarding findElement on session 197b6b89e62bca51444c22e6a69c7a9a to remote] DEBUG org.apache.http.headers - http-outgoing-28 >> Content-Type: application/json; charset=utf-8
11:24:20.382 [Forwarding findElement on session 197b6b89e62bca51444c22e6a69c7a9a to remote] DEBUG org.apache.http.headers - http-outgoing-28 >> Content-Length: 99
11:24:20.382 [Forwarding findElement on session 197b6b89e62bca51444c22e6a69c7a9a to remote] DEBUG org.apache.http.headers - http-outgoing-28 >> Host: localhost:7185
11:24:20.382 [Forwarding findElement on session 197b6b89e62bca51444c22e6a69c7a9a to remote] DEBUG org.apache.http.headers - http-outgoing-28 >> Connection: Keep-Alive
11:24:20.382 [Forwarding findElement on session 197b6b89e62bca51444c22e6a69c7a9a to remote] DEBUG org.apache.http.headers - http-outgoing-28 >> User-Agent: Apache-HttpClient/4.5.3 (Java/1.8.0_211)
11:24:20.382 [Forwarding findElement on session 197b6b89e62bca51444c22e6a69c7a9a to remote] DEBUG org.apache.http.headers - http-outgoing-28 >> Accept-Encoding: gzip,deflate
11:24:20.382 [Forwarding findElement on session 197b6b89e62bca51444c22e6a69c7a9a to remote] DEBUG org.apache.http.wire - http-outgoing-28 >> "POST /session/197b6b89e62bca51444c22e6a69c7a9a/element HTTP/1.1[\r][\n]"
11:24:20.382 [Forwarding findElement on session 197b6b89e62bca51444c22e6a69c7a9a to remote] DEBUG org.apache.http.wire - http-outgoing-28 >> "Content-Type: application/json; charset=utf-8[\r][\n]"
11:24:20.382 [Forwarding findElement on session 197b6b89e62bca51444c22e6a69c7a9a to remote] DEBUG org.apache.http.wire - http-outgoing-28 >> "Content-Length: 99[\r][\n]"
11:24:20.382 [Forwarding findElement on session 197b6b89e62bca51444c22e6a69c7a9a to remote] DEBUG org.apache.http.wire - http-outgoing-28 >> "Host: localhost:7185[\r][\n]"
11:24:20.382 [Forwarding findElement on session 197b6b89e62bca51444c22e6a69c7a9a to remote] DEBUG org.apache.http.wire - http-outgoing-28 >> "Connection: Keep-Alive[\r][\n]"
11:24:20.382 [Forwarding findElement on session 197b6b89e62bca51444c22e6a69c7a9a to remote] DEBUG org.apache.http.wire - http-outgoing-28 >> "User-Agent: Apache-HttpClient/4.5.3 (Java/1.8.0_211)[\r][\n]"
11:24:20.382 [Forwarding findElement on session 197b6b89e62bca51444c22e6a69c7a9a to remote] DEBUG org.apache.http.wire - http-outgoing-28 >> "Accept-Encoding: gzip,deflate[\r][\n]"
11:24:20.382 [Forwarding findElement on session 197b6b89e62bca51444c22e6a69c7a9a to remote] DEBUG org.apache.http.wire - http-outgoing-28 >> "[\r][\n]"
11:24:20.382 [Forwarding findElement on session 197b6b89e62bca51444c22e6a69c7a9a to remote] DEBUG org.apache.http.wire - http-outgoing-28 >> "{"value":"/html/body/div[2]/div/div[1]/div/div/div[2]/form/div[2]/div/div/div/div","using":"xpath"}"
11:24:20.389 [Forwarding findElement on session 197b6b89e62bca51444c22e6a69c7a9a to remote] DEBUG org.apache.http.wire - http-outgoing-28 << "HTTP/1.1 200 OK[\r][\n]"
11:24:20.389 [Forwarding findElement on session 197b6b89e62bca51444c22e6a69c7a9a to remote] DEBUG org.apache.http.wire - http-outgoing-28 << "Content-Length:88[\r][\n]"
11:24:20.389 [Forwarding findElement on session 197b6b89e62bca51444c22e6a69c7a9a to remote] DEBUG org.apache.http.wire - http-outgoing-28 << "Content-Type:application/json; charset=utf-8[\r][\n]"
11:24:20.389 [Forwarding findElement on session 197b6b89e62bca51444c22e6a69c7a9a to remote] DEBUG org.apache.http.wire - http-outgoing-28 << "cache-control:no-cache[\r][\n]"
11:24:20.389 [Forwarding findElement on session 197b6b89e62bca51444c22e6a69c7a9a to remote] DEBUG org.apache.http.wire - http-outgoing-28 << "[\r][\n]"
11:24:20.389 [Forwarding findElement on session 197b6b89e62bca51444c22e6a69c7a9a to remote] DEBUG org.apache.http.wire - http-outgoing-28 << "{"value":{"element-6066-11e4-a52e-4f735466cecf":"7a07cf77-4f10-426c-9f74-bbc0b5682b16"}}"
11:24:20.389 [Forwarding findElement on session 197b6b89e62bca51444c22e6a69c7a9a to remote] DEBUG org.apache.http.headers - http-outgoing-28 << HTTP/1.1 200 OK
11:24:20.389 [Forwarding findElement on session 197b6b89e62bca51444c22e6a69c7a9a to remote] DEBUG org.apache.http.headers - http-outgoing-28 << Content-Length:88
11:24:20.389 [Forwarding findElement on session 197b6b89e62bca51444c22e6a69c7a9a to remote] DEBUG org.apache.http.headers - http-outgoing-28 << Content-Type:application/json; charset=utf-8
11:24:20.389 [Forwarding findElement on session 197b6b89e62bca51444c22e6a69c7a9a to remote] DEBUG org.apache.http.headers - http-outgoing-28 << cache-control:no-cache
11:24:20.389 [Forwarding findElement on session 197b6b89e62bca51444c22e6a69c7a9a to remote] DEBUG org.apache.http.impl.execchain.MainClientExec - Connection can be kept alive indefinitely
11:24:20.389 [Forwarding findElement on session 197b6b89e62bca51444c22e6a69c7a9a to remote] DEBUG org.apache.http.impl.conn.PoolingHttpClientConnectionManager - Connection [id: 28][route: {}->http://localhost:7185] can be kept alive indefinitely
11:24:20.389 [Forwarding findElement on session 197b6b89e62bca51444c22e6a69c7a9a to remote] DEBUG org.apache.http.impl.conn.PoolingHttpClientConnectionManager - Connection released: [id: 28][route: {}->http://localhost:7185][total kept alive: 29; route allocated: 1 of 2000; total allocated: 29 of 2000]
11:24:20.389 [Forwarding clickElement on session 197b6b89e62bca51444c22e6a69c7a9a to remote] DEBUG org.apache.http.client.protocol.RequestAddCookies - CookieSpec selected: default
11:24:20.389 [Forwarding clickElement on session 197b6b89e62bca51444c22e6a69c7a9a to remote] DEBUG org.apache.http.client.protocol.RequestAuthCache - Auth cache not set in the context
11:24:20.389 [Forwarding clickElement on session 197b6b89e62bca51444c22e6a69c7a9a to remote] DEBUG org.apache.http.impl.conn.PoolingHttpClientConnectionManager - Connection request: [route: {}->http://localhost:7185][total kept alive: 29; route allocated: 1 of 2000; total allocated: 29 of 2000]
11:24:20.389 [Forwarding clickElement on session 197b6b89e62bca51444c22e6a69c7a9a to remote] DEBUG org.apache.http.impl.conn.PoolingHttpClientConnectionManager - Connection leased: [id: 28][route: {}->http://localhost:7185][total kept alive: 28; route allocated: 1 of 2000; total allocated: 29 of 2000]
11:24:20.389 [Forwarding clickElement on session 197b6b89e62bca51444c22e6a69c7a9a to remote] DEBUG org.apache.http.impl.execchain.MainClientExec - Stale connection check
11:24:20.391 [Forwarding clickElement on session 197b6b89e62bca51444c22e6a69c7a9a to remote] DEBUG org.apache.http.wire - http-outgoing-28 << "[read] I/O error: Read timed out"
11:24:20.391 [Forwarding clickElement on session 197b6b89e62bca51444c22e6a69c7a9a to remote] DEBUG org.apache.http.impl.conn.DefaultManagedHttpClientConnection - http-outgoing-28: set socket timeout to 10800000
11:24:20.391 [Forwarding clickElement on session 197b6b89e62bca51444c22e6a69c7a9a to remote] DEBUG org.apache.http.impl.execchain.MainClientExec - Executing request POST /session/197b6b89e62bca51444c22e6a69c7a9a/element/7a07cf77-4f10-426c-9f74-bbc0b5682b16/click HTTP/1.1
11:24:20.391 [Forwarding clickElement on session 197b6b89e62bca51444c22e6a69c7a9a to remote] DEBUG org.apache.http.impl.execchain.MainClientExec - Target auth state: UNCHALLENGED
11:24:20.391 [Forwarding clickElement on session 197b6b89e62bca51444c22e6a69c7a9a to remote] DEBUG org.apache.http.impl.execchain.MainClientExec - Proxy auth state: UNCHALLENGED
11:24:20.391 [Forwarding clickElement on session 197b6b89e62bca51444c22e6a69c7a9a to remote] DEBUG org.apache.http.headers - http-outgoing-28 >> POST /session/197b6b89e62bca51444c22e6a69c7a9a/element/7a07cf77-4f10-426c-9f74-bbc0b5682b16/click HTTP/1.1
11:24:20.391 [Forwarding clickElement on session 197b6b89e62bca51444c22e6a69c7a9a to remote] DEBUG org.apache.http.headers - http-outgoing-28 >> Content-Type: application/json; charset=utf-8
11:24:20.391 [Forwarding clickElement on session 197b6b89e62bca51444c22e6a69c7a9a to remote] DEBUG org.apache.http.headers - http-outgoing-28 >> Content-Length: 45
11:24:20.391 [Forwarding clickElement on session 197b6b89e62bca51444c22e6a69c7a9a to remote] DEBUG org.apache.http.headers - http-outgoing-28 >> Host: localhost:7185
11:24:20.391 [Forwarding clickElement on session 197b6b89e62bca51444c22e6a69c7a9a to remote] DEBUG org.apache.http.headers - http-outgoing-28 >> Connection: Keep-Alive
11:24:20.391 [Forwarding clickElement on session 197b6b89e62bca51444c22e6a69c7a9a to remote] DEBUG org.apache.http.headers - http-outgoing-28 >> User-Agent: Apache-HttpClient/4.5.3 (Java/1.8.0_211)
11:24:20.391 [Forwarding clickElement on session 197b6b89e62bca51444c22e6a69c7a9a to remote] DEBUG org.apache.http.headers - http-outgoing-28 >> Accept-Encoding: gzip,deflate
11:24:20.391 [Forwarding clickElement on session 197b6b89e62bca51444c22e6a69c7a9a to remote] DEBUG org.apache.http.wire - http-outgoing-28 >> "POST /session/197b6b89e62bca51444c22e6a69c7a9a/element/7a07cf77-4f10-426c-9f74-bbc0b5682b16/click HTTP/1.1[\r][\n]"
11:24:20.391 [Forwarding clickElement on session 197b6b89e62bca51444c22e6a69c7a9a to remote] DEBUG org.apache.http.wire - http-outgoing-28 >> "Content-Type: application/json; charset=utf-8[\r][\n]"
11:24:20.391 [Forwarding clickElement on session 197b6b89e62bca51444c22e6a69c7a9a to remote] DEBUG org.apache.http.wire - http-outgoing-28 >> "Content-Length: 45[\r][\n]"
11:24:20.391 [Forwarding clickElement on session 197b6b89e62bca51444c22e6a69c7a9a to remote] DEBUG org.apache.http.wire - http-outgoing-28 >> "Host: localhost:7185[\r][\n]"
11:24:20.391 [Forwarding clickElement on session 197b6b89e62bca51444c22e6a69c7a9a to remote] DEBUG org.apache.http.wire - http-outgoing-28 >> "Connection: Keep-Alive[\r][\n]"
11:24:20.391 [Forwarding clickElement on session 197b6b89e62bca51444c22e6a69c7a9a to remote] DEBUG org.apache.http.wire - http-outgoing-28 >> "User-Agent: Apache-HttpClient/4.5.3 (Java/1.8.0_211)[\r][\n]"
11:24:20.391 [Forwarding clickElement on session 197b6b89e62bca51444c22e6a69c7a9a to remote] DEBUG org.apache.http.wire - http-outgoing-28 >> "Accept-Encoding: gzip,deflate[\r][\n]"
11:24:20.391 [Forwarding clickElement on session 197b6b89e62bca51444c22e6a69c7a9a to remote] DEBUG org.apache.http.wire - http-outgoing-28 >> "[\r][\n]"
11:24:20.391 [Forwarding clickElement on session 197b6b89e62bca51444c22e6a69c7a9a to remote] DEBUG org.apache.http.wire - http-outgoing-28 >> "{"id":"7a07cf77-4f10-426c-9f74-bbc0b5682b16"}"
11:24:20.437 [Forwarding clickElement on session 197b6b89e62bca51444c22e6a69c7a9a to remote] DEBUG org.apache.http.wire - http-outgoing-28 << "HTTP/1.1 200 OK[\r][\n]"
11:24:20.437 [Forwarding clickElement on session 197b6b89e62bca51444c22e6a69c7a9a to remote] DEBUG org.apache.http.wire - http-outgoing-28 << "Content-Length:14[\r][\n]"
11:24:20.437 [Forwarding clickElement on session 197b6b89e62bca51444c22e6a69c7a9a to remote] DEBUG org.apache.http.wire - http-outgoing-28 << "Content-Type:application/json; charset=utf-8[\r][\n]"
11:24:20.437 [Forwarding clickElement on session 197b6b89e62bca51444c22e6a69c7a9a to remote] DEBUG org.apache.http.wire - http-outgoing-28 << "cache-control:no-cache[\r][\n]"
11:24:20.437 [Forwarding clickElement on session 197b6b89e62bca51444c22e6a69c7a9a to remote] DEBUG org.apache.http.wire - http-outgoing-28 << "[\r][\n]"
11:24:20.437 [Forwarding clickElement on session 197b6b89e62bca51444c22e6a69c7a9a to remote] DEBUG org.apache.http.wire - http-outgoing-28 << "{"value":null}"
11:24:20.437 [Forwarding clickElement on session 197b6b89e62bca51444c22e6a69c7a9a to remote] DEBUG org.apache.http.headers - http-outgoing-28 << HTTP/1.1 200 OK
11:24:20.437 [Forwarding clickElement on session 197b6b89e62bca51444c22e6a69c7a9a to remote] DEBUG org.apache.http.headers - http-outgoing-28 << Content-Length:14
11:24:20.437 [Forwarding clickElement on session 197b6b89e62bca51444c22e6a69c7a9a to remote] DEBUG org.apache.http.headers - http-outgoing-28 << Content-Type:application/json; charset=utf-8
11:24:20.437 [Forwarding clickElement on session 197b6b89e62bca51444c22e6a69c7a9a to remote] DEBUG org.apache.http.headers - http-outgoing-28 << cache-control:no-cache
11:24:20.437 [Forwarding clickElement on session 197b6b89e62bca51444c22e6a69c7a9a to remote] DEBUG org.apache.http.impl.execchain.MainClientExec - Connection can be kept alive indefinitely
11:24:20.438 [Forwarding clickElement on session 197b6b89e62bca51444c22e6a69c7a9a to remote] DEBUG org.apache.http.impl.conn.PoolingHttpClientConnectionManager - Connection [id: 28][route: {}->http://localhost:7185] can be kept alive indefinitely
11:24:20.438 [Forwarding clickElement on session 197b6b89e62bca51444c22e6a69c7a9a to remote] DEBUG org.apache.http.impl.conn.PoolingHttpClientConnectionManager - Connection released: [id: 28][route: {}->http://localhost:7185][total kept alive: 29; route allocated: 1 of 2000; total allocated: 29 of 2000]
11:24:20.641 [Forwarding findElement on session 197b6b89e62bca51444c22e6a69c7a9a to remote] DEBUG org.apache.http.client.protocol.RequestAddCookies - CookieSpec selected: default
11:24:20.641 [Forwarding findElement on session 197b6b89e62bca51444c22e6a69c7a9a to remote] DEBUG org.apache.http.client.protocol.RequestAuthCache - Auth cache not set in the context
11:24:20.641 [Forwarding findElement on session 197b6b89e62bca51444c22e6a69c7a9a to remote] DEBUG org.apache.http.impl.conn.PoolingHttpClientConnectionManager - Connection request: [route: {}->http://localhost:7185][total kept alive: 29; route allocated: 1 of 2000; total allocated: 29 of 2000]
11:24:20.641 [Forwarding findElement on session 197b6b89e62bca51444c22e6a69c7a9a to remote] DEBUG org.apache.http.impl.conn.PoolingHttpClientConnectionManager - Connection leased: [id: 28][route: {}->http://localhost:7185][total kept alive: 28; route allocated: 1 of 2000; total allocated: 29 of 2000]
11:24:20.641 [Forwarding findElement on session 197b6b89e62bca51444c22e6a69c7a9a to remote] DEBUG org.apache.http.impl.execchain.MainClientExec - Stale connection check
11:24:20.643 [Forwarding findElement on session 197b6b89e62bca51444c22e6a69c7a9a to remote] DEBUG org.apache.http.wire - http-outgoing-28 << "[read] I/O error: Read timed out"
11:24:20.643 [Forwarding findElement on session 197b6b89e62bca51444c22e6a69c7a9a to remote] DEBUG org.apache.http.impl.conn.DefaultManagedHttpClientConnection - http-outgoing-28: set socket timeout to 10800000
11:24:20.643 [Forwarding findElement on session 197b6b89e62bca51444c22e6a69c7a9a to remote] DEBUG org.apache.http.impl.execchain.MainClientExec - Executing request POST /session/197b6b89e62bca51444c22e6a69c7a9a/element HTTP/1.1
11:24:20.643 [Forwarding findElement on session 197b6b89e62bca51444c22e6a69c7a9a to remote] DEBUG org.apache.http.impl.execchain.MainClientExec - Target auth state: UNCHALLENGED
11:24:20.643 [Forwarding findElement on session 197b6b89e62bca51444c22e6a69c7a9a to remote] DEBUG org.apache.http.impl.execchain.MainClientExec - Proxy auth state: UNCHALLENGED
11:24:20.643 [Forwarding findElement on session 197b6b89e62bca51444c22e6a69c7a9a to remote] DEBUG org.apache.http.headers - http-outgoing-28 >> POST /session/197b6b89e62bca51444c22e6a69c7a9a/element HTTP/1.1
11:24:20.643 [Forwarding findElement on session 197b6b89e62bca51444c22e6a69c7a9a to remote] DEBUG org.apache.http.headers - http-outgoing-28 >> Content-Type: application/json; charset=utf-8
11:24:20.643 [Forwarding findElement on session 197b6b89e62bca51444c22e6a69c7a9a to remote] DEBUG org.apache.http.headers - http-outgoing-28 >> Content-Length: 53
11:24:20.643 [Forwarding findElement on session 197b6b89e62bca51444c22e6a69c7a9a to remote] DEBUG org.apache.http.headers - http-outgoing-28 >> Host: localhost:7185
11:24:20.643 [Forwarding findElement on session 197b6b89e62bca51444c22e6a69c7a9a to remote] DEBUG org.apache.http.headers - http-outgoing-28 >> Connection: Keep-Alive
11:24:20.643 [Forwarding findElement on session 197b6b89e62bca51444c22e6a69c7a9a to remote] DEBUG org.apache.http.headers - http-outgoing-28 >> User-Agent: Apache-HttpClient/4.5.3 (Java/1.8.0_211)
11:24:20.643 [Forwarding findElement on session 197b6b89e62bca51444c22e6a69c7a9a to remote] DEBUG org.apache.http.headers - http-outgoing-28 >> Accept-Encoding: gzip,deflate
11:24:20.643 [Forwarding findElement on session 197b6b89e62bca51444c22e6a69c7a9a to remote] DEBUG org.apache.http.wire - http-outgoing-28 >> "POST /session/197b6b89e62bca51444c22e6a69c7a9a/element HTTP/1.1[\r][\n]"
11:24:20.643 [Forwarding findElement on session 197b6b89e62bca51444c22e6a69c7a9a to remote] DEBUG org.apache.http.wire - http-outgoing-28 >> "Content-Type: application/json; charset=utf-8[\r][\n]"
11:24:20.643 [Forwarding findElement on session 197b6b89e62bca51444c22e6a69c7a9a to remote] DEBUG org.apache.http.wire - http-outgoing-28 >> "Content-Length: 53[\r][\n]"
11:24:20.643 [Forwarding findElement on session 197b6b89e62bca51444c22e6a69c7a9a to remote] DEBUG org.apache.http.wire - http-outgoing-28 >> "Host: localhost:7185[\r][\n]"
11:24:20.643 [Forwarding findElement on session 197b6b89e62bca51444c22e6a69c7a9a to remote] DEBUG org.apache.http.wire - http-outgoing-28 >> "Connection: Keep-Alive[\r][\n]"
11:24:20.643 [Forwarding findElement on session 197b6b89e62bca51444c22e6a69c7a9a to remote] DEBUG org.apache.http.wire - http-outgoing-28 >> "User-Agent: Apache-HttpClient/4.5.3 (Java/1.8.0_211)[\r][\n]"
11:24:20.643 [Forwarding findElement on session 197b6b89e62bca51444c22e6a69c7a9a to remote] DEBUG org.apache.http.wire - http-outgoing-28 >> "Accept-Encoding: gzip,deflate[\r][\n]"
11:24:20.643 [Forwarding findElement on session 197b6b89e62bca51444c22e6a69c7a9a to remote] DEBUG org.apache.http.wire - http-outgoing-28 >> "[\r][\n]"
11:24:20.643 [Forwarding findElement on session 197b6b89e62bca51444c22e6a69c7a9a to remote] DEBUG org.apache.http.wire - http-outgoing-28 >> "{"value":"/html/body/div[3]/div/div","using":"xpath"}"
11:24:20.650 [Forwarding findElement on session 197b6b89e62bca51444c22e6a69c7a9a to remote] DEBUG org.apache.http.wire - http-outgoing-28 << "HTTP/1.1 200 OK[\r][\n]"
11:24:20.650 [Forwarding findElement on session 197b6b89e62bca51444c22e6a69c7a9a to remote] DEBUG org.apache.http.wire - http-outgoing-28 << "Content-Length:88[\r][\n]"
11:24:20.650 [Forwarding findElement on session 197b6b89e62bca51444c22e6a69c7a9a to remote] DEBUG org.apache.http.wire - http-outgoing-28 << "Content-Type:application/json; charset=utf-8[\r][\n]"
11:24:20.650 [Forwarding findElement on session 197b6b89e62bca51444c22e6a69c7a9a to remote] DEBUG org.apache.http.wire - http-outgoing-28 << "cache-control:no-cache[\r][\n]"
11:24:20.650 [Forwarding findElement on session 197b6b89e62bca51444c22e6a69c7a9a to remote] DEBUG org.apache.http.wire - http-outgoing-28 << "[\r][\n]"
11:24:20.650 [Forwarding findElement on session 197b6b89e62bca51444c22e6a69c7a9a to remote] DEBUG org.apache.http.wire - http-outgoing-28 << "{"value":{"element-6066-11e4-a52e-4f735466cecf":"118257a6-cab5-4bcf-8c95-a58a62c4c237"}}"
11:24:20.650 [Forwarding findElement on session 197b6b89e62bca51444c22e6a69c7a9a to remote] DEBUG org.apache.http.headers - http-outgoing-28 << HTTP/1.1 200 OK
11:24:20.650 [Forwarding findElement on session 197b6b89e62bca51444c22e6a69c7a9a to remote] DEBUG org.apache.http.headers - http-outgoing-28 << Content-Length:88
11:24:20.650 [Forwarding findElement on session 197b6b89e62bca51444c22e6a69c7a9a to remote] DEBUG org.apache.http.headers - http-outgoing-28 << Content-Type:application/json; charset=utf-8
11:24:20.650 [Forwarding findElement on session 197b6b89e62bca51444c22e6a69c7a9a to remote] DEBUG org.apache.http.headers - http-outgoing-28 << cache-control:no-cache
11:24:20.650 [Forwarding findElement on session 197b6b89e62bca51444c22e6a69c7a9a to remote] DEBUG org.apache.http.impl.execchain.MainClientExec - Connection can be kept alive indefinitely
11:24:20.650 [Forwarding findElement on session 197b6b89e62bca51444c22e6a69c7a9a to remote] DEBUG org.apache.http.impl.conn.PoolingHttpClientConnectionManager - Connection [id: 28][route: {}->http://localhost:7185] can be kept alive indefinitely
11:24:20.650 [Forwarding findElement on session 197b6b89e62bca51444c22e6a69c7a9a to remote] DEBUG org.apache.http.impl.conn.PoolingHttpClientConnectionManager - Connection released: [id: 28][route: {}->http://localhost:7185][total kept alive: 29; route allocated: 1 of 2000; total allocated: 29 of 2000]
11:24:20.650 [Forwarding findElement on session 197b6b89e62bca51444c22e6a69c7a9a to remote] DEBUG org.apache.http.client.protocol.RequestAddCookies - CookieSpec selected: default
11:24:20.650 [Forwarding findElement on session 197b6b89e62bca51444c22e6a69c7a9a to remote] DEBUG org.apache.http.client.protocol.RequestAuthCache - Auth cache not set in the context
11:24:20.650 [Forwarding findElement on session 197b6b89e62bca51444c22e6a69c7a9a to remote] DEBUG org.apache.http.impl.conn.PoolingHttpClientConnectionManager - Connection request: [route: {}->http://localhost:7185][total kept alive: 29; route allocated: 1 of 2000; total allocated: 29 of 2000]
11:24:20.650 [Forwarding findElement on session 197b6b89e62bca51444c22e6a69c7a9a to remote] DEBUG org.apache.http.impl.conn.PoolingHttpClientConnectionManager - Connection leased: [id: 28][route: {}->http://localhost:7185][total kept alive: 28; route allocated: 1 of 2000; total allocated: 29 of 2000]
11:24:20.650 [Forwarding findElement on session 197b6b89e62bca51444c22e6a69c7a9a to remote] DEBUG org.apache.http.impl.execchain.MainClientExec - Stale connection check
11:24:20.652 [Forwarding findElement on session 197b6b89e62bca51444c22e6a69c7a9a to remote] DEBUG org.apache.http.wire - http-outgoing-28 << "[read] I/O error: Read timed out"
11:24:20.652 [Forwarding findElement on session 197b6b89e62bca51444c22e6a69c7a9a to remote] DEBUG org.apache.http.impl.conn.DefaultManagedHttpClientConnection - http-outgoing-28: set socket timeout to 10800000
11:24:20.652 [Forwarding findElement on session 197b6b89e62bca51444c22e6a69c7a9a to remote] DEBUG org.apache.http.impl.execchain.MainClientExec - Executing request POST /session/197b6b89e62bca51444c22e6a69c7a9a/element HTTP/1.1
11:24:20.652 [Forwarding findElement on session 197b6b89e62bca51444c22e6a69c7a9a to remote] DEBUG org.apache.http.impl.execchain.MainClientExec - Target auth state: UNCHALLENGED
11:24:20.652 [Forwarding findElement on session 197b6b89e62bca51444c22e6a69c7a9a to remote] DEBUG org.apache.http.impl.execchain.MainClientExec - Proxy auth state: UNCHALLENGED
11:24:20.652 [Forwarding findElement on session 197b6b89e62bca51444c22e6a69c7a9a to remote] DEBUG org.apache.http.headers - http-outgoing-28 >> POST /session/197b6b89e62bca51444c22e6a69c7a9a/element HTTP/1.1
11:24:20.652 [Forwarding findElement on session 197b6b89e62bca51444c22e6a69c7a9a to remote] DEBUG org.apache.http.headers - http-outgoing-28 >> Content-Type: application/json; charset=utf-8
11:24:20.652 [Forwarding findElement on session 197b6b89e62bca51444c22e6a69c7a9a to remote] DEBUG org.apache.http.headers - http-outgoing-28 >> Content-Length: 75
11:24:20.652 [Forwarding findElement on session 197b6b89e62bca51444c22e6a69c7a9a to remote] DEBUG org.apache.http.headers - http-outgoing-28 >> Host: localhost:7185
11:24:20.652 [Forwarding findElement on session 197b6b89e62bca51444c22e6a69c7a9a to remote] DEBUG org.apache.http.headers - http-outgoing-28 >> Connection: Keep-Alive
11:24:20.652 [Forwarding findElement on session 197b6b89e62bca51444c22e6a69c7a9a to remote] DEBUG org.apache.http.headers - http-outgoing-28 >> User-Agent: Apache-HttpClient/4.5.3 (Java/1.8.0_211)
11:24:20.652 [Forwarding findElement on session 197b6b89e62bca51444c22e6a69c7a9a to remote] DEBUG org.apache.http.headers - http-outgoing-28 >> Accept-Encoding: gzip,deflate
11:24:20.652 [Forwarding findElement on session 197b6b89e62bca51444c22e6a69c7a9a to remote] DEBUG org.apache.http.wire - http-outgoing-28 >> "POST /session/197b6b89e62bca51444c22e6a69c7a9a/element HTTP/1.1[\r][\n]"
11:24:20.652 [Forwarding findElement on session 197b6b89e62bca51444c22e6a69c7a9a to remote] DEBUG org.apache.http.wire - http-outgoing-28 >> "Content-Type: application/json; charset=utf-8[\r][\n]"
11:24:20.652 [Forwarding findElement on session 197b6b89e62bca51444c22e6a69c7a9a to remote] DEBUG org.apache.http.wire - http-outgoing-28 >> "Content-Length: 75[\r][\n]"
11:24:20.652 [Forwarding findElement on session 197b6b89e62bca51444c22e6a69c7a9a to remote] DEBUG org.apache.http.wire - http-outgoing-28 >> "Host: localhost:7185[\r][\n]"
11:24:20.652 [Forwarding findElement on session 197b6b89e62bca51444c22e6a69c7a9a to remote] DEBUG org.apache.http.wire - http-outgoing-28 >> "Connection: Keep-Alive[\r][\n]"
11:24:20.652 [Forwarding findElement on session 197b6b89e62bca51444c22e6a69c7a9a to remote] DEBUG org.apache.http.wire - http-outgoing-28 >> "User-Agent: Apache-HttpClient/4.5.3 (Java/1.8.0_211)[\r][\n]"
11:24:20.652 [Forwarding findElement on session 197b6b89e62bca51444c22e6a69c7a9a to remote] DEBUG org.apache.http.wire - http-outgoing-28 >> "Accept-Encoding: gzip,deflate[\r][\n]"
11:24:20.652 [Forwarding findElement on session 197b6b89e62bca51444c22e6a69c7a9a to remote] DEBUG org.apache.http.wire - http-outgoing-28 >> "[\r][\n]"
11:24:20.652 [Forwarding findElement on session 197b6b89e62bca51444c22e6a69c7a9a to remote] DEBUG org.apache.http.wire - http-outgoing-28 >> "{"value":"/html/body/div[3]/div/div/div/ul/li[1]/ul/li[2]","using":"xpath"}"
11:24:20.658 [Forwarding findElement on session 197b6b89e62bca51444c22e6a69c7a9a to remote] DEBUG org.apache.http.wire - http-outgoing-28 << "HTTP/1.1 200 OK[\r][\n]"
11:24:20.658 [Forwarding findElement on session 197b6b89e62bca51444c22e6a69c7a9a to remote] DEBUG org.apache.http.wire - http-outgoing-28 << "Content-Length:88[\r][\n]"
11:24:20.658 [Forwarding findElement on session 197b6b89e62bca51444c22e6a69c7a9a to remote] DEBUG org.apache.http.wire - http-outgoing-28 << "Content-Type:application/json; charset=utf-8[\r][\n]"
11:24:20.658 [Forwarding findElement on session 197b6b89e62bca51444c22e6a69c7a9a to remote] DEBUG org.apache.http.wire - http-outgoing-28 << "cache-control:no-cache[\r][\n]"
11:24:20.658 [Forwarding findElement on session 197b6b89e62bca51444c22e6a69c7a9a to remote] DEBUG org.apache.http.wire - http-outgoing-28 << "[\r][\n]"
11:24:20.658 [Forwarding findElement on session 197b6b89e62bca51444c22e6a69c7a9a to remote] DEBUG org.apache.http.wire - http-outgoing-28 << "{"value":{"element-6066-11e4-a52e-4f735466cecf":"4609c5dc-7910-468e-abe2-3813f685618c"}}"
11:24:20.658 [Forwarding findElement on session 197b6b89e62bca51444c22e6a69c7a9a to remote] DEBUG org.apache.http.headers - http-outgoing-28 << HTTP/1.1 200 OK
11:24:20.658 [Forwarding findElement on session 197b6b89e62bca51444c22e6a69c7a9a to remote] DEBUG org.apache.http.headers - http-outgoing-28 << Content-Length:88
11:24:20.658 [Forwarding findElement on session 197b6b89e62bca51444c22e6a69c7a9a to remote] DEBUG org.apache.http.headers - http-outgoing-28 << Content-Type:application/json; charset=utf-8
11:24:20.658 [Forwarding findElement on session 197b6b89e62bca51444c22e6a69c7a9a to remote] DEBUG org.apache.http.headers - http-outgoing-28 << cache-control:no-cache
11:24:20.658 [Forwarding findElement on session 197b6b89e62bca51444c22e6a69c7a9a to remote] DEBUG org.apache.http.impl.execchain.MainClientExec - Connection can be kept alive indefinitely
11:24:20.658 [Forwarding findElement on session 197b6b89e62bca51444c22e6a69c7a9a to remote] DEBUG org.apache.http.impl.conn.PoolingHttpClientConnectionManager - Connection [id: 28][route: {}->http://localhost:7185] can be kept alive indefinitely
11:24:20.658 [Forwarding findElement on session 197b6b89e62bca51444c22e6a69c7a9a to remote] DEBUG org.apache.http.impl.conn.PoolingHttpClientConnectionManager - Connection released: [id: 28][route: {}->http://localhost:7185][total kept alive: 29; route allocated: 1 of 2000; total allocated: 29 of 2000]
11:24:20.659 [Forwarding clickElement on session 197b6b89e62bca51444c22e6a69c7a9a to remote] DEBUG org.apache.http.client.protocol.RequestAddCookies - CookieSpec selected: default
11:24:20.659 [Forwarding clickElement on session 197b6b89e62bca51444c22e6a69c7a9a to remote] DEBUG org.apache.http.client.protocol.RequestAuthCache - Auth cache not set in the context
11:24:20.659 [Forwarding clickElement on session 197b6b89e62bca51444c22e6a69c7a9a to remote] DEBUG org.apache.http.impl.conn.PoolingHttpClientConnectionManager - Connection request: [route: {}->http://localhost:7185][total kept alive: 29; route allocated: 1 of 2000; total allocated: 29 of 2000]
11:24:20.659 [Forwarding clickElement on session 197b6b89e62bca51444c22e6a69c7a9a to remote] DEBUG org.apache.http.impl.conn.PoolingHttpClientConnectionManager - Connection leased: [id: 28][route: {}->http://localhost:7185][total kept alive: 28; route allocated: 1 of 2000; total allocated: 29 of 2000]
11:24:20.659 [Forwarding clickElement on session 197b6b89e62bca51444c22e6a69c7a9a to remote] DEBUG org.apache.http.impl.execchain.MainClientExec - Stale connection check
11:24:20.660 [Forwarding clickElement on session 197b6b89e62bca51444c22e6a69c7a9a to remote] DEBUG org.apache.http.wire - http-outgoing-28 << "[read] I/O error: Read timed out"
11:24:20.660 [Forwarding clickElement on session 197b6b89e62bca51444c22e6a69c7a9a to remote] DEBUG org.apache.http.impl.conn.DefaultManagedHttpClientConnection - http-outgoing-28: set socket timeout to 10800000
11:24:20.660 [Forwarding clickElement on session 197b6b89e62bca51444c22e6a69c7a9a to remote] DEBUG org.apache.http.impl.execchain.MainClientExec - Executing request POST /session/197b6b89e62bca51444c22e6a69c7a9a/element/4609c5dc-7910-468e-abe2-3813f685618c/click HTTP/1.1
11:24:20.660 [Forwarding clickElement on session 197b6b89e62bca51444c22e6a69c7a9a to remote] DEBUG org.apache.http.impl.execchain.MainClientExec - Target auth state: UNCHALLENGED
11:24:20.660 [Forwarding clickElement on session 197b6b89e62bca51444c22e6a69c7a9a to remote] DEBUG org.apache.http.impl.execchain.MainClientExec - Proxy auth state: UNCHALLENGED
11:24:20.660 [Forwarding clickElement on session 197b6b89e62bca51444c22e6a69c7a9a to remote] DEBUG org.apache.http.headers - http-outgoing-28 >> POST /session/197b6b89e62bca51444c22e6a69c7a9a/element/4609c5dc-7910-468e-abe2-3813f685618c/click HTTP/1.1
11:24:20.660 [Forwarding clickElement on session 197b6b89e62bca51444c22e6a69c7a9a to remote] DEBUG org.apache.http.headers - http-outgoing-28 >> Content-Type: application/json; charset=utf-8
11:24:20.660 [Forwarding clickElement on session 197b6b89e62bca51444c22e6a69c7a9a to remote] DEBUG org.apache.http.headers - http-outgoing-28 >> Content-Length: 45
11:24:20.660 [Forwarding clickElement on session 197b6b89e62bca51444c22e6a69c7a9a to remote] DEBUG org.apache.http.headers - http-outgoing-28 >> Host: localhost:7185
11:24:20.660 [Forwarding clickElement on session 197b6b89e62bca51444c22e6a69c7a9a to remote] DEBUG org.apache.http.headers - http-outgoing-28 >> Connection: Keep-Alive
11:24:20.660 [Forwarding clickElement on session 197b6b89e62bca51444c22e6a69c7a9a to remote] DEBUG org.apache.http.headers - http-outgoing-28 >> User-Agent: Apache-HttpClient/4.5.3 (Java/1.8.0_211)
11:24:20.660 [Forwarding clickElement on session 197b6b89e62bca51444c22e6a69c7a9a to remote] DEBUG org.apache.http.headers - http-outgoing-28 >> Accept-Encoding: gzip,deflate
11:24:20.660 [Forwarding clickElement on session 197b6b89e62bca51444c22e6a69c7a9a to remote] DEBUG org.apache.http.wire - http-outgoing-28 >> "POST /session/197b6b89e62bca51444c22e6a69c7a9a/element/4609c5dc-7910-468e-abe2-3813f685618c/click HTTP/1.1[\r][\n]"
11:24:20.660 [Forwarding clickElement on session 197b6b89e62bca51444c22e6a69c7a9a to remote] DEBUG org.apache.http.wire - http-outgoing-28 >> "Content-Type: application/json; charset=utf-8[\r][\n]"
11:24:20.660 [Forwarding clickElement on session 197b6b89e62bca51444c22e6a69c7a9a to remote] DEBUG org.apache.http.wire - http-outgoing-28 >> "Content-Length: 45[\r][\n]"
11:24:20.660 [Forwarding clickElement on session 197b6b89e62bca51444c22e6a69c7a9a to remote] DEBUG org.apache.http.wire - http-outgoing-28 >> "Host: localhost:7185[\r][\n]"
11:24:20.660 [Forwarding clickElement on session 197b6b89e62bca51444c22e6a69c7a9a to remote] DEBUG org.apache.http.wire - http-outgoing-28 >> "Connection: Keep-Alive[\r][\n]"
11:24:20.660 [Forwarding clickElement on session 197b6b89e62bca51444c22e6a69c7a9a to remote] DEBUG org.apache.http.wire - http-outgoing-28 >> "User-Agent: Apache-HttpClient/4.5.3 (Java/1.8.0_211)[\r][\n]"
11:24:20.660 [Forwarding clickElement on session 197b6b89e62bca51444c22e6a69c7a9a to remote] DEBUG org.apache.http.wire - http-outgoing-28 >> "Accept-Encoding: gzip,deflate[\r][\n]"
11:24:20.660 [Forwarding clickElement on session 197b6b89e62bca51444c22e6a69c7a9a to remote] DEBUG org.apache.http.wire - http-outgoing-28 >> "[\r][\n]"
11:24:20.660 [Forwarding clickElement on session 197b6b89e62bca51444c22e6a69c7a9a to remote] DEBUG org.apache.http.wire - http-outgoing-28 >> "{"id":"4609c5dc-7910-468e-abe2-3813f685618c"}"
11:24:20.703 [Forwarding clickElement on session 197b6b89e62bca51444c22e6a69c7a9a to remote] DEBUG org.apache.http.wire - http-outgoing-28 << "HTTP/1.1 200 OK[\r][\n]"
11:24:20.703 [Forwarding clickElement on session 197b6b89e62bca51444c22e6a69c7a9a to remote] DEBUG org.apache.http.wire - http-outgoing-28 << "Content-Length:14[\r][\n]"
11:24:20.703 [Forwarding clickElement on session 197b6b89e62bca51444c22e6a69c7a9a to remote] DEBUG org.apache.http.wire - http-outgoing-28 << "Content-Type:application/json; charset=utf-8[\r][\n]"
11:24:20.703 [Forwarding clickElement on session 197b6b89e62bca51444c22e6a69c7a9a to remote] DEBUG org.apache.http.wire - http-outgoing-28 << "cache-control:no-cache[\r][\n]"
11:24:20.703 [Forwarding clickElement on session 197b6b89e62bca51444c22e6a69c7a9a to remote] DEBUG org.apache.http.wire - http-outgoing-28 << "[\r][\n]"
11:24:20.703 [Forwarding clickElement on session 197b6b89e62bca51444c22e6a69c7a9a to remote] DEBUG org.apache.http.wire - http-outgoing-28 << "{"value":null}"
11:24:20.703 [Forwarding clickElement on session 197b6b89e62bca51444c22e6a69c7a9a to remote] DEBUG org.apache.http.headers - http-outgoing-28 << HTTP/1.1 200 OK
11:24:20.703 [Forwarding clickElement on session 197b6b89e62bca51444c22e6a69c7a9a to remote] DEBUG org.apache.http.headers - http-outgoing-28 << Content-Length:14
11:24:20.703 [Forwarding clickElement on session 197b6b89e62bca51444c22e6a69c7a9a to remote] DEBUG org.apache.http.headers - http-outgoing-28 << Content-Type:application/json; charset=utf-8
11:24:20.703 [Forwarding clickElement on session 197b6b89e62bca51444c22e6a69c7a9a to remote] DEBUG org.apache.http.headers - http-outgoing-28 << cache-control:no-cache
11:24:20.703 [Forwarding clickElement on session 197b6b89e62bca51444c22e6a69c7a9a to remote] DEBUG org.apache.http.impl.execchain.MainClientExec - Connection can be kept alive indefinitely
11:24:20.703 [Forwarding clickElement on session 197b6b89e62bca51444c22e6a69c7a9a to remote] DEBUG org.apache.http.impl.conn.PoolingHttpClientConnectionManager - Connection [id: 28][route: {}->http://localhost:7185] can be kept alive indefinitely
11:24:20.704 [Forwarding clickElement on session 197b6b89e62bca51444c22e6a69c7a9a to remote] DEBUG org.apache.http.impl.conn.PoolingHttpClientConnectionManager - Connection released: [id: 28][route: {}->http://localhost:7185][total kept alive: 29; route allocated: 1 of 2000; total allocated: 29 of 2000]
11:24:20.907 [Forwarding findElement on session 197b6b89e62bca51444c22e6a69c7a9a to remote] DEBUG org.apache.http.client.protocol.RequestAddCookies - CookieSpec selected: default
11:24:20.907 [Forwarding findElement on session 197b6b89e62bca51444c22e6a69c7a9a to remote] DEBUG org.apache.http.client.protocol.RequestAuthCache - Auth cache not set in the context
11:24:20.907 [Forwarding findElement on session 197b6b89e62bca51444c22e6a69c7a9a to remote] DEBUG org.apache.http.impl.conn.PoolingHttpClientConnectionManager - Connection request: [route: {}->http://localhost:7185][total kept alive: 29; route allocated: 1 of 2000; total allocated: 29 of 2000]
11:24:20.907 [Forwarding findElement on session 197b6b89e62bca51444c22e6a69c7a9a to remote] DEBUG org.apache.http.impl.conn.PoolingHttpClientConnectionManager - Connection leased: [id: 28][route: {}->http://localhost:7185][total kept alive: 28; route allocated: 1 of 2000; total allocated: 29 of 2000]
11:24:20.907 [Forwarding findElement on session 197b6b89e62bca51444c22e6a69c7a9a to remote] DEBUG org.apache.http.impl.execchain.MainClientExec - Stale connection check
11:24:20.908 [Forwarding findElement on session 197b6b89e62bca51444c22e6a69c7a9a to remote] DEBUG org.apache.http.wire - http-outgoing-28 << "[read] I/O error: Read timed out"
11:24:20.908 [Forwarding findElement on session 197b6b89e62bca51444c22e6a69c7a9a to remote] DEBUG org.apache.http.impl.conn.DefaultManagedHttpClientConnection - http-outgoing-28: set socket timeout to 10800000
11:24:20.908 [Forwarding findElement on session 197b6b89e62bca51444c22e6a69c7a9a to remote] DEBUG org.apache.http.impl.execchain.MainClientExec - Executing request POST /session/197b6b89e62bca51444c22e6a69c7a9a/element HTTP/1.1
11:24:20.908 [Forwarding findElement on session 197b6b89e62bca51444c22e6a69c7a9a to remote] DEBUG org.apache.http.impl.execchain.MainClientExec - Target auth state: UNCHALLENGED
11:24:20.908 [Forwarding findElement on session 197b6b89e62bca51444c22e6a69c7a9a to remote] DEBUG org.apache.http.impl.execchain.MainClientExec - Proxy auth state: UNCHALLENGED
11:24:20.908 [Forwarding findElement on session 197b6b89e62bca51444c22e6a69c7a9a to remote] DEBUG org.apache.http.headers - http-outgoing-28 >> POST /session/197b6b89e62bca51444c22e6a69c7a9a/element HTTP/1.1
11:24:20.908 [Forwarding findElement on session 197b6b89e62bca51444c22e6a69c7a9a to remote] DEBUG org.apache.http.headers - http-outgoing-28 >> Content-Type: application/json; charset=utf-8
11:24:20.908 [Forwarding findElement on session 197b6b89e62bca51444c22e6a69c7a9a to remote] DEBUG org.apache.http.headers - http-outgoing-28 >> Content-Length: 73
11:24:20.908 [Forwarding findElement on session 197b6b89e62bca51444c22e6a69c7a9a to remote] DEBUG org.apache.http.headers - http-outgoing-28 >> Host: localhost:7185
11:24:20.908 [Forwarding findElement on session 197b6b89e62bca51444c22e6a69c7a9a to remote] DEBUG org.apache.http.headers - http-outgoing-28 >> Connection: Keep-Alive
11:24:20.908 [Forwarding findElement on session 197b6b89e62bca51444c22e6a69c7a9a to remote] DEBUG org.apache.http.headers - http-outgoing-28 >> User-Agent: Apache-HttpClient/4.5.3 (Java/1.8.0_211)
11:24:20.908 [Forwarding findElement on session 197b6b89e62bca51444c22e6a69c7a9a to remote] DEBUG org.apache.http.headers - http-outgoing-28 >> Accept-Encoding: gzip,deflate
11:24:20.908 [Forwarding findElement on session 197b6b89e62bca51444c22e6a69c7a9a to remote] DEBUG org.apache.http.wire - http-outgoing-28 >> "POST /session/197b6b89e62bca51444c22e6a69c7a9a/element HTTP/1.1[\r][\n]"
11:24:20.908 [Forwarding findElement on session 197b6b89e62bca51444c22e6a69c7a9a to remote] DEBUG org.apache.http.wire - http-outgoing-28 >> "Content-Type: application/json; charset=utf-8[\r][\n]"
11:24:20.908 [Forwarding findElement on session 197b6b89e62bca51444c22e6a69c7a9a to remote] DEBUG org.apache.http.wire - http-outgoing-28 >> "Content-Length: 73[\r][\n]"
11:24:20.908 [Forwarding findElement on session 197b6b89e62bca51444c22e6a69c7a9a to remote] DEBUG org.apache.http.wire - http-outgoing-28 >> "Host: localhost:7185[\r][\n]"
11:24:20.908 [Forwarding findElement on session 197b6b89e62bca51444c22e6a69c7a9a to remote] DEBUG org.apache.http.wire - http-outgoing-28 >> "Connection: Keep-Alive[\r][\n]"
11:24:20.908 [Forwarding findElement on session 197b6b89e62bca51444c22e6a69c7a9a to remote] DEBUG org.apache.http.wire - http-outgoing-28 >> "User-Agent: Apache-HttpClient/4.5.3 (Java/1.8.0_211)[\r][\n]"
11:24:20.908 [Forwarding findElement on session 197b6b89e62bca51444c22e6a69c7a9a to remote] DEBUG org.apache.http.wire - http-outgoing-28 >> "Accept-Encoding: gzip,deflate[\r][\n]"
11:24:20.908 [Forwarding findElement on session 197b6b89e62bca51444c22e6a69c7a9a to remote] DEBUG org.apache.http.wire - http-outgoing-28 >> "[\r][\n]"
11:24:20.908 [Forwarding findElement on session 197b6b89e62bca51444c22e6a69c7a9a to remote] DEBUG org.apache.http.wire - http-outgoing-28 >> "{"value":".form-group:nth-child(3) .form-control","using":"css selector"}"
11:24:20.915 [Forwarding findElement on session 197b6b89e62bca51444c22e6a69c7a9a to remote] DEBUG org.apache.http.wire - http-outgoing-28 << "HTTP/1.1 200 OK[\r][\n]"
11:24:20.915 [Forwarding findElement on session 197b6b89e62bca51444c22e6a69c7a9a to remote] DEBUG org.apache.http.wire - http-outgoing-28 << "Content-Length:88[\r][\n]"
11:24:20.915 [Forwarding findElement on session 197b6b89e62bca51444c22e6a69c7a9a to remote] DEBUG org.apache.http.wire - http-outgoing-28 << "Content-Type:application/json; charset=utf-8[\r][\n]"
11:24:20.915 [Forwarding findElement on session 197b6b89e62bca51444c22e6a69c7a9a to remote] DEBUG org.apache.http.wire - http-outgoing-28 << "cache-control:no-cache[\r][\n]"
11:24:20.915 [Forwarding findElement on session 197b6b89e62bca51444c22e6a69c7a9a to remote] DEBUG org.apache.http.wire - http-outgoing-28 << "[\r][\n]"
11:24:20.915 [Forwarding findElement on session 197b6b89e62bca51444c22e6a69c7a9a to remote] DEBUG org.apache.http.wire - http-outgoing-28 << "{"value":{"element-6066-11e4-a52e-4f735466cecf":"058339f9-2c0f-41d1-8450-898ec8655627"}}"
11:24:20.915 [Forwarding findElement on session 197b6b89e62bca51444c22e6a69c7a9a to remote] DEBUG org.apache.http.headers - http-outgoing-28 << HTTP/1.1 200 OK
11:24:20.915 [Forwarding findElement on session 197b6b89e62bca51444c22e6a69c7a9a to remote] DEBUG org.apache.http.headers - http-outgoing-28 << Content-Length:88
11:24:20.915 [Forwarding findElement on session 197b6b89e62bca51444c22e6a69c7a9a to remote] DEBUG org.apache.http.headers - http-outgoing-28 << Content-Type:application/json; charset=utf-8
11:24:20.915 [Forwarding findElement on session 197b6b89e62bca51444c22e6a69c7a9a to remote] DEBUG org.apache.http.headers - http-outgoing-28 << cache-control:no-cache
11:24:20.915 [Forwarding findElement on session 197b6b89e62bca51444c22e6a69c7a9a to remote] DEBUG org.apache.http.impl.execchain.MainClientExec - Connection can be kept alive indefinitely
11:24:20.915 [Forwarding findElement on session 197b6b89e62bca51444c22e6a69c7a9a to remote] DEBUG org.apache.http.impl.conn.PoolingHttpClientConnectionManager - Connection [id: 28][route: {}->http://localhost:7185] can be kept alive indefinitely
11:24:20.915 [Forwarding findElement on session 197b6b89e62bca51444c22e6a69c7a9a to remote] DEBUG org.apache.http.impl.conn.PoolingHttpClientConnectionManager - Connection released: [id: 28][route: {}->http://localhost:7185][total kept alive: 29; route allocated: 1 of 2000; total allocated: 29 of 2000]
11:24:20.915 [Forwarding sendKeysToElement on session 197b6b89e62bca51444c22e6a69c7a9a to remote] DEBUG org.apache.http.client.protocol.RequestAddCookies - CookieSpec selected: default
11:24:20.915 [Forwarding sendKeysToElement on session 197b6b89e62bca51444c22e6a69c7a9a to remote] DEBUG org.apache.http.client.protocol.RequestAuthCache - Auth cache not set in the context
11:24:20.915 [Forwarding sendKeysToElement on session 197b6b89e62bca51444c22e6a69c7a9a to remote] DEBUG org.apache.http.impl.conn.PoolingHttpClientConnectionManager - Connection request: [route: {}->http://localhost:7185][total kept alive: 29; route allocated: 1 of 2000; total allocated: 29 of 2000]
11:24:20.915 [Forwarding sendKeysToElement on session 197b6b89e62bca51444c22e6a69c7a9a to remote] DEBUG org.apache.http.impl.conn.PoolingHttpClientConnectionManager - Connection leased: [id: 28][route: {}->http://localhost:7185][total kept alive: 28; route allocated: 1 of 2000; total allocated: 29 of 2000]
11:24:20.915 [Forwarding sendKeysToElement on session 197b6b89e62bca51444c22e6a69c7a9a to remote] DEBUG org.apache.http.impl.execchain.MainClientExec - Stale connection check
11:24:20.917 [Forwarding sendKeysToElement on session 197b6b89e62bca51444c22e6a69c7a9a to remote] DEBUG org.apache.http.wire - http-outgoing-28 << "[read] I/O error: Read timed out"
11:24:20.917 [Forwarding sendKeysToElement on session 197b6b89e62bca51444c22e6a69c7a9a to remote] DEBUG org.apache.http.impl.conn.DefaultManagedHttpClientConnection - http-outgoing-28: set socket timeout to 10800000
11:24:20.917 [Forwarding sendKeysToElement on session 197b6b89e62bca51444c22e6a69c7a9a to remote] DEBUG org.apache.http.impl.execchain.MainClientExec - Executing request POST /session/197b6b89e62bca51444c22e6a69c7a9a/element/058339f9-2c0f-41d1-8450-898ec8655627/value HTTP/1.1
11:24:20.917 [Forwarding sendKeysToElement on session 197b6b89e62bca51444c22e6a69c7a9a to remote] DEBUG org.apache.http.impl.execchain.MainClientExec - Target auth state: UNCHALLENGED
11:24:20.917 [Forwarding sendKeysToElement on session 197b6b89e62bca51444c22e6a69c7a9a to remote] DEBUG org.apache.http.impl.execchain.MainClientExec - Proxy auth state: UNCHALLENGED
11:24:20.917 [Forwarding sendKeysToElement on session 197b6b89e62bca51444c22e6a69c7a9a to remote] DEBUG org.apache.http.headers - http-outgoing-28 >> POST /session/197b6b89e62bca51444c22e6a69c7a9a/element/058339f9-2c0f-41d1-8450-898ec8655627/value HTTP/1.1
11:24:20.917 [Forwarding sendKeysToElement on session 197b6b89e62bca51444c22e6a69c7a9a to remote] DEBUG org.apache.http.headers - http-outgoing-28 >> Content-Type: application/json; charset=utf-8
11:24:20.917 [Forwarding sendKeysToElement on session 197b6b89e62bca51444c22e6a69c7a9a to remote] DEBUG org.apache.http.headers - http-outgoing-28 >> Content-Length: 85
11:24:20.917 [Forwarding sendKeysToElement on session 197b6b89e62bca51444c22e6a69c7a9a to remote] DEBUG org.apache.http.headers - http-outgoing-28 >> Host: localhost:7185
11:24:20.917 [Forwarding sendKeysToElement on session 197b6b89e62bca51444c22e6a69c7a9a to remote] DEBUG org.apache.http.headers - http-outgoing-28 >> Connection: Keep-Alive
11:24:20.917 [Forwarding sendKeysToElement on session 197b6b89e62bca51444c22e6a69c7a9a to remote] DEBUG org.apache.http.headers - http-outgoing-28 >> User-Agent: Apache-HttpClient/4.5.3 (Java/1.8.0_211)
11:24:20.917 [Forwarding sendKeysToElement on session 197b6b89e62bca51444c22e6a69c7a9a to remote] DEBUG org.apache.http.headers - http-outgoing-28 >> Accept-Encoding: gzip,deflate
11:24:20.917 [Forwarding sendKeysToElement on session 197b6b89e62bca51444c22e6a69c7a9a to remote] DEBUG org.apache.http.wire - http-outgoing-28 >> "POST /session/197b6b89e62bca51444c22e6a69c7a9a/element/058339f9-2c0f-41d1-8450-898ec8655627/value HTTP/1.1[\r][\n]"
11:24:20.917 [Forwarding sendKeysToElement on session 197b6b89e62bca51444c22e6a69c7a9a to remote] DEBUG org.apache.http.wire - http-outgoing-28 >> "Content-Type: application/json; charset=utf-8[\r][\n]"
11:24:20.917 [Forwarding sendKeysToElement on session 197b6b89e62bca51444c22e6a69c7a9a to remote] DEBUG org.apache.http.wire - http-outgoing-28 >> "Content-Length: 85[\r][\n]"
11:24:20.917 [Forwarding sendKeysToElement on session 197b6b89e62bca51444c22e6a69c7a9a to remote] DEBUG org.apache.http.wire - http-outgoing-28 >> "Host: localhost:7185[\r][\n]"
11:24:20.917 [Forwarding sendKeysToElement on session 197b6b89e62bca51444c22e6a69c7a9a to remote] DEBUG org.apache.http.wire - http-outgoing-28 >> "Connection: Keep-Alive[\r][\n]"
11:24:20.917 [Forwarding sendKeysToElement on session 197b6b89e62bca51444c22e6a69c7a9a to remote] DEBUG org.apache.http.wire - http-outgoing-28 >> "User-Agent: Apache-HttpClient/4.5.3 (Java/1.8.0_211)[\r][\n]"
11:24:20.917 [Forwarding sendKeysToElement on session 197b6b89e62bca51444c22e6a69c7a9a to remote] DEBUG org.apache.http.wire - http-outgoing-28 >> "Accept-Encoding: gzip,deflate[\r][\n]"
11:24:20.917 [Forwarding sendKeysToElement on session 197b6b89e62bca51444c22e6a69c7a9a to remote] DEBUG org.apache.http.wire - http-outgoing-28 >> "[\r][\n]"
11:24:20.917 [Forwarding sendKeysToElement on session 197b6b89e62bca51444c22e6a69c7a9a to remote] DEBUG org.apache.http.wire - http-outgoing-28 >> "{"id":"058339f9-2c0f-41d1-8450-898ec8655627","text":"0.01","value":["0",".","0","1"]}"
11:24:20.947 [Forwarding sendKeysToElement on session 197b6b89e62bca51444c22e6a69c7a9a to remote] DEBUG org.apache.http.wire - http-outgoing-28 << "HTTP/1.1 200 OK[\r][\n]"
11:24:20.947 [Forwarding sendKeysToElement on session 197b6b89e62bca51444c22e6a69c7a9a to remote] DEBUG org.apache.http.wire - http-outgoing-28 << "Content-Length:14[\r][\n]"
11:24:20.947 [Forwarding sendKeysToElement on session 197b6b89e62bca51444c22e6a69c7a9a to remote] DEBUG org.apache.http.wire - http-outgoing-28 << "Content-Type:application/json; charset=utf-8[\r][\n]"
11:24:20.947 [Forwarding sendKeysToElement on session 197b6b89e62bca51444c22e6a69c7a9a to remote] DEBUG org.apache.http.wire - http-outgoing-28 << "cache-control:no-cache[\r][\n]"
11:24:20.947 [Forwarding sendKeysToElement on session 197b6b89e62bca51444c22e6a69c7a9a to remote] DEBUG org.apache.http.wire - http-outgoing-28 << "[\r][\n]"
11:24:20.947 [Forwarding sendKeysToElement on session 197b6b89e62bca51444c22e6a69c7a9a to remote] DEBUG org.apache.http.wire - http-outgoing-28 << "{"value":null}"
11:24:20.947 [Forwarding sendKeysToElement on session 197b6b89e62bca51444c22e6a69c7a9a to remote] DEBUG org.apache.http.headers - http-outgoing-28 << HTTP/1.1 200 OK
11:24:20.947 [Forwarding sendKeysToElement on session 197b6b89e62bca51444c22e6a69c7a9a to remote] DEBUG org.apache.http.headers - http-outgoing-28 << Content-Length:14
11:24:20.947 [Forwarding sendKeysToElement on session 197b6b89e62bca51444c22e6a69c7a9a to remote] DEBUG org.apache.http.headers - http-outgoing-28 << Content-Type:application/json; charset=utf-8
11:24:20.947 [Forwarding sendKeysToElement on session 197b6b89e62bca51444c22e6a69c7a9a to remote] DEBUG org.apache.http.headers - http-outgoing-28 << cache-control:no-cache
11:24:20.947 [Forwarding sendKeysToElement on session 197b6b89e62bca51444c22e6a69c7a9a to remote] DEBUG org.apache.http.impl.execchain.MainClientExec - Connection can be kept alive indefinitely
11:24:20.947 [Forwarding sendKeysToElement on session 197b6b89e62bca51444c22e6a69c7a9a to remote] DEBUG org.apache.http.impl.conn.PoolingHttpClientConnectionManager - Connection [id: 28][route: {}->http://localhost:7185] can be kept alive indefinitely
11:24:20.947 [Forwarding sendKeysToElement on session 197b6b89e62bca51444c22e6a69c7a9a to remote] DEBUG org.apache.http.impl.conn.PoolingHttpClientConnectionManager - Connection released: [id: 28][route: {}->http://localhost:7185][total kept alive: 29; route allocated: 1 of 2000; total allocated: 29 of 2000]
11:24:20.947 [Forwarding findElement on session 197b6b89e62bca51444c22e6a69c7a9a to remote] DEBUG org.apache.http.client.protocol.RequestAddCookies - CookieSpec selected: default
11:24:20.947 [Forwarding findElement on session 197b6b89e62bca51444c22e6a69c7a9a to remote] DEBUG org.apache.http.client.protocol.RequestAuthCache - Auth cache not set in the context
11:24:20.947 [Forwarding findElement on session 197b6b89e62bca51444c22e6a69c7a9a to remote] DEBUG org.apache.http.impl.conn.PoolingHttpClientConnectionManager - Connection request: [route: {}->http://localhost:7185][total kept alive: 29; route allocated: 1 of 2000; total allocated: 29 of 2000]
11:24:20.947 [Forwarding findElement on session 197b6b89e62bca51444c22e6a69c7a9a to remote] DEBUG org.apache.http.impl.conn.PoolingHttpClientConnectionManager - Connection leased: [id: 28][route: {}->http://localhost:7185][total kept alive: 28; route allocated: 1 of 2000; total allocated: 29 of 2000]
11:24:20.947 [Forwarding findElement on session 197b6b89e62bca51444c22e6a69c7a9a to remote] DEBUG org.apache.http.impl.execchain.MainClientExec - Stale connection check
11:24:20.949 [Forwarding findElement on session 197b6b89e62bca51444c22e6a69c7a9a to remote] DEBUG org.apache.http.wire - http-outgoing-28 << "[read] I/O error: Read timed out"
11:24:20.949 [Forwarding findElement on session 197b6b89e62bca51444c22e6a69c7a9a to remote] DEBUG org.apache.http.impl.conn.DefaultManagedHttpClientConnection - http-outgoing-28: set socket timeout to 10800000
11:24:20.949 [Forwarding findElement on session 197b6b89e62bca51444c22e6a69c7a9a to remote] DEBUG org.apache.http.impl.execchain.MainClientExec - Executing request POST /session/197b6b89e62bca51444c22e6a69c7a9a/element HTTP/1.1
11:24:20.949 [Forwarding findElement on session 197b6b89e62bca51444c22e6a69c7a9a to remote] DEBUG org.apache.http.impl.execchain.MainClientExec - Target auth state: UNCHALLENGED
11:24:20.949 [Forwarding findElement on session 197b6b89e62bca51444c22e6a69c7a9a to remote] DEBUG org.apache.http.impl.execchain.MainClientExec - Proxy auth state: UNCHALLENGED
11:24:20.949 [Forwarding findElement on session 197b6b89e62bca51444c22e6a69c7a9a to remote] DEBUG org.apache.http.headers - http-outgoing-28 >> POST /session/197b6b89e62bca51444c22e6a69c7a9a/element HTTP/1.1
11:24:20.949 [Forwarding findElement on session 197b6b89e62bca51444c22e6a69c7a9a to remote] DEBUG org.apache.http.headers - http-outgoing-28 >> Content-Type: application/json; charset=utf-8
11:24:20.949 [Forwarding findElement on session 197b6b89e62bca51444c22e6a69c7a9a to remote] DEBUG org.apache.http.headers - http-outgoing-28 >> Content-Length: 73
11:24:20.949 [Forwarding findElement on session 197b6b89e62bca51444c22e6a69c7a9a to remote] DEBUG org.apache.http.headers - http-outgoing-28 >> Host: localhost:7185
11:24:20.949 [Forwarding findElement on session 197b6b89e62bca51444c22e6a69c7a9a to remote] DEBUG org.apache.http.headers - http-outgoing-28 >> Connection: Keep-Alive
11:24:20.949 [Forwarding findElement on session 197b6b89e62bca51444c22e6a69c7a9a to remote] DEBUG org.apache.http.headers - http-outgoing-28 >> User-Agent: Apache-HttpClient/4.5.3 (Java/1.8.0_211)
11:24:20.949 [Forwarding findElement on session 197b6b89e62bca51444c22e6a69c7a9a to remote] DEBUG org.apache.http.headers - http-outgoing-28 >> Accept-Encoding: gzip,deflate
11:24:20.949 [Forwarding findElement on session 197b6b89e62bca51444c22e6a69c7a9a to remote] DEBUG org.apache.http.wire - http-outgoing-28 >> "POST /session/197b6b89e62bca51444c22e6a69c7a9a/element HTTP/1.1[\r][\n]"
11:24:20.949 [Forwarding findElement on session 197b6b89e62bca51444c22e6a69c7a9a to remote] DEBUG org.apache.http.wire - http-outgoing-28 >> "Content-Type: application/json; charset=utf-8[\r][\n]"
11:24:20.949 [Forwarding findElement on session 197b6b89e62bca51444c22e6a69c7a9a to remote] DEBUG org.apache.http.wire - http-outgoing-28 >> "Content-Length: 73[\r][\n]"
11:24:20.949 [Forwarding findElement on session 197b6b89e62bca51444c22e6a69c7a9a to remote] DEBUG org.apache.http.wire - http-outgoing-28 >> "Host: localhost:7185[\r][\n]"
11:24:20.949 [Forwarding findElement on session 197b6b89e62bca51444c22e6a69c7a9a to remote] DEBUG org.apache.http.wire - http-outgoing-28 >> "Connection: Keep-Alive[\r][\n]"
11:24:20.949 [Forwarding findElement on session 197b6b89e62bca51444c22e6a69c7a9a to remote] DEBUG org.apache.http.wire - http-outgoing-28 >> "User-Agent: Apache-HttpClient/4.5.3 (Java/1.8.0_211)[\r][\n]"
11:24:20.949 [Forwarding findElement on session 197b6b89e62bca51444c22e6a69c7a9a to remote] DEBUG org.apache.http.wire - http-outgoing-28 >> "Accept-Encoding: gzip,deflate[\r][\n]"
11:24:20.949 [Forwarding findElement on session 197b6b89e62bca51444c22e6a69c7a9a to remote] DEBUG org.apache.http.wire - http-outgoing-28 >> "[\r][\n]"
11:24:20.949 [Forwarding findElement on session 197b6b89e62bca51444c22e6a69c7a9a to remote] DEBUG org.apache.http.wire - http-outgoing-28 >> "{"value":".form-group:nth-child(4) .form-control","using":"css selector"}"
11:24:20.954 [Forwarding findElement on session 197b6b89e62bca51444c22e6a69c7a9a to remote] DEBUG org.apache.http.wire - http-outgoing-28 << "HTTP/1.1 200 OK[\r][\n]"
11:24:20.954 [Forwarding findElement on session 197b6b89e62bca51444c22e6a69c7a9a to remote] DEBUG org.apache.http.wire - http-outgoing-28 << "Content-Length:88[\r][\n]"
11:24:20.954 [Forwarding findElement on session 197b6b89e62bca51444c22e6a69c7a9a to remote] DEBUG org.apache.http.wire - http-outgoing-28 << "Content-Type:application/json; charset=utf-8[\r][\n]"
11:24:20.954 [Forwarding findElement on session 197b6b89e62bca51444c22e6a69c7a9a to remote] DEBUG org.apache.http.wire - http-outgoing-28 << "cache-control:no-cache[\r][\n]"
11:24:20.954 [Forwarding findElement on session 197b6b89e62bca51444c22e6a69c7a9a to remote] DEBUG org.apache.http.wire - http-outgoing-28 << "[\r][\n]"
11:24:20.954 [Forwarding findElement on session 197b6b89e62bca51444c22e6a69c7a9a to remote] DEBUG org.apache.http.wire - http-outgoing-28 << "{"value":{"element-6066-11e4-a52e-4f735466cecf":"b59385dc-ff6d-4c43-b84a-21cadf114d67"}}"
11:24:20.954 [Forwarding findElement on session 197b6b89e62bca51444c22e6a69c7a9a to remote] DEBUG org.apache.http.headers - http-outgoing-28 << HTTP/1.1 200 OK
11:24:20.954 [Forwarding findElement on session 197b6b89e62bca51444c22e6a69c7a9a to remote] DEBUG org.apache.http.headers - http-outgoing-28 << Content-Length:88
11:24:20.954 [Forwarding findElement on session 197b6b89e62bca51444c22e6a69c7a9a to remote] DEBUG org.apache.http.headers - http-outgoing-28 << Content-Type:application/json; charset=utf-8
11:24:20.954 [Forwarding findElement on session 197b6b89e62bca51444c22e6a69c7a9a to remote] DEBUG org.apache.http.headers - http-outgoing-28 << cache-control:no-cache
11:24:20.954 [Forwarding findElement on session 197b6b89e62bca51444c22e6a69c7a9a to remote] DEBUG org.apache.http.impl.execchain.MainClientExec - Connection can be kept alive indefinitely
11:24:20.954 [Forwarding findElement on session 197b6b89e62bca51444c22e6a69c7a9a to remote] DEBUG org.apache.http.impl.conn.PoolingHttpClientConnectionManager - Connection [id: 28][route: {}->http://localhost:7185] can be kept alive indefinitely
11:24:20.954 [Forwarding findElement on session 197b6b89e62bca51444c22e6a69c7a9a to remote] DEBUG org.apache.http.impl.conn.PoolingHttpClientConnectionManager - Connection released: [id: 28][route: {}->http://localhost:7185][total kept alive: 29; route allocated: 1 of 2000; total allocated: 29 of 2000]
11:24:20.954 [Forwarding clickElement on session 197b6b89e62bca51444c22e6a69c7a9a to remote] DEBUG org.apache.http.client.protocol.RequestAddCookies - CookieSpec selected: default
11:24:20.954 [Forwarding clickElement on session 197b6b89e62bca51444c22e6a69c7a9a to remote] DEBUG org.apache.http.client.protocol.RequestAuthCache - Auth cache not set in the context
11:24:20.954 [Forwarding clickElement on session 197b6b89e62bca51444c22e6a69c7a9a to remote] DEBUG org.apache.http.impl.conn.PoolingHttpClientConnectionManager - Connection request: [route: {}->http://localhost:7185][total kept alive: 29; route allocated: 1 of 2000; total allocated: 29 of 2000]
11:24:20.954 [Forwarding clickElement on session 197b6b89e62bca51444c22e6a69c7a9a to remote] DEBUG org.apache.http.impl.conn.PoolingHttpClientConnectionManager - Connection leased: [id: 28][route: {}->http://localhost:7185][total kept alive: 28; route allocated: 1 of 2000; total allocated: 29 of 2000]
11:24:20.954 [Forwarding clickElement on session 197b6b89e62bca51444c22e6a69c7a9a to remote] DEBUG org.apache.http.impl.execchain.MainClientExec - Stale connection check
11:24:20.956 [Forwarding clickElement on session 197b6b89e62bca51444c22e6a69c7a9a to remote] DEBUG org.apache.http.wire - http-outgoing-28 << "[read] I/O error: Read timed out"
11:24:20.956 [Forwarding clickElement on session 197b6b89e62bca51444c22e6a69c7a9a to remote] DEBUG org.apache.http.impl.conn.DefaultManagedHttpClientConnection - http-outgoing-28: set socket timeout to 10800000
11:24:20.956 [Forwarding clickElement on session 197b6b89e62bca51444c22e6a69c7a9a to remote] DEBUG org.apache.http.impl.execchain.MainClientExec - Executing request POST /session/197b6b89e62bca51444c22e6a69c7a9a/element/b59385dc-ff6d-4c43-b84a-21cadf114d67/click HTTP/1.1
11:24:20.956 [Forwarding clickElement on session 197b6b89e62bca51444c22e6a69c7a9a to remote] DEBUG org.apache.http.impl.execchain.MainClientExec - Target auth state: UNCHALLENGED
11:24:20.956 [Forwarding clickElement on session 197b6b89e62bca51444c22e6a69c7a9a to remote] DEBUG org.apache.http.impl.execchain.MainClientExec - Proxy auth state: UNCHALLENGED
11:24:20.956 [Forwarding clickElement on session 197b6b89e62bca51444c22e6a69c7a9a to remote] DEBUG org.apache.http.headers - http-outgoing-28 >> POST /session/197b6b89e62bca51444c22e6a69c7a9a/element/b59385dc-ff6d-4c43-b84a-21cadf114d67/click HTTP/1.1
11:24:20.956 [Forwarding clickElement on session 197b6b89e62bca51444c22e6a69c7a9a to remote] DEBUG org.apache.http.headers - http-outgoing-28 >> Content-Type: application/json; charset=utf-8
11:24:20.956 [Forwarding clickElement on session 197b6b89e62bca51444c22e6a69c7a9a to remote] DEBUG org.apache.http.headers - http-outgoing-28 >> Content-Length: 45
11:24:20.956 [Forwarding clickElement on session 197b6b89e62bca51444c22e6a69c7a9a to remote] DEBUG org.apache.http.headers - http-outgoing-28 >> Host: localhost:7185
11:24:20.956 [Forwarding clickElement on session 197b6b89e62bca51444c22e6a69c7a9a to remote] DEBUG org.apache.http.headers - http-outgoing-28 >> Connection: Keep-Alive
11:24:20.956 [Forwarding clickElement on session 197b6b89e62bca51444c22e6a69c7a9a to remote] DEBUG org.apache.http.headers - http-outgoing-28 >> User-Agent: Apache-HttpClient/4.5.3 (Java/1.8.0_211)
11:24:20.956 [Forwarding clickElement on session 197b6b89e62bca51444c22e6a69c7a9a to remote] DEBUG org.apache.http.headers - http-outgoing-28 >> Accept-Encoding: gzip,deflate
11:24:20.956 [Forwarding clickElement on session 197b6b89e62bca51444c22e6a69c7a9a to remote] DEBUG org.apache.http.wire - http-outgoing-28 >> "POST /session/197b6b89e62bca51444c22e6a69c7a9a/element/b59385dc-ff6d-4c43-b84a-21cadf114d67/click HTTP/1.1[\r][\n]"
11:24:20.956 [Forwarding clickElement on session 197b6b89e62bca51444c22e6a69c7a9a to remote] DEBUG org.apache.http.wire - http-outgoing-28 >> "Content-Type: application/json; charset=utf-8[\r][\n]"
11:24:20.956 [Forwarding clickElement on session 197b6b89e62bca51444c22e6a69c7a9a to remote] DEBUG org.apache.http.wire - http-outgoing-28 >> "Content-Length: 45[\r][\n]"
11:24:20.956 [Forwarding clickElement on session 197b6b89e62bca51444c22e6a69c7a9a to remote] DEBUG org.apache.http.wire - http-outgoing-28 >> "Host: localhost:7185[\r][\n]"
11:24:20.956 [Forwarding clickElement on session 197b6b89e62bca51444c22e6a69c7a9a to remote] DEBUG org.apache.http.wire - http-outgoing-28 >> "Connection: Keep-Alive[\r][\n]"
11:24:20.956 [Forwarding clickElement on session 197b6b89e62bca51444c22e6a69c7a9a to remote] DEBUG org.apache.http.wire - http-outgoing-28 >> "User-Agent: Apache-HttpClient/4.5.3 (Java/1.8.0_211)[\r][\n]"
11:24:20.956 [Forwarding clickElement on session 197b6b89e62bca51444c22e6a69c7a9a to remote] DEBUG org.apache.http.wire - http-outgoing-28 >> "Accept-Encoding: gzip,deflate[\r][\n]"
11:24:20.956 [Forwarding clickElement on session 197b6b89e62bca51444c22e6a69c7a9a to remote] DEBUG org.apache.http.wire - http-outgoing-28 >> "[\r][\n]"
11:24:20.956 [Forwarding clickElement on session 197b6b89e62bca51444c22e6a69c7a9a to remote] DEBUG org.apache.http.wire - http-outgoing-28 >> "{"id":"b59385dc-ff6d-4c43-b84a-21cadf114d67"}"
11:24:20.979 [Forwarding clickElement on session 197b6b89e62bca51444c22e6a69c7a9a to remote] DEBUG org.apache.http.wire - http-outgoing-28 << "HTTP/1.1 200 OK[\r][\n]"
11:24:20.979 [Forwarding clickElement on session 197b6b89e62bca51444c22e6a69c7a9a to remote] DEBUG org.apache.http.wire - http-outgoing-28 << "Content-Length:14[\r][\n]"
11:24:20.979 [Forwarding clickElement on session 197b6b89e62bca51444c22e6a69c7a9a to remote] DEBUG org.apache.http.wire - http-outgoing-28 << "Content-Type:application/json; charset=utf-8[\r][\n]"
11:24:20.979 [Forwarding clickElement on session 197b6b89e62bca51444c22e6a69c7a9a to remote] DEBUG org.apache.http.wire - http-outgoing-28 << "cache-control:no-cache[\r][\n]"
11:24:20.979 [Forwarding clickElement on session 197b6b89e62bca51444c22e6a69c7a9a to remote] DEBUG org.apache.http.wire - http-outgoing-28 << "[\r][\n]"
11:24:20.979 [Forwarding clickElement on session 197b6b89e62bca51444c22e6a69c7a9a to remote] DEBUG org.apache.http.wire - http-outgoing-28 << "{"value":null}"
11:24:20.979 [Forwarding clickElement on session 197b6b89e62bca51444c22e6a69c7a9a to remote] DEBUG org.apache.http.headers - http-outgoing-28 << HTTP/1.1 200 OK
11:24:20.979 [Forwarding clickElement on session 197b6b89e62bca51444c22e6a69c7a9a to remote] DEBUG org.apache.http.headers - http-outgoing-28 << Content-Length:14
11:24:20.979 [Forwarding clickElement on session 197b6b89e62bca51444c22e6a69c7a9a to remote] DEBUG org.apache.http.headers - http-outgoing-28 << Content-Type:application/json; charset=utf-8
11:24:20.979 [Forwarding clickElement on session 197b6b89e62bca51444c22e6a69c7a9a to remote] DEBUG org.apache.http.headers - http-outgoing-28 << cache-control:no-cache
11:24:20.979 [Forwarding clickElement on session 197b6b89e62bca51444c22e6a69c7a9a to remote] DEBUG org.apache.http.impl.execchain.MainClientExec - Connection can be kept alive indefinitely
11:24:20.979 [Forwarding clickElement on session 197b6b89e62bca51444c22e6a69c7a9a to remote] DEBUG org.apache.http.impl.conn.PoolingHttpClientConnectionManager - Connection [id: 28][route: {}->http://localhost:7185] can be kept alive indefinitely
11:24:20.979 [Forwarding clickElement on session 197b6b89e62bca51444c22e6a69c7a9a to remote] DEBUG org.apache.http.impl.conn.PoolingHttpClientConnectionManager - Connection released: [id: 28][route: {}->http://localhost:7185][total kept alive: 29; route allocated: 1 of 2000; total allocated: 29 of 2000]
11:24:21.181 [Forwarding findElement on session 197b6b89e62bca51444c22e6a69c7a9a to remote] DEBUG org.apache.http.client.protocol.RequestAddCookies - CookieSpec selected: default
11:24:21.181 [Forwarding findElement on session 197b6b89e62bca51444c22e6a69c7a9a to remote] DEBUG org.apache.http.client.protocol.RequestAuthCache - Auth cache not set in the context
11:24:21.181 [Forwarding findElement on session 197b6b89e62bca51444c22e6a69c7a9a to remote] DEBUG org.apache.http.impl.conn.PoolingHttpClientConnectionManager - Connection request: [route: {}->http://localhost:7185][total kept alive: 29; route allocated: 1 of 2000; total allocated: 29 of 2000]
11:24:21.181 [Forwarding findElement on session 197b6b89e62bca51444c22e6a69c7a9a to remote] DEBUG org.apache.http.impl.conn.PoolingHttpClientConnectionManager - Connection leased: [id: 28][route: {}->http://localhost:7185][total kept alive: 28; route allocated: 1 of 2000; total allocated: 29 of 2000]
11:24:21.181 [Forwarding findElement on session 197b6b89e62bca51444c22e6a69c7a9a to remote] DEBUG org.apache.http.impl.execchain.MainClientExec - Stale connection check
11:24:21.182 [Forwarding findElement on session 197b6b89e62bca51444c22e6a69c7a9a to remote] DEBUG org.apache.http.wire - http-outgoing-28 << "[read] I/O error: Read timed out"
11:24:21.182 [Forwarding findElement on session 197b6b89e62bca51444c22e6a69c7a9a to remote] DEBUG org.apache.http.impl.conn.DefaultManagedHttpClientConnection - http-outgoing-28: set socket timeout to 10800000
11:24:21.182 [Forwarding findElement on session 197b6b89e62bca51444c22e6a69c7a9a to remote] DEBUG org.apache.http.impl.execchain.MainClientExec - Executing request POST /session/197b6b89e62bca51444c22e6a69c7a9a/element HTTP/1.1
11:24:21.182 [Forwarding findElement on session 197b6b89e62bca51444c22e6a69c7a9a to remote] DEBUG org.apache.http.impl.execchain.MainClientExec - Target auth state: UNCHALLENGED
11:24:21.182 [Forwarding findElement on session 197b6b89e62bca51444c22e6a69c7a9a to remote] DEBUG org.apache.http.impl.execchain.MainClientExec - Proxy auth state: UNCHALLENGED
11:24:21.182 [Forwarding findElement on session 197b6b89e62bca51444c22e6a69c7a9a to remote] DEBUG org.apache.http.headers - http-outgoing-28 >> POST /session/197b6b89e62bca51444c22e6a69c7a9a/element HTTP/1.1
11:24:21.182 [Forwarding findElement on session 197b6b89e62bca51444c22e6a69c7a9a to remote] DEBUG org.apache.http.headers - http-outgoing-28 >> Content-Type: application/json; charset=utf-8
11:24:21.182 [Forwarding findElement on session 197b6b89e62bca51444c22e6a69c7a9a to remote] DEBUG org.apache.http.headers - http-outgoing-28 >> Content-Length: 73
11:24:21.182 [Forwarding findElement on session 197b6b89e62bca51444c22e6a69c7a9a to remote] DEBUG org.apache.http.headers - http-outgoing-28 >> Host: localhost:7185
11:24:21.182 [Forwarding findElement on session 197b6b89e62bca51444c22e6a69c7a9a to remote] DEBUG org.apache.http.headers - http-outgoing-28 >> Connection: Keep-Alive
11:24:21.182 [Forwarding findElement on session 197b6b89e62bca51444c22e6a69c7a9a to remote] DEBUG org.apache.http.headers - http-outgoing-28 >> User-Agent: Apache-HttpClient/4.5.3 (Java/1.8.0_211)
11:24:21.182 [Forwarding findElement on session 197b6b89e62bca51444c22e6a69c7a9a to remote] DEBUG org.apache.http.headers - http-outgoing-28 >> Accept-Encoding: gzip,deflate
11:24:21.182 [Forwarding findElement on session 197b6b89e62bca51444c22e6a69c7a9a to remote] DEBUG org.apache.http.wire - http-outgoing-28 >> "POST /session/197b6b89e62bca51444c22e6a69c7a9a/element HTTP/1.1[\r][\n]"
11:24:21.182 [Forwarding findElement on session 197b6b89e62bca51444c22e6a69c7a9a to remote] DEBUG org.apache.http.wire - http-outgoing-28 >> "Content-Type: application/json; charset=utf-8[\r][\n]"
11:24:21.182 [Forwarding findElement on session 197b6b89e62bca51444c22e6a69c7a9a to remote] DEBUG org.apache.http.wire - http-outgoing-28 >> "Content-Length: 73[\r][\n]"
11:24:21.182 [Forwarding findElement on session 197b6b89e62bca51444c22e6a69c7a9a to remote] DEBUG org.apache.http.wire - http-outgoing-28 >> "Host: localhost:7185[\r][\n]"
11:24:21.182 [Forwarding findElement on session 197b6b89e62bca51444c22e6a69c7a9a to remote] DEBUG org.apache.http.wire - http-outgoing-28 >> "Connection: Keep-Alive[\r][\n]"
11:24:21.182 [Forwarding findElement on session 197b6b89e62bca51444c22e6a69c7a9a to remote] DEBUG org.apache.http.wire - http-outgoing-28 >> "User-Agent: Apache-HttpClient/4.5.3 (Java/1.8.0_211)[\r][\n]"
11:24:21.182 [Forwarding findElement on session 197b6b89e62bca51444c22e6a69c7a9a to remote] DEBUG org.apache.http.wire - http-outgoing-28 >> "Accept-Encoding: gzip,deflate[\r][\n]"
11:24:21.182 [Forwarding findElement on session 197b6b89e62bca51444c22e6a69c7a9a to remote] DEBUG org.apache.http.wire - http-outgoing-28 >> "[\r][\n]"
11:24:21.182 [Forwarding findElement on session 197b6b89e62bca51444c22e6a69c7a9a to remote] DEBUG org.apache.http.wire - http-outgoing-28 >> "{"value":".form-group:nth-child(4) .form-control","using":"css selector"}"
11:24:21.187 [Forwarding findElement on session 197b6b89e62bca51444c22e6a69c7a9a to remote] DEBUG org.apache.http.wire - http-outgoing-28 << "HTTP/1.1 200 OK[\r][\n]"
11:24:21.187 [Forwarding findElement on session 197b6b89e62bca51444c22e6a69c7a9a to remote] DEBUG org.apache.http.wire - http-outgoing-28 << "Content-Length:88[\r][\n]"
11:24:21.187 [Forwarding findElement on session 197b6b89e62bca51444c22e6a69c7a9a to remote] DEBUG org.apache.http.wire - http-outgoing-28 << "Content-Type:application/json; charset=utf-8[\r][\n]"
11:24:21.187 [Forwarding findElement on session 197b6b89e62bca51444c22e6a69c7a9a to remote] DEBUG org.apache.http.wire - http-outgoing-28 << "cache-control:no-cache[\r][\n]"
11:24:21.187 [Forwarding findElement on session 197b6b89e62bca51444c22e6a69c7a9a to remote] DEBUG org.apache.http.wire - http-outgoing-28 << "[\r][\n]"
11:24:21.187 [Forwarding findElement on session 197b6b89e62bca51444c22e6a69c7a9a to remote] DEBUG org.apache.http.wire - http-outgoing-28 << "{"value":{"element-6066-11e4-a52e-4f735466cecf":"b59385dc-ff6d-4c43-b84a-21cadf114d67"}}"
11:24:21.187 [Forwarding findElement on session 197b6b89e62bca51444c22e6a69c7a9a to remote] DEBUG org.apache.http.headers - http-outgoing-28 << HTTP/1.1 200 OK
11:24:21.187 [Forwarding findElement on session 197b6b89e62bca51444c22e6a69c7a9a to remote] DEBUG org.apache.http.headers - http-outgoing-28 << Content-Length:88
11:24:21.187 [Forwarding findElement on session 197b6b89e62bca51444c22e6a69c7a9a to remote] DEBUG org.apache.http.headers - http-outgoing-28 << Content-Type:application/json; charset=utf-8
11:24:21.187 [Forwarding findElement on session 197b6b89e62bca51444c22e6a69c7a9a to remote] DEBUG org.apache.http.headers - http-outgoing-28 << cache-control:no-cache
11:24:21.187 [Forwarding findElement on session 197b6b89e62bca51444c22e6a69c7a9a to remote] DEBUG org.apache.http.impl.execchain.MainClientExec - Connection can be kept alive indefinitely
11:24:21.187 [Forwarding findElement on session 197b6b89e62bca51444c22e6a69c7a9a to remote] DEBUG org.apache.http.impl.conn.PoolingHttpClientConnectionManager - Connection [id: 28][route: {}->http://localhost:7185] can be kept alive indefinitely
11:24:21.187 [Forwarding findElement on session 197b6b89e62bca51444c22e6a69c7a9a to remote] DEBUG org.apache.http.impl.conn.PoolingHttpClientConnectionManager - Connection released: [id: 28][route: {}->http://localhost:7185][total kept alive: 29; route allocated: 1 of 2000; total allocated: 29 of 2000]
11:24:21.187 [Forwarding sendKeysToElement on session 197b6b89e62bca51444c22e6a69c7a9a to remote] DEBUG org.apache.http.client.protocol.RequestAddCookies - CookieSpec selected: default
11:24:21.187 [Forwarding sendKeysToElement on session 197b6b89e62bca51444c22e6a69c7a9a to remote] DEBUG org.apache.http.client.protocol.RequestAuthCache - Auth cache not set in the context
11:24:21.187 [Forwarding sendKeysToElement on session 197b6b89e62bca51444c22e6a69c7a9a to remote] DEBUG org.apache.http.impl.conn.PoolingHttpClientConnectionManager - Connection request: [route: {}->http://localhost:7185][total kept alive: 29; route allocated: 1 of 2000; total allocated: 29 of 2000]
11:24:21.187 [Forwarding sendKeysToElement on session 197b6b89e62bca51444c22e6a69c7a9a to remote] DEBUG org.apache.http.impl.conn.PoolingHttpClientConnectionManager - Connection leased: [id: 28][route: {}->http://localhost:7185][total kept alive: 28; route allocated: 1 of 2000; total allocated: 29 of 2000]
11:24:21.187 [Forwarding sendKeysToElement on session 197b6b89e62bca51444c22e6a69c7a9a to remote] DEBUG org.apache.http.impl.execchain.MainClientExec - Stale connection check
11:24:21.189 [Forwarding sendKeysToElement on session 197b6b89e62bca51444c22e6a69c7a9a to remote] DEBUG org.apache.http.wire - http-outgoing-28 << "[read] I/O error: Read timed out"
11:24:21.189 [Forwarding sendKeysToElement on session 197b6b89e62bca51444c22e6a69c7a9a to remote] DEBUG org.apache.http.impl.conn.DefaultManagedHttpClientConnection - http-outgoing-28: set socket timeout to 10800000
11:24:21.189 [Forwarding sendKeysToElement on session 197b6b89e62bca51444c22e6a69c7a9a to remote] DEBUG org.apache.http.impl.execchain.MainClientExec - Executing request POST /session/197b6b89e62bca51444c22e6a69c7a9a/element/b59385dc-ff6d-4c43-b84a-21cadf114d67/value HTTP/1.1
11:24:21.189 [Forwarding sendKeysToElement on session 197b6b89e62bca51444c22e6a69c7a9a to remote] DEBUG org.apache.http.impl.execchain.MainClientExec - Target auth state: UNCHALLENGED
11:24:21.189 [Forwarding sendKeysToElement on session 197b6b89e62bca51444c22e6a69c7a9a to remote] DEBUG org.apache.http.impl.execchain.MainClientExec - Proxy auth state: UNCHALLENGED
11:24:21.189 [Forwarding sendKeysToElement on session 197b6b89e62bca51444c22e6a69c7a9a to remote] DEBUG org.apache.http.headers - http-outgoing-28 >> POST /session/197b6b89e62bca51444c22e6a69c7a9a/element/b59385dc-ff6d-4c43-b84a-21cadf114d67/value HTTP/1.1
11:24:21.189 [Forwarding sendKeysToElement on session 197b6b89e62bca51444c22e6a69c7a9a to remote] DEBUG org.apache.http.headers - http-outgoing-28 >> Content-Type: application/json; charset=utf-8
11:24:21.189 [Forwarding sendKeysToElement on session 197b6b89e62bca51444c22e6a69c7a9a to remote] DEBUG org.apache.http.headers - http-outgoing-28 >> Content-Length: 95
11:24:21.189 [Forwarding sendKeysToElement on session 197b6b89e62bca51444c22e6a69c7a9a to remote] DEBUG org.apache.http.headers - http-outgoing-28 >> Host: localhost:7185
11:24:21.189 [Forwarding sendKeysToElement on session 197b6b89e62bca51444c22e6a69c7a9a to remote] DEBUG org.apache.http.headers - http-outgoing-28 >> Connection: Keep-Alive
11:24:21.189 [Forwarding sendKeysToElement on session 197b6b89e62bca51444c22e6a69c7a9a to remote] DEBUG org.apache.http.headers - http-outgoing-28 >> User-Agent: Apache-HttpClient/4.5.3 (Java/1.8.0_211)
11:24:21.189 [Forwarding sendKeysToElement on session 197b6b89e62bca51444c22e6a69c7a9a to remote] DEBUG org.apache.http.headers - http-outgoing-28 >> Accept-Encoding: gzip,deflate
11:24:21.189 [Forwarding sendKeysToElement on session 197b6b89e62bca51444c22e6a69c7a9a to remote] DEBUG org.apache.http.wire - http-outgoing-28 >> "POST /session/197b6b89e62bca51444c22e6a69c7a9a/element/b59385dc-ff6d-4c43-b84a-21cadf114d67/value HTTP/1.1[\r][\n]"
11:24:21.189 [Forwarding sendKeysToElement on session 197b6b89e62bca51444c22e6a69c7a9a to remote] DEBUG org.apache.http.wire - http-outgoing-28 >> "Content-Type: application/json; charset=utf-8[\r][\n]"
11:24:21.189 [Forwarding sendKeysToElement on session 197b6b89e62bca51444c22e6a69c7a9a to remote] DEBUG org.apache.http.wire - http-outgoing-28 >> "Content-Length: 95[\r][\n]"
11:24:21.189 [Forwarding sendKeysToElement on session 197b6b89e62bca51444c22e6a69c7a9a to remote] DEBUG org.apache.http.wire - http-outgoing-28 >> "Host: localhost:7185[\r][\n]"
11:24:21.189 [Forwarding sendKeysToElement on session 197b6b89e62bca51444c22e6a69c7a9a to remote] DEBUG org.apache.http.wire - http-outgoing-28 >> "Connection: Keep-Alive[\r][\n]"
11:24:21.189 [Forwarding sendKeysToElement on session 197b6b89e62bca51444c22e6a69c7a9a to remote] DEBUG org.apache.http.wire - http-outgoing-28 >> "User-Agent: Apache-HttpClient/4.5.3 (Java/1.8.0_211)[\r][\n]"
11:24:21.189 [Forwarding sendKeysToElement on session 197b6b89e62bca51444c22e6a69c7a9a to remote] DEBUG org.apache.http.wire - http-outgoing-28 >> "Accept-Encoding: gzip,deflate[\r][\n]"
11:24:21.189 [Forwarding sendKeysToElement on session 197b6b89e62bca51444c22e6a69c7a9a to remote] DEBUG org.apache.http.wire - http-outgoing-28 >> "[\r][\n]"
11:24:21.189 [Forwarding sendKeysToElement on session 197b6b89e62bca51444c22e6a69c7a9a to remote] DEBUG org.apache.http.wire - http-outgoing-28 >> "{"id":"b59385dc-ff6d-4c43-b84a-21cadf114d67","text":"TRC 10","value":["T","R","C"," ","1","0"]}"
11:24:21.213 [Forwarding sendKeysToElement on session 197b6b89e62bca51444c22e6a69c7a9a to remote] DEBUG org.apache.http.wire - http-outgoing-28 << "HTTP/1.1 200 OK[\r][\n]"
11:24:21.213 [Forwarding sendKeysToElement on session 197b6b89e62bca51444c22e6a69c7a9a to remote] DEBUG org.apache.http.wire - http-outgoing-28 << "Content-Length:14[\r][\n]"
11:24:21.213 [Forwarding sendKeysToElement on session 197b6b89e62bca51444c22e6a69c7a9a to remote] DEBUG org.apache.http.wire - http-outgoing-28 << "Content-Type:application/json; charset=utf-8[\r][\n]"
11:24:21.213 [Forwarding sendKeysToElement on session 197b6b89e62bca51444c22e6a69c7a9a to remote] DEBUG org.apache.http.wire - http-outgoing-28 << "cache-control:no-cache[\r][\n]"
11:24:21.213 [Forwarding sendKeysToElement on session 197b6b89e62bca51444c22e6a69c7a9a to remote] DEBUG org.apache.http.wire - http-outgoing-28 << "[\r][\n]"
11:24:21.213 [Forwarding sendKeysToElement on session 197b6b89e62bca51444c22e6a69c7a9a to remote] DEBUG org.apache.http.wire - http-outgoing-28 << "{"value":null}"
11:24:21.213 [Forwarding sendKeysToElement on session 197b6b89e62bca51444c22e6a69c7a9a to remote] DEBUG org.apache.http.headers - http-outgoing-28 << HTTP/1.1 200 OK
11:24:21.213 [Forwarding sendKeysToElement on session 197b6b89e62bca51444c22e6a69c7a9a to remote] DEBUG org.apache.http.headers - http-outgoing-28 << Content-Length:14
11:24:21.213 [Forwarding sendKeysToElement on session 197b6b89e62bca51444c22e6a69c7a9a to remote] DEBUG org.apache.http.headers - http-outgoing-28 << Content-Type:application/json; charset=utf-8
11:24:21.213 [Forwarding sendKeysToElement on session 197b6b89e62bca51444c22e6a69c7a9a to remote] DEBUG org.apache.http.headers - http-outgoing-28 << cache-control:no-cache
11:24:21.213 [Forwarding sendKeysToElement on session 197b6b89e62bca51444c22e6a69c7a9a to remote] DEBUG org.apache.http.impl.execchain.MainClientExec - Connection can be kept alive indefinitely
11:24:21.213 [Forwarding sendKeysToElement on session 197b6b89e62bca51444c22e6a69c7a9a to remote] DEBUG org.apache.http.impl.conn.PoolingHttpClientConnectionManager - Connection [id: 28][route: {}->http://localhost:7185] can be kept alive indefinitely
11:24:21.213 [Forwarding sendKeysToElement on session 197b6b89e62bca51444c22e6a69c7a9a to remote] DEBUG org.apache.http.impl.conn.PoolingHttpClientConnectionManager - Connection released: [id: 28][route: {}->http://localhost:7185][total kept alive: 29; route allocated: 1 of 2000; total allocated: 29 of 2000]
11:24:21.516 [Forwarding findElement on session 197b6b89e62bca51444c22e6a69c7a9a to remote] DEBUG org.apache.http.client.protocol.RequestAddCookies - CookieSpec selected: default
11:24:21.516 [Forwarding findElement on session 197b6b89e62bca51444c22e6a69c7a9a to remote] DEBUG org.apache.http.client.protocol.RequestAuthCache - Auth cache not set in the context
11:24:21.516 [Forwarding findElement on session 197b6b89e62bca51444c22e6a69c7a9a to remote] DEBUG org.apache.http.impl.conn.PoolingHttpClientConnectionManager - Connection request: [route: {}->http://localhost:7185][total kept alive: 29; route allocated: 1 of 2000; total allocated: 29 of 2000]
11:24:21.516 [Forwarding findElement on session 197b6b89e62bca51444c22e6a69c7a9a to remote] DEBUG org.apache.http.impl.conn.PoolingHttpClientConnectionManager - Connection leased: [id: 28][route: {}->http://localhost:7185][total kept alive: 28; route allocated: 1 of 2000; total allocated: 29 of 2000]
11:24:21.516 [Forwarding findElement on session 197b6b89e62bca51444c22e6a69c7a9a to remote] DEBUG org.apache.http.impl.execchain.MainClientExec - Stale connection check
11:24:21.518 [Forwarding findElement on session 197b6b89e62bca51444c22e6a69c7a9a to remote] DEBUG org.apache.http.wire - http-outgoing-28 << "[read] I/O error: Read timed out"
11:24:21.518 [Forwarding findElement on session 197b6b89e62bca51444c22e6a69c7a9a to remote] DEBUG org.apache.http.impl.conn.DefaultManagedHttpClientConnection - http-outgoing-28: set socket timeout to 10800000
11:24:21.518 [Forwarding findElement on session 197b6b89e62bca51444c22e6a69c7a9a to remote] DEBUG org.apache.http.impl.execchain.MainClientExec - Executing request POST /session/197b6b89e62bca51444c22e6a69c7a9a/element HTTP/1.1
11:24:21.518 [Forwarding findElement on session 197b6b89e62bca51444c22e6a69c7a9a to remote] DEBUG org.apache.http.impl.execchain.MainClientExec - Target auth state: UNCHALLENGED
11:24:21.518 [Forwarding findElement on session 197b6b89e62bca51444c22e6a69c7a9a to remote] DEBUG org.apache.http.impl.execchain.MainClientExec - Proxy auth state: UNCHALLENGED
11:24:21.518 [Forwarding findElement on session 197b6b89e62bca51444c22e6a69c7a9a to remote] DEBUG org.apache.http.headers - http-outgoing-28 >> POST /session/197b6b89e62bca51444c22e6a69c7a9a/element HTTP/1.1
11:24:21.518 [Forwarding findElement on session 197b6b89e62bca51444c22e6a69c7a9a to remote] DEBUG org.apache.http.headers - http-outgoing-28 >> Content-Type: application/json; charset=utf-8
11:24:21.518 [Forwarding findElement on session 197b6b89e62bca51444c22e6a69c7a9a to remote] DEBUG org.apache.http.headers - http-outgoing-28 >> Content-Length: 41
11:24:21.518 [Forwarding findElement on session 197b6b89e62bca51444c22e6a69c7a9a to remote] DEBUG org.apache.http.headers - http-outgoing-28 >> Host: localhost:7185
11:24:21.518 [Forwarding findElement on session 197b6b89e62bca51444c22e6a69c7a9a to remote] DEBUG org.apache.http.headers - http-outgoing-28 >> Connection: Keep-Alive
11:24:21.518 [Forwarding findElement on session 197b6b89e62bca51444c22e6a69c7a9a to remote] DEBUG org.apache.http.headers - http-outgoing-28 >> User-Agent: Apache-HttpClient/4.5.3 (Java/1.8.0_211)
11:24:21.518 [Forwarding findElement on session 197b6b89e62bca51444c22e6a69c7a9a to remote] DEBUG org.apache.http.headers - http-outgoing-28 >> Accept-Encoding: gzip,deflate
11:24:21.518 [Forwarding findElement on session 197b6b89e62bca51444c22e6a69c7a9a to remote] DEBUG org.apache.http.wire - http-outgoing-28 >> "POST /session/197b6b89e62bca51444c22e6a69c7a9a/element HTTP/1.1[\r][\n]"
11:24:21.518 [Forwarding findElement on session 197b6b89e62bca51444c22e6a69c7a9a to remote] DEBUG org.apache.http.wire - http-outgoing-28 >> "Content-Type: application/json; charset=utf-8[\r][\n]"
11:24:21.518 [Forwarding findElement on session 197b6b89e62bca51444c22e6a69c7a9a to remote] DEBUG org.apache.http.wire - http-outgoing-28 >> "Content-Length: 41[\r][\n]"
11:24:21.518 [Forwarding findElement on session 197b6b89e62bca51444c22e6a69c7a9a to remote] DEBUG org.apache.http.wire - http-outgoing-28 >> "Host: localhost:7185[\r][\n]"
11:24:21.518 [Forwarding findElement on session 197b6b89e62bca51444c22e6a69c7a9a to remote] DEBUG org.apache.http.wire - http-outgoing-28 >> "Connection: Keep-Alive[\r][\n]"
11:24:21.518 [Forwarding findElement on session 197b6b89e62bca51444c22e6a69c7a9a to remote] DEBUG org.apache.http.wire - http-outgoing-28 >> "User-Agent: Apache-HttpClient/4.5.3 (Java/1.8.0_211)[\r][\n]"
11:24:21.518 [Forwarding findElement on session 197b6b89e62bca51444c22e6a69c7a9a to remote] DEBUG org.apache.http.wire - http-outgoing-28 >> "Accept-Encoding: gzip,deflate[\r][\n]"
11:24:21.518 [Forwarding findElement on session 197b6b89e62bca51444c22e6a69c7a9a to remote] DEBUG org.apache.http.wire - http-outgoing-28 >> "[\r][\n]"
11:24:21.518 [Forwarding findElement on session 197b6b89e62bca51444c22e6a69c7a9a to remote] DEBUG org.apache.http.wire - http-outgoing-28 >> "{"value":"//form/button","using":"xpath"}"
11:24:21.525 [Forwarding findElement on session 197b6b89e62bca51444c22e6a69c7a9a to remote] DEBUG org.apache.http.wire - http-outgoing-28 << "HTTP/1.1 200 OK[\r][\n]"
11:24:21.525 [Forwarding findElement on session 197b6b89e62bca51444c22e6a69c7a9a to remote] DEBUG org.apache.http.wire - http-outgoing-28 << "Content-Length:88[\r][\n]"
11:24:21.525 [Forwarding findElement on session 197b6b89e62bca51444c22e6a69c7a9a to remote] DEBUG org.apache.http.wire - http-outgoing-28 << "Content-Type:application/json; charset=utf-8[\r][\n]"
11:24:21.525 [Forwarding findElement on session 197b6b89e62bca51444c22e6a69c7a9a to remote] DEBUG org.apache.http.wire - http-outgoing-28 << "cache-control:no-cache[\r][\n]"
11:24:21.525 [Forwarding findElement on session 197b6b89e62bca51444c22e6a69c7a9a to remote] DEBUG org.apache.http.wire - http-outgoing-28 << "[\r][\n]"
11:24:21.525 [Forwarding findElement on session 197b6b89e62bca51444c22e6a69c7a9a to remote] DEBUG org.apache.http.wire - http-outgoing-28 << "{"value":{"element-6066-11e4-a52e-4f735466cecf":"23d34e19-3b15-4635-b644-4ac59d86b854"}}"
11:24:21.525 [Forwarding findElement on session 197b6b89e62bca51444c22e6a69c7a9a to remote] DEBUG org.apache.http.headers - http-outgoing-28 << HTTP/1.1 200 OK
11:24:21.525 [Forwarding findElement on session 197b6b89e62bca51444c22e6a69c7a9a to remote] DEBUG org.apache.http.headers - http-outgoing-28 << Content-Length:88
11:24:21.525 [Forwarding findElement on session 197b6b89e62bca51444c22e6a69c7a9a to remote] DEBUG org.apache.http.headers - http-outgoing-28 << Content-Type:application/json; charset=utf-8
11:24:21.525 [Forwarding findElement on session 197b6b89e62bca51444c22e6a69c7a9a to remote] DEBUG org.apache.http.headers - http-outgoing-28 << cache-control:no-cache
11:24:21.526 [Forwarding findElement on session 197b6b89e62bca51444c22e6a69c7a9a to remote] DEBUG org.apache.http.impl.execchain.MainClientExec - Connection can be kept alive indefinitely
11:24:21.526 [Forwarding findElement on session 197b6b89e62bca51444c22e6a69c7a9a to remote] DEBUG org.apache.http.impl.conn.PoolingHttpClientConnectionManager - Connection [id: 28][route: {}->http://localhost:7185] can be kept alive indefinitely
11:24:21.526 [Forwarding findElement on session 197b6b89e62bca51444c22e6a69c7a9a to remote] DEBUG org.apache.http.impl.conn.PoolingHttpClientConnectionManager - Connection released: [id: 28][route: {}->http://localhost:7185][total kept alive: 29; route allocated: 1 of 2000; total allocated: 29 of 2000]
11:24:21.526 [Forwarding clickElement on session 197b6b89e62bca51444c22e6a69c7a9a to remote] DEBUG org.apache.http.client.protocol.RequestAddCookies - CookieSpec selected: default
11:24:21.526 [Forwarding clickElement on session 197b6b89e62bca51444c22e6a69c7a9a to remote] DEBUG org.apache.http.client.protocol.RequestAuthCache - Auth cache not set in the context
11:24:21.526 [Forwarding clickElement on session 197b6b89e62bca51444c22e6a69c7a9a to remote] DEBUG org.apache.http.impl.conn.PoolingHttpClientConnectionManager - Connection request: [route: {}->http://localhost:7185][total kept alive: 29; route allocated: 1 of 2000; total allocated: 29 of 2000]
11:24:21.526 [Forwarding clickElement on session 197b6b89e62bca51444c22e6a69c7a9a to remote] DEBUG org.apache.http.impl.conn.PoolingHttpClientConnectionManager - Connection leased: [id: 28][route: {}->http://localhost:7185][total kept alive: 28; route allocated: 1 of 2000; total allocated: 29 of 2000]
11:24:21.526 [Forwarding clickElement on session 197b6b89e62bca51444c22e6a69c7a9a to remote] DEBUG org.apache.http.impl.execchain.MainClientExec - Stale connection check
11:24:21.528 [Forwarding clickElement on session 197b6b89e62bca51444c22e6a69c7a9a to remote] DEBUG org.apache.http.wire - http-outgoing-28 << "[read] I/O error: Read timed out"
11:24:21.528 [Forwarding clickElement on session 197b6b89e62bca51444c22e6a69c7a9a to remote] DEBUG org.apache.http.impl.conn.DefaultManagedHttpClientConnection - http-outgoing-28: set socket timeout to 10800000
11:24:21.528 [Forwarding clickElement on session 197b6b89e62bca51444c22e6a69c7a9a to remote] DEBUG org.apache.http.impl.execchain.MainClientExec - Executing request POST /session/197b6b89e62bca51444c22e6a69c7a9a/element/23d34e19-3b15-4635-b644-4ac59d86b854/click HTTP/1.1
11:24:21.528 [Forwarding clickElement on session 197b6b89e62bca51444c22e6a69c7a9a to remote] DEBUG org.apache.http.impl.execchain.MainClientExec - Target auth state: UNCHALLENGED
11:24:21.528 [Forwarding clickElement on session 197b6b89e62bca51444c22e6a69c7a9a to remote] DEBUG org.apache.http.impl.execchain.MainClientExec - Proxy auth state: UNCHALLENGED
11:24:21.528 [Forwarding clickElement on session 197b6b89e62bca51444c22e6a69c7a9a to remote] DEBUG org.apache.http.headers - http-outgoing-28 >> POST /session/197b6b89e62bca51444c22e6a69c7a9a/element/23d34e19-3b15-4635-b644-4ac59d86b854/click HTTP/1.1
11:24:21.528 [Forwarding clickElement on session 197b6b89e62bca51444c22e6a69c7a9a to remote] DEBUG org.apache.http.headers - http-outgoing-28 >> Content-Type: application/json; charset=utf-8
11:24:21.528 [Forwarding clickElement on session 197b6b89e62bca51444c22e6a69c7a9a to remote] DEBUG org.apache.http.headers - http-outgoing-28 >> Content-Length: 45
11:24:21.528 [Forwarding clickElement on session 197b6b89e62bca51444c22e6a69c7a9a to remote] DEBUG org.apache.http.headers - http-outgoing-28 >> Host: localhost:7185
11:24:21.528 [Forwarding clickElement on session 197b6b89e62bca51444c22e6a69c7a9a to remote] DEBUG org.apache.http.headers - http-outgoing-28 >> Connection: Keep-Alive
11:24:21.528 [Forwarding clickElement on session 197b6b89e62bca51444c22e6a69c7a9a to remote] DEBUG org.apache.http.headers - http-outgoing-28 >> User-Agent: Apache-HttpClient/4.5.3 (Java/1.8.0_211)
11:24:21.528 [Forwarding clickElement on session 197b6b89e62bca51444c22e6a69c7a9a to remote] DEBUG org.apache.http.headers - http-outgoing-28 >> Accept-Encoding: gzip,deflate
11:24:21.528 [Forwarding clickElement on session 197b6b89e62bca51444c22e6a69c7a9a to remote] DEBUG org.apache.http.wire - http-outgoing-28 >> "POST /session/197b6b89e62bca51444c22e6a69c7a9a/element/23d34e19-3b15-4635-b644-4ac59d86b854/click HTTP/1.1[\r][\n]"
11:24:21.528 [Forwarding clickElement on session 197b6b89e62bca51444c22e6a69c7a9a to remote] DEBUG org.apache.http.wire - http-outgoing-28 >> "Content-Type: application/json; charset=utf-8[\r][\n]"
11:24:21.528 [Forwarding clickElement on session 197b6b89e62bca51444c22e6a69c7a9a to remote] DEBUG org.apache.http.wire - http-outgoing-28 >> "Content-Length: 45[\r][\n]"
11:24:21.528 [Forwarding clickElement on session 197b6b89e62bca51444c22e6a69c7a9a to remote] DEBUG org.apache.http.wire - http-outgoing-28 >> "Host: localhost:7185[\r][\n]"
11:24:21.528 [Forwarding clickElement on session 197b6b89e62bca51444c22e6a69c7a9a to remote] DEBUG org.apache.http.wire - http-outgoing-28 >> "Connection: Keep-Alive[\r][\n]"
11:24:21.528 [Forwarding clickElement on session 197b6b89e62bca51444c22e6a69c7a9a to remote] DEBUG org.apache.http.wire - http-outgoing-28 >> "User-Agent: Apache-HttpClient/4.5.3 (Java/1.8.0_211)[\r][\n]"
11:24:21.528 [Forwarding clickElement on session 197b6b89e62bca51444c22e6a69c7a9a to remote] DEBUG org.apache.http.wire - http-outgoing-28 >> "Accept-Encoding: gzip,deflate[\r][\n]"
11:24:21.528 [Forwarding clickElement on session 197b6b89e62bca51444c22e6a69c7a9a to remote] DEBUG org.apache.http.wire - http-outgoing-28 >> "[\r][\n]"
11:24:21.528 [Forwarding clickElement on session 197b6b89e62bca51444c22e6a69c7a9a to remote] DEBUG org.apache.http.wire - http-outgoing-28 >> "{"id":"23d34e19-3b15-4635-b644-4ac59d86b854"}"
11:24:21.588 [Forwarding clickElement on session 197b6b89e62bca51444c22e6a69c7a9a to remote] DEBUG org.apache.http.wire - http-outgoing-28 << "HTTP/1.1 200 OK[\r][\n]"
11:24:21.588 [Forwarding clickElement on session 197b6b89e62bca51444c22e6a69c7a9a to remote] DEBUG org.apache.http.wire - http-outgoing-28 << "Content-Length:14[\r][\n]"
11:24:21.588 [Forwarding clickElement on session 197b6b89e62bca51444c22e6a69c7a9a to remote] DEBUG org.apache.http.wire - http-outgoing-28 << "Content-Type:application/json; charset=utf-8[\r][\n]"
11:24:21.588 [Forwarding clickElement on session 197b6b89e62bca51444c22e6a69c7a9a to remote] DEBUG org.apache.http.wire - http-outgoing-28 << "cache-control:no-cache[\r][\n]"
11:24:21.588 [Forwarding clickElement on session 197b6b89e62bca51444c22e6a69c7a9a to remote] DEBUG org.apache.http.wire - http-outgoing-28 << "[\r][\n]"
11:24:21.588 [Forwarding clickElement on session 197b6b89e62bca51444c22e6a69c7a9a to remote] DEBUG org.apache.http.wire - http-outgoing-28 << "{"value":null}"
11:24:21.588 [Forwarding clickElement on session 197b6b89e62bca51444c22e6a69c7a9a to remote] DEBUG org.apache.http.headers - http-outgoing-28 << HTTP/1.1 200 OK
11:24:21.588 [Forwarding clickElement on session 197b6b89e62bca51444c22e6a69c7a9a to remote] DEBUG org.apache.http.headers - http-outgoing-28 << Content-Length:14
11:24:21.588 [Forwarding clickElement on session 197b6b89e62bca51444c22e6a69c7a9a to remote] DEBUG org.apache.http.headers - http-outgoing-28 << Content-Type:application/json; charset=utf-8
11:24:21.588 [Forwarding clickElement on session 197b6b89e62bca51444c22e6a69c7a9a to remote] DEBUG org.apache.http.headers - http-outgoing-28 << cache-control:no-cache
11:24:21.588 [Forwarding clickElement on session 197b6b89e62bca51444c22e6a69c7a9a to remote] DEBUG org.apache.http.impl.execchain.MainClientExec - Connection can be kept alive indefinitely
11:24:21.588 [Forwarding clickElement on session 197b6b89e62bca51444c22e6a69c7a9a to remote] DEBUG org.apache.http.impl.conn.PoolingHttpClientConnectionManager - Connection [id: 28][route: {}->http://localhost:7185] can be kept alive indefinitely
11:24:21.588 [Forwarding clickElement on session 197b6b89e62bca51444c22e6a69c7a9a to remote] DEBUG org.apache.http.impl.conn.PoolingHttpClientConnectionManager - Connection released: [id: 28][route: {}->http://localhost:7185][total kept alive: 29; route allocated: 1 of 2000; total allocated: 29 of 2000]
11:24:21.790 [Forwarding findElement on session 197b6b89e62bca51444c22e6a69c7a9a to remote] DEBUG org.apache.http.client.protocol.RequestAddCookies - CookieSpec selected: default
11:24:21.790 [Forwarding findElement on session 197b6b89e62bca51444c22e6a69c7a9a to remote] DEBUG org.apache.http.client.protocol.RequestAuthCache - Auth cache not set in the context
11:24:21.790 [Forwarding findElement on session 197b6b89e62bca51444c22e6a69c7a9a to remote] DEBUG org.apache.http.impl.conn.PoolingHttpClientConnectionManager - Connection request: [route: {}->http://localhost:7185][total kept alive: 29; route allocated: 1 of 2000; total allocated: 29 of 2000]
11:24:21.790 [Forwarding findElement on session 197b6b89e62bca51444c22e6a69c7a9a to remote] DEBUG org.apache.http.impl.conn.PoolingHttpClientConnectionManager - Connection leased: [id: 28][route: {}->http://localhost:7185][total kept alive: 28; route allocated: 1 of 2000; total allocated: 29 of 2000]
11:24:21.790 [Forwarding findElement on session 197b6b89e62bca51444c22e6a69c7a9a to remote] DEBUG org.apache.http.impl.execchain.MainClientExec - Stale connection check
11:24:21.792 [Forwarding findElement on session 197b6b89e62bca51444c22e6a69c7a9a to remote] DEBUG org.apache.http.wire - http-outgoing-28 << "[read] I/O error: Read timed out"
11:24:21.792 [Forwarding findElement on session 197b6b89e62bca51444c22e6a69c7a9a to remote] DEBUG org.apache.http.impl.conn.DefaultManagedHttpClientConnection - http-outgoing-28: set socket timeout to 10800000
11:24:21.792 [Forwarding findElement on session 197b6b89e62bca51444c22e6a69c7a9a to remote] DEBUG org.apache.http.impl.execchain.MainClientExec - Executing request POST /session/197b6b89e62bca51444c22e6a69c7a9a/element HTTP/1.1
11:24:21.792 [Forwarding findElement on session 197b6b89e62bca51444c22e6a69c7a9a to remote] DEBUG org.apache.http.impl.execchain.MainClientExec - Target auth state: UNCHALLENGED
11:24:21.792 [Forwarding findElement on session 197b6b89e62bca51444c22e6a69c7a9a to remote] DEBUG org.apache.http.impl.execchain.MainClientExec - Proxy auth state: UNCHALLENGED
11:24:21.792 [Forwarding findElement on session 197b6b89e62bca51444c22e6a69c7a9a to remote] DEBUG org.apache.http.headers - http-outgoing-28 >> POST /session/197b6b89e62bca51444c22e6a69c7a9a/element HTTP/1.1
11:24:21.792 [Forwarding findElement on session 197b6b89e62bca51444c22e6a69c7a9a to remote] DEBUG org.apache.http.headers - http-outgoing-28 >> Content-Type: application/json; charset=utf-8
11:24:21.792 [Forwarding findElement on session 197b6b89e62bca51444c22e6a69c7a9a to remote] DEBUG org.apache.http.headers - http-outgoing-28 >> Content-Length: 60
11:24:21.792 [Forwarding findElement on session 197b6b89e62bca51444c22e6a69c7a9a to remote] DEBUG org.apache.http.headers - http-outgoing-28 >> Host: localhost:7185
11:24:21.792 [Forwarding findElement on session 197b6b89e62bca51444c22e6a69c7a9a to remote] DEBUG org.apache.http.headers - http-outgoing-28 >> Connection: Keep-Alive
11:24:21.792 [Forwarding findElement on session 197b6b89e62bca51444c22e6a69c7a9a to remote] DEBUG org.apache.http.headers - http-outgoing-28 >> User-Agent: Apache-HttpClient/4.5.3 (Java/1.8.0_211)
11:24:21.792 [Forwarding findElement on session 197b6b89e62bca51444c22e6a69c7a9a to remote] DEBUG org.apache.http.headers - http-outgoing-28 >> Accept-Encoding: gzip,deflate
11:24:21.792 [Forwarding findElement on session 197b6b89e62bca51444c22e6a69c7a9a to remote] DEBUG org.apache.http.wire - http-outgoing-28 >> "POST /session/197b6b89e62bca51444c22e6a69c7a9a/element HTTP/1.1[\r][\n]"
11:24:21.792 [Forwarding findElement on session 197b6b89e62bca51444c22e6a69c7a9a to remote] DEBUG org.apache.http.wire - http-outgoing-28 >> "Content-Type: application/json; charset=utf-8[\r][\n]"
11:24:21.792 [Forwarding findElement on session 197b6b89e62bca51444c22e6a69c7a9a to remote] DEBUG org.apache.http.wire - http-outgoing-28 >> "Content-Length: 60[\r][\n]"
11:24:21.792 [Forwarding findElement on session 197b6b89e62bca51444c22e6a69c7a9a to remote] DEBUG org.apache.http.wire - http-outgoing-28 >> "Host: localhost:7185[\r][\n]"
11:24:21.792 [Forwarding findElement on session 197b6b89e62bca51444c22e6a69c7a9a to remote] DEBUG org.apache.http.wire - http-outgoing-28 >> "Connection: Keep-Alive[\r][\n]"
11:24:21.792 [Forwarding findElement on session 197b6b89e62bca51444c22e6a69c7a9a to remote] DEBUG org.apache.http.wire - http-outgoing-28 >> "User-Agent: Apache-HttpClient/4.5.3 (Java/1.8.0_211)[\r][\n]"
11:24:21.792 [Forwarding findElement on session 197b6b89e62bca51444c22e6a69c7a9a to remote] DEBUG org.apache.http.wire - http-outgoing-28 >> "Accept-Encoding: gzip,deflate[\r][\n]"
11:24:21.792 [Forwarding findElement on session 197b6b89e62bca51444c22e6a69c7a9a to remote] DEBUG org.apache.http.wire - http-outgoing-28 >> "[\r][\n]"
11:24:21.792 [Forwarding findElement on session 197b6b89e62bca51444c22e6a69c7a9a to remote] DEBUG org.apache.http.wire - http-outgoing-28 >> "{"value":".btn-primary:nth-child(2)","using":"css selector"}"
11:24:21.797 [Forwarding findElement on session 197b6b89e62bca51444c22e6a69c7a9a to remote] DEBUG org.apache.http.wire - http-outgoing-28 << "HTTP/1.1 200 OK[\r][\n]"
11:24:21.797 [Forwarding findElement on session 197b6b89e62bca51444c22e6a69c7a9a to remote] DEBUG org.apache.http.wire - http-outgoing-28 << "Content-Length:88[\r][\n]"
11:24:21.797 [Forwarding findElement on session 197b6b89e62bca51444c22e6a69c7a9a to remote] DEBUG org.apache.http.wire - http-outgoing-28 << "Content-Type:application/json; charset=utf-8[\r][\n]"
11:24:21.797 [Forwarding findElement on session 197b6b89e62bca51444c22e6a69c7a9a to remote] DEBUG org.apache.http.wire - http-outgoing-28 << "cache-control:no-cache[\r][\n]"
11:24:21.797 [Forwarding findElement on session 197b6b89e62bca51444c22e6a69c7a9a to remote] DEBUG org.apache.http.wire - http-outgoing-28 << "[\r][\n]"
11:24:21.797 [Forwarding findElement on session 197b6b89e62bca51444c22e6a69c7a9a to remote] DEBUG org.apache.http.wire - http-outgoing-28 << "{"value":{"element-6066-11e4-a52e-4f735466cecf":"11f0e11b-f29d-47bc-b5c6-85d2bc1a2384"}}"
11:24:21.797 [Forwarding findElement on session 197b6b89e62bca51444c22e6a69c7a9a to remote] DEBUG org.apache.http.headers - http-outgoing-28 << HTTP/1.1 200 OK
11:24:21.797 [Forwarding findElement on session 197b6b89e62bca51444c22e6a69c7a9a to remote] DEBUG org.apache.http.headers - http-outgoing-28 << Content-Length:88
11:24:21.797 [Forwarding findElement on session 197b6b89e62bca51444c22e6a69c7a9a to remote] DEBUG org.apache.http.headers - http-outgoing-28 << Content-Type:application/json; charset=utf-8
11:24:21.797 [Forwarding findElement on session 197b6b89e62bca51444c22e6a69c7a9a to remote] DEBUG org.apache.http.headers - http-outgoing-28 << cache-control:no-cache
11:24:21.797 [Forwarding findElement on session 197b6b89e62bca51444c22e6a69c7a9a to remote] DEBUG org.apache.http.impl.execchain.MainClientExec - Connection can be kept alive indefinitely
11:24:21.797 [Forwarding findElement on session 197b6b89e62bca51444c22e6a69c7a9a to remote] DEBUG org.apache.http.impl.conn.PoolingHttpClientConnectionManager - Connection [id: 28][route: {}->http://localhost:7185] can be kept alive indefinitely
11:24:21.797 [Forwarding findElement on session 197b6b89e62bca51444c22e6a69c7a9a to remote] DEBUG org.apache.http.impl.conn.PoolingHttpClientConnectionManager - Connection released: [id: 28][route: {}->http://localhost:7185][total kept alive: 29; route allocated: 1 of 2000; total allocated: 29 of 2000]
11:24:21.798 [Forwarding clickElement on session 197b6b89e62bca51444c22e6a69c7a9a to remote] DEBUG org.apache.http.client.protocol.RequestAddCookies - CookieSpec selected: default
11:24:21.798 [Forwarding clickElement on session 197b6b89e62bca51444c22e6a69c7a9a to remote] DEBUG org.apache.http.client.protocol.RequestAuthCache - Auth cache not set in the context
11:24:21.798 [Forwarding clickElement on session 197b6b89e62bca51444c22e6a69c7a9a to remote] DEBUG org.apache.http.impl.conn.PoolingHttpClientConnectionManager - Connection request: [route: {}->http://localhost:7185][total kept alive: 29; route allocated: 1 of 2000; total allocated: 29 of 2000]
11:24:21.798 [Forwarding clickElement on session 197b6b89e62bca51444c22e6a69c7a9a to remote] DEBUG org.apache.http.impl.conn.PoolingHttpClientConnectionManager - Connection leased: [id: 28][route: {}->http://localhost:7185][total kept alive: 28; route allocated: 1 of 2000; total allocated: 29 of 2000]
11:24:21.798 [Forwarding clickElement on session 197b6b89e62bca51444c22e6a69c7a9a to remote] DEBUG org.apache.http.impl.execchain.MainClientExec - Stale connection check
11:24:21.799 [Forwarding clickElement on session 197b6b89e62bca51444c22e6a69c7a9a to remote] DEBUG org.apache.http.wire - http-outgoing-28 << "[read] I/O error: Read timed out"
11:24:21.799 [Forwarding clickElement on session 197b6b89e62bca51444c22e6a69c7a9a to remote] DEBUG org.apache.http.impl.conn.DefaultManagedHttpClientConnection - http-outgoing-28: set socket timeout to 10800000
11:24:21.799 [Forwarding clickElement on session 197b6b89e62bca51444c22e6a69c7a9a to remote] DEBUG org.apache.http.impl.execchain.MainClientExec - Executing request POST /session/197b6b89e62bca51444c22e6a69c7a9a/element/11f0e11b-f29d-47bc-b5c6-85d2bc1a2384/click HTTP/1.1
11:24:21.799 [Forwarding clickElement on session 197b6b89e62bca51444c22e6a69c7a9a to remote] DEBUG org.apache.http.impl.execchain.MainClientExec - Target auth state: UNCHALLENGED
11:24:21.799 [Forwarding clickElement on session 197b6b89e62bca51444c22e6a69c7a9a to remote] DEBUG org.apache.http.impl.execchain.MainClientExec - Proxy auth state: UNCHALLENGED
11:24:21.799 [Forwarding clickElement on session 197b6b89e62bca51444c22e6a69c7a9a to remote] DEBUG org.apache.http.headers - http-outgoing-28 >> POST /session/197b6b89e62bca51444c22e6a69c7a9a/element/11f0e11b-f29d-47bc-b5c6-85d2bc1a2384/click HTTP/1.1
11:24:21.799 [Forwarding clickElement on session 197b6b89e62bca51444c22e6a69c7a9a to remote] DEBUG org.apache.http.headers - http-outgoing-28 >> Content-Type: application/json; charset=utf-8
11:24:21.799 [Forwarding clickElement on session 197b6b89e62bca51444c22e6a69c7a9a to remote] DEBUG org.apache.http.headers - http-outgoing-28 >> Content-Length: 45
11:24:21.799 [Forwarding clickElement on session 197b6b89e62bca51444c22e6a69c7a9a to remote] DEBUG org.apache.http.headers - http-outgoing-28 >> Host: localhost:7185
11:24:21.799 [Forwarding clickElement on session 197b6b89e62bca51444c22e6a69c7a9a to remote] DEBUG org.apache.http.headers - http-outgoing-28 >> Connection: Keep-Alive
11:24:21.799 [Forwarding clickElement on session 197b6b89e62bca51444c22e6a69c7a9a to remote] DEBUG org.apache.http.headers - http-outgoing-28 >> User-Agent: Apache-HttpClient/4.5.3 (Java/1.8.0_211)
11:24:21.799 [Forwarding clickElement on session 197b6b89e62bca51444c22e6a69c7a9a to remote] DEBUG org.apache.http.headers - http-outgoing-28 >> Accept-Encoding: gzip,deflate
11:24:21.799 [Forwarding clickElement on session 197b6b89e62bca51444c22e6a69c7a9a to remote] DEBUG org.apache.http.wire - http-outgoing-28 >> "POST /session/197b6b89e62bca51444c22e6a69c7a9a/element/11f0e11b-f29d-47bc-b5c6-85d2bc1a2384/click HTTP/1.1[\r][\n]"
11:24:21.799 [Forwarding clickElement on session 197b6b89e62bca51444c22e6a69c7a9a to remote] DEBUG org.apache.http.wire - http-outgoing-28 >> "Content-Type: application/json; charset=utf-8[\r][\n]"
11:24:21.799 [Forwarding clickElement on session 197b6b89e62bca51444c22e6a69c7a9a to remote] DEBUG org.apache.http.wire - http-outgoing-28 >> "Content-Length: 45[\r][\n]"
11:24:21.799 [Forwarding clickElement on session 197b6b89e62bca51444c22e6a69c7a9a to remote] DEBUG org.apache.http.wire - http-outgoing-28 >> "Host: localhost:7185[\r][\n]"
11:24:21.799 [Forwarding clickElement on session 197b6b89e62bca51444c22e6a69c7a9a to remote] DEBUG org.apache.http.wire - http-outgoing-28 >> "Connection: Keep-Alive[\r][\n]"
11:24:21.799 [Forwarding clickElement on session 197b6b89e62bca51444c22e6a69c7a9a to remote] DEBUG org.apache.http.wire - http-outgoing-28 >> "User-Agent: Apache-HttpClient/4.5.3 (Java/1.8.0_211)[\r][\n]"
11:24:21.799 [Forwarding clickElement on session 197b6b89e62bca51444c22e6a69c7a9a to remote] DEBUG org.apache.http.wire - http-outgoing-28 >> "Accept-Encoding: gzip,deflate[\r][\n]"
11:24:21.799 [Forwarding clickElement on session 197b6b89e62bca51444c22e6a69c7a9a to remote] DEBUG org.apache.http.wire - http-outgoing-28 >> "[\r][\n]"
11:24:21.799 [Forwarding clickElement on session 197b6b89e62bca51444c22e6a69c7a9a to remote] DEBUG org.apache.http.wire - http-outgoing-28 >> "{"id":"11f0e11b-f29d-47bc-b5c6-85d2bc1a2384"}"
11:24:21.837 [Forwarding clickElement on session 197b6b89e62bca51444c22e6a69c7a9a to remote] DEBUG org.apache.http.wire - http-outgoing-28 << "HTTP/1.1 200 OK[\r][\n]"
11:24:21.837 [Forwarding clickElement on session 197b6b89e62bca51444c22e6a69c7a9a to remote] DEBUG org.apache.http.wire - http-outgoing-28 << "Content-Length:14[\r][\n]"
11:24:21.837 [Forwarding clickElement on session 197b6b89e62bca51444c22e6a69c7a9a to remote] DEBUG org.apache.http.wire - http-outgoing-28 << "Content-Type:application/json; charset=utf-8[\r][\n]"
11:24:21.837 [Forwarding clickElement on session 197b6b89e62bca51444c22e6a69c7a9a to remote] DEBUG org.apache.http.wire - http-outgoing-28 << "cache-control:no-cache[\r][\n]"
11:24:21.837 [Forwarding clickElement on session 197b6b89e62bca51444c22e6a69c7a9a to remote] DEBUG org.apache.http.wire - http-outgoing-28 << "[\r][\n]"
11:24:21.837 [Forwarding clickElement on session 197b6b89e62bca51444c22e6a69c7a9a to remote] DEBUG org.apache.http.wire - http-outgoing-28 << "{"value":null}"
11:24:21.837 [Forwarding clickElement on session 197b6b89e62bca51444c22e6a69c7a9a to remote] DEBUG org.apache.http.headers - http-outgoing-28 << HTTP/1.1 200 OK
11:24:21.837 [Forwarding clickElement on session 197b6b89e62bca51444c22e6a69c7a9a to remote] DEBUG org.apache.http.headers - http-outgoing-28 << Content-Length:14
11:24:21.837 [Forwarding clickElement on session 197b6b89e62bca51444c22e6a69c7a9a to remote] DEBUG org.apache.http.headers - http-outgoing-28 << Content-Type:application/json; charset=utf-8
11:24:21.837 [Forwarding clickElement on session 197b6b89e62bca51444c22e6a69c7a9a to remote] DEBUG org.apache.http.headers - http-outgoing-28 << cache-control:no-cache
11:24:21.837 [Forwarding clickElement on session 197b6b89e62bca51444c22e6a69c7a9a to remote] DEBUG org.apache.http.impl.execchain.MainClientExec - Connection can be kept alive indefinitely
11:24:21.837 [Forwarding clickElement on session 197b6b89e62bca51444c22e6a69c7a9a to remote] DEBUG org.apache.http.impl.conn.PoolingHttpClientConnectionManager - Connection [id: 28][route: {}->http://localhost:7185] can be kept alive indefinitely
11:24:21.837 [Forwarding clickElement on session 197b6b89e62bca51444c22e6a69c7a9a to remote] DEBUG org.apache.http.impl.conn.PoolingHttpClientConnectionManager - Connection released: [id: 28][route: {}->http://localhost:7185][total kept alive: 29; route allocated: 1 of 2000; total allocated: 29 of 2000]
11:24:22.142 [Forwarding findElement on session 197b6b89e62bca51444c22e6a69c7a9a to remote] DEBUG org.apache.http.client.protocol.RequestAddCookies - CookieSpec selected: default
11:24:22.142 [Forwarding findElement on session 197b6b89e62bca51444c22e6a69c7a9a to remote] DEBUG org.apache.http.client.protocol.RequestAuthCache - Auth cache not set in the context
11:24:22.142 [Forwarding findElement on session 197b6b89e62bca51444c22e6a69c7a9a to remote] DEBUG org.apache.http.impl.conn.PoolingHttpClientConnectionManager - Connection request: [route: {}->http://localhost:7185][total kept alive: 29; route allocated: 1 of 2000; total allocated: 29 of 2000]
11:24:22.142 [Forwarding findElement on session 197b6b89e62bca51444c22e6a69c7a9a to remote] DEBUG org.apache.http.impl.conn.PoolingHttpClientConnectionManager - Connection leased: [id: 28][route: {}->http://localhost:7185][total kept alive: 28; route allocated: 1 of 2000; total allocated: 29 of 2000]
11:24:22.142 [Forwarding findElement on session 197b6b89e62bca51444c22e6a69c7a9a to remote] DEBUG org.apache.http.impl.execchain.MainClientExec - Stale connection check
11:24:22.143 [Forwarding findElement on session 197b6b89e62bca51444c22e6a69c7a9a to remote] DEBUG org.apache.http.wire - http-outgoing-28 << "[read] I/O error: Read timed out"
11:24:22.143 [Forwarding findElement on session 197b6b89e62bca51444c22e6a69c7a9a to remote] DEBUG org.apache.http.impl.conn.DefaultManagedHttpClientConnection - http-outgoing-28: set socket timeout to 10800000
11:24:22.143 [Forwarding findElement on session 197b6b89e62bca51444c22e6a69c7a9a to remote] DEBUG org.apache.http.impl.execchain.MainClientExec - Executing request POST /session/197b6b89e62bca51444c22e6a69c7a9a/element HTTP/1.1
11:24:22.143 [Forwarding findElement on session 197b6b89e62bca51444c22e6a69c7a9a to remote] DEBUG org.apache.http.impl.execchain.MainClientExec - Target auth state: UNCHALLENGED
11:24:22.143 [Forwarding findElement on session 197b6b89e62bca51444c22e6a69c7a9a to remote] DEBUG org.apache.http.impl.execchain.MainClientExec - Proxy auth state: UNCHALLENGED
11:24:22.143 [Forwarding findElement on session 197b6b89e62bca51444c22e6a69c7a9a to remote] DEBUG org.apache.http.headers - http-outgoing-28 >> POST /session/197b6b89e62bca51444c22e6a69c7a9a/element HTTP/1.1
11:24:22.143 [Forwarding findElement on session 197b6b89e62bca51444c22e6a69c7a9a to remote] DEBUG org.apache.http.headers - http-outgoing-28 >> Content-Type: application/json; charset=utf-8
11:24:22.143 [Forwarding findElement on session 197b6b89e62bca51444c22e6a69c7a9a to remote] DEBUG org.apache.http.headers - http-outgoing-28 >> Content-Length: 52
11:24:22.143 [Forwarding findElement on session 197b6b89e62bca51444c22e6a69c7a9a to remote] DEBUG org.apache.http.headers - http-outgoing-28 >> Host: localhost:7185
11:24:22.143 [Forwarding findElement on session 197b6b89e62bca51444c22e6a69c7a9a to remote] DEBUG org.apache.http.headers - http-outgoing-28 >> Connection: Keep-Alive
11:24:22.143 [Forwarding findElement on session 197b6b89e62bca51444c22e6a69c7a9a to remote] DEBUG org.apache.http.headers - http-outgoing-28 >> User-Agent: Apache-HttpClient/4.5.3 (Java/1.8.0_211)
11:24:22.143 [Forwarding findElement on session 197b6b89e62bca51444c22e6a69c7a9a to remote] DEBUG org.apache.http.headers - http-outgoing-28 >> Accept-Encoding: gzip,deflate
11:24:22.143 [Forwarding findElement on session 197b6b89e62bca51444c22e6a69c7a9a to remote] DEBUG org.apache.http.wire - http-outgoing-28 >> "POST /session/197b6b89e62bca51444c22e6a69c7a9a/element HTTP/1.1[\r][\n]"
11:24:22.143 [Forwarding findElement on session 197b6b89e62bca51444c22e6a69c7a9a to remote] DEBUG org.apache.http.wire - http-outgoing-28 >> "Content-Type: application/json; charset=utf-8[\r][\n]"
11:24:22.143 [Forwarding findElement on session 197b6b89e62bca51444c22e6a69c7a9a to remote] DEBUG org.apache.http.wire - http-outgoing-28 >> "Content-Length: 52[\r][\n]"
11:24:22.143 [Forwarding findElement on session 197b6b89e62bca51444c22e6a69c7a9a to remote] DEBUG org.apache.http.wire - http-outgoing-28 >> "Host: localhost:7185[\r][\n]"
11:24:22.143 [Forwarding findElement on session 197b6b89e62bca51444c22e6a69c7a9a to remote] DEBUG org.apache.http.wire - http-outgoing-28 >> "Connection: Keep-Alive[\r][\n]"
11:24:22.143 [Forwarding findElement on session 197b6b89e62bca51444c22e6a69c7a9a to remote] DEBUG org.apache.http.wire - http-outgoing-28 >> "User-Agent: Apache-HttpClient/4.5.3 (Java/1.8.0_211)[\r][\n]"
11:24:22.143 [Forwarding findElement on session 197b6b89e62bca51444c22e6a69c7a9a to remote] DEBUG org.apache.http.wire - http-outgoing-28 >> "Accept-Encoding: gzip,deflate[\r][\n]"
11:24:22.143 [Forwarding findElement on session 197b6b89e62bca51444c22e6a69c7a9a to remote] DEBUG org.apache.http.wire - http-outgoing-28 >> "[\r][\n]"
11:24:22.143 [Forwarding findElement on session 197b6b89e62bca51444c22e6a69c7a9a to remote] DEBUG org.apache.http.wire - http-outgoing-28 >> "{"value":".sweet-alert > h2","using":"css selector"}"
11:24:22.855 [Forwarding findElement on session 197b6b89e62bca51444c22e6a69c7a9a to remote] DEBUG org.apache.http.wire - http-outgoing-28 << "HTTP/1.1 200 OK[\r][\n]"
11:24:22.855 [Forwarding findElement on session 197b6b89e62bca51444c22e6a69c7a9a to remote] DEBUG org.apache.http.wire - http-outgoing-28 << "Content-Length:88[\r][\n]"
11:24:22.855 [Forwarding findElement on session 197b6b89e62bca51444c22e6a69c7a9a to remote] DEBUG org.apache.http.wire - http-outgoing-28 << "Content-Type:application/json; charset=utf-8[\r][\n]"
11:24:22.855 [Forwarding findElement on session 197b6b89e62bca51444c22e6a69c7a9a to remote] DEBUG org.apache.http.wire - http-outgoing-28 << "cache-control:no-cache[\r][\n]"
11:24:22.855 [Forwarding findElement on session 197b6b89e62bca51444c22e6a69c7a9a to remote] DEBUG org.apache.http.wire - http-outgoing-28 << "[\r][\n]"
11:24:22.855 [Forwarding findElement on session 197b6b89e62bca51444c22e6a69c7a9a to remote] DEBUG org.apache.http.wire - http-outgoing-28 << "{"value":{"element-6066-11e4-a52e-4f735466cecf":"6d8376f1-d515-46cd-962c-427f1b99497a"}}"
11:24:22.855 [Forwarding findElement on session 197b6b89e62bca51444c22e6a69c7a9a to remote] DEBUG org.apache.http.headers - http-outgoing-28 << HTTP/1.1 200 OK
11:24:22.855 [Forwarding findElement on session 197b6b89e62bca51444c22e6a69c7a9a to remote] DEBUG org.apache.http.headers - http-outgoing-28 << Content-Length:88
11:24:22.855 [Forwarding findElement on session 197b6b89e62bca51444c22e6a69c7a9a to remote] DEBUG org.apache.http.headers - http-outgoing-28 << Content-Type:application/json; charset=utf-8
11:24:22.855 [Forwarding findElement on session 197b6b89e62bca51444c22e6a69c7a9a to remote] DEBUG org.apache.http.headers - http-outgoing-28 << cache-control:no-cache
11:24:22.855 [Forwarding findElement on session 197b6b89e62bca51444c22e6a69c7a9a to remote] DEBUG org.apache.http.impl.execchain.MainClientExec - Connection can be kept alive indefinitely
11:24:22.855 [Forwarding findElement on session 197b6b89e62bca51444c22e6a69c7a9a to remote] DEBUG org.apache.http.impl.conn.PoolingHttpClientConnectionManager - Connection [id: 28][route: {}->http://localhost:7185] can be kept alive indefinitely
11:24:22.855 [Forwarding findElement on session 197b6b89e62bca51444c22e6a69c7a9a to remote] DEBUG org.apache.http.impl.conn.PoolingHttpClientConnectionManager - Connection released: [id: 28][route: {}->http://localhost:7185][total kept alive: 29; route allocated: 1 of 2000; total allocated: 29 of 2000]
11:24:22.855 [Forwarding getElementText on session 197b6b89e62bca51444c22e6a69c7a9a to remote] DEBUG org.apache.http.client.protocol.RequestAddCookies - CookieSpec selected: default
11:24:22.855 [Forwarding getElementText on session 197b6b89e62bca51444c22e6a69c7a9a to remote] DEBUG org.apache.http.client.protocol.RequestAuthCache - Auth cache not set in the context
11:24:22.855 [Forwarding getElementText on session 197b6b89e62bca51444c22e6a69c7a9a to remote] DEBUG org.apache.http.impl.conn.PoolingHttpClientConnectionManager - Connection request: [route: {}->http://localhost:7185][total kept alive: 29; route allocated: 1 of 2000; total allocated: 29 of 2000]
11:24:22.855 [Forwarding getElementText on session 197b6b89e62bca51444c22e6a69c7a9a to remote] DEBUG org.apache.http.impl.conn.PoolingHttpClientConnectionManager - Connection leased: [id: 28][route: {}->http://localhost:7185][total kept alive: 28; route allocated: 1 of 2000; total allocated: 29 of 2000]
11:24:22.855 [Forwarding getElementText on session 197b6b89e62bca51444c22e6a69c7a9a to remote] DEBUG org.apache.http.impl.execchain.MainClientExec - Stale connection check
11:24:22.857 [Forwarding getElementText on session 197b6b89e62bca51444c22e6a69c7a9a to remote] DEBUG org.apache.http.wire - http-outgoing-28 << "[read] I/O error: Read timed out"
11:24:22.857 [Forwarding getElementText on session 197b6b89e62bca51444c22e6a69c7a9a to remote] DEBUG org.apache.http.impl.conn.DefaultManagedHttpClientConnection - http-outgoing-28: set socket timeout to 10800000
11:24:22.857 [Forwarding getElementText on session 197b6b89e62bca51444c22e6a69c7a9a to remote] DEBUG org.apache.http.impl.execchain.MainClientExec - Executing request GET /session/197b6b89e62bca51444c22e6a69c7a9a/element/6d8376f1-d515-46cd-962c-427f1b99497a/text HTTP/1.1
11:24:22.857 [Forwarding getElementText on session 197b6b89e62bca51444c22e6a69c7a9a to remote] DEBUG org.apache.http.impl.execchain.MainClientExec - Target auth state: UNCHALLENGED
11:24:22.857 [Forwarding getElementText on session 197b6b89e62bca51444c22e6a69c7a9a to remote] DEBUG org.apache.http.impl.execchain.MainClientExec - Proxy auth state: UNCHALLENGED
11:24:22.857 [Forwarding getElementText on session 197b6b89e62bca51444c22e6a69c7a9a to remote] DEBUG org.apache.http.headers - http-outgoing-28 >> GET /session/197b6b89e62bca51444c22e6a69c7a9a/element/6d8376f1-d515-46cd-962c-427f1b99497a/text HTTP/1.1
11:24:22.857 [Forwarding getElementText on session 197b6b89e62bca51444c22e6a69c7a9a to remote] DEBUG org.apache.http.headers - http-outgoing-28 >> Cache-Control: no-cache
11:24:22.857 [Forwarding getElementText on session 197b6b89e62bca51444c22e6a69c7a9a to remote] DEBUG org.apache.http.headers - http-outgoing-28 >> Host: localhost:7185
11:24:22.857 [Forwarding getElementText on session 197b6b89e62bca51444c22e6a69c7a9a to remote] DEBUG org.apache.http.headers - http-outgoing-28 >> Connection: Keep-Alive
11:24:22.857 [Forwarding getElementText on session 197b6b89e62bca51444c22e6a69c7a9a to remote] DEBUG org.apache.http.headers - http-outgoing-28 >> User-Agent: Apache-HttpClient/4.5.3 (Java/1.8.0_211)
11:24:22.857 [Forwarding getElementText on session 197b6b89e62bca51444c22e6a69c7a9a to remote] DEBUG org.apache.http.headers - http-outgoing-28 >> Accept-Encoding: gzip,deflate
11:24:22.857 [Forwarding getElementText on session 197b6b89e62bca51444c22e6a69c7a9a to remote] DEBUG org.apache.http.wire - http-outgoing-28 >> "GET /session/197b6b89e62bca51444c22e6a69c7a9a/element/6d8376f1-d515-46cd-962c-427f1b99497a/text HTTP/1.1[\r][\n]"
11:24:22.857 [Forwarding getElementText on session 197b6b89e62bca51444c22e6a69c7a9a to remote] DEBUG org.apache.http.wire - http-outgoing-28 >> "Cache-Control: no-cache[\r][\n]"
11:24:22.857 [Forwarding getElementText on session 197b6b89e62bca51444c22e6a69c7a9a to remote] DEBUG org.apache.http.wire - http-outgoing-28 >> "Host: localhost:7185[\r][\n]"
11:24:22.857 [Forwarding getElementText on session 197b6b89e62bca51444c22e6a69c7a9a to remote] DEBUG org.apache.http.wire - http-outgoing-28 >> "Connection: Keep-Alive[\r][\n]"
11:24:22.857 [Forwarding getElementText on session 197b6b89e62bca51444c22e6a69c7a9a to remote] DEBUG org.apache.http.wire - http-outgoing-28 >> "User-Agent: Apache-HttpClient/4.5.3 (Java/1.8.0_211)[\r][\n]"
11:24:22.857 [Forwarding getElementText on session 197b6b89e62bca51444c22e6a69c7a9a to remote] DEBUG org.apache.http.wire - http-outgoing-28 >> "Accept-Encoding: gzip,deflate[\r][\n]"
11:24:22.857 [Forwarding getElementText on session 197b6b89e62bca51444c22e6a69c7a9a to remote] DEBUG org.apache.http.wire - http-outgoing-28 >> "[\r][\n]"
11:24:22.867 [Forwarding getElementText on session 197b6b89e62bca51444c22e6a69c7a9a to remote] DEBUG org.apache.http.wire - http-outgoing-28 << "HTTP/1.1 200 OK[\r][\n]"
11:24:22.867 [Forwarding getElementText on session 197b6b89e62bca51444c22e6a69c7a9a to remote] DEBUG org.apache.http.wire - http-outgoing-28 << "Content-Length:34[\r][\n]"
11:24:22.867 [Forwarding getElementText on session 197b6b89e62bca51444c22e6a69c7a9a to remote] DEBUG org.apache.http.wire - http-outgoing-28 << "Content-Type:application/json; charset=utf-8[\r][\n]"
11:24:22.867 [Forwarding getElementText on session 197b6b89e62bca51444c22e6a69c7a9a to remote] DEBUG org.apache.http.wire - http-outgoing-28 << "cache-control:no-cache[\r][\n]"
11:24:22.867 [Forwarding getElementText on session 197b6b89e62bca51444c22e6a69c7a9a to remote] DEBUG org.apache.http.wire - http-outgoing-28 << "[\r][\n]"
11:24:22.867 [Forwarding getElementText on session 197b6b89e62bca51444c22e6a69c7a9a to remote] DEBUG org.apache.http.wire - http-outgoing-28 << "{"value":"Successful Transaction"}"
11:24:22.867 [Forwarding getElementText on session 197b6b89e62bca51444c22e6a69c7a9a to remote] DEBUG org.apache.http.headers - http-outgoing-28 << HTTP/1.1 200 OK
11:24:22.867 [Forwarding getElementText on session 197b6b89e62bca51444c22e6a69c7a9a to remote] DEBUG org.apache.http.headers - http-outgoing-28 << Content-Length:34
11:24:22.867 [Forwarding getElementText on session 197b6b89e62bca51444c22e6a69c7a9a to remote] DEBUG org.apache.http.headers - http-outgoing-28 << Content-Type:application/json; charset=utf-8
11:24:22.867 [Forwarding getElementText on session 197b6b89e62bca51444c22e6a69c7a9a to remote] DEBUG org.apache.http.headers - http-outgoing-28 << cache-control:no-cache
11:24:22.867 [Forwarding getElementText on session 197b6b89e62bca51444c22e6a69c7a9a to remote] DEBUG org.apache.http.impl.execchain.MainClientExec - Connection can be kept alive indefinitely
11:24:22.867 [Forwarding getElementText on session 197b6b89e62bca51444c22e6a69c7a9a to remote] DEBUG org.apache.http.impl.conn.PoolingHttpClientConnectionManager - Connection [id: 28][route: {}->http://localhost:7185] can be kept alive indefinitely
11:24:22.867 [Forwarding getElementText on session 197b6b89e62bca51444c22e6a69c7a9a to remote] DEBUG org.apache.http.impl.conn.PoolingHttpClientConnectionManager - Connection released: [id: 28][route: {}->http://localhost:7185][total kept alive: 29; route allocated: 1 of 2000; total allocated: 29 of 2000]
]]></system-out>
  <system-err><![CDATA[Starting ChromeDriver 80.0.3987.106 (f68069574609230cf9b635cd784cfb1bf81bb53a-refs/branch-heads/3987@{#882}) on port 7185
Only local connections are allowed.
Please protect ports used by ChromeDriver and related test frameworks to prevent access by malicious code.
[1585711454.005][WARNING]: FromSockAddr failed on netmask
四月 01, 2020 11:24:14 上午 org.openqa.selenium.remote.ProtocolHandshake createSession
信息: Detected dialect: W3C
[1585711454.843][SEVERE]: Timed out receiving message from renderer: 0.100
[1585711454.945][SEVERE]: Timed out receiving message from renderer: 0.100
[1585711455.058][SEVERE]: Timed out receiving message from renderer: 0.100
[1585711455.158][SEVERE]: Timed out receiving message from renderer: 0.100
[1585711455.259][SEVERE]: Timed out receiving message from renderer: 0.100
[1585711455.359][SEVERE]: Timed out receiving message from renderer: 0.100
[1585711455.460][SEVERE]: Timed out receiving message from renderer: 0.100
[1585711455.560][SEVERE]: Timed out receiving message from renderer: 0.100
[1585711455.880][SEVERE]: Timed out receiving message from renderer: 0.100
[1585711455.980][SEVERE]: Timed out receiving message from renderer: 0.100
[1585711456.176][SEVERE]: Timed out receiving message from renderer: 0.100
[1585711456.289][SEVERE]: Timed out receiving message from renderer: 0.100
[1585711456.391][SEVERE]: Timed out receiving message from renderer: 0.100
[1585711456.493][SEVERE]: Timed out receiving message from renderer: 0.100
[1585711456.629][SEVERE]: Timed out receiving message from renderer: 0.100
[1585711459.025][SEVERE]: Timed out receiving message from renderer: 0.100
[1585711459.128][SEVERE]: Timed out receiving message from renderer: 0.100
]]></system-err>
</testsuite>
