<?xml version="1.0" encoding="UTF-8"?>
<testsuite name="tron.tronscan.tronscanUI.SearchTest" tests="4" skipped="0" failures="0" errors="0" timestamp="2020-04-01T03:23:36" hostname="zhukaideiMac.local" time="35.3">
  <properties/>
  <testcase name="testSearchAddressText" classname="tron.tronscan.tronscanUI.SearchTest" time="6.989"/>
  <testcase name="testSearchContractText" classname="tron.tronscan.tronscanUI.SearchTest" time="8.377"/>
  <testcase name="testSearchTrc10Text" classname="tron.tronscan.tronscanUI.SearchTest" time="2.208"/>
  <testcase name="testSearchTrc20Text" classname="tron.tronscan.tronscanUI.SearchTest" time="2.981"/>
  <system-out><![CDATA[11:23:33.976 [Forwarding newSession on session null to remote] DEBUG org.apache.http.client.protocol.RequestAddCookies - CookieSpec selected: default
11:23:33.976 [Forwarding newSession on session null to remote] DEBUG org.apache.http.client.protocol.RequestAuthCache - Auth cache not set in the context
11:23:33.976 [Forwarding newSession on session null to remote] DEBUG org.apache.http.impl.conn.PoolingHttpClientConnectionManager - Connection request: [route: {}->http://localhost:15668][total kept alive: 24; route allocated: 0 of 2000; total allocated: 24 of 2000]
11:23:33.976 [Forwarding newSession on session null to remote] DEBUG org.apache.http.impl.conn.PoolingHttpClientConnectionManager - Connection leased: [id: 24][route: {}->http://localhost:15668][total kept alive: 24; route allocated: 1 of 2000; total allocated: 25 of 2000]
11:23:33.976 [Forwarding newSession on session null to remote] DEBUG org.apache.http.impl.execchain.MainClientExec - Opening connection {}->http://localhost:15668
11:23:33.976 [Forwarding newSession on session null to remote] DEBUG org.apache.http.impl.conn.DefaultHttpClientConnectionOperator - Connecting to localhost/127.0.0.1:15668
11:23:33.976 [Forwarding newSession on session null to remote] DEBUG org.apache.http.impl.conn.DefaultHttpClientConnectionOperator - Connection established 127.0.0.1:54042<->127.0.0.1:15668
11:23:33.976 [Forwarding newSession on session null to remote] DEBUG org.apache.http.impl.conn.DefaultManagedHttpClientConnection - http-outgoing-24: set socket timeout to 10800000
11:23:33.976 [Forwarding newSession on session null to remote] DEBUG org.apache.http.impl.execchain.MainClientExec - Executing request POST /session HTTP/1.1
11:23:33.976 [Forwarding newSession on session null to remote] DEBUG org.apache.http.impl.execchain.MainClientExec - Target auth state: UNCHALLENGED
11:23:33.976 [Forwarding newSession on session null to remote] DEBUG org.apache.http.impl.execchain.MainClientExec - Proxy auth state: UNCHALLENGED
11:23:33.976 [Forwarding newSession on session null to remote] DEBUG org.apache.http.headers - http-outgoing-24 >> POST /session HTTP/1.1
11:23:33.976 [Forwarding newSession on session null to remote] DEBUG org.apache.http.headers - http-outgoing-24 >> Content-Type: application/json; charset=utf-8
11:23:33.976 [Forwarding newSession on session null to remote] DEBUG org.apache.http.headers - http-outgoing-24 >> Content-Length: 731
11:23:33.976 [Forwarding newSession on session null to remote] DEBUG org.apache.http.headers - http-outgoing-24 >> Host: localhost:15668
11:23:33.976 [Forwarding newSession on session null to remote] DEBUG org.apache.http.headers - http-outgoing-24 >> Connection: Keep-Alive
11:23:33.976 [Forwarding newSession on session null to remote] DEBUG org.apache.http.headers - http-outgoing-24 >> User-Agent: Apache-HttpClient/4.5.3 (Java/1.8.0_211)
11:23:33.976 [Forwarding newSession on session null to remote] DEBUG org.apache.http.headers - http-outgoing-24 >> Accept-Encoding: gzip,deflate
11:23:33.976 [Forwarding newSession on session null to remote] DEBUG org.apache.http.wire - http-outgoing-24 >> "POST /session HTTP/1.1[\r][\n]"
11:23:33.976 [Forwarding newSession on session null to remote] DEBUG org.apache.http.wire - http-outgoing-24 >> "Content-Type: application/json; charset=utf-8[\r][\n]"
11:23:33.976 [Forwarding newSession on session null to remote] DEBUG org.apache.http.wire - http-outgoing-24 >> "Content-Length: 731[\r][\n]"
11:23:33.976 [Forwarding newSession on session null to remote] DEBUG org.apache.http.wire - http-outgoing-24 >> "Host: localhost:15668[\r][\n]"
11:23:33.976 [Forwarding newSession on session null to remote] DEBUG org.apache.http.wire - http-outgoing-24 >> "Connection: Keep-Alive[\r][\n]"
11:23:33.976 [Forwarding newSession on session null to remote] DEBUG org.apache.http.wire - http-outgoing-24 >> "User-Agent: Apache-HttpClient/4.5.3 (Java/1.8.0_211)[\r][\n]"
11:23:33.976 [Forwarding newSession on session null to remote] DEBUG org.apache.http.wire - http-outgoing-24 >> "Accept-Encoding: gzip,deflate[\r][\n]"
11:23:33.976 [Forwarding newSession on session null to remote] DEBUG org.apache.http.wire - http-outgoing-24 >> "[\r][\n]"
11:23:33.976 [Forwarding newSession on session null to remote] DEBUG org.apache.http.wire - http-outgoing-24 >> "{[\n]"
11:23:33.976 [Forwarding newSession on session null to remote] DEBUG org.apache.http.wire - http-outgoing-24 >> "  "desiredCapabilities": {[\n]"
11:23:33.976 [Forwarding newSession on session null to remote] DEBUG org.apache.http.wire - http-outgoing-24 >> "    "browserName": "chrome",[\n]"
11:23:33.976 [Forwarding newSession on session null to remote] DEBUG org.apache.http.wire - http-outgoing-24 >> "    "goog:chromeOptions": {[\n]"
11:23:33.976 [Forwarding newSession on session null to remote] DEBUG org.apache.http.wire - http-outgoing-24 >> "      "args": [[\n]"
11:23:33.976 [Forwarding newSession on session null to remote] DEBUG org.apache.http.wire - http-outgoing-24 >> "        "--headless",[\n]"
11:23:33.976 [Forwarding newSession on session null to remote] DEBUG org.apache.http.wire - http-outgoing-24 >> "        "--disable-gpu"[\n]"
11:23:33.976 [Forwarding newSession on session null to remote] DEBUG org.apache.http.wire - http-outgoing-24 >> "      ],[\n]"
11:23:33.976 [Forwarding newSession on session null to remote] DEBUG org.apache.http.wire - http-outgoing-24 >> "      "extensions": [][\n]"
11:23:33.976 [Forwarding newSession on session null to remote] DEBUG org.apache.http.wire - http-outgoing-24 >> "    }[\n]"
11:23:33.976 [Forwarding newSession on session null to remote] DEBUG org.apache.http.wire - http-outgoing-24 >> "  },[\n]"
11:23:33.976 [Forwarding newSession on session null to remote] DEBUG org.apache.http.wire - http-outgoing-24 >> "  "requiredCapabilities": {},[\n]"
11:23:33.976 [Forwarding newSession on session null to remote] DEBUG org.apache.http.wire - http-outgoing-24 >> "  "capabilities": {[\n]"
11:23:33.976 [Forwarding newSession on session null to remote] DEBUG org.apache.http.wire - http-outgoing-24 >> "    "desiredCapabilities": {[\n]"
11:23:33.976 [Forwarding newSession on session null to remote] DEBUG org.apache.http.wire - http-outgoing-24 >> "      "browserName": "chrome",[\n]"
11:23:33.976 [Forwarding newSession on session null to remote] DEBUG org.apache.http.wire - http-outgoing-24 >> "      "goog:chromeOptions": {[\n]"
11:23:33.976 [Forwarding newSession on session null to remote] DEBUG org.apache.http.wire - http-outgoing-24 >> "        "args": [[\n]"
11:23:33.976 [Forwarding newSession on session null to remote] DEBUG org.apache.http.wire - http-outgoing-24 >> "          "--headless",[\n]"
11:23:33.976 [Forwarding newSession on session null to remote] DEBUG org.apache.http.wire - http-outgoing-24 >> "          "--disable-gpu"[\n]"
11:23:33.976 [Forwarding newSession on session null to remote] DEBUG org.apache.http.wire - http-outgoing-24 >> "        ],[\n]"
11:23:33.976 [Forwarding newSession on session null to remote] DEBUG org.apache.http.wire - http-outgoing-24 >> "        "extensions": [][\n]"
11:23:33.976 [Forwarding newSession on session null to remote] DEBUG org.apache.http.wire - http-outgoing-24 >> "      }[\n]"
11:23:33.976 [Forwarding newSession on session null to remote] DEBUG org.apache.http.wire - http-outgoing-24 >> "    },[\n]"
11:23:33.976 [Forwarding newSession on session null to remote] DEBUG org.apache.http.wire - http-outgoing-24 >> "    "requiredCapabilities": {},[\n]"
11:23:33.976 [Forwarding newSession on session null to remote] DEBUG org.apache.http.wire - http-outgoing-24 >> "    "alwaysMatch": {[\n]"
11:23:33.976 [Forwarding newSession on session null to remote] DEBUG org.apache.http.wire - http-outgoing-24 >> "      "goog:chromeOptions": {[\n]"
11:23:33.976 [Forwarding newSession on session null to remote] DEBUG org.apache.http.wire - http-outgoing-24 >> "        "args": [[\n]"
11:23:33.976 [Forwarding newSession on session null to remote] DEBUG org.apache.http.wire - http-outgoing-24 >> "          "--headless",[\n]"
11:23:33.976 [Forwarding newSession on session null to remote] DEBUG org.apache.http.wire - http-outgoing-24 >> "          "--disable-gpu"[\n]"
11:23:33.976 [Forwarding newSession on session null to remote] DEBUG org.apache.http.wire - http-outgoing-24 >> "        ],[\n]"
11:23:33.976 [Forwarding newSession on session null to remote] DEBUG org.apache.http.wire - http-outgoing-24 >> "        "extensions": [][\n]"
11:23:33.976 [Forwarding newSession on session null to remote] DEBUG org.apache.http.wire - http-outgoing-24 >> "      }[\n]"
11:23:33.976 [Forwarding newSession on session null to remote] DEBUG org.apache.http.wire - http-outgoing-24 >> "    },[\n]"
11:23:33.976 [Forwarding newSession on session null to remote] DEBUG org.apache.http.wire - http-outgoing-24 >> "    "firstMatch": [[\n]"
11:23:33.976 [Forwarding newSession on session null to remote] DEBUG org.apache.http.wire - http-outgoing-24 >> "      {[\n]"
11:23:33.976 [Forwarding newSession on session null to remote] DEBUG org.apache.http.wire - http-outgoing-24 >> "        "browserName": "chrome"[\n]"
11:23:33.976 [Forwarding newSession on session null to remote] DEBUG org.apache.http.wire - http-outgoing-24 >> "      }[\n]"
11:23:33.976 [Forwarding newSession on session null to remote] DEBUG org.apache.http.wire - http-outgoing-24 >> "    ][\n]"
11:23:33.976 [Forwarding newSession on session null to remote] DEBUG org.apache.http.wire - http-outgoing-24 >> "  }[\n]"
11:23:33.976 [Forwarding newSession on session null to remote] DEBUG org.apache.http.wire - http-outgoing-24 >> "}"
11:23:34.135 [Forwarding newSession on session null to remote] DEBUG org.apache.http.wire - http-outgoing-24 << "HTTP/1.1 200 OK[\r][\n]"
11:23:34.135 [Forwarding newSession on session null to remote] DEBUG org.apache.http.wire - http-outgoing-24 << "Content-Length:690[\r][\n]"
11:23:34.135 [Forwarding newSession on session null to remote] DEBUG org.apache.http.wire - http-outgoing-24 << "Content-Type:application/json; charset=utf-8[\r][\n]"
11:23:34.135 [Forwarding newSession on session null to remote] DEBUG org.apache.http.wire - http-outgoing-24 << "cache-control:no-cache[\r][\n]"
11:23:34.135 [Forwarding newSession on session null to remote] DEBUG org.apache.http.wire - http-outgoing-24 << "[\r][\n]"
11:23:34.135 [Forwarding newSession on session null to remote] DEBUG org.apache.http.wire - http-outgoing-24 << "{"value":{"capabilities":{"acceptInsecureCerts":false,"browserName":"chrome","browserVersion":"80.0.3987.162","chrome":{"chromedriverVersion":"80.0.3987.106 (f68069574609230cf9b635cd784cfb1bf81bb53a-refs/branch-heads/3987@{#882})","userDataDir":"/var/folders/fs/0qxrqb5x7zg5dtqrhc9t0clm0000gn/T/.com.google.Chrome.ZJvaZM"},"goog:chromeOptions":{"debuggerAddress":"localhost:54043"},"networkConnectionEnabled":false,"pageLoadStrategy":"normal","platformName":"mac os x","proxy":{},"setWindowRect":true,"strictFileInteractability":false,"timeouts":{"implicit":0,"pageLoad":300000,"script":30000},"unhandledPromptBehavior":"dismiss and notify"},"sessionId":"3b32614521bb089a94afb2bf32793954"}}"
11:23:34.135 [Forwarding newSession on session null to remote] DEBUG org.apache.http.headers - http-outgoing-24 << HTTP/1.1 200 OK
11:23:34.135 [Forwarding newSession on session null to remote] DEBUG org.apache.http.headers - http-outgoing-24 << Content-Length:690
11:23:34.135 [Forwarding newSession on session null to remote] DEBUG org.apache.http.headers - http-outgoing-24 << Content-Type:application/json; charset=utf-8
11:23:34.135 [Forwarding newSession on session null to remote] DEBUG org.apache.http.headers - http-outgoing-24 << cache-control:no-cache
11:23:34.135 [Forwarding newSession on session null to remote] DEBUG org.apache.http.impl.execchain.MainClientExec - Connection can be kept alive indefinitely
11:23:34.135 [Forwarding newSession on session null to remote] DEBUG org.apache.http.impl.conn.PoolingHttpClientConnectionManager - Connection [id: 24][route: {}->http://localhost:15668] can be kept alive indefinitely
11:23:34.135 [Forwarding newSession on session null to remote] DEBUG org.apache.http.impl.conn.PoolingHttpClientConnectionManager - Connection released: [id: 24][route: {}->http://localhost:15668][total kept alive: 25; route allocated: 1 of 2000; total allocated: 25 of 2000]
11:23:34.137 [Forwarding get on session 3b32614521bb089a94afb2bf32793954 to remote] DEBUG org.apache.http.client.protocol.RequestAddCookies - CookieSpec selected: default
11:23:34.137 [Forwarding get on session 3b32614521bb089a94afb2bf32793954 to remote] DEBUG org.apache.http.client.protocol.RequestAuthCache - Auth cache not set in the context
11:23:34.137 [Forwarding get on session 3b32614521bb089a94afb2bf32793954 to remote] DEBUG org.apache.http.impl.conn.PoolingHttpClientConnectionManager - Connection request: [route: {}->http://localhost:15668][total kept alive: 25; route allocated: 1 of 2000; total allocated: 25 of 2000]
11:23:34.137 [Forwarding get on session 3b32614521bb089a94afb2bf32793954 to remote] DEBUG org.apache.http.impl.conn.PoolingHttpClientConnectionManager - Connection leased: [id: 24][route: {}->http://localhost:15668][total kept alive: 24; route allocated: 1 of 2000; total allocated: 25 of 2000]
11:23:34.137 [Forwarding get on session 3b32614521bb089a94afb2bf32793954 to remote] DEBUG org.apache.http.impl.execchain.MainClientExec - Stale connection check
11:23:34.138 [Forwarding get on session 3b32614521bb089a94afb2bf32793954 to remote] DEBUG org.apache.http.wire - http-outgoing-24 << "[read] I/O error: Read timed out"
11:23:34.138 [Forwarding get on session 3b32614521bb089a94afb2bf32793954 to remote] DEBUG org.apache.http.impl.conn.DefaultManagedHttpClientConnection - http-outgoing-24: set socket timeout to 10800000
11:23:34.138 [Forwarding get on session 3b32614521bb089a94afb2bf32793954 to remote] DEBUG org.apache.http.impl.execchain.MainClientExec - Executing request POST /session/3b32614521bb089a94afb2bf32793954/url HTTP/1.1
11:23:34.138 [Forwarding get on session 3b32614521bb089a94afb2bf32793954 to remote] DEBUG org.apache.http.impl.execchain.MainClientExec - Target auth state: UNCHALLENGED
11:23:34.138 [Forwarding get on session 3b32614521bb089a94afb2bf32793954 to remote] DEBUG org.apache.http.impl.execchain.MainClientExec - Proxy auth state: UNCHALLENGED
11:23:34.138 [Forwarding get on session 3b32614521bb089a94afb2bf32793954 to remote] DEBUG org.apache.http.headers - http-outgoing-24 >> POST /session/3b32614521bb089a94afb2bf32793954/url HTTP/1.1
11:23:34.139 [Forwarding get on session 3b32614521bb089a94afb2bf32793954 to remote] DEBUG org.apache.http.headers - http-outgoing-24 >> Content-Type: application/json; charset=utf-8
11:23:34.139 [Forwarding get on session 3b32614521bb089a94afb2bf32793954 to remote] DEBUG org.apache.http.headers - http-outgoing-24 >> Content-Length: 33
11:23:34.139 [Forwarding get on session 3b32614521bb089a94afb2bf32793954 to remote] DEBUG org.apache.http.headers - http-outgoing-24 >> Host: localhost:15668
11:23:34.139 [Forwarding get on session 3b32614521bb089a94afb2bf32793954 to remote] DEBUG org.apache.http.headers - http-outgoing-24 >> Connection: Keep-Alive
11:23:34.139 [Forwarding get on session 3b32614521bb089a94afb2bf32793954 to remote] DEBUG org.apache.http.headers - http-outgoing-24 >> User-Agent: Apache-HttpClient/4.5.3 (Java/1.8.0_211)
11:23:34.139 [Forwarding get on session 3b32614521bb089a94afb2bf32793954 to remote] DEBUG org.apache.http.headers - http-outgoing-24 >> Accept-Encoding: gzip,deflate
11:23:34.139 [Forwarding get on session 3b32614521bb089a94afb2bf32793954 to remote] DEBUG org.apache.http.wire - http-outgoing-24 >> "POST /session/3b32614521bb089a94afb2bf32793954/url HTTP/1.1[\r][\n]"
11:23:34.139 [Forwarding get on session 3b32614521bb089a94afb2bf32793954 to remote] DEBUG org.apache.http.wire - http-outgoing-24 >> "Content-Type: application/json; charset=utf-8[\r][\n]"
11:23:34.139 [Forwarding get on session 3b32614521bb089a94afb2bf32793954 to remote] DEBUG org.apache.http.wire - http-outgoing-24 >> "Content-Length: 33[\r][\n]"
11:23:34.139 [Forwarding get on session 3b32614521bb089a94afb2bf32793954 to remote] DEBUG org.apache.http.wire - http-outgoing-24 >> "Host: localhost:15668[\r][\n]"
11:23:34.139 [Forwarding get on session 3b32614521bb089a94afb2bf32793954 to remote] DEBUG org.apache.http.wire - http-outgoing-24 >> "Connection: Keep-Alive[\r][\n]"
11:23:34.139 [Forwarding get on session 3b32614521bb089a94afb2bf32793954 to remote] DEBUG org.apache.http.wire - http-outgoing-24 >> "User-Agent: Apache-HttpClient/4.5.3 (Java/1.8.0_211)[\r][\n]"
11:23:34.139 [Forwarding get on session 3b32614521bb089a94afb2bf32793954 to remote] DEBUG org.apache.http.wire - http-outgoing-24 >> "Accept-Encoding: gzip,deflate[\r][\n]"
11:23:34.139 [Forwarding get on session 3b32614521bb089a94afb2bf32793954 to remote] DEBUG org.apache.http.wire - http-outgoing-24 >> "[\r][\n]"
11:23:34.139 [Forwarding get on session 3b32614521bb089a94afb2bf32793954 to remote] DEBUG org.apache.http.wire - http-outgoing-24 >> "{"url":"https://tronscan.org/#/"}"
11:23:36.577 [Forwarding get on session 3b32614521bb089a94afb2bf32793954 to remote] DEBUG org.apache.http.wire - http-outgoing-24 << "HTTP/1.1 200 OK[\r][\n]"
11:23:36.577 [Forwarding get on session 3b32614521bb089a94afb2bf32793954 to remote] DEBUG org.apache.http.wire - http-outgoing-24 << "Content-Length:14[\r][\n]"
11:23:36.577 [Forwarding get on session 3b32614521bb089a94afb2bf32793954 to remote] DEBUG org.apache.http.wire - http-outgoing-24 << "Content-Type:application/json; charset=utf-8[\r][\n]"
11:23:36.577 [Forwarding get on session 3b32614521bb089a94afb2bf32793954 to remote] DEBUG org.apache.http.wire - http-outgoing-24 << "cache-control:no-cache[\r][\n]"
11:23:36.577 [Forwarding get on session 3b32614521bb089a94afb2bf32793954 to remote] DEBUG org.apache.http.wire - http-outgoing-24 << "[\r][\n]"
11:23:36.577 [Forwarding get on session 3b32614521bb089a94afb2bf32793954 to remote] DEBUG org.apache.http.wire - http-outgoing-24 << "{"value":null}"
11:23:36.577 [Forwarding get on session 3b32614521bb089a94afb2bf32793954 to remote] DEBUG org.apache.http.headers - http-outgoing-24 << HTTP/1.1 200 OK
11:23:36.577 [Forwarding get on session 3b32614521bb089a94afb2bf32793954 to remote] DEBUG org.apache.http.headers - http-outgoing-24 << Content-Length:14
11:23:36.577 [Forwarding get on session 3b32614521bb089a94afb2bf32793954 to remote] DEBUG org.apache.http.headers - http-outgoing-24 << Content-Type:application/json; charset=utf-8
11:23:36.577 [Forwarding get on session 3b32614521bb089a94afb2bf32793954 to remote] DEBUG org.apache.http.headers - http-outgoing-24 << cache-control:no-cache
11:23:36.578 [Forwarding get on session 3b32614521bb089a94afb2bf32793954 to remote] DEBUG org.apache.http.impl.execchain.MainClientExec - Connection can be kept alive indefinitely
11:23:36.578 [Forwarding get on session 3b32614521bb089a94afb2bf32793954 to remote] DEBUG org.apache.http.impl.conn.PoolingHttpClientConnectionManager - Connection [id: 24][route: {}->http://localhost:15668] can be kept alive indefinitely
11:23:36.578 [Forwarding get on session 3b32614521bb089a94afb2bf32793954 to remote] DEBUG org.apache.http.impl.conn.PoolingHttpClientConnectionManager - Connection released: [id: 24][route: {}->http://localhost:15668][total kept alive: 25; route allocated: 1 of 2000; total allocated: 25 of 2000]
成功打开谷歌浏览器！
11:23:36.578 [Forwarding setTimeout on session 3b32614521bb089a94afb2bf32793954 to remote] DEBUG org.apache.http.client.protocol.RequestAddCookies - CookieSpec selected: default
11:23:36.578 [Forwarding setTimeout on session 3b32614521bb089a94afb2bf32793954 to remote] DEBUG org.apache.http.client.protocol.RequestAuthCache - Auth cache not set in the context
11:23:36.578 [Forwarding setTimeout on session 3b32614521bb089a94afb2bf32793954 to remote] DEBUG org.apache.http.impl.conn.PoolingHttpClientConnectionManager - Connection request: [route: {}->http://localhost:15668][total kept alive: 25; route allocated: 1 of 2000; total allocated: 25 of 2000]
11:23:36.578 [Forwarding setTimeout on session 3b32614521bb089a94afb2bf32793954 to remote] DEBUG org.apache.http.impl.conn.PoolingHttpClientConnectionManager - Connection leased: [id: 24][route: {}->http://localhost:15668][total kept alive: 24; route allocated: 1 of 2000; total allocated: 25 of 2000]
11:23:36.578 [Forwarding setTimeout on session 3b32614521bb089a94afb2bf32793954 to remote] DEBUG org.apache.http.impl.execchain.MainClientExec - Stale connection check
11:23:36.579 [Forwarding setTimeout on session 3b32614521bb089a94afb2bf32793954 to remote] DEBUG org.apache.http.wire - http-outgoing-24 << "[read] I/O error: Read timed out"
11:23:36.579 [Forwarding setTimeout on session 3b32614521bb089a94afb2bf32793954 to remote] DEBUG org.apache.http.impl.conn.DefaultManagedHttpClientConnection - http-outgoing-24: set socket timeout to 10800000
11:23:36.579 [Forwarding setTimeout on session 3b32614521bb089a94afb2bf32793954 to remote] DEBUG org.apache.http.impl.execchain.MainClientExec - Executing request POST /session/3b32614521bb089a94afb2bf32793954/timeouts HTTP/1.1
11:23:36.579 [Forwarding setTimeout on session 3b32614521bb089a94afb2bf32793954 to remote] DEBUG org.apache.http.impl.execchain.MainClientExec - Target auth state: UNCHALLENGED
11:23:36.579 [Forwarding setTimeout on session 3b32614521bb089a94afb2bf32793954 to remote] DEBUG org.apache.http.impl.execchain.MainClientExec - Proxy auth state: UNCHALLENGED
11:23:36.579 [Forwarding setTimeout on session 3b32614521bb089a94afb2bf32793954 to remote] DEBUG org.apache.http.headers - http-outgoing-24 >> POST /session/3b32614521bb089a94afb2bf32793954/timeouts HTTP/1.1
11:23:36.579 [Forwarding setTimeout on session 3b32614521bb089a94afb2bf32793954 to remote] DEBUG org.apache.http.headers - http-outgoing-24 >> Content-Type: application/json; charset=utf-8
11:23:36.579 [Forwarding setTimeout on session 3b32614521bb089a94afb2bf32793954 to remote] DEBUG org.apache.http.headers - http-outgoing-24 >> Content-Length: 18
11:23:36.579 [Forwarding setTimeout on session 3b32614521bb089a94afb2bf32793954 to remote] DEBUG org.apache.http.headers - http-outgoing-24 >> Host: localhost:15668
11:23:36.579 [Forwarding setTimeout on session 3b32614521bb089a94afb2bf32793954 to remote] DEBUG org.apache.http.headers - http-outgoing-24 >> Connection: Keep-Alive
11:23:36.579 [Forwarding setTimeout on session 3b32614521bb089a94afb2bf32793954 to remote] DEBUG org.apache.http.headers - http-outgoing-24 >> User-Agent: Apache-HttpClient/4.5.3 (Java/1.8.0_211)
11:23:36.579 [Forwarding setTimeout on session 3b32614521bb089a94afb2bf32793954 to remote] DEBUG org.apache.http.headers - http-outgoing-24 >> Accept-Encoding: gzip,deflate
11:23:36.579 [Forwarding setTimeout on session 3b32614521bb089a94afb2bf32793954 to remote] DEBUG org.apache.http.wire - http-outgoing-24 >> "POST /session/3b32614521bb089a94afb2bf32793954/timeouts HTTP/1.1[\r][\n]"
11:23:36.579 [Forwarding setTimeout on session 3b32614521bb089a94afb2bf32793954 to remote] DEBUG org.apache.http.wire - http-outgoing-24 >> "Content-Type: application/json; charset=utf-8[\r][\n]"
11:23:36.579 [Forwarding setTimeout on session 3b32614521bb089a94afb2bf32793954 to remote] DEBUG org.apache.http.wire - http-outgoing-24 >> "Content-Length: 18[\r][\n]"
11:23:36.579 [Forwarding setTimeout on session 3b32614521bb089a94afb2bf32793954 to remote] DEBUG org.apache.http.wire - http-outgoing-24 >> "Host: localhost:15668[\r][\n]"
11:23:36.579 [Forwarding setTimeout on session 3b32614521bb089a94afb2bf32793954 to remote] DEBUG org.apache.http.wire - http-outgoing-24 >> "Connection: Keep-Alive[\r][\n]"
11:23:36.579 [Forwarding setTimeout on session 3b32614521bb089a94afb2bf32793954 to remote] DEBUG org.apache.http.wire - http-outgoing-24 >> "User-Agent: Apache-HttpClient/4.5.3 (Java/1.8.0_211)[\r][\n]"
11:23:36.579 [Forwarding setTimeout on session 3b32614521bb089a94afb2bf32793954 to remote] DEBUG org.apache.http.wire - http-outgoing-24 >> "Accept-Encoding: gzip,deflate[\r][\n]"
11:23:36.579 [Forwarding setTimeout on session 3b32614521bb089a94afb2bf32793954 to remote] DEBUG org.apache.http.wire - http-outgoing-24 >> "[\r][\n]"
11:23:36.579 [Forwarding setTimeout on session 3b32614521bb089a94afb2bf32793954 to remote] DEBUG org.apache.http.wire - http-outgoing-24 >> "{"implicit":10000}"
11:23:36.579 [Forwarding setTimeout on session 3b32614521bb089a94afb2bf32793954 to remote] DEBUG org.apache.http.wire - http-outgoing-24 << "HTTP/1.1 200 OK[\r][\n]"
11:23:36.579 [Forwarding setTimeout on session 3b32614521bb089a94afb2bf32793954 to remote] DEBUG org.apache.http.wire - http-outgoing-24 << "Content-Length:14[\r][\n]"
11:23:36.579 [Forwarding setTimeout on session 3b32614521bb089a94afb2bf32793954 to remote] DEBUG org.apache.http.wire - http-outgoing-24 << "Content-Type:application/json; charset=utf-8[\r][\n]"
11:23:36.579 [Forwarding setTimeout on session 3b32614521bb089a94afb2bf32793954 to remote] DEBUG org.apache.http.wire - http-outgoing-24 << "cache-control:no-cache[\r][\n]"
11:23:36.579 [Forwarding setTimeout on session 3b32614521bb089a94afb2bf32793954 to remote] DEBUG org.apache.http.wire - http-outgoing-24 << "[\r][\n]"
11:23:36.579 [Forwarding setTimeout on session 3b32614521bb089a94afb2bf32793954 to remote] DEBUG org.apache.http.wire - http-outgoing-24 << "{"value":null}"
11:23:36.579 [Forwarding setTimeout on session 3b32614521bb089a94afb2bf32793954 to remote] DEBUG org.apache.http.headers - http-outgoing-24 << HTTP/1.1 200 OK
11:23:36.579 [Forwarding setTimeout on session 3b32614521bb089a94afb2bf32793954 to remote] DEBUG org.apache.http.headers - http-outgoing-24 << Content-Length:14
11:23:36.579 [Forwarding setTimeout on session 3b32614521bb089a94afb2bf32793954 to remote] DEBUG org.apache.http.headers - http-outgoing-24 << Content-Type:application/json; charset=utf-8
11:23:36.579 [Forwarding setTimeout on session 3b32614521bb089a94afb2bf32793954 to remote] DEBUG org.apache.http.headers - http-outgoing-24 << cache-control:no-cache
11:23:36.580 [Forwarding setTimeout on session 3b32614521bb089a94afb2bf32793954 to remote] DEBUG org.apache.http.impl.execchain.MainClientExec - Connection can be kept alive indefinitely
11:23:36.580 [Forwarding setTimeout on session 3b32614521bb089a94afb2bf32793954 to remote] DEBUG org.apache.http.impl.conn.PoolingHttpClientConnectionManager - Connection [id: 24][route: {}->http://localhost:15668] can be kept alive indefinitely
11:23:36.580 [Forwarding setTimeout on session 3b32614521bb089a94afb2bf32793954 to remote] DEBUG org.apache.http.impl.conn.PoolingHttpClientConnectionManager - Connection released: [id: 24][route: {}->http://localhost:15668][total kept alive: 25; route allocated: 1 of 2000; total allocated: 25 of 2000]
11:23:36.580 [Forwarding findElement on session 3b32614521bb089a94afb2bf32793954 to remote] DEBUG org.apache.http.client.protocol.RequestAddCookies - CookieSpec selected: default
11:23:36.580 [Forwarding findElement on session 3b32614521bb089a94afb2bf32793954 to remote] DEBUG org.apache.http.client.protocol.RequestAuthCache - Auth cache not set in the context
11:23:36.580 [Forwarding findElement on session 3b32614521bb089a94afb2bf32793954 to remote] DEBUG org.apache.http.impl.conn.PoolingHttpClientConnectionManager - Connection request: [route: {}->http://localhost:15668][total kept alive: 25; route allocated: 1 of 2000; total allocated: 25 of 2000]
11:23:36.580 [Forwarding findElement on session 3b32614521bb089a94afb2bf32793954 to remote] DEBUG org.apache.http.impl.conn.PoolingHttpClientConnectionManager - Connection leased: [id: 24][route: {}->http://localhost:15668][total kept alive: 24; route allocated: 1 of 2000; total allocated: 25 of 2000]
11:23:36.580 [Forwarding findElement on session 3b32614521bb089a94afb2bf32793954 to remote] DEBUG org.apache.http.impl.execchain.MainClientExec - Stale connection check
11:23:36.581 [Forwarding findElement on session 3b32614521bb089a94afb2bf32793954 to remote] DEBUG org.apache.http.wire - http-outgoing-24 << "[read] I/O error: Read timed out"
11:23:36.581 [Forwarding findElement on session 3b32614521bb089a94afb2bf32793954 to remote] DEBUG org.apache.http.impl.conn.DefaultManagedHttpClientConnection - http-outgoing-24: set socket timeout to 10800000
11:23:36.581 [Forwarding findElement on session 3b32614521bb089a94afb2bf32793954 to remote] DEBUG org.apache.http.impl.execchain.MainClientExec - Executing request POST /session/3b32614521bb089a94afb2bf32793954/element HTTP/1.1
11:23:36.581 [Forwarding findElement on session 3b32614521bb089a94afb2bf32793954 to remote] DEBUG org.apache.http.impl.execchain.MainClientExec - Target auth state: UNCHALLENGED
11:23:36.581 [Forwarding findElement on session 3b32614521bb089a94afb2bf32793954 to remote] DEBUG org.apache.http.impl.execchain.MainClientExec - Proxy auth state: UNCHALLENGED
11:23:36.581 [Forwarding findElement on session 3b32614521bb089a94afb2bf32793954 to remote] DEBUG org.apache.http.headers - http-outgoing-24 >> POST /session/3b32614521bb089a94afb2bf32793954/element HTTP/1.1
11:23:36.581 [Forwarding findElement on session 3b32614521bb089a94afb2bf32793954 to remote] DEBUG org.apache.http.headers - http-outgoing-24 >> Content-Type: application/json; charset=utf-8
11:23:36.581 [Forwarding findElement on session 3b32614521bb089a94afb2bf32793954 to remote] DEBUG org.apache.http.headers - http-outgoing-24 >> Content-Length: 85
11:23:36.581 [Forwarding findElement on session 3b32614521bb089a94afb2bf32793954 to remote] DEBUG org.apache.http.headers - http-outgoing-24 >> Host: localhost:15668
11:23:36.581 [Forwarding findElement on session 3b32614521bb089a94afb2bf32793954 to remote] DEBUG org.apache.http.headers - http-outgoing-24 >> Connection: Keep-Alive
11:23:36.581 [Forwarding findElement on session 3b32614521bb089a94afb2bf32793954 to remote] DEBUG org.apache.http.headers - http-outgoing-24 >> User-Agent: Apache-HttpClient/4.5.3 (Java/1.8.0_211)
11:23:36.581 [Forwarding findElement on session 3b32614521bb089a94afb2bf32793954 to remote] DEBUG org.apache.http.headers - http-outgoing-24 >> Accept-Encoding: gzip,deflate
11:23:36.581 [Forwarding findElement on session 3b32614521bb089a94afb2bf32793954 to remote] DEBUG org.apache.http.wire - http-outgoing-24 >> "POST /session/3b32614521bb089a94afb2bf32793954/element HTTP/1.1[\r][\n]"
11:23:36.581 [Forwarding findElement on session 3b32614521bb089a94afb2bf32793954 to remote] DEBUG org.apache.http.wire - http-outgoing-24 >> "Content-Type: application/json; charset=utf-8[\r][\n]"
11:23:36.581 [Forwarding findElement on session 3b32614521bb089a94afb2bf32793954 to remote] DEBUG org.apache.http.wire - http-outgoing-24 >> "Content-Length: 85[\r][\n]"
11:23:36.581 [Forwarding findElement on session 3b32614521bb089a94afb2bf32793954 to remote] DEBUG org.apache.http.wire - http-outgoing-24 >> "Host: localhost:15668[\r][\n]"
11:23:36.581 [Forwarding findElement on session 3b32614521bb089a94afb2bf32793954 to remote] DEBUG org.apache.http.wire - http-outgoing-24 >> "Connection: Keep-Alive[\r][\n]"
11:23:36.581 [Forwarding findElement on session 3b32614521bb089a94afb2bf32793954 to remote] DEBUG org.apache.http.wire - http-outgoing-24 >> "User-Agent: Apache-HttpClient/4.5.3 (Java/1.8.0_211)[\r][\n]"
11:23:36.581 [Forwarding findElement on session 3b32614521bb089a94afb2bf32793954 to remote] DEBUG org.apache.http.wire - http-outgoing-24 >> "Accept-Encoding: gzip,deflate[\r][\n]"
11:23:36.581 [Forwarding findElement on session 3b32614521bb089a94afb2bf32793954 to remote] DEBUG org.apache.http.wire - http-outgoing-24 >> "[\r][\n]"
11:23:36.581 [Forwarding findElement on session 3b32614521bb089a94afb2bf32793954 to remote] DEBUG org.apache.http.wire - http-outgoing-24 >> "{"value":"//*[@id=\"root\"]/div[1]/div[2]/div/div/div/div/div/input","using":"xpath"}"
11:23:36.653 [Forwarding findElement on session 3b32614521bb089a94afb2bf32793954 to remote] DEBUG org.apache.http.wire - http-outgoing-24 << "HTTP/1.1 200 OK[\r][\n]"
11:23:36.653 [Forwarding findElement on session 3b32614521bb089a94afb2bf32793954 to remote] DEBUG org.apache.http.wire - http-outgoing-24 << "Content-Length:88[\r][\n]"
11:23:36.653 [Forwarding findElement on session 3b32614521bb089a94afb2bf32793954 to remote] DEBUG org.apache.http.wire - http-outgoing-24 << "Content-Type:application/json; charset=utf-8[\r][\n]"
11:23:36.653 [Forwarding findElement on session 3b32614521bb089a94afb2bf32793954 to remote] DEBUG org.apache.http.wire - http-outgoing-24 << "cache-control:no-cache[\r][\n]"
11:23:36.653 [Forwarding findElement on session 3b32614521bb089a94afb2bf32793954 to remote] DEBUG org.apache.http.wire - http-outgoing-24 << "[\r][\n]"
11:23:36.653 [Forwarding findElement on session 3b32614521bb089a94afb2bf32793954 to remote] DEBUG org.apache.http.wire - http-outgoing-24 << "{"value":{"element-6066-11e4-a52e-4f735466cecf":"90ef5e8a-ccbe-4022-a73c-8c9efcaa8de3"}}"
11:23:36.653 [Forwarding findElement on session 3b32614521bb089a94afb2bf32793954 to remote] DEBUG org.apache.http.headers - http-outgoing-24 << HTTP/1.1 200 OK
11:23:36.653 [Forwarding findElement on session 3b32614521bb089a94afb2bf32793954 to remote] DEBUG org.apache.http.headers - http-outgoing-24 << Content-Length:88
11:23:36.653 [Forwarding findElement on session 3b32614521bb089a94afb2bf32793954 to remote] DEBUG org.apache.http.headers - http-outgoing-24 << Content-Type:application/json; charset=utf-8
11:23:36.653 [Forwarding findElement on session 3b32614521bb089a94afb2bf32793954 to remote] DEBUG org.apache.http.headers - http-outgoing-24 << cache-control:no-cache
11:23:36.653 [Forwarding findElement on session 3b32614521bb089a94afb2bf32793954 to remote] DEBUG org.apache.http.impl.execchain.MainClientExec - Connection can be kept alive indefinitely
11:23:36.653 [Forwarding findElement on session 3b32614521bb089a94afb2bf32793954 to remote] DEBUG org.apache.http.impl.conn.PoolingHttpClientConnectionManager - Connection [id: 24][route: {}->http://localhost:15668] can be kept alive indefinitely
11:23:36.653 [Forwarding findElement on session 3b32614521bb089a94afb2bf32793954 to remote] DEBUG org.apache.http.impl.conn.PoolingHttpClientConnectionManager - Connection released: [id: 24][route: {}->http://localhost:15668][total kept alive: 25; route allocated: 1 of 2000; total allocated: 25 of 2000]
11:23:36.654 [Forwarding sendKeysToElement on session 3b32614521bb089a94afb2bf32793954 to remote] DEBUG org.apache.http.client.protocol.RequestAddCookies - CookieSpec selected: default
11:23:36.654 [Forwarding sendKeysToElement on session 3b32614521bb089a94afb2bf32793954 to remote] DEBUG org.apache.http.client.protocol.RequestAuthCache - Auth cache not set in the context
11:23:36.654 [Forwarding sendKeysToElement on session 3b32614521bb089a94afb2bf32793954 to remote] DEBUG org.apache.http.impl.conn.PoolingHttpClientConnectionManager - Connection request: [route: {}->http://localhost:15668][total kept alive: 25; route allocated: 1 of 2000; total allocated: 25 of 2000]
11:23:36.654 [Forwarding sendKeysToElement on session 3b32614521bb089a94afb2bf32793954 to remote] DEBUG org.apache.http.impl.conn.PoolingHttpClientConnectionManager - Connection leased: [id: 24][route: {}->http://localhost:15668][total kept alive: 24; route allocated: 1 of 2000; total allocated: 25 of 2000]
11:23:36.654 [Forwarding sendKeysToElement on session 3b32614521bb089a94afb2bf32793954 to remote] DEBUG org.apache.http.impl.execchain.MainClientExec - Stale connection check
11:23:36.655 [Forwarding sendKeysToElement on session 3b32614521bb089a94afb2bf32793954 to remote] DEBUG org.apache.http.wire - http-outgoing-24 << "[read] I/O error: Read timed out"
11:23:36.655 [Forwarding sendKeysToElement on session 3b32614521bb089a94afb2bf32793954 to remote] DEBUG org.apache.http.impl.conn.DefaultManagedHttpClientConnection - http-outgoing-24: set socket timeout to 10800000
11:23:36.655 [Forwarding sendKeysToElement on session 3b32614521bb089a94afb2bf32793954 to remote] DEBUG org.apache.http.impl.execchain.MainClientExec - Executing request POST /session/3b32614521bb089a94afb2bf32793954/element/90ef5e8a-ccbe-4022-a73c-8c9efcaa8de3/value HTTP/1.1
11:23:36.655 [Forwarding sendKeysToElement on session 3b32614521bb089a94afb2bf32793954 to remote] DEBUG org.apache.http.impl.execchain.MainClientExec - Target auth state: UNCHALLENGED
11:23:36.655 [Forwarding sendKeysToElement on session 3b32614521bb089a94afb2bf32793954 to remote] DEBUG org.apache.http.impl.execchain.MainClientExec - Proxy auth state: UNCHALLENGED
11:23:36.655 [Forwarding sendKeysToElement on session 3b32614521bb089a94afb2bf32793954 to remote] DEBUG org.apache.http.headers - http-outgoing-24 >> POST /session/3b32614521bb089a94afb2bf32793954/element/90ef5e8a-ccbe-4022-a73c-8c9efcaa8de3/value HTTP/1.1
11:23:36.655 [Forwarding sendKeysToElement on session 3b32614521bb089a94afb2bf32793954 to remote] DEBUG org.apache.http.headers - http-outgoing-24 >> Content-Type: application/json; charset=utf-8
11:23:36.655 [Forwarding sendKeysToElement on session 3b32614521bb089a94afb2bf32793954 to remote] DEBUG org.apache.http.headers - http-outgoing-24 >> Content-Length: 235
11:23:36.655 [Forwarding sendKeysToElement on session 3b32614521bb089a94afb2bf32793954 to remote] DEBUG org.apache.http.headers - http-outgoing-24 >> Host: localhost:15668
11:23:36.655 [Forwarding sendKeysToElement on session 3b32614521bb089a94afb2bf32793954 to remote] DEBUG org.apache.http.headers - http-outgoing-24 >> Connection: Keep-Alive
11:23:36.655 [Forwarding sendKeysToElement on session 3b32614521bb089a94afb2bf32793954 to remote] DEBUG org.apache.http.headers - http-outgoing-24 >> User-Agent: Apache-HttpClient/4.5.3 (Java/1.8.0_211)
11:23:36.655 [Forwarding sendKeysToElement on session 3b32614521bb089a94afb2bf32793954 to remote] DEBUG org.apache.http.headers - http-outgoing-24 >> Accept-Encoding: gzip,deflate
11:23:36.655 [Forwarding sendKeysToElement on session 3b32614521bb089a94afb2bf32793954 to remote] DEBUG org.apache.http.wire - http-outgoing-24 >> "POST /session/3b32614521bb089a94afb2bf32793954/element/90ef5e8a-ccbe-4022-a73c-8c9efcaa8de3/value HTTP/1.1[\r][\n]"
11:23:36.655 [Forwarding sendKeysToElement on session 3b32614521bb089a94afb2bf32793954 to remote] DEBUG org.apache.http.wire - http-outgoing-24 >> "Content-Type: application/json; charset=utf-8[\r][\n]"
11:23:36.655 [Forwarding sendKeysToElement on session 3b32614521bb089a94afb2bf32793954 to remote] DEBUG org.apache.http.wire - http-outgoing-24 >> "Content-Length: 235[\r][\n]"
11:23:36.655 [Forwarding sendKeysToElement on session 3b32614521bb089a94afb2bf32793954 to remote] DEBUG org.apache.http.wire - http-outgoing-24 >> "Host: localhost:15668[\r][\n]"
11:23:36.655 [Forwarding sendKeysToElement on session 3b32614521bb089a94afb2bf32793954 to remote] DEBUG org.apache.http.wire - http-outgoing-24 >> "Connection: Keep-Alive[\r][\n]"
11:23:36.655 [Forwarding sendKeysToElement on session 3b32614521bb089a94afb2bf32793954 to remote] DEBUG org.apache.http.wire - http-outgoing-24 >> "User-Agent: Apache-HttpClient/4.5.3 (Java/1.8.0_211)[\r][\n]"
11:23:36.655 [Forwarding sendKeysToElement on session 3b32614521bb089a94afb2bf32793954 to remote] DEBUG org.apache.http.wire - http-outgoing-24 >> "Accept-Encoding: gzip,deflate[\r][\n]"
11:23:36.655 [Forwarding sendKeysToElement on session 3b32614521bb089a94afb2bf32793954 to remote] DEBUG org.apache.http.wire - http-outgoing-24 >> "[\r][\n]"
11:23:36.655 [Forwarding sendKeysToElement on session 3b32614521bb089a94afb2bf32793954 to remote] DEBUG org.apache.http.wire - http-outgoing-24 >> "{"id":"90ef5e8a-ccbe-4022-a73c-8c9efcaa8de3","text":"TN2jfdYCX9vvozqjwVvPjMd7vRj8HKyxUe","value":["T","N","2","j","f","d","Y","C","X","9","v","v","o","z","q","j","w","V","v","P","j","M","d","7","v","R","j","8","H","K","y","x","U","e"]}"
11:23:36.970 [Forwarding sendKeysToElement on session 3b32614521bb089a94afb2bf32793954 to remote] DEBUG org.apache.http.wire - http-outgoing-24 << "HTTP/1.1 200 OK[\r][\n]"
11:23:36.970 [Forwarding sendKeysToElement on session 3b32614521bb089a94afb2bf32793954 to remote] DEBUG org.apache.http.wire - http-outgoing-24 << "Content-Length:14[\r][\n]"
11:23:36.970 [Forwarding sendKeysToElement on session 3b32614521bb089a94afb2bf32793954 to remote] DEBUG org.apache.http.wire - http-outgoing-24 << "Content-Type:application/json; charset=utf-8[\r][\n]"
11:23:36.970 [Forwarding sendKeysToElement on session 3b32614521bb089a94afb2bf32793954 to remote] DEBUG org.apache.http.wire - http-outgoing-24 << "cache-control:no-cache[\r][\n]"
11:23:36.970 [Forwarding sendKeysToElement on session 3b32614521bb089a94afb2bf32793954 to remote] DEBUG org.apache.http.wire - http-outgoing-24 << "[\r][\n]"
11:23:36.970 [Forwarding sendKeysToElement on session 3b32614521bb089a94afb2bf32793954 to remote] DEBUG org.apache.http.wire - http-outgoing-24 << "{"value":null}"
11:23:36.970 [Forwarding sendKeysToElement on session 3b32614521bb089a94afb2bf32793954 to remote] DEBUG org.apache.http.headers - http-outgoing-24 << HTTP/1.1 200 OK
11:23:36.970 [Forwarding sendKeysToElement on session 3b32614521bb089a94afb2bf32793954 to remote] DEBUG org.apache.http.headers - http-outgoing-24 << Content-Length:14
11:23:36.970 [Forwarding sendKeysToElement on session 3b32614521bb089a94afb2bf32793954 to remote] DEBUG org.apache.http.headers - http-outgoing-24 << Content-Type:application/json; charset=utf-8
11:23:36.970 [Forwarding sendKeysToElement on session 3b32614521bb089a94afb2bf32793954 to remote] DEBUG org.apache.http.headers - http-outgoing-24 << cache-control:no-cache
11:23:36.970 [Forwarding sendKeysToElement on session 3b32614521bb089a94afb2bf32793954 to remote] DEBUG org.apache.http.impl.execchain.MainClientExec - Connection can be kept alive indefinitely
11:23:36.970 [Forwarding sendKeysToElement on session 3b32614521bb089a94afb2bf32793954 to remote] DEBUG org.apache.http.impl.conn.PoolingHttpClientConnectionManager - Connection [id: 24][route: {}->http://localhost:15668] can be kept alive indefinitely
11:23:36.970 [Forwarding sendKeysToElement on session 3b32614521bb089a94afb2bf32793954 to remote] DEBUG org.apache.http.impl.conn.PoolingHttpClientConnectionManager - Connection released: [id: 24][route: {}->http://localhost:15668][total kept alive: 25; route allocated: 1 of 2000; total allocated: 25 of 2000]
11:23:37.274 [Forwarding findElement on session 3b32614521bb089a94afb2bf32793954 to remote] DEBUG org.apache.http.client.protocol.RequestAddCookies - CookieSpec selected: default
11:23:37.274 [Forwarding findElement on session 3b32614521bb089a94afb2bf32793954 to remote] DEBUG org.apache.http.client.protocol.RequestAuthCache - Auth cache not set in the context
11:23:37.274 [Forwarding findElement on session 3b32614521bb089a94afb2bf32793954 to remote] DEBUG org.apache.http.impl.conn.PoolingHttpClientConnectionManager - Connection request: [route: {}->http://localhost:15668][total kept alive: 25; route allocated: 1 of 2000; total allocated: 25 of 2000]
11:23:37.274 [Forwarding findElement on session 3b32614521bb089a94afb2bf32793954 to remote] DEBUG org.apache.http.impl.conn.PoolingHttpClientConnectionManager - Connection leased: [id: 24][route: {}->http://localhost:15668][total kept alive: 24; route allocated: 1 of 2000; total allocated: 25 of 2000]
11:23:37.274 [Forwarding findElement on session 3b32614521bb089a94afb2bf32793954 to remote] DEBUG org.apache.http.impl.execchain.MainClientExec - Stale connection check
11:23:37.276 [Forwarding findElement on session 3b32614521bb089a94afb2bf32793954 to remote] DEBUG org.apache.http.wire - http-outgoing-24 << "[read] I/O error: Read timed out"
11:23:37.276 [Forwarding findElement on session 3b32614521bb089a94afb2bf32793954 to remote] DEBUG org.apache.http.impl.conn.DefaultManagedHttpClientConnection - http-outgoing-24: set socket timeout to 10800000
11:23:37.276 [Forwarding findElement on session 3b32614521bb089a94afb2bf32793954 to remote] DEBUG org.apache.http.impl.execchain.MainClientExec - Executing request POST /session/3b32614521bb089a94afb2bf32793954/element HTTP/1.1
11:23:37.276 [Forwarding findElement on session 3b32614521bb089a94afb2bf32793954 to remote] DEBUG org.apache.http.impl.execchain.MainClientExec - Target auth state: UNCHALLENGED
11:23:37.276 [Forwarding findElement on session 3b32614521bb089a94afb2bf32793954 to remote] DEBUG org.apache.http.impl.execchain.MainClientExec - Proxy auth state: UNCHALLENGED
11:23:37.276 [Forwarding findElement on session 3b32614521bb089a94afb2bf32793954 to remote] DEBUG org.apache.http.headers - http-outgoing-24 >> POST /session/3b32614521bb089a94afb2bf32793954/element HTTP/1.1
11:23:37.276 [Forwarding findElement on session 3b32614521bb089a94afb2bf32793954 to remote] DEBUG org.apache.http.headers - http-outgoing-24 >> Content-Type: application/json; charset=utf-8
11:23:37.276 [Forwarding findElement on session 3b32614521bb089a94afb2bf32793954 to remote] DEBUG org.apache.http.headers - http-outgoing-24 >> Content-Length: 72
11:23:37.276 [Forwarding findElement on session 3b32614521bb089a94afb2bf32793954 to remote] DEBUG org.apache.http.headers - http-outgoing-24 >> Host: localhost:15668
11:23:37.276 [Forwarding findElement on session 3b32614521bb089a94afb2bf32793954 to remote] DEBUG org.apache.http.headers - http-outgoing-24 >> Connection: Keep-Alive
11:23:37.276 [Forwarding findElement on session 3b32614521bb089a94afb2bf32793954 to remote] DEBUG org.apache.http.headers - http-outgoing-24 >> User-Agent: Apache-HttpClient/4.5.3 (Java/1.8.0_211)
11:23:37.276 [Forwarding findElement on session 3b32614521bb089a94afb2bf32793954 to remote] DEBUG org.apache.http.headers - http-outgoing-24 >> Accept-Encoding: gzip,deflate
11:23:37.276 [Forwarding findElement on session 3b32614521bb089a94afb2bf32793954 to remote] DEBUG org.apache.http.wire - http-outgoing-24 >> "POST /session/3b32614521bb089a94afb2bf32793954/element HTTP/1.1[\r][\n]"
11:23:37.276 [Forwarding findElement on session 3b32614521bb089a94afb2bf32793954 to remote] DEBUG org.apache.http.wire - http-outgoing-24 >> "Content-Type: application/json; charset=utf-8[\r][\n]"
11:23:37.276 [Forwarding findElement on session 3b32614521bb089a94afb2bf32793954 to remote] DEBUG org.apache.http.wire - http-outgoing-24 >> "Content-Length: 72[\r][\n]"
11:23:37.276 [Forwarding findElement on session 3b32614521bb089a94afb2bf32793954 to remote] DEBUG org.apache.http.wire - http-outgoing-24 >> "Host: localhost:15668[\r][\n]"
11:23:37.276 [Forwarding findElement on session 3b32614521bb089a94afb2bf32793954 to remote] DEBUG org.apache.http.wire - http-outgoing-24 >> "Connection: Keep-Alive[\r][\n]"
11:23:37.276 [Forwarding findElement on session 3b32614521bb089a94afb2bf32793954 to remote] DEBUG org.apache.http.wire - http-outgoing-24 >> "User-Agent: Apache-HttpClient/4.5.3 (Java/1.8.0_211)[\r][\n]"
11:23:37.276 [Forwarding findElement on session 3b32614521bb089a94afb2bf32793954 to remote] DEBUG org.apache.http.wire - http-outgoing-24 >> "Accept-Encoding: gzip,deflate[\r][\n]"
11:23:37.276 [Forwarding findElement on session 3b32614521bb089a94afb2bf32793954 to remote] DEBUG org.apache.http.wire - http-outgoing-24 >> "[\r][\n]"
11:23:37.276 [Forwarding findElement on session 3b32614521bb089a94afb2bf32793954 to remote] DEBUG org.apache.http.wire - http-outgoing-24 >> "{"value":"#_searchBox > a > div > span > strong","using":"css selector"}"
11:23:40.101 [Forwarding findElement on session 3b32614521bb089a94afb2bf32793954 to remote] DEBUG org.apache.http.wire - http-outgoing-24 << "HTTP/1.1 200 OK[\r][\n]"
11:23:40.101 [Forwarding findElement on session 3b32614521bb089a94afb2bf32793954 to remote] DEBUG org.apache.http.wire - http-outgoing-24 << "Content-Length:88[\r][\n]"
11:23:40.101 [Forwarding findElement on session 3b32614521bb089a94afb2bf32793954 to remote] DEBUG org.apache.http.wire - http-outgoing-24 << "Content-Type:application/json; charset=utf-8[\r][\n]"
11:23:40.101 [Forwarding findElement on session 3b32614521bb089a94afb2bf32793954 to remote] DEBUG org.apache.http.wire - http-outgoing-24 << "cache-control:no-cache[\r][\n]"
11:23:40.101 [Forwarding findElement on session 3b32614521bb089a94afb2bf32793954 to remote] DEBUG org.apache.http.wire - http-outgoing-24 << "[\r][\n]"
11:23:40.101 [Forwarding findElement on session 3b32614521bb089a94afb2bf32793954 to remote] DEBUG org.apache.http.wire - http-outgoing-24 << "{"value":{"element-6066-11e4-a52e-4f735466cecf":"81f3e673-7a56-46c9-837e-8e045e9f3d66"}}"
11:23:40.101 [Forwarding findElement on session 3b32614521bb089a94afb2bf32793954 to remote] DEBUG org.apache.http.headers - http-outgoing-24 << HTTP/1.1 200 OK
11:23:40.101 [Forwarding findElement on session 3b32614521bb089a94afb2bf32793954 to remote] DEBUG org.apache.http.headers - http-outgoing-24 << Content-Length:88
11:23:40.101 [Forwarding findElement on session 3b32614521bb089a94afb2bf32793954 to remote] DEBUG org.apache.http.headers - http-outgoing-24 << Content-Type:application/json; charset=utf-8
11:23:40.101 [Forwarding findElement on session 3b32614521bb089a94afb2bf32793954 to remote] DEBUG org.apache.http.headers - http-outgoing-24 << cache-control:no-cache
11:23:40.101 [Forwarding findElement on session 3b32614521bb089a94afb2bf32793954 to remote] DEBUG org.apache.http.impl.execchain.MainClientExec - Connection can be kept alive indefinitely
11:23:40.101 [Forwarding findElement on session 3b32614521bb089a94afb2bf32793954 to remote] DEBUG org.apache.http.impl.conn.PoolingHttpClientConnectionManager - Connection [id: 24][route: {}->http://localhost:15668] can be kept alive indefinitely
11:23:40.101 [Forwarding findElement on session 3b32614521bb089a94afb2bf32793954 to remote] DEBUG org.apache.http.impl.conn.PoolingHttpClientConnectionManager - Connection released: [id: 24][route: {}->http://localhost:15668][total kept alive: 25; route allocated: 1 of 2000; total allocated: 25 of 2000]
11:23:40.102 [Forwarding getElementText on session 3b32614521bb089a94afb2bf32793954 to remote] DEBUG org.apache.http.client.protocol.RequestAddCookies - CookieSpec selected: default
11:23:40.102 [Forwarding getElementText on session 3b32614521bb089a94afb2bf32793954 to remote] DEBUG org.apache.http.client.protocol.RequestAuthCache - Auth cache not set in the context
11:23:40.102 [Forwarding getElementText on session 3b32614521bb089a94afb2bf32793954 to remote] DEBUG org.apache.http.impl.conn.PoolingHttpClientConnectionManager - Connection request: [route: {}->http://localhost:15668][total kept alive: 25; route allocated: 1 of 2000; total allocated: 25 of 2000]
11:23:40.102 [Forwarding getElementText on session 3b32614521bb089a94afb2bf32793954 to remote] DEBUG org.apache.http.impl.conn.PoolingHttpClientConnectionManager - Connection leased: [id: 24][route: {}->http://localhost:15668][total kept alive: 24; route allocated: 1 of 2000; total allocated: 25 of 2000]
11:23:40.102 [Forwarding getElementText on session 3b32614521bb089a94afb2bf32793954 to remote] DEBUG org.apache.http.impl.execchain.MainClientExec - Stale connection check
11:23:40.103 [Forwarding getElementText on session 3b32614521bb089a94afb2bf32793954 to remote] DEBUG org.apache.http.wire - http-outgoing-24 << "[read] I/O error: Read timed out"
11:23:40.103 [Forwarding getElementText on session 3b32614521bb089a94afb2bf32793954 to remote] DEBUG org.apache.http.impl.conn.DefaultManagedHttpClientConnection - http-outgoing-24: set socket timeout to 10800000
11:23:40.103 [Forwarding getElementText on session 3b32614521bb089a94afb2bf32793954 to remote] DEBUG org.apache.http.impl.execchain.MainClientExec - Executing request GET /session/3b32614521bb089a94afb2bf32793954/element/81f3e673-7a56-46c9-837e-8e045e9f3d66/text HTTP/1.1
11:23:40.103 [Forwarding getElementText on session 3b32614521bb089a94afb2bf32793954 to remote] DEBUG org.apache.http.impl.execchain.MainClientExec - Target auth state: UNCHALLENGED
11:23:40.103 [Forwarding getElementText on session 3b32614521bb089a94afb2bf32793954 to remote] DEBUG org.apache.http.impl.execchain.MainClientExec - Proxy auth state: UNCHALLENGED
11:23:40.103 [Forwarding getElementText on session 3b32614521bb089a94afb2bf32793954 to remote] DEBUG org.apache.http.headers - http-outgoing-24 >> GET /session/3b32614521bb089a94afb2bf32793954/element/81f3e673-7a56-46c9-837e-8e045e9f3d66/text HTTP/1.1
11:23:40.103 [Forwarding getElementText on session 3b32614521bb089a94afb2bf32793954 to remote] DEBUG org.apache.http.headers - http-outgoing-24 >> Cache-Control: no-cache
11:23:40.103 [Forwarding getElementText on session 3b32614521bb089a94afb2bf32793954 to remote] DEBUG org.apache.http.headers - http-outgoing-24 >> Host: localhost:15668
11:23:40.103 [Forwarding getElementText on session 3b32614521bb089a94afb2bf32793954 to remote] DEBUG org.apache.http.headers - http-outgoing-24 >> Connection: Keep-Alive
11:23:40.103 [Forwarding getElementText on session 3b32614521bb089a94afb2bf32793954 to remote] DEBUG org.apache.http.headers - http-outgoing-24 >> User-Agent: Apache-HttpClient/4.5.3 (Java/1.8.0_211)
11:23:40.103 [Forwarding getElementText on session 3b32614521bb089a94afb2bf32793954 to remote] DEBUG org.apache.http.headers - http-outgoing-24 >> Accept-Encoding: gzip,deflate
11:23:40.103 [Forwarding getElementText on session 3b32614521bb089a94afb2bf32793954 to remote] DEBUG org.apache.http.wire - http-outgoing-24 >> "GET /session/3b32614521bb089a94afb2bf32793954/element/81f3e673-7a56-46c9-837e-8e045e9f3d66/text HTTP/1.1[\r][\n]"
11:23:40.103 [Forwarding getElementText on session 3b32614521bb089a94afb2bf32793954 to remote] DEBUG org.apache.http.wire - http-outgoing-24 >> "Cache-Control: no-cache[\r][\n]"
11:23:40.103 [Forwarding getElementText on session 3b32614521bb089a94afb2bf32793954 to remote] DEBUG org.apache.http.wire - http-outgoing-24 >> "Host: localhost:15668[\r][\n]"
11:23:40.103 [Forwarding getElementText on session 3b32614521bb089a94afb2bf32793954 to remote] DEBUG org.apache.http.wire - http-outgoing-24 >> "Connection: Keep-Alive[\r][\n]"
11:23:40.103 [Forwarding getElementText on session 3b32614521bb089a94afb2bf32793954 to remote] DEBUG org.apache.http.wire - http-outgoing-24 >> "User-Agent: Apache-HttpClient/4.5.3 (Java/1.8.0_211)[\r][\n]"
11:23:40.103 [Forwarding getElementText on session 3b32614521bb089a94afb2bf32793954 to remote] DEBUG org.apache.http.wire - http-outgoing-24 >> "Accept-Encoding: gzip,deflate[\r][\n]"
11:23:40.103 [Forwarding getElementText on session 3b32614521bb089a94afb2bf32793954 to remote] DEBUG org.apache.http.wire - http-outgoing-24 >> "[\r][\n]"
11:23:40.111 [Forwarding getElementText on session 3b32614521bb089a94afb2bf32793954 to remote] DEBUG org.apache.http.wire - http-outgoing-24 << "HTTP/1.1 200 OK[\r][\n]"
11:23:40.111 [Forwarding getElementText on session 3b32614521bb089a94afb2bf32793954 to remote] DEBUG org.apache.http.wire - http-outgoing-24 << "Content-Length:46[\r][\n]"
11:23:40.111 [Forwarding getElementText on session 3b32614521bb089a94afb2bf32793954 to remote] DEBUG org.apache.http.wire - http-outgoing-24 << "Content-Type:application/json; charset=utf-8[\r][\n]"
11:23:40.111 [Forwarding getElementText on session 3b32614521bb089a94afb2bf32793954 to remote] DEBUG org.apache.http.wire - http-outgoing-24 << "cache-control:no-cache[\r][\n]"
11:23:40.111 [Forwarding getElementText on session 3b32614521bb089a94afb2bf32793954 to remote] DEBUG org.apache.http.wire - http-outgoing-24 << "[\r][\n]"
11:23:40.111 [Forwarding getElementText on session 3b32614521bb089a94afb2bf32793954 to remote] DEBUG org.apache.http.wire - http-outgoing-24 << "{"value":"TN2jfdYCX9vvozqjwVvPjMd7vRj8HKyxUe"}"
11:23:40.112 [Forwarding getElementText on session 3b32614521bb089a94afb2bf32793954 to remote] DEBUG org.apache.http.headers - http-outgoing-24 << HTTP/1.1 200 OK
11:23:40.112 [Forwarding getElementText on session 3b32614521bb089a94afb2bf32793954 to remote] DEBUG org.apache.http.headers - http-outgoing-24 << Content-Length:46
11:23:40.112 [Forwarding getElementText on session 3b32614521bb089a94afb2bf32793954 to remote] DEBUG org.apache.http.headers - http-outgoing-24 << Content-Type:application/json; charset=utf-8
11:23:40.112 [Forwarding getElementText on session 3b32614521bb089a94afb2bf32793954 to remote] DEBUG org.apache.http.headers - http-outgoing-24 << cache-control:no-cache
11:23:40.112 [Forwarding getElementText on session 3b32614521bb089a94afb2bf32793954 to remote] DEBUG org.apache.http.impl.execchain.MainClientExec - Connection can be kept alive indefinitely
11:23:40.112 [Forwarding getElementText on session 3b32614521bb089a94afb2bf32793954 to remote] DEBUG org.apache.http.impl.conn.PoolingHttpClientConnectionManager - Connection [id: 24][route: {}->http://localhost:15668] can be kept alive indefinitely
11:23:40.112 [Forwarding getElementText on session 3b32614521bb089a94afb2bf32793954 to remote] DEBUG org.apache.http.impl.conn.PoolingHttpClientConnectionManager - Connection released: [id: 24][route: {}->http://localhost:15668][total kept alive: 25; route allocated: 1 of 2000; total allocated: 25 of 2000]
11:23:40.415 [Forwarding findElement on session 3b32614521bb089a94afb2bf32793954 to remote] DEBUG org.apache.http.client.protocol.RequestAddCookies - CookieSpec selected: default
11:23:40.415 [Forwarding findElement on session 3b32614521bb089a94afb2bf32793954 to remote] DEBUG org.apache.http.client.protocol.RequestAuthCache - Auth cache not set in the context
11:23:40.415 [Forwarding findElement on session 3b32614521bb089a94afb2bf32793954 to remote] DEBUG org.apache.http.impl.conn.PoolingHttpClientConnectionManager - Connection request: [route: {}->http://localhost:15668][total kept alive: 25; route allocated: 1 of 2000; total allocated: 25 of 2000]
11:23:40.415 [Forwarding findElement on session 3b32614521bb089a94afb2bf32793954 to remote] DEBUG org.apache.http.impl.conn.PoolingHttpClientConnectionManager - Connection leased: [id: 24][route: {}->http://localhost:15668][total kept alive: 24; route allocated: 1 of 2000; total allocated: 25 of 2000]
11:23:40.415 [Forwarding findElement on session 3b32614521bb089a94afb2bf32793954 to remote] DEBUG org.apache.http.impl.execchain.MainClientExec - Stale connection check
11:23:40.416 [Forwarding findElement on session 3b32614521bb089a94afb2bf32793954 to remote] DEBUG org.apache.http.wire - http-outgoing-24 << "[read] I/O error: Read timed out"
11:23:40.416 [Forwarding findElement on session 3b32614521bb089a94afb2bf32793954 to remote] DEBUG org.apache.http.impl.conn.DefaultManagedHttpClientConnection - http-outgoing-24: set socket timeout to 10800000
11:23:40.416 [Forwarding findElement on session 3b32614521bb089a94afb2bf32793954 to remote] DEBUG org.apache.http.impl.execchain.MainClientExec - Executing request POST /session/3b32614521bb089a94afb2bf32793954/element HTTP/1.1
11:23:40.416 [Forwarding findElement on session 3b32614521bb089a94afb2bf32793954 to remote] DEBUG org.apache.http.impl.execchain.MainClientExec - Target auth state: UNCHALLENGED
11:23:40.416 [Forwarding findElement on session 3b32614521bb089a94afb2bf32793954 to remote] DEBUG org.apache.http.impl.execchain.MainClientExec - Proxy auth state: UNCHALLENGED
11:23:40.416 [Forwarding findElement on session 3b32614521bb089a94afb2bf32793954 to remote] DEBUG org.apache.http.headers - http-outgoing-24 >> POST /session/3b32614521bb089a94afb2bf32793954/element HTTP/1.1
11:23:40.416 [Forwarding findElement on session 3b32614521bb089a94afb2bf32793954 to remote] DEBUG org.apache.http.headers - http-outgoing-24 >> Content-Type: application/json; charset=utf-8
11:23:40.416 [Forwarding findElement on session 3b32614521bb089a94afb2bf32793954 to remote] DEBUG org.apache.http.headers - http-outgoing-24 >> Content-Length: 53
11:23:40.416 [Forwarding findElement on session 3b32614521bb089a94afb2bf32793954 to remote] DEBUG org.apache.http.headers - http-outgoing-24 >> Host: localhost:15668
11:23:40.416 [Forwarding findElement on session 3b32614521bb089a94afb2bf32793954 to remote] DEBUG org.apache.http.headers - http-outgoing-24 >> Connection: Keep-Alive
11:23:40.416 [Forwarding findElement on session 3b32614521bb089a94afb2bf32793954 to remote] DEBUG org.apache.http.headers - http-outgoing-24 >> User-Agent: Apache-HttpClient/4.5.3 (Java/1.8.0_211)
11:23:40.416 [Forwarding findElement on session 3b32614521bb089a94afb2bf32793954 to remote] DEBUG org.apache.http.headers - http-outgoing-24 >> Accept-Encoding: gzip,deflate
11:23:40.416 [Forwarding findElement on session 3b32614521bb089a94afb2bf32793954 to remote] DEBUG org.apache.http.wire - http-outgoing-24 >> "POST /session/3b32614521bb089a94afb2bf32793954/element HTTP/1.1[\r][\n]"
11:23:40.416 [Forwarding findElement on session 3b32614521bb089a94afb2bf32793954 to remote] DEBUG org.apache.http.wire - http-outgoing-24 >> "Content-Type: application/json; charset=utf-8[\r][\n]"
11:23:40.416 [Forwarding findElement on session 3b32614521bb089a94afb2bf32793954 to remote] DEBUG org.apache.http.wire - http-outgoing-24 >> "Content-Length: 53[\r][\n]"
11:23:40.416 [Forwarding findElement on session 3b32614521bb089a94afb2bf32793954 to remote] DEBUG org.apache.http.wire - http-outgoing-24 >> "Host: localhost:15668[\r][\n]"
11:23:40.416 [Forwarding findElement on session 3b32614521bb089a94afb2bf32793954 to remote] DEBUG org.apache.http.wire - http-outgoing-24 >> "Connection: Keep-Alive[\r][\n]"
11:23:40.416 [Forwarding findElement on session 3b32614521bb089a94afb2bf32793954 to remote] DEBUG org.apache.http.wire - http-outgoing-24 >> "User-Agent: Apache-HttpClient/4.5.3 (Java/1.8.0_211)[\r][\n]"
11:23:40.416 [Forwarding findElement on session 3b32614521bb089a94afb2bf32793954 to remote] DEBUG org.apache.http.wire - http-outgoing-24 >> "Accept-Encoding: gzip,deflate[\r][\n]"
11:23:40.416 [Forwarding findElement on session 3b32614521bb089a94afb2bf32793954 to remote] DEBUG org.apache.http.wire - http-outgoing-24 >> "[\r][\n]"
11:23:40.416 [Forwarding findElement on session 3b32614521bb089a94afb2bf32793954 to remote] DEBUG org.apache.http.wire - http-outgoing-24 >> "{"value":"//*[@id=\"_searchBox\"]/a","using":"xpath"}"
11:23:40.422 [Forwarding findElement on session 3b32614521bb089a94afb2bf32793954 to remote] DEBUG org.apache.http.wire - http-outgoing-24 << "HTTP/1.1 200 OK[\r][\n]"
11:23:40.422 [Forwarding findElement on session 3b32614521bb089a94afb2bf32793954 to remote] DEBUG org.apache.http.wire - http-outgoing-24 << "Content-Length:88[\r][\n]"
11:23:40.422 [Forwarding findElement on session 3b32614521bb089a94afb2bf32793954 to remote] DEBUG org.apache.http.wire - http-outgoing-24 << "Content-Type:application/json; charset=utf-8[\r][\n]"
11:23:40.422 [Forwarding findElement on session 3b32614521bb089a94afb2bf32793954 to remote] DEBUG org.apache.http.wire - http-outgoing-24 << "cache-control:no-cache[\r][\n]"
11:23:40.422 [Forwarding findElement on session 3b32614521bb089a94afb2bf32793954 to remote] DEBUG org.apache.http.wire - http-outgoing-24 << "[\r][\n]"
11:23:40.422 [Forwarding findElement on session 3b32614521bb089a94afb2bf32793954 to remote] DEBUG org.apache.http.wire - http-outgoing-24 << "{"value":{"element-6066-11e4-a52e-4f735466cecf":"d29c3767-2137-4d83-bf8c-ea49537a9336"}}"
11:23:40.422 [Forwarding findElement on session 3b32614521bb089a94afb2bf32793954 to remote] DEBUG org.apache.http.headers - http-outgoing-24 << HTTP/1.1 200 OK
11:23:40.422 [Forwarding findElement on session 3b32614521bb089a94afb2bf32793954 to remote] DEBUG org.apache.http.headers - http-outgoing-24 << Content-Length:88
11:23:40.422 [Forwarding findElement on session 3b32614521bb089a94afb2bf32793954 to remote] DEBUG org.apache.http.headers - http-outgoing-24 << Content-Type:application/json; charset=utf-8
11:23:40.422 [Forwarding findElement on session 3b32614521bb089a94afb2bf32793954 to remote] DEBUG org.apache.http.headers - http-outgoing-24 << cache-control:no-cache
11:23:40.422 [Forwarding findElement on session 3b32614521bb089a94afb2bf32793954 to remote] DEBUG org.apache.http.impl.execchain.MainClientExec - Connection can be kept alive indefinitely
11:23:40.422 [Forwarding findElement on session 3b32614521bb089a94afb2bf32793954 to remote] DEBUG org.apache.http.impl.conn.PoolingHttpClientConnectionManager - Connection [id: 24][route: {}->http://localhost:15668] can be kept alive indefinitely
11:23:40.422 [Forwarding findElement on session 3b32614521bb089a94afb2bf32793954 to remote] DEBUG org.apache.http.impl.conn.PoolingHttpClientConnectionManager - Connection released: [id: 24][route: {}->http://localhost:15668][total kept alive: 25; route allocated: 1 of 2000; total allocated: 25 of 2000]
11:23:40.422 [Forwarding clickElement on session 3b32614521bb089a94afb2bf32793954 to remote] DEBUG org.apache.http.client.protocol.RequestAddCookies - CookieSpec selected: default
11:23:40.422 [Forwarding clickElement on session 3b32614521bb089a94afb2bf32793954 to remote] DEBUG org.apache.http.client.protocol.RequestAuthCache - Auth cache not set in the context
11:23:40.423 [Forwarding clickElement on session 3b32614521bb089a94afb2bf32793954 to remote] DEBUG org.apache.http.impl.conn.PoolingHttpClientConnectionManager - Connection request: [route: {}->http://localhost:15668][total kept alive: 25; route allocated: 1 of 2000; total allocated: 25 of 2000]
11:23:40.423 [Forwarding clickElement on session 3b32614521bb089a94afb2bf32793954 to remote] DEBUG org.apache.http.impl.conn.PoolingHttpClientConnectionManager - Connection leased: [id: 24][route: {}->http://localhost:15668][total kept alive: 24; route allocated: 1 of 2000; total allocated: 25 of 2000]
11:23:40.423 [Forwarding clickElement on session 3b32614521bb089a94afb2bf32793954 to remote] DEBUG org.apache.http.impl.execchain.MainClientExec - Stale connection check
11:23:40.424 [Forwarding clickElement on session 3b32614521bb089a94afb2bf32793954 to remote] DEBUG org.apache.http.wire - http-outgoing-24 << "[read] I/O error: Read timed out"
11:23:40.424 [Forwarding clickElement on session 3b32614521bb089a94afb2bf32793954 to remote] DEBUG org.apache.http.impl.conn.DefaultManagedHttpClientConnection - http-outgoing-24: set socket timeout to 10800000
11:23:40.424 [Forwarding clickElement on session 3b32614521bb089a94afb2bf32793954 to remote] DEBUG org.apache.http.impl.execchain.MainClientExec - Executing request POST /session/3b32614521bb089a94afb2bf32793954/element/d29c3767-2137-4d83-bf8c-ea49537a9336/click HTTP/1.1
11:23:40.424 [Forwarding clickElement on session 3b32614521bb089a94afb2bf32793954 to remote] DEBUG org.apache.http.impl.execchain.MainClientExec - Target auth state: UNCHALLENGED
11:23:40.424 [Forwarding clickElement on session 3b32614521bb089a94afb2bf32793954 to remote] DEBUG org.apache.http.impl.execchain.MainClientExec - Proxy auth state: UNCHALLENGED
11:23:40.424 [Forwarding clickElement on session 3b32614521bb089a94afb2bf32793954 to remote] DEBUG org.apache.http.headers - http-outgoing-24 >> POST /session/3b32614521bb089a94afb2bf32793954/element/d29c3767-2137-4d83-bf8c-ea49537a9336/click HTTP/1.1
11:23:40.424 [Forwarding clickElement on session 3b32614521bb089a94afb2bf32793954 to remote] DEBUG org.apache.http.headers - http-outgoing-24 >> Content-Type: application/json; charset=utf-8
11:23:40.424 [Forwarding clickElement on session 3b32614521bb089a94afb2bf32793954 to remote] DEBUG org.apache.http.headers - http-outgoing-24 >> Content-Length: 45
11:23:40.424 [Forwarding clickElement on session 3b32614521bb089a94afb2bf32793954 to remote] DEBUG org.apache.http.headers - http-outgoing-24 >> Host: localhost:15668
11:23:40.424 [Forwarding clickElement on session 3b32614521bb089a94afb2bf32793954 to remote] DEBUG org.apache.http.headers - http-outgoing-24 >> Connection: Keep-Alive
11:23:40.424 [Forwarding clickElement on session 3b32614521bb089a94afb2bf32793954 to remote] DEBUG org.apache.http.headers - http-outgoing-24 >> User-Agent: Apache-HttpClient/4.5.3 (Java/1.8.0_211)
11:23:40.424 [Forwarding clickElement on session 3b32614521bb089a94afb2bf32793954 to remote] DEBUG org.apache.http.headers - http-outgoing-24 >> Accept-Encoding: gzip,deflate
11:23:40.424 [Forwarding clickElement on session 3b32614521bb089a94afb2bf32793954 to remote] DEBUG org.apache.http.wire - http-outgoing-24 >> "POST /session/3b32614521bb089a94afb2bf32793954/element/d29c3767-2137-4d83-bf8c-ea49537a9336/click HTTP/1.1[\r][\n]"
11:23:40.424 [Forwarding clickElement on session 3b32614521bb089a94afb2bf32793954 to remote] DEBUG org.apache.http.wire - http-outgoing-24 >> "Content-Type: application/json; charset=utf-8[\r][\n]"
11:23:40.424 [Forwarding clickElement on session 3b32614521bb089a94afb2bf32793954 to remote] DEBUG org.apache.http.wire - http-outgoing-24 >> "Content-Length: 45[\r][\n]"
11:23:40.424 [Forwarding clickElement on session 3b32614521bb089a94afb2bf32793954 to remote] DEBUG org.apache.http.wire - http-outgoing-24 >> "Host: localhost:15668[\r][\n]"
11:23:40.424 [Forwarding clickElement on session 3b32614521bb089a94afb2bf32793954 to remote] DEBUG org.apache.http.wire - http-outgoing-24 >> "Connection: Keep-Alive[\r][\n]"
11:23:40.424 [Forwarding clickElement on session 3b32614521bb089a94afb2bf32793954 to remote] DEBUG org.apache.http.wire - http-outgoing-24 >> "User-Agent: Apache-HttpClient/4.5.3 (Java/1.8.0_211)[\r][\n]"
11:23:40.424 [Forwarding clickElement on session 3b32614521bb089a94afb2bf32793954 to remote] DEBUG org.apache.http.wire - http-outgoing-24 >> "Accept-Encoding: gzip,deflate[\r][\n]"
11:23:40.424 [Forwarding clickElement on session 3b32614521bb089a94afb2bf32793954 to remote] DEBUG org.apache.http.wire - http-outgoing-24 >> "[\r][\n]"
11:23:40.424 [Forwarding clickElement on session 3b32614521bb089a94afb2bf32793954 to remote] DEBUG org.apache.http.wire - http-outgoing-24 >> "{"id":"d29c3767-2137-4d83-bf8c-ea49537a9336"}"
11:23:40.468 [Forwarding clickElement on session 3b32614521bb089a94afb2bf32793954 to remote] DEBUG org.apache.http.wire - http-outgoing-24 << "HTTP/1.1 200 OK[\r][\n]"
11:23:40.468 [Forwarding clickElement on session 3b32614521bb089a94afb2bf32793954 to remote] DEBUG org.apache.http.wire - http-outgoing-24 << "Content-Length:14[\r][\n]"
11:23:40.468 [Forwarding clickElement on session 3b32614521bb089a94afb2bf32793954 to remote] DEBUG org.apache.http.wire - http-outgoing-24 << "Content-Type:application/json; charset=utf-8[\r][\n]"
11:23:40.468 [Forwarding clickElement on session 3b32614521bb089a94afb2bf32793954 to remote] DEBUG org.apache.http.wire - http-outgoing-24 << "cache-control:no-cache[\r][\n]"
11:23:40.468 [Forwarding clickElement on session 3b32614521bb089a94afb2bf32793954 to remote] DEBUG org.apache.http.wire - http-outgoing-24 << "[\r][\n]"
11:23:40.468 [Forwarding clickElement on session 3b32614521bb089a94afb2bf32793954 to remote] DEBUG org.apache.http.wire - http-outgoing-24 << "{"value":null}"
11:23:40.468 [Forwarding clickElement on session 3b32614521bb089a94afb2bf32793954 to remote] DEBUG org.apache.http.headers - http-outgoing-24 << HTTP/1.1 200 OK
11:23:40.468 [Forwarding clickElement on session 3b32614521bb089a94afb2bf32793954 to remote] DEBUG org.apache.http.headers - http-outgoing-24 << Content-Length:14
11:23:40.468 [Forwarding clickElement on session 3b32614521bb089a94afb2bf32793954 to remote] DEBUG org.apache.http.headers - http-outgoing-24 << Content-Type:application/json; charset=utf-8
11:23:40.468 [Forwarding clickElement on session 3b32614521bb089a94afb2bf32793954 to remote] DEBUG org.apache.http.headers - http-outgoing-24 << cache-control:no-cache
11:23:40.468 [Forwarding clickElement on session 3b32614521bb089a94afb2bf32793954 to remote] DEBUG org.apache.http.impl.execchain.MainClientExec - Connection can be kept alive indefinitely
11:23:40.468 [Forwarding clickElement on session 3b32614521bb089a94afb2bf32793954 to remote] DEBUG org.apache.http.impl.conn.PoolingHttpClientConnectionManager - Connection [id: 24][route: {}->http://localhost:15668] can be kept alive indefinitely
11:23:40.468 [Forwarding clickElement on session 3b32614521bb089a94afb2bf32793954 to remote] DEBUG org.apache.http.impl.conn.PoolingHttpClientConnectionManager - Connection released: [id: 24][route: {}->http://localhost:15668][total kept alive: 25; route allocated: 1 of 2000; total allocated: 25 of 2000]
11:23:40.772 [Forwarding findElement on session 3b32614521bb089a94afb2bf32793954 to remote] DEBUG org.apache.http.client.protocol.RequestAddCookies - CookieSpec selected: default
11:23:40.772 [Forwarding findElement on session 3b32614521bb089a94afb2bf32793954 to remote] DEBUG org.apache.http.client.protocol.RequestAuthCache - Auth cache not set in the context
11:23:40.772 [Forwarding findElement on session 3b32614521bb089a94afb2bf32793954 to remote] DEBUG org.apache.http.impl.conn.PoolingHttpClientConnectionManager - Connection request: [route: {}->http://localhost:15668][total kept alive: 25; route allocated: 1 of 2000; total allocated: 25 of 2000]
11:23:40.772 [Forwarding findElement on session 3b32614521bb089a94afb2bf32793954 to remote] DEBUG org.apache.http.impl.conn.PoolingHttpClientConnectionManager - Connection leased: [id: 24][route: {}->http://localhost:15668][total kept alive: 24; route allocated: 1 of 2000; total allocated: 25 of 2000]
11:23:40.772 [Forwarding findElement on session 3b32614521bb089a94afb2bf32793954 to remote] DEBUG org.apache.http.impl.execchain.MainClientExec - Stale connection check
11:23:40.774 [Forwarding findElement on session 3b32614521bb089a94afb2bf32793954 to remote] DEBUG org.apache.http.wire - http-outgoing-24 << "[read] I/O error: Read timed out"
11:23:40.774 [Forwarding findElement on session 3b32614521bb089a94afb2bf32793954 to remote] DEBUG org.apache.http.impl.conn.DefaultManagedHttpClientConnection - http-outgoing-24: set socket timeout to 10800000
11:23:40.774 [Forwarding findElement on session 3b32614521bb089a94afb2bf32793954 to remote] DEBUG org.apache.http.impl.execchain.MainClientExec - Executing request POST /session/3b32614521bb089a94afb2bf32793954/element HTTP/1.1
11:23:40.774 [Forwarding findElement on session 3b32614521bb089a94afb2bf32793954 to remote] DEBUG org.apache.http.impl.execchain.MainClientExec - Target auth state: UNCHALLENGED
11:23:40.774 [Forwarding findElement on session 3b32614521bb089a94afb2bf32793954 to remote] DEBUG org.apache.http.impl.execchain.MainClientExec - Proxy auth state: UNCHALLENGED
11:23:40.774 [Forwarding findElement on session 3b32614521bb089a94afb2bf32793954 to remote] DEBUG org.apache.http.headers - http-outgoing-24 >> POST /session/3b32614521bb089a94afb2bf32793954/element HTTP/1.1
11:23:40.774 [Forwarding findElement on session 3b32614521bb089a94afb2bf32793954 to remote] DEBUG org.apache.http.headers - http-outgoing-24 >> Content-Type: application/json; charset=utf-8
11:23:40.774 [Forwarding findElement on session 3b32614521bb089a94afb2bf32793954 to remote] DEBUG org.apache.http.headers - http-outgoing-24 >> Content-Length: 100
11:23:40.774 [Forwarding findElement on session 3b32614521bb089a94afb2bf32793954 to remote] DEBUG org.apache.http.headers - http-outgoing-24 >> Host: localhost:15668
11:23:40.774 [Forwarding findElement on session 3b32614521bb089a94afb2bf32793954 to remote] DEBUG org.apache.http.headers - http-outgoing-24 >> Connection: Keep-Alive
11:23:40.774 [Forwarding findElement on session 3b32614521bb089a94afb2bf32793954 to remote] DEBUG org.apache.http.headers - http-outgoing-24 >> User-Agent: Apache-HttpClient/4.5.3 (Java/1.8.0_211)
11:23:40.774 [Forwarding findElement on session 3b32614521bb089a94afb2bf32793954 to remote] DEBUG org.apache.http.headers - http-outgoing-24 >> Accept-Encoding: gzip,deflate
11:23:40.774 [Forwarding findElement on session 3b32614521bb089a94afb2bf32793954 to remote] DEBUG org.apache.http.wire - http-outgoing-24 >> "POST /session/3b32614521bb089a94afb2bf32793954/element HTTP/1.1[\r][\n]"
11:23:40.774 [Forwarding findElement on session 3b32614521bb089a94afb2bf32793954 to remote] DEBUG org.apache.http.wire - http-outgoing-24 >> "Content-Type: application/json; charset=utf-8[\r][\n]"
11:23:40.774 [Forwarding findElement on session 3b32614521bb089a94afb2bf32793954 to remote] DEBUG org.apache.http.wire - http-outgoing-24 >> "Content-Length: 100[\r][\n]"
11:23:40.774 [Forwarding findElement on session 3b32614521bb089a94afb2bf32793954 to remote] DEBUG org.apache.http.wire - http-outgoing-24 >> "Host: localhost:15668[\r][\n]"
11:23:40.774 [Forwarding findElement on session 3b32614521bb089a94afb2bf32793954 to remote] DEBUG org.apache.http.wire - http-outgoing-24 >> "Connection: Keep-Alive[\r][\n]"
11:23:40.774 [Forwarding findElement on session 3b32614521bb089a94afb2bf32793954 to remote] DEBUG org.apache.http.wire - http-outgoing-24 >> "User-Agent: Apache-HttpClient/4.5.3 (Java/1.8.0_211)[\r][\n]"
11:23:40.774 [Forwarding findElement on session 3b32614521bb089a94afb2bf32793954 to remote] DEBUG org.apache.http.wire - http-outgoing-24 >> "Accept-Encoding: gzip,deflate[\r][\n]"
11:23:40.774 [Forwarding findElement on session 3b32614521bb089a94afb2bf32793954 to remote] DEBUG org.apache.http.wire - http-outgoing-24 >> "[\r][\n]"
11:23:40.774 [Forwarding findElement on session 3b32614521bb089a94afb2bf32793954 to remote] DEBUG org.apache.http.wire - http-outgoing-24 >> "{"value":"//*[@id=\"root\"]/main/div/div/div[1]/div[1]/span/div/div/span/div/a/div","using":"xpath"}"
11:23:43.560 [Forwarding findElement on session 3b32614521bb089a94afb2bf32793954 to remote] DEBUG org.apache.http.wire - http-outgoing-24 << "HTTP/1.1 200 OK[\r][\n]"
11:23:43.560 [Forwarding findElement on session 3b32614521bb089a94afb2bf32793954 to remote] DEBUG org.apache.http.wire - http-outgoing-24 << "Content-Length:88[\r][\n]"
11:23:43.560 [Forwarding findElement on session 3b32614521bb089a94afb2bf32793954 to remote] DEBUG org.apache.http.wire - http-outgoing-24 << "Content-Type:application/json; charset=utf-8[\r][\n]"
11:23:43.560 [Forwarding findElement on session 3b32614521bb089a94afb2bf32793954 to remote] DEBUG org.apache.http.wire - http-outgoing-24 << "cache-control:no-cache[\r][\n]"
11:23:43.560 [Forwarding findElement on session 3b32614521bb089a94afb2bf32793954 to remote] DEBUG org.apache.http.wire - http-outgoing-24 << "[\r][\n]"
11:23:43.560 [Forwarding findElement on session 3b32614521bb089a94afb2bf32793954 to remote] DEBUG org.apache.http.wire - http-outgoing-24 << "{"value":{"element-6066-11e4-a52e-4f735466cecf":"99db5327-9229-44a6-a1ce-303d15c613f1"}}"
11:23:43.560 [Forwarding findElement on session 3b32614521bb089a94afb2bf32793954 to remote] DEBUG org.apache.http.headers - http-outgoing-24 << HTTP/1.1 200 OK
11:23:43.560 [Forwarding findElement on session 3b32614521bb089a94afb2bf32793954 to remote] DEBUG org.apache.http.headers - http-outgoing-24 << Content-Length:88
11:23:43.560 [Forwarding findElement on session 3b32614521bb089a94afb2bf32793954 to remote] DEBUG org.apache.http.headers - http-outgoing-24 << Content-Type:application/json; charset=utf-8
11:23:43.560 [Forwarding findElement on session 3b32614521bb089a94afb2bf32793954 to remote] DEBUG org.apache.http.headers - http-outgoing-24 << cache-control:no-cache
11:23:43.560 [Forwarding findElement on session 3b32614521bb089a94afb2bf32793954 to remote] DEBUG org.apache.http.impl.execchain.MainClientExec - Connection can be kept alive indefinitely
11:23:43.561 [Forwarding findElement on session 3b32614521bb089a94afb2bf32793954 to remote] DEBUG org.apache.http.impl.conn.PoolingHttpClientConnectionManager - Connection [id: 24][route: {}->http://localhost:15668] can be kept alive indefinitely
11:23:43.561 [Forwarding findElement on session 3b32614521bb089a94afb2bf32793954 to remote] DEBUG org.apache.http.impl.conn.PoolingHttpClientConnectionManager - Connection released: [id: 24][route: {}->http://localhost:15668][total kept alive: 25; route allocated: 1 of 2000; total allocated: 25 of 2000]
11:23:43.561 [Forwarding getElementText on session 3b32614521bb089a94afb2bf32793954 to remote] DEBUG org.apache.http.client.protocol.RequestAddCookies - CookieSpec selected: default
11:23:43.561 [Forwarding getElementText on session 3b32614521bb089a94afb2bf32793954 to remote] DEBUG org.apache.http.client.protocol.RequestAuthCache - Auth cache not set in the context
11:23:43.561 [Forwarding getElementText on session 3b32614521bb089a94afb2bf32793954 to remote] DEBUG org.apache.http.impl.conn.PoolingHttpClientConnectionManager - Connection request: [route: {}->http://localhost:15668][total kept alive: 25; route allocated: 1 of 2000; total allocated: 25 of 2000]
11:23:43.561 [Forwarding getElementText on session 3b32614521bb089a94afb2bf32793954 to remote] DEBUG org.apache.http.impl.conn.PoolingHttpClientConnectionManager - Connection leased: [id: 24][route: {}->http://localhost:15668][total kept alive: 24; route allocated: 1 of 2000; total allocated: 25 of 2000]
11:23:43.561 [Forwarding getElementText on session 3b32614521bb089a94afb2bf32793954 to remote] DEBUG org.apache.http.impl.execchain.MainClientExec - Stale connection check
11:23:43.562 [Forwarding getElementText on session 3b32614521bb089a94afb2bf32793954 to remote] DEBUG org.apache.http.wire - http-outgoing-24 << "[read] I/O error: Read timed out"
11:23:43.562 [Forwarding getElementText on session 3b32614521bb089a94afb2bf32793954 to remote] DEBUG org.apache.http.impl.conn.DefaultManagedHttpClientConnection - http-outgoing-24: set socket timeout to 10800000
11:23:43.562 [Forwarding getElementText on session 3b32614521bb089a94afb2bf32793954 to remote] DEBUG org.apache.http.impl.execchain.MainClientExec - Executing request GET /session/3b32614521bb089a94afb2bf32793954/element/99db5327-9229-44a6-a1ce-303d15c613f1/text HTTP/1.1
11:23:43.562 [Forwarding getElementText on session 3b32614521bb089a94afb2bf32793954 to remote] DEBUG org.apache.http.impl.execchain.MainClientExec - Target auth state: UNCHALLENGED
11:23:43.562 [Forwarding getElementText on session 3b32614521bb089a94afb2bf32793954 to remote] DEBUG org.apache.http.impl.execchain.MainClientExec - Proxy auth state: UNCHALLENGED
11:23:43.562 [Forwarding getElementText on session 3b32614521bb089a94afb2bf32793954 to remote] DEBUG org.apache.http.headers - http-outgoing-24 >> GET /session/3b32614521bb089a94afb2bf32793954/element/99db5327-9229-44a6-a1ce-303d15c613f1/text HTTP/1.1
11:23:43.562 [Forwarding getElementText on session 3b32614521bb089a94afb2bf32793954 to remote] DEBUG org.apache.http.headers - http-outgoing-24 >> Cache-Control: no-cache
11:23:43.562 [Forwarding getElementText on session 3b32614521bb089a94afb2bf32793954 to remote] DEBUG org.apache.http.headers - http-outgoing-24 >> Host: localhost:15668
11:23:43.562 [Forwarding getElementText on session 3b32614521bb089a94afb2bf32793954 to remote] DEBUG org.apache.http.headers - http-outgoing-24 >> Connection: Keep-Alive
11:23:43.562 [Forwarding getElementText on session 3b32614521bb089a94afb2bf32793954 to remote] DEBUG org.apache.http.headers - http-outgoing-24 >> User-Agent: Apache-HttpClient/4.5.3 (Java/1.8.0_211)
11:23:43.562 [Forwarding getElementText on session 3b32614521bb089a94afb2bf32793954 to remote] DEBUG org.apache.http.headers - http-outgoing-24 >> Accept-Encoding: gzip,deflate
11:23:43.562 [Forwarding getElementText on session 3b32614521bb089a94afb2bf32793954 to remote] DEBUG org.apache.http.wire - http-outgoing-24 >> "GET /session/3b32614521bb089a94afb2bf32793954/element/99db5327-9229-44a6-a1ce-303d15c613f1/text HTTP/1.1[\r][\n]"
11:23:43.562 [Forwarding getElementText on session 3b32614521bb089a94afb2bf32793954 to remote] DEBUG org.apache.http.wire - http-outgoing-24 >> "Cache-Control: no-cache[\r][\n]"
11:23:43.562 [Forwarding getElementText on session 3b32614521bb089a94afb2bf32793954 to remote] DEBUG org.apache.http.wire - http-outgoing-24 >> "Host: localhost:15668[\r][\n]"
11:23:43.562 [Forwarding getElementText on session 3b32614521bb089a94afb2bf32793954 to remote] DEBUG org.apache.http.wire - http-outgoing-24 >> "Connection: Keep-Alive[\r][\n]"
11:23:43.562 [Forwarding getElementText on session 3b32614521bb089a94afb2bf32793954 to remote] DEBUG org.apache.http.wire - http-outgoing-24 >> "User-Agent: Apache-HttpClient/4.5.3 (Java/1.8.0_211)[\r][\n]"
11:23:43.562 [Forwarding getElementText on session 3b32614521bb089a94afb2bf32793954 to remote] DEBUG org.apache.http.wire - http-outgoing-24 >> "Accept-Encoding: gzip,deflate[\r][\n]"
11:23:43.562 [Forwarding getElementText on session 3b32614521bb089a94afb2bf32793954 to remote] DEBUG org.apache.http.wire - http-outgoing-24 >> "[\r][\n]"
11:23:43.569 [Forwarding getElementText on session 3b32614521bb089a94afb2bf32793954 to remote] DEBUG org.apache.http.wire - http-outgoing-24 << "HTTP/1.1 200 OK[\r][\n]"
11:23:43.569 [Forwarding getElementText on session 3b32614521bb089a94afb2bf32793954 to remote] DEBUG org.apache.http.wire - http-outgoing-24 << "Content-Length:46[\r][\n]"
11:23:43.569 [Forwarding getElementText on session 3b32614521bb089a94afb2bf32793954 to remote] DEBUG org.apache.http.wire - http-outgoing-24 << "Content-Type:application/json; charset=utf-8[\r][\n]"
11:23:43.569 [Forwarding getElementText on session 3b32614521bb089a94afb2bf32793954 to remote] DEBUG org.apache.http.wire - http-outgoing-24 << "cache-control:no-cache[\r][\n]"
11:23:43.569 [Forwarding getElementText on session 3b32614521bb089a94afb2bf32793954 to remote] DEBUG org.apache.http.wire - http-outgoing-24 << "[\r][\n]"
11:23:43.569 [Forwarding getElementText on session 3b32614521bb089a94afb2bf32793954 to remote] DEBUG org.apache.http.wire - http-outgoing-24 << "{"value":"TN2jfdYCX9vvozqjwVvPjMd7vRj8HKyxUe"}"
11:23:43.569 [Forwarding getElementText on session 3b32614521bb089a94afb2bf32793954 to remote] DEBUG org.apache.http.headers - http-outgoing-24 << HTTP/1.1 200 OK
11:23:43.569 [Forwarding getElementText on session 3b32614521bb089a94afb2bf32793954 to remote] DEBUG org.apache.http.headers - http-outgoing-24 << Content-Length:46
11:23:43.569 [Forwarding getElementText on session 3b32614521bb089a94afb2bf32793954 to remote] DEBUG org.apache.http.headers - http-outgoing-24 << Content-Type:application/json; charset=utf-8
11:23:43.569 [Forwarding getElementText on session 3b32614521bb089a94afb2bf32793954 to remote] DEBUG org.apache.http.headers - http-outgoing-24 << cache-control:no-cache
11:23:43.569 [Forwarding getElementText on session 3b32614521bb089a94afb2bf32793954 to remote] DEBUG org.apache.http.impl.execchain.MainClientExec - Connection can be kept alive indefinitely
11:23:43.569 [Forwarding getElementText on session 3b32614521bb089a94afb2bf32793954 to remote] DEBUG org.apache.http.impl.conn.PoolingHttpClientConnectionManager - Connection [id: 24][route: {}->http://localhost:15668] can be kept alive indefinitely
11:23:43.569 [Forwarding getElementText on session 3b32614521bb089a94afb2bf32793954 to remote] DEBUG org.apache.http.impl.conn.PoolingHttpClientConnectionManager - Connection released: [id: 24][route: {}->http://localhost:15668][total kept alive: 25; route allocated: 1 of 2000; total allocated: 25 of 2000]
11:23:48.484 [Forwarding findElement on session 0ec875875a3991ccdfed2525b0d42cb1 to remote] DEBUG org.apache.http.client.protocol.RequestAddCookies - CookieSpec selected: default
11:23:48.484 [Forwarding findElement on session 0ec875875a3991ccdfed2525b0d42cb1 to remote] DEBUG org.apache.http.client.protocol.RequestAuthCache - Auth cache not set in the context
11:23:48.484 [Forwarding findElement on session 0ec875875a3991ccdfed2525b0d42cb1 to remote] DEBUG org.apache.http.impl.conn.PoolingHttpClientConnectionManager - Connection request: [route: {}->http://localhost:33678][total kept alive: 26; route allocated: 1 of 2000; total allocated: 26 of 2000]
11:23:48.484 [Forwarding findElement on session 0ec875875a3991ccdfed2525b0d42cb1 to remote] DEBUG org.apache.http.impl.conn.PoolingHttpClientConnectionManager - Connection leased: [id: 25][route: {}->http://localhost:33678][total kept alive: 25; route allocated: 1 of 2000; total allocated: 26 of 2000]
11:23:48.484 [Forwarding findElement on session 0ec875875a3991ccdfed2525b0d42cb1 to remote] DEBUG org.apache.http.impl.execchain.MainClientExec - Stale connection check
11:23:48.486 [Forwarding findElement on session 0ec875875a3991ccdfed2525b0d42cb1 to remote] DEBUG org.apache.http.wire - http-outgoing-25 << "[read] I/O error: Read timed out"
11:23:48.486 [Forwarding findElement on session 0ec875875a3991ccdfed2525b0d42cb1 to remote] DEBUG org.apache.http.impl.conn.DefaultManagedHttpClientConnection - http-outgoing-25: set socket timeout to 10800000
11:23:48.486 [Forwarding findElement on session 0ec875875a3991ccdfed2525b0d42cb1 to remote] DEBUG org.apache.http.impl.execchain.MainClientExec - Executing request POST /session/0ec875875a3991ccdfed2525b0d42cb1/element HTTP/1.1
11:23:48.486 [Forwarding findElement on session 0ec875875a3991ccdfed2525b0d42cb1 to remote] DEBUG org.apache.http.impl.execchain.MainClientExec - Target auth state: UNCHALLENGED
11:23:48.486 [Forwarding findElement on session 0ec875875a3991ccdfed2525b0d42cb1 to remote] DEBUG org.apache.http.impl.execchain.MainClientExec - Proxy auth state: UNCHALLENGED
11:23:48.486 [Forwarding findElement on session 0ec875875a3991ccdfed2525b0d42cb1 to remote] DEBUG org.apache.http.headers - http-outgoing-25 >> POST /session/0ec875875a3991ccdfed2525b0d42cb1/element HTTP/1.1
11:23:48.486 [Forwarding findElement on session 0ec875875a3991ccdfed2525b0d42cb1 to remote] DEBUG org.apache.http.headers - http-outgoing-25 >> Content-Type: application/json; charset=utf-8
11:23:48.486 [Forwarding findElement on session 0ec875875a3991ccdfed2525b0d42cb1 to remote] DEBUG org.apache.http.headers - http-outgoing-25 >> Content-Length: 85
11:23:48.486 [Forwarding findElement on session 0ec875875a3991ccdfed2525b0d42cb1 to remote] DEBUG org.apache.http.headers - http-outgoing-25 >> Host: localhost:33678
11:23:48.486 [Forwarding findElement on session 0ec875875a3991ccdfed2525b0d42cb1 to remote] DEBUG org.apache.http.headers - http-outgoing-25 >> Connection: Keep-Alive
11:23:48.486 [Forwarding findElement on session 0ec875875a3991ccdfed2525b0d42cb1 to remote] DEBUG org.apache.http.headers - http-outgoing-25 >> User-Agent: Apache-HttpClient/4.5.3 (Java/1.8.0_211)
11:23:48.486 [Forwarding findElement on session 0ec875875a3991ccdfed2525b0d42cb1 to remote] DEBUG org.apache.http.headers - http-outgoing-25 >> Accept-Encoding: gzip,deflate
11:23:48.486 [Forwarding findElement on session 0ec875875a3991ccdfed2525b0d42cb1 to remote] DEBUG org.apache.http.wire - http-outgoing-25 >> "POST /session/0ec875875a3991ccdfed2525b0d42cb1/element HTTP/1.1[\r][\n]"
11:23:48.486 [Forwarding findElement on session 0ec875875a3991ccdfed2525b0d42cb1 to remote] DEBUG org.apache.http.wire - http-outgoing-25 >> "Content-Type: application/json; charset=utf-8[\r][\n]"
11:23:48.486 [Forwarding findElement on session 0ec875875a3991ccdfed2525b0d42cb1 to remote] DEBUG org.apache.http.wire - http-outgoing-25 >> "Content-Length: 85[\r][\n]"
11:23:48.486 [Forwarding findElement on session 0ec875875a3991ccdfed2525b0d42cb1 to remote] DEBUG org.apache.http.wire - http-outgoing-25 >> "Host: localhost:33678[\r][\n]"
11:23:48.486 [Forwarding findElement on session 0ec875875a3991ccdfed2525b0d42cb1 to remote] DEBUG org.apache.http.wire - http-outgoing-25 >> "Connection: Keep-Alive[\r][\n]"
11:23:48.486 [Forwarding findElement on session 0ec875875a3991ccdfed2525b0d42cb1 to remote] DEBUG org.apache.http.wire - http-outgoing-25 >> "User-Agent: Apache-HttpClient/4.5.3 (Java/1.8.0_211)[\r][\n]"
11:23:48.486 [Forwarding findElement on session 0ec875875a3991ccdfed2525b0d42cb1 to remote] DEBUG org.apache.http.wire - http-outgoing-25 >> "Accept-Encoding: gzip,deflate[\r][\n]"
11:23:48.486 [Forwarding findElement on session 0ec875875a3991ccdfed2525b0d42cb1 to remote] DEBUG org.apache.http.wire - http-outgoing-25 >> "[\r][\n]"
11:23:48.486 [Forwarding findElement on session 0ec875875a3991ccdfed2525b0d42cb1 to remote] DEBUG org.apache.http.wire - http-outgoing-25 >> "{"value":"//*[@id=\"root\"]/div[1]/div[2]/div/div/div/div/div/input","using":"xpath"}"
11:23:48.493 [Forwarding findElement on session 0ec875875a3991ccdfed2525b0d42cb1 to remote] DEBUG org.apache.http.wire - http-outgoing-25 << "HTTP/1.1 200 OK[\r][\n]"
11:23:48.493 [Forwarding findElement on session 0ec875875a3991ccdfed2525b0d42cb1 to remote] DEBUG org.apache.http.wire - http-outgoing-25 << "Content-Length:88[\r][\n]"
11:23:48.493 [Forwarding findElement on session 0ec875875a3991ccdfed2525b0d42cb1 to remote] DEBUG org.apache.http.wire - http-outgoing-25 << "Content-Type:application/json; charset=utf-8[\r][\n]"
11:23:48.493 [Forwarding findElement on session 0ec875875a3991ccdfed2525b0d42cb1 to remote] DEBUG org.apache.http.wire - http-outgoing-25 << "cache-control:no-cache[\r][\n]"
11:23:48.493 [Forwarding findElement on session 0ec875875a3991ccdfed2525b0d42cb1 to remote] DEBUG org.apache.http.wire - http-outgoing-25 << "[\r][\n]"
11:23:48.493 [Forwarding findElement on session 0ec875875a3991ccdfed2525b0d42cb1 to remote] DEBUG org.apache.http.wire - http-outgoing-25 << "{"value":{"element-6066-11e4-a52e-4f735466cecf":"8338aa63-ebad-46ff-8a82-e4a8e43e6530"}}"
11:23:48.493 [Forwarding findElement on session 0ec875875a3991ccdfed2525b0d42cb1 to remote] DEBUG org.apache.http.headers - http-outgoing-25 << HTTP/1.1 200 OK
11:23:48.493 [Forwarding findElement on session 0ec875875a3991ccdfed2525b0d42cb1 to remote] DEBUG org.apache.http.headers - http-outgoing-25 << Content-Length:88
11:23:48.493 [Forwarding findElement on session 0ec875875a3991ccdfed2525b0d42cb1 to remote] DEBUG org.apache.http.headers - http-outgoing-25 << Content-Type:application/json; charset=utf-8
11:23:48.493 [Forwarding findElement on session 0ec875875a3991ccdfed2525b0d42cb1 to remote] DEBUG org.apache.http.headers - http-outgoing-25 << cache-control:no-cache
11:23:48.493 [Forwarding findElement on session 0ec875875a3991ccdfed2525b0d42cb1 to remote] DEBUG org.apache.http.impl.execchain.MainClientExec - Connection can be kept alive indefinitely
11:23:48.493 [Forwarding findElement on session 0ec875875a3991ccdfed2525b0d42cb1 to remote] DEBUG org.apache.http.impl.conn.PoolingHttpClientConnectionManager - Connection [id: 25][route: {}->http://localhost:33678] can be kept alive indefinitely
11:23:48.493 [Forwarding findElement on session 0ec875875a3991ccdfed2525b0d42cb1 to remote] DEBUG org.apache.http.impl.conn.PoolingHttpClientConnectionManager - Connection released: [id: 25][route: {}->http://localhost:33678][total kept alive: 26; route allocated: 1 of 2000; total allocated: 26 of 2000]
11:23:48.493 [Forwarding sendKeysToElement on session 0ec875875a3991ccdfed2525b0d42cb1 to remote] DEBUG org.apache.http.client.protocol.RequestAddCookies - CookieSpec selected: default
11:23:48.493 [Forwarding sendKeysToElement on session 0ec875875a3991ccdfed2525b0d42cb1 to remote] DEBUG org.apache.http.client.protocol.RequestAuthCache - Auth cache not set in the context
11:23:48.493 [Forwarding sendKeysToElement on session 0ec875875a3991ccdfed2525b0d42cb1 to remote] DEBUG org.apache.http.impl.conn.PoolingHttpClientConnectionManager - Connection request: [route: {}->http://localhost:33678][total kept alive: 26; route allocated: 1 of 2000; total allocated: 26 of 2000]
11:23:48.493 [Forwarding sendKeysToElement on session 0ec875875a3991ccdfed2525b0d42cb1 to remote] DEBUG org.apache.http.impl.conn.PoolingHttpClientConnectionManager - Connection leased: [id: 25][route: {}->http://localhost:33678][total kept alive: 25; route allocated: 1 of 2000; total allocated: 26 of 2000]
11:23:48.493 [Forwarding sendKeysToElement on session 0ec875875a3991ccdfed2525b0d42cb1 to remote] DEBUG org.apache.http.impl.execchain.MainClientExec - Stale connection check
11:23:48.495 [Forwarding sendKeysToElement on session 0ec875875a3991ccdfed2525b0d42cb1 to remote] DEBUG org.apache.http.wire - http-outgoing-25 << "[read] I/O error: Read timed out"
11:23:48.495 [Forwarding sendKeysToElement on session 0ec875875a3991ccdfed2525b0d42cb1 to remote] DEBUG org.apache.http.impl.conn.DefaultManagedHttpClientConnection - http-outgoing-25: set socket timeout to 10800000
11:23:48.495 [Forwarding sendKeysToElement on session 0ec875875a3991ccdfed2525b0d42cb1 to remote] DEBUG org.apache.http.impl.execchain.MainClientExec - Executing request POST /session/0ec875875a3991ccdfed2525b0d42cb1/element/8338aa63-ebad-46ff-8a82-e4a8e43e6530/value HTTP/1.1
11:23:48.495 [Forwarding sendKeysToElement on session 0ec875875a3991ccdfed2525b0d42cb1 to remote] DEBUG org.apache.http.impl.execchain.MainClientExec - Target auth state: UNCHALLENGED
11:23:48.495 [Forwarding sendKeysToElement on session 0ec875875a3991ccdfed2525b0d42cb1 to remote] DEBUG org.apache.http.impl.execchain.MainClientExec - Proxy auth state: UNCHALLENGED
11:23:48.495 [Forwarding sendKeysToElement on session 0ec875875a3991ccdfed2525b0d42cb1 to remote] DEBUG org.apache.http.headers - http-outgoing-25 >> POST /session/0ec875875a3991ccdfed2525b0d42cb1/element/8338aa63-ebad-46ff-8a82-e4a8e43e6530/value HTTP/1.1
11:23:48.495 [Forwarding sendKeysToElement on session 0ec875875a3991ccdfed2525b0d42cb1 to remote] DEBUG org.apache.http.headers - http-outgoing-25 >> Content-Type: application/json; charset=utf-8
11:23:48.495 [Forwarding sendKeysToElement on session 0ec875875a3991ccdfed2525b0d42cb1 to remote] DEBUG org.apache.http.headers - http-outgoing-25 >> Content-Length: 235
11:23:48.495 [Forwarding sendKeysToElement on session 0ec875875a3991ccdfed2525b0d42cb1 to remote] DEBUG org.apache.http.headers - http-outgoing-25 >> Host: localhost:33678
11:23:48.495 [Forwarding sendKeysToElement on session 0ec875875a3991ccdfed2525b0d42cb1 to remote] DEBUG org.apache.http.headers - http-outgoing-25 >> Connection: Keep-Alive
11:23:48.495 [Forwarding sendKeysToElement on session 0ec875875a3991ccdfed2525b0d42cb1 to remote] DEBUG org.apache.http.headers - http-outgoing-25 >> User-Agent: Apache-HttpClient/4.5.3 (Java/1.8.0_211)
11:23:48.495 [Forwarding sendKeysToElement on session 0ec875875a3991ccdfed2525b0d42cb1 to remote] DEBUG org.apache.http.headers - http-outgoing-25 >> Accept-Encoding: gzip,deflate
11:23:48.495 [Forwarding sendKeysToElement on session 0ec875875a3991ccdfed2525b0d42cb1 to remote] DEBUG org.apache.http.wire - http-outgoing-25 >> "POST /session/0ec875875a3991ccdfed2525b0d42cb1/element/8338aa63-ebad-46ff-8a82-e4a8e43e6530/value HTTP/1.1[\r][\n]"
11:23:48.495 [Forwarding sendKeysToElement on session 0ec875875a3991ccdfed2525b0d42cb1 to remote] DEBUG org.apache.http.wire - http-outgoing-25 >> "Content-Type: application/json; charset=utf-8[\r][\n]"
11:23:48.495 [Forwarding sendKeysToElement on session 0ec875875a3991ccdfed2525b0d42cb1 to remote] DEBUG org.apache.http.wire - http-outgoing-25 >> "Content-Length: 235[\r][\n]"
11:23:48.495 [Forwarding sendKeysToElement on session 0ec875875a3991ccdfed2525b0d42cb1 to remote] DEBUG org.apache.http.wire - http-outgoing-25 >> "Host: localhost:33678[\r][\n]"
11:23:48.495 [Forwarding sendKeysToElement on session 0ec875875a3991ccdfed2525b0d42cb1 to remote] DEBUG org.apache.http.wire - http-outgoing-25 >> "Connection: Keep-Alive[\r][\n]"
11:23:48.495 [Forwarding sendKeysToElement on session 0ec875875a3991ccdfed2525b0d42cb1 to remote] DEBUG org.apache.http.wire - http-outgoing-25 >> "User-Agent: Apache-HttpClient/4.5.3 (Java/1.8.0_211)[\r][\n]"
11:23:48.495 [Forwarding sendKeysToElement on session 0ec875875a3991ccdfed2525b0d42cb1 to remote] DEBUG org.apache.http.wire - http-outgoing-25 >> "Accept-Encoding: gzip,deflate[\r][\n]"
11:23:48.495 [Forwarding sendKeysToElement on session 0ec875875a3991ccdfed2525b0d42cb1 to remote] DEBUG org.apache.http.wire - http-outgoing-25 >> "[\r][\n]"
11:23:48.495 [Forwarding sendKeysToElement on session 0ec875875a3991ccdfed2525b0d42cb1 to remote] DEBUG org.apache.http.wire - http-outgoing-25 >> "{"id":"8338aa63-ebad-46ff-8a82-e4a8e43e6530","text":"TVRqMwBZU13c4wx6Hi6jqroCnYv2nrqQU1","value":["T","V","R","q","M","w","B","Z","U","1","3","c","4","w","x","6","H","i","6","j","q","r","o","C","n","Y","v","2","n","r","q","Q","U","1"]}"
11:23:48.889 [Forwarding sendKeysToElement on session 0ec875875a3991ccdfed2525b0d42cb1 to remote] DEBUG org.apache.http.wire - http-outgoing-25 << "HTTP/1.1 200 OK[\r][\n]"
11:23:48.889 [Forwarding sendKeysToElement on session 0ec875875a3991ccdfed2525b0d42cb1 to remote] DEBUG org.apache.http.wire - http-outgoing-25 << "Content-Length:14[\r][\n]"
11:23:48.889 [Forwarding sendKeysToElement on session 0ec875875a3991ccdfed2525b0d42cb1 to remote] DEBUG org.apache.http.wire - http-outgoing-25 << "Content-Type:application/json; charset=utf-8[\r][\n]"
11:23:48.889 [Forwarding sendKeysToElement on session 0ec875875a3991ccdfed2525b0d42cb1 to remote] DEBUG org.apache.http.wire - http-outgoing-25 << "cache-control:no-cache[\r][\n]"
11:23:48.889 [Forwarding sendKeysToElement on session 0ec875875a3991ccdfed2525b0d42cb1 to remote] DEBUG org.apache.http.wire - http-outgoing-25 << "[\r][\n]"
11:23:48.889 [Forwarding sendKeysToElement on session 0ec875875a3991ccdfed2525b0d42cb1 to remote] DEBUG org.apache.http.wire - http-outgoing-25 << "{"value":null}"
11:23:48.889 [Forwarding sendKeysToElement on session 0ec875875a3991ccdfed2525b0d42cb1 to remote] DEBUG org.apache.http.headers - http-outgoing-25 << HTTP/1.1 200 OK
11:23:48.889 [Forwarding sendKeysToElement on session 0ec875875a3991ccdfed2525b0d42cb1 to remote] DEBUG org.apache.http.headers - http-outgoing-25 << Content-Length:14
11:23:48.889 [Forwarding sendKeysToElement on session 0ec875875a3991ccdfed2525b0d42cb1 to remote] DEBUG org.apache.http.headers - http-outgoing-25 << Content-Type:application/json; charset=utf-8
11:23:48.889 [Forwarding sendKeysToElement on session 0ec875875a3991ccdfed2525b0d42cb1 to remote] DEBUG org.apache.http.headers - http-outgoing-25 << cache-control:no-cache
11:23:48.890 [Forwarding sendKeysToElement on session 0ec875875a3991ccdfed2525b0d42cb1 to remote] DEBUG org.apache.http.impl.execchain.MainClientExec - Connection can be kept alive indefinitely
11:23:48.890 [Forwarding sendKeysToElement on session 0ec875875a3991ccdfed2525b0d42cb1 to remote] DEBUG org.apache.http.impl.conn.PoolingHttpClientConnectionManager - Connection [id: 25][route: {}->http://localhost:33678] can be kept alive indefinitely
11:23:48.890 [Forwarding sendKeysToElement on session 0ec875875a3991ccdfed2525b0d42cb1 to remote] DEBUG org.apache.http.impl.conn.PoolingHttpClientConnectionManager - Connection released: [id: 25][route: {}->http://localhost:33678][total kept alive: 26; route allocated: 1 of 2000; total allocated: 26 of 2000]
11:23:49.193 [Forwarding findElement on session 0ec875875a3991ccdfed2525b0d42cb1 to remote] DEBUG org.apache.http.client.protocol.RequestAddCookies - CookieSpec selected: default
11:23:49.193 [Forwarding findElement on session 0ec875875a3991ccdfed2525b0d42cb1 to remote] DEBUG org.apache.http.client.protocol.RequestAuthCache - Auth cache not set in the context
11:23:49.193 [Forwarding findElement on session 0ec875875a3991ccdfed2525b0d42cb1 to remote] DEBUG org.apache.http.impl.conn.PoolingHttpClientConnectionManager - Connection request: [route: {}->http://localhost:33678][total kept alive: 26; route allocated: 1 of 2000; total allocated: 26 of 2000]
11:23:49.193 [Forwarding findElement on session 0ec875875a3991ccdfed2525b0d42cb1 to remote] DEBUG org.apache.http.impl.conn.PoolingHttpClientConnectionManager - Connection leased: [id: 25][route: {}->http://localhost:33678][total kept alive: 25; route allocated: 1 of 2000; total allocated: 26 of 2000]
11:23:49.193 [Forwarding findElement on session 0ec875875a3991ccdfed2525b0d42cb1 to remote] DEBUG org.apache.http.impl.execchain.MainClientExec - Stale connection check
11:23:49.194 [Forwarding findElement on session 0ec875875a3991ccdfed2525b0d42cb1 to remote] DEBUG org.apache.http.wire - http-outgoing-25 << "[read] I/O error: Read timed out"
11:23:49.194 [Forwarding findElement on session 0ec875875a3991ccdfed2525b0d42cb1 to remote] DEBUG org.apache.http.impl.conn.DefaultManagedHttpClientConnection - http-outgoing-25: set socket timeout to 10800000
11:23:49.194 [Forwarding findElement on session 0ec875875a3991ccdfed2525b0d42cb1 to remote] DEBUG org.apache.http.impl.execchain.MainClientExec - Executing request POST /session/0ec875875a3991ccdfed2525b0d42cb1/element HTTP/1.1
11:23:49.194 [Forwarding findElement on session 0ec875875a3991ccdfed2525b0d42cb1 to remote] DEBUG org.apache.http.impl.execchain.MainClientExec - Target auth state: UNCHALLENGED
11:23:49.194 [Forwarding findElement on session 0ec875875a3991ccdfed2525b0d42cb1 to remote] DEBUG org.apache.http.impl.execchain.MainClientExec - Proxy auth state: UNCHALLENGED
11:23:49.194 [Forwarding findElement on session 0ec875875a3991ccdfed2525b0d42cb1 to remote] DEBUG org.apache.http.headers - http-outgoing-25 >> POST /session/0ec875875a3991ccdfed2525b0d42cb1/element HTTP/1.1
11:23:49.194 [Forwarding findElement on session 0ec875875a3991ccdfed2525b0d42cb1 to remote] DEBUG org.apache.http.headers - http-outgoing-25 >> Content-Type: application/json; charset=utf-8
11:23:49.194 [Forwarding findElement on session 0ec875875a3991ccdfed2525b0d42cb1 to remote] DEBUG org.apache.http.headers - http-outgoing-25 >> Content-Length: 69
11:23:49.194 [Forwarding findElement on session 0ec875875a3991ccdfed2525b0d42cb1 to remote] DEBUG org.apache.http.headers - http-outgoing-25 >> Host: localhost:33678
11:23:49.194 [Forwarding findElement on session 0ec875875a3991ccdfed2525b0d42cb1 to remote] DEBUG org.apache.http.headers - http-outgoing-25 >> Connection: Keep-Alive
11:23:49.194 [Forwarding findElement on session 0ec875875a3991ccdfed2525b0d42cb1 to remote] DEBUG org.apache.http.headers - http-outgoing-25 >> User-Agent: Apache-HttpClient/4.5.3 (Java/1.8.0_211)
11:23:49.194 [Forwarding findElement on session 0ec875875a3991ccdfed2525b0d42cb1 to remote] DEBUG org.apache.http.headers - http-outgoing-25 >> Accept-Encoding: gzip,deflate
11:23:49.194 [Forwarding findElement on session 0ec875875a3991ccdfed2525b0d42cb1 to remote] DEBUG org.apache.http.wire - http-outgoing-25 >> "POST /session/0ec875875a3991ccdfed2525b0d42cb1/element HTTP/1.1[\r][\n]"
11:23:49.194 [Forwarding findElement on session 0ec875875a3991ccdfed2525b0d42cb1 to remote] DEBUG org.apache.http.wire - http-outgoing-25 >> "Content-Type: application/json; charset=utf-8[\r][\n]"
11:23:49.194 [Forwarding findElement on session 0ec875875a3991ccdfed2525b0d42cb1 to remote] DEBUG org.apache.http.wire - http-outgoing-25 >> "Content-Length: 69[\r][\n]"
11:23:49.194 [Forwarding findElement on session 0ec875875a3991ccdfed2525b0d42cb1 to remote] DEBUG org.apache.http.wire - http-outgoing-25 >> "Host: localhost:33678[\r][\n]"
11:23:49.194 [Forwarding findElement on session 0ec875875a3991ccdfed2525b0d42cb1 to remote] DEBUG org.apache.http.wire - http-outgoing-25 >> "Connection: Keep-Alive[\r][\n]"
11:23:49.194 [Forwarding findElement on session 0ec875875a3991ccdfed2525b0d42cb1 to remote] DEBUG org.apache.http.wire - http-outgoing-25 >> "User-Agent: Apache-HttpClient/4.5.3 (Java/1.8.0_211)[\r][\n]"
11:23:49.194 [Forwarding findElement on session 0ec875875a3991ccdfed2525b0d42cb1 to remote] DEBUG org.apache.http.wire - http-outgoing-25 >> "Accept-Encoding: gzip,deflate[\r][\n]"
11:23:49.194 [Forwarding findElement on session 0ec875875a3991ccdfed2525b0d42cb1 to remote] DEBUG org.apache.http.wire - http-outgoing-25 >> "[\r][\n]"
11:23:49.194 [Forwarding findElement on session 0ec875875a3991ccdfed2525b0d42cb1 to remote] DEBUG org.apache.http.wire - http-outgoing-25 >> "{"value":"//*[@id=\"_searchBox\"]/a/div/span/strong","using":"xpath"}"
11:23:55.895 [Forwarding findElement on session 0ec875875a3991ccdfed2525b0d42cb1 to remote] DEBUG org.apache.http.wire - http-outgoing-25 << "HTTP/1.1 200 OK[\r][\n]"
11:23:55.895 [Forwarding findElement on session 0ec875875a3991ccdfed2525b0d42cb1 to remote] DEBUG org.apache.http.wire - http-outgoing-25 << "Content-Length:88[\r][\n]"
11:23:55.895 [Forwarding findElement on session 0ec875875a3991ccdfed2525b0d42cb1 to remote] DEBUG org.apache.http.wire - http-outgoing-25 << "Content-Type:application/json; charset=utf-8[\r][\n]"
11:23:55.895 [Forwarding findElement on session 0ec875875a3991ccdfed2525b0d42cb1 to remote] DEBUG org.apache.http.wire - http-outgoing-25 << "cache-control:no-cache[\r][\n]"
11:23:55.895 [Forwarding findElement on session 0ec875875a3991ccdfed2525b0d42cb1 to remote] DEBUG org.apache.http.wire - http-outgoing-25 << "[\r][\n]"
11:23:55.895 [Forwarding findElement on session 0ec875875a3991ccdfed2525b0d42cb1 to remote] DEBUG org.apache.http.wire - http-outgoing-25 << "{"value":{"element-6066-11e4-a52e-4f735466cecf":"660398d9-df4e-42ce-acd0-772df320a7b5"}}"
11:23:55.895 [Forwarding findElement on session 0ec875875a3991ccdfed2525b0d42cb1 to remote] DEBUG org.apache.http.headers - http-outgoing-25 << HTTP/1.1 200 OK
11:23:55.895 [Forwarding findElement on session 0ec875875a3991ccdfed2525b0d42cb1 to remote] DEBUG org.apache.http.headers - http-outgoing-25 << Content-Length:88
11:23:55.895 [Forwarding findElement on session 0ec875875a3991ccdfed2525b0d42cb1 to remote] DEBUG org.apache.http.headers - http-outgoing-25 << Content-Type:application/json; charset=utf-8
11:23:55.895 [Forwarding findElement on session 0ec875875a3991ccdfed2525b0d42cb1 to remote] DEBUG org.apache.http.headers - http-outgoing-25 << cache-control:no-cache
11:23:55.895 [Forwarding findElement on session 0ec875875a3991ccdfed2525b0d42cb1 to remote] DEBUG org.apache.http.impl.execchain.MainClientExec - Connection can be kept alive indefinitely
11:23:55.895 [Forwarding findElement on session 0ec875875a3991ccdfed2525b0d42cb1 to remote] DEBUG org.apache.http.impl.conn.PoolingHttpClientConnectionManager - Connection [id: 25][route: {}->http://localhost:33678] can be kept alive indefinitely
11:23:55.895 [Forwarding findElement on session 0ec875875a3991ccdfed2525b0d42cb1 to remote] DEBUG org.apache.http.impl.conn.PoolingHttpClientConnectionManager - Connection released: [id: 25][route: {}->http://localhost:33678][total kept alive: 26; route allocated: 1 of 2000; total allocated: 26 of 2000]
11:23:55.896 [Forwarding getElementText on session 0ec875875a3991ccdfed2525b0d42cb1 to remote] DEBUG org.apache.http.client.protocol.RequestAddCookies - CookieSpec selected: default
11:23:55.896 [Forwarding getElementText on session 0ec875875a3991ccdfed2525b0d42cb1 to remote] DEBUG org.apache.http.client.protocol.RequestAuthCache - Auth cache not set in the context
11:23:55.896 [Forwarding getElementText on session 0ec875875a3991ccdfed2525b0d42cb1 to remote] DEBUG org.apache.http.impl.conn.PoolingHttpClientConnectionManager - Connection request: [route: {}->http://localhost:33678][total kept alive: 26; route allocated: 1 of 2000; total allocated: 26 of 2000]
11:23:55.896 [Forwarding getElementText on session 0ec875875a3991ccdfed2525b0d42cb1 to remote] DEBUG org.apache.http.impl.conn.PoolingHttpClientConnectionManager - Connection leased: [id: 25][route: {}->http://localhost:33678][total kept alive: 25; route allocated: 1 of 2000; total allocated: 26 of 2000]
11:23:55.896 [Forwarding getElementText on session 0ec875875a3991ccdfed2525b0d42cb1 to remote] DEBUG org.apache.http.impl.execchain.MainClientExec - Stale connection check
11:23:55.897 [Forwarding getElementText on session 0ec875875a3991ccdfed2525b0d42cb1 to remote] DEBUG org.apache.http.wire - http-outgoing-25 << "[read] I/O error: Read timed out"
11:23:55.897 [Forwarding getElementText on session 0ec875875a3991ccdfed2525b0d42cb1 to remote] DEBUG org.apache.http.impl.conn.DefaultManagedHttpClientConnection - http-outgoing-25: set socket timeout to 10800000
11:23:55.897 [Forwarding getElementText on session 0ec875875a3991ccdfed2525b0d42cb1 to remote] DEBUG org.apache.http.impl.execchain.MainClientExec - Executing request GET /session/0ec875875a3991ccdfed2525b0d42cb1/element/660398d9-df4e-42ce-acd0-772df320a7b5/text HTTP/1.1
11:23:55.897 [Forwarding getElementText on session 0ec875875a3991ccdfed2525b0d42cb1 to remote] DEBUG org.apache.http.impl.execchain.MainClientExec - Target auth state: UNCHALLENGED
11:23:55.897 [Forwarding getElementText on session 0ec875875a3991ccdfed2525b0d42cb1 to remote] DEBUG org.apache.http.impl.execchain.MainClientExec - Proxy auth state: UNCHALLENGED
11:23:55.897 [Forwarding getElementText on session 0ec875875a3991ccdfed2525b0d42cb1 to remote] DEBUG org.apache.http.headers - http-outgoing-25 >> GET /session/0ec875875a3991ccdfed2525b0d42cb1/element/660398d9-df4e-42ce-acd0-772df320a7b5/text HTTP/1.1
11:23:55.897 [Forwarding getElementText on session 0ec875875a3991ccdfed2525b0d42cb1 to remote] DEBUG org.apache.http.headers - http-outgoing-25 >> Cache-Control: no-cache
11:23:55.897 [Forwarding getElementText on session 0ec875875a3991ccdfed2525b0d42cb1 to remote] DEBUG org.apache.http.headers - http-outgoing-25 >> Host: localhost:33678
11:23:55.897 [Forwarding getElementText on session 0ec875875a3991ccdfed2525b0d42cb1 to remote] DEBUG org.apache.http.headers - http-outgoing-25 >> Connection: Keep-Alive
11:23:55.897 [Forwarding getElementText on session 0ec875875a3991ccdfed2525b0d42cb1 to remote] DEBUG org.apache.http.headers - http-outgoing-25 >> User-Agent: Apache-HttpClient/4.5.3 (Java/1.8.0_211)
11:23:55.897 [Forwarding getElementText on session 0ec875875a3991ccdfed2525b0d42cb1 to remote] DEBUG org.apache.http.headers - http-outgoing-25 >> Accept-Encoding: gzip,deflate
11:23:55.897 [Forwarding getElementText on session 0ec875875a3991ccdfed2525b0d42cb1 to remote] DEBUG org.apache.http.wire - http-outgoing-25 >> "GET /session/0ec875875a3991ccdfed2525b0d42cb1/element/660398d9-df4e-42ce-acd0-772df320a7b5/text HTTP/1.1[\r][\n]"
11:23:55.897 [Forwarding getElementText on session 0ec875875a3991ccdfed2525b0d42cb1 to remote] DEBUG org.apache.http.wire - http-outgoing-25 >> "Cache-Control: no-cache[\r][\n]"
11:23:55.897 [Forwarding getElementText on session 0ec875875a3991ccdfed2525b0d42cb1 to remote] DEBUG org.apache.http.wire - http-outgoing-25 >> "Host: localhost:33678[\r][\n]"
11:23:55.897 [Forwarding getElementText on session 0ec875875a3991ccdfed2525b0d42cb1 to remote] DEBUG org.apache.http.wire - http-outgoing-25 >> "Connection: Keep-Alive[\r][\n]"
11:23:55.897 [Forwarding getElementText on session 0ec875875a3991ccdfed2525b0d42cb1 to remote] DEBUG org.apache.http.wire - http-outgoing-25 >> "User-Agent: Apache-HttpClient/4.5.3 (Java/1.8.0_211)[\r][\n]"
11:23:55.897 [Forwarding getElementText on session 0ec875875a3991ccdfed2525b0d42cb1 to remote] DEBUG org.apache.http.wire - http-outgoing-25 >> "Accept-Encoding: gzip,deflate[\r][\n]"
11:23:55.897 [Forwarding getElementText on session 0ec875875a3991ccdfed2525b0d42cb1 to remote] DEBUG org.apache.http.wire - http-outgoing-25 >> "[\r][\n]"
11:23:55.903 [Forwarding getElementText on session 0ec875875a3991ccdfed2525b0d42cb1 to remote] DEBUG org.apache.http.wire - http-outgoing-25 << "HTTP/1.1 200 OK[\r][\n]"
11:23:55.903 [Forwarding getElementText on session 0ec875875a3991ccdfed2525b0d42cb1 to remote] DEBUG org.apache.http.wire - http-outgoing-25 << "Content-Length:46[\r][\n]"
11:23:55.903 [Forwarding getElementText on session 0ec875875a3991ccdfed2525b0d42cb1 to remote] DEBUG org.apache.http.wire - http-outgoing-25 << "Content-Type:application/json; charset=utf-8[\r][\n]"
11:23:55.903 [Forwarding getElementText on session 0ec875875a3991ccdfed2525b0d42cb1 to remote] DEBUG org.apache.http.wire - http-outgoing-25 << "cache-control:no-cache[\r][\n]"
11:23:55.903 [Forwarding getElementText on session 0ec875875a3991ccdfed2525b0d42cb1 to remote] DEBUG org.apache.http.wire - http-outgoing-25 << "[\r][\n]"
11:23:55.903 [Forwarding getElementText on session 0ec875875a3991ccdfed2525b0d42cb1 to remote] DEBUG org.apache.http.wire - http-outgoing-25 << "{"value":"TVRqMwBZU13c4wx6Hi6jqroCnYv2nrqQU1"}"
11:23:55.903 [Forwarding getElementText on session 0ec875875a3991ccdfed2525b0d42cb1 to remote] DEBUG org.apache.http.headers - http-outgoing-25 << HTTP/1.1 200 OK
11:23:55.903 [Forwarding getElementText on session 0ec875875a3991ccdfed2525b0d42cb1 to remote] DEBUG org.apache.http.headers - http-outgoing-25 << Content-Length:46
11:23:55.903 [Forwarding getElementText on session 0ec875875a3991ccdfed2525b0d42cb1 to remote] DEBUG org.apache.http.headers - http-outgoing-25 << Content-Type:application/json; charset=utf-8
11:23:55.903 [Forwarding getElementText on session 0ec875875a3991ccdfed2525b0d42cb1 to remote] DEBUG org.apache.http.headers - http-outgoing-25 << cache-control:no-cache
11:23:55.903 [Forwarding getElementText on session 0ec875875a3991ccdfed2525b0d42cb1 to remote] DEBUG org.apache.http.impl.execchain.MainClientExec - Connection can be kept alive indefinitely
11:23:55.903 [Forwarding getElementText on session 0ec875875a3991ccdfed2525b0d42cb1 to remote] DEBUG org.apache.http.impl.conn.PoolingHttpClientConnectionManager - Connection [id: 25][route: {}->http://localhost:33678] can be kept alive indefinitely
11:23:55.903 [Forwarding getElementText on session 0ec875875a3991ccdfed2525b0d42cb1 to remote] DEBUG org.apache.http.impl.conn.PoolingHttpClientConnectionManager - Connection released: [id: 25][route: {}->http://localhost:33678][total kept alive: 26; route allocated: 1 of 2000; total allocated: 26 of 2000]
11:23:55.904 [Forwarding findElement on session 0ec875875a3991ccdfed2525b0d42cb1 to remote] DEBUG org.apache.http.client.protocol.RequestAddCookies - CookieSpec selected: default
11:23:55.904 [Forwarding findElement on session 0ec875875a3991ccdfed2525b0d42cb1 to remote] DEBUG org.apache.http.client.protocol.RequestAuthCache - Auth cache not set in the context
11:23:55.904 [Forwarding findElement on session 0ec875875a3991ccdfed2525b0d42cb1 to remote] DEBUG org.apache.http.impl.conn.PoolingHttpClientConnectionManager - Connection request: [route: {}->http://localhost:33678][total kept alive: 26; route allocated: 1 of 2000; total allocated: 26 of 2000]
11:23:55.904 [Forwarding findElement on session 0ec875875a3991ccdfed2525b0d42cb1 to remote] DEBUG org.apache.http.impl.conn.PoolingHttpClientConnectionManager - Connection leased: [id: 25][route: {}->http://localhost:33678][total kept alive: 25; route allocated: 1 of 2000; total allocated: 26 of 2000]
11:23:55.904 [Forwarding findElement on session 0ec875875a3991ccdfed2525b0d42cb1 to remote] DEBUG org.apache.http.impl.execchain.MainClientExec - Stale connection check
11:23:55.905 [Forwarding findElement on session 0ec875875a3991ccdfed2525b0d42cb1 to remote] DEBUG org.apache.http.wire - http-outgoing-25 << "[read] I/O error: Read timed out"
11:23:55.905 [Forwarding findElement on session 0ec875875a3991ccdfed2525b0d42cb1 to remote] DEBUG org.apache.http.impl.conn.DefaultManagedHttpClientConnection - http-outgoing-25: set socket timeout to 10800000
11:23:55.905 [Forwarding findElement on session 0ec875875a3991ccdfed2525b0d42cb1 to remote] DEBUG org.apache.http.impl.execchain.MainClientExec - Executing request POST /session/0ec875875a3991ccdfed2525b0d42cb1/element HTTP/1.1
11:23:55.905 [Forwarding findElement on session 0ec875875a3991ccdfed2525b0d42cb1 to remote] DEBUG org.apache.http.impl.execchain.MainClientExec - Target auth state: UNCHALLENGED
11:23:55.905 [Forwarding findElement on session 0ec875875a3991ccdfed2525b0d42cb1 to remote] DEBUG org.apache.http.impl.execchain.MainClientExec - Proxy auth state: UNCHALLENGED
11:23:55.905 [Forwarding findElement on session 0ec875875a3991ccdfed2525b0d42cb1 to remote] DEBUG org.apache.http.headers - http-outgoing-25 >> POST /session/0ec875875a3991ccdfed2525b0d42cb1/element HTTP/1.1
11:23:55.905 [Forwarding findElement on session 0ec875875a3991ccdfed2525b0d42cb1 to remote] DEBUG org.apache.http.headers - http-outgoing-25 >> Content-Type: application/json; charset=utf-8
11:23:55.905 [Forwarding findElement on session 0ec875875a3991ccdfed2525b0d42cb1 to remote] DEBUG org.apache.http.headers - http-outgoing-25 >> Content-Length: 53
11:23:55.905 [Forwarding findElement on session 0ec875875a3991ccdfed2525b0d42cb1 to remote] DEBUG org.apache.http.headers - http-outgoing-25 >> Host: localhost:33678
11:23:55.905 [Forwarding findElement on session 0ec875875a3991ccdfed2525b0d42cb1 to remote] DEBUG org.apache.http.headers - http-outgoing-25 >> Connection: Keep-Alive
11:23:55.905 [Forwarding findElement on session 0ec875875a3991ccdfed2525b0d42cb1 to remote] DEBUG org.apache.http.headers - http-outgoing-25 >> User-Agent: Apache-HttpClient/4.5.3 (Java/1.8.0_211)
11:23:55.905 [Forwarding findElement on session 0ec875875a3991ccdfed2525b0d42cb1 to remote] DEBUG org.apache.http.headers - http-outgoing-25 >> Accept-Encoding: gzip,deflate
11:23:55.905 [Forwarding findElement on session 0ec875875a3991ccdfed2525b0d42cb1 to remote] DEBUG org.apache.http.wire - http-outgoing-25 >> "POST /session/0ec875875a3991ccdfed2525b0d42cb1/element HTTP/1.1[\r][\n]"
11:23:55.905 [Forwarding findElement on session 0ec875875a3991ccdfed2525b0d42cb1 to remote] DEBUG org.apache.http.wire - http-outgoing-25 >> "Content-Type: application/json; charset=utf-8[\r][\n]"
11:23:55.905 [Forwarding findElement on session 0ec875875a3991ccdfed2525b0d42cb1 to remote] DEBUG org.apache.http.wire - http-outgoing-25 >> "Content-Length: 53[\r][\n]"
11:23:55.905 [Forwarding findElement on session 0ec875875a3991ccdfed2525b0d42cb1 to remote] DEBUG org.apache.http.wire - http-outgoing-25 >> "Host: localhost:33678[\r][\n]"
11:23:55.905 [Forwarding findElement on session 0ec875875a3991ccdfed2525b0d42cb1 to remote] DEBUG org.apache.http.wire - http-outgoing-25 >> "Connection: Keep-Alive[\r][\n]"
11:23:55.905 [Forwarding findElement on session 0ec875875a3991ccdfed2525b0d42cb1 to remote] DEBUG org.apache.http.wire - http-outgoing-25 >> "User-Agent: Apache-HttpClient/4.5.3 (Java/1.8.0_211)[\r][\n]"
11:23:55.905 [Forwarding findElement on session 0ec875875a3991ccdfed2525b0d42cb1 to remote] DEBUG org.apache.http.wire - http-outgoing-25 >> "Accept-Encoding: gzip,deflate[\r][\n]"
11:23:55.905 [Forwarding findElement on session 0ec875875a3991ccdfed2525b0d42cb1 to remote] DEBUG org.apache.http.wire - http-outgoing-25 >> "[\r][\n]"
11:23:55.905 [Forwarding findElement on session 0ec875875a3991ccdfed2525b0d42cb1 to remote] DEBUG org.apache.http.wire - http-outgoing-25 >> "{"value":"//*[@id=\"_searchBox\"]/a","using":"xpath"}"
11:23:55.912 [Forwarding findElement on session 0ec875875a3991ccdfed2525b0d42cb1 to remote] DEBUG org.apache.http.wire - http-outgoing-25 << "HTTP/1.1 200 OK[\r][\n]"
11:23:55.912 [Forwarding findElement on session 0ec875875a3991ccdfed2525b0d42cb1 to remote] DEBUG org.apache.http.wire - http-outgoing-25 << "Content-Length:88[\r][\n]"
11:23:55.912 [Forwarding findElement on session 0ec875875a3991ccdfed2525b0d42cb1 to remote] DEBUG org.apache.http.wire - http-outgoing-25 << "Content-Type:application/json; charset=utf-8[\r][\n]"
11:23:55.912 [Forwarding findElement on session 0ec875875a3991ccdfed2525b0d42cb1 to remote] DEBUG org.apache.http.wire - http-outgoing-25 << "cache-control:no-cache[\r][\n]"
11:23:55.912 [Forwarding findElement on session 0ec875875a3991ccdfed2525b0d42cb1 to remote] DEBUG org.apache.http.wire - http-outgoing-25 << "[\r][\n]"
11:23:55.912 [Forwarding findElement on session 0ec875875a3991ccdfed2525b0d42cb1 to remote] DEBUG org.apache.http.wire - http-outgoing-25 << "{"value":{"element-6066-11e4-a52e-4f735466cecf":"c5572cd7-f8e2-4ef1-8dac-e587d7425816"}}"
11:23:55.912 [Forwarding findElement on session 0ec875875a3991ccdfed2525b0d42cb1 to remote] DEBUG org.apache.http.headers - http-outgoing-25 << HTTP/1.1 200 OK
11:23:55.912 [Forwarding findElement on session 0ec875875a3991ccdfed2525b0d42cb1 to remote] DEBUG org.apache.http.headers - http-outgoing-25 << Content-Length:88
11:23:55.912 [Forwarding findElement on session 0ec875875a3991ccdfed2525b0d42cb1 to remote] DEBUG org.apache.http.headers - http-outgoing-25 << Content-Type:application/json; charset=utf-8
11:23:55.912 [Forwarding findElement on session 0ec875875a3991ccdfed2525b0d42cb1 to remote] DEBUG org.apache.http.headers - http-outgoing-25 << cache-control:no-cache
11:23:55.912 [Forwarding findElement on session 0ec875875a3991ccdfed2525b0d42cb1 to remote] DEBUG org.apache.http.impl.execchain.MainClientExec - Connection can be kept alive indefinitely
11:23:55.912 [Forwarding findElement on session 0ec875875a3991ccdfed2525b0d42cb1 to remote] DEBUG org.apache.http.impl.conn.PoolingHttpClientConnectionManager - Connection [id: 25][route: {}->http://localhost:33678] can be kept alive indefinitely
11:23:55.912 [Forwarding findElement on session 0ec875875a3991ccdfed2525b0d42cb1 to remote] DEBUG org.apache.http.impl.conn.PoolingHttpClientConnectionManager - Connection released: [id: 25][route: {}->http://localhost:33678][total kept alive: 26; route allocated: 1 of 2000; total allocated: 26 of 2000]
11:23:55.913 [Forwarding clickElement on session 0ec875875a3991ccdfed2525b0d42cb1 to remote] DEBUG org.apache.http.client.protocol.RequestAddCookies - CookieSpec selected: default
11:23:55.913 [Forwarding clickElement on session 0ec875875a3991ccdfed2525b0d42cb1 to remote] DEBUG org.apache.http.client.protocol.RequestAuthCache - Auth cache not set in the context
11:23:55.913 [Forwarding clickElement on session 0ec875875a3991ccdfed2525b0d42cb1 to remote] DEBUG org.apache.http.impl.conn.PoolingHttpClientConnectionManager - Connection request: [route: {}->http://localhost:33678][total kept alive: 26; route allocated: 1 of 2000; total allocated: 26 of 2000]
11:23:55.913 [Forwarding clickElement on session 0ec875875a3991ccdfed2525b0d42cb1 to remote] DEBUG org.apache.http.impl.conn.PoolingHttpClientConnectionManager - Connection leased: [id: 25][route: {}->http://localhost:33678][total kept alive: 25; route allocated: 1 of 2000; total allocated: 26 of 2000]
11:23:55.913 [Forwarding clickElement on session 0ec875875a3991ccdfed2525b0d42cb1 to remote] DEBUG org.apache.http.impl.execchain.MainClientExec - Stale connection check
11:23:55.914 [Forwarding clickElement on session 0ec875875a3991ccdfed2525b0d42cb1 to remote] DEBUG org.apache.http.wire - http-outgoing-25 << "[read] I/O error: Read timed out"
11:23:55.914 [Forwarding clickElement on session 0ec875875a3991ccdfed2525b0d42cb1 to remote] DEBUG org.apache.http.impl.conn.DefaultManagedHttpClientConnection - http-outgoing-25: set socket timeout to 10800000
11:23:55.914 [Forwarding clickElement on session 0ec875875a3991ccdfed2525b0d42cb1 to remote] DEBUG org.apache.http.impl.execchain.MainClientExec - Executing request POST /session/0ec875875a3991ccdfed2525b0d42cb1/element/c5572cd7-f8e2-4ef1-8dac-e587d7425816/click HTTP/1.1
11:23:55.914 [Forwarding clickElement on session 0ec875875a3991ccdfed2525b0d42cb1 to remote] DEBUG org.apache.http.impl.execchain.MainClientExec - Target auth state: UNCHALLENGED
11:23:55.914 [Forwarding clickElement on session 0ec875875a3991ccdfed2525b0d42cb1 to remote] DEBUG org.apache.http.impl.execchain.MainClientExec - Proxy auth state: UNCHALLENGED
11:23:55.914 [Forwarding clickElement on session 0ec875875a3991ccdfed2525b0d42cb1 to remote] DEBUG org.apache.http.headers - http-outgoing-25 >> POST /session/0ec875875a3991ccdfed2525b0d42cb1/element/c5572cd7-f8e2-4ef1-8dac-e587d7425816/click HTTP/1.1
11:23:55.914 [Forwarding clickElement on session 0ec875875a3991ccdfed2525b0d42cb1 to remote] DEBUG org.apache.http.headers - http-outgoing-25 >> Content-Type: application/json; charset=utf-8
11:23:55.914 [Forwarding clickElement on session 0ec875875a3991ccdfed2525b0d42cb1 to remote] DEBUG org.apache.http.headers - http-outgoing-25 >> Content-Length: 45
11:23:55.914 [Forwarding clickElement on session 0ec875875a3991ccdfed2525b0d42cb1 to remote] DEBUG org.apache.http.headers - http-outgoing-25 >> Host: localhost:33678
11:23:55.914 [Forwarding clickElement on session 0ec875875a3991ccdfed2525b0d42cb1 to remote] DEBUG org.apache.http.headers - http-outgoing-25 >> Connection: Keep-Alive
11:23:55.914 [Forwarding clickElement on session 0ec875875a3991ccdfed2525b0d42cb1 to remote] DEBUG org.apache.http.headers - http-outgoing-25 >> User-Agent: Apache-HttpClient/4.5.3 (Java/1.8.0_211)
11:23:55.914 [Forwarding clickElement on session 0ec875875a3991ccdfed2525b0d42cb1 to remote] DEBUG org.apache.http.headers - http-outgoing-25 >> Accept-Encoding: gzip,deflate
11:23:55.914 [Forwarding clickElement on session 0ec875875a3991ccdfed2525b0d42cb1 to remote] DEBUG org.apache.http.wire - http-outgoing-25 >> "POST /session/0ec875875a3991ccdfed2525b0d42cb1/element/c5572cd7-f8e2-4ef1-8dac-e587d7425816/click HTTP/1.1[\r][\n]"
11:23:55.914 [Forwarding clickElement on session 0ec875875a3991ccdfed2525b0d42cb1 to remote] DEBUG org.apache.http.wire - http-outgoing-25 >> "Content-Type: application/json; charset=utf-8[\r][\n]"
11:23:55.914 [Forwarding clickElement on session 0ec875875a3991ccdfed2525b0d42cb1 to remote] DEBUG org.apache.http.wire - http-outgoing-25 >> "Content-Length: 45[\r][\n]"
11:23:55.914 [Forwarding clickElement on session 0ec875875a3991ccdfed2525b0d42cb1 to remote] DEBUG org.apache.http.wire - http-outgoing-25 >> "Host: localhost:33678[\r][\n]"
11:23:55.914 [Forwarding clickElement on session 0ec875875a3991ccdfed2525b0d42cb1 to remote] DEBUG org.apache.http.wire - http-outgoing-25 >> "Connection: Keep-Alive[\r][\n]"
11:23:55.914 [Forwarding clickElement on session 0ec875875a3991ccdfed2525b0d42cb1 to remote] DEBUG org.apache.http.wire - http-outgoing-25 >> "User-Agent: Apache-HttpClient/4.5.3 (Java/1.8.0_211)[\r][\n]"
11:23:55.914 [Forwarding clickElement on session 0ec875875a3991ccdfed2525b0d42cb1 to remote] DEBUG org.apache.http.wire - http-outgoing-25 >> "Accept-Encoding: gzip,deflate[\r][\n]"
11:23:55.914 [Forwarding clickElement on session 0ec875875a3991ccdfed2525b0d42cb1 to remote] DEBUG org.apache.http.wire - http-outgoing-25 >> "[\r][\n]"
11:23:55.914 [Forwarding clickElement on session 0ec875875a3991ccdfed2525b0d42cb1 to remote] DEBUG org.apache.http.wire - http-outgoing-25 >> "{"id":"c5572cd7-f8e2-4ef1-8dac-e587d7425816"}"
11:23:55.974 [Forwarding clickElement on session 0ec875875a3991ccdfed2525b0d42cb1 to remote] DEBUG org.apache.http.wire - http-outgoing-25 << "HTTP/1.1 200 OK[\r][\n]"
11:23:55.974 [Forwarding clickElement on session 0ec875875a3991ccdfed2525b0d42cb1 to remote] DEBUG org.apache.http.wire - http-outgoing-25 << "Content-Length:14[\r][\n]"
11:23:55.974 [Forwarding clickElement on session 0ec875875a3991ccdfed2525b0d42cb1 to remote] DEBUG org.apache.http.wire - http-outgoing-25 << "Content-Type:application/json; charset=utf-8[\r][\n]"
11:23:55.974 [Forwarding clickElement on session 0ec875875a3991ccdfed2525b0d42cb1 to remote] DEBUG org.apache.http.wire - http-outgoing-25 << "cache-control:no-cache[\r][\n]"
11:23:55.974 [Forwarding clickElement on session 0ec875875a3991ccdfed2525b0d42cb1 to remote] DEBUG org.apache.http.wire - http-outgoing-25 << "[\r][\n]"
11:23:55.974 [Forwarding clickElement on session 0ec875875a3991ccdfed2525b0d42cb1 to remote] DEBUG org.apache.http.wire - http-outgoing-25 << "{"value":null}"
11:23:55.974 [Forwarding clickElement on session 0ec875875a3991ccdfed2525b0d42cb1 to remote] DEBUG org.apache.http.headers - http-outgoing-25 << HTTP/1.1 200 OK
11:23:55.974 [Forwarding clickElement on session 0ec875875a3991ccdfed2525b0d42cb1 to remote] DEBUG org.apache.http.headers - http-outgoing-25 << Content-Length:14
11:23:55.974 [Forwarding clickElement on session 0ec875875a3991ccdfed2525b0d42cb1 to remote] DEBUG org.apache.http.headers - http-outgoing-25 << Content-Type:application/json; charset=utf-8
11:23:55.974 [Forwarding clickElement on session 0ec875875a3991ccdfed2525b0d42cb1 to remote] DEBUG org.apache.http.headers - http-outgoing-25 << cache-control:no-cache
11:23:55.974 [Forwarding clickElement on session 0ec875875a3991ccdfed2525b0d42cb1 to remote] DEBUG org.apache.http.impl.execchain.MainClientExec - Connection can be kept alive indefinitely
11:23:55.974 [Forwarding clickElement on session 0ec875875a3991ccdfed2525b0d42cb1 to remote] DEBUG org.apache.http.impl.conn.PoolingHttpClientConnectionManager - Connection [id: 25][route: {}->http://localhost:33678] can be kept alive indefinitely
11:23:55.974 [Forwarding clickElement on session 0ec875875a3991ccdfed2525b0d42cb1 to remote] DEBUG org.apache.http.impl.conn.PoolingHttpClientConnectionManager - Connection released: [id: 25][route: {}->http://localhost:33678][total kept alive: 26; route allocated: 1 of 2000; total allocated: 26 of 2000]
11:23:56.275 [Forwarding findElement on session 0ec875875a3991ccdfed2525b0d42cb1 to remote] DEBUG org.apache.http.client.protocol.RequestAddCookies - CookieSpec selected: default
11:23:56.275 [Forwarding findElement on session 0ec875875a3991ccdfed2525b0d42cb1 to remote] DEBUG org.apache.http.client.protocol.RequestAuthCache - Auth cache not set in the context
11:23:56.275 [Forwarding findElement on session 0ec875875a3991ccdfed2525b0d42cb1 to remote] DEBUG org.apache.http.impl.conn.PoolingHttpClientConnectionManager - Connection request: [route: {}->http://localhost:33678][total kept alive: 26; route allocated: 1 of 2000; total allocated: 26 of 2000]
11:23:56.275 [Forwarding findElement on session 0ec875875a3991ccdfed2525b0d42cb1 to remote] DEBUG org.apache.http.impl.conn.PoolingHttpClientConnectionManager - Connection leased: [id: 25][route: {}->http://localhost:33678][total kept alive: 25; route allocated: 1 of 2000; total allocated: 26 of 2000]
11:23:56.275 [Forwarding findElement on session 0ec875875a3991ccdfed2525b0d42cb1 to remote] DEBUG org.apache.http.impl.execchain.MainClientExec - Stale connection check
11:23:56.276 [Forwarding findElement on session 0ec875875a3991ccdfed2525b0d42cb1 to remote] DEBUG org.apache.http.wire - http-outgoing-25 << "[read] I/O error: Read timed out"
11:23:56.276 [Forwarding findElement on session 0ec875875a3991ccdfed2525b0d42cb1 to remote] DEBUG org.apache.http.impl.conn.DefaultManagedHttpClientConnection - http-outgoing-25: set socket timeout to 10800000
11:23:56.276 [Forwarding findElement on session 0ec875875a3991ccdfed2525b0d42cb1 to remote] DEBUG org.apache.http.impl.execchain.MainClientExec - Executing request POST /session/0ec875875a3991ccdfed2525b0d42cb1/element HTTP/1.1
11:23:56.276 [Forwarding findElement on session 0ec875875a3991ccdfed2525b0d42cb1 to remote] DEBUG org.apache.http.impl.execchain.MainClientExec - Target auth state: UNCHALLENGED
11:23:56.276 [Forwarding findElement on session 0ec875875a3991ccdfed2525b0d42cb1 to remote] DEBUG org.apache.http.impl.execchain.MainClientExec - Proxy auth state: UNCHALLENGED
11:23:56.276 [Forwarding findElement on session 0ec875875a3991ccdfed2525b0d42cb1 to remote] DEBUG org.apache.http.headers - http-outgoing-25 >> POST /session/0ec875875a3991ccdfed2525b0d42cb1/element HTTP/1.1
11:23:56.276 [Forwarding findElement on session 0ec875875a3991ccdfed2525b0d42cb1 to remote] DEBUG org.apache.http.headers - http-outgoing-25 >> Content-Type: application/json; charset=utf-8
11:23:56.276 [Forwarding findElement on session 0ec875875a3991ccdfed2525b0d42cb1 to remote] DEBUG org.apache.http.headers - http-outgoing-25 >> Content-Length: 100
11:23:56.276 [Forwarding findElement on session 0ec875875a3991ccdfed2525b0d42cb1 to remote] DEBUG org.apache.http.headers - http-outgoing-25 >> Host: localhost:33678
11:23:56.276 [Forwarding findElement on session 0ec875875a3991ccdfed2525b0d42cb1 to remote] DEBUG org.apache.http.headers - http-outgoing-25 >> Connection: Keep-Alive
11:23:56.276 [Forwarding findElement on session 0ec875875a3991ccdfed2525b0d42cb1 to remote] DEBUG org.apache.http.headers - http-outgoing-25 >> User-Agent: Apache-HttpClient/4.5.3 (Java/1.8.0_211)
11:23:56.276 [Forwarding findElement on session 0ec875875a3991ccdfed2525b0d42cb1 to remote] DEBUG org.apache.http.headers - http-outgoing-25 >> Accept-Encoding: gzip,deflate
11:23:56.276 [Forwarding findElement on session 0ec875875a3991ccdfed2525b0d42cb1 to remote] DEBUG org.apache.http.wire - http-outgoing-25 >> "POST /session/0ec875875a3991ccdfed2525b0d42cb1/element HTTP/1.1[\r][\n]"
11:23:56.276 [Forwarding findElement on session 0ec875875a3991ccdfed2525b0d42cb1 to remote] DEBUG org.apache.http.wire - http-outgoing-25 >> "Content-Type: application/json; charset=utf-8[\r][\n]"
11:23:56.276 [Forwarding findElement on session 0ec875875a3991ccdfed2525b0d42cb1 to remote] DEBUG org.apache.http.wire - http-outgoing-25 >> "Content-Length: 100[\r][\n]"
11:23:56.276 [Forwarding findElement on session 0ec875875a3991ccdfed2525b0d42cb1 to remote] DEBUG org.apache.http.wire - http-outgoing-25 >> "Host: localhost:33678[\r][\n]"
11:23:56.276 [Forwarding findElement on session 0ec875875a3991ccdfed2525b0d42cb1 to remote] DEBUG org.apache.http.wire - http-outgoing-25 >> "Connection: Keep-Alive[\r][\n]"
11:23:56.276 [Forwarding findElement on session 0ec875875a3991ccdfed2525b0d42cb1 to remote] DEBUG org.apache.http.wire - http-outgoing-25 >> "User-Agent: Apache-HttpClient/4.5.3 (Java/1.8.0_211)[\r][\n]"
11:23:56.276 [Forwarding findElement on session 0ec875875a3991ccdfed2525b0d42cb1 to remote] DEBUG org.apache.http.wire - http-outgoing-25 >> "Accept-Encoding: gzip,deflate[\r][\n]"
11:23:56.276 [Forwarding findElement on session 0ec875875a3991ccdfed2525b0d42cb1 to remote] DEBUG org.apache.http.wire - http-outgoing-25 >> "[\r][\n]"
11:23:56.276 [Forwarding findElement on session 0ec875875a3991ccdfed2525b0d42cb1 to remote] DEBUG org.apache.http.wire - http-outgoing-25 >> "{"value":"//*[@id=\"root\"]/main/div/div/div[1]/div/h6/span/div/div/span/div/a/div","using":"xpath"}"
11:23:56.852 [Forwarding findElement on session 0ec875875a3991ccdfed2525b0d42cb1 to remote] DEBUG org.apache.http.wire - http-outgoing-25 << "HTTP/1.1 200 OK[\r][\n]"
11:23:56.852 [Forwarding findElement on session 0ec875875a3991ccdfed2525b0d42cb1 to remote] DEBUG org.apache.http.wire - http-outgoing-25 << "Content-Length:88[\r][\n]"
11:23:56.852 [Forwarding findElement on session 0ec875875a3991ccdfed2525b0d42cb1 to remote] DEBUG org.apache.http.wire - http-outgoing-25 << "Content-Type:application/json; charset=utf-8[\r][\n]"
11:23:56.852 [Forwarding findElement on session 0ec875875a3991ccdfed2525b0d42cb1 to remote] DEBUG org.apache.http.wire - http-outgoing-25 << "cache-control:no-cache[\r][\n]"
11:23:56.852 [Forwarding findElement on session 0ec875875a3991ccdfed2525b0d42cb1 to remote] DEBUG org.apache.http.wire - http-outgoing-25 << "[\r][\n]"
11:23:56.852 [Forwarding findElement on session 0ec875875a3991ccdfed2525b0d42cb1 to remote] DEBUG org.apache.http.wire - http-outgoing-25 << "{"value":{"element-6066-11e4-a52e-4f735466cecf":"0a60e57d-c629-4753-9cd7-fd4ca78479ea"}}"
11:23:56.852 [Forwarding findElement on session 0ec875875a3991ccdfed2525b0d42cb1 to remote] DEBUG org.apache.http.headers - http-outgoing-25 << HTTP/1.1 200 OK
11:23:56.852 [Forwarding findElement on session 0ec875875a3991ccdfed2525b0d42cb1 to remote] DEBUG org.apache.http.headers - http-outgoing-25 << Content-Length:88
11:23:56.852 [Forwarding findElement on session 0ec875875a3991ccdfed2525b0d42cb1 to remote] DEBUG org.apache.http.headers - http-outgoing-25 << Content-Type:application/json; charset=utf-8
11:23:56.852 [Forwarding findElement on session 0ec875875a3991ccdfed2525b0d42cb1 to remote] DEBUG org.apache.http.headers - http-outgoing-25 << cache-control:no-cache
11:23:56.852 [Forwarding findElement on session 0ec875875a3991ccdfed2525b0d42cb1 to remote] DEBUG org.apache.http.impl.execchain.MainClientExec - Connection can be kept alive indefinitely
11:23:56.852 [Forwarding findElement on session 0ec875875a3991ccdfed2525b0d42cb1 to remote] DEBUG org.apache.http.impl.conn.PoolingHttpClientConnectionManager - Connection [id: 25][route: {}->http://localhost:33678] can be kept alive indefinitely
11:23:56.852 [Forwarding findElement on session 0ec875875a3991ccdfed2525b0d42cb1 to remote] DEBUG org.apache.http.impl.conn.PoolingHttpClientConnectionManager - Connection released: [id: 25][route: {}->http://localhost:33678][total kept alive: 26; route allocated: 1 of 2000; total allocated: 26 of 2000]
11:23:56.853 [Forwarding getElementText on session 0ec875875a3991ccdfed2525b0d42cb1 to remote] DEBUG org.apache.http.client.protocol.RequestAddCookies - CookieSpec selected: default
11:23:56.853 [Forwarding getElementText on session 0ec875875a3991ccdfed2525b0d42cb1 to remote] DEBUG org.apache.http.client.protocol.RequestAuthCache - Auth cache not set in the context
11:23:56.853 [Forwarding getElementText on session 0ec875875a3991ccdfed2525b0d42cb1 to remote] DEBUG org.apache.http.impl.conn.PoolingHttpClientConnectionManager - Connection request: [route: {}->http://localhost:33678][total kept alive: 26; route allocated: 1 of 2000; total allocated: 26 of 2000]
11:23:56.853 [Forwarding getElementText on session 0ec875875a3991ccdfed2525b0d42cb1 to remote] DEBUG org.apache.http.impl.conn.PoolingHttpClientConnectionManager - Connection leased: [id: 25][route: {}->http://localhost:33678][total kept alive: 25; route allocated: 1 of 2000; total allocated: 26 of 2000]
11:23:56.853 [Forwarding getElementText on session 0ec875875a3991ccdfed2525b0d42cb1 to remote] DEBUG org.apache.http.impl.execchain.MainClientExec - Stale connection check
11:23:56.854 [Forwarding getElementText on session 0ec875875a3991ccdfed2525b0d42cb1 to remote] DEBUG org.apache.http.wire - http-outgoing-25 << "[read] I/O error: Read timed out"
11:23:56.854 [Forwarding getElementText on session 0ec875875a3991ccdfed2525b0d42cb1 to remote] DEBUG org.apache.http.impl.conn.DefaultManagedHttpClientConnection - http-outgoing-25: set socket timeout to 10800000
11:23:56.854 [Forwarding getElementText on session 0ec875875a3991ccdfed2525b0d42cb1 to remote] DEBUG org.apache.http.impl.execchain.MainClientExec - Executing request GET /session/0ec875875a3991ccdfed2525b0d42cb1/element/0a60e57d-c629-4753-9cd7-fd4ca78479ea/text HTTP/1.1
11:23:56.854 [Forwarding getElementText on session 0ec875875a3991ccdfed2525b0d42cb1 to remote] DEBUG org.apache.http.impl.execchain.MainClientExec - Target auth state: UNCHALLENGED
11:23:56.854 [Forwarding getElementText on session 0ec875875a3991ccdfed2525b0d42cb1 to remote] DEBUG org.apache.http.impl.execchain.MainClientExec - Proxy auth state: UNCHALLENGED
11:23:56.854 [Forwarding getElementText on session 0ec875875a3991ccdfed2525b0d42cb1 to remote] DEBUG org.apache.http.headers - http-outgoing-25 >> GET /session/0ec875875a3991ccdfed2525b0d42cb1/element/0a60e57d-c629-4753-9cd7-fd4ca78479ea/text HTTP/1.1
11:23:56.854 [Forwarding getElementText on session 0ec875875a3991ccdfed2525b0d42cb1 to remote] DEBUG org.apache.http.headers - http-outgoing-25 >> Cache-Control: no-cache
11:23:56.854 [Forwarding getElementText on session 0ec875875a3991ccdfed2525b0d42cb1 to remote] DEBUG org.apache.http.headers - http-outgoing-25 >> Host: localhost:33678
11:23:56.854 [Forwarding getElementText on session 0ec875875a3991ccdfed2525b0d42cb1 to remote] DEBUG org.apache.http.headers - http-outgoing-25 >> Connection: Keep-Alive
11:23:56.854 [Forwarding getElementText on session 0ec875875a3991ccdfed2525b0d42cb1 to remote] DEBUG org.apache.http.headers - http-outgoing-25 >> User-Agent: Apache-HttpClient/4.5.3 (Java/1.8.0_211)
11:23:56.854 [Forwarding getElementText on session 0ec875875a3991ccdfed2525b0d42cb1 to remote] DEBUG org.apache.http.headers - http-outgoing-25 >> Accept-Encoding: gzip,deflate
11:23:56.854 [Forwarding getElementText on session 0ec875875a3991ccdfed2525b0d42cb1 to remote] DEBUG org.apache.http.wire - http-outgoing-25 >> "GET /session/0ec875875a3991ccdfed2525b0d42cb1/element/0a60e57d-c629-4753-9cd7-fd4ca78479ea/text HTTP/1.1[\r][\n]"
11:23:56.854 [Forwarding getElementText on session 0ec875875a3991ccdfed2525b0d42cb1 to remote] DEBUG org.apache.http.wire - http-outgoing-25 >> "Cache-Control: no-cache[\r][\n]"
11:23:56.854 [Forwarding getElementText on session 0ec875875a3991ccdfed2525b0d42cb1 to remote] DEBUG org.apache.http.wire - http-outgoing-25 >> "Host: localhost:33678[\r][\n]"
11:23:56.854 [Forwarding getElementText on session 0ec875875a3991ccdfed2525b0d42cb1 to remote] DEBUG org.apache.http.wire - http-outgoing-25 >> "Connection: Keep-Alive[\r][\n]"
11:23:56.854 [Forwarding getElementText on session 0ec875875a3991ccdfed2525b0d42cb1 to remote] DEBUG org.apache.http.wire - http-outgoing-25 >> "User-Agent: Apache-HttpClient/4.5.3 (Java/1.8.0_211)[\r][\n]"
11:23:56.854 [Forwarding getElementText on session 0ec875875a3991ccdfed2525b0d42cb1 to remote] DEBUG org.apache.http.wire - http-outgoing-25 >> "Accept-Encoding: gzip,deflate[\r][\n]"
11:23:56.854 [Forwarding getElementText on session 0ec875875a3991ccdfed2525b0d42cb1 to remote] DEBUG org.apache.http.wire - http-outgoing-25 >> "[\r][\n]"
11:23:56.861 [Forwarding getElementText on session 0ec875875a3991ccdfed2525b0d42cb1 to remote] DEBUG org.apache.http.wire - http-outgoing-25 << "HTTP/1.1 200 OK[\r][\n]"
11:23:56.861 [Forwarding getElementText on session 0ec875875a3991ccdfed2525b0d42cb1 to remote] DEBUG org.apache.http.wire - http-outgoing-25 << "Content-Length:46[\r][\n]"
11:23:56.861 [Forwarding getElementText on session 0ec875875a3991ccdfed2525b0d42cb1 to remote] DEBUG org.apache.http.wire - http-outgoing-25 << "Content-Type:application/json; charset=utf-8[\r][\n]"
11:23:56.861 [Forwarding getElementText on session 0ec875875a3991ccdfed2525b0d42cb1 to remote] DEBUG org.apache.http.wire - http-outgoing-25 << "cache-control:no-cache[\r][\n]"
11:23:56.861 [Forwarding getElementText on session 0ec875875a3991ccdfed2525b0d42cb1 to remote] DEBUG org.apache.http.wire - http-outgoing-25 << "[\r][\n]"
11:23:56.861 [Forwarding getElementText on session 0ec875875a3991ccdfed2525b0d42cb1 to remote] DEBUG org.apache.http.wire - http-outgoing-25 << "{"value":"TVRqMwBZU13c4wx6Hi6jqroCnYv2nrqQU1"}"
11:23:56.861 [Forwarding getElementText on session 0ec875875a3991ccdfed2525b0d42cb1 to remote] DEBUG org.apache.http.headers - http-outgoing-25 << HTTP/1.1 200 OK
11:23:56.861 [Forwarding getElementText on session 0ec875875a3991ccdfed2525b0d42cb1 to remote] DEBUG org.apache.http.headers - http-outgoing-25 << Content-Length:46
11:23:56.861 [Forwarding getElementText on session 0ec875875a3991ccdfed2525b0d42cb1 to remote] DEBUG org.apache.http.headers - http-outgoing-25 << Content-Type:application/json; charset=utf-8
11:23:56.861 [Forwarding getElementText on session 0ec875875a3991ccdfed2525b0d42cb1 to remote] DEBUG org.apache.http.headers - http-outgoing-25 << cache-control:no-cache
11:23:56.861 [Forwarding getElementText on session 0ec875875a3991ccdfed2525b0d42cb1 to remote] DEBUG org.apache.http.impl.execchain.MainClientExec - Connection can be kept alive indefinitely
11:23:56.861 [Forwarding getElementText on session 0ec875875a3991ccdfed2525b0d42cb1 to remote] DEBUG org.apache.http.impl.conn.PoolingHttpClientConnectionManager - Connection [id: 25][route: {}->http://localhost:33678] can be kept alive indefinitely
11:23:56.861 [Forwarding getElementText on session 0ec875875a3991ccdfed2525b0d42cb1 to remote] DEBUG org.apache.http.impl.conn.PoolingHttpClientConnectionManager - Connection released: [id: 25][route: {}->http://localhost:33678][total kept alive: 26; route allocated: 1 of 2000; total allocated: 26 of 2000]
11:24:01.627 [Forwarding findElement on session 09126b48cb3f771a6367449044a4d228 to remote] DEBUG org.apache.http.client.protocol.RequestAddCookies - CookieSpec selected: default
11:24:01.627 [Forwarding findElement on session 09126b48cb3f771a6367449044a4d228 to remote] DEBUG org.apache.http.client.protocol.RequestAuthCache - Auth cache not set in the context
11:24:01.627 [Forwarding findElement on session 09126b48cb3f771a6367449044a4d228 to remote] DEBUG org.apache.http.impl.conn.PoolingHttpClientConnectionManager - Connection request: [route: {}->http://localhost:21465][total kept alive: 27; route allocated: 1 of 2000; total allocated: 27 of 2000]
11:24:01.627 [Forwarding findElement on session 09126b48cb3f771a6367449044a4d228 to remote] DEBUG org.apache.http.impl.conn.PoolingHttpClientConnectionManager - Connection leased: [id: 26][route: {}->http://localhost:21465][total kept alive: 26; route allocated: 1 of 2000; total allocated: 27 of 2000]
11:24:01.627 [Forwarding findElement on session 09126b48cb3f771a6367449044a4d228 to remote] DEBUG org.apache.http.impl.execchain.MainClientExec - Stale connection check
11:24:01.629 [Forwarding findElement on session 09126b48cb3f771a6367449044a4d228 to remote] DEBUG org.apache.http.wire - http-outgoing-26 << "[read] I/O error: Read timed out"
11:24:01.629 [Forwarding findElement on session 09126b48cb3f771a6367449044a4d228 to remote] DEBUG org.apache.http.impl.conn.DefaultManagedHttpClientConnection - http-outgoing-26: set socket timeout to 10800000
11:24:01.629 [Forwarding findElement on session 09126b48cb3f771a6367449044a4d228 to remote] DEBUG org.apache.http.impl.execchain.MainClientExec - Executing request POST /session/09126b48cb3f771a6367449044a4d228/element HTTP/1.1
11:24:01.629 [Forwarding findElement on session 09126b48cb3f771a6367449044a4d228 to remote] DEBUG org.apache.http.impl.execchain.MainClientExec - Target auth state: UNCHALLENGED
11:24:01.629 [Forwarding findElement on session 09126b48cb3f771a6367449044a4d228 to remote] DEBUG org.apache.http.impl.execchain.MainClientExec - Proxy auth state: UNCHALLENGED
11:24:01.629 [Forwarding findElement on session 09126b48cb3f771a6367449044a4d228 to remote] DEBUG org.apache.http.headers - http-outgoing-26 >> POST /session/09126b48cb3f771a6367449044a4d228/element HTTP/1.1
11:24:01.629 [Forwarding findElement on session 09126b48cb3f771a6367449044a4d228 to remote] DEBUG org.apache.http.headers - http-outgoing-26 >> Content-Type: application/json; charset=utf-8
11:24:01.629 [Forwarding findElement on session 09126b48cb3f771a6367449044a4d228 to remote] DEBUG org.apache.http.headers - http-outgoing-26 >> Content-Length: 85
11:24:01.629 [Forwarding findElement on session 09126b48cb3f771a6367449044a4d228 to remote] DEBUG org.apache.http.headers - http-outgoing-26 >> Host: localhost:21465
11:24:01.629 [Forwarding findElement on session 09126b48cb3f771a6367449044a4d228 to remote] DEBUG org.apache.http.headers - http-outgoing-26 >> Connection: Keep-Alive
11:24:01.629 [Forwarding findElement on session 09126b48cb3f771a6367449044a4d228 to remote] DEBUG org.apache.http.headers - http-outgoing-26 >> User-Agent: Apache-HttpClient/4.5.3 (Java/1.8.0_211)
11:24:01.629 [Forwarding findElement on session 09126b48cb3f771a6367449044a4d228 to remote] DEBUG org.apache.http.headers - http-outgoing-26 >> Accept-Encoding: gzip,deflate
11:24:01.629 [Forwarding findElement on session 09126b48cb3f771a6367449044a4d228 to remote] DEBUG org.apache.http.wire - http-outgoing-26 >> "POST /session/09126b48cb3f771a6367449044a4d228/element HTTP/1.1[\r][\n]"
11:24:01.629 [Forwarding findElement on session 09126b48cb3f771a6367449044a4d228 to remote] DEBUG org.apache.http.wire - http-outgoing-26 >> "Content-Type: application/json; charset=utf-8[\r][\n]"
11:24:01.629 [Forwarding findElement on session 09126b48cb3f771a6367449044a4d228 to remote] DEBUG org.apache.http.wire - http-outgoing-26 >> "Content-Length: 85[\r][\n]"
11:24:01.629 [Forwarding findElement on session 09126b48cb3f771a6367449044a4d228 to remote] DEBUG org.apache.http.wire - http-outgoing-26 >> "Host: localhost:21465[\r][\n]"
11:24:01.629 [Forwarding findElement on session 09126b48cb3f771a6367449044a4d228 to remote] DEBUG org.apache.http.wire - http-outgoing-26 >> "Connection: Keep-Alive[\r][\n]"
11:24:01.629 [Forwarding findElement on session 09126b48cb3f771a6367449044a4d228 to remote] DEBUG org.apache.http.wire - http-outgoing-26 >> "User-Agent: Apache-HttpClient/4.5.3 (Java/1.8.0_211)[\r][\n]"
11:24:01.629 [Forwarding findElement on session 09126b48cb3f771a6367449044a4d228 to remote] DEBUG org.apache.http.wire - http-outgoing-26 >> "Accept-Encoding: gzip,deflate[\r][\n]"
11:24:01.629 [Forwarding findElement on session 09126b48cb3f771a6367449044a4d228 to remote] DEBUG org.apache.http.wire - http-outgoing-26 >> "[\r][\n]"
11:24:01.629 [Forwarding findElement on session 09126b48cb3f771a6367449044a4d228 to remote] DEBUG org.apache.http.wire - http-outgoing-26 >> "{"value":"//*[@id=\"root\"]/div[1]/div[2]/div/div/div/div/div/input","using":"xpath"}"
11:24:01.635 [Forwarding findElement on session 09126b48cb3f771a6367449044a4d228 to remote] DEBUG org.apache.http.wire - http-outgoing-26 << "HTTP/1.1 200 OK[\r][\n]"
11:24:01.635 [Forwarding findElement on session 09126b48cb3f771a6367449044a4d228 to remote] DEBUG org.apache.http.wire - http-outgoing-26 << "Content-Length:88[\r][\n]"
11:24:01.635 [Forwarding findElement on session 09126b48cb3f771a6367449044a4d228 to remote] DEBUG org.apache.http.wire - http-outgoing-26 << "Content-Type:application/json; charset=utf-8[\r][\n]"
11:24:01.635 [Forwarding findElement on session 09126b48cb3f771a6367449044a4d228 to remote] DEBUG org.apache.http.wire - http-outgoing-26 << "cache-control:no-cache[\r][\n]"
11:24:01.635 [Forwarding findElement on session 09126b48cb3f771a6367449044a4d228 to remote] DEBUG org.apache.http.wire - http-outgoing-26 << "[\r][\n]"
11:24:01.635 [Forwarding findElement on session 09126b48cb3f771a6367449044a4d228 to remote] DEBUG org.apache.http.wire - http-outgoing-26 << "{"value":{"element-6066-11e4-a52e-4f735466cecf":"6797b268-33db-448b-9192-20e9d548e18f"}}"
11:24:01.635 [Forwarding findElement on session 09126b48cb3f771a6367449044a4d228 to remote] DEBUG org.apache.http.headers - http-outgoing-26 << HTTP/1.1 200 OK
11:24:01.635 [Forwarding findElement on session 09126b48cb3f771a6367449044a4d228 to remote] DEBUG org.apache.http.headers - http-outgoing-26 << Content-Length:88
11:24:01.635 [Forwarding findElement on session 09126b48cb3f771a6367449044a4d228 to remote] DEBUG org.apache.http.headers - http-outgoing-26 << Content-Type:application/json; charset=utf-8
11:24:01.635 [Forwarding findElement on session 09126b48cb3f771a6367449044a4d228 to remote] DEBUG org.apache.http.headers - http-outgoing-26 << cache-control:no-cache
11:24:01.635 [Forwarding findElement on session 09126b48cb3f771a6367449044a4d228 to remote] DEBUG org.apache.http.impl.execchain.MainClientExec - Connection can be kept alive indefinitely
11:24:01.635 [Forwarding findElement on session 09126b48cb3f771a6367449044a4d228 to remote] DEBUG org.apache.http.impl.conn.PoolingHttpClientConnectionManager - Connection [id: 26][route: {}->http://localhost:21465] can be kept alive indefinitely
11:24:01.635 [Forwarding findElement on session 09126b48cb3f771a6367449044a4d228 to remote] DEBUG org.apache.http.impl.conn.PoolingHttpClientConnectionManager - Connection released: [id: 26][route: {}->http://localhost:21465][total kept alive: 27; route allocated: 1 of 2000; total allocated: 27 of 2000]
11:24:01.636 [Forwarding sendKeysToElement on session 09126b48cb3f771a6367449044a4d228 to remote] DEBUG org.apache.http.client.protocol.RequestAddCookies - CookieSpec selected: default
11:24:01.636 [Forwarding sendKeysToElement on session 09126b48cb3f771a6367449044a4d228 to remote] DEBUG org.apache.http.client.protocol.RequestAuthCache - Auth cache not set in the context
11:24:01.636 [Forwarding sendKeysToElement on session 09126b48cb3f771a6367449044a4d228 to remote] DEBUG org.apache.http.impl.conn.PoolingHttpClientConnectionManager - Connection request: [route: {}->http://localhost:21465][total kept alive: 27; route allocated: 1 of 2000; total allocated: 27 of 2000]
11:24:01.636 [Forwarding sendKeysToElement on session 09126b48cb3f771a6367449044a4d228 to remote] DEBUG org.apache.http.impl.conn.PoolingHttpClientConnectionManager - Connection leased: [id: 26][route: {}->http://localhost:21465][total kept alive: 26; route allocated: 1 of 2000; total allocated: 27 of 2000]
11:24:01.636 [Forwarding sendKeysToElement on session 09126b48cb3f771a6367449044a4d228 to remote] DEBUG org.apache.http.impl.execchain.MainClientExec - Stale connection check
11:24:01.637 [Forwarding sendKeysToElement on session 09126b48cb3f771a6367449044a4d228 to remote] DEBUG org.apache.http.wire - http-outgoing-26 << "[read] I/O error: Read timed out"
11:24:01.637 [Forwarding sendKeysToElement on session 09126b48cb3f771a6367449044a4d228 to remote] DEBUG org.apache.http.impl.conn.DefaultManagedHttpClientConnection - http-outgoing-26: set socket timeout to 10800000
11:24:01.637 [Forwarding sendKeysToElement on session 09126b48cb3f771a6367449044a4d228 to remote] DEBUG org.apache.http.impl.execchain.MainClientExec - Executing request POST /session/09126b48cb3f771a6367449044a4d228/element/6797b268-33db-448b-9192-20e9d548e18f/value HTTP/1.1
11:24:01.637 [Forwarding sendKeysToElement on session 09126b48cb3f771a6367449044a4d228 to remote] DEBUG org.apache.http.impl.execchain.MainClientExec - Target auth state: UNCHALLENGED
11:24:01.637 [Forwarding sendKeysToElement on session 09126b48cb3f771a6367449044a4d228 to remote] DEBUG org.apache.http.impl.execchain.MainClientExec - Proxy auth state: UNCHALLENGED
11:24:01.637 [Forwarding sendKeysToElement on session 09126b48cb3f771a6367449044a4d228 to remote] DEBUG org.apache.http.headers - http-outgoing-26 >> POST /session/09126b48cb3f771a6367449044a4d228/element/6797b268-33db-448b-9192-20e9d548e18f/value HTTP/1.1
11:24:01.637 [Forwarding sendKeysToElement on session 09126b48cb3f771a6367449044a4d228 to remote] DEBUG org.apache.http.headers - http-outgoing-26 >> Content-Type: application/json; charset=utf-8
11:24:01.637 [Forwarding sendKeysToElement on session 09126b48cb3f771a6367449044a4d228 to remote] DEBUG org.apache.http.headers - http-outgoing-26 >> Content-Length: 80
11:24:01.637 [Forwarding sendKeysToElement on session 09126b48cb3f771a6367449044a4d228 to remote] DEBUG org.apache.http.headers - http-outgoing-26 >> Host: localhost:21465
11:24:01.637 [Forwarding sendKeysToElement on session 09126b48cb3f771a6367449044a4d228 to remote] DEBUG org.apache.http.headers - http-outgoing-26 >> Connection: Keep-Alive
11:24:01.637 [Forwarding sendKeysToElement on session 09126b48cb3f771a6367449044a4d228 to remote] DEBUG org.apache.http.headers - http-outgoing-26 >> User-Agent: Apache-HttpClient/4.5.3 (Java/1.8.0_211)
11:24:01.637 [Forwarding sendKeysToElement on session 09126b48cb3f771a6367449044a4d228 to remote] DEBUG org.apache.http.headers - http-outgoing-26 >> Accept-Encoding: gzip,deflate
11:24:01.637 [Forwarding sendKeysToElement on session 09126b48cb3f771a6367449044a4d228 to remote] DEBUG org.apache.http.wire - http-outgoing-26 >> "POST /session/09126b48cb3f771a6367449044a4d228/element/6797b268-33db-448b-9192-20e9d548e18f/value HTTP/1.1[\r][\n]"
11:24:01.637 [Forwarding sendKeysToElement on session 09126b48cb3f771a6367449044a4d228 to remote] DEBUG org.apache.http.wire - http-outgoing-26 >> "Content-Type: application/json; charset=utf-8[\r][\n]"
11:24:01.637 [Forwarding sendKeysToElement on session 09126b48cb3f771a6367449044a4d228 to remote] DEBUG org.apache.http.wire - http-outgoing-26 >> "Content-Length: 80[\r][\n]"
11:24:01.637 [Forwarding sendKeysToElement on session 09126b48cb3f771a6367449044a4d228 to remote] DEBUG org.apache.http.wire - http-outgoing-26 >> "Host: localhost:21465[\r][\n]"
11:24:01.637 [Forwarding sendKeysToElement on session 09126b48cb3f771a6367449044a4d228 to remote] DEBUG org.apache.http.wire - http-outgoing-26 >> "Connection: Keep-Alive[\r][\n]"
11:24:01.637 [Forwarding sendKeysToElement on session 09126b48cb3f771a6367449044a4d228 to remote] DEBUG org.apache.http.wire - http-outgoing-26 >> "User-Agent: Apache-HttpClient/4.5.3 (Java/1.8.0_211)[\r][\n]"
11:24:01.637 [Forwarding sendKeysToElement on session 09126b48cb3f771a6367449044a4d228 to remote] DEBUG org.apache.http.wire - http-outgoing-26 >> "Accept-Encoding: gzip,deflate[\r][\n]"
11:24:01.637 [Forwarding sendKeysToElement on session 09126b48cb3f771a6367449044a4d228 to remote] DEBUG org.apache.http.wire - http-outgoing-26 >> "[\r][\n]"
11:24:01.637 [Forwarding sendKeysToElement on session 09126b48cb3f771a6367449044a4d228 to remote] DEBUG org.apache.http.wire - http-outgoing-26 >> "{"id":"6797b268-33db-448b-9192-20e9d548e18f","text":"BTT","value":["B","T","T"]}"
11:24:01.789 [Forwarding sendKeysToElement on session 09126b48cb3f771a6367449044a4d228 to remote] DEBUG org.apache.http.wire - http-outgoing-26 << "HTTP/1.1 200 OK[\r][\n]"
11:24:01.789 [Forwarding sendKeysToElement on session 09126b48cb3f771a6367449044a4d228 to remote] DEBUG org.apache.http.wire - http-outgoing-26 << "Content-Length:14[\r][\n]"
11:24:01.789 [Forwarding sendKeysToElement on session 09126b48cb3f771a6367449044a4d228 to remote] DEBUG org.apache.http.wire - http-outgoing-26 << "Content-Type:application/json; charset=utf-8[\r][\n]"
11:24:01.789 [Forwarding sendKeysToElement on session 09126b48cb3f771a6367449044a4d228 to remote] DEBUG org.apache.http.wire - http-outgoing-26 << "cache-control:no-cache[\r][\n]"
11:24:01.789 [Forwarding sendKeysToElement on session 09126b48cb3f771a6367449044a4d228 to remote] DEBUG org.apache.http.wire - http-outgoing-26 << "[\r][\n]"
11:24:01.789 [Forwarding sendKeysToElement on session 09126b48cb3f771a6367449044a4d228 to remote] DEBUG org.apache.http.wire - http-outgoing-26 << "{"value":null}"
11:24:01.789 [Forwarding sendKeysToElement on session 09126b48cb3f771a6367449044a4d228 to remote] DEBUG org.apache.http.headers - http-outgoing-26 << HTTP/1.1 200 OK
11:24:01.789 [Forwarding sendKeysToElement on session 09126b48cb3f771a6367449044a4d228 to remote] DEBUG org.apache.http.headers - http-outgoing-26 << Content-Length:14
11:24:01.789 [Forwarding sendKeysToElement on session 09126b48cb3f771a6367449044a4d228 to remote] DEBUG org.apache.http.headers - http-outgoing-26 << Content-Type:application/json; charset=utf-8
11:24:01.789 [Forwarding sendKeysToElement on session 09126b48cb3f771a6367449044a4d228 to remote] DEBUG org.apache.http.headers - http-outgoing-26 << cache-control:no-cache
11:24:01.789 [Forwarding sendKeysToElement on session 09126b48cb3f771a6367449044a4d228 to remote] DEBUG org.apache.http.impl.execchain.MainClientExec - Connection can be kept alive indefinitely
11:24:01.789 [Forwarding sendKeysToElement on session 09126b48cb3f771a6367449044a4d228 to remote] DEBUG org.apache.http.impl.conn.PoolingHttpClientConnectionManager - Connection [id: 26][route: {}->http://localhost:21465] can be kept alive indefinitely
11:24:01.789 [Forwarding sendKeysToElement on session 09126b48cb3f771a6367449044a4d228 to remote] DEBUG org.apache.http.impl.conn.PoolingHttpClientConnectionManager - Connection released: [id: 26][route: {}->http://localhost:21465][total kept alive: 27; route allocated: 1 of 2000; total allocated: 27 of 2000]
11:24:02.094 [Forwarding findElement on session 09126b48cb3f771a6367449044a4d228 to remote] DEBUG org.apache.http.client.protocol.RequestAddCookies - CookieSpec selected: default
11:24:02.094 [Forwarding findElement on session 09126b48cb3f771a6367449044a4d228 to remote] DEBUG org.apache.http.client.protocol.RequestAuthCache - Auth cache not set in the context
11:24:02.094 [Forwarding findElement on session 09126b48cb3f771a6367449044a4d228 to remote] DEBUG org.apache.http.impl.conn.PoolingHttpClientConnectionManager - Connection request: [route: {}->http://localhost:21465][total kept alive: 27; route allocated: 1 of 2000; total allocated: 27 of 2000]
11:24:02.094 [Forwarding findElement on session 09126b48cb3f771a6367449044a4d228 to remote] DEBUG org.apache.http.impl.conn.PoolingHttpClientConnectionManager - Connection leased: [id: 26][route: {}->http://localhost:21465][total kept alive: 26; route allocated: 1 of 2000; total allocated: 27 of 2000]
11:24:02.094 [Forwarding findElement on session 09126b48cb3f771a6367449044a4d228 to remote] DEBUG org.apache.http.impl.execchain.MainClientExec - Stale connection check
11:24:02.095 [Forwarding findElement on session 09126b48cb3f771a6367449044a4d228 to remote] DEBUG org.apache.http.wire - http-outgoing-26 << "[read] I/O error: Read timed out"
11:24:02.095 [Forwarding findElement on session 09126b48cb3f771a6367449044a4d228 to remote] DEBUG org.apache.http.impl.conn.DefaultManagedHttpClientConnection - http-outgoing-26: set socket timeout to 10800000
11:24:02.095 [Forwarding findElement on session 09126b48cb3f771a6367449044a4d228 to remote] DEBUG org.apache.http.impl.execchain.MainClientExec - Executing request POST /session/09126b48cb3f771a6367449044a4d228/element HTTP/1.1
11:24:02.095 [Forwarding findElement on session 09126b48cb3f771a6367449044a4d228 to remote] DEBUG org.apache.http.impl.execchain.MainClientExec - Target auth state: UNCHALLENGED
11:24:02.095 [Forwarding findElement on session 09126b48cb3f771a6367449044a4d228 to remote] DEBUG org.apache.http.impl.execchain.MainClientExec - Proxy auth state: UNCHALLENGED
11:24:02.095 [Forwarding findElement on session 09126b48cb3f771a6367449044a4d228 to remote] DEBUG org.apache.http.headers - http-outgoing-26 >> POST /session/09126b48cb3f771a6367449044a4d228/element HTTP/1.1
11:24:02.095 [Forwarding findElement on session 09126b48cb3f771a6367449044a4d228 to remote] DEBUG org.apache.http.headers - http-outgoing-26 >> Content-Type: application/json; charset=utf-8
11:24:02.095 [Forwarding findElement on session 09126b48cb3f771a6367449044a4d228 to remote] DEBUG org.apache.http.headers - http-outgoing-26 >> Content-Length: 69
11:24:02.095 [Forwarding findElement on session 09126b48cb3f771a6367449044a4d228 to remote] DEBUG org.apache.http.headers - http-outgoing-26 >> Host: localhost:21465
11:24:02.095 [Forwarding findElement on session 09126b48cb3f771a6367449044a4d228 to remote] DEBUG org.apache.http.headers - http-outgoing-26 >> Connection: Keep-Alive
11:24:02.095 [Forwarding findElement on session 09126b48cb3f771a6367449044a4d228 to remote] DEBUG org.apache.http.headers - http-outgoing-26 >> User-Agent: Apache-HttpClient/4.5.3 (Java/1.8.0_211)
11:24:02.095 [Forwarding findElement on session 09126b48cb3f771a6367449044a4d228 to remote] DEBUG org.apache.http.headers - http-outgoing-26 >> Accept-Encoding: gzip,deflate
11:24:02.095 [Forwarding findElement on session 09126b48cb3f771a6367449044a4d228 to remote] DEBUG org.apache.http.wire - http-outgoing-26 >> "POST /session/09126b48cb3f771a6367449044a4d228/element HTTP/1.1[\r][\n]"
11:24:02.095 [Forwarding findElement on session 09126b48cb3f771a6367449044a4d228 to remote] DEBUG org.apache.http.wire - http-outgoing-26 >> "Content-Type: application/json; charset=utf-8[\r][\n]"
11:24:02.095 [Forwarding findElement on session 09126b48cb3f771a6367449044a4d228 to remote] DEBUG org.apache.http.wire - http-outgoing-26 >> "Content-Length: 69[\r][\n]"
11:24:02.095 [Forwarding findElement on session 09126b48cb3f771a6367449044a4d228 to remote] DEBUG org.apache.http.wire - http-outgoing-26 >> "Host: localhost:21465[\r][\n]"
11:24:02.095 [Forwarding findElement on session 09126b48cb3f771a6367449044a4d228 to remote] DEBUG org.apache.http.wire - http-outgoing-26 >> "Connection: Keep-Alive[\r][\n]"
11:24:02.095 [Forwarding findElement on session 09126b48cb3f771a6367449044a4d228 to remote] DEBUG org.apache.http.wire - http-outgoing-26 >> "User-Agent: Apache-HttpClient/4.5.3 (Java/1.8.0_211)[\r][\n]"
11:24:02.095 [Forwarding findElement on session 09126b48cb3f771a6367449044a4d228 to remote] DEBUG org.apache.http.wire - http-outgoing-26 >> "Accept-Encoding: gzip,deflate[\r][\n]"
11:24:02.095 [Forwarding findElement on session 09126b48cb3f771a6367449044a4d228 to remote] DEBUG org.apache.http.wire - http-outgoing-26 >> "[\r][\n]"
11:24:02.095 [Forwarding findElement on session 09126b48cb3f771a6367449044a4d228 to remote] DEBUG org.apache.http.wire - http-outgoing-26 >> "{"value":"//*[@id=\"_searchBox\"]/a/div/span/strong","using":"xpath"}"
11:24:03.087 [Forwarding findElement on session 09126b48cb3f771a6367449044a4d228 to remote] DEBUG org.apache.http.wire - http-outgoing-26 << "HTTP/1.1 200 OK[\r][\n]"
11:24:03.087 [Forwarding findElement on session 09126b48cb3f771a6367449044a4d228 to remote] DEBUG org.apache.http.wire - http-outgoing-26 << "Content-Length:88[\r][\n]"
11:24:03.087 [Forwarding findElement on session 09126b48cb3f771a6367449044a4d228 to remote] DEBUG org.apache.http.wire - http-outgoing-26 << "Content-Type:application/json; charset=utf-8[\r][\n]"
11:24:03.087 [Forwarding findElement on session 09126b48cb3f771a6367449044a4d228 to remote] DEBUG org.apache.http.wire - http-outgoing-26 << "cache-control:no-cache[\r][\n]"
11:24:03.087 [Forwarding findElement on session 09126b48cb3f771a6367449044a4d228 to remote] DEBUG org.apache.http.wire - http-outgoing-26 << "[\r][\n]"
11:24:03.087 [Forwarding findElement on session 09126b48cb3f771a6367449044a4d228 to remote] DEBUG org.apache.http.wire - http-outgoing-26 << "{"value":{"element-6066-11e4-a52e-4f735466cecf":"432a5795-0d8a-4f25-9765-7dfd6f0b9fbf"}}"
11:24:03.087 [Forwarding findElement on session 09126b48cb3f771a6367449044a4d228 to remote] DEBUG org.apache.http.headers - http-outgoing-26 << HTTP/1.1 200 OK
11:24:03.087 [Forwarding findElement on session 09126b48cb3f771a6367449044a4d228 to remote] DEBUG org.apache.http.headers - http-outgoing-26 << Content-Length:88
11:24:03.087 [Forwarding findElement on session 09126b48cb3f771a6367449044a4d228 to remote] DEBUG org.apache.http.headers - http-outgoing-26 << Content-Type:application/json; charset=utf-8
11:24:03.087 [Forwarding findElement on session 09126b48cb3f771a6367449044a4d228 to remote] DEBUG org.apache.http.headers - http-outgoing-26 << cache-control:no-cache
11:24:03.087 [Forwarding findElement on session 09126b48cb3f771a6367449044a4d228 to remote] DEBUG org.apache.http.impl.execchain.MainClientExec - Connection can be kept alive indefinitely
11:24:03.087 [Forwarding findElement on session 09126b48cb3f771a6367449044a4d228 to remote] DEBUG org.apache.http.impl.conn.PoolingHttpClientConnectionManager - Connection [id: 26][route: {}->http://localhost:21465] can be kept alive indefinitely
11:24:03.087 [Forwarding findElement on session 09126b48cb3f771a6367449044a4d228 to remote] DEBUG org.apache.http.impl.conn.PoolingHttpClientConnectionManager - Connection released: [id: 26][route: {}->http://localhost:21465][total kept alive: 27; route allocated: 1 of 2000; total allocated: 27 of 2000]
11:24:03.087 [Forwarding getElementText on session 09126b48cb3f771a6367449044a4d228 to remote] DEBUG org.apache.http.client.protocol.RequestAddCookies - CookieSpec selected: default
11:24:03.087 [Forwarding getElementText on session 09126b48cb3f771a6367449044a4d228 to remote] DEBUG org.apache.http.client.protocol.RequestAuthCache - Auth cache not set in the context
11:24:03.087 [Forwarding getElementText on session 09126b48cb3f771a6367449044a4d228 to remote] DEBUG org.apache.http.impl.conn.PoolingHttpClientConnectionManager - Connection request: [route: {}->http://localhost:21465][total kept alive: 27; route allocated: 1 of 2000; total allocated: 27 of 2000]
11:24:03.087 [Forwarding getElementText on session 09126b48cb3f771a6367449044a4d228 to remote] DEBUG org.apache.http.impl.conn.PoolingHttpClientConnectionManager - Connection leased: [id: 26][route: {}->http://localhost:21465][total kept alive: 26; route allocated: 1 of 2000; total allocated: 27 of 2000]
11:24:03.087 [Forwarding getElementText on session 09126b48cb3f771a6367449044a4d228 to remote] DEBUG org.apache.http.impl.execchain.MainClientExec - Stale connection check
11:24:03.088 [Forwarding getElementText on session 09126b48cb3f771a6367449044a4d228 to remote] DEBUG org.apache.http.wire - http-outgoing-26 << "[read] I/O error: Read timed out"
11:24:03.088 [Forwarding getElementText on session 09126b48cb3f771a6367449044a4d228 to remote] DEBUG org.apache.http.impl.conn.DefaultManagedHttpClientConnection - http-outgoing-26: set socket timeout to 10800000
11:24:03.088 [Forwarding getElementText on session 09126b48cb3f771a6367449044a4d228 to remote] DEBUG org.apache.http.impl.execchain.MainClientExec - Executing request GET /session/09126b48cb3f771a6367449044a4d228/element/432a5795-0d8a-4f25-9765-7dfd6f0b9fbf/text HTTP/1.1
11:24:03.088 [Forwarding getElementText on session 09126b48cb3f771a6367449044a4d228 to remote] DEBUG org.apache.http.impl.execchain.MainClientExec - Target auth state: UNCHALLENGED
11:24:03.088 [Forwarding getElementText on session 09126b48cb3f771a6367449044a4d228 to remote] DEBUG org.apache.http.impl.execchain.MainClientExec - Proxy auth state: UNCHALLENGED
11:24:03.088 [Forwarding getElementText on session 09126b48cb3f771a6367449044a4d228 to remote] DEBUG org.apache.http.headers - http-outgoing-26 >> GET /session/09126b48cb3f771a6367449044a4d228/element/432a5795-0d8a-4f25-9765-7dfd6f0b9fbf/text HTTP/1.1
11:24:03.088 [Forwarding getElementText on session 09126b48cb3f771a6367449044a4d228 to remote] DEBUG org.apache.http.headers - http-outgoing-26 >> Cache-Control: no-cache
11:24:03.088 [Forwarding getElementText on session 09126b48cb3f771a6367449044a4d228 to remote] DEBUG org.apache.http.headers - http-outgoing-26 >> Host: localhost:21465
11:24:03.088 [Forwarding getElementText on session 09126b48cb3f771a6367449044a4d228 to remote] DEBUG org.apache.http.headers - http-outgoing-26 >> Connection: Keep-Alive
11:24:03.088 [Forwarding getElementText on session 09126b48cb3f771a6367449044a4d228 to remote] DEBUG org.apache.http.headers - http-outgoing-26 >> User-Agent: Apache-HttpClient/4.5.3 (Java/1.8.0_211)
11:24:03.088 [Forwarding getElementText on session 09126b48cb3f771a6367449044a4d228 to remote] DEBUG org.apache.http.headers - http-outgoing-26 >> Accept-Encoding: gzip,deflate
11:24:03.088 [Forwarding getElementText on session 09126b48cb3f771a6367449044a4d228 to remote] DEBUG org.apache.http.wire - http-outgoing-26 >> "GET /session/09126b48cb3f771a6367449044a4d228/element/432a5795-0d8a-4f25-9765-7dfd6f0b9fbf/text HTTP/1.1[\r][\n]"
11:24:03.088 [Forwarding getElementText on session 09126b48cb3f771a6367449044a4d228 to remote] DEBUG org.apache.http.wire - http-outgoing-26 >> "Cache-Control: no-cache[\r][\n]"
11:24:03.088 [Forwarding getElementText on session 09126b48cb3f771a6367449044a4d228 to remote] DEBUG org.apache.http.wire - http-outgoing-26 >> "Host: localhost:21465[\r][\n]"
11:24:03.088 [Forwarding getElementText on session 09126b48cb3f771a6367449044a4d228 to remote] DEBUG org.apache.http.wire - http-outgoing-26 >> "Connection: Keep-Alive[\r][\n]"
11:24:03.088 [Forwarding getElementText on session 09126b48cb3f771a6367449044a4d228 to remote] DEBUG org.apache.http.wire - http-outgoing-26 >> "User-Agent: Apache-HttpClient/4.5.3 (Java/1.8.0_211)[\r][\n]"
11:24:03.088 [Forwarding getElementText on session 09126b48cb3f771a6367449044a4d228 to remote] DEBUG org.apache.http.wire - http-outgoing-26 >> "Accept-Encoding: gzip,deflate[\r][\n]"
11:24:03.088 [Forwarding getElementText on session 09126b48cb3f771a6367449044a4d228 to remote] DEBUG org.apache.http.wire - http-outgoing-26 >> "[\r][\n]"
11:24:03.105 [Forwarding getElementText on session 09126b48cb3f771a6367449044a4d228 to remote] DEBUG org.apache.http.wire - http-outgoing-26 << "HTTP/1.1 200 OK[\r][\n]"
11:24:03.105 [Forwarding getElementText on session 09126b48cb3f771a6367449044a4d228 to remote] DEBUG org.apache.http.wire - http-outgoing-26 << "Content-Length:35[\r][\n]"
11:24:03.105 [Forwarding getElementText on session 09126b48cb3f771a6367449044a4d228 to remote] DEBUG org.apache.http.wire - http-outgoing-26 << "Content-Type:application/json; charset=utf-8[\r][\n]"
11:24:03.105 [Forwarding getElementText on session 09126b48cb3f771a6367449044a4d228 to remote] DEBUG org.apache.http.wire - http-outgoing-26 << "cache-control:no-cache[\r][\n]"
11:24:03.105 [Forwarding getElementText on session 09126b48cb3f771a6367449044a4d228 to remote] DEBUG org.apache.http.wire - http-outgoing-26 << "[\r][\n]"
11:24:03.105 [Forwarding getElementText on session 09126b48cb3f771a6367449044a4d228 to remote] DEBUG org.apache.http.wire - http-outgoing-26 << "{"value":"BitTorrent(BTT) 1002000"}"
11:24:03.105 [Forwarding getElementText on session 09126b48cb3f771a6367449044a4d228 to remote] DEBUG org.apache.http.headers - http-outgoing-26 << HTTP/1.1 200 OK
11:24:03.105 [Forwarding getElementText on session 09126b48cb3f771a6367449044a4d228 to remote] DEBUG org.apache.http.headers - http-outgoing-26 << Content-Length:35
11:24:03.105 [Forwarding getElementText on session 09126b48cb3f771a6367449044a4d228 to remote] DEBUG org.apache.http.headers - http-outgoing-26 << Content-Type:application/json; charset=utf-8
11:24:03.105 [Forwarding getElementText on session 09126b48cb3f771a6367449044a4d228 to remote] DEBUG org.apache.http.headers - http-outgoing-26 << cache-control:no-cache
11:24:03.105 [Forwarding getElementText on session 09126b48cb3f771a6367449044a4d228 to remote] DEBUG org.apache.http.impl.execchain.MainClientExec - Connection can be kept alive indefinitely
11:24:03.105 [Forwarding getElementText on session 09126b48cb3f771a6367449044a4d228 to remote] DEBUG org.apache.http.impl.conn.PoolingHttpClientConnectionManager - Connection [id: 26][route: {}->http://localhost:21465] can be kept alive indefinitely
11:24:03.105 [Forwarding getElementText on session 09126b48cb3f771a6367449044a4d228 to remote] DEBUG org.apache.http.impl.conn.PoolingHttpClientConnectionManager - Connection released: [id: 26][route: {}->http://localhost:21465][total kept alive: 27; route allocated: 1 of 2000; total allocated: 27 of 2000]
11:24:03.105 [Forwarding findElement on session 09126b48cb3f771a6367449044a4d228 to remote] DEBUG org.apache.http.client.protocol.RequestAddCookies - CookieSpec selected: default
11:24:03.105 [Forwarding findElement on session 09126b48cb3f771a6367449044a4d228 to remote] DEBUG org.apache.http.client.protocol.RequestAuthCache - Auth cache not set in the context
11:24:03.105 [Forwarding findElement on session 09126b48cb3f771a6367449044a4d228 to remote] DEBUG org.apache.http.impl.conn.PoolingHttpClientConnectionManager - Connection request: [route: {}->http://localhost:21465][total kept alive: 27; route allocated: 1 of 2000; total allocated: 27 of 2000]
11:24:03.105 [Forwarding findElement on session 09126b48cb3f771a6367449044a4d228 to remote] DEBUG org.apache.http.impl.conn.PoolingHttpClientConnectionManager - Connection leased: [id: 26][route: {}->http://localhost:21465][total kept alive: 26; route allocated: 1 of 2000; total allocated: 27 of 2000]
11:24:03.105 [Forwarding findElement on session 09126b48cb3f771a6367449044a4d228 to remote] DEBUG org.apache.http.impl.execchain.MainClientExec - Stale connection check
11:24:03.106 [Forwarding findElement on session 09126b48cb3f771a6367449044a4d228 to remote] DEBUG org.apache.http.wire - http-outgoing-26 << "[read] I/O error: Read timed out"
11:24:03.107 [Forwarding findElement on session 09126b48cb3f771a6367449044a4d228 to remote] DEBUG org.apache.http.impl.conn.DefaultManagedHttpClientConnection - http-outgoing-26: set socket timeout to 10800000
11:24:03.107 [Forwarding findElement on session 09126b48cb3f771a6367449044a4d228 to remote] DEBUG org.apache.http.impl.execchain.MainClientExec - Executing request POST /session/09126b48cb3f771a6367449044a4d228/element HTTP/1.1
11:24:03.107 [Forwarding findElement on session 09126b48cb3f771a6367449044a4d228 to remote] DEBUG org.apache.http.impl.execchain.MainClientExec - Target auth state: UNCHALLENGED
11:24:03.107 [Forwarding findElement on session 09126b48cb3f771a6367449044a4d228 to remote] DEBUG org.apache.http.impl.execchain.MainClientExec - Proxy auth state: UNCHALLENGED
11:24:03.107 [Forwarding findElement on session 09126b48cb3f771a6367449044a4d228 to remote] DEBUG org.apache.http.headers - http-outgoing-26 >> POST /session/09126b48cb3f771a6367449044a4d228/element HTTP/1.1
11:24:03.107 [Forwarding findElement on session 09126b48cb3f771a6367449044a4d228 to remote] DEBUG org.apache.http.headers - http-outgoing-26 >> Content-Type: application/json; charset=utf-8
11:24:03.107 [Forwarding findElement on session 09126b48cb3f771a6367449044a4d228 to remote] DEBUG org.apache.http.headers - http-outgoing-26 >> Content-Length: 53
11:24:03.107 [Forwarding findElement on session 09126b48cb3f771a6367449044a4d228 to remote] DEBUG org.apache.http.headers - http-outgoing-26 >> Host: localhost:21465
11:24:03.107 [Forwarding findElement on session 09126b48cb3f771a6367449044a4d228 to remote] DEBUG org.apache.http.headers - http-outgoing-26 >> Connection: Keep-Alive
11:24:03.107 [Forwarding findElement on session 09126b48cb3f771a6367449044a4d228 to remote] DEBUG org.apache.http.headers - http-outgoing-26 >> User-Agent: Apache-HttpClient/4.5.3 (Java/1.8.0_211)
11:24:03.107 [Forwarding findElement on session 09126b48cb3f771a6367449044a4d228 to remote] DEBUG org.apache.http.headers - http-outgoing-26 >> Accept-Encoding: gzip,deflate
11:24:03.107 [Forwarding findElement on session 09126b48cb3f771a6367449044a4d228 to remote] DEBUG org.apache.http.wire - http-outgoing-26 >> "POST /session/09126b48cb3f771a6367449044a4d228/element HTTP/1.1[\r][\n]"
11:24:03.107 [Forwarding findElement on session 09126b48cb3f771a6367449044a4d228 to remote] DEBUG org.apache.http.wire - http-outgoing-26 >> "Content-Type: application/json; charset=utf-8[\r][\n]"
11:24:03.107 [Forwarding findElement on session 09126b48cb3f771a6367449044a4d228 to remote] DEBUG org.apache.http.wire - http-outgoing-26 >> "Content-Length: 53[\r][\n]"
11:24:03.107 [Forwarding findElement on session 09126b48cb3f771a6367449044a4d228 to remote] DEBUG org.apache.http.wire - http-outgoing-26 >> "Host: localhost:21465[\r][\n]"
11:24:03.107 [Forwarding findElement on session 09126b48cb3f771a6367449044a4d228 to remote] DEBUG org.apache.http.wire - http-outgoing-26 >> "Connection: Keep-Alive[\r][\n]"
11:24:03.107 [Forwarding findElement on session 09126b48cb3f771a6367449044a4d228 to remote] DEBUG org.apache.http.wire - http-outgoing-26 >> "User-Agent: Apache-HttpClient/4.5.3 (Java/1.8.0_211)[\r][\n]"
11:24:03.107 [Forwarding findElement on session 09126b48cb3f771a6367449044a4d228 to remote] DEBUG org.apache.http.wire - http-outgoing-26 >> "Accept-Encoding: gzip,deflate[\r][\n]"
11:24:03.107 [Forwarding findElement on session 09126b48cb3f771a6367449044a4d228 to remote] DEBUG org.apache.http.wire - http-outgoing-26 >> "[\r][\n]"
11:24:03.107 [Forwarding findElement on session 09126b48cb3f771a6367449044a4d228 to remote] DEBUG org.apache.http.wire - http-outgoing-26 >> "{"value":"//*[@id=\"_searchBox\"]/a","using":"xpath"}"
11:24:03.113 [Forwarding findElement on session 09126b48cb3f771a6367449044a4d228 to remote] DEBUG org.apache.http.wire - http-outgoing-26 << "HTTP/1.1 200 OK[\r][\n]"
11:24:03.113 [Forwarding findElement on session 09126b48cb3f771a6367449044a4d228 to remote] DEBUG org.apache.http.wire - http-outgoing-26 << "Content-Length:88[\r][\n]"
11:24:03.113 [Forwarding findElement on session 09126b48cb3f771a6367449044a4d228 to remote] DEBUG org.apache.http.wire - http-outgoing-26 << "Content-Type:application/json; charset=utf-8[\r][\n]"
11:24:03.113 [Forwarding findElement on session 09126b48cb3f771a6367449044a4d228 to remote] DEBUG org.apache.http.wire - http-outgoing-26 << "cache-control:no-cache[\r][\n]"
11:24:03.113 [Forwarding findElement on session 09126b48cb3f771a6367449044a4d228 to remote] DEBUG org.apache.http.wire - http-outgoing-26 << "[\r][\n]"
11:24:03.113 [Forwarding findElement on session 09126b48cb3f771a6367449044a4d228 to remote] DEBUG org.apache.http.wire - http-outgoing-26 << "{"value":{"element-6066-11e4-a52e-4f735466cecf":"1a24ca76-31f5-4d41-9fdb-23db24e646ca"}}"
11:24:03.113 [Forwarding findElement on session 09126b48cb3f771a6367449044a4d228 to remote] DEBUG org.apache.http.headers - http-outgoing-26 << HTTP/1.1 200 OK
11:24:03.113 [Forwarding findElement on session 09126b48cb3f771a6367449044a4d228 to remote] DEBUG org.apache.http.headers - http-outgoing-26 << Content-Length:88
11:24:03.113 [Forwarding findElement on session 09126b48cb3f771a6367449044a4d228 to remote] DEBUG org.apache.http.headers - http-outgoing-26 << Content-Type:application/json; charset=utf-8
11:24:03.113 [Forwarding findElement on session 09126b48cb3f771a6367449044a4d228 to remote] DEBUG org.apache.http.headers - http-outgoing-26 << cache-control:no-cache
11:24:03.113 [Forwarding findElement on session 09126b48cb3f771a6367449044a4d228 to remote] DEBUG org.apache.http.impl.execchain.MainClientExec - Connection can be kept alive indefinitely
11:24:03.113 [Forwarding findElement on session 09126b48cb3f771a6367449044a4d228 to remote] DEBUG org.apache.http.impl.conn.PoolingHttpClientConnectionManager - Connection [id: 26][route: {}->http://localhost:21465] can be kept alive indefinitely
11:24:03.113 [Forwarding findElement on session 09126b48cb3f771a6367449044a4d228 to remote] DEBUG org.apache.http.impl.conn.PoolingHttpClientConnectionManager - Connection released: [id: 26][route: {}->http://localhost:21465][total kept alive: 27; route allocated: 1 of 2000; total allocated: 27 of 2000]
11:24:03.113 [Forwarding clickElement on session 09126b48cb3f771a6367449044a4d228 to remote] DEBUG org.apache.http.client.protocol.RequestAddCookies - CookieSpec selected: default
11:24:03.113 [Forwarding clickElement on session 09126b48cb3f771a6367449044a4d228 to remote] DEBUG org.apache.http.client.protocol.RequestAuthCache - Auth cache not set in the context
11:24:03.113 [Forwarding clickElement on session 09126b48cb3f771a6367449044a4d228 to remote] DEBUG org.apache.http.impl.conn.PoolingHttpClientConnectionManager - Connection request: [route: {}->http://localhost:21465][total kept alive: 27; route allocated: 1 of 2000; total allocated: 27 of 2000]
11:24:03.113 [Forwarding clickElement on session 09126b48cb3f771a6367449044a4d228 to remote] DEBUG org.apache.http.impl.conn.PoolingHttpClientConnectionManager - Connection leased: [id: 26][route: {}->http://localhost:21465][total kept alive: 26; route allocated: 1 of 2000; total allocated: 27 of 2000]
11:24:03.113 [Forwarding clickElement on session 09126b48cb3f771a6367449044a4d228 to remote] DEBUG org.apache.http.impl.execchain.MainClientExec - Stale connection check
11:24:03.115 [Forwarding clickElement on session 09126b48cb3f771a6367449044a4d228 to remote] DEBUG org.apache.http.wire - http-outgoing-26 << "[read] I/O error: Read timed out"
11:24:03.115 [Forwarding clickElement on session 09126b48cb3f771a6367449044a4d228 to remote] DEBUG org.apache.http.impl.conn.DefaultManagedHttpClientConnection - http-outgoing-26: set socket timeout to 10800000
11:24:03.115 [Forwarding clickElement on session 09126b48cb3f771a6367449044a4d228 to remote] DEBUG org.apache.http.impl.execchain.MainClientExec - Executing request POST /session/09126b48cb3f771a6367449044a4d228/element/1a24ca76-31f5-4d41-9fdb-23db24e646ca/click HTTP/1.1
11:24:03.115 [Forwarding clickElement on session 09126b48cb3f771a6367449044a4d228 to remote] DEBUG org.apache.http.impl.execchain.MainClientExec - Target auth state: UNCHALLENGED
11:24:03.115 [Forwarding clickElement on session 09126b48cb3f771a6367449044a4d228 to remote] DEBUG org.apache.http.impl.execchain.MainClientExec - Proxy auth state: UNCHALLENGED
11:24:03.115 [Forwarding clickElement on session 09126b48cb3f771a6367449044a4d228 to remote] DEBUG org.apache.http.headers - http-outgoing-26 >> POST /session/09126b48cb3f771a6367449044a4d228/element/1a24ca76-31f5-4d41-9fdb-23db24e646ca/click HTTP/1.1
11:24:03.115 [Forwarding clickElement on session 09126b48cb3f771a6367449044a4d228 to remote] DEBUG org.apache.http.headers - http-outgoing-26 >> Content-Type: application/json; charset=utf-8
11:24:03.115 [Forwarding clickElement on session 09126b48cb3f771a6367449044a4d228 to remote] DEBUG org.apache.http.headers - http-outgoing-26 >> Content-Length: 45
11:24:03.115 [Forwarding clickElement on session 09126b48cb3f771a6367449044a4d228 to remote] DEBUG org.apache.http.headers - http-outgoing-26 >> Host: localhost:21465
11:24:03.115 [Forwarding clickElement on session 09126b48cb3f771a6367449044a4d228 to remote] DEBUG org.apache.http.headers - http-outgoing-26 >> Connection: Keep-Alive
11:24:03.115 [Forwarding clickElement on session 09126b48cb3f771a6367449044a4d228 to remote] DEBUG org.apache.http.headers - http-outgoing-26 >> User-Agent: Apache-HttpClient/4.5.3 (Java/1.8.0_211)
11:24:03.115 [Forwarding clickElement on session 09126b48cb3f771a6367449044a4d228 to remote] DEBUG org.apache.http.headers - http-outgoing-26 >> Accept-Encoding: gzip,deflate
11:24:03.115 [Forwarding clickElement on session 09126b48cb3f771a6367449044a4d228 to remote] DEBUG org.apache.http.wire - http-outgoing-26 >> "POST /session/09126b48cb3f771a6367449044a4d228/element/1a24ca76-31f5-4d41-9fdb-23db24e646ca/click HTTP/1.1[\r][\n]"
11:24:03.115 [Forwarding clickElement on session 09126b48cb3f771a6367449044a4d228 to remote] DEBUG org.apache.http.wire - http-outgoing-26 >> "Content-Type: application/json; charset=utf-8[\r][\n]"
11:24:03.115 [Forwarding clickElement on session 09126b48cb3f771a6367449044a4d228 to remote] DEBUG org.apache.http.wire - http-outgoing-26 >> "Content-Length: 45[\r][\n]"
11:24:03.115 [Forwarding clickElement on session 09126b48cb3f771a6367449044a4d228 to remote] DEBUG org.apache.http.wire - http-outgoing-26 >> "Host: localhost:21465[\r][\n]"
11:24:03.115 [Forwarding clickElement on session 09126b48cb3f771a6367449044a4d228 to remote] DEBUG org.apache.http.wire - http-outgoing-26 >> "Connection: Keep-Alive[\r][\n]"
11:24:03.115 [Forwarding clickElement on session 09126b48cb3f771a6367449044a4d228 to remote] DEBUG org.apache.http.wire - http-outgoing-26 >> "User-Agent: Apache-HttpClient/4.5.3 (Java/1.8.0_211)[\r][\n]"
11:24:03.115 [Forwarding clickElement on session 09126b48cb3f771a6367449044a4d228 to remote] DEBUG org.apache.http.wire - http-outgoing-26 >> "Accept-Encoding: gzip,deflate[\r][\n]"
11:24:03.115 [Forwarding clickElement on session 09126b48cb3f771a6367449044a4d228 to remote] DEBUG org.apache.http.wire - http-outgoing-26 >> "[\r][\n]"
11:24:03.115 [Forwarding clickElement on session 09126b48cb3f771a6367449044a4d228 to remote] DEBUG org.apache.http.wire - http-outgoing-26 >> "{"id":"1a24ca76-31f5-4d41-9fdb-23db24e646ca"}"
11:24:03.173 [Forwarding clickElement on session 09126b48cb3f771a6367449044a4d228 to remote] DEBUG org.apache.http.wire - http-outgoing-26 << "HTTP/1.1 200 OK[\r][\n]"
11:24:03.173 [Forwarding clickElement on session 09126b48cb3f771a6367449044a4d228 to remote] DEBUG org.apache.http.wire - http-outgoing-26 << "Content-Length:14[\r][\n]"
11:24:03.173 [Forwarding clickElement on session 09126b48cb3f771a6367449044a4d228 to remote] DEBUG org.apache.http.wire - http-outgoing-26 << "Content-Type:application/json; charset=utf-8[\r][\n]"
11:24:03.173 [Forwarding clickElement on session 09126b48cb3f771a6367449044a4d228 to remote] DEBUG org.apache.http.wire - http-outgoing-26 << "cache-control:no-cache[\r][\n]"
11:24:03.173 [Forwarding clickElement on session 09126b48cb3f771a6367449044a4d228 to remote] DEBUG org.apache.http.wire - http-outgoing-26 << "[\r][\n]"
11:24:03.173 [Forwarding clickElement on session 09126b48cb3f771a6367449044a4d228 to remote] DEBUG org.apache.http.wire - http-outgoing-26 << "{"value":null}"
11:24:03.173 [Forwarding clickElement on session 09126b48cb3f771a6367449044a4d228 to remote] DEBUG org.apache.http.headers - http-outgoing-26 << HTTP/1.1 200 OK
11:24:03.173 [Forwarding clickElement on session 09126b48cb3f771a6367449044a4d228 to remote] DEBUG org.apache.http.headers - http-outgoing-26 << Content-Length:14
11:24:03.173 [Forwarding clickElement on session 09126b48cb3f771a6367449044a4d228 to remote] DEBUG org.apache.http.headers - http-outgoing-26 << Content-Type:application/json; charset=utf-8
11:24:03.173 [Forwarding clickElement on session 09126b48cb3f771a6367449044a4d228 to remote] DEBUG org.apache.http.headers - http-outgoing-26 << cache-control:no-cache
11:24:03.173 [Forwarding clickElement on session 09126b48cb3f771a6367449044a4d228 to remote] DEBUG org.apache.http.impl.execchain.MainClientExec - Connection can be kept alive indefinitely
11:24:03.173 [Forwarding clickElement on session 09126b48cb3f771a6367449044a4d228 to remote] DEBUG org.apache.http.impl.conn.PoolingHttpClientConnectionManager - Connection [id: 26][route: {}->http://localhost:21465] can be kept alive indefinitely
11:24:03.173 [Forwarding clickElement on session 09126b48cb3f771a6367449044a4d228 to remote] DEBUG org.apache.http.impl.conn.PoolingHttpClientConnectionManager - Connection released: [id: 26][route: {}->http://localhost:21465][total kept alive: 27; route allocated: 1 of 2000; total allocated: 27 of 2000]
11:24:03.476 [Forwarding findElement on session 09126b48cb3f771a6367449044a4d228 to remote] DEBUG org.apache.http.client.protocol.RequestAddCookies - CookieSpec selected: default
11:24:03.476 [Forwarding findElement on session 09126b48cb3f771a6367449044a4d228 to remote] DEBUG org.apache.http.client.protocol.RequestAuthCache - Auth cache not set in the context
11:24:03.476 [Forwarding findElement on session 09126b48cb3f771a6367449044a4d228 to remote] DEBUG org.apache.http.impl.conn.PoolingHttpClientConnectionManager - Connection request: [route: {}->http://localhost:21465][total kept alive: 27; route allocated: 1 of 2000; total allocated: 27 of 2000]
11:24:03.476 [Forwarding findElement on session 09126b48cb3f771a6367449044a4d228 to remote] DEBUG org.apache.http.impl.conn.PoolingHttpClientConnectionManager - Connection leased: [id: 26][route: {}->http://localhost:21465][total kept alive: 26; route allocated: 1 of 2000; total allocated: 27 of 2000]
11:24:03.476 [Forwarding findElement on session 09126b48cb3f771a6367449044a4d228 to remote] DEBUG org.apache.http.impl.execchain.MainClientExec - Stale connection check
11:24:03.477 [Forwarding findElement on session 09126b48cb3f771a6367449044a4d228 to remote] DEBUG org.apache.http.wire - http-outgoing-26 << "[read] I/O error: Read timed out"
11:24:03.477 [Forwarding findElement on session 09126b48cb3f771a6367449044a4d228 to remote] DEBUG org.apache.http.impl.conn.DefaultManagedHttpClientConnection - http-outgoing-26: set socket timeout to 10800000
11:24:03.477 [Forwarding findElement on session 09126b48cb3f771a6367449044a4d228 to remote] DEBUG org.apache.http.impl.execchain.MainClientExec - Executing request POST /session/09126b48cb3f771a6367449044a4d228/element HTTP/1.1
11:24:03.477 [Forwarding findElement on session 09126b48cb3f771a6367449044a4d228 to remote] DEBUG org.apache.http.impl.execchain.MainClientExec - Target auth state: UNCHALLENGED
11:24:03.477 [Forwarding findElement on session 09126b48cb3f771a6367449044a4d228 to remote] DEBUG org.apache.http.impl.execchain.MainClientExec - Proxy auth state: UNCHALLENGED
11:24:03.477 [Forwarding findElement on session 09126b48cb3f771a6367449044a4d228 to remote] DEBUG org.apache.http.headers - http-outgoing-26 >> POST /session/09126b48cb3f771a6367449044a4d228/element HTTP/1.1
11:24:03.477 [Forwarding findElement on session 09126b48cb3f771a6367449044a4d228 to remote] DEBUG org.apache.http.headers - http-outgoing-26 >> Content-Type: application/json; charset=utf-8
11:24:03.477 [Forwarding findElement on session 09126b48cb3f771a6367449044a4d228 to remote] DEBUG org.apache.http.headers - http-outgoing-26 >> Content-Length: 95
11:24:03.477 [Forwarding findElement on session 09126b48cb3f771a6367449044a4d228 to remote] DEBUG org.apache.http.headers - http-outgoing-26 >> Host: localhost:21465
11:24:03.477 [Forwarding findElement on session 09126b48cb3f771a6367449044a4d228 to remote] DEBUG org.apache.http.headers - http-outgoing-26 >> Connection: Keep-Alive
11:24:03.477 [Forwarding findElement on session 09126b48cb3f771a6367449044a4d228 to remote] DEBUG org.apache.http.headers - http-outgoing-26 >> User-Agent: Apache-HttpClient/4.5.3 (Java/1.8.0_211)
11:24:03.477 [Forwarding findElement on session 09126b48cb3f771a6367449044a4d228 to remote] DEBUG org.apache.http.headers - http-outgoing-26 >> Accept-Encoding: gzip,deflate
11:24:03.477 [Forwarding findElement on session 09126b48cb3f771a6367449044a4d228 to remote] DEBUG org.apache.http.wire - http-outgoing-26 >> "POST /session/09126b48cb3f771a6367449044a4d228/element HTTP/1.1[\r][\n]"
11:24:03.477 [Forwarding findElement on session 09126b48cb3f771a6367449044a4d228 to remote] DEBUG org.apache.http.wire - http-outgoing-26 >> "Content-Type: application/json; charset=utf-8[\r][\n]"
11:24:03.477 [Forwarding findElement on session 09126b48cb3f771a6367449044a4d228 to remote] DEBUG org.apache.http.wire - http-outgoing-26 >> "Content-Length: 95[\r][\n]"
11:24:03.477 [Forwarding findElement on session 09126b48cb3f771a6367449044a4d228 to remote] DEBUG org.apache.http.wire - http-outgoing-26 >> "Host: localhost:21465[\r][\n]"
11:24:03.477 [Forwarding findElement on session 09126b48cb3f771a6367449044a4d228 to remote] DEBUG org.apache.http.wire - http-outgoing-26 >> "Connection: Keep-Alive[\r][\n]"
11:24:03.477 [Forwarding findElement on session 09126b48cb3f771a6367449044a4d228 to remote] DEBUG org.apache.http.wire - http-outgoing-26 >> "User-Agent: Apache-HttpClient/4.5.3 (Java/1.8.0_211)[\r][\n]"
11:24:03.477 [Forwarding findElement on session 09126b48cb3f771a6367449044a4d228 to remote] DEBUG org.apache.http.wire - http-outgoing-26 >> "Accept-Encoding: gzip,deflate[\r][\n]"
11:24:03.477 [Forwarding findElement on session 09126b48cb3f771a6367449044a4d228 to remote] DEBUG org.apache.http.wire - http-outgoing-26 >> "[\r][\n]"
11:24:03.477 [Forwarding findElement on session 09126b48cb3f771a6367449044a4d228 to remote] DEBUG org.apache.http.wire - http-outgoing-26 >> "{"value":"//*[@id=\"root\"]/main/div/div/div[1]/div[2]/div[2]/div[2]/div/span","using":"xpath"}"
11:24:03.805 [Forwarding findElement on session 09126b48cb3f771a6367449044a4d228 to remote] DEBUG org.apache.http.wire - http-outgoing-26 << "HTTP/1.1 200 OK[\r][\n]"
11:24:03.806 [Forwarding findElement on session 09126b48cb3f771a6367449044a4d228 to remote] DEBUG org.apache.http.wire - http-outgoing-26 << "Content-Length:88[\r][\n]"
11:24:03.806 [Forwarding findElement on session 09126b48cb3f771a6367449044a4d228 to remote] DEBUG org.apache.http.wire - http-outgoing-26 << "Content-Type:application/json; charset=utf-8[\r][\n]"
11:24:03.806 [Forwarding findElement on session 09126b48cb3f771a6367449044a4d228 to remote] DEBUG org.apache.http.wire - http-outgoing-26 << "cache-control:no-cache[\r][\n]"
11:24:03.806 [Forwarding findElement on session 09126b48cb3f771a6367449044a4d228 to remote] DEBUG org.apache.http.wire - http-outgoing-26 << "[\r][\n]"
11:24:03.806 [Forwarding findElement on session 09126b48cb3f771a6367449044a4d228 to remote] DEBUG org.apache.http.wire - http-outgoing-26 << "{"value":{"element-6066-11e4-a52e-4f735466cecf":"2be12622-62ed-411d-8f0b-a55471ddf866"}}"
11:24:03.806 [Forwarding findElement on session 09126b48cb3f771a6367449044a4d228 to remote] DEBUG org.apache.http.headers - http-outgoing-26 << HTTP/1.1 200 OK
11:24:03.806 [Forwarding findElement on session 09126b48cb3f771a6367449044a4d228 to remote] DEBUG org.apache.http.headers - http-outgoing-26 << Content-Length:88
11:24:03.806 [Forwarding findElement on session 09126b48cb3f771a6367449044a4d228 to remote] DEBUG org.apache.http.headers - http-outgoing-26 << Content-Type:application/json; charset=utf-8
11:24:03.806 [Forwarding findElement on session 09126b48cb3f771a6367449044a4d228 to remote] DEBUG org.apache.http.headers - http-outgoing-26 << cache-control:no-cache
11:24:03.806 [Forwarding findElement on session 09126b48cb3f771a6367449044a4d228 to remote] DEBUG org.apache.http.impl.execchain.MainClientExec - Connection can be kept alive indefinitely
11:24:03.806 [Forwarding findElement on session 09126b48cb3f771a6367449044a4d228 to remote] DEBUG org.apache.http.impl.conn.PoolingHttpClientConnectionManager - Connection [id: 26][route: {}->http://localhost:21465] can be kept alive indefinitely
11:24:03.806 [Forwarding findElement on session 09126b48cb3f771a6367449044a4d228 to remote] DEBUG org.apache.http.impl.conn.PoolingHttpClientConnectionManager - Connection released: [id: 26][route: {}->http://localhost:21465][total kept alive: 27; route allocated: 1 of 2000; total allocated: 27 of 2000]
11:24:03.806 [Forwarding getElementText on session 09126b48cb3f771a6367449044a4d228 to remote] DEBUG org.apache.http.client.protocol.RequestAddCookies - CookieSpec selected: default
11:24:03.806 [Forwarding getElementText on session 09126b48cb3f771a6367449044a4d228 to remote] DEBUG org.apache.http.client.protocol.RequestAuthCache - Auth cache not set in the context
11:24:03.806 [Forwarding getElementText on session 09126b48cb3f771a6367449044a4d228 to remote] DEBUG org.apache.http.impl.conn.PoolingHttpClientConnectionManager - Connection request: [route: {}->http://localhost:21465][total kept alive: 27; route allocated: 1 of 2000; total allocated: 27 of 2000]
11:24:03.806 [Forwarding getElementText on session 09126b48cb3f771a6367449044a4d228 to remote] DEBUG org.apache.http.impl.conn.PoolingHttpClientConnectionManager - Connection leased: [id: 26][route: {}->http://localhost:21465][total kept alive: 26; route allocated: 1 of 2000; total allocated: 27 of 2000]
11:24:03.806 [Forwarding getElementText on session 09126b48cb3f771a6367449044a4d228 to remote] DEBUG org.apache.http.impl.execchain.MainClientExec - Stale connection check
11:24:03.807 [Forwarding getElementText on session 09126b48cb3f771a6367449044a4d228 to remote] DEBUG org.apache.http.wire - http-outgoing-26 << "[read] I/O error: Read timed out"
11:24:03.807 [Forwarding getElementText on session 09126b48cb3f771a6367449044a4d228 to remote] DEBUG org.apache.http.impl.conn.DefaultManagedHttpClientConnection - http-outgoing-26: set socket timeout to 10800000
11:24:03.807 [Forwarding getElementText on session 09126b48cb3f771a6367449044a4d228 to remote] DEBUG org.apache.http.impl.execchain.MainClientExec - Executing request GET /session/09126b48cb3f771a6367449044a4d228/element/2be12622-62ed-411d-8f0b-a55471ddf866/text HTTP/1.1
11:24:03.807 [Forwarding getElementText on session 09126b48cb3f771a6367449044a4d228 to remote] DEBUG org.apache.http.impl.execchain.MainClientExec - Target auth state: UNCHALLENGED
11:24:03.807 [Forwarding getElementText on session 09126b48cb3f771a6367449044a4d228 to remote] DEBUG org.apache.http.impl.execchain.MainClientExec - Proxy auth state: UNCHALLENGED
11:24:03.807 [Forwarding getElementText on session 09126b48cb3f771a6367449044a4d228 to remote] DEBUG org.apache.http.headers - http-outgoing-26 >> GET /session/09126b48cb3f771a6367449044a4d228/element/2be12622-62ed-411d-8f0b-a55471ddf866/text HTTP/1.1
11:24:03.807 [Forwarding getElementText on session 09126b48cb3f771a6367449044a4d228 to remote] DEBUG org.apache.http.headers - http-outgoing-26 >> Cache-Control: no-cache
11:24:03.807 [Forwarding getElementText on session 09126b48cb3f771a6367449044a4d228 to remote] DEBUG org.apache.http.headers - http-outgoing-26 >> Host: localhost:21465
11:24:03.807 [Forwarding getElementText on session 09126b48cb3f771a6367449044a4d228 to remote] DEBUG org.apache.http.headers - http-outgoing-26 >> Connection: Keep-Alive
11:24:03.807 [Forwarding getElementText on session 09126b48cb3f771a6367449044a4d228 to remote] DEBUG org.apache.http.headers - http-outgoing-26 >> User-Agent: Apache-HttpClient/4.5.3 (Java/1.8.0_211)
11:24:03.807 [Forwarding getElementText on session 09126b48cb3f771a6367449044a4d228 to remote] DEBUG org.apache.http.headers - http-outgoing-26 >> Accept-Encoding: gzip,deflate
11:24:03.807 [Forwarding getElementText on session 09126b48cb3f771a6367449044a4d228 to remote] DEBUG org.apache.http.wire - http-outgoing-26 >> "GET /session/09126b48cb3f771a6367449044a4d228/element/2be12622-62ed-411d-8f0b-a55471ddf866/text HTTP/1.1[\r][\n]"
11:24:03.807 [Forwarding getElementText on session 09126b48cb3f771a6367449044a4d228 to remote] DEBUG org.apache.http.wire - http-outgoing-26 >> "Cache-Control: no-cache[\r][\n]"
11:24:03.807 [Forwarding getElementText on session 09126b48cb3f771a6367449044a4d228 to remote] DEBUG org.apache.http.wire - http-outgoing-26 >> "Host: localhost:21465[\r][\n]"
11:24:03.807 [Forwarding getElementText on session 09126b48cb3f771a6367449044a4d228 to remote] DEBUG org.apache.http.wire - http-outgoing-26 >> "Connection: Keep-Alive[\r][\n]"
11:24:03.807 [Forwarding getElementText on session 09126b48cb3f771a6367449044a4d228 to remote] DEBUG org.apache.http.wire - http-outgoing-26 >> "User-Agent: Apache-HttpClient/4.5.3 (Java/1.8.0_211)[\r][\n]"
11:24:03.807 [Forwarding getElementText on session 09126b48cb3f771a6367449044a4d228 to remote] DEBUG org.apache.http.wire - http-outgoing-26 >> "Accept-Encoding: gzip,deflate[\r][\n]"
11:24:03.807 [Forwarding getElementText on session 09126b48cb3f771a6367449044a4d228 to remote] DEBUG org.apache.http.wire - http-outgoing-26 >> "[\r][\n]"
11:24:03.835 [Forwarding getElementText on session 09126b48cb3f771a6367449044a4d228 to remote] DEBUG org.apache.http.wire - http-outgoing-26 << "HTTP/1.1 200 OK[\r][\n]"
11:24:03.835 [Forwarding getElementText on session 09126b48cb3f771a6367449044a4d228 to remote] DEBUG org.apache.http.wire - http-outgoing-26 << "Content-Length:19[\r][\n]"
11:24:03.835 [Forwarding getElementText on session 09126b48cb3f771a6367449044a4d228 to remote] DEBUG org.apache.http.wire - http-outgoing-26 << "Content-Type:application/json; charset=utf-8[\r][\n]"
11:24:03.835 [Forwarding getElementText on session 09126b48cb3f771a6367449044a4d228 to remote] DEBUG org.apache.http.wire - http-outgoing-26 << "cache-control:no-cache[\r][\n]"
11:24:03.835 [Forwarding getElementText on session 09126b48cb3f771a6367449044a4d228 to remote] DEBUG org.apache.http.wire - http-outgoing-26 << "[\r][\n]"
11:24:03.835 [Forwarding getElementText on session 09126b48cb3f771a6367449044a4d228 to remote] DEBUG org.apache.http.wire - http-outgoing-26 << "{"value":"1002000"}"
11:24:03.835 [Forwarding getElementText on session 09126b48cb3f771a6367449044a4d228 to remote] DEBUG org.apache.http.headers - http-outgoing-26 << HTTP/1.1 200 OK
11:24:03.835 [Forwarding getElementText on session 09126b48cb3f771a6367449044a4d228 to remote] DEBUG org.apache.http.headers - http-outgoing-26 << Content-Length:19
11:24:03.835 [Forwarding getElementText on session 09126b48cb3f771a6367449044a4d228 to remote] DEBUG org.apache.http.headers - http-outgoing-26 << Content-Type:application/json; charset=utf-8
11:24:03.835 [Forwarding getElementText on session 09126b48cb3f771a6367449044a4d228 to remote] DEBUG org.apache.http.headers - http-outgoing-26 << cache-control:no-cache
11:24:03.835 [Forwarding getElementText on session 09126b48cb3f771a6367449044a4d228 to remote] DEBUG org.apache.http.impl.execchain.MainClientExec - Connection can be kept alive indefinitely
11:24:03.835 [Forwarding getElementText on session 09126b48cb3f771a6367449044a4d228 to remote] DEBUG org.apache.http.impl.conn.PoolingHttpClientConnectionManager - Connection [id: 26][route: {}->http://localhost:21465] can be kept alive indefinitely
11:24:03.835 [Forwarding getElementText on session 09126b48cb3f771a6367449044a4d228 to remote] DEBUG org.apache.http.impl.conn.PoolingHttpClientConnectionManager - Connection released: [id: 26][route: {}->http://localhost:21465][total kept alive: 27; route allocated: 1 of 2000; total allocated: 27 of 2000]
11:24:08.899 [Forwarding findElement on session cf4cb02005f7b92734dde9b94d4a197e to remote] DEBUG org.apache.http.client.protocol.RequestAddCookies - CookieSpec selected: default
11:24:08.899 [Forwarding findElement on session cf4cb02005f7b92734dde9b94d4a197e to remote] DEBUG org.apache.http.client.protocol.RequestAuthCache - Auth cache not set in the context
11:24:08.899 [Forwarding findElement on session cf4cb02005f7b92734dde9b94d4a197e to remote] DEBUG org.apache.http.impl.conn.PoolingHttpClientConnectionManager - Connection request: [route: {}->http://localhost:6262][total kept alive: 28; route allocated: 1 of 2000; total allocated: 28 of 2000]
11:24:08.899 [Forwarding findElement on session cf4cb02005f7b92734dde9b94d4a197e to remote] DEBUG org.apache.http.impl.conn.PoolingHttpClientConnectionManager - Connection leased: [id: 27][route: {}->http://localhost:6262][total kept alive: 27; route allocated: 1 of 2000; total allocated: 28 of 2000]
11:24:08.899 [Forwarding findElement on session cf4cb02005f7b92734dde9b94d4a197e to remote] DEBUG org.apache.http.impl.execchain.MainClientExec - Stale connection check
11:24:08.900 [Forwarding findElement on session cf4cb02005f7b92734dde9b94d4a197e to remote] DEBUG org.apache.http.wire - http-outgoing-27 << "[read] I/O error: Read timed out"
11:24:08.900 [Forwarding findElement on session cf4cb02005f7b92734dde9b94d4a197e to remote] DEBUG org.apache.http.impl.conn.DefaultManagedHttpClientConnection - http-outgoing-27: set socket timeout to 10800000
11:24:08.900 [Forwarding findElement on session cf4cb02005f7b92734dde9b94d4a197e to remote] DEBUG org.apache.http.impl.execchain.MainClientExec - Executing request POST /session/cf4cb02005f7b92734dde9b94d4a197e/element HTTP/1.1
11:24:08.900 [Forwarding findElement on session cf4cb02005f7b92734dde9b94d4a197e to remote] DEBUG org.apache.http.impl.execchain.MainClientExec - Target auth state: UNCHALLENGED
11:24:08.900 [Forwarding findElement on session cf4cb02005f7b92734dde9b94d4a197e to remote] DEBUG org.apache.http.impl.execchain.MainClientExec - Proxy auth state: UNCHALLENGED
11:24:08.900 [Forwarding findElement on session cf4cb02005f7b92734dde9b94d4a197e to remote] DEBUG org.apache.http.headers - http-outgoing-27 >> POST /session/cf4cb02005f7b92734dde9b94d4a197e/element HTTP/1.1
11:24:08.900 [Forwarding findElement on session cf4cb02005f7b92734dde9b94d4a197e to remote] DEBUG org.apache.http.headers - http-outgoing-27 >> Content-Type: application/json; charset=utf-8
11:24:08.900 [Forwarding findElement on session cf4cb02005f7b92734dde9b94d4a197e to remote] DEBUG org.apache.http.headers - http-outgoing-27 >> Content-Length: 85
11:24:08.900 [Forwarding findElement on session cf4cb02005f7b92734dde9b94d4a197e to remote] DEBUG org.apache.http.headers - http-outgoing-27 >> Host: localhost:6262
11:24:08.900 [Forwarding findElement on session cf4cb02005f7b92734dde9b94d4a197e to remote] DEBUG org.apache.http.headers - http-outgoing-27 >> Connection: Keep-Alive
11:24:08.900 [Forwarding findElement on session cf4cb02005f7b92734dde9b94d4a197e to remote] DEBUG org.apache.http.headers - http-outgoing-27 >> User-Agent: Apache-HttpClient/4.5.3 (Java/1.8.0_211)
11:24:08.900 [Forwarding findElement on session cf4cb02005f7b92734dde9b94d4a197e to remote] DEBUG org.apache.http.headers - http-outgoing-27 >> Accept-Encoding: gzip,deflate
11:24:08.900 [Forwarding findElement on session cf4cb02005f7b92734dde9b94d4a197e to remote] DEBUG org.apache.http.wire - http-outgoing-27 >> "POST /session/cf4cb02005f7b92734dde9b94d4a197e/element HTTP/1.1[\r][\n]"
11:24:08.900 [Forwarding findElement on session cf4cb02005f7b92734dde9b94d4a197e to remote] DEBUG org.apache.http.wire - http-outgoing-27 >> "Content-Type: application/json; charset=utf-8[\r][\n]"
11:24:08.900 [Forwarding findElement on session cf4cb02005f7b92734dde9b94d4a197e to remote] DEBUG org.apache.http.wire - http-outgoing-27 >> "Content-Length: 85[\r][\n]"
11:24:08.900 [Forwarding findElement on session cf4cb02005f7b92734dde9b94d4a197e to remote] DEBUG org.apache.http.wire - http-outgoing-27 >> "Host: localhost:6262[\r][\n]"
11:24:08.900 [Forwarding findElement on session cf4cb02005f7b92734dde9b94d4a197e to remote] DEBUG org.apache.http.wire - http-outgoing-27 >> "Connection: Keep-Alive[\r][\n]"
11:24:08.900 [Forwarding findElement on session cf4cb02005f7b92734dde9b94d4a197e to remote] DEBUG org.apache.http.wire - http-outgoing-27 >> "User-Agent: Apache-HttpClient/4.5.3 (Java/1.8.0_211)[\r][\n]"
11:24:08.900 [Forwarding findElement on session cf4cb02005f7b92734dde9b94d4a197e to remote] DEBUG org.apache.http.wire - http-outgoing-27 >> "Accept-Encoding: gzip,deflate[\r][\n]"
11:24:08.900 [Forwarding findElement on session cf4cb02005f7b92734dde9b94d4a197e to remote] DEBUG org.apache.http.wire - http-outgoing-27 >> "[\r][\n]"
11:24:08.900 [Forwarding findElement on session cf4cb02005f7b92734dde9b94d4a197e to remote] DEBUG org.apache.http.wire - http-outgoing-27 >> "{"value":"//*[@id=\"root\"]/div[1]/div[2]/div/div/div/div/div/input","using":"xpath"}"
11:24:08.916 [Forwarding findElement on session cf4cb02005f7b92734dde9b94d4a197e to remote] DEBUG org.apache.http.wire - http-outgoing-27 << "HTTP/1.1 200 OK[\r][\n]"
11:24:08.916 [Forwarding findElement on session cf4cb02005f7b92734dde9b94d4a197e to remote] DEBUG org.apache.http.wire - http-outgoing-27 << "Content-Length:88[\r][\n]"
11:24:08.916 [Forwarding findElement on session cf4cb02005f7b92734dde9b94d4a197e to remote] DEBUG org.apache.http.wire - http-outgoing-27 << "Content-Type:application/json; charset=utf-8[\r][\n]"
11:24:08.916 [Forwarding findElement on session cf4cb02005f7b92734dde9b94d4a197e to remote] DEBUG org.apache.http.wire - http-outgoing-27 << "cache-control:no-cache[\r][\n]"
11:24:08.916 [Forwarding findElement on session cf4cb02005f7b92734dde9b94d4a197e to remote] DEBUG org.apache.http.wire - http-outgoing-27 << "[\r][\n]"
11:24:08.916 [Forwarding findElement on session cf4cb02005f7b92734dde9b94d4a197e to remote] DEBUG org.apache.http.wire - http-outgoing-27 << "{"value":{"element-6066-11e4-a52e-4f735466cecf":"05bfd0ba-8f22-4cd4-b81d-29a07cf900c4"}}"
11:24:08.916 [Forwarding findElement on session cf4cb02005f7b92734dde9b94d4a197e to remote] DEBUG org.apache.http.headers - http-outgoing-27 << HTTP/1.1 200 OK
11:24:08.916 [Forwarding findElement on session cf4cb02005f7b92734dde9b94d4a197e to remote] DEBUG org.apache.http.headers - http-outgoing-27 << Content-Length:88
11:24:08.916 [Forwarding findElement on session cf4cb02005f7b92734dde9b94d4a197e to remote] DEBUG org.apache.http.headers - http-outgoing-27 << Content-Type:application/json; charset=utf-8
11:24:08.916 [Forwarding findElement on session cf4cb02005f7b92734dde9b94d4a197e to remote] DEBUG org.apache.http.headers - http-outgoing-27 << cache-control:no-cache
11:24:08.916 [Forwarding findElement on session cf4cb02005f7b92734dde9b94d4a197e to remote] DEBUG org.apache.http.impl.execchain.MainClientExec - Connection can be kept alive indefinitely
11:24:08.916 [Forwarding findElement on session cf4cb02005f7b92734dde9b94d4a197e to remote] DEBUG org.apache.http.impl.conn.PoolingHttpClientConnectionManager - Connection [id: 27][route: {}->http://localhost:6262] can be kept alive indefinitely
11:24:08.916 [Forwarding findElement on session cf4cb02005f7b92734dde9b94d4a197e to remote] DEBUG org.apache.http.impl.conn.PoolingHttpClientConnectionManager - Connection released: [id: 27][route: {}->http://localhost:6262][total kept alive: 28; route allocated: 1 of 2000; total allocated: 28 of 2000]
11:24:08.916 [Forwarding sendKeysToElement on session cf4cb02005f7b92734dde9b94d4a197e to remote] DEBUG org.apache.http.client.protocol.RequestAddCookies - CookieSpec selected: default
11:24:08.916 [Forwarding sendKeysToElement on session cf4cb02005f7b92734dde9b94d4a197e to remote] DEBUG org.apache.http.client.protocol.RequestAuthCache - Auth cache not set in the context
11:24:08.916 [Forwarding sendKeysToElement on session cf4cb02005f7b92734dde9b94d4a197e to remote] DEBUG org.apache.http.impl.conn.PoolingHttpClientConnectionManager - Connection request: [route: {}->http://localhost:6262][total kept alive: 28; route allocated: 1 of 2000; total allocated: 28 of 2000]
11:24:08.916 [Forwarding sendKeysToElement on session cf4cb02005f7b92734dde9b94d4a197e to remote] DEBUG org.apache.http.impl.conn.PoolingHttpClientConnectionManager - Connection leased: [id: 27][route: {}->http://localhost:6262][total kept alive: 27; route allocated: 1 of 2000; total allocated: 28 of 2000]
11:24:08.916 [Forwarding sendKeysToElement on session cf4cb02005f7b92734dde9b94d4a197e to remote] DEBUG org.apache.http.impl.execchain.MainClientExec - Stale connection check
11:24:08.918 [Forwarding sendKeysToElement on session cf4cb02005f7b92734dde9b94d4a197e to remote] DEBUG org.apache.http.wire - http-outgoing-27 << "[read] I/O error: Read timed out"
11:24:08.918 [Forwarding sendKeysToElement on session cf4cb02005f7b92734dde9b94d4a197e to remote] DEBUG org.apache.http.impl.conn.DefaultManagedHttpClientConnection - http-outgoing-27: set socket timeout to 10800000
11:24:08.918 [Forwarding sendKeysToElement on session cf4cb02005f7b92734dde9b94d4a197e to remote] DEBUG org.apache.http.impl.execchain.MainClientExec - Executing request POST /session/cf4cb02005f7b92734dde9b94d4a197e/element/05bfd0ba-8f22-4cd4-b81d-29a07cf900c4/value HTTP/1.1
11:24:08.918 [Forwarding sendKeysToElement on session cf4cb02005f7b92734dde9b94d4a197e to remote] DEBUG org.apache.http.impl.execchain.MainClientExec - Target auth state: UNCHALLENGED
11:24:08.918 [Forwarding sendKeysToElement on session cf4cb02005f7b92734dde9b94d4a197e to remote] DEBUG org.apache.http.impl.execchain.MainClientExec - Proxy auth state: UNCHALLENGED
11:24:08.918 [Forwarding sendKeysToElement on session cf4cb02005f7b92734dde9b94d4a197e to remote] DEBUG org.apache.http.headers - http-outgoing-27 >> POST /session/cf4cb02005f7b92734dde9b94d4a197e/element/05bfd0ba-8f22-4cd4-b81d-29a07cf900c4/value HTTP/1.1
11:24:08.918 [Forwarding sendKeysToElement on session cf4cb02005f7b92734dde9b94d4a197e to remote] DEBUG org.apache.http.headers - http-outgoing-27 >> Content-Type: application/json; charset=utf-8
11:24:08.918 [Forwarding sendKeysToElement on session cf4cb02005f7b92734dde9b94d4a197e to remote] DEBUG org.apache.http.headers - http-outgoing-27 >> Content-Length: 85
11:24:08.918 [Forwarding sendKeysToElement on session cf4cb02005f7b92734dde9b94d4a197e to remote] DEBUG org.apache.http.headers - http-outgoing-27 >> Host: localhost:6262
11:24:08.918 [Forwarding sendKeysToElement on session cf4cb02005f7b92734dde9b94d4a197e to remote] DEBUG org.apache.http.headers - http-outgoing-27 >> Connection: Keep-Alive
11:24:08.918 [Forwarding sendKeysToElement on session cf4cb02005f7b92734dde9b94d4a197e to remote] DEBUG org.apache.http.headers - http-outgoing-27 >> User-Agent: Apache-HttpClient/4.5.3 (Java/1.8.0_211)
11:24:08.918 [Forwarding sendKeysToElement on session cf4cb02005f7b92734dde9b94d4a197e to remote] DEBUG org.apache.http.headers - http-outgoing-27 >> Accept-Encoding: gzip,deflate
11:24:08.918 [Forwarding sendKeysToElement on session cf4cb02005f7b92734dde9b94d4a197e to remote] DEBUG org.apache.http.wire - http-outgoing-27 >> "POST /session/cf4cb02005f7b92734dde9b94d4a197e/element/05bfd0ba-8f22-4cd4-b81d-29a07cf900c4/value HTTP/1.1[\r][\n]"
11:24:08.918 [Forwarding sendKeysToElement on session cf4cb02005f7b92734dde9b94d4a197e to remote] DEBUG org.apache.http.wire - http-outgoing-27 >> "Content-Type: application/json; charset=utf-8[\r][\n]"
11:24:08.918 [Forwarding sendKeysToElement on session cf4cb02005f7b92734dde9b94d4a197e to remote] DEBUG org.apache.http.wire - http-outgoing-27 >> "Content-Length: 85[\r][\n]"
11:24:08.918 [Forwarding sendKeysToElement on session cf4cb02005f7b92734dde9b94d4a197e to remote] DEBUG org.apache.http.wire - http-outgoing-27 >> "Host: localhost:6262[\r][\n]"
11:24:08.918 [Forwarding sendKeysToElement on session cf4cb02005f7b92734dde9b94d4a197e to remote] DEBUG org.apache.http.wire - http-outgoing-27 >> "Connection: Keep-Alive[\r][\n]"
11:24:08.918 [Forwarding sendKeysToElement on session cf4cb02005f7b92734dde9b94d4a197e to remote] DEBUG org.apache.http.wire - http-outgoing-27 >> "User-Agent: Apache-HttpClient/4.5.3 (Java/1.8.0_211)[\r][\n]"
11:24:08.918 [Forwarding sendKeysToElement on session cf4cb02005f7b92734dde9b94d4a197e to remote] DEBUG org.apache.http.wire - http-outgoing-27 >> "Accept-Encoding: gzip,deflate[\r][\n]"
11:24:08.918 [Forwarding sendKeysToElement on session cf4cb02005f7b92734dde9b94d4a197e to remote] DEBUG org.apache.http.wire - http-outgoing-27 >> "[\r][\n]"
11:24:08.918 [Forwarding sendKeysToElement on session cf4cb02005f7b92734dde9b94d4a197e to remote] DEBUG org.apache.http.wire - http-outgoing-27 >> "{"id":"05bfd0ba-8f22-4cd4-b81d-29a07cf900c4","text":"USDT","value":["U","S","D","T"]}"
11:24:09.002 [Forwarding sendKeysToElement on session cf4cb02005f7b92734dde9b94d4a197e to remote] DEBUG org.apache.http.wire - http-outgoing-27 << "HTTP/1.1 200 OK[\r][\n]"
11:24:09.002 [Forwarding sendKeysToElement on session cf4cb02005f7b92734dde9b94d4a197e to remote] DEBUG org.apache.http.wire - http-outgoing-27 << "Content-Length:14[\r][\n]"
11:24:09.002 [Forwarding sendKeysToElement on session cf4cb02005f7b92734dde9b94d4a197e to remote] DEBUG org.apache.http.wire - http-outgoing-27 << "Content-Type:application/json; charset=utf-8[\r][\n]"
11:24:09.002 [Forwarding sendKeysToElement on session cf4cb02005f7b92734dde9b94d4a197e to remote] DEBUG org.apache.http.wire - http-outgoing-27 << "cache-control:no-cache[\r][\n]"
11:24:09.002 [Forwarding sendKeysToElement on session cf4cb02005f7b92734dde9b94d4a197e to remote] DEBUG org.apache.http.wire - http-outgoing-27 << "[\r][\n]"
11:24:09.002 [Forwarding sendKeysToElement on session cf4cb02005f7b92734dde9b94d4a197e to remote] DEBUG org.apache.http.wire - http-outgoing-27 << "{"value":null}"
11:24:09.002 [Forwarding sendKeysToElement on session cf4cb02005f7b92734dde9b94d4a197e to remote] DEBUG org.apache.http.headers - http-outgoing-27 << HTTP/1.1 200 OK
11:24:09.002 [Forwarding sendKeysToElement on session cf4cb02005f7b92734dde9b94d4a197e to remote] DEBUG org.apache.http.headers - http-outgoing-27 << Content-Length:14
11:24:09.002 [Forwarding sendKeysToElement on session cf4cb02005f7b92734dde9b94d4a197e to remote] DEBUG org.apache.http.headers - http-outgoing-27 << Content-Type:application/json; charset=utf-8
11:24:09.002 [Forwarding sendKeysToElement on session cf4cb02005f7b92734dde9b94d4a197e to remote] DEBUG org.apache.http.headers - http-outgoing-27 << cache-control:no-cache
11:24:09.002 [Forwarding sendKeysToElement on session cf4cb02005f7b92734dde9b94d4a197e to remote] DEBUG org.apache.http.impl.execchain.MainClientExec - Connection can be kept alive indefinitely
11:24:09.002 [Forwarding sendKeysToElement on session cf4cb02005f7b92734dde9b94d4a197e to remote] DEBUG org.apache.http.impl.conn.PoolingHttpClientConnectionManager - Connection [id: 27][route: {}->http://localhost:6262] can be kept alive indefinitely
11:24:09.002 [Forwarding sendKeysToElement on session cf4cb02005f7b92734dde9b94d4a197e to remote] DEBUG org.apache.http.impl.conn.PoolingHttpClientConnectionManager - Connection released: [id: 27][route: {}->http://localhost:6262][total kept alive: 28; route allocated: 1 of 2000; total allocated: 28 of 2000]
11:24:09.305 [Forwarding findElement on session cf4cb02005f7b92734dde9b94d4a197e to remote] DEBUG org.apache.http.client.protocol.RequestAddCookies - CookieSpec selected: default
11:24:09.305 [Forwarding findElement on session cf4cb02005f7b92734dde9b94d4a197e to remote] DEBUG org.apache.http.client.protocol.RequestAuthCache - Auth cache not set in the context
11:24:09.305 [Forwarding findElement on session cf4cb02005f7b92734dde9b94d4a197e to remote] DEBUG org.apache.http.impl.conn.PoolingHttpClientConnectionManager - Connection request: [route: {}->http://localhost:6262][total kept alive: 28; route allocated: 1 of 2000; total allocated: 28 of 2000]
11:24:09.305 [Forwarding findElement on session cf4cb02005f7b92734dde9b94d4a197e to remote] DEBUG org.apache.http.impl.conn.PoolingHttpClientConnectionManager - Connection leased: [id: 27][route: {}->http://localhost:6262][total kept alive: 27; route allocated: 1 of 2000; total allocated: 28 of 2000]
11:24:09.305 [Forwarding findElement on session cf4cb02005f7b92734dde9b94d4a197e to remote] DEBUG org.apache.http.impl.execchain.MainClientExec - Stale connection check
11:24:09.306 [Forwarding findElement on session cf4cb02005f7b92734dde9b94d4a197e to remote] DEBUG org.apache.http.wire - http-outgoing-27 << "[read] I/O error: Read timed out"
11:24:09.306 [Forwarding findElement on session cf4cb02005f7b92734dde9b94d4a197e to remote] DEBUG org.apache.http.impl.conn.DefaultManagedHttpClientConnection - http-outgoing-27: set socket timeout to 10800000
11:24:09.306 [Forwarding findElement on session cf4cb02005f7b92734dde9b94d4a197e to remote] DEBUG org.apache.http.impl.execchain.MainClientExec - Executing request POST /session/cf4cb02005f7b92734dde9b94d4a197e/element HTTP/1.1
11:24:09.306 [Forwarding findElement on session cf4cb02005f7b92734dde9b94d4a197e to remote] DEBUG org.apache.http.impl.execchain.MainClientExec - Target auth state: UNCHALLENGED
11:24:09.306 [Forwarding findElement on session cf4cb02005f7b92734dde9b94d4a197e to remote] DEBUG org.apache.http.impl.execchain.MainClientExec - Proxy auth state: UNCHALLENGED
11:24:09.306 [Forwarding findElement on session cf4cb02005f7b92734dde9b94d4a197e to remote] DEBUG org.apache.http.headers - http-outgoing-27 >> POST /session/cf4cb02005f7b92734dde9b94d4a197e/element HTTP/1.1
11:24:09.306 [Forwarding findElement on session cf4cb02005f7b92734dde9b94d4a197e to remote] DEBUG org.apache.http.headers - http-outgoing-27 >> Content-Type: application/json; charset=utf-8
11:24:09.306 [Forwarding findElement on session cf4cb02005f7b92734dde9b94d4a197e to remote] DEBUG org.apache.http.headers - http-outgoing-27 >> Content-Length: 69
11:24:09.306 [Forwarding findElement on session cf4cb02005f7b92734dde9b94d4a197e to remote] DEBUG org.apache.http.headers - http-outgoing-27 >> Host: localhost:6262
11:24:09.306 [Forwarding findElement on session cf4cb02005f7b92734dde9b94d4a197e to remote] DEBUG org.apache.http.headers - http-outgoing-27 >> Connection: Keep-Alive
11:24:09.306 [Forwarding findElement on session cf4cb02005f7b92734dde9b94d4a197e to remote] DEBUG org.apache.http.headers - http-outgoing-27 >> User-Agent: Apache-HttpClient/4.5.3 (Java/1.8.0_211)
11:24:09.306 [Forwarding findElement on session cf4cb02005f7b92734dde9b94d4a197e to remote] DEBUG org.apache.http.headers - http-outgoing-27 >> Accept-Encoding: gzip,deflate
11:24:09.306 [Forwarding findElement on session cf4cb02005f7b92734dde9b94d4a197e to remote] DEBUG org.apache.http.wire - http-outgoing-27 >> "POST /session/cf4cb02005f7b92734dde9b94d4a197e/element HTTP/1.1[\r][\n]"
11:24:09.306 [Forwarding findElement on session cf4cb02005f7b92734dde9b94d4a197e to remote] DEBUG org.apache.http.wire - http-outgoing-27 >> "Content-Type: application/json; charset=utf-8[\r][\n]"
11:24:09.306 [Forwarding findElement on session cf4cb02005f7b92734dde9b94d4a197e to remote] DEBUG org.apache.http.wire - http-outgoing-27 >> "Content-Length: 69[\r][\n]"
11:24:09.306 [Forwarding findElement on session cf4cb02005f7b92734dde9b94d4a197e to remote] DEBUG org.apache.http.wire - http-outgoing-27 >> "Host: localhost:6262[\r][\n]"
11:24:09.306 [Forwarding findElement on session cf4cb02005f7b92734dde9b94d4a197e to remote] DEBUG org.apache.http.wire - http-outgoing-27 >> "Connection: Keep-Alive[\r][\n]"
11:24:09.306 [Forwarding findElement on session cf4cb02005f7b92734dde9b94d4a197e to remote] DEBUG org.apache.http.wire - http-outgoing-27 >> "User-Agent: Apache-HttpClient/4.5.3 (Java/1.8.0_211)[\r][\n]"
11:24:09.306 [Forwarding findElement on session cf4cb02005f7b92734dde9b94d4a197e to remote] DEBUG org.apache.http.wire - http-outgoing-27 >> "Accept-Encoding: gzip,deflate[\r][\n]"
11:24:09.306 [Forwarding findElement on session cf4cb02005f7b92734dde9b94d4a197e to remote] DEBUG org.apache.http.wire - http-outgoing-27 >> "[\r][\n]"
11:24:09.306 [Forwarding findElement on session cf4cb02005f7b92734dde9b94d4a197e to remote] DEBUG org.apache.http.wire - http-outgoing-27 >> "{"value":"//*[@id=\"_searchBox\"]/a/div/span/strong","using":"xpath"}"
11:24:09.916 [Forwarding findElement on session cf4cb02005f7b92734dde9b94d4a197e to remote] DEBUG org.apache.http.wire - http-outgoing-27 << "HTTP/1.1 200 OK[\r][\n]"
11:24:09.916 [Forwarding findElement on session cf4cb02005f7b92734dde9b94d4a197e to remote] DEBUG org.apache.http.wire - http-outgoing-27 << "Content-Length:88[\r][\n]"
11:24:09.916 [Forwarding findElement on session cf4cb02005f7b92734dde9b94d4a197e to remote] DEBUG org.apache.http.wire - http-outgoing-27 << "Content-Type:application/json; charset=utf-8[\r][\n]"
11:24:09.916 [Forwarding findElement on session cf4cb02005f7b92734dde9b94d4a197e to remote] DEBUG org.apache.http.wire - http-outgoing-27 << "cache-control:no-cache[\r][\n]"
11:24:09.916 [Forwarding findElement on session cf4cb02005f7b92734dde9b94d4a197e to remote] DEBUG org.apache.http.wire - http-outgoing-27 << "[\r][\n]"
11:24:09.916 [Forwarding findElement on session cf4cb02005f7b92734dde9b94d4a197e to remote] DEBUG org.apache.http.wire - http-outgoing-27 << "{"value":{"element-6066-11e4-a52e-4f735466cecf":"9ad97397-7649-4555-88b0-797cfc27a7fe"}}"
11:24:09.916 [Forwarding findElement on session cf4cb02005f7b92734dde9b94d4a197e to remote] DEBUG org.apache.http.headers - http-outgoing-27 << HTTP/1.1 200 OK
11:24:09.916 [Forwarding findElement on session cf4cb02005f7b92734dde9b94d4a197e to remote] DEBUG org.apache.http.headers - http-outgoing-27 << Content-Length:88
11:24:09.916 [Forwarding findElement on session cf4cb02005f7b92734dde9b94d4a197e to remote] DEBUG org.apache.http.headers - http-outgoing-27 << Content-Type:application/json; charset=utf-8
11:24:09.916 [Forwarding findElement on session cf4cb02005f7b92734dde9b94d4a197e to remote] DEBUG org.apache.http.headers - http-outgoing-27 << cache-control:no-cache
11:24:09.916 [Forwarding findElement on session cf4cb02005f7b92734dde9b94d4a197e to remote] DEBUG org.apache.http.impl.execchain.MainClientExec - Connection can be kept alive indefinitely
11:24:09.916 [Forwarding findElement on session cf4cb02005f7b92734dde9b94d4a197e to remote] DEBUG org.apache.http.impl.conn.PoolingHttpClientConnectionManager - Connection [id: 27][route: {}->http://localhost:6262] can be kept alive indefinitely
11:24:09.916 [Forwarding findElement on session cf4cb02005f7b92734dde9b94d4a197e to remote] DEBUG org.apache.http.impl.conn.PoolingHttpClientConnectionManager - Connection released: [id: 27][route: {}->http://localhost:6262][total kept alive: 28; route allocated: 1 of 2000; total allocated: 28 of 2000]
11:24:09.917 [Forwarding getElementText on session cf4cb02005f7b92734dde9b94d4a197e to remote] DEBUG org.apache.http.client.protocol.RequestAddCookies - CookieSpec selected: default
11:24:09.917 [Forwarding getElementText on session cf4cb02005f7b92734dde9b94d4a197e to remote] DEBUG org.apache.http.client.protocol.RequestAuthCache - Auth cache not set in the context
11:24:09.917 [Forwarding getElementText on session cf4cb02005f7b92734dde9b94d4a197e to remote] DEBUG org.apache.http.impl.conn.PoolingHttpClientConnectionManager - Connection request: [route: {}->http://localhost:6262][total kept alive: 28; route allocated: 1 of 2000; total allocated: 28 of 2000]
11:24:09.917 [Forwarding getElementText on session cf4cb02005f7b92734dde9b94d4a197e to remote] DEBUG org.apache.http.impl.conn.PoolingHttpClientConnectionManager - Connection leased: [id: 27][route: {}->http://localhost:6262][total kept alive: 27; route allocated: 1 of 2000; total allocated: 28 of 2000]
11:24:09.917 [Forwarding getElementText on session cf4cb02005f7b92734dde9b94d4a197e to remote] DEBUG org.apache.http.impl.execchain.MainClientExec - Stale connection check
11:24:09.918 [Forwarding getElementText on session cf4cb02005f7b92734dde9b94d4a197e to remote] DEBUG org.apache.http.wire - http-outgoing-27 << "[read] I/O error: Read timed out"
11:24:09.918 [Forwarding getElementText on session cf4cb02005f7b92734dde9b94d4a197e to remote] DEBUG org.apache.http.impl.conn.DefaultManagedHttpClientConnection - http-outgoing-27: set socket timeout to 10800000
11:24:09.918 [Forwarding getElementText on session cf4cb02005f7b92734dde9b94d4a197e to remote] DEBUG org.apache.http.impl.execchain.MainClientExec - Executing request GET /session/cf4cb02005f7b92734dde9b94d4a197e/element/9ad97397-7649-4555-88b0-797cfc27a7fe/text HTTP/1.1
11:24:09.918 [Forwarding getElementText on session cf4cb02005f7b92734dde9b94d4a197e to remote] DEBUG org.apache.http.impl.execchain.MainClientExec - Target auth state: UNCHALLENGED
11:24:09.918 [Forwarding getElementText on session cf4cb02005f7b92734dde9b94d4a197e to remote] DEBUG org.apache.http.impl.execchain.MainClientExec - Proxy auth state: UNCHALLENGED
11:24:09.918 [Forwarding getElementText on session cf4cb02005f7b92734dde9b94d4a197e to remote] DEBUG org.apache.http.headers - http-outgoing-27 >> GET /session/cf4cb02005f7b92734dde9b94d4a197e/element/9ad97397-7649-4555-88b0-797cfc27a7fe/text HTTP/1.1
11:24:09.918 [Forwarding getElementText on session cf4cb02005f7b92734dde9b94d4a197e to remote] DEBUG org.apache.http.headers - http-outgoing-27 >> Cache-Control: no-cache
11:24:09.918 [Forwarding getElementText on session cf4cb02005f7b92734dde9b94d4a197e to remote] DEBUG org.apache.http.headers - http-outgoing-27 >> Host: localhost:6262
11:24:09.918 [Forwarding getElementText on session cf4cb02005f7b92734dde9b94d4a197e to remote] DEBUG org.apache.http.headers - http-outgoing-27 >> Connection: Keep-Alive
11:24:09.918 [Forwarding getElementText on session cf4cb02005f7b92734dde9b94d4a197e to remote] DEBUG org.apache.http.headers - http-outgoing-27 >> User-Agent: Apache-HttpClient/4.5.3 (Java/1.8.0_211)
11:24:09.918 [Forwarding getElementText on session cf4cb02005f7b92734dde9b94d4a197e to remote] DEBUG org.apache.http.headers - http-outgoing-27 >> Accept-Encoding: gzip,deflate
11:24:09.918 [Forwarding getElementText on session cf4cb02005f7b92734dde9b94d4a197e to remote] DEBUG org.apache.http.wire - http-outgoing-27 >> "GET /session/cf4cb02005f7b92734dde9b94d4a197e/element/9ad97397-7649-4555-88b0-797cfc27a7fe/text HTTP/1.1[\r][\n]"
11:24:09.918 [Forwarding getElementText on session cf4cb02005f7b92734dde9b94d4a197e to remote] DEBUG org.apache.http.wire - http-outgoing-27 >> "Cache-Control: no-cache[\r][\n]"
11:24:09.918 [Forwarding getElementText on session cf4cb02005f7b92734dde9b94d4a197e to remote] DEBUG org.apache.http.wire - http-outgoing-27 >> "Host: localhost:6262[\r][\n]"
11:24:09.918 [Forwarding getElementText on session cf4cb02005f7b92734dde9b94d4a197e to remote] DEBUG org.apache.http.wire - http-outgoing-27 >> "Connection: Keep-Alive[\r][\n]"
11:24:09.918 [Forwarding getElementText on session cf4cb02005f7b92734dde9b94d4a197e to remote] DEBUG org.apache.http.wire - http-outgoing-27 >> "User-Agent: Apache-HttpClient/4.5.3 (Java/1.8.0_211)[\r][\n]"
11:24:09.918 [Forwarding getElementText on session cf4cb02005f7b92734dde9b94d4a197e to remote] DEBUG org.apache.http.wire - http-outgoing-27 >> "Accept-Encoding: gzip,deflate[\r][\n]"
11:24:09.918 [Forwarding getElementText on session cf4cb02005f7b92734dde9b94d4a197e to remote] DEBUG org.apache.http.wire - http-outgoing-27 >> "[\r][\n]"
11:24:09.928 [Forwarding getElementText on session cf4cb02005f7b92734dde9b94d4a197e to remote] DEBUG org.apache.http.wire - http-outgoing-27 << "HTTP/1.1 200 OK[\r][\n]"
11:24:09.928 [Forwarding getElementText on session cf4cb02005f7b92734dde9b94d4a197e to remote] DEBUG org.apache.http.wire - http-outgoing-27 << "Content-Length:63[\r][\n]"
11:24:09.928 [Forwarding getElementText on session cf4cb02005f7b92734dde9b94d4a197e to remote] DEBUG org.apache.http.wire - http-outgoing-27 << "Content-Type:application/json; charset=utf-8[\r][\n]"
11:24:09.928 [Forwarding getElementText on session cf4cb02005f7b92734dde9b94d4a197e to remote] DEBUG org.apache.http.wire - http-outgoing-27 << "cache-control:no-cache[\r][\n]"
11:24:09.928 [Forwarding getElementText on session cf4cb02005f7b92734dde9b94d4a197e to remote] DEBUG org.apache.http.wire - http-outgoing-27 << "[\r][\n]"
11:24:09.928 [Forwarding getElementText on session cf4cb02005f7b92734dde9b94d4a197e to remote] DEBUG org.apache.http.wire - http-outgoing-27 << "{"value":"Tether USD(USDT) TR7NHqjeKQxGTCi8q8ZY4pL8otSzgjLj6t"}"
11:24:09.928 [Forwarding getElementText on session cf4cb02005f7b92734dde9b94d4a197e to remote] DEBUG org.apache.http.headers - http-outgoing-27 << HTTP/1.1 200 OK
11:24:09.928 [Forwarding getElementText on session cf4cb02005f7b92734dde9b94d4a197e to remote] DEBUG org.apache.http.headers - http-outgoing-27 << Content-Length:63
11:24:09.928 [Forwarding getElementText on session cf4cb02005f7b92734dde9b94d4a197e to remote] DEBUG org.apache.http.headers - http-outgoing-27 << Content-Type:application/json; charset=utf-8
11:24:09.928 [Forwarding getElementText on session cf4cb02005f7b92734dde9b94d4a197e to remote] DEBUG org.apache.http.headers - http-outgoing-27 << cache-control:no-cache
11:24:09.928 [Forwarding getElementText on session cf4cb02005f7b92734dde9b94d4a197e to remote] DEBUG org.apache.http.impl.execchain.MainClientExec - Connection can be kept alive indefinitely
11:24:09.928 [Forwarding getElementText on session cf4cb02005f7b92734dde9b94d4a197e to remote] DEBUG org.apache.http.impl.conn.PoolingHttpClientConnectionManager - Connection [id: 27][route: {}->http://localhost:6262] can be kept alive indefinitely
11:24:09.928 [Forwarding getElementText on session cf4cb02005f7b92734dde9b94d4a197e to remote] DEBUG org.apache.http.impl.conn.PoolingHttpClientConnectionManager - Connection released: [id: 27][route: {}->http://localhost:6262][total kept alive: 28; route allocated: 1 of 2000; total allocated: 28 of 2000]
11:24:09.928 [Forwarding findElement on session cf4cb02005f7b92734dde9b94d4a197e to remote] DEBUG org.apache.http.client.protocol.RequestAddCookies - CookieSpec selected: default
11:24:09.928 [Forwarding findElement on session cf4cb02005f7b92734dde9b94d4a197e to remote] DEBUG org.apache.http.client.protocol.RequestAuthCache - Auth cache not set in the context
11:24:09.928 [Forwarding findElement on session cf4cb02005f7b92734dde9b94d4a197e to remote] DEBUG org.apache.http.impl.conn.PoolingHttpClientConnectionManager - Connection request: [route: {}->http://localhost:6262][total kept alive: 28; route allocated: 1 of 2000; total allocated: 28 of 2000]
11:24:09.928 [Forwarding findElement on session cf4cb02005f7b92734dde9b94d4a197e to remote] DEBUG org.apache.http.impl.conn.PoolingHttpClientConnectionManager - Connection leased: [id: 27][route: {}->http://localhost:6262][total kept alive: 27; route allocated: 1 of 2000; total allocated: 28 of 2000]
11:24:09.928 [Forwarding findElement on session cf4cb02005f7b92734dde9b94d4a197e to remote] DEBUG org.apache.http.impl.execchain.MainClientExec - Stale connection check
11:24:09.929 [Forwarding findElement on session cf4cb02005f7b92734dde9b94d4a197e to remote] DEBUG org.apache.http.wire - http-outgoing-27 << "[read] I/O error: Read timed out"
11:24:09.930 [Forwarding findElement on session cf4cb02005f7b92734dde9b94d4a197e to remote] DEBUG org.apache.http.impl.conn.DefaultManagedHttpClientConnection - http-outgoing-27: set socket timeout to 10800000
11:24:09.930 [Forwarding findElement on session cf4cb02005f7b92734dde9b94d4a197e to remote] DEBUG org.apache.http.impl.execchain.MainClientExec - Executing request POST /session/cf4cb02005f7b92734dde9b94d4a197e/element HTTP/1.1
11:24:09.930 [Forwarding findElement on session cf4cb02005f7b92734dde9b94d4a197e to remote] DEBUG org.apache.http.impl.execchain.MainClientExec - Target auth state: UNCHALLENGED
11:24:09.930 [Forwarding findElement on session cf4cb02005f7b92734dde9b94d4a197e to remote] DEBUG org.apache.http.impl.execchain.MainClientExec - Proxy auth state: UNCHALLENGED
11:24:09.930 [Forwarding findElement on session cf4cb02005f7b92734dde9b94d4a197e to remote] DEBUG org.apache.http.headers - http-outgoing-27 >> POST /session/cf4cb02005f7b92734dde9b94d4a197e/element HTTP/1.1
11:24:09.930 [Forwarding findElement on session cf4cb02005f7b92734dde9b94d4a197e to remote] DEBUG org.apache.http.headers - http-outgoing-27 >> Content-Type: application/json; charset=utf-8
11:24:09.930 [Forwarding findElement on session cf4cb02005f7b92734dde9b94d4a197e to remote] DEBUG org.apache.http.headers - http-outgoing-27 >> Content-Length: 53
11:24:09.930 [Forwarding findElement on session cf4cb02005f7b92734dde9b94d4a197e to remote] DEBUG org.apache.http.headers - http-outgoing-27 >> Host: localhost:6262
11:24:09.930 [Forwarding findElement on session cf4cb02005f7b92734dde9b94d4a197e to remote] DEBUG org.apache.http.headers - http-outgoing-27 >> Connection: Keep-Alive
11:24:09.930 [Forwarding findElement on session cf4cb02005f7b92734dde9b94d4a197e to remote] DEBUG org.apache.http.headers - http-outgoing-27 >> User-Agent: Apache-HttpClient/4.5.3 (Java/1.8.0_211)
11:24:09.930 [Forwarding findElement on session cf4cb02005f7b92734dde9b94d4a197e to remote] DEBUG org.apache.http.headers - http-outgoing-27 >> Accept-Encoding: gzip,deflate
11:24:09.930 [Forwarding findElement on session cf4cb02005f7b92734dde9b94d4a197e to remote] DEBUG org.apache.http.wire - http-outgoing-27 >> "POST /session/cf4cb02005f7b92734dde9b94d4a197e/element HTTP/1.1[\r][\n]"
11:24:09.930 [Forwarding findElement on session cf4cb02005f7b92734dde9b94d4a197e to remote] DEBUG org.apache.http.wire - http-outgoing-27 >> "Content-Type: application/json; charset=utf-8[\r][\n]"
11:24:09.930 [Forwarding findElement on session cf4cb02005f7b92734dde9b94d4a197e to remote] DEBUG org.apache.http.wire - http-outgoing-27 >> "Content-Length: 53[\r][\n]"
11:24:09.930 [Forwarding findElement on session cf4cb02005f7b92734dde9b94d4a197e to remote] DEBUG org.apache.http.wire - http-outgoing-27 >> "Host: localhost:6262[\r][\n]"
11:24:09.930 [Forwarding findElement on session cf4cb02005f7b92734dde9b94d4a197e to remote] DEBUG org.apache.http.wire - http-outgoing-27 >> "Connection: Keep-Alive[\r][\n]"
11:24:09.930 [Forwarding findElement on session cf4cb02005f7b92734dde9b94d4a197e to remote] DEBUG org.apache.http.wire - http-outgoing-27 >> "User-Agent: Apache-HttpClient/4.5.3 (Java/1.8.0_211)[\r][\n]"
11:24:09.930 [Forwarding findElement on session cf4cb02005f7b92734dde9b94d4a197e to remote] DEBUG org.apache.http.wire - http-outgoing-27 >> "Accept-Encoding: gzip,deflate[\r][\n]"
11:24:09.930 [Forwarding findElement on session cf4cb02005f7b92734dde9b94d4a197e to remote] DEBUG org.apache.http.wire - http-outgoing-27 >> "[\r][\n]"
11:24:09.930 [Forwarding findElement on session cf4cb02005f7b92734dde9b94d4a197e to remote] DEBUG org.apache.http.wire - http-outgoing-27 >> "{"value":"//*[@id=\"_searchBox\"]/a","using":"xpath"}"
11:24:09.936 [Forwarding findElement on session cf4cb02005f7b92734dde9b94d4a197e to remote] DEBUG org.apache.http.wire - http-outgoing-27 << "HTTP/1.1 200 OK[\r][\n]"
11:24:09.936 [Forwarding findElement on session cf4cb02005f7b92734dde9b94d4a197e to remote] DEBUG org.apache.http.wire - http-outgoing-27 << "Content-Length:88[\r][\n]"
11:24:09.936 [Forwarding findElement on session cf4cb02005f7b92734dde9b94d4a197e to remote] DEBUG org.apache.http.wire - http-outgoing-27 << "Content-Type:application/json; charset=utf-8[\r][\n]"
11:24:09.936 [Forwarding findElement on session cf4cb02005f7b92734dde9b94d4a197e to remote] DEBUG org.apache.http.wire - http-outgoing-27 << "cache-control:no-cache[\r][\n]"
11:24:09.936 [Forwarding findElement on session cf4cb02005f7b92734dde9b94d4a197e to remote] DEBUG org.apache.http.wire - http-outgoing-27 << "[\r][\n]"
11:24:09.936 [Forwarding findElement on session cf4cb02005f7b92734dde9b94d4a197e to remote] DEBUG org.apache.http.wire - http-outgoing-27 << "{"value":{"element-6066-11e4-a52e-4f735466cecf":"f05ec654-8321-4965-ba03-d1c97dd61e07"}}"
11:24:09.936 [Forwarding findElement on session cf4cb02005f7b92734dde9b94d4a197e to remote] DEBUG org.apache.http.headers - http-outgoing-27 << HTTP/1.1 200 OK
11:24:09.936 [Forwarding findElement on session cf4cb02005f7b92734dde9b94d4a197e to remote] DEBUG org.apache.http.headers - http-outgoing-27 << Content-Length:88
11:24:09.936 [Forwarding findElement on session cf4cb02005f7b92734dde9b94d4a197e to remote] DEBUG org.apache.http.headers - http-outgoing-27 << Content-Type:application/json; charset=utf-8
11:24:09.936 [Forwarding findElement on session cf4cb02005f7b92734dde9b94d4a197e to remote] DEBUG org.apache.http.headers - http-outgoing-27 << cache-control:no-cache
11:24:09.936 [Forwarding findElement on session cf4cb02005f7b92734dde9b94d4a197e to remote] DEBUG org.apache.http.impl.execchain.MainClientExec - Connection can be kept alive indefinitely
11:24:09.936 [Forwarding findElement on session cf4cb02005f7b92734dde9b94d4a197e to remote] DEBUG org.apache.http.impl.conn.PoolingHttpClientConnectionManager - Connection [id: 27][route: {}->http://localhost:6262] can be kept alive indefinitely
11:24:09.936 [Forwarding findElement on session cf4cb02005f7b92734dde9b94d4a197e to remote] DEBUG org.apache.http.impl.conn.PoolingHttpClientConnectionManager - Connection released: [id: 27][route: {}->http://localhost:6262][total kept alive: 28; route allocated: 1 of 2000; total allocated: 28 of 2000]
11:24:09.936 [Forwarding clickElement on session cf4cb02005f7b92734dde9b94d4a197e to remote] DEBUG org.apache.http.client.protocol.RequestAddCookies - CookieSpec selected: default
11:24:09.936 [Forwarding clickElement on session cf4cb02005f7b92734dde9b94d4a197e to remote] DEBUG org.apache.http.client.protocol.RequestAuthCache - Auth cache not set in the context
11:24:09.936 [Forwarding clickElement on session cf4cb02005f7b92734dde9b94d4a197e to remote] DEBUG org.apache.http.impl.conn.PoolingHttpClientConnectionManager - Connection request: [route: {}->http://localhost:6262][total kept alive: 28; route allocated: 1 of 2000; total allocated: 28 of 2000]
11:24:09.936 [Forwarding clickElement on session cf4cb02005f7b92734dde9b94d4a197e to remote] DEBUG org.apache.http.impl.conn.PoolingHttpClientConnectionManager - Connection leased: [id: 27][route: {}->http://localhost:6262][total kept alive: 27; route allocated: 1 of 2000; total allocated: 28 of 2000]
11:24:09.936 [Forwarding clickElement on session cf4cb02005f7b92734dde9b94d4a197e to remote] DEBUG org.apache.http.impl.execchain.MainClientExec - Stale connection check
11:24:09.937 [Forwarding clickElement on session cf4cb02005f7b92734dde9b94d4a197e to remote] DEBUG org.apache.http.wire - http-outgoing-27 << "[read] I/O error: Read timed out"
11:24:09.938 [Forwarding clickElement on session cf4cb02005f7b92734dde9b94d4a197e to remote] DEBUG org.apache.http.impl.conn.DefaultManagedHttpClientConnection - http-outgoing-27: set socket timeout to 10800000
11:24:09.938 [Forwarding clickElement on session cf4cb02005f7b92734dde9b94d4a197e to remote] DEBUG org.apache.http.impl.execchain.MainClientExec - Executing request POST /session/cf4cb02005f7b92734dde9b94d4a197e/element/f05ec654-8321-4965-ba03-d1c97dd61e07/click HTTP/1.1
11:24:09.938 [Forwarding clickElement on session cf4cb02005f7b92734dde9b94d4a197e to remote] DEBUG org.apache.http.impl.execchain.MainClientExec - Target auth state: UNCHALLENGED
11:24:09.938 [Forwarding clickElement on session cf4cb02005f7b92734dde9b94d4a197e to remote] DEBUG org.apache.http.impl.execchain.MainClientExec - Proxy auth state: UNCHALLENGED
11:24:09.938 [Forwarding clickElement on session cf4cb02005f7b92734dde9b94d4a197e to remote] DEBUG org.apache.http.headers - http-outgoing-27 >> POST /session/cf4cb02005f7b92734dde9b94d4a197e/element/f05ec654-8321-4965-ba03-d1c97dd61e07/click HTTP/1.1
11:24:09.938 [Forwarding clickElement on session cf4cb02005f7b92734dde9b94d4a197e to remote] DEBUG org.apache.http.headers - http-outgoing-27 >> Content-Type: application/json; charset=utf-8
11:24:09.938 [Forwarding clickElement on session cf4cb02005f7b92734dde9b94d4a197e to remote] DEBUG org.apache.http.headers - http-outgoing-27 >> Content-Length: 45
11:24:09.938 [Forwarding clickElement on session cf4cb02005f7b92734dde9b94d4a197e to remote] DEBUG org.apache.http.headers - http-outgoing-27 >> Host: localhost:6262
11:24:09.938 [Forwarding clickElement on session cf4cb02005f7b92734dde9b94d4a197e to remote] DEBUG org.apache.http.headers - http-outgoing-27 >> Connection: Keep-Alive
11:24:09.938 [Forwarding clickElement on session cf4cb02005f7b92734dde9b94d4a197e to remote] DEBUG org.apache.http.headers - http-outgoing-27 >> User-Agent: Apache-HttpClient/4.5.3 (Java/1.8.0_211)
11:24:09.938 [Forwarding clickElement on session cf4cb02005f7b92734dde9b94d4a197e to remote] DEBUG org.apache.http.headers - http-outgoing-27 >> Accept-Encoding: gzip,deflate
11:24:09.938 [Forwarding clickElement on session cf4cb02005f7b92734dde9b94d4a197e to remote] DEBUG org.apache.http.wire - http-outgoing-27 >> "POST /session/cf4cb02005f7b92734dde9b94d4a197e/element/f05ec654-8321-4965-ba03-d1c97dd61e07/click HTTP/1.1[\r][\n]"
11:24:09.938 [Forwarding clickElement on session cf4cb02005f7b92734dde9b94d4a197e to remote] DEBUG org.apache.http.wire - http-outgoing-27 >> "Content-Type: application/json; charset=utf-8[\r][\n]"
11:24:09.938 [Forwarding clickElement on session cf4cb02005f7b92734dde9b94d4a197e to remote] DEBUG org.apache.http.wire - http-outgoing-27 >> "Content-Length: 45[\r][\n]"
11:24:09.938 [Forwarding clickElement on session cf4cb02005f7b92734dde9b94d4a197e to remote] DEBUG org.apache.http.wire - http-outgoing-27 >> "Host: localhost:6262[\r][\n]"
11:24:09.938 [Forwarding clickElement on session cf4cb02005f7b92734dde9b94d4a197e to remote] DEBUG org.apache.http.wire - http-outgoing-27 >> "Connection: Keep-Alive[\r][\n]"
11:24:09.938 [Forwarding clickElement on session cf4cb02005f7b92734dde9b94d4a197e to remote] DEBUG org.apache.http.wire - http-outgoing-27 >> "User-Agent: Apache-HttpClient/4.5.3 (Java/1.8.0_211)[\r][\n]"
11:24:09.938 [Forwarding clickElement on session cf4cb02005f7b92734dde9b94d4a197e to remote] DEBUG org.apache.http.wire - http-outgoing-27 >> "Accept-Encoding: gzip,deflate[\r][\n]"
11:24:09.938 [Forwarding clickElement on session cf4cb02005f7b92734dde9b94d4a197e to remote] DEBUG org.apache.http.wire - http-outgoing-27 >> "[\r][\n]"
11:24:09.938 [Forwarding clickElement on session cf4cb02005f7b92734dde9b94d4a197e to remote] DEBUG org.apache.http.wire - http-outgoing-27 >> "{"id":"f05ec654-8321-4965-ba03-d1c97dd61e07"}"
11:24:09.987 [Forwarding clickElement on session cf4cb02005f7b92734dde9b94d4a197e to remote] DEBUG org.apache.http.wire - http-outgoing-27 << "HTTP/1.1 200 OK[\r][\n]"
11:24:09.987 [Forwarding clickElement on session cf4cb02005f7b92734dde9b94d4a197e to remote] DEBUG org.apache.http.wire - http-outgoing-27 << "Content-Length:14[\r][\n]"
11:24:09.987 [Forwarding clickElement on session cf4cb02005f7b92734dde9b94d4a197e to remote] DEBUG org.apache.http.wire - http-outgoing-27 << "Content-Type:application/json; charset=utf-8[\r][\n]"
11:24:09.987 [Forwarding clickElement on session cf4cb02005f7b92734dde9b94d4a197e to remote] DEBUG org.apache.http.wire - http-outgoing-27 << "cache-control:no-cache[\r][\n]"
11:24:09.987 [Forwarding clickElement on session cf4cb02005f7b92734dde9b94d4a197e to remote] DEBUG org.apache.http.wire - http-outgoing-27 << "[\r][\n]"
11:24:09.987 [Forwarding clickElement on session cf4cb02005f7b92734dde9b94d4a197e to remote] DEBUG org.apache.http.wire - http-outgoing-27 << "{"value":null}"
11:24:09.987 [Forwarding clickElement on session cf4cb02005f7b92734dde9b94d4a197e to remote] DEBUG org.apache.http.headers - http-outgoing-27 << HTTP/1.1 200 OK
11:24:09.987 [Forwarding clickElement on session cf4cb02005f7b92734dde9b94d4a197e to remote] DEBUG org.apache.http.headers - http-outgoing-27 << Content-Length:14
11:24:09.987 [Forwarding clickElement on session cf4cb02005f7b92734dde9b94d4a197e to remote] DEBUG org.apache.http.headers - http-outgoing-27 << Content-Type:application/json; charset=utf-8
11:24:09.987 [Forwarding clickElement on session cf4cb02005f7b92734dde9b94d4a197e to remote] DEBUG org.apache.http.headers - http-outgoing-27 << cache-control:no-cache
11:24:09.987 [Forwarding clickElement on session cf4cb02005f7b92734dde9b94d4a197e to remote] DEBUG org.apache.http.impl.execchain.MainClientExec - Connection can be kept alive indefinitely
11:24:09.987 [Forwarding clickElement on session cf4cb02005f7b92734dde9b94d4a197e to remote] DEBUG org.apache.http.impl.conn.PoolingHttpClientConnectionManager - Connection [id: 27][route: {}->http://localhost:6262] can be kept alive indefinitely
11:24:09.987 [Forwarding clickElement on session cf4cb02005f7b92734dde9b94d4a197e to remote] DEBUG org.apache.http.impl.conn.PoolingHttpClientConnectionManager - Connection released: [id: 27][route: {}->http://localhost:6262][total kept alive: 28; route allocated: 1 of 2000; total allocated: 28 of 2000]
11:24:10.289 [Forwarding findElement on session cf4cb02005f7b92734dde9b94d4a197e to remote] DEBUG org.apache.http.client.protocol.RequestAddCookies - CookieSpec selected: default
11:24:10.289 [Forwarding findElement on session cf4cb02005f7b92734dde9b94d4a197e to remote] DEBUG org.apache.http.client.protocol.RequestAuthCache - Auth cache not set in the context
11:24:10.289 [Forwarding findElement on session cf4cb02005f7b92734dde9b94d4a197e to remote] DEBUG org.apache.http.impl.conn.PoolingHttpClientConnectionManager - Connection request: [route: {}->http://localhost:6262][total kept alive: 28; route allocated: 1 of 2000; total allocated: 28 of 2000]
11:24:10.289 [Forwarding findElement on session cf4cb02005f7b92734dde9b94d4a197e to remote] DEBUG org.apache.http.impl.conn.PoolingHttpClientConnectionManager - Connection leased: [id: 27][route: {}->http://localhost:6262][total kept alive: 27; route allocated: 1 of 2000; total allocated: 28 of 2000]
11:24:10.290 [Forwarding findElement on session cf4cb02005f7b92734dde9b94d4a197e to remote] DEBUG org.apache.http.impl.execchain.MainClientExec - Stale connection check
11:24:10.291 [Forwarding findElement on session cf4cb02005f7b92734dde9b94d4a197e to remote] DEBUG org.apache.http.wire - http-outgoing-27 << "[read] I/O error: Read timed out"
11:24:10.291 [Forwarding findElement on session cf4cb02005f7b92734dde9b94d4a197e to remote] DEBUG org.apache.http.impl.conn.DefaultManagedHttpClientConnection - http-outgoing-27: set socket timeout to 10800000
11:24:10.291 [Forwarding findElement on session cf4cb02005f7b92734dde9b94d4a197e to remote] DEBUG org.apache.http.impl.execchain.MainClientExec - Executing request POST /session/cf4cb02005f7b92734dde9b94d4a197e/element HTTP/1.1
11:24:10.291 [Forwarding findElement on session cf4cb02005f7b92734dde9b94d4a197e to remote] DEBUG org.apache.http.impl.execchain.MainClientExec - Target auth state: UNCHALLENGED
11:24:10.291 [Forwarding findElement on session cf4cb02005f7b92734dde9b94d4a197e to remote] DEBUG org.apache.http.impl.execchain.MainClientExec - Proxy auth state: UNCHALLENGED
11:24:10.291 [Forwarding findElement on session cf4cb02005f7b92734dde9b94d4a197e to remote] DEBUG org.apache.http.headers - http-outgoing-27 >> POST /session/cf4cb02005f7b92734dde9b94d4a197e/element HTTP/1.1
11:24:10.291 [Forwarding findElement on session cf4cb02005f7b92734dde9b94d4a197e to remote] DEBUG org.apache.http.headers - http-outgoing-27 >> Content-Type: application/json; charset=utf-8
11:24:10.291 [Forwarding findElement on session cf4cb02005f7b92734dde9b94d4a197e to remote] DEBUG org.apache.http.headers - http-outgoing-27 >> Content-Length: 118
11:24:10.291 [Forwarding findElement on session cf4cb02005f7b92734dde9b94d4a197e to remote] DEBUG org.apache.http.headers - http-outgoing-27 >> Host: localhost:6262
11:24:10.291 [Forwarding findElement on session cf4cb02005f7b92734dde9b94d4a197e to remote] DEBUG org.apache.http.headers - http-outgoing-27 >> Connection: Keep-Alive
11:24:10.291 [Forwarding findElement on session cf4cb02005f7b92734dde9b94d4a197e to remote] DEBUG org.apache.http.headers - http-outgoing-27 >> User-Agent: Apache-HttpClient/4.5.3 (Java/1.8.0_211)
11:24:10.291 [Forwarding findElement on session cf4cb02005f7b92734dde9b94d4a197e to remote] DEBUG org.apache.http.headers - http-outgoing-27 >> Accept-Encoding: gzip,deflate
11:24:10.291 [Forwarding findElement on session cf4cb02005f7b92734dde9b94d4a197e to remote] DEBUG org.apache.http.wire - http-outgoing-27 >> "POST /session/cf4cb02005f7b92734dde9b94d4a197e/element HTTP/1.1[\r][\n]"
11:24:10.291 [Forwarding findElement on session cf4cb02005f7b92734dde9b94d4a197e to remote] DEBUG org.apache.http.wire - http-outgoing-27 >> "Content-Type: application/json; charset=utf-8[\r][\n]"
11:24:10.291 [Forwarding findElement on session cf4cb02005f7b92734dde9b94d4a197e to remote] DEBUG org.apache.http.wire - http-outgoing-27 >> "Content-Length: 118[\r][\n]"
11:24:10.291 [Forwarding findElement on session cf4cb02005f7b92734dde9b94d4a197e to remote] DEBUG org.apache.http.wire - http-outgoing-27 >> "Host: localhost:6262[\r][\n]"
11:24:10.291 [Forwarding findElement on session cf4cb02005f7b92734dde9b94d4a197e to remote] DEBUG org.apache.http.wire - http-outgoing-27 >> "Connection: Keep-Alive[\r][\n]"
11:24:10.291 [Forwarding findElement on session cf4cb02005f7b92734dde9b94d4a197e to remote] DEBUG org.apache.http.wire - http-outgoing-27 >> "User-Agent: Apache-HttpClient/4.5.3 (Java/1.8.0_211)[\r][\n]"
11:24:10.291 [Forwarding findElement on session cf4cb02005f7b92734dde9b94d4a197e to remote] DEBUG org.apache.http.wire - http-outgoing-27 >> "Accept-Encoding: gzip,deflate[\r][\n]"
11:24:10.291 [Forwarding findElement on session cf4cb02005f7b92734dde9b94d4a197e to remote] DEBUG org.apache.http.wire - http-outgoing-27 >> "[\r][\n]"
11:24:10.291 [Forwarding findElement on session cf4cb02005f7b92734dde9b94d4a197e to remote] DEBUG org.apache.http.wire - http-outgoing-27 >> "{"value":"//*[@id=\"root\"]/main/div/div/div[1]/div[2]/div[2]/div[2]/div/span/div/div/span/div/a/div","using":"xpath"}"
11:24:11.870 [Forwarding findElement on session cf4cb02005f7b92734dde9b94d4a197e to remote] DEBUG org.apache.http.wire - http-outgoing-27 << "HTTP/1.1 200 OK[\r][\n]"
11:24:11.870 [Forwarding findElement on session cf4cb02005f7b92734dde9b94d4a197e to remote] DEBUG org.apache.http.wire - http-outgoing-27 << "Content-Length:88[\r][\n]"
11:24:11.870 [Forwarding findElement on session cf4cb02005f7b92734dde9b94d4a197e to remote] DEBUG org.apache.http.wire - http-outgoing-27 << "Content-Type:application/json; charset=utf-8[\r][\n]"
11:24:11.870 [Forwarding findElement on session cf4cb02005f7b92734dde9b94d4a197e to remote] DEBUG org.apache.http.wire - http-outgoing-27 << "cache-control:no-cache[\r][\n]"
11:24:11.870 [Forwarding findElement on session cf4cb02005f7b92734dde9b94d4a197e to remote] DEBUG org.apache.http.wire - http-outgoing-27 << "[\r][\n]"
11:24:11.870 [Forwarding findElement on session cf4cb02005f7b92734dde9b94d4a197e to remote] DEBUG org.apache.http.wire - http-outgoing-27 << "{"value":{"element-6066-11e4-a52e-4f735466cecf":"79bb3460-4f15-4ab8-8726-ccef7ffc4d4c"}}"
11:24:11.870 [Forwarding findElement on session cf4cb02005f7b92734dde9b94d4a197e to remote] DEBUG org.apache.http.headers - http-outgoing-27 << HTTP/1.1 200 OK
11:24:11.870 [Forwarding findElement on session cf4cb02005f7b92734dde9b94d4a197e to remote] DEBUG org.apache.http.headers - http-outgoing-27 << Content-Length:88
11:24:11.870 [Forwarding findElement on session cf4cb02005f7b92734dde9b94d4a197e to remote] DEBUG org.apache.http.headers - http-outgoing-27 << Content-Type:application/json; charset=utf-8
11:24:11.870 [Forwarding findElement on session cf4cb02005f7b92734dde9b94d4a197e to remote] DEBUG org.apache.http.headers - http-outgoing-27 << cache-control:no-cache
11:24:11.870 [Forwarding findElement on session cf4cb02005f7b92734dde9b94d4a197e to remote] DEBUG org.apache.http.impl.execchain.MainClientExec - Connection can be kept alive indefinitely
11:24:11.870 [Forwarding findElement on session cf4cb02005f7b92734dde9b94d4a197e to remote] DEBUG org.apache.http.impl.conn.PoolingHttpClientConnectionManager - Connection [id: 27][route: {}->http://localhost:6262] can be kept alive indefinitely
11:24:11.870 [Forwarding findElement on session cf4cb02005f7b92734dde9b94d4a197e to remote] DEBUG org.apache.http.impl.conn.PoolingHttpClientConnectionManager - Connection released: [id: 27][route: {}->http://localhost:6262][total kept alive: 28; route allocated: 1 of 2000; total allocated: 28 of 2000]
11:24:11.870 [Forwarding getElementText on session cf4cb02005f7b92734dde9b94d4a197e to remote] DEBUG org.apache.http.client.protocol.RequestAddCookies - CookieSpec selected: default
11:24:11.870 [Forwarding getElementText on session cf4cb02005f7b92734dde9b94d4a197e to remote] DEBUG org.apache.http.client.protocol.RequestAuthCache - Auth cache not set in the context
11:24:11.870 [Forwarding getElementText on session cf4cb02005f7b92734dde9b94d4a197e to remote] DEBUG org.apache.http.impl.conn.PoolingHttpClientConnectionManager - Connection request: [route: {}->http://localhost:6262][total kept alive: 28; route allocated: 1 of 2000; total allocated: 28 of 2000]
11:24:11.870 [Forwarding getElementText on session cf4cb02005f7b92734dde9b94d4a197e to remote] DEBUG org.apache.http.impl.conn.PoolingHttpClientConnectionManager - Connection leased: [id: 27][route: {}->http://localhost:6262][total kept alive: 27; route allocated: 1 of 2000; total allocated: 28 of 2000]
11:24:11.870 [Forwarding getElementText on session cf4cb02005f7b92734dde9b94d4a197e to remote] DEBUG org.apache.http.impl.execchain.MainClientExec - Stale connection check
11:24:11.872 [Forwarding getElementText on session cf4cb02005f7b92734dde9b94d4a197e to remote] DEBUG org.apache.http.wire - http-outgoing-27 << "[read] I/O error: Read timed out"
11:24:11.872 [Forwarding getElementText on session cf4cb02005f7b92734dde9b94d4a197e to remote] DEBUG org.apache.http.impl.conn.DefaultManagedHttpClientConnection - http-outgoing-27: set socket timeout to 10800000
11:24:11.872 [Forwarding getElementText on session cf4cb02005f7b92734dde9b94d4a197e to remote] DEBUG org.apache.http.impl.execchain.MainClientExec - Executing request GET /session/cf4cb02005f7b92734dde9b94d4a197e/element/79bb3460-4f15-4ab8-8726-ccef7ffc4d4c/text HTTP/1.1
11:24:11.872 [Forwarding getElementText on session cf4cb02005f7b92734dde9b94d4a197e to remote] DEBUG org.apache.http.impl.execchain.MainClientExec - Target auth state: UNCHALLENGED
11:24:11.872 [Forwarding getElementText on session cf4cb02005f7b92734dde9b94d4a197e to remote] DEBUG org.apache.http.impl.execchain.MainClientExec - Proxy auth state: UNCHALLENGED
11:24:11.872 [Forwarding getElementText on session cf4cb02005f7b92734dde9b94d4a197e to remote] DEBUG org.apache.http.headers - http-outgoing-27 >> GET /session/cf4cb02005f7b92734dde9b94d4a197e/element/79bb3460-4f15-4ab8-8726-ccef7ffc4d4c/text HTTP/1.1
11:24:11.872 [Forwarding getElementText on session cf4cb02005f7b92734dde9b94d4a197e to remote] DEBUG org.apache.http.headers - http-outgoing-27 >> Cache-Control: no-cache
11:24:11.872 [Forwarding getElementText on session cf4cb02005f7b92734dde9b94d4a197e to remote] DEBUG org.apache.http.headers - http-outgoing-27 >> Host: localhost:6262
11:24:11.872 [Forwarding getElementText on session cf4cb02005f7b92734dde9b94d4a197e to remote] DEBUG org.apache.http.headers - http-outgoing-27 >> Connection: Keep-Alive
11:24:11.872 [Forwarding getElementText on session cf4cb02005f7b92734dde9b94d4a197e to remote] DEBUG org.apache.http.headers - http-outgoing-27 >> User-Agent: Apache-HttpClient/4.5.3 (Java/1.8.0_211)
11:24:11.872 [Forwarding getElementText on session cf4cb02005f7b92734dde9b94d4a197e to remote] DEBUG org.apache.http.headers - http-outgoing-27 >> Accept-Encoding: gzip,deflate
11:24:11.872 [Forwarding getElementText on session cf4cb02005f7b92734dde9b94d4a197e to remote] DEBUG org.apache.http.wire - http-outgoing-27 >> "GET /session/cf4cb02005f7b92734dde9b94d4a197e/element/79bb3460-4f15-4ab8-8726-ccef7ffc4d4c/text HTTP/1.1[\r][\n]"
11:24:11.872 [Forwarding getElementText on session cf4cb02005f7b92734dde9b94d4a197e to remote] DEBUG org.apache.http.wire - http-outgoing-27 >> "Cache-Control: no-cache[\r][\n]"
11:24:11.872 [Forwarding getElementText on session cf4cb02005f7b92734dde9b94d4a197e to remote] DEBUG org.apache.http.wire - http-outgoing-27 >> "Host: localhost:6262[\r][\n]"
11:24:11.872 [Forwarding getElementText on session cf4cb02005f7b92734dde9b94d4a197e to remote] DEBUG org.apache.http.wire - http-outgoing-27 >> "Connection: Keep-Alive[\r][\n]"
11:24:11.872 [Forwarding getElementText on session cf4cb02005f7b92734dde9b94d4a197e to remote] DEBUG org.apache.http.wire - http-outgoing-27 >> "User-Agent: Apache-HttpClient/4.5.3 (Java/1.8.0_211)[\r][\n]"
11:24:11.872 [Forwarding getElementText on session cf4cb02005f7b92734dde9b94d4a197e to remote] DEBUG org.apache.http.wire - http-outgoing-27 >> "Accept-Encoding: gzip,deflate[\r][\n]"
11:24:11.872 [Forwarding getElementText on session cf4cb02005f7b92734dde9b94d4a197e to remote] DEBUG org.apache.http.wire - http-outgoing-27 >> "[\r][\n]"
11:24:11.879 [Forwarding getElementText on session cf4cb02005f7b92734dde9b94d4a197e to remote] DEBUG org.apache.http.wire - http-outgoing-27 << "HTTP/1.1 200 OK[\r][\n]"
11:24:11.879 [Forwarding getElementText on session cf4cb02005f7b92734dde9b94d4a197e to remote] DEBUG org.apache.http.wire - http-outgoing-27 << "Content-Length:46[\r][\n]"
11:24:11.879 [Forwarding getElementText on session cf4cb02005f7b92734dde9b94d4a197e to remote] DEBUG org.apache.http.wire - http-outgoing-27 << "Content-Type:application/json; charset=utf-8[\r][\n]"
11:24:11.879 [Forwarding getElementText on session cf4cb02005f7b92734dde9b94d4a197e to remote] DEBUG org.apache.http.wire - http-outgoing-27 << "cache-control:no-cache[\r][\n]"
11:24:11.879 [Forwarding getElementText on session cf4cb02005f7b92734dde9b94d4a197e to remote] DEBUG org.apache.http.wire - http-outgoing-27 << "[\r][\n]"
11:24:11.879 [Forwarding getElementText on session cf4cb02005f7b92734dde9b94d4a197e to remote] DEBUG org.apache.http.wire - http-outgoing-27 << "{"value":"TR7NHqjeKQxGTCi8q8ZY4pL8otSzgjLj6t"}"
11:24:11.879 [Forwarding getElementText on session cf4cb02005f7b92734dde9b94d4a197e to remote] DEBUG org.apache.http.headers - http-outgoing-27 << HTTP/1.1 200 OK
11:24:11.879 [Forwarding getElementText on session cf4cb02005f7b92734dde9b94d4a197e to remote] DEBUG org.apache.http.headers - http-outgoing-27 << Content-Length:46
11:24:11.879 [Forwarding getElementText on session cf4cb02005f7b92734dde9b94d4a197e to remote] DEBUG org.apache.http.headers - http-outgoing-27 << Content-Type:application/json; charset=utf-8
11:24:11.879 [Forwarding getElementText on session cf4cb02005f7b92734dde9b94d4a197e to remote] DEBUG org.apache.http.headers - http-outgoing-27 << cache-control:no-cache
11:24:11.879 [Forwarding getElementText on session cf4cb02005f7b92734dde9b94d4a197e to remote] DEBUG org.apache.http.impl.execchain.MainClientExec - Connection can be kept alive indefinitely
11:24:11.879 [Forwarding getElementText on session cf4cb02005f7b92734dde9b94d4a197e to remote] DEBUG org.apache.http.impl.conn.PoolingHttpClientConnectionManager - Connection [id: 27][route: {}->http://localhost:6262] can be kept alive indefinitely
11:24:11.879 [Forwarding getElementText on session cf4cb02005f7b92734dde9b94d4a197e to remote] DEBUG org.apache.http.impl.conn.PoolingHttpClientConnectionManager - Connection released: [id: 27][route: {}->http://localhost:6262][total kept alive: 28; route allocated: 1 of 2000; total allocated: 28 of 2000]
]]></system-out>
  <system-err><![CDATA[Starting ChromeDriver 80.0.3987.106 (f68069574609230cf9b635cd784cfb1bf81bb53a-refs/branch-heads/3987@{#882}) on port 15668
Only local connections are allowed.
Please protect ports used by ChromeDriver and related test frameworks to prevent access by malicious code.
[1585711413.950][WARNING]: FromSockAddr failed on netmask
四月 01, 2020 11:23:34 上午 org.openqa.selenium.remote.ProtocolHandshake createSession
信息: Detected dialect: W3C
[1585711414.655][SEVERE]: Timed out receiving message from renderer: 0.100
[1585711414.756][SEVERE]: Timed out receiving message from renderer: 0.100
[1585711414.871][SEVERE]: Timed out receiving message from renderer: 0.100
[1585711414.972][SEVERE]: Timed out receiving message from renderer: 0.100
[1585711415.072][SEVERE]: Timed out receiving message from renderer: 0.100
[1585711415.173][SEVERE]: Timed out receiving message from renderer: 0.100
[1585711415.273][SEVERE]: Timed out receiving message from renderer: 0.100
[1585711415.374][SEVERE]: Timed out receiving message from renderer: 0.100
[1585711415.696][SEVERE]: Timed out receiving message from renderer: 0.100
[1585711415.797][SEVERE]: Timed out receiving message from renderer: 0.100
[1585711415.983][SEVERE]: Timed out receiving message from renderer: 0.100
[1585711416.113][SEVERE]: Timed out receiving message from renderer: 0.100
[1585711416.214][SEVERE]: Timed out receiving message from renderer: 0.100
[1585711416.316][SEVERE]: Timed out receiving message from renderer: 0.100
[1585711416.416][SEVERE]: Timed out receiving message from renderer: 0.100
[1585711416.517][SEVERE]: Timed out receiving message from renderer: 0.100
]]></system-err>
</testsuite>
