<?xml version="1.0" encoding="UTF-8"?>
<testsuite name="tron.tronscan.tronscanUI.TransactionsTest" tests="1" skipped="0" failures="0" errors="0" timestamp="2020-04-01T03:24:38" hostname="zhukaideiMac.local" time="5.897">
  <properties/>
  <testcase name="transactionTest" classname="tron.tronscan.tronscanUI.TransactionsTest" time="5.897"/>
  <system-out><![CDATA[11:24:35.586 [Forwarding newSession on session null to remote] DEBUG org.apache.http.client.protocol.RequestAddCookies - CookieSpec selected: default
11:24:35.586 [Forwarding newSession on session null to remote] DEBUG org.apache.http.client.protocol.RequestAuthCache - Auth cache not set in the context
11:24:35.586 [Forwarding newSession on session null to remote] DEBUG org.apache.http.impl.conn.PoolingHttpClientConnectionManager - Connection request: [route: {}->http://localhost:41943][total kept alive: 30; route allocated: 0 of 2000; total allocated: 30 of 2000]
11:24:35.586 [Forwarding newSession on session null to remote] DEBUG org.apache.http.impl.conn.PoolingHttpClientConnectionManager - Connection leased: [id: 30][route: {}->http://localhost:41943][total kept alive: 30; route allocated: 1 of 2000; total allocated: 31 of 2000]
11:24:35.586 [Forwarding newSession on session null to remote] DEBUG org.apache.http.impl.execchain.MainClientExec - Opening connection {}->http://localhost:41943
11:24:35.586 [Forwarding newSession on session null to remote] DEBUG org.apache.http.impl.conn.DefaultHttpClientConnectionOperator - Connecting to localhost/127.0.0.1:41943
11:24:35.586 [Forwarding newSession on session null to remote] DEBUG org.apache.http.impl.conn.DefaultHttpClientConnectionOperator - Connection established 127.0.0.1:54261<->127.0.0.1:41943
11:24:35.586 [Forwarding newSession on session null to remote] DEBUG org.apache.http.impl.conn.DefaultManagedHttpClientConnection - http-outgoing-30: set socket timeout to 10800000
11:24:35.586 [Forwarding newSession on session null to remote] DEBUG org.apache.http.impl.execchain.MainClientExec - Executing request POST /session HTTP/1.1
11:24:35.586 [Forwarding newSession on session null to remote] DEBUG org.apache.http.impl.execchain.MainClientExec - Target auth state: UNCHALLENGED
11:24:35.586 [Forwarding newSession on session null to remote] DEBUG org.apache.http.impl.execchain.MainClientExec - Proxy auth state: UNCHALLENGED
11:24:35.586 [Forwarding newSession on session null to remote] DEBUG org.apache.http.headers - http-outgoing-30 >> POST /session HTTP/1.1
11:24:35.586 [Forwarding newSession on session null to remote] DEBUG org.apache.http.headers - http-outgoing-30 >> Content-Type: application/json; charset=utf-8
11:24:35.586 [Forwarding newSession on session null to remote] DEBUG org.apache.http.headers - http-outgoing-30 >> Content-Length: 731
11:24:35.586 [Forwarding newSession on session null to remote] DEBUG org.apache.http.headers - http-outgoing-30 >> Host: localhost:41943
11:24:35.586 [Forwarding newSession on session null to remote] DEBUG org.apache.http.headers - http-outgoing-30 >> Connection: Keep-Alive
11:24:35.586 [Forwarding newSession on session null to remote] DEBUG org.apache.http.headers - http-outgoing-30 >> User-Agent: Apache-HttpClient/4.5.3 (Java/1.8.0_211)
11:24:35.586 [Forwarding newSession on session null to remote] DEBUG org.apache.http.headers - http-outgoing-30 >> Accept-Encoding: gzip,deflate
11:24:35.586 [Forwarding newSession on session null to remote] DEBUG org.apache.http.wire - http-outgoing-30 >> "POST /session HTTP/1.1[\r][\n]"
11:24:35.586 [Forwarding newSession on session null to remote] DEBUG org.apache.http.wire - http-outgoing-30 >> "Content-Type: application/json; charset=utf-8[\r][\n]"
11:24:35.586 [Forwarding newSession on session null to remote] DEBUG org.apache.http.wire - http-outgoing-30 >> "Content-Length: 731[\r][\n]"
11:24:35.586 [Forwarding newSession on session null to remote] DEBUG org.apache.http.wire - http-outgoing-30 >> "Host: localhost:41943[\r][\n]"
11:24:35.586 [Forwarding newSession on session null to remote] DEBUG org.apache.http.wire - http-outgoing-30 >> "Connection: Keep-Alive[\r][\n]"
11:24:35.586 [Forwarding newSession on session null to remote] DEBUG org.apache.http.wire - http-outgoing-30 >> "User-Agent: Apache-HttpClient/4.5.3 (Java/1.8.0_211)[\r][\n]"
11:24:35.586 [Forwarding newSession on session null to remote] DEBUG org.apache.http.wire - http-outgoing-30 >> "Accept-Encoding: gzip,deflate[\r][\n]"
11:24:35.586 [Forwarding newSession on session null to remote] DEBUG org.apache.http.wire - http-outgoing-30 >> "[\r][\n]"
11:24:35.586 [Forwarding newSession on session null to remote] DEBUG org.apache.http.wire - http-outgoing-30 >> "{[\n]"
11:24:35.586 [Forwarding newSession on session null to remote] DEBUG org.apache.http.wire - http-outgoing-30 >> "  "desiredCapabilities": {[\n]"
11:24:35.586 [Forwarding newSession on session null to remote] DEBUG org.apache.http.wire - http-outgoing-30 >> "    "browserName": "chrome",[\n]"
11:24:35.586 [Forwarding newSession on session null to remote] DEBUG org.apache.http.wire - http-outgoing-30 >> "    "goog:chromeOptions": {[\n]"
11:24:35.586 [Forwarding newSession on session null to remote] DEBUG org.apache.http.wire - http-outgoing-30 >> "      "args": [[\n]"
11:24:35.586 [Forwarding newSession on session null to remote] DEBUG org.apache.http.wire - http-outgoing-30 >> "        "--headless",[\n]"
11:24:35.586 [Forwarding newSession on session null to remote] DEBUG org.apache.http.wire - http-outgoing-30 >> "        "--disable-gpu"[\n]"
11:24:35.586 [Forwarding newSession on session null to remote] DEBUG org.apache.http.wire - http-outgoing-30 >> "      ],[\n]"
11:24:35.586 [Forwarding newSession on session null to remote] DEBUG org.apache.http.wire - http-outgoing-30 >> "      "extensions": [][\n]"
11:24:35.586 [Forwarding newSession on session null to remote] DEBUG org.apache.http.wire - http-outgoing-30 >> "    }[\n]"
11:24:35.586 [Forwarding newSession on session null to remote] DEBUG org.apache.http.wire - http-outgoing-30 >> "  },[\n]"
11:24:35.586 [Forwarding newSession on session null to remote] DEBUG org.apache.http.wire - http-outgoing-30 >> "  "requiredCapabilities": {},[\n]"
11:24:35.586 [Forwarding newSession on session null to remote] DEBUG org.apache.http.wire - http-outgoing-30 >> "  "capabilities": {[\n]"
11:24:35.586 [Forwarding newSession on session null to remote] DEBUG org.apache.http.wire - http-outgoing-30 >> "    "desiredCapabilities": {[\n]"
11:24:35.586 [Forwarding newSession on session null to remote] DEBUG org.apache.http.wire - http-outgoing-30 >> "      "browserName": "chrome",[\n]"
11:24:35.586 [Forwarding newSession on session null to remote] DEBUG org.apache.http.wire - http-outgoing-30 >> "      "goog:chromeOptions": {[\n]"
11:24:35.586 [Forwarding newSession on session null to remote] DEBUG org.apache.http.wire - http-outgoing-30 >> "        "args": [[\n]"
11:24:35.586 [Forwarding newSession on session null to remote] DEBUG org.apache.http.wire - http-outgoing-30 >> "          "--headless",[\n]"
11:24:35.586 [Forwarding newSession on session null to remote] DEBUG org.apache.http.wire - http-outgoing-30 >> "          "--disable-gpu"[\n]"
11:24:35.586 [Forwarding newSession on session null to remote] DEBUG org.apache.http.wire - http-outgoing-30 >> "        ],[\n]"
11:24:35.586 [Forwarding newSession on session null to remote] DEBUG org.apache.http.wire - http-outgoing-30 >> "        "extensions": [][\n]"
11:24:35.586 [Forwarding newSession on session null to remote] DEBUG org.apache.http.wire - http-outgoing-30 >> "      }[\n]"
11:24:35.586 [Forwarding newSession on session null to remote] DEBUG org.apache.http.wire - http-outgoing-30 >> "    },[\n]"
11:24:35.586 [Forwarding newSession on session null to remote] DEBUG org.apache.http.wire - http-outgoing-30 >> "    "requiredCapabilities": {},[\n]"
11:24:35.586 [Forwarding newSession on session null to remote] DEBUG org.apache.http.wire - http-outgoing-30 >> "    "alwaysMatch": {[\n]"
11:24:35.586 [Forwarding newSession on session null to remote] DEBUG org.apache.http.wire - http-outgoing-30 >> "      "goog:chromeOptions": {[\n]"
11:24:35.586 [Forwarding newSession on session null to remote] DEBUG org.apache.http.wire - http-outgoing-30 >> "        "args": [[\n]"
11:24:35.586 [Forwarding newSession on session null to remote] DEBUG org.apache.http.wire - http-outgoing-30 >> "          "--headless",[\n]"
11:24:35.586 [Forwarding newSession on session null to remote] DEBUG org.apache.http.wire - http-outgoing-30 >> "          "--disable-gpu"[\n]"
11:24:35.586 [Forwarding newSession on session null to remote] DEBUG org.apache.http.wire - http-outgoing-30 >> "        ],[\n]"
11:24:35.586 [Forwarding newSession on session null to remote] DEBUG org.apache.http.wire - http-outgoing-30 >> "        "extensions": [][\n]"
11:24:35.586 [Forwarding newSession on session null to remote] DEBUG org.apache.http.wire - http-outgoing-30 >> "      }[\n]"
11:24:35.586 [Forwarding newSession on session null to remote] DEBUG org.apache.http.wire - http-outgoing-30 >> "    },[\n]"
11:24:35.586 [Forwarding newSession on session null to remote] DEBUG org.apache.http.wire - http-outgoing-30 >> "    "firstMatch": [[\n]"
11:24:35.586 [Forwarding newSession on session null to remote] DEBUG org.apache.http.wire - http-outgoing-30 >> "      {[\n]"
11:24:35.586 [Forwarding newSession on session null to remote] DEBUG org.apache.http.wire - http-outgoing-30 >> "        "browserName": "chrome"[\n]"
11:24:35.586 [Forwarding newSession on session null to remote] DEBUG org.apache.http.wire - http-outgoing-30 >> "      }[\n]"
11:24:35.586 [Forwarding newSession on session null to remote] DEBUG org.apache.http.wire - http-outgoing-30 >> "    ][\n]"
11:24:35.587 [Forwarding newSession on session null to remote] DEBUG org.apache.http.wire - http-outgoing-30 >> "  }[\n]"
11:24:35.587 [Forwarding newSession on session null to remote] DEBUG org.apache.http.wire - http-outgoing-30 >> "}"
11:24:35.744 [Forwarding newSession on session null to remote] DEBUG org.apache.http.wire - http-outgoing-30 << "HTTP/1.1 200 OK[\r][\n]"
11:24:35.744 [Forwarding newSession on session null to remote] DEBUG org.apache.http.wire - http-outgoing-30 << "Content-Length:690[\r][\n]"
11:24:35.744 [Forwarding newSession on session null to remote] DEBUG org.apache.http.wire - http-outgoing-30 << "Content-Type:application/json; charset=utf-8[\r][\n]"
11:24:35.744 [Forwarding newSession on session null to remote] DEBUG org.apache.http.wire - http-outgoing-30 << "cache-control:no-cache[\r][\n]"
11:24:35.744 [Forwarding newSession on session null to remote] DEBUG org.apache.http.wire - http-outgoing-30 << "[\r][\n]"
11:24:35.744 [Forwarding newSession on session null to remote] DEBUG org.apache.http.wire - http-outgoing-30 << "{"value":{"capabilities":{"acceptInsecureCerts":false,"browserName":"chrome","browserVersion":"80.0.3987.162","chrome":{"chromedriverVersion":"80.0.3987.106 (f68069574609230cf9b635cd784cfb1bf81bb53a-refs/branch-heads/3987@{#882})","userDataDir":"/var/folders/fs/0qxrqb5x7zg5dtqrhc9t0clm0000gn/T/.com.google.Chrome.Xz227D"},"goog:chromeOptions":{"debuggerAddress":"localhost:54262"},"networkConnectionEnabled":false,"pageLoadStrategy":"normal","platformName":"mac os x","proxy":{},"setWindowRect":true,"strictFileInteractability":false,"timeouts":{"implicit":0,"pageLoad":300000,"script":30000},"unhandledPromptBehavior":"dismiss and notify"},"sessionId":"1f877272be7ad668daf7bccb5610df9a"}}"
11:24:35.744 [Forwarding newSession on session null to remote] DEBUG org.apache.http.headers - http-outgoing-30 << HTTP/1.1 200 OK
11:24:35.744 [Forwarding newSession on session null to remote] DEBUG org.apache.http.headers - http-outgoing-30 << Content-Length:690
11:24:35.744 [Forwarding newSession on session null to remote] DEBUG org.apache.http.headers - http-outgoing-30 << Content-Type:application/json; charset=utf-8
11:24:35.744 [Forwarding newSession on session null to remote] DEBUG org.apache.http.headers - http-outgoing-30 << cache-control:no-cache
11:24:35.744 [Forwarding newSession on session null to remote] DEBUG org.apache.http.impl.execchain.MainClientExec - Connection can be kept alive indefinitely
11:24:35.744 [Forwarding newSession on session null to remote] DEBUG org.apache.http.impl.conn.PoolingHttpClientConnectionManager - Connection [id: 30][route: {}->http://localhost:41943] can be kept alive indefinitely
11:24:35.744 [Forwarding newSession on session null to remote] DEBUG org.apache.http.impl.conn.PoolingHttpClientConnectionManager - Connection released: [id: 30][route: {}->http://localhost:41943][total kept alive: 31; route allocated: 1 of 2000; total allocated: 31 of 2000]
11:24:35.746 [Forwarding get on session 1f877272be7ad668daf7bccb5610df9a to remote] DEBUG org.apache.http.client.protocol.RequestAddCookies - CookieSpec selected: default
11:24:35.746 [Forwarding get on session 1f877272be7ad668daf7bccb5610df9a to remote] DEBUG org.apache.http.client.protocol.RequestAuthCache - Auth cache not set in the context
11:24:35.746 [Forwarding get on session 1f877272be7ad668daf7bccb5610df9a to remote] DEBUG org.apache.http.impl.conn.PoolingHttpClientConnectionManager - Connection request: [route: {}->http://localhost:41943][total kept alive: 31; route allocated: 1 of 2000; total allocated: 31 of 2000]
11:24:35.746 [Forwarding get on session 1f877272be7ad668daf7bccb5610df9a to remote] DEBUG org.apache.http.impl.conn.PoolingHttpClientConnectionManager - Connection leased: [id: 30][route: {}->http://localhost:41943][total kept alive: 30; route allocated: 1 of 2000; total allocated: 31 of 2000]
11:24:35.746 [Forwarding get on session 1f877272be7ad668daf7bccb5610df9a to remote] DEBUG org.apache.http.impl.execchain.MainClientExec - Stale connection check
11:24:35.747 [Forwarding get on session 1f877272be7ad668daf7bccb5610df9a to remote] DEBUG org.apache.http.wire - http-outgoing-30 << "[read] I/O error: Read timed out"
11:24:35.747 [Forwarding get on session 1f877272be7ad668daf7bccb5610df9a to remote] DEBUG org.apache.http.impl.conn.DefaultManagedHttpClientConnection - http-outgoing-30: set socket timeout to 10800000
11:24:35.747 [Forwarding get on session 1f877272be7ad668daf7bccb5610df9a to remote] DEBUG org.apache.http.impl.execchain.MainClientExec - Executing request POST /session/1f877272be7ad668daf7bccb5610df9a/url HTTP/1.1
11:24:35.747 [Forwarding get on session 1f877272be7ad668daf7bccb5610df9a to remote] DEBUG org.apache.http.impl.execchain.MainClientExec - Target auth state: UNCHALLENGED
11:24:35.747 [Forwarding get on session 1f877272be7ad668daf7bccb5610df9a to remote] DEBUG org.apache.http.impl.execchain.MainClientExec - Proxy auth state: UNCHALLENGED
11:24:35.748 [Forwarding get on session 1f877272be7ad668daf7bccb5610df9a to remote] DEBUG org.apache.http.headers - http-outgoing-30 >> POST /session/1f877272be7ad668daf7bccb5610df9a/url HTTP/1.1
11:24:35.748 [Forwarding get on session 1f877272be7ad668daf7bccb5610df9a to remote] DEBUG org.apache.http.headers - http-outgoing-30 >> Content-Type: application/json; charset=utf-8
11:24:35.748 [Forwarding get on session 1f877272be7ad668daf7bccb5610df9a to remote] DEBUG org.apache.http.headers - http-outgoing-30 >> Content-Length: 33
11:24:35.748 [Forwarding get on session 1f877272be7ad668daf7bccb5610df9a to remote] DEBUG org.apache.http.headers - http-outgoing-30 >> Host: localhost:41943
11:24:35.748 [Forwarding get on session 1f877272be7ad668daf7bccb5610df9a to remote] DEBUG org.apache.http.headers - http-outgoing-30 >> Connection: Keep-Alive
11:24:35.748 [Forwarding get on session 1f877272be7ad668daf7bccb5610df9a to remote] DEBUG org.apache.http.headers - http-outgoing-30 >> User-Agent: Apache-HttpClient/4.5.3 (Java/1.8.0_211)
11:24:35.748 [Forwarding get on session 1f877272be7ad668daf7bccb5610df9a to remote] DEBUG org.apache.http.headers - http-outgoing-30 >> Accept-Encoding: gzip,deflate
11:24:35.748 [Forwarding get on session 1f877272be7ad668daf7bccb5610df9a to remote] DEBUG org.apache.http.wire - http-outgoing-30 >> "POST /session/1f877272be7ad668daf7bccb5610df9a/url HTTP/1.1[\r][\n]"
11:24:35.748 [Forwarding get on session 1f877272be7ad668daf7bccb5610df9a to remote] DEBUG org.apache.http.wire - http-outgoing-30 >> "Content-Type: application/json; charset=utf-8[\r][\n]"
11:24:35.748 [Forwarding get on session 1f877272be7ad668daf7bccb5610df9a to remote] DEBUG org.apache.http.wire - http-outgoing-30 >> "Content-Length: 33[\r][\n]"
11:24:35.748 [Forwarding get on session 1f877272be7ad668daf7bccb5610df9a to remote] DEBUG org.apache.http.wire - http-outgoing-30 >> "Host: localhost:41943[\r][\n]"
11:24:35.748 [Forwarding get on session 1f877272be7ad668daf7bccb5610df9a to remote] DEBUG org.apache.http.wire - http-outgoing-30 >> "Connection: Keep-Alive[\r][\n]"
11:24:35.748 [Forwarding get on session 1f877272be7ad668daf7bccb5610df9a to remote] DEBUG org.apache.http.wire - http-outgoing-30 >> "User-Agent: Apache-HttpClient/4.5.3 (Java/1.8.0_211)[\r][\n]"
11:24:35.748 [Forwarding get on session 1f877272be7ad668daf7bccb5610df9a to remote] DEBUG org.apache.http.wire - http-outgoing-30 >> "Accept-Encoding: gzip,deflate[\r][\n]"
11:24:35.748 [Forwarding get on session 1f877272be7ad668daf7bccb5610df9a to remote] DEBUG org.apache.http.wire - http-outgoing-30 >> "[\r][\n]"
11:24:35.748 [Forwarding get on session 1f877272be7ad668daf7bccb5610df9a to remote] DEBUG org.apache.http.wire - http-outgoing-30 >> "{"url":"https://tronscan.org/#/"}"
11:24:38.580 [Forwarding get on session 1f877272be7ad668daf7bccb5610df9a to remote] DEBUG org.apache.http.wire - http-outgoing-30 << "HTTP/1.1 200 OK[\r][\n]"
11:24:38.580 [Forwarding get on session 1f877272be7ad668daf7bccb5610df9a to remote] DEBUG org.apache.http.wire - http-outgoing-30 << "Content-Length:14[\r][\n]"
11:24:38.580 [Forwarding get on session 1f877272be7ad668daf7bccb5610df9a to remote] DEBUG org.apache.http.wire - http-outgoing-30 << "Content-Type:application/json; charset=utf-8[\r][\n]"
11:24:38.580 [Forwarding get on session 1f877272be7ad668daf7bccb5610df9a to remote] DEBUG org.apache.http.wire - http-outgoing-30 << "cache-control:no-cache[\r][\n]"
11:24:38.580 [Forwarding get on session 1f877272be7ad668daf7bccb5610df9a to remote] DEBUG org.apache.http.wire - http-outgoing-30 << "[\r][\n]"
11:24:38.580 [Forwarding get on session 1f877272be7ad668daf7bccb5610df9a to remote] DEBUG org.apache.http.wire - http-outgoing-30 << "{"value":null}"
11:24:38.580 [Forwarding get on session 1f877272be7ad668daf7bccb5610df9a to remote] DEBUG org.apache.http.headers - http-outgoing-30 << HTTP/1.1 200 OK
11:24:38.580 [Forwarding get on session 1f877272be7ad668daf7bccb5610df9a to remote] DEBUG org.apache.http.headers - http-outgoing-30 << Content-Length:14
11:24:38.580 [Forwarding get on session 1f877272be7ad668daf7bccb5610df9a to remote] DEBUG org.apache.http.headers - http-outgoing-30 << Content-Type:application/json; charset=utf-8
11:24:38.580 [Forwarding get on session 1f877272be7ad668daf7bccb5610df9a to remote] DEBUG org.apache.http.headers - http-outgoing-30 << cache-control:no-cache
11:24:38.580 [Forwarding get on session 1f877272be7ad668daf7bccb5610df9a to remote] DEBUG org.apache.http.impl.execchain.MainClientExec - Connection can be kept alive indefinitely
11:24:38.580 [Forwarding get on session 1f877272be7ad668daf7bccb5610df9a to remote] DEBUG org.apache.http.impl.conn.PoolingHttpClientConnectionManager - Connection [id: 30][route: {}->http://localhost:41943] can be kept alive indefinitely
11:24:38.580 [Forwarding get on session 1f877272be7ad668daf7bccb5610df9a to remote] DEBUG org.apache.http.impl.conn.PoolingHttpClientConnectionManager - Connection released: [id: 30][route: {}->http://localhost:41943][total kept alive: 31; route allocated: 1 of 2000; total allocated: 31 of 2000]
成功打开谷歌浏览器！
11:24:38.581 [Forwarding setTimeout on session 1f877272be7ad668daf7bccb5610df9a to remote] DEBUG org.apache.http.client.protocol.RequestAddCookies - CookieSpec selected: default
11:24:38.581 [Forwarding setTimeout on session 1f877272be7ad668daf7bccb5610df9a to remote] DEBUG org.apache.http.client.protocol.RequestAuthCache - Auth cache not set in the context
11:24:38.581 [Forwarding setTimeout on session 1f877272be7ad668daf7bccb5610df9a to remote] DEBUG org.apache.http.impl.conn.PoolingHttpClientConnectionManager - Connection request: [route: {}->http://localhost:41943][total kept alive: 31; route allocated: 1 of 2000; total allocated: 31 of 2000]
11:24:38.581 [Forwarding setTimeout on session 1f877272be7ad668daf7bccb5610df9a to remote] DEBUG org.apache.http.impl.conn.PoolingHttpClientConnectionManager - Connection leased: [id: 30][route: {}->http://localhost:41943][total kept alive: 30; route allocated: 1 of 2000; total allocated: 31 of 2000]
11:24:38.581 [Forwarding setTimeout on session 1f877272be7ad668daf7bccb5610df9a to remote] DEBUG org.apache.http.impl.execchain.MainClientExec - Stale connection check
11:24:38.582 [Forwarding setTimeout on session 1f877272be7ad668daf7bccb5610df9a to remote] DEBUG org.apache.http.wire - http-outgoing-30 << "[read] I/O error: Read timed out"
11:24:38.582 [Forwarding setTimeout on session 1f877272be7ad668daf7bccb5610df9a to remote] DEBUG org.apache.http.impl.conn.DefaultManagedHttpClientConnection - http-outgoing-30: set socket timeout to 10800000
11:24:38.582 [Forwarding setTimeout on session 1f877272be7ad668daf7bccb5610df9a to remote] DEBUG org.apache.http.impl.execchain.MainClientExec - Executing request POST /session/1f877272be7ad668daf7bccb5610df9a/timeouts HTTP/1.1
11:24:38.582 [Forwarding setTimeout on session 1f877272be7ad668daf7bccb5610df9a to remote] DEBUG org.apache.http.impl.execchain.MainClientExec - Target auth state: UNCHALLENGED
11:24:38.582 [Forwarding setTimeout on session 1f877272be7ad668daf7bccb5610df9a to remote] DEBUG org.apache.http.impl.execchain.MainClientExec - Proxy auth state: UNCHALLENGED
11:24:38.582 [Forwarding setTimeout on session 1f877272be7ad668daf7bccb5610df9a to remote] DEBUG org.apache.http.headers - http-outgoing-30 >> POST /session/1f877272be7ad668daf7bccb5610df9a/timeouts HTTP/1.1
11:24:38.582 [Forwarding setTimeout on session 1f877272be7ad668daf7bccb5610df9a to remote] DEBUG org.apache.http.headers - http-outgoing-30 >> Content-Type: application/json; charset=utf-8
11:24:38.582 [Forwarding setTimeout on session 1f877272be7ad668daf7bccb5610df9a to remote] DEBUG org.apache.http.headers - http-outgoing-30 >> Content-Length: 18
11:24:38.582 [Forwarding setTimeout on session 1f877272be7ad668daf7bccb5610df9a to remote] DEBUG org.apache.http.headers - http-outgoing-30 >> Host: localhost:41943
11:24:38.582 [Forwarding setTimeout on session 1f877272be7ad668daf7bccb5610df9a to remote] DEBUG org.apache.http.headers - http-outgoing-30 >> Connection: Keep-Alive
11:24:38.582 [Forwarding setTimeout on session 1f877272be7ad668daf7bccb5610df9a to remote] DEBUG org.apache.http.headers - http-outgoing-30 >> User-Agent: Apache-HttpClient/4.5.3 (Java/1.8.0_211)
11:24:38.582 [Forwarding setTimeout on session 1f877272be7ad668daf7bccb5610df9a to remote] DEBUG org.apache.http.headers - http-outgoing-30 >> Accept-Encoding: gzip,deflate
11:24:38.582 [Forwarding setTimeout on session 1f877272be7ad668daf7bccb5610df9a to remote] DEBUG org.apache.http.wire - http-outgoing-30 >> "POST /session/1f877272be7ad668daf7bccb5610df9a/timeouts HTTP/1.1[\r][\n]"
11:24:38.582 [Forwarding setTimeout on session 1f877272be7ad668daf7bccb5610df9a to remote] DEBUG org.apache.http.wire - http-outgoing-30 >> "Content-Type: application/json; charset=utf-8[\r][\n]"
11:24:38.582 [Forwarding setTimeout on session 1f877272be7ad668daf7bccb5610df9a to remote] DEBUG org.apache.http.wire - http-outgoing-30 >> "Content-Length: 18[\r][\n]"
11:24:38.582 [Forwarding setTimeout on session 1f877272be7ad668daf7bccb5610df9a to remote] DEBUG org.apache.http.wire - http-outgoing-30 >> "Host: localhost:41943[\r][\n]"
11:24:38.582 [Forwarding setTimeout on session 1f877272be7ad668daf7bccb5610df9a to remote] DEBUG org.apache.http.wire - http-outgoing-30 >> "Connection: Keep-Alive[\r][\n]"
11:24:38.582 [Forwarding setTimeout on session 1f877272be7ad668daf7bccb5610df9a to remote] DEBUG org.apache.http.wire - http-outgoing-30 >> "User-Agent: Apache-HttpClient/4.5.3 (Java/1.8.0_211)[\r][\n]"
11:24:38.582 [Forwarding setTimeout on session 1f877272be7ad668daf7bccb5610df9a to remote] DEBUG org.apache.http.wire - http-outgoing-30 >> "Accept-Encoding: gzip,deflate[\r][\n]"
11:24:38.582 [Forwarding setTimeout on session 1f877272be7ad668daf7bccb5610df9a to remote] DEBUG org.apache.http.wire - http-outgoing-30 >> "[\r][\n]"
11:24:38.582 [Forwarding setTimeout on session 1f877272be7ad668daf7bccb5610df9a to remote] DEBUG org.apache.http.wire - http-outgoing-30 >> "{"implicit":10000}"
11:24:38.582 [Forwarding setTimeout on session 1f877272be7ad668daf7bccb5610df9a to remote] DEBUG org.apache.http.wire - http-outgoing-30 << "HTTP/1.1 200 OK[\r][\n]"
11:24:38.582 [Forwarding setTimeout on session 1f877272be7ad668daf7bccb5610df9a to remote] DEBUG org.apache.http.wire - http-outgoing-30 << "Content-Length:14[\r][\n]"
11:24:38.582 [Forwarding setTimeout on session 1f877272be7ad668daf7bccb5610df9a to remote] DEBUG org.apache.http.wire - http-outgoing-30 << "Content-Type:application/json; charset=utf-8[\r][\n]"
11:24:38.582 [Forwarding setTimeout on session 1f877272be7ad668daf7bccb5610df9a to remote] DEBUG org.apache.http.wire - http-outgoing-30 << "cache-control:no-cache[\r][\n]"
11:24:38.582 [Forwarding setTimeout on session 1f877272be7ad668daf7bccb5610df9a to remote] DEBUG org.apache.http.wire - http-outgoing-30 << "[\r][\n]"
11:24:38.582 [Forwarding setTimeout on session 1f877272be7ad668daf7bccb5610df9a to remote] DEBUG org.apache.http.wire - http-outgoing-30 << "{"value":null}"
11:24:38.582 [Forwarding setTimeout on session 1f877272be7ad668daf7bccb5610df9a to remote] DEBUG org.apache.http.headers - http-outgoing-30 << HTTP/1.1 200 OK
11:24:38.582 [Forwarding setTimeout on session 1f877272be7ad668daf7bccb5610df9a to remote] DEBUG org.apache.http.headers - http-outgoing-30 << Content-Length:14
11:24:38.582 [Forwarding setTimeout on session 1f877272be7ad668daf7bccb5610df9a to remote] DEBUG org.apache.http.headers - http-outgoing-30 << Content-Type:application/json; charset=utf-8
11:24:38.582 [Forwarding setTimeout on session 1f877272be7ad668daf7bccb5610df9a to remote] DEBUG org.apache.http.headers - http-outgoing-30 << cache-control:no-cache
11:24:38.582 [Forwarding setTimeout on session 1f877272be7ad668daf7bccb5610df9a to remote] DEBUG org.apache.http.impl.execchain.MainClientExec - Connection can be kept alive indefinitely
11:24:38.582 [Forwarding setTimeout on session 1f877272be7ad668daf7bccb5610df9a to remote] DEBUG org.apache.http.impl.conn.PoolingHttpClientConnectionManager - Connection [id: 30][route: {}->http://localhost:41943] can be kept alive indefinitely
11:24:38.582 [Forwarding setTimeout on session 1f877272be7ad668daf7bccb5610df9a to remote] DEBUG org.apache.http.impl.conn.PoolingHttpClientConnectionManager - Connection released: [id: 30][route: {}->http://localhost:41943][total kept alive: 31; route allocated: 1 of 2000; total allocated: 31 of 2000]
LOGIN
11:24:38.583 [Forwarding setCurrentWindowSize on session 1f877272be7ad668daf7bccb5610df9a to remote] DEBUG org.apache.http.client.protocol.RequestAddCookies - CookieSpec selected: default
11:24:38.583 [Forwarding setCurrentWindowSize on session 1f877272be7ad668daf7bccb5610df9a to remote] DEBUG org.apache.http.client.protocol.RequestAuthCache - Auth cache not set in the context
11:24:38.583 [Forwarding setCurrentWindowSize on session 1f877272be7ad668daf7bccb5610df9a to remote] DEBUG org.apache.http.impl.conn.PoolingHttpClientConnectionManager - Connection request: [route: {}->http://localhost:41943][total kept alive: 31; route allocated: 1 of 2000; total allocated: 31 of 2000]
11:24:38.583 [Forwarding setCurrentWindowSize on session 1f877272be7ad668daf7bccb5610df9a to remote] DEBUG org.apache.http.impl.conn.PoolingHttpClientConnectionManager - Connection leased: [id: 30][route: {}->http://localhost:41943][total kept alive: 30; route allocated: 1 of 2000; total allocated: 31 of 2000]
11:24:38.583 [Forwarding setCurrentWindowSize on session 1f877272be7ad668daf7bccb5610df9a to remote] DEBUG org.apache.http.impl.execchain.MainClientExec - Stale connection check
11:24:38.584 [Forwarding setCurrentWindowSize on session 1f877272be7ad668daf7bccb5610df9a to remote] DEBUG org.apache.http.wire - http-outgoing-30 << "[read] I/O error: Read timed out"
11:24:38.584 [Forwarding setCurrentWindowSize on session 1f877272be7ad668daf7bccb5610df9a to remote] DEBUG org.apache.http.impl.conn.DefaultManagedHttpClientConnection - http-outgoing-30: set socket timeout to 10800000
11:24:38.584 [Forwarding setCurrentWindowSize on session 1f877272be7ad668daf7bccb5610df9a to remote] DEBUG org.apache.http.impl.execchain.MainClientExec - Executing request POST /session/1f877272be7ad668daf7bccb5610df9a/window/rect HTTP/1.1
11:24:38.584 [Forwarding setCurrentWindowSize on session 1f877272be7ad668daf7bccb5610df9a to remote] DEBUG org.apache.http.impl.execchain.MainClientExec - Target auth state: UNCHALLENGED
11:24:38.584 [Forwarding setCurrentWindowSize on session 1f877272be7ad668daf7bccb5610df9a to remote] DEBUG org.apache.http.impl.execchain.MainClientExec - Proxy auth state: UNCHALLENGED
11:24:38.584 [Forwarding setCurrentWindowSize on session 1f877272be7ad668daf7bccb5610df9a to remote] DEBUG org.apache.http.headers - http-outgoing-30 >> POST /session/1f877272be7ad668daf7bccb5610df9a/window/rect HTTP/1.1
11:24:38.584 [Forwarding setCurrentWindowSize on session 1f877272be7ad668daf7bccb5610df9a to remote] DEBUG org.apache.http.headers - http-outgoing-30 >> Content-Type: application/json; charset=utf-8
11:24:38.584 [Forwarding setCurrentWindowSize on session 1f877272be7ad668daf7bccb5610df9a to remote] DEBUG org.apache.http.headers - http-outgoing-30 >> Content-Length: 28
11:24:38.584 [Forwarding setCurrentWindowSize on session 1f877272be7ad668daf7bccb5610df9a to remote] DEBUG org.apache.http.headers - http-outgoing-30 >> Host: localhost:41943
11:24:38.584 [Forwarding setCurrentWindowSize on session 1f877272be7ad668daf7bccb5610df9a to remote] DEBUG org.apache.http.headers - http-outgoing-30 >> Connection: Keep-Alive
11:24:38.584 [Forwarding setCurrentWindowSize on session 1f877272be7ad668daf7bccb5610df9a to remote] DEBUG org.apache.http.headers - http-outgoing-30 >> User-Agent: Apache-HttpClient/4.5.3 (Java/1.8.0_211)
11:24:38.584 [Forwarding setCurrentWindowSize on session 1f877272be7ad668daf7bccb5610df9a to remote] DEBUG org.apache.http.headers - http-outgoing-30 >> Accept-Encoding: gzip,deflate
11:24:38.584 [Forwarding setCurrentWindowSize on session 1f877272be7ad668daf7bccb5610df9a to remote] DEBUG org.apache.http.wire - http-outgoing-30 >> "POST /session/1f877272be7ad668daf7bccb5610df9a/window/rect HTTP/1.1[\r][\n]"
11:24:38.584 [Forwarding setCurrentWindowSize on session 1f877272be7ad668daf7bccb5610df9a to remote] DEBUG org.apache.http.wire - http-outgoing-30 >> "Content-Type: application/json; charset=utf-8[\r][\n]"
11:24:38.584 [Forwarding setCurrentWindowSize on session 1f877272be7ad668daf7bccb5610df9a to remote] DEBUG org.apache.http.wire - http-outgoing-30 >> "Content-Length: 28[\r][\n]"
11:24:38.584 [Forwarding setCurrentWindowSize on session 1f877272be7ad668daf7bccb5610df9a to remote] DEBUG org.apache.http.wire - http-outgoing-30 >> "Host: localhost:41943[\r][\n]"
11:24:38.584 [Forwarding setCurrentWindowSize on session 1f877272be7ad668daf7bccb5610df9a to remote] DEBUG org.apache.http.wire - http-outgoing-30 >> "Connection: Keep-Alive[\r][\n]"
11:24:38.584 [Forwarding setCurrentWindowSize on session 1f877272be7ad668daf7bccb5610df9a to remote] DEBUG org.apache.http.wire - http-outgoing-30 >> "User-Agent: Apache-HttpClient/4.5.3 (Java/1.8.0_211)[\r][\n]"
11:24:38.584 [Forwarding setCurrentWindowSize on session 1f877272be7ad668daf7bccb5610df9a to remote] DEBUG org.apache.http.wire - http-outgoing-30 >> "Accept-Encoding: gzip,deflate[\r][\n]"
11:24:38.584 [Forwarding setCurrentWindowSize on session 1f877272be7ad668daf7bccb5610df9a to remote] DEBUG org.apache.http.wire - http-outgoing-30 >> "[\r][\n]"
11:24:38.584 [Forwarding setCurrentWindowSize on session 1f877272be7ad668daf7bccb5610df9a to remote] DEBUG org.apache.http.wire - http-outgoing-30 >> "{"width":2560,"height":1440}"
11:24:38.688 [Forwarding setCurrentWindowSize on session 1f877272be7ad668daf7bccb5610df9a to remote] DEBUG org.apache.http.wire - http-outgoing-30 << "HTTP/1.1 200 OK[\r][\n]"
11:24:38.688 [Forwarding setCurrentWindowSize on session 1f877272be7ad668daf7bccb5610df9a to remote] DEBUG org.apache.http.wire - http-outgoing-30 << "Content-Length:50[\r][\n]"
11:24:38.688 [Forwarding setCurrentWindowSize on session 1f877272be7ad668daf7bccb5610df9a to remote] DEBUG org.apache.http.wire - http-outgoing-30 << "Content-Type:application/json; charset=utf-8[\r][\n]"
11:24:38.688 [Forwarding setCurrentWindowSize on session 1f877272be7ad668daf7bccb5610df9a to remote] DEBUG org.apache.http.wire - http-outgoing-30 << "cache-control:no-cache[\r][\n]"
11:24:38.688 [Forwarding setCurrentWindowSize on session 1f877272be7ad668daf7bccb5610df9a to remote] DEBUG org.apache.http.wire - http-outgoing-30 << "[\r][\n]"
11:24:38.688 [Forwarding setCurrentWindowSize on session 1f877272be7ad668daf7bccb5610df9a to remote] DEBUG org.apache.http.wire - http-outgoing-30 << "{"value":{"height":1440,"width":2560,"x":0,"y":0}}"
11:24:38.688 [Forwarding setCurrentWindowSize on session 1f877272be7ad668daf7bccb5610df9a to remote] DEBUG org.apache.http.headers - http-outgoing-30 << HTTP/1.1 200 OK
11:24:38.688 [Forwarding setCurrentWindowSize on session 1f877272be7ad668daf7bccb5610df9a to remote] DEBUG org.apache.http.headers - http-outgoing-30 << Content-Length:50
11:24:38.688 [Forwarding setCurrentWindowSize on session 1f877272be7ad668daf7bccb5610df9a to remote] DEBUG org.apache.http.headers - http-outgoing-30 << Content-Type:application/json; charset=utf-8
11:24:38.688 [Forwarding setCurrentWindowSize on session 1f877272be7ad668daf7bccb5610df9a to remote] DEBUG org.apache.http.headers - http-outgoing-30 << cache-control:no-cache
11:24:38.688 [Forwarding setCurrentWindowSize on session 1f877272be7ad668daf7bccb5610df9a to remote] DEBUG org.apache.http.impl.execchain.MainClientExec - Connection can be kept alive indefinitely
11:24:38.688 [Forwarding setCurrentWindowSize on session 1f877272be7ad668daf7bccb5610df9a to remote] DEBUG org.apache.http.impl.conn.PoolingHttpClientConnectionManager - Connection [id: 30][route: {}->http://localhost:41943] can be kept alive indefinitely
11:24:38.688 [Forwarding setCurrentWindowSize on session 1f877272be7ad668daf7bccb5610df9a to remote] DEBUG org.apache.http.impl.conn.PoolingHttpClientConnectionManager - Connection released: [id: 30][route: {}->http://localhost:41943][total kept alive: 31; route allocated: 1 of 2000; total allocated: 31 of 2000]
11:24:38.890 [Forwarding findElement on session 1f877272be7ad668daf7bccb5610df9a to remote] DEBUG org.apache.http.client.protocol.RequestAddCookies - CookieSpec selected: default
11:24:38.890 [Forwarding findElement on session 1f877272be7ad668daf7bccb5610df9a to remote] DEBUG org.apache.http.client.protocol.RequestAuthCache - Auth cache not set in the context
11:24:38.890 [Forwarding findElement on session 1f877272be7ad668daf7bccb5610df9a to remote] DEBUG org.apache.http.impl.conn.PoolingHttpClientConnectionManager - Connection request: [route: {}->http://localhost:41943][total kept alive: 31; route allocated: 1 of 2000; total allocated: 31 of 2000]
11:24:38.890 [Forwarding findElement on session 1f877272be7ad668daf7bccb5610df9a to remote] DEBUG org.apache.http.impl.conn.PoolingHttpClientConnectionManager - Connection leased: [id: 30][route: {}->http://localhost:41943][total kept alive: 30; route allocated: 1 of 2000; total allocated: 31 of 2000]
11:24:38.890 [Forwarding findElement on session 1f877272be7ad668daf7bccb5610df9a to remote] DEBUG org.apache.http.impl.execchain.MainClientExec - Stale connection check
11:24:38.892 [Forwarding findElement on session 1f877272be7ad668daf7bccb5610df9a to remote] DEBUG org.apache.http.wire - http-outgoing-30 << "[read] I/O error: Read timed out"
11:24:38.892 [Forwarding findElement on session 1f877272be7ad668daf7bccb5610df9a to remote] DEBUG org.apache.http.impl.conn.DefaultManagedHttpClientConnection - http-outgoing-30: set socket timeout to 10800000
11:24:38.892 [Forwarding findElement on session 1f877272be7ad668daf7bccb5610df9a to remote] DEBUG org.apache.http.impl.execchain.MainClientExec - Executing request POST /session/1f877272be7ad668daf7bccb5610df9a/element HTTP/1.1
11:24:38.892 [Forwarding findElement on session 1f877272be7ad668daf7bccb5610df9a to remote] DEBUG org.apache.http.impl.execchain.MainClientExec - Target auth state: UNCHALLENGED
11:24:38.892 [Forwarding findElement on session 1f877272be7ad668daf7bccb5610df9a to remote] DEBUG org.apache.http.impl.execchain.MainClientExec - Proxy auth state: UNCHALLENGED
11:24:38.892 [Forwarding findElement on session 1f877272be7ad668daf7bccb5610df9a to remote] DEBUG org.apache.http.headers - http-outgoing-30 >> POST /session/1f877272be7ad668daf7bccb5610df9a/element HTTP/1.1
11:24:38.892 [Forwarding findElement on session 1f877272be7ad668daf7bccb5610df9a to remote] DEBUG org.apache.http.headers - http-outgoing-30 >> Content-Type: application/json; charset=utf-8
11:24:38.892 [Forwarding findElement on session 1f877272be7ad668daf7bccb5610df9a to remote] DEBUG org.apache.http.headers - http-outgoing-30 >> Content-Length: 58
11:24:38.892 [Forwarding findElement on session 1f877272be7ad668daf7bccb5610df9a to remote] DEBUG org.apache.http.headers - http-outgoing-30 >> Host: localhost:41943
11:24:38.892 [Forwarding findElement on session 1f877272be7ad668daf7bccb5610df9a to remote] DEBUG org.apache.http.headers - http-outgoing-30 >> Connection: Keep-Alive
11:24:38.892 [Forwarding findElement on session 1f877272be7ad668daf7bccb5610df9a to remote] DEBUG org.apache.http.headers - http-outgoing-30 >> User-Agent: Apache-HttpClient/4.5.3 (Java/1.8.0_211)
11:24:38.892 [Forwarding findElement on session 1f877272be7ad668daf7bccb5610df9a to remote] DEBUG org.apache.http.headers - http-outgoing-30 >> Accept-Encoding: gzip,deflate
11:24:38.892 [Forwarding findElement on session 1f877272be7ad668daf7bccb5610df9a to remote] DEBUG org.apache.http.wire - http-outgoing-30 >> "POST /session/1f877272be7ad668daf7bccb5610df9a/element HTTP/1.1[\r][\n]"
11:24:38.892 [Forwarding findElement on session 1f877272be7ad668daf7bccb5610df9a to remote] DEBUG org.apache.http.wire - http-outgoing-30 >> "Content-Type: application/json; charset=utf-8[\r][\n]"
11:24:38.892 [Forwarding findElement on session 1f877272be7ad668daf7bccb5610df9a to remote] DEBUG org.apache.http.wire - http-outgoing-30 >> "Content-Length: 58[\r][\n]"
11:24:38.892 [Forwarding findElement on session 1f877272be7ad668daf7bccb5610df9a to remote] DEBUG org.apache.http.wire - http-outgoing-30 >> "Host: localhost:41943[\r][\n]"
11:24:38.892 [Forwarding findElement on session 1f877272be7ad668daf7bccb5610df9a to remote] DEBUG org.apache.http.wire - http-outgoing-30 >> "Connection: Keep-Alive[\r][\n]"
11:24:38.892 [Forwarding findElement on session 1f877272be7ad668daf7bccb5610df9a to remote] DEBUG org.apache.http.wire - http-outgoing-30 >> "User-Agent: Apache-HttpClient/4.5.3 (Java/1.8.0_211)[\r][\n]"
11:24:38.892 [Forwarding findElement on session 1f877272be7ad668daf7bccb5610df9a to remote] DEBUG org.apache.http.wire - http-outgoing-30 >> "Accept-Encoding: gzip,deflate[\r][\n]"
11:24:38.892 [Forwarding findElement on session 1f877272be7ad668daf7bccb5610df9a to remote] DEBUG org.apache.http.wire - http-outgoing-30 >> "[\r][\n]"
11:24:38.892 [Forwarding findElement on session 1f877272be7ad668daf7bccb5610df9a to remote] DEBUG org.apache.http.wire - http-outgoing-30 >> "{"value":".dropdown-toggle > span","using":"css selector"}"
11:24:38.898 [Forwarding findElement on session 1f877272be7ad668daf7bccb5610df9a to remote] DEBUG org.apache.http.wire - http-outgoing-30 << "HTTP/1.1 200 OK[\r][\n]"
11:24:38.898 [Forwarding findElement on session 1f877272be7ad668daf7bccb5610df9a to remote] DEBUG org.apache.http.wire - http-outgoing-30 << "Content-Length:88[\r][\n]"
11:24:38.898 [Forwarding findElement on session 1f877272be7ad668daf7bccb5610df9a to remote] DEBUG org.apache.http.wire - http-outgoing-30 << "Content-Type:application/json; charset=utf-8[\r][\n]"
11:24:38.898 [Forwarding findElement on session 1f877272be7ad668daf7bccb5610df9a to remote] DEBUG org.apache.http.wire - http-outgoing-30 << "cache-control:no-cache[\r][\n]"
11:24:38.898 [Forwarding findElement on session 1f877272be7ad668daf7bccb5610df9a to remote] DEBUG org.apache.http.wire - http-outgoing-30 << "[\r][\n]"
11:24:38.898 [Forwarding findElement on session 1f877272be7ad668daf7bccb5610df9a to remote] DEBUG org.apache.http.wire - http-outgoing-30 << "{"value":{"element-6066-11e4-a52e-4f735466cecf":"21f337a3-26c4-46bc-8180-0ab86700b98d"}}"
11:24:38.898 [Forwarding findElement on session 1f877272be7ad668daf7bccb5610df9a to remote] DEBUG org.apache.http.headers - http-outgoing-30 << HTTP/1.1 200 OK
11:24:38.898 [Forwarding findElement on session 1f877272be7ad668daf7bccb5610df9a to remote] DEBUG org.apache.http.headers - http-outgoing-30 << Content-Length:88
11:24:38.898 [Forwarding findElement on session 1f877272be7ad668daf7bccb5610df9a to remote] DEBUG org.apache.http.headers - http-outgoing-30 << Content-Type:application/json; charset=utf-8
11:24:38.898 [Forwarding findElement on session 1f877272be7ad668daf7bccb5610df9a to remote] DEBUG org.apache.http.headers - http-outgoing-30 << cache-control:no-cache
11:24:38.898 [Forwarding findElement on session 1f877272be7ad668daf7bccb5610df9a to remote] DEBUG org.apache.http.impl.execchain.MainClientExec - Connection can be kept alive indefinitely
11:24:38.898 [Forwarding findElement on session 1f877272be7ad668daf7bccb5610df9a to remote] DEBUG org.apache.http.impl.conn.PoolingHttpClientConnectionManager - Connection [id: 30][route: {}->http://localhost:41943] can be kept alive indefinitely
11:24:38.898 [Forwarding findElement on session 1f877272be7ad668daf7bccb5610df9a to remote] DEBUG org.apache.http.impl.conn.PoolingHttpClientConnectionManager - Connection released: [id: 30][route: {}->http://localhost:41943][total kept alive: 31; route allocated: 1 of 2000; total allocated: 31 of 2000]
11:24:38.899 [Forwarding actions on session 1f877272be7ad668daf7bccb5610df9a to remote] DEBUG org.apache.http.client.protocol.RequestAddCookies - CookieSpec selected: default
11:24:38.899 [Forwarding actions on session 1f877272be7ad668daf7bccb5610df9a to remote] DEBUG org.apache.http.client.protocol.RequestAuthCache - Auth cache not set in the context
11:24:38.899 [Forwarding actions on session 1f877272be7ad668daf7bccb5610df9a to remote] DEBUG org.apache.http.impl.conn.PoolingHttpClientConnectionManager - Connection request: [route: {}->http://localhost:41943][total kept alive: 31; route allocated: 1 of 2000; total allocated: 31 of 2000]
11:24:38.899 [Forwarding actions on session 1f877272be7ad668daf7bccb5610df9a to remote] DEBUG org.apache.http.impl.conn.PoolingHttpClientConnectionManager - Connection leased: [id: 30][route: {}->http://localhost:41943][total kept alive: 30; route allocated: 1 of 2000; total allocated: 31 of 2000]
11:24:38.899 [Forwarding actions on session 1f877272be7ad668daf7bccb5610df9a to remote] DEBUG org.apache.http.impl.execchain.MainClientExec - Stale connection check
11:24:38.900 [Forwarding actions on session 1f877272be7ad668daf7bccb5610df9a to remote] DEBUG org.apache.http.wire - http-outgoing-30 << "[read] I/O error: Read timed out"
11:24:38.900 [Forwarding actions on session 1f877272be7ad668daf7bccb5610df9a to remote] DEBUG org.apache.http.impl.conn.DefaultManagedHttpClientConnection - http-outgoing-30: set socket timeout to 10800000
11:24:38.900 [Forwarding actions on session 1f877272be7ad668daf7bccb5610df9a to remote] DEBUG org.apache.http.impl.execchain.MainClientExec - Executing request POST /session/1f877272be7ad668daf7bccb5610df9a/actions HTTP/1.1
11:24:38.900 [Forwarding actions on session 1f877272be7ad668daf7bccb5610df9a to remote] DEBUG org.apache.http.impl.execchain.MainClientExec - Target auth state: UNCHALLENGED
11:24:38.900 [Forwarding actions on session 1f877272be7ad668daf7bccb5610df9a to remote] DEBUG org.apache.http.impl.execchain.MainClientExec - Proxy auth state: UNCHALLENGED
11:24:38.900 [Forwarding actions on session 1f877272be7ad668daf7bccb5610df9a to remote] DEBUG org.apache.http.headers - http-outgoing-30 >> POST /session/1f877272be7ad668daf7bccb5610df9a/actions HTTP/1.1
11:24:38.900 [Forwarding actions on session 1f877272be7ad668daf7bccb5610df9a to remote] DEBUG org.apache.http.headers - http-outgoing-30 >> Content-Type: application/json; charset=utf-8
11:24:38.900 [Forwarding actions on session 1f877272be7ad668daf7bccb5610df9a to remote] DEBUG org.apache.http.headers - http-outgoing-30 >> Content-Length: 289
11:24:38.900 [Forwarding actions on session 1f877272be7ad668daf7bccb5610df9a to remote] DEBUG org.apache.http.headers - http-outgoing-30 >> Host: localhost:41943
11:24:38.900 [Forwarding actions on session 1f877272be7ad668daf7bccb5610df9a to remote] DEBUG org.apache.http.headers - http-outgoing-30 >> Connection: Keep-Alive
11:24:38.900 [Forwarding actions on session 1f877272be7ad668daf7bccb5610df9a to remote] DEBUG org.apache.http.headers - http-outgoing-30 >> User-Agent: Apache-HttpClient/4.5.3 (Java/1.8.0_211)
11:24:38.900 [Forwarding actions on session 1f877272be7ad668daf7bccb5610df9a to remote] DEBUG org.apache.http.headers - http-outgoing-30 >> Accept-Encoding: gzip,deflate
11:24:38.900 [Forwarding actions on session 1f877272be7ad668daf7bccb5610df9a to remote] DEBUG org.apache.http.wire - http-outgoing-30 >> "POST /session/1f877272be7ad668daf7bccb5610df9a/actions HTTP/1.1[\r][\n]"
11:24:38.900 [Forwarding actions on session 1f877272be7ad668daf7bccb5610df9a to remote] DEBUG org.apache.http.wire - http-outgoing-30 >> "Content-Type: application/json; charset=utf-8[\r][\n]"
11:24:38.900 [Forwarding actions on session 1f877272be7ad668daf7bccb5610df9a to remote] DEBUG org.apache.http.wire - http-outgoing-30 >> "Content-Length: 289[\r][\n]"
11:24:38.900 [Forwarding actions on session 1f877272be7ad668daf7bccb5610df9a to remote] DEBUG org.apache.http.wire - http-outgoing-30 >> "Host: localhost:41943[\r][\n]"
11:24:38.900 [Forwarding actions on session 1f877272be7ad668daf7bccb5610df9a to remote] DEBUG org.apache.http.wire - http-outgoing-30 >> "Connection: Keep-Alive[\r][\n]"
11:24:38.900 [Forwarding actions on session 1f877272be7ad668daf7bccb5610df9a to remote] DEBUG org.apache.http.wire - http-outgoing-30 >> "User-Agent: Apache-HttpClient/4.5.3 (Java/1.8.0_211)[\r][\n]"
11:24:38.900 [Forwarding actions on session 1f877272be7ad668daf7bccb5610df9a to remote] DEBUG org.apache.http.wire - http-outgoing-30 >> "Accept-Encoding: gzip,deflate[\r][\n]"
11:24:38.900 [Forwarding actions on session 1f877272be7ad668daf7bccb5610df9a to remote] DEBUG org.apache.http.wire - http-outgoing-30 >> "[\r][\n]"
11:24:38.900 [Forwarding actions on session 1f877272be7ad668daf7bccb5610df9a to remote] DEBUG org.apache.http.wire - http-outgoing-30 >> "{"actions":[{"id":"default mouse","type":"pointer","parameters":{"pointerType":"mouse"},"actions":[{"duration":100,"x":0,"y":0,"type":"pointerMove","origin":{"ELEMENT":"21f337a3-26c4-46bc-8180-0ab86700b98d","element-6066-11e4-a52e-4f735466cecf":"21f337a3-26c4-46bc-8180-0ab86700b98d"}}]}]}"
11:24:39.012 [Forwarding actions on session 1f877272be7ad668daf7bccb5610df9a to remote] DEBUG org.apache.http.wire - http-outgoing-30 << "HTTP/1.1 200 OK[\r][\n]"
11:24:39.012 [Forwarding actions on session 1f877272be7ad668daf7bccb5610df9a to remote] DEBUG org.apache.http.wire - http-outgoing-30 << "Content-Length:14[\r][\n]"
11:24:39.012 [Forwarding actions on session 1f877272be7ad668daf7bccb5610df9a to remote] DEBUG org.apache.http.wire - http-outgoing-30 << "Content-Type:application/json; charset=utf-8[\r][\n]"
11:24:39.012 [Forwarding actions on session 1f877272be7ad668daf7bccb5610df9a to remote] DEBUG org.apache.http.wire - http-outgoing-30 << "cache-control:no-cache[\r][\n]"
11:24:39.012 [Forwarding actions on session 1f877272be7ad668daf7bccb5610df9a to remote] DEBUG org.apache.http.wire - http-outgoing-30 << "[\r][\n]"
11:24:39.012 [Forwarding actions on session 1f877272be7ad668daf7bccb5610df9a to remote] DEBUG org.apache.http.wire - http-outgoing-30 << "{"value":null}"
11:24:39.012 [Forwarding actions on session 1f877272be7ad668daf7bccb5610df9a to remote] DEBUG org.apache.http.headers - http-outgoing-30 << HTTP/1.1 200 OK
11:24:39.012 [Forwarding actions on session 1f877272be7ad668daf7bccb5610df9a to remote] DEBUG org.apache.http.headers - http-outgoing-30 << Content-Length:14
11:24:39.012 [Forwarding actions on session 1f877272be7ad668daf7bccb5610df9a to remote] DEBUG org.apache.http.headers - http-outgoing-30 << Content-Type:application/json; charset=utf-8
11:24:39.012 [Forwarding actions on session 1f877272be7ad668daf7bccb5610df9a to remote] DEBUG org.apache.http.headers - http-outgoing-30 << cache-control:no-cache
11:24:39.012 [Forwarding actions on session 1f877272be7ad668daf7bccb5610df9a to remote] DEBUG org.apache.http.impl.execchain.MainClientExec - Connection can be kept alive indefinitely
11:24:39.012 [Forwarding actions on session 1f877272be7ad668daf7bccb5610df9a to remote] DEBUG org.apache.http.impl.conn.PoolingHttpClientConnectionManager - Connection [id: 30][route: {}->http://localhost:41943] can be kept alive indefinitely
11:24:39.012 [Forwarding actions on session 1f877272be7ad668daf7bccb5610df9a to remote] DEBUG org.apache.http.impl.conn.PoolingHttpClientConnectionManager - Connection released: [id: 30][route: {}->http://localhost:41943][total kept alive: 31; route allocated: 1 of 2000; total allocated: 31 of 2000]
11:24:39.013 [Forwarding findElement on session 1f877272be7ad668daf7bccb5610df9a to remote] DEBUG org.apache.http.client.protocol.RequestAddCookies - CookieSpec selected: default
11:24:39.013 [Forwarding findElement on session 1f877272be7ad668daf7bccb5610df9a to remote] DEBUG org.apache.http.client.protocol.RequestAuthCache - Auth cache not set in the context
11:24:39.013 [Forwarding findElement on session 1f877272be7ad668daf7bccb5610df9a to remote] DEBUG org.apache.http.impl.conn.PoolingHttpClientConnectionManager - Connection request: [route: {}->http://localhost:41943][total kept alive: 31; route allocated: 1 of 2000; total allocated: 31 of 2000]
11:24:39.013 [Forwarding findElement on session 1f877272be7ad668daf7bccb5610df9a to remote] DEBUG org.apache.http.impl.conn.PoolingHttpClientConnectionManager - Connection leased: [id: 30][route: {}->http://localhost:41943][total kept alive: 30; route allocated: 1 of 2000; total allocated: 31 of 2000]
11:24:39.013 [Forwarding findElement on session 1f877272be7ad668daf7bccb5610df9a to remote] DEBUG org.apache.http.impl.execchain.MainClientExec - Stale connection check
11:24:39.014 [Forwarding findElement on session 1f877272be7ad668daf7bccb5610df9a to remote] DEBUG org.apache.http.wire - http-outgoing-30 << "[read] I/O error: Read timed out"
11:24:39.014 [Forwarding findElement on session 1f877272be7ad668daf7bccb5610df9a to remote] DEBUG org.apache.http.impl.conn.DefaultManagedHttpClientConnection - http-outgoing-30: set socket timeout to 10800000
11:24:39.014 [Forwarding findElement on session 1f877272be7ad668daf7bccb5610df9a to remote] DEBUG org.apache.http.impl.execchain.MainClientExec - Executing request POST /session/1f877272be7ad668daf7bccb5610df9a/element HTTP/1.1
11:24:39.014 [Forwarding findElement on session 1f877272be7ad668daf7bccb5610df9a to remote] DEBUG org.apache.http.impl.execchain.MainClientExec - Target auth state: UNCHALLENGED
11:24:39.014 [Forwarding findElement on session 1f877272be7ad668daf7bccb5610df9a to remote] DEBUG org.apache.http.impl.execchain.MainClientExec - Proxy auth state: UNCHALLENGED
11:24:39.014 [Forwarding findElement on session 1f877272be7ad668daf7bccb5610df9a to remote] DEBUG org.apache.http.headers - http-outgoing-30 >> POST /session/1f877272be7ad668daf7bccb5610df9a/element HTTP/1.1
11:24:39.014 [Forwarding findElement on session 1f877272be7ad668daf7bccb5610df9a to remote] DEBUG org.apache.http.headers - http-outgoing-30 >> Content-Type: application/json; charset=utf-8
11:24:39.014 [Forwarding findElement on session 1f877272be7ad668daf7bccb5610df9a to remote] DEBUG org.apache.http.headers - http-outgoing-30 >> Content-Length: 58
11:24:39.014 [Forwarding findElement on session 1f877272be7ad668daf7bccb5610df9a to remote] DEBUG org.apache.http.headers - http-outgoing-30 >> Host: localhost:41943
11:24:39.014 [Forwarding findElement on session 1f877272be7ad668daf7bccb5610df9a to remote] DEBUG org.apache.http.headers - http-outgoing-30 >> Connection: Keep-Alive
11:24:39.014 [Forwarding findElement on session 1f877272be7ad668daf7bccb5610df9a to remote] DEBUG org.apache.http.headers - http-outgoing-30 >> User-Agent: Apache-HttpClient/4.5.3 (Java/1.8.0_211)
11:24:39.014 [Forwarding findElement on session 1f877272be7ad668daf7bccb5610df9a to remote] DEBUG org.apache.http.headers - http-outgoing-30 >> Accept-Encoding: gzip,deflate
11:24:39.014 [Forwarding findElement on session 1f877272be7ad668daf7bccb5610df9a to remote] DEBUG org.apache.http.wire - http-outgoing-30 >> "POST /session/1f877272be7ad668daf7bccb5610df9a/element HTTP/1.1[\r][\n]"
11:24:39.014 [Forwarding findElement on session 1f877272be7ad668daf7bccb5610df9a to remote] DEBUG org.apache.http.wire - http-outgoing-30 >> "Content-Type: application/json; charset=utf-8[\r][\n]"
11:24:39.014 [Forwarding findElement on session 1f877272be7ad668daf7bccb5610df9a to remote] DEBUG org.apache.http.wire - http-outgoing-30 >> "Content-Length: 58[\r][\n]"
11:24:39.014 [Forwarding findElement on session 1f877272be7ad668daf7bccb5610df9a to remote] DEBUG org.apache.http.wire - http-outgoing-30 >> "Host: localhost:41943[\r][\n]"
11:24:39.014 [Forwarding findElement on session 1f877272be7ad668daf7bccb5610df9a to remote] DEBUG org.apache.http.wire - http-outgoing-30 >> "Connection: Keep-Alive[\r][\n]"
11:24:39.014 [Forwarding findElement on session 1f877272be7ad668daf7bccb5610df9a to remote] DEBUG org.apache.http.wire - http-outgoing-30 >> "User-Agent: Apache-HttpClient/4.5.3 (Java/1.8.0_211)[\r][\n]"
11:24:39.014 [Forwarding findElement on session 1f877272be7ad668daf7bccb5610df9a to remote] DEBUG org.apache.http.wire - http-outgoing-30 >> "Accept-Encoding: gzip,deflate[\r][\n]"
11:24:39.014 [Forwarding findElement on session 1f877272be7ad668daf7bccb5610df9a to remote] DEBUG org.apache.http.wire - http-outgoing-30 >> "[\r][\n]"
11:24:39.014 [Forwarding findElement on session 1f877272be7ad668daf7bccb5610df9a to remote] DEBUG org.apache.http.wire - http-outgoing-30 >> "{"value":".px-2:nth-child(3) span","using":"css selector"}"
11:24:39.019 [Forwarding findElement on session 1f877272be7ad668daf7bccb5610df9a to remote] DEBUG org.apache.http.wire - http-outgoing-30 << "HTTP/1.1 200 OK[\r][\n]"
11:24:39.019 [Forwarding findElement on session 1f877272be7ad668daf7bccb5610df9a to remote] DEBUG org.apache.http.wire - http-outgoing-30 << "Content-Length:88[\r][\n]"
11:24:39.019 [Forwarding findElement on session 1f877272be7ad668daf7bccb5610df9a to remote] DEBUG org.apache.http.wire - http-outgoing-30 << "Content-Type:application/json; charset=utf-8[\r][\n]"
11:24:39.019 [Forwarding findElement on session 1f877272be7ad668daf7bccb5610df9a to remote] DEBUG org.apache.http.wire - http-outgoing-30 << "cache-control:no-cache[\r][\n]"
11:24:39.019 [Forwarding findElement on session 1f877272be7ad668daf7bccb5610df9a to remote] DEBUG org.apache.http.wire - http-outgoing-30 << "[\r][\n]"
11:24:39.019 [Forwarding findElement on session 1f877272be7ad668daf7bccb5610df9a to remote] DEBUG org.apache.http.wire - http-outgoing-30 << "{"value":{"element-6066-11e4-a52e-4f735466cecf":"488b425d-9f40-4cf7-b0d7-292b4d566e8f"}}"
11:24:39.019 [Forwarding findElement on session 1f877272be7ad668daf7bccb5610df9a to remote] DEBUG org.apache.http.headers - http-outgoing-30 << HTTP/1.1 200 OK
11:24:39.019 [Forwarding findElement on session 1f877272be7ad668daf7bccb5610df9a to remote] DEBUG org.apache.http.headers - http-outgoing-30 << Content-Length:88
11:24:39.019 [Forwarding findElement on session 1f877272be7ad668daf7bccb5610df9a to remote] DEBUG org.apache.http.headers - http-outgoing-30 << Content-Type:application/json; charset=utf-8
11:24:39.019 [Forwarding findElement on session 1f877272be7ad668daf7bccb5610df9a to remote] DEBUG org.apache.http.headers - http-outgoing-30 << cache-control:no-cache
11:24:39.019 [Forwarding findElement on session 1f877272be7ad668daf7bccb5610df9a to remote] DEBUG org.apache.http.impl.execchain.MainClientExec - Connection can be kept alive indefinitely
11:24:39.019 [Forwarding findElement on session 1f877272be7ad668daf7bccb5610df9a to remote] DEBUG org.apache.http.impl.conn.PoolingHttpClientConnectionManager - Connection [id: 30][route: {}->http://localhost:41943] can be kept alive indefinitely
11:24:39.019 [Forwarding findElement on session 1f877272be7ad668daf7bccb5610df9a to remote] DEBUG org.apache.http.impl.conn.PoolingHttpClientConnectionManager - Connection released: [id: 30][route: {}->http://localhost:41943][total kept alive: 31; route allocated: 1 of 2000; total allocated: 31 of 2000]
11:24:39.019 [Forwarding clickElement on session 1f877272be7ad668daf7bccb5610df9a to remote] DEBUG org.apache.http.client.protocol.RequestAddCookies - CookieSpec selected: default
11:24:39.019 [Forwarding clickElement on session 1f877272be7ad668daf7bccb5610df9a to remote] DEBUG org.apache.http.client.protocol.RequestAuthCache - Auth cache not set in the context
11:24:39.019 [Forwarding clickElement on session 1f877272be7ad668daf7bccb5610df9a to remote] DEBUG org.apache.http.impl.conn.PoolingHttpClientConnectionManager - Connection request: [route: {}->http://localhost:41943][total kept alive: 31; route allocated: 1 of 2000; total allocated: 31 of 2000]
11:24:39.019 [Forwarding clickElement on session 1f877272be7ad668daf7bccb5610df9a to remote] DEBUG org.apache.http.impl.conn.PoolingHttpClientConnectionManager - Connection leased: [id: 30][route: {}->http://localhost:41943][total kept alive: 30; route allocated: 1 of 2000; total allocated: 31 of 2000]
11:24:39.019 [Forwarding clickElement on session 1f877272be7ad668daf7bccb5610df9a to remote] DEBUG org.apache.http.impl.execchain.MainClientExec - Stale connection check
11:24:39.021 [Forwarding clickElement on session 1f877272be7ad668daf7bccb5610df9a to remote] DEBUG org.apache.http.wire - http-outgoing-30 << "[read] I/O error: Read timed out"
11:24:39.021 [Forwarding clickElement on session 1f877272be7ad668daf7bccb5610df9a to remote] DEBUG org.apache.http.impl.conn.DefaultManagedHttpClientConnection - http-outgoing-30: set socket timeout to 10800000
11:24:39.021 [Forwarding clickElement on session 1f877272be7ad668daf7bccb5610df9a to remote] DEBUG org.apache.http.impl.execchain.MainClientExec - Executing request POST /session/1f877272be7ad668daf7bccb5610df9a/element/488b425d-9f40-4cf7-b0d7-292b4d566e8f/click HTTP/1.1
11:24:39.021 [Forwarding clickElement on session 1f877272be7ad668daf7bccb5610df9a to remote] DEBUG org.apache.http.impl.execchain.MainClientExec - Target auth state: UNCHALLENGED
11:24:39.021 [Forwarding clickElement on session 1f877272be7ad668daf7bccb5610df9a to remote] DEBUG org.apache.http.impl.execchain.MainClientExec - Proxy auth state: UNCHALLENGED
11:24:39.021 [Forwarding clickElement on session 1f877272be7ad668daf7bccb5610df9a to remote] DEBUG org.apache.http.headers - http-outgoing-30 >> POST /session/1f877272be7ad668daf7bccb5610df9a/element/488b425d-9f40-4cf7-b0d7-292b4d566e8f/click HTTP/1.1
11:24:39.021 [Forwarding clickElement on session 1f877272be7ad668daf7bccb5610df9a to remote] DEBUG org.apache.http.headers - http-outgoing-30 >> Content-Type: application/json; charset=utf-8
11:24:39.021 [Forwarding clickElement on session 1f877272be7ad668daf7bccb5610df9a to remote] DEBUG org.apache.http.headers - http-outgoing-30 >> Content-Length: 45
11:24:39.021 [Forwarding clickElement on session 1f877272be7ad668daf7bccb5610df9a to remote] DEBUG org.apache.http.headers - http-outgoing-30 >> Host: localhost:41943
11:24:39.021 [Forwarding clickElement on session 1f877272be7ad668daf7bccb5610df9a to remote] DEBUG org.apache.http.headers - http-outgoing-30 >> Connection: Keep-Alive
11:24:39.021 [Forwarding clickElement on session 1f877272be7ad668daf7bccb5610df9a to remote] DEBUG org.apache.http.headers - http-outgoing-30 >> User-Agent: Apache-HttpClient/4.5.3 (Java/1.8.0_211)
11:24:39.021 [Forwarding clickElement on session 1f877272be7ad668daf7bccb5610df9a to remote] DEBUG org.apache.http.headers - http-outgoing-30 >> Accept-Encoding: gzip,deflate
11:24:39.021 [Forwarding clickElement on session 1f877272be7ad668daf7bccb5610df9a to remote] DEBUG org.apache.http.wire - http-outgoing-30 >> "POST /session/1f877272be7ad668daf7bccb5610df9a/element/488b425d-9f40-4cf7-b0d7-292b4d566e8f/click HTTP/1.1[\r][\n]"
11:24:39.021 [Forwarding clickElement on session 1f877272be7ad668daf7bccb5610df9a to remote] DEBUG org.apache.http.wire - http-outgoing-30 >> "Content-Type: application/json; charset=utf-8[\r][\n]"
11:24:39.021 [Forwarding clickElement on session 1f877272be7ad668daf7bccb5610df9a to remote] DEBUG org.apache.http.wire - http-outgoing-30 >> "Content-Length: 45[\r][\n]"
11:24:39.021 [Forwarding clickElement on session 1f877272be7ad668daf7bccb5610df9a to remote] DEBUG org.apache.http.wire - http-outgoing-30 >> "Host: localhost:41943[\r][\n]"
11:24:39.021 [Forwarding clickElement on session 1f877272be7ad668daf7bccb5610df9a to remote] DEBUG org.apache.http.wire - http-outgoing-30 >> "Connection: Keep-Alive[\r][\n]"
11:24:39.021 [Forwarding clickElement on session 1f877272be7ad668daf7bccb5610df9a to remote] DEBUG org.apache.http.wire - http-outgoing-30 >> "User-Agent: Apache-HttpClient/4.5.3 (Java/1.8.0_211)[\r][\n]"
11:24:39.021 [Forwarding clickElement on session 1f877272be7ad668daf7bccb5610df9a to remote] DEBUG org.apache.http.wire - http-outgoing-30 >> "Accept-Encoding: gzip,deflate[\r][\n]"
11:24:39.021 [Forwarding clickElement on session 1f877272be7ad668daf7bccb5610df9a to remote] DEBUG org.apache.http.wire - http-outgoing-30 >> "[\r][\n]"
11:24:39.021 [Forwarding clickElement on session 1f877272be7ad668daf7bccb5610df9a to remote] DEBUG org.apache.http.wire - http-outgoing-30 >> "{"id":"488b425d-9f40-4cf7-b0d7-292b4d566e8f"}"
11:24:39.079 [Forwarding clickElement on session 1f877272be7ad668daf7bccb5610df9a to remote] DEBUG org.apache.http.wire - http-outgoing-30 << "HTTP/1.1 200 OK[\r][\n]"
11:24:39.079 [Forwarding clickElement on session 1f877272be7ad668daf7bccb5610df9a to remote] DEBUG org.apache.http.wire - http-outgoing-30 << "Content-Length:14[\r][\n]"
11:24:39.079 [Forwarding clickElement on session 1f877272be7ad668daf7bccb5610df9a to remote] DEBUG org.apache.http.wire - http-outgoing-30 << "Content-Type:application/json; charset=utf-8[\r][\n]"
11:24:39.079 [Forwarding clickElement on session 1f877272be7ad668daf7bccb5610df9a to remote] DEBUG org.apache.http.wire - http-outgoing-30 << "cache-control:no-cache[\r][\n]"
11:24:39.079 [Forwarding clickElement on session 1f877272be7ad668daf7bccb5610df9a to remote] DEBUG org.apache.http.wire - http-outgoing-30 << "[\r][\n]"
11:24:39.079 [Forwarding clickElement on session 1f877272be7ad668daf7bccb5610df9a to remote] DEBUG org.apache.http.wire - http-outgoing-30 << "{"value":null}"
11:24:39.079 [Forwarding clickElement on session 1f877272be7ad668daf7bccb5610df9a to remote] DEBUG org.apache.http.headers - http-outgoing-30 << HTTP/1.1 200 OK
11:24:39.079 [Forwarding clickElement on session 1f877272be7ad668daf7bccb5610df9a to remote] DEBUG org.apache.http.headers - http-outgoing-30 << Content-Length:14
11:24:39.079 [Forwarding clickElement on session 1f877272be7ad668daf7bccb5610df9a to remote] DEBUG org.apache.http.headers - http-outgoing-30 << Content-Type:application/json; charset=utf-8
11:24:39.079 [Forwarding clickElement on session 1f877272be7ad668daf7bccb5610df9a to remote] DEBUG org.apache.http.headers - http-outgoing-30 << cache-control:no-cache
11:24:39.079 [Forwarding clickElement on session 1f877272be7ad668daf7bccb5610df9a to remote] DEBUG org.apache.http.impl.execchain.MainClientExec - Connection can be kept alive indefinitely
11:24:39.079 [Forwarding clickElement on session 1f877272be7ad668daf7bccb5610df9a to remote] DEBUG org.apache.http.impl.conn.PoolingHttpClientConnectionManager - Connection [id: 30][route: {}->http://localhost:41943] can be kept alive indefinitely
11:24:39.079 [Forwarding clickElement on session 1f877272be7ad668daf7bccb5610df9a to remote] DEBUG org.apache.http.impl.conn.PoolingHttpClientConnectionManager - Connection released: [id: 30][route: {}->http://localhost:41943][total kept alive: 31; route allocated: 1 of 2000; total allocated: 31 of 2000]
11:24:39.079 [Forwarding findElement on session 1f877272be7ad668daf7bccb5610df9a to remote] DEBUG org.apache.http.client.protocol.RequestAddCookies - CookieSpec selected: default
11:24:39.079 [Forwarding findElement on session 1f877272be7ad668daf7bccb5610df9a to remote] DEBUG org.apache.http.client.protocol.RequestAuthCache - Auth cache not set in the context
11:24:39.079 [Forwarding findElement on session 1f877272be7ad668daf7bccb5610df9a to remote] DEBUG org.apache.http.impl.conn.PoolingHttpClientConnectionManager - Connection request: [route: {}->http://localhost:41943][total kept alive: 31; route allocated: 1 of 2000; total allocated: 31 of 2000]
11:24:39.079 [Forwarding findElement on session 1f877272be7ad668daf7bccb5610df9a to remote] DEBUG org.apache.http.impl.conn.PoolingHttpClientConnectionManager - Connection leased: [id: 30][route: {}->http://localhost:41943][total kept alive: 30; route allocated: 1 of 2000; total allocated: 31 of 2000]
11:24:39.079 [Forwarding findElement on session 1f877272be7ad668daf7bccb5610df9a to remote] DEBUG org.apache.http.impl.execchain.MainClientExec - Stale connection check
11:24:39.081 [Forwarding findElement on session 1f877272be7ad668daf7bccb5610df9a to remote] DEBUG org.apache.http.wire - http-outgoing-30 << "[read] I/O error: Read timed out"
11:24:39.081 [Forwarding findElement on session 1f877272be7ad668daf7bccb5610df9a to remote] DEBUG org.apache.http.impl.conn.DefaultManagedHttpClientConnection - http-outgoing-30: set socket timeout to 10800000
11:24:39.081 [Forwarding findElement on session 1f877272be7ad668daf7bccb5610df9a to remote] DEBUG org.apache.http.impl.execchain.MainClientExec - Executing request POST /session/1f877272be7ad668daf7bccb5610df9a/element HTTP/1.1
11:24:39.081 [Forwarding findElement on session 1f877272be7ad668daf7bccb5610df9a to remote] DEBUG org.apache.http.impl.execchain.MainClientExec - Target auth state: UNCHALLENGED
11:24:39.081 [Forwarding findElement on session 1f877272be7ad668daf7bccb5610df9a to remote] DEBUG org.apache.http.impl.execchain.MainClientExec - Proxy auth state: UNCHALLENGED
11:24:39.081 [Forwarding findElement on session 1f877272be7ad668daf7bccb5610df9a to remote] DEBUG org.apache.http.headers - http-outgoing-30 >> POST /session/1f877272be7ad668daf7bccb5610df9a/element HTTP/1.1
11:24:39.081 [Forwarding findElement on session 1f877272be7ad668daf7bccb5610df9a to remote] DEBUG org.apache.http.headers - http-outgoing-30 >> Content-Type: application/json; charset=utf-8
11:24:39.081 [Forwarding findElement on session 1f877272be7ad668daf7bccb5610df9a to remote] DEBUG org.apache.http.headers - http-outgoing-30 >> Content-Length: 61
11:24:39.081 [Forwarding findElement on session 1f877272be7ad668daf7bccb5610df9a to remote] DEBUG org.apache.http.headers - http-outgoing-30 >> Host: localhost:41943
11:24:39.081 [Forwarding findElement on session 1f877272be7ad668daf7bccb5610df9a to remote] DEBUG org.apache.http.headers - http-outgoing-30 >> Connection: Keep-Alive
11:24:39.081 [Forwarding findElement on session 1f877272be7ad668daf7bccb5610df9a to remote] DEBUG org.apache.http.headers - http-outgoing-30 >> User-Agent: Apache-HttpClient/4.5.3 (Java/1.8.0_211)
11:24:39.081 [Forwarding findElement on session 1f877272be7ad668daf7bccb5610df9a to remote] DEBUG org.apache.http.headers - http-outgoing-30 >> Accept-Encoding: gzip,deflate
11:24:39.081 [Forwarding findElement on session 1f877272be7ad668daf7bccb5610df9a to remote] DEBUG org.apache.http.wire - http-outgoing-30 >> "POST /session/1f877272be7ad668daf7bccb5610df9a/element HTTP/1.1[\r][\n]"
11:24:39.081 [Forwarding findElement on session 1f877272be7ad668daf7bccb5610df9a to remote] DEBUG org.apache.http.wire - http-outgoing-30 >> "Content-Type: application/json; charset=utf-8[\r][\n]"
11:24:39.081 [Forwarding findElement on session 1f877272be7ad668daf7bccb5610df9a to remote] DEBUG org.apache.http.wire - http-outgoing-30 >> "Content-Length: 61[\r][\n]"
11:24:39.081 [Forwarding findElement on session 1f877272be7ad668daf7bccb5610df9a to remote] DEBUG org.apache.http.wire - http-outgoing-30 >> "Host: localhost:41943[\r][\n]"
11:24:39.081 [Forwarding findElement on session 1f877272be7ad668daf7bccb5610df9a to remote] DEBUG org.apache.http.wire - http-outgoing-30 >> "Connection: Keep-Alive[\r][\n]"
11:24:39.081 [Forwarding findElement on session 1f877272be7ad668daf7bccb5610df9a to remote] DEBUG org.apache.http.wire - http-outgoing-30 >> "User-Agent: Apache-HttpClient/4.5.3 (Java/1.8.0_211)[\r][\n]"
11:24:39.081 [Forwarding findElement on session 1f877272be7ad668daf7bccb5610df9a to remote] DEBUG org.apache.http.wire - http-outgoing-30 >> "Accept-Encoding: gzip,deflate[\r][\n]"
11:24:39.081 [Forwarding findElement on session 1f877272be7ad668daf7bccb5610df9a to remote] DEBUG org.apache.http.wire - http-outgoing-30 >> "[\r][\n]"
11:24:39.081 [Forwarding findElement on session 1f877272be7ad668daf7bccb5610df9a to remote] DEBUG org.apache.http.wire - http-outgoing-30 >> "{"value":".form-control:nth-child(2)","using":"css selector"}"
11:24:39.087 [Forwarding findElement on session 1f877272be7ad668daf7bccb5610df9a to remote] DEBUG org.apache.http.wire - http-outgoing-30 << "HTTP/1.1 200 OK[\r][\n]"
11:24:39.087 [Forwarding findElement on session 1f877272be7ad668daf7bccb5610df9a to remote] DEBUG org.apache.http.wire - http-outgoing-30 << "Content-Length:88[\r][\n]"
11:24:39.087 [Forwarding findElement on session 1f877272be7ad668daf7bccb5610df9a to remote] DEBUG org.apache.http.wire - http-outgoing-30 << "Content-Type:application/json; charset=utf-8[\r][\n]"
11:24:39.087 [Forwarding findElement on session 1f877272be7ad668daf7bccb5610df9a to remote] DEBUG org.apache.http.wire - http-outgoing-30 << "cache-control:no-cache[\r][\n]"
11:24:39.087 [Forwarding findElement on session 1f877272be7ad668daf7bccb5610df9a to remote] DEBUG org.apache.http.wire - http-outgoing-30 << "[\r][\n]"
11:24:39.087 [Forwarding findElement on session 1f877272be7ad668daf7bccb5610df9a to remote] DEBUG org.apache.http.wire - http-outgoing-30 << "{"value":{"element-6066-11e4-a52e-4f735466cecf":"6410b3cf-611a-4d46-b36c-382a9c1e4ef7"}}"
11:24:39.087 [Forwarding findElement on session 1f877272be7ad668daf7bccb5610df9a to remote] DEBUG org.apache.http.headers - http-outgoing-30 << HTTP/1.1 200 OK
11:24:39.087 [Forwarding findElement on session 1f877272be7ad668daf7bccb5610df9a to remote] DEBUG org.apache.http.headers - http-outgoing-30 << Content-Length:88
11:24:39.087 [Forwarding findElement on session 1f877272be7ad668daf7bccb5610df9a to remote] DEBUG org.apache.http.headers - http-outgoing-30 << Content-Type:application/json; charset=utf-8
11:24:39.087 [Forwarding findElement on session 1f877272be7ad668daf7bccb5610df9a to remote] DEBUG org.apache.http.headers - http-outgoing-30 << cache-control:no-cache
11:24:39.087 [Forwarding findElement on session 1f877272be7ad668daf7bccb5610df9a to remote] DEBUG org.apache.http.impl.execchain.MainClientExec - Connection can be kept alive indefinitely
11:24:39.087 [Forwarding findElement on session 1f877272be7ad668daf7bccb5610df9a to remote] DEBUG org.apache.http.impl.conn.PoolingHttpClientConnectionManager - Connection [id: 30][route: {}->http://localhost:41943] can be kept alive indefinitely
11:24:39.087 [Forwarding findElement on session 1f877272be7ad668daf7bccb5610df9a to remote] DEBUG org.apache.http.impl.conn.PoolingHttpClientConnectionManager - Connection released: [id: 30][route: {}->http://localhost:41943][total kept alive: 31; route allocated: 1 of 2000; total allocated: 31 of 2000]
11:24:39.087 [Forwarding clickElement on session 1f877272be7ad668daf7bccb5610df9a to remote] DEBUG org.apache.http.client.protocol.RequestAddCookies - CookieSpec selected: default
11:24:39.087 [Forwarding clickElement on session 1f877272be7ad668daf7bccb5610df9a to remote] DEBUG org.apache.http.client.protocol.RequestAuthCache - Auth cache not set in the context
11:24:39.087 [Forwarding clickElement on session 1f877272be7ad668daf7bccb5610df9a to remote] DEBUG org.apache.http.impl.conn.PoolingHttpClientConnectionManager - Connection request: [route: {}->http://localhost:41943][total kept alive: 31; route allocated: 1 of 2000; total allocated: 31 of 2000]
11:24:39.087 [Forwarding clickElement on session 1f877272be7ad668daf7bccb5610df9a to remote] DEBUG org.apache.http.impl.conn.PoolingHttpClientConnectionManager - Connection leased: [id: 30][route: {}->http://localhost:41943][total kept alive: 30; route allocated: 1 of 2000; total allocated: 31 of 2000]
11:24:39.087 [Forwarding clickElement on session 1f877272be7ad668daf7bccb5610df9a to remote] DEBUG org.apache.http.impl.execchain.MainClientExec - Stale connection check
11:24:39.089 [Forwarding clickElement on session 1f877272be7ad668daf7bccb5610df9a to remote] DEBUG org.apache.http.wire - http-outgoing-30 << "[read] I/O error: Read timed out"
11:24:39.089 [Forwarding clickElement on session 1f877272be7ad668daf7bccb5610df9a to remote] DEBUG org.apache.http.impl.conn.DefaultManagedHttpClientConnection - http-outgoing-30: set socket timeout to 10800000
11:24:39.089 [Forwarding clickElement on session 1f877272be7ad668daf7bccb5610df9a to remote] DEBUG org.apache.http.impl.execchain.MainClientExec - Executing request POST /session/1f877272be7ad668daf7bccb5610df9a/element/6410b3cf-611a-4d46-b36c-382a9c1e4ef7/click HTTP/1.1
11:24:39.089 [Forwarding clickElement on session 1f877272be7ad668daf7bccb5610df9a to remote] DEBUG org.apache.http.impl.execchain.MainClientExec - Target auth state: UNCHALLENGED
11:24:39.089 [Forwarding clickElement on session 1f877272be7ad668daf7bccb5610df9a to remote] DEBUG org.apache.http.impl.execchain.MainClientExec - Proxy auth state: UNCHALLENGED
11:24:39.089 [Forwarding clickElement on session 1f877272be7ad668daf7bccb5610df9a to remote] DEBUG org.apache.http.headers - http-outgoing-30 >> POST /session/1f877272be7ad668daf7bccb5610df9a/element/6410b3cf-611a-4d46-b36c-382a9c1e4ef7/click HTTP/1.1
11:24:39.089 [Forwarding clickElement on session 1f877272be7ad668daf7bccb5610df9a to remote] DEBUG org.apache.http.headers - http-outgoing-30 >> Content-Type: application/json; charset=utf-8
11:24:39.089 [Forwarding clickElement on session 1f877272be7ad668daf7bccb5610df9a to remote] DEBUG org.apache.http.headers - http-outgoing-30 >> Content-Length: 45
11:24:39.089 [Forwarding clickElement on session 1f877272be7ad668daf7bccb5610df9a to remote] DEBUG org.apache.http.headers - http-outgoing-30 >> Host: localhost:41943
11:24:39.089 [Forwarding clickElement on session 1f877272be7ad668daf7bccb5610df9a to remote] DEBUG org.apache.http.headers - http-outgoing-30 >> Connection: Keep-Alive
11:24:39.089 [Forwarding clickElement on session 1f877272be7ad668daf7bccb5610df9a to remote] DEBUG org.apache.http.headers - http-outgoing-30 >> User-Agent: Apache-HttpClient/4.5.3 (Java/1.8.0_211)
11:24:39.089 [Forwarding clickElement on session 1f877272be7ad668daf7bccb5610df9a to remote] DEBUG org.apache.http.headers - http-outgoing-30 >> Accept-Encoding: gzip,deflate
11:24:39.089 [Forwarding clickElement on session 1f877272be7ad668daf7bccb5610df9a to remote] DEBUG org.apache.http.wire - http-outgoing-30 >> "POST /session/1f877272be7ad668daf7bccb5610df9a/element/6410b3cf-611a-4d46-b36c-382a9c1e4ef7/click HTTP/1.1[\r][\n]"
11:24:39.089 [Forwarding clickElement on session 1f877272be7ad668daf7bccb5610df9a to remote] DEBUG org.apache.http.wire - http-outgoing-30 >> "Content-Type: application/json; charset=utf-8[\r][\n]"
11:24:39.089 [Forwarding clickElement on session 1f877272be7ad668daf7bccb5610df9a to remote] DEBUG org.apache.http.wire - http-outgoing-30 >> "Content-Length: 45[\r][\n]"
11:24:39.089 [Forwarding clickElement on session 1f877272be7ad668daf7bccb5610df9a to remote] DEBUG org.apache.http.wire - http-outgoing-30 >> "Host: localhost:41943[\r][\n]"
11:24:39.089 [Forwarding clickElement on session 1f877272be7ad668daf7bccb5610df9a to remote] DEBUG org.apache.http.wire - http-outgoing-30 >> "Connection: Keep-Alive[\r][\n]"
11:24:39.089 [Forwarding clickElement on session 1f877272be7ad668daf7bccb5610df9a to remote] DEBUG org.apache.http.wire - http-outgoing-30 >> "User-Agent: Apache-HttpClient/4.5.3 (Java/1.8.0_211)[\r][\n]"
11:24:39.089 [Forwarding clickElement on session 1f877272be7ad668daf7bccb5610df9a to remote] DEBUG org.apache.http.wire - http-outgoing-30 >> "Accept-Encoding: gzip,deflate[\r][\n]"
11:24:39.089 [Forwarding clickElement on session 1f877272be7ad668daf7bccb5610df9a to remote] DEBUG org.apache.http.wire - http-outgoing-30 >> "[\r][\n]"
11:24:39.089 [Forwarding clickElement on session 1f877272be7ad668daf7bccb5610df9a to remote] DEBUG org.apache.http.wire - http-outgoing-30 >> "{"id":"6410b3cf-611a-4d46-b36c-382a9c1e4ef7"}"
11:24:39.129 [Forwarding clickElement on session 1f877272be7ad668daf7bccb5610df9a to remote] DEBUG org.apache.http.wire - http-outgoing-30 << "HTTP/1.1 200 OK[\r][\n]"
11:24:39.129 [Forwarding clickElement on session 1f877272be7ad668daf7bccb5610df9a to remote] DEBUG org.apache.http.wire - http-outgoing-30 << "Content-Length:14[\r][\n]"
11:24:39.129 [Forwarding clickElement on session 1f877272be7ad668daf7bccb5610df9a to remote] DEBUG org.apache.http.wire - http-outgoing-30 << "Content-Type:application/json; charset=utf-8[\r][\n]"
11:24:39.129 [Forwarding clickElement on session 1f877272be7ad668daf7bccb5610df9a to remote] DEBUG org.apache.http.wire - http-outgoing-30 << "cache-control:no-cache[\r][\n]"
11:24:39.129 [Forwarding clickElement on session 1f877272be7ad668daf7bccb5610df9a to remote] DEBUG org.apache.http.wire - http-outgoing-30 << "[\r][\n]"
11:24:39.129 [Forwarding clickElement on session 1f877272be7ad668daf7bccb5610df9a to remote] DEBUG org.apache.http.wire - http-outgoing-30 << "{"value":null}"
11:24:39.129 [Forwarding clickElement on session 1f877272be7ad668daf7bccb5610df9a to remote] DEBUG org.apache.http.headers - http-outgoing-30 << HTTP/1.1 200 OK
11:24:39.129 [Forwarding clickElement on session 1f877272be7ad668daf7bccb5610df9a to remote] DEBUG org.apache.http.headers - http-outgoing-30 << Content-Length:14
11:24:39.129 [Forwarding clickElement on session 1f877272be7ad668daf7bccb5610df9a to remote] DEBUG org.apache.http.headers - http-outgoing-30 << Content-Type:application/json; charset=utf-8
11:24:39.129 [Forwarding clickElement on session 1f877272be7ad668daf7bccb5610df9a to remote] DEBUG org.apache.http.headers - http-outgoing-30 << cache-control:no-cache
11:24:39.129 [Forwarding clickElement on session 1f877272be7ad668daf7bccb5610df9a to remote] DEBUG org.apache.http.impl.execchain.MainClientExec - Connection can be kept alive indefinitely
11:24:39.129 [Forwarding clickElement on session 1f877272be7ad668daf7bccb5610df9a to remote] DEBUG org.apache.http.impl.conn.PoolingHttpClientConnectionManager - Connection [id: 30][route: {}->http://localhost:41943] can be kept alive indefinitely
11:24:39.129 [Forwarding clickElement on session 1f877272be7ad668daf7bccb5610df9a to remote] DEBUG org.apache.http.impl.conn.PoolingHttpClientConnectionManager - Connection released: [id: 30][route: {}->http://localhost:41943][total kept alive: 31; route allocated: 1 of 2000; total allocated: 31 of 2000]
11:24:39.130 [Forwarding findElement on session 1f877272be7ad668daf7bccb5610df9a to remote] DEBUG org.apache.http.client.protocol.RequestAddCookies - CookieSpec selected: default
11:24:39.130 [Forwarding findElement on session 1f877272be7ad668daf7bccb5610df9a to remote] DEBUG org.apache.http.client.protocol.RequestAuthCache - Auth cache not set in the context
11:24:39.130 [Forwarding findElement on session 1f877272be7ad668daf7bccb5610df9a to remote] DEBUG org.apache.http.impl.conn.PoolingHttpClientConnectionManager - Connection request: [route: {}->http://localhost:41943][total kept alive: 31; route allocated: 1 of 2000; total allocated: 31 of 2000]
11:24:39.130 [Forwarding findElement on session 1f877272be7ad668daf7bccb5610df9a to remote] DEBUG org.apache.http.impl.conn.PoolingHttpClientConnectionManager - Connection leased: [id: 30][route: {}->http://localhost:41943][total kept alive: 30; route allocated: 1 of 2000; total allocated: 31 of 2000]
11:24:39.130 [Forwarding findElement on session 1f877272be7ad668daf7bccb5610df9a to remote] DEBUG org.apache.http.impl.execchain.MainClientExec - Stale connection check
11:24:39.131 [Forwarding findElement on session 1f877272be7ad668daf7bccb5610df9a to remote] DEBUG org.apache.http.wire - http-outgoing-30 << "[read] I/O error: Read timed out"
11:24:39.131 [Forwarding findElement on session 1f877272be7ad668daf7bccb5610df9a to remote] DEBUG org.apache.http.impl.conn.DefaultManagedHttpClientConnection - http-outgoing-30: set socket timeout to 10800000
11:24:39.131 [Forwarding findElement on session 1f877272be7ad668daf7bccb5610df9a to remote] DEBUG org.apache.http.impl.execchain.MainClientExec - Executing request POST /session/1f877272be7ad668daf7bccb5610df9a/element HTTP/1.1
11:24:39.131 [Forwarding findElement on session 1f877272be7ad668daf7bccb5610df9a to remote] DEBUG org.apache.http.impl.execchain.MainClientExec - Target auth state: UNCHALLENGED
11:24:39.131 [Forwarding findElement on session 1f877272be7ad668daf7bccb5610df9a to remote] DEBUG org.apache.http.impl.execchain.MainClientExec - Proxy auth state: UNCHALLENGED
11:24:39.131 [Forwarding findElement on session 1f877272be7ad668daf7bccb5610df9a to remote] DEBUG org.apache.http.headers - http-outgoing-30 >> POST /session/1f877272be7ad668daf7bccb5610df9a/element HTTP/1.1
11:24:39.131 [Forwarding findElement on session 1f877272be7ad668daf7bccb5610df9a to remote] DEBUG org.apache.http.headers - http-outgoing-30 >> Content-Type: application/json; charset=utf-8
11:24:39.131 [Forwarding findElement on session 1f877272be7ad668daf7bccb5610df9a to remote] DEBUG org.apache.http.headers - http-outgoing-30 >> Content-Length: 61
11:24:39.131 [Forwarding findElement on session 1f877272be7ad668daf7bccb5610df9a to remote] DEBUG org.apache.http.headers - http-outgoing-30 >> Host: localhost:41943
11:24:39.131 [Forwarding findElement on session 1f877272be7ad668daf7bccb5610df9a to remote] DEBUG org.apache.http.headers - http-outgoing-30 >> Connection: Keep-Alive
11:24:39.131 [Forwarding findElement on session 1f877272be7ad668daf7bccb5610df9a to remote] DEBUG org.apache.http.headers - http-outgoing-30 >> User-Agent: Apache-HttpClient/4.5.3 (Java/1.8.0_211)
11:24:39.131 [Forwarding findElement on session 1f877272be7ad668daf7bccb5610df9a to remote] DEBUG org.apache.http.headers - http-outgoing-30 >> Accept-Encoding: gzip,deflate
11:24:39.131 [Forwarding findElement on session 1f877272be7ad668daf7bccb5610df9a to remote] DEBUG org.apache.http.wire - http-outgoing-30 >> "POST /session/1f877272be7ad668daf7bccb5610df9a/element HTTP/1.1[\r][\n]"
11:24:39.131 [Forwarding findElement on session 1f877272be7ad668daf7bccb5610df9a to remote] DEBUG org.apache.http.wire - http-outgoing-30 >> "Content-Type: application/json; charset=utf-8[\r][\n]"
11:24:39.131 [Forwarding findElement on session 1f877272be7ad668daf7bccb5610df9a to remote] DEBUG org.apache.http.wire - http-outgoing-30 >> "Content-Length: 61[\r][\n]"
11:24:39.131 [Forwarding findElement on session 1f877272be7ad668daf7bccb5610df9a to remote] DEBUG org.apache.http.wire - http-outgoing-30 >> "Host: localhost:41943[\r][\n]"
11:24:39.131 [Forwarding findElement on session 1f877272be7ad668daf7bccb5610df9a to remote] DEBUG org.apache.http.wire - http-outgoing-30 >> "Connection: Keep-Alive[\r][\n]"
11:24:39.131 [Forwarding findElement on session 1f877272be7ad668daf7bccb5610df9a to remote] DEBUG org.apache.http.wire - http-outgoing-30 >> "User-Agent: Apache-HttpClient/4.5.3 (Java/1.8.0_211)[\r][\n]"
11:24:39.131 [Forwarding findElement on session 1f877272be7ad668daf7bccb5610df9a to remote] DEBUG org.apache.http.wire - http-outgoing-30 >> "Accept-Encoding: gzip,deflate[\r][\n]"
11:24:39.131 [Forwarding findElement on session 1f877272be7ad668daf7bccb5610df9a to remote] DEBUG org.apache.http.wire - http-outgoing-30 >> "[\r][\n]"
11:24:39.131 [Forwarding findElement on session 1f877272be7ad668daf7bccb5610df9a to remote] DEBUG org.apache.http.wire - http-outgoing-30 >> "{"value":".form-control:nth-child(2)","using":"css selector"}"
11:24:39.137 [Forwarding findElement on session 1f877272be7ad668daf7bccb5610df9a to remote] DEBUG org.apache.http.wire - http-outgoing-30 << "HTTP/1.1 200 OK[\r][\n]"
11:24:39.137 [Forwarding findElement on session 1f877272be7ad668daf7bccb5610df9a to remote] DEBUG org.apache.http.wire - http-outgoing-30 << "Content-Length:88[\r][\n]"
11:24:39.137 [Forwarding findElement on session 1f877272be7ad668daf7bccb5610df9a to remote] DEBUG org.apache.http.wire - http-outgoing-30 << "Content-Type:application/json; charset=utf-8[\r][\n]"
11:24:39.137 [Forwarding findElement on session 1f877272be7ad668daf7bccb5610df9a to remote] DEBUG org.apache.http.wire - http-outgoing-30 << "cache-control:no-cache[\r][\n]"
11:24:39.137 [Forwarding findElement on session 1f877272be7ad668daf7bccb5610df9a to remote] DEBUG org.apache.http.wire - http-outgoing-30 << "[\r][\n]"
11:24:39.137 [Forwarding findElement on session 1f877272be7ad668daf7bccb5610df9a to remote] DEBUG org.apache.http.wire - http-outgoing-30 << "{"value":{"element-6066-11e4-a52e-4f735466cecf":"6410b3cf-611a-4d46-b36c-382a9c1e4ef7"}}"
11:24:39.137 [Forwarding findElement on session 1f877272be7ad668daf7bccb5610df9a to remote] DEBUG org.apache.http.headers - http-outgoing-30 << HTTP/1.1 200 OK
11:24:39.137 [Forwarding findElement on session 1f877272be7ad668daf7bccb5610df9a to remote] DEBUG org.apache.http.headers - http-outgoing-30 << Content-Length:88
11:24:39.137 [Forwarding findElement on session 1f877272be7ad668daf7bccb5610df9a to remote] DEBUG org.apache.http.headers - http-outgoing-30 << Content-Type:application/json; charset=utf-8
11:24:39.137 [Forwarding findElement on session 1f877272be7ad668daf7bccb5610df9a to remote] DEBUG org.apache.http.headers - http-outgoing-30 << cache-control:no-cache
11:24:39.137 [Forwarding findElement on session 1f877272be7ad668daf7bccb5610df9a to remote] DEBUG org.apache.http.impl.execchain.MainClientExec - Connection can be kept alive indefinitely
11:24:39.137 [Forwarding findElement on session 1f877272be7ad668daf7bccb5610df9a to remote] DEBUG org.apache.http.impl.conn.PoolingHttpClientConnectionManager - Connection [id: 30][route: {}->http://localhost:41943] can be kept alive indefinitely
11:24:39.137 [Forwarding findElement on session 1f877272be7ad668daf7bccb5610df9a to remote] DEBUG org.apache.http.impl.conn.PoolingHttpClientConnectionManager - Connection released: [id: 30][route: {}->http://localhost:41943][total kept alive: 31; route allocated: 1 of 2000; total allocated: 31 of 2000]
11:24:39.138 [Forwarding sendKeysToElement on session 1f877272be7ad668daf7bccb5610df9a to remote] DEBUG org.apache.http.client.protocol.RequestAddCookies - CookieSpec selected: default
11:24:39.138 [Forwarding sendKeysToElement on session 1f877272be7ad668daf7bccb5610df9a to remote] DEBUG org.apache.http.client.protocol.RequestAuthCache - Auth cache not set in the context
11:24:39.138 [Forwarding sendKeysToElement on session 1f877272be7ad668daf7bccb5610df9a to remote] DEBUG org.apache.http.impl.conn.PoolingHttpClientConnectionManager - Connection request: [route: {}->http://localhost:41943][total kept alive: 31; route allocated: 1 of 2000; total allocated: 31 of 2000]
11:24:39.138 [Forwarding sendKeysToElement on session 1f877272be7ad668daf7bccb5610df9a to remote] DEBUG org.apache.http.impl.conn.PoolingHttpClientConnectionManager - Connection leased: [id: 30][route: {}->http://localhost:41943][total kept alive: 30; route allocated: 1 of 2000; total allocated: 31 of 2000]
11:24:39.138 [Forwarding sendKeysToElement on session 1f877272be7ad668daf7bccb5610df9a to remote] DEBUG org.apache.http.impl.execchain.MainClientExec - Stale connection check
11:24:39.139 [Forwarding sendKeysToElement on session 1f877272be7ad668daf7bccb5610df9a to remote] DEBUG org.apache.http.wire - http-outgoing-30 << "[read] I/O error: Read timed out"
11:24:39.139 [Forwarding sendKeysToElement on session 1f877272be7ad668daf7bccb5610df9a to remote] DEBUG org.apache.http.impl.conn.DefaultManagedHttpClientConnection - http-outgoing-30: set socket timeout to 10800000
11:24:39.139 [Forwarding sendKeysToElement on session 1f877272be7ad668daf7bccb5610df9a to remote] DEBUG org.apache.http.impl.execchain.MainClientExec - Executing request POST /session/1f877272be7ad668daf7bccb5610df9a/element/6410b3cf-611a-4d46-b36c-382a9c1e4ef7/value HTTP/1.1
11:24:39.139 [Forwarding sendKeysToElement on session 1f877272be7ad668daf7bccb5610df9a to remote] DEBUG org.apache.http.impl.execchain.MainClientExec - Target auth state: UNCHALLENGED
11:24:39.139 [Forwarding sendKeysToElement on session 1f877272be7ad668daf7bccb5610df9a to remote] DEBUG org.apache.http.impl.execchain.MainClientExec - Proxy auth state: UNCHALLENGED
11:24:39.139 [Forwarding sendKeysToElement on session 1f877272be7ad668daf7bccb5610df9a to remote] DEBUG org.apache.http.headers - http-outgoing-30 >> POST /session/1f877272be7ad668daf7bccb5610df9a/element/6410b3cf-611a-4d46-b36c-382a9c1e4ef7/value HTTP/1.1
11:24:39.139 [Forwarding sendKeysToElement on session 1f877272be7ad668daf7bccb5610df9a to remote] DEBUG org.apache.http.headers - http-outgoing-30 >> Content-Type: application/json; charset=utf-8
11:24:39.139 [Forwarding sendKeysToElement on session 1f877272be7ad668daf7bccb5610df9a to remote] DEBUG org.apache.http.headers - http-outgoing-30 >> Content-Length: 385
11:24:39.139 [Forwarding sendKeysToElement on session 1f877272be7ad668daf7bccb5610df9a to remote] DEBUG org.apache.http.headers - http-outgoing-30 >> Host: localhost:41943
11:24:39.139 [Forwarding sendKeysToElement on session 1f877272be7ad668daf7bccb5610df9a to remote] DEBUG org.apache.http.headers - http-outgoing-30 >> Connection: Keep-Alive
11:24:39.139 [Forwarding sendKeysToElement on session 1f877272be7ad668daf7bccb5610df9a to remote] DEBUG org.apache.http.headers - http-outgoing-30 >> User-Agent: Apache-HttpClient/4.5.3 (Java/1.8.0_211)
11:24:39.139 [Forwarding sendKeysToElement on session 1f877272be7ad668daf7bccb5610df9a to remote] DEBUG org.apache.http.headers - http-outgoing-30 >> Accept-Encoding: gzip,deflate
11:24:39.139 [Forwarding sendKeysToElement on session 1f877272be7ad668daf7bccb5610df9a to remote] DEBUG org.apache.http.wire - http-outgoing-30 >> "POST /session/1f877272be7ad668daf7bccb5610df9a/element/6410b3cf-611a-4d46-b36c-382a9c1e4ef7/value HTTP/1.1[\r][\n]"
11:24:39.139 [Forwarding sendKeysToElement on session 1f877272be7ad668daf7bccb5610df9a to remote] DEBUG org.apache.http.wire - http-outgoing-30 >> "Content-Type: application/json; charset=utf-8[\r][\n]"
11:24:39.139 [Forwarding sendKeysToElement on session 1f877272be7ad668daf7bccb5610df9a to remote] DEBUG org.apache.http.wire - http-outgoing-30 >> "Content-Length: 385[\r][\n]"
11:24:39.139 [Forwarding sendKeysToElement on session 1f877272be7ad668daf7bccb5610df9a to remote] DEBUG org.apache.http.wire - http-outgoing-30 >> "Host: localhost:41943[\r][\n]"
11:24:39.139 [Forwarding sendKeysToElement on session 1f877272be7ad668daf7bccb5610df9a to remote] DEBUG org.apache.http.wire - http-outgoing-30 >> "Connection: Keep-Alive[\r][\n]"
11:24:39.139 [Forwarding sendKeysToElement on session 1f877272be7ad668daf7bccb5610df9a to remote] DEBUG org.apache.http.wire - http-outgoing-30 >> "User-Agent: Apache-HttpClient/4.5.3 (Java/1.8.0_211)[\r][\n]"
11:24:39.139 [Forwarding sendKeysToElement on session 1f877272be7ad668daf7bccb5610df9a to remote] DEBUG org.apache.http.wire - http-outgoing-30 >> "Accept-Encoding: gzip,deflate[\r][\n]"
11:24:39.139 [Forwarding sendKeysToElement on session 1f877272be7ad668daf7bccb5610df9a to remote] DEBUG org.apache.http.wire - http-outgoing-30 >> "[\r][\n]"
11:24:39.139 [Forwarding sendKeysToElement on session 1f877272be7ad668daf7bccb5610df9a to remote] DEBUG org.apache.http.wire - http-outgoing-30 >> "{"id":"6410b3cf-611a-4d46-b36c-382a9c1e4ef7","text":"de164ddc64b1783c3ebced73b32c479b3daa203cf323bd738a9ecfc4674d6017","value":["d","e","1","6","4","d","d","c","6","4","b","1","7","8","3","c","3","e","b","c","e","d","7","3","b","3","2","c","4","7","9","b","3","d","a","a","2","0","3","c","f","3","2","3","b","d","7","3","8","a","9","e","c","f","c","4","6","7","4","d","6","0","1","7"]}"
11:24:39.565 [Forwarding sendKeysToElement on session 1f877272be7ad668daf7bccb5610df9a to remote] DEBUG org.apache.http.wire - http-outgoing-30 << "HTTP/1.1 200 OK[\r][\n]"
11:24:39.565 [Forwarding sendKeysToElement on session 1f877272be7ad668daf7bccb5610df9a to remote] DEBUG org.apache.http.wire - http-outgoing-30 << "Content-Length:14[\r][\n]"
11:24:39.565 [Forwarding sendKeysToElement on session 1f877272be7ad668daf7bccb5610df9a to remote] DEBUG org.apache.http.wire - http-outgoing-30 << "Content-Type:application/json; charset=utf-8[\r][\n]"
11:24:39.565 [Forwarding sendKeysToElement on session 1f877272be7ad668daf7bccb5610df9a to remote] DEBUG org.apache.http.wire - http-outgoing-30 << "cache-control:no-cache[\r][\n]"
11:24:39.565 [Forwarding sendKeysToElement on session 1f877272be7ad668daf7bccb5610df9a to remote] DEBUG org.apache.http.wire - http-outgoing-30 << "[\r][\n]"
11:24:39.565 [Forwarding sendKeysToElement on session 1f877272be7ad668daf7bccb5610df9a to remote] DEBUG org.apache.http.wire - http-outgoing-30 << "{"value":null}"
11:24:39.565 [Forwarding sendKeysToElement on session 1f877272be7ad668daf7bccb5610df9a to remote] DEBUG org.apache.http.headers - http-outgoing-30 << HTTP/1.1 200 OK
11:24:39.565 [Forwarding sendKeysToElement on session 1f877272be7ad668daf7bccb5610df9a to remote] DEBUG org.apache.http.headers - http-outgoing-30 << Content-Length:14
11:24:39.565 [Forwarding sendKeysToElement on session 1f877272be7ad668daf7bccb5610df9a to remote] DEBUG org.apache.http.headers - http-outgoing-30 << Content-Type:application/json; charset=utf-8
11:24:39.565 [Forwarding sendKeysToElement on session 1f877272be7ad668daf7bccb5610df9a to remote] DEBUG org.apache.http.headers - http-outgoing-30 << cache-control:no-cache
11:24:39.565 [Forwarding sendKeysToElement on session 1f877272be7ad668daf7bccb5610df9a to remote] DEBUG org.apache.http.impl.execchain.MainClientExec - Connection can be kept alive indefinitely
11:24:39.565 [Forwarding sendKeysToElement on session 1f877272be7ad668daf7bccb5610df9a to remote] DEBUG org.apache.http.impl.conn.PoolingHttpClientConnectionManager - Connection [id: 30][route: {}->http://localhost:41943] can be kept alive indefinitely
11:24:39.565 [Forwarding sendKeysToElement on session 1f877272be7ad668daf7bccb5610df9a to remote] DEBUG org.apache.http.impl.conn.PoolingHttpClientConnectionManager - Connection released: [id: 30][route: {}->http://localhost:41943][total kept alive: 31; route allocated: 1 of 2000; total allocated: 31 of 2000]
11:24:39.565 [Forwarding findElement on session 1f877272be7ad668daf7bccb5610df9a to remote] DEBUG org.apache.http.client.protocol.RequestAddCookies - CookieSpec selected: default
11:24:39.565 [Forwarding findElement on session 1f877272be7ad668daf7bccb5610df9a to remote] DEBUG org.apache.http.client.protocol.RequestAuthCache - Auth cache not set in the context
11:24:39.565 [Forwarding findElement on session 1f877272be7ad668daf7bccb5610df9a to remote] DEBUG org.apache.http.impl.conn.PoolingHttpClientConnectionManager - Connection request: [route: {}->http://localhost:41943][total kept alive: 31; route allocated: 1 of 2000; total allocated: 31 of 2000]
11:24:39.565 [Forwarding findElement on session 1f877272be7ad668daf7bccb5610df9a to remote] DEBUG org.apache.http.impl.conn.PoolingHttpClientConnectionManager - Connection leased: [id: 30][route: {}->http://localhost:41943][total kept alive: 30; route allocated: 1 of 2000; total allocated: 31 of 2000]
11:24:39.565 [Forwarding findElement on session 1f877272be7ad668daf7bccb5610df9a to remote] DEBUG org.apache.http.impl.execchain.MainClientExec - Stale connection check
11:24:39.566 [Forwarding findElement on session 1f877272be7ad668daf7bccb5610df9a to remote] DEBUG org.apache.http.wire - http-outgoing-30 << "[read] I/O error: Read timed out"
11:24:39.566 [Forwarding findElement on session 1f877272be7ad668daf7bccb5610df9a to remote] DEBUG org.apache.http.impl.conn.DefaultManagedHttpClientConnection - http-outgoing-30: set socket timeout to 10800000
11:24:39.566 [Forwarding findElement on session 1f877272be7ad668daf7bccb5610df9a to remote] DEBUG org.apache.http.impl.execchain.MainClientExec - Executing request POST /session/1f877272be7ad668daf7bccb5610df9a/element HTTP/1.1
11:24:39.566 [Forwarding findElement on session 1f877272be7ad668daf7bccb5610df9a to remote] DEBUG org.apache.http.impl.execchain.MainClientExec - Target auth state: UNCHALLENGED
11:24:39.566 [Forwarding findElement on session 1f877272be7ad668daf7bccb5610df9a to remote] DEBUG org.apache.http.impl.execchain.MainClientExec - Proxy auth state: UNCHALLENGED
11:24:39.566 [Forwarding findElement on session 1f877272be7ad668daf7bccb5610df9a to remote] DEBUG org.apache.http.headers - http-outgoing-30 >> POST /session/1f877272be7ad668daf7bccb5610df9a/element HTTP/1.1
11:24:39.567 [Forwarding findElement on session 1f877272be7ad668daf7bccb5610df9a to remote] DEBUG org.apache.http.headers - http-outgoing-30 >> Content-Type: application/json; charset=utf-8
11:24:39.567 [Forwarding findElement on session 1f877272be7ad668daf7bccb5610df9a to remote] DEBUG org.apache.http.headers - http-outgoing-30 >> Content-Length: 59
11:24:39.567 [Forwarding findElement on session 1f877272be7ad668daf7bccb5610df9a to remote] DEBUG org.apache.http.headers - http-outgoing-30 >> Host: localhost:41943
11:24:39.567 [Forwarding findElement on session 1f877272be7ad668daf7bccb5610df9a to remote] DEBUG org.apache.http.headers - http-outgoing-30 >> Connection: Keep-Alive
11:24:39.567 [Forwarding findElement on session 1f877272be7ad668daf7bccb5610df9a to remote] DEBUG org.apache.http.headers - http-outgoing-30 >> User-Agent: Apache-HttpClient/4.5.3 (Java/1.8.0_211)
11:24:39.567 [Forwarding findElement on session 1f877272be7ad668daf7bccb5610df9a to remote] DEBUG org.apache.http.headers - http-outgoing-30 >> Accept-Encoding: gzip,deflate
11:24:39.567 [Forwarding findElement on session 1f877272be7ad668daf7bccb5610df9a to remote] DEBUG org.apache.http.wire - http-outgoing-30 >> "POST /session/1f877272be7ad668daf7bccb5610df9a/element HTTP/1.1[\r][\n]"
11:24:39.567 [Forwarding findElement on session 1f877272be7ad668daf7bccb5610df9a to remote] DEBUG org.apache.http.wire - http-outgoing-30 >> "Content-Type: application/json; charset=utf-8[\r][\n]"
11:24:39.567 [Forwarding findElement on session 1f877272be7ad668daf7bccb5610df9a to remote] DEBUG org.apache.http.wire - http-outgoing-30 >> "Content-Length: 59[\r][\n]"
11:24:39.567 [Forwarding findElement on session 1f877272be7ad668daf7bccb5610df9a to remote] DEBUG org.apache.http.wire - http-outgoing-30 >> "Host: localhost:41943[\r][\n]"
11:24:39.567 [Forwarding findElement on session 1f877272be7ad668daf7bccb5610df9a to remote] DEBUG org.apache.http.wire - http-outgoing-30 >> "Connection: Keep-Alive[\r][\n]"
11:24:39.567 [Forwarding findElement on session 1f877272be7ad668daf7bccb5610df9a to remote] DEBUG org.apache.http.wire - http-outgoing-30 >> "User-Agent: Apache-HttpClient/4.5.3 (Java/1.8.0_211)[\r][\n]"
11:24:39.567 [Forwarding findElement on session 1f877272be7ad668daf7bccb5610df9a to remote] DEBUG org.apache.http.wire - http-outgoing-30 >> "Accept-Encoding: gzip,deflate[\r][\n]"
11:24:39.567 [Forwarding findElement on session 1f877272be7ad668daf7bccb5610df9a to remote] DEBUG org.apache.http.wire - http-outgoing-30 >> "[\r][\n]"
11:24:39.567 [Forwarding findElement on session 1f877272be7ad668daf7bccb5610df9a to remote] DEBUG org.apache.http.wire - http-outgoing-30 >> "{"value":".btn-danger:nth-child(3)","using":"css selector"}"
11:24:39.572 [Forwarding findElement on session 1f877272be7ad668daf7bccb5610df9a to remote] DEBUG org.apache.http.wire - http-outgoing-30 << "HTTP/1.1 200 OK[\r][\n]"
11:24:39.572 [Forwarding findElement on session 1f877272be7ad668daf7bccb5610df9a to remote] DEBUG org.apache.http.wire - http-outgoing-30 << "Content-Length:88[\r][\n]"
11:24:39.572 [Forwarding findElement on session 1f877272be7ad668daf7bccb5610df9a to remote] DEBUG org.apache.http.wire - http-outgoing-30 << "Content-Type:application/json; charset=utf-8[\r][\n]"
11:24:39.572 [Forwarding findElement on session 1f877272be7ad668daf7bccb5610df9a to remote] DEBUG org.apache.http.wire - http-outgoing-30 << "cache-control:no-cache[\r][\n]"
11:24:39.572 [Forwarding findElement on session 1f877272be7ad668daf7bccb5610df9a to remote] DEBUG org.apache.http.wire - http-outgoing-30 << "[\r][\n]"
11:24:39.572 [Forwarding findElement on session 1f877272be7ad668daf7bccb5610df9a to remote] DEBUG org.apache.http.wire - http-outgoing-30 << "{"value":{"element-6066-11e4-a52e-4f735466cecf":"ee85c979-5c77-4863-999d-6ac000721d4c"}}"
11:24:39.572 [Forwarding findElement on session 1f877272be7ad668daf7bccb5610df9a to remote] DEBUG org.apache.http.headers - http-outgoing-30 << HTTP/1.1 200 OK
11:24:39.572 [Forwarding findElement on session 1f877272be7ad668daf7bccb5610df9a to remote] DEBUG org.apache.http.headers - http-outgoing-30 << Content-Length:88
11:24:39.572 [Forwarding findElement on session 1f877272be7ad668daf7bccb5610df9a to remote] DEBUG org.apache.http.headers - http-outgoing-30 << Content-Type:application/json; charset=utf-8
11:24:39.572 [Forwarding findElement on session 1f877272be7ad668daf7bccb5610df9a to remote] DEBUG org.apache.http.headers - http-outgoing-30 << cache-control:no-cache
11:24:39.572 [Forwarding findElement on session 1f877272be7ad668daf7bccb5610df9a to remote] DEBUG org.apache.http.impl.execchain.MainClientExec - Connection can be kept alive indefinitely
11:24:39.572 [Forwarding findElement on session 1f877272be7ad668daf7bccb5610df9a to remote] DEBUG org.apache.http.impl.conn.PoolingHttpClientConnectionManager - Connection [id: 30][route: {}->http://localhost:41943] can be kept alive indefinitely
11:24:39.572 [Forwarding findElement on session 1f877272be7ad668daf7bccb5610df9a to remote] DEBUG org.apache.http.impl.conn.PoolingHttpClientConnectionManager - Connection released: [id: 30][route: {}->http://localhost:41943][total kept alive: 31; route allocated: 1 of 2000; total allocated: 31 of 2000]
11:24:39.572 [Forwarding clickElement on session 1f877272be7ad668daf7bccb5610df9a to remote] DEBUG org.apache.http.client.protocol.RequestAddCookies - CookieSpec selected: default
11:24:39.572 [Forwarding clickElement on session 1f877272be7ad668daf7bccb5610df9a to remote] DEBUG org.apache.http.client.protocol.RequestAuthCache - Auth cache not set in the context
11:24:39.572 [Forwarding clickElement on session 1f877272be7ad668daf7bccb5610df9a to remote] DEBUG org.apache.http.impl.conn.PoolingHttpClientConnectionManager - Connection request: [route: {}->http://localhost:41943][total kept alive: 31; route allocated: 1 of 2000; total allocated: 31 of 2000]
11:24:39.572 [Forwarding clickElement on session 1f877272be7ad668daf7bccb5610df9a to remote] DEBUG org.apache.http.impl.conn.PoolingHttpClientConnectionManager - Connection leased: [id: 30][route: {}->http://localhost:41943][total kept alive: 30; route allocated: 1 of 2000; total allocated: 31 of 2000]
11:24:39.572 [Forwarding clickElement on session 1f877272be7ad668daf7bccb5610df9a to remote] DEBUG org.apache.http.impl.execchain.MainClientExec - Stale connection check
11:24:39.574 [Forwarding clickElement on session 1f877272be7ad668daf7bccb5610df9a to remote] DEBUG org.apache.http.wire - http-outgoing-30 << "[read] I/O error: Read timed out"
11:24:39.574 [Forwarding clickElement on session 1f877272be7ad668daf7bccb5610df9a to remote] DEBUG org.apache.http.impl.conn.DefaultManagedHttpClientConnection - http-outgoing-30: set socket timeout to 10800000
11:24:39.574 [Forwarding clickElement on session 1f877272be7ad668daf7bccb5610df9a to remote] DEBUG org.apache.http.impl.execchain.MainClientExec - Executing request POST /session/1f877272be7ad668daf7bccb5610df9a/element/ee85c979-5c77-4863-999d-6ac000721d4c/click HTTP/1.1
11:24:39.574 [Forwarding clickElement on session 1f877272be7ad668daf7bccb5610df9a to remote] DEBUG org.apache.http.impl.execchain.MainClientExec - Target auth state: UNCHALLENGED
11:24:39.574 [Forwarding clickElement on session 1f877272be7ad668daf7bccb5610df9a to remote] DEBUG org.apache.http.impl.execchain.MainClientExec - Proxy auth state: UNCHALLENGED
11:24:39.574 [Forwarding clickElement on session 1f877272be7ad668daf7bccb5610df9a to remote] DEBUG org.apache.http.headers - http-outgoing-30 >> POST /session/1f877272be7ad668daf7bccb5610df9a/element/ee85c979-5c77-4863-999d-6ac000721d4c/click HTTP/1.1
11:24:39.574 [Forwarding clickElement on session 1f877272be7ad668daf7bccb5610df9a to remote] DEBUG org.apache.http.headers - http-outgoing-30 >> Content-Type: application/json; charset=utf-8
11:24:39.574 [Forwarding clickElement on session 1f877272be7ad668daf7bccb5610df9a to remote] DEBUG org.apache.http.headers - http-outgoing-30 >> Content-Length: 45
11:24:39.574 [Forwarding clickElement on session 1f877272be7ad668daf7bccb5610df9a to remote] DEBUG org.apache.http.headers - http-outgoing-30 >> Host: localhost:41943
11:24:39.574 [Forwarding clickElement on session 1f877272be7ad668daf7bccb5610df9a to remote] DEBUG org.apache.http.headers - http-outgoing-30 >> Connection: Keep-Alive
11:24:39.574 [Forwarding clickElement on session 1f877272be7ad668daf7bccb5610df9a to remote] DEBUG org.apache.http.headers - http-outgoing-30 >> User-Agent: Apache-HttpClient/4.5.3 (Java/1.8.0_211)
11:24:39.574 [Forwarding clickElement on session 1f877272be7ad668daf7bccb5610df9a to remote] DEBUG org.apache.http.headers - http-outgoing-30 >> Accept-Encoding: gzip,deflate
11:24:39.574 [Forwarding clickElement on session 1f877272be7ad668daf7bccb5610df9a to remote] DEBUG org.apache.http.wire - http-outgoing-30 >> "POST /session/1f877272be7ad668daf7bccb5610df9a/element/ee85c979-5c77-4863-999d-6ac000721d4c/click HTTP/1.1[\r][\n]"
11:24:39.574 [Forwarding clickElement on session 1f877272be7ad668daf7bccb5610df9a to remote] DEBUG org.apache.http.wire - http-outgoing-30 >> "Content-Type: application/json; charset=utf-8[\r][\n]"
11:24:39.574 [Forwarding clickElement on session 1f877272be7ad668daf7bccb5610df9a to remote] DEBUG org.apache.http.wire - http-outgoing-30 >> "Content-Length: 45[\r][\n]"
11:24:39.574 [Forwarding clickElement on session 1f877272be7ad668daf7bccb5610df9a to remote] DEBUG org.apache.http.wire - http-outgoing-30 >> "Host: localhost:41943[\r][\n]"
11:24:39.574 [Forwarding clickElement on session 1f877272be7ad668daf7bccb5610df9a to remote] DEBUG org.apache.http.wire - http-outgoing-30 >> "Connection: Keep-Alive[\r][\n]"
11:24:39.574 [Forwarding clickElement on session 1f877272be7ad668daf7bccb5610df9a to remote] DEBUG org.apache.http.wire - http-outgoing-30 >> "User-Agent: Apache-HttpClient/4.5.3 (Java/1.8.0_211)[\r][\n]"
11:24:39.574 [Forwarding clickElement on session 1f877272be7ad668daf7bccb5610df9a to remote] DEBUG org.apache.http.wire - http-outgoing-30 >> "Accept-Encoding: gzip,deflate[\r][\n]"
11:24:39.574 [Forwarding clickElement on session 1f877272be7ad668daf7bccb5610df9a to remote] DEBUG org.apache.http.wire - http-outgoing-30 >> "[\r][\n]"
11:24:39.574 [Forwarding clickElement on session 1f877272be7ad668daf7bccb5610df9a to remote] DEBUG org.apache.http.wire - http-outgoing-30 >> "{"id":"ee85c979-5c77-4863-999d-6ac000721d4c"}"
11:24:39.715 [Forwarding clickElement on session 1f877272be7ad668daf7bccb5610df9a to remote] DEBUG org.apache.http.wire - http-outgoing-30 << "HTTP/1.1 200 OK[\r][\n]"
11:24:39.715 [Forwarding clickElement on session 1f877272be7ad668daf7bccb5610df9a to remote] DEBUG org.apache.http.wire - http-outgoing-30 << "Content-Length:14[\r][\n]"
11:24:39.715 [Forwarding clickElement on session 1f877272be7ad668daf7bccb5610df9a to remote] DEBUG org.apache.http.wire - http-outgoing-30 << "Content-Type:application/json; charset=utf-8[\r][\n]"
11:24:39.715 [Forwarding clickElement on session 1f877272be7ad668daf7bccb5610df9a to remote] DEBUG org.apache.http.wire - http-outgoing-30 << "cache-control:no-cache[\r][\n]"
11:24:39.715 [Forwarding clickElement on session 1f877272be7ad668daf7bccb5610df9a to remote] DEBUG org.apache.http.wire - http-outgoing-30 << "[\r][\n]"
11:24:39.715 [Forwarding clickElement on session 1f877272be7ad668daf7bccb5610df9a to remote] DEBUG org.apache.http.wire - http-outgoing-30 << "{"value":null}"
11:24:39.715 [Forwarding clickElement on session 1f877272be7ad668daf7bccb5610df9a to remote] DEBUG org.apache.http.headers - http-outgoing-30 << HTTP/1.1 200 OK
11:24:39.715 [Forwarding clickElement on session 1f877272be7ad668daf7bccb5610df9a to remote] DEBUG org.apache.http.headers - http-outgoing-30 << Content-Length:14
11:24:39.715 [Forwarding clickElement on session 1f877272be7ad668daf7bccb5610df9a to remote] DEBUG org.apache.http.headers - http-outgoing-30 << Content-Type:application/json; charset=utf-8
11:24:39.715 [Forwarding clickElement on session 1f877272be7ad668daf7bccb5610df9a to remote] DEBUG org.apache.http.headers - http-outgoing-30 << cache-control:no-cache
11:24:39.715 [Forwarding clickElement on session 1f877272be7ad668daf7bccb5610df9a to remote] DEBUG org.apache.http.impl.execchain.MainClientExec - Connection can be kept alive indefinitely
11:24:39.715 [Forwarding clickElement on session 1f877272be7ad668daf7bccb5610df9a to remote] DEBUG org.apache.http.impl.conn.PoolingHttpClientConnectionManager - Connection [id: 30][route: {}->http://localhost:41943] can be kept alive indefinitely
11:24:39.715 [Forwarding clickElement on session 1f877272be7ad668daf7bccb5610df9a to remote] DEBUG org.apache.http.impl.conn.PoolingHttpClientConnectionManager - Connection released: [id: 30][route: {}->http://localhost:41943][total kept alive: 31; route allocated: 1 of 2000; total allocated: 31 of 2000]
11:24:39.917 [Forwarding findElement on session 1f877272be7ad668daf7bccb5610df9a to remote] DEBUG org.apache.http.client.protocol.RequestAddCookies - CookieSpec selected: default
11:24:39.917 [Forwarding findElement on session 1f877272be7ad668daf7bccb5610df9a to remote] DEBUG org.apache.http.client.protocol.RequestAuthCache - Auth cache not set in the context
11:24:39.917 [Forwarding findElement on session 1f877272be7ad668daf7bccb5610df9a to remote] DEBUG org.apache.http.impl.conn.PoolingHttpClientConnectionManager - Connection request: [route: {}->http://localhost:41943][total kept alive: 31; route allocated: 1 of 2000; total allocated: 31 of 2000]
11:24:39.917 [Forwarding findElement on session 1f877272be7ad668daf7bccb5610df9a to remote] DEBUG org.apache.http.impl.conn.PoolingHttpClientConnectionManager - Connection leased: [id: 30][route: {}->http://localhost:41943][total kept alive: 30; route allocated: 1 of 2000; total allocated: 31 of 2000]
11:24:39.917 [Forwarding findElement on session 1f877272be7ad668daf7bccb5610df9a to remote] DEBUG org.apache.http.impl.execchain.MainClientExec - Stale connection check
11:24:39.918 [Forwarding findElement on session 1f877272be7ad668daf7bccb5610df9a to remote] DEBUG org.apache.http.wire - http-outgoing-30 << "[read] I/O error: Read timed out"
11:24:39.918 [Forwarding findElement on session 1f877272be7ad668daf7bccb5610df9a to remote] DEBUG org.apache.http.impl.conn.DefaultManagedHttpClientConnection - http-outgoing-30: set socket timeout to 10800000
11:24:39.918 [Forwarding findElement on session 1f877272be7ad668daf7bccb5610df9a to remote] DEBUG org.apache.http.impl.execchain.MainClientExec - Executing request POST /session/1f877272be7ad668daf7bccb5610df9a/element HTTP/1.1
11:24:39.918 [Forwarding findElement on session 1f877272be7ad668daf7bccb5610df9a to remote] DEBUG org.apache.http.impl.execchain.MainClientExec - Target auth state: UNCHALLENGED
11:24:39.918 [Forwarding findElement on session 1f877272be7ad668daf7bccb5610df9a to remote] DEBUG org.apache.http.impl.execchain.MainClientExec - Proxy auth state: UNCHALLENGED
11:24:39.918 [Forwarding findElement on session 1f877272be7ad668daf7bccb5610df9a to remote] DEBUG org.apache.http.headers - http-outgoing-30 >> POST /session/1f877272be7ad668daf7bccb5610df9a/element HTTP/1.1
11:24:39.918 [Forwarding findElement on session 1f877272be7ad668daf7bccb5610df9a to remote] DEBUG org.apache.http.headers - http-outgoing-30 >> Content-Type: application/json; charset=utf-8
11:24:39.918 [Forwarding findElement on session 1f877272be7ad668daf7bccb5610df9a to remote] DEBUG org.apache.http.headers - http-outgoing-30 >> Content-Length: 71
11:24:39.918 [Forwarding findElement on session 1f877272be7ad668daf7bccb5610df9a to remote] DEBUG org.apache.http.headers - http-outgoing-30 >> Host: localhost:41943
11:24:39.918 [Forwarding findElement on session 1f877272be7ad668daf7bccb5610df9a to remote] DEBUG org.apache.http.headers - http-outgoing-30 >> Connection: Keep-Alive
11:24:39.918 [Forwarding findElement on session 1f877272be7ad668daf7bccb5610df9a to remote] DEBUG org.apache.http.headers - http-outgoing-30 >> User-Agent: Apache-HttpClient/4.5.3 (Java/1.8.0_211)
11:24:39.918 [Forwarding findElement on session 1f877272be7ad668daf7bccb5610df9a to remote] DEBUG org.apache.http.headers - http-outgoing-30 >> Accept-Encoding: gzip,deflate
11:24:39.918 [Forwarding findElement on session 1f877272be7ad668daf7bccb5610df9a to remote] DEBUG org.apache.http.wire - http-outgoing-30 >> "POST /session/1f877272be7ad668daf7bccb5610df9a/element HTTP/1.1[\r][\n]"
11:24:39.918 [Forwarding findElement on session 1f877272be7ad668daf7bccb5610df9a to remote] DEBUG org.apache.http.wire - http-outgoing-30 >> "Content-Type: application/json; charset=utf-8[\r][\n]"
11:24:39.918 [Forwarding findElement on session 1f877272be7ad668daf7bccb5610df9a to remote] DEBUG org.apache.http.wire - http-outgoing-30 >> "Content-Length: 71[\r][\n]"
11:24:39.918 [Forwarding findElement on session 1f877272be7ad668daf7bccb5610df9a to remote] DEBUG org.apache.http.wire - http-outgoing-30 >> "Host: localhost:41943[\r][\n]"
11:24:39.918 [Forwarding findElement on session 1f877272be7ad668daf7bccb5610df9a to remote] DEBUG org.apache.http.wire - http-outgoing-30 >> "Connection: Keep-Alive[\r][\n]"
11:24:39.918 [Forwarding findElement on session 1f877272be7ad668daf7bccb5610df9a to remote] DEBUG org.apache.http.wire - http-outgoing-30 >> "User-Agent: Apache-HttpClient/4.5.3 (Java/1.8.0_211)[\r][\n]"
11:24:39.918 [Forwarding findElement on session 1f877272be7ad668daf7bccb5610df9a to remote] DEBUG org.apache.http.wire - http-outgoing-30 >> "Accept-Encoding: gzip,deflate[\r][\n]"
11:24:39.918 [Forwarding findElement on session 1f877272be7ad668daf7bccb5610df9a to remote] DEBUG org.apache.http.wire - http-outgoing-30 >> "[\r][\n]"
11:24:39.918 [Forwarding findElement on session 1f877272be7ad668daf7bccb5610df9a to remote] DEBUG org.apache.http.wire - http-outgoing-30 >> "{"value":".dropdown-toggle > span:nth-child(1)","using":"css selector"}"
11:24:40.786 [Forwarding findElement on session 1f877272be7ad668daf7bccb5610df9a to remote] DEBUG org.apache.http.wire - http-outgoing-30 << "HTTP/1.1 200 OK[\r][\n]"
11:24:40.786 [Forwarding findElement on session 1f877272be7ad668daf7bccb5610df9a to remote] DEBUG org.apache.http.wire - http-outgoing-30 << "Content-Length:88[\r][\n]"
11:24:40.786 [Forwarding findElement on session 1f877272be7ad668daf7bccb5610df9a to remote] DEBUG org.apache.http.wire - http-outgoing-30 << "Content-Type:application/json; charset=utf-8[\r][\n]"
11:24:40.786 [Forwarding findElement on session 1f877272be7ad668daf7bccb5610df9a to remote] DEBUG org.apache.http.wire - http-outgoing-30 << "cache-control:no-cache[\r][\n]"
11:24:40.786 [Forwarding findElement on session 1f877272be7ad668daf7bccb5610df9a to remote] DEBUG org.apache.http.wire - http-outgoing-30 << "[\r][\n]"
11:24:40.786 [Forwarding findElement on session 1f877272be7ad668daf7bccb5610df9a to remote] DEBUG org.apache.http.wire - http-outgoing-30 << "{"value":{"element-6066-11e4-a52e-4f735466cecf":"c7646e93-d5d0-4339-b0c7-03ba86607c1e"}}"
11:24:40.786 [Forwarding findElement on session 1f877272be7ad668daf7bccb5610df9a to remote] DEBUG org.apache.http.headers - http-outgoing-30 << HTTP/1.1 200 OK
11:24:40.786 [Forwarding findElement on session 1f877272be7ad668daf7bccb5610df9a to remote] DEBUG org.apache.http.headers - http-outgoing-30 << Content-Length:88
11:24:40.786 [Forwarding findElement on session 1f877272be7ad668daf7bccb5610df9a to remote] DEBUG org.apache.http.headers - http-outgoing-30 << Content-Type:application/json; charset=utf-8
11:24:40.786 [Forwarding findElement on session 1f877272be7ad668daf7bccb5610df9a to remote] DEBUG org.apache.http.headers - http-outgoing-30 << cache-control:no-cache
11:24:40.786 [Forwarding findElement on session 1f877272be7ad668daf7bccb5610df9a to remote] DEBUG org.apache.http.impl.execchain.MainClientExec - Connection can be kept alive indefinitely
11:24:40.786 [Forwarding findElement on session 1f877272be7ad668daf7bccb5610df9a to remote] DEBUG org.apache.http.impl.conn.PoolingHttpClientConnectionManager - Connection [id: 30][route: {}->http://localhost:41943] can be kept alive indefinitely
11:24:40.786 [Forwarding findElement on session 1f877272be7ad668daf7bccb5610df9a to remote] DEBUG org.apache.http.impl.conn.PoolingHttpClientConnectionManager - Connection released: [id: 30][route: {}->http://localhost:41943][total kept alive: 31; route allocated: 1 of 2000; total allocated: 31 of 2000]
11:24:40.787 [Forwarding clickElement on session 1f877272be7ad668daf7bccb5610df9a to remote] DEBUG org.apache.http.client.protocol.RequestAddCookies - CookieSpec selected: default
11:24:40.787 [Forwarding clickElement on session 1f877272be7ad668daf7bccb5610df9a to remote] DEBUG org.apache.http.client.protocol.RequestAuthCache - Auth cache not set in the context
11:24:40.787 [Forwarding clickElement on session 1f877272be7ad668daf7bccb5610df9a to remote] DEBUG org.apache.http.impl.conn.PoolingHttpClientConnectionManager - Connection request: [route: {}->http://localhost:41943][total kept alive: 31; route allocated: 1 of 2000; total allocated: 31 of 2000]
11:24:40.787 [Forwarding clickElement on session 1f877272be7ad668daf7bccb5610df9a to remote] DEBUG org.apache.http.impl.conn.PoolingHttpClientConnectionManager - Connection leased: [id: 30][route: {}->http://localhost:41943][total kept alive: 30; route allocated: 1 of 2000; total allocated: 31 of 2000]
11:24:40.787 [Forwarding clickElement on session 1f877272be7ad668daf7bccb5610df9a to remote] DEBUG org.apache.http.impl.execchain.MainClientExec - Stale connection check
11:24:40.788 [Forwarding clickElement on session 1f877272be7ad668daf7bccb5610df9a to remote] DEBUG org.apache.http.wire - http-outgoing-30 << "[read] I/O error: Read timed out"
11:24:40.788 [Forwarding clickElement on session 1f877272be7ad668daf7bccb5610df9a to remote] DEBUG org.apache.http.impl.conn.DefaultManagedHttpClientConnection - http-outgoing-30: set socket timeout to 10800000
11:24:40.788 [Forwarding clickElement on session 1f877272be7ad668daf7bccb5610df9a to remote] DEBUG org.apache.http.impl.execchain.MainClientExec - Executing request POST /session/1f877272be7ad668daf7bccb5610df9a/element/c7646e93-d5d0-4339-b0c7-03ba86607c1e/click HTTP/1.1
11:24:40.788 [Forwarding clickElement on session 1f877272be7ad668daf7bccb5610df9a to remote] DEBUG org.apache.http.impl.execchain.MainClientExec - Target auth state: UNCHALLENGED
11:24:40.788 [Forwarding clickElement on session 1f877272be7ad668daf7bccb5610df9a to remote] DEBUG org.apache.http.impl.execchain.MainClientExec - Proxy auth state: UNCHALLENGED
11:24:40.788 [Forwarding clickElement on session 1f877272be7ad668daf7bccb5610df9a to remote] DEBUG org.apache.http.headers - http-outgoing-30 >> POST /session/1f877272be7ad668daf7bccb5610df9a/element/c7646e93-d5d0-4339-b0c7-03ba86607c1e/click HTTP/1.1
11:24:40.788 [Forwarding clickElement on session 1f877272be7ad668daf7bccb5610df9a to remote] DEBUG org.apache.http.headers - http-outgoing-30 >> Content-Type: application/json; charset=utf-8
11:24:40.788 [Forwarding clickElement on session 1f877272be7ad668daf7bccb5610df9a to remote] DEBUG org.apache.http.headers - http-outgoing-30 >> Content-Length: 45
11:24:40.788 [Forwarding clickElement on session 1f877272be7ad668daf7bccb5610df9a to remote] DEBUG org.apache.http.headers - http-outgoing-30 >> Host: localhost:41943
11:24:40.788 [Forwarding clickElement on session 1f877272be7ad668daf7bccb5610df9a to remote] DEBUG org.apache.http.headers - http-outgoing-30 >> Connection: Keep-Alive
11:24:40.788 [Forwarding clickElement on session 1f877272be7ad668daf7bccb5610df9a to remote] DEBUG org.apache.http.headers - http-outgoing-30 >> User-Agent: Apache-HttpClient/4.5.3 (Java/1.8.0_211)
11:24:40.788 [Forwarding clickElement on session 1f877272be7ad668daf7bccb5610df9a to remote] DEBUG org.apache.http.headers - http-outgoing-30 >> Accept-Encoding: gzip,deflate
11:24:40.788 [Forwarding clickElement on session 1f877272be7ad668daf7bccb5610df9a to remote] DEBUG org.apache.http.wire - http-outgoing-30 >> "POST /session/1f877272be7ad668daf7bccb5610df9a/element/c7646e93-d5d0-4339-b0c7-03ba86607c1e/click HTTP/1.1[\r][\n]"
11:24:40.788 [Forwarding clickElement on session 1f877272be7ad668daf7bccb5610df9a to remote] DEBUG org.apache.http.wire - http-outgoing-30 >> "Content-Type: application/json; charset=utf-8[\r][\n]"
11:24:40.788 [Forwarding clickElement on session 1f877272be7ad668daf7bccb5610df9a to remote] DEBUG org.apache.http.wire - http-outgoing-30 >> "Content-Length: 45[\r][\n]"
11:24:40.788 [Forwarding clickElement on session 1f877272be7ad668daf7bccb5610df9a to remote] DEBUG org.apache.http.wire - http-outgoing-30 >> "Host: localhost:41943[\r][\n]"
11:24:40.788 [Forwarding clickElement on session 1f877272be7ad668daf7bccb5610df9a to remote] DEBUG org.apache.http.wire - http-outgoing-30 >> "Connection: Keep-Alive[\r][\n]"
11:24:40.788 [Forwarding clickElement on session 1f877272be7ad668daf7bccb5610df9a to remote] DEBUG org.apache.http.wire - http-outgoing-30 >> "User-Agent: Apache-HttpClient/4.5.3 (Java/1.8.0_211)[\r][\n]"
11:24:40.788 [Forwarding clickElement on session 1f877272be7ad668daf7bccb5610df9a to remote] DEBUG org.apache.http.wire - http-outgoing-30 >> "Accept-Encoding: gzip,deflate[\r][\n]"
11:24:40.788 [Forwarding clickElement on session 1f877272be7ad668daf7bccb5610df9a to remote] DEBUG org.apache.http.wire - http-outgoing-30 >> "[\r][\n]"
11:24:40.788 [Forwarding clickElement on session 1f877272be7ad668daf7bccb5610df9a to remote] DEBUG org.apache.http.wire - http-outgoing-30 >> "{"id":"c7646e93-d5d0-4339-b0c7-03ba86607c1e"}"
11:24:41.102 [Forwarding clickElement on session 1f877272be7ad668daf7bccb5610df9a to remote] DEBUG org.apache.http.wire - http-outgoing-30 << "HTTP/1.1 200 OK[\r][\n]"
11:24:41.102 [Forwarding clickElement on session 1f877272be7ad668daf7bccb5610df9a to remote] DEBUG org.apache.http.wire - http-outgoing-30 << "Content-Length:14[\r][\n]"
11:24:41.102 [Forwarding clickElement on session 1f877272be7ad668daf7bccb5610df9a to remote] DEBUG org.apache.http.wire - http-outgoing-30 << "Content-Type:application/json; charset=utf-8[\r][\n]"
11:24:41.102 [Forwarding clickElement on session 1f877272be7ad668daf7bccb5610df9a to remote] DEBUG org.apache.http.wire - http-outgoing-30 << "cache-control:no-cache[\r][\n]"
11:24:41.102 [Forwarding clickElement on session 1f877272be7ad668daf7bccb5610df9a to remote] DEBUG org.apache.http.wire - http-outgoing-30 << "[\r][\n]"
11:24:41.102 [Forwarding clickElement on session 1f877272be7ad668daf7bccb5610df9a to remote] DEBUG org.apache.http.wire - http-outgoing-30 << "{"value":null}"
11:24:41.102 [Forwarding clickElement on session 1f877272be7ad668daf7bccb5610df9a to remote] DEBUG org.apache.http.headers - http-outgoing-30 << HTTP/1.1 200 OK
11:24:41.102 [Forwarding clickElement on session 1f877272be7ad668daf7bccb5610df9a to remote] DEBUG org.apache.http.headers - http-outgoing-30 << Content-Length:14
11:24:41.102 [Forwarding clickElement on session 1f877272be7ad668daf7bccb5610df9a to remote] DEBUG org.apache.http.headers - http-outgoing-30 << Content-Type:application/json; charset=utf-8
11:24:41.102 [Forwarding clickElement on session 1f877272be7ad668daf7bccb5610df9a to remote] DEBUG org.apache.http.headers - http-outgoing-30 << cache-control:no-cache
11:24:41.102 [Forwarding clickElement on session 1f877272be7ad668daf7bccb5610df9a to remote] DEBUG org.apache.http.impl.execchain.MainClientExec - Connection can be kept alive indefinitely
11:24:41.102 [Forwarding clickElement on session 1f877272be7ad668daf7bccb5610df9a to remote] DEBUG org.apache.http.impl.conn.PoolingHttpClientConnectionManager - Connection [id: 30][route: {}->http://localhost:41943] can be kept alive indefinitely
11:24:41.102 [Forwarding clickElement on session 1f877272be7ad668daf7bccb5610df9a to remote] DEBUG org.apache.http.impl.conn.PoolingHttpClientConnectionManager - Connection released: [id: 30][route: {}->http://localhost:41943][total kept alive: 31; route allocated: 1 of 2000; total allocated: 31 of 2000]
11:24:41.103 [Forwarding findElement on session 1f877272be7ad668daf7bccb5610df9a to remote] DEBUG org.apache.http.client.protocol.RequestAddCookies - CookieSpec selected: default
11:24:41.103 [Forwarding findElement on session 1f877272be7ad668daf7bccb5610df9a to remote] DEBUG org.apache.http.client.protocol.RequestAuthCache - Auth cache not set in the context
11:24:41.103 [Forwarding findElement on session 1f877272be7ad668daf7bccb5610df9a to remote] DEBUG org.apache.http.impl.conn.PoolingHttpClientConnectionManager - Connection request: [route: {}->http://localhost:41943][total kept alive: 31; route allocated: 1 of 2000; total allocated: 31 of 2000]
11:24:41.103 [Forwarding findElement on session 1f877272be7ad668daf7bccb5610df9a to remote] DEBUG org.apache.http.impl.conn.PoolingHttpClientConnectionManager - Connection leased: [id: 30][route: {}->http://localhost:41943][total kept alive: 30; route allocated: 1 of 2000; total allocated: 31 of 2000]
11:24:41.103 [Forwarding findElement on session 1f877272be7ad668daf7bccb5610df9a to remote] DEBUG org.apache.http.impl.execchain.MainClientExec - Stale connection check
11:24:41.104 [Forwarding findElement on session 1f877272be7ad668daf7bccb5610df9a to remote] DEBUG org.apache.http.wire - http-outgoing-30 << "[read] I/O error: Read timed out"
11:24:41.104 [Forwarding findElement on session 1f877272be7ad668daf7bccb5610df9a to remote] DEBUG org.apache.http.impl.conn.DefaultManagedHttpClientConnection - http-outgoing-30: set socket timeout to 10800000
11:24:41.104 [Forwarding findElement on session 1f877272be7ad668daf7bccb5610df9a to remote] DEBUG org.apache.http.impl.execchain.MainClientExec - Executing request POST /session/1f877272be7ad668daf7bccb5610df9a/element HTTP/1.1
11:24:41.104 [Forwarding findElement on session 1f877272be7ad668daf7bccb5610df9a to remote] DEBUG org.apache.http.impl.execchain.MainClientExec - Target auth state: UNCHALLENGED
11:24:41.104 [Forwarding findElement on session 1f877272be7ad668daf7bccb5610df9a to remote] DEBUG org.apache.http.impl.execchain.MainClientExec - Proxy auth state: UNCHALLENGED
11:24:41.104 [Forwarding findElement on session 1f877272be7ad668daf7bccb5610df9a to remote] DEBUG org.apache.http.headers - http-outgoing-30 >> POST /session/1f877272be7ad668daf7bccb5610df9a/element HTTP/1.1
11:24:41.104 [Forwarding findElement on session 1f877272be7ad668daf7bccb5610df9a to remote] DEBUG org.apache.http.headers - http-outgoing-30 >> Content-Type: application/json; charset=utf-8
11:24:41.104 [Forwarding findElement on session 1f877272be7ad668daf7bccb5610df9a to remote] DEBUG org.apache.http.headers - http-outgoing-30 >> Content-Length: 61
11:24:41.104 [Forwarding findElement on session 1f877272be7ad668daf7bccb5610df9a to remote] DEBUG org.apache.http.headers - http-outgoing-30 >> Host: localhost:41943
11:24:41.104 [Forwarding findElement on session 1f877272be7ad668daf7bccb5610df9a to remote] DEBUG org.apache.http.headers - http-outgoing-30 >> Connection: Keep-Alive
11:24:41.104 [Forwarding findElement on session 1f877272be7ad668daf7bccb5610df9a to remote] DEBUG org.apache.http.headers - http-outgoing-30 >> User-Agent: Apache-HttpClient/4.5.3 (Java/1.8.0_211)
11:24:41.104 [Forwarding findElement on session 1f877272be7ad668daf7bccb5610df9a to remote] DEBUG org.apache.http.headers - http-outgoing-30 >> Accept-Encoding: gzip,deflate
11:24:41.104 [Forwarding findElement on session 1f877272be7ad668daf7bccb5610df9a to remote] DEBUG org.apache.http.wire - http-outgoing-30 >> "POST /session/1f877272be7ad668daf7bccb5610df9a/element HTTP/1.1[\r][\n]"
11:24:41.104 [Forwarding findElement on session 1f877272be7ad668daf7bccb5610df9a to remote] DEBUG org.apache.http.wire - http-outgoing-30 >> "Content-Type: application/json; charset=utf-8[\r][\n]"
11:24:41.104 [Forwarding findElement on session 1f877272be7ad668daf7bccb5610df9a to remote] DEBUG org.apache.http.wire - http-outgoing-30 >> "Content-Length: 61[\r][\n]"
11:24:41.104 [Forwarding findElement on session 1f877272be7ad668daf7bccb5610df9a to remote] DEBUG org.apache.http.wire - http-outgoing-30 >> "Host: localhost:41943[\r][\n]"
11:24:41.104 [Forwarding findElement on session 1f877272be7ad668daf7bccb5610df9a to remote] DEBUG org.apache.http.wire - http-outgoing-30 >> "Connection: Keep-Alive[\r][\n]"
11:24:41.104 [Forwarding findElement on session 1f877272be7ad668daf7bccb5610df9a to remote] DEBUG org.apache.http.wire - http-outgoing-30 >> "User-Agent: Apache-HttpClient/4.5.3 (Java/1.8.0_211)[\r][\n]"
11:24:41.104 [Forwarding findElement on session 1f877272be7ad668daf7bccb5610df9a to remote] DEBUG org.apache.http.wire - http-outgoing-30 >> "Accept-Encoding: gzip,deflate[\r][\n]"
11:24:41.104 [Forwarding findElement on session 1f877272be7ad668daf7bccb5610df9a to remote] DEBUG org.apache.http.wire - http-outgoing-30 >> "[\r][\n]"
11:24:41.104 [Forwarding findElement on session 1f877272be7ad668daf7bccb5610df9a to remote] DEBUG org.apache.http.wire - http-outgoing-30 >> "{"value":".justify-content-end > div","using":"css selector"}"
11:24:41.111 [Forwarding findElement on session 1f877272be7ad668daf7bccb5610df9a to remote] DEBUG org.apache.http.wire - http-outgoing-30 << "HTTP/1.1 200 OK[\r][\n]"
11:24:41.111 [Forwarding findElement on session 1f877272be7ad668daf7bccb5610df9a to remote] DEBUG org.apache.http.wire - http-outgoing-30 << "Content-Length:88[\r][\n]"
11:24:41.111 [Forwarding findElement on session 1f877272be7ad668daf7bccb5610df9a to remote] DEBUG org.apache.http.wire - http-outgoing-30 << "Content-Type:application/json; charset=utf-8[\r][\n]"
11:24:41.111 [Forwarding findElement on session 1f877272be7ad668daf7bccb5610df9a to remote] DEBUG org.apache.http.wire - http-outgoing-30 << "cache-control:no-cache[\r][\n]"
11:24:41.111 [Forwarding findElement on session 1f877272be7ad668daf7bccb5610df9a to remote] DEBUG org.apache.http.wire - http-outgoing-30 << "[\r][\n]"
11:24:41.111 [Forwarding findElement on session 1f877272be7ad668daf7bccb5610df9a to remote] DEBUG org.apache.http.wire - http-outgoing-30 << "{"value":{"element-6066-11e4-a52e-4f735466cecf":"ee390dba-f976-4952-a898-8a4c6108d588"}}"
11:24:41.111 [Forwarding findElement on session 1f877272be7ad668daf7bccb5610df9a to remote] DEBUG org.apache.http.headers - http-outgoing-30 << HTTP/1.1 200 OK
11:24:41.111 [Forwarding findElement on session 1f877272be7ad668daf7bccb5610df9a to remote] DEBUG org.apache.http.headers - http-outgoing-30 << Content-Length:88
11:24:41.111 [Forwarding findElement on session 1f877272be7ad668daf7bccb5610df9a to remote] DEBUG org.apache.http.headers - http-outgoing-30 << Content-Type:application/json; charset=utf-8
11:24:41.111 [Forwarding findElement on session 1f877272be7ad668daf7bccb5610df9a to remote] DEBUG org.apache.http.headers - http-outgoing-30 << cache-control:no-cache
11:24:41.111 [Forwarding findElement on session 1f877272be7ad668daf7bccb5610df9a to remote] DEBUG org.apache.http.impl.execchain.MainClientExec - Connection can be kept alive indefinitely
11:24:41.111 [Forwarding findElement on session 1f877272be7ad668daf7bccb5610df9a to remote] DEBUG org.apache.http.impl.conn.PoolingHttpClientConnectionManager - Connection [id: 30][route: {}->http://localhost:41943] can be kept alive indefinitely
11:24:41.111 [Forwarding findElement on session 1f877272be7ad668daf7bccb5610df9a to remote] DEBUG org.apache.http.impl.conn.PoolingHttpClientConnectionManager - Connection released: [id: 30][route: {}->http://localhost:41943][total kept alive: 31; route allocated: 1 of 2000; total allocated: 31 of 2000]
11:24:41.111 [Forwarding clickElement on session 1f877272be7ad668daf7bccb5610df9a to remote] DEBUG org.apache.http.client.protocol.RequestAddCookies - CookieSpec selected: default
11:24:41.111 [Forwarding clickElement on session 1f877272be7ad668daf7bccb5610df9a to remote] DEBUG org.apache.http.client.protocol.RequestAuthCache - Auth cache not set in the context
11:24:41.111 [Forwarding clickElement on session 1f877272be7ad668daf7bccb5610df9a to remote] DEBUG org.apache.http.impl.conn.PoolingHttpClientConnectionManager - Connection request: [route: {}->http://localhost:41943][total kept alive: 31; route allocated: 1 of 2000; total allocated: 31 of 2000]
11:24:41.111 [Forwarding clickElement on session 1f877272be7ad668daf7bccb5610df9a to remote] DEBUG org.apache.http.impl.conn.PoolingHttpClientConnectionManager - Connection leased: [id: 30][route: {}->http://localhost:41943][total kept alive: 30; route allocated: 1 of 2000; total allocated: 31 of 2000]
11:24:41.111 [Forwarding clickElement on session 1f877272be7ad668daf7bccb5610df9a to remote] DEBUG org.apache.http.impl.execchain.MainClientExec - Stale connection check
11:24:41.113 [Forwarding clickElement on session 1f877272be7ad668daf7bccb5610df9a to remote] DEBUG org.apache.http.wire - http-outgoing-30 << "[read] I/O error: Read timed out"
11:24:41.113 [Forwarding clickElement on session 1f877272be7ad668daf7bccb5610df9a to remote] DEBUG org.apache.http.impl.conn.DefaultManagedHttpClientConnection - http-outgoing-30: set socket timeout to 10800000
11:24:41.113 [Forwarding clickElement on session 1f877272be7ad668daf7bccb5610df9a to remote] DEBUG org.apache.http.impl.execchain.MainClientExec - Executing request POST /session/1f877272be7ad668daf7bccb5610df9a/element/ee390dba-f976-4952-a898-8a4c6108d588/click HTTP/1.1
11:24:41.113 [Forwarding clickElement on session 1f877272be7ad668daf7bccb5610df9a to remote] DEBUG org.apache.http.impl.execchain.MainClientExec - Target auth state: UNCHALLENGED
11:24:41.113 [Forwarding clickElement on session 1f877272be7ad668daf7bccb5610df9a to remote] DEBUG org.apache.http.impl.execchain.MainClientExec - Proxy auth state: UNCHALLENGED
11:24:41.113 [Forwarding clickElement on session 1f877272be7ad668daf7bccb5610df9a to remote] DEBUG org.apache.http.headers - http-outgoing-30 >> POST /session/1f877272be7ad668daf7bccb5610df9a/element/ee390dba-f976-4952-a898-8a4c6108d588/click HTTP/1.1
11:24:41.113 [Forwarding clickElement on session 1f877272be7ad668daf7bccb5610df9a to remote] DEBUG org.apache.http.headers - http-outgoing-30 >> Content-Type: application/json; charset=utf-8
11:24:41.113 [Forwarding clickElement on session 1f877272be7ad668daf7bccb5610df9a to remote] DEBUG org.apache.http.headers - http-outgoing-30 >> Content-Length: 45
11:24:41.113 [Forwarding clickElement on session 1f877272be7ad668daf7bccb5610df9a to remote] DEBUG org.apache.http.headers - http-outgoing-30 >> Host: localhost:41943
11:24:41.113 [Forwarding clickElement on session 1f877272be7ad668daf7bccb5610df9a to remote] DEBUG org.apache.http.headers - http-outgoing-30 >> Connection: Keep-Alive
11:24:41.113 [Forwarding clickElement on session 1f877272be7ad668daf7bccb5610df9a to remote] DEBUG org.apache.http.headers - http-outgoing-30 >> User-Agent: Apache-HttpClient/4.5.3 (Java/1.8.0_211)
11:24:41.113 [Forwarding clickElement on session 1f877272be7ad668daf7bccb5610df9a to remote] DEBUG org.apache.http.headers - http-outgoing-30 >> Accept-Encoding: gzip,deflate
11:24:41.113 [Forwarding clickElement on session 1f877272be7ad668daf7bccb5610df9a to remote] DEBUG org.apache.http.wire - http-outgoing-30 >> "POST /session/1f877272be7ad668daf7bccb5610df9a/element/ee390dba-f976-4952-a898-8a4c6108d588/click HTTP/1.1[\r][\n]"
11:24:41.113 [Forwarding clickElement on session 1f877272be7ad668daf7bccb5610df9a to remote] DEBUG org.apache.http.wire - http-outgoing-30 >> "Content-Type: application/json; charset=utf-8[\r][\n]"
11:24:41.113 [Forwarding clickElement on session 1f877272be7ad668daf7bccb5610df9a to remote] DEBUG org.apache.http.wire - http-outgoing-30 >> "Content-Length: 45[\r][\n]"
11:24:41.113 [Forwarding clickElement on session 1f877272be7ad668daf7bccb5610df9a to remote] DEBUG org.apache.http.wire - http-outgoing-30 >> "Host: localhost:41943[\r][\n]"
11:24:41.113 [Forwarding clickElement on session 1f877272be7ad668daf7bccb5610df9a to remote] DEBUG org.apache.http.wire - http-outgoing-30 >> "Connection: Keep-Alive[\r][\n]"
11:24:41.113 [Forwarding clickElement on session 1f877272be7ad668daf7bccb5610df9a to remote] DEBUG org.apache.http.wire - http-outgoing-30 >> "User-Agent: Apache-HttpClient/4.5.3 (Java/1.8.0_211)[\r][\n]"
11:24:41.113 [Forwarding clickElement on session 1f877272be7ad668daf7bccb5610df9a to remote] DEBUG org.apache.http.wire - http-outgoing-30 >> "Accept-Encoding: gzip,deflate[\r][\n]"
11:24:41.113 [Forwarding clickElement on session 1f877272be7ad668daf7bccb5610df9a to remote] DEBUG org.apache.http.wire - http-outgoing-30 >> "[\r][\n]"
11:24:41.113 [Forwarding clickElement on session 1f877272be7ad668daf7bccb5610df9a to remote] DEBUG org.apache.http.wire - http-outgoing-30 >> "{"id":"ee390dba-f976-4952-a898-8a4c6108d588"}"
11:24:41.187 [Forwarding clickElement on session 1f877272be7ad668daf7bccb5610df9a to remote] DEBUG org.apache.http.wire - http-outgoing-30 << "HTTP/1.1 200 OK[\r][\n]"
11:24:41.187 [Forwarding clickElement on session 1f877272be7ad668daf7bccb5610df9a to remote] DEBUG org.apache.http.wire - http-outgoing-30 << "Content-Length:14[\r][\n]"
11:24:41.187 [Forwarding clickElement on session 1f877272be7ad668daf7bccb5610df9a to remote] DEBUG org.apache.http.wire - http-outgoing-30 << "Content-Type:application/json; charset=utf-8[\r][\n]"
11:24:41.187 [Forwarding clickElement on session 1f877272be7ad668daf7bccb5610df9a to remote] DEBUG org.apache.http.wire - http-outgoing-30 << "cache-control:no-cache[\r][\n]"
11:24:41.187 [Forwarding clickElement on session 1f877272be7ad668daf7bccb5610df9a to remote] DEBUG org.apache.http.wire - http-outgoing-30 << "[\r][\n]"
11:24:41.187 [Forwarding clickElement on session 1f877272be7ad668daf7bccb5610df9a to remote] DEBUG org.apache.http.wire - http-outgoing-30 << "{"value":null}"
11:24:41.187 [Forwarding clickElement on session 1f877272be7ad668daf7bccb5610df9a to remote] DEBUG org.apache.http.headers - http-outgoing-30 << HTTP/1.1 200 OK
11:24:41.187 [Forwarding clickElement on session 1f877272be7ad668daf7bccb5610df9a to remote] DEBUG org.apache.http.headers - http-outgoing-30 << Content-Length:14
11:24:41.187 [Forwarding clickElement on session 1f877272be7ad668daf7bccb5610df9a to remote] DEBUG org.apache.http.headers - http-outgoing-30 << Content-Type:application/json; charset=utf-8
11:24:41.187 [Forwarding clickElement on session 1f877272be7ad668daf7bccb5610df9a to remote] DEBUG org.apache.http.headers - http-outgoing-30 << cache-control:no-cache
11:24:41.187 [Forwarding clickElement on session 1f877272be7ad668daf7bccb5610df9a to remote] DEBUG org.apache.http.impl.execchain.MainClientExec - Connection can be kept alive indefinitely
11:24:41.187 [Forwarding clickElement on session 1f877272be7ad668daf7bccb5610df9a to remote] DEBUG org.apache.http.impl.conn.PoolingHttpClientConnectionManager - Connection [id: 30][route: {}->http://localhost:41943] can be kept alive indefinitely
11:24:41.187 [Forwarding clickElement on session 1f877272be7ad668daf7bccb5610df9a to remote] DEBUG org.apache.http.impl.conn.PoolingHttpClientConnectionManager - Connection released: [id: 30][route: {}->http://localhost:41943][total kept alive: 31; route allocated: 1 of 2000; total allocated: 31 of 2000]
11:24:41.187 [Forwarding findElement on session 1f877272be7ad668daf7bccb5610df9a to remote] DEBUG org.apache.http.client.protocol.RequestAddCookies - CookieSpec selected: default
11:24:41.187 [Forwarding findElement on session 1f877272be7ad668daf7bccb5610df9a to remote] DEBUG org.apache.http.client.protocol.RequestAuthCache - Auth cache not set in the context
11:24:41.187 [Forwarding findElement on session 1f877272be7ad668daf7bccb5610df9a to remote] DEBUG org.apache.http.impl.conn.PoolingHttpClientConnectionManager - Connection request: [route: {}->http://localhost:41943][total kept alive: 31; route allocated: 1 of 2000; total allocated: 31 of 2000]
11:24:41.187 [Forwarding findElement on session 1f877272be7ad668daf7bccb5610df9a to remote] DEBUG org.apache.http.impl.conn.PoolingHttpClientConnectionManager - Connection leased: [id: 30][route: {}->http://localhost:41943][total kept alive: 30; route allocated: 1 of 2000; total allocated: 31 of 2000]
11:24:41.187 [Forwarding findElement on session 1f877272be7ad668daf7bccb5610df9a to remote] DEBUG org.apache.http.impl.execchain.MainClientExec - Stale connection check
11:24:41.188 [Forwarding findElement on session 1f877272be7ad668daf7bccb5610df9a to remote] DEBUG org.apache.http.wire - http-outgoing-30 << "[read] I/O error: Read timed out"
11:24:41.188 [Forwarding findElement on session 1f877272be7ad668daf7bccb5610df9a to remote] DEBUG org.apache.http.impl.conn.DefaultManagedHttpClientConnection - http-outgoing-30: set socket timeout to 10800000
11:24:41.188 [Forwarding findElement on session 1f877272be7ad668daf7bccb5610df9a to remote] DEBUG org.apache.http.impl.execchain.MainClientExec - Executing request POST /session/1f877272be7ad668daf7bccb5610df9a/element HTTP/1.1
11:24:41.188 [Forwarding findElement on session 1f877272be7ad668daf7bccb5610df9a to remote] DEBUG org.apache.http.impl.execchain.MainClientExec - Target auth state: UNCHALLENGED
11:24:41.188 [Forwarding findElement on session 1f877272be7ad668daf7bccb5610df9a to remote] DEBUG org.apache.http.impl.execchain.MainClientExec - Proxy auth state: UNCHALLENGED
11:24:41.188 [Forwarding findElement on session 1f877272be7ad668daf7bccb5610df9a to remote] DEBUG org.apache.http.headers - http-outgoing-30 >> POST /session/1f877272be7ad668daf7bccb5610df9a/element HTTP/1.1
11:24:41.188 [Forwarding findElement on session 1f877272be7ad668daf7bccb5610df9a to remote] DEBUG org.apache.http.headers - http-outgoing-30 >> Content-Type: application/json; charset=utf-8
11:24:41.188 [Forwarding findElement on session 1f877272be7ad668daf7bccb5610df9a to remote] DEBUG org.apache.http.headers - http-outgoing-30 >> Content-Length: 53
11:24:41.188 [Forwarding findElement on session 1f877272be7ad668daf7bccb5610df9a to remote] DEBUG org.apache.http.headers - http-outgoing-30 >> Host: localhost:41943
11:24:41.188 [Forwarding findElement on session 1f877272be7ad668daf7bccb5610df9a to remote] DEBUG org.apache.http.headers - http-outgoing-30 >> Connection: Keep-Alive
11:24:41.188 [Forwarding findElement on session 1f877272be7ad668daf7bccb5610df9a to remote] DEBUG org.apache.http.headers - http-outgoing-30 >> User-Agent: Apache-HttpClient/4.5.3 (Java/1.8.0_211)
11:24:41.189 [Forwarding findElement on session 1f877272be7ad668daf7bccb5610df9a to remote] DEBUG org.apache.http.headers - http-outgoing-30 >> Accept-Encoding: gzip,deflate
11:24:41.189 [Forwarding findElement on session 1f877272be7ad668daf7bccb5610df9a to remote] DEBUG org.apache.http.wire - http-outgoing-30 >> "POST /session/1f877272be7ad668daf7bccb5610df9a/element HTTP/1.1[\r][\n]"
11:24:41.189 [Forwarding findElement on session 1f877272be7ad668daf7bccb5610df9a to remote] DEBUG org.apache.http.wire - http-outgoing-30 >> "Content-Type: application/json; charset=utf-8[\r][\n]"
11:24:41.189 [Forwarding findElement on session 1f877272be7ad668daf7bccb5610df9a to remote] DEBUG org.apache.http.wire - http-outgoing-30 >> "Content-Length: 53[\r][\n]"
11:24:41.189 [Forwarding findElement on session 1f877272be7ad668daf7bccb5610df9a to remote] DEBUG org.apache.http.wire - http-outgoing-30 >> "Host: localhost:41943[\r][\n]"
11:24:41.189 [Forwarding findElement on session 1f877272be7ad668daf7bccb5610df9a to remote] DEBUG org.apache.http.wire - http-outgoing-30 >> "Connection: Keep-Alive[\r][\n]"
11:24:41.189 [Forwarding findElement on session 1f877272be7ad668daf7bccb5610df9a to remote] DEBUG org.apache.http.wire - http-outgoing-30 >> "User-Agent: Apache-HttpClient/4.5.3 (Java/1.8.0_211)[\r][\n]"
11:24:41.189 [Forwarding findElement on session 1f877272be7ad668daf7bccb5610df9a to remote] DEBUG org.apache.http.wire - http-outgoing-30 >> "Accept-Encoding: gzip,deflate[\r][\n]"
11:24:41.189 [Forwarding findElement on session 1f877272be7ad668daf7bccb5610df9a to remote] DEBUG org.apache.http.wire - http-outgoing-30 >> "[\r][\n]"
11:24:41.189 [Forwarding findElement on session 1f877272be7ad668daf7bccb5610df9a to remote] DEBUG org.apache.http.wire - http-outgoing-30 >> "{"value":"span > .d-flex div","using":"css selector"}"
11:24:41.425 [Forwarding findElement on session 1f877272be7ad668daf7bccb5610df9a to remote] DEBUG org.apache.http.wire - http-outgoing-30 << "HTTP/1.1 200 OK[\r][\n]"
11:24:41.425 [Forwarding findElement on session 1f877272be7ad668daf7bccb5610df9a to remote] DEBUG org.apache.http.wire - http-outgoing-30 << "Content-Length:88[\r][\n]"
11:24:41.425 [Forwarding findElement on session 1f877272be7ad668daf7bccb5610df9a to remote] DEBUG org.apache.http.wire - http-outgoing-30 << "Content-Type:application/json; charset=utf-8[\r][\n]"
11:24:41.425 [Forwarding findElement on session 1f877272be7ad668daf7bccb5610df9a to remote] DEBUG org.apache.http.wire - http-outgoing-30 << "cache-control:no-cache[\r][\n]"
11:24:41.425 [Forwarding findElement on session 1f877272be7ad668daf7bccb5610df9a to remote] DEBUG org.apache.http.wire - http-outgoing-30 << "[\r][\n]"
11:24:41.425 [Forwarding findElement on session 1f877272be7ad668daf7bccb5610df9a to remote] DEBUG org.apache.http.wire - http-outgoing-30 << "{"value":{"element-6066-11e4-a52e-4f735466cecf":"c32dd837-a46d-4ef3-a845-534a89ea8e59"}}"
11:24:41.425 [Forwarding findElement on session 1f877272be7ad668daf7bccb5610df9a to remote] DEBUG org.apache.http.headers - http-outgoing-30 << HTTP/1.1 200 OK
11:24:41.425 [Forwarding findElement on session 1f877272be7ad668daf7bccb5610df9a to remote] DEBUG org.apache.http.headers - http-outgoing-30 << Content-Length:88
11:24:41.425 [Forwarding findElement on session 1f877272be7ad668daf7bccb5610df9a to remote] DEBUG org.apache.http.headers - http-outgoing-30 << Content-Type:application/json; charset=utf-8
11:24:41.425 [Forwarding findElement on session 1f877272be7ad668daf7bccb5610df9a to remote] DEBUG org.apache.http.headers - http-outgoing-30 << cache-control:no-cache
11:24:41.425 [Forwarding findElement on session 1f877272be7ad668daf7bccb5610df9a to remote] DEBUG org.apache.http.impl.execchain.MainClientExec - Connection can be kept alive indefinitely
11:24:41.425 [Forwarding findElement on session 1f877272be7ad668daf7bccb5610df9a to remote] DEBUG org.apache.http.impl.conn.PoolingHttpClientConnectionManager - Connection [id: 30][route: {}->http://localhost:41943] can be kept alive indefinitely
11:24:41.425 [Forwarding findElement on session 1f877272be7ad668daf7bccb5610df9a to remote] DEBUG org.apache.http.impl.conn.PoolingHttpClientConnectionManager - Connection released: [id: 30][route: {}->http://localhost:41943][total kept alive: 31; route allocated: 1 of 2000; total allocated: 31 of 2000]
11:24:41.426 [Forwarding getElementText on session 1f877272be7ad668daf7bccb5610df9a to remote] DEBUG org.apache.http.client.protocol.RequestAddCookies - CookieSpec selected: default
11:24:41.426 [Forwarding getElementText on session 1f877272be7ad668daf7bccb5610df9a to remote] DEBUG org.apache.http.client.protocol.RequestAuthCache - Auth cache not set in the context
11:24:41.426 [Forwarding getElementText on session 1f877272be7ad668daf7bccb5610df9a to remote] DEBUG org.apache.http.impl.conn.PoolingHttpClientConnectionManager - Connection request: [route: {}->http://localhost:41943][total kept alive: 31; route allocated: 1 of 2000; total allocated: 31 of 2000]
11:24:41.426 [Forwarding getElementText on session 1f877272be7ad668daf7bccb5610df9a to remote] DEBUG org.apache.http.impl.conn.PoolingHttpClientConnectionManager - Connection leased: [id: 30][route: {}->http://localhost:41943][total kept alive: 30; route allocated: 1 of 2000; total allocated: 31 of 2000]
11:24:41.426 [Forwarding getElementText on session 1f877272be7ad668daf7bccb5610df9a to remote] DEBUG org.apache.http.impl.execchain.MainClientExec - Stale connection check
11:24:41.427 [Forwarding getElementText on session 1f877272be7ad668daf7bccb5610df9a to remote] DEBUG org.apache.http.wire - http-outgoing-30 << "[read] I/O error: Read timed out"
11:24:41.427 [Forwarding getElementText on session 1f877272be7ad668daf7bccb5610df9a to remote] DEBUG org.apache.http.impl.conn.DefaultManagedHttpClientConnection - http-outgoing-30: set socket timeout to 10800000
11:24:41.427 [Forwarding getElementText on session 1f877272be7ad668daf7bccb5610df9a to remote] DEBUG org.apache.http.impl.execchain.MainClientExec - Executing request GET /session/1f877272be7ad668daf7bccb5610df9a/element/c32dd837-a46d-4ef3-a845-534a89ea8e59/text HTTP/1.1
11:24:41.427 [Forwarding getElementText on session 1f877272be7ad668daf7bccb5610df9a to remote] DEBUG org.apache.http.impl.execchain.MainClientExec - Target auth state: UNCHALLENGED
11:24:41.427 [Forwarding getElementText on session 1f877272be7ad668daf7bccb5610df9a to remote] DEBUG org.apache.http.impl.execchain.MainClientExec - Proxy auth state: UNCHALLENGED
11:24:41.427 [Forwarding getElementText on session 1f877272be7ad668daf7bccb5610df9a to remote] DEBUG org.apache.http.headers - http-outgoing-30 >> GET /session/1f877272be7ad668daf7bccb5610df9a/element/c32dd837-a46d-4ef3-a845-534a89ea8e59/text HTTP/1.1
11:24:41.427 [Forwarding getElementText on session 1f877272be7ad668daf7bccb5610df9a to remote] DEBUG org.apache.http.headers - http-outgoing-30 >> Cache-Control: no-cache
11:24:41.427 [Forwarding getElementText on session 1f877272be7ad668daf7bccb5610df9a to remote] DEBUG org.apache.http.headers - http-outgoing-30 >> Host: localhost:41943
11:24:41.427 [Forwarding getElementText on session 1f877272be7ad668daf7bccb5610df9a to remote] DEBUG org.apache.http.headers - http-outgoing-30 >> Connection: Keep-Alive
11:24:41.427 [Forwarding getElementText on session 1f877272be7ad668daf7bccb5610df9a to remote] DEBUG org.apache.http.headers - http-outgoing-30 >> User-Agent: Apache-HttpClient/4.5.3 (Java/1.8.0_211)
11:24:41.427 [Forwarding getElementText on session 1f877272be7ad668daf7bccb5610df9a to remote] DEBUG org.apache.http.headers - http-outgoing-30 >> Accept-Encoding: gzip,deflate
11:24:41.427 [Forwarding getElementText on session 1f877272be7ad668daf7bccb5610df9a to remote] DEBUG org.apache.http.wire - http-outgoing-30 >> "GET /session/1f877272be7ad668daf7bccb5610df9a/element/c32dd837-a46d-4ef3-a845-534a89ea8e59/text HTTP/1.1[\r][\n]"
11:24:41.427 [Forwarding getElementText on session 1f877272be7ad668daf7bccb5610df9a to remote] DEBUG org.apache.http.wire - http-outgoing-30 >> "Cache-Control: no-cache[\r][\n]"
11:24:41.427 [Forwarding getElementText on session 1f877272be7ad668daf7bccb5610df9a to remote] DEBUG org.apache.http.wire - http-outgoing-30 >> "Host: localhost:41943[\r][\n]"
11:24:41.427 [Forwarding getElementText on session 1f877272be7ad668daf7bccb5610df9a to remote] DEBUG org.apache.http.wire - http-outgoing-30 >> "Connection: Keep-Alive[\r][\n]"
11:24:41.427 [Forwarding getElementText on session 1f877272be7ad668daf7bccb5610df9a to remote] DEBUG org.apache.http.wire - http-outgoing-30 >> "User-Agent: Apache-HttpClient/4.5.3 (Java/1.8.0_211)[\r][\n]"
11:24:41.427 [Forwarding getElementText on session 1f877272be7ad668daf7bccb5610df9a to remote] DEBUG org.apache.http.wire - http-outgoing-30 >> "Accept-Encoding: gzip,deflate[\r][\n]"
11:24:41.427 [Forwarding getElementText on session 1f877272be7ad668daf7bccb5610df9a to remote] DEBUG org.apache.http.wire - http-outgoing-30 >> "[\r][\n]"
11:24:41.435 [Forwarding getElementText on session 1f877272be7ad668daf7bccb5610df9a to remote] DEBUG org.apache.http.wire - http-outgoing-30 << "HTTP/1.1 200 OK[\r][\n]"
11:24:41.435 [Forwarding getElementText on session 1f877272be7ad668daf7bccb5610df9a to remote] DEBUG org.apache.http.wire - http-outgoing-30 << "Content-Length:46[\r][\n]"
11:24:41.435 [Forwarding getElementText on session 1f877272be7ad668daf7bccb5610df9a to remote] DEBUG org.apache.http.wire - http-outgoing-30 << "Content-Type:application/json; charset=utf-8[\r][\n]"
11:24:41.435 [Forwarding getElementText on session 1f877272be7ad668daf7bccb5610df9a to remote] DEBUG org.apache.http.wire - http-outgoing-30 << "cache-control:no-cache[\r][\n]"
11:24:41.435 [Forwarding getElementText on session 1f877272be7ad668daf7bccb5610df9a to remote] DEBUG org.apache.http.wire - http-outgoing-30 << "[\r][\n]"
11:24:41.435 [Forwarding getElementText on session 1f877272be7ad668daf7bccb5610df9a to remote] DEBUG org.apache.http.wire - http-outgoing-30 << "{"value":"TN2jfdYCX9vvozqjwVvPjMd7vRj8HKyxUe"}"
11:24:41.435 [Forwarding getElementText on session 1f877272be7ad668daf7bccb5610df9a to remote] DEBUG org.apache.http.headers - http-outgoing-30 << HTTP/1.1 200 OK
11:24:41.435 [Forwarding getElementText on session 1f877272be7ad668daf7bccb5610df9a to remote] DEBUG org.apache.http.headers - http-outgoing-30 << Content-Length:46
11:24:41.435 [Forwarding getElementText on session 1f877272be7ad668daf7bccb5610df9a to remote] DEBUG org.apache.http.headers - http-outgoing-30 << Content-Type:application/json; charset=utf-8
11:24:41.435 [Forwarding getElementText on session 1f877272be7ad668daf7bccb5610df9a to remote] DEBUG org.apache.http.headers - http-outgoing-30 << cache-control:no-cache
11:24:41.435 [Forwarding getElementText on session 1f877272be7ad668daf7bccb5610df9a to remote] DEBUG org.apache.http.impl.execchain.MainClientExec - Connection can be kept alive indefinitely
11:24:41.435 [Forwarding getElementText on session 1f877272be7ad668daf7bccb5610df9a to remote] DEBUG org.apache.http.impl.conn.PoolingHttpClientConnectionManager - Connection [id: 30][route: {}->http://localhost:41943] can be kept alive indefinitely
11:24:41.435 [Forwarding getElementText on session 1f877272be7ad668daf7bccb5610df9a to remote] DEBUG org.apache.http.impl.conn.PoolingHttpClientConnectionManager - Connection released: [id: 30][route: {}->http://localhost:41943][total kept alive: 31; route allocated: 1 of 2000; total allocated: 31 of 2000]
11:24:41.640 [Forwarding findElement on session 1f877272be7ad668daf7bccb5610df9a to remote] DEBUG org.apache.http.client.protocol.RequestAddCookies - CookieSpec selected: default
11:24:41.640 [Forwarding findElement on session 1f877272be7ad668daf7bccb5610df9a to remote] DEBUG org.apache.http.client.protocol.RequestAuthCache - Auth cache not set in the context
11:24:41.640 [Forwarding findElement on session 1f877272be7ad668daf7bccb5610df9a to remote] DEBUG org.apache.http.impl.conn.PoolingHttpClientConnectionManager - Connection request: [route: {}->http://localhost:41943][total kept alive: 31; route allocated: 1 of 2000; total allocated: 31 of 2000]
11:24:41.640 [Forwarding findElement on session 1f877272be7ad668daf7bccb5610df9a to remote] DEBUG org.apache.http.impl.conn.PoolingHttpClientConnectionManager - Connection leased: [id: 30][route: {}->http://localhost:41943][total kept alive: 30; route allocated: 1 of 2000; total allocated: 31 of 2000]
11:24:41.640 [Forwarding findElement on session 1f877272be7ad668daf7bccb5610df9a to remote] DEBUG org.apache.http.impl.execchain.MainClientExec - Stale connection check
11:24:41.642 [Forwarding findElement on session 1f877272be7ad668daf7bccb5610df9a to remote] DEBUG org.apache.http.wire - http-outgoing-30 << "[read] I/O error: Read timed out"
11:24:41.642 [Forwarding findElement on session 1f877272be7ad668daf7bccb5610df9a to remote] DEBUG org.apache.http.impl.conn.DefaultManagedHttpClientConnection - http-outgoing-30: set socket timeout to 10800000
11:24:41.642 [Forwarding findElement on session 1f877272be7ad668daf7bccb5610df9a to remote] DEBUG org.apache.http.impl.execchain.MainClientExec - Executing request POST /session/1f877272be7ad668daf7bccb5610df9a/element HTTP/1.1
11:24:41.642 [Forwarding findElement on session 1f877272be7ad668daf7bccb5610df9a to remote] DEBUG org.apache.http.impl.execchain.MainClientExec - Target auth state: UNCHALLENGED
11:24:41.642 [Forwarding findElement on session 1f877272be7ad668daf7bccb5610df9a to remote] DEBUG org.apache.http.impl.execchain.MainClientExec - Proxy auth state: UNCHALLENGED
11:24:41.642 [Forwarding findElement on session 1f877272be7ad668daf7bccb5610df9a to remote] DEBUG org.apache.http.headers - http-outgoing-30 >> POST /session/1f877272be7ad668daf7bccb5610df9a/element HTTP/1.1
11:24:41.642 [Forwarding findElement on session 1f877272be7ad668daf7bccb5610df9a to remote] DEBUG org.apache.http.headers - http-outgoing-30 >> Content-Type: application/json; charset=utf-8
11:24:41.642 [Forwarding findElement on session 1f877272be7ad668daf7bccb5610df9a to remote] DEBUG org.apache.http.headers - http-outgoing-30 >> Content-Length: 58
11:24:41.642 [Forwarding findElement on session 1f877272be7ad668daf7bccb5610df9a to remote] DEBUG org.apache.http.headers - http-outgoing-30 >> Host: localhost:41943
11:24:41.642 [Forwarding findElement on session 1f877272be7ad668daf7bccb5610df9a to remote] DEBUG org.apache.http.headers - http-outgoing-30 >> Connection: Keep-Alive
11:24:41.642 [Forwarding findElement on session 1f877272be7ad668daf7bccb5610df9a to remote] DEBUG org.apache.http.headers - http-outgoing-30 >> User-Agent: Apache-HttpClient/4.5.3 (Java/1.8.0_211)
11:24:41.642 [Forwarding findElement on session 1f877272be7ad668daf7bccb5610df9a to remote] DEBUG org.apache.http.headers - http-outgoing-30 >> Accept-Encoding: gzip,deflate
11:24:41.642 [Forwarding findElement on session 1f877272be7ad668daf7bccb5610df9a to remote] DEBUG org.apache.http.wire - http-outgoing-30 >> "POST /session/1f877272be7ad668daf7bccb5610df9a/element HTTP/1.1[\r][\n]"
11:24:41.642 [Forwarding findElement on session 1f877272be7ad668daf7bccb5610df9a to remote] DEBUG org.apache.http.wire - http-outgoing-30 >> "Content-Type: application/json; charset=utf-8[\r][\n]"
11:24:41.642 [Forwarding findElement on session 1f877272be7ad668daf7bccb5610df9a to remote] DEBUG org.apache.http.wire - http-outgoing-30 >> "Content-Length: 58[\r][\n]"
11:24:41.642 [Forwarding findElement on session 1f877272be7ad668daf7bccb5610df9a to remote] DEBUG org.apache.http.wire - http-outgoing-30 >> "Host: localhost:41943[\r][\n]"
11:24:41.642 [Forwarding findElement on session 1f877272be7ad668daf7bccb5610df9a to remote] DEBUG org.apache.http.wire - http-outgoing-30 >> "Connection: Keep-Alive[\r][\n]"
11:24:41.642 [Forwarding findElement on session 1f877272be7ad668daf7bccb5610df9a to remote] DEBUG org.apache.http.wire - http-outgoing-30 >> "User-Agent: Apache-HttpClient/4.5.3 (Java/1.8.0_211)[\r][\n]"
11:24:41.642 [Forwarding findElement on session 1f877272be7ad668daf7bccb5610df9a to remote] DEBUG org.apache.http.wire - http-outgoing-30 >> "Accept-Encoding: gzip,deflate[\r][\n]"
11:24:41.642 [Forwarding findElement on session 1f877272be7ad668daf7bccb5610df9a to remote] DEBUG org.apache.http.wire - http-outgoing-30 >> "[\r][\n]"
11:24:41.642 [Forwarding findElement on session 1f877272be7ad668daf7bccb5610df9a to remote] DEBUG org.apache.http.wire - http-outgoing-30 >> "{"value":".dropdown-toggle > span","using":"css selector"}"
11:24:41.646 [Forwarding findElement on session 1f877272be7ad668daf7bccb5610df9a to remote] DEBUG org.apache.http.wire - http-outgoing-30 << "HTTP/1.1 200 OK[\r][\n]"
11:24:41.646 [Forwarding findElement on session 1f877272be7ad668daf7bccb5610df9a to remote] DEBUG org.apache.http.wire - http-outgoing-30 << "Content-Length:88[\r][\n]"
11:24:41.646 [Forwarding findElement on session 1f877272be7ad668daf7bccb5610df9a to remote] DEBUG org.apache.http.wire - http-outgoing-30 << "Content-Type:application/json; charset=utf-8[\r][\n]"
11:24:41.646 [Forwarding findElement on session 1f877272be7ad668daf7bccb5610df9a to remote] DEBUG org.apache.http.wire - http-outgoing-30 << "cache-control:no-cache[\r][\n]"
11:24:41.646 [Forwarding findElement on session 1f877272be7ad668daf7bccb5610df9a to remote] DEBUG org.apache.http.wire - http-outgoing-30 << "[\r][\n]"
11:24:41.646 [Forwarding findElement on session 1f877272be7ad668daf7bccb5610df9a to remote] DEBUG org.apache.http.wire - http-outgoing-30 << "{"value":{"element-6066-11e4-a52e-4f735466cecf":"c7646e93-d5d0-4339-b0c7-03ba86607c1e"}}"
11:24:41.646 [Forwarding findElement on session 1f877272be7ad668daf7bccb5610df9a to remote] DEBUG org.apache.http.headers - http-outgoing-30 << HTTP/1.1 200 OK
11:24:41.646 [Forwarding findElement on session 1f877272be7ad668daf7bccb5610df9a to remote] DEBUG org.apache.http.headers - http-outgoing-30 << Content-Length:88
11:24:41.646 [Forwarding findElement on session 1f877272be7ad668daf7bccb5610df9a to remote] DEBUG org.apache.http.headers - http-outgoing-30 << Content-Type:application/json; charset=utf-8
11:24:41.646 [Forwarding findElement on session 1f877272be7ad668daf7bccb5610df9a to remote] DEBUG org.apache.http.headers - http-outgoing-30 << cache-control:no-cache
11:24:41.646 [Forwarding findElement on session 1f877272be7ad668daf7bccb5610df9a to remote] DEBUG org.apache.http.impl.execchain.MainClientExec - Connection can be kept alive indefinitely
11:24:41.646 [Forwarding findElement on session 1f877272be7ad668daf7bccb5610df9a to remote] DEBUG org.apache.http.impl.conn.PoolingHttpClientConnectionManager - Connection [id: 30][route: {}->http://localhost:41943] can be kept alive indefinitely
11:24:41.646 [Forwarding findElement on session 1f877272be7ad668daf7bccb5610df9a to remote] DEBUG org.apache.http.impl.conn.PoolingHttpClientConnectionManager - Connection released: [id: 30][route: {}->http://localhost:41943][total kept alive: 31; route allocated: 1 of 2000; total allocated: 31 of 2000]
11:24:41.646 [Forwarding actions on session 1f877272be7ad668daf7bccb5610df9a to remote] DEBUG org.apache.http.client.protocol.RequestAddCookies - CookieSpec selected: default
11:24:41.646 [Forwarding actions on session 1f877272be7ad668daf7bccb5610df9a to remote] DEBUG org.apache.http.client.protocol.RequestAuthCache - Auth cache not set in the context
11:24:41.646 [Forwarding actions on session 1f877272be7ad668daf7bccb5610df9a to remote] DEBUG org.apache.http.impl.conn.PoolingHttpClientConnectionManager - Connection request: [route: {}->http://localhost:41943][total kept alive: 31; route allocated: 1 of 2000; total allocated: 31 of 2000]
11:24:41.646 [Forwarding actions on session 1f877272be7ad668daf7bccb5610df9a to remote] DEBUG org.apache.http.impl.conn.PoolingHttpClientConnectionManager - Connection leased: [id: 30][route: {}->http://localhost:41943][total kept alive: 30; route allocated: 1 of 2000; total allocated: 31 of 2000]
11:24:41.646 [Forwarding actions on session 1f877272be7ad668daf7bccb5610df9a to remote] DEBUG org.apache.http.impl.execchain.MainClientExec - Stale connection check
11:24:41.647 [Forwarding actions on session 1f877272be7ad668daf7bccb5610df9a to remote] DEBUG org.apache.http.wire - http-outgoing-30 << "[read] I/O error: Read timed out"
11:24:41.647 [Forwarding actions on session 1f877272be7ad668daf7bccb5610df9a to remote] DEBUG org.apache.http.impl.conn.DefaultManagedHttpClientConnection - http-outgoing-30: set socket timeout to 10800000
11:24:41.647 [Forwarding actions on session 1f877272be7ad668daf7bccb5610df9a to remote] DEBUG org.apache.http.impl.execchain.MainClientExec - Executing request POST /session/1f877272be7ad668daf7bccb5610df9a/actions HTTP/1.1
11:24:41.647 [Forwarding actions on session 1f877272be7ad668daf7bccb5610df9a to remote] DEBUG org.apache.http.impl.execchain.MainClientExec - Target auth state: UNCHALLENGED
11:24:41.647 [Forwarding actions on session 1f877272be7ad668daf7bccb5610df9a to remote] DEBUG org.apache.http.impl.execchain.MainClientExec - Proxy auth state: UNCHALLENGED
11:24:41.647 [Forwarding actions on session 1f877272be7ad668daf7bccb5610df9a to remote] DEBUG org.apache.http.headers - http-outgoing-30 >> POST /session/1f877272be7ad668daf7bccb5610df9a/actions HTTP/1.1
11:24:41.647 [Forwarding actions on session 1f877272be7ad668daf7bccb5610df9a to remote] DEBUG org.apache.http.headers - http-outgoing-30 >> Content-Type: application/json; charset=utf-8
11:24:41.647 [Forwarding actions on session 1f877272be7ad668daf7bccb5610df9a to remote] DEBUG org.apache.http.headers - http-outgoing-30 >> Content-Length: 289
11:24:41.647 [Forwarding actions on session 1f877272be7ad668daf7bccb5610df9a to remote] DEBUG org.apache.http.headers - http-outgoing-30 >> Host: localhost:41943
11:24:41.647 [Forwarding actions on session 1f877272be7ad668daf7bccb5610df9a to remote] DEBUG org.apache.http.headers - http-outgoing-30 >> Connection: Keep-Alive
11:24:41.647 [Forwarding actions on session 1f877272be7ad668daf7bccb5610df9a to remote] DEBUG org.apache.http.headers - http-outgoing-30 >> User-Agent: Apache-HttpClient/4.5.3 (Java/1.8.0_211)
11:24:41.647 [Forwarding actions on session 1f877272be7ad668daf7bccb5610df9a to remote] DEBUG org.apache.http.headers - http-outgoing-30 >> Accept-Encoding: gzip,deflate
11:24:41.647 [Forwarding actions on session 1f877272be7ad668daf7bccb5610df9a to remote] DEBUG org.apache.http.wire - http-outgoing-30 >> "POST /session/1f877272be7ad668daf7bccb5610df9a/actions HTTP/1.1[\r][\n]"
11:24:41.647 [Forwarding actions on session 1f877272be7ad668daf7bccb5610df9a to remote] DEBUG org.apache.http.wire - http-outgoing-30 >> "Content-Type: application/json; charset=utf-8[\r][\n]"
11:24:41.647 [Forwarding actions on session 1f877272be7ad668daf7bccb5610df9a to remote] DEBUG org.apache.http.wire - http-outgoing-30 >> "Content-Length: 289[\r][\n]"
11:24:41.647 [Forwarding actions on session 1f877272be7ad668daf7bccb5610df9a to remote] DEBUG org.apache.http.wire - http-outgoing-30 >> "Host: localhost:41943[\r][\n]"
11:24:41.647 [Forwarding actions on session 1f877272be7ad668daf7bccb5610df9a to remote] DEBUG org.apache.http.wire - http-outgoing-30 >> "Connection: Keep-Alive[\r][\n]"
11:24:41.647 [Forwarding actions on session 1f877272be7ad668daf7bccb5610df9a to remote] DEBUG org.apache.http.wire - http-outgoing-30 >> "User-Agent: Apache-HttpClient/4.5.3 (Java/1.8.0_211)[\r][\n]"
11:24:41.647 [Forwarding actions on session 1f877272be7ad668daf7bccb5610df9a to remote] DEBUG org.apache.http.wire - http-outgoing-30 >> "Accept-Encoding: gzip,deflate[\r][\n]"
11:24:41.647 [Forwarding actions on session 1f877272be7ad668daf7bccb5610df9a to remote] DEBUG org.apache.http.wire - http-outgoing-30 >> "[\r][\n]"
11:24:41.647 [Forwarding actions on session 1f877272be7ad668daf7bccb5610df9a to remote] DEBUG org.apache.http.wire - http-outgoing-30 >> "{"actions":[{"id":"default mouse","type":"pointer","parameters":{"pointerType":"mouse"},"actions":[{"duration":100,"x":0,"y":0,"type":"pointerMove","origin":{"ELEMENT":"c7646e93-d5d0-4339-b0c7-03ba86607c1e","element-6066-11e4-a52e-4f735466cecf":"c7646e93-d5d0-4339-b0c7-03ba86607c1e"}}]}]}"
11:24:41.762 [Forwarding actions on session 1f877272be7ad668daf7bccb5610df9a to remote] DEBUG org.apache.http.wire - http-outgoing-30 << "HTTP/1.1 200 OK[\r][\n]"
11:24:41.762 [Forwarding actions on session 1f877272be7ad668daf7bccb5610df9a to remote] DEBUG org.apache.http.wire - http-outgoing-30 << "Content-Length:14[\r][\n]"
11:24:41.762 [Forwarding actions on session 1f877272be7ad668daf7bccb5610df9a to remote] DEBUG org.apache.http.wire - http-outgoing-30 << "Content-Type:application/json; charset=utf-8[\r][\n]"
11:24:41.762 [Forwarding actions on session 1f877272be7ad668daf7bccb5610df9a to remote] DEBUG org.apache.http.wire - http-outgoing-30 << "cache-control:no-cache[\r][\n]"
11:24:41.762 [Forwarding actions on session 1f877272be7ad668daf7bccb5610df9a to remote] DEBUG org.apache.http.wire - http-outgoing-30 << "[\r][\n]"
11:24:41.762 [Forwarding actions on session 1f877272be7ad668daf7bccb5610df9a to remote] DEBUG org.apache.http.wire - http-outgoing-30 << "{"value":null}"
11:24:41.762 [Forwarding actions on session 1f877272be7ad668daf7bccb5610df9a to remote] DEBUG org.apache.http.headers - http-outgoing-30 << HTTP/1.1 200 OK
11:24:41.762 [Forwarding actions on session 1f877272be7ad668daf7bccb5610df9a to remote] DEBUG org.apache.http.headers - http-outgoing-30 << Content-Length:14
11:24:41.762 [Forwarding actions on session 1f877272be7ad668daf7bccb5610df9a to remote] DEBUG org.apache.http.headers - http-outgoing-30 << Content-Type:application/json; charset=utf-8
11:24:41.762 [Forwarding actions on session 1f877272be7ad668daf7bccb5610df9a to remote] DEBUG org.apache.http.headers - http-outgoing-30 << cache-control:no-cache
11:24:41.762 [Forwarding actions on session 1f877272be7ad668daf7bccb5610df9a to remote] DEBUG org.apache.http.impl.execchain.MainClientExec - Connection can be kept alive indefinitely
11:24:41.762 [Forwarding actions on session 1f877272be7ad668daf7bccb5610df9a to remote] DEBUG org.apache.http.impl.conn.PoolingHttpClientConnectionManager - Connection [id: 30][route: {}->http://localhost:41943] can be kept alive indefinitely
11:24:41.762 [Forwarding actions on session 1f877272be7ad668daf7bccb5610df9a to remote] DEBUG org.apache.http.impl.conn.PoolingHttpClientConnectionManager - Connection released: [id: 30][route: {}->http://localhost:41943][total kept alive: 31; route allocated: 1 of 2000; total allocated: 31 of 2000]
11:24:41.763 [Forwarding findElement on session 1f877272be7ad668daf7bccb5610df9a to remote] DEBUG org.apache.http.client.protocol.RequestAddCookies - CookieSpec selected: default
11:24:41.763 [Forwarding findElement on session 1f877272be7ad668daf7bccb5610df9a to remote] DEBUG org.apache.http.client.protocol.RequestAuthCache - Auth cache not set in the context
11:24:41.763 [Forwarding findElement on session 1f877272be7ad668daf7bccb5610df9a to remote] DEBUG org.apache.http.impl.conn.PoolingHttpClientConnectionManager - Connection request: [route: {}->http://localhost:41943][total kept alive: 31; route allocated: 1 of 2000; total allocated: 31 of 2000]
11:24:41.763 [Forwarding findElement on session 1f877272be7ad668daf7bccb5610df9a to remote] DEBUG org.apache.http.impl.conn.PoolingHttpClientConnectionManager - Connection leased: [id: 30][route: {}->http://localhost:41943][total kept alive: 30; route allocated: 1 of 2000; total allocated: 31 of 2000]
11:24:41.763 [Forwarding findElement on session 1f877272be7ad668daf7bccb5610df9a to remote] DEBUG org.apache.http.impl.execchain.MainClientExec - Stale connection check
11:24:41.764 [Forwarding findElement on session 1f877272be7ad668daf7bccb5610df9a to remote] DEBUG org.apache.http.wire - http-outgoing-30 << "[read] I/O error: Read timed out"
11:24:41.764 [Forwarding findElement on session 1f877272be7ad668daf7bccb5610df9a to remote] DEBUG org.apache.http.impl.conn.DefaultManagedHttpClientConnection - http-outgoing-30: set socket timeout to 10800000
11:24:41.764 [Forwarding findElement on session 1f877272be7ad668daf7bccb5610df9a to remote] DEBUG org.apache.http.impl.execchain.MainClientExec - Executing request POST /session/1f877272be7ad668daf7bccb5610df9a/element HTTP/1.1
11:24:41.764 [Forwarding findElement on session 1f877272be7ad668daf7bccb5610df9a to remote] DEBUG org.apache.http.impl.execchain.MainClientExec - Target auth state: UNCHALLENGED
11:24:41.764 [Forwarding findElement on session 1f877272be7ad668daf7bccb5610df9a to remote] DEBUG org.apache.http.impl.execchain.MainClientExec - Proxy auth state: UNCHALLENGED
11:24:41.764 [Forwarding findElement on session 1f877272be7ad668daf7bccb5610df9a to remote] DEBUG org.apache.http.headers - http-outgoing-30 >> POST /session/1f877272be7ad668daf7bccb5610df9a/element HTTP/1.1
11:24:41.764 [Forwarding findElement on session 1f877272be7ad668daf7bccb5610df9a to remote] DEBUG org.apache.http.headers - http-outgoing-30 >> Content-Type: application/json; charset=utf-8
11:24:41.764 [Forwarding findElement on session 1f877272be7ad668daf7bccb5610df9a to remote] DEBUG org.apache.http.headers - http-outgoing-30 >> Content-Length: 82
11:24:41.764 [Forwarding findElement on session 1f877272be7ad668daf7bccb5610df9a to remote] DEBUG org.apache.http.headers - http-outgoing-30 >> Host: localhost:41943
11:24:41.764 [Forwarding findElement on session 1f877272be7ad668daf7bccb5610df9a to remote] DEBUG org.apache.http.headers - http-outgoing-30 >> Connection: Keep-Alive
11:24:41.764 [Forwarding findElement on session 1f877272be7ad668daf7bccb5610df9a to remote] DEBUG org.apache.http.headers - http-outgoing-30 >> User-Agent: Apache-HttpClient/4.5.3 (Java/1.8.0_211)
11:24:41.764 [Forwarding findElement on session 1f877272be7ad668daf7bccb5610df9a to remote] DEBUG org.apache.http.headers - http-outgoing-30 >> Accept-Encoding: gzip,deflate
11:24:41.764 [Forwarding findElement on session 1f877272be7ad668daf7bccb5610df9a to remote] DEBUG org.apache.http.wire - http-outgoing-30 >> "POST /session/1f877272be7ad668daf7bccb5610df9a/element HTTP/1.1[\r][\n]"
11:24:41.764 [Forwarding findElement on session 1f877272be7ad668daf7bccb5610df9a to remote] DEBUG org.apache.http.wire - http-outgoing-30 >> "Content-Type: application/json; charset=utf-8[\r][\n]"
11:24:41.764 [Forwarding findElement on session 1f877272be7ad668daf7bccb5610df9a to remote] DEBUG org.apache.http.wire - http-outgoing-30 >> "Content-Length: 82[\r][\n]"
11:24:41.764 [Forwarding findElement on session 1f877272be7ad668daf7bccb5610df9a to remote] DEBUG org.apache.http.wire - http-outgoing-30 >> "Host: localhost:41943[\r][\n]"
11:24:41.764 [Forwarding findElement on session 1f877272be7ad668daf7bccb5610df9a to remote] DEBUG org.apache.http.wire - http-outgoing-30 >> "Connection: Keep-Alive[\r][\n]"
11:24:41.764 [Forwarding findElement on session 1f877272be7ad668daf7bccb5610df9a to remote] DEBUG org.apache.http.wire - http-outgoing-30 >> "User-Agent: Apache-HttpClient/4.5.3 (Java/1.8.0_211)[\r][\n]"
11:24:41.764 [Forwarding findElement on session 1f877272be7ad668daf7bccb5610df9a to remote] DEBUG org.apache.http.wire - http-outgoing-30 >> "Accept-Encoding: gzip,deflate[\r][\n]"
11:24:41.764 [Forwarding findElement on session 1f877272be7ad668daf7bccb5610df9a to remote] DEBUG org.apache.http.wire - http-outgoing-30 >> "[\r][\n]"
11:24:41.764 [Forwarding findElement on session 1f877272be7ad668daf7bccb5610df9a to remote] DEBUG org.apache.http.wire - http-outgoing-30 >> "{"value":".dropdown-item:nth-child(7) > span:nth-child(3)","using":"css selector"}"
11:24:41.769 [Forwarding findElement on session 1f877272be7ad668daf7bccb5610df9a to remote] DEBUG org.apache.http.wire - http-outgoing-30 << "HTTP/1.1 200 OK[\r][\n]"
11:24:41.769 [Forwarding findElement on session 1f877272be7ad668daf7bccb5610df9a to remote] DEBUG org.apache.http.wire - http-outgoing-30 << "Content-Length:88[\r][\n]"
11:24:41.769 [Forwarding findElement on session 1f877272be7ad668daf7bccb5610df9a to remote] DEBUG org.apache.http.wire - http-outgoing-30 << "Content-Type:application/json; charset=utf-8[\r][\n]"
11:24:41.769 [Forwarding findElement on session 1f877272be7ad668daf7bccb5610df9a to remote] DEBUG org.apache.http.wire - http-outgoing-30 << "cache-control:no-cache[\r][\n]"
11:24:41.769 [Forwarding findElement on session 1f877272be7ad668daf7bccb5610df9a to remote] DEBUG org.apache.http.wire - http-outgoing-30 << "[\r][\n]"
11:24:41.769 [Forwarding findElement on session 1f877272be7ad668daf7bccb5610df9a to remote] DEBUG org.apache.http.wire - http-outgoing-30 << "{"value":{"element-6066-11e4-a52e-4f735466cecf":"9dc60cdf-91af-4343-983d-9773ae26733f"}}"
11:24:41.769 [Forwarding findElement on session 1f877272be7ad668daf7bccb5610df9a to remote] DEBUG org.apache.http.headers - http-outgoing-30 << HTTP/1.1 200 OK
11:24:41.769 [Forwarding findElement on session 1f877272be7ad668daf7bccb5610df9a to remote] DEBUG org.apache.http.headers - http-outgoing-30 << Content-Length:88
11:24:41.769 [Forwarding findElement on session 1f877272be7ad668daf7bccb5610df9a to remote] DEBUG org.apache.http.headers - http-outgoing-30 << Content-Type:application/json; charset=utf-8
11:24:41.769 [Forwarding findElement on session 1f877272be7ad668daf7bccb5610df9a to remote] DEBUG org.apache.http.headers - http-outgoing-30 << cache-control:no-cache
11:24:41.769 [Forwarding findElement on session 1f877272be7ad668daf7bccb5610df9a to remote] DEBUG org.apache.http.impl.execchain.MainClientExec - Connection can be kept alive indefinitely
11:24:41.769 [Forwarding findElement on session 1f877272be7ad668daf7bccb5610df9a to remote] DEBUG org.apache.http.impl.conn.PoolingHttpClientConnectionManager - Connection [id: 30][route: {}->http://localhost:41943] can be kept alive indefinitely
11:24:41.769 [Forwarding findElement on session 1f877272be7ad668daf7bccb5610df9a to remote] DEBUG org.apache.http.impl.conn.PoolingHttpClientConnectionManager - Connection released: [id: 30][route: {}->http://localhost:41943][total kept alive: 31; route allocated: 1 of 2000; total allocated: 31 of 2000]
11:24:41.769 [Forwarding clickElement on session 1f877272be7ad668daf7bccb5610df9a to remote] DEBUG org.apache.http.client.protocol.RequestAddCookies - CookieSpec selected: default
11:24:41.769 [Forwarding clickElement on session 1f877272be7ad668daf7bccb5610df9a to remote] DEBUG org.apache.http.client.protocol.RequestAuthCache - Auth cache not set in the context
11:24:41.769 [Forwarding clickElement on session 1f877272be7ad668daf7bccb5610df9a to remote] DEBUG org.apache.http.impl.conn.PoolingHttpClientConnectionManager - Connection request: [route: {}->http://localhost:41943][total kept alive: 31; route allocated: 1 of 2000; total allocated: 31 of 2000]
11:24:41.769 [Forwarding clickElement on session 1f877272be7ad668daf7bccb5610df9a to remote] DEBUG org.apache.http.impl.conn.PoolingHttpClientConnectionManager - Connection leased: [id: 30][route: {}->http://localhost:41943][total kept alive: 30; route allocated: 1 of 2000; total allocated: 31 of 2000]
11:24:41.769 [Forwarding clickElement on session 1f877272be7ad668daf7bccb5610df9a to remote] DEBUG org.apache.http.impl.execchain.MainClientExec - Stale connection check
11:24:41.771 [Forwarding clickElement on session 1f877272be7ad668daf7bccb5610df9a to remote] DEBUG org.apache.http.wire - http-outgoing-30 << "[read] I/O error: Read timed out"
11:24:41.771 [Forwarding clickElement on session 1f877272be7ad668daf7bccb5610df9a to remote] DEBUG org.apache.http.impl.conn.DefaultManagedHttpClientConnection - http-outgoing-30: set socket timeout to 10800000
11:24:41.771 [Forwarding clickElement on session 1f877272be7ad668daf7bccb5610df9a to remote] DEBUG org.apache.http.impl.execchain.MainClientExec - Executing request POST /session/1f877272be7ad668daf7bccb5610df9a/element/9dc60cdf-91af-4343-983d-9773ae26733f/click HTTP/1.1
11:24:41.771 [Forwarding clickElement on session 1f877272be7ad668daf7bccb5610df9a to remote] DEBUG org.apache.http.impl.execchain.MainClientExec - Target auth state: UNCHALLENGED
11:24:41.771 [Forwarding clickElement on session 1f877272be7ad668daf7bccb5610df9a to remote] DEBUG org.apache.http.impl.execchain.MainClientExec - Proxy auth state: UNCHALLENGED
11:24:41.771 [Forwarding clickElement on session 1f877272be7ad668daf7bccb5610df9a to remote] DEBUG org.apache.http.headers - http-outgoing-30 >> POST /session/1f877272be7ad668daf7bccb5610df9a/element/9dc60cdf-91af-4343-983d-9773ae26733f/click HTTP/1.1
11:24:41.771 [Forwarding clickElement on session 1f877272be7ad668daf7bccb5610df9a to remote] DEBUG org.apache.http.headers - http-outgoing-30 >> Content-Type: application/json; charset=utf-8
11:24:41.771 [Forwarding clickElement on session 1f877272be7ad668daf7bccb5610df9a to remote] DEBUG org.apache.http.headers - http-outgoing-30 >> Content-Length: 45
11:24:41.771 [Forwarding clickElement on session 1f877272be7ad668daf7bccb5610df9a to remote] DEBUG org.apache.http.headers - http-outgoing-30 >> Host: localhost:41943
11:24:41.771 [Forwarding clickElement on session 1f877272be7ad668daf7bccb5610df9a to remote] DEBUG org.apache.http.headers - http-outgoing-30 >> Connection: Keep-Alive
11:24:41.771 [Forwarding clickElement on session 1f877272be7ad668daf7bccb5610df9a to remote] DEBUG org.apache.http.headers - http-outgoing-30 >> User-Agent: Apache-HttpClient/4.5.3 (Java/1.8.0_211)
11:24:41.771 [Forwarding clickElement on session 1f877272be7ad668daf7bccb5610df9a to remote] DEBUG org.apache.http.headers - http-outgoing-30 >> Accept-Encoding: gzip,deflate
11:24:41.771 [Forwarding clickElement on session 1f877272be7ad668daf7bccb5610df9a to remote] DEBUG org.apache.http.wire - http-outgoing-30 >> "POST /session/1f877272be7ad668daf7bccb5610df9a/element/9dc60cdf-91af-4343-983d-9773ae26733f/click HTTP/1.1[\r][\n]"
11:24:41.771 [Forwarding clickElement on session 1f877272be7ad668daf7bccb5610df9a to remote] DEBUG org.apache.http.wire - http-outgoing-30 >> "Content-Type: application/json; charset=utf-8[\r][\n]"
11:24:41.771 [Forwarding clickElement on session 1f877272be7ad668daf7bccb5610df9a to remote] DEBUG org.apache.http.wire - http-outgoing-30 >> "Content-Length: 45[\r][\n]"
11:24:41.771 [Forwarding clickElement on session 1f877272be7ad668daf7bccb5610df9a to remote] DEBUG org.apache.http.wire - http-outgoing-30 >> "Host: localhost:41943[\r][\n]"
11:24:41.771 [Forwarding clickElement on session 1f877272be7ad668daf7bccb5610df9a to remote] DEBUG org.apache.http.wire - http-outgoing-30 >> "Connection: Keep-Alive[\r][\n]"
11:24:41.771 [Forwarding clickElement on session 1f877272be7ad668daf7bccb5610df9a to remote] DEBUG org.apache.http.wire - http-outgoing-30 >> "User-Agent: Apache-HttpClient/4.5.3 (Java/1.8.0_211)[\r][\n]"
11:24:41.771 [Forwarding clickElement on session 1f877272be7ad668daf7bccb5610df9a to remote] DEBUG org.apache.http.wire - http-outgoing-30 >> "Accept-Encoding: gzip,deflate[\r][\n]"
11:24:41.771 [Forwarding clickElement on session 1f877272be7ad668daf7bccb5610df9a to remote] DEBUG org.apache.http.wire - http-outgoing-30 >> "[\r][\n]"
11:24:41.771 [Forwarding clickElement on session 1f877272be7ad668daf7bccb5610df9a to remote] DEBUG org.apache.http.wire - http-outgoing-30 >> "{"id":"9dc60cdf-91af-4343-983d-9773ae26733f"}"
11:24:41.807 [Forwarding clickElement on session 1f877272be7ad668daf7bccb5610df9a to remote] DEBUG org.apache.http.wire - http-outgoing-30 << "HTTP/1.1 200 OK[\r][\n]"
11:24:41.808 [Forwarding clickElement on session 1f877272be7ad668daf7bccb5610df9a to remote] DEBUG org.apache.http.wire - http-outgoing-30 << "Content-Length:14[\r][\n]"
11:24:41.808 [Forwarding clickElement on session 1f877272be7ad668daf7bccb5610df9a to remote] DEBUG org.apache.http.wire - http-outgoing-30 << "Content-Type:application/json; charset=utf-8[\r][\n]"
11:24:41.808 [Forwarding clickElement on session 1f877272be7ad668daf7bccb5610df9a to remote] DEBUG org.apache.http.wire - http-outgoing-30 << "cache-control:no-cache[\r][\n]"
11:24:41.808 [Forwarding clickElement on session 1f877272be7ad668daf7bccb5610df9a to remote] DEBUG org.apache.http.wire - http-outgoing-30 << "[\r][\n]"
11:24:41.808 [Forwarding clickElement on session 1f877272be7ad668daf7bccb5610df9a to remote] DEBUG org.apache.http.wire - http-outgoing-30 << "{"value":null}"
11:24:41.808 [Forwarding clickElement on session 1f877272be7ad668daf7bccb5610df9a to remote] DEBUG org.apache.http.headers - http-outgoing-30 << HTTP/1.1 200 OK
11:24:41.808 [Forwarding clickElement on session 1f877272be7ad668daf7bccb5610df9a to remote] DEBUG org.apache.http.headers - http-outgoing-30 << Content-Length:14
11:24:41.808 [Forwarding clickElement on session 1f877272be7ad668daf7bccb5610df9a to remote] DEBUG org.apache.http.headers - http-outgoing-30 << Content-Type:application/json; charset=utf-8
11:24:41.808 [Forwarding clickElement on session 1f877272be7ad668daf7bccb5610df9a to remote] DEBUG org.apache.http.headers - http-outgoing-30 << cache-control:no-cache
11:24:41.808 [Forwarding clickElement on session 1f877272be7ad668daf7bccb5610df9a to remote] DEBUG org.apache.http.impl.execchain.MainClientExec - Connection can be kept alive indefinitely
11:24:41.808 [Forwarding clickElement on session 1f877272be7ad668daf7bccb5610df9a to remote] DEBUG org.apache.http.impl.conn.PoolingHttpClientConnectionManager - Connection [id: 30][route: {}->http://localhost:41943] can be kept alive indefinitely
11:24:41.808 [Forwarding clickElement on session 1f877272be7ad668daf7bccb5610df9a to remote] DEBUG org.apache.http.impl.conn.PoolingHttpClientConnectionManager - Connection released: [id: 30][route: {}->http://localhost:41943][total kept alive: 31; route allocated: 1 of 2000; total allocated: 31 of 2000]
11:24:41.808 [Forwarding findElement on session 1f877272be7ad668daf7bccb5610df9a to remote] DEBUG org.apache.http.client.protocol.RequestAddCookies - CookieSpec selected: default
11:24:41.808 [Forwarding findElement on session 1f877272be7ad668daf7bccb5610df9a to remote] DEBUG org.apache.http.client.protocol.RequestAuthCache - Auth cache not set in the context
11:24:41.808 [Forwarding findElement on session 1f877272be7ad668daf7bccb5610df9a to remote] DEBUG org.apache.http.impl.conn.PoolingHttpClientConnectionManager - Connection request: [route: {}->http://localhost:41943][total kept alive: 31; route allocated: 1 of 2000; total allocated: 31 of 2000]
11:24:41.808 [Forwarding findElement on session 1f877272be7ad668daf7bccb5610df9a to remote] DEBUG org.apache.http.impl.conn.PoolingHttpClientConnectionManager - Connection leased: [id: 30][route: {}->http://localhost:41943][total kept alive: 30; route allocated: 1 of 2000; total allocated: 31 of 2000]
11:24:41.808 [Forwarding findElement on session 1f877272be7ad668daf7bccb5610df9a to remote] DEBUG org.apache.http.impl.execchain.MainClientExec - Stale connection check
11:24:41.809 [Forwarding findElement on session 1f877272be7ad668daf7bccb5610df9a to remote] DEBUG org.apache.http.wire - http-outgoing-30 << "[read] I/O error: Read timed out"
11:24:41.809 [Forwarding findElement on session 1f877272be7ad668daf7bccb5610df9a to remote] DEBUG org.apache.http.impl.conn.DefaultManagedHttpClientConnection - http-outgoing-30: set socket timeout to 10800000
11:24:41.809 [Forwarding findElement on session 1f877272be7ad668daf7bccb5610df9a to remote] DEBUG org.apache.http.impl.execchain.MainClientExec - Executing request POST /session/1f877272be7ad668daf7bccb5610df9a/element HTTP/1.1
11:24:41.809 [Forwarding findElement on session 1f877272be7ad668daf7bccb5610df9a to remote] DEBUG org.apache.http.impl.execchain.MainClientExec - Target auth state: UNCHALLENGED
11:24:41.809 [Forwarding findElement on session 1f877272be7ad668daf7bccb5610df9a to remote] DEBUG org.apache.http.impl.execchain.MainClientExec - Proxy auth state: UNCHALLENGED
11:24:41.809 [Forwarding findElement on session 1f877272be7ad668daf7bccb5610df9a to remote] DEBUG org.apache.http.headers - http-outgoing-30 >> POST /session/1f877272be7ad668daf7bccb5610df9a/element HTTP/1.1
11:24:41.809 [Forwarding findElement on session 1f877272be7ad668daf7bccb5610df9a to remote] DEBUG org.apache.http.headers - http-outgoing-30 >> Content-Type: application/json; charset=utf-8
11:24:41.809 [Forwarding findElement on session 1f877272be7ad668daf7bccb5610df9a to remote] DEBUG org.apache.http.headers - http-outgoing-30 >> Content-Length: 82
11:24:41.809 [Forwarding findElement on session 1f877272be7ad668daf7bccb5610df9a to remote] DEBUG org.apache.http.headers - http-outgoing-30 >> Host: localhost:41943
11:24:41.809 [Forwarding findElement on session 1f877272be7ad668daf7bccb5610df9a to remote] DEBUG org.apache.http.headers - http-outgoing-30 >> Connection: Keep-Alive
11:24:41.809 [Forwarding findElement on session 1f877272be7ad668daf7bccb5610df9a to remote] DEBUG org.apache.http.headers - http-outgoing-30 >> User-Agent: Apache-HttpClient/4.5.3 (Java/1.8.0_211)
11:24:41.809 [Forwarding findElement on session 1f877272be7ad668daf7bccb5610df9a to remote] DEBUG org.apache.http.headers - http-outgoing-30 >> Accept-Encoding: gzip,deflate
11:24:41.809 [Forwarding findElement on session 1f877272be7ad668daf7bccb5610df9a to remote] DEBUG org.apache.http.wire - http-outgoing-30 >> "POST /session/1f877272be7ad668daf7bccb5610df9a/element HTTP/1.1[\r][\n]"
11:24:41.809 [Forwarding findElement on session 1f877272be7ad668daf7bccb5610df9a to remote] DEBUG org.apache.http.wire - http-outgoing-30 >> "Content-Type: application/json; charset=utf-8[\r][\n]"
11:24:41.809 [Forwarding findElement on session 1f877272be7ad668daf7bccb5610df9a to remote] DEBUG org.apache.http.wire - http-outgoing-30 >> "Content-Length: 82[\r][\n]"
11:24:41.809 [Forwarding findElement on session 1f877272be7ad668daf7bccb5610df9a to remote] DEBUG org.apache.http.wire - http-outgoing-30 >> "Host: localhost:41943[\r][\n]"
11:24:41.809 [Forwarding findElement on session 1f877272be7ad668daf7bccb5610df9a to remote] DEBUG org.apache.http.wire - http-outgoing-30 >> "Connection: Keep-Alive[\r][\n]"
11:24:41.809 [Forwarding findElement on session 1f877272be7ad668daf7bccb5610df9a to remote] DEBUG org.apache.http.wire - http-outgoing-30 >> "User-Agent: Apache-HttpClient/4.5.3 (Java/1.8.0_211)[\r][\n]"
11:24:41.809 [Forwarding findElement on session 1f877272be7ad668daf7bccb5610df9a to remote] DEBUG org.apache.http.wire - http-outgoing-30 >> "Accept-Encoding: gzip,deflate[\r][\n]"
11:24:41.809 [Forwarding findElement on session 1f877272be7ad668daf7bccb5610df9a to remote] DEBUG org.apache.http.wire - http-outgoing-30 >> "[\r][\n]"
11:24:41.809 [Forwarding findElement on session 1f877272be7ad668daf7bccb5610df9a to remote] DEBUG org.apache.http.wire - http-outgoing-30 >> "{"value":".ant-table-row:nth-child(1) .ellipsis_box_start","using":"css selector"}"
11:24:42.644 [Forwarding findElement on session 1f877272be7ad668daf7bccb5610df9a to remote] DEBUG org.apache.http.wire - http-outgoing-30 << "HTTP/1.1 200 OK[\r][\n]"
11:24:42.644 [Forwarding findElement on session 1f877272be7ad668daf7bccb5610df9a to remote] DEBUG org.apache.http.wire - http-outgoing-30 << "Content-Length:88[\r][\n]"
11:24:42.644 [Forwarding findElement on session 1f877272be7ad668daf7bccb5610df9a to remote] DEBUG org.apache.http.wire - http-outgoing-30 << "Content-Type:application/json; charset=utf-8[\r][\n]"
11:24:42.644 [Forwarding findElement on session 1f877272be7ad668daf7bccb5610df9a to remote] DEBUG org.apache.http.wire - http-outgoing-30 << "cache-control:no-cache[\r][\n]"
11:24:42.644 [Forwarding findElement on session 1f877272be7ad668daf7bccb5610df9a to remote] DEBUG org.apache.http.wire - http-outgoing-30 << "[\r][\n]"
11:24:42.644 [Forwarding findElement on session 1f877272be7ad668daf7bccb5610df9a to remote] DEBUG org.apache.http.wire - http-outgoing-30 << "{"value":{"element-6066-11e4-a52e-4f735466cecf":"c207cb26-ef1e-4da2-bae8-5f1008b34f5e"}}"
11:24:42.644 [Forwarding findElement on session 1f877272be7ad668daf7bccb5610df9a to remote] DEBUG org.apache.http.headers - http-outgoing-30 << HTTP/1.1 200 OK
11:24:42.644 [Forwarding findElement on session 1f877272be7ad668daf7bccb5610df9a to remote] DEBUG org.apache.http.headers - http-outgoing-30 << Content-Length:88
11:24:42.644 [Forwarding findElement on session 1f877272be7ad668daf7bccb5610df9a to remote] DEBUG org.apache.http.headers - http-outgoing-30 << Content-Type:application/json; charset=utf-8
11:24:42.644 [Forwarding findElement on session 1f877272be7ad668daf7bccb5610df9a to remote] DEBUG org.apache.http.headers - http-outgoing-30 << cache-control:no-cache
11:24:42.644 [Forwarding findElement on session 1f877272be7ad668daf7bccb5610df9a to remote] DEBUG org.apache.http.impl.execchain.MainClientExec - Connection can be kept alive indefinitely
11:24:42.644 [Forwarding findElement on session 1f877272be7ad668daf7bccb5610df9a to remote] DEBUG org.apache.http.impl.conn.PoolingHttpClientConnectionManager - Connection [id: 30][route: {}->http://localhost:41943] can be kept alive indefinitely
11:24:42.644 [Forwarding findElement on session 1f877272be7ad668daf7bccb5610df9a to remote] DEBUG org.apache.http.impl.conn.PoolingHttpClientConnectionManager - Connection released: [id: 30][route: {}->http://localhost:41943][total kept alive: 31; route allocated: 1 of 2000; total allocated: 31 of 2000]
11:24:42.645 [Forwarding clickElement on session 1f877272be7ad668daf7bccb5610df9a to remote] DEBUG org.apache.http.client.protocol.RequestAddCookies - CookieSpec selected: default
11:24:42.645 [Forwarding clickElement on session 1f877272be7ad668daf7bccb5610df9a to remote] DEBUG org.apache.http.client.protocol.RequestAuthCache - Auth cache not set in the context
11:24:42.645 [Forwarding clickElement on session 1f877272be7ad668daf7bccb5610df9a to remote] DEBUG org.apache.http.impl.conn.PoolingHttpClientConnectionManager - Connection request: [route: {}->http://localhost:41943][total kept alive: 31; route allocated: 1 of 2000; total allocated: 31 of 2000]
11:24:42.645 [Forwarding clickElement on session 1f877272be7ad668daf7bccb5610df9a to remote] DEBUG org.apache.http.impl.conn.PoolingHttpClientConnectionManager - Connection leased: [id: 30][route: {}->http://localhost:41943][total kept alive: 30; route allocated: 1 of 2000; total allocated: 31 of 2000]
11:24:42.645 [Forwarding clickElement on session 1f877272be7ad668daf7bccb5610df9a to remote] DEBUG org.apache.http.impl.execchain.MainClientExec - Stale connection check
11:24:42.646 [Forwarding clickElement on session 1f877272be7ad668daf7bccb5610df9a to remote] DEBUG org.apache.http.wire - http-outgoing-30 << "[read] I/O error: Read timed out"
11:24:42.646 [Forwarding clickElement on session 1f877272be7ad668daf7bccb5610df9a to remote] DEBUG org.apache.http.impl.conn.DefaultManagedHttpClientConnection - http-outgoing-30: set socket timeout to 10800000
11:24:42.646 [Forwarding clickElement on session 1f877272be7ad668daf7bccb5610df9a to remote] DEBUG org.apache.http.impl.execchain.MainClientExec - Executing request POST /session/1f877272be7ad668daf7bccb5610df9a/element/c207cb26-ef1e-4da2-bae8-5f1008b34f5e/click HTTP/1.1
11:24:42.646 [Forwarding clickElement on session 1f877272be7ad668daf7bccb5610df9a to remote] DEBUG org.apache.http.impl.execchain.MainClientExec - Target auth state: UNCHALLENGED
11:24:42.646 [Forwarding clickElement on session 1f877272be7ad668daf7bccb5610df9a to remote] DEBUG org.apache.http.impl.execchain.MainClientExec - Proxy auth state: UNCHALLENGED
11:24:42.646 [Forwarding clickElement on session 1f877272be7ad668daf7bccb5610df9a to remote] DEBUG org.apache.http.headers - http-outgoing-30 >> POST /session/1f877272be7ad668daf7bccb5610df9a/element/c207cb26-ef1e-4da2-bae8-5f1008b34f5e/click HTTP/1.1
11:24:42.646 [Forwarding clickElement on session 1f877272be7ad668daf7bccb5610df9a to remote] DEBUG org.apache.http.headers - http-outgoing-30 >> Content-Type: application/json; charset=utf-8
11:24:42.646 [Forwarding clickElement on session 1f877272be7ad668daf7bccb5610df9a to remote] DEBUG org.apache.http.headers - http-outgoing-30 >> Content-Length: 45
11:24:42.646 [Forwarding clickElement on session 1f877272be7ad668daf7bccb5610df9a to remote] DEBUG org.apache.http.headers - http-outgoing-30 >> Host: localhost:41943
11:24:42.646 [Forwarding clickElement on session 1f877272be7ad668daf7bccb5610df9a to remote] DEBUG org.apache.http.headers - http-outgoing-30 >> Connection: Keep-Alive
11:24:42.646 [Forwarding clickElement on session 1f877272be7ad668daf7bccb5610df9a to remote] DEBUG org.apache.http.headers - http-outgoing-30 >> User-Agent: Apache-HttpClient/4.5.3 (Java/1.8.0_211)
11:24:42.646 [Forwarding clickElement on session 1f877272be7ad668daf7bccb5610df9a to remote] DEBUG org.apache.http.headers - http-outgoing-30 >> Accept-Encoding: gzip,deflate
11:24:42.647 [Forwarding clickElement on session 1f877272be7ad668daf7bccb5610df9a to remote] DEBUG org.apache.http.wire - http-outgoing-30 >> "POST /session/1f877272be7ad668daf7bccb5610df9a/element/c207cb26-ef1e-4da2-bae8-5f1008b34f5e/click HTTP/1.1[\r][\n]"
11:24:42.647 [Forwarding clickElement on session 1f877272be7ad668daf7bccb5610df9a to remote] DEBUG org.apache.http.wire - http-outgoing-30 >> "Content-Type: application/json; charset=utf-8[\r][\n]"
11:24:42.647 [Forwarding clickElement on session 1f877272be7ad668daf7bccb5610df9a to remote] DEBUG org.apache.http.wire - http-outgoing-30 >> "Content-Length: 45[\r][\n]"
11:24:42.647 [Forwarding clickElement on session 1f877272be7ad668daf7bccb5610df9a to remote] DEBUG org.apache.http.wire - http-outgoing-30 >> "Host: localhost:41943[\r][\n]"
11:24:42.647 [Forwarding clickElement on session 1f877272be7ad668daf7bccb5610df9a to remote] DEBUG org.apache.http.wire - http-outgoing-30 >> "Connection: Keep-Alive[\r][\n]"
11:24:42.647 [Forwarding clickElement on session 1f877272be7ad668daf7bccb5610df9a to remote] DEBUG org.apache.http.wire - http-outgoing-30 >> "User-Agent: Apache-HttpClient/4.5.3 (Java/1.8.0_211)[\r][\n]"
11:24:42.647 [Forwarding clickElement on session 1f877272be7ad668daf7bccb5610df9a to remote] DEBUG org.apache.http.wire - http-outgoing-30 >> "Accept-Encoding: gzip,deflate[\r][\n]"
11:24:42.647 [Forwarding clickElement on session 1f877272be7ad668daf7bccb5610df9a to remote] DEBUG org.apache.http.wire - http-outgoing-30 >> "[\r][\n]"
11:24:42.647 [Forwarding clickElement on session 1f877272be7ad668daf7bccb5610df9a to remote] DEBUG org.apache.http.wire - http-outgoing-30 >> "{"id":"c207cb26-ef1e-4da2-bae8-5f1008b34f5e"}"
11:24:42.709 [Forwarding clickElement on session 1f877272be7ad668daf7bccb5610df9a to remote] DEBUG org.apache.http.wire - http-outgoing-30 << "HTTP/1.1 200 OK[\r][\n]"
11:24:42.709 [Forwarding clickElement on session 1f877272be7ad668daf7bccb5610df9a to remote] DEBUG org.apache.http.wire - http-outgoing-30 << "Content-Length:14[\r][\n]"
11:24:42.709 [Forwarding clickElement on session 1f877272be7ad668daf7bccb5610df9a to remote] DEBUG org.apache.http.wire - http-outgoing-30 << "Content-Type:application/json; charset=utf-8[\r][\n]"
11:24:42.709 [Forwarding clickElement on session 1f877272be7ad668daf7bccb5610df9a to remote] DEBUG org.apache.http.wire - http-outgoing-30 << "cache-control:no-cache[\r][\n]"
11:24:42.709 [Forwarding clickElement on session 1f877272be7ad668daf7bccb5610df9a to remote] DEBUG org.apache.http.wire - http-outgoing-30 << "[\r][\n]"
11:24:42.709 [Forwarding clickElement on session 1f877272be7ad668daf7bccb5610df9a to remote] DEBUG org.apache.http.wire - http-outgoing-30 << "{"value":null}"
11:24:42.709 [Forwarding clickElement on session 1f877272be7ad668daf7bccb5610df9a to remote] DEBUG org.apache.http.headers - http-outgoing-30 << HTTP/1.1 200 OK
11:24:42.709 [Forwarding clickElement on session 1f877272be7ad668daf7bccb5610df9a to remote] DEBUG org.apache.http.headers - http-outgoing-30 << Content-Length:14
11:24:42.709 [Forwarding clickElement on session 1f877272be7ad668daf7bccb5610df9a to remote] DEBUG org.apache.http.headers - http-outgoing-30 << Content-Type:application/json; charset=utf-8
11:24:42.709 [Forwarding clickElement on session 1f877272be7ad668daf7bccb5610df9a to remote] DEBUG org.apache.http.headers - http-outgoing-30 << cache-control:no-cache
11:24:42.709 [Forwarding clickElement on session 1f877272be7ad668daf7bccb5610df9a to remote] DEBUG org.apache.http.impl.execchain.MainClientExec - Connection can be kept alive indefinitely
11:24:42.710 [Forwarding clickElement on session 1f877272be7ad668daf7bccb5610df9a to remote] DEBUG org.apache.http.impl.conn.PoolingHttpClientConnectionManager - Connection [id: 30][route: {}->http://localhost:41943] can be kept alive indefinitely
11:24:42.710 [Forwarding clickElement on session 1f877272be7ad668daf7bccb5610df9a to remote] DEBUG org.apache.http.impl.conn.PoolingHttpClientConnectionManager - Connection released: [id: 30][route: {}->http://localhost:41943][total kept alive: 31; route allocated: 1 of 2000; total allocated: 31 of 2000]
11:24:42.710 [Forwarding findElement on session 1f877272be7ad668daf7bccb5610df9a to remote] DEBUG org.apache.http.client.protocol.RequestAddCookies - CookieSpec selected: default
11:24:42.710 [Forwarding findElement on session 1f877272be7ad668daf7bccb5610df9a to remote] DEBUG org.apache.http.client.protocol.RequestAuthCache - Auth cache not set in the context
11:24:42.710 [Forwarding findElement on session 1f877272be7ad668daf7bccb5610df9a to remote] DEBUG org.apache.http.impl.conn.PoolingHttpClientConnectionManager - Connection request: [route: {}->http://localhost:41943][total kept alive: 31; route allocated: 1 of 2000; total allocated: 31 of 2000]
11:24:42.710 [Forwarding findElement on session 1f877272be7ad668daf7bccb5610df9a to remote] DEBUG org.apache.http.impl.conn.PoolingHttpClientConnectionManager - Connection leased: [id: 30][route: {}->http://localhost:41943][total kept alive: 30; route allocated: 1 of 2000; total allocated: 31 of 2000]
11:24:42.710 [Forwarding findElement on session 1f877272be7ad668daf7bccb5610df9a to remote] DEBUG org.apache.http.impl.execchain.MainClientExec - Stale connection check
11:24:42.711 [Forwarding findElement on session 1f877272be7ad668daf7bccb5610df9a to remote] DEBUG org.apache.http.wire - http-outgoing-30 << "[read] I/O error: Read timed out"
11:24:42.711 [Forwarding findElement on session 1f877272be7ad668daf7bccb5610df9a to remote] DEBUG org.apache.http.impl.conn.DefaultManagedHttpClientConnection - http-outgoing-30: set socket timeout to 10800000
11:24:42.711 [Forwarding findElement on session 1f877272be7ad668daf7bccb5610df9a to remote] DEBUG org.apache.http.impl.execchain.MainClientExec - Executing request POST /session/1f877272be7ad668daf7bccb5610df9a/element HTTP/1.1
11:24:42.711 [Forwarding findElement on session 1f877272be7ad668daf7bccb5610df9a to remote] DEBUG org.apache.http.impl.execchain.MainClientExec - Target auth state: UNCHALLENGED
11:24:42.711 [Forwarding findElement on session 1f877272be7ad668daf7bccb5610df9a to remote] DEBUG org.apache.http.impl.execchain.MainClientExec - Proxy auth state: UNCHALLENGED
11:24:42.711 [Forwarding findElement on session 1f877272be7ad668daf7bccb5610df9a to remote] DEBUG org.apache.http.headers - http-outgoing-30 >> POST /session/1f877272be7ad668daf7bccb5610df9a/element HTTP/1.1
11:24:42.711 [Forwarding findElement on session 1f877272be7ad668daf7bccb5610df9a to remote] DEBUG org.apache.http.headers - http-outgoing-30 >> Content-Type: application/json; charset=utf-8
11:24:42.711 [Forwarding findElement on session 1f877272be7ad668daf7bccb5610df9a to remote] DEBUG org.apache.http.headers - http-outgoing-30 >> Content-Length: 59
11:24:42.711 [Forwarding findElement on session 1f877272be7ad668daf7bccb5610df9a to remote] DEBUG org.apache.http.headers - http-outgoing-30 >> Host: localhost:41943
11:24:42.711 [Forwarding findElement on session 1f877272be7ad668daf7bccb5610df9a to remote] DEBUG org.apache.http.headers - http-outgoing-30 >> Connection: Keep-Alive
11:24:42.711 [Forwarding findElement on session 1f877272be7ad668daf7bccb5610df9a to remote] DEBUG org.apache.http.headers - http-outgoing-30 >> User-Agent: Apache-HttpClient/4.5.3 (Java/1.8.0_211)
11:24:42.711 [Forwarding findElement on session 1f877272be7ad668daf7bccb5610df9a to remote] DEBUG org.apache.http.headers - http-outgoing-30 >> Accept-Encoding: gzip,deflate
11:24:42.711 [Forwarding findElement on session 1f877272be7ad668daf7bccb5610df9a to remote] DEBUG org.apache.http.wire - http-outgoing-30 >> "POST /session/1f877272be7ad668daf7bccb5610df9a/element HTTP/1.1[\r][\n]"
11:24:42.711 [Forwarding findElement on session 1f877272be7ad668daf7bccb5610df9a to remote] DEBUG org.apache.http.wire - http-outgoing-30 >> "Content-Type: application/json; charset=utf-8[\r][\n]"
11:24:42.711 [Forwarding findElement on session 1f877272be7ad668daf7bccb5610df9a to remote] DEBUG org.apache.http.wire - http-outgoing-30 >> "Content-Length: 59[\r][\n]"
11:24:42.711 [Forwarding findElement on session 1f877272be7ad668daf7bccb5610df9a to remote] DEBUG org.apache.http.wire - http-outgoing-30 >> "Host: localhost:41943[\r][\n]"
11:24:42.711 [Forwarding findElement on session 1f877272be7ad668daf7bccb5610df9a to remote] DEBUG org.apache.http.wire - http-outgoing-30 >> "Connection: Keep-Alive[\r][\n]"
11:24:42.711 [Forwarding findElement on session 1f877272be7ad668daf7bccb5610df9a to remote] DEBUG org.apache.http.wire - http-outgoing-30 >> "User-Agent: Apache-HttpClient/4.5.3 (Java/1.8.0_211)[\r][\n]"
11:24:42.711 [Forwarding findElement on session 1f877272be7ad668daf7bccb5610df9a to remote] DEBUG org.apache.http.wire - http-outgoing-30 >> "Accept-Encoding: gzip,deflate[\r][\n]"
11:24:42.711 [Forwarding findElement on session 1f877272be7ad668daf7bccb5610df9a to remote] DEBUG org.apache.http.wire - http-outgoing-30 >> "[\r][\n]"
11:24:42.711 [Forwarding findElement on session 1f877272be7ad668daf7bccb5610df9a to remote] DEBUG org.apache.http.wire - http-outgoing-30 >> "{"value":".block-status-tag > span","using":"css selector"}"
11:24:44.439 [Forwarding findElement on session 1f877272be7ad668daf7bccb5610df9a to remote] DEBUG org.apache.http.wire - http-outgoing-30 << "HTTP/1.1 200 OK[\r][\n]"
11:24:44.439 [Forwarding findElement on session 1f877272be7ad668daf7bccb5610df9a to remote] DEBUG org.apache.http.wire - http-outgoing-30 << "Content-Length:88[\r][\n]"
11:24:44.439 [Forwarding findElement on session 1f877272be7ad668daf7bccb5610df9a to remote] DEBUG org.apache.http.wire - http-outgoing-30 << "Content-Type:application/json; charset=utf-8[\r][\n]"
11:24:44.439 [Forwarding findElement on session 1f877272be7ad668daf7bccb5610df9a to remote] DEBUG org.apache.http.wire - http-outgoing-30 << "cache-control:no-cache[\r][\n]"
11:24:44.439 [Forwarding findElement on session 1f877272be7ad668daf7bccb5610df9a to remote] DEBUG org.apache.http.wire - http-outgoing-30 << "[\r][\n]"
11:24:44.439 [Forwarding findElement on session 1f877272be7ad668daf7bccb5610df9a to remote] DEBUG org.apache.http.wire - http-outgoing-30 << "{"value":{"element-6066-11e4-a52e-4f735466cecf":"8845dbd9-003f-4e40-9105-ca76ccf19e19"}}"
11:24:44.439 [Forwarding findElement on session 1f877272be7ad668daf7bccb5610df9a to remote] DEBUG org.apache.http.headers - http-outgoing-30 << HTTP/1.1 200 OK
11:24:44.439 [Forwarding findElement on session 1f877272be7ad668daf7bccb5610df9a to remote] DEBUG org.apache.http.headers - http-outgoing-30 << Content-Length:88
11:24:44.439 [Forwarding findElement on session 1f877272be7ad668daf7bccb5610df9a to remote] DEBUG org.apache.http.headers - http-outgoing-30 << Content-Type:application/json; charset=utf-8
11:24:44.439 [Forwarding findElement on session 1f877272be7ad668daf7bccb5610df9a to remote] DEBUG org.apache.http.headers - http-outgoing-30 << cache-control:no-cache
11:24:44.439 [Forwarding findElement on session 1f877272be7ad668daf7bccb5610df9a to remote] DEBUG org.apache.http.impl.execchain.MainClientExec - Connection can be kept alive indefinitely
11:24:44.439 [Forwarding findElement on session 1f877272be7ad668daf7bccb5610df9a to remote] DEBUG org.apache.http.impl.conn.PoolingHttpClientConnectionManager - Connection [id: 30][route: {}->http://localhost:41943] can be kept alive indefinitely
11:24:44.439 [Forwarding findElement on session 1f877272be7ad668daf7bccb5610df9a to remote] DEBUG org.apache.http.impl.conn.PoolingHttpClientConnectionManager - Connection released: [id: 30][route: {}->http://localhost:41943][total kept alive: 31; route allocated: 1 of 2000; total allocated: 31 of 2000]
11:24:44.440 [Forwarding getElementText on session 1f877272be7ad668daf7bccb5610df9a to remote] DEBUG org.apache.http.client.protocol.RequestAddCookies - CookieSpec selected: default
11:24:44.440 [Forwarding getElementText on session 1f877272be7ad668daf7bccb5610df9a to remote] DEBUG org.apache.http.client.protocol.RequestAuthCache - Auth cache not set in the context
11:24:44.440 [Forwarding getElementText on session 1f877272be7ad668daf7bccb5610df9a to remote] DEBUG org.apache.http.impl.conn.PoolingHttpClientConnectionManager - Connection request: [route: {}->http://localhost:41943][total kept alive: 31; route allocated: 1 of 2000; total allocated: 31 of 2000]
11:24:44.440 [Forwarding getElementText on session 1f877272be7ad668daf7bccb5610df9a to remote] DEBUG org.apache.http.impl.conn.PoolingHttpClientConnectionManager - Connection leased: [id: 30][route: {}->http://localhost:41943][total kept alive: 30; route allocated: 1 of 2000; total allocated: 31 of 2000]
11:24:44.440 [Forwarding getElementText on session 1f877272be7ad668daf7bccb5610df9a to remote] DEBUG org.apache.http.impl.execchain.MainClientExec - Stale connection check
11:24:44.441 [Forwarding getElementText on session 1f877272be7ad668daf7bccb5610df9a to remote] DEBUG org.apache.http.wire - http-outgoing-30 << "[read] I/O error: Read timed out"
11:24:44.441 [Forwarding getElementText on session 1f877272be7ad668daf7bccb5610df9a to remote] DEBUG org.apache.http.impl.conn.DefaultManagedHttpClientConnection - http-outgoing-30: set socket timeout to 10800000
11:24:44.441 [Forwarding getElementText on session 1f877272be7ad668daf7bccb5610df9a to remote] DEBUG org.apache.http.impl.execchain.MainClientExec - Executing request GET /session/1f877272be7ad668daf7bccb5610df9a/element/8845dbd9-003f-4e40-9105-ca76ccf19e19/text HTTP/1.1
11:24:44.441 [Forwarding getElementText on session 1f877272be7ad668daf7bccb5610df9a to remote] DEBUG org.apache.http.impl.execchain.MainClientExec - Target auth state: UNCHALLENGED
11:24:44.441 [Forwarding getElementText on session 1f877272be7ad668daf7bccb5610df9a to remote] DEBUG org.apache.http.impl.execchain.MainClientExec - Proxy auth state: UNCHALLENGED
11:24:44.441 [Forwarding getElementText on session 1f877272be7ad668daf7bccb5610df9a to remote] DEBUG org.apache.http.headers - http-outgoing-30 >> GET /session/1f877272be7ad668daf7bccb5610df9a/element/8845dbd9-003f-4e40-9105-ca76ccf19e19/text HTTP/1.1
11:24:44.441 [Forwarding getElementText on session 1f877272be7ad668daf7bccb5610df9a to remote] DEBUG org.apache.http.headers - http-outgoing-30 >> Cache-Control: no-cache
11:24:44.441 [Forwarding getElementText on session 1f877272be7ad668daf7bccb5610df9a to remote] DEBUG org.apache.http.headers - http-outgoing-30 >> Host: localhost:41943
11:24:44.441 [Forwarding getElementText on session 1f877272be7ad668daf7bccb5610df9a to remote] DEBUG org.apache.http.headers - http-outgoing-30 >> Connection: Keep-Alive
11:24:44.441 [Forwarding getElementText on session 1f877272be7ad668daf7bccb5610df9a to remote] DEBUG org.apache.http.headers - http-outgoing-30 >> User-Agent: Apache-HttpClient/4.5.3 (Java/1.8.0_211)
11:24:44.441 [Forwarding getElementText on session 1f877272be7ad668daf7bccb5610df9a to remote] DEBUG org.apache.http.headers - http-outgoing-30 >> Accept-Encoding: gzip,deflate
11:24:44.441 [Forwarding getElementText on session 1f877272be7ad668daf7bccb5610df9a to remote] DEBUG org.apache.http.wire - http-outgoing-30 >> "GET /session/1f877272be7ad668daf7bccb5610df9a/element/8845dbd9-003f-4e40-9105-ca76ccf19e19/text HTTP/1.1[\r][\n]"
11:24:44.441 [Forwarding getElementText on session 1f877272be7ad668daf7bccb5610df9a to remote] DEBUG org.apache.http.wire - http-outgoing-30 >> "Cache-Control: no-cache[\r][\n]"
11:24:44.441 [Forwarding getElementText on session 1f877272be7ad668daf7bccb5610df9a to remote] DEBUG org.apache.http.wire - http-outgoing-30 >> "Host: localhost:41943[\r][\n]"
11:24:44.441 [Forwarding getElementText on session 1f877272be7ad668daf7bccb5610df9a to remote] DEBUG org.apache.http.wire - http-outgoing-30 >> "Connection: Keep-Alive[\r][\n]"
11:24:44.441 [Forwarding getElementText on session 1f877272be7ad668daf7bccb5610df9a to remote] DEBUG org.apache.http.wire - http-outgoing-30 >> "User-Agent: Apache-HttpClient/4.5.3 (Java/1.8.0_211)[\r][\n]"
11:24:44.442 [Forwarding getElementText on session 1f877272be7ad668daf7bccb5610df9a to remote] DEBUG org.apache.http.wire - http-outgoing-30 >> "Accept-Encoding: gzip,deflate[\r][\n]"
11:24:44.442 [Forwarding getElementText on session 1f877272be7ad668daf7bccb5610df9a to remote] DEBUG org.apache.http.wire - http-outgoing-30 >> "[\r][\n]"
11:24:44.450 [Forwarding getElementText on session 1f877272be7ad668daf7bccb5610df9a to remote] DEBUG org.apache.http.wire - http-outgoing-30 << "HTTP/1.1 200 OK[\r][\n]"
11:24:44.450 [Forwarding getElementText on session 1f877272be7ad668daf7bccb5610df9a to remote] DEBUG org.apache.http.wire - http-outgoing-30 << "Content-Length:33[\r][\n]"
11:24:44.450 [Forwarding getElementText on session 1f877272be7ad668daf7bccb5610df9a to remote] DEBUG org.apache.http.wire - http-outgoing-30 << "Content-Type:application/json; charset=utf-8[\r][\n]"
11:24:44.450 [Forwarding getElementText on session 1f877272be7ad668daf7bccb5610df9a to remote] DEBUG org.apache.http.wire - http-outgoing-30 << "cache-control:no-cache[\r][\n]"
11:24:44.450 [Forwarding getElementText on session 1f877272be7ad668daf7bccb5610df9a to remote] DEBUG org.apache.http.wire - http-outgoing-30 << "[\r][\n]"
11:24:44.450 [Forwarding getElementText on session 1f877272be7ad668daf7bccb5610df9a to remote] DEBUG org.apache.http.wire - http-outgoing-30 << "{"value":"confirmed by 2 blocks"}"
11:24:44.450 [Forwarding getElementText on session 1f877272be7ad668daf7bccb5610df9a to remote] DEBUG org.apache.http.headers - http-outgoing-30 << HTTP/1.1 200 OK
11:24:44.450 [Forwarding getElementText on session 1f877272be7ad668daf7bccb5610df9a to remote] DEBUG org.apache.http.headers - http-outgoing-30 << Content-Length:33
11:24:44.450 [Forwarding getElementText on session 1f877272be7ad668daf7bccb5610df9a to remote] DEBUG org.apache.http.headers - http-outgoing-30 << Content-Type:application/json; charset=utf-8
11:24:44.450 [Forwarding getElementText on session 1f877272be7ad668daf7bccb5610df9a to remote] DEBUG org.apache.http.headers - http-outgoing-30 << cache-control:no-cache
11:24:44.450 [Forwarding getElementText on session 1f877272be7ad668daf7bccb5610df9a to remote] DEBUG org.apache.http.impl.execchain.MainClientExec - Connection can be kept alive indefinitely
11:24:44.450 [Forwarding getElementText on session 1f877272be7ad668daf7bccb5610df9a to remote] DEBUG org.apache.http.impl.conn.PoolingHttpClientConnectionManager - Connection [id: 30][route: {}->http://localhost:41943] can be kept alive indefinitely
11:24:44.450 [Forwarding getElementText on session 1f877272be7ad668daf7bccb5610df9a to remote] DEBUG org.apache.http.impl.conn.PoolingHttpClientConnectionManager - Connection released: [id: 30][route: {}->http://localhost:41943][total kept alive: 31; route allocated: 1 of 2000; total allocated: 31 of 2000]
11:24:44.451 [Forwarding findElement on session 1f877272be7ad668daf7bccb5610df9a to remote] DEBUG org.apache.http.client.protocol.RequestAddCookies - CookieSpec selected: default
11:24:44.451 [Forwarding findElement on session 1f877272be7ad668daf7bccb5610df9a to remote] DEBUG org.apache.http.client.protocol.RequestAuthCache - Auth cache not set in the context
11:24:44.451 [Forwarding findElement on session 1f877272be7ad668daf7bccb5610df9a to remote] DEBUG org.apache.http.impl.conn.PoolingHttpClientConnectionManager - Connection request: [route: {}->http://localhost:41943][total kept alive: 31; route allocated: 1 of 2000; total allocated: 31 of 2000]
11:24:44.451 [Forwarding findElement on session 1f877272be7ad668daf7bccb5610df9a to remote] DEBUG org.apache.http.impl.conn.PoolingHttpClientConnectionManager - Connection leased: [id: 30][route: {}->http://localhost:41943][total kept alive: 30; route allocated: 1 of 2000; total allocated: 31 of 2000]
11:24:44.451 [Forwarding findElement on session 1f877272be7ad668daf7bccb5610df9a to remote] DEBUG org.apache.http.impl.execchain.MainClientExec - Stale connection check
11:24:44.452 [Forwarding findElement on session 1f877272be7ad668daf7bccb5610df9a to remote] DEBUG org.apache.http.wire - http-outgoing-30 << "[read] I/O error: Read timed out"
11:24:44.452 [Forwarding findElement on session 1f877272be7ad668daf7bccb5610df9a to remote] DEBUG org.apache.http.impl.conn.DefaultManagedHttpClientConnection - http-outgoing-30: set socket timeout to 10800000
11:24:44.452 [Forwarding findElement on session 1f877272be7ad668daf7bccb5610df9a to remote] DEBUG org.apache.http.impl.execchain.MainClientExec - Executing request POST /session/1f877272be7ad668daf7bccb5610df9a/element HTTP/1.1
11:24:44.452 [Forwarding findElement on session 1f877272be7ad668daf7bccb5610df9a to remote] DEBUG org.apache.http.impl.execchain.MainClientExec - Target auth state: UNCHALLENGED
11:24:44.452 [Forwarding findElement on session 1f877272be7ad668daf7bccb5610df9a to remote] DEBUG org.apache.http.impl.execchain.MainClientExec - Proxy auth state: UNCHALLENGED
11:24:44.452 [Forwarding findElement on session 1f877272be7ad668daf7bccb5610df9a to remote] DEBUG org.apache.http.headers - http-outgoing-30 >> POST /session/1f877272be7ad668daf7bccb5610df9a/element HTTP/1.1
11:24:44.452 [Forwarding findElement on session 1f877272be7ad668daf7bccb5610df9a to remote] DEBUG org.apache.http.headers - http-outgoing-30 >> Content-Type: application/json; charset=utf-8
11:24:44.452 [Forwarding findElement on session 1f877272be7ad668daf7bccb5610df9a to remote] DEBUG org.apache.http.headers - http-outgoing-30 >> Content-Length: 48
11:24:44.452 [Forwarding findElement on session 1f877272be7ad668daf7bccb5610df9a to remote] DEBUG org.apache.http.headers - http-outgoing-30 >> Host: localhost:41943
11:24:44.452 [Forwarding findElement on session 1f877272be7ad668daf7bccb5610df9a to remote] DEBUG org.apache.http.headers - http-outgoing-30 >> Connection: Keep-Alive
11:24:44.452 [Forwarding findElement on session 1f877272be7ad668daf7bccb5610df9a to remote] DEBUG org.apache.http.headers - http-outgoing-30 >> User-Agent: Apache-HttpClient/4.5.3 (Java/1.8.0_211)
11:24:44.452 [Forwarding findElement on session 1f877272be7ad668daf7bccb5610df9a to remote] DEBUG org.apache.http.headers - http-outgoing-30 >> Accept-Encoding: gzip,deflate
11:24:44.452 [Forwarding findElement on session 1f877272be7ad668daf7bccb5610df9a to remote] DEBUG org.apache.http.wire - http-outgoing-30 >> "POST /session/1f877272be7ad668daf7bccb5610df9a/element HTTP/1.1[\r][\n]"
11:24:44.452 [Forwarding findElement on session 1f877272be7ad668daf7bccb5610df9a to remote] DEBUG org.apache.http.wire - http-outgoing-30 >> "Content-Type: application/json; charset=utf-8[\r][\n]"
11:24:44.452 [Forwarding findElement on session 1f877272be7ad668daf7bccb5610df9a to remote] DEBUG org.apache.http.wire - http-outgoing-30 >> "Content-Length: 48[\r][\n]"
11:24:44.452 [Forwarding findElement on session 1f877272be7ad668daf7bccb5610df9a to remote] DEBUG org.apache.http.wire - http-outgoing-30 >> "Host: localhost:41943[\r][\n]"
11:24:44.452 [Forwarding findElement on session 1f877272be7ad668daf7bccb5610df9a to remote] DEBUG org.apache.http.wire - http-outgoing-30 >> "Connection: Keep-Alive[\r][\n]"
11:24:44.452 [Forwarding findElement on session 1f877272be7ad668daf7bccb5610df9a to remote] DEBUG org.apache.http.wire - http-outgoing-30 >> "User-Agent: Apache-HttpClient/4.5.3 (Java/1.8.0_211)[\r][\n]"
11:24:44.452 [Forwarding findElement on session 1f877272be7ad668daf7bccb5610df9a to remote] DEBUG org.apache.http.wire - http-outgoing-30 >> "Accept-Encoding: gzip,deflate[\r][\n]"
11:24:44.452 [Forwarding findElement on session 1f877272be7ad668daf7bccb5610df9a to remote] DEBUG org.apache.http.wire - http-outgoing-30 >> "[\r][\n]"
11:24:44.452 [Forwarding findElement on session 1f877272be7ad668daf7bccb5610df9a to remote] DEBUG org.apache.http.wire - http-outgoing-30 >> "{"value":".badge > span","using":"css selector"}"
11:24:44.458 [Forwarding findElement on session 1f877272be7ad668daf7bccb5610df9a to remote] DEBUG org.apache.http.wire - http-outgoing-30 << "HTTP/1.1 200 OK[\r][\n]"
11:24:44.458 [Forwarding findElement on session 1f877272be7ad668daf7bccb5610df9a to remote] DEBUG org.apache.http.wire - http-outgoing-30 << "Content-Length:88[\r][\n]"
11:24:44.458 [Forwarding findElement on session 1f877272be7ad668daf7bccb5610df9a to remote] DEBUG org.apache.http.wire - http-outgoing-30 << "Content-Type:application/json; charset=utf-8[\r][\n]"
11:24:44.458 [Forwarding findElement on session 1f877272be7ad668daf7bccb5610df9a to remote] DEBUG org.apache.http.wire - http-outgoing-30 << "cache-control:no-cache[\r][\n]"
11:24:44.458 [Forwarding findElement on session 1f877272be7ad668daf7bccb5610df9a to remote] DEBUG org.apache.http.wire - http-outgoing-30 << "[\r][\n]"
11:24:44.458 [Forwarding findElement on session 1f877272be7ad668daf7bccb5610df9a to remote] DEBUG org.apache.http.wire - http-outgoing-30 << "{"value":{"element-6066-11e4-a52e-4f735466cecf":"a167817d-0546-464a-8ff9-4f9863813e3e"}}"
11:24:44.458 [Forwarding findElement on session 1f877272be7ad668daf7bccb5610df9a to remote] DEBUG org.apache.http.headers - http-outgoing-30 << HTTP/1.1 200 OK
11:24:44.458 [Forwarding findElement on session 1f877272be7ad668daf7bccb5610df9a to remote] DEBUG org.apache.http.headers - http-outgoing-30 << Content-Length:88
11:24:44.458 [Forwarding findElement on session 1f877272be7ad668daf7bccb5610df9a to remote] DEBUG org.apache.http.headers - http-outgoing-30 << Content-Type:application/json; charset=utf-8
11:24:44.458 [Forwarding findElement on session 1f877272be7ad668daf7bccb5610df9a to remote] DEBUG org.apache.http.headers - http-outgoing-30 << cache-control:no-cache
11:24:44.458 [Forwarding findElement on session 1f877272be7ad668daf7bccb5610df9a to remote] DEBUG org.apache.http.impl.execchain.MainClientExec - Connection can be kept alive indefinitely
11:24:44.458 [Forwarding findElement on session 1f877272be7ad668daf7bccb5610df9a to remote] DEBUG org.apache.http.impl.conn.PoolingHttpClientConnectionManager - Connection [id: 30][route: {}->http://localhost:41943] can be kept alive indefinitely
11:24:44.458 [Forwarding findElement on session 1f877272be7ad668daf7bccb5610df9a to remote] DEBUG org.apache.http.impl.conn.PoolingHttpClientConnectionManager - Connection released: [id: 30][route: {}->http://localhost:41943][total kept alive: 31; route allocated: 1 of 2000; total allocated: 31 of 2000]
11:24:44.459 [Forwarding getElementText on session 1f877272be7ad668daf7bccb5610df9a to remote] DEBUG org.apache.http.client.protocol.RequestAddCookies - CookieSpec selected: default
11:24:44.459 [Forwarding getElementText on session 1f877272be7ad668daf7bccb5610df9a to remote] DEBUG org.apache.http.client.protocol.RequestAuthCache - Auth cache not set in the context
11:24:44.459 [Forwarding getElementText on session 1f877272be7ad668daf7bccb5610df9a to remote] DEBUG org.apache.http.impl.conn.PoolingHttpClientConnectionManager - Connection request: [route: {}->http://localhost:41943][total kept alive: 31; route allocated: 1 of 2000; total allocated: 31 of 2000]
11:24:44.459 [Forwarding getElementText on session 1f877272be7ad668daf7bccb5610df9a to remote] DEBUG org.apache.http.impl.conn.PoolingHttpClientConnectionManager - Connection leased: [id: 30][route: {}->http://localhost:41943][total kept alive: 30; route allocated: 1 of 2000; total allocated: 31 of 2000]
11:24:44.459 [Forwarding getElementText on session 1f877272be7ad668daf7bccb5610df9a to remote] DEBUG org.apache.http.impl.execchain.MainClientExec - Stale connection check
11:24:44.460 [Forwarding getElementText on session 1f877272be7ad668daf7bccb5610df9a to remote] DEBUG org.apache.http.wire - http-outgoing-30 << "[read] I/O error: Read timed out"
11:24:44.460 [Forwarding getElementText on session 1f877272be7ad668daf7bccb5610df9a to remote] DEBUG org.apache.http.impl.conn.DefaultManagedHttpClientConnection - http-outgoing-30: set socket timeout to 10800000
11:24:44.460 [Forwarding getElementText on session 1f877272be7ad668daf7bccb5610df9a to remote] DEBUG org.apache.http.impl.execchain.MainClientExec - Executing request GET /session/1f877272be7ad668daf7bccb5610df9a/element/a167817d-0546-464a-8ff9-4f9863813e3e/text HTTP/1.1
11:24:44.460 [Forwarding getElementText on session 1f877272be7ad668daf7bccb5610df9a to remote] DEBUG org.apache.http.impl.execchain.MainClientExec - Target auth state: UNCHALLENGED
11:24:44.460 [Forwarding getElementText on session 1f877272be7ad668daf7bccb5610df9a to remote] DEBUG org.apache.http.impl.execchain.MainClientExec - Proxy auth state: UNCHALLENGED
11:24:44.460 [Forwarding getElementText on session 1f877272be7ad668daf7bccb5610df9a to remote] DEBUG org.apache.http.headers - http-outgoing-30 >> GET /session/1f877272be7ad668daf7bccb5610df9a/element/a167817d-0546-464a-8ff9-4f9863813e3e/text HTTP/1.1
11:24:44.460 [Forwarding getElementText on session 1f877272be7ad668daf7bccb5610df9a to remote] DEBUG org.apache.http.headers - http-outgoing-30 >> Cache-Control: no-cache
11:24:44.460 [Forwarding getElementText on session 1f877272be7ad668daf7bccb5610df9a to remote] DEBUG org.apache.http.headers - http-outgoing-30 >> Host: localhost:41943
11:24:44.460 [Forwarding getElementText on session 1f877272be7ad668daf7bccb5610df9a to remote] DEBUG org.apache.http.headers - http-outgoing-30 >> Connection: Keep-Alive
11:24:44.460 [Forwarding getElementText on session 1f877272be7ad668daf7bccb5610df9a to remote] DEBUG org.apache.http.headers - http-outgoing-30 >> User-Agent: Apache-HttpClient/4.5.3 (Java/1.8.0_211)
11:24:44.460 [Forwarding getElementText on session 1f877272be7ad668daf7bccb5610df9a to remote] DEBUG org.apache.http.headers - http-outgoing-30 >> Accept-Encoding: gzip,deflate
11:24:44.460 [Forwarding getElementText on session 1f877272be7ad668daf7bccb5610df9a to remote] DEBUG org.apache.http.wire - http-outgoing-30 >> "GET /session/1f877272be7ad668daf7bccb5610df9a/element/a167817d-0546-464a-8ff9-4f9863813e3e/text HTTP/1.1[\r][\n]"
11:24:44.460 [Forwarding getElementText on session 1f877272be7ad668daf7bccb5610df9a to remote] DEBUG org.apache.http.wire - http-outgoing-30 >> "Cache-Control: no-cache[\r][\n]"
11:24:44.460 [Forwarding getElementText on session 1f877272be7ad668daf7bccb5610df9a to remote] DEBUG org.apache.http.wire - http-outgoing-30 >> "Host: localhost:41943[\r][\n]"
11:24:44.460 [Forwarding getElementText on session 1f877272be7ad668daf7bccb5610df9a to remote] DEBUG org.apache.http.wire - http-outgoing-30 >> "Connection: Keep-Alive[\r][\n]"
11:24:44.460 [Forwarding getElementText on session 1f877272be7ad668daf7bccb5610df9a to remote] DEBUG org.apache.http.wire - http-outgoing-30 >> "User-Agent: Apache-HttpClient/4.5.3 (Java/1.8.0_211)[\r][\n]"
11:24:44.460 [Forwarding getElementText on session 1f877272be7ad668daf7bccb5610df9a to remote] DEBUG org.apache.http.wire - http-outgoing-30 >> "Accept-Encoding: gzip,deflate[\r][\n]"
11:24:44.460 [Forwarding getElementText on session 1f877272be7ad668daf7bccb5610df9a to remote] DEBUG org.apache.http.wire - http-outgoing-30 >> "[\r][\n]"
11:24:44.468 [Forwarding getElementText on session 1f877272be7ad668daf7bccb5610df9a to remote] DEBUG org.apache.http.wire - http-outgoing-30 << "HTTP/1.1 200 OK[\r][\n]"
11:24:44.468 [Forwarding getElementText on session 1f877272be7ad668daf7bccb5610df9a to remote] DEBUG org.apache.http.wire - http-outgoing-30 << "Content-Length:23[\r][\n]"
11:24:44.468 [Forwarding getElementText on session 1f877272be7ad668daf7bccb5610df9a to remote] DEBUG org.apache.http.wire - http-outgoing-30 << "Content-Type:application/json; charset=utf-8[\r][\n]"
11:24:44.468 [Forwarding getElementText on session 1f877272be7ad668daf7bccb5610df9a to remote] DEBUG org.apache.http.wire - http-outgoing-30 << "cache-control:no-cache[\r][\n]"
11:24:44.468 [Forwarding getElementText on session 1f877272be7ad668daf7bccb5610df9a to remote] DEBUG org.apache.http.wire - http-outgoing-30 << "[\r][\n]"
11:24:44.468 [Forwarding getElementText on session 1f877272be7ad668daf7bccb5610df9a to remote] DEBUG org.apache.http.wire - http-outgoing-30 << "{"value":"UNCONFIRMED"}"
11:24:44.468 [Forwarding getElementText on session 1f877272be7ad668daf7bccb5610df9a to remote] DEBUG org.apache.http.headers - http-outgoing-30 << HTTP/1.1 200 OK
11:24:44.468 [Forwarding getElementText on session 1f877272be7ad668daf7bccb5610df9a to remote] DEBUG org.apache.http.headers - http-outgoing-30 << Content-Length:23
11:24:44.468 [Forwarding getElementText on session 1f877272be7ad668daf7bccb5610df9a to remote] DEBUG org.apache.http.headers - http-outgoing-30 << Content-Type:application/json; charset=utf-8
11:24:44.468 [Forwarding getElementText on session 1f877272be7ad668daf7bccb5610df9a to remote] DEBUG org.apache.http.headers - http-outgoing-30 << cache-control:no-cache
11:24:44.468 [Forwarding getElementText on session 1f877272be7ad668daf7bccb5610df9a to remote] DEBUG org.apache.http.impl.execchain.MainClientExec - Connection can be kept alive indefinitely
11:24:44.468 [Forwarding getElementText on session 1f877272be7ad668daf7bccb5610df9a to remote] DEBUG org.apache.http.impl.conn.PoolingHttpClientConnectionManager - Connection [id: 30][route: {}->http://localhost:41943] can be kept alive indefinitely
11:24:44.468 [Forwarding getElementText on session 1f877272be7ad668daf7bccb5610df9a to remote] DEBUG org.apache.http.impl.conn.PoolingHttpClientConnectionManager - Connection released: [id: 30][route: {}->http://localhost:41943][total kept alive: 31; route allocated: 1 of 2000; total allocated: 31 of 2000]
11:24:44.468 [Forwarding findElement on session 1f877272be7ad668daf7bccb5610df9a to remote] DEBUG org.apache.http.client.protocol.RequestAddCookies - CookieSpec selected: default
11:24:44.468 [Forwarding findElement on session 1f877272be7ad668daf7bccb5610df9a to remote] DEBUG org.apache.http.client.protocol.RequestAuthCache - Auth cache not set in the context
11:24:44.468 [Forwarding findElement on session 1f877272be7ad668daf7bccb5610df9a to remote] DEBUG org.apache.http.impl.conn.PoolingHttpClientConnectionManager - Connection request: [route: {}->http://localhost:41943][total kept alive: 31; route allocated: 1 of 2000; total allocated: 31 of 2000]
11:24:44.468 [Forwarding findElement on session 1f877272be7ad668daf7bccb5610df9a to remote] DEBUG org.apache.http.impl.conn.PoolingHttpClientConnectionManager - Connection leased: [id: 30][route: {}->http://localhost:41943][total kept alive: 30; route allocated: 1 of 2000; total allocated: 31 of 2000]
11:24:44.468 [Forwarding findElement on session 1f877272be7ad668daf7bccb5610df9a to remote] DEBUG org.apache.http.impl.execchain.MainClientExec - Stale connection check
11:24:44.469 [Forwarding findElement on session 1f877272be7ad668daf7bccb5610df9a to remote] DEBUG org.apache.http.wire - http-outgoing-30 << "[read] I/O error: Read timed out"
11:24:44.469 [Forwarding findElement on session 1f877272be7ad668daf7bccb5610df9a to remote] DEBUG org.apache.http.impl.conn.DefaultManagedHttpClientConnection - http-outgoing-30: set socket timeout to 10800000
11:24:44.469 [Forwarding findElement on session 1f877272be7ad668daf7bccb5610df9a to remote] DEBUG org.apache.http.impl.execchain.MainClientExec - Executing request POST /session/1f877272be7ad668daf7bccb5610df9a/element HTTP/1.1
11:24:44.469 [Forwarding findElement on session 1f877272be7ad668daf7bccb5610df9a to remote] DEBUG org.apache.http.impl.execchain.MainClientExec - Target auth state: UNCHALLENGED
11:24:44.469 [Forwarding findElement on session 1f877272be7ad668daf7bccb5610df9a to remote] DEBUG org.apache.http.impl.execchain.MainClientExec - Proxy auth state: UNCHALLENGED
11:24:44.469 [Forwarding findElement on session 1f877272be7ad668daf7bccb5610df9a to remote] DEBUG org.apache.http.headers - http-outgoing-30 >> POST /session/1f877272be7ad668daf7bccb5610df9a/element HTTP/1.1
11:24:44.469 [Forwarding findElement on session 1f877272be7ad668daf7bccb5610df9a to remote] DEBUG org.apache.http.headers - http-outgoing-30 >> Content-Type: application/json; charset=utf-8
11:24:44.469 [Forwarding findElement on session 1f877272be7ad668daf7bccb5610df9a to remote] DEBUG org.apache.http.headers - http-outgoing-30 >> Content-Length: 59
11:24:44.469 [Forwarding findElement on session 1f877272be7ad668daf7bccb5610df9a to remote] DEBUG org.apache.http.headers - http-outgoing-30 >> Host: localhost:41943
11:24:44.469 [Forwarding findElement on session 1f877272be7ad668daf7bccb5610df9a to remote] DEBUG org.apache.http.headers - http-outgoing-30 >> Connection: Keep-Alive
11:24:44.469 [Forwarding findElement on session 1f877272be7ad668daf7bccb5610df9a to remote] DEBUG org.apache.http.headers - http-outgoing-30 >> User-Agent: Apache-HttpClient/4.5.3 (Java/1.8.0_211)
11:24:44.469 [Forwarding findElement on session 1f877272be7ad668daf7bccb5610df9a to remote] DEBUG org.apache.http.headers - http-outgoing-30 >> Accept-Encoding: gzip,deflate
11:24:44.469 [Forwarding findElement on session 1f877272be7ad668daf7bccb5610df9a to remote] DEBUG org.apache.http.wire - http-outgoing-30 >> "POST /session/1f877272be7ad668daf7bccb5610df9a/element HTTP/1.1[\r][\n]"
11:24:44.470 [Forwarding findElement on session 1f877272be7ad668daf7bccb5610df9a to remote] DEBUG org.apache.http.wire - http-outgoing-30 >> "Content-Type: application/json; charset=utf-8[\r][\n]"
11:24:44.470 [Forwarding findElement on session 1f877272be7ad668daf7bccb5610df9a to remote] DEBUG org.apache.http.wire - http-outgoing-30 >> "Content-Length: 59[\r][\n]"
11:24:44.470 [Forwarding findElement on session 1f877272be7ad668daf7bccb5610df9a to remote] DEBUG org.apache.http.wire - http-outgoing-30 >> "Host: localhost:41943[\r][\n]"
11:24:44.470 [Forwarding findElement on session 1f877272be7ad668daf7bccb5610df9a to remote] DEBUG org.apache.http.wire - http-outgoing-30 >> "Connection: Keep-Alive[\r][\n]"
11:24:44.470 [Forwarding findElement on session 1f877272be7ad668daf7bccb5610df9a to remote] DEBUG org.apache.http.wire - http-outgoing-30 >> "User-Agent: Apache-HttpClient/4.5.3 (Java/1.8.0_211)[\r][\n]"
11:24:44.470 [Forwarding findElement on session 1f877272be7ad668daf7bccb5610df9a to remote] DEBUG org.apache.http.wire - http-outgoing-30 >> "Accept-Encoding: gzip,deflate[\r][\n]"
11:24:44.470 [Forwarding findElement on session 1f877272be7ad668daf7bccb5610df9a to remote] DEBUG org.apache.http.wire - http-outgoing-30 >> "[\r][\n]"
11:24:44.470 [Forwarding findElement on session 1f877272be7ad668daf7bccb5610df9a to remote] DEBUG org.apache.http.wire - http-outgoing-30 >> "{"value":".block-status-tag > span","using":"css selector"}"
11:24:44.472 [Forwarding findElement on session 1f877272be7ad668daf7bccb5610df9a to remote] DEBUG org.apache.http.wire - http-outgoing-30 << "HTTP/1.1 200 OK[\r][\n]"
11:24:44.472 [Forwarding findElement on session 1f877272be7ad668daf7bccb5610df9a to remote] DEBUG org.apache.http.wire - http-outgoing-30 << "Content-Length:88[\r][\n]"
11:24:44.472 [Forwarding findElement on session 1f877272be7ad668daf7bccb5610df9a to remote] DEBUG org.apache.http.wire - http-outgoing-30 << "Content-Type:application/json; charset=utf-8[\r][\n]"
11:24:44.472 [Forwarding findElement on session 1f877272be7ad668daf7bccb5610df9a to remote] DEBUG org.apache.http.wire - http-outgoing-30 << "cache-control:no-cache[\r][\n]"
11:24:44.472 [Forwarding findElement on session 1f877272be7ad668daf7bccb5610df9a to remote] DEBUG org.apache.http.wire - http-outgoing-30 << "[\r][\n]"
11:24:44.472 [Forwarding findElement on session 1f877272be7ad668daf7bccb5610df9a to remote] DEBUG org.apache.http.wire - http-outgoing-30 << "{"value":{"element-6066-11e4-a52e-4f735466cecf":"8845dbd9-003f-4e40-9105-ca76ccf19e19"}}"
11:24:44.472 [Forwarding findElement on session 1f877272be7ad668daf7bccb5610df9a to remote] DEBUG org.apache.http.headers - http-outgoing-30 << HTTP/1.1 200 OK
11:24:44.472 [Forwarding findElement on session 1f877272be7ad668daf7bccb5610df9a to remote] DEBUG org.apache.http.headers - http-outgoing-30 << Content-Length:88
11:24:44.472 [Forwarding findElement on session 1f877272be7ad668daf7bccb5610df9a to remote] DEBUG org.apache.http.headers - http-outgoing-30 << Content-Type:application/json; charset=utf-8
11:24:44.472 [Forwarding findElement on session 1f877272be7ad668daf7bccb5610df9a to remote] DEBUG org.apache.http.headers - http-outgoing-30 << cache-control:no-cache
11:24:44.472 [Forwarding findElement on session 1f877272be7ad668daf7bccb5610df9a to remote] DEBUG org.apache.http.impl.execchain.MainClientExec - Connection can be kept alive indefinitely
11:24:44.472 [Forwarding findElement on session 1f877272be7ad668daf7bccb5610df9a to remote] DEBUG org.apache.http.impl.conn.PoolingHttpClientConnectionManager - Connection [id: 30][route: {}->http://localhost:41943] can be kept alive indefinitely
11:24:44.472 [Forwarding findElement on session 1f877272be7ad668daf7bccb5610df9a to remote] DEBUG org.apache.http.impl.conn.PoolingHttpClientConnectionManager - Connection released: [id: 30][route: {}->http://localhost:41943][total kept alive: 31; route allocated: 1 of 2000; total allocated: 31 of 2000]
11:24:44.473 [Forwarding getElementText on session 1f877272be7ad668daf7bccb5610df9a to remote] DEBUG org.apache.http.client.protocol.RequestAddCookies - CookieSpec selected: default
11:24:44.473 [Forwarding getElementText on session 1f877272be7ad668daf7bccb5610df9a to remote] DEBUG org.apache.http.client.protocol.RequestAuthCache - Auth cache not set in the context
11:24:44.473 [Forwarding getElementText on session 1f877272be7ad668daf7bccb5610df9a to remote] DEBUG org.apache.http.impl.conn.PoolingHttpClientConnectionManager - Connection request: [route: {}->http://localhost:41943][total kept alive: 31; route allocated: 1 of 2000; total allocated: 31 of 2000]
11:24:44.473 [Forwarding getElementText on session 1f877272be7ad668daf7bccb5610df9a to remote] DEBUG org.apache.http.impl.conn.PoolingHttpClientConnectionManager - Connection leased: [id: 30][route: {}->http://localhost:41943][total kept alive: 30; route allocated: 1 of 2000; total allocated: 31 of 2000]
11:24:44.473 [Forwarding getElementText on session 1f877272be7ad668daf7bccb5610df9a to remote] DEBUG org.apache.http.impl.execchain.MainClientExec - Stale connection check
11:24:44.474 [Forwarding getElementText on session 1f877272be7ad668daf7bccb5610df9a to remote] DEBUG org.apache.http.wire - http-outgoing-30 << "[read] I/O error: Read timed out"
11:24:44.474 [Forwarding getElementText on session 1f877272be7ad668daf7bccb5610df9a to remote] DEBUG org.apache.http.impl.conn.DefaultManagedHttpClientConnection - http-outgoing-30: set socket timeout to 10800000
11:24:44.474 [Forwarding getElementText on session 1f877272be7ad668daf7bccb5610df9a to remote] DEBUG org.apache.http.impl.execchain.MainClientExec - Executing request GET /session/1f877272be7ad668daf7bccb5610df9a/element/8845dbd9-003f-4e40-9105-ca76ccf19e19/text HTTP/1.1
11:24:44.474 [Forwarding getElementText on session 1f877272be7ad668daf7bccb5610df9a to remote] DEBUG org.apache.http.impl.execchain.MainClientExec - Target auth state: UNCHALLENGED
11:24:44.474 [Forwarding getElementText on session 1f877272be7ad668daf7bccb5610df9a to remote] DEBUG org.apache.http.impl.execchain.MainClientExec - Proxy auth state: UNCHALLENGED
11:24:44.474 [Forwarding getElementText on session 1f877272be7ad668daf7bccb5610df9a to remote] DEBUG org.apache.http.headers - http-outgoing-30 >> GET /session/1f877272be7ad668daf7bccb5610df9a/element/8845dbd9-003f-4e40-9105-ca76ccf19e19/text HTTP/1.1
11:24:44.474 [Forwarding getElementText on session 1f877272be7ad668daf7bccb5610df9a to remote] DEBUG org.apache.http.headers - http-outgoing-30 >> Cache-Control: no-cache
11:24:44.474 [Forwarding getElementText on session 1f877272be7ad668daf7bccb5610df9a to remote] DEBUG org.apache.http.headers - http-outgoing-30 >> Host: localhost:41943
11:24:44.474 [Forwarding getElementText on session 1f877272be7ad668daf7bccb5610df9a to remote] DEBUG org.apache.http.headers - http-outgoing-30 >> Connection: Keep-Alive
11:24:44.474 [Forwarding getElementText on session 1f877272be7ad668daf7bccb5610df9a to remote] DEBUG org.apache.http.headers - http-outgoing-30 >> User-Agent: Apache-HttpClient/4.5.3 (Java/1.8.0_211)
11:24:44.474 [Forwarding getElementText on session 1f877272be7ad668daf7bccb5610df9a to remote] DEBUG org.apache.http.headers - http-outgoing-30 >> Accept-Encoding: gzip,deflate
11:24:44.474 [Forwarding getElementText on session 1f877272be7ad668daf7bccb5610df9a to remote] DEBUG org.apache.http.wire - http-outgoing-30 >> "GET /session/1f877272be7ad668daf7bccb5610df9a/element/8845dbd9-003f-4e40-9105-ca76ccf19e19/text HTTP/1.1[\r][\n]"
11:24:44.474 [Forwarding getElementText on session 1f877272be7ad668daf7bccb5610df9a to remote] DEBUG org.apache.http.wire - http-outgoing-30 >> "Cache-Control: no-cache[\r][\n]"
11:24:44.474 [Forwarding getElementText on session 1f877272be7ad668daf7bccb5610df9a to remote] DEBUG org.apache.http.wire - http-outgoing-30 >> "Host: localhost:41943[\r][\n]"
11:24:44.474 [Forwarding getElementText on session 1f877272be7ad668daf7bccb5610df9a to remote] DEBUG org.apache.http.wire - http-outgoing-30 >> "Connection: Keep-Alive[\r][\n]"
11:24:44.474 [Forwarding getElementText on session 1f877272be7ad668daf7bccb5610df9a to remote] DEBUG org.apache.http.wire - http-outgoing-30 >> "User-Agent: Apache-HttpClient/4.5.3 (Java/1.8.0_211)[\r][\n]"
11:24:44.474 [Forwarding getElementText on session 1f877272be7ad668daf7bccb5610df9a to remote] DEBUG org.apache.http.wire - http-outgoing-30 >> "Accept-Encoding: gzip,deflate[\r][\n]"
11:24:44.474 [Forwarding getElementText on session 1f877272be7ad668daf7bccb5610df9a to remote] DEBUG org.apache.http.wire - http-outgoing-30 >> "[\r][\n]"
11:24:44.479 [Forwarding getElementText on session 1f877272be7ad668daf7bccb5610df9a to remote] DEBUG org.apache.http.wire - http-outgoing-30 << "HTTP/1.1 200 OK[\r][\n]"
11:24:44.479 [Forwarding getElementText on session 1f877272be7ad668daf7bccb5610df9a to remote] DEBUG org.apache.http.wire - http-outgoing-30 << "Content-Length:33[\r][\n]"
11:24:44.479 [Forwarding getElementText on session 1f877272be7ad668daf7bccb5610df9a to remote] DEBUG org.apache.http.wire - http-outgoing-30 << "Content-Type:application/json; charset=utf-8[\r][\n]"
11:24:44.479 [Forwarding getElementText on session 1f877272be7ad668daf7bccb5610df9a to remote] DEBUG org.apache.http.wire - http-outgoing-30 << "cache-control:no-cache[\r][\n]"
11:24:44.479 [Forwarding getElementText on session 1f877272be7ad668daf7bccb5610df9a to remote] DEBUG org.apache.http.wire - http-outgoing-30 << "[\r][\n]"
11:24:44.479 [Forwarding getElementText on session 1f877272be7ad668daf7bccb5610df9a to remote] DEBUG org.apache.http.wire - http-outgoing-30 << "{"value":"confirmed by 2 blocks"}"
11:24:44.479 [Forwarding getElementText on session 1f877272be7ad668daf7bccb5610df9a to remote] DEBUG org.apache.http.headers - http-outgoing-30 << HTTP/1.1 200 OK
11:24:44.479 [Forwarding getElementText on session 1f877272be7ad668daf7bccb5610df9a to remote] DEBUG org.apache.http.headers - http-outgoing-30 << Content-Length:33
11:24:44.479 [Forwarding getElementText on session 1f877272be7ad668daf7bccb5610df9a to remote] DEBUG org.apache.http.headers - http-outgoing-30 << Content-Type:application/json; charset=utf-8
11:24:44.479 [Forwarding getElementText on session 1f877272be7ad668daf7bccb5610df9a to remote] DEBUG org.apache.http.headers - http-outgoing-30 << cache-control:no-cache
11:24:44.479 [Forwarding getElementText on session 1f877272be7ad668daf7bccb5610df9a to remote] DEBUG org.apache.http.impl.execchain.MainClientExec - Connection can be kept alive indefinitely
11:24:44.479 [Forwarding getElementText on session 1f877272be7ad668daf7bccb5610df9a to remote] DEBUG org.apache.http.impl.conn.PoolingHttpClientConnectionManager - Connection [id: 30][route: {}->http://localhost:41943] can be kept alive indefinitely
11:24:44.479 [Forwarding getElementText on session 1f877272be7ad668daf7bccb5610df9a to remote] DEBUG org.apache.http.impl.conn.PoolingHttpClientConnectionManager - Connection released: [id: 30][route: {}->http://localhost:41943][total kept alive: 31; route allocated: 1 of 2000; total allocated: 31 of 2000]
]]></system-out>
  <system-err><![CDATA[Starting ChromeDriver 80.0.3987.106 (f68069574609230cf9b635cd784cfb1bf81bb53a-refs/branch-heads/3987@{#882}) on port 41943
Only local connections are allowed.
Please protect ports used by ChromeDriver and related test frameworks to prevent access by malicious code.
[1585711475.560][WARNING]: FromSockAddr failed on netmask
四月 01, 2020 11:24:35 上午 org.openqa.selenium.remote.ProtocolHandshake createSession
信息: Detected dialect: W3C
[1585711476.320][SEVERE]: Timed out receiving message from renderer: 0.100
[1585711476.421][SEVERE]: Timed out receiving message from renderer: 0.100
[1585711476.536][SEVERE]: Timed out receiving message from renderer: 0.100
[1585711476.637][SEVERE]: Timed out receiving message from renderer: 0.100
[1585711476.739][SEVERE]: Timed out receiving message from renderer: 0.100
[1585711476.841][SEVERE]: Timed out receiving message from renderer: 0.100
[1585711476.943][SEVERE]: Timed out receiving message from renderer: 0.100
[1585711477.044][SEVERE]: Timed out receiving message from renderer: 0.100
[1585711477.146][SEVERE]: Timed out receiving message from renderer: 0.100
[1585711477.248][SEVERE]: Timed out receiving message from renderer: 0.100
[1585711477.350][SEVERE]: Timed out receiving message from renderer: 0.100
[1585711477.614][SEVERE]: Timed out receiving message from renderer: 0.100
[1585711477.715][SEVERE]: Timed out receiving message from renderer: 0.100
[1585711477.908][SEVERE]: Timed out receiving message from renderer: 0.100
[1585711478.017][SEVERE]: Timed out receiving message from renderer: 0.100
[1585711478.118][SEVERE]: Timed out receiving message from renderer: 0.100
[1585711478.219][SEVERE]: Timed out receiving message from renderer: 0.100
[1585711478.324][SEVERE]: Timed out receiving message from renderer: 0.100
[1585711478.426][SEVERE]: Timed out receiving message from renderer: 0.100
[1585711480.925][SEVERE]: Timed out receiving message from renderer: 0.100
[1585711481.029][SEVERE]: Timed out receiving message from renderer: 0.100
]]></system-err>
</testsuite>
