<?xml version="1.0" encoding="UTF-8"?>
<testsuite name="tron.tronscan.tronscanUI.SendTrxTest" tests="1" skipped="0" failures="0" errors="0" timestamp="2020-04-01T03:24:27" hostname="zhukaideiMac.local" time="5.856">
  <properties/>
  <testcase name="testTrx" classname="tron.tronscan.tronscanUI.SendTrxTest" time="5.856"/>
  <system-out><![CDATA[11:24:25.000 [Forwarding newSession on session null to remote] DEBUG org.apache.http.client.protocol.RequestAddCookies - CookieSpec selected: default
11:24:25.000 [Forwarding newSession on session null to remote] DEBUG org.apache.http.client.protocol.RequestAuthCache - Auth cache not set in the context
11:24:25.000 [Forwarding newSession on session null to remote] DEBUG org.apache.http.impl.conn.PoolingHttpClientConnectionManager - Connection request: [route: {}->http://localhost:3689][total kept alive: 29; route allocated: 0 of 2000; total allocated: 29 of 2000]
11:24:25.000 [Forwarding newSession on session null to remote] DEBUG org.apache.http.impl.conn.PoolingHttpClientConnectionManager - Connection leased: [id: 29][route: {}->http://localhost:3689][total kept alive: 29; route allocated: 1 of 2000; total allocated: 30 of 2000]
11:24:25.000 [Forwarding newSession on session null to remote] DEBUG org.apache.http.impl.execchain.MainClientExec - Opening connection {}->http://localhost:3689
11:24:25.000 [Forwarding newSession on session null to remote] DEBUG org.apache.http.impl.conn.DefaultHttpClientConnectionOperator - Connecting to localhost/127.0.0.1:3689
11:24:25.000 [Forwarding newSession on session null to remote] DEBUG org.apache.http.impl.conn.DefaultHttpClientConnectionOperator - Connection established 127.0.0.1:54222<->127.0.0.1:3689
11:24:25.000 [Forwarding newSession on session null to remote] DEBUG org.apache.http.impl.conn.DefaultManagedHttpClientConnection - http-outgoing-29: set socket timeout to 10800000
11:24:25.000 [Forwarding newSession on session null to remote] DEBUG org.apache.http.impl.execchain.MainClientExec - Executing request POST /session HTTP/1.1
11:24:25.000 [Forwarding newSession on session null to remote] DEBUG org.apache.http.impl.execchain.MainClientExec - Target auth state: UNCHALLENGED
11:24:25.000 [Forwarding newSession on session null to remote] DEBUG org.apache.http.impl.execchain.MainClientExec - Proxy auth state: UNCHALLENGED
11:24:25.000 [Forwarding newSession on session null to remote] DEBUG org.apache.http.headers - http-outgoing-29 >> POST /session HTTP/1.1
11:24:25.000 [Forwarding newSession on session null to remote] DEBUG org.apache.http.headers - http-outgoing-29 >> Content-Type: application/json; charset=utf-8
11:24:25.000 [Forwarding newSession on session null to remote] DEBUG org.apache.http.headers - http-outgoing-29 >> Content-Length: 731
11:24:25.000 [Forwarding newSession on session null to remote] DEBUG org.apache.http.headers - http-outgoing-29 >> Host: localhost:3689
11:24:25.000 [Forwarding newSession on session null to remote] DEBUG org.apache.http.headers - http-outgoing-29 >> Connection: Keep-Alive
11:24:25.000 [Forwarding newSession on session null to remote] DEBUG org.apache.http.headers - http-outgoing-29 >> User-Agent: Apache-HttpClient/4.5.3 (Java/1.8.0_211)
11:24:25.000 [Forwarding newSession on session null to remote] DEBUG org.apache.http.headers - http-outgoing-29 >> Accept-Encoding: gzip,deflate
11:24:25.000 [Forwarding newSession on session null to remote] DEBUG org.apache.http.wire - http-outgoing-29 >> "POST /session HTTP/1.1[\r][\n]"
11:24:25.000 [Forwarding newSession on session null to remote] DEBUG org.apache.http.wire - http-outgoing-29 >> "Content-Type: application/json; charset=utf-8[\r][\n]"
11:24:25.000 [Forwarding newSession on session null to remote] DEBUG org.apache.http.wire - http-outgoing-29 >> "Content-Length: 731[\r][\n]"
11:24:25.000 [Forwarding newSession on session null to remote] DEBUG org.apache.http.wire - http-outgoing-29 >> "Host: localhost:3689[\r][\n]"
11:24:25.000 [Forwarding newSession on session null to remote] DEBUG org.apache.http.wire - http-outgoing-29 >> "Connection: Keep-Alive[\r][\n]"
11:24:25.000 [Forwarding newSession on session null to remote] DEBUG org.apache.http.wire - http-outgoing-29 >> "User-Agent: Apache-HttpClient/4.5.3 (Java/1.8.0_211)[\r][\n]"
11:24:25.000 [Forwarding newSession on session null to remote] DEBUG org.apache.http.wire - http-outgoing-29 >> "Accept-Encoding: gzip,deflate[\r][\n]"
11:24:25.000 [Forwarding newSession on session null to remote] DEBUG org.apache.http.wire - http-outgoing-29 >> "[\r][\n]"
11:24:25.000 [Forwarding newSession on session null to remote] DEBUG org.apache.http.wire - http-outgoing-29 >> "{[\n]"
11:24:25.000 [Forwarding newSession on session null to remote] DEBUG org.apache.http.wire - http-outgoing-29 >> "  "desiredCapabilities": {[\n]"
11:24:25.000 [Forwarding newSession on session null to remote] DEBUG org.apache.http.wire - http-outgoing-29 >> "    "browserName": "chrome",[\n]"
11:24:25.000 [Forwarding newSession on session null to remote] DEBUG org.apache.http.wire - http-outgoing-29 >> "    "goog:chromeOptions": {[\n]"
11:24:25.000 [Forwarding newSession on session null to remote] DEBUG org.apache.http.wire - http-outgoing-29 >> "      "args": [[\n]"
11:24:25.000 [Forwarding newSession on session null to remote] DEBUG org.apache.http.wire - http-outgoing-29 >> "        "--headless",[\n]"
11:24:25.000 [Forwarding newSession on session null to remote] DEBUG org.apache.http.wire - http-outgoing-29 >> "        "--disable-gpu"[\n]"
11:24:25.000 [Forwarding newSession on session null to remote] DEBUG org.apache.http.wire - http-outgoing-29 >> "      ],[\n]"
11:24:25.000 [Forwarding newSession on session null to remote] DEBUG org.apache.http.wire - http-outgoing-29 >> "      "extensions": [][\n]"
11:24:25.000 [Forwarding newSession on session null to remote] DEBUG org.apache.http.wire - http-outgoing-29 >> "    }[\n]"
11:24:25.000 [Forwarding newSession on session null to remote] DEBUG org.apache.http.wire - http-outgoing-29 >> "  },[\n]"
11:24:25.000 [Forwarding newSession on session null to remote] DEBUG org.apache.http.wire - http-outgoing-29 >> "  "requiredCapabilities": {},[\n]"
11:24:25.000 [Forwarding newSession on session null to remote] DEBUG org.apache.http.wire - http-outgoing-29 >> "  "capabilities": {[\n]"
11:24:25.000 [Forwarding newSession on session null to remote] DEBUG org.apache.http.wire - http-outgoing-29 >> "    "desiredCapabilities": {[\n]"
11:24:25.000 [Forwarding newSession on session null to remote] DEBUG org.apache.http.wire - http-outgoing-29 >> "      "browserName": "chrome",[\n]"
11:24:25.000 [Forwarding newSession on session null to remote] DEBUG org.apache.http.wire - http-outgoing-29 >> "      "goog:chromeOptions": {[\n]"
11:24:25.000 [Forwarding newSession on session null to remote] DEBUG org.apache.http.wire - http-outgoing-29 >> "        "args": [[\n]"
11:24:25.000 [Forwarding newSession on session null to remote] DEBUG org.apache.http.wire - http-outgoing-29 >> "          "--headless",[\n]"
11:24:25.000 [Forwarding newSession on session null to remote] DEBUG org.apache.http.wire - http-outgoing-29 >> "          "--disable-gpu"[\n]"
11:24:25.000 [Forwarding newSession on session null to remote] DEBUG org.apache.http.wire - http-outgoing-29 >> "        ],[\n]"
11:24:25.000 [Forwarding newSession on session null to remote] DEBUG org.apache.http.wire - http-outgoing-29 >> "        "extensions": [][\n]"
11:24:25.000 [Forwarding newSession on session null to remote] DEBUG org.apache.http.wire - http-outgoing-29 >> "      }[\n]"
11:24:25.000 [Forwarding newSession on session null to remote] DEBUG org.apache.http.wire - http-outgoing-29 >> "    },[\n]"
11:24:25.000 [Forwarding newSession on session null to remote] DEBUG org.apache.http.wire - http-outgoing-29 >> "    "requiredCapabilities": {},[\n]"
11:24:25.000 [Forwarding newSession on session null to remote] DEBUG org.apache.http.wire - http-outgoing-29 >> "    "alwaysMatch": {[\n]"
11:24:25.000 [Forwarding newSession on session null to remote] DEBUG org.apache.http.wire - http-outgoing-29 >> "      "goog:chromeOptions": {[\n]"
11:24:25.000 [Forwarding newSession on session null to remote] DEBUG org.apache.http.wire - http-outgoing-29 >> "        "args": [[\n]"
11:24:25.000 [Forwarding newSession on session null to remote] DEBUG org.apache.http.wire - http-outgoing-29 >> "          "--headless",[\n]"
11:24:25.000 [Forwarding newSession on session null to remote] DEBUG org.apache.http.wire - http-outgoing-29 >> "          "--disable-gpu"[\n]"
11:24:25.000 [Forwarding newSession on session null to remote] DEBUG org.apache.http.wire - http-outgoing-29 >> "        ],[\n]"
11:24:25.000 [Forwarding newSession on session null to remote] DEBUG org.apache.http.wire - http-outgoing-29 >> "        "extensions": [][\n]"
11:24:25.000 [Forwarding newSession on session null to remote] DEBUG org.apache.http.wire - http-outgoing-29 >> "      }[\n]"
11:24:25.000 [Forwarding newSession on session null to remote] DEBUG org.apache.http.wire - http-outgoing-29 >> "    },[\n]"
11:24:25.000 [Forwarding newSession on session null to remote] DEBUG org.apache.http.wire - http-outgoing-29 >> "    "firstMatch": [[\n]"
11:24:25.000 [Forwarding newSession on session null to remote] DEBUG org.apache.http.wire - http-outgoing-29 >> "      {[\n]"
11:24:25.000 [Forwarding newSession on session null to remote] DEBUG org.apache.http.wire - http-outgoing-29 >> "        "browserName": "chrome"[\n]"
11:24:25.000 [Forwarding newSession on session null to remote] DEBUG org.apache.http.wire - http-outgoing-29 >> "      }[\n]"
11:24:25.000 [Forwarding newSession on session null to remote] DEBUG org.apache.http.wire - http-outgoing-29 >> "    ][\n]"
11:24:25.000 [Forwarding newSession on session null to remote] DEBUG org.apache.http.wire - http-outgoing-29 >> "  }[\n]"
11:24:25.000 [Forwarding newSession on session null to remote] DEBUG org.apache.http.wire - http-outgoing-29 >> "}"
11:24:25.157 [Forwarding newSession on session null to remote] DEBUG org.apache.http.wire - http-outgoing-29 << "HTTP/1.1 200 OK[\r][\n]"
11:24:25.157 [Forwarding newSession on session null to remote] DEBUG org.apache.http.wire - http-outgoing-29 << "Content-Length:690[\r][\n]"
11:24:25.157 [Forwarding newSession on session null to remote] DEBUG org.apache.http.wire - http-outgoing-29 << "Content-Type:application/json; charset=utf-8[\r][\n]"
11:24:25.157 [Forwarding newSession on session null to remote] DEBUG org.apache.http.wire - http-outgoing-29 << "cache-control:no-cache[\r][\n]"
11:24:25.157 [Forwarding newSession on session null to remote] DEBUG org.apache.http.wire - http-outgoing-29 << "[\r][\n]"
11:24:25.157 [Forwarding newSession on session null to remote] DEBUG org.apache.http.wire - http-outgoing-29 << "{"value":{"capabilities":{"acceptInsecureCerts":false,"browserName":"chrome","browserVersion":"80.0.3987.162","chrome":{"chromedriverVersion":"80.0.3987.106 (f68069574609230cf9b635cd784cfb1bf81bb53a-refs/branch-heads/3987@{#882})","userDataDir":"/var/folders/fs/0qxrqb5x7zg5dtqrhc9t0clm0000gn/T/.com.google.Chrome.LQbpnx"},"goog:chromeOptions":{"debuggerAddress":"localhost:54223"},"networkConnectionEnabled":false,"pageLoadStrategy":"normal","platformName":"mac os x","proxy":{},"setWindowRect":true,"strictFileInteractability":false,"timeouts":{"implicit":0,"pageLoad":300000,"script":30000},"unhandledPromptBehavior":"dismiss and notify"},"sessionId":"a0b5262eee3bf152b9f945336eb2ba0a"}}"
11:24:25.157 [Forwarding newSession on session null to remote] DEBUG org.apache.http.headers - http-outgoing-29 << HTTP/1.1 200 OK
11:24:25.157 [Forwarding newSession on session null to remote] DEBUG org.apache.http.headers - http-outgoing-29 << Content-Length:690
11:24:25.157 [Forwarding newSession on session null to remote] DEBUG org.apache.http.headers - http-outgoing-29 << Content-Type:application/json; charset=utf-8
11:24:25.157 [Forwarding newSession on session null to remote] DEBUG org.apache.http.headers - http-outgoing-29 << cache-control:no-cache
11:24:25.157 [Forwarding newSession on session null to remote] DEBUG org.apache.http.impl.execchain.MainClientExec - Connection can be kept alive indefinitely
11:24:25.157 [Forwarding newSession on session null to remote] DEBUG org.apache.http.impl.conn.PoolingHttpClientConnectionManager - Connection [id: 29][route: {}->http://localhost:3689] can be kept alive indefinitely
11:24:25.157 [Forwarding newSession on session null to remote] DEBUG org.apache.http.impl.conn.PoolingHttpClientConnectionManager - Connection released: [id: 29][route: {}->http://localhost:3689][total kept alive: 30; route allocated: 1 of 2000; total allocated: 30 of 2000]
11:24:25.160 [Forwarding get on session a0b5262eee3bf152b9f945336eb2ba0a to remote] DEBUG org.apache.http.client.protocol.RequestAddCookies - CookieSpec selected: default
11:24:25.160 [Forwarding get on session a0b5262eee3bf152b9f945336eb2ba0a to remote] DEBUG org.apache.http.client.protocol.RequestAuthCache - Auth cache not set in the context
11:24:25.160 [Forwarding get on session a0b5262eee3bf152b9f945336eb2ba0a to remote] DEBUG org.apache.http.impl.conn.PoolingHttpClientConnectionManager - Connection request: [route: {}->http://localhost:3689][total kept alive: 30; route allocated: 1 of 2000; total allocated: 30 of 2000]
11:24:25.160 [Forwarding get on session a0b5262eee3bf152b9f945336eb2ba0a to remote] DEBUG org.apache.http.impl.conn.PoolingHttpClientConnectionManager - Connection leased: [id: 29][route: {}->http://localhost:3689][total kept alive: 29; route allocated: 1 of 2000; total allocated: 30 of 2000]
11:24:25.160 [Forwarding get on session a0b5262eee3bf152b9f945336eb2ba0a to remote] DEBUG org.apache.http.impl.execchain.MainClientExec - Stale connection check
11:24:25.161 [Forwarding get on session a0b5262eee3bf152b9f945336eb2ba0a to remote] DEBUG org.apache.http.wire - http-outgoing-29 << "[read] I/O error: Read timed out"
11:24:25.161 [Forwarding get on session a0b5262eee3bf152b9f945336eb2ba0a to remote] DEBUG org.apache.http.impl.conn.DefaultManagedHttpClientConnection - http-outgoing-29: set socket timeout to 10800000
11:24:25.161 [Forwarding get on session a0b5262eee3bf152b9f945336eb2ba0a to remote] DEBUG org.apache.http.impl.execchain.MainClientExec - Executing request POST /session/a0b5262eee3bf152b9f945336eb2ba0a/url HTTP/1.1
11:24:25.161 [Forwarding get on session a0b5262eee3bf152b9f945336eb2ba0a to remote] DEBUG org.apache.http.impl.execchain.MainClientExec - Target auth state: UNCHALLENGED
11:24:25.161 [Forwarding get on session a0b5262eee3bf152b9f945336eb2ba0a to remote] DEBUG org.apache.http.impl.execchain.MainClientExec - Proxy auth state: UNCHALLENGED
11:24:25.161 [Forwarding get on session a0b5262eee3bf152b9f945336eb2ba0a to remote] DEBUG org.apache.http.headers - http-outgoing-29 >> POST /session/a0b5262eee3bf152b9f945336eb2ba0a/url HTTP/1.1
11:24:25.161 [Forwarding get on session a0b5262eee3bf152b9f945336eb2ba0a to remote] DEBUG org.apache.http.headers - http-outgoing-29 >> Content-Type: application/json; charset=utf-8
11:24:25.161 [Forwarding get on session a0b5262eee3bf152b9f945336eb2ba0a to remote] DEBUG org.apache.http.headers - http-outgoing-29 >> Content-Length: 33
11:24:25.161 [Forwarding get on session a0b5262eee3bf152b9f945336eb2ba0a to remote] DEBUG org.apache.http.headers - http-outgoing-29 >> Host: localhost:3689
11:24:25.161 [Forwarding get on session a0b5262eee3bf152b9f945336eb2ba0a to remote] DEBUG org.apache.http.headers - http-outgoing-29 >> Connection: Keep-Alive
11:24:25.161 [Forwarding get on session a0b5262eee3bf152b9f945336eb2ba0a to remote] DEBUG org.apache.http.headers - http-outgoing-29 >> User-Agent: Apache-HttpClient/4.5.3 (Java/1.8.0_211)
11:24:25.161 [Forwarding get on session a0b5262eee3bf152b9f945336eb2ba0a to remote] DEBUG org.apache.http.headers - http-outgoing-29 >> Accept-Encoding: gzip,deflate
11:24:25.161 [Forwarding get on session a0b5262eee3bf152b9f945336eb2ba0a to remote] DEBUG org.apache.http.wire - http-outgoing-29 >> "POST /session/a0b5262eee3bf152b9f945336eb2ba0a/url HTTP/1.1[\r][\n]"
11:24:25.161 [Forwarding get on session a0b5262eee3bf152b9f945336eb2ba0a to remote] DEBUG org.apache.http.wire - http-outgoing-29 >> "Content-Type: application/json; charset=utf-8[\r][\n]"
11:24:25.161 [Forwarding get on session a0b5262eee3bf152b9f945336eb2ba0a to remote] DEBUG org.apache.http.wire - http-outgoing-29 >> "Content-Length: 33[\r][\n]"
11:24:25.161 [Forwarding get on session a0b5262eee3bf152b9f945336eb2ba0a to remote] DEBUG org.apache.http.wire - http-outgoing-29 >> "Host: localhost:3689[\r][\n]"
11:24:25.161 [Forwarding get on session a0b5262eee3bf152b9f945336eb2ba0a to remote] DEBUG org.apache.http.wire - http-outgoing-29 >> "Connection: Keep-Alive[\r][\n]"
11:24:25.161 [Forwarding get on session a0b5262eee3bf152b9f945336eb2ba0a to remote] DEBUG org.apache.http.wire - http-outgoing-29 >> "User-Agent: Apache-HttpClient/4.5.3 (Java/1.8.0_211)[\r][\n]"
11:24:25.161 [Forwarding get on session a0b5262eee3bf152b9f945336eb2ba0a to remote] DEBUG org.apache.http.wire - http-outgoing-29 >> "Accept-Encoding: gzip,deflate[\r][\n]"
11:24:25.161 [Forwarding get on session a0b5262eee3bf152b9f945336eb2ba0a to remote] DEBUG org.apache.http.wire - http-outgoing-29 >> "[\r][\n]"
11:24:25.161 [Forwarding get on session a0b5262eee3bf152b9f945336eb2ba0a to remote] DEBUG org.apache.http.wire - http-outgoing-29 >> "{"url":"https://tronscan.org/#/"}"
11:24:27.576 [Forwarding get on session a0b5262eee3bf152b9f945336eb2ba0a to remote] DEBUG org.apache.http.wire - http-outgoing-29 << "HTTP/1.1 200 OK[\r][\n]"
11:24:27.576 [Forwarding get on session a0b5262eee3bf152b9f945336eb2ba0a to remote] DEBUG org.apache.http.wire - http-outgoing-29 << "Content-Length:14[\r][\n]"
11:24:27.576 [Forwarding get on session a0b5262eee3bf152b9f945336eb2ba0a to remote] DEBUG org.apache.http.wire - http-outgoing-29 << "Content-Type:application/json; charset=utf-8[\r][\n]"
11:24:27.576 [Forwarding get on session a0b5262eee3bf152b9f945336eb2ba0a to remote] DEBUG org.apache.http.wire - http-outgoing-29 << "cache-control:no-cache[\r][\n]"
11:24:27.576 [Forwarding get on session a0b5262eee3bf152b9f945336eb2ba0a to remote] DEBUG org.apache.http.wire - http-outgoing-29 << "[\r][\n]"
11:24:27.576 [Forwarding get on session a0b5262eee3bf152b9f945336eb2ba0a to remote] DEBUG org.apache.http.wire - http-outgoing-29 << "{"value":null}"
11:24:27.576 [Forwarding get on session a0b5262eee3bf152b9f945336eb2ba0a to remote] DEBUG org.apache.http.headers - http-outgoing-29 << HTTP/1.1 200 OK
11:24:27.576 [Forwarding get on session a0b5262eee3bf152b9f945336eb2ba0a to remote] DEBUG org.apache.http.headers - http-outgoing-29 << Content-Length:14
11:24:27.576 [Forwarding get on session a0b5262eee3bf152b9f945336eb2ba0a to remote] DEBUG org.apache.http.headers - http-outgoing-29 << Content-Type:application/json; charset=utf-8
11:24:27.576 [Forwarding get on session a0b5262eee3bf152b9f945336eb2ba0a to remote] DEBUG org.apache.http.headers - http-outgoing-29 << cache-control:no-cache
11:24:27.576 [Forwarding get on session a0b5262eee3bf152b9f945336eb2ba0a to remote] DEBUG org.apache.http.impl.execchain.MainClientExec - Connection can be kept alive indefinitely
11:24:27.576 [Forwarding get on session a0b5262eee3bf152b9f945336eb2ba0a to remote] DEBUG org.apache.http.impl.conn.PoolingHttpClientConnectionManager - Connection [id: 29][route: {}->http://localhost:3689] can be kept alive indefinitely
11:24:27.576 [Forwarding get on session a0b5262eee3bf152b9f945336eb2ba0a to remote] DEBUG org.apache.http.impl.conn.PoolingHttpClientConnectionManager - Connection released: [id: 29][route: {}->http://localhost:3689][total kept alive: 30; route allocated: 1 of 2000; total allocated: 30 of 2000]
成功打开谷歌浏览器！
11:24:27.577 [Forwarding setTimeout on session a0b5262eee3bf152b9f945336eb2ba0a to remote] DEBUG org.apache.http.client.protocol.RequestAddCookies - CookieSpec selected: default
11:24:27.577 [Forwarding setTimeout on session a0b5262eee3bf152b9f945336eb2ba0a to remote] DEBUG org.apache.http.client.protocol.RequestAuthCache - Auth cache not set in the context
11:24:27.577 [Forwarding setTimeout on session a0b5262eee3bf152b9f945336eb2ba0a to remote] DEBUG org.apache.http.impl.conn.PoolingHttpClientConnectionManager - Connection request: [route: {}->http://localhost:3689][total kept alive: 30; route allocated: 1 of 2000; total allocated: 30 of 2000]
11:24:27.577 [Forwarding setTimeout on session a0b5262eee3bf152b9f945336eb2ba0a to remote] DEBUG org.apache.http.impl.conn.PoolingHttpClientConnectionManager - Connection leased: [id: 29][route: {}->http://localhost:3689][total kept alive: 29; route allocated: 1 of 2000; total allocated: 30 of 2000]
11:24:27.577 [Forwarding setTimeout on session a0b5262eee3bf152b9f945336eb2ba0a to remote] DEBUG org.apache.http.impl.execchain.MainClientExec - Stale connection check
11:24:27.578 [Forwarding setTimeout on session a0b5262eee3bf152b9f945336eb2ba0a to remote] DEBUG org.apache.http.wire - http-outgoing-29 << "[read] I/O error: Read timed out"
11:24:27.578 [Forwarding setTimeout on session a0b5262eee3bf152b9f945336eb2ba0a to remote] DEBUG org.apache.http.impl.conn.DefaultManagedHttpClientConnection - http-outgoing-29: set socket timeout to 10800000
11:24:27.578 [Forwarding setTimeout on session a0b5262eee3bf152b9f945336eb2ba0a to remote] DEBUG org.apache.http.impl.execchain.MainClientExec - Executing request POST /session/a0b5262eee3bf152b9f945336eb2ba0a/timeouts HTTP/1.1
11:24:27.578 [Forwarding setTimeout on session a0b5262eee3bf152b9f945336eb2ba0a to remote] DEBUG org.apache.http.impl.execchain.MainClientExec - Target auth state: UNCHALLENGED
11:24:27.578 [Forwarding setTimeout on session a0b5262eee3bf152b9f945336eb2ba0a to remote] DEBUG org.apache.http.impl.execchain.MainClientExec - Proxy auth state: UNCHALLENGED
11:24:27.578 [Forwarding setTimeout on session a0b5262eee3bf152b9f945336eb2ba0a to remote] DEBUG org.apache.http.headers - http-outgoing-29 >> POST /session/a0b5262eee3bf152b9f945336eb2ba0a/timeouts HTTP/1.1
11:24:27.578 [Forwarding setTimeout on session a0b5262eee3bf152b9f945336eb2ba0a to remote] DEBUG org.apache.http.headers - http-outgoing-29 >> Content-Type: application/json; charset=utf-8
11:24:27.578 [Forwarding setTimeout on session a0b5262eee3bf152b9f945336eb2ba0a to remote] DEBUG org.apache.http.headers - http-outgoing-29 >> Content-Length: 18
11:24:27.578 [Forwarding setTimeout on session a0b5262eee3bf152b9f945336eb2ba0a to remote] DEBUG org.apache.http.headers - http-outgoing-29 >> Host: localhost:3689
11:24:27.578 [Forwarding setTimeout on session a0b5262eee3bf152b9f945336eb2ba0a to remote] DEBUG org.apache.http.headers - http-outgoing-29 >> Connection: Keep-Alive
11:24:27.578 [Forwarding setTimeout on session a0b5262eee3bf152b9f945336eb2ba0a to remote] DEBUG org.apache.http.headers - http-outgoing-29 >> User-Agent: Apache-HttpClient/4.5.3 (Java/1.8.0_211)
11:24:27.578 [Forwarding setTimeout on session a0b5262eee3bf152b9f945336eb2ba0a to remote] DEBUG org.apache.http.headers - http-outgoing-29 >> Accept-Encoding: gzip,deflate
11:24:27.578 [Forwarding setTimeout on session a0b5262eee3bf152b9f945336eb2ba0a to remote] DEBUG org.apache.http.wire - http-outgoing-29 >> "POST /session/a0b5262eee3bf152b9f945336eb2ba0a/timeouts HTTP/1.1[\r][\n]"
11:24:27.578 [Forwarding setTimeout on session a0b5262eee3bf152b9f945336eb2ba0a to remote] DEBUG org.apache.http.wire - http-outgoing-29 >> "Content-Type: application/json; charset=utf-8[\r][\n]"
11:24:27.578 [Forwarding setTimeout on session a0b5262eee3bf152b9f945336eb2ba0a to remote] DEBUG org.apache.http.wire - http-outgoing-29 >> "Content-Length: 18[\r][\n]"
11:24:27.578 [Forwarding setTimeout on session a0b5262eee3bf152b9f945336eb2ba0a to remote] DEBUG org.apache.http.wire - http-outgoing-29 >> "Host: localhost:3689[\r][\n]"
11:24:27.578 [Forwarding setTimeout on session a0b5262eee3bf152b9f945336eb2ba0a to remote] DEBUG org.apache.http.wire - http-outgoing-29 >> "Connection: Keep-Alive[\r][\n]"
11:24:27.578 [Forwarding setTimeout on session a0b5262eee3bf152b9f945336eb2ba0a to remote] DEBUG org.apache.http.wire - http-outgoing-29 >> "User-Agent: Apache-HttpClient/4.5.3 (Java/1.8.0_211)[\r][\n]"
11:24:27.578 [Forwarding setTimeout on session a0b5262eee3bf152b9f945336eb2ba0a to remote] DEBUG org.apache.http.wire - http-outgoing-29 >> "Accept-Encoding: gzip,deflate[\r][\n]"
11:24:27.578 [Forwarding setTimeout on session a0b5262eee3bf152b9f945336eb2ba0a to remote] DEBUG org.apache.http.wire - http-outgoing-29 >> "[\r][\n]"
11:24:27.578 [Forwarding setTimeout on session a0b5262eee3bf152b9f945336eb2ba0a to remote] DEBUG org.apache.http.wire - http-outgoing-29 >> "{"implicit":10000}"
11:24:27.579 [Forwarding setTimeout on session a0b5262eee3bf152b9f945336eb2ba0a to remote] DEBUG org.apache.http.wire - http-outgoing-29 << "HTTP/1.1 200 OK[\r][\n]"
11:24:27.579 [Forwarding setTimeout on session a0b5262eee3bf152b9f945336eb2ba0a to remote] DEBUG org.apache.http.wire - http-outgoing-29 << "Content-Length:14[\r][\n]"
11:24:27.579 [Forwarding setTimeout on session a0b5262eee3bf152b9f945336eb2ba0a to remote] DEBUG org.apache.http.wire - http-outgoing-29 << "Content-Type:application/json; charset=utf-8[\r][\n]"
11:24:27.579 [Forwarding setTimeout on session a0b5262eee3bf152b9f945336eb2ba0a to remote] DEBUG org.apache.http.wire - http-outgoing-29 << "cache-control:no-cache[\r][\n]"
11:24:27.579 [Forwarding setTimeout on session a0b5262eee3bf152b9f945336eb2ba0a to remote] DEBUG org.apache.http.wire - http-outgoing-29 << "[\r][\n]"
11:24:27.579 [Forwarding setTimeout on session a0b5262eee3bf152b9f945336eb2ba0a to remote] DEBUG org.apache.http.wire - http-outgoing-29 << "{"value":null}"
11:24:27.579 [Forwarding setTimeout on session a0b5262eee3bf152b9f945336eb2ba0a to remote] DEBUG org.apache.http.headers - http-outgoing-29 << HTTP/1.1 200 OK
11:24:27.579 [Forwarding setTimeout on session a0b5262eee3bf152b9f945336eb2ba0a to remote] DEBUG org.apache.http.headers - http-outgoing-29 << Content-Length:14
11:24:27.579 [Forwarding setTimeout on session a0b5262eee3bf152b9f945336eb2ba0a to remote] DEBUG org.apache.http.headers - http-outgoing-29 << Content-Type:application/json; charset=utf-8
11:24:27.579 [Forwarding setTimeout on session a0b5262eee3bf152b9f945336eb2ba0a to remote] DEBUG org.apache.http.headers - http-outgoing-29 << cache-control:no-cache
11:24:27.579 [Forwarding setTimeout on session a0b5262eee3bf152b9f945336eb2ba0a to remote] DEBUG org.apache.http.impl.execchain.MainClientExec - Connection can be kept alive indefinitely
11:24:27.579 [Forwarding setTimeout on session a0b5262eee3bf152b9f945336eb2ba0a to remote] DEBUG org.apache.http.impl.conn.PoolingHttpClientConnectionManager - Connection [id: 29][route: {}->http://localhost:3689] can be kept alive indefinitely
11:24:27.579 [Forwarding setTimeout on session a0b5262eee3bf152b9f945336eb2ba0a to remote] DEBUG org.apache.http.impl.conn.PoolingHttpClientConnectionManager - Connection released: [id: 29][route: {}->http://localhost:3689][total kept alive: 30; route allocated: 1 of 2000; total allocated: 30 of 2000]
LOGIN
11:24:27.579 [Forwarding setCurrentWindowSize on session a0b5262eee3bf152b9f945336eb2ba0a to remote] DEBUG org.apache.http.client.protocol.RequestAddCookies - CookieSpec selected: default
11:24:27.579 [Forwarding setCurrentWindowSize on session a0b5262eee3bf152b9f945336eb2ba0a to remote] DEBUG org.apache.http.client.protocol.RequestAuthCache - Auth cache not set in the context
11:24:27.579 [Forwarding setCurrentWindowSize on session a0b5262eee3bf152b9f945336eb2ba0a to remote] DEBUG org.apache.http.impl.conn.PoolingHttpClientConnectionManager - Connection request: [route: {}->http://localhost:3689][total kept alive: 30; route allocated: 1 of 2000; total allocated: 30 of 2000]
11:24:27.579 [Forwarding setCurrentWindowSize on session a0b5262eee3bf152b9f945336eb2ba0a to remote] DEBUG org.apache.http.impl.conn.PoolingHttpClientConnectionManager - Connection leased: [id: 29][route: {}->http://localhost:3689][total kept alive: 29; route allocated: 1 of 2000; total allocated: 30 of 2000]
11:24:27.579 [Forwarding setCurrentWindowSize on session a0b5262eee3bf152b9f945336eb2ba0a to remote] DEBUG org.apache.http.impl.execchain.MainClientExec - Stale connection check
11:24:27.580 [Forwarding setCurrentWindowSize on session a0b5262eee3bf152b9f945336eb2ba0a to remote] DEBUG org.apache.http.wire - http-outgoing-29 << "[read] I/O error: Read timed out"
11:24:27.580 [Forwarding setCurrentWindowSize on session a0b5262eee3bf152b9f945336eb2ba0a to remote] DEBUG org.apache.http.impl.conn.DefaultManagedHttpClientConnection - http-outgoing-29: set socket timeout to 10800000
11:24:27.580 [Forwarding setCurrentWindowSize on session a0b5262eee3bf152b9f945336eb2ba0a to remote] DEBUG org.apache.http.impl.execchain.MainClientExec - Executing request POST /session/a0b5262eee3bf152b9f945336eb2ba0a/window/rect HTTP/1.1
11:24:27.581 [Forwarding setCurrentWindowSize on session a0b5262eee3bf152b9f945336eb2ba0a to remote] DEBUG org.apache.http.impl.execchain.MainClientExec - Target auth state: UNCHALLENGED
11:24:27.581 [Forwarding setCurrentWindowSize on session a0b5262eee3bf152b9f945336eb2ba0a to remote] DEBUG org.apache.http.impl.execchain.MainClientExec - Proxy auth state: UNCHALLENGED
11:24:27.581 [Forwarding setCurrentWindowSize on session a0b5262eee3bf152b9f945336eb2ba0a to remote] DEBUG org.apache.http.headers - http-outgoing-29 >> POST /session/a0b5262eee3bf152b9f945336eb2ba0a/window/rect HTTP/1.1
11:24:27.581 [Forwarding setCurrentWindowSize on session a0b5262eee3bf152b9f945336eb2ba0a to remote] DEBUG org.apache.http.headers - http-outgoing-29 >> Content-Type: application/json; charset=utf-8
11:24:27.581 [Forwarding setCurrentWindowSize on session a0b5262eee3bf152b9f945336eb2ba0a to remote] DEBUG org.apache.http.headers - http-outgoing-29 >> Content-Length: 28
11:24:27.581 [Forwarding setCurrentWindowSize on session a0b5262eee3bf152b9f945336eb2ba0a to remote] DEBUG org.apache.http.headers - http-outgoing-29 >> Host: localhost:3689
11:24:27.581 [Forwarding setCurrentWindowSize on session a0b5262eee3bf152b9f945336eb2ba0a to remote] DEBUG org.apache.http.headers - http-outgoing-29 >> Connection: Keep-Alive
11:24:27.581 [Forwarding setCurrentWindowSize on session a0b5262eee3bf152b9f945336eb2ba0a to remote] DEBUG org.apache.http.headers - http-outgoing-29 >> User-Agent: Apache-HttpClient/4.5.3 (Java/1.8.0_211)
11:24:27.581 [Forwarding setCurrentWindowSize on session a0b5262eee3bf152b9f945336eb2ba0a to remote] DEBUG org.apache.http.headers - http-outgoing-29 >> Accept-Encoding: gzip,deflate
11:24:27.581 [Forwarding setCurrentWindowSize on session a0b5262eee3bf152b9f945336eb2ba0a to remote] DEBUG org.apache.http.wire - http-outgoing-29 >> "POST /session/a0b5262eee3bf152b9f945336eb2ba0a/window/rect HTTP/1.1[\r][\n]"
11:24:27.581 [Forwarding setCurrentWindowSize on session a0b5262eee3bf152b9f945336eb2ba0a to remote] DEBUG org.apache.http.wire - http-outgoing-29 >> "Content-Type: application/json; charset=utf-8[\r][\n]"
11:24:27.581 [Forwarding setCurrentWindowSize on session a0b5262eee3bf152b9f945336eb2ba0a to remote] DEBUG org.apache.http.wire - http-outgoing-29 >> "Content-Length: 28[\r][\n]"
11:24:27.581 [Forwarding setCurrentWindowSize on session a0b5262eee3bf152b9f945336eb2ba0a to remote] DEBUG org.apache.http.wire - http-outgoing-29 >> "Host: localhost:3689[\r][\n]"
11:24:27.581 [Forwarding setCurrentWindowSize on session a0b5262eee3bf152b9f945336eb2ba0a to remote] DEBUG org.apache.http.wire - http-outgoing-29 >> "Connection: Keep-Alive[\r][\n]"
11:24:27.581 [Forwarding setCurrentWindowSize on session a0b5262eee3bf152b9f945336eb2ba0a to remote] DEBUG org.apache.http.wire - http-outgoing-29 >> "User-Agent: Apache-HttpClient/4.5.3 (Java/1.8.0_211)[\r][\n]"
11:24:27.581 [Forwarding setCurrentWindowSize on session a0b5262eee3bf152b9f945336eb2ba0a to remote] DEBUG org.apache.http.wire - http-outgoing-29 >> "Accept-Encoding: gzip,deflate[\r][\n]"
11:24:27.581 [Forwarding setCurrentWindowSize on session a0b5262eee3bf152b9f945336eb2ba0a to remote] DEBUG org.apache.http.wire - http-outgoing-29 >> "[\r][\n]"
11:24:27.581 [Forwarding setCurrentWindowSize on session a0b5262eee3bf152b9f945336eb2ba0a to remote] DEBUG org.apache.http.wire - http-outgoing-29 >> "{"width":2560,"height":1440}"
11:24:27.684 [Forwarding setCurrentWindowSize on session a0b5262eee3bf152b9f945336eb2ba0a to remote] DEBUG org.apache.http.wire - http-outgoing-29 << "HTTP/1.1 200 OK[\r][\n]"
11:24:27.684 [Forwarding setCurrentWindowSize on session a0b5262eee3bf152b9f945336eb2ba0a to remote] DEBUG org.apache.http.wire - http-outgoing-29 << "Content-Length:50[\r][\n]"
11:24:27.684 [Forwarding setCurrentWindowSize on session a0b5262eee3bf152b9f945336eb2ba0a to remote] DEBUG org.apache.http.wire - http-outgoing-29 << "Content-Type:application/json; charset=utf-8[\r][\n]"
11:24:27.684 [Forwarding setCurrentWindowSize on session a0b5262eee3bf152b9f945336eb2ba0a to remote] DEBUG org.apache.http.wire - http-outgoing-29 << "cache-control:no-cache[\r][\n]"
11:24:27.684 [Forwarding setCurrentWindowSize on session a0b5262eee3bf152b9f945336eb2ba0a to remote] DEBUG org.apache.http.wire - http-outgoing-29 << "[\r][\n]"
11:24:27.684 [Forwarding setCurrentWindowSize on session a0b5262eee3bf152b9f945336eb2ba0a to remote] DEBUG org.apache.http.wire - http-outgoing-29 << "{"value":{"height":1440,"width":2560,"x":0,"y":0}}"
11:24:27.684 [Forwarding setCurrentWindowSize on session a0b5262eee3bf152b9f945336eb2ba0a to remote] DEBUG org.apache.http.headers - http-outgoing-29 << HTTP/1.1 200 OK
11:24:27.684 [Forwarding setCurrentWindowSize on session a0b5262eee3bf152b9f945336eb2ba0a to remote] DEBUG org.apache.http.headers - http-outgoing-29 << Content-Length:50
11:24:27.684 [Forwarding setCurrentWindowSize on session a0b5262eee3bf152b9f945336eb2ba0a to remote] DEBUG org.apache.http.headers - http-outgoing-29 << Content-Type:application/json; charset=utf-8
11:24:27.684 [Forwarding setCurrentWindowSize on session a0b5262eee3bf152b9f945336eb2ba0a to remote] DEBUG org.apache.http.headers - http-outgoing-29 << cache-control:no-cache
11:24:27.684 [Forwarding setCurrentWindowSize on session a0b5262eee3bf152b9f945336eb2ba0a to remote] DEBUG org.apache.http.impl.execchain.MainClientExec - Connection can be kept alive indefinitely
11:24:27.684 [Forwarding setCurrentWindowSize on session a0b5262eee3bf152b9f945336eb2ba0a to remote] DEBUG org.apache.http.impl.conn.PoolingHttpClientConnectionManager - Connection [id: 29][route: {}->http://localhost:3689] can be kept alive indefinitely
11:24:27.684 [Forwarding setCurrentWindowSize on session a0b5262eee3bf152b9f945336eb2ba0a to remote] DEBUG org.apache.http.impl.conn.PoolingHttpClientConnectionManager - Connection released: [id: 29][route: {}->http://localhost:3689][total kept alive: 30; route allocated: 1 of 2000; total allocated: 30 of 2000]
11:24:27.885 [Forwarding findElement on session a0b5262eee3bf152b9f945336eb2ba0a to remote] DEBUG org.apache.http.client.protocol.RequestAddCookies - CookieSpec selected: default
11:24:27.885 [Forwarding findElement on session a0b5262eee3bf152b9f945336eb2ba0a to remote] DEBUG org.apache.http.client.protocol.RequestAuthCache - Auth cache not set in the context
11:24:27.885 [Forwarding findElement on session a0b5262eee3bf152b9f945336eb2ba0a to remote] DEBUG org.apache.http.impl.conn.PoolingHttpClientConnectionManager - Connection request: [route: {}->http://localhost:3689][total kept alive: 30; route allocated: 1 of 2000; total allocated: 30 of 2000]
11:24:27.885 [Forwarding findElement on session a0b5262eee3bf152b9f945336eb2ba0a to remote] DEBUG org.apache.http.impl.conn.PoolingHttpClientConnectionManager - Connection leased: [id: 29][route: {}->http://localhost:3689][total kept alive: 29; route allocated: 1 of 2000; total allocated: 30 of 2000]
11:24:27.885 [Forwarding findElement on session a0b5262eee3bf152b9f945336eb2ba0a to remote] DEBUG org.apache.http.impl.execchain.MainClientExec - Stale connection check
11:24:27.886 [Forwarding findElement on session a0b5262eee3bf152b9f945336eb2ba0a to remote] DEBUG org.apache.http.wire - http-outgoing-29 << "[read] I/O error: Read timed out"
11:24:27.886 [Forwarding findElement on session a0b5262eee3bf152b9f945336eb2ba0a to remote] DEBUG org.apache.http.impl.conn.DefaultManagedHttpClientConnection - http-outgoing-29: set socket timeout to 10800000
11:24:27.886 [Forwarding findElement on session a0b5262eee3bf152b9f945336eb2ba0a to remote] DEBUG org.apache.http.impl.execchain.MainClientExec - Executing request POST /session/a0b5262eee3bf152b9f945336eb2ba0a/element HTTP/1.1
11:24:27.886 [Forwarding findElement on session a0b5262eee3bf152b9f945336eb2ba0a to remote] DEBUG org.apache.http.impl.execchain.MainClientExec - Target auth state: UNCHALLENGED
11:24:27.886 [Forwarding findElement on session a0b5262eee3bf152b9f945336eb2ba0a to remote] DEBUG org.apache.http.impl.execchain.MainClientExec - Proxy auth state: UNCHALLENGED
11:24:27.886 [Forwarding findElement on session a0b5262eee3bf152b9f945336eb2ba0a to remote] DEBUG org.apache.http.headers - http-outgoing-29 >> POST /session/a0b5262eee3bf152b9f945336eb2ba0a/element HTTP/1.1
11:24:27.886 [Forwarding findElement on session a0b5262eee3bf152b9f945336eb2ba0a to remote] DEBUG org.apache.http.headers - http-outgoing-29 >> Content-Type: application/json; charset=utf-8
11:24:27.886 [Forwarding findElement on session a0b5262eee3bf152b9f945336eb2ba0a to remote] DEBUG org.apache.http.headers - http-outgoing-29 >> Content-Length: 58
11:24:27.886 [Forwarding findElement on session a0b5262eee3bf152b9f945336eb2ba0a to remote] DEBUG org.apache.http.headers - http-outgoing-29 >> Host: localhost:3689
11:24:27.886 [Forwarding findElement on session a0b5262eee3bf152b9f945336eb2ba0a to remote] DEBUG org.apache.http.headers - http-outgoing-29 >> Connection: Keep-Alive
11:24:27.886 [Forwarding findElement on session a0b5262eee3bf152b9f945336eb2ba0a to remote] DEBUG org.apache.http.headers - http-outgoing-29 >> User-Agent: Apache-HttpClient/4.5.3 (Java/1.8.0_211)
11:24:27.886 [Forwarding findElement on session a0b5262eee3bf152b9f945336eb2ba0a to remote] DEBUG org.apache.http.headers - http-outgoing-29 >> Accept-Encoding: gzip,deflate
11:24:27.886 [Forwarding findElement on session a0b5262eee3bf152b9f945336eb2ba0a to remote] DEBUG org.apache.http.wire - http-outgoing-29 >> "POST /session/a0b5262eee3bf152b9f945336eb2ba0a/element HTTP/1.1[\r][\n]"
11:24:27.886 [Forwarding findElement on session a0b5262eee3bf152b9f945336eb2ba0a to remote] DEBUG org.apache.http.wire - http-outgoing-29 >> "Content-Type: application/json; charset=utf-8[\r][\n]"
11:24:27.886 [Forwarding findElement on session a0b5262eee3bf152b9f945336eb2ba0a to remote] DEBUG org.apache.http.wire - http-outgoing-29 >> "Content-Length: 58[\r][\n]"
11:24:27.886 [Forwarding findElement on session a0b5262eee3bf152b9f945336eb2ba0a to remote] DEBUG org.apache.http.wire - http-outgoing-29 >> "Host: localhost:3689[\r][\n]"
11:24:27.886 [Forwarding findElement on session a0b5262eee3bf152b9f945336eb2ba0a to remote] DEBUG org.apache.http.wire - http-outgoing-29 >> "Connection: Keep-Alive[\r][\n]"
11:24:27.886 [Forwarding findElement on session a0b5262eee3bf152b9f945336eb2ba0a to remote] DEBUG org.apache.http.wire - http-outgoing-29 >> "User-Agent: Apache-HttpClient/4.5.3 (Java/1.8.0_211)[\r][\n]"
11:24:27.886 [Forwarding findElement on session a0b5262eee3bf152b9f945336eb2ba0a to remote] DEBUG org.apache.http.wire - http-outgoing-29 >> "Accept-Encoding: gzip,deflate[\r][\n]"
11:24:27.886 [Forwarding findElement on session a0b5262eee3bf152b9f945336eb2ba0a to remote] DEBUG org.apache.http.wire - http-outgoing-29 >> "[\r][\n]"
11:24:27.886 [Forwarding findElement on session a0b5262eee3bf152b9f945336eb2ba0a to remote] DEBUG org.apache.http.wire - http-outgoing-29 >> "{"value":".dropdown-toggle > span","using":"css selector"}"
11:24:27.895 [Forwarding findElement on session a0b5262eee3bf152b9f945336eb2ba0a to remote] DEBUG org.apache.http.wire - http-outgoing-29 << "HTTP/1.1 200 OK[\r][\n]"
11:24:27.895 [Forwarding findElement on session a0b5262eee3bf152b9f945336eb2ba0a to remote] DEBUG org.apache.http.wire - http-outgoing-29 << "Content-Length:88[\r][\n]"
11:24:27.895 [Forwarding findElement on session a0b5262eee3bf152b9f945336eb2ba0a to remote] DEBUG org.apache.http.wire - http-outgoing-29 << "Content-Type:application/json; charset=utf-8[\r][\n]"
11:24:27.895 [Forwarding findElement on session a0b5262eee3bf152b9f945336eb2ba0a to remote] DEBUG org.apache.http.wire - http-outgoing-29 << "cache-control:no-cache[\r][\n]"
11:24:27.895 [Forwarding findElement on session a0b5262eee3bf152b9f945336eb2ba0a to remote] DEBUG org.apache.http.wire - http-outgoing-29 << "[\r][\n]"
11:24:27.895 [Forwarding findElement on session a0b5262eee3bf152b9f945336eb2ba0a to remote] DEBUG org.apache.http.wire - http-outgoing-29 << "{"value":{"element-6066-11e4-a52e-4f735466cecf":"a0c61c54-d58a-4c8d-8edc-5e7dbed7d6ad"}}"
11:24:27.895 [Forwarding findElement on session a0b5262eee3bf152b9f945336eb2ba0a to remote] DEBUG org.apache.http.headers - http-outgoing-29 << HTTP/1.1 200 OK
11:24:27.895 [Forwarding findElement on session a0b5262eee3bf152b9f945336eb2ba0a to remote] DEBUG org.apache.http.headers - http-outgoing-29 << Content-Length:88
11:24:27.895 [Forwarding findElement on session a0b5262eee3bf152b9f945336eb2ba0a to remote] DEBUG org.apache.http.headers - http-outgoing-29 << Content-Type:application/json; charset=utf-8
11:24:27.895 [Forwarding findElement on session a0b5262eee3bf152b9f945336eb2ba0a to remote] DEBUG org.apache.http.headers - http-outgoing-29 << cache-control:no-cache
11:24:27.895 [Forwarding findElement on session a0b5262eee3bf152b9f945336eb2ba0a to remote] DEBUG org.apache.http.impl.execchain.MainClientExec - Connection can be kept alive indefinitely
11:24:27.895 [Forwarding findElement on session a0b5262eee3bf152b9f945336eb2ba0a to remote] DEBUG org.apache.http.impl.conn.PoolingHttpClientConnectionManager - Connection [id: 29][route: {}->http://localhost:3689] can be kept alive indefinitely
11:24:27.895 [Forwarding findElement on session a0b5262eee3bf152b9f945336eb2ba0a to remote] DEBUG org.apache.http.impl.conn.PoolingHttpClientConnectionManager - Connection released: [id: 29][route: {}->http://localhost:3689][total kept alive: 30; route allocated: 1 of 2000; total allocated: 30 of 2000]
11:24:27.895 [Forwarding actions on session a0b5262eee3bf152b9f945336eb2ba0a to remote] DEBUG org.apache.http.client.protocol.RequestAddCookies - CookieSpec selected: default
11:24:27.895 [Forwarding actions on session a0b5262eee3bf152b9f945336eb2ba0a to remote] DEBUG org.apache.http.client.protocol.RequestAuthCache - Auth cache not set in the context
11:24:27.895 [Forwarding actions on session a0b5262eee3bf152b9f945336eb2ba0a to remote] DEBUG org.apache.http.impl.conn.PoolingHttpClientConnectionManager - Connection request: [route: {}->http://localhost:3689][total kept alive: 30; route allocated: 1 of 2000; total allocated: 30 of 2000]
11:24:27.895 [Forwarding actions on session a0b5262eee3bf152b9f945336eb2ba0a to remote] DEBUG org.apache.http.impl.conn.PoolingHttpClientConnectionManager - Connection leased: [id: 29][route: {}->http://localhost:3689][total kept alive: 29; route allocated: 1 of 2000; total allocated: 30 of 2000]
11:24:27.895 [Forwarding actions on session a0b5262eee3bf152b9f945336eb2ba0a to remote] DEBUG org.apache.http.impl.execchain.MainClientExec - Stale connection check
11:24:27.897 [Forwarding actions on session a0b5262eee3bf152b9f945336eb2ba0a to remote] DEBUG org.apache.http.wire - http-outgoing-29 << "[read] I/O error: Read timed out"
11:24:27.897 [Forwarding actions on session a0b5262eee3bf152b9f945336eb2ba0a to remote] DEBUG org.apache.http.impl.conn.DefaultManagedHttpClientConnection - http-outgoing-29: set socket timeout to 10800000
11:24:27.897 [Forwarding actions on session a0b5262eee3bf152b9f945336eb2ba0a to remote] DEBUG org.apache.http.impl.execchain.MainClientExec - Executing request POST /session/a0b5262eee3bf152b9f945336eb2ba0a/actions HTTP/1.1
11:24:27.897 [Forwarding actions on session a0b5262eee3bf152b9f945336eb2ba0a to remote] DEBUG org.apache.http.impl.execchain.MainClientExec - Target auth state: UNCHALLENGED
11:24:27.897 [Forwarding actions on session a0b5262eee3bf152b9f945336eb2ba0a to remote] DEBUG org.apache.http.impl.execchain.MainClientExec - Proxy auth state: UNCHALLENGED
11:24:27.897 [Forwarding actions on session a0b5262eee3bf152b9f945336eb2ba0a to remote] DEBUG org.apache.http.headers - http-outgoing-29 >> POST /session/a0b5262eee3bf152b9f945336eb2ba0a/actions HTTP/1.1
11:24:27.897 [Forwarding actions on session a0b5262eee3bf152b9f945336eb2ba0a to remote] DEBUG org.apache.http.headers - http-outgoing-29 >> Content-Type: application/json; charset=utf-8
11:24:27.897 [Forwarding actions on session a0b5262eee3bf152b9f945336eb2ba0a to remote] DEBUG org.apache.http.headers - http-outgoing-29 >> Content-Length: 289
11:24:27.897 [Forwarding actions on session a0b5262eee3bf152b9f945336eb2ba0a to remote] DEBUG org.apache.http.headers - http-outgoing-29 >> Host: localhost:3689
11:24:27.897 [Forwarding actions on session a0b5262eee3bf152b9f945336eb2ba0a to remote] DEBUG org.apache.http.headers - http-outgoing-29 >> Connection: Keep-Alive
11:24:27.897 [Forwarding actions on session a0b5262eee3bf152b9f945336eb2ba0a to remote] DEBUG org.apache.http.headers - http-outgoing-29 >> User-Agent: Apache-HttpClient/4.5.3 (Java/1.8.0_211)
11:24:27.897 [Forwarding actions on session a0b5262eee3bf152b9f945336eb2ba0a to remote] DEBUG org.apache.http.headers - http-outgoing-29 >> Accept-Encoding: gzip,deflate
11:24:27.897 [Forwarding actions on session a0b5262eee3bf152b9f945336eb2ba0a to remote] DEBUG org.apache.http.wire - http-outgoing-29 >> "POST /session/a0b5262eee3bf152b9f945336eb2ba0a/actions HTTP/1.1[\r][\n]"
11:24:27.897 [Forwarding actions on session a0b5262eee3bf152b9f945336eb2ba0a to remote] DEBUG org.apache.http.wire - http-outgoing-29 >> "Content-Type: application/json; charset=utf-8[\r][\n]"
11:24:27.897 [Forwarding actions on session a0b5262eee3bf152b9f945336eb2ba0a to remote] DEBUG org.apache.http.wire - http-outgoing-29 >> "Content-Length: 289[\r][\n]"
11:24:27.897 [Forwarding actions on session a0b5262eee3bf152b9f945336eb2ba0a to remote] DEBUG org.apache.http.wire - http-outgoing-29 >> "Host: localhost:3689[\r][\n]"
11:24:27.897 [Forwarding actions on session a0b5262eee3bf152b9f945336eb2ba0a to remote] DEBUG org.apache.http.wire - http-outgoing-29 >> "Connection: Keep-Alive[\r][\n]"
11:24:27.897 [Forwarding actions on session a0b5262eee3bf152b9f945336eb2ba0a to remote] DEBUG org.apache.http.wire - http-outgoing-29 >> "User-Agent: Apache-HttpClient/4.5.3 (Java/1.8.0_211)[\r][\n]"
11:24:27.897 [Forwarding actions on session a0b5262eee3bf152b9f945336eb2ba0a to remote] DEBUG org.apache.http.wire - http-outgoing-29 >> "Accept-Encoding: gzip,deflate[\r][\n]"
11:24:27.897 [Forwarding actions on session a0b5262eee3bf152b9f945336eb2ba0a to remote] DEBUG org.apache.http.wire - http-outgoing-29 >> "[\r][\n]"
11:24:27.897 [Forwarding actions on session a0b5262eee3bf152b9f945336eb2ba0a to remote] DEBUG org.apache.http.wire - http-outgoing-29 >> "{"actions":[{"id":"default mouse","type":"pointer","parameters":{"pointerType":"mouse"},"actions":[{"duration":100,"x":0,"y":0,"type":"pointerMove","origin":{"ELEMENT":"a0c61c54-d58a-4c8d-8edc-5e7dbed7d6ad","element-6066-11e4-a52e-4f735466cecf":"a0c61c54-d58a-4c8d-8edc-5e7dbed7d6ad"}}]}]}"
11:24:28.012 [Forwarding actions on session a0b5262eee3bf152b9f945336eb2ba0a to remote] DEBUG org.apache.http.wire - http-outgoing-29 << "HTTP/1.1 200 OK[\r][\n]"
11:24:28.012 [Forwarding actions on session a0b5262eee3bf152b9f945336eb2ba0a to remote] DEBUG org.apache.http.wire - http-outgoing-29 << "Content-Length:14[\r][\n]"
11:24:28.012 [Forwarding actions on session a0b5262eee3bf152b9f945336eb2ba0a to remote] DEBUG org.apache.http.wire - http-outgoing-29 << "Content-Type:application/json; charset=utf-8[\r][\n]"
11:24:28.012 [Forwarding actions on session a0b5262eee3bf152b9f945336eb2ba0a to remote] DEBUG org.apache.http.wire - http-outgoing-29 << "cache-control:no-cache[\r][\n]"
11:24:28.012 [Forwarding actions on session a0b5262eee3bf152b9f945336eb2ba0a to remote] DEBUG org.apache.http.wire - http-outgoing-29 << "[\r][\n]"
11:24:28.012 [Forwarding actions on session a0b5262eee3bf152b9f945336eb2ba0a to remote] DEBUG org.apache.http.wire - http-outgoing-29 << "{"value":null}"
11:24:28.012 [Forwarding actions on session a0b5262eee3bf152b9f945336eb2ba0a to remote] DEBUG org.apache.http.headers - http-outgoing-29 << HTTP/1.1 200 OK
11:24:28.012 [Forwarding actions on session a0b5262eee3bf152b9f945336eb2ba0a to remote] DEBUG org.apache.http.headers - http-outgoing-29 << Content-Length:14
11:24:28.012 [Forwarding actions on session a0b5262eee3bf152b9f945336eb2ba0a to remote] DEBUG org.apache.http.headers - http-outgoing-29 << Content-Type:application/json; charset=utf-8
11:24:28.012 [Forwarding actions on session a0b5262eee3bf152b9f945336eb2ba0a to remote] DEBUG org.apache.http.headers - http-outgoing-29 << cache-control:no-cache
11:24:28.012 [Forwarding actions on session a0b5262eee3bf152b9f945336eb2ba0a to remote] DEBUG org.apache.http.impl.execchain.MainClientExec - Connection can be kept alive indefinitely
11:24:28.012 [Forwarding actions on session a0b5262eee3bf152b9f945336eb2ba0a to remote] DEBUG org.apache.http.impl.conn.PoolingHttpClientConnectionManager - Connection [id: 29][route: {}->http://localhost:3689] can be kept alive indefinitely
11:24:28.012 [Forwarding actions on session a0b5262eee3bf152b9f945336eb2ba0a to remote] DEBUG org.apache.http.impl.conn.PoolingHttpClientConnectionManager - Connection released: [id: 29][route: {}->http://localhost:3689][total kept alive: 30; route allocated: 1 of 2000; total allocated: 30 of 2000]
11:24:28.012 [Forwarding findElement on session a0b5262eee3bf152b9f945336eb2ba0a to remote] DEBUG org.apache.http.client.protocol.RequestAddCookies - CookieSpec selected: default
11:24:28.012 [Forwarding findElement on session a0b5262eee3bf152b9f945336eb2ba0a to remote] DEBUG org.apache.http.client.protocol.RequestAuthCache - Auth cache not set in the context
11:24:28.012 [Forwarding findElement on session a0b5262eee3bf152b9f945336eb2ba0a to remote] DEBUG org.apache.http.impl.conn.PoolingHttpClientConnectionManager - Connection request: [route: {}->http://localhost:3689][total kept alive: 30; route allocated: 1 of 2000; total allocated: 30 of 2000]
11:24:28.012 [Forwarding findElement on session a0b5262eee3bf152b9f945336eb2ba0a to remote] DEBUG org.apache.http.impl.conn.PoolingHttpClientConnectionManager - Connection leased: [id: 29][route: {}->http://localhost:3689][total kept alive: 29; route allocated: 1 of 2000; total allocated: 30 of 2000]
11:24:28.012 [Forwarding findElement on session a0b5262eee3bf152b9f945336eb2ba0a to remote] DEBUG org.apache.http.impl.execchain.MainClientExec - Stale connection check
11:24:28.013 [Forwarding findElement on session a0b5262eee3bf152b9f945336eb2ba0a to remote] DEBUG org.apache.http.wire - http-outgoing-29 << "[read] I/O error: Read timed out"
11:24:28.013 [Forwarding findElement on session a0b5262eee3bf152b9f945336eb2ba0a to remote] DEBUG org.apache.http.impl.conn.DefaultManagedHttpClientConnection - http-outgoing-29: set socket timeout to 10800000
11:24:28.013 [Forwarding findElement on session a0b5262eee3bf152b9f945336eb2ba0a to remote] DEBUG org.apache.http.impl.execchain.MainClientExec - Executing request POST /session/a0b5262eee3bf152b9f945336eb2ba0a/element HTTP/1.1
11:24:28.013 [Forwarding findElement on session a0b5262eee3bf152b9f945336eb2ba0a to remote] DEBUG org.apache.http.impl.execchain.MainClientExec - Target auth state: UNCHALLENGED
11:24:28.013 [Forwarding findElement on session a0b5262eee3bf152b9f945336eb2ba0a to remote] DEBUG org.apache.http.impl.execchain.MainClientExec - Proxy auth state: UNCHALLENGED
11:24:28.013 [Forwarding findElement on session a0b5262eee3bf152b9f945336eb2ba0a to remote] DEBUG org.apache.http.headers - http-outgoing-29 >> POST /session/a0b5262eee3bf152b9f945336eb2ba0a/element HTTP/1.1
11:24:28.013 [Forwarding findElement on session a0b5262eee3bf152b9f945336eb2ba0a to remote] DEBUG org.apache.http.headers - http-outgoing-29 >> Content-Type: application/json; charset=utf-8
11:24:28.013 [Forwarding findElement on session a0b5262eee3bf152b9f945336eb2ba0a to remote] DEBUG org.apache.http.headers - http-outgoing-29 >> Content-Length: 58
11:24:28.013 [Forwarding findElement on session a0b5262eee3bf152b9f945336eb2ba0a to remote] DEBUG org.apache.http.headers - http-outgoing-29 >> Host: localhost:3689
11:24:28.013 [Forwarding findElement on session a0b5262eee3bf152b9f945336eb2ba0a to remote] DEBUG org.apache.http.headers - http-outgoing-29 >> Connection: Keep-Alive
11:24:28.013 [Forwarding findElement on session a0b5262eee3bf152b9f945336eb2ba0a to remote] DEBUG org.apache.http.headers - http-outgoing-29 >> User-Agent: Apache-HttpClient/4.5.3 (Java/1.8.0_211)
11:24:28.013 [Forwarding findElement on session a0b5262eee3bf152b9f945336eb2ba0a to remote] DEBUG org.apache.http.headers - http-outgoing-29 >> Accept-Encoding: gzip,deflate
11:24:28.013 [Forwarding findElement on session a0b5262eee3bf152b9f945336eb2ba0a to remote] DEBUG org.apache.http.wire - http-outgoing-29 >> "POST /session/a0b5262eee3bf152b9f945336eb2ba0a/element HTTP/1.1[\r][\n]"
11:24:28.013 [Forwarding findElement on session a0b5262eee3bf152b9f945336eb2ba0a to remote] DEBUG org.apache.http.wire - http-outgoing-29 >> "Content-Type: application/json; charset=utf-8[\r][\n]"
11:24:28.013 [Forwarding findElement on session a0b5262eee3bf152b9f945336eb2ba0a to remote] DEBUG org.apache.http.wire - http-outgoing-29 >> "Content-Length: 58[\r][\n]"
11:24:28.013 [Forwarding findElement on session a0b5262eee3bf152b9f945336eb2ba0a to remote] DEBUG org.apache.http.wire - http-outgoing-29 >> "Host: localhost:3689[\r][\n]"
11:24:28.013 [Forwarding findElement on session a0b5262eee3bf152b9f945336eb2ba0a to remote] DEBUG org.apache.http.wire - http-outgoing-29 >> "Connection: Keep-Alive[\r][\n]"
11:24:28.013 [Forwarding findElement on session a0b5262eee3bf152b9f945336eb2ba0a to remote] DEBUG org.apache.http.wire - http-outgoing-29 >> "User-Agent: Apache-HttpClient/4.5.3 (Java/1.8.0_211)[\r][\n]"
11:24:28.013 [Forwarding findElement on session a0b5262eee3bf152b9f945336eb2ba0a to remote] DEBUG org.apache.http.wire - http-outgoing-29 >> "Accept-Encoding: gzip,deflate[\r][\n]"
11:24:28.013 [Forwarding findElement on session a0b5262eee3bf152b9f945336eb2ba0a to remote] DEBUG org.apache.http.wire - http-outgoing-29 >> "[\r][\n]"
11:24:28.013 [Forwarding findElement on session a0b5262eee3bf152b9f945336eb2ba0a to remote] DEBUG org.apache.http.wire - http-outgoing-29 >> "{"value":".px-2:nth-child(3) span","using":"css selector"}"
11:24:28.019 [Forwarding findElement on session a0b5262eee3bf152b9f945336eb2ba0a to remote] DEBUG org.apache.http.wire - http-outgoing-29 << "HTTP/1.1 200 OK[\r][\n]"
11:24:28.019 [Forwarding findElement on session a0b5262eee3bf152b9f945336eb2ba0a to remote] DEBUG org.apache.http.wire - http-outgoing-29 << "Content-Length:88[\r][\n]"
11:24:28.019 [Forwarding findElement on session a0b5262eee3bf152b9f945336eb2ba0a to remote] DEBUG org.apache.http.wire - http-outgoing-29 << "Content-Type:application/json; charset=utf-8[\r][\n]"
11:24:28.019 [Forwarding findElement on session a0b5262eee3bf152b9f945336eb2ba0a to remote] DEBUG org.apache.http.wire - http-outgoing-29 << "cache-control:no-cache[\r][\n]"
11:24:28.019 [Forwarding findElement on session a0b5262eee3bf152b9f945336eb2ba0a to remote] DEBUG org.apache.http.wire - http-outgoing-29 << "[\r][\n]"
11:24:28.019 [Forwarding findElement on session a0b5262eee3bf152b9f945336eb2ba0a to remote] DEBUG org.apache.http.wire - http-outgoing-29 << "{"value":{"element-6066-11e4-a52e-4f735466cecf":"5863c3d2-444d-49ac-a725-2418824d0979"}}"
11:24:28.019 [Forwarding findElement on session a0b5262eee3bf152b9f945336eb2ba0a to remote] DEBUG org.apache.http.headers - http-outgoing-29 << HTTP/1.1 200 OK
11:24:28.019 [Forwarding findElement on session a0b5262eee3bf152b9f945336eb2ba0a to remote] DEBUG org.apache.http.headers - http-outgoing-29 << Content-Length:88
11:24:28.019 [Forwarding findElement on session a0b5262eee3bf152b9f945336eb2ba0a to remote] DEBUG org.apache.http.headers - http-outgoing-29 << Content-Type:application/json; charset=utf-8
11:24:28.019 [Forwarding findElement on session a0b5262eee3bf152b9f945336eb2ba0a to remote] DEBUG org.apache.http.headers - http-outgoing-29 << cache-control:no-cache
11:24:28.019 [Forwarding findElement on session a0b5262eee3bf152b9f945336eb2ba0a to remote] DEBUG org.apache.http.impl.execchain.MainClientExec - Connection can be kept alive indefinitely
11:24:28.019 [Forwarding findElement on session a0b5262eee3bf152b9f945336eb2ba0a to remote] DEBUG org.apache.http.impl.conn.PoolingHttpClientConnectionManager - Connection [id: 29][route: {}->http://localhost:3689] can be kept alive indefinitely
11:24:28.019 [Forwarding findElement on session a0b5262eee3bf152b9f945336eb2ba0a to remote] DEBUG org.apache.http.impl.conn.PoolingHttpClientConnectionManager - Connection released: [id: 29][route: {}->http://localhost:3689][total kept alive: 30; route allocated: 1 of 2000; total allocated: 30 of 2000]
11:24:28.019 [Forwarding clickElement on session a0b5262eee3bf152b9f945336eb2ba0a to remote] DEBUG org.apache.http.client.protocol.RequestAddCookies - CookieSpec selected: default
11:24:28.019 [Forwarding clickElement on session a0b5262eee3bf152b9f945336eb2ba0a to remote] DEBUG org.apache.http.client.protocol.RequestAuthCache - Auth cache not set in the context
11:24:28.019 [Forwarding clickElement on session a0b5262eee3bf152b9f945336eb2ba0a to remote] DEBUG org.apache.http.impl.conn.PoolingHttpClientConnectionManager - Connection request: [route: {}->http://localhost:3689][total kept alive: 30; route allocated: 1 of 2000; total allocated: 30 of 2000]
11:24:28.019 [Forwarding clickElement on session a0b5262eee3bf152b9f945336eb2ba0a to remote] DEBUG org.apache.http.impl.conn.PoolingHttpClientConnectionManager - Connection leased: [id: 29][route: {}->http://localhost:3689][total kept alive: 29; route allocated: 1 of 2000; total allocated: 30 of 2000]
11:24:28.019 [Forwarding clickElement on session a0b5262eee3bf152b9f945336eb2ba0a to remote] DEBUG org.apache.http.impl.execchain.MainClientExec - Stale connection check
11:24:28.020 [Forwarding clickElement on session a0b5262eee3bf152b9f945336eb2ba0a to remote] DEBUG org.apache.http.wire - http-outgoing-29 << "[read] I/O error: Read timed out"
11:24:28.020 [Forwarding clickElement on session a0b5262eee3bf152b9f945336eb2ba0a to remote] DEBUG org.apache.http.impl.conn.DefaultManagedHttpClientConnection - http-outgoing-29: set socket timeout to 10800000
11:24:28.020 [Forwarding clickElement on session a0b5262eee3bf152b9f945336eb2ba0a to remote] DEBUG org.apache.http.impl.execchain.MainClientExec - Executing request POST /session/a0b5262eee3bf152b9f945336eb2ba0a/element/5863c3d2-444d-49ac-a725-2418824d0979/click HTTP/1.1
11:24:28.020 [Forwarding clickElement on session a0b5262eee3bf152b9f945336eb2ba0a to remote] DEBUG org.apache.http.impl.execchain.MainClientExec - Target auth state: UNCHALLENGED
11:24:28.020 [Forwarding clickElement on session a0b5262eee3bf152b9f945336eb2ba0a to remote] DEBUG org.apache.http.impl.execchain.MainClientExec - Proxy auth state: UNCHALLENGED
11:24:28.020 [Forwarding clickElement on session a0b5262eee3bf152b9f945336eb2ba0a to remote] DEBUG org.apache.http.headers - http-outgoing-29 >> POST /session/a0b5262eee3bf152b9f945336eb2ba0a/element/5863c3d2-444d-49ac-a725-2418824d0979/click HTTP/1.1
11:24:28.020 [Forwarding clickElement on session a0b5262eee3bf152b9f945336eb2ba0a to remote] DEBUG org.apache.http.headers - http-outgoing-29 >> Content-Type: application/json; charset=utf-8
11:24:28.020 [Forwarding clickElement on session a0b5262eee3bf152b9f945336eb2ba0a to remote] DEBUG org.apache.http.headers - http-outgoing-29 >> Content-Length: 45
11:24:28.020 [Forwarding clickElement on session a0b5262eee3bf152b9f945336eb2ba0a to remote] DEBUG org.apache.http.headers - http-outgoing-29 >> Host: localhost:3689
11:24:28.020 [Forwarding clickElement on session a0b5262eee3bf152b9f945336eb2ba0a to remote] DEBUG org.apache.http.headers - http-outgoing-29 >> Connection: Keep-Alive
11:24:28.020 [Forwarding clickElement on session a0b5262eee3bf152b9f945336eb2ba0a to remote] DEBUG org.apache.http.headers - http-outgoing-29 >> User-Agent: Apache-HttpClient/4.5.3 (Java/1.8.0_211)
11:24:28.020 [Forwarding clickElement on session a0b5262eee3bf152b9f945336eb2ba0a to remote] DEBUG org.apache.http.headers - http-outgoing-29 >> Accept-Encoding: gzip,deflate
11:24:28.020 [Forwarding clickElement on session a0b5262eee3bf152b9f945336eb2ba0a to remote] DEBUG org.apache.http.wire - http-outgoing-29 >> "POST /session/a0b5262eee3bf152b9f945336eb2ba0a/element/5863c3d2-444d-49ac-a725-2418824d0979/click HTTP/1.1[\r][\n]"
11:24:28.020 [Forwarding clickElement on session a0b5262eee3bf152b9f945336eb2ba0a to remote] DEBUG org.apache.http.wire - http-outgoing-29 >> "Content-Type: application/json; charset=utf-8[\r][\n]"
11:24:28.020 [Forwarding clickElement on session a0b5262eee3bf152b9f945336eb2ba0a to remote] DEBUG org.apache.http.wire - http-outgoing-29 >> "Content-Length: 45[\r][\n]"
11:24:28.020 [Forwarding clickElement on session a0b5262eee3bf152b9f945336eb2ba0a to remote] DEBUG org.apache.http.wire - http-outgoing-29 >> "Host: localhost:3689[\r][\n]"
11:24:28.020 [Forwarding clickElement on session a0b5262eee3bf152b9f945336eb2ba0a to remote] DEBUG org.apache.http.wire - http-outgoing-29 >> "Connection: Keep-Alive[\r][\n]"
11:24:28.020 [Forwarding clickElement on session a0b5262eee3bf152b9f945336eb2ba0a to remote] DEBUG org.apache.http.wire - http-outgoing-29 >> "User-Agent: Apache-HttpClient/4.5.3 (Java/1.8.0_211)[\r][\n]"
11:24:28.020 [Forwarding clickElement on session a0b5262eee3bf152b9f945336eb2ba0a to remote] DEBUG org.apache.http.wire - http-outgoing-29 >> "Accept-Encoding: gzip,deflate[\r][\n]"
11:24:28.020 [Forwarding clickElement on session a0b5262eee3bf152b9f945336eb2ba0a to remote] DEBUG org.apache.http.wire - http-outgoing-29 >> "[\r][\n]"
11:24:28.020 [Forwarding clickElement on session a0b5262eee3bf152b9f945336eb2ba0a to remote] DEBUG org.apache.http.wire - http-outgoing-29 >> "{"id":"5863c3d2-444d-49ac-a725-2418824d0979"}"
11:24:28.078 [Forwarding clickElement on session a0b5262eee3bf152b9f945336eb2ba0a to remote] DEBUG org.apache.http.wire - http-outgoing-29 << "HTTP/1.1 200 OK[\r][\n]"
11:24:28.078 [Forwarding clickElement on session a0b5262eee3bf152b9f945336eb2ba0a to remote] DEBUG org.apache.http.wire - http-outgoing-29 << "Content-Length:14[\r][\n]"
11:24:28.078 [Forwarding clickElement on session a0b5262eee3bf152b9f945336eb2ba0a to remote] DEBUG org.apache.http.wire - http-outgoing-29 << "Content-Type:application/json; charset=utf-8[\r][\n]"
11:24:28.078 [Forwarding clickElement on session a0b5262eee3bf152b9f945336eb2ba0a to remote] DEBUG org.apache.http.wire - http-outgoing-29 << "cache-control:no-cache[\r][\n]"
11:24:28.078 [Forwarding clickElement on session a0b5262eee3bf152b9f945336eb2ba0a to remote] DEBUG org.apache.http.wire - http-outgoing-29 << "[\r][\n]"
11:24:28.078 [Forwarding clickElement on session a0b5262eee3bf152b9f945336eb2ba0a to remote] DEBUG org.apache.http.wire - http-outgoing-29 << "{"value":null}"
11:24:28.078 [Forwarding clickElement on session a0b5262eee3bf152b9f945336eb2ba0a to remote] DEBUG org.apache.http.headers - http-outgoing-29 << HTTP/1.1 200 OK
11:24:28.078 [Forwarding clickElement on session a0b5262eee3bf152b9f945336eb2ba0a to remote] DEBUG org.apache.http.headers - http-outgoing-29 << Content-Length:14
11:24:28.078 [Forwarding clickElement on session a0b5262eee3bf152b9f945336eb2ba0a to remote] DEBUG org.apache.http.headers - http-outgoing-29 << Content-Type:application/json; charset=utf-8
11:24:28.078 [Forwarding clickElement on session a0b5262eee3bf152b9f945336eb2ba0a to remote] DEBUG org.apache.http.headers - http-outgoing-29 << cache-control:no-cache
11:24:28.078 [Forwarding clickElement on session a0b5262eee3bf152b9f945336eb2ba0a to remote] DEBUG org.apache.http.impl.execchain.MainClientExec - Connection can be kept alive indefinitely
11:24:28.078 [Forwarding clickElement on session a0b5262eee3bf152b9f945336eb2ba0a to remote] DEBUG org.apache.http.impl.conn.PoolingHttpClientConnectionManager - Connection [id: 29][route: {}->http://localhost:3689] can be kept alive indefinitely
11:24:28.078 [Forwarding clickElement on session a0b5262eee3bf152b9f945336eb2ba0a to remote] DEBUG org.apache.http.impl.conn.PoolingHttpClientConnectionManager - Connection released: [id: 29][route: {}->http://localhost:3689][total kept alive: 30; route allocated: 1 of 2000; total allocated: 30 of 2000]
11:24:28.079 [Forwarding findElement on session a0b5262eee3bf152b9f945336eb2ba0a to remote] DEBUG org.apache.http.client.protocol.RequestAddCookies - CookieSpec selected: default
11:24:28.079 [Forwarding findElement on session a0b5262eee3bf152b9f945336eb2ba0a to remote] DEBUG org.apache.http.client.protocol.RequestAuthCache - Auth cache not set in the context
11:24:28.079 [Forwarding findElement on session a0b5262eee3bf152b9f945336eb2ba0a to remote] DEBUG org.apache.http.impl.conn.PoolingHttpClientConnectionManager - Connection request: [route: {}->http://localhost:3689][total kept alive: 30; route allocated: 1 of 2000; total allocated: 30 of 2000]
11:24:28.079 [Forwarding findElement on session a0b5262eee3bf152b9f945336eb2ba0a to remote] DEBUG org.apache.http.impl.conn.PoolingHttpClientConnectionManager - Connection leased: [id: 29][route: {}->http://localhost:3689][total kept alive: 29; route allocated: 1 of 2000; total allocated: 30 of 2000]
11:24:28.079 [Forwarding findElement on session a0b5262eee3bf152b9f945336eb2ba0a to remote] DEBUG org.apache.http.impl.execchain.MainClientExec - Stale connection check
11:24:28.080 [Forwarding findElement on session a0b5262eee3bf152b9f945336eb2ba0a to remote] DEBUG org.apache.http.wire - http-outgoing-29 << "[read] I/O error: Read timed out"
11:24:28.080 [Forwarding findElement on session a0b5262eee3bf152b9f945336eb2ba0a to remote] DEBUG org.apache.http.impl.conn.DefaultManagedHttpClientConnection - http-outgoing-29: set socket timeout to 10800000
11:24:28.080 [Forwarding findElement on session a0b5262eee3bf152b9f945336eb2ba0a to remote] DEBUG org.apache.http.impl.execchain.MainClientExec - Executing request POST /session/a0b5262eee3bf152b9f945336eb2ba0a/element HTTP/1.1
11:24:28.080 [Forwarding findElement on session a0b5262eee3bf152b9f945336eb2ba0a to remote] DEBUG org.apache.http.impl.execchain.MainClientExec - Target auth state: UNCHALLENGED
11:24:28.080 [Forwarding findElement on session a0b5262eee3bf152b9f945336eb2ba0a to remote] DEBUG org.apache.http.impl.execchain.MainClientExec - Proxy auth state: UNCHALLENGED
11:24:28.080 [Forwarding findElement on session a0b5262eee3bf152b9f945336eb2ba0a to remote] DEBUG org.apache.http.headers - http-outgoing-29 >> POST /session/a0b5262eee3bf152b9f945336eb2ba0a/element HTTP/1.1
11:24:28.080 [Forwarding findElement on session a0b5262eee3bf152b9f945336eb2ba0a to remote] DEBUG org.apache.http.headers - http-outgoing-29 >> Content-Type: application/json; charset=utf-8
11:24:28.080 [Forwarding findElement on session a0b5262eee3bf152b9f945336eb2ba0a to remote] DEBUG org.apache.http.headers - http-outgoing-29 >> Content-Length: 61
11:24:28.080 [Forwarding findElement on session a0b5262eee3bf152b9f945336eb2ba0a to remote] DEBUG org.apache.http.headers - http-outgoing-29 >> Host: localhost:3689
11:24:28.080 [Forwarding findElement on session a0b5262eee3bf152b9f945336eb2ba0a to remote] DEBUG org.apache.http.headers - http-outgoing-29 >> Connection: Keep-Alive
11:24:28.080 [Forwarding findElement on session a0b5262eee3bf152b9f945336eb2ba0a to remote] DEBUG org.apache.http.headers - http-outgoing-29 >> User-Agent: Apache-HttpClient/4.5.3 (Java/1.8.0_211)
11:24:28.080 [Forwarding findElement on session a0b5262eee3bf152b9f945336eb2ba0a to remote] DEBUG org.apache.http.headers - http-outgoing-29 >> Accept-Encoding: gzip,deflate
11:24:28.080 [Forwarding findElement on session a0b5262eee3bf152b9f945336eb2ba0a to remote] DEBUG org.apache.http.wire - http-outgoing-29 >> "POST /session/a0b5262eee3bf152b9f945336eb2ba0a/element HTTP/1.1[\r][\n]"
11:24:28.080 [Forwarding findElement on session a0b5262eee3bf152b9f945336eb2ba0a to remote] DEBUG org.apache.http.wire - http-outgoing-29 >> "Content-Type: application/json; charset=utf-8[\r][\n]"
11:24:28.080 [Forwarding findElement on session a0b5262eee3bf152b9f945336eb2ba0a to remote] DEBUG org.apache.http.wire - http-outgoing-29 >> "Content-Length: 61[\r][\n]"
11:24:28.080 [Forwarding findElement on session a0b5262eee3bf152b9f945336eb2ba0a to remote] DEBUG org.apache.http.wire - http-outgoing-29 >> "Host: localhost:3689[\r][\n]"
11:24:28.080 [Forwarding findElement on session a0b5262eee3bf152b9f945336eb2ba0a to remote] DEBUG org.apache.http.wire - http-outgoing-29 >> "Connection: Keep-Alive[\r][\n]"
11:24:28.080 [Forwarding findElement on session a0b5262eee3bf152b9f945336eb2ba0a to remote] DEBUG org.apache.http.wire - http-outgoing-29 >> "User-Agent: Apache-HttpClient/4.5.3 (Java/1.8.0_211)[\r][\n]"
11:24:28.080 [Forwarding findElement on session a0b5262eee3bf152b9f945336eb2ba0a to remote] DEBUG org.apache.http.wire - http-outgoing-29 >> "Accept-Encoding: gzip,deflate[\r][\n]"
11:24:28.080 [Forwarding findElement on session a0b5262eee3bf152b9f945336eb2ba0a to remote] DEBUG org.apache.http.wire - http-outgoing-29 >> "[\r][\n]"
11:24:28.080 [Forwarding findElement on session a0b5262eee3bf152b9f945336eb2ba0a to remote] DEBUG org.apache.http.wire - http-outgoing-29 >> "{"value":".form-control:nth-child(2)","using":"css selector"}"
11:24:28.086 [Forwarding findElement on session a0b5262eee3bf152b9f945336eb2ba0a to remote] DEBUG org.apache.http.wire - http-outgoing-29 << "HTTP/1.1 200 OK[\r][\n]"
11:24:28.086 [Forwarding findElement on session a0b5262eee3bf152b9f945336eb2ba0a to remote] DEBUG org.apache.http.wire - http-outgoing-29 << "Content-Length:88[\r][\n]"
11:24:28.086 [Forwarding findElement on session a0b5262eee3bf152b9f945336eb2ba0a to remote] DEBUG org.apache.http.wire - http-outgoing-29 << "Content-Type:application/json; charset=utf-8[\r][\n]"
11:24:28.086 [Forwarding findElement on session a0b5262eee3bf152b9f945336eb2ba0a to remote] DEBUG org.apache.http.wire - http-outgoing-29 << "cache-control:no-cache[\r][\n]"
11:24:28.086 [Forwarding findElement on session a0b5262eee3bf152b9f945336eb2ba0a to remote] DEBUG org.apache.http.wire - http-outgoing-29 << "[\r][\n]"
11:24:28.086 [Forwarding findElement on session a0b5262eee3bf152b9f945336eb2ba0a to remote] DEBUG org.apache.http.wire - http-outgoing-29 << "{"value":{"element-6066-11e4-a52e-4f735466cecf":"0f053dd4-e5db-4f20-8cf8-2ccd35e18c64"}}"
11:24:28.086 [Forwarding findElement on session a0b5262eee3bf152b9f945336eb2ba0a to remote] DEBUG org.apache.http.headers - http-outgoing-29 << HTTP/1.1 200 OK
11:24:28.086 [Forwarding findElement on session a0b5262eee3bf152b9f945336eb2ba0a to remote] DEBUG org.apache.http.headers - http-outgoing-29 << Content-Length:88
11:24:28.086 [Forwarding findElement on session a0b5262eee3bf152b9f945336eb2ba0a to remote] DEBUG org.apache.http.headers - http-outgoing-29 << Content-Type:application/json; charset=utf-8
11:24:28.086 [Forwarding findElement on session a0b5262eee3bf152b9f945336eb2ba0a to remote] DEBUG org.apache.http.headers - http-outgoing-29 << cache-control:no-cache
11:24:28.086 [Forwarding findElement on session a0b5262eee3bf152b9f945336eb2ba0a to remote] DEBUG org.apache.http.impl.execchain.MainClientExec - Connection can be kept alive indefinitely
11:24:28.086 [Forwarding findElement on session a0b5262eee3bf152b9f945336eb2ba0a to remote] DEBUG org.apache.http.impl.conn.PoolingHttpClientConnectionManager - Connection [id: 29][route: {}->http://localhost:3689] can be kept alive indefinitely
11:24:28.086 [Forwarding findElement on session a0b5262eee3bf152b9f945336eb2ba0a to remote] DEBUG org.apache.http.impl.conn.PoolingHttpClientConnectionManager - Connection released: [id: 29][route: {}->http://localhost:3689][total kept alive: 30; route allocated: 1 of 2000; total allocated: 30 of 2000]
11:24:28.086 [Forwarding clickElement on session a0b5262eee3bf152b9f945336eb2ba0a to remote] DEBUG org.apache.http.client.protocol.RequestAddCookies - CookieSpec selected: default
11:24:28.086 [Forwarding clickElement on session a0b5262eee3bf152b9f945336eb2ba0a to remote] DEBUG org.apache.http.client.protocol.RequestAuthCache - Auth cache not set in the context
11:24:28.086 [Forwarding clickElement on session a0b5262eee3bf152b9f945336eb2ba0a to remote] DEBUG org.apache.http.impl.conn.PoolingHttpClientConnectionManager - Connection request: [route: {}->http://localhost:3689][total kept alive: 30; route allocated: 1 of 2000; total allocated: 30 of 2000]
11:24:28.086 [Forwarding clickElement on session a0b5262eee3bf152b9f945336eb2ba0a to remote] DEBUG org.apache.http.impl.conn.PoolingHttpClientConnectionManager - Connection leased: [id: 29][route: {}->http://localhost:3689][total kept alive: 29; route allocated: 1 of 2000; total allocated: 30 of 2000]
11:24:28.086 [Forwarding clickElement on session a0b5262eee3bf152b9f945336eb2ba0a to remote] DEBUG org.apache.http.impl.execchain.MainClientExec - Stale connection check
11:24:28.087 [Forwarding clickElement on session a0b5262eee3bf152b9f945336eb2ba0a to remote] DEBUG org.apache.http.wire - http-outgoing-29 << "[read] I/O error: Read timed out"
11:24:28.087 [Forwarding clickElement on session a0b5262eee3bf152b9f945336eb2ba0a to remote] DEBUG org.apache.http.impl.conn.DefaultManagedHttpClientConnection - http-outgoing-29: set socket timeout to 10800000
11:24:28.087 [Forwarding clickElement on session a0b5262eee3bf152b9f945336eb2ba0a to remote] DEBUG org.apache.http.impl.execchain.MainClientExec - Executing request POST /session/a0b5262eee3bf152b9f945336eb2ba0a/element/0f053dd4-e5db-4f20-8cf8-2ccd35e18c64/click HTTP/1.1
11:24:28.087 [Forwarding clickElement on session a0b5262eee3bf152b9f945336eb2ba0a to remote] DEBUG org.apache.http.impl.execchain.MainClientExec - Target auth state: UNCHALLENGED
11:24:28.087 [Forwarding clickElement on session a0b5262eee3bf152b9f945336eb2ba0a to remote] DEBUG org.apache.http.impl.execchain.MainClientExec - Proxy auth state: UNCHALLENGED
11:24:28.087 [Forwarding clickElement on session a0b5262eee3bf152b9f945336eb2ba0a to remote] DEBUG org.apache.http.headers - http-outgoing-29 >> POST /session/a0b5262eee3bf152b9f945336eb2ba0a/element/0f053dd4-e5db-4f20-8cf8-2ccd35e18c64/click HTTP/1.1
11:24:28.087 [Forwarding clickElement on session a0b5262eee3bf152b9f945336eb2ba0a to remote] DEBUG org.apache.http.headers - http-outgoing-29 >> Content-Type: application/json; charset=utf-8
11:24:28.087 [Forwarding clickElement on session a0b5262eee3bf152b9f945336eb2ba0a to remote] DEBUG org.apache.http.headers - http-outgoing-29 >> Content-Length: 45
11:24:28.087 [Forwarding clickElement on session a0b5262eee3bf152b9f945336eb2ba0a to remote] DEBUG org.apache.http.headers - http-outgoing-29 >> Host: localhost:3689
11:24:28.087 [Forwarding clickElement on session a0b5262eee3bf152b9f945336eb2ba0a to remote] DEBUG org.apache.http.headers - http-outgoing-29 >> Connection: Keep-Alive
11:24:28.087 [Forwarding clickElement on session a0b5262eee3bf152b9f945336eb2ba0a to remote] DEBUG org.apache.http.headers - http-outgoing-29 >> User-Agent: Apache-HttpClient/4.5.3 (Java/1.8.0_211)
11:24:28.087 [Forwarding clickElement on session a0b5262eee3bf152b9f945336eb2ba0a to remote] DEBUG org.apache.http.headers - http-outgoing-29 >> Accept-Encoding: gzip,deflate
11:24:28.087 [Forwarding clickElement on session a0b5262eee3bf152b9f945336eb2ba0a to remote] DEBUG org.apache.http.wire - http-outgoing-29 >> "POST /session/a0b5262eee3bf152b9f945336eb2ba0a/element/0f053dd4-e5db-4f20-8cf8-2ccd35e18c64/click HTTP/1.1[\r][\n]"
11:24:28.088 [Forwarding clickElement on session a0b5262eee3bf152b9f945336eb2ba0a to remote] DEBUG org.apache.http.wire - http-outgoing-29 >> "Content-Type: application/json; charset=utf-8[\r][\n]"
11:24:28.088 [Forwarding clickElement on session a0b5262eee3bf152b9f945336eb2ba0a to remote] DEBUG org.apache.http.wire - http-outgoing-29 >> "Content-Length: 45[\r][\n]"
11:24:28.088 [Forwarding clickElement on session a0b5262eee3bf152b9f945336eb2ba0a to remote] DEBUG org.apache.http.wire - http-outgoing-29 >> "Host: localhost:3689[\r][\n]"
11:24:28.088 [Forwarding clickElement on session a0b5262eee3bf152b9f945336eb2ba0a to remote] DEBUG org.apache.http.wire - http-outgoing-29 >> "Connection: Keep-Alive[\r][\n]"
11:24:28.088 [Forwarding clickElement on session a0b5262eee3bf152b9f945336eb2ba0a to remote] DEBUG org.apache.http.wire - http-outgoing-29 >> "User-Agent: Apache-HttpClient/4.5.3 (Java/1.8.0_211)[\r][\n]"
11:24:28.088 [Forwarding clickElement on session a0b5262eee3bf152b9f945336eb2ba0a to remote] DEBUG org.apache.http.wire - http-outgoing-29 >> "Accept-Encoding: gzip,deflate[\r][\n]"
11:24:28.088 [Forwarding clickElement on session a0b5262eee3bf152b9f945336eb2ba0a to remote] DEBUG org.apache.http.wire - http-outgoing-29 >> "[\r][\n]"
11:24:28.088 [Forwarding clickElement on session a0b5262eee3bf152b9f945336eb2ba0a to remote] DEBUG org.apache.http.wire - http-outgoing-29 >> "{"id":"0f053dd4-e5db-4f20-8cf8-2ccd35e18c64"}"
11:24:28.114 [Forwarding clickElement on session a0b5262eee3bf152b9f945336eb2ba0a to remote] DEBUG org.apache.http.wire - http-outgoing-29 << "HTTP/1.1 200 OK[\r][\n]"
11:24:28.114 [Forwarding clickElement on session a0b5262eee3bf152b9f945336eb2ba0a to remote] DEBUG org.apache.http.wire - http-outgoing-29 << "Content-Length:14[\r][\n]"
11:24:28.114 [Forwarding clickElement on session a0b5262eee3bf152b9f945336eb2ba0a to remote] DEBUG org.apache.http.wire - http-outgoing-29 << "Content-Type:application/json; charset=utf-8[\r][\n]"
11:24:28.114 [Forwarding clickElement on session a0b5262eee3bf152b9f945336eb2ba0a to remote] DEBUG org.apache.http.wire - http-outgoing-29 << "cache-control:no-cache[\r][\n]"
11:24:28.114 [Forwarding clickElement on session a0b5262eee3bf152b9f945336eb2ba0a to remote] DEBUG org.apache.http.wire - http-outgoing-29 << "[\r][\n]"
11:24:28.114 [Forwarding clickElement on session a0b5262eee3bf152b9f945336eb2ba0a to remote] DEBUG org.apache.http.wire - http-outgoing-29 << "{"value":null}"
11:24:28.114 [Forwarding clickElement on session a0b5262eee3bf152b9f945336eb2ba0a to remote] DEBUG org.apache.http.headers - http-outgoing-29 << HTTP/1.1 200 OK
11:24:28.114 [Forwarding clickElement on session a0b5262eee3bf152b9f945336eb2ba0a to remote] DEBUG org.apache.http.headers - http-outgoing-29 << Content-Length:14
11:24:28.114 [Forwarding clickElement on session a0b5262eee3bf152b9f945336eb2ba0a to remote] DEBUG org.apache.http.headers - http-outgoing-29 << Content-Type:application/json; charset=utf-8
11:24:28.114 [Forwarding clickElement on session a0b5262eee3bf152b9f945336eb2ba0a to remote] DEBUG org.apache.http.headers - http-outgoing-29 << cache-control:no-cache
11:24:28.114 [Forwarding clickElement on session a0b5262eee3bf152b9f945336eb2ba0a to remote] DEBUG org.apache.http.impl.execchain.MainClientExec - Connection can be kept alive indefinitely
11:24:28.114 [Forwarding clickElement on session a0b5262eee3bf152b9f945336eb2ba0a to remote] DEBUG org.apache.http.impl.conn.PoolingHttpClientConnectionManager - Connection [id: 29][route: {}->http://localhost:3689] can be kept alive indefinitely
11:24:28.114 [Forwarding clickElement on session a0b5262eee3bf152b9f945336eb2ba0a to remote] DEBUG org.apache.http.impl.conn.PoolingHttpClientConnectionManager - Connection released: [id: 29][route: {}->http://localhost:3689][total kept alive: 30; route allocated: 1 of 2000; total allocated: 30 of 2000]
11:24:28.114 [Forwarding findElement on session a0b5262eee3bf152b9f945336eb2ba0a to remote] DEBUG org.apache.http.client.protocol.RequestAddCookies - CookieSpec selected: default
11:24:28.114 [Forwarding findElement on session a0b5262eee3bf152b9f945336eb2ba0a to remote] DEBUG org.apache.http.client.protocol.RequestAuthCache - Auth cache not set in the context
11:24:28.114 [Forwarding findElement on session a0b5262eee3bf152b9f945336eb2ba0a to remote] DEBUG org.apache.http.impl.conn.PoolingHttpClientConnectionManager - Connection request: [route: {}->http://localhost:3689][total kept alive: 30; route allocated: 1 of 2000; total allocated: 30 of 2000]
11:24:28.114 [Forwarding findElement on session a0b5262eee3bf152b9f945336eb2ba0a to remote] DEBUG org.apache.http.impl.conn.PoolingHttpClientConnectionManager - Connection leased: [id: 29][route: {}->http://localhost:3689][total kept alive: 29; route allocated: 1 of 2000; total allocated: 30 of 2000]
11:24:28.114 [Forwarding findElement on session a0b5262eee3bf152b9f945336eb2ba0a to remote] DEBUG org.apache.http.impl.execchain.MainClientExec - Stale connection check
11:24:28.116 [Forwarding findElement on session a0b5262eee3bf152b9f945336eb2ba0a to remote] DEBUG org.apache.http.wire - http-outgoing-29 << "[read] I/O error: Read timed out"
11:24:28.116 [Forwarding findElement on session a0b5262eee3bf152b9f945336eb2ba0a to remote] DEBUG org.apache.http.impl.conn.DefaultManagedHttpClientConnection - http-outgoing-29: set socket timeout to 10800000
11:24:28.116 [Forwarding findElement on session a0b5262eee3bf152b9f945336eb2ba0a to remote] DEBUG org.apache.http.impl.execchain.MainClientExec - Executing request POST /session/a0b5262eee3bf152b9f945336eb2ba0a/element HTTP/1.1
11:24:28.116 [Forwarding findElement on session a0b5262eee3bf152b9f945336eb2ba0a to remote] DEBUG org.apache.http.impl.execchain.MainClientExec - Target auth state: UNCHALLENGED
11:24:28.116 [Forwarding findElement on session a0b5262eee3bf152b9f945336eb2ba0a to remote] DEBUG org.apache.http.impl.execchain.MainClientExec - Proxy auth state: UNCHALLENGED
11:24:28.116 [Forwarding findElement on session a0b5262eee3bf152b9f945336eb2ba0a to remote] DEBUG org.apache.http.headers - http-outgoing-29 >> POST /session/a0b5262eee3bf152b9f945336eb2ba0a/element HTTP/1.1
11:24:28.116 [Forwarding findElement on session a0b5262eee3bf152b9f945336eb2ba0a to remote] DEBUG org.apache.http.headers - http-outgoing-29 >> Content-Type: application/json; charset=utf-8
11:24:28.116 [Forwarding findElement on session a0b5262eee3bf152b9f945336eb2ba0a to remote] DEBUG org.apache.http.headers - http-outgoing-29 >> Content-Length: 61
11:24:28.116 [Forwarding findElement on session a0b5262eee3bf152b9f945336eb2ba0a to remote] DEBUG org.apache.http.headers - http-outgoing-29 >> Host: localhost:3689
11:24:28.116 [Forwarding findElement on session a0b5262eee3bf152b9f945336eb2ba0a to remote] DEBUG org.apache.http.headers - http-outgoing-29 >> Connection: Keep-Alive
11:24:28.116 [Forwarding findElement on session a0b5262eee3bf152b9f945336eb2ba0a to remote] DEBUG org.apache.http.headers - http-outgoing-29 >> User-Agent: Apache-HttpClient/4.5.3 (Java/1.8.0_211)
11:24:28.116 [Forwarding findElement on session a0b5262eee3bf152b9f945336eb2ba0a to remote] DEBUG org.apache.http.headers - http-outgoing-29 >> Accept-Encoding: gzip,deflate
11:24:28.116 [Forwarding findElement on session a0b5262eee3bf152b9f945336eb2ba0a to remote] DEBUG org.apache.http.wire - http-outgoing-29 >> "POST /session/a0b5262eee3bf152b9f945336eb2ba0a/element HTTP/1.1[\r][\n]"
11:24:28.116 [Forwarding findElement on session a0b5262eee3bf152b9f945336eb2ba0a to remote] DEBUG org.apache.http.wire - http-outgoing-29 >> "Content-Type: application/json; charset=utf-8[\r][\n]"
11:24:28.116 [Forwarding findElement on session a0b5262eee3bf152b9f945336eb2ba0a to remote] DEBUG org.apache.http.wire - http-outgoing-29 >> "Content-Length: 61[\r][\n]"
11:24:28.116 [Forwarding findElement on session a0b5262eee3bf152b9f945336eb2ba0a to remote] DEBUG org.apache.http.wire - http-outgoing-29 >> "Host: localhost:3689[\r][\n]"
11:24:28.116 [Forwarding findElement on session a0b5262eee3bf152b9f945336eb2ba0a to remote] DEBUG org.apache.http.wire - http-outgoing-29 >> "Connection: Keep-Alive[\r][\n]"
11:24:28.116 [Forwarding findElement on session a0b5262eee3bf152b9f945336eb2ba0a to remote] DEBUG org.apache.http.wire - http-outgoing-29 >> "User-Agent: Apache-HttpClient/4.5.3 (Java/1.8.0_211)[\r][\n]"
11:24:28.116 [Forwarding findElement on session a0b5262eee3bf152b9f945336eb2ba0a to remote] DEBUG org.apache.http.wire - http-outgoing-29 >> "Accept-Encoding: gzip,deflate[\r][\n]"
11:24:28.116 [Forwarding findElement on session a0b5262eee3bf152b9f945336eb2ba0a to remote] DEBUG org.apache.http.wire - http-outgoing-29 >> "[\r][\n]"
11:24:28.116 [Forwarding findElement on session a0b5262eee3bf152b9f945336eb2ba0a to remote] DEBUG org.apache.http.wire - http-outgoing-29 >> "{"value":".form-control:nth-child(2)","using":"css selector"}"
11:24:28.119 [Forwarding findElement on session a0b5262eee3bf152b9f945336eb2ba0a to remote] DEBUG org.apache.http.wire - http-outgoing-29 << "HTTP/1.1 200 OK[\r][\n]"
11:24:28.119 [Forwarding findElement on session a0b5262eee3bf152b9f945336eb2ba0a to remote] DEBUG org.apache.http.wire - http-outgoing-29 << "Content-Length:88[\r][\n]"
11:24:28.119 [Forwarding findElement on session a0b5262eee3bf152b9f945336eb2ba0a to remote] DEBUG org.apache.http.wire - http-outgoing-29 << "Content-Type:application/json; charset=utf-8[\r][\n]"
11:24:28.119 [Forwarding findElement on session a0b5262eee3bf152b9f945336eb2ba0a to remote] DEBUG org.apache.http.wire - http-outgoing-29 << "cache-control:no-cache[\r][\n]"
11:24:28.119 [Forwarding findElement on session a0b5262eee3bf152b9f945336eb2ba0a to remote] DEBUG org.apache.http.wire - http-outgoing-29 << "[\r][\n]"
11:24:28.119 [Forwarding findElement on session a0b5262eee3bf152b9f945336eb2ba0a to remote] DEBUG org.apache.http.wire - http-outgoing-29 << "{"value":{"element-6066-11e4-a52e-4f735466cecf":"0f053dd4-e5db-4f20-8cf8-2ccd35e18c64"}}"
11:24:28.119 [Forwarding findElement on session a0b5262eee3bf152b9f945336eb2ba0a to remote] DEBUG org.apache.http.headers - http-outgoing-29 << HTTP/1.1 200 OK
11:24:28.119 [Forwarding findElement on session a0b5262eee3bf152b9f945336eb2ba0a to remote] DEBUG org.apache.http.headers - http-outgoing-29 << Content-Length:88
11:24:28.119 [Forwarding findElement on session a0b5262eee3bf152b9f945336eb2ba0a to remote] DEBUG org.apache.http.headers - http-outgoing-29 << Content-Type:application/json; charset=utf-8
11:24:28.119 [Forwarding findElement on session a0b5262eee3bf152b9f945336eb2ba0a to remote] DEBUG org.apache.http.headers - http-outgoing-29 << cache-control:no-cache
11:24:28.119 [Forwarding findElement on session a0b5262eee3bf152b9f945336eb2ba0a to remote] DEBUG org.apache.http.impl.execchain.MainClientExec - Connection can be kept alive indefinitely
11:24:28.119 [Forwarding findElement on session a0b5262eee3bf152b9f945336eb2ba0a to remote] DEBUG org.apache.http.impl.conn.PoolingHttpClientConnectionManager - Connection [id: 29][route: {}->http://localhost:3689] can be kept alive indefinitely
11:24:28.119 [Forwarding findElement on session a0b5262eee3bf152b9f945336eb2ba0a to remote] DEBUG org.apache.http.impl.conn.PoolingHttpClientConnectionManager - Connection released: [id: 29][route: {}->http://localhost:3689][total kept alive: 30; route allocated: 1 of 2000; total allocated: 30 of 2000]
11:24:28.119 [Forwarding sendKeysToElement on session a0b5262eee3bf152b9f945336eb2ba0a to remote] DEBUG org.apache.http.client.protocol.RequestAddCookies - CookieSpec selected: default
11:24:28.119 [Forwarding sendKeysToElement on session a0b5262eee3bf152b9f945336eb2ba0a to remote] DEBUG org.apache.http.client.protocol.RequestAuthCache - Auth cache not set in the context
11:24:28.119 [Forwarding sendKeysToElement on session a0b5262eee3bf152b9f945336eb2ba0a to remote] DEBUG org.apache.http.impl.conn.PoolingHttpClientConnectionManager - Connection request: [route: {}->http://localhost:3689][total kept alive: 30; route allocated: 1 of 2000; total allocated: 30 of 2000]
11:24:28.119 [Forwarding sendKeysToElement on session a0b5262eee3bf152b9f945336eb2ba0a to remote] DEBUG org.apache.http.impl.conn.PoolingHttpClientConnectionManager - Connection leased: [id: 29][route: {}->http://localhost:3689][total kept alive: 29; route allocated: 1 of 2000; total allocated: 30 of 2000]
11:24:28.119 [Forwarding sendKeysToElement on session a0b5262eee3bf152b9f945336eb2ba0a to remote] DEBUG org.apache.http.impl.execchain.MainClientExec - Stale connection check
11:24:28.121 [Forwarding sendKeysToElement on session a0b5262eee3bf152b9f945336eb2ba0a to remote] DEBUG org.apache.http.wire - http-outgoing-29 << "[read] I/O error: Read timed out"
11:24:28.121 [Forwarding sendKeysToElement on session a0b5262eee3bf152b9f945336eb2ba0a to remote] DEBUG org.apache.http.impl.conn.DefaultManagedHttpClientConnection - http-outgoing-29: set socket timeout to 10800000
11:24:28.121 [Forwarding sendKeysToElement on session a0b5262eee3bf152b9f945336eb2ba0a to remote] DEBUG org.apache.http.impl.execchain.MainClientExec - Executing request POST /session/a0b5262eee3bf152b9f945336eb2ba0a/element/0f053dd4-e5db-4f20-8cf8-2ccd35e18c64/value HTTP/1.1
11:24:28.121 [Forwarding sendKeysToElement on session a0b5262eee3bf152b9f945336eb2ba0a to remote] DEBUG org.apache.http.impl.execchain.MainClientExec - Target auth state: UNCHALLENGED
11:24:28.121 [Forwarding sendKeysToElement on session a0b5262eee3bf152b9f945336eb2ba0a to remote] DEBUG org.apache.http.impl.execchain.MainClientExec - Proxy auth state: UNCHALLENGED
11:24:28.121 [Forwarding sendKeysToElement on session a0b5262eee3bf152b9f945336eb2ba0a to remote] DEBUG org.apache.http.headers - http-outgoing-29 >> POST /session/a0b5262eee3bf152b9f945336eb2ba0a/element/0f053dd4-e5db-4f20-8cf8-2ccd35e18c64/value HTTP/1.1
11:24:28.121 [Forwarding sendKeysToElement on session a0b5262eee3bf152b9f945336eb2ba0a to remote] DEBUG org.apache.http.headers - http-outgoing-29 >> Content-Type: application/json; charset=utf-8
11:24:28.121 [Forwarding sendKeysToElement on session a0b5262eee3bf152b9f945336eb2ba0a to remote] DEBUG org.apache.http.headers - http-outgoing-29 >> Content-Length: 385
11:24:28.121 [Forwarding sendKeysToElement on session a0b5262eee3bf152b9f945336eb2ba0a to remote] DEBUG org.apache.http.headers - http-outgoing-29 >> Host: localhost:3689
11:24:28.121 [Forwarding sendKeysToElement on session a0b5262eee3bf152b9f945336eb2ba0a to remote] DEBUG org.apache.http.headers - http-outgoing-29 >> Connection: Keep-Alive
11:24:28.121 [Forwarding sendKeysToElement on session a0b5262eee3bf152b9f945336eb2ba0a to remote] DEBUG org.apache.http.headers - http-outgoing-29 >> User-Agent: Apache-HttpClient/4.5.3 (Java/1.8.0_211)
11:24:28.121 [Forwarding sendKeysToElement on session a0b5262eee3bf152b9f945336eb2ba0a to remote] DEBUG org.apache.http.headers - http-outgoing-29 >> Accept-Encoding: gzip,deflate
11:24:28.121 [Forwarding sendKeysToElement on session a0b5262eee3bf152b9f945336eb2ba0a to remote] DEBUG org.apache.http.wire - http-outgoing-29 >> "POST /session/a0b5262eee3bf152b9f945336eb2ba0a/element/0f053dd4-e5db-4f20-8cf8-2ccd35e18c64/value HTTP/1.1[\r][\n]"
11:24:28.121 [Forwarding sendKeysToElement on session a0b5262eee3bf152b9f945336eb2ba0a to remote] DEBUG org.apache.http.wire - http-outgoing-29 >> "Content-Type: application/json; charset=utf-8[\r][\n]"
11:24:28.121 [Forwarding sendKeysToElement on session a0b5262eee3bf152b9f945336eb2ba0a to remote] DEBUG org.apache.http.wire - http-outgoing-29 >> "Content-Length: 385[\r][\n]"
11:24:28.121 [Forwarding sendKeysToElement on session a0b5262eee3bf152b9f945336eb2ba0a to remote] DEBUG org.apache.http.wire - http-outgoing-29 >> "Host: localhost:3689[\r][\n]"
11:24:28.121 [Forwarding sendKeysToElement on session a0b5262eee3bf152b9f945336eb2ba0a to remote] DEBUG org.apache.http.wire - http-outgoing-29 >> "Connection: Keep-Alive[\r][\n]"
11:24:28.121 [Forwarding sendKeysToElement on session a0b5262eee3bf152b9f945336eb2ba0a to remote] DEBUG org.apache.http.wire - http-outgoing-29 >> "User-Agent: Apache-HttpClient/4.5.3 (Java/1.8.0_211)[\r][\n]"
11:24:28.121 [Forwarding sendKeysToElement on session a0b5262eee3bf152b9f945336eb2ba0a to remote] DEBUG org.apache.http.wire - http-outgoing-29 >> "Accept-Encoding: gzip,deflate[\r][\n]"
11:24:28.121 [Forwarding sendKeysToElement on session a0b5262eee3bf152b9f945336eb2ba0a to remote] DEBUG org.apache.http.wire - http-outgoing-29 >> "[\r][\n]"
11:24:28.121 [Forwarding sendKeysToElement on session a0b5262eee3bf152b9f945336eb2ba0a to remote] DEBUG org.apache.http.wire - http-outgoing-29 >> "{"id":"0f053dd4-e5db-4f20-8cf8-2ccd35e18c64","text":"de164ddc64b1783c3ebced73b32c479b3daa203cf323bd738a9ecfc4674d6017","value":["d","e","1","6","4","d","d","c","6","4","b","1","7","8","3","c","3","e","b","c","e","d","7","3","b","3","2","c","4","7","9","b","3","d","a","a","2","0","3","c","f","3","2","3","b","d","7","3","8","a","9","e","c","f","c","4","6","7","4","d","6","0","1","7"]}"
11:24:28.494 [Forwarding sendKeysToElement on session a0b5262eee3bf152b9f945336eb2ba0a to remote] DEBUG org.apache.http.wire - http-outgoing-29 << "HTTP/1.1 200 OK[\r][\n]"
11:24:28.494 [Forwarding sendKeysToElement on session a0b5262eee3bf152b9f945336eb2ba0a to remote] DEBUG org.apache.http.wire - http-outgoing-29 << "Content-Length:14[\r][\n]"
11:24:28.494 [Forwarding sendKeysToElement on session a0b5262eee3bf152b9f945336eb2ba0a to remote] DEBUG org.apache.http.wire - http-outgoing-29 << "Content-Type:application/json; charset=utf-8[\r][\n]"
11:24:28.494 [Forwarding sendKeysToElement on session a0b5262eee3bf152b9f945336eb2ba0a to remote] DEBUG org.apache.http.wire - http-outgoing-29 << "cache-control:no-cache[\r][\n]"
11:24:28.494 [Forwarding sendKeysToElement on session a0b5262eee3bf152b9f945336eb2ba0a to remote] DEBUG org.apache.http.wire - http-outgoing-29 << "[\r][\n]"
11:24:28.494 [Forwarding sendKeysToElement on session a0b5262eee3bf152b9f945336eb2ba0a to remote] DEBUG org.apache.http.wire - http-outgoing-29 << "{"value":null}"
11:24:28.494 [Forwarding sendKeysToElement on session a0b5262eee3bf152b9f945336eb2ba0a to remote] DEBUG org.apache.http.headers - http-outgoing-29 << HTTP/1.1 200 OK
11:24:28.494 [Forwarding sendKeysToElement on session a0b5262eee3bf152b9f945336eb2ba0a to remote] DEBUG org.apache.http.headers - http-outgoing-29 << Content-Length:14
11:24:28.494 [Forwarding sendKeysToElement on session a0b5262eee3bf152b9f945336eb2ba0a to remote] DEBUG org.apache.http.headers - http-outgoing-29 << Content-Type:application/json; charset=utf-8
11:24:28.494 [Forwarding sendKeysToElement on session a0b5262eee3bf152b9f945336eb2ba0a to remote] DEBUG org.apache.http.headers - http-outgoing-29 << cache-control:no-cache
11:24:28.494 [Forwarding sendKeysToElement on session a0b5262eee3bf152b9f945336eb2ba0a to remote] DEBUG org.apache.http.impl.execchain.MainClientExec - Connection can be kept alive indefinitely
11:24:28.494 [Forwarding sendKeysToElement on session a0b5262eee3bf152b9f945336eb2ba0a to remote] DEBUG org.apache.http.impl.conn.PoolingHttpClientConnectionManager - Connection [id: 29][route: {}->http://localhost:3689] can be kept alive indefinitely
11:24:28.494 [Forwarding sendKeysToElement on session a0b5262eee3bf152b9f945336eb2ba0a to remote] DEBUG org.apache.http.impl.conn.PoolingHttpClientConnectionManager - Connection released: [id: 29][route: {}->http://localhost:3689][total kept alive: 30; route allocated: 1 of 2000; total allocated: 30 of 2000]
11:24:28.495 [Forwarding findElement on session a0b5262eee3bf152b9f945336eb2ba0a to remote] DEBUG org.apache.http.client.protocol.RequestAddCookies - CookieSpec selected: default
11:24:28.495 [Forwarding findElement on session a0b5262eee3bf152b9f945336eb2ba0a to remote] DEBUG org.apache.http.client.protocol.RequestAuthCache - Auth cache not set in the context
11:24:28.495 [Forwarding findElement on session a0b5262eee3bf152b9f945336eb2ba0a to remote] DEBUG org.apache.http.impl.conn.PoolingHttpClientConnectionManager - Connection request: [route: {}->http://localhost:3689][total kept alive: 30; route allocated: 1 of 2000; total allocated: 30 of 2000]
11:24:28.495 [Forwarding findElement on session a0b5262eee3bf152b9f945336eb2ba0a to remote] DEBUG org.apache.http.impl.conn.PoolingHttpClientConnectionManager - Connection leased: [id: 29][route: {}->http://localhost:3689][total kept alive: 29; route allocated: 1 of 2000; total allocated: 30 of 2000]
11:24:28.495 [Forwarding findElement on session a0b5262eee3bf152b9f945336eb2ba0a to remote] DEBUG org.apache.http.impl.execchain.MainClientExec - Stale connection check
11:24:28.496 [Forwarding findElement on session a0b5262eee3bf152b9f945336eb2ba0a to remote] DEBUG org.apache.http.wire - http-outgoing-29 << "[read] I/O error: Read timed out"
11:24:28.496 [Forwarding findElement on session a0b5262eee3bf152b9f945336eb2ba0a to remote] DEBUG org.apache.http.impl.conn.DefaultManagedHttpClientConnection - http-outgoing-29: set socket timeout to 10800000
11:24:28.496 [Forwarding findElement on session a0b5262eee3bf152b9f945336eb2ba0a to remote] DEBUG org.apache.http.impl.execchain.MainClientExec - Executing request POST /session/a0b5262eee3bf152b9f945336eb2ba0a/element HTTP/1.1
11:24:28.496 [Forwarding findElement on session a0b5262eee3bf152b9f945336eb2ba0a to remote] DEBUG org.apache.http.impl.execchain.MainClientExec - Target auth state: UNCHALLENGED
11:24:28.496 [Forwarding findElement on session a0b5262eee3bf152b9f945336eb2ba0a to remote] DEBUG org.apache.http.impl.execchain.MainClientExec - Proxy auth state: UNCHALLENGED
11:24:28.496 [Forwarding findElement on session a0b5262eee3bf152b9f945336eb2ba0a to remote] DEBUG org.apache.http.headers - http-outgoing-29 >> POST /session/a0b5262eee3bf152b9f945336eb2ba0a/element HTTP/1.1
11:24:28.496 [Forwarding findElement on session a0b5262eee3bf152b9f945336eb2ba0a to remote] DEBUG org.apache.http.headers - http-outgoing-29 >> Content-Type: application/json; charset=utf-8
11:24:28.496 [Forwarding findElement on session a0b5262eee3bf152b9f945336eb2ba0a to remote] DEBUG org.apache.http.headers - http-outgoing-29 >> Content-Length: 59
11:24:28.496 [Forwarding findElement on session a0b5262eee3bf152b9f945336eb2ba0a to remote] DEBUG org.apache.http.headers - http-outgoing-29 >> Host: localhost:3689
11:24:28.496 [Forwarding findElement on session a0b5262eee3bf152b9f945336eb2ba0a to remote] DEBUG org.apache.http.headers - http-outgoing-29 >> Connection: Keep-Alive
11:24:28.496 [Forwarding findElement on session a0b5262eee3bf152b9f945336eb2ba0a to remote] DEBUG org.apache.http.headers - http-outgoing-29 >> User-Agent: Apache-HttpClient/4.5.3 (Java/1.8.0_211)
11:24:28.496 [Forwarding findElement on session a0b5262eee3bf152b9f945336eb2ba0a to remote] DEBUG org.apache.http.headers - http-outgoing-29 >> Accept-Encoding: gzip,deflate
11:24:28.496 [Forwarding findElement on session a0b5262eee3bf152b9f945336eb2ba0a to remote] DEBUG org.apache.http.wire - http-outgoing-29 >> "POST /session/a0b5262eee3bf152b9f945336eb2ba0a/element HTTP/1.1[\r][\n]"
11:24:28.496 [Forwarding findElement on session a0b5262eee3bf152b9f945336eb2ba0a to remote] DEBUG org.apache.http.wire - http-outgoing-29 >> "Content-Type: application/json; charset=utf-8[\r][\n]"
11:24:28.496 [Forwarding findElement on session a0b5262eee3bf152b9f945336eb2ba0a to remote] DEBUG org.apache.http.wire - http-outgoing-29 >> "Content-Length: 59[\r][\n]"
11:24:28.496 [Forwarding findElement on session a0b5262eee3bf152b9f945336eb2ba0a to remote] DEBUG org.apache.http.wire - http-outgoing-29 >> "Host: localhost:3689[\r][\n]"
11:24:28.496 [Forwarding findElement on session a0b5262eee3bf152b9f945336eb2ba0a to remote] DEBUG org.apache.http.wire - http-outgoing-29 >> "Connection: Keep-Alive[\r][\n]"
11:24:28.496 [Forwarding findElement on session a0b5262eee3bf152b9f945336eb2ba0a to remote] DEBUG org.apache.http.wire - http-outgoing-29 >> "User-Agent: Apache-HttpClient/4.5.3 (Java/1.8.0_211)[\r][\n]"
11:24:28.496 [Forwarding findElement on session a0b5262eee3bf152b9f945336eb2ba0a to remote] DEBUG org.apache.http.wire - http-outgoing-29 >> "Accept-Encoding: gzip,deflate[\r][\n]"
11:24:28.496 [Forwarding findElement on session a0b5262eee3bf152b9f945336eb2ba0a to remote] DEBUG org.apache.http.wire - http-outgoing-29 >> "[\r][\n]"
11:24:28.496 [Forwarding findElement on session a0b5262eee3bf152b9f945336eb2ba0a to remote] DEBUG org.apache.http.wire - http-outgoing-29 >> "{"value":".btn-danger:nth-child(3)","using":"css selector"}"
11:24:28.501 [Forwarding findElement on session a0b5262eee3bf152b9f945336eb2ba0a to remote] DEBUG org.apache.http.wire - http-outgoing-29 << "HTTP/1.1 200 OK[\r][\n]"
11:24:28.501 [Forwarding findElement on session a0b5262eee3bf152b9f945336eb2ba0a to remote] DEBUG org.apache.http.wire - http-outgoing-29 << "Content-Length:88[\r][\n]"
11:24:28.501 [Forwarding findElement on session a0b5262eee3bf152b9f945336eb2ba0a to remote] DEBUG org.apache.http.wire - http-outgoing-29 << "Content-Type:application/json; charset=utf-8[\r][\n]"
11:24:28.501 [Forwarding findElement on session a0b5262eee3bf152b9f945336eb2ba0a to remote] DEBUG org.apache.http.wire - http-outgoing-29 << "cache-control:no-cache[\r][\n]"
11:24:28.501 [Forwarding findElement on session a0b5262eee3bf152b9f945336eb2ba0a to remote] DEBUG org.apache.http.wire - http-outgoing-29 << "[\r][\n]"
11:24:28.501 [Forwarding findElement on session a0b5262eee3bf152b9f945336eb2ba0a to remote] DEBUG org.apache.http.wire - http-outgoing-29 << "{"value":{"element-6066-11e4-a52e-4f735466cecf":"1cdf2db5-55c2-4326-a4e3-2b56c450915f"}}"
11:24:28.501 [Forwarding findElement on session a0b5262eee3bf152b9f945336eb2ba0a to remote] DEBUG org.apache.http.headers - http-outgoing-29 << HTTP/1.1 200 OK
11:24:28.501 [Forwarding findElement on session a0b5262eee3bf152b9f945336eb2ba0a to remote] DEBUG org.apache.http.headers - http-outgoing-29 << Content-Length:88
11:24:28.501 [Forwarding findElement on session a0b5262eee3bf152b9f945336eb2ba0a to remote] DEBUG org.apache.http.headers - http-outgoing-29 << Content-Type:application/json; charset=utf-8
11:24:28.501 [Forwarding findElement on session a0b5262eee3bf152b9f945336eb2ba0a to remote] DEBUG org.apache.http.headers - http-outgoing-29 << cache-control:no-cache
11:24:28.501 [Forwarding findElement on session a0b5262eee3bf152b9f945336eb2ba0a to remote] DEBUG org.apache.http.impl.execchain.MainClientExec - Connection can be kept alive indefinitely
11:24:28.501 [Forwarding findElement on session a0b5262eee3bf152b9f945336eb2ba0a to remote] DEBUG org.apache.http.impl.conn.PoolingHttpClientConnectionManager - Connection [id: 29][route: {}->http://localhost:3689] can be kept alive indefinitely
11:24:28.501 [Forwarding findElement on session a0b5262eee3bf152b9f945336eb2ba0a to remote] DEBUG org.apache.http.impl.conn.PoolingHttpClientConnectionManager - Connection released: [id: 29][route: {}->http://localhost:3689][total kept alive: 30; route allocated: 1 of 2000; total allocated: 30 of 2000]
11:24:28.502 [Forwarding clickElement on session a0b5262eee3bf152b9f945336eb2ba0a to remote] DEBUG org.apache.http.client.protocol.RequestAddCookies - CookieSpec selected: default
11:24:28.502 [Forwarding clickElement on session a0b5262eee3bf152b9f945336eb2ba0a to remote] DEBUG org.apache.http.client.protocol.RequestAuthCache - Auth cache not set in the context
11:24:28.502 [Forwarding clickElement on session a0b5262eee3bf152b9f945336eb2ba0a to remote] DEBUG org.apache.http.impl.conn.PoolingHttpClientConnectionManager - Connection request: [route: {}->http://localhost:3689][total kept alive: 30; route allocated: 1 of 2000; total allocated: 30 of 2000]
11:24:28.502 [Forwarding clickElement on session a0b5262eee3bf152b9f945336eb2ba0a to remote] DEBUG org.apache.http.impl.conn.PoolingHttpClientConnectionManager - Connection leased: [id: 29][route: {}->http://localhost:3689][total kept alive: 29; route allocated: 1 of 2000; total allocated: 30 of 2000]
11:24:28.502 [Forwarding clickElement on session a0b5262eee3bf152b9f945336eb2ba0a to remote] DEBUG org.apache.http.impl.execchain.MainClientExec - Stale connection check
11:24:28.503 [Forwarding clickElement on session a0b5262eee3bf152b9f945336eb2ba0a to remote] DEBUG org.apache.http.wire - http-outgoing-29 << "[read] I/O error: Read timed out"
11:24:28.503 [Forwarding clickElement on session a0b5262eee3bf152b9f945336eb2ba0a to remote] DEBUG org.apache.http.impl.conn.DefaultManagedHttpClientConnection - http-outgoing-29: set socket timeout to 10800000
11:24:28.503 [Forwarding clickElement on session a0b5262eee3bf152b9f945336eb2ba0a to remote] DEBUG org.apache.http.impl.execchain.MainClientExec - Executing request POST /session/a0b5262eee3bf152b9f945336eb2ba0a/element/1cdf2db5-55c2-4326-a4e3-2b56c450915f/click HTTP/1.1
11:24:28.503 [Forwarding clickElement on session a0b5262eee3bf152b9f945336eb2ba0a to remote] DEBUG org.apache.http.impl.execchain.MainClientExec - Target auth state: UNCHALLENGED
11:24:28.503 [Forwarding clickElement on session a0b5262eee3bf152b9f945336eb2ba0a to remote] DEBUG org.apache.http.impl.execchain.MainClientExec - Proxy auth state: UNCHALLENGED
11:24:28.503 [Forwarding clickElement on session a0b5262eee3bf152b9f945336eb2ba0a to remote] DEBUG org.apache.http.headers - http-outgoing-29 >> POST /session/a0b5262eee3bf152b9f945336eb2ba0a/element/1cdf2db5-55c2-4326-a4e3-2b56c450915f/click HTTP/1.1
11:24:28.503 [Forwarding clickElement on session a0b5262eee3bf152b9f945336eb2ba0a to remote] DEBUG org.apache.http.headers - http-outgoing-29 >> Content-Type: application/json; charset=utf-8
11:24:28.503 [Forwarding clickElement on session a0b5262eee3bf152b9f945336eb2ba0a to remote] DEBUG org.apache.http.headers - http-outgoing-29 >> Content-Length: 45
11:24:28.503 [Forwarding clickElement on session a0b5262eee3bf152b9f945336eb2ba0a to remote] DEBUG org.apache.http.headers - http-outgoing-29 >> Host: localhost:3689
11:24:28.503 [Forwarding clickElement on session a0b5262eee3bf152b9f945336eb2ba0a to remote] DEBUG org.apache.http.headers - http-outgoing-29 >> Connection: Keep-Alive
11:24:28.503 [Forwarding clickElement on session a0b5262eee3bf152b9f945336eb2ba0a to remote] DEBUG org.apache.http.headers - http-outgoing-29 >> User-Agent: Apache-HttpClient/4.5.3 (Java/1.8.0_211)
11:24:28.503 [Forwarding clickElement on session a0b5262eee3bf152b9f945336eb2ba0a to remote] DEBUG org.apache.http.headers - http-outgoing-29 >> Accept-Encoding: gzip,deflate
11:24:28.503 [Forwarding clickElement on session a0b5262eee3bf152b9f945336eb2ba0a to remote] DEBUG org.apache.http.wire - http-outgoing-29 >> "POST /session/a0b5262eee3bf152b9f945336eb2ba0a/element/1cdf2db5-55c2-4326-a4e3-2b56c450915f/click HTTP/1.1[\r][\n]"
11:24:28.503 [Forwarding clickElement on session a0b5262eee3bf152b9f945336eb2ba0a to remote] DEBUG org.apache.http.wire - http-outgoing-29 >> "Content-Type: application/json; charset=utf-8[\r][\n]"
11:24:28.503 [Forwarding clickElement on session a0b5262eee3bf152b9f945336eb2ba0a to remote] DEBUG org.apache.http.wire - http-outgoing-29 >> "Content-Length: 45[\r][\n]"
11:24:28.503 [Forwarding clickElement on session a0b5262eee3bf152b9f945336eb2ba0a to remote] DEBUG org.apache.http.wire - http-outgoing-29 >> "Host: localhost:3689[\r][\n]"
11:24:28.503 [Forwarding clickElement on session a0b5262eee3bf152b9f945336eb2ba0a to remote] DEBUG org.apache.http.wire - http-outgoing-29 >> "Connection: Keep-Alive[\r][\n]"
11:24:28.503 [Forwarding clickElement on session a0b5262eee3bf152b9f945336eb2ba0a to remote] DEBUG org.apache.http.wire - http-outgoing-29 >> "User-Agent: Apache-HttpClient/4.5.3 (Java/1.8.0_211)[\r][\n]"
11:24:28.503 [Forwarding clickElement on session a0b5262eee3bf152b9f945336eb2ba0a to remote] DEBUG org.apache.http.wire - http-outgoing-29 >> "Accept-Encoding: gzip,deflate[\r][\n]"
11:24:28.503 [Forwarding clickElement on session a0b5262eee3bf152b9f945336eb2ba0a to remote] DEBUG org.apache.http.wire - http-outgoing-29 >> "[\r][\n]"
11:24:28.503 [Forwarding clickElement on session a0b5262eee3bf152b9f945336eb2ba0a to remote] DEBUG org.apache.http.wire - http-outgoing-29 >> "{"id":"1cdf2db5-55c2-4326-a4e3-2b56c450915f"}"
11:24:28.626 [Forwarding clickElement on session a0b5262eee3bf152b9f945336eb2ba0a to remote] DEBUG org.apache.http.wire - http-outgoing-29 << "HTTP/1.1 200 OK[\r][\n]"
11:24:28.626 [Forwarding clickElement on session a0b5262eee3bf152b9f945336eb2ba0a to remote] DEBUG org.apache.http.wire - http-outgoing-29 << "Content-Length:14[\r][\n]"
11:24:28.626 [Forwarding clickElement on session a0b5262eee3bf152b9f945336eb2ba0a to remote] DEBUG org.apache.http.wire - http-outgoing-29 << "Content-Type:application/json; charset=utf-8[\r][\n]"
11:24:28.626 [Forwarding clickElement on session a0b5262eee3bf152b9f945336eb2ba0a to remote] DEBUG org.apache.http.wire - http-outgoing-29 << "cache-control:no-cache[\r][\n]"
11:24:28.626 [Forwarding clickElement on session a0b5262eee3bf152b9f945336eb2ba0a to remote] DEBUG org.apache.http.wire - http-outgoing-29 << "[\r][\n]"
11:24:28.626 [Forwarding clickElement on session a0b5262eee3bf152b9f945336eb2ba0a to remote] DEBUG org.apache.http.wire - http-outgoing-29 << "{"value":null}"
11:24:28.627 [Forwarding clickElement on session a0b5262eee3bf152b9f945336eb2ba0a to remote] DEBUG org.apache.http.headers - http-outgoing-29 << HTTP/1.1 200 OK
11:24:28.627 [Forwarding clickElement on session a0b5262eee3bf152b9f945336eb2ba0a to remote] DEBUG org.apache.http.headers - http-outgoing-29 << Content-Length:14
11:24:28.627 [Forwarding clickElement on session a0b5262eee3bf152b9f945336eb2ba0a to remote] DEBUG org.apache.http.headers - http-outgoing-29 << Content-Type:application/json; charset=utf-8
11:24:28.627 [Forwarding clickElement on session a0b5262eee3bf152b9f945336eb2ba0a to remote] DEBUG org.apache.http.headers - http-outgoing-29 << cache-control:no-cache
11:24:28.627 [Forwarding clickElement on session a0b5262eee3bf152b9f945336eb2ba0a to remote] DEBUG org.apache.http.impl.execchain.MainClientExec - Connection can be kept alive indefinitely
11:24:28.627 [Forwarding clickElement on session a0b5262eee3bf152b9f945336eb2ba0a to remote] DEBUG org.apache.http.impl.conn.PoolingHttpClientConnectionManager - Connection [id: 29][route: {}->http://localhost:3689] can be kept alive indefinitely
11:24:28.627 [Forwarding clickElement on session a0b5262eee3bf152b9f945336eb2ba0a to remote] DEBUG org.apache.http.impl.conn.PoolingHttpClientConnectionManager - Connection released: [id: 29][route: {}->http://localhost:3689][total kept alive: 30; route allocated: 1 of 2000; total allocated: 30 of 2000]
11:24:28.830 [Forwarding findElement on session a0b5262eee3bf152b9f945336eb2ba0a to remote] DEBUG org.apache.http.client.protocol.RequestAddCookies - CookieSpec selected: default
11:24:28.830 [Forwarding findElement on session a0b5262eee3bf152b9f945336eb2ba0a to remote] DEBUG org.apache.http.client.protocol.RequestAuthCache - Auth cache not set in the context
11:24:28.830 [Forwarding findElement on session a0b5262eee3bf152b9f945336eb2ba0a to remote] DEBUG org.apache.http.impl.conn.PoolingHttpClientConnectionManager - Connection request: [route: {}->http://localhost:3689][total kept alive: 30; route allocated: 1 of 2000; total allocated: 30 of 2000]
11:24:28.830 [Forwarding findElement on session a0b5262eee3bf152b9f945336eb2ba0a to remote] DEBUG org.apache.http.impl.conn.PoolingHttpClientConnectionManager - Connection leased: [id: 29][route: {}->http://localhost:3689][total kept alive: 29; route allocated: 1 of 2000; total allocated: 30 of 2000]
11:24:28.830 [Forwarding findElement on session a0b5262eee3bf152b9f945336eb2ba0a to remote] DEBUG org.apache.http.impl.execchain.MainClientExec - Stale connection check
11:24:28.831 [Forwarding findElement on session a0b5262eee3bf152b9f945336eb2ba0a to remote] DEBUG org.apache.http.wire - http-outgoing-29 << "[read] I/O error: Read timed out"
11:24:28.831 [Forwarding findElement on session a0b5262eee3bf152b9f945336eb2ba0a to remote] DEBUG org.apache.http.impl.conn.DefaultManagedHttpClientConnection - http-outgoing-29: set socket timeout to 10800000
11:24:28.831 [Forwarding findElement on session a0b5262eee3bf152b9f945336eb2ba0a to remote] DEBUG org.apache.http.impl.execchain.MainClientExec - Executing request POST /session/a0b5262eee3bf152b9f945336eb2ba0a/element HTTP/1.1
11:24:28.831 [Forwarding findElement on session a0b5262eee3bf152b9f945336eb2ba0a to remote] DEBUG org.apache.http.impl.execchain.MainClientExec - Target auth state: UNCHALLENGED
11:24:28.831 [Forwarding findElement on session a0b5262eee3bf152b9f945336eb2ba0a to remote] DEBUG org.apache.http.impl.execchain.MainClientExec - Proxy auth state: UNCHALLENGED
11:24:28.831 [Forwarding findElement on session a0b5262eee3bf152b9f945336eb2ba0a to remote] DEBUG org.apache.http.headers - http-outgoing-29 >> POST /session/a0b5262eee3bf152b9f945336eb2ba0a/element HTTP/1.1
11:24:28.831 [Forwarding findElement on session a0b5262eee3bf152b9f945336eb2ba0a to remote] DEBUG org.apache.http.headers - http-outgoing-29 >> Content-Type: application/json; charset=utf-8
11:24:28.831 [Forwarding findElement on session a0b5262eee3bf152b9f945336eb2ba0a to remote] DEBUG org.apache.http.headers - http-outgoing-29 >> Content-Length: 71
11:24:28.831 [Forwarding findElement on session a0b5262eee3bf152b9f945336eb2ba0a to remote] DEBUG org.apache.http.headers - http-outgoing-29 >> Host: localhost:3689
11:24:28.831 [Forwarding findElement on session a0b5262eee3bf152b9f945336eb2ba0a to remote] DEBUG org.apache.http.headers - http-outgoing-29 >> Connection: Keep-Alive
11:24:28.831 [Forwarding findElement on session a0b5262eee3bf152b9f945336eb2ba0a to remote] DEBUG org.apache.http.headers - http-outgoing-29 >> User-Agent: Apache-HttpClient/4.5.3 (Java/1.8.0_211)
11:24:28.831 [Forwarding findElement on session a0b5262eee3bf152b9f945336eb2ba0a to remote] DEBUG org.apache.http.headers - http-outgoing-29 >> Accept-Encoding: gzip,deflate
11:24:28.831 [Forwarding findElement on session a0b5262eee3bf152b9f945336eb2ba0a to remote] DEBUG org.apache.http.wire - http-outgoing-29 >> "POST /session/a0b5262eee3bf152b9f945336eb2ba0a/element HTTP/1.1[\r][\n]"
11:24:28.831 [Forwarding findElement on session a0b5262eee3bf152b9f945336eb2ba0a to remote] DEBUG org.apache.http.wire - http-outgoing-29 >> "Content-Type: application/json; charset=utf-8[\r][\n]"
11:24:28.831 [Forwarding findElement on session a0b5262eee3bf152b9f945336eb2ba0a to remote] DEBUG org.apache.http.wire - http-outgoing-29 >> "Content-Length: 71[\r][\n]"
11:24:28.831 [Forwarding findElement on session a0b5262eee3bf152b9f945336eb2ba0a to remote] DEBUG org.apache.http.wire - http-outgoing-29 >> "Host: localhost:3689[\r][\n]"
11:24:28.831 [Forwarding findElement on session a0b5262eee3bf152b9f945336eb2ba0a to remote] DEBUG org.apache.http.wire - http-outgoing-29 >> "Connection: Keep-Alive[\r][\n]"
11:24:28.831 [Forwarding findElement on session a0b5262eee3bf152b9f945336eb2ba0a to remote] DEBUG org.apache.http.wire - http-outgoing-29 >> "User-Agent: Apache-HttpClient/4.5.3 (Java/1.8.0_211)[\r][\n]"
11:24:28.831 [Forwarding findElement on session a0b5262eee3bf152b9f945336eb2ba0a to remote] DEBUG org.apache.http.wire - http-outgoing-29 >> "Accept-Encoding: gzip,deflate[\r][\n]"
11:24:28.831 [Forwarding findElement on session a0b5262eee3bf152b9f945336eb2ba0a to remote] DEBUG org.apache.http.wire - http-outgoing-29 >> "[\r][\n]"
11:24:28.831 [Forwarding findElement on session a0b5262eee3bf152b9f945336eb2ba0a to remote] DEBUG org.apache.http.wire - http-outgoing-29 >> "{"value":".dropdown-toggle > span:nth-child(1)","using":"css selector"}"
11:24:30.028 [Forwarding findElement on session a0b5262eee3bf152b9f945336eb2ba0a to remote] DEBUG org.apache.http.wire - http-outgoing-29 << "HTTP/1.1 200 OK[\r][\n]"
11:24:30.028 [Forwarding findElement on session a0b5262eee3bf152b9f945336eb2ba0a to remote] DEBUG org.apache.http.wire - http-outgoing-29 << "Content-Length:88[\r][\n]"
11:24:30.028 [Forwarding findElement on session a0b5262eee3bf152b9f945336eb2ba0a to remote] DEBUG org.apache.http.wire - http-outgoing-29 << "Content-Type:application/json; charset=utf-8[\r][\n]"
11:24:30.028 [Forwarding findElement on session a0b5262eee3bf152b9f945336eb2ba0a to remote] DEBUG org.apache.http.wire - http-outgoing-29 << "cache-control:no-cache[\r][\n]"
11:24:30.028 [Forwarding findElement on session a0b5262eee3bf152b9f945336eb2ba0a to remote] DEBUG org.apache.http.wire - http-outgoing-29 << "[\r][\n]"
11:24:30.028 [Forwarding findElement on session a0b5262eee3bf152b9f945336eb2ba0a to remote] DEBUG org.apache.http.wire - http-outgoing-29 << "{"value":{"element-6066-11e4-a52e-4f735466cecf":"d346029a-9bfb-4ccd-b53a-d90db6c4f9d0"}}"
11:24:30.028 [Forwarding findElement on session a0b5262eee3bf152b9f945336eb2ba0a to remote] DEBUG org.apache.http.headers - http-outgoing-29 << HTTP/1.1 200 OK
11:24:30.028 [Forwarding findElement on session a0b5262eee3bf152b9f945336eb2ba0a to remote] DEBUG org.apache.http.headers - http-outgoing-29 << Content-Length:88
11:24:30.028 [Forwarding findElement on session a0b5262eee3bf152b9f945336eb2ba0a to remote] DEBUG org.apache.http.headers - http-outgoing-29 << Content-Type:application/json; charset=utf-8
11:24:30.028 [Forwarding findElement on session a0b5262eee3bf152b9f945336eb2ba0a to remote] DEBUG org.apache.http.headers - http-outgoing-29 << cache-control:no-cache
11:24:30.028 [Forwarding findElement on session a0b5262eee3bf152b9f945336eb2ba0a to remote] DEBUG org.apache.http.impl.execchain.MainClientExec - Connection can be kept alive indefinitely
11:24:30.028 [Forwarding findElement on session a0b5262eee3bf152b9f945336eb2ba0a to remote] DEBUG org.apache.http.impl.conn.PoolingHttpClientConnectionManager - Connection [id: 29][route: {}->http://localhost:3689] can be kept alive indefinitely
11:24:30.028 [Forwarding findElement on session a0b5262eee3bf152b9f945336eb2ba0a to remote] DEBUG org.apache.http.impl.conn.PoolingHttpClientConnectionManager - Connection released: [id: 29][route: {}->http://localhost:3689][total kept alive: 30; route allocated: 1 of 2000; total allocated: 30 of 2000]
11:24:30.029 [Forwarding clickElement on session a0b5262eee3bf152b9f945336eb2ba0a to remote] DEBUG org.apache.http.client.protocol.RequestAddCookies - CookieSpec selected: default
11:24:30.029 [Forwarding clickElement on session a0b5262eee3bf152b9f945336eb2ba0a to remote] DEBUG org.apache.http.client.protocol.RequestAuthCache - Auth cache not set in the context
11:24:30.029 [Forwarding clickElement on session a0b5262eee3bf152b9f945336eb2ba0a to remote] DEBUG org.apache.http.impl.conn.PoolingHttpClientConnectionManager - Connection request: [route: {}->http://localhost:3689][total kept alive: 30; route allocated: 1 of 2000; total allocated: 30 of 2000]
11:24:30.029 [Forwarding clickElement on session a0b5262eee3bf152b9f945336eb2ba0a to remote] DEBUG org.apache.http.impl.conn.PoolingHttpClientConnectionManager - Connection leased: [id: 29][route: {}->http://localhost:3689][total kept alive: 29; route allocated: 1 of 2000; total allocated: 30 of 2000]
11:24:30.029 [Forwarding clickElement on session a0b5262eee3bf152b9f945336eb2ba0a to remote] DEBUG org.apache.http.impl.execchain.MainClientExec - Stale connection check
11:24:30.030 [Forwarding clickElement on session a0b5262eee3bf152b9f945336eb2ba0a to remote] DEBUG org.apache.http.wire - http-outgoing-29 << "[read] I/O error: Read timed out"
11:24:30.030 [Forwarding clickElement on session a0b5262eee3bf152b9f945336eb2ba0a to remote] DEBUG org.apache.http.impl.conn.DefaultManagedHttpClientConnection - http-outgoing-29: set socket timeout to 10800000
11:24:30.030 [Forwarding clickElement on session a0b5262eee3bf152b9f945336eb2ba0a to remote] DEBUG org.apache.http.impl.execchain.MainClientExec - Executing request POST /session/a0b5262eee3bf152b9f945336eb2ba0a/element/d346029a-9bfb-4ccd-b53a-d90db6c4f9d0/click HTTP/1.1
11:24:30.030 [Forwarding clickElement on session a0b5262eee3bf152b9f945336eb2ba0a to remote] DEBUG org.apache.http.impl.execchain.MainClientExec - Target auth state: UNCHALLENGED
11:24:30.030 [Forwarding clickElement on session a0b5262eee3bf152b9f945336eb2ba0a to remote] DEBUG org.apache.http.impl.execchain.MainClientExec - Proxy auth state: UNCHALLENGED
11:24:30.030 [Forwarding clickElement on session a0b5262eee3bf152b9f945336eb2ba0a to remote] DEBUG org.apache.http.headers - http-outgoing-29 >> POST /session/a0b5262eee3bf152b9f945336eb2ba0a/element/d346029a-9bfb-4ccd-b53a-d90db6c4f9d0/click HTTP/1.1
11:24:30.030 [Forwarding clickElement on session a0b5262eee3bf152b9f945336eb2ba0a to remote] DEBUG org.apache.http.headers - http-outgoing-29 >> Content-Type: application/json; charset=utf-8
11:24:30.030 [Forwarding clickElement on session a0b5262eee3bf152b9f945336eb2ba0a to remote] DEBUG org.apache.http.headers - http-outgoing-29 >> Content-Length: 45
11:24:30.030 [Forwarding clickElement on session a0b5262eee3bf152b9f945336eb2ba0a to remote] DEBUG org.apache.http.headers - http-outgoing-29 >> Host: localhost:3689
11:24:30.030 [Forwarding clickElement on session a0b5262eee3bf152b9f945336eb2ba0a to remote] DEBUG org.apache.http.headers - http-outgoing-29 >> Connection: Keep-Alive
11:24:30.030 [Forwarding clickElement on session a0b5262eee3bf152b9f945336eb2ba0a to remote] DEBUG org.apache.http.headers - http-outgoing-29 >> User-Agent: Apache-HttpClient/4.5.3 (Java/1.8.0_211)
11:24:30.030 [Forwarding clickElement on session a0b5262eee3bf152b9f945336eb2ba0a to remote] DEBUG org.apache.http.headers - http-outgoing-29 >> Accept-Encoding: gzip,deflate
11:24:30.030 [Forwarding clickElement on session a0b5262eee3bf152b9f945336eb2ba0a to remote] DEBUG org.apache.http.wire - http-outgoing-29 >> "POST /session/a0b5262eee3bf152b9f945336eb2ba0a/element/d346029a-9bfb-4ccd-b53a-d90db6c4f9d0/click HTTP/1.1[\r][\n]"
11:24:30.030 [Forwarding clickElement on session a0b5262eee3bf152b9f945336eb2ba0a to remote] DEBUG org.apache.http.wire - http-outgoing-29 >> "Content-Type: application/json; charset=utf-8[\r][\n]"
11:24:30.030 [Forwarding clickElement on session a0b5262eee3bf152b9f945336eb2ba0a to remote] DEBUG org.apache.http.wire - http-outgoing-29 >> "Content-Length: 45[\r][\n]"
11:24:30.030 [Forwarding clickElement on session a0b5262eee3bf152b9f945336eb2ba0a to remote] DEBUG org.apache.http.wire - http-outgoing-29 >> "Host: localhost:3689[\r][\n]"
11:24:30.030 [Forwarding clickElement on session a0b5262eee3bf152b9f945336eb2ba0a to remote] DEBUG org.apache.http.wire - http-outgoing-29 >> "Connection: Keep-Alive[\r][\n]"
11:24:30.030 [Forwarding clickElement on session a0b5262eee3bf152b9f945336eb2ba0a to remote] DEBUG org.apache.http.wire - http-outgoing-29 >> "User-Agent: Apache-HttpClient/4.5.3 (Java/1.8.0_211)[\r][\n]"
11:24:30.030 [Forwarding clickElement on session a0b5262eee3bf152b9f945336eb2ba0a to remote] DEBUG org.apache.http.wire - http-outgoing-29 >> "Accept-Encoding: gzip,deflate[\r][\n]"
11:24:30.030 [Forwarding clickElement on session a0b5262eee3bf152b9f945336eb2ba0a to remote] DEBUG org.apache.http.wire - http-outgoing-29 >> "[\r][\n]"
11:24:30.030 [Forwarding clickElement on session a0b5262eee3bf152b9f945336eb2ba0a to remote] DEBUG org.apache.http.wire - http-outgoing-29 >> "{"id":"d346029a-9bfb-4ccd-b53a-d90db6c4f9d0"}"
11:24:30.303 [Forwarding clickElement on session a0b5262eee3bf152b9f945336eb2ba0a to remote] DEBUG org.apache.http.wire - http-outgoing-29 << "HTTP/1.1 200 OK[\r][\n]"
11:24:30.303 [Forwarding clickElement on session a0b5262eee3bf152b9f945336eb2ba0a to remote] DEBUG org.apache.http.wire - http-outgoing-29 << "Content-Length:14[\r][\n]"
11:24:30.303 [Forwarding clickElement on session a0b5262eee3bf152b9f945336eb2ba0a to remote] DEBUG org.apache.http.wire - http-outgoing-29 << "Content-Type:application/json; charset=utf-8[\r][\n]"
11:24:30.303 [Forwarding clickElement on session a0b5262eee3bf152b9f945336eb2ba0a to remote] DEBUG org.apache.http.wire - http-outgoing-29 << "cache-control:no-cache[\r][\n]"
11:24:30.303 [Forwarding clickElement on session a0b5262eee3bf152b9f945336eb2ba0a to remote] DEBUG org.apache.http.wire - http-outgoing-29 << "[\r][\n]"
11:24:30.303 [Forwarding clickElement on session a0b5262eee3bf152b9f945336eb2ba0a to remote] DEBUG org.apache.http.wire - http-outgoing-29 << "{"value":null}"
11:24:30.303 [Forwarding clickElement on session a0b5262eee3bf152b9f945336eb2ba0a to remote] DEBUG org.apache.http.headers - http-outgoing-29 << HTTP/1.1 200 OK
11:24:30.303 [Forwarding clickElement on session a0b5262eee3bf152b9f945336eb2ba0a to remote] DEBUG org.apache.http.headers - http-outgoing-29 << Content-Length:14
11:24:30.303 [Forwarding clickElement on session a0b5262eee3bf152b9f945336eb2ba0a to remote] DEBUG org.apache.http.headers - http-outgoing-29 << Content-Type:application/json; charset=utf-8
11:24:30.303 [Forwarding clickElement on session a0b5262eee3bf152b9f945336eb2ba0a to remote] DEBUG org.apache.http.headers - http-outgoing-29 << cache-control:no-cache
11:24:30.303 [Forwarding clickElement on session a0b5262eee3bf152b9f945336eb2ba0a to remote] DEBUG org.apache.http.impl.execchain.MainClientExec - Connection can be kept alive indefinitely
11:24:30.303 [Forwarding clickElement on session a0b5262eee3bf152b9f945336eb2ba0a to remote] DEBUG org.apache.http.impl.conn.PoolingHttpClientConnectionManager - Connection [id: 29][route: {}->http://localhost:3689] can be kept alive indefinitely
11:24:30.303 [Forwarding clickElement on session a0b5262eee3bf152b9f945336eb2ba0a to remote] DEBUG org.apache.http.impl.conn.PoolingHttpClientConnectionManager - Connection released: [id: 29][route: {}->http://localhost:3689][total kept alive: 30; route allocated: 1 of 2000; total allocated: 30 of 2000]
11:24:30.304 [Forwarding findElement on session a0b5262eee3bf152b9f945336eb2ba0a to remote] DEBUG org.apache.http.client.protocol.RequestAddCookies - CookieSpec selected: default
11:24:30.304 [Forwarding findElement on session a0b5262eee3bf152b9f945336eb2ba0a to remote] DEBUG org.apache.http.client.protocol.RequestAuthCache - Auth cache not set in the context
11:24:30.304 [Forwarding findElement on session a0b5262eee3bf152b9f945336eb2ba0a to remote] DEBUG org.apache.http.impl.conn.PoolingHttpClientConnectionManager - Connection request: [route: {}->http://localhost:3689][total kept alive: 30; route allocated: 1 of 2000; total allocated: 30 of 2000]
11:24:30.304 [Forwarding findElement on session a0b5262eee3bf152b9f945336eb2ba0a to remote] DEBUG org.apache.http.impl.conn.PoolingHttpClientConnectionManager - Connection leased: [id: 29][route: {}->http://localhost:3689][total kept alive: 29; route allocated: 1 of 2000; total allocated: 30 of 2000]
11:24:30.304 [Forwarding findElement on session a0b5262eee3bf152b9f945336eb2ba0a to remote] DEBUG org.apache.http.impl.execchain.MainClientExec - Stale connection check
11:24:30.305 [Forwarding findElement on session a0b5262eee3bf152b9f945336eb2ba0a to remote] DEBUG org.apache.http.wire - http-outgoing-29 << "[read] I/O error: Read timed out"
11:24:30.305 [Forwarding findElement on session a0b5262eee3bf152b9f945336eb2ba0a to remote] DEBUG org.apache.http.impl.conn.DefaultManagedHttpClientConnection - http-outgoing-29: set socket timeout to 10800000
11:24:30.305 [Forwarding findElement on session a0b5262eee3bf152b9f945336eb2ba0a to remote] DEBUG org.apache.http.impl.execchain.MainClientExec - Executing request POST /session/a0b5262eee3bf152b9f945336eb2ba0a/element HTTP/1.1
11:24:30.305 [Forwarding findElement on session a0b5262eee3bf152b9f945336eb2ba0a to remote] DEBUG org.apache.http.impl.execchain.MainClientExec - Target auth state: UNCHALLENGED
11:24:30.305 [Forwarding findElement on session a0b5262eee3bf152b9f945336eb2ba0a to remote] DEBUG org.apache.http.impl.execchain.MainClientExec - Proxy auth state: UNCHALLENGED
11:24:30.305 [Forwarding findElement on session a0b5262eee3bf152b9f945336eb2ba0a to remote] DEBUG org.apache.http.headers - http-outgoing-29 >> POST /session/a0b5262eee3bf152b9f945336eb2ba0a/element HTTP/1.1
11:24:30.305 [Forwarding findElement on session a0b5262eee3bf152b9f945336eb2ba0a to remote] DEBUG org.apache.http.headers - http-outgoing-29 >> Content-Type: application/json; charset=utf-8
11:24:30.305 [Forwarding findElement on session a0b5262eee3bf152b9f945336eb2ba0a to remote] DEBUG org.apache.http.headers - http-outgoing-29 >> Content-Length: 61
11:24:30.305 [Forwarding findElement on session a0b5262eee3bf152b9f945336eb2ba0a to remote] DEBUG org.apache.http.headers - http-outgoing-29 >> Host: localhost:3689
11:24:30.305 [Forwarding findElement on session a0b5262eee3bf152b9f945336eb2ba0a to remote] DEBUG org.apache.http.headers - http-outgoing-29 >> Connection: Keep-Alive
11:24:30.305 [Forwarding findElement on session a0b5262eee3bf152b9f945336eb2ba0a to remote] DEBUG org.apache.http.headers - http-outgoing-29 >> User-Agent: Apache-HttpClient/4.5.3 (Java/1.8.0_211)
11:24:30.305 [Forwarding findElement on session a0b5262eee3bf152b9f945336eb2ba0a to remote] DEBUG org.apache.http.headers - http-outgoing-29 >> Accept-Encoding: gzip,deflate
11:24:30.305 [Forwarding findElement on session a0b5262eee3bf152b9f945336eb2ba0a to remote] DEBUG org.apache.http.wire - http-outgoing-29 >> "POST /session/a0b5262eee3bf152b9f945336eb2ba0a/element HTTP/1.1[\r][\n]"
11:24:30.305 [Forwarding findElement on session a0b5262eee3bf152b9f945336eb2ba0a to remote] DEBUG org.apache.http.wire - http-outgoing-29 >> "Content-Type: application/json; charset=utf-8[\r][\n]"
11:24:30.305 [Forwarding findElement on session a0b5262eee3bf152b9f945336eb2ba0a to remote] DEBUG org.apache.http.wire - http-outgoing-29 >> "Content-Length: 61[\r][\n]"
11:24:30.305 [Forwarding findElement on session a0b5262eee3bf152b9f945336eb2ba0a to remote] DEBUG org.apache.http.wire - http-outgoing-29 >> "Host: localhost:3689[\r][\n]"
11:24:30.305 [Forwarding findElement on session a0b5262eee3bf152b9f945336eb2ba0a to remote] DEBUG org.apache.http.wire - http-outgoing-29 >> "Connection: Keep-Alive[\r][\n]"
11:24:30.305 [Forwarding findElement on session a0b5262eee3bf152b9f945336eb2ba0a to remote] DEBUG org.apache.http.wire - http-outgoing-29 >> "User-Agent: Apache-HttpClient/4.5.3 (Java/1.8.0_211)[\r][\n]"
11:24:30.305 [Forwarding findElement on session a0b5262eee3bf152b9f945336eb2ba0a to remote] DEBUG org.apache.http.wire - http-outgoing-29 >> "Accept-Encoding: gzip,deflate[\r][\n]"
11:24:30.305 [Forwarding findElement on session a0b5262eee3bf152b9f945336eb2ba0a to remote] DEBUG org.apache.http.wire - http-outgoing-29 >> "[\r][\n]"
11:24:30.305 [Forwarding findElement on session a0b5262eee3bf152b9f945336eb2ba0a to remote] DEBUG org.apache.http.wire - http-outgoing-29 >> "{"value":".justify-content-end > div","using":"css selector"}"
11:24:30.351 [Forwarding findElement on session a0b5262eee3bf152b9f945336eb2ba0a to remote] DEBUG org.apache.http.wire - http-outgoing-29 << "HTTP/1.1 200 OK[\r][\n]"
11:24:30.351 [Forwarding findElement on session a0b5262eee3bf152b9f945336eb2ba0a to remote] DEBUG org.apache.http.wire - http-outgoing-29 << "Content-Length:88[\r][\n]"
11:24:30.351 [Forwarding findElement on session a0b5262eee3bf152b9f945336eb2ba0a to remote] DEBUG org.apache.http.wire - http-outgoing-29 << "Content-Type:application/json; charset=utf-8[\r][\n]"
11:24:30.351 [Forwarding findElement on session a0b5262eee3bf152b9f945336eb2ba0a to remote] DEBUG org.apache.http.wire - http-outgoing-29 << "cache-control:no-cache[\r][\n]"
11:24:30.351 [Forwarding findElement on session a0b5262eee3bf152b9f945336eb2ba0a to remote] DEBUG org.apache.http.wire - http-outgoing-29 << "[\r][\n]"
11:24:30.351 [Forwarding findElement on session a0b5262eee3bf152b9f945336eb2ba0a to remote] DEBUG org.apache.http.wire - http-outgoing-29 << "{"value":{"element-6066-11e4-a52e-4f735466cecf":"a783e6ce-9683-400b-b342-ba4187526c7c"}}"
11:24:30.351 [Forwarding findElement on session a0b5262eee3bf152b9f945336eb2ba0a to remote] DEBUG org.apache.http.headers - http-outgoing-29 << HTTP/1.1 200 OK
11:24:30.351 [Forwarding findElement on session a0b5262eee3bf152b9f945336eb2ba0a to remote] DEBUG org.apache.http.headers - http-outgoing-29 << Content-Length:88
11:24:30.351 [Forwarding findElement on session a0b5262eee3bf152b9f945336eb2ba0a to remote] DEBUG org.apache.http.headers - http-outgoing-29 << Content-Type:application/json; charset=utf-8
11:24:30.351 [Forwarding findElement on session a0b5262eee3bf152b9f945336eb2ba0a to remote] DEBUG org.apache.http.headers - http-outgoing-29 << cache-control:no-cache
11:24:30.351 [Forwarding findElement on session a0b5262eee3bf152b9f945336eb2ba0a to remote] DEBUG org.apache.http.impl.execchain.MainClientExec - Connection can be kept alive indefinitely
11:24:30.351 [Forwarding findElement on session a0b5262eee3bf152b9f945336eb2ba0a to remote] DEBUG org.apache.http.impl.conn.PoolingHttpClientConnectionManager - Connection [id: 29][route: {}->http://localhost:3689] can be kept alive indefinitely
11:24:30.351 [Forwarding findElement on session a0b5262eee3bf152b9f945336eb2ba0a to remote] DEBUG org.apache.http.impl.conn.PoolingHttpClientConnectionManager - Connection released: [id: 29][route: {}->http://localhost:3689][total kept alive: 30; route allocated: 1 of 2000; total allocated: 30 of 2000]
11:24:30.352 [Forwarding clickElement on session a0b5262eee3bf152b9f945336eb2ba0a to remote] DEBUG org.apache.http.client.protocol.RequestAddCookies - CookieSpec selected: default
11:24:30.352 [Forwarding clickElement on session a0b5262eee3bf152b9f945336eb2ba0a to remote] DEBUG org.apache.http.client.protocol.RequestAuthCache - Auth cache not set in the context
11:24:30.352 [Forwarding clickElement on session a0b5262eee3bf152b9f945336eb2ba0a to remote] DEBUG org.apache.http.impl.conn.PoolingHttpClientConnectionManager - Connection request: [route: {}->http://localhost:3689][total kept alive: 30; route allocated: 1 of 2000; total allocated: 30 of 2000]
11:24:30.352 [Forwarding clickElement on session a0b5262eee3bf152b9f945336eb2ba0a to remote] DEBUG org.apache.http.impl.conn.PoolingHttpClientConnectionManager - Connection leased: [id: 29][route: {}->http://localhost:3689][total kept alive: 29; route allocated: 1 of 2000; total allocated: 30 of 2000]
11:24:30.352 [Forwarding clickElement on session a0b5262eee3bf152b9f945336eb2ba0a to remote] DEBUG org.apache.http.impl.execchain.MainClientExec - Stale connection check
11:24:30.353 [Forwarding clickElement on session a0b5262eee3bf152b9f945336eb2ba0a to remote] DEBUG org.apache.http.wire - http-outgoing-29 << "[read] I/O error: Read timed out"
11:24:30.353 [Forwarding clickElement on session a0b5262eee3bf152b9f945336eb2ba0a to remote] DEBUG org.apache.http.impl.conn.DefaultManagedHttpClientConnection - http-outgoing-29: set socket timeout to 10800000
11:24:30.353 [Forwarding clickElement on session a0b5262eee3bf152b9f945336eb2ba0a to remote] DEBUG org.apache.http.impl.execchain.MainClientExec - Executing request POST /session/a0b5262eee3bf152b9f945336eb2ba0a/element/a783e6ce-9683-400b-b342-ba4187526c7c/click HTTP/1.1
11:24:30.353 [Forwarding clickElement on session a0b5262eee3bf152b9f945336eb2ba0a to remote] DEBUG org.apache.http.impl.execchain.MainClientExec - Target auth state: UNCHALLENGED
11:24:30.353 [Forwarding clickElement on session a0b5262eee3bf152b9f945336eb2ba0a to remote] DEBUG org.apache.http.impl.execchain.MainClientExec - Proxy auth state: UNCHALLENGED
11:24:30.353 [Forwarding clickElement on session a0b5262eee3bf152b9f945336eb2ba0a to remote] DEBUG org.apache.http.headers - http-outgoing-29 >> POST /session/a0b5262eee3bf152b9f945336eb2ba0a/element/a783e6ce-9683-400b-b342-ba4187526c7c/click HTTP/1.1
11:24:30.353 [Forwarding clickElement on session a0b5262eee3bf152b9f945336eb2ba0a to remote] DEBUG org.apache.http.headers - http-outgoing-29 >> Content-Type: application/json; charset=utf-8
11:24:30.353 [Forwarding clickElement on session a0b5262eee3bf152b9f945336eb2ba0a to remote] DEBUG org.apache.http.headers - http-outgoing-29 >> Content-Length: 45
11:24:30.353 [Forwarding clickElement on session a0b5262eee3bf152b9f945336eb2ba0a to remote] DEBUG org.apache.http.headers - http-outgoing-29 >> Host: localhost:3689
11:24:30.353 [Forwarding clickElement on session a0b5262eee3bf152b9f945336eb2ba0a to remote] DEBUG org.apache.http.headers - http-outgoing-29 >> Connection: Keep-Alive
11:24:30.353 [Forwarding clickElement on session a0b5262eee3bf152b9f945336eb2ba0a to remote] DEBUG org.apache.http.headers - http-outgoing-29 >> User-Agent: Apache-HttpClient/4.5.3 (Java/1.8.0_211)
11:24:30.353 [Forwarding clickElement on session a0b5262eee3bf152b9f945336eb2ba0a to remote] DEBUG org.apache.http.headers - http-outgoing-29 >> Accept-Encoding: gzip,deflate
11:24:30.353 [Forwarding clickElement on session a0b5262eee3bf152b9f945336eb2ba0a to remote] DEBUG org.apache.http.wire - http-outgoing-29 >> "POST /session/a0b5262eee3bf152b9f945336eb2ba0a/element/a783e6ce-9683-400b-b342-ba4187526c7c/click HTTP/1.1[\r][\n]"
11:24:30.353 [Forwarding clickElement on session a0b5262eee3bf152b9f945336eb2ba0a to remote] DEBUG org.apache.http.wire - http-outgoing-29 >> "Content-Type: application/json; charset=utf-8[\r][\n]"
11:24:30.353 [Forwarding clickElement on session a0b5262eee3bf152b9f945336eb2ba0a to remote] DEBUG org.apache.http.wire - http-outgoing-29 >> "Content-Length: 45[\r][\n]"
11:24:30.353 [Forwarding clickElement on session a0b5262eee3bf152b9f945336eb2ba0a to remote] DEBUG org.apache.http.wire - http-outgoing-29 >> "Host: localhost:3689[\r][\n]"
11:24:30.353 [Forwarding clickElement on session a0b5262eee3bf152b9f945336eb2ba0a to remote] DEBUG org.apache.http.wire - http-outgoing-29 >> "Connection: Keep-Alive[\r][\n]"
11:24:30.353 [Forwarding clickElement on session a0b5262eee3bf152b9f945336eb2ba0a to remote] DEBUG org.apache.http.wire - http-outgoing-29 >> "User-Agent: Apache-HttpClient/4.5.3 (Java/1.8.0_211)[\r][\n]"
11:24:30.353 [Forwarding clickElement on session a0b5262eee3bf152b9f945336eb2ba0a to remote] DEBUG org.apache.http.wire - http-outgoing-29 >> "Accept-Encoding: gzip,deflate[\r][\n]"
11:24:30.353 [Forwarding clickElement on session a0b5262eee3bf152b9f945336eb2ba0a to remote] DEBUG org.apache.http.wire - http-outgoing-29 >> "[\r][\n]"
11:24:30.353 [Forwarding clickElement on session a0b5262eee3bf152b9f945336eb2ba0a to remote] DEBUG org.apache.http.wire - http-outgoing-29 >> "{"id":"a783e6ce-9683-400b-b342-ba4187526c7c"}"
11:24:30.436 [Forwarding clickElement on session a0b5262eee3bf152b9f945336eb2ba0a to remote] DEBUG org.apache.http.wire - http-outgoing-29 << "HTTP/1.1 200 OK[\r][\n]"
11:24:30.436 [Forwarding clickElement on session a0b5262eee3bf152b9f945336eb2ba0a to remote] DEBUG org.apache.http.wire - http-outgoing-29 << "Content-Length:14[\r][\n]"
11:24:30.436 [Forwarding clickElement on session a0b5262eee3bf152b9f945336eb2ba0a to remote] DEBUG org.apache.http.wire - http-outgoing-29 << "Content-Type:application/json; charset=utf-8[\r][\n]"
11:24:30.436 [Forwarding clickElement on session a0b5262eee3bf152b9f945336eb2ba0a to remote] DEBUG org.apache.http.wire - http-outgoing-29 << "cache-control:no-cache[\r][\n]"
11:24:30.436 [Forwarding clickElement on session a0b5262eee3bf152b9f945336eb2ba0a to remote] DEBUG org.apache.http.wire - http-outgoing-29 << "[\r][\n]"
11:24:30.436 [Forwarding clickElement on session a0b5262eee3bf152b9f945336eb2ba0a to remote] DEBUG org.apache.http.wire - http-outgoing-29 << "{"value":null}"
11:24:30.436 [Forwarding clickElement on session a0b5262eee3bf152b9f945336eb2ba0a to remote] DEBUG org.apache.http.headers - http-outgoing-29 << HTTP/1.1 200 OK
11:24:30.436 [Forwarding clickElement on session a0b5262eee3bf152b9f945336eb2ba0a to remote] DEBUG org.apache.http.headers - http-outgoing-29 << Content-Length:14
11:24:30.436 [Forwarding clickElement on session a0b5262eee3bf152b9f945336eb2ba0a to remote] DEBUG org.apache.http.headers - http-outgoing-29 << Content-Type:application/json; charset=utf-8
11:24:30.436 [Forwarding clickElement on session a0b5262eee3bf152b9f945336eb2ba0a to remote] DEBUG org.apache.http.headers - http-outgoing-29 << cache-control:no-cache
11:24:30.436 [Forwarding clickElement on session a0b5262eee3bf152b9f945336eb2ba0a to remote] DEBUG org.apache.http.impl.execchain.MainClientExec - Connection can be kept alive indefinitely
11:24:30.436 [Forwarding clickElement on session a0b5262eee3bf152b9f945336eb2ba0a to remote] DEBUG org.apache.http.impl.conn.PoolingHttpClientConnectionManager - Connection [id: 29][route: {}->http://localhost:3689] can be kept alive indefinitely
11:24:30.436 [Forwarding clickElement on session a0b5262eee3bf152b9f945336eb2ba0a to remote] DEBUG org.apache.http.impl.conn.PoolingHttpClientConnectionManager - Connection released: [id: 29][route: {}->http://localhost:3689][total kept alive: 30; route allocated: 1 of 2000; total allocated: 30 of 2000]
11:24:30.436 [Forwarding findElement on session a0b5262eee3bf152b9f945336eb2ba0a to remote] DEBUG org.apache.http.client.protocol.RequestAddCookies - CookieSpec selected: default
11:24:30.436 [Forwarding findElement on session a0b5262eee3bf152b9f945336eb2ba0a to remote] DEBUG org.apache.http.client.protocol.RequestAuthCache - Auth cache not set in the context
11:24:30.436 [Forwarding findElement on session a0b5262eee3bf152b9f945336eb2ba0a to remote] DEBUG org.apache.http.impl.conn.PoolingHttpClientConnectionManager - Connection request: [route: {}->http://localhost:3689][total kept alive: 30; route allocated: 1 of 2000; total allocated: 30 of 2000]
11:24:30.436 [Forwarding findElement on session a0b5262eee3bf152b9f945336eb2ba0a to remote] DEBUG org.apache.http.impl.conn.PoolingHttpClientConnectionManager - Connection leased: [id: 29][route: {}->http://localhost:3689][total kept alive: 29; route allocated: 1 of 2000; total allocated: 30 of 2000]
11:24:30.436 [Forwarding findElement on session a0b5262eee3bf152b9f945336eb2ba0a to remote] DEBUG org.apache.http.impl.execchain.MainClientExec - Stale connection check
11:24:30.437 [Forwarding findElement on session a0b5262eee3bf152b9f945336eb2ba0a to remote] DEBUG org.apache.http.wire - http-outgoing-29 << "[read] I/O error: Read timed out"
11:24:30.437 [Forwarding findElement on session a0b5262eee3bf152b9f945336eb2ba0a to remote] DEBUG org.apache.http.impl.conn.DefaultManagedHttpClientConnection - http-outgoing-29: set socket timeout to 10800000
11:24:30.437 [Forwarding findElement on session a0b5262eee3bf152b9f945336eb2ba0a to remote] DEBUG org.apache.http.impl.execchain.MainClientExec - Executing request POST /session/a0b5262eee3bf152b9f945336eb2ba0a/element HTTP/1.1
11:24:30.437 [Forwarding findElement on session a0b5262eee3bf152b9f945336eb2ba0a to remote] DEBUG org.apache.http.impl.execchain.MainClientExec - Target auth state: UNCHALLENGED
11:24:30.437 [Forwarding findElement on session a0b5262eee3bf152b9f945336eb2ba0a to remote] DEBUG org.apache.http.impl.execchain.MainClientExec - Proxy auth state: UNCHALLENGED
11:24:30.437 [Forwarding findElement on session a0b5262eee3bf152b9f945336eb2ba0a to remote] DEBUG org.apache.http.headers - http-outgoing-29 >> POST /session/a0b5262eee3bf152b9f945336eb2ba0a/element HTTP/1.1
11:24:30.437 [Forwarding findElement on session a0b5262eee3bf152b9f945336eb2ba0a to remote] DEBUG org.apache.http.headers - http-outgoing-29 >> Content-Type: application/json; charset=utf-8
11:24:30.437 [Forwarding findElement on session a0b5262eee3bf152b9f945336eb2ba0a to remote] DEBUG org.apache.http.headers - http-outgoing-29 >> Content-Length: 53
11:24:30.437 [Forwarding findElement on session a0b5262eee3bf152b9f945336eb2ba0a to remote] DEBUG org.apache.http.headers - http-outgoing-29 >> Host: localhost:3689
11:24:30.437 [Forwarding findElement on session a0b5262eee3bf152b9f945336eb2ba0a to remote] DEBUG org.apache.http.headers - http-outgoing-29 >> Connection: Keep-Alive
11:24:30.437 [Forwarding findElement on session a0b5262eee3bf152b9f945336eb2ba0a to remote] DEBUG org.apache.http.headers - http-outgoing-29 >> User-Agent: Apache-HttpClient/4.5.3 (Java/1.8.0_211)
11:24:30.437 [Forwarding findElement on session a0b5262eee3bf152b9f945336eb2ba0a to remote] DEBUG org.apache.http.headers - http-outgoing-29 >> Accept-Encoding: gzip,deflate
11:24:30.437 [Forwarding findElement on session a0b5262eee3bf152b9f945336eb2ba0a to remote] DEBUG org.apache.http.wire - http-outgoing-29 >> "POST /session/a0b5262eee3bf152b9f945336eb2ba0a/element HTTP/1.1[\r][\n]"
11:24:30.437 [Forwarding findElement on session a0b5262eee3bf152b9f945336eb2ba0a to remote] DEBUG org.apache.http.wire - http-outgoing-29 >> "Content-Type: application/json; charset=utf-8[\r][\n]"
11:24:30.437 [Forwarding findElement on session a0b5262eee3bf152b9f945336eb2ba0a to remote] DEBUG org.apache.http.wire - http-outgoing-29 >> "Content-Length: 53[\r][\n]"
11:24:30.437 [Forwarding findElement on session a0b5262eee3bf152b9f945336eb2ba0a to remote] DEBUG org.apache.http.wire - http-outgoing-29 >> "Host: localhost:3689[\r][\n]"
11:24:30.437 [Forwarding findElement on session a0b5262eee3bf152b9f945336eb2ba0a to remote] DEBUG org.apache.http.wire - http-outgoing-29 >> "Connection: Keep-Alive[\r][\n]"
11:24:30.437 [Forwarding findElement on session a0b5262eee3bf152b9f945336eb2ba0a to remote] DEBUG org.apache.http.wire - http-outgoing-29 >> "User-Agent: Apache-HttpClient/4.5.3 (Java/1.8.0_211)[\r][\n]"
11:24:30.437 [Forwarding findElement on session a0b5262eee3bf152b9f945336eb2ba0a to remote] DEBUG org.apache.http.wire - http-outgoing-29 >> "Accept-Encoding: gzip,deflate[\r][\n]"
11:24:30.437 [Forwarding findElement on session a0b5262eee3bf152b9f945336eb2ba0a to remote] DEBUG org.apache.http.wire - http-outgoing-29 >> "[\r][\n]"
11:24:30.437 [Forwarding findElement on session a0b5262eee3bf152b9f945336eb2ba0a to remote] DEBUG org.apache.http.wire - http-outgoing-29 >> "{"value":"span > .d-flex div","using":"css selector"}"
11:24:30.694 [Forwarding findElement on session a0b5262eee3bf152b9f945336eb2ba0a to remote] DEBUG org.apache.http.wire - http-outgoing-29 << "HTTP/1.1 200 OK[\r][\n]"
11:24:30.694 [Forwarding findElement on session a0b5262eee3bf152b9f945336eb2ba0a to remote] DEBUG org.apache.http.wire - http-outgoing-29 << "Content-Length:88[\r][\n]"
11:24:30.694 [Forwarding findElement on session a0b5262eee3bf152b9f945336eb2ba0a to remote] DEBUG org.apache.http.wire - http-outgoing-29 << "Content-Type:application/json; charset=utf-8[\r][\n]"
11:24:30.694 [Forwarding findElement on session a0b5262eee3bf152b9f945336eb2ba0a to remote] DEBUG org.apache.http.wire - http-outgoing-29 << "cache-control:no-cache[\r][\n]"
11:24:30.694 [Forwarding findElement on session a0b5262eee3bf152b9f945336eb2ba0a to remote] DEBUG org.apache.http.wire - http-outgoing-29 << "[\r][\n]"
11:24:30.694 [Forwarding findElement on session a0b5262eee3bf152b9f945336eb2ba0a to remote] DEBUG org.apache.http.wire - http-outgoing-29 << "{"value":{"element-6066-11e4-a52e-4f735466cecf":"c94c1777-857e-4c47-aec5-060c43b897cd"}}"
11:24:30.694 [Forwarding findElement on session a0b5262eee3bf152b9f945336eb2ba0a to remote] DEBUG org.apache.http.headers - http-outgoing-29 << HTTP/1.1 200 OK
11:24:30.694 [Forwarding findElement on session a0b5262eee3bf152b9f945336eb2ba0a to remote] DEBUG org.apache.http.headers - http-outgoing-29 << Content-Length:88
11:24:30.694 [Forwarding findElement on session a0b5262eee3bf152b9f945336eb2ba0a to remote] DEBUG org.apache.http.headers - http-outgoing-29 << Content-Type:application/json; charset=utf-8
11:24:30.694 [Forwarding findElement on session a0b5262eee3bf152b9f945336eb2ba0a to remote] DEBUG org.apache.http.headers - http-outgoing-29 << cache-control:no-cache
11:24:30.694 [Forwarding findElement on session a0b5262eee3bf152b9f945336eb2ba0a to remote] DEBUG org.apache.http.impl.execchain.MainClientExec - Connection can be kept alive indefinitely
11:24:30.694 [Forwarding findElement on session a0b5262eee3bf152b9f945336eb2ba0a to remote] DEBUG org.apache.http.impl.conn.PoolingHttpClientConnectionManager - Connection [id: 29][route: {}->http://localhost:3689] can be kept alive indefinitely
11:24:30.694 [Forwarding findElement on session a0b5262eee3bf152b9f945336eb2ba0a to remote] DEBUG org.apache.http.impl.conn.PoolingHttpClientConnectionManager - Connection released: [id: 29][route: {}->http://localhost:3689][total kept alive: 30; route allocated: 1 of 2000; total allocated: 30 of 2000]
11:24:30.695 [Forwarding getElementText on session a0b5262eee3bf152b9f945336eb2ba0a to remote] DEBUG org.apache.http.client.protocol.RequestAddCookies - CookieSpec selected: default
11:24:30.695 [Forwarding getElementText on session a0b5262eee3bf152b9f945336eb2ba0a to remote] DEBUG org.apache.http.client.protocol.RequestAuthCache - Auth cache not set in the context
11:24:30.695 [Forwarding getElementText on session a0b5262eee3bf152b9f945336eb2ba0a to remote] DEBUG org.apache.http.impl.conn.PoolingHttpClientConnectionManager - Connection request: [route: {}->http://localhost:3689][total kept alive: 30; route allocated: 1 of 2000; total allocated: 30 of 2000]
11:24:30.695 [Forwarding getElementText on session a0b5262eee3bf152b9f945336eb2ba0a to remote] DEBUG org.apache.http.impl.conn.PoolingHttpClientConnectionManager - Connection leased: [id: 29][route: {}->http://localhost:3689][total kept alive: 29; route allocated: 1 of 2000; total allocated: 30 of 2000]
11:24:30.695 [Forwarding getElementText on session a0b5262eee3bf152b9f945336eb2ba0a to remote] DEBUG org.apache.http.impl.execchain.MainClientExec - Stale connection check
11:24:30.696 [Forwarding getElementText on session a0b5262eee3bf152b9f945336eb2ba0a to remote] DEBUG org.apache.http.wire - http-outgoing-29 << "[read] I/O error: Read timed out"
11:24:30.696 [Forwarding getElementText on session a0b5262eee3bf152b9f945336eb2ba0a to remote] DEBUG org.apache.http.impl.conn.DefaultManagedHttpClientConnection - http-outgoing-29: set socket timeout to 10800000
11:24:30.696 [Forwarding getElementText on session a0b5262eee3bf152b9f945336eb2ba0a to remote] DEBUG org.apache.http.impl.execchain.MainClientExec - Executing request GET /session/a0b5262eee3bf152b9f945336eb2ba0a/element/c94c1777-857e-4c47-aec5-060c43b897cd/text HTTP/1.1
11:24:30.696 [Forwarding getElementText on session a0b5262eee3bf152b9f945336eb2ba0a to remote] DEBUG org.apache.http.impl.execchain.MainClientExec - Target auth state: UNCHALLENGED
11:24:30.696 [Forwarding getElementText on session a0b5262eee3bf152b9f945336eb2ba0a to remote] DEBUG org.apache.http.impl.execchain.MainClientExec - Proxy auth state: UNCHALLENGED
11:24:30.696 [Forwarding getElementText on session a0b5262eee3bf152b9f945336eb2ba0a to remote] DEBUG org.apache.http.headers - http-outgoing-29 >> GET /session/a0b5262eee3bf152b9f945336eb2ba0a/element/c94c1777-857e-4c47-aec5-060c43b897cd/text HTTP/1.1
11:24:30.696 [Forwarding getElementText on session a0b5262eee3bf152b9f945336eb2ba0a to remote] DEBUG org.apache.http.headers - http-outgoing-29 >> Cache-Control: no-cache
11:24:30.696 [Forwarding getElementText on session a0b5262eee3bf152b9f945336eb2ba0a to remote] DEBUG org.apache.http.headers - http-outgoing-29 >> Host: localhost:3689
11:24:30.696 [Forwarding getElementText on session a0b5262eee3bf152b9f945336eb2ba0a to remote] DEBUG org.apache.http.headers - http-outgoing-29 >> Connection: Keep-Alive
11:24:30.696 [Forwarding getElementText on session a0b5262eee3bf152b9f945336eb2ba0a to remote] DEBUG org.apache.http.headers - http-outgoing-29 >> User-Agent: Apache-HttpClient/4.5.3 (Java/1.8.0_211)
11:24:30.696 [Forwarding getElementText on session a0b5262eee3bf152b9f945336eb2ba0a to remote] DEBUG org.apache.http.headers - http-outgoing-29 >> Accept-Encoding: gzip,deflate
11:24:30.696 [Forwarding getElementText on session a0b5262eee3bf152b9f945336eb2ba0a to remote] DEBUG org.apache.http.wire - http-outgoing-29 >> "GET /session/a0b5262eee3bf152b9f945336eb2ba0a/element/c94c1777-857e-4c47-aec5-060c43b897cd/text HTTP/1.1[\r][\n]"
11:24:30.696 [Forwarding getElementText on session a0b5262eee3bf152b9f945336eb2ba0a to remote] DEBUG org.apache.http.wire - http-outgoing-29 >> "Cache-Control: no-cache[\r][\n]"
11:24:30.696 [Forwarding getElementText on session a0b5262eee3bf152b9f945336eb2ba0a to remote] DEBUG org.apache.http.wire - http-outgoing-29 >> "Host: localhost:3689[\r][\n]"
11:24:30.696 [Forwarding getElementText on session a0b5262eee3bf152b9f945336eb2ba0a to remote] DEBUG org.apache.http.wire - http-outgoing-29 >> "Connection: Keep-Alive[\r][\n]"
11:24:30.696 [Forwarding getElementText on session a0b5262eee3bf152b9f945336eb2ba0a to remote] DEBUG org.apache.http.wire - http-outgoing-29 >> "User-Agent: Apache-HttpClient/4.5.3 (Java/1.8.0_211)[\r][\n]"
11:24:30.696 [Forwarding getElementText on session a0b5262eee3bf152b9f945336eb2ba0a to remote] DEBUG org.apache.http.wire - http-outgoing-29 >> "Accept-Encoding: gzip,deflate[\r][\n]"
11:24:30.696 [Forwarding getElementText on session a0b5262eee3bf152b9f945336eb2ba0a to remote] DEBUG org.apache.http.wire - http-outgoing-29 >> "[\r][\n]"
11:24:30.711 [Forwarding getElementText on session a0b5262eee3bf152b9f945336eb2ba0a to remote] DEBUG org.apache.http.wire - http-outgoing-29 << "HTTP/1.1 200 OK[\r][\n]"
11:24:30.711 [Forwarding getElementText on session a0b5262eee3bf152b9f945336eb2ba0a to remote] DEBUG org.apache.http.wire - http-outgoing-29 << "Content-Length:46[\r][\n]"
11:24:30.711 [Forwarding getElementText on session a0b5262eee3bf152b9f945336eb2ba0a to remote] DEBUG org.apache.http.wire - http-outgoing-29 << "Content-Type:application/json; charset=utf-8[\r][\n]"
11:24:30.711 [Forwarding getElementText on session a0b5262eee3bf152b9f945336eb2ba0a to remote] DEBUG org.apache.http.wire - http-outgoing-29 << "cache-control:no-cache[\r][\n]"
11:24:30.711 [Forwarding getElementText on session a0b5262eee3bf152b9f945336eb2ba0a to remote] DEBUG org.apache.http.wire - http-outgoing-29 << "[\r][\n]"
11:24:30.711 [Forwarding getElementText on session a0b5262eee3bf152b9f945336eb2ba0a to remote] DEBUG org.apache.http.wire - http-outgoing-29 << "{"value":"TN2jfdYCX9vvozqjwVvPjMd7vRj8HKyxUe"}"
11:24:30.711 [Forwarding getElementText on session a0b5262eee3bf152b9f945336eb2ba0a to remote] DEBUG org.apache.http.headers - http-outgoing-29 << HTTP/1.1 200 OK
11:24:30.711 [Forwarding getElementText on session a0b5262eee3bf152b9f945336eb2ba0a to remote] DEBUG org.apache.http.headers - http-outgoing-29 << Content-Length:46
11:24:30.711 [Forwarding getElementText on session a0b5262eee3bf152b9f945336eb2ba0a to remote] DEBUG org.apache.http.headers - http-outgoing-29 << Content-Type:application/json; charset=utf-8
11:24:30.711 [Forwarding getElementText on session a0b5262eee3bf152b9f945336eb2ba0a to remote] DEBUG org.apache.http.headers - http-outgoing-29 << cache-control:no-cache
11:24:30.711 [Forwarding getElementText on session a0b5262eee3bf152b9f945336eb2ba0a to remote] DEBUG org.apache.http.impl.execchain.MainClientExec - Connection can be kept alive indefinitely
11:24:30.711 [Forwarding getElementText on session a0b5262eee3bf152b9f945336eb2ba0a to remote] DEBUG org.apache.http.impl.conn.PoolingHttpClientConnectionManager - Connection [id: 29][route: {}->http://localhost:3689] can be kept alive indefinitely
11:24:30.711 [Forwarding getElementText on session a0b5262eee3bf152b9f945336eb2ba0a to remote] DEBUG org.apache.http.impl.conn.PoolingHttpClientConnectionManager - Connection released: [id: 29][route: {}->http://localhost:3689][total kept alive: 30; route allocated: 1 of 2000; total allocated: 30 of 2000]
11:24:30.917 [Forwarding findElement on session a0b5262eee3bf152b9f945336eb2ba0a to remote] DEBUG org.apache.http.client.protocol.RequestAddCookies - CookieSpec selected: default
11:24:30.917 [Forwarding findElement on session a0b5262eee3bf152b9f945336eb2ba0a to remote] DEBUG org.apache.http.client.protocol.RequestAuthCache - Auth cache not set in the context
11:24:30.917 [Forwarding findElement on session a0b5262eee3bf152b9f945336eb2ba0a to remote] DEBUG org.apache.http.impl.conn.PoolingHttpClientConnectionManager - Connection request: [route: {}->http://localhost:3689][total kept alive: 30; route allocated: 1 of 2000; total allocated: 30 of 2000]
11:24:30.917 [Forwarding findElement on session a0b5262eee3bf152b9f945336eb2ba0a to remote] DEBUG org.apache.http.impl.conn.PoolingHttpClientConnectionManager - Connection leased: [id: 29][route: {}->http://localhost:3689][total kept alive: 29; route allocated: 1 of 2000; total allocated: 30 of 2000]
11:24:30.917 [Forwarding findElement on session a0b5262eee3bf152b9f945336eb2ba0a to remote] DEBUG org.apache.http.impl.execchain.MainClientExec - Stale connection check
11:24:30.918 [Forwarding findElement on session a0b5262eee3bf152b9f945336eb2ba0a to remote] DEBUG org.apache.http.wire - http-outgoing-29 << "[read] I/O error: Read timed out"
11:24:30.918 [Forwarding findElement on session a0b5262eee3bf152b9f945336eb2ba0a to remote] DEBUG org.apache.http.impl.conn.DefaultManagedHttpClientConnection - http-outgoing-29: set socket timeout to 10800000
11:24:30.918 [Forwarding findElement on session a0b5262eee3bf152b9f945336eb2ba0a to remote] DEBUG org.apache.http.impl.execchain.MainClientExec - Executing request POST /session/a0b5262eee3bf152b9f945336eb2ba0a/element HTTP/1.1
11:24:30.918 [Forwarding findElement on session a0b5262eee3bf152b9f945336eb2ba0a to remote] DEBUG org.apache.http.impl.execchain.MainClientExec - Target auth state: UNCHALLENGED
11:24:30.918 [Forwarding findElement on session a0b5262eee3bf152b9f945336eb2ba0a to remote] DEBUG org.apache.http.impl.execchain.MainClientExec - Proxy auth state: UNCHALLENGED
11:24:30.918 [Forwarding findElement on session a0b5262eee3bf152b9f945336eb2ba0a to remote] DEBUG org.apache.http.headers - http-outgoing-29 >> POST /session/a0b5262eee3bf152b9f945336eb2ba0a/element HTTP/1.1
11:24:30.918 [Forwarding findElement on session a0b5262eee3bf152b9f945336eb2ba0a to remote] DEBUG org.apache.http.headers - http-outgoing-29 >> Content-Type: application/json; charset=utf-8
11:24:30.918 [Forwarding findElement on session a0b5262eee3bf152b9f945336eb2ba0a to remote] DEBUG org.apache.http.headers - http-outgoing-29 >> Content-Length: 58
11:24:30.918 [Forwarding findElement on session a0b5262eee3bf152b9f945336eb2ba0a to remote] DEBUG org.apache.http.headers - http-outgoing-29 >> Host: localhost:3689
11:24:30.918 [Forwarding findElement on session a0b5262eee3bf152b9f945336eb2ba0a to remote] DEBUG org.apache.http.headers - http-outgoing-29 >> Connection: Keep-Alive
11:24:30.918 [Forwarding findElement on session a0b5262eee3bf152b9f945336eb2ba0a to remote] DEBUG org.apache.http.headers - http-outgoing-29 >> User-Agent: Apache-HttpClient/4.5.3 (Java/1.8.0_211)
11:24:30.918 [Forwarding findElement on session a0b5262eee3bf152b9f945336eb2ba0a to remote] DEBUG org.apache.http.headers - http-outgoing-29 >> Accept-Encoding: gzip,deflate
11:24:30.918 [Forwarding findElement on session a0b5262eee3bf152b9f945336eb2ba0a to remote] DEBUG org.apache.http.wire - http-outgoing-29 >> "POST /session/a0b5262eee3bf152b9f945336eb2ba0a/element HTTP/1.1[\r][\n]"
11:24:30.918 [Forwarding findElement on session a0b5262eee3bf152b9f945336eb2ba0a to remote] DEBUG org.apache.http.wire - http-outgoing-29 >> "Content-Type: application/json; charset=utf-8[\r][\n]"
11:24:30.918 [Forwarding findElement on session a0b5262eee3bf152b9f945336eb2ba0a to remote] DEBUG org.apache.http.wire - http-outgoing-29 >> "Content-Length: 58[\r][\n]"
11:24:30.918 [Forwarding findElement on session a0b5262eee3bf152b9f945336eb2ba0a to remote] DEBUG org.apache.http.wire - http-outgoing-29 >> "Host: localhost:3689[\r][\n]"
11:24:30.918 [Forwarding findElement on session a0b5262eee3bf152b9f945336eb2ba0a to remote] DEBUG org.apache.http.wire - http-outgoing-29 >> "Connection: Keep-Alive[\r][\n]"
11:24:30.918 [Forwarding findElement on session a0b5262eee3bf152b9f945336eb2ba0a to remote] DEBUG org.apache.http.wire - http-outgoing-29 >> "User-Agent: Apache-HttpClient/4.5.3 (Java/1.8.0_211)[\r][\n]"
11:24:30.918 [Forwarding findElement on session a0b5262eee3bf152b9f945336eb2ba0a to remote] DEBUG org.apache.http.wire - http-outgoing-29 >> "Accept-Encoding: gzip,deflate[\r][\n]"
11:24:30.918 [Forwarding findElement on session a0b5262eee3bf152b9f945336eb2ba0a to remote] DEBUG org.apache.http.wire - http-outgoing-29 >> "[\r][\n]"
11:24:30.918 [Forwarding findElement on session a0b5262eee3bf152b9f945336eb2ba0a to remote] DEBUG org.apache.http.wire - http-outgoing-29 >> "{"value":".dropdown-toggle > span","using":"css selector"}"
11:24:30.921 [Forwarding findElement on session a0b5262eee3bf152b9f945336eb2ba0a to remote] DEBUG org.apache.http.wire - http-outgoing-29 << "HTTP/1.1 200 OK[\r][\n]"
11:24:30.921 [Forwarding findElement on session a0b5262eee3bf152b9f945336eb2ba0a to remote] DEBUG org.apache.http.wire - http-outgoing-29 << "Content-Length:88[\r][\n]"
11:24:30.921 [Forwarding findElement on session a0b5262eee3bf152b9f945336eb2ba0a to remote] DEBUG org.apache.http.wire - http-outgoing-29 << "Content-Type:application/json; charset=utf-8[\r][\n]"
11:24:30.921 [Forwarding findElement on session a0b5262eee3bf152b9f945336eb2ba0a to remote] DEBUG org.apache.http.wire - http-outgoing-29 << "cache-control:no-cache[\r][\n]"
11:24:30.921 [Forwarding findElement on session a0b5262eee3bf152b9f945336eb2ba0a to remote] DEBUG org.apache.http.wire - http-outgoing-29 << "[\r][\n]"
11:24:30.921 [Forwarding findElement on session a0b5262eee3bf152b9f945336eb2ba0a to remote] DEBUG org.apache.http.wire - http-outgoing-29 << "{"value":{"element-6066-11e4-a52e-4f735466cecf":"d346029a-9bfb-4ccd-b53a-d90db6c4f9d0"}}"
11:24:30.921 [Forwarding findElement on session a0b5262eee3bf152b9f945336eb2ba0a to remote] DEBUG org.apache.http.headers - http-outgoing-29 << HTTP/1.1 200 OK
11:24:30.921 [Forwarding findElement on session a0b5262eee3bf152b9f945336eb2ba0a to remote] DEBUG org.apache.http.headers - http-outgoing-29 << Content-Length:88
11:24:30.921 [Forwarding findElement on session a0b5262eee3bf152b9f945336eb2ba0a to remote] DEBUG org.apache.http.headers - http-outgoing-29 << Content-Type:application/json; charset=utf-8
11:24:30.921 [Forwarding findElement on session a0b5262eee3bf152b9f945336eb2ba0a to remote] DEBUG org.apache.http.headers - http-outgoing-29 << cache-control:no-cache
11:24:30.921 [Forwarding findElement on session a0b5262eee3bf152b9f945336eb2ba0a to remote] DEBUG org.apache.http.impl.execchain.MainClientExec - Connection can be kept alive indefinitely
11:24:30.921 [Forwarding findElement on session a0b5262eee3bf152b9f945336eb2ba0a to remote] DEBUG org.apache.http.impl.conn.PoolingHttpClientConnectionManager - Connection [id: 29][route: {}->http://localhost:3689] can be kept alive indefinitely
11:24:30.921 [Forwarding findElement on session a0b5262eee3bf152b9f945336eb2ba0a to remote] DEBUG org.apache.http.impl.conn.PoolingHttpClientConnectionManager - Connection released: [id: 29][route: {}->http://localhost:3689][total kept alive: 30; route allocated: 1 of 2000; total allocated: 30 of 2000]
11:24:30.922 [Forwarding actions on session a0b5262eee3bf152b9f945336eb2ba0a to remote] DEBUG org.apache.http.client.protocol.RequestAddCookies - CookieSpec selected: default
11:24:30.922 [Forwarding actions on session a0b5262eee3bf152b9f945336eb2ba0a to remote] DEBUG org.apache.http.client.protocol.RequestAuthCache - Auth cache not set in the context
11:24:30.922 [Forwarding actions on session a0b5262eee3bf152b9f945336eb2ba0a to remote] DEBUG org.apache.http.impl.conn.PoolingHttpClientConnectionManager - Connection request: [route: {}->http://localhost:3689][total kept alive: 30; route allocated: 1 of 2000; total allocated: 30 of 2000]
11:24:30.922 [Forwarding actions on session a0b5262eee3bf152b9f945336eb2ba0a to remote] DEBUG org.apache.http.impl.conn.PoolingHttpClientConnectionManager - Connection leased: [id: 29][route: {}->http://localhost:3689][total kept alive: 29; route allocated: 1 of 2000; total allocated: 30 of 2000]
11:24:30.922 [Forwarding actions on session a0b5262eee3bf152b9f945336eb2ba0a to remote] DEBUG org.apache.http.impl.execchain.MainClientExec - Stale connection check
11:24:30.923 [Forwarding actions on session a0b5262eee3bf152b9f945336eb2ba0a to remote] DEBUG org.apache.http.wire - http-outgoing-29 << "[read] I/O error: Read timed out"
11:24:30.923 [Forwarding actions on session a0b5262eee3bf152b9f945336eb2ba0a to remote] DEBUG org.apache.http.impl.conn.DefaultManagedHttpClientConnection - http-outgoing-29: set socket timeout to 10800000
11:24:30.923 [Forwarding actions on session a0b5262eee3bf152b9f945336eb2ba0a to remote] DEBUG org.apache.http.impl.execchain.MainClientExec - Executing request POST /session/a0b5262eee3bf152b9f945336eb2ba0a/actions HTTP/1.1
11:24:30.923 [Forwarding actions on session a0b5262eee3bf152b9f945336eb2ba0a to remote] DEBUG org.apache.http.impl.execchain.MainClientExec - Target auth state: UNCHALLENGED
11:24:30.923 [Forwarding actions on session a0b5262eee3bf152b9f945336eb2ba0a to remote] DEBUG org.apache.http.impl.execchain.MainClientExec - Proxy auth state: UNCHALLENGED
11:24:30.923 [Forwarding actions on session a0b5262eee3bf152b9f945336eb2ba0a to remote] DEBUG org.apache.http.headers - http-outgoing-29 >> POST /session/a0b5262eee3bf152b9f945336eb2ba0a/actions HTTP/1.1
11:24:30.923 [Forwarding actions on session a0b5262eee3bf152b9f945336eb2ba0a to remote] DEBUG org.apache.http.headers - http-outgoing-29 >> Content-Type: application/json; charset=utf-8
11:24:30.923 [Forwarding actions on session a0b5262eee3bf152b9f945336eb2ba0a to remote] DEBUG org.apache.http.headers - http-outgoing-29 >> Content-Length: 289
11:24:30.923 [Forwarding actions on session a0b5262eee3bf152b9f945336eb2ba0a to remote] DEBUG org.apache.http.headers - http-outgoing-29 >> Host: localhost:3689
11:24:30.923 [Forwarding actions on session a0b5262eee3bf152b9f945336eb2ba0a to remote] DEBUG org.apache.http.headers - http-outgoing-29 >> Connection: Keep-Alive
11:24:30.923 [Forwarding actions on session a0b5262eee3bf152b9f945336eb2ba0a to remote] DEBUG org.apache.http.headers - http-outgoing-29 >> User-Agent: Apache-HttpClient/4.5.3 (Java/1.8.0_211)
11:24:30.923 [Forwarding actions on session a0b5262eee3bf152b9f945336eb2ba0a to remote] DEBUG org.apache.http.headers - http-outgoing-29 >> Accept-Encoding: gzip,deflate
11:24:30.923 [Forwarding actions on session a0b5262eee3bf152b9f945336eb2ba0a to remote] DEBUG org.apache.http.wire - http-outgoing-29 >> "POST /session/a0b5262eee3bf152b9f945336eb2ba0a/actions HTTP/1.1[\r][\n]"
11:24:30.923 [Forwarding actions on session a0b5262eee3bf152b9f945336eb2ba0a to remote] DEBUG org.apache.http.wire - http-outgoing-29 >> "Content-Type: application/json; charset=utf-8[\r][\n]"
11:24:30.923 [Forwarding actions on session a0b5262eee3bf152b9f945336eb2ba0a to remote] DEBUG org.apache.http.wire - http-outgoing-29 >> "Content-Length: 289[\r][\n]"
11:24:30.923 [Forwarding actions on session a0b5262eee3bf152b9f945336eb2ba0a to remote] DEBUG org.apache.http.wire - http-outgoing-29 >> "Host: localhost:3689[\r][\n]"
11:24:30.923 [Forwarding actions on session a0b5262eee3bf152b9f945336eb2ba0a to remote] DEBUG org.apache.http.wire - http-outgoing-29 >> "Connection: Keep-Alive[\r][\n]"
11:24:30.923 [Forwarding actions on session a0b5262eee3bf152b9f945336eb2ba0a to remote] DEBUG org.apache.http.wire - http-outgoing-29 >> "User-Agent: Apache-HttpClient/4.5.3 (Java/1.8.0_211)[\r][\n]"
11:24:30.923 [Forwarding actions on session a0b5262eee3bf152b9f945336eb2ba0a to remote] DEBUG org.apache.http.wire - http-outgoing-29 >> "Accept-Encoding: gzip,deflate[\r][\n]"
11:24:30.923 [Forwarding actions on session a0b5262eee3bf152b9f945336eb2ba0a to remote] DEBUG org.apache.http.wire - http-outgoing-29 >> "[\r][\n]"
11:24:30.923 [Forwarding actions on session a0b5262eee3bf152b9f945336eb2ba0a to remote] DEBUG org.apache.http.wire - http-outgoing-29 >> "{"actions":[{"id":"default mouse","type":"pointer","parameters":{"pointerType":"mouse"},"actions":[{"duration":100,"x":0,"y":0,"type":"pointerMove","origin":{"ELEMENT":"d346029a-9bfb-4ccd-b53a-d90db6c4f9d0","element-6066-11e4-a52e-4f735466cecf":"d346029a-9bfb-4ccd-b53a-d90db6c4f9d0"}}]}]}"
11:24:31.070 [Forwarding actions on session a0b5262eee3bf152b9f945336eb2ba0a to remote] DEBUG org.apache.http.wire - http-outgoing-29 << "HTTP/1.1 200 OK[\r][\n]"
11:24:31.071 [Forwarding actions on session a0b5262eee3bf152b9f945336eb2ba0a to remote] DEBUG org.apache.http.wire - http-outgoing-29 << "Content-Length:14[\r][\n]"
11:24:31.071 [Forwarding actions on session a0b5262eee3bf152b9f945336eb2ba0a to remote] DEBUG org.apache.http.wire - http-outgoing-29 << "Content-Type:application/json; charset=utf-8[\r][\n]"
11:24:31.071 [Forwarding actions on session a0b5262eee3bf152b9f945336eb2ba0a to remote] DEBUG org.apache.http.wire - http-outgoing-29 << "cache-control:no-cache[\r][\n]"
11:24:31.071 [Forwarding actions on session a0b5262eee3bf152b9f945336eb2ba0a to remote] DEBUG org.apache.http.wire - http-outgoing-29 << "[\r][\n]"
11:24:31.071 [Forwarding actions on session a0b5262eee3bf152b9f945336eb2ba0a to remote] DEBUG org.apache.http.wire - http-outgoing-29 << "{"value":null}"
11:24:31.071 [Forwarding actions on session a0b5262eee3bf152b9f945336eb2ba0a to remote] DEBUG org.apache.http.headers - http-outgoing-29 << HTTP/1.1 200 OK
11:24:31.071 [Forwarding actions on session a0b5262eee3bf152b9f945336eb2ba0a to remote] DEBUG org.apache.http.headers - http-outgoing-29 << Content-Length:14
11:24:31.071 [Forwarding actions on session a0b5262eee3bf152b9f945336eb2ba0a to remote] DEBUG org.apache.http.headers - http-outgoing-29 << Content-Type:application/json; charset=utf-8
11:24:31.071 [Forwarding actions on session a0b5262eee3bf152b9f945336eb2ba0a to remote] DEBUG org.apache.http.headers - http-outgoing-29 << cache-control:no-cache
11:24:31.071 [Forwarding actions on session a0b5262eee3bf152b9f945336eb2ba0a to remote] DEBUG org.apache.http.impl.execchain.MainClientExec - Connection can be kept alive indefinitely
11:24:31.071 [Forwarding actions on session a0b5262eee3bf152b9f945336eb2ba0a to remote] DEBUG org.apache.http.impl.conn.PoolingHttpClientConnectionManager - Connection [id: 29][route: {}->http://localhost:3689] can be kept alive indefinitely
11:24:31.071 [Forwarding actions on session a0b5262eee3bf152b9f945336eb2ba0a to remote] DEBUG org.apache.http.impl.conn.PoolingHttpClientConnectionManager - Connection released: [id: 29][route: {}->http://localhost:3689][total kept alive: 30; route allocated: 1 of 2000; total allocated: 30 of 2000]
11:24:31.071 [Forwarding findElement on session a0b5262eee3bf152b9f945336eb2ba0a to remote] DEBUG org.apache.http.client.protocol.RequestAddCookies - CookieSpec selected: default
11:24:31.071 [Forwarding findElement on session a0b5262eee3bf152b9f945336eb2ba0a to remote] DEBUG org.apache.http.client.protocol.RequestAuthCache - Auth cache not set in the context
11:24:31.071 [Forwarding findElement on session a0b5262eee3bf152b9f945336eb2ba0a to remote] DEBUG org.apache.http.impl.conn.PoolingHttpClientConnectionManager - Connection request: [route: {}->http://localhost:3689][total kept alive: 30; route allocated: 1 of 2000; total allocated: 30 of 2000]
11:24:31.071 [Forwarding findElement on session a0b5262eee3bf152b9f945336eb2ba0a to remote] DEBUG org.apache.http.impl.conn.PoolingHttpClientConnectionManager - Connection leased: [id: 29][route: {}->http://localhost:3689][total kept alive: 29; route allocated: 1 of 2000; total allocated: 30 of 2000]
11:24:31.071 [Forwarding findElement on session a0b5262eee3bf152b9f945336eb2ba0a to remote] DEBUG org.apache.http.impl.execchain.MainClientExec - Stale connection check
11:24:31.073 [Forwarding findElement on session a0b5262eee3bf152b9f945336eb2ba0a to remote] DEBUG org.apache.http.wire - http-outgoing-29 << "[read] I/O error: Read timed out"
11:24:31.073 [Forwarding findElement on session a0b5262eee3bf152b9f945336eb2ba0a to remote] DEBUG org.apache.http.impl.conn.DefaultManagedHttpClientConnection - http-outgoing-29: set socket timeout to 10800000
11:24:31.073 [Forwarding findElement on session a0b5262eee3bf152b9f945336eb2ba0a to remote] DEBUG org.apache.http.impl.execchain.MainClientExec - Executing request POST /session/a0b5262eee3bf152b9f945336eb2ba0a/element HTTP/1.1
11:24:31.073 [Forwarding findElement on session a0b5262eee3bf152b9f945336eb2ba0a to remote] DEBUG org.apache.http.impl.execchain.MainClientExec - Target auth state: UNCHALLENGED
11:24:31.073 [Forwarding findElement on session a0b5262eee3bf152b9f945336eb2ba0a to remote] DEBUG org.apache.http.impl.execchain.MainClientExec - Proxy auth state: UNCHALLENGED
11:24:31.073 [Forwarding findElement on session a0b5262eee3bf152b9f945336eb2ba0a to remote] DEBUG org.apache.http.headers - http-outgoing-29 >> POST /session/a0b5262eee3bf152b9f945336eb2ba0a/element HTTP/1.1
11:24:31.073 [Forwarding findElement on session a0b5262eee3bf152b9f945336eb2ba0a to remote] DEBUG org.apache.http.headers - http-outgoing-29 >> Content-Type: application/json; charset=utf-8
11:24:31.073 [Forwarding findElement on session a0b5262eee3bf152b9f945336eb2ba0a to remote] DEBUG org.apache.http.headers - http-outgoing-29 >> Content-Length: 63
11:24:31.073 [Forwarding findElement on session a0b5262eee3bf152b9f945336eb2ba0a to remote] DEBUG org.apache.http.headers - http-outgoing-29 >> Host: localhost:3689
11:24:31.073 [Forwarding findElement on session a0b5262eee3bf152b9f945336eb2ba0a to remote] DEBUG org.apache.http.headers - http-outgoing-29 >> Connection: Keep-Alive
11:24:31.073 [Forwarding findElement on session a0b5262eee3bf152b9f945336eb2ba0a to remote] DEBUG org.apache.http.headers - http-outgoing-29 >> User-Agent: Apache-HttpClient/4.5.3 (Java/1.8.0_211)
11:24:31.073 [Forwarding findElement on session a0b5262eee3bf152b9f945336eb2ba0a to remote] DEBUG org.apache.http.headers - http-outgoing-29 >> Accept-Encoding: gzip,deflate
11:24:31.073 [Forwarding findElement on session a0b5262eee3bf152b9f945336eb2ba0a to remote] DEBUG org.apache.http.wire - http-outgoing-29 >> "POST /session/a0b5262eee3bf152b9f945336eb2ba0a/element HTTP/1.1[\r][\n]"
11:24:31.073 [Forwarding findElement on session a0b5262eee3bf152b9f945336eb2ba0a to remote] DEBUG org.apache.http.wire - http-outgoing-29 >> "Content-Type: application/json; charset=utf-8[\r][\n]"
11:24:31.073 [Forwarding findElement on session a0b5262eee3bf152b9f945336eb2ba0a to remote] DEBUG org.apache.http.wire - http-outgoing-29 >> "Content-Length: 63[\r][\n]"
11:24:31.073 [Forwarding findElement on session a0b5262eee3bf152b9f945336eb2ba0a to remote] DEBUG org.apache.http.wire - http-outgoing-29 >> "Host: localhost:3689[\r][\n]"
11:24:31.073 [Forwarding findElement on session a0b5262eee3bf152b9f945336eb2ba0a to remote] DEBUG org.apache.http.wire - http-outgoing-29 >> "Connection: Keep-Alive[\r][\n]"
11:24:31.073 [Forwarding findElement on session a0b5262eee3bf152b9f945336eb2ba0a to remote] DEBUG org.apache.http.wire - http-outgoing-29 >> "User-Agent: Apache-HttpClient/4.5.3 (Java/1.8.0_211)[\r][\n]"
11:24:31.073 [Forwarding findElement on session a0b5262eee3bf152b9f945336eb2ba0a to remote] DEBUG org.apache.http.wire - http-outgoing-29 >> "Accept-Encoding: gzip,deflate[\r][\n]"
11:24:31.073 [Forwarding findElement on session a0b5262eee3bf152b9f945336eb2ba0a to remote] DEBUG org.apache.http.wire - http-outgoing-29 >> "[\r][\n]"
11:24:31.073 [Forwarding findElement on session a0b5262eee3bf152b9f945336eb2ba0a to remote] DEBUG org.apache.http.wire - http-outgoing-29 >> "{"value":".dropdown-item:nth-child(10)","using":"css selector"}"
11:24:31.081 [Forwarding findElement on session a0b5262eee3bf152b9f945336eb2ba0a to remote] DEBUG org.apache.http.wire - http-outgoing-29 << "HTTP/1.1 200 OK[\r][\n]"
11:24:31.081 [Forwarding findElement on session a0b5262eee3bf152b9f945336eb2ba0a to remote] DEBUG org.apache.http.wire - http-outgoing-29 << "Content-Length:88[\r][\n]"
11:24:31.081 [Forwarding findElement on session a0b5262eee3bf152b9f945336eb2ba0a to remote] DEBUG org.apache.http.wire - http-outgoing-29 << "Content-Type:application/json; charset=utf-8[\r][\n]"
11:24:31.081 [Forwarding findElement on session a0b5262eee3bf152b9f945336eb2ba0a to remote] DEBUG org.apache.http.wire - http-outgoing-29 << "cache-control:no-cache[\r][\n]"
11:24:31.081 [Forwarding findElement on session a0b5262eee3bf152b9f945336eb2ba0a to remote] DEBUG org.apache.http.wire - http-outgoing-29 << "[\r][\n]"
11:24:31.081 [Forwarding findElement on session a0b5262eee3bf152b9f945336eb2ba0a to remote] DEBUG org.apache.http.wire - http-outgoing-29 << "{"value":{"element-6066-11e4-a52e-4f735466cecf":"4c742754-bbe7-46b5-8889-6f5f9aa61040"}}"
11:24:31.081 [Forwarding findElement on session a0b5262eee3bf152b9f945336eb2ba0a to remote] DEBUG org.apache.http.headers - http-outgoing-29 << HTTP/1.1 200 OK
11:24:31.081 [Forwarding findElement on session a0b5262eee3bf152b9f945336eb2ba0a to remote] DEBUG org.apache.http.headers - http-outgoing-29 << Content-Length:88
11:24:31.081 [Forwarding findElement on session a0b5262eee3bf152b9f945336eb2ba0a to remote] DEBUG org.apache.http.headers - http-outgoing-29 << Content-Type:application/json; charset=utf-8
11:24:31.081 [Forwarding findElement on session a0b5262eee3bf152b9f945336eb2ba0a to remote] DEBUG org.apache.http.headers - http-outgoing-29 << cache-control:no-cache
11:24:31.081 [Forwarding findElement on session a0b5262eee3bf152b9f945336eb2ba0a to remote] DEBUG org.apache.http.impl.execchain.MainClientExec - Connection can be kept alive indefinitely
11:24:31.081 [Forwarding findElement on session a0b5262eee3bf152b9f945336eb2ba0a to remote] DEBUG org.apache.http.impl.conn.PoolingHttpClientConnectionManager - Connection [id: 29][route: {}->http://localhost:3689] can be kept alive indefinitely
11:24:31.081 [Forwarding findElement on session a0b5262eee3bf152b9f945336eb2ba0a to remote] DEBUG org.apache.http.impl.conn.PoolingHttpClientConnectionManager - Connection released: [id: 29][route: {}->http://localhost:3689][total kept alive: 30; route allocated: 1 of 2000; total allocated: 30 of 2000]
11:24:31.082 [Forwarding clickElement on session a0b5262eee3bf152b9f945336eb2ba0a to remote] DEBUG org.apache.http.client.protocol.RequestAddCookies - CookieSpec selected: default
11:24:31.082 [Forwarding clickElement on session a0b5262eee3bf152b9f945336eb2ba0a to remote] DEBUG org.apache.http.client.protocol.RequestAuthCache - Auth cache not set in the context
11:24:31.082 [Forwarding clickElement on session a0b5262eee3bf152b9f945336eb2ba0a to remote] DEBUG org.apache.http.impl.conn.PoolingHttpClientConnectionManager - Connection request: [route: {}->http://localhost:3689][total kept alive: 30; route allocated: 1 of 2000; total allocated: 30 of 2000]
11:24:31.082 [Forwarding clickElement on session a0b5262eee3bf152b9f945336eb2ba0a to remote] DEBUG org.apache.http.impl.conn.PoolingHttpClientConnectionManager - Connection leased: [id: 29][route: {}->http://localhost:3689][total kept alive: 29; route allocated: 1 of 2000; total allocated: 30 of 2000]
11:24:31.082 [Forwarding clickElement on session a0b5262eee3bf152b9f945336eb2ba0a to remote] DEBUG org.apache.http.impl.execchain.MainClientExec - Stale connection check
11:24:31.083 [Forwarding clickElement on session a0b5262eee3bf152b9f945336eb2ba0a to remote] DEBUG org.apache.http.wire - http-outgoing-29 << "[read] I/O error: Read timed out"
11:24:31.083 [Forwarding clickElement on session a0b5262eee3bf152b9f945336eb2ba0a to remote] DEBUG org.apache.http.impl.conn.DefaultManagedHttpClientConnection - http-outgoing-29: set socket timeout to 10800000
11:24:31.083 [Forwarding clickElement on session a0b5262eee3bf152b9f945336eb2ba0a to remote] DEBUG org.apache.http.impl.execchain.MainClientExec - Executing request POST /session/a0b5262eee3bf152b9f945336eb2ba0a/element/4c742754-bbe7-46b5-8889-6f5f9aa61040/click HTTP/1.1
11:24:31.083 [Forwarding clickElement on session a0b5262eee3bf152b9f945336eb2ba0a to remote] DEBUG org.apache.http.impl.execchain.MainClientExec - Target auth state: UNCHALLENGED
11:24:31.083 [Forwarding clickElement on session a0b5262eee3bf152b9f945336eb2ba0a to remote] DEBUG org.apache.http.impl.execchain.MainClientExec - Proxy auth state: UNCHALLENGED
11:24:31.083 [Forwarding clickElement on session a0b5262eee3bf152b9f945336eb2ba0a to remote] DEBUG org.apache.http.headers - http-outgoing-29 >> POST /session/a0b5262eee3bf152b9f945336eb2ba0a/element/4c742754-bbe7-46b5-8889-6f5f9aa61040/click HTTP/1.1
11:24:31.083 [Forwarding clickElement on session a0b5262eee3bf152b9f945336eb2ba0a to remote] DEBUG org.apache.http.headers - http-outgoing-29 >> Content-Type: application/json; charset=utf-8
11:24:31.083 [Forwarding clickElement on session a0b5262eee3bf152b9f945336eb2ba0a to remote] DEBUG org.apache.http.headers - http-outgoing-29 >> Content-Length: 45
11:24:31.083 [Forwarding clickElement on session a0b5262eee3bf152b9f945336eb2ba0a to remote] DEBUG org.apache.http.headers - http-outgoing-29 >> Host: localhost:3689
11:24:31.083 [Forwarding clickElement on session a0b5262eee3bf152b9f945336eb2ba0a to remote] DEBUG org.apache.http.headers - http-outgoing-29 >> Connection: Keep-Alive
11:24:31.083 [Forwarding clickElement on session a0b5262eee3bf152b9f945336eb2ba0a to remote] DEBUG org.apache.http.headers - http-outgoing-29 >> User-Agent: Apache-HttpClient/4.5.3 (Java/1.8.0_211)
11:24:31.083 [Forwarding clickElement on session a0b5262eee3bf152b9f945336eb2ba0a to remote] DEBUG org.apache.http.headers - http-outgoing-29 >> Accept-Encoding: gzip,deflate
11:24:31.083 [Forwarding clickElement on session a0b5262eee3bf152b9f945336eb2ba0a to remote] DEBUG org.apache.http.wire - http-outgoing-29 >> "POST /session/a0b5262eee3bf152b9f945336eb2ba0a/element/4c742754-bbe7-46b5-8889-6f5f9aa61040/click HTTP/1.1[\r][\n]"
11:24:31.083 [Forwarding clickElement on session a0b5262eee3bf152b9f945336eb2ba0a to remote] DEBUG org.apache.http.wire - http-outgoing-29 >> "Content-Type: application/json; charset=utf-8[\r][\n]"
11:24:31.083 [Forwarding clickElement on session a0b5262eee3bf152b9f945336eb2ba0a to remote] DEBUG org.apache.http.wire - http-outgoing-29 >> "Content-Length: 45[\r][\n]"
11:24:31.083 [Forwarding clickElement on session a0b5262eee3bf152b9f945336eb2ba0a to remote] DEBUG org.apache.http.wire - http-outgoing-29 >> "Host: localhost:3689[\r][\n]"
11:24:31.083 [Forwarding clickElement on session a0b5262eee3bf152b9f945336eb2ba0a to remote] DEBUG org.apache.http.wire - http-outgoing-29 >> "Connection: Keep-Alive[\r][\n]"
11:24:31.083 [Forwarding clickElement on session a0b5262eee3bf152b9f945336eb2ba0a to remote] DEBUG org.apache.http.wire - http-outgoing-29 >> "User-Agent: Apache-HttpClient/4.5.3 (Java/1.8.0_211)[\r][\n]"
11:24:31.083 [Forwarding clickElement on session a0b5262eee3bf152b9f945336eb2ba0a to remote] DEBUG org.apache.http.wire - http-outgoing-29 >> "Accept-Encoding: gzip,deflate[\r][\n]"
11:24:31.083 [Forwarding clickElement on session a0b5262eee3bf152b9f945336eb2ba0a to remote] DEBUG org.apache.http.wire - http-outgoing-29 >> "[\r][\n]"
11:24:31.083 [Forwarding clickElement on session a0b5262eee3bf152b9f945336eb2ba0a to remote] DEBUG org.apache.http.wire - http-outgoing-29 >> "{"id":"4c742754-bbe7-46b5-8889-6f5f9aa61040"}"
11:24:31.147 [Forwarding clickElement on session a0b5262eee3bf152b9f945336eb2ba0a to remote] DEBUG org.apache.http.wire - http-outgoing-29 << "HTTP/1.1 200 OK[\r][\n]"
11:24:31.147 [Forwarding clickElement on session a0b5262eee3bf152b9f945336eb2ba0a to remote] DEBUG org.apache.http.wire - http-outgoing-29 << "Content-Length:14[\r][\n]"
11:24:31.147 [Forwarding clickElement on session a0b5262eee3bf152b9f945336eb2ba0a to remote] DEBUG org.apache.http.wire - http-outgoing-29 << "Content-Type:application/json; charset=utf-8[\r][\n]"
11:24:31.147 [Forwarding clickElement on session a0b5262eee3bf152b9f945336eb2ba0a to remote] DEBUG org.apache.http.wire - http-outgoing-29 << "cache-control:no-cache[\r][\n]"
11:24:31.147 [Forwarding clickElement on session a0b5262eee3bf152b9f945336eb2ba0a to remote] DEBUG org.apache.http.wire - http-outgoing-29 << "[\r][\n]"
11:24:31.147 [Forwarding clickElement on session a0b5262eee3bf152b9f945336eb2ba0a to remote] DEBUG org.apache.http.wire - http-outgoing-29 << "{"value":null}"
11:24:31.147 [Forwarding clickElement on session a0b5262eee3bf152b9f945336eb2ba0a to remote] DEBUG org.apache.http.headers - http-outgoing-29 << HTTP/1.1 200 OK
11:24:31.147 [Forwarding clickElement on session a0b5262eee3bf152b9f945336eb2ba0a to remote] DEBUG org.apache.http.headers - http-outgoing-29 << Content-Length:14
11:24:31.147 [Forwarding clickElement on session a0b5262eee3bf152b9f945336eb2ba0a to remote] DEBUG org.apache.http.headers - http-outgoing-29 << Content-Type:application/json; charset=utf-8
11:24:31.147 [Forwarding clickElement on session a0b5262eee3bf152b9f945336eb2ba0a to remote] DEBUG org.apache.http.headers - http-outgoing-29 << cache-control:no-cache
11:24:31.147 [Forwarding clickElement on session a0b5262eee3bf152b9f945336eb2ba0a to remote] DEBUG org.apache.http.impl.execchain.MainClientExec - Connection can be kept alive indefinitely
11:24:31.147 [Forwarding clickElement on session a0b5262eee3bf152b9f945336eb2ba0a to remote] DEBUG org.apache.http.impl.conn.PoolingHttpClientConnectionManager - Connection [id: 29][route: {}->http://localhost:3689] can be kept alive indefinitely
11:24:31.147 [Forwarding clickElement on session a0b5262eee3bf152b9f945336eb2ba0a to remote] DEBUG org.apache.http.impl.conn.PoolingHttpClientConnectionManager - Connection released: [id: 29][route: {}->http://localhost:3689][total kept alive: 30; route allocated: 1 of 2000; total allocated: 30 of 2000]
11:24:31.148 [Forwarding findElement on session a0b5262eee3bf152b9f945336eb2ba0a to remote] DEBUG org.apache.http.client.protocol.RequestAddCookies - CookieSpec selected: default
11:24:31.148 [Forwarding findElement on session a0b5262eee3bf152b9f945336eb2ba0a to remote] DEBUG org.apache.http.client.protocol.RequestAuthCache - Auth cache not set in the context
11:24:31.148 [Forwarding findElement on session a0b5262eee3bf152b9f945336eb2ba0a to remote] DEBUG org.apache.http.impl.conn.PoolingHttpClientConnectionManager - Connection request: [route: {}->http://localhost:3689][total kept alive: 30; route allocated: 1 of 2000; total allocated: 30 of 2000]
11:24:31.148 [Forwarding findElement on session a0b5262eee3bf152b9f945336eb2ba0a to remote] DEBUG org.apache.http.impl.conn.PoolingHttpClientConnectionManager - Connection leased: [id: 29][route: {}->http://localhost:3689][total kept alive: 29; route allocated: 1 of 2000; total allocated: 30 of 2000]
11:24:31.148 [Forwarding findElement on session a0b5262eee3bf152b9f945336eb2ba0a to remote] DEBUG org.apache.http.impl.execchain.MainClientExec - Stale connection check
11:24:31.149 [Forwarding findElement on session a0b5262eee3bf152b9f945336eb2ba0a to remote] DEBUG org.apache.http.wire - http-outgoing-29 << "[read] I/O error: Read timed out"
11:24:31.149 [Forwarding findElement on session a0b5262eee3bf152b9f945336eb2ba0a to remote] DEBUG org.apache.http.impl.conn.DefaultManagedHttpClientConnection - http-outgoing-29: set socket timeout to 10800000
11:24:31.149 [Forwarding findElement on session a0b5262eee3bf152b9f945336eb2ba0a to remote] DEBUG org.apache.http.impl.execchain.MainClientExec - Executing request POST /session/a0b5262eee3bf152b9f945336eb2ba0a/element HTTP/1.1
11:24:31.149 [Forwarding findElement on session a0b5262eee3bf152b9f945336eb2ba0a to remote] DEBUG org.apache.http.impl.execchain.MainClientExec - Target auth state: UNCHALLENGED
11:24:31.149 [Forwarding findElement on session a0b5262eee3bf152b9f945336eb2ba0a to remote] DEBUG org.apache.http.impl.execchain.MainClientExec - Proxy auth state: UNCHALLENGED
11:24:31.149 [Forwarding findElement on session a0b5262eee3bf152b9f945336eb2ba0a to remote] DEBUG org.apache.http.headers - http-outgoing-29 >> POST /session/a0b5262eee3bf152b9f945336eb2ba0a/element HTTP/1.1
11:24:31.149 [Forwarding findElement on session a0b5262eee3bf152b9f945336eb2ba0a to remote] DEBUG org.apache.http.headers - http-outgoing-29 >> Content-Type: application/json; charset=utf-8
11:24:31.149 [Forwarding findElement on session a0b5262eee3bf152b9f945336eb2ba0a to remote] DEBUG org.apache.http.headers - http-outgoing-29 >> Content-Length: 73
11:24:31.149 [Forwarding findElement on session a0b5262eee3bf152b9f945336eb2ba0a to remote] DEBUG org.apache.http.headers - http-outgoing-29 >> Host: localhost:3689
11:24:31.149 [Forwarding findElement on session a0b5262eee3bf152b9f945336eb2ba0a to remote] DEBUG org.apache.http.headers - http-outgoing-29 >> Connection: Keep-Alive
11:24:31.149 [Forwarding findElement on session a0b5262eee3bf152b9f945336eb2ba0a to remote] DEBUG org.apache.http.headers - http-outgoing-29 >> User-Agent: Apache-HttpClient/4.5.3 (Java/1.8.0_211)
11:24:31.149 [Forwarding findElement on session a0b5262eee3bf152b9f945336eb2ba0a to remote] DEBUG org.apache.http.headers - http-outgoing-29 >> Accept-Encoding: gzip,deflate
11:24:31.149 [Forwarding findElement on session a0b5262eee3bf152b9f945336eb2ba0a to remote] DEBUG org.apache.http.wire - http-outgoing-29 >> "POST /session/a0b5262eee3bf152b9f945336eb2ba0a/element HTTP/1.1[\r][\n]"
11:24:31.149 [Forwarding findElement on session a0b5262eee3bf152b9f945336eb2ba0a to remote] DEBUG org.apache.http.wire - http-outgoing-29 >> "Content-Type: application/json; charset=utf-8[\r][\n]"
11:24:31.149 [Forwarding findElement on session a0b5262eee3bf152b9f945336eb2ba0a to remote] DEBUG org.apache.http.wire - http-outgoing-29 >> "Content-Length: 73[\r][\n]"
11:24:31.149 [Forwarding findElement on session a0b5262eee3bf152b9f945336eb2ba0a to remote] DEBUG org.apache.http.wire - http-outgoing-29 >> "Host: localhost:3689[\r][\n]"
11:24:31.149 [Forwarding findElement on session a0b5262eee3bf152b9f945336eb2ba0a to remote] DEBUG org.apache.http.wire - http-outgoing-29 >> "Connection: Keep-Alive[\r][\n]"
11:24:31.149 [Forwarding findElement on session a0b5262eee3bf152b9f945336eb2ba0a to remote] DEBUG org.apache.http.wire - http-outgoing-29 >> "User-Agent: Apache-HttpClient/4.5.3 (Java/1.8.0_211)[\r][\n]"
11:24:31.149 [Forwarding findElement on session a0b5262eee3bf152b9f945336eb2ba0a to remote] DEBUG org.apache.http.wire - http-outgoing-29 >> "Accept-Encoding: gzip,deflate[\r][\n]"
11:24:31.149 [Forwarding findElement on session a0b5262eee3bf152b9f945336eb2ba0a to remote] DEBUG org.apache.http.wire - http-outgoing-29 >> "[\r][\n]"
11:24:31.149 [Forwarding findElement on session a0b5262eee3bf152b9f945336eb2ba0a to remote] DEBUG org.apache.http.wire - http-outgoing-29 >> "{"value":".form-group:nth-child(1) .form-control","using":"css selector"}"
11:24:31.196 [Forwarding findElement on session a0b5262eee3bf152b9f945336eb2ba0a to remote] DEBUG org.apache.http.wire - http-outgoing-29 << "HTTP/1.1 200 OK[\r][\n]"
11:24:31.196 [Forwarding findElement on session a0b5262eee3bf152b9f945336eb2ba0a to remote] DEBUG org.apache.http.wire - http-outgoing-29 << "Content-Length:88[\r][\n]"
11:24:31.196 [Forwarding findElement on session a0b5262eee3bf152b9f945336eb2ba0a to remote] DEBUG org.apache.http.wire - http-outgoing-29 << "Content-Type:application/json; charset=utf-8[\r][\n]"
11:24:31.196 [Forwarding findElement on session a0b5262eee3bf152b9f945336eb2ba0a to remote] DEBUG org.apache.http.wire - http-outgoing-29 << "cache-control:no-cache[\r][\n]"
11:24:31.196 [Forwarding findElement on session a0b5262eee3bf152b9f945336eb2ba0a to remote] DEBUG org.apache.http.wire - http-outgoing-29 << "[\r][\n]"
11:24:31.196 [Forwarding findElement on session a0b5262eee3bf152b9f945336eb2ba0a to remote] DEBUG org.apache.http.wire - http-outgoing-29 << "{"value":{"element-6066-11e4-a52e-4f735466cecf":"a597d30e-159f-4d99-bb0a-1d8d03fc9df2"}}"
11:24:31.196 [Forwarding findElement on session a0b5262eee3bf152b9f945336eb2ba0a to remote] DEBUG org.apache.http.headers - http-outgoing-29 << HTTP/1.1 200 OK
11:24:31.196 [Forwarding findElement on session a0b5262eee3bf152b9f945336eb2ba0a to remote] DEBUG org.apache.http.headers - http-outgoing-29 << Content-Length:88
11:24:31.196 [Forwarding findElement on session a0b5262eee3bf152b9f945336eb2ba0a to remote] DEBUG org.apache.http.headers - http-outgoing-29 << Content-Type:application/json; charset=utf-8
11:24:31.196 [Forwarding findElement on session a0b5262eee3bf152b9f945336eb2ba0a to remote] DEBUG org.apache.http.headers - http-outgoing-29 << cache-control:no-cache
11:24:31.196 [Forwarding findElement on session a0b5262eee3bf152b9f945336eb2ba0a to remote] DEBUG org.apache.http.impl.execchain.MainClientExec - Connection can be kept alive indefinitely
11:24:31.196 [Forwarding findElement on session a0b5262eee3bf152b9f945336eb2ba0a to remote] DEBUG org.apache.http.impl.conn.PoolingHttpClientConnectionManager - Connection [id: 29][route: {}->http://localhost:3689] can be kept alive indefinitely
11:24:31.196 [Forwarding findElement on session a0b5262eee3bf152b9f945336eb2ba0a to remote] DEBUG org.apache.http.impl.conn.PoolingHttpClientConnectionManager - Connection released: [id: 29][route: {}->http://localhost:3689][total kept alive: 30; route allocated: 1 of 2000; total allocated: 30 of 2000]
11:24:31.197 [Forwarding clickElement on session a0b5262eee3bf152b9f945336eb2ba0a to remote] DEBUG org.apache.http.client.protocol.RequestAddCookies - CookieSpec selected: default
11:24:31.197 [Forwarding clickElement on session a0b5262eee3bf152b9f945336eb2ba0a to remote] DEBUG org.apache.http.client.protocol.RequestAuthCache - Auth cache not set in the context
11:24:31.197 [Forwarding clickElement on session a0b5262eee3bf152b9f945336eb2ba0a to remote] DEBUG org.apache.http.impl.conn.PoolingHttpClientConnectionManager - Connection request: [route: {}->http://localhost:3689][total kept alive: 30; route allocated: 1 of 2000; total allocated: 30 of 2000]
11:24:31.197 [Forwarding clickElement on session a0b5262eee3bf152b9f945336eb2ba0a to remote] DEBUG org.apache.http.impl.conn.PoolingHttpClientConnectionManager - Connection leased: [id: 29][route: {}->http://localhost:3689][total kept alive: 29; route allocated: 1 of 2000; total allocated: 30 of 2000]
11:24:31.197 [Forwarding clickElement on session a0b5262eee3bf152b9f945336eb2ba0a to remote] DEBUG org.apache.http.impl.execchain.MainClientExec - Stale connection check
11:24:31.198 [Forwarding clickElement on session a0b5262eee3bf152b9f945336eb2ba0a to remote] DEBUG org.apache.http.wire - http-outgoing-29 << "[read] I/O error: Read timed out"
11:24:31.198 [Forwarding clickElement on session a0b5262eee3bf152b9f945336eb2ba0a to remote] DEBUG org.apache.http.impl.conn.DefaultManagedHttpClientConnection - http-outgoing-29: set socket timeout to 10800000
11:24:31.198 [Forwarding clickElement on session a0b5262eee3bf152b9f945336eb2ba0a to remote] DEBUG org.apache.http.impl.execchain.MainClientExec - Executing request POST /session/a0b5262eee3bf152b9f945336eb2ba0a/element/a597d30e-159f-4d99-bb0a-1d8d03fc9df2/click HTTP/1.1
11:24:31.198 [Forwarding clickElement on session a0b5262eee3bf152b9f945336eb2ba0a to remote] DEBUG org.apache.http.impl.execchain.MainClientExec - Target auth state: UNCHALLENGED
11:24:31.198 [Forwarding clickElement on session a0b5262eee3bf152b9f945336eb2ba0a to remote] DEBUG org.apache.http.impl.execchain.MainClientExec - Proxy auth state: UNCHALLENGED
11:24:31.198 [Forwarding clickElement on session a0b5262eee3bf152b9f945336eb2ba0a to remote] DEBUG org.apache.http.headers - http-outgoing-29 >> POST /session/a0b5262eee3bf152b9f945336eb2ba0a/element/a597d30e-159f-4d99-bb0a-1d8d03fc9df2/click HTTP/1.1
11:24:31.198 [Forwarding clickElement on session a0b5262eee3bf152b9f945336eb2ba0a to remote] DEBUG org.apache.http.headers - http-outgoing-29 >> Content-Type: application/json; charset=utf-8
11:24:31.198 [Forwarding clickElement on session a0b5262eee3bf152b9f945336eb2ba0a to remote] DEBUG org.apache.http.headers - http-outgoing-29 >> Content-Length: 45
11:24:31.198 [Forwarding clickElement on session a0b5262eee3bf152b9f945336eb2ba0a to remote] DEBUG org.apache.http.headers - http-outgoing-29 >> Host: localhost:3689
11:24:31.198 [Forwarding clickElement on session a0b5262eee3bf152b9f945336eb2ba0a to remote] DEBUG org.apache.http.headers - http-outgoing-29 >> Connection: Keep-Alive
11:24:31.198 [Forwarding clickElement on session a0b5262eee3bf152b9f945336eb2ba0a to remote] DEBUG org.apache.http.headers - http-outgoing-29 >> User-Agent: Apache-HttpClient/4.5.3 (Java/1.8.0_211)
11:24:31.198 [Forwarding clickElement on session a0b5262eee3bf152b9f945336eb2ba0a to remote] DEBUG org.apache.http.headers - http-outgoing-29 >> Accept-Encoding: gzip,deflate
11:24:31.198 [Forwarding clickElement on session a0b5262eee3bf152b9f945336eb2ba0a to remote] DEBUG org.apache.http.wire - http-outgoing-29 >> "POST /session/a0b5262eee3bf152b9f945336eb2ba0a/element/a597d30e-159f-4d99-bb0a-1d8d03fc9df2/click HTTP/1.1[\r][\n]"
11:24:31.198 [Forwarding clickElement on session a0b5262eee3bf152b9f945336eb2ba0a to remote] DEBUG org.apache.http.wire - http-outgoing-29 >> "Content-Type: application/json; charset=utf-8[\r][\n]"
11:24:31.198 [Forwarding clickElement on session a0b5262eee3bf152b9f945336eb2ba0a to remote] DEBUG org.apache.http.wire - http-outgoing-29 >> "Content-Length: 45[\r][\n]"
11:24:31.198 [Forwarding clickElement on session a0b5262eee3bf152b9f945336eb2ba0a to remote] DEBUG org.apache.http.wire - http-outgoing-29 >> "Host: localhost:3689[\r][\n]"
11:24:31.198 [Forwarding clickElement on session a0b5262eee3bf152b9f945336eb2ba0a to remote] DEBUG org.apache.http.wire - http-outgoing-29 >> "Connection: Keep-Alive[\r][\n]"
11:24:31.199 [Forwarding clickElement on session a0b5262eee3bf152b9f945336eb2ba0a to remote] DEBUG org.apache.http.wire - http-outgoing-29 >> "User-Agent: Apache-HttpClient/4.5.3 (Java/1.8.0_211)[\r][\n]"
11:24:31.199 [Forwarding clickElement on session a0b5262eee3bf152b9f945336eb2ba0a to remote] DEBUG org.apache.http.wire - http-outgoing-29 >> "Accept-Encoding: gzip,deflate[\r][\n]"
11:24:31.199 [Forwarding clickElement on session a0b5262eee3bf152b9f945336eb2ba0a to remote] DEBUG org.apache.http.wire - http-outgoing-29 >> "[\r][\n]"
11:24:31.199 [Forwarding clickElement on session a0b5262eee3bf152b9f945336eb2ba0a to remote] DEBUG org.apache.http.wire - http-outgoing-29 >> "{"id":"a597d30e-159f-4d99-bb0a-1d8d03fc9df2"}"
11:24:31.231 [Forwarding clickElement on session a0b5262eee3bf152b9f945336eb2ba0a to remote] DEBUG org.apache.http.wire - http-outgoing-29 << "HTTP/1.1 200 OK[\r][\n]"
11:24:31.231 [Forwarding clickElement on session a0b5262eee3bf152b9f945336eb2ba0a to remote] DEBUG org.apache.http.wire - http-outgoing-29 << "Content-Length:14[\r][\n]"
11:24:31.231 [Forwarding clickElement on session a0b5262eee3bf152b9f945336eb2ba0a to remote] DEBUG org.apache.http.wire - http-outgoing-29 << "Content-Type:application/json; charset=utf-8[\r][\n]"
11:24:31.231 [Forwarding clickElement on session a0b5262eee3bf152b9f945336eb2ba0a to remote] DEBUG org.apache.http.wire - http-outgoing-29 << "cache-control:no-cache[\r][\n]"
11:24:31.231 [Forwarding clickElement on session a0b5262eee3bf152b9f945336eb2ba0a to remote] DEBUG org.apache.http.wire - http-outgoing-29 << "[\r][\n]"
11:24:31.231 [Forwarding clickElement on session a0b5262eee3bf152b9f945336eb2ba0a to remote] DEBUG org.apache.http.wire - http-outgoing-29 << "{"value":null}"
11:24:31.231 [Forwarding clickElement on session a0b5262eee3bf152b9f945336eb2ba0a to remote] DEBUG org.apache.http.headers - http-outgoing-29 << HTTP/1.1 200 OK
11:24:31.231 [Forwarding clickElement on session a0b5262eee3bf152b9f945336eb2ba0a to remote] DEBUG org.apache.http.headers - http-outgoing-29 << Content-Length:14
11:24:31.231 [Forwarding clickElement on session a0b5262eee3bf152b9f945336eb2ba0a to remote] DEBUG org.apache.http.headers - http-outgoing-29 << Content-Type:application/json; charset=utf-8
11:24:31.231 [Forwarding clickElement on session a0b5262eee3bf152b9f945336eb2ba0a to remote] DEBUG org.apache.http.headers - http-outgoing-29 << cache-control:no-cache
11:24:31.231 [Forwarding clickElement on session a0b5262eee3bf152b9f945336eb2ba0a to remote] DEBUG org.apache.http.impl.execchain.MainClientExec - Connection can be kept alive indefinitely
11:24:31.231 [Forwarding clickElement on session a0b5262eee3bf152b9f945336eb2ba0a to remote] DEBUG org.apache.http.impl.conn.PoolingHttpClientConnectionManager - Connection [id: 29][route: {}->http://localhost:3689] can be kept alive indefinitely
11:24:31.231 [Forwarding clickElement on session a0b5262eee3bf152b9f945336eb2ba0a to remote] DEBUG org.apache.http.impl.conn.PoolingHttpClientConnectionManager - Connection released: [id: 29][route: {}->http://localhost:3689][total kept alive: 30; route allocated: 1 of 2000; total allocated: 30 of 2000]
11:24:31.231 [Forwarding findElement on session a0b5262eee3bf152b9f945336eb2ba0a to remote] DEBUG org.apache.http.client.protocol.RequestAddCookies - CookieSpec selected: default
11:24:31.231 [Forwarding findElement on session a0b5262eee3bf152b9f945336eb2ba0a to remote] DEBUG org.apache.http.client.protocol.RequestAuthCache - Auth cache not set in the context
11:24:31.231 [Forwarding findElement on session a0b5262eee3bf152b9f945336eb2ba0a to remote] DEBUG org.apache.http.impl.conn.PoolingHttpClientConnectionManager - Connection request: [route: {}->http://localhost:3689][total kept alive: 30; route allocated: 1 of 2000; total allocated: 30 of 2000]
11:24:31.231 [Forwarding findElement on session a0b5262eee3bf152b9f945336eb2ba0a to remote] DEBUG org.apache.http.impl.conn.PoolingHttpClientConnectionManager - Connection leased: [id: 29][route: {}->http://localhost:3689][total kept alive: 29; route allocated: 1 of 2000; total allocated: 30 of 2000]
11:24:31.231 [Forwarding findElement on session a0b5262eee3bf152b9f945336eb2ba0a to remote] DEBUG org.apache.http.impl.execchain.MainClientExec - Stale connection check
11:24:31.233 [Forwarding findElement on session a0b5262eee3bf152b9f945336eb2ba0a to remote] DEBUG org.apache.http.wire - http-outgoing-29 << "[read] I/O error: Read timed out"
11:24:31.233 [Forwarding findElement on session a0b5262eee3bf152b9f945336eb2ba0a to remote] DEBUG org.apache.http.impl.conn.DefaultManagedHttpClientConnection - http-outgoing-29: set socket timeout to 10800000
11:24:31.233 [Forwarding findElement on session a0b5262eee3bf152b9f945336eb2ba0a to remote] DEBUG org.apache.http.impl.execchain.MainClientExec - Executing request POST /session/a0b5262eee3bf152b9f945336eb2ba0a/element HTTP/1.1
11:24:31.233 [Forwarding findElement on session a0b5262eee3bf152b9f945336eb2ba0a to remote] DEBUG org.apache.http.impl.execchain.MainClientExec - Target auth state: UNCHALLENGED
11:24:31.233 [Forwarding findElement on session a0b5262eee3bf152b9f945336eb2ba0a to remote] DEBUG org.apache.http.impl.execchain.MainClientExec - Proxy auth state: UNCHALLENGED
11:24:31.233 [Forwarding findElement on session a0b5262eee3bf152b9f945336eb2ba0a to remote] DEBUG org.apache.http.headers - http-outgoing-29 >> POST /session/a0b5262eee3bf152b9f945336eb2ba0a/element HTTP/1.1
11:24:31.233 [Forwarding findElement on session a0b5262eee3bf152b9f945336eb2ba0a to remote] DEBUG org.apache.http.headers - http-outgoing-29 >> Content-Type: application/json; charset=utf-8
11:24:31.233 [Forwarding findElement on session a0b5262eee3bf152b9f945336eb2ba0a to remote] DEBUG org.apache.http.headers - http-outgoing-29 >> Content-Length: 73
11:24:31.233 [Forwarding findElement on session a0b5262eee3bf152b9f945336eb2ba0a to remote] DEBUG org.apache.http.headers - http-outgoing-29 >> Host: localhost:3689
11:24:31.233 [Forwarding findElement on session a0b5262eee3bf152b9f945336eb2ba0a to remote] DEBUG org.apache.http.headers - http-outgoing-29 >> Connection: Keep-Alive
11:24:31.233 [Forwarding findElement on session a0b5262eee3bf152b9f945336eb2ba0a to remote] DEBUG org.apache.http.headers - http-outgoing-29 >> User-Agent: Apache-HttpClient/4.5.3 (Java/1.8.0_211)
11:24:31.233 [Forwarding findElement on session a0b5262eee3bf152b9f945336eb2ba0a to remote] DEBUG org.apache.http.headers - http-outgoing-29 >> Accept-Encoding: gzip,deflate
11:24:31.233 [Forwarding findElement on session a0b5262eee3bf152b9f945336eb2ba0a to remote] DEBUG org.apache.http.wire - http-outgoing-29 >> "POST /session/a0b5262eee3bf152b9f945336eb2ba0a/element HTTP/1.1[\r][\n]"
11:24:31.233 [Forwarding findElement on session a0b5262eee3bf152b9f945336eb2ba0a to remote] DEBUG org.apache.http.wire - http-outgoing-29 >> "Content-Type: application/json; charset=utf-8[\r][\n]"
11:24:31.233 [Forwarding findElement on session a0b5262eee3bf152b9f945336eb2ba0a to remote] DEBUG org.apache.http.wire - http-outgoing-29 >> "Content-Length: 73[\r][\n]"
11:24:31.233 [Forwarding findElement on session a0b5262eee3bf152b9f945336eb2ba0a to remote] DEBUG org.apache.http.wire - http-outgoing-29 >> "Host: localhost:3689[\r][\n]"
11:24:31.233 [Forwarding findElement on session a0b5262eee3bf152b9f945336eb2ba0a to remote] DEBUG org.apache.http.wire - http-outgoing-29 >> "Connection: Keep-Alive[\r][\n]"
11:24:31.233 [Forwarding findElement on session a0b5262eee3bf152b9f945336eb2ba0a to remote] DEBUG org.apache.http.wire - http-outgoing-29 >> "User-Agent: Apache-HttpClient/4.5.3 (Java/1.8.0_211)[\r][\n]"
11:24:31.233 [Forwarding findElement on session a0b5262eee3bf152b9f945336eb2ba0a to remote] DEBUG org.apache.http.wire - http-outgoing-29 >> "Accept-Encoding: gzip,deflate[\r][\n]"
11:24:31.233 [Forwarding findElement on session a0b5262eee3bf152b9f945336eb2ba0a to remote] DEBUG org.apache.http.wire - http-outgoing-29 >> "[\r][\n]"
11:24:31.233 [Forwarding findElement on session a0b5262eee3bf152b9f945336eb2ba0a to remote] DEBUG org.apache.http.wire - http-outgoing-29 >> "{"value":".form-group:nth-child(1) .form-control","using":"css selector"}"
11:24:31.236 [Forwarding findElement on session a0b5262eee3bf152b9f945336eb2ba0a to remote] DEBUG org.apache.http.wire - http-outgoing-29 << "HTTP/1.1 200 OK[\r][\n]"
11:24:31.236 [Forwarding findElement on session a0b5262eee3bf152b9f945336eb2ba0a to remote] DEBUG org.apache.http.wire - http-outgoing-29 << "Content-Length:88[\r][\n]"
11:24:31.236 [Forwarding findElement on session a0b5262eee3bf152b9f945336eb2ba0a to remote] DEBUG org.apache.http.wire - http-outgoing-29 << "Content-Type:application/json; charset=utf-8[\r][\n]"
11:24:31.236 [Forwarding findElement on session a0b5262eee3bf152b9f945336eb2ba0a to remote] DEBUG org.apache.http.wire - http-outgoing-29 << "cache-control:no-cache[\r][\n]"
11:24:31.236 [Forwarding findElement on session a0b5262eee3bf152b9f945336eb2ba0a to remote] DEBUG org.apache.http.wire - http-outgoing-29 << "[\r][\n]"
11:24:31.236 [Forwarding findElement on session a0b5262eee3bf152b9f945336eb2ba0a to remote] DEBUG org.apache.http.wire - http-outgoing-29 << "{"value":{"element-6066-11e4-a52e-4f735466cecf":"a597d30e-159f-4d99-bb0a-1d8d03fc9df2"}}"
11:24:31.236 [Forwarding findElement on session a0b5262eee3bf152b9f945336eb2ba0a to remote] DEBUG org.apache.http.headers - http-outgoing-29 << HTTP/1.1 200 OK
11:24:31.236 [Forwarding findElement on session a0b5262eee3bf152b9f945336eb2ba0a to remote] DEBUG org.apache.http.headers - http-outgoing-29 << Content-Length:88
11:24:31.236 [Forwarding findElement on session a0b5262eee3bf152b9f945336eb2ba0a to remote] DEBUG org.apache.http.headers - http-outgoing-29 << Content-Type:application/json; charset=utf-8
11:24:31.236 [Forwarding findElement on session a0b5262eee3bf152b9f945336eb2ba0a to remote] DEBUG org.apache.http.headers - http-outgoing-29 << cache-control:no-cache
11:24:31.236 [Forwarding findElement on session a0b5262eee3bf152b9f945336eb2ba0a to remote] DEBUG org.apache.http.impl.execchain.MainClientExec - Connection can be kept alive indefinitely
11:24:31.236 [Forwarding findElement on session a0b5262eee3bf152b9f945336eb2ba0a to remote] DEBUG org.apache.http.impl.conn.PoolingHttpClientConnectionManager - Connection [id: 29][route: {}->http://localhost:3689] can be kept alive indefinitely
11:24:31.236 [Forwarding findElement on session a0b5262eee3bf152b9f945336eb2ba0a to remote] DEBUG org.apache.http.impl.conn.PoolingHttpClientConnectionManager - Connection released: [id: 29][route: {}->http://localhost:3689][total kept alive: 30; route allocated: 1 of 2000; total allocated: 30 of 2000]
11:24:31.236 [Forwarding sendKeysToElement on session a0b5262eee3bf152b9f945336eb2ba0a to remote] DEBUG org.apache.http.client.protocol.RequestAddCookies - CookieSpec selected: default
11:24:31.236 [Forwarding sendKeysToElement on session a0b5262eee3bf152b9f945336eb2ba0a to remote] DEBUG org.apache.http.client.protocol.RequestAuthCache - Auth cache not set in the context
11:24:31.236 [Forwarding sendKeysToElement on session a0b5262eee3bf152b9f945336eb2ba0a to remote] DEBUG org.apache.http.impl.conn.PoolingHttpClientConnectionManager - Connection request: [route: {}->http://localhost:3689][total kept alive: 30; route allocated: 1 of 2000; total allocated: 30 of 2000]
11:24:31.236 [Forwarding sendKeysToElement on session a0b5262eee3bf152b9f945336eb2ba0a to remote] DEBUG org.apache.http.impl.conn.PoolingHttpClientConnectionManager - Connection leased: [id: 29][route: {}->http://localhost:3689][total kept alive: 29; route allocated: 1 of 2000; total allocated: 30 of 2000]
11:24:31.236 [Forwarding sendKeysToElement on session a0b5262eee3bf152b9f945336eb2ba0a to remote] DEBUG org.apache.http.impl.execchain.MainClientExec - Stale connection check
11:24:31.238 [Forwarding sendKeysToElement on session a0b5262eee3bf152b9f945336eb2ba0a to remote] DEBUG org.apache.http.wire - http-outgoing-29 << "[read] I/O error: Read timed out"
11:24:31.238 [Forwarding sendKeysToElement on session a0b5262eee3bf152b9f945336eb2ba0a to remote] DEBUG org.apache.http.impl.conn.DefaultManagedHttpClientConnection - http-outgoing-29: set socket timeout to 10800000
11:24:31.238 [Forwarding sendKeysToElement on session a0b5262eee3bf152b9f945336eb2ba0a to remote] DEBUG org.apache.http.impl.execchain.MainClientExec - Executing request POST /session/a0b5262eee3bf152b9f945336eb2ba0a/element/a597d30e-159f-4d99-bb0a-1d8d03fc9df2/value HTTP/1.1
11:24:31.238 [Forwarding sendKeysToElement on session a0b5262eee3bf152b9f945336eb2ba0a to remote] DEBUG org.apache.http.impl.execchain.MainClientExec - Target auth state: UNCHALLENGED
11:24:31.238 [Forwarding sendKeysToElement on session a0b5262eee3bf152b9f945336eb2ba0a to remote] DEBUG org.apache.http.impl.execchain.MainClientExec - Proxy auth state: UNCHALLENGED
11:24:31.238 [Forwarding sendKeysToElement on session a0b5262eee3bf152b9f945336eb2ba0a to remote] DEBUG org.apache.http.headers - http-outgoing-29 >> POST /session/a0b5262eee3bf152b9f945336eb2ba0a/element/a597d30e-159f-4d99-bb0a-1d8d03fc9df2/value HTTP/1.1
11:24:31.238 [Forwarding sendKeysToElement on session a0b5262eee3bf152b9f945336eb2ba0a to remote] DEBUG org.apache.http.headers - http-outgoing-29 >> Content-Type: application/json; charset=utf-8
11:24:31.238 [Forwarding sendKeysToElement on session a0b5262eee3bf152b9f945336eb2ba0a to remote] DEBUG org.apache.http.headers - http-outgoing-29 >> Content-Length: 235
11:24:31.238 [Forwarding sendKeysToElement on session a0b5262eee3bf152b9f945336eb2ba0a to remote] DEBUG org.apache.http.headers - http-outgoing-29 >> Host: localhost:3689
11:24:31.238 [Forwarding sendKeysToElement on session a0b5262eee3bf152b9f945336eb2ba0a to remote] DEBUG org.apache.http.headers - http-outgoing-29 >> Connection: Keep-Alive
11:24:31.238 [Forwarding sendKeysToElement on session a0b5262eee3bf152b9f945336eb2ba0a to remote] DEBUG org.apache.http.headers - http-outgoing-29 >> User-Agent: Apache-HttpClient/4.5.3 (Java/1.8.0_211)
11:24:31.238 [Forwarding sendKeysToElement on session a0b5262eee3bf152b9f945336eb2ba0a to remote] DEBUG org.apache.http.headers - http-outgoing-29 >> Accept-Encoding: gzip,deflate
11:24:31.238 [Forwarding sendKeysToElement on session a0b5262eee3bf152b9f945336eb2ba0a to remote] DEBUG org.apache.http.wire - http-outgoing-29 >> "POST /session/a0b5262eee3bf152b9f945336eb2ba0a/element/a597d30e-159f-4d99-bb0a-1d8d03fc9df2/value HTTP/1.1[\r][\n]"
11:24:31.238 [Forwarding sendKeysToElement on session a0b5262eee3bf152b9f945336eb2ba0a to remote] DEBUG org.apache.http.wire - http-outgoing-29 >> "Content-Type: application/json; charset=utf-8[\r][\n]"
11:24:31.238 [Forwarding sendKeysToElement on session a0b5262eee3bf152b9f945336eb2ba0a to remote] DEBUG org.apache.http.wire - http-outgoing-29 >> "Content-Length: 235[\r][\n]"
11:24:31.238 [Forwarding sendKeysToElement on session a0b5262eee3bf152b9f945336eb2ba0a to remote] DEBUG org.apache.http.wire - http-outgoing-29 >> "Host: localhost:3689[\r][\n]"
11:24:31.238 [Forwarding sendKeysToElement on session a0b5262eee3bf152b9f945336eb2ba0a to remote] DEBUG org.apache.http.wire - http-outgoing-29 >> "Connection: Keep-Alive[\r][\n]"
11:24:31.238 [Forwarding sendKeysToElement on session a0b5262eee3bf152b9f945336eb2ba0a to remote] DEBUG org.apache.http.wire - http-outgoing-29 >> "User-Agent: Apache-HttpClient/4.5.3 (Java/1.8.0_211)[\r][\n]"
11:24:31.238 [Forwarding sendKeysToElement on session a0b5262eee3bf152b9f945336eb2ba0a to remote] DEBUG org.apache.http.wire - http-outgoing-29 >> "Accept-Encoding: gzip,deflate[\r][\n]"
11:24:31.238 [Forwarding sendKeysToElement on session a0b5262eee3bf152b9f945336eb2ba0a to remote] DEBUG org.apache.http.wire - http-outgoing-29 >> "[\r][\n]"
11:24:31.238 [Forwarding sendKeysToElement on session a0b5262eee3bf152b9f945336eb2ba0a to remote] DEBUG org.apache.http.wire - http-outgoing-29 >> "{"id":"a597d30e-159f-4d99-bb0a-1d8d03fc9df2","text":"TYvBUrZp7QboQzKhFVMYYkD4jDYsU33aQh","value":["T","Y","v","B","U","r","Z","p","7","Q","b","o","Q","z","K","h","F","V","M","Y","Y","k","D","4","j","D","Y","s","U","3","3","a","Q","h"]}"
11:24:31.358 [Forwarding sendKeysToElement on session a0b5262eee3bf152b9f945336eb2ba0a to remote] DEBUG org.apache.http.wire - http-outgoing-29 << "HTTP/1.1 200 OK[\r][\n]"
11:24:31.358 [Forwarding sendKeysToElement on session a0b5262eee3bf152b9f945336eb2ba0a to remote] DEBUG org.apache.http.wire - http-outgoing-29 << "Content-Length:14[\r][\n]"
11:24:31.358 [Forwarding sendKeysToElement on session a0b5262eee3bf152b9f945336eb2ba0a to remote] DEBUG org.apache.http.wire - http-outgoing-29 << "Content-Type:application/json; charset=utf-8[\r][\n]"
11:24:31.358 [Forwarding sendKeysToElement on session a0b5262eee3bf152b9f945336eb2ba0a to remote] DEBUG org.apache.http.wire - http-outgoing-29 << "cache-control:no-cache[\r][\n]"
11:24:31.358 [Forwarding sendKeysToElement on session a0b5262eee3bf152b9f945336eb2ba0a to remote] DEBUG org.apache.http.wire - http-outgoing-29 << "[\r][\n]"
11:24:31.358 [Forwarding sendKeysToElement on session a0b5262eee3bf152b9f945336eb2ba0a to remote] DEBUG org.apache.http.wire - http-outgoing-29 << "{"value":null}"
11:24:31.358 [Forwarding sendKeysToElement on session a0b5262eee3bf152b9f945336eb2ba0a to remote] DEBUG org.apache.http.headers - http-outgoing-29 << HTTP/1.1 200 OK
11:24:31.358 [Forwarding sendKeysToElement on session a0b5262eee3bf152b9f945336eb2ba0a to remote] DEBUG org.apache.http.headers - http-outgoing-29 << Content-Length:14
11:24:31.358 [Forwarding sendKeysToElement on session a0b5262eee3bf152b9f945336eb2ba0a to remote] DEBUG org.apache.http.headers - http-outgoing-29 << Content-Type:application/json; charset=utf-8
11:24:31.358 [Forwarding sendKeysToElement on session a0b5262eee3bf152b9f945336eb2ba0a to remote] DEBUG org.apache.http.headers - http-outgoing-29 << cache-control:no-cache
11:24:31.358 [Forwarding sendKeysToElement on session a0b5262eee3bf152b9f945336eb2ba0a to remote] DEBUG org.apache.http.impl.execchain.MainClientExec - Connection can be kept alive indefinitely
11:24:31.358 [Forwarding sendKeysToElement on session a0b5262eee3bf152b9f945336eb2ba0a to remote] DEBUG org.apache.http.impl.conn.PoolingHttpClientConnectionManager - Connection [id: 29][route: {}->http://localhost:3689] can be kept alive indefinitely
11:24:31.358 [Forwarding sendKeysToElement on session a0b5262eee3bf152b9f945336eb2ba0a to remote] DEBUG org.apache.http.impl.conn.PoolingHttpClientConnectionManager - Connection released: [id: 29][route: {}->http://localhost:3689][total kept alive: 30; route allocated: 1 of 2000; total allocated: 30 of 2000]
11:24:31.358 [Forwarding findElement on session a0b5262eee3bf152b9f945336eb2ba0a to remote] DEBUG org.apache.http.client.protocol.RequestAddCookies - CookieSpec selected: default
11:24:31.358 [Forwarding findElement on session a0b5262eee3bf152b9f945336eb2ba0a to remote] DEBUG org.apache.http.client.protocol.RequestAuthCache - Auth cache not set in the context
11:24:31.358 [Forwarding findElement on session a0b5262eee3bf152b9f945336eb2ba0a to remote] DEBUG org.apache.http.impl.conn.PoolingHttpClientConnectionManager - Connection request: [route: {}->http://localhost:3689][total kept alive: 30; route allocated: 1 of 2000; total allocated: 30 of 2000]
11:24:31.358 [Forwarding findElement on session a0b5262eee3bf152b9f945336eb2ba0a to remote] DEBUG org.apache.http.impl.conn.PoolingHttpClientConnectionManager - Connection leased: [id: 29][route: {}->http://localhost:3689][total kept alive: 29; route allocated: 1 of 2000; total allocated: 30 of 2000]
11:24:31.358 [Forwarding findElement on session a0b5262eee3bf152b9f945336eb2ba0a to remote] DEBUG org.apache.http.impl.execchain.MainClientExec - Stale connection check
11:24:31.359 [Forwarding findElement on session a0b5262eee3bf152b9f945336eb2ba0a to remote] DEBUG org.apache.http.wire - http-outgoing-29 << "[read] I/O error: Read timed out"
11:24:31.359 [Forwarding findElement on session a0b5262eee3bf152b9f945336eb2ba0a to remote] DEBUG org.apache.http.impl.conn.DefaultManagedHttpClientConnection - http-outgoing-29: set socket timeout to 10800000
11:24:31.359 [Forwarding findElement on session a0b5262eee3bf152b9f945336eb2ba0a to remote] DEBUG org.apache.http.impl.execchain.MainClientExec - Executing request POST /session/a0b5262eee3bf152b9f945336eb2ba0a/element HTTP/1.1
11:24:31.359 [Forwarding findElement on session a0b5262eee3bf152b9f945336eb2ba0a to remote] DEBUG org.apache.http.impl.execchain.MainClientExec - Target auth state: UNCHALLENGED
11:24:31.359 [Forwarding findElement on session a0b5262eee3bf152b9f945336eb2ba0a to remote] DEBUG org.apache.http.impl.execchain.MainClientExec - Proxy auth state: UNCHALLENGED
11:24:31.360 [Forwarding findElement on session a0b5262eee3bf152b9f945336eb2ba0a to remote] DEBUG org.apache.http.headers - http-outgoing-29 >> POST /session/a0b5262eee3bf152b9f945336eb2ba0a/element HTTP/1.1
11:24:31.360 [Forwarding findElement on session a0b5262eee3bf152b9f945336eb2ba0a to remote] DEBUG org.apache.http.headers - http-outgoing-29 >> Content-Type: application/json; charset=utf-8
11:24:31.360 [Forwarding findElement on session a0b5262eee3bf152b9f945336eb2ba0a to remote] DEBUG org.apache.http.headers - http-outgoing-29 >> Content-Length: 46
11:24:31.360 [Forwarding findElement on session a0b5262eee3bf152b9f945336eb2ba0a to remote] DEBUG org.apache.http.headers - http-outgoing-29 >> Host: localhost:3689
11:24:31.360 [Forwarding findElement on session a0b5262eee3bf152b9f945336eb2ba0a to remote] DEBUG org.apache.http.headers - http-outgoing-29 >> Connection: Keep-Alive
11:24:31.360 [Forwarding findElement on session a0b5262eee3bf152b9f945336eb2ba0a to remote] DEBUG org.apache.http.headers - http-outgoing-29 >> User-Agent: Apache-HttpClient/4.5.3 (Java/1.8.0_211)
11:24:31.360 [Forwarding findElement on session a0b5262eee3bf152b9f945336eb2ba0a to remote] DEBUG org.apache.http.headers - http-outgoing-29 >> Accept-Encoding: gzip,deflate
11:24:31.360 [Forwarding findElement on session a0b5262eee3bf152b9f945336eb2ba0a to remote] DEBUG org.apache.http.wire - http-outgoing-29 >> "POST /session/a0b5262eee3bf152b9f945336eb2ba0a/element HTTP/1.1[\r][\n]"
11:24:31.360 [Forwarding findElement on session a0b5262eee3bf152b9f945336eb2ba0a to remote] DEBUG org.apache.http.wire - http-outgoing-29 >> "Content-Type: application/json; charset=utf-8[\r][\n]"
11:24:31.360 [Forwarding findElement on session a0b5262eee3bf152b9f945336eb2ba0a to remote] DEBUG org.apache.http.wire - http-outgoing-29 >> "Content-Length: 46[\r][\n]"
11:24:31.360 [Forwarding findElement on session a0b5262eee3bf152b9f945336eb2ba0a to remote] DEBUG org.apache.http.wire - http-outgoing-29 >> "Host: localhost:3689[\r][\n]"
11:24:31.360 [Forwarding findElement on session a0b5262eee3bf152b9f945336eb2ba0a to remote] DEBUG org.apache.http.wire - http-outgoing-29 >> "Connection: Keep-Alive[\r][\n]"
11:24:31.360 [Forwarding findElement on session a0b5262eee3bf152b9f945336eb2ba0a to remote] DEBUG org.apache.http.wire - http-outgoing-29 >> "User-Agent: Apache-HttpClient/4.5.3 (Java/1.8.0_211)[\r][\n]"
11:24:31.360 [Forwarding findElement on session a0b5262eee3bf152b9f945336eb2ba0a to remote] DEBUG org.apache.http.wire - http-outgoing-29 >> "Accept-Encoding: gzip,deflate[\r][\n]"
11:24:31.360 [Forwarding findElement on session a0b5262eee3bf152b9f945336eb2ba0a to remote] DEBUG org.apache.http.wire - http-outgoing-29 >> "[\r][\n]"
11:24:31.360 [Forwarding findElement on session a0b5262eee3bf152b9f945336eb2ba0a to remote] DEBUG org.apache.http.wire - http-outgoing-29 >> "{"value":".is-invalid","using":"css selector"}"
11:24:31.365 [Forwarding findElement on session a0b5262eee3bf152b9f945336eb2ba0a to remote] DEBUG org.apache.http.wire - http-outgoing-29 << "HTTP/1.1 200 OK[\r][\n]"
11:24:31.365 [Forwarding findElement on session a0b5262eee3bf152b9f945336eb2ba0a to remote] DEBUG org.apache.http.wire - http-outgoing-29 << "Content-Length:88[\r][\n]"
11:24:31.365 [Forwarding findElement on session a0b5262eee3bf152b9f945336eb2ba0a to remote] DEBUG org.apache.http.wire - http-outgoing-29 << "Content-Type:application/json; charset=utf-8[\r][\n]"
11:24:31.365 [Forwarding findElement on session a0b5262eee3bf152b9f945336eb2ba0a to remote] DEBUG org.apache.http.wire - http-outgoing-29 << "cache-control:no-cache[\r][\n]"
11:24:31.365 [Forwarding findElement on session a0b5262eee3bf152b9f945336eb2ba0a to remote] DEBUG org.apache.http.wire - http-outgoing-29 << "[\r][\n]"
11:24:31.365 [Forwarding findElement on session a0b5262eee3bf152b9f945336eb2ba0a to remote] DEBUG org.apache.http.wire - http-outgoing-29 << "{"value":{"element-6066-11e4-a52e-4f735466cecf":"7ec3eef8-abc7-47a5-b82f-52f7de11797f"}}"
11:24:31.365 [Forwarding findElement on session a0b5262eee3bf152b9f945336eb2ba0a to remote] DEBUG org.apache.http.headers - http-outgoing-29 << HTTP/1.1 200 OK
11:24:31.365 [Forwarding findElement on session a0b5262eee3bf152b9f945336eb2ba0a to remote] DEBUG org.apache.http.headers - http-outgoing-29 << Content-Length:88
11:24:31.365 [Forwarding findElement on session a0b5262eee3bf152b9f945336eb2ba0a to remote] DEBUG org.apache.http.headers - http-outgoing-29 << Content-Type:application/json; charset=utf-8
11:24:31.365 [Forwarding findElement on session a0b5262eee3bf152b9f945336eb2ba0a to remote] DEBUG org.apache.http.headers - http-outgoing-29 << cache-control:no-cache
11:24:31.365 [Forwarding findElement on session a0b5262eee3bf152b9f945336eb2ba0a to remote] DEBUG org.apache.http.impl.execchain.MainClientExec - Connection can be kept alive indefinitely
11:24:31.366 [Forwarding findElement on session a0b5262eee3bf152b9f945336eb2ba0a to remote] DEBUG org.apache.http.impl.conn.PoolingHttpClientConnectionManager - Connection [id: 29][route: {}->http://localhost:3689] can be kept alive indefinitely
11:24:31.366 [Forwarding findElement on session a0b5262eee3bf152b9f945336eb2ba0a to remote] DEBUG org.apache.http.impl.conn.PoolingHttpClientConnectionManager - Connection released: [id: 29][route: {}->http://localhost:3689][total kept alive: 30; route allocated: 1 of 2000; total allocated: 30 of 2000]
11:24:31.366 [Forwarding clickElement on session a0b5262eee3bf152b9f945336eb2ba0a to remote] DEBUG org.apache.http.client.protocol.RequestAddCookies - CookieSpec selected: default
11:24:31.366 [Forwarding clickElement on session a0b5262eee3bf152b9f945336eb2ba0a to remote] DEBUG org.apache.http.client.protocol.RequestAuthCache - Auth cache not set in the context
11:24:31.366 [Forwarding clickElement on session a0b5262eee3bf152b9f945336eb2ba0a to remote] DEBUG org.apache.http.impl.conn.PoolingHttpClientConnectionManager - Connection request: [route: {}->http://localhost:3689][total kept alive: 30; route allocated: 1 of 2000; total allocated: 30 of 2000]
11:24:31.366 [Forwarding clickElement on session a0b5262eee3bf152b9f945336eb2ba0a to remote] DEBUG org.apache.http.impl.conn.PoolingHttpClientConnectionManager - Connection leased: [id: 29][route: {}->http://localhost:3689][total kept alive: 29; route allocated: 1 of 2000; total allocated: 30 of 2000]
11:24:31.366 [Forwarding clickElement on session a0b5262eee3bf152b9f945336eb2ba0a to remote] DEBUG org.apache.http.impl.execchain.MainClientExec - Stale connection check
11:24:31.367 [Forwarding clickElement on session a0b5262eee3bf152b9f945336eb2ba0a to remote] DEBUG org.apache.http.wire - http-outgoing-29 << "[read] I/O error: Read timed out"
11:24:31.367 [Forwarding clickElement on session a0b5262eee3bf152b9f945336eb2ba0a to remote] DEBUG org.apache.http.impl.conn.DefaultManagedHttpClientConnection - http-outgoing-29: set socket timeout to 10800000
11:24:31.367 [Forwarding clickElement on session a0b5262eee3bf152b9f945336eb2ba0a to remote] DEBUG org.apache.http.impl.execchain.MainClientExec - Executing request POST /session/a0b5262eee3bf152b9f945336eb2ba0a/element/7ec3eef8-abc7-47a5-b82f-52f7de11797f/click HTTP/1.1
11:24:31.367 [Forwarding clickElement on session a0b5262eee3bf152b9f945336eb2ba0a to remote] DEBUG org.apache.http.impl.execchain.MainClientExec - Target auth state: UNCHALLENGED
11:24:31.367 [Forwarding clickElement on session a0b5262eee3bf152b9f945336eb2ba0a to remote] DEBUG org.apache.http.impl.execchain.MainClientExec - Proxy auth state: UNCHALLENGED
11:24:31.367 [Forwarding clickElement on session a0b5262eee3bf152b9f945336eb2ba0a to remote] DEBUG org.apache.http.headers - http-outgoing-29 >> POST /session/a0b5262eee3bf152b9f945336eb2ba0a/element/7ec3eef8-abc7-47a5-b82f-52f7de11797f/click HTTP/1.1
11:24:31.367 [Forwarding clickElement on session a0b5262eee3bf152b9f945336eb2ba0a to remote] DEBUG org.apache.http.headers - http-outgoing-29 >> Content-Type: application/json; charset=utf-8
11:24:31.367 [Forwarding clickElement on session a0b5262eee3bf152b9f945336eb2ba0a to remote] DEBUG org.apache.http.headers - http-outgoing-29 >> Content-Length: 45
11:24:31.367 [Forwarding clickElement on session a0b5262eee3bf152b9f945336eb2ba0a to remote] DEBUG org.apache.http.headers - http-outgoing-29 >> Host: localhost:3689
11:24:31.367 [Forwarding clickElement on session a0b5262eee3bf152b9f945336eb2ba0a to remote] DEBUG org.apache.http.headers - http-outgoing-29 >> Connection: Keep-Alive
11:24:31.367 [Forwarding clickElement on session a0b5262eee3bf152b9f945336eb2ba0a to remote] DEBUG org.apache.http.headers - http-outgoing-29 >> User-Agent: Apache-HttpClient/4.5.3 (Java/1.8.0_211)
11:24:31.367 [Forwarding clickElement on session a0b5262eee3bf152b9f945336eb2ba0a to remote] DEBUG org.apache.http.headers - http-outgoing-29 >> Accept-Encoding: gzip,deflate
11:24:31.367 [Forwarding clickElement on session a0b5262eee3bf152b9f945336eb2ba0a to remote] DEBUG org.apache.http.wire - http-outgoing-29 >> "POST /session/a0b5262eee3bf152b9f945336eb2ba0a/element/7ec3eef8-abc7-47a5-b82f-52f7de11797f/click HTTP/1.1[\r][\n]"
11:24:31.367 [Forwarding clickElement on session a0b5262eee3bf152b9f945336eb2ba0a to remote] DEBUG org.apache.http.wire - http-outgoing-29 >> "Content-Type: application/json; charset=utf-8[\r][\n]"
11:24:31.367 [Forwarding clickElement on session a0b5262eee3bf152b9f945336eb2ba0a to remote] DEBUG org.apache.http.wire - http-outgoing-29 >> "Content-Length: 45[\r][\n]"
11:24:31.367 [Forwarding clickElement on session a0b5262eee3bf152b9f945336eb2ba0a to remote] DEBUG org.apache.http.wire - http-outgoing-29 >> "Host: localhost:3689[\r][\n]"
11:24:31.367 [Forwarding clickElement on session a0b5262eee3bf152b9f945336eb2ba0a to remote] DEBUG org.apache.http.wire - http-outgoing-29 >> "Connection: Keep-Alive[\r][\n]"
11:24:31.367 [Forwarding clickElement on session a0b5262eee3bf152b9f945336eb2ba0a to remote] DEBUG org.apache.http.wire - http-outgoing-29 >> "User-Agent: Apache-HttpClient/4.5.3 (Java/1.8.0_211)[\r][\n]"
11:24:31.367 [Forwarding clickElement on session a0b5262eee3bf152b9f945336eb2ba0a to remote] DEBUG org.apache.http.wire - http-outgoing-29 >> "Accept-Encoding: gzip,deflate[\r][\n]"
11:24:31.367 [Forwarding clickElement on session a0b5262eee3bf152b9f945336eb2ba0a to remote] DEBUG org.apache.http.wire - http-outgoing-29 >> "[\r][\n]"
11:24:31.367 [Forwarding clickElement on session a0b5262eee3bf152b9f945336eb2ba0a to remote] DEBUG org.apache.http.wire - http-outgoing-29 >> "{"id":"7ec3eef8-abc7-47a5-b82f-52f7de11797f"}"
11:24:31.399 [Forwarding clickElement on session a0b5262eee3bf152b9f945336eb2ba0a to remote] DEBUG org.apache.http.wire - http-outgoing-29 << "HTTP/1.1 200 OK[\r][\n]"
11:24:31.399 [Forwarding clickElement on session a0b5262eee3bf152b9f945336eb2ba0a to remote] DEBUG org.apache.http.wire - http-outgoing-29 << "Content-Length:14[\r][\n]"
11:24:31.399 [Forwarding clickElement on session a0b5262eee3bf152b9f945336eb2ba0a to remote] DEBUG org.apache.http.wire - http-outgoing-29 << "Content-Type:application/json; charset=utf-8[\r][\n]"
11:24:31.399 [Forwarding clickElement on session a0b5262eee3bf152b9f945336eb2ba0a to remote] DEBUG org.apache.http.wire - http-outgoing-29 << "cache-control:no-cache[\r][\n]"
11:24:31.399 [Forwarding clickElement on session a0b5262eee3bf152b9f945336eb2ba0a to remote] DEBUG org.apache.http.wire - http-outgoing-29 << "[\r][\n]"
11:24:31.399 [Forwarding clickElement on session a0b5262eee3bf152b9f945336eb2ba0a to remote] DEBUG org.apache.http.wire - http-outgoing-29 << "{"value":null}"
11:24:31.399 [Forwarding clickElement on session a0b5262eee3bf152b9f945336eb2ba0a to remote] DEBUG org.apache.http.headers - http-outgoing-29 << HTTP/1.1 200 OK
11:24:31.399 [Forwarding clickElement on session a0b5262eee3bf152b9f945336eb2ba0a to remote] DEBUG org.apache.http.headers - http-outgoing-29 << Content-Length:14
11:24:31.399 [Forwarding clickElement on session a0b5262eee3bf152b9f945336eb2ba0a to remote] DEBUG org.apache.http.headers - http-outgoing-29 << Content-Type:application/json; charset=utf-8
11:24:31.399 [Forwarding clickElement on session a0b5262eee3bf152b9f945336eb2ba0a to remote] DEBUG org.apache.http.headers - http-outgoing-29 << cache-control:no-cache
11:24:31.399 [Forwarding clickElement on session a0b5262eee3bf152b9f945336eb2ba0a to remote] DEBUG org.apache.http.impl.execchain.MainClientExec - Connection can be kept alive indefinitely
11:24:31.399 [Forwarding clickElement on session a0b5262eee3bf152b9f945336eb2ba0a to remote] DEBUG org.apache.http.impl.conn.PoolingHttpClientConnectionManager - Connection [id: 29][route: {}->http://localhost:3689] can be kept alive indefinitely
11:24:31.399 [Forwarding clickElement on session a0b5262eee3bf152b9f945336eb2ba0a to remote] DEBUG org.apache.http.impl.conn.PoolingHttpClientConnectionManager - Connection released: [id: 29][route: {}->http://localhost:3689][total kept alive: 30; route allocated: 1 of 2000; total allocated: 30 of 2000]
11:24:31.400 [Forwarding findElement on session a0b5262eee3bf152b9f945336eb2ba0a to remote] DEBUG org.apache.http.client.protocol.RequestAddCookies - CookieSpec selected: default
11:24:31.400 [Forwarding findElement on session a0b5262eee3bf152b9f945336eb2ba0a to remote] DEBUG org.apache.http.client.protocol.RequestAuthCache - Auth cache not set in the context
11:24:31.400 [Forwarding findElement on session a0b5262eee3bf152b9f945336eb2ba0a to remote] DEBUG org.apache.http.impl.conn.PoolingHttpClientConnectionManager - Connection request: [route: {}->http://localhost:3689][total kept alive: 30; route allocated: 1 of 2000; total allocated: 30 of 2000]
11:24:31.400 [Forwarding findElement on session a0b5262eee3bf152b9f945336eb2ba0a to remote] DEBUG org.apache.http.impl.conn.PoolingHttpClientConnectionManager - Connection leased: [id: 29][route: {}->http://localhost:3689][total kept alive: 29; route allocated: 1 of 2000; total allocated: 30 of 2000]
11:24:31.400 [Forwarding findElement on session a0b5262eee3bf152b9f945336eb2ba0a to remote] DEBUG org.apache.http.impl.execchain.MainClientExec - Stale connection check
11:24:31.401 [Forwarding findElement on session a0b5262eee3bf152b9f945336eb2ba0a to remote] DEBUG org.apache.http.wire - http-outgoing-29 << "[read] I/O error: Read timed out"
11:24:31.401 [Forwarding findElement on session a0b5262eee3bf152b9f945336eb2ba0a to remote] DEBUG org.apache.http.impl.conn.DefaultManagedHttpClientConnection - http-outgoing-29: set socket timeout to 10800000
11:24:31.401 [Forwarding findElement on session a0b5262eee3bf152b9f945336eb2ba0a to remote] DEBUG org.apache.http.impl.execchain.MainClientExec - Executing request POST /session/a0b5262eee3bf152b9f945336eb2ba0a/element HTTP/1.1
11:24:31.401 [Forwarding findElement on session a0b5262eee3bf152b9f945336eb2ba0a to remote] DEBUG org.apache.http.impl.execchain.MainClientExec - Target auth state: UNCHALLENGED
11:24:31.401 [Forwarding findElement on session a0b5262eee3bf152b9f945336eb2ba0a to remote] DEBUG org.apache.http.impl.execchain.MainClientExec - Proxy auth state: UNCHALLENGED
11:24:31.401 [Forwarding findElement on session a0b5262eee3bf152b9f945336eb2ba0a to remote] DEBUG org.apache.http.headers - http-outgoing-29 >> POST /session/a0b5262eee3bf152b9f945336eb2ba0a/element HTTP/1.1
11:24:31.401 [Forwarding findElement on session a0b5262eee3bf152b9f945336eb2ba0a to remote] DEBUG org.apache.http.headers - http-outgoing-29 >> Content-Type: application/json; charset=utf-8
11:24:31.401 [Forwarding findElement on session a0b5262eee3bf152b9f945336eb2ba0a to remote] DEBUG org.apache.http.headers - http-outgoing-29 >> Content-Length: 73
11:24:31.401 [Forwarding findElement on session a0b5262eee3bf152b9f945336eb2ba0a to remote] DEBUG org.apache.http.headers - http-outgoing-29 >> Host: localhost:3689
11:24:31.401 [Forwarding findElement on session a0b5262eee3bf152b9f945336eb2ba0a to remote] DEBUG org.apache.http.headers - http-outgoing-29 >> Connection: Keep-Alive
11:24:31.401 [Forwarding findElement on session a0b5262eee3bf152b9f945336eb2ba0a to remote] DEBUG org.apache.http.headers - http-outgoing-29 >> User-Agent: Apache-HttpClient/4.5.3 (Java/1.8.0_211)
11:24:31.401 [Forwarding findElement on session a0b5262eee3bf152b9f945336eb2ba0a to remote] DEBUG org.apache.http.headers - http-outgoing-29 >> Accept-Encoding: gzip,deflate
11:24:31.401 [Forwarding findElement on session a0b5262eee3bf152b9f945336eb2ba0a to remote] DEBUG org.apache.http.wire - http-outgoing-29 >> "POST /session/a0b5262eee3bf152b9f945336eb2ba0a/element HTTP/1.1[\r][\n]"
11:24:31.401 [Forwarding findElement on session a0b5262eee3bf152b9f945336eb2ba0a to remote] DEBUG org.apache.http.wire - http-outgoing-29 >> "Content-Type: application/json; charset=utf-8[\r][\n]"
11:24:31.401 [Forwarding findElement on session a0b5262eee3bf152b9f945336eb2ba0a to remote] DEBUG org.apache.http.wire - http-outgoing-29 >> "Content-Length: 73[\r][\n]"
11:24:31.401 [Forwarding findElement on session a0b5262eee3bf152b9f945336eb2ba0a to remote] DEBUG org.apache.http.wire - http-outgoing-29 >> "Host: localhost:3689[\r][\n]"
11:24:31.401 [Forwarding findElement on session a0b5262eee3bf152b9f945336eb2ba0a to remote] DEBUG org.apache.http.wire - http-outgoing-29 >> "Connection: Keep-Alive[\r][\n]"
11:24:31.401 [Forwarding findElement on session a0b5262eee3bf152b9f945336eb2ba0a to remote] DEBUG org.apache.http.wire - http-outgoing-29 >> "User-Agent: Apache-HttpClient/4.5.3 (Java/1.8.0_211)[\r][\n]"
11:24:31.401 [Forwarding findElement on session a0b5262eee3bf152b9f945336eb2ba0a to remote] DEBUG org.apache.http.wire - http-outgoing-29 >> "Accept-Encoding: gzip,deflate[\r][\n]"
11:24:31.401 [Forwarding findElement on session a0b5262eee3bf152b9f945336eb2ba0a to remote] DEBUG org.apache.http.wire - http-outgoing-29 >> "[\r][\n]"
11:24:31.401 [Forwarding findElement on session a0b5262eee3bf152b9f945336eb2ba0a to remote] DEBUG org.apache.http.wire - http-outgoing-29 >> "{"value":".form-group:nth-child(3) .form-control","using":"css selector"}"
11:24:31.406 [Forwarding findElement on session a0b5262eee3bf152b9f945336eb2ba0a to remote] DEBUG org.apache.http.wire - http-outgoing-29 << "HTTP/1.1 200 OK[\r][\n]"
11:24:31.406 [Forwarding findElement on session a0b5262eee3bf152b9f945336eb2ba0a to remote] DEBUG org.apache.http.wire - http-outgoing-29 << "Content-Length:88[\r][\n]"
11:24:31.406 [Forwarding findElement on session a0b5262eee3bf152b9f945336eb2ba0a to remote] DEBUG org.apache.http.wire - http-outgoing-29 << "Content-Type:application/json; charset=utf-8[\r][\n]"
11:24:31.406 [Forwarding findElement on session a0b5262eee3bf152b9f945336eb2ba0a to remote] DEBUG org.apache.http.wire - http-outgoing-29 << "cache-control:no-cache[\r][\n]"
11:24:31.406 [Forwarding findElement on session a0b5262eee3bf152b9f945336eb2ba0a to remote] DEBUG org.apache.http.wire - http-outgoing-29 << "[\r][\n]"
11:24:31.406 [Forwarding findElement on session a0b5262eee3bf152b9f945336eb2ba0a to remote] DEBUG org.apache.http.wire - http-outgoing-29 << "{"value":{"element-6066-11e4-a52e-4f735466cecf":"7ec3eef8-abc7-47a5-b82f-52f7de11797f"}}"
11:24:31.406 [Forwarding findElement on session a0b5262eee3bf152b9f945336eb2ba0a to remote] DEBUG org.apache.http.headers - http-outgoing-29 << HTTP/1.1 200 OK
11:24:31.406 [Forwarding findElement on session a0b5262eee3bf152b9f945336eb2ba0a to remote] DEBUG org.apache.http.headers - http-outgoing-29 << Content-Length:88
11:24:31.406 [Forwarding findElement on session a0b5262eee3bf152b9f945336eb2ba0a to remote] DEBUG org.apache.http.headers - http-outgoing-29 << Content-Type:application/json; charset=utf-8
11:24:31.406 [Forwarding findElement on session a0b5262eee3bf152b9f945336eb2ba0a to remote] DEBUG org.apache.http.headers - http-outgoing-29 << cache-control:no-cache
11:24:31.406 [Forwarding findElement on session a0b5262eee3bf152b9f945336eb2ba0a to remote] DEBUG org.apache.http.impl.execchain.MainClientExec - Connection can be kept alive indefinitely
11:24:31.406 [Forwarding findElement on session a0b5262eee3bf152b9f945336eb2ba0a to remote] DEBUG org.apache.http.impl.conn.PoolingHttpClientConnectionManager - Connection [id: 29][route: {}->http://localhost:3689] can be kept alive indefinitely
11:24:31.406 [Forwarding findElement on session a0b5262eee3bf152b9f945336eb2ba0a to remote] DEBUG org.apache.http.impl.conn.PoolingHttpClientConnectionManager - Connection released: [id: 29][route: {}->http://localhost:3689][total kept alive: 30; route allocated: 1 of 2000; total allocated: 30 of 2000]
11:24:31.406 [Forwarding sendKeysToElement on session a0b5262eee3bf152b9f945336eb2ba0a to remote] DEBUG org.apache.http.client.protocol.RequestAddCookies - CookieSpec selected: default
11:24:31.406 [Forwarding sendKeysToElement on session a0b5262eee3bf152b9f945336eb2ba0a to remote] DEBUG org.apache.http.client.protocol.RequestAuthCache - Auth cache not set in the context
11:24:31.406 [Forwarding sendKeysToElement on session a0b5262eee3bf152b9f945336eb2ba0a to remote] DEBUG org.apache.http.impl.conn.PoolingHttpClientConnectionManager - Connection request: [route: {}->http://localhost:3689][total kept alive: 30; route allocated: 1 of 2000; total allocated: 30 of 2000]
11:24:31.406 [Forwarding sendKeysToElement on session a0b5262eee3bf152b9f945336eb2ba0a to remote] DEBUG org.apache.http.impl.conn.PoolingHttpClientConnectionManager - Connection leased: [id: 29][route: {}->http://localhost:3689][total kept alive: 29; route allocated: 1 of 2000; total allocated: 30 of 2000]
11:24:31.406 [Forwarding sendKeysToElement on session a0b5262eee3bf152b9f945336eb2ba0a to remote] DEBUG org.apache.http.impl.execchain.MainClientExec - Stale connection check
11:24:31.408 [Forwarding sendKeysToElement on session a0b5262eee3bf152b9f945336eb2ba0a to remote] DEBUG org.apache.http.wire - http-outgoing-29 << "[read] I/O error: Read timed out"
11:24:31.408 [Forwarding sendKeysToElement on session a0b5262eee3bf152b9f945336eb2ba0a to remote] DEBUG org.apache.http.impl.conn.DefaultManagedHttpClientConnection - http-outgoing-29: set socket timeout to 10800000
11:24:31.408 [Forwarding sendKeysToElement on session a0b5262eee3bf152b9f945336eb2ba0a to remote] DEBUG org.apache.http.impl.execchain.MainClientExec - Executing request POST /session/a0b5262eee3bf152b9f945336eb2ba0a/element/7ec3eef8-abc7-47a5-b82f-52f7de11797f/value HTTP/1.1
11:24:31.408 [Forwarding sendKeysToElement on session a0b5262eee3bf152b9f945336eb2ba0a to remote] DEBUG org.apache.http.impl.execchain.MainClientExec - Target auth state: UNCHALLENGED
11:24:31.408 [Forwarding sendKeysToElement on session a0b5262eee3bf152b9f945336eb2ba0a to remote] DEBUG org.apache.http.impl.execchain.MainClientExec - Proxy auth state: UNCHALLENGED
11:24:31.408 [Forwarding sendKeysToElement on session a0b5262eee3bf152b9f945336eb2ba0a to remote] DEBUG org.apache.http.headers - http-outgoing-29 >> POST /session/a0b5262eee3bf152b9f945336eb2ba0a/element/7ec3eef8-abc7-47a5-b82f-52f7de11797f/value HTTP/1.1
11:24:31.408 [Forwarding sendKeysToElement on session a0b5262eee3bf152b9f945336eb2ba0a to remote] DEBUG org.apache.http.headers - http-outgoing-29 >> Content-Type: application/json; charset=utf-8
11:24:31.408 [Forwarding sendKeysToElement on session a0b5262eee3bf152b9f945336eb2ba0a to remote] DEBUG org.apache.http.headers - http-outgoing-29 >> Content-Length: 80
11:24:31.408 [Forwarding sendKeysToElement on session a0b5262eee3bf152b9f945336eb2ba0a to remote] DEBUG org.apache.http.headers - http-outgoing-29 >> Host: localhost:3689
11:24:31.408 [Forwarding sendKeysToElement on session a0b5262eee3bf152b9f945336eb2ba0a to remote] DEBUG org.apache.http.headers - http-outgoing-29 >> Connection: Keep-Alive
11:24:31.408 [Forwarding sendKeysToElement on session a0b5262eee3bf152b9f945336eb2ba0a to remote] DEBUG org.apache.http.headers - http-outgoing-29 >> User-Agent: Apache-HttpClient/4.5.3 (Java/1.8.0_211)
11:24:31.408 [Forwarding sendKeysToElement on session a0b5262eee3bf152b9f945336eb2ba0a to remote] DEBUG org.apache.http.headers - http-outgoing-29 >> Accept-Encoding: gzip,deflate
11:24:31.408 [Forwarding sendKeysToElement on session a0b5262eee3bf152b9f945336eb2ba0a to remote] DEBUG org.apache.http.wire - http-outgoing-29 >> "POST /session/a0b5262eee3bf152b9f945336eb2ba0a/element/7ec3eef8-abc7-47a5-b82f-52f7de11797f/value HTTP/1.1[\r][\n]"
11:24:31.408 [Forwarding sendKeysToElement on session a0b5262eee3bf152b9f945336eb2ba0a to remote] DEBUG org.apache.http.wire - http-outgoing-29 >> "Content-Type: application/json; charset=utf-8[\r][\n]"
11:24:31.408 [Forwarding sendKeysToElement on session a0b5262eee3bf152b9f945336eb2ba0a to remote] DEBUG org.apache.http.wire - http-outgoing-29 >> "Content-Length: 80[\r][\n]"
11:24:31.408 [Forwarding sendKeysToElement on session a0b5262eee3bf152b9f945336eb2ba0a to remote] DEBUG org.apache.http.wire - http-outgoing-29 >> "Host: localhost:3689[\r][\n]"
11:24:31.408 [Forwarding sendKeysToElement on session a0b5262eee3bf152b9f945336eb2ba0a to remote] DEBUG org.apache.http.wire - http-outgoing-29 >> "Connection: Keep-Alive[\r][\n]"
11:24:31.408 [Forwarding sendKeysToElement on session a0b5262eee3bf152b9f945336eb2ba0a to remote] DEBUG org.apache.http.wire - http-outgoing-29 >> "User-Agent: Apache-HttpClient/4.5.3 (Java/1.8.0_211)[\r][\n]"
11:24:31.408 [Forwarding sendKeysToElement on session a0b5262eee3bf152b9f945336eb2ba0a to remote] DEBUG org.apache.http.wire - http-outgoing-29 >> "Accept-Encoding: gzip,deflate[\r][\n]"
11:24:31.408 [Forwarding sendKeysToElement on session a0b5262eee3bf152b9f945336eb2ba0a to remote] DEBUG org.apache.http.wire - http-outgoing-29 >> "[\r][\n]"
11:24:31.408 [Forwarding sendKeysToElement on session a0b5262eee3bf152b9f945336eb2ba0a to remote] DEBUG org.apache.http.wire - http-outgoing-29 >> "{"id":"7ec3eef8-abc7-47a5-b82f-52f7de11797f","text":"0.1","value":["0",".","1"]}"
11:24:31.478 [Forwarding sendKeysToElement on session a0b5262eee3bf152b9f945336eb2ba0a to remote] DEBUG org.apache.http.wire - http-outgoing-29 << "HTTP/1.1 200 OK[\r][\n]"
11:24:31.478 [Forwarding sendKeysToElement on session a0b5262eee3bf152b9f945336eb2ba0a to remote] DEBUG org.apache.http.wire - http-outgoing-29 << "Content-Length:14[\r][\n]"
11:24:31.479 [Forwarding sendKeysToElement on session a0b5262eee3bf152b9f945336eb2ba0a to remote] DEBUG org.apache.http.wire - http-outgoing-29 << "Content-Type:application/json; charset=utf-8[\r][\n]"
11:24:31.479 [Forwarding sendKeysToElement on session a0b5262eee3bf152b9f945336eb2ba0a to remote] DEBUG org.apache.http.wire - http-outgoing-29 << "cache-control:no-cache[\r][\n]"
11:24:31.479 [Forwarding sendKeysToElement on session a0b5262eee3bf152b9f945336eb2ba0a to remote] DEBUG org.apache.http.wire - http-outgoing-29 << "[\r][\n]"
11:24:31.479 [Forwarding sendKeysToElement on session a0b5262eee3bf152b9f945336eb2ba0a to remote] DEBUG org.apache.http.wire - http-outgoing-29 << "{"value":null}"
11:24:31.479 [Forwarding sendKeysToElement on session a0b5262eee3bf152b9f945336eb2ba0a to remote] DEBUG org.apache.http.headers - http-outgoing-29 << HTTP/1.1 200 OK
11:24:31.479 [Forwarding sendKeysToElement on session a0b5262eee3bf152b9f945336eb2ba0a to remote] DEBUG org.apache.http.headers - http-outgoing-29 << Content-Length:14
11:24:31.479 [Forwarding sendKeysToElement on session a0b5262eee3bf152b9f945336eb2ba0a to remote] DEBUG org.apache.http.headers - http-outgoing-29 << Content-Type:application/json; charset=utf-8
11:24:31.479 [Forwarding sendKeysToElement on session a0b5262eee3bf152b9f945336eb2ba0a to remote] DEBUG org.apache.http.headers - http-outgoing-29 << cache-control:no-cache
11:24:31.479 [Forwarding sendKeysToElement on session a0b5262eee3bf152b9f945336eb2ba0a to remote] DEBUG org.apache.http.impl.execchain.MainClientExec - Connection can be kept alive indefinitely
11:24:31.479 [Forwarding sendKeysToElement on session a0b5262eee3bf152b9f945336eb2ba0a to remote] DEBUG org.apache.http.impl.conn.PoolingHttpClientConnectionManager - Connection [id: 29][route: {}->http://localhost:3689] can be kept alive indefinitely
11:24:31.479 [Forwarding sendKeysToElement on session a0b5262eee3bf152b9f945336eb2ba0a to remote] DEBUG org.apache.http.impl.conn.PoolingHttpClientConnectionManager - Connection released: [id: 29][route: {}->http://localhost:3689][total kept alive: 30; route allocated: 1 of 2000; total allocated: 30 of 2000]
11:24:31.479 [Forwarding findElement on session a0b5262eee3bf152b9f945336eb2ba0a to remote] DEBUG org.apache.http.client.protocol.RequestAddCookies - CookieSpec selected: default
11:24:31.479 [Forwarding findElement on session a0b5262eee3bf152b9f945336eb2ba0a to remote] DEBUG org.apache.http.client.protocol.RequestAuthCache - Auth cache not set in the context
11:24:31.479 [Forwarding findElement on session a0b5262eee3bf152b9f945336eb2ba0a to remote] DEBUG org.apache.http.impl.conn.PoolingHttpClientConnectionManager - Connection request: [route: {}->http://localhost:3689][total kept alive: 30; route allocated: 1 of 2000; total allocated: 30 of 2000]
11:24:31.479 [Forwarding findElement on session a0b5262eee3bf152b9f945336eb2ba0a to remote] DEBUG org.apache.http.impl.conn.PoolingHttpClientConnectionManager - Connection leased: [id: 29][route: {}->http://localhost:3689][total kept alive: 29; route allocated: 1 of 2000; total allocated: 30 of 2000]
11:24:31.479 [Forwarding findElement on session a0b5262eee3bf152b9f945336eb2ba0a to remote] DEBUG org.apache.http.impl.execchain.MainClientExec - Stale connection check
11:24:31.481 [Forwarding findElement on session a0b5262eee3bf152b9f945336eb2ba0a to remote] DEBUG org.apache.http.wire - http-outgoing-29 << "[read] I/O error: Read timed out"
11:24:31.481 [Forwarding findElement on session a0b5262eee3bf152b9f945336eb2ba0a to remote] DEBUG org.apache.http.impl.conn.DefaultManagedHttpClientConnection - http-outgoing-29: set socket timeout to 10800000
11:24:31.481 [Forwarding findElement on session a0b5262eee3bf152b9f945336eb2ba0a to remote] DEBUG org.apache.http.impl.execchain.MainClientExec - Executing request POST /session/a0b5262eee3bf152b9f945336eb2ba0a/element HTTP/1.1
11:24:31.481 [Forwarding findElement on session a0b5262eee3bf152b9f945336eb2ba0a to remote] DEBUG org.apache.http.impl.execchain.MainClientExec - Target auth state: UNCHALLENGED
11:24:31.481 [Forwarding findElement on session a0b5262eee3bf152b9f945336eb2ba0a to remote] DEBUG org.apache.http.impl.execchain.MainClientExec - Proxy auth state: UNCHALLENGED
11:24:31.481 [Forwarding findElement on session a0b5262eee3bf152b9f945336eb2ba0a to remote] DEBUG org.apache.http.headers - http-outgoing-29 >> POST /session/a0b5262eee3bf152b9f945336eb2ba0a/element HTTP/1.1
11:24:31.481 [Forwarding findElement on session a0b5262eee3bf152b9f945336eb2ba0a to remote] DEBUG org.apache.http.headers - http-outgoing-29 >> Content-Type: application/json; charset=utf-8
11:24:31.481 [Forwarding findElement on session a0b5262eee3bf152b9f945336eb2ba0a to remote] DEBUG org.apache.http.headers - http-outgoing-29 >> Content-Length: 73
11:24:31.481 [Forwarding findElement on session a0b5262eee3bf152b9f945336eb2ba0a to remote] DEBUG org.apache.http.headers - http-outgoing-29 >> Host: localhost:3689
11:24:31.481 [Forwarding findElement on session a0b5262eee3bf152b9f945336eb2ba0a to remote] DEBUG org.apache.http.headers - http-outgoing-29 >> Connection: Keep-Alive
11:24:31.481 [Forwarding findElement on session a0b5262eee3bf152b9f945336eb2ba0a to remote] DEBUG org.apache.http.headers - http-outgoing-29 >> User-Agent: Apache-HttpClient/4.5.3 (Java/1.8.0_211)
11:24:31.481 [Forwarding findElement on session a0b5262eee3bf152b9f945336eb2ba0a to remote] DEBUG org.apache.http.headers - http-outgoing-29 >> Accept-Encoding: gzip,deflate
11:24:31.481 [Forwarding findElement on session a0b5262eee3bf152b9f945336eb2ba0a to remote] DEBUG org.apache.http.wire - http-outgoing-29 >> "POST /session/a0b5262eee3bf152b9f945336eb2ba0a/element HTTP/1.1[\r][\n]"
11:24:31.481 [Forwarding findElement on session a0b5262eee3bf152b9f945336eb2ba0a to remote] DEBUG org.apache.http.wire - http-outgoing-29 >> "Content-Type: application/json; charset=utf-8[\r][\n]"
11:24:31.481 [Forwarding findElement on session a0b5262eee3bf152b9f945336eb2ba0a to remote] DEBUG org.apache.http.wire - http-outgoing-29 >> "Content-Length: 73[\r][\n]"
11:24:31.481 [Forwarding findElement on session a0b5262eee3bf152b9f945336eb2ba0a to remote] DEBUG org.apache.http.wire - http-outgoing-29 >> "Host: localhost:3689[\r][\n]"
11:24:31.481 [Forwarding findElement on session a0b5262eee3bf152b9f945336eb2ba0a to remote] DEBUG org.apache.http.wire - http-outgoing-29 >> "Connection: Keep-Alive[\r][\n]"
11:24:31.481 [Forwarding findElement on session a0b5262eee3bf152b9f945336eb2ba0a to remote] DEBUG org.apache.http.wire - http-outgoing-29 >> "User-Agent: Apache-HttpClient/4.5.3 (Java/1.8.0_211)[\r][\n]"
11:24:31.481 [Forwarding findElement on session a0b5262eee3bf152b9f945336eb2ba0a to remote] DEBUG org.apache.http.wire - http-outgoing-29 >> "Accept-Encoding: gzip,deflate[\r][\n]"
11:24:31.481 [Forwarding findElement on session a0b5262eee3bf152b9f945336eb2ba0a to remote] DEBUG org.apache.http.wire - http-outgoing-29 >> "[\r][\n]"
11:24:31.481 [Forwarding findElement on session a0b5262eee3bf152b9f945336eb2ba0a to remote] DEBUG org.apache.http.wire - http-outgoing-29 >> "{"value":".form-group:nth-child(4) .form-control","using":"css selector"}"
11:24:31.487 [Forwarding findElement on session a0b5262eee3bf152b9f945336eb2ba0a to remote] DEBUG org.apache.http.wire - http-outgoing-29 << "HTTP/1.1 200 OK[\r][\n]"
11:24:31.487 [Forwarding findElement on session a0b5262eee3bf152b9f945336eb2ba0a to remote] DEBUG org.apache.http.wire - http-outgoing-29 << "Content-Length:88[\r][\n]"
11:24:31.487 [Forwarding findElement on session a0b5262eee3bf152b9f945336eb2ba0a to remote] DEBUG org.apache.http.wire - http-outgoing-29 << "Content-Type:application/json; charset=utf-8[\r][\n]"
11:24:31.487 [Forwarding findElement on session a0b5262eee3bf152b9f945336eb2ba0a to remote] DEBUG org.apache.http.wire - http-outgoing-29 << "cache-control:no-cache[\r][\n]"
11:24:31.487 [Forwarding findElement on session a0b5262eee3bf152b9f945336eb2ba0a to remote] DEBUG org.apache.http.wire - http-outgoing-29 << "[\r][\n]"
11:24:31.487 [Forwarding findElement on session a0b5262eee3bf152b9f945336eb2ba0a to remote] DEBUG org.apache.http.wire - http-outgoing-29 << "{"value":{"element-6066-11e4-a52e-4f735466cecf":"b1e47082-556e-4391-930b-b6b5aecd78a5"}}"
11:24:31.487 [Forwarding findElement on session a0b5262eee3bf152b9f945336eb2ba0a to remote] DEBUG org.apache.http.headers - http-outgoing-29 << HTTP/1.1 200 OK
11:24:31.487 [Forwarding findElement on session a0b5262eee3bf152b9f945336eb2ba0a to remote] DEBUG org.apache.http.headers - http-outgoing-29 << Content-Length:88
11:24:31.487 [Forwarding findElement on session a0b5262eee3bf152b9f945336eb2ba0a to remote] DEBUG org.apache.http.headers - http-outgoing-29 << Content-Type:application/json; charset=utf-8
11:24:31.487 [Forwarding findElement on session a0b5262eee3bf152b9f945336eb2ba0a to remote] DEBUG org.apache.http.headers - http-outgoing-29 << cache-control:no-cache
11:24:31.487 [Forwarding findElement on session a0b5262eee3bf152b9f945336eb2ba0a to remote] DEBUG org.apache.http.impl.execchain.MainClientExec - Connection can be kept alive indefinitely
11:24:31.487 [Forwarding findElement on session a0b5262eee3bf152b9f945336eb2ba0a to remote] DEBUG org.apache.http.impl.conn.PoolingHttpClientConnectionManager - Connection [id: 29][route: {}->http://localhost:3689] can be kept alive indefinitely
11:24:31.487 [Forwarding findElement on session a0b5262eee3bf152b9f945336eb2ba0a to remote] DEBUG org.apache.http.impl.conn.PoolingHttpClientConnectionManager - Connection released: [id: 29][route: {}->http://localhost:3689][total kept alive: 30; route allocated: 1 of 2000; total allocated: 30 of 2000]
11:24:31.488 [Forwarding clickElement on session a0b5262eee3bf152b9f945336eb2ba0a to remote] DEBUG org.apache.http.client.protocol.RequestAddCookies - CookieSpec selected: default
11:24:31.488 [Forwarding clickElement on session a0b5262eee3bf152b9f945336eb2ba0a to remote] DEBUG org.apache.http.client.protocol.RequestAuthCache - Auth cache not set in the context
11:24:31.488 [Forwarding clickElement on session a0b5262eee3bf152b9f945336eb2ba0a to remote] DEBUG org.apache.http.impl.conn.PoolingHttpClientConnectionManager - Connection request: [route: {}->http://localhost:3689][total kept alive: 30; route allocated: 1 of 2000; total allocated: 30 of 2000]
11:24:31.488 [Forwarding clickElement on session a0b5262eee3bf152b9f945336eb2ba0a to remote] DEBUG org.apache.http.impl.conn.PoolingHttpClientConnectionManager - Connection leased: [id: 29][route: {}->http://localhost:3689][total kept alive: 29; route allocated: 1 of 2000; total allocated: 30 of 2000]
11:24:31.488 [Forwarding clickElement on session a0b5262eee3bf152b9f945336eb2ba0a to remote] DEBUG org.apache.http.impl.execchain.MainClientExec - Stale connection check
11:24:31.489 [Forwarding clickElement on session a0b5262eee3bf152b9f945336eb2ba0a to remote] DEBUG org.apache.http.wire - http-outgoing-29 << "[read] I/O error: Read timed out"
11:24:31.489 [Forwarding clickElement on session a0b5262eee3bf152b9f945336eb2ba0a to remote] DEBUG org.apache.http.impl.conn.DefaultManagedHttpClientConnection - http-outgoing-29: set socket timeout to 10800000
11:24:31.489 [Forwarding clickElement on session a0b5262eee3bf152b9f945336eb2ba0a to remote] DEBUG org.apache.http.impl.execchain.MainClientExec - Executing request POST /session/a0b5262eee3bf152b9f945336eb2ba0a/element/b1e47082-556e-4391-930b-b6b5aecd78a5/click HTTP/1.1
11:24:31.489 [Forwarding clickElement on session a0b5262eee3bf152b9f945336eb2ba0a to remote] DEBUG org.apache.http.impl.execchain.MainClientExec - Target auth state: UNCHALLENGED
11:24:31.489 [Forwarding clickElement on session a0b5262eee3bf152b9f945336eb2ba0a to remote] DEBUG org.apache.http.impl.execchain.MainClientExec - Proxy auth state: UNCHALLENGED
11:24:31.489 [Forwarding clickElement on session a0b5262eee3bf152b9f945336eb2ba0a to remote] DEBUG org.apache.http.headers - http-outgoing-29 >> POST /session/a0b5262eee3bf152b9f945336eb2ba0a/element/b1e47082-556e-4391-930b-b6b5aecd78a5/click HTTP/1.1
11:24:31.489 [Forwarding clickElement on session a0b5262eee3bf152b9f945336eb2ba0a to remote] DEBUG org.apache.http.headers - http-outgoing-29 >> Content-Type: application/json; charset=utf-8
11:24:31.489 [Forwarding clickElement on session a0b5262eee3bf152b9f945336eb2ba0a to remote] DEBUG org.apache.http.headers - http-outgoing-29 >> Content-Length: 45
11:24:31.489 [Forwarding clickElement on session a0b5262eee3bf152b9f945336eb2ba0a to remote] DEBUG org.apache.http.headers - http-outgoing-29 >> Host: localhost:3689
11:24:31.489 [Forwarding clickElement on session a0b5262eee3bf152b9f945336eb2ba0a to remote] DEBUG org.apache.http.headers - http-outgoing-29 >> Connection: Keep-Alive
11:24:31.489 [Forwarding clickElement on session a0b5262eee3bf152b9f945336eb2ba0a to remote] DEBUG org.apache.http.headers - http-outgoing-29 >> User-Agent: Apache-HttpClient/4.5.3 (Java/1.8.0_211)
11:24:31.489 [Forwarding clickElement on session a0b5262eee3bf152b9f945336eb2ba0a to remote] DEBUG org.apache.http.headers - http-outgoing-29 >> Accept-Encoding: gzip,deflate
11:24:31.489 [Forwarding clickElement on session a0b5262eee3bf152b9f945336eb2ba0a to remote] DEBUG org.apache.http.wire - http-outgoing-29 >> "POST /session/a0b5262eee3bf152b9f945336eb2ba0a/element/b1e47082-556e-4391-930b-b6b5aecd78a5/click HTTP/1.1[\r][\n]"
11:24:31.489 [Forwarding clickElement on session a0b5262eee3bf152b9f945336eb2ba0a to remote] DEBUG org.apache.http.wire - http-outgoing-29 >> "Content-Type: application/json; charset=utf-8[\r][\n]"
11:24:31.489 [Forwarding clickElement on session a0b5262eee3bf152b9f945336eb2ba0a to remote] DEBUG org.apache.http.wire - http-outgoing-29 >> "Content-Length: 45[\r][\n]"
11:24:31.489 [Forwarding clickElement on session a0b5262eee3bf152b9f945336eb2ba0a to remote] DEBUG org.apache.http.wire - http-outgoing-29 >> "Host: localhost:3689[\r][\n]"
11:24:31.489 [Forwarding clickElement on session a0b5262eee3bf152b9f945336eb2ba0a to remote] DEBUG org.apache.http.wire - http-outgoing-29 >> "Connection: Keep-Alive[\r][\n]"
11:24:31.489 [Forwarding clickElement on session a0b5262eee3bf152b9f945336eb2ba0a to remote] DEBUG org.apache.http.wire - http-outgoing-29 >> "User-Agent: Apache-HttpClient/4.5.3 (Java/1.8.0_211)[\r][\n]"
11:24:31.489 [Forwarding clickElement on session a0b5262eee3bf152b9f945336eb2ba0a to remote] DEBUG org.apache.http.wire - http-outgoing-29 >> "Accept-Encoding: gzip,deflate[\r][\n]"
11:24:31.489 [Forwarding clickElement on session a0b5262eee3bf152b9f945336eb2ba0a to remote] DEBUG org.apache.http.wire - http-outgoing-29 >> "[\r][\n]"
11:24:31.489 [Forwarding clickElement on session a0b5262eee3bf152b9f945336eb2ba0a to remote] DEBUG org.apache.http.wire - http-outgoing-29 >> "{"id":"b1e47082-556e-4391-930b-b6b5aecd78a5"}"
11:24:31.531 [Forwarding clickElement on session a0b5262eee3bf152b9f945336eb2ba0a to remote] DEBUG org.apache.http.wire - http-outgoing-29 << "HTTP/1.1 200 OK[\r][\n]"
11:24:31.531 [Forwarding clickElement on session a0b5262eee3bf152b9f945336eb2ba0a to remote] DEBUG org.apache.http.wire - http-outgoing-29 << "Content-Length:14[\r][\n]"
11:24:31.531 [Forwarding clickElement on session a0b5262eee3bf152b9f945336eb2ba0a to remote] DEBUG org.apache.http.wire - http-outgoing-29 << "Content-Type:application/json; charset=utf-8[\r][\n]"
11:24:31.531 [Forwarding clickElement on session a0b5262eee3bf152b9f945336eb2ba0a to remote] DEBUG org.apache.http.wire - http-outgoing-29 << "cache-control:no-cache[\r][\n]"
11:24:31.531 [Forwarding clickElement on session a0b5262eee3bf152b9f945336eb2ba0a to remote] DEBUG org.apache.http.wire - http-outgoing-29 << "[\r][\n]"
11:24:31.531 [Forwarding clickElement on session a0b5262eee3bf152b9f945336eb2ba0a to remote] DEBUG org.apache.http.wire - http-outgoing-29 << "{"value":null}"
11:24:31.531 [Forwarding clickElement on session a0b5262eee3bf152b9f945336eb2ba0a to remote] DEBUG org.apache.http.headers - http-outgoing-29 << HTTP/1.1 200 OK
11:24:31.531 [Forwarding clickElement on session a0b5262eee3bf152b9f945336eb2ba0a to remote] DEBUG org.apache.http.headers - http-outgoing-29 << Content-Length:14
11:24:31.531 [Forwarding clickElement on session a0b5262eee3bf152b9f945336eb2ba0a to remote] DEBUG org.apache.http.headers - http-outgoing-29 << Content-Type:application/json; charset=utf-8
11:24:31.531 [Forwarding clickElement on session a0b5262eee3bf152b9f945336eb2ba0a to remote] DEBUG org.apache.http.headers - http-outgoing-29 << cache-control:no-cache
11:24:31.531 [Forwarding clickElement on session a0b5262eee3bf152b9f945336eb2ba0a to remote] DEBUG org.apache.http.impl.execchain.MainClientExec - Connection can be kept alive indefinitely
11:24:31.531 [Forwarding clickElement on session a0b5262eee3bf152b9f945336eb2ba0a to remote] DEBUG org.apache.http.impl.conn.PoolingHttpClientConnectionManager - Connection [id: 29][route: {}->http://localhost:3689] can be kept alive indefinitely
11:24:31.531 [Forwarding clickElement on session a0b5262eee3bf152b9f945336eb2ba0a to remote] DEBUG org.apache.http.impl.conn.PoolingHttpClientConnectionManager - Connection released: [id: 29][route: {}->http://localhost:3689][total kept alive: 30; route allocated: 1 of 2000; total allocated: 30 of 2000]
11:24:31.734 [Forwarding findElement on session a0b5262eee3bf152b9f945336eb2ba0a to remote] DEBUG org.apache.http.client.protocol.RequestAddCookies - CookieSpec selected: default
11:24:31.734 [Forwarding findElement on session a0b5262eee3bf152b9f945336eb2ba0a to remote] DEBUG org.apache.http.client.protocol.RequestAuthCache - Auth cache not set in the context
11:24:31.734 [Forwarding findElement on session a0b5262eee3bf152b9f945336eb2ba0a to remote] DEBUG org.apache.http.impl.conn.PoolingHttpClientConnectionManager - Connection request: [route: {}->http://localhost:3689][total kept alive: 30; route allocated: 1 of 2000; total allocated: 30 of 2000]
11:24:31.734 [Forwarding findElement on session a0b5262eee3bf152b9f945336eb2ba0a to remote] DEBUG org.apache.http.impl.conn.PoolingHttpClientConnectionManager - Connection leased: [id: 29][route: {}->http://localhost:3689][total kept alive: 29; route allocated: 1 of 2000; total allocated: 30 of 2000]
11:24:31.734 [Forwarding findElement on session a0b5262eee3bf152b9f945336eb2ba0a to remote] DEBUG org.apache.http.impl.execchain.MainClientExec - Stale connection check
11:24:31.735 [Forwarding findElement on session a0b5262eee3bf152b9f945336eb2ba0a to remote] DEBUG org.apache.http.wire - http-outgoing-29 << "[read] I/O error: Read timed out"
11:24:31.735 [Forwarding findElement on session a0b5262eee3bf152b9f945336eb2ba0a to remote] DEBUG org.apache.http.impl.conn.DefaultManagedHttpClientConnection - http-outgoing-29: set socket timeout to 10800000
11:24:31.735 [Forwarding findElement on session a0b5262eee3bf152b9f945336eb2ba0a to remote] DEBUG org.apache.http.impl.execchain.MainClientExec - Executing request POST /session/a0b5262eee3bf152b9f945336eb2ba0a/element HTTP/1.1
11:24:31.735 [Forwarding findElement on session a0b5262eee3bf152b9f945336eb2ba0a to remote] DEBUG org.apache.http.impl.execchain.MainClientExec - Target auth state: UNCHALLENGED
11:24:31.735 [Forwarding findElement on session a0b5262eee3bf152b9f945336eb2ba0a to remote] DEBUG org.apache.http.impl.execchain.MainClientExec - Proxy auth state: UNCHALLENGED
11:24:31.735 [Forwarding findElement on session a0b5262eee3bf152b9f945336eb2ba0a to remote] DEBUG org.apache.http.headers - http-outgoing-29 >> POST /session/a0b5262eee3bf152b9f945336eb2ba0a/element HTTP/1.1
11:24:31.735 [Forwarding findElement on session a0b5262eee3bf152b9f945336eb2ba0a to remote] DEBUG org.apache.http.headers - http-outgoing-29 >> Content-Type: application/json; charset=utf-8
11:24:31.735 [Forwarding findElement on session a0b5262eee3bf152b9f945336eb2ba0a to remote] DEBUG org.apache.http.headers - http-outgoing-29 >> Content-Length: 41
11:24:31.735 [Forwarding findElement on session a0b5262eee3bf152b9f945336eb2ba0a to remote] DEBUG org.apache.http.headers - http-outgoing-29 >> Host: localhost:3689
11:24:31.735 [Forwarding findElement on session a0b5262eee3bf152b9f945336eb2ba0a to remote] DEBUG org.apache.http.headers - http-outgoing-29 >> Connection: Keep-Alive
11:24:31.735 [Forwarding findElement on session a0b5262eee3bf152b9f945336eb2ba0a to remote] DEBUG org.apache.http.headers - http-outgoing-29 >> User-Agent: Apache-HttpClient/4.5.3 (Java/1.8.0_211)
11:24:31.735 [Forwarding findElement on session a0b5262eee3bf152b9f945336eb2ba0a to remote] DEBUG org.apache.http.headers - http-outgoing-29 >> Accept-Encoding: gzip,deflate
11:24:31.735 [Forwarding findElement on session a0b5262eee3bf152b9f945336eb2ba0a to remote] DEBUG org.apache.http.wire - http-outgoing-29 >> "POST /session/a0b5262eee3bf152b9f945336eb2ba0a/element HTTP/1.1[\r][\n]"
11:24:31.736 [Forwarding findElement on session a0b5262eee3bf152b9f945336eb2ba0a to remote] DEBUG org.apache.http.wire - http-outgoing-29 >> "Content-Type: application/json; charset=utf-8[\r][\n]"
11:24:31.736 [Forwarding findElement on session a0b5262eee3bf152b9f945336eb2ba0a to remote] DEBUG org.apache.http.wire - http-outgoing-29 >> "Content-Length: 41[\r][\n]"
11:24:31.736 [Forwarding findElement on session a0b5262eee3bf152b9f945336eb2ba0a to remote] DEBUG org.apache.http.wire - http-outgoing-29 >> "Host: localhost:3689[\r][\n]"
11:24:31.736 [Forwarding findElement on session a0b5262eee3bf152b9f945336eb2ba0a to remote] DEBUG org.apache.http.wire - http-outgoing-29 >> "Connection: Keep-Alive[\r][\n]"
11:24:31.736 [Forwarding findElement on session a0b5262eee3bf152b9f945336eb2ba0a to remote] DEBUG org.apache.http.wire - http-outgoing-29 >> "User-Agent: Apache-HttpClient/4.5.3 (Java/1.8.0_211)[\r][\n]"
11:24:31.736 [Forwarding findElement on session a0b5262eee3bf152b9f945336eb2ba0a to remote] DEBUG org.apache.http.wire - http-outgoing-29 >> "Accept-Encoding: gzip,deflate[\r][\n]"
11:24:31.736 [Forwarding findElement on session a0b5262eee3bf152b9f945336eb2ba0a to remote] DEBUG org.apache.http.wire - http-outgoing-29 >> "[\r][\n]"
11:24:31.736 [Forwarding findElement on session a0b5262eee3bf152b9f945336eb2ba0a to remote] DEBUG org.apache.http.wire - http-outgoing-29 >> "{"value":"//form/button","using":"xpath"}"
11:24:31.817 [Forwarding findElement on session a0b5262eee3bf152b9f945336eb2ba0a to remote] DEBUG org.apache.http.wire - http-outgoing-29 << "HTTP/1.1 200 OK[\r][\n]"
11:24:31.817 [Forwarding findElement on session a0b5262eee3bf152b9f945336eb2ba0a to remote] DEBUG org.apache.http.wire - http-outgoing-29 << "Content-Length:88[\r][\n]"
11:24:31.817 [Forwarding findElement on session a0b5262eee3bf152b9f945336eb2ba0a to remote] DEBUG org.apache.http.wire - http-outgoing-29 << "Content-Type:application/json; charset=utf-8[\r][\n]"
11:24:31.817 [Forwarding findElement on session a0b5262eee3bf152b9f945336eb2ba0a to remote] DEBUG org.apache.http.wire - http-outgoing-29 << "cache-control:no-cache[\r][\n]"
11:24:31.817 [Forwarding findElement on session a0b5262eee3bf152b9f945336eb2ba0a to remote] DEBUG org.apache.http.wire - http-outgoing-29 << "[\r][\n]"
11:24:31.817 [Forwarding findElement on session a0b5262eee3bf152b9f945336eb2ba0a to remote] DEBUG org.apache.http.wire - http-outgoing-29 << "{"value":{"element-6066-11e4-a52e-4f735466cecf":"92849748-bae9-4afb-9f62-b23238ab71c5"}}"
11:24:31.817 [Forwarding findElement on session a0b5262eee3bf152b9f945336eb2ba0a to remote] DEBUG org.apache.http.headers - http-outgoing-29 << HTTP/1.1 200 OK
11:24:31.817 [Forwarding findElement on session a0b5262eee3bf152b9f945336eb2ba0a to remote] DEBUG org.apache.http.headers - http-outgoing-29 << Content-Length:88
11:24:31.817 [Forwarding findElement on session a0b5262eee3bf152b9f945336eb2ba0a to remote] DEBUG org.apache.http.headers - http-outgoing-29 << Content-Type:application/json; charset=utf-8
11:24:31.817 [Forwarding findElement on session a0b5262eee3bf152b9f945336eb2ba0a to remote] DEBUG org.apache.http.headers - http-outgoing-29 << cache-control:no-cache
11:24:31.817 [Forwarding findElement on session a0b5262eee3bf152b9f945336eb2ba0a to remote] DEBUG org.apache.http.impl.execchain.MainClientExec - Connection can be kept alive indefinitely
11:24:31.817 [Forwarding findElement on session a0b5262eee3bf152b9f945336eb2ba0a to remote] DEBUG org.apache.http.impl.conn.PoolingHttpClientConnectionManager - Connection [id: 29][route: {}->http://localhost:3689] can be kept alive indefinitely
11:24:31.817 [Forwarding findElement on session a0b5262eee3bf152b9f945336eb2ba0a to remote] DEBUG org.apache.http.impl.conn.PoolingHttpClientConnectionManager - Connection released: [id: 29][route: {}->http://localhost:3689][total kept alive: 30; route allocated: 1 of 2000; total allocated: 30 of 2000]
11:24:31.818 [Forwarding clickElement on session a0b5262eee3bf152b9f945336eb2ba0a to remote] DEBUG org.apache.http.client.protocol.RequestAddCookies - CookieSpec selected: default
11:24:31.818 [Forwarding clickElement on session a0b5262eee3bf152b9f945336eb2ba0a to remote] DEBUG org.apache.http.client.protocol.RequestAuthCache - Auth cache not set in the context
11:24:31.818 [Forwarding clickElement on session a0b5262eee3bf152b9f945336eb2ba0a to remote] DEBUG org.apache.http.impl.conn.PoolingHttpClientConnectionManager - Connection request: [route: {}->http://localhost:3689][total kept alive: 30; route allocated: 1 of 2000; total allocated: 30 of 2000]
11:24:31.818 [Forwarding clickElement on session a0b5262eee3bf152b9f945336eb2ba0a to remote] DEBUG org.apache.http.impl.conn.PoolingHttpClientConnectionManager - Connection leased: [id: 29][route: {}->http://localhost:3689][total kept alive: 29; route allocated: 1 of 2000; total allocated: 30 of 2000]
11:24:31.818 [Forwarding clickElement on session a0b5262eee3bf152b9f945336eb2ba0a to remote] DEBUG org.apache.http.impl.execchain.MainClientExec - Stale connection check
11:24:31.819 [Forwarding clickElement on session a0b5262eee3bf152b9f945336eb2ba0a to remote] DEBUG org.apache.http.wire - http-outgoing-29 << "[read] I/O error: Read timed out"
11:24:31.819 [Forwarding clickElement on session a0b5262eee3bf152b9f945336eb2ba0a to remote] DEBUG org.apache.http.impl.conn.DefaultManagedHttpClientConnection - http-outgoing-29: set socket timeout to 10800000
11:24:31.819 [Forwarding clickElement on session a0b5262eee3bf152b9f945336eb2ba0a to remote] DEBUG org.apache.http.impl.execchain.MainClientExec - Executing request POST /session/a0b5262eee3bf152b9f945336eb2ba0a/element/92849748-bae9-4afb-9f62-b23238ab71c5/click HTTP/1.1
11:24:31.819 [Forwarding clickElement on session a0b5262eee3bf152b9f945336eb2ba0a to remote] DEBUG org.apache.http.impl.execchain.MainClientExec - Target auth state: UNCHALLENGED
11:24:31.819 [Forwarding clickElement on session a0b5262eee3bf152b9f945336eb2ba0a to remote] DEBUG org.apache.http.impl.execchain.MainClientExec - Proxy auth state: UNCHALLENGED
11:24:31.819 [Forwarding clickElement on session a0b5262eee3bf152b9f945336eb2ba0a to remote] DEBUG org.apache.http.headers - http-outgoing-29 >> POST /session/a0b5262eee3bf152b9f945336eb2ba0a/element/92849748-bae9-4afb-9f62-b23238ab71c5/click HTTP/1.1
11:24:31.819 [Forwarding clickElement on session a0b5262eee3bf152b9f945336eb2ba0a to remote] DEBUG org.apache.http.headers - http-outgoing-29 >> Content-Type: application/json; charset=utf-8
11:24:31.819 [Forwarding clickElement on session a0b5262eee3bf152b9f945336eb2ba0a to remote] DEBUG org.apache.http.headers - http-outgoing-29 >> Content-Length: 45
11:24:31.819 [Forwarding clickElement on session a0b5262eee3bf152b9f945336eb2ba0a to remote] DEBUG org.apache.http.headers - http-outgoing-29 >> Host: localhost:3689
11:24:31.819 [Forwarding clickElement on session a0b5262eee3bf152b9f945336eb2ba0a to remote] DEBUG org.apache.http.headers - http-outgoing-29 >> Connection: Keep-Alive
11:24:31.819 [Forwarding clickElement on session a0b5262eee3bf152b9f945336eb2ba0a to remote] DEBUG org.apache.http.headers - http-outgoing-29 >> User-Agent: Apache-HttpClient/4.5.3 (Java/1.8.0_211)
11:24:31.819 [Forwarding clickElement on session a0b5262eee3bf152b9f945336eb2ba0a to remote] DEBUG org.apache.http.headers - http-outgoing-29 >> Accept-Encoding: gzip,deflate
11:24:31.819 [Forwarding clickElement on session a0b5262eee3bf152b9f945336eb2ba0a to remote] DEBUG org.apache.http.wire - http-outgoing-29 >> "POST /session/a0b5262eee3bf152b9f945336eb2ba0a/element/92849748-bae9-4afb-9f62-b23238ab71c5/click HTTP/1.1[\r][\n]"
11:24:31.819 [Forwarding clickElement on session a0b5262eee3bf152b9f945336eb2ba0a to remote] DEBUG org.apache.http.wire - http-outgoing-29 >> "Content-Type: application/json; charset=utf-8[\r][\n]"
11:24:31.819 [Forwarding clickElement on session a0b5262eee3bf152b9f945336eb2ba0a to remote] DEBUG org.apache.http.wire - http-outgoing-29 >> "Content-Length: 45[\r][\n]"
11:24:31.819 [Forwarding clickElement on session a0b5262eee3bf152b9f945336eb2ba0a to remote] DEBUG org.apache.http.wire - http-outgoing-29 >> "Host: localhost:3689[\r][\n]"
11:24:31.819 [Forwarding clickElement on session a0b5262eee3bf152b9f945336eb2ba0a to remote] DEBUG org.apache.http.wire - http-outgoing-29 >> "Connection: Keep-Alive[\r][\n]"
11:24:31.819 [Forwarding clickElement on session a0b5262eee3bf152b9f945336eb2ba0a to remote] DEBUG org.apache.http.wire - http-outgoing-29 >> "User-Agent: Apache-HttpClient/4.5.3 (Java/1.8.0_211)[\r][\n]"
11:24:31.819 [Forwarding clickElement on session a0b5262eee3bf152b9f945336eb2ba0a to remote] DEBUG org.apache.http.wire - http-outgoing-29 >> "Accept-Encoding: gzip,deflate[\r][\n]"
11:24:31.819 [Forwarding clickElement on session a0b5262eee3bf152b9f945336eb2ba0a to remote] DEBUG org.apache.http.wire - http-outgoing-29 >> "[\r][\n]"
11:24:31.819 [Forwarding clickElement on session a0b5262eee3bf152b9f945336eb2ba0a to remote] DEBUG org.apache.http.wire - http-outgoing-29 >> "{"id":"92849748-bae9-4afb-9f62-b23238ab71c5"}"
11:24:31.867 [Forwarding clickElement on session a0b5262eee3bf152b9f945336eb2ba0a to remote] DEBUG org.apache.http.wire - http-outgoing-29 << "HTTP/1.1 200 OK[\r][\n]"
11:24:31.867 [Forwarding clickElement on session a0b5262eee3bf152b9f945336eb2ba0a to remote] DEBUG org.apache.http.wire - http-outgoing-29 << "Content-Length:14[\r][\n]"
11:24:31.867 [Forwarding clickElement on session a0b5262eee3bf152b9f945336eb2ba0a to remote] DEBUG org.apache.http.wire - http-outgoing-29 << "Content-Type:application/json; charset=utf-8[\r][\n]"
11:24:31.867 [Forwarding clickElement on session a0b5262eee3bf152b9f945336eb2ba0a to remote] DEBUG org.apache.http.wire - http-outgoing-29 << "cache-control:no-cache[\r][\n]"
11:24:31.867 [Forwarding clickElement on session a0b5262eee3bf152b9f945336eb2ba0a to remote] DEBUG org.apache.http.wire - http-outgoing-29 << "[\r][\n]"
11:24:31.867 [Forwarding clickElement on session a0b5262eee3bf152b9f945336eb2ba0a to remote] DEBUG org.apache.http.wire - http-outgoing-29 << "{"value":null}"
11:24:31.867 [Forwarding clickElement on session a0b5262eee3bf152b9f945336eb2ba0a to remote] DEBUG org.apache.http.headers - http-outgoing-29 << HTTP/1.1 200 OK
11:24:31.867 [Forwarding clickElement on session a0b5262eee3bf152b9f945336eb2ba0a to remote] DEBUG org.apache.http.headers - http-outgoing-29 << Content-Length:14
11:24:31.867 [Forwarding clickElement on session a0b5262eee3bf152b9f945336eb2ba0a to remote] DEBUG org.apache.http.headers - http-outgoing-29 << Content-Type:application/json; charset=utf-8
11:24:31.867 [Forwarding clickElement on session a0b5262eee3bf152b9f945336eb2ba0a to remote] DEBUG org.apache.http.headers - http-outgoing-29 << cache-control:no-cache
11:24:31.867 [Forwarding clickElement on session a0b5262eee3bf152b9f945336eb2ba0a to remote] DEBUG org.apache.http.impl.execchain.MainClientExec - Connection can be kept alive indefinitely
11:24:31.867 [Forwarding clickElement on session a0b5262eee3bf152b9f945336eb2ba0a to remote] DEBUG org.apache.http.impl.conn.PoolingHttpClientConnectionManager - Connection [id: 29][route: {}->http://localhost:3689] can be kept alive indefinitely
11:24:31.867 [Forwarding clickElement on session a0b5262eee3bf152b9f945336eb2ba0a to remote] DEBUG org.apache.http.impl.conn.PoolingHttpClientConnectionManager - Connection released: [id: 29][route: {}->http://localhost:3689][total kept alive: 30; route allocated: 1 of 2000; total allocated: 30 of 2000]
11:24:31.867 [Forwarding findElement on session a0b5262eee3bf152b9f945336eb2ba0a to remote] DEBUG org.apache.http.client.protocol.RequestAddCookies - CookieSpec selected: default
11:24:31.868 [Forwarding findElement on session a0b5262eee3bf152b9f945336eb2ba0a to remote] DEBUG org.apache.http.client.protocol.RequestAuthCache - Auth cache not set in the context
11:24:31.868 [Forwarding findElement on session a0b5262eee3bf152b9f945336eb2ba0a to remote] DEBUG org.apache.http.impl.conn.PoolingHttpClientConnectionManager - Connection request: [route: {}->http://localhost:3689][total kept alive: 30; route allocated: 1 of 2000; total allocated: 30 of 2000]
11:24:31.868 [Forwarding findElement on session a0b5262eee3bf152b9f945336eb2ba0a to remote] DEBUG org.apache.http.impl.conn.PoolingHttpClientConnectionManager - Connection leased: [id: 29][route: {}->http://localhost:3689][total kept alive: 29; route allocated: 1 of 2000; total allocated: 30 of 2000]
11:24:31.868 [Forwarding findElement on session a0b5262eee3bf152b9f945336eb2ba0a to remote] DEBUG org.apache.http.impl.execchain.MainClientExec - Stale connection check
11:24:31.869 [Forwarding findElement on session a0b5262eee3bf152b9f945336eb2ba0a to remote] DEBUG org.apache.http.wire - http-outgoing-29 << "[read] I/O error: Read timed out"
11:24:31.869 [Forwarding findElement on session a0b5262eee3bf152b9f945336eb2ba0a to remote] DEBUG org.apache.http.impl.conn.DefaultManagedHttpClientConnection - http-outgoing-29: set socket timeout to 10800000
11:24:31.869 [Forwarding findElement on session a0b5262eee3bf152b9f945336eb2ba0a to remote] DEBUG org.apache.http.impl.execchain.MainClientExec - Executing request POST /session/a0b5262eee3bf152b9f945336eb2ba0a/element HTTP/1.1
11:24:31.869 [Forwarding findElement on session a0b5262eee3bf152b9f945336eb2ba0a to remote] DEBUG org.apache.http.impl.execchain.MainClientExec - Target auth state: UNCHALLENGED
11:24:31.869 [Forwarding findElement on session a0b5262eee3bf152b9f945336eb2ba0a to remote] DEBUG org.apache.http.impl.execchain.MainClientExec - Proxy auth state: UNCHALLENGED
11:24:31.869 [Forwarding findElement on session a0b5262eee3bf152b9f945336eb2ba0a to remote] DEBUG org.apache.http.headers - http-outgoing-29 >> POST /session/a0b5262eee3bf152b9f945336eb2ba0a/element HTTP/1.1
11:24:31.869 [Forwarding findElement on session a0b5262eee3bf152b9f945336eb2ba0a to remote] DEBUG org.apache.http.headers - http-outgoing-29 >> Content-Type: application/json; charset=utf-8
11:24:31.869 [Forwarding findElement on session a0b5262eee3bf152b9f945336eb2ba0a to remote] DEBUG org.apache.http.headers - http-outgoing-29 >> Content-Length: 60
11:24:31.869 [Forwarding findElement on session a0b5262eee3bf152b9f945336eb2ba0a to remote] DEBUG org.apache.http.headers - http-outgoing-29 >> Host: localhost:3689
11:24:31.869 [Forwarding findElement on session a0b5262eee3bf152b9f945336eb2ba0a to remote] DEBUG org.apache.http.headers - http-outgoing-29 >> Connection: Keep-Alive
11:24:31.869 [Forwarding findElement on session a0b5262eee3bf152b9f945336eb2ba0a to remote] DEBUG org.apache.http.headers - http-outgoing-29 >> User-Agent: Apache-HttpClient/4.5.3 (Java/1.8.0_211)
11:24:31.869 [Forwarding findElement on session a0b5262eee3bf152b9f945336eb2ba0a to remote] DEBUG org.apache.http.headers - http-outgoing-29 >> Accept-Encoding: gzip,deflate
11:24:31.869 [Forwarding findElement on session a0b5262eee3bf152b9f945336eb2ba0a to remote] DEBUG org.apache.http.wire - http-outgoing-29 >> "POST /session/a0b5262eee3bf152b9f945336eb2ba0a/element HTTP/1.1[\r][\n]"
11:24:31.869 [Forwarding findElement on session a0b5262eee3bf152b9f945336eb2ba0a to remote] DEBUG org.apache.http.wire - http-outgoing-29 >> "Content-Type: application/json; charset=utf-8[\r][\n]"
11:24:31.869 [Forwarding findElement on session a0b5262eee3bf152b9f945336eb2ba0a to remote] DEBUG org.apache.http.wire - http-outgoing-29 >> "Content-Length: 60[\r][\n]"
11:24:31.869 [Forwarding findElement on session a0b5262eee3bf152b9f945336eb2ba0a to remote] DEBUG org.apache.http.wire - http-outgoing-29 >> "Host: localhost:3689[\r][\n]"
11:24:31.869 [Forwarding findElement on session a0b5262eee3bf152b9f945336eb2ba0a to remote] DEBUG org.apache.http.wire - http-outgoing-29 >> "Connection: Keep-Alive[\r][\n]"
11:24:31.869 [Forwarding findElement on session a0b5262eee3bf152b9f945336eb2ba0a to remote] DEBUG org.apache.http.wire - http-outgoing-29 >> "User-Agent: Apache-HttpClient/4.5.3 (Java/1.8.0_211)[\r][\n]"
11:24:31.869 [Forwarding findElement on session a0b5262eee3bf152b9f945336eb2ba0a to remote] DEBUG org.apache.http.wire - http-outgoing-29 >> "Accept-Encoding: gzip,deflate[\r][\n]"
11:24:31.869 [Forwarding findElement on session a0b5262eee3bf152b9f945336eb2ba0a to remote] DEBUG org.apache.http.wire - http-outgoing-29 >> "[\r][\n]"
11:24:31.869 [Forwarding findElement on session a0b5262eee3bf152b9f945336eb2ba0a to remote] DEBUG org.apache.http.wire - http-outgoing-29 >> "{"value":".btn-primary:nth-child(2)","using":"css selector"}"
11:24:31.988 [Forwarding findElement on session a0b5262eee3bf152b9f945336eb2ba0a to remote] DEBUG org.apache.http.wire - http-outgoing-29 << "HTTP/1.1 200 OK[\r][\n]"
11:24:31.988 [Forwarding findElement on session a0b5262eee3bf152b9f945336eb2ba0a to remote] DEBUG org.apache.http.wire - http-outgoing-29 << "Content-Length:88[\r][\n]"
11:24:31.988 [Forwarding findElement on session a0b5262eee3bf152b9f945336eb2ba0a to remote] DEBUG org.apache.http.wire - http-outgoing-29 << "Content-Type:application/json; charset=utf-8[\r][\n]"
11:24:31.988 [Forwarding findElement on session a0b5262eee3bf152b9f945336eb2ba0a to remote] DEBUG org.apache.http.wire - http-outgoing-29 << "cache-control:no-cache[\r][\n]"
11:24:31.988 [Forwarding findElement on session a0b5262eee3bf152b9f945336eb2ba0a to remote] DEBUG org.apache.http.wire - http-outgoing-29 << "[\r][\n]"
11:24:31.988 [Forwarding findElement on session a0b5262eee3bf152b9f945336eb2ba0a to remote] DEBUG org.apache.http.wire - http-outgoing-29 << "{"value":{"element-6066-11e4-a52e-4f735466cecf":"817881c7-a9e8-4ab6-9efc-f1a6e5e992d3"}}"
11:24:31.988 [Forwarding findElement on session a0b5262eee3bf152b9f945336eb2ba0a to remote] DEBUG org.apache.http.headers - http-outgoing-29 << HTTP/1.1 200 OK
11:24:31.988 [Forwarding findElement on session a0b5262eee3bf152b9f945336eb2ba0a to remote] DEBUG org.apache.http.headers - http-outgoing-29 << Content-Length:88
11:24:31.988 [Forwarding findElement on session a0b5262eee3bf152b9f945336eb2ba0a to remote] DEBUG org.apache.http.headers - http-outgoing-29 << Content-Type:application/json; charset=utf-8
11:24:31.988 [Forwarding findElement on session a0b5262eee3bf152b9f945336eb2ba0a to remote] DEBUG org.apache.http.headers - http-outgoing-29 << cache-control:no-cache
11:24:31.988 [Forwarding findElement on session a0b5262eee3bf152b9f945336eb2ba0a to remote] DEBUG org.apache.http.impl.execchain.MainClientExec - Connection can be kept alive indefinitely
11:24:31.988 [Forwarding findElement on session a0b5262eee3bf152b9f945336eb2ba0a to remote] DEBUG org.apache.http.impl.conn.PoolingHttpClientConnectionManager - Connection [id: 29][route: {}->http://localhost:3689] can be kept alive indefinitely
11:24:31.988 [Forwarding findElement on session a0b5262eee3bf152b9f945336eb2ba0a to remote] DEBUG org.apache.http.impl.conn.PoolingHttpClientConnectionManager - Connection released: [id: 29][route: {}->http://localhost:3689][total kept alive: 30; route allocated: 1 of 2000; total allocated: 30 of 2000]
11:24:31.989 [Forwarding clickElement on session a0b5262eee3bf152b9f945336eb2ba0a to remote] DEBUG org.apache.http.client.protocol.RequestAddCookies - CookieSpec selected: default
11:24:31.989 [Forwarding clickElement on session a0b5262eee3bf152b9f945336eb2ba0a to remote] DEBUG org.apache.http.client.protocol.RequestAuthCache - Auth cache not set in the context
11:24:31.989 [Forwarding clickElement on session a0b5262eee3bf152b9f945336eb2ba0a to remote] DEBUG org.apache.http.impl.conn.PoolingHttpClientConnectionManager - Connection request: [route: {}->http://localhost:3689][total kept alive: 30; route allocated: 1 of 2000; total allocated: 30 of 2000]
11:24:31.989 [Forwarding clickElement on session a0b5262eee3bf152b9f945336eb2ba0a to remote] DEBUG org.apache.http.impl.conn.PoolingHttpClientConnectionManager - Connection leased: [id: 29][route: {}->http://localhost:3689][total kept alive: 29; route allocated: 1 of 2000; total allocated: 30 of 2000]
11:24:31.989 [Forwarding clickElement on session a0b5262eee3bf152b9f945336eb2ba0a to remote] DEBUG org.apache.http.impl.execchain.MainClientExec - Stale connection check
11:24:31.990 [Forwarding clickElement on session a0b5262eee3bf152b9f945336eb2ba0a to remote] DEBUG org.apache.http.wire - http-outgoing-29 << "[read] I/O error: Read timed out"
11:24:31.990 [Forwarding clickElement on session a0b5262eee3bf152b9f945336eb2ba0a to remote] DEBUG org.apache.http.impl.conn.DefaultManagedHttpClientConnection - http-outgoing-29: set socket timeout to 10800000
11:24:31.990 [Forwarding clickElement on session a0b5262eee3bf152b9f945336eb2ba0a to remote] DEBUG org.apache.http.impl.execchain.MainClientExec - Executing request POST /session/a0b5262eee3bf152b9f945336eb2ba0a/element/817881c7-a9e8-4ab6-9efc-f1a6e5e992d3/click HTTP/1.1
11:24:31.990 [Forwarding clickElement on session a0b5262eee3bf152b9f945336eb2ba0a to remote] DEBUG org.apache.http.impl.execchain.MainClientExec - Target auth state: UNCHALLENGED
11:24:31.990 [Forwarding clickElement on session a0b5262eee3bf152b9f945336eb2ba0a to remote] DEBUG org.apache.http.impl.execchain.MainClientExec - Proxy auth state: UNCHALLENGED
11:24:31.990 [Forwarding clickElement on session a0b5262eee3bf152b9f945336eb2ba0a to remote] DEBUG org.apache.http.headers - http-outgoing-29 >> POST /session/a0b5262eee3bf152b9f945336eb2ba0a/element/817881c7-a9e8-4ab6-9efc-f1a6e5e992d3/click HTTP/1.1
11:24:31.990 [Forwarding clickElement on session a0b5262eee3bf152b9f945336eb2ba0a to remote] DEBUG org.apache.http.headers - http-outgoing-29 >> Content-Type: application/json; charset=utf-8
11:24:31.990 [Forwarding clickElement on session a0b5262eee3bf152b9f945336eb2ba0a to remote] DEBUG org.apache.http.headers - http-outgoing-29 >> Content-Length: 45
11:24:31.990 [Forwarding clickElement on session a0b5262eee3bf152b9f945336eb2ba0a to remote] DEBUG org.apache.http.headers - http-outgoing-29 >> Host: localhost:3689
11:24:31.990 [Forwarding clickElement on session a0b5262eee3bf152b9f945336eb2ba0a to remote] DEBUG org.apache.http.headers - http-outgoing-29 >> Connection: Keep-Alive
11:24:31.990 [Forwarding clickElement on session a0b5262eee3bf152b9f945336eb2ba0a to remote] DEBUG org.apache.http.headers - http-outgoing-29 >> User-Agent: Apache-HttpClient/4.5.3 (Java/1.8.0_211)
11:24:31.990 [Forwarding clickElement on session a0b5262eee3bf152b9f945336eb2ba0a to remote] DEBUG org.apache.http.headers - http-outgoing-29 >> Accept-Encoding: gzip,deflate
11:24:31.990 [Forwarding clickElement on session a0b5262eee3bf152b9f945336eb2ba0a to remote] DEBUG org.apache.http.wire - http-outgoing-29 >> "POST /session/a0b5262eee3bf152b9f945336eb2ba0a/element/817881c7-a9e8-4ab6-9efc-f1a6e5e992d3/click HTTP/1.1[\r][\n]"
11:24:31.990 [Forwarding clickElement on session a0b5262eee3bf152b9f945336eb2ba0a to remote] DEBUG org.apache.http.wire - http-outgoing-29 >> "Content-Type: application/json; charset=utf-8[\r][\n]"
11:24:31.990 [Forwarding clickElement on session a0b5262eee3bf152b9f945336eb2ba0a to remote] DEBUG org.apache.http.wire - http-outgoing-29 >> "Content-Length: 45[\r][\n]"
11:24:31.990 [Forwarding clickElement on session a0b5262eee3bf152b9f945336eb2ba0a to remote] DEBUG org.apache.http.wire - http-outgoing-29 >> "Host: localhost:3689[\r][\n]"
11:24:31.990 [Forwarding clickElement on session a0b5262eee3bf152b9f945336eb2ba0a to remote] DEBUG org.apache.http.wire - http-outgoing-29 >> "Connection: Keep-Alive[\r][\n]"
11:24:31.990 [Forwarding clickElement on session a0b5262eee3bf152b9f945336eb2ba0a to remote] DEBUG org.apache.http.wire - http-outgoing-29 >> "User-Agent: Apache-HttpClient/4.5.3 (Java/1.8.0_211)[\r][\n]"
11:24:31.990 [Forwarding clickElement on session a0b5262eee3bf152b9f945336eb2ba0a to remote] DEBUG org.apache.http.wire - http-outgoing-29 >> "Accept-Encoding: gzip,deflate[\r][\n]"
11:24:31.990 [Forwarding clickElement on session a0b5262eee3bf152b9f945336eb2ba0a to remote] DEBUG org.apache.http.wire - http-outgoing-29 >> "[\r][\n]"
11:24:31.990 [Forwarding clickElement on session a0b5262eee3bf152b9f945336eb2ba0a to remote] DEBUG org.apache.http.wire - http-outgoing-29 >> "{"id":"817881c7-a9e8-4ab6-9efc-f1a6e5e992d3"}"
11:24:32.085 [Forwarding clickElement on session a0b5262eee3bf152b9f945336eb2ba0a to remote] DEBUG org.apache.http.wire - http-outgoing-29 << "HTTP/1.1 200 OK[\r][\n]"
11:24:32.085 [Forwarding clickElement on session a0b5262eee3bf152b9f945336eb2ba0a to remote] DEBUG org.apache.http.wire - http-outgoing-29 << "Content-Length:14[\r][\n]"
11:24:32.085 [Forwarding clickElement on session a0b5262eee3bf152b9f945336eb2ba0a to remote] DEBUG org.apache.http.wire - http-outgoing-29 << "Content-Type:application/json; charset=utf-8[\r][\n]"
11:24:32.085 [Forwarding clickElement on session a0b5262eee3bf152b9f945336eb2ba0a to remote] DEBUG org.apache.http.wire - http-outgoing-29 << "cache-control:no-cache[\r][\n]"
11:24:32.085 [Forwarding clickElement on session a0b5262eee3bf152b9f945336eb2ba0a to remote] DEBUG org.apache.http.wire - http-outgoing-29 << "[\r][\n]"
11:24:32.085 [Forwarding clickElement on session a0b5262eee3bf152b9f945336eb2ba0a to remote] DEBUG org.apache.http.wire - http-outgoing-29 << "{"value":null}"
11:24:32.085 [Forwarding clickElement on session a0b5262eee3bf152b9f945336eb2ba0a to remote] DEBUG org.apache.http.headers - http-outgoing-29 << HTTP/1.1 200 OK
11:24:32.085 [Forwarding clickElement on session a0b5262eee3bf152b9f945336eb2ba0a to remote] DEBUG org.apache.http.headers - http-outgoing-29 << Content-Length:14
11:24:32.085 [Forwarding clickElement on session a0b5262eee3bf152b9f945336eb2ba0a to remote] DEBUG org.apache.http.headers - http-outgoing-29 << Content-Type:application/json; charset=utf-8
11:24:32.085 [Forwarding clickElement on session a0b5262eee3bf152b9f945336eb2ba0a to remote] DEBUG org.apache.http.headers - http-outgoing-29 << cache-control:no-cache
11:24:32.085 [Forwarding clickElement on session a0b5262eee3bf152b9f945336eb2ba0a to remote] DEBUG org.apache.http.impl.execchain.MainClientExec - Connection can be kept alive indefinitely
11:24:32.085 [Forwarding clickElement on session a0b5262eee3bf152b9f945336eb2ba0a to remote] DEBUG org.apache.http.impl.conn.PoolingHttpClientConnectionManager - Connection [id: 29][route: {}->http://localhost:3689] can be kept alive indefinitely
11:24:32.085 [Forwarding clickElement on session a0b5262eee3bf152b9f945336eb2ba0a to remote] DEBUG org.apache.http.impl.conn.PoolingHttpClientConnectionManager - Connection released: [id: 29][route: {}->http://localhost:3689][total kept alive: 30; route allocated: 1 of 2000; total allocated: 30 of 2000]
11:24:32.290 [Forwarding findElement on session a0b5262eee3bf152b9f945336eb2ba0a to remote] DEBUG org.apache.http.client.protocol.RequestAddCookies - CookieSpec selected: default
11:24:32.290 [Forwarding findElement on session a0b5262eee3bf152b9f945336eb2ba0a to remote] DEBUG org.apache.http.client.protocol.RequestAuthCache - Auth cache not set in the context
11:24:32.290 [Forwarding findElement on session a0b5262eee3bf152b9f945336eb2ba0a to remote] DEBUG org.apache.http.impl.conn.PoolingHttpClientConnectionManager - Connection request: [route: {}->http://localhost:3689][total kept alive: 30; route allocated: 1 of 2000; total allocated: 30 of 2000]
11:24:32.290 [Forwarding findElement on session a0b5262eee3bf152b9f945336eb2ba0a to remote] DEBUG org.apache.http.impl.conn.PoolingHttpClientConnectionManager - Connection leased: [id: 29][route: {}->http://localhost:3689][total kept alive: 29; route allocated: 1 of 2000; total allocated: 30 of 2000]
11:24:32.290 [Forwarding findElement on session a0b5262eee3bf152b9f945336eb2ba0a to remote] DEBUG org.apache.http.impl.execchain.MainClientExec - Stale connection check
11:24:32.291 [Forwarding findElement on session a0b5262eee3bf152b9f945336eb2ba0a to remote] DEBUG org.apache.http.wire - http-outgoing-29 << "[read] I/O error: Read timed out"
11:24:32.291 [Forwarding findElement on session a0b5262eee3bf152b9f945336eb2ba0a to remote] DEBUG org.apache.http.impl.conn.DefaultManagedHttpClientConnection - http-outgoing-29: set socket timeout to 10800000
11:24:32.291 [Forwarding findElement on session a0b5262eee3bf152b9f945336eb2ba0a to remote] DEBUG org.apache.http.impl.execchain.MainClientExec - Executing request POST /session/a0b5262eee3bf152b9f945336eb2ba0a/element HTTP/1.1
11:24:32.291 [Forwarding findElement on session a0b5262eee3bf152b9f945336eb2ba0a to remote] DEBUG org.apache.http.impl.execchain.MainClientExec - Target auth state: UNCHALLENGED
11:24:32.291 [Forwarding findElement on session a0b5262eee3bf152b9f945336eb2ba0a to remote] DEBUG org.apache.http.impl.execchain.MainClientExec - Proxy auth state: UNCHALLENGED
11:24:32.291 [Forwarding findElement on session a0b5262eee3bf152b9f945336eb2ba0a to remote] DEBUG org.apache.http.headers - http-outgoing-29 >> POST /session/a0b5262eee3bf152b9f945336eb2ba0a/element HTTP/1.1
11:24:32.291 [Forwarding findElement on session a0b5262eee3bf152b9f945336eb2ba0a to remote] DEBUG org.apache.http.headers - http-outgoing-29 >> Content-Type: application/json; charset=utf-8
11:24:32.291 [Forwarding findElement on session a0b5262eee3bf152b9f945336eb2ba0a to remote] DEBUG org.apache.http.headers - http-outgoing-29 >> Content-Length: 52
11:24:32.291 [Forwarding findElement on session a0b5262eee3bf152b9f945336eb2ba0a to remote] DEBUG org.apache.http.headers - http-outgoing-29 >> Host: localhost:3689
11:24:32.291 [Forwarding findElement on session a0b5262eee3bf152b9f945336eb2ba0a to remote] DEBUG org.apache.http.headers - http-outgoing-29 >> Connection: Keep-Alive
11:24:32.292 [Forwarding findElement on session a0b5262eee3bf152b9f945336eb2ba0a to remote] DEBUG org.apache.http.headers - http-outgoing-29 >> User-Agent: Apache-HttpClient/4.5.3 (Java/1.8.0_211)
11:24:32.292 [Forwarding findElement on session a0b5262eee3bf152b9f945336eb2ba0a to remote] DEBUG org.apache.http.headers - http-outgoing-29 >> Accept-Encoding: gzip,deflate
11:24:32.292 [Forwarding findElement on session a0b5262eee3bf152b9f945336eb2ba0a to remote] DEBUG org.apache.http.wire - http-outgoing-29 >> "POST /session/a0b5262eee3bf152b9f945336eb2ba0a/element HTTP/1.1[\r][\n]"
11:24:32.292 [Forwarding findElement on session a0b5262eee3bf152b9f945336eb2ba0a to remote] DEBUG org.apache.http.wire - http-outgoing-29 >> "Content-Type: application/json; charset=utf-8[\r][\n]"
11:24:32.292 [Forwarding findElement on session a0b5262eee3bf152b9f945336eb2ba0a to remote] DEBUG org.apache.http.wire - http-outgoing-29 >> "Content-Length: 52[\r][\n]"
11:24:32.292 [Forwarding findElement on session a0b5262eee3bf152b9f945336eb2ba0a to remote] DEBUG org.apache.http.wire - http-outgoing-29 >> "Host: localhost:3689[\r][\n]"
11:24:32.292 [Forwarding findElement on session a0b5262eee3bf152b9f945336eb2ba0a to remote] DEBUG org.apache.http.wire - http-outgoing-29 >> "Connection: Keep-Alive[\r][\n]"
11:24:32.292 [Forwarding findElement on session a0b5262eee3bf152b9f945336eb2ba0a to remote] DEBUG org.apache.http.wire - http-outgoing-29 >> "User-Agent: Apache-HttpClient/4.5.3 (Java/1.8.0_211)[\r][\n]"
11:24:32.292 [Forwarding findElement on session a0b5262eee3bf152b9f945336eb2ba0a to remote] DEBUG org.apache.http.wire - http-outgoing-29 >> "Accept-Encoding: gzip,deflate[\r][\n]"
11:24:32.292 [Forwarding findElement on session a0b5262eee3bf152b9f945336eb2ba0a to remote] DEBUG org.apache.http.wire - http-outgoing-29 >> "[\r][\n]"
11:24:32.292 [Forwarding findElement on session a0b5262eee3bf152b9f945336eb2ba0a to remote] DEBUG org.apache.http.wire - http-outgoing-29 >> "{"value":".sweet-alert > h2","using":"css selector"}"
11:24:33.425 [Forwarding findElement on session a0b5262eee3bf152b9f945336eb2ba0a to remote] DEBUG org.apache.http.wire - http-outgoing-29 << "HTTP/1.1 200 OK[\r][\n]"
11:24:33.425 [Forwarding findElement on session a0b5262eee3bf152b9f945336eb2ba0a to remote] DEBUG org.apache.http.wire - http-outgoing-29 << "Content-Length:88[\r][\n]"
11:24:33.425 [Forwarding findElement on session a0b5262eee3bf152b9f945336eb2ba0a to remote] DEBUG org.apache.http.wire - http-outgoing-29 << "Content-Type:application/json; charset=utf-8[\r][\n]"
11:24:33.425 [Forwarding findElement on session a0b5262eee3bf152b9f945336eb2ba0a to remote] DEBUG org.apache.http.wire - http-outgoing-29 << "cache-control:no-cache[\r][\n]"
11:24:33.425 [Forwarding findElement on session a0b5262eee3bf152b9f945336eb2ba0a to remote] DEBUG org.apache.http.wire - http-outgoing-29 << "[\r][\n]"
11:24:33.425 [Forwarding findElement on session a0b5262eee3bf152b9f945336eb2ba0a to remote] DEBUG org.apache.http.wire - http-outgoing-29 << "{"value":{"element-6066-11e4-a52e-4f735466cecf":"8b09cdd3-5b7c-4bbb-bf3e-a0e38411b0b7"}}"
11:24:33.425 [Forwarding findElement on session a0b5262eee3bf152b9f945336eb2ba0a to remote] DEBUG org.apache.http.headers - http-outgoing-29 << HTTP/1.1 200 OK
11:24:33.425 [Forwarding findElement on session a0b5262eee3bf152b9f945336eb2ba0a to remote] DEBUG org.apache.http.headers - http-outgoing-29 << Content-Length:88
11:24:33.425 [Forwarding findElement on session a0b5262eee3bf152b9f945336eb2ba0a to remote] DEBUG org.apache.http.headers - http-outgoing-29 << Content-Type:application/json; charset=utf-8
11:24:33.425 [Forwarding findElement on session a0b5262eee3bf152b9f945336eb2ba0a to remote] DEBUG org.apache.http.headers - http-outgoing-29 << cache-control:no-cache
11:24:33.425 [Forwarding findElement on session a0b5262eee3bf152b9f945336eb2ba0a to remote] DEBUG org.apache.http.impl.execchain.MainClientExec - Connection can be kept alive indefinitely
11:24:33.425 [Forwarding findElement on session a0b5262eee3bf152b9f945336eb2ba0a to remote] DEBUG org.apache.http.impl.conn.PoolingHttpClientConnectionManager - Connection [id: 29][route: {}->http://localhost:3689] can be kept alive indefinitely
11:24:33.425 [Forwarding findElement on session a0b5262eee3bf152b9f945336eb2ba0a to remote] DEBUG org.apache.http.impl.conn.PoolingHttpClientConnectionManager - Connection released: [id: 29][route: {}->http://localhost:3689][total kept alive: 30; route allocated: 1 of 2000; total allocated: 30 of 2000]
11:24:33.426 [Forwarding getElementText on session a0b5262eee3bf152b9f945336eb2ba0a to remote] DEBUG org.apache.http.client.protocol.RequestAddCookies - CookieSpec selected: default
11:24:33.426 [Forwarding getElementText on session a0b5262eee3bf152b9f945336eb2ba0a to remote] DEBUG org.apache.http.client.protocol.RequestAuthCache - Auth cache not set in the context
11:24:33.426 [Forwarding getElementText on session a0b5262eee3bf152b9f945336eb2ba0a to remote] DEBUG org.apache.http.impl.conn.PoolingHttpClientConnectionManager - Connection request: [route: {}->http://localhost:3689][total kept alive: 30; route allocated: 1 of 2000; total allocated: 30 of 2000]
11:24:33.426 [Forwarding getElementText on session a0b5262eee3bf152b9f945336eb2ba0a to remote] DEBUG org.apache.http.impl.conn.PoolingHttpClientConnectionManager - Connection leased: [id: 29][route: {}->http://localhost:3689][total kept alive: 29; route allocated: 1 of 2000; total allocated: 30 of 2000]
11:24:33.426 [Forwarding getElementText on session a0b5262eee3bf152b9f945336eb2ba0a to remote] DEBUG org.apache.http.impl.execchain.MainClientExec - Stale connection check
11:24:33.427 [Forwarding getElementText on session a0b5262eee3bf152b9f945336eb2ba0a to remote] DEBUG org.apache.http.wire - http-outgoing-29 << "[read] I/O error: Read timed out"
11:24:33.427 [Forwarding getElementText on session a0b5262eee3bf152b9f945336eb2ba0a to remote] DEBUG org.apache.http.impl.conn.DefaultManagedHttpClientConnection - http-outgoing-29: set socket timeout to 10800000
11:24:33.427 [Forwarding getElementText on session a0b5262eee3bf152b9f945336eb2ba0a to remote] DEBUG org.apache.http.impl.execchain.MainClientExec - Executing request GET /session/a0b5262eee3bf152b9f945336eb2ba0a/element/8b09cdd3-5b7c-4bbb-bf3e-a0e38411b0b7/text HTTP/1.1
11:24:33.427 [Forwarding getElementText on session a0b5262eee3bf152b9f945336eb2ba0a to remote] DEBUG org.apache.http.impl.execchain.MainClientExec - Target auth state: UNCHALLENGED
11:24:33.427 [Forwarding getElementText on session a0b5262eee3bf152b9f945336eb2ba0a to remote] DEBUG org.apache.http.impl.execchain.MainClientExec - Proxy auth state: UNCHALLENGED
11:24:33.427 [Forwarding getElementText on session a0b5262eee3bf152b9f945336eb2ba0a to remote] DEBUG org.apache.http.headers - http-outgoing-29 >> GET /session/a0b5262eee3bf152b9f945336eb2ba0a/element/8b09cdd3-5b7c-4bbb-bf3e-a0e38411b0b7/text HTTP/1.1
11:24:33.427 [Forwarding getElementText on session a0b5262eee3bf152b9f945336eb2ba0a to remote] DEBUG org.apache.http.headers - http-outgoing-29 >> Cache-Control: no-cache
11:24:33.427 [Forwarding getElementText on session a0b5262eee3bf152b9f945336eb2ba0a to remote] DEBUG org.apache.http.headers - http-outgoing-29 >> Host: localhost:3689
11:24:33.427 [Forwarding getElementText on session a0b5262eee3bf152b9f945336eb2ba0a to remote] DEBUG org.apache.http.headers - http-outgoing-29 >> Connection: Keep-Alive
11:24:33.427 [Forwarding getElementText on session a0b5262eee3bf152b9f945336eb2ba0a to remote] DEBUG org.apache.http.headers - http-outgoing-29 >> User-Agent: Apache-HttpClient/4.5.3 (Java/1.8.0_211)
11:24:33.427 [Forwarding getElementText on session a0b5262eee3bf152b9f945336eb2ba0a to remote] DEBUG org.apache.http.headers - http-outgoing-29 >> Accept-Encoding: gzip,deflate
11:24:33.427 [Forwarding getElementText on session a0b5262eee3bf152b9f945336eb2ba0a to remote] DEBUG org.apache.http.wire - http-outgoing-29 >> "GET /session/a0b5262eee3bf152b9f945336eb2ba0a/element/8b09cdd3-5b7c-4bbb-bf3e-a0e38411b0b7/text HTTP/1.1[\r][\n]"
11:24:33.427 [Forwarding getElementText on session a0b5262eee3bf152b9f945336eb2ba0a to remote] DEBUG org.apache.http.wire - http-outgoing-29 >> "Cache-Control: no-cache[\r][\n]"
11:24:33.427 [Forwarding getElementText on session a0b5262eee3bf152b9f945336eb2ba0a to remote] DEBUG org.apache.http.wire - http-outgoing-29 >> "Host: localhost:3689[\r][\n]"
11:24:33.427 [Forwarding getElementText on session a0b5262eee3bf152b9f945336eb2ba0a to remote] DEBUG org.apache.http.wire - http-outgoing-29 >> "Connection: Keep-Alive[\r][\n]"
11:24:33.427 [Forwarding getElementText on session a0b5262eee3bf152b9f945336eb2ba0a to remote] DEBUG org.apache.http.wire - http-outgoing-29 >> "User-Agent: Apache-HttpClient/4.5.3 (Java/1.8.0_211)[\r][\n]"
11:24:33.427 [Forwarding getElementText on session a0b5262eee3bf152b9f945336eb2ba0a to remote] DEBUG org.apache.http.wire - http-outgoing-29 >> "Accept-Encoding: gzip,deflate[\r][\n]"
11:24:33.427 [Forwarding getElementText on session a0b5262eee3bf152b9f945336eb2ba0a to remote] DEBUG org.apache.http.wire - http-outgoing-29 >> "[\r][\n]"
11:24:33.435 [Forwarding getElementText on session a0b5262eee3bf152b9f945336eb2ba0a to remote] DEBUG org.apache.http.wire - http-outgoing-29 << "HTTP/1.1 200 OK[\r][\n]"
11:24:33.435 [Forwarding getElementText on session a0b5262eee3bf152b9f945336eb2ba0a to remote] DEBUG org.apache.http.wire - http-outgoing-29 << "Content-Length:34[\r][\n]"
11:24:33.435 [Forwarding getElementText on session a0b5262eee3bf152b9f945336eb2ba0a to remote] DEBUG org.apache.http.wire - http-outgoing-29 << "Content-Type:application/json; charset=utf-8[\r][\n]"
11:24:33.435 [Forwarding getElementText on session a0b5262eee3bf152b9f945336eb2ba0a to remote] DEBUG org.apache.http.wire - http-outgoing-29 << "cache-control:no-cache[\r][\n]"
11:24:33.435 [Forwarding getElementText on session a0b5262eee3bf152b9f945336eb2ba0a to remote] DEBUG org.apache.http.wire - http-outgoing-29 << "[\r][\n]"
11:24:33.435 [Forwarding getElementText on session a0b5262eee3bf152b9f945336eb2ba0a to remote] DEBUG org.apache.http.wire - http-outgoing-29 << "{"value":"Successful Transaction"}"
11:24:33.435 [Forwarding getElementText on session a0b5262eee3bf152b9f945336eb2ba0a to remote] DEBUG org.apache.http.headers - http-outgoing-29 << HTTP/1.1 200 OK
11:24:33.435 [Forwarding getElementText on session a0b5262eee3bf152b9f945336eb2ba0a to remote] DEBUG org.apache.http.headers - http-outgoing-29 << Content-Length:34
11:24:33.435 [Forwarding getElementText on session a0b5262eee3bf152b9f945336eb2ba0a to remote] DEBUG org.apache.http.headers - http-outgoing-29 << Content-Type:application/json; charset=utf-8
11:24:33.435 [Forwarding getElementText on session a0b5262eee3bf152b9f945336eb2ba0a to remote] DEBUG org.apache.http.headers - http-outgoing-29 << cache-control:no-cache
11:24:33.435 [Forwarding getElementText on session a0b5262eee3bf152b9f945336eb2ba0a to remote] DEBUG org.apache.http.impl.execchain.MainClientExec - Connection can be kept alive indefinitely
11:24:33.435 [Forwarding getElementText on session a0b5262eee3bf152b9f945336eb2ba0a to remote] DEBUG org.apache.http.impl.conn.PoolingHttpClientConnectionManager - Connection [id: 29][route: {}->http://localhost:3689] can be kept alive indefinitely
11:24:33.435 [Forwarding getElementText on session a0b5262eee3bf152b9f945336eb2ba0a to remote] DEBUG org.apache.http.impl.conn.PoolingHttpClientConnectionManager - Connection released: [id: 29][route: {}->http://localhost:3689][total kept alive: 30; route allocated: 1 of 2000; total allocated: 30 of 2000]
]]></system-out>
  <system-err><![CDATA[Starting ChromeDriver 80.0.3987.106 (f68069574609230cf9b635cd784cfb1bf81bb53a-refs/branch-heads/3987@{#882}) on port 3689
Only local connections are allowed.
Please protect ports used by ChromeDriver and related test frameworks to prevent access by malicious code.
[1585711464.996][WARNING]: FromSockAddr failed on netmask
四月 01, 2020 11:24:25 上午 org.openqa.selenium.remote.ProtocolHandshake createSession
信息: Detected dialect: W3C
[1585711465.667][SEVERE]: Timed out receiving message from renderer: 0.100
[1585711465.767][SEVERE]: Timed out receiving message from renderer: 0.100
[1585711465.952][SEVERE]: Timed out receiving message from renderer: 0.100
[1585711466.053][SEVERE]: Timed out receiving message from renderer: 0.100
[1585711466.154][SEVERE]: Timed out receiving message from renderer: 0.100
[1585711466.255][SEVERE]: Timed out receiving message from renderer: 0.100
[1585711466.357][SEVERE]: Timed out receiving message from renderer: 0.100
[1585711466.458][SEVERE]: Timed out receiving message from renderer: 0.100
[1585711466.724][SEVERE]: Timed out receiving message from renderer: 0.100
[1585711466.825][SEVERE]: Timed out receiving message from renderer: 0.100
[1585711467.022][SEVERE]: Timed out receiving message from renderer: 0.100
[1585711467.134][SEVERE]: Timed out receiving message from renderer: 0.100
[1585711467.236][SEVERE]: Timed out receiving message from renderer: 0.100
[1585711467.337][SEVERE]: Timed out receiving message from renderer: 0.100
[1585711467.439][SEVERE]: Timed out receiving message from renderer: 0.100
[1585711467.541][SEVERE]: Timed out receiving message from renderer: 0.100
[1585711470.174][SEVERE]: Timed out receiving message from renderer: 0.100
[1585711470.278][SEVERE]: Timed out receiving message from renderer: 0.100
]]></system-err>
</testsuite>
