<?xml version="1.0" encoding="UTF-8"?>
<testsuite name="tron.tronscan.tronscanUI.Representatives" tests="1" skipped="0" failures="0" errors="0" timestamp="2020-04-01T03:23:30" hostname="zhukaideiMac.local" time="0.84">
  <properties/>
  <testcase name="testRepresentatives" classname="tron.tronscan.tronscanUI.Representatives" time="0.84"/>
  <system-out><![CDATA[11:23:28.418 [Forwarding newSession on session null to remote] DEBUG org.apache.http.client.protocol.RequestAddCookies - CookieSpec selected: default
11:23:28.418 [Forwarding newSession on session null to remote] DEBUG org.apache.http.client.protocol.RequestAuthCache - Auth cache not set in the context
11:23:28.418 [Forwarding newSession on session null to remote] DEBUG org.apache.http.impl.conn.PoolingHttpClientConnectionManager - Connection request: [route: {}->http://localhost:5375][total kept alive: 23; route allocated: 0 of 2000; total allocated: 23 of 2000]
11:23:28.418 [Forwarding newSession on session null to remote] DEBUG org.apache.http.impl.conn.PoolingHttpClientConnectionManager - Connection leased: [id: 23][route: {}->http://localhost:5375][total kept alive: 23; route allocated: 1 of 2000; total allocated: 24 of 2000]
11:23:28.418 [Forwarding newSession on session null to remote] DEBUG org.apache.http.impl.execchain.MainClientExec - Opening connection {}->http://localhost:5375
11:23:28.418 [Forwarding newSession on session null to remote] DEBUG org.apache.http.impl.conn.DefaultHttpClientConnectionOperator - Connecting to localhost/127.0.0.1:5375
11:23:28.419 [Forwarding newSession on session null to remote] DEBUG org.apache.http.impl.conn.DefaultHttpClientConnectionOperator - Connection established 127.0.0.1:54014<->127.0.0.1:5375
11:23:28.419 [Forwarding newSession on session null to remote] DEBUG org.apache.http.impl.conn.DefaultManagedHttpClientConnection - http-outgoing-23: set socket timeout to 10800000
11:23:28.419 [Forwarding newSession on session null to remote] DEBUG org.apache.http.impl.execchain.MainClientExec - Executing request POST /session HTTP/1.1
11:23:28.419 [Forwarding newSession on session null to remote] DEBUG org.apache.http.impl.execchain.MainClientExec - Target auth state: UNCHALLENGED
11:23:28.419 [Forwarding newSession on session null to remote] DEBUG org.apache.http.impl.execchain.MainClientExec - Proxy auth state: UNCHALLENGED
11:23:28.419 [Forwarding newSession on session null to remote] DEBUG org.apache.http.headers - http-outgoing-23 >> POST /session HTTP/1.1
11:23:28.419 [Forwarding newSession on session null to remote] DEBUG org.apache.http.headers - http-outgoing-23 >> Content-Type: application/json; charset=utf-8
11:23:28.419 [Forwarding newSession on session null to remote] DEBUG org.apache.http.headers - http-outgoing-23 >> Content-Length: 731
11:23:28.419 [Forwarding newSession on session null to remote] DEBUG org.apache.http.headers - http-outgoing-23 >> Host: localhost:5375
11:23:28.419 [Forwarding newSession on session null to remote] DEBUG org.apache.http.headers - http-outgoing-23 >> Connection: Keep-Alive
11:23:28.419 [Forwarding newSession on session null to remote] DEBUG org.apache.http.headers - http-outgoing-23 >> User-Agent: Apache-HttpClient/4.5.3 (Java/1.8.0_211)
11:23:28.419 [Forwarding newSession on session null to remote] DEBUG org.apache.http.headers - http-outgoing-23 >> Accept-Encoding: gzip,deflate
11:23:28.419 [Forwarding newSession on session null to remote] DEBUG org.apache.http.wire - http-outgoing-23 >> "POST /session HTTP/1.1[\r][\n]"
11:23:28.419 [Forwarding newSession on session null to remote] DEBUG org.apache.http.wire - http-outgoing-23 >> "Content-Type: application/json; charset=utf-8[\r][\n]"
11:23:28.419 [Forwarding newSession on session null to remote] DEBUG org.apache.http.wire - http-outgoing-23 >> "Content-Length: 731[\r][\n]"
11:23:28.419 [Forwarding newSession on session null to remote] DEBUG org.apache.http.wire - http-outgoing-23 >> "Host: localhost:5375[\r][\n]"
11:23:28.419 [Forwarding newSession on session null to remote] DEBUG org.apache.http.wire - http-outgoing-23 >> "Connection: Keep-Alive[\r][\n]"
11:23:28.419 [Forwarding newSession on session null to remote] DEBUG org.apache.http.wire - http-outgoing-23 >> "User-Agent: Apache-HttpClient/4.5.3 (Java/1.8.0_211)[\r][\n]"
11:23:28.419 [Forwarding newSession on session null to remote] DEBUG org.apache.http.wire - http-outgoing-23 >> "Accept-Encoding: gzip,deflate[\r][\n]"
11:23:28.419 [Forwarding newSession on session null to remote] DEBUG org.apache.http.wire - http-outgoing-23 >> "[\r][\n]"
11:23:28.419 [Forwarding newSession on session null to remote] DEBUG org.apache.http.wire - http-outgoing-23 >> "{[\n]"
11:23:28.419 [Forwarding newSession on session null to remote] DEBUG org.apache.http.wire - http-outgoing-23 >> "  "desiredCapabilities": {[\n]"
11:23:28.419 [Forwarding newSession on session null to remote] DEBUG org.apache.http.wire - http-outgoing-23 >> "    "browserName": "chrome",[\n]"
11:23:28.419 [Forwarding newSession on session null to remote] DEBUG org.apache.http.wire - http-outgoing-23 >> "    "goog:chromeOptions": {[\n]"
11:23:28.419 [Forwarding newSession on session null to remote] DEBUG org.apache.http.wire - http-outgoing-23 >> "      "args": [[\n]"
11:23:28.419 [Forwarding newSession on session null to remote] DEBUG org.apache.http.wire - http-outgoing-23 >> "        "--headless",[\n]"
11:23:28.419 [Forwarding newSession on session null to remote] DEBUG org.apache.http.wire - http-outgoing-23 >> "        "--disable-gpu"[\n]"
11:23:28.419 [Forwarding newSession on session null to remote] DEBUG org.apache.http.wire - http-outgoing-23 >> "      ],[\n]"
11:23:28.419 [Forwarding newSession on session null to remote] DEBUG org.apache.http.wire - http-outgoing-23 >> "      "extensions": [][\n]"
11:23:28.419 [Forwarding newSession on session null to remote] DEBUG org.apache.http.wire - http-outgoing-23 >> "    }[\n]"
11:23:28.419 [Forwarding newSession on session null to remote] DEBUG org.apache.http.wire - http-outgoing-23 >> "  },[\n]"
11:23:28.419 [Forwarding newSession on session null to remote] DEBUG org.apache.http.wire - http-outgoing-23 >> "  "requiredCapabilities": {},[\n]"
11:23:28.419 [Forwarding newSession on session null to remote] DEBUG org.apache.http.wire - http-outgoing-23 >> "  "capabilities": {[\n]"
11:23:28.419 [Forwarding newSession on session null to remote] DEBUG org.apache.http.wire - http-outgoing-23 >> "    "desiredCapabilities": {[\n]"
11:23:28.419 [Forwarding newSession on session null to remote] DEBUG org.apache.http.wire - http-outgoing-23 >> "      "browserName": "chrome",[\n]"
11:23:28.419 [Forwarding newSession on session null to remote] DEBUG org.apache.http.wire - http-outgoing-23 >> "      "goog:chromeOptions": {[\n]"
11:23:28.419 [Forwarding newSession on session null to remote] DEBUG org.apache.http.wire - http-outgoing-23 >> "        "args": [[\n]"
11:23:28.419 [Forwarding newSession on session null to remote] DEBUG org.apache.http.wire - http-outgoing-23 >> "          "--headless",[\n]"
11:23:28.419 [Forwarding newSession on session null to remote] DEBUG org.apache.http.wire - http-outgoing-23 >> "          "--disable-gpu"[\n]"
11:23:28.419 [Forwarding newSession on session null to remote] DEBUG org.apache.http.wire - http-outgoing-23 >> "        ],[\n]"
11:23:28.419 [Forwarding newSession on session null to remote] DEBUG org.apache.http.wire - http-outgoing-23 >> "        "extensions": [][\n]"
11:23:28.419 [Forwarding newSession on session null to remote] DEBUG org.apache.http.wire - http-outgoing-23 >> "      }[\n]"
11:23:28.419 [Forwarding newSession on session null to remote] DEBUG org.apache.http.wire - http-outgoing-23 >> "    },[\n]"
11:23:28.419 [Forwarding newSession on session null to remote] DEBUG org.apache.http.wire - http-outgoing-23 >> "    "requiredCapabilities": {},[\n]"
11:23:28.419 [Forwarding newSession on session null to remote] DEBUG org.apache.http.wire - http-outgoing-23 >> "    "alwaysMatch": {[\n]"
11:23:28.419 [Forwarding newSession on session null to remote] DEBUG org.apache.http.wire - http-outgoing-23 >> "      "goog:chromeOptions": {[\n]"
11:23:28.419 [Forwarding newSession on session null to remote] DEBUG org.apache.http.wire - http-outgoing-23 >> "        "args": [[\n]"
11:23:28.419 [Forwarding newSession on session null to remote] DEBUG org.apache.http.wire - http-outgoing-23 >> "          "--headless",[\n]"
11:23:28.419 [Forwarding newSession on session null to remote] DEBUG org.apache.http.wire - http-outgoing-23 >> "          "--disable-gpu"[\n]"
11:23:28.419 [Forwarding newSession on session null to remote] DEBUG org.apache.http.wire - http-outgoing-23 >> "        ],[\n]"
11:23:28.419 [Forwarding newSession on session null to remote] DEBUG org.apache.http.wire - http-outgoing-23 >> "        "extensions": [][\n]"
11:23:28.419 [Forwarding newSession on session null to remote] DEBUG org.apache.http.wire - http-outgoing-23 >> "      }[\n]"
11:23:28.419 [Forwarding newSession on session null to remote] DEBUG org.apache.http.wire - http-outgoing-23 >> "    },[\n]"
11:23:28.419 [Forwarding newSession on session null to remote] DEBUG org.apache.http.wire - http-outgoing-23 >> "    "firstMatch": [[\n]"
11:23:28.419 [Forwarding newSession on session null to remote] DEBUG org.apache.http.wire - http-outgoing-23 >> "      {[\n]"
11:23:28.419 [Forwarding newSession on session null to remote] DEBUG org.apache.http.wire - http-outgoing-23 >> "        "browserName": "chrome"[\n]"
11:23:28.419 [Forwarding newSession on session null to remote] DEBUG org.apache.http.wire - http-outgoing-23 >> "      }[\n]"
11:23:28.419 [Forwarding newSession on session null to remote] DEBUG org.apache.http.wire - http-outgoing-23 >> "    ][\n]"
11:23:28.419 [Forwarding newSession on session null to remote] DEBUG org.apache.http.wire - http-outgoing-23 >> "  }[\n]"
11:23:28.419 [Forwarding newSession on session null to remote] DEBUG org.apache.http.wire - http-outgoing-23 >> "}"
11:23:28.580 [Forwarding newSession on session null to remote] DEBUG org.apache.http.wire - http-outgoing-23 << "HTTP/1.1 200 OK[\r][\n]"
11:23:28.580 [Forwarding newSession on session null to remote] DEBUG org.apache.http.wire - http-outgoing-23 << "Content-Length:690[\r][\n]"
11:23:28.580 [Forwarding newSession on session null to remote] DEBUG org.apache.http.wire - http-outgoing-23 << "Content-Type:application/json; charset=utf-8[\r][\n]"
11:23:28.580 [Forwarding newSession on session null to remote] DEBUG org.apache.http.wire - http-outgoing-23 << "cache-control:no-cache[\r][\n]"
11:23:28.580 [Forwarding newSession on session null to remote] DEBUG org.apache.http.wire - http-outgoing-23 << "[\r][\n]"
11:23:28.580 [Forwarding newSession on session null to remote] DEBUG org.apache.http.wire - http-outgoing-23 << "{"value":{"capabilities":{"acceptInsecureCerts":false,"browserName":"chrome","browserVersion":"80.0.3987.162","chrome":{"chromedriverVersion":"80.0.3987.106 (f68069574609230cf9b635cd784cfb1bf81bb53a-refs/branch-heads/3987@{#882})","userDataDir":"/var/folders/fs/0qxrqb5x7zg5dtqrhc9t0clm0000gn/T/.com.google.Chrome.WPKw2s"},"goog:chromeOptions":{"debuggerAddress":"localhost:54015"},"networkConnectionEnabled":false,"pageLoadStrategy":"normal","platformName":"mac os x","proxy":{},"setWindowRect":true,"strictFileInteractability":false,"timeouts":{"implicit":0,"pageLoad":300000,"script":30000},"unhandledPromptBehavior":"dismiss and notify"},"sessionId":"56437344ca032a4c479fcf38d457887e"}}"
11:23:28.580 [Forwarding newSession on session null to remote] DEBUG org.apache.http.headers - http-outgoing-23 << HTTP/1.1 200 OK
11:23:28.580 [Forwarding newSession on session null to remote] DEBUG org.apache.http.headers - http-outgoing-23 << Content-Length:690
11:23:28.580 [Forwarding newSession on session null to remote] DEBUG org.apache.http.headers - http-outgoing-23 << Content-Type:application/json; charset=utf-8
11:23:28.580 [Forwarding newSession on session null to remote] DEBUG org.apache.http.headers - http-outgoing-23 << cache-control:no-cache
11:23:28.580 [Forwarding newSession on session null to remote] DEBUG org.apache.http.impl.execchain.MainClientExec - Connection can be kept alive indefinitely
11:23:28.580 [Forwarding newSession on session null to remote] DEBUG org.apache.http.impl.conn.PoolingHttpClientConnectionManager - Connection [id: 23][route: {}->http://localhost:5375] can be kept alive indefinitely
11:23:28.580 [Forwarding newSession on session null to remote] DEBUG org.apache.http.impl.conn.PoolingHttpClientConnectionManager - Connection released: [id: 23][route: {}->http://localhost:5375][total kept alive: 24; route allocated: 1 of 2000; total allocated: 24 of 2000]
11:23:28.582 [Forwarding get on session 56437344ca032a4c479fcf38d457887e to remote] DEBUG org.apache.http.client.protocol.RequestAddCookies - CookieSpec selected: default
11:23:28.582 [Forwarding get on session 56437344ca032a4c479fcf38d457887e to remote] DEBUG org.apache.http.client.protocol.RequestAuthCache - Auth cache not set in the context
11:23:28.582 [Forwarding get on session 56437344ca032a4c479fcf38d457887e to remote] DEBUG org.apache.http.impl.conn.PoolingHttpClientConnectionManager - Connection request: [route: {}->http://localhost:5375][total kept alive: 24; route allocated: 1 of 2000; total allocated: 24 of 2000]
11:23:28.582 [Forwarding get on session 56437344ca032a4c479fcf38d457887e to remote] DEBUG org.apache.http.impl.conn.PoolingHttpClientConnectionManager - Connection leased: [id: 23][route: {}->http://localhost:5375][total kept alive: 23; route allocated: 1 of 2000; total allocated: 24 of 2000]
11:23:28.582 [Forwarding get on session 56437344ca032a4c479fcf38d457887e to remote] DEBUG org.apache.http.impl.execchain.MainClientExec - Stale connection check
11:23:28.583 [Forwarding get on session 56437344ca032a4c479fcf38d457887e to remote] DEBUG org.apache.http.wire - http-outgoing-23 << "[read] I/O error: Read timed out"
11:23:28.583 [Forwarding get on session 56437344ca032a4c479fcf38d457887e to remote] DEBUG org.apache.http.impl.conn.DefaultManagedHttpClientConnection - http-outgoing-23: set socket timeout to 10800000
11:23:28.583 [Forwarding get on session 56437344ca032a4c479fcf38d457887e to remote] DEBUG org.apache.http.impl.execchain.MainClientExec - Executing request POST /session/56437344ca032a4c479fcf38d457887e/url HTTP/1.1
11:23:28.583 [Forwarding get on session 56437344ca032a4c479fcf38d457887e to remote] DEBUG org.apache.http.impl.execchain.MainClientExec - Target auth state: UNCHALLENGED
11:23:28.583 [Forwarding get on session 56437344ca032a4c479fcf38d457887e to remote] DEBUG org.apache.http.impl.execchain.MainClientExec - Proxy auth state: UNCHALLENGED
11:23:28.583 [Forwarding get on session 56437344ca032a4c479fcf38d457887e to remote] DEBUG org.apache.http.headers - http-outgoing-23 >> POST /session/56437344ca032a4c479fcf38d457887e/url HTTP/1.1
11:23:28.583 [Forwarding get on session 56437344ca032a4c479fcf38d457887e to remote] DEBUG org.apache.http.headers - http-outgoing-23 >> Content-Type: application/json; charset=utf-8
11:23:28.583 [Forwarding get on session 56437344ca032a4c479fcf38d457887e to remote] DEBUG org.apache.http.headers - http-outgoing-23 >> Content-Length: 51
11:23:28.583 [Forwarding get on session 56437344ca032a4c479fcf38d457887e to remote] DEBUG org.apache.http.headers - http-outgoing-23 >> Host: localhost:5375
11:23:28.583 [Forwarding get on session 56437344ca032a4c479fcf38d457887e to remote] DEBUG org.apache.http.headers - http-outgoing-23 >> Connection: Keep-Alive
11:23:28.583 [Forwarding get on session 56437344ca032a4c479fcf38d457887e to remote] DEBUG org.apache.http.headers - http-outgoing-23 >> User-Agent: Apache-HttpClient/4.5.3 (Java/1.8.0_211)
11:23:28.583 [Forwarding get on session 56437344ca032a4c479fcf38d457887e to remote] DEBUG org.apache.http.headers - http-outgoing-23 >> Accept-Encoding: gzip,deflate
11:23:28.583 [Forwarding get on session 56437344ca032a4c479fcf38d457887e to remote] DEBUG org.apache.http.wire - http-outgoing-23 >> "POST /session/56437344ca032a4c479fcf38d457887e/url HTTP/1.1[\r][\n]"
11:23:28.583 [Forwarding get on session 56437344ca032a4c479fcf38d457887e to remote] DEBUG org.apache.http.wire - http-outgoing-23 >> "Content-Type: application/json; charset=utf-8[\r][\n]"
11:23:28.583 [Forwarding get on session 56437344ca032a4c479fcf38d457887e to remote] DEBUG org.apache.http.wire - http-outgoing-23 >> "Content-Length: 51[\r][\n]"
11:23:28.583 [Forwarding get on session 56437344ca032a4c479fcf38d457887e to remote] DEBUG org.apache.http.wire - http-outgoing-23 >> "Host: localhost:5375[\r][\n]"
11:23:28.583 [Forwarding get on session 56437344ca032a4c479fcf38d457887e to remote] DEBUG org.apache.http.wire - http-outgoing-23 >> "Connection: Keep-Alive[\r][\n]"
11:23:28.583 [Forwarding get on session 56437344ca032a4c479fcf38d457887e to remote] DEBUG org.apache.http.wire - http-outgoing-23 >> "User-Agent: Apache-HttpClient/4.5.3 (Java/1.8.0_211)[\r][\n]"
11:23:28.583 [Forwarding get on session 56437344ca032a4c479fcf38d457887e to remote] DEBUG org.apache.http.wire - http-outgoing-23 >> "Accept-Encoding: gzip,deflate[\r][\n]"
11:23:28.583 [Forwarding get on session 56437344ca032a4c479fcf38d457887e to remote] DEBUG org.apache.http.wire - http-outgoing-23 >> "[\r][\n]"
11:23:28.583 [Forwarding get on session 56437344ca032a4c479fcf38d457887e to remote] DEBUG org.apache.http.wire - http-outgoing-23 >> "{"url":"https://tronscan.org/#/sr/representatives"}"
11:23:30.981 [Forwarding get on session 56437344ca032a4c479fcf38d457887e to remote] DEBUG org.apache.http.wire - http-outgoing-23 << "HTTP/1.1 200 OK[\r][\n]"
11:23:30.981 [Forwarding get on session 56437344ca032a4c479fcf38d457887e to remote] DEBUG org.apache.http.wire - http-outgoing-23 << "Content-Length:14[\r][\n]"
11:23:30.981 [Forwarding get on session 56437344ca032a4c479fcf38d457887e to remote] DEBUG org.apache.http.wire - http-outgoing-23 << "Content-Type:application/json; charset=utf-8[\r][\n]"
11:23:30.981 [Forwarding get on session 56437344ca032a4c479fcf38d457887e to remote] DEBUG org.apache.http.wire - http-outgoing-23 << "cache-control:no-cache[\r][\n]"
11:23:30.981 [Forwarding get on session 56437344ca032a4c479fcf38d457887e to remote] DEBUG org.apache.http.wire - http-outgoing-23 << "[\r][\n]"
11:23:30.981 [Forwarding get on session 56437344ca032a4c479fcf38d457887e to remote] DEBUG org.apache.http.wire - http-outgoing-23 << "{"value":null}"
11:23:30.981 [Forwarding get on session 56437344ca032a4c479fcf38d457887e to remote] DEBUG org.apache.http.headers - http-outgoing-23 << HTTP/1.1 200 OK
11:23:30.981 [Forwarding get on session 56437344ca032a4c479fcf38d457887e to remote] DEBUG org.apache.http.headers - http-outgoing-23 << Content-Length:14
11:23:30.981 [Forwarding get on session 56437344ca032a4c479fcf38d457887e to remote] DEBUG org.apache.http.headers - http-outgoing-23 << Content-Type:application/json; charset=utf-8
11:23:30.981 [Forwarding get on session 56437344ca032a4c479fcf38d457887e to remote] DEBUG org.apache.http.headers - http-outgoing-23 << cache-control:no-cache
11:23:30.981 [Forwarding get on session 56437344ca032a4c479fcf38d457887e to remote] DEBUG org.apache.http.impl.execchain.MainClientExec - Connection can be kept alive indefinitely
11:23:30.981 [Forwarding get on session 56437344ca032a4c479fcf38d457887e to remote] DEBUG org.apache.http.impl.conn.PoolingHttpClientConnectionManager - Connection [id: 23][route: {}->http://localhost:5375] can be kept alive indefinitely
11:23:30.981 [Forwarding get on session 56437344ca032a4c479fcf38d457887e to remote] DEBUG org.apache.http.impl.conn.PoolingHttpClientConnectionManager - Connection released: [id: 23][route: {}->http://localhost:5375][total kept alive: 24; route allocated: 1 of 2000; total allocated: 24 of 2000]
成功打开谷歌浏览器！
11:23:30.981 [Forwarding setTimeout on session 56437344ca032a4c479fcf38d457887e to remote] DEBUG org.apache.http.client.protocol.RequestAddCookies - CookieSpec selected: default
11:23:30.981 [Forwarding setTimeout on session 56437344ca032a4c479fcf38d457887e to remote] DEBUG org.apache.http.client.protocol.RequestAuthCache - Auth cache not set in the context
11:23:30.981 [Forwarding setTimeout on session 56437344ca032a4c479fcf38d457887e to remote] DEBUG org.apache.http.impl.conn.PoolingHttpClientConnectionManager - Connection request: [route: {}->http://localhost:5375][total kept alive: 24; route allocated: 1 of 2000; total allocated: 24 of 2000]
11:23:30.981 [Forwarding setTimeout on session 56437344ca032a4c479fcf38d457887e to remote] DEBUG org.apache.http.impl.conn.PoolingHttpClientConnectionManager - Connection leased: [id: 23][route: {}->http://localhost:5375][total kept alive: 23; route allocated: 1 of 2000; total allocated: 24 of 2000]
11:23:30.981 [Forwarding setTimeout on session 56437344ca032a4c479fcf38d457887e to remote] DEBUG org.apache.http.impl.execchain.MainClientExec - Stale connection check
11:23:30.982 [Forwarding setTimeout on session 56437344ca032a4c479fcf38d457887e to remote] DEBUG org.apache.http.wire - http-outgoing-23 << "[read] I/O error: Read timed out"
11:23:30.982 [Forwarding setTimeout on session 56437344ca032a4c479fcf38d457887e to remote] DEBUG org.apache.http.impl.conn.DefaultManagedHttpClientConnection - http-outgoing-23: set socket timeout to 10800000
11:23:30.982 [Forwarding setTimeout on session 56437344ca032a4c479fcf38d457887e to remote] DEBUG org.apache.http.impl.execchain.MainClientExec - Executing request POST /session/56437344ca032a4c479fcf38d457887e/timeouts HTTP/1.1
11:23:30.982 [Forwarding setTimeout on session 56437344ca032a4c479fcf38d457887e to remote] DEBUG org.apache.http.impl.execchain.MainClientExec - Target auth state: UNCHALLENGED
11:23:30.982 [Forwarding setTimeout on session 56437344ca032a4c479fcf38d457887e to remote] DEBUG org.apache.http.impl.execchain.MainClientExec - Proxy auth state: UNCHALLENGED
11:23:30.982 [Forwarding setTimeout on session 56437344ca032a4c479fcf38d457887e to remote] DEBUG org.apache.http.headers - http-outgoing-23 >> POST /session/56437344ca032a4c479fcf38d457887e/timeouts HTTP/1.1
11:23:30.982 [Forwarding setTimeout on session 56437344ca032a4c479fcf38d457887e to remote] DEBUG org.apache.http.headers - http-outgoing-23 >> Content-Type: application/json; charset=utf-8
11:23:30.982 [Forwarding setTimeout on session 56437344ca032a4c479fcf38d457887e to remote] DEBUG org.apache.http.headers - http-outgoing-23 >> Content-Length: 18
11:23:30.982 [Forwarding setTimeout on session 56437344ca032a4c479fcf38d457887e to remote] DEBUG org.apache.http.headers - http-outgoing-23 >> Host: localhost:5375
11:23:30.982 [Forwarding setTimeout on session 56437344ca032a4c479fcf38d457887e to remote] DEBUG org.apache.http.headers - http-outgoing-23 >> Connection: Keep-Alive
11:23:30.982 [Forwarding setTimeout on session 56437344ca032a4c479fcf38d457887e to remote] DEBUG org.apache.http.headers - http-outgoing-23 >> User-Agent: Apache-HttpClient/4.5.3 (Java/1.8.0_211)
11:23:30.982 [Forwarding setTimeout on session 56437344ca032a4c479fcf38d457887e to remote] DEBUG org.apache.http.headers - http-outgoing-23 >> Accept-Encoding: gzip,deflate
11:23:30.982 [Forwarding setTimeout on session 56437344ca032a4c479fcf38d457887e to remote] DEBUG org.apache.http.wire - http-outgoing-23 >> "POST /session/56437344ca032a4c479fcf38d457887e/timeouts HTTP/1.1[\r][\n]"
11:23:30.982 [Forwarding setTimeout on session 56437344ca032a4c479fcf38d457887e to remote] DEBUG org.apache.http.wire - http-outgoing-23 >> "Content-Type: application/json; charset=utf-8[\r][\n]"
11:23:30.982 [Forwarding setTimeout on session 56437344ca032a4c479fcf38d457887e to remote] DEBUG org.apache.http.wire - http-outgoing-23 >> "Content-Length: 18[\r][\n]"
11:23:30.982 [Forwarding setTimeout on session 56437344ca032a4c479fcf38d457887e to remote] DEBUG org.apache.http.wire - http-outgoing-23 >> "Host: localhost:5375[\r][\n]"
11:23:30.982 [Forwarding setTimeout on session 56437344ca032a4c479fcf38d457887e to remote] DEBUG org.apache.http.wire - http-outgoing-23 >> "Connection: Keep-Alive[\r][\n]"
11:23:30.982 [Forwarding setTimeout on session 56437344ca032a4c479fcf38d457887e to remote] DEBUG org.apache.http.wire - http-outgoing-23 >> "User-Agent: Apache-HttpClient/4.5.3 (Java/1.8.0_211)[\r][\n]"
11:23:30.982 [Forwarding setTimeout on session 56437344ca032a4c479fcf38d457887e to remote] DEBUG org.apache.http.wire - http-outgoing-23 >> "Accept-Encoding: gzip,deflate[\r][\n]"
11:23:30.982 [Forwarding setTimeout on session 56437344ca032a4c479fcf38d457887e to remote] DEBUG org.apache.http.wire - http-outgoing-23 >> "[\r][\n]"
11:23:30.982 [Forwarding setTimeout on session 56437344ca032a4c479fcf38d457887e to remote] DEBUG org.apache.http.wire - http-outgoing-23 >> "{"implicit":10000}"
11:23:30.983 [Forwarding setTimeout on session 56437344ca032a4c479fcf38d457887e to remote] DEBUG org.apache.http.wire - http-outgoing-23 << "HTTP/1.1 200 OK[\r][\n]"
11:23:30.983 [Forwarding setTimeout on session 56437344ca032a4c479fcf38d457887e to remote] DEBUG org.apache.http.wire - http-outgoing-23 << "Content-Length:14[\r][\n]"
11:23:30.983 [Forwarding setTimeout on session 56437344ca032a4c479fcf38d457887e to remote] DEBUG org.apache.http.wire - http-outgoing-23 << "Content-Type:application/json; charset=utf-8[\r][\n]"
11:23:30.983 [Forwarding setTimeout on session 56437344ca032a4c479fcf38d457887e to remote] DEBUG org.apache.http.wire - http-outgoing-23 << "cache-control:no-cache[\r][\n]"
11:23:30.983 [Forwarding setTimeout on session 56437344ca032a4c479fcf38d457887e to remote] DEBUG org.apache.http.wire - http-outgoing-23 << "[\r][\n]"
11:23:30.983 [Forwarding setTimeout on session 56437344ca032a4c479fcf38d457887e to remote] DEBUG org.apache.http.wire - http-outgoing-23 << "{"value":null}"
11:23:30.983 [Forwarding setTimeout on session 56437344ca032a4c479fcf38d457887e to remote] DEBUG org.apache.http.headers - http-outgoing-23 << HTTP/1.1 200 OK
11:23:30.983 [Forwarding setTimeout on session 56437344ca032a4c479fcf38d457887e to remote] DEBUG org.apache.http.headers - http-outgoing-23 << Content-Length:14
11:23:30.983 [Forwarding setTimeout on session 56437344ca032a4c479fcf38d457887e to remote] DEBUG org.apache.http.headers - http-outgoing-23 << Content-Type:application/json; charset=utf-8
11:23:30.983 [Forwarding setTimeout on session 56437344ca032a4c479fcf38d457887e to remote] DEBUG org.apache.http.headers - http-outgoing-23 << cache-control:no-cache
11:23:30.983 [Forwarding setTimeout on session 56437344ca032a4c479fcf38d457887e to remote] DEBUG org.apache.http.impl.execchain.MainClientExec - Connection can be kept alive indefinitely
11:23:30.983 [Forwarding setTimeout on session 56437344ca032a4c479fcf38d457887e to remote] DEBUG org.apache.http.impl.conn.PoolingHttpClientConnectionManager - Connection [id: 23][route: {}->http://localhost:5375] can be kept alive indefinitely
11:23:30.983 [Forwarding setTimeout on session 56437344ca032a4c479fcf38d457887e to remote] DEBUG org.apache.http.impl.conn.PoolingHttpClientConnectionManager - Connection released: [id: 23][route: {}->http://localhost:5375][total kept alive: 24; route allocated: 1 of 2000; total allocated: 24 of 2000]
11:23:30.983 [Forwarding findElement on session 56437344ca032a4c479fcf38d457887e to remote] DEBUG org.apache.http.client.protocol.RequestAddCookies - CookieSpec selected: default
11:23:30.983 [Forwarding findElement on session 56437344ca032a4c479fcf38d457887e to remote] DEBUG org.apache.http.client.protocol.RequestAuthCache - Auth cache not set in the context
11:23:30.983 [Forwarding findElement on session 56437344ca032a4c479fcf38d457887e to remote] DEBUG org.apache.http.impl.conn.PoolingHttpClientConnectionManager - Connection request: [route: {}->http://localhost:5375][total kept alive: 24; route allocated: 1 of 2000; total allocated: 24 of 2000]
11:23:30.983 [Forwarding findElement on session 56437344ca032a4c479fcf38d457887e to remote] DEBUG org.apache.http.impl.conn.PoolingHttpClientConnectionManager - Connection leased: [id: 23][route: {}->http://localhost:5375][total kept alive: 23; route allocated: 1 of 2000; total allocated: 24 of 2000]
11:23:30.983 [Forwarding findElement on session 56437344ca032a4c479fcf38d457887e to remote] DEBUG org.apache.http.impl.execchain.MainClientExec - Stale connection check
11:23:30.984 [Forwarding findElement on session 56437344ca032a4c479fcf38d457887e to remote] DEBUG org.apache.http.wire - http-outgoing-23 << "[read] I/O error: Read timed out"
11:23:30.984 [Forwarding findElement on session 56437344ca032a4c479fcf38d457887e to remote] DEBUG org.apache.http.impl.conn.DefaultManagedHttpClientConnection - http-outgoing-23: set socket timeout to 10800000
11:23:30.984 [Forwarding findElement on session 56437344ca032a4c479fcf38d457887e to remote] DEBUG org.apache.http.impl.execchain.MainClientExec - Executing request POST /session/56437344ca032a4c479fcf38d457887e/element HTTP/1.1
11:23:30.984 [Forwarding findElement on session 56437344ca032a4c479fcf38d457887e to remote] DEBUG org.apache.http.impl.execchain.MainClientExec - Target auth state: UNCHALLENGED
11:23:30.984 [Forwarding findElement on session 56437344ca032a4c479fcf38d457887e to remote] DEBUG org.apache.http.impl.execchain.MainClientExec - Proxy auth state: UNCHALLENGED
11:23:30.984 [Forwarding findElement on session 56437344ca032a4c479fcf38d457887e to remote] DEBUG org.apache.http.headers - http-outgoing-23 >> POST /session/56437344ca032a4c479fcf38d457887e/element HTTP/1.1
11:23:30.984 [Forwarding findElement on session 56437344ca032a4c479fcf38d457887e to remote] DEBUG org.apache.http.headers - http-outgoing-23 >> Content-Type: application/json; charset=utf-8
11:23:30.984 [Forwarding findElement on session 56437344ca032a4c479fcf38d457887e to remote] DEBUG org.apache.http.headers - http-outgoing-23 >> Content-Length: 55
11:23:30.984 [Forwarding findElement on session 56437344ca032a4c479fcf38d457887e to remote] DEBUG org.apache.http.headers - http-outgoing-23 >> Host: localhost:5375
11:23:30.984 [Forwarding findElement on session 56437344ca032a4c479fcf38d457887e to remote] DEBUG org.apache.http.headers - http-outgoing-23 >> Connection: Keep-Alive
11:23:30.984 [Forwarding findElement on session 56437344ca032a4c479fcf38d457887e to remote] DEBUG org.apache.http.headers - http-outgoing-23 >> User-Agent: Apache-HttpClient/4.5.3 (Java/1.8.0_211)
11:23:30.984 [Forwarding findElement on session 56437344ca032a4c479fcf38d457887e to remote] DEBUG org.apache.http.headers - http-outgoing-23 >> Accept-Encoding: gzip,deflate
11:23:30.984 [Forwarding findElement on session 56437344ca032a4c479fcf38d457887e to remote] DEBUG org.apache.http.wire - http-outgoing-23 >> "POST /session/56437344ca032a4c479fcf38d457887e/element HTTP/1.1[\r][\n]"
11:23:30.984 [Forwarding findElement on session 56437344ca032a4c479fcf38d457887e to remote] DEBUG org.apache.http.wire - http-outgoing-23 >> "Content-Type: application/json; charset=utf-8[\r][\n]"
11:23:30.984 [Forwarding findElement on session 56437344ca032a4c479fcf38d457887e to remote] DEBUG org.apache.http.wire - http-outgoing-23 >> "Content-Length: 55[\r][\n]"
11:23:30.984 [Forwarding findElement on session 56437344ca032a4c479fcf38d457887e to remote] DEBUG org.apache.http.wire - http-outgoing-23 >> "Host: localhost:5375[\r][\n]"
11:23:30.984 [Forwarding findElement on session 56437344ca032a4c479fcf38d457887e to remote] DEBUG org.apache.http.wire - http-outgoing-23 >> "Connection: Keep-Alive[\r][\n]"
11:23:30.984 [Forwarding findElement on session 56437344ca032a4c479fcf38d457887e to remote] DEBUG org.apache.http.wire - http-outgoing-23 >> "User-Agent: Apache-HttpClient/4.5.3 (Java/1.8.0_211)[\r][\n]"
11:23:30.984 [Forwarding findElement on session 56437344ca032a4c479fcf38d457887e to remote] DEBUG org.apache.http.wire - http-outgoing-23 >> "Accept-Encoding: gzip,deflate[\r][\n]"
11:23:30.984 [Forwarding findElement on session 56437344ca032a4c479fcf38d457887e to remote] DEBUG org.apache.http.wire - http-outgoing-23 >> "[\r][\n]"
11:23:30.984 [Forwarding findElement on session 56437344ca032a4c479fcf38d457887e to remote] DEBUG org.apache.http.wire - http-outgoing-23 >> "{"value":".text-primary > span","using":"css selector"}"
11:23:31.706 [Forwarding findElement on session 56437344ca032a4c479fcf38d457887e to remote] DEBUG org.apache.http.wire - http-outgoing-23 << "HTTP/1.1 200 OK[\r][\n]"
11:23:31.706 [Forwarding findElement on session 56437344ca032a4c479fcf38d457887e to remote] DEBUG org.apache.http.wire - http-outgoing-23 << "Content-Length:88[\r][\n]"
11:23:31.706 [Forwarding findElement on session 56437344ca032a4c479fcf38d457887e to remote] DEBUG org.apache.http.wire - http-outgoing-23 << "Content-Type:application/json; charset=utf-8[\r][\n]"
11:23:31.706 [Forwarding findElement on session 56437344ca032a4c479fcf38d457887e to remote] DEBUG org.apache.http.wire - http-outgoing-23 << "cache-control:no-cache[\r][\n]"
11:23:31.706 [Forwarding findElement on session 56437344ca032a4c479fcf38d457887e to remote] DEBUG org.apache.http.wire - http-outgoing-23 << "[\r][\n]"
11:23:31.706 [Forwarding findElement on session 56437344ca032a4c479fcf38d457887e to remote] DEBUG org.apache.http.wire - http-outgoing-23 << "{"value":{"element-6066-11e4-a52e-4f735466cecf":"a1ae364d-8e31-4975-a88a-e987c5b5a523"}}"
11:23:31.706 [Forwarding findElement on session 56437344ca032a4c479fcf38d457887e to remote] DEBUG org.apache.http.headers - http-outgoing-23 << HTTP/1.1 200 OK
11:23:31.706 [Forwarding findElement on session 56437344ca032a4c479fcf38d457887e to remote] DEBUG org.apache.http.headers - http-outgoing-23 << Content-Length:88
11:23:31.706 [Forwarding findElement on session 56437344ca032a4c479fcf38d457887e to remote] DEBUG org.apache.http.headers - http-outgoing-23 << Content-Type:application/json; charset=utf-8
11:23:31.706 [Forwarding findElement on session 56437344ca032a4c479fcf38d457887e to remote] DEBUG org.apache.http.headers - http-outgoing-23 << cache-control:no-cache
11:23:31.706 [Forwarding findElement on session 56437344ca032a4c479fcf38d457887e to remote] DEBUG org.apache.http.impl.execchain.MainClientExec - Connection can be kept alive indefinitely
11:23:31.706 [Forwarding findElement on session 56437344ca032a4c479fcf38d457887e to remote] DEBUG org.apache.http.impl.conn.PoolingHttpClientConnectionManager - Connection [id: 23][route: {}->http://localhost:5375] can be kept alive indefinitely
11:23:31.706 [Forwarding findElement on session 56437344ca032a4c479fcf38d457887e to remote] DEBUG org.apache.http.impl.conn.PoolingHttpClientConnectionManager - Connection released: [id: 23][route: {}->http://localhost:5375][total kept alive: 24; route allocated: 1 of 2000; total allocated: 24 of 2000]
11:23:31.706 [Forwarding getElementText on session 56437344ca032a4c479fcf38d457887e to remote] DEBUG org.apache.http.client.protocol.RequestAddCookies - CookieSpec selected: default
11:23:31.706 [Forwarding getElementText on session 56437344ca032a4c479fcf38d457887e to remote] DEBUG org.apache.http.client.protocol.RequestAuthCache - Auth cache not set in the context
11:23:31.706 [Forwarding getElementText on session 56437344ca032a4c479fcf38d457887e to remote] DEBUG org.apache.http.impl.conn.PoolingHttpClientConnectionManager - Connection request: [route: {}->http://localhost:5375][total kept alive: 24; route allocated: 1 of 2000; total allocated: 24 of 2000]
11:23:31.706 [Forwarding getElementText on session 56437344ca032a4c479fcf38d457887e to remote] DEBUG org.apache.http.impl.conn.PoolingHttpClientConnectionManager - Connection leased: [id: 23][route: {}->http://localhost:5375][total kept alive: 23; route allocated: 1 of 2000; total allocated: 24 of 2000]
11:23:31.706 [Forwarding getElementText on session 56437344ca032a4c479fcf38d457887e to remote] DEBUG org.apache.http.impl.execchain.MainClientExec - Stale connection check
11:23:31.707 [Forwarding getElementText on session 56437344ca032a4c479fcf38d457887e to remote] DEBUG org.apache.http.wire - http-outgoing-23 << "[read] I/O error: Read timed out"
11:23:31.707 [Forwarding getElementText on session 56437344ca032a4c479fcf38d457887e to remote] DEBUG org.apache.http.impl.conn.DefaultManagedHttpClientConnection - http-outgoing-23: set socket timeout to 10800000
11:23:31.707 [Forwarding getElementText on session 56437344ca032a4c479fcf38d457887e to remote] DEBUG org.apache.http.impl.execchain.MainClientExec - Executing request GET /session/56437344ca032a4c479fcf38d457887e/element/a1ae364d-8e31-4975-a88a-e987c5b5a523/text HTTP/1.1
11:23:31.708 [Forwarding getElementText on session 56437344ca032a4c479fcf38d457887e to remote] DEBUG org.apache.http.impl.execchain.MainClientExec - Target auth state: UNCHALLENGED
11:23:31.708 [Forwarding getElementText on session 56437344ca032a4c479fcf38d457887e to remote] DEBUG org.apache.http.impl.execchain.MainClientExec - Proxy auth state: UNCHALLENGED
11:23:31.708 [Forwarding getElementText on session 56437344ca032a4c479fcf38d457887e to remote] DEBUG org.apache.http.headers - http-outgoing-23 >> GET /session/56437344ca032a4c479fcf38d457887e/element/a1ae364d-8e31-4975-a88a-e987c5b5a523/text HTTP/1.1
11:23:31.708 [Forwarding getElementText on session 56437344ca032a4c479fcf38d457887e to remote] DEBUG org.apache.http.headers - http-outgoing-23 >> Cache-Control: no-cache
11:23:31.708 [Forwarding getElementText on session 56437344ca032a4c479fcf38d457887e to remote] DEBUG org.apache.http.headers - http-outgoing-23 >> Host: localhost:5375
11:23:31.708 [Forwarding getElementText on session 56437344ca032a4c479fcf38d457887e to remote] DEBUG org.apache.http.headers - http-outgoing-23 >> Connection: Keep-Alive
11:23:31.708 [Forwarding getElementText on session 56437344ca032a4c479fcf38d457887e to remote] DEBUG org.apache.http.headers - http-outgoing-23 >> User-Agent: Apache-HttpClient/4.5.3 (Java/1.8.0_211)
11:23:31.708 [Forwarding getElementText on session 56437344ca032a4c479fcf38d457887e to remote] DEBUG org.apache.http.headers - http-outgoing-23 >> Accept-Encoding: gzip,deflate
11:23:31.708 [Forwarding getElementText on session 56437344ca032a4c479fcf38d457887e to remote] DEBUG org.apache.http.wire - http-outgoing-23 >> "GET /session/56437344ca032a4c479fcf38d457887e/element/a1ae364d-8e31-4975-a88a-e987c5b5a523/text HTTP/1.1[\r][\n]"
11:23:31.708 [Forwarding getElementText on session 56437344ca032a4c479fcf38d457887e to remote] DEBUG org.apache.http.wire - http-outgoing-23 >> "Cache-Control: no-cache[\r][\n]"
11:23:31.708 [Forwarding getElementText on session 56437344ca032a4c479fcf38d457887e to remote] DEBUG org.apache.http.wire - http-outgoing-23 >> "Host: localhost:5375[\r][\n]"
11:23:31.708 [Forwarding getElementText on session 56437344ca032a4c479fcf38d457887e to remote] DEBUG org.apache.http.wire - http-outgoing-23 >> "Connection: Keep-Alive[\r][\n]"
11:23:31.708 [Forwarding getElementText on session 56437344ca032a4c479fcf38d457887e to remote] DEBUG org.apache.http.wire - http-outgoing-23 >> "User-Agent: Apache-HttpClient/4.5.3 (Java/1.8.0_211)[\r][\n]"
11:23:31.708 [Forwarding getElementText on session 56437344ca032a4c479fcf38d457887e to remote] DEBUG org.apache.http.wire - http-outgoing-23 >> "Accept-Encoding: gzip,deflate[\r][\n]"
11:23:31.708 [Forwarding getElementText on session 56437344ca032a4c479fcf38d457887e to remote] DEBUG org.apache.http.wire - http-outgoing-23 >> "[\r][\n]"
11:23:31.779 [Forwarding getElementText on session 56437344ca032a4c479fcf38d457887e to remote] DEBUG org.apache.http.wire - http-outgoing-23 << "HTTP/1.1 200 OK[\r][\n]"
11:23:31.779 [Forwarding getElementText on session 56437344ca032a4c479fcf38d457887e to remote] DEBUG org.apache.http.wire - http-outgoing-23 << "Content-Length:15[\r][\n]"
11:23:31.779 [Forwarding getElementText on session 56437344ca032a4c479fcf38d457887e to remote] DEBUG org.apache.http.wire - http-outgoing-23 << "Content-Type:application/json; charset=utf-8[\r][\n]"
11:23:31.779 [Forwarding getElementText on session 56437344ca032a4c479fcf38d457887e to remote] DEBUG org.apache.http.wire - http-outgoing-23 << "cache-control:no-cache[\r][\n]"
11:23:31.779 [Forwarding getElementText on session 56437344ca032a4c479fcf38d457887e to remote] DEBUG org.apache.http.wire - http-outgoing-23 << "[\r][\n]"
11:23:31.779 [Forwarding getElementText on session 56437344ca032a4c479fcf38d457887e to remote] DEBUG org.apache.http.wire - http-outgoing-23 << "{"value":"244"}"
11:23:31.779 [Forwarding getElementText on session 56437344ca032a4c479fcf38d457887e to remote] DEBUG org.apache.http.headers - http-outgoing-23 << HTTP/1.1 200 OK
11:23:31.779 [Forwarding getElementText on session 56437344ca032a4c479fcf38d457887e to remote] DEBUG org.apache.http.headers - http-outgoing-23 << Content-Length:15
11:23:31.779 [Forwarding getElementText on session 56437344ca032a4c479fcf38d457887e to remote] DEBUG org.apache.http.headers - http-outgoing-23 << Content-Type:application/json; charset=utf-8
11:23:31.779 [Forwarding getElementText on session 56437344ca032a4c479fcf38d457887e to remote] DEBUG org.apache.http.headers - http-outgoing-23 << cache-control:no-cache
11:23:31.779 [Forwarding getElementText on session 56437344ca032a4c479fcf38d457887e to remote] DEBUG org.apache.http.impl.execchain.MainClientExec - Connection can be kept alive indefinitely
11:23:31.779 [Forwarding getElementText on session 56437344ca032a4c479fcf38d457887e to remote] DEBUG org.apache.http.impl.conn.PoolingHttpClientConnectionManager - Connection [id: 23][route: {}->http://localhost:5375] can be kept alive indefinitely
11:23:31.779 [Forwarding getElementText on session 56437344ca032a4c479fcf38d457887e to remote] DEBUG org.apache.http.impl.conn.PoolingHttpClientConnectionManager - Connection released: [id: 23][route: {}->http://localhost:5375][total kept alive: 24; route allocated: 1 of 2000; total allocated: 24 of 2000]
11:23:31.779 [Forwarding findElement on session 56437344ca032a4c479fcf38d457887e to remote] DEBUG org.apache.http.client.protocol.RequestAddCookies - CookieSpec selected: default
11:23:31.779 [Forwarding findElement on session 56437344ca032a4c479fcf38d457887e to remote] DEBUG org.apache.http.client.protocol.RequestAuthCache - Auth cache not set in the context
11:23:31.779 [Forwarding findElement on session 56437344ca032a4c479fcf38d457887e to remote] DEBUG org.apache.http.impl.conn.PoolingHttpClientConnectionManager - Connection request: [route: {}->http://localhost:5375][total kept alive: 24; route allocated: 1 of 2000; total allocated: 24 of 2000]
11:23:31.779 [Forwarding findElement on session 56437344ca032a4c479fcf38d457887e to remote] DEBUG org.apache.http.impl.conn.PoolingHttpClientConnectionManager - Connection leased: [id: 23][route: {}->http://localhost:5375][total kept alive: 23; route allocated: 1 of 2000; total allocated: 24 of 2000]
11:23:31.779 [Forwarding findElement on session 56437344ca032a4c479fcf38d457887e to remote] DEBUG org.apache.http.impl.execchain.MainClientExec - Stale connection check
11:23:31.781 [Forwarding findElement on session 56437344ca032a4c479fcf38d457887e to remote] DEBUG org.apache.http.wire - http-outgoing-23 << "[read] I/O error: Read timed out"
11:23:31.781 [Forwarding findElement on session 56437344ca032a4c479fcf38d457887e to remote] DEBUG org.apache.http.impl.conn.DefaultManagedHttpClientConnection - http-outgoing-23: set socket timeout to 10800000
11:23:31.781 [Forwarding findElement on session 56437344ca032a4c479fcf38d457887e to remote] DEBUG org.apache.http.impl.execchain.MainClientExec - Executing request POST /session/56437344ca032a4c479fcf38d457887e/element HTTP/1.1
11:23:31.781 [Forwarding findElement on session 56437344ca032a4c479fcf38d457887e to remote] DEBUG org.apache.http.impl.execchain.MainClientExec - Target auth state: UNCHALLENGED
11:23:31.781 [Forwarding findElement on session 56437344ca032a4c479fcf38d457887e to remote] DEBUG org.apache.http.impl.execchain.MainClientExec - Proxy auth state: UNCHALLENGED
11:23:31.781 [Forwarding findElement on session 56437344ca032a4c479fcf38d457887e to remote] DEBUG org.apache.http.headers - http-outgoing-23 >> POST /session/56437344ca032a4c479fcf38d457887e/element HTTP/1.1
11:23:31.781 [Forwarding findElement on session 56437344ca032a4c479fcf38d457887e to remote] DEBUG org.apache.http.headers - http-outgoing-23 >> Content-Type: application/json; charset=utf-8
11:23:31.781 [Forwarding findElement on session 56437344ca032a4c479fcf38d457887e to remote] DEBUG org.apache.http.headers - http-outgoing-23 >> Content-Length: 91
11:23:31.781 [Forwarding findElement on session 56437344ca032a4c479fcf38d457887e to remote] DEBUG org.apache.http.headers - http-outgoing-23 >> Host: localhost:5375
11:23:31.781 [Forwarding findElement on session 56437344ca032a4c479fcf38d457887e to remote] DEBUG org.apache.http.headers - http-outgoing-23 >> Connection: Keep-Alive
11:23:31.781 [Forwarding findElement on session 56437344ca032a4c479fcf38d457887e to remote] DEBUG org.apache.http.headers - http-outgoing-23 >> User-Agent: Apache-HttpClient/4.5.3 (Java/1.8.0_211)
11:23:31.781 [Forwarding findElement on session 56437344ca032a4c479fcf38d457887e to remote] DEBUG org.apache.http.headers - http-outgoing-23 >> Accept-Encoding: gzip,deflate
11:23:31.781 [Forwarding findElement on session 56437344ca032a4c479fcf38d457887e to remote] DEBUG org.apache.http.wire - http-outgoing-23 >> "POST /session/56437344ca032a4c479fcf38d457887e/element HTTP/1.1[\r][\n]"
11:23:31.781 [Forwarding findElement on session 56437344ca032a4c479fcf38d457887e to remote] DEBUG org.apache.http.wire - http-outgoing-23 >> "Content-Type: application/json; charset=utf-8[\r][\n]"
11:23:31.781 [Forwarding findElement on session 56437344ca032a4c479fcf38d457887e to remote] DEBUG org.apache.http.wire - http-outgoing-23 >> "Content-Length: 91[\r][\n]"
11:23:31.781 [Forwarding findElement on session 56437344ca032a4c479fcf38d457887e to remote] DEBUG org.apache.http.wire - http-outgoing-23 >> "Host: localhost:5375[\r][\n]"
11:23:31.781 [Forwarding findElement on session 56437344ca032a4c479fcf38d457887e to remote] DEBUG org.apache.http.wire - http-outgoing-23 >> "Connection: Keep-Alive[\r][\n]"
11:23:31.781 [Forwarding findElement on session 56437344ca032a4c479fcf38d457887e to remote] DEBUG org.apache.http.wire - http-outgoing-23 >> "User-Agent: Apache-HttpClient/4.5.3 (Java/1.8.0_211)[\r][\n]"
11:23:31.781 [Forwarding findElement on session 56437344ca032a4c479fcf38d457887e to remote] DEBUG org.apache.http.wire - http-outgoing-23 >> "Accept-Encoding: gzip,deflate[\r][\n]"
11:23:31.781 [Forwarding findElement on session 56437344ca032a4c479fcf38d457887e to remote] DEBUG org.apache.http.wire - http-outgoing-23 >> "[\r][\n]"
11:23:31.781 [Forwarding findElement on session 56437344ca032a4c479fcf38d457887e to remote] DEBUG org.apache.http.wire - http-outgoing-23 >> "{"value":"//*[@id=\"root\"]/main/div[1]/div/div[1]/div[2]/div/div/h3/span","using":"xpath"}"
11:23:31.789 [Forwarding findElement on session 56437344ca032a4c479fcf38d457887e to remote] DEBUG org.apache.http.wire - http-outgoing-23 << "HTTP/1.1 200 OK[\r][\n]"
11:23:31.789 [Forwarding findElement on session 56437344ca032a4c479fcf38d457887e to remote] DEBUG org.apache.http.wire - http-outgoing-23 << "Content-Length:88[\r][\n]"
11:23:31.789 [Forwarding findElement on session 56437344ca032a4c479fcf38d457887e to remote] DEBUG org.apache.http.wire - http-outgoing-23 << "Content-Type:application/json; charset=utf-8[\r][\n]"
11:23:31.789 [Forwarding findElement on session 56437344ca032a4c479fcf38d457887e to remote] DEBUG org.apache.http.wire - http-outgoing-23 << "cache-control:no-cache[\r][\n]"
11:23:31.789 [Forwarding findElement on session 56437344ca032a4c479fcf38d457887e to remote] DEBUG org.apache.http.wire - http-outgoing-23 << "[\r][\n]"
11:23:31.789 [Forwarding findElement on session 56437344ca032a4c479fcf38d457887e to remote] DEBUG org.apache.http.wire - http-outgoing-23 << "{"value":{"element-6066-11e4-a52e-4f735466cecf":"f30ea4dd-9d5c-4353-aaa2-84fd14904cde"}}"
11:23:31.789 [Forwarding findElement on session 56437344ca032a4c479fcf38d457887e to remote] DEBUG org.apache.http.headers - http-outgoing-23 << HTTP/1.1 200 OK
11:23:31.789 [Forwarding findElement on session 56437344ca032a4c479fcf38d457887e to remote] DEBUG org.apache.http.headers - http-outgoing-23 << Content-Length:88
11:23:31.789 [Forwarding findElement on session 56437344ca032a4c479fcf38d457887e to remote] DEBUG org.apache.http.headers - http-outgoing-23 << Content-Type:application/json; charset=utf-8
11:23:31.789 [Forwarding findElement on session 56437344ca032a4c479fcf38d457887e to remote] DEBUG org.apache.http.headers - http-outgoing-23 << cache-control:no-cache
11:23:31.789 [Forwarding findElement on session 56437344ca032a4c479fcf38d457887e to remote] DEBUG org.apache.http.impl.execchain.MainClientExec - Connection can be kept alive indefinitely
11:23:31.789 [Forwarding findElement on session 56437344ca032a4c479fcf38d457887e to remote] DEBUG org.apache.http.impl.conn.PoolingHttpClientConnectionManager - Connection [id: 23][route: {}->http://localhost:5375] can be kept alive indefinitely
11:23:31.789 [Forwarding findElement on session 56437344ca032a4c479fcf38d457887e to remote] DEBUG org.apache.http.impl.conn.PoolingHttpClientConnectionManager - Connection released: [id: 23][route: {}->http://localhost:5375][total kept alive: 24; route allocated: 1 of 2000; total allocated: 24 of 2000]
11:23:31.789 [Forwarding getElementText on session 56437344ca032a4c479fcf38d457887e to remote] DEBUG org.apache.http.client.protocol.RequestAddCookies - CookieSpec selected: default
11:23:31.789 [Forwarding getElementText on session 56437344ca032a4c479fcf38d457887e to remote] DEBUG org.apache.http.client.protocol.RequestAuthCache - Auth cache not set in the context
11:23:31.789 [Forwarding getElementText on session 56437344ca032a4c479fcf38d457887e to remote] DEBUG org.apache.http.impl.conn.PoolingHttpClientConnectionManager - Connection request: [route: {}->http://localhost:5375][total kept alive: 24; route allocated: 1 of 2000; total allocated: 24 of 2000]
11:23:31.789 [Forwarding getElementText on session 56437344ca032a4c479fcf38d457887e to remote] DEBUG org.apache.http.impl.conn.PoolingHttpClientConnectionManager - Connection leased: [id: 23][route: {}->http://localhost:5375][total kept alive: 23; route allocated: 1 of 2000; total allocated: 24 of 2000]
11:23:31.789 [Forwarding getElementText on session 56437344ca032a4c479fcf38d457887e to remote] DEBUG org.apache.http.impl.execchain.MainClientExec - Stale connection check
11:23:31.791 [Forwarding getElementText on session 56437344ca032a4c479fcf38d457887e to remote] DEBUG org.apache.http.wire - http-outgoing-23 << "[read] I/O error: Read timed out"
11:23:31.791 [Forwarding getElementText on session 56437344ca032a4c479fcf38d457887e to remote] DEBUG org.apache.http.impl.conn.DefaultManagedHttpClientConnection - http-outgoing-23: set socket timeout to 10800000
11:23:31.791 [Forwarding getElementText on session 56437344ca032a4c479fcf38d457887e to remote] DEBUG org.apache.http.impl.execchain.MainClientExec - Executing request GET /session/56437344ca032a4c479fcf38d457887e/element/f30ea4dd-9d5c-4353-aaa2-84fd14904cde/text HTTP/1.1
11:23:31.791 [Forwarding getElementText on session 56437344ca032a4c479fcf38d457887e to remote] DEBUG org.apache.http.impl.execchain.MainClientExec - Target auth state: UNCHALLENGED
11:23:31.791 [Forwarding getElementText on session 56437344ca032a4c479fcf38d457887e to remote] DEBUG org.apache.http.impl.execchain.MainClientExec - Proxy auth state: UNCHALLENGED
11:23:31.791 [Forwarding getElementText on session 56437344ca032a4c479fcf38d457887e to remote] DEBUG org.apache.http.headers - http-outgoing-23 >> GET /session/56437344ca032a4c479fcf38d457887e/element/f30ea4dd-9d5c-4353-aaa2-84fd14904cde/text HTTP/1.1
11:23:31.791 [Forwarding getElementText on session 56437344ca032a4c479fcf38d457887e to remote] DEBUG org.apache.http.headers - http-outgoing-23 >> Cache-Control: no-cache
11:23:31.791 [Forwarding getElementText on session 56437344ca032a4c479fcf38d457887e to remote] DEBUG org.apache.http.headers - http-outgoing-23 >> Host: localhost:5375
11:23:31.791 [Forwarding getElementText on session 56437344ca032a4c479fcf38d457887e to remote] DEBUG org.apache.http.headers - http-outgoing-23 >> Connection: Keep-Alive
11:23:31.791 [Forwarding getElementText on session 56437344ca032a4c479fcf38d457887e to remote] DEBUG org.apache.http.headers - http-outgoing-23 >> User-Agent: Apache-HttpClient/4.5.3 (Java/1.8.0_211)
11:23:31.791 [Forwarding getElementText on session 56437344ca032a4c479fcf38d457887e to remote] DEBUG org.apache.http.headers - http-outgoing-23 >> Accept-Encoding: gzip,deflate
11:23:31.791 [Forwarding getElementText on session 56437344ca032a4c479fcf38d457887e to remote] DEBUG org.apache.http.wire - http-outgoing-23 >> "GET /session/56437344ca032a4c479fcf38d457887e/element/f30ea4dd-9d5c-4353-aaa2-84fd14904cde/text HTTP/1.1[\r][\n]"
11:23:31.791 [Forwarding getElementText on session 56437344ca032a4c479fcf38d457887e to remote] DEBUG org.apache.http.wire - http-outgoing-23 >> "Cache-Control: no-cache[\r][\n]"
11:23:31.791 [Forwarding getElementText on session 56437344ca032a4c479fcf38d457887e to remote] DEBUG org.apache.http.wire - http-outgoing-23 >> "Host: localhost:5375[\r][\n]"
11:23:31.791 [Forwarding getElementText on session 56437344ca032a4c479fcf38d457887e to remote] DEBUG org.apache.http.wire - http-outgoing-23 >> "Connection: Keep-Alive[\r][\n]"
11:23:31.791 [Forwarding getElementText on session 56437344ca032a4c479fcf38d457887e to remote] DEBUG org.apache.http.wire - http-outgoing-23 >> "User-Agent: Apache-HttpClient/4.5.3 (Java/1.8.0_211)[\r][\n]"
11:23:31.791 [Forwarding getElementText on session 56437344ca032a4c479fcf38d457887e to remote] DEBUG org.apache.http.wire - http-outgoing-23 >> "Accept-Encoding: gzip,deflate[\r][\n]"
11:23:31.791 [Forwarding getElementText on session 56437344ca032a4c479fcf38d457887e to remote] DEBUG org.apache.http.wire - http-outgoing-23 >> "[\r][\n]"
11:23:31.801 [Forwarding getElementText on session 56437344ca032a4c479fcf38d457887e to remote] DEBUG org.apache.http.wire - http-outgoing-23 << "HTTP/1.1 200 OK[\r][\n]"
11:23:31.801 [Forwarding getElementText on session 56437344ca032a4c479fcf38d457887e to remote] DEBUG org.apache.http.wire - http-outgoing-23 << "Content-Length:15[\r][\n]"
11:23:31.801 [Forwarding getElementText on session 56437344ca032a4c479fcf38d457887e to remote] DEBUG org.apache.http.wire - http-outgoing-23 << "Content-Type:application/json; charset=utf-8[\r][\n]"
11:23:31.801 [Forwarding getElementText on session 56437344ca032a4c479fcf38d457887e to remote] DEBUG org.apache.http.wire - http-outgoing-23 << "cache-control:no-cache[\r][\n]"
11:23:31.801 [Forwarding getElementText on session 56437344ca032a4c479fcf38d457887e to remote] DEBUG org.apache.http.wire - http-outgoing-23 << "[\r][\n]"
11:23:31.801 [Forwarding getElementText on session 56437344ca032a4c479fcf38d457887e to remote] DEBUG org.apache.http.wire - http-outgoing-23 << "{"value":"100"}"
11:23:31.801 [Forwarding getElementText on session 56437344ca032a4c479fcf38d457887e to remote] DEBUG org.apache.http.headers - http-outgoing-23 << HTTP/1.1 200 OK
11:23:31.801 [Forwarding getElementText on session 56437344ca032a4c479fcf38d457887e to remote] DEBUG org.apache.http.headers - http-outgoing-23 << Content-Length:15
11:23:31.801 [Forwarding getElementText on session 56437344ca032a4c479fcf38d457887e to remote] DEBUG org.apache.http.headers - http-outgoing-23 << Content-Type:application/json; charset=utf-8
11:23:31.801 [Forwarding getElementText on session 56437344ca032a4c479fcf38d457887e to remote] DEBUG org.apache.http.headers - http-outgoing-23 << cache-control:no-cache
11:23:31.801 [Forwarding getElementText on session 56437344ca032a4c479fcf38d457887e to remote] DEBUG org.apache.http.impl.execchain.MainClientExec - Connection can be kept alive indefinitely
11:23:31.801 [Forwarding getElementText on session 56437344ca032a4c479fcf38d457887e to remote] DEBUG org.apache.http.impl.conn.PoolingHttpClientConnectionManager - Connection [id: 23][route: {}->http://localhost:5375] can be kept alive indefinitely
11:23:31.801 [Forwarding getElementText on session 56437344ca032a4c479fcf38d457887e to remote] DEBUG org.apache.http.impl.conn.PoolingHttpClientConnectionManager - Connection released: [id: 23][route: {}->http://localhost:5375][total kept alive: 24; route allocated: 1 of 2000; total allocated: 24 of 2000]
11:23:31.801 [Forwarding findElement on session 56437344ca032a4c479fcf38d457887e to remote] DEBUG org.apache.http.client.protocol.RequestAddCookies - CookieSpec selected: default
11:23:31.801 [Forwarding findElement on session 56437344ca032a4c479fcf38d457887e to remote] DEBUG org.apache.http.client.protocol.RequestAuthCache - Auth cache not set in the context
11:23:31.801 [Forwarding findElement on session 56437344ca032a4c479fcf38d457887e to remote] DEBUG org.apache.http.impl.conn.PoolingHttpClientConnectionManager - Connection request: [route: {}->http://localhost:5375][total kept alive: 24; route allocated: 1 of 2000; total allocated: 24 of 2000]
11:23:31.801 [Forwarding findElement on session 56437344ca032a4c479fcf38d457887e to remote] DEBUG org.apache.http.impl.conn.PoolingHttpClientConnectionManager - Connection leased: [id: 23][route: {}->http://localhost:5375][total kept alive: 23; route allocated: 1 of 2000; total allocated: 24 of 2000]
11:23:31.801 [Forwarding findElement on session 56437344ca032a4c479fcf38d457887e to remote] DEBUG org.apache.http.impl.execchain.MainClientExec - Stale connection check
11:23:31.803 [Forwarding findElement on session 56437344ca032a4c479fcf38d457887e to remote] DEBUG org.apache.http.wire - http-outgoing-23 << "[read] I/O error: Read timed out"
11:23:31.803 [Forwarding findElement on session 56437344ca032a4c479fcf38d457887e to remote] DEBUG org.apache.http.impl.conn.DefaultManagedHttpClientConnection - http-outgoing-23: set socket timeout to 10800000
11:23:31.803 [Forwarding findElement on session 56437344ca032a4c479fcf38d457887e to remote] DEBUG org.apache.http.impl.execchain.MainClientExec - Executing request POST /session/56437344ca032a4c479fcf38d457887e/element HTTP/1.1
11:23:31.803 [Forwarding findElement on session 56437344ca032a4c479fcf38d457887e to remote] DEBUG org.apache.http.impl.execchain.MainClientExec - Target auth state: UNCHALLENGED
11:23:31.803 [Forwarding findElement on session 56437344ca032a4c479fcf38d457887e to remote] DEBUG org.apache.http.impl.execchain.MainClientExec - Proxy auth state: UNCHALLENGED
11:23:31.803 [Forwarding findElement on session 56437344ca032a4c479fcf38d457887e to remote] DEBUG org.apache.http.headers - http-outgoing-23 >> POST /session/56437344ca032a4c479fcf38d457887e/element HTTP/1.1
11:23:31.803 [Forwarding findElement on session 56437344ca032a4c479fcf38d457887e to remote] DEBUG org.apache.http.headers - http-outgoing-23 >> Content-Type: application/json; charset=utf-8
11:23:31.803 [Forwarding findElement on session 56437344ca032a4c479fcf38d457887e to remote] DEBUG org.apache.http.headers - http-outgoing-23 >> Content-Length: 91
11:23:31.803 [Forwarding findElement on session 56437344ca032a4c479fcf38d457887e to remote] DEBUG org.apache.http.headers - http-outgoing-23 >> Host: localhost:5375
11:23:31.803 [Forwarding findElement on session 56437344ca032a4c479fcf38d457887e to remote] DEBUG org.apache.http.headers - http-outgoing-23 >> Connection: Keep-Alive
11:23:31.803 [Forwarding findElement on session 56437344ca032a4c479fcf38d457887e to remote] DEBUG org.apache.http.headers - http-outgoing-23 >> User-Agent: Apache-HttpClient/4.5.3 (Java/1.8.0_211)
11:23:31.803 [Forwarding findElement on session 56437344ca032a4c479fcf38d457887e to remote] DEBUG org.apache.http.headers - http-outgoing-23 >> Accept-Encoding: gzip,deflate
11:23:31.803 [Forwarding findElement on session 56437344ca032a4c479fcf38d457887e to remote] DEBUG org.apache.http.wire - http-outgoing-23 >> "POST /session/56437344ca032a4c479fcf38d457887e/element HTTP/1.1[\r][\n]"
11:23:31.803 [Forwarding findElement on session 56437344ca032a4c479fcf38d457887e to remote] DEBUG org.apache.http.wire - http-outgoing-23 >> "Content-Type: application/json; charset=utf-8[\r][\n]"
11:23:31.803 [Forwarding findElement on session 56437344ca032a4c479fcf38d457887e to remote] DEBUG org.apache.http.wire - http-outgoing-23 >> "Content-Length: 91[\r][\n]"
11:23:31.803 [Forwarding findElement on session 56437344ca032a4c479fcf38d457887e to remote] DEBUG org.apache.http.wire - http-outgoing-23 >> "Host: localhost:5375[\r][\n]"
11:23:31.803 [Forwarding findElement on session 56437344ca032a4c479fcf38d457887e to remote] DEBUG org.apache.http.wire - http-outgoing-23 >> "Connection: Keep-Alive[\r][\n]"
11:23:31.803 [Forwarding findElement on session 56437344ca032a4c479fcf38d457887e to remote] DEBUG org.apache.http.wire - http-outgoing-23 >> "User-Agent: Apache-HttpClient/4.5.3 (Java/1.8.0_211)[\r][\n]"
11:23:31.803 [Forwarding findElement on session 56437344ca032a4c479fcf38d457887e to remote] DEBUG org.apache.http.wire - http-outgoing-23 >> "Accept-Encoding: gzip,deflate[\r][\n]"
11:23:31.803 [Forwarding findElement on session 56437344ca032a4c479fcf38d457887e to remote] DEBUG org.apache.http.wire - http-outgoing-23 >> "[\r][\n]"
11:23:31.803 [Forwarding findElement on session 56437344ca032a4c479fcf38d457887e to remote] DEBUG org.apache.http.wire - http-outgoing-23 >> "{"value":"//*[@id=\"root\"]/main/div[1]/div/div[1]/div[3]/div/div/h3/span","using":"xpath"}"
11:23:31.814 [Forwarding findElement on session 56437344ca032a4c479fcf38d457887e to remote] DEBUG org.apache.http.wire - http-outgoing-23 << "HTTP/1.1 200 OK[\r][\n]"
11:23:31.814 [Forwarding findElement on session 56437344ca032a4c479fcf38d457887e to remote] DEBUG org.apache.http.wire - http-outgoing-23 << "Content-Length:88[\r][\n]"
11:23:31.814 [Forwarding findElement on session 56437344ca032a4c479fcf38d457887e to remote] DEBUG org.apache.http.wire - http-outgoing-23 << "Content-Type:application/json; charset=utf-8[\r][\n]"
11:23:31.814 [Forwarding findElement on session 56437344ca032a4c479fcf38d457887e to remote] DEBUG org.apache.http.wire - http-outgoing-23 << "cache-control:no-cache[\r][\n]"
11:23:31.814 [Forwarding findElement on session 56437344ca032a4c479fcf38d457887e to remote] DEBUG org.apache.http.wire - http-outgoing-23 << "[\r][\n]"
11:23:31.814 [Forwarding findElement on session 56437344ca032a4c479fcf38d457887e to remote] DEBUG org.apache.http.wire - http-outgoing-23 << "{"value":{"element-6066-11e4-a52e-4f735466cecf":"176c38ad-8dfc-4ee9-b628-8709f999ec16"}}"
11:23:31.814 [Forwarding findElement on session 56437344ca032a4c479fcf38d457887e to remote] DEBUG org.apache.http.headers - http-outgoing-23 << HTTP/1.1 200 OK
11:23:31.814 [Forwarding findElement on session 56437344ca032a4c479fcf38d457887e to remote] DEBUG org.apache.http.headers - http-outgoing-23 << Content-Length:88
11:23:31.814 [Forwarding findElement on session 56437344ca032a4c479fcf38d457887e to remote] DEBUG org.apache.http.headers - http-outgoing-23 << Content-Type:application/json; charset=utf-8
11:23:31.814 [Forwarding findElement on session 56437344ca032a4c479fcf38d457887e to remote] DEBUG org.apache.http.headers - http-outgoing-23 << cache-control:no-cache
11:23:31.814 [Forwarding findElement on session 56437344ca032a4c479fcf38d457887e to remote] DEBUG org.apache.http.impl.execchain.MainClientExec - Connection can be kept alive indefinitely
11:23:31.814 [Forwarding findElement on session 56437344ca032a4c479fcf38d457887e to remote] DEBUG org.apache.http.impl.conn.PoolingHttpClientConnectionManager - Connection [id: 23][route: {}->http://localhost:5375] can be kept alive indefinitely
11:23:31.814 [Forwarding findElement on session 56437344ca032a4c479fcf38d457887e to remote] DEBUG org.apache.http.impl.conn.PoolingHttpClientConnectionManager - Connection released: [id: 23][route: {}->http://localhost:5375][total kept alive: 24; route allocated: 1 of 2000; total allocated: 24 of 2000]
11:23:31.815 [Forwarding getElementText on session 56437344ca032a4c479fcf38d457887e to remote] DEBUG org.apache.http.client.protocol.RequestAddCookies - CookieSpec selected: default
11:23:31.815 [Forwarding getElementText on session 56437344ca032a4c479fcf38d457887e to remote] DEBUG org.apache.http.client.protocol.RequestAuthCache - Auth cache not set in the context
11:23:31.815 [Forwarding getElementText on session 56437344ca032a4c479fcf38d457887e to remote] DEBUG org.apache.http.impl.conn.PoolingHttpClientConnectionManager - Connection request: [route: {}->http://localhost:5375][total kept alive: 24; route allocated: 1 of 2000; total allocated: 24 of 2000]
11:23:31.815 [Forwarding getElementText on session 56437344ca032a4c479fcf38d457887e to remote] DEBUG org.apache.http.impl.conn.PoolingHttpClientConnectionManager - Connection leased: [id: 23][route: {}->http://localhost:5375][total kept alive: 23; route allocated: 1 of 2000; total allocated: 24 of 2000]
11:23:31.815 [Forwarding getElementText on session 56437344ca032a4c479fcf38d457887e to remote] DEBUG org.apache.http.impl.execchain.MainClientExec - Stale connection check
11:23:31.816 [Forwarding getElementText on session 56437344ca032a4c479fcf38d457887e to remote] DEBUG org.apache.http.wire - http-outgoing-23 << "[read] I/O error: Read timed out"
11:23:31.816 [Forwarding getElementText on session 56437344ca032a4c479fcf38d457887e to remote] DEBUG org.apache.http.impl.conn.DefaultManagedHttpClientConnection - http-outgoing-23: set socket timeout to 10800000
11:23:31.816 [Forwarding getElementText on session 56437344ca032a4c479fcf38d457887e to remote] DEBUG org.apache.http.impl.execchain.MainClientExec - Executing request GET /session/56437344ca032a4c479fcf38d457887e/element/176c38ad-8dfc-4ee9-b628-8709f999ec16/text HTTP/1.1
11:23:31.816 [Forwarding getElementText on session 56437344ca032a4c479fcf38d457887e to remote] DEBUG org.apache.http.impl.execchain.MainClientExec - Target auth state: UNCHALLENGED
11:23:31.816 [Forwarding getElementText on session 56437344ca032a4c479fcf38d457887e to remote] DEBUG org.apache.http.impl.execchain.MainClientExec - Proxy auth state: UNCHALLENGED
11:23:31.816 [Forwarding getElementText on session 56437344ca032a4c479fcf38d457887e to remote] DEBUG org.apache.http.headers - http-outgoing-23 >> GET /session/56437344ca032a4c479fcf38d457887e/element/176c38ad-8dfc-4ee9-b628-8709f999ec16/text HTTP/1.1
11:23:31.816 [Forwarding getElementText on session 56437344ca032a4c479fcf38d457887e to remote] DEBUG org.apache.http.headers - http-outgoing-23 >> Cache-Control: no-cache
11:23:31.816 [Forwarding getElementText on session 56437344ca032a4c479fcf38d457887e to remote] DEBUG org.apache.http.headers - http-outgoing-23 >> Host: localhost:5375
11:23:31.816 [Forwarding getElementText on session 56437344ca032a4c479fcf38d457887e to remote] DEBUG org.apache.http.headers - http-outgoing-23 >> Connection: Keep-Alive
11:23:31.816 [Forwarding getElementText on session 56437344ca032a4c479fcf38d457887e to remote] DEBUG org.apache.http.headers - http-outgoing-23 >> User-Agent: Apache-HttpClient/4.5.3 (Java/1.8.0_211)
11:23:31.816 [Forwarding getElementText on session 56437344ca032a4c479fcf38d457887e to remote] DEBUG org.apache.http.headers - http-outgoing-23 >> Accept-Encoding: gzip,deflate
11:23:31.816 [Forwarding getElementText on session 56437344ca032a4c479fcf38d457887e to remote] DEBUG org.apache.http.wire - http-outgoing-23 >> "GET /session/56437344ca032a4c479fcf38d457887e/element/176c38ad-8dfc-4ee9-b628-8709f999ec16/text HTTP/1.1[\r][\n]"
11:23:31.816 [Forwarding getElementText on session 56437344ca032a4c479fcf38d457887e to remote] DEBUG org.apache.http.wire - http-outgoing-23 >> "Cache-Control: no-cache[\r][\n]"
11:23:31.816 [Forwarding getElementText on session 56437344ca032a4c479fcf38d457887e to remote] DEBUG org.apache.http.wire - http-outgoing-23 >> "Host: localhost:5375[\r][\n]"
11:23:31.816 [Forwarding getElementText on session 56437344ca032a4c479fcf38d457887e to remote] DEBUG org.apache.http.wire - http-outgoing-23 >> "Connection: Keep-Alive[\r][\n]"
11:23:31.816 [Forwarding getElementText on session 56437344ca032a4c479fcf38d457887e to remote] DEBUG org.apache.http.wire - http-outgoing-23 >> "User-Agent: Apache-HttpClient/4.5.3 (Java/1.8.0_211)[\r][\n]"
11:23:31.816 [Forwarding getElementText on session 56437344ca032a4c479fcf38d457887e to remote] DEBUG org.apache.http.wire - http-outgoing-23 >> "Accept-Encoding: gzip,deflate[\r][\n]"
11:23:31.816 [Forwarding getElementText on session 56437344ca032a4c479fcf38d457887e to remote] DEBUG org.apache.http.wire - http-outgoing-23 >> "[\r][\n]"
11:23:31.823 [Forwarding getElementText on session 56437344ca032a4c479fcf38d457887e to remote] DEBUG org.apache.http.wire - http-outgoing-23 << "HTTP/1.1 200 OK[\r][\n]"
11:23:31.823 [Forwarding getElementText on session 56437344ca032a4c479fcf38d457887e to remote] DEBUG org.apache.http.wire - http-outgoing-23 << "Content-Length:17[\r][\n]"
11:23:31.823 [Forwarding getElementText on session 56437344ca032a4c479fcf38d457887e to remote] DEBUG org.apache.http.wire - http-outgoing-23 << "Content-Type:application/json; charset=utf-8[\r][\n]"
11:23:31.823 [Forwarding getElementText on session 56437344ca032a4c479fcf38d457887e to remote] DEBUG org.apache.http.wire - http-outgoing-23 << "cache-control:no-cache[\r][\n]"
11:23:31.823 [Forwarding getElementText on session 56437344ca032a4c479fcf38d457887e to remote] DEBUG org.apache.http.wire - http-outgoing-23 << "[\r][\n]"
11:23:31.823 [Forwarding getElementText on session 56437344ca032a4c479fcf38d457887e to remote] DEBUG org.apache.http.wire - http-outgoing-23 << "{"value":"98.37"}"
11:23:31.823 [Forwarding getElementText on session 56437344ca032a4c479fcf38d457887e to remote] DEBUG org.apache.http.headers - http-outgoing-23 << HTTP/1.1 200 OK
11:23:31.823 [Forwarding getElementText on session 56437344ca032a4c479fcf38d457887e to remote] DEBUG org.apache.http.headers - http-outgoing-23 << Content-Length:17
11:23:31.823 [Forwarding getElementText on session 56437344ca032a4c479fcf38d457887e to remote] DEBUG org.apache.http.headers - http-outgoing-23 << Content-Type:application/json; charset=utf-8
11:23:31.823 [Forwarding getElementText on session 56437344ca032a4c479fcf38d457887e to remote] DEBUG org.apache.http.headers - http-outgoing-23 << cache-control:no-cache
11:23:31.823 [Forwarding getElementText on session 56437344ca032a4c479fcf38d457887e to remote] DEBUG org.apache.http.impl.execchain.MainClientExec - Connection can be kept alive indefinitely
11:23:31.823 [Forwarding getElementText on session 56437344ca032a4c479fcf38d457887e to remote] DEBUG org.apache.http.impl.conn.PoolingHttpClientConnectionManager - Connection [id: 23][route: {}->http://localhost:5375] can be kept alive indefinitely
11:23:31.823 [Forwarding getElementText on session 56437344ca032a4c479fcf38d457887e to remote] DEBUG org.apache.http.impl.conn.PoolingHttpClientConnectionManager - Connection released: [id: 23][route: {}->http://localhost:5375][total kept alive: 24; route allocated: 1 of 2000; total allocated: 24 of 2000]
]]></system-out>
  <system-err><![CDATA[Starting ChromeDriver 80.0.3987.106 (f68069574609230cf9b635cd784cfb1bf81bb53a-refs/branch-heads/3987@{#882}) on port 5375
Only local connections are allowed.
Please protect ports used by ChromeDriver and related test frameworks to prevent access by malicious code.
[1585711408.391][WARNING]: FromSockAddr failed on netmask
四月 01, 2020 11:23:28 上午 org.openqa.selenium.remote.ProtocolHandshake createSession
信息: Detected dialect: W3C
[1585711409.103][SEVERE]: Timed out receiving message from renderer: 0.100
[1585711409.204][SEVERE]: Timed out receiving message from renderer: 0.100
[1585711409.322][SEVERE]: Timed out receiving message from renderer: 0.100
[1585711409.423][SEVERE]: Timed out receiving message from renderer: 0.100
[1585711409.523][SEVERE]: Timed out receiving message from renderer: 0.100
[1585711409.628][SEVERE]: Timed out receiving message from renderer: 0.100
[1585711409.730][SEVERE]: Timed out receiving message from renderer: 0.100
[1585711409.831][SEVERE]: Timed out receiving message from renderer: 0.100
[1585711409.933][SEVERE]: Timed out receiving message from renderer: 0.100
[1585711410.180][SEVERE]: Timed out receiving message from renderer: 0.100
[1585711410.281][SEVERE]: Timed out receiving message from renderer: 0.100
[1585711410.467][SEVERE]: Timed out receiving message from renderer: 0.100
[1585711410.568][SEVERE]: Timed out receiving message from renderer: 0.100
[1585711410.669][SEVERE]: Timed out receiving message from renderer: 0.100
[1585711410.791][SEVERE]: Timed out receiving message from renderer: 0.100
[1585711410.893][SEVERE]: Timed out receiving message from renderer: 0.100
]]></system-err>
</testsuite>
