<?xml version="1.0" encoding="UTF-8"?>
<testsuite name="tron.tronscan.tronscanUI.UnFreezeTest" tests="1" skipped="0" failures="0" errors="0" timestamp="2020-04-01T03:22:48" hostname="zhukaideiMac.local" time="3.708">
  <properties/>
  <testcase name="testUnFreeze" classname="tron.tronscan.tronscanUI.UnFreezeTest" time="3.708"/>
  <system-out><![CDATA[11:22:45.967 [Forwarding newSession on session null to remote] DEBUG org.apache.http.client.protocol.RequestAddCookies - CookieSpec selected: default
11:22:45.967 [Forwarding newSession on session null to remote] DEBUG org.apache.http.client.protocol.RequestAuthCache - Auth cache not set in the context
11:22:45.967 [Forwarding newSession on session null to remote] DEBUG org.apache.http.impl.conn.PoolingHttpClientConnectionManager - Connection request: [route: {}->http://localhost:31945][total kept alive: 18; route allocated: 0 of 2000; total allocated: 18 of 2000]
11:22:45.967 [Forwarding newSession on session null to remote] DEBUG org.apache.http.impl.conn.PoolingHttpClientConnectionManager - Connection leased: [id: 18][route: {}->http://localhost:31945][total kept alive: 18; route allocated: 1 of 2000; total allocated: 19 of 2000]
11:22:45.967 [Forwarding newSession on session null to remote] DEBUG org.apache.http.impl.execchain.MainClientExec - Opening connection {}->http://localhost:31945
11:22:45.968 [Forwarding newSession on session null to remote] DEBUG org.apache.http.impl.conn.DefaultHttpClientConnectionOperator - Connecting to localhost/127.0.0.1:31945
11:22:45.968 [Forwarding newSession on session null to remote] DEBUG org.apache.http.impl.conn.DefaultHttpClientConnectionOperator - Connection established 127.0.0.1:53818<->127.0.0.1:31945
11:22:45.968 [Forwarding newSession on session null to remote] DEBUG org.apache.http.impl.conn.DefaultManagedHttpClientConnection - http-outgoing-18: set socket timeout to 10800000
11:22:45.968 [Forwarding newSession on session null to remote] DEBUG org.apache.http.impl.execchain.MainClientExec - Executing request POST /session HTTP/1.1
11:22:45.968 [Forwarding newSession on session null to remote] DEBUG org.apache.http.impl.execchain.MainClientExec - Target auth state: UNCHALLENGED
11:22:45.968 [Forwarding newSession on session null to remote] DEBUG org.apache.http.impl.execchain.MainClientExec - Proxy auth state: UNCHALLENGED
11:22:45.968 [Forwarding newSession on session null to remote] DEBUG org.apache.http.headers - http-outgoing-18 >> POST /session HTTP/1.1
11:22:45.968 [Forwarding newSession on session null to remote] DEBUG org.apache.http.headers - http-outgoing-18 >> Content-Type: application/json; charset=utf-8
11:22:45.968 [Forwarding newSession on session null to remote] DEBUG org.apache.http.headers - http-outgoing-18 >> Content-Length: 731
11:22:45.968 [Forwarding newSession on session null to remote] DEBUG org.apache.http.headers - http-outgoing-18 >> Host: localhost:31945
11:22:45.968 [Forwarding newSession on session null to remote] DEBUG org.apache.http.headers - http-outgoing-18 >> Connection: Keep-Alive
11:22:45.968 [Forwarding newSession on session null to remote] DEBUG org.apache.http.headers - http-outgoing-18 >> User-Agent: Apache-HttpClient/4.5.3 (Java/1.8.0_211)
11:22:45.968 [Forwarding newSession on session null to remote] DEBUG org.apache.http.headers - http-outgoing-18 >> Accept-Encoding: gzip,deflate
11:22:45.968 [Forwarding newSession on session null to remote] DEBUG org.apache.http.wire - http-outgoing-18 >> "POST /session HTTP/1.1[\r][\n]"
11:22:45.968 [Forwarding newSession on session null to remote] DEBUG org.apache.http.wire - http-outgoing-18 >> "Content-Type: application/json; charset=utf-8[\r][\n]"
11:22:45.968 [Forwarding newSession on session null to remote] DEBUG org.apache.http.wire - http-outgoing-18 >> "Content-Length: 731[\r][\n]"
11:22:45.968 [Forwarding newSession on session null to remote] DEBUG org.apache.http.wire - http-outgoing-18 >> "Host: localhost:31945[\r][\n]"
11:22:45.968 [Forwarding newSession on session null to remote] DEBUG org.apache.http.wire - http-outgoing-18 >> "Connection: Keep-Alive[\r][\n]"
11:22:45.968 [Forwarding newSession on session null to remote] DEBUG org.apache.http.wire - http-outgoing-18 >> "User-Agent: Apache-HttpClient/4.5.3 (Java/1.8.0_211)[\r][\n]"
11:22:45.968 [Forwarding newSession on session null to remote] DEBUG org.apache.http.wire - http-outgoing-18 >> "Accept-Encoding: gzip,deflate[\r][\n]"
11:22:45.968 [Forwarding newSession on session null to remote] DEBUG org.apache.http.wire - http-outgoing-18 >> "[\r][\n]"
11:22:45.968 [Forwarding newSession on session null to remote] DEBUG org.apache.http.wire - http-outgoing-18 >> "{[\n]"
11:22:45.968 [Forwarding newSession on session null to remote] DEBUG org.apache.http.wire - http-outgoing-18 >> "  "desiredCapabilities": {[\n]"
11:22:45.968 [Forwarding newSession on session null to remote] DEBUG org.apache.http.wire - http-outgoing-18 >> "    "browserName": "chrome",[\n]"
11:22:45.968 [Forwarding newSession on session null to remote] DEBUG org.apache.http.wire - http-outgoing-18 >> "    "goog:chromeOptions": {[\n]"
11:22:45.968 [Forwarding newSession on session null to remote] DEBUG org.apache.http.wire - http-outgoing-18 >> "      "args": [[\n]"
11:22:45.968 [Forwarding newSession on session null to remote] DEBUG org.apache.http.wire - http-outgoing-18 >> "        "--headless",[\n]"
11:22:45.968 [Forwarding newSession on session null to remote] DEBUG org.apache.http.wire - http-outgoing-18 >> "        "--disable-gpu"[\n]"
11:22:45.968 [Forwarding newSession on session null to remote] DEBUG org.apache.http.wire - http-outgoing-18 >> "      ],[\n]"
11:22:45.968 [Forwarding newSession on session null to remote] DEBUG org.apache.http.wire - http-outgoing-18 >> "      "extensions": [][\n]"
11:22:45.968 [Forwarding newSession on session null to remote] DEBUG org.apache.http.wire - http-outgoing-18 >> "    }[\n]"
11:22:45.968 [Forwarding newSession on session null to remote] DEBUG org.apache.http.wire - http-outgoing-18 >> "  },[\n]"
11:22:45.968 [Forwarding newSession on session null to remote] DEBUG org.apache.http.wire - http-outgoing-18 >> "  "requiredCapabilities": {},[\n]"
11:22:45.968 [Forwarding newSession on session null to remote] DEBUG org.apache.http.wire - http-outgoing-18 >> "  "capabilities": {[\n]"
11:22:45.968 [Forwarding newSession on session null to remote] DEBUG org.apache.http.wire - http-outgoing-18 >> "    "desiredCapabilities": {[\n]"
11:22:45.968 [Forwarding newSession on session null to remote] DEBUG org.apache.http.wire - http-outgoing-18 >> "      "browserName": "chrome",[\n]"
11:22:45.968 [Forwarding newSession on session null to remote] DEBUG org.apache.http.wire - http-outgoing-18 >> "      "goog:chromeOptions": {[\n]"
11:22:45.968 [Forwarding newSession on session null to remote] DEBUG org.apache.http.wire - http-outgoing-18 >> "        "args": [[\n]"
11:22:45.968 [Forwarding newSession on session null to remote] DEBUG org.apache.http.wire - http-outgoing-18 >> "          "--headless",[\n]"
11:22:45.968 [Forwarding newSession on session null to remote] DEBUG org.apache.http.wire - http-outgoing-18 >> "          "--disable-gpu"[\n]"
11:22:45.968 [Forwarding newSession on session null to remote] DEBUG org.apache.http.wire - http-outgoing-18 >> "        ],[\n]"
11:22:45.968 [Forwarding newSession on session null to remote] DEBUG org.apache.http.wire - http-outgoing-18 >> "        "extensions": [][\n]"
11:22:45.968 [Forwarding newSession on session null to remote] DEBUG org.apache.http.wire - http-outgoing-18 >> "      }[\n]"
11:22:45.968 [Forwarding newSession on session null to remote] DEBUG org.apache.http.wire - http-outgoing-18 >> "    },[\n]"
11:22:45.968 [Forwarding newSession on session null to remote] DEBUG org.apache.http.wire - http-outgoing-18 >> "    "requiredCapabilities": {},[\n]"
11:22:45.968 [Forwarding newSession on session null to remote] DEBUG org.apache.http.wire - http-outgoing-18 >> "    "alwaysMatch": {[\n]"
11:22:45.968 [Forwarding newSession on session null to remote] DEBUG org.apache.http.wire - http-outgoing-18 >> "      "goog:chromeOptions": {[\n]"
11:22:45.968 [Forwarding newSession on session null to remote] DEBUG org.apache.http.wire - http-outgoing-18 >> "        "args": [[\n]"
11:22:45.968 [Forwarding newSession on session null to remote] DEBUG org.apache.http.wire - http-outgoing-18 >> "          "--headless",[\n]"
11:22:45.968 [Forwarding newSession on session null to remote] DEBUG org.apache.http.wire - http-outgoing-18 >> "          "--disable-gpu"[\n]"
11:22:45.968 [Forwarding newSession on session null to remote] DEBUG org.apache.http.wire - http-outgoing-18 >> "        ],[\n]"
11:22:45.968 [Forwarding newSession on session null to remote] DEBUG org.apache.http.wire - http-outgoing-18 >> "        "extensions": [][\n]"
11:22:45.968 [Forwarding newSession on session null to remote] DEBUG org.apache.http.wire - http-outgoing-18 >> "      }[\n]"
11:22:45.968 [Forwarding newSession on session null to remote] DEBUG org.apache.http.wire - http-outgoing-18 >> "    },[\n]"
11:22:45.968 [Forwarding newSession on session null to remote] DEBUG org.apache.http.wire - http-outgoing-18 >> "    "firstMatch": [[\n]"
11:22:45.968 [Forwarding newSession on session null to remote] DEBUG org.apache.http.wire - http-outgoing-18 >> "      {[\n]"
11:22:45.968 [Forwarding newSession on session null to remote] DEBUG org.apache.http.wire - http-outgoing-18 >> "        "browserName": "chrome"[\n]"
11:22:45.968 [Forwarding newSession on session null to remote] DEBUG org.apache.http.wire - http-outgoing-18 >> "      }[\n]"
11:22:45.968 [Forwarding newSession on session null to remote] DEBUG org.apache.http.wire - http-outgoing-18 >> "    ][\n]"
11:22:45.968 [Forwarding newSession on session null to remote] DEBUG org.apache.http.wire - http-outgoing-18 >> "  }[\n]"
11:22:45.968 [Forwarding newSession on session null to remote] DEBUG org.apache.http.wire - http-outgoing-18 >> "}"
11:22:46.127 [Forwarding newSession on session null to remote] DEBUG org.apache.http.wire - http-outgoing-18 << "HTTP/1.1 200 OK[\r][\n]"
11:22:46.127 [Forwarding newSession on session null to remote] DEBUG org.apache.http.wire - http-outgoing-18 << "Content-Length:690[\r][\n]"
11:22:46.127 [Forwarding newSession on session null to remote] DEBUG org.apache.http.wire - http-outgoing-18 << "Content-Type:application/json; charset=utf-8[\r][\n]"
11:22:46.127 [Forwarding newSession on session null to remote] DEBUG org.apache.http.wire - http-outgoing-18 << "cache-control:no-cache[\r][\n]"
11:22:46.127 [Forwarding newSession on session null to remote] DEBUG org.apache.http.wire - http-outgoing-18 << "[\r][\n]"
11:22:46.127 [Forwarding newSession on session null to remote] DEBUG org.apache.http.wire - http-outgoing-18 << "{"value":{"capabilities":{"acceptInsecureCerts":false,"browserName":"chrome","browserVersion":"80.0.3987.162","chrome":{"chromedriverVersion":"80.0.3987.106 (f68069574609230cf9b635cd784cfb1bf81bb53a-refs/branch-heads/3987@{#882})","userDataDir":"/var/folders/fs/0qxrqb5x7zg5dtqrhc9t0clm0000gn/T/.com.google.Chrome.noQVqX"},"goog:chromeOptions":{"debuggerAddress":"localhost:53819"},"networkConnectionEnabled":false,"pageLoadStrategy":"normal","platformName":"mac os x","proxy":{},"setWindowRect":true,"strictFileInteractability":false,"timeouts":{"implicit":0,"pageLoad":300000,"script":30000},"unhandledPromptBehavior":"dismiss and notify"},"sessionId":"a0cb0bb01edc9a6efead76024cd2f333"}}"
11:22:46.127 [Forwarding newSession on session null to remote] DEBUG org.apache.http.headers - http-outgoing-18 << HTTP/1.1 200 OK
11:22:46.127 [Forwarding newSession on session null to remote] DEBUG org.apache.http.headers - http-outgoing-18 << Content-Length:690
11:22:46.127 [Forwarding newSession on session null to remote] DEBUG org.apache.http.headers - http-outgoing-18 << Content-Type:application/json; charset=utf-8
11:22:46.127 [Forwarding newSession on session null to remote] DEBUG org.apache.http.headers - http-outgoing-18 << cache-control:no-cache
11:22:46.127 [Forwarding newSession on session null to remote] DEBUG org.apache.http.impl.execchain.MainClientExec - Connection can be kept alive indefinitely
11:22:46.127 [Forwarding newSession on session null to remote] DEBUG org.apache.http.impl.conn.PoolingHttpClientConnectionManager - Connection [id: 18][route: {}->http://localhost:31945] can be kept alive indefinitely
11:22:46.127 [Forwarding newSession on session null to remote] DEBUG org.apache.http.impl.conn.PoolingHttpClientConnectionManager - Connection released: [id: 18][route: {}->http://localhost:31945][total kept alive: 19; route allocated: 1 of 2000; total allocated: 19 of 2000]
11:22:46.130 [Forwarding get on session a0cb0bb01edc9a6efead76024cd2f333 to remote] DEBUG org.apache.http.client.protocol.RequestAddCookies - CookieSpec selected: default
11:22:46.130 [Forwarding get on session a0cb0bb01edc9a6efead76024cd2f333 to remote] DEBUG org.apache.http.client.protocol.RequestAuthCache - Auth cache not set in the context
11:22:46.130 [Forwarding get on session a0cb0bb01edc9a6efead76024cd2f333 to remote] DEBUG org.apache.http.impl.conn.PoolingHttpClientConnectionManager - Connection request: [route: {}->http://localhost:31945][total kept alive: 19; route allocated: 1 of 2000; total allocated: 19 of 2000]
11:22:46.130 [Forwarding get on session a0cb0bb01edc9a6efead76024cd2f333 to remote] DEBUG org.apache.http.impl.conn.PoolingHttpClientConnectionManager - Connection leased: [id: 18][route: {}->http://localhost:31945][total kept alive: 18; route allocated: 1 of 2000; total allocated: 19 of 2000]
11:22:46.130 [Forwarding get on session a0cb0bb01edc9a6efead76024cd2f333 to remote] DEBUG org.apache.http.impl.execchain.MainClientExec - Stale connection check
11:22:46.131 [Forwarding get on session a0cb0bb01edc9a6efead76024cd2f333 to remote] DEBUG org.apache.http.wire - http-outgoing-18 << "[read] I/O error: Read timed out"
11:22:46.131 [Forwarding get on session a0cb0bb01edc9a6efead76024cd2f333 to remote] DEBUG org.apache.http.impl.conn.DefaultManagedHttpClientConnection - http-outgoing-18: set socket timeout to 10800000
11:22:46.131 [Forwarding get on session a0cb0bb01edc9a6efead76024cd2f333 to remote] DEBUG org.apache.http.impl.execchain.MainClientExec - Executing request POST /session/a0cb0bb01edc9a6efead76024cd2f333/url HTTP/1.1
11:22:46.131 [Forwarding get on session a0cb0bb01edc9a6efead76024cd2f333 to remote] DEBUG org.apache.http.impl.execchain.MainClientExec - Target auth state: UNCHALLENGED
11:22:46.132 [Forwarding get on session a0cb0bb01edc9a6efead76024cd2f333 to remote] DEBUG org.apache.http.impl.execchain.MainClientExec - Proxy auth state: UNCHALLENGED
11:22:46.132 [Forwarding get on session a0cb0bb01edc9a6efead76024cd2f333 to remote] DEBUG org.apache.http.headers - http-outgoing-18 >> POST /session/a0cb0bb01edc9a6efead76024cd2f333/url HTTP/1.1
11:22:46.132 [Forwarding get on session a0cb0bb01edc9a6efead76024cd2f333 to remote] DEBUG org.apache.http.headers - http-outgoing-18 >> Content-Type: application/json; charset=utf-8
11:22:46.132 [Forwarding get on session a0cb0bb01edc9a6efead76024cd2f333 to remote] DEBUG org.apache.http.headers - http-outgoing-18 >> Content-Length: 33
11:22:46.132 [Forwarding get on session a0cb0bb01edc9a6efead76024cd2f333 to remote] DEBUG org.apache.http.headers - http-outgoing-18 >> Host: localhost:31945
11:22:46.132 [Forwarding get on session a0cb0bb01edc9a6efead76024cd2f333 to remote] DEBUG org.apache.http.headers - http-outgoing-18 >> Connection: Keep-Alive
11:22:46.132 [Forwarding get on session a0cb0bb01edc9a6efead76024cd2f333 to remote] DEBUG org.apache.http.headers - http-outgoing-18 >> User-Agent: Apache-HttpClient/4.5.3 (Java/1.8.0_211)
11:22:46.132 [Forwarding get on session a0cb0bb01edc9a6efead76024cd2f333 to remote] DEBUG org.apache.http.headers - http-outgoing-18 >> Accept-Encoding: gzip,deflate
11:22:46.132 [Forwarding get on session a0cb0bb01edc9a6efead76024cd2f333 to remote] DEBUG org.apache.http.wire - http-outgoing-18 >> "POST /session/a0cb0bb01edc9a6efead76024cd2f333/url HTTP/1.1[\r][\n]"
11:22:46.132 [Forwarding get on session a0cb0bb01edc9a6efead76024cd2f333 to remote] DEBUG org.apache.http.wire - http-outgoing-18 >> "Content-Type: application/json; charset=utf-8[\r][\n]"
11:22:46.132 [Forwarding get on session a0cb0bb01edc9a6efead76024cd2f333 to remote] DEBUG org.apache.http.wire - http-outgoing-18 >> "Content-Length: 33[\r][\n]"
11:22:46.132 [Forwarding get on session a0cb0bb01edc9a6efead76024cd2f333 to remote] DEBUG org.apache.http.wire - http-outgoing-18 >> "Host: localhost:31945[\r][\n]"
11:22:46.132 [Forwarding get on session a0cb0bb01edc9a6efead76024cd2f333 to remote] DEBUG org.apache.http.wire - http-outgoing-18 >> "Connection: Keep-Alive[\r][\n]"
11:22:46.132 [Forwarding get on session a0cb0bb01edc9a6efead76024cd2f333 to remote] DEBUG org.apache.http.wire - http-outgoing-18 >> "User-Agent: Apache-HttpClient/4.5.3 (Java/1.8.0_211)[\r][\n]"
11:22:46.132 [Forwarding get on session a0cb0bb01edc9a6efead76024cd2f333 to remote] DEBUG org.apache.http.wire - http-outgoing-18 >> "Accept-Encoding: gzip,deflate[\r][\n]"
11:22:46.132 [Forwarding get on session a0cb0bb01edc9a6efead76024cd2f333 to remote] DEBUG org.apache.http.wire - http-outgoing-18 >> "[\r][\n]"
11:22:46.132 [Forwarding get on session a0cb0bb01edc9a6efead76024cd2f333 to remote] DEBUG org.apache.http.wire - http-outgoing-18 >> "{"url":"https://tronscan.org/#/"}"
11:22:48.714 [Forwarding get on session a0cb0bb01edc9a6efead76024cd2f333 to remote] DEBUG org.apache.http.wire - http-outgoing-18 << "HTTP/1.1 200 OK[\r][\n]"
11:22:48.714 [Forwarding get on session a0cb0bb01edc9a6efead76024cd2f333 to remote] DEBUG org.apache.http.wire - http-outgoing-18 << "Content-Length:14[\r][\n]"
11:22:48.714 [Forwarding get on session a0cb0bb01edc9a6efead76024cd2f333 to remote] DEBUG org.apache.http.wire - http-outgoing-18 << "Content-Type:application/json; charset=utf-8[\r][\n]"
11:22:48.714 [Forwarding get on session a0cb0bb01edc9a6efead76024cd2f333 to remote] DEBUG org.apache.http.wire - http-outgoing-18 << "cache-control:no-cache[\r][\n]"
11:22:48.714 [Forwarding get on session a0cb0bb01edc9a6efead76024cd2f333 to remote] DEBUG org.apache.http.wire - http-outgoing-18 << "[\r][\n]"
11:22:48.714 [Forwarding get on session a0cb0bb01edc9a6efead76024cd2f333 to remote] DEBUG org.apache.http.wire - http-outgoing-18 << "{"value":null}"
11:22:48.714 [Forwarding get on session a0cb0bb01edc9a6efead76024cd2f333 to remote] DEBUG org.apache.http.headers - http-outgoing-18 << HTTP/1.1 200 OK
11:22:48.714 [Forwarding get on session a0cb0bb01edc9a6efead76024cd2f333 to remote] DEBUG org.apache.http.headers - http-outgoing-18 << Content-Length:14
11:22:48.714 [Forwarding get on session a0cb0bb01edc9a6efead76024cd2f333 to remote] DEBUG org.apache.http.headers - http-outgoing-18 << Content-Type:application/json; charset=utf-8
11:22:48.714 [Forwarding get on session a0cb0bb01edc9a6efead76024cd2f333 to remote] DEBUG org.apache.http.headers - http-outgoing-18 << cache-control:no-cache
11:22:48.714 [Forwarding get on session a0cb0bb01edc9a6efead76024cd2f333 to remote] DEBUG org.apache.http.impl.execchain.MainClientExec - Connection can be kept alive indefinitely
11:22:48.714 [Forwarding get on session a0cb0bb01edc9a6efead76024cd2f333 to remote] DEBUG org.apache.http.impl.conn.PoolingHttpClientConnectionManager - Connection [id: 18][route: {}->http://localhost:31945] can be kept alive indefinitely
11:22:48.714 [Forwarding get on session a0cb0bb01edc9a6efead76024cd2f333 to remote] DEBUG org.apache.http.impl.conn.PoolingHttpClientConnectionManager - Connection released: [id: 18][route: {}->http://localhost:31945][total kept alive: 19; route allocated: 1 of 2000; total allocated: 19 of 2000]
成功打开谷歌浏览器！
11:22:48.714 [Forwarding setTimeout on session a0cb0bb01edc9a6efead76024cd2f333 to remote] DEBUG org.apache.http.client.protocol.RequestAddCookies - CookieSpec selected: default
11:22:48.714 [Forwarding setTimeout on session a0cb0bb01edc9a6efead76024cd2f333 to remote] DEBUG org.apache.http.client.protocol.RequestAuthCache - Auth cache not set in the context
11:22:48.714 [Forwarding setTimeout on session a0cb0bb01edc9a6efead76024cd2f333 to remote] DEBUG org.apache.http.impl.conn.PoolingHttpClientConnectionManager - Connection request: [route: {}->http://localhost:31945][total kept alive: 19; route allocated: 1 of 2000; total allocated: 19 of 2000]
11:22:48.715 [Forwarding setTimeout on session a0cb0bb01edc9a6efead76024cd2f333 to remote] DEBUG org.apache.http.impl.conn.PoolingHttpClientConnectionManager - Connection leased: [id: 18][route: {}->http://localhost:31945][total kept alive: 18; route allocated: 1 of 2000; total allocated: 19 of 2000]
11:22:48.715 [Forwarding setTimeout on session a0cb0bb01edc9a6efead76024cd2f333 to remote] DEBUG org.apache.http.impl.execchain.MainClientExec - Stale connection check
11:22:48.716 [Forwarding setTimeout on session a0cb0bb01edc9a6efead76024cd2f333 to remote] DEBUG org.apache.http.wire - http-outgoing-18 << "[read] I/O error: Read timed out"
11:22:48.716 [Forwarding setTimeout on session a0cb0bb01edc9a6efead76024cd2f333 to remote] DEBUG org.apache.http.impl.conn.DefaultManagedHttpClientConnection - http-outgoing-18: set socket timeout to 10800000
11:22:48.716 [Forwarding setTimeout on session a0cb0bb01edc9a6efead76024cd2f333 to remote] DEBUG org.apache.http.impl.execchain.MainClientExec - Executing request POST /session/a0cb0bb01edc9a6efead76024cd2f333/timeouts HTTP/1.1
11:22:48.716 [Forwarding setTimeout on session a0cb0bb01edc9a6efead76024cd2f333 to remote] DEBUG org.apache.http.impl.execchain.MainClientExec - Target auth state: UNCHALLENGED
11:22:48.716 [Forwarding setTimeout on session a0cb0bb01edc9a6efead76024cd2f333 to remote] DEBUG org.apache.http.impl.execchain.MainClientExec - Proxy auth state: UNCHALLENGED
11:22:48.716 [Forwarding setTimeout on session a0cb0bb01edc9a6efead76024cd2f333 to remote] DEBUG org.apache.http.headers - http-outgoing-18 >> POST /session/a0cb0bb01edc9a6efead76024cd2f333/timeouts HTTP/1.1
11:22:48.716 [Forwarding setTimeout on session a0cb0bb01edc9a6efead76024cd2f333 to remote] DEBUG org.apache.http.headers - http-outgoing-18 >> Content-Type: application/json; charset=utf-8
11:22:48.716 [Forwarding setTimeout on session a0cb0bb01edc9a6efead76024cd2f333 to remote] DEBUG org.apache.http.headers - http-outgoing-18 >> Content-Length: 18
11:22:48.716 [Forwarding setTimeout on session a0cb0bb01edc9a6efead76024cd2f333 to remote] DEBUG org.apache.http.headers - http-outgoing-18 >> Host: localhost:31945
11:22:48.716 [Forwarding setTimeout on session a0cb0bb01edc9a6efead76024cd2f333 to remote] DEBUG org.apache.http.headers - http-outgoing-18 >> Connection: Keep-Alive
11:22:48.716 [Forwarding setTimeout on session a0cb0bb01edc9a6efead76024cd2f333 to remote] DEBUG org.apache.http.headers - http-outgoing-18 >> User-Agent: Apache-HttpClient/4.5.3 (Java/1.8.0_211)
11:22:48.716 [Forwarding setTimeout on session a0cb0bb01edc9a6efead76024cd2f333 to remote] DEBUG org.apache.http.headers - http-outgoing-18 >> Accept-Encoding: gzip,deflate
11:22:48.716 [Forwarding setTimeout on session a0cb0bb01edc9a6efead76024cd2f333 to remote] DEBUG org.apache.http.wire - http-outgoing-18 >> "POST /session/a0cb0bb01edc9a6efead76024cd2f333/timeouts HTTP/1.1[\r][\n]"
11:22:48.716 [Forwarding setTimeout on session a0cb0bb01edc9a6efead76024cd2f333 to remote] DEBUG org.apache.http.wire - http-outgoing-18 >> "Content-Type: application/json; charset=utf-8[\r][\n]"
11:22:48.716 [Forwarding setTimeout on session a0cb0bb01edc9a6efead76024cd2f333 to remote] DEBUG org.apache.http.wire - http-outgoing-18 >> "Content-Length: 18[\r][\n]"
11:22:48.716 [Forwarding setTimeout on session a0cb0bb01edc9a6efead76024cd2f333 to remote] DEBUG org.apache.http.wire - http-outgoing-18 >> "Host: localhost:31945[\r][\n]"
11:22:48.716 [Forwarding setTimeout on session a0cb0bb01edc9a6efead76024cd2f333 to remote] DEBUG org.apache.http.wire - http-outgoing-18 >> "Connection: Keep-Alive[\r][\n]"
11:22:48.716 [Forwarding setTimeout on session a0cb0bb01edc9a6efead76024cd2f333 to remote] DEBUG org.apache.http.wire - http-outgoing-18 >> "User-Agent: Apache-HttpClient/4.5.3 (Java/1.8.0_211)[\r][\n]"
11:22:48.716 [Forwarding setTimeout on session a0cb0bb01edc9a6efead76024cd2f333 to remote] DEBUG org.apache.http.wire - http-outgoing-18 >> "Accept-Encoding: gzip,deflate[\r][\n]"
11:22:48.716 [Forwarding setTimeout on session a0cb0bb01edc9a6efead76024cd2f333 to remote] DEBUG org.apache.http.wire - http-outgoing-18 >> "[\r][\n]"
11:22:48.716 [Forwarding setTimeout on session a0cb0bb01edc9a6efead76024cd2f333 to remote] DEBUG org.apache.http.wire - http-outgoing-18 >> "{"implicit":10000}"
11:22:48.716 [Forwarding setTimeout on session a0cb0bb01edc9a6efead76024cd2f333 to remote] DEBUG org.apache.http.wire - http-outgoing-18 << "HTTP/1.1 200 OK[\r][\n]"
11:22:48.716 [Forwarding setTimeout on session a0cb0bb01edc9a6efead76024cd2f333 to remote] DEBUG org.apache.http.wire - http-outgoing-18 << "Content-Length:14[\r][\n]"
11:22:48.716 [Forwarding setTimeout on session a0cb0bb01edc9a6efead76024cd2f333 to remote] DEBUG org.apache.http.wire - http-outgoing-18 << "Content-Type:application/json; charset=utf-8[\r][\n]"
11:22:48.716 [Forwarding setTimeout on session a0cb0bb01edc9a6efead76024cd2f333 to remote] DEBUG org.apache.http.wire - http-outgoing-18 << "cache-control:no-cache[\r][\n]"
11:22:48.716 [Forwarding setTimeout on session a0cb0bb01edc9a6efead76024cd2f333 to remote] DEBUG org.apache.http.wire - http-outgoing-18 << "[\r][\n]"
11:22:48.716 [Forwarding setTimeout on session a0cb0bb01edc9a6efead76024cd2f333 to remote] DEBUG org.apache.http.wire - http-outgoing-18 << "{"value":null}"
11:22:48.716 [Forwarding setTimeout on session a0cb0bb01edc9a6efead76024cd2f333 to remote] DEBUG org.apache.http.headers - http-outgoing-18 << HTTP/1.1 200 OK
11:22:48.716 [Forwarding setTimeout on session a0cb0bb01edc9a6efead76024cd2f333 to remote] DEBUG org.apache.http.headers - http-outgoing-18 << Content-Length:14
11:22:48.716 [Forwarding setTimeout on session a0cb0bb01edc9a6efead76024cd2f333 to remote] DEBUG org.apache.http.headers - http-outgoing-18 << Content-Type:application/json; charset=utf-8
11:22:48.716 [Forwarding setTimeout on session a0cb0bb01edc9a6efead76024cd2f333 to remote] DEBUG org.apache.http.headers - http-outgoing-18 << cache-control:no-cache
11:22:48.716 [Forwarding setTimeout on session a0cb0bb01edc9a6efead76024cd2f333 to remote] DEBUG org.apache.http.impl.execchain.MainClientExec - Connection can be kept alive indefinitely
11:22:48.716 [Forwarding setTimeout on session a0cb0bb01edc9a6efead76024cd2f333 to remote] DEBUG org.apache.http.impl.conn.PoolingHttpClientConnectionManager - Connection [id: 18][route: {}->http://localhost:31945] can be kept alive indefinitely
11:22:48.716 [Forwarding setTimeout on session a0cb0bb01edc9a6efead76024cd2f333 to remote] DEBUG org.apache.http.impl.conn.PoolingHttpClientConnectionManager - Connection released: [id: 18][route: {}->http://localhost:31945][total kept alive: 19; route allocated: 1 of 2000; total allocated: 19 of 2000]
LOGIN
11:22:48.717 [Forwarding setCurrentWindowSize on session a0cb0bb01edc9a6efead76024cd2f333 to remote] DEBUG org.apache.http.client.protocol.RequestAddCookies - CookieSpec selected: default
11:22:48.717 [Forwarding setCurrentWindowSize on session a0cb0bb01edc9a6efead76024cd2f333 to remote] DEBUG org.apache.http.client.protocol.RequestAuthCache - Auth cache not set in the context
11:22:48.717 [Forwarding setCurrentWindowSize on session a0cb0bb01edc9a6efead76024cd2f333 to remote] DEBUG org.apache.http.impl.conn.PoolingHttpClientConnectionManager - Connection request: [route: {}->http://localhost:31945][total kept alive: 19; route allocated: 1 of 2000; total allocated: 19 of 2000]
11:22:48.717 [Forwarding setCurrentWindowSize on session a0cb0bb01edc9a6efead76024cd2f333 to remote] DEBUG org.apache.http.impl.conn.PoolingHttpClientConnectionManager - Connection leased: [id: 18][route: {}->http://localhost:31945][total kept alive: 18; route allocated: 1 of 2000; total allocated: 19 of 2000]
11:22:48.717 [Forwarding setCurrentWindowSize on session a0cb0bb01edc9a6efead76024cd2f333 to remote] DEBUG org.apache.http.impl.execchain.MainClientExec - Stale connection check
11:22:48.718 [Forwarding setCurrentWindowSize on session a0cb0bb01edc9a6efead76024cd2f333 to remote] DEBUG org.apache.http.wire - http-outgoing-18 << "[read] I/O error: Read timed out"
11:22:48.718 [Forwarding setCurrentWindowSize on session a0cb0bb01edc9a6efead76024cd2f333 to remote] DEBUG org.apache.http.impl.conn.DefaultManagedHttpClientConnection - http-outgoing-18: set socket timeout to 10800000
11:22:48.718 [Forwarding setCurrentWindowSize on session a0cb0bb01edc9a6efead76024cd2f333 to remote] DEBUG org.apache.http.impl.execchain.MainClientExec - Executing request POST /session/a0cb0bb01edc9a6efead76024cd2f333/window/rect HTTP/1.1
11:22:48.718 [Forwarding setCurrentWindowSize on session a0cb0bb01edc9a6efead76024cd2f333 to remote] DEBUG org.apache.http.impl.execchain.MainClientExec - Target auth state: UNCHALLENGED
11:22:48.718 [Forwarding setCurrentWindowSize on session a0cb0bb01edc9a6efead76024cd2f333 to remote] DEBUG org.apache.http.impl.execchain.MainClientExec - Proxy auth state: UNCHALLENGED
11:22:48.718 [Forwarding setCurrentWindowSize on session a0cb0bb01edc9a6efead76024cd2f333 to remote] DEBUG org.apache.http.headers - http-outgoing-18 >> POST /session/a0cb0bb01edc9a6efead76024cd2f333/window/rect HTTP/1.1
11:22:48.718 [Forwarding setCurrentWindowSize on session a0cb0bb01edc9a6efead76024cd2f333 to remote] DEBUG org.apache.http.headers - http-outgoing-18 >> Content-Type: application/json; charset=utf-8
11:22:48.718 [Forwarding setCurrentWindowSize on session a0cb0bb01edc9a6efead76024cd2f333 to remote] DEBUG org.apache.http.headers - http-outgoing-18 >> Content-Length: 28
11:22:48.718 [Forwarding setCurrentWindowSize on session a0cb0bb01edc9a6efead76024cd2f333 to remote] DEBUG org.apache.http.headers - http-outgoing-18 >> Host: localhost:31945
11:22:48.718 [Forwarding setCurrentWindowSize on session a0cb0bb01edc9a6efead76024cd2f333 to remote] DEBUG org.apache.http.headers - http-outgoing-18 >> Connection: Keep-Alive
11:22:48.718 [Forwarding setCurrentWindowSize on session a0cb0bb01edc9a6efead76024cd2f333 to remote] DEBUG org.apache.http.headers - http-outgoing-18 >> User-Agent: Apache-HttpClient/4.5.3 (Java/1.8.0_211)
11:22:48.718 [Forwarding setCurrentWindowSize on session a0cb0bb01edc9a6efead76024cd2f333 to remote] DEBUG org.apache.http.headers - http-outgoing-18 >> Accept-Encoding: gzip,deflate
11:22:48.718 [Forwarding setCurrentWindowSize on session a0cb0bb01edc9a6efead76024cd2f333 to remote] DEBUG org.apache.http.wire - http-outgoing-18 >> "POST /session/a0cb0bb01edc9a6efead76024cd2f333/window/rect HTTP/1.1[\r][\n]"
11:22:48.718 [Forwarding setCurrentWindowSize on session a0cb0bb01edc9a6efead76024cd2f333 to remote] DEBUG org.apache.http.wire - http-outgoing-18 >> "Content-Type: application/json; charset=utf-8[\r][\n]"
11:22:48.718 [Forwarding setCurrentWindowSize on session a0cb0bb01edc9a6efead76024cd2f333 to remote] DEBUG org.apache.http.wire - http-outgoing-18 >> "Content-Length: 28[\r][\n]"
11:22:48.718 [Forwarding setCurrentWindowSize on session a0cb0bb01edc9a6efead76024cd2f333 to remote] DEBUG org.apache.http.wire - http-outgoing-18 >> "Host: localhost:31945[\r][\n]"
11:22:48.718 [Forwarding setCurrentWindowSize on session a0cb0bb01edc9a6efead76024cd2f333 to remote] DEBUG org.apache.http.wire - http-outgoing-18 >> "Connection: Keep-Alive[\r][\n]"
11:22:48.718 [Forwarding setCurrentWindowSize on session a0cb0bb01edc9a6efead76024cd2f333 to remote] DEBUG org.apache.http.wire - http-outgoing-18 >> "User-Agent: Apache-HttpClient/4.5.3 (Java/1.8.0_211)[\r][\n]"
11:22:48.718 [Forwarding setCurrentWindowSize on session a0cb0bb01edc9a6efead76024cd2f333 to remote] DEBUG org.apache.http.wire - http-outgoing-18 >> "Accept-Encoding: gzip,deflate[\r][\n]"
11:22:48.718 [Forwarding setCurrentWindowSize on session a0cb0bb01edc9a6efead76024cd2f333 to remote] DEBUG org.apache.http.wire - http-outgoing-18 >> "[\r][\n]"
11:22:48.718 [Forwarding setCurrentWindowSize on session a0cb0bb01edc9a6efead76024cd2f333 to remote] DEBUG org.apache.http.wire - http-outgoing-18 >> "{"width":2560,"height":1440}"
11:22:48.847 [Forwarding setCurrentWindowSize on session a0cb0bb01edc9a6efead76024cd2f333 to remote] DEBUG org.apache.http.wire - http-outgoing-18 << "HTTP/1.1 200 OK[\r][\n]"
11:22:48.847 [Forwarding setCurrentWindowSize on session a0cb0bb01edc9a6efead76024cd2f333 to remote] DEBUG org.apache.http.wire - http-outgoing-18 << "Content-Length:50[\r][\n]"
11:22:48.847 [Forwarding setCurrentWindowSize on session a0cb0bb01edc9a6efead76024cd2f333 to remote] DEBUG org.apache.http.wire - http-outgoing-18 << "Content-Type:application/json; charset=utf-8[\r][\n]"
11:22:48.847 [Forwarding setCurrentWindowSize on session a0cb0bb01edc9a6efead76024cd2f333 to remote] DEBUG org.apache.http.wire - http-outgoing-18 << "cache-control:no-cache[\r][\n]"
11:22:48.847 [Forwarding setCurrentWindowSize on session a0cb0bb01edc9a6efead76024cd2f333 to remote] DEBUG org.apache.http.wire - http-outgoing-18 << "[\r][\n]"
11:22:48.847 [Forwarding setCurrentWindowSize on session a0cb0bb01edc9a6efead76024cd2f333 to remote] DEBUG org.apache.http.wire - http-outgoing-18 << "{"value":{"height":1440,"width":2560,"x":0,"y":0}}"
11:22:48.847 [Forwarding setCurrentWindowSize on session a0cb0bb01edc9a6efead76024cd2f333 to remote] DEBUG org.apache.http.headers - http-outgoing-18 << HTTP/1.1 200 OK
11:22:48.847 [Forwarding setCurrentWindowSize on session a0cb0bb01edc9a6efead76024cd2f333 to remote] DEBUG org.apache.http.headers - http-outgoing-18 << Content-Length:50
11:22:48.847 [Forwarding setCurrentWindowSize on session a0cb0bb01edc9a6efead76024cd2f333 to remote] DEBUG org.apache.http.headers - http-outgoing-18 << Content-Type:application/json; charset=utf-8
11:22:48.847 [Forwarding setCurrentWindowSize on session a0cb0bb01edc9a6efead76024cd2f333 to remote] DEBUG org.apache.http.headers - http-outgoing-18 << cache-control:no-cache
11:22:48.847 [Forwarding setCurrentWindowSize on session a0cb0bb01edc9a6efead76024cd2f333 to remote] DEBUG org.apache.http.impl.execchain.MainClientExec - Connection can be kept alive indefinitely
11:22:48.847 [Forwarding setCurrentWindowSize on session a0cb0bb01edc9a6efead76024cd2f333 to remote] DEBUG org.apache.http.impl.conn.PoolingHttpClientConnectionManager - Connection [id: 18][route: {}->http://localhost:31945] can be kept alive indefinitely
11:22:48.847 [Forwarding setCurrentWindowSize on session a0cb0bb01edc9a6efead76024cd2f333 to remote] DEBUG org.apache.http.impl.conn.PoolingHttpClientConnectionManager - Connection released: [id: 18][route: {}->http://localhost:31945][total kept alive: 19; route allocated: 1 of 2000; total allocated: 19 of 2000]
11:22:49.048 [Forwarding findElement on session a0cb0bb01edc9a6efead76024cd2f333 to remote] DEBUG org.apache.http.client.protocol.RequestAddCookies - CookieSpec selected: default
11:22:49.048 [Forwarding findElement on session a0cb0bb01edc9a6efead76024cd2f333 to remote] DEBUG org.apache.http.client.protocol.RequestAuthCache - Auth cache not set in the context
11:22:49.048 [Forwarding findElement on session a0cb0bb01edc9a6efead76024cd2f333 to remote] DEBUG org.apache.http.impl.conn.PoolingHttpClientConnectionManager - Connection request: [route: {}->http://localhost:31945][total kept alive: 19; route allocated: 1 of 2000; total allocated: 19 of 2000]
11:22:49.048 [Forwarding findElement on session a0cb0bb01edc9a6efead76024cd2f333 to remote] DEBUG org.apache.http.impl.conn.PoolingHttpClientConnectionManager - Connection leased: [id: 18][route: {}->http://localhost:31945][total kept alive: 18; route allocated: 1 of 2000; total allocated: 19 of 2000]
11:22:49.048 [Forwarding findElement on session a0cb0bb01edc9a6efead76024cd2f333 to remote] DEBUG org.apache.http.impl.execchain.MainClientExec - Stale connection check
11:22:49.049 [Forwarding findElement on session a0cb0bb01edc9a6efead76024cd2f333 to remote] DEBUG org.apache.http.wire - http-outgoing-18 << "[read] I/O error: Read timed out"
11:22:49.049 [Forwarding findElement on session a0cb0bb01edc9a6efead76024cd2f333 to remote] DEBUG org.apache.http.impl.conn.DefaultManagedHttpClientConnection - http-outgoing-18: set socket timeout to 10800000
11:22:49.049 [Forwarding findElement on session a0cb0bb01edc9a6efead76024cd2f333 to remote] DEBUG org.apache.http.impl.execchain.MainClientExec - Executing request POST /session/a0cb0bb01edc9a6efead76024cd2f333/element HTTP/1.1
11:22:49.049 [Forwarding findElement on session a0cb0bb01edc9a6efead76024cd2f333 to remote] DEBUG org.apache.http.impl.execchain.MainClientExec - Target auth state: UNCHALLENGED
11:22:49.049 [Forwarding findElement on session a0cb0bb01edc9a6efead76024cd2f333 to remote] DEBUG org.apache.http.impl.execchain.MainClientExec - Proxy auth state: UNCHALLENGED
11:22:49.049 [Forwarding findElement on session a0cb0bb01edc9a6efead76024cd2f333 to remote] DEBUG org.apache.http.headers - http-outgoing-18 >> POST /session/a0cb0bb01edc9a6efead76024cd2f333/element HTTP/1.1
11:22:49.049 [Forwarding findElement on session a0cb0bb01edc9a6efead76024cd2f333 to remote] DEBUG org.apache.http.headers - http-outgoing-18 >> Content-Type: application/json; charset=utf-8
11:22:49.049 [Forwarding findElement on session a0cb0bb01edc9a6efead76024cd2f333 to remote] DEBUG org.apache.http.headers - http-outgoing-18 >> Content-Length: 58
11:22:49.049 [Forwarding findElement on session a0cb0bb01edc9a6efead76024cd2f333 to remote] DEBUG org.apache.http.headers - http-outgoing-18 >> Host: localhost:31945
11:22:49.049 [Forwarding findElement on session a0cb0bb01edc9a6efead76024cd2f333 to remote] DEBUG org.apache.http.headers - http-outgoing-18 >> Connection: Keep-Alive
11:22:49.049 [Forwarding findElement on session a0cb0bb01edc9a6efead76024cd2f333 to remote] DEBUG org.apache.http.headers - http-outgoing-18 >> User-Agent: Apache-HttpClient/4.5.3 (Java/1.8.0_211)
11:22:49.049 [Forwarding findElement on session a0cb0bb01edc9a6efead76024cd2f333 to remote] DEBUG org.apache.http.headers - http-outgoing-18 >> Accept-Encoding: gzip,deflate
11:22:49.049 [Forwarding findElement on session a0cb0bb01edc9a6efead76024cd2f333 to remote] DEBUG org.apache.http.wire - http-outgoing-18 >> "POST /session/a0cb0bb01edc9a6efead76024cd2f333/element HTTP/1.1[\r][\n]"
11:22:49.049 [Forwarding findElement on session a0cb0bb01edc9a6efead76024cd2f333 to remote] DEBUG org.apache.http.wire - http-outgoing-18 >> "Content-Type: application/json; charset=utf-8[\r][\n]"
11:22:49.049 [Forwarding findElement on session a0cb0bb01edc9a6efead76024cd2f333 to remote] DEBUG org.apache.http.wire - http-outgoing-18 >> "Content-Length: 58[\r][\n]"
11:22:49.049 [Forwarding findElement on session a0cb0bb01edc9a6efead76024cd2f333 to remote] DEBUG org.apache.http.wire - http-outgoing-18 >> "Host: localhost:31945[\r][\n]"
11:22:49.049 [Forwarding findElement on session a0cb0bb01edc9a6efead76024cd2f333 to remote] DEBUG org.apache.http.wire - http-outgoing-18 >> "Connection: Keep-Alive[\r][\n]"
11:22:49.049 [Forwarding findElement on session a0cb0bb01edc9a6efead76024cd2f333 to remote] DEBUG org.apache.http.wire - http-outgoing-18 >> "User-Agent: Apache-HttpClient/4.5.3 (Java/1.8.0_211)[\r][\n]"
11:22:49.049 [Forwarding findElement on session a0cb0bb01edc9a6efead76024cd2f333 to remote] DEBUG org.apache.http.wire - http-outgoing-18 >> "Accept-Encoding: gzip,deflate[\r][\n]"
11:22:49.049 [Forwarding findElement on session a0cb0bb01edc9a6efead76024cd2f333 to remote] DEBUG org.apache.http.wire - http-outgoing-18 >> "[\r][\n]"
11:22:49.049 [Forwarding findElement on session a0cb0bb01edc9a6efead76024cd2f333 to remote] DEBUG org.apache.http.wire - http-outgoing-18 >> "{"value":".dropdown-toggle > span","using":"css selector"}"
11:22:49.075 [Forwarding findElement on session a0cb0bb01edc9a6efead76024cd2f333 to remote] DEBUG org.apache.http.wire - http-outgoing-18 << "HTTP/1.1 200 OK[\r][\n]"
11:22:49.075 [Forwarding findElement on session a0cb0bb01edc9a6efead76024cd2f333 to remote] DEBUG org.apache.http.wire - http-outgoing-18 << "Content-Length:88[\r][\n]"
11:22:49.075 [Forwarding findElement on session a0cb0bb01edc9a6efead76024cd2f333 to remote] DEBUG org.apache.http.wire - http-outgoing-18 << "Content-Type:application/json; charset=utf-8[\r][\n]"
11:22:49.075 [Forwarding findElement on session a0cb0bb01edc9a6efead76024cd2f333 to remote] DEBUG org.apache.http.wire - http-outgoing-18 << "cache-control:no-cache[\r][\n]"
11:22:49.075 [Forwarding findElement on session a0cb0bb01edc9a6efead76024cd2f333 to remote] DEBUG org.apache.http.wire - http-outgoing-18 << "[\r][\n]"
11:22:49.075 [Forwarding findElement on session a0cb0bb01edc9a6efead76024cd2f333 to remote] DEBUG org.apache.http.wire - http-outgoing-18 << "{"value":{"element-6066-11e4-a52e-4f735466cecf":"23f0a271-42ed-4ef2-ba68-2d68efa2303c"}}"
11:22:49.075 [Forwarding findElement on session a0cb0bb01edc9a6efead76024cd2f333 to remote] DEBUG org.apache.http.headers - http-outgoing-18 << HTTP/1.1 200 OK
11:22:49.075 [Forwarding findElement on session a0cb0bb01edc9a6efead76024cd2f333 to remote] DEBUG org.apache.http.headers - http-outgoing-18 << Content-Length:88
11:22:49.075 [Forwarding findElement on session a0cb0bb01edc9a6efead76024cd2f333 to remote] DEBUG org.apache.http.headers - http-outgoing-18 << Content-Type:application/json; charset=utf-8
11:22:49.075 [Forwarding findElement on session a0cb0bb01edc9a6efead76024cd2f333 to remote] DEBUG org.apache.http.headers - http-outgoing-18 << cache-control:no-cache
11:22:49.075 [Forwarding findElement on session a0cb0bb01edc9a6efead76024cd2f333 to remote] DEBUG org.apache.http.impl.execchain.MainClientExec - Connection can be kept alive indefinitely
11:22:49.075 [Forwarding findElement on session a0cb0bb01edc9a6efead76024cd2f333 to remote] DEBUG org.apache.http.impl.conn.PoolingHttpClientConnectionManager - Connection [id: 18][route: {}->http://localhost:31945] can be kept alive indefinitely
11:22:49.075 [Forwarding findElement on session a0cb0bb01edc9a6efead76024cd2f333 to remote] DEBUG org.apache.http.impl.conn.PoolingHttpClientConnectionManager - Connection released: [id: 18][route: {}->http://localhost:31945][total kept alive: 19; route allocated: 1 of 2000; total allocated: 19 of 2000]
11:22:49.075 [Forwarding actions on session a0cb0bb01edc9a6efead76024cd2f333 to remote] DEBUG org.apache.http.client.protocol.RequestAddCookies - CookieSpec selected: default
11:22:49.075 [Forwarding actions on session a0cb0bb01edc9a6efead76024cd2f333 to remote] DEBUG org.apache.http.client.protocol.RequestAuthCache - Auth cache not set in the context
11:22:49.075 [Forwarding actions on session a0cb0bb01edc9a6efead76024cd2f333 to remote] DEBUG org.apache.http.impl.conn.PoolingHttpClientConnectionManager - Connection request: [route: {}->http://localhost:31945][total kept alive: 19; route allocated: 1 of 2000; total allocated: 19 of 2000]
11:22:49.075 [Forwarding actions on session a0cb0bb01edc9a6efead76024cd2f333 to remote] DEBUG org.apache.http.impl.conn.PoolingHttpClientConnectionManager - Connection leased: [id: 18][route: {}->http://localhost:31945][total kept alive: 18; route allocated: 1 of 2000; total allocated: 19 of 2000]
11:22:49.075 [Forwarding actions on session a0cb0bb01edc9a6efead76024cd2f333 to remote] DEBUG org.apache.http.impl.execchain.MainClientExec - Stale connection check
11:22:49.077 [Forwarding actions on session a0cb0bb01edc9a6efead76024cd2f333 to remote] DEBUG org.apache.http.wire - http-outgoing-18 << "[read] I/O error: Read timed out"
11:22:49.077 [Forwarding actions on session a0cb0bb01edc9a6efead76024cd2f333 to remote] DEBUG org.apache.http.impl.conn.DefaultManagedHttpClientConnection - http-outgoing-18: set socket timeout to 10800000
11:22:49.077 [Forwarding actions on session a0cb0bb01edc9a6efead76024cd2f333 to remote] DEBUG org.apache.http.impl.execchain.MainClientExec - Executing request POST /session/a0cb0bb01edc9a6efead76024cd2f333/actions HTTP/1.1
11:22:49.077 [Forwarding actions on session a0cb0bb01edc9a6efead76024cd2f333 to remote] DEBUG org.apache.http.impl.execchain.MainClientExec - Target auth state: UNCHALLENGED
11:22:49.077 [Forwarding actions on session a0cb0bb01edc9a6efead76024cd2f333 to remote] DEBUG org.apache.http.impl.execchain.MainClientExec - Proxy auth state: UNCHALLENGED
11:22:49.077 [Forwarding actions on session a0cb0bb01edc9a6efead76024cd2f333 to remote] DEBUG org.apache.http.headers - http-outgoing-18 >> POST /session/a0cb0bb01edc9a6efead76024cd2f333/actions HTTP/1.1
11:22:49.077 [Forwarding actions on session a0cb0bb01edc9a6efead76024cd2f333 to remote] DEBUG org.apache.http.headers - http-outgoing-18 >> Content-Type: application/json; charset=utf-8
11:22:49.077 [Forwarding actions on session a0cb0bb01edc9a6efead76024cd2f333 to remote] DEBUG org.apache.http.headers - http-outgoing-18 >> Content-Length: 289
11:22:49.077 [Forwarding actions on session a0cb0bb01edc9a6efead76024cd2f333 to remote] DEBUG org.apache.http.headers - http-outgoing-18 >> Host: localhost:31945
11:22:49.077 [Forwarding actions on session a0cb0bb01edc9a6efead76024cd2f333 to remote] DEBUG org.apache.http.headers - http-outgoing-18 >> Connection: Keep-Alive
11:22:49.077 [Forwarding actions on session a0cb0bb01edc9a6efead76024cd2f333 to remote] DEBUG org.apache.http.headers - http-outgoing-18 >> User-Agent: Apache-HttpClient/4.5.3 (Java/1.8.0_211)
11:22:49.077 [Forwarding actions on session a0cb0bb01edc9a6efead76024cd2f333 to remote] DEBUG org.apache.http.headers - http-outgoing-18 >> Accept-Encoding: gzip,deflate
11:22:49.077 [Forwarding actions on session a0cb0bb01edc9a6efead76024cd2f333 to remote] DEBUG org.apache.http.wire - http-outgoing-18 >> "POST /session/a0cb0bb01edc9a6efead76024cd2f333/actions HTTP/1.1[\r][\n]"
11:22:49.077 [Forwarding actions on session a0cb0bb01edc9a6efead76024cd2f333 to remote] DEBUG org.apache.http.wire - http-outgoing-18 >> "Content-Type: application/json; charset=utf-8[\r][\n]"
11:22:49.077 [Forwarding actions on session a0cb0bb01edc9a6efead76024cd2f333 to remote] DEBUG org.apache.http.wire - http-outgoing-18 >> "Content-Length: 289[\r][\n]"
11:22:49.077 [Forwarding actions on session a0cb0bb01edc9a6efead76024cd2f333 to remote] DEBUG org.apache.http.wire - http-outgoing-18 >> "Host: localhost:31945[\r][\n]"
11:22:49.077 [Forwarding actions on session a0cb0bb01edc9a6efead76024cd2f333 to remote] DEBUG org.apache.http.wire - http-outgoing-18 >> "Connection: Keep-Alive[\r][\n]"
11:22:49.077 [Forwarding actions on session a0cb0bb01edc9a6efead76024cd2f333 to remote] DEBUG org.apache.http.wire - http-outgoing-18 >> "User-Agent: Apache-HttpClient/4.5.3 (Java/1.8.0_211)[\r][\n]"
11:22:49.077 [Forwarding actions on session a0cb0bb01edc9a6efead76024cd2f333 to remote] DEBUG org.apache.http.wire - http-outgoing-18 >> "Accept-Encoding: gzip,deflate[\r][\n]"
11:22:49.077 [Forwarding actions on session a0cb0bb01edc9a6efead76024cd2f333 to remote] DEBUG org.apache.http.wire - http-outgoing-18 >> "[\r][\n]"
11:22:49.077 [Forwarding actions on session a0cb0bb01edc9a6efead76024cd2f333 to remote] DEBUG org.apache.http.wire - http-outgoing-18 >> "{"actions":[{"id":"default mouse","type":"pointer","parameters":{"pointerType":"mouse"},"actions":[{"duration":100,"x":0,"y":0,"type":"pointerMove","origin":{"ELEMENT":"23f0a271-42ed-4ef2-ba68-2d68efa2303c","element-6066-11e4-a52e-4f735466cecf":"23f0a271-42ed-4ef2-ba68-2d68efa2303c"}}]}]}"
11:22:49.195 [Forwarding actions on session a0cb0bb01edc9a6efead76024cd2f333 to remote] DEBUG org.apache.http.wire - http-outgoing-18 << "HTTP/1.1 200 OK[\r][\n]"
11:22:49.195 [Forwarding actions on session a0cb0bb01edc9a6efead76024cd2f333 to remote] DEBUG org.apache.http.wire - http-outgoing-18 << "Content-Length:14[\r][\n]"
11:22:49.195 [Forwarding actions on session a0cb0bb01edc9a6efead76024cd2f333 to remote] DEBUG org.apache.http.wire - http-outgoing-18 << "Content-Type:application/json; charset=utf-8[\r][\n]"
11:22:49.195 [Forwarding actions on session a0cb0bb01edc9a6efead76024cd2f333 to remote] DEBUG org.apache.http.wire - http-outgoing-18 << "cache-control:no-cache[\r][\n]"
11:22:49.195 [Forwarding actions on session a0cb0bb01edc9a6efead76024cd2f333 to remote] DEBUG org.apache.http.wire - http-outgoing-18 << "[\r][\n]"
11:22:49.195 [Forwarding actions on session a0cb0bb01edc9a6efead76024cd2f333 to remote] DEBUG org.apache.http.wire - http-outgoing-18 << "{"value":null}"
11:22:49.195 [Forwarding actions on session a0cb0bb01edc9a6efead76024cd2f333 to remote] DEBUG org.apache.http.headers - http-outgoing-18 << HTTP/1.1 200 OK
11:22:49.195 [Forwarding actions on session a0cb0bb01edc9a6efead76024cd2f333 to remote] DEBUG org.apache.http.headers - http-outgoing-18 << Content-Length:14
11:22:49.195 [Forwarding actions on session a0cb0bb01edc9a6efead76024cd2f333 to remote] DEBUG org.apache.http.headers - http-outgoing-18 << Content-Type:application/json; charset=utf-8
11:22:49.195 [Forwarding actions on session a0cb0bb01edc9a6efead76024cd2f333 to remote] DEBUG org.apache.http.headers - http-outgoing-18 << cache-control:no-cache
11:22:49.195 [Forwarding actions on session a0cb0bb01edc9a6efead76024cd2f333 to remote] DEBUG org.apache.http.impl.execchain.MainClientExec - Connection can be kept alive indefinitely
11:22:49.195 [Forwarding actions on session a0cb0bb01edc9a6efead76024cd2f333 to remote] DEBUG org.apache.http.impl.conn.PoolingHttpClientConnectionManager - Connection [id: 18][route: {}->http://localhost:31945] can be kept alive indefinitely
11:22:49.195 [Forwarding actions on session a0cb0bb01edc9a6efead76024cd2f333 to remote] DEBUG org.apache.http.impl.conn.PoolingHttpClientConnectionManager - Connection released: [id: 18][route: {}->http://localhost:31945][total kept alive: 19; route allocated: 1 of 2000; total allocated: 19 of 2000]
11:22:49.196 [Forwarding findElement on session a0cb0bb01edc9a6efead76024cd2f333 to remote] DEBUG org.apache.http.client.protocol.RequestAddCookies - CookieSpec selected: default
11:22:49.196 [Forwarding findElement on session a0cb0bb01edc9a6efead76024cd2f333 to remote] DEBUG org.apache.http.client.protocol.RequestAuthCache - Auth cache not set in the context
11:22:49.196 [Forwarding findElement on session a0cb0bb01edc9a6efead76024cd2f333 to remote] DEBUG org.apache.http.impl.conn.PoolingHttpClientConnectionManager - Connection request: [route: {}->http://localhost:31945][total kept alive: 19; route allocated: 1 of 2000; total allocated: 19 of 2000]
11:22:49.196 [Forwarding findElement on session a0cb0bb01edc9a6efead76024cd2f333 to remote] DEBUG org.apache.http.impl.conn.PoolingHttpClientConnectionManager - Connection leased: [id: 18][route: {}->http://localhost:31945][total kept alive: 18; route allocated: 1 of 2000; total allocated: 19 of 2000]
11:22:49.196 [Forwarding findElement on session a0cb0bb01edc9a6efead76024cd2f333 to remote] DEBUG org.apache.http.impl.execchain.MainClientExec - Stale connection check
11:22:49.197 [Forwarding findElement on session a0cb0bb01edc9a6efead76024cd2f333 to remote] DEBUG org.apache.http.wire - http-outgoing-18 << "[read] I/O error: Read timed out"
11:22:49.197 [Forwarding findElement on session a0cb0bb01edc9a6efead76024cd2f333 to remote] DEBUG org.apache.http.impl.conn.DefaultManagedHttpClientConnection - http-outgoing-18: set socket timeout to 10800000
11:22:49.197 [Forwarding findElement on session a0cb0bb01edc9a6efead76024cd2f333 to remote] DEBUG org.apache.http.impl.execchain.MainClientExec - Executing request POST /session/a0cb0bb01edc9a6efead76024cd2f333/element HTTP/1.1
11:22:49.197 [Forwarding findElement on session a0cb0bb01edc9a6efead76024cd2f333 to remote] DEBUG org.apache.http.impl.execchain.MainClientExec - Target auth state: UNCHALLENGED
11:22:49.197 [Forwarding findElement on session a0cb0bb01edc9a6efead76024cd2f333 to remote] DEBUG org.apache.http.impl.execchain.MainClientExec - Proxy auth state: UNCHALLENGED
11:22:49.197 [Forwarding findElement on session a0cb0bb01edc9a6efead76024cd2f333 to remote] DEBUG org.apache.http.headers - http-outgoing-18 >> POST /session/a0cb0bb01edc9a6efead76024cd2f333/element HTTP/1.1
11:22:49.197 [Forwarding findElement on session a0cb0bb01edc9a6efead76024cd2f333 to remote] DEBUG org.apache.http.headers - http-outgoing-18 >> Content-Type: application/json; charset=utf-8
11:22:49.197 [Forwarding findElement on session a0cb0bb01edc9a6efead76024cd2f333 to remote] DEBUG org.apache.http.headers - http-outgoing-18 >> Content-Length: 58
11:22:49.197 [Forwarding findElement on session a0cb0bb01edc9a6efead76024cd2f333 to remote] DEBUG org.apache.http.headers - http-outgoing-18 >> Host: localhost:31945
11:22:49.197 [Forwarding findElement on session a0cb0bb01edc9a6efead76024cd2f333 to remote] DEBUG org.apache.http.headers - http-outgoing-18 >> Connection: Keep-Alive
11:22:49.197 [Forwarding findElement on session a0cb0bb01edc9a6efead76024cd2f333 to remote] DEBUG org.apache.http.headers - http-outgoing-18 >> User-Agent: Apache-HttpClient/4.5.3 (Java/1.8.0_211)
11:22:49.197 [Forwarding findElement on session a0cb0bb01edc9a6efead76024cd2f333 to remote] DEBUG org.apache.http.headers - http-outgoing-18 >> Accept-Encoding: gzip,deflate
11:22:49.197 [Forwarding findElement on session a0cb0bb01edc9a6efead76024cd2f333 to remote] DEBUG org.apache.http.wire - http-outgoing-18 >> "POST /session/a0cb0bb01edc9a6efead76024cd2f333/element HTTP/1.1[\r][\n]"
11:22:49.197 [Forwarding findElement on session a0cb0bb01edc9a6efead76024cd2f333 to remote] DEBUG org.apache.http.wire - http-outgoing-18 >> "Content-Type: application/json; charset=utf-8[\r][\n]"
11:22:49.197 [Forwarding findElement on session a0cb0bb01edc9a6efead76024cd2f333 to remote] DEBUG org.apache.http.wire - http-outgoing-18 >> "Content-Length: 58[\r][\n]"
11:22:49.197 [Forwarding findElement on session a0cb0bb01edc9a6efead76024cd2f333 to remote] DEBUG org.apache.http.wire - http-outgoing-18 >> "Host: localhost:31945[\r][\n]"
11:22:49.197 [Forwarding findElement on session a0cb0bb01edc9a6efead76024cd2f333 to remote] DEBUG org.apache.http.wire - http-outgoing-18 >> "Connection: Keep-Alive[\r][\n]"
11:22:49.197 [Forwarding findElement on session a0cb0bb01edc9a6efead76024cd2f333 to remote] DEBUG org.apache.http.wire - http-outgoing-18 >> "User-Agent: Apache-HttpClient/4.5.3 (Java/1.8.0_211)[\r][\n]"
11:22:49.197 [Forwarding findElement on session a0cb0bb01edc9a6efead76024cd2f333 to remote] DEBUG org.apache.http.wire - http-outgoing-18 >> "Accept-Encoding: gzip,deflate[\r][\n]"
11:22:49.197 [Forwarding findElement on session a0cb0bb01edc9a6efead76024cd2f333 to remote] DEBUG org.apache.http.wire - http-outgoing-18 >> "[\r][\n]"
11:22:49.197 [Forwarding findElement on session a0cb0bb01edc9a6efead76024cd2f333 to remote] DEBUG org.apache.http.wire - http-outgoing-18 >> "{"value":".px-2:nth-child(3) span","using":"css selector"}"
11:22:49.202 [Forwarding findElement on session a0cb0bb01edc9a6efead76024cd2f333 to remote] DEBUG org.apache.http.wire - http-outgoing-18 << "HTTP/1.1 200 OK[\r][\n]"
11:22:49.202 [Forwarding findElement on session a0cb0bb01edc9a6efead76024cd2f333 to remote] DEBUG org.apache.http.wire - http-outgoing-18 << "Content-Length:88[\r][\n]"
11:22:49.202 [Forwarding findElement on session a0cb0bb01edc9a6efead76024cd2f333 to remote] DEBUG org.apache.http.wire - http-outgoing-18 << "Content-Type:application/json; charset=utf-8[\r][\n]"
11:22:49.202 [Forwarding findElement on session a0cb0bb01edc9a6efead76024cd2f333 to remote] DEBUG org.apache.http.wire - http-outgoing-18 << "cache-control:no-cache[\r][\n]"
11:22:49.202 [Forwarding findElement on session a0cb0bb01edc9a6efead76024cd2f333 to remote] DEBUG org.apache.http.wire - http-outgoing-18 << "[\r][\n]"
11:22:49.202 [Forwarding findElement on session a0cb0bb01edc9a6efead76024cd2f333 to remote] DEBUG org.apache.http.wire - http-outgoing-18 << "{"value":{"element-6066-11e4-a52e-4f735466cecf":"db95fefb-999b-42fa-b664-fb1e0cc5d8fe"}}"
11:22:49.202 [Forwarding findElement on session a0cb0bb01edc9a6efead76024cd2f333 to remote] DEBUG org.apache.http.headers - http-outgoing-18 << HTTP/1.1 200 OK
11:22:49.202 [Forwarding findElement on session a0cb0bb01edc9a6efead76024cd2f333 to remote] DEBUG org.apache.http.headers - http-outgoing-18 << Content-Length:88
11:22:49.202 [Forwarding findElement on session a0cb0bb01edc9a6efead76024cd2f333 to remote] DEBUG org.apache.http.headers - http-outgoing-18 << Content-Type:application/json; charset=utf-8
11:22:49.202 [Forwarding findElement on session a0cb0bb01edc9a6efead76024cd2f333 to remote] DEBUG org.apache.http.headers - http-outgoing-18 << cache-control:no-cache
11:22:49.202 [Forwarding findElement on session a0cb0bb01edc9a6efead76024cd2f333 to remote] DEBUG org.apache.http.impl.execchain.MainClientExec - Connection can be kept alive indefinitely
11:22:49.202 [Forwarding findElement on session a0cb0bb01edc9a6efead76024cd2f333 to remote] DEBUG org.apache.http.impl.conn.PoolingHttpClientConnectionManager - Connection [id: 18][route: {}->http://localhost:31945] can be kept alive indefinitely
11:22:49.202 [Forwarding findElement on session a0cb0bb01edc9a6efead76024cd2f333 to remote] DEBUG org.apache.http.impl.conn.PoolingHttpClientConnectionManager - Connection released: [id: 18][route: {}->http://localhost:31945][total kept alive: 19; route allocated: 1 of 2000; total allocated: 19 of 2000]
11:22:49.202 [Forwarding clickElement on session a0cb0bb01edc9a6efead76024cd2f333 to remote] DEBUG org.apache.http.client.protocol.RequestAddCookies - CookieSpec selected: default
11:22:49.202 [Forwarding clickElement on session a0cb0bb01edc9a6efead76024cd2f333 to remote] DEBUG org.apache.http.client.protocol.RequestAuthCache - Auth cache not set in the context
11:22:49.202 [Forwarding clickElement on session a0cb0bb01edc9a6efead76024cd2f333 to remote] DEBUG org.apache.http.impl.conn.PoolingHttpClientConnectionManager - Connection request: [route: {}->http://localhost:31945][total kept alive: 19; route allocated: 1 of 2000; total allocated: 19 of 2000]
11:22:49.202 [Forwarding clickElement on session a0cb0bb01edc9a6efead76024cd2f333 to remote] DEBUG org.apache.http.impl.conn.PoolingHttpClientConnectionManager - Connection leased: [id: 18][route: {}->http://localhost:31945][total kept alive: 18; route allocated: 1 of 2000; total allocated: 19 of 2000]
11:22:49.202 [Forwarding clickElement on session a0cb0bb01edc9a6efead76024cd2f333 to remote] DEBUG org.apache.http.impl.execchain.MainClientExec - Stale connection check
11:22:49.204 [Forwarding clickElement on session a0cb0bb01edc9a6efead76024cd2f333 to remote] DEBUG org.apache.http.wire - http-outgoing-18 << "[read] I/O error: Read timed out"
11:22:49.204 [Forwarding clickElement on session a0cb0bb01edc9a6efead76024cd2f333 to remote] DEBUG org.apache.http.impl.conn.DefaultManagedHttpClientConnection - http-outgoing-18: set socket timeout to 10800000
11:22:49.204 [Forwarding clickElement on session a0cb0bb01edc9a6efead76024cd2f333 to remote] DEBUG org.apache.http.impl.execchain.MainClientExec - Executing request POST /session/a0cb0bb01edc9a6efead76024cd2f333/element/db95fefb-999b-42fa-b664-fb1e0cc5d8fe/click HTTP/1.1
11:22:49.204 [Forwarding clickElement on session a0cb0bb01edc9a6efead76024cd2f333 to remote] DEBUG org.apache.http.impl.execchain.MainClientExec - Target auth state: UNCHALLENGED
11:22:49.204 [Forwarding clickElement on session a0cb0bb01edc9a6efead76024cd2f333 to remote] DEBUG org.apache.http.impl.execchain.MainClientExec - Proxy auth state: UNCHALLENGED
11:22:49.204 [Forwarding clickElement on session a0cb0bb01edc9a6efead76024cd2f333 to remote] DEBUG org.apache.http.headers - http-outgoing-18 >> POST /session/a0cb0bb01edc9a6efead76024cd2f333/element/db95fefb-999b-42fa-b664-fb1e0cc5d8fe/click HTTP/1.1
11:22:49.204 [Forwarding clickElement on session a0cb0bb01edc9a6efead76024cd2f333 to remote] DEBUG org.apache.http.headers - http-outgoing-18 >> Content-Type: application/json; charset=utf-8
11:22:49.204 [Forwarding clickElement on session a0cb0bb01edc9a6efead76024cd2f333 to remote] DEBUG org.apache.http.headers - http-outgoing-18 >> Content-Length: 45
11:22:49.204 [Forwarding clickElement on session a0cb0bb01edc9a6efead76024cd2f333 to remote] DEBUG org.apache.http.headers - http-outgoing-18 >> Host: localhost:31945
11:22:49.204 [Forwarding clickElement on session a0cb0bb01edc9a6efead76024cd2f333 to remote] DEBUG org.apache.http.headers - http-outgoing-18 >> Connection: Keep-Alive
11:22:49.204 [Forwarding clickElement on session a0cb0bb01edc9a6efead76024cd2f333 to remote] DEBUG org.apache.http.headers - http-outgoing-18 >> User-Agent: Apache-HttpClient/4.5.3 (Java/1.8.0_211)
11:22:49.204 [Forwarding clickElement on session a0cb0bb01edc9a6efead76024cd2f333 to remote] DEBUG org.apache.http.headers - http-outgoing-18 >> Accept-Encoding: gzip,deflate
11:22:49.204 [Forwarding clickElement on session a0cb0bb01edc9a6efead76024cd2f333 to remote] DEBUG org.apache.http.wire - http-outgoing-18 >> "POST /session/a0cb0bb01edc9a6efead76024cd2f333/element/db95fefb-999b-42fa-b664-fb1e0cc5d8fe/click HTTP/1.1[\r][\n]"
11:22:49.204 [Forwarding clickElement on session a0cb0bb01edc9a6efead76024cd2f333 to remote] DEBUG org.apache.http.wire - http-outgoing-18 >> "Content-Type: application/json; charset=utf-8[\r][\n]"
11:22:49.204 [Forwarding clickElement on session a0cb0bb01edc9a6efead76024cd2f333 to remote] DEBUG org.apache.http.wire - http-outgoing-18 >> "Content-Length: 45[\r][\n]"
11:22:49.204 [Forwarding clickElement on session a0cb0bb01edc9a6efead76024cd2f333 to remote] DEBUG org.apache.http.wire - http-outgoing-18 >> "Host: localhost:31945[\r][\n]"
11:22:49.204 [Forwarding clickElement on session a0cb0bb01edc9a6efead76024cd2f333 to remote] DEBUG org.apache.http.wire - http-outgoing-18 >> "Connection: Keep-Alive[\r][\n]"
11:22:49.204 [Forwarding clickElement on session a0cb0bb01edc9a6efead76024cd2f333 to remote] DEBUG org.apache.http.wire - http-outgoing-18 >> "User-Agent: Apache-HttpClient/4.5.3 (Java/1.8.0_211)[\r][\n]"
11:22:49.204 [Forwarding clickElement on session a0cb0bb01edc9a6efead76024cd2f333 to remote] DEBUG org.apache.http.wire - http-outgoing-18 >> "Accept-Encoding: gzip,deflate[\r][\n]"
11:22:49.204 [Forwarding clickElement on session a0cb0bb01edc9a6efead76024cd2f333 to remote] DEBUG org.apache.http.wire - http-outgoing-18 >> "[\r][\n]"
11:22:49.204 [Forwarding clickElement on session a0cb0bb01edc9a6efead76024cd2f333 to remote] DEBUG org.apache.http.wire - http-outgoing-18 >> "{"id":"db95fefb-999b-42fa-b664-fb1e0cc5d8fe"}"
11:22:49.257 [Forwarding clickElement on session a0cb0bb01edc9a6efead76024cd2f333 to remote] DEBUG org.apache.http.wire - http-outgoing-18 << "HTTP/1.1 200 OK[\r][\n]"
11:22:49.257 [Forwarding clickElement on session a0cb0bb01edc9a6efead76024cd2f333 to remote] DEBUG org.apache.http.wire - http-outgoing-18 << "Content-Length:14[\r][\n]"
11:22:49.257 [Forwarding clickElement on session a0cb0bb01edc9a6efead76024cd2f333 to remote] DEBUG org.apache.http.wire - http-outgoing-18 << "Content-Type:application/json; charset=utf-8[\r][\n]"
11:22:49.257 [Forwarding clickElement on session a0cb0bb01edc9a6efead76024cd2f333 to remote] DEBUG org.apache.http.wire - http-outgoing-18 << "cache-control:no-cache[\r][\n]"
11:22:49.257 [Forwarding clickElement on session a0cb0bb01edc9a6efead76024cd2f333 to remote] DEBUG org.apache.http.wire - http-outgoing-18 << "[\r][\n]"
11:22:49.257 [Forwarding clickElement on session a0cb0bb01edc9a6efead76024cd2f333 to remote] DEBUG org.apache.http.wire - http-outgoing-18 << "{"value":null}"
11:22:49.257 [Forwarding clickElement on session a0cb0bb01edc9a6efead76024cd2f333 to remote] DEBUG org.apache.http.headers - http-outgoing-18 << HTTP/1.1 200 OK
11:22:49.257 [Forwarding clickElement on session a0cb0bb01edc9a6efead76024cd2f333 to remote] DEBUG org.apache.http.headers - http-outgoing-18 << Content-Length:14
11:22:49.257 [Forwarding clickElement on session a0cb0bb01edc9a6efead76024cd2f333 to remote] DEBUG org.apache.http.headers - http-outgoing-18 << Content-Type:application/json; charset=utf-8
11:22:49.257 [Forwarding clickElement on session a0cb0bb01edc9a6efead76024cd2f333 to remote] DEBUG org.apache.http.headers - http-outgoing-18 << cache-control:no-cache
11:22:49.257 [Forwarding clickElement on session a0cb0bb01edc9a6efead76024cd2f333 to remote] DEBUG org.apache.http.impl.execchain.MainClientExec - Connection can be kept alive indefinitely
11:22:49.257 [Forwarding clickElement on session a0cb0bb01edc9a6efead76024cd2f333 to remote] DEBUG org.apache.http.impl.conn.PoolingHttpClientConnectionManager - Connection [id: 18][route: {}->http://localhost:31945] can be kept alive indefinitely
11:22:49.257 [Forwarding clickElement on session a0cb0bb01edc9a6efead76024cd2f333 to remote] DEBUG org.apache.http.impl.conn.PoolingHttpClientConnectionManager - Connection released: [id: 18][route: {}->http://localhost:31945][total kept alive: 19; route allocated: 1 of 2000; total allocated: 19 of 2000]
11:22:49.257 [Forwarding findElement on session a0cb0bb01edc9a6efead76024cd2f333 to remote] DEBUG org.apache.http.client.protocol.RequestAddCookies - CookieSpec selected: default
11:22:49.257 [Forwarding findElement on session a0cb0bb01edc9a6efead76024cd2f333 to remote] DEBUG org.apache.http.client.protocol.RequestAuthCache - Auth cache not set in the context
11:22:49.257 [Forwarding findElement on session a0cb0bb01edc9a6efead76024cd2f333 to remote] DEBUG org.apache.http.impl.conn.PoolingHttpClientConnectionManager - Connection request: [route: {}->http://localhost:31945][total kept alive: 19; route allocated: 1 of 2000; total allocated: 19 of 2000]
11:22:49.257 [Forwarding findElement on session a0cb0bb01edc9a6efead76024cd2f333 to remote] DEBUG org.apache.http.impl.conn.PoolingHttpClientConnectionManager - Connection leased: [id: 18][route: {}->http://localhost:31945][total kept alive: 18; route allocated: 1 of 2000; total allocated: 19 of 2000]
11:22:49.257 [Forwarding findElement on session a0cb0bb01edc9a6efead76024cd2f333 to remote] DEBUG org.apache.http.impl.execchain.MainClientExec - Stale connection check
11:22:49.259 [Forwarding findElement on session a0cb0bb01edc9a6efead76024cd2f333 to remote] DEBUG org.apache.http.wire - http-outgoing-18 << "[read] I/O error: Read timed out"
11:22:49.259 [Forwarding findElement on session a0cb0bb01edc9a6efead76024cd2f333 to remote] DEBUG org.apache.http.impl.conn.DefaultManagedHttpClientConnection - http-outgoing-18: set socket timeout to 10800000
11:22:49.259 [Forwarding findElement on session a0cb0bb01edc9a6efead76024cd2f333 to remote] DEBUG org.apache.http.impl.execchain.MainClientExec - Executing request POST /session/a0cb0bb01edc9a6efead76024cd2f333/element HTTP/1.1
11:22:49.259 [Forwarding findElement on session a0cb0bb01edc9a6efead76024cd2f333 to remote] DEBUG org.apache.http.impl.execchain.MainClientExec - Target auth state: UNCHALLENGED
11:22:49.259 [Forwarding findElement on session a0cb0bb01edc9a6efead76024cd2f333 to remote] DEBUG org.apache.http.impl.execchain.MainClientExec - Proxy auth state: UNCHALLENGED
11:22:49.259 [Forwarding findElement on session a0cb0bb01edc9a6efead76024cd2f333 to remote] DEBUG org.apache.http.headers - http-outgoing-18 >> POST /session/a0cb0bb01edc9a6efead76024cd2f333/element HTTP/1.1
11:22:49.259 [Forwarding findElement on session a0cb0bb01edc9a6efead76024cd2f333 to remote] DEBUG org.apache.http.headers - http-outgoing-18 >> Content-Type: application/json; charset=utf-8
11:22:49.259 [Forwarding findElement on session a0cb0bb01edc9a6efead76024cd2f333 to remote] DEBUG org.apache.http.headers - http-outgoing-18 >> Content-Length: 61
11:22:49.259 [Forwarding findElement on session a0cb0bb01edc9a6efead76024cd2f333 to remote] DEBUG org.apache.http.headers - http-outgoing-18 >> Host: localhost:31945
11:22:49.259 [Forwarding findElement on session a0cb0bb01edc9a6efead76024cd2f333 to remote] DEBUG org.apache.http.headers - http-outgoing-18 >> Connection: Keep-Alive
11:22:49.259 [Forwarding findElement on session a0cb0bb01edc9a6efead76024cd2f333 to remote] DEBUG org.apache.http.headers - http-outgoing-18 >> User-Agent: Apache-HttpClient/4.5.3 (Java/1.8.0_211)
11:22:49.259 [Forwarding findElement on session a0cb0bb01edc9a6efead76024cd2f333 to remote] DEBUG org.apache.http.headers - http-outgoing-18 >> Accept-Encoding: gzip,deflate
11:22:49.259 [Forwarding findElement on session a0cb0bb01edc9a6efead76024cd2f333 to remote] DEBUG org.apache.http.wire - http-outgoing-18 >> "POST /session/a0cb0bb01edc9a6efead76024cd2f333/element HTTP/1.1[\r][\n]"
11:22:49.259 [Forwarding findElement on session a0cb0bb01edc9a6efead76024cd2f333 to remote] DEBUG org.apache.http.wire - http-outgoing-18 >> "Content-Type: application/json; charset=utf-8[\r][\n]"
11:22:49.259 [Forwarding findElement on session a0cb0bb01edc9a6efead76024cd2f333 to remote] DEBUG org.apache.http.wire - http-outgoing-18 >> "Content-Length: 61[\r][\n]"
11:22:49.259 [Forwarding findElement on session a0cb0bb01edc9a6efead76024cd2f333 to remote] DEBUG org.apache.http.wire - http-outgoing-18 >> "Host: localhost:31945[\r][\n]"
11:22:49.259 [Forwarding findElement on session a0cb0bb01edc9a6efead76024cd2f333 to remote] DEBUG org.apache.http.wire - http-outgoing-18 >> "Connection: Keep-Alive[\r][\n]"
11:22:49.259 [Forwarding findElement on session a0cb0bb01edc9a6efead76024cd2f333 to remote] DEBUG org.apache.http.wire - http-outgoing-18 >> "User-Agent: Apache-HttpClient/4.5.3 (Java/1.8.0_211)[\r][\n]"
11:22:49.259 [Forwarding findElement on session a0cb0bb01edc9a6efead76024cd2f333 to remote] DEBUG org.apache.http.wire - http-outgoing-18 >> "Accept-Encoding: gzip,deflate[\r][\n]"
11:22:49.259 [Forwarding findElement on session a0cb0bb01edc9a6efead76024cd2f333 to remote] DEBUG org.apache.http.wire - http-outgoing-18 >> "[\r][\n]"
11:22:49.259 [Forwarding findElement on session a0cb0bb01edc9a6efead76024cd2f333 to remote] DEBUG org.apache.http.wire - http-outgoing-18 >> "{"value":".form-control:nth-child(2)","using":"css selector"}"
11:22:49.268 [Forwarding findElement on session a0cb0bb01edc9a6efead76024cd2f333 to remote] DEBUG org.apache.http.wire - http-outgoing-18 << "HTTP/1.1 200 OK[\r][\n]"
11:22:49.268 [Forwarding findElement on session a0cb0bb01edc9a6efead76024cd2f333 to remote] DEBUG org.apache.http.wire - http-outgoing-18 << "Content-Length:88[\r][\n]"
11:22:49.268 [Forwarding findElement on session a0cb0bb01edc9a6efead76024cd2f333 to remote] DEBUG org.apache.http.wire - http-outgoing-18 << "Content-Type:application/json; charset=utf-8[\r][\n]"
11:22:49.268 [Forwarding findElement on session a0cb0bb01edc9a6efead76024cd2f333 to remote] DEBUG org.apache.http.wire - http-outgoing-18 << "cache-control:no-cache[\r][\n]"
11:22:49.268 [Forwarding findElement on session a0cb0bb01edc9a6efead76024cd2f333 to remote] DEBUG org.apache.http.wire - http-outgoing-18 << "[\r][\n]"
11:22:49.268 [Forwarding findElement on session a0cb0bb01edc9a6efead76024cd2f333 to remote] DEBUG org.apache.http.wire - http-outgoing-18 << "{"value":{"element-6066-11e4-a52e-4f735466cecf":"9a7b8488-826a-47bc-bf06-c1de9b0e626c"}}"
11:22:49.268 [Forwarding findElement on session a0cb0bb01edc9a6efead76024cd2f333 to remote] DEBUG org.apache.http.headers - http-outgoing-18 << HTTP/1.1 200 OK
11:22:49.268 [Forwarding findElement on session a0cb0bb01edc9a6efead76024cd2f333 to remote] DEBUG org.apache.http.headers - http-outgoing-18 << Content-Length:88
11:22:49.268 [Forwarding findElement on session a0cb0bb01edc9a6efead76024cd2f333 to remote] DEBUG org.apache.http.headers - http-outgoing-18 << Content-Type:application/json; charset=utf-8
11:22:49.268 [Forwarding findElement on session a0cb0bb01edc9a6efead76024cd2f333 to remote] DEBUG org.apache.http.headers - http-outgoing-18 << cache-control:no-cache
11:22:49.268 [Forwarding findElement on session a0cb0bb01edc9a6efead76024cd2f333 to remote] DEBUG org.apache.http.impl.execchain.MainClientExec - Connection can be kept alive indefinitely
11:22:49.268 [Forwarding findElement on session a0cb0bb01edc9a6efead76024cd2f333 to remote] DEBUG org.apache.http.impl.conn.PoolingHttpClientConnectionManager - Connection [id: 18][route: {}->http://localhost:31945] can be kept alive indefinitely
11:22:49.268 [Forwarding findElement on session a0cb0bb01edc9a6efead76024cd2f333 to remote] DEBUG org.apache.http.impl.conn.PoolingHttpClientConnectionManager - Connection released: [id: 18][route: {}->http://localhost:31945][total kept alive: 19; route allocated: 1 of 2000; total allocated: 19 of 2000]
11:22:49.268 [Forwarding clickElement on session a0cb0bb01edc9a6efead76024cd2f333 to remote] DEBUG org.apache.http.client.protocol.RequestAddCookies - CookieSpec selected: default
11:22:49.268 [Forwarding clickElement on session a0cb0bb01edc9a6efead76024cd2f333 to remote] DEBUG org.apache.http.client.protocol.RequestAuthCache - Auth cache not set in the context
11:22:49.268 [Forwarding clickElement on session a0cb0bb01edc9a6efead76024cd2f333 to remote] DEBUG org.apache.http.impl.conn.PoolingHttpClientConnectionManager - Connection request: [route: {}->http://localhost:31945][total kept alive: 19; route allocated: 1 of 2000; total allocated: 19 of 2000]
11:22:49.268 [Forwarding clickElement on session a0cb0bb01edc9a6efead76024cd2f333 to remote] DEBUG org.apache.http.impl.conn.PoolingHttpClientConnectionManager - Connection leased: [id: 18][route: {}->http://localhost:31945][total kept alive: 18; route allocated: 1 of 2000; total allocated: 19 of 2000]
11:22:49.268 [Forwarding clickElement on session a0cb0bb01edc9a6efead76024cd2f333 to remote] DEBUG org.apache.http.impl.execchain.MainClientExec - Stale connection check
11:22:49.270 [Forwarding clickElement on session a0cb0bb01edc9a6efead76024cd2f333 to remote] DEBUG org.apache.http.wire - http-outgoing-18 << "[read] I/O error: Read timed out"
11:22:49.270 [Forwarding clickElement on session a0cb0bb01edc9a6efead76024cd2f333 to remote] DEBUG org.apache.http.impl.conn.DefaultManagedHttpClientConnection - http-outgoing-18: set socket timeout to 10800000
11:22:49.270 [Forwarding clickElement on session a0cb0bb01edc9a6efead76024cd2f333 to remote] DEBUG org.apache.http.impl.execchain.MainClientExec - Executing request POST /session/a0cb0bb01edc9a6efead76024cd2f333/element/9a7b8488-826a-47bc-bf06-c1de9b0e626c/click HTTP/1.1
11:22:49.270 [Forwarding clickElement on session a0cb0bb01edc9a6efead76024cd2f333 to remote] DEBUG org.apache.http.impl.execchain.MainClientExec - Target auth state: UNCHALLENGED
11:22:49.270 [Forwarding clickElement on session a0cb0bb01edc9a6efead76024cd2f333 to remote] DEBUG org.apache.http.impl.execchain.MainClientExec - Proxy auth state: UNCHALLENGED
11:22:49.270 [Forwarding clickElement on session a0cb0bb01edc9a6efead76024cd2f333 to remote] DEBUG org.apache.http.headers - http-outgoing-18 >> POST /session/a0cb0bb01edc9a6efead76024cd2f333/element/9a7b8488-826a-47bc-bf06-c1de9b0e626c/click HTTP/1.1
11:22:49.270 [Forwarding clickElement on session a0cb0bb01edc9a6efead76024cd2f333 to remote] DEBUG org.apache.http.headers - http-outgoing-18 >> Content-Type: application/json; charset=utf-8
11:22:49.270 [Forwarding clickElement on session a0cb0bb01edc9a6efead76024cd2f333 to remote] DEBUG org.apache.http.headers - http-outgoing-18 >> Content-Length: 45
11:22:49.270 [Forwarding clickElement on session a0cb0bb01edc9a6efead76024cd2f333 to remote] DEBUG org.apache.http.headers - http-outgoing-18 >> Host: localhost:31945
11:22:49.270 [Forwarding clickElement on session a0cb0bb01edc9a6efead76024cd2f333 to remote] DEBUG org.apache.http.headers - http-outgoing-18 >> Connection: Keep-Alive
11:22:49.270 [Forwarding clickElement on session a0cb0bb01edc9a6efead76024cd2f333 to remote] DEBUG org.apache.http.headers - http-outgoing-18 >> User-Agent: Apache-HttpClient/4.5.3 (Java/1.8.0_211)
11:22:49.270 [Forwarding clickElement on session a0cb0bb01edc9a6efead76024cd2f333 to remote] DEBUG org.apache.http.headers - http-outgoing-18 >> Accept-Encoding: gzip,deflate
11:22:49.270 [Forwarding clickElement on session a0cb0bb01edc9a6efead76024cd2f333 to remote] DEBUG org.apache.http.wire - http-outgoing-18 >> "POST /session/a0cb0bb01edc9a6efead76024cd2f333/element/9a7b8488-826a-47bc-bf06-c1de9b0e626c/click HTTP/1.1[\r][\n]"
11:22:49.270 [Forwarding clickElement on session a0cb0bb01edc9a6efead76024cd2f333 to remote] DEBUG org.apache.http.wire - http-outgoing-18 >> "Content-Type: application/json; charset=utf-8[\r][\n]"
11:22:49.270 [Forwarding clickElement on session a0cb0bb01edc9a6efead76024cd2f333 to remote] DEBUG org.apache.http.wire - http-outgoing-18 >> "Content-Length: 45[\r][\n]"
11:22:49.270 [Forwarding clickElement on session a0cb0bb01edc9a6efead76024cd2f333 to remote] DEBUG org.apache.http.wire - http-outgoing-18 >> "Host: localhost:31945[\r][\n]"
11:22:49.270 [Forwarding clickElement on session a0cb0bb01edc9a6efead76024cd2f333 to remote] DEBUG org.apache.http.wire - http-outgoing-18 >> "Connection: Keep-Alive[\r][\n]"
11:22:49.270 [Forwarding clickElement on session a0cb0bb01edc9a6efead76024cd2f333 to remote] DEBUG org.apache.http.wire - http-outgoing-18 >> "User-Agent: Apache-HttpClient/4.5.3 (Java/1.8.0_211)[\r][\n]"
11:22:49.270 [Forwarding clickElement on session a0cb0bb01edc9a6efead76024cd2f333 to remote] DEBUG org.apache.http.wire - http-outgoing-18 >> "Accept-Encoding: gzip,deflate[\r][\n]"
11:22:49.270 [Forwarding clickElement on session a0cb0bb01edc9a6efead76024cd2f333 to remote] DEBUG org.apache.http.wire - http-outgoing-18 >> "[\r][\n]"
11:22:49.270 [Forwarding clickElement on session a0cb0bb01edc9a6efead76024cd2f333 to remote] DEBUG org.apache.http.wire - http-outgoing-18 >> "{"id":"9a7b8488-826a-47bc-bf06-c1de9b0e626c"}"
11:22:49.315 [Forwarding clickElement on session a0cb0bb01edc9a6efead76024cd2f333 to remote] DEBUG org.apache.http.wire - http-outgoing-18 << "HTTP/1.1 200 OK[\r][\n]"
11:22:49.315 [Forwarding clickElement on session a0cb0bb01edc9a6efead76024cd2f333 to remote] DEBUG org.apache.http.wire - http-outgoing-18 << "Content-Length:14[\r][\n]"
11:22:49.315 [Forwarding clickElement on session a0cb0bb01edc9a6efead76024cd2f333 to remote] DEBUG org.apache.http.wire - http-outgoing-18 << "Content-Type:application/json; charset=utf-8[\r][\n]"
11:22:49.315 [Forwarding clickElement on session a0cb0bb01edc9a6efead76024cd2f333 to remote] DEBUG org.apache.http.wire - http-outgoing-18 << "cache-control:no-cache[\r][\n]"
11:22:49.315 [Forwarding clickElement on session a0cb0bb01edc9a6efead76024cd2f333 to remote] DEBUG org.apache.http.wire - http-outgoing-18 << "[\r][\n]"
11:22:49.315 [Forwarding clickElement on session a0cb0bb01edc9a6efead76024cd2f333 to remote] DEBUG org.apache.http.wire - http-outgoing-18 << "{"value":null}"
11:22:49.315 [Forwarding clickElement on session a0cb0bb01edc9a6efead76024cd2f333 to remote] DEBUG org.apache.http.headers - http-outgoing-18 << HTTP/1.1 200 OK
11:22:49.315 [Forwarding clickElement on session a0cb0bb01edc9a6efead76024cd2f333 to remote] DEBUG org.apache.http.headers - http-outgoing-18 << Content-Length:14
11:22:49.315 [Forwarding clickElement on session a0cb0bb01edc9a6efead76024cd2f333 to remote] DEBUG org.apache.http.headers - http-outgoing-18 << Content-Type:application/json; charset=utf-8
11:22:49.315 [Forwarding clickElement on session a0cb0bb01edc9a6efead76024cd2f333 to remote] DEBUG org.apache.http.headers - http-outgoing-18 << cache-control:no-cache
11:22:49.315 [Forwarding clickElement on session a0cb0bb01edc9a6efead76024cd2f333 to remote] DEBUG org.apache.http.impl.execchain.MainClientExec - Connection can be kept alive indefinitely
11:22:49.315 [Forwarding clickElement on session a0cb0bb01edc9a6efead76024cd2f333 to remote] DEBUG org.apache.http.impl.conn.PoolingHttpClientConnectionManager - Connection [id: 18][route: {}->http://localhost:31945] can be kept alive indefinitely
11:22:49.315 [Forwarding clickElement on session a0cb0bb01edc9a6efead76024cd2f333 to remote] DEBUG org.apache.http.impl.conn.PoolingHttpClientConnectionManager - Connection released: [id: 18][route: {}->http://localhost:31945][total kept alive: 19; route allocated: 1 of 2000; total allocated: 19 of 2000]
11:22:49.315 [Forwarding findElement on session a0cb0bb01edc9a6efead76024cd2f333 to remote] DEBUG org.apache.http.client.protocol.RequestAddCookies - CookieSpec selected: default
11:22:49.315 [Forwarding findElement on session a0cb0bb01edc9a6efead76024cd2f333 to remote] DEBUG org.apache.http.client.protocol.RequestAuthCache - Auth cache not set in the context
11:22:49.315 [Forwarding findElement on session a0cb0bb01edc9a6efead76024cd2f333 to remote] DEBUG org.apache.http.impl.conn.PoolingHttpClientConnectionManager - Connection request: [route: {}->http://localhost:31945][total kept alive: 19; route allocated: 1 of 2000; total allocated: 19 of 2000]
11:22:49.315 [Forwarding findElement on session a0cb0bb01edc9a6efead76024cd2f333 to remote] DEBUG org.apache.http.impl.conn.PoolingHttpClientConnectionManager - Connection leased: [id: 18][route: {}->http://localhost:31945][total kept alive: 18; route allocated: 1 of 2000; total allocated: 19 of 2000]
11:22:49.315 [Forwarding findElement on session a0cb0bb01edc9a6efead76024cd2f333 to remote] DEBUG org.apache.http.impl.execchain.MainClientExec - Stale connection check
11:22:49.316 [Forwarding findElement on session a0cb0bb01edc9a6efead76024cd2f333 to remote] DEBUG org.apache.http.wire - http-outgoing-18 << "[read] I/O error: Read timed out"
11:22:49.316 [Forwarding findElement on session a0cb0bb01edc9a6efead76024cd2f333 to remote] DEBUG org.apache.http.impl.conn.DefaultManagedHttpClientConnection - http-outgoing-18: set socket timeout to 10800000
11:22:49.316 [Forwarding findElement on session a0cb0bb01edc9a6efead76024cd2f333 to remote] DEBUG org.apache.http.impl.execchain.MainClientExec - Executing request POST /session/a0cb0bb01edc9a6efead76024cd2f333/element HTTP/1.1
11:22:49.316 [Forwarding findElement on session a0cb0bb01edc9a6efead76024cd2f333 to remote] DEBUG org.apache.http.impl.execchain.MainClientExec - Target auth state: UNCHALLENGED
11:22:49.316 [Forwarding findElement on session a0cb0bb01edc9a6efead76024cd2f333 to remote] DEBUG org.apache.http.impl.execchain.MainClientExec - Proxy auth state: UNCHALLENGED
11:22:49.316 [Forwarding findElement on session a0cb0bb01edc9a6efead76024cd2f333 to remote] DEBUG org.apache.http.headers - http-outgoing-18 >> POST /session/a0cb0bb01edc9a6efead76024cd2f333/element HTTP/1.1
11:22:49.316 [Forwarding findElement on session a0cb0bb01edc9a6efead76024cd2f333 to remote] DEBUG org.apache.http.headers - http-outgoing-18 >> Content-Type: application/json; charset=utf-8
11:22:49.316 [Forwarding findElement on session a0cb0bb01edc9a6efead76024cd2f333 to remote] DEBUG org.apache.http.headers - http-outgoing-18 >> Content-Length: 61
11:22:49.316 [Forwarding findElement on session a0cb0bb01edc9a6efead76024cd2f333 to remote] DEBUG org.apache.http.headers - http-outgoing-18 >> Host: localhost:31945
11:22:49.316 [Forwarding findElement on session a0cb0bb01edc9a6efead76024cd2f333 to remote] DEBUG org.apache.http.headers - http-outgoing-18 >> Connection: Keep-Alive
11:22:49.316 [Forwarding findElement on session a0cb0bb01edc9a6efead76024cd2f333 to remote] DEBUG org.apache.http.headers - http-outgoing-18 >> User-Agent: Apache-HttpClient/4.5.3 (Java/1.8.0_211)
11:22:49.316 [Forwarding findElement on session a0cb0bb01edc9a6efead76024cd2f333 to remote] DEBUG org.apache.http.headers - http-outgoing-18 >> Accept-Encoding: gzip,deflate
11:22:49.316 [Forwarding findElement on session a0cb0bb01edc9a6efead76024cd2f333 to remote] DEBUG org.apache.http.wire - http-outgoing-18 >> "POST /session/a0cb0bb01edc9a6efead76024cd2f333/element HTTP/1.1[\r][\n]"
11:22:49.316 [Forwarding findElement on session a0cb0bb01edc9a6efead76024cd2f333 to remote] DEBUG org.apache.http.wire - http-outgoing-18 >> "Content-Type: application/json; charset=utf-8[\r][\n]"
11:22:49.316 [Forwarding findElement on session a0cb0bb01edc9a6efead76024cd2f333 to remote] DEBUG org.apache.http.wire - http-outgoing-18 >> "Content-Length: 61[\r][\n]"
11:22:49.316 [Forwarding findElement on session a0cb0bb01edc9a6efead76024cd2f333 to remote] DEBUG org.apache.http.wire - http-outgoing-18 >> "Host: localhost:31945[\r][\n]"
11:22:49.316 [Forwarding findElement on session a0cb0bb01edc9a6efead76024cd2f333 to remote] DEBUG org.apache.http.wire - http-outgoing-18 >> "Connection: Keep-Alive[\r][\n]"
11:22:49.316 [Forwarding findElement on session a0cb0bb01edc9a6efead76024cd2f333 to remote] DEBUG org.apache.http.wire - http-outgoing-18 >> "User-Agent: Apache-HttpClient/4.5.3 (Java/1.8.0_211)[\r][\n]"
11:22:49.316 [Forwarding findElement on session a0cb0bb01edc9a6efead76024cd2f333 to remote] DEBUG org.apache.http.wire - http-outgoing-18 >> "Accept-Encoding: gzip,deflate[\r][\n]"
11:22:49.316 [Forwarding findElement on session a0cb0bb01edc9a6efead76024cd2f333 to remote] DEBUG org.apache.http.wire - http-outgoing-18 >> "[\r][\n]"
11:22:49.316 [Forwarding findElement on session a0cb0bb01edc9a6efead76024cd2f333 to remote] DEBUG org.apache.http.wire - http-outgoing-18 >> "{"value":".form-control:nth-child(2)","using":"css selector"}"
11:22:49.319 [Forwarding findElement on session a0cb0bb01edc9a6efead76024cd2f333 to remote] DEBUG org.apache.http.wire - http-outgoing-18 << "HTTP/1.1 200 OK[\r][\n]"
11:22:49.319 [Forwarding findElement on session a0cb0bb01edc9a6efead76024cd2f333 to remote] DEBUG org.apache.http.wire - http-outgoing-18 << "Content-Length:88[\r][\n]"
11:22:49.319 [Forwarding findElement on session a0cb0bb01edc9a6efead76024cd2f333 to remote] DEBUG org.apache.http.wire - http-outgoing-18 << "Content-Type:application/json; charset=utf-8[\r][\n]"
11:22:49.319 [Forwarding findElement on session a0cb0bb01edc9a6efead76024cd2f333 to remote] DEBUG org.apache.http.wire - http-outgoing-18 << "cache-control:no-cache[\r][\n]"
11:22:49.319 [Forwarding findElement on session a0cb0bb01edc9a6efead76024cd2f333 to remote] DEBUG org.apache.http.wire - http-outgoing-18 << "[\r][\n]"
11:22:49.319 [Forwarding findElement on session a0cb0bb01edc9a6efead76024cd2f333 to remote] DEBUG org.apache.http.wire - http-outgoing-18 << "{"value":{"element-6066-11e4-a52e-4f735466cecf":"9a7b8488-826a-47bc-bf06-c1de9b0e626c"}}"
11:22:49.319 [Forwarding findElement on session a0cb0bb01edc9a6efead76024cd2f333 to remote] DEBUG org.apache.http.headers - http-outgoing-18 << HTTP/1.1 200 OK
11:22:49.319 [Forwarding findElement on session a0cb0bb01edc9a6efead76024cd2f333 to remote] DEBUG org.apache.http.headers - http-outgoing-18 << Content-Length:88
11:22:49.319 [Forwarding findElement on session a0cb0bb01edc9a6efead76024cd2f333 to remote] DEBUG org.apache.http.headers - http-outgoing-18 << Content-Type:application/json; charset=utf-8
11:22:49.319 [Forwarding findElement on session a0cb0bb01edc9a6efead76024cd2f333 to remote] DEBUG org.apache.http.headers - http-outgoing-18 << cache-control:no-cache
11:22:49.319 [Forwarding findElement on session a0cb0bb01edc9a6efead76024cd2f333 to remote] DEBUG org.apache.http.impl.execchain.MainClientExec - Connection can be kept alive indefinitely
11:22:49.319 [Forwarding findElement on session a0cb0bb01edc9a6efead76024cd2f333 to remote] DEBUG org.apache.http.impl.conn.PoolingHttpClientConnectionManager - Connection [id: 18][route: {}->http://localhost:31945] can be kept alive indefinitely
11:22:49.319 [Forwarding findElement on session a0cb0bb01edc9a6efead76024cd2f333 to remote] DEBUG org.apache.http.impl.conn.PoolingHttpClientConnectionManager - Connection released: [id: 18][route: {}->http://localhost:31945][total kept alive: 19; route allocated: 1 of 2000; total allocated: 19 of 2000]
11:22:49.319 [Forwarding sendKeysToElement on session a0cb0bb01edc9a6efead76024cd2f333 to remote] DEBUG org.apache.http.client.protocol.RequestAddCookies - CookieSpec selected: default
11:22:49.319 [Forwarding sendKeysToElement on session a0cb0bb01edc9a6efead76024cd2f333 to remote] DEBUG org.apache.http.client.protocol.RequestAuthCache - Auth cache not set in the context
11:22:49.319 [Forwarding sendKeysToElement on session a0cb0bb01edc9a6efead76024cd2f333 to remote] DEBUG org.apache.http.impl.conn.PoolingHttpClientConnectionManager - Connection request: [route: {}->http://localhost:31945][total kept alive: 19; route allocated: 1 of 2000; total allocated: 19 of 2000]
11:22:49.320 [Forwarding sendKeysToElement on session a0cb0bb01edc9a6efead76024cd2f333 to remote] DEBUG org.apache.http.impl.conn.PoolingHttpClientConnectionManager - Connection leased: [id: 18][route: {}->http://localhost:31945][total kept alive: 18; route allocated: 1 of 2000; total allocated: 19 of 2000]
11:22:49.320 [Forwarding sendKeysToElement on session a0cb0bb01edc9a6efead76024cd2f333 to remote] DEBUG org.apache.http.impl.execchain.MainClientExec - Stale connection check
11:22:49.321 [Forwarding sendKeysToElement on session a0cb0bb01edc9a6efead76024cd2f333 to remote] DEBUG org.apache.http.wire - http-outgoing-18 << "[read] I/O error: Read timed out"
11:22:49.321 [Forwarding sendKeysToElement on session a0cb0bb01edc9a6efead76024cd2f333 to remote] DEBUG org.apache.http.impl.conn.DefaultManagedHttpClientConnection - http-outgoing-18: set socket timeout to 10800000
11:22:49.321 [Forwarding sendKeysToElement on session a0cb0bb01edc9a6efead76024cd2f333 to remote] DEBUG org.apache.http.impl.execchain.MainClientExec - Executing request POST /session/a0cb0bb01edc9a6efead76024cd2f333/element/9a7b8488-826a-47bc-bf06-c1de9b0e626c/value HTTP/1.1
11:22:49.321 [Forwarding sendKeysToElement on session a0cb0bb01edc9a6efead76024cd2f333 to remote] DEBUG org.apache.http.impl.execchain.MainClientExec - Target auth state: UNCHALLENGED
11:22:49.321 [Forwarding sendKeysToElement on session a0cb0bb01edc9a6efead76024cd2f333 to remote] DEBUG org.apache.http.impl.execchain.MainClientExec - Proxy auth state: UNCHALLENGED
11:22:49.321 [Forwarding sendKeysToElement on session a0cb0bb01edc9a6efead76024cd2f333 to remote] DEBUG org.apache.http.headers - http-outgoing-18 >> POST /session/a0cb0bb01edc9a6efead76024cd2f333/element/9a7b8488-826a-47bc-bf06-c1de9b0e626c/value HTTP/1.1
11:22:49.321 [Forwarding sendKeysToElement on session a0cb0bb01edc9a6efead76024cd2f333 to remote] DEBUG org.apache.http.headers - http-outgoing-18 >> Content-Type: application/json; charset=utf-8
11:22:49.321 [Forwarding sendKeysToElement on session a0cb0bb01edc9a6efead76024cd2f333 to remote] DEBUG org.apache.http.headers - http-outgoing-18 >> Content-Length: 385
11:22:49.321 [Forwarding sendKeysToElement on session a0cb0bb01edc9a6efead76024cd2f333 to remote] DEBUG org.apache.http.headers - http-outgoing-18 >> Host: localhost:31945
11:22:49.321 [Forwarding sendKeysToElement on session a0cb0bb01edc9a6efead76024cd2f333 to remote] DEBUG org.apache.http.headers - http-outgoing-18 >> Connection: Keep-Alive
11:22:49.321 [Forwarding sendKeysToElement on session a0cb0bb01edc9a6efead76024cd2f333 to remote] DEBUG org.apache.http.headers - http-outgoing-18 >> User-Agent: Apache-HttpClient/4.5.3 (Java/1.8.0_211)
11:22:49.321 [Forwarding sendKeysToElement on session a0cb0bb01edc9a6efead76024cd2f333 to remote] DEBUG org.apache.http.headers - http-outgoing-18 >> Accept-Encoding: gzip,deflate
11:22:49.321 [Forwarding sendKeysToElement on session a0cb0bb01edc9a6efead76024cd2f333 to remote] DEBUG org.apache.http.wire - http-outgoing-18 >> "POST /session/a0cb0bb01edc9a6efead76024cd2f333/element/9a7b8488-826a-47bc-bf06-c1de9b0e626c/value HTTP/1.1[\r][\n]"
11:22:49.321 [Forwarding sendKeysToElement on session a0cb0bb01edc9a6efead76024cd2f333 to remote] DEBUG org.apache.http.wire - http-outgoing-18 >> "Content-Type: application/json; charset=utf-8[\r][\n]"
11:22:49.321 [Forwarding sendKeysToElement on session a0cb0bb01edc9a6efead76024cd2f333 to remote] DEBUG org.apache.http.wire - http-outgoing-18 >> "Content-Length: 385[\r][\n]"
11:22:49.321 [Forwarding sendKeysToElement on session a0cb0bb01edc9a6efead76024cd2f333 to remote] DEBUG org.apache.http.wire - http-outgoing-18 >> "Host: localhost:31945[\r][\n]"
11:22:49.321 [Forwarding sendKeysToElement on session a0cb0bb01edc9a6efead76024cd2f333 to remote] DEBUG org.apache.http.wire - http-outgoing-18 >> "Connection: Keep-Alive[\r][\n]"
11:22:49.321 [Forwarding sendKeysToElement on session a0cb0bb01edc9a6efead76024cd2f333 to remote] DEBUG org.apache.http.wire - http-outgoing-18 >> "User-Agent: Apache-HttpClient/4.5.3 (Java/1.8.0_211)[\r][\n]"
11:22:49.321 [Forwarding sendKeysToElement on session a0cb0bb01edc9a6efead76024cd2f333 to remote] DEBUG org.apache.http.wire - http-outgoing-18 >> "Accept-Encoding: gzip,deflate[\r][\n]"
11:22:49.321 [Forwarding sendKeysToElement on session a0cb0bb01edc9a6efead76024cd2f333 to remote] DEBUG org.apache.http.wire - http-outgoing-18 >> "[\r][\n]"
11:22:49.321 [Forwarding sendKeysToElement on session a0cb0bb01edc9a6efead76024cd2f333 to remote] DEBUG org.apache.http.wire - http-outgoing-18 >> "{"id":"9a7b8488-826a-47bc-bf06-c1de9b0e626c","text":"de164ddc64b1783c3ebced73b32c479b3daa203cf323bd738a9ecfc4674d6017","value":["d","e","1","6","4","d","d","c","6","4","b","1","7","8","3","c","3","e","b","c","e","d","7","3","b","3","2","c","4","7","9","b","3","d","a","a","2","0","3","c","f","3","2","3","b","d","7","3","8","a","9","e","c","f","c","4","6","7","4","d","6","0","1","7"]}"
11:22:49.881 [Forwarding sendKeysToElement on session a0cb0bb01edc9a6efead76024cd2f333 to remote] DEBUG org.apache.http.wire - http-outgoing-18 << "HTTP/1.1 200 OK[\r][\n]"
11:22:49.882 [Forwarding sendKeysToElement on session a0cb0bb01edc9a6efead76024cd2f333 to remote] DEBUG org.apache.http.wire - http-outgoing-18 << "Content-Length:14[\r][\n]"
11:22:49.882 [Forwarding sendKeysToElement on session a0cb0bb01edc9a6efead76024cd2f333 to remote] DEBUG org.apache.http.wire - http-outgoing-18 << "Content-Type:application/json; charset=utf-8[\r][\n]"
11:22:49.882 [Forwarding sendKeysToElement on session a0cb0bb01edc9a6efead76024cd2f333 to remote] DEBUG org.apache.http.wire - http-outgoing-18 << "cache-control:no-cache[\r][\n]"
11:22:49.882 [Forwarding sendKeysToElement on session a0cb0bb01edc9a6efead76024cd2f333 to remote] DEBUG org.apache.http.wire - http-outgoing-18 << "[\r][\n]"
11:22:49.882 [Forwarding sendKeysToElement on session a0cb0bb01edc9a6efead76024cd2f333 to remote] DEBUG org.apache.http.wire - http-outgoing-18 << "{"value":null}"
11:22:49.882 [Forwarding sendKeysToElement on session a0cb0bb01edc9a6efead76024cd2f333 to remote] DEBUG org.apache.http.headers - http-outgoing-18 << HTTP/1.1 200 OK
11:22:49.882 [Forwarding sendKeysToElement on session a0cb0bb01edc9a6efead76024cd2f333 to remote] DEBUG org.apache.http.headers - http-outgoing-18 << Content-Length:14
11:22:49.882 [Forwarding sendKeysToElement on session a0cb0bb01edc9a6efead76024cd2f333 to remote] DEBUG org.apache.http.headers - http-outgoing-18 << Content-Type:application/json; charset=utf-8
11:22:49.882 [Forwarding sendKeysToElement on session a0cb0bb01edc9a6efead76024cd2f333 to remote] DEBUG org.apache.http.headers - http-outgoing-18 << cache-control:no-cache
11:22:49.882 [Forwarding sendKeysToElement on session a0cb0bb01edc9a6efead76024cd2f333 to remote] DEBUG org.apache.http.impl.execchain.MainClientExec - Connection can be kept alive indefinitely
11:22:49.882 [Forwarding sendKeysToElement on session a0cb0bb01edc9a6efead76024cd2f333 to remote] DEBUG org.apache.http.impl.conn.PoolingHttpClientConnectionManager - Connection [id: 18][route: {}->http://localhost:31945] can be kept alive indefinitely
11:22:49.882 [Forwarding sendKeysToElement on session a0cb0bb01edc9a6efead76024cd2f333 to remote] DEBUG org.apache.http.impl.conn.PoolingHttpClientConnectionManager - Connection released: [id: 18][route: {}->http://localhost:31945][total kept alive: 19; route allocated: 1 of 2000; total allocated: 19 of 2000]
11:22:49.882 [Forwarding findElement on session a0cb0bb01edc9a6efead76024cd2f333 to remote] DEBUG org.apache.http.client.protocol.RequestAddCookies - CookieSpec selected: default
11:22:49.882 [Forwarding findElement on session a0cb0bb01edc9a6efead76024cd2f333 to remote] DEBUG org.apache.http.client.protocol.RequestAuthCache - Auth cache not set in the context
11:22:49.882 [Forwarding findElement on session a0cb0bb01edc9a6efead76024cd2f333 to remote] DEBUG org.apache.http.impl.conn.PoolingHttpClientConnectionManager - Connection request: [route: {}->http://localhost:31945][total kept alive: 19; route allocated: 1 of 2000; total allocated: 19 of 2000]
11:22:49.882 [Forwarding findElement on session a0cb0bb01edc9a6efead76024cd2f333 to remote] DEBUG org.apache.http.impl.conn.PoolingHttpClientConnectionManager - Connection leased: [id: 18][route: {}->http://localhost:31945][total kept alive: 18; route allocated: 1 of 2000; total allocated: 19 of 2000]
11:22:49.882 [Forwarding findElement on session a0cb0bb01edc9a6efead76024cd2f333 to remote] DEBUG org.apache.http.impl.execchain.MainClientExec - Stale connection check
11:22:49.883 [Forwarding findElement on session a0cb0bb01edc9a6efead76024cd2f333 to remote] DEBUG org.apache.http.wire - http-outgoing-18 << "[read] I/O error: Read timed out"
11:22:49.883 [Forwarding findElement on session a0cb0bb01edc9a6efead76024cd2f333 to remote] DEBUG org.apache.http.impl.conn.DefaultManagedHttpClientConnection - http-outgoing-18: set socket timeout to 10800000
11:22:49.884 [Forwarding findElement on session a0cb0bb01edc9a6efead76024cd2f333 to remote] DEBUG org.apache.http.impl.execchain.MainClientExec - Executing request POST /session/a0cb0bb01edc9a6efead76024cd2f333/element HTTP/1.1
11:22:49.884 [Forwarding findElement on session a0cb0bb01edc9a6efead76024cd2f333 to remote] DEBUG org.apache.http.impl.execchain.MainClientExec - Target auth state: UNCHALLENGED
11:22:49.884 [Forwarding findElement on session a0cb0bb01edc9a6efead76024cd2f333 to remote] DEBUG org.apache.http.impl.execchain.MainClientExec - Proxy auth state: UNCHALLENGED
11:22:49.884 [Forwarding findElement on session a0cb0bb01edc9a6efead76024cd2f333 to remote] DEBUG org.apache.http.headers - http-outgoing-18 >> POST /session/a0cb0bb01edc9a6efead76024cd2f333/element HTTP/1.1
11:22:49.884 [Forwarding findElement on session a0cb0bb01edc9a6efead76024cd2f333 to remote] DEBUG org.apache.http.headers - http-outgoing-18 >> Content-Type: application/json; charset=utf-8
11:22:49.884 [Forwarding findElement on session a0cb0bb01edc9a6efead76024cd2f333 to remote] DEBUG org.apache.http.headers - http-outgoing-18 >> Content-Length: 59
11:22:49.884 [Forwarding findElement on session a0cb0bb01edc9a6efead76024cd2f333 to remote] DEBUG org.apache.http.headers - http-outgoing-18 >> Host: localhost:31945
11:22:49.884 [Forwarding findElement on session a0cb0bb01edc9a6efead76024cd2f333 to remote] DEBUG org.apache.http.headers - http-outgoing-18 >> Connection: Keep-Alive
11:22:49.884 [Forwarding findElement on session a0cb0bb01edc9a6efead76024cd2f333 to remote] DEBUG org.apache.http.headers - http-outgoing-18 >> User-Agent: Apache-HttpClient/4.5.3 (Java/1.8.0_211)
11:22:49.884 [Forwarding findElement on session a0cb0bb01edc9a6efead76024cd2f333 to remote] DEBUG org.apache.http.headers - http-outgoing-18 >> Accept-Encoding: gzip,deflate
11:22:49.884 [Forwarding findElement on session a0cb0bb01edc9a6efead76024cd2f333 to remote] DEBUG org.apache.http.wire - http-outgoing-18 >> "POST /session/a0cb0bb01edc9a6efead76024cd2f333/element HTTP/1.1[\r][\n]"
11:22:49.884 [Forwarding findElement on session a0cb0bb01edc9a6efead76024cd2f333 to remote] DEBUG org.apache.http.wire - http-outgoing-18 >> "Content-Type: application/json; charset=utf-8[\r][\n]"
11:22:49.884 [Forwarding findElement on session a0cb0bb01edc9a6efead76024cd2f333 to remote] DEBUG org.apache.http.wire - http-outgoing-18 >> "Content-Length: 59[\r][\n]"
11:22:49.884 [Forwarding findElement on session a0cb0bb01edc9a6efead76024cd2f333 to remote] DEBUG org.apache.http.wire - http-outgoing-18 >> "Host: localhost:31945[\r][\n]"
11:22:49.884 [Forwarding findElement on session a0cb0bb01edc9a6efead76024cd2f333 to remote] DEBUG org.apache.http.wire - http-outgoing-18 >> "Connection: Keep-Alive[\r][\n]"
11:22:49.884 [Forwarding findElement on session a0cb0bb01edc9a6efead76024cd2f333 to remote] DEBUG org.apache.http.wire - http-outgoing-18 >> "User-Agent: Apache-HttpClient/4.5.3 (Java/1.8.0_211)[\r][\n]"
11:22:49.884 [Forwarding findElement on session a0cb0bb01edc9a6efead76024cd2f333 to remote] DEBUG org.apache.http.wire - http-outgoing-18 >> "Accept-Encoding: gzip,deflate[\r][\n]"
11:22:49.884 [Forwarding findElement on session a0cb0bb01edc9a6efead76024cd2f333 to remote] DEBUG org.apache.http.wire - http-outgoing-18 >> "[\r][\n]"
11:22:49.884 [Forwarding findElement on session a0cb0bb01edc9a6efead76024cd2f333 to remote] DEBUG org.apache.http.wire - http-outgoing-18 >> "{"value":".btn-danger:nth-child(3)","using":"css selector"}"
11:22:49.889 [Forwarding findElement on session a0cb0bb01edc9a6efead76024cd2f333 to remote] DEBUG org.apache.http.wire - http-outgoing-18 << "HTTP/1.1 200 OK[\r][\n]"
11:22:49.889 [Forwarding findElement on session a0cb0bb01edc9a6efead76024cd2f333 to remote] DEBUG org.apache.http.wire - http-outgoing-18 << "Content-Length:88[\r][\n]"
11:22:49.889 [Forwarding findElement on session a0cb0bb01edc9a6efead76024cd2f333 to remote] DEBUG org.apache.http.wire - http-outgoing-18 << "Content-Type:application/json; charset=utf-8[\r][\n]"
11:22:49.889 [Forwarding findElement on session a0cb0bb01edc9a6efead76024cd2f333 to remote] DEBUG org.apache.http.wire - http-outgoing-18 << "cache-control:no-cache[\r][\n]"
11:22:49.889 [Forwarding findElement on session a0cb0bb01edc9a6efead76024cd2f333 to remote] DEBUG org.apache.http.wire - http-outgoing-18 << "[\r][\n]"
11:22:49.889 [Forwarding findElement on session a0cb0bb01edc9a6efead76024cd2f333 to remote] DEBUG org.apache.http.wire - http-outgoing-18 << "{"value":{"element-6066-11e4-a52e-4f735466cecf":"81d1e3f4-3dca-4961-ab54-03310422b45c"}}"
11:22:49.889 [Forwarding findElement on session a0cb0bb01edc9a6efead76024cd2f333 to remote] DEBUG org.apache.http.headers - http-outgoing-18 << HTTP/1.1 200 OK
11:22:49.889 [Forwarding findElement on session a0cb0bb01edc9a6efead76024cd2f333 to remote] DEBUG org.apache.http.headers - http-outgoing-18 << Content-Length:88
11:22:49.889 [Forwarding findElement on session a0cb0bb01edc9a6efead76024cd2f333 to remote] DEBUG org.apache.http.headers - http-outgoing-18 << Content-Type:application/json; charset=utf-8
11:22:49.889 [Forwarding findElement on session a0cb0bb01edc9a6efead76024cd2f333 to remote] DEBUG org.apache.http.headers - http-outgoing-18 << cache-control:no-cache
11:22:49.889 [Forwarding findElement on session a0cb0bb01edc9a6efead76024cd2f333 to remote] DEBUG org.apache.http.impl.execchain.MainClientExec - Connection can be kept alive indefinitely
11:22:49.889 [Forwarding findElement on session a0cb0bb01edc9a6efead76024cd2f333 to remote] DEBUG org.apache.http.impl.conn.PoolingHttpClientConnectionManager - Connection [id: 18][route: {}->http://localhost:31945] can be kept alive indefinitely
11:22:49.889 [Forwarding findElement on session a0cb0bb01edc9a6efead76024cd2f333 to remote] DEBUG org.apache.http.impl.conn.PoolingHttpClientConnectionManager - Connection released: [id: 18][route: {}->http://localhost:31945][total kept alive: 19; route allocated: 1 of 2000; total allocated: 19 of 2000]
11:22:49.889 [Forwarding clickElement on session a0cb0bb01edc9a6efead76024cd2f333 to remote] DEBUG org.apache.http.client.protocol.RequestAddCookies - CookieSpec selected: default
11:22:49.889 [Forwarding clickElement on session a0cb0bb01edc9a6efead76024cd2f333 to remote] DEBUG org.apache.http.client.protocol.RequestAuthCache - Auth cache not set in the context
11:22:49.889 [Forwarding clickElement on session a0cb0bb01edc9a6efead76024cd2f333 to remote] DEBUG org.apache.http.impl.conn.PoolingHttpClientConnectionManager - Connection request: [route: {}->http://localhost:31945][total kept alive: 19; route allocated: 1 of 2000; total allocated: 19 of 2000]
11:22:49.889 [Forwarding clickElement on session a0cb0bb01edc9a6efead76024cd2f333 to remote] DEBUG org.apache.http.impl.conn.PoolingHttpClientConnectionManager - Connection leased: [id: 18][route: {}->http://localhost:31945][total kept alive: 18; route allocated: 1 of 2000; total allocated: 19 of 2000]
11:22:49.889 [Forwarding clickElement on session a0cb0bb01edc9a6efead76024cd2f333 to remote] DEBUG org.apache.http.impl.execchain.MainClientExec - Stale connection check
11:22:49.891 [Forwarding clickElement on session a0cb0bb01edc9a6efead76024cd2f333 to remote] DEBUG org.apache.http.wire - http-outgoing-18 << "[read] I/O error: Read timed out"
11:22:49.891 [Forwarding clickElement on session a0cb0bb01edc9a6efead76024cd2f333 to remote] DEBUG org.apache.http.impl.conn.DefaultManagedHttpClientConnection - http-outgoing-18: set socket timeout to 10800000
11:22:49.891 [Forwarding clickElement on session a0cb0bb01edc9a6efead76024cd2f333 to remote] DEBUG org.apache.http.impl.execchain.MainClientExec - Executing request POST /session/a0cb0bb01edc9a6efead76024cd2f333/element/81d1e3f4-3dca-4961-ab54-03310422b45c/click HTTP/1.1
11:22:49.891 [Forwarding clickElement on session a0cb0bb01edc9a6efead76024cd2f333 to remote] DEBUG org.apache.http.impl.execchain.MainClientExec - Target auth state: UNCHALLENGED
11:22:49.891 [Forwarding clickElement on session a0cb0bb01edc9a6efead76024cd2f333 to remote] DEBUG org.apache.http.impl.execchain.MainClientExec - Proxy auth state: UNCHALLENGED
11:22:49.891 [Forwarding clickElement on session a0cb0bb01edc9a6efead76024cd2f333 to remote] DEBUG org.apache.http.headers - http-outgoing-18 >> POST /session/a0cb0bb01edc9a6efead76024cd2f333/element/81d1e3f4-3dca-4961-ab54-03310422b45c/click HTTP/1.1
11:22:49.891 [Forwarding clickElement on session a0cb0bb01edc9a6efead76024cd2f333 to remote] DEBUG org.apache.http.headers - http-outgoing-18 >> Content-Type: application/json; charset=utf-8
11:22:49.891 [Forwarding clickElement on session a0cb0bb01edc9a6efead76024cd2f333 to remote] DEBUG org.apache.http.headers - http-outgoing-18 >> Content-Length: 45
11:22:49.891 [Forwarding clickElement on session a0cb0bb01edc9a6efead76024cd2f333 to remote] DEBUG org.apache.http.headers - http-outgoing-18 >> Host: localhost:31945
11:22:49.891 [Forwarding clickElement on session a0cb0bb01edc9a6efead76024cd2f333 to remote] DEBUG org.apache.http.headers - http-outgoing-18 >> Connection: Keep-Alive
11:22:49.891 [Forwarding clickElement on session a0cb0bb01edc9a6efead76024cd2f333 to remote] DEBUG org.apache.http.headers - http-outgoing-18 >> User-Agent: Apache-HttpClient/4.5.3 (Java/1.8.0_211)
11:22:49.891 [Forwarding clickElement on session a0cb0bb01edc9a6efead76024cd2f333 to remote] DEBUG org.apache.http.headers - http-outgoing-18 >> Accept-Encoding: gzip,deflate
11:22:49.891 [Forwarding clickElement on session a0cb0bb01edc9a6efead76024cd2f333 to remote] DEBUG org.apache.http.wire - http-outgoing-18 >> "POST /session/a0cb0bb01edc9a6efead76024cd2f333/element/81d1e3f4-3dca-4961-ab54-03310422b45c/click HTTP/1.1[\r][\n]"
11:22:49.891 [Forwarding clickElement on session a0cb0bb01edc9a6efead76024cd2f333 to remote] DEBUG org.apache.http.wire - http-outgoing-18 >> "Content-Type: application/json; charset=utf-8[\r][\n]"
11:22:49.891 [Forwarding clickElement on session a0cb0bb01edc9a6efead76024cd2f333 to remote] DEBUG org.apache.http.wire - http-outgoing-18 >> "Content-Length: 45[\r][\n]"
11:22:49.891 [Forwarding clickElement on session a0cb0bb01edc9a6efead76024cd2f333 to remote] DEBUG org.apache.http.wire - http-outgoing-18 >> "Host: localhost:31945[\r][\n]"
11:22:49.891 [Forwarding clickElement on session a0cb0bb01edc9a6efead76024cd2f333 to remote] DEBUG org.apache.http.wire - http-outgoing-18 >> "Connection: Keep-Alive[\r][\n]"
11:22:49.891 [Forwarding clickElement on session a0cb0bb01edc9a6efead76024cd2f333 to remote] DEBUG org.apache.http.wire - http-outgoing-18 >> "User-Agent: Apache-HttpClient/4.5.3 (Java/1.8.0_211)[\r][\n]"
11:22:49.891 [Forwarding clickElement on session a0cb0bb01edc9a6efead76024cd2f333 to remote] DEBUG org.apache.http.wire - http-outgoing-18 >> "Accept-Encoding: gzip,deflate[\r][\n]"
11:22:49.891 [Forwarding clickElement on session a0cb0bb01edc9a6efead76024cd2f333 to remote] DEBUG org.apache.http.wire - http-outgoing-18 >> "[\r][\n]"
11:22:49.891 [Forwarding clickElement on session a0cb0bb01edc9a6efead76024cd2f333 to remote] DEBUG org.apache.http.wire - http-outgoing-18 >> "{"id":"81d1e3f4-3dca-4961-ab54-03310422b45c"}"
11:22:50.050 [Forwarding clickElement on session a0cb0bb01edc9a6efead76024cd2f333 to remote] DEBUG org.apache.http.wire - http-outgoing-18 << "HTTP/1.1 200 OK[\r][\n]"
11:22:50.050 [Forwarding clickElement on session a0cb0bb01edc9a6efead76024cd2f333 to remote] DEBUG org.apache.http.wire - http-outgoing-18 << "Content-Length:14[\r][\n]"
11:22:50.050 [Forwarding clickElement on session a0cb0bb01edc9a6efead76024cd2f333 to remote] DEBUG org.apache.http.wire - http-outgoing-18 << "Content-Type:application/json; charset=utf-8[\r][\n]"
11:22:50.050 [Forwarding clickElement on session a0cb0bb01edc9a6efead76024cd2f333 to remote] DEBUG org.apache.http.wire - http-outgoing-18 << "cache-control:no-cache[\r][\n]"
11:22:50.050 [Forwarding clickElement on session a0cb0bb01edc9a6efead76024cd2f333 to remote] DEBUG org.apache.http.wire - http-outgoing-18 << "[\r][\n]"
11:22:50.050 [Forwarding clickElement on session a0cb0bb01edc9a6efead76024cd2f333 to remote] DEBUG org.apache.http.wire - http-outgoing-18 << "{"value":null}"
11:22:50.050 [Forwarding clickElement on session a0cb0bb01edc9a6efead76024cd2f333 to remote] DEBUG org.apache.http.headers - http-outgoing-18 << HTTP/1.1 200 OK
11:22:50.050 [Forwarding clickElement on session a0cb0bb01edc9a6efead76024cd2f333 to remote] DEBUG org.apache.http.headers - http-outgoing-18 << Content-Length:14
11:22:50.050 [Forwarding clickElement on session a0cb0bb01edc9a6efead76024cd2f333 to remote] DEBUG org.apache.http.headers - http-outgoing-18 << Content-Type:application/json; charset=utf-8
11:22:50.050 [Forwarding clickElement on session a0cb0bb01edc9a6efead76024cd2f333 to remote] DEBUG org.apache.http.headers - http-outgoing-18 << cache-control:no-cache
11:22:50.050 [Forwarding clickElement on session a0cb0bb01edc9a6efead76024cd2f333 to remote] DEBUG org.apache.http.impl.execchain.MainClientExec - Connection can be kept alive indefinitely
11:22:50.050 [Forwarding clickElement on session a0cb0bb01edc9a6efead76024cd2f333 to remote] DEBUG org.apache.http.impl.conn.PoolingHttpClientConnectionManager - Connection [id: 18][route: {}->http://localhost:31945] can be kept alive indefinitely
11:22:50.050 [Forwarding clickElement on session a0cb0bb01edc9a6efead76024cd2f333 to remote] DEBUG org.apache.http.impl.conn.PoolingHttpClientConnectionManager - Connection released: [id: 18][route: {}->http://localhost:31945][total kept alive: 19; route allocated: 1 of 2000; total allocated: 19 of 2000]
11:22:50.251 [Forwarding findElement on session a0cb0bb01edc9a6efead76024cd2f333 to remote] DEBUG org.apache.http.client.protocol.RequestAddCookies - CookieSpec selected: default
11:22:50.251 [Forwarding findElement on session a0cb0bb01edc9a6efead76024cd2f333 to remote] DEBUG org.apache.http.client.protocol.RequestAuthCache - Auth cache not set in the context
11:22:50.251 [Forwarding findElement on session a0cb0bb01edc9a6efead76024cd2f333 to remote] DEBUG org.apache.http.impl.conn.PoolingHttpClientConnectionManager - Connection request: [route: {}->http://localhost:31945][total kept alive: 19; route allocated: 1 of 2000; total allocated: 19 of 2000]
11:22:50.251 [Forwarding findElement on session a0cb0bb01edc9a6efead76024cd2f333 to remote] DEBUG org.apache.http.impl.conn.PoolingHttpClientConnectionManager - Connection leased: [id: 18][route: {}->http://localhost:31945][total kept alive: 18; route allocated: 1 of 2000; total allocated: 19 of 2000]
11:22:50.251 [Forwarding findElement on session a0cb0bb01edc9a6efead76024cd2f333 to remote] DEBUG org.apache.http.impl.execchain.MainClientExec - Stale connection check
11:22:50.252 [Forwarding findElement on session a0cb0bb01edc9a6efead76024cd2f333 to remote] DEBUG org.apache.http.wire - http-outgoing-18 << "[read] I/O error: Read timed out"
11:22:50.252 [Forwarding findElement on session a0cb0bb01edc9a6efead76024cd2f333 to remote] DEBUG org.apache.http.impl.conn.DefaultManagedHttpClientConnection - http-outgoing-18: set socket timeout to 10800000
11:22:50.252 [Forwarding findElement on session a0cb0bb01edc9a6efead76024cd2f333 to remote] DEBUG org.apache.http.impl.execchain.MainClientExec - Executing request POST /session/a0cb0bb01edc9a6efead76024cd2f333/element HTTP/1.1
11:22:50.252 [Forwarding findElement on session a0cb0bb01edc9a6efead76024cd2f333 to remote] DEBUG org.apache.http.impl.execchain.MainClientExec - Target auth state: UNCHALLENGED
11:22:50.252 [Forwarding findElement on session a0cb0bb01edc9a6efead76024cd2f333 to remote] DEBUG org.apache.http.impl.execchain.MainClientExec - Proxy auth state: UNCHALLENGED
11:22:50.252 [Forwarding findElement on session a0cb0bb01edc9a6efead76024cd2f333 to remote] DEBUG org.apache.http.headers - http-outgoing-18 >> POST /session/a0cb0bb01edc9a6efead76024cd2f333/element HTTP/1.1
11:22:50.252 [Forwarding findElement on session a0cb0bb01edc9a6efead76024cd2f333 to remote] DEBUG org.apache.http.headers - http-outgoing-18 >> Content-Type: application/json; charset=utf-8
11:22:50.252 [Forwarding findElement on session a0cb0bb01edc9a6efead76024cd2f333 to remote] DEBUG org.apache.http.headers - http-outgoing-18 >> Content-Length: 71
11:22:50.252 [Forwarding findElement on session a0cb0bb01edc9a6efead76024cd2f333 to remote] DEBUG org.apache.http.headers - http-outgoing-18 >> Host: localhost:31945
11:22:50.252 [Forwarding findElement on session a0cb0bb01edc9a6efead76024cd2f333 to remote] DEBUG org.apache.http.headers - http-outgoing-18 >> Connection: Keep-Alive
11:22:50.252 [Forwarding findElement on session a0cb0bb01edc9a6efead76024cd2f333 to remote] DEBUG org.apache.http.headers - http-outgoing-18 >> User-Agent: Apache-HttpClient/4.5.3 (Java/1.8.0_211)
11:22:50.252 [Forwarding findElement on session a0cb0bb01edc9a6efead76024cd2f333 to remote] DEBUG org.apache.http.headers - http-outgoing-18 >> Accept-Encoding: gzip,deflate
11:22:50.252 [Forwarding findElement on session a0cb0bb01edc9a6efead76024cd2f333 to remote] DEBUG org.apache.http.wire - http-outgoing-18 >> "POST /session/a0cb0bb01edc9a6efead76024cd2f333/element HTTP/1.1[\r][\n]"
11:22:50.252 [Forwarding findElement on session a0cb0bb01edc9a6efead76024cd2f333 to remote] DEBUG org.apache.http.wire - http-outgoing-18 >> "Content-Type: application/json; charset=utf-8[\r][\n]"
11:22:50.252 [Forwarding findElement on session a0cb0bb01edc9a6efead76024cd2f333 to remote] DEBUG org.apache.http.wire - http-outgoing-18 >> "Content-Length: 71[\r][\n]"
11:22:50.252 [Forwarding findElement on session a0cb0bb01edc9a6efead76024cd2f333 to remote] DEBUG org.apache.http.wire - http-outgoing-18 >> "Host: localhost:31945[\r][\n]"
11:22:50.252 [Forwarding findElement on session a0cb0bb01edc9a6efead76024cd2f333 to remote] DEBUG org.apache.http.wire - http-outgoing-18 >> "Connection: Keep-Alive[\r][\n]"
11:22:50.252 [Forwarding findElement on session a0cb0bb01edc9a6efead76024cd2f333 to remote] DEBUG org.apache.http.wire - http-outgoing-18 >> "User-Agent: Apache-HttpClient/4.5.3 (Java/1.8.0_211)[\r][\n]"
11:22:50.252 [Forwarding findElement on session a0cb0bb01edc9a6efead76024cd2f333 to remote] DEBUG org.apache.http.wire - http-outgoing-18 >> "Accept-Encoding: gzip,deflate[\r][\n]"
11:22:50.252 [Forwarding findElement on session a0cb0bb01edc9a6efead76024cd2f333 to remote] DEBUG org.apache.http.wire - http-outgoing-18 >> "[\r][\n]"
11:22:50.252 [Forwarding findElement on session a0cb0bb01edc9a6efead76024cd2f333 to remote] DEBUG org.apache.http.wire - http-outgoing-18 >> "{"value":".dropdown-toggle > span:nth-child(1)","using":"css selector"}"
11:22:51.162 [Forwarding findElement on session a0cb0bb01edc9a6efead76024cd2f333 to remote] DEBUG org.apache.http.wire - http-outgoing-18 << "HTTP/1.1 200 OK[\r][\n]"
11:22:51.162 [Forwarding findElement on session a0cb0bb01edc9a6efead76024cd2f333 to remote] DEBUG org.apache.http.wire - http-outgoing-18 << "Content-Length:88[\r][\n]"
11:22:51.162 [Forwarding findElement on session a0cb0bb01edc9a6efead76024cd2f333 to remote] DEBUG org.apache.http.wire - http-outgoing-18 << "Content-Type:application/json; charset=utf-8[\r][\n]"
11:22:51.162 [Forwarding findElement on session a0cb0bb01edc9a6efead76024cd2f333 to remote] DEBUG org.apache.http.wire - http-outgoing-18 << "cache-control:no-cache[\r][\n]"
11:22:51.162 [Forwarding findElement on session a0cb0bb01edc9a6efead76024cd2f333 to remote] DEBUG org.apache.http.wire - http-outgoing-18 << "[\r][\n]"
11:22:51.162 [Forwarding findElement on session a0cb0bb01edc9a6efead76024cd2f333 to remote] DEBUG org.apache.http.wire - http-outgoing-18 << "{"value":{"element-6066-11e4-a52e-4f735466cecf":"7218afd8-2979-498d-b760-a7a9fcd2269f"}}"
11:22:51.162 [Forwarding findElement on session a0cb0bb01edc9a6efead76024cd2f333 to remote] DEBUG org.apache.http.headers - http-outgoing-18 << HTTP/1.1 200 OK
11:22:51.162 [Forwarding findElement on session a0cb0bb01edc9a6efead76024cd2f333 to remote] DEBUG org.apache.http.headers - http-outgoing-18 << Content-Length:88
11:22:51.162 [Forwarding findElement on session a0cb0bb01edc9a6efead76024cd2f333 to remote] DEBUG org.apache.http.headers - http-outgoing-18 << Content-Type:application/json; charset=utf-8
11:22:51.162 [Forwarding findElement on session a0cb0bb01edc9a6efead76024cd2f333 to remote] DEBUG org.apache.http.headers - http-outgoing-18 << cache-control:no-cache
11:22:51.162 [Forwarding findElement on session a0cb0bb01edc9a6efead76024cd2f333 to remote] DEBUG org.apache.http.impl.execchain.MainClientExec - Connection can be kept alive indefinitely
11:22:51.162 [Forwarding findElement on session a0cb0bb01edc9a6efead76024cd2f333 to remote] DEBUG org.apache.http.impl.conn.PoolingHttpClientConnectionManager - Connection [id: 18][route: {}->http://localhost:31945] can be kept alive indefinitely
11:22:51.162 [Forwarding findElement on session a0cb0bb01edc9a6efead76024cd2f333 to remote] DEBUG org.apache.http.impl.conn.PoolingHttpClientConnectionManager - Connection released: [id: 18][route: {}->http://localhost:31945][total kept alive: 19; route allocated: 1 of 2000; total allocated: 19 of 2000]
11:22:51.162 [Forwarding clickElement on session a0cb0bb01edc9a6efead76024cd2f333 to remote] DEBUG org.apache.http.client.protocol.RequestAddCookies - CookieSpec selected: default
11:22:51.162 [Forwarding clickElement on session a0cb0bb01edc9a6efead76024cd2f333 to remote] DEBUG org.apache.http.client.protocol.RequestAuthCache - Auth cache not set in the context
11:22:51.162 [Forwarding clickElement on session a0cb0bb01edc9a6efead76024cd2f333 to remote] DEBUG org.apache.http.impl.conn.PoolingHttpClientConnectionManager - Connection request: [route: {}->http://localhost:31945][total kept alive: 19; route allocated: 1 of 2000; total allocated: 19 of 2000]
11:22:51.162 [Forwarding clickElement on session a0cb0bb01edc9a6efead76024cd2f333 to remote] DEBUG org.apache.http.impl.conn.PoolingHttpClientConnectionManager - Connection leased: [id: 18][route: {}->http://localhost:31945][total kept alive: 18; route allocated: 1 of 2000; total allocated: 19 of 2000]
11:22:51.162 [Forwarding clickElement on session a0cb0bb01edc9a6efead76024cd2f333 to remote] DEBUG org.apache.http.impl.execchain.MainClientExec - Stale connection check
11:22:51.164 [Forwarding clickElement on session a0cb0bb01edc9a6efead76024cd2f333 to remote] DEBUG org.apache.http.wire - http-outgoing-18 << "[read] I/O error: Read timed out"
11:22:51.164 [Forwarding clickElement on session a0cb0bb01edc9a6efead76024cd2f333 to remote] DEBUG org.apache.http.impl.conn.DefaultManagedHttpClientConnection - http-outgoing-18: set socket timeout to 10800000
11:22:51.164 [Forwarding clickElement on session a0cb0bb01edc9a6efead76024cd2f333 to remote] DEBUG org.apache.http.impl.execchain.MainClientExec - Executing request POST /session/a0cb0bb01edc9a6efead76024cd2f333/element/7218afd8-2979-498d-b760-a7a9fcd2269f/click HTTP/1.1
11:22:51.164 [Forwarding clickElement on session a0cb0bb01edc9a6efead76024cd2f333 to remote] DEBUG org.apache.http.impl.execchain.MainClientExec - Target auth state: UNCHALLENGED
11:22:51.164 [Forwarding clickElement on session a0cb0bb01edc9a6efead76024cd2f333 to remote] DEBUG org.apache.http.impl.execchain.MainClientExec - Proxy auth state: UNCHALLENGED
11:22:51.164 [Forwarding clickElement on session a0cb0bb01edc9a6efead76024cd2f333 to remote] DEBUG org.apache.http.headers - http-outgoing-18 >> POST /session/a0cb0bb01edc9a6efead76024cd2f333/element/7218afd8-2979-498d-b760-a7a9fcd2269f/click HTTP/1.1
11:22:51.164 [Forwarding clickElement on session a0cb0bb01edc9a6efead76024cd2f333 to remote] DEBUG org.apache.http.headers - http-outgoing-18 >> Content-Type: application/json; charset=utf-8
11:22:51.164 [Forwarding clickElement on session a0cb0bb01edc9a6efead76024cd2f333 to remote] DEBUG org.apache.http.headers - http-outgoing-18 >> Content-Length: 45
11:22:51.164 [Forwarding clickElement on session a0cb0bb01edc9a6efead76024cd2f333 to remote] DEBUG org.apache.http.headers - http-outgoing-18 >> Host: localhost:31945
11:22:51.164 [Forwarding clickElement on session a0cb0bb01edc9a6efead76024cd2f333 to remote] DEBUG org.apache.http.headers - http-outgoing-18 >> Connection: Keep-Alive
11:22:51.164 [Forwarding clickElement on session a0cb0bb01edc9a6efead76024cd2f333 to remote] DEBUG org.apache.http.headers - http-outgoing-18 >> User-Agent: Apache-HttpClient/4.5.3 (Java/1.8.0_211)
11:22:51.164 [Forwarding clickElement on session a0cb0bb01edc9a6efead76024cd2f333 to remote] DEBUG org.apache.http.headers - http-outgoing-18 >> Accept-Encoding: gzip,deflate
11:22:51.164 [Forwarding clickElement on session a0cb0bb01edc9a6efead76024cd2f333 to remote] DEBUG org.apache.http.wire - http-outgoing-18 >> "POST /session/a0cb0bb01edc9a6efead76024cd2f333/element/7218afd8-2979-498d-b760-a7a9fcd2269f/click HTTP/1.1[\r][\n]"
11:22:51.164 [Forwarding clickElement on session a0cb0bb01edc9a6efead76024cd2f333 to remote] DEBUG org.apache.http.wire - http-outgoing-18 >> "Content-Type: application/json; charset=utf-8[\r][\n]"
11:22:51.164 [Forwarding clickElement on session a0cb0bb01edc9a6efead76024cd2f333 to remote] DEBUG org.apache.http.wire - http-outgoing-18 >> "Content-Length: 45[\r][\n]"
11:22:51.164 [Forwarding clickElement on session a0cb0bb01edc9a6efead76024cd2f333 to remote] DEBUG org.apache.http.wire - http-outgoing-18 >> "Host: localhost:31945[\r][\n]"
11:22:51.164 [Forwarding clickElement on session a0cb0bb01edc9a6efead76024cd2f333 to remote] DEBUG org.apache.http.wire - http-outgoing-18 >> "Connection: Keep-Alive[\r][\n]"
11:22:51.164 [Forwarding clickElement on session a0cb0bb01edc9a6efead76024cd2f333 to remote] DEBUG org.apache.http.wire - http-outgoing-18 >> "User-Agent: Apache-HttpClient/4.5.3 (Java/1.8.0_211)[\r][\n]"
11:22:51.164 [Forwarding clickElement on session a0cb0bb01edc9a6efead76024cd2f333 to remote] DEBUG org.apache.http.wire - http-outgoing-18 >> "Accept-Encoding: gzip,deflate[\r][\n]"
11:22:51.164 [Forwarding clickElement on session a0cb0bb01edc9a6efead76024cd2f333 to remote] DEBUG org.apache.http.wire - http-outgoing-18 >> "[\r][\n]"
11:22:51.164 [Forwarding clickElement on session a0cb0bb01edc9a6efead76024cd2f333 to remote] DEBUG org.apache.http.wire - http-outgoing-18 >> "{"id":"7218afd8-2979-498d-b760-a7a9fcd2269f"}"
11:22:51.488 [Forwarding clickElement on session a0cb0bb01edc9a6efead76024cd2f333 to remote] DEBUG org.apache.http.wire - http-outgoing-18 << "HTTP/1.1 200 OK[\r][\n]"
11:22:51.488 [Forwarding clickElement on session a0cb0bb01edc9a6efead76024cd2f333 to remote] DEBUG org.apache.http.wire - http-outgoing-18 << "Content-Length:14[\r][\n]"
11:22:51.488 [Forwarding clickElement on session a0cb0bb01edc9a6efead76024cd2f333 to remote] DEBUG org.apache.http.wire - http-outgoing-18 << "Content-Type:application/json; charset=utf-8[\r][\n]"
11:22:51.488 [Forwarding clickElement on session a0cb0bb01edc9a6efead76024cd2f333 to remote] DEBUG org.apache.http.wire - http-outgoing-18 << "cache-control:no-cache[\r][\n]"
11:22:51.488 [Forwarding clickElement on session a0cb0bb01edc9a6efead76024cd2f333 to remote] DEBUG org.apache.http.wire - http-outgoing-18 << "[\r][\n]"
11:22:51.488 [Forwarding clickElement on session a0cb0bb01edc9a6efead76024cd2f333 to remote] DEBUG org.apache.http.wire - http-outgoing-18 << "{"value":null}"
11:22:51.488 [Forwarding clickElement on session a0cb0bb01edc9a6efead76024cd2f333 to remote] DEBUG org.apache.http.headers - http-outgoing-18 << HTTP/1.1 200 OK
11:22:51.488 [Forwarding clickElement on session a0cb0bb01edc9a6efead76024cd2f333 to remote] DEBUG org.apache.http.headers - http-outgoing-18 << Content-Length:14
11:22:51.488 [Forwarding clickElement on session a0cb0bb01edc9a6efead76024cd2f333 to remote] DEBUG org.apache.http.headers - http-outgoing-18 << Content-Type:application/json; charset=utf-8
11:22:51.488 [Forwarding clickElement on session a0cb0bb01edc9a6efead76024cd2f333 to remote] DEBUG org.apache.http.headers - http-outgoing-18 << cache-control:no-cache
11:22:51.488 [Forwarding clickElement on session a0cb0bb01edc9a6efead76024cd2f333 to remote] DEBUG org.apache.http.impl.execchain.MainClientExec - Connection can be kept alive indefinitely
11:22:51.488 [Forwarding clickElement on session a0cb0bb01edc9a6efead76024cd2f333 to remote] DEBUG org.apache.http.impl.conn.PoolingHttpClientConnectionManager - Connection [id: 18][route: {}->http://localhost:31945] can be kept alive indefinitely
11:22:51.488 [Forwarding clickElement on session a0cb0bb01edc9a6efead76024cd2f333 to remote] DEBUG org.apache.http.impl.conn.PoolingHttpClientConnectionManager - Connection released: [id: 18][route: {}->http://localhost:31945][total kept alive: 19; route allocated: 1 of 2000; total allocated: 19 of 2000]
11:22:51.488 [Forwarding findElement on session a0cb0bb01edc9a6efead76024cd2f333 to remote] DEBUG org.apache.http.client.protocol.RequestAddCookies - CookieSpec selected: default
11:22:51.488 [Forwarding findElement on session a0cb0bb01edc9a6efead76024cd2f333 to remote] DEBUG org.apache.http.client.protocol.RequestAuthCache - Auth cache not set in the context
11:22:51.488 [Forwarding findElement on session a0cb0bb01edc9a6efead76024cd2f333 to remote] DEBUG org.apache.http.impl.conn.PoolingHttpClientConnectionManager - Connection request: [route: {}->http://localhost:31945][total kept alive: 19; route allocated: 1 of 2000; total allocated: 19 of 2000]
11:22:51.488 [Forwarding findElement on session a0cb0bb01edc9a6efead76024cd2f333 to remote] DEBUG org.apache.http.impl.conn.PoolingHttpClientConnectionManager - Connection leased: [id: 18][route: {}->http://localhost:31945][total kept alive: 18; route allocated: 1 of 2000; total allocated: 19 of 2000]
11:22:51.488 [Forwarding findElement on session a0cb0bb01edc9a6efead76024cd2f333 to remote] DEBUG org.apache.http.impl.execchain.MainClientExec - Stale connection check
11:22:51.490 [Forwarding findElement on session a0cb0bb01edc9a6efead76024cd2f333 to remote] DEBUG org.apache.http.wire - http-outgoing-18 << "[read] I/O error: Read timed out"
11:22:51.490 [Forwarding findElement on session a0cb0bb01edc9a6efead76024cd2f333 to remote] DEBUG org.apache.http.impl.conn.DefaultManagedHttpClientConnection - http-outgoing-18: set socket timeout to 10800000
11:22:51.490 [Forwarding findElement on session a0cb0bb01edc9a6efead76024cd2f333 to remote] DEBUG org.apache.http.impl.execchain.MainClientExec - Executing request POST /session/a0cb0bb01edc9a6efead76024cd2f333/element HTTP/1.1
11:22:51.490 [Forwarding findElement on session a0cb0bb01edc9a6efead76024cd2f333 to remote] DEBUG org.apache.http.impl.execchain.MainClientExec - Target auth state: UNCHALLENGED
11:22:51.490 [Forwarding findElement on session a0cb0bb01edc9a6efead76024cd2f333 to remote] DEBUG org.apache.http.impl.execchain.MainClientExec - Proxy auth state: UNCHALLENGED
11:22:51.490 [Forwarding findElement on session a0cb0bb01edc9a6efead76024cd2f333 to remote] DEBUG org.apache.http.headers - http-outgoing-18 >> POST /session/a0cb0bb01edc9a6efead76024cd2f333/element HTTP/1.1
11:22:51.490 [Forwarding findElement on session a0cb0bb01edc9a6efead76024cd2f333 to remote] DEBUG org.apache.http.headers - http-outgoing-18 >> Content-Type: application/json; charset=utf-8
11:22:51.490 [Forwarding findElement on session a0cb0bb01edc9a6efead76024cd2f333 to remote] DEBUG org.apache.http.headers - http-outgoing-18 >> Content-Length: 61
11:22:51.490 [Forwarding findElement on session a0cb0bb01edc9a6efead76024cd2f333 to remote] DEBUG org.apache.http.headers - http-outgoing-18 >> Host: localhost:31945
11:22:51.490 [Forwarding findElement on session a0cb0bb01edc9a6efead76024cd2f333 to remote] DEBUG org.apache.http.headers - http-outgoing-18 >> Connection: Keep-Alive
11:22:51.490 [Forwarding findElement on session a0cb0bb01edc9a6efead76024cd2f333 to remote] DEBUG org.apache.http.headers - http-outgoing-18 >> User-Agent: Apache-HttpClient/4.5.3 (Java/1.8.0_211)
11:22:51.490 [Forwarding findElement on session a0cb0bb01edc9a6efead76024cd2f333 to remote] DEBUG org.apache.http.headers - http-outgoing-18 >> Accept-Encoding: gzip,deflate
11:22:51.490 [Forwarding findElement on session a0cb0bb01edc9a6efead76024cd2f333 to remote] DEBUG org.apache.http.wire - http-outgoing-18 >> "POST /session/a0cb0bb01edc9a6efead76024cd2f333/element HTTP/1.1[\r][\n]"
11:22:51.490 [Forwarding findElement on session a0cb0bb01edc9a6efead76024cd2f333 to remote] DEBUG org.apache.http.wire - http-outgoing-18 >> "Content-Type: application/json; charset=utf-8[\r][\n]"
11:22:51.490 [Forwarding findElement on session a0cb0bb01edc9a6efead76024cd2f333 to remote] DEBUG org.apache.http.wire - http-outgoing-18 >> "Content-Length: 61[\r][\n]"
11:22:51.490 [Forwarding findElement on session a0cb0bb01edc9a6efead76024cd2f333 to remote] DEBUG org.apache.http.wire - http-outgoing-18 >> "Host: localhost:31945[\r][\n]"
11:22:51.490 [Forwarding findElement on session a0cb0bb01edc9a6efead76024cd2f333 to remote] DEBUG org.apache.http.wire - http-outgoing-18 >> "Connection: Keep-Alive[\r][\n]"
11:22:51.490 [Forwarding findElement on session a0cb0bb01edc9a6efead76024cd2f333 to remote] DEBUG org.apache.http.wire - http-outgoing-18 >> "User-Agent: Apache-HttpClient/4.5.3 (Java/1.8.0_211)[\r][\n]"
11:22:51.490 [Forwarding findElement on session a0cb0bb01edc9a6efead76024cd2f333 to remote] DEBUG org.apache.http.wire - http-outgoing-18 >> "Accept-Encoding: gzip,deflate[\r][\n]"
11:22:51.490 [Forwarding findElement on session a0cb0bb01edc9a6efead76024cd2f333 to remote] DEBUG org.apache.http.wire - http-outgoing-18 >> "[\r][\n]"
11:22:51.490 [Forwarding findElement on session a0cb0bb01edc9a6efead76024cd2f333 to remote] DEBUG org.apache.http.wire - http-outgoing-18 >> "{"value":".justify-content-end > div","using":"css selector"}"
11:22:51.497 [Forwarding findElement on session a0cb0bb01edc9a6efead76024cd2f333 to remote] DEBUG org.apache.http.wire - http-outgoing-18 << "HTTP/1.1 200 OK[\r][\n]"
11:22:51.497 [Forwarding findElement on session a0cb0bb01edc9a6efead76024cd2f333 to remote] DEBUG org.apache.http.wire - http-outgoing-18 << "Content-Length:88[\r][\n]"
11:22:51.497 [Forwarding findElement on session a0cb0bb01edc9a6efead76024cd2f333 to remote] DEBUG org.apache.http.wire - http-outgoing-18 << "Content-Type:application/json; charset=utf-8[\r][\n]"
11:22:51.497 [Forwarding findElement on session a0cb0bb01edc9a6efead76024cd2f333 to remote] DEBUG org.apache.http.wire - http-outgoing-18 << "cache-control:no-cache[\r][\n]"
11:22:51.497 [Forwarding findElement on session a0cb0bb01edc9a6efead76024cd2f333 to remote] DEBUG org.apache.http.wire - http-outgoing-18 << "[\r][\n]"
11:22:51.497 [Forwarding findElement on session a0cb0bb01edc9a6efead76024cd2f333 to remote] DEBUG org.apache.http.wire - http-outgoing-18 << "{"value":{"element-6066-11e4-a52e-4f735466cecf":"95970180-3b5f-4b6e-a16e-0f74c38e5b61"}}"
11:22:51.497 [Forwarding findElement on session a0cb0bb01edc9a6efead76024cd2f333 to remote] DEBUG org.apache.http.headers - http-outgoing-18 << HTTP/1.1 200 OK
11:22:51.497 [Forwarding findElement on session a0cb0bb01edc9a6efead76024cd2f333 to remote] DEBUG org.apache.http.headers - http-outgoing-18 << Content-Length:88
11:22:51.497 [Forwarding findElement on session a0cb0bb01edc9a6efead76024cd2f333 to remote] DEBUG org.apache.http.headers - http-outgoing-18 << Content-Type:application/json; charset=utf-8
11:22:51.497 [Forwarding findElement on session a0cb0bb01edc9a6efead76024cd2f333 to remote] DEBUG org.apache.http.headers - http-outgoing-18 << cache-control:no-cache
11:22:51.497 [Forwarding findElement on session a0cb0bb01edc9a6efead76024cd2f333 to remote] DEBUG org.apache.http.impl.execchain.MainClientExec - Connection can be kept alive indefinitely
11:22:51.497 [Forwarding findElement on session a0cb0bb01edc9a6efead76024cd2f333 to remote] DEBUG org.apache.http.impl.conn.PoolingHttpClientConnectionManager - Connection [id: 18][route: {}->http://localhost:31945] can be kept alive indefinitely
11:22:51.497 [Forwarding findElement on session a0cb0bb01edc9a6efead76024cd2f333 to remote] DEBUG org.apache.http.impl.conn.PoolingHttpClientConnectionManager - Connection released: [id: 18][route: {}->http://localhost:31945][total kept alive: 19; route allocated: 1 of 2000; total allocated: 19 of 2000]
11:22:51.497 [Forwarding clickElement on session a0cb0bb01edc9a6efead76024cd2f333 to remote] DEBUG org.apache.http.client.protocol.RequestAddCookies - CookieSpec selected: default
11:22:51.497 [Forwarding clickElement on session a0cb0bb01edc9a6efead76024cd2f333 to remote] DEBUG org.apache.http.client.protocol.RequestAuthCache - Auth cache not set in the context
11:22:51.497 [Forwarding clickElement on session a0cb0bb01edc9a6efead76024cd2f333 to remote] DEBUG org.apache.http.impl.conn.PoolingHttpClientConnectionManager - Connection request: [route: {}->http://localhost:31945][total kept alive: 19; route allocated: 1 of 2000; total allocated: 19 of 2000]
11:22:51.497 [Forwarding clickElement on session a0cb0bb01edc9a6efead76024cd2f333 to remote] DEBUG org.apache.http.impl.conn.PoolingHttpClientConnectionManager - Connection leased: [id: 18][route: {}->http://localhost:31945][total kept alive: 18; route allocated: 1 of 2000; total allocated: 19 of 2000]
11:22:51.497 [Forwarding clickElement on session a0cb0bb01edc9a6efead76024cd2f333 to remote] DEBUG org.apache.http.impl.execchain.MainClientExec - Stale connection check
11:22:51.499 [Forwarding clickElement on session a0cb0bb01edc9a6efead76024cd2f333 to remote] DEBUG org.apache.http.wire - http-outgoing-18 << "[read] I/O error: Read timed out"
11:22:51.499 [Forwarding clickElement on session a0cb0bb01edc9a6efead76024cd2f333 to remote] DEBUG org.apache.http.impl.conn.DefaultManagedHttpClientConnection - http-outgoing-18: set socket timeout to 10800000
11:22:51.499 [Forwarding clickElement on session a0cb0bb01edc9a6efead76024cd2f333 to remote] DEBUG org.apache.http.impl.execchain.MainClientExec - Executing request POST /session/a0cb0bb01edc9a6efead76024cd2f333/element/95970180-3b5f-4b6e-a16e-0f74c38e5b61/click HTTP/1.1
11:22:51.499 [Forwarding clickElement on session a0cb0bb01edc9a6efead76024cd2f333 to remote] DEBUG org.apache.http.impl.execchain.MainClientExec - Target auth state: UNCHALLENGED
11:22:51.499 [Forwarding clickElement on session a0cb0bb01edc9a6efead76024cd2f333 to remote] DEBUG org.apache.http.impl.execchain.MainClientExec - Proxy auth state: UNCHALLENGED
11:22:51.499 [Forwarding clickElement on session a0cb0bb01edc9a6efead76024cd2f333 to remote] DEBUG org.apache.http.headers - http-outgoing-18 >> POST /session/a0cb0bb01edc9a6efead76024cd2f333/element/95970180-3b5f-4b6e-a16e-0f74c38e5b61/click HTTP/1.1
11:22:51.499 [Forwarding clickElement on session a0cb0bb01edc9a6efead76024cd2f333 to remote] DEBUG org.apache.http.headers - http-outgoing-18 >> Content-Type: application/json; charset=utf-8
11:22:51.499 [Forwarding clickElement on session a0cb0bb01edc9a6efead76024cd2f333 to remote] DEBUG org.apache.http.headers - http-outgoing-18 >> Content-Length: 45
11:22:51.499 [Forwarding clickElement on session a0cb0bb01edc9a6efead76024cd2f333 to remote] DEBUG org.apache.http.headers - http-outgoing-18 >> Host: localhost:31945
11:22:51.499 [Forwarding clickElement on session a0cb0bb01edc9a6efead76024cd2f333 to remote] DEBUG org.apache.http.headers - http-outgoing-18 >> Connection: Keep-Alive
11:22:51.499 [Forwarding clickElement on session a0cb0bb01edc9a6efead76024cd2f333 to remote] DEBUG org.apache.http.headers - http-outgoing-18 >> User-Agent: Apache-HttpClient/4.5.3 (Java/1.8.0_211)
11:22:51.499 [Forwarding clickElement on session a0cb0bb01edc9a6efead76024cd2f333 to remote] DEBUG org.apache.http.headers - http-outgoing-18 >> Accept-Encoding: gzip,deflate
11:22:51.499 [Forwarding clickElement on session a0cb0bb01edc9a6efead76024cd2f333 to remote] DEBUG org.apache.http.wire - http-outgoing-18 >> "POST /session/a0cb0bb01edc9a6efead76024cd2f333/element/95970180-3b5f-4b6e-a16e-0f74c38e5b61/click HTTP/1.1[\r][\n]"
11:22:51.499 [Forwarding clickElement on session a0cb0bb01edc9a6efead76024cd2f333 to remote] DEBUG org.apache.http.wire - http-outgoing-18 >> "Content-Type: application/json; charset=utf-8[\r][\n]"
11:22:51.499 [Forwarding clickElement on session a0cb0bb01edc9a6efead76024cd2f333 to remote] DEBUG org.apache.http.wire - http-outgoing-18 >> "Content-Length: 45[\r][\n]"
11:22:51.499 [Forwarding clickElement on session a0cb0bb01edc9a6efead76024cd2f333 to remote] DEBUG org.apache.http.wire - http-outgoing-18 >> "Host: localhost:31945[\r][\n]"
11:22:51.499 [Forwarding clickElement on session a0cb0bb01edc9a6efead76024cd2f333 to remote] DEBUG org.apache.http.wire - http-outgoing-18 >> "Connection: Keep-Alive[\r][\n]"
11:22:51.499 [Forwarding clickElement on session a0cb0bb01edc9a6efead76024cd2f333 to remote] DEBUG org.apache.http.wire - http-outgoing-18 >> "User-Agent: Apache-HttpClient/4.5.3 (Java/1.8.0_211)[\r][\n]"
11:22:51.499 [Forwarding clickElement on session a0cb0bb01edc9a6efead76024cd2f333 to remote] DEBUG org.apache.http.wire - http-outgoing-18 >> "Accept-Encoding: gzip,deflate[\r][\n]"
11:22:51.499 [Forwarding clickElement on session a0cb0bb01edc9a6efead76024cd2f333 to remote] DEBUG org.apache.http.wire - http-outgoing-18 >> "[\r][\n]"
11:22:51.499 [Forwarding clickElement on session a0cb0bb01edc9a6efead76024cd2f333 to remote] DEBUG org.apache.http.wire - http-outgoing-18 >> "{"id":"95970180-3b5f-4b6e-a16e-0f74c38e5b61"}"
11:22:51.555 [Forwarding clickElement on session a0cb0bb01edc9a6efead76024cd2f333 to remote] DEBUG org.apache.http.wire - http-outgoing-18 << "HTTP/1.1 200 OK[\r][\n]"
11:22:51.555 [Forwarding clickElement on session a0cb0bb01edc9a6efead76024cd2f333 to remote] DEBUG org.apache.http.wire - http-outgoing-18 << "Content-Length:14[\r][\n]"
11:22:51.555 [Forwarding clickElement on session a0cb0bb01edc9a6efead76024cd2f333 to remote] DEBUG org.apache.http.wire - http-outgoing-18 << "Content-Type:application/json; charset=utf-8[\r][\n]"
11:22:51.555 [Forwarding clickElement on session a0cb0bb01edc9a6efead76024cd2f333 to remote] DEBUG org.apache.http.wire - http-outgoing-18 << "cache-control:no-cache[\r][\n]"
11:22:51.555 [Forwarding clickElement on session a0cb0bb01edc9a6efead76024cd2f333 to remote] DEBUG org.apache.http.wire - http-outgoing-18 << "[\r][\n]"
11:22:51.555 [Forwarding clickElement on session a0cb0bb01edc9a6efead76024cd2f333 to remote] DEBUG org.apache.http.wire - http-outgoing-18 << "{"value":null}"
11:22:51.555 [Forwarding clickElement on session a0cb0bb01edc9a6efead76024cd2f333 to remote] DEBUG org.apache.http.headers - http-outgoing-18 << HTTP/1.1 200 OK
11:22:51.555 [Forwarding clickElement on session a0cb0bb01edc9a6efead76024cd2f333 to remote] DEBUG org.apache.http.headers - http-outgoing-18 << Content-Length:14
11:22:51.555 [Forwarding clickElement on session a0cb0bb01edc9a6efead76024cd2f333 to remote] DEBUG org.apache.http.headers - http-outgoing-18 << Content-Type:application/json; charset=utf-8
11:22:51.555 [Forwarding clickElement on session a0cb0bb01edc9a6efead76024cd2f333 to remote] DEBUG org.apache.http.headers - http-outgoing-18 << cache-control:no-cache
11:22:51.555 [Forwarding clickElement on session a0cb0bb01edc9a6efead76024cd2f333 to remote] DEBUG org.apache.http.impl.execchain.MainClientExec - Connection can be kept alive indefinitely
11:22:51.555 [Forwarding clickElement on session a0cb0bb01edc9a6efead76024cd2f333 to remote] DEBUG org.apache.http.impl.conn.PoolingHttpClientConnectionManager - Connection [id: 18][route: {}->http://localhost:31945] can be kept alive indefinitely
11:22:51.555 [Forwarding clickElement on session a0cb0bb01edc9a6efead76024cd2f333 to remote] DEBUG org.apache.http.impl.conn.PoolingHttpClientConnectionManager - Connection released: [id: 18][route: {}->http://localhost:31945][total kept alive: 19; route allocated: 1 of 2000; total allocated: 19 of 2000]
11:22:51.555 [Forwarding findElement on session a0cb0bb01edc9a6efead76024cd2f333 to remote] DEBUG org.apache.http.client.protocol.RequestAddCookies - CookieSpec selected: default
11:22:51.555 [Forwarding findElement on session a0cb0bb01edc9a6efead76024cd2f333 to remote] DEBUG org.apache.http.client.protocol.RequestAuthCache - Auth cache not set in the context
11:22:51.556 [Forwarding findElement on session a0cb0bb01edc9a6efead76024cd2f333 to remote] DEBUG org.apache.http.impl.conn.PoolingHttpClientConnectionManager - Connection request: [route: {}->http://localhost:31945][total kept alive: 19; route allocated: 1 of 2000; total allocated: 19 of 2000]
11:22:51.556 [Forwarding findElement on session a0cb0bb01edc9a6efead76024cd2f333 to remote] DEBUG org.apache.http.impl.conn.PoolingHttpClientConnectionManager - Connection leased: [id: 18][route: {}->http://localhost:31945][total kept alive: 18; route allocated: 1 of 2000; total allocated: 19 of 2000]
11:22:51.556 [Forwarding findElement on session a0cb0bb01edc9a6efead76024cd2f333 to remote] DEBUG org.apache.http.impl.execchain.MainClientExec - Stale connection check
11:22:51.557 [Forwarding findElement on session a0cb0bb01edc9a6efead76024cd2f333 to remote] DEBUG org.apache.http.wire - http-outgoing-18 << "[read] I/O error: Read timed out"
11:22:51.557 [Forwarding findElement on session a0cb0bb01edc9a6efead76024cd2f333 to remote] DEBUG org.apache.http.impl.conn.DefaultManagedHttpClientConnection - http-outgoing-18: set socket timeout to 10800000
11:22:51.557 [Forwarding findElement on session a0cb0bb01edc9a6efead76024cd2f333 to remote] DEBUG org.apache.http.impl.execchain.MainClientExec - Executing request POST /session/a0cb0bb01edc9a6efead76024cd2f333/element HTTP/1.1
11:22:51.557 [Forwarding findElement on session a0cb0bb01edc9a6efead76024cd2f333 to remote] DEBUG org.apache.http.impl.execchain.MainClientExec - Target auth state: UNCHALLENGED
11:22:51.557 [Forwarding findElement on session a0cb0bb01edc9a6efead76024cd2f333 to remote] DEBUG org.apache.http.impl.execchain.MainClientExec - Proxy auth state: UNCHALLENGED
11:22:51.557 [Forwarding findElement on session a0cb0bb01edc9a6efead76024cd2f333 to remote] DEBUG org.apache.http.headers - http-outgoing-18 >> POST /session/a0cb0bb01edc9a6efead76024cd2f333/element HTTP/1.1
11:22:51.557 [Forwarding findElement on session a0cb0bb01edc9a6efead76024cd2f333 to remote] DEBUG org.apache.http.headers - http-outgoing-18 >> Content-Type: application/json; charset=utf-8
11:22:51.557 [Forwarding findElement on session a0cb0bb01edc9a6efead76024cd2f333 to remote] DEBUG org.apache.http.headers - http-outgoing-18 >> Content-Length: 53
11:22:51.557 [Forwarding findElement on session a0cb0bb01edc9a6efead76024cd2f333 to remote] DEBUG org.apache.http.headers - http-outgoing-18 >> Host: localhost:31945
11:22:51.557 [Forwarding findElement on session a0cb0bb01edc9a6efead76024cd2f333 to remote] DEBUG org.apache.http.headers - http-outgoing-18 >> Connection: Keep-Alive
11:22:51.557 [Forwarding findElement on session a0cb0bb01edc9a6efead76024cd2f333 to remote] DEBUG org.apache.http.headers - http-outgoing-18 >> User-Agent: Apache-HttpClient/4.5.3 (Java/1.8.0_211)
11:22:51.557 [Forwarding findElement on session a0cb0bb01edc9a6efead76024cd2f333 to remote] DEBUG org.apache.http.headers - http-outgoing-18 >> Accept-Encoding: gzip,deflate
11:22:51.557 [Forwarding findElement on session a0cb0bb01edc9a6efead76024cd2f333 to remote] DEBUG org.apache.http.wire - http-outgoing-18 >> "POST /session/a0cb0bb01edc9a6efead76024cd2f333/element HTTP/1.1[\r][\n]"
11:22:51.557 [Forwarding findElement on session a0cb0bb01edc9a6efead76024cd2f333 to remote] DEBUG org.apache.http.wire - http-outgoing-18 >> "Content-Type: application/json; charset=utf-8[\r][\n]"
11:22:51.557 [Forwarding findElement on session a0cb0bb01edc9a6efead76024cd2f333 to remote] DEBUG org.apache.http.wire - http-outgoing-18 >> "Content-Length: 53[\r][\n]"
11:22:51.557 [Forwarding findElement on session a0cb0bb01edc9a6efead76024cd2f333 to remote] DEBUG org.apache.http.wire - http-outgoing-18 >> "Host: localhost:31945[\r][\n]"
11:22:51.557 [Forwarding findElement on session a0cb0bb01edc9a6efead76024cd2f333 to remote] DEBUG org.apache.http.wire - http-outgoing-18 >> "Connection: Keep-Alive[\r][\n]"
11:22:51.557 [Forwarding findElement on session a0cb0bb01edc9a6efead76024cd2f333 to remote] DEBUG org.apache.http.wire - http-outgoing-18 >> "User-Agent: Apache-HttpClient/4.5.3 (Java/1.8.0_211)[\r][\n]"
11:22:51.557 [Forwarding findElement on session a0cb0bb01edc9a6efead76024cd2f333 to remote] DEBUG org.apache.http.wire - http-outgoing-18 >> "Accept-Encoding: gzip,deflate[\r][\n]"
11:22:51.557 [Forwarding findElement on session a0cb0bb01edc9a6efead76024cd2f333 to remote] DEBUG org.apache.http.wire - http-outgoing-18 >> "[\r][\n]"
11:22:51.557 [Forwarding findElement on session a0cb0bb01edc9a6efead76024cd2f333 to remote] DEBUG org.apache.http.wire - http-outgoing-18 >> "{"value":"span > .d-flex div","using":"css selector"}"
11:22:51.805 [Forwarding findElement on session a0cb0bb01edc9a6efead76024cd2f333 to remote] DEBUG org.apache.http.wire - http-outgoing-18 << "HTTP/1.1 200 OK[\r][\n]"
11:22:51.805 [Forwarding findElement on session a0cb0bb01edc9a6efead76024cd2f333 to remote] DEBUG org.apache.http.wire - http-outgoing-18 << "Content-Length:88[\r][\n]"
11:22:51.805 [Forwarding findElement on session a0cb0bb01edc9a6efead76024cd2f333 to remote] DEBUG org.apache.http.wire - http-outgoing-18 << "Content-Type:application/json; charset=utf-8[\r][\n]"
11:22:51.805 [Forwarding findElement on session a0cb0bb01edc9a6efead76024cd2f333 to remote] DEBUG org.apache.http.wire - http-outgoing-18 << "cache-control:no-cache[\r][\n]"
11:22:51.805 [Forwarding findElement on session a0cb0bb01edc9a6efead76024cd2f333 to remote] DEBUG org.apache.http.wire - http-outgoing-18 << "[\r][\n]"
11:22:51.805 [Forwarding findElement on session a0cb0bb01edc9a6efead76024cd2f333 to remote] DEBUG org.apache.http.wire - http-outgoing-18 << "{"value":{"element-6066-11e4-a52e-4f735466cecf":"8bce5ec5-26c2-40b0-b423-e013737d1cac"}}"
11:22:51.805 [Forwarding findElement on session a0cb0bb01edc9a6efead76024cd2f333 to remote] DEBUG org.apache.http.headers - http-outgoing-18 << HTTP/1.1 200 OK
11:22:51.805 [Forwarding findElement on session a0cb0bb01edc9a6efead76024cd2f333 to remote] DEBUG org.apache.http.headers - http-outgoing-18 << Content-Length:88
11:22:51.805 [Forwarding findElement on session a0cb0bb01edc9a6efead76024cd2f333 to remote] DEBUG org.apache.http.headers - http-outgoing-18 << Content-Type:application/json; charset=utf-8
11:22:51.805 [Forwarding findElement on session a0cb0bb01edc9a6efead76024cd2f333 to remote] DEBUG org.apache.http.headers - http-outgoing-18 << cache-control:no-cache
11:22:51.805 [Forwarding findElement on session a0cb0bb01edc9a6efead76024cd2f333 to remote] DEBUG org.apache.http.impl.execchain.MainClientExec - Connection can be kept alive indefinitely
11:22:51.805 [Forwarding findElement on session a0cb0bb01edc9a6efead76024cd2f333 to remote] DEBUG org.apache.http.impl.conn.PoolingHttpClientConnectionManager - Connection [id: 18][route: {}->http://localhost:31945] can be kept alive indefinitely
11:22:51.805 [Forwarding findElement on session a0cb0bb01edc9a6efead76024cd2f333 to remote] DEBUG org.apache.http.impl.conn.PoolingHttpClientConnectionManager - Connection released: [id: 18][route: {}->http://localhost:31945][total kept alive: 19; route allocated: 1 of 2000; total allocated: 19 of 2000]
11:22:51.806 [Forwarding getElementText on session a0cb0bb01edc9a6efead76024cd2f333 to remote] DEBUG org.apache.http.client.protocol.RequestAddCookies - CookieSpec selected: default
11:22:51.806 [Forwarding getElementText on session a0cb0bb01edc9a6efead76024cd2f333 to remote] DEBUG org.apache.http.client.protocol.RequestAuthCache - Auth cache not set in the context
11:22:51.806 [Forwarding getElementText on session a0cb0bb01edc9a6efead76024cd2f333 to remote] DEBUG org.apache.http.impl.conn.PoolingHttpClientConnectionManager - Connection request: [route: {}->http://localhost:31945][total kept alive: 19; route allocated: 1 of 2000; total allocated: 19 of 2000]
11:22:51.806 [Forwarding getElementText on session a0cb0bb01edc9a6efead76024cd2f333 to remote] DEBUG org.apache.http.impl.conn.PoolingHttpClientConnectionManager - Connection leased: [id: 18][route: {}->http://localhost:31945][total kept alive: 18; route allocated: 1 of 2000; total allocated: 19 of 2000]
11:22:51.806 [Forwarding getElementText on session a0cb0bb01edc9a6efead76024cd2f333 to remote] DEBUG org.apache.http.impl.execchain.MainClientExec - Stale connection check
11:22:51.807 [Forwarding getElementText on session a0cb0bb01edc9a6efead76024cd2f333 to remote] DEBUG org.apache.http.wire - http-outgoing-18 << "[read] I/O error: Read timed out"
11:22:51.807 [Forwarding getElementText on session a0cb0bb01edc9a6efead76024cd2f333 to remote] DEBUG org.apache.http.impl.conn.DefaultManagedHttpClientConnection - http-outgoing-18: set socket timeout to 10800000
11:22:51.807 [Forwarding getElementText on session a0cb0bb01edc9a6efead76024cd2f333 to remote] DEBUG org.apache.http.impl.execchain.MainClientExec - Executing request GET /session/a0cb0bb01edc9a6efead76024cd2f333/element/8bce5ec5-26c2-40b0-b423-e013737d1cac/text HTTP/1.1
11:22:51.807 [Forwarding getElementText on session a0cb0bb01edc9a6efead76024cd2f333 to remote] DEBUG org.apache.http.impl.execchain.MainClientExec - Target auth state: UNCHALLENGED
11:22:51.807 [Forwarding getElementText on session a0cb0bb01edc9a6efead76024cd2f333 to remote] DEBUG org.apache.http.impl.execchain.MainClientExec - Proxy auth state: UNCHALLENGED
11:22:51.807 [Forwarding getElementText on session a0cb0bb01edc9a6efead76024cd2f333 to remote] DEBUG org.apache.http.headers - http-outgoing-18 >> GET /session/a0cb0bb01edc9a6efead76024cd2f333/element/8bce5ec5-26c2-40b0-b423-e013737d1cac/text HTTP/1.1
11:22:51.807 [Forwarding getElementText on session a0cb0bb01edc9a6efead76024cd2f333 to remote] DEBUG org.apache.http.headers - http-outgoing-18 >> Cache-Control: no-cache
11:22:51.807 [Forwarding getElementText on session a0cb0bb01edc9a6efead76024cd2f333 to remote] DEBUG org.apache.http.headers - http-outgoing-18 >> Host: localhost:31945
11:22:51.807 [Forwarding getElementText on session a0cb0bb01edc9a6efead76024cd2f333 to remote] DEBUG org.apache.http.headers - http-outgoing-18 >> Connection: Keep-Alive
11:22:51.807 [Forwarding getElementText on session a0cb0bb01edc9a6efead76024cd2f333 to remote] DEBUG org.apache.http.headers - http-outgoing-18 >> User-Agent: Apache-HttpClient/4.5.3 (Java/1.8.0_211)
11:22:51.807 [Forwarding getElementText on session a0cb0bb01edc9a6efead76024cd2f333 to remote] DEBUG org.apache.http.headers - http-outgoing-18 >> Accept-Encoding: gzip,deflate
11:22:51.807 [Forwarding getElementText on session a0cb0bb01edc9a6efead76024cd2f333 to remote] DEBUG org.apache.http.wire - http-outgoing-18 >> "GET /session/a0cb0bb01edc9a6efead76024cd2f333/element/8bce5ec5-26c2-40b0-b423-e013737d1cac/text HTTP/1.1[\r][\n]"
11:22:51.807 [Forwarding getElementText on session a0cb0bb01edc9a6efead76024cd2f333 to remote] DEBUG org.apache.http.wire - http-outgoing-18 >> "Cache-Control: no-cache[\r][\n]"
11:22:51.807 [Forwarding getElementText on session a0cb0bb01edc9a6efead76024cd2f333 to remote] DEBUG org.apache.http.wire - http-outgoing-18 >> "Host: localhost:31945[\r][\n]"
11:22:51.807 [Forwarding getElementText on session a0cb0bb01edc9a6efead76024cd2f333 to remote] DEBUG org.apache.http.wire - http-outgoing-18 >> "Connection: Keep-Alive[\r][\n]"
11:22:51.807 [Forwarding getElementText on session a0cb0bb01edc9a6efead76024cd2f333 to remote] DEBUG org.apache.http.wire - http-outgoing-18 >> "User-Agent: Apache-HttpClient/4.5.3 (Java/1.8.0_211)[\r][\n]"
11:22:51.807 [Forwarding getElementText on session a0cb0bb01edc9a6efead76024cd2f333 to remote] DEBUG org.apache.http.wire - http-outgoing-18 >> "Accept-Encoding: gzip,deflate[\r][\n]"
11:22:51.807 [Forwarding getElementText on session a0cb0bb01edc9a6efead76024cd2f333 to remote] DEBUG org.apache.http.wire - http-outgoing-18 >> "[\r][\n]"
11:22:51.817 [Forwarding getElementText on session a0cb0bb01edc9a6efead76024cd2f333 to remote] DEBUG org.apache.http.wire - http-outgoing-18 << "HTTP/1.1 200 OK[\r][\n]"
11:22:51.817 [Forwarding getElementText on session a0cb0bb01edc9a6efead76024cd2f333 to remote] DEBUG org.apache.http.wire - http-outgoing-18 << "Content-Length:46[\r][\n]"
11:22:51.817 [Forwarding getElementText on session a0cb0bb01edc9a6efead76024cd2f333 to remote] DEBUG org.apache.http.wire - http-outgoing-18 << "Content-Type:application/json; charset=utf-8[\r][\n]"
11:22:51.817 [Forwarding getElementText on session a0cb0bb01edc9a6efead76024cd2f333 to remote] DEBUG org.apache.http.wire - http-outgoing-18 << "cache-control:no-cache[\r][\n]"
11:22:51.817 [Forwarding getElementText on session a0cb0bb01edc9a6efead76024cd2f333 to remote] DEBUG org.apache.http.wire - http-outgoing-18 << "[\r][\n]"
11:22:51.817 [Forwarding getElementText on session a0cb0bb01edc9a6efead76024cd2f333 to remote] DEBUG org.apache.http.wire - http-outgoing-18 << "{"value":"TN2jfdYCX9vvozqjwVvPjMd7vRj8HKyxUe"}"
11:22:51.817 [Forwarding getElementText on session a0cb0bb01edc9a6efead76024cd2f333 to remote] DEBUG org.apache.http.headers - http-outgoing-18 << HTTP/1.1 200 OK
11:22:51.817 [Forwarding getElementText on session a0cb0bb01edc9a6efead76024cd2f333 to remote] DEBUG org.apache.http.headers - http-outgoing-18 << Content-Length:46
11:22:51.817 [Forwarding getElementText on session a0cb0bb01edc9a6efead76024cd2f333 to remote] DEBUG org.apache.http.headers - http-outgoing-18 << Content-Type:application/json; charset=utf-8
11:22:51.817 [Forwarding getElementText on session a0cb0bb01edc9a6efead76024cd2f333 to remote] DEBUG org.apache.http.headers - http-outgoing-18 << cache-control:no-cache
11:22:51.817 [Forwarding getElementText on session a0cb0bb01edc9a6efead76024cd2f333 to remote] DEBUG org.apache.http.impl.execchain.MainClientExec - Connection can be kept alive indefinitely
11:22:51.817 [Forwarding getElementText on session a0cb0bb01edc9a6efead76024cd2f333 to remote] DEBUG org.apache.http.impl.conn.PoolingHttpClientConnectionManager - Connection [id: 18][route: {}->http://localhost:31945] can be kept alive indefinitely
11:22:51.817 [Forwarding getElementText on session a0cb0bb01edc9a6efead76024cd2f333 to remote] DEBUG org.apache.http.impl.conn.PoolingHttpClientConnectionManager - Connection released: [id: 18][route: {}->http://localhost:31945][total kept alive: 19; route allocated: 1 of 2000; total allocated: 19 of 2000]
11:22:52.018 [Forwarding findElement on session a0cb0bb01edc9a6efead76024cd2f333 to remote] DEBUG org.apache.http.client.protocol.RequestAddCookies - CookieSpec selected: default
11:22:52.018 [Forwarding findElement on session a0cb0bb01edc9a6efead76024cd2f333 to remote] DEBUG org.apache.http.client.protocol.RequestAuthCache - Auth cache not set in the context
11:22:52.018 [Forwarding findElement on session a0cb0bb01edc9a6efead76024cd2f333 to remote] DEBUG org.apache.http.impl.conn.PoolingHttpClientConnectionManager - Connection request: [route: {}->http://localhost:31945][total kept alive: 19; route allocated: 1 of 2000; total allocated: 19 of 2000]
11:22:52.018 [Forwarding findElement on session a0cb0bb01edc9a6efead76024cd2f333 to remote] DEBUG org.apache.http.impl.conn.PoolingHttpClientConnectionManager - Connection leased: [id: 18][route: {}->http://localhost:31945][total kept alive: 18; route allocated: 1 of 2000; total allocated: 19 of 2000]
11:22:52.018 [Forwarding findElement on session a0cb0bb01edc9a6efead76024cd2f333 to remote] DEBUG org.apache.http.impl.execchain.MainClientExec - Stale connection check
11:22:52.019 [Forwarding findElement on session a0cb0bb01edc9a6efead76024cd2f333 to remote] DEBUG org.apache.http.wire - http-outgoing-18 << "[read] I/O error: Read timed out"
11:22:52.019 [Forwarding findElement on session a0cb0bb01edc9a6efead76024cd2f333 to remote] DEBUG org.apache.http.impl.conn.DefaultManagedHttpClientConnection - http-outgoing-18: set socket timeout to 10800000
11:22:52.019 [Forwarding findElement on session a0cb0bb01edc9a6efead76024cd2f333 to remote] DEBUG org.apache.http.impl.execchain.MainClientExec - Executing request POST /session/a0cb0bb01edc9a6efead76024cd2f333/element HTTP/1.1
11:22:52.019 [Forwarding findElement on session a0cb0bb01edc9a6efead76024cd2f333 to remote] DEBUG org.apache.http.impl.execchain.MainClientExec - Target auth state: UNCHALLENGED
11:22:52.019 [Forwarding findElement on session a0cb0bb01edc9a6efead76024cd2f333 to remote] DEBUG org.apache.http.impl.execchain.MainClientExec - Proxy auth state: UNCHALLENGED
11:22:52.019 [Forwarding findElement on session a0cb0bb01edc9a6efead76024cd2f333 to remote] DEBUG org.apache.http.headers - http-outgoing-18 >> POST /session/a0cb0bb01edc9a6efead76024cd2f333/element HTTP/1.1
11:22:52.019 [Forwarding findElement on session a0cb0bb01edc9a6efead76024cd2f333 to remote] DEBUG org.apache.http.headers - http-outgoing-18 >> Content-Type: application/json; charset=utf-8
11:22:52.019 [Forwarding findElement on session a0cb0bb01edc9a6efead76024cd2f333 to remote] DEBUG org.apache.http.headers - http-outgoing-18 >> Content-Length: 58
11:22:52.019 [Forwarding findElement on session a0cb0bb01edc9a6efead76024cd2f333 to remote] DEBUG org.apache.http.headers - http-outgoing-18 >> Host: localhost:31945
11:22:52.019 [Forwarding findElement on session a0cb0bb01edc9a6efead76024cd2f333 to remote] DEBUG org.apache.http.headers - http-outgoing-18 >> Connection: Keep-Alive
11:22:52.019 [Forwarding findElement on session a0cb0bb01edc9a6efead76024cd2f333 to remote] DEBUG org.apache.http.headers - http-outgoing-18 >> User-Agent: Apache-HttpClient/4.5.3 (Java/1.8.0_211)
11:22:52.019 [Forwarding findElement on session a0cb0bb01edc9a6efead76024cd2f333 to remote] DEBUG org.apache.http.headers - http-outgoing-18 >> Accept-Encoding: gzip,deflate
11:22:52.019 [Forwarding findElement on session a0cb0bb01edc9a6efead76024cd2f333 to remote] DEBUG org.apache.http.wire - http-outgoing-18 >> "POST /session/a0cb0bb01edc9a6efead76024cd2f333/element HTTP/1.1[\r][\n]"
11:22:52.019 [Forwarding findElement on session a0cb0bb01edc9a6efead76024cd2f333 to remote] DEBUG org.apache.http.wire - http-outgoing-18 >> "Content-Type: application/json; charset=utf-8[\r][\n]"
11:22:52.019 [Forwarding findElement on session a0cb0bb01edc9a6efead76024cd2f333 to remote] DEBUG org.apache.http.wire - http-outgoing-18 >> "Content-Length: 58[\r][\n]"
11:22:52.019 [Forwarding findElement on session a0cb0bb01edc9a6efead76024cd2f333 to remote] DEBUG org.apache.http.wire - http-outgoing-18 >> "Host: localhost:31945[\r][\n]"
11:22:52.019 [Forwarding findElement on session a0cb0bb01edc9a6efead76024cd2f333 to remote] DEBUG org.apache.http.wire - http-outgoing-18 >> "Connection: Keep-Alive[\r][\n]"
11:22:52.019 [Forwarding findElement on session a0cb0bb01edc9a6efead76024cd2f333 to remote] DEBUG org.apache.http.wire - http-outgoing-18 >> "User-Agent: Apache-HttpClient/4.5.3 (Java/1.8.0_211)[\r][\n]"
11:22:52.019 [Forwarding findElement on session a0cb0bb01edc9a6efead76024cd2f333 to remote] DEBUG org.apache.http.wire - http-outgoing-18 >> "Accept-Encoding: gzip,deflate[\r][\n]"
11:22:52.019 [Forwarding findElement on session a0cb0bb01edc9a6efead76024cd2f333 to remote] DEBUG org.apache.http.wire - http-outgoing-18 >> "[\r][\n]"
11:22:52.019 [Forwarding findElement on session a0cb0bb01edc9a6efead76024cd2f333 to remote] DEBUG org.apache.http.wire - http-outgoing-18 >> "{"value":".dropdown-toggle > span","using":"css selector"}"
11:22:52.022 [Forwarding findElement on session a0cb0bb01edc9a6efead76024cd2f333 to remote] DEBUG org.apache.http.wire - http-outgoing-18 << "HTTP/1.1 200 OK[\r][\n]"
11:22:52.022 [Forwarding findElement on session a0cb0bb01edc9a6efead76024cd2f333 to remote] DEBUG org.apache.http.wire - http-outgoing-18 << "Content-Length:88[\r][\n]"
11:22:52.022 [Forwarding findElement on session a0cb0bb01edc9a6efead76024cd2f333 to remote] DEBUG org.apache.http.wire - http-outgoing-18 << "Content-Type:application/json; charset=utf-8[\r][\n]"
11:22:52.022 [Forwarding findElement on session a0cb0bb01edc9a6efead76024cd2f333 to remote] DEBUG org.apache.http.wire - http-outgoing-18 << "cache-control:no-cache[\r][\n]"
11:22:52.022 [Forwarding findElement on session a0cb0bb01edc9a6efead76024cd2f333 to remote] DEBUG org.apache.http.wire - http-outgoing-18 << "[\r][\n]"
11:22:52.022 [Forwarding findElement on session a0cb0bb01edc9a6efead76024cd2f333 to remote] DEBUG org.apache.http.wire - http-outgoing-18 << "{"value":{"element-6066-11e4-a52e-4f735466cecf":"7218afd8-2979-498d-b760-a7a9fcd2269f"}}"
11:22:52.022 [Forwarding findElement on session a0cb0bb01edc9a6efead76024cd2f333 to remote] DEBUG org.apache.http.headers - http-outgoing-18 << HTTP/1.1 200 OK
11:22:52.022 [Forwarding findElement on session a0cb0bb01edc9a6efead76024cd2f333 to remote] DEBUG org.apache.http.headers - http-outgoing-18 << Content-Length:88
11:22:52.022 [Forwarding findElement on session a0cb0bb01edc9a6efead76024cd2f333 to remote] DEBUG org.apache.http.headers - http-outgoing-18 << Content-Type:application/json; charset=utf-8
11:22:52.022 [Forwarding findElement on session a0cb0bb01edc9a6efead76024cd2f333 to remote] DEBUG org.apache.http.headers - http-outgoing-18 << cache-control:no-cache
11:22:52.022 [Forwarding findElement on session a0cb0bb01edc9a6efead76024cd2f333 to remote] DEBUG org.apache.http.impl.execchain.MainClientExec - Connection can be kept alive indefinitely
11:22:52.022 [Forwarding findElement on session a0cb0bb01edc9a6efead76024cd2f333 to remote] DEBUG org.apache.http.impl.conn.PoolingHttpClientConnectionManager - Connection [id: 18][route: {}->http://localhost:31945] can be kept alive indefinitely
11:22:52.022 [Forwarding findElement on session a0cb0bb01edc9a6efead76024cd2f333 to remote] DEBUG org.apache.http.impl.conn.PoolingHttpClientConnectionManager - Connection released: [id: 18][route: {}->http://localhost:31945][total kept alive: 19; route allocated: 1 of 2000; total allocated: 19 of 2000]
11:22:52.022 [Forwarding actions on session a0cb0bb01edc9a6efead76024cd2f333 to remote] DEBUG org.apache.http.client.protocol.RequestAddCookies - CookieSpec selected: default
11:22:52.022 [Forwarding actions on session a0cb0bb01edc9a6efead76024cd2f333 to remote] DEBUG org.apache.http.client.protocol.RequestAuthCache - Auth cache not set in the context
11:22:52.022 [Forwarding actions on session a0cb0bb01edc9a6efead76024cd2f333 to remote] DEBUG org.apache.http.impl.conn.PoolingHttpClientConnectionManager - Connection request: [route: {}->http://localhost:31945][total kept alive: 19; route allocated: 1 of 2000; total allocated: 19 of 2000]
11:22:52.022 [Forwarding actions on session a0cb0bb01edc9a6efead76024cd2f333 to remote] DEBUG org.apache.http.impl.conn.PoolingHttpClientConnectionManager - Connection leased: [id: 18][route: {}->http://localhost:31945][total kept alive: 18; route allocated: 1 of 2000; total allocated: 19 of 2000]
11:22:52.022 [Forwarding actions on session a0cb0bb01edc9a6efead76024cd2f333 to remote] DEBUG org.apache.http.impl.execchain.MainClientExec - Stale connection check
11:22:52.024 [Forwarding actions on session a0cb0bb01edc9a6efead76024cd2f333 to remote] DEBUG org.apache.http.wire - http-outgoing-18 << "[read] I/O error: Read timed out"
11:22:52.024 [Forwarding actions on session a0cb0bb01edc9a6efead76024cd2f333 to remote] DEBUG org.apache.http.impl.conn.DefaultManagedHttpClientConnection - http-outgoing-18: set socket timeout to 10800000
11:22:52.024 [Forwarding actions on session a0cb0bb01edc9a6efead76024cd2f333 to remote] DEBUG org.apache.http.impl.execchain.MainClientExec - Executing request POST /session/a0cb0bb01edc9a6efead76024cd2f333/actions HTTP/1.1
11:22:52.024 [Forwarding actions on session a0cb0bb01edc9a6efead76024cd2f333 to remote] DEBUG org.apache.http.impl.execchain.MainClientExec - Target auth state: UNCHALLENGED
11:22:52.024 [Forwarding actions on session a0cb0bb01edc9a6efead76024cd2f333 to remote] DEBUG org.apache.http.impl.execchain.MainClientExec - Proxy auth state: UNCHALLENGED
11:22:52.024 [Forwarding actions on session a0cb0bb01edc9a6efead76024cd2f333 to remote] DEBUG org.apache.http.headers - http-outgoing-18 >> POST /session/a0cb0bb01edc9a6efead76024cd2f333/actions HTTP/1.1
11:22:52.024 [Forwarding actions on session a0cb0bb01edc9a6efead76024cd2f333 to remote] DEBUG org.apache.http.headers - http-outgoing-18 >> Content-Type: application/json; charset=utf-8
11:22:52.024 [Forwarding actions on session a0cb0bb01edc9a6efead76024cd2f333 to remote] DEBUG org.apache.http.headers - http-outgoing-18 >> Content-Length: 289
11:22:52.024 [Forwarding actions on session a0cb0bb01edc9a6efead76024cd2f333 to remote] DEBUG org.apache.http.headers - http-outgoing-18 >> Host: localhost:31945
11:22:52.024 [Forwarding actions on session a0cb0bb01edc9a6efead76024cd2f333 to remote] DEBUG org.apache.http.headers - http-outgoing-18 >> Connection: Keep-Alive
11:22:52.024 [Forwarding actions on session a0cb0bb01edc9a6efead76024cd2f333 to remote] DEBUG org.apache.http.headers - http-outgoing-18 >> User-Agent: Apache-HttpClient/4.5.3 (Java/1.8.0_211)
11:22:52.024 [Forwarding actions on session a0cb0bb01edc9a6efead76024cd2f333 to remote] DEBUG org.apache.http.headers - http-outgoing-18 >> Accept-Encoding: gzip,deflate
11:22:52.024 [Forwarding actions on session a0cb0bb01edc9a6efead76024cd2f333 to remote] DEBUG org.apache.http.wire - http-outgoing-18 >> "POST /session/a0cb0bb01edc9a6efead76024cd2f333/actions HTTP/1.1[\r][\n]"
11:22:52.024 [Forwarding actions on session a0cb0bb01edc9a6efead76024cd2f333 to remote] DEBUG org.apache.http.wire - http-outgoing-18 >> "Content-Type: application/json; charset=utf-8[\r][\n]"
11:22:52.024 [Forwarding actions on session a0cb0bb01edc9a6efead76024cd2f333 to remote] DEBUG org.apache.http.wire - http-outgoing-18 >> "Content-Length: 289[\r][\n]"
11:22:52.024 [Forwarding actions on session a0cb0bb01edc9a6efead76024cd2f333 to remote] DEBUG org.apache.http.wire - http-outgoing-18 >> "Host: localhost:31945[\r][\n]"
11:22:52.024 [Forwarding actions on session a0cb0bb01edc9a6efead76024cd2f333 to remote] DEBUG org.apache.http.wire - http-outgoing-18 >> "Connection: Keep-Alive[\r][\n]"
11:22:52.024 [Forwarding actions on session a0cb0bb01edc9a6efead76024cd2f333 to remote] DEBUG org.apache.http.wire - http-outgoing-18 >> "User-Agent: Apache-HttpClient/4.5.3 (Java/1.8.0_211)[\r][\n]"
11:22:52.024 [Forwarding actions on session a0cb0bb01edc9a6efead76024cd2f333 to remote] DEBUG org.apache.http.wire - http-outgoing-18 >> "Accept-Encoding: gzip,deflate[\r][\n]"
11:22:52.024 [Forwarding actions on session a0cb0bb01edc9a6efead76024cd2f333 to remote] DEBUG org.apache.http.wire - http-outgoing-18 >> "[\r][\n]"
11:22:52.024 [Forwarding actions on session a0cb0bb01edc9a6efead76024cd2f333 to remote] DEBUG org.apache.http.wire - http-outgoing-18 >> "{"actions":[{"id":"default mouse","type":"pointer","parameters":{"pointerType":"mouse"},"actions":[{"duration":100,"x":0,"y":0,"type":"pointerMove","origin":{"ELEMENT":"7218afd8-2979-498d-b760-a7a9fcd2269f","element-6066-11e4-a52e-4f735466cecf":"7218afd8-2979-498d-b760-a7a9fcd2269f"}}]}]}"
11:22:52.150 [Forwarding actions on session a0cb0bb01edc9a6efead76024cd2f333 to remote] DEBUG org.apache.http.wire - http-outgoing-18 << "HTTP/1.1 200 OK[\r][\n]"
11:22:52.150 [Forwarding actions on session a0cb0bb01edc9a6efead76024cd2f333 to remote] DEBUG org.apache.http.wire - http-outgoing-18 << "Content-Length:14[\r][\n]"
11:22:52.150 [Forwarding actions on session a0cb0bb01edc9a6efead76024cd2f333 to remote] DEBUG org.apache.http.wire - http-outgoing-18 << "Content-Type:application/json; charset=utf-8[\r][\n]"
11:22:52.150 [Forwarding actions on session a0cb0bb01edc9a6efead76024cd2f333 to remote] DEBUG org.apache.http.wire - http-outgoing-18 << "cache-control:no-cache[\r][\n]"
11:22:52.150 [Forwarding actions on session a0cb0bb01edc9a6efead76024cd2f333 to remote] DEBUG org.apache.http.wire - http-outgoing-18 << "[\r][\n]"
11:22:52.150 [Forwarding actions on session a0cb0bb01edc9a6efead76024cd2f333 to remote] DEBUG org.apache.http.wire - http-outgoing-18 << "{"value":null}"
11:22:52.150 [Forwarding actions on session a0cb0bb01edc9a6efead76024cd2f333 to remote] DEBUG org.apache.http.headers - http-outgoing-18 << HTTP/1.1 200 OK
11:22:52.150 [Forwarding actions on session a0cb0bb01edc9a6efead76024cd2f333 to remote] DEBUG org.apache.http.headers - http-outgoing-18 << Content-Length:14
11:22:52.150 [Forwarding actions on session a0cb0bb01edc9a6efead76024cd2f333 to remote] DEBUG org.apache.http.headers - http-outgoing-18 << Content-Type:application/json; charset=utf-8
11:22:52.150 [Forwarding actions on session a0cb0bb01edc9a6efead76024cd2f333 to remote] DEBUG org.apache.http.headers - http-outgoing-18 << cache-control:no-cache
11:22:52.150 [Forwarding actions on session a0cb0bb01edc9a6efead76024cd2f333 to remote] DEBUG org.apache.http.impl.execchain.MainClientExec - Connection can be kept alive indefinitely
11:22:52.150 [Forwarding actions on session a0cb0bb01edc9a6efead76024cd2f333 to remote] DEBUG org.apache.http.impl.conn.PoolingHttpClientConnectionManager - Connection [id: 18][route: {}->http://localhost:31945] can be kept alive indefinitely
11:22:52.150 [Forwarding actions on session a0cb0bb01edc9a6efead76024cd2f333 to remote] DEBUG org.apache.http.impl.conn.PoolingHttpClientConnectionManager - Connection released: [id: 18][route: {}->http://localhost:31945][total kept alive: 19; route allocated: 1 of 2000; total allocated: 19 of 2000]
11:22:52.151 [Forwarding findElement on session a0cb0bb01edc9a6efead76024cd2f333 to remote] DEBUG org.apache.http.client.protocol.RequestAddCookies - CookieSpec selected: default
11:22:52.151 [Forwarding findElement on session a0cb0bb01edc9a6efead76024cd2f333 to remote] DEBUG org.apache.http.client.protocol.RequestAuthCache - Auth cache not set in the context
11:22:52.151 [Forwarding findElement on session a0cb0bb01edc9a6efead76024cd2f333 to remote] DEBUG org.apache.http.impl.conn.PoolingHttpClientConnectionManager - Connection request: [route: {}->http://localhost:31945][total kept alive: 19; route allocated: 1 of 2000; total allocated: 19 of 2000]
11:22:52.151 [Forwarding findElement on session a0cb0bb01edc9a6efead76024cd2f333 to remote] DEBUG org.apache.http.impl.conn.PoolingHttpClientConnectionManager - Connection leased: [id: 18][route: {}->http://localhost:31945][total kept alive: 18; route allocated: 1 of 2000; total allocated: 19 of 2000]
11:22:52.151 [Forwarding findElement on session a0cb0bb01edc9a6efead76024cd2f333 to remote] DEBUG org.apache.http.impl.execchain.MainClientExec - Stale connection check
11:22:52.152 [Forwarding findElement on session a0cb0bb01edc9a6efead76024cd2f333 to remote] DEBUG org.apache.http.wire - http-outgoing-18 << "[read] I/O error: Read timed out"
11:22:52.152 [Forwarding findElement on session a0cb0bb01edc9a6efead76024cd2f333 to remote] DEBUG org.apache.http.impl.conn.DefaultManagedHttpClientConnection - http-outgoing-18: set socket timeout to 10800000
11:22:52.152 [Forwarding findElement on session a0cb0bb01edc9a6efead76024cd2f333 to remote] DEBUG org.apache.http.impl.execchain.MainClientExec - Executing request POST /session/a0cb0bb01edc9a6efead76024cd2f333/element HTTP/1.1
11:22:52.152 [Forwarding findElement on session a0cb0bb01edc9a6efead76024cd2f333 to remote] DEBUG org.apache.http.impl.execchain.MainClientExec - Target auth state: UNCHALLENGED
11:22:52.152 [Forwarding findElement on session a0cb0bb01edc9a6efead76024cd2f333 to remote] DEBUG org.apache.http.impl.execchain.MainClientExec - Proxy auth state: UNCHALLENGED
11:22:52.152 [Forwarding findElement on session a0cb0bb01edc9a6efead76024cd2f333 to remote] DEBUG org.apache.http.headers - http-outgoing-18 >> POST /session/a0cb0bb01edc9a6efead76024cd2f333/element HTTP/1.1
11:22:52.152 [Forwarding findElement on session a0cb0bb01edc9a6efead76024cd2f333 to remote] DEBUG org.apache.http.headers - http-outgoing-18 >> Content-Type: application/json; charset=utf-8
11:22:52.152 [Forwarding findElement on session a0cb0bb01edc9a6efead76024cd2f333 to remote] DEBUG org.apache.http.headers - http-outgoing-18 >> Content-Length: 64
11:22:52.152 [Forwarding findElement on session a0cb0bb01edc9a6efead76024cd2f333 to remote] DEBUG org.apache.http.headers - http-outgoing-18 >> Host: localhost:31945
11:22:52.152 [Forwarding findElement on session a0cb0bb01edc9a6efead76024cd2f333 to remote] DEBUG org.apache.http.headers - http-outgoing-18 >> Connection: Keep-Alive
11:22:52.152 [Forwarding findElement on session a0cb0bb01edc9a6efead76024cd2f333 to remote] DEBUG org.apache.http.headers - http-outgoing-18 >> User-Agent: Apache-HttpClient/4.5.3 (Java/1.8.0_211)
11:22:52.152 [Forwarding findElement on session a0cb0bb01edc9a6efead76024cd2f333 to remote] DEBUG org.apache.http.headers - http-outgoing-18 >> Accept-Encoding: gzip,deflate
11:22:52.152 [Forwarding findElement on session a0cb0bb01edc9a6efead76024cd2f333 to remote] DEBUG org.apache.http.wire - http-outgoing-18 >> "POST /session/a0cb0bb01edc9a6efead76024cd2f333/element HTTP/1.1[\r][\n]"
11:22:52.152 [Forwarding findElement on session a0cb0bb01edc9a6efead76024cd2f333 to remote] DEBUG org.apache.http.wire - http-outgoing-18 >> "Content-Type: application/json; charset=utf-8[\r][\n]"
11:22:52.152 [Forwarding findElement on session a0cb0bb01edc9a6efead76024cd2f333 to remote] DEBUG org.apache.http.wire - http-outgoing-18 >> "Content-Length: 64[\r][\n]"
11:22:52.152 [Forwarding findElement on session a0cb0bb01edc9a6efead76024cd2f333 to remote] DEBUG org.apache.http.wire - http-outgoing-18 >> "Host: localhost:31945[\r][\n]"
11:22:52.152 [Forwarding findElement on session a0cb0bb01edc9a6efead76024cd2f333 to remote] DEBUG org.apache.http.wire - http-outgoing-18 >> "Connection: Keep-Alive[\r][\n]"
11:22:52.152 [Forwarding findElement on session a0cb0bb01edc9a6efead76024cd2f333 to remote] DEBUG org.apache.http.wire - http-outgoing-18 >> "User-Agent: Apache-HttpClient/4.5.3 (Java/1.8.0_211)[\r][\n]"
11:22:52.152 [Forwarding findElement on session a0cb0bb01edc9a6efead76024cd2f333 to remote] DEBUG org.apache.http.wire - http-outgoing-18 >> "Accept-Encoding: gzip,deflate[\r][\n]"
11:22:52.152 [Forwarding findElement on session a0cb0bb01edc9a6efead76024cd2f333 to remote] DEBUG org.apache.http.wire - http-outgoing-18 >> "[\r][\n]"
11:22:52.152 [Forwarding findElement on session a0cb0bb01edc9a6efead76024cd2f333 to remote] DEBUG org.apache.http.wire - http-outgoing-18 >> "{"value":".btn-danger.mr-2:nth-child(1)","using":"css selector"}"
11:22:52.157 [Forwarding findElement on session a0cb0bb01edc9a6efead76024cd2f333 to remote] DEBUG org.apache.http.wire - http-outgoing-18 << "HTTP/1.1 200 OK[\r][\n]"
11:22:52.157 [Forwarding findElement on session a0cb0bb01edc9a6efead76024cd2f333 to remote] DEBUG org.apache.http.wire - http-outgoing-18 << "Content-Length:88[\r][\n]"
11:22:52.157 [Forwarding findElement on session a0cb0bb01edc9a6efead76024cd2f333 to remote] DEBUG org.apache.http.wire - http-outgoing-18 << "Content-Type:application/json; charset=utf-8[\r][\n]"
11:22:52.157 [Forwarding findElement on session a0cb0bb01edc9a6efead76024cd2f333 to remote] DEBUG org.apache.http.wire - http-outgoing-18 << "cache-control:no-cache[\r][\n]"
11:22:52.157 [Forwarding findElement on session a0cb0bb01edc9a6efead76024cd2f333 to remote] DEBUG org.apache.http.wire - http-outgoing-18 << "[\r][\n]"
11:22:52.157 [Forwarding findElement on session a0cb0bb01edc9a6efead76024cd2f333 to remote] DEBUG org.apache.http.wire - http-outgoing-18 << "{"value":{"element-6066-11e4-a52e-4f735466cecf":"cf8e0363-c0ec-4cf1-bc73-63cfadb560fa"}}"
11:22:52.157 [Forwarding findElement on session a0cb0bb01edc9a6efead76024cd2f333 to remote] DEBUG org.apache.http.headers - http-outgoing-18 << HTTP/1.1 200 OK
11:22:52.157 [Forwarding findElement on session a0cb0bb01edc9a6efead76024cd2f333 to remote] DEBUG org.apache.http.headers - http-outgoing-18 << Content-Length:88
11:22:52.157 [Forwarding findElement on session a0cb0bb01edc9a6efead76024cd2f333 to remote] DEBUG org.apache.http.headers - http-outgoing-18 << Content-Type:application/json; charset=utf-8
11:22:52.157 [Forwarding findElement on session a0cb0bb01edc9a6efead76024cd2f333 to remote] DEBUG org.apache.http.headers - http-outgoing-18 << cache-control:no-cache
11:22:52.157 [Forwarding findElement on session a0cb0bb01edc9a6efead76024cd2f333 to remote] DEBUG org.apache.http.impl.execchain.MainClientExec - Connection can be kept alive indefinitely
11:22:52.157 [Forwarding findElement on session a0cb0bb01edc9a6efead76024cd2f333 to remote] DEBUG org.apache.http.impl.conn.PoolingHttpClientConnectionManager - Connection [id: 18][route: {}->http://localhost:31945] can be kept alive indefinitely
11:22:52.157 [Forwarding findElement on session a0cb0bb01edc9a6efead76024cd2f333 to remote] DEBUG org.apache.http.impl.conn.PoolingHttpClientConnectionManager - Connection released: [id: 18][route: {}->http://localhost:31945][total kept alive: 19; route allocated: 1 of 2000; total allocated: 19 of 2000]
11:22:52.158 [Forwarding clickElement on session a0cb0bb01edc9a6efead76024cd2f333 to remote] DEBUG org.apache.http.client.protocol.RequestAddCookies - CookieSpec selected: default
11:22:52.158 [Forwarding clickElement on session a0cb0bb01edc9a6efead76024cd2f333 to remote] DEBUG org.apache.http.client.protocol.RequestAuthCache - Auth cache not set in the context
11:22:52.158 [Forwarding clickElement on session a0cb0bb01edc9a6efead76024cd2f333 to remote] DEBUG org.apache.http.impl.conn.PoolingHttpClientConnectionManager - Connection request: [route: {}->http://localhost:31945][total kept alive: 19; route allocated: 1 of 2000; total allocated: 19 of 2000]
11:22:52.158 [Forwarding clickElement on session a0cb0bb01edc9a6efead76024cd2f333 to remote] DEBUG org.apache.http.impl.conn.PoolingHttpClientConnectionManager - Connection leased: [id: 18][route: {}->http://localhost:31945][total kept alive: 18; route allocated: 1 of 2000; total allocated: 19 of 2000]
11:22:52.158 [Forwarding clickElement on session a0cb0bb01edc9a6efead76024cd2f333 to remote] DEBUG org.apache.http.impl.execchain.MainClientExec - Stale connection check
11:22:52.159 [Forwarding clickElement on session a0cb0bb01edc9a6efead76024cd2f333 to remote] DEBUG org.apache.http.wire - http-outgoing-18 << "[read] I/O error: Read timed out"
11:22:52.159 [Forwarding clickElement on session a0cb0bb01edc9a6efead76024cd2f333 to remote] DEBUG org.apache.http.impl.conn.DefaultManagedHttpClientConnection - http-outgoing-18: set socket timeout to 10800000
11:22:52.159 [Forwarding clickElement on session a0cb0bb01edc9a6efead76024cd2f333 to remote] DEBUG org.apache.http.impl.execchain.MainClientExec - Executing request POST /session/a0cb0bb01edc9a6efead76024cd2f333/element/cf8e0363-c0ec-4cf1-bc73-63cfadb560fa/click HTTP/1.1
11:22:52.159 [Forwarding clickElement on session a0cb0bb01edc9a6efead76024cd2f333 to remote] DEBUG org.apache.http.impl.execchain.MainClientExec - Target auth state: UNCHALLENGED
11:22:52.159 [Forwarding clickElement on session a0cb0bb01edc9a6efead76024cd2f333 to remote] DEBUG org.apache.http.impl.execchain.MainClientExec - Proxy auth state: UNCHALLENGED
11:22:52.159 [Forwarding clickElement on session a0cb0bb01edc9a6efead76024cd2f333 to remote] DEBUG org.apache.http.headers - http-outgoing-18 >> POST /session/a0cb0bb01edc9a6efead76024cd2f333/element/cf8e0363-c0ec-4cf1-bc73-63cfadb560fa/click HTTP/1.1
11:22:52.159 [Forwarding clickElement on session a0cb0bb01edc9a6efead76024cd2f333 to remote] DEBUG org.apache.http.headers - http-outgoing-18 >> Content-Type: application/json; charset=utf-8
11:22:52.159 [Forwarding clickElement on session a0cb0bb01edc9a6efead76024cd2f333 to remote] DEBUG org.apache.http.headers - http-outgoing-18 >> Content-Length: 45
11:22:52.159 [Forwarding clickElement on session a0cb0bb01edc9a6efead76024cd2f333 to remote] DEBUG org.apache.http.headers - http-outgoing-18 >> Host: localhost:31945
11:22:52.159 [Forwarding clickElement on session a0cb0bb01edc9a6efead76024cd2f333 to remote] DEBUG org.apache.http.headers - http-outgoing-18 >> Connection: Keep-Alive
11:22:52.159 [Forwarding clickElement on session a0cb0bb01edc9a6efead76024cd2f333 to remote] DEBUG org.apache.http.headers - http-outgoing-18 >> User-Agent: Apache-HttpClient/4.5.3 (Java/1.8.0_211)
11:22:52.159 [Forwarding clickElement on session a0cb0bb01edc9a6efead76024cd2f333 to remote] DEBUG org.apache.http.headers - http-outgoing-18 >> Accept-Encoding: gzip,deflate
11:22:52.159 [Forwarding clickElement on session a0cb0bb01edc9a6efead76024cd2f333 to remote] DEBUG org.apache.http.wire - http-outgoing-18 >> "POST /session/a0cb0bb01edc9a6efead76024cd2f333/element/cf8e0363-c0ec-4cf1-bc73-63cfadb560fa/click HTTP/1.1[\r][\n]"
11:22:52.159 [Forwarding clickElement on session a0cb0bb01edc9a6efead76024cd2f333 to remote] DEBUG org.apache.http.wire - http-outgoing-18 >> "Content-Type: application/json; charset=utf-8[\r][\n]"
11:22:52.159 [Forwarding clickElement on session a0cb0bb01edc9a6efead76024cd2f333 to remote] DEBUG org.apache.http.wire - http-outgoing-18 >> "Content-Length: 45[\r][\n]"
11:22:52.159 [Forwarding clickElement on session a0cb0bb01edc9a6efead76024cd2f333 to remote] DEBUG org.apache.http.wire - http-outgoing-18 >> "Host: localhost:31945[\r][\n]"
11:22:52.159 [Forwarding clickElement on session a0cb0bb01edc9a6efead76024cd2f333 to remote] DEBUG org.apache.http.wire - http-outgoing-18 >> "Connection: Keep-Alive[\r][\n]"
11:22:52.159 [Forwarding clickElement on session a0cb0bb01edc9a6efead76024cd2f333 to remote] DEBUG org.apache.http.wire - http-outgoing-18 >> "User-Agent: Apache-HttpClient/4.5.3 (Java/1.8.0_211)[\r][\n]"
11:22:52.159 [Forwarding clickElement on session a0cb0bb01edc9a6efead76024cd2f333 to remote] DEBUG org.apache.http.wire - http-outgoing-18 >> "Accept-Encoding: gzip,deflate[\r][\n]"
11:22:52.159 [Forwarding clickElement on session a0cb0bb01edc9a6efead76024cd2f333 to remote] DEBUG org.apache.http.wire - http-outgoing-18 >> "[\r][\n]"
11:22:52.159 [Forwarding clickElement on session a0cb0bb01edc9a6efead76024cd2f333 to remote] DEBUG org.apache.http.wire - http-outgoing-18 >> "{"id":"cf8e0363-c0ec-4cf1-bc73-63cfadb560fa"}"
11:22:52.223 [Forwarding clickElement on session a0cb0bb01edc9a6efead76024cd2f333 to remote] DEBUG org.apache.http.wire - http-outgoing-18 << "HTTP/1.1 200 OK[\r][\n]"
11:22:52.223 [Forwarding clickElement on session a0cb0bb01edc9a6efead76024cd2f333 to remote] DEBUG org.apache.http.wire - http-outgoing-18 << "Content-Length:14[\r][\n]"
11:22:52.223 [Forwarding clickElement on session a0cb0bb01edc9a6efead76024cd2f333 to remote] DEBUG org.apache.http.wire - http-outgoing-18 << "Content-Type:application/json; charset=utf-8[\r][\n]"
11:22:52.223 [Forwarding clickElement on session a0cb0bb01edc9a6efead76024cd2f333 to remote] DEBUG org.apache.http.wire - http-outgoing-18 << "cache-control:no-cache[\r][\n]"
11:22:52.223 [Forwarding clickElement on session a0cb0bb01edc9a6efead76024cd2f333 to remote] DEBUG org.apache.http.wire - http-outgoing-18 << "[\r][\n]"
11:22:52.223 [Forwarding clickElement on session a0cb0bb01edc9a6efead76024cd2f333 to remote] DEBUG org.apache.http.wire - http-outgoing-18 << "{"value":null}"
11:22:52.223 [Forwarding clickElement on session a0cb0bb01edc9a6efead76024cd2f333 to remote] DEBUG org.apache.http.headers - http-outgoing-18 << HTTP/1.1 200 OK
11:22:52.223 [Forwarding clickElement on session a0cb0bb01edc9a6efead76024cd2f333 to remote] DEBUG org.apache.http.headers - http-outgoing-18 << Content-Length:14
11:22:52.223 [Forwarding clickElement on session a0cb0bb01edc9a6efead76024cd2f333 to remote] DEBUG org.apache.http.headers - http-outgoing-18 << Content-Type:application/json; charset=utf-8
11:22:52.223 [Forwarding clickElement on session a0cb0bb01edc9a6efead76024cd2f333 to remote] DEBUG org.apache.http.headers - http-outgoing-18 << cache-control:no-cache
11:22:52.223 [Forwarding clickElement on session a0cb0bb01edc9a6efead76024cd2f333 to remote] DEBUG org.apache.http.impl.execchain.MainClientExec - Connection can be kept alive indefinitely
11:22:52.223 [Forwarding clickElement on session a0cb0bb01edc9a6efead76024cd2f333 to remote] DEBUG org.apache.http.impl.conn.PoolingHttpClientConnectionManager - Connection [id: 18][route: {}->http://localhost:31945] can be kept alive indefinitely
11:22:52.223 [Forwarding clickElement on session a0cb0bb01edc9a6efead76024cd2f333 to remote] DEBUG org.apache.http.impl.conn.PoolingHttpClientConnectionManager - Connection released: [id: 18][route: {}->http://localhost:31945][total kept alive: 19; route allocated: 1 of 2000; total allocated: 19 of 2000]
]]></system-out>
  <system-err><![CDATA[Starting ChromeDriver 80.0.3987.106 (f68069574609230cf9b635cd784cfb1bf81bb53a-refs/branch-heads/3987@{#882}) on port 31945
Only local connections are allowed.
Please protect ports used by ChromeDriver and related test frameworks to prevent access by malicious code.
[1585711365.939][WARNING]: FromSockAddr failed on netmask
四月 01, 2020 11:22:46 上午 org.openqa.selenium.remote.ProtocolHandshake createSession
信息: Detected dialect: W3C
[1585711366.778][SEVERE]: Timed out receiving message from renderer: 0.100
[1585711366.879][SEVERE]: Timed out receiving message from renderer: 0.100
[1585711367.035][SEVERE]: Timed out receiving message from renderer: 0.100
[1585711367.136][SEVERE]: Timed out receiving message from renderer: 0.100
[1585711367.236][SEVERE]: Timed out receiving message from renderer: 0.100
[1585711367.337][SEVERE]: Timed out receiving message from renderer: 0.100
[1585711367.437][SEVERE]: Timed out receiving message from renderer: 0.100
[1585711367.538][SEVERE]: Timed out receiving message from renderer: 0.100
[1585711367.838][SEVERE]: Timed out receiving message from renderer: 0.100
[1585711367.939][SEVERE]: Timed out receiving message from renderer: 0.100
[1585711368.131][SEVERE]: Timed out receiving message from renderer: 0.100
[1585711368.257][SEVERE]: Timed out receiving message from renderer: 0.100
[1585711368.358][SEVERE]: Timed out receiving message from renderer: 0.100
[1585711368.460][SEVERE]: Timed out receiving message from renderer: 0.100
[1585711368.560][SEVERE]: Timed out receiving message from renderer: 0.100
[1585711368.662][SEVERE]: Timed out receiving message from renderer: 0.100
[1585711371.306][SEVERE]: Timed out receiving message from renderer: 0.100
[1585711371.407][SEVERE]: Timed out receiving message from renderer: 0.100
]]></system-err>
</testsuite>
