<?xml version="1.0" encoding="UTF-8"?>
<testsuite name="tron.tronscan.tronscanUI.NodesTest" tests="1" skipped="0" failures="0" errors="0" timestamp="2020-04-01T03:23:26" hostname="zhukaideiMac.local" time="0.311">
  <properties/>
  <testcase name="testSRText" classname="tron.tronscan.tronscanUI.NodesTest" time="0.311"/>
  <system-out><![CDATA[11:23:23.478 [Forwarding newSession on session null to remote] DEBUG org.apache.http.client.protocol.RequestAddCookies - CookieSpec selected: default
11:23:23.478 [Forwarding newSession on session null to remote] DEBUG org.apache.http.client.protocol.RequestAuthCache - Auth cache not set in the context
11:23:23.478 [Forwarding newSession on session null to remote] DEBUG org.apache.http.impl.conn.PoolingHttpClientConnectionManager - Connection request: [route: {}->http://localhost:12834][total kept alive: 22; route allocated: 0 of 2000; total allocated: 22 of 2000]
11:23:23.478 [Forwarding newSession on session null to remote] DEBUG org.apache.http.impl.conn.PoolingHttpClientConnectionManager - Connection leased: [id: 22][route: {}->http://localhost:12834][total kept alive: 22; route allocated: 1 of 2000; total allocated: 23 of 2000]
11:23:23.478 [Forwarding newSession on session null to remote] DEBUG org.apache.http.impl.execchain.MainClientExec - Opening connection {}->http://localhost:12834
11:23:23.479 [Forwarding newSession on session null to remote] DEBUG org.apache.http.impl.conn.DefaultHttpClientConnectionOperator - Connecting to localhost/127.0.0.1:12834
11:23:23.479 [Forwarding newSession on session null to remote] DEBUG org.apache.http.impl.conn.DefaultHttpClientConnectionOperator - Connection established 127.0.0.1:53981<->127.0.0.1:12834
11:23:23.479 [Forwarding newSession on session null to remote] DEBUG org.apache.http.impl.conn.DefaultManagedHttpClientConnection - http-outgoing-22: set socket timeout to 10800000
11:23:23.479 [Forwarding newSession on session null to remote] DEBUG org.apache.http.impl.execchain.MainClientExec - Executing request POST /session HTTP/1.1
11:23:23.479 [Forwarding newSession on session null to remote] DEBUG org.apache.http.impl.execchain.MainClientExec - Target auth state: UNCHALLENGED
11:23:23.479 [Forwarding newSession on session null to remote] DEBUG org.apache.http.impl.execchain.MainClientExec - Proxy auth state: UNCHALLENGED
11:23:23.479 [Forwarding newSession on session null to remote] DEBUG org.apache.http.headers - http-outgoing-22 >> POST /session HTTP/1.1
11:23:23.479 [Forwarding newSession on session null to remote] DEBUG org.apache.http.headers - http-outgoing-22 >> Content-Type: application/json; charset=utf-8
11:23:23.479 [Forwarding newSession on session null to remote] DEBUG org.apache.http.headers - http-outgoing-22 >> Content-Length: 731
11:23:23.479 [Forwarding newSession on session null to remote] DEBUG org.apache.http.headers - http-outgoing-22 >> Host: localhost:12834
11:23:23.479 [Forwarding newSession on session null to remote] DEBUG org.apache.http.headers - http-outgoing-22 >> Connection: Keep-Alive
11:23:23.479 [Forwarding newSession on session null to remote] DEBUG org.apache.http.headers - http-outgoing-22 >> User-Agent: Apache-HttpClient/4.5.3 (Java/1.8.0_211)
11:23:23.479 [Forwarding newSession on session null to remote] DEBUG org.apache.http.headers - http-outgoing-22 >> Accept-Encoding: gzip,deflate
11:23:23.479 [Forwarding newSession on session null to remote] DEBUG org.apache.http.wire - http-outgoing-22 >> "POST /session HTTP/1.1[\r][\n]"
11:23:23.479 [Forwarding newSession on session null to remote] DEBUG org.apache.http.wire - http-outgoing-22 >> "Content-Type: application/json; charset=utf-8[\r][\n]"
11:23:23.479 [Forwarding newSession on session null to remote] DEBUG org.apache.http.wire - http-outgoing-22 >> "Content-Length: 731[\r][\n]"
11:23:23.479 [Forwarding newSession on session null to remote] DEBUG org.apache.http.wire - http-outgoing-22 >> "Host: localhost:12834[\r][\n]"
11:23:23.479 [Forwarding newSession on session null to remote] DEBUG org.apache.http.wire - http-outgoing-22 >> "Connection: Keep-Alive[\r][\n]"
11:23:23.479 [Forwarding newSession on session null to remote] DEBUG org.apache.http.wire - http-outgoing-22 >> "User-Agent: Apache-HttpClient/4.5.3 (Java/1.8.0_211)[\r][\n]"
11:23:23.479 [Forwarding newSession on session null to remote] DEBUG org.apache.http.wire - http-outgoing-22 >> "Accept-Encoding: gzip,deflate[\r][\n]"
11:23:23.479 [Forwarding newSession on session null to remote] DEBUG org.apache.http.wire - http-outgoing-22 >> "[\r][\n]"
11:23:23.479 [Forwarding newSession on session null to remote] DEBUG org.apache.http.wire - http-outgoing-22 >> "{[\n]"
11:23:23.479 [Forwarding newSession on session null to remote] DEBUG org.apache.http.wire - http-outgoing-22 >> "  "desiredCapabilities": {[\n]"
11:23:23.479 [Forwarding newSession on session null to remote] DEBUG org.apache.http.wire - http-outgoing-22 >> "    "browserName": "chrome",[\n]"
11:23:23.479 [Forwarding newSession on session null to remote] DEBUG org.apache.http.wire - http-outgoing-22 >> "    "goog:chromeOptions": {[\n]"
11:23:23.479 [Forwarding newSession on session null to remote] DEBUG org.apache.http.wire - http-outgoing-22 >> "      "args": [[\n]"
11:23:23.479 [Forwarding newSession on session null to remote] DEBUG org.apache.http.wire - http-outgoing-22 >> "        "--headless",[\n]"
11:23:23.479 [Forwarding newSession on session null to remote] DEBUG org.apache.http.wire - http-outgoing-22 >> "        "--disable-gpu"[\n]"
11:23:23.479 [Forwarding newSession on session null to remote] DEBUG org.apache.http.wire - http-outgoing-22 >> "      ],[\n]"
11:23:23.479 [Forwarding newSession on session null to remote] DEBUG org.apache.http.wire - http-outgoing-22 >> "      "extensions": [][\n]"
11:23:23.479 [Forwarding newSession on session null to remote] DEBUG org.apache.http.wire - http-outgoing-22 >> "    }[\n]"
11:23:23.479 [Forwarding newSession on session null to remote] DEBUG org.apache.http.wire - http-outgoing-22 >> "  },[\n]"
11:23:23.479 [Forwarding newSession on session null to remote] DEBUG org.apache.http.wire - http-outgoing-22 >> "  "requiredCapabilities": {},[\n]"
11:23:23.479 [Forwarding newSession on session null to remote] DEBUG org.apache.http.wire - http-outgoing-22 >> "  "capabilities": {[\n]"
11:23:23.479 [Forwarding newSession on session null to remote] DEBUG org.apache.http.wire - http-outgoing-22 >> "    "desiredCapabilities": {[\n]"
11:23:23.479 [Forwarding newSession on session null to remote] DEBUG org.apache.http.wire - http-outgoing-22 >> "      "browserName": "chrome",[\n]"
11:23:23.479 [Forwarding newSession on session null to remote] DEBUG org.apache.http.wire - http-outgoing-22 >> "      "goog:chromeOptions": {[\n]"
11:23:23.479 [Forwarding newSession on session null to remote] DEBUG org.apache.http.wire - http-outgoing-22 >> "        "args": [[\n]"
11:23:23.479 [Forwarding newSession on session null to remote] DEBUG org.apache.http.wire - http-outgoing-22 >> "          "--headless",[\n]"
11:23:23.479 [Forwarding newSession on session null to remote] DEBUG org.apache.http.wire - http-outgoing-22 >> "          "--disable-gpu"[\n]"
11:23:23.479 [Forwarding newSession on session null to remote] DEBUG org.apache.http.wire - http-outgoing-22 >> "        ],[\n]"
11:23:23.479 [Forwarding newSession on session null to remote] DEBUG org.apache.http.wire - http-outgoing-22 >> "        "extensions": [][\n]"
11:23:23.479 [Forwarding newSession on session null to remote] DEBUG org.apache.http.wire - http-outgoing-22 >> "      }[\n]"
11:23:23.479 [Forwarding newSession on session null to remote] DEBUG org.apache.http.wire - http-outgoing-22 >> "    },[\n]"
11:23:23.479 [Forwarding newSession on session null to remote] DEBUG org.apache.http.wire - http-outgoing-22 >> "    "requiredCapabilities": {},[\n]"
11:23:23.479 [Forwarding newSession on session null to remote] DEBUG org.apache.http.wire - http-outgoing-22 >> "    "alwaysMatch": {[\n]"
11:23:23.479 [Forwarding newSession on session null to remote] DEBUG org.apache.http.wire - http-outgoing-22 >> "      "goog:chromeOptions": {[\n]"
11:23:23.479 [Forwarding newSession on session null to remote] DEBUG org.apache.http.wire - http-outgoing-22 >> "        "args": [[\n]"
11:23:23.479 [Forwarding newSession on session null to remote] DEBUG org.apache.http.wire - http-outgoing-22 >> "          "--headless",[\n]"
11:23:23.479 [Forwarding newSession on session null to remote] DEBUG org.apache.http.wire - http-outgoing-22 >> "          "--disable-gpu"[\n]"
11:23:23.479 [Forwarding newSession on session null to remote] DEBUG org.apache.http.wire - http-outgoing-22 >> "        ],[\n]"
11:23:23.479 [Forwarding newSession on session null to remote] DEBUG org.apache.http.wire - http-outgoing-22 >> "        "extensions": [][\n]"
11:23:23.479 [Forwarding newSession on session null to remote] DEBUG org.apache.http.wire - http-outgoing-22 >> "      }[\n]"
11:23:23.479 [Forwarding newSession on session null to remote] DEBUG org.apache.http.wire - http-outgoing-22 >> "    },[\n]"
11:23:23.479 [Forwarding newSession on session null to remote] DEBUG org.apache.http.wire - http-outgoing-22 >> "    "firstMatch": [[\n]"
11:23:23.479 [Forwarding newSession on session null to remote] DEBUG org.apache.http.wire - http-outgoing-22 >> "      {[\n]"
11:23:23.479 [Forwarding newSession on session null to remote] DEBUG org.apache.http.wire - http-outgoing-22 >> "        "browserName": "chrome"[\n]"
11:23:23.479 [Forwarding newSession on session null to remote] DEBUG org.apache.http.wire - http-outgoing-22 >> "      }[\n]"
11:23:23.479 [Forwarding newSession on session null to remote] DEBUG org.apache.http.wire - http-outgoing-22 >> "    ][\n]"
11:23:23.479 [Forwarding newSession on session null to remote] DEBUG org.apache.http.wire - http-outgoing-22 >> "  }[\n]"
11:23:23.479 [Forwarding newSession on session null to remote] DEBUG org.apache.http.wire - http-outgoing-22 >> "}"
11:23:23.633 [Forwarding newSession on session null to remote] DEBUG org.apache.http.wire - http-outgoing-22 << "HTTP/1.1 200 OK[\r][\n]"
11:23:23.633 [Forwarding newSession on session null to remote] DEBUG org.apache.http.wire - http-outgoing-22 << "Content-Length:690[\r][\n]"
11:23:23.633 [Forwarding newSession on session null to remote] DEBUG org.apache.http.wire - http-outgoing-22 << "Content-Type:application/json; charset=utf-8[\r][\n]"
11:23:23.633 [Forwarding newSession on session null to remote] DEBUG org.apache.http.wire - http-outgoing-22 << "cache-control:no-cache[\r][\n]"
11:23:23.633 [Forwarding newSession on session null to remote] DEBUG org.apache.http.wire - http-outgoing-22 << "[\r][\n]"
11:23:23.633 [Forwarding newSession on session null to remote] DEBUG org.apache.http.wire - http-outgoing-22 << "{"value":{"capabilities":{"acceptInsecureCerts":false,"browserName":"chrome","browserVersion":"80.0.3987.162","chrome":{"chromedriverVersion":"80.0.3987.106 (f68069574609230cf9b635cd784cfb1bf81bb53a-refs/branch-heads/3987@{#882})","userDataDir":"/var/folders/fs/0qxrqb5x7zg5dtqrhc9t0clm0000gn/T/.com.google.Chrome.hLDj6f"},"goog:chromeOptions":{"debuggerAddress":"localhost:53982"},"networkConnectionEnabled":false,"pageLoadStrategy":"normal","platformName":"mac os x","proxy":{},"setWindowRect":true,"strictFileInteractability":false,"timeouts":{"implicit":0,"pageLoad":300000,"script":30000},"unhandledPromptBehavior":"dismiss and notify"},"sessionId":"e0c69731c257b6ddff2517e39521e446"}}"
11:23:23.633 [Forwarding newSession on session null to remote] DEBUG org.apache.http.headers - http-outgoing-22 << HTTP/1.1 200 OK
11:23:23.633 [Forwarding newSession on session null to remote] DEBUG org.apache.http.headers - http-outgoing-22 << Content-Length:690
11:23:23.633 [Forwarding newSession on session null to remote] DEBUG org.apache.http.headers - http-outgoing-22 << Content-Type:application/json; charset=utf-8
11:23:23.633 [Forwarding newSession on session null to remote] DEBUG org.apache.http.headers - http-outgoing-22 << cache-control:no-cache
11:23:23.633 [Forwarding newSession on session null to remote] DEBUG org.apache.http.impl.execchain.MainClientExec - Connection can be kept alive indefinitely
11:23:23.634 [Forwarding newSession on session null to remote] DEBUG org.apache.http.impl.conn.PoolingHttpClientConnectionManager - Connection [id: 22][route: {}->http://localhost:12834] can be kept alive indefinitely
11:23:23.634 [Forwarding newSession on session null to remote] DEBUG org.apache.http.impl.conn.PoolingHttpClientConnectionManager - Connection released: [id: 22][route: {}->http://localhost:12834][total kept alive: 23; route allocated: 1 of 2000; total allocated: 23 of 2000]
11:23:23.636 [Forwarding get on session e0c69731c257b6ddff2517e39521e446 to remote] DEBUG org.apache.http.client.protocol.RequestAddCookies - CookieSpec selected: default
11:23:23.636 [Forwarding get on session e0c69731c257b6ddff2517e39521e446 to remote] DEBUG org.apache.http.client.protocol.RequestAuthCache - Auth cache not set in the context
11:23:23.636 [Forwarding get on session e0c69731c257b6ddff2517e39521e446 to remote] DEBUG org.apache.http.impl.conn.PoolingHttpClientConnectionManager - Connection request: [route: {}->http://localhost:12834][total kept alive: 23; route allocated: 1 of 2000; total allocated: 23 of 2000]
11:23:23.636 [Forwarding get on session e0c69731c257b6ddff2517e39521e446 to remote] DEBUG org.apache.http.impl.conn.PoolingHttpClientConnectionManager - Connection leased: [id: 22][route: {}->http://localhost:12834][total kept alive: 22; route allocated: 1 of 2000; total allocated: 23 of 2000]
11:23:23.636 [Forwarding get on session e0c69731c257b6ddff2517e39521e446 to remote] DEBUG org.apache.http.impl.execchain.MainClientExec - Stale connection check
11:23:23.637 [Forwarding get on session e0c69731c257b6ddff2517e39521e446 to remote] DEBUG org.apache.http.wire - http-outgoing-22 << "[read] I/O error: Read timed out"
11:23:23.637 [Forwarding get on session e0c69731c257b6ddff2517e39521e446 to remote] DEBUG org.apache.http.impl.conn.DefaultManagedHttpClientConnection - http-outgoing-22: set socket timeout to 10800000
11:23:23.637 [Forwarding get on session e0c69731c257b6ddff2517e39521e446 to remote] DEBUG org.apache.http.impl.execchain.MainClientExec - Executing request POST /session/e0c69731c257b6ddff2517e39521e446/url HTTP/1.1
11:23:23.637 [Forwarding get on session e0c69731c257b6ddff2517e39521e446 to remote] DEBUG org.apache.http.impl.execchain.MainClientExec - Target auth state: UNCHALLENGED
11:23:23.637 [Forwarding get on session e0c69731c257b6ddff2517e39521e446 to remote] DEBUG org.apache.http.impl.execchain.MainClientExec - Proxy auth state: UNCHALLENGED
11:23:23.637 [Forwarding get on session e0c69731c257b6ddff2517e39521e446 to remote] DEBUG org.apache.http.headers - http-outgoing-22 >> POST /session/e0c69731c257b6ddff2517e39521e446/url HTTP/1.1
11:23:23.637 [Forwarding get on session e0c69731c257b6ddff2517e39521e446 to remote] DEBUG org.apache.http.headers - http-outgoing-22 >> Content-Type: application/json; charset=utf-8
11:23:23.637 [Forwarding get on session e0c69731c257b6ddff2517e39521e446 to remote] DEBUG org.apache.http.headers - http-outgoing-22 >> Content-Length: 49
11:23:23.637 [Forwarding get on session e0c69731c257b6ddff2517e39521e446 to remote] DEBUG org.apache.http.headers - http-outgoing-22 >> Host: localhost:12834
11:23:23.637 [Forwarding get on session e0c69731c257b6ddff2517e39521e446 to remote] DEBUG org.apache.http.headers - http-outgoing-22 >> Connection: Keep-Alive
11:23:23.637 [Forwarding get on session e0c69731c257b6ddff2517e39521e446 to remote] DEBUG org.apache.http.headers - http-outgoing-22 >> User-Agent: Apache-HttpClient/4.5.3 (Java/1.8.0_211)
11:23:23.637 [Forwarding get on session e0c69731c257b6ddff2517e39521e446 to remote] DEBUG org.apache.http.headers - http-outgoing-22 >> Accept-Encoding: gzip,deflate
11:23:23.637 [Forwarding get on session e0c69731c257b6ddff2517e39521e446 to remote] DEBUG org.apache.http.wire - http-outgoing-22 >> "POST /session/e0c69731c257b6ddff2517e39521e446/url HTTP/1.1[\r][\n]"
11:23:23.637 [Forwarding get on session e0c69731c257b6ddff2517e39521e446 to remote] DEBUG org.apache.http.wire - http-outgoing-22 >> "Content-Type: application/json; charset=utf-8[\r][\n]"
11:23:23.637 [Forwarding get on session e0c69731c257b6ddff2517e39521e446 to remote] DEBUG org.apache.http.wire - http-outgoing-22 >> "Content-Length: 49[\r][\n]"
11:23:23.637 [Forwarding get on session e0c69731c257b6ddff2517e39521e446 to remote] DEBUG org.apache.http.wire - http-outgoing-22 >> "Host: localhost:12834[\r][\n]"
11:23:23.637 [Forwarding get on session e0c69731c257b6ddff2517e39521e446 to remote] DEBUG org.apache.http.wire - http-outgoing-22 >> "Connection: Keep-Alive[\r][\n]"
11:23:23.637 [Forwarding get on session e0c69731c257b6ddff2517e39521e446 to remote] DEBUG org.apache.http.wire - http-outgoing-22 >> "User-Agent: Apache-HttpClient/4.5.3 (Java/1.8.0_211)[\r][\n]"
11:23:23.637 [Forwarding get on session e0c69731c257b6ddff2517e39521e446 to remote] DEBUG org.apache.http.wire - http-outgoing-22 >> "Accept-Encoding: gzip,deflate[\r][\n]"
11:23:23.637 [Forwarding get on session e0c69731c257b6ddff2517e39521e446 to remote] DEBUG org.apache.http.wire - http-outgoing-22 >> "[\r][\n]"
11:23:23.637 [Forwarding get on session e0c69731c257b6ddff2517e39521e446 to remote] DEBUG org.apache.http.wire - http-outgoing-22 >> "{"url":"https://tronscan.org/#/blockchain/nodes"}"
11:23:26.003 [Forwarding get on session e0c69731c257b6ddff2517e39521e446 to remote] DEBUG org.apache.http.wire - http-outgoing-22 << "HTTP/1.1 200 OK[\r][\n]"
11:23:26.003 [Forwarding get on session e0c69731c257b6ddff2517e39521e446 to remote] DEBUG org.apache.http.wire - http-outgoing-22 << "Content-Length:14[\r][\n]"
11:23:26.003 [Forwarding get on session e0c69731c257b6ddff2517e39521e446 to remote] DEBUG org.apache.http.wire - http-outgoing-22 << "Content-Type:application/json; charset=utf-8[\r][\n]"
11:23:26.003 [Forwarding get on session e0c69731c257b6ddff2517e39521e446 to remote] DEBUG org.apache.http.wire - http-outgoing-22 << "cache-control:no-cache[\r][\n]"
11:23:26.003 [Forwarding get on session e0c69731c257b6ddff2517e39521e446 to remote] DEBUG org.apache.http.wire - http-outgoing-22 << "[\r][\n]"
11:23:26.003 [Forwarding get on session e0c69731c257b6ddff2517e39521e446 to remote] DEBUG org.apache.http.wire - http-outgoing-22 << "{"value":null}"
11:23:26.003 [Forwarding get on session e0c69731c257b6ddff2517e39521e446 to remote] DEBUG org.apache.http.headers - http-outgoing-22 << HTTP/1.1 200 OK
11:23:26.003 [Forwarding get on session e0c69731c257b6ddff2517e39521e446 to remote] DEBUG org.apache.http.headers - http-outgoing-22 << Content-Length:14
11:23:26.003 [Forwarding get on session e0c69731c257b6ddff2517e39521e446 to remote] DEBUG org.apache.http.headers - http-outgoing-22 << Content-Type:application/json; charset=utf-8
11:23:26.003 [Forwarding get on session e0c69731c257b6ddff2517e39521e446 to remote] DEBUG org.apache.http.headers - http-outgoing-22 << cache-control:no-cache
11:23:26.003 [Forwarding get on session e0c69731c257b6ddff2517e39521e446 to remote] DEBUG org.apache.http.impl.execchain.MainClientExec - Connection can be kept alive indefinitely
11:23:26.003 [Forwarding get on session e0c69731c257b6ddff2517e39521e446 to remote] DEBUG org.apache.http.impl.conn.PoolingHttpClientConnectionManager - Connection [id: 22][route: {}->http://localhost:12834] can be kept alive indefinitely
11:23:26.003 [Forwarding get on session e0c69731c257b6ddff2517e39521e446 to remote] DEBUG org.apache.http.impl.conn.PoolingHttpClientConnectionManager - Connection released: [id: 22][route: {}->http://localhost:12834][total kept alive: 23; route allocated: 1 of 2000; total allocated: 23 of 2000]
成功打开谷歌浏览器！
11:23:26.004 [Forwarding setTimeout on session e0c69731c257b6ddff2517e39521e446 to remote] DEBUG org.apache.http.client.protocol.RequestAddCookies - CookieSpec selected: default
11:23:26.004 [Forwarding setTimeout on session e0c69731c257b6ddff2517e39521e446 to remote] DEBUG org.apache.http.client.protocol.RequestAuthCache - Auth cache not set in the context
11:23:26.004 [Forwarding setTimeout on session e0c69731c257b6ddff2517e39521e446 to remote] DEBUG org.apache.http.impl.conn.PoolingHttpClientConnectionManager - Connection request: [route: {}->http://localhost:12834][total kept alive: 23; route allocated: 1 of 2000; total allocated: 23 of 2000]
11:23:26.004 [Forwarding setTimeout on session e0c69731c257b6ddff2517e39521e446 to remote] DEBUG org.apache.http.impl.conn.PoolingHttpClientConnectionManager - Connection leased: [id: 22][route: {}->http://localhost:12834][total kept alive: 22; route allocated: 1 of 2000; total allocated: 23 of 2000]
11:23:26.004 [Forwarding setTimeout on session e0c69731c257b6ddff2517e39521e446 to remote] DEBUG org.apache.http.impl.execchain.MainClientExec - Stale connection check
11:23:26.005 [Forwarding setTimeout on session e0c69731c257b6ddff2517e39521e446 to remote] DEBUG org.apache.http.wire - http-outgoing-22 << "[read] I/O error: Read timed out"
11:23:26.005 [Forwarding setTimeout on session e0c69731c257b6ddff2517e39521e446 to remote] DEBUG org.apache.http.impl.conn.DefaultManagedHttpClientConnection - http-outgoing-22: set socket timeout to 10800000
11:23:26.005 [Forwarding setTimeout on session e0c69731c257b6ddff2517e39521e446 to remote] DEBUG org.apache.http.impl.execchain.MainClientExec - Executing request POST /session/e0c69731c257b6ddff2517e39521e446/timeouts HTTP/1.1
11:23:26.005 [Forwarding setTimeout on session e0c69731c257b6ddff2517e39521e446 to remote] DEBUG org.apache.http.impl.execchain.MainClientExec - Target auth state: UNCHALLENGED
11:23:26.005 [Forwarding setTimeout on session e0c69731c257b6ddff2517e39521e446 to remote] DEBUG org.apache.http.impl.execchain.MainClientExec - Proxy auth state: UNCHALLENGED
11:23:26.005 [Forwarding setTimeout on session e0c69731c257b6ddff2517e39521e446 to remote] DEBUG org.apache.http.headers - http-outgoing-22 >> POST /session/e0c69731c257b6ddff2517e39521e446/timeouts HTTP/1.1
11:23:26.005 [Forwarding setTimeout on session e0c69731c257b6ddff2517e39521e446 to remote] DEBUG org.apache.http.headers - http-outgoing-22 >> Content-Type: application/json; charset=utf-8
11:23:26.005 [Forwarding setTimeout on session e0c69731c257b6ddff2517e39521e446 to remote] DEBUG org.apache.http.headers - http-outgoing-22 >> Content-Length: 18
11:23:26.005 [Forwarding setTimeout on session e0c69731c257b6ddff2517e39521e446 to remote] DEBUG org.apache.http.headers - http-outgoing-22 >> Host: localhost:12834
11:23:26.005 [Forwarding setTimeout on session e0c69731c257b6ddff2517e39521e446 to remote] DEBUG org.apache.http.headers - http-outgoing-22 >> Connection: Keep-Alive
11:23:26.005 [Forwarding setTimeout on session e0c69731c257b6ddff2517e39521e446 to remote] DEBUG org.apache.http.headers - http-outgoing-22 >> User-Agent: Apache-HttpClient/4.5.3 (Java/1.8.0_211)
11:23:26.005 [Forwarding setTimeout on session e0c69731c257b6ddff2517e39521e446 to remote] DEBUG org.apache.http.headers - http-outgoing-22 >> Accept-Encoding: gzip,deflate
11:23:26.005 [Forwarding setTimeout on session e0c69731c257b6ddff2517e39521e446 to remote] DEBUG org.apache.http.wire - http-outgoing-22 >> "POST /session/e0c69731c257b6ddff2517e39521e446/timeouts HTTP/1.1[\r][\n]"
11:23:26.005 [Forwarding setTimeout on session e0c69731c257b6ddff2517e39521e446 to remote] DEBUG org.apache.http.wire - http-outgoing-22 >> "Content-Type: application/json; charset=utf-8[\r][\n]"
11:23:26.005 [Forwarding setTimeout on session e0c69731c257b6ddff2517e39521e446 to remote] DEBUG org.apache.http.wire - http-outgoing-22 >> "Content-Length: 18[\r][\n]"
11:23:26.005 [Forwarding setTimeout on session e0c69731c257b6ddff2517e39521e446 to remote] DEBUG org.apache.http.wire - http-outgoing-22 >> "Host: localhost:12834[\r][\n]"
11:23:26.005 [Forwarding setTimeout on session e0c69731c257b6ddff2517e39521e446 to remote] DEBUG org.apache.http.wire - http-outgoing-22 >> "Connection: Keep-Alive[\r][\n]"
11:23:26.005 [Forwarding setTimeout on session e0c69731c257b6ddff2517e39521e446 to remote] DEBUG org.apache.http.wire - http-outgoing-22 >> "User-Agent: Apache-HttpClient/4.5.3 (Java/1.8.0_211)[\r][\n]"
11:23:26.005 [Forwarding setTimeout on session e0c69731c257b6ddff2517e39521e446 to remote] DEBUG org.apache.http.wire - http-outgoing-22 >> "Accept-Encoding: gzip,deflate[\r][\n]"
11:23:26.005 [Forwarding setTimeout on session e0c69731c257b6ddff2517e39521e446 to remote] DEBUG org.apache.http.wire - http-outgoing-22 >> "[\r][\n]"
11:23:26.005 [Forwarding setTimeout on session e0c69731c257b6ddff2517e39521e446 to remote] DEBUG org.apache.http.wire - http-outgoing-22 >> "{"implicit":10000}"
11:23:26.005 [Forwarding setTimeout on session e0c69731c257b6ddff2517e39521e446 to remote] DEBUG org.apache.http.wire - http-outgoing-22 << "HTTP/1.1 200 OK[\r][\n]"
11:23:26.005 [Forwarding setTimeout on session e0c69731c257b6ddff2517e39521e446 to remote] DEBUG org.apache.http.wire - http-outgoing-22 << "Content-Length:14[\r][\n]"
11:23:26.005 [Forwarding setTimeout on session e0c69731c257b6ddff2517e39521e446 to remote] DEBUG org.apache.http.wire - http-outgoing-22 << "Content-Type:application/json; charset=utf-8[\r][\n]"
11:23:26.005 [Forwarding setTimeout on session e0c69731c257b6ddff2517e39521e446 to remote] DEBUG org.apache.http.wire - http-outgoing-22 << "cache-control:no-cache[\r][\n]"
11:23:26.005 [Forwarding setTimeout on session e0c69731c257b6ddff2517e39521e446 to remote] DEBUG org.apache.http.wire - http-outgoing-22 << "[\r][\n]"
11:23:26.005 [Forwarding setTimeout on session e0c69731c257b6ddff2517e39521e446 to remote] DEBUG org.apache.http.wire - http-outgoing-22 << "{"value":null}"
11:23:26.005 [Forwarding setTimeout on session e0c69731c257b6ddff2517e39521e446 to remote] DEBUG org.apache.http.headers - http-outgoing-22 << HTTP/1.1 200 OK
11:23:26.005 [Forwarding setTimeout on session e0c69731c257b6ddff2517e39521e446 to remote] DEBUG org.apache.http.headers - http-outgoing-22 << Content-Length:14
11:23:26.005 [Forwarding setTimeout on session e0c69731c257b6ddff2517e39521e446 to remote] DEBUG org.apache.http.headers - http-outgoing-22 << Content-Type:application/json; charset=utf-8
11:23:26.005 [Forwarding setTimeout on session e0c69731c257b6ddff2517e39521e446 to remote] DEBUG org.apache.http.headers - http-outgoing-22 << cache-control:no-cache
11:23:26.005 [Forwarding setTimeout on session e0c69731c257b6ddff2517e39521e446 to remote] DEBUG org.apache.http.impl.execchain.MainClientExec - Connection can be kept alive indefinitely
11:23:26.005 [Forwarding setTimeout on session e0c69731c257b6ddff2517e39521e446 to remote] DEBUG org.apache.http.impl.conn.PoolingHttpClientConnectionManager - Connection [id: 22][route: {}->http://localhost:12834] can be kept alive indefinitely
11:23:26.005 [Forwarding setTimeout on session e0c69731c257b6ddff2517e39521e446 to remote] DEBUG org.apache.http.impl.conn.PoolingHttpClientConnectionManager - Connection released: [id: 22][route: {}->http://localhost:12834][total kept alive: 23; route allocated: 1 of 2000; total allocated: 23 of 2000]
11:23:26.006 [Forwarding findElement on session e0c69731c257b6ddff2517e39521e446 to remote] DEBUG org.apache.http.client.protocol.RequestAddCookies - CookieSpec selected: default
11:23:26.006 [Forwarding findElement on session e0c69731c257b6ddff2517e39521e446 to remote] DEBUG org.apache.http.client.protocol.RequestAuthCache - Auth cache not set in the context
11:23:26.006 [Forwarding findElement on session e0c69731c257b6ddff2517e39521e446 to remote] DEBUG org.apache.http.impl.conn.PoolingHttpClientConnectionManager - Connection request: [route: {}->http://localhost:12834][total kept alive: 23; route allocated: 1 of 2000; total allocated: 23 of 2000]
11:23:26.006 [Forwarding findElement on session e0c69731c257b6ddff2517e39521e446 to remote] DEBUG org.apache.http.impl.conn.PoolingHttpClientConnectionManager - Connection leased: [id: 22][route: {}->http://localhost:12834][total kept alive: 22; route allocated: 1 of 2000; total allocated: 23 of 2000]
11:23:26.006 [Forwarding findElement on session e0c69731c257b6ddff2517e39521e446 to remote] DEBUG org.apache.http.impl.execchain.MainClientExec - Stale connection check
11:23:26.007 [Forwarding findElement on session e0c69731c257b6ddff2517e39521e446 to remote] DEBUG org.apache.http.wire - http-outgoing-22 << "[read] I/O error: Read timed out"
11:23:26.007 [Forwarding findElement on session e0c69731c257b6ddff2517e39521e446 to remote] DEBUG org.apache.http.impl.conn.DefaultManagedHttpClientConnection - http-outgoing-22: set socket timeout to 10800000
11:23:26.007 [Forwarding findElement on session e0c69731c257b6ddff2517e39521e446 to remote] DEBUG org.apache.http.impl.execchain.MainClientExec - Executing request POST /session/e0c69731c257b6ddff2517e39521e446/element HTTP/1.1
11:23:26.007 [Forwarding findElement on session e0c69731c257b6ddff2517e39521e446 to remote] DEBUG org.apache.http.impl.execchain.MainClientExec - Target auth state: UNCHALLENGED
11:23:26.007 [Forwarding findElement on session e0c69731c257b6ddff2517e39521e446 to remote] DEBUG org.apache.http.impl.execchain.MainClientExec - Proxy auth state: UNCHALLENGED
11:23:26.007 [Forwarding findElement on session e0c69731c257b6ddff2517e39521e446 to remote] DEBUG org.apache.http.headers - http-outgoing-22 >> POST /session/e0c69731c257b6ddff2517e39521e446/element HTTP/1.1
11:23:26.007 [Forwarding findElement on session e0c69731c257b6ddff2517e39521e446 to remote] DEBUG org.apache.http.headers - http-outgoing-22 >> Content-Type: application/json; charset=utf-8
11:23:26.007 [Forwarding findElement on session e0c69731c257b6ddff2517e39521e446 to remote] DEBUG org.apache.http.headers - http-outgoing-22 >> Content-Length: 75
11:23:26.007 [Forwarding findElement on session e0c69731c257b6ddff2517e39521e446 to remote] DEBUG org.apache.http.headers - http-outgoing-22 >> Host: localhost:12834
11:23:26.007 [Forwarding findElement on session e0c69731c257b6ddff2517e39521e446 to remote] DEBUG org.apache.http.headers - http-outgoing-22 >> Connection: Keep-Alive
11:23:26.007 [Forwarding findElement on session e0c69731c257b6ddff2517e39521e446 to remote] DEBUG org.apache.http.headers - http-outgoing-22 >> User-Agent: Apache-HttpClient/4.5.3 (Java/1.8.0_211)
11:23:26.007 [Forwarding findElement on session e0c69731c257b6ddff2517e39521e446 to remote] DEBUG org.apache.http.headers - http-outgoing-22 >> Accept-Encoding: gzip,deflate
11:23:26.007 [Forwarding findElement on session e0c69731c257b6ddff2517e39521e446 to remote] DEBUG org.apache.http.wire - http-outgoing-22 >> "POST /session/e0c69731c257b6ddff2517e39521e446/element HTTP/1.1[\r][\n]"
11:23:26.007 [Forwarding findElement on session e0c69731c257b6ddff2517e39521e446 to remote] DEBUG org.apache.http.wire - http-outgoing-22 >> "Content-Type: application/json; charset=utf-8[\r][\n]"
11:23:26.007 [Forwarding findElement on session e0c69731c257b6ddff2517e39521e446 to remote] DEBUG org.apache.http.wire - http-outgoing-22 >> "Content-Length: 75[\r][\n]"
11:23:26.007 [Forwarding findElement on session e0c69731c257b6ddff2517e39521e446 to remote] DEBUG org.apache.http.wire - http-outgoing-22 >> "Host: localhost:12834[\r][\n]"
11:23:26.007 [Forwarding findElement on session e0c69731c257b6ddff2517e39521e446 to remote] DEBUG org.apache.http.wire - http-outgoing-22 >> "Connection: Keep-Alive[\r][\n]"
11:23:26.007 [Forwarding findElement on session e0c69731c257b6ddff2517e39521e446 to remote] DEBUG org.apache.http.wire - http-outgoing-22 >> "User-Agent: Apache-HttpClient/4.5.3 (Java/1.8.0_211)[\r][\n]"
11:23:26.007 [Forwarding findElement on session e0c69731c257b6ddff2517e39521e446 to remote] DEBUG org.apache.http.wire - http-outgoing-22 >> "Accept-Encoding: gzip,deflate[\r][\n]"
11:23:26.007 [Forwarding findElement on session e0c69731c257b6ddff2517e39521e446 to remote] DEBUG org.apache.http.wire - http-outgoing-22 >> "[\r][\n]"
11:23:26.007 [Forwarding findElement on session e0c69731c257b6ddff2517e39521e446 to remote] DEBUG org.apache.http.wire - http-outgoing-22 >> "{"value":"//*[@id=\"root\"]/main/div[1]/div[1]/div/div/h3","using":"xpath"}"
11:23:26.286 [Forwarding findElement on session e0c69731c257b6ddff2517e39521e446 to remote] DEBUG org.apache.http.wire - http-outgoing-22 << "HTTP/1.1 200 OK[\r][\n]"
11:23:26.286 [Forwarding findElement on session e0c69731c257b6ddff2517e39521e446 to remote] DEBUG org.apache.http.wire - http-outgoing-22 << "Content-Length:88[\r][\n]"
11:23:26.286 [Forwarding findElement on session e0c69731c257b6ddff2517e39521e446 to remote] DEBUG org.apache.http.wire - http-outgoing-22 << "Content-Type:application/json; charset=utf-8[\r][\n]"
11:23:26.286 [Forwarding findElement on session e0c69731c257b6ddff2517e39521e446 to remote] DEBUG org.apache.http.wire - http-outgoing-22 << "cache-control:no-cache[\r][\n]"
11:23:26.286 [Forwarding findElement on session e0c69731c257b6ddff2517e39521e446 to remote] DEBUG org.apache.http.wire - http-outgoing-22 << "[\r][\n]"
11:23:26.286 [Forwarding findElement on session e0c69731c257b6ddff2517e39521e446 to remote] DEBUG org.apache.http.wire - http-outgoing-22 << "{"value":{"element-6066-11e4-a52e-4f735466cecf":"e740573e-203c-43c0-8ec9-fad661740b9e"}}"
11:23:26.286 [Forwarding findElement on session e0c69731c257b6ddff2517e39521e446 to remote] DEBUG org.apache.http.headers - http-outgoing-22 << HTTP/1.1 200 OK
11:23:26.286 [Forwarding findElement on session e0c69731c257b6ddff2517e39521e446 to remote] DEBUG org.apache.http.headers - http-outgoing-22 << Content-Length:88
11:23:26.286 [Forwarding findElement on session e0c69731c257b6ddff2517e39521e446 to remote] DEBUG org.apache.http.headers - http-outgoing-22 << Content-Type:application/json; charset=utf-8
11:23:26.286 [Forwarding findElement on session e0c69731c257b6ddff2517e39521e446 to remote] DEBUG org.apache.http.headers - http-outgoing-22 << cache-control:no-cache
11:23:26.286 [Forwarding findElement on session e0c69731c257b6ddff2517e39521e446 to remote] DEBUG org.apache.http.impl.execchain.MainClientExec - Connection can be kept alive indefinitely
11:23:26.286 [Forwarding findElement on session e0c69731c257b6ddff2517e39521e446 to remote] DEBUG org.apache.http.impl.conn.PoolingHttpClientConnectionManager - Connection [id: 22][route: {}->http://localhost:12834] can be kept alive indefinitely
11:23:26.286 [Forwarding findElement on session e0c69731c257b6ddff2517e39521e446 to remote] DEBUG org.apache.http.impl.conn.PoolingHttpClientConnectionManager - Connection released: [id: 22][route: {}->http://localhost:12834][total kept alive: 23; route allocated: 1 of 2000; total allocated: 23 of 2000]
11:23:26.287 [Forwarding getElementText on session e0c69731c257b6ddff2517e39521e446 to remote] DEBUG org.apache.http.client.protocol.RequestAddCookies - CookieSpec selected: default
11:23:26.287 [Forwarding getElementText on session e0c69731c257b6ddff2517e39521e446 to remote] DEBUG org.apache.http.client.protocol.RequestAuthCache - Auth cache not set in the context
11:23:26.287 [Forwarding getElementText on session e0c69731c257b6ddff2517e39521e446 to remote] DEBUG org.apache.http.impl.conn.PoolingHttpClientConnectionManager - Connection request: [route: {}->http://localhost:12834][total kept alive: 23; route allocated: 1 of 2000; total allocated: 23 of 2000]
11:23:26.287 [Forwarding getElementText on session e0c69731c257b6ddff2517e39521e446 to remote] DEBUG org.apache.http.impl.conn.PoolingHttpClientConnectionManager - Connection leased: [id: 22][route: {}->http://localhost:12834][total kept alive: 22; route allocated: 1 of 2000; total allocated: 23 of 2000]
11:23:26.287 [Forwarding getElementText on session e0c69731c257b6ddff2517e39521e446 to remote] DEBUG org.apache.http.impl.execchain.MainClientExec - Stale connection check
11:23:26.288 [Forwarding getElementText on session e0c69731c257b6ddff2517e39521e446 to remote] DEBUG org.apache.http.wire - http-outgoing-22 << "[read] I/O error: Read timed out"
11:23:26.288 [Forwarding getElementText on session e0c69731c257b6ddff2517e39521e446 to remote] DEBUG org.apache.http.impl.conn.DefaultManagedHttpClientConnection - http-outgoing-22: set socket timeout to 10800000
11:23:26.288 [Forwarding getElementText on session e0c69731c257b6ddff2517e39521e446 to remote] DEBUG org.apache.http.impl.execchain.MainClientExec - Executing request GET /session/e0c69731c257b6ddff2517e39521e446/element/e740573e-203c-43c0-8ec9-fad661740b9e/text HTTP/1.1
11:23:26.288 [Forwarding getElementText on session e0c69731c257b6ddff2517e39521e446 to remote] DEBUG org.apache.http.impl.execchain.MainClientExec - Target auth state: UNCHALLENGED
11:23:26.288 [Forwarding getElementText on session e0c69731c257b6ddff2517e39521e446 to remote] DEBUG org.apache.http.impl.execchain.MainClientExec - Proxy auth state: UNCHALLENGED
11:23:26.288 [Forwarding getElementText on session e0c69731c257b6ddff2517e39521e446 to remote] DEBUG org.apache.http.headers - http-outgoing-22 >> GET /session/e0c69731c257b6ddff2517e39521e446/element/e740573e-203c-43c0-8ec9-fad661740b9e/text HTTP/1.1
11:23:26.288 [Forwarding getElementText on session e0c69731c257b6ddff2517e39521e446 to remote] DEBUG org.apache.http.headers - http-outgoing-22 >> Cache-Control: no-cache
11:23:26.288 [Forwarding getElementText on session e0c69731c257b6ddff2517e39521e446 to remote] DEBUG org.apache.http.headers - http-outgoing-22 >> Host: localhost:12834
11:23:26.288 [Forwarding getElementText on session e0c69731c257b6ddff2517e39521e446 to remote] DEBUG org.apache.http.headers - http-outgoing-22 >> Connection: Keep-Alive
11:23:26.288 [Forwarding getElementText on session e0c69731c257b6ddff2517e39521e446 to remote] DEBUG org.apache.http.headers - http-outgoing-22 >> User-Agent: Apache-HttpClient/4.5.3 (Java/1.8.0_211)
11:23:26.288 [Forwarding getElementText on session e0c69731c257b6ddff2517e39521e446 to remote] DEBUG org.apache.http.headers - http-outgoing-22 >> Accept-Encoding: gzip,deflate
11:23:26.288 [Forwarding getElementText on session e0c69731c257b6ddff2517e39521e446 to remote] DEBUG org.apache.http.wire - http-outgoing-22 >> "GET /session/e0c69731c257b6ddff2517e39521e446/element/e740573e-203c-43c0-8ec9-fad661740b9e/text HTTP/1.1[\r][\n]"
11:23:26.288 [Forwarding getElementText on session e0c69731c257b6ddff2517e39521e446 to remote] DEBUG org.apache.http.wire - http-outgoing-22 >> "Cache-Control: no-cache[\r][\n]"
11:23:26.288 [Forwarding getElementText on session e0c69731c257b6ddff2517e39521e446 to remote] DEBUG org.apache.http.wire - http-outgoing-22 >> "Host: localhost:12834[\r][\n]"
11:23:26.288 [Forwarding getElementText on session e0c69731c257b6ddff2517e39521e446 to remote] DEBUG org.apache.http.wire - http-outgoing-22 >> "Connection: Keep-Alive[\r][\n]"
11:23:26.288 [Forwarding getElementText on session e0c69731c257b6ddff2517e39521e446 to remote] DEBUG org.apache.http.wire - http-outgoing-22 >> "User-Agent: Apache-HttpClient/4.5.3 (Java/1.8.0_211)[\r][\n]"
11:23:26.288 [Forwarding getElementText on session e0c69731c257b6ddff2517e39521e446 to remote] DEBUG org.apache.http.wire - http-outgoing-22 >> "Accept-Encoding: gzip,deflate[\r][\n]"
11:23:26.288 [Forwarding getElementText on session e0c69731c257b6ddff2517e39521e446 to remote] DEBUG org.apache.http.wire - http-outgoing-22 >> "[\r][\n]"
11:23:26.300 [Forwarding getElementText on session e0c69731c257b6ddff2517e39521e446 to remote] DEBUG org.apache.http.wire - http-outgoing-22 << "HTTP/1.1 200 OK[\r][\n]"
11:23:26.300 [Forwarding getElementText on session e0c69731c257b6ddff2517e39521e446 to remote] DEBUG org.apache.http.wire - http-outgoing-22 << "Content-Length:15[\r][\n]"
11:23:26.300 [Forwarding getElementText on session e0c69731c257b6ddff2517e39521e446 to remote] DEBUG org.apache.http.wire - http-outgoing-22 << "Content-Type:application/json; charset=utf-8[\r][\n]"
11:23:26.300 [Forwarding getElementText on session e0c69731c257b6ddff2517e39521e446 to remote] DEBUG org.apache.http.wire - http-outgoing-22 << "cache-control:no-cache[\r][\n]"
11:23:26.300 [Forwarding getElementText on session e0c69731c257b6ddff2517e39521e446 to remote] DEBUG org.apache.http.wire - http-outgoing-22 << "[\r][\n]"
11:23:26.300 [Forwarding getElementText on session e0c69731c257b6ddff2517e39521e446 to remote] DEBUG org.apache.http.wire - http-outgoing-22 << "{"value":"833"}"
11:23:26.300 [Forwarding getElementText on session e0c69731c257b6ddff2517e39521e446 to remote] DEBUG org.apache.http.headers - http-outgoing-22 << HTTP/1.1 200 OK
11:23:26.300 [Forwarding getElementText on session e0c69731c257b6ddff2517e39521e446 to remote] DEBUG org.apache.http.headers - http-outgoing-22 << Content-Length:15
11:23:26.300 [Forwarding getElementText on session e0c69731c257b6ddff2517e39521e446 to remote] DEBUG org.apache.http.headers - http-outgoing-22 << Content-Type:application/json; charset=utf-8
11:23:26.300 [Forwarding getElementText on session e0c69731c257b6ddff2517e39521e446 to remote] DEBUG org.apache.http.headers - http-outgoing-22 << cache-control:no-cache
11:23:26.300 [Forwarding getElementText on session e0c69731c257b6ddff2517e39521e446 to remote] DEBUG org.apache.http.impl.execchain.MainClientExec - Connection can be kept alive indefinitely
11:23:26.300 [Forwarding getElementText on session e0c69731c257b6ddff2517e39521e446 to remote] DEBUG org.apache.http.impl.conn.PoolingHttpClientConnectionManager - Connection [id: 22][route: {}->http://localhost:12834] can be kept alive indefinitely
11:23:26.300 [Forwarding getElementText on session e0c69731c257b6ddff2517e39521e446 to remote] DEBUG org.apache.http.impl.conn.PoolingHttpClientConnectionManager - Connection released: [id: 22][route: {}->http://localhost:12834][total kept alive: 23; route allocated: 1 of 2000; total allocated: 23 of 2000]
11:23:26.301 [Forwarding findElement on session e0c69731c257b6ddff2517e39521e446 to remote] DEBUG org.apache.http.client.protocol.RequestAddCookies - CookieSpec selected: default
11:23:26.301 [Forwarding findElement on session e0c69731c257b6ddff2517e39521e446 to remote] DEBUG org.apache.http.client.protocol.RequestAuthCache - Auth cache not set in the context
11:23:26.301 [Forwarding findElement on session e0c69731c257b6ddff2517e39521e446 to remote] DEBUG org.apache.http.impl.conn.PoolingHttpClientConnectionManager - Connection request: [route: {}->http://localhost:12834][total kept alive: 23; route allocated: 1 of 2000; total allocated: 23 of 2000]
11:23:26.301 [Forwarding findElement on session e0c69731c257b6ddff2517e39521e446 to remote] DEBUG org.apache.http.impl.conn.PoolingHttpClientConnectionManager - Connection leased: [id: 22][route: {}->http://localhost:12834][total kept alive: 22; route allocated: 1 of 2000; total allocated: 23 of 2000]
11:23:26.301 [Forwarding findElement on session e0c69731c257b6ddff2517e39521e446 to remote] DEBUG org.apache.http.impl.execchain.MainClientExec - Stale connection check
11:23:26.302 [Forwarding findElement on session e0c69731c257b6ddff2517e39521e446 to remote] DEBUG org.apache.http.wire - http-outgoing-22 << "[read] I/O error: Read timed out"
11:23:26.302 [Forwarding findElement on session e0c69731c257b6ddff2517e39521e446 to remote] DEBUG org.apache.http.impl.conn.DefaultManagedHttpClientConnection - http-outgoing-22: set socket timeout to 10800000
11:23:26.302 [Forwarding findElement on session e0c69731c257b6ddff2517e39521e446 to remote] DEBUG org.apache.http.impl.execchain.MainClientExec - Executing request POST /session/e0c69731c257b6ddff2517e39521e446/element HTTP/1.1
11:23:26.302 [Forwarding findElement on session e0c69731c257b6ddff2517e39521e446 to remote] DEBUG org.apache.http.impl.execchain.MainClientExec - Target auth state: UNCHALLENGED
11:23:26.302 [Forwarding findElement on session e0c69731c257b6ddff2517e39521e446 to remote] DEBUG org.apache.http.impl.execchain.MainClientExec - Proxy auth state: UNCHALLENGED
11:23:26.302 [Forwarding findElement on session e0c69731c257b6ddff2517e39521e446 to remote] DEBUG org.apache.http.headers - http-outgoing-22 >> POST /session/e0c69731c257b6ddff2517e39521e446/element HTTP/1.1
11:23:26.302 [Forwarding findElement on session e0c69731c257b6ddff2517e39521e446 to remote] DEBUG org.apache.http.headers - http-outgoing-22 >> Content-Type: application/json; charset=utf-8
11:23:26.302 [Forwarding findElement on session e0c69731c257b6ddff2517e39521e446 to remote] DEBUG org.apache.http.headers - http-outgoing-22 >> Content-Length: 75
11:23:26.302 [Forwarding findElement on session e0c69731c257b6ddff2517e39521e446 to remote] DEBUG org.apache.http.headers - http-outgoing-22 >> Host: localhost:12834
11:23:26.302 [Forwarding findElement on session e0c69731c257b6ddff2517e39521e446 to remote] DEBUG org.apache.http.headers - http-outgoing-22 >> Connection: Keep-Alive
11:23:26.302 [Forwarding findElement on session e0c69731c257b6ddff2517e39521e446 to remote] DEBUG org.apache.http.headers - http-outgoing-22 >> User-Agent: Apache-HttpClient/4.5.3 (Java/1.8.0_211)
11:23:26.302 [Forwarding findElement on session e0c69731c257b6ddff2517e39521e446 to remote] DEBUG org.apache.http.headers - http-outgoing-22 >> Accept-Encoding: gzip,deflate
11:23:26.302 [Forwarding findElement on session e0c69731c257b6ddff2517e39521e446 to remote] DEBUG org.apache.http.wire - http-outgoing-22 >> "POST /session/e0c69731c257b6ddff2517e39521e446/element HTTP/1.1[\r][\n]"
11:23:26.302 [Forwarding findElement on session e0c69731c257b6ddff2517e39521e446 to remote] DEBUG org.apache.http.wire - http-outgoing-22 >> "Content-Type: application/json; charset=utf-8[\r][\n]"
11:23:26.302 [Forwarding findElement on session e0c69731c257b6ddff2517e39521e446 to remote] DEBUG org.apache.http.wire - http-outgoing-22 >> "Content-Length: 75[\r][\n]"
11:23:26.302 [Forwarding findElement on session e0c69731c257b6ddff2517e39521e446 to remote] DEBUG org.apache.http.wire - http-outgoing-22 >> "Host: localhost:12834[\r][\n]"
11:23:26.302 [Forwarding findElement on session e0c69731c257b6ddff2517e39521e446 to remote] DEBUG org.apache.http.wire - http-outgoing-22 >> "Connection: Keep-Alive[\r][\n]"
11:23:26.302 [Forwarding findElement on session e0c69731c257b6ddff2517e39521e446 to remote] DEBUG org.apache.http.wire - http-outgoing-22 >> "User-Agent: Apache-HttpClient/4.5.3 (Java/1.8.0_211)[\r][\n]"
11:23:26.302 [Forwarding findElement on session e0c69731c257b6ddff2517e39521e446 to remote] DEBUG org.apache.http.wire - http-outgoing-22 >> "Accept-Encoding: gzip,deflate[\r][\n]"
11:23:26.302 [Forwarding findElement on session e0c69731c257b6ddff2517e39521e446 to remote] DEBUG org.apache.http.wire - http-outgoing-22 >> "[\r][\n]"
11:23:26.302 [Forwarding findElement on session e0c69731c257b6ddff2517e39521e446 to remote] DEBUG org.apache.http.wire - http-outgoing-22 >> "{"value":"//*[@id=\"root\"]/main/div[1]/div[2]/div/div/h3","using":"xpath"}"
11:23:26.307 [Forwarding findElement on session e0c69731c257b6ddff2517e39521e446 to remote] DEBUG org.apache.http.wire - http-outgoing-22 << "HTTP/1.1 200 OK[\r][\n]"
11:23:26.307 [Forwarding findElement on session e0c69731c257b6ddff2517e39521e446 to remote] DEBUG org.apache.http.wire - http-outgoing-22 << "Content-Length:88[\r][\n]"
11:23:26.307 [Forwarding findElement on session e0c69731c257b6ddff2517e39521e446 to remote] DEBUG org.apache.http.wire - http-outgoing-22 << "Content-Type:application/json; charset=utf-8[\r][\n]"
11:23:26.307 [Forwarding findElement on session e0c69731c257b6ddff2517e39521e446 to remote] DEBUG org.apache.http.wire - http-outgoing-22 << "cache-control:no-cache[\r][\n]"
11:23:26.307 [Forwarding findElement on session e0c69731c257b6ddff2517e39521e446 to remote] DEBUG org.apache.http.wire - http-outgoing-22 << "[\r][\n]"
11:23:26.307 [Forwarding findElement on session e0c69731c257b6ddff2517e39521e446 to remote] DEBUG org.apache.http.wire - http-outgoing-22 << "{"value":{"element-6066-11e4-a52e-4f735466cecf":"e279ed01-197e-4b5e-b7f7-c9cfbeb001cf"}}"
11:23:26.307 [Forwarding findElement on session e0c69731c257b6ddff2517e39521e446 to remote] DEBUG org.apache.http.headers - http-outgoing-22 << HTTP/1.1 200 OK
11:23:26.307 [Forwarding findElement on session e0c69731c257b6ddff2517e39521e446 to remote] DEBUG org.apache.http.headers - http-outgoing-22 << Content-Length:88
11:23:26.307 [Forwarding findElement on session e0c69731c257b6ddff2517e39521e446 to remote] DEBUG org.apache.http.headers - http-outgoing-22 << Content-Type:application/json; charset=utf-8
11:23:26.307 [Forwarding findElement on session e0c69731c257b6ddff2517e39521e446 to remote] DEBUG org.apache.http.headers - http-outgoing-22 << cache-control:no-cache
11:23:26.307 [Forwarding findElement on session e0c69731c257b6ddff2517e39521e446 to remote] DEBUG org.apache.http.impl.execchain.MainClientExec - Connection can be kept alive indefinitely
11:23:26.307 [Forwarding findElement on session e0c69731c257b6ddff2517e39521e446 to remote] DEBUG org.apache.http.impl.conn.PoolingHttpClientConnectionManager - Connection [id: 22][route: {}->http://localhost:12834] can be kept alive indefinitely
11:23:26.307 [Forwarding findElement on session e0c69731c257b6ddff2517e39521e446 to remote] DEBUG org.apache.http.impl.conn.PoolingHttpClientConnectionManager - Connection released: [id: 22][route: {}->http://localhost:12834][total kept alive: 23; route allocated: 1 of 2000; total allocated: 23 of 2000]
11:23:26.307 [Forwarding getElementText on session e0c69731c257b6ddff2517e39521e446 to remote] DEBUG org.apache.http.client.protocol.RequestAddCookies - CookieSpec selected: default
11:23:26.307 [Forwarding getElementText on session e0c69731c257b6ddff2517e39521e446 to remote] DEBUG org.apache.http.client.protocol.RequestAuthCache - Auth cache not set in the context
11:23:26.307 [Forwarding getElementText on session e0c69731c257b6ddff2517e39521e446 to remote] DEBUG org.apache.http.impl.conn.PoolingHttpClientConnectionManager - Connection request: [route: {}->http://localhost:12834][total kept alive: 23; route allocated: 1 of 2000; total allocated: 23 of 2000]
11:23:26.307 [Forwarding getElementText on session e0c69731c257b6ddff2517e39521e446 to remote] DEBUG org.apache.http.impl.conn.PoolingHttpClientConnectionManager - Connection leased: [id: 22][route: {}->http://localhost:12834][total kept alive: 22; route allocated: 1 of 2000; total allocated: 23 of 2000]
11:23:26.307 [Forwarding getElementText on session e0c69731c257b6ddff2517e39521e446 to remote] DEBUG org.apache.http.impl.execchain.MainClientExec - Stale connection check
11:23:26.309 [Forwarding getElementText on session e0c69731c257b6ddff2517e39521e446 to remote] DEBUG org.apache.http.wire - http-outgoing-22 << "[read] I/O error: Read timed out"
11:23:26.309 [Forwarding getElementText on session e0c69731c257b6ddff2517e39521e446 to remote] DEBUG org.apache.http.impl.conn.DefaultManagedHttpClientConnection - http-outgoing-22: set socket timeout to 10800000
11:23:26.309 [Forwarding getElementText on session e0c69731c257b6ddff2517e39521e446 to remote] DEBUG org.apache.http.impl.execchain.MainClientExec - Executing request GET /session/e0c69731c257b6ddff2517e39521e446/element/e279ed01-197e-4b5e-b7f7-c9cfbeb001cf/text HTTP/1.1
11:23:26.309 [Forwarding getElementText on session e0c69731c257b6ddff2517e39521e446 to remote] DEBUG org.apache.http.impl.execchain.MainClientExec - Target auth state: UNCHALLENGED
11:23:26.309 [Forwarding getElementText on session e0c69731c257b6ddff2517e39521e446 to remote] DEBUG org.apache.http.impl.execchain.MainClientExec - Proxy auth state: UNCHALLENGED
11:23:26.309 [Forwarding getElementText on session e0c69731c257b6ddff2517e39521e446 to remote] DEBUG org.apache.http.headers - http-outgoing-22 >> GET /session/e0c69731c257b6ddff2517e39521e446/element/e279ed01-197e-4b5e-b7f7-c9cfbeb001cf/text HTTP/1.1
11:23:26.309 [Forwarding getElementText on session e0c69731c257b6ddff2517e39521e446 to remote] DEBUG org.apache.http.headers - http-outgoing-22 >> Cache-Control: no-cache
11:23:26.309 [Forwarding getElementText on session e0c69731c257b6ddff2517e39521e446 to remote] DEBUG org.apache.http.headers - http-outgoing-22 >> Host: localhost:12834
11:23:26.309 [Forwarding getElementText on session e0c69731c257b6ddff2517e39521e446 to remote] DEBUG org.apache.http.headers - http-outgoing-22 >> Connection: Keep-Alive
11:23:26.309 [Forwarding getElementText on session e0c69731c257b6ddff2517e39521e446 to remote] DEBUG org.apache.http.headers - http-outgoing-22 >> User-Agent: Apache-HttpClient/4.5.3 (Java/1.8.0_211)
11:23:26.309 [Forwarding getElementText on session e0c69731c257b6ddff2517e39521e446 to remote] DEBUG org.apache.http.headers - http-outgoing-22 >> Accept-Encoding: gzip,deflate
11:23:26.309 [Forwarding getElementText on session e0c69731c257b6ddff2517e39521e446 to remote] DEBUG org.apache.http.wire - http-outgoing-22 >> "GET /session/e0c69731c257b6ddff2517e39521e446/element/e279ed01-197e-4b5e-b7f7-c9cfbeb001cf/text HTTP/1.1[\r][\n]"
11:23:26.309 [Forwarding getElementText on session e0c69731c257b6ddff2517e39521e446 to remote] DEBUG org.apache.http.wire - http-outgoing-22 >> "Cache-Control: no-cache[\r][\n]"
11:23:26.309 [Forwarding getElementText on session e0c69731c257b6ddff2517e39521e446 to remote] DEBUG org.apache.http.wire - http-outgoing-22 >> "Host: localhost:12834[\r][\n]"
11:23:26.309 [Forwarding getElementText on session e0c69731c257b6ddff2517e39521e446 to remote] DEBUG org.apache.http.wire - http-outgoing-22 >> "Connection: Keep-Alive[\r][\n]"
11:23:26.309 [Forwarding getElementText on session e0c69731c257b6ddff2517e39521e446 to remote] DEBUG org.apache.http.wire - http-outgoing-22 >> "User-Agent: Apache-HttpClient/4.5.3 (Java/1.8.0_211)[\r][\n]"
11:23:26.309 [Forwarding getElementText on session e0c69731c257b6ddff2517e39521e446 to remote] DEBUG org.apache.http.wire - http-outgoing-22 >> "Accept-Encoding: gzip,deflate[\r][\n]"
11:23:26.309 [Forwarding getElementText on session e0c69731c257b6ddff2517e39521e446 to remote] DEBUG org.apache.http.wire - http-outgoing-22 >> "[\r][\n]"
11:23:26.316 [Forwarding getElementText on session e0c69731c257b6ddff2517e39521e446 to remote] DEBUG org.apache.http.wire - http-outgoing-22 << "HTTP/1.1 200 OK[\r][\n]"
11:23:26.316 [Forwarding getElementText on session e0c69731c257b6ddff2517e39521e446 to remote] DEBUG org.apache.http.wire - http-outgoing-22 << "Content-Length:25[\r][\n]"
11:23:26.316 [Forwarding getElementText on session e0c69731c257b6ddff2517e39521e446 to remote] DEBUG org.apache.http.wire - http-outgoing-22 << "Content-Type:application/json; charset=utf-8[\r][\n]"
11:23:26.316 [Forwarding getElementText on session e0c69731c257b6ddff2517e39521e446 to remote] DEBUG org.apache.http.wire - http-outgoing-22 << "cache-control:no-cache[\r][\n]"
11:23:26.316 [Forwarding getElementText on session e0c69731c257b6ddff2517e39521e446 to remote] DEBUG org.apache.http.wire - http-outgoing-22 << "[\r][\n]"
11:23:26.316 [Forwarding getElementText on session e0c69731c257b6ddff2517e39521e446 to remote] DEBUG org.apache.http.wire - http-outgoing-22 << "{"value":"United States"}"
11:23:26.316 [Forwarding getElementText on session e0c69731c257b6ddff2517e39521e446 to remote] DEBUG org.apache.http.headers - http-outgoing-22 << HTTP/1.1 200 OK
11:23:26.316 [Forwarding getElementText on session e0c69731c257b6ddff2517e39521e446 to remote] DEBUG org.apache.http.headers - http-outgoing-22 << Content-Length:25
11:23:26.316 [Forwarding getElementText on session e0c69731c257b6ddff2517e39521e446 to remote] DEBUG org.apache.http.headers - http-outgoing-22 << Content-Type:application/json; charset=utf-8
11:23:26.316 [Forwarding getElementText on session e0c69731c257b6ddff2517e39521e446 to remote] DEBUG org.apache.http.headers - http-outgoing-22 << cache-control:no-cache
11:23:26.316 [Forwarding getElementText on session e0c69731c257b6ddff2517e39521e446 to remote] DEBUG org.apache.http.impl.execchain.MainClientExec - Connection can be kept alive indefinitely
11:23:26.316 [Forwarding getElementText on session e0c69731c257b6ddff2517e39521e446 to remote] DEBUG org.apache.http.impl.conn.PoolingHttpClientConnectionManager - Connection [id: 22][route: {}->http://localhost:12834] can be kept alive indefinitely
11:23:26.317 [Forwarding getElementText on session e0c69731c257b6ddff2517e39521e446 to remote] DEBUG org.apache.http.impl.conn.PoolingHttpClientConnectionManager - Connection released: [id: 22][route: {}->http://localhost:12834][total kept alive: 23; route allocated: 1 of 2000; total allocated: 23 of 2000]
]]></system-out>
  <system-err><![CDATA[Starting ChromeDriver 80.0.3987.106 (f68069574609230cf9b635cd784cfb1bf81bb53a-refs/branch-heads/3987@{#882}) on port 12834
Only local connections are allowed.
Please protect ports used by ChromeDriver and related test frameworks to prevent access by malicious code.
[1585711403.454][WARNING]: FromSockAddr failed on netmask
四月 01, 2020 11:23:23 上午 org.openqa.selenium.remote.ProtocolHandshake createSession
信息: Detected dialect: W3C
[1585711404.210][SEVERE]: Timed out receiving message from renderer: 0.100
[1585711404.311][SEVERE]: Timed out receiving message from renderer: 0.100
[1585711404.434][SEVERE]: Timed out receiving message from renderer: 0.100
[1585711404.536][SEVERE]: Timed out receiving message from renderer: 0.100
[1585711404.637][SEVERE]: Timed out receiving message from renderer: 0.100
[1585711404.738][SEVERE]: Timed out receiving message from renderer: 0.100
[1585711404.839][SEVERE]: Timed out receiving message from renderer: 0.100
[1585711404.940][SEVERE]: Timed out receiving message from renderer: 0.100
[1585711405.041][SEVERE]: Timed out receiving message from renderer: 0.100
[1585711405.331][SEVERE]: Timed out receiving message from renderer: 0.100
[1585711405.432][SEVERE]: Timed out receiving message from renderer: 0.100
[1585711405.629][SEVERE]: Timed out receiving message from renderer: 0.100
[1585711405.731][SEVERE]: Timed out receiving message from renderer: 0.100
[1585711405.833][SEVERE]: Timed out receiving message from renderer: 0.100
[1585711405.934][SEVERE]: Timed out receiving message from renderer: 0.100
]]></system-err>
</testsuite>
